<?xml version="1.0" encoding="UTF-8"?>
<testsuite xmlns:xsi="http://www.w3.org/2001/XMLSchema-instance" xsi:noNamespaceSchemaLocation="https://maven.apache.org/surefire/maven-surefire-plugin/xsd/surefire-test-report-3.0.xsd" version="3.0" name="org.apache.hadoop.fs.ozone.TestOzoneFileSystem" time="408.595" tests="152" errors="0" skipped="0" failures="1">
  <properties>
    <property name="awt.toolkit" value="sun.awt.X11.XToolkit"/>
    <property name="file.encoding.pkg" value="sun.io"/>
    <property name="java.specification.version" value="1.8"/>
    <property name="sun.cpu.isalist" value=""/>
    <property name="sun.jnu.encoding" value="UTF-8"/>
    <property name="java.class.path" value="/home/runner/work/ozone/ozone/hadoop-ozone/integration-test/target/test-classes:/home/runner/work/ozone/ozone/hadoop-ozone/integration-test/target/classes:/home/runner/.m2/repository/org/apache/ozone/ozone-common/1.3.0-SNAPSHOT/ozone-common-1.3.0-SNAPSHOT.jar:/home/runner/.m2/repository/io/grpc/grpc-netty/1.48.1/grpc-netty-1.48.1.jar:/home/runner/.m2/repository/io/grpc/grpc-core/1.48.1/grpc-core-1.48.1.jar:/home/runner/.m2/repository/com/google/android/annotations/4.1.1.4/annotations-4.1.1.4.jar:/home/runner/.m2/repository/org/codehaus/mojo/animal-sniffer-annotations/1.21/animal-sniffer-annotations-1.21.jar:/home/runner/.m2/repository/com/google/errorprone/error_prone_annotations/2.2.0/error_prone_annotations-2.2.0.jar:/home/runner/.m2/repository/io/perfmark/perfmark-api/0.25.0/perfmark-api-0.25.0.jar:/home/runner/.m2/repository/io/netty/netty-codec-http2/4.1.79.Final/netty-codec-http2-4.1.79.Final.jar:/home/runner/.m2/repository/io/netty/netty-common/4.1.79.Final/netty-common-4.1.79.Final.jar:/home/runner/.m2/repository/io/netty/netty-buffer/4.1.79.Final/netty-buffer-4.1.79.Final.jar:/home/runner/.m2/repository/io/netty/netty-codec-http/4.1.79.Final/netty-codec-http-4.1.79.Final.jar:/home/runner/.m2/repository/io/netty/netty-handler-proxy/4.1.79.Final/netty-handler-proxy-4.1.79.Final.jar:/home/runner/.m2/repository/io/netty/netty-codec-socks/4.1.79.Final/netty-codec-socks-4.1.79.Final.jar:/home/runner/.m2/repository/io/netty/netty-tcnative-boringssl-static/2.0.53.Final/netty-tcnative-boringssl-static-2.0.53.Final.jar:/home/runner/.m2/repository/io/netty/netty-tcnative-classes/2.0.53.Final/netty-tcnative-classes-2.0.53.Final.jar:/home/runner/.m2/repository/io/netty/netty-tcnative-boringssl-static/2.0.53.Final/netty-tcnative-boringssl-static-2.0.53.Final-linux-x86_64.jar:/home/runner/.m2/repository/io/netty/netty-tcnative-boringssl-static/2.0.53.Final/netty-tcnative-boringssl-static-2.0.53.Final-linux-aarch_64.jar:/home/runner/.m2/repository/io/netty/netty-tcnative-boringssl-static/2.0.53.Final/netty-tcnative-boringssl-static-2.0.53.Final-osx-x86_64.jar:/home/runner/.m2/repository/io/netty/netty-tcnative-boringssl-static/2.0.53.Final/netty-tcnative-boringssl-static-2.0.53.Final-osx-aarch_64.jar:/home/runner/.m2/repository/io/netty/netty-tcnative-boringssl-static/2.0.53.Final/netty-tcnative-boringssl-static-2.0.53.Final-windows-x86_64.jar:/home/runner/.m2/repository/org/apache/commons/commons-compress/1.21/commons-compress-1.21.jar:/home/runner/.m2/repository/org/apache/ozone/hdds-common/1.3.0-SNAPSHOT/hdds-common-1.3.0-SNAPSHOT.jar:/home/runner/.m2/repository/org/apache/ozone/hdds-client/1.3.0-SNAPSHOT/hdds-client-1.3.0-SNAPSHOT.jar:/home/runner/.m2/repository/org/apache/ozone/ozone-interface-client/1.3.0-SNAPSHOT/ozone-interface-client-1.3.0-SNAPSHOT.jar:/home/runner/.m2/repository/org/apache/ozone/hdds-test-utils/1.3.0-SNAPSHOT/hdds-test-utils-1.3.0-SNAPSHOT.jar:/home/runner/.m2/repository/com/google/guava/guava/31.1-jre/guava-31.1-jre.jar:/home/runner/.m2/repository/com/google/guava/failureaccess/1.0.1/failureaccess-1.0.1.jar:/home/runner/.m2/repository/com/google/guava/listenablefuture/9999.0-empty-to-avoid-conflict-with-guava/listenablefuture-9999.0-empty-to-avoid-conflict-with-guava.jar:/home/runner/.m2/repository/com/google/code/findbugs/jsr305/3.0.0/jsr305-3.0.0.jar:/home/runner/.m2/repository/org/checkerframework/checker-qual/3.12.0/checker-qual-3.12.0.jar:/home/runner/.m2/repository/com/google/j2objc/j2objc-annotations/1.3/j2objc-annotations-1.3.jar:/home/runner/.m2/repository/commons-io/commons-io/2.11.0/commons-io-2.11.0.jar:/home/runner/.m2/repository/commons-logging/commons-logging/1.2/commons-logging-1.2.jar:/home/runner/.m2/repository/ch/qos/reload4j/reload4j/1.2.22/reload4j-1.2.22.jar:/home/runner/.m2/repository/org/slf4j/slf4j-api/1.7.36/slf4j-api-1.7.36.jar:/home/runner/.m2/repository/org/apache/ozone/hdds-server-scm/1.3.0-SNAPSHOT/hdds-server-scm-1.3.0-SNAPSHOT.jar:/home/runner/.m2/repository/org/apache/ozone/hdds-container-service/1.3.0-SNAPSHOT/hdds-container-service-1.3.0-SNAPSHOT.jar:/home/runner/.m2/repository/org/apache/ozone/hdds-hadoop-dependency-server/1.3.0-SNAPSHOT/hdds-hadoop-dependency-server-1.3.0-SNAPSHOT.jar:/home/runner/.m2/repository/org/apache/hadoop/hadoop-hdfs/3.3.1/hadoop-hdfs-3.3.1.jar:/home/runner/.m2/repository/org/eclipse/jetty/jetty-util-ajax/9.4.43.v20210629/jetty-util-ajax-9.4.43.v20210629.jar:/home/runner/.m2/repository/commons-daemon/commons-daemon/1.0.13/commons-daemon-1.0.13.jar:/home/runner/.m2/repository/org/apache/ozone/hdds-server-framework/1.3.0-SNAPSHOT/hdds-server-framework-1.3.0-SNAPSHOT.jar:/home/runner/.m2/repository/org/apache/ozone/hdds-interface-server/1.3.0-SNAPSHOT/hdds-interface-server-1.3.0-SNAPSHOT.jar:/home/runner/.m2/repository/org/apache/logging/log4j/log4j-core/2.17.1/log4j-core-2.17.1.jar:/home/runner/.m2/repository/com/lmax/disruptor/3.4.2/disruptor-3.4.2.jar:/home/runner/.m2/repository/org/eclipse/jetty/jetty-servlet/9.4.43.v20210629/jetty-servlet-9.4.43.v20210629.jar:/home/runner/.m2/repository/org/eclipse/jetty/jetty-security/9.4.43.v20210629/jetty-security-9.4.43.v20210629.jar:/home/runner/.m2/repository/org/rocksdb/rocksdbjni/7.4.5/rocksdbjni-7.4.5.jar:/home/runner/.m2/repository/io/prometheus/simpleclient_dropwizard/0.7.0/simpleclient_dropwizard-0.7.0.jar:/home/runner/.m2/repository/io/prometheus/simpleclient/0.7.0/simpleclient-0.7.0.jar:/home/runner/.m2/repository/io/prometheus/simpleclient_common/0.7.0/simpleclient_common-0.7.0.jar:/home/runner/.m2/repository/io/dropwizard/metrics/metrics-core/3.2.4/metrics-core-3.2.4.jar:/home/runner/.m2/repository/org/apache/hadoop/hadoop-hdfs-client/3.3.1/hadoop-hdfs-client-3.3.1.jar:/home/runner/.m2/repository/org/bouncycastle/bcprov-jdk15on/1.67/bcprov-jdk15on-1.67.jar:/home/runner/.m2/repository/com/google/protobuf/protobuf-java/2.5.0/protobuf-java-2.5.0.jar:/home/runner/.m2/repository/org/apache/ozone/ozone-manager/1.3.0-SNAPSHOT/ozone-manager-1.3.0-SNAPSHOT.jar:/home/runner/.m2/repository/org/aspectj/aspectjrt/1.9.7/aspectjrt-1.9.7.jar:/home/runner/.m2/repository/org/aspectj/aspectjweaver/1.9.7/aspectjweaver-1.9.7.jar:/home/runner/.m2/repository/org/apache/ozone/hdds-interface-client/1.3.0-SNAPSHOT/hdds-interface-client-1.3.0-SNAPSHOT.jar:/home/runner/.m2/repository/org/apache/hadoop/thirdparty/hadoop-shaded-protobuf_3_7/1.1.1/hadoop-shaded-protobuf_3_7-1.1.1.jar:/home/runner/.m2/repository/org/apache/ozone/ozone-interface-storage/1.3.0-SNAPSHOT/ozone-interface-storage-1.3.0-SNAPSHOT.jar:/home/runner/.m2/repository/org/reflections/reflections/0.9.11/reflections-0.9.11.jar:/home/runner/.m2/repository/com/sun/jersey/jersey-client/1.19/jersey-client-1.19.jar:/home/runner/.m2/repository/org/apache/ranger/ranger-intg/2.3.0/ranger-intg-2.3.0.jar:/home/runner/.m2/repository/org/apache/ranger/ranger-plugins-common/2.3.0/ranger-plugins-common-2.3.0.jar:/home/runner/.m2/repository/commons-lang/commons-lang/2.6/commons-lang-2.6.jar:/home/runner/.m2/repository/org/codehaus/jackson/jackson-jaxrs/1.9.13/jackson-jaxrs-1.9.13.jar:/home/runner/.m2/repository/org/apache/ranger/ranger-plugins-cred/2.3.0/ranger-plugins-cred-2.3.0.jar:/home/runner/.m2/repository/org/apache/ranger/ranger-plugins-audit/2.3.0/ranger-plugins-audit-2.3.0.jar:/home/runner/.m2/repository/org/eclipse/jetty/jetty-client/9.4.31.v20200723/jetty-client-9.4.31.v20200723.jar:/home/runner/.m2/repository/org/apache/httpcomponents/httpmime/4.5.6/httpmime-4.5.6.jar:/home/runner/.m2/repository/org/apache/httpcomponents/httpcore-nio/4.4.6/httpcore-nio-4.4.6.jar:/home/runner/.m2/repository/org/apache/httpcomponents/httpasyncclient/4.1.3/httpasyncclient-4.1.3.jar:/home/runner/.m2/repository/com/carrotsearch/hppc/0.8.0/hppc-0.8.0.jar:/home/runner/.m2/repository/org/apache/orc/orc-core/1.5.8/orc-core-1.5.8.jar:/home/runner/.m2/repository/net/java/dev/jna/jna/5.2.0/jna-5.2.0.jar:/home/runner/.m2/repository/net/java/dev/jna/jna-platform/5.2.0/jna-platform-5.2.0.jar:/home/runner/.m2/repository/com/kstruct/gethostname4j/0.0.2/gethostname4j-0.0.2.jar:/home/runner/.m2/repository/org/apache/ranger/ranger-plugin-classloader/2.3.0/ranger-plugin-classloader-2.3.0.jar:/home/runner/.m2/repository/org/apache/hadoop/hadoop-minikdc/3.3.1/hadoop-minikdc-3.3.1.jar:/home/runner/.m2/repository/org/apache/kerby/kerb-simplekdc/1.0.1/kerb-simplekdc-1.0.1.jar:/home/runner/.m2/repository/org/apache/kerby/kerb-client/1.0.1/kerb-client-1.0.1.jar:/home/runner/.m2/repository/org/apache/kerby/kerby-config/1.0.1/kerby-config-1.0.1.jar:/home/runner/.m2/repository/org/apache/kerby/kerb-common/1.0.1/kerb-common-1.0.1.jar:/home/runner/.m2/repository/org/apache/kerby/kerb-crypto/1.0.1/kerb-crypto-1.0.1.jar:/home/runner/.m2/repository/org/apache/kerby/kerb-util/1.0.1/kerb-util-1.0.1.jar:/home/runner/.m2/repository/org/apache/kerby/token-provider/1.0.1/token-provider-1.0.1.jar:/home/runner/.m2/repository/org/apache/kerby/kerb-admin/1.0.1/kerb-admin-1.0.1.jar:/home/runner/.m2/repository/org/apache/kerby/kerb-server/1.0.1/kerb-server-1.0.1.jar:/home/runner/.m2/repository/org/apache/kerby/kerb-identity/1.0.1/kerb-identity-1.0.1.jar:/home/runner/.m2/repository/org/apache/kerby/kerby-xdr/1.0.1/kerby-xdr-1.0.1.jar:/home/runner/.m2/repository/org/apache/ozone/ozone-s3gateway/1.3.0-SNAPSHOT/ozone-s3gateway-1.3.0-SNAPSHOT.jar:/home/runner/.m2/repository/org/javassist/javassist/3.21.0-GA/javassist-3.21.0-GA.jar:/home/runner/.m2/repository/org/jboss/weld/servlet/weld-servlet/2.4.7.Final/weld-servlet-2.4.7.Final.jar:/home/runner/.m2/repository/org/glassfish/jersey/containers/jersey-container-servlet-core/2.34/jersey-container-servlet-core-2.34.jar:/home/runner/.m2/repository/org/glassfish/hk2/external/jakarta.inject/2.6.1/jakarta.inject-2.6.1.jar:/home/runner/.m2/repository/org/glassfish/jersey/core/jersey-common/2.34/jersey-common-2.34.jar:/home/runner/.m2/repository/jakarta/ws/rs/jakarta.ws.rs-api/2.1.6/jakarta.ws.rs-api-2.1.6.jar:/home/runner/.m2/repository/org/glassfish/jersey/ext/cdi/jersey-cdi1x/2.34/jersey-cdi1x-2.34.jar:/home/runner/.m2/repository/org/glassfish/jersey/inject/jersey-hk2/2.34/jersey-hk2-2.34.jar:/home/runner/.m2/repository/org/glassfish/hk2/hk2-locator/2.6.1/hk2-locator-2.6.1.jar:/home/runner/.m2/repository/org/glassfish/jersey/media/jersey-media-jaxb/2.34/jersey-media-jaxb-2.34.jar:/home/runner/.m2/repository/org/glassfish/hk2/osgi-resource-locator/1.0.3/osgi-resource-locator-1.0.3.jar:/home/runner/.m2/repository/org/glassfish/hk2/hk2-api/2.5.0/hk2-api-2.5.0.jar:/home/runner/.m2/repository/org/glassfish/hk2/hk2-utils/2.5.0/hk2-utils-2.5.0.jar:/home/runner/.m2/repository/org/glassfish/hk2/external/aopalliance-repackaged/2.5.0/aopalliance-repackaged-2.5.0.jar:/home/runner/.m2/repository/com/fasterxml/jackson/dataformat/jackson-dataformat-xml/2.13.2/jackson-dataformat-xml-2.13.2.jar:/home/runner/.m2/repository/com/fasterxml/jackson/core/jackson-core/2.13.2/jackson-core-2.13.2.jar:/home/runner/.m2/repository/org/codehaus/woodstox/stax2-api/3.1.4/stax2-api-3.1.4.jar:/home/runner/.m2/repository/com/fasterxml/woodstox/woodstox-core/5.0.3/woodstox-core-5.0.3.jar:/home/runner/.m2/repository/com/fasterxml/jackson/module/jackson-module-jaxb-annotations/2.13.2/jackson-module-jaxb-annotations-2.13.2.jar:/home/runner/.m2/repository/jakarta/xml/bind/jakarta.xml.bind-api/2.3.3/jakarta.xml.bind-api-2.3.3.jar:/home/runner/.m2/repository/jakarta/activation/jakarta.activation-api/1.2.1/jakarta.activation-api-1.2.1.jar:/home/runner/.m2/repository/javax/enterprise/cdi-api/1.2/cdi-api-1.2.jar:/home/runner/.m2/repository/javax/el/javax.el-api/3.0.0/javax.el-api-3.0.0.jar:/home/runner/.m2/repository/javax/interceptor/javax.interceptor-api/1.2/javax.interceptor-api-1.2.jar:/home/runner/.m2/repository/javax/inject/javax.inject/1/javax.inject-1.jar:/home/runner/.m2/repository/javax/xml/bind/jaxb-api/2.3.0/jaxb-api-2.3.0.jar:/home/runner/.m2/repository/org/glassfish/jaxb/jaxb-runtime/2.3.0.1/jaxb-runtime-2.3.0.1.jar:/home/runner/.m2/repository/org/glassfish/jaxb/jaxb-core/2.3.0.1/jaxb-core-2.3.0.1.jar:/home/runner/.m2/repository/org/glassfish/jaxb/txw2/2.3.0.1/txw2-2.3.0.1.jar:/home/runner/.m2/repository/com/sun/istack/istack-commons-runtime/3.0.5/istack-commons-runtime-3.0.5.jar:/home/runner/.m2/repository/org/jvnet/staxex/stax-ex/1.7.8/stax-ex-1.7.8.jar:/home/runner/.m2/repository/com/sun/xml/fastinfoset/FastInfoset/1.2.13/FastInfoset-1.2.13.jar:/home/runner/.m2/repository/javax/activation/activation/1.1.1/activation-1.1.1.jar:/home/runner/.m2/repository/io/grpc/grpc-protobuf/1.48.1/grpc-protobuf-1.48.1.jar:/home/runner/.m2/repository/io/grpc/grpc-api/1.48.1/grpc-api-1.48.1.jar:/home/runner/.m2/repository/io/grpc/grpc-context/1.48.1/grpc-context-1.48.1.jar:/home/runner/.m2/repository/com/google/api/grpc/proto-google-common-protos/2.9.0/proto-google-common-protos-2.9.0.jar:/home/runner/.m2/repository/io/grpc/grpc-protobuf-lite/1.48.1/grpc-protobuf-lite-1.48.1.jar:/home/runner/.m2/repository/io/grpc/grpc-stub/1.48.1/grpc-stub-1.48.1.jar:/home/runner/.m2/repository/io/netty/netty-transport/4.1.79.Final/netty-transport-4.1.79.Final.jar:/home/runner/.m2/repository/io/netty/netty-resolver/4.1.79.Final/netty-resolver-4.1.79.Final.jar:/home/runner/.m2/repository/org/apache/ozone/ozone-csi/1.3.0-SNAPSHOT/ozone-csi-1.3.0-SNAPSHOT.jar:/home/runner/.m2/repository/com/google/protobuf/protobuf-java-util/3.19.2/protobuf-java-util-3.19.2.jar:/home/runner/.m2/repository/com/google/code/gson/gson/2.9.0/gson-2.9.0.jar:/home/runner/.m2/repository/org/apache/ozone/hdds-config/1.3.0-SNAPSHOT/hdds-config-1.3.0-SNAPSHOT.jar:/home/runner/.m2/repository/io/netty/netty-transport-native-epoll/4.1.79.Final/netty-transport-native-epoll-4.1.79.Final-linux-x86_64.jar:/home/runner/.m2/repository/io/netty/netty-transport-classes-epoll/4.1.79.Final/netty-transport-classes-epoll-4.1.79.Final.jar:/home/runner/.m2/repository/io/netty/netty-transport-native-unix-common/4.1.79.Final/netty-transport-native-unix-common-4.1.79.Final.jar:/home/runner/.m2/repository/org/slf4j/slf4j-reload4j/1.7.36/slf4j-reload4j-1.7.36.jar:/home/runner/.m2/repository/org/apache/ozone/ozone-recon/1.3.0-SNAPSHOT/ozone-recon-1.3.0-SNAPSHOT.jar:/home/runner/.m2/repository/org/apache/ozone/ozone-reconcodegen/1.3.0-SNAPSHOT/ozone-reconcodegen-1.3.0-SNAPSHOT.jar:/home/runner/.m2/repository/com/google/inject/extensions/guice-multibindings/4.0/guice-multibindings-4.0.jar:/home/runner/.m2/repository/com/google/inject/guice/4.0/guice-4.0.jar:/home/runner/.m2/repository/aopalliance/aopalliance/1.0/aopalliance-1.0.jar:/home/runner/.m2/repository/com/google/inject/extensions/guice-assistedinject/4.0/guice-assistedinject-4.0.jar:/home/runner/.m2/repository/com/google/inject/extensions/guice-servlet/4.0/guice-servlet-4.0.jar:/home/runner/.m2/repository/org/glassfish/jersey/containers/jersey-container-servlet/2.34/jersey-container-servlet-2.34.jar:/home/runner/.m2/repository/org/glassfish/hk2/guice-bridge/2.5.0/guice-bridge-2.5.0.jar:/home/runner/.m2/repository/org/glassfish/jersey/core/jersey-server/2.34/jersey-server-2.34.jar:/home/runner/.m2/repository/org/glassfish/jersey/core/jersey-client/2.34/jersey-client-2.34.jar:/home/runner/.m2/repository/jakarta/annotation/jakarta.annotation-api/1.3.5/jakarta.annotation-api-1.3.5.jar:/home/runner/.m2/repository/jakarta/validation/jakarta.validation-api/2.0.2/jakarta.validation-api-2.0.2.jar:/home/runner/.m2/repository/org/glassfish/jersey/media/jersey-media-json-jackson/2.34/jersey-media-json-jackson-2.34.jar:/home/runner/.m2/repository/org/glassfish/jersey/ext/jersey-entity-filtering/2.34/jersey-entity-filtering-2.34.jar:/home/runner/.m2/repository/org/jooq/jooq/3.11.10/jooq-3.11.10.jar:/home/runner/.m2/repository/org/jooq/jooq-meta/3.11.10/jooq-meta-3.11.10.jar:/home/runner/.m2/repository/org/jooq/jooq-codegen/3.11.10/jooq-codegen-3.11.10.jar:/home/runner/.m2/repository/com/jolbox/bonecp/0.8.0.RELEASE/bonecp-0.8.0.RELEASE.jar:/home/runner/.m2/repository/org/apache/derby/derby/10.14.2.0/derby-10.14.2.0.jar:/home/runner/.m2/repository/org/xerial/sqlite-jdbc/3.25.2/sqlite-jdbc-3.25.2.jar:/home/runner/.m2/repository/org/springframework/spring-jdbc/5.2.20.RELEASE/spring-jdbc-5.2.20.RELEASE.jar:/home/runner/.m2/repository/org/springframework/spring-beans/5.2.20.RELEASE/spring-beans-5.2.20.RELEASE.jar:/home/runner/.m2/repository/org/springframework/spring-core/5.2.20.RELEASE/spring-core-5.2.20.RELEASE.jar:/home/runner/.m2/repository/org/springframework/spring-jcl/5.2.20.RELEASE/spring-jcl-5.2.20.RELEASE.jar:/home/runner/.m2/repository/org/springframework/spring-tx/5.2.20.RELEASE/spring-tx-5.2.20.RELEASE.jar:/home/runner/.m2/repository/org/apache/ozone/ozone-client/1.3.0-SNAPSHOT/ozone-client-1.3.0-SNAPSHOT.jar:/home/runner/.m2/repository/org/apache/ozone/hdds-erasurecode/1.3.0-SNAPSHOT/hdds-erasurecode-1.3.0-SNAPSHOT.jar:/home/runner/.m2/repository/com/github/spotbugs/spotbugs-annotations/3.1.12/spotbugs-annotations-3.1.12.jar:/home/runner/.m2/repository/org/apache/ozone/ozone-filesystem/1.3.0-SNAPSHOT/ozone-filesystem-1.3.0-SNAPSHOT.jar:/home/runner/.m2/repository/org/apache/ozone/ozone-filesystem-common/1.3.0-SNAPSHOT/ozone-filesystem-common-1.3.0-SNAPSHOT.jar:/home/runner/.m2/repository/org/apache/ozone/ozone-tools/1.3.0-SNAPSHOT/ozone-tools-1.3.0-SNAPSHOT.jar:/home/runner/.m2/repository/org/apache/ratis/ratis-tools/2.3.0/ratis-tools-2.3.0.jar:/home/runner/.m2/repository/com/amazonaws/aws-java-sdk-core/1.12.261/aws-java-sdk-core-1.12.261.jar:/home/runner/.m2/repository/org/apache/httpcomponents/httpclient/4.5.13/httpclient-4.5.13.jar:/home/runner/.m2/repository/org/apache/httpcomponents/httpcore/4.4.13/httpcore-4.4.13.jar:/home/runner/.m2/repository/software/amazon/ion/ion-java/1.0.2/ion-java-1.0.2.jar:/home/runner/.m2/repository/com/fasterxml/jackson/dataformat/jackson-dataformat-cbor/2.13.2/jackson-dataformat-cbor-2.13.2.jar:/home/runner/.m2/repository/joda-time/joda-time/2.8.1/joda-time-2.8.1.jar:/home/runner/.m2/repository/com/amazonaws/aws-java-sdk-s3/1.12.261/aws-java-sdk-s3-1.12.261.jar:/home/runner/.m2/repository/com/amazonaws/aws-java-sdk-kms/1.12.261/aws-java-sdk-kms-1.12.261.jar:/home/runner/.m2/repository/com/amazonaws/jmespath-java/1.12.261/jmespath-java-1.12.261.jar:/home/runner/.m2/repository/org/kohsuke/metainf-services/metainf-services/1.8/metainf-services-1.8.jar:/home/runner/.m2/repository/org/apache/ozone/hdds-tools/1.3.0-SNAPSHOT/hdds-tools-1.3.0-SNAPSHOT.jar:/home/runner/.m2/repository/commons-cli/commons-cli/1.2/commons-cli-1.2.jar:/home/runner/.m2/repository/org/apache/commons/commons-lang3/3.7/commons-lang3-3.7.jar:/home/runner/.m2/repository/org/apache/ozone/ozone-manager/1.3.0-SNAPSHOT/ozone-manager-1.3.0-SNAPSHOT-tests.jar:/home/runner/.m2/repository/org/apache/ozone/hdds-common/1.3.0-SNAPSHOT/hdds-common-1.3.0-SNAPSHOT-tests.jar:/home/runner/.m2/repository/org/apache/ozone/hdds-hadoop-dependency-client/1.3.0-SNAPSHOT/hdds-hadoop-dependency-client-1.3.0-SNAPSHOT.jar:/home/runner/.m2/repository/info/picocli/picocli/4.6.1/picocli-4.6.1.jar:/home/runner/.m2/repository/com/fasterxml/jackson/core/jackson-annotations/2.13.2/jackson-annotations-2.13.2.jar:/home/runner/.m2/repository/com/fasterxml/jackson/datatype/jackson-datatype-jsr310/2.13.2/jackson-datatype-jsr310-2.13.2.jar:/home/runner/.m2/repository/org/apache/ozone/hdds-annotation-processing/1.3.0-SNAPSHOT/hdds-annotation-processing-1.3.0-SNAPSHOT.jar:/home/runner/.m2/repository/javax/annotation/javax.annotation-api/1.2/javax.annotation-api-1.2.jar:/home/runner/.m2/repository/org/apache/ratis/ratis-server/2.3.0/ratis-server-2.3.0.jar:/home/runner/.m2/repository/org/apache/ratis/ratis-client/2.3.0/ratis-client-2.3.0.jar:/home/runner/.m2/repository/org/apache/ratis/ratis-server-api/2.3.0/ratis-server-api-2.3.0.jar:/home/runner/.m2/repository/org/apache/ratis/ratis-metrics/2.3.0/ratis-metrics-2.3.0.jar:/home/runner/.m2/repository/org/apache/ratis/ratis-netty/2.3.0/ratis-netty-2.3.0.jar:/home/runner/.m2/repository/org/apache/ratis/ratis-grpc/2.3.0/ratis-grpc-2.3.0.jar:/home/runner/.m2/repository/org/apache/logging/log4j/log4j-api/2.17.1/log4j-api-2.17.1.jar:/home/runner/.m2/repository/org/apache/commons/commons-pool2/2.6.0/commons-pool2-2.6.0.jar:/home/runner/.m2/repository/org/bouncycastle/bcpkix-jdk15on/1.67/bcpkix-jdk15on-1.67.jar:/home/runner/.m2/repository/commons-validator/commons-validator/1.6/commons-validator-1.6.jar:/home/runner/.m2/repository/commons-beanutils/commons-beanutils/1.9.4/commons-beanutils-1.9.4.jar:/home/runner/.m2/repository/commons-digester/commons-digester/1.8.1/commons-digester-1.8.1.jar:/home/runner/.m2/repository/commons-collections/commons-collections/3.2.2/commons-collections-3.2.2.jar:/home/runner/.m2/repository/io/jaegertracing/jaeger-client/1.6.0/jaeger-client-1.6.0.jar:/home/runner/.m2/repository/io/jaegertracing/jaeger-thrift/1.6.0/jaeger-thrift-1.6.0.jar:/home/runner/.m2/repository/org/apache/thrift/libthrift/0.14.1/libthrift-0.14.1.jar:/home/runner/.m2/repository/com/squareup/okhttp3/okhttp/4.9.0/okhttp-4.9.0.jar:/home/runner/.m2/repository/com/squareup/okio/okio/2.8.0/okio-2.8.0.jar:/home/runner/.m2/repository/io/jaegertracing/jaeger-core/1.6.0/jaeger-core-1.6.0.jar:/home/runner/.m2/repository/io/jaegertracing/jaeger-tracerresolver/1.6.0/jaeger-tracerresolver-1.6.0.jar:/home/runner/.m2/repository/io/opentracing/contrib/opentracing-tracerresolver/0.1.8/opentracing-tracerresolver-0.1.8.jar:/home/runner/.m2/repository/org/jetbrains/kotlin/kotlin-stdlib/1.6.21/kotlin-stdlib-1.6.21.jar:/home/runner/.m2/repository/org/jetbrains/kotlin/kotlin-stdlib-common/1.6.21/kotlin-stdlib-common-1.6.21.jar:/home/runner/.m2/repository/org/jetbrains/annotations/13.0/annotations-13.0.jar:/home/runner/.m2/repository/io/opentracing/opentracing-util/0.33.0/opentracing-util-0.33.0.jar:/home/runner/.m2/repository/io/opentracing/opentracing-api/0.33.0/opentracing-api-0.33.0.jar:/home/runner/.m2/repository/io/opentracing/opentracing-noop/0.33.0/opentracing-noop-0.33.0.jar:/home/runner/.m2/repository/org/yaml/snakeyaml/1.32/snakeyaml-1.32.jar:/home/runner/.m2/repository/org/apache/ozone/hdds-interface-admin/1.3.0-SNAPSHOT/hdds-interface-admin-1.3.0-SNAPSHOT.jar:/home/runner/.m2/repository/junit/junit/4.13.1/junit-4.13.1.jar:/home/runner/.m2/repository/org/hamcrest/hamcrest-core/1.3/hamcrest-core-1.3.jar:/home/runner/.m2/repository/org/junit/jupiter/junit-jupiter-api/5.8.2/junit-jupiter-api-5.8.2.jar:/home/runner/.m2/repository/org/opentest4j/opentest4j/1.2.0/opentest4j-1.2.0.jar:/home/runner/.m2/repository/org/junit/platform/junit-platform-commons/1.8.2/junit-platform-commons-1.8.2.jar:/home/runner/.m2/repository/org/apiguardian/apiguardian-api/1.1.2/apiguardian-api-1.1.2.jar:/home/runner/.m2/repository/org/junit/jupiter/junit-jupiter-params/5.8.2/junit-jupiter-params-5.8.2.jar:/home/runner/.m2/repository/org/junit/jupiter/junit-jupiter-migrationsupport/5.8.2/junit-jupiter-migrationsupport-5.8.2.jar:/home/runner/.m2/repository/org/junit/jupiter/junit-jupiter-engine/5.8.2/junit-jupiter-engine-5.8.2.jar:/home/runner/.m2/repository/org/junit/platform/junit-platform-engine/1.8.2/junit-platform-engine-1.8.2.jar:/home/runner/.m2/repository/org/junit/vintage/junit-vintage-engine/5.8.2/junit-vintage-engine-5.8.2.jar:/home/runner/.m2/repository/org/junit/platform/junit-platform-launcher/1.8.2/junit-platform-launcher-1.8.2.jar:/home/runner/.m2/repository/org/mockito/mockito-core/2.28.2/mockito-core-2.28.2.jar:/home/runner/.m2/repository/net/bytebuddy/byte-buddy/1.9.10/byte-buddy-1.9.10.jar:/home/runner/.m2/repository/net/bytebuddy/byte-buddy-agent/1.9.10/byte-buddy-agent-1.9.10.jar:/home/runner/.m2/repository/org/objenesis/objenesis/1.0/objenesis-1.0.jar:/home/runner/.m2/repository/org/apache/hadoop/hadoop-kms/3.3.1/hadoop-kms-3.3.1.jar:/home/runner/.m2/repository/org/apache/hadoop/hadoop-auth/3.3.1/hadoop-auth-3.3.1.jar:/home/runner/.m2/repository/com/nimbusds/nimbus-jose-jwt/7.9/nimbus-jose-jwt-7.9.jar:/home/runner/.m2/repository/com/github/stephenc/jcip/jcip-annotations/1.0-1/jcip-annotations-1.0-1.jar:/home/runner/.m2/repository/net/minidev/json-smart/2.4.7/json-smart-2.4.7.jar:/home/runner/.m2/repository/net/minidev/accessors-smart/2.4.7/accessors-smart-2.4.7.jar:/home/runner/.m2/repository/org/ow2/asm/asm/5.0.4/asm-5.0.4.jar:/home/runner/.m2/repository/org/apache/zookeeper/zookeeper/3.5.6/zookeeper-3.5.6.jar:/home/runner/.m2/repository/org/apache/zookeeper/zookeeper-jute/3.5.6/zookeeper-jute-3.5.6.jar:/home/runner/.m2/repository/org/apache/yetus/audience-annotations/0.5.0/audience-annotations-0.5.0.jar:/home/runner/.m2/repository/org/apache/curator/curator-framework/4.2.0/curator-framework-4.2.0.jar:/home/runner/.m2/repository/org/apache/hadoop/thirdparty/hadoop-shaded-guava/1.1.1/hadoop-shaded-guava-1.1.1.jar:/home/runner/.m2/repository/com/sun/jersey/jersey-core/1.19/jersey-core-1.19.jar:/home/runner/.m2/repository/javax/ws/rs/jsr311-api/1.1.1/jsr311-api-1.1.1.jar:/home/runner/.m2/repository/com/sun/jersey/jersey-server/1.19/jersey-server-1.19.jar:/home/runner/.m2/repository/javax/servlet/javax.servlet-api/3.1.0/javax.servlet-api-3.1.0.jar:/home/runner/.m2/repository/org/eclipse/jetty/jetty-server/9.4.43.v20210629/jetty-server-9.4.43.v20210629.jar:/home/runner/.m2/repository/org/eclipse/jetty/jetty-http/9.4.43.v20210629/jetty-http-9.4.43.v20210629.jar:/home/runner/.m2/repository/org/eclipse/jetty/jetty-io/9.4.43.v20210629/jetty-io-9.4.43.v20210629.jar:/home/runner/.m2/repository/org/eclipse/jetty/jetty-webapp/9.4.43.v20210629/jetty-webapp-9.4.43.v20210629.jar:/home/runner/.m2/repository/org/eclipse/jetty/jetty-xml/9.4.43.v20210629/jetty-xml-9.4.43.v20210629.jar:/home/runner/.m2/repository/org/apache/hadoop/hadoop-common/3.3.1/hadoop-common-3.3.1.jar:/home/runner/.m2/repository/org/apache/commons/commons-math3/3.1.1/commons-math3-3.1.1.jar:/home/runner/.m2/repository/commons-net/commons-net/3.6/commons-net-3.6.jar:/home/runner/.m2/repository/com/sun/jersey/jersey-servlet/1.19/jersey-servlet-1.19.jar:/home/runner/.m2/repository/com/sun/jersey/jersey-json/1.19/jersey-json-1.19.jar:/home/runner/.m2/repository/org/codehaus/jettison/jettison/1.1/jettison-1.1.jar:/home/runner/.m2/repository/com/sun/xml/bind/jaxb-impl/2.2.3-1/jaxb-impl-2.2.3-1.jar:/home/runner/.m2/repository/org/codehaus/jackson/jackson-xc/1.9.2/jackson-xc-1.9.2.jar:/home/runner/.m2/repository/org/apache/commons/commons-configuration2/2.1.1/commons-configuration2-2.1.1.jar:/home/runner/.m2/repository/org/apache/commons/commons-text/1.4/commons-text-1.4.jar:/home/runner/.m2/repository/com/google/re2j/re2j/1.1/re2j-1.1.jar:/home/runner/.m2/repository/com/jcraft/jsch/0.1.54/jsch-0.1.54.jar:/home/runner/.m2/repository/org/apache/curator/curator-client/4.2.0/curator-client-4.2.0.jar:/home/runner/.m2/repository/org/apache/curator/curator-recipes/4.2.0/curator-recipes-4.2.0.jar:/home/runner/.m2/repository/org/apache/htrace/htrace-core4/4.1.0-incubating/htrace-core4-4.1.0-incubating.jar:/home/runner/.m2/repository/org/apache/kerby/kerb-core/1.0.1/kerb-core-1.0.1.jar:/home/runner/.m2/repository/org/apache/kerby/kerby-pkix/1.0.1/kerby-pkix-1.0.1.jar:/home/runner/.m2/repository/org/apache/kerby/kerby-asn1/1.0.1/kerby-asn1-1.0.1.jar:/home/runner/.m2/repository/org/apache/kerby/kerby-util/1.0.1/kerby-util-1.0.1.jar:/home/runner/.m2/repository/dnsjava/dnsjava/2.1.7/dnsjava-2.1.7.jar:/home/runner/.m2/repository/org/xerial/snappy/snappy-java/1.1.8.2/snappy-java-1.1.8.2.jar:/home/runner/.m2/repository/org/eclipse/jetty/jetty-util/9.4.43.v20210629/jetty-util-9.4.43.v20210629.jar:/home/runner/.m2/repository/com/fasterxml/jackson/core/jackson-databind/2.13.2.2/jackson-databind-2.13.2.2.jar:/home/runner/.m2/repository/org/apache/hadoop/hadoop-kms/3.3.1/hadoop-kms-3.3.1-tests.jar:/home/runner/.m2/repository/org/apache/ozone/hdds-server-scm/1.3.0-SNAPSHOT/hdds-server-scm-1.3.0-SNAPSHOT-tests.jar:/home/runner/.m2/repository/org/apache/ozone/hdds-container-service/1.3.0-SNAPSHOT/hdds-container-service-1.3.0-SNAPSHOT-tests.jar:/home/runner/.m2/repository/commons-codec/commons-codec/1.11/commons-codec-1.11.jar:/home/runner/.m2/repository/io/netty/netty-codec/4.1.79.Final/netty-codec-4.1.79.Final.jar:/home/runner/.m2/repository/io/netty/netty-handler/4.1.79.Final/netty-handler-4.1.79.Final.jar:/home/runner/.m2/repository/org/apache/ozone/hdds-hadoop-dependency-test/1.3.0-SNAPSHOT/hdds-hadoop-dependency-test-1.3.0-SNAPSHOT.jar:/home/runner/.m2/repository/org/apache/hadoop/hadoop-common/3.3.1/hadoop-common-3.3.1-tests.jar:/home/runner/.m2/repository/org/apache/hadoop/hadoop-hdfs/3.3.1/hadoop-hdfs-3.3.1-tests.jar:/home/runner/.m2/repository/org/assertj/assertj-core/3.12.2/assertj-core-3.12.2.jar:/home/runner/.m2/repository/org/apache/hadoop/hadoop-distcp/3.3.1/hadoop-distcp-3.3.1.jar:/home/runner/.m2/repository/org/apache/hadoop/hadoop-mapreduce-client-jobclient/3.3.1/hadoop-mapreduce-client-jobclient-3.3.1.jar:/home/runner/.m2/repository/org/apache/hadoop/hadoop-mapreduce-client-common/3.3.1/hadoop-mapreduce-client-common-3.3.1.jar:/home/runner/.m2/repository/org/apache/hadoop/hadoop-yarn-common/3.3.1/hadoop-yarn-common-3.3.1.jar:/home/runner/.m2/repository/org/apache/hadoop/hadoop-yarn-api/3.3.1/hadoop-yarn-api-3.3.1.jar:/home/runner/.m2/repository/com/sun/jersey/contribs/jersey-guice/1.19/jersey-guice-1.19.jar:/home/runner/.m2/repository/com/fasterxml/jackson/jaxrs/jackson-jaxrs-json-provider/2.13.2/jackson-jaxrs-json-provider-2.13.2.jar:/home/runner/.m2/repository/com/fasterxml/jackson/jaxrs/jackson-jaxrs-base/2.13.2/jackson-jaxrs-base-2.13.2.jar:/home/runner/.m2/repository/org/apache/hadoop/hadoop-yarn-client/3.3.1/hadoop-yarn-client-3.3.1.jar:/home/runner/.m2/repository/org/eclipse/jetty/websocket/websocket-client/9.4.40.v20210413/websocket-client-9.4.40.v20210413.jar:/home/runner/.m2/repository/org/eclipse/jetty/websocket/websocket-common/9.4.40.v20210413/websocket-common-9.4.40.v20210413.jar:/home/runner/.m2/repository/org/eclipse/jetty/websocket/websocket-api/9.4.40.v20210413/websocket-api-9.4.40.v20210413.jar:/home/runner/.m2/repository/org/jline/jline/3.9.0/jline-3.9.0.jar:/home/runner/.m2/repository/org/apache/hadoop/hadoop-mapreduce-client-core/3.3.1/hadoop-mapreduce-client-core-3.3.1.jar:/home/runner/.m2/repository/org/apache/avro/avro/1.7.7/avro-1.7.7.jar:/home/runner/.m2/repository/org/codehaus/jackson/jackson-core-asl/1.9.13/jackson-core-asl-1.9.13.jar:/home/runner/.m2/repository/org/codehaus/jackson/jackson-mapper-asl/1.9.13/jackson-mapper-asl-1.9.13.jar:/home/runner/.m2/repository/com/thoughtworks/paranamer/paranamer/2.3/paranamer-2.3.jar:/home/runner/.m2/repository/org/apache/hadoop/hadoop-annotations/3.3.1/hadoop-annotations-3.3.1.jar:/opt/hostedtoolcache/jdk/8.0.345/x64/jre/../lib/tools.jar:/home/runner/.m2/repository/io/netty/netty/3.10.6.Final/netty-3.10.6.Final.jar:/home/runner/.m2/repository/org/apache/hadoop/hadoop-distcp/3.3.1/hadoop-distcp-3.3.1-tests.jar:/home/runner/.m2/repository/org/slf4j/jul-to-slf4j/1.7.36/jul-to-slf4j-1.7.36.jar:/home/runner/.m2/repository/org/apache/ratis/ratis-common/2.3.0/ratis-common-2.3.0.jar:/home/runner/.m2/repository/org/apache/ratis/ratis-thirdparty-misc/1.0.0/ratis-thirdparty-misc-1.0.0.jar:/home/runner/.m2/repository/org/apache/ratis/ratis-proto/2.3.0/ratis-proto-2.3.0.jar:"/>
    <property name="java.vm.vendor" value="Azul Systems, Inc."/>
    <property name="sun.arch.data.model" value="64"/>
    <property name="test.build.dir" value="/home/runner/work/ozone/ozone/hadoop-ozone/integration-test/target/test-dir"/>
    <property name="test.cache.data" value=""/>
    <property name="java.vendor.url" value="http://www.azul.com/"/>
    <property name="user.timezone" value="Etc/UTC"/>
    <property name="java.vm.specification.version" value="1.8"/>
    <property name="os.name" value="Linux"/>
    <property name="test.build.data" value="/home/runner/work/ozone/ozone/hadoop-ozone/integration-test/target/test-dir"/>
    <property name="sun.java.launcher" value="SUN_STANDARD"/>
    <property name="sun.boot.library.path" value="/opt/hostedtoolcache/jdk/8.0.345/x64/jre/lib/amd64"/>
    <property name="sun.java.command" value="/home/runner/work/ozone/ozone/hadoop-ozone/integration-test/target/surefire/surefirebooter5288203996052273974.jar /home/runner/work/ozone/ozone/hadoop-ozone/integration-test/target/surefire 2022-09-28T15-42-40_367-jvmRun1 surefire5192634235605646828tmp surefire_84836804406057538890tmp"/>
    <property name="surefire.test.class.path" value="/home/runner/work/ozone/ozone/hadoop-ozone/integration-test/target/test-classes:/home/runner/work/ozone/ozone/hadoop-ozone/integration-test/target/classes:/home/runner/.m2/repository/org/apache/ozone/ozone-common/1.3.0-SNAPSHOT/ozone-common-1.3.0-SNAPSHOT.jar:/home/runner/.m2/repository/io/grpc/grpc-netty/1.48.1/grpc-netty-1.48.1.jar:/home/runner/.m2/repository/io/grpc/grpc-core/1.48.1/grpc-core-1.48.1.jar:/home/runner/.m2/repository/com/google/android/annotations/4.1.1.4/annotations-4.1.1.4.jar:/home/runner/.m2/repository/org/codehaus/mojo/animal-sniffer-annotations/1.21/animal-sniffer-annotations-1.21.jar:/home/runner/.m2/repository/com/google/errorprone/error_prone_annotations/2.2.0/error_prone_annotations-2.2.0.jar:/home/runner/.m2/repository/io/perfmark/perfmark-api/0.25.0/perfmark-api-0.25.0.jar:/home/runner/.m2/repository/io/netty/netty-codec-http2/4.1.79.Final/netty-codec-http2-4.1.79.Final.jar:/home/runner/.m2/repository/io/netty/netty-common/4.1.79.Final/netty-common-4.1.79.Final.jar:/home/runner/.m2/repository/io/netty/netty-buffer/4.1.79.Final/netty-buffer-4.1.79.Final.jar:/home/runner/.m2/repository/io/netty/netty-codec-http/4.1.79.Final/netty-codec-http-4.1.79.Final.jar:/home/runner/.m2/repository/io/netty/netty-handler-proxy/4.1.79.Final/netty-handler-proxy-4.1.79.Final.jar:/home/runner/.m2/repository/io/netty/netty-codec-socks/4.1.79.Final/netty-codec-socks-4.1.79.Final.jar:/home/runner/.m2/repository/io/netty/netty-tcnative-boringssl-static/2.0.53.Final/netty-tcnative-boringssl-static-2.0.53.Final.jar:/home/runner/.m2/repository/io/netty/netty-tcnative-classes/2.0.53.Final/netty-tcnative-classes-2.0.53.Final.jar:/home/runner/.m2/repository/io/netty/netty-tcnative-boringssl-static/2.0.53.Final/netty-tcnative-boringssl-static-2.0.53.Final-linux-x86_64.jar:/home/runner/.m2/repository/io/netty/netty-tcnative-boringssl-static/2.0.53.Final/netty-tcnative-boringssl-static-2.0.53.Final-linux-aarch_64.jar:/home/runner/.m2/repository/io/netty/netty-tcnative-boringssl-static/2.0.53.Final/netty-tcnative-boringssl-static-2.0.53.Final-osx-x86_64.jar:/home/runner/.m2/repository/io/netty/netty-tcnative-boringssl-static/2.0.53.Final/netty-tcnative-boringssl-static-2.0.53.Final-osx-aarch_64.jar:/home/runner/.m2/repository/io/netty/netty-tcnative-boringssl-static/2.0.53.Final/netty-tcnative-boringssl-static-2.0.53.Final-windows-x86_64.jar:/home/runner/.m2/repository/org/apache/commons/commons-compress/1.21/commons-compress-1.21.jar:/home/runner/.m2/repository/org/apache/ozone/hdds-common/1.3.0-SNAPSHOT/hdds-common-1.3.0-SNAPSHOT.jar:/home/runner/.m2/repository/org/apache/ozone/hdds-client/1.3.0-SNAPSHOT/hdds-client-1.3.0-SNAPSHOT.jar:/home/runner/.m2/repository/org/apache/ozone/ozone-interface-client/1.3.0-SNAPSHOT/ozone-interface-client-1.3.0-SNAPSHOT.jar:/home/runner/.m2/repository/org/apache/ozone/hdds-test-utils/1.3.0-SNAPSHOT/hdds-test-utils-1.3.0-SNAPSHOT.jar:/home/runner/.m2/repository/com/google/guava/guava/31.1-jre/guava-31.1-jre.jar:/home/runner/.m2/repository/com/google/guava/failureaccess/1.0.1/failureaccess-1.0.1.jar:/home/runner/.m2/repository/com/google/guava/listenablefuture/9999.0-empty-to-avoid-conflict-with-guava/listenablefuture-9999.0-empty-to-avoid-conflict-with-guava.jar:/home/runner/.m2/repository/com/google/code/findbugs/jsr305/3.0.0/jsr305-3.0.0.jar:/home/runner/.m2/repository/org/checkerframework/checker-qual/3.12.0/checker-qual-3.12.0.jar:/home/runner/.m2/repository/com/google/j2objc/j2objc-annotations/1.3/j2objc-annotations-1.3.jar:/home/runner/.m2/repository/commons-io/commons-io/2.11.0/commons-io-2.11.0.jar:/home/runner/.m2/repository/commons-logging/commons-logging/1.2/commons-logging-1.2.jar:/home/runner/.m2/repository/ch/qos/reload4j/reload4j/1.2.22/reload4j-1.2.22.jar:/home/runner/.m2/repository/org/slf4j/slf4j-api/1.7.36/slf4j-api-1.7.36.jar:/home/runner/.m2/repository/org/apache/ozone/hdds-server-scm/1.3.0-SNAPSHOT/hdds-server-scm-1.3.0-SNAPSHOT.jar:/home/runner/.m2/repository/org/apache/ozone/hdds-container-service/1.3.0-SNAPSHOT/hdds-container-service-1.3.0-SNAPSHOT.jar:/home/runner/.m2/repository/org/apache/ozone/hdds-hadoop-dependency-server/1.3.0-SNAPSHOT/hdds-hadoop-dependency-server-1.3.0-SNAPSHOT.jar:/home/runner/.m2/repository/org/apache/hadoop/hadoop-hdfs/3.3.1/hadoop-hdfs-3.3.1.jar:/home/runner/.m2/repository/org/eclipse/jetty/jetty-util-ajax/9.4.43.v20210629/jetty-util-ajax-9.4.43.v20210629.jar:/home/runner/.m2/repository/commons-daemon/commons-daemon/1.0.13/commons-daemon-1.0.13.jar:/home/runner/.m2/repository/org/apache/ozone/hdds-server-framework/1.3.0-SNAPSHOT/hdds-server-framework-1.3.0-SNAPSHOT.jar:/home/runner/.m2/repository/org/apache/ozone/hdds-interface-server/1.3.0-SNAPSHOT/hdds-interface-server-1.3.0-SNAPSHOT.jar:/home/runner/.m2/repository/org/apache/logging/log4j/log4j-core/2.17.1/log4j-core-2.17.1.jar:/home/runner/.m2/repository/com/lmax/disruptor/3.4.2/disruptor-3.4.2.jar:/home/runner/.m2/repository/org/eclipse/jetty/jetty-servlet/9.4.43.v20210629/jetty-servlet-9.4.43.v20210629.jar:/home/runner/.m2/repository/org/eclipse/jetty/jetty-security/9.4.43.v20210629/jetty-security-9.4.43.v20210629.jar:/home/runner/.m2/repository/org/rocksdb/rocksdbjni/7.4.5/rocksdbjni-7.4.5.jar:/home/runner/.m2/repository/io/prometheus/simpleclient_dropwizard/0.7.0/simpleclient_dropwizard-0.7.0.jar:/home/runner/.m2/repository/io/prometheus/simpleclient/0.7.0/simpleclient-0.7.0.jar:/home/runner/.m2/repository/io/prometheus/simpleclient_common/0.7.0/simpleclient_common-0.7.0.jar:/home/runner/.m2/repository/io/dropwizard/metrics/metrics-core/3.2.4/metrics-core-3.2.4.jar:/home/runner/.m2/repository/org/apache/hadoop/hadoop-hdfs-client/3.3.1/hadoop-hdfs-client-3.3.1.jar:/home/runner/.m2/repository/org/bouncycastle/bcprov-jdk15on/1.67/bcprov-jdk15on-1.67.jar:/home/runner/.m2/repository/com/google/protobuf/protobuf-java/2.5.0/protobuf-java-2.5.0.jar:/home/runner/.m2/repository/org/apache/ozone/ozone-manager/1.3.0-SNAPSHOT/ozone-manager-1.3.0-SNAPSHOT.jar:/home/runner/.m2/repository/org/aspectj/aspectjrt/1.9.7/aspectjrt-1.9.7.jar:/home/runner/.m2/repository/org/aspectj/aspectjweaver/1.9.7/aspectjweaver-1.9.7.jar:/home/runner/.m2/repository/org/apache/ozone/hdds-interface-client/1.3.0-SNAPSHOT/hdds-interface-client-1.3.0-SNAPSHOT.jar:/home/runner/.m2/repository/org/apache/hadoop/thirdparty/hadoop-shaded-protobuf_3_7/1.1.1/hadoop-shaded-protobuf_3_7-1.1.1.jar:/home/runner/.m2/repository/org/apache/ozone/ozone-interface-storage/1.3.0-SNAPSHOT/ozone-interface-storage-1.3.0-SNAPSHOT.jar:/home/runner/.m2/repository/org/reflections/reflections/0.9.11/reflections-0.9.11.jar:/home/runner/.m2/repository/com/sun/jersey/jersey-client/1.19/jersey-client-1.19.jar:/home/runner/.m2/repository/org/apache/ranger/ranger-intg/2.3.0/ranger-intg-2.3.0.jar:/home/runner/.m2/repository/org/apache/ranger/ranger-plugins-common/2.3.0/ranger-plugins-common-2.3.0.jar:/home/runner/.m2/repository/commons-lang/commons-lang/2.6/commons-lang-2.6.jar:/home/runner/.m2/repository/org/codehaus/jackson/jackson-jaxrs/1.9.13/jackson-jaxrs-1.9.13.jar:/home/runner/.m2/repository/org/apache/ranger/ranger-plugins-cred/2.3.0/ranger-plugins-cred-2.3.0.jar:/home/runner/.m2/repository/org/apache/ranger/ranger-plugins-audit/2.3.0/ranger-plugins-audit-2.3.0.jar:/home/runner/.m2/repository/org/eclipse/jetty/jetty-client/9.4.31.v20200723/jetty-client-9.4.31.v20200723.jar:/home/runner/.m2/repository/org/apache/httpcomponents/httpmime/4.5.6/httpmime-4.5.6.jar:/home/runner/.m2/repository/org/apache/httpcomponents/httpcore-nio/4.4.6/httpcore-nio-4.4.6.jar:/home/runner/.m2/repository/org/apache/httpcomponents/httpasyncclient/4.1.3/httpasyncclient-4.1.3.jar:/home/runner/.m2/repository/com/carrotsearch/hppc/0.8.0/hppc-0.8.0.jar:/home/runner/.m2/repository/org/apache/orc/orc-core/1.5.8/orc-core-1.5.8.jar:/home/runner/.m2/repository/net/java/dev/jna/jna/5.2.0/jna-5.2.0.jar:/home/runner/.m2/repository/net/java/dev/jna/jna-platform/5.2.0/jna-platform-5.2.0.jar:/home/runner/.m2/repository/com/kstruct/gethostname4j/0.0.2/gethostname4j-0.0.2.jar:/home/runner/.m2/repository/org/apache/ranger/ranger-plugin-classloader/2.3.0/ranger-plugin-classloader-2.3.0.jar:/home/runner/.m2/repository/org/apache/hadoop/hadoop-minikdc/3.3.1/hadoop-minikdc-3.3.1.jar:/home/runner/.m2/repository/org/apache/kerby/kerb-simplekdc/1.0.1/kerb-simplekdc-1.0.1.jar:/home/runner/.m2/repository/org/apache/kerby/kerb-client/1.0.1/kerb-client-1.0.1.jar:/home/runner/.m2/repository/org/apache/kerby/kerby-config/1.0.1/kerby-config-1.0.1.jar:/home/runner/.m2/repository/org/apache/kerby/kerb-common/1.0.1/kerb-common-1.0.1.jar:/home/runner/.m2/repository/org/apache/kerby/kerb-crypto/1.0.1/kerb-crypto-1.0.1.jar:/home/runner/.m2/repository/org/apache/kerby/kerb-util/1.0.1/kerb-util-1.0.1.jar:/home/runner/.m2/repository/org/apache/kerby/token-provider/1.0.1/token-provider-1.0.1.jar:/home/runner/.m2/repository/org/apache/kerby/kerb-admin/1.0.1/kerb-admin-1.0.1.jar:/home/runner/.m2/repository/org/apache/kerby/kerb-server/1.0.1/kerb-server-1.0.1.jar:/home/runner/.m2/repository/org/apache/kerby/kerb-identity/1.0.1/kerb-identity-1.0.1.jar:/home/runner/.m2/repository/org/apache/kerby/kerby-xdr/1.0.1/kerby-xdr-1.0.1.jar:/home/runner/.m2/repository/org/apache/ozone/ozone-s3gateway/1.3.0-SNAPSHOT/ozone-s3gateway-1.3.0-SNAPSHOT.jar:/home/runner/.m2/repository/org/javassist/javassist/3.21.0-GA/javassist-3.21.0-GA.jar:/home/runner/.m2/repository/org/jboss/weld/servlet/weld-servlet/2.4.7.Final/weld-servlet-2.4.7.Final.jar:/home/runner/.m2/repository/org/glassfish/jersey/containers/jersey-container-servlet-core/2.34/jersey-container-servlet-core-2.34.jar:/home/runner/.m2/repository/org/glassfish/hk2/external/jakarta.inject/2.6.1/jakarta.inject-2.6.1.jar:/home/runner/.m2/repository/org/glassfish/jersey/core/jersey-common/2.34/jersey-common-2.34.jar:/home/runner/.m2/repository/jakarta/ws/rs/jakarta.ws.rs-api/2.1.6/jakarta.ws.rs-api-2.1.6.jar:/home/runner/.m2/repository/org/glassfish/jersey/ext/cdi/jersey-cdi1x/2.34/jersey-cdi1x-2.34.jar:/home/runner/.m2/repository/org/glassfish/jersey/inject/jersey-hk2/2.34/jersey-hk2-2.34.jar:/home/runner/.m2/repository/org/glassfish/hk2/hk2-locator/2.6.1/hk2-locator-2.6.1.jar:/home/runner/.m2/repository/org/glassfish/jersey/media/jersey-media-jaxb/2.34/jersey-media-jaxb-2.34.jar:/home/runner/.m2/repository/org/glassfish/hk2/osgi-resource-locator/1.0.3/osgi-resource-locator-1.0.3.jar:/home/runner/.m2/repository/org/glassfish/hk2/hk2-api/2.5.0/hk2-api-2.5.0.jar:/home/runner/.m2/repository/org/glassfish/hk2/hk2-utils/2.5.0/hk2-utils-2.5.0.jar:/home/runner/.m2/repository/org/glassfish/hk2/external/aopalliance-repackaged/2.5.0/aopalliance-repackaged-2.5.0.jar:/home/runner/.m2/repository/com/fasterxml/jackson/dataformat/jackson-dataformat-xml/2.13.2/jackson-dataformat-xml-2.13.2.jar:/home/runner/.m2/repository/com/fasterxml/jackson/core/jackson-core/2.13.2/jackson-core-2.13.2.jar:/home/runner/.m2/repository/org/codehaus/woodstox/stax2-api/3.1.4/stax2-api-3.1.4.jar:/home/runner/.m2/repository/com/fasterxml/woodstox/woodstox-core/5.0.3/woodstox-core-5.0.3.jar:/home/runner/.m2/repository/com/fasterxml/jackson/module/jackson-module-jaxb-annotations/2.13.2/jackson-module-jaxb-annotations-2.13.2.jar:/home/runner/.m2/repository/jakarta/xml/bind/jakarta.xml.bind-api/2.3.3/jakarta.xml.bind-api-2.3.3.jar:/home/runner/.m2/repository/jakarta/activation/jakarta.activation-api/1.2.1/jakarta.activation-api-1.2.1.jar:/home/runner/.m2/repository/javax/enterprise/cdi-api/1.2/cdi-api-1.2.jar:/home/runner/.m2/repository/javax/el/javax.el-api/3.0.0/javax.el-api-3.0.0.jar:/home/runner/.m2/repository/javax/interceptor/javax.interceptor-api/1.2/javax.interceptor-api-1.2.jar:/home/runner/.m2/repository/javax/inject/javax.inject/1/javax.inject-1.jar:/home/runner/.m2/repository/javax/xml/bind/jaxb-api/2.3.0/jaxb-api-2.3.0.jar:/home/runner/.m2/repository/org/glassfish/jaxb/jaxb-runtime/2.3.0.1/jaxb-runtime-2.3.0.1.jar:/home/runner/.m2/repository/org/glassfish/jaxb/jaxb-core/2.3.0.1/jaxb-core-2.3.0.1.jar:/home/runner/.m2/repository/org/glassfish/jaxb/txw2/2.3.0.1/txw2-2.3.0.1.jar:/home/runner/.m2/repository/com/sun/istack/istack-commons-runtime/3.0.5/istack-commons-runtime-3.0.5.jar:/home/runner/.m2/repository/org/jvnet/staxex/stax-ex/1.7.8/stax-ex-1.7.8.jar:/home/runner/.m2/repository/com/sun/xml/fastinfoset/FastInfoset/1.2.13/FastInfoset-1.2.13.jar:/home/runner/.m2/repository/javax/activation/activation/1.1.1/activation-1.1.1.jar:/home/runner/.m2/repository/io/grpc/grpc-protobuf/1.48.1/grpc-protobuf-1.48.1.jar:/home/runner/.m2/repository/io/grpc/grpc-api/1.48.1/grpc-api-1.48.1.jar:/home/runner/.m2/repository/io/grpc/grpc-context/1.48.1/grpc-context-1.48.1.jar:/home/runner/.m2/repository/com/google/api/grpc/proto-google-common-protos/2.9.0/proto-google-common-protos-2.9.0.jar:/home/runner/.m2/repository/io/grpc/grpc-protobuf-lite/1.48.1/grpc-protobuf-lite-1.48.1.jar:/home/runner/.m2/repository/io/grpc/grpc-stub/1.48.1/grpc-stub-1.48.1.jar:/home/runner/.m2/repository/io/netty/netty-transport/4.1.79.Final/netty-transport-4.1.79.Final.jar:/home/runner/.m2/repository/io/netty/netty-resolver/4.1.79.Final/netty-resolver-4.1.79.Final.jar:/home/runner/.m2/repository/org/apache/ozone/ozone-csi/1.3.0-SNAPSHOT/ozone-csi-1.3.0-SNAPSHOT.jar:/home/runner/.m2/repository/com/google/protobuf/protobuf-java-util/3.19.2/protobuf-java-util-3.19.2.jar:/home/runner/.m2/repository/com/google/code/gson/gson/2.9.0/gson-2.9.0.jar:/home/runner/.m2/repository/org/apache/ozone/hdds-config/1.3.0-SNAPSHOT/hdds-config-1.3.0-SNAPSHOT.jar:/home/runner/.m2/repository/io/netty/netty-transport-native-epoll/4.1.79.Final/netty-transport-native-epoll-4.1.79.Final-linux-x86_64.jar:/home/runner/.m2/repository/io/netty/netty-transport-classes-epoll/4.1.79.Final/netty-transport-classes-epoll-4.1.79.Final.jar:/home/runner/.m2/repository/io/netty/netty-transport-native-unix-common/4.1.79.Final/netty-transport-native-unix-common-4.1.79.Final.jar:/home/runner/.m2/repository/org/slf4j/slf4j-reload4j/1.7.36/slf4j-reload4j-1.7.36.jar:/home/runner/.m2/repository/org/apache/ozone/ozone-recon/1.3.0-SNAPSHOT/ozone-recon-1.3.0-SNAPSHOT.jar:/home/runner/.m2/repository/org/apache/ozone/ozone-reconcodegen/1.3.0-SNAPSHOT/ozone-reconcodegen-1.3.0-SNAPSHOT.jar:/home/runner/.m2/repository/com/google/inject/extensions/guice-multibindings/4.0/guice-multibindings-4.0.jar:/home/runner/.m2/repository/com/google/inject/guice/4.0/guice-4.0.jar:/home/runner/.m2/repository/aopalliance/aopalliance/1.0/aopalliance-1.0.jar:/home/runner/.m2/repository/com/google/inject/extensions/guice-assistedinject/4.0/guice-assistedinject-4.0.jar:/home/runner/.m2/repository/com/google/inject/extensions/guice-servlet/4.0/guice-servlet-4.0.jar:/home/runner/.m2/repository/org/glassfish/jersey/containers/jersey-container-servlet/2.34/jersey-container-servlet-2.34.jar:/home/runner/.m2/repository/org/glassfish/hk2/guice-bridge/2.5.0/guice-bridge-2.5.0.jar:/home/runner/.m2/repository/org/glassfish/jersey/core/jersey-server/2.34/jersey-server-2.34.jar:/home/runner/.m2/repository/org/glassfish/jersey/core/jersey-client/2.34/jersey-client-2.34.jar:/home/runner/.m2/repository/jakarta/annotation/jakarta.annotation-api/1.3.5/jakarta.annotation-api-1.3.5.jar:/home/runner/.m2/repository/jakarta/validation/jakarta.validation-api/2.0.2/jakarta.validation-api-2.0.2.jar:/home/runner/.m2/repository/org/glassfish/jersey/media/jersey-media-json-jackson/2.34/jersey-media-json-jackson-2.34.jar:/home/runner/.m2/repository/org/glassfish/jersey/ext/jersey-entity-filtering/2.34/jersey-entity-filtering-2.34.jar:/home/runner/.m2/repository/org/jooq/jooq/3.11.10/jooq-3.11.10.jar:/home/runner/.m2/repository/org/jooq/jooq-meta/3.11.10/jooq-meta-3.11.10.jar:/home/runner/.m2/repository/org/jooq/jooq-codegen/3.11.10/jooq-codegen-3.11.10.jar:/home/runner/.m2/repository/com/jolbox/bonecp/0.8.0.RELEASE/bonecp-0.8.0.RELEASE.jar:/home/runner/.m2/repository/org/apache/derby/derby/10.14.2.0/derby-10.14.2.0.jar:/home/runner/.m2/repository/org/xerial/sqlite-jdbc/3.25.2/sqlite-jdbc-3.25.2.jar:/home/runner/.m2/repository/org/springframework/spring-jdbc/5.2.20.RELEASE/spring-jdbc-5.2.20.RELEASE.jar:/home/runner/.m2/repository/org/springframework/spring-beans/5.2.20.RELEASE/spring-beans-5.2.20.RELEASE.jar:/home/runner/.m2/repository/org/springframework/spring-core/5.2.20.RELEASE/spring-core-5.2.20.RELEASE.jar:/home/runner/.m2/repository/org/springframework/spring-jcl/5.2.20.RELEASE/spring-jcl-5.2.20.RELEASE.jar:/home/runner/.m2/repository/org/springframework/spring-tx/5.2.20.RELEASE/spring-tx-5.2.20.RELEASE.jar:/home/runner/.m2/repository/org/apache/ozone/ozone-client/1.3.0-SNAPSHOT/ozone-client-1.3.0-SNAPSHOT.jar:/home/runner/.m2/repository/org/apache/ozone/hdds-erasurecode/1.3.0-SNAPSHOT/hdds-erasurecode-1.3.0-SNAPSHOT.jar:/home/runner/.m2/repository/com/github/spotbugs/spotbugs-annotations/3.1.12/spotbugs-annotations-3.1.12.jar:/home/runner/.m2/repository/org/apache/ozone/ozone-filesystem/1.3.0-SNAPSHOT/ozone-filesystem-1.3.0-SNAPSHOT.jar:/home/runner/.m2/repository/org/apache/ozone/ozone-filesystem-common/1.3.0-SNAPSHOT/ozone-filesystem-common-1.3.0-SNAPSHOT.jar:/home/runner/.m2/repository/org/apache/ozone/ozone-tools/1.3.0-SNAPSHOT/ozone-tools-1.3.0-SNAPSHOT.jar:/home/runner/.m2/repository/org/apache/ratis/ratis-tools/2.3.0/ratis-tools-2.3.0.jar:/home/runner/.m2/repository/com/amazonaws/aws-java-sdk-core/1.12.261/aws-java-sdk-core-1.12.261.jar:/home/runner/.m2/repository/org/apache/httpcomponents/httpclient/4.5.13/httpclient-4.5.13.jar:/home/runner/.m2/repository/org/apache/httpcomponents/httpcore/4.4.13/httpcore-4.4.13.jar:/home/runner/.m2/repository/software/amazon/ion/ion-java/1.0.2/ion-java-1.0.2.jar:/home/runner/.m2/repository/com/fasterxml/jackson/dataformat/jackson-dataformat-cbor/2.13.2/jackson-dataformat-cbor-2.13.2.jar:/home/runner/.m2/repository/joda-time/joda-time/2.8.1/joda-time-2.8.1.jar:/home/runner/.m2/repository/com/amazonaws/aws-java-sdk-s3/1.12.261/aws-java-sdk-s3-1.12.261.jar:/home/runner/.m2/repository/com/amazonaws/aws-java-sdk-kms/1.12.261/aws-java-sdk-kms-1.12.261.jar:/home/runner/.m2/repository/com/amazonaws/jmespath-java/1.12.261/jmespath-java-1.12.261.jar:/home/runner/.m2/repository/org/kohsuke/metainf-services/metainf-services/1.8/metainf-services-1.8.jar:/home/runner/.m2/repository/org/apache/ozone/hdds-tools/1.3.0-SNAPSHOT/hdds-tools-1.3.0-SNAPSHOT.jar:/home/runner/.m2/repository/commons-cli/commons-cli/1.2/commons-cli-1.2.jar:/home/runner/.m2/repository/org/apache/commons/commons-lang3/3.7/commons-lang3-3.7.jar:/home/runner/.m2/repository/org/apache/ozone/ozone-manager/1.3.0-SNAPSHOT/ozone-manager-1.3.0-SNAPSHOT-tests.jar:/home/runner/.m2/repository/org/apache/ozone/hdds-common/1.3.0-SNAPSHOT/hdds-common-1.3.0-SNAPSHOT-tests.jar:/home/runner/.m2/repository/org/apache/ozone/hdds-hadoop-dependency-client/1.3.0-SNAPSHOT/hdds-hadoop-dependency-client-1.3.0-SNAPSHOT.jar:/home/runner/.m2/repository/info/picocli/picocli/4.6.1/picocli-4.6.1.jar:/home/runner/.m2/repository/com/fasterxml/jackson/core/jackson-annotations/2.13.2/jackson-annotations-2.13.2.jar:/home/runner/.m2/repository/com/fasterxml/jackson/datatype/jackson-datatype-jsr310/2.13.2/jackson-datatype-jsr310-2.13.2.jar:/home/runner/.m2/repository/org/apache/ozone/hdds-annotation-processing/1.3.0-SNAPSHOT/hdds-annotation-processing-1.3.0-SNAPSHOT.jar:/home/runner/.m2/repository/javax/annotation/javax.annotation-api/1.2/javax.annotation-api-1.2.jar:/home/runner/.m2/repository/org/apache/ratis/ratis-server/2.3.0/ratis-server-2.3.0.jar:/home/runner/.m2/repository/org/apache/ratis/ratis-client/2.3.0/ratis-client-2.3.0.jar:/home/runner/.m2/repository/org/apache/ratis/ratis-server-api/2.3.0/ratis-server-api-2.3.0.jar:/home/runner/.m2/repository/org/apache/ratis/ratis-metrics/2.3.0/ratis-metrics-2.3.0.jar:/home/runner/.m2/repository/org/apache/ratis/ratis-netty/2.3.0/ratis-netty-2.3.0.jar:/home/runner/.m2/repository/org/apache/ratis/ratis-grpc/2.3.0/ratis-grpc-2.3.0.jar:/home/runner/.m2/repository/org/apache/logging/log4j/log4j-api/2.17.1/log4j-api-2.17.1.jar:/home/runner/.m2/repository/org/apache/commons/commons-pool2/2.6.0/commons-pool2-2.6.0.jar:/home/runner/.m2/repository/org/bouncycastle/bcpkix-jdk15on/1.67/bcpkix-jdk15on-1.67.jar:/home/runner/.m2/repository/commons-validator/commons-validator/1.6/commons-validator-1.6.jar:/home/runner/.m2/repository/commons-beanutils/commons-beanutils/1.9.4/commons-beanutils-1.9.4.jar:/home/runner/.m2/repository/commons-digester/commons-digester/1.8.1/commons-digester-1.8.1.jar:/home/runner/.m2/repository/commons-collections/commons-collections/3.2.2/commons-collections-3.2.2.jar:/home/runner/.m2/repository/io/jaegertracing/jaeger-client/1.6.0/jaeger-client-1.6.0.jar:/home/runner/.m2/repository/io/jaegertracing/jaeger-thrift/1.6.0/jaeger-thrift-1.6.0.jar:/home/runner/.m2/repository/org/apache/thrift/libthrift/0.14.1/libthrift-0.14.1.jar:/home/runner/.m2/repository/com/squareup/okhttp3/okhttp/4.9.0/okhttp-4.9.0.jar:/home/runner/.m2/repository/com/squareup/okio/okio/2.8.0/okio-2.8.0.jar:/home/runner/.m2/repository/io/jaegertracing/jaeger-core/1.6.0/jaeger-core-1.6.0.jar:/home/runner/.m2/repository/io/jaegertracing/jaeger-tracerresolver/1.6.0/jaeger-tracerresolver-1.6.0.jar:/home/runner/.m2/repository/io/opentracing/contrib/opentracing-tracerresolver/0.1.8/opentracing-tracerresolver-0.1.8.jar:/home/runner/.m2/repository/org/jetbrains/kotlin/kotlin-stdlib/1.6.21/kotlin-stdlib-1.6.21.jar:/home/runner/.m2/repository/org/jetbrains/kotlin/kotlin-stdlib-common/1.6.21/kotlin-stdlib-common-1.6.21.jar:/home/runner/.m2/repository/org/jetbrains/annotations/13.0/annotations-13.0.jar:/home/runner/.m2/repository/io/opentracing/opentracing-util/0.33.0/opentracing-util-0.33.0.jar:/home/runner/.m2/repository/io/opentracing/opentracing-api/0.33.0/opentracing-api-0.33.0.jar:/home/runner/.m2/repository/io/opentracing/opentracing-noop/0.33.0/opentracing-noop-0.33.0.jar:/home/runner/.m2/repository/org/yaml/snakeyaml/1.32/snakeyaml-1.32.jar:/home/runner/.m2/repository/org/apache/ozone/hdds-interface-admin/1.3.0-SNAPSHOT/hdds-interface-admin-1.3.0-SNAPSHOT.jar:/home/runner/.m2/repository/junit/junit/4.13.1/junit-4.13.1.jar:/home/runner/.m2/repository/org/hamcrest/hamcrest-core/1.3/hamcrest-core-1.3.jar:/home/runner/.m2/repository/org/junit/jupiter/junit-jupiter-api/5.8.2/junit-jupiter-api-5.8.2.jar:/home/runner/.m2/repository/org/opentest4j/opentest4j/1.2.0/opentest4j-1.2.0.jar:/home/runner/.m2/repository/org/junit/platform/junit-platform-commons/1.8.2/junit-platform-commons-1.8.2.jar:/home/runner/.m2/repository/org/apiguardian/apiguardian-api/1.1.2/apiguardian-api-1.1.2.jar:/home/runner/.m2/repository/org/junit/jupiter/junit-jupiter-params/5.8.2/junit-jupiter-params-5.8.2.jar:/home/runner/.m2/repository/org/junit/jupiter/junit-jupiter-migrationsupport/5.8.2/junit-jupiter-migrationsupport-5.8.2.jar:/home/runner/.m2/repository/org/junit/jupiter/junit-jupiter-engine/5.8.2/junit-jupiter-engine-5.8.2.jar:/home/runner/.m2/repository/org/junit/platform/junit-platform-engine/1.8.2/junit-platform-engine-1.8.2.jar:/home/runner/.m2/repository/org/junit/vintage/junit-vintage-engine/5.8.2/junit-vintage-engine-5.8.2.jar:/home/runner/.m2/repository/org/junit/platform/junit-platform-launcher/1.8.2/junit-platform-launcher-1.8.2.jar:/home/runner/.m2/repository/org/mockito/mockito-core/2.28.2/mockito-core-2.28.2.jar:/home/runner/.m2/repository/net/bytebuddy/byte-buddy/1.9.10/byte-buddy-1.9.10.jar:/home/runner/.m2/repository/net/bytebuddy/byte-buddy-agent/1.9.10/byte-buddy-agent-1.9.10.jar:/home/runner/.m2/repository/org/objenesis/objenesis/1.0/objenesis-1.0.jar:/home/runner/.m2/repository/org/apache/hadoop/hadoop-kms/3.3.1/hadoop-kms-3.3.1.jar:/home/runner/.m2/repository/org/apache/hadoop/hadoop-auth/3.3.1/hadoop-auth-3.3.1.jar:/home/runner/.m2/repository/com/nimbusds/nimbus-jose-jwt/7.9/nimbus-jose-jwt-7.9.jar:/home/runner/.m2/repository/com/github/stephenc/jcip/jcip-annotations/1.0-1/jcip-annotations-1.0-1.jar:/home/runner/.m2/repository/net/minidev/json-smart/2.4.7/json-smart-2.4.7.jar:/home/runner/.m2/repository/net/minidev/accessors-smart/2.4.7/accessors-smart-2.4.7.jar:/home/runner/.m2/repository/org/ow2/asm/asm/5.0.4/asm-5.0.4.jar:/home/runner/.m2/repository/org/apache/zookeeper/zookeeper/3.5.6/zookeeper-3.5.6.jar:/home/runner/.m2/repository/org/apache/zookeeper/zookeeper-jute/3.5.6/zookeeper-jute-3.5.6.jar:/home/runner/.m2/repository/org/apache/yetus/audience-annotations/0.5.0/audience-annotations-0.5.0.jar:/home/runner/.m2/repository/org/apache/curator/curator-framework/4.2.0/curator-framework-4.2.0.jar:/home/runner/.m2/repository/org/apache/hadoop/thirdparty/hadoop-shaded-guava/1.1.1/hadoop-shaded-guava-1.1.1.jar:/home/runner/.m2/repository/com/sun/jersey/jersey-core/1.19/jersey-core-1.19.jar:/home/runner/.m2/repository/javax/ws/rs/jsr311-api/1.1.1/jsr311-api-1.1.1.jar:/home/runner/.m2/repository/com/sun/jersey/jersey-server/1.19/jersey-server-1.19.jar:/home/runner/.m2/repository/javax/servlet/javax.servlet-api/3.1.0/javax.servlet-api-3.1.0.jar:/home/runner/.m2/repository/org/eclipse/jetty/jetty-server/9.4.43.v20210629/jetty-server-9.4.43.v20210629.jar:/home/runner/.m2/repository/org/eclipse/jetty/jetty-http/9.4.43.v20210629/jetty-http-9.4.43.v20210629.jar:/home/runner/.m2/repository/org/eclipse/jetty/jetty-io/9.4.43.v20210629/jetty-io-9.4.43.v20210629.jar:/home/runner/.m2/repository/org/eclipse/jetty/jetty-webapp/9.4.43.v20210629/jetty-webapp-9.4.43.v20210629.jar:/home/runner/.m2/repository/org/eclipse/jetty/jetty-xml/9.4.43.v20210629/jetty-xml-9.4.43.v20210629.jar:/home/runner/.m2/repository/org/apache/hadoop/hadoop-common/3.3.1/hadoop-common-3.3.1.jar:/home/runner/.m2/repository/org/apache/commons/commons-math3/3.1.1/commons-math3-3.1.1.jar:/home/runner/.m2/repository/commons-net/commons-net/3.6/commons-net-3.6.jar:/home/runner/.m2/repository/com/sun/jersey/jersey-servlet/1.19/jersey-servlet-1.19.jar:/home/runner/.m2/repository/com/sun/jersey/jersey-json/1.19/jersey-json-1.19.jar:/home/runner/.m2/repository/org/codehaus/jettison/jettison/1.1/jettison-1.1.jar:/home/runner/.m2/repository/com/sun/xml/bind/jaxb-impl/2.2.3-1/jaxb-impl-2.2.3-1.jar:/home/runner/.m2/repository/org/codehaus/jackson/jackson-xc/1.9.2/jackson-xc-1.9.2.jar:/home/runner/.m2/repository/org/apache/commons/commons-configuration2/2.1.1/commons-configuration2-2.1.1.jar:/home/runner/.m2/repository/org/apache/commons/commons-text/1.4/commons-text-1.4.jar:/home/runner/.m2/repository/com/google/re2j/re2j/1.1/re2j-1.1.jar:/home/runner/.m2/repository/com/jcraft/jsch/0.1.54/jsch-0.1.54.jar:/home/runner/.m2/repository/org/apache/curator/curator-client/4.2.0/curator-client-4.2.0.jar:/home/runner/.m2/repository/org/apache/curator/curator-recipes/4.2.0/curator-recipes-4.2.0.jar:/home/runner/.m2/repository/org/apache/htrace/htrace-core4/4.1.0-incubating/htrace-core4-4.1.0-incubating.jar:/home/runner/.m2/repository/org/apache/kerby/kerb-core/1.0.1/kerb-core-1.0.1.jar:/home/runner/.m2/repository/org/apache/kerby/kerby-pkix/1.0.1/kerby-pkix-1.0.1.jar:/home/runner/.m2/repository/org/apache/kerby/kerby-asn1/1.0.1/kerby-asn1-1.0.1.jar:/home/runner/.m2/repository/org/apache/kerby/kerby-util/1.0.1/kerby-util-1.0.1.jar:/home/runner/.m2/repository/dnsjava/dnsjava/2.1.7/dnsjava-2.1.7.jar:/home/runner/.m2/repository/org/xerial/snappy/snappy-java/1.1.8.2/snappy-java-1.1.8.2.jar:/home/runner/.m2/repository/org/eclipse/jetty/jetty-util/9.4.43.v20210629/jetty-util-9.4.43.v20210629.jar:/home/runner/.m2/repository/com/fasterxml/jackson/core/jackson-databind/2.13.2.2/jackson-databind-2.13.2.2.jar:/home/runner/.m2/repository/org/apache/hadoop/hadoop-kms/3.3.1/hadoop-kms-3.3.1-tests.jar:/home/runner/.m2/repository/org/apache/ozone/hdds-server-scm/1.3.0-SNAPSHOT/hdds-server-scm-1.3.0-SNAPSHOT-tests.jar:/home/runner/.m2/repository/org/apache/ozone/hdds-container-service/1.3.0-SNAPSHOT/hdds-container-service-1.3.0-SNAPSHOT-tests.jar:/home/runner/.m2/repository/commons-codec/commons-codec/1.11/commons-codec-1.11.jar:/home/runner/.m2/repository/io/netty/netty-codec/4.1.79.Final/netty-codec-4.1.79.Final.jar:/home/runner/.m2/repository/io/netty/netty-handler/4.1.79.Final/netty-handler-4.1.79.Final.jar:/home/runner/.m2/repository/org/apache/ozone/hdds-hadoop-dependency-test/1.3.0-SNAPSHOT/hdds-hadoop-dependency-test-1.3.0-SNAPSHOT.jar:/home/runner/.m2/repository/org/apache/hadoop/hadoop-common/3.3.1/hadoop-common-3.3.1-tests.jar:/home/runner/.m2/repository/org/apache/hadoop/hadoop-hdfs/3.3.1/hadoop-hdfs-3.3.1-tests.jar:/home/runner/.m2/repository/org/assertj/assertj-core/3.12.2/assertj-core-3.12.2.jar:/home/runner/.m2/repository/org/apache/hadoop/hadoop-distcp/3.3.1/hadoop-distcp-3.3.1.jar:/home/runner/.m2/repository/org/apache/hadoop/hadoop-mapreduce-client-jobclient/3.3.1/hadoop-mapreduce-client-jobclient-3.3.1.jar:/home/runner/.m2/repository/org/apache/hadoop/hadoop-mapreduce-client-common/3.3.1/hadoop-mapreduce-client-common-3.3.1.jar:/home/runner/.m2/repository/org/apache/hadoop/hadoop-yarn-common/3.3.1/hadoop-yarn-common-3.3.1.jar:/home/runner/.m2/repository/org/apache/hadoop/hadoop-yarn-api/3.3.1/hadoop-yarn-api-3.3.1.jar:/home/runner/.m2/repository/com/sun/jersey/contribs/jersey-guice/1.19/jersey-guice-1.19.jar:/home/runner/.m2/repository/com/fasterxml/jackson/jaxrs/jackson-jaxrs-json-provider/2.13.2/jackson-jaxrs-json-provider-2.13.2.jar:/home/runner/.m2/repository/com/fasterxml/jackson/jaxrs/jackson-jaxrs-base/2.13.2/jackson-jaxrs-base-2.13.2.jar:/home/runner/.m2/repository/org/apache/hadoop/hadoop-yarn-client/3.3.1/hadoop-yarn-client-3.3.1.jar:/home/runner/.m2/repository/org/eclipse/jetty/websocket/websocket-client/9.4.40.v20210413/websocket-client-9.4.40.v20210413.jar:/home/runner/.m2/repository/org/eclipse/jetty/websocket/websocket-common/9.4.40.v20210413/websocket-common-9.4.40.v20210413.jar:/home/runner/.m2/repository/org/eclipse/jetty/websocket/websocket-api/9.4.40.v20210413/websocket-api-9.4.40.v20210413.jar:/home/runner/.m2/repository/org/jline/jline/3.9.0/jline-3.9.0.jar:/home/runner/.m2/repository/org/apache/hadoop/hadoop-mapreduce-client-core/3.3.1/hadoop-mapreduce-client-core-3.3.1.jar:/home/runner/.m2/repository/org/apache/avro/avro/1.7.7/avro-1.7.7.jar:/home/runner/.m2/repository/org/codehaus/jackson/jackson-core-asl/1.9.13/jackson-core-asl-1.9.13.jar:/home/runner/.m2/repository/org/codehaus/jackson/jackson-mapper-asl/1.9.13/jackson-mapper-asl-1.9.13.jar:/home/runner/.m2/repository/com/thoughtworks/paranamer/paranamer/2.3/paranamer-2.3.jar:/home/runner/.m2/repository/org/apache/hadoop/hadoop-annotations/3.3.1/hadoop-annotations-3.3.1.jar:/opt/hostedtoolcache/jdk/8.0.345/x64/jre/../lib/tools.jar:/home/runner/.m2/repository/io/netty/netty/3.10.6.Final/netty-3.10.6.Final.jar:/home/runner/.m2/repository/org/apache/hadoop/hadoop-distcp/3.3.1/hadoop-distcp-3.3.1-tests.jar:/home/runner/.m2/repository/org/slf4j/jul-to-slf4j/1.7.36/jul-to-slf4j-1.7.36.jar:/home/runner/.m2/repository/org/apache/ratis/ratis-common/2.3.0/ratis-common-2.3.0.jar:/home/runner/.m2/repository/org/apache/ratis/ratis-thirdparty-misc/1.0.0/ratis-thirdparty-misc-1.0.0.jar:/home/runner/.m2/repository/org/apache/ratis/ratis-proto/2.3.0/ratis-proto-2.3.0.jar:"/>
    <property name="sun.cpu.endian" value="little"/>
    <property name="user.home" value="/home/runner"/>
    <property name="user.language" value="en"/>
    <property name="java.specification.vendor" value="Oracle Corporation"/>
    <property name="java.home" value="/opt/hostedtoolcache/jdk/8.0.345/x64/jre"/>
    <property name="java.security.krb5.conf" value="/home/runner/work/ozone/ozone/hadoop-ozone/integration-test/target/test-classes/krb5.conf"/>
    <property name="basedir" value="/home/runner/work/ozone/ozone/hadoop-ozone/integration-test"/>
    <property name="file.separator" value="/"/>
    <property name="line.separator" value="&#10;"/>
    <property name="jdk.vendor.version" value="Zulu 8.64.0.19-CA-linux64"/>
    <property name="java.vm.specification.vendor" value="Oracle Corporation"/>
    <property name="java.specification.name" value="Java Platform API Specification"/>
    <property name="java.awt.graphicsenv" value="sun.awt.X11GraphicsEnvironment"/>
    <property name="skip.installnpx" value="true"/>
    <property name="surefire.real.class.path" value="/home/runner/work/ozone/ozone/hadoop-ozone/integration-test/target/surefire/surefirebooter5288203996052273974.jar:/home/runner/.m2/repository/org/jacoco/org.jacoco.agent/0.8.5/org.jacoco.agent-0.8.5-runtime.jar"/>
    <property name="hadoop.log.dir" value="/home/runner/work/ozone/ozone/hadoop-ozone/integration-test/target/log"/>
    <property name="sun.boot.class.path" value="/opt/hostedtoolcache/jdk/8.0.345/x64/jre/lib/resources.jar:/opt/hostedtoolcache/jdk/8.0.345/x64/jre/lib/rt.jar:/opt/hostedtoolcache/jdk/8.0.345/x64/jre/lib/sunrsasign.jar:/opt/hostedtoolcache/jdk/8.0.345/x64/jre/lib/jsse.jar:/opt/hostedtoolcache/jdk/8.0.345/x64/jre/lib/jce.jar:/opt/hostedtoolcache/jdk/8.0.345/x64/jre/lib/charsets.jar:/opt/hostedtoolcache/jdk/8.0.345/x64/jre/lib/jfr.jar:/opt/hostedtoolcache/jdk/8.0.345/x64/jre/lib/cat.jar:/opt/hostedtoolcache/jdk/8.0.345/x64/jre/classes"/>
    <property name="sun.management.compiler" value="HotSpot 64-Bit Tiered Compilers"/>
    <property name="skip.npx" value="true"/>
    <property name="java.runtime.version" value="1.8.0_345-b01"/>
    <property name="java.net.preferIPv4Stack" value="true"/>
    <property name="user.name" value="runner"/>
    <property name="path.separator" value=":"/>
    <property name="java.security.egd" value="file:///dev/urandom"/>
    <property name="os.version" value="5.15.0-1020-azure"/>
    <property name="java.endorsed.dirs" value="/opt/hostedtoolcache/jdk/8.0.345/x64/jre/lib/endorsed"/>
    <property name="java.runtime.name" value="OpenJDK Runtime Environment"/>
    <property name="file.encoding" value="UTF-8"/>
    <property name="java.vm.name" value="OpenJDK 64-Bit Server VM"/>
    <property name="test.build.webapps" value=""/>
    <property name="localRepository" value="/home/runner/.m2/repository"/>
    <property name="jetty.git.hash" value="526006ecfa3af7f1a27ef3a288e2bef7ea9dd7e8"/>
    <property name="java.vendor.url.bug" value="http://www.azul.com/support/"/>
    <property name="java.io.tmpdir" value="/tmp"/>
    <property name="require.test.libhadoop" value=""/>
    <property name="java.version" value="1.8.0_345"/>
    <property name="user.dir" value="/home/runner/work/ozone/ozone/hadoop-ozone/integration-test"/>
    <property name="os.arch" value="amd64"/>
    <property name="java.vm.specification.name" value="Java Virtual Machine Specification"/>
    <property name="test.build.classes" value="/home/runner/work/ozone/ozone/hadoop-ozone/integration-test/target/test-classes"/>
    <property name="java.awt.printerjob" value="sun.print.PSPrinterJob"/>
    <property name="sun.os.patch.level" value="unknown"/>
    <property name="hadoop.tmp.dir" value="/home/runner/work/ozone/ozone/hadoop-ozone/integration-test/target/tmp"/>
    <property name="java.library.path" value="/usr/java/packages/lib/amd64:/usr/lib64:/lib64:/lib:/usr/lib"/>
    <property name="java.vm.info" value="mixed mode"/>
    <property name="java.vendor" value="Azul Systems, Inc."/>
    <property name="java.vm.version" value="25.345-b01"/>
    <property name="java.ext.dirs" value="/opt/hostedtoolcache/jdk/8.0.345/x64/jre/lib/ext:/usr/java/packages/lib/ext"/>
    <property name="sun.io.unicode.encoding" value="UnicodeLittle"/>
    <property name="java.class.version" value="52.0"/>
  </properties>
  <testcase name="testGetTrashRoot" classname="TestOzoneFileSystem" time="21.169">
    <system-out><![CDATA[2022-09-28 15:51:37,268 [main] WARN  server.ServerUtils (ServerUtils.java:getScmDbDir(148)) - ozone.scm.db.dirs is not configured. We recommend adding this setting. Falling back to ozone.metadata.dirs instead.
2022-09-28 15:51:37,345 [main] WARN  server.ServerUtils (ServerUtils.java:getScmDbDir(148)) - ozone.scm.db.dirs is not configured. We recommend adding this setting. Falling back to ozone.metadata.dirs instead.
2022-09-28 15:51:37,348 [main] INFO  ha.SCMHANodeDetails (SCMHANodeDetails.java:loadSCMHAConfig(209)) - ServiceID for StorageContainerManager is null
2022-09-28 15:51:37,359 [main] WARN  ha.SCMHANodeDetails (SCMHANodeDetails.java:validateSCMHAConfig(182)) - Invalid config ozone.scm.ratis.enable. The config was not specified, but the default value true conflicts with the expected config value false. Falling back to the expected value. Current State of SCM: SCM is running in Non-HA without Ratis Ratis SCM -> Non Ratis SCM or Non HA SCM -> HA SCM is not supported
2022-09-28 15:51:37,359 [main] INFO  ha.SCMHANodeDetails (SCMHANodeDetails.java:loadSCMHAConfig(214)) - ozone.scm.default.service.id is not defined, falling back to ozone.scm.service.ids to find serviceID for StorageContainerManager if it is HA enabled cluster
2022-09-28 15:51:37,922 [main] WARN  utils.HAUtils (HAUtils.java:getMetaDir(342)) - ozone.scm.db.dirs is not configured. We recommend adding this setting. Falling back to ozone.metadata.dirs instead.
2022-09-28 15:51:38,118 [main] WARN  db.DBStoreBuilder (DBStoreBuilder.java:applyDBDefinition(144)) - ozone.scm.db.dirs is not configured. We recommend adding this setting. Falling back to ozone.metadata.dirs instead.
2022-09-28 15:51:38,323 [main] INFO  net.NodeSchemaLoader (NodeSchemaLoader.java:loadSchemaFromFile(129)) - Loading schema from [jar:file:/home/runner/.m2/repository/org/apache/ozone/hdds-common/1.3.0-SNAPSHOT/hdds-common-1.3.0-SNAPSHOT.jar!/network-topology-default.xml]
2022-09-28 15:51:38,325 [main] INFO  net.NodeSchemaLoader (NodeSchemaLoader.java:loadSchema(176)) - Loading network topology layer schema file
2022-09-28 15:51:38,378 [main] INFO  metrics.MetricRegistries (MetricRegistriesLoader.java:load(64)) - Loaded MetricRegistries class org.apache.ratis.metrics.impl.MetricRegistriesImpl
2022-09-28 15:51:38,386 [main] INFO  upgrade.AbstractLayoutVersionManager (AbstractLayoutVersionManager.java:init(83)) - Initializing Layout version manager with metadata layout = DATANODE_SCHEMA_V3 (version = 4), software layout = DATANODE_SCHEMA_V3 (version = 4)
2022-09-28 15:51:38,626 [main] INFO  reflections.Reflections (Reflections.java:scan(232)) - Reflections took 148 ms to scan 7 urls, producing 135 keys and 327 values 
2022-09-28 15:51:38,738 [main] INFO  ha.SequenceIdGenerator (SequenceIdGenerator.java:upgradeToSequenceId(349)) - upgrade localId to 109611004723200000
2022-09-28 15:51:38,738 [main] INFO  ha.SequenceIdGenerator (SequenceIdGenerator.java:upgradeToSequenceId(359)) - upgrade delTxnId to 0
2022-09-28 15:51:38,742 [main] INFO  ha.SequenceIdGenerator (SequenceIdGenerator.java:upgradeToSequenceId(376)) - upgrade containerId to 0
2022-09-28 15:51:38,744 [main] INFO  ha.SequenceIdGenerator (SequenceIdGenerator.java:<init>(220)) - Init the HA SequenceIdGenerator.
2022-09-28 15:51:38,784 [main] WARN  server.ServerUtils (ServerUtils.java:sanitizeUserArgs(73)) - ozone.scm.stale.node.interval value = 300000 is larger than max = 100000 based on the key value of ozone.scm.heartbeat.thread.interval, reset to the max value 100000.
2022-09-28 15:51:38,785 [main] WARN  server.ServerUtils (ServerUtils.java:sanitizeUserArgs(73)) - ozone.scm.stale.node.interval value = 300000 is larger than max = 100000 based on the key value of ozone.scm.heartbeat.thread.interval, reset to the max value 100000.
2022-09-28 15:51:38,793 [main] INFO  node.SCMNodeManager (SCMNodeManager.java:<init>(149)) - Entering startup safe mode.
2022-09-28 15:51:38,865 [main] INFO  algorithms.ContainerPlacementPolicyFactory (ContainerPlacementPolicyFactory.java:getPolicyInternal(86)) - Create container placement policy of type org.apache.hadoop.hdds.scm.container.placement.algorithms.SCMContainerPlacementRandom
2022-09-28 15:51:38,867 [main] INFO  algorithms.ContainerPlacementPolicyFactory (ContainerPlacementPolicyFactory.java:getPolicyInternal(86)) - Create container placement policy of type org.apache.hadoop.hdds.scm.container.placement.algorithms.SCMContainerPlacementRackScatter
2022-09-28 15:51:38,876 [main] INFO  pipeline.PipelineStateManagerImpl (PipelineStateManagerImpl.java:initialize(78)) - No pipeline exists in current db
2022-09-28 15:51:38,911 [main] INFO  algorithms.LeaderChoosePolicyFactory (LeaderChoosePolicyFactory.java:getPolicy(57)) - Create leader choose policy of type org.apache.hadoop.hdds.scm.pipeline.leader.choose.algorithms.MinLeaderCountChoosePolicy
2022-09-28 15:51:38,912 [main] INFO  algorithms.ContainerPlacementPolicyFactory (ContainerPlacementPolicyFactory.java:getPolicyInternal(86)) - Create container placement policy of type org.apache.hadoop.hdds.scm.container.placement.algorithms.SCMContainerPlacementRackScatter
2022-09-28 15:51:38,918 [main] INFO  ha.SCMServiceManager (SCMServiceManager.java:register(42)) - Registering service BackgroundPipelineCreator.
2022-09-28 15:51:38,918 [main] INFO  pipeline.BackgroundPipelineCreator (BackgroundPipelineCreator.java:start(124)) - Starting RatisPipelineUtilsThread.
2022-09-28 15:51:38,922 [main] INFO  BackgroundPipelineScrubber (BackgroundSCMService.java:start(68)) - Starting BackgroundPipelineScrubber Service.
2022-09-28 15:51:38,923 [main] INFO  ha.SCMServiceManager (SCMServiceManager.java:register(42)) - Registering service BackgroundPipelineScrubber.
2022-09-28 15:51:38,933 [main] INFO  ExpiredContainerReplicaOpScrubber (BackgroundSCMService.java:start(68)) - Starting ExpiredContainerReplicaOpScrubber Service.
2022-09-28 15:51:38,933 [main] INFO  ha.SCMServiceManager (SCMServiceManager.java:register(42)) - Registering service ExpiredContainerReplicaOpScrubber.
2022-09-28 15:51:38,980 [main] INFO  algorithms.PipelineChoosePolicyFactory (PipelineChoosePolicyFactory.java:createPipelineChoosePolicyFromClass(73)) - Create pipeline choose policy of type org.apache.hadoop.hdds.scm.pipeline.choose.algorithms.RandomPipelineChoosePolicy
2022-09-28 15:51:39,004 [main] INFO  ha.SCMServiceManager (SCMServiceManager.java:register(42)) - Registering service SCMBlockDeletingService.
2022-09-28 15:51:39,056 [main] INFO  replication.ReplicationManager (ReplicationManager.java:start(221)) - Starting Replication Monitor Thread.
2022-09-28 15:51:39,063 [main] INFO  ha.SCMServiceManager (SCMServiceManager.java:register(42)) - Registering service ReplicationManager.
2022-09-28 15:51:39,067 [ReplicationMonitor] INFO  replication.ReplicationManager (ReplicationManager.java:processAll(289)) - Replication Manager is not ready to run until 3000ms after safemode exit
2022-09-28 15:51:39,074 [main] INFO  safemode.ContainerSafeModeRule (ContainerSafeModeRule.java:<init>(89)) - containers with one replica threshold count 0
2022-09-28 15:51:39,079 [main] INFO  safemode.HealthyPipelineSafeModeRule (HealthyPipelineSafeModeRule.java:initializeRule(169)) - Total pipeline count is 0, healthy pipeline threshold count is 1
2022-09-28 15:51:39,085 [main] INFO  safemode.OneReplicaPipelineSafeModeRule (OneReplicaPipelineSafeModeRule.java:initializeRule(180)) - Total pipeline count is 0, pipeline's with at least one datanode reported threshold count is 0
2022-09-28 15:51:39,360 [main] INFO  audit.AuditLogger (AuditLogger.java:refreshDebugCmdSet(126)) - Refresh DebugCmdSet for SCMAudit to [].
2022-09-28 15:51:39,389 [main] INFO  ipc.CallQueueManager (CallQueueManager.java:<init>(90)) - Using callQueue: class java.util.concurrent.LinkedBlockingQueue, queueCapacity: 2000, scheduler: class org.apache.hadoop.ipc.DefaultRpcScheduler, ipcBackoff: false.
2022-09-28 15:51:39,429 [Socket Reader #1 for port 0] INFO  ipc.Server (Server.java:run(1265)) - Starting Socket Reader #1 for port 0
2022-09-28 15:51:39,488 [Listener at 0.0.0.0/43449] INFO  audit.AuditLogger (AuditLogger.java:refreshDebugCmdSet(126)) - Refresh DebugCmdSet for SCMAudit to [].
2022-09-28 15:51:39,493 [Listener at 0.0.0.0/43449] INFO  ipc.CallQueueManager (CallQueueManager.java:<init>(90)) - Using callQueue: class java.util.concurrent.LinkedBlockingQueue, queueCapacity: 2000, scheduler: class org.apache.hadoop.ipc.DefaultRpcScheduler, ipcBackoff: false.
2022-09-28 15:51:39,495 [Socket Reader #1 for port 0] INFO  ipc.Server (Server.java:run(1265)) - Starting Socket Reader #1 for port 0
2022-09-28 15:51:39,521 [Listener at 0.0.0.0/38917] INFO  audit.AuditLogger (AuditLogger.java:refreshDebugCmdSet(126)) - Refresh DebugCmdSet for SCMAudit to [].
2022-09-28 15:51:39,534 [Listener at 0.0.0.0/38917] INFO  ipc.CallQueueManager (CallQueueManager.java:<init>(90)) - Using callQueue: class java.util.concurrent.LinkedBlockingQueue, queueCapacity: 2000, scheduler: class org.apache.hadoop.ipc.DefaultRpcScheduler, ipcBackoff: false.
2022-09-28 15:51:39,535 [Socket Reader #1 for port 0] INFO  ipc.Server (Server.java:run(1265)) - Starting Socket Reader #1 for port 0
2022-09-28 15:51:39,708 [Listener at 0.0.0.0/36451] INFO  ha.SCMServiceManager (SCMServiceManager.java:register(42)) - Registering service ContainerBalancer.
2022-09-28 15:51:39,711 [Listener at 0.0.0.0/36451] INFO  server.StorageContainerManager (StorageContainerManager.java:<init>(410)) - 
Container Balancer status:
Key                            Value
Running                        false
Container Balancer Configuration values:
Key                                                Value
Threshold                                          10
Max Datanodes to Involve per Iteration(percent)    20
Max Size to Move per Iteration                     500GB
Max Size Entering Target per Iteration             26GB
Max Size Leaving Source per Iteration              26GB

2022-09-28 15:51:39,711 [Listener at 0.0.0.0/36451] WARN  events.EventQueue (EventQueue.java:fireEvent(216)) - No event handler registered for event TypedEvent{payloadType=SafeModeStatus, name='Safe mode status'}
2022-09-28 15:51:39,711 [Listener at 0.0.0.0/36451] INFO  ha.SCMContext (SCMContext.java:updateSafeModeStatus(228)) - Update SafeModeStatus from SafeModeStatus{safeModeStatus=true, preCheckPassed=false} to SafeModeStatus{safeModeStatus=true, preCheckPassed=false}.
2022-09-28 15:51:39,716 [Listener at 0.0.0.0/36451] INFO  server.StorageContainerManager (StorageContainerManager.java:start(1436)) - StorageContainerLocationProtocol RPC server is listening at /0.0.0.0:36451
2022-09-28 15:51:39,782 [Listener at 0.0.0.0/36451] WARN  impl.MetricsConfig (MetricsConfig.java:loadFirst(136)) - Cannot locate configuration: tried hadoop-metrics2-storagecontainermanager.properties,hadoop-metrics2.properties
2022-09-28 15:51:39,799 [Listener at 0.0.0.0/36451] INFO  impl.MetricsSystemImpl (MetricsSystemImpl.java:startTimer(378)) - Scheduled Metric snapshot period at 10 second(s).
2022-09-28 15:51:39,799 [Listener at 0.0.0.0/36451] INFO  impl.MetricsSystemImpl (MetricsSystemImpl.java:start(191)) - StorageContainerManager metrics system started
2022-09-28 15:51:40,037 [Listener at 0.0.0.0/36451] INFO  server.SCMClientProtocolServer (SCMClientProtocolServer.java:start(170)) - RPC server for Client  is listening at /0.0.0.0:36451
2022-09-28 15:51:40,038 [IPC Server Responder] INFO  ipc.Server (Server.java:run(1507)) - IPC Server Responder: starting
2022-09-28 15:51:40,043 [IPC Server listener on 0] INFO  ipc.Server (Server.java:run(1344)) - IPC Server listener on 0: starting
2022-09-28 15:51:40,045 [Listener at 0.0.0.0/36451] INFO  server.StorageContainerManager (StorageContainerManager.java:start(1451)) - ScmBlockLocationProtocol RPC server is listening at /0.0.0.0:38917
2022-09-28 15:51:40,046 [Listener at 0.0.0.0/36451] INFO  server.SCMBlockProtocolServer (SCMBlockProtocolServer.java:start(152)) - RPC server for Block Protocol is listening at /0.0.0.0:38917
2022-09-28 15:51:40,047 [IPC Server Responder] INFO  ipc.Server (Server.java:run(1507)) - IPC Server Responder: starting
2022-09-28 15:51:40,047 [IPC Server listener on 0] INFO  ipc.Server (Server.java:run(1344)) - IPC Server listener on 0: starting
2022-09-28 15:51:40,049 [Listener at 0.0.0.0/36451] INFO  server.SCMDatanodeProtocolServer (SCMDatanodeProtocolServer.java:start(186)) - ScmDatanodeProtocol RPC server for DataNodes is listening at /0.0.0.0:43449
2022-09-28 15:51:40,049 [IPC Server Responder] INFO  ipc.Server (Server.java:run(1507)) - IPC Server Responder: starting
2022-09-28 15:51:40,049 [IPC Server listener on 0] INFO  ipc.Server (Server.java:run(1344)) - IPC Server listener on 0: starting
2022-09-28 15:51:40,059 [org.apache.hadoop.util.JvmPauseMonitor$Monitor@4549d616] INFO  util.JvmPauseMonitor (JvmPauseMonitor.java:run(188)) - Starting JVM pause monitor
2022-09-28 15:51:40,078 [Listener at 0.0.0.0/36451] INFO  http.BaseHttpServer (BaseHttpServer.java:newHttpServer2BuilderForOzone(213)) - Starting Web-server for scm at: http://0.0.0.0:0
2022-09-28 15:51:40,078 [Listener at 0.0.0.0/36451] INFO  http.BaseHttpServer (BaseHttpServer.java:<init>(108)) - Hadoop Security Enabled: false Ozone Security Enabled: false Ozone HTTP Security Enabled: false 
2022-09-28 15:51:40,106 [Listener at 0.0.0.0/36451] INFO  util.log (Log.java:initialized(170)) - Logging initialized @4294ms to org.eclipse.jetty.util.log.Slf4jLog
2022-09-28 15:51:40,214 [Listener at 0.0.0.0/36451] INFO  server.AuthenticationFilter (AuthenticationFilter.java:constructSecretProvider(240)) - Unable to initialize FileSignerSecretProvider, falling back to use random secrets.
2022-09-28 15:51:40,223 [Listener at 0.0.0.0/36451] WARN  http.HttpRequestLog (HttpRequestLog.java:getRequestLog(103)) - Jetty request log can only be enabled using Log4j
2022-09-28 15:51:40,229 [Listener at 0.0.0.0/36451] INFO  http.HttpServer2 (HttpServer2.java:addGlobalFilter(1029)) - Added global filter 'safety' (class=org.apache.hadoop.hdds.server.http.HttpServer2$QuotingInputFilter)
2022-09-28 15:51:40,231 [Listener at 0.0.0.0/36451] INFO  http.HttpServer2 (HttpServer2.java:addFilter(1005)) - Added filter static_user_filter (class=org.apache.hadoop.http.lib.StaticUserWebFilter$StaticUserFilter) to context scm
2022-09-28 15:51:40,231 [Listener at 0.0.0.0/36451] INFO  http.HttpServer2 (HttpServer2.java:addFilter(1013)) - Added filter static_user_filter (class=org.apache.hadoop.http.lib.StaticUserWebFilter$StaticUserFilter) to context static
2022-09-28 15:51:40,232 [Listener at 0.0.0.0/36451] INFO  http.HttpServer2 (HttpServer2.java:addFilter(1013)) - Added filter static_user_filter (class=org.apache.hadoop.http.lib.StaticUserWebFilter$StaticUserFilter) to context logs
2022-09-28 15:51:40,270 [Listener at 0.0.0.0/36451] INFO  http.HttpServer2 (HttpServer2.java:bindListener(1248)) - Jetty bound to port 39321
2022-09-28 15:51:40,272 [Listener at 0.0.0.0/36451] INFO  server.Server (Server.java:doStart(375)) - jetty-9.4.43.v20210629; built: 2021-06-30T11:07:22.254Z; git: 526006ecfa3af7f1a27ef3a288e2bef7ea9dd7e8; jvm 1.8.0_345-b01
2022-09-28 15:51:40,311 [Listener at 0.0.0.0/36451] INFO  server.session (DefaultSessionIdManager.java:doStart(334)) - DefaultSessionIdManager workerName=node0
2022-09-28 15:51:40,311 [Listener at 0.0.0.0/36451] INFO  server.session (DefaultSessionIdManager.java:doStart(339)) - No SessionScavenger set, using defaults
2022-09-28 15:51:40,313 [Listener at 0.0.0.0/36451] INFO  server.session (HouseKeeper.java:startScavenging(132)) - node0 Scavenging every 660000ms
2022-09-28 15:51:40,335 [Listener at 0.0.0.0/36451] INFO  handler.ContextHandler (ContextHandler.java:doStart(915)) - Started o.e.j.s.ServletContextHandler@3ad9fea{logs,/logs,file:///home/runner/work/ozone/ozone/hadoop-ozone/integration-test/target/log,AVAILABLE}
2022-09-28 15:51:40,335 [Listener at 0.0.0.0/36451] INFO  handler.ContextHandler (ContextHandler.java:doStart(915)) - Started o.e.j.s.ServletContextHandler@50d6af87{static,/static,file:///home/runner/work/ozone/ozone/hadoop-ozone/integration-test/target/test-classes/webapps/static,AVAILABLE}
2022-09-28 15:51:40,378 [Listener at 0.0.0.0/36451] INFO  handler.ContextHandler (ContextHandler.java:doStart(915)) - Started o.e.j.w.WebAppContext@7e1ce99c{scm,/,file:///home/runner/work/ozone/ozone/hadoop-ozone/integration-test/target/test-classes/webapps/scm/,AVAILABLE}{file:/home/runner/work/ozone/ozone/hadoop-ozone/integration-test/target/test-classes/webapps/scm}
2022-09-28 15:51:40,391 [Listener at 0.0.0.0/36451] INFO  server.AbstractConnector (AbstractConnector.java:doStart(331)) - Started ServerConnector@41092c8{HTTP/1.1, (http/1.1)}{0.0.0.0:39321}
2022-09-28 15:51:40,391 [Listener at 0.0.0.0/36451] INFO  server.Server (Server.java:doStart(415)) - Started @4580ms
2022-09-28 15:51:40,396 [Listener at 0.0.0.0/36451] INFO  impl.MetricsSinkAdapter (MetricsSinkAdapter.java:start(204)) - Sink prometheus started
2022-09-28 15:51:40,397 [Listener at 0.0.0.0/36451] INFO  impl.MetricsSystemImpl (MetricsSystemImpl.java:registerSink(305)) - Registered sink prometheus
2022-09-28 15:51:40,398 [Listener at 0.0.0.0/36451] INFO  http.BaseHttpServer (BaseHttpServer.java:updateConnectorAddress(333)) - HTTP server of scm listening at http://0.0.0.0:39321
2022-09-28 15:51:40,399 [Listener at 0.0.0.0/36451] WARN  server.ServerUtils (ServerUtils.java:getDBPath(225)) - ozone.om.db.dirs is not configured. We recommend adding this setting. Falling back to ozone.metadata.dirs instead.
2022-09-28 15:51:40,448 [Listener at 0.0.0.0/36451] INFO  audit.AuditLogger (AuditLogger.java:refreshDebugCmdSet(126)) - Refresh DebugCmdSet for OMAudit to [].
2022-09-28 15:51:40,521 [Listener at 0.0.0.0/36451] INFO  ha.OMHANodeDetails (OMHANodeDetails.java:loadOMHAConfig(115)) - ozone.om.internal.service.id is not defined, falling back to ozone.om.service.ids to find serviceID for OzoneManager if it is HA enabled cluster
2022-09-28 15:51:40,524 [Listener at 0.0.0.0/36451] INFO  ha.OMHANodeDetails (OMHANodeDetails.java:loadOMHAConfig(226)) - Configuration does not have ozone.om.address set. Falling back to the default OM address /127.0.0.1:0
2022-09-28 15:51:40,524 [Listener at 0.0.0.0/36451] INFO  ha.OMHANodeDetails (OMHANodeDetails.java:getOMNodeDetailsForNonHA(254)) - OM Service ID is not set. Setting it to the default ID: omServiceIdDefault
2022-09-28 15:51:40,525 [Listener at 0.0.0.0/36451] INFO  ha.OMHANodeDetails (OMHANodeDetails.java:getOMNodeDetailsForNonHA(261)) - OM Node ID is not set. Setting it to the default ID: om1
2022-09-28 15:51:40,528 [Listener at 0.0.0.0/36451] WARN  server.ServerUtils (ServerUtils.java:getDBPath(225)) - ozone.om.db.dirs is not configured. We recommend adding this setting. Falling back to ozone.metadata.dirs instead.
2022-09-28 15:51:40,530 [Listener at 0.0.0.0/36451] INFO  upgrade.AbstractLayoutVersionManager (AbstractLayoutVersionManager.java:init(83)) - Initializing Layout version manager with metadata layout = MULTITENANCY_SCHEMA (version = 3), software layout = MULTITENANCY_SCHEMA (version = 3)
2022-09-28 15:51:40,618 [Listener at 0.0.0.0/36451] INFO  reflections.Reflections (Reflections.java:scan(232)) - Reflections took 83 ms to scan 2 urls, producing 153 keys and 427 values [using 2 cores]
2022-09-28 15:51:40,623 [Listener at 0.0.0.0/36451] INFO  upgrade.OMLayoutVersionManager (OMLayoutVersionManager.java:lambda$0(115)) - Skipping Upgrade Action MockOmUpgradeAction since it has been finalized.
2022-09-28 15:51:40,624 [Listener at 0.0.0.0/36451] WARN  server.ServerUtils (ServerUtils.java:getDBPath(225)) - ozone.om.db.dirs is not configured. We recommend adding this setting. Falling back to ozone.metadata.dirs instead.
2022-09-28 15:51:40,792 [Listener at 0.0.0.0/36451] INFO  proxy.SCMBlockLocationFailoverProxyProvider (SCMBlockLocationFailoverProxyProvider.java:<init>(114)) - Created block location fail-over proxy with 1 nodes: [nodeId=scmNodeId,nodeAddress=/0.0.0.0:38917]
2022-09-28 15:51:40,819 [Listener at 0.0.0.0/36451] INFO  proxy.SCMBlockLocationFailoverProxyProvider (SCMBlockLocationFailoverProxyProvider.java:<init>(114)) - Created block location fail-over proxy with 1 nodes: [nodeId=scmNodeId,nodeAddress=/0.0.0.0:38917]
2022-09-28 15:51:41,062 [Listener at 0.0.0.0/36451] WARN  server.ServerUtils (ServerUtils.java:getDBPath(225)) - ozone.om.db.dirs is not configured. We recommend adding this setting. Falling back to ozone.metadata.dirs instead.
2022-09-28 15:51:41,070 [Listener at 0.0.0.0/36451] INFO  codec.OmKeyInfoCodec (OmKeyInfoCodec.java:<init>(49)) - OmKeyInfoCodec ignorePipeline = true
2022-09-28 15:51:41,071 [Listener at 0.0.0.0/36451] INFO  codec.RepeatedOmKeyInfoCodec (RepeatedOmKeyInfoCodec.java:<init>(41)) - RepeatedOmKeyInfoCodec ignorePipeline = true
2022-09-28 15:51:41,226 [Listener at 0.0.0.0/36451] INFO  om.OzoneManager (OzoneManager.java:instantiateServices(709)) - S3 Multi-Tenancy is disabled
2022-09-28 15:51:41,304 [Listener at 0.0.0.0/36451] INFO  om.OzoneManager (OzoneManager.java:addS3GVolumeToDB(4324)) - Created Volume s3v With Owner runner required for S3Gateway operations.
2022-09-28 15:51:41,364 [Listener at 0.0.0.0/36451] WARN  server.ServerUtils (ServerUtils.java:getDefaultRatisDirectory(237)) - Storage directory for Ratis is not configured. It is a good idea to map this to an SSD disk. Falling back to ozone.metadata.dirs
2022-09-28 15:51:41,364 [Listener at 0.0.0.0/36451] WARN  utils.OzoneManagerRatisUtils (OzoneManagerRatisUtils.java:getOMRatisSnapshotDirectory(434)) - ozone.om.ratis.snapshot.dir is not configured. Falling back to ozone.metadata.dirs config
2022-09-28 15:51:41,384 [Listener at 0.0.0.0/36451] WARN  server.ServerUtils (ServerUtils.java:getDefaultRatisDirectory(237)) - Storage directory for Ratis is not configured. It is a good idea to map this to an SSD disk. Falling back to ozone.metadata.dirs
2022-09-28 15:51:41,411 [Listener at 0.0.0.0/36451] INFO  ratis.OzoneManagerRatisServer (OzoneManagerRatisServer.java:<init>(160)) - Instantiating OM Ratis server with groupID: omServiceIdDefault and peers: localhost:9872
2022-09-28 15:51:41,419 [Listener at 0.0.0.0/36451] INFO  ratis.OzoneManagerStateMachine (OzoneManagerStateMachine.java:loadSnapshotInfoFromDB(632)) - LastAppliedIndex is set from TransactionInfo from OM DB as (t:0, i:~)
2022-09-28 15:51:41,468 [Listener at 0.0.0.0/36451] INFO  server.RaftServer (ConfUtils.java:logGet(46)) - raft.rpc.type = GRPC (default)
2022-09-28 15:51:41,550 [Listener at 0.0.0.0/36451] INFO  grpc.GrpcFactory (GrpcFactory.java:checkPooledByteBufAllocatorUseCacheForAllThreads(48)) - PERFORMANCE WARNING: useCacheForAllThreads is true that may cause Netty to create a lot garbage objects and, as a result, trigger GC.
	It is recommended to disable useCacheForAllThreads by setting -Dorg.apache.ratis.thirdparty.io.netty.allocator.useCacheForAllThreads=false in command line.
2022-09-28 15:51:41,554 [Listener at 0.0.0.0/36451] INFO  grpc.GrpcConfigKeys (ConfUtils.java:logGet(46)) - raft.grpc.admin.port = -1 (default)
2022-09-28 15:51:41,554 [Listener at 0.0.0.0/36451] INFO  grpc.GrpcConfigKeys (ConfUtils.java:logGet(46)) - raft.grpc.server.port = 9872 (custom)
2022-09-28 15:51:41,555 [Listener at 0.0.0.0/36451] INFO  grpc.GrpcConfigKeys (ConfUtils.java:logGet(46)) - raft.grpc.client.port = -1 (default)
2022-09-28 15:51:41,555 [Listener at 0.0.0.0/36451] INFO  grpc.GrpcConfigKeys (ConfUtils.java:logGet(46)) - raft.grpc.server.port = 9872 (custom)
2022-09-28 15:51:41,555 [Listener at 0.0.0.0/36451] INFO  grpc.GrpcConfigKeys (ConfUtils.java:logGet(46)) - raft.grpc.server.port = 9872 (custom)
2022-09-28 15:51:41,556 [Listener at 0.0.0.0/36451] INFO  server.GrpcService (ConfUtils.java:logGet(46)) - raft.grpc.message.size.max = 33554432 (custom)
2022-09-28 15:51:41,556 [Listener at 0.0.0.0/36451] INFO  server.RaftServerConfigKeys (ConfUtils.java:logGet(46)) - raft.server.log.appender.buffer.byte-limit = 33554432 (custom)
2022-09-28 15:51:41,557 [Listener at 0.0.0.0/36451] INFO  server.GrpcService (ConfUtils.java:logGet(46)) - raft.grpc.flow.control.window = 1MB (=1048576) (default)
2022-09-28 15:51:41,558 [Listener at 0.0.0.0/36451] INFO  server.RaftServerConfigKeys (ConfUtils.java:logGet(46)) - raft.server.rpc.request.timeout = 3000ms (default)
2022-09-28 15:51:41,574 [Listener at 0.0.0.0/36451] INFO  grpc.GrpcConfigKeys (ConfUtils.java:logGet(46)) - raft.grpc.server.async.request.thread.pool.cached = true (default)
2022-09-28 15:51:41,574 [Listener at 0.0.0.0/36451] INFO  grpc.GrpcConfigKeys (ConfUtils.java:logGet(46)) - raft.grpc.server.async.request.thread.pool.size = 32 (default)
2022-09-28 15:51:41,864 [Listener at 0.0.0.0/36451] INFO  impl.DataStreamServerImpl (ConfUtils.java:logGet(46)) - raft.datastream.type = DISABLED (default)
2022-09-28 15:51:41,867 [Listener at 0.0.0.0/36451] INFO  server.RaftServerConfigKeys (ConfUtils.java:logGet(46)) - raft.server.threadpool.proxy.cached = true (default)
2022-09-28 15:51:41,868 [Listener at 0.0.0.0/36451] INFO  server.RaftServerConfigKeys (ConfUtils.java:logGet(46)) - raft.server.threadpool.proxy.size = 0 (default)
2022-09-28 15:51:41,868 [Listener at 0.0.0.0/36451] INFO  server.RaftServerConfigKeys (ConfUtils.java:logGet(46)) - raft.server.rpc.slowness.timeout = 120s (custom)
2022-09-28 15:51:41,868 [Listener at 0.0.0.0/36451] INFO  server.RaftServerConfigKeys (ConfUtils.java:logGet(46)) - raft.server.leaderelection.leader.step-down.wait-time = 10s (default)
2022-09-28 15:51:41,871 [Listener at 0.0.0.0/36451] INFO  server.RaftServerConfigKeys (ConfUtils.java:logGet(46)) - raft.server.storage.dir = [/home/runner/work/ozone/ozone/hadoop-ozone/integration-test/target/test-dir/MiniOzoneClusterImpl-30c42134-6f07-4454-8a06-c8ace9e9986b/ozone-meta/ratis] (custom)
2022-09-28 15:51:41,879 [Listener at 0.0.0.0/36451] INFO  server.RaftServer (RaftServerProxy.java:addNew(96)) - om1: addNew group-C5BA1605619E:[om1|rpc:localhost:9872|priority:0] returns group-C5BA1605619E:java.util.concurrent.CompletableFuture@6b7d363c[Not completed]
2022-09-28 15:51:41,879 [Listener at 0.0.0.0/36451] INFO  om.OzoneManager (OzoneManager.java:initializeRatisServer(1976)) - OzoneManager Ratis server initialized at port 9872
2022-09-28 15:51:41,894 [Listener at 0.0.0.0/36451] INFO  om.OzoneManager (OzoneManager.java:getRpcServer(1099)) - Creating RPC Server
2022-09-28 15:51:41,939 [pool-55-thread-1] INFO  server.RaftServer$Division (RaftServerImpl.java:<init>(190)) - om1: new RaftServerImpl for group-C5BA1605619E:[om1|rpc:localhost:9872|priority:0] with OzoneManagerStateMachine:uninitialized
2022-09-28 15:51:41,958 [pool-55-thread-1] INFO  server.RaftServerConfigKeys (ConfUtils.java:logGet(46)) - raft.server.rpc.timeout.min = 1s (custom)
2022-09-28 15:51:41,960 [pool-55-thread-1] INFO  server.RaftServerConfigKeys (ConfUtils.java:logGet(46)) - raft.server.rpc.timeout.max = 1200ms (custom)
2022-09-28 15:51:41,960 [pool-55-thread-1] INFO  server.RaftServerConfigKeys (ConfUtils.java:logGet(46)) - raft.server.rpc.sleep.time = 25ms (default)
2022-09-28 15:51:41,960 [pool-55-thread-1] INFO  server.RaftServerConfigKeys (ConfUtils.java:logGet(46)) - raft.server.rpc.slowness.timeout = 120s (custom)
2022-09-28 15:51:41,967 [pool-55-thread-1] INFO  server.RaftServerConfigKeys (ConfUtils.java:logGet(46)) - raft.server.leaderelection.leader.step-down.wait-time = 10s (default)
2022-09-28 15:51:41,967 [pool-55-thread-1] INFO  server.RaftServerConfigKeys (ConfUtils.java:logGet(46)) - raft.server.sleep.deviation.threshold = 300ms (default)
2022-09-28 15:51:41,978 [pool-55-thread-1] INFO  server.RaftServer$Division (ServerState.java:<init>(107)) - om1@group-C5BA1605619E: ConfigurationManager, init=-1: [om1|rpc:localhost:9872|priority:0], old=null, confs=<EMPTY_MAP>
2022-09-28 15:51:41,979 [pool-55-thread-1] INFO  server.RaftServerConfigKeys (ConfUtils.java:logGet(46)) - raft.server.storage.dir = [/home/runner/work/ozone/ozone/hadoop-ozone/integration-test/target/test-dir/MiniOzoneClusterImpl-30c42134-6f07-4454-8a06-c8ace9e9986b/ozone-meta/ratis] (custom)
2022-09-28 15:51:42,011 [pool-55-thread-1] INFO  server.RaftServerConfigKeys (ConfUtils.java:logGet(46)) - raft.server.log.corruption.policy = EXCEPTION (default)
2022-09-28 15:51:42,026 [pool-55-thread-1] INFO  server.RaftServerConfigKeys (ConfUtils.java:logGet(46)) - raft.server.storage.free-space.min = 0MB (=0) (default)
2022-09-28 15:51:42,034 [pool-55-thread-1] INFO  storage.RaftStorageDirectory (RaftStorageDirectoryImpl.java:analyzeStorage(135)) - The storage directory /home/runner/work/ozone/ozone/hadoop-ozone/integration-test/target/test-dir/MiniOzoneClusterImpl-30c42134-6f07-4454-8a06-c8ace9e9986b/ozone-meta/ratis/bf265839-605b-3f16-9796-c5ba1605619e does not exist. Creating ...
2022-09-28 15:51:42,048 [pool-55-thread-1] INFO  storage.RaftStorageDirectory (RaftStorageDirectoryImpl.java:tryLock(230)) - Lock on /home/runner/work/ozone/ozone/hadoop-ozone/integration-test/target/test-dir/MiniOzoneClusterImpl-30c42134-6f07-4454-8a06-c8ace9e9986b/ozone-meta/ratis/bf265839-605b-3f16-9796-c5ba1605619e/in_use.lock acquired by nodename 13127@fv-az203-824
2022-09-28 15:51:42,067 [pool-55-thread-1] INFO  storage.RaftStorage (RaftStorageImpl.java:format(89)) - Storage directory /home/runner/work/ozone/ozone/hadoop-ozone/integration-test/target/test-dir/MiniOzoneClusterImpl-30c42134-6f07-4454-8a06-c8ace9e9986b/ozone-meta/ratis/bf265839-605b-3f16-9796-c5ba1605619e has been successfully formatted.
2022-09-28 15:51:42,072 [pool-55-thread-1] INFO  server.RaftServerConfigKeys (ConfUtils.java:logGet(46)) - raft.server.notification.no-leader.timeout = 120s (custom)
2022-09-28 15:51:42,074 [pool-55-thread-1] INFO  server.RaftServerConfigKeys (ConfUtils.java:logGet(46)) - raft.server.log.use.memory = false (default)
2022-09-28 15:51:42,102 [pool-55-thread-1] INFO  server.RaftServerConfigKeys (ConfUtils.java:logGet(46)) - raft.server.log.purge.gap = 1000000 (custom)
2022-09-28 15:51:42,102 [pool-55-thread-1] INFO  server.RaftServerConfigKeys (ConfUtils.java:logGet(46)) - raft.server.log.appender.buffer.byte-limit = 33554432 (custom)
2022-09-28 15:51:42,112 [pool-55-thread-1] INFO  server.RaftServerConfigKeys (ConfUtils.java:logGet(46)) - raft.server.log.statemachine.data.read.timeout = 1000ms (default)
2022-09-28 15:51:42,144 [pool-55-thread-1] INFO  server.RaftServerConfigKeys (ConfUtils.java:logGet(46)) - raft.server.log.segment.size.max = 4194304 (custom)
2022-09-28 15:51:42,162 [pool-55-thread-1] INFO  server.RaftServerConfigKeys (ConfUtils.java:logGet(46)) - raft.server.log.segment.cache.num.max = 2 (custom)
2022-09-28 15:51:42,168 [pool-55-thread-1] INFO  server.RaftServerConfigKeys (ConfUtils.java:logGet(46)) - raft.server.log.segment.cache.size.max = 200MB (=209715200) (default)
2022-09-28 15:51:42,177 [pool-55-thread-1] INFO  segmented.SegmentedRaftLogWorker (SegmentedRaftLogWorker.java:<init>(187)) - new om1@group-C5BA1605619E-SegmentedRaftLogWorker for RaftStorageImpl:Storage Directory /home/runner/work/ozone/ozone/hadoop-ozone/integration-test/target/test-dir/MiniOzoneClusterImpl-30c42134-6f07-4454-8a06-c8ace9e9986b/ozone-meta/ratis/bf265839-605b-3f16-9796-c5ba1605619e
2022-09-28 15:51:42,177 [pool-55-thread-1] INFO  server.RaftServerConfigKeys (ConfUtils.java:logGet(46)) - raft.server.log.queue.byte-limit = 64MB (=67108864) (default)
2022-09-28 15:51:42,178 [pool-55-thread-1] INFO  server.RaftServerConfigKeys (ConfUtils.java:logGet(46)) - raft.server.log.queue.element-limit = 4096 (default)
2022-09-28 15:51:42,178 [pool-55-thread-1] INFO  server.RaftServerConfigKeys (ConfUtils.java:logGet(46)) - raft.server.log.segment.size.max = 4194304 (custom)
2022-09-28 15:51:42,183 [pool-55-thread-1] INFO  server.RaftServerConfigKeys (ConfUtils.java:logGet(46)) - raft.server.log.preallocated.size = 4194304 (custom)
2022-09-28 15:51:42,183 [pool-55-thread-1] INFO  server.RaftServerConfigKeys (ConfUtils.java:logGet(46)) - raft.server.log.force.sync.num = 128 (default)
2022-09-28 15:51:42,184 [pool-55-thread-1] INFO  server.RaftServerConfigKeys (ConfUtils.java:logGet(46)) - raft.server.log.statemachine.data.sync = true (default)
2022-09-28 15:51:42,185 [pool-55-thread-1] INFO  server.RaftServerConfigKeys (ConfUtils.java:logGet(46)) - raft.server.log.statemachine.data.sync.timeout = 10s (default)
2022-09-28 15:51:42,185 [pool-55-thread-1] INFO  server.RaftServerConfigKeys (ConfUtils.java:logGet(46)) - raft.server.log.statemachine.data.sync.timeout.retry = -1 (default)
2022-09-28 15:51:42,207 [pool-55-thread-1] INFO  server.RaftServerConfigKeys (ConfUtils.java:logGet(46)) - raft.server.log.write.buffer.size = 64KB (=65536) (default)
2022-09-28 15:51:42,208 [pool-55-thread-1] INFO  server.RaftServerConfigKeys (ConfUtils.java:logGet(46)) - raft.server.log.unsafe-flush.enabled = false (default)
2022-09-28 15:51:42,208 [pool-55-thread-1] INFO  server.RaftServerConfigKeys (ConfUtils.java:logGet(46)) - raft.server.log.statemachine.data.caching.enabled = false (default)
2022-09-28 15:51:42,216 [pool-55-thread-1] INFO  segmented.SegmentedRaftLogWorker (SegmentedRaftLogWorker.java:lambda$new$0(135)) - om1@group-C5BA1605619E-SegmentedRaftLogWorker: flushIndex: setUnconditionally 0 -> -1
2022-09-28 15:51:42,217 [pool-55-thread-1] INFO  segmented.SegmentedRaftLogWorker (SegmentedRaftLogWorker.java:lambda$new$0(135)) - om1@group-C5BA1605619E-SegmentedRaftLogWorker: safeCacheEvictIndex: setUnconditionally 0 -> -1
2022-09-28 15:51:42,230 [pool-55-thread-1] INFO  server.RaftServerConfigKeys (ConfUtils.java:logGet(46)) - raft.server.snapshot.auto.trigger.enabled = true (custom)
2022-09-28 15:51:42,231 [pool-55-thread-1] INFO  server.RaftServerConfigKeys (ConfUtils.java:logGet(46)) - raft.server.snapshot.auto.trigger.threshold = 400000 (default)
2022-09-28 15:51:42,231 [pool-55-thread-1] INFO  server.RaftServerConfigKeys (ConfUtils.java:logGet(46)) - raft.server.snapshot.retention.file.num = -1 (default)
2022-09-28 15:51:42,232 [pool-55-thread-1] INFO  server.RaftServerConfigKeys (ConfUtils.java:logGet(46)) - raft.server.log.purge.upto.snapshot.index = true (custom)
2022-09-28 15:51:42,234 [pool-55-thread-1] INFO  server.RaftServerConfigKeys (ConfUtils.java:logGet(46)) - raft.server.retrycache.expirytime = 300s (custom)
2022-09-28 15:51:42,234 [pool-55-thread-1] INFO  server.RaftServerConfigKeys (ConfUtils.java:logGet(46)) - raft.server.retrycache.statistics.expirytime = 100μs (default)
2022-09-28 15:51:42,329 [pool-55-thread-1] INFO  server.RaftServerConfigKeys (ConfUtils.java:logGet(46)) - raft.server.log.appender.install.snapshot.enabled = false (custom)
2022-09-28 15:51:42,329 [pool-55-thread-1] INFO  server.RaftServerConfigKeys (ConfUtils.java:logGet(46)) - raft.server.threadpool.server.cached = true (default)
2022-09-28 15:51:42,329 [pool-55-thread-1] INFO  server.RaftServerConfigKeys (ConfUtils.java:logGet(46)) - raft.server.threadpool.server.size = 0 (default)
2022-09-28 15:51:42,330 [pool-55-thread-1] INFO  server.RaftServerConfigKeys (ConfUtils.java:logGet(46)) - raft.server.threadpool.client.cached = true (default)
2022-09-28 15:51:42,330 [pool-55-thread-1] INFO  server.RaftServerConfigKeys (ConfUtils.java:logGet(46)) - raft.server.threadpool.client.size = 0 (default)
2022-09-28 15:51:42,731 [Listener at 0.0.0.0/36451] INFO  reflections.Reflections (Reflections.java:scan(232)) - Reflections took 774 ms to scan 19 urls, producing 67 keys and 4204 values [using 2 cores]
2022-09-28 15:51:42,904 [Listener at 0.0.0.0/36451] INFO  ipc.CallQueueManager (CallQueueManager.java:<init>(90)) - Using callQueue: class java.util.concurrent.LinkedBlockingQueue, queueCapacity: 2000, scheduler: class org.apache.hadoop.ipc.DefaultRpcScheduler, ipcBackoff: false.
2022-09-28 15:51:42,907 [Socket Reader #1 for port 0] INFO  ipc.Server (Server.java:run(1265)) - Starting Socket Reader #1 for port 0
2022-09-28 15:51:42,939 [Listener at 127.0.0.1/36317] INFO  impl.MetricsSystemImpl (MetricsSystemImpl.java:init(158)) - OzoneManager metrics system started (again)
2022-09-28 15:51:42,952 [Listener at 127.0.0.1/36317] INFO  om.OzoneManager (OzoneManager.java:start(1483)) - OzoneManager RPC server is listening at localhost/127.0.0.1:36317
2022-09-28 15:51:42,953 [Listener at 127.0.0.1/36317] INFO  ratis.OzoneManagerRatisServer (OzoneManagerRatisServer.java:start(555)) - Starting OzoneManagerRatisServer om1 at port 9872
2022-09-28 15:51:42,955 [om1-impl-thread1] INFO  server.RaftServer$Division (RaftServerImpl.java:start(310)) - om1@group-C5BA1605619E: start as a follower, conf=-1: [om1|rpc:localhost:9872|priority:0], old=null
2022-09-28 15:51:42,956 [om1-impl-thread1] INFO  server.RaftServer$Division (RaftServerImpl.java:setRole(299)) - om1@group-C5BA1605619E: changes role from      null to FOLLOWER at term 0 for startAsFollower
2022-09-28 15:51:42,957 [om1-impl-thread1] INFO  impl.RoleInfo (RoleInfo.java:updateAndGet(139)) - om1: start om1@group-C5BA1605619E-FollowerState
2022-09-28 15:51:42,958 [om1-impl-thread1] INFO  util.JmxRegister (JmxRegister.java:tryRegister(44)) - Successfully registered JMX Bean with object name Ratis:service=RaftServer,group=group-C5BA1605619E,id=om1
2022-09-28 15:51:42,960 [Listener at 127.0.0.1/36317] INFO  server.RaftServer (RaftServerProxy.java:lambda$start$6(382)) - om1: start RPC server
2022-09-28 15:51:43,019 [Listener at 127.0.0.1/36317] INFO  server.GrpcService (GrpcService.java:startImpl(260)) - om1: GrpcService started, listening on 9872
2022-09-28 15:51:43,023 [Listener at 127.0.0.1/36317] INFO  om.OzoneManager (OzoneManager.java:start(1499)) - Version File has different layout version (3) than OM DB (null). That is expected if this OM has never been finalized to a newer layout version.
2022-09-28 15:51:43,025 [org.apache.ratis.util.JvmPauseMonitor$$Lambda$634/1800766250@28a186e4] INFO  util.JvmPauseMonitor (JvmPauseMonitor.java:run(103)) - JvmPauseMonitor-om1: Started
2022-09-28 15:51:43,046 [Listener at 127.0.0.1/36317] INFO  http.BaseHttpServer (BaseHttpServer.java:newHttpServer2BuilderForOzone(213)) - Starting Web-server for ozoneManager at: http://0.0.0.0:0
2022-09-28 15:51:43,046 [Listener at 127.0.0.1/36317] INFO  http.BaseHttpServer (BaseHttpServer.java:<init>(108)) - Hadoop Security Enabled: false Ozone Security Enabled: false Ozone HTTP Security Enabled: false 
2022-09-28 15:51:43,051 [Listener at 127.0.0.1/36317] INFO  server.AuthenticationFilter (AuthenticationFilter.java:constructSecretProvider(240)) - Unable to initialize FileSignerSecretProvider, falling back to use random secrets.
2022-09-28 15:51:43,052 [Listener at 127.0.0.1/36317] WARN  http.HttpRequestLog (HttpRequestLog.java:getRequestLog(103)) - Jetty request log can only be enabled using Log4j
2022-09-28 15:51:43,053 [Listener at 127.0.0.1/36317] INFO  http.HttpServer2 (HttpServer2.java:addGlobalFilter(1029)) - Added global filter 'safety' (class=org.apache.hadoop.hdds.server.http.HttpServer2$QuotingInputFilter)
2022-09-28 15:51:43,054 [Listener at 127.0.0.1/36317] INFO  http.HttpServer2 (HttpServer2.java:addFilter(1005)) - Added filter static_user_filter (class=org.apache.hadoop.http.lib.StaticUserWebFilter$StaticUserFilter) to context ozoneManager
2022-09-28 15:51:43,054 [Listener at 127.0.0.1/36317] INFO  http.HttpServer2 (HttpServer2.java:addFilter(1013)) - Added filter static_user_filter (class=org.apache.hadoop.http.lib.StaticUserWebFilter$StaticUserFilter) to context logs
2022-09-28 15:51:43,054 [Listener at 127.0.0.1/36317] INFO  http.HttpServer2 (HttpServer2.java:addFilter(1013)) - Added filter static_user_filter (class=org.apache.hadoop.http.lib.StaticUserWebFilter$StaticUserFilter) to context static
2022-09-28 15:51:43,059 [Listener at 127.0.0.1/36317] INFO  http.HttpServer2 (HttpServer2.java:bindListener(1248)) - Jetty bound to port 37111
2022-09-28 15:51:43,059 [Listener at 127.0.0.1/36317] INFO  server.Server (Server.java:doStart(375)) - jetty-9.4.43.v20210629; built: 2021-06-30T11:07:22.254Z; git: 526006ecfa3af7f1a27ef3a288e2bef7ea9dd7e8; jvm 1.8.0_345-b01
2022-09-28 15:51:43,065 [Listener at 127.0.0.1/36317] INFO  server.session (DefaultSessionIdManager.java:doStart(334)) - DefaultSessionIdManager workerName=node0
2022-09-28 15:51:43,065 [Listener at 127.0.0.1/36317] INFO  server.session (DefaultSessionIdManager.java:doStart(339)) - No SessionScavenger set, using defaults
2022-09-28 15:51:43,066 [Listener at 127.0.0.1/36317] INFO  server.session (HouseKeeper.java:startScavenging(132)) - node0 Scavenging every 660000ms
2022-09-28 15:51:43,079 [Listener at 127.0.0.1/36317] INFO  handler.ContextHandler (ContextHandler.java:doStart(915)) - Started o.e.j.s.ServletContextHandler@7b9b32f3{logs,/logs,file:///home/runner/work/ozone/ozone/hadoop-ozone/integration-test/target/log,AVAILABLE}
2022-09-28 15:51:43,080 [Listener at 127.0.0.1/36317] INFO  handler.ContextHandler (ContextHandler.java:doStart(915)) - Started o.e.j.s.ServletContextHandler@2423aa4a{static,/static,file:///home/runner/work/ozone/ozone/hadoop-ozone/integration-test/target/test-classes/webapps/static,AVAILABLE}
2022-09-28 15:51:43,083 [Listener at 127.0.0.1/36317] INFO  handler.ContextHandler (ContextHandler.java:doStart(915)) - Started o.e.j.w.WebAppContext@4f951635{ozoneManager,/,file:///home/runner/work/ozone/ozone/hadoop-ozone/integration-test/target/test-classes/webapps/ozoneManager/,AVAILABLE}{file:/home/runner/work/ozone/ozone/hadoop-ozone/integration-test/target/test-classes/webapps/ozoneManager}
2022-09-28 15:51:43,088 [Listener at 127.0.0.1/36317] INFO  server.AbstractConnector (AbstractConnector.java:doStart(331)) - Started ServerConnector@5976d578{HTTP/1.1, (http/1.1)}{0.0.0.0:37111}
2022-09-28 15:51:43,088 [Listener at 127.0.0.1/36317] INFO  server.Server (Server.java:doStart(415)) - Started @7277ms
2022-09-28 15:51:43,089 [Listener at 127.0.0.1/36317] WARN  impl.MetricsSystemImpl (MetricsSystemImpl.java:register(279)) - Sink prometheus already exists!
2022-09-28 15:51:43,089 [Listener at 127.0.0.1/36317] INFO  http.BaseHttpServer (BaseHttpServer.java:updateConnectorAddress(333)) - HTTP server of ozoneManager listening at http://0.0.0.0:37111
2022-09-28 15:51:43,099 [IPC Server Responder] INFO  ipc.Server (Server.java:run(1507)) - IPC Server Responder: starting
2022-09-28 15:51:43,107 [IPC Server listener on 0] INFO  ipc.Server (Server.java:run(1344)) - IPC Server listener on 0: starting
2022-09-28 15:51:43,158 [Listener at 127.0.0.1/36317] INFO  om.TrashPolicyOzone (TrashPolicyOzone.java:<init>(178)) - Ozone Manager trash configuration: Deletion interval = 0 minutes, Emptier interval = 0 minutes.
2022-09-28 15:51:43,167 [org.apache.hadoop.util.JvmPauseMonitor$Monitor@243b6f27] INFO  util.JvmPauseMonitor (JvmPauseMonitor.java:run(188)) - Starting JVM pause monitor
2022-09-28 15:51:43,325 [Listener at 127.0.0.1/36317] WARN  impl.MetricRegistriesImpl (MetricRegistriesImpl.java:addReporterRegistration(111)) - New reporters are added after registries were created. Some metrics will be missing from the reporter. Please add reporter before adding any new registry.
2022-09-28 15:51:43,325 [Listener at 127.0.0.1/36317] WARN  impl.MetricRegistriesImpl (MetricRegistriesImpl.java:addReporterRegistration(111)) - New reporters are added after registries were created. Some metrics will be missing from the reporter. Please add reporter before adding any new registry.
2022-09-28 15:51:43,326 [Listener at 127.0.0.1/36317] INFO  impl.MetricsSystemImpl (MetricsSystemImpl.java:init(158)) - HddsDatanode metrics system started (again)
2022-09-28 15:51:43,341 [Listener at 127.0.0.1/36317] INFO  ozone.HddsDatanodeService (HddsDatanodeService.java:start(236)) - HddsDatanodeService host:fv-az203-824.ild0l4k5vsluppoevu2oqvhmda.cx.internal.cloudapp.net ip:10.1.1.55
2022-09-28 15:51:43,370 [Listener at 127.0.0.1/36317] INFO  upgrade.AbstractLayoutVersionManager (AbstractLayoutVersionManager.java:init(83)) - Initializing Layout version manager with metadata layout = DATANODE_SCHEMA_V3 (version = 4), software layout = DATANODE_SCHEMA_V3 (version = 4)
2022-09-28 15:51:43,414 [Listener at 127.0.0.1/36317] INFO  reflections.Reflections (Reflections.java:scan(232)) - Reflections took 43 ms to scan 7 urls, producing 135 keys and 327 values 
2022-09-28 15:51:43,419 [Listener at 127.0.0.1/36317] INFO  statemachine.DatanodeStateMachine (DatanodeStateMachine.java:getEndPointTaskThreadPoolSize(237)) - Datanode State Machine Task Thread Pool size 2
2022-09-28 15:51:43,485 [Listener at 127.0.0.1/36317] INFO  volume.HddsVolume (HddsVolume.java:<init>(117)) - Creating HddsVolume: /home/runner/work/ozone/ozone/hadoop-ozone/integration-test/target/test-dir/MiniOzoneClusterImpl-30c42134-6f07-4454-8a06-c8ace9e9986b/datanode-0/data-0/containers/hdds of storage type : DISK capacity : 9223372036854775807
2022-09-28 15:51:43,487 [Listener at 127.0.0.1/36317] INFO  volume.MutableVolumeSet (MutableVolumeSet.java:initializeVolumeSet(174)) - Added Volume : /home/runner/work/ozone/ozone/hadoop-ozone/integration-test/target/test-dir/MiniOzoneClusterImpl-30c42134-6f07-4454-8a06-c8ace9e9986b/datanode-0/data-0/containers/hdds to VolumeSet
2022-09-28 15:51:43,488 [Listener at 127.0.0.1/36317] INFO  volume.ThrottledAsyncChecker (ThrottledAsyncChecker.java:schedule(141)) - Scheduling a check for /home/runner/work/ozone/ozone/hadoop-ozone/integration-test/target/test-dir/MiniOzoneClusterImpl-30c42134-6f07-4454-8a06-c8ace9e9986b/datanode-0/data-0/containers/hdds
2022-09-28 15:51:43,505 [Listener at 127.0.0.1/36317] INFO  volume.StorageVolumeChecker (StorageVolumeChecker.java:checkAllVolumes(202)) - Scheduled health check for volume /home/runner/work/ozone/ozone/hadoop-ozone/integration-test/target/test-dir/MiniOzoneClusterImpl-30c42134-6f07-4454-8a06-c8ace9e9986b/datanode-0/data-0/containers/hdds
2022-09-28 15:51:43,522 [Listener at 127.0.0.1/36317] INFO  volume.MutableVolumeSet (MutableVolumeSet.java:initializeVolumeSet(174)) - Added Volume : /home/runner/work/ozone/ozone/hadoop-ozone/integration-test/target/test-dir/MiniOzoneClusterImpl-30c42134-6f07-4454-8a06-c8ace9e9986b/datanode-0/data/ratis to VolumeSet
2022-09-28 15:51:43,522 [Listener at 127.0.0.1/36317] INFO  volume.ThrottledAsyncChecker (ThrottledAsyncChecker.java:schedule(141)) - Scheduling a check for /home/runner/work/ozone/ozone/hadoop-ozone/integration-test/target/test-dir/MiniOzoneClusterImpl-30c42134-6f07-4454-8a06-c8ace9e9986b/datanode-0/data/ratis
2022-09-28 15:51:43,522 [Listener at 127.0.0.1/36317] INFO  volume.StorageVolumeChecker (StorageVolumeChecker.java:checkAllVolumes(202)) - Scheduled health check for volume /home/runner/work/ozone/ozone/hadoop-ozone/integration-test/target/test-dir/MiniOzoneClusterImpl-30c42134-6f07-4454-8a06-c8ace9e9986b/datanode-0/data/ratis
2022-09-28 15:51:43,546 [Thread-136] INFO  ozoneimpl.ContainerReader (ContainerReader.java:readVolume(175)) - Finish verifying containers on volume /home/runner/work/ozone/ozone/hadoop-ozone/integration-test/target/test-dir/MiniOzoneClusterImpl-30c42134-6f07-4454-8a06-c8ace9e9986b/datanode-0/data-0/containers/hdds
2022-09-28 15:51:43,547 [Listener at 127.0.0.1/36317] INFO  ozoneimpl.OzoneContainer (OzoneContainer.java:buildContainerSet(300)) - Build ContainerSet costs 0s
2022-09-28 15:51:43,595 [Listener at 127.0.0.1/36317] INFO  audit.AuditLogger (AuditLogger.java:refreshDebugCmdSet(126)) - Refresh DebugCmdSet for DNAudit to [].
2022-09-28 15:51:43,624 [Listener at 127.0.0.1/36317] INFO  server.RaftServer (ConfUtils.java:logGet(46)) - raft.rpc.type = GRPC (default)
2022-09-28 15:51:43,624 [Listener at 127.0.0.1/36317] INFO  grpc.GrpcFactory (GrpcFactory.java:checkPooledByteBufAllocatorUseCacheForAllThreads(48)) - PERFORMANCE WARNING: useCacheForAllThreads is true that may cause Netty to create a lot garbage objects and, as a result, trigger GC.
	It is recommended to disable useCacheForAllThreads by setting -Dorg.apache.ratis.thirdparty.io.netty.allocator.useCacheForAllThreads=false in command line.
2022-09-28 15:51:43,625 [Listener at 127.0.0.1/36317] INFO  grpc.GrpcConfigKeys (ConfUtils.java:logGet(46)) - raft.grpc.admin.port = 0 (custom)
2022-09-28 15:51:43,626 [Listener at 127.0.0.1/36317] INFO  grpc.GrpcConfigKeys (ConfUtils.java:logGet(46)) - raft.grpc.client.port = 0 (custom)
2022-09-28 15:51:43,626 [Listener at 127.0.0.1/36317] INFO  grpc.GrpcConfigKeys (ConfUtils.java:logGet(46)) - raft.grpc.server.port = 0 (default)
2022-09-28 15:51:43,626 [Listener at 127.0.0.1/36317] INFO  server.GrpcService (ConfUtils.java:logGet(46)) - raft.grpc.message.size.max = 32MB (=33554432) (custom)
2022-09-28 15:51:43,626 [Listener at 127.0.0.1/36317] INFO  server.RaftServerConfigKeys (ConfUtils.java:logGet(46)) - raft.server.log.appender.buffer.byte-limit = 33554432 (custom)
2022-09-28 15:51:43,627 [Listener at 127.0.0.1/36317] INFO  server.GrpcService (ConfUtils.java:logGet(46)) - raft.grpc.flow.control.window = 5MB (=5242880) (custom)
2022-09-28 15:51:43,627 [Listener at 127.0.0.1/36317] INFO  server.RaftServerConfigKeys (ConfUtils.java:logGet(46)) - raft.server.rpc.request.timeout = 60s (custom)
2022-09-28 15:51:43,627 [Listener at 127.0.0.1/36317] INFO  grpc.GrpcConfigKeys (ConfUtils.java:logGet(46)) - raft.grpc.server.async.request.thread.pool.cached = true (default)
2022-09-28 15:51:43,627 [Listener at 127.0.0.1/36317] INFO  grpc.GrpcConfigKeys (ConfUtils.java:logGet(46)) - raft.grpc.server.async.request.thread.pool.size = 32 (default)
2022-09-28 15:51:43,629 [Listener at 127.0.0.1/36317] INFO  impl.DataStreamServerImpl (ConfUtils.java:logGet(46)) - raft.datastream.type = DISABLED (default)
2022-09-28 15:51:43,629 [Listener at 127.0.0.1/36317] INFO  server.RaftServerConfigKeys (ConfUtils.java:logGet(46)) - raft.server.threadpool.proxy.cached = true (default)
2022-09-28 15:51:43,629 [Listener at 127.0.0.1/36317] INFO  server.RaftServerConfigKeys (ConfUtils.java:logGet(46)) - raft.server.threadpool.proxy.size = 0 (default)
2022-09-28 15:51:43,631 [Listener at 127.0.0.1/36317] INFO  server.RaftServerConfigKeys (ConfUtils.java:logGet(46)) - raft.server.rpc.slowness.timeout = 300s (custom)
2022-09-28 15:51:43,631 [Listener at 127.0.0.1/36317] INFO  server.RaftServerConfigKeys (ConfUtils.java:logGet(46)) - raft.server.leaderelection.leader.step-down.wait-time = 10s (default)
2022-09-28 15:51:43,632 [Listener at 127.0.0.1/36317] INFO  server.RaftServerConfigKeys (ConfUtils.java:logGet(46)) - raft.server.storage.dir = [/home/runner/work/ozone/ozone/hadoop-ozone/integration-test/target/test-dir/MiniOzoneClusterImpl-30c42134-6f07-4454-8a06-c8ace9e9986b/datanode-0/data/ratis] (custom)
2022-09-28 15:51:43,652 [Listener at 127.0.0.1/36317] INFO  server.XceiverServerGrpc (XceiverServerGrpc.java:<init>(132)) - GrpcServer channel type EpollServerSocketChannel
2022-09-28 15:51:43,729 [Listener at 127.0.0.1/36317] INFO  http.BaseHttpServer (BaseHttpServer.java:newHttpServer2BuilderForOzone(213)) - Starting Web-server for hddsDatanode at: http://0.0.0.0:0
2022-09-28 15:51:43,729 [Listener at 127.0.0.1/36317] INFO  http.BaseHttpServer (BaseHttpServer.java:<init>(108)) - Hadoop Security Enabled: false Ozone Security Enabled: false Ozone HTTP Security Enabled: false 
2022-09-28 15:51:43,731 [Listener at 127.0.0.1/36317] INFO  server.AuthenticationFilter (AuthenticationFilter.java:constructSecretProvider(240)) - Unable to initialize FileSignerSecretProvider, falling back to use random secrets.
2022-09-28 15:51:43,732 [Listener at 127.0.0.1/36317] WARN  http.HttpRequestLog (HttpRequestLog.java:getRequestLog(103)) - Jetty request log can only be enabled using Log4j
2022-09-28 15:51:43,733 [Listener at 127.0.0.1/36317] INFO  http.HttpServer2 (HttpServer2.java:addGlobalFilter(1029)) - Added global filter 'safety' (class=org.apache.hadoop.hdds.server.http.HttpServer2$QuotingInputFilter)
2022-09-28 15:51:43,734 [Listener at 127.0.0.1/36317] INFO  http.HttpServer2 (HttpServer2.java:addFilter(1005)) - Added filter static_user_filter (class=org.apache.hadoop.http.lib.StaticUserWebFilter$StaticUserFilter) to context hddsDatanode
2022-09-28 15:51:43,734 [Listener at 127.0.0.1/36317] INFO  http.HttpServer2 (HttpServer2.java:addFilter(1013)) - Added filter static_user_filter (class=org.apache.hadoop.http.lib.StaticUserWebFilter$StaticUserFilter) to context static
2022-09-28 15:51:43,734 [Listener at 127.0.0.1/36317] INFO  http.HttpServer2 (HttpServer2.java:addFilter(1013)) - Added filter static_user_filter (class=org.apache.hadoop.http.lib.StaticUserWebFilter$StaticUserFilter) to context logs
2022-09-28 15:51:43,735 [Listener at 127.0.0.1/36317] INFO  http.HttpServer2 (HttpServer2.java:bindListener(1248)) - Jetty bound to port 45617
2022-09-28 15:51:43,735 [Listener at 127.0.0.1/36317] INFO  server.Server (Server.java:doStart(375)) - jetty-9.4.43.v20210629; built: 2021-06-30T11:07:22.254Z; git: 526006ecfa3af7f1a27ef3a288e2bef7ea9dd7e8; jvm 1.8.0_345-b01
2022-09-28 15:51:43,739 [Listener at 127.0.0.1/36317] INFO  server.session (DefaultSessionIdManager.java:doStart(334)) - DefaultSessionIdManager workerName=node0
2022-09-28 15:51:43,739 [Listener at 127.0.0.1/36317] INFO  server.session (DefaultSessionIdManager.java:doStart(339)) - No SessionScavenger set, using defaults
2022-09-28 15:51:43,740 [Listener at 127.0.0.1/36317] INFO  server.session (HouseKeeper.java:startScavenging(132)) - node0 Scavenging every 660000ms
2022-09-28 15:51:43,741 [Listener at 127.0.0.1/36317] INFO  handler.ContextHandler (ContextHandler.java:doStart(915)) - Started o.e.j.s.ServletContextHandler@3b5cfc26{logs,/logs,file:///home/runner/work/ozone/ozone/hadoop-ozone/integration-test/target/log,AVAILABLE}
2022-09-28 15:51:43,741 [Listener at 127.0.0.1/36317] INFO  handler.ContextHandler (ContextHandler.java:doStart(915)) - Started o.e.j.s.ServletContextHandler@3e881258{static,/static,jar:file:/home/runner/.m2/repository/org/apache/ozone/hdds-container-service/1.3.0-SNAPSHOT/hdds-container-service-1.3.0-SNAPSHOT.jar!/webapps/static,AVAILABLE}
2022-09-28 15:51:43,950 [Listener at 127.0.0.1/36317] INFO  handler.ContextHandler (ContextHandler.java:doStart(915)) - Started o.e.j.w.WebAppContext@4e99b33{hddsDatanode,/,file:///tmp/jetty-0_0_0_0-45617-hdds-container-service-1_3_0-SNAPSHOT_jar-_-any-103188882023522396/webapp/,AVAILABLE}{jar:file:/home/runner/.m2/repository/org/apache/ozone/hdds-container-service/1.3.0-SNAPSHOT/hdds-container-service-1.3.0-SNAPSHOT.jar!/webapps/hddsDatanode}
2022-09-28 15:51:43,951 [Listener at 127.0.0.1/36317] INFO  server.AbstractConnector (AbstractConnector.java:doStart(331)) - Started ServerConnector@1ffed69a{HTTP/1.1, (http/1.1)}{0.0.0.0:45617}
2022-09-28 15:51:43,952 [Listener at 127.0.0.1/36317] INFO  server.Server (Server.java:doStart(415)) - Started @8140ms
2022-09-28 15:51:43,952 [Listener at 127.0.0.1/36317] WARN  impl.MetricsSystemImpl (MetricsSystemImpl.java:register(279)) - Sink prometheus already exists!
2022-09-28 15:51:43,953 [Listener at 127.0.0.1/36317] INFO  http.BaseHttpServer (BaseHttpServer.java:updateConnectorAddress(333)) - HTTP server of hddsDatanode listening at http://0.0.0.0:45617
2022-09-28 15:51:43,954 [Datanode State Machine Daemon Thread] INFO  statemachine.DatanodeStateMachine (DatanodeStateMachine.java:lambda$startDaemon$0(492)) - Ozone container server started.
2022-09-28 15:51:43,959 [Listener at 127.0.0.1/36317] WARN  impl.MetricRegistriesImpl (MetricRegistriesImpl.java:addReporterRegistration(111)) - New reporters are added after registries were created. Some metrics will be missing from the reporter. Please add reporter before adding any new registry.
2022-09-28 15:51:43,959 [Listener at 127.0.0.1/36317] WARN  impl.MetricRegistriesImpl (MetricRegistriesImpl.java:addReporterRegistration(111)) - New reporters are added after registries were created. Some metrics will be missing from the reporter. Please add reporter before adding any new registry.
2022-09-28 15:51:43,959 [Listener at 127.0.0.1/36317] INFO  impl.MetricsSystemImpl (MetricsSystemImpl.java:init(158)) - HddsDatanode metrics system started (again)
2022-09-28 15:51:43,977 [Listener at 127.0.0.1/36317] INFO  ozone.HddsDatanodeService (HddsDatanodeService.java:start(236)) - HddsDatanodeService host:fv-az203-824.ild0l4k5vsluppoevu2oqvhmda.cx.internal.cloudapp.net ip:10.1.1.55
2022-09-28 15:51:43,986 [org.apache.hadoop.util.JvmPauseMonitor$Monitor@461271c] INFO  util.JvmPauseMonitor (JvmPauseMonitor.java:run(188)) - Starting JVM pause monitor
2022-09-28 15:51:43,997 [Listener at 127.0.0.1/36317] INFO  upgrade.AbstractLayoutVersionManager (AbstractLayoutVersionManager.java:init(83)) - Initializing Layout version manager with metadata layout = DATANODE_SCHEMA_V3 (version = 4), software layout = DATANODE_SCHEMA_V3 (version = 4)
2022-09-28 15:51:44,014 [om1@group-C5BA1605619E-FollowerState] INFO  impl.FollowerState (FollowerState.java:run(143)) - om1@group-C5BA1605619E-FollowerState: change to CANDIDATE, lastRpcElapsedTime:1057598643ns, electionTimeout:1056ms
2022-09-28 15:51:44,015 [om1@group-C5BA1605619E-FollowerState] INFO  impl.RoleInfo (RoleInfo.java:shutdownFollowerState(110)) - om1: shutdown om1@group-C5BA1605619E-FollowerState
2022-09-28 15:51:44,016 [om1@group-C5BA1605619E-FollowerState] INFO  server.RaftServer$Division (RaftServerImpl.java:setRole(299)) - om1@group-C5BA1605619E: changes role from  FOLLOWER to CANDIDATE at term 0 for changeToCandidate
2022-09-28 15:51:44,018 [om1@group-C5BA1605619E-FollowerState] INFO  server.RaftServerConfigKeys (ConfUtils.java:logGet(46)) - raft.server.leaderelection.pre-vote = false (custom)
2022-09-28 15:51:44,018 [om1@group-C5BA1605619E-FollowerState] INFO  impl.RoleInfo (RoleInfo.java:updateAndGet(139)) - om1: start om1@group-C5BA1605619E-LeaderElection1
2022-09-28 15:51:44,030 [om1@group-C5BA1605619E-LeaderElection1] INFO  impl.LeaderElection (LeaderElection.java:askForVotes(310)) - om1@group-C5BA1605619E-LeaderElection1 ELECTION round 0: submit vote requests at term 1 for -1: [om1|rpc:localhost:9872|priority:0], old=null
2022-09-28 15:51:44,031 [om1@group-C5BA1605619E-LeaderElection1] INFO  impl.LeaderElection (LeaderElection.java:askForVotes(312)) - om1@group-C5BA1605619E-LeaderElection1 ELECTION round 0: result PASSED (term=1)
2022-09-28 15:51:44,031 [om1@group-C5BA1605619E-LeaderElection1] INFO  impl.RoleInfo (RoleInfo.java:shutdownLeaderElection(130)) - om1: shutdown om1@group-C5BA1605619E-LeaderElection1
2022-09-28 15:51:44,036 [om1@group-C5BA1605619E-LeaderElection1] INFO  server.RaftServer$Division (RaftServerImpl.java:setRole(299)) - om1@group-C5BA1605619E: changes role from CANDIDATE to LEADER at term 1 for changeToLeader
2022-09-28 15:51:44,036 [om1@group-C5BA1605619E-LeaderElection1] INFO  server.RaftServer$Division (ServerState.java:setLeader(287)) - om1@group-C5BA1605619E: change Leader from null to om1 at term 1 for becomeLeader, leader elected after 1963ms
2022-09-28 15:51:44,046 [om1@group-C5BA1605619E-LeaderElection1] INFO  server.RaftServerConfigKeys (ConfUtils.java:logGet(46)) - raft.server.staging.catchup.gap = 1000 (default)
2022-09-28 15:51:44,054 [om1@group-C5BA1605619E-LeaderElection1] INFO  server.RaftServerConfigKeys (ConfUtils.java:logGet(46)) - raft.server.write.element-limit = 4096 (default)
2022-09-28 15:51:44,064 [om1@group-C5BA1605619E-LeaderElection1] INFO  server.RaftServerConfigKeys (ConfUtils.java:logGet(46)) - raft.server.write.byte-limit = 64MB (=67108864) (default)
2022-09-28 15:51:44,069 [om1@group-C5BA1605619E-LeaderElection1] INFO  server.RaftServerConfigKeys (ConfUtils.java:logGet(46)) - raft.server.watch.timeout = 10s (default)
2022-09-28 15:51:44,069 [om1@group-C5BA1605619E-LeaderElection1] INFO  server.RaftServerConfigKeys (ConfUtils.java:logGet(46)) - raft.server.watch.timeout.denomination = 1s (default)
2022-09-28 15:51:44,069 [om1@group-C5BA1605619E-LeaderElection1] INFO  server.RaftServerConfigKeys (ConfUtils.java:logGet(46)) - raft.server.watch.element-limit = 65536 (default)
2022-09-28 15:51:44,081 [om1@group-C5BA1605619E-LeaderElection1] INFO  server.RaftServerConfigKeys (ConfUtils.java:logGet(46)) - raft.server.write.element-limit = 4096 (default)
2022-09-28 15:51:44,082 [om1@group-C5BA1605619E-LeaderElection1] INFO  server.RaftServerConfigKeys (ConfUtils.java:logGet(46)) - raft.server.write.follower.gap.ratio.max = -1.0 (default)
2022-09-28 15:51:44,092 [om1@group-C5BA1605619E-LeaderElection1] INFO  impl.RoleInfo (RoleInfo.java:updateAndGet(139)) - om1: start om1@group-C5BA1605619E-LeaderStateImpl
2022-09-28 15:51:44,101 [Listener at 127.0.0.1/36317] INFO  reflections.Reflections (Reflections.java:scan(232)) - Reflections took 103 ms to scan 7 urls, producing 135 keys and 327 values 
2022-09-28 15:51:44,108 [Listener at 127.0.0.1/36317] INFO  statemachine.DatanodeStateMachine (DatanodeStateMachine.java:getEndPointTaskThreadPoolSize(237)) - Datanode State Machine Task Thread Pool size 2
2022-09-28 15:51:44,110 [Listener at 127.0.0.1/36317] INFO  volume.HddsVolume (HddsVolume.java:<init>(117)) - Creating HddsVolume: /home/runner/work/ozone/ozone/hadoop-ozone/integration-test/target/test-dir/MiniOzoneClusterImpl-30c42134-6f07-4454-8a06-c8ace9e9986b/datanode-1/data-0/containers/hdds of storage type : DISK capacity : 9223372036854775807
2022-09-28 15:51:44,110 [Listener at 127.0.0.1/36317] INFO  volume.MutableVolumeSet (MutableVolumeSet.java:initializeVolumeSet(174)) - Added Volume : /home/runner/work/ozone/ozone/hadoop-ozone/integration-test/target/test-dir/MiniOzoneClusterImpl-30c42134-6f07-4454-8a06-c8ace9e9986b/datanode-1/data-0/containers/hdds to VolumeSet
2022-09-28 15:51:44,111 [Listener at 127.0.0.1/36317] INFO  volume.ThrottledAsyncChecker (ThrottledAsyncChecker.java:schedule(141)) - Scheduling a check for /home/runner/work/ozone/ozone/hadoop-ozone/integration-test/target/test-dir/MiniOzoneClusterImpl-30c42134-6f07-4454-8a06-c8ace9e9986b/datanode-1/data-0/containers/hdds
2022-09-28 15:51:44,119 [Listener at 127.0.0.1/36317] INFO  volume.StorageVolumeChecker (StorageVolumeChecker.java:checkAllVolumes(202)) - Scheduled health check for volume /home/runner/work/ozone/ozone/hadoop-ozone/integration-test/target/test-dir/MiniOzoneClusterImpl-30c42134-6f07-4454-8a06-c8ace9e9986b/datanode-1/data-0/containers/hdds
2022-09-28 15:51:44,138 [Listener at 127.0.0.1/36317] INFO  volume.MutableVolumeSet (MutableVolumeSet.java:initializeVolumeSet(174)) - Added Volume : /home/runner/work/ozone/ozone/hadoop-ozone/integration-test/target/test-dir/MiniOzoneClusterImpl-30c42134-6f07-4454-8a06-c8ace9e9986b/datanode-1/data/ratis to VolumeSet
2022-09-28 15:51:44,139 [Listener at 127.0.0.1/36317] INFO  volume.ThrottledAsyncChecker (ThrottledAsyncChecker.java:schedule(141)) - Scheduling a check for /home/runner/work/ozone/ozone/hadoop-ozone/integration-test/target/test-dir/MiniOzoneClusterImpl-30c42134-6f07-4454-8a06-c8ace9e9986b/datanode-1/data/ratis
2022-09-28 15:51:44,139 [Listener at 127.0.0.1/36317] INFO  volume.StorageVolumeChecker (StorageVolumeChecker.java:checkAllVolumes(202)) - Scheduled health check for volume /home/runner/work/ozone/ozone/hadoop-ozone/integration-test/target/test-dir/MiniOzoneClusterImpl-30c42134-6f07-4454-8a06-c8ace9e9986b/datanode-1/data/ratis
2022-09-28 15:51:44,152 [Thread-151] INFO  ozoneimpl.ContainerReader (ContainerReader.java:readVolume(175)) - Finish verifying containers on volume /home/runner/work/ozone/ozone/hadoop-ozone/integration-test/target/test-dir/MiniOzoneClusterImpl-30c42134-6f07-4454-8a06-c8ace9e9986b/datanode-1/data-0/containers/hdds
2022-09-28 15:51:44,153 [Listener at 127.0.0.1/36317] INFO  ozoneimpl.OzoneContainer (OzoneContainer.java:buildContainerSet(300)) - Build ContainerSet costs 0s
2022-09-28 15:51:44,157 [Listener at 127.0.0.1/36317] INFO  server.RaftServer (ConfUtils.java:logGet(46)) - raft.rpc.type = GRPC (default)
2022-09-28 15:51:44,157 [Listener at 127.0.0.1/36317] INFO  grpc.GrpcFactory (GrpcFactory.java:checkPooledByteBufAllocatorUseCacheForAllThreads(48)) - PERFORMANCE WARNING: useCacheForAllThreads is true that may cause Netty to create a lot garbage objects and, as a result, trigger GC.
	It is recommended to disable useCacheForAllThreads by setting -Dorg.apache.ratis.thirdparty.io.netty.allocator.useCacheForAllThreads=false in command line.
2022-09-28 15:51:44,157 [Listener at 127.0.0.1/36317] INFO  grpc.GrpcConfigKeys (ConfUtils.java:logGet(46)) - raft.grpc.admin.port = 0 (custom)
2022-09-28 15:51:44,157 [Listener at 127.0.0.1/36317] INFO  grpc.GrpcConfigKeys (ConfUtils.java:logGet(46)) - raft.grpc.client.port = 0 (custom)
2022-09-28 15:51:44,157 [Listener at 127.0.0.1/36317] INFO  grpc.GrpcConfigKeys (ConfUtils.java:logGet(46)) - raft.grpc.server.port = 0 (default)
2022-09-28 15:51:44,157 [Listener at 127.0.0.1/36317] INFO  server.GrpcService (ConfUtils.java:logGet(46)) - raft.grpc.message.size.max = 32MB (=33554432) (custom)
2022-09-28 15:51:44,157 [Listener at 127.0.0.1/36317] INFO  server.RaftServerConfigKeys (ConfUtils.java:logGet(46)) - raft.server.log.appender.buffer.byte-limit = 33554432 (custom)
2022-09-28 15:51:44,158 [Listener at 127.0.0.1/36317] INFO  server.GrpcService (ConfUtils.java:logGet(46)) - raft.grpc.flow.control.window = 5MB (=5242880) (custom)
2022-09-28 15:51:44,158 [Listener at 127.0.0.1/36317] INFO  server.RaftServerConfigKeys (ConfUtils.java:logGet(46)) - raft.server.rpc.request.timeout = 60s (custom)
2022-09-28 15:51:44,158 [Listener at 127.0.0.1/36317] INFO  grpc.GrpcConfigKeys (ConfUtils.java:logGet(46)) - raft.grpc.server.async.request.thread.pool.cached = true (default)
2022-09-28 15:51:44,158 [Listener at 127.0.0.1/36317] INFO  grpc.GrpcConfigKeys (ConfUtils.java:logGet(46)) - raft.grpc.server.async.request.thread.pool.size = 32 (default)
2022-09-28 15:51:44,159 [Listener at 127.0.0.1/36317] INFO  impl.DataStreamServerImpl (ConfUtils.java:logGet(46)) - raft.datastream.type = DISABLED (default)
2022-09-28 15:51:44,159 [Listener at 127.0.0.1/36317] INFO  server.RaftServerConfigKeys (ConfUtils.java:logGet(46)) - raft.server.threadpool.proxy.cached = true (default)
2022-09-28 15:51:44,159 [Listener at 127.0.0.1/36317] INFO  server.RaftServerConfigKeys (ConfUtils.java:logGet(46)) - raft.server.threadpool.proxy.size = 0 (default)
2022-09-28 15:51:44,159 [Listener at 127.0.0.1/36317] INFO  server.RaftServerConfigKeys (ConfUtils.java:logGet(46)) - raft.server.rpc.slowness.timeout = 300s (custom)
2022-09-28 15:51:44,159 [Listener at 127.0.0.1/36317] INFO  server.RaftServerConfigKeys (ConfUtils.java:logGet(46)) - raft.server.leaderelection.leader.step-down.wait-time = 10s (default)
2022-09-28 15:51:44,160 [Listener at 127.0.0.1/36317] INFO  server.RaftServerConfigKeys (ConfUtils.java:logGet(46)) - raft.server.storage.dir = [/home/runner/work/ozone/ozone/hadoop-ozone/integration-test/target/test-dir/MiniOzoneClusterImpl-30c42134-6f07-4454-8a06-c8ace9e9986b/datanode-1/data/ratis] (custom)
2022-09-28 15:51:44,166 [Listener at 127.0.0.1/36317] INFO  server.XceiverServerGrpc (XceiverServerGrpc.java:<init>(132)) - GrpcServer channel type EpollServerSocketChannel
2022-09-28 15:51:44,166 [om1@group-C5BA1605619E-LeaderElection1] INFO  segmented.SegmentedRaftLogWorker (SegmentedRaftLogWorker.java:startLogSegment(425)) - om1@group-C5BA1605619E-SegmentedRaftLogWorker: Starting segment from index:0
2022-09-28 15:51:44,167 [Datanode State Machine Task Thread - 0] INFO  datanode.InitDatanodeState (InitDatanodeState.java:persistContainerDatanodeDetails(138)) - DatanodeDetails is persisted to /home/runner/work/ozone/ozone/hadoop-ozone/integration-test/target/test-dir/MiniOzoneClusterImpl-30c42134-6f07-4454-8a06-c8ace9e9986b/datanode-0/meta/datanode.id
2022-09-28 15:51:44,170 [Listener at 127.0.0.1/36317] INFO  http.BaseHttpServer (BaseHttpServer.java:newHttpServer2BuilderForOzone(213)) - Starting Web-server for hddsDatanode at: http://0.0.0.0:0
2022-09-28 15:51:44,170 [Listener at 127.0.0.1/36317] INFO  http.BaseHttpServer (BaseHttpServer.java:<init>(108)) - Hadoop Security Enabled: false Ozone Security Enabled: false Ozone HTTP Security Enabled: false 
2022-09-28 15:51:44,172 [Listener at 127.0.0.1/36317] INFO  server.AuthenticationFilter (AuthenticationFilter.java:constructSecretProvider(240)) - Unable to initialize FileSignerSecretProvider, falling back to use random secrets.
2022-09-28 15:51:44,172 [Listener at 127.0.0.1/36317] WARN  http.HttpRequestLog (HttpRequestLog.java:getRequestLog(103)) - Jetty request log can only be enabled using Log4j
2022-09-28 15:51:44,173 [Listener at 127.0.0.1/36317] INFO  http.HttpServer2 (HttpServer2.java:addGlobalFilter(1029)) - Added global filter 'safety' (class=org.apache.hadoop.hdds.server.http.HttpServer2$QuotingInputFilter)
2022-09-28 15:51:44,174 [Listener at 127.0.0.1/36317] INFO  http.HttpServer2 (HttpServer2.java:addFilter(1005)) - Added filter static_user_filter (class=org.apache.hadoop.http.lib.StaticUserWebFilter$StaticUserFilter) to context hddsDatanode
2022-09-28 15:51:44,174 [Listener at 127.0.0.1/36317] INFO  http.HttpServer2 (HttpServer2.java:addFilter(1013)) - Added filter static_user_filter (class=org.apache.hadoop.http.lib.StaticUserWebFilter$StaticUserFilter) to context static
2022-09-28 15:51:44,174 [Listener at 127.0.0.1/36317] INFO  http.HttpServer2 (HttpServer2.java:addFilter(1013)) - Added filter static_user_filter (class=org.apache.hadoop.http.lib.StaticUserWebFilter$StaticUserFilter) to context logs
2022-09-28 15:51:44,175 [Listener at 127.0.0.1/36317] INFO  http.HttpServer2 (HttpServer2.java:bindListener(1248)) - Jetty bound to port 44865
2022-09-28 15:51:44,175 [Listener at 127.0.0.1/36317] INFO  server.Server (Server.java:doStart(375)) - jetty-9.4.43.v20210629; built: 2021-06-30T11:07:22.254Z; git: 526006ecfa3af7f1a27ef3a288e2bef7ea9dd7e8; jvm 1.8.0_345-b01
2022-09-28 15:51:44,233 [om1@group-C5BA1605619E-LeaderElection1] INFO  server.RaftServer$Division (ServerState.java:setRaftConf(393)) - om1@group-C5BA1605619E: set configuration 0: [om1|rpc:localhost:9872|admin:|client:|dataStream:|priority:0], old=null
2022-09-28 15:51:44,233 [Listener at 127.0.0.1/36317] INFO  server.session (DefaultSessionIdManager.java:doStart(334)) - DefaultSessionIdManager workerName=node0
2022-09-28 15:51:44,233 [Listener at 127.0.0.1/36317] INFO  server.session (DefaultSessionIdManager.java:doStart(339)) - No SessionScavenger set, using defaults
2022-09-28 15:51:44,233 [Listener at 127.0.0.1/36317] INFO  server.session (HouseKeeper.java:startScavenging(132)) - node0 Scavenging every 600000ms
2022-09-28 15:51:44,235 [Listener at 127.0.0.1/36317] INFO  handler.ContextHandler (ContextHandler.java:doStart(915)) - Started o.e.j.s.ServletContextHandler@4ac9a1ff{logs,/logs,file:///home/runner/work/ozone/ozone/hadoop-ozone/integration-test/target/log,AVAILABLE}
2022-09-28 15:51:44,236 [Listener at 127.0.0.1/36317] INFO  handler.ContextHandler (ContextHandler.java:doStart(915)) - Started o.e.j.s.ServletContextHandler@38b2ab01{static,/static,jar:file:/home/runner/.m2/repository/org/apache/ozone/hdds-container-service/1.3.0-SNAPSHOT/hdds-container-service-1.3.0-SNAPSHOT.jar!/webapps/static,AVAILABLE}
2022-09-28 15:51:44,275 [om1@group-C5BA1605619E-SegmentedRaftLogWorker] INFO  segmented.SegmentedRaftLogWorker (SegmentedRaftLogWorker.java:execute(629)) - om1@group-C5BA1605619E-SegmentedRaftLogWorker: created new log segment /home/runner/work/ozone/ozone/hadoop-ozone/integration-test/target/test-dir/MiniOzoneClusterImpl-30c42134-6f07-4454-8a06-c8ace9e9986b/ozone-meta/ratis/bf265839-605b-3f16-9796-c5ba1605619e/current/log_inprogress_0
2022-09-28 15:51:44,386 [om1@group-C5BA1605619E-StateMachineUpdater] INFO  ratis.OzoneManagerStateMachine (OzoneManagerStateMachine.java:notifyConfigurationChanged(192)) - Received Configuration change notification from Ratis. New Peer list:
[id: "om1"
address: "localhost:9872"
]
2022-09-28 15:51:44,443 [Listener at 127.0.0.1/36317] INFO  handler.ContextHandler (ContextHandler.java:doStart(915)) - Started o.e.j.w.WebAppContext@1903e8e5{hddsDatanode,/,file:///tmp/jetty-0_0_0_0-44865-hdds-container-service-1_3_0-SNAPSHOT_jar-_-any-5739839184239143586/webapp/,AVAILABLE}{jar:file:/home/runner/.m2/repository/org/apache/ozone/hdds-container-service/1.3.0-SNAPSHOT/hdds-container-service-1.3.0-SNAPSHOT.jar!/webapps/hddsDatanode}
2022-09-28 15:51:44,445 [Listener at 127.0.0.1/36317] INFO  server.AbstractConnector (AbstractConnector.java:doStart(331)) - Started ServerConnector@a58735f{HTTP/1.1, (http/1.1)}{0.0.0.0:44865}
2022-09-28 15:51:44,445 [Listener at 127.0.0.1/36317] INFO  server.Server (Server.java:doStart(415)) - Started @8634ms
2022-09-28 15:51:44,445 [Listener at 127.0.0.1/36317] WARN  impl.MetricsSystemImpl (MetricsSystemImpl.java:register(279)) - Sink prometheus already exists!
2022-09-28 15:51:44,446 [Listener at 127.0.0.1/36317] INFO  http.BaseHttpServer (BaseHttpServer.java:updateConnectorAddress(333)) - HTTP server of hddsDatanode listening at http://0.0.0.0:44865
2022-09-28 15:51:44,447 [Listener at 127.0.0.1/36317] WARN  impl.MetricRegistriesImpl (MetricRegistriesImpl.java:addReporterRegistration(111)) - New reporters are added after registries were created. Some metrics will be missing from the reporter. Please add reporter before adding any new registry.
2022-09-28 15:51:44,447 [Listener at 127.0.0.1/36317] WARN  impl.MetricRegistriesImpl (MetricRegistriesImpl.java:addReporterRegistration(111)) - New reporters are added after registries were created. Some metrics will be missing from the reporter. Please add reporter before adding any new registry.
2022-09-28 15:51:44,447 [Listener at 127.0.0.1/36317] INFO  impl.MetricsSystemImpl (MetricsSystemImpl.java:init(158)) - HddsDatanode metrics system started (again)
2022-09-28 15:51:44,458 [Datanode State Machine Daemon Thread] INFO  statemachine.DatanodeStateMachine (DatanodeStateMachine.java:lambda$startDaemon$0(492)) - Ozone container server started.
2022-09-28 15:51:44,468 [Listener at 127.0.0.1/36317] INFO  ozone.HddsDatanodeService (HddsDatanodeService.java:start(236)) - HddsDatanodeService host:fv-az203-824.ild0l4k5vsluppoevu2oqvhmda.cx.internal.cloudapp.net ip:10.1.1.55
2022-09-28 15:51:44,468 [org.apache.hadoop.util.JvmPauseMonitor$Monitor@1a9a34cb] INFO  util.JvmPauseMonitor (JvmPauseMonitor.java:run(188)) - Starting JVM pause monitor
2022-09-28 15:51:44,478 [Datanode State Machine Task Thread - 0] INFO  datanode.InitDatanodeState (InitDatanodeState.java:persistContainerDatanodeDetails(138)) - DatanodeDetails is persisted to /home/runner/work/ozone/ozone/hadoop-ozone/integration-test/target/test-dir/MiniOzoneClusterImpl-30c42134-6f07-4454-8a06-c8ace9e9986b/datanode-1/meta/datanode.id
2022-09-28 15:51:44,492 [Listener at 127.0.0.1/36317] INFO  upgrade.AbstractLayoutVersionManager (AbstractLayoutVersionManager.java:init(83)) - Initializing Layout version manager with metadata layout = DATANODE_SCHEMA_V3 (version = 4), software layout = DATANODE_SCHEMA_V3 (version = 4)
2022-09-28 15:51:44,535 [Listener at 127.0.0.1/36317] INFO  reflections.Reflections (Reflections.java:scan(232)) - Reflections took 42 ms to scan 7 urls, producing 135 keys and 327 values 
2022-09-28 15:51:44,536 [Listener at 127.0.0.1/36317] INFO  statemachine.DatanodeStateMachine (DatanodeStateMachine.java:getEndPointTaskThreadPoolSize(237)) - Datanode State Machine Task Thread Pool size 2
2022-09-28 15:51:44,539 [Listener at 127.0.0.1/36317] INFO  volume.HddsVolume (HddsVolume.java:<init>(117)) - Creating HddsVolume: /home/runner/work/ozone/ozone/hadoop-ozone/integration-test/target/test-dir/MiniOzoneClusterImpl-30c42134-6f07-4454-8a06-c8ace9e9986b/datanode-2/data-0/containers/hdds of storage type : DISK capacity : 9223372036854775807
2022-09-28 15:51:44,539 [Listener at 127.0.0.1/36317] INFO  volume.MutableVolumeSet (MutableVolumeSet.java:initializeVolumeSet(174)) - Added Volume : /home/runner/work/ozone/ozone/hadoop-ozone/integration-test/target/test-dir/MiniOzoneClusterImpl-30c42134-6f07-4454-8a06-c8ace9e9986b/datanode-2/data-0/containers/hdds to VolumeSet
2022-09-28 15:51:44,539 [Listener at 127.0.0.1/36317] INFO  volume.ThrottledAsyncChecker (ThrottledAsyncChecker.java:schedule(141)) - Scheduling a check for /home/runner/work/ozone/ozone/hadoop-ozone/integration-test/target/test-dir/MiniOzoneClusterImpl-30c42134-6f07-4454-8a06-c8ace9e9986b/datanode-2/data-0/containers/hdds
2022-09-28 15:51:44,543 [Listener at 127.0.0.1/36317] INFO  volume.StorageVolumeChecker (StorageVolumeChecker.java:checkAllVolumes(202)) - Scheduled health check for volume /home/runner/work/ozone/ozone/hadoop-ozone/integration-test/target/test-dir/MiniOzoneClusterImpl-30c42134-6f07-4454-8a06-c8ace9e9986b/datanode-2/data-0/containers/hdds
2022-09-28 15:51:44,554 [Listener at 127.0.0.1/36317] INFO  volume.MutableVolumeSet (MutableVolumeSet.java:initializeVolumeSet(174)) - Added Volume : /home/runner/work/ozone/ozone/hadoop-ozone/integration-test/target/test-dir/MiniOzoneClusterImpl-30c42134-6f07-4454-8a06-c8ace9e9986b/datanode-2/data/ratis to VolumeSet
2022-09-28 15:51:44,554 [Listener at 127.0.0.1/36317] INFO  volume.ThrottledAsyncChecker (ThrottledAsyncChecker.java:schedule(141)) - Scheduling a check for /home/runner/work/ozone/ozone/hadoop-ozone/integration-test/target/test-dir/MiniOzoneClusterImpl-30c42134-6f07-4454-8a06-c8ace9e9986b/datanode-2/data/ratis
2022-09-28 15:51:44,554 [Listener at 127.0.0.1/36317] INFO  volume.StorageVolumeChecker (StorageVolumeChecker.java:checkAllVolumes(202)) - Scheduled health check for volume /home/runner/work/ozone/ozone/hadoop-ozone/integration-test/target/test-dir/MiniOzoneClusterImpl-30c42134-6f07-4454-8a06-c8ace9e9986b/datanode-2/data/ratis
2022-09-28 15:51:44,564 [Thread-164] INFO  ozoneimpl.ContainerReader (ContainerReader.java:readVolume(175)) - Finish verifying containers on volume /home/runner/work/ozone/ozone/hadoop-ozone/integration-test/target/test-dir/MiniOzoneClusterImpl-30c42134-6f07-4454-8a06-c8ace9e9986b/datanode-2/data-0/containers/hdds
2022-09-28 15:51:44,564 [Listener at 127.0.0.1/36317] INFO  ozoneimpl.OzoneContainer (OzoneContainer.java:buildContainerSet(300)) - Build ContainerSet costs 0s
2022-09-28 15:51:44,567 [Listener at 127.0.0.1/36317] INFO  server.RaftServer (ConfUtils.java:logGet(46)) - raft.rpc.type = GRPC (default)
2022-09-28 15:51:44,567 [Listener at 127.0.0.1/36317] INFO  grpc.GrpcFactory (GrpcFactory.java:checkPooledByteBufAllocatorUseCacheForAllThreads(48)) - PERFORMANCE WARNING: useCacheForAllThreads is true that may cause Netty to create a lot garbage objects and, as a result, trigger GC.
	It is recommended to disable useCacheForAllThreads by setting -Dorg.apache.ratis.thirdparty.io.netty.allocator.useCacheForAllThreads=false in command line.
2022-09-28 15:51:44,567 [Listener at 127.0.0.1/36317] INFO  grpc.GrpcConfigKeys (ConfUtils.java:logGet(46)) - raft.grpc.admin.port = 0 (custom)
2022-09-28 15:51:44,567 [Listener at 127.0.0.1/36317] INFO  grpc.GrpcConfigKeys (ConfUtils.java:logGet(46)) - raft.grpc.client.port = 0 (custom)
2022-09-28 15:51:44,567 [Listener at 127.0.0.1/36317] INFO  grpc.GrpcConfigKeys (ConfUtils.java:logGet(46)) - raft.grpc.server.port = 0 (default)
2022-09-28 15:51:44,567 [Listener at 127.0.0.1/36317] INFO  server.GrpcService (ConfUtils.java:logGet(46)) - raft.grpc.message.size.max = 32MB (=33554432) (custom)
2022-09-28 15:51:44,568 [Listener at 127.0.0.1/36317] INFO  server.RaftServerConfigKeys (ConfUtils.java:logGet(46)) - raft.server.log.appender.buffer.byte-limit = 33554432 (custom)
2022-09-28 15:51:44,568 [Listener at 127.0.0.1/36317] INFO  server.GrpcService (ConfUtils.java:logGet(46)) - raft.grpc.flow.control.window = 5MB (=5242880) (custom)
2022-09-28 15:51:44,568 [Listener at 127.0.0.1/36317] INFO  server.RaftServerConfigKeys (ConfUtils.java:logGet(46)) - raft.server.rpc.request.timeout = 60s (custom)
2022-09-28 15:51:44,568 [Listener at 127.0.0.1/36317] INFO  grpc.GrpcConfigKeys (ConfUtils.java:logGet(46)) - raft.grpc.server.async.request.thread.pool.cached = true (default)
2022-09-28 15:51:44,568 [Listener at 127.0.0.1/36317] INFO  grpc.GrpcConfigKeys (ConfUtils.java:logGet(46)) - raft.grpc.server.async.request.thread.pool.size = 32 (default)
2022-09-28 15:51:44,569 [Listener at 127.0.0.1/36317] INFO  impl.DataStreamServerImpl (ConfUtils.java:logGet(46)) - raft.datastream.type = DISABLED (default)
2022-09-28 15:51:44,569 [Listener at 127.0.0.1/36317] INFO  server.RaftServerConfigKeys (ConfUtils.java:logGet(46)) - raft.server.threadpool.proxy.cached = true (default)
2022-09-28 15:51:44,569 [Listener at 127.0.0.1/36317] INFO  server.RaftServerConfigKeys (ConfUtils.java:logGet(46)) - raft.server.threadpool.proxy.size = 0 (default)
2022-09-28 15:51:44,570 [Listener at 127.0.0.1/36317] INFO  server.RaftServerConfigKeys (ConfUtils.java:logGet(46)) - raft.server.rpc.slowness.timeout = 300s (custom)
2022-09-28 15:51:44,570 [Listener at 127.0.0.1/36317] INFO  server.RaftServerConfigKeys (ConfUtils.java:logGet(46)) - raft.server.leaderelection.leader.step-down.wait-time = 10s (default)
2022-09-28 15:51:44,570 [Listener at 127.0.0.1/36317] INFO  server.RaftServerConfigKeys (ConfUtils.java:logGet(46)) - raft.server.storage.dir = [/home/runner/work/ozone/ozone/hadoop-ozone/integration-test/target/test-dir/MiniOzoneClusterImpl-30c42134-6f07-4454-8a06-c8ace9e9986b/datanode-2/data/ratis] (custom)
2022-09-28 15:51:44,573 [Listener at 127.0.0.1/36317] INFO  server.XceiverServerGrpc (XceiverServerGrpc.java:<init>(132)) - GrpcServer channel type EpollServerSocketChannel
2022-09-28 15:51:44,582 [Listener at 127.0.0.1/36317] INFO  http.BaseHttpServer (BaseHttpServer.java:newHttpServer2BuilderForOzone(213)) - Starting Web-server for hddsDatanode at: http://0.0.0.0:0
2022-09-28 15:51:44,582 [Listener at 127.0.0.1/36317] INFO  http.BaseHttpServer (BaseHttpServer.java:<init>(108)) - Hadoop Security Enabled: false Ozone Security Enabled: false Ozone HTTP Security Enabled: false 
2022-09-28 15:51:44,583 [Listener at 127.0.0.1/36317] INFO  server.AuthenticationFilter (AuthenticationFilter.java:constructSecretProvider(240)) - Unable to initialize FileSignerSecretProvider, falling back to use random secrets.
2022-09-28 15:51:44,587 [Listener at 127.0.0.1/36317] WARN  http.HttpRequestLog (HttpRequestLog.java:getRequestLog(103)) - Jetty request log can only be enabled using Log4j
2022-09-28 15:51:44,588 [Listener at 127.0.0.1/36317] INFO  http.HttpServer2 (HttpServer2.java:addGlobalFilter(1029)) - Added global filter 'safety' (class=org.apache.hadoop.hdds.server.http.HttpServer2$QuotingInputFilter)
2022-09-28 15:51:44,590 [Listener at 127.0.0.1/36317] INFO  http.HttpServer2 (HttpServer2.java:addFilter(1005)) - Added filter static_user_filter (class=org.apache.hadoop.http.lib.StaticUserWebFilter$StaticUserFilter) to context hddsDatanode
2022-09-28 15:51:44,590 [Listener at 127.0.0.1/36317] INFO  http.HttpServer2 (HttpServer2.java:addFilter(1013)) - Added filter static_user_filter (class=org.apache.hadoop.http.lib.StaticUserWebFilter$StaticUserFilter) to context logs
2022-09-28 15:51:44,590 [Listener at 127.0.0.1/36317] INFO  http.HttpServer2 (HttpServer2.java:addFilter(1013)) - Added filter static_user_filter (class=org.apache.hadoop.http.lib.StaticUserWebFilter$StaticUserFilter) to context static
2022-09-28 15:51:44,591 [Listener at 127.0.0.1/36317] INFO  http.HttpServer2 (HttpServer2.java:bindListener(1248)) - Jetty bound to port 37115
2022-09-28 15:51:44,591 [Listener at 127.0.0.1/36317] INFO  server.Server (Server.java:doStart(375)) - jetty-9.4.43.v20210629; built: 2021-06-30T11:07:22.254Z; git: 526006ecfa3af7f1a27ef3a288e2bef7ea9dd7e8; jvm 1.8.0_345-b01
2022-09-28 15:51:44,593 [Listener at 127.0.0.1/36317] INFO  server.session (DefaultSessionIdManager.java:doStart(334)) - DefaultSessionIdManager workerName=node0
2022-09-28 15:51:44,593 [Listener at 127.0.0.1/36317] INFO  server.session (DefaultSessionIdManager.java:doStart(339)) - No SessionScavenger set, using defaults
2022-09-28 15:51:44,593 [Listener at 127.0.0.1/36317] INFO  server.session (HouseKeeper.java:startScavenging(132)) - node0 Scavenging every 600000ms
2022-09-28 15:51:44,594 [Listener at 127.0.0.1/36317] INFO  handler.ContextHandler (ContextHandler.java:doStart(915)) - Started o.e.j.s.ServletContextHandler@34fb622b{logs,/logs,file:///home/runner/work/ozone/ozone/hadoop-ozone/integration-test/target/log,AVAILABLE}
2022-09-28 15:51:44,594 [Listener at 127.0.0.1/36317] INFO  handler.ContextHandler (ContextHandler.java:doStart(915)) - Started o.e.j.s.ServletContextHandler@623efc15{static,/static,jar:file:/home/runner/.m2/repository/org/apache/ozone/hdds-container-service/1.3.0-SNAPSHOT/hdds-container-service-1.3.0-SNAPSHOT.jar!/webapps/static,AVAILABLE}
2022-09-28 15:51:44,759 [Listener at 127.0.0.1/36317] INFO  handler.ContextHandler (ContextHandler.java:doStart(915)) - Started o.e.j.w.WebAppContext@55455a81{hddsDatanode,/,file:///tmp/jetty-0_0_0_0-37115-hdds-container-service-1_3_0-SNAPSHOT_jar-_-any-2067388150775895757/webapp/,AVAILABLE}{jar:file:/home/runner/.m2/repository/org/apache/ozone/hdds-container-service/1.3.0-SNAPSHOT/hdds-container-service-1.3.0-SNAPSHOT.jar!/webapps/hddsDatanode}
2022-09-28 15:51:44,760 [Listener at 127.0.0.1/36317] INFO  server.AbstractConnector (AbstractConnector.java:doStart(331)) - Started ServerConnector@75691464{HTTP/1.1, (http/1.1)}{0.0.0.0:37115}
2022-09-28 15:51:44,761 [Listener at 127.0.0.1/36317] INFO  server.Server (Server.java:doStart(415)) - Started @8949ms
2022-09-28 15:51:44,761 [Listener at 127.0.0.1/36317] WARN  impl.MetricsSystemImpl (MetricsSystemImpl.java:register(279)) - Sink prometheus already exists!
2022-09-28 15:51:44,761 [Listener at 127.0.0.1/36317] INFO  http.BaseHttpServer (BaseHttpServer.java:updateConnectorAddress(333)) - HTTP server of hddsDatanode listening at http://0.0.0.0:37115
2022-09-28 15:51:44,767 [Listener at 127.0.0.1/36317] WARN  impl.MetricRegistriesImpl (MetricRegistriesImpl.java:addReporterRegistration(111)) - New reporters are added after registries were created. Some metrics will be missing from the reporter. Please add reporter before adding any new registry.
2022-09-28 15:51:44,767 [Listener at 127.0.0.1/36317] WARN  impl.MetricRegistriesImpl (MetricRegistriesImpl.java:addReporterRegistration(111)) - New reporters are added after registries were created. Some metrics will be missing from the reporter. Please add reporter before adding any new registry.
2022-09-28 15:51:44,767 [Listener at 127.0.0.1/36317] INFO  impl.MetricsSystemImpl (MetricsSystemImpl.java:init(158)) - HddsDatanode metrics system started (again)
2022-09-28 15:51:44,771 [Datanode State Machine Daemon Thread] INFO  statemachine.DatanodeStateMachine (DatanodeStateMachine.java:lambda$startDaemon$0(492)) - Ozone container server started.
2022-09-28 15:51:44,782 [Listener at 127.0.0.1/36317] INFO  ozone.HddsDatanodeService (HddsDatanodeService.java:start(236)) - HddsDatanodeService host:fv-az203-824.ild0l4k5vsluppoevu2oqvhmda.cx.internal.cloudapp.net ip:10.1.1.55
2022-09-28 15:51:44,793 [org.apache.hadoop.util.JvmPauseMonitor$Monitor@36c73278] INFO  util.JvmPauseMonitor (JvmPauseMonitor.java:run(188)) - Starting JVM pause monitor
2022-09-28 15:51:44,808 [Datanode State Machine Task Thread - 0] INFO  datanode.InitDatanodeState (InitDatanodeState.java:persistContainerDatanodeDetails(138)) - DatanodeDetails is persisted to /home/runner/work/ozone/ozone/hadoop-ozone/integration-test/target/test-dir/MiniOzoneClusterImpl-30c42134-6f07-4454-8a06-c8ace9e9986b/datanode-2/meta/datanode.id
2022-09-28 15:51:44,825 [Listener at 127.0.0.1/36317] INFO  upgrade.AbstractLayoutVersionManager (AbstractLayoutVersionManager.java:init(83)) - Initializing Layout version manager with metadata layout = DATANODE_SCHEMA_V3 (version = 4), software layout = DATANODE_SCHEMA_V3 (version = 4)
2022-09-28 15:51:44,867 [Listener at 127.0.0.1/36317] INFO  reflections.Reflections (Reflections.java:scan(232)) - Reflections took 41 ms to scan 7 urls, producing 135 keys and 327 values 
2022-09-28 15:51:44,868 [Listener at 127.0.0.1/36317] INFO  statemachine.DatanodeStateMachine (DatanodeStateMachine.java:getEndPointTaskThreadPoolSize(237)) - Datanode State Machine Task Thread Pool size 2
2022-09-28 15:51:44,872 [Listener at 127.0.0.1/36317] INFO  volume.HddsVolume (HddsVolume.java:<init>(117)) - Creating HddsVolume: /home/runner/work/ozone/ozone/hadoop-ozone/integration-test/target/test-dir/MiniOzoneClusterImpl-30c42134-6f07-4454-8a06-c8ace9e9986b/datanode-3/data-0/containers/hdds of storage type : DISK capacity : 9223372036854775807
2022-09-28 15:51:44,872 [Listener at 127.0.0.1/36317] INFO  volume.MutableVolumeSet (MutableVolumeSet.java:initializeVolumeSet(174)) - Added Volume : /home/runner/work/ozone/ozone/hadoop-ozone/integration-test/target/test-dir/MiniOzoneClusterImpl-30c42134-6f07-4454-8a06-c8ace9e9986b/datanode-3/data-0/containers/hdds to VolumeSet
2022-09-28 15:51:44,872 [Listener at 127.0.0.1/36317] INFO  volume.ThrottledAsyncChecker (ThrottledAsyncChecker.java:schedule(141)) - Scheduling a check for /home/runner/work/ozone/ozone/hadoop-ozone/integration-test/target/test-dir/MiniOzoneClusterImpl-30c42134-6f07-4454-8a06-c8ace9e9986b/datanode-3/data-0/containers/hdds
2022-09-28 15:51:44,875 [Listener at 127.0.0.1/36317] INFO  volume.StorageVolumeChecker (StorageVolumeChecker.java:checkAllVolumes(202)) - Scheduled health check for volume /home/runner/work/ozone/ozone/hadoop-ozone/integration-test/target/test-dir/MiniOzoneClusterImpl-30c42134-6f07-4454-8a06-c8ace9e9986b/datanode-3/data-0/containers/hdds
2022-09-28 15:51:44,885 [Listener at 127.0.0.1/36317] INFO  volume.MutableVolumeSet (MutableVolumeSet.java:initializeVolumeSet(174)) - Added Volume : /home/runner/work/ozone/ozone/hadoop-ozone/integration-test/target/test-dir/MiniOzoneClusterImpl-30c42134-6f07-4454-8a06-c8ace9e9986b/datanode-3/data/ratis to VolumeSet
2022-09-28 15:51:44,885 [Listener at 127.0.0.1/36317] INFO  volume.ThrottledAsyncChecker (ThrottledAsyncChecker.java:schedule(141)) - Scheduling a check for /home/runner/work/ozone/ozone/hadoop-ozone/integration-test/target/test-dir/MiniOzoneClusterImpl-30c42134-6f07-4454-8a06-c8ace9e9986b/datanode-3/data/ratis
2022-09-28 15:51:44,886 [Listener at 127.0.0.1/36317] INFO  volume.StorageVolumeChecker (StorageVolumeChecker.java:checkAllVolumes(202)) - Scheduled health check for volume /home/runner/work/ozone/ozone/hadoop-ozone/integration-test/target/test-dir/MiniOzoneClusterImpl-30c42134-6f07-4454-8a06-c8ace9e9986b/datanode-3/data/ratis
2022-09-28 15:51:44,896 [Thread-177] INFO  ozoneimpl.ContainerReader (ContainerReader.java:readVolume(175)) - Finish verifying containers on volume /home/runner/work/ozone/ozone/hadoop-ozone/integration-test/target/test-dir/MiniOzoneClusterImpl-30c42134-6f07-4454-8a06-c8ace9e9986b/datanode-3/data-0/containers/hdds
2022-09-28 15:51:44,896 [Listener at 127.0.0.1/36317] INFO  ozoneimpl.OzoneContainer (OzoneContainer.java:buildContainerSet(300)) - Build ContainerSet costs 0s
2022-09-28 15:51:44,898 [Listener at 127.0.0.1/36317] INFO  server.RaftServer (ConfUtils.java:logGet(46)) - raft.rpc.type = GRPC (default)
2022-09-28 15:51:44,899 [Listener at 127.0.0.1/36317] INFO  grpc.GrpcFactory (GrpcFactory.java:checkPooledByteBufAllocatorUseCacheForAllThreads(48)) - PERFORMANCE WARNING: useCacheForAllThreads is true that may cause Netty to create a lot garbage objects and, as a result, trigger GC.
	It is recommended to disable useCacheForAllThreads by setting -Dorg.apache.ratis.thirdparty.io.netty.allocator.useCacheForAllThreads=false in command line.
2022-09-28 15:51:44,899 [Listener at 127.0.0.1/36317] INFO  grpc.GrpcConfigKeys (ConfUtils.java:logGet(46)) - raft.grpc.admin.port = 0 (custom)
2022-09-28 15:51:44,899 [Listener at 127.0.0.1/36317] INFO  grpc.GrpcConfigKeys (ConfUtils.java:logGet(46)) - raft.grpc.client.port = 0 (custom)
2022-09-28 15:51:44,899 [Listener at 127.0.0.1/36317] INFO  grpc.GrpcConfigKeys (ConfUtils.java:logGet(46)) - raft.grpc.server.port = 0 (default)
2022-09-28 15:51:44,899 [Listener at 127.0.0.1/36317] INFO  server.GrpcService (ConfUtils.java:logGet(46)) - raft.grpc.message.size.max = 32MB (=33554432) (custom)
2022-09-28 15:51:44,899 [Listener at 127.0.0.1/36317] INFO  server.RaftServerConfigKeys (ConfUtils.java:logGet(46)) - raft.server.log.appender.buffer.byte-limit = 33554432 (custom)
2022-09-28 15:51:44,899 [Listener at 127.0.0.1/36317] INFO  server.GrpcService (ConfUtils.java:logGet(46)) - raft.grpc.flow.control.window = 5MB (=5242880) (custom)
2022-09-28 15:51:44,899 [Listener at 127.0.0.1/36317] INFO  server.RaftServerConfigKeys (ConfUtils.java:logGet(46)) - raft.server.rpc.request.timeout = 60s (custom)
2022-09-28 15:51:44,900 [Listener at 127.0.0.1/36317] INFO  grpc.GrpcConfigKeys (ConfUtils.java:logGet(46)) - raft.grpc.server.async.request.thread.pool.cached = true (default)
2022-09-28 15:51:44,900 [Listener at 127.0.0.1/36317] INFO  grpc.GrpcConfigKeys (ConfUtils.java:logGet(46)) - raft.grpc.server.async.request.thread.pool.size = 32 (default)
2022-09-28 15:51:44,901 [Listener at 127.0.0.1/36317] INFO  impl.DataStreamServerImpl (ConfUtils.java:logGet(46)) - raft.datastream.type = DISABLED (default)
2022-09-28 15:51:44,901 [Listener at 127.0.0.1/36317] INFO  server.RaftServerConfigKeys (ConfUtils.java:logGet(46)) - raft.server.threadpool.proxy.cached = true (default)
2022-09-28 15:51:44,901 [Listener at 127.0.0.1/36317] INFO  server.RaftServerConfigKeys (ConfUtils.java:logGet(46)) - raft.server.threadpool.proxy.size = 0 (default)
2022-09-28 15:51:44,901 [Listener at 127.0.0.1/36317] INFO  server.RaftServerConfigKeys (ConfUtils.java:logGet(46)) - raft.server.rpc.slowness.timeout = 300s (custom)
2022-09-28 15:51:44,901 [Listener at 127.0.0.1/36317] INFO  server.RaftServerConfigKeys (ConfUtils.java:logGet(46)) - raft.server.leaderelection.leader.step-down.wait-time = 10s (default)
2022-09-28 15:51:44,901 [Listener at 127.0.0.1/36317] INFO  server.RaftServerConfigKeys (ConfUtils.java:logGet(46)) - raft.server.storage.dir = [/home/runner/work/ozone/ozone/hadoop-ozone/integration-test/target/test-dir/MiniOzoneClusterImpl-30c42134-6f07-4454-8a06-c8ace9e9986b/datanode-3/data/ratis] (custom)
2022-09-28 15:51:44,904 [Listener at 127.0.0.1/36317] INFO  server.XceiverServerGrpc (XceiverServerGrpc.java:<init>(132)) - GrpcServer channel type EpollServerSocketChannel
2022-09-28 15:51:44,907 [Listener at 127.0.0.1/36317] INFO  http.BaseHttpServer (BaseHttpServer.java:newHttpServer2BuilderForOzone(213)) - Starting Web-server for hddsDatanode at: http://0.0.0.0:0
2022-09-28 15:51:44,907 [Listener at 127.0.0.1/36317] INFO  http.BaseHttpServer (BaseHttpServer.java:<init>(108)) - Hadoop Security Enabled: false Ozone Security Enabled: false Ozone HTTP Security Enabled: false 
2022-09-28 15:51:44,908 [Listener at 127.0.0.1/36317] INFO  server.AuthenticationFilter (AuthenticationFilter.java:constructSecretProvider(240)) - Unable to initialize FileSignerSecretProvider, falling back to use random secrets.
2022-09-28 15:51:44,909 [Listener at 127.0.0.1/36317] WARN  http.HttpRequestLog (HttpRequestLog.java:getRequestLog(103)) - Jetty request log can only be enabled using Log4j
2022-09-28 15:51:44,910 [Listener at 127.0.0.1/36317] INFO  http.HttpServer2 (HttpServer2.java:addGlobalFilter(1029)) - Added global filter 'safety' (class=org.apache.hadoop.hdds.server.http.HttpServer2$QuotingInputFilter)
2022-09-28 15:51:44,911 [Listener at 127.0.0.1/36317] INFO  http.HttpServer2 (HttpServer2.java:addFilter(1005)) - Added filter static_user_filter (class=org.apache.hadoop.http.lib.StaticUserWebFilter$StaticUserFilter) to context hddsDatanode
2022-09-28 15:51:44,911 [Listener at 127.0.0.1/36317] INFO  http.HttpServer2 (HttpServer2.java:addFilter(1013)) - Added filter static_user_filter (class=org.apache.hadoop.http.lib.StaticUserWebFilter$StaticUserFilter) to context static
2022-09-28 15:51:44,911 [Listener at 127.0.0.1/36317] INFO  http.HttpServer2 (HttpServer2.java:addFilter(1013)) - Added filter static_user_filter (class=org.apache.hadoop.http.lib.StaticUserWebFilter$StaticUserFilter) to context logs
2022-09-28 15:51:44,912 [Listener at 127.0.0.1/36317] INFO  http.HttpServer2 (HttpServer2.java:bindListener(1248)) - Jetty bound to port 41387
2022-09-28 15:51:44,912 [Listener at 127.0.0.1/36317] INFO  server.Server (Server.java:doStart(375)) - jetty-9.4.43.v20210629; built: 2021-06-30T11:07:22.254Z; git: 526006ecfa3af7f1a27ef3a288e2bef7ea9dd7e8; jvm 1.8.0_345-b01
2022-09-28 15:51:44,916 [Listener at 127.0.0.1/36317] INFO  server.session (DefaultSessionIdManager.java:doStart(334)) - DefaultSessionIdManager workerName=node0
2022-09-28 15:51:44,916 [Listener at 127.0.0.1/36317] INFO  server.session (DefaultSessionIdManager.java:doStart(339)) - No SessionScavenger set, using defaults
2022-09-28 15:51:44,916 [Listener at 127.0.0.1/36317] INFO  server.session (HouseKeeper.java:startScavenging(132)) - node0 Scavenging every 660000ms
2022-09-28 15:51:44,917 [Listener at 127.0.0.1/36317] INFO  handler.ContextHandler (ContextHandler.java:doStart(915)) - Started o.e.j.s.ServletContextHandler@75491241{logs,/logs,file:///home/runner/work/ozone/ozone/hadoop-ozone/integration-test/target/log,AVAILABLE}
2022-09-28 15:51:44,917 [Listener at 127.0.0.1/36317] INFO  handler.ContextHandler (ContextHandler.java:doStart(915)) - Started o.e.j.s.ServletContextHandler@7e1c636a{static,/static,jar:file:/home/runner/.m2/repository/org/apache/ozone/hdds-container-service/1.3.0-SNAPSHOT/hdds-container-service-1.3.0-SNAPSHOT.jar!/webapps/static,AVAILABLE}
2022-09-28 15:51:45,082 [Listener at 127.0.0.1/36317] INFO  handler.ContextHandler (ContextHandler.java:doStart(915)) - Started o.e.j.w.WebAppContext@7a2f1b17{hddsDatanode,/,file:///tmp/jetty-0_0_0_0-41387-hdds-container-service-1_3_0-SNAPSHOT_jar-_-any-3265571385426246823/webapp/,AVAILABLE}{jar:file:/home/runner/.m2/repository/org/apache/ozone/hdds-container-service/1.3.0-SNAPSHOT/hdds-container-service-1.3.0-SNAPSHOT.jar!/webapps/hddsDatanode}
2022-09-28 15:51:45,084 [Listener at 127.0.0.1/36317] INFO  server.AbstractConnector (AbstractConnector.java:doStart(331)) - Started ServerConnector@396be6e6{HTTP/1.1, (http/1.1)}{0.0.0.0:41387}
2022-09-28 15:51:45,084 [Listener at 127.0.0.1/36317] INFO  server.Server (Server.java:doStart(415)) - Started @9273ms
2022-09-28 15:51:45,084 [Listener at 127.0.0.1/36317] WARN  impl.MetricsSystemImpl (MetricsSystemImpl.java:register(279)) - Sink prometheus already exists!
2022-09-28 15:51:45,085 [Listener at 127.0.0.1/36317] INFO  http.BaseHttpServer (BaseHttpServer.java:updateConnectorAddress(333)) - HTTP server of hddsDatanode listening at http://0.0.0.0:41387
2022-09-28 15:51:45,087 [Listener at 127.0.0.1/36317] WARN  impl.MetricRegistriesImpl (MetricRegistriesImpl.java:addReporterRegistration(111)) - New reporters are added after registries were created. Some metrics will be missing from the reporter. Please add reporter before adding any new registry.
2022-09-28 15:51:45,087 [Listener at 127.0.0.1/36317] WARN  impl.MetricRegistriesImpl (MetricRegistriesImpl.java:addReporterRegistration(111)) - New reporters are added after registries were created. Some metrics will be missing from the reporter. Please add reporter before adding any new registry.
2022-09-28 15:51:45,087 [Listener at 127.0.0.1/36317] INFO  impl.MetricsSystemImpl (MetricsSystemImpl.java:init(158)) - HddsDatanode metrics system started (again)
2022-09-28 15:51:45,095 [Datanode State Machine Daemon Thread] INFO  statemachine.DatanodeStateMachine (DatanodeStateMachine.java:lambda$startDaemon$0(492)) - Ozone container server started.
2022-09-28 15:51:45,104 [org.apache.hadoop.util.JvmPauseMonitor$Monitor@26e0d41b] INFO  util.JvmPauseMonitor (JvmPauseMonitor.java:run(188)) - Starting JVM pause monitor
2022-09-28 15:51:45,105 [Listener at 127.0.0.1/36317] INFO  ozone.HddsDatanodeService (HddsDatanodeService.java:start(236)) - HddsDatanodeService host:fv-az203-824.ild0l4k5vsluppoevu2oqvhmda.cx.internal.cloudapp.net ip:10.1.1.55
2022-09-28 15:51:45,107 [Datanode State Machine Task Thread - 0] INFO  datanode.InitDatanodeState (InitDatanodeState.java:persistContainerDatanodeDetails(138)) - DatanodeDetails is persisted to /home/runner/work/ozone/ozone/hadoop-ozone/integration-test/target/test-dir/MiniOzoneClusterImpl-30c42134-6f07-4454-8a06-c8ace9e9986b/datanode-3/meta/datanode.id
2022-09-28 15:51:45,124 [Listener at 127.0.0.1/36317] INFO  upgrade.AbstractLayoutVersionManager (AbstractLayoutVersionManager.java:init(83)) - Initializing Layout version manager with metadata layout = DATANODE_SCHEMA_V3 (version = 4), software layout = DATANODE_SCHEMA_V3 (version = 4)
2022-09-28 15:51:45,166 [Listener at 127.0.0.1/36317] INFO  reflections.Reflections (Reflections.java:scan(232)) - Reflections took 41 ms to scan 7 urls, producing 135 keys and 327 values 
2022-09-28 15:51:45,168 [Listener at 127.0.0.1/36317] INFO  statemachine.DatanodeStateMachine (DatanodeStateMachine.java:getEndPointTaskThreadPoolSize(237)) - Datanode State Machine Task Thread Pool size 2
2022-09-28 15:51:45,172 [Listener at 127.0.0.1/36317] INFO  volume.HddsVolume (HddsVolume.java:<init>(117)) - Creating HddsVolume: /home/runner/work/ozone/ozone/hadoop-ozone/integration-test/target/test-dir/MiniOzoneClusterImpl-30c42134-6f07-4454-8a06-c8ace9e9986b/datanode-4/data-0/containers/hdds of storage type : DISK capacity : 9223372036854775807
2022-09-28 15:51:45,172 [Listener at 127.0.0.1/36317] INFO  volume.MutableVolumeSet (MutableVolumeSet.java:initializeVolumeSet(174)) - Added Volume : /home/runner/work/ozone/ozone/hadoop-ozone/integration-test/target/test-dir/MiniOzoneClusterImpl-30c42134-6f07-4454-8a06-c8ace9e9986b/datanode-4/data-0/containers/hdds to VolumeSet
2022-09-28 15:51:45,173 [Listener at 127.0.0.1/36317] INFO  volume.ThrottledAsyncChecker (ThrottledAsyncChecker.java:schedule(141)) - Scheduling a check for /home/runner/work/ozone/ozone/hadoop-ozone/integration-test/target/test-dir/MiniOzoneClusterImpl-30c42134-6f07-4454-8a06-c8ace9e9986b/datanode-4/data-0/containers/hdds
2022-09-28 15:51:45,175 [Listener at 127.0.0.1/36317] INFO  volume.StorageVolumeChecker (StorageVolumeChecker.java:checkAllVolumes(202)) - Scheduled health check for volume /home/runner/work/ozone/ozone/hadoop-ozone/integration-test/target/test-dir/MiniOzoneClusterImpl-30c42134-6f07-4454-8a06-c8ace9e9986b/datanode-4/data-0/containers/hdds
2022-09-28 15:51:45,186 [Listener at 127.0.0.1/36317] INFO  volume.MutableVolumeSet (MutableVolumeSet.java:initializeVolumeSet(174)) - Added Volume : /home/runner/work/ozone/ozone/hadoop-ozone/integration-test/target/test-dir/MiniOzoneClusterImpl-30c42134-6f07-4454-8a06-c8ace9e9986b/datanode-4/data/ratis to VolumeSet
2022-09-28 15:51:45,186 [Listener at 127.0.0.1/36317] INFO  volume.ThrottledAsyncChecker (ThrottledAsyncChecker.java:schedule(141)) - Scheduling a check for /home/runner/work/ozone/ozone/hadoop-ozone/integration-test/target/test-dir/MiniOzoneClusterImpl-30c42134-6f07-4454-8a06-c8ace9e9986b/datanode-4/data/ratis
2022-09-28 15:51:45,186 [Listener at 127.0.0.1/36317] INFO  volume.StorageVolumeChecker (StorageVolumeChecker.java:checkAllVolumes(202)) - Scheduled health check for volume /home/runner/work/ozone/ozone/hadoop-ozone/integration-test/target/test-dir/MiniOzoneClusterImpl-30c42134-6f07-4454-8a06-c8ace9e9986b/datanode-4/data/ratis
2022-09-28 15:51:45,196 [Thread-190] INFO  ozoneimpl.ContainerReader (ContainerReader.java:readVolume(175)) - Finish verifying containers on volume /home/runner/work/ozone/ozone/hadoop-ozone/integration-test/target/test-dir/MiniOzoneClusterImpl-30c42134-6f07-4454-8a06-c8ace9e9986b/datanode-4/data-0/containers/hdds
2022-09-28 15:51:45,196 [Listener at 127.0.0.1/36317] INFO  ozoneimpl.OzoneContainer (OzoneContainer.java:buildContainerSet(300)) - Build ContainerSet costs 0s
2022-09-28 15:51:45,199 [Listener at 127.0.0.1/36317] INFO  server.RaftServer (ConfUtils.java:logGet(46)) - raft.rpc.type = GRPC (default)
2022-09-28 15:51:45,199 [Listener at 127.0.0.1/36317] INFO  grpc.GrpcFactory (GrpcFactory.java:checkPooledByteBufAllocatorUseCacheForAllThreads(48)) - PERFORMANCE WARNING: useCacheForAllThreads is true that may cause Netty to create a lot garbage objects and, as a result, trigger GC.
	It is recommended to disable useCacheForAllThreads by setting -Dorg.apache.ratis.thirdparty.io.netty.allocator.useCacheForAllThreads=false in command line.
2022-09-28 15:51:45,199 [Listener at 127.0.0.1/36317] INFO  grpc.GrpcConfigKeys (ConfUtils.java:logGet(46)) - raft.grpc.admin.port = 0 (custom)
2022-09-28 15:51:45,199 [Listener at 127.0.0.1/36317] INFO  grpc.GrpcConfigKeys (ConfUtils.java:logGet(46)) - raft.grpc.client.port = 0 (custom)
2022-09-28 15:51:45,199 [Listener at 127.0.0.1/36317] INFO  grpc.GrpcConfigKeys (ConfUtils.java:logGet(46)) - raft.grpc.server.port = 0 (default)
2022-09-28 15:51:45,199 [Listener at 127.0.0.1/36317] INFO  server.GrpcService (ConfUtils.java:logGet(46)) - raft.grpc.message.size.max = 32MB (=33554432) (custom)
2022-09-28 15:51:45,199 [Listener at 127.0.0.1/36317] INFO  server.RaftServerConfigKeys (ConfUtils.java:logGet(46)) - raft.server.log.appender.buffer.byte-limit = 33554432 (custom)
2022-09-28 15:51:45,199 [Listener at 127.0.0.1/36317] INFO  server.GrpcService (ConfUtils.java:logGet(46)) - raft.grpc.flow.control.window = 5MB (=5242880) (custom)
2022-09-28 15:51:45,200 [Listener at 127.0.0.1/36317] INFO  server.RaftServerConfigKeys (ConfUtils.java:logGet(46)) - raft.server.rpc.request.timeout = 60s (custom)
2022-09-28 15:51:45,200 [Listener at 127.0.0.1/36317] INFO  grpc.GrpcConfigKeys (ConfUtils.java:logGet(46)) - raft.grpc.server.async.request.thread.pool.cached = true (default)
2022-09-28 15:51:45,200 [Listener at 127.0.0.1/36317] INFO  grpc.GrpcConfigKeys (ConfUtils.java:logGet(46)) - raft.grpc.server.async.request.thread.pool.size = 32 (default)
2022-09-28 15:51:45,201 [Listener at 127.0.0.1/36317] INFO  impl.DataStreamServerImpl (ConfUtils.java:logGet(46)) - raft.datastream.type = DISABLED (default)
2022-09-28 15:51:45,201 [Listener at 127.0.0.1/36317] INFO  server.RaftServerConfigKeys (ConfUtils.java:logGet(46)) - raft.server.threadpool.proxy.cached = true (default)
2022-09-28 15:51:45,201 [Listener at 127.0.0.1/36317] INFO  server.RaftServerConfigKeys (ConfUtils.java:logGet(46)) - raft.server.threadpool.proxy.size = 0 (default)
2022-09-28 15:51:45,201 [Listener at 127.0.0.1/36317] INFO  server.RaftServerConfigKeys (ConfUtils.java:logGet(46)) - raft.server.rpc.slowness.timeout = 300s (custom)
2022-09-28 15:51:45,201 [Listener at 127.0.0.1/36317] INFO  server.RaftServerConfigKeys (ConfUtils.java:logGet(46)) - raft.server.leaderelection.leader.step-down.wait-time = 10s (default)
2022-09-28 15:51:45,202 [Listener at 127.0.0.1/36317] INFO  server.RaftServerConfigKeys (ConfUtils.java:logGet(46)) - raft.server.storage.dir = [/home/runner/work/ozone/ozone/hadoop-ozone/integration-test/target/test-dir/MiniOzoneClusterImpl-30c42134-6f07-4454-8a06-c8ace9e9986b/datanode-4/data/ratis] (custom)
2022-09-28 15:51:45,203 [Listener at 127.0.0.1/36317] INFO  server.XceiverServerGrpc (XceiverServerGrpc.java:<init>(132)) - GrpcServer channel type EpollServerSocketChannel
2022-09-28 15:51:45,207 [Listener at 127.0.0.1/36317] INFO  http.BaseHttpServer (BaseHttpServer.java:newHttpServer2BuilderForOzone(213)) - Starting Web-server for hddsDatanode at: http://0.0.0.0:0
2022-09-28 15:51:45,207 [Listener at 127.0.0.1/36317] INFO  http.BaseHttpServer (BaseHttpServer.java:<init>(108)) - Hadoop Security Enabled: false Ozone Security Enabled: false Ozone HTTP Security Enabled: false 
2022-09-28 15:51:45,208 [Listener at 127.0.0.1/36317] INFO  server.AuthenticationFilter (AuthenticationFilter.java:constructSecretProvider(240)) - Unable to initialize FileSignerSecretProvider, falling back to use random secrets.
2022-09-28 15:51:45,211 [Listener at 127.0.0.1/36317] WARN  http.HttpRequestLog (HttpRequestLog.java:getRequestLog(103)) - Jetty request log can only be enabled using Log4j
2022-09-28 15:51:45,213 [Listener at 127.0.0.1/36317] INFO  http.HttpServer2 (HttpServer2.java:addGlobalFilter(1029)) - Added global filter 'safety' (class=org.apache.hadoop.hdds.server.http.HttpServer2$QuotingInputFilter)
2022-09-28 15:51:45,213 [Listener at 127.0.0.1/36317] INFO  http.HttpServer2 (HttpServer2.java:addFilter(1005)) - Added filter static_user_filter (class=org.apache.hadoop.http.lib.StaticUserWebFilter$StaticUserFilter) to context hddsDatanode
2022-09-28 15:51:45,216 [Listener at 127.0.0.1/36317] INFO  http.HttpServer2 (HttpServer2.java:addFilter(1013)) - Added filter static_user_filter (class=org.apache.hadoop.http.lib.StaticUserWebFilter$StaticUserFilter) to context logs
2022-09-28 15:51:45,216 [Listener at 127.0.0.1/36317] INFO  http.HttpServer2 (HttpServer2.java:addFilter(1013)) - Added filter static_user_filter (class=org.apache.hadoop.http.lib.StaticUserWebFilter$StaticUserFilter) to context static
2022-09-28 15:51:45,221 [Listener at 127.0.0.1/36317] INFO  http.HttpServer2 (HttpServer2.java:bindListener(1248)) - Jetty bound to port 37623
2022-09-28 15:51:45,221 [Listener at 127.0.0.1/36317] INFO  server.Server (Server.java:doStart(375)) - jetty-9.4.43.v20210629; built: 2021-06-30T11:07:22.254Z; git: 526006ecfa3af7f1a27ef3a288e2bef7ea9dd7e8; jvm 1.8.0_345-b01
2022-09-28 15:51:45,224 [Listener at 127.0.0.1/36317] INFO  server.session (DefaultSessionIdManager.java:doStart(334)) - DefaultSessionIdManager workerName=node0
2022-09-28 15:51:45,225 [Listener at 127.0.0.1/36317] INFO  server.session (DefaultSessionIdManager.java:doStart(339)) - No SessionScavenger set, using defaults
2022-09-28 15:51:45,225 [Listener at 127.0.0.1/36317] INFO  server.session (HouseKeeper.java:startScavenging(132)) - node0 Scavenging every 600000ms
2022-09-28 15:51:45,225 [Listener at 127.0.0.1/36317] INFO  handler.ContextHandler (ContextHandler.java:doStart(915)) - Started o.e.j.s.ServletContextHandler@23bb2879{logs,/logs,file:///home/runner/work/ozone/ozone/hadoop-ozone/integration-test/target/log,AVAILABLE}
2022-09-28 15:51:45,226 [Listener at 127.0.0.1/36317] INFO  handler.ContextHandler (ContextHandler.java:doStart(915)) - Started o.e.j.s.ServletContextHandler@e155391{static,/static,jar:file:/home/runner/.m2/repository/org/apache/ozone/hdds-container-service/1.3.0-SNAPSHOT/hdds-container-service-1.3.0-SNAPSHOT.jar!/webapps/static,AVAILABLE}
2022-09-28 15:51:45,411 [Listener at 127.0.0.1/36317] INFO  handler.ContextHandler (ContextHandler.java:doStart(915)) - Started o.e.j.w.WebAppContext@10cfaef3{hddsDatanode,/,file:///tmp/jetty-0_0_0_0-37623-hdds-container-service-1_3_0-SNAPSHOT_jar-_-any-5830825979964454553/webapp/,AVAILABLE}{jar:file:/home/runner/.m2/repository/org/apache/ozone/hdds-container-service/1.3.0-SNAPSHOT/hdds-container-service-1.3.0-SNAPSHOT.jar!/webapps/hddsDatanode}
2022-09-28 15:51:45,412 [Listener at 127.0.0.1/36317] INFO  server.AbstractConnector (AbstractConnector.java:doStart(331)) - Started ServerConnector@41a09e9{HTTP/1.1, (http/1.1)}{0.0.0.0:37623}
2022-09-28 15:51:45,412 [Listener at 127.0.0.1/36317] INFO  server.Server (Server.java:doStart(415)) - Started @9601ms
2022-09-28 15:51:45,412 [Listener at 127.0.0.1/36317] WARN  impl.MetricsSystemImpl (MetricsSystemImpl.java:register(279)) - Sink prometheus already exists!
2022-09-28 15:51:45,413 [Listener at 127.0.0.1/36317] INFO  http.BaseHttpServer (BaseHttpServer.java:updateConnectorAddress(333)) - HTTP server of hddsDatanode listening at http://0.0.0.0:37623
2022-09-28 15:51:45,413 [Datanode State Machine Daemon Thread] INFO  statemachine.DatanodeStateMachine (DatanodeStateMachine.java:lambda$startDaemon$0(492)) - Ozone container server started.
2022-09-28 15:51:45,414 [Listener at 127.0.0.1/36317] INFO  ozone.MiniOzoneClusterImpl (MiniOzoneClusterImpl.java:lambda$waitForClusterToBeReady$0(216)) - Waiting for nodes to be ready. Got 0 of 5 DN Heartbeats.
2022-09-28 15:51:45,415 [Listener at 127.0.0.1/36317] INFO  ozone.MiniOzoneClusterImpl (MiniOzoneClusterImpl.java:lambda$waitForClusterToBeReady$0(219)) - Waiting for cluster to exit safe mode
2022-09-28 15:51:45,415 [Listener at 127.0.0.1/36317] INFO  ozone.MiniOzoneClusterImpl (MiniOzoneClusterImpl.java:lambda$waitForClusterToBeReady$0(221)) - SCM became leader
2022-09-28 15:51:45,423 [org.apache.hadoop.util.JvmPauseMonitor$Monitor@758fd42c] INFO  util.JvmPauseMonitor (JvmPauseMonitor.java:run(188)) - Starting JVM pause monitor
2022-09-28 15:51:45,429 [Datanode State Machine Task Thread - 0] INFO  datanode.InitDatanodeState (InitDatanodeState.java:persistContainerDatanodeDetails(138)) - DatanodeDetails is persisted to /home/runner/work/ozone/ozone/hadoop-ozone/integration-test/target/test-dir/MiniOzoneClusterImpl-30c42134-6f07-4454-8a06-c8ace9e9986b/datanode-4/meta/datanode.id
2022-09-28 15:51:46,092 [EndpointStateMachine task thread for /0.0.0.0:43449 - 0 ] INFO  volume.HddsVolume (HddsVolume.java:createDbStore(307)) - SchemaV3 db is created and loaded at /home/runner/work/ozone/ozone/hadoop-ozone/integration-test/target/test-dir/MiniOzoneClusterImpl-30c42134-6f07-4454-8a06-c8ace9e9986b/datanode-0/data-0/containers/hdds/30c42134-6f07-4454-8a06-c8ace9e9986b/DS-31821255-ac9b-4f2e-b8af-ba1a3aef4681/container.db for volume DS-31821255-ac9b-4f2e-b8af-ba1a3aef4681
2022-09-28 15:51:46,096 [EndpointStateMachine task thread for /0.0.0.0:43449 - 0 ] INFO  volume.HddsVolume (HddsVolume.java:closeDbStore(338)) - SchemaV3 db is stopped at /home/runner/work/ozone/ozone/hadoop-ozone/integration-test/target/test-dir/MiniOzoneClusterImpl-30c42134-6f07-4454-8a06-c8ace9e9986b/datanode-0/data-0/containers/hdds/30c42134-6f07-4454-8a06-c8ace9e9986b/DS-31821255-ac9b-4f2e-b8af-ba1a3aef4681/container.db for volume DS-31821255-ac9b-4f2e-b8af-ba1a3aef4681
2022-09-28 15:51:46,096 [EndpointStateMachine task thread for /0.0.0.0:43449 - 0 ] INFO  ozoneimpl.OzoneContainer (OzoneContainer.java:start(378)) - Attempting to start container services.
2022-09-28 15:51:46,098 [EndpointStateMachine task thread for /0.0.0.0:43449 - 0 ] INFO  ozoneimpl.OzoneContainer (OzoneContainer.java:startContainerScrub(313)) - Background container scanner has been disabled.
2022-09-28 15:51:46,099 [EndpointStateMachine task thread for /0.0.0.0:43449 - 0 ] INFO  replication.ReplicationServer (ReplicationServer.java:start(111)) - ReplicationServer is started using port 43737
2022-09-28 15:51:46,101 [EndpointStateMachine task thread for /0.0.0.0:43449 - 0 ] INFO  ratis.XceiverServerRatis (XceiverServerRatis.java:start(481)) - Starting XceiverServerRatis 8d8147bd-34a3-4093-acb2-725bd7232b45
2022-09-28 15:51:46,107 [EndpointStateMachine task thread for /0.0.0.0:43449 - 0 ] INFO  server.RaftServer (RaftServerProxy.java:lambda$start$6(382)) - 8d8147bd-34a3-4093-acb2-725bd7232b45: start RPC server
2022-09-28 15:51:46,113 [EndpointStateMachine task thread for /0.0.0.0:43449 - 0 ] INFO  server.GrpcService (GrpcService.java:startImpl(260)) - 8d8147bd-34a3-4093-acb2-725bd7232b45: GrpcService started, listening on 42719
2022-09-28 15:51:46,114 [EndpointStateMachine task thread for /0.0.0.0:43449 - 0 ] INFO  ratis.XceiverServerRatis (XceiverServerRatis.java:getRealPort(502)) - XceiverServerRatis 8d8147bd-34a3-4093-acb2-725bd7232b45 is started using port 42719 for RATIS
2022-09-28 15:51:46,114 [EndpointStateMachine task thread for /0.0.0.0:43449 - 0 ] INFO  ratis.XceiverServerRatis (XceiverServerRatis.java:getRealPort(502)) - XceiverServerRatis 8d8147bd-34a3-4093-acb2-725bd7232b45 is started using port 42719 for RATIS_ADMIN
2022-09-28 15:51:46,114 [EndpointStateMachine task thread for /0.0.0.0:43449 - 0 ] INFO  ratis.XceiverServerRatis (XceiverServerRatis.java:getRealPort(502)) - XceiverServerRatis 8d8147bd-34a3-4093-acb2-725bd7232b45 is started using port 42719 for RATIS_SERVER
2022-09-28 15:51:46,114 [org.apache.ratis.util.JvmPauseMonitor$$Lambda$634/1800766250@4f7dafb2] INFO  util.JvmPauseMonitor (JvmPauseMonitor.java:run(103)) - JvmPauseMonitor-8d8147bd-34a3-4093-acb2-725bd7232b45: Started
2022-09-28 15:51:46,121 [EndpointStateMachine task thread for /0.0.0.0:43449 - 0 ] INFO  server.XceiverServerGrpc (XceiverServerGrpc.java:start(180)) - XceiverServerGrpc 8d8147bd-34a3-4093-acb2-725bd7232b45 is started using port 39697
2022-09-28 15:51:46,415 [Listener at 127.0.0.1/36317] INFO  ozone.MiniOzoneClusterImpl (MiniOzoneClusterImpl.java:lambda$waitForClusterToBeReady$0(216)) - Waiting for nodes to be ready. Got 0 of 5 DN Heartbeats.
2022-09-28 15:51:46,415 [Listener at 127.0.0.1/36317] INFO  ozone.MiniOzoneClusterImpl (MiniOzoneClusterImpl.java:lambda$waitForClusterToBeReady$0(219)) - Waiting for cluster to exit safe mode
2022-09-28 15:51:46,415 [Listener at 127.0.0.1/36317] INFO  ozone.MiniOzoneClusterImpl (MiniOzoneClusterImpl.java:lambda$waitForClusterToBeReady$0(221)) - SCM became leader
2022-09-28 15:51:46,499 [EndpointStateMachine task thread for /0.0.0.0:43449 - 0 ] INFO  volume.HddsVolume (HddsVolume.java:createDbStore(307)) - SchemaV3 db is created and loaded at /home/runner/work/ozone/ozone/hadoop-ozone/integration-test/target/test-dir/MiniOzoneClusterImpl-30c42134-6f07-4454-8a06-c8ace9e9986b/datanode-1/data-0/containers/hdds/30c42134-6f07-4454-8a06-c8ace9e9986b/DS-e8f723a7-4d47-4975-a103-9b7811892853/container.db for volume DS-e8f723a7-4d47-4975-a103-9b7811892853
2022-09-28 15:51:46,500 [EndpointStateMachine task thread for /0.0.0.0:43449 - 0 ] INFO  volume.HddsVolume (HddsVolume.java:closeDbStore(338)) - SchemaV3 db is stopped at /home/runner/work/ozone/ozone/hadoop-ozone/integration-test/target/test-dir/MiniOzoneClusterImpl-30c42134-6f07-4454-8a06-c8ace9e9986b/datanode-1/data-0/containers/hdds/30c42134-6f07-4454-8a06-c8ace9e9986b/DS-e8f723a7-4d47-4975-a103-9b7811892853/container.db for volume DS-e8f723a7-4d47-4975-a103-9b7811892853
2022-09-28 15:51:46,500 [EndpointStateMachine task thread for /0.0.0.0:43449 - 0 ] INFO  ozoneimpl.OzoneContainer (OzoneContainer.java:start(378)) - Attempting to start container services.
2022-09-28 15:51:46,501 [EndpointStateMachine task thread for /0.0.0.0:43449 - 0 ] INFO  ozoneimpl.OzoneContainer (OzoneContainer.java:startContainerScrub(313)) - Background container scanner has been disabled.
2022-09-28 15:51:46,502 [EndpointStateMachine task thread for /0.0.0.0:43449 - 0 ] INFO  replication.ReplicationServer (ReplicationServer.java:start(111)) - ReplicationServer is started using port 33135
2022-09-28 15:51:46,503 [EndpointStateMachine task thread for /0.0.0.0:43449 - 0 ] INFO  ratis.XceiverServerRatis (XceiverServerRatis.java:start(481)) - Starting XceiverServerRatis a57096d8-e38a-49fa-bac6-11df32f34a10
2022-09-28 15:51:46,504 [EndpointStateMachine task thread for /0.0.0.0:43449 - 0 ] INFO  server.RaftServer (RaftServerProxy.java:lambda$start$6(382)) - a57096d8-e38a-49fa-bac6-11df32f34a10: start RPC server
2022-09-28 15:51:46,505 [EndpointStateMachine task thread for /0.0.0.0:43449 - 0 ] INFO  server.GrpcService (GrpcService.java:startImpl(260)) - a57096d8-e38a-49fa-bac6-11df32f34a10: GrpcService started, listening on 35365
2022-09-28 15:51:46,505 [EndpointStateMachine task thread for /0.0.0.0:43449 - 0 ] INFO  ratis.XceiverServerRatis (XceiverServerRatis.java:getRealPort(502)) - XceiverServerRatis a57096d8-e38a-49fa-bac6-11df32f34a10 is started using port 35365 for RATIS
2022-09-28 15:51:46,505 [org.apache.ratis.util.JvmPauseMonitor$$Lambda$634/1800766250@e5e4990] INFO  util.JvmPauseMonitor (JvmPauseMonitor.java:run(103)) - JvmPauseMonitor-a57096d8-e38a-49fa-bac6-11df32f34a10: Started
2022-09-28 15:51:46,505 [EndpointStateMachine task thread for /0.0.0.0:43449 - 0 ] INFO  ratis.XceiverServerRatis (XceiverServerRatis.java:getRealPort(502)) - XceiverServerRatis a57096d8-e38a-49fa-bac6-11df32f34a10 is started using port 35365 for RATIS_ADMIN
2022-09-28 15:51:46,505 [EndpointStateMachine task thread for /0.0.0.0:43449 - 0 ] INFO  ratis.XceiverServerRatis (XceiverServerRatis.java:getRealPort(502)) - XceiverServerRatis a57096d8-e38a-49fa-bac6-11df32f34a10 is started using port 35365 for RATIS_SERVER
2022-09-28 15:51:46,507 [EndpointStateMachine task thread for /0.0.0.0:43449 - 0 ] INFO  server.XceiverServerGrpc (XceiverServerGrpc.java:start(180)) - XceiverServerGrpc a57096d8-e38a-49fa-bac6-11df32f34a10 is started using port 45957
2022-09-28 15:51:46,820 [EndpointStateMachine task thread for /0.0.0.0:43449 - 0 ] INFO  volume.HddsVolume (HddsVolume.java:createDbStore(307)) - SchemaV3 db is created and loaded at /home/runner/work/ozone/ozone/hadoop-ozone/integration-test/target/test-dir/MiniOzoneClusterImpl-30c42134-6f07-4454-8a06-c8ace9e9986b/datanode-2/data-0/containers/hdds/30c42134-6f07-4454-8a06-c8ace9e9986b/DS-547f57c9-759f-4a67-bec4-c3cbc01fab39/container.db for volume DS-547f57c9-759f-4a67-bec4-c3cbc01fab39
2022-09-28 15:51:46,821 [EndpointStateMachine task thread for /0.0.0.0:43449 - 0 ] INFO  volume.HddsVolume (HddsVolume.java:closeDbStore(338)) - SchemaV3 db is stopped at /home/runner/work/ozone/ozone/hadoop-ozone/integration-test/target/test-dir/MiniOzoneClusterImpl-30c42134-6f07-4454-8a06-c8ace9e9986b/datanode-2/data-0/containers/hdds/30c42134-6f07-4454-8a06-c8ace9e9986b/DS-547f57c9-759f-4a67-bec4-c3cbc01fab39/container.db for volume DS-547f57c9-759f-4a67-bec4-c3cbc01fab39
2022-09-28 15:51:46,821 [EndpointStateMachine task thread for /0.0.0.0:43449 - 0 ] INFO  ozoneimpl.OzoneContainer (OzoneContainer.java:start(378)) - Attempting to start container services.
2022-09-28 15:51:46,824 [EndpointStateMachine task thread for /0.0.0.0:43449 - 0 ] INFO  ozoneimpl.OzoneContainer (OzoneContainer.java:startContainerScrub(313)) - Background container scanner has been disabled.
2022-09-28 15:51:46,825 [EndpointStateMachine task thread for /0.0.0.0:43449 - 0 ] INFO  replication.ReplicationServer (ReplicationServer.java:start(111)) - ReplicationServer is started using port 39813
2022-09-28 15:51:46,826 [EndpointStateMachine task thread for /0.0.0.0:43449 - 0 ] INFO  ratis.XceiverServerRatis (XceiverServerRatis.java:start(481)) - Starting XceiverServerRatis f339b530-8901-434d-bf68-81dd9354474d
2022-09-28 15:51:46,826 [EndpointStateMachine task thread for /0.0.0.0:43449 - 0 ] INFO  server.RaftServer (RaftServerProxy.java:lambda$start$6(382)) - f339b530-8901-434d-bf68-81dd9354474d: start RPC server
2022-09-28 15:51:46,828 [EndpointStateMachine task thread for /0.0.0.0:43449 - 0 ] INFO  server.GrpcService (GrpcService.java:startImpl(260)) - f339b530-8901-434d-bf68-81dd9354474d: GrpcService started, listening on 43271
2022-09-28 15:51:46,828 [EndpointStateMachine task thread for /0.0.0.0:43449 - 0 ] INFO  ratis.XceiverServerRatis (XceiverServerRatis.java:getRealPort(502)) - XceiverServerRatis f339b530-8901-434d-bf68-81dd9354474d is started using port 43271 for RATIS
2022-09-28 15:51:46,828 [EndpointStateMachine task thread for /0.0.0.0:43449 - 0 ] INFO  ratis.XceiverServerRatis (XceiverServerRatis.java:getRealPort(502)) - XceiverServerRatis f339b530-8901-434d-bf68-81dd9354474d is started using port 43271 for RATIS_ADMIN
2022-09-28 15:51:46,828 [EndpointStateMachine task thread for /0.0.0.0:43449 - 0 ] INFO  ratis.XceiverServerRatis (XceiverServerRatis.java:getRealPort(502)) - XceiverServerRatis f339b530-8901-434d-bf68-81dd9354474d is started using port 43271 for RATIS_SERVER
2022-09-28 15:51:46,828 [org.apache.ratis.util.JvmPauseMonitor$$Lambda$634/1800766250@7f9f3860] INFO  util.JvmPauseMonitor (JvmPauseMonitor.java:run(103)) - JvmPauseMonitor-f339b530-8901-434d-bf68-81dd9354474d: Started
2022-09-28 15:51:46,837 [EndpointStateMachine task thread for /0.0.0.0:43449 - 0 ] INFO  server.XceiverServerGrpc (XceiverServerGrpc.java:start(180)) - XceiverServerGrpc f339b530-8901-434d-bf68-81dd9354474d is started using port 35249
2022-09-28 15:51:47,133 [EndpointStateMachine task thread for /0.0.0.0:43449 - 0 ] INFO  volume.HddsVolume (HddsVolume.java:createDbStore(307)) - SchemaV3 db is created and loaded at /home/runner/work/ozone/ozone/hadoop-ozone/integration-test/target/test-dir/MiniOzoneClusterImpl-30c42134-6f07-4454-8a06-c8ace9e9986b/datanode-3/data-0/containers/hdds/30c42134-6f07-4454-8a06-c8ace9e9986b/DS-183e10a8-0f38-410a-9eda-cc96fb41ccad/container.db for volume DS-183e10a8-0f38-410a-9eda-cc96fb41ccad
2022-09-28 15:51:47,134 [EndpointStateMachine task thread for /0.0.0.0:43449 - 0 ] INFO  volume.HddsVolume (HddsVolume.java:closeDbStore(338)) - SchemaV3 db is stopped at /home/runner/work/ozone/ozone/hadoop-ozone/integration-test/target/test-dir/MiniOzoneClusterImpl-30c42134-6f07-4454-8a06-c8ace9e9986b/datanode-3/data-0/containers/hdds/30c42134-6f07-4454-8a06-c8ace9e9986b/DS-183e10a8-0f38-410a-9eda-cc96fb41ccad/container.db for volume DS-183e10a8-0f38-410a-9eda-cc96fb41ccad
2022-09-28 15:51:47,134 [EndpointStateMachine task thread for /0.0.0.0:43449 - 0 ] INFO  ozoneimpl.OzoneContainer (OzoneContainer.java:start(378)) - Attempting to start container services.
2022-09-28 15:51:47,134 [EndpointStateMachine task thread for /0.0.0.0:43449 - 0 ] INFO  ozoneimpl.OzoneContainer (OzoneContainer.java:startContainerScrub(313)) - Background container scanner has been disabled.
2022-09-28 15:51:47,136 [EndpointStateMachine task thread for /0.0.0.0:43449 - 0 ] INFO  replication.ReplicationServer (ReplicationServer.java:start(111)) - ReplicationServer is started using port 34881
2022-09-28 15:51:47,138 [EndpointStateMachine task thread for /0.0.0.0:43449 - 0 ] INFO  ratis.XceiverServerRatis (XceiverServerRatis.java:start(481)) - Starting XceiverServerRatis 1acfca65-6d80-4889-a59c-664a8dc895fd
2022-09-28 15:51:47,139 [EndpointStateMachine task thread for /0.0.0.0:43449 - 0 ] INFO  server.RaftServer (RaftServerProxy.java:lambda$start$6(382)) - 1acfca65-6d80-4889-a59c-664a8dc895fd: start RPC server
2022-09-28 15:51:47,140 [EndpointStateMachine task thread for /0.0.0.0:43449 - 0 ] INFO  server.GrpcService (GrpcService.java:startImpl(260)) - 1acfca65-6d80-4889-a59c-664a8dc895fd: GrpcService started, listening on 40111
2022-09-28 15:51:47,140 [EndpointStateMachine task thread for /0.0.0.0:43449 - 0 ] INFO  ratis.XceiverServerRatis (XceiverServerRatis.java:getRealPort(502)) - XceiverServerRatis 1acfca65-6d80-4889-a59c-664a8dc895fd is started using port 40111 for RATIS
2022-09-28 15:51:47,140 [EndpointStateMachine task thread for /0.0.0.0:43449 - 0 ] INFO  ratis.XceiverServerRatis (XceiverServerRatis.java:getRealPort(502)) - XceiverServerRatis 1acfca65-6d80-4889-a59c-664a8dc895fd is started using port 40111 for RATIS_ADMIN
2022-09-28 15:51:47,140 [EndpointStateMachine task thread for /0.0.0.0:43449 - 0 ] INFO  ratis.XceiverServerRatis (XceiverServerRatis.java:getRealPort(502)) - XceiverServerRatis 1acfca65-6d80-4889-a59c-664a8dc895fd is started using port 40111 for RATIS_SERVER
2022-09-28 15:51:47,141 [org.apache.ratis.util.JvmPauseMonitor$$Lambda$634/1800766250@66351648] INFO  util.JvmPauseMonitor (JvmPauseMonitor.java:run(103)) - JvmPauseMonitor-1acfca65-6d80-4889-a59c-664a8dc895fd: Started
2022-09-28 15:51:47,143 [EndpointStateMachine task thread for /0.0.0.0:43449 - 0 ] INFO  server.XceiverServerGrpc (XceiverServerGrpc.java:start(180)) - XceiverServerGrpc 1acfca65-6d80-4889-a59c-664a8dc895fd is started using port 43681
2022-09-28 15:51:47,416 [Listener at 127.0.0.1/36317] INFO  ozone.MiniOzoneClusterImpl (MiniOzoneClusterImpl.java:lambda$waitForClusterToBeReady$0(216)) - Waiting for nodes to be ready. Got 0 of 5 DN Heartbeats.
2022-09-28 15:51:47,416 [Listener at 127.0.0.1/36317] INFO  ozone.MiniOzoneClusterImpl (MiniOzoneClusterImpl.java:lambda$waitForClusterToBeReady$0(219)) - Waiting for cluster to exit safe mode
2022-09-28 15:51:47,416 [Listener at 127.0.0.1/36317] INFO  ozone.MiniOzoneClusterImpl (MiniOzoneClusterImpl.java:lambda$waitForClusterToBeReady$0(221)) - SCM became leader
2022-09-28 15:51:47,452 [EndpointStateMachine task thread for /0.0.0.0:43449 - 0 ] INFO  volume.HddsVolume (HddsVolume.java:createDbStore(307)) - SchemaV3 db is created and loaded at /home/runner/work/ozone/ozone/hadoop-ozone/integration-test/target/test-dir/MiniOzoneClusterImpl-30c42134-6f07-4454-8a06-c8ace9e9986b/datanode-4/data-0/containers/hdds/30c42134-6f07-4454-8a06-c8ace9e9986b/DS-fd7e38ea-0e32-4b2d-a1b1-6718478d4d75/container.db for volume DS-fd7e38ea-0e32-4b2d-a1b1-6718478d4d75
2022-09-28 15:51:47,453 [EndpointStateMachine task thread for /0.0.0.0:43449 - 0 ] INFO  volume.HddsVolume (HddsVolume.java:closeDbStore(338)) - SchemaV3 db is stopped at /home/runner/work/ozone/ozone/hadoop-ozone/integration-test/target/test-dir/MiniOzoneClusterImpl-30c42134-6f07-4454-8a06-c8ace9e9986b/datanode-4/data-0/containers/hdds/30c42134-6f07-4454-8a06-c8ace9e9986b/DS-fd7e38ea-0e32-4b2d-a1b1-6718478d4d75/container.db for volume DS-fd7e38ea-0e32-4b2d-a1b1-6718478d4d75
2022-09-28 15:51:47,453 [EndpointStateMachine task thread for /0.0.0.0:43449 - 0 ] INFO  ozoneimpl.OzoneContainer (OzoneContainer.java:start(378)) - Attempting to start container services.
2022-09-28 15:51:47,453 [EndpointStateMachine task thread for /0.0.0.0:43449 - 0 ] INFO  ozoneimpl.OzoneContainer (OzoneContainer.java:startContainerScrub(313)) - Background container scanner has been disabled.
2022-09-28 15:51:47,455 [EndpointStateMachine task thread for /0.0.0.0:43449 - 0 ] INFO  replication.ReplicationServer (ReplicationServer.java:start(111)) - ReplicationServer is started using port 44005
2022-09-28 15:51:47,456 [EndpointStateMachine task thread for /0.0.0.0:43449 - 0 ] INFO  ratis.XceiverServerRatis (XceiverServerRatis.java:start(481)) - Starting XceiverServerRatis d5a766ab-0838-4788-add0-62384b7c253e
2022-09-28 15:51:47,457 [EndpointStateMachine task thread for /0.0.0.0:43449 - 0 ] INFO  server.RaftServer (RaftServerProxy.java:lambda$start$6(382)) - d5a766ab-0838-4788-add0-62384b7c253e: start RPC server
2022-09-28 15:51:47,459 [EndpointStateMachine task thread for /0.0.0.0:43449 - 0 ] INFO  server.GrpcService (GrpcService.java:startImpl(260)) - d5a766ab-0838-4788-add0-62384b7c253e: GrpcService started, listening on 44335
2022-09-28 15:51:47,459 [EndpointStateMachine task thread for /0.0.0.0:43449 - 0 ] INFO  ratis.XceiverServerRatis (XceiverServerRatis.java:getRealPort(502)) - XceiverServerRatis d5a766ab-0838-4788-add0-62384b7c253e is started using port 44335 for RATIS
2022-09-28 15:51:47,459 [EndpointStateMachine task thread for /0.0.0.0:43449 - 0 ] INFO  ratis.XceiverServerRatis (XceiverServerRatis.java:getRealPort(502)) - XceiverServerRatis d5a766ab-0838-4788-add0-62384b7c253e is started using port 44335 for RATIS_ADMIN
2022-09-28 15:51:47,459 [org.apache.ratis.util.JvmPauseMonitor$$Lambda$634/1800766250@5ab3e134] INFO  util.JvmPauseMonitor (JvmPauseMonitor.java:run(103)) - JvmPauseMonitor-d5a766ab-0838-4788-add0-62384b7c253e: Started
2022-09-28 15:51:47,459 [EndpointStateMachine task thread for /0.0.0.0:43449 - 0 ] INFO  ratis.XceiverServerRatis (XceiverServerRatis.java:getRealPort(502)) - XceiverServerRatis d5a766ab-0838-4788-add0-62384b7c253e is started using port 44335 for RATIS_SERVER
2022-09-28 15:51:47,462 [EndpointStateMachine task thread for /0.0.0.0:43449 - 0 ] INFO  server.XceiverServerGrpc (XceiverServerGrpc.java:start(180)) - XceiverServerGrpc d5a766ab-0838-4788-add0-62384b7c253e is started using port 42063
2022-09-28 15:51:48,022 [IPC Server handler 4 on default port 43449] INFO  net.NetworkTopologyImpl (NetworkTopologyImpl.java:add(112)) - Added a new node: /default-rack/8d8147bd-34a3-4093-acb2-725bd7232b45
2022-09-28 15:51:48,024 [IPC Server handler 4 on default port 43449] INFO  node.SCMNodeManager (SCMNodeManager.java:register(397)) - Registered Data node : 8d8147bd-34a3-4093-acb2-725bd7232b45{ip: 10.1.1.55, host: fv-az203-824.ild0l4k5vsluppoevu2oqvhmda.cx.internal.cloudapp.net, ports: [REPLICATION=43737, RATIS=42719, RATIS_ADMIN=42719, RATIS_SERVER=42719, STANDALONE=39697], networkLocation: /default-rack, certSerialId: null, persistedOpState: null, persistedOpStateExpiryEpochSec: 0}
2022-09-28 15:51:48,028 [EventQueue-NewNodeForNewNodeHandler] INFO  pipeline.BackgroundPipelineCreator (BackgroundPipelineCreator.java:notifyEventTriggered(276)) - trigger a one-shot run on RatisPipelineUtilsThread.
2022-09-28 15:51:48,029 [EventQueue-NodeRegistrationContainerReportForDataNodeSafeModeRule] INFO  safemode.SCMSafeModeManager (DataNodeSafeModeRule.java:process(71)) - SCM in safe mode. 1 DataNodes registered, 3 required.
2022-09-28 15:51:48,035 [RatisPipelineUtilsThread - 0] INFO  pipeline.RatisPipelineProvider (RatisPipelineProvider.java:lambda$create$0(195)) - Sending CreatePipelineCommand for pipeline:PipelineID=2b216f67-69fa-4825-8e8c-1809791783e2 to datanode:8d8147bd-34a3-4093-acb2-725bd7232b45
2022-09-28 15:51:48,035 [EventQueue-NodeRegistrationContainerReportForContainerSafeModeRule] INFO  safemode.SCMSafeModeManager (SCMSafeModeManager.java:validateSafeModeExitRules(204)) - ContainerSafeModeRule rule is successfully validated
2022-09-28 15:51:48,039 [EventQueue-PipelineReportForOneReplicaPipelineSafeModeRule] INFO  safemode.SCMSafeModeManager (SCMSafeModeManager.java:validateSafeModeExitRules(204)) - AtleastOneDatanodeReportedRule rule is successfully validated
2022-09-28 15:51:48,048 [RatisPipelineUtilsThread - 0] INFO  pipeline.PipelineStateManagerImpl (PipelineStateManagerImpl.java:addPipeline(103)) - Created pipeline Pipeline[ Id: 2b216f67-69fa-4825-8e8c-1809791783e2, Nodes: 8d8147bd-34a3-4093-acb2-725bd7232b45{ip: 10.1.1.55, host: fv-az203-824.ild0l4k5vsluppoevu2oqvhmda.cx.internal.cloudapp.net, ports: [REPLICATION=43737, RATIS=42719, RATIS_ADMIN=42719, RATIS_SERVER=42719, STANDALONE=39697], networkLocation: /default-rack, certSerialId: null, persistedOpState: IN_SERVICE, persistedOpStateExpiryEpochSec: 0}, ReplicationConfig: RATIS/ONE, State:ALLOCATED, leaderId:, CreationTimestamp2022-09-28T15:51:48.034Z[Etc/UTC]].
2022-09-28 15:51:48,416 [Listener at 127.0.0.1/36317] INFO  ozone.MiniOzoneClusterImpl (MiniOzoneClusterImpl.java:lambda$waitForClusterToBeReady$0(216)) - Waiting for nodes to be ready. Got 1 of 5 DN Heartbeats.
2022-09-28 15:51:48,417 [Listener at 127.0.0.1/36317] INFO  ozone.MiniOzoneClusterImpl (MiniOzoneClusterImpl.java:lambda$waitForClusterToBeReady$0(219)) - Waiting for cluster to exit safe mode
2022-09-28 15:51:48,417 [Listener at 127.0.0.1/36317] INFO  ozone.MiniOzoneClusterImpl (MiniOzoneClusterImpl.java:lambda$waitForClusterToBeReady$0(221)) - SCM became leader
2022-09-28 15:51:48,469 [IPC Server handler 4 on default port 43449] INFO  net.NetworkTopologyImpl (NetworkTopologyImpl.java:add(112)) - Added a new node: /default-rack/a57096d8-e38a-49fa-bac6-11df32f34a10
2022-09-28 15:51:48,470 [IPC Server handler 4 on default port 43449] INFO  node.SCMNodeManager (SCMNodeManager.java:register(397)) - Registered Data node : a57096d8-e38a-49fa-bac6-11df32f34a10{ip: 10.1.1.55, host: fv-az203-824.ild0l4k5vsluppoevu2oqvhmda.cx.internal.cloudapp.net, ports: [REPLICATION=33135, RATIS=35365, RATIS_ADMIN=35365, RATIS_SERVER=35365, STANDALONE=45957], networkLocation: /default-rack, certSerialId: null, persistedOpState: null, persistedOpStateExpiryEpochSec: 0}
2022-09-28 15:51:48,471 [EventQueue-NewNodeForNewNodeHandler] INFO  pipeline.BackgroundPipelineCreator (BackgroundPipelineCreator.java:notifyEventTriggered(276)) - trigger a one-shot run on RatisPipelineUtilsThread.
2022-09-28 15:51:48,471 [EventQueue-NodeRegistrationContainerReportForDataNodeSafeModeRule] INFO  safemode.SCMSafeModeManager (DataNodeSafeModeRule.java:process(71)) - SCM in safe mode. 2 DataNodes registered, 3 required.
2022-09-28 15:51:48,472 [RatisPipelineUtilsThread - 0] INFO  pipeline.RatisPipelineProvider (RatisPipelineProvider.java:lambda$create$0(195)) - Sending CreatePipelineCommand for pipeline:PipelineID=028a906a-04e3-4526-bc85-4a6ffcbd8ed8 to datanode:a57096d8-e38a-49fa-bac6-11df32f34a10
2022-09-28 15:51:48,473 [RatisPipelineUtilsThread - 0] INFO  pipeline.PipelineStateManagerImpl (PipelineStateManagerImpl.java:addPipeline(103)) - Created pipeline Pipeline[ Id: 028a906a-04e3-4526-bc85-4a6ffcbd8ed8, Nodes: a57096d8-e38a-49fa-bac6-11df32f34a10{ip: 10.1.1.55, host: fv-az203-824.ild0l4k5vsluppoevu2oqvhmda.cx.internal.cloudapp.net, ports: [REPLICATION=33135, RATIS=35365, RATIS_ADMIN=35365, RATIS_SERVER=35365, STANDALONE=45957], networkLocation: /default-rack, certSerialId: null, persistedOpState: IN_SERVICE, persistedOpStateExpiryEpochSec: 0}, ReplicationConfig: RATIS/ONE, State:ALLOCATED, leaderId:, CreationTimestamp2022-09-28T15:51:48.472Z[Etc/UTC]].
2022-09-28 15:51:48,795 [IPC Server handler 3 on default port 43449] INFO  net.NetworkTopologyImpl (NetworkTopologyImpl.java:add(112)) - Added a new node: /default-rack/f339b530-8901-434d-bf68-81dd9354474d
2022-09-28 15:51:48,796 [IPC Server handler 3 on default port 43449] INFO  node.SCMNodeManager (SCMNodeManager.java:register(397)) - Registered Data node : f339b530-8901-434d-bf68-81dd9354474d{ip: 10.1.1.55, host: fv-az203-824.ild0l4k5vsluppoevu2oqvhmda.cx.internal.cloudapp.net, ports: [REPLICATION=39813, RATIS=43271, RATIS_ADMIN=43271, RATIS_SERVER=43271, STANDALONE=35249], networkLocation: /default-rack, certSerialId: null, persistedOpState: null, persistedOpStateExpiryEpochSec: 0}
2022-09-28 15:51:48,796 [EventQueue-NewNodeForNewNodeHandler] INFO  pipeline.BackgroundPipelineCreator (BackgroundPipelineCreator.java:notifyEventTriggered(276)) - trigger a one-shot run on RatisPipelineUtilsThread.
2022-09-28 15:51:48,796 [EventQueue-NodeRegistrationContainerReportForDataNodeSafeModeRule] INFO  safemode.SCMSafeModeManager (DataNodeSafeModeRule.java:process(71)) - SCM in safe mode. 3 DataNodes registered, 3 required.
2022-09-28 15:51:48,797 [EventQueue-NodeRegistrationContainerReportForDataNodeSafeModeRule] INFO  safemode.SCMSafeModeManager (SCMSafeModeManager.java:validateSafeModeExitRules(204)) - DataNodeSafeModeRule rule is successfully validated
2022-09-28 15:51:48,797 [EventQueue-NodeRegistrationContainerReportForDataNodeSafeModeRule] INFO  safemode.SCMSafeModeManager (SCMSafeModeManager.java:completePreCheck(233)) - All SCM safe mode pre check rules have passed
2022-09-28 15:51:48,797 [EventQueue-NodeRegistrationContainerReportForDataNodeSafeModeRule] WARN  events.EventQueue (EventQueue.java:fireEvent(216)) - No event handler registered for event TypedEvent{payloadType=SafeModeStatus, name='Safe mode status'}
2022-09-28 15:51:48,797 [EventQueue-NodeRegistrationContainerReportForDataNodeSafeModeRule] INFO  ha.SCMContext (SCMContext.java:updateSafeModeStatus(228)) - Update SafeModeStatus from SafeModeStatus{safeModeStatus=true, preCheckPassed=false} to SafeModeStatus{safeModeStatus=true, preCheckPassed=true}.
2022-09-28 15:51:48,797 [EventQueue-NodeRegistrationContainerReportForDataNodeSafeModeRule] INFO  pipeline.BackgroundPipelineCreator (BackgroundPipelineCreator.java:notifyEventTriggered(276)) - trigger a one-shot run on RatisPipelineUtilsThread.
2022-09-28 15:51:48,798 [RatisPipelineUtilsThread - 0] INFO  pipeline.RatisPipelineProvider (RatisPipelineProvider.java:lambda$create$0(195)) - Sending CreatePipelineCommand for pipeline:PipelineID=13ad82ce-4947-4585-bfde-68d461e2611d to datanode:f339b530-8901-434d-bf68-81dd9354474d
2022-09-28 15:51:48,798 [RatisPipelineUtilsThread - 0] INFO  pipeline.PipelineStateManagerImpl (PipelineStateManagerImpl.java:addPipeline(103)) - Created pipeline Pipeline[ Id: 13ad82ce-4947-4585-bfde-68d461e2611d, Nodes: f339b530-8901-434d-bf68-81dd9354474d{ip: 10.1.1.55, host: fv-az203-824.ild0l4k5vsluppoevu2oqvhmda.cx.internal.cloudapp.net, ports: [REPLICATION=39813, RATIS=43271, RATIS_ADMIN=43271, RATIS_SERVER=43271, STANDALONE=35249], networkLocation: /default-rack, certSerialId: null, persistedOpState: IN_SERVICE, persistedOpStateExpiryEpochSec: 0}, ReplicationConfig: RATIS/ONE, State:ALLOCATED, leaderId:, CreationTimestamp2022-09-28T15:51:48.798Z[Etc/UTC]].
2022-09-28 15:51:48,802 [RatisPipelineUtilsThread - 0] INFO  pipeline.RatisPipelineProvider (RatisPipelineProvider.java:lambda$create$0(195)) - Sending CreatePipelineCommand for pipeline:PipelineID=a89d047a-da0f-4a1d-b235-4c0325bd5f48 to datanode:f339b530-8901-434d-bf68-81dd9354474d
2022-09-28 15:51:48,802 [RatisPipelineUtilsThread - 0] INFO  pipeline.RatisPipelineProvider (RatisPipelineProvider.java:lambda$create$0(195)) - Sending CreatePipelineCommand for pipeline:PipelineID=a89d047a-da0f-4a1d-b235-4c0325bd5f48 to datanode:8d8147bd-34a3-4093-acb2-725bd7232b45
2022-09-28 15:51:48,802 [RatisPipelineUtilsThread - 0] INFO  pipeline.RatisPipelineProvider (RatisPipelineProvider.java:lambda$create$0(195)) - Sending CreatePipelineCommand for pipeline:PipelineID=a89d047a-da0f-4a1d-b235-4c0325bd5f48 to datanode:a57096d8-e38a-49fa-bac6-11df32f34a10
2022-09-28 15:51:48,803 [RatisPipelineUtilsThread - 0] INFO  pipeline.PipelineStateManagerImpl (PipelineStateManagerImpl.java:addPipeline(103)) - Created pipeline Pipeline[ Id: a89d047a-da0f-4a1d-b235-4c0325bd5f48, Nodes: f339b530-8901-434d-bf68-81dd9354474d{ip: 10.1.1.55, host: fv-az203-824.ild0l4k5vsluppoevu2oqvhmda.cx.internal.cloudapp.net, ports: [REPLICATION=39813, RATIS=43271, RATIS_ADMIN=43271, RATIS_SERVER=43271, STANDALONE=35249], networkLocation: /default-rack, certSerialId: null, persistedOpState: IN_SERVICE, persistedOpStateExpiryEpochSec: 0}8d8147bd-34a3-4093-acb2-725bd7232b45{ip: 10.1.1.55, host: fv-az203-824.ild0l4k5vsluppoevu2oqvhmda.cx.internal.cloudapp.net, ports: [REPLICATION=43737, RATIS=42719, RATIS_ADMIN=42719, RATIS_SERVER=42719, STANDALONE=39697], networkLocation: /default-rack, certSerialId: null, persistedOpState: IN_SERVICE, persistedOpStateExpiryEpochSec: 0}a57096d8-e38a-49fa-bac6-11df32f34a10{ip: 10.1.1.55, host: fv-az203-824.ild0l4k5vsluppoevu2oqvhmda.cx.internal.cloudapp.net, ports: [REPLICATION=33135, RATIS=35365, RATIS_ADMIN=35365, RATIS_SERVER=35365, STANDALONE=45957], networkLocation: /default-rack, certSerialId: null, persistedOpState: IN_SERVICE, persistedOpStateExpiryEpochSec: 0}, ReplicationConfig: RATIS/THREE, State:ALLOCATED, leaderId:, CreationTimestamp2022-09-28T15:51:48.802Z[Etc/UTC]].
2022-09-28 15:51:48,804 [RatisPipelineUtilsThread - 0] INFO  pipeline.RatisPipelineProvider (RatisPipelineProvider.java:lambda$create$0(195)) - Sending CreatePipelineCommand for pipeline:PipelineID=3c7f63f1-00ab-42a1-823d-c34df4f8e5e8 to datanode:8d8147bd-34a3-4093-acb2-725bd7232b45
2022-09-28 15:51:48,804 [RatisPipelineUtilsThread - 0] INFO  pipeline.RatisPipelineProvider (RatisPipelineProvider.java:lambda$create$0(195)) - Sending CreatePipelineCommand for pipeline:PipelineID=3c7f63f1-00ab-42a1-823d-c34df4f8e5e8 to datanode:f339b530-8901-434d-bf68-81dd9354474d
2022-09-28 15:51:48,804 [RatisPipelineUtilsThread - 0] INFO  pipeline.RatisPipelineProvider (RatisPipelineProvider.java:lambda$create$0(195)) - Sending CreatePipelineCommand for pipeline:PipelineID=3c7f63f1-00ab-42a1-823d-c34df4f8e5e8 to datanode:a57096d8-e38a-49fa-bac6-11df32f34a10
2022-09-28 15:51:48,805 [RatisPipelineUtilsThread - 0] INFO  pipeline.PipelineStateManagerImpl (PipelineStateManagerImpl.java:addPipeline(103)) - Created pipeline Pipeline[ Id: 3c7f63f1-00ab-42a1-823d-c34df4f8e5e8, Nodes: 8d8147bd-34a3-4093-acb2-725bd7232b45{ip: 10.1.1.55, host: fv-az203-824.ild0l4k5vsluppoevu2oqvhmda.cx.internal.cloudapp.net, ports: [REPLICATION=43737, RATIS=42719, RATIS_ADMIN=42719, RATIS_SERVER=42719, STANDALONE=39697], networkLocation: /default-rack, certSerialId: null, persistedOpState: IN_SERVICE, persistedOpStateExpiryEpochSec: 0}f339b530-8901-434d-bf68-81dd9354474d{ip: 10.1.1.55, host: fv-az203-824.ild0l4k5vsluppoevu2oqvhmda.cx.internal.cloudapp.net, ports: [REPLICATION=39813, RATIS=43271, RATIS_ADMIN=43271, RATIS_SERVER=43271, STANDALONE=35249], networkLocation: /default-rack, certSerialId: null, persistedOpState: IN_SERVICE, persistedOpStateExpiryEpochSec: 0}a57096d8-e38a-49fa-bac6-11df32f34a10{ip: 10.1.1.55, host: fv-az203-824.ild0l4k5vsluppoevu2oqvhmda.cx.internal.cloudapp.net, ports: [REPLICATION=33135, RATIS=35365, RATIS_ADMIN=35365, RATIS_SERVER=35365, STANDALONE=45957], networkLocation: /default-rack, certSerialId: null, persistedOpState: IN_SERVICE, persistedOpStateExpiryEpochSec: 0}, ReplicationConfig: RATIS/THREE, State:ALLOCATED, leaderId:, CreationTimestamp2022-09-28T15:51:48.804Z[Etc/UTC]].
2022-09-28 15:51:48,805 [RatisPipelineUtilsThread - 0] INFO  pipeline.PipelineManagerImpl (PipelineManagerImpl.java:recordMetricsForPipeline(796)) - Pipeline: PipelineID=3c7f63f1-00ab-42a1-823d-c34df4f8e5e8 contains same datanodes as previous pipelines: PipelineID=a89d047a-da0f-4a1d-b235-4c0325bd5f48 nodeIds: 8d8147bd-34a3-4093-acb2-725bd7232b45, f339b530-8901-434d-bf68-81dd9354474d, a57096d8-e38a-49fa-bac6-11df32f34a10
2022-09-28 15:51:49,106 [IPC Server handler 0 on default port 43449] INFO  net.NetworkTopologyImpl (NetworkTopologyImpl.java:add(112)) - Added a new node: /default-rack/1acfca65-6d80-4889-a59c-664a8dc895fd
2022-09-28 15:51:49,106 [IPC Server handler 0 on default port 43449] INFO  node.SCMNodeManager (SCMNodeManager.java:register(397)) - Registered Data node : 1acfca65-6d80-4889-a59c-664a8dc895fd{ip: 10.1.1.55, host: fv-az203-824.ild0l4k5vsluppoevu2oqvhmda.cx.internal.cloudapp.net, ports: [REPLICATION=34881, RATIS=40111, RATIS_ADMIN=40111, RATIS_SERVER=40111, STANDALONE=43681], networkLocation: /default-rack, certSerialId: null, persistedOpState: null, persistedOpStateExpiryEpochSec: 0}
2022-09-28 15:51:49,107 [EventQueue-NewNodeForNewNodeHandler] INFO  pipeline.BackgroundPipelineCreator (BackgroundPipelineCreator.java:notifyEventTriggered(276)) - trigger a one-shot run on RatisPipelineUtilsThread.
2022-09-28 15:51:49,108 [RatisPipelineUtilsThread - 0] INFO  pipeline.RatisPipelineProvider (RatisPipelineProvider.java:lambda$create$0(195)) - Sending CreatePipelineCommand for pipeline:PipelineID=b540b1f4-9ba6-4b1d-b1c7-24c7f27543ce to datanode:1acfca65-6d80-4889-a59c-664a8dc895fd
2022-09-28 15:51:49,109 [RatisPipelineUtilsThread - 0] INFO  pipeline.PipelineStateManagerImpl (PipelineStateManagerImpl.java:addPipeline(103)) - Created pipeline Pipeline[ Id: b540b1f4-9ba6-4b1d-b1c7-24c7f27543ce, Nodes: 1acfca65-6d80-4889-a59c-664a8dc895fd{ip: 10.1.1.55, host: fv-az203-824.ild0l4k5vsluppoevu2oqvhmda.cx.internal.cloudapp.net, ports: [REPLICATION=34881, RATIS=40111, RATIS_ADMIN=40111, RATIS_SERVER=40111, STANDALONE=43681], networkLocation: /default-rack, certSerialId: null, persistedOpState: IN_SERVICE, persistedOpStateExpiryEpochSec: 0}, ReplicationConfig: RATIS/ONE, State:ALLOCATED, leaderId:, CreationTimestamp2022-09-28T15:51:49.108Z[Etc/UTC]].
2022-09-28 15:51:49,417 [Listener at 127.0.0.1/36317] INFO  ozone.MiniOzoneClusterImpl (MiniOzoneClusterImpl.java:lambda$waitForClusterToBeReady$0(216)) - Waiting for nodes to be ready. Got 4 of 5 DN Heartbeats.
2022-09-28 15:51:49,417 [Listener at 127.0.0.1/36317] INFO  ozone.MiniOzoneClusterImpl (MiniOzoneClusterImpl.java:lambda$waitForClusterToBeReady$0(219)) - Waiting for cluster to exit safe mode
2022-09-28 15:51:49,417 [Listener at 127.0.0.1/36317] INFO  ozone.MiniOzoneClusterImpl (MiniOzoneClusterImpl.java:lambda$waitForClusterToBeReady$0(221)) - SCM became leader
2022-09-28 15:51:49,427 [IPC Server handler 6 on default port 43449] INFO  net.NetworkTopologyImpl (NetworkTopologyImpl.java:add(112)) - Added a new node: /default-rack/d5a766ab-0838-4788-add0-62384b7c253e
2022-09-28 15:51:49,428 [IPC Server handler 6 on default port 43449] INFO  node.SCMNodeManager (SCMNodeManager.java:register(397)) - Registered Data node : d5a766ab-0838-4788-add0-62384b7c253e{ip: 10.1.1.55, host: fv-az203-824.ild0l4k5vsluppoevu2oqvhmda.cx.internal.cloudapp.net, ports: [REPLICATION=44005, RATIS=44335, RATIS_ADMIN=44335, RATIS_SERVER=44335, STANDALONE=42063], networkLocation: /default-rack, certSerialId: null, persistedOpState: null, persistedOpStateExpiryEpochSec: 0}
2022-09-28 15:51:49,428 [EventQueue-NewNodeForNewNodeHandler] INFO  pipeline.BackgroundPipelineCreator (BackgroundPipelineCreator.java:notifyEventTriggered(276)) - trigger a one-shot run on RatisPipelineUtilsThread.
2022-09-28 15:51:49,429 [RatisPipelineUtilsThread - 0] INFO  pipeline.RatisPipelineProvider (RatisPipelineProvider.java:lambda$create$0(195)) - Sending CreatePipelineCommand for pipeline:PipelineID=2bec66f3-2a7d-4ba3-84e2-13a077c36c46 to datanode:d5a766ab-0838-4788-add0-62384b7c253e
2022-09-28 15:51:49,429 [RatisPipelineUtilsThread - 0] INFO  pipeline.PipelineStateManagerImpl (PipelineStateManagerImpl.java:addPipeline(103)) - Created pipeline Pipeline[ Id: 2bec66f3-2a7d-4ba3-84e2-13a077c36c46, Nodes: d5a766ab-0838-4788-add0-62384b7c253e{ip: 10.1.1.55, host: fv-az203-824.ild0l4k5vsluppoevu2oqvhmda.cx.internal.cloudapp.net, ports: [REPLICATION=44005, RATIS=44335, RATIS_ADMIN=44335, RATIS_SERVER=44335, STANDALONE=42063], networkLocation: /default-rack, certSerialId: null, persistedOpState: IN_SERVICE, persistedOpStateExpiryEpochSec: 0}, ReplicationConfig: RATIS/ONE, State:ALLOCATED, leaderId:, CreationTimestamp2022-09-28T15:51:49.429Z[Etc/UTC]].
2022-09-28 15:51:50,418 [Listener at 127.0.0.1/36317] INFO  ozone.MiniOzoneClusterImpl (MiniOzoneClusterImpl.java:lambda$waitForClusterToBeReady$0(216)) - Nodes are ready. Got 5 of 5 DN Heartbeats.
2022-09-28 15:51:50,418 [Listener at 127.0.0.1/36317] INFO  ozone.MiniOzoneClusterImpl (MiniOzoneClusterImpl.java:lambda$waitForClusterToBeReady$0(219)) - Waiting for cluster to exit safe mode
2022-09-28 15:51:50,418 [Listener at 127.0.0.1/36317] INFO  ozone.MiniOzoneClusterImpl (MiniOzoneClusterImpl.java:lambda$waitForClusterToBeReady$0(221)) - SCM became leader
2022-09-28 15:51:51,014 [Command processor thread] INFO  server.RaftServer (RaftServerProxy.java:addNew(96)) - 8d8147bd-34a3-4093-acb2-725bd7232b45: addNew group-1809791783E2:[8d8147bd-34a3-4093-acb2-725bd7232b45|rpc:10.1.1.55:42719|priority:1] returns group-1809791783E2:java.util.concurrent.CompletableFuture@7d5fa79[Not completed]
2022-09-28 15:51:51,023 [pool-73-thread-1] INFO  server.RaftServer$Division (RaftServerImpl.java:<init>(190)) - 8d8147bd-34a3-4093-acb2-725bd7232b45: new RaftServerImpl for group-1809791783E2:[8d8147bd-34a3-4093-acb2-725bd7232b45|rpc:10.1.1.55:42719|priority:1] with ContainerStateMachine:uninitialized
2022-09-28 15:51:51,024 [pool-73-thread-1] INFO  server.RaftServerConfigKeys (ConfUtils.java:logGet(46)) - raft.server.rpc.timeout.min = 5s (custom)
2022-09-28 15:51:51,024 [pool-73-thread-1] INFO  server.RaftServerConfigKeys (ConfUtils.java:logGet(46)) - raft.server.rpc.timeout.max = 5200ms (custom)
2022-09-28 15:51:51,024 [pool-73-thread-1] INFO  server.RaftServerConfigKeys (ConfUtils.java:logGet(46)) - raft.server.rpc.sleep.time = 25ms (default)
2022-09-28 15:51:51,024 [pool-73-thread-1] INFO  server.RaftServerConfigKeys (ConfUtils.java:logGet(46)) - raft.server.rpc.slowness.timeout = 300s (custom)
2022-09-28 15:51:51,024 [pool-73-thread-1] INFO  server.RaftServerConfigKeys (ConfUtils.java:logGet(46)) - raft.server.leaderelection.leader.step-down.wait-time = 10s (default)
2022-09-28 15:51:51,024 [pool-73-thread-1] INFO  server.RaftServerConfigKeys (ConfUtils.java:logGet(46)) - raft.server.sleep.deviation.threshold = 300ms (default)
2022-09-28 15:51:51,024 [pool-73-thread-1] INFO  server.RaftServer$Division (ServerState.java:<init>(107)) - 8d8147bd-34a3-4093-acb2-725bd7232b45@group-1809791783E2: ConfigurationManager, init=-1: [8d8147bd-34a3-4093-acb2-725bd7232b45|rpc:10.1.1.55:42719|priority:1], old=null, confs=<EMPTY_MAP>
2022-09-28 15:51:51,024 [pool-73-thread-1] INFO  server.RaftServerConfigKeys (ConfUtils.java:logGet(46)) - raft.server.storage.dir = [/home/runner/work/ozone/ozone/hadoop-ozone/integration-test/target/test-dir/MiniOzoneClusterImpl-30c42134-6f07-4454-8a06-c8ace9e9986b/datanode-0/data/ratis] (custom)
2022-09-28 15:51:51,024 [pool-73-thread-1] INFO  server.RaftServerConfigKeys (ConfUtils.java:logGet(46)) - raft.server.log.corruption.policy = EXCEPTION (default)
2022-09-28 15:51:51,024 [pool-73-thread-1] INFO  server.RaftServerConfigKeys (ConfUtils.java:logGet(46)) - raft.server.storage.free-space.min = 0MB (=0) (default)
2022-09-28 15:51:51,024 [pool-73-thread-1] INFO  storage.RaftStorageDirectory (RaftStorageDirectoryImpl.java:analyzeStorage(135)) - The storage directory /home/runner/work/ozone/ozone/hadoop-ozone/integration-test/target/test-dir/MiniOzoneClusterImpl-30c42134-6f07-4454-8a06-c8ace9e9986b/datanode-0/data/ratis/2b216f67-69fa-4825-8e8c-1809791783e2 does not exist. Creating ...
2022-09-28 15:51:51,026 [pool-73-thread-1] INFO  storage.RaftStorageDirectory (RaftStorageDirectoryImpl.java:tryLock(230)) - Lock on /home/runner/work/ozone/ozone/hadoop-ozone/integration-test/target/test-dir/MiniOzoneClusterImpl-30c42134-6f07-4454-8a06-c8ace9e9986b/datanode-0/data/ratis/2b216f67-69fa-4825-8e8c-1809791783e2/in_use.lock acquired by nodename 13127@fv-az203-824
2022-09-28 15:51:51,027 [pool-73-thread-1] INFO  storage.RaftStorage (RaftStorageImpl.java:format(89)) - Storage directory /home/runner/work/ozone/ozone/hadoop-ozone/integration-test/target/test-dir/MiniOzoneClusterImpl-30c42134-6f07-4454-8a06-c8ace9e9986b/datanode-0/data/ratis/2b216f67-69fa-4825-8e8c-1809791783e2 has been successfully formatted.
2022-09-28 15:51:51,043 [pool-73-thread-1] INFO  ratis.ContainerStateMachine (ContainerStateMachine.java:loadSnapshot(236)) - group-1809791783E2: The snapshot info is null. Setting the last applied indexto:(t:0, i:~)
2022-09-28 15:51:51,043 [pool-73-thread-1] INFO  server.RaftServerConfigKeys (ConfUtils.java:logGet(46)) - raft.server.notification.no-leader.timeout = 300s (custom)
2022-09-28 15:51:51,043 [pool-73-thread-1] INFO  server.RaftServerConfigKeys (ConfUtils.java:logGet(46)) - raft.server.log.use.memory = false (default)
2022-09-28 15:51:51,043 [pool-73-thread-1] INFO  server.RaftServerConfigKeys (ConfUtils.java:logGet(46)) - raft.server.log.purge.gap = 1000000 (custom)
2022-09-28 15:51:51,043 [pool-73-thread-1] INFO  server.RaftServerConfigKeys (ConfUtils.java:logGet(46)) - raft.server.log.appender.buffer.byte-limit = 33554432 (custom)
2022-09-28 15:51:51,043 [pool-73-thread-1] INFO  server.RaftServerConfigKeys (ConfUtils.java:logGet(46)) - raft.server.log.statemachine.data.read.timeout = 1000ms (default)
2022-09-28 15:51:51,044 [pool-73-thread-1] INFO  server.RaftServerConfigKeys (ConfUtils.java:logGet(46)) - raft.server.log.segment.size.max = 1048576 (custom)
2022-09-28 15:51:51,044 [pool-73-thread-1] INFO  server.RaftServerConfigKeys (ConfUtils.java:logGet(46)) - raft.server.log.segment.cache.num.max = 2 (custom)
2022-09-28 15:51:51,044 [pool-73-thread-1] INFO  server.RaftServerConfigKeys (ConfUtils.java:logGet(46)) - raft.server.log.segment.cache.size.max = 200MB (=209715200) (default)
2022-09-28 15:51:51,044 [pool-73-thread-1] INFO  segmented.SegmentedRaftLogWorker (SegmentedRaftLogWorker.java:<init>(187)) - new 8d8147bd-34a3-4093-acb2-725bd7232b45@group-1809791783E2-SegmentedRaftLogWorker for RaftStorageImpl:Storage Directory /home/runner/work/ozone/ozone/hadoop-ozone/integration-test/target/test-dir/MiniOzoneClusterImpl-30c42134-6f07-4454-8a06-c8ace9e9986b/datanode-0/data/ratis/2b216f67-69fa-4825-8e8c-1809791783e2
2022-09-28 15:51:51,044 [pool-73-thread-1] INFO  server.RaftServerConfigKeys (ConfUtils.java:logGet(46)) - raft.server.log.queue.byte-limit = 4294967296 (custom)
2022-09-28 15:51:51,044 [pool-73-thread-1] INFO  server.RaftServerConfigKeys (ConfUtils.java:logGet(46)) - raft.server.log.queue.element-limit = 1024 (custom)
2022-09-28 15:51:51,045 [pool-73-thread-1] INFO  server.RaftServerConfigKeys (ConfUtils.java:logGet(46)) - raft.server.log.segment.size.max = 1048576 (custom)
2022-09-28 15:51:51,045 [pool-73-thread-1] INFO  server.RaftServerConfigKeys (ConfUtils.java:logGet(46)) - raft.server.log.preallocated.size = 16384 (custom)
2022-09-28 15:51:51,045 [pool-73-thread-1] INFO  server.RaftServerConfigKeys (ConfUtils.java:logGet(46)) - raft.server.log.force.sync.num = 128 (default)
2022-09-28 15:51:51,045 [pool-73-thread-1] INFO  server.RaftServerConfigKeys (ConfUtils.java:logGet(46)) - raft.server.log.statemachine.data.sync = true (default)
2022-09-28 15:51:51,045 [pool-73-thread-1] INFO  server.RaftServerConfigKeys (ConfUtils.java:logGet(46)) - raft.server.log.statemachine.data.sync.timeout = 10s (default)
2022-09-28 15:51:51,045 [pool-73-thread-1] INFO  server.RaftServerConfigKeys (ConfUtils.java:logGet(46)) - raft.server.log.statemachine.data.sync.timeout.retry = -1 (default)
2022-09-28 15:51:51,046 [pool-73-thread-1] INFO  server.RaftServerConfigKeys (ConfUtils.java:logGet(46)) - raft.server.log.write.buffer.size = 1048576 (custom)
2022-09-28 15:51:51,047 [pool-73-thread-1] INFO  server.RaftServerConfigKeys (ConfUtils.java:logGet(46)) - raft.server.log.unsafe-flush.enabled = false (default)
2022-09-28 15:51:51,047 [pool-73-thread-1] INFO  server.RaftServerConfigKeys (ConfUtils.java:logGet(46)) - raft.server.log.statemachine.data.caching.enabled = true (custom)
2022-09-28 15:51:51,047 [pool-73-thread-1] INFO  segmented.SegmentedRaftLogWorker (SegmentedRaftLogWorker.java:lambda$new$0(135)) - 8d8147bd-34a3-4093-acb2-725bd7232b45@group-1809791783E2-SegmentedRaftLogWorker: flushIndex: setUnconditionally 0 -> -1
2022-09-28 15:51:51,047 [pool-73-thread-1] INFO  segmented.SegmentedRaftLogWorker (SegmentedRaftLogWorker.java:lambda$new$0(135)) - 8d8147bd-34a3-4093-acb2-725bd7232b45@group-1809791783E2-SegmentedRaftLogWorker: safeCacheEvictIndex: setUnconditionally 0 -> -1
2022-09-28 15:51:51,053 [EventQueue-PipelineReportForPipelineReportHandler] INFO  pipeline.PipelineManagerImpl (PipelineManagerImpl.java:openPipeline(367)) - Pipeline Pipeline[ Id: 2b216f67-69fa-4825-8e8c-1809791783e2, Nodes: 8d8147bd-34a3-4093-acb2-725bd7232b45{ip: 10.1.1.55, host: fv-az203-824.ild0l4k5vsluppoevu2oqvhmda.cx.internal.cloudapp.net, ports: [REPLICATION=43737, RATIS=42719, RATIS_ADMIN=42719, RATIS_SERVER=42719, STANDALONE=39697], networkLocation: /default-rack, certSerialId: null, persistedOpState: IN_SERVICE, persistedOpStateExpiryEpochSec: 0}, ReplicationConfig: RATIS/ONE, State:ALLOCATED, leaderId:8d8147bd-34a3-4093-acb2-725bd7232b45, CreationTimestamp2022-09-28T15:51:48.034Z[Etc/UTC]] moved to OPEN state
2022-09-28 15:51:51,054 [pool-73-thread-1] INFO  server.RaftServerConfigKeys (ConfUtils.java:logGet(46)) - raft.server.snapshot.auto.trigger.enabled = true (custom)
2022-09-28 15:51:51,054 [pool-73-thread-1] INFO  server.RaftServerConfigKeys (ConfUtils.java:logGet(46)) - raft.server.snapshot.auto.trigger.threshold = 10000 (custom)
2022-09-28 15:51:51,054 [pool-73-thread-1] INFO  server.RaftServerConfigKeys (ConfUtils.java:logGet(46)) - raft.server.snapshot.retention.file.num = 5 (custom)
2022-09-28 15:51:51,054 [pool-73-thread-1] INFO  server.RaftServerConfigKeys (ConfUtils.java:logGet(46)) - raft.server.log.purge.upto.snapshot.index = false (default)
2022-09-28 15:51:51,056 [pool-73-thread-1] INFO  server.RaftServerConfigKeys (ConfUtils.java:logGet(46)) - raft.server.retrycache.expirytime = 600000ms (custom)
2022-09-28 15:51:51,056 [pool-73-thread-1] INFO  server.RaftServerConfigKeys (ConfUtils.java:logGet(46)) - raft.server.retrycache.statistics.expirytime = 100μs (default)
2022-09-28 15:51:51,058 [EventQueue-OpenPipelineForHealthyPipelineSafeModeRule] INFO  safemode.SCMSafeModeManager (HealthyPipelineSafeModeRule.java:process(137)) - SCM in safe mode. Healthy pipelines reported count is 0, required healthy pipeline reported count is 1
2022-09-28 15:51:51,061 [pool-73-thread-1] INFO  server.RaftServerConfigKeys (ConfUtils.java:logGet(46)) - raft.server.log.appender.install.snapshot.enabled = false (custom)
2022-09-28 15:51:51,062 [pool-73-thread-1] INFO  server.RaftServerConfigKeys (ConfUtils.java:logGet(46)) - raft.server.threadpool.server.cached = true (default)
2022-09-28 15:51:51,062 [pool-73-thread-1] INFO  server.RaftServerConfigKeys (ConfUtils.java:logGet(46)) - raft.server.threadpool.server.size = 0 (default)
2022-09-28 15:51:51,062 [pool-73-thread-1] INFO  server.RaftServerConfigKeys (ConfUtils.java:logGet(46)) - raft.server.threadpool.client.cached = true (default)
2022-09-28 15:51:51,062 [pool-73-thread-1] INFO  server.RaftServerConfigKeys (ConfUtils.java:logGet(46)) - raft.server.threadpool.client.size = 0 (default)
2022-09-28 15:51:51,062 [pool-73-thread-1] INFO  server.RaftServer$Division (RaftServerImpl.java:start(310)) - 8d8147bd-34a3-4093-acb2-725bd7232b45@group-1809791783E2: start as a follower, conf=-1: [8d8147bd-34a3-4093-acb2-725bd7232b45|rpc:10.1.1.55:42719|priority:1], old=null
2022-09-28 15:51:51,062 [pool-73-thread-1] INFO  server.RaftServer$Division (RaftServerImpl.java:setRole(299)) - 8d8147bd-34a3-4093-acb2-725bd7232b45@group-1809791783E2: changes role from      null to FOLLOWER at term 0 for startAsFollower
2022-09-28 15:51:51,062 [pool-73-thread-1] INFO  impl.RoleInfo (RoleInfo.java:updateAndGet(139)) - 8d8147bd-34a3-4093-acb2-725bd7232b45: start 8d8147bd-34a3-4093-acb2-725bd7232b45@group-1809791783E2-FollowerState
2022-09-28 15:51:51,063 [pool-73-thread-1] INFO  util.JmxRegister (JmxRegister.java:tryRegister(44)) - Successfully registered JMX Bean with object name Ratis:service=RaftServer,group=group-1809791783E2,id=8d8147bd-34a3-4093-acb2-725bd7232b45
2022-09-28 15:51:51,074 [Command processor thread] INFO  ratis.XceiverServerRatis (XceiverServerRatis.java:addGroup(765)) - Created group PipelineID=2b216f67-69fa-4825-8e8c-1809791783e2
2022-09-28 15:51:51,074 [Command processor thread] INFO  commandhandler.CreatePipelineCommandHandler (CreatePipelineCommandHandler.java:handle(113)) - Created Pipeline RATIS ONE PipelineID=2b216f67-69fa-4825-8e8c-1809791783e2.
2022-09-28 15:51:51,074 [Command processor thread] INFO  server.RaftServer (RaftServerProxy.java:addNew(96)) - 8d8147bd-34a3-4093-acb2-725bd7232b45: addNew group-4C0325BD5F48:[f339b530-8901-434d-bf68-81dd9354474d|rpc:10.1.1.55:43271|priority:0, a57096d8-e38a-49fa-bac6-11df32f34a10|rpc:10.1.1.55:35365|priority:1, 8d8147bd-34a3-4093-acb2-725bd7232b45|rpc:10.1.1.55:42719|priority:0] returns group-4C0325BD5F48:java.util.concurrent.CompletableFuture@57495ade[Not completed]
2022-09-28 15:51:51,075 [pool-73-thread-1] INFO  server.RaftServer$Division (RaftServerImpl.java:<init>(190)) - 8d8147bd-34a3-4093-acb2-725bd7232b45: new RaftServerImpl for group-4C0325BD5F48:[f339b530-8901-434d-bf68-81dd9354474d|rpc:10.1.1.55:43271|priority:0, a57096d8-e38a-49fa-bac6-11df32f34a10|rpc:10.1.1.55:35365|priority:1, 8d8147bd-34a3-4093-acb2-725bd7232b45|rpc:10.1.1.55:42719|priority:0] with ContainerStateMachine:uninitialized
2022-09-28 15:51:51,076 [pool-73-thread-1] INFO  server.RaftServerConfigKeys (ConfUtils.java:logGet(46)) - raft.server.rpc.timeout.min = 5s (custom)
2022-09-28 15:51:51,076 [pool-73-thread-1] INFO  server.RaftServerConfigKeys (ConfUtils.java:logGet(46)) - raft.server.rpc.timeout.max = 5200ms (custom)
2022-09-28 15:51:51,076 [pool-73-thread-1] INFO  server.RaftServerConfigKeys (ConfUtils.java:logGet(46)) - raft.server.rpc.sleep.time = 25ms (default)
2022-09-28 15:51:51,076 [pool-73-thread-1] INFO  server.RaftServerConfigKeys (ConfUtils.java:logGet(46)) - raft.server.rpc.slowness.timeout = 300s (custom)
2022-09-28 15:51:51,076 [pool-73-thread-1] INFO  server.RaftServerConfigKeys (ConfUtils.java:logGet(46)) - raft.server.leaderelection.leader.step-down.wait-time = 10s (default)
2022-09-28 15:51:51,076 [pool-73-thread-1] INFO  server.RaftServerConfigKeys (ConfUtils.java:logGet(46)) - raft.server.sleep.deviation.threshold = 300ms (default)
2022-09-28 15:51:51,076 [pool-73-thread-1] INFO  server.RaftServer$Division (ServerState.java:<init>(107)) - 8d8147bd-34a3-4093-acb2-725bd7232b45@group-4C0325BD5F48: ConfigurationManager, init=-1: [f339b530-8901-434d-bf68-81dd9354474d|rpc:10.1.1.55:43271|priority:0, a57096d8-e38a-49fa-bac6-11df32f34a10|rpc:10.1.1.55:35365|priority:1, 8d8147bd-34a3-4093-acb2-725bd7232b45|rpc:10.1.1.55:42719|priority:0], old=null, confs=<EMPTY_MAP>
2022-09-28 15:51:51,076 [pool-73-thread-1] INFO  server.RaftServerConfigKeys (ConfUtils.java:logGet(46)) - raft.server.storage.dir = [/home/runner/work/ozone/ozone/hadoop-ozone/integration-test/target/test-dir/MiniOzoneClusterImpl-30c42134-6f07-4454-8a06-c8ace9e9986b/datanode-0/data/ratis] (custom)
2022-09-28 15:51:51,076 [pool-73-thread-1] INFO  server.RaftServerConfigKeys (ConfUtils.java:logGet(46)) - raft.server.log.corruption.policy = EXCEPTION (default)
2022-09-28 15:51:51,076 [pool-73-thread-1] INFO  server.RaftServerConfigKeys (ConfUtils.java:logGet(46)) - raft.server.storage.free-space.min = 0MB (=0) (default)
2022-09-28 15:51:51,076 [pool-73-thread-1] INFO  storage.RaftStorageDirectory (RaftStorageDirectoryImpl.java:analyzeStorage(135)) - The storage directory /home/runner/work/ozone/ozone/hadoop-ozone/integration-test/target/test-dir/MiniOzoneClusterImpl-30c42134-6f07-4454-8a06-c8ace9e9986b/datanode-0/data/ratis/a89d047a-da0f-4a1d-b235-4c0325bd5f48 does not exist. Creating ...
2022-09-28 15:51:51,077 [pool-73-thread-1] INFO  storage.RaftStorageDirectory (RaftStorageDirectoryImpl.java:tryLock(230)) - Lock on /home/runner/work/ozone/ozone/hadoop-ozone/integration-test/target/test-dir/MiniOzoneClusterImpl-30c42134-6f07-4454-8a06-c8ace9e9986b/datanode-0/data/ratis/a89d047a-da0f-4a1d-b235-4c0325bd5f48/in_use.lock acquired by nodename 13127@fv-az203-824
2022-09-28 15:51:51,080 [pool-73-thread-1] INFO  storage.RaftStorage (RaftStorageImpl.java:format(89)) - Storage directory /home/runner/work/ozone/ozone/hadoop-ozone/integration-test/target/test-dir/MiniOzoneClusterImpl-30c42134-6f07-4454-8a06-c8ace9e9986b/datanode-0/data/ratis/a89d047a-da0f-4a1d-b235-4c0325bd5f48 has been successfully formatted.
2022-09-28 15:51:51,083 [pool-73-thread-1] INFO  ratis.ContainerStateMachine (ContainerStateMachine.java:loadSnapshot(236)) - group-4C0325BD5F48: The snapshot info is null. Setting the last applied indexto:(t:0, i:~)
2022-09-28 15:51:51,084 [pool-73-thread-1] INFO  server.RaftServerConfigKeys (ConfUtils.java:logGet(46)) - raft.server.notification.no-leader.timeout = 300s (custom)
2022-09-28 15:51:51,085 [EventQueue-OpenPipelineForHealthyPipelineSafeModeRule] INFO  safemode.SCMSafeModeManager (HealthyPipelineSafeModeRule.java:process(137)) - SCM in safe mode. Healthy pipelines reported count is 0, required healthy pipeline reported count is 1
2022-09-28 15:51:51,086 [pool-73-thread-1] INFO  server.RaftServerConfigKeys (ConfUtils.java:logGet(46)) - raft.server.log.use.memory = false (default)
2022-09-28 15:51:51,086 [pool-73-thread-1] INFO  server.RaftServerConfigKeys (ConfUtils.java:logGet(46)) - raft.server.log.purge.gap = 1000000 (custom)
2022-09-28 15:51:51,086 [pool-73-thread-1] INFO  server.RaftServerConfigKeys (ConfUtils.java:logGet(46)) - raft.server.log.appender.buffer.byte-limit = 33554432 (custom)
2022-09-28 15:51:51,086 [pool-73-thread-1] INFO  server.RaftServerConfigKeys (ConfUtils.java:logGet(46)) - raft.server.log.statemachine.data.read.timeout = 1000ms (default)
2022-09-28 15:51:51,086 [pool-73-thread-1] INFO  server.RaftServerConfigKeys (ConfUtils.java:logGet(46)) - raft.server.log.segment.size.max = 1048576 (custom)
2022-09-28 15:51:51,088 [pool-73-thread-1] INFO  server.RaftServerConfigKeys (ConfUtils.java:logGet(46)) - raft.server.log.segment.cache.num.max = 2 (custom)
2022-09-28 15:51:51,088 [pool-73-thread-1] INFO  server.RaftServerConfigKeys (ConfUtils.java:logGet(46)) - raft.server.log.segment.cache.size.max = 200MB (=209715200) (default)
2022-09-28 15:51:51,089 [pool-73-thread-1] INFO  segmented.SegmentedRaftLogWorker (SegmentedRaftLogWorker.java:<init>(187)) - new 8d8147bd-34a3-4093-acb2-725bd7232b45@group-4C0325BD5F48-SegmentedRaftLogWorker for RaftStorageImpl:Storage Directory /home/runner/work/ozone/ozone/hadoop-ozone/integration-test/target/test-dir/MiniOzoneClusterImpl-30c42134-6f07-4454-8a06-c8ace9e9986b/datanode-0/data/ratis/a89d047a-da0f-4a1d-b235-4c0325bd5f48
2022-09-28 15:51:51,089 [pool-73-thread-1] INFO  server.RaftServerConfigKeys (ConfUtils.java:logGet(46)) - raft.server.log.queue.byte-limit = 4294967296 (custom)
2022-09-28 15:51:51,089 [pool-73-thread-1] INFO  server.RaftServerConfigKeys (ConfUtils.java:logGet(46)) - raft.server.log.queue.element-limit = 1024 (custom)
2022-09-28 15:51:51,089 [pool-73-thread-1] INFO  server.RaftServerConfigKeys (ConfUtils.java:logGet(46)) - raft.server.log.segment.size.max = 1048576 (custom)
2022-09-28 15:51:51,089 [pool-73-thread-1] INFO  server.RaftServerConfigKeys (ConfUtils.java:logGet(46)) - raft.server.log.preallocated.size = 16384 (custom)
2022-09-28 15:51:51,089 [pool-73-thread-1] INFO  server.RaftServerConfigKeys (ConfUtils.java:logGet(46)) - raft.server.log.force.sync.num = 128 (default)
2022-09-28 15:51:51,089 [pool-73-thread-1] INFO  server.RaftServerConfigKeys (ConfUtils.java:logGet(46)) - raft.server.log.statemachine.data.sync = true (default)
2022-09-28 15:51:51,089 [pool-73-thread-1] INFO  server.RaftServerConfigKeys (ConfUtils.java:logGet(46)) - raft.server.log.statemachine.data.sync.timeout = 10s (default)
2022-09-28 15:51:51,089 [pool-73-thread-1] INFO  server.RaftServerConfigKeys (ConfUtils.java:logGet(46)) - raft.server.log.statemachine.data.sync.timeout.retry = -1 (default)
2022-09-28 15:51:51,094 [pool-73-thread-1] INFO  server.RaftServerConfigKeys (ConfUtils.java:logGet(46)) - raft.server.log.write.buffer.size = 1048576 (custom)
2022-09-28 15:51:51,094 [pool-73-thread-1] INFO  server.RaftServerConfigKeys (ConfUtils.java:logGet(46)) - raft.server.log.unsafe-flush.enabled = false (default)
2022-09-28 15:51:51,094 [pool-73-thread-1] INFO  server.RaftServerConfigKeys (ConfUtils.java:logGet(46)) - raft.server.log.statemachine.data.caching.enabled = true (custom)
2022-09-28 15:51:51,094 [pool-73-thread-1] INFO  segmented.SegmentedRaftLogWorker (SegmentedRaftLogWorker.java:lambda$new$0(135)) - 8d8147bd-34a3-4093-acb2-725bd7232b45@group-4C0325BD5F48-SegmentedRaftLogWorker: flushIndex: setUnconditionally 0 -> -1
2022-09-28 15:51:51,094 [pool-73-thread-1] INFO  segmented.SegmentedRaftLogWorker (SegmentedRaftLogWorker.java:lambda$new$0(135)) - 8d8147bd-34a3-4093-acb2-725bd7232b45@group-4C0325BD5F48-SegmentedRaftLogWorker: safeCacheEvictIndex: setUnconditionally 0 -> -1
2022-09-28 15:51:51,099 [pool-73-thread-1] INFO  server.RaftServerConfigKeys (ConfUtils.java:logGet(46)) - raft.server.snapshot.auto.trigger.enabled = true (custom)
2022-09-28 15:51:51,099 [pool-73-thread-1] INFO  server.RaftServerConfigKeys (ConfUtils.java:logGet(46)) - raft.server.snapshot.auto.trigger.threshold = 10000 (custom)
2022-09-28 15:51:51,099 [pool-73-thread-1] INFO  server.RaftServerConfigKeys (ConfUtils.java:logGet(46)) - raft.server.snapshot.retention.file.num = 5 (custom)
2022-09-28 15:51:51,099 [pool-73-thread-1] INFO  server.RaftServerConfigKeys (ConfUtils.java:logGet(46)) - raft.server.log.purge.upto.snapshot.index = false (default)
2022-09-28 15:51:51,099 [pool-73-thread-1] INFO  server.RaftServerConfigKeys (ConfUtils.java:logGet(46)) - raft.server.retrycache.expirytime = 600000ms (custom)
2022-09-28 15:51:51,099 [pool-73-thread-1] INFO  server.RaftServerConfigKeys (ConfUtils.java:logGet(46)) - raft.server.retrycache.statistics.expirytime = 100μs (default)
2022-09-28 15:51:51,102 [pool-73-thread-1] INFO  server.RaftServerConfigKeys (ConfUtils.java:logGet(46)) - raft.server.log.appender.install.snapshot.enabled = false (custom)
2022-09-28 15:51:51,102 [pool-73-thread-1] INFO  server.RaftServerConfigKeys (ConfUtils.java:logGet(46)) - raft.server.threadpool.server.cached = true (default)
2022-09-28 15:51:51,102 [pool-73-thread-1] INFO  server.RaftServerConfigKeys (ConfUtils.java:logGet(46)) - raft.server.threadpool.server.size = 0 (default)
2022-09-28 15:51:51,102 [pool-73-thread-1] INFO  server.RaftServerConfigKeys (ConfUtils.java:logGet(46)) - raft.server.threadpool.client.cached = true (default)
2022-09-28 15:51:51,103 [pool-73-thread-1] INFO  server.RaftServerConfigKeys (ConfUtils.java:logGet(46)) - raft.server.threadpool.client.size = 0 (default)
2022-09-28 15:51:51,103 [pool-73-thread-1] INFO  server.RaftServer$Division (RaftServerImpl.java:start(310)) - 8d8147bd-34a3-4093-acb2-725bd7232b45@group-4C0325BD5F48: start as a follower, conf=-1: [f339b530-8901-434d-bf68-81dd9354474d|rpc:10.1.1.55:43271|priority:0, a57096d8-e38a-49fa-bac6-11df32f34a10|rpc:10.1.1.55:35365|priority:1, 8d8147bd-34a3-4093-acb2-725bd7232b45|rpc:10.1.1.55:42719|priority:0], old=null
2022-09-28 15:51:51,103 [pool-73-thread-1] INFO  server.RaftServer$Division (RaftServerImpl.java:setRole(299)) - 8d8147bd-34a3-4093-acb2-725bd7232b45@group-4C0325BD5F48: changes role from      null to FOLLOWER at term 0 for startAsFollower
2022-09-28 15:51:51,103 [pool-73-thread-1] INFO  impl.RoleInfo (RoleInfo.java:updateAndGet(139)) - 8d8147bd-34a3-4093-acb2-725bd7232b45: start 8d8147bd-34a3-4093-acb2-725bd7232b45@group-4C0325BD5F48-FollowerState
2022-09-28 15:51:51,103 [pool-73-thread-1] INFO  util.JmxRegister (JmxRegister.java:tryRegister(44)) - Successfully registered JMX Bean with object name Ratis:service=RaftServer,group=group-4C0325BD5F48,id=8d8147bd-34a3-4093-acb2-725bd7232b45
2022-09-28 15:51:51,115 [Command processor thread] INFO  ratis.XceiverServerRatis (XceiverServerRatis.java:addGroup(765)) - Created group PipelineID=a89d047a-da0f-4a1d-b235-4c0325bd5f48
2022-09-28 15:51:51,418 [Listener at 127.0.0.1/36317] INFO  ozone.MiniOzoneClusterImpl (MiniOzoneClusterImpl.java:lambda$waitForClusterToBeReady$0(216)) - Nodes are ready. Got 5 of 5 DN Heartbeats.
2022-09-28 15:51:51,419 [Listener at 127.0.0.1/36317] INFO  ozone.MiniOzoneClusterImpl (MiniOzoneClusterImpl.java:lambda$waitForClusterToBeReady$0(219)) - Waiting for cluster to exit safe mode
2022-09-28 15:51:51,419 [Listener at 127.0.0.1/36317] INFO  ozone.MiniOzoneClusterImpl (MiniOzoneClusterImpl.java:lambda$waitForClusterToBeReady$0(221)) - SCM became leader
2022-09-28 15:51:51,473 [Command processor thread] INFO  server.RaftServer (RaftServerProxy.java:addNew(96)) - a57096d8-e38a-49fa-bac6-11df32f34a10: addNew group-4A6FFCBD8ED8:[a57096d8-e38a-49fa-bac6-11df32f34a10|rpc:10.1.1.55:35365|priority:1] returns group-4A6FFCBD8ED8:java.util.concurrent.CompletableFuture@6134aaee[Not completed]
2022-09-28 15:51:51,475 [pool-96-thread-1] INFO  server.RaftServer$Division (RaftServerImpl.java:<init>(190)) - a57096d8-e38a-49fa-bac6-11df32f34a10: new RaftServerImpl for group-4A6FFCBD8ED8:[a57096d8-e38a-49fa-bac6-11df32f34a10|rpc:10.1.1.55:35365|priority:1] with ContainerStateMachine:uninitialized
2022-09-28 15:51:51,475 [pool-96-thread-1] INFO  server.RaftServerConfigKeys (ConfUtils.java:logGet(46)) - raft.server.rpc.timeout.min = 5s (custom)
2022-09-28 15:51:51,476 [pool-96-thread-1] INFO  server.RaftServerConfigKeys (ConfUtils.java:logGet(46)) - raft.server.rpc.timeout.max = 5200ms (custom)
2022-09-28 15:51:51,476 [pool-96-thread-1] INFO  server.RaftServerConfigKeys (ConfUtils.java:logGet(46)) - raft.server.rpc.sleep.time = 25ms (default)
2022-09-28 15:51:51,476 [pool-96-thread-1] INFO  server.RaftServerConfigKeys (ConfUtils.java:logGet(46)) - raft.server.rpc.slowness.timeout = 300s (custom)
2022-09-28 15:51:51,476 [pool-96-thread-1] INFO  server.RaftServerConfigKeys (ConfUtils.java:logGet(46)) - raft.server.leaderelection.leader.step-down.wait-time = 10s (default)
2022-09-28 15:51:51,476 [pool-96-thread-1] INFO  server.RaftServerConfigKeys (ConfUtils.java:logGet(46)) - raft.server.sleep.deviation.threshold = 300ms (default)
2022-09-28 15:51:51,476 [pool-96-thread-1] INFO  server.RaftServer$Division (ServerState.java:<init>(107)) - a57096d8-e38a-49fa-bac6-11df32f34a10@group-4A6FFCBD8ED8: ConfigurationManager, init=-1: [a57096d8-e38a-49fa-bac6-11df32f34a10|rpc:10.1.1.55:35365|priority:1], old=null, confs=<EMPTY_MAP>
2022-09-28 15:51:51,476 [pool-96-thread-1] INFO  server.RaftServerConfigKeys (ConfUtils.java:logGet(46)) - raft.server.storage.dir = [/home/runner/work/ozone/ozone/hadoop-ozone/integration-test/target/test-dir/MiniOzoneClusterImpl-30c42134-6f07-4454-8a06-c8ace9e9986b/datanode-1/data/ratis] (custom)
2022-09-28 15:51:51,476 [pool-96-thread-1] INFO  server.RaftServerConfigKeys (ConfUtils.java:logGet(46)) - raft.server.log.corruption.policy = EXCEPTION (default)
2022-09-28 15:51:51,476 [pool-96-thread-1] INFO  server.RaftServerConfigKeys (ConfUtils.java:logGet(46)) - raft.server.storage.free-space.min = 0MB (=0) (default)
2022-09-28 15:51:51,476 [pool-96-thread-1] INFO  storage.RaftStorageDirectory (RaftStorageDirectoryImpl.java:analyzeStorage(135)) - The storage directory /home/runner/work/ozone/ozone/hadoop-ozone/integration-test/target/test-dir/MiniOzoneClusterImpl-30c42134-6f07-4454-8a06-c8ace9e9986b/datanode-1/data/ratis/028a906a-04e3-4526-bc85-4a6ffcbd8ed8 does not exist. Creating ...
2022-09-28 15:51:51,480 [pool-96-thread-1] INFO  storage.RaftStorageDirectory (RaftStorageDirectoryImpl.java:tryLock(230)) - Lock on /home/runner/work/ozone/ozone/hadoop-ozone/integration-test/target/test-dir/MiniOzoneClusterImpl-30c42134-6f07-4454-8a06-c8ace9e9986b/datanode-1/data/ratis/028a906a-04e3-4526-bc85-4a6ffcbd8ed8/in_use.lock acquired by nodename 13127@fv-az203-824
2022-09-28 15:51:51,481 [pool-96-thread-1] INFO  storage.RaftStorage (RaftStorageImpl.java:format(89)) - Storage directory /home/runner/work/ozone/ozone/hadoop-ozone/integration-test/target/test-dir/MiniOzoneClusterImpl-30c42134-6f07-4454-8a06-c8ace9e9986b/datanode-1/data/ratis/028a906a-04e3-4526-bc85-4a6ffcbd8ed8 has been successfully formatted.
2022-09-28 15:51:51,484 [pool-96-thread-1] INFO  ratis.ContainerStateMachine (ContainerStateMachine.java:loadSnapshot(236)) - group-4A6FFCBD8ED8: The snapshot info is null. Setting the last applied indexto:(t:0, i:~)
2022-09-28 15:51:51,491 [pool-96-thread-1] INFO  server.RaftServerConfigKeys (ConfUtils.java:logGet(46)) - raft.server.notification.no-leader.timeout = 300s (custom)
2022-09-28 15:51:51,491 [pool-96-thread-1] INFO  server.RaftServerConfigKeys (ConfUtils.java:logGet(46)) - raft.server.log.use.memory = false (default)
2022-09-28 15:51:51,491 [pool-96-thread-1] INFO  server.RaftServerConfigKeys (ConfUtils.java:logGet(46)) - raft.server.log.purge.gap = 1000000 (custom)
2022-09-28 15:51:51,491 [pool-96-thread-1] INFO  server.RaftServerConfigKeys (ConfUtils.java:logGet(46)) - raft.server.log.appender.buffer.byte-limit = 33554432 (custom)
2022-09-28 15:51:51,491 [EventQueue-PipelineReportForPipelineReportHandler] INFO  pipeline.PipelineManagerImpl (PipelineManagerImpl.java:openPipeline(367)) - Pipeline Pipeline[ Id: 028a906a-04e3-4526-bc85-4a6ffcbd8ed8, Nodes: a57096d8-e38a-49fa-bac6-11df32f34a10{ip: 10.1.1.55, host: fv-az203-824.ild0l4k5vsluppoevu2oqvhmda.cx.internal.cloudapp.net, ports: [REPLICATION=33135, RATIS=35365, RATIS_ADMIN=35365, RATIS_SERVER=35365, STANDALONE=45957], networkLocation: /default-rack, certSerialId: null, persistedOpState: IN_SERVICE, persistedOpStateExpiryEpochSec: 0}, ReplicationConfig: RATIS/ONE, State:ALLOCATED, leaderId:a57096d8-e38a-49fa-bac6-11df32f34a10, CreationTimestamp2022-09-28T15:51:48.472Z[Etc/UTC]] moved to OPEN state
2022-09-28 15:51:51,492 [EventQueue-OpenPipelineForHealthyPipelineSafeModeRule] INFO  safemode.SCMSafeModeManager (HealthyPipelineSafeModeRule.java:process(137)) - SCM in safe mode. Healthy pipelines reported count is 0, required healthy pipeline reported count is 1
2022-09-28 15:51:51,491 [pool-96-thread-1] INFO  server.RaftServerConfigKeys (ConfUtils.java:logGet(46)) - raft.server.log.statemachine.data.read.timeout = 1000ms (default)
2022-09-28 15:51:51,497 [pool-96-thread-1] INFO  server.RaftServerConfigKeys (ConfUtils.java:logGet(46)) - raft.server.log.segment.size.max = 1048576 (custom)
2022-09-28 15:51:51,501 [pool-96-thread-1] INFO  server.RaftServerConfigKeys (ConfUtils.java:logGet(46)) - raft.server.log.segment.cache.num.max = 2 (custom)
2022-09-28 15:51:51,501 [pool-96-thread-1] INFO  server.RaftServerConfigKeys (ConfUtils.java:logGet(46)) - raft.server.log.segment.cache.size.max = 200MB (=209715200) (default)
2022-09-28 15:51:51,501 [pool-96-thread-1] INFO  segmented.SegmentedRaftLogWorker (SegmentedRaftLogWorker.java:<init>(187)) - new a57096d8-e38a-49fa-bac6-11df32f34a10@group-4A6FFCBD8ED8-SegmentedRaftLogWorker for RaftStorageImpl:Storage Directory /home/runner/work/ozone/ozone/hadoop-ozone/integration-test/target/test-dir/MiniOzoneClusterImpl-30c42134-6f07-4454-8a06-c8ace9e9986b/datanode-1/data/ratis/028a906a-04e3-4526-bc85-4a6ffcbd8ed8
2022-09-28 15:51:51,501 [pool-96-thread-1] INFO  server.RaftServerConfigKeys (ConfUtils.java:logGet(46)) - raft.server.log.queue.byte-limit = 4294967296 (custom)
2022-09-28 15:51:51,501 [pool-96-thread-1] INFO  server.RaftServerConfigKeys (ConfUtils.java:logGet(46)) - raft.server.log.queue.element-limit = 1024 (custom)
2022-09-28 15:51:51,501 [pool-96-thread-1] INFO  server.RaftServerConfigKeys (ConfUtils.java:logGet(46)) - raft.server.log.segment.size.max = 1048576 (custom)
2022-09-28 15:51:51,501 [pool-96-thread-1] INFO  server.RaftServerConfigKeys (ConfUtils.java:logGet(46)) - raft.server.log.preallocated.size = 16384 (custom)
2022-09-28 15:51:51,501 [pool-96-thread-1] INFO  server.RaftServerConfigKeys (ConfUtils.java:logGet(46)) - raft.server.log.force.sync.num = 128 (default)
2022-09-28 15:51:51,501 [pool-96-thread-1] INFO  server.RaftServerConfigKeys (ConfUtils.java:logGet(46)) - raft.server.log.statemachine.data.sync = true (default)
2022-09-28 15:51:51,502 [pool-96-thread-1] INFO  server.RaftServerConfigKeys (ConfUtils.java:logGet(46)) - raft.server.log.statemachine.data.sync.timeout = 10s (default)
2022-09-28 15:51:51,502 [pool-96-thread-1] INFO  server.RaftServerConfigKeys (ConfUtils.java:logGet(46)) - raft.server.log.statemachine.data.sync.timeout.retry = -1 (default)
2022-09-28 15:51:51,502 [pool-96-thread-1] INFO  server.RaftServerConfigKeys (ConfUtils.java:logGet(46)) - raft.server.log.write.buffer.size = 1048576 (custom)
2022-09-28 15:51:51,503 [pool-96-thread-1] INFO  server.RaftServerConfigKeys (ConfUtils.java:logGet(46)) - raft.server.log.unsafe-flush.enabled = false (default)
2022-09-28 15:51:51,503 [pool-96-thread-1] INFO  server.RaftServerConfigKeys (ConfUtils.java:logGet(46)) - raft.server.log.statemachine.data.caching.enabled = true (custom)
2022-09-28 15:51:51,503 [pool-96-thread-1] INFO  segmented.SegmentedRaftLogWorker (SegmentedRaftLogWorker.java:lambda$new$0(135)) - a57096d8-e38a-49fa-bac6-11df32f34a10@group-4A6FFCBD8ED8-SegmentedRaftLogWorker: flushIndex: setUnconditionally 0 -> -1
2022-09-28 15:51:51,503 [pool-96-thread-1] INFO  segmented.SegmentedRaftLogWorker (SegmentedRaftLogWorker.java:lambda$new$0(135)) - a57096d8-e38a-49fa-bac6-11df32f34a10@group-4A6FFCBD8ED8-SegmentedRaftLogWorker: safeCacheEvictIndex: setUnconditionally 0 -> -1
2022-09-28 15:51:51,508 [pool-96-thread-1] INFO  server.RaftServerConfigKeys (ConfUtils.java:logGet(46)) - raft.server.snapshot.auto.trigger.enabled = true (custom)
2022-09-28 15:51:51,508 [pool-96-thread-1] INFO  server.RaftServerConfigKeys (ConfUtils.java:logGet(46)) - raft.server.snapshot.auto.trigger.threshold = 10000 (custom)
2022-09-28 15:51:51,508 [pool-96-thread-1] INFO  server.RaftServerConfigKeys (ConfUtils.java:logGet(46)) - raft.server.snapshot.retention.file.num = 5 (custom)
2022-09-28 15:51:51,508 [pool-96-thread-1] INFO  server.RaftServerConfigKeys (ConfUtils.java:logGet(46)) - raft.server.log.purge.upto.snapshot.index = false (default)
2022-09-28 15:51:51,508 [pool-96-thread-1] INFO  server.RaftServerConfigKeys (ConfUtils.java:logGet(46)) - raft.server.retrycache.expirytime = 600000ms (custom)
2022-09-28 15:51:51,508 [pool-96-thread-1] INFO  server.RaftServerConfigKeys (ConfUtils.java:logGet(46)) - raft.server.retrycache.statistics.expirytime = 100μs (default)
2022-09-28 15:51:51,509 [pool-96-thread-1] INFO  server.RaftServerConfigKeys (ConfUtils.java:logGet(46)) - raft.server.log.appender.install.snapshot.enabled = false (custom)
2022-09-28 15:51:51,509 [pool-96-thread-1] INFO  server.RaftServerConfigKeys (ConfUtils.java:logGet(46)) - raft.server.threadpool.server.cached = true (default)
2022-09-28 15:51:51,509 [pool-96-thread-1] INFO  server.RaftServerConfigKeys (ConfUtils.java:logGet(46)) - raft.server.threadpool.server.size = 0 (default)
2022-09-28 15:51:51,509 [pool-96-thread-1] INFO  server.RaftServerConfigKeys (ConfUtils.java:logGet(46)) - raft.server.threadpool.client.cached = true (default)
2022-09-28 15:51:51,509 [pool-96-thread-1] INFO  server.RaftServerConfigKeys (ConfUtils.java:logGet(46)) - raft.server.threadpool.client.size = 0 (default)
2022-09-28 15:51:51,510 [pool-96-thread-1] INFO  server.RaftServer$Division (RaftServerImpl.java:start(310)) - a57096d8-e38a-49fa-bac6-11df32f34a10@group-4A6FFCBD8ED8: start as a follower, conf=-1: [a57096d8-e38a-49fa-bac6-11df32f34a10|rpc:10.1.1.55:35365|priority:1], old=null
2022-09-28 15:51:51,510 [pool-96-thread-1] INFO  server.RaftServer$Division (RaftServerImpl.java:setRole(299)) - a57096d8-e38a-49fa-bac6-11df32f34a10@group-4A6FFCBD8ED8: changes role from      null to FOLLOWER at term 0 for startAsFollower
2022-09-28 15:51:51,510 [pool-96-thread-1] INFO  impl.RoleInfo (RoleInfo.java:updateAndGet(139)) - a57096d8-e38a-49fa-bac6-11df32f34a10: start a57096d8-e38a-49fa-bac6-11df32f34a10@group-4A6FFCBD8ED8-FollowerState
2022-09-28 15:51:51,518 [pool-96-thread-1] INFO  util.JmxRegister (JmxRegister.java:tryRegister(44)) - Successfully registered JMX Bean with object name Ratis:service=RaftServer,group=group-4A6FFCBD8ED8,id=a57096d8-e38a-49fa-bac6-11df32f34a10
2022-09-28 15:51:51,519 [Command processor thread] INFO  ratis.XceiverServerRatis (XceiverServerRatis.java:addGroup(765)) - Created group PipelineID=028a906a-04e3-4526-bc85-4a6ffcbd8ed8
2022-09-28 15:51:51,519 [Command processor thread] INFO  commandhandler.CreatePipelineCommandHandler (CreatePipelineCommandHandler.java:handle(113)) - Created Pipeline RATIS ONE PipelineID=028a906a-04e3-4526-bc85-4a6ffcbd8ed8.
2022-09-28 15:51:51,519 [Command processor thread] INFO  server.RaftServer (RaftServerProxy.java:addNew(96)) - a57096d8-e38a-49fa-bac6-11df32f34a10: addNew group-4C0325BD5F48:[f339b530-8901-434d-bf68-81dd9354474d|rpc:10.1.1.55:43271|priority:0, a57096d8-e38a-49fa-bac6-11df32f34a10|rpc:10.1.1.55:35365|priority:1, 8d8147bd-34a3-4093-acb2-725bd7232b45|rpc:10.1.1.55:42719|priority:0] returns group-4C0325BD5F48:java.util.concurrent.CompletableFuture@650b3210[Not completed]
2022-09-28 15:51:51,520 [pool-96-thread-1] INFO  server.RaftServer$Division (RaftServerImpl.java:<init>(190)) - a57096d8-e38a-49fa-bac6-11df32f34a10: new RaftServerImpl for group-4C0325BD5F48:[f339b530-8901-434d-bf68-81dd9354474d|rpc:10.1.1.55:43271|priority:0, a57096d8-e38a-49fa-bac6-11df32f34a10|rpc:10.1.1.55:35365|priority:1, 8d8147bd-34a3-4093-acb2-725bd7232b45|rpc:10.1.1.55:42719|priority:0] with ContainerStateMachine:uninitialized
2022-09-28 15:51:51,520 [pool-96-thread-1] INFO  server.RaftServerConfigKeys (ConfUtils.java:logGet(46)) - raft.server.rpc.timeout.min = 5s (custom)
2022-09-28 15:51:51,520 [pool-96-thread-1] INFO  server.RaftServerConfigKeys (ConfUtils.java:logGet(46)) - raft.server.rpc.timeout.max = 5200ms (custom)
2022-09-28 15:51:51,520 [pool-96-thread-1] INFO  server.RaftServerConfigKeys (ConfUtils.java:logGet(46)) - raft.server.rpc.sleep.time = 25ms (default)
2022-09-28 15:51:51,520 [pool-96-thread-1] INFO  server.RaftServerConfigKeys (ConfUtils.java:logGet(46)) - raft.server.rpc.slowness.timeout = 300s (custom)
2022-09-28 15:51:51,520 [pool-96-thread-1] INFO  server.RaftServerConfigKeys (ConfUtils.java:logGet(46)) - raft.server.leaderelection.leader.step-down.wait-time = 10s (default)
2022-09-28 15:51:51,520 [pool-96-thread-1] INFO  server.RaftServerConfigKeys (ConfUtils.java:logGet(46)) - raft.server.sleep.deviation.threshold = 300ms (default)
2022-09-28 15:51:51,520 [pool-96-thread-1] INFO  server.RaftServer$Division (ServerState.java:<init>(107)) - a57096d8-e38a-49fa-bac6-11df32f34a10@group-4C0325BD5F48: ConfigurationManager, init=-1: [f339b530-8901-434d-bf68-81dd9354474d|rpc:10.1.1.55:43271|priority:0, a57096d8-e38a-49fa-bac6-11df32f34a10|rpc:10.1.1.55:35365|priority:1, 8d8147bd-34a3-4093-acb2-725bd7232b45|rpc:10.1.1.55:42719|priority:0], old=null, confs=<EMPTY_MAP>
2022-09-28 15:51:51,521 [pool-96-thread-1] INFO  server.RaftServerConfigKeys (ConfUtils.java:logGet(46)) - raft.server.storage.dir = [/home/runner/work/ozone/ozone/hadoop-ozone/integration-test/target/test-dir/MiniOzoneClusterImpl-30c42134-6f07-4454-8a06-c8ace9e9986b/datanode-1/data/ratis] (custom)
2022-09-28 15:51:51,521 [pool-96-thread-1] INFO  server.RaftServerConfigKeys (ConfUtils.java:logGet(46)) - raft.server.log.corruption.policy = EXCEPTION (default)
2022-09-28 15:51:51,521 [pool-96-thread-1] INFO  server.RaftServerConfigKeys (ConfUtils.java:logGet(46)) - raft.server.storage.free-space.min = 0MB (=0) (default)
2022-09-28 15:51:51,521 [pool-96-thread-1] INFO  storage.RaftStorageDirectory (RaftStorageDirectoryImpl.java:analyzeStorage(135)) - The storage directory /home/runner/work/ozone/ozone/hadoop-ozone/integration-test/target/test-dir/MiniOzoneClusterImpl-30c42134-6f07-4454-8a06-c8ace9e9986b/datanode-1/data/ratis/a89d047a-da0f-4a1d-b235-4c0325bd5f48 does not exist. Creating ...
2022-09-28 15:51:51,522 [pool-96-thread-1] INFO  storage.RaftStorageDirectory (RaftStorageDirectoryImpl.java:tryLock(230)) - Lock on /home/runner/work/ozone/ozone/hadoop-ozone/integration-test/target/test-dir/MiniOzoneClusterImpl-30c42134-6f07-4454-8a06-c8ace9e9986b/datanode-1/data/ratis/a89d047a-da0f-4a1d-b235-4c0325bd5f48/in_use.lock acquired by nodename 13127@fv-az203-824
2022-09-28 15:51:51,524 [pool-96-thread-1] INFO  storage.RaftStorage (RaftStorageImpl.java:format(89)) - Storage directory /home/runner/work/ozone/ozone/hadoop-ozone/integration-test/target/test-dir/MiniOzoneClusterImpl-30c42134-6f07-4454-8a06-c8ace9e9986b/datanode-1/data/ratis/a89d047a-da0f-4a1d-b235-4c0325bd5f48 has been successfully formatted.
2022-09-28 15:51:51,524 [pool-96-thread-1] INFO  ratis.ContainerStateMachine (ContainerStateMachine.java:loadSnapshot(236)) - group-4C0325BD5F48: The snapshot info is null. Setting the last applied indexto:(t:0, i:~)
2022-09-28 15:51:51,524 [pool-96-thread-1] INFO  server.RaftServerConfigKeys (ConfUtils.java:logGet(46)) - raft.server.notification.no-leader.timeout = 300s (custom)
2022-09-28 15:51:51,524 [pool-96-thread-1] INFO  server.RaftServerConfigKeys (ConfUtils.java:logGet(46)) - raft.server.log.use.memory = false (default)
2022-09-28 15:51:51,524 [pool-96-thread-1] INFO  server.RaftServerConfigKeys (ConfUtils.java:logGet(46)) - raft.server.log.purge.gap = 1000000 (custom)
2022-09-28 15:51:51,524 [pool-96-thread-1] INFO  server.RaftServerConfigKeys (ConfUtils.java:logGet(46)) - raft.server.log.appender.buffer.byte-limit = 33554432 (custom)
2022-09-28 15:51:51,524 [pool-96-thread-1] INFO  server.RaftServerConfigKeys (ConfUtils.java:logGet(46)) - raft.server.log.statemachine.data.read.timeout = 1000ms (default)
2022-09-28 15:51:51,525 [pool-96-thread-1] INFO  server.RaftServerConfigKeys (ConfUtils.java:logGet(46)) - raft.server.log.segment.size.max = 1048576 (custom)
2022-09-28 15:51:51,527 [EventQueue-OpenPipelineForHealthyPipelineSafeModeRule] INFO  safemode.SCMSafeModeManager (HealthyPipelineSafeModeRule.java:process(137)) - SCM in safe mode. Healthy pipelines reported count is 0, required healthy pipeline reported count is 1
2022-09-28 15:51:51,527 [pool-96-thread-1] INFO  server.RaftServerConfigKeys (ConfUtils.java:logGet(46)) - raft.server.log.segment.cache.num.max = 2 (custom)
2022-09-28 15:51:51,527 [pool-96-thread-1] INFO  server.RaftServerConfigKeys (ConfUtils.java:logGet(46)) - raft.server.log.segment.cache.size.max = 200MB (=209715200) (default)
2022-09-28 15:51:51,527 [pool-96-thread-1] INFO  segmented.SegmentedRaftLogWorker (SegmentedRaftLogWorker.java:<init>(187)) - new a57096d8-e38a-49fa-bac6-11df32f34a10@group-4C0325BD5F48-SegmentedRaftLogWorker for RaftStorageImpl:Storage Directory /home/runner/work/ozone/ozone/hadoop-ozone/integration-test/target/test-dir/MiniOzoneClusterImpl-30c42134-6f07-4454-8a06-c8ace9e9986b/datanode-1/data/ratis/a89d047a-da0f-4a1d-b235-4c0325bd5f48
2022-09-28 15:51:51,527 [pool-96-thread-1] INFO  server.RaftServerConfigKeys (ConfUtils.java:logGet(46)) - raft.server.log.queue.byte-limit = 4294967296 (custom)
2022-09-28 15:51:51,527 [pool-96-thread-1] INFO  server.RaftServerConfigKeys (ConfUtils.java:logGet(46)) - raft.server.log.queue.element-limit = 1024 (custom)
2022-09-28 15:51:51,527 [pool-96-thread-1] INFO  server.RaftServerConfigKeys (ConfUtils.java:logGet(46)) - raft.server.log.segment.size.max = 1048576 (custom)
2022-09-28 15:51:51,527 [pool-96-thread-1] INFO  server.RaftServerConfigKeys (ConfUtils.java:logGet(46)) - raft.server.log.preallocated.size = 16384 (custom)
2022-09-28 15:51:51,527 [pool-96-thread-1] INFO  server.RaftServerConfigKeys (ConfUtils.java:logGet(46)) - raft.server.log.force.sync.num = 128 (default)
2022-09-28 15:51:51,528 [pool-96-thread-1] INFO  server.RaftServerConfigKeys (ConfUtils.java:logGet(46)) - raft.server.log.statemachine.data.sync = true (default)
2022-09-28 15:51:51,528 [pool-96-thread-1] INFO  server.RaftServerConfigKeys (ConfUtils.java:logGet(46)) - raft.server.log.statemachine.data.sync.timeout = 10s (default)
2022-09-28 15:51:51,528 [pool-96-thread-1] INFO  server.RaftServerConfigKeys (ConfUtils.java:logGet(46)) - raft.server.log.statemachine.data.sync.timeout.retry = -1 (default)
2022-09-28 15:51:51,528 [pool-96-thread-1] INFO  server.RaftServerConfigKeys (ConfUtils.java:logGet(46)) - raft.server.log.write.buffer.size = 1048576 (custom)
2022-09-28 15:51:51,529 [pool-96-thread-1] INFO  server.RaftServerConfigKeys (ConfUtils.java:logGet(46)) - raft.server.log.unsafe-flush.enabled = false (default)
2022-09-28 15:51:51,529 [pool-96-thread-1] INFO  server.RaftServerConfigKeys (ConfUtils.java:logGet(46)) - raft.server.log.statemachine.data.caching.enabled = true (custom)
2022-09-28 15:51:51,529 [pool-96-thread-1] INFO  segmented.SegmentedRaftLogWorker (SegmentedRaftLogWorker.java:lambda$new$0(135)) - a57096d8-e38a-49fa-bac6-11df32f34a10@group-4C0325BD5F48-SegmentedRaftLogWorker: flushIndex: setUnconditionally 0 -> -1
2022-09-28 15:51:51,529 [pool-96-thread-1] INFO  segmented.SegmentedRaftLogWorker (SegmentedRaftLogWorker.java:lambda$new$0(135)) - a57096d8-e38a-49fa-bac6-11df32f34a10@group-4C0325BD5F48-SegmentedRaftLogWorker: safeCacheEvictIndex: setUnconditionally 0 -> -1
2022-09-28 15:51:51,529 [pool-96-thread-1] INFO  server.RaftServerConfigKeys (ConfUtils.java:logGet(46)) - raft.server.snapshot.auto.trigger.enabled = true (custom)
2022-09-28 15:51:51,529 [pool-96-thread-1] INFO  server.RaftServerConfigKeys (ConfUtils.java:logGet(46)) - raft.server.snapshot.auto.trigger.threshold = 10000 (custom)
2022-09-28 15:51:51,530 [pool-96-thread-1] INFO  server.RaftServerConfigKeys (ConfUtils.java:logGet(46)) - raft.server.snapshot.retention.file.num = 5 (custom)
2022-09-28 15:51:51,530 [pool-96-thread-1] INFO  server.RaftServerConfigKeys (ConfUtils.java:logGet(46)) - raft.server.log.purge.upto.snapshot.index = false (default)
2022-09-28 15:51:51,534 [pool-96-thread-1] INFO  server.RaftServerConfigKeys (ConfUtils.java:logGet(46)) - raft.server.retrycache.expirytime = 600000ms (custom)
2022-09-28 15:51:51,534 [pool-96-thread-1] INFO  server.RaftServerConfigKeys (ConfUtils.java:logGet(46)) - raft.server.retrycache.statistics.expirytime = 100μs (default)
2022-09-28 15:51:51,535 [pool-96-thread-1] INFO  server.RaftServerConfigKeys (ConfUtils.java:logGet(46)) - raft.server.log.appender.install.snapshot.enabled = false (custom)
2022-09-28 15:51:51,535 [pool-96-thread-1] INFO  server.RaftServerConfigKeys (ConfUtils.java:logGet(46)) - raft.server.threadpool.server.cached = true (default)
2022-09-28 15:51:51,535 [pool-96-thread-1] INFO  server.RaftServerConfigKeys (ConfUtils.java:logGet(46)) - raft.server.threadpool.server.size = 0 (default)
2022-09-28 15:51:51,535 [pool-96-thread-1] INFO  server.RaftServerConfigKeys (ConfUtils.java:logGet(46)) - raft.server.threadpool.client.cached = true (default)
2022-09-28 15:51:51,535 [pool-96-thread-1] INFO  server.RaftServerConfigKeys (ConfUtils.java:logGet(46)) - raft.server.threadpool.client.size = 0 (default)
2022-09-28 15:51:51,535 [pool-96-thread-1] INFO  server.RaftServer$Division (RaftServerImpl.java:start(310)) - a57096d8-e38a-49fa-bac6-11df32f34a10@group-4C0325BD5F48: start as a follower, conf=-1: [f339b530-8901-434d-bf68-81dd9354474d|rpc:10.1.1.55:43271|priority:0, a57096d8-e38a-49fa-bac6-11df32f34a10|rpc:10.1.1.55:35365|priority:1, 8d8147bd-34a3-4093-acb2-725bd7232b45|rpc:10.1.1.55:42719|priority:0], old=null
2022-09-28 15:51:51,535 [pool-96-thread-1] INFO  server.RaftServer$Division (RaftServerImpl.java:setRole(299)) - a57096d8-e38a-49fa-bac6-11df32f34a10@group-4C0325BD5F48: changes role from      null to FOLLOWER at term 0 for startAsFollower
2022-09-28 15:51:51,535 [pool-96-thread-1] INFO  impl.RoleInfo (RoleInfo.java:updateAndGet(139)) - a57096d8-e38a-49fa-bac6-11df32f34a10: start a57096d8-e38a-49fa-bac6-11df32f34a10@group-4C0325BD5F48-FollowerState
2022-09-28 15:51:51,540 [pool-96-thread-1] INFO  util.JmxRegister (JmxRegister.java:tryRegister(44)) - Successfully registered JMX Bean with object name Ratis:service=RaftServer,group=group-4C0325BD5F48,id=a57096d8-e38a-49fa-bac6-11df32f34a10
2022-09-28 15:51:51,548 [Command processor thread] INFO  ratis.XceiverServerRatis (XceiverServerRatis.java:addGroup(765)) - Created group PipelineID=a89d047a-da0f-4a1d-b235-4c0325bd5f48
2022-09-28 15:51:51,617 [grpc-default-executor-0] INFO  server.RaftServer (RaftServerProxy.java:addNew(96)) - f339b530-8901-434d-bf68-81dd9354474d: addNew group-4C0325BD5F48:[f339b530-8901-434d-bf68-81dd9354474d|rpc:10.1.1.55:43271|dataStream:|priority:0, a57096d8-e38a-49fa-bac6-11df32f34a10|rpc:10.1.1.55:35365|dataStream:|priority:1, 8d8147bd-34a3-4093-acb2-725bd7232b45|rpc:10.1.1.55:42719|dataStream:|priority:0] returns group-4C0325BD5F48:java.util.concurrent.CompletableFuture@338cbc9c[Not completed]
2022-09-28 15:51:51,619 [pool-119-thread-1] INFO  server.RaftServer$Division (RaftServerImpl.java:<init>(190)) - f339b530-8901-434d-bf68-81dd9354474d: new RaftServerImpl for group-4C0325BD5F48:[f339b530-8901-434d-bf68-81dd9354474d|rpc:10.1.1.55:43271|dataStream:|priority:0, a57096d8-e38a-49fa-bac6-11df32f34a10|rpc:10.1.1.55:35365|dataStream:|priority:1, 8d8147bd-34a3-4093-acb2-725bd7232b45|rpc:10.1.1.55:42719|dataStream:|priority:0] with ContainerStateMachine:uninitialized
2022-09-28 15:51:51,619 [pool-119-thread-1] INFO  server.RaftServerConfigKeys (ConfUtils.java:logGet(46)) - raft.server.rpc.timeout.min = 5s (custom)
2022-09-28 15:51:51,619 [pool-119-thread-1] INFO  server.RaftServerConfigKeys (ConfUtils.java:logGet(46)) - raft.server.rpc.timeout.max = 5200ms (custom)
2022-09-28 15:51:51,619 [pool-119-thread-1] INFO  server.RaftServerConfigKeys (ConfUtils.java:logGet(46)) - raft.server.rpc.sleep.time = 25ms (default)
2022-09-28 15:51:51,619 [pool-119-thread-1] INFO  server.RaftServerConfigKeys (ConfUtils.java:logGet(46)) - raft.server.rpc.slowness.timeout = 300s (custom)
2022-09-28 15:51:51,619 [pool-119-thread-1] INFO  server.RaftServerConfigKeys (ConfUtils.java:logGet(46)) - raft.server.leaderelection.leader.step-down.wait-time = 10s (default)
2022-09-28 15:51:51,619 [pool-119-thread-1] INFO  server.RaftServerConfigKeys (ConfUtils.java:logGet(46)) - raft.server.sleep.deviation.threshold = 300ms (default)
2022-09-28 15:51:51,619 [pool-119-thread-1] INFO  server.RaftServer$Division (ServerState.java:<init>(107)) - f339b530-8901-434d-bf68-81dd9354474d@group-4C0325BD5F48: ConfigurationManager, init=-1: [f339b530-8901-434d-bf68-81dd9354474d|rpc:10.1.1.55:43271|dataStream:|priority:0, a57096d8-e38a-49fa-bac6-11df32f34a10|rpc:10.1.1.55:35365|dataStream:|priority:1, 8d8147bd-34a3-4093-acb2-725bd7232b45|rpc:10.1.1.55:42719|dataStream:|priority:0], old=null, confs=<EMPTY_MAP>
2022-09-28 15:51:51,620 [pool-119-thread-1] INFO  server.RaftServerConfigKeys (ConfUtils.java:logGet(46)) - raft.server.storage.dir = [/home/runner/work/ozone/ozone/hadoop-ozone/integration-test/target/test-dir/MiniOzoneClusterImpl-30c42134-6f07-4454-8a06-c8ace9e9986b/datanode-2/data/ratis] (custom)
2022-09-28 15:51:51,620 [pool-119-thread-1] INFO  server.RaftServerConfigKeys (ConfUtils.java:logGet(46)) - raft.server.log.corruption.policy = EXCEPTION (default)
2022-09-28 15:51:51,620 [pool-119-thread-1] INFO  server.RaftServerConfigKeys (ConfUtils.java:logGet(46)) - raft.server.storage.free-space.min = 0MB (=0) (default)
2022-09-28 15:51:51,620 [pool-119-thread-1] INFO  storage.RaftStorageDirectory (RaftStorageDirectoryImpl.java:analyzeStorage(135)) - The storage directory /home/runner/work/ozone/ozone/hadoop-ozone/integration-test/target/test-dir/MiniOzoneClusterImpl-30c42134-6f07-4454-8a06-c8ace9e9986b/datanode-2/data/ratis/a89d047a-da0f-4a1d-b235-4c0325bd5f48 does not exist. Creating ...
2022-09-28 15:51:51,621 [pool-119-thread-1] INFO  storage.RaftStorageDirectory (RaftStorageDirectoryImpl.java:tryLock(230)) - Lock on /home/runner/work/ozone/ozone/hadoop-ozone/integration-test/target/test-dir/MiniOzoneClusterImpl-30c42134-6f07-4454-8a06-c8ace9e9986b/datanode-2/data/ratis/a89d047a-da0f-4a1d-b235-4c0325bd5f48/in_use.lock acquired by nodename 13127@fv-az203-824
2022-09-28 15:51:51,622 [pool-119-thread-1] INFO  storage.RaftStorage (RaftStorageImpl.java:format(89)) - Storage directory /home/runner/work/ozone/ozone/hadoop-ozone/integration-test/target/test-dir/MiniOzoneClusterImpl-30c42134-6f07-4454-8a06-c8ace9e9986b/datanode-2/data/ratis/a89d047a-da0f-4a1d-b235-4c0325bd5f48 has been successfully formatted.
2022-09-28 15:51:51,624 [pool-119-thread-1] INFO  ratis.ContainerStateMachine (ContainerStateMachine.java:loadSnapshot(236)) - group-4C0325BD5F48: The snapshot info is null. Setting the last applied indexto:(t:0, i:~)
2022-09-28 15:51:51,627 [pool-119-thread-1] INFO  server.RaftServerConfigKeys (ConfUtils.java:logGet(46)) - raft.server.notification.no-leader.timeout = 300s (custom)
2022-09-28 15:51:51,628 [pool-119-thread-1] INFO  server.RaftServerConfigKeys (ConfUtils.java:logGet(46)) - raft.server.log.use.memory = false (default)
2022-09-28 15:51:51,628 [pool-119-thread-1] INFO  server.RaftServerConfigKeys (ConfUtils.java:logGet(46)) - raft.server.log.purge.gap = 1000000 (custom)
2022-09-28 15:51:51,628 [pool-119-thread-1] INFO  server.RaftServerConfigKeys (ConfUtils.java:logGet(46)) - raft.server.log.appender.buffer.byte-limit = 33554432 (custom)
2022-09-28 15:51:51,628 [pool-119-thread-1] INFO  server.RaftServerConfigKeys (ConfUtils.java:logGet(46)) - raft.server.log.statemachine.data.read.timeout = 1000ms (default)
2022-09-28 15:51:51,628 [pool-119-thread-1] INFO  server.RaftServerConfigKeys (ConfUtils.java:logGet(46)) - raft.server.log.segment.size.max = 1048576 (custom)
2022-09-28 15:51:51,631 [pool-119-thread-1] INFO  server.RaftServerConfigKeys (ConfUtils.java:logGet(46)) - raft.server.log.segment.cache.num.max = 2 (custom)
2022-09-28 15:51:51,631 [pool-119-thread-1] INFO  server.RaftServerConfigKeys (ConfUtils.java:logGet(46)) - raft.server.log.segment.cache.size.max = 200MB (=209715200) (default)
2022-09-28 15:51:51,631 [pool-119-thread-1] INFO  segmented.SegmentedRaftLogWorker (SegmentedRaftLogWorker.java:<init>(187)) - new f339b530-8901-434d-bf68-81dd9354474d@group-4C0325BD5F48-SegmentedRaftLogWorker for RaftStorageImpl:Storage Directory /home/runner/work/ozone/ozone/hadoop-ozone/integration-test/target/test-dir/MiniOzoneClusterImpl-30c42134-6f07-4454-8a06-c8ace9e9986b/datanode-2/data/ratis/a89d047a-da0f-4a1d-b235-4c0325bd5f48
2022-09-28 15:51:51,631 [pool-119-thread-1] INFO  server.RaftServerConfigKeys (ConfUtils.java:logGet(46)) - raft.server.log.queue.byte-limit = 4294967296 (custom)
2022-09-28 15:51:51,631 [pool-119-thread-1] INFO  server.RaftServerConfigKeys (ConfUtils.java:logGet(46)) - raft.server.log.queue.element-limit = 1024 (custom)
2022-09-28 15:51:51,631 [pool-119-thread-1] INFO  server.RaftServerConfigKeys (ConfUtils.java:logGet(46)) - raft.server.log.segment.size.max = 1048576 (custom)
2022-09-28 15:51:51,631 [pool-119-thread-1] INFO  server.RaftServerConfigKeys (ConfUtils.java:logGet(46)) - raft.server.log.preallocated.size = 16384 (custom)
2022-09-28 15:51:51,631 [pool-119-thread-1] INFO  server.RaftServerConfigKeys (ConfUtils.java:logGet(46)) - raft.server.log.force.sync.num = 128 (default)
2022-09-28 15:51:51,631 [pool-119-thread-1] INFO  server.RaftServerConfigKeys (ConfUtils.java:logGet(46)) - raft.server.log.statemachine.data.sync = true (default)
2022-09-28 15:51:51,631 [pool-119-thread-1] INFO  server.RaftServerConfigKeys (ConfUtils.java:logGet(46)) - raft.server.log.statemachine.data.sync.timeout = 10s (default)
2022-09-28 15:51:51,631 [pool-119-thread-1] INFO  server.RaftServerConfigKeys (ConfUtils.java:logGet(46)) - raft.server.log.statemachine.data.sync.timeout.retry = -1 (default)
2022-09-28 15:51:51,635 [pool-119-thread-1] INFO  server.RaftServerConfigKeys (ConfUtils.java:logGet(46)) - raft.server.log.write.buffer.size = 1048576 (custom)
2022-09-28 15:51:51,636 [pool-119-thread-1] INFO  server.RaftServerConfigKeys (ConfUtils.java:logGet(46)) - raft.server.log.unsafe-flush.enabled = false (default)
2022-09-28 15:51:51,636 [pool-119-thread-1] INFO  server.RaftServerConfigKeys (ConfUtils.java:logGet(46)) - raft.server.log.statemachine.data.caching.enabled = true (custom)
2022-09-28 15:51:51,636 [pool-119-thread-1] INFO  segmented.SegmentedRaftLogWorker (SegmentedRaftLogWorker.java:lambda$new$0(135)) - f339b530-8901-434d-bf68-81dd9354474d@group-4C0325BD5F48-SegmentedRaftLogWorker: flushIndex: setUnconditionally 0 -> -1
2022-09-28 15:51:51,636 [pool-119-thread-1] INFO  segmented.SegmentedRaftLogWorker (SegmentedRaftLogWorker.java:lambda$new$0(135)) - f339b530-8901-434d-bf68-81dd9354474d@group-4C0325BD5F48-SegmentedRaftLogWorker: safeCacheEvictIndex: setUnconditionally 0 -> -1
2022-09-28 15:51:51,646 [pool-119-thread-1] INFO  server.RaftServerConfigKeys (ConfUtils.java:logGet(46)) - raft.server.snapshot.auto.trigger.enabled = true (custom)
2022-09-28 15:51:51,647 [pool-119-thread-1] INFO  server.RaftServerConfigKeys (ConfUtils.java:logGet(46)) - raft.server.snapshot.auto.trigger.threshold = 10000 (custom)
2022-09-28 15:51:51,647 [pool-119-thread-1] INFO  server.RaftServerConfigKeys (ConfUtils.java:logGet(46)) - raft.server.snapshot.retention.file.num = 5 (custom)
2022-09-28 15:51:51,647 [pool-119-thread-1] INFO  server.RaftServerConfigKeys (ConfUtils.java:logGet(46)) - raft.server.log.purge.upto.snapshot.index = false (default)
2022-09-28 15:51:51,647 [pool-119-thread-1] INFO  server.RaftServerConfigKeys (ConfUtils.java:logGet(46)) - raft.server.retrycache.expirytime = 600000ms (custom)
2022-09-28 15:51:51,647 [pool-119-thread-1] INFO  server.RaftServerConfigKeys (ConfUtils.java:logGet(46)) - raft.server.retrycache.statistics.expirytime = 100μs (default)
2022-09-28 15:51:51,648 [pool-119-thread-1] INFO  server.RaftServerConfigKeys (ConfUtils.java:logGet(46)) - raft.server.log.appender.install.snapshot.enabled = false (custom)
2022-09-28 15:51:51,648 [pool-119-thread-1] INFO  server.RaftServerConfigKeys (ConfUtils.java:logGet(46)) - raft.server.threadpool.server.cached = true (default)
2022-09-28 15:51:51,648 [pool-119-thread-1] INFO  server.RaftServerConfigKeys (ConfUtils.java:logGet(46)) - raft.server.threadpool.server.size = 0 (default)
2022-09-28 15:51:51,648 [pool-119-thread-1] INFO  server.RaftServerConfigKeys (ConfUtils.java:logGet(46)) - raft.server.threadpool.client.cached = true (default)
2022-09-28 15:51:51,648 [pool-119-thread-1] INFO  server.RaftServerConfigKeys (ConfUtils.java:logGet(46)) - raft.server.threadpool.client.size = 0 (default)
2022-09-28 15:51:51,648 [pool-119-thread-1] INFO  server.RaftServer$Division (RaftServerImpl.java:start(310)) - f339b530-8901-434d-bf68-81dd9354474d@group-4C0325BD5F48: start as a follower, conf=-1: [f339b530-8901-434d-bf68-81dd9354474d|rpc:10.1.1.55:43271|dataStream:|priority:0, a57096d8-e38a-49fa-bac6-11df32f34a10|rpc:10.1.1.55:35365|dataStream:|priority:1, 8d8147bd-34a3-4093-acb2-725bd7232b45|rpc:10.1.1.55:42719|dataStream:|priority:0], old=null
2022-09-28 15:51:51,648 [pool-119-thread-1] INFO  server.RaftServer$Division (RaftServerImpl.java:setRole(299)) - f339b530-8901-434d-bf68-81dd9354474d@group-4C0325BD5F48: changes role from      null to FOLLOWER at term 0 for startAsFollower
2022-09-28 15:51:51,648 [pool-119-thread-1] INFO  impl.RoleInfo (RoleInfo.java:updateAndGet(139)) - f339b530-8901-434d-bf68-81dd9354474d: start f339b530-8901-434d-bf68-81dd9354474d@group-4C0325BD5F48-FollowerState
2022-09-28 15:51:51,649 [pool-119-thread-1] INFO  util.JmxRegister (JmxRegister.java:tryRegister(44)) - Successfully registered JMX Bean with object name Ratis:service=RaftServer,group=group-4C0325BD5F48,id=f339b530-8901-434d-bf68-81dd9354474d
2022-09-28 15:51:51,728 [Command processor thread] INFO  commandhandler.CreatePipelineCommandHandler (CreatePipelineCommandHandler.java:handle(113)) - Created Pipeline RATIS THREE PipelineID=a89d047a-da0f-4a1d-b235-4c0325bd5f48.
2022-09-28 15:51:51,729 [Command processor thread] INFO  server.RaftServer (RaftServerProxy.java:addNew(96)) - 8d8147bd-34a3-4093-acb2-725bd7232b45: addNew group-C34DF4F8E5E8:[f339b530-8901-434d-bf68-81dd9354474d|rpc:10.1.1.55:43271|priority:0, a57096d8-e38a-49fa-bac6-11df32f34a10|rpc:10.1.1.55:35365|priority:0, 8d8147bd-34a3-4093-acb2-725bd7232b45|rpc:10.1.1.55:42719|priority:1] returns group-C34DF4F8E5E8:java.util.concurrent.CompletableFuture@315aa728[Not completed]
2022-09-28 15:51:51,730 [pool-73-thread-1] INFO  server.RaftServer$Division (RaftServerImpl.java:<init>(190)) - 8d8147bd-34a3-4093-acb2-725bd7232b45: new RaftServerImpl for group-C34DF4F8E5E8:[f339b530-8901-434d-bf68-81dd9354474d|rpc:10.1.1.55:43271|priority:0, a57096d8-e38a-49fa-bac6-11df32f34a10|rpc:10.1.1.55:35365|priority:0, 8d8147bd-34a3-4093-acb2-725bd7232b45|rpc:10.1.1.55:42719|priority:1] with ContainerStateMachine:uninitialized
2022-09-28 15:51:51,730 [pool-73-thread-1] INFO  server.RaftServerConfigKeys (ConfUtils.java:logGet(46)) - raft.server.rpc.timeout.min = 5s (custom)
2022-09-28 15:51:51,730 [pool-73-thread-1] INFO  server.RaftServerConfigKeys (ConfUtils.java:logGet(46)) - raft.server.rpc.timeout.max = 5200ms (custom)
2022-09-28 15:51:51,730 [pool-73-thread-1] INFO  server.RaftServerConfigKeys (ConfUtils.java:logGet(46)) - raft.server.rpc.sleep.time = 25ms (default)
2022-09-28 15:51:51,731 [pool-73-thread-1] INFO  server.RaftServerConfigKeys (ConfUtils.java:logGet(46)) - raft.server.rpc.slowness.timeout = 300s (custom)
2022-09-28 15:51:51,731 [pool-73-thread-1] INFO  server.RaftServerConfigKeys (ConfUtils.java:logGet(46)) - raft.server.leaderelection.leader.step-down.wait-time = 10s (default)
2022-09-28 15:51:51,731 [pool-73-thread-1] INFO  server.RaftServerConfigKeys (ConfUtils.java:logGet(46)) - raft.server.sleep.deviation.threshold = 300ms (default)
2022-09-28 15:51:51,731 [pool-73-thread-1] INFO  server.RaftServer$Division (ServerState.java:<init>(107)) - 8d8147bd-34a3-4093-acb2-725bd7232b45@group-C34DF4F8E5E8: ConfigurationManager, init=-1: [f339b530-8901-434d-bf68-81dd9354474d|rpc:10.1.1.55:43271|priority:0, a57096d8-e38a-49fa-bac6-11df32f34a10|rpc:10.1.1.55:35365|priority:0, 8d8147bd-34a3-4093-acb2-725bd7232b45|rpc:10.1.1.55:42719|priority:1], old=null, confs=<EMPTY_MAP>
2022-09-28 15:51:51,731 [pool-73-thread-1] INFO  server.RaftServerConfigKeys (ConfUtils.java:logGet(46)) - raft.server.storage.dir = [/home/runner/work/ozone/ozone/hadoop-ozone/integration-test/target/test-dir/MiniOzoneClusterImpl-30c42134-6f07-4454-8a06-c8ace9e9986b/datanode-0/data/ratis] (custom)
2022-09-28 15:51:51,731 [pool-73-thread-1] INFO  server.RaftServerConfigKeys (ConfUtils.java:logGet(46)) - raft.server.log.corruption.policy = EXCEPTION (default)
2022-09-28 15:51:51,731 [pool-73-thread-1] INFO  server.RaftServerConfigKeys (ConfUtils.java:logGet(46)) - raft.server.storage.free-space.min = 0MB (=0) (default)
2022-09-28 15:51:51,731 [pool-73-thread-1] INFO  storage.RaftStorageDirectory (RaftStorageDirectoryImpl.java:analyzeStorage(135)) - The storage directory /home/runner/work/ozone/ozone/hadoop-ozone/integration-test/target/test-dir/MiniOzoneClusterImpl-30c42134-6f07-4454-8a06-c8ace9e9986b/datanode-0/data/ratis/3c7f63f1-00ab-42a1-823d-c34df4f8e5e8 does not exist. Creating ...
2022-09-28 15:51:51,734 [pool-73-thread-1] INFO  storage.RaftStorageDirectory (RaftStorageDirectoryImpl.java:tryLock(230)) - Lock on /home/runner/work/ozone/ozone/hadoop-ozone/integration-test/target/test-dir/MiniOzoneClusterImpl-30c42134-6f07-4454-8a06-c8ace9e9986b/datanode-0/data/ratis/3c7f63f1-00ab-42a1-823d-c34df4f8e5e8/in_use.lock acquired by nodename 13127@fv-az203-824
2022-09-28 15:51:51,738 [pool-73-thread-1] INFO  storage.RaftStorage (RaftStorageImpl.java:format(89)) - Storage directory /home/runner/work/ozone/ozone/hadoop-ozone/integration-test/target/test-dir/MiniOzoneClusterImpl-30c42134-6f07-4454-8a06-c8ace9e9986b/datanode-0/data/ratis/3c7f63f1-00ab-42a1-823d-c34df4f8e5e8 has been successfully formatted.
2022-09-28 15:51:51,738 [pool-73-thread-1] INFO  ratis.ContainerStateMachine (ContainerStateMachine.java:loadSnapshot(236)) - group-C34DF4F8E5E8: The snapshot info is null. Setting the last applied indexto:(t:0, i:~)
2022-09-28 15:51:51,738 [pool-73-thread-1] INFO  server.RaftServerConfigKeys (ConfUtils.java:logGet(46)) - raft.server.notification.no-leader.timeout = 300s (custom)
2022-09-28 15:51:51,738 [pool-73-thread-1] INFO  server.RaftServerConfigKeys (ConfUtils.java:logGet(46)) - raft.server.log.use.memory = false (default)
2022-09-28 15:51:51,738 [pool-73-thread-1] INFO  server.RaftServerConfigKeys (ConfUtils.java:logGet(46)) - raft.server.log.purge.gap = 1000000 (custom)
2022-09-28 15:51:51,738 [pool-73-thread-1] INFO  server.RaftServerConfigKeys (ConfUtils.java:logGet(46)) - raft.server.log.appender.buffer.byte-limit = 33554432 (custom)
2022-09-28 15:51:51,738 [pool-73-thread-1] INFO  server.RaftServerConfigKeys (ConfUtils.java:logGet(46)) - raft.server.log.statemachine.data.read.timeout = 1000ms (default)
2022-09-28 15:51:51,739 [pool-73-thread-1] INFO  server.RaftServerConfigKeys (ConfUtils.java:logGet(46)) - raft.server.log.segment.size.max = 1048576 (custom)
2022-09-28 15:51:51,739 [pool-73-thread-1] INFO  server.RaftServerConfigKeys (ConfUtils.java:logGet(46)) - raft.server.log.segment.cache.num.max = 2 (custom)
2022-09-28 15:51:51,739 [pool-73-thread-1] INFO  server.RaftServerConfigKeys (ConfUtils.java:logGet(46)) - raft.server.log.segment.cache.size.max = 200MB (=209715200) (default)
2022-09-28 15:51:51,739 [pool-73-thread-1] INFO  segmented.SegmentedRaftLogWorker (SegmentedRaftLogWorker.java:<init>(187)) - new 8d8147bd-34a3-4093-acb2-725bd7232b45@group-C34DF4F8E5E8-SegmentedRaftLogWorker for RaftStorageImpl:Storage Directory /home/runner/work/ozone/ozone/hadoop-ozone/integration-test/target/test-dir/MiniOzoneClusterImpl-30c42134-6f07-4454-8a06-c8ace9e9986b/datanode-0/data/ratis/3c7f63f1-00ab-42a1-823d-c34df4f8e5e8
2022-09-28 15:51:51,739 [pool-73-thread-1] INFO  server.RaftServerConfigKeys (ConfUtils.java:logGet(46)) - raft.server.log.queue.byte-limit = 4294967296 (custom)
2022-09-28 15:51:51,739 [pool-73-thread-1] INFO  server.RaftServerConfigKeys (ConfUtils.java:logGet(46)) - raft.server.log.queue.element-limit = 1024 (custom)
2022-09-28 15:51:51,739 [pool-73-thread-1] INFO  server.RaftServerConfigKeys (ConfUtils.java:logGet(46)) - raft.server.log.segment.size.max = 1048576 (custom)
2022-09-28 15:51:51,740 [pool-73-thread-1] INFO  server.RaftServerConfigKeys (ConfUtils.java:logGet(46)) - raft.server.log.preallocated.size = 16384 (custom)
2022-09-28 15:51:51,742 [pool-73-thread-1] INFO  server.RaftServerConfigKeys (ConfUtils.java:logGet(46)) - raft.server.log.force.sync.num = 128 (default)
2022-09-28 15:51:51,742 [pool-73-thread-1] INFO  server.RaftServerConfigKeys (ConfUtils.java:logGet(46)) - raft.server.log.statemachine.data.sync = true (default)
2022-09-28 15:51:51,742 [pool-73-thread-1] INFO  server.RaftServerConfigKeys (ConfUtils.java:logGet(46)) - raft.server.log.statemachine.data.sync.timeout = 10s (default)
2022-09-28 15:51:51,742 [pool-73-thread-1] INFO  server.RaftServerConfigKeys (ConfUtils.java:logGet(46)) - raft.server.log.statemachine.data.sync.timeout.retry = -1 (default)
2022-09-28 15:51:51,743 [pool-73-thread-1] INFO  server.RaftServerConfigKeys (ConfUtils.java:logGet(46)) - raft.server.log.write.buffer.size = 1048576 (custom)
2022-09-28 15:51:51,743 [pool-73-thread-1] INFO  server.RaftServerConfigKeys (ConfUtils.java:logGet(46)) - raft.server.log.unsafe-flush.enabled = false (default)
2022-09-28 15:51:51,743 [pool-73-thread-1] INFO  server.RaftServerConfigKeys (ConfUtils.java:logGet(46)) - raft.server.log.statemachine.data.caching.enabled = true (custom)
2022-09-28 15:51:51,743 [pool-73-thread-1] INFO  segmented.SegmentedRaftLogWorker (SegmentedRaftLogWorker.java:lambda$new$0(135)) - 8d8147bd-34a3-4093-acb2-725bd7232b45@group-C34DF4F8E5E8-SegmentedRaftLogWorker: flushIndex: setUnconditionally 0 -> -1
2022-09-28 15:51:51,743 [pool-73-thread-1] INFO  segmented.SegmentedRaftLogWorker (SegmentedRaftLogWorker.java:lambda$new$0(135)) - 8d8147bd-34a3-4093-acb2-725bd7232b45@group-C34DF4F8E5E8-SegmentedRaftLogWorker: safeCacheEvictIndex: setUnconditionally 0 -> -1
2022-09-28 15:51:51,748 [pool-73-thread-1] INFO  server.RaftServerConfigKeys (ConfUtils.java:logGet(46)) - raft.server.snapshot.auto.trigger.enabled = true (custom)
2022-09-28 15:51:51,748 [pool-73-thread-1] INFO  server.RaftServerConfigKeys (ConfUtils.java:logGet(46)) - raft.server.snapshot.auto.trigger.threshold = 10000 (custom)
2022-09-28 15:51:51,748 [pool-73-thread-1] INFO  server.RaftServerConfigKeys (ConfUtils.java:logGet(46)) - raft.server.snapshot.retention.file.num = 5 (custom)
2022-09-28 15:51:51,748 [pool-73-thread-1] INFO  server.RaftServerConfigKeys (ConfUtils.java:logGet(46)) - raft.server.log.purge.upto.snapshot.index = false (default)
2022-09-28 15:51:51,748 [pool-73-thread-1] INFO  server.RaftServerConfigKeys (ConfUtils.java:logGet(46)) - raft.server.retrycache.expirytime = 600000ms (custom)
2022-09-28 15:51:51,748 [pool-73-thread-1] INFO  server.RaftServerConfigKeys (ConfUtils.java:logGet(46)) - raft.server.retrycache.statistics.expirytime = 100μs (default)
2022-09-28 15:51:51,748 [EventQueue-OpenPipelineForHealthyPipelineSafeModeRule] INFO  safemode.SCMSafeModeManager (HealthyPipelineSafeModeRule.java:process(137)) - SCM in safe mode. Healthy pipelines reported count is 0, required healthy pipeline reported count is 1
2022-09-28 15:51:51,749 [pool-73-thread-1] INFO  server.RaftServerConfigKeys (ConfUtils.java:logGet(46)) - raft.server.log.appender.install.snapshot.enabled = false (custom)
2022-09-28 15:51:51,749 [pool-73-thread-1] INFO  server.RaftServerConfigKeys (ConfUtils.java:logGet(46)) - raft.server.threadpool.server.cached = true (default)
2022-09-28 15:51:51,749 [pool-73-thread-1] INFO  server.RaftServerConfigKeys (ConfUtils.java:logGet(46)) - raft.server.threadpool.server.size = 0 (default)
2022-09-28 15:51:51,749 [pool-73-thread-1] INFO  server.RaftServerConfigKeys (ConfUtils.java:logGet(46)) - raft.server.threadpool.client.cached = true (default)
2022-09-28 15:51:51,749 [pool-73-thread-1] INFO  server.RaftServerConfigKeys (ConfUtils.java:logGet(46)) - raft.server.threadpool.client.size = 0 (default)
2022-09-28 15:51:51,749 [pool-73-thread-1] INFO  server.RaftServer$Division (RaftServerImpl.java:start(310)) - 8d8147bd-34a3-4093-acb2-725bd7232b45@group-C34DF4F8E5E8: start as a follower, conf=-1: [f339b530-8901-434d-bf68-81dd9354474d|rpc:10.1.1.55:43271|priority:0, a57096d8-e38a-49fa-bac6-11df32f34a10|rpc:10.1.1.55:35365|priority:0, 8d8147bd-34a3-4093-acb2-725bd7232b45|rpc:10.1.1.55:42719|priority:1], old=null
2022-09-28 15:51:51,749 [pool-73-thread-1] INFO  server.RaftServer$Division (RaftServerImpl.java:setRole(299)) - 8d8147bd-34a3-4093-acb2-725bd7232b45@group-C34DF4F8E5E8: changes role from      null to FOLLOWER at term 0 for startAsFollower
2022-09-28 15:51:51,749 [pool-73-thread-1] INFO  impl.RoleInfo (RoleInfo.java:updateAndGet(139)) - 8d8147bd-34a3-4093-acb2-725bd7232b45: start 8d8147bd-34a3-4093-acb2-725bd7232b45@group-C34DF4F8E5E8-FollowerState
2022-09-28 15:51:51,751 [pool-73-thread-1] INFO  util.JmxRegister (JmxRegister.java:tryRegister(44)) - Successfully registered JMX Bean with object name Ratis:service=RaftServer,group=group-C34DF4F8E5E8,id=8d8147bd-34a3-4093-acb2-725bd7232b45
2022-09-28 15:51:51,755 [Command processor thread] INFO  ratis.XceiverServerRatis (XceiverServerRatis.java:addGroup(765)) - Created group PipelineID=3c7f63f1-00ab-42a1-823d-c34df4f8e5e8
2022-09-28 15:51:51,758 [Command processor thread] INFO  commandhandler.CreatePipelineCommandHandler (CreatePipelineCommandHandler.java:handle(113)) - Created Pipeline RATIS THREE PipelineID=a89d047a-da0f-4a1d-b235-4c0325bd5f48.
2022-09-28 15:51:51,759 [Command processor thread] INFO  server.RaftServer (RaftServerProxy.java:addNew(96)) - a57096d8-e38a-49fa-bac6-11df32f34a10: addNew group-C34DF4F8E5E8:[f339b530-8901-434d-bf68-81dd9354474d|rpc:10.1.1.55:43271|priority:0, a57096d8-e38a-49fa-bac6-11df32f34a10|rpc:10.1.1.55:35365|priority:0, 8d8147bd-34a3-4093-acb2-725bd7232b45|rpc:10.1.1.55:42719|priority:1] returns group-C34DF4F8E5E8:java.util.concurrent.CompletableFuture@577f0640[Not completed]
2022-09-28 15:51:51,760 [pool-96-thread-1] INFO  server.RaftServer$Division (RaftServerImpl.java:<init>(190)) - a57096d8-e38a-49fa-bac6-11df32f34a10: new RaftServerImpl for group-C34DF4F8E5E8:[f339b530-8901-434d-bf68-81dd9354474d|rpc:10.1.1.55:43271|priority:0, a57096d8-e38a-49fa-bac6-11df32f34a10|rpc:10.1.1.55:35365|priority:0, 8d8147bd-34a3-4093-acb2-725bd7232b45|rpc:10.1.1.55:42719|priority:1] with ContainerStateMachine:uninitialized
2022-09-28 15:51:51,760 [pool-96-thread-1] INFO  server.RaftServerConfigKeys (ConfUtils.java:logGet(46)) - raft.server.rpc.timeout.min = 5s (custom)
2022-09-28 15:51:51,760 [pool-96-thread-1] INFO  server.RaftServerConfigKeys (ConfUtils.java:logGet(46)) - raft.server.rpc.timeout.max = 5200ms (custom)
2022-09-28 15:51:51,760 [pool-96-thread-1] INFO  server.RaftServerConfigKeys (ConfUtils.java:logGet(46)) - raft.server.rpc.sleep.time = 25ms (default)
2022-09-28 15:51:51,760 [pool-96-thread-1] INFO  server.RaftServerConfigKeys (ConfUtils.java:logGet(46)) - raft.server.rpc.slowness.timeout = 300s (custom)
2022-09-28 15:51:51,760 [pool-96-thread-1] INFO  server.RaftServerConfigKeys (ConfUtils.java:logGet(46)) - raft.server.leaderelection.leader.step-down.wait-time = 10s (default)
2022-09-28 15:51:51,760 [pool-96-thread-1] INFO  server.RaftServerConfigKeys (ConfUtils.java:logGet(46)) - raft.server.sleep.deviation.threshold = 300ms (default)
2022-09-28 15:51:51,760 [pool-96-thread-1] INFO  server.RaftServer$Division (ServerState.java:<init>(107)) - a57096d8-e38a-49fa-bac6-11df32f34a10@group-C34DF4F8E5E8: ConfigurationManager, init=-1: [f339b530-8901-434d-bf68-81dd9354474d|rpc:10.1.1.55:43271|priority:0, a57096d8-e38a-49fa-bac6-11df32f34a10|rpc:10.1.1.55:35365|priority:0, 8d8147bd-34a3-4093-acb2-725bd7232b45|rpc:10.1.1.55:42719|priority:1], old=null, confs=<EMPTY_MAP>
2022-09-28 15:51:51,760 [pool-96-thread-1] INFO  server.RaftServerConfigKeys (ConfUtils.java:logGet(46)) - raft.server.storage.dir = [/home/runner/work/ozone/ozone/hadoop-ozone/integration-test/target/test-dir/MiniOzoneClusterImpl-30c42134-6f07-4454-8a06-c8ace9e9986b/datanode-1/data/ratis] (custom)
2022-09-28 15:51:51,760 [pool-96-thread-1] INFO  server.RaftServerConfigKeys (ConfUtils.java:logGet(46)) - raft.server.log.corruption.policy = EXCEPTION (default)
2022-09-28 15:51:51,760 [pool-96-thread-1] INFO  server.RaftServerConfigKeys (ConfUtils.java:logGet(46)) - raft.server.storage.free-space.min = 0MB (=0) (default)
2022-09-28 15:51:51,761 [pool-96-thread-1] INFO  storage.RaftStorageDirectory (RaftStorageDirectoryImpl.java:analyzeStorage(135)) - The storage directory /home/runner/work/ozone/ozone/hadoop-ozone/integration-test/target/test-dir/MiniOzoneClusterImpl-30c42134-6f07-4454-8a06-c8ace9e9986b/datanode-1/data/ratis/3c7f63f1-00ab-42a1-823d-c34df4f8e5e8 does not exist. Creating ...
2022-09-28 15:51:51,765 [pool-96-thread-1] INFO  storage.RaftStorageDirectory (RaftStorageDirectoryImpl.java:tryLock(230)) - Lock on /home/runner/work/ozone/ozone/hadoop-ozone/integration-test/target/test-dir/MiniOzoneClusterImpl-30c42134-6f07-4454-8a06-c8ace9e9986b/datanode-1/data/ratis/3c7f63f1-00ab-42a1-823d-c34df4f8e5e8/in_use.lock acquired by nodename 13127@fv-az203-824
2022-09-28 15:51:51,766 [pool-96-thread-1] INFO  storage.RaftStorage (RaftStorageImpl.java:format(89)) - Storage directory /home/runner/work/ozone/ozone/hadoop-ozone/integration-test/target/test-dir/MiniOzoneClusterImpl-30c42134-6f07-4454-8a06-c8ace9e9986b/datanode-1/data/ratis/3c7f63f1-00ab-42a1-823d-c34df4f8e5e8 has been successfully formatted.
2022-09-28 15:51:51,767 [pool-96-thread-1] INFO  ratis.ContainerStateMachine (ContainerStateMachine.java:loadSnapshot(236)) - group-C34DF4F8E5E8: The snapshot info is null. Setting the last applied indexto:(t:0, i:~)
2022-09-28 15:51:51,767 [pool-96-thread-1] INFO  server.RaftServerConfigKeys (ConfUtils.java:logGet(46)) - raft.server.notification.no-leader.timeout = 300s (custom)
2022-09-28 15:51:51,767 [pool-96-thread-1] INFO  server.RaftServerConfigKeys (ConfUtils.java:logGet(46)) - raft.server.log.use.memory = false (default)
2022-09-28 15:51:51,767 [pool-96-thread-1] INFO  server.RaftServerConfigKeys (ConfUtils.java:logGet(46)) - raft.server.log.purge.gap = 1000000 (custom)
2022-09-28 15:51:51,767 [pool-96-thread-1] INFO  server.RaftServerConfigKeys (ConfUtils.java:logGet(46)) - raft.server.log.appender.buffer.byte-limit = 33554432 (custom)
2022-09-28 15:51:51,767 [pool-96-thread-1] INFO  server.RaftServerConfigKeys (ConfUtils.java:logGet(46)) - raft.server.log.statemachine.data.read.timeout = 1000ms (default)
2022-09-28 15:51:51,767 [pool-96-thread-1] INFO  server.RaftServerConfigKeys (ConfUtils.java:logGet(46)) - raft.server.log.segment.size.max = 1048576 (custom)
2022-09-28 15:51:51,767 [pool-96-thread-1] INFO  server.RaftServerConfigKeys (ConfUtils.java:logGet(46)) - raft.server.log.segment.cache.num.max = 2 (custom)
2022-09-28 15:51:51,767 [pool-96-thread-1] INFO  server.RaftServerConfigKeys (ConfUtils.java:logGet(46)) - raft.server.log.segment.cache.size.max = 200MB (=209715200) (default)
2022-09-28 15:51:51,767 [pool-96-thread-1] INFO  segmented.SegmentedRaftLogWorker (SegmentedRaftLogWorker.java:<init>(187)) - new a57096d8-e38a-49fa-bac6-11df32f34a10@group-C34DF4F8E5E8-SegmentedRaftLogWorker for RaftStorageImpl:Storage Directory /home/runner/work/ozone/ozone/hadoop-ozone/integration-test/target/test-dir/MiniOzoneClusterImpl-30c42134-6f07-4454-8a06-c8ace9e9986b/datanode-1/data/ratis/3c7f63f1-00ab-42a1-823d-c34df4f8e5e8
2022-09-28 15:51:51,768 [pool-96-thread-1] INFO  server.RaftServerConfigKeys (ConfUtils.java:logGet(46)) - raft.server.log.queue.byte-limit = 4294967296 (custom)
2022-09-28 15:51:51,768 [pool-96-thread-1] INFO  server.RaftServerConfigKeys (ConfUtils.java:logGet(46)) - raft.server.log.queue.element-limit = 1024 (custom)
2022-09-28 15:51:51,768 [pool-96-thread-1] INFO  server.RaftServerConfigKeys (ConfUtils.java:logGet(46)) - raft.server.log.segment.size.max = 1048576 (custom)
2022-09-28 15:51:51,768 [pool-96-thread-1] INFO  server.RaftServerConfigKeys (ConfUtils.java:logGet(46)) - raft.server.log.preallocated.size = 16384 (custom)
2022-09-28 15:51:51,768 [pool-96-thread-1] INFO  server.RaftServerConfigKeys (ConfUtils.java:logGet(46)) - raft.server.log.force.sync.num = 128 (default)
2022-09-28 15:51:51,768 [pool-96-thread-1] INFO  server.RaftServerConfigKeys (ConfUtils.java:logGet(46)) - raft.server.log.statemachine.data.sync = true (default)
2022-09-28 15:51:51,768 [pool-96-thread-1] INFO  server.RaftServerConfigKeys (ConfUtils.java:logGet(46)) - raft.server.log.statemachine.data.sync.timeout = 10s (default)
2022-09-28 15:51:51,768 [pool-96-thread-1] INFO  server.RaftServerConfigKeys (ConfUtils.java:logGet(46)) - raft.server.log.statemachine.data.sync.timeout.retry = -1 (default)
2022-09-28 15:51:51,769 [pool-96-thread-1] INFO  server.RaftServerConfigKeys (ConfUtils.java:logGet(46)) - raft.server.log.write.buffer.size = 1048576 (custom)
2022-09-28 15:51:51,770 [pool-96-thread-1] INFO  server.RaftServerConfigKeys (ConfUtils.java:logGet(46)) - raft.server.log.unsafe-flush.enabled = false (default)
2022-09-28 15:51:51,770 [pool-96-thread-1] INFO  server.RaftServerConfigKeys (ConfUtils.java:logGet(46)) - raft.server.log.statemachine.data.caching.enabled = true (custom)
2022-09-28 15:51:51,770 [pool-96-thread-1] INFO  segmented.SegmentedRaftLogWorker (SegmentedRaftLogWorker.java:lambda$new$0(135)) - a57096d8-e38a-49fa-bac6-11df32f34a10@group-C34DF4F8E5E8-SegmentedRaftLogWorker: flushIndex: setUnconditionally 0 -> -1
2022-09-28 15:51:51,770 [pool-96-thread-1] INFO  segmented.SegmentedRaftLogWorker (SegmentedRaftLogWorker.java:lambda$new$0(135)) - a57096d8-e38a-49fa-bac6-11df32f34a10@group-C34DF4F8E5E8-SegmentedRaftLogWorker: safeCacheEvictIndex: setUnconditionally 0 -> -1
2022-09-28 15:51:51,771 [pool-96-thread-1] INFO  server.RaftServerConfigKeys (ConfUtils.java:logGet(46)) - raft.server.snapshot.auto.trigger.enabled = true (custom)
2022-09-28 15:51:51,771 [pool-96-thread-1] INFO  server.RaftServerConfigKeys (ConfUtils.java:logGet(46)) - raft.server.snapshot.auto.trigger.threshold = 10000 (custom)
2022-09-28 15:51:51,772 [pool-96-thread-1] INFO  server.RaftServerConfigKeys (ConfUtils.java:logGet(46)) - raft.server.snapshot.retention.file.num = 5 (custom)
2022-09-28 15:51:51,772 [pool-96-thread-1] INFO  server.RaftServerConfigKeys (ConfUtils.java:logGet(46)) - raft.server.log.purge.upto.snapshot.index = false (default)
2022-09-28 15:51:51,772 [pool-96-thread-1] INFO  server.RaftServerConfigKeys (ConfUtils.java:logGet(46)) - raft.server.retrycache.expirytime = 600000ms (custom)
2022-09-28 15:51:51,772 [pool-96-thread-1] INFO  server.RaftServerConfigKeys (ConfUtils.java:logGet(46)) - raft.server.retrycache.statistics.expirytime = 100μs (default)
2022-09-28 15:51:51,774 [pool-96-thread-1] INFO  server.RaftServerConfigKeys (ConfUtils.java:logGet(46)) - raft.server.log.appender.install.snapshot.enabled = false (custom)
2022-09-28 15:51:51,774 [pool-96-thread-1] INFO  server.RaftServerConfigKeys (ConfUtils.java:logGet(46)) - raft.server.threadpool.server.cached = true (default)
2022-09-28 15:51:51,774 [pool-96-thread-1] INFO  server.RaftServerConfigKeys (ConfUtils.java:logGet(46)) - raft.server.threadpool.server.size = 0 (default)
2022-09-28 15:51:51,774 [pool-96-thread-1] INFO  server.RaftServerConfigKeys (ConfUtils.java:logGet(46)) - raft.server.threadpool.client.cached = true (default)
2022-09-28 15:51:51,774 [pool-96-thread-1] INFO  server.RaftServerConfigKeys (ConfUtils.java:logGet(46)) - raft.server.threadpool.client.size = 0 (default)
2022-09-28 15:51:51,774 [pool-96-thread-1] INFO  server.RaftServer$Division (RaftServerImpl.java:start(310)) - a57096d8-e38a-49fa-bac6-11df32f34a10@group-C34DF4F8E5E8: start as a follower, conf=-1: [f339b530-8901-434d-bf68-81dd9354474d|rpc:10.1.1.55:43271|priority:0, a57096d8-e38a-49fa-bac6-11df32f34a10|rpc:10.1.1.55:35365|priority:0, 8d8147bd-34a3-4093-acb2-725bd7232b45|rpc:10.1.1.55:42719|priority:1], old=null
2022-09-28 15:51:51,774 [pool-96-thread-1] INFO  server.RaftServer$Division (RaftServerImpl.java:setRole(299)) - a57096d8-e38a-49fa-bac6-11df32f34a10@group-C34DF4F8E5E8: changes role from      null to FOLLOWER at term 0 for startAsFollower
2022-09-28 15:51:51,774 [pool-96-thread-1] INFO  impl.RoleInfo (RoleInfo.java:updateAndGet(139)) - a57096d8-e38a-49fa-bac6-11df32f34a10: start a57096d8-e38a-49fa-bac6-11df32f34a10@group-C34DF4F8E5E8-FollowerState
2022-09-28 15:51:51,774 [EventQueue-OpenPipelineForHealthyPipelineSafeModeRule] INFO  safemode.SCMSafeModeManager (HealthyPipelineSafeModeRule.java:process(137)) - SCM in safe mode. Healthy pipelines reported count is 0, required healthy pipeline reported count is 1
2022-09-28 15:51:51,775 [pool-96-thread-1] INFO  util.JmxRegister (JmxRegister.java:tryRegister(44)) - Successfully registered JMX Bean with object name Ratis:service=RaftServer,group=group-C34DF4F8E5E8,id=a57096d8-e38a-49fa-bac6-11df32f34a10
2022-09-28 15:51:51,777 [Command processor thread] INFO  ratis.XceiverServerRatis (XceiverServerRatis.java:addGroup(765)) - Created group PipelineID=3c7f63f1-00ab-42a1-823d-c34df4f8e5e8
2022-09-28 15:51:51,780 [grpc-default-executor-1] INFO  server.RaftServer (RaftServerProxy.java:addNew(96)) - f339b530-8901-434d-bf68-81dd9354474d: addNew group-C34DF4F8E5E8:[f339b530-8901-434d-bf68-81dd9354474d|rpc:10.1.1.55:43271|dataStream:|priority:0, a57096d8-e38a-49fa-bac6-11df32f34a10|rpc:10.1.1.55:35365|dataStream:|priority:0, 8d8147bd-34a3-4093-acb2-725bd7232b45|rpc:10.1.1.55:42719|dataStream:|priority:1] returns group-C34DF4F8E5E8:java.util.concurrent.CompletableFuture@7e7cd738[Not completed]
2022-09-28 15:51:51,781 [pool-119-thread-1] INFO  server.RaftServer$Division (RaftServerImpl.java:<init>(190)) - f339b530-8901-434d-bf68-81dd9354474d: new RaftServerImpl for group-C34DF4F8E5E8:[f339b530-8901-434d-bf68-81dd9354474d|rpc:10.1.1.55:43271|dataStream:|priority:0, a57096d8-e38a-49fa-bac6-11df32f34a10|rpc:10.1.1.55:35365|dataStream:|priority:0, 8d8147bd-34a3-4093-acb2-725bd7232b45|rpc:10.1.1.55:42719|dataStream:|priority:1] with ContainerStateMachine:uninitialized
2022-09-28 15:51:51,781 [pool-119-thread-1] INFO  server.RaftServerConfigKeys (ConfUtils.java:logGet(46)) - raft.server.rpc.timeout.min = 5s (custom)
2022-09-28 15:51:51,781 [pool-119-thread-1] INFO  server.RaftServerConfigKeys (ConfUtils.java:logGet(46)) - raft.server.rpc.timeout.max = 5200ms (custom)
2022-09-28 15:51:51,781 [pool-119-thread-1] INFO  server.RaftServerConfigKeys (ConfUtils.java:logGet(46)) - raft.server.rpc.sleep.time = 25ms (default)
2022-09-28 15:51:51,781 [pool-119-thread-1] INFO  server.RaftServerConfigKeys (ConfUtils.java:logGet(46)) - raft.server.rpc.slowness.timeout = 300s (custom)
2022-09-28 15:51:51,781 [pool-119-thread-1] INFO  server.RaftServerConfigKeys (ConfUtils.java:logGet(46)) - raft.server.leaderelection.leader.step-down.wait-time = 10s (default)
2022-09-28 15:51:51,781 [pool-119-thread-1] INFO  server.RaftServerConfigKeys (ConfUtils.java:logGet(46)) - raft.server.sleep.deviation.threshold = 300ms (default)
2022-09-28 15:51:51,782 [pool-119-thread-1] INFO  server.RaftServer$Division (ServerState.java:<init>(107)) - f339b530-8901-434d-bf68-81dd9354474d@group-C34DF4F8E5E8: ConfigurationManager, init=-1: [f339b530-8901-434d-bf68-81dd9354474d|rpc:10.1.1.55:43271|dataStream:|priority:0, a57096d8-e38a-49fa-bac6-11df32f34a10|rpc:10.1.1.55:35365|dataStream:|priority:0, 8d8147bd-34a3-4093-acb2-725bd7232b45|rpc:10.1.1.55:42719|dataStream:|priority:1], old=null, confs=<EMPTY_MAP>
2022-09-28 15:51:51,782 [pool-119-thread-1] INFO  server.RaftServerConfigKeys (ConfUtils.java:logGet(46)) - raft.server.storage.dir = [/home/runner/work/ozone/ozone/hadoop-ozone/integration-test/target/test-dir/MiniOzoneClusterImpl-30c42134-6f07-4454-8a06-c8ace9e9986b/datanode-2/data/ratis] (custom)
2022-09-28 15:51:51,782 [pool-119-thread-1] INFO  server.RaftServerConfigKeys (ConfUtils.java:logGet(46)) - raft.server.log.corruption.policy = EXCEPTION (default)
2022-09-28 15:51:51,782 [pool-119-thread-1] INFO  server.RaftServerConfigKeys (ConfUtils.java:logGet(46)) - raft.server.storage.free-space.min = 0MB (=0) (default)
2022-09-28 15:51:51,782 [pool-119-thread-1] INFO  storage.RaftStorageDirectory (RaftStorageDirectoryImpl.java:analyzeStorage(135)) - The storage directory /home/runner/work/ozone/ozone/hadoop-ozone/integration-test/target/test-dir/MiniOzoneClusterImpl-30c42134-6f07-4454-8a06-c8ace9e9986b/datanode-2/data/ratis/3c7f63f1-00ab-42a1-823d-c34df4f8e5e8 does not exist. Creating ...
2022-09-28 15:51:51,784 [pool-119-thread-1] INFO  storage.RaftStorageDirectory (RaftStorageDirectoryImpl.java:tryLock(230)) - Lock on /home/runner/work/ozone/ozone/hadoop-ozone/integration-test/target/test-dir/MiniOzoneClusterImpl-30c42134-6f07-4454-8a06-c8ace9e9986b/datanode-2/data/ratis/3c7f63f1-00ab-42a1-823d-c34df4f8e5e8/in_use.lock acquired by nodename 13127@fv-az203-824
2022-09-28 15:51:51,787 [pool-119-thread-1] INFO  storage.RaftStorage (RaftStorageImpl.java:format(89)) - Storage directory /home/runner/work/ozone/ozone/hadoop-ozone/integration-test/target/test-dir/MiniOzoneClusterImpl-30c42134-6f07-4454-8a06-c8ace9e9986b/datanode-2/data/ratis/3c7f63f1-00ab-42a1-823d-c34df4f8e5e8 has been successfully formatted.
2022-09-28 15:51:51,788 [pool-119-thread-1] INFO  ratis.ContainerStateMachine (ContainerStateMachine.java:loadSnapshot(236)) - group-C34DF4F8E5E8: The snapshot info is null. Setting the last applied indexto:(t:0, i:~)
2022-09-28 15:51:51,788 [pool-119-thread-1] INFO  server.RaftServerConfigKeys (ConfUtils.java:logGet(46)) - raft.server.notification.no-leader.timeout = 300s (custom)
2022-09-28 15:51:51,788 [pool-119-thread-1] INFO  server.RaftServerConfigKeys (ConfUtils.java:logGet(46)) - raft.server.log.use.memory = false (default)
2022-09-28 15:51:51,788 [pool-119-thread-1] INFO  server.RaftServerConfigKeys (ConfUtils.java:logGet(46)) - raft.server.log.purge.gap = 1000000 (custom)
2022-09-28 15:51:51,788 [pool-119-thread-1] INFO  server.RaftServerConfigKeys (ConfUtils.java:logGet(46)) - raft.server.log.appender.buffer.byte-limit = 33554432 (custom)
2022-09-28 15:51:51,788 [pool-119-thread-1] INFO  server.RaftServerConfigKeys (ConfUtils.java:logGet(46)) - raft.server.log.statemachine.data.read.timeout = 1000ms (default)
2022-09-28 15:51:51,791 [pool-119-thread-1] INFO  server.RaftServerConfigKeys (ConfUtils.java:logGet(46)) - raft.server.log.segment.size.max = 1048576 (custom)
2022-09-28 15:51:51,791 [pool-119-thread-1] INFO  server.RaftServerConfigKeys (ConfUtils.java:logGet(46)) - raft.server.log.segment.cache.num.max = 2 (custom)
2022-09-28 15:51:51,792 [pool-119-thread-1] INFO  server.RaftServerConfigKeys (ConfUtils.java:logGet(46)) - raft.server.log.segment.cache.size.max = 200MB (=209715200) (default)
2022-09-28 15:51:51,792 [pool-119-thread-1] INFO  segmented.SegmentedRaftLogWorker (SegmentedRaftLogWorker.java:<init>(187)) - new f339b530-8901-434d-bf68-81dd9354474d@group-C34DF4F8E5E8-SegmentedRaftLogWorker for RaftStorageImpl:Storage Directory /home/runner/work/ozone/ozone/hadoop-ozone/integration-test/target/test-dir/MiniOzoneClusterImpl-30c42134-6f07-4454-8a06-c8ace9e9986b/datanode-2/data/ratis/3c7f63f1-00ab-42a1-823d-c34df4f8e5e8
2022-09-28 15:51:51,792 [pool-119-thread-1] INFO  server.RaftServerConfigKeys (ConfUtils.java:logGet(46)) - raft.server.log.queue.byte-limit = 4294967296 (custom)
2022-09-28 15:51:51,792 [pool-119-thread-1] INFO  server.RaftServerConfigKeys (ConfUtils.java:logGet(46)) - raft.server.log.queue.element-limit = 1024 (custom)
2022-09-28 15:51:51,792 [pool-119-thread-1] INFO  server.RaftServerConfigKeys (ConfUtils.java:logGet(46)) - raft.server.log.segment.size.max = 1048576 (custom)
2022-09-28 15:51:51,792 [pool-119-thread-1] INFO  server.RaftServerConfigKeys (ConfUtils.java:logGet(46)) - raft.server.log.preallocated.size = 16384 (custom)
2022-09-28 15:51:51,792 [pool-119-thread-1] INFO  server.RaftServerConfigKeys (ConfUtils.java:logGet(46)) - raft.server.log.force.sync.num = 128 (default)
2022-09-28 15:51:51,792 [pool-119-thread-1] INFO  server.RaftServerConfigKeys (ConfUtils.java:logGet(46)) - raft.server.log.statemachine.data.sync = true (default)
2022-09-28 15:51:51,792 [pool-119-thread-1] INFO  server.RaftServerConfigKeys (ConfUtils.java:logGet(46)) - raft.server.log.statemachine.data.sync.timeout = 10s (default)
2022-09-28 15:51:51,792 [pool-119-thread-1] INFO  server.RaftServerConfigKeys (ConfUtils.java:logGet(46)) - raft.server.log.statemachine.data.sync.timeout.retry = -1 (default)
2022-09-28 15:51:51,793 [Command processor thread] INFO  server.RaftServer (RaftServerProxy.java:addNew(96)) - f339b530-8901-434d-bf68-81dd9354474d: addNew group-68D461E2611D:[f339b530-8901-434d-bf68-81dd9354474d|rpc:10.1.1.55:43271|priority:1] returns group-68D461E2611D:java.util.concurrent.CompletableFuture@6578f87f[Not completed]
2022-09-28 15:51:51,794 [pool-119-thread-1] INFO  server.RaftServerConfigKeys (ConfUtils.java:logGet(46)) - raft.server.log.write.buffer.size = 1048576 (custom)
2022-09-28 15:51:51,795 [pool-119-thread-1] INFO  server.RaftServerConfigKeys (ConfUtils.java:logGet(46)) - raft.server.log.unsafe-flush.enabled = false (default)
2022-09-28 15:51:51,795 [pool-119-thread-1] INFO  server.RaftServerConfigKeys (ConfUtils.java:logGet(46)) - raft.server.log.statemachine.data.caching.enabled = true (custom)
2022-09-28 15:51:51,795 [pool-119-thread-1] INFO  segmented.SegmentedRaftLogWorker (SegmentedRaftLogWorker.java:lambda$new$0(135)) - f339b530-8901-434d-bf68-81dd9354474d@group-C34DF4F8E5E8-SegmentedRaftLogWorker: flushIndex: setUnconditionally 0 -> -1
2022-09-28 15:51:51,795 [pool-119-thread-1] INFO  segmented.SegmentedRaftLogWorker (SegmentedRaftLogWorker.java:lambda$new$0(135)) - f339b530-8901-434d-bf68-81dd9354474d@group-C34DF4F8E5E8-SegmentedRaftLogWorker: safeCacheEvictIndex: setUnconditionally 0 -> -1
2022-09-28 15:51:51,804 [pool-119-thread-1] INFO  server.RaftServerConfigKeys (ConfUtils.java:logGet(46)) - raft.server.snapshot.auto.trigger.enabled = true (custom)
2022-09-28 15:51:51,804 [pool-119-thread-1] INFO  server.RaftServerConfigKeys (ConfUtils.java:logGet(46)) - raft.server.snapshot.auto.trigger.threshold = 10000 (custom)
2022-09-28 15:51:51,804 [pool-119-thread-1] INFO  server.RaftServerConfigKeys (ConfUtils.java:logGet(46)) - raft.server.snapshot.retention.file.num = 5 (custom)
2022-09-28 15:51:51,804 [pool-119-thread-1] INFO  server.RaftServerConfigKeys (ConfUtils.java:logGet(46)) - raft.server.log.purge.upto.snapshot.index = false (default)
2022-09-28 15:51:51,804 [pool-119-thread-1] INFO  server.RaftServerConfigKeys (ConfUtils.java:logGet(46)) - raft.server.retrycache.expirytime = 600000ms (custom)
2022-09-28 15:51:51,804 [pool-119-thread-1] INFO  server.RaftServerConfigKeys (ConfUtils.java:logGet(46)) - raft.server.retrycache.statistics.expirytime = 100μs (default)
2022-09-28 15:51:51,805 [pool-119-thread-1] INFO  server.RaftServerConfigKeys (ConfUtils.java:logGet(46)) - raft.server.log.appender.install.snapshot.enabled = false (custom)
2022-09-28 15:51:51,805 [pool-119-thread-1] INFO  server.RaftServerConfigKeys (ConfUtils.java:logGet(46)) - raft.server.threadpool.server.cached = true (default)
2022-09-28 15:51:51,805 [pool-119-thread-1] INFO  server.RaftServerConfigKeys (ConfUtils.java:logGet(46)) - raft.server.threadpool.server.size = 0 (default)
2022-09-28 15:51:51,805 [pool-119-thread-1] INFO  server.RaftServerConfigKeys (ConfUtils.java:logGet(46)) - raft.server.threadpool.client.cached = true (default)
2022-09-28 15:51:51,805 [pool-119-thread-1] INFO  server.RaftServerConfigKeys (ConfUtils.java:logGet(46)) - raft.server.threadpool.client.size = 0 (default)
2022-09-28 15:51:51,808 [pool-119-thread-1] INFO  server.RaftServer$Division (RaftServerImpl.java:<init>(190)) - f339b530-8901-434d-bf68-81dd9354474d: new RaftServerImpl for group-68D461E2611D:[f339b530-8901-434d-bf68-81dd9354474d|rpc:10.1.1.55:43271|priority:1] with ContainerStateMachine:uninitialized
2022-09-28 15:51:51,808 [pool-119-thread-1] INFO  server.RaftServerConfigKeys (ConfUtils.java:logGet(46)) - raft.server.rpc.timeout.min = 5s (custom)
2022-09-28 15:51:51,808 [pool-119-thread-1] INFO  server.RaftServerConfigKeys (ConfUtils.java:logGet(46)) - raft.server.rpc.timeout.max = 5200ms (custom)
2022-09-28 15:51:51,808 [pool-119-thread-1] INFO  server.RaftServerConfigKeys (ConfUtils.java:logGet(46)) - raft.server.rpc.sleep.time = 25ms (default)
2022-09-28 15:51:51,808 [pool-119-thread-1] INFO  server.RaftServerConfigKeys (ConfUtils.java:logGet(46)) - raft.server.rpc.slowness.timeout = 300s (custom)
2022-09-28 15:51:51,808 [pool-119-thread-1] INFO  server.RaftServerConfigKeys (ConfUtils.java:logGet(46)) - raft.server.leaderelection.leader.step-down.wait-time = 10s (default)
2022-09-28 15:51:51,808 [pool-119-thread-1] INFO  server.RaftServerConfigKeys (ConfUtils.java:logGet(46)) - raft.server.sleep.deviation.threshold = 300ms (default)
2022-09-28 15:51:51,808 [pool-119-thread-1] INFO  server.RaftServer$Division (ServerState.java:<init>(107)) - f339b530-8901-434d-bf68-81dd9354474d@group-68D461E2611D: ConfigurationManager, init=-1: [f339b530-8901-434d-bf68-81dd9354474d|rpc:10.1.1.55:43271|priority:1], old=null, confs=<EMPTY_MAP>
2022-09-28 15:51:51,808 [pool-119-thread-1] INFO  server.RaftServerConfigKeys (ConfUtils.java:logGet(46)) - raft.server.storage.dir = [/home/runner/work/ozone/ozone/hadoop-ozone/integration-test/target/test-dir/MiniOzoneClusterImpl-30c42134-6f07-4454-8a06-c8ace9e9986b/datanode-2/data/ratis] (custom)
2022-09-28 15:51:51,808 [pool-119-thread-1] INFO  server.RaftServerConfigKeys (ConfUtils.java:logGet(46)) - raft.server.log.corruption.policy = EXCEPTION (default)
2022-09-28 15:51:51,808 [pool-119-thread-1] INFO  server.RaftServerConfigKeys (ConfUtils.java:logGet(46)) - raft.server.storage.free-space.min = 0MB (=0) (default)
2022-09-28 15:51:51,808 [pool-119-thread-1] INFO  storage.RaftStorageDirectory (RaftStorageDirectoryImpl.java:analyzeStorage(135)) - The storage directory /home/runner/work/ozone/ozone/hadoop-ozone/integration-test/target/test-dir/MiniOzoneClusterImpl-30c42134-6f07-4454-8a06-c8ace9e9986b/datanode-2/data/ratis/13ad82ce-4947-4585-bfde-68d461e2611d does not exist. Creating ...
2022-09-28 15:51:51,810 [pool-119-thread-1] INFO  storage.RaftStorageDirectory (RaftStorageDirectoryImpl.java:tryLock(230)) - Lock on /home/runner/work/ozone/ozone/hadoop-ozone/integration-test/target/test-dir/MiniOzoneClusterImpl-30c42134-6f07-4454-8a06-c8ace9e9986b/datanode-2/data/ratis/13ad82ce-4947-4585-bfde-68d461e2611d/in_use.lock acquired by nodename 13127@fv-az203-824
2022-09-28 15:51:51,819 [pool-119-thread-1] INFO  storage.RaftStorage (RaftStorageImpl.java:format(89)) - Storage directory /home/runner/work/ozone/ozone/hadoop-ozone/integration-test/target/test-dir/MiniOzoneClusterImpl-30c42134-6f07-4454-8a06-c8ace9e9986b/datanode-2/data/ratis/13ad82ce-4947-4585-bfde-68d461e2611d has been successfully formatted.
2022-09-28 15:51:51,820 [pool-119-thread-1] INFO  ratis.ContainerStateMachine (ContainerStateMachine.java:loadSnapshot(236)) - group-68D461E2611D: The snapshot info is null. Setting the last applied indexto:(t:0, i:~)
2022-09-28 15:51:51,820 [pool-119-thread-1] INFO  server.RaftServerConfigKeys (ConfUtils.java:logGet(46)) - raft.server.notification.no-leader.timeout = 300s (custom)
2022-09-28 15:51:51,820 [pool-119-thread-1] INFO  server.RaftServerConfigKeys (ConfUtils.java:logGet(46)) - raft.server.log.use.memory = false (default)
2022-09-28 15:51:51,820 [pool-119-thread-1] INFO  server.RaftServerConfigKeys (ConfUtils.java:logGet(46)) - raft.server.log.purge.gap = 1000000 (custom)
2022-09-28 15:51:51,820 [pool-119-thread-1] INFO  server.RaftServerConfigKeys (ConfUtils.java:logGet(46)) - raft.server.log.appender.buffer.byte-limit = 33554432 (custom)
2022-09-28 15:51:51,820 [pool-119-thread-1] INFO  server.RaftServerConfigKeys (ConfUtils.java:logGet(46)) - raft.server.log.statemachine.data.read.timeout = 1000ms (default)
2022-09-28 15:51:51,820 [pool-119-thread-1] INFO  server.RaftServerConfigKeys (ConfUtils.java:logGet(46)) - raft.server.log.segment.size.max = 1048576 (custom)
2022-09-28 15:51:51,820 [pool-119-thread-1] INFO  server.RaftServerConfigKeys (ConfUtils.java:logGet(46)) - raft.server.log.segment.cache.num.max = 2 (custom)
2022-09-28 15:51:51,821 [pool-119-thread-1] INFO  server.RaftServerConfigKeys (ConfUtils.java:logGet(46)) - raft.server.log.segment.cache.size.max = 200MB (=209715200) (default)
2022-09-28 15:51:51,821 [pool-119-thread-1] INFO  segmented.SegmentedRaftLogWorker (SegmentedRaftLogWorker.java:<init>(187)) - new f339b530-8901-434d-bf68-81dd9354474d@group-68D461E2611D-SegmentedRaftLogWorker for RaftStorageImpl:Storage Directory /home/runner/work/ozone/ozone/hadoop-ozone/integration-test/target/test-dir/MiniOzoneClusterImpl-30c42134-6f07-4454-8a06-c8ace9e9986b/datanode-2/data/ratis/13ad82ce-4947-4585-bfde-68d461e2611d
2022-09-28 15:51:51,821 [pool-119-thread-1] INFO  server.RaftServerConfigKeys (ConfUtils.java:logGet(46)) - raft.server.log.queue.byte-limit = 4294967296 (custom)
2022-09-28 15:51:51,821 [pool-119-thread-1] INFO  server.RaftServerConfigKeys (ConfUtils.java:logGet(46)) - raft.server.log.queue.element-limit = 1024 (custom)
2022-09-28 15:51:51,821 [pool-119-thread-1] INFO  server.RaftServerConfigKeys (ConfUtils.java:logGet(46)) - raft.server.log.segment.size.max = 1048576 (custom)
2022-09-28 15:51:51,821 [pool-119-thread-1] INFO  server.RaftServerConfigKeys (ConfUtils.java:logGet(46)) - raft.server.log.preallocated.size = 16384 (custom)
2022-09-28 15:51:51,821 [pool-119-thread-1] INFO  server.RaftServerConfigKeys (ConfUtils.java:logGet(46)) - raft.server.log.force.sync.num = 128 (default)
2022-09-28 15:51:51,821 [pool-119-thread-1] INFO  server.RaftServerConfigKeys (ConfUtils.java:logGet(46)) - raft.server.log.statemachine.data.sync = true (default)
2022-09-28 15:51:51,821 [pool-119-thread-1] INFO  server.RaftServerConfigKeys (ConfUtils.java:logGet(46)) - raft.server.log.statemachine.data.sync.timeout = 10s (default)
2022-09-28 15:51:51,821 [pool-119-thread-1] INFO  server.RaftServerConfigKeys (ConfUtils.java:logGet(46)) - raft.server.log.statemachine.data.sync.timeout.retry = -1 (default)
2022-09-28 15:51:51,822 [pool-119-thread-1] INFO  server.RaftServerConfigKeys (ConfUtils.java:logGet(46)) - raft.server.log.write.buffer.size = 1048576 (custom)
2022-09-28 15:51:51,822 [pool-119-thread-1] INFO  server.RaftServerConfigKeys (ConfUtils.java:logGet(46)) - raft.server.log.unsafe-flush.enabled = false (default)
2022-09-28 15:51:51,822 [pool-119-thread-1] INFO  server.RaftServerConfigKeys (ConfUtils.java:logGet(46)) - raft.server.log.statemachine.data.caching.enabled = true (custom)
2022-09-28 15:51:51,823 [pool-119-thread-1] INFO  segmented.SegmentedRaftLogWorker (SegmentedRaftLogWorker.java:lambda$new$0(135)) - f339b530-8901-434d-bf68-81dd9354474d@group-68D461E2611D-SegmentedRaftLogWorker: flushIndex: setUnconditionally 0 -> -1
2022-09-28 15:51:51,823 [pool-119-thread-1] INFO  segmented.SegmentedRaftLogWorker (SegmentedRaftLogWorker.java:lambda$new$0(135)) - f339b530-8901-434d-bf68-81dd9354474d@group-68D461E2611D-SegmentedRaftLogWorker: safeCacheEvictIndex: setUnconditionally 0 -> -1
2022-09-28 15:51:51,828 [pool-119-thread-1] INFO  server.RaftServerConfigKeys (ConfUtils.java:logGet(46)) - raft.server.snapshot.auto.trigger.enabled = true (custom)
2022-09-28 15:51:51,832 [pool-119-thread-1] INFO  server.RaftServerConfigKeys (ConfUtils.java:logGet(46)) - raft.server.snapshot.auto.trigger.threshold = 10000 (custom)
2022-09-28 15:51:51,832 [pool-119-thread-1] INFO  server.RaftServerConfigKeys (ConfUtils.java:logGet(46)) - raft.server.snapshot.retention.file.num = 5 (custom)
2022-09-28 15:51:51,832 [pool-119-thread-1] INFO  server.RaftServerConfigKeys (ConfUtils.java:logGet(46)) - raft.server.log.purge.upto.snapshot.index = false (default)
2022-09-28 15:51:51,832 [pool-119-thread-1] INFO  server.RaftServerConfigKeys (ConfUtils.java:logGet(46)) - raft.server.retrycache.expirytime = 600000ms (custom)
2022-09-28 15:51:51,832 [pool-119-thread-1] INFO  server.RaftServerConfigKeys (ConfUtils.java:logGet(46)) - raft.server.retrycache.statistics.expirytime = 100μs (default)
2022-09-28 15:51:51,833 [pool-119-thread-1] INFO  server.RaftServerConfigKeys (ConfUtils.java:logGet(46)) - raft.server.log.appender.install.snapshot.enabled = false (custom)
2022-09-28 15:51:51,833 [pool-119-thread-1] INFO  server.RaftServerConfigKeys (ConfUtils.java:logGet(46)) - raft.server.threadpool.server.cached = true (default)
2022-09-28 15:51:51,830 [EventQueue-PipelineReportForPipelineReportHandler] INFO  pipeline.PipelineManagerImpl (PipelineManagerImpl.java:openPipeline(367)) - Pipeline Pipeline[ Id: 13ad82ce-4947-4585-bfde-68d461e2611d, Nodes: f339b530-8901-434d-bf68-81dd9354474d{ip: 10.1.1.55, host: fv-az203-824.ild0l4k5vsluppoevu2oqvhmda.cx.internal.cloudapp.net, ports: [REPLICATION=39813, RATIS=43271, RATIS_ADMIN=43271, RATIS_SERVER=43271, STANDALONE=35249], networkLocation: /default-rack, certSerialId: null, persistedOpState: IN_SERVICE, persistedOpStateExpiryEpochSec: 0}, ReplicationConfig: RATIS/ONE, State:ALLOCATED, leaderId:f339b530-8901-434d-bf68-81dd9354474d, CreationTimestamp2022-09-28T15:51:48.798Z[Etc/UTC]] moved to OPEN state
2022-09-28 15:51:51,833 [pool-119-thread-1] INFO  server.RaftServerConfigKeys (ConfUtils.java:logGet(46)) - raft.server.threadpool.server.size = 0 (default)
2022-09-28 15:51:51,833 [pool-119-thread-1] INFO  server.RaftServerConfigKeys (ConfUtils.java:logGet(46)) - raft.server.threadpool.client.cached = true (default)
2022-09-28 15:51:51,833 [pool-119-thread-1] INFO  server.RaftServerConfigKeys (ConfUtils.java:logGet(46)) - raft.server.threadpool.client.size = 0 (default)
2022-09-28 15:51:51,833 [pool-119-thread-1] INFO  server.RaftServer$Division (RaftServerImpl.java:start(310)) - f339b530-8901-434d-bf68-81dd9354474d@group-C34DF4F8E5E8: start as a follower, conf=-1: [f339b530-8901-434d-bf68-81dd9354474d|rpc:10.1.1.55:43271|dataStream:|priority:0, a57096d8-e38a-49fa-bac6-11df32f34a10|rpc:10.1.1.55:35365|dataStream:|priority:0, 8d8147bd-34a3-4093-acb2-725bd7232b45|rpc:10.1.1.55:42719|dataStream:|priority:1], old=null
2022-09-28 15:51:51,833 [pool-119-thread-1] INFO  server.RaftServer$Division (RaftServerImpl.java:setRole(299)) - f339b530-8901-434d-bf68-81dd9354474d@group-C34DF4F8E5E8: changes role from      null to FOLLOWER at term 0 for startAsFollower
2022-09-28 15:51:51,833 [pool-119-thread-1] INFO  impl.RoleInfo (RoleInfo.java:updateAndGet(139)) - f339b530-8901-434d-bf68-81dd9354474d: start f339b530-8901-434d-bf68-81dd9354474d@group-C34DF4F8E5E8-FollowerState
2022-09-28 15:51:51,833 [EventQueue-OpenPipelineForHealthyPipelineSafeModeRule] INFO  safemode.SCMSafeModeManager (HealthyPipelineSafeModeRule.java:process(137)) - SCM in safe mode. Healthy pipelines reported count is 0, required healthy pipeline reported count is 1
2022-09-28 15:51:51,833 [pool-119-thread-1] INFO  util.JmxRegister (JmxRegister.java:tryRegister(44)) - Successfully registered JMX Bean with object name Ratis:service=RaftServer,group=group-C34DF4F8E5E8,id=f339b530-8901-434d-bf68-81dd9354474d
2022-09-28 15:51:51,842 [pool-119-thread-1] INFO  server.RaftServer$Division (RaftServerImpl.java:start(310)) - f339b530-8901-434d-bf68-81dd9354474d@group-68D461E2611D: start as a follower, conf=-1: [f339b530-8901-434d-bf68-81dd9354474d|rpc:10.1.1.55:43271|priority:1], old=null
2022-09-28 15:51:51,842 [pool-119-thread-1] INFO  server.RaftServer$Division (RaftServerImpl.java:setRole(299)) - f339b530-8901-434d-bf68-81dd9354474d@group-68D461E2611D: changes role from      null to FOLLOWER at term 0 for startAsFollower
2022-09-28 15:51:51,842 [pool-119-thread-1] INFO  impl.RoleInfo (RoleInfo.java:updateAndGet(139)) - f339b530-8901-434d-bf68-81dd9354474d: start f339b530-8901-434d-bf68-81dd9354474d@group-68D461E2611D-FollowerState
2022-09-28 15:51:51,847 [pool-119-thread-1] INFO  util.JmxRegister (JmxRegister.java:tryRegister(44)) - Successfully registered JMX Bean with object name Ratis:service=RaftServer,group=group-68D461E2611D,id=f339b530-8901-434d-bf68-81dd9354474d
2022-09-28 15:51:51,849 [Command processor thread] INFO  ratis.XceiverServerRatis (XceiverServerRatis.java:addGroup(765)) - Created group PipelineID=13ad82ce-4947-4585-bfde-68d461e2611d
2022-09-28 15:51:51,849 [Command processor thread] INFO  commandhandler.CreatePipelineCommandHandler (CreatePipelineCommandHandler.java:handle(113)) - Created Pipeline RATIS ONE PipelineID=13ad82ce-4947-4585-bfde-68d461e2611d.
2022-09-28 15:51:51,860 [Command processor thread] INFO  commandhandler.CreatePipelineCommandHandler (CreatePipelineCommandHandler.java:handle(113)) - Created Pipeline RATIS THREE PipelineID=3c7f63f1-00ab-42a1-823d-c34df4f8e5e8.
2022-09-28 15:51:51,882 [Command processor thread] INFO  commandhandler.CreatePipelineCommandHandler (CreatePipelineCommandHandler.java:handle(113)) - Created Pipeline RATIS THREE PipelineID=3c7f63f1-00ab-42a1-823d-c34df4f8e5e8.
2022-09-28 15:51:52,105 [Command processor thread] INFO  server.RaftServer (RaftServerProxy.java:addNew(96)) - 1acfca65-6d80-4889-a59c-664a8dc895fd: addNew group-24C7F27543CE:[1acfca65-6d80-4889-a59c-664a8dc895fd|rpc:10.1.1.55:40111|priority:1] returns group-24C7F27543CE:java.util.concurrent.CompletableFuture@3ceb023c[Not completed]
2022-09-28 15:51:52,110 [pool-142-thread-1] INFO  server.RaftServer$Division (RaftServerImpl.java:<init>(190)) - 1acfca65-6d80-4889-a59c-664a8dc895fd: new RaftServerImpl for group-24C7F27543CE:[1acfca65-6d80-4889-a59c-664a8dc895fd|rpc:10.1.1.55:40111|priority:1] with ContainerStateMachine:uninitialized
2022-09-28 15:51:52,110 [pool-142-thread-1] INFO  server.RaftServerConfigKeys (ConfUtils.java:logGet(46)) - raft.server.rpc.timeout.min = 5s (custom)
2022-09-28 15:51:52,111 [pool-142-thread-1] INFO  server.RaftServerConfigKeys (ConfUtils.java:logGet(46)) - raft.server.rpc.timeout.max = 5200ms (custom)
2022-09-28 15:51:52,111 [pool-142-thread-1] INFO  server.RaftServerConfigKeys (ConfUtils.java:logGet(46)) - raft.server.rpc.sleep.time = 25ms (default)
2022-09-28 15:51:52,111 [pool-142-thread-1] INFO  server.RaftServerConfigKeys (ConfUtils.java:logGet(46)) - raft.server.rpc.slowness.timeout = 300s (custom)
2022-09-28 15:51:52,111 [pool-142-thread-1] INFO  server.RaftServerConfigKeys (ConfUtils.java:logGet(46)) - raft.server.leaderelection.leader.step-down.wait-time = 10s (default)
2022-09-28 15:51:52,111 [pool-142-thread-1] INFO  server.RaftServerConfigKeys (ConfUtils.java:logGet(46)) - raft.server.sleep.deviation.threshold = 300ms (default)
2022-09-28 15:51:52,111 [pool-142-thread-1] INFO  server.RaftServer$Division (ServerState.java:<init>(107)) - 1acfca65-6d80-4889-a59c-664a8dc895fd@group-24C7F27543CE: ConfigurationManager, init=-1: [1acfca65-6d80-4889-a59c-664a8dc895fd|rpc:10.1.1.55:40111|priority:1], old=null, confs=<EMPTY_MAP>
2022-09-28 15:51:52,111 [pool-142-thread-1] INFO  server.RaftServerConfigKeys (ConfUtils.java:logGet(46)) - raft.server.storage.dir = [/home/runner/work/ozone/ozone/hadoop-ozone/integration-test/target/test-dir/MiniOzoneClusterImpl-30c42134-6f07-4454-8a06-c8ace9e9986b/datanode-3/data/ratis] (custom)
2022-09-28 15:51:52,111 [pool-142-thread-1] INFO  server.RaftServerConfigKeys (ConfUtils.java:logGet(46)) - raft.server.log.corruption.policy = EXCEPTION (default)
2022-09-28 15:51:52,111 [pool-142-thread-1] INFO  server.RaftServerConfigKeys (ConfUtils.java:logGet(46)) - raft.server.storage.free-space.min = 0MB (=0) (default)
2022-09-28 15:51:52,111 [pool-142-thread-1] INFO  storage.RaftStorageDirectory (RaftStorageDirectoryImpl.java:analyzeStorage(135)) - The storage directory /home/runner/work/ozone/ozone/hadoop-ozone/integration-test/target/test-dir/MiniOzoneClusterImpl-30c42134-6f07-4454-8a06-c8ace9e9986b/datanode-3/data/ratis/b540b1f4-9ba6-4b1d-b1c7-24c7f27543ce does not exist. Creating ...
2022-09-28 15:51:52,112 [pool-142-thread-1] INFO  storage.RaftStorageDirectory (RaftStorageDirectoryImpl.java:tryLock(230)) - Lock on /home/runner/work/ozone/ozone/hadoop-ozone/integration-test/target/test-dir/MiniOzoneClusterImpl-30c42134-6f07-4454-8a06-c8ace9e9986b/datanode-3/data/ratis/b540b1f4-9ba6-4b1d-b1c7-24c7f27543ce/in_use.lock acquired by nodename 13127@fv-az203-824
2022-09-28 15:51:52,114 [pool-142-thread-1] INFO  storage.RaftStorage (RaftStorageImpl.java:format(89)) - Storage directory /home/runner/work/ozone/ozone/hadoop-ozone/integration-test/target/test-dir/MiniOzoneClusterImpl-30c42134-6f07-4454-8a06-c8ace9e9986b/datanode-3/data/ratis/b540b1f4-9ba6-4b1d-b1c7-24c7f27543ce has been successfully formatted.
2022-09-28 15:51:52,115 [pool-142-thread-1] INFO  ratis.ContainerStateMachine (ContainerStateMachine.java:loadSnapshot(236)) - group-24C7F27543CE: The snapshot info is null. Setting the last applied indexto:(t:0, i:~)
2022-09-28 15:51:52,116 [pool-142-thread-1] INFO  server.RaftServerConfigKeys (ConfUtils.java:logGet(46)) - raft.server.notification.no-leader.timeout = 300s (custom)
2022-09-28 15:51:52,116 [pool-142-thread-1] INFO  server.RaftServerConfigKeys (ConfUtils.java:logGet(46)) - raft.server.log.use.memory = false (default)
2022-09-28 15:51:52,116 [pool-142-thread-1] INFO  server.RaftServerConfigKeys (ConfUtils.java:logGet(46)) - raft.server.log.purge.gap = 1000000 (custom)
2022-09-28 15:51:52,116 [pool-142-thread-1] INFO  server.RaftServerConfigKeys (ConfUtils.java:logGet(46)) - raft.server.log.appender.buffer.byte-limit = 33554432 (custom)
2022-09-28 15:51:52,116 [pool-142-thread-1] INFO  server.RaftServerConfigKeys (ConfUtils.java:logGet(46)) - raft.server.log.statemachine.data.read.timeout = 1000ms (default)
2022-09-28 15:51:52,116 [pool-142-thread-1] INFO  server.RaftServerConfigKeys (ConfUtils.java:logGet(46)) - raft.server.log.segment.size.max = 1048576 (custom)
2022-09-28 15:51:52,116 [pool-142-thread-1] INFO  server.RaftServerConfigKeys (ConfUtils.java:logGet(46)) - raft.server.log.segment.cache.num.max = 2 (custom)
2022-09-28 15:51:52,116 [pool-142-thread-1] INFO  server.RaftServerConfigKeys (ConfUtils.java:logGet(46)) - raft.server.log.segment.cache.size.max = 200MB (=209715200) (default)
2022-09-28 15:51:52,116 [pool-142-thread-1] INFO  segmented.SegmentedRaftLogWorker (SegmentedRaftLogWorker.java:<init>(187)) - new 1acfca65-6d80-4889-a59c-664a8dc895fd@group-24C7F27543CE-SegmentedRaftLogWorker for RaftStorageImpl:Storage Directory /home/runner/work/ozone/ozone/hadoop-ozone/integration-test/target/test-dir/MiniOzoneClusterImpl-30c42134-6f07-4454-8a06-c8ace9e9986b/datanode-3/data/ratis/b540b1f4-9ba6-4b1d-b1c7-24c7f27543ce
2022-09-28 15:51:52,116 [pool-142-thread-1] INFO  server.RaftServerConfigKeys (ConfUtils.java:logGet(46)) - raft.server.log.queue.byte-limit = 4294967296 (custom)
2022-09-28 15:51:52,116 [pool-142-thread-1] INFO  server.RaftServerConfigKeys (ConfUtils.java:logGet(46)) - raft.server.log.queue.element-limit = 1024 (custom)
2022-09-28 15:51:52,117 [pool-142-thread-1] INFO  server.RaftServerConfigKeys (ConfUtils.java:logGet(46)) - raft.server.log.segment.size.max = 1048576 (custom)
2022-09-28 15:51:52,117 [pool-142-thread-1] INFO  server.RaftServerConfigKeys (ConfUtils.java:logGet(46)) - raft.server.log.preallocated.size = 16384 (custom)
2022-09-28 15:51:52,117 [pool-142-thread-1] INFO  server.RaftServerConfigKeys (ConfUtils.java:logGet(46)) - raft.server.log.force.sync.num = 128 (default)
2022-09-28 15:51:52,117 [pool-142-thread-1] INFO  server.RaftServerConfigKeys (ConfUtils.java:logGet(46)) - raft.server.log.statemachine.data.sync = true (default)
2022-09-28 15:51:52,117 [pool-142-thread-1] INFO  server.RaftServerConfigKeys (ConfUtils.java:logGet(46)) - raft.server.log.statemachine.data.sync.timeout = 10s (default)
2022-09-28 15:51:52,117 [pool-142-thread-1] INFO  server.RaftServerConfigKeys (ConfUtils.java:logGet(46)) - raft.server.log.statemachine.data.sync.timeout.retry = -1 (default)
2022-09-28 15:51:52,117 [pool-142-thread-1] INFO  server.RaftServerConfigKeys (ConfUtils.java:logGet(46)) - raft.server.log.write.buffer.size = 1048576 (custom)
2022-09-28 15:51:52,118 [pool-142-thread-1] INFO  server.RaftServerConfigKeys (ConfUtils.java:logGet(46)) - raft.server.log.unsafe-flush.enabled = false (default)
2022-09-28 15:51:52,118 [pool-142-thread-1] INFO  server.RaftServerConfigKeys (ConfUtils.java:logGet(46)) - raft.server.log.statemachine.data.caching.enabled = true (custom)
2022-09-28 15:51:52,118 [pool-142-thread-1] INFO  segmented.SegmentedRaftLogWorker (SegmentedRaftLogWorker.java:lambda$new$0(135)) - 1acfca65-6d80-4889-a59c-664a8dc895fd@group-24C7F27543CE-SegmentedRaftLogWorker: flushIndex: setUnconditionally 0 -> -1
2022-09-28 15:51:52,118 [pool-142-thread-1] INFO  segmented.SegmentedRaftLogWorker (SegmentedRaftLogWorker.java:lambda$new$0(135)) - 1acfca65-6d80-4889-a59c-664a8dc895fd@group-24C7F27543CE-SegmentedRaftLogWorker: safeCacheEvictIndex: setUnconditionally 0 -> -1
2022-09-28 15:51:52,120 [pool-142-thread-1] INFO  server.RaftServerConfigKeys (ConfUtils.java:logGet(46)) - raft.server.snapshot.auto.trigger.enabled = true (custom)
2022-09-28 15:51:52,121 [EventQueue-PipelineReportForPipelineReportHandler] INFO  pipeline.PipelineManagerImpl (PipelineManagerImpl.java:openPipeline(367)) - Pipeline Pipeline[ Id: b540b1f4-9ba6-4b1d-b1c7-24c7f27543ce, Nodes: 1acfca65-6d80-4889-a59c-664a8dc895fd{ip: 10.1.1.55, host: fv-az203-824.ild0l4k5vsluppoevu2oqvhmda.cx.internal.cloudapp.net, ports: [REPLICATION=34881, RATIS=40111, RATIS_ADMIN=40111, RATIS_SERVER=40111, STANDALONE=43681], networkLocation: /default-rack, certSerialId: null, persistedOpState: IN_SERVICE, persistedOpStateExpiryEpochSec: 0}, ReplicationConfig: RATIS/ONE, State:ALLOCATED, leaderId:1acfca65-6d80-4889-a59c-664a8dc895fd, CreationTimestamp2022-09-28T15:51:49.108Z[Etc/UTC]] moved to OPEN state
2022-09-28 15:51:52,122 [EventQueue-OpenPipelineForHealthyPipelineSafeModeRule] INFO  safemode.SCMSafeModeManager (HealthyPipelineSafeModeRule.java:process(137)) - SCM in safe mode. Healthy pipelines reported count is 0, required healthy pipeline reported count is 1
2022-09-28 15:51:52,122 [pool-142-thread-1] INFO  server.RaftServerConfigKeys (ConfUtils.java:logGet(46)) - raft.server.snapshot.auto.trigger.threshold = 10000 (custom)
2022-09-28 15:51:52,123 [pool-142-thread-1] INFO  server.RaftServerConfigKeys (ConfUtils.java:logGet(46)) - raft.server.snapshot.retention.file.num = 5 (custom)
2022-09-28 15:51:52,123 [pool-142-thread-1] INFO  server.RaftServerConfigKeys (ConfUtils.java:logGet(46)) - raft.server.log.purge.upto.snapshot.index = false (default)
2022-09-28 15:51:52,123 [pool-142-thread-1] INFO  server.RaftServerConfigKeys (ConfUtils.java:logGet(46)) - raft.server.retrycache.expirytime = 600000ms (custom)
2022-09-28 15:51:52,123 [pool-142-thread-1] INFO  server.RaftServerConfigKeys (ConfUtils.java:logGet(46)) - raft.server.retrycache.statistics.expirytime = 100μs (default)
2022-09-28 15:51:52,124 [pool-142-thread-1] INFO  server.RaftServerConfigKeys (ConfUtils.java:logGet(46)) - raft.server.log.appender.install.snapshot.enabled = false (custom)
2022-09-28 15:51:52,124 [pool-142-thread-1] INFO  server.RaftServerConfigKeys (ConfUtils.java:logGet(46)) - raft.server.threadpool.server.cached = true (default)
2022-09-28 15:51:52,124 [pool-142-thread-1] INFO  server.RaftServerConfigKeys (ConfUtils.java:logGet(46)) - raft.server.threadpool.server.size = 0 (default)
2022-09-28 15:51:52,124 [pool-142-thread-1] INFO  server.RaftServerConfigKeys (ConfUtils.java:logGet(46)) - raft.server.threadpool.client.cached = true (default)
2022-09-28 15:51:52,124 [pool-142-thread-1] INFO  server.RaftServerConfigKeys (ConfUtils.java:logGet(46)) - raft.server.threadpool.client.size = 0 (default)
2022-09-28 15:51:52,124 [pool-142-thread-1] INFO  server.RaftServer$Division (RaftServerImpl.java:start(310)) - 1acfca65-6d80-4889-a59c-664a8dc895fd@group-24C7F27543CE: start as a follower, conf=-1: [1acfca65-6d80-4889-a59c-664a8dc895fd|rpc:10.1.1.55:40111|priority:1], old=null
2022-09-28 15:51:52,124 [pool-142-thread-1] INFO  server.RaftServer$Division (RaftServerImpl.java:setRole(299)) - 1acfca65-6d80-4889-a59c-664a8dc895fd@group-24C7F27543CE: changes role from      null to FOLLOWER at term 0 for startAsFollower
2022-09-28 15:51:52,124 [pool-142-thread-1] INFO  impl.RoleInfo (RoleInfo.java:updateAndGet(139)) - 1acfca65-6d80-4889-a59c-664a8dc895fd: start 1acfca65-6d80-4889-a59c-664a8dc895fd@group-24C7F27543CE-FollowerState
2022-09-28 15:51:52,125 [pool-142-thread-1] INFO  util.JmxRegister (JmxRegister.java:tryRegister(44)) - Successfully registered JMX Bean with object name Ratis:service=RaftServer,group=group-24C7F27543CE,id=1acfca65-6d80-4889-a59c-664a8dc895fd
2022-09-28 15:51:52,127 [Command processor thread] INFO  ratis.XceiverServerRatis (XceiverServerRatis.java:addGroup(765)) - Created group PipelineID=b540b1f4-9ba6-4b1d-b1c7-24c7f27543ce
2022-09-28 15:51:52,127 [Command processor thread] INFO  commandhandler.CreatePipelineCommandHandler (CreatePipelineCommandHandler.java:handle(113)) - Created Pipeline RATIS ONE PipelineID=b540b1f4-9ba6-4b1d-b1c7-24c7f27543ce.
2022-09-28 15:51:52,420 [Listener at 127.0.0.1/36317] INFO  ozone.MiniOzoneClusterImpl (MiniOzoneClusterImpl.java:lambda$waitForClusterToBeReady$0(216)) - Nodes are ready. Got 5 of 5 DN Heartbeats.
2022-09-28 15:51:52,420 [Listener at 127.0.0.1/36317] INFO  ozone.MiniOzoneClusterImpl (MiniOzoneClusterImpl.java:lambda$waitForClusterToBeReady$0(219)) - Waiting for cluster to exit safe mode
2022-09-28 15:51:52,420 [Listener at 127.0.0.1/36317] INFO  ozone.MiniOzoneClusterImpl (MiniOzoneClusterImpl.java:lambda$waitForClusterToBeReady$0(221)) - SCM became leader
2022-09-28 15:51:52,426 [Command processor thread] INFO  server.RaftServer (RaftServerProxy.java:addNew(96)) - d5a766ab-0838-4788-add0-62384b7c253e: addNew group-13A077C36C46:[d5a766ab-0838-4788-add0-62384b7c253e|rpc:10.1.1.55:44335|priority:1] returns group-13A077C36C46:java.util.concurrent.CompletableFuture@64b42af2[Not completed]
2022-09-28 15:51:52,433 [pool-165-thread-1] INFO  server.RaftServer$Division (RaftServerImpl.java:<init>(190)) - d5a766ab-0838-4788-add0-62384b7c253e: new RaftServerImpl for group-13A077C36C46:[d5a766ab-0838-4788-add0-62384b7c253e|rpc:10.1.1.55:44335|priority:1] with ContainerStateMachine:uninitialized
2022-09-28 15:51:52,433 [pool-165-thread-1] INFO  server.RaftServerConfigKeys (ConfUtils.java:logGet(46)) - raft.server.rpc.timeout.min = 5s (custom)
2022-09-28 15:51:52,433 [pool-165-thread-1] INFO  server.RaftServerConfigKeys (ConfUtils.java:logGet(46)) - raft.server.rpc.timeout.max = 5200ms (custom)
2022-09-28 15:51:52,433 [pool-165-thread-1] INFO  server.RaftServerConfigKeys (ConfUtils.java:logGet(46)) - raft.server.rpc.sleep.time = 25ms (default)
2022-09-28 15:51:52,433 [pool-165-thread-1] INFO  server.RaftServerConfigKeys (ConfUtils.java:logGet(46)) - raft.server.rpc.slowness.timeout = 300s (custom)
2022-09-28 15:51:52,433 [pool-165-thread-1] INFO  server.RaftServerConfigKeys (ConfUtils.java:logGet(46)) - raft.server.leaderelection.leader.step-down.wait-time = 10s (default)
2022-09-28 15:51:52,433 [pool-165-thread-1] INFO  server.RaftServerConfigKeys (ConfUtils.java:logGet(46)) - raft.server.sleep.deviation.threshold = 300ms (default)
2022-09-28 15:51:52,433 [pool-165-thread-1] INFO  server.RaftServer$Division (ServerState.java:<init>(107)) - d5a766ab-0838-4788-add0-62384b7c253e@group-13A077C36C46: ConfigurationManager, init=-1: [d5a766ab-0838-4788-add0-62384b7c253e|rpc:10.1.1.55:44335|priority:1], old=null, confs=<EMPTY_MAP>
2022-09-28 15:51:52,433 [pool-165-thread-1] INFO  server.RaftServerConfigKeys (ConfUtils.java:logGet(46)) - raft.server.storage.dir = [/home/runner/work/ozone/ozone/hadoop-ozone/integration-test/target/test-dir/MiniOzoneClusterImpl-30c42134-6f07-4454-8a06-c8ace9e9986b/datanode-4/data/ratis] (custom)
2022-09-28 15:51:52,433 [pool-165-thread-1] INFO  server.RaftServerConfigKeys (ConfUtils.java:logGet(46)) - raft.server.log.corruption.policy = EXCEPTION (default)
2022-09-28 15:51:52,433 [pool-165-thread-1] INFO  server.RaftServerConfigKeys (ConfUtils.java:logGet(46)) - raft.server.storage.free-space.min = 0MB (=0) (default)
2022-09-28 15:51:52,434 [pool-165-thread-1] INFO  storage.RaftStorageDirectory (RaftStorageDirectoryImpl.java:analyzeStorage(135)) - The storage directory /home/runner/work/ozone/ozone/hadoop-ozone/integration-test/target/test-dir/MiniOzoneClusterImpl-30c42134-6f07-4454-8a06-c8ace9e9986b/datanode-4/data/ratis/2bec66f3-2a7d-4ba3-84e2-13a077c36c46 does not exist. Creating ...
2022-09-28 15:51:52,435 [pool-165-thread-1] INFO  storage.RaftStorageDirectory (RaftStorageDirectoryImpl.java:tryLock(230)) - Lock on /home/runner/work/ozone/ozone/hadoop-ozone/integration-test/target/test-dir/MiniOzoneClusterImpl-30c42134-6f07-4454-8a06-c8ace9e9986b/datanode-4/data/ratis/2bec66f3-2a7d-4ba3-84e2-13a077c36c46/in_use.lock acquired by nodename 13127@fv-az203-824
2022-09-28 15:51:52,436 [pool-165-thread-1] INFO  storage.RaftStorage (RaftStorageImpl.java:format(89)) - Storage directory /home/runner/work/ozone/ozone/hadoop-ozone/integration-test/target/test-dir/MiniOzoneClusterImpl-30c42134-6f07-4454-8a06-c8ace9e9986b/datanode-4/data/ratis/2bec66f3-2a7d-4ba3-84e2-13a077c36c46 has been successfully formatted.
2022-09-28 15:51:52,438 [pool-165-thread-1] INFO  ratis.ContainerStateMachine (ContainerStateMachine.java:loadSnapshot(236)) - group-13A077C36C46: The snapshot info is null. Setting the last applied indexto:(t:0, i:~)
2022-09-28 15:51:52,438 [pool-165-thread-1] INFO  server.RaftServerConfigKeys (ConfUtils.java:logGet(46)) - raft.server.notification.no-leader.timeout = 300s (custom)
2022-09-28 15:51:52,438 [pool-165-thread-1] INFO  server.RaftServerConfigKeys (ConfUtils.java:logGet(46)) - raft.server.log.use.memory = false (default)
2022-09-28 15:51:52,438 [pool-165-thread-1] INFO  server.RaftServerConfigKeys (ConfUtils.java:logGet(46)) - raft.server.log.purge.gap = 1000000 (custom)
2022-09-28 15:51:52,438 [pool-165-thread-1] INFO  server.RaftServerConfigKeys (ConfUtils.java:logGet(46)) - raft.server.log.appender.buffer.byte-limit = 33554432 (custom)
2022-09-28 15:51:52,438 [pool-165-thread-1] INFO  server.RaftServerConfigKeys (ConfUtils.java:logGet(46)) - raft.server.log.statemachine.data.read.timeout = 1000ms (default)
2022-09-28 15:51:52,438 [pool-165-thread-1] INFO  server.RaftServerConfigKeys (ConfUtils.java:logGet(46)) - raft.server.log.segment.size.max = 1048576 (custom)
2022-09-28 15:51:52,438 [pool-165-thread-1] INFO  server.RaftServerConfigKeys (ConfUtils.java:logGet(46)) - raft.server.log.segment.cache.num.max = 2 (custom)
2022-09-28 15:51:52,438 [pool-165-thread-1] INFO  server.RaftServerConfigKeys (ConfUtils.java:logGet(46)) - raft.server.log.segment.cache.size.max = 200MB (=209715200) (default)
2022-09-28 15:51:52,439 [pool-165-thread-1] INFO  segmented.SegmentedRaftLogWorker (SegmentedRaftLogWorker.java:<init>(187)) - new d5a766ab-0838-4788-add0-62384b7c253e@group-13A077C36C46-SegmentedRaftLogWorker for RaftStorageImpl:Storage Directory /home/runner/work/ozone/ozone/hadoop-ozone/integration-test/target/test-dir/MiniOzoneClusterImpl-30c42134-6f07-4454-8a06-c8ace9e9986b/datanode-4/data/ratis/2bec66f3-2a7d-4ba3-84e2-13a077c36c46
2022-09-28 15:51:52,439 [pool-165-thread-1] INFO  server.RaftServerConfigKeys (ConfUtils.java:logGet(46)) - raft.server.log.queue.byte-limit = 4294967296 (custom)
2022-09-28 15:51:52,439 [pool-165-thread-1] INFO  server.RaftServerConfigKeys (ConfUtils.java:logGet(46)) - raft.server.log.queue.element-limit = 1024 (custom)
2022-09-28 15:51:52,439 [pool-165-thread-1] INFO  server.RaftServerConfigKeys (ConfUtils.java:logGet(46)) - raft.server.log.segment.size.max = 1048576 (custom)
2022-09-28 15:51:52,439 [pool-165-thread-1] INFO  server.RaftServerConfigKeys (ConfUtils.java:logGet(46)) - raft.server.log.preallocated.size = 16384 (custom)
2022-09-28 15:51:52,439 [pool-165-thread-1] INFO  server.RaftServerConfigKeys (ConfUtils.java:logGet(46)) - raft.server.log.force.sync.num = 128 (default)
2022-09-28 15:51:52,440 [EventQueue-PipelineReportForPipelineReportHandler] INFO  pipeline.PipelineManagerImpl (PipelineManagerImpl.java:openPipeline(367)) - Pipeline Pipeline[ Id: 2bec66f3-2a7d-4ba3-84e2-13a077c36c46, Nodes: d5a766ab-0838-4788-add0-62384b7c253e{ip: 10.1.1.55, host: fv-az203-824.ild0l4k5vsluppoevu2oqvhmda.cx.internal.cloudapp.net, ports: [REPLICATION=44005, RATIS=44335, RATIS_ADMIN=44335, RATIS_SERVER=44335, STANDALONE=42063], networkLocation: /default-rack, certSerialId: null, persistedOpState: IN_SERVICE, persistedOpStateExpiryEpochSec: 0}, ReplicationConfig: RATIS/ONE, State:ALLOCATED, leaderId:d5a766ab-0838-4788-add0-62384b7c253e, CreationTimestamp2022-09-28T15:51:49.429Z[Etc/UTC]] moved to OPEN state
2022-09-28 15:51:52,440 [pool-165-thread-1] INFO  server.RaftServerConfigKeys (ConfUtils.java:logGet(46)) - raft.server.log.statemachine.data.sync = true (default)
2022-09-28 15:51:52,440 [pool-165-thread-1] INFO  server.RaftServerConfigKeys (ConfUtils.java:logGet(46)) - raft.server.log.statemachine.data.sync.timeout = 10s (default)
2022-09-28 15:51:52,440 [pool-165-thread-1] INFO  server.RaftServerConfigKeys (ConfUtils.java:logGet(46)) - raft.server.log.statemachine.data.sync.timeout.retry = -1 (default)
2022-09-28 15:51:52,440 [EventQueue-OpenPipelineForHealthyPipelineSafeModeRule] INFO  safemode.SCMSafeModeManager (HealthyPipelineSafeModeRule.java:process(137)) - SCM in safe mode. Healthy pipelines reported count is 0, required healthy pipeline reported count is 1
2022-09-28 15:51:52,441 [pool-165-thread-1] INFO  server.RaftServerConfigKeys (ConfUtils.java:logGet(46)) - raft.server.log.write.buffer.size = 1048576 (custom)
2022-09-28 15:51:52,442 [pool-165-thread-1] INFO  server.RaftServerConfigKeys (ConfUtils.java:logGet(46)) - raft.server.log.unsafe-flush.enabled = false (default)
2022-09-28 15:51:52,442 [pool-165-thread-1] INFO  server.RaftServerConfigKeys (ConfUtils.java:logGet(46)) - raft.server.log.statemachine.data.caching.enabled = true (custom)
2022-09-28 15:51:52,442 [pool-165-thread-1] INFO  segmented.SegmentedRaftLogWorker (SegmentedRaftLogWorker.java:lambda$new$0(135)) - d5a766ab-0838-4788-add0-62384b7c253e@group-13A077C36C46-SegmentedRaftLogWorker: flushIndex: setUnconditionally 0 -> -1
2022-09-28 15:51:52,442 [pool-165-thread-1] INFO  segmented.SegmentedRaftLogWorker (SegmentedRaftLogWorker.java:lambda$new$0(135)) - d5a766ab-0838-4788-add0-62384b7c253e@group-13A077C36C46-SegmentedRaftLogWorker: safeCacheEvictIndex: setUnconditionally 0 -> -1
2022-09-28 15:51:52,442 [pool-165-thread-1] INFO  server.RaftServerConfigKeys (ConfUtils.java:logGet(46)) - raft.server.snapshot.auto.trigger.enabled = true (custom)
2022-09-28 15:51:52,442 [pool-165-thread-1] INFO  server.RaftServerConfigKeys (ConfUtils.java:logGet(46)) - raft.server.snapshot.auto.trigger.threshold = 10000 (custom)
2022-09-28 15:51:52,442 [pool-165-thread-1] INFO  server.RaftServerConfigKeys (ConfUtils.java:logGet(46)) - raft.server.snapshot.retention.file.num = 5 (custom)
2022-09-28 15:51:52,442 [pool-165-thread-1] INFO  server.RaftServerConfigKeys (ConfUtils.java:logGet(46)) - raft.server.log.purge.upto.snapshot.index = false (default)
2022-09-28 15:51:52,442 [pool-165-thread-1] INFO  server.RaftServerConfigKeys (ConfUtils.java:logGet(46)) - raft.server.retrycache.expirytime = 600000ms (custom)
2022-09-28 15:51:52,442 [pool-165-thread-1] INFO  server.RaftServerConfigKeys (ConfUtils.java:logGet(46)) - raft.server.retrycache.statistics.expirytime = 100μs (default)
2022-09-28 15:51:52,443 [pool-165-thread-1] INFO  server.RaftServerConfigKeys (ConfUtils.java:logGet(46)) - raft.server.log.appender.install.snapshot.enabled = false (custom)
2022-09-28 15:51:52,443 [pool-165-thread-1] INFO  server.RaftServerConfigKeys (ConfUtils.java:logGet(46)) - raft.server.threadpool.server.cached = true (default)
2022-09-28 15:51:52,443 [pool-165-thread-1] INFO  server.RaftServerConfigKeys (ConfUtils.java:logGet(46)) - raft.server.threadpool.server.size = 0 (default)
2022-09-28 15:51:52,443 [pool-165-thread-1] INFO  server.RaftServerConfigKeys (ConfUtils.java:logGet(46)) - raft.server.threadpool.client.cached = true (default)
2022-09-28 15:51:52,443 [pool-165-thread-1] INFO  server.RaftServerConfigKeys (ConfUtils.java:logGet(46)) - raft.server.threadpool.client.size = 0 (default)
2022-09-28 15:51:52,443 [pool-165-thread-1] INFO  server.RaftServer$Division (RaftServerImpl.java:start(310)) - d5a766ab-0838-4788-add0-62384b7c253e@group-13A077C36C46: start as a follower, conf=-1: [d5a766ab-0838-4788-add0-62384b7c253e|rpc:10.1.1.55:44335|priority:1], old=null
2022-09-28 15:51:52,444 [pool-165-thread-1] INFO  server.RaftServer$Division (RaftServerImpl.java:setRole(299)) - d5a766ab-0838-4788-add0-62384b7c253e@group-13A077C36C46: changes role from      null to FOLLOWER at term 0 for startAsFollower
2022-09-28 15:51:52,444 [pool-165-thread-1] INFO  impl.RoleInfo (RoleInfo.java:updateAndGet(139)) - d5a766ab-0838-4788-add0-62384b7c253e: start d5a766ab-0838-4788-add0-62384b7c253e@group-13A077C36C46-FollowerState
2022-09-28 15:51:52,444 [pool-165-thread-1] INFO  util.JmxRegister (JmxRegister.java:tryRegister(44)) - Successfully registered JMX Bean with object name Ratis:service=RaftServer,group=group-13A077C36C46,id=d5a766ab-0838-4788-add0-62384b7c253e
2022-09-28 15:51:52,445 [Command processor thread] INFO  ratis.XceiverServerRatis (XceiverServerRatis.java:addGroup(765)) - Created group PipelineID=2bec66f3-2a7d-4ba3-84e2-13a077c36c46
2022-09-28 15:51:52,445 [Command processor thread] INFO  commandhandler.CreatePipelineCommandHandler (CreatePipelineCommandHandler.java:handle(113)) - Created Pipeline RATIS ONE PipelineID=2bec66f3-2a7d-4ba3-84e2-13a077c36c46.
2022-09-28 15:51:53,420 [Listener at 127.0.0.1/36317] INFO  ozone.MiniOzoneClusterImpl (MiniOzoneClusterImpl.java:lambda$waitForClusterToBeReady$0(216)) - Nodes are ready. Got 5 of 5 DN Heartbeats.
2022-09-28 15:51:53,421 [Listener at 127.0.0.1/36317] INFO  ozone.MiniOzoneClusterImpl (MiniOzoneClusterImpl.java:lambda$waitForClusterToBeReady$0(219)) - Waiting for cluster to exit safe mode
2022-09-28 15:51:53,421 [Listener at 127.0.0.1/36317] INFO  ozone.MiniOzoneClusterImpl (MiniOzoneClusterImpl.java:lambda$waitForClusterToBeReady$0(221)) - SCM became leader
2022-09-28 15:51:54,421 [Listener at 127.0.0.1/36317] INFO  ozone.MiniOzoneClusterImpl (MiniOzoneClusterImpl.java:lambda$waitForClusterToBeReady$0(216)) - Nodes are ready. Got 5 of 5 DN Heartbeats.
2022-09-28 15:51:54,421 [Listener at 127.0.0.1/36317] INFO  ozone.MiniOzoneClusterImpl (MiniOzoneClusterImpl.java:lambda$waitForClusterToBeReady$0(219)) - Waiting for cluster to exit safe mode
2022-09-28 15:51:54,421 [Listener at 127.0.0.1/36317] INFO  ozone.MiniOzoneClusterImpl (MiniOzoneClusterImpl.java:lambda$waitForClusterToBeReady$0(221)) - SCM became leader
2022-09-28 15:51:55,422 [Listener at 127.0.0.1/36317] INFO  ozone.MiniOzoneClusterImpl (MiniOzoneClusterImpl.java:lambda$waitForClusterToBeReady$0(216)) - Nodes are ready. Got 5 of 5 DN Heartbeats.
2022-09-28 15:51:55,422 [Listener at 127.0.0.1/36317] INFO  ozone.MiniOzoneClusterImpl (MiniOzoneClusterImpl.java:lambda$waitForClusterToBeReady$0(219)) - Waiting for cluster to exit safe mode
2022-09-28 15:51:55,422 [Listener at 127.0.0.1/36317] INFO  ozone.MiniOzoneClusterImpl (MiniOzoneClusterImpl.java:lambda$waitForClusterToBeReady$0(221)) - SCM became leader
2022-09-28 15:51:56,201 [8d8147bd-34a3-4093-acb2-725bd7232b45@group-4C0325BD5F48-FollowerState] INFO  impl.FollowerState (FollowerState.java:run(143)) - 8d8147bd-34a3-4093-acb2-725bd7232b45@group-4C0325BD5F48-FollowerState: change to CANDIDATE, lastRpcElapsedTime:5097981438ns, electionTimeout:5080ms
2022-09-28 15:51:56,201 [8d8147bd-34a3-4093-acb2-725bd7232b45@group-4C0325BD5F48-FollowerState] INFO  impl.RoleInfo (RoleInfo.java:shutdownFollowerState(110)) - 8d8147bd-34a3-4093-acb2-725bd7232b45: shutdown 8d8147bd-34a3-4093-acb2-725bd7232b45@group-4C0325BD5F48-FollowerState
2022-09-28 15:51:56,201 [8d8147bd-34a3-4093-acb2-725bd7232b45@group-4C0325BD5F48-FollowerState] INFO  server.RaftServer$Division (RaftServerImpl.java:setRole(299)) - 8d8147bd-34a3-4093-acb2-725bd7232b45@group-4C0325BD5F48: changes role from  FOLLOWER to CANDIDATE at term 0 for changeToCandidate
2022-09-28 15:51:56,201 [8d8147bd-34a3-4093-acb2-725bd7232b45@group-4C0325BD5F48-FollowerState] INFO  server.RaftServerConfigKeys (ConfUtils.java:logGet(46)) - raft.server.leaderelection.pre-vote = false (custom)
2022-09-28 15:51:56,201 [8d8147bd-34a3-4093-acb2-725bd7232b45@group-4C0325BD5F48-FollowerState] INFO  impl.RoleInfo (RoleInfo.java:updateAndGet(139)) - 8d8147bd-34a3-4093-acb2-725bd7232b45: start 8d8147bd-34a3-4093-acb2-725bd7232b45@group-4C0325BD5F48-LeaderElection2
2022-09-28 15:51:56,205 [8d8147bd-34a3-4093-acb2-725bd7232b45@group-4C0325BD5F48-LeaderElection2] INFO  impl.LeaderElection (LeaderElection.java:askForVotes(310)) - 8d8147bd-34a3-4093-acb2-725bd7232b45@group-4C0325BD5F48-LeaderElection2 ELECTION round 0: submit vote requests at term 1 for -1: [f339b530-8901-434d-bf68-81dd9354474d|rpc:10.1.1.55:43271|priority:0, a57096d8-e38a-49fa-bac6-11df32f34a10|rpc:10.1.1.55:35365|priority:1, 8d8147bd-34a3-4093-acb2-725bd7232b45|rpc:10.1.1.55:42719|priority:0], old=null
2022-09-28 15:51:56,231 [grpc-default-executor-1] INFO  server.RaftServer$Division (RaftServerImpl.java:requestVote(1152)) - a57096d8-e38a-49fa-bac6-11df32f34a10@group-4C0325BD5F48: receive requestVote(ELECTION, 8d8147bd-34a3-4093-acb2-725bd7232b45, group-4C0325BD5F48, 1, (t:0, i:0))
2022-09-28 15:51:56,233 [grpc-default-executor-1] INFO  impl.VoteContext (VoteContext.java:log(48)) - a57096d8-e38a-49fa-bac6-11df32f34a10@group-4C0325BD5F48-FOLLOWER: reject ELECTION from 8d8147bd-34a3-4093-acb2-725bd7232b45: our priority 1 > candidate's priority 0
2022-09-28 15:51:56,233 [grpc-default-executor-1] INFO  server.RaftServer$Division (RaftServerImpl.java:setRole(299)) - a57096d8-e38a-49fa-bac6-11df32f34a10@group-4C0325BD5F48: changes role from  FOLLOWER to FOLLOWER at term 1 for candidate:8d8147bd-34a3-4093-acb2-725bd7232b45
2022-09-28 15:51:56,233 [grpc-default-executor-1] INFO  impl.RoleInfo (RoleInfo.java:shutdownFollowerState(110)) - a57096d8-e38a-49fa-bac6-11df32f34a10: shutdown a57096d8-e38a-49fa-bac6-11df32f34a10@group-4C0325BD5F48-FollowerState
2022-09-28 15:51:56,233 [grpc-default-executor-1] INFO  impl.RoleInfo (RoleInfo.java:updateAndGet(139)) - a57096d8-e38a-49fa-bac6-11df32f34a10: start a57096d8-e38a-49fa-bac6-11df32f34a10@group-4C0325BD5F48-FollowerState
2022-09-28 15:51:56,233 [a57096d8-e38a-49fa-bac6-11df32f34a10@group-4C0325BD5F48-FollowerState] INFO  impl.FollowerState (FollowerState.java:run(152)) - a57096d8-e38a-49fa-bac6-11df32f34a10@group-4C0325BD5F48-FollowerState was interrupted
2022-09-28 15:51:56,239 [grpc-default-executor-1] INFO  server.RaftServer$Division (RaftServerImpl.java:requestVote(1184)) - a57096d8-e38a-49fa-bac6-11df32f34a10@group-4C0325BD5F48 replies to ELECTION vote request: 8d8147bd-34a3-4093-acb2-725bd7232b45<-a57096d8-e38a-49fa-bac6-11df32f34a10#0:FAIL-t1. Peer's state: a57096d8-e38a-49fa-bac6-11df32f34a10@group-4C0325BD5F48:t1, leader=null, voted=null, raftlog=a57096d8-e38a-49fa-bac6-11df32f34a10@group-4C0325BD5F48-SegmentedRaftLog:OPENED:c-1, conf=-1: [f339b530-8901-434d-bf68-81dd9354474d|rpc:10.1.1.55:43271|priority:0, a57096d8-e38a-49fa-bac6-11df32f34a10|rpc:10.1.1.55:35365|priority:1, 8d8147bd-34a3-4093-acb2-725bd7232b45|rpc:10.1.1.55:42719|priority:0], old=null
2022-09-28 15:51:56,240 [grpc-default-executor-0] INFO  server.RaftServer$Division (RaftServerImpl.java:requestVote(1152)) - f339b530-8901-434d-bf68-81dd9354474d@group-4C0325BD5F48: receive requestVote(ELECTION, 8d8147bd-34a3-4093-acb2-725bd7232b45, group-4C0325BD5F48, 1, (t:0, i:0))
2022-09-28 15:51:56,240 [grpc-default-executor-0] INFO  impl.VoteContext (VoteContext.java:log(48)) - f339b530-8901-434d-bf68-81dd9354474d@group-4C0325BD5F48-FOLLOWER: accept ELECTION from 8d8147bd-34a3-4093-acb2-725bd7232b45: our priority 0 <= candidate's priority 0
2022-09-28 15:51:56,242 [grpc-default-executor-0] INFO  server.RaftServer$Division (RaftServerImpl.java:setRole(299)) - f339b530-8901-434d-bf68-81dd9354474d@group-4C0325BD5F48: changes role from  FOLLOWER to FOLLOWER at term 1 for candidate:8d8147bd-34a3-4093-acb2-725bd7232b45
2022-09-28 15:51:56,242 [grpc-default-executor-0] INFO  impl.RoleInfo (RoleInfo.java:shutdownFollowerState(110)) - f339b530-8901-434d-bf68-81dd9354474d: shutdown f339b530-8901-434d-bf68-81dd9354474d@group-4C0325BD5F48-FollowerState
2022-09-28 15:51:56,242 [grpc-default-executor-0] INFO  impl.RoleInfo (RoleInfo.java:updateAndGet(139)) - f339b530-8901-434d-bf68-81dd9354474d: start f339b530-8901-434d-bf68-81dd9354474d@group-4C0325BD5F48-FollowerState
2022-09-28 15:51:56,242 [f339b530-8901-434d-bf68-81dd9354474d@group-4C0325BD5F48-FollowerState] INFO  impl.FollowerState (FollowerState.java:run(152)) - f339b530-8901-434d-bf68-81dd9354474d@group-4C0325BD5F48-FollowerState was interrupted
2022-09-28 15:51:56,245 [grpc-default-executor-0] INFO  server.RaftServer$Division (RaftServerImpl.java:requestVote(1184)) - f339b530-8901-434d-bf68-81dd9354474d@group-4C0325BD5F48 replies to ELECTION vote request: 8d8147bd-34a3-4093-acb2-725bd7232b45<-f339b530-8901-434d-bf68-81dd9354474d#0:OK-t1. Peer's state: f339b530-8901-434d-bf68-81dd9354474d@group-4C0325BD5F48:t1, leader=null, voted=8d8147bd-34a3-4093-acb2-725bd7232b45, raftlog=f339b530-8901-434d-bf68-81dd9354474d@group-4C0325BD5F48-SegmentedRaftLog:OPENED:c-1, conf=-1: [f339b530-8901-434d-bf68-81dd9354474d|rpc:10.1.1.55:43271|dataStream:|priority:0, a57096d8-e38a-49fa-bac6-11df32f34a10|rpc:10.1.1.55:35365|dataStream:|priority:1, 8d8147bd-34a3-4093-acb2-725bd7232b45|rpc:10.1.1.55:42719|dataStream:|priority:0], old=null
2022-09-28 15:51:56,251 [8d8147bd-34a3-4093-acb2-725bd7232b45@group-4C0325BD5F48-LeaderElection2] INFO  impl.LeaderElection (LeaderElection.java:logAndReturn(90)) - 8d8147bd-34a3-4093-acb2-725bd7232b45@group-4C0325BD5F48-LeaderElection2: ELECTION REJECTED received 1 response(s) and 0 exception(s):
2022-09-28 15:51:56,251 [8d8147bd-34a3-4093-acb2-725bd7232b45@group-4C0325BD5F48-LeaderElection2] INFO  impl.LeaderElection (LeaderElection.java:logAndReturn(94)) -   Response 0: 8d8147bd-34a3-4093-acb2-725bd7232b45<-a57096d8-e38a-49fa-bac6-11df32f34a10#0:FAIL-t1
2022-09-28 15:51:56,251 [8d8147bd-34a3-4093-acb2-725bd7232b45@group-4C0325BD5F48-LeaderElection2] INFO  impl.LeaderElection (LeaderElection.java:askForVotes(312)) - 8d8147bd-34a3-4093-acb2-725bd7232b45@group-4C0325BD5F48-LeaderElection2 ELECTION round 0: result REJECTED
2022-09-28 15:51:56,251 [8d8147bd-34a3-4093-acb2-725bd7232b45@group-4C0325BD5F48-LeaderElection2] INFO  server.RaftServer$Division (RaftServerImpl.java:setRole(299)) - 8d8147bd-34a3-4093-acb2-725bd7232b45@group-4C0325BD5F48: changes role from CANDIDATE to FOLLOWER at term 1 for REJECTED
2022-09-28 15:51:56,251 [8d8147bd-34a3-4093-acb2-725bd7232b45@group-4C0325BD5F48-LeaderElection2] INFO  impl.RoleInfo (RoleInfo.java:shutdownLeaderElection(130)) - 8d8147bd-34a3-4093-acb2-725bd7232b45: shutdown 8d8147bd-34a3-4093-acb2-725bd7232b45@group-4C0325BD5F48-LeaderElection2
2022-09-28 15:51:56,251 [8d8147bd-34a3-4093-acb2-725bd7232b45@group-4C0325BD5F48-LeaderElection2] INFO  impl.RoleInfo (RoleInfo.java:updateAndGet(139)) - 8d8147bd-34a3-4093-acb2-725bd7232b45: start 8d8147bd-34a3-4093-acb2-725bd7232b45@group-4C0325BD5F48-FollowerState
2022-09-28 15:51:56,255 [8d8147bd-34a3-4093-acb2-725bd7232b45@group-1809791783E2-FollowerState] INFO  impl.FollowerState (FollowerState.java:run(143)) - 8d8147bd-34a3-4093-acb2-725bd7232b45@group-1809791783E2-FollowerState: change to CANDIDATE, lastRpcElapsedTime:5193505475ns, electionTimeout:5192ms
2022-09-28 15:51:56,260 [8d8147bd-34a3-4093-acb2-725bd7232b45@group-1809791783E2-FollowerState] INFO  impl.RoleInfo (RoleInfo.java:shutdownFollowerState(110)) - 8d8147bd-34a3-4093-acb2-725bd7232b45: shutdown 8d8147bd-34a3-4093-acb2-725bd7232b45@group-1809791783E2-FollowerState
2022-09-28 15:51:56,260 [8d8147bd-34a3-4093-acb2-725bd7232b45@group-1809791783E2-FollowerState] INFO  server.RaftServer$Division (RaftServerImpl.java:setRole(299)) - 8d8147bd-34a3-4093-acb2-725bd7232b45@group-1809791783E2: changes role from  FOLLOWER to CANDIDATE at term 0 for changeToCandidate
2022-09-28 15:51:56,260 [8d8147bd-34a3-4093-acb2-725bd7232b45@group-1809791783E2-FollowerState] INFO  server.RaftServerConfigKeys (ConfUtils.java:logGet(46)) - raft.server.leaderelection.pre-vote = false (custom)
2022-09-28 15:51:56,260 [8d8147bd-34a3-4093-acb2-725bd7232b45@group-1809791783E2-FollowerState] INFO  impl.RoleInfo (RoleInfo.java:updateAndGet(139)) - 8d8147bd-34a3-4093-acb2-725bd7232b45: start 8d8147bd-34a3-4093-acb2-725bd7232b45@group-1809791783E2-LeaderElection3
2022-09-28 15:51:56,268 [8d8147bd-34a3-4093-acb2-725bd7232b45@group-1809791783E2-LeaderElection3] INFO  impl.LeaderElection (LeaderElection.java:askForVotes(310)) - 8d8147bd-34a3-4093-acb2-725bd7232b45@group-1809791783E2-LeaderElection3 ELECTION round 0: submit vote requests at term 1 for -1: [8d8147bd-34a3-4093-acb2-725bd7232b45|rpc:10.1.1.55:42719|priority:1], old=null
2022-09-28 15:51:56,269 [8d8147bd-34a3-4093-acb2-725bd7232b45@group-1809791783E2-LeaderElection3] INFO  impl.LeaderElection (LeaderElection.java:askForVotes(312)) - 8d8147bd-34a3-4093-acb2-725bd7232b45@group-1809791783E2-LeaderElection3 ELECTION round 0: result PASSED (term=1)
2022-09-28 15:51:56,269 [8d8147bd-34a3-4093-acb2-725bd7232b45@group-1809791783E2-LeaderElection3] INFO  impl.RoleInfo (RoleInfo.java:shutdownLeaderElection(130)) - 8d8147bd-34a3-4093-acb2-725bd7232b45: shutdown 8d8147bd-34a3-4093-acb2-725bd7232b45@group-1809791783E2-LeaderElection3
2022-09-28 15:51:56,269 [8d8147bd-34a3-4093-acb2-725bd7232b45@group-1809791783E2-LeaderElection3] INFO  server.RaftServer$Division (RaftServerImpl.java:setRole(299)) - 8d8147bd-34a3-4093-acb2-725bd7232b45@group-1809791783E2: changes role from CANDIDATE to LEADER at term 1 for changeToLeader
2022-09-28 15:51:56,269 [8d8147bd-34a3-4093-acb2-725bd7232b45@group-1809791783E2-LeaderElection3] INFO  ratis.XceiverServerRatis (XceiverServerRatis.java:handleLeaderChangedNotification(863)) - Leader change notification received for group: group-1809791783E2 with new leaderId: 8d8147bd-34a3-4093-acb2-725bd7232b45
2022-09-28 15:51:56,269 [8d8147bd-34a3-4093-acb2-725bd7232b45@group-1809791783E2-LeaderElection3] INFO  server.RaftServer$Division (ServerState.java:setLeader(287)) - 8d8147bd-34a3-4093-acb2-725bd7232b45@group-1809791783E2: change Leader from null to 8d8147bd-34a3-4093-acb2-725bd7232b45 at term 1 for becomeLeader, leader elected after 5225ms
2022-09-28 15:51:56,269 [8d8147bd-34a3-4093-acb2-725bd7232b45@group-1809791783E2-LeaderElection3] INFO  server.RaftServerConfigKeys (ConfUtils.java:logGet(46)) - raft.server.staging.catchup.gap = 1000 (default)
2022-09-28 15:51:56,271 [EventQueue-OpenPipelineForHealthyPipelineSafeModeRule] INFO  safemode.SCMSafeModeManager (HealthyPipelineSafeModeRule.java:process(137)) - SCM in safe mode. Healthy pipelines reported count is 0, required healthy pipeline reported count is 1
2022-09-28 15:51:56,272 [8d8147bd-34a3-4093-acb2-725bd7232b45@group-1809791783E2-LeaderElection3] INFO  server.RaftServerConfigKeys (ConfUtils.java:logGet(46)) - raft.server.write.element-limit = 1024 (custom)
2022-09-28 15:51:56,272 [8d8147bd-34a3-4093-acb2-725bd7232b45@group-1809791783E2-LeaderElection3] INFO  server.RaftServerConfigKeys (ConfUtils.java:logGet(46)) - raft.server.write.byte-limit = 1024 M (=1073741824) (custom)
2022-09-28 15:51:56,273 [8d8147bd-34a3-4093-acb2-725bd7232b45@group-1809791783E2-LeaderElection3] INFO  server.RaftServerConfigKeys (ConfUtils.java:logGet(46)) - raft.server.watch.timeout = 180s (custom)
2022-09-28 15:51:56,273 [8d8147bd-34a3-4093-acb2-725bd7232b45@group-1809791783E2-LeaderElection3] INFO  server.RaftServerConfigKeys (ConfUtils.java:logGet(46)) - raft.server.watch.timeout.denomination = 1s (default)
2022-09-28 15:51:56,273 [8d8147bd-34a3-4093-acb2-725bd7232b45@group-1809791783E2-LeaderElection3] INFO  server.RaftServerConfigKeys (ConfUtils.java:logGet(46)) - raft.server.watch.element-limit = 65536 (default)
2022-09-28 15:51:56,273 [8d8147bd-34a3-4093-acb2-725bd7232b45@group-1809791783E2-LeaderElection3] INFO  server.RaftServerConfigKeys (ConfUtils.java:logGet(46)) - raft.server.write.element-limit = 1024 (custom)
2022-09-28 15:51:56,273 [8d8147bd-34a3-4093-acb2-725bd7232b45@group-1809791783E2-LeaderElection3] INFO  server.RaftServerConfigKeys (ConfUtils.java:logGet(46)) - raft.server.write.follower.gap.ratio.max = -1.0 (default)
2022-09-28 15:51:56,273 [8d8147bd-34a3-4093-acb2-725bd7232b45@group-1809791783E2-LeaderElection3] INFO  impl.RoleInfo (RoleInfo.java:updateAndGet(139)) - 8d8147bd-34a3-4093-acb2-725bd7232b45: start 8d8147bd-34a3-4093-acb2-725bd7232b45@group-1809791783E2-LeaderStateImpl
2022-09-28 15:51:56,274 [8d8147bd-34a3-4093-acb2-725bd7232b45@group-1809791783E2-LeaderElection3] INFO  segmented.SegmentedRaftLogWorker (SegmentedRaftLogWorker.java:startLogSegment(425)) - 8d8147bd-34a3-4093-acb2-725bd7232b45@group-1809791783E2-SegmentedRaftLogWorker: Starting segment from index:0
2022-09-28 15:51:56,275 [8d8147bd-34a3-4093-acb2-725bd7232b45@group-1809791783E2-LeaderElection3] INFO  server.RaftServer$Division (ServerState.java:setRaftConf(393)) - 8d8147bd-34a3-4093-acb2-725bd7232b45@group-1809791783E2: set configuration 0: [8d8147bd-34a3-4093-acb2-725bd7232b45|rpc:10.1.1.55:42719|dataStream:|priority:1], old=null
2022-09-28 15:51:56,276 [8d8147bd-34a3-4093-acb2-725bd7232b45@group-1809791783E2-SegmentedRaftLogWorker] INFO  segmented.SegmentedRaftLogWorker (SegmentedRaftLogWorker.java:execute(629)) - 8d8147bd-34a3-4093-acb2-725bd7232b45@group-1809791783E2-SegmentedRaftLogWorker: created new log segment /home/runner/work/ozone/ozone/hadoop-ozone/integration-test/target/test-dir/MiniOzoneClusterImpl-30c42134-6f07-4454-8a06-c8ace9e9986b/datanode-0/data/ratis/2b216f67-69fa-4825-8e8c-1809791783e2/current/log_inprogress_0
2022-09-28 15:51:56,423 [Listener at 127.0.0.1/36317] INFO  ozone.MiniOzoneClusterImpl (MiniOzoneClusterImpl.java:lambda$waitForClusterToBeReady$0(216)) - Nodes are ready. Got 5 of 5 DN Heartbeats.
2022-09-28 15:51:56,423 [Listener at 127.0.0.1/36317] INFO  ozone.MiniOzoneClusterImpl (MiniOzoneClusterImpl.java:lambda$waitForClusterToBeReady$0(219)) - Waiting for cluster to exit safe mode
2022-09-28 15:51:56,423 [Listener at 127.0.0.1/36317] INFO  ozone.MiniOzoneClusterImpl (MiniOzoneClusterImpl.java:lambda$waitForClusterToBeReady$0(221)) - SCM became leader
2022-09-28 15:51:56,618 [a57096d8-e38a-49fa-bac6-11df32f34a10@group-4A6FFCBD8ED8-FollowerState] INFO  impl.FollowerState (FollowerState.java:run(143)) - a57096d8-e38a-49fa-bac6-11df32f34a10@group-4A6FFCBD8ED8-FollowerState: change to CANDIDATE, lastRpcElapsedTime:5108748914ns, electionTimeout:5097ms
2022-09-28 15:51:56,619 [a57096d8-e38a-49fa-bac6-11df32f34a10@group-4A6FFCBD8ED8-FollowerState] INFO  impl.RoleInfo (RoleInfo.java:shutdownFollowerState(110)) - a57096d8-e38a-49fa-bac6-11df32f34a10: shutdown a57096d8-e38a-49fa-bac6-11df32f34a10@group-4A6FFCBD8ED8-FollowerState
2022-09-28 15:51:56,619 [a57096d8-e38a-49fa-bac6-11df32f34a10@group-4A6FFCBD8ED8-FollowerState] INFO  server.RaftServer$Division (RaftServerImpl.java:setRole(299)) - a57096d8-e38a-49fa-bac6-11df32f34a10@group-4A6FFCBD8ED8: changes role from  FOLLOWER to CANDIDATE at term 0 for changeToCandidate
2022-09-28 15:51:56,619 [a57096d8-e38a-49fa-bac6-11df32f34a10@group-4A6FFCBD8ED8-FollowerState] INFO  server.RaftServerConfigKeys (ConfUtils.java:logGet(46)) - raft.server.leaderelection.pre-vote = false (custom)
2022-09-28 15:51:56,619 [a57096d8-e38a-49fa-bac6-11df32f34a10@group-4A6FFCBD8ED8-FollowerState] INFO  impl.RoleInfo (RoleInfo.java:updateAndGet(139)) - a57096d8-e38a-49fa-bac6-11df32f34a10: start a57096d8-e38a-49fa-bac6-11df32f34a10@group-4A6FFCBD8ED8-LeaderElection4
2022-09-28 15:51:56,623 [a57096d8-e38a-49fa-bac6-11df32f34a10@group-4A6FFCBD8ED8-LeaderElection4] INFO  impl.LeaderElection (LeaderElection.java:askForVotes(310)) - a57096d8-e38a-49fa-bac6-11df32f34a10@group-4A6FFCBD8ED8-LeaderElection4 ELECTION round 0: submit vote requests at term 1 for -1: [a57096d8-e38a-49fa-bac6-11df32f34a10|rpc:10.1.1.55:35365|priority:1], old=null
2022-09-28 15:51:56,623 [a57096d8-e38a-49fa-bac6-11df32f34a10@group-4A6FFCBD8ED8-LeaderElection4] INFO  impl.LeaderElection (LeaderElection.java:askForVotes(312)) - a57096d8-e38a-49fa-bac6-11df32f34a10@group-4A6FFCBD8ED8-LeaderElection4 ELECTION round 0: result PASSED (term=1)
2022-09-28 15:51:56,623 [a57096d8-e38a-49fa-bac6-11df32f34a10@group-4A6FFCBD8ED8-LeaderElection4] INFO  impl.RoleInfo (RoleInfo.java:shutdownLeaderElection(130)) - a57096d8-e38a-49fa-bac6-11df32f34a10: shutdown a57096d8-e38a-49fa-bac6-11df32f34a10@group-4A6FFCBD8ED8-LeaderElection4
2022-09-28 15:51:56,623 [a57096d8-e38a-49fa-bac6-11df32f34a10@group-4A6FFCBD8ED8-LeaderElection4] INFO  server.RaftServer$Division (RaftServerImpl.java:setRole(299)) - a57096d8-e38a-49fa-bac6-11df32f34a10@group-4A6FFCBD8ED8: changes role from CANDIDATE to LEADER at term 1 for changeToLeader
2022-09-28 15:51:56,623 [a57096d8-e38a-49fa-bac6-11df32f34a10@group-4A6FFCBD8ED8-LeaderElection4] INFO  ratis.XceiverServerRatis (XceiverServerRatis.java:handleLeaderChangedNotification(863)) - Leader change notification received for group: group-4A6FFCBD8ED8 with new leaderId: a57096d8-e38a-49fa-bac6-11df32f34a10
2022-09-28 15:51:56,623 [a57096d8-e38a-49fa-bac6-11df32f34a10@group-4A6FFCBD8ED8-LeaderElection4] INFO  server.RaftServer$Division (ServerState.java:setLeader(287)) - a57096d8-e38a-49fa-bac6-11df32f34a10@group-4A6FFCBD8ED8: change Leader from null to a57096d8-e38a-49fa-bac6-11df32f34a10 at term 1 for becomeLeader, leader elected after 5132ms
2022-09-28 15:51:56,624 [a57096d8-e38a-49fa-bac6-11df32f34a10@group-4A6FFCBD8ED8-LeaderElection4] INFO  server.RaftServerConfigKeys (ConfUtils.java:logGet(46)) - raft.server.staging.catchup.gap = 1000 (default)
2022-09-28 15:51:56,624 [a57096d8-e38a-49fa-bac6-11df32f34a10@group-4A6FFCBD8ED8-LeaderElection4] INFO  server.RaftServerConfigKeys (ConfUtils.java:logGet(46)) - raft.server.write.element-limit = 1024 (custom)
2022-09-28 15:51:56,624 [a57096d8-e38a-49fa-bac6-11df32f34a10@group-4A6FFCBD8ED8-LeaderElection4] INFO  server.RaftServerConfigKeys (ConfUtils.java:logGet(46)) - raft.server.write.byte-limit = 1024 M (=1073741824) (custom)
2022-09-28 15:51:56,626 [a57096d8-e38a-49fa-bac6-11df32f34a10@group-4A6FFCBD8ED8-LeaderElection4] INFO  server.RaftServerConfigKeys (ConfUtils.java:logGet(46)) - raft.server.watch.timeout = 180s (custom)
2022-09-28 15:51:56,626 [a57096d8-e38a-49fa-bac6-11df32f34a10@group-4A6FFCBD8ED8-LeaderElection4] INFO  server.RaftServerConfigKeys (ConfUtils.java:logGet(46)) - raft.server.watch.timeout.denomination = 1s (default)
2022-09-28 15:51:56,626 [a57096d8-e38a-49fa-bac6-11df32f34a10@group-4A6FFCBD8ED8-LeaderElection4] INFO  server.RaftServerConfigKeys (ConfUtils.java:logGet(46)) - raft.server.watch.element-limit = 65536 (default)
2022-09-28 15:51:56,626 [a57096d8-e38a-49fa-bac6-11df32f34a10@group-4A6FFCBD8ED8-LeaderElection4] INFO  server.RaftServerConfigKeys (ConfUtils.java:logGet(46)) - raft.server.write.element-limit = 1024 (custom)
2022-09-28 15:51:56,626 [a57096d8-e38a-49fa-bac6-11df32f34a10@group-4A6FFCBD8ED8-LeaderElection4] INFO  server.RaftServerConfigKeys (ConfUtils.java:logGet(46)) - raft.server.write.follower.gap.ratio.max = -1.0 (default)
2022-09-28 15:51:56,626 [a57096d8-e38a-49fa-bac6-11df32f34a10@group-4A6FFCBD8ED8-LeaderElection4] INFO  impl.RoleInfo (RoleInfo.java:updateAndGet(139)) - a57096d8-e38a-49fa-bac6-11df32f34a10: start a57096d8-e38a-49fa-bac6-11df32f34a10@group-4A6FFCBD8ED8-LeaderStateImpl
2022-09-28 15:51:56,626 [a57096d8-e38a-49fa-bac6-11df32f34a10@group-4A6FFCBD8ED8-LeaderElection4] INFO  segmented.SegmentedRaftLogWorker (SegmentedRaftLogWorker.java:startLogSegment(425)) - a57096d8-e38a-49fa-bac6-11df32f34a10@group-4A6FFCBD8ED8-SegmentedRaftLogWorker: Starting segment from index:0
2022-09-28 15:51:56,631 [a57096d8-e38a-49fa-bac6-11df32f34a10@group-4A6FFCBD8ED8-SegmentedRaftLogWorker] INFO  segmented.SegmentedRaftLogWorker (SegmentedRaftLogWorker.java:execute(629)) - a57096d8-e38a-49fa-bac6-11df32f34a10@group-4A6FFCBD8ED8-SegmentedRaftLogWorker: created new log segment /home/runner/work/ozone/ozone/hadoop-ozone/integration-test/target/test-dir/MiniOzoneClusterImpl-30c42134-6f07-4454-8a06-c8ace9e9986b/datanode-1/data/ratis/028a906a-04e3-4526-bc85-4a6ffcbd8ed8/current/log_inprogress_0
2022-09-28 15:51:56,631 [a57096d8-e38a-49fa-bac6-11df32f34a10@group-4A6FFCBD8ED8-LeaderElection4] INFO  server.RaftServer$Division (ServerState.java:setRaftConf(393)) - a57096d8-e38a-49fa-bac6-11df32f34a10@group-4A6FFCBD8ED8: set configuration 0: [a57096d8-e38a-49fa-bac6-11df32f34a10|rpc:10.1.1.55:35365|dataStream:|priority:1], old=null
2022-09-28 15:51:56,632 [EventQueue-OpenPipelineForHealthyPipelineSafeModeRule] INFO  safemode.SCMSafeModeManager (HealthyPipelineSafeModeRule.java:process(137)) - SCM in safe mode. Healthy pipelines reported count is 0, required healthy pipeline reported count is 1
2022-09-28 15:51:56,764 [8d8147bd-34a3-4093-acb2-725bd7232b45@group-C34DF4F8E5E8-FollowerState] INFO  impl.FollowerState (FollowerState.java:run(143)) - 8d8147bd-34a3-4093-acb2-725bd7232b45@group-C34DF4F8E5E8-FollowerState: change to CANDIDATE, lastRpcElapsedTime:5014640282ns, electionTimeout:5012ms
2022-09-28 15:51:56,764 [8d8147bd-34a3-4093-acb2-725bd7232b45@group-C34DF4F8E5E8-FollowerState] INFO  impl.RoleInfo (RoleInfo.java:shutdownFollowerState(110)) - 8d8147bd-34a3-4093-acb2-725bd7232b45: shutdown 8d8147bd-34a3-4093-acb2-725bd7232b45@group-C34DF4F8E5E8-FollowerState
2022-09-28 15:51:56,764 [8d8147bd-34a3-4093-acb2-725bd7232b45@group-C34DF4F8E5E8-FollowerState] INFO  server.RaftServer$Division (RaftServerImpl.java:setRole(299)) - 8d8147bd-34a3-4093-acb2-725bd7232b45@group-C34DF4F8E5E8: changes role from  FOLLOWER to CANDIDATE at term 0 for changeToCandidate
2022-09-28 15:51:56,764 [8d8147bd-34a3-4093-acb2-725bd7232b45@group-C34DF4F8E5E8-FollowerState] INFO  server.RaftServerConfigKeys (ConfUtils.java:logGet(46)) - raft.server.leaderelection.pre-vote = false (custom)
2022-09-28 15:51:56,765 [8d8147bd-34a3-4093-acb2-725bd7232b45@group-C34DF4F8E5E8-FollowerState] INFO  impl.RoleInfo (RoleInfo.java:updateAndGet(139)) - 8d8147bd-34a3-4093-acb2-725bd7232b45: start 8d8147bd-34a3-4093-acb2-725bd7232b45@group-C34DF4F8E5E8-LeaderElection5
2022-09-28 15:51:56,771 [8d8147bd-34a3-4093-acb2-725bd7232b45@group-C34DF4F8E5E8-LeaderElection5] INFO  impl.LeaderElection (LeaderElection.java:askForVotes(310)) - 8d8147bd-34a3-4093-acb2-725bd7232b45@group-C34DF4F8E5E8-LeaderElection5 ELECTION round 0: submit vote requests at term 1 for -1: [f339b530-8901-434d-bf68-81dd9354474d|rpc:10.1.1.55:43271|priority:0, a57096d8-e38a-49fa-bac6-11df32f34a10|rpc:10.1.1.55:35365|priority:0, 8d8147bd-34a3-4093-acb2-725bd7232b45|rpc:10.1.1.55:42719|priority:1], old=null
2022-09-28 15:51:56,779 [grpc-default-executor-0] INFO  server.RaftServer$Division (RaftServerImpl.java:requestVote(1152)) - a57096d8-e38a-49fa-bac6-11df32f34a10@group-C34DF4F8E5E8: receive requestVote(ELECTION, 8d8147bd-34a3-4093-acb2-725bd7232b45, group-C34DF4F8E5E8, 1, (t:0, i:0))
2022-09-28 15:51:56,779 [grpc-default-executor-0] INFO  impl.VoteContext (VoteContext.java:log(48)) - a57096d8-e38a-49fa-bac6-11df32f34a10@group-C34DF4F8E5E8-FOLLOWER: accept ELECTION from 8d8147bd-34a3-4093-acb2-725bd7232b45: our priority 0 <= candidate's priority 1
2022-09-28 15:51:56,780 [grpc-default-executor-0] INFO  server.RaftServer$Division (RaftServerImpl.java:setRole(299)) - a57096d8-e38a-49fa-bac6-11df32f34a10@group-C34DF4F8E5E8: changes role from  FOLLOWER to FOLLOWER at term 1 for candidate:8d8147bd-34a3-4093-acb2-725bd7232b45
2022-09-28 15:51:56,780 [grpc-default-executor-0] INFO  impl.RoleInfo (RoleInfo.java:shutdownFollowerState(110)) - a57096d8-e38a-49fa-bac6-11df32f34a10: shutdown a57096d8-e38a-49fa-bac6-11df32f34a10@group-C34DF4F8E5E8-FollowerState
2022-09-28 15:51:56,780 [grpc-default-executor-0] INFO  impl.RoleInfo (RoleInfo.java:updateAndGet(139)) - a57096d8-e38a-49fa-bac6-11df32f34a10: start a57096d8-e38a-49fa-bac6-11df32f34a10@group-C34DF4F8E5E8-FollowerState
2022-09-28 15:51:56,780 [a57096d8-e38a-49fa-bac6-11df32f34a10@group-C34DF4F8E5E8-FollowerState] INFO  impl.FollowerState (FollowerState.java:run(152)) - a57096d8-e38a-49fa-bac6-11df32f34a10@group-C34DF4F8E5E8-FollowerState was interrupted
2022-09-28 15:51:56,784 [grpc-default-executor-1] INFO  server.RaftServer$Division (RaftServerImpl.java:requestVote(1152)) - f339b530-8901-434d-bf68-81dd9354474d@group-C34DF4F8E5E8: receive requestVote(ELECTION, 8d8147bd-34a3-4093-acb2-725bd7232b45, group-C34DF4F8E5E8, 1, (t:0, i:0))
2022-09-28 15:51:56,784 [grpc-default-executor-0] INFO  server.RaftServer$Division (RaftServerImpl.java:requestVote(1184)) - a57096d8-e38a-49fa-bac6-11df32f34a10@group-C34DF4F8E5E8 replies to ELECTION vote request: 8d8147bd-34a3-4093-acb2-725bd7232b45<-a57096d8-e38a-49fa-bac6-11df32f34a10#0:OK-t1. Peer's state: a57096d8-e38a-49fa-bac6-11df32f34a10@group-C34DF4F8E5E8:t1, leader=null, voted=8d8147bd-34a3-4093-acb2-725bd7232b45, raftlog=a57096d8-e38a-49fa-bac6-11df32f34a10@group-C34DF4F8E5E8-SegmentedRaftLog:OPENED:c-1, conf=-1: [f339b530-8901-434d-bf68-81dd9354474d|rpc:10.1.1.55:43271|priority:0, a57096d8-e38a-49fa-bac6-11df32f34a10|rpc:10.1.1.55:35365|priority:0, 8d8147bd-34a3-4093-acb2-725bd7232b45|rpc:10.1.1.55:42719|priority:1], old=null
2022-09-28 15:51:56,785 [grpc-default-executor-1] INFO  impl.VoteContext (VoteContext.java:log(48)) - f339b530-8901-434d-bf68-81dd9354474d@group-C34DF4F8E5E8-FOLLOWER: accept ELECTION from 8d8147bd-34a3-4093-acb2-725bd7232b45: our priority 0 <= candidate's priority 1
2022-09-28 15:51:56,785 [grpc-default-executor-1] INFO  server.RaftServer$Division (RaftServerImpl.java:setRole(299)) - f339b530-8901-434d-bf68-81dd9354474d@group-C34DF4F8E5E8: changes role from  FOLLOWER to FOLLOWER at term 1 for candidate:8d8147bd-34a3-4093-acb2-725bd7232b45
2022-09-28 15:51:56,785 [grpc-default-executor-1] INFO  impl.RoleInfo (RoleInfo.java:shutdownFollowerState(110)) - f339b530-8901-434d-bf68-81dd9354474d: shutdown f339b530-8901-434d-bf68-81dd9354474d@group-C34DF4F8E5E8-FollowerState
2022-09-28 15:51:56,785 [grpc-default-executor-1] INFO  impl.RoleInfo (RoleInfo.java:updateAndGet(139)) - f339b530-8901-434d-bf68-81dd9354474d: start f339b530-8901-434d-bf68-81dd9354474d@group-C34DF4F8E5E8-FollowerState
2022-09-28 15:51:56,785 [f339b530-8901-434d-bf68-81dd9354474d@group-C34DF4F8E5E8-FollowerState] INFO  impl.FollowerState (FollowerState.java:run(152)) - f339b530-8901-434d-bf68-81dd9354474d@group-C34DF4F8E5E8-FollowerState was interrupted
2022-09-28 15:51:56,788 [grpc-default-executor-1] INFO  server.RaftServer$Division (RaftServerImpl.java:requestVote(1184)) - f339b530-8901-434d-bf68-81dd9354474d@group-C34DF4F8E5E8 replies to ELECTION vote request: 8d8147bd-34a3-4093-acb2-725bd7232b45<-f339b530-8901-434d-bf68-81dd9354474d#0:OK-t1. Peer's state: f339b530-8901-434d-bf68-81dd9354474d@group-C34DF4F8E5E8:t1, leader=null, voted=8d8147bd-34a3-4093-acb2-725bd7232b45, raftlog=f339b530-8901-434d-bf68-81dd9354474d@group-C34DF4F8E5E8-SegmentedRaftLog:OPENED:c-1, conf=-1: [f339b530-8901-434d-bf68-81dd9354474d|rpc:10.1.1.55:43271|dataStream:|priority:0, a57096d8-e38a-49fa-bac6-11df32f34a10|rpc:10.1.1.55:35365|dataStream:|priority:0, 8d8147bd-34a3-4093-acb2-725bd7232b45|rpc:10.1.1.55:42719|dataStream:|priority:1], old=null
2022-09-28 15:51:56,792 [8d8147bd-34a3-4093-acb2-725bd7232b45@group-C34DF4F8E5E8-LeaderElection5] INFO  impl.LeaderElection (LeaderElection.java:logAndReturn(90)) - 8d8147bd-34a3-4093-acb2-725bd7232b45@group-C34DF4F8E5E8-LeaderElection5: ELECTION PASSED received 1 response(s) and 0 exception(s):
2022-09-28 15:51:56,792 [8d8147bd-34a3-4093-acb2-725bd7232b45@group-C34DF4F8E5E8-LeaderElection5] INFO  impl.LeaderElection (LeaderElection.java:logAndReturn(94)) -   Response 0: 8d8147bd-34a3-4093-acb2-725bd7232b45<-a57096d8-e38a-49fa-bac6-11df32f34a10#0:OK-t1
2022-09-28 15:51:56,792 [8d8147bd-34a3-4093-acb2-725bd7232b45@group-C34DF4F8E5E8-LeaderElection5] INFO  impl.LeaderElection (LeaderElection.java:askForVotes(312)) - 8d8147bd-34a3-4093-acb2-725bd7232b45@group-C34DF4F8E5E8-LeaderElection5 ELECTION round 0: result PASSED
2022-09-28 15:51:56,792 [8d8147bd-34a3-4093-acb2-725bd7232b45@group-C34DF4F8E5E8-LeaderElection5] INFO  impl.RoleInfo (RoleInfo.java:shutdownLeaderElection(130)) - 8d8147bd-34a3-4093-acb2-725bd7232b45: shutdown 8d8147bd-34a3-4093-acb2-725bd7232b45@group-C34DF4F8E5E8-LeaderElection5
2022-09-28 15:51:56,792 [8d8147bd-34a3-4093-acb2-725bd7232b45@group-C34DF4F8E5E8-LeaderElection5] INFO  server.RaftServer$Division (RaftServerImpl.java:setRole(299)) - 8d8147bd-34a3-4093-acb2-725bd7232b45@group-C34DF4F8E5E8: changes role from CANDIDATE to LEADER at term 1 for changeToLeader
2022-09-28 15:51:56,792 [8d8147bd-34a3-4093-acb2-725bd7232b45@group-C34DF4F8E5E8-LeaderElection5] INFO  ratis.XceiverServerRatis (XceiverServerRatis.java:handleLeaderChangedNotification(863)) - Leader change notification received for group: group-C34DF4F8E5E8 with new leaderId: 8d8147bd-34a3-4093-acb2-725bd7232b45
2022-09-28 15:51:56,793 [8d8147bd-34a3-4093-acb2-725bd7232b45@group-C34DF4F8E5E8-LeaderElection5] INFO  server.RaftServer$Division (ServerState.java:setLeader(287)) - 8d8147bd-34a3-4093-acb2-725bd7232b45@group-C34DF4F8E5E8: change Leader from null to 8d8147bd-34a3-4093-acb2-725bd7232b45 at term 1 for becomeLeader, leader elected after 5054ms
2022-09-28 15:51:56,794 [8d8147bd-34a3-4093-acb2-725bd7232b45@group-C34DF4F8E5E8-LeaderElection5] INFO  server.RaftServerConfigKeys (ConfUtils.java:logGet(46)) - raft.server.staging.catchup.gap = 1000 (default)
2022-09-28 15:51:56,794 [8d8147bd-34a3-4093-acb2-725bd7232b45@group-C34DF4F8E5E8-LeaderElection5] INFO  server.RaftServerConfigKeys (ConfUtils.java:logGet(46)) - raft.server.write.element-limit = 1024 (custom)
2022-09-28 15:51:56,794 [8d8147bd-34a3-4093-acb2-725bd7232b45@group-C34DF4F8E5E8-LeaderElection5] INFO  server.RaftServerConfigKeys (ConfUtils.java:logGet(46)) - raft.server.write.byte-limit = 1024 M (=1073741824) (custom)
2022-09-28 15:51:56,795 [8d8147bd-34a3-4093-acb2-725bd7232b45@group-C34DF4F8E5E8-LeaderElection5] INFO  server.RaftServerConfigKeys (ConfUtils.java:logGet(46)) - raft.server.watch.timeout = 180s (custom)
2022-09-28 15:51:56,795 [8d8147bd-34a3-4093-acb2-725bd7232b45@group-C34DF4F8E5E8-LeaderElection5] INFO  server.RaftServerConfigKeys (ConfUtils.java:logGet(46)) - raft.server.watch.timeout.denomination = 1s (default)
2022-09-28 15:51:56,795 [8d8147bd-34a3-4093-acb2-725bd7232b45@group-C34DF4F8E5E8-LeaderElection5] INFO  server.RaftServerConfigKeys (ConfUtils.java:logGet(46)) - raft.server.watch.element-limit = 65536 (default)
2022-09-28 15:51:56,795 [8d8147bd-34a3-4093-acb2-725bd7232b45@group-C34DF4F8E5E8-LeaderElection5] INFO  server.RaftServerConfigKeys (ConfUtils.java:logGet(46)) - raft.server.write.element-limit = 1024 (custom)
2022-09-28 15:51:56,795 [8d8147bd-34a3-4093-acb2-725bd7232b45@group-C34DF4F8E5E8-LeaderElection5] INFO  server.RaftServerConfigKeys (ConfUtils.java:logGet(46)) - raft.server.write.follower.gap.ratio.max = -1.0 (default)
2022-09-28 15:51:56,800 [EventQueue-PipelineReportForPipelineReportHandler] INFO  pipeline.PipelineManagerImpl (PipelineManagerImpl.java:openPipeline(367)) - Pipeline Pipeline[ Id: 3c7f63f1-00ab-42a1-823d-c34df4f8e5e8, Nodes: 8d8147bd-34a3-4093-acb2-725bd7232b45{ip: 10.1.1.55, host: fv-az203-824.ild0l4k5vsluppoevu2oqvhmda.cx.internal.cloudapp.net, ports: [REPLICATION=43737, RATIS=42719, RATIS_ADMIN=42719, RATIS_SERVER=42719, STANDALONE=39697], networkLocation: /default-rack, certSerialId: null, persistedOpState: IN_SERVICE, persistedOpStateExpiryEpochSec: 0}f339b530-8901-434d-bf68-81dd9354474d{ip: 10.1.1.55, host: fv-az203-824.ild0l4k5vsluppoevu2oqvhmda.cx.internal.cloudapp.net, ports: [REPLICATION=39813, RATIS=43271, RATIS_ADMIN=43271, RATIS_SERVER=43271, STANDALONE=35249], networkLocation: /default-rack, certSerialId: null, persistedOpState: IN_SERVICE, persistedOpStateExpiryEpochSec: 0}a57096d8-e38a-49fa-bac6-11df32f34a10{ip: 10.1.1.55, host: fv-az203-824.ild0l4k5vsluppoevu2oqvhmda.cx.internal.cloudapp.net, ports: [REPLICATION=33135, RATIS=35365, RATIS_ADMIN=35365, RATIS_SERVER=35365, STANDALONE=45957], networkLocation: /default-rack, certSerialId: null, persistedOpState: IN_SERVICE, persistedOpStateExpiryEpochSec: 0}, ReplicationConfig: RATIS/THREE, State:ALLOCATED, leaderId:8d8147bd-34a3-4093-acb2-725bd7232b45, CreationTimestamp2022-09-28T15:51:48.804Z[Etc/UTC]] moved to OPEN state
2022-09-28 15:51:56,808 [8d8147bd-34a3-4093-acb2-725bd7232b45@group-C34DF4F8E5E8-LeaderElection5] INFO  server.RaftServerConfigKeys (ConfUtils.java:logGet(46)) - raft.server.log.appender.snapshot.chunk.size.max = 16MB (=16777216) (default)
2022-09-28 15:51:56,808 [8d8147bd-34a3-4093-acb2-725bd7232b45@group-C34DF4F8E5E8-LeaderElection5] INFO  server.RaftServerConfigKeys (ConfUtils.java:logGet(46)) - raft.server.log.appender.buffer.byte-limit = 33554432 (custom)
2022-09-28 15:51:56,809 [EventQueue-OpenPipelineForHealthyPipelineSafeModeRule] INFO  safemode.SCMSafeModeManager (HealthyPipelineSafeModeRule.java:process(137)) - SCM in safe mode. Healthy pipelines reported count is 1, required healthy pipeline reported count is 1
2022-09-28 15:51:56,809 [8d8147bd-34a3-4093-acb2-725bd7232b45@group-C34DF4F8E5E8-LeaderElection5] INFO  server.RaftServerConfigKeys (ConfUtils.java:logGet(46)) - raft.server.log.appender.buffer.element-limit = 1 (custom)
2022-09-28 15:51:56,809 [EventQueue-OpenPipelineForHealthyPipelineSafeModeRule] INFO  safemode.SCMSafeModeManager (SCMSafeModeManager.java:validateSafeModeExitRules(204)) - HealthyPipelineSafeModeRule rule is successfully validated
2022-09-28 15:51:56,810 [EventQueue-OpenPipelineForHealthyPipelineSafeModeRule] INFO  safemode.SCMSafeModeManager (SCMSafeModeManager.java:validateSafeModeExitRules(219)) - ScmSafeModeManager, all rules are successfully validated
2022-09-28 15:51:56,810 [EventQueue-OpenPipelineForHealthyPipelineSafeModeRule] INFO  safemode.SCMSafeModeManager (SCMSafeModeManager.java:exitSafeMode(248)) - SCM exiting safe mode.
2022-09-28 15:51:56,810 [EventQueue-OpenPipelineForHealthyPipelineSafeModeRule] WARN  events.EventQueue (EventQueue.java:fireEvent(216)) - No event handler registered for event TypedEvent{payloadType=SafeModeStatus, name='Safe mode status'}
2022-09-28 15:51:56,810 [EventQueue-OpenPipelineForHealthyPipelineSafeModeRule] INFO  ha.SCMContext (SCMContext.java:updateSafeModeStatus(228)) - Update SafeModeStatus from SafeModeStatus{safeModeStatus=true, preCheckPassed=true} to SafeModeStatus{safeModeStatus=false, preCheckPassed=true}.
2022-09-28 15:51:56,810 [EventQueue-OpenPipelineForHealthyPipelineSafeModeRule] INFO  pipeline.BackgroundPipelineCreator (BackgroundPipelineCreator.java:notifyStatusChanged(254)) - Service BackgroundPipelineCreator transitions to RUNNING.
2022-09-28 15:51:56,810 [EventQueue-OpenPipelineForHealthyPipelineSafeModeRule] INFO  BackgroundPipelineScrubber (BackgroundSCMService.java:notifyStatusChanged(82)) - Service BackgroundPipelineScrubber transitions to RUNNING.
2022-09-28 15:51:56,810 [EventQueue-OpenPipelineForHealthyPipelineSafeModeRule] INFO  ExpiredContainerReplicaOpScrubber (BackgroundSCMService.java:notifyStatusChanged(82)) - Service ExpiredContainerReplicaOpScrubber transitions to RUNNING.
2022-09-28 15:51:56,810 [EventQueue-OpenPipelineForHealthyPipelineSafeModeRule] INFO  replication.ReplicationManager (ReplicationManager.java:notifyStatusChanged(726)) - Service ReplicationManager transitions to RUNNING.
2022-09-28 15:51:56,814 [EventQueue-OpenPipelineForHealthyPipelineSafeModeRule] WARN  balancer.ContainerBalancer (ContainerBalancer.java:shouldRun(936)) - Could not find persisted configuration for ContainerBalancer when checking if ContainerBalancer should run. ContainerBalancer should not run now.
2022-09-28 15:51:56,818 [8d8147bd-34a3-4093-acb2-725bd7232b45@group-C34DF4F8E5E8-LeaderElection5] INFO  grpc.GrpcConfigKeys (ConfUtils.java:logGet(46)) - raft.grpc.server.leader.outstanding.appends.max = 128 (default)
2022-09-28 15:51:56,818 [8d8147bd-34a3-4093-acb2-725bd7232b45@group-C34DF4F8E5E8-LeaderElection5] INFO  server.RaftServerConfigKeys (ConfUtils.java:logGet(46)) - raft.server.rpc.request.timeout = 60s (custom)
2022-09-28 15:51:56,818 [8d8147bd-34a3-4093-acb2-725bd7232b45@group-C34DF4F8E5E8-LeaderElection5] INFO  server.RaftServerConfigKeys (ConfUtils.java:logGet(46)) - raft.server.log.appender.install.snapshot.enabled = false (custom)
2022-09-28 15:51:56,820 [8d8147bd-34a3-4093-acb2-725bd7232b45@group-C34DF4F8E5E8-LeaderElection5] INFO  server.RaftServerConfigKeys (ConfUtils.java:logGet(46)) - raft.server.log.appender.snapshot.chunk.size.max = 16MB (=16777216) (default)
2022-09-28 15:51:56,821 [8d8147bd-34a3-4093-acb2-725bd7232b45@group-C34DF4F8E5E8-LeaderElection5] INFO  server.RaftServerConfigKeys (ConfUtils.java:logGet(46)) - raft.server.log.appender.buffer.byte-limit = 33554432 (custom)
2022-09-28 15:51:56,821 [8d8147bd-34a3-4093-acb2-725bd7232b45@group-C34DF4F8E5E8-LeaderElection5] INFO  server.RaftServerConfigKeys (ConfUtils.java:logGet(46)) - raft.server.log.appender.buffer.element-limit = 1 (custom)
2022-09-28 15:51:56,821 [8d8147bd-34a3-4093-acb2-725bd7232b45@group-C34DF4F8E5E8-LeaderElection5] INFO  grpc.GrpcConfigKeys (ConfUtils.java:logGet(46)) - raft.grpc.server.leader.outstanding.appends.max = 128 (default)
2022-09-28 15:51:56,821 [8d8147bd-34a3-4093-acb2-725bd7232b45@group-C34DF4F8E5E8-LeaderElection5] INFO  server.RaftServerConfigKeys (ConfUtils.java:logGet(46)) - raft.server.rpc.request.timeout = 60s (custom)
2022-09-28 15:51:56,821 [8d8147bd-34a3-4093-acb2-725bd7232b45@group-C34DF4F8E5E8-LeaderElection5] INFO  server.RaftServerConfigKeys (ConfUtils.java:logGet(46)) - raft.server.log.appender.install.snapshot.enabled = false (custom)
2022-09-28 15:51:56,822 [8d8147bd-34a3-4093-acb2-725bd7232b45@group-C34DF4F8E5E8-LeaderElection5] INFO  impl.RoleInfo (RoleInfo.java:updateAndGet(139)) - 8d8147bd-34a3-4093-acb2-725bd7232b45: start 8d8147bd-34a3-4093-acb2-725bd7232b45@group-C34DF4F8E5E8-LeaderStateImpl
2022-09-28 15:51:56,822 [8d8147bd-34a3-4093-acb2-725bd7232b45@group-C34DF4F8E5E8-LeaderElection5] INFO  segmented.SegmentedRaftLogWorker (SegmentedRaftLogWorker.java:startLogSegment(425)) - 8d8147bd-34a3-4093-acb2-725bd7232b45@group-C34DF4F8E5E8-SegmentedRaftLogWorker: Starting segment from index:0
2022-09-28 15:51:56,827 [8d8147bd-34a3-4093-acb2-725bd7232b45@group-C34DF4F8E5E8-SegmentedRaftLogWorker] INFO  segmented.SegmentedRaftLogWorker (SegmentedRaftLogWorker.java:execute(629)) - 8d8147bd-34a3-4093-acb2-725bd7232b45@group-C34DF4F8E5E8-SegmentedRaftLogWorker: created new log segment /home/runner/work/ozone/ozone/hadoop-ozone/integration-test/target/test-dir/MiniOzoneClusterImpl-30c42134-6f07-4454-8a06-c8ace9e9986b/datanode-0/data/ratis/3c7f63f1-00ab-42a1-823d-c34df4f8e5e8/current/log_inprogress_0
2022-09-28 15:51:56,827 [8d8147bd-34a3-4093-acb2-725bd7232b45@group-C34DF4F8E5E8-LeaderElection5] INFO  server.RaftServer$Division (ServerState.java:setRaftConf(393)) - 8d8147bd-34a3-4093-acb2-725bd7232b45@group-C34DF4F8E5E8: set configuration 0: [f339b530-8901-434d-bf68-81dd9354474d|rpc:10.1.1.55:43271|dataStream:|priority:0, a57096d8-e38a-49fa-bac6-11df32f34a10|rpc:10.1.1.55:35365|dataStream:|priority:0, 8d8147bd-34a3-4093-acb2-725bd7232b45|rpc:10.1.1.55:42719|dataStream:|priority:1], old=null
2022-09-28 15:51:56,857 [a57096d8-e38a-49fa-bac6-11df32f34a10-server-thread1] INFO  ratis.XceiverServerRatis (XceiverServerRatis.java:handleLeaderChangedNotification(863)) - Leader change notification received for group: group-C34DF4F8E5E8 with new leaderId: 8d8147bd-34a3-4093-acb2-725bd7232b45
2022-09-28 15:51:56,857 [a57096d8-e38a-49fa-bac6-11df32f34a10-server-thread1] INFO  server.RaftServer$Division (ServerState.java:setLeader(287)) - a57096d8-e38a-49fa-bac6-11df32f34a10@group-C34DF4F8E5E8: change Leader from null to 8d8147bd-34a3-4093-acb2-725bd7232b45 at term 1 for appendEntries, leader elected after 5090ms
2022-09-28 15:51:56,867 [a57096d8-e38a-49fa-bac6-11df32f34a10-server-thread1] INFO  server.RaftServer$Division (ServerState.java:setRaftConf(393)) - a57096d8-e38a-49fa-bac6-11df32f34a10@group-C34DF4F8E5E8: set configuration 0: [f339b530-8901-434d-bf68-81dd9354474d|rpc:10.1.1.55:43271|dataStream:|priority:0, a57096d8-e38a-49fa-bac6-11df32f34a10|rpc:10.1.1.55:35365|dataStream:|priority:0, 8d8147bd-34a3-4093-acb2-725bd7232b45|rpc:10.1.1.55:42719|dataStream:|priority:1], old=null
2022-09-28 15:51:56,868 [a57096d8-e38a-49fa-bac6-11df32f34a10-server-thread1] INFO  segmented.SegmentedRaftLogWorker (SegmentedRaftLogWorker.java:startLogSegment(425)) - a57096d8-e38a-49fa-bac6-11df32f34a10@group-C34DF4F8E5E8-SegmentedRaftLogWorker: Starting segment from index:0
2022-09-28 15:51:56,870 [a57096d8-e38a-49fa-bac6-11df32f34a10@group-C34DF4F8E5E8-SegmentedRaftLogWorker] INFO  segmented.SegmentedRaftLogWorker (SegmentedRaftLogWorker.java:execute(629)) - a57096d8-e38a-49fa-bac6-11df32f34a10@group-C34DF4F8E5E8-SegmentedRaftLogWorker: created new log segment /home/runner/work/ozone/ozone/hadoop-ozone/integration-test/target/test-dir/MiniOzoneClusterImpl-30c42134-6f07-4454-8a06-c8ace9e9986b/datanode-1/data/ratis/3c7f63f1-00ab-42a1-823d-c34df4f8e5e8/current/log_inprogress_0
2022-09-28 15:51:56,870 [f339b530-8901-434d-bf68-81dd9354474d-server-thread1] INFO  ratis.XceiverServerRatis (XceiverServerRatis.java:handleLeaderChangedNotification(863)) - Leader change notification received for group: group-C34DF4F8E5E8 with new leaderId: 8d8147bd-34a3-4093-acb2-725bd7232b45
2022-09-28 15:51:56,871 [f339b530-8901-434d-bf68-81dd9354474d-server-thread1] INFO  server.RaftServer$Division (ServerState.java:setLeader(287)) - f339b530-8901-434d-bf68-81dd9354474d@group-C34DF4F8E5E8: change Leader from null to 8d8147bd-34a3-4093-acb2-725bd7232b45 at term 1 for appendEntries, leader elected after 5082ms
2022-09-28 15:51:56,879 [f339b530-8901-434d-bf68-81dd9354474d-server-thread1] INFO  server.RaftServer$Division (ServerState.java:setRaftConf(393)) - f339b530-8901-434d-bf68-81dd9354474d@group-C34DF4F8E5E8: set configuration 0: [f339b530-8901-434d-bf68-81dd9354474d|rpc:10.1.1.55:43271|dataStream:|priority:0, a57096d8-e38a-49fa-bac6-11df32f34a10|rpc:10.1.1.55:35365|dataStream:|priority:0, 8d8147bd-34a3-4093-acb2-725bd7232b45|rpc:10.1.1.55:42719|dataStream:|priority:1], old=null
2022-09-28 15:51:56,880 [f339b530-8901-434d-bf68-81dd9354474d-server-thread1] INFO  segmented.SegmentedRaftLogWorker (SegmentedRaftLogWorker.java:startLogSegment(425)) - f339b530-8901-434d-bf68-81dd9354474d@group-C34DF4F8E5E8-SegmentedRaftLogWorker: Starting segment from index:0
2022-09-28 15:51:56,882 [f339b530-8901-434d-bf68-81dd9354474d@group-C34DF4F8E5E8-SegmentedRaftLogWorker] INFO  segmented.SegmentedRaftLogWorker (SegmentedRaftLogWorker.java:execute(629)) - f339b530-8901-434d-bf68-81dd9354474d@group-C34DF4F8E5E8-SegmentedRaftLogWorker: created new log segment /home/runner/work/ozone/ozone/hadoop-ozone/integration-test/target/test-dir/MiniOzoneClusterImpl-30c42134-6f07-4454-8a06-c8ace9e9986b/datanode-2/data/ratis/3c7f63f1-00ab-42a1-823d-c34df4f8e5e8/current/log_inprogress_0
2022-09-28 15:51:56,955 [f339b530-8901-434d-bf68-81dd9354474d@group-68D461E2611D-FollowerState] INFO  impl.FollowerState (FollowerState.java:run(143)) - f339b530-8901-434d-bf68-81dd9354474d@group-68D461E2611D-FollowerState: change to CANDIDATE, lastRpcElapsedTime:5112921638ns, electionTimeout:5107ms
2022-09-28 15:51:56,956 [f339b530-8901-434d-bf68-81dd9354474d@group-68D461E2611D-FollowerState] INFO  impl.RoleInfo (RoleInfo.java:shutdownFollowerState(110)) - f339b530-8901-434d-bf68-81dd9354474d: shutdown f339b530-8901-434d-bf68-81dd9354474d@group-68D461E2611D-FollowerState
2022-09-28 15:51:56,956 [f339b530-8901-434d-bf68-81dd9354474d@group-68D461E2611D-FollowerState] INFO  server.RaftServer$Division (RaftServerImpl.java:setRole(299)) - f339b530-8901-434d-bf68-81dd9354474d@group-68D461E2611D: changes role from  FOLLOWER to CANDIDATE at term 0 for changeToCandidate
2022-09-28 15:51:56,956 [f339b530-8901-434d-bf68-81dd9354474d@group-68D461E2611D-FollowerState] INFO  server.RaftServerConfigKeys (ConfUtils.java:logGet(46)) - raft.server.leaderelection.pre-vote = false (custom)
2022-09-28 15:51:56,956 [f339b530-8901-434d-bf68-81dd9354474d@group-68D461E2611D-FollowerState] INFO  impl.RoleInfo (RoleInfo.java:updateAndGet(139)) - f339b530-8901-434d-bf68-81dd9354474d: start f339b530-8901-434d-bf68-81dd9354474d@group-68D461E2611D-LeaderElection6
2022-09-28 15:51:56,959 [f339b530-8901-434d-bf68-81dd9354474d@group-68D461E2611D-LeaderElection6] INFO  impl.LeaderElection (LeaderElection.java:askForVotes(310)) - f339b530-8901-434d-bf68-81dd9354474d@group-68D461E2611D-LeaderElection6 ELECTION round 0: submit vote requests at term 1 for -1: [f339b530-8901-434d-bf68-81dd9354474d|rpc:10.1.1.55:43271|priority:1], old=null
2022-09-28 15:51:56,959 [f339b530-8901-434d-bf68-81dd9354474d@group-68D461E2611D-LeaderElection6] INFO  impl.LeaderElection (LeaderElection.java:askForVotes(312)) - f339b530-8901-434d-bf68-81dd9354474d@group-68D461E2611D-LeaderElection6 ELECTION round 0: result PASSED (term=1)
2022-09-28 15:51:56,959 [f339b530-8901-434d-bf68-81dd9354474d@group-68D461E2611D-LeaderElection6] INFO  impl.RoleInfo (RoleInfo.java:shutdownLeaderElection(130)) - f339b530-8901-434d-bf68-81dd9354474d: shutdown f339b530-8901-434d-bf68-81dd9354474d@group-68D461E2611D-LeaderElection6
2022-09-28 15:51:56,960 [f339b530-8901-434d-bf68-81dd9354474d@group-68D461E2611D-LeaderElection6] INFO  server.RaftServer$Division (RaftServerImpl.java:setRole(299)) - f339b530-8901-434d-bf68-81dd9354474d@group-68D461E2611D: changes role from CANDIDATE to LEADER at term 1 for changeToLeader
2022-09-28 15:51:56,960 [f339b530-8901-434d-bf68-81dd9354474d@group-68D461E2611D-LeaderElection6] INFO  ratis.XceiverServerRatis (XceiverServerRatis.java:handleLeaderChangedNotification(863)) - Leader change notification received for group: group-68D461E2611D with new leaderId: f339b530-8901-434d-bf68-81dd9354474d
2022-09-28 15:51:56,960 [f339b530-8901-434d-bf68-81dd9354474d@group-68D461E2611D-LeaderElection6] INFO  server.RaftServer$Division (ServerState.java:setLeader(287)) - f339b530-8901-434d-bf68-81dd9354474d@group-68D461E2611D: change Leader from null to f339b530-8901-434d-bf68-81dd9354474d at term 1 for becomeLeader, leader elected after 5139ms
2022-09-28 15:51:56,962 [f339b530-8901-434d-bf68-81dd9354474d@group-68D461E2611D-LeaderElection6] INFO  server.RaftServerConfigKeys (ConfUtils.java:logGet(46)) - raft.server.staging.catchup.gap = 1000 (default)
2022-09-28 15:51:56,962 [f339b530-8901-434d-bf68-81dd9354474d@group-68D461E2611D-LeaderElection6] INFO  server.RaftServerConfigKeys (ConfUtils.java:logGet(46)) - raft.server.write.element-limit = 1024 (custom)
2022-09-28 15:51:56,962 [f339b530-8901-434d-bf68-81dd9354474d@group-68D461E2611D-LeaderElection6] INFO  server.RaftServerConfigKeys (ConfUtils.java:logGet(46)) - raft.server.write.byte-limit = 1024 M (=1073741824) (custom)
2022-09-28 15:51:56,963 [f339b530-8901-434d-bf68-81dd9354474d@group-68D461E2611D-LeaderElection6] INFO  server.RaftServerConfigKeys (ConfUtils.java:logGet(46)) - raft.server.watch.timeout = 180s (custom)
2022-09-28 15:51:56,963 [f339b530-8901-434d-bf68-81dd9354474d@group-68D461E2611D-LeaderElection6] INFO  server.RaftServerConfigKeys (ConfUtils.java:logGet(46)) - raft.server.watch.timeout.denomination = 1s (default)
2022-09-28 15:51:56,963 [f339b530-8901-434d-bf68-81dd9354474d@group-68D461E2611D-LeaderElection6] INFO  server.RaftServerConfigKeys (ConfUtils.java:logGet(46)) - raft.server.watch.element-limit = 65536 (default)
2022-09-28 15:51:56,963 [f339b530-8901-434d-bf68-81dd9354474d@group-68D461E2611D-LeaderElection6] INFO  server.RaftServerConfigKeys (ConfUtils.java:logGet(46)) - raft.server.write.element-limit = 1024 (custom)
2022-09-28 15:51:56,963 [f339b530-8901-434d-bf68-81dd9354474d@group-68D461E2611D-LeaderElection6] INFO  server.RaftServerConfigKeys (ConfUtils.java:logGet(46)) - raft.server.write.follower.gap.ratio.max = -1.0 (default)
2022-09-28 15:51:56,963 [f339b530-8901-434d-bf68-81dd9354474d@group-68D461E2611D-LeaderElection6] INFO  impl.RoleInfo (RoleInfo.java:updateAndGet(139)) - f339b530-8901-434d-bf68-81dd9354474d: start f339b530-8901-434d-bf68-81dd9354474d@group-68D461E2611D-LeaderStateImpl
2022-09-28 15:51:56,963 [f339b530-8901-434d-bf68-81dd9354474d@group-68D461E2611D-LeaderElection6] INFO  segmented.SegmentedRaftLogWorker (SegmentedRaftLogWorker.java:startLogSegment(425)) - f339b530-8901-434d-bf68-81dd9354474d@group-68D461E2611D-SegmentedRaftLogWorker: Starting segment from index:0
2022-09-28 15:51:56,965 [f339b530-8901-434d-bf68-81dd9354474d@group-68D461E2611D-SegmentedRaftLogWorker] INFO  segmented.SegmentedRaftLogWorker (SegmentedRaftLogWorker.java:execute(629)) - f339b530-8901-434d-bf68-81dd9354474d@group-68D461E2611D-SegmentedRaftLogWorker: created new log segment /home/runner/work/ozone/ozone/hadoop-ozone/integration-test/target/test-dir/MiniOzoneClusterImpl-30c42134-6f07-4454-8a06-c8ace9e9986b/datanode-2/data/ratis/13ad82ce-4947-4585-bfde-68d461e2611d/current/log_inprogress_0
2022-09-28 15:51:56,965 [f339b530-8901-434d-bf68-81dd9354474d@group-68D461E2611D-LeaderElection6] INFO  server.RaftServer$Division (ServerState.java:setRaftConf(393)) - f339b530-8901-434d-bf68-81dd9354474d@group-68D461E2611D: set configuration 0: [f339b530-8901-434d-bf68-81dd9354474d|rpc:10.1.1.55:43271|dataStream:|priority:1], old=null
2022-09-28 15:51:57,318 [1acfca65-6d80-4889-a59c-664a8dc895fd@group-24C7F27543CE-FollowerState] INFO  impl.FollowerState (FollowerState.java:run(143)) - 1acfca65-6d80-4889-a59c-664a8dc895fd@group-24C7F27543CE-FollowerState: change to CANDIDATE, lastRpcElapsedTime:5193149921ns, electionTimeout:5191ms
2022-09-28 15:51:57,318 [1acfca65-6d80-4889-a59c-664a8dc895fd@group-24C7F27543CE-FollowerState] INFO  impl.RoleInfo (RoleInfo.java:shutdownFollowerState(110)) - 1acfca65-6d80-4889-a59c-664a8dc895fd: shutdown 1acfca65-6d80-4889-a59c-664a8dc895fd@group-24C7F27543CE-FollowerState
2022-09-28 15:51:57,318 [1acfca65-6d80-4889-a59c-664a8dc895fd@group-24C7F27543CE-FollowerState] INFO  server.RaftServer$Division (RaftServerImpl.java:setRole(299)) - 1acfca65-6d80-4889-a59c-664a8dc895fd@group-24C7F27543CE: changes role from  FOLLOWER to CANDIDATE at term 0 for changeToCandidate
2022-09-28 15:51:57,318 [1acfca65-6d80-4889-a59c-664a8dc895fd@group-24C7F27543CE-FollowerState] INFO  server.RaftServerConfigKeys (ConfUtils.java:logGet(46)) - raft.server.leaderelection.pre-vote = false (custom)
2022-09-28 15:51:57,318 [1acfca65-6d80-4889-a59c-664a8dc895fd@group-24C7F27543CE-FollowerState] INFO  impl.RoleInfo (RoleInfo.java:updateAndGet(139)) - 1acfca65-6d80-4889-a59c-664a8dc895fd: start 1acfca65-6d80-4889-a59c-664a8dc895fd@group-24C7F27543CE-LeaderElection7
2022-09-28 15:51:57,322 [1acfca65-6d80-4889-a59c-664a8dc895fd@group-24C7F27543CE-LeaderElection7] INFO  impl.LeaderElection (LeaderElection.java:askForVotes(310)) - 1acfca65-6d80-4889-a59c-664a8dc895fd@group-24C7F27543CE-LeaderElection7 ELECTION round 0: submit vote requests at term 1 for -1: [1acfca65-6d80-4889-a59c-664a8dc895fd|rpc:10.1.1.55:40111|priority:1], old=null
2022-09-28 15:51:57,322 [1acfca65-6d80-4889-a59c-664a8dc895fd@group-24C7F27543CE-LeaderElection7] INFO  impl.LeaderElection (LeaderElection.java:askForVotes(312)) - 1acfca65-6d80-4889-a59c-664a8dc895fd@group-24C7F27543CE-LeaderElection7 ELECTION round 0: result PASSED (term=1)
2022-09-28 15:51:57,322 [1acfca65-6d80-4889-a59c-664a8dc895fd@group-24C7F27543CE-LeaderElection7] INFO  impl.RoleInfo (RoleInfo.java:shutdownLeaderElection(130)) - 1acfca65-6d80-4889-a59c-664a8dc895fd: shutdown 1acfca65-6d80-4889-a59c-664a8dc895fd@group-24C7F27543CE-LeaderElection7
2022-09-28 15:51:57,322 [1acfca65-6d80-4889-a59c-664a8dc895fd@group-24C7F27543CE-LeaderElection7] INFO  server.RaftServer$Division (RaftServerImpl.java:setRole(299)) - 1acfca65-6d80-4889-a59c-664a8dc895fd@group-24C7F27543CE: changes role from CANDIDATE to LEADER at term 1 for changeToLeader
2022-09-28 15:51:57,322 [1acfca65-6d80-4889-a59c-664a8dc895fd@group-24C7F27543CE-LeaderElection7] INFO  ratis.XceiverServerRatis (XceiverServerRatis.java:handleLeaderChangedNotification(863)) - Leader change notification received for group: group-24C7F27543CE with new leaderId: 1acfca65-6d80-4889-a59c-664a8dc895fd
2022-09-28 15:51:57,322 [1acfca65-6d80-4889-a59c-664a8dc895fd@group-24C7F27543CE-LeaderElection7] INFO  server.RaftServer$Division (ServerState.java:setLeader(287)) - 1acfca65-6d80-4889-a59c-664a8dc895fd@group-24C7F27543CE: change Leader from null to 1acfca65-6d80-4889-a59c-664a8dc895fd at term 1 for becomeLeader, leader elected after 5206ms
2022-09-28 15:51:57,322 [1acfca65-6d80-4889-a59c-664a8dc895fd@group-24C7F27543CE-LeaderElection7] INFO  server.RaftServerConfigKeys (ConfUtils.java:logGet(46)) - raft.server.staging.catchup.gap = 1000 (default)
2022-09-28 15:51:57,322 [1acfca65-6d80-4889-a59c-664a8dc895fd@group-24C7F27543CE-LeaderElection7] INFO  server.RaftServerConfigKeys (ConfUtils.java:logGet(46)) - raft.server.write.element-limit = 1024 (custom)
2022-09-28 15:51:57,323 [1acfca65-6d80-4889-a59c-664a8dc895fd@group-24C7F27543CE-LeaderElection7] INFO  server.RaftServerConfigKeys (ConfUtils.java:logGet(46)) - raft.server.write.byte-limit = 1024 M (=1073741824) (custom)
2022-09-28 15:51:57,323 [1acfca65-6d80-4889-a59c-664a8dc895fd@group-24C7F27543CE-LeaderElection7] INFO  server.RaftServerConfigKeys (ConfUtils.java:logGet(46)) - raft.server.watch.timeout = 180s (custom)
2022-09-28 15:51:57,323 [1acfca65-6d80-4889-a59c-664a8dc895fd@group-24C7F27543CE-LeaderElection7] INFO  server.RaftServerConfigKeys (ConfUtils.java:logGet(46)) - raft.server.watch.timeout.denomination = 1s (default)
2022-09-28 15:51:57,323 [1acfca65-6d80-4889-a59c-664a8dc895fd@group-24C7F27543CE-LeaderElection7] INFO  server.RaftServerConfigKeys (ConfUtils.java:logGet(46)) - raft.server.watch.element-limit = 65536 (default)
2022-09-28 15:51:57,323 [1acfca65-6d80-4889-a59c-664a8dc895fd@group-24C7F27543CE-LeaderElection7] INFO  server.RaftServerConfigKeys (ConfUtils.java:logGet(46)) - raft.server.write.element-limit = 1024 (custom)
2022-09-28 15:51:57,323 [1acfca65-6d80-4889-a59c-664a8dc895fd@group-24C7F27543CE-LeaderElection7] INFO  server.RaftServerConfigKeys (ConfUtils.java:logGet(46)) - raft.server.write.follower.gap.ratio.max = -1.0 (default)
2022-09-28 15:51:57,323 [1acfca65-6d80-4889-a59c-664a8dc895fd@group-24C7F27543CE-LeaderElection7] INFO  impl.RoleInfo (RoleInfo.java:updateAndGet(139)) - 1acfca65-6d80-4889-a59c-664a8dc895fd: start 1acfca65-6d80-4889-a59c-664a8dc895fd@group-24C7F27543CE-LeaderStateImpl
2022-09-28 15:51:57,324 [1acfca65-6d80-4889-a59c-664a8dc895fd@group-24C7F27543CE-LeaderElection7] INFO  segmented.SegmentedRaftLogWorker (SegmentedRaftLogWorker.java:startLogSegment(425)) - 1acfca65-6d80-4889-a59c-664a8dc895fd@group-24C7F27543CE-SegmentedRaftLogWorker: Starting segment from index:0
2022-09-28 15:51:57,325 [1acfca65-6d80-4889-a59c-664a8dc895fd@group-24C7F27543CE-LeaderElection7] INFO  server.RaftServer$Division (ServerState.java:setRaftConf(393)) - 1acfca65-6d80-4889-a59c-664a8dc895fd@group-24C7F27543CE: set configuration 0: [1acfca65-6d80-4889-a59c-664a8dc895fd|rpc:10.1.1.55:40111|dataStream:|priority:1], old=null
2022-09-28 15:51:57,329 [1acfca65-6d80-4889-a59c-664a8dc895fd@group-24C7F27543CE-SegmentedRaftLogWorker] INFO  segmented.SegmentedRaftLogWorker (SegmentedRaftLogWorker.java:execute(629)) - 1acfca65-6d80-4889-a59c-664a8dc895fd@group-24C7F27543CE-SegmentedRaftLogWorker: created new log segment /home/runner/work/ozone/ozone/hadoop-ozone/integration-test/target/test-dir/MiniOzoneClusterImpl-30c42134-6f07-4454-8a06-c8ace9e9986b/datanode-3/data/ratis/b540b1f4-9ba6-4b1d-b1c7-24c7f27543ce/current/log_inprogress_0
2022-09-28 15:51:57,423 [Listener at 127.0.0.1/36317] INFO  ozone.MiniOzoneClusterImpl (MiniOzoneClusterImpl.java:lambda$waitForClusterToBeReady$0(216)) - Nodes are ready. Got 5 of 5 DN Heartbeats.
2022-09-28 15:51:57,423 [Listener at 127.0.0.1/36317] INFO  ozone.MiniOzoneClusterImpl (MiniOzoneClusterImpl.java:lambda$waitForClusterToBeReady$0(219)) - Cluster exits safe mode
2022-09-28 15:51:57,423 [Listener at 127.0.0.1/36317] INFO  ozone.MiniOzoneClusterImpl (MiniOzoneClusterImpl.java:lambda$waitForClusterToBeReady$0(221)) - SCM became leader
2022-09-28 15:51:57,485 [d5a766ab-0838-4788-add0-62384b7c253e@group-13A077C36C46-FollowerState] INFO  impl.FollowerState (FollowerState.java:run(143)) - d5a766ab-0838-4788-add0-62384b7c253e@group-13A077C36C46-FollowerState: change to CANDIDATE, lastRpcElapsedTime:5040998970ns, electionTimeout:5040ms
2022-09-28 15:51:57,485 [d5a766ab-0838-4788-add0-62384b7c253e@group-13A077C36C46-FollowerState] INFO  impl.RoleInfo (RoleInfo.java:shutdownFollowerState(110)) - d5a766ab-0838-4788-add0-62384b7c253e: shutdown d5a766ab-0838-4788-add0-62384b7c253e@group-13A077C36C46-FollowerState
2022-09-28 15:51:57,485 [d5a766ab-0838-4788-add0-62384b7c253e@group-13A077C36C46-FollowerState] INFO  server.RaftServer$Division (RaftServerImpl.java:setRole(299)) - d5a766ab-0838-4788-add0-62384b7c253e@group-13A077C36C46: changes role from  FOLLOWER to CANDIDATE at term 0 for changeToCandidate
2022-09-28 15:51:57,485 [d5a766ab-0838-4788-add0-62384b7c253e@group-13A077C36C46-FollowerState] INFO  server.RaftServerConfigKeys (ConfUtils.java:logGet(46)) - raft.server.leaderelection.pre-vote = false (custom)
2022-09-28 15:51:57,485 [d5a766ab-0838-4788-add0-62384b7c253e@group-13A077C36C46-FollowerState] INFO  impl.RoleInfo (RoleInfo.java:updateAndGet(139)) - d5a766ab-0838-4788-add0-62384b7c253e: start d5a766ab-0838-4788-add0-62384b7c253e@group-13A077C36C46-LeaderElection8
2022-09-28 15:51:57,491 [d5a766ab-0838-4788-add0-62384b7c253e@group-13A077C36C46-LeaderElection8] INFO  impl.LeaderElection (LeaderElection.java:askForVotes(310)) - d5a766ab-0838-4788-add0-62384b7c253e@group-13A077C36C46-LeaderElection8 ELECTION round 0: submit vote requests at term 1 for -1: [d5a766ab-0838-4788-add0-62384b7c253e|rpc:10.1.1.55:44335|priority:1], old=null
2022-09-28 15:51:57,491 [d5a766ab-0838-4788-add0-62384b7c253e@group-13A077C36C46-LeaderElection8] INFO  impl.LeaderElection (LeaderElection.java:askForVotes(312)) - d5a766ab-0838-4788-add0-62384b7c253e@group-13A077C36C46-LeaderElection8 ELECTION round 0: result PASSED (term=1)
2022-09-28 15:51:57,491 [d5a766ab-0838-4788-add0-62384b7c253e@group-13A077C36C46-LeaderElection8] INFO  impl.RoleInfo (RoleInfo.java:shutdownLeaderElection(130)) - d5a766ab-0838-4788-add0-62384b7c253e: shutdown d5a766ab-0838-4788-add0-62384b7c253e@group-13A077C36C46-LeaderElection8
2022-09-28 15:51:57,492 [d5a766ab-0838-4788-add0-62384b7c253e@group-13A077C36C46-LeaderElection8] INFO  server.RaftServer$Division (RaftServerImpl.java:setRole(299)) - d5a766ab-0838-4788-add0-62384b7c253e@group-13A077C36C46: changes role from CANDIDATE to LEADER at term 1 for changeToLeader
2022-09-28 15:51:57,492 [d5a766ab-0838-4788-add0-62384b7c253e@group-13A077C36C46-LeaderElection8] INFO  ratis.XceiverServerRatis (XceiverServerRatis.java:handleLeaderChangedNotification(863)) - Leader change notification received for group: group-13A077C36C46 with new leaderId: d5a766ab-0838-4788-add0-62384b7c253e
2022-09-28 15:51:57,492 [d5a766ab-0838-4788-add0-62384b7c253e@group-13A077C36C46-LeaderElection8] INFO  server.RaftServer$Division (ServerState.java:setLeader(287)) - d5a766ab-0838-4788-add0-62384b7c253e@group-13A077C36C46: change Leader from null to d5a766ab-0838-4788-add0-62384b7c253e at term 1 for becomeLeader, leader elected after 5053ms
2022-09-28 15:51:57,492 [d5a766ab-0838-4788-add0-62384b7c253e@group-13A077C36C46-LeaderElection8] INFO  server.RaftServerConfigKeys (ConfUtils.java:logGet(46)) - raft.server.staging.catchup.gap = 1000 (default)
2022-09-28 15:51:57,492 [d5a766ab-0838-4788-add0-62384b7c253e@group-13A077C36C46-LeaderElection8] INFO  server.RaftServerConfigKeys (ConfUtils.java:logGet(46)) - raft.server.write.element-limit = 1024 (custom)
2022-09-28 15:51:57,492 [d5a766ab-0838-4788-add0-62384b7c253e@group-13A077C36C46-LeaderElection8] INFO  server.RaftServerConfigKeys (ConfUtils.java:logGet(46)) - raft.server.write.byte-limit = 1024 M (=1073741824) (custom)
2022-09-28 15:51:57,493 [d5a766ab-0838-4788-add0-62384b7c253e@group-13A077C36C46-LeaderElection8] INFO  server.RaftServerConfigKeys (ConfUtils.java:logGet(46)) - raft.server.watch.timeout = 180s (custom)
2022-09-28 15:51:57,493 [d5a766ab-0838-4788-add0-62384b7c253e@group-13A077C36C46-LeaderElection8] INFO  server.RaftServerConfigKeys (ConfUtils.java:logGet(46)) - raft.server.watch.timeout.denomination = 1s (default)
2022-09-28 15:51:57,493 [d5a766ab-0838-4788-add0-62384b7c253e@group-13A077C36C46-LeaderElection8] INFO  server.RaftServerConfigKeys (ConfUtils.java:logGet(46)) - raft.server.watch.element-limit = 65536 (default)
2022-09-28 15:51:57,493 [d5a766ab-0838-4788-add0-62384b7c253e@group-13A077C36C46-LeaderElection8] INFO  server.RaftServerConfigKeys (ConfUtils.java:logGet(46)) - raft.server.write.element-limit = 1024 (custom)
2022-09-28 15:51:57,493 [d5a766ab-0838-4788-add0-62384b7c253e@group-13A077C36C46-LeaderElection8] INFO  server.RaftServerConfigKeys (ConfUtils.java:logGet(46)) - raft.server.write.follower.gap.ratio.max = -1.0 (default)
2022-09-28 15:51:57,493 [d5a766ab-0838-4788-add0-62384b7c253e@group-13A077C36C46-LeaderElection8] INFO  impl.RoleInfo (RoleInfo.java:updateAndGet(139)) - d5a766ab-0838-4788-add0-62384b7c253e: start d5a766ab-0838-4788-add0-62384b7c253e@group-13A077C36C46-LeaderStateImpl
2022-09-28 15:51:57,493 [d5a766ab-0838-4788-add0-62384b7c253e@group-13A077C36C46-LeaderElection8] INFO  segmented.SegmentedRaftLogWorker (SegmentedRaftLogWorker.java:startLogSegment(425)) - d5a766ab-0838-4788-add0-62384b7c253e@group-13A077C36C46-SegmentedRaftLogWorker: Starting segment from index:0
2022-09-28 15:51:57,495 [d5a766ab-0838-4788-add0-62384b7c253e@group-13A077C36C46-LeaderElection8] INFO  server.RaftServer$Division (ServerState.java:setRaftConf(393)) - d5a766ab-0838-4788-add0-62384b7c253e@group-13A077C36C46: set configuration 0: [d5a766ab-0838-4788-add0-62384b7c253e|rpc:10.1.1.55:44335|dataStream:|priority:1], old=null
2022-09-28 15:51:57,497 [d5a766ab-0838-4788-add0-62384b7c253e@group-13A077C36C46-SegmentedRaftLogWorker] INFO  segmented.SegmentedRaftLogWorker (SegmentedRaftLogWorker.java:execute(629)) - d5a766ab-0838-4788-add0-62384b7c253e@group-13A077C36C46-SegmentedRaftLogWorker: created new log segment /home/runner/work/ozone/ozone/hadoop-ozone/integration-test/target/test-dir/MiniOzoneClusterImpl-30c42134-6f07-4454-8a06-c8ace9e9986b/datanode-4/data/ratis/2bec66f3-2a7d-4ba3-84e2-13a077c36c46/current/log_inprogress_0
2022-09-28 15:51:57,927 [Listener at 127.0.0.1/36317] INFO  rpc.RpcClient (RpcClient.java:createVolume(471)) - Creating Volume: volume24312, with user51350 as owner and space quota set to -1 bytes, counts quota set to -1
2022-09-28 15:51:57,970 [OM StateMachine ApplyTransaction Thread - 0] INFO  volume.OMVolumeCreateRequest (OMVolumeCreateRequest.java:validateAndUpdateCache(195)) - created volume:volume24312 for user:user51350
2022-09-28 15:51:57,994 [Listener at 127.0.0.1/36317] INFO  rpc.RpcClient (RpcClient.java:createBucket(674)) - Creating Bucket: volume24312/bucket55718, with bucket layout LEGACY, runner as owner, Versioning false, Storage Type set to DISK and Encryption set to false 
2022-09-28 15:51:58,008 [OM StateMachine ApplyTransaction Thread - 0] INFO  bucket.OMBucketCreateRequest (OMBucketCreateRequest.java:validateAndUpdateCache(260)) - created bucket: bucket55718 of layout LEGACY in volume: volume24312
]]></system-out>
  </testcase>
  <testcase name="testGetTrashRoot" classname="TestOzoneFileSystem" time="57.906">
    <system-out><![CDATA[2022-09-28 15:52:39,784 [Listener at 127.0.0.1/36317] INFO  ozone.MiniOzoneClusterImpl (MiniOzoneClusterImpl.java:shutdown(448)) - Shutting down the Mini Ozone Cluster
2022-09-28 15:52:39,786 [Listener at 127.0.0.1/36317] INFO  ozone.MiniOzoneClusterImpl (MiniOzoneClusterImpl.java:stop(463)) - Stopping the Mini Ozone Cluster
2022-09-28 15:52:39,786 [Listener at 127.0.0.1/36317] INFO  ozone.MiniOzoneClusterImpl (MiniOzoneClusterImpl.java:stopOM(545)) - Stopping the OzoneManager
2022-09-28 15:52:39,786 [Listener at 127.0.0.1/36317] INFO  om.OzoneManager (OzoneManager.java:stop(2035)) - om1[localhost:0]: Stopping Ozone Manager
2022-09-28 15:52:39,786 [Listener at 127.0.0.1/36317] INFO  ipc.Server (Server.java:stop(3414)) - Stopping server on 36317
2022-09-28 15:52:39,814 [IPC Server listener on 0] INFO  ipc.Server (Server.java:run(1376)) - Stopping IPC Server listener on 0
2022-09-28 15:52:39,814 [IPC Server Responder] INFO  ipc.Server (Server.java:run(1512)) - Stopping IPC Server Responder
2022-09-28 15:52:39,820 [Listener at 127.0.0.1/36317] INFO  server.RaftServer (RaftServerProxy.java:lambda$close$7(398)) - om1: close
2022-09-28 15:52:39,820 [Listener at 127.0.0.1/36317] INFO  server.RaftServer$Division (RaftServerImpl.java:lambda$close$4(434)) - om1@group-C5BA1605619E: shutdown
2022-09-28 15:52:39,821 [Listener at 127.0.0.1/36317] INFO  util.JmxRegister (JmxRegister.java:unregister(73)) - Successfully un-registered JMX Bean with object name Ratis:service=RaftServer,group=group-C5BA1605619E,id=om1
2022-09-28 15:52:39,821 [Listener at 127.0.0.1/36317] INFO  impl.RoleInfo (RoleInfo.java:shutdownLeaderState(93)) - om1: shutdown om1@group-C5BA1605619E-LeaderStateImpl
2022-09-28 15:52:39,821 [Listener at 127.0.0.1/36317] INFO  impl.PendingRequests (PendingRequests.java:sendNotLeaderResponses(282)) - om1@group-C5BA1605619E-PendingRequests: sendNotLeaderResponses
2022-09-28 15:52:39,826 [Listener at 127.0.0.1/36317] INFO  impl.StateMachineUpdater (StateMachineUpdater.java:stopAndJoin(153)) - om1@group-C5BA1605619E-StateMachineUpdater: set stopIndex = 36978
2022-09-28 15:52:39,827 [om1@group-C5BA1605619E-StateMachineUpdater] INFO  ratis.OzoneManagerStateMachine (OzoneManagerStateMachine.java:takeSnapshot(441)) - Current Snapshot Index (t:1, i:36978)
2022-09-28 15:52:39,828 [om1@group-C5BA1605619E-StateMachineUpdater] INFO  impl.StateMachineUpdater (StateMachineUpdater.java:takeSnapshot(287)) - om1@group-C5BA1605619E-StateMachineUpdater: Took a snapshot at index 36978
2022-09-28 15:52:39,830 [om1@group-C5BA1605619E-StateMachineUpdater] INFO  impl.StateMachineUpdater (StateMachineUpdater.java:lambda$new$0(92)) - om1@group-C5BA1605619E-StateMachineUpdater: snapshotIndex: updateIncreasingly -1 -> 36978
2022-09-28 15:52:39,830 [om1@group-C5BA1605619E-StateMachineUpdater] INFO  ratis.OzoneManagerStateMachine (OzoneManagerStateMachine.java:close(495)) - StateMachine has shutdown. Shutdown OzoneManager if not already shutdown.
2022-09-28 15:52:39,830 [om1@group-C5BA1605619E-StateMachineUpdater] INFO  ratis.OzoneManagerDoubleBuffer (OzoneManagerDoubleBuffer.java:stop(466)) - Stopping OMDoubleBuffer flush thread
2022-09-28 15:52:39,830 [OMDoubleBufferFlushThread] INFO  ratis.OzoneManagerDoubleBuffer (OzoneManagerDoubleBuffer.java:flushTransactions(385)) - OMDoubleBuffer flush thread OMDoubleBufferFlushThread is interrupted and will exit.
2022-09-28 15:52:39,835 [Listener at 127.0.0.1/36317] INFO  server.RaftServer$Division (ServerState.java:close(429)) - om1@group-C5BA1605619E: closes. applyIndex: 36978
2022-09-28 15:52:39,845 [om1@group-C5BA1605619E-SegmentedRaftLogWorker] INFO  segmented.SegmentedRaftLogWorker (SegmentedRaftLogWorker.java:run(336)) - om1@group-C5BA1605619E-SegmentedRaftLogWorker was interrupted, exiting. There are 0 tasks remaining in the queue.
2022-09-28 15:52:39,847 [Listener at 127.0.0.1/36317] INFO  segmented.SegmentedRaftLogWorker (SegmentedRaftLogWorker.java:close(246)) - om1@group-C5BA1605619E-SegmentedRaftLogWorker close()
2022-09-28 15:52:39,849 [Listener at 127.0.0.1/36317] INFO  server.GrpcService (GrpcService.java:closeImpl(269)) - om1: shutdown server with port 9872 now
2022-09-28 15:52:39,856 [Listener at 127.0.0.1/36317] INFO  server.GrpcService (GrpcService.java:closeImpl(278)) - om1: shutdown server with port 9872 successfully
2022-09-28 15:52:39,856 [org.apache.ratis.util.JvmPauseMonitor$$Lambda$634/1800766250@28a186e4] INFO  util.JvmPauseMonitor (JvmPauseMonitor.java:run(109)) - JvmPauseMonitor-om1: Stopped
2022-09-28 15:52:39,857 [Listener at 127.0.0.1/36317] INFO  ratis.OzoneManagerStateMachine (OzoneManagerStateMachine.java:close(495)) - StateMachine has shutdown. Shutdown OzoneManager if not already shutdown.
2022-09-28 15:52:39,857 [Listener at 127.0.0.1/36317] INFO  ratis.OzoneManagerDoubleBuffer (OzoneManagerDoubleBuffer.java:stop(478)) - OMDoubleBuffer flush thread is not running.
2022-09-28 15:52:39,857 [Listener at 127.0.0.1/36317] INFO  utils.BackgroundService (BackgroundService.java:shutdown(141)) - Shutting down service KeyDeletingService
2022-09-28 15:52:39,857 [Listener at 127.0.0.1/36317] INFO  utils.BackgroundService (BackgroundService.java:shutdown(141)) - Shutting down service DirectoryDeletingService
2022-09-28 15:52:39,858 [Listener at 127.0.0.1/36317] INFO  utils.BackgroundService (BackgroundService.java:shutdown(141)) - Shutting down service OpenKeyCleanupService
2022-09-28 15:52:39,860 [Listener at 127.0.0.1/36317] INFO  handler.ContextHandler (ContextHandler.java:doStop(1153)) - Stopped o.e.j.w.WebAppContext@4f951635{ozoneManager,/,null,STOPPED}{file:/home/runner/work/ozone/ozone/hadoop-ozone/integration-test/target/test-classes/webapps/ozoneManager}
2022-09-28 15:52:39,863 [Listener at 127.0.0.1/36317] INFO  server.AbstractConnector (AbstractConnector.java:doStop(381)) - Stopped ServerConnector@5976d578{HTTP/1.1, (http/1.1)}{0.0.0.0:0}
2022-09-28 15:52:39,864 [Listener at 127.0.0.1/36317] INFO  server.session (HouseKeeper.java:stopScavenging(149)) - node0 Stopped scavenging
2022-09-28 15:52:39,864 [Listener at 127.0.0.1/36317] INFO  handler.ContextHandler (ContextHandler.java:doStop(1153)) - Stopped o.e.j.s.ServletContextHandler@2423aa4a{static,/static,file:///home/runner/work/ozone/ozone/hadoop-ozone/integration-test/target/test-classes/webapps/static,STOPPED}
2022-09-28 15:52:39,864 [Listener at 127.0.0.1/36317] INFO  handler.ContextHandler (ContextHandler.java:doStop(1153)) - Stopped o.e.j.s.ServletContextHandler@7b9b32f3{logs,/logs,file:///home/runner/work/ozone/ozone/hadoop-ozone/integration-test/target/log,STOPPED}
2022-09-28 15:52:39,866 [Trash Emptier] ERROR om.TrashPolicyOzone (TrashPolicyOzone.java:run(251)) - Error attempting to shutdown
java.lang.InterruptedException
	at java.util.concurrent.locks.AbstractQueuedSynchronizer$ConditionObject.awaitNanos(AbstractQueuedSynchronizer.java:2072)
	at java.util.concurrent.ThreadPoolExecutor.awaitTermination(ThreadPoolExecutor.java:1475)
	at org.apache.hadoop.ozone.om.TrashPolicyOzone$Emptier.run(TrashPolicyOzone.java:249)
	at java.lang.Thread.run(Thread.java:750)
2022-09-28 15:52:39,866 [Trash Emptier] ERROR util.ExitUtils (ExitUtils.java:terminate(133)) - Terminating with exit status -1: Thread[Trash Emptier,5,main] has thrown an uncaught exception
java.lang.UnsupportedOperationException: fs.getUri() not implemented in TrashOzoneFileSystem
	at org.apache.hadoop.ozone.om.TrashOzoneFileSystem.getUri(TrashOzoneFileSystem.java:126)
	at org.apache.hadoop.fs.FileSystem.close(FileSystem.java:2592)
	at org.apache.hadoop.ozone.om.TrashPolicyOzone$Emptier.run(TrashPolicyOzone.java:243)
	at java.lang.Thread.run(Thread.java:750)
2022-09-28 15:52:39,867 [Listener at 127.0.0.1/36317] INFO  ozone.MiniOzoneClusterImpl (MiniOzoneClusterImpl.java:stopDatanodes(522)) - Stopping the HddsDatanodes
2022-09-28 15:52:44,874 [ForkJoinPool.commonPool-worker-1] INFO  ozoneimpl.OzoneContainer (OzoneContainer.java:stop(400)) - Attempting to stop container services.
2022-09-28 15:52:44,874 [Listener at 127.0.0.1/36317] INFO  ozoneimpl.OzoneContainer (OzoneContainer.java:stop(400)) - Attempting to stop container services.
2022-09-28 15:52:44,878 [Listener at 127.0.0.1/36317] INFO  server.RaftServer (RaftServerProxy.java:lambda$close$7(398)) - f339b530-8901-434d-bf68-81dd9354474d: close
2022-09-28 15:52:44,878 [Listener at 127.0.0.1/36317] INFO  server.RaftServer$Division (RaftServerImpl.java:lambda$close$4(434)) - f339b530-8901-434d-bf68-81dd9354474d@group-C34DF4F8E5E8: shutdown
2022-09-28 15:52:44,878 [Listener at 127.0.0.1/36317] INFO  util.JmxRegister (JmxRegister.java:unregister(73)) - Successfully un-registered JMX Bean with object name Ratis:service=RaftServer,group=group-C34DF4F8E5E8,id=f339b530-8901-434d-bf68-81dd9354474d
2022-09-28 15:52:44,878 [Listener at 127.0.0.1/36317] INFO  impl.RoleInfo (RoleInfo.java:shutdownFollowerState(110)) - f339b530-8901-434d-bf68-81dd9354474d: shutdown f339b530-8901-434d-bf68-81dd9354474d@group-C34DF4F8E5E8-FollowerState
2022-09-28 15:52:44,878 [Listener at 127.0.0.1/36317] INFO  impl.StateMachineUpdater (StateMachineUpdater.java:stopAndJoin(153)) - f339b530-8901-434d-bf68-81dd9354474d@group-C34DF4F8E5E8-StateMachineUpdater: set stopIndex = 25
2022-09-28 15:52:44,878 [ForkJoinPool.commonPool-worker-1] INFO  server.RaftServer (RaftServerProxy.java:lambda$close$7(398)) - a57096d8-e38a-49fa-bac6-11df32f34a10: close
2022-09-28 15:52:44,878 [ForkJoinPool.commonPool-worker-1] INFO  server.RaftServer$Division (RaftServerImpl.java:lambda$close$4(434)) - a57096d8-e38a-49fa-bac6-11df32f34a10@group-C34DF4F8E5E8: shutdown
2022-09-28 15:52:44,879 [f339b530-8901-434d-bf68-81dd9354474d@group-C34DF4F8E5E8-StateMachineUpdater] INFO  ratis.ContainerStateMachine (ContainerStateMachine.java:takeSnapshot(304)) - group-C34DF4F8E5E8: Taking a snapshot at:(t:1, i:25) file /home/runner/work/ozone/ozone/hadoop-ozone/integration-test/target/test-dir/MiniOzoneClusterImpl-30c42134-6f07-4454-8a06-c8ace9e9986b/datanode-2/data/ratis/3c7f63f1-00ab-42a1-823d-c34df4f8e5e8/sm/snapshot.1_25
2022-09-28 15:52:44,878 [f339b530-8901-434d-bf68-81dd9354474d@group-C34DF4F8E5E8-FollowerState] INFO  impl.FollowerState (FollowerState.java:run(152)) - f339b530-8901-434d-bf68-81dd9354474d@group-C34DF4F8E5E8-FollowerState was interrupted
2022-09-28 15:52:44,879 [ForkJoinPool.commonPool-worker-1] INFO  util.JmxRegister (JmxRegister.java:unregister(73)) - Successfully un-registered JMX Bean with object name Ratis:service=RaftServer,group=group-C34DF4F8E5E8,id=a57096d8-e38a-49fa-bac6-11df32f34a10
2022-09-28 15:52:44,882 [ForkJoinPool.commonPool-worker-1] INFO  impl.RoleInfo (RoleInfo.java:shutdownFollowerState(110)) - a57096d8-e38a-49fa-bac6-11df32f34a10: shutdown a57096d8-e38a-49fa-bac6-11df32f34a10@group-C34DF4F8E5E8-FollowerState
2022-09-28 15:52:44,882 [a57096d8-e38a-49fa-bac6-11df32f34a10@group-C34DF4F8E5E8-FollowerState] INFO  impl.FollowerState (FollowerState.java:run(152)) - a57096d8-e38a-49fa-bac6-11df32f34a10@group-C34DF4F8E5E8-FollowerState was interrupted
2022-09-28 15:52:44,882 [ForkJoinPool.commonPool-worker-1] INFO  impl.StateMachineUpdater (StateMachineUpdater.java:stopAndJoin(153)) - a57096d8-e38a-49fa-bac6-11df32f34a10@group-C34DF4F8E5E8-StateMachineUpdater: set stopIndex = 25
2022-09-28 15:52:44,883 [a57096d8-e38a-49fa-bac6-11df32f34a10@group-C34DF4F8E5E8-StateMachineUpdater] INFO  ratis.ContainerStateMachine (ContainerStateMachine.java:takeSnapshot(304)) - group-C34DF4F8E5E8: Taking a snapshot at:(t:1, i:25) file /home/runner/work/ozone/ozone/hadoop-ozone/integration-test/target/test-dir/MiniOzoneClusterImpl-30c42134-6f07-4454-8a06-c8ace9e9986b/datanode-1/data/ratis/3c7f63f1-00ab-42a1-823d-c34df4f8e5e8/sm/snapshot.1_25
2022-09-28 15:52:44,914 [f339b530-8901-434d-bf68-81dd9354474d@group-C34DF4F8E5E8-StateMachineUpdater] INFO  ratis.ContainerStateMachine (ContainerStateMachine.java:takeSnapshot(315)) - group-C34DF4F8E5E8: Finished taking a snapshot at:(t:1, i:25) file:/home/runner/work/ozone/ozone/hadoop-ozone/integration-test/target/test-dir/MiniOzoneClusterImpl-30c42134-6f07-4454-8a06-c8ace9e9986b/datanode-2/data/ratis/3c7f63f1-00ab-42a1-823d-c34df4f8e5e8/sm/snapshot.1_25 took: 36 ms
2022-09-28 15:52:44,915 [a57096d8-e38a-49fa-bac6-11df32f34a10@group-C34DF4F8E5E8-StateMachineUpdater] INFO  ratis.ContainerStateMachine (ContainerStateMachine.java:takeSnapshot(315)) - group-C34DF4F8E5E8: Finished taking a snapshot at:(t:1, i:25) file:/home/runner/work/ozone/ozone/hadoop-ozone/integration-test/target/test-dir/MiniOzoneClusterImpl-30c42134-6f07-4454-8a06-c8ace9e9986b/datanode-1/data/ratis/3c7f63f1-00ab-42a1-823d-c34df4f8e5e8/sm/snapshot.1_25 took: 32 ms
2022-09-28 15:52:44,916 [a57096d8-e38a-49fa-bac6-11df32f34a10@group-C34DF4F8E5E8-StateMachineUpdater] INFO  impl.StateMachineUpdater (StateMachineUpdater.java:takeSnapshot(287)) - a57096d8-e38a-49fa-bac6-11df32f34a10@group-C34DF4F8E5E8-StateMachineUpdater: Took a snapshot at index 25
2022-09-28 15:52:44,916 [f339b530-8901-434d-bf68-81dd9354474d@group-C34DF4F8E5E8-StateMachineUpdater] INFO  impl.StateMachineUpdater (StateMachineUpdater.java:takeSnapshot(287)) - f339b530-8901-434d-bf68-81dd9354474d@group-C34DF4F8E5E8-StateMachineUpdater: Took a snapshot at index 25
2022-09-28 15:52:44,916 [a57096d8-e38a-49fa-bac6-11df32f34a10@group-C34DF4F8E5E8-StateMachineUpdater] INFO  impl.StateMachineUpdater (StateMachineUpdater.java:lambda$new$0(92)) - a57096d8-e38a-49fa-bac6-11df32f34a10@group-C34DF4F8E5E8-StateMachineUpdater: snapshotIndex: updateIncreasingly -1 -> 25
2022-09-28 15:52:44,916 [f339b530-8901-434d-bf68-81dd9354474d@group-C34DF4F8E5E8-StateMachineUpdater] INFO  impl.StateMachineUpdater (StateMachineUpdater.java:lambda$new$0(92)) - f339b530-8901-434d-bf68-81dd9354474d@group-C34DF4F8E5E8-StateMachineUpdater: snapshotIndex: updateIncreasingly -1 -> 25
2022-09-28 15:52:44,921 [Listener at 127.0.0.1/36317] INFO  server.RaftServer$Division (ServerState.java:close(429)) - f339b530-8901-434d-bf68-81dd9354474d@group-C34DF4F8E5E8: closes. applyIndex: 25
2022-09-28 15:52:44,921 [f339b530-8901-434d-bf68-81dd9354474d@group-C34DF4F8E5E8-SegmentedRaftLogWorker] INFO  segmented.SegmentedRaftLogWorker (SegmentedRaftLogWorker.java:run(336)) - f339b530-8901-434d-bf68-81dd9354474d@group-C34DF4F8E5E8-SegmentedRaftLogWorker was interrupted, exiting. There are 0 tasks remaining in the queue.
2022-09-28 15:52:44,930 [Listener at 127.0.0.1/36317] INFO  segmented.SegmentedRaftLogWorker (SegmentedRaftLogWorker.java:close(246)) - f339b530-8901-434d-bf68-81dd9354474d@group-C34DF4F8E5E8-SegmentedRaftLogWorker close()
2022-09-28 15:52:44,931 [ForkJoinPool.commonPool-worker-1] INFO  server.RaftServer$Division (ServerState.java:close(429)) - a57096d8-e38a-49fa-bac6-11df32f34a10@group-C34DF4F8E5E8: closes. applyIndex: 25
2022-09-28 15:52:44,932 [a57096d8-e38a-49fa-bac6-11df32f34a10@group-C34DF4F8E5E8-SegmentedRaftLogWorker] INFO  segmented.SegmentedRaftLogWorker (SegmentedRaftLogWorker.java:run(336)) - a57096d8-e38a-49fa-bac6-11df32f34a10@group-C34DF4F8E5E8-SegmentedRaftLogWorker was interrupted, exiting. There are 0 tasks remaining in the queue.
2022-09-28 15:52:44,933 [ForkJoinPool.commonPool-worker-1] INFO  segmented.SegmentedRaftLogWorker (SegmentedRaftLogWorker.java:close(246)) - a57096d8-e38a-49fa-bac6-11df32f34a10@group-C34DF4F8E5E8-SegmentedRaftLogWorker close()
2022-09-28 15:52:44,933 [Listener at 127.0.0.1/36317] INFO  server.RaftServer$Division (RaftServerImpl.java:lambda$close$4(434)) - f339b530-8901-434d-bf68-81dd9354474d@group-68D461E2611D: shutdown
2022-09-28 15:52:44,933 [Listener at 127.0.0.1/36317] INFO  util.JmxRegister (JmxRegister.java:unregister(73)) - Successfully un-registered JMX Bean with object name Ratis:service=RaftServer,group=group-68D461E2611D,id=f339b530-8901-434d-bf68-81dd9354474d
2022-09-28 15:52:44,934 [Listener at 127.0.0.1/36317] INFO  impl.RoleInfo (RoleInfo.java:shutdownLeaderState(93)) - f339b530-8901-434d-bf68-81dd9354474d: shutdown f339b530-8901-434d-bf68-81dd9354474d@group-68D461E2611D-LeaderStateImpl
2022-09-28 15:52:44,935 [Listener at 127.0.0.1/36317] INFO  impl.PendingRequests (PendingRequests.java:sendNotLeaderResponses(282)) - f339b530-8901-434d-bf68-81dd9354474d@group-68D461E2611D-PendingRequests: sendNotLeaderResponses
2022-09-28 15:52:44,935 [ForkJoinPool.commonPool-worker-1] INFO  server.RaftServer$Division (RaftServerImpl.java:lambda$close$4(434)) - a57096d8-e38a-49fa-bac6-11df32f34a10@group-4C0325BD5F48: shutdown
2022-09-28 15:52:44,935 [Listener at 127.0.0.1/36317] INFO  impl.StateMachineUpdater (StateMachineUpdater.java:stopAndJoin(153)) - f339b530-8901-434d-bf68-81dd9354474d@group-68D461E2611D-StateMachineUpdater: set stopIndex = 0
2022-09-28 15:52:44,935 [ForkJoinPool.commonPool-worker-1] INFO  util.JmxRegister (JmxRegister.java:unregister(73)) - Successfully un-registered JMX Bean with object name Ratis:service=RaftServer,group=group-4C0325BD5F48,id=a57096d8-e38a-49fa-bac6-11df32f34a10
2022-09-28 15:52:44,935 [f339b530-8901-434d-bf68-81dd9354474d@group-68D461E2611D-StateMachineUpdater] INFO  ratis.ContainerStateMachine (ContainerStateMachine.java:takeSnapshot(304)) - group-68D461E2611D: Taking a snapshot at:(t:1, i:0) file /home/runner/work/ozone/ozone/hadoop-ozone/integration-test/target/test-dir/MiniOzoneClusterImpl-30c42134-6f07-4454-8a06-c8ace9e9986b/datanode-2/data/ratis/13ad82ce-4947-4585-bfde-68d461e2611d/sm/snapshot.1_0
2022-09-28 15:52:44,937 [ForkJoinPool.commonPool-worker-1] INFO  impl.RoleInfo (RoleInfo.java:shutdownLeaderState(93)) - a57096d8-e38a-49fa-bac6-11df32f34a10: shutdown a57096d8-e38a-49fa-bac6-11df32f34a10@group-4C0325BD5F48-LeaderStateImpl
2022-09-28 15:52:44,938 [f339b530-8901-434d-bf68-81dd9354474d@group-68D461E2611D-StateMachineUpdater] INFO  ratis.ContainerStateMachine (ContainerStateMachine.java:takeSnapshot(315)) - group-68D461E2611D: Finished taking a snapshot at:(t:1, i:0) file:/home/runner/work/ozone/ozone/hadoop-ozone/integration-test/target/test-dir/MiniOzoneClusterImpl-30c42134-6f07-4454-8a06-c8ace9e9986b/datanode-2/data/ratis/13ad82ce-4947-4585-bfde-68d461e2611d/sm/snapshot.1_0 took: 2 ms
2022-09-28 15:52:44,938 [f339b530-8901-434d-bf68-81dd9354474d@group-68D461E2611D-StateMachineUpdater] INFO  impl.StateMachineUpdater (StateMachineUpdater.java:takeSnapshot(287)) - f339b530-8901-434d-bf68-81dd9354474d@group-68D461E2611D-StateMachineUpdater: Took a snapshot at index 0
2022-09-28 15:52:44,938 [f339b530-8901-434d-bf68-81dd9354474d@group-68D461E2611D-StateMachineUpdater] INFO  impl.StateMachineUpdater (StateMachineUpdater.java:lambda$new$0(92)) - f339b530-8901-434d-bf68-81dd9354474d@group-68D461E2611D-StateMachineUpdater: snapshotIndex: updateIncreasingly -1 -> 0
2022-09-28 15:52:44,939 [a57096d8-e38a-49fa-bac6-11df32f34a10@group-4C0325BD5F48->f339b530-8901-434d-bf68-81dd9354474d-GrpcLogAppender-LogAppenderDaemon] WARN  server.GrpcLogAppender (GrpcLogAppender.java:mayWait(171)) - a57096d8-e38a-49fa-bac6-11df32f34a10@group-4C0325BD5F48->f339b530-8901-434d-bf68-81dd9354474d-GrpcLogAppender: Wait interrupted by java.lang.InterruptedException
2022-09-28 15:52:44,941 [grpc-default-executor-1] INFO  server.GrpcServerProtocolService (GrpcServerProtocolService.java:onCompleted(140)) - f339b530-8901-434d-bf68-81dd9354474d: Completed APPEND_ENTRIES, lastRequest: a57096d8-e38a-49fa-bac6-11df32f34a10->f339b530-8901-434d-bf68-81dd9354474d#266-t2,previous=(t:2, i:3),leaderCommit=2,initializing? true,entries: size=1, first=(t:2, i:4), METADATAENTRY(c:2)
2022-09-28 15:52:44,939 [Listener at 127.0.0.1/36317] INFO  server.RaftServer$Division (ServerState.java:close(429)) - f339b530-8901-434d-bf68-81dd9354474d@group-68D461E2611D: closes. applyIndex: 0
2022-09-28 15:52:44,942 [f339b530-8901-434d-bf68-81dd9354474d@group-68D461E2611D-SegmentedRaftLogWorker] INFO  segmented.SegmentedRaftLogWorker (SegmentedRaftLogWorker.java:run(336)) - f339b530-8901-434d-bf68-81dd9354474d@group-68D461E2611D-SegmentedRaftLogWorker was interrupted, exiting. There are 0 tasks remaining in the queue.
2022-09-28 15:52:44,938 [ForkJoinPool.commonPool-worker-1] INFO  impl.PendingRequests (PendingRequests.java:sendNotLeaderResponses(282)) - a57096d8-e38a-49fa-bac6-11df32f34a10@group-4C0325BD5F48-PendingRequests: sendNotLeaderResponses
2022-09-28 15:52:44,939 [a57096d8-e38a-49fa-bac6-11df32f34a10@group-4C0325BD5F48->8d8147bd-34a3-4093-acb2-725bd7232b45-GrpcLogAppender-LogAppenderDaemon] WARN  server.GrpcLogAppender (GrpcLogAppender.java:mayWait(171)) - a57096d8-e38a-49fa-bac6-11df32f34a10@group-4C0325BD5F48->8d8147bd-34a3-4093-acb2-725bd7232b45-GrpcLogAppender: Wait interrupted by java.lang.InterruptedException
2022-09-28 15:52:44,941 [grpc-default-executor-0] INFO  server.GrpcLogAppender (GrpcLogAppender.java:onCompleted(339)) - a57096d8-e38a-49fa-bac6-11df32f34a10@group-4C0325BD5F48->f339b530-8901-434d-bf68-81dd9354474d-AppendLogResponseHandler: follower responses appendEntries COMPLETED
2022-09-28 15:52:44,944 [grpc-default-executor-1] INFO  server.GrpcServerProtocolService (GrpcServerProtocolService.java:onCompleted(140)) - 8d8147bd-34a3-4093-acb2-725bd7232b45: Completed APPEND_ENTRIES, lastRequest: a57096d8-e38a-49fa-bac6-11df32f34a10->8d8147bd-34a3-4093-acb2-725bd7232b45#263-t2,previous=(t:2, i:3),leaderCommit=2,initializing? true,entries: size=1, first=(t:2, i:4), METADATAENTRY(c:2)
2022-09-28 15:52:44,945 [grpc-default-executor-2] INFO  server.GrpcLogAppender (GrpcLogAppender.java:onCompleted(339)) - a57096d8-e38a-49fa-bac6-11df32f34a10@group-4C0325BD5F48->8d8147bd-34a3-4093-acb2-725bd7232b45-AppendLogResponseHandler: follower responses appendEntries COMPLETED
2022-09-28 15:52:44,945 [Listener at 127.0.0.1/36317] INFO  segmented.SegmentedRaftLogWorker (SegmentedRaftLogWorker.java:close(246)) - f339b530-8901-434d-bf68-81dd9354474d@group-68D461E2611D-SegmentedRaftLogWorker close()
2022-09-28 15:52:44,947 [Listener at 127.0.0.1/36317] INFO  server.RaftServer$Division (RaftServerImpl.java:lambda$close$4(434)) - f339b530-8901-434d-bf68-81dd9354474d@group-4C0325BD5F48: shutdown
2022-09-28 15:52:44,947 [Listener at 127.0.0.1/36317] INFO  util.JmxRegister (JmxRegister.java:unregister(73)) - Successfully un-registered JMX Bean with object name Ratis:service=RaftServer,group=group-4C0325BD5F48,id=f339b530-8901-434d-bf68-81dd9354474d
2022-09-28 15:52:44,947 [Listener at 127.0.0.1/36317] INFO  impl.RoleInfo (RoleInfo.java:shutdownFollowerState(110)) - f339b530-8901-434d-bf68-81dd9354474d: shutdown f339b530-8901-434d-bf68-81dd9354474d@group-4C0325BD5F48-FollowerState
2022-09-28 15:52:44,948 [Listener at 127.0.0.1/36317] INFO  impl.StateMachineUpdater (StateMachineUpdater.java:stopAndJoin(153)) - f339b530-8901-434d-bf68-81dd9354474d@group-4C0325BD5F48-StateMachineUpdater: set stopIndex = 4
2022-09-28 15:52:44,948 [f339b530-8901-434d-bf68-81dd9354474d@group-4C0325BD5F48-FollowerState] INFO  impl.FollowerState (FollowerState.java:run(152)) - f339b530-8901-434d-bf68-81dd9354474d@group-4C0325BD5F48-FollowerState was interrupted
2022-09-28 15:52:44,948 [f339b530-8901-434d-bf68-81dd9354474d@group-4C0325BD5F48-StateMachineUpdater] INFO  ratis.ContainerStateMachine (ContainerStateMachine.java:takeSnapshot(304)) - group-4C0325BD5F48: Taking a snapshot at:(t:2, i:4) file /home/runner/work/ozone/ozone/hadoop-ozone/integration-test/target/test-dir/MiniOzoneClusterImpl-30c42134-6f07-4454-8a06-c8ace9e9986b/datanode-2/data/ratis/a89d047a-da0f-4a1d-b235-4c0325bd5f48/sm/snapshot.2_4
2022-09-28 15:52:44,948 [grpc-default-executor-0] INFO  leader.FollowerInfo (FollowerInfoImpl.java:lambda$new$0(48)) - a57096d8-e38a-49fa-bac6-11df32f34a10@group-4C0325BD5F48->f339b530-8901-434d-bf68-81dd9354474d: nextIndex: updateUnconditionally 5 -> 4
2022-09-28 15:52:44,950 [f339b530-8901-434d-bf68-81dd9354474d@group-4C0325BD5F48-StateMachineUpdater] INFO  ratis.ContainerStateMachine (ContainerStateMachine.java:takeSnapshot(315)) - group-4C0325BD5F48: Finished taking a snapshot at:(t:2, i:4) file:/home/runner/work/ozone/ozone/hadoop-ozone/integration-test/target/test-dir/MiniOzoneClusterImpl-30c42134-6f07-4454-8a06-c8ace9e9986b/datanode-2/data/ratis/a89d047a-da0f-4a1d-b235-4c0325bd5f48/sm/snapshot.2_4 took: 2 ms
2022-09-28 15:52:44,950 [f339b530-8901-434d-bf68-81dd9354474d@group-4C0325BD5F48-StateMachineUpdater] INFO  impl.StateMachineUpdater (StateMachineUpdater.java:takeSnapshot(287)) - f339b530-8901-434d-bf68-81dd9354474d@group-4C0325BD5F48-StateMachineUpdater: Took a snapshot at index 4
2022-09-28 15:52:44,950 [f339b530-8901-434d-bf68-81dd9354474d@group-4C0325BD5F48-StateMachineUpdater] INFO  impl.StateMachineUpdater (StateMachineUpdater.java:lambda$new$0(92)) - f339b530-8901-434d-bf68-81dd9354474d@group-4C0325BD5F48-StateMachineUpdater: snapshotIndex: updateIncreasingly -1 -> 4
2022-09-28 15:52:44,950 [ForkJoinPool.commonPool-worker-1] INFO  impl.StateMachineUpdater (StateMachineUpdater.java:stopAndJoin(153)) - a57096d8-e38a-49fa-bac6-11df32f34a10@group-4C0325BD5F48-StateMachineUpdater: set stopIndex = 4
2022-09-28 15:52:44,951 [a57096d8-e38a-49fa-bac6-11df32f34a10@group-4C0325BD5F48-StateMachineUpdater] INFO  ratis.ContainerStateMachine (ContainerStateMachine.java:takeSnapshot(304)) - group-4C0325BD5F48: Taking a snapshot at:(t:2, i:4) file /home/runner/work/ozone/ozone/hadoop-ozone/integration-test/target/test-dir/MiniOzoneClusterImpl-30c42134-6f07-4454-8a06-c8ace9e9986b/datanode-1/data/ratis/a89d047a-da0f-4a1d-b235-4c0325bd5f48/sm/snapshot.2_4
2022-09-28 15:52:44,952 [Listener at 127.0.0.1/36317] INFO  server.RaftServer$Division (ServerState.java:close(429)) - f339b530-8901-434d-bf68-81dd9354474d@group-4C0325BD5F48: closes. applyIndex: 4
2022-09-28 15:52:44,953 [a57096d8-e38a-49fa-bac6-11df32f34a10@group-4C0325BD5F48-StateMachineUpdater] INFO  ratis.ContainerStateMachine (ContainerStateMachine.java:takeSnapshot(315)) - group-4C0325BD5F48: Finished taking a snapshot at:(t:2, i:4) file:/home/runner/work/ozone/ozone/hadoop-ozone/integration-test/target/test-dir/MiniOzoneClusterImpl-30c42134-6f07-4454-8a06-c8ace9e9986b/datanode-1/data/ratis/a89d047a-da0f-4a1d-b235-4c0325bd5f48/sm/snapshot.2_4 took: 2 ms
2022-09-28 15:52:44,953 [a57096d8-e38a-49fa-bac6-11df32f34a10@group-4C0325BD5F48-StateMachineUpdater] INFO  impl.StateMachineUpdater (StateMachineUpdater.java:takeSnapshot(287)) - a57096d8-e38a-49fa-bac6-11df32f34a10@group-4C0325BD5F48-StateMachineUpdater: Took a snapshot at index 4
2022-09-28 15:52:44,953 [a57096d8-e38a-49fa-bac6-11df32f34a10@group-4C0325BD5F48-StateMachineUpdater] INFO  impl.StateMachineUpdater (StateMachineUpdater.java:lambda$new$0(92)) - a57096d8-e38a-49fa-bac6-11df32f34a10@group-4C0325BD5F48-StateMachineUpdater: snapshotIndex: updateIncreasingly -1 -> 4
2022-09-28 15:52:44,954 [ForkJoinPool.commonPool-worker-1] INFO  server.RaftServer$Division (ServerState.java:close(429)) - a57096d8-e38a-49fa-bac6-11df32f34a10@group-4C0325BD5F48: closes. applyIndex: 4
2022-09-28 15:52:44,954 [a57096d8-e38a-49fa-bac6-11df32f34a10@group-4C0325BD5F48-SegmentedRaftLogWorker] INFO  segmented.SegmentedRaftLogWorker (SegmentedRaftLogWorker.java:run(336)) - a57096d8-e38a-49fa-bac6-11df32f34a10@group-4C0325BD5F48-SegmentedRaftLogWorker was interrupted, exiting. There are 0 tasks remaining in the queue.
2022-09-28 15:52:44,959 [f339b530-8901-434d-bf68-81dd9354474d@group-4C0325BD5F48-SegmentedRaftLogWorker] INFO  segmented.SegmentedRaftLogWorker (SegmentedRaftLogWorker.java:run(336)) - f339b530-8901-434d-bf68-81dd9354474d@group-4C0325BD5F48-SegmentedRaftLogWorker was interrupted, exiting. There are 0 tasks remaining in the queue.
2022-09-28 15:52:44,950 [grpc-default-executor-2] INFO  leader.FollowerInfo (FollowerInfoImpl.java:lambda$new$0(48)) - a57096d8-e38a-49fa-bac6-11df32f34a10@group-4C0325BD5F48->8d8147bd-34a3-4093-acb2-725bd7232b45: nextIndex: updateUnconditionally 5 -> 4
2022-09-28 15:52:44,960 [Listener at 127.0.0.1/36317] INFO  segmented.SegmentedRaftLogWorker (SegmentedRaftLogWorker.java:close(246)) - f339b530-8901-434d-bf68-81dd9354474d@group-4C0325BD5F48-SegmentedRaftLogWorker close()
2022-09-28 15:52:44,961 [ForkJoinPool.commonPool-worker-1] INFO  segmented.SegmentedRaftLogWorker (SegmentedRaftLogWorker.java:close(246)) - a57096d8-e38a-49fa-bac6-11df32f34a10@group-4C0325BD5F48-SegmentedRaftLogWorker close()
2022-09-28 15:52:44,961 [Listener at 127.0.0.1/36317] INFO  server.GrpcService (GrpcService.java:closeImpl(269)) - f339b530-8901-434d-bf68-81dd9354474d: shutdown server with port 43271 now
2022-09-28 15:52:44,967 [ForkJoinPool.commonPool-worker-1] INFO  server.RaftServer$Division (RaftServerImpl.java:lambda$close$4(434)) - a57096d8-e38a-49fa-bac6-11df32f34a10@group-4A6FFCBD8ED8: shutdown
2022-09-28 15:52:44,968 [ForkJoinPool.commonPool-worker-1] INFO  util.JmxRegister (JmxRegister.java:unregister(73)) - Successfully un-registered JMX Bean with object name Ratis:service=RaftServer,group=group-4A6FFCBD8ED8,id=a57096d8-e38a-49fa-bac6-11df32f34a10
2022-09-28 15:52:44,968 [ForkJoinPool.commonPool-worker-1] INFO  impl.RoleInfo (RoleInfo.java:shutdownLeaderState(93)) - a57096d8-e38a-49fa-bac6-11df32f34a10: shutdown a57096d8-e38a-49fa-bac6-11df32f34a10@group-4A6FFCBD8ED8-LeaderStateImpl
2022-09-28 15:52:44,968 [ForkJoinPool.commonPool-worker-1] INFO  impl.PendingRequests (PendingRequests.java:sendNotLeaderResponses(282)) - a57096d8-e38a-49fa-bac6-11df32f34a10@group-4A6FFCBD8ED8-PendingRequests: sendNotLeaderResponses
2022-09-28 15:52:44,968 [a57096d8-e38a-49fa-bac6-11df32f34a10@group-4A6FFCBD8ED8-StateMachineUpdater] INFO  ratis.ContainerStateMachine (ContainerStateMachine.java:takeSnapshot(304)) - group-4A6FFCBD8ED8: Taking a snapshot at:(t:1, i:0) file /home/runner/work/ozone/ozone/hadoop-ozone/integration-test/target/test-dir/MiniOzoneClusterImpl-30c42134-6f07-4454-8a06-c8ace9e9986b/datanode-1/data/ratis/028a906a-04e3-4526-bc85-4a6ffcbd8ed8/sm/snapshot.1_0
2022-09-28 15:52:44,968 [ForkJoinPool.commonPool-worker-1] INFO  impl.StateMachineUpdater (StateMachineUpdater.java:stopAndJoin(153)) - a57096d8-e38a-49fa-bac6-11df32f34a10@group-4A6FFCBD8ED8-StateMachineUpdater: set stopIndex = 0
2022-09-28 15:52:44,971 [a57096d8-e38a-49fa-bac6-11df32f34a10@group-4A6FFCBD8ED8-StateMachineUpdater] INFO  ratis.ContainerStateMachine (ContainerStateMachine.java:takeSnapshot(315)) - group-4A6FFCBD8ED8: Finished taking a snapshot at:(t:1, i:0) file:/home/runner/work/ozone/ozone/hadoop-ozone/integration-test/target/test-dir/MiniOzoneClusterImpl-30c42134-6f07-4454-8a06-c8ace9e9986b/datanode-1/data/ratis/028a906a-04e3-4526-bc85-4a6ffcbd8ed8/sm/snapshot.1_0 took: 2 ms
2022-09-28 15:52:44,971 [a57096d8-e38a-49fa-bac6-11df32f34a10@group-4A6FFCBD8ED8-StateMachineUpdater] INFO  impl.StateMachineUpdater (StateMachineUpdater.java:takeSnapshot(287)) - a57096d8-e38a-49fa-bac6-11df32f34a10@group-4A6FFCBD8ED8-StateMachineUpdater: Took a snapshot at index 0
2022-09-28 15:52:44,971 [a57096d8-e38a-49fa-bac6-11df32f34a10@group-4A6FFCBD8ED8-StateMachineUpdater] INFO  impl.StateMachineUpdater (StateMachineUpdater.java:lambda$new$0(92)) - a57096d8-e38a-49fa-bac6-11df32f34a10@group-4A6FFCBD8ED8-StateMachineUpdater: snapshotIndex: updateIncreasingly -1 -> 0
2022-09-28 15:52:44,972 [ForkJoinPool.commonPool-worker-1] INFO  server.RaftServer$Division (ServerState.java:close(429)) - a57096d8-e38a-49fa-bac6-11df32f34a10@group-4A6FFCBD8ED8: closes. applyIndex: 0
2022-09-28 15:52:44,973 [a57096d8-e38a-49fa-bac6-11df32f34a10@group-4A6FFCBD8ED8-SegmentedRaftLogWorker] INFO  segmented.SegmentedRaftLogWorker (SegmentedRaftLogWorker.java:run(336)) - a57096d8-e38a-49fa-bac6-11df32f34a10@group-4A6FFCBD8ED8-SegmentedRaftLogWorker was interrupted, exiting. There are 0 tasks remaining in the queue.
2022-09-28 15:52:44,973 [ForkJoinPool.commonPool-worker-1] INFO  segmented.SegmentedRaftLogWorker (SegmentedRaftLogWorker.java:close(246)) - a57096d8-e38a-49fa-bac6-11df32f34a10@group-4A6FFCBD8ED8-SegmentedRaftLogWorker close()
2022-09-28 15:52:44,976 [ForkJoinPool.commonPool-worker-1] INFO  server.GrpcService (GrpcService.java:closeImpl(269)) - a57096d8-e38a-49fa-bac6-11df32f34a10: shutdown server with port 35365 now
2022-09-28 15:52:44,976 [grpc-default-executor-2] WARN  server.GrpcServerProtocolService (LogUtils.java:warn(122)) - f339b530-8901-434d-bf68-81dd9354474d: installSnapshot onError, lastRequest: 8d8147bd-34a3-4093-acb2-725bd7232b45->f339b530-8901-434d-bf68-81dd9354474d#129-t1,previous=(t:1, i:24),leaderCommit=23,initializing? true,entries: size=1, first=(t:1, i:25), METADATAENTRY(c:23): org.apache.ratis.thirdparty.io.grpc.StatusRuntimeException: CANCELLED: client cancelled
2022-09-28 15:52:44,978 [grpc-default-executor-3] WARN  server.GrpcServerProtocolService (LogUtils.java:warn(122)) - a57096d8-e38a-49fa-bac6-11df32f34a10: installSnapshot onError, lastRequest: 8d8147bd-34a3-4093-acb2-725bd7232b45->a57096d8-e38a-49fa-bac6-11df32f34a10#134-t1,previous=(t:1, i:24),leaderCommit=23,initializing? true,entries: size=1, first=(t:1, i:25), METADATAENTRY(c:23): org.apache.ratis.thirdparty.io.grpc.StatusRuntimeException: CANCELLED: client cancelled
2022-09-28 15:52:44,978 [Listener at 127.0.0.1/36317] INFO  server.GrpcService (GrpcService.java:closeImpl(278)) - f339b530-8901-434d-bf68-81dd9354474d: shutdown server with port 43271 successfully
2022-09-28 15:52:44,979 [org.apache.ratis.util.JvmPauseMonitor$$Lambda$634/1800766250@7f9f3860] INFO  util.JvmPauseMonitor (JvmPauseMonitor.java:run(109)) - JvmPauseMonitor-f339b530-8901-434d-bf68-81dd9354474d: Stopped
2022-09-28 15:52:44,980 [grpc-default-executor-2] WARN  server.GrpcLogAppender (LogUtils.java:warn(122)) - 8d8147bd-34a3-4093-acb2-725bd7232b45@group-C34DF4F8E5E8->a57096d8-e38a-49fa-bac6-11df32f34a10-AppendLogResponseHandler: Failed appendEntries: org.apache.ratis.thirdparty.io.grpc.StatusRuntimeException: CANCELLED: RST_STREAM closed stream. HTTP/2 error code: CANCEL
2022-09-28 15:52:44,981 [grpc-default-executor-2] INFO  leader.FollowerInfo (FollowerInfoImpl.java:lambda$new$0(48)) - 8d8147bd-34a3-4093-acb2-725bd7232b45@group-C34DF4F8E5E8->a57096d8-e38a-49fa-bac6-11df32f34a10: nextIndex: updateUnconditionally 26 -> 25
2022-09-28 15:52:44,981 [grpc-default-executor-2] WARN  server.GrpcLogAppender (LogUtils.java:warn(122)) - 8d8147bd-34a3-4093-acb2-725bd7232b45@group-C34DF4F8E5E8->f339b530-8901-434d-bf68-81dd9354474d-AppendLogResponseHandler: Failed appendEntries: org.apache.ratis.thirdparty.io.grpc.StatusRuntimeException: CANCELLED: RST_STREAM closed stream. HTTP/2 error code: CANCEL
2022-09-28 15:52:44,981 [grpc-default-executor-2] INFO  leader.FollowerInfo (FollowerInfoImpl.java:lambda$new$0(48)) - 8d8147bd-34a3-4093-acb2-725bd7232b45@group-C34DF4F8E5E8->f339b530-8901-434d-bf68-81dd9354474d: nextIndex: updateUnconditionally 26 -> 25
2022-09-28 15:52:45,234 [ForkJoinPool.commonPool-worker-1] INFO  server.GrpcService (GrpcService.java:closeImpl(278)) - a57096d8-e38a-49fa-bac6-11df32f34a10: shutdown server with port 35365 successfully
2022-09-28 15:52:45,243 [org.apache.ratis.util.JvmPauseMonitor$$Lambda$634/1800766250@e5e4990] INFO  util.JvmPauseMonitor (JvmPauseMonitor.java:run(109)) - JvmPauseMonitor-a57096d8-e38a-49fa-bac6-11df32f34a10: Stopped
2022-09-28 15:52:45,243 [org.apache.ratis.util.JvmPauseMonitor$$Lambda$634/1800766250@5ab3e134] WARN  util.JvmPauseMonitor (JvmPauseMonitor.java:detectPause(124)) - JvmPauseMonitor-d5a766ab-0838-4788-add0-62384b7c253e: Detected pause in JVM or host machine (eg GC): pause of approximately 253173990ns.
GC pool 'PS MarkSweep' had collection(s): count=1 time=214ms
GC pool 'PS Scavenge' had collection(s): count=1 time=34ms
2022-09-28 15:52:45,255 [grpc-default-executor-3] WARN  server.GrpcLogAppender (LogUtils.java:warn(122)) - 8d8147bd-34a3-4093-acb2-725bd7232b45@group-C34DF4F8E5E8->a57096d8-e38a-49fa-bac6-11df32f34a10-AppendLogResponseHandler: Failed appendEntries: org.apache.ratis.thirdparty.io.grpc.StatusRuntimeException: UNAVAILABLE: io exception
2022-09-28 15:52:45,256 [grpc-default-executor-3] INFO  leader.FollowerInfo (FollowerInfoImpl.java:lambda$new$0(48)) - 8d8147bd-34a3-4093-acb2-725bd7232b45@group-C34DF4F8E5E8->a57096d8-e38a-49fa-bac6-11df32f34a10: nextIndex: updateUnconditionally 26 -> 25
2022-09-28 15:52:45,257 [grpc-default-executor-3] WARN  server.GrpcLogAppender (LogUtils.java:warn(122)) - 8d8147bd-34a3-4093-acb2-725bd7232b45@group-C34DF4F8E5E8->f339b530-8901-434d-bf68-81dd9354474d-AppendLogResponseHandler: Failed appendEntries: org.apache.ratis.thirdparty.io.grpc.StatusRuntimeException: UNAVAILABLE: io exception
2022-09-28 15:52:45,257 [grpc-default-executor-3] INFO  leader.FollowerInfo (FollowerInfoImpl.java:lambda$new$0(48)) - 8d8147bd-34a3-4093-acb2-725bd7232b45@group-C34DF4F8E5E8->f339b530-8901-434d-bf68-81dd9354474d: nextIndex: updateUnconditionally 26 -> 25
2022-09-28 15:52:47,052 [Listener at 127.0.0.1/36317] INFO  utils.BackgroundService (BackgroundService.java:shutdown(141)) - Shutting down service BlockDeletingService
2022-09-28 15:52:47,054 [Listener at 127.0.0.1/36317] INFO  utils.BackgroundService (BackgroundService.java:shutdown(141)) - Shutting down service StaleRecoveringContainerScrubbingService
2022-09-28 15:52:47,260 [ForkJoinPool.commonPool-worker-1] INFO  utils.BackgroundService (BackgroundService.java:shutdown(141)) - Shutting down service BlockDeletingService
2022-09-28 15:52:47,260 [ForkJoinPool.commonPool-worker-1] INFO  utils.BackgroundService (BackgroundService.java:shutdown(141)) - Shutting down service StaleRecoveringContainerScrubbingService
2022-09-28 15:52:47,267 [grpc-default-executor-3] WARN  server.GrpcLogAppender (LogUtils.java:warn(122)) - 8d8147bd-34a3-4093-acb2-725bd7232b45@group-C34DF4F8E5E8->a57096d8-e38a-49fa-bac6-11df32f34a10-AppendLogResponseHandler: Failed appendEntries: org.apache.ratis.thirdparty.io.grpc.StatusRuntimeException: UNAVAILABLE: io exception
2022-09-28 15:52:47,268 [grpc-default-executor-3] INFO  leader.FollowerInfo (FollowerInfoImpl.java:lambda$new$0(48)) - 8d8147bd-34a3-4093-acb2-725bd7232b45@group-C34DF4F8E5E8->a57096d8-e38a-49fa-bac6-11df32f34a10: nextIndex: updateUnconditionally 26 -> 25
2022-09-28 15:52:47,281 [grpc-default-executor-3] WARN  server.GrpcLogAppender (LogUtils.java:warn(122)) - 8d8147bd-34a3-4093-acb2-725bd7232b45@group-C34DF4F8E5E8->f339b530-8901-434d-bf68-81dd9354474d-AppendLogResponseHandler: Failed appendEntries: org.apache.ratis.thirdparty.io.grpc.StatusRuntimeException: UNAVAILABLE: io exception
2022-09-28 15:52:47,282 [grpc-default-executor-3] INFO  leader.FollowerInfo (FollowerInfoImpl.java:lambda$new$0(48)) - 8d8147bd-34a3-4093-acb2-725bd7232b45@group-C34DF4F8E5E8->f339b530-8901-434d-bf68-81dd9354474d: nextIndex: updateUnconditionally 26 -> 25
2022-09-28 15:52:48,517 [grpc-default-executor-3] WARN  server.GrpcLogAppender (LogUtils.java:warn(122)) - 8d8147bd-34a3-4093-acb2-725bd7232b45@group-C34DF4F8E5E8->a57096d8-e38a-49fa-bac6-11df32f34a10-AppendLogResponseHandler: Failed appendEntries: org.apache.ratis.thirdparty.io.grpc.StatusRuntimeException: UNAVAILABLE: io exception
2022-09-28 15:52:48,518 [grpc-default-executor-3] INFO  leader.FollowerInfo (FollowerInfoImpl.java:lambda$new$0(48)) - 8d8147bd-34a3-4093-acb2-725bd7232b45@group-C34DF4F8E5E8->a57096d8-e38a-49fa-bac6-11df32f34a10: nextIndex: updateUnconditionally 26 -> 25
2022-09-28 15:52:48,532 [grpc-default-executor-3] WARN  server.GrpcLogAppender (LogUtils.java:warn(122)) - 8d8147bd-34a3-4093-acb2-725bd7232b45@group-C34DF4F8E5E8->f339b530-8901-434d-bf68-81dd9354474d-AppendLogResponseHandler: Failed appendEntries: org.apache.ratis.thirdparty.io.grpc.StatusRuntimeException: UNAVAILABLE: io exception
2022-09-28 15:52:48,532 [grpc-default-executor-3] INFO  leader.FollowerInfo (FollowerInfoImpl.java:lambda$new$0(48)) - 8d8147bd-34a3-4093-acb2-725bd7232b45@group-C34DF4F8E5E8->f339b530-8901-434d-bf68-81dd9354474d: nextIndex: updateUnconditionally 26 -> 25
2022-09-28 15:52:49,768 [grpc-default-executor-3] WARN  server.GrpcLogAppender (LogUtils.java:warn(122)) - 8d8147bd-34a3-4093-acb2-725bd7232b45@group-C34DF4F8E5E8->a57096d8-e38a-49fa-bac6-11df32f34a10-AppendLogResponseHandler: Failed appendEntries: org.apache.ratis.thirdparty.io.grpc.StatusRuntimeException: UNAVAILABLE: io exception
2022-09-28 15:52:49,770 [grpc-default-executor-3] INFO  leader.FollowerInfo (FollowerInfoImpl.java:lambda$new$0(48)) - 8d8147bd-34a3-4093-acb2-725bd7232b45@group-C34DF4F8E5E8->a57096d8-e38a-49fa-bac6-11df32f34a10: nextIndex: updateUnconditionally 26 -> 25
2022-09-28 15:52:49,782 [grpc-default-executor-3] WARN  server.GrpcLogAppender (LogUtils.java:warn(122)) - 8d8147bd-34a3-4093-acb2-725bd7232b45@group-C34DF4F8E5E8->f339b530-8901-434d-bf68-81dd9354474d-AppendLogResponseHandler: Failed appendEntries: org.apache.ratis.thirdparty.io.grpc.StatusRuntimeException: UNAVAILABLE: io exception
2022-09-28 15:52:49,784 [grpc-default-executor-3] INFO  leader.FollowerInfo (FollowerInfoImpl.java:lambda$new$0(48)) - 8d8147bd-34a3-4093-acb2-725bd7232b45@group-C34DF4F8E5E8->f339b530-8901-434d-bf68-81dd9354474d: nextIndex: updateUnconditionally 26 -> 25
2022-09-28 15:52:50,059 [Listener at 127.0.0.1/36317] INFO  statemachine.DatanodeStateMachine (DatanodeStateMachine.java:stopDaemon(580)) - Ozone container server stopped.
2022-09-28 15:52:50,069 [Listener at 127.0.0.1/36317] INFO  handler.ContextHandler (ContextHandler.java:doStop(1153)) - Stopped o.e.j.w.WebAppContext@55455a81{hddsDatanode,/,null,STOPPED}{jar:file:/home/runner/.m2/repository/org/apache/ozone/hdds-container-service/1.3.0-SNAPSHOT/hdds-container-service-1.3.0-SNAPSHOT.jar!/webapps/hddsDatanode}
2022-09-28 15:52:50,075 [Listener at 127.0.0.1/36317] INFO  server.AbstractConnector (AbstractConnector.java:doStop(381)) - Stopped ServerConnector@75691464{HTTP/1.1, (http/1.1)}{0.0.0.0:0}
2022-09-28 15:52:50,076 [Listener at 127.0.0.1/36317] INFO  server.session (HouseKeeper.java:stopScavenging(149)) - node0 Stopped scavenging
2022-09-28 15:52:50,076 [Listener at 127.0.0.1/36317] INFO  handler.ContextHandler (ContextHandler.java:doStop(1153)) - Stopped o.e.j.s.ServletContextHandler@623efc15{static,/static,jar:file:/home/runner/.m2/repository/org/apache/ozone/hdds-container-service/1.3.0-SNAPSHOT/hdds-container-service-1.3.0-SNAPSHOT.jar!/webapps/static,STOPPED}
2022-09-28 15:52:50,076 [Listener at 127.0.0.1/36317] INFO  handler.ContextHandler (ContextHandler.java:doStop(1153)) - Stopped o.e.j.s.ServletContextHandler@34fb622b{logs,/logs,file:///home/runner/work/ozone/ozone/hadoop-ozone/integration-test/target/log,STOPPED}
2022-09-28 15:52:50,275 [ForkJoinPool.commonPool-worker-1] INFO  statemachine.DatanodeStateMachine (DatanodeStateMachine.java:stopDaemon(580)) - Ozone container server stopped.
2022-09-28 15:52:50,295 [ForkJoinPool.commonPool-worker-1] INFO  handler.ContextHandler (ContextHandler.java:doStop(1153)) - Stopped o.e.j.w.WebAppContext@1903e8e5{hddsDatanode,/,null,STOPPED}{jar:file:/home/runner/.m2/repository/org/apache/ozone/hdds-container-service/1.3.0-SNAPSHOT/hdds-container-service-1.3.0-SNAPSHOT.jar!/webapps/hddsDatanode}
2022-09-28 15:52:50,295 [ForkJoinPool.commonPool-worker-1] INFO  server.AbstractConnector (AbstractConnector.java:doStop(381)) - Stopped ServerConnector@a58735f{HTTP/1.1, (http/1.1)}{0.0.0.0:0}
2022-09-28 15:52:50,299 [ForkJoinPool.commonPool-worker-1] INFO  server.session (HouseKeeper.java:stopScavenging(149)) - node0 Stopped scavenging
2022-09-28 15:52:50,300 [ForkJoinPool.commonPool-worker-1] INFO  handler.ContextHandler (ContextHandler.java:doStop(1153)) - Stopped o.e.j.s.ServletContextHandler@38b2ab01{static,/static,jar:file:/home/runner/.m2/repository/org/apache/ozone/hdds-container-service/1.3.0-SNAPSHOT/hdds-container-service-1.3.0-SNAPSHOT.jar!/webapps/static,STOPPED}
2022-09-28 15:52:50,300 [ForkJoinPool.commonPool-worker-1] INFO  handler.ContextHandler (ContextHandler.java:doStop(1153)) - Stopped o.e.j.s.ServletContextHandler@4ac9a1ff{logs,/logs,file:///home/runner/work/ozone/ozone/hadoop-ozone/integration-test/target/log,STOPPED}
2022-09-28 15:52:51,019 [grpc-default-executor-3] WARN  server.GrpcLogAppender (LogUtils.java:warn(122)) - 8d8147bd-34a3-4093-acb2-725bd7232b45@group-C34DF4F8E5E8->a57096d8-e38a-49fa-bac6-11df32f34a10-AppendLogResponseHandler: Failed appendEntries: org.apache.ratis.thirdparty.io.grpc.StatusRuntimeException: UNAVAILABLE: io exception
2022-09-28 15:52:51,019 [grpc-default-executor-3] INFO  leader.FollowerInfo (FollowerInfoImpl.java:lambda$new$0(48)) - 8d8147bd-34a3-4093-acb2-725bd7232b45@group-C34DF4F8E5E8->a57096d8-e38a-49fa-bac6-11df32f34a10: nextIndex: updateUnconditionally 26 -> 25
2022-09-28 15:52:51,033 [grpc-default-executor-3] WARN  server.GrpcLogAppender (LogUtils.java:warn(122)) - 8d8147bd-34a3-4093-acb2-725bd7232b45@group-C34DF4F8E5E8->f339b530-8901-434d-bf68-81dd9354474d-AppendLogResponseHandler: Failed appendEntries: org.apache.ratis.thirdparty.io.grpc.StatusRuntimeException: UNAVAILABLE: io exception
2022-09-28 15:52:51,033 [grpc-default-executor-3] INFO  leader.FollowerInfo (FollowerInfoImpl.java:lambda$new$0(48)) - 8d8147bd-34a3-4093-acb2-725bd7232b45@group-C34DF4F8E5E8->f339b530-8901-434d-bf68-81dd9354474d: nextIndex: updateUnconditionally 26 -> 25
2022-09-28 15:52:51,682 [8d8147bd-34a3-4093-acb2-725bd7232b45@group-C34DF4F8E5E8-LeaderStateImpl] WARN  server.RaftServer$Division (LeaderStateImpl.java:checkLeadership(1018)) - 8d8147bd-34a3-4093-acb2-725bd7232b45@group-C34DF4F8E5E8-LeaderStateImpl: Lost leadership on term: 1. Election timeout: 5200ms. In charge for: 54889ms. Conf: 0: [f339b530-8901-434d-bf68-81dd9354474d|rpc:10.1.1.55:43271|dataStream:|priority:0, a57096d8-e38a-49fa-bac6-11df32f34a10|rpc:10.1.1.55:35365|dataStream:|priority:0, 8d8147bd-34a3-4093-acb2-725bd7232b45|rpc:10.1.1.55:42719|dataStream:|priority:1], old=null
2022-09-28 15:52:51,682 [8d8147bd-34a3-4093-acb2-725bd7232b45@group-C34DF4F8E5E8-LeaderStateImpl] WARN  server.RaftServer$Division (LeaderStateImpl.java:lambda$checkLeadership$17(1022)) - Follower 8d8147bd-34a3-4093-acb2-725bd7232b45@group-C34DF4F8E5E8->f339b530-8901-434d-bf68-81dd9354474d(c25,m25,n25, attendVote=true, lastRpcSendTime=649, lastRpcResponseTime=6901)
2022-09-28 15:52:51,682 [8d8147bd-34a3-4093-acb2-725bd7232b45@group-C34DF4F8E5E8-LeaderStateImpl] WARN  server.RaftServer$Division (LeaderStateImpl.java:lambda$checkLeadership$17(1022)) - Follower 8d8147bd-34a3-4093-acb2-725bd7232b45@group-C34DF4F8E5E8->a57096d8-e38a-49fa-bac6-11df32f34a10(c25,m25,n25, attendVote=true, lastRpcSendTime=663, lastRpcResponseTime=6916)
2022-09-28 15:52:51,683 [8d8147bd-34a3-4093-acb2-725bd7232b45@group-C34DF4F8E5E8-LeaderStateImpl] INFO  server.RaftServer$Division (RaftServerImpl.java:setRole(299)) - 8d8147bd-34a3-4093-acb2-725bd7232b45@group-C34DF4F8E5E8: changes role from    LEADER to FOLLOWER at term 1 for StepDownReason:LOST_MAJORITY_HEARTBEATS
2022-09-28 15:52:51,683 [8d8147bd-34a3-4093-acb2-725bd7232b45@group-C34DF4F8E5E8-LeaderStateImpl] INFO  impl.RoleInfo (RoleInfo.java:shutdownLeaderState(93)) - 8d8147bd-34a3-4093-acb2-725bd7232b45: shutdown 8d8147bd-34a3-4093-acb2-725bd7232b45@group-C34DF4F8E5E8-LeaderStateImpl
2022-09-28 15:52:51,683 [8d8147bd-34a3-4093-acb2-725bd7232b45@group-C34DF4F8E5E8->f339b530-8901-434d-bf68-81dd9354474d-GrpcLogAppender-LogAppenderDaemon] WARN  server.GrpcLogAppender (GrpcLogAppender.java:mayWait(171)) - 8d8147bd-34a3-4093-acb2-725bd7232b45@group-C34DF4F8E5E8->f339b530-8901-434d-bf68-81dd9354474d-GrpcLogAppender: Wait interrupted by java.lang.InterruptedException
2022-09-28 15:52:51,684 [8d8147bd-34a3-4093-acb2-725bd7232b45@group-C34DF4F8E5E8-LeaderStateImpl] INFO  impl.PendingRequests (PendingRequests.java:sendNotLeaderResponses(282)) - 8d8147bd-34a3-4093-acb2-725bd7232b45@group-C34DF4F8E5E8-PendingRequests: sendNotLeaderResponses
2022-09-28 15:52:51,685 [8d8147bd-34a3-4093-acb2-725bd7232b45@group-C34DF4F8E5E8-LeaderStateImpl] INFO  impl.RoleInfo (RoleInfo.java:updateAndGet(139)) - 8d8147bd-34a3-4093-acb2-725bd7232b45: start 8d8147bd-34a3-4093-acb2-725bd7232b45@group-C34DF4F8E5E8-FollowerState
2022-09-28 15:52:51,693 [8d8147bd-34a3-4093-acb2-725bd7232b45@group-C34DF4F8E5E8->a57096d8-e38a-49fa-bac6-11df32f34a10-GrpcLogAppender-LogAppenderDaemon] WARN  server.GrpcLogAppender (GrpcLogAppender.java:mayWait(171)) - 8d8147bd-34a3-4093-acb2-725bd7232b45@group-C34DF4F8E5E8->a57096d8-e38a-49fa-bac6-11df32f34a10-GrpcLogAppender: Wait interrupted by java.lang.InterruptedException
2022-09-28 15:52:52,338 [8d8147bd-34a3-4093-acb2-725bd7232b45@group-4C0325BD5F48-FollowerState] INFO  impl.FollowerState (FollowerState.java:run(143)) - 8d8147bd-34a3-4093-acb2-725bd7232b45@group-4C0325BD5F48-FollowerState: change to CANDIDATE, lastRpcElapsedTime:8099644567ns, electionTimeout:5008ms
2022-09-28 15:52:52,338 [8d8147bd-34a3-4093-acb2-725bd7232b45@group-4C0325BD5F48-FollowerState] INFO  impl.RoleInfo (RoleInfo.java:shutdownFollowerState(110)) - 8d8147bd-34a3-4093-acb2-725bd7232b45: shutdown 8d8147bd-34a3-4093-acb2-725bd7232b45@group-4C0325BD5F48-FollowerState
2022-09-28 15:52:52,339 [8d8147bd-34a3-4093-acb2-725bd7232b45@group-4C0325BD5F48-FollowerState] INFO  server.RaftServer$Division (RaftServerImpl.java:setRole(299)) - 8d8147bd-34a3-4093-acb2-725bd7232b45@group-4C0325BD5F48: changes role from  FOLLOWER to CANDIDATE at term 2 for changeToCandidate
2022-09-28 15:52:52,339 [8d8147bd-34a3-4093-acb2-725bd7232b45@group-4C0325BD5F48-FollowerState] INFO  server.RaftServerConfigKeys (ConfUtils.java:logGet(46)) - raft.server.leaderelection.pre-vote = false (custom)
2022-09-28 15:52:52,339 [8d8147bd-34a3-4093-acb2-725bd7232b45@group-4C0325BD5F48-FollowerState] INFO  impl.RoleInfo (RoleInfo.java:updateAndGet(139)) - 8d8147bd-34a3-4093-acb2-725bd7232b45: start 8d8147bd-34a3-4093-acb2-725bd7232b45@group-4C0325BD5F48-LeaderElection10
2022-09-28 15:52:52,351 [8d8147bd-34a3-4093-acb2-725bd7232b45@group-4C0325BD5F48-LeaderElection10] INFO  server.RaftServer$Division (ServerState.java:setLeader(287)) - 8d8147bd-34a3-4093-acb2-725bd7232b45@group-4C0325BD5F48: change Leader from a57096d8-e38a-49fa-bac6-11df32f34a10 to null at term 2 for ELECTION
2022-09-28 15:52:52,354 [8d8147bd-34a3-4093-acb2-725bd7232b45@group-4C0325BD5F48-LeaderElection10] INFO  impl.LeaderElection (LeaderElection.java:askForVotes(310)) - 8d8147bd-34a3-4093-acb2-725bd7232b45@group-4C0325BD5F48-LeaderElection10 ELECTION round 0: submit vote requests at term 3 for 0: [f339b530-8901-434d-bf68-81dd9354474d|rpc:10.1.1.55:43271|dataStream:|priority:0, a57096d8-e38a-49fa-bac6-11df32f34a10|rpc:10.1.1.55:35365|dataStream:|priority:1, 8d8147bd-34a3-4093-acb2-725bd7232b45|rpc:10.1.1.55:42719|dataStream:|priority:0], old=null
2022-09-28 15:52:52,358 [8d8147bd-34a3-4093-acb2-725bd7232b45@group-4C0325BD5F48-LeaderElection10] INFO  impl.LeaderElection (LogUtils.java:infoOrTrace(137)) - 8d8147bd-34a3-4093-acb2-725bd7232b45@group-4C0325BD5F48-LeaderElection10 got exception when requesting votes: java.util.concurrent.ExecutionException: org.apache.ratis.thirdparty.io.grpc.StatusRuntimeException: UNAVAILABLE: io exception
2022-09-28 15:52:52,363 [8d8147bd-34a3-4093-acb2-725bd7232b45@group-4C0325BD5F48-LeaderElection10] INFO  impl.LeaderElection (LogUtils.java:infoOrTrace(137)) - 8d8147bd-34a3-4093-acb2-725bd7232b45@group-4C0325BD5F48-LeaderElection10 got exception when requesting votes: java.util.concurrent.ExecutionException: org.apache.ratis.thirdparty.io.grpc.StatusRuntimeException: UNAVAILABLE: io exception
2022-09-28 15:52:52,363 [8d8147bd-34a3-4093-acb2-725bd7232b45@group-4C0325BD5F48-LeaderElection10] INFO  impl.LeaderElection (LeaderElection.java:logAndReturn(90)) - 8d8147bd-34a3-4093-acb2-725bd7232b45@group-4C0325BD5F48-LeaderElection10: ELECTION REJECTED received 0 response(s) and 2 exception(s):
2022-09-28 15:52:52,363 [8d8147bd-34a3-4093-acb2-725bd7232b45@group-4C0325BD5F48-LeaderElection10] INFO  impl.LeaderElection (LogUtils.java:infoOrTrace(137)) -   Exception 0: java.util.concurrent.ExecutionException: org.apache.ratis.thirdparty.io.grpc.StatusRuntimeException: UNAVAILABLE: io exception
2022-09-28 15:52:52,364 [8d8147bd-34a3-4093-acb2-725bd7232b45@group-4C0325BD5F48-LeaderElection10] INFO  impl.LeaderElection (LogUtils.java:infoOrTrace(137)) -   Exception 1: java.util.concurrent.ExecutionException: org.apache.ratis.thirdparty.io.grpc.StatusRuntimeException: UNAVAILABLE: io exception
2022-09-28 15:52:52,364 [8d8147bd-34a3-4093-acb2-725bd7232b45@group-4C0325BD5F48-LeaderElection10] INFO  impl.LeaderElection (LeaderElection.java:askForVotes(312)) - 8d8147bd-34a3-4093-acb2-725bd7232b45@group-4C0325BD5F48-LeaderElection10 ELECTION round 0: result REJECTED
2022-09-28 15:52:52,364 [8d8147bd-34a3-4093-acb2-725bd7232b45@group-4C0325BD5F48-LeaderElection10] INFO  server.RaftServer$Division (RaftServerImpl.java:setRole(299)) - 8d8147bd-34a3-4093-acb2-725bd7232b45@group-4C0325BD5F48: changes role from CANDIDATE to FOLLOWER at term 3 for REJECTED
2022-09-28 15:52:52,365 [8d8147bd-34a3-4093-acb2-725bd7232b45@group-4C0325BD5F48-LeaderElection10] INFO  impl.RoleInfo (RoleInfo.java:shutdownLeaderElection(130)) - 8d8147bd-34a3-4093-acb2-725bd7232b45: shutdown 8d8147bd-34a3-4093-acb2-725bd7232b45@group-4C0325BD5F48-LeaderElection10
2022-09-28 15:52:52,365 [8d8147bd-34a3-4093-acb2-725bd7232b45@group-4C0325BD5F48-LeaderElection10] INFO  impl.RoleInfo (RoleInfo.java:updateAndGet(139)) - 8d8147bd-34a3-4093-acb2-725bd7232b45: start 8d8147bd-34a3-4093-acb2-725bd7232b45@group-4C0325BD5F48-FollowerState
2022-09-28 15:52:55,084 [Listener at 127.0.0.1/36317] INFO  ozoneimpl.OzoneContainer (OzoneContainer.java:stop(400)) - Attempting to stop container services.
2022-09-28 15:52:55,086 [Listener at 127.0.0.1/36317] INFO  server.RaftServer (RaftServerProxy.java:lambda$close$7(398)) - d5a766ab-0838-4788-add0-62384b7c253e: close
2022-09-28 15:52:55,086 [Listener at 127.0.0.1/36317] INFO  server.RaftServer$Division (RaftServerImpl.java:lambda$close$4(434)) - d5a766ab-0838-4788-add0-62384b7c253e@group-13A077C36C46: shutdown
2022-09-28 15:52:55,086 [Listener at 127.0.0.1/36317] INFO  util.JmxRegister (JmxRegister.java:unregister(73)) - Successfully un-registered JMX Bean with object name Ratis:service=RaftServer,group=group-13A077C36C46,id=d5a766ab-0838-4788-add0-62384b7c253e
2022-09-28 15:52:55,086 [Listener at 127.0.0.1/36317] INFO  impl.RoleInfo (RoleInfo.java:shutdownLeaderState(93)) - d5a766ab-0838-4788-add0-62384b7c253e: shutdown d5a766ab-0838-4788-add0-62384b7c253e@group-13A077C36C46-LeaderStateImpl
2022-09-28 15:52:55,086 [Listener at 127.0.0.1/36317] INFO  impl.PendingRequests (PendingRequests.java:sendNotLeaderResponses(282)) - d5a766ab-0838-4788-add0-62384b7c253e@group-13A077C36C46-PendingRequests: sendNotLeaderResponses
2022-09-28 15:52:55,087 [Listener at 127.0.0.1/36317] INFO  impl.StateMachineUpdater (StateMachineUpdater.java:stopAndJoin(153)) - d5a766ab-0838-4788-add0-62384b7c253e@group-13A077C36C46-StateMachineUpdater: set stopIndex = 0
2022-09-28 15:52:55,087 [d5a766ab-0838-4788-add0-62384b7c253e@group-13A077C36C46-StateMachineUpdater] INFO  ratis.ContainerStateMachine (ContainerStateMachine.java:takeSnapshot(304)) - group-13A077C36C46: Taking a snapshot at:(t:1, i:0) file /home/runner/work/ozone/ozone/hadoop-ozone/integration-test/target/test-dir/MiniOzoneClusterImpl-30c42134-6f07-4454-8a06-c8ace9e9986b/datanode-4/data/ratis/2bec66f3-2a7d-4ba3-84e2-13a077c36c46/sm/snapshot.1_0
2022-09-28 15:52:55,088 [d5a766ab-0838-4788-add0-62384b7c253e@group-13A077C36C46-StateMachineUpdater] INFO  ratis.ContainerStateMachine (ContainerStateMachine.java:takeSnapshot(315)) - group-13A077C36C46: Finished taking a snapshot at:(t:1, i:0) file:/home/runner/work/ozone/ozone/hadoop-ozone/integration-test/target/test-dir/MiniOzoneClusterImpl-30c42134-6f07-4454-8a06-c8ace9e9986b/datanode-4/data/ratis/2bec66f3-2a7d-4ba3-84e2-13a077c36c46/sm/snapshot.1_0 took: 1 ms
2022-09-28 15:52:55,089 [d5a766ab-0838-4788-add0-62384b7c253e@group-13A077C36C46-StateMachineUpdater] INFO  impl.StateMachineUpdater (StateMachineUpdater.java:takeSnapshot(287)) - d5a766ab-0838-4788-add0-62384b7c253e@group-13A077C36C46-StateMachineUpdater: Took a snapshot at index 0
2022-09-28 15:52:55,089 [d5a766ab-0838-4788-add0-62384b7c253e@group-13A077C36C46-StateMachineUpdater] INFO  impl.StateMachineUpdater (StateMachineUpdater.java:lambda$new$0(92)) - d5a766ab-0838-4788-add0-62384b7c253e@group-13A077C36C46-StateMachineUpdater: snapshotIndex: updateIncreasingly -1 -> 0
2022-09-28 15:52:55,089 [Listener at 127.0.0.1/36317] INFO  server.RaftServer$Division (ServerState.java:close(429)) - d5a766ab-0838-4788-add0-62384b7c253e@group-13A077C36C46: closes. applyIndex: 0
2022-09-28 15:52:55,089 [d5a766ab-0838-4788-add0-62384b7c253e@group-13A077C36C46-SegmentedRaftLogWorker] INFO  segmented.SegmentedRaftLogWorker (SegmentedRaftLogWorker.java:run(336)) - d5a766ab-0838-4788-add0-62384b7c253e@group-13A077C36C46-SegmentedRaftLogWorker was interrupted, exiting. There are 0 tasks remaining in the queue.
2022-09-28 15:52:55,089 [Listener at 127.0.0.1/36317] INFO  segmented.SegmentedRaftLogWorker (SegmentedRaftLogWorker.java:close(246)) - d5a766ab-0838-4788-add0-62384b7c253e@group-13A077C36C46-SegmentedRaftLogWorker close()
2022-09-28 15:52:55,090 [Listener at 127.0.0.1/36317] INFO  server.GrpcService (GrpcService.java:closeImpl(269)) - d5a766ab-0838-4788-add0-62384b7c253e: shutdown server with port 44335 now
2022-09-28 15:52:55,092 [Listener at 127.0.0.1/36317] INFO  server.GrpcService (GrpcService.java:closeImpl(278)) - d5a766ab-0838-4788-add0-62384b7c253e: shutdown server with port 44335 successfully
2022-09-28 15:52:55,093 [org.apache.ratis.util.JvmPauseMonitor$$Lambda$634/1800766250@5ab3e134] INFO  util.JvmPauseMonitor (JvmPauseMonitor.java:run(109)) - JvmPauseMonitor-d5a766ab-0838-4788-add0-62384b7c253e: Stopped
2022-09-28 15:52:55,303 [ForkJoinPool.commonPool-worker-1] INFO  ozoneimpl.OzoneContainer (OzoneContainer.java:stop(400)) - Attempting to stop container services.
2022-09-28 15:52:55,303 [ForkJoinPool.commonPool-worker-1] INFO  server.RaftServer (RaftServerProxy.java:lambda$close$7(398)) - 8d8147bd-34a3-4093-acb2-725bd7232b45: close
2022-09-28 15:52:55,304 [ForkJoinPool.commonPool-worker-1] INFO  server.RaftServer$Division (RaftServerImpl.java:lambda$close$4(434)) - 8d8147bd-34a3-4093-acb2-725bd7232b45@group-C34DF4F8E5E8: shutdown
2022-09-28 15:52:55,304 [ForkJoinPool.commonPool-worker-1] INFO  util.JmxRegister (JmxRegister.java:unregister(73)) - Successfully un-registered JMX Bean with object name Ratis:service=RaftServer,group=group-C34DF4F8E5E8,id=8d8147bd-34a3-4093-acb2-725bd7232b45
2022-09-28 15:52:55,304 [ForkJoinPool.commonPool-worker-1] INFO  impl.RoleInfo (RoleInfo.java:shutdownFollowerState(110)) - 8d8147bd-34a3-4093-acb2-725bd7232b45: shutdown 8d8147bd-34a3-4093-acb2-725bd7232b45@group-C34DF4F8E5E8-FollowerState
2022-09-28 15:52:55,304 [ForkJoinPool.commonPool-worker-1] INFO  impl.StateMachineUpdater (StateMachineUpdater.java:stopAndJoin(153)) - 8d8147bd-34a3-4093-acb2-725bd7232b45@group-C34DF4F8E5E8-StateMachineUpdater: set stopIndex = 25
2022-09-28 15:52:55,305 [8d8147bd-34a3-4093-acb2-725bd7232b45@group-C34DF4F8E5E8-FollowerState] INFO  impl.FollowerState (FollowerState.java:run(152)) - 8d8147bd-34a3-4093-acb2-725bd7232b45@group-C34DF4F8E5E8-FollowerState was interrupted
2022-09-28 15:52:55,305 [8d8147bd-34a3-4093-acb2-725bd7232b45@group-C34DF4F8E5E8-StateMachineUpdater] INFO  ratis.ContainerStateMachine (ContainerStateMachine.java:takeSnapshot(304)) - group-C34DF4F8E5E8: Taking a snapshot at:(t:1, i:25) file /home/runner/work/ozone/ozone/hadoop-ozone/integration-test/target/test-dir/MiniOzoneClusterImpl-30c42134-6f07-4454-8a06-c8ace9e9986b/datanode-0/data/ratis/3c7f63f1-00ab-42a1-823d-c34df4f8e5e8/sm/snapshot.1_25
2022-09-28 15:52:55,307 [8d8147bd-34a3-4093-acb2-725bd7232b45@group-C34DF4F8E5E8-StateMachineUpdater] INFO  ratis.ContainerStateMachine (ContainerStateMachine.java:takeSnapshot(315)) - group-C34DF4F8E5E8: Finished taking a snapshot at:(t:1, i:25) file:/home/runner/work/ozone/ozone/hadoop-ozone/integration-test/target/test-dir/MiniOzoneClusterImpl-30c42134-6f07-4454-8a06-c8ace9e9986b/datanode-0/data/ratis/3c7f63f1-00ab-42a1-823d-c34df4f8e5e8/sm/snapshot.1_25 took: 3 ms
2022-09-28 15:52:55,307 [8d8147bd-34a3-4093-acb2-725bd7232b45@group-C34DF4F8E5E8-StateMachineUpdater] INFO  impl.StateMachineUpdater (StateMachineUpdater.java:takeSnapshot(287)) - 8d8147bd-34a3-4093-acb2-725bd7232b45@group-C34DF4F8E5E8-StateMachineUpdater: Took a snapshot at index 25
2022-09-28 15:52:55,308 [8d8147bd-34a3-4093-acb2-725bd7232b45@group-C34DF4F8E5E8-StateMachineUpdater] INFO  impl.StateMachineUpdater (StateMachineUpdater.java:lambda$new$0(92)) - 8d8147bd-34a3-4093-acb2-725bd7232b45@group-C34DF4F8E5E8-StateMachineUpdater: snapshotIndex: updateIncreasingly -1 -> 25
2022-09-28 15:52:55,308 [ForkJoinPool.commonPool-worker-1] INFO  server.RaftServer$Division (ServerState.java:close(429)) - 8d8147bd-34a3-4093-acb2-725bd7232b45@group-C34DF4F8E5E8: closes. applyIndex: 25
2022-09-28 15:52:55,308 [8d8147bd-34a3-4093-acb2-725bd7232b45@group-C34DF4F8E5E8-SegmentedRaftLogWorker] INFO  segmented.SegmentedRaftLogWorker (SegmentedRaftLogWorker.java:run(336)) - 8d8147bd-34a3-4093-acb2-725bd7232b45@group-C34DF4F8E5E8-SegmentedRaftLogWorker was interrupted, exiting. There are 0 tasks remaining in the queue.
2022-09-28 15:52:55,308 [ForkJoinPool.commonPool-worker-1] INFO  segmented.SegmentedRaftLogWorker (SegmentedRaftLogWorker.java:close(246)) - 8d8147bd-34a3-4093-acb2-725bd7232b45@group-C34DF4F8E5E8-SegmentedRaftLogWorker close()
2022-09-28 15:52:55,309 [ForkJoinPool.commonPool-worker-1] INFO  server.RaftServer$Division (RaftServerImpl.java:lambda$close$4(434)) - 8d8147bd-34a3-4093-acb2-725bd7232b45@group-4C0325BD5F48: shutdown
2022-09-28 15:52:55,309 [ForkJoinPool.commonPool-worker-1] INFO  util.JmxRegister (JmxRegister.java:unregister(73)) - Successfully un-registered JMX Bean with object name Ratis:service=RaftServer,group=group-4C0325BD5F48,id=8d8147bd-34a3-4093-acb2-725bd7232b45
2022-09-28 15:52:55,310 [ForkJoinPool.commonPool-worker-1] INFO  impl.RoleInfo (RoleInfo.java:shutdownFollowerState(110)) - 8d8147bd-34a3-4093-acb2-725bd7232b45: shutdown 8d8147bd-34a3-4093-acb2-725bd7232b45@group-4C0325BD5F48-FollowerState
2022-09-28 15:52:55,310 [ForkJoinPool.commonPool-worker-1] INFO  impl.StateMachineUpdater (StateMachineUpdater.java:stopAndJoin(153)) - 8d8147bd-34a3-4093-acb2-725bd7232b45@group-4C0325BD5F48-StateMachineUpdater: set stopIndex = 4
2022-09-28 15:52:55,310 [8d8147bd-34a3-4093-acb2-725bd7232b45@group-4C0325BD5F48-StateMachineUpdater] INFO  ratis.ContainerStateMachine (ContainerStateMachine.java:takeSnapshot(304)) - group-4C0325BD5F48: Taking a snapshot at:(t:2, i:4) file /home/runner/work/ozone/ozone/hadoop-ozone/integration-test/target/test-dir/MiniOzoneClusterImpl-30c42134-6f07-4454-8a06-c8ace9e9986b/datanode-0/data/ratis/a89d047a-da0f-4a1d-b235-4c0325bd5f48/sm/snapshot.2_4
2022-09-28 15:52:55,311 [8d8147bd-34a3-4093-acb2-725bd7232b45@group-4C0325BD5F48-FollowerState] INFO  impl.FollowerState (FollowerState.java:run(152)) - 8d8147bd-34a3-4093-acb2-725bd7232b45@group-4C0325BD5F48-FollowerState was interrupted
2022-09-28 15:52:55,311 [8d8147bd-34a3-4093-acb2-725bd7232b45@group-4C0325BD5F48-StateMachineUpdater] INFO  ratis.ContainerStateMachine (ContainerStateMachine.java:takeSnapshot(315)) - group-4C0325BD5F48: Finished taking a snapshot at:(t:2, i:4) file:/home/runner/work/ozone/ozone/hadoop-ozone/integration-test/target/test-dir/MiniOzoneClusterImpl-30c42134-6f07-4454-8a06-c8ace9e9986b/datanode-0/data/ratis/a89d047a-da0f-4a1d-b235-4c0325bd5f48/sm/snapshot.2_4 took: 1 ms
2022-09-28 15:52:55,311 [8d8147bd-34a3-4093-acb2-725bd7232b45@group-4C0325BD5F48-StateMachineUpdater] INFO  impl.StateMachineUpdater (StateMachineUpdater.java:takeSnapshot(287)) - 8d8147bd-34a3-4093-acb2-725bd7232b45@group-4C0325BD5F48-StateMachineUpdater: Took a snapshot at index 4
2022-09-28 15:52:55,311 [8d8147bd-34a3-4093-acb2-725bd7232b45@group-4C0325BD5F48-StateMachineUpdater] INFO  impl.StateMachineUpdater (StateMachineUpdater.java:lambda$new$0(92)) - 8d8147bd-34a3-4093-acb2-725bd7232b45@group-4C0325BD5F48-StateMachineUpdater: snapshotIndex: updateIncreasingly -1 -> 4
2022-09-28 15:52:55,312 [ForkJoinPool.commonPool-worker-1] INFO  server.RaftServer$Division (ServerState.java:close(429)) - 8d8147bd-34a3-4093-acb2-725bd7232b45@group-4C0325BD5F48: closes. applyIndex: 4
2022-09-28 15:52:55,312 [8d8147bd-34a3-4093-acb2-725bd7232b45@group-4C0325BD5F48-SegmentedRaftLogWorker] INFO  segmented.SegmentedRaftLogWorker (SegmentedRaftLogWorker.java:run(336)) - 8d8147bd-34a3-4093-acb2-725bd7232b45@group-4C0325BD5F48-SegmentedRaftLogWorker was interrupted, exiting. There are 0 tasks remaining in the queue.
2022-09-28 15:52:55,312 [ForkJoinPool.commonPool-worker-1] INFO  segmented.SegmentedRaftLogWorker (SegmentedRaftLogWorker.java:close(246)) - 8d8147bd-34a3-4093-acb2-725bd7232b45@group-4C0325BD5F48-SegmentedRaftLogWorker close()
2022-09-28 15:52:55,313 [ForkJoinPool.commonPool-worker-1] INFO  server.RaftServer$Division (RaftServerImpl.java:lambda$close$4(434)) - 8d8147bd-34a3-4093-acb2-725bd7232b45@group-1809791783E2: shutdown
2022-09-28 15:52:55,314 [ForkJoinPool.commonPool-worker-1] INFO  util.JmxRegister (JmxRegister.java:unregister(73)) - Successfully un-registered JMX Bean with object name Ratis:service=RaftServer,group=group-1809791783E2,id=8d8147bd-34a3-4093-acb2-725bd7232b45
2022-09-28 15:52:55,314 [ForkJoinPool.commonPool-worker-1] INFO  impl.RoleInfo (RoleInfo.java:shutdownLeaderState(93)) - 8d8147bd-34a3-4093-acb2-725bd7232b45: shutdown 8d8147bd-34a3-4093-acb2-725bd7232b45@group-1809791783E2-LeaderStateImpl
2022-09-28 15:52:55,314 [ForkJoinPool.commonPool-worker-1] INFO  impl.PendingRequests (PendingRequests.java:sendNotLeaderResponses(282)) - 8d8147bd-34a3-4093-acb2-725bd7232b45@group-1809791783E2-PendingRequests: sendNotLeaderResponses
2022-09-28 15:52:55,314 [8d8147bd-34a3-4093-acb2-725bd7232b45@group-1809791783E2-StateMachineUpdater] INFO  ratis.ContainerStateMachine (ContainerStateMachine.java:takeSnapshot(304)) - group-1809791783E2: Taking a snapshot at:(t:1, i:0) file /home/runner/work/ozone/ozone/hadoop-ozone/integration-test/target/test-dir/MiniOzoneClusterImpl-30c42134-6f07-4454-8a06-c8ace9e9986b/datanode-0/data/ratis/2b216f67-69fa-4825-8e8c-1809791783e2/sm/snapshot.1_0
2022-09-28 15:52:55,314 [ForkJoinPool.commonPool-worker-1] INFO  impl.StateMachineUpdater (StateMachineUpdater.java:stopAndJoin(153)) - 8d8147bd-34a3-4093-acb2-725bd7232b45@group-1809791783E2-StateMachineUpdater: set stopIndex = 0
2022-09-28 15:52:55,315 [8d8147bd-34a3-4093-acb2-725bd7232b45@group-1809791783E2-StateMachineUpdater] INFO  ratis.ContainerStateMachine (ContainerStateMachine.java:takeSnapshot(315)) - group-1809791783E2: Finished taking a snapshot at:(t:1, i:0) file:/home/runner/work/ozone/ozone/hadoop-ozone/integration-test/target/test-dir/MiniOzoneClusterImpl-30c42134-6f07-4454-8a06-c8ace9e9986b/datanode-0/data/ratis/2b216f67-69fa-4825-8e8c-1809791783e2/sm/snapshot.1_0 took: 0 ms
2022-09-28 15:52:55,315 [8d8147bd-34a3-4093-acb2-725bd7232b45@group-1809791783E2-StateMachineUpdater] INFO  impl.StateMachineUpdater (StateMachineUpdater.java:takeSnapshot(287)) - 8d8147bd-34a3-4093-acb2-725bd7232b45@group-1809791783E2-StateMachineUpdater: Took a snapshot at index 0
2022-09-28 15:52:55,315 [8d8147bd-34a3-4093-acb2-725bd7232b45@group-1809791783E2-StateMachineUpdater] INFO  impl.StateMachineUpdater (StateMachineUpdater.java:lambda$new$0(92)) - 8d8147bd-34a3-4093-acb2-725bd7232b45@group-1809791783E2-StateMachineUpdater: snapshotIndex: updateIncreasingly -1 -> 0
2022-09-28 15:52:55,316 [ForkJoinPool.commonPool-worker-1] INFO  server.RaftServer$Division (ServerState.java:close(429)) - 8d8147bd-34a3-4093-acb2-725bd7232b45@group-1809791783E2: closes. applyIndex: 0
2022-09-28 15:52:55,316 [8d8147bd-34a3-4093-acb2-725bd7232b45@group-1809791783E2-SegmentedRaftLogWorker] INFO  segmented.SegmentedRaftLogWorker (SegmentedRaftLogWorker.java:run(336)) - 8d8147bd-34a3-4093-acb2-725bd7232b45@group-1809791783E2-SegmentedRaftLogWorker was interrupted, exiting. There are 0 tasks remaining in the queue.
2022-09-28 15:52:55,317 [ForkJoinPool.commonPool-worker-1] INFO  segmented.SegmentedRaftLogWorker (SegmentedRaftLogWorker.java:close(246)) - 8d8147bd-34a3-4093-acb2-725bd7232b45@group-1809791783E2-SegmentedRaftLogWorker close()
2022-09-28 15:52:55,317 [ForkJoinPool.commonPool-worker-1] INFO  server.GrpcService (GrpcService.java:closeImpl(269)) - 8d8147bd-34a3-4093-acb2-725bd7232b45: shutdown server with port 42719 now
2022-09-28 15:52:55,318 [ForkJoinPool.commonPool-worker-1] INFO  server.GrpcService (GrpcService.java:closeImpl(278)) - 8d8147bd-34a3-4093-acb2-725bd7232b45: shutdown server with port 42719 successfully
2022-09-28 15:52:55,319 [org.apache.ratis.util.JvmPauseMonitor$$Lambda$634/1800766250@4f7dafb2] INFO  util.JvmPauseMonitor (JvmPauseMonitor.java:run(109)) - JvmPauseMonitor-8d8147bd-34a3-4093-acb2-725bd7232b45: Stopped
2022-09-28 15:52:57,100 [Listener at 127.0.0.1/36317] INFO  utils.BackgroundService (BackgroundService.java:shutdown(141)) - Shutting down service BlockDeletingService
2022-09-28 15:52:57,107 [Listener at 127.0.0.1/36317] INFO  utils.BackgroundService (BackgroundService.java:shutdown(141)) - Shutting down service StaleRecoveringContainerScrubbingService
2022-09-28 15:52:57,339 [ForkJoinPool.commonPool-worker-1] INFO  utils.BackgroundService (BackgroundService.java:shutdown(141)) - Shutting down service BlockDeletingService
2022-09-28 15:52:57,339 [ForkJoinPool.commonPool-worker-1] INFO  utils.BackgroundService (BackgroundService.java:shutdown(141)) - Shutting down service StaleRecoveringContainerScrubbingService
2022-09-28 15:53:00,112 [Listener at 127.0.0.1/36317] INFO  statemachine.DatanodeStateMachine (DatanodeStateMachine.java:stopDaemon(580)) - Ozone container server stopped.
2022-09-28 15:53:00,124 [Listener at 127.0.0.1/36317] INFO  handler.ContextHandler (ContextHandler.java:doStop(1153)) - Stopped o.e.j.w.WebAppContext@10cfaef3{hddsDatanode,/,null,STOPPED}{jar:file:/home/runner/.m2/repository/org/apache/ozone/hdds-container-service/1.3.0-SNAPSHOT/hdds-container-service-1.3.0-SNAPSHOT.jar!/webapps/hddsDatanode}
2022-09-28 15:53:00,127 [Listener at 127.0.0.1/36317] INFO  server.AbstractConnector (AbstractConnector.java:doStop(381)) - Stopped ServerConnector@41a09e9{HTTP/1.1, (http/1.1)}{0.0.0.0:0}
2022-09-28 15:53:00,127 [Listener at 127.0.0.1/36317] INFO  server.session (HouseKeeper.java:stopScavenging(149)) - node0 Stopped scavenging
2022-09-28 15:53:00,127 [Listener at 127.0.0.1/36317] INFO  handler.ContextHandler (ContextHandler.java:doStop(1153)) - Stopped o.e.j.s.ServletContextHandler@e155391{static,/static,jar:file:/home/runner/.m2/repository/org/apache/ozone/hdds-container-service/1.3.0-SNAPSHOT/hdds-container-service-1.3.0-SNAPSHOT.jar!/webapps/static,STOPPED}
2022-09-28 15:53:00,128 [Listener at 127.0.0.1/36317] INFO  handler.ContextHandler (ContextHandler.java:doStop(1153)) - Stopped o.e.j.s.ServletContextHandler@23bb2879{logs,/logs,file:///home/runner/work/ozone/ozone/hadoop-ozone/integration-test/target/log,STOPPED}
2022-09-28 15:53:00,341 [ForkJoinPool.commonPool-worker-1] INFO  statemachine.DatanodeStateMachine (DatanodeStateMachine.java:stopDaemon(580)) - Ozone container server stopped.
2022-09-28 15:53:00,360 [ForkJoinPool.commonPool-worker-1] INFO  handler.ContextHandler (ContextHandler.java:doStop(1153)) - Stopped o.e.j.w.WebAppContext@4e99b33{hddsDatanode,/,null,STOPPED}{jar:file:/home/runner/.m2/repository/org/apache/ozone/hdds-container-service/1.3.0-SNAPSHOT/hdds-container-service-1.3.0-SNAPSHOT.jar!/webapps/hddsDatanode}
2022-09-28 15:53:00,362 [ForkJoinPool.commonPool-worker-1] INFO  server.AbstractConnector (AbstractConnector.java:doStop(381)) - Stopped ServerConnector@1ffed69a{HTTP/1.1, (http/1.1)}{0.0.0.0:0}
2022-09-28 15:53:00,362 [ForkJoinPool.commonPool-worker-1] INFO  server.session (HouseKeeper.java:stopScavenging(149)) - node0 Stopped scavenging
2022-09-28 15:53:00,374 [ForkJoinPool.commonPool-worker-1] INFO  handler.ContextHandler (ContextHandler.java:doStop(1153)) - Stopped o.e.j.s.ServletContextHandler@3e881258{static,/static,jar:file:/home/runner/.m2/repository/org/apache/ozone/hdds-container-service/1.3.0-SNAPSHOT/hdds-container-service-1.3.0-SNAPSHOT.jar!/webapps/static,STOPPED}
2022-09-28 15:53:00,378 [ForkJoinPool.commonPool-worker-1] INFO  handler.ContextHandler (ContextHandler.java:doStop(1153)) - Stopped o.e.j.s.ServletContextHandler@3b5cfc26{logs,/logs,file:///home/runner/work/ozone/ozone/hadoop-ozone/integration-test/target/log,STOPPED}
2022-09-28 15:53:05,137 [Listener at 127.0.0.1/36317] INFO  ozoneimpl.OzoneContainer (OzoneContainer.java:stop(400)) - Attempting to stop container services.
2022-09-28 15:53:05,138 [Listener at 127.0.0.1/36317] INFO  server.RaftServer (RaftServerProxy.java:lambda$close$7(398)) - 1acfca65-6d80-4889-a59c-664a8dc895fd: close
2022-09-28 15:53:05,138 [Listener at 127.0.0.1/36317] INFO  server.RaftServer$Division (RaftServerImpl.java:lambda$close$4(434)) - 1acfca65-6d80-4889-a59c-664a8dc895fd@group-24C7F27543CE: shutdown
2022-09-28 15:53:05,138 [Listener at 127.0.0.1/36317] INFO  util.JmxRegister (JmxRegister.java:unregister(73)) - Successfully un-registered JMX Bean with object name Ratis:service=RaftServer,group=group-24C7F27543CE,id=1acfca65-6d80-4889-a59c-664a8dc895fd
2022-09-28 15:53:05,138 [Listener at 127.0.0.1/36317] INFO  impl.RoleInfo (RoleInfo.java:shutdownLeaderState(93)) - 1acfca65-6d80-4889-a59c-664a8dc895fd: shutdown 1acfca65-6d80-4889-a59c-664a8dc895fd@group-24C7F27543CE-LeaderStateImpl
2022-09-28 15:53:05,138 [Listener at 127.0.0.1/36317] INFO  impl.PendingRequests (PendingRequests.java:sendNotLeaderResponses(282)) - 1acfca65-6d80-4889-a59c-664a8dc895fd@group-24C7F27543CE-PendingRequests: sendNotLeaderResponses
2022-09-28 15:53:05,139 [Listener at 127.0.0.1/36317] INFO  impl.StateMachineUpdater (StateMachineUpdater.java:stopAndJoin(153)) - 1acfca65-6d80-4889-a59c-664a8dc895fd@group-24C7F27543CE-StateMachineUpdater: set stopIndex = 0
2022-09-28 15:53:05,139 [1acfca65-6d80-4889-a59c-664a8dc895fd@group-24C7F27543CE-StateMachineUpdater] INFO  ratis.ContainerStateMachine (ContainerStateMachine.java:takeSnapshot(304)) - group-24C7F27543CE: Taking a snapshot at:(t:1, i:0) file /home/runner/work/ozone/ozone/hadoop-ozone/integration-test/target/test-dir/MiniOzoneClusterImpl-30c42134-6f07-4454-8a06-c8ace9e9986b/datanode-3/data/ratis/b540b1f4-9ba6-4b1d-b1c7-24c7f27543ce/sm/snapshot.1_0
2022-09-28 15:53:05,142 [1acfca65-6d80-4889-a59c-664a8dc895fd@group-24C7F27543CE-StateMachineUpdater] INFO  ratis.ContainerStateMachine (ContainerStateMachine.java:takeSnapshot(315)) - group-24C7F27543CE: Finished taking a snapshot at:(t:1, i:0) file:/home/runner/work/ozone/ozone/hadoop-ozone/integration-test/target/test-dir/MiniOzoneClusterImpl-30c42134-6f07-4454-8a06-c8ace9e9986b/datanode-3/data/ratis/b540b1f4-9ba6-4b1d-b1c7-24c7f27543ce/sm/snapshot.1_0 took: 2 ms
2022-09-28 15:53:05,142 [1acfca65-6d80-4889-a59c-664a8dc895fd@group-24C7F27543CE-StateMachineUpdater] INFO  impl.StateMachineUpdater (StateMachineUpdater.java:takeSnapshot(287)) - 1acfca65-6d80-4889-a59c-664a8dc895fd@group-24C7F27543CE-StateMachineUpdater: Took a snapshot at index 0
2022-09-28 15:53:05,142 [1acfca65-6d80-4889-a59c-664a8dc895fd@group-24C7F27543CE-StateMachineUpdater] INFO  impl.StateMachineUpdater (StateMachineUpdater.java:lambda$new$0(92)) - 1acfca65-6d80-4889-a59c-664a8dc895fd@group-24C7F27543CE-StateMachineUpdater: snapshotIndex: updateIncreasingly -1 -> 0
2022-09-28 15:53:05,142 [Listener at 127.0.0.1/36317] INFO  server.RaftServer$Division (ServerState.java:close(429)) - 1acfca65-6d80-4889-a59c-664a8dc895fd@group-24C7F27543CE: closes. applyIndex: 0
2022-09-28 15:53:05,143 [1acfca65-6d80-4889-a59c-664a8dc895fd@group-24C7F27543CE-SegmentedRaftLogWorker] INFO  segmented.SegmentedRaftLogWorker (SegmentedRaftLogWorker.java:run(336)) - 1acfca65-6d80-4889-a59c-664a8dc895fd@group-24C7F27543CE-SegmentedRaftLogWorker was interrupted, exiting. There are 0 tasks remaining in the queue.
2022-09-28 15:53:05,143 [Listener at 127.0.0.1/36317] INFO  segmented.SegmentedRaftLogWorker (SegmentedRaftLogWorker.java:close(246)) - 1acfca65-6d80-4889-a59c-664a8dc895fd@group-24C7F27543CE-SegmentedRaftLogWorker close()
2022-09-28 15:53:05,144 [Listener at 127.0.0.1/36317] INFO  server.GrpcService (GrpcService.java:closeImpl(269)) - 1acfca65-6d80-4889-a59c-664a8dc895fd: shutdown server with port 40111 now
2022-09-28 15:53:05,149 [Listener at 127.0.0.1/36317] INFO  server.GrpcService (GrpcService.java:closeImpl(278)) - 1acfca65-6d80-4889-a59c-664a8dc895fd: shutdown server with port 40111 successfully
2022-09-28 15:53:05,149 [org.apache.ratis.util.JvmPauseMonitor$$Lambda$634/1800766250@66351648] INFO  util.JvmPauseMonitor (JvmPauseMonitor.java:run(109)) - JvmPauseMonitor-1acfca65-6d80-4889-a59c-664a8dc895fd: Stopped
2022-09-28 15:53:07,160 [Listener at 127.0.0.1/36317] INFO  utils.BackgroundService (BackgroundService.java:shutdown(141)) - Shutting down service BlockDeletingService
2022-09-28 15:53:07,171 [Listener at 127.0.0.1/36317] INFO  utils.BackgroundService (BackgroundService.java:shutdown(141)) - Shutting down service StaleRecoveringContainerScrubbingService
2022-09-28 15:53:09,065 [Under Replicated Processor] INFO  replication.UnderReplicatedProcessor (UnderReplicatedProcessor.java:processAll(92)) - Processed 0 under replicated containers, failed processing 0
2022-09-28 15:53:09,077 [Over Replicated Processor] INFO  replication.OverReplicatedProcessor (OverReplicatedProcessor.java:processAll(90)) - Processed 0 over replicated containers, failed processing 0
2022-09-28 15:53:10,184 [Listener at 127.0.0.1/36317] INFO  statemachine.DatanodeStateMachine (DatanodeStateMachine.java:stopDaemon(580)) - Ozone container server stopped.
2022-09-28 15:53:10,193 [Listener at 127.0.0.1/36317] INFO  handler.ContextHandler (ContextHandler.java:doStop(1153)) - Stopped o.e.j.w.WebAppContext@7a2f1b17{hddsDatanode,/,null,STOPPED}{jar:file:/home/runner/.m2/repository/org/apache/ozone/hdds-container-service/1.3.0-SNAPSHOT/hdds-container-service-1.3.0-SNAPSHOT.jar!/webapps/hddsDatanode}
2022-09-28 15:53:10,202 [Listener at 127.0.0.1/36317] INFO  server.AbstractConnector (AbstractConnector.java:doStop(381)) - Stopped ServerConnector@396be6e6{HTTP/1.1, (http/1.1)}{0.0.0.0:0}
2022-09-28 15:53:10,203 [Listener at 127.0.0.1/36317] INFO  server.session (HouseKeeper.java:stopScavenging(149)) - node0 Stopped scavenging
2022-09-28 15:53:10,203 [Listener at 127.0.0.1/36317] INFO  handler.ContextHandler (ContextHandler.java:doStop(1153)) - Stopped o.e.j.s.ServletContextHandler@7e1c636a{static,/static,jar:file:/home/runner/.m2/repository/org/apache/ozone/hdds-container-service/1.3.0-SNAPSHOT/hdds-container-service-1.3.0-SNAPSHOT.jar!/webapps/static,STOPPED}
2022-09-28 15:53:10,205 [Listener at 127.0.0.1/36317] INFO  handler.ContextHandler (ContextHandler.java:doStop(1153)) - Stopped o.e.j.s.ServletContextHandler@75491241{logs,/logs,file:///home/runner/work/ozone/ozone/hadoop-ozone/integration-test/target/log,STOPPED}
2022-09-28 15:53:10,215 [Listener at 127.0.0.1/36317] INFO  ozone.MiniOzoneClusterImpl (MiniOzoneClusterImpl.java:stopSCM(537)) - Stopping the StorageContainerManager
2022-09-28 15:53:10,215 [Listener at 127.0.0.1/36317] INFO  server.StorageContainerManager (StorageContainerManager.java:stop(1528)) - Container Balancer is not running.
2022-09-28 15:53:10,215 [Listener at 127.0.0.1/36317] INFO  server.StorageContainerManager (StorageContainerManager.java:stop(1535)) - Stopping Replication Manager Service.
2022-09-28 15:53:10,216 [Listener at 127.0.0.1/36317] INFO  replication.ReplicationManager (ReplicationManager.java:stop(255)) - Stopping Replication Monitor Thread.
2022-09-28 15:53:10,216 [Under Replicated Processor] WARN  replication.UnderReplicatedProcessor (UnderReplicatedProcessor.java:run(148)) - Under Replicated Processor interrupted. Exiting...
2022-09-28 15:53:10,216 [Over Replicated Processor] WARN  replication.OverReplicatedProcessor (OverReplicatedProcessor.java:run(137)) - Over Replicated Processor interrupted. Exiting...
2022-09-28 15:53:10,216 [ReplicationMonitor] INFO  replication.ReplicationManager (ReplicationManager.java:run(507)) - Replication Monitor Thread is stopped
2022-09-28 15:53:10,216 [Listener at 127.0.0.1/36317] INFO  server.StorageContainerManager (StorageContainerManager.java:stop(1542)) - Stopping the Datanode Admin Monitor.
2022-09-28 15:53:10,217 [Listener at 127.0.0.1/36317] INFO  server.StorageContainerManager (StorageContainerManager.java:stop(1549)) - Stopping Lease Manager of the command watchers
2022-09-28 15:53:10,217 [Listener at 127.0.0.1/36317] INFO  server.StorageContainerManager (StorageContainerManager.java:stop(1556)) - Stopping datanode service RPC server
2022-09-28 15:53:10,217 [Listener at 127.0.0.1/36317] INFO  server.SCMDatanodeProtocolServer (SCMDatanodeProtocolServer.java:stop(414)) - Stopping the RPC server for DataNodes
2022-09-28 15:53:10,217 [Listener at 127.0.0.1/36317] INFO  ipc.Server (Server.java:stop(3414)) - Stopping server on 43449
2022-09-28 15:53:10,219 [IPC Server listener on 0] INFO  ipc.Server (Server.java:run(1376)) - Stopping IPC Server listener on 0
2022-09-28 15:53:10,221 [IPC Server Responder] INFO  ipc.Server (Server.java:run(1512)) - Stopping IPC Server Responder
2022-09-28 15:53:10,303 [SCM Heartbeat Processing Thread - 0] WARN  node.NodeStateManager (NodeStateManager.java:scheduleNextHealthCheck(870)) - Current Thread is interrupted, shutting down HB processing thread for Node Manager.
2022-09-28 15:53:10,304 [Listener at 127.0.0.1/36317] INFO  server.StorageContainerManager (StorageContainerManager.java:stop(1564)) - Stopping block service RPC server
2022-09-28 15:53:10,304 [Listener at 127.0.0.1/36317] INFO  server.SCMBlockProtocolServer (SCMBlockProtocolServer.java:stop(161)) - Stopping the RPC server for Block Protocol
2022-09-28 15:53:10,304 [Listener at 127.0.0.1/36317] INFO  ipc.Server (Server.java:stop(3414)) - Stopping server on 38917
2022-09-28 15:53:10,308 [IPC Server listener on 0] INFO  ipc.Server (Server.java:run(1376)) - Stopping IPC Server listener on 0
2022-09-28 15:53:10,308 [Listener at 127.0.0.1/36317] INFO  server.StorageContainerManager (StorageContainerManager.java:stop(1571)) - Stopping the StorageContainerLocationProtocol RPC server
2022-09-28 15:53:10,308 [Listener at 127.0.0.1/36317] INFO  server.SCMClientProtocolServer (SCMClientProtocolServer.java:stop(179)) - Stopping the RPC server for Client Protocol
2022-09-28 15:53:10,308 [Listener at 127.0.0.1/36317] INFO  ipc.Server (Server.java:stop(3414)) - Stopping server on 36451
2022-09-28 15:53:10,308 [IPC Server Responder] INFO  ipc.Server (Server.java:run(1512)) - Stopping IPC Server Responder
2022-09-28 15:53:10,310 [IPC Server listener on 0] INFO  ipc.Server (Server.java:run(1376)) - Stopping IPC Server listener on 0
2022-09-28 15:53:10,310 [Listener at 127.0.0.1/36317] INFO  server.StorageContainerManager (StorageContainerManager.java:stop(1578)) - Stopping Storage Container Manager HTTP server.
2022-09-28 15:53:10,311 [Listener at 127.0.0.1/36317] INFO  handler.ContextHandler (ContextHandler.java:doStop(1153)) - Stopped o.e.j.w.WebAppContext@7e1ce99c{scm,/,null,STOPPED}{file:/home/runner/work/ozone/ozone/hadoop-ozone/integration-test/target/test-classes/webapps/scm}
2022-09-28 15:53:10,311 [IPC Server Responder] INFO  ipc.Server (Server.java:run(1512)) - Stopping IPC Server Responder
2022-09-28 15:53:10,312 [Listener at 127.0.0.1/36317] INFO  server.AbstractConnector (AbstractConnector.java:doStop(381)) - Stopped ServerConnector@41092c8{HTTP/1.1, (http/1.1)}{0.0.0.0:0}
2022-09-28 15:53:10,313 [Listener at 127.0.0.1/36317] INFO  server.session (HouseKeeper.java:stopScavenging(149)) - node0 Stopped scavenging
2022-09-28 15:53:10,314 [Listener at 127.0.0.1/36317] INFO  handler.ContextHandler (ContextHandler.java:doStop(1153)) - Stopped o.e.j.s.ServletContextHandler@50d6af87{static,/static,file:///home/runner/work/ozone/ozone/hadoop-ozone/integration-test/target/test-classes/webapps/static,STOPPED}
2022-09-28 15:53:10,316 [Listener at 127.0.0.1/36317] INFO  handler.ContextHandler (ContextHandler.java:doStop(1153)) - Stopped o.e.j.s.ServletContextHandler@3ad9fea{logs,/logs,file:///home/runner/work/ozone/ozone/hadoop-ozone/integration-test/target/log,STOPPED}
2022-09-28 15:53:10,317 [Listener at 127.0.0.1/36317] INFO  server.StorageContainerManager (StorageContainerManager.java:stop(1584)) - Stopping SCM LayoutVersionManager Service.
2022-09-28 15:53:10,317 [Listener at 127.0.0.1/36317] INFO  server.StorageContainerManager (StorageContainerManager.java:stop(1592)) - Stopping Block Manager Service.
2022-09-28 15:53:10,317 [Listener at 127.0.0.1/36317] INFO  utils.BackgroundService (BackgroundService.java:shutdown(141)) - Shutting down service SCMBlockDeletingService
2022-09-28 15:53:10,318 [Listener at 127.0.0.1/36317] INFO  utils.BackgroundService (BackgroundService.java:shutdown(141)) - Shutting down service SCMBlockDeletingService
2022-09-28 15:53:10,318 [Listener at 127.0.0.1/36317] INFO  server.StorageContainerManager (StorageContainerManager.java:stop(1619)) - Stopping SCM Event Queue.
2022-09-28 15:53:10,327 [Listener at 127.0.0.1/36317] INFO  server.StorageContainerManager (StorageContainerManager.java:stop(1630)) - Stopping SCM HA services.
2022-09-28 15:53:10,328 [Listener at 127.0.0.1/36317] INFO  pipeline.BackgroundPipelineCreator (BackgroundPipelineCreator.java:stop(149)) - Stopping RatisPipelineUtilsThread.
2022-09-28 15:53:10,328 [RatisPipelineUtilsThread - 0] WARN  pipeline.BackgroundPipelineCreator (BackgroundPipelineCreator.java:run(180)) - RatisPipelineUtilsThread is interrupted.
2022-09-28 15:53:10,333 [Listener at 127.0.0.1/36317] INFO  BackgroundPipelineScrubber (BackgroundSCMService.java:stop(131)) - Stopping BackgroundPipelineScrubber Service.
2022-09-28 15:53:10,333 [BackgroundPipelineScrubberThread] WARN  BackgroundPipelineScrubber (BackgroundSCMService.java:run(115)) - BackgroundPipelineScrubber is interrupted, exit
2022-09-28 15:53:10,334 [Listener at 127.0.0.1/36317] INFO  server.StorageContainerManager (StorageContainerManager.java:stop(1640)) - Stopping SCM MetadataStore.
2022-09-28 15:53:10,341 [Listener at 127.0.0.1/36317] INFO  impl.MetricsSystemImpl (MetricsSystemImpl.java:stop(210)) - Stopping XceiverClientMetrics metrics system...
2022-09-28 15:53:10,370 [prometheus] INFO  impl.MetricsSinkAdapter (MetricsSinkAdapter.java:publishMetricsFromQueue(141)) - prometheus thread interrupted.
2022-09-28 15:53:10,370 [Listener at 127.0.0.1/36317] INFO  impl.MetricsSystemImpl (MetricsSystemImpl.java:stop(216)) - XceiverClientMetrics metrics system stopped.
2022-09-28 15:53:10,608 [Listener at 127.0.0.1/36317] WARN  server.ServerUtils (ServerUtils.java:getScmDbDir(148)) - ozone.scm.db.dirs is not configured. We recommend adding this setting. Falling back to ozone.metadata.dirs instead.
2022-09-28 15:53:10,615 [Listener at 127.0.0.1/36317] WARN  server.ServerUtils (ServerUtils.java:getScmDbDir(148)) - ozone.scm.db.dirs is not configured. We recommend adding this setting. Falling back to ozone.metadata.dirs instead.
2022-09-28 15:53:10,616 [Listener at 127.0.0.1/36317] INFO  ha.SCMHANodeDetails (SCMHANodeDetails.java:loadSCMHAConfig(209)) - ServiceID for StorageContainerManager is null
2022-09-28 15:53:10,616 [Listener at 127.0.0.1/36317] INFO  ha.SCMHANodeDetails (SCMHANodeDetails.java:loadSCMHAConfig(214)) - ozone.scm.default.service.id is not defined, falling back to ozone.scm.service.ids to find serviceID for StorageContainerManager if it is HA enabled cluster
2022-09-28 15:53:10,617 [Listener at 127.0.0.1/36317] WARN  utils.HAUtils (HAUtils.java:getMetaDir(342)) - ozone.scm.db.dirs is not configured. We recommend adding this setting. Falling back to ozone.metadata.dirs instead.
2022-09-28 15:53:10,618 [Listener at 127.0.0.1/36317] WARN  db.DBStoreBuilder (DBStoreBuilder.java:applyDBDefinition(144)) - ozone.scm.db.dirs is not configured. We recommend adding this setting. Falling back to ozone.metadata.dirs instead.
2022-09-28 15:53:10,863 [Listener at 127.0.0.1/36317] INFO  net.NodeSchemaLoader (NodeSchemaLoader.java:loadSchemaFromFile(129)) - Loading schema from [jar:file:/home/runner/.m2/repository/org/apache/ozone/hdds-common/1.3.0-SNAPSHOT/hdds-common-1.3.0-SNAPSHOT.jar!/network-topology-default.xml]
2022-09-28 15:53:10,863 [Listener at 127.0.0.1/36317] INFO  net.NodeSchemaLoader (NodeSchemaLoader.java:loadSchema(176)) - Loading network topology layer schema file
2022-09-28 15:53:10,866 [Listener at 127.0.0.1/36317] INFO  upgrade.AbstractLayoutVersionManager (AbstractLayoutVersionManager.java:init(83)) - Initializing Layout version manager with metadata layout = DATANODE_SCHEMA_V3 (version = 4), software layout = DATANODE_SCHEMA_V3 (version = 4)
2022-09-28 15:53:10,995 [Listener at 127.0.0.1/36317] INFO  reflections.Reflections (Reflections.java:scan(232)) - Reflections took 127 ms to scan 7 urls, producing 135 keys and 327 values 
2022-09-28 15:53:11,011 [Listener at 127.0.0.1/36317] INFO  ha.SequenceIdGenerator (SequenceIdGenerator.java:upgradeToSequenceId(349)) - upgrade localId to 109611004723200000
2022-09-28 15:53:11,011 [Listener at 127.0.0.1/36317] INFO  ha.SequenceIdGenerator (SequenceIdGenerator.java:upgradeToSequenceId(359)) - upgrade delTxnId to 0
2022-09-28 15:53:11,011 [Listener at 127.0.0.1/36317] INFO  ha.SequenceIdGenerator (SequenceIdGenerator.java:upgradeToSequenceId(376)) - upgrade containerId to 0
2022-09-28 15:53:11,011 [Listener at 127.0.0.1/36317] INFO  ha.SequenceIdGenerator (SequenceIdGenerator.java:<init>(220)) - Init the HA SequenceIdGenerator.
2022-09-28 15:53:11,019 [Listener at 127.0.0.1/36317] WARN  server.ServerUtils (ServerUtils.java:sanitizeUserArgs(73)) - ozone.scm.stale.node.interval value = 300000 is larger than max = 100000 based on the key value of ozone.scm.heartbeat.thread.interval, reset to the max value 100000.
2022-09-28 15:53:11,019 [Listener at 127.0.0.1/36317] WARN  server.ServerUtils (ServerUtils.java:sanitizeUserArgs(73)) - ozone.scm.stale.node.interval value = 300000 is larger than max = 100000 based on the key value of ozone.scm.heartbeat.thread.interval, reset to the max value 100000.
2022-09-28 15:53:11,020 [Listener at 127.0.0.1/36317] INFO  node.SCMNodeManager (SCMNodeManager.java:<init>(149)) - Entering startup safe mode.
2022-09-28 15:53:11,020 [Listener at 127.0.0.1/36317] INFO  algorithms.ContainerPlacementPolicyFactory (ContainerPlacementPolicyFactory.java:getPolicyInternal(86)) - Create container placement policy of type org.apache.hadoop.hdds.scm.container.placement.algorithms.SCMContainerPlacementRandom
2022-09-28 15:53:11,020 [Listener at 127.0.0.1/36317] INFO  algorithms.ContainerPlacementPolicyFactory (ContainerPlacementPolicyFactory.java:getPolicyInternal(86)) - Create container placement policy of type org.apache.hadoop.hdds.scm.container.placement.algorithms.SCMContainerPlacementRackScatter
2022-09-28 15:53:11,020 [Listener at 127.0.0.1/36317] INFO  pipeline.PipelineStateManagerImpl (PipelineStateManagerImpl.java:initialize(78)) - No pipeline exists in current db
2022-09-28 15:53:11,021 [Listener at 127.0.0.1/36317] INFO  algorithms.LeaderChoosePolicyFactory (LeaderChoosePolicyFactory.java:getPolicy(57)) - Create leader choose policy of type org.apache.hadoop.hdds.scm.pipeline.leader.choose.algorithms.MinLeaderCountChoosePolicy
2022-09-28 15:53:11,021 [Listener at 127.0.0.1/36317] INFO  algorithms.ContainerPlacementPolicyFactory (ContainerPlacementPolicyFactory.java:getPolicyInternal(86)) - Create container placement policy of type org.apache.hadoop.hdds.scm.container.placement.algorithms.SCMContainerPlacementRackScatter
2022-09-28 15:53:11,021 [Listener at 127.0.0.1/36317] INFO  ha.SCMServiceManager (SCMServiceManager.java:register(42)) - Registering service BackgroundPipelineCreator.
2022-09-28 15:53:11,021 [Listener at 127.0.0.1/36317] INFO  pipeline.BackgroundPipelineCreator (BackgroundPipelineCreator.java:start(124)) - Starting RatisPipelineUtilsThread.
2022-09-28 15:53:11,023 [Listener at 127.0.0.1/36317] INFO  BackgroundPipelineScrubber (BackgroundSCMService.java:start(68)) - Starting BackgroundPipelineScrubber Service.
2022-09-28 15:53:11,027 [Listener at 127.0.0.1/36317] INFO  ha.SCMServiceManager (SCMServiceManager.java:register(42)) - Registering service BackgroundPipelineScrubber.
2022-09-28 15:53:11,027 [Listener at 127.0.0.1/36317] INFO  ExpiredContainerReplicaOpScrubber (BackgroundSCMService.java:start(68)) - Starting ExpiredContainerReplicaOpScrubber Service.
2022-09-28 15:53:11,047 [Listener at 127.0.0.1/36317] INFO  ha.SCMServiceManager (SCMServiceManager.java:register(42)) - Registering service ExpiredContainerReplicaOpScrubber.
2022-09-28 15:53:11,048 [Listener at 127.0.0.1/36317] INFO  algorithms.PipelineChoosePolicyFactory (PipelineChoosePolicyFactory.java:createPipelineChoosePolicyFromClass(73)) - Create pipeline choose policy of type org.apache.hadoop.hdds.scm.pipeline.choose.algorithms.RandomPipelineChoosePolicy
2022-09-28 15:53:11,049 [Listener at 127.0.0.1/36317] INFO  ha.SCMServiceManager (SCMServiceManager.java:register(42)) - Registering service SCMBlockDeletingService.
2022-09-28 15:53:11,049 [Listener at 127.0.0.1/36317] INFO  replication.ReplicationManager (ReplicationManager.java:start(221)) - Starting Replication Monitor Thread.
2022-09-28 15:53:11,088 [Listener at 127.0.0.1/36317] INFO  ha.SCMServiceManager (SCMServiceManager.java:register(42)) - Registering service ReplicationManager.
2022-09-28 15:53:11,088 [Listener at 127.0.0.1/36317] INFO  safemode.ContainerSafeModeRule (ContainerSafeModeRule.java:<init>(89)) - containers with one replica threshold count 0
2022-09-28 15:53:11,088 [Listener at 127.0.0.1/36317] INFO  safemode.HealthyPipelineSafeModeRule (HealthyPipelineSafeModeRule.java:initializeRule(169)) - Total pipeline count is 0, healthy pipeline threshold count is 1
2022-09-28 15:53:11,089 [Listener at 127.0.0.1/36317] INFO  safemode.OneReplicaPipelineSafeModeRule (OneReplicaPipelineSafeModeRule.java:initializeRule(180)) - Total pipeline count is 0, pipeline's with at least one datanode reported threshold count is 0
2022-09-28 15:53:11,089 [ReplicationMonitor] INFO  replication.ReplicationManager (ReplicationManager.java:processAll(289)) - Replication Manager is not ready to run until 3000ms after safemode exit
2022-09-28 15:53:11,103 [Listener at 127.0.0.1/36317] INFO  ipc.CallQueueManager (CallQueueManager.java:<init>(90)) - Using callQueue: class java.util.concurrent.LinkedBlockingQueue, queueCapacity: 2000, scheduler: class org.apache.hadoop.ipc.DefaultRpcScheduler, ipcBackoff: false.
2022-09-28 15:53:11,106 [Socket Reader #1 for port 0] INFO  ipc.Server (Server.java:run(1265)) - Starting Socket Reader #1 for port 0
2022-09-28 15:53:11,112 [Listener at 0.0.0.0/43951] INFO  ipc.CallQueueManager (CallQueueManager.java:<init>(90)) - Using callQueue: class java.util.concurrent.LinkedBlockingQueue, queueCapacity: 2000, scheduler: class org.apache.hadoop.ipc.DefaultRpcScheduler, ipcBackoff: false.
2022-09-28 15:53:11,119 [Socket Reader #1 for port 0] INFO  ipc.Server (Server.java:run(1265)) - Starting Socket Reader #1 for port 0
2022-09-28 15:53:11,135 [Listener at 0.0.0.0/44621] INFO  ipc.CallQueueManager (CallQueueManager.java:<init>(90)) - Using callQueue: class java.util.concurrent.LinkedBlockingQueue, queueCapacity: 2000, scheduler: class org.apache.hadoop.ipc.DefaultRpcScheduler, ipcBackoff: false.
2022-09-28 15:53:11,144 [Socket Reader #1 for port 0] INFO  ipc.Server (Server.java:run(1265)) - Starting Socket Reader #1 for port 0
2022-09-28 15:53:11,225 [Listener at 0.0.0.0/34509] INFO  ha.SCMServiceManager (SCMServiceManager.java:register(42)) - Registering service ContainerBalancer.
2022-09-28 15:53:11,226 [Listener at 0.0.0.0/34509] INFO  server.StorageContainerManager (StorageContainerManager.java:<init>(410)) - 
Container Balancer status:
Key                            Value
Running                        false
Container Balancer Configuration values:
Key                                                Value
Threshold                                          10
Max Datanodes to Involve per Iteration(percent)    20
Max Size to Move per Iteration                     500GB
Max Size Entering Target per Iteration             26GB
Max Size Leaving Source per Iteration              26GB

2022-09-28 15:53:11,226 [Listener at 0.0.0.0/34509] WARN  events.EventQueue (EventQueue.java:fireEvent(216)) - No event handler registered for event TypedEvent{payloadType=SafeModeStatus, name='Safe mode status'}
2022-09-28 15:53:11,226 [Listener at 0.0.0.0/34509] INFO  ha.SCMContext (SCMContext.java:updateSafeModeStatus(228)) - Update SafeModeStatus from SafeModeStatus{safeModeStatus=true, preCheckPassed=false} to SafeModeStatus{safeModeStatus=true, preCheckPassed=false}.
2022-09-28 15:53:11,226 [Listener at 0.0.0.0/34509] INFO  server.StorageContainerManager (StorageContainerManager.java:start(1436)) - StorageContainerLocationProtocol RPC server is listening at /0.0.0.0:34509
2022-09-28 15:53:11,233 [Listener at 0.0.0.0/34509] WARN  impl.MetricsConfig (MetricsConfig.java:loadFirst(136)) - Cannot locate configuration: tried hadoop-metrics2-storagecontainermanager.properties,hadoop-metrics2.properties
2022-09-28 15:53:11,233 [Listener at 0.0.0.0/34509] INFO  impl.MetricsSystemImpl (MetricsSystemImpl.java:startTimer(378)) - Scheduled Metric snapshot period at 10 second(s).
2022-09-28 15:53:11,233 [Listener at 0.0.0.0/34509] INFO  impl.MetricsSystemImpl (MetricsSystemImpl.java:start(191)) - StorageContainerManager metrics system started
2022-09-28 15:53:11,267 [Listener at 0.0.0.0/34509] INFO  impl.MetricsSinkAdapter (MetricsSinkAdapter.java:start(204)) - Sink prometheus started
2022-09-28 15:53:11,289 [Listener at 0.0.0.0/34509] INFO  impl.MetricsSystemImpl (MetricsSystemImpl.java:registerSink(305)) - Registered sink prometheus
2022-09-28 15:53:11,374 [Listener at 0.0.0.0/34509] INFO  server.SCMClientProtocolServer (SCMClientProtocolServer.java:start(170)) - RPC server for Client  is listening at /0.0.0.0:34509
2022-09-28 15:53:11,375 [IPC Server listener on 0] INFO  ipc.Server (Server.java:run(1344)) - IPC Server listener on 0: starting
2022-09-28 15:53:11,381 [Listener at 0.0.0.0/34509] INFO  server.StorageContainerManager (StorageContainerManager.java:start(1451)) - ScmBlockLocationProtocol RPC server is listening at /0.0.0.0:44621
2022-09-28 15:53:11,386 [Listener at 0.0.0.0/34509] INFO  server.SCMBlockProtocolServer (SCMBlockProtocolServer.java:start(152)) - RPC server for Block Protocol is listening at /0.0.0.0:44621
2022-09-28 15:53:11,375 [IPC Server Responder] INFO  ipc.Server (Server.java:run(1507)) - IPC Server Responder: starting
2022-09-28 15:53:11,386 [IPC Server Responder] INFO  ipc.Server (Server.java:run(1507)) - IPC Server Responder: starting
2022-09-28 15:53:11,386 [IPC Server listener on 0] INFO  ipc.Server (Server.java:run(1344)) - IPC Server listener on 0: starting
2022-09-28 15:53:11,388 [Listener at 0.0.0.0/34509] INFO  server.SCMDatanodeProtocolServer (SCMDatanodeProtocolServer.java:start(186)) - ScmDatanodeProtocol RPC server for DataNodes is listening at /0.0.0.0:43951
2022-09-28 15:53:11,389 [IPC Server Responder] INFO  ipc.Server (Server.java:run(1507)) - IPC Server Responder: starting
2022-09-28 15:53:11,389 [IPC Server listener on 0] INFO  ipc.Server (Server.java:run(1344)) - IPC Server listener on 0: starting
2022-09-28 15:53:11,395 [Listener at 0.0.0.0/34509] INFO  http.BaseHttpServer (BaseHttpServer.java:newHttpServer2BuilderForOzone(213)) - Starting Web-server for scm at: http://0.0.0.0:0
2022-09-28 15:53:11,395 [Listener at 0.0.0.0/34509] INFO  http.BaseHttpServer (BaseHttpServer.java:<init>(108)) - Hadoop Security Enabled: false Ozone Security Enabled: false Ozone HTTP Security Enabled: false 
2022-09-28 15:53:11,397 [Listener at 0.0.0.0/34509] INFO  server.AuthenticationFilter (AuthenticationFilter.java:constructSecretProvider(240)) - Unable to initialize FileSignerSecretProvider, falling back to use random secrets.
2022-09-28 15:53:11,403 [org.apache.hadoop.util.JvmPauseMonitor$Monitor@23b78173] INFO  util.JvmPauseMonitor (JvmPauseMonitor.java:run(188)) - Starting JVM pause monitor
2022-09-28 15:53:11,403 [Listener at 0.0.0.0/34509] WARN  http.HttpRequestLog (HttpRequestLog.java:getRequestLog(103)) - Jetty request log can only be enabled using Log4j
2022-09-28 15:53:11,404 [Listener at 0.0.0.0/34509] INFO  http.HttpServer2 (HttpServer2.java:addGlobalFilter(1029)) - Added global filter 'safety' (class=org.apache.hadoop.hdds.server.http.HttpServer2$QuotingInputFilter)
2022-09-28 15:53:11,405 [Listener at 0.0.0.0/34509] INFO  http.HttpServer2 (HttpServer2.java:addFilter(1005)) - Added filter static_user_filter (class=org.apache.hadoop.http.lib.StaticUserWebFilter$StaticUserFilter) to context scm
2022-09-28 15:53:11,405 [Listener at 0.0.0.0/34509] INFO  http.HttpServer2 (HttpServer2.java:addFilter(1013)) - Added filter static_user_filter (class=org.apache.hadoop.http.lib.StaticUserWebFilter$StaticUserFilter) to context logs
2022-09-28 15:53:11,405 [Listener at 0.0.0.0/34509] INFO  http.HttpServer2 (HttpServer2.java:addFilter(1013)) - Added filter static_user_filter (class=org.apache.hadoop.http.lib.StaticUserWebFilter$StaticUserFilter) to context static
2022-09-28 15:53:11,406 [Listener at 0.0.0.0/34509] INFO  http.HttpServer2 (HttpServer2.java:bindListener(1248)) - Jetty bound to port 36315
2022-09-28 15:53:11,406 [Listener at 0.0.0.0/34509] INFO  server.Server (Server.java:doStart(375)) - jetty-9.4.43.v20210629; built: 2021-06-30T11:07:22.254Z; git: 526006ecfa3af7f1a27ef3a288e2bef7ea9dd7e8; jvm 1.8.0_345-b01
2022-09-28 15:53:11,439 [Listener at 0.0.0.0/34509] INFO  server.session (DefaultSessionIdManager.java:doStart(334)) - DefaultSessionIdManager workerName=node0
2022-09-28 15:53:11,440 [Listener at 0.0.0.0/34509] INFO  server.session (DefaultSessionIdManager.java:doStart(339)) - No SessionScavenger set, using defaults
2022-09-28 15:53:11,440 [Listener at 0.0.0.0/34509] INFO  server.session (HouseKeeper.java:startScavenging(132)) - node0 Scavenging every 660000ms
2022-09-28 15:53:11,443 [Listener at 0.0.0.0/34509] INFO  handler.ContextHandler (ContextHandler.java:doStart(915)) - Started o.e.j.s.ServletContextHandler@9c7db46{logs,/logs,file:///home/runner/work/ozone/ozone/hadoop-ozone/integration-test/target/log,AVAILABLE}
2022-09-28 15:53:11,443 [Listener at 0.0.0.0/34509] INFO  handler.ContextHandler (ContextHandler.java:doStart(915)) - Started o.e.j.s.ServletContextHandler@42e36092{static,/static,file:///home/runner/work/ozone/ozone/hadoop-ozone/integration-test/target/test-classes/webapps/static,AVAILABLE}
2022-09-28 15:53:11,447 [Listener at 0.0.0.0/34509] INFO  handler.ContextHandler (ContextHandler.java:doStart(915)) - Started o.e.j.w.WebAppContext@204f76da{scm,/,file:///home/runner/work/ozone/ozone/hadoop-ozone/integration-test/target/test-classes/webapps/scm/,AVAILABLE}{file:/home/runner/work/ozone/ozone/hadoop-ozone/integration-test/target/test-classes/webapps/scm}
2022-09-28 15:53:11,468 [Listener at 0.0.0.0/34509] INFO  server.AbstractConnector (AbstractConnector.java:doStart(331)) - Started ServerConnector@52cd65a{HTTP/1.1, (http/1.1)}{0.0.0.0:36315}
2022-09-28 15:53:11,468 [Listener at 0.0.0.0/34509] INFO  server.Server (Server.java:doStart(415)) - Started @95656ms
2022-09-28 15:53:11,468 [Listener at 0.0.0.0/34509] WARN  impl.MetricsSystemImpl (MetricsSystemImpl.java:register(279)) - Sink prometheus already exists!
2022-09-28 15:53:11,469 [Listener at 0.0.0.0/34509] INFO  http.BaseHttpServer (BaseHttpServer.java:updateConnectorAddress(333)) - HTTP server of scm listening at http://0.0.0.0:36315
2022-09-28 15:53:11,469 [Listener at 0.0.0.0/34509] WARN  server.ServerUtils (ServerUtils.java:getDBPath(225)) - ozone.om.db.dirs is not configured. We recommend adding this setting. Falling back to ozone.metadata.dirs instead.
2022-09-28 15:53:11,475 [Listener at 0.0.0.0/34509] INFO  ha.OMHANodeDetails (OMHANodeDetails.java:loadOMHAConfig(115)) - ozone.om.internal.service.id is not defined, falling back to ozone.om.service.ids to find serviceID for OzoneManager if it is HA enabled cluster
2022-09-28 15:53:11,476 [Listener at 0.0.0.0/34509] INFO  ha.OMHANodeDetails (OMHANodeDetails.java:loadOMHAConfig(226)) - Configuration does not have ozone.om.address set. Falling back to the default OM address /127.0.0.1:0
2022-09-28 15:53:11,476 [Listener at 0.0.0.0/34509] INFO  ha.OMHANodeDetails (OMHANodeDetails.java:getOMNodeDetailsForNonHA(254)) - OM Service ID is not set. Setting it to the default ID: omServiceIdDefault
2022-09-28 15:53:11,476 [Listener at 0.0.0.0/34509] INFO  ha.OMHANodeDetails (OMHANodeDetails.java:getOMNodeDetailsForNonHA(261)) - OM Node ID is not set. Setting it to the default ID: om1
2022-09-28 15:53:11,476 [Listener at 0.0.0.0/34509] WARN  server.ServerUtils (ServerUtils.java:getDBPath(225)) - ozone.om.db.dirs is not configured. We recommend adding this setting. Falling back to ozone.metadata.dirs instead.
2022-09-28 15:53:11,476 [Listener at 0.0.0.0/34509] INFO  upgrade.AbstractLayoutVersionManager (AbstractLayoutVersionManager.java:init(83)) - Initializing Layout version manager with metadata layout = MULTITENANCY_SCHEMA (version = 3), software layout = MULTITENANCY_SCHEMA (version = 3)
2022-09-28 15:53:11,659 [Listener at 0.0.0.0/34509] INFO  reflections.Reflections (Reflections.java:scan(232)) - Reflections took 182 ms to scan 2 urls, producing 153 keys and 427 values [using 2 cores]
2022-09-28 15:53:11,659 [Listener at 0.0.0.0/34509] INFO  upgrade.OMLayoutVersionManager (OMLayoutVersionManager.java:lambda$0(115)) - Skipping Upgrade Action MockOmUpgradeAction since it has been finalized.
2022-09-28 15:53:11,659 [Listener at 0.0.0.0/34509] WARN  server.ServerUtils (ServerUtils.java:getDBPath(225)) - ozone.om.db.dirs is not configured. We recommend adding this setting. Falling back to ozone.metadata.dirs instead.
2022-09-28 15:53:11,660 [Listener at 0.0.0.0/34509] INFO  proxy.SCMBlockLocationFailoverProxyProvider (SCMBlockLocationFailoverProxyProvider.java:<init>(114)) - Created block location fail-over proxy with 1 nodes: [nodeId=scmNodeId,nodeAddress=/0.0.0.0:44621]
2022-09-28 15:53:11,661 [Listener at 0.0.0.0/34509] INFO  proxy.SCMBlockLocationFailoverProxyProvider (SCMBlockLocationFailoverProxyProvider.java:<init>(114)) - Created block location fail-over proxy with 1 nodes: [nodeId=scmNodeId,nodeAddress=/0.0.0.0:44621]
2022-09-28 15:53:11,700 [Listener at 0.0.0.0/34509] WARN  server.ServerUtils (ServerUtils.java:getDBPath(225)) - ozone.om.db.dirs is not configured. We recommend adding this setting. Falling back to ozone.metadata.dirs instead.
2022-09-28 15:53:11,700 [Listener at 0.0.0.0/34509] INFO  codec.OmKeyInfoCodec (OmKeyInfoCodec.java:<init>(49)) - OmKeyInfoCodec ignorePipeline = true
2022-09-28 15:53:11,701 [Listener at 0.0.0.0/34509] INFO  codec.RepeatedOmKeyInfoCodec (RepeatedOmKeyInfoCodec.java:<init>(41)) - RepeatedOmKeyInfoCodec ignorePipeline = true
2022-09-28 15:53:12,046 [Listener at 0.0.0.0/34509] INFO  om.OzoneManager (OzoneManager.java:instantiateServices(709)) - S3 Multi-Tenancy is disabled
2022-09-28 15:53:12,047 [Listener at 0.0.0.0/34509] INFO  om.OzoneManager (OzoneManager.java:addS3GVolumeToDB(4324)) - Created Volume s3v With Owner runner required for S3Gateway operations.
2022-09-28 15:53:12,048 [Listener at 0.0.0.0/34509] INFO  om.OzoneManager (OzoneManager.java:getRpcServer(1099)) - Creating RPC Server
2022-09-28 15:53:12,952 [Listener at 0.0.0.0/34509] INFO  reflections.Reflections (Reflections.java:scan(232)) - Reflections took 896 ms to scan 19 urls, producing 67 keys and 4204 values [using 2 cores]
2022-09-28 15:53:12,953 [Listener at 0.0.0.0/34509] INFO  ipc.CallQueueManager (CallQueueManager.java:<init>(90)) - Using callQueue: class java.util.concurrent.LinkedBlockingQueue, queueCapacity: 2000, scheduler: class org.apache.hadoop.ipc.DefaultRpcScheduler, ipcBackoff: false.
2022-09-28 15:53:12,955 [Socket Reader #1 for port 0] INFO  ipc.Server (Server.java:run(1265)) - Starting Socket Reader #1 for port 0
2022-09-28 15:53:13,035 [Listener at 127.0.0.1/42319] INFO  impl.MetricsSystemImpl (MetricsSystemImpl.java:init(158)) - OzoneManager metrics system started (again)
2022-09-28 15:53:13,071 [Listener at 127.0.0.1/42319] INFO  om.OzoneManager (OzoneManager.java:start(1483)) - OzoneManager RPC server is listening at localhost/127.0.0.1:42319
2022-09-28 15:53:13,071 [Listener at 127.0.0.1/42319] INFO  om.OzoneManager (OzoneManager.java:start(1499)) - Version File has different layout version (3) than OM DB (null). That is expected if this OM has never been finalized to a newer layout version.
2022-09-28 15:53:13,101 [Listener at 127.0.0.1/42319] INFO  http.BaseHttpServer (BaseHttpServer.java:newHttpServer2BuilderForOzone(213)) - Starting Web-server for ozoneManager at: http://0.0.0.0:0
2022-09-28 15:53:13,101 [Listener at 127.0.0.1/42319] INFO  http.BaseHttpServer (BaseHttpServer.java:<init>(108)) - Hadoop Security Enabled: false Ozone Security Enabled: false Ozone HTTP Security Enabled: false 
2022-09-28 15:53:13,102 [Listener at 127.0.0.1/42319] INFO  server.AuthenticationFilter (AuthenticationFilter.java:constructSecretProvider(240)) - Unable to initialize FileSignerSecretProvider, falling back to use random secrets.
2022-09-28 15:53:13,110 [Listener at 127.0.0.1/42319] WARN  http.HttpRequestLog (HttpRequestLog.java:getRequestLog(103)) - Jetty request log can only be enabled using Log4j
2022-09-28 15:53:13,111 [Listener at 127.0.0.1/42319] INFO  http.HttpServer2 (HttpServer2.java:addGlobalFilter(1029)) - Added global filter 'safety' (class=org.apache.hadoop.hdds.server.http.HttpServer2$QuotingInputFilter)
2022-09-28 15:53:13,112 [Listener at 127.0.0.1/42319] INFO  http.HttpServer2 (HttpServer2.java:addFilter(1005)) - Added filter static_user_filter (class=org.apache.hadoop.http.lib.StaticUserWebFilter$StaticUserFilter) to context ozoneManager
2022-09-28 15:53:13,112 [Listener at 127.0.0.1/42319] INFO  http.HttpServer2 (HttpServer2.java:addFilter(1013)) - Added filter static_user_filter (class=org.apache.hadoop.http.lib.StaticUserWebFilter$StaticUserFilter) to context static
2022-09-28 15:53:13,112 [Listener at 127.0.0.1/42319] INFO  http.HttpServer2 (HttpServer2.java:addFilter(1013)) - Added filter static_user_filter (class=org.apache.hadoop.http.lib.StaticUserWebFilter$StaticUserFilter) to context logs
2022-09-28 15:53:13,112 [Listener at 127.0.0.1/42319] INFO  http.HttpServer2 (HttpServer2.java:bindListener(1248)) - Jetty bound to port 33587
2022-09-28 15:53:13,113 [Listener at 127.0.0.1/42319] INFO  server.Server (Server.java:doStart(375)) - jetty-9.4.43.v20210629; built: 2021-06-30T11:07:22.254Z; git: 526006ecfa3af7f1a27ef3a288e2bef7ea9dd7e8; jvm 1.8.0_345-b01
2022-09-28 15:53:13,181 [Listener at 127.0.0.1/42319] INFO  server.session (DefaultSessionIdManager.java:doStart(334)) - DefaultSessionIdManager workerName=node0
2022-09-28 15:53:13,181 [Listener at 127.0.0.1/42319] INFO  server.session (DefaultSessionIdManager.java:doStart(339)) - No SessionScavenger set, using defaults
2022-09-28 15:53:13,181 [Listener at 127.0.0.1/42319] INFO  server.session (HouseKeeper.java:startScavenging(132)) - node0 Scavenging every 600000ms
2022-09-28 15:53:13,182 [Listener at 127.0.0.1/42319] INFO  handler.ContextHandler (ContextHandler.java:doStart(915)) - Started o.e.j.s.ServletContextHandler@79cbc176{logs,/logs,file:///home/runner/work/ozone/ozone/hadoop-ozone/integration-test/target/log,AVAILABLE}
2022-09-28 15:53:13,182 [Listener at 127.0.0.1/42319] INFO  handler.ContextHandler (ContextHandler.java:doStart(915)) - Started o.e.j.s.ServletContextHandler@30b43024{static,/static,file:///home/runner/work/ozone/ozone/hadoop-ozone/integration-test/target/test-classes/webapps/static,AVAILABLE}
2022-09-28 15:53:13,191 [Listener at 127.0.0.1/42319] INFO  handler.ContextHandler (ContextHandler.java:doStart(915)) - Started o.e.j.w.WebAppContext@d3b2b6c{ozoneManager,/,file:///home/runner/work/ozone/ozone/hadoop-ozone/integration-test/target/test-classes/webapps/ozoneManager/,AVAILABLE}{file:/home/runner/work/ozone/ozone/hadoop-ozone/integration-test/target/test-classes/webapps/ozoneManager}
2022-09-28 15:53:13,199 [Listener at 127.0.0.1/42319] INFO  server.AbstractConnector (AbstractConnector.java:doStart(331)) - Started ServerConnector@44d105b5{HTTP/1.1, (http/1.1)}{0.0.0.0:33587}
2022-09-28 15:53:13,199 [Listener at 127.0.0.1/42319] INFO  server.Server (Server.java:doStart(415)) - Started @97388ms
2022-09-28 15:53:13,199 [Listener at 127.0.0.1/42319] WARN  impl.MetricsSystemImpl (MetricsSystemImpl.java:register(279)) - Sink prometheus already exists!
2022-09-28 15:53:13,200 [Listener at 127.0.0.1/42319] INFO  http.BaseHttpServer (BaseHttpServer.java:updateConnectorAddress(333)) - HTTP server of ozoneManager listening at http://0.0.0.0:33587
2022-09-28 15:53:13,200 [IPC Server Responder] INFO  ipc.Server (Server.java:run(1507)) - IPC Server Responder: starting
2022-09-28 15:53:13,200 [IPC Server listener on 0] INFO  ipc.Server (Server.java:run(1344)) - IPC Server listener on 0: starting
2022-09-28 15:53:13,206 [Listener at 127.0.0.1/42319] INFO  om.TrashPolicyOzone (TrashPolicyOzone.java:<init>(178)) - Ozone Manager trash configuration: Deletion interval = 0 minutes, Emptier interval = 0 minutes.
2022-09-28 15:53:13,270 [org.apache.hadoop.util.JvmPauseMonitor$Monitor@472bf56c] INFO  util.JvmPauseMonitor (JvmPauseMonitor.java:run(188)) - Starting JVM pause monitor
2022-09-28 15:53:13,293 [Listener at 127.0.0.1/42319] INFO  impl.MetricsSystemImpl (MetricsSystemImpl.java:init(158)) - HddsDatanode metrics system started (again)
2022-09-28 15:53:13,304 [Listener at 127.0.0.1/42319] INFO  ozone.HddsDatanodeService (HddsDatanodeService.java:start(236)) - HddsDatanodeService host:fv-az203-824.ild0l4k5vsluppoevu2oqvhmda.cx.internal.cloudapp.net ip:10.1.1.55
2022-09-28 15:53:13,346 [Listener at 127.0.0.1/42319] INFO  upgrade.AbstractLayoutVersionManager (AbstractLayoutVersionManager.java:init(83)) - Initializing Layout version manager with metadata layout = DATANODE_SCHEMA_V3 (version = 4), software layout = DATANODE_SCHEMA_V3 (version = 4)
2022-09-28 15:53:13,426 [Listener at 127.0.0.1/42319] INFO  reflections.Reflections (Reflections.java:scan(232)) - Reflections took 79 ms to scan 7 urls, producing 135 keys and 327 values 
2022-09-28 15:53:13,428 [Listener at 127.0.0.1/42319] INFO  statemachine.DatanodeStateMachine (DatanodeStateMachine.java:getEndPointTaskThreadPoolSize(237)) - Datanode State Machine Task Thread Pool size 2
2022-09-28 15:53:13,437 [Listener at 127.0.0.1/42319] INFO  volume.HddsVolume (HddsVolume.java:<init>(117)) - Creating HddsVolume: /home/runner/work/ozone/ozone/hadoop-ozone/integration-test/target/test-dir/MiniOzoneClusterImpl-39beaa01-56cc-488c-9c2d-94b49c5a5f0c/datanode-0/data-0/containers/hdds of storage type : DISK capacity : 9223372036854775807
2022-09-28 15:53:13,437 [Listener at 127.0.0.1/42319] INFO  volume.MutableVolumeSet (MutableVolumeSet.java:initializeVolumeSet(174)) - Added Volume : /home/runner/work/ozone/ozone/hadoop-ozone/integration-test/target/test-dir/MiniOzoneClusterImpl-39beaa01-56cc-488c-9c2d-94b49c5a5f0c/datanode-0/data-0/containers/hdds to VolumeSet
2022-09-28 15:53:13,437 [Listener at 127.0.0.1/42319] INFO  volume.ThrottledAsyncChecker (ThrottledAsyncChecker.java:schedule(141)) - Scheduling a check for /home/runner/work/ozone/ozone/hadoop-ozone/integration-test/target/test-dir/MiniOzoneClusterImpl-39beaa01-56cc-488c-9c2d-94b49c5a5f0c/datanode-0/data-0/containers/hdds
2022-09-28 15:53:13,446 [Listener at 127.0.0.1/42319] INFO  volume.StorageVolumeChecker (StorageVolumeChecker.java:checkAllVolumes(202)) - Scheduled health check for volume /home/runner/work/ozone/ozone/hadoop-ozone/integration-test/target/test-dir/MiniOzoneClusterImpl-39beaa01-56cc-488c-9c2d-94b49c5a5f0c/datanode-0/data-0/containers/hdds
2022-09-28 15:53:13,461 [Listener at 127.0.0.1/42319] INFO  volume.MutableVolumeSet (MutableVolumeSet.java:initializeVolumeSet(174)) - Added Volume : /home/runner/work/ozone/ozone/hadoop-ozone/integration-test/target/test-dir/MiniOzoneClusterImpl-39beaa01-56cc-488c-9c2d-94b49c5a5f0c/datanode-0/data/ratis to VolumeSet
2022-09-28 15:53:13,461 [Listener at 127.0.0.1/42319] INFO  volume.ThrottledAsyncChecker (ThrottledAsyncChecker.java:schedule(141)) - Scheduling a check for /home/runner/work/ozone/ozone/hadoop-ozone/integration-test/target/test-dir/MiniOzoneClusterImpl-39beaa01-56cc-488c-9c2d-94b49c5a5f0c/datanode-0/data/ratis
2022-09-28 15:53:13,462 [Listener at 127.0.0.1/42319] INFO  volume.StorageVolumeChecker (StorageVolumeChecker.java:checkAllVolumes(202)) - Scheduled health check for volume /home/runner/work/ozone/ozone/hadoop-ozone/integration-test/target/test-dir/MiniOzoneClusterImpl-39beaa01-56cc-488c-9c2d-94b49c5a5f0c/datanode-0/data/ratis
2022-09-28 15:53:13,487 [Thread-606] INFO  ozoneimpl.ContainerReader (ContainerReader.java:readVolume(175)) - Finish verifying containers on volume /home/runner/work/ozone/ozone/hadoop-ozone/integration-test/target/test-dir/MiniOzoneClusterImpl-39beaa01-56cc-488c-9c2d-94b49c5a5f0c/datanode-0/data-0/containers/hdds
2022-09-28 15:53:13,487 [Listener at 127.0.0.1/42319] INFO  ozoneimpl.OzoneContainer (OzoneContainer.java:buildContainerSet(300)) - Build ContainerSet costs 0s
2022-09-28 15:53:13,490 [Listener at 127.0.0.1/42319] INFO  server.RaftServer (ConfUtils.java:logGet(46)) - raft.rpc.type = GRPC (default)
2022-09-28 15:53:13,490 [Listener at 127.0.0.1/42319] INFO  grpc.GrpcFactory (GrpcFactory.java:checkPooledByteBufAllocatorUseCacheForAllThreads(48)) - PERFORMANCE WARNING: useCacheForAllThreads is true that may cause Netty to create a lot garbage objects and, as a result, trigger GC.
	It is recommended to disable useCacheForAllThreads by setting -Dorg.apache.ratis.thirdparty.io.netty.allocator.useCacheForAllThreads=false in command line.
2022-09-28 15:53:13,491 [Listener at 127.0.0.1/42319] INFO  grpc.GrpcConfigKeys (ConfUtils.java:logGet(46)) - raft.grpc.admin.port = 0 (custom)
2022-09-28 15:53:13,491 [Listener at 127.0.0.1/42319] INFO  grpc.GrpcConfigKeys (ConfUtils.java:logGet(46)) - raft.grpc.client.port = 0 (custom)
2022-09-28 15:53:13,491 [Listener at 127.0.0.1/42319] INFO  grpc.GrpcConfigKeys (ConfUtils.java:logGet(46)) - raft.grpc.server.port = 0 (default)
2022-09-28 15:53:13,491 [Listener at 127.0.0.1/42319] INFO  server.GrpcService (ConfUtils.java:logGet(46)) - raft.grpc.message.size.max = 32MB (=33554432) (custom)
2022-09-28 15:53:13,491 [Listener at 127.0.0.1/42319] INFO  server.RaftServerConfigKeys (ConfUtils.java:logGet(46)) - raft.server.log.appender.buffer.byte-limit = 33554432 (custom)
2022-09-28 15:53:13,492 [Listener at 127.0.0.1/42319] INFO  server.GrpcService (ConfUtils.java:logGet(46)) - raft.grpc.flow.control.window = 5MB (=5242880) (custom)
2022-09-28 15:53:13,492 [Listener at 127.0.0.1/42319] INFO  server.RaftServerConfigKeys (ConfUtils.java:logGet(46)) - raft.server.rpc.request.timeout = 60s (custom)
2022-09-28 15:53:13,492 [Listener at 127.0.0.1/42319] INFO  grpc.GrpcConfigKeys (ConfUtils.java:logGet(46)) - raft.grpc.server.async.request.thread.pool.cached = true (default)
2022-09-28 15:53:13,492 [Listener at 127.0.0.1/42319] INFO  grpc.GrpcConfigKeys (ConfUtils.java:logGet(46)) - raft.grpc.server.async.request.thread.pool.size = 32 (default)
2022-09-28 15:53:13,494 [Listener at 127.0.0.1/42319] INFO  impl.DataStreamServerImpl (ConfUtils.java:logGet(46)) - raft.datastream.type = DISABLED (default)
2022-09-28 15:53:13,495 [Listener at 127.0.0.1/42319] INFO  server.RaftServerConfigKeys (ConfUtils.java:logGet(46)) - raft.server.threadpool.proxy.cached = true (default)
2022-09-28 15:53:13,495 [Listener at 127.0.0.1/42319] INFO  server.RaftServerConfigKeys (ConfUtils.java:logGet(46)) - raft.server.threadpool.proxy.size = 0 (default)
2022-09-28 15:53:13,495 [Listener at 127.0.0.1/42319] INFO  server.RaftServerConfigKeys (ConfUtils.java:logGet(46)) - raft.server.rpc.slowness.timeout = 300s (custom)
2022-09-28 15:53:13,495 [Listener at 127.0.0.1/42319] INFO  server.RaftServerConfigKeys (ConfUtils.java:logGet(46)) - raft.server.leaderelection.leader.step-down.wait-time = 10s (default)
2022-09-28 15:53:13,496 [Listener at 127.0.0.1/42319] INFO  server.RaftServerConfigKeys (ConfUtils.java:logGet(46)) - raft.server.storage.dir = [/home/runner/work/ozone/ozone/hadoop-ozone/integration-test/target/test-dir/MiniOzoneClusterImpl-39beaa01-56cc-488c-9c2d-94b49c5a5f0c/datanode-0/data/ratis] (custom)
2022-09-28 15:53:13,501 [Listener at 127.0.0.1/42319] INFO  server.XceiverServerGrpc (XceiverServerGrpc.java:<init>(132)) - GrpcServer channel type EpollServerSocketChannel
2022-09-28 15:53:13,515 [Listener at 127.0.0.1/42319] INFO  http.BaseHttpServer (BaseHttpServer.java:newHttpServer2BuilderForOzone(213)) - Starting Web-server for hddsDatanode at: http://0.0.0.0:0
2022-09-28 15:53:13,515 [Listener at 127.0.0.1/42319] INFO  http.BaseHttpServer (BaseHttpServer.java:<init>(108)) - Hadoop Security Enabled: false Ozone Security Enabled: false Ozone HTTP Security Enabled: false 
2022-09-28 15:53:13,516 [Listener at 127.0.0.1/42319] INFO  server.AuthenticationFilter (AuthenticationFilter.java:constructSecretProvider(240)) - Unable to initialize FileSignerSecretProvider, falling back to use random secrets.
2022-09-28 15:53:13,521 [Listener at 127.0.0.1/42319] WARN  http.HttpRequestLog (HttpRequestLog.java:getRequestLog(103)) - Jetty request log can only be enabled using Log4j
2022-09-28 15:53:13,522 [Listener at 127.0.0.1/42319] INFO  http.HttpServer2 (HttpServer2.java:addGlobalFilter(1029)) - Added global filter 'safety' (class=org.apache.hadoop.hdds.server.http.HttpServer2$QuotingInputFilter)
2022-09-28 15:53:13,524 [Listener at 127.0.0.1/42319] INFO  http.HttpServer2 (HttpServer2.java:addFilter(1005)) - Added filter static_user_filter (class=org.apache.hadoop.http.lib.StaticUserWebFilter$StaticUserFilter) to context hddsDatanode
2022-09-28 15:53:13,524 [Listener at 127.0.0.1/42319] INFO  http.HttpServer2 (HttpServer2.java:addFilter(1013)) - Added filter static_user_filter (class=org.apache.hadoop.http.lib.StaticUserWebFilter$StaticUserFilter) to context static
2022-09-28 15:53:13,524 [Listener at 127.0.0.1/42319] INFO  http.HttpServer2 (HttpServer2.java:addFilter(1013)) - Added filter static_user_filter (class=org.apache.hadoop.http.lib.StaticUserWebFilter$StaticUserFilter) to context logs
2022-09-28 15:53:13,524 [Listener at 127.0.0.1/42319] INFO  http.HttpServer2 (HttpServer2.java:bindListener(1248)) - Jetty bound to port 34495
2022-09-28 15:53:13,524 [Listener at 127.0.0.1/42319] INFO  server.Server (Server.java:doStart(375)) - jetty-9.4.43.v20210629; built: 2021-06-30T11:07:22.254Z; git: 526006ecfa3af7f1a27ef3a288e2bef7ea9dd7e8; jvm 1.8.0_345-b01
2022-09-28 15:53:13,531 [Listener at 127.0.0.1/42319] INFO  server.session (DefaultSessionIdManager.java:doStart(334)) - DefaultSessionIdManager workerName=node0
2022-09-28 15:53:13,531 [Listener at 127.0.0.1/42319] INFO  server.session (DefaultSessionIdManager.java:doStart(339)) - No SessionScavenger set, using defaults
2022-09-28 15:53:13,531 [Listener at 127.0.0.1/42319] INFO  server.session (HouseKeeper.java:startScavenging(132)) - node0 Scavenging every 600000ms
2022-09-28 15:53:13,532 [Listener at 127.0.0.1/42319] INFO  handler.ContextHandler (ContextHandler.java:doStart(915)) - Started o.e.j.s.ServletContextHandler@4465326b{logs,/logs,file:///home/runner/work/ozone/ozone/hadoop-ozone/integration-test/target/log,AVAILABLE}
2022-09-28 15:53:13,533 [Listener at 127.0.0.1/42319] INFO  handler.ContextHandler (ContextHandler.java:doStart(915)) - Started o.e.j.s.ServletContextHandler@41cd00cd{static,/static,jar:file:/home/runner/.m2/repository/org/apache/ozone/hdds-container-service/1.3.0-SNAPSHOT/hdds-container-service-1.3.0-SNAPSHOT.jar!/webapps/static,AVAILABLE}
2022-09-28 15:53:13,734 [Listener at 127.0.0.1/42319] INFO  handler.ContextHandler (ContextHandler.java:doStart(915)) - Started o.e.j.w.WebAppContext@19db46c3{hddsDatanode,/,file:///tmp/jetty-0_0_0_0-34495-hdds-container-service-1_3_0-SNAPSHOT_jar-_-any-7256617681837648515/webapp/,AVAILABLE}{jar:file:/home/runner/.m2/repository/org/apache/ozone/hdds-container-service/1.3.0-SNAPSHOT/hdds-container-service-1.3.0-SNAPSHOT.jar!/webapps/hddsDatanode}
2022-09-28 15:53:13,739 [Listener at 127.0.0.1/42319] INFO  server.AbstractConnector (AbstractConnector.java:doStart(331)) - Started ServerConnector@5f95e589{HTTP/1.1, (http/1.1)}{0.0.0.0:34495}
2022-09-28 15:53:13,740 [Listener at 127.0.0.1/42319] INFO  server.Server (Server.java:doStart(415)) - Started @97928ms
2022-09-28 15:53:13,740 [Listener at 127.0.0.1/42319] WARN  impl.MetricsSystemImpl (MetricsSystemImpl.java:register(279)) - Sink prometheus already exists!
2022-09-28 15:53:13,740 [Listener at 127.0.0.1/42319] INFO  http.BaseHttpServer (BaseHttpServer.java:updateConnectorAddress(333)) - HTTP server of hddsDatanode listening at http://0.0.0.0:34495
2022-09-28 15:53:13,741 [Listener at 127.0.0.1/42319] INFO  impl.MetricsSystemImpl (MetricsSystemImpl.java:init(158)) - HddsDatanode metrics system started (again)
2022-09-28 15:53:13,752 [Datanode State Machine Daemon Thread] INFO  statemachine.DatanodeStateMachine (DatanodeStateMachine.java:lambda$startDaemon$0(492)) - Ozone container server started.
2022-09-28 15:53:13,768 [Listener at 127.0.0.1/42319] INFO  ozone.HddsDatanodeService (HddsDatanodeService.java:start(236)) - HddsDatanodeService host:fv-az203-824.ild0l4k5vsluppoevu2oqvhmda.cx.internal.cloudapp.net ip:10.1.1.55
2022-09-28 15:53:13,811 [Listener at 127.0.0.1/42319] INFO  upgrade.AbstractLayoutVersionManager (AbstractLayoutVersionManager.java:init(83)) - Initializing Layout version manager with metadata layout = DATANODE_SCHEMA_V3 (version = 4), software layout = DATANODE_SCHEMA_V3 (version = 4)
2022-09-28 15:53:13,830 [org.apache.hadoop.util.JvmPauseMonitor$Monitor@12763725] INFO  util.JvmPauseMonitor (JvmPauseMonitor.java:run(188)) - Starting JVM pause monitor
2022-09-28 15:53:13,837 [Datanode State Machine Task Thread - 0] INFO  datanode.InitDatanodeState (InitDatanodeState.java:persistContainerDatanodeDetails(138)) - DatanodeDetails is persisted to /home/runner/work/ozone/ozone/hadoop-ozone/integration-test/target/test-dir/MiniOzoneClusterImpl-39beaa01-56cc-488c-9c2d-94b49c5a5f0c/datanode-0/meta/datanode.id
2022-09-28 15:53:13,893 [Listener at 127.0.0.1/42319] INFO  reflections.Reflections (Reflections.java:scan(232)) - Reflections took 81 ms to scan 7 urls, producing 135 keys and 327 values 
2022-09-28 15:53:13,898 [Listener at 127.0.0.1/42319] INFO  statemachine.DatanodeStateMachine (DatanodeStateMachine.java:getEndPointTaskThreadPoolSize(237)) - Datanode State Machine Task Thread Pool size 2
2022-09-28 15:53:13,908 [Listener at 127.0.0.1/42319] INFO  volume.HddsVolume (HddsVolume.java:<init>(117)) - Creating HddsVolume: /home/runner/work/ozone/ozone/hadoop-ozone/integration-test/target/test-dir/MiniOzoneClusterImpl-39beaa01-56cc-488c-9c2d-94b49c5a5f0c/datanode-1/data-0/containers/hdds of storage type : DISK capacity : 9223372036854775807
2022-09-28 15:53:13,908 [Listener at 127.0.0.1/42319] INFO  volume.MutableVolumeSet (MutableVolumeSet.java:initializeVolumeSet(174)) - Added Volume : /home/runner/work/ozone/ozone/hadoop-ozone/integration-test/target/test-dir/MiniOzoneClusterImpl-39beaa01-56cc-488c-9c2d-94b49c5a5f0c/datanode-1/data-0/containers/hdds to VolumeSet
2022-09-28 15:53:13,908 [Listener at 127.0.0.1/42319] INFO  volume.ThrottledAsyncChecker (ThrottledAsyncChecker.java:schedule(141)) - Scheduling a check for /home/runner/work/ozone/ozone/hadoop-ozone/integration-test/target/test-dir/MiniOzoneClusterImpl-39beaa01-56cc-488c-9c2d-94b49c5a5f0c/datanode-1/data-0/containers/hdds
2022-09-28 15:53:13,914 [Listener at 127.0.0.1/42319] INFO  volume.StorageVolumeChecker (StorageVolumeChecker.java:checkAllVolumes(202)) - Scheduled health check for volume /home/runner/work/ozone/ozone/hadoop-ozone/integration-test/target/test-dir/MiniOzoneClusterImpl-39beaa01-56cc-488c-9c2d-94b49c5a5f0c/datanode-1/data-0/containers/hdds
2022-09-28 15:53:13,926 [Listener at 127.0.0.1/42319] INFO  volume.MutableVolumeSet (MutableVolumeSet.java:initializeVolumeSet(174)) - Added Volume : /home/runner/work/ozone/ozone/hadoop-ozone/integration-test/target/test-dir/MiniOzoneClusterImpl-39beaa01-56cc-488c-9c2d-94b49c5a5f0c/datanode-1/data/ratis to VolumeSet
2022-09-28 15:53:13,926 [Listener at 127.0.0.1/42319] INFO  volume.ThrottledAsyncChecker (ThrottledAsyncChecker.java:schedule(141)) - Scheduling a check for /home/runner/work/ozone/ozone/hadoop-ozone/integration-test/target/test-dir/MiniOzoneClusterImpl-39beaa01-56cc-488c-9c2d-94b49c5a5f0c/datanode-1/data/ratis
2022-09-28 15:53:13,927 [Listener at 127.0.0.1/42319] INFO  volume.StorageVolumeChecker (StorageVolumeChecker.java:checkAllVolumes(202)) - Scheduled health check for volume /home/runner/work/ozone/ozone/hadoop-ozone/integration-test/target/test-dir/MiniOzoneClusterImpl-39beaa01-56cc-488c-9c2d-94b49c5a5f0c/datanode-1/data/ratis
2022-09-28 15:53:13,938 [Thread-619] INFO  ozoneimpl.ContainerReader (ContainerReader.java:readVolume(175)) - Finish verifying containers on volume /home/runner/work/ozone/ozone/hadoop-ozone/integration-test/target/test-dir/MiniOzoneClusterImpl-39beaa01-56cc-488c-9c2d-94b49c5a5f0c/datanode-1/data-0/containers/hdds
2022-09-28 15:53:13,938 [Listener at 127.0.0.1/42319] INFO  ozoneimpl.OzoneContainer (OzoneContainer.java:buildContainerSet(300)) - Build ContainerSet costs 0s
2022-09-28 15:53:13,940 [Listener at 127.0.0.1/42319] INFO  server.RaftServer (ConfUtils.java:logGet(46)) - raft.rpc.type = GRPC (default)
2022-09-28 15:53:13,940 [Listener at 127.0.0.1/42319] INFO  grpc.GrpcFactory (GrpcFactory.java:checkPooledByteBufAllocatorUseCacheForAllThreads(48)) - PERFORMANCE WARNING: useCacheForAllThreads is true that may cause Netty to create a lot garbage objects and, as a result, trigger GC.
	It is recommended to disable useCacheForAllThreads by setting -Dorg.apache.ratis.thirdparty.io.netty.allocator.useCacheForAllThreads=false in command line.
2022-09-28 15:53:13,940 [Listener at 127.0.0.1/42319] INFO  grpc.GrpcConfigKeys (ConfUtils.java:logGet(46)) - raft.grpc.admin.port = 0 (custom)
2022-09-28 15:53:13,941 [Listener at 127.0.0.1/42319] INFO  grpc.GrpcConfigKeys (ConfUtils.java:logGet(46)) - raft.grpc.client.port = 0 (custom)
2022-09-28 15:53:13,941 [Listener at 127.0.0.1/42319] INFO  grpc.GrpcConfigKeys (ConfUtils.java:logGet(46)) - raft.grpc.server.port = 0 (default)
2022-09-28 15:53:13,941 [Listener at 127.0.0.1/42319] INFO  server.GrpcService (ConfUtils.java:logGet(46)) - raft.grpc.message.size.max = 32MB (=33554432) (custom)
2022-09-28 15:53:13,941 [Listener at 127.0.0.1/42319] INFO  server.RaftServerConfigKeys (ConfUtils.java:logGet(46)) - raft.server.log.appender.buffer.byte-limit = 33554432 (custom)
2022-09-28 15:53:13,941 [Listener at 127.0.0.1/42319] INFO  server.GrpcService (ConfUtils.java:logGet(46)) - raft.grpc.flow.control.window = 5MB (=5242880) (custom)
2022-09-28 15:53:13,941 [Listener at 127.0.0.1/42319] INFO  server.RaftServerConfigKeys (ConfUtils.java:logGet(46)) - raft.server.rpc.request.timeout = 60s (custom)
2022-09-28 15:53:13,941 [Listener at 127.0.0.1/42319] INFO  grpc.GrpcConfigKeys (ConfUtils.java:logGet(46)) - raft.grpc.server.async.request.thread.pool.cached = true (default)
2022-09-28 15:53:13,941 [Listener at 127.0.0.1/42319] INFO  grpc.GrpcConfigKeys (ConfUtils.java:logGet(46)) - raft.grpc.server.async.request.thread.pool.size = 32 (default)
2022-09-28 15:53:13,942 [Listener at 127.0.0.1/42319] INFO  impl.DataStreamServerImpl (ConfUtils.java:logGet(46)) - raft.datastream.type = DISABLED (default)
2022-09-28 15:53:13,942 [Listener at 127.0.0.1/42319] INFO  server.RaftServerConfigKeys (ConfUtils.java:logGet(46)) - raft.server.threadpool.proxy.cached = true (default)
2022-09-28 15:53:13,942 [Listener at 127.0.0.1/42319] INFO  server.RaftServerConfigKeys (ConfUtils.java:logGet(46)) - raft.server.threadpool.proxy.size = 0 (default)
2022-09-28 15:53:13,943 [Listener at 127.0.0.1/42319] INFO  server.RaftServerConfigKeys (ConfUtils.java:logGet(46)) - raft.server.rpc.slowness.timeout = 300s (custom)
2022-09-28 15:53:13,943 [Listener at 127.0.0.1/42319] INFO  server.RaftServerConfigKeys (ConfUtils.java:logGet(46)) - raft.server.leaderelection.leader.step-down.wait-time = 10s (default)
2022-09-28 15:53:13,943 [Listener at 127.0.0.1/42319] INFO  server.RaftServerConfigKeys (ConfUtils.java:logGet(46)) - raft.server.storage.dir = [/home/runner/work/ozone/ozone/hadoop-ozone/integration-test/target/test-dir/MiniOzoneClusterImpl-39beaa01-56cc-488c-9c2d-94b49c5a5f0c/datanode-1/data/ratis] (custom)
2022-09-28 15:53:13,945 [Listener at 127.0.0.1/42319] INFO  server.XceiverServerGrpc (XceiverServerGrpc.java:<init>(132)) - GrpcServer channel type EpollServerSocketChannel
2022-09-28 15:53:13,948 [Listener at 127.0.0.1/42319] INFO  http.BaseHttpServer (BaseHttpServer.java:newHttpServer2BuilderForOzone(213)) - Starting Web-server for hddsDatanode at: http://0.0.0.0:0
2022-09-28 15:53:13,948 [Listener at 127.0.0.1/42319] INFO  http.BaseHttpServer (BaseHttpServer.java:<init>(108)) - Hadoop Security Enabled: false Ozone Security Enabled: false Ozone HTTP Security Enabled: false 
2022-09-28 15:53:13,949 [Listener at 127.0.0.1/42319] INFO  server.AuthenticationFilter (AuthenticationFilter.java:constructSecretProvider(240)) - Unable to initialize FileSignerSecretProvider, falling back to use random secrets.
2022-09-28 15:53:13,961 [Listener at 127.0.0.1/42319] WARN  http.HttpRequestLog (HttpRequestLog.java:getRequestLog(103)) - Jetty request log can only be enabled using Log4j
2022-09-28 15:53:13,962 [Listener at 127.0.0.1/42319] INFO  http.HttpServer2 (HttpServer2.java:addGlobalFilter(1029)) - Added global filter 'safety' (class=org.apache.hadoop.hdds.server.http.HttpServer2$QuotingInputFilter)
2022-09-28 15:53:13,963 [Listener at 127.0.0.1/42319] INFO  http.HttpServer2 (HttpServer2.java:addFilter(1005)) - Added filter static_user_filter (class=org.apache.hadoop.http.lib.StaticUserWebFilter$StaticUserFilter) to context hddsDatanode
2022-09-28 15:53:13,963 [Listener at 127.0.0.1/42319] INFO  http.HttpServer2 (HttpServer2.java:addFilter(1013)) - Added filter static_user_filter (class=org.apache.hadoop.http.lib.StaticUserWebFilter$StaticUserFilter) to context logs
2022-09-28 15:53:13,963 [Listener at 127.0.0.1/42319] INFO  http.HttpServer2 (HttpServer2.java:addFilter(1013)) - Added filter static_user_filter (class=org.apache.hadoop.http.lib.StaticUserWebFilter$StaticUserFilter) to context static
2022-09-28 15:53:13,963 [Listener at 127.0.0.1/42319] INFO  http.HttpServer2 (HttpServer2.java:bindListener(1248)) - Jetty bound to port 43269
2022-09-28 15:53:13,963 [Listener at 127.0.0.1/42319] INFO  server.Server (Server.java:doStart(375)) - jetty-9.4.43.v20210629; built: 2021-06-30T11:07:22.254Z; git: 526006ecfa3af7f1a27ef3a288e2bef7ea9dd7e8; jvm 1.8.0_345-b01
2022-09-28 15:53:13,972 [Listener at 127.0.0.1/42319] INFO  server.session (DefaultSessionIdManager.java:doStart(334)) - DefaultSessionIdManager workerName=node0
2022-09-28 15:53:13,972 [Listener at 127.0.0.1/42319] INFO  server.session (DefaultSessionIdManager.java:doStart(339)) - No SessionScavenger set, using defaults
2022-09-28 15:53:13,973 [Listener at 127.0.0.1/42319] INFO  server.session (HouseKeeper.java:startScavenging(132)) - node0 Scavenging every 600000ms
2022-09-28 15:53:13,973 [Listener at 127.0.0.1/42319] INFO  handler.ContextHandler (ContextHandler.java:doStart(915)) - Started o.e.j.s.ServletContextHandler@2256f14{logs,/logs,file:///home/runner/work/ozone/ozone/hadoop-ozone/integration-test/target/log,AVAILABLE}
2022-09-28 15:53:13,974 [Listener at 127.0.0.1/42319] INFO  handler.ContextHandler (ContextHandler.java:doStart(915)) - Started o.e.j.s.ServletContextHandler@478dc67c{static,/static,jar:file:/home/runner/.m2/repository/org/apache/ozone/hdds-container-service/1.3.0-SNAPSHOT/hdds-container-service-1.3.0-SNAPSHOT.jar!/webapps/static,AVAILABLE}
2022-09-28 15:53:14,283 [Listener at 127.0.0.1/42319] INFO  handler.ContextHandler (ContextHandler.java:doStart(915)) - Started o.e.j.w.WebAppContext@6f79fb9f{hddsDatanode,/,file:///tmp/jetty-0_0_0_0-43269-hdds-container-service-1_3_0-SNAPSHOT_jar-_-any-6435609997357984828/webapp/,AVAILABLE}{jar:file:/home/runner/.m2/repository/org/apache/ozone/hdds-container-service/1.3.0-SNAPSHOT/hdds-container-service-1.3.0-SNAPSHOT.jar!/webapps/hddsDatanode}
2022-09-28 15:53:14,291 [Listener at 127.0.0.1/42319] INFO  server.AbstractConnector (AbstractConnector.java:doStart(331)) - Started ServerConnector@4d52455{HTTP/1.1, (http/1.1)}{0.0.0.0:43269}
2022-09-28 15:53:14,291 [Listener at 127.0.0.1/42319] INFO  server.Server (Server.java:doStart(415)) - Started @98480ms
2022-09-28 15:53:14,291 [Listener at 127.0.0.1/42319] WARN  impl.MetricsSystemImpl (MetricsSystemImpl.java:register(279)) - Sink prometheus already exists!
2022-09-28 15:53:14,295 [Listener at 127.0.0.1/42319] INFO  http.BaseHttpServer (BaseHttpServer.java:updateConnectorAddress(333)) - HTTP server of hddsDatanode listening at http://0.0.0.0:43269
2022-09-28 15:53:14,299 [Listener at 127.0.0.1/42319] INFO  impl.MetricsSystemImpl (MetricsSystemImpl.java:init(158)) - HddsDatanode metrics system started (again)
2022-09-28 15:53:14,318 [Listener at 127.0.0.1/42319] INFO  ozone.HddsDatanodeService (HddsDatanodeService.java:start(236)) - HddsDatanodeService host:fv-az203-824.ild0l4k5vsluppoevu2oqvhmda.cx.internal.cloudapp.net ip:10.1.1.55
2022-09-28 15:53:14,318 [Datanode State Machine Daemon Thread] INFO  statemachine.DatanodeStateMachine (DatanodeStateMachine.java:lambda$startDaemon$0(492)) - Ozone container server started.
2022-09-28 15:53:14,324 [org.apache.hadoop.util.JvmPauseMonitor$Monitor@177fab37] INFO  util.JvmPauseMonitor (JvmPauseMonitor.java:run(188)) - Starting JVM pause monitor
2022-09-28 15:53:14,333 [Datanode State Machine Task Thread - 0] INFO  datanode.InitDatanodeState (InitDatanodeState.java:persistContainerDatanodeDetails(138)) - DatanodeDetails is persisted to /home/runner/work/ozone/ozone/hadoop-ozone/integration-test/target/test-dir/MiniOzoneClusterImpl-39beaa01-56cc-488c-9c2d-94b49c5a5f0c/datanode-1/meta/datanode.id
2022-09-28 15:53:14,373 [Listener at 127.0.0.1/42319] INFO  upgrade.AbstractLayoutVersionManager (AbstractLayoutVersionManager.java:init(83)) - Initializing Layout version manager with metadata layout = DATANODE_SCHEMA_V3 (version = 4), software layout = DATANODE_SCHEMA_V3 (version = 4)
2022-09-28 15:53:14,460 [Listener at 127.0.0.1/42319] INFO  reflections.Reflections (Reflections.java:scan(232)) - Reflections took 85 ms to scan 7 urls, producing 135 keys and 327 values 
2022-09-28 15:53:14,461 [Listener at 127.0.0.1/42319] INFO  statemachine.DatanodeStateMachine (DatanodeStateMachine.java:getEndPointTaskThreadPoolSize(237)) - Datanode State Machine Task Thread Pool size 2
2022-09-28 15:53:14,472 [Listener at 127.0.0.1/42319] INFO  volume.HddsVolume (HddsVolume.java:<init>(117)) - Creating HddsVolume: /home/runner/work/ozone/ozone/hadoop-ozone/integration-test/target/test-dir/MiniOzoneClusterImpl-39beaa01-56cc-488c-9c2d-94b49c5a5f0c/datanode-2/data-0/containers/hdds of storage type : DISK capacity : 9223372036854775807
2022-09-28 15:53:14,472 [Listener at 127.0.0.1/42319] INFO  volume.MutableVolumeSet (MutableVolumeSet.java:initializeVolumeSet(174)) - Added Volume : /home/runner/work/ozone/ozone/hadoop-ozone/integration-test/target/test-dir/MiniOzoneClusterImpl-39beaa01-56cc-488c-9c2d-94b49c5a5f0c/datanode-2/data-0/containers/hdds to VolumeSet
2022-09-28 15:53:14,472 [Listener at 127.0.0.1/42319] INFO  volume.ThrottledAsyncChecker (ThrottledAsyncChecker.java:schedule(141)) - Scheduling a check for /home/runner/work/ozone/ozone/hadoop-ozone/integration-test/target/test-dir/MiniOzoneClusterImpl-39beaa01-56cc-488c-9c2d-94b49c5a5f0c/datanode-2/data-0/containers/hdds
2022-09-28 15:53:14,473 [Listener at 127.0.0.1/42319] INFO  volume.StorageVolumeChecker (StorageVolumeChecker.java:checkAllVolumes(202)) - Scheduled health check for volume /home/runner/work/ozone/ozone/hadoop-ozone/integration-test/target/test-dir/MiniOzoneClusterImpl-39beaa01-56cc-488c-9c2d-94b49c5a5f0c/datanode-2/data-0/containers/hdds
2022-09-28 15:53:14,489 [Listener at 127.0.0.1/42319] INFO  volume.MutableVolumeSet (MutableVolumeSet.java:initializeVolumeSet(174)) - Added Volume : /home/runner/work/ozone/ozone/hadoop-ozone/integration-test/target/test-dir/MiniOzoneClusterImpl-39beaa01-56cc-488c-9c2d-94b49c5a5f0c/datanode-2/data/ratis to VolumeSet
2022-09-28 15:53:14,489 [Listener at 127.0.0.1/42319] INFO  volume.ThrottledAsyncChecker (ThrottledAsyncChecker.java:schedule(141)) - Scheduling a check for /home/runner/work/ozone/ozone/hadoop-ozone/integration-test/target/test-dir/MiniOzoneClusterImpl-39beaa01-56cc-488c-9c2d-94b49c5a5f0c/datanode-2/data/ratis
2022-09-28 15:53:14,489 [Listener at 127.0.0.1/42319] INFO  volume.StorageVolumeChecker (StorageVolumeChecker.java:checkAllVolumes(202)) - Scheduled health check for volume /home/runner/work/ozone/ozone/hadoop-ozone/integration-test/target/test-dir/MiniOzoneClusterImpl-39beaa01-56cc-488c-9c2d-94b49c5a5f0c/datanode-2/data/ratis
2022-09-28 15:53:14,555 [Thread-632] INFO  ozoneimpl.ContainerReader (ContainerReader.java:readVolume(175)) - Finish verifying containers on volume /home/runner/work/ozone/ozone/hadoop-ozone/integration-test/target/test-dir/MiniOzoneClusterImpl-39beaa01-56cc-488c-9c2d-94b49c5a5f0c/datanode-2/data-0/containers/hdds
2022-09-28 15:53:14,555 [Listener at 127.0.0.1/42319] INFO  ozoneimpl.OzoneContainer (OzoneContainer.java:buildContainerSet(300)) - Build ContainerSet costs 0s
2022-09-28 15:53:14,557 [Listener at 127.0.0.1/42319] INFO  server.RaftServer (ConfUtils.java:logGet(46)) - raft.rpc.type = GRPC (default)
2022-09-28 15:53:14,557 [Listener at 127.0.0.1/42319] INFO  grpc.GrpcFactory (GrpcFactory.java:checkPooledByteBufAllocatorUseCacheForAllThreads(48)) - PERFORMANCE WARNING: useCacheForAllThreads is true that may cause Netty to create a lot garbage objects and, as a result, trigger GC.
	It is recommended to disable useCacheForAllThreads by setting -Dorg.apache.ratis.thirdparty.io.netty.allocator.useCacheForAllThreads=false in command line.
2022-09-28 15:53:14,557 [Listener at 127.0.0.1/42319] INFO  grpc.GrpcConfigKeys (ConfUtils.java:logGet(46)) - raft.grpc.admin.port = 0 (custom)
2022-09-28 15:53:14,558 [Listener at 127.0.0.1/42319] INFO  grpc.GrpcConfigKeys (ConfUtils.java:logGet(46)) - raft.grpc.client.port = 0 (custom)
2022-09-28 15:53:14,558 [Listener at 127.0.0.1/42319] INFO  grpc.GrpcConfigKeys (ConfUtils.java:logGet(46)) - raft.grpc.server.port = 0 (default)
2022-09-28 15:53:14,558 [Listener at 127.0.0.1/42319] INFO  server.GrpcService (ConfUtils.java:logGet(46)) - raft.grpc.message.size.max = 32MB (=33554432) (custom)
2022-09-28 15:53:14,558 [Listener at 127.0.0.1/42319] INFO  server.RaftServerConfigKeys (ConfUtils.java:logGet(46)) - raft.server.log.appender.buffer.byte-limit = 33554432 (custom)
2022-09-28 15:53:14,558 [Listener at 127.0.0.1/42319] INFO  server.GrpcService (ConfUtils.java:logGet(46)) - raft.grpc.flow.control.window = 5MB (=5242880) (custom)
2022-09-28 15:53:14,558 [Listener at 127.0.0.1/42319] INFO  server.RaftServerConfigKeys (ConfUtils.java:logGet(46)) - raft.server.rpc.request.timeout = 60s (custom)
2022-09-28 15:53:14,558 [Listener at 127.0.0.1/42319] INFO  grpc.GrpcConfigKeys (ConfUtils.java:logGet(46)) - raft.grpc.server.async.request.thread.pool.cached = true (default)
2022-09-28 15:53:14,558 [Listener at 127.0.0.1/42319] INFO  grpc.GrpcConfigKeys (ConfUtils.java:logGet(46)) - raft.grpc.server.async.request.thread.pool.size = 32 (default)
2022-09-28 15:53:14,567 [Listener at 127.0.0.1/42319] INFO  impl.DataStreamServerImpl (ConfUtils.java:logGet(46)) - raft.datastream.type = DISABLED (default)
2022-09-28 15:53:14,568 [Listener at 127.0.0.1/42319] INFO  server.RaftServerConfigKeys (ConfUtils.java:logGet(46)) - raft.server.threadpool.proxy.cached = true (default)
2022-09-28 15:53:14,568 [Listener at 127.0.0.1/42319] INFO  server.RaftServerConfigKeys (ConfUtils.java:logGet(46)) - raft.server.threadpool.proxy.size = 0 (default)
2022-09-28 15:53:14,568 [Listener at 127.0.0.1/42319] INFO  server.RaftServerConfigKeys (ConfUtils.java:logGet(46)) - raft.server.rpc.slowness.timeout = 300s (custom)
2022-09-28 15:53:14,568 [Listener at 127.0.0.1/42319] INFO  server.RaftServerConfigKeys (ConfUtils.java:logGet(46)) - raft.server.leaderelection.leader.step-down.wait-time = 10s (default)
2022-09-28 15:53:14,568 [Listener at 127.0.0.1/42319] INFO  server.RaftServerConfigKeys (ConfUtils.java:logGet(46)) - raft.server.storage.dir = [/home/runner/work/ozone/ozone/hadoop-ozone/integration-test/target/test-dir/MiniOzoneClusterImpl-39beaa01-56cc-488c-9c2d-94b49c5a5f0c/datanode-2/data/ratis] (custom)
2022-09-28 15:53:14,575 [Listener at 127.0.0.1/42319] INFO  server.XceiverServerGrpc (XceiverServerGrpc.java:<init>(132)) - GrpcServer channel type EpollServerSocketChannel
2022-09-28 15:53:14,596 [Listener at 127.0.0.1/42319] INFO  http.BaseHttpServer (BaseHttpServer.java:newHttpServer2BuilderForOzone(213)) - Starting Web-server for hddsDatanode at: http://0.0.0.0:0
2022-09-28 15:53:14,596 [Listener at 127.0.0.1/42319] INFO  http.BaseHttpServer (BaseHttpServer.java:<init>(108)) - Hadoop Security Enabled: false Ozone Security Enabled: false Ozone HTTP Security Enabled: false 
2022-09-28 15:53:14,597 [Listener at 127.0.0.1/42319] INFO  server.AuthenticationFilter (AuthenticationFilter.java:constructSecretProvider(240)) - Unable to initialize FileSignerSecretProvider, falling back to use random secrets.
2022-09-28 15:53:14,607 [Listener at 127.0.0.1/42319] WARN  http.HttpRequestLog (HttpRequestLog.java:getRequestLog(103)) - Jetty request log can only be enabled using Log4j
2022-09-28 15:53:14,608 [Listener at 127.0.0.1/42319] INFO  http.HttpServer2 (HttpServer2.java:addGlobalFilter(1029)) - Added global filter 'safety' (class=org.apache.hadoop.hdds.server.http.HttpServer2$QuotingInputFilter)
2022-09-28 15:53:14,609 [Listener at 127.0.0.1/42319] INFO  http.HttpServer2 (HttpServer2.java:addFilter(1005)) - Added filter static_user_filter (class=org.apache.hadoop.http.lib.StaticUserWebFilter$StaticUserFilter) to context hddsDatanode
2022-09-28 15:53:14,609 [Listener at 127.0.0.1/42319] INFO  http.HttpServer2 (HttpServer2.java:addFilter(1013)) - Added filter static_user_filter (class=org.apache.hadoop.http.lib.StaticUserWebFilter$StaticUserFilter) to context logs
2022-09-28 15:53:14,609 [Listener at 127.0.0.1/42319] INFO  http.HttpServer2 (HttpServer2.java:addFilter(1013)) - Added filter static_user_filter (class=org.apache.hadoop.http.lib.StaticUserWebFilter$StaticUserFilter) to context static
2022-09-28 15:53:14,609 [Listener at 127.0.0.1/42319] INFO  http.HttpServer2 (HttpServer2.java:bindListener(1248)) - Jetty bound to port 42431
2022-09-28 15:53:14,609 [Listener at 127.0.0.1/42319] INFO  server.Server (Server.java:doStart(375)) - jetty-9.4.43.v20210629; built: 2021-06-30T11:07:22.254Z; git: 526006ecfa3af7f1a27ef3a288e2bef7ea9dd7e8; jvm 1.8.0_345-b01
2022-09-28 15:53:14,628 [Listener at 127.0.0.1/42319] INFO  server.session (DefaultSessionIdManager.java:doStart(334)) - DefaultSessionIdManager workerName=node0
2022-09-28 15:53:14,628 [Listener at 127.0.0.1/42319] INFO  server.session (DefaultSessionIdManager.java:doStart(339)) - No SessionScavenger set, using defaults
2022-09-28 15:53:14,629 [Listener at 127.0.0.1/42319] INFO  server.session (HouseKeeper.java:startScavenging(132)) - node0 Scavenging every 660000ms
2022-09-28 15:53:14,629 [Listener at 127.0.0.1/42319] INFO  handler.ContextHandler (ContextHandler.java:doStart(915)) - Started o.e.j.s.ServletContextHandler@57ac128c{logs,/logs,file:///home/runner/work/ozone/ozone/hadoop-ozone/integration-test/target/log,AVAILABLE}
2022-09-28 15:53:14,630 [Listener at 127.0.0.1/42319] INFO  handler.ContextHandler (ContextHandler.java:doStart(915)) - Started o.e.j.s.ServletContextHandler@3bcff419{static,/static,jar:file:/home/runner/.m2/repository/org/apache/ozone/hdds-container-service/1.3.0-SNAPSHOT/hdds-container-service-1.3.0-SNAPSHOT.jar!/webapps/static,AVAILABLE}
2022-09-28 15:53:14,985 [Listener at 127.0.0.1/42319] INFO  handler.ContextHandler (ContextHandler.java:doStart(915)) - Started o.e.j.w.WebAppContext@4ecac4d4{hddsDatanode,/,file:///tmp/jetty-0_0_0_0-42431-hdds-container-service-1_3_0-SNAPSHOT_jar-_-any-3373628645752885553/webapp/,AVAILABLE}{jar:file:/home/runner/.m2/repository/org/apache/ozone/hdds-container-service/1.3.0-SNAPSHOT/hdds-container-service-1.3.0-SNAPSHOT.jar!/webapps/hddsDatanode}
2022-09-28 15:53:14,996 [Listener at 127.0.0.1/42319] INFO  server.AbstractConnector (AbstractConnector.java:doStart(331)) - Started ServerConnector@4df01ae3{HTTP/1.1, (http/1.1)}{0.0.0.0:42431}
2022-09-28 15:53:14,996 [Listener at 127.0.0.1/42319] INFO  server.Server (Server.java:doStart(415)) - Started @99184ms
2022-09-28 15:53:14,996 [Listener at 127.0.0.1/42319] WARN  impl.MetricsSystemImpl (MetricsSystemImpl.java:register(279)) - Sink prometheus already exists!
2022-09-28 15:53:14,997 [Listener at 127.0.0.1/42319] INFO  http.BaseHttpServer (BaseHttpServer.java:updateConnectorAddress(333)) - HTTP server of hddsDatanode listening at http://0.0.0.0:42431
2022-09-28 15:53:14,997 [Listener at 127.0.0.1/42319] INFO  impl.MetricsSystemImpl (MetricsSystemImpl.java:init(158)) - HddsDatanode metrics system started (again)
2022-09-28 15:53:15,007 [Datanode State Machine Daemon Thread] INFO  statemachine.DatanodeStateMachine (DatanodeStateMachine.java:lambda$startDaemon$0(492)) - Ozone container server started.
2022-09-28 15:53:15,013 [Listener at 127.0.0.1/42319] INFO  ozone.HddsDatanodeService (HddsDatanodeService.java:start(236)) - HddsDatanodeService host:fv-az203-824.ild0l4k5vsluppoevu2oqvhmda.cx.internal.cloudapp.net ip:10.1.1.55
2022-09-28 15:53:15,031 [org.apache.hadoop.util.JvmPauseMonitor$Monitor@a7994f2] INFO  util.JvmPauseMonitor (JvmPauseMonitor.java:run(188)) - Starting JVM pause monitor
2022-09-28 15:53:15,032 [Datanode State Machine Task Thread - 0] INFO  datanode.InitDatanodeState (InitDatanodeState.java:persistContainerDatanodeDetails(138)) - DatanodeDetails is persisted to /home/runner/work/ozone/ozone/hadoop-ozone/integration-test/target/test-dir/MiniOzoneClusterImpl-39beaa01-56cc-488c-9c2d-94b49c5a5f0c/datanode-2/meta/datanode.id
2022-09-28 15:53:15,069 [Listener at 127.0.0.1/42319] INFO  upgrade.AbstractLayoutVersionManager (AbstractLayoutVersionManager.java:init(83)) - Initializing Layout version manager with metadata layout = DATANODE_SCHEMA_V3 (version = 4), software layout = DATANODE_SCHEMA_V3 (version = 4)
2022-09-28 15:53:15,168 [Listener at 127.0.0.1/42319] INFO  reflections.Reflections (Reflections.java:scan(232)) - Reflections took 98 ms to scan 7 urls, producing 135 keys and 327 values 
2022-09-28 15:53:15,169 [Listener at 127.0.0.1/42319] INFO  statemachine.DatanodeStateMachine (DatanodeStateMachine.java:getEndPointTaskThreadPoolSize(237)) - Datanode State Machine Task Thread Pool size 2
2022-09-28 15:53:15,184 [Listener at 127.0.0.1/42319] INFO  volume.HddsVolume (HddsVolume.java:<init>(117)) - Creating HddsVolume: /home/runner/work/ozone/ozone/hadoop-ozone/integration-test/target/test-dir/MiniOzoneClusterImpl-39beaa01-56cc-488c-9c2d-94b49c5a5f0c/datanode-3/data-0/containers/hdds of storage type : DISK capacity : 9223372036854775807
2022-09-28 15:53:15,185 [Listener at 127.0.0.1/42319] INFO  volume.MutableVolumeSet (MutableVolumeSet.java:initializeVolumeSet(174)) - Added Volume : /home/runner/work/ozone/ozone/hadoop-ozone/integration-test/target/test-dir/MiniOzoneClusterImpl-39beaa01-56cc-488c-9c2d-94b49c5a5f0c/datanode-3/data-0/containers/hdds to VolumeSet
2022-09-28 15:53:15,185 [Listener at 127.0.0.1/42319] INFO  volume.ThrottledAsyncChecker (ThrottledAsyncChecker.java:schedule(141)) - Scheduling a check for /home/runner/work/ozone/ozone/hadoop-ozone/integration-test/target/test-dir/MiniOzoneClusterImpl-39beaa01-56cc-488c-9c2d-94b49c5a5f0c/datanode-3/data-0/containers/hdds
2022-09-28 15:53:15,186 [Listener at 127.0.0.1/42319] INFO  volume.StorageVolumeChecker (StorageVolumeChecker.java:checkAllVolumes(202)) - Scheduled health check for volume /home/runner/work/ozone/ozone/hadoop-ozone/integration-test/target/test-dir/MiniOzoneClusterImpl-39beaa01-56cc-488c-9c2d-94b49c5a5f0c/datanode-3/data-0/containers/hdds
2022-09-28 15:53:15,212 [Listener at 127.0.0.1/42319] INFO  volume.MutableVolumeSet (MutableVolumeSet.java:initializeVolumeSet(174)) - Added Volume : /home/runner/work/ozone/ozone/hadoop-ozone/integration-test/target/test-dir/MiniOzoneClusterImpl-39beaa01-56cc-488c-9c2d-94b49c5a5f0c/datanode-3/data/ratis to VolumeSet
2022-09-28 15:53:15,212 [Listener at 127.0.0.1/42319] INFO  volume.ThrottledAsyncChecker (ThrottledAsyncChecker.java:schedule(141)) - Scheduling a check for /home/runner/work/ozone/ozone/hadoop-ozone/integration-test/target/test-dir/MiniOzoneClusterImpl-39beaa01-56cc-488c-9c2d-94b49c5a5f0c/datanode-3/data/ratis
2022-09-28 15:53:15,212 [Listener at 127.0.0.1/42319] INFO  volume.StorageVolumeChecker (StorageVolumeChecker.java:checkAllVolumes(202)) - Scheduled health check for volume /home/runner/work/ozone/ozone/hadoop-ozone/integration-test/target/test-dir/MiniOzoneClusterImpl-39beaa01-56cc-488c-9c2d-94b49c5a5f0c/datanode-3/data/ratis
2022-09-28 15:53:15,227 [Thread-645] INFO  ozoneimpl.ContainerReader (ContainerReader.java:readVolume(175)) - Finish verifying containers on volume /home/runner/work/ozone/ozone/hadoop-ozone/integration-test/target/test-dir/MiniOzoneClusterImpl-39beaa01-56cc-488c-9c2d-94b49c5a5f0c/datanode-3/data-0/containers/hdds
2022-09-28 15:53:15,227 [Listener at 127.0.0.1/42319] INFO  ozoneimpl.OzoneContainer (OzoneContainer.java:buildContainerSet(300)) - Build ContainerSet costs 0s
2022-09-28 15:53:15,229 [Listener at 127.0.0.1/42319] INFO  server.RaftServer (ConfUtils.java:logGet(46)) - raft.rpc.type = GRPC (default)
2022-09-28 15:53:15,229 [Listener at 127.0.0.1/42319] INFO  grpc.GrpcFactory (GrpcFactory.java:checkPooledByteBufAllocatorUseCacheForAllThreads(48)) - PERFORMANCE WARNING: useCacheForAllThreads is true that may cause Netty to create a lot garbage objects and, as a result, trigger GC.
	It is recommended to disable useCacheForAllThreads by setting -Dorg.apache.ratis.thirdparty.io.netty.allocator.useCacheForAllThreads=false in command line.
2022-09-28 15:53:15,229 [Listener at 127.0.0.1/42319] INFO  grpc.GrpcConfigKeys (ConfUtils.java:logGet(46)) - raft.grpc.admin.port = 0 (custom)
2022-09-28 15:53:15,230 [Listener at 127.0.0.1/42319] INFO  grpc.GrpcConfigKeys (ConfUtils.java:logGet(46)) - raft.grpc.client.port = 0 (custom)
2022-09-28 15:53:15,230 [Listener at 127.0.0.1/42319] INFO  grpc.GrpcConfigKeys (ConfUtils.java:logGet(46)) - raft.grpc.server.port = 0 (default)
2022-09-28 15:53:15,230 [Listener at 127.0.0.1/42319] INFO  server.GrpcService (ConfUtils.java:logGet(46)) - raft.grpc.message.size.max = 32MB (=33554432) (custom)
2022-09-28 15:53:15,230 [Listener at 127.0.0.1/42319] INFO  server.RaftServerConfigKeys (ConfUtils.java:logGet(46)) - raft.server.log.appender.buffer.byte-limit = 33554432 (custom)
2022-09-28 15:53:15,230 [Listener at 127.0.0.1/42319] INFO  server.GrpcService (ConfUtils.java:logGet(46)) - raft.grpc.flow.control.window = 5MB (=5242880) (custom)
2022-09-28 15:53:15,230 [Listener at 127.0.0.1/42319] INFO  server.RaftServerConfigKeys (ConfUtils.java:logGet(46)) - raft.server.rpc.request.timeout = 60s (custom)
2022-09-28 15:53:15,230 [Listener at 127.0.0.1/42319] INFO  grpc.GrpcConfigKeys (ConfUtils.java:logGet(46)) - raft.grpc.server.async.request.thread.pool.cached = true (default)
2022-09-28 15:53:15,230 [Listener at 127.0.0.1/42319] INFO  grpc.GrpcConfigKeys (ConfUtils.java:logGet(46)) - raft.grpc.server.async.request.thread.pool.size = 32 (default)
2022-09-28 15:53:15,232 [Listener at 127.0.0.1/42319] INFO  impl.DataStreamServerImpl (ConfUtils.java:logGet(46)) - raft.datastream.type = DISABLED (default)
2022-09-28 15:53:15,237 [Listener at 127.0.0.1/42319] INFO  server.RaftServerConfigKeys (ConfUtils.java:logGet(46)) - raft.server.threadpool.proxy.cached = true (default)
2022-09-28 15:53:15,237 [Listener at 127.0.0.1/42319] INFO  server.RaftServerConfigKeys (ConfUtils.java:logGet(46)) - raft.server.threadpool.proxy.size = 0 (default)
2022-09-28 15:53:15,237 [Listener at 127.0.0.1/42319] INFO  server.RaftServerConfigKeys (ConfUtils.java:logGet(46)) - raft.server.rpc.slowness.timeout = 300s (custom)
2022-09-28 15:53:15,237 [Listener at 127.0.0.1/42319] INFO  server.RaftServerConfigKeys (ConfUtils.java:logGet(46)) - raft.server.leaderelection.leader.step-down.wait-time = 10s (default)
2022-09-28 15:53:15,237 [Listener at 127.0.0.1/42319] INFO  server.RaftServerConfigKeys (ConfUtils.java:logGet(46)) - raft.server.storage.dir = [/home/runner/work/ozone/ozone/hadoop-ozone/integration-test/target/test-dir/MiniOzoneClusterImpl-39beaa01-56cc-488c-9c2d-94b49c5a5f0c/datanode-3/data/ratis] (custom)
2022-09-28 15:53:15,249 [Listener at 127.0.0.1/42319] INFO  server.XceiverServerGrpc (XceiverServerGrpc.java:<init>(132)) - GrpcServer channel type EpollServerSocketChannel
2022-09-28 15:53:15,251 [Listener at 127.0.0.1/42319] INFO  http.BaseHttpServer (BaseHttpServer.java:newHttpServer2BuilderForOzone(213)) - Starting Web-server for hddsDatanode at: http://0.0.0.0:0
2022-09-28 15:53:15,251 [Listener at 127.0.0.1/42319] INFO  http.BaseHttpServer (BaseHttpServer.java:<init>(108)) - Hadoop Security Enabled: false Ozone Security Enabled: false Ozone HTTP Security Enabled: false 
2022-09-28 15:53:15,252 [Listener at 127.0.0.1/42319] INFO  server.AuthenticationFilter (AuthenticationFilter.java:constructSecretProvider(240)) - Unable to initialize FileSignerSecretProvider, falling back to use random secrets.
2022-09-28 15:53:15,253 [Listener at 127.0.0.1/42319] WARN  http.HttpRequestLog (HttpRequestLog.java:getRequestLog(103)) - Jetty request log can only be enabled using Log4j
2022-09-28 15:53:15,254 [Listener at 127.0.0.1/42319] INFO  http.HttpServer2 (HttpServer2.java:addGlobalFilter(1029)) - Added global filter 'safety' (class=org.apache.hadoop.hdds.server.http.HttpServer2$QuotingInputFilter)
2022-09-28 15:53:15,255 [Listener at 127.0.0.1/42319] INFO  http.HttpServer2 (HttpServer2.java:addFilter(1005)) - Added filter static_user_filter (class=org.apache.hadoop.http.lib.StaticUserWebFilter$StaticUserFilter) to context hddsDatanode
2022-09-28 15:53:15,255 [Listener at 127.0.0.1/42319] INFO  http.HttpServer2 (HttpServer2.java:addFilter(1013)) - Added filter static_user_filter (class=org.apache.hadoop.http.lib.StaticUserWebFilter$StaticUserFilter) to context static
2022-09-28 15:53:15,255 [Listener at 127.0.0.1/42319] INFO  http.HttpServer2 (HttpServer2.java:addFilter(1013)) - Added filter static_user_filter (class=org.apache.hadoop.http.lib.StaticUserWebFilter$StaticUserFilter) to context logs
2022-09-28 15:53:15,256 [Listener at 127.0.0.1/42319] INFO  http.HttpServer2 (HttpServer2.java:bindListener(1248)) - Jetty bound to port 43747
2022-09-28 15:53:15,256 [Listener at 127.0.0.1/42319] INFO  server.Server (Server.java:doStart(375)) - jetty-9.4.43.v20210629; built: 2021-06-30T11:07:22.254Z; git: 526006ecfa3af7f1a27ef3a288e2bef7ea9dd7e8; jvm 1.8.0_345-b01
2022-09-28 15:53:15,289 [Listener at 127.0.0.1/42319] INFO  server.session (DefaultSessionIdManager.java:doStart(334)) - DefaultSessionIdManager workerName=node0
2022-09-28 15:53:15,289 [Listener at 127.0.0.1/42319] INFO  server.session (DefaultSessionIdManager.java:doStart(339)) - No SessionScavenger set, using defaults
2022-09-28 15:53:15,289 [Listener at 127.0.0.1/42319] INFO  server.session (HouseKeeper.java:startScavenging(132)) - node0 Scavenging every 600000ms
2022-09-28 15:53:15,290 [Listener at 127.0.0.1/42319] INFO  handler.ContextHandler (ContextHandler.java:doStart(915)) - Started o.e.j.s.ServletContextHandler@43bd267a{logs,/logs,file:///home/runner/work/ozone/ozone/hadoop-ozone/integration-test/target/log,AVAILABLE}
2022-09-28 15:53:15,290 [Listener at 127.0.0.1/42319] INFO  handler.ContextHandler (ContextHandler.java:doStart(915)) - Started o.e.j.s.ServletContextHandler@74e17194{static,/static,jar:file:/home/runner/.m2/repository/org/apache/ozone/hdds-container-service/1.3.0-SNAPSHOT/hdds-container-service-1.3.0-SNAPSHOT.jar!/webapps/static,AVAILABLE}
2022-09-28 15:53:15,683 [Listener at 127.0.0.1/42319] INFO  handler.ContextHandler (ContextHandler.java:doStart(915)) - Started o.e.j.w.WebAppContext@31b5bf26{hddsDatanode,/,file:///tmp/jetty-0_0_0_0-43747-hdds-container-service-1_3_0-SNAPSHOT_jar-_-any-8387738359630663991/webapp/,AVAILABLE}{jar:file:/home/runner/.m2/repository/org/apache/ozone/hdds-container-service/1.3.0-SNAPSHOT/hdds-container-service-1.3.0-SNAPSHOT.jar!/webapps/hddsDatanode}
2022-09-28 15:53:15,703 [Listener at 127.0.0.1/42319] INFO  server.AbstractConnector (AbstractConnector.java:doStart(331)) - Started ServerConnector@6df7fb0c{HTTP/1.1, (http/1.1)}{0.0.0.0:43747}
2022-09-28 15:53:15,703 [Listener at 127.0.0.1/42319] INFO  server.Server (Server.java:doStart(415)) - Started @99892ms
2022-09-28 15:53:15,703 [Listener at 127.0.0.1/42319] WARN  impl.MetricsSystemImpl (MetricsSystemImpl.java:register(279)) - Sink prometheus already exists!
2022-09-28 15:53:15,704 [Listener at 127.0.0.1/42319] INFO  http.BaseHttpServer (BaseHttpServer.java:updateConnectorAddress(333)) - HTTP server of hddsDatanode listening at http://0.0.0.0:43747
2022-09-28 15:53:15,704 [Listener at 127.0.0.1/42319] INFO  impl.MetricsSystemImpl (MetricsSystemImpl.java:init(158)) - HddsDatanode metrics system started (again)
2022-09-28 15:53:15,722 [Datanode State Machine Daemon Thread] INFO  statemachine.DatanodeStateMachine (DatanodeStateMachine.java:lambda$startDaemon$0(492)) - Ozone container server started.
2022-09-28 15:53:15,731 [org.apache.hadoop.util.JvmPauseMonitor$Monitor@6b04dee8] INFO  util.JvmPauseMonitor (JvmPauseMonitor.java:run(188)) - Starting JVM pause monitor
2022-09-28 15:53:15,756 [Listener at 127.0.0.1/42319] INFO  ozone.HddsDatanodeService (HddsDatanodeService.java:start(236)) - HddsDatanodeService host:fv-az203-824.ild0l4k5vsluppoevu2oqvhmda.cx.internal.cloudapp.net ip:10.1.1.55
2022-09-28 15:53:15,759 [Datanode State Machine Task Thread - 0] INFO  datanode.InitDatanodeState (InitDatanodeState.java:persistContainerDatanodeDetails(138)) - DatanodeDetails is persisted to /home/runner/work/ozone/ozone/hadoop-ozone/integration-test/target/test-dir/MiniOzoneClusterImpl-39beaa01-56cc-488c-9c2d-94b49c5a5f0c/datanode-3/meta/datanode.id
2022-09-28 15:53:15,806 [Listener at 127.0.0.1/42319] INFO  upgrade.AbstractLayoutVersionManager (AbstractLayoutVersionManager.java:init(83)) - Initializing Layout version manager with metadata layout = DATANODE_SCHEMA_V3 (version = 4), software layout = DATANODE_SCHEMA_V3 (version = 4)
2022-09-28 15:53:15,955 [EndpointStateMachine task thread for /0.0.0.0:43951 - 0 ] INFO  volume.HddsVolume (HddsVolume.java:createDbStore(307)) - SchemaV3 db is created and loaded at /home/runner/work/ozone/ozone/hadoop-ozone/integration-test/target/test-dir/MiniOzoneClusterImpl-39beaa01-56cc-488c-9c2d-94b49c5a5f0c/datanode-0/data-0/containers/hdds/39beaa01-56cc-488c-9c2d-94b49c5a5f0c/DS-2c285a7b-a45e-4591-bdf1-1b46543452b7/container.db for volume DS-2c285a7b-a45e-4591-bdf1-1b46543452b7
2022-09-28 15:53:15,979 [Listener at 127.0.0.1/42319] INFO  reflections.Reflections (Reflections.java:scan(232)) - Reflections took 172 ms to scan 7 urls, producing 135 keys and 327 values 
2022-09-28 15:53:15,980 [Listener at 127.0.0.1/42319] INFO  statemachine.DatanodeStateMachine (DatanodeStateMachine.java:getEndPointTaskThreadPoolSize(237)) - Datanode State Machine Task Thread Pool size 2
2022-09-28 15:53:15,987 [EndpointStateMachine task thread for /0.0.0.0:43951 - 0 ] INFO  volume.HddsVolume (HddsVolume.java:closeDbStore(338)) - SchemaV3 db is stopped at /home/runner/work/ozone/ozone/hadoop-ozone/integration-test/target/test-dir/MiniOzoneClusterImpl-39beaa01-56cc-488c-9c2d-94b49c5a5f0c/datanode-0/data-0/containers/hdds/39beaa01-56cc-488c-9c2d-94b49c5a5f0c/DS-2c285a7b-a45e-4591-bdf1-1b46543452b7/container.db for volume DS-2c285a7b-a45e-4591-bdf1-1b46543452b7
2022-09-28 15:53:15,987 [EndpointStateMachine task thread for /0.0.0.0:43951 - 0 ] INFO  ozoneimpl.OzoneContainer (OzoneContainer.java:start(378)) - Attempting to start container services.
2022-09-28 15:53:15,987 [EndpointStateMachine task thread for /0.0.0.0:43951 - 0 ] INFO  ozoneimpl.OzoneContainer (OzoneContainer.java:startContainerScrub(313)) - Background container scanner has been disabled.
2022-09-28 15:53:15,988 [Listener at 127.0.0.1/42319] INFO  volume.HddsVolume (HddsVolume.java:<init>(117)) - Creating HddsVolume: /home/runner/work/ozone/ozone/hadoop-ozone/integration-test/target/test-dir/MiniOzoneClusterImpl-39beaa01-56cc-488c-9c2d-94b49c5a5f0c/datanode-4/data-0/containers/hdds of storage type : DISK capacity : 9223372036854775807
2022-09-28 15:53:15,991 [Listener at 127.0.0.1/42319] INFO  volume.MutableVolumeSet (MutableVolumeSet.java:initializeVolumeSet(174)) - Added Volume : /home/runner/work/ozone/ozone/hadoop-ozone/integration-test/target/test-dir/MiniOzoneClusterImpl-39beaa01-56cc-488c-9c2d-94b49c5a5f0c/datanode-4/data-0/containers/hdds to VolumeSet
2022-09-28 15:53:15,991 [Listener at 127.0.0.1/42319] INFO  volume.ThrottledAsyncChecker (ThrottledAsyncChecker.java:schedule(141)) - Scheduling a check for /home/runner/work/ozone/ozone/hadoop-ozone/integration-test/target/test-dir/MiniOzoneClusterImpl-39beaa01-56cc-488c-9c2d-94b49c5a5f0c/datanode-4/data-0/containers/hdds
2022-09-28 15:53:15,996 [EndpointStateMachine task thread for /0.0.0.0:43951 - 0 ] INFO  replication.ReplicationServer (ReplicationServer.java:start(111)) - ReplicationServer is started using port 38111
2022-09-28 15:53:15,996 [EndpointStateMachine task thread for /0.0.0.0:43951 - 0 ] INFO  ratis.XceiverServerRatis (XceiverServerRatis.java:start(481)) - Starting XceiverServerRatis 0274ec44-c511-404a-9072-ead7ce024853
2022-09-28 15:53:16,003 [EndpointStateMachine task thread for /0.0.0.0:43951 - 0 ] INFO  server.RaftServer (RaftServerProxy.java:lambda$start$6(382)) - 0274ec44-c511-404a-9072-ead7ce024853: start RPC server
2022-09-28 15:53:16,012 [EndpointStateMachine task thread for /0.0.0.0:43951 - 0 ] INFO  server.GrpcService (GrpcService.java:startImpl(260)) - 0274ec44-c511-404a-9072-ead7ce024853: GrpcService started, listening on 37251
2022-09-28 15:53:16,012 [EndpointStateMachine task thread for /0.0.0.0:43951 - 0 ] INFO  ratis.XceiverServerRatis (XceiverServerRatis.java:getRealPort(502)) - XceiverServerRatis 0274ec44-c511-404a-9072-ead7ce024853 is started using port 37251 for RATIS
2022-09-28 15:53:16,012 [EndpointStateMachine task thread for /0.0.0.0:43951 - 0 ] INFO  ratis.XceiverServerRatis (XceiverServerRatis.java:getRealPort(502)) - XceiverServerRatis 0274ec44-c511-404a-9072-ead7ce024853 is started using port 37251 for RATIS_ADMIN
2022-09-28 15:53:16,012 [EndpointStateMachine task thread for /0.0.0.0:43951 - 0 ] INFO  ratis.XceiverServerRatis (XceiverServerRatis.java:getRealPort(502)) - XceiverServerRatis 0274ec44-c511-404a-9072-ead7ce024853 is started using port 37251 for RATIS_SERVER
2022-09-28 15:53:16,012 [org.apache.ratis.util.JvmPauseMonitor$$Lambda$634/1800766250@22aa265] INFO  util.JvmPauseMonitor (JvmPauseMonitor.java:run(103)) - JvmPauseMonitor-0274ec44-c511-404a-9072-ead7ce024853: Started
2022-09-28 15:53:16,039 [EndpointStateMachine task thread for /0.0.0.0:43951 - 0 ] INFO  server.XceiverServerGrpc (XceiverServerGrpc.java:start(180)) - XceiverServerGrpc 0274ec44-c511-404a-9072-ead7ce024853 is started using port 46125
2022-09-28 15:53:16,043 [Listener at 127.0.0.1/42319] INFO  volume.StorageVolumeChecker (StorageVolumeChecker.java:checkAllVolumes(202)) - Scheduled health check for volume /home/runner/work/ozone/ozone/hadoop-ozone/integration-test/target/test-dir/MiniOzoneClusterImpl-39beaa01-56cc-488c-9c2d-94b49c5a5f0c/datanode-4/data-0/containers/hdds
2022-09-28 15:53:16,064 [Listener at 127.0.0.1/42319] INFO  volume.MutableVolumeSet (MutableVolumeSet.java:initializeVolumeSet(174)) - Added Volume : /home/runner/work/ozone/ozone/hadoop-ozone/integration-test/target/test-dir/MiniOzoneClusterImpl-39beaa01-56cc-488c-9c2d-94b49c5a5f0c/datanode-4/data/ratis to VolumeSet
2022-09-28 15:53:16,065 [Listener at 127.0.0.1/42319] INFO  volume.ThrottledAsyncChecker (ThrottledAsyncChecker.java:schedule(141)) - Scheduling a check for /home/runner/work/ozone/ozone/hadoop-ozone/integration-test/target/test-dir/MiniOzoneClusterImpl-39beaa01-56cc-488c-9c2d-94b49c5a5f0c/datanode-4/data/ratis
2022-09-28 15:53:16,066 [Listener at 127.0.0.1/42319] INFO  volume.StorageVolumeChecker (StorageVolumeChecker.java:checkAllVolumes(202)) - Scheduled health check for volume /home/runner/work/ozone/ozone/hadoop-ozone/integration-test/target/test-dir/MiniOzoneClusterImpl-39beaa01-56cc-488c-9c2d-94b49c5a5f0c/datanode-4/data/ratis
2022-09-28 15:53:16,078 [Thread-664] INFO  ozoneimpl.ContainerReader (ContainerReader.java:readVolume(175)) - Finish verifying containers on volume /home/runner/work/ozone/ozone/hadoop-ozone/integration-test/target/test-dir/MiniOzoneClusterImpl-39beaa01-56cc-488c-9c2d-94b49c5a5f0c/datanode-4/data-0/containers/hdds
2022-09-28 15:53:16,078 [Listener at 127.0.0.1/42319] INFO  ozoneimpl.OzoneContainer (OzoneContainer.java:buildContainerSet(300)) - Build ContainerSet costs 0s
2022-09-28 15:53:16,080 [Listener at 127.0.0.1/42319] INFO  server.RaftServer (ConfUtils.java:logGet(46)) - raft.rpc.type = GRPC (default)
2022-09-28 15:53:16,080 [Listener at 127.0.0.1/42319] INFO  grpc.GrpcFactory (GrpcFactory.java:checkPooledByteBufAllocatorUseCacheForAllThreads(48)) - PERFORMANCE WARNING: useCacheForAllThreads is true that may cause Netty to create a lot garbage objects and, as a result, trigger GC.
	It is recommended to disable useCacheForAllThreads by setting -Dorg.apache.ratis.thirdparty.io.netty.allocator.useCacheForAllThreads=false in command line.
2022-09-28 15:53:16,080 [Listener at 127.0.0.1/42319] INFO  grpc.GrpcConfigKeys (ConfUtils.java:logGet(46)) - raft.grpc.admin.port = 0 (custom)
2022-09-28 15:53:16,080 [Listener at 127.0.0.1/42319] INFO  grpc.GrpcConfigKeys (ConfUtils.java:logGet(46)) - raft.grpc.client.port = 0 (custom)
2022-09-28 15:53:16,080 [Listener at 127.0.0.1/42319] INFO  grpc.GrpcConfigKeys (ConfUtils.java:logGet(46)) - raft.grpc.server.port = 0 (default)
2022-09-28 15:53:16,080 [Listener at 127.0.0.1/42319] INFO  server.GrpcService (ConfUtils.java:logGet(46)) - raft.grpc.message.size.max = 32MB (=33554432) (custom)
2022-09-28 15:53:16,081 [Listener at 127.0.0.1/42319] INFO  server.RaftServerConfigKeys (ConfUtils.java:logGet(46)) - raft.server.log.appender.buffer.byte-limit = 33554432 (custom)
2022-09-28 15:53:16,081 [Listener at 127.0.0.1/42319] INFO  server.GrpcService (ConfUtils.java:logGet(46)) - raft.grpc.flow.control.window = 5MB (=5242880) (custom)
2022-09-28 15:53:16,081 [Listener at 127.0.0.1/42319] INFO  server.RaftServerConfigKeys (ConfUtils.java:logGet(46)) - raft.server.rpc.request.timeout = 60s (custom)
2022-09-28 15:53:16,081 [Listener at 127.0.0.1/42319] INFO  grpc.GrpcConfigKeys (ConfUtils.java:logGet(46)) - raft.grpc.server.async.request.thread.pool.cached = true (default)
2022-09-28 15:53:16,081 [Listener at 127.0.0.1/42319] INFO  grpc.GrpcConfigKeys (ConfUtils.java:logGet(46)) - raft.grpc.server.async.request.thread.pool.size = 32 (default)
2022-09-28 15:53:16,082 [Listener at 127.0.0.1/42319] INFO  impl.DataStreamServerImpl (ConfUtils.java:logGet(46)) - raft.datastream.type = DISABLED (default)
2022-09-28 15:53:16,082 [Listener at 127.0.0.1/42319] INFO  server.RaftServerConfigKeys (ConfUtils.java:logGet(46)) - raft.server.threadpool.proxy.cached = true (default)
2022-09-28 15:53:16,082 [Listener at 127.0.0.1/42319] INFO  server.RaftServerConfigKeys (ConfUtils.java:logGet(46)) - raft.server.threadpool.proxy.size = 0 (default)
2022-09-28 15:53:16,082 [Listener at 127.0.0.1/42319] INFO  server.RaftServerConfigKeys (ConfUtils.java:logGet(46)) - raft.server.rpc.slowness.timeout = 300s (custom)
2022-09-28 15:53:16,082 [Listener at 127.0.0.1/42319] INFO  server.RaftServerConfigKeys (ConfUtils.java:logGet(46)) - raft.server.leaderelection.leader.step-down.wait-time = 10s (default)
2022-09-28 15:53:16,082 [Listener at 127.0.0.1/42319] INFO  server.RaftServerConfigKeys (ConfUtils.java:logGet(46)) - raft.server.storage.dir = [/home/runner/work/ozone/ozone/hadoop-ozone/integration-test/target/test-dir/MiniOzoneClusterImpl-39beaa01-56cc-488c-9c2d-94b49c5a5f0c/datanode-4/data/ratis] (custom)
2022-09-28 15:53:16,088 [Listener at 127.0.0.1/42319] INFO  server.XceiverServerGrpc (XceiverServerGrpc.java:<init>(132)) - GrpcServer channel type EpollServerSocketChannel
2022-09-28 15:53:16,098 [Listener at 127.0.0.1/42319] INFO  http.BaseHttpServer (BaseHttpServer.java:newHttpServer2BuilderForOzone(213)) - Starting Web-server for hddsDatanode at: http://0.0.0.0:0
2022-09-28 15:53:16,099 [Listener at 127.0.0.1/42319] INFO  http.BaseHttpServer (BaseHttpServer.java:<init>(108)) - Hadoop Security Enabled: false Ozone Security Enabled: false Ozone HTTP Security Enabled: false 
2022-09-28 15:53:16,100 [Listener at 127.0.0.1/42319] INFO  server.AuthenticationFilter (AuthenticationFilter.java:constructSecretProvider(240)) - Unable to initialize FileSignerSecretProvider, falling back to use random secrets.
2022-09-28 15:53:16,103 [Listener at 127.0.0.1/42319] WARN  http.HttpRequestLog (HttpRequestLog.java:getRequestLog(103)) - Jetty request log can only be enabled using Log4j
2022-09-28 15:53:16,104 [Listener at 127.0.0.1/42319] INFO  http.HttpServer2 (HttpServer2.java:addGlobalFilter(1029)) - Added global filter 'safety' (class=org.apache.hadoop.hdds.server.http.HttpServer2$QuotingInputFilter)
2022-09-28 15:53:16,105 [Listener at 127.0.0.1/42319] INFO  http.HttpServer2 (HttpServer2.java:addFilter(1005)) - Added filter static_user_filter (class=org.apache.hadoop.http.lib.StaticUserWebFilter$StaticUserFilter) to context hddsDatanode
2022-09-28 15:53:16,105 [Listener at 127.0.0.1/42319] INFO  http.HttpServer2 (HttpServer2.java:addFilter(1013)) - Added filter static_user_filter (class=org.apache.hadoop.http.lib.StaticUserWebFilter$StaticUserFilter) to context static
2022-09-28 15:53:16,105 [Listener at 127.0.0.1/42319] INFO  http.HttpServer2 (HttpServer2.java:addFilter(1013)) - Added filter static_user_filter (class=org.apache.hadoop.http.lib.StaticUserWebFilter$StaticUserFilter) to context logs
2022-09-28 15:53:16,105 [Listener at 127.0.0.1/42319] INFO  http.HttpServer2 (HttpServer2.java:bindListener(1248)) - Jetty bound to port 40603
2022-09-28 15:53:16,105 [Listener at 127.0.0.1/42319] INFO  server.Server (Server.java:doStart(375)) - jetty-9.4.43.v20210629; built: 2021-06-30T11:07:22.254Z; git: 526006ecfa3af7f1a27ef3a288e2bef7ea9dd7e8; jvm 1.8.0_345-b01
2022-09-28 15:53:16,147 [Listener at 127.0.0.1/42319] INFO  server.session (DefaultSessionIdManager.java:doStart(334)) - DefaultSessionIdManager workerName=node0
2022-09-28 15:53:16,147 [Listener at 127.0.0.1/42319] INFO  server.session (DefaultSessionIdManager.java:doStart(339)) - No SessionScavenger set, using defaults
2022-09-28 15:53:16,148 [Listener at 127.0.0.1/42319] INFO  server.session (HouseKeeper.java:startScavenging(132)) - node0 Scavenging every 600000ms
2022-09-28 15:53:16,148 [Listener at 127.0.0.1/42319] INFO  handler.ContextHandler (ContextHandler.java:doStart(915)) - Started o.e.j.s.ServletContextHandler@658e67e1{logs,/logs,file:///home/runner/work/ozone/ozone/hadoop-ozone/integration-test/target/log,AVAILABLE}
2022-09-28 15:53:16,149 [Listener at 127.0.0.1/42319] INFO  handler.ContextHandler (ContextHandler.java:doStart(915)) - Started o.e.j.s.ServletContextHandler@61675dd5{static,/static,jar:file:/home/runner/.m2/repository/org/apache/ozone/hdds-container-service/1.3.0-SNAPSHOT/hdds-container-service-1.3.0-SNAPSHOT.jar!/webapps/static,AVAILABLE}
2022-09-28 15:53:16,433 [Listener at 127.0.0.1/42319] INFO  handler.ContextHandler (ContextHandler.java:doStart(915)) - Started o.e.j.w.WebAppContext@16903aba{hddsDatanode,/,file:///tmp/jetty-0_0_0_0-40603-hdds-container-service-1_3_0-SNAPSHOT_jar-_-any-8099456226285125584/webapp/,AVAILABLE}{jar:file:/home/runner/.m2/repository/org/apache/ozone/hdds-container-service/1.3.0-SNAPSHOT/hdds-container-service-1.3.0-SNAPSHOT.jar!/webapps/hddsDatanode}
2022-09-28 15:53:16,439 [EndpointStateMachine task thread for /0.0.0.0:43951 - 0 ] INFO  volume.HddsVolume (HddsVolume.java:createDbStore(307)) - SchemaV3 db is created and loaded at /home/runner/work/ozone/ozone/hadoop-ozone/integration-test/target/test-dir/MiniOzoneClusterImpl-39beaa01-56cc-488c-9c2d-94b49c5a5f0c/datanode-1/data-0/containers/hdds/39beaa01-56cc-488c-9c2d-94b49c5a5f0c/DS-144213d6-767f-4680-a1d6-286ef77a13d1/container.db for volume DS-144213d6-767f-4680-a1d6-286ef77a13d1
2022-09-28 15:53:16,439 [EndpointStateMachine task thread for /0.0.0.0:43951 - 0 ] INFO  volume.HddsVolume (HddsVolume.java:closeDbStore(338)) - SchemaV3 db is stopped at /home/runner/work/ozone/ozone/hadoop-ozone/integration-test/target/test-dir/MiniOzoneClusterImpl-39beaa01-56cc-488c-9c2d-94b49c5a5f0c/datanode-1/data-0/containers/hdds/39beaa01-56cc-488c-9c2d-94b49c5a5f0c/DS-144213d6-767f-4680-a1d6-286ef77a13d1/container.db for volume DS-144213d6-767f-4680-a1d6-286ef77a13d1
2022-09-28 15:53:16,439 [EndpointStateMachine task thread for /0.0.0.0:43951 - 0 ] INFO  ozoneimpl.OzoneContainer (OzoneContainer.java:start(378)) - Attempting to start container services.
2022-09-28 15:53:16,440 [EndpointStateMachine task thread for /0.0.0.0:43951 - 0 ] INFO  ozoneimpl.OzoneContainer (OzoneContainer.java:startContainerScrub(313)) - Background container scanner has been disabled.
2022-09-28 15:53:16,460 [EndpointStateMachine task thread for /0.0.0.0:43951 - 0 ] INFO  replication.ReplicationServer (ReplicationServer.java:start(111)) - ReplicationServer is started using port 42933
2022-09-28 15:53:16,461 [EndpointStateMachine task thread for /0.0.0.0:43951 - 0 ] INFO  ratis.XceiverServerRatis (XceiverServerRatis.java:start(481)) - Starting XceiverServerRatis 14b40a93-8746-4852-b401-12fc62dc6a20
2022-09-28 15:53:16,471 [EndpointStateMachine task thread for /0.0.0.0:43951 - 0 ] INFO  server.RaftServer (RaftServerProxy.java:lambda$start$6(382)) - 14b40a93-8746-4852-b401-12fc62dc6a20: start RPC server
2022-09-28 15:53:16,491 [EndpointStateMachine task thread for /0.0.0.0:43951 - 0 ] INFO  server.GrpcService (GrpcService.java:startImpl(260)) - 14b40a93-8746-4852-b401-12fc62dc6a20: GrpcService started, listening on 46737
2022-09-28 15:53:16,491 [EndpointStateMachine task thread for /0.0.0.0:43951 - 0 ] INFO  ratis.XceiverServerRatis (XceiverServerRatis.java:getRealPort(502)) - XceiverServerRatis 14b40a93-8746-4852-b401-12fc62dc6a20 is started using port 46737 for RATIS
2022-09-28 15:53:16,491 [EndpointStateMachine task thread for /0.0.0.0:43951 - 0 ] INFO  ratis.XceiverServerRatis (XceiverServerRatis.java:getRealPort(502)) - XceiverServerRatis 14b40a93-8746-4852-b401-12fc62dc6a20 is started using port 46737 for RATIS_ADMIN
2022-09-28 15:53:16,491 [EndpointStateMachine task thread for /0.0.0.0:43951 - 0 ] INFO  ratis.XceiverServerRatis (XceiverServerRatis.java:getRealPort(502)) - XceiverServerRatis 14b40a93-8746-4852-b401-12fc62dc6a20 is started using port 46737 for RATIS_SERVER
2022-09-28 15:53:16,492 [org.apache.ratis.util.JvmPauseMonitor$$Lambda$634/1800766250@2b6ed4d] INFO  util.JvmPauseMonitor (JvmPauseMonitor.java:run(103)) - JvmPauseMonitor-14b40a93-8746-4852-b401-12fc62dc6a20: Started
2022-09-28 15:53:16,504 [Listener at 127.0.0.1/42319] INFO  server.AbstractConnector (AbstractConnector.java:doStart(331)) - Started ServerConnector@29f88f79{HTTP/1.1, (http/1.1)}{0.0.0.0:40603}
2022-09-28 15:53:16,505 [Listener at 127.0.0.1/42319] INFO  server.Server (Server.java:doStart(415)) - Started @100693ms
2022-09-28 15:53:16,505 [Listener at 127.0.0.1/42319] WARN  impl.MetricsSystemImpl (MetricsSystemImpl.java:register(279)) - Sink prometheus already exists!
2022-09-28 15:53:16,511 [Listener at 127.0.0.1/42319] INFO  http.BaseHttpServer (BaseHttpServer.java:updateConnectorAddress(333)) - HTTP server of hddsDatanode listening at http://0.0.0.0:40603
2022-09-28 15:53:16,511 [Datanode State Machine Daemon Thread] INFO  statemachine.DatanodeStateMachine (DatanodeStateMachine.java:lambda$startDaemon$0(492)) - Ozone container server started.
2022-09-28 15:53:16,512 [Listener at 127.0.0.1/42319] INFO  ozone.MiniOzoneClusterImpl (MiniOzoneClusterImpl.java:lambda$waitForClusterToBeReady$0(216)) - Waiting for nodes to be ready. Got 0 of 5 DN Heartbeats.
2022-09-28 15:53:16,512 [Listener at 127.0.0.1/42319] INFO  ozone.MiniOzoneClusterImpl (MiniOzoneClusterImpl.java:lambda$waitForClusterToBeReady$0(219)) - Waiting for cluster to exit safe mode
2022-09-28 15:53:16,512 [Listener at 127.0.0.1/42319] INFO  ozone.MiniOzoneClusterImpl (MiniOzoneClusterImpl.java:lambda$waitForClusterToBeReady$0(221)) - SCM became leader
2022-09-28 15:53:16,543 [EndpointStateMachine task thread for /0.0.0.0:43951 - 0 ] INFO  server.XceiverServerGrpc (XceiverServerGrpc.java:start(180)) - XceiverServerGrpc 14b40a93-8746-4852-b401-12fc62dc6a20 is started using port 33593
2022-09-28 15:53:16,591 [org.apache.hadoop.util.JvmPauseMonitor$Monitor@3100a9d6] INFO  util.JvmPauseMonitor (JvmPauseMonitor.java:run(188)) - Starting JVM pause monitor
2022-09-28 15:53:16,605 [Datanode State Machine Task Thread - 0] INFO  datanode.InitDatanodeState (InitDatanodeState.java:persistContainerDatanodeDetails(138)) - DatanodeDetails is persisted to /home/runner/work/ozone/ozone/hadoop-ozone/integration-test/target/test-dir/MiniOzoneClusterImpl-39beaa01-56cc-488c-9c2d-94b49c5a5f0c/datanode-4/meta/datanode.id
2022-09-28 15:53:17,099 [EndpointStateMachine task thread for /0.0.0.0:43951 - 0 ] INFO  volume.HddsVolume (HddsVolume.java:createDbStore(307)) - SchemaV3 db is created and loaded at /home/runner/work/ozone/ozone/hadoop-ozone/integration-test/target/test-dir/MiniOzoneClusterImpl-39beaa01-56cc-488c-9c2d-94b49c5a5f0c/datanode-2/data-0/containers/hdds/39beaa01-56cc-488c-9c2d-94b49c5a5f0c/DS-a3368e73-7148-4e3c-93df-87d6e4e5b71c/container.db for volume DS-a3368e73-7148-4e3c-93df-87d6e4e5b71c
2022-09-28 15:53:17,100 [EndpointStateMachine task thread for /0.0.0.0:43951 - 0 ] INFO  volume.HddsVolume (HddsVolume.java:closeDbStore(338)) - SchemaV3 db is stopped at /home/runner/work/ozone/ozone/hadoop-ozone/integration-test/target/test-dir/MiniOzoneClusterImpl-39beaa01-56cc-488c-9c2d-94b49c5a5f0c/datanode-2/data-0/containers/hdds/39beaa01-56cc-488c-9c2d-94b49c5a5f0c/DS-a3368e73-7148-4e3c-93df-87d6e4e5b71c/container.db for volume DS-a3368e73-7148-4e3c-93df-87d6e4e5b71c
2022-09-28 15:53:17,100 [EndpointStateMachine task thread for /0.0.0.0:43951 - 0 ] INFO  ozoneimpl.OzoneContainer (OzoneContainer.java:start(378)) - Attempting to start container services.
2022-09-28 15:53:17,100 [EndpointStateMachine task thread for /0.0.0.0:43951 - 0 ] INFO  ozoneimpl.OzoneContainer (OzoneContainer.java:startContainerScrub(313)) - Background container scanner has been disabled.
2022-09-28 15:53:17,119 [EndpointStateMachine task thread for /0.0.0.0:43951 - 0 ] INFO  replication.ReplicationServer (ReplicationServer.java:start(111)) - ReplicationServer is started using port 41311
2022-09-28 15:53:17,120 [EndpointStateMachine task thread for /0.0.0.0:43951 - 0 ] INFO  ratis.XceiverServerRatis (XceiverServerRatis.java:start(481)) - Starting XceiverServerRatis b0c1961e-9fec-49a7-b763-eaf350b3d09d
2022-09-28 15:53:17,121 [EndpointStateMachine task thread for /0.0.0.0:43951 - 0 ] INFO  server.RaftServer (RaftServerProxy.java:lambda$start$6(382)) - b0c1961e-9fec-49a7-b763-eaf350b3d09d: start RPC server
2022-09-28 15:53:17,127 [EndpointStateMachine task thread for /0.0.0.0:43951 - 0 ] INFO  server.GrpcService (GrpcService.java:startImpl(260)) - b0c1961e-9fec-49a7-b763-eaf350b3d09d: GrpcService started, listening on 37181
2022-09-28 15:53:17,135 [EndpointStateMachine task thread for /0.0.0.0:43951 - 0 ] INFO  ratis.XceiverServerRatis (XceiverServerRatis.java:getRealPort(502)) - XceiverServerRatis b0c1961e-9fec-49a7-b763-eaf350b3d09d is started using port 37181 for RATIS
2022-09-28 15:53:17,135 [EndpointStateMachine task thread for /0.0.0.0:43951 - 0 ] INFO  ratis.XceiverServerRatis (XceiverServerRatis.java:getRealPort(502)) - XceiverServerRatis b0c1961e-9fec-49a7-b763-eaf350b3d09d is started using port 37181 for RATIS_ADMIN
2022-09-28 15:53:17,135 [EndpointStateMachine task thread for /0.0.0.0:43951 - 0 ] INFO  ratis.XceiverServerRatis (XceiverServerRatis.java:getRealPort(502)) - XceiverServerRatis b0c1961e-9fec-49a7-b763-eaf350b3d09d is started using port 37181 for RATIS_SERVER
2022-09-28 15:53:17,135 [org.apache.ratis.util.JvmPauseMonitor$$Lambda$634/1800766250@13beaf3a] INFO  util.JvmPauseMonitor (JvmPauseMonitor.java:run(103)) - JvmPauseMonitor-b0c1961e-9fec-49a7-b763-eaf350b3d09d: Started
2022-09-28 15:53:17,168 [EndpointStateMachine task thread for /0.0.0.0:43951 - 0 ] INFO  server.XceiverServerGrpc (XceiverServerGrpc.java:start(180)) - XceiverServerGrpc b0c1961e-9fec-49a7-b763-eaf350b3d09d is started using port 42863
2022-09-28 15:53:17,512 [Listener at 127.0.0.1/42319] INFO  ozone.MiniOzoneClusterImpl (MiniOzoneClusterImpl.java:lambda$waitForClusterToBeReady$0(216)) - Waiting for nodes to be ready. Got 0 of 5 DN Heartbeats.
2022-09-28 15:53:17,512 [Listener at 127.0.0.1/42319] INFO  ozone.MiniOzoneClusterImpl (MiniOzoneClusterImpl.java:lambda$waitForClusterToBeReady$0(219)) - Waiting for cluster to exit safe mode
2022-09-28 15:53:17,512 [Listener at 127.0.0.1/42319] INFO  ozone.MiniOzoneClusterImpl (MiniOzoneClusterImpl.java:lambda$waitForClusterToBeReady$0(221)) - SCM became leader
2022-09-28 15:53:17,814 [EndpointStateMachine task thread for /0.0.0.0:43951 - 0 ] INFO  volume.HddsVolume (HddsVolume.java:createDbStore(307)) - SchemaV3 db is created and loaded at /home/runner/work/ozone/ozone/hadoop-ozone/integration-test/target/test-dir/MiniOzoneClusterImpl-39beaa01-56cc-488c-9c2d-94b49c5a5f0c/datanode-3/data-0/containers/hdds/39beaa01-56cc-488c-9c2d-94b49c5a5f0c/DS-6c1c9363-6627-4cf5-a1d1-a862b8229436/container.db for volume DS-6c1c9363-6627-4cf5-a1d1-a862b8229436
2022-09-28 15:53:17,815 [EndpointStateMachine task thread for /0.0.0.0:43951 - 0 ] INFO  volume.HddsVolume (HddsVolume.java:closeDbStore(338)) - SchemaV3 db is stopped at /home/runner/work/ozone/ozone/hadoop-ozone/integration-test/target/test-dir/MiniOzoneClusterImpl-39beaa01-56cc-488c-9c2d-94b49c5a5f0c/datanode-3/data-0/containers/hdds/39beaa01-56cc-488c-9c2d-94b49c5a5f0c/DS-6c1c9363-6627-4cf5-a1d1-a862b8229436/container.db for volume DS-6c1c9363-6627-4cf5-a1d1-a862b8229436
2022-09-28 15:53:17,815 [EndpointStateMachine task thread for /0.0.0.0:43951 - 0 ] INFO  ozoneimpl.OzoneContainer (OzoneContainer.java:start(378)) - Attempting to start container services.
2022-09-28 15:53:17,815 [EndpointStateMachine task thread for /0.0.0.0:43951 - 0 ] INFO  ozoneimpl.OzoneContainer (OzoneContainer.java:startContainerScrub(313)) - Background container scanner has been disabled.
2022-09-28 15:53:17,830 [IPC Server handler 1 on default port 43951] INFO  net.NetworkTopologyImpl (NetworkTopologyImpl.java:add(112)) - Added a new node: /default-rack/0274ec44-c511-404a-9072-ead7ce024853
2022-09-28 15:53:17,831 [IPC Server handler 1 on default port 43951] INFO  node.SCMNodeManager (SCMNodeManager.java:register(397)) - Registered Data node : 0274ec44-c511-404a-9072-ead7ce024853{ip: 10.1.1.55, host: fv-az203-824.ild0l4k5vsluppoevu2oqvhmda.cx.internal.cloudapp.net, ports: [REPLICATION=38111, RATIS=37251, RATIS_ADMIN=37251, RATIS_SERVER=37251, STANDALONE=46125], networkLocation: /default-rack, certSerialId: null, persistedOpState: null, persistedOpStateExpiryEpochSec: 0}
2022-09-28 15:53:17,842 [EndpointStateMachine task thread for /0.0.0.0:43951 - 0 ] INFO  replication.ReplicationServer (ReplicationServer.java:start(111)) - ReplicationServer is started using port 37685
2022-09-28 15:53:17,861 [EventQueue-NodeRegistrationContainerReportForDataNodeSafeModeRule] INFO  safemode.SCMSafeModeManager (DataNodeSafeModeRule.java:process(71)) - SCM in safe mode. 1 DataNodes registered, 3 required.
2022-09-28 15:53:17,861 [EventQueue-NodeRegistrationContainerReportForContainerSafeModeRule] INFO  safemode.SCMSafeModeManager (SCMSafeModeManager.java:validateSafeModeExitRules(204)) - ContainerSafeModeRule rule is successfully validated
2022-09-28 15:53:17,867 [EndpointStateMachine task thread for /0.0.0.0:43951 - 0 ] INFO  ratis.XceiverServerRatis (XceiverServerRatis.java:start(481)) - Starting XceiverServerRatis 79199500-620f-41d1-bc3c-c3a003fb4526
2022-09-28 15:53:17,867 [EventQueue-PipelineReportForOneReplicaPipelineSafeModeRule] INFO  safemode.SCMSafeModeManager (SCMSafeModeManager.java:validateSafeModeExitRules(204)) - AtleastOneDatanodeReportedRule rule is successfully validated
2022-09-28 15:53:17,867 [EventQueue-NewNodeForNewNodeHandler] INFO  pipeline.BackgroundPipelineCreator (BackgroundPipelineCreator.java:notifyEventTriggered(276)) - trigger a one-shot run on RatisPipelineUtilsThread.
2022-09-28 15:53:17,868 [RatisPipelineUtilsThread - 0] INFO  pipeline.RatisPipelineProvider (RatisPipelineProvider.java:lambda$create$0(195)) - Sending CreatePipelineCommand for pipeline:PipelineID=5fa90fcd-805f-4d0e-af83-e015a3b5bc15 to datanode:0274ec44-c511-404a-9072-ead7ce024853
2022-09-28 15:53:17,868 [EndpointStateMachine task thread for /0.0.0.0:43951 - 0 ] INFO  server.RaftServer (RaftServerProxy.java:lambda$start$6(382)) - 79199500-620f-41d1-bc3c-c3a003fb4526: start RPC server
2022-09-28 15:53:17,872 [EndpointStateMachine task thread for /0.0.0.0:43951 - 0 ] INFO  server.GrpcService (GrpcService.java:startImpl(260)) - 79199500-620f-41d1-bc3c-c3a003fb4526: GrpcService started, listening on 32861
2022-09-28 15:53:17,873 [EndpointStateMachine task thread for /0.0.0.0:43951 - 0 ] INFO  ratis.XceiverServerRatis (XceiverServerRatis.java:getRealPort(502)) - XceiverServerRatis 79199500-620f-41d1-bc3c-c3a003fb4526 is started using port 32861 for RATIS
2022-09-28 15:53:17,873 [EndpointStateMachine task thread for /0.0.0.0:43951 - 0 ] INFO  ratis.XceiverServerRatis (XceiverServerRatis.java:getRealPort(502)) - XceiverServerRatis 79199500-620f-41d1-bc3c-c3a003fb4526 is started using port 32861 for RATIS_ADMIN
2022-09-28 15:53:17,873 [EndpointStateMachine task thread for /0.0.0.0:43951 - 0 ] INFO  ratis.XceiverServerRatis (XceiverServerRatis.java:getRealPort(502)) - XceiverServerRatis 79199500-620f-41d1-bc3c-c3a003fb4526 is started using port 32861 for RATIS_SERVER
2022-09-28 15:53:17,873 [org.apache.ratis.util.JvmPauseMonitor$$Lambda$634/1800766250@1f84c589] INFO  util.JvmPauseMonitor (JvmPauseMonitor.java:run(103)) - JvmPauseMonitor-79199500-620f-41d1-bc3c-c3a003fb4526: Started
2022-09-28 15:53:17,891 [RatisPipelineUtilsThread - 0] INFO  pipeline.PipelineStateManagerImpl (PipelineStateManagerImpl.java:addPipeline(103)) - Created pipeline Pipeline[ Id: 5fa90fcd-805f-4d0e-af83-e015a3b5bc15, Nodes: 0274ec44-c511-404a-9072-ead7ce024853{ip: 10.1.1.55, host: fv-az203-824.ild0l4k5vsluppoevu2oqvhmda.cx.internal.cloudapp.net, ports: [REPLICATION=38111, RATIS=37251, RATIS_ADMIN=37251, RATIS_SERVER=37251, STANDALONE=46125], networkLocation: /default-rack, certSerialId: null, persistedOpState: IN_SERVICE, persistedOpStateExpiryEpochSec: 0}, ReplicationConfig: RATIS/ONE, State:ALLOCATED, leaderId:, CreationTimestamp2022-09-28T15:53:17.868Z[Etc/UTC]].
2022-09-28 15:53:17,918 [EndpointStateMachine task thread for /0.0.0.0:43951 - 0 ] INFO  server.XceiverServerGrpc (XceiverServerGrpc.java:start(180)) - XceiverServerGrpc 79199500-620f-41d1-bc3c-c3a003fb4526 is started using port 33141
2022-09-28 15:53:18,326 [IPC Server handler 2 on default port 43951] INFO  net.NetworkTopologyImpl (NetworkTopologyImpl.java:add(112)) - Added a new node: /default-rack/14b40a93-8746-4852-b401-12fc62dc6a20
2022-09-28 15:53:18,327 [IPC Server handler 2 on default port 43951] INFO  node.SCMNodeManager (SCMNodeManager.java:register(397)) - Registered Data node : 14b40a93-8746-4852-b401-12fc62dc6a20{ip: 10.1.1.55, host: fv-az203-824.ild0l4k5vsluppoevu2oqvhmda.cx.internal.cloudapp.net, ports: [REPLICATION=42933, RATIS=46737, RATIS_ADMIN=46737, RATIS_SERVER=46737, STANDALONE=33593], networkLocation: /default-rack, certSerialId: null, persistedOpState: null, persistedOpStateExpiryEpochSec: 0}
2022-09-28 15:53:18,328 [EventQueue-NewNodeForNewNodeHandler] INFO  pipeline.BackgroundPipelineCreator (BackgroundPipelineCreator.java:notifyEventTriggered(276)) - trigger a one-shot run on RatisPipelineUtilsThread.
2022-09-28 15:53:18,331 [EventQueue-NodeRegistrationContainerReportForDataNodeSafeModeRule] INFO  safemode.SCMSafeModeManager (DataNodeSafeModeRule.java:process(71)) - SCM in safe mode. 2 DataNodes registered, 3 required.
2022-09-28 15:53:18,355 [RatisPipelineUtilsThread - 0] INFO  pipeline.RatisPipelineProvider (RatisPipelineProvider.java:lambda$create$0(195)) - Sending CreatePipelineCommand for pipeline:PipelineID=ecd35342-9c63-4427-a567-15911141e379 to datanode:14b40a93-8746-4852-b401-12fc62dc6a20
2022-09-28 15:53:18,355 [RatisPipelineUtilsThread - 0] INFO  pipeline.PipelineStateManagerImpl (PipelineStateManagerImpl.java:addPipeline(103)) - Created pipeline Pipeline[ Id: ecd35342-9c63-4427-a567-15911141e379, Nodes: 14b40a93-8746-4852-b401-12fc62dc6a20{ip: 10.1.1.55, host: fv-az203-824.ild0l4k5vsluppoevu2oqvhmda.cx.internal.cloudapp.net, ports: [REPLICATION=42933, RATIS=46737, RATIS_ADMIN=46737, RATIS_SERVER=46737, STANDALONE=33593], networkLocation: /default-rack, certSerialId: null, persistedOpState: IN_SERVICE, persistedOpStateExpiryEpochSec: 0}, ReplicationConfig: RATIS/ONE, State:ALLOCATED, leaderId:, CreationTimestamp2022-09-28T15:53:18.355Z[Etc/UTC]].
2022-09-28 15:53:18,512 [Listener at 127.0.0.1/42319] INFO  ozone.MiniOzoneClusterImpl (MiniOzoneClusterImpl.java:lambda$waitForClusterToBeReady$0(216)) - Waiting for nodes to be ready. Got 2 of 5 DN Heartbeats.
2022-09-28 15:53:18,513 [Listener at 127.0.0.1/42319] INFO  ozone.MiniOzoneClusterImpl (MiniOzoneClusterImpl.java:lambda$waitForClusterToBeReady$0(219)) - Waiting for cluster to exit safe mode
2022-09-28 15:53:18,513 [Listener at 127.0.0.1/42319] INFO  ozone.MiniOzoneClusterImpl (MiniOzoneClusterImpl.java:lambda$waitForClusterToBeReady$0(221)) - SCM became leader
2022-09-28 15:53:18,655 [EndpointStateMachine task thread for /0.0.0.0:43951 - 0 ] INFO  volume.HddsVolume (HddsVolume.java:createDbStore(307)) - SchemaV3 db is created and loaded at /home/runner/work/ozone/ozone/hadoop-ozone/integration-test/target/test-dir/MiniOzoneClusterImpl-39beaa01-56cc-488c-9c2d-94b49c5a5f0c/datanode-4/data-0/containers/hdds/39beaa01-56cc-488c-9c2d-94b49c5a5f0c/DS-eea69b17-a609-4874-8a25-bd1782aa77f3/container.db for volume DS-eea69b17-a609-4874-8a25-bd1782aa77f3
2022-09-28 15:53:18,666 [EndpointStateMachine task thread for /0.0.0.0:43951 - 0 ] INFO  volume.HddsVolume (HddsVolume.java:closeDbStore(338)) - SchemaV3 db is stopped at /home/runner/work/ozone/ozone/hadoop-ozone/integration-test/target/test-dir/MiniOzoneClusterImpl-39beaa01-56cc-488c-9c2d-94b49c5a5f0c/datanode-4/data-0/containers/hdds/39beaa01-56cc-488c-9c2d-94b49c5a5f0c/DS-eea69b17-a609-4874-8a25-bd1782aa77f3/container.db for volume DS-eea69b17-a609-4874-8a25-bd1782aa77f3
2022-09-28 15:53:18,666 [EndpointStateMachine task thread for /0.0.0.0:43951 - 0 ] INFO  ozoneimpl.OzoneContainer (OzoneContainer.java:start(378)) - Attempting to start container services.
2022-09-28 15:53:18,667 [EndpointStateMachine task thread for /0.0.0.0:43951 - 0 ] INFO  ozoneimpl.OzoneContainer (OzoneContainer.java:startContainerScrub(313)) - Background container scanner has been disabled.
2022-09-28 15:53:18,679 [EndpointStateMachine task thread for /0.0.0.0:43951 - 0 ] INFO  replication.ReplicationServer (ReplicationServer.java:start(111)) - ReplicationServer is started using port 35489
2022-09-28 15:53:18,680 [EndpointStateMachine task thread for /0.0.0.0:43951 - 0 ] INFO  ratis.XceiverServerRatis (XceiverServerRatis.java:start(481)) - Starting XceiverServerRatis bac3ed17-915a-43dc-90c7-c77b09e81c24
2022-09-28 15:53:18,687 [EndpointStateMachine task thread for /0.0.0.0:43951 - 0 ] INFO  server.RaftServer (RaftServerProxy.java:lambda$start$6(382)) - bac3ed17-915a-43dc-90c7-c77b09e81c24: start RPC server
2022-09-28 15:53:18,707 [EndpointStateMachine task thread for /0.0.0.0:43951 - 0 ] INFO  server.GrpcService (GrpcService.java:startImpl(260)) - bac3ed17-915a-43dc-90c7-c77b09e81c24: GrpcService started, listening on 35873
2022-09-28 15:53:18,713 [EndpointStateMachine task thread for /0.0.0.0:43951 - 0 ] INFO  ratis.XceiverServerRatis (XceiverServerRatis.java:getRealPort(502)) - XceiverServerRatis bac3ed17-915a-43dc-90c7-c77b09e81c24 is started using port 35873 for RATIS
2022-09-28 15:53:18,714 [EndpointStateMachine task thread for /0.0.0.0:43951 - 0 ] INFO  ratis.XceiverServerRatis (XceiverServerRatis.java:getRealPort(502)) - XceiverServerRatis bac3ed17-915a-43dc-90c7-c77b09e81c24 is started using port 35873 for RATIS_ADMIN
2022-09-28 15:53:18,714 [EndpointStateMachine task thread for /0.0.0.0:43951 - 0 ] INFO  ratis.XceiverServerRatis (XceiverServerRatis.java:getRealPort(502)) - XceiverServerRatis bac3ed17-915a-43dc-90c7-c77b09e81c24 is started using port 35873 for RATIS_SERVER
2022-09-28 15:53:18,714 [org.apache.ratis.util.JvmPauseMonitor$$Lambda$634/1800766250@50dc8214] INFO  util.JvmPauseMonitor (JvmPauseMonitor.java:run(103)) - JvmPauseMonitor-bac3ed17-915a-43dc-90c7-c77b09e81c24: Started
2022-09-28 15:53:18,738 [EndpointStateMachine task thread for /0.0.0.0:43951 - 0 ] INFO  server.XceiverServerGrpc (XceiverServerGrpc.java:start(180)) - XceiverServerGrpc bac3ed17-915a-43dc-90c7-c77b09e81c24 is started using port 33261
2022-09-28 15:53:19,015 [IPC Server handler 2 on default port 43951] INFO  net.NetworkTopologyImpl (NetworkTopologyImpl.java:add(112)) - Added a new node: /default-rack/b0c1961e-9fec-49a7-b763-eaf350b3d09d
2022-09-28 15:53:19,015 [IPC Server handler 2 on default port 43951] INFO  node.SCMNodeManager (SCMNodeManager.java:register(397)) - Registered Data node : b0c1961e-9fec-49a7-b763-eaf350b3d09d{ip: 10.1.1.55, host: fv-az203-824.ild0l4k5vsluppoevu2oqvhmda.cx.internal.cloudapp.net, ports: [REPLICATION=41311, RATIS=37181, RATIS_ADMIN=37181, RATIS_SERVER=37181, STANDALONE=42863], networkLocation: /default-rack, certSerialId: null, persistedOpState: null, persistedOpStateExpiryEpochSec: 0}
2022-09-28 15:53:19,015 [EventQueue-NewNodeForNewNodeHandler] INFO  pipeline.BackgroundPipelineCreator (BackgroundPipelineCreator.java:notifyEventTriggered(276)) - trigger a one-shot run on RatisPipelineUtilsThread.
2022-09-28 15:53:19,016 [RatisPipelineUtilsThread - 0] INFO  pipeline.RatisPipelineProvider (RatisPipelineProvider.java:lambda$create$0(195)) - Sending CreatePipelineCommand for pipeline:PipelineID=a11287a4-4580-454d-8214-18d7ab4e6518 to datanode:b0c1961e-9fec-49a7-b763-eaf350b3d09d
2022-09-28 15:53:19,016 [RatisPipelineUtilsThread - 0] INFO  pipeline.PipelineStateManagerImpl (PipelineStateManagerImpl.java:addPipeline(103)) - Created pipeline Pipeline[ Id: a11287a4-4580-454d-8214-18d7ab4e6518, Nodes: b0c1961e-9fec-49a7-b763-eaf350b3d09d{ip: 10.1.1.55, host: fv-az203-824.ild0l4k5vsluppoevu2oqvhmda.cx.internal.cloudapp.net, ports: [REPLICATION=41311, RATIS=37181, RATIS_ADMIN=37181, RATIS_SERVER=37181, STANDALONE=42863], networkLocation: /default-rack, certSerialId: null, persistedOpState: IN_SERVICE, persistedOpStateExpiryEpochSec: 0}, ReplicationConfig: RATIS/ONE, State:ALLOCATED, leaderId:, CreationTimestamp2022-09-28T15:53:19.016Z[Etc/UTC]].
2022-09-28 15:53:19,030 [EventQueue-NodeRegistrationContainerReportForDataNodeSafeModeRule] INFO  safemode.SCMSafeModeManager (DataNodeSafeModeRule.java:process(71)) - SCM in safe mode. 3 DataNodes registered, 3 required.
2022-09-28 15:53:19,031 [EventQueue-NodeRegistrationContainerReportForDataNodeSafeModeRule] INFO  safemode.SCMSafeModeManager (SCMSafeModeManager.java:validateSafeModeExitRules(204)) - DataNodeSafeModeRule rule is successfully validated
2022-09-28 15:53:19,031 [EventQueue-NodeRegistrationContainerReportForDataNodeSafeModeRule] INFO  safemode.SCMSafeModeManager (SCMSafeModeManager.java:completePreCheck(233)) - All SCM safe mode pre check rules have passed
2022-09-28 15:53:19,031 [EventQueue-NodeRegistrationContainerReportForDataNodeSafeModeRule] WARN  events.EventQueue (EventQueue.java:fireEvent(216)) - No event handler registered for event TypedEvent{payloadType=SafeModeStatus, name='Safe mode status'}
2022-09-28 15:53:19,031 [EventQueue-NodeRegistrationContainerReportForDataNodeSafeModeRule] INFO  ha.SCMContext (SCMContext.java:updateSafeModeStatus(228)) - Update SafeModeStatus from SafeModeStatus{safeModeStatus=true, preCheckPassed=false} to SafeModeStatus{safeModeStatus=true, preCheckPassed=true}.
2022-09-28 15:53:19,031 [EventQueue-NodeRegistrationContainerReportForDataNodeSafeModeRule] INFO  pipeline.BackgroundPipelineCreator (BackgroundPipelineCreator.java:notifyEventTriggered(276)) - trigger a one-shot run on RatisPipelineUtilsThread.
2022-09-28 15:53:19,031 [RatisPipelineUtilsThread - 0] INFO  pipeline.RatisPipelineProvider (RatisPipelineProvider.java:lambda$create$0(195)) - Sending CreatePipelineCommand for pipeline:PipelineID=e763fc18-da16-4c30-827b-2e56af20cbb2 to datanode:b0c1961e-9fec-49a7-b763-eaf350b3d09d
2022-09-28 15:53:19,033 [RatisPipelineUtilsThread - 0] INFO  pipeline.RatisPipelineProvider (RatisPipelineProvider.java:lambda$create$0(195)) - Sending CreatePipelineCommand for pipeline:PipelineID=e763fc18-da16-4c30-827b-2e56af20cbb2 to datanode:0274ec44-c511-404a-9072-ead7ce024853
2022-09-28 15:53:19,033 [RatisPipelineUtilsThread - 0] INFO  pipeline.RatisPipelineProvider (RatisPipelineProvider.java:lambda$create$0(195)) - Sending CreatePipelineCommand for pipeline:PipelineID=e763fc18-da16-4c30-827b-2e56af20cbb2 to datanode:14b40a93-8746-4852-b401-12fc62dc6a20
2022-09-28 15:53:19,034 [RatisPipelineUtilsThread - 0] INFO  pipeline.PipelineStateManagerImpl (PipelineStateManagerImpl.java:addPipeline(103)) - Created pipeline Pipeline[ Id: e763fc18-da16-4c30-827b-2e56af20cbb2, Nodes: b0c1961e-9fec-49a7-b763-eaf350b3d09d{ip: 10.1.1.55, host: fv-az203-824.ild0l4k5vsluppoevu2oqvhmda.cx.internal.cloudapp.net, ports: [REPLICATION=41311, RATIS=37181, RATIS_ADMIN=37181, RATIS_SERVER=37181, STANDALONE=42863], networkLocation: /default-rack, certSerialId: null, persistedOpState: IN_SERVICE, persistedOpStateExpiryEpochSec: 0}0274ec44-c511-404a-9072-ead7ce024853{ip: 10.1.1.55, host: fv-az203-824.ild0l4k5vsluppoevu2oqvhmda.cx.internal.cloudapp.net, ports: [REPLICATION=38111, RATIS=37251, RATIS_ADMIN=37251, RATIS_SERVER=37251, STANDALONE=46125], networkLocation: /default-rack, certSerialId: null, persistedOpState: IN_SERVICE, persistedOpStateExpiryEpochSec: 0}14b40a93-8746-4852-b401-12fc62dc6a20{ip: 10.1.1.55, host: fv-az203-824.ild0l4k5vsluppoevu2oqvhmda.cx.internal.cloudapp.net, ports: [REPLICATION=42933, RATIS=46737, RATIS_ADMIN=46737, RATIS_SERVER=46737, STANDALONE=33593], networkLocation: /default-rack, certSerialId: null, persistedOpState: IN_SERVICE, persistedOpStateExpiryEpochSec: 0}, ReplicationConfig: RATIS/THREE, State:ALLOCATED, leaderId:, CreationTimestamp2022-09-28T15:53:19.031Z[Etc/UTC]].
2022-09-28 15:53:19,034 [RatisPipelineUtilsThread - 0] INFO  pipeline.RatisPipelineProvider (RatisPipelineProvider.java:lambda$create$0(195)) - Sending CreatePipelineCommand for pipeline:PipelineID=07ed2b0b-f6d5-4159-9c2b-5b2b81ff11f7 to datanode:14b40a93-8746-4852-b401-12fc62dc6a20
2022-09-28 15:53:19,034 [RatisPipelineUtilsThread - 0] INFO  pipeline.RatisPipelineProvider (RatisPipelineProvider.java:lambda$create$0(195)) - Sending CreatePipelineCommand for pipeline:PipelineID=07ed2b0b-f6d5-4159-9c2b-5b2b81ff11f7 to datanode:b0c1961e-9fec-49a7-b763-eaf350b3d09d
2022-09-28 15:53:19,034 [RatisPipelineUtilsThread - 0] INFO  pipeline.RatisPipelineProvider (RatisPipelineProvider.java:lambda$create$0(195)) - Sending CreatePipelineCommand for pipeline:PipelineID=07ed2b0b-f6d5-4159-9c2b-5b2b81ff11f7 to datanode:0274ec44-c511-404a-9072-ead7ce024853
2022-09-28 15:53:19,035 [RatisPipelineUtilsThread - 0] INFO  pipeline.PipelineStateManagerImpl (PipelineStateManagerImpl.java:addPipeline(103)) - Created pipeline Pipeline[ Id: 07ed2b0b-f6d5-4159-9c2b-5b2b81ff11f7, Nodes: 14b40a93-8746-4852-b401-12fc62dc6a20{ip: 10.1.1.55, host: fv-az203-824.ild0l4k5vsluppoevu2oqvhmda.cx.internal.cloudapp.net, ports: [REPLICATION=42933, RATIS=46737, RATIS_ADMIN=46737, RATIS_SERVER=46737, STANDALONE=33593], networkLocation: /default-rack, certSerialId: null, persistedOpState: IN_SERVICE, persistedOpStateExpiryEpochSec: 0}b0c1961e-9fec-49a7-b763-eaf350b3d09d{ip: 10.1.1.55, host: fv-az203-824.ild0l4k5vsluppoevu2oqvhmda.cx.internal.cloudapp.net, ports: [REPLICATION=41311, RATIS=37181, RATIS_ADMIN=37181, RATIS_SERVER=37181, STANDALONE=42863], networkLocation: /default-rack, certSerialId: null, persistedOpState: IN_SERVICE, persistedOpStateExpiryEpochSec: 0}0274ec44-c511-404a-9072-ead7ce024853{ip: 10.1.1.55, host: fv-az203-824.ild0l4k5vsluppoevu2oqvhmda.cx.internal.cloudapp.net, ports: [REPLICATION=38111, RATIS=37251, RATIS_ADMIN=37251, RATIS_SERVER=37251, STANDALONE=46125], networkLocation: /default-rack, certSerialId: null, persistedOpState: IN_SERVICE, persistedOpStateExpiryEpochSec: 0}, ReplicationConfig: RATIS/THREE, State:ALLOCATED, leaderId:, CreationTimestamp2022-09-28T15:53:19.034Z[Etc/UTC]].
2022-09-28 15:53:19,035 [RatisPipelineUtilsThread - 0] INFO  pipeline.PipelineManagerImpl (PipelineManagerImpl.java:recordMetricsForPipeline(796)) - Pipeline: PipelineID=07ed2b0b-f6d5-4159-9c2b-5b2b81ff11f7 contains same datanodes as previous pipelines: PipelineID=e763fc18-da16-4c30-827b-2e56af20cbb2 nodeIds: 14b40a93-8746-4852-b401-12fc62dc6a20, b0c1961e-9fec-49a7-b763-eaf350b3d09d, 0274ec44-c511-404a-9072-ead7ce024853
2022-09-28 15:53:19,513 [Listener at 127.0.0.1/42319] INFO  ozone.MiniOzoneClusterImpl (MiniOzoneClusterImpl.java:lambda$waitForClusterToBeReady$0(216)) - Waiting for nodes to be ready. Got 3 of 5 DN Heartbeats.
2022-09-28 15:53:19,514 [Listener at 127.0.0.1/42319] INFO  ozone.MiniOzoneClusterImpl (MiniOzoneClusterImpl.java:lambda$waitForClusterToBeReady$0(219)) - Waiting for cluster to exit safe mode
2022-09-28 15:53:19,514 [Listener at 127.0.0.1/42319] INFO  ozone.MiniOzoneClusterImpl (MiniOzoneClusterImpl.java:lambda$waitForClusterToBeReady$0(221)) - SCM became leader
2022-09-28 15:53:19,733 [IPC Server handler 1 on default port 43951] INFO  net.NetworkTopologyImpl (NetworkTopologyImpl.java:add(112)) - Added a new node: /default-rack/79199500-620f-41d1-bc3c-c3a003fb4526
2022-09-28 15:53:19,733 [IPC Server handler 1 on default port 43951] INFO  node.SCMNodeManager (SCMNodeManager.java:register(397)) - Registered Data node : 79199500-620f-41d1-bc3c-c3a003fb4526{ip: 10.1.1.55, host: fv-az203-824.ild0l4k5vsluppoevu2oqvhmda.cx.internal.cloudapp.net, ports: [REPLICATION=37685, RATIS=32861, RATIS_ADMIN=32861, RATIS_SERVER=32861, STANDALONE=33141], networkLocation: /default-rack, certSerialId: null, persistedOpState: null, persistedOpStateExpiryEpochSec: 0}
2022-09-28 15:53:19,736 [EventQueue-NewNodeForNewNodeHandler] INFO  pipeline.BackgroundPipelineCreator (BackgroundPipelineCreator.java:notifyEventTriggered(276)) - trigger a one-shot run on RatisPipelineUtilsThread.
2022-09-28 15:53:19,737 [RatisPipelineUtilsThread - 0] INFO  pipeline.RatisPipelineProvider (RatisPipelineProvider.java:lambda$create$0(195)) - Sending CreatePipelineCommand for pipeline:PipelineID=3449e015-cc7f-4d83-931c-62864cc400dc to datanode:79199500-620f-41d1-bc3c-c3a003fb4526
2022-09-28 15:53:19,737 [RatisPipelineUtilsThread - 0] INFO  pipeline.PipelineStateManagerImpl (PipelineStateManagerImpl.java:addPipeline(103)) - Created pipeline Pipeline[ Id: 3449e015-cc7f-4d83-931c-62864cc400dc, Nodes: 79199500-620f-41d1-bc3c-c3a003fb4526{ip: 10.1.1.55, host: fv-az203-824.ild0l4k5vsluppoevu2oqvhmda.cx.internal.cloudapp.net, ports: [REPLICATION=37685, RATIS=32861, RATIS_ADMIN=32861, RATIS_SERVER=32861, STANDALONE=33141], networkLocation: /default-rack, certSerialId: null, persistedOpState: IN_SERVICE, persistedOpStateExpiryEpochSec: 0}, ReplicationConfig: RATIS/ONE, State:ALLOCATED, leaderId:, CreationTimestamp2022-09-28T15:53:19.736Z[Etc/UTC]].
2022-09-28 15:53:20,515 [Listener at 127.0.0.1/42319] INFO  ozone.MiniOzoneClusterImpl (MiniOzoneClusterImpl.java:lambda$waitForClusterToBeReady$0(216)) - Waiting for nodes to be ready. Got 4 of 5 DN Heartbeats.
2022-09-28 15:53:20,515 [Listener at 127.0.0.1/42319] INFO  ozone.MiniOzoneClusterImpl (MiniOzoneClusterImpl.java:lambda$waitForClusterToBeReady$0(219)) - Waiting for cluster to exit safe mode
2022-09-28 15:53:20,515 [Listener at 127.0.0.1/42319] INFO  ozone.MiniOzoneClusterImpl (MiniOzoneClusterImpl.java:lambda$waitForClusterToBeReady$0(221)) - SCM became leader
2022-09-28 15:53:20,595 [IPC Server handler 0 on default port 43951] INFO  net.NetworkTopologyImpl (NetworkTopologyImpl.java:add(112)) - Added a new node: /default-rack/bac3ed17-915a-43dc-90c7-c77b09e81c24
2022-09-28 15:53:20,596 [IPC Server handler 0 on default port 43951] INFO  node.SCMNodeManager (SCMNodeManager.java:register(397)) - Registered Data node : bac3ed17-915a-43dc-90c7-c77b09e81c24{ip: 10.1.1.55, host: fv-az203-824.ild0l4k5vsluppoevu2oqvhmda.cx.internal.cloudapp.net, ports: [REPLICATION=35489, RATIS=35873, RATIS_ADMIN=35873, RATIS_SERVER=35873, STANDALONE=33261], networkLocation: /default-rack, certSerialId: null, persistedOpState: null, persistedOpStateExpiryEpochSec: 0}
2022-09-28 15:53:20,597 [EventQueue-NewNodeForNewNodeHandler] INFO  pipeline.BackgroundPipelineCreator (BackgroundPipelineCreator.java:notifyEventTriggered(276)) - trigger a one-shot run on RatisPipelineUtilsThread.
2022-09-28 15:53:20,597 [RatisPipelineUtilsThread - 0] INFO  pipeline.RatisPipelineProvider (RatisPipelineProvider.java:lambda$create$0(195)) - Sending CreatePipelineCommand for pipeline:PipelineID=a094b593-24e7-42c0-859d-aa6e30361165 to datanode:bac3ed17-915a-43dc-90c7-c77b09e81c24
2022-09-28 15:53:20,598 [RatisPipelineUtilsThread - 0] INFO  pipeline.PipelineStateManagerImpl (PipelineStateManagerImpl.java:addPipeline(103)) - Created pipeline Pipeline[ Id: a094b593-24e7-42c0-859d-aa6e30361165, Nodes: bac3ed17-915a-43dc-90c7-c77b09e81c24{ip: 10.1.1.55, host: fv-az203-824.ild0l4k5vsluppoevu2oqvhmda.cx.internal.cloudapp.net, ports: [REPLICATION=35489, RATIS=35873, RATIS_ADMIN=35873, RATIS_SERVER=35873, STANDALONE=33261], networkLocation: /default-rack, certSerialId: null, persistedOpState: IN_SERVICE, persistedOpStateExpiryEpochSec: 0}, ReplicationConfig: RATIS/ONE, State:ALLOCATED, leaderId:, CreationTimestamp2022-09-28T15:53:20.597Z[Etc/UTC]].
2022-09-28 15:53:20,840 [Command processor thread] INFO  server.RaftServer (RaftServerProxy.java:addNew(96)) - 0274ec44-c511-404a-9072-ead7ce024853: addNew group-E015A3B5BC15:[0274ec44-c511-404a-9072-ead7ce024853|rpc:10.1.1.55:37251|priority:1] returns group-E015A3B5BC15:java.util.concurrent.CompletableFuture@7dfc6311[Not completed]
2022-09-28 15:53:20,851 [pool-312-thread-1] INFO  server.RaftServer$Division (RaftServerImpl.java:<init>(190)) - 0274ec44-c511-404a-9072-ead7ce024853: new RaftServerImpl for group-E015A3B5BC15:[0274ec44-c511-404a-9072-ead7ce024853|rpc:10.1.1.55:37251|priority:1] with ContainerStateMachine:uninitialized
2022-09-28 15:53:20,852 [pool-312-thread-1] INFO  server.RaftServerConfigKeys (ConfUtils.java:logGet(46)) - raft.server.rpc.timeout.min = 5s (custom)
2022-09-28 15:53:20,852 [pool-312-thread-1] INFO  server.RaftServerConfigKeys (ConfUtils.java:logGet(46)) - raft.server.rpc.timeout.max = 5200ms (custom)
2022-09-28 15:53:20,852 [pool-312-thread-1] INFO  server.RaftServerConfigKeys (ConfUtils.java:logGet(46)) - raft.server.rpc.sleep.time = 25ms (default)
2022-09-28 15:53:20,852 [pool-312-thread-1] INFO  server.RaftServerConfigKeys (ConfUtils.java:logGet(46)) - raft.server.rpc.slowness.timeout = 300s (custom)
2022-09-28 15:53:20,852 [pool-312-thread-1] INFO  server.RaftServerConfigKeys (ConfUtils.java:logGet(46)) - raft.server.leaderelection.leader.step-down.wait-time = 10s (default)
2022-09-28 15:53:20,852 [pool-312-thread-1] INFO  server.RaftServerConfigKeys (ConfUtils.java:logGet(46)) - raft.server.sleep.deviation.threshold = 300ms (default)
2022-09-28 15:53:20,852 [pool-312-thread-1] INFO  server.RaftServer$Division (ServerState.java:<init>(107)) - 0274ec44-c511-404a-9072-ead7ce024853@group-E015A3B5BC15: ConfigurationManager, init=-1: [0274ec44-c511-404a-9072-ead7ce024853|rpc:10.1.1.55:37251|priority:1], old=null, confs=<EMPTY_MAP>
2022-09-28 15:53:20,867 [pool-312-thread-1] INFO  server.RaftServerConfigKeys (ConfUtils.java:logGet(46)) - raft.server.storage.dir = [/home/runner/work/ozone/ozone/hadoop-ozone/integration-test/target/test-dir/MiniOzoneClusterImpl-39beaa01-56cc-488c-9c2d-94b49c5a5f0c/datanode-0/data/ratis] (custom)
2022-09-28 15:53:20,867 [pool-312-thread-1] INFO  server.RaftServerConfigKeys (ConfUtils.java:logGet(46)) - raft.server.log.corruption.policy = EXCEPTION (default)
2022-09-28 15:53:20,867 [pool-312-thread-1] INFO  server.RaftServerConfigKeys (ConfUtils.java:logGet(46)) - raft.server.storage.free-space.min = 0MB (=0) (default)
2022-09-28 15:53:20,867 [pool-312-thread-1] INFO  storage.RaftStorageDirectory (RaftStorageDirectoryImpl.java:analyzeStorage(135)) - The storage directory /home/runner/work/ozone/ozone/hadoop-ozone/integration-test/target/test-dir/MiniOzoneClusterImpl-39beaa01-56cc-488c-9c2d-94b49c5a5f0c/datanode-0/data/ratis/5fa90fcd-805f-4d0e-af83-e015a3b5bc15 does not exist. Creating ...
2022-09-28 15:53:20,869 [pool-312-thread-1] INFO  storage.RaftStorageDirectory (RaftStorageDirectoryImpl.java:tryLock(230)) - Lock on /home/runner/work/ozone/ozone/hadoop-ozone/integration-test/target/test-dir/MiniOzoneClusterImpl-39beaa01-56cc-488c-9c2d-94b49c5a5f0c/datanode-0/data/ratis/5fa90fcd-805f-4d0e-af83-e015a3b5bc15/in_use.lock acquired by nodename 13127@fv-az203-824
2022-09-28 15:53:20,870 [pool-312-thread-1] INFO  storage.RaftStorage (RaftStorageImpl.java:format(89)) - Storage directory /home/runner/work/ozone/ozone/hadoop-ozone/integration-test/target/test-dir/MiniOzoneClusterImpl-39beaa01-56cc-488c-9c2d-94b49c5a5f0c/datanode-0/data/ratis/5fa90fcd-805f-4d0e-af83-e015a3b5bc15 has been successfully formatted.
2022-09-28 15:53:20,871 [pool-312-thread-1] INFO  ratis.ContainerStateMachine (ContainerStateMachine.java:loadSnapshot(236)) - group-E015A3B5BC15: The snapshot info is null. Setting the last applied indexto:(t:0, i:~)
2022-09-28 15:53:20,872 [pool-312-thread-1] INFO  server.RaftServerConfigKeys (ConfUtils.java:logGet(46)) - raft.server.notification.no-leader.timeout = 300s (custom)
2022-09-28 15:53:20,872 [pool-312-thread-1] INFO  server.RaftServerConfigKeys (ConfUtils.java:logGet(46)) - raft.server.log.use.memory = false (default)
2022-09-28 15:53:20,872 [pool-312-thread-1] INFO  server.RaftServerConfigKeys (ConfUtils.java:logGet(46)) - raft.server.log.purge.gap = 1000000 (custom)
2022-09-28 15:53:20,872 [pool-312-thread-1] INFO  server.RaftServerConfigKeys (ConfUtils.java:logGet(46)) - raft.server.log.appender.buffer.byte-limit = 33554432 (custom)
2022-09-28 15:53:20,872 [pool-312-thread-1] INFO  server.RaftServerConfigKeys (ConfUtils.java:logGet(46)) - raft.server.log.statemachine.data.read.timeout = 1000ms (default)
2022-09-28 15:53:20,872 [pool-312-thread-1] INFO  server.RaftServerConfigKeys (ConfUtils.java:logGet(46)) - raft.server.log.segment.size.max = 1048576 (custom)
2022-09-28 15:53:20,872 [EventQueue-PipelineReportForPipelineReportHandler] INFO  pipeline.PipelineManagerImpl (PipelineManagerImpl.java:openPipeline(367)) - Pipeline Pipeline[ Id: 5fa90fcd-805f-4d0e-af83-e015a3b5bc15, Nodes: 0274ec44-c511-404a-9072-ead7ce024853{ip: 10.1.1.55, host: fv-az203-824.ild0l4k5vsluppoevu2oqvhmda.cx.internal.cloudapp.net, ports: [REPLICATION=38111, RATIS=37251, RATIS_ADMIN=37251, RATIS_SERVER=37251, STANDALONE=46125], networkLocation: /default-rack, certSerialId: null, persistedOpState: IN_SERVICE, persistedOpStateExpiryEpochSec: 0}, ReplicationConfig: RATIS/ONE, State:ALLOCATED, leaderId:0274ec44-c511-404a-9072-ead7ce024853, CreationTimestamp2022-09-28T15:53:17.868Z[Etc/UTC]] moved to OPEN state
2022-09-28 15:53:20,872 [pool-312-thread-1] INFO  server.RaftServerConfigKeys (ConfUtils.java:logGet(46)) - raft.server.log.segment.cache.num.max = 2 (custom)
2022-09-28 15:53:20,873 [pool-312-thread-1] INFO  server.RaftServerConfigKeys (ConfUtils.java:logGet(46)) - raft.server.log.segment.cache.size.max = 200MB (=209715200) (default)
2022-09-28 15:53:20,873 [pool-312-thread-1] INFO  segmented.SegmentedRaftLogWorker (SegmentedRaftLogWorker.java:<init>(187)) - new 0274ec44-c511-404a-9072-ead7ce024853@group-E015A3B5BC15-SegmentedRaftLogWorker for RaftStorageImpl:Storage Directory /home/runner/work/ozone/ozone/hadoop-ozone/integration-test/target/test-dir/MiniOzoneClusterImpl-39beaa01-56cc-488c-9c2d-94b49c5a5f0c/datanode-0/data/ratis/5fa90fcd-805f-4d0e-af83-e015a3b5bc15
2022-09-28 15:53:20,873 [pool-312-thread-1] INFO  server.RaftServerConfigKeys (ConfUtils.java:logGet(46)) - raft.server.log.queue.byte-limit = 4294967296 (custom)
2022-09-28 15:53:20,873 [pool-312-thread-1] INFO  server.RaftServerConfigKeys (ConfUtils.java:logGet(46)) - raft.server.log.queue.element-limit = 1024 (custom)
2022-09-28 15:53:20,873 [pool-312-thread-1] INFO  server.RaftServerConfigKeys (ConfUtils.java:logGet(46)) - raft.server.log.segment.size.max = 1048576 (custom)
2022-09-28 15:53:20,873 [pool-312-thread-1] INFO  server.RaftServerConfigKeys (ConfUtils.java:logGet(46)) - raft.server.log.preallocated.size = 16384 (custom)
2022-09-28 15:53:20,873 [pool-312-thread-1] INFO  server.RaftServerConfigKeys (ConfUtils.java:logGet(46)) - raft.server.log.force.sync.num = 128 (default)
2022-09-28 15:53:20,873 [pool-312-thread-1] INFO  server.RaftServerConfigKeys (ConfUtils.java:logGet(46)) - raft.server.log.statemachine.data.sync = true (default)
2022-09-28 15:53:20,873 [pool-312-thread-1] INFO  server.RaftServerConfigKeys (ConfUtils.java:logGet(46)) - raft.server.log.statemachine.data.sync.timeout = 10s (default)
2022-09-28 15:53:20,873 [pool-312-thread-1] INFO  server.RaftServerConfigKeys (ConfUtils.java:logGet(46)) - raft.server.log.statemachine.data.sync.timeout.retry = -1 (default)
2022-09-28 15:53:20,888 [pool-312-thread-1] INFO  server.RaftServerConfigKeys (ConfUtils.java:logGet(46)) - raft.server.log.write.buffer.size = 1048576 (custom)
2022-09-28 15:53:20,888 [pool-312-thread-1] INFO  server.RaftServerConfigKeys (ConfUtils.java:logGet(46)) - raft.server.log.unsafe-flush.enabled = false (default)
2022-09-28 15:53:20,888 [pool-312-thread-1] INFO  server.RaftServerConfigKeys (ConfUtils.java:logGet(46)) - raft.server.log.statemachine.data.caching.enabled = true (custom)
2022-09-28 15:53:20,888 [pool-312-thread-1] INFO  segmented.SegmentedRaftLogWorker (SegmentedRaftLogWorker.java:lambda$new$0(135)) - 0274ec44-c511-404a-9072-ead7ce024853@group-E015A3B5BC15-SegmentedRaftLogWorker: flushIndex: setUnconditionally 0 -> -1
2022-09-28 15:53:20,888 [pool-312-thread-1] INFO  segmented.SegmentedRaftLogWorker (SegmentedRaftLogWorker.java:lambda$new$0(135)) - 0274ec44-c511-404a-9072-ead7ce024853@group-E015A3B5BC15-SegmentedRaftLogWorker: safeCacheEvictIndex: setUnconditionally 0 -> -1
2022-09-28 15:53:20,874 [EventQueue-OpenPipelineForHealthyPipelineSafeModeRule] INFO  safemode.SCMSafeModeManager (HealthyPipelineSafeModeRule.java:process(137)) - SCM in safe mode. Healthy pipelines reported count is 0, required healthy pipeline reported count is 1
2022-09-28 15:53:20,899 [pool-312-thread-1] INFO  server.RaftServerConfigKeys (ConfUtils.java:logGet(46)) - raft.server.snapshot.auto.trigger.enabled = true (custom)
2022-09-28 15:53:20,899 [pool-312-thread-1] INFO  server.RaftServerConfigKeys (ConfUtils.java:logGet(46)) - raft.server.snapshot.auto.trigger.threshold = 10000 (custom)
2022-09-28 15:53:20,899 [pool-312-thread-1] INFO  server.RaftServerConfigKeys (ConfUtils.java:logGet(46)) - raft.server.snapshot.retention.file.num = 5 (custom)
2022-09-28 15:53:20,899 [pool-312-thread-1] INFO  server.RaftServerConfigKeys (ConfUtils.java:logGet(46)) - raft.server.log.purge.upto.snapshot.index = false (default)
2022-09-28 15:53:20,899 [pool-312-thread-1] INFO  server.RaftServerConfigKeys (ConfUtils.java:logGet(46)) - raft.server.retrycache.expirytime = 600000ms (custom)
2022-09-28 15:53:20,899 [pool-312-thread-1] INFO  server.RaftServerConfigKeys (ConfUtils.java:logGet(46)) - raft.server.retrycache.statistics.expirytime = 100μs (default)
2022-09-28 15:53:20,900 [pool-312-thread-1] INFO  server.RaftServerConfigKeys (ConfUtils.java:logGet(46)) - raft.server.log.appender.install.snapshot.enabled = false (custom)
2022-09-28 15:53:20,900 [pool-312-thread-1] INFO  server.RaftServerConfigKeys (ConfUtils.java:logGet(46)) - raft.server.threadpool.server.cached = true (default)
2022-09-28 15:53:20,900 [pool-312-thread-1] INFO  server.RaftServerConfigKeys (ConfUtils.java:logGet(46)) - raft.server.threadpool.server.size = 0 (default)
2022-09-28 15:53:20,901 [pool-312-thread-1] INFO  server.RaftServerConfigKeys (ConfUtils.java:logGet(46)) - raft.server.threadpool.client.cached = true (default)
2022-09-28 15:53:20,901 [pool-312-thread-1] INFO  server.RaftServerConfigKeys (ConfUtils.java:logGet(46)) - raft.server.threadpool.client.size = 0 (default)
2022-09-28 15:53:20,901 [pool-312-thread-1] INFO  server.RaftServer$Division (RaftServerImpl.java:start(310)) - 0274ec44-c511-404a-9072-ead7ce024853@group-E015A3B5BC15: start as a follower, conf=-1: [0274ec44-c511-404a-9072-ead7ce024853|rpc:10.1.1.55:37251|priority:1], old=null
2022-09-28 15:53:20,901 [pool-312-thread-1] INFO  server.RaftServer$Division (RaftServerImpl.java:setRole(299)) - 0274ec44-c511-404a-9072-ead7ce024853@group-E015A3B5BC15: changes role from      null to FOLLOWER at term 0 for startAsFollower
2022-09-28 15:53:20,901 [pool-312-thread-1] INFO  impl.RoleInfo (RoleInfo.java:updateAndGet(139)) - 0274ec44-c511-404a-9072-ead7ce024853: start 0274ec44-c511-404a-9072-ead7ce024853@group-E015A3B5BC15-FollowerState
2022-09-28 15:53:20,906 [pool-312-thread-1] INFO  util.JmxRegister (JmxRegister.java:tryRegister(44)) - Successfully registered JMX Bean with object name Ratis:service=RaftServer,group=group-E015A3B5BC15,id=0274ec44-c511-404a-9072-ead7ce024853
2022-09-28 15:53:20,915 [Command processor thread] INFO  ratis.XceiverServerRatis (XceiverServerRatis.java:addGroup(765)) - Created group PipelineID=5fa90fcd-805f-4d0e-af83-e015a3b5bc15
2022-09-28 15:53:20,915 [Command processor thread] INFO  commandhandler.CreatePipelineCommandHandler (CreatePipelineCommandHandler.java:handle(113)) - Created Pipeline RATIS ONE PipelineID=5fa90fcd-805f-4d0e-af83-e015a3b5bc15.
2022-09-28 15:53:20,915 [Command processor thread] INFO  server.RaftServer (RaftServerProxy.java:addNew(96)) - 0274ec44-c511-404a-9072-ead7ce024853: addNew group-2E56AF20CBB2:[b0c1961e-9fec-49a7-b763-eaf350b3d09d|rpc:10.1.1.55:37181|priority:0, 0274ec44-c511-404a-9072-ead7ce024853|rpc:10.1.1.55:37251|priority:0, 14b40a93-8746-4852-b401-12fc62dc6a20|rpc:10.1.1.55:46737|priority:1] returns group-2E56AF20CBB2:java.util.concurrent.CompletableFuture@79c3f876[Not completed]
2022-09-28 15:53:20,916 [pool-312-thread-1] INFO  server.RaftServer$Division (RaftServerImpl.java:<init>(190)) - 0274ec44-c511-404a-9072-ead7ce024853: new RaftServerImpl for group-2E56AF20CBB2:[b0c1961e-9fec-49a7-b763-eaf350b3d09d|rpc:10.1.1.55:37181|priority:0, 0274ec44-c511-404a-9072-ead7ce024853|rpc:10.1.1.55:37251|priority:0, 14b40a93-8746-4852-b401-12fc62dc6a20|rpc:10.1.1.55:46737|priority:1] with ContainerStateMachine:uninitialized
2022-09-28 15:53:20,916 [pool-312-thread-1] INFO  server.RaftServerConfigKeys (ConfUtils.java:logGet(46)) - raft.server.rpc.timeout.min = 5s (custom)
2022-09-28 15:53:20,916 [pool-312-thread-1] INFO  server.RaftServerConfigKeys (ConfUtils.java:logGet(46)) - raft.server.rpc.timeout.max = 5200ms (custom)
2022-09-28 15:53:20,916 [pool-312-thread-1] INFO  server.RaftServerConfigKeys (ConfUtils.java:logGet(46)) - raft.server.rpc.sleep.time = 25ms (default)
2022-09-28 15:53:20,916 [pool-312-thread-1] INFO  server.RaftServerConfigKeys (ConfUtils.java:logGet(46)) - raft.server.rpc.slowness.timeout = 300s (custom)
2022-09-28 15:53:20,916 [pool-312-thread-1] INFO  server.RaftServerConfigKeys (ConfUtils.java:logGet(46)) - raft.server.leaderelection.leader.step-down.wait-time = 10s (default)
2022-09-28 15:53:20,917 [pool-312-thread-1] INFO  server.RaftServerConfigKeys (ConfUtils.java:logGet(46)) - raft.server.sleep.deviation.threshold = 300ms (default)
2022-09-28 15:53:20,917 [pool-312-thread-1] INFO  server.RaftServer$Division (ServerState.java:<init>(107)) - 0274ec44-c511-404a-9072-ead7ce024853@group-2E56AF20CBB2: ConfigurationManager, init=-1: [b0c1961e-9fec-49a7-b763-eaf350b3d09d|rpc:10.1.1.55:37181|priority:0, 0274ec44-c511-404a-9072-ead7ce024853|rpc:10.1.1.55:37251|priority:0, 14b40a93-8746-4852-b401-12fc62dc6a20|rpc:10.1.1.55:46737|priority:1], old=null, confs=<EMPTY_MAP>
2022-09-28 15:53:20,917 [pool-312-thread-1] INFO  server.RaftServerConfigKeys (ConfUtils.java:logGet(46)) - raft.server.storage.dir = [/home/runner/work/ozone/ozone/hadoop-ozone/integration-test/target/test-dir/MiniOzoneClusterImpl-39beaa01-56cc-488c-9c2d-94b49c5a5f0c/datanode-0/data/ratis] (custom)
2022-09-28 15:53:20,917 [pool-312-thread-1] INFO  server.RaftServerConfigKeys (ConfUtils.java:logGet(46)) - raft.server.log.corruption.policy = EXCEPTION (default)
2022-09-28 15:53:20,917 [pool-312-thread-1] INFO  server.RaftServerConfigKeys (ConfUtils.java:logGet(46)) - raft.server.storage.free-space.min = 0MB (=0) (default)
2022-09-28 15:53:20,917 [pool-312-thread-1] INFO  storage.RaftStorageDirectory (RaftStorageDirectoryImpl.java:analyzeStorage(135)) - The storage directory /home/runner/work/ozone/ozone/hadoop-ozone/integration-test/target/test-dir/MiniOzoneClusterImpl-39beaa01-56cc-488c-9c2d-94b49c5a5f0c/datanode-0/data/ratis/e763fc18-da16-4c30-827b-2e56af20cbb2 does not exist. Creating ...
2022-09-28 15:53:20,920 [pool-312-thread-1] INFO  storage.RaftStorageDirectory (RaftStorageDirectoryImpl.java:tryLock(230)) - Lock on /home/runner/work/ozone/ozone/hadoop-ozone/integration-test/target/test-dir/MiniOzoneClusterImpl-39beaa01-56cc-488c-9c2d-94b49c5a5f0c/datanode-0/data/ratis/e763fc18-da16-4c30-827b-2e56af20cbb2/in_use.lock acquired by nodename 13127@fv-az203-824
2022-09-28 15:53:20,924 [pool-312-thread-1] INFO  storage.RaftStorage (RaftStorageImpl.java:format(89)) - Storage directory /home/runner/work/ozone/ozone/hadoop-ozone/integration-test/target/test-dir/MiniOzoneClusterImpl-39beaa01-56cc-488c-9c2d-94b49c5a5f0c/datanode-0/data/ratis/e763fc18-da16-4c30-827b-2e56af20cbb2 has been successfully formatted.
2022-09-28 15:53:20,924 [pool-312-thread-1] INFO  ratis.ContainerStateMachine (ContainerStateMachine.java:loadSnapshot(236)) - group-2E56AF20CBB2: The snapshot info is null. Setting the last applied indexto:(t:0, i:~)
2022-09-28 15:53:20,925 [EventQueue-OpenPipelineForHealthyPipelineSafeModeRule] INFO  safemode.SCMSafeModeManager (HealthyPipelineSafeModeRule.java:process(137)) - SCM in safe mode. Healthy pipelines reported count is 0, required healthy pipeline reported count is 1
2022-09-28 15:53:20,927 [pool-312-thread-1] INFO  server.RaftServerConfigKeys (ConfUtils.java:logGet(46)) - raft.server.notification.no-leader.timeout = 300s (custom)
2022-09-28 15:53:20,927 [pool-312-thread-1] INFO  server.RaftServerConfigKeys (ConfUtils.java:logGet(46)) - raft.server.log.use.memory = false (default)
2022-09-28 15:53:20,927 [pool-312-thread-1] INFO  server.RaftServerConfigKeys (ConfUtils.java:logGet(46)) - raft.server.log.purge.gap = 1000000 (custom)
2022-09-28 15:53:20,927 [pool-312-thread-1] INFO  server.RaftServerConfigKeys (ConfUtils.java:logGet(46)) - raft.server.log.appender.buffer.byte-limit = 33554432 (custom)
2022-09-28 15:53:20,927 [pool-312-thread-1] INFO  server.RaftServerConfigKeys (ConfUtils.java:logGet(46)) - raft.server.log.statemachine.data.read.timeout = 1000ms (default)
2022-09-28 15:53:20,929 [pool-312-thread-1] INFO  server.RaftServerConfigKeys (ConfUtils.java:logGet(46)) - raft.server.log.segment.size.max = 1048576 (custom)
2022-09-28 15:53:20,930 [pool-312-thread-1] INFO  server.RaftServerConfigKeys (ConfUtils.java:logGet(46)) - raft.server.log.segment.cache.num.max = 2 (custom)
2022-09-28 15:53:20,930 [pool-312-thread-1] INFO  server.RaftServerConfigKeys (ConfUtils.java:logGet(46)) - raft.server.log.segment.cache.size.max = 200MB (=209715200) (default)
2022-09-28 15:53:20,930 [pool-312-thread-1] INFO  segmented.SegmentedRaftLogWorker (SegmentedRaftLogWorker.java:<init>(187)) - new 0274ec44-c511-404a-9072-ead7ce024853@group-2E56AF20CBB2-SegmentedRaftLogWorker for RaftStorageImpl:Storage Directory /home/runner/work/ozone/ozone/hadoop-ozone/integration-test/target/test-dir/MiniOzoneClusterImpl-39beaa01-56cc-488c-9c2d-94b49c5a5f0c/datanode-0/data/ratis/e763fc18-da16-4c30-827b-2e56af20cbb2
2022-09-28 15:53:20,930 [pool-312-thread-1] INFO  server.RaftServerConfigKeys (ConfUtils.java:logGet(46)) - raft.server.log.queue.byte-limit = 4294967296 (custom)
2022-09-28 15:53:20,930 [pool-312-thread-1] INFO  server.RaftServerConfigKeys (ConfUtils.java:logGet(46)) - raft.server.log.queue.element-limit = 1024 (custom)
2022-09-28 15:53:20,930 [pool-312-thread-1] INFO  server.RaftServerConfigKeys (ConfUtils.java:logGet(46)) - raft.server.log.segment.size.max = 1048576 (custom)
2022-09-28 15:53:20,930 [pool-312-thread-1] INFO  server.RaftServerConfigKeys (ConfUtils.java:logGet(46)) - raft.server.log.preallocated.size = 16384 (custom)
2022-09-28 15:53:20,930 [pool-312-thread-1] INFO  server.RaftServerConfigKeys (ConfUtils.java:logGet(46)) - raft.server.log.force.sync.num = 128 (default)
2022-09-28 15:53:20,930 [pool-312-thread-1] INFO  server.RaftServerConfigKeys (ConfUtils.java:logGet(46)) - raft.server.log.statemachine.data.sync = true (default)
2022-09-28 15:53:20,930 [pool-312-thread-1] INFO  server.RaftServerConfigKeys (ConfUtils.java:logGet(46)) - raft.server.log.statemachine.data.sync.timeout = 10s (default)
2022-09-28 15:53:20,930 [pool-312-thread-1] INFO  server.RaftServerConfigKeys (ConfUtils.java:logGet(46)) - raft.server.log.statemachine.data.sync.timeout.retry = -1 (default)
2022-09-28 15:53:20,931 [pool-312-thread-1] INFO  server.RaftServerConfigKeys (ConfUtils.java:logGet(46)) - raft.server.log.write.buffer.size = 1048576 (custom)
2022-09-28 15:53:20,931 [pool-312-thread-1] INFO  server.RaftServerConfigKeys (ConfUtils.java:logGet(46)) - raft.server.log.unsafe-flush.enabled = false (default)
2022-09-28 15:53:20,931 [pool-312-thread-1] INFO  server.RaftServerConfigKeys (ConfUtils.java:logGet(46)) - raft.server.log.statemachine.data.caching.enabled = true (custom)
2022-09-28 15:53:20,932 [pool-312-thread-1] INFO  segmented.SegmentedRaftLogWorker (SegmentedRaftLogWorker.java:lambda$new$0(135)) - 0274ec44-c511-404a-9072-ead7ce024853@group-2E56AF20CBB2-SegmentedRaftLogWorker: flushIndex: setUnconditionally 0 -> -1
2022-09-28 15:53:20,932 [pool-312-thread-1] INFO  segmented.SegmentedRaftLogWorker (SegmentedRaftLogWorker.java:lambda$new$0(135)) - 0274ec44-c511-404a-9072-ead7ce024853@group-2E56AF20CBB2-SegmentedRaftLogWorker: safeCacheEvictIndex: setUnconditionally 0 -> -1
2022-09-28 15:53:20,943 [pool-312-thread-1] INFO  server.RaftServerConfigKeys (ConfUtils.java:logGet(46)) - raft.server.snapshot.auto.trigger.enabled = true (custom)
2022-09-28 15:53:20,943 [pool-312-thread-1] INFO  server.RaftServerConfigKeys (ConfUtils.java:logGet(46)) - raft.server.snapshot.auto.trigger.threshold = 10000 (custom)
2022-09-28 15:53:20,943 [pool-312-thread-1] INFO  server.RaftServerConfigKeys (ConfUtils.java:logGet(46)) - raft.server.snapshot.retention.file.num = 5 (custom)
2022-09-28 15:53:20,943 [pool-312-thread-1] INFO  server.RaftServerConfigKeys (ConfUtils.java:logGet(46)) - raft.server.log.purge.upto.snapshot.index = false (default)
2022-09-28 15:53:20,943 [pool-312-thread-1] INFO  server.RaftServerConfigKeys (ConfUtils.java:logGet(46)) - raft.server.retrycache.expirytime = 600000ms (custom)
2022-09-28 15:53:20,943 [pool-312-thread-1] INFO  server.RaftServerConfigKeys (ConfUtils.java:logGet(46)) - raft.server.retrycache.statistics.expirytime = 100μs (default)
2022-09-28 15:53:20,945 [pool-312-thread-1] INFO  server.RaftServerConfigKeys (ConfUtils.java:logGet(46)) - raft.server.log.appender.install.snapshot.enabled = false (custom)
2022-09-28 15:53:20,945 [pool-312-thread-1] INFO  server.RaftServerConfigKeys (ConfUtils.java:logGet(46)) - raft.server.threadpool.server.cached = true (default)
2022-09-28 15:53:20,945 [pool-312-thread-1] INFO  server.RaftServerConfigKeys (ConfUtils.java:logGet(46)) - raft.server.threadpool.server.size = 0 (default)
2022-09-28 15:53:20,945 [pool-312-thread-1] INFO  server.RaftServerConfigKeys (ConfUtils.java:logGet(46)) - raft.server.threadpool.client.cached = true (default)
2022-09-28 15:53:20,945 [pool-312-thread-1] INFO  server.RaftServerConfigKeys (ConfUtils.java:logGet(46)) - raft.server.threadpool.client.size = 0 (default)
2022-09-28 15:53:20,945 [pool-312-thread-1] INFO  server.RaftServer$Division (RaftServerImpl.java:start(310)) - 0274ec44-c511-404a-9072-ead7ce024853@group-2E56AF20CBB2: start as a follower, conf=-1: [b0c1961e-9fec-49a7-b763-eaf350b3d09d|rpc:10.1.1.55:37181|priority:0, 0274ec44-c511-404a-9072-ead7ce024853|rpc:10.1.1.55:37251|priority:0, 14b40a93-8746-4852-b401-12fc62dc6a20|rpc:10.1.1.55:46737|priority:1], old=null
2022-09-28 15:53:20,945 [pool-312-thread-1] INFO  server.RaftServer$Division (RaftServerImpl.java:setRole(299)) - 0274ec44-c511-404a-9072-ead7ce024853@group-2E56AF20CBB2: changes role from      null to FOLLOWER at term 0 for startAsFollower
2022-09-28 15:53:20,945 [pool-312-thread-1] INFO  impl.RoleInfo (RoleInfo.java:updateAndGet(139)) - 0274ec44-c511-404a-9072-ead7ce024853: start 0274ec44-c511-404a-9072-ead7ce024853@group-2E56AF20CBB2-FollowerState
2022-09-28 15:53:20,947 [pool-312-thread-1] INFO  util.JmxRegister (JmxRegister.java:tryRegister(44)) - Successfully registered JMX Bean with object name Ratis:service=RaftServer,group=group-2E56AF20CBB2,id=0274ec44-c511-404a-9072-ead7ce024853
2022-09-28 15:53:20,958 [Command processor thread] INFO  ratis.XceiverServerRatis (XceiverServerRatis.java:addGroup(765)) - Created group PipelineID=e763fc18-da16-4c30-827b-2e56af20cbb2
2022-09-28 15:53:21,040 [grpc-default-executor-0] INFO  server.RaftServer (RaftServerProxy.java:addNew(96)) - b0c1961e-9fec-49a7-b763-eaf350b3d09d: addNew group-2E56AF20CBB2:[b0c1961e-9fec-49a7-b763-eaf350b3d09d|rpc:10.1.1.55:37181|dataStream:|priority:0, 0274ec44-c511-404a-9072-ead7ce024853|rpc:10.1.1.55:37251|dataStream:|priority:0, 14b40a93-8746-4852-b401-12fc62dc6a20|rpc:10.1.1.55:46737|dataStream:|priority:1] returns group-2E56AF20CBB2:java.util.concurrent.CompletableFuture@7be06f5a[Not completed]
2022-09-28 15:53:21,041 [pool-358-thread-1] INFO  server.RaftServer$Division (RaftServerImpl.java:<init>(190)) - b0c1961e-9fec-49a7-b763-eaf350b3d09d: new RaftServerImpl for group-2E56AF20CBB2:[b0c1961e-9fec-49a7-b763-eaf350b3d09d|rpc:10.1.1.55:37181|dataStream:|priority:0, 0274ec44-c511-404a-9072-ead7ce024853|rpc:10.1.1.55:37251|dataStream:|priority:0, 14b40a93-8746-4852-b401-12fc62dc6a20|rpc:10.1.1.55:46737|dataStream:|priority:1] with ContainerStateMachine:uninitialized
2022-09-28 15:53:21,041 [pool-358-thread-1] INFO  server.RaftServerConfigKeys (ConfUtils.java:logGet(46)) - raft.server.rpc.timeout.min = 5s (custom)
2022-09-28 15:53:21,041 [pool-358-thread-1] INFO  server.RaftServerConfigKeys (ConfUtils.java:logGet(46)) - raft.server.rpc.timeout.max = 5200ms (custom)
2022-09-28 15:53:21,041 [pool-358-thread-1] INFO  server.RaftServerConfigKeys (ConfUtils.java:logGet(46)) - raft.server.rpc.sleep.time = 25ms (default)
2022-09-28 15:53:21,041 [pool-358-thread-1] INFO  server.RaftServerConfigKeys (ConfUtils.java:logGet(46)) - raft.server.rpc.slowness.timeout = 300s (custom)
2022-09-28 15:53:21,041 [pool-358-thread-1] INFO  server.RaftServerConfigKeys (ConfUtils.java:logGet(46)) - raft.server.leaderelection.leader.step-down.wait-time = 10s (default)
2022-09-28 15:53:21,041 [pool-358-thread-1] INFO  server.RaftServerConfigKeys (ConfUtils.java:logGet(46)) - raft.server.sleep.deviation.threshold = 300ms (default)
2022-09-28 15:53:21,041 [pool-358-thread-1] INFO  server.RaftServer$Division (ServerState.java:<init>(107)) - b0c1961e-9fec-49a7-b763-eaf350b3d09d@group-2E56AF20CBB2: ConfigurationManager, init=-1: [b0c1961e-9fec-49a7-b763-eaf350b3d09d|rpc:10.1.1.55:37181|dataStream:|priority:0, 0274ec44-c511-404a-9072-ead7ce024853|rpc:10.1.1.55:37251|dataStream:|priority:0, 14b40a93-8746-4852-b401-12fc62dc6a20|rpc:10.1.1.55:46737|dataStream:|priority:1], old=null, confs=<EMPTY_MAP>
2022-09-28 15:53:21,041 [pool-358-thread-1] INFO  server.RaftServerConfigKeys (ConfUtils.java:logGet(46)) - raft.server.storage.dir = [/home/runner/work/ozone/ozone/hadoop-ozone/integration-test/target/test-dir/MiniOzoneClusterImpl-39beaa01-56cc-488c-9c2d-94b49c5a5f0c/datanode-2/data/ratis] (custom)
2022-09-28 15:53:21,041 [pool-358-thread-1] INFO  server.RaftServerConfigKeys (ConfUtils.java:logGet(46)) - raft.server.log.corruption.policy = EXCEPTION (default)
2022-09-28 15:53:21,041 [pool-358-thread-1] INFO  server.RaftServerConfigKeys (ConfUtils.java:logGet(46)) - raft.server.storage.free-space.min = 0MB (=0) (default)
2022-09-28 15:53:21,042 [pool-358-thread-1] INFO  storage.RaftStorageDirectory (RaftStorageDirectoryImpl.java:analyzeStorage(135)) - The storage directory /home/runner/work/ozone/ozone/hadoop-ozone/integration-test/target/test-dir/MiniOzoneClusterImpl-39beaa01-56cc-488c-9c2d-94b49c5a5f0c/datanode-2/data/ratis/e763fc18-da16-4c30-827b-2e56af20cbb2 does not exist. Creating ...
2022-09-28 15:53:21,043 [pool-358-thread-1] INFO  storage.RaftStorageDirectory (RaftStorageDirectoryImpl.java:tryLock(230)) - Lock on /home/runner/work/ozone/ozone/hadoop-ozone/integration-test/target/test-dir/MiniOzoneClusterImpl-39beaa01-56cc-488c-9c2d-94b49c5a5f0c/datanode-2/data/ratis/e763fc18-da16-4c30-827b-2e56af20cbb2/in_use.lock acquired by nodename 13127@fv-az203-824
2022-09-28 15:53:21,048 [pool-358-thread-1] INFO  storage.RaftStorage (RaftStorageImpl.java:format(89)) - Storage directory /home/runner/work/ozone/ozone/hadoop-ozone/integration-test/target/test-dir/MiniOzoneClusterImpl-39beaa01-56cc-488c-9c2d-94b49c5a5f0c/datanode-2/data/ratis/e763fc18-da16-4c30-827b-2e56af20cbb2 has been successfully formatted.
2022-09-28 15:53:21,063 [pool-358-thread-1] INFO  ratis.ContainerStateMachine (ContainerStateMachine.java:loadSnapshot(236)) - group-2E56AF20CBB2: The snapshot info is null. Setting the last applied indexto:(t:0, i:~)
2022-09-28 15:53:21,063 [pool-358-thread-1] INFO  server.RaftServerConfigKeys (ConfUtils.java:logGet(46)) - raft.server.notification.no-leader.timeout = 300s (custom)
2022-09-28 15:53:21,063 [pool-358-thread-1] INFO  server.RaftServerConfigKeys (ConfUtils.java:logGet(46)) - raft.server.log.use.memory = false (default)
2022-09-28 15:53:21,063 [pool-358-thread-1] INFO  server.RaftServerConfigKeys (ConfUtils.java:logGet(46)) - raft.server.log.purge.gap = 1000000 (custom)
2022-09-28 15:53:21,063 [pool-358-thread-1] INFO  server.RaftServerConfigKeys (ConfUtils.java:logGet(46)) - raft.server.log.appender.buffer.byte-limit = 33554432 (custom)
2022-09-28 15:53:21,063 [pool-358-thread-1] INFO  server.RaftServerConfigKeys (ConfUtils.java:logGet(46)) - raft.server.log.statemachine.data.read.timeout = 1000ms (default)
2022-09-28 15:53:21,063 [pool-358-thread-1] INFO  server.RaftServerConfigKeys (ConfUtils.java:logGet(46)) - raft.server.log.segment.size.max = 1048576 (custom)
2022-09-28 15:53:21,064 [pool-358-thread-1] INFO  server.RaftServerConfigKeys (ConfUtils.java:logGet(46)) - raft.server.log.segment.cache.num.max = 2 (custom)
2022-09-28 15:53:21,064 [pool-358-thread-1] INFO  server.RaftServerConfigKeys (ConfUtils.java:logGet(46)) - raft.server.log.segment.cache.size.max = 200MB (=209715200) (default)
2022-09-28 15:53:21,064 [pool-358-thread-1] INFO  segmented.SegmentedRaftLogWorker (SegmentedRaftLogWorker.java:<init>(187)) - new b0c1961e-9fec-49a7-b763-eaf350b3d09d@group-2E56AF20CBB2-SegmentedRaftLogWorker for RaftStorageImpl:Storage Directory /home/runner/work/ozone/ozone/hadoop-ozone/integration-test/target/test-dir/MiniOzoneClusterImpl-39beaa01-56cc-488c-9c2d-94b49c5a5f0c/datanode-2/data/ratis/e763fc18-da16-4c30-827b-2e56af20cbb2
2022-09-28 15:53:21,064 [pool-358-thread-1] INFO  server.RaftServerConfigKeys (ConfUtils.java:logGet(46)) - raft.server.log.queue.byte-limit = 4294967296 (custom)
2022-09-28 15:53:21,064 [pool-358-thread-1] INFO  server.RaftServerConfigKeys (ConfUtils.java:logGet(46)) - raft.server.log.queue.element-limit = 1024 (custom)
2022-09-28 15:53:21,064 [pool-358-thread-1] INFO  server.RaftServerConfigKeys (ConfUtils.java:logGet(46)) - raft.server.log.segment.size.max = 1048576 (custom)
2022-09-28 15:53:21,064 [pool-358-thread-1] INFO  server.RaftServerConfigKeys (ConfUtils.java:logGet(46)) - raft.server.log.preallocated.size = 16384 (custom)
2022-09-28 15:53:21,064 [pool-358-thread-1] INFO  server.RaftServerConfigKeys (ConfUtils.java:logGet(46)) - raft.server.log.force.sync.num = 128 (default)
2022-09-28 15:53:21,064 [pool-358-thread-1] INFO  server.RaftServerConfigKeys (ConfUtils.java:logGet(46)) - raft.server.log.statemachine.data.sync = true (default)
2022-09-28 15:53:21,064 [pool-358-thread-1] INFO  server.RaftServerConfigKeys (ConfUtils.java:logGet(46)) - raft.server.log.statemachine.data.sync.timeout = 10s (default)
2022-09-28 15:53:21,064 [pool-358-thread-1] INFO  server.RaftServerConfigKeys (ConfUtils.java:logGet(46)) - raft.server.log.statemachine.data.sync.timeout.retry = -1 (default)
2022-09-28 15:53:21,065 [pool-358-thread-1] INFO  server.RaftServerConfigKeys (ConfUtils.java:logGet(46)) - raft.server.log.write.buffer.size = 1048576 (custom)
2022-09-28 15:53:21,065 [pool-358-thread-1] INFO  server.RaftServerConfigKeys (ConfUtils.java:logGet(46)) - raft.server.log.unsafe-flush.enabled = false (default)
2022-09-28 15:53:21,065 [pool-358-thread-1] INFO  server.RaftServerConfigKeys (ConfUtils.java:logGet(46)) - raft.server.log.statemachine.data.caching.enabled = true (custom)
2022-09-28 15:53:21,065 [pool-358-thread-1] INFO  segmented.SegmentedRaftLogWorker (SegmentedRaftLogWorker.java:lambda$new$0(135)) - b0c1961e-9fec-49a7-b763-eaf350b3d09d@group-2E56AF20CBB2-SegmentedRaftLogWorker: flushIndex: setUnconditionally 0 -> -1
2022-09-28 15:53:21,065 [pool-358-thread-1] INFO  segmented.SegmentedRaftLogWorker (SegmentedRaftLogWorker.java:lambda$new$0(135)) - b0c1961e-9fec-49a7-b763-eaf350b3d09d@group-2E56AF20CBB2-SegmentedRaftLogWorker: safeCacheEvictIndex: setUnconditionally 0 -> -1
2022-09-28 15:53:21,103 [pool-358-thread-1] INFO  server.RaftServerConfigKeys (ConfUtils.java:logGet(46)) - raft.server.snapshot.auto.trigger.enabled = true (custom)
2022-09-28 15:53:21,103 [pool-358-thread-1] INFO  server.RaftServerConfigKeys (ConfUtils.java:logGet(46)) - raft.server.snapshot.auto.trigger.threshold = 10000 (custom)
2022-09-28 15:53:21,103 [pool-358-thread-1] INFO  server.RaftServerConfigKeys (ConfUtils.java:logGet(46)) - raft.server.snapshot.retention.file.num = 5 (custom)
2022-09-28 15:53:21,103 [pool-358-thread-1] INFO  server.RaftServerConfigKeys (ConfUtils.java:logGet(46)) - raft.server.log.purge.upto.snapshot.index = false (default)
2022-09-28 15:53:21,104 [pool-358-thread-1] INFO  server.RaftServerConfigKeys (ConfUtils.java:logGet(46)) - raft.server.retrycache.expirytime = 600000ms (custom)
2022-09-28 15:53:21,104 [pool-358-thread-1] INFO  server.RaftServerConfigKeys (ConfUtils.java:logGet(46)) - raft.server.retrycache.statistics.expirytime = 100μs (default)
2022-09-28 15:53:21,105 [pool-358-thread-1] INFO  server.RaftServerConfigKeys (ConfUtils.java:logGet(46)) - raft.server.log.appender.install.snapshot.enabled = false (custom)
2022-09-28 15:53:21,105 [pool-358-thread-1] INFO  server.RaftServerConfigKeys (ConfUtils.java:logGet(46)) - raft.server.threadpool.server.cached = true (default)
2022-09-28 15:53:21,105 [pool-358-thread-1] INFO  server.RaftServerConfigKeys (ConfUtils.java:logGet(46)) - raft.server.threadpool.server.size = 0 (default)
2022-09-28 15:53:21,105 [pool-358-thread-1] INFO  server.RaftServerConfigKeys (ConfUtils.java:logGet(46)) - raft.server.threadpool.client.cached = true (default)
2022-09-28 15:53:21,105 [pool-358-thread-1] INFO  server.RaftServerConfigKeys (ConfUtils.java:logGet(46)) - raft.server.threadpool.client.size = 0 (default)
2022-09-28 15:53:21,105 [pool-358-thread-1] INFO  server.RaftServer$Division (RaftServerImpl.java:start(310)) - b0c1961e-9fec-49a7-b763-eaf350b3d09d@group-2E56AF20CBB2: start as a follower, conf=-1: [b0c1961e-9fec-49a7-b763-eaf350b3d09d|rpc:10.1.1.55:37181|dataStream:|priority:0, 0274ec44-c511-404a-9072-ead7ce024853|rpc:10.1.1.55:37251|dataStream:|priority:0, 14b40a93-8746-4852-b401-12fc62dc6a20|rpc:10.1.1.55:46737|dataStream:|priority:1], old=null
2022-09-28 15:53:21,105 [pool-358-thread-1] INFO  server.RaftServer$Division (RaftServerImpl.java:setRole(299)) - b0c1961e-9fec-49a7-b763-eaf350b3d09d@group-2E56AF20CBB2: changes role from      null to FOLLOWER at term 0 for startAsFollower
2022-09-28 15:53:21,105 [pool-358-thread-1] INFO  impl.RoleInfo (RoleInfo.java:updateAndGet(139)) - b0c1961e-9fec-49a7-b763-eaf350b3d09d: start b0c1961e-9fec-49a7-b763-eaf350b3d09d@group-2E56AF20CBB2-FollowerState
2022-09-28 15:53:21,119 [pool-358-thread-1] INFO  util.JmxRegister (JmxRegister.java:tryRegister(44)) - Successfully registered JMX Bean with object name Ratis:service=RaftServer,group=group-2E56AF20CBB2,id=b0c1961e-9fec-49a7-b763-eaf350b3d09d
2022-09-28 15:53:21,239 [grpc-default-executor-0] INFO  server.RaftServer (RaftServerProxy.java:addNew(96)) - 14b40a93-8746-4852-b401-12fc62dc6a20: addNew group-2E56AF20CBB2:[b0c1961e-9fec-49a7-b763-eaf350b3d09d|rpc:10.1.1.55:37181|dataStream:|priority:0, 0274ec44-c511-404a-9072-ead7ce024853|rpc:10.1.1.55:37251|dataStream:|priority:0, 14b40a93-8746-4852-b401-12fc62dc6a20|rpc:10.1.1.55:46737|dataStream:|priority:1] returns group-2E56AF20CBB2:java.util.concurrent.CompletableFuture@77e4e583[Not completed]
2022-09-28 15:53:21,321 [pool-335-thread-1] INFO  server.RaftServer$Division (RaftServerImpl.java:<init>(190)) - 14b40a93-8746-4852-b401-12fc62dc6a20: new RaftServerImpl for group-2E56AF20CBB2:[b0c1961e-9fec-49a7-b763-eaf350b3d09d|rpc:10.1.1.55:37181|dataStream:|priority:0, 0274ec44-c511-404a-9072-ead7ce024853|rpc:10.1.1.55:37251|dataStream:|priority:0, 14b40a93-8746-4852-b401-12fc62dc6a20|rpc:10.1.1.55:46737|dataStream:|priority:1] with ContainerStateMachine:uninitialized
2022-09-28 15:53:21,322 [pool-335-thread-1] INFO  server.RaftServerConfigKeys (ConfUtils.java:logGet(46)) - raft.server.rpc.timeout.min = 5s (custom)
2022-09-28 15:53:21,322 [pool-335-thread-1] INFO  server.RaftServerConfigKeys (ConfUtils.java:logGet(46)) - raft.server.rpc.timeout.max = 5200ms (custom)
2022-09-28 15:53:21,322 [pool-335-thread-1] INFO  server.RaftServerConfigKeys (ConfUtils.java:logGet(46)) - raft.server.rpc.sleep.time = 25ms (default)
2022-09-28 15:53:21,322 [pool-335-thread-1] INFO  server.RaftServerConfigKeys (ConfUtils.java:logGet(46)) - raft.server.rpc.slowness.timeout = 300s (custom)
2022-09-28 15:53:21,322 [pool-335-thread-1] INFO  server.RaftServerConfigKeys (ConfUtils.java:logGet(46)) - raft.server.leaderelection.leader.step-down.wait-time = 10s (default)
2022-09-28 15:53:21,322 [pool-335-thread-1] INFO  server.RaftServerConfigKeys (ConfUtils.java:logGet(46)) - raft.server.sleep.deviation.threshold = 300ms (default)
2022-09-28 15:53:21,322 [pool-335-thread-1] INFO  server.RaftServer$Division (ServerState.java:<init>(107)) - 14b40a93-8746-4852-b401-12fc62dc6a20@group-2E56AF20CBB2: ConfigurationManager, init=-1: [b0c1961e-9fec-49a7-b763-eaf350b3d09d|rpc:10.1.1.55:37181|dataStream:|priority:0, 0274ec44-c511-404a-9072-ead7ce024853|rpc:10.1.1.55:37251|dataStream:|priority:0, 14b40a93-8746-4852-b401-12fc62dc6a20|rpc:10.1.1.55:46737|dataStream:|priority:1], old=null, confs=<EMPTY_MAP>
2022-09-28 15:53:21,322 [pool-335-thread-1] INFO  server.RaftServerConfigKeys (ConfUtils.java:logGet(46)) - raft.server.storage.dir = [/home/runner/work/ozone/ozone/hadoop-ozone/integration-test/target/test-dir/MiniOzoneClusterImpl-39beaa01-56cc-488c-9c2d-94b49c5a5f0c/datanode-1/data/ratis] (custom)
2022-09-28 15:53:21,322 [pool-335-thread-1] INFO  server.RaftServerConfigKeys (ConfUtils.java:logGet(46)) - raft.server.log.corruption.policy = EXCEPTION (default)
2022-09-28 15:53:21,322 [pool-335-thread-1] INFO  server.RaftServerConfigKeys (ConfUtils.java:logGet(46)) - raft.server.storage.free-space.min = 0MB (=0) (default)
2022-09-28 15:53:21,322 [pool-335-thread-1] INFO  storage.RaftStorageDirectory (RaftStorageDirectoryImpl.java:analyzeStorage(135)) - The storage directory /home/runner/work/ozone/ozone/hadoop-ozone/integration-test/target/test-dir/MiniOzoneClusterImpl-39beaa01-56cc-488c-9c2d-94b49c5a5f0c/datanode-1/data/ratis/e763fc18-da16-4c30-827b-2e56af20cbb2 does not exist. Creating ...
2022-09-28 15:53:21,323 [pool-335-thread-1] INFO  storage.RaftStorageDirectory (RaftStorageDirectoryImpl.java:tryLock(230)) - Lock on /home/runner/work/ozone/ozone/hadoop-ozone/integration-test/target/test-dir/MiniOzoneClusterImpl-39beaa01-56cc-488c-9c2d-94b49c5a5f0c/datanode-1/data/ratis/e763fc18-da16-4c30-827b-2e56af20cbb2/in_use.lock acquired by nodename 13127@fv-az203-824
2022-09-28 15:53:21,325 [pool-335-thread-1] INFO  storage.RaftStorage (RaftStorageImpl.java:format(89)) - Storage directory /home/runner/work/ozone/ozone/hadoop-ozone/integration-test/target/test-dir/MiniOzoneClusterImpl-39beaa01-56cc-488c-9c2d-94b49c5a5f0c/datanode-1/data/ratis/e763fc18-da16-4c30-827b-2e56af20cbb2 has been successfully formatted.
2022-09-28 15:53:21,327 [Command processor thread] INFO  server.RaftServer (RaftServerProxy.java:addNew(96)) - 14b40a93-8746-4852-b401-12fc62dc6a20: addNew group-15911141E379:[14b40a93-8746-4852-b401-12fc62dc6a20|rpc:10.1.1.55:46737|priority:1] returns group-15911141E379:java.util.concurrent.CompletableFuture@5a343c17[Not completed]
2022-09-28 15:53:21,339 [pool-335-thread-1] INFO  ratis.ContainerStateMachine (ContainerStateMachine.java:loadSnapshot(236)) - group-2E56AF20CBB2: The snapshot info is null. Setting the last applied indexto:(t:0, i:~)
2022-09-28 15:53:21,340 [pool-335-thread-1] INFO  server.RaftServerConfigKeys (ConfUtils.java:logGet(46)) - raft.server.notification.no-leader.timeout = 300s (custom)
2022-09-28 15:53:21,340 [pool-335-thread-1] INFO  server.RaftServerConfigKeys (ConfUtils.java:logGet(46)) - raft.server.log.use.memory = false (default)
2022-09-28 15:53:21,340 [pool-335-thread-1] INFO  server.RaftServerConfigKeys (ConfUtils.java:logGet(46)) - raft.server.log.purge.gap = 1000000 (custom)
2022-09-28 15:53:21,340 [pool-335-thread-1] INFO  server.RaftServerConfigKeys (ConfUtils.java:logGet(46)) - raft.server.log.appender.buffer.byte-limit = 33554432 (custom)
2022-09-28 15:53:21,340 [pool-335-thread-1] INFO  server.RaftServerConfigKeys (ConfUtils.java:logGet(46)) - raft.server.log.statemachine.data.read.timeout = 1000ms (default)
2022-09-28 15:53:21,340 [pool-335-thread-1] INFO  server.RaftServerConfigKeys (ConfUtils.java:logGet(46)) - raft.server.log.segment.size.max = 1048576 (custom)
2022-09-28 15:53:21,340 [pool-335-thread-1] INFO  server.RaftServerConfigKeys (ConfUtils.java:logGet(46)) - raft.server.log.segment.cache.num.max = 2 (custom)
2022-09-28 15:53:21,340 [pool-335-thread-1] INFO  server.RaftServerConfigKeys (ConfUtils.java:logGet(46)) - raft.server.log.segment.cache.size.max = 200MB (=209715200) (default)
2022-09-28 15:53:21,340 [pool-335-thread-1] INFO  segmented.SegmentedRaftLogWorker (SegmentedRaftLogWorker.java:<init>(187)) - new 14b40a93-8746-4852-b401-12fc62dc6a20@group-2E56AF20CBB2-SegmentedRaftLogWorker for RaftStorageImpl:Storage Directory /home/runner/work/ozone/ozone/hadoop-ozone/integration-test/target/test-dir/MiniOzoneClusterImpl-39beaa01-56cc-488c-9c2d-94b49c5a5f0c/datanode-1/data/ratis/e763fc18-da16-4c30-827b-2e56af20cbb2
2022-09-28 15:53:21,340 [pool-335-thread-1] INFO  server.RaftServerConfigKeys (ConfUtils.java:logGet(46)) - raft.server.log.queue.byte-limit = 4294967296 (custom)
2022-09-28 15:53:21,340 [pool-335-thread-1] INFO  server.RaftServerConfigKeys (ConfUtils.java:logGet(46)) - raft.server.log.queue.element-limit = 1024 (custom)
2022-09-28 15:53:21,341 [pool-335-thread-1] INFO  server.RaftServerConfigKeys (ConfUtils.java:logGet(46)) - raft.server.log.segment.size.max = 1048576 (custom)
2022-09-28 15:53:21,341 [pool-335-thread-1] INFO  server.RaftServerConfigKeys (ConfUtils.java:logGet(46)) - raft.server.log.preallocated.size = 16384 (custom)
2022-09-28 15:53:21,341 [pool-335-thread-1] INFO  server.RaftServerConfigKeys (ConfUtils.java:logGet(46)) - raft.server.log.force.sync.num = 128 (default)
2022-09-28 15:53:21,341 [pool-335-thread-1] INFO  server.RaftServerConfigKeys (ConfUtils.java:logGet(46)) - raft.server.log.statemachine.data.sync = true (default)
2022-09-28 15:53:21,341 [pool-335-thread-1] INFO  server.RaftServerConfigKeys (ConfUtils.java:logGet(46)) - raft.server.log.statemachine.data.sync.timeout = 10s (default)
2022-09-28 15:53:21,341 [pool-335-thread-1] INFO  server.RaftServerConfigKeys (ConfUtils.java:logGet(46)) - raft.server.log.statemachine.data.sync.timeout.retry = -1 (default)
2022-09-28 15:53:21,341 [pool-335-thread-1] INFO  server.RaftServerConfigKeys (ConfUtils.java:logGet(46)) - raft.server.log.write.buffer.size = 1048576 (custom)
2022-09-28 15:53:21,342 [pool-335-thread-1] INFO  server.RaftServerConfigKeys (ConfUtils.java:logGet(46)) - raft.server.log.unsafe-flush.enabled = false (default)
2022-09-28 15:53:21,342 [pool-335-thread-1] INFO  server.RaftServerConfigKeys (ConfUtils.java:logGet(46)) - raft.server.log.statemachine.data.caching.enabled = true (custom)
2022-09-28 15:53:21,342 [pool-335-thread-1] INFO  segmented.SegmentedRaftLogWorker (SegmentedRaftLogWorker.java:lambda$new$0(135)) - 14b40a93-8746-4852-b401-12fc62dc6a20@group-2E56AF20CBB2-SegmentedRaftLogWorker: flushIndex: setUnconditionally 0 -> -1
2022-09-28 15:53:21,342 [pool-335-thread-1] INFO  segmented.SegmentedRaftLogWorker (SegmentedRaftLogWorker.java:lambda$new$0(135)) - 14b40a93-8746-4852-b401-12fc62dc6a20@group-2E56AF20CBB2-SegmentedRaftLogWorker: safeCacheEvictIndex: setUnconditionally 0 -> -1
2022-09-28 15:53:21,343 [pool-335-thread-1] INFO  server.RaftServerConfigKeys (ConfUtils.java:logGet(46)) - raft.server.snapshot.auto.trigger.enabled = true (custom)
2022-09-28 15:53:21,343 [pool-335-thread-1] INFO  server.RaftServerConfigKeys (ConfUtils.java:logGet(46)) - raft.server.snapshot.auto.trigger.threshold = 10000 (custom)
2022-09-28 15:53:21,343 [pool-335-thread-1] INFO  server.RaftServerConfigKeys (ConfUtils.java:logGet(46)) - raft.server.snapshot.retention.file.num = 5 (custom)
2022-09-28 15:53:21,343 [pool-335-thread-1] INFO  server.RaftServerConfigKeys (ConfUtils.java:logGet(46)) - raft.server.log.purge.upto.snapshot.index = false (default)
2022-09-28 15:53:21,343 [pool-335-thread-1] INFO  server.RaftServerConfigKeys (ConfUtils.java:logGet(46)) - raft.server.retrycache.expirytime = 600000ms (custom)
2022-09-28 15:53:21,343 [pool-335-thread-1] INFO  server.RaftServerConfigKeys (ConfUtils.java:logGet(46)) - raft.server.retrycache.statistics.expirytime = 100μs (default)
2022-09-28 15:53:21,344 [pool-335-thread-1] INFO  server.RaftServerConfigKeys (ConfUtils.java:logGet(46)) - raft.server.log.appender.install.snapshot.enabled = false (custom)
2022-09-28 15:53:21,344 [pool-335-thread-1] INFO  server.RaftServerConfigKeys (ConfUtils.java:logGet(46)) - raft.server.threadpool.server.cached = true (default)
2022-09-28 15:53:21,344 [pool-335-thread-1] INFO  server.RaftServerConfigKeys (ConfUtils.java:logGet(46)) - raft.server.threadpool.server.size = 0 (default)
2022-09-28 15:53:21,344 [pool-335-thread-1] INFO  server.RaftServerConfigKeys (ConfUtils.java:logGet(46)) - raft.server.threadpool.client.cached = true (default)
2022-09-28 15:53:21,344 [pool-335-thread-1] INFO  server.RaftServerConfigKeys (ConfUtils.java:logGet(46)) - raft.server.threadpool.client.size = 0 (default)
2022-09-28 15:53:21,345 [pool-335-thread-1] INFO  server.RaftServer$Division (RaftServerImpl.java:<init>(190)) - 14b40a93-8746-4852-b401-12fc62dc6a20: new RaftServerImpl for group-15911141E379:[14b40a93-8746-4852-b401-12fc62dc6a20|rpc:10.1.1.55:46737|priority:1] with ContainerStateMachine:uninitialized
2022-09-28 15:53:21,345 [pool-335-thread-1] INFO  server.RaftServerConfigKeys (ConfUtils.java:logGet(46)) - raft.server.rpc.timeout.min = 5s (custom)
2022-09-28 15:53:21,345 [pool-335-thread-1] INFO  server.RaftServerConfigKeys (ConfUtils.java:logGet(46)) - raft.server.rpc.timeout.max = 5200ms (custom)
2022-09-28 15:53:21,345 [pool-335-thread-1] INFO  server.RaftServerConfigKeys (ConfUtils.java:logGet(46)) - raft.server.rpc.sleep.time = 25ms (default)
2022-09-28 15:53:21,345 [pool-335-thread-1] INFO  server.RaftServerConfigKeys (ConfUtils.java:logGet(46)) - raft.server.rpc.slowness.timeout = 300s (custom)
2022-09-28 15:53:21,345 [pool-335-thread-1] INFO  server.RaftServerConfigKeys (ConfUtils.java:logGet(46)) - raft.server.leaderelection.leader.step-down.wait-time = 10s (default)
2022-09-28 15:53:21,345 [pool-335-thread-1] INFO  server.RaftServerConfigKeys (ConfUtils.java:logGet(46)) - raft.server.sleep.deviation.threshold = 300ms (default)
2022-09-28 15:53:21,345 [pool-335-thread-1] INFO  server.RaftServer$Division (ServerState.java:<init>(107)) - 14b40a93-8746-4852-b401-12fc62dc6a20@group-15911141E379: ConfigurationManager, init=-1: [14b40a93-8746-4852-b401-12fc62dc6a20|rpc:10.1.1.55:46737|priority:1], old=null, confs=<EMPTY_MAP>
2022-09-28 15:53:21,345 [pool-335-thread-1] INFO  server.RaftServerConfigKeys (ConfUtils.java:logGet(46)) - raft.server.storage.dir = [/home/runner/work/ozone/ozone/hadoop-ozone/integration-test/target/test-dir/MiniOzoneClusterImpl-39beaa01-56cc-488c-9c2d-94b49c5a5f0c/datanode-1/data/ratis] (custom)
2022-09-28 15:53:21,345 [pool-335-thread-1] INFO  server.RaftServerConfigKeys (ConfUtils.java:logGet(46)) - raft.server.log.corruption.policy = EXCEPTION (default)
2022-09-28 15:53:21,346 [pool-335-thread-1] INFO  server.RaftServerConfigKeys (ConfUtils.java:logGet(46)) - raft.server.storage.free-space.min = 0MB (=0) (default)
2022-09-28 15:53:21,346 [pool-335-thread-1] INFO  storage.RaftStorageDirectory (RaftStorageDirectoryImpl.java:analyzeStorage(135)) - The storage directory /home/runner/work/ozone/ozone/hadoop-ozone/integration-test/target/test-dir/MiniOzoneClusterImpl-39beaa01-56cc-488c-9c2d-94b49c5a5f0c/datanode-1/data/ratis/ecd35342-9c63-4427-a567-15911141e379 does not exist. Creating ...
2022-09-28 15:53:21,360 [pool-335-thread-1] INFO  storage.RaftStorageDirectory (RaftStorageDirectoryImpl.java:tryLock(230)) - Lock on /home/runner/work/ozone/ozone/hadoop-ozone/integration-test/target/test-dir/MiniOzoneClusterImpl-39beaa01-56cc-488c-9c2d-94b49c5a5f0c/datanode-1/data/ratis/ecd35342-9c63-4427-a567-15911141e379/in_use.lock acquired by nodename 13127@fv-az203-824
2022-09-28 15:53:21,375 [pool-335-thread-1] INFO  storage.RaftStorage (RaftStorageImpl.java:format(89)) - Storage directory /home/runner/work/ozone/ozone/hadoop-ozone/integration-test/target/test-dir/MiniOzoneClusterImpl-39beaa01-56cc-488c-9c2d-94b49c5a5f0c/datanode-1/data/ratis/ecd35342-9c63-4427-a567-15911141e379 has been successfully formatted.
2022-09-28 15:53:21,376 [pool-335-thread-1] INFO  ratis.ContainerStateMachine (ContainerStateMachine.java:loadSnapshot(236)) - group-15911141E379: The snapshot info is null. Setting the last applied indexto:(t:0, i:~)
2022-09-28 15:53:21,376 [pool-335-thread-1] INFO  server.RaftServerConfigKeys (ConfUtils.java:logGet(46)) - raft.server.notification.no-leader.timeout = 300s (custom)
2022-09-28 15:53:21,376 [pool-335-thread-1] INFO  server.RaftServerConfigKeys (ConfUtils.java:logGet(46)) - raft.server.log.use.memory = false (default)
2022-09-28 15:53:21,376 [pool-335-thread-1] INFO  server.RaftServerConfigKeys (ConfUtils.java:logGet(46)) - raft.server.log.purge.gap = 1000000 (custom)
2022-09-28 15:53:21,376 [pool-335-thread-1] INFO  server.RaftServerConfigKeys (ConfUtils.java:logGet(46)) - raft.server.log.appender.buffer.byte-limit = 33554432 (custom)
2022-09-28 15:53:21,376 [pool-335-thread-1] INFO  server.RaftServerConfigKeys (ConfUtils.java:logGet(46)) - raft.server.log.statemachine.data.read.timeout = 1000ms (default)
2022-09-28 15:53:21,376 [pool-335-thread-1] INFO  server.RaftServerConfigKeys (ConfUtils.java:logGet(46)) - raft.server.log.segment.size.max = 1048576 (custom)
2022-09-28 15:53:21,377 [pool-335-thread-1] INFO  server.RaftServerConfigKeys (ConfUtils.java:logGet(46)) - raft.server.log.segment.cache.num.max = 2 (custom)
2022-09-28 15:53:21,377 [pool-335-thread-1] INFO  server.RaftServerConfigKeys (ConfUtils.java:logGet(46)) - raft.server.log.segment.cache.size.max = 200MB (=209715200) (default)
2022-09-28 15:53:21,377 [pool-335-thread-1] INFO  segmented.SegmentedRaftLogWorker (SegmentedRaftLogWorker.java:<init>(187)) - new 14b40a93-8746-4852-b401-12fc62dc6a20@group-15911141E379-SegmentedRaftLogWorker for RaftStorageImpl:Storage Directory /home/runner/work/ozone/ozone/hadoop-ozone/integration-test/target/test-dir/MiniOzoneClusterImpl-39beaa01-56cc-488c-9c2d-94b49c5a5f0c/datanode-1/data/ratis/ecd35342-9c63-4427-a567-15911141e379
2022-09-28 15:53:21,377 [pool-335-thread-1] INFO  server.RaftServerConfigKeys (ConfUtils.java:logGet(46)) - raft.server.log.queue.byte-limit = 4294967296 (custom)
2022-09-28 15:53:21,377 [pool-335-thread-1] INFO  server.RaftServerConfigKeys (ConfUtils.java:logGet(46)) - raft.server.log.queue.element-limit = 1024 (custom)
2022-09-28 15:53:21,377 [pool-335-thread-1] INFO  server.RaftServerConfigKeys (ConfUtils.java:logGet(46)) - raft.server.log.segment.size.max = 1048576 (custom)
2022-09-28 15:53:21,377 [pool-335-thread-1] INFO  server.RaftServerConfigKeys (ConfUtils.java:logGet(46)) - raft.server.log.preallocated.size = 16384 (custom)
2022-09-28 15:53:21,377 [pool-335-thread-1] INFO  server.RaftServerConfigKeys (ConfUtils.java:logGet(46)) - raft.server.log.force.sync.num = 128 (default)
2022-09-28 15:53:21,377 [pool-335-thread-1] INFO  server.RaftServerConfigKeys (ConfUtils.java:logGet(46)) - raft.server.log.statemachine.data.sync = true (default)
2022-09-28 15:53:21,377 [pool-335-thread-1] INFO  server.RaftServerConfigKeys (ConfUtils.java:logGet(46)) - raft.server.log.statemachine.data.sync.timeout = 10s (default)
2022-09-28 15:53:21,377 [pool-335-thread-1] INFO  server.RaftServerConfigKeys (ConfUtils.java:logGet(46)) - raft.server.log.statemachine.data.sync.timeout.retry = -1 (default)
2022-09-28 15:53:21,378 [pool-335-thread-1] INFO  server.RaftServerConfigKeys (ConfUtils.java:logGet(46)) - raft.server.log.write.buffer.size = 1048576 (custom)
2022-09-28 15:53:21,378 [pool-335-thread-1] INFO  server.RaftServerConfigKeys (ConfUtils.java:logGet(46)) - raft.server.log.unsafe-flush.enabled = false (default)
2022-09-28 15:53:21,379 [pool-335-thread-1] INFO  server.RaftServerConfigKeys (ConfUtils.java:logGet(46)) - raft.server.log.statemachine.data.caching.enabled = true (custom)
2022-09-28 15:53:21,379 [pool-335-thread-1] INFO  segmented.SegmentedRaftLogWorker (SegmentedRaftLogWorker.java:lambda$new$0(135)) - 14b40a93-8746-4852-b401-12fc62dc6a20@group-15911141E379-SegmentedRaftLogWorker: flushIndex: setUnconditionally 0 -> -1
2022-09-28 15:53:21,379 [pool-335-thread-1] INFO  segmented.SegmentedRaftLogWorker (SegmentedRaftLogWorker.java:lambda$new$0(135)) - 14b40a93-8746-4852-b401-12fc62dc6a20@group-15911141E379-SegmentedRaftLogWorker: safeCacheEvictIndex: setUnconditionally 0 -> -1
2022-09-28 15:53:21,385 [pool-335-thread-1] INFO  server.RaftServerConfigKeys (ConfUtils.java:logGet(46)) - raft.server.snapshot.auto.trigger.enabled = true (custom)
2022-09-28 15:53:21,385 [pool-335-thread-1] INFO  server.RaftServerConfigKeys (ConfUtils.java:logGet(46)) - raft.server.snapshot.auto.trigger.threshold = 10000 (custom)
2022-09-28 15:53:21,386 [pool-335-thread-1] INFO  server.RaftServerConfigKeys (ConfUtils.java:logGet(46)) - raft.server.snapshot.retention.file.num = 5 (custom)
2022-09-28 15:53:21,386 [pool-335-thread-1] INFO  server.RaftServerConfigKeys (ConfUtils.java:logGet(46)) - raft.server.log.purge.upto.snapshot.index = false (default)
2022-09-28 15:53:21,386 [pool-335-thread-1] INFO  server.RaftServerConfigKeys (ConfUtils.java:logGet(46)) - raft.server.retrycache.expirytime = 600000ms (custom)
2022-09-28 15:53:21,386 [pool-335-thread-1] INFO  server.RaftServerConfigKeys (ConfUtils.java:logGet(46)) - raft.server.retrycache.statistics.expirytime = 100μs (default)
2022-09-28 15:53:21,387 [pool-335-thread-1] INFO  server.RaftServerConfigKeys (ConfUtils.java:logGet(46)) - raft.server.log.appender.install.snapshot.enabled = false (custom)
2022-09-28 15:53:21,387 [pool-335-thread-1] INFO  server.RaftServerConfigKeys (ConfUtils.java:logGet(46)) - raft.server.threadpool.server.cached = true (default)
2022-09-28 15:53:21,387 [pool-335-thread-1] INFO  server.RaftServerConfigKeys (ConfUtils.java:logGet(46)) - raft.server.threadpool.server.size = 0 (default)
2022-09-28 15:53:21,387 [pool-335-thread-1] INFO  server.RaftServerConfigKeys (ConfUtils.java:logGet(46)) - raft.server.threadpool.client.cached = true (default)
2022-09-28 15:53:21,387 [pool-335-thread-1] INFO  server.RaftServerConfigKeys (ConfUtils.java:logGet(46)) - raft.server.threadpool.client.size = 0 (default)
2022-09-28 15:53:21,387 [pool-335-thread-1] INFO  server.RaftServer$Division (RaftServerImpl.java:start(310)) - 14b40a93-8746-4852-b401-12fc62dc6a20@group-2E56AF20CBB2: start as a follower, conf=-1: [b0c1961e-9fec-49a7-b763-eaf350b3d09d|rpc:10.1.1.55:37181|dataStream:|priority:0, 0274ec44-c511-404a-9072-ead7ce024853|rpc:10.1.1.55:37251|dataStream:|priority:0, 14b40a93-8746-4852-b401-12fc62dc6a20|rpc:10.1.1.55:46737|dataStream:|priority:1], old=null
2022-09-28 15:53:21,387 [pool-335-thread-1] INFO  server.RaftServer$Division (RaftServerImpl.java:setRole(299)) - 14b40a93-8746-4852-b401-12fc62dc6a20@group-2E56AF20CBB2: changes role from      null to FOLLOWER at term 0 for startAsFollower
2022-09-28 15:53:21,387 [pool-335-thread-1] INFO  impl.RoleInfo (RoleInfo.java:updateAndGet(139)) - 14b40a93-8746-4852-b401-12fc62dc6a20: start 14b40a93-8746-4852-b401-12fc62dc6a20@group-2E56AF20CBB2-FollowerState
2022-09-28 15:53:21,396 [EventQueue-PipelineReportForPipelineReportHandler] INFO  pipeline.PipelineManagerImpl (PipelineManagerImpl.java:openPipeline(367)) - Pipeline Pipeline[ Id: ecd35342-9c63-4427-a567-15911141e379, Nodes: 14b40a93-8746-4852-b401-12fc62dc6a20{ip: 10.1.1.55, host: fv-az203-824.ild0l4k5vsluppoevu2oqvhmda.cx.internal.cloudapp.net, ports: [REPLICATION=42933, RATIS=46737, RATIS_ADMIN=46737, RATIS_SERVER=46737, STANDALONE=33593], networkLocation: /default-rack, certSerialId: null, persistedOpState: IN_SERVICE, persistedOpStateExpiryEpochSec: 0}, ReplicationConfig: RATIS/ONE, State:ALLOCATED, leaderId:14b40a93-8746-4852-b401-12fc62dc6a20, CreationTimestamp2022-09-28T15:53:18.355Z[Etc/UTC]] moved to OPEN state
2022-09-28 15:53:21,396 [EventQueue-OpenPipelineForHealthyPipelineSafeModeRule] INFO  safemode.SCMSafeModeManager (HealthyPipelineSafeModeRule.java:process(137)) - SCM in safe mode. Healthy pipelines reported count is 0, required healthy pipeline reported count is 1
2022-09-28 15:53:21,402 [pool-335-thread-1] INFO  util.JmxRegister (JmxRegister.java:tryRegister(44)) - Successfully registered JMX Bean with object name Ratis:service=RaftServer,group=group-2E56AF20CBB2,id=14b40a93-8746-4852-b401-12fc62dc6a20
2022-09-28 15:53:21,408 [pool-335-thread-1] INFO  server.RaftServer$Division (RaftServerImpl.java:start(310)) - 14b40a93-8746-4852-b401-12fc62dc6a20@group-15911141E379: start as a follower, conf=-1: [14b40a93-8746-4852-b401-12fc62dc6a20|rpc:10.1.1.55:46737|priority:1], old=null
2022-09-28 15:53:21,408 [pool-335-thread-1] INFO  server.RaftServer$Division (RaftServerImpl.java:setRole(299)) - 14b40a93-8746-4852-b401-12fc62dc6a20@group-15911141E379: changes role from      null to FOLLOWER at term 0 for startAsFollower
2022-09-28 15:53:21,408 [pool-335-thread-1] INFO  impl.RoleInfo (RoleInfo.java:updateAndGet(139)) - 14b40a93-8746-4852-b401-12fc62dc6a20: start 14b40a93-8746-4852-b401-12fc62dc6a20@group-15911141E379-FollowerState
2022-09-28 15:53:21,409 [pool-335-thread-1] INFO  util.JmxRegister (JmxRegister.java:tryRegister(44)) - Successfully registered JMX Bean with object name Ratis:service=RaftServer,group=group-15911141E379,id=14b40a93-8746-4852-b401-12fc62dc6a20
2022-09-28 15:53:21,411 [Command processor thread] INFO  ratis.XceiverServerRatis (XceiverServerRatis.java:addGroup(765)) - Created group PipelineID=ecd35342-9c63-4427-a567-15911141e379
2022-09-28 15:53:21,411 [Command processor thread] INFO  commandhandler.CreatePipelineCommandHandler (CreatePipelineCommandHandler.java:handle(113)) - Created Pipeline RATIS ONE PipelineID=ecd35342-9c63-4427-a567-15911141e379.
2022-09-28 15:53:21,411 [Command processor thread] INFO  server.RaftServer (RaftServerProxy.java:addNew(96)) - 14b40a93-8746-4852-b401-12fc62dc6a20: addNew group-5B2B81FF11F7:[b0c1961e-9fec-49a7-b763-eaf350b3d09d|rpc:10.1.1.55:37181|priority:1, 0274ec44-c511-404a-9072-ead7ce024853|rpc:10.1.1.55:37251|priority:0, 14b40a93-8746-4852-b401-12fc62dc6a20|rpc:10.1.1.55:46737|priority:0] returns group-5B2B81FF11F7:java.util.concurrent.CompletableFuture@54f3c921[Not completed]
2022-09-28 15:53:21,423 [pool-335-thread-1] INFO  server.RaftServer$Division (RaftServerImpl.java:<init>(190)) - 14b40a93-8746-4852-b401-12fc62dc6a20: new RaftServerImpl for group-5B2B81FF11F7:[b0c1961e-9fec-49a7-b763-eaf350b3d09d|rpc:10.1.1.55:37181|priority:1, 0274ec44-c511-404a-9072-ead7ce024853|rpc:10.1.1.55:37251|priority:0, 14b40a93-8746-4852-b401-12fc62dc6a20|rpc:10.1.1.55:46737|priority:0] with ContainerStateMachine:uninitialized
2022-09-28 15:53:21,423 [pool-335-thread-1] INFO  server.RaftServerConfigKeys (ConfUtils.java:logGet(46)) - raft.server.rpc.timeout.min = 5s (custom)
2022-09-28 15:53:21,423 [pool-335-thread-1] INFO  server.RaftServerConfigKeys (ConfUtils.java:logGet(46)) - raft.server.rpc.timeout.max = 5200ms (custom)
2022-09-28 15:53:21,423 [pool-335-thread-1] INFO  server.RaftServerConfigKeys (ConfUtils.java:logGet(46)) - raft.server.rpc.sleep.time = 25ms (default)
2022-09-28 15:53:21,423 [pool-335-thread-1] INFO  server.RaftServerConfigKeys (ConfUtils.java:logGet(46)) - raft.server.rpc.slowness.timeout = 300s (custom)
2022-09-28 15:53:21,423 [pool-335-thread-1] INFO  server.RaftServerConfigKeys (ConfUtils.java:logGet(46)) - raft.server.leaderelection.leader.step-down.wait-time = 10s (default)
2022-09-28 15:53:21,423 [pool-335-thread-1] INFO  server.RaftServerConfigKeys (ConfUtils.java:logGet(46)) - raft.server.sleep.deviation.threshold = 300ms (default)
2022-09-28 15:53:21,424 [pool-335-thread-1] INFO  server.RaftServer$Division (ServerState.java:<init>(107)) - 14b40a93-8746-4852-b401-12fc62dc6a20@group-5B2B81FF11F7: ConfigurationManager, init=-1: [b0c1961e-9fec-49a7-b763-eaf350b3d09d|rpc:10.1.1.55:37181|priority:1, 0274ec44-c511-404a-9072-ead7ce024853|rpc:10.1.1.55:37251|priority:0, 14b40a93-8746-4852-b401-12fc62dc6a20|rpc:10.1.1.55:46737|priority:0], old=null, confs=<EMPTY_MAP>
2022-09-28 15:53:21,424 [pool-335-thread-1] INFO  server.RaftServerConfigKeys (ConfUtils.java:logGet(46)) - raft.server.storage.dir = [/home/runner/work/ozone/ozone/hadoop-ozone/integration-test/target/test-dir/MiniOzoneClusterImpl-39beaa01-56cc-488c-9c2d-94b49c5a5f0c/datanode-1/data/ratis] (custom)
2022-09-28 15:53:21,424 [pool-335-thread-1] INFO  server.RaftServerConfigKeys (ConfUtils.java:logGet(46)) - raft.server.log.corruption.policy = EXCEPTION (default)
2022-09-28 15:53:21,424 [pool-335-thread-1] INFO  server.RaftServerConfigKeys (ConfUtils.java:logGet(46)) - raft.server.storage.free-space.min = 0MB (=0) (default)
2022-09-28 15:53:21,424 [pool-335-thread-1] INFO  storage.RaftStorageDirectory (RaftStorageDirectoryImpl.java:analyzeStorage(135)) - The storage directory /home/runner/work/ozone/ozone/hadoop-ozone/integration-test/target/test-dir/MiniOzoneClusterImpl-39beaa01-56cc-488c-9c2d-94b49c5a5f0c/datanode-1/data/ratis/07ed2b0b-f6d5-4159-9c2b-5b2b81ff11f7 does not exist. Creating ...
2022-09-28 15:53:21,429 [Command processor thread] INFO  commandhandler.CreatePipelineCommandHandler (CreatePipelineCommandHandler.java:handle(113)) - Created Pipeline RATIS THREE PipelineID=e763fc18-da16-4c30-827b-2e56af20cbb2.
2022-09-28 15:53:21,429 [Command processor thread] INFO  server.RaftServer (RaftServerProxy.java:addNew(96)) - 0274ec44-c511-404a-9072-ead7ce024853: addNew group-5B2B81FF11F7:[b0c1961e-9fec-49a7-b763-eaf350b3d09d|rpc:10.1.1.55:37181|priority:1, 0274ec44-c511-404a-9072-ead7ce024853|rpc:10.1.1.55:37251|priority:0, 14b40a93-8746-4852-b401-12fc62dc6a20|rpc:10.1.1.55:46737|priority:0] returns group-5B2B81FF11F7:java.util.concurrent.CompletableFuture@170c8c14[Not completed]
2022-09-28 15:53:21,430 [pool-312-thread-1] INFO  server.RaftServer$Division (RaftServerImpl.java:<init>(190)) - 0274ec44-c511-404a-9072-ead7ce024853: new RaftServerImpl for group-5B2B81FF11F7:[b0c1961e-9fec-49a7-b763-eaf350b3d09d|rpc:10.1.1.55:37181|priority:1, 0274ec44-c511-404a-9072-ead7ce024853|rpc:10.1.1.55:37251|priority:0, 14b40a93-8746-4852-b401-12fc62dc6a20|rpc:10.1.1.55:46737|priority:0] with ContainerStateMachine:uninitialized
2022-09-28 15:53:21,430 [pool-312-thread-1] INFO  server.RaftServerConfigKeys (ConfUtils.java:logGet(46)) - raft.server.rpc.timeout.min = 5s (custom)
2022-09-28 15:53:21,430 [pool-312-thread-1] INFO  server.RaftServerConfigKeys (ConfUtils.java:logGet(46)) - raft.server.rpc.timeout.max = 5200ms (custom)
2022-09-28 15:53:21,430 [pool-312-thread-1] INFO  server.RaftServerConfigKeys (ConfUtils.java:logGet(46)) - raft.server.rpc.sleep.time = 25ms (default)
2022-09-28 15:53:21,430 [pool-312-thread-1] INFO  server.RaftServerConfigKeys (ConfUtils.java:logGet(46)) - raft.server.rpc.slowness.timeout = 300s (custom)
2022-09-28 15:53:21,430 [pool-312-thread-1] INFO  server.RaftServerConfigKeys (ConfUtils.java:logGet(46)) - raft.server.leaderelection.leader.step-down.wait-time = 10s (default)
2022-09-28 15:53:21,430 [pool-312-thread-1] INFO  server.RaftServerConfigKeys (ConfUtils.java:logGet(46)) - raft.server.sleep.deviation.threshold = 300ms (default)
2022-09-28 15:53:21,430 [pool-312-thread-1] INFO  server.RaftServer$Division (ServerState.java:<init>(107)) - 0274ec44-c511-404a-9072-ead7ce024853@group-5B2B81FF11F7: ConfigurationManager, init=-1: [b0c1961e-9fec-49a7-b763-eaf350b3d09d|rpc:10.1.1.55:37181|priority:1, 0274ec44-c511-404a-9072-ead7ce024853|rpc:10.1.1.55:37251|priority:0, 14b40a93-8746-4852-b401-12fc62dc6a20|rpc:10.1.1.55:46737|priority:0], old=null, confs=<EMPTY_MAP>
2022-09-28 15:53:21,430 [pool-312-thread-1] INFO  server.RaftServerConfigKeys (ConfUtils.java:logGet(46)) - raft.server.storage.dir = [/home/runner/work/ozone/ozone/hadoop-ozone/integration-test/target/test-dir/MiniOzoneClusterImpl-39beaa01-56cc-488c-9c2d-94b49c5a5f0c/datanode-0/data/ratis] (custom)
2022-09-28 15:53:21,430 [pool-312-thread-1] INFO  server.RaftServerConfigKeys (ConfUtils.java:logGet(46)) - raft.server.log.corruption.policy = EXCEPTION (default)
2022-09-28 15:53:21,430 [pool-312-thread-1] INFO  server.RaftServerConfigKeys (ConfUtils.java:logGet(46)) - raft.server.storage.free-space.min = 0MB (=0) (default)
2022-09-28 15:53:21,430 [pool-312-thread-1] INFO  storage.RaftStorageDirectory (RaftStorageDirectoryImpl.java:analyzeStorage(135)) - The storage directory /home/runner/work/ozone/ozone/hadoop-ozone/integration-test/target/test-dir/MiniOzoneClusterImpl-39beaa01-56cc-488c-9c2d-94b49c5a5f0c/datanode-0/data/ratis/07ed2b0b-f6d5-4159-9c2b-5b2b81ff11f7 does not exist. Creating ...
2022-09-28 15:53:21,431 [pool-312-thread-1] INFO  storage.RaftStorageDirectory (RaftStorageDirectoryImpl.java:tryLock(230)) - Lock on /home/runner/work/ozone/ozone/hadoop-ozone/integration-test/target/test-dir/MiniOzoneClusterImpl-39beaa01-56cc-488c-9c2d-94b49c5a5f0c/datanode-0/data/ratis/07ed2b0b-f6d5-4159-9c2b-5b2b81ff11f7/in_use.lock acquired by nodename 13127@fv-az203-824
2022-09-28 15:53:21,435 [pool-312-thread-1] INFO  storage.RaftStorage (RaftStorageImpl.java:format(89)) - Storage directory /home/runner/work/ozone/ozone/hadoop-ozone/integration-test/target/test-dir/MiniOzoneClusterImpl-39beaa01-56cc-488c-9c2d-94b49c5a5f0c/datanode-0/data/ratis/07ed2b0b-f6d5-4159-9c2b-5b2b81ff11f7 has been successfully formatted.
2022-09-28 15:53:21,436 [pool-312-thread-1] INFO  ratis.ContainerStateMachine (ContainerStateMachine.java:loadSnapshot(236)) - group-5B2B81FF11F7: The snapshot info is null. Setting the last applied indexto:(t:0, i:~)
2022-09-28 15:53:21,436 [pool-312-thread-1] INFO  server.RaftServerConfigKeys (ConfUtils.java:logGet(46)) - raft.server.notification.no-leader.timeout = 300s (custom)
2022-09-28 15:53:21,436 [pool-312-thread-1] INFO  server.RaftServerConfigKeys (ConfUtils.java:logGet(46)) - raft.server.log.use.memory = false (default)
2022-09-28 15:53:21,436 [pool-312-thread-1] INFO  server.RaftServerConfigKeys (ConfUtils.java:logGet(46)) - raft.server.log.purge.gap = 1000000 (custom)
2022-09-28 15:53:21,436 [pool-335-thread-1] INFO  storage.RaftStorageDirectory (RaftStorageDirectoryImpl.java:tryLock(230)) - Lock on /home/runner/work/ozone/ozone/hadoop-ozone/integration-test/target/test-dir/MiniOzoneClusterImpl-39beaa01-56cc-488c-9c2d-94b49c5a5f0c/datanode-1/data/ratis/07ed2b0b-f6d5-4159-9c2b-5b2b81ff11f7/in_use.lock acquired by nodename 13127@fv-az203-824
2022-09-28 15:53:21,436 [pool-312-thread-1] INFO  server.RaftServerConfigKeys (ConfUtils.java:logGet(46)) - raft.server.log.appender.buffer.byte-limit = 33554432 (custom)
2022-09-28 15:53:21,437 [pool-312-thread-1] INFO  server.RaftServerConfigKeys (ConfUtils.java:logGet(46)) - raft.server.log.statemachine.data.read.timeout = 1000ms (default)
2022-09-28 15:53:21,437 [pool-312-thread-1] INFO  server.RaftServerConfigKeys (ConfUtils.java:logGet(46)) - raft.server.log.segment.size.max = 1048576 (custom)
2022-09-28 15:53:21,437 [pool-312-thread-1] INFO  server.RaftServerConfigKeys (ConfUtils.java:logGet(46)) - raft.server.log.segment.cache.num.max = 2 (custom)
2022-09-28 15:53:21,437 [pool-312-thread-1] INFO  server.RaftServerConfigKeys (ConfUtils.java:logGet(46)) - raft.server.log.segment.cache.size.max = 200MB (=209715200) (default)
2022-09-28 15:53:21,437 [pool-312-thread-1] INFO  segmented.SegmentedRaftLogWorker (SegmentedRaftLogWorker.java:<init>(187)) - new 0274ec44-c511-404a-9072-ead7ce024853@group-5B2B81FF11F7-SegmentedRaftLogWorker for RaftStorageImpl:Storage Directory /home/runner/work/ozone/ozone/hadoop-ozone/integration-test/target/test-dir/MiniOzoneClusterImpl-39beaa01-56cc-488c-9c2d-94b49c5a5f0c/datanode-0/data/ratis/07ed2b0b-f6d5-4159-9c2b-5b2b81ff11f7
2022-09-28 15:53:21,437 [pool-312-thread-1] INFO  server.RaftServerConfigKeys (ConfUtils.java:logGet(46)) - raft.server.log.queue.byte-limit = 4294967296 (custom)
2022-09-28 15:53:21,437 [pool-312-thread-1] INFO  server.RaftServerConfigKeys (ConfUtils.java:logGet(46)) - raft.server.log.queue.element-limit = 1024 (custom)
2022-09-28 15:53:21,437 [pool-312-thread-1] INFO  server.RaftServerConfigKeys (ConfUtils.java:logGet(46)) - raft.server.log.segment.size.max = 1048576 (custom)
2022-09-28 15:53:21,437 [pool-312-thread-1] INFO  server.RaftServerConfigKeys (ConfUtils.java:logGet(46)) - raft.server.log.preallocated.size = 16384 (custom)
2022-09-28 15:53:21,437 [pool-312-thread-1] INFO  server.RaftServerConfigKeys (ConfUtils.java:logGet(46)) - raft.server.log.force.sync.num = 128 (default)
2022-09-28 15:53:21,437 [pool-312-thread-1] INFO  server.RaftServerConfigKeys (ConfUtils.java:logGet(46)) - raft.server.log.statemachine.data.sync = true (default)
2022-09-28 15:53:21,437 [pool-312-thread-1] INFO  server.RaftServerConfigKeys (ConfUtils.java:logGet(46)) - raft.server.log.statemachine.data.sync.timeout = 10s (default)
2022-09-28 15:53:21,437 [pool-312-thread-1] INFO  server.RaftServerConfigKeys (ConfUtils.java:logGet(46)) - raft.server.log.statemachine.data.sync.timeout.retry = -1 (default)
2022-09-28 15:53:21,438 [EventQueue-OpenPipelineForHealthyPipelineSafeModeRule] INFO  safemode.SCMSafeModeManager (HealthyPipelineSafeModeRule.java:process(137)) - SCM in safe mode. Healthy pipelines reported count is 0, required healthy pipeline reported count is 1
2022-09-28 15:53:21,438 [pool-335-thread-1] INFO  storage.RaftStorage (RaftStorageImpl.java:format(89)) - Storage directory /home/runner/work/ozone/ozone/hadoop-ozone/integration-test/target/test-dir/MiniOzoneClusterImpl-39beaa01-56cc-488c-9c2d-94b49c5a5f0c/datanode-1/data/ratis/07ed2b0b-f6d5-4159-9c2b-5b2b81ff11f7 has been successfully formatted.
2022-09-28 15:53:21,438 [pool-312-thread-1] INFO  server.RaftServerConfigKeys (ConfUtils.java:logGet(46)) - raft.server.log.write.buffer.size = 1048576 (custom)
2022-09-28 15:53:21,438 [pool-335-thread-1] INFO  ratis.ContainerStateMachine (ContainerStateMachine.java:loadSnapshot(236)) - group-5B2B81FF11F7: The snapshot info is null. Setting the last applied indexto:(t:0, i:~)
2022-09-28 15:53:21,439 [pool-335-thread-1] INFO  server.RaftServerConfigKeys (ConfUtils.java:logGet(46)) - raft.server.notification.no-leader.timeout = 300s (custom)
2022-09-28 15:53:21,439 [pool-335-thread-1] INFO  server.RaftServerConfigKeys (ConfUtils.java:logGet(46)) - raft.server.log.use.memory = false (default)
2022-09-28 15:53:21,439 [pool-335-thread-1] INFO  server.RaftServerConfigKeys (ConfUtils.java:logGet(46)) - raft.server.log.purge.gap = 1000000 (custom)
2022-09-28 15:53:21,439 [pool-335-thread-1] INFO  server.RaftServerConfigKeys (ConfUtils.java:logGet(46)) - raft.server.log.appender.buffer.byte-limit = 33554432 (custom)
2022-09-28 15:53:21,439 [pool-335-thread-1] INFO  server.RaftServerConfigKeys (ConfUtils.java:logGet(46)) - raft.server.log.statemachine.data.read.timeout = 1000ms (default)
2022-09-28 15:53:21,439 [pool-335-thread-1] INFO  server.RaftServerConfigKeys (ConfUtils.java:logGet(46)) - raft.server.log.segment.size.max = 1048576 (custom)
2022-09-28 15:53:21,439 [EventQueue-OpenPipelineForHealthyPipelineSafeModeRule] INFO  safemode.SCMSafeModeManager (HealthyPipelineSafeModeRule.java:process(137)) - SCM in safe mode. Healthy pipelines reported count is 0, required healthy pipeline reported count is 1
2022-09-28 15:53:21,439 [pool-335-thread-1] INFO  server.RaftServerConfigKeys (ConfUtils.java:logGet(46)) - raft.server.log.segment.cache.num.max = 2 (custom)
2022-09-28 15:53:21,439 [pool-335-thread-1] INFO  server.RaftServerConfigKeys (ConfUtils.java:logGet(46)) - raft.server.log.segment.cache.size.max = 200MB (=209715200) (default)
2022-09-28 15:53:21,439 [pool-335-thread-1] INFO  segmented.SegmentedRaftLogWorker (SegmentedRaftLogWorker.java:<init>(187)) - new 14b40a93-8746-4852-b401-12fc62dc6a20@group-5B2B81FF11F7-SegmentedRaftLogWorker for RaftStorageImpl:Storage Directory /home/runner/work/ozone/ozone/hadoop-ozone/integration-test/target/test-dir/MiniOzoneClusterImpl-39beaa01-56cc-488c-9c2d-94b49c5a5f0c/datanode-1/data/ratis/07ed2b0b-f6d5-4159-9c2b-5b2b81ff11f7
2022-09-28 15:53:21,439 [pool-335-thread-1] INFO  server.RaftServerConfigKeys (ConfUtils.java:logGet(46)) - raft.server.log.queue.byte-limit = 4294967296 (custom)
2022-09-28 15:53:21,439 [pool-335-thread-1] INFO  server.RaftServerConfigKeys (ConfUtils.java:logGet(46)) - raft.server.log.queue.element-limit = 1024 (custom)
2022-09-28 15:53:21,440 [pool-335-thread-1] INFO  server.RaftServerConfigKeys (ConfUtils.java:logGet(46)) - raft.server.log.segment.size.max = 1048576 (custom)
2022-09-28 15:53:21,440 [pool-335-thread-1] INFO  server.RaftServerConfigKeys (ConfUtils.java:logGet(46)) - raft.server.log.preallocated.size = 16384 (custom)
2022-09-28 15:53:21,440 [pool-335-thread-1] INFO  server.RaftServerConfigKeys (ConfUtils.java:logGet(46)) - raft.server.log.force.sync.num = 128 (default)
2022-09-28 15:53:21,440 [pool-335-thread-1] INFO  server.RaftServerConfigKeys (ConfUtils.java:logGet(46)) - raft.server.log.statemachine.data.sync = true (default)
2022-09-28 15:53:21,440 [pool-335-thread-1] INFO  server.RaftServerConfigKeys (ConfUtils.java:logGet(46)) - raft.server.log.statemachine.data.sync.timeout = 10s (default)
2022-09-28 15:53:21,440 [pool-335-thread-1] INFO  server.RaftServerConfigKeys (ConfUtils.java:logGet(46)) - raft.server.log.statemachine.data.sync.timeout.retry = -1 (default)
2022-09-28 15:53:21,440 [pool-312-thread-1] INFO  server.RaftServerConfigKeys (ConfUtils.java:logGet(46)) - raft.server.log.unsafe-flush.enabled = false (default)
2022-09-28 15:53:21,440 [pool-312-thread-1] INFO  server.RaftServerConfigKeys (ConfUtils.java:logGet(46)) - raft.server.log.statemachine.data.caching.enabled = true (custom)
2022-09-28 15:53:21,440 [pool-312-thread-1] INFO  segmented.SegmentedRaftLogWorker (SegmentedRaftLogWorker.java:lambda$new$0(135)) - 0274ec44-c511-404a-9072-ead7ce024853@group-5B2B81FF11F7-SegmentedRaftLogWorker: flushIndex: setUnconditionally 0 -> -1
2022-09-28 15:53:21,440 [pool-312-thread-1] INFO  segmented.SegmentedRaftLogWorker (SegmentedRaftLogWorker.java:lambda$new$0(135)) - 0274ec44-c511-404a-9072-ead7ce024853@group-5B2B81FF11F7-SegmentedRaftLogWorker: safeCacheEvictIndex: setUnconditionally 0 -> -1
2022-09-28 15:53:21,440 [pool-335-thread-1] INFO  server.RaftServerConfigKeys (ConfUtils.java:logGet(46)) - raft.server.log.write.buffer.size = 1048576 (custom)
2022-09-28 15:53:21,441 [pool-335-thread-1] INFO  server.RaftServerConfigKeys (ConfUtils.java:logGet(46)) - raft.server.log.unsafe-flush.enabled = false (default)
2022-09-28 15:53:21,441 [pool-335-thread-1] INFO  server.RaftServerConfigKeys (ConfUtils.java:logGet(46)) - raft.server.log.statemachine.data.caching.enabled = true (custom)
2022-09-28 15:53:21,443 [pool-335-thread-1] INFO  segmented.SegmentedRaftLogWorker (SegmentedRaftLogWorker.java:lambda$new$0(135)) - 14b40a93-8746-4852-b401-12fc62dc6a20@group-5B2B81FF11F7-SegmentedRaftLogWorker: flushIndex: setUnconditionally 0 -> -1
2022-09-28 15:53:21,443 [pool-335-thread-1] INFO  segmented.SegmentedRaftLogWorker (SegmentedRaftLogWorker.java:lambda$new$0(135)) - 14b40a93-8746-4852-b401-12fc62dc6a20@group-5B2B81FF11F7-SegmentedRaftLogWorker: safeCacheEvictIndex: setUnconditionally 0 -> -1
2022-09-28 15:53:21,443 [pool-312-thread-1] INFO  server.RaftServerConfigKeys (ConfUtils.java:logGet(46)) - raft.server.snapshot.auto.trigger.enabled = true (custom)
2022-09-28 15:53:21,443 [pool-312-thread-1] INFO  server.RaftServerConfigKeys (ConfUtils.java:logGet(46)) - raft.server.snapshot.auto.trigger.threshold = 10000 (custom)
2022-09-28 15:53:21,443 [pool-312-thread-1] INFO  server.RaftServerConfigKeys (ConfUtils.java:logGet(46)) - raft.server.snapshot.retention.file.num = 5 (custom)
2022-09-28 15:53:21,443 [pool-312-thread-1] INFO  server.RaftServerConfigKeys (ConfUtils.java:logGet(46)) - raft.server.log.purge.upto.snapshot.index = false (default)
2022-09-28 15:53:21,444 [pool-312-thread-1] INFO  server.RaftServerConfigKeys (ConfUtils.java:logGet(46)) - raft.server.retrycache.expirytime = 600000ms (custom)
2022-09-28 15:53:21,444 [pool-312-thread-1] INFO  server.RaftServerConfigKeys (ConfUtils.java:logGet(46)) - raft.server.retrycache.statistics.expirytime = 100μs (default)
2022-09-28 15:53:21,445 [pool-312-thread-1] INFO  server.RaftServerConfigKeys (ConfUtils.java:logGet(46)) - raft.server.log.appender.install.snapshot.enabled = false (custom)
2022-09-28 15:53:21,445 [pool-312-thread-1] INFO  server.RaftServerConfigKeys (ConfUtils.java:logGet(46)) - raft.server.threadpool.server.cached = true (default)
2022-09-28 15:53:21,445 [pool-312-thread-1] INFO  server.RaftServerConfigKeys (ConfUtils.java:logGet(46)) - raft.server.threadpool.server.size = 0 (default)
2022-09-28 15:53:21,445 [pool-312-thread-1] INFO  server.RaftServerConfigKeys (ConfUtils.java:logGet(46)) - raft.server.threadpool.client.cached = true (default)
2022-09-28 15:53:21,445 [pool-312-thread-1] INFO  server.RaftServerConfigKeys (ConfUtils.java:logGet(46)) - raft.server.threadpool.client.size = 0 (default)
2022-09-28 15:53:21,445 [pool-312-thread-1] INFO  server.RaftServer$Division (RaftServerImpl.java:start(310)) - 0274ec44-c511-404a-9072-ead7ce024853@group-5B2B81FF11F7: start as a follower, conf=-1: [b0c1961e-9fec-49a7-b763-eaf350b3d09d|rpc:10.1.1.55:37181|priority:1, 0274ec44-c511-404a-9072-ead7ce024853|rpc:10.1.1.55:37251|priority:0, 14b40a93-8746-4852-b401-12fc62dc6a20|rpc:10.1.1.55:46737|priority:0], old=null
2022-09-28 15:53:21,445 [pool-312-thread-1] INFO  server.RaftServer$Division (RaftServerImpl.java:setRole(299)) - 0274ec44-c511-404a-9072-ead7ce024853@group-5B2B81FF11F7: changes role from      null to FOLLOWER at term 0 for startAsFollower
2022-09-28 15:53:21,445 [pool-312-thread-1] INFO  impl.RoleInfo (RoleInfo.java:updateAndGet(139)) - 0274ec44-c511-404a-9072-ead7ce024853: start 0274ec44-c511-404a-9072-ead7ce024853@group-5B2B81FF11F7-FollowerState
2022-09-28 15:53:21,445 [pool-312-thread-1] INFO  util.JmxRegister (JmxRegister.java:tryRegister(44)) - Successfully registered JMX Bean with object name Ratis:service=RaftServer,group=group-5B2B81FF11F7,id=0274ec44-c511-404a-9072-ead7ce024853
2022-09-28 15:53:21,451 [Command processor thread] INFO  ratis.XceiverServerRatis (XceiverServerRatis.java:addGroup(765)) - Created group PipelineID=07ed2b0b-f6d5-4159-9c2b-5b2b81ff11f7
2022-09-28 15:53:21,460 [pool-335-thread-1] INFO  server.RaftServerConfigKeys (ConfUtils.java:logGet(46)) - raft.server.snapshot.auto.trigger.enabled = true (custom)
2022-09-28 15:53:21,460 [pool-335-thread-1] INFO  server.RaftServerConfigKeys (ConfUtils.java:logGet(46)) - raft.server.snapshot.auto.trigger.threshold = 10000 (custom)
2022-09-28 15:53:21,460 [pool-335-thread-1] INFO  server.RaftServerConfigKeys (ConfUtils.java:logGet(46)) - raft.server.snapshot.retention.file.num = 5 (custom)
2022-09-28 15:53:21,460 [pool-335-thread-1] INFO  server.RaftServerConfigKeys (ConfUtils.java:logGet(46)) - raft.server.log.purge.upto.snapshot.index = false (default)
2022-09-28 15:53:21,460 [pool-335-thread-1] INFO  server.RaftServerConfigKeys (ConfUtils.java:logGet(46)) - raft.server.retrycache.expirytime = 600000ms (custom)
2022-09-28 15:53:21,460 [pool-335-thread-1] INFO  server.RaftServerConfigKeys (ConfUtils.java:logGet(46)) - raft.server.retrycache.statistics.expirytime = 100μs (default)
2022-09-28 15:53:21,461 [pool-335-thread-1] INFO  server.RaftServerConfigKeys (ConfUtils.java:logGet(46)) - raft.server.log.appender.install.snapshot.enabled = false (custom)
2022-09-28 15:53:21,461 [pool-335-thread-1] INFO  server.RaftServerConfigKeys (ConfUtils.java:logGet(46)) - raft.server.threadpool.server.cached = true (default)
2022-09-28 15:53:21,462 [pool-335-thread-1] INFO  server.RaftServerConfigKeys (ConfUtils.java:logGet(46)) - raft.server.threadpool.server.size = 0 (default)
2022-09-28 15:53:21,462 [pool-335-thread-1] INFO  server.RaftServerConfigKeys (ConfUtils.java:logGet(46)) - raft.server.threadpool.client.cached = true (default)
2022-09-28 15:53:21,462 [pool-335-thread-1] INFO  server.RaftServerConfigKeys (ConfUtils.java:logGet(46)) - raft.server.threadpool.client.size = 0 (default)
2022-09-28 15:53:21,462 [pool-335-thread-1] INFO  server.RaftServer$Division (RaftServerImpl.java:start(310)) - 14b40a93-8746-4852-b401-12fc62dc6a20@group-5B2B81FF11F7: start as a follower, conf=-1: [b0c1961e-9fec-49a7-b763-eaf350b3d09d|rpc:10.1.1.55:37181|priority:1, 0274ec44-c511-404a-9072-ead7ce024853|rpc:10.1.1.55:37251|priority:0, 14b40a93-8746-4852-b401-12fc62dc6a20|rpc:10.1.1.55:46737|priority:0], old=null
2022-09-28 15:53:21,462 [pool-335-thread-1] INFO  server.RaftServer$Division (RaftServerImpl.java:setRole(299)) - 14b40a93-8746-4852-b401-12fc62dc6a20@group-5B2B81FF11F7: changes role from      null to FOLLOWER at term 0 for startAsFollower
2022-09-28 15:53:21,462 [pool-335-thread-1] INFO  impl.RoleInfo (RoleInfo.java:updateAndGet(139)) - 14b40a93-8746-4852-b401-12fc62dc6a20: start 14b40a93-8746-4852-b401-12fc62dc6a20@group-5B2B81FF11F7-FollowerState
2022-09-28 15:53:21,491 [pool-335-thread-1] INFO  util.JmxRegister (JmxRegister.java:tryRegister(44)) - Successfully registered JMX Bean with object name Ratis:service=RaftServer,group=group-5B2B81FF11F7,id=14b40a93-8746-4852-b401-12fc62dc6a20
2022-09-28 15:53:21,503 [Command processor thread] INFO  ratis.XceiverServerRatis (XceiverServerRatis.java:addGroup(765)) - Created group PipelineID=07ed2b0b-f6d5-4159-9c2b-5b2b81ff11f7
2022-09-28 15:53:21,516 [Listener at 127.0.0.1/42319] INFO  ozone.MiniOzoneClusterImpl (MiniOzoneClusterImpl.java:lambda$waitForClusterToBeReady$0(216)) - Nodes are ready. Got 5 of 5 DN Heartbeats.
2022-09-28 15:53:21,516 [Listener at 127.0.0.1/42319] INFO  ozone.MiniOzoneClusterImpl (MiniOzoneClusterImpl.java:lambda$waitForClusterToBeReady$0(219)) - Waiting for cluster to exit safe mode
2022-09-28 15:53:21,516 [Listener at 127.0.0.1/42319] INFO  ozone.MiniOzoneClusterImpl (MiniOzoneClusterImpl.java:lambda$waitForClusterToBeReady$0(221)) - SCM became leader
2022-09-28 15:53:21,579 [grpc-default-executor-1] INFO  server.RaftServer (RaftServerProxy.java:addNew(96)) - b0c1961e-9fec-49a7-b763-eaf350b3d09d: addNew group-5B2B81FF11F7:[b0c1961e-9fec-49a7-b763-eaf350b3d09d|rpc:10.1.1.55:37181|dataStream:|priority:1, 0274ec44-c511-404a-9072-ead7ce024853|rpc:10.1.1.55:37251|dataStream:|priority:0, 14b40a93-8746-4852-b401-12fc62dc6a20|rpc:10.1.1.55:46737|dataStream:|priority:0] returns group-5B2B81FF11F7:java.util.concurrent.CompletableFuture@401b0438[Not completed]
2022-09-28 15:53:21,581 [pool-358-thread-1] INFO  server.RaftServer$Division (RaftServerImpl.java:<init>(190)) - b0c1961e-9fec-49a7-b763-eaf350b3d09d: new RaftServerImpl for group-5B2B81FF11F7:[b0c1961e-9fec-49a7-b763-eaf350b3d09d|rpc:10.1.1.55:37181|dataStream:|priority:1, 0274ec44-c511-404a-9072-ead7ce024853|rpc:10.1.1.55:37251|dataStream:|priority:0, 14b40a93-8746-4852-b401-12fc62dc6a20|rpc:10.1.1.55:46737|dataStream:|priority:0] with ContainerStateMachine:uninitialized
2022-09-28 15:53:21,581 [pool-358-thread-1] INFO  server.RaftServerConfigKeys (ConfUtils.java:logGet(46)) - raft.server.rpc.timeout.min = 5s (custom)
2022-09-28 15:53:21,581 [pool-358-thread-1] INFO  server.RaftServerConfigKeys (ConfUtils.java:logGet(46)) - raft.server.rpc.timeout.max = 5200ms (custom)
2022-09-28 15:53:21,581 [pool-358-thread-1] INFO  server.RaftServerConfigKeys (ConfUtils.java:logGet(46)) - raft.server.rpc.sleep.time = 25ms (default)
2022-09-28 15:53:21,581 [pool-358-thread-1] INFO  server.RaftServerConfigKeys (ConfUtils.java:logGet(46)) - raft.server.rpc.slowness.timeout = 300s (custom)
2022-09-28 15:53:21,581 [pool-358-thread-1] INFO  server.RaftServerConfigKeys (ConfUtils.java:logGet(46)) - raft.server.leaderelection.leader.step-down.wait-time = 10s (default)
2022-09-28 15:53:21,581 [pool-358-thread-1] INFO  server.RaftServerConfigKeys (ConfUtils.java:logGet(46)) - raft.server.sleep.deviation.threshold = 300ms (default)
2022-09-28 15:53:21,581 [pool-358-thread-1] INFO  server.RaftServer$Division (ServerState.java:<init>(107)) - b0c1961e-9fec-49a7-b763-eaf350b3d09d@group-5B2B81FF11F7: ConfigurationManager, init=-1: [b0c1961e-9fec-49a7-b763-eaf350b3d09d|rpc:10.1.1.55:37181|dataStream:|priority:1, 0274ec44-c511-404a-9072-ead7ce024853|rpc:10.1.1.55:37251|dataStream:|priority:0, 14b40a93-8746-4852-b401-12fc62dc6a20|rpc:10.1.1.55:46737|dataStream:|priority:0], old=null, confs=<EMPTY_MAP>
2022-09-28 15:53:21,581 [pool-358-thread-1] INFO  server.RaftServerConfigKeys (ConfUtils.java:logGet(46)) - raft.server.storage.dir = [/home/runner/work/ozone/ozone/hadoop-ozone/integration-test/target/test-dir/MiniOzoneClusterImpl-39beaa01-56cc-488c-9c2d-94b49c5a5f0c/datanode-2/data/ratis] (custom)
2022-09-28 15:53:21,581 [pool-358-thread-1] INFO  server.RaftServerConfigKeys (ConfUtils.java:logGet(46)) - raft.server.log.corruption.policy = EXCEPTION (default)
2022-09-28 15:53:21,582 [pool-358-thread-1] INFO  server.RaftServerConfigKeys (ConfUtils.java:logGet(46)) - raft.server.storage.free-space.min = 0MB (=0) (default)
2022-09-28 15:53:21,582 [pool-358-thread-1] INFO  storage.RaftStorageDirectory (RaftStorageDirectoryImpl.java:analyzeStorage(135)) - The storage directory /home/runner/work/ozone/ozone/hadoop-ozone/integration-test/target/test-dir/MiniOzoneClusterImpl-39beaa01-56cc-488c-9c2d-94b49c5a5f0c/datanode-2/data/ratis/07ed2b0b-f6d5-4159-9c2b-5b2b81ff11f7 does not exist. Creating ...
2022-09-28 15:53:21,583 [pool-358-thread-1] INFO  storage.RaftStorageDirectory (RaftStorageDirectoryImpl.java:tryLock(230)) - Lock on /home/runner/work/ozone/ozone/hadoop-ozone/integration-test/target/test-dir/MiniOzoneClusterImpl-39beaa01-56cc-488c-9c2d-94b49c5a5f0c/datanode-2/data/ratis/07ed2b0b-f6d5-4159-9c2b-5b2b81ff11f7/in_use.lock acquired by nodename 13127@fv-az203-824
2022-09-28 15:53:21,587 [pool-358-thread-1] INFO  storage.RaftStorage (RaftStorageImpl.java:format(89)) - Storage directory /home/runner/work/ozone/ozone/hadoop-ozone/integration-test/target/test-dir/MiniOzoneClusterImpl-39beaa01-56cc-488c-9c2d-94b49c5a5f0c/datanode-2/data/ratis/07ed2b0b-f6d5-4159-9c2b-5b2b81ff11f7 has been successfully formatted.
2022-09-28 15:53:21,587 [pool-358-thread-1] INFO  ratis.ContainerStateMachine (ContainerStateMachine.java:loadSnapshot(236)) - group-5B2B81FF11F7: The snapshot info is null. Setting the last applied indexto:(t:0, i:~)
2022-09-28 15:53:21,587 [pool-358-thread-1] INFO  server.RaftServerConfigKeys (ConfUtils.java:logGet(46)) - raft.server.notification.no-leader.timeout = 300s (custom)
2022-09-28 15:53:21,587 [pool-358-thread-1] INFO  server.RaftServerConfigKeys (ConfUtils.java:logGet(46)) - raft.server.log.use.memory = false (default)
2022-09-28 15:53:21,588 [pool-358-thread-1] INFO  server.RaftServerConfigKeys (ConfUtils.java:logGet(46)) - raft.server.log.purge.gap = 1000000 (custom)
2022-09-28 15:53:21,588 [pool-358-thread-1] INFO  server.RaftServerConfigKeys (ConfUtils.java:logGet(46)) - raft.server.log.appender.buffer.byte-limit = 33554432 (custom)
2022-09-28 15:53:21,588 [pool-358-thread-1] INFO  server.RaftServerConfigKeys (ConfUtils.java:logGet(46)) - raft.server.log.statemachine.data.read.timeout = 1000ms (default)
2022-09-28 15:53:21,588 [pool-358-thread-1] INFO  server.RaftServerConfigKeys (ConfUtils.java:logGet(46)) - raft.server.log.segment.size.max = 1048576 (custom)
2022-09-28 15:53:21,588 [pool-358-thread-1] INFO  server.RaftServerConfigKeys (ConfUtils.java:logGet(46)) - raft.server.log.segment.cache.num.max = 2 (custom)
2022-09-28 15:53:21,588 [pool-358-thread-1] INFO  server.RaftServerConfigKeys (ConfUtils.java:logGet(46)) - raft.server.log.segment.cache.size.max = 200MB (=209715200) (default)
2022-09-28 15:53:21,588 [pool-358-thread-1] INFO  segmented.SegmentedRaftLogWorker (SegmentedRaftLogWorker.java:<init>(187)) - new b0c1961e-9fec-49a7-b763-eaf350b3d09d@group-5B2B81FF11F7-SegmentedRaftLogWorker for RaftStorageImpl:Storage Directory /home/runner/work/ozone/ozone/hadoop-ozone/integration-test/target/test-dir/MiniOzoneClusterImpl-39beaa01-56cc-488c-9c2d-94b49c5a5f0c/datanode-2/data/ratis/07ed2b0b-f6d5-4159-9c2b-5b2b81ff11f7
2022-09-28 15:53:21,588 [pool-358-thread-1] INFO  server.RaftServerConfigKeys (ConfUtils.java:logGet(46)) - raft.server.log.queue.byte-limit = 4294967296 (custom)
2022-09-28 15:53:21,588 [pool-358-thread-1] INFO  server.RaftServerConfigKeys (ConfUtils.java:logGet(46)) - raft.server.log.queue.element-limit = 1024 (custom)
2022-09-28 15:53:21,588 [pool-358-thread-1] INFO  server.RaftServerConfigKeys (ConfUtils.java:logGet(46)) - raft.server.log.segment.size.max = 1048576 (custom)
2022-09-28 15:53:21,589 [pool-358-thread-1] INFO  server.RaftServerConfigKeys (ConfUtils.java:logGet(46)) - raft.server.log.preallocated.size = 16384 (custom)
2022-09-28 15:53:21,589 [pool-358-thread-1] INFO  server.RaftServerConfigKeys (ConfUtils.java:logGet(46)) - raft.server.log.force.sync.num = 128 (default)
2022-09-28 15:53:21,589 [pool-358-thread-1] INFO  server.RaftServerConfigKeys (ConfUtils.java:logGet(46)) - raft.server.log.statemachine.data.sync = true (default)
2022-09-28 15:53:21,589 [pool-358-thread-1] INFO  server.RaftServerConfigKeys (ConfUtils.java:logGet(46)) - raft.server.log.statemachine.data.sync.timeout = 10s (default)
2022-09-28 15:53:21,589 [pool-358-thread-1] INFO  server.RaftServerConfigKeys (ConfUtils.java:logGet(46)) - raft.server.log.statemachine.data.sync.timeout.retry = -1 (default)
2022-09-28 15:53:21,589 [pool-358-thread-1] INFO  server.RaftServerConfigKeys (ConfUtils.java:logGet(46)) - raft.server.log.write.buffer.size = 1048576 (custom)
2022-09-28 15:53:21,590 [pool-358-thread-1] INFO  server.RaftServerConfigKeys (ConfUtils.java:logGet(46)) - raft.server.log.unsafe-flush.enabled = false (default)
2022-09-28 15:53:21,590 [pool-358-thread-1] INFO  server.RaftServerConfigKeys (ConfUtils.java:logGet(46)) - raft.server.log.statemachine.data.caching.enabled = true (custom)
2022-09-28 15:53:21,590 [pool-358-thread-1] INFO  segmented.SegmentedRaftLogWorker (SegmentedRaftLogWorker.java:lambda$new$0(135)) - b0c1961e-9fec-49a7-b763-eaf350b3d09d@group-5B2B81FF11F7-SegmentedRaftLogWorker: flushIndex: setUnconditionally 0 -> -1
2022-09-28 15:53:21,590 [pool-358-thread-1] INFO  segmented.SegmentedRaftLogWorker (SegmentedRaftLogWorker.java:lambda$new$0(135)) - b0c1961e-9fec-49a7-b763-eaf350b3d09d@group-5B2B81FF11F7-SegmentedRaftLogWorker: safeCacheEvictIndex: setUnconditionally 0 -> -1
2022-09-28 15:53:21,595 [pool-358-thread-1] INFO  server.RaftServerConfigKeys (ConfUtils.java:logGet(46)) - raft.server.snapshot.auto.trigger.enabled = true (custom)
2022-09-28 15:53:21,595 [pool-358-thread-1] INFO  server.RaftServerConfigKeys (ConfUtils.java:logGet(46)) - raft.server.snapshot.auto.trigger.threshold = 10000 (custom)
2022-09-28 15:53:21,595 [pool-358-thread-1] INFO  server.RaftServerConfigKeys (ConfUtils.java:logGet(46)) - raft.server.snapshot.retention.file.num = 5 (custom)
2022-09-28 15:53:21,595 [pool-358-thread-1] INFO  server.RaftServerConfigKeys (ConfUtils.java:logGet(46)) - raft.server.log.purge.upto.snapshot.index = false (default)
2022-09-28 15:53:21,595 [pool-358-thread-1] INFO  server.RaftServerConfigKeys (ConfUtils.java:logGet(46)) - raft.server.retrycache.expirytime = 600000ms (custom)
2022-09-28 15:53:21,595 [pool-358-thread-1] INFO  server.RaftServerConfigKeys (ConfUtils.java:logGet(46)) - raft.server.retrycache.statistics.expirytime = 100μs (default)
2022-09-28 15:53:21,596 [pool-358-thread-1] INFO  server.RaftServerConfigKeys (ConfUtils.java:logGet(46)) - raft.server.log.appender.install.snapshot.enabled = false (custom)
2022-09-28 15:53:21,596 [pool-358-thread-1] INFO  server.RaftServerConfigKeys (ConfUtils.java:logGet(46)) - raft.server.threadpool.server.cached = true (default)
2022-09-28 15:53:21,596 [pool-358-thread-1] INFO  server.RaftServerConfigKeys (ConfUtils.java:logGet(46)) - raft.server.threadpool.server.size = 0 (default)
2022-09-28 15:53:21,596 [pool-358-thread-1] INFO  server.RaftServerConfigKeys (ConfUtils.java:logGet(46)) - raft.server.threadpool.client.cached = true (default)
2022-09-28 15:53:21,596 [pool-358-thread-1] INFO  server.RaftServerConfigKeys (ConfUtils.java:logGet(46)) - raft.server.threadpool.client.size = 0 (default)
2022-09-28 15:53:21,596 [pool-358-thread-1] INFO  server.RaftServer$Division (RaftServerImpl.java:start(310)) - b0c1961e-9fec-49a7-b763-eaf350b3d09d@group-5B2B81FF11F7: start as a follower, conf=-1: [b0c1961e-9fec-49a7-b763-eaf350b3d09d|rpc:10.1.1.55:37181|dataStream:|priority:1, 0274ec44-c511-404a-9072-ead7ce024853|rpc:10.1.1.55:37251|dataStream:|priority:0, 14b40a93-8746-4852-b401-12fc62dc6a20|rpc:10.1.1.55:46737|dataStream:|priority:0], old=null
2022-09-28 15:53:21,596 [pool-358-thread-1] INFO  server.RaftServer$Division (RaftServerImpl.java:setRole(299)) - b0c1961e-9fec-49a7-b763-eaf350b3d09d@group-5B2B81FF11F7: changes role from      null to FOLLOWER at term 0 for startAsFollower
2022-09-28 15:53:21,596 [pool-358-thread-1] INFO  impl.RoleInfo (RoleInfo.java:updateAndGet(139)) - b0c1961e-9fec-49a7-b763-eaf350b3d09d: start b0c1961e-9fec-49a7-b763-eaf350b3d09d@group-5B2B81FF11F7-FollowerState
2022-09-28 15:53:21,603 [pool-358-thread-1] INFO  util.JmxRegister (JmxRegister.java:tryRegister(44)) - Successfully registered JMX Bean with object name Ratis:service=RaftServer,group=group-5B2B81FF11F7,id=b0c1961e-9fec-49a7-b763-eaf350b3d09d
2022-09-28 15:53:21,726 [Command processor thread] INFO  commandhandler.CreatePipelineCommandHandler (CreatePipelineCommandHandler.java:handle(113)) - Created Pipeline RATIS THREE PipelineID=07ed2b0b-f6d5-4159-9c2b-5b2b81ff11f7.
2022-09-28 15:53:21,775 [Command processor thread] INFO  commandhandler.CreatePipelineCommandHandler (CreatePipelineCommandHandler.java:handle(113)) - Created Pipeline RATIS THREE PipelineID=07ed2b0b-f6d5-4159-9c2b-5b2b81ff11f7.
2022-09-28 15:53:22,014 [Command processor thread] INFO  server.RaftServer (RaftServerProxy.java:addNew(96)) - b0c1961e-9fec-49a7-b763-eaf350b3d09d: addNew group-18D7AB4E6518:[b0c1961e-9fec-49a7-b763-eaf350b3d09d|rpc:10.1.1.55:37181|priority:1] returns group-18D7AB4E6518:java.util.concurrent.CompletableFuture@1499178f[Not completed]
2022-09-28 15:53:22,016 [pool-358-thread-1] INFO  server.RaftServer$Division (RaftServerImpl.java:<init>(190)) - b0c1961e-9fec-49a7-b763-eaf350b3d09d: new RaftServerImpl for group-18D7AB4E6518:[b0c1961e-9fec-49a7-b763-eaf350b3d09d|rpc:10.1.1.55:37181|priority:1] with ContainerStateMachine:uninitialized
2022-09-28 15:53:22,016 [pool-358-thread-1] INFO  server.RaftServerConfigKeys (ConfUtils.java:logGet(46)) - raft.server.rpc.timeout.min = 5s (custom)
2022-09-28 15:53:22,016 [pool-358-thread-1] INFO  server.RaftServerConfigKeys (ConfUtils.java:logGet(46)) - raft.server.rpc.timeout.max = 5200ms (custom)
2022-09-28 15:53:22,016 [pool-358-thread-1] INFO  server.RaftServerConfigKeys (ConfUtils.java:logGet(46)) - raft.server.rpc.sleep.time = 25ms (default)
2022-09-28 15:53:22,016 [pool-358-thread-1] INFO  server.RaftServerConfigKeys (ConfUtils.java:logGet(46)) - raft.server.rpc.slowness.timeout = 300s (custom)
2022-09-28 15:53:22,016 [pool-358-thread-1] INFO  server.RaftServerConfigKeys (ConfUtils.java:logGet(46)) - raft.server.leaderelection.leader.step-down.wait-time = 10s (default)
2022-09-28 15:53:22,016 [pool-358-thread-1] INFO  server.RaftServerConfigKeys (ConfUtils.java:logGet(46)) - raft.server.sleep.deviation.threshold = 300ms (default)
2022-09-28 15:53:22,016 [pool-358-thread-1] INFO  server.RaftServer$Division (ServerState.java:<init>(107)) - b0c1961e-9fec-49a7-b763-eaf350b3d09d@group-18D7AB4E6518: ConfigurationManager, init=-1: [b0c1961e-9fec-49a7-b763-eaf350b3d09d|rpc:10.1.1.55:37181|priority:1], old=null, confs=<EMPTY_MAP>
2022-09-28 15:53:22,016 [pool-358-thread-1] INFO  server.RaftServerConfigKeys (ConfUtils.java:logGet(46)) - raft.server.storage.dir = [/home/runner/work/ozone/ozone/hadoop-ozone/integration-test/target/test-dir/MiniOzoneClusterImpl-39beaa01-56cc-488c-9c2d-94b49c5a5f0c/datanode-2/data/ratis] (custom)
2022-09-28 15:53:22,016 [pool-358-thread-1] INFO  server.RaftServerConfigKeys (ConfUtils.java:logGet(46)) - raft.server.log.corruption.policy = EXCEPTION (default)
2022-09-28 15:53:22,016 [pool-358-thread-1] INFO  server.RaftServerConfigKeys (ConfUtils.java:logGet(46)) - raft.server.storage.free-space.min = 0MB (=0) (default)
2022-09-28 15:53:22,016 [pool-358-thread-1] INFO  storage.RaftStorageDirectory (RaftStorageDirectoryImpl.java:analyzeStorage(135)) - The storage directory /home/runner/work/ozone/ozone/hadoop-ozone/integration-test/target/test-dir/MiniOzoneClusterImpl-39beaa01-56cc-488c-9c2d-94b49c5a5f0c/datanode-2/data/ratis/a11287a4-4580-454d-8214-18d7ab4e6518 does not exist. Creating ...
2022-09-28 15:53:22,018 [pool-358-thread-1] INFO  storage.RaftStorageDirectory (RaftStorageDirectoryImpl.java:tryLock(230)) - Lock on /home/runner/work/ozone/ozone/hadoop-ozone/integration-test/target/test-dir/MiniOzoneClusterImpl-39beaa01-56cc-488c-9c2d-94b49c5a5f0c/datanode-2/data/ratis/a11287a4-4580-454d-8214-18d7ab4e6518/in_use.lock acquired by nodename 13127@fv-az203-824
2022-09-28 15:53:22,019 [pool-358-thread-1] INFO  storage.RaftStorage (RaftStorageImpl.java:format(89)) - Storage directory /home/runner/work/ozone/ozone/hadoop-ozone/integration-test/target/test-dir/MiniOzoneClusterImpl-39beaa01-56cc-488c-9c2d-94b49c5a5f0c/datanode-2/data/ratis/a11287a4-4580-454d-8214-18d7ab4e6518 has been successfully formatted.
2022-09-28 15:53:22,019 [pool-358-thread-1] INFO  ratis.ContainerStateMachine (ContainerStateMachine.java:loadSnapshot(236)) - group-18D7AB4E6518: The snapshot info is null. Setting the last applied indexto:(t:0, i:~)
2022-09-28 15:53:22,019 [pool-358-thread-1] INFO  server.RaftServerConfigKeys (ConfUtils.java:logGet(46)) - raft.server.notification.no-leader.timeout = 300s (custom)
2022-09-28 15:53:22,019 [pool-358-thread-1] INFO  server.RaftServerConfigKeys (ConfUtils.java:logGet(46)) - raft.server.log.use.memory = false (default)
2022-09-28 15:53:22,020 [pool-358-thread-1] INFO  server.RaftServerConfigKeys (ConfUtils.java:logGet(46)) - raft.server.log.purge.gap = 1000000 (custom)
2022-09-28 15:53:22,020 [pool-358-thread-1] INFO  server.RaftServerConfigKeys (ConfUtils.java:logGet(46)) - raft.server.log.appender.buffer.byte-limit = 33554432 (custom)
2022-09-28 15:53:22,020 [EventQueue-PipelineReportForPipelineReportHandler] INFO  pipeline.PipelineManagerImpl (PipelineManagerImpl.java:openPipeline(367)) - Pipeline Pipeline[ Id: a11287a4-4580-454d-8214-18d7ab4e6518, Nodes: b0c1961e-9fec-49a7-b763-eaf350b3d09d{ip: 10.1.1.55, host: fv-az203-824.ild0l4k5vsluppoevu2oqvhmda.cx.internal.cloudapp.net, ports: [REPLICATION=41311, RATIS=37181, RATIS_ADMIN=37181, RATIS_SERVER=37181, STANDALONE=42863], networkLocation: /default-rack, certSerialId: null, persistedOpState: IN_SERVICE, persistedOpStateExpiryEpochSec: 0}, ReplicationConfig: RATIS/ONE, State:ALLOCATED, leaderId:b0c1961e-9fec-49a7-b763-eaf350b3d09d, CreationTimestamp2022-09-28T15:53:19.016Z[Etc/UTC]] moved to OPEN state
2022-09-28 15:53:22,021 [EventQueue-OpenPipelineForHealthyPipelineSafeModeRule] INFO  safemode.SCMSafeModeManager (HealthyPipelineSafeModeRule.java:process(137)) - SCM in safe mode. Healthy pipelines reported count is 0, required healthy pipeline reported count is 1
2022-09-28 15:53:22,021 [pool-358-thread-1] INFO  server.RaftServerConfigKeys (ConfUtils.java:logGet(46)) - raft.server.log.statemachine.data.read.timeout = 1000ms (default)
2022-09-28 15:53:22,026 [pool-358-thread-1] INFO  server.RaftServerConfigKeys (ConfUtils.java:logGet(46)) - raft.server.log.segment.size.max = 1048576 (custom)
2022-09-28 15:53:22,026 [pool-358-thread-1] INFO  server.RaftServerConfigKeys (ConfUtils.java:logGet(46)) - raft.server.log.segment.cache.num.max = 2 (custom)
2022-09-28 15:53:22,026 [pool-358-thread-1] INFO  server.RaftServerConfigKeys (ConfUtils.java:logGet(46)) - raft.server.log.segment.cache.size.max = 200MB (=209715200) (default)
2022-09-28 15:53:22,026 [pool-358-thread-1] INFO  segmented.SegmentedRaftLogWorker (SegmentedRaftLogWorker.java:<init>(187)) - new b0c1961e-9fec-49a7-b763-eaf350b3d09d@group-18D7AB4E6518-SegmentedRaftLogWorker for RaftStorageImpl:Storage Directory /home/runner/work/ozone/ozone/hadoop-ozone/integration-test/target/test-dir/MiniOzoneClusterImpl-39beaa01-56cc-488c-9c2d-94b49c5a5f0c/datanode-2/data/ratis/a11287a4-4580-454d-8214-18d7ab4e6518
2022-09-28 15:53:22,026 [pool-358-thread-1] INFO  server.RaftServerConfigKeys (ConfUtils.java:logGet(46)) - raft.server.log.queue.byte-limit = 4294967296 (custom)
2022-09-28 15:53:22,026 [pool-358-thread-1] INFO  server.RaftServerConfigKeys (ConfUtils.java:logGet(46)) - raft.server.log.queue.element-limit = 1024 (custom)
2022-09-28 15:53:22,027 [pool-358-thread-1] INFO  server.RaftServerConfigKeys (ConfUtils.java:logGet(46)) - raft.server.log.segment.size.max = 1048576 (custom)
2022-09-28 15:53:22,027 [pool-358-thread-1] INFO  server.RaftServerConfigKeys (ConfUtils.java:logGet(46)) - raft.server.log.preallocated.size = 16384 (custom)
2022-09-28 15:53:22,027 [pool-358-thread-1] INFO  server.RaftServerConfigKeys (ConfUtils.java:logGet(46)) - raft.server.log.force.sync.num = 128 (default)
2022-09-28 15:53:22,027 [pool-358-thread-1] INFO  server.RaftServerConfigKeys (ConfUtils.java:logGet(46)) - raft.server.log.statemachine.data.sync = true (default)
2022-09-28 15:53:22,027 [pool-358-thread-1] INFO  server.RaftServerConfigKeys (ConfUtils.java:logGet(46)) - raft.server.log.statemachine.data.sync.timeout = 10s (default)
2022-09-28 15:53:22,027 [pool-358-thread-1] INFO  server.RaftServerConfigKeys (ConfUtils.java:logGet(46)) - raft.server.log.statemachine.data.sync.timeout.retry = -1 (default)
2022-09-28 15:53:22,031 [pool-358-thread-1] INFO  server.RaftServerConfigKeys (ConfUtils.java:logGet(46)) - raft.server.log.write.buffer.size = 1048576 (custom)
2022-09-28 15:53:22,032 [pool-358-thread-1] INFO  server.RaftServerConfigKeys (ConfUtils.java:logGet(46)) - raft.server.log.unsafe-flush.enabled = false (default)
2022-09-28 15:53:22,032 [pool-358-thread-1] INFO  server.RaftServerConfigKeys (ConfUtils.java:logGet(46)) - raft.server.log.statemachine.data.caching.enabled = true (custom)
2022-09-28 15:53:22,032 [pool-358-thread-1] INFO  segmented.SegmentedRaftLogWorker (SegmentedRaftLogWorker.java:lambda$new$0(135)) - b0c1961e-9fec-49a7-b763-eaf350b3d09d@group-18D7AB4E6518-SegmentedRaftLogWorker: flushIndex: setUnconditionally 0 -> -1
2022-09-28 15:53:22,032 [pool-358-thread-1] INFO  segmented.SegmentedRaftLogWorker (SegmentedRaftLogWorker.java:lambda$new$0(135)) - b0c1961e-9fec-49a7-b763-eaf350b3d09d@group-18D7AB4E6518-SegmentedRaftLogWorker: safeCacheEvictIndex: setUnconditionally 0 -> -1
2022-09-28 15:53:22,047 [pool-358-thread-1] INFO  server.RaftServerConfigKeys (ConfUtils.java:logGet(46)) - raft.server.snapshot.auto.trigger.enabled = true (custom)
2022-09-28 15:53:22,047 [pool-358-thread-1] INFO  server.RaftServerConfigKeys (ConfUtils.java:logGet(46)) - raft.server.snapshot.auto.trigger.threshold = 10000 (custom)
2022-09-28 15:53:22,047 [pool-358-thread-1] INFO  server.RaftServerConfigKeys (ConfUtils.java:logGet(46)) - raft.server.snapshot.retention.file.num = 5 (custom)
2022-09-28 15:53:22,047 [pool-358-thread-1] INFO  server.RaftServerConfigKeys (ConfUtils.java:logGet(46)) - raft.server.log.purge.upto.snapshot.index = false (default)
2022-09-28 15:53:22,047 [pool-358-thread-1] INFO  server.RaftServerConfigKeys (ConfUtils.java:logGet(46)) - raft.server.retrycache.expirytime = 600000ms (custom)
2022-09-28 15:53:22,047 [pool-358-thread-1] INFO  server.RaftServerConfigKeys (ConfUtils.java:logGet(46)) - raft.server.retrycache.statistics.expirytime = 100μs (default)
2022-09-28 15:53:22,048 [pool-358-thread-1] INFO  server.RaftServerConfigKeys (ConfUtils.java:logGet(46)) - raft.server.log.appender.install.snapshot.enabled = false (custom)
2022-09-28 15:53:22,048 [pool-358-thread-1] INFO  server.RaftServerConfigKeys (ConfUtils.java:logGet(46)) - raft.server.threadpool.server.cached = true (default)
2022-09-28 15:53:22,048 [pool-358-thread-1] INFO  server.RaftServerConfigKeys (ConfUtils.java:logGet(46)) - raft.server.threadpool.server.size = 0 (default)
2022-09-28 15:53:22,048 [pool-358-thread-1] INFO  server.RaftServerConfigKeys (ConfUtils.java:logGet(46)) - raft.server.threadpool.client.cached = true (default)
2022-09-28 15:53:22,048 [pool-358-thread-1] INFO  server.RaftServerConfigKeys (ConfUtils.java:logGet(46)) - raft.server.threadpool.client.size = 0 (default)
2022-09-28 15:53:22,048 [pool-358-thread-1] INFO  server.RaftServer$Division (RaftServerImpl.java:start(310)) - b0c1961e-9fec-49a7-b763-eaf350b3d09d@group-18D7AB4E6518: start as a follower, conf=-1: [b0c1961e-9fec-49a7-b763-eaf350b3d09d|rpc:10.1.1.55:37181|priority:1], old=null
2022-09-28 15:53:22,048 [pool-358-thread-1] INFO  server.RaftServer$Division (RaftServerImpl.java:setRole(299)) - b0c1961e-9fec-49a7-b763-eaf350b3d09d@group-18D7AB4E6518: changes role from      null to FOLLOWER at term 0 for startAsFollower
2022-09-28 15:53:22,048 [pool-358-thread-1] INFO  impl.RoleInfo (RoleInfo.java:updateAndGet(139)) - b0c1961e-9fec-49a7-b763-eaf350b3d09d: start b0c1961e-9fec-49a7-b763-eaf350b3d09d@group-18D7AB4E6518-FollowerState
2022-09-28 15:53:22,059 [pool-358-thread-1] INFO  util.JmxRegister (JmxRegister.java:tryRegister(44)) - Successfully registered JMX Bean with object name Ratis:service=RaftServer,group=group-18D7AB4E6518,id=b0c1961e-9fec-49a7-b763-eaf350b3d09d
2022-09-28 15:53:22,060 [Command processor thread] INFO  ratis.XceiverServerRatis (XceiverServerRatis.java:addGroup(765)) - Created group PipelineID=a11287a4-4580-454d-8214-18d7ab4e6518
2022-09-28 15:53:22,060 [Command processor thread] INFO  commandhandler.CreatePipelineCommandHandler (CreatePipelineCommandHandler.java:handle(113)) - Created Pipeline RATIS ONE PipelineID=a11287a4-4580-454d-8214-18d7ab4e6518.
2022-09-28 15:53:22,516 [Listener at 127.0.0.1/42319] INFO  ozone.MiniOzoneClusterImpl (MiniOzoneClusterImpl.java:lambda$waitForClusterToBeReady$0(216)) - Nodes are ready. Got 5 of 5 DN Heartbeats.
2022-09-28 15:53:22,516 [Listener at 127.0.0.1/42319] INFO  ozone.MiniOzoneClusterImpl (MiniOzoneClusterImpl.java:lambda$waitForClusterToBeReady$0(219)) - Waiting for cluster to exit safe mode
2022-09-28 15:53:22,516 [Listener at 127.0.0.1/42319] INFO  ozone.MiniOzoneClusterImpl (MiniOzoneClusterImpl.java:lambda$waitForClusterToBeReady$0(221)) - SCM became leader
2022-09-28 15:53:22,743 [Command processor thread] INFO  server.RaftServer (RaftServerProxy.java:addNew(96)) - 79199500-620f-41d1-bc3c-c3a003fb4526: addNew group-62864CC400DC:[79199500-620f-41d1-bc3c-c3a003fb4526|rpc:10.1.1.55:32861|priority:1] returns group-62864CC400DC:java.util.concurrent.CompletableFuture@73858c23[Not completed]
2022-09-28 15:53:22,744 [pool-381-thread-1] INFO  server.RaftServer$Division (RaftServerImpl.java:<init>(190)) - 79199500-620f-41d1-bc3c-c3a003fb4526: new RaftServerImpl for group-62864CC400DC:[79199500-620f-41d1-bc3c-c3a003fb4526|rpc:10.1.1.55:32861|priority:1] with ContainerStateMachine:uninitialized
2022-09-28 15:53:22,744 [pool-381-thread-1] INFO  server.RaftServerConfigKeys (ConfUtils.java:logGet(46)) - raft.server.rpc.timeout.min = 5s (custom)
2022-09-28 15:53:22,744 [pool-381-thread-1] INFO  server.RaftServerConfigKeys (ConfUtils.java:logGet(46)) - raft.server.rpc.timeout.max = 5200ms (custom)
2022-09-28 15:53:22,744 [pool-381-thread-1] INFO  server.RaftServerConfigKeys (ConfUtils.java:logGet(46)) - raft.server.rpc.sleep.time = 25ms (default)
2022-09-28 15:53:22,744 [pool-381-thread-1] INFO  server.RaftServerConfigKeys (ConfUtils.java:logGet(46)) - raft.server.rpc.slowness.timeout = 300s (custom)
2022-09-28 15:53:22,744 [pool-381-thread-1] INFO  server.RaftServerConfigKeys (ConfUtils.java:logGet(46)) - raft.server.leaderelection.leader.step-down.wait-time = 10s (default)
2022-09-28 15:53:22,744 [pool-381-thread-1] INFO  server.RaftServerConfigKeys (ConfUtils.java:logGet(46)) - raft.server.sleep.deviation.threshold = 300ms (default)
2022-09-28 15:53:22,744 [pool-381-thread-1] INFO  server.RaftServer$Division (ServerState.java:<init>(107)) - 79199500-620f-41d1-bc3c-c3a003fb4526@group-62864CC400DC: ConfigurationManager, init=-1: [79199500-620f-41d1-bc3c-c3a003fb4526|rpc:10.1.1.55:32861|priority:1], old=null, confs=<EMPTY_MAP>
2022-09-28 15:53:22,744 [pool-381-thread-1] INFO  server.RaftServerConfigKeys (ConfUtils.java:logGet(46)) - raft.server.storage.dir = [/home/runner/work/ozone/ozone/hadoop-ozone/integration-test/target/test-dir/MiniOzoneClusterImpl-39beaa01-56cc-488c-9c2d-94b49c5a5f0c/datanode-3/data/ratis] (custom)
2022-09-28 15:53:22,744 [pool-381-thread-1] INFO  server.RaftServerConfigKeys (ConfUtils.java:logGet(46)) - raft.server.log.corruption.policy = EXCEPTION (default)
2022-09-28 15:53:22,744 [pool-381-thread-1] INFO  server.RaftServerConfigKeys (ConfUtils.java:logGet(46)) - raft.server.storage.free-space.min = 0MB (=0) (default)
2022-09-28 15:53:22,745 [pool-381-thread-1] INFO  storage.RaftStorageDirectory (RaftStorageDirectoryImpl.java:analyzeStorage(135)) - The storage directory /home/runner/work/ozone/ozone/hadoop-ozone/integration-test/target/test-dir/MiniOzoneClusterImpl-39beaa01-56cc-488c-9c2d-94b49c5a5f0c/datanode-3/data/ratis/3449e015-cc7f-4d83-931c-62864cc400dc does not exist. Creating ...
2022-09-28 15:53:22,746 [pool-381-thread-1] INFO  storage.RaftStorageDirectory (RaftStorageDirectoryImpl.java:tryLock(230)) - Lock on /home/runner/work/ozone/ozone/hadoop-ozone/integration-test/target/test-dir/MiniOzoneClusterImpl-39beaa01-56cc-488c-9c2d-94b49c5a5f0c/datanode-3/data/ratis/3449e015-cc7f-4d83-931c-62864cc400dc/in_use.lock acquired by nodename 13127@fv-az203-824
2022-09-28 15:53:22,748 [pool-381-thread-1] INFO  storage.RaftStorage (RaftStorageImpl.java:format(89)) - Storage directory /home/runner/work/ozone/ozone/hadoop-ozone/integration-test/target/test-dir/MiniOzoneClusterImpl-39beaa01-56cc-488c-9c2d-94b49c5a5f0c/datanode-3/data/ratis/3449e015-cc7f-4d83-931c-62864cc400dc has been successfully formatted.
2022-09-28 15:53:22,775 [pool-381-thread-1] INFO  ratis.ContainerStateMachine (ContainerStateMachine.java:loadSnapshot(236)) - group-62864CC400DC: The snapshot info is null. Setting the last applied indexto:(t:0, i:~)
2022-09-28 15:53:22,775 [pool-381-thread-1] INFO  server.RaftServerConfigKeys (ConfUtils.java:logGet(46)) - raft.server.notification.no-leader.timeout = 300s (custom)
2022-09-28 15:53:22,775 [pool-381-thread-1] INFO  server.RaftServerConfigKeys (ConfUtils.java:logGet(46)) - raft.server.log.use.memory = false (default)
2022-09-28 15:53:22,775 [pool-381-thread-1] INFO  server.RaftServerConfigKeys (ConfUtils.java:logGet(46)) - raft.server.log.purge.gap = 1000000 (custom)
2022-09-28 15:53:22,775 [pool-381-thread-1] INFO  server.RaftServerConfigKeys (ConfUtils.java:logGet(46)) - raft.server.log.appender.buffer.byte-limit = 33554432 (custom)
2022-09-28 15:53:22,775 [pool-381-thread-1] INFO  server.RaftServerConfigKeys (ConfUtils.java:logGet(46)) - raft.server.log.statemachine.data.read.timeout = 1000ms (default)
2022-09-28 15:53:22,775 [pool-381-thread-1] INFO  server.RaftServerConfigKeys (ConfUtils.java:logGet(46)) - raft.server.log.segment.size.max = 1048576 (custom)
2022-09-28 15:53:22,776 [pool-381-thread-1] INFO  server.RaftServerConfigKeys (ConfUtils.java:logGet(46)) - raft.server.log.segment.cache.num.max = 2 (custom)
2022-09-28 15:53:22,776 [EventQueue-PipelineReportForPipelineReportHandler] INFO  pipeline.PipelineManagerImpl (PipelineManagerImpl.java:openPipeline(367)) - Pipeline Pipeline[ Id: 3449e015-cc7f-4d83-931c-62864cc400dc, Nodes: 79199500-620f-41d1-bc3c-c3a003fb4526{ip: 10.1.1.55, host: fv-az203-824.ild0l4k5vsluppoevu2oqvhmda.cx.internal.cloudapp.net, ports: [REPLICATION=37685, RATIS=32861, RATIS_ADMIN=32861, RATIS_SERVER=32861, STANDALONE=33141], networkLocation: /default-rack, certSerialId: null, persistedOpState: IN_SERVICE, persistedOpStateExpiryEpochSec: 0}, ReplicationConfig: RATIS/ONE, State:ALLOCATED, leaderId:79199500-620f-41d1-bc3c-c3a003fb4526, CreationTimestamp2022-09-28T15:53:19.736Z[Etc/UTC]] moved to OPEN state
2022-09-28 15:53:22,776 [pool-381-thread-1] INFO  server.RaftServerConfigKeys (ConfUtils.java:logGet(46)) - raft.server.log.segment.cache.size.max = 200MB (=209715200) (default)
2022-09-28 15:53:22,776 [pool-381-thread-1] INFO  segmented.SegmentedRaftLogWorker (SegmentedRaftLogWorker.java:<init>(187)) - new 79199500-620f-41d1-bc3c-c3a003fb4526@group-62864CC400DC-SegmentedRaftLogWorker for RaftStorageImpl:Storage Directory /home/runner/work/ozone/ozone/hadoop-ozone/integration-test/target/test-dir/MiniOzoneClusterImpl-39beaa01-56cc-488c-9c2d-94b49c5a5f0c/datanode-3/data/ratis/3449e015-cc7f-4d83-931c-62864cc400dc
2022-09-28 15:53:22,776 [pool-381-thread-1] INFO  server.RaftServerConfigKeys (ConfUtils.java:logGet(46)) - raft.server.log.queue.byte-limit = 4294967296 (custom)
2022-09-28 15:53:22,776 [pool-381-thread-1] INFO  server.RaftServerConfigKeys (ConfUtils.java:logGet(46)) - raft.server.log.queue.element-limit = 1024 (custom)
2022-09-28 15:53:22,776 [pool-381-thread-1] INFO  server.RaftServerConfigKeys (ConfUtils.java:logGet(46)) - raft.server.log.segment.size.max = 1048576 (custom)
2022-09-28 15:53:22,776 [pool-381-thread-1] INFO  server.RaftServerConfigKeys (ConfUtils.java:logGet(46)) - raft.server.log.preallocated.size = 16384 (custom)
2022-09-28 15:53:22,776 [pool-381-thread-1] INFO  server.RaftServerConfigKeys (ConfUtils.java:logGet(46)) - raft.server.log.force.sync.num = 128 (default)
2022-09-28 15:53:22,776 [pool-381-thread-1] INFO  server.RaftServerConfigKeys (ConfUtils.java:logGet(46)) - raft.server.log.statemachine.data.sync = true (default)
2022-09-28 15:53:22,776 [pool-381-thread-1] INFO  server.RaftServerConfigKeys (ConfUtils.java:logGet(46)) - raft.server.log.statemachine.data.sync.timeout = 10s (default)
2022-09-28 15:53:22,776 [pool-381-thread-1] INFO  server.RaftServerConfigKeys (ConfUtils.java:logGet(46)) - raft.server.log.statemachine.data.sync.timeout.retry = -1 (default)
2022-09-28 15:53:22,777 [pool-381-thread-1] INFO  server.RaftServerConfigKeys (ConfUtils.java:logGet(46)) - raft.server.log.write.buffer.size = 1048576 (custom)
2022-09-28 15:53:22,778 [pool-381-thread-1] INFO  server.RaftServerConfigKeys (ConfUtils.java:logGet(46)) - raft.server.log.unsafe-flush.enabled = false (default)
2022-09-28 15:53:22,778 [pool-381-thread-1] INFO  server.RaftServerConfigKeys (ConfUtils.java:logGet(46)) - raft.server.log.statemachine.data.caching.enabled = true (custom)
2022-09-28 15:53:22,778 [pool-381-thread-1] INFO  segmented.SegmentedRaftLogWorker (SegmentedRaftLogWorker.java:lambda$new$0(135)) - 79199500-620f-41d1-bc3c-c3a003fb4526@group-62864CC400DC-SegmentedRaftLogWorker: flushIndex: setUnconditionally 0 -> -1
2022-09-28 15:53:22,778 [pool-381-thread-1] INFO  segmented.SegmentedRaftLogWorker (SegmentedRaftLogWorker.java:lambda$new$0(135)) - 79199500-620f-41d1-bc3c-c3a003fb4526@group-62864CC400DC-SegmentedRaftLogWorker: safeCacheEvictIndex: setUnconditionally 0 -> -1
2022-09-28 15:53:22,779 [EventQueue-OpenPipelineForHealthyPipelineSafeModeRule] INFO  safemode.SCMSafeModeManager (HealthyPipelineSafeModeRule.java:process(137)) - SCM in safe mode. Healthy pipelines reported count is 0, required healthy pipeline reported count is 1
2022-09-28 15:53:22,787 [pool-381-thread-1] INFO  server.RaftServerConfigKeys (ConfUtils.java:logGet(46)) - raft.server.snapshot.auto.trigger.enabled = true (custom)
2022-09-28 15:53:22,803 [pool-381-thread-1] INFO  server.RaftServerConfigKeys (ConfUtils.java:logGet(46)) - raft.server.snapshot.auto.trigger.threshold = 10000 (custom)
2022-09-28 15:53:22,803 [pool-381-thread-1] INFO  server.RaftServerConfigKeys (ConfUtils.java:logGet(46)) - raft.server.snapshot.retention.file.num = 5 (custom)
2022-09-28 15:53:22,803 [pool-381-thread-1] INFO  server.RaftServerConfigKeys (ConfUtils.java:logGet(46)) - raft.server.log.purge.upto.snapshot.index = false (default)
2022-09-28 15:53:22,803 [pool-381-thread-1] INFO  server.RaftServerConfigKeys (ConfUtils.java:logGet(46)) - raft.server.retrycache.expirytime = 600000ms (custom)
2022-09-28 15:53:22,803 [pool-381-thread-1] INFO  server.RaftServerConfigKeys (ConfUtils.java:logGet(46)) - raft.server.retrycache.statistics.expirytime = 100μs (default)
2022-09-28 15:53:22,804 [pool-381-thread-1] INFO  server.RaftServerConfigKeys (ConfUtils.java:logGet(46)) - raft.server.log.appender.install.snapshot.enabled = false (custom)
2022-09-28 15:53:22,804 [pool-381-thread-1] INFO  server.RaftServerConfigKeys (ConfUtils.java:logGet(46)) - raft.server.threadpool.server.cached = true (default)
2022-09-28 15:53:22,804 [pool-381-thread-1] INFO  server.RaftServerConfigKeys (ConfUtils.java:logGet(46)) - raft.server.threadpool.server.size = 0 (default)
2022-09-28 15:53:22,804 [pool-381-thread-1] INFO  server.RaftServerConfigKeys (ConfUtils.java:logGet(46)) - raft.server.threadpool.client.cached = true (default)
2022-09-28 15:53:22,804 [pool-381-thread-1] INFO  server.RaftServerConfigKeys (ConfUtils.java:logGet(46)) - raft.server.threadpool.client.size = 0 (default)
2022-09-28 15:53:22,804 [pool-381-thread-1] INFO  server.RaftServer$Division (RaftServerImpl.java:start(310)) - 79199500-620f-41d1-bc3c-c3a003fb4526@group-62864CC400DC: start as a follower, conf=-1: [79199500-620f-41d1-bc3c-c3a003fb4526|rpc:10.1.1.55:32861|priority:1], old=null
2022-09-28 15:53:22,804 [pool-381-thread-1] INFO  server.RaftServer$Division (RaftServerImpl.java:setRole(299)) - 79199500-620f-41d1-bc3c-c3a003fb4526@group-62864CC400DC: changes role from      null to FOLLOWER at term 0 for startAsFollower
2022-09-28 15:53:22,804 [pool-381-thread-1] INFO  impl.RoleInfo (RoleInfo.java:updateAndGet(139)) - 79199500-620f-41d1-bc3c-c3a003fb4526: start 79199500-620f-41d1-bc3c-c3a003fb4526@group-62864CC400DC-FollowerState
2022-09-28 15:53:22,815 [pool-381-thread-1] INFO  util.JmxRegister (JmxRegister.java:tryRegister(44)) - Successfully registered JMX Bean with object name Ratis:service=RaftServer,group=group-62864CC400DC,id=79199500-620f-41d1-bc3c-c3a003fb4526
2022-09-28 15:53:22,823 [Command processor thread] INFO  ratis.XceiverServerRatis (XceiverServerRatis.java:addGroup(765)) - Created group PipelineID=3449e015-cc7f-4d83-931c-62864cc400dc
2022-09-28 15:53:22,823 [Command processor thread] INFO  commandhandler.CreatePipelineCommandHandler (CreatePipelineCommandHandler.java:handle(113)) - Created Pipeline RATIS ONE PipelineID=3449e015-cc7f-4d83-931c-62864cc400dc.
2022-09-28 15:53:23,523 [Listener at 127.0.0.1/42319] INFO  ozone.MiniOzoneClusterImpl (MiniOzoneClusterImpl.java:lambda$waitForClusterToBeReady$0(216)) - Nodes are ready. Got 5 of 5 DN Heartbeats.
2022-09-28 15:53:23,523 [Listener at 127.0.0.1/42319] INFO  ozone.MiniOzoneClusterImpl (MiniOzoneClusterImpl.java:lambda$waitForClusterToBeReady$0(219)) - Waiting for cluster to exit safe mode
2022-09-28 15:53:23,523 [Listener at 127.0.0.1/42319] INFO  ozone.MiniOzoneClusterImpl (MiniOzoneClusterImpl.java:lambda$waitForClusterToBeReady$0(221)) - SCM became leader
2022-09-28 15:53:23,594 [Command processor thread] INFO  server.RaftServer (RaftServerProxy.java:addNew(96)) - bac3ed17-915a-43dc-90c7-c77b09e81c24: addNew group-AA6E30361165:[bac3ed17-915a-43dc-90c7-c77b09e81c24|rpc:10.1.1.55:35873|priority:1] returns group-AA6E30361165:java.util.concurrent.CompletableFuture@3192dd2c[Not completed]
2022-09-28 15:53:23,595 [pool-409-thread-1] INFO  server.RaftServer$Division (RaftServerImpl.java:<init>(190)) - bac3ed17-915a-43dc-90c7-c77b09e81c24: new RaftServerImpl for group-AA6E30361165:[bac3ed17-915a-43dc-90c7-c77b09e81c24|rpc:10.1.1.55:35873|priority:1] with ContainerStateMachine:uninitialized
2022-09-28 15:53:23,595 [pool-409-thread-1] INFO  server.RaftServerConfigKeys (ConfUtils.java:logGet(46)) - raft.server.rpc.timeout.min = 5s (custom)
2022-09-28 15:53:23,595 [pool-409-thread-1] INFO  server.RaftServerConfigKeys (ConfUtils.java:logGet(46)) - raft.server.rpc.timeout.max = 5200ms (custom)
2022-09-28 15:53:23,595 [pool-409-thread-1] INFO  server.RaftServerConfigKeys (ConfUtils.java:logGet(46)) - raft.server.rpc.sleep.time = 25ms (default)
2022-09-28 15:53:23,595 [pool-409-thread-1] INFO  server.RaftServerConfigKeys (ConfUtils.java:logGet(46)) - raft.server.rpc.slowness.timeout = 300s (custom)
2022-09-28 15:53:23,595 [pool-409-thread-1] INFO  server.RaftServerConfigKeys (ConfUtils.java:logGet(46)) - raft.server.leaderelection.leader.step-down.wait-time = 10s (default)
2022-09-28 15:53:23,595 [pool-409-thread-1] INFO  server.RaftServerConfigKeys (ConfUtils.java:logGet(46)) - raft.server.sleep.deviation.threshold = 300ms (default)
2022-09-28 15:53:23,611 [pool-409-thread-1] INFO  server.RaftServer$Division (ServerState.java:<init>(107)) - bac3ed17-915a-43dc-90c7-c77b09e81c24@group-AA6E30361165: ConfigurationManager, init=-1: [bac3ed17-915a-43dc-90c7-c77b09e81c24|rpc:10.1.1.55:35873|priority:1], old=null, confs=<EMPTY_MAP>
2022-09-28 15:53:23,611 [pool-409-thread-1] INFO  server.RaftServerConfigKeys (ConfUtils.java:logGet(46)) - raft.server.storage.dir = [/home/runner/work/ozone/ozone/hadoop-ozone/integration-test/target/test-dir/MiniOzoneClusterImpl-39beaa01-56cc-488c-9c2d-94b49c5a5f0c/datanode-4/data/ratis] (custom)
2022-09-28 15:53:23,611 [pool-409-thread-1] INFO  server.RaftServerConfigKeys (ConfUtils.java:logGet(46)) - raft.server.log.corruption.policy = EXCEPTION (default)
2022-09-28 15:53:23,611 [pool-409-thread-1] INFO  server.RaftServerConfigKeys (ConfUtils.java:logGet(46)) - raft.server.storage.free-space.min = 0MB (=0) (default)
2022-09-28 15:53:23,611 [pool-409-thread-1] INFO  storage.RaftStorageDirectory (RaftStorageDirectoryImpl.java:analyzeStorage(135)) - The storage directory /home/runner/work/ozone/ozone/hadoop-ozone/integration-test/target/test-dir/MiniOzoneClusterImpl-39beaa01-56cc-488c-9c2d-94b49c5a5f0c/datanode-4/data/ratis/a094b593-24e7-42c0-859d-aa6e30361165 does not exist. Creating ...
2022-09-28 15:53:23,613 [pool-409-thread-1] INFO  storage.RaftStorageDirectory (RaftStorageDirectoryImpl.java:tryLock(230)) - Lock on /home/runner/work/ozone/ozone/hadoop-ozone/integration-test/target/test-dir/MiniOzoneClusterImpl-39beaa01-56cc-488c-9c2d-94b49c5a5f0c/datanode-4/data/ratis/a094b593-24e7-42c0-859d-aa6e30361165/in_use.lock acquired by nodename 13127@fv-az203-824
2022-09-28 15:53:23,615 [pool-409-thread-1] INFO  storage.RaftStorage (RaftStorageImpl.java:format(89)) - Storage directory /home/runner/work/ozone/ozone/hadoop-ozone/integration-test/target/test-dir/MiniOzoneClusterImpl-39beaa01-56cc-488c-9c2d-94b49c5a5f0c/datanode-4/data/ratis/a094b593-24e7-42c0-859d-aa6e30361165 has been successfully formatted.
2022-09-28 15:53:23,623 [pool-409-thread-1] INFO  ratis.ContainerStateMachine (ContainerStateMachine.java:loadSnapshot(236)) - group-AA6E30361165: The snapshot info is null. Setting the last applied indexto:(t:0, i:~)
2022-09-28 15:53:23,623 [pool-409-thread-1] INFO  server.RaftServerConfigKeys (ConfUtils.java:logGet(46)) - raft.server.notification.no-leader.timeout = 300s (custom)
2022-09-28 15:53:23,623 [pool-409-thread-1] INFO  server.RaftServerConfigKeys (ConfUtils.java:logGet(46)) - raft.server.log.use.memory = false (default)
2022-09-28 15:53:23,624 [pool-409-thread-1] INFO  server.RaftServerConfigKeys (ConfUtils.java:logGet(46)) - raft.server.log.purge.gap = 1000000 (custom)
2022-09-28 15:53:23,624 [pool-409-thread-1] INFO  server.RaftServerConfigKeys (ConfUtils.java:logGet(46)) - raft.server.log.appender.buffer.byte-limit = 33554432 (custom)
2022-09-28 15:53:23,624 [pool-409-thread-1] INFO  server.RaftServerConfigKeys (ConfUtils.java:logGet(46)) - raft.server.log.statemachine.data.read.timeout = 1000ms (default)
2022-09-28 15:53:23,624 [pool-409-thread-1] INFO  server.RaftServerConfigKeys (ConfUtils.java:logGet(46)) - raft.server.log.segment.size.max = 1048576 (custom)
2022-09-28 15:53:23,626 [pool-409-thread-1] INFO  server.RaftServerConfigKeys (ConfUtils.java:logGet(46)) - raft.server.log.segment.cache.num.max = 2 (custom)
2022-09-28 15:53:23,626 [pool-409-thread-1] INFO  server.RaftServerConfigKeys (ConfUtils.java:logGet(46)) - raft.server.log.segment.cache.size.max = 200MB (=209715200) (default)
2022-09-28 15:53:23,626 [pool-409-thread-1] INFO  segmented.SegmentedRaftLogWorker (SegmentedRaftLogWorker.java:<init>(187)) - new bac3ed17-915a-43dc-90c7-c77b09e81c24@group-AA6E30361165-SegmentedRaftLogWorker for RaftStorageImpl:Storage Directory /home/runner/work/ozone/ozone/hadoop-ozone/integration-test/target/test-dir/MiniOzoneClusterImpl-39beaa01-56cc-488c-9c2d-94b49c5a5f0c/datanode-4/data/ratis/a094b593-24e7-42c0-859d-aa6e30361165
2022-09-28 15:53:23,626 [pool-409-thread-1] INFO  server.RaftServerConfigKeys (ConfUtils.java:logGet(46)) - raft.server.log.queue.byte-limit = 4294967296 (custom)
2022-09-28 15:53:23,626 [pool-409-thread-1] INFO  server.RaftServerConfigKeys (ConfUtils.java:logGet(46)) - raft.server.log.queue.element-limit = 1024 (custom)
2022-09-28 15:53:23,626 [pool-409-thread-1] INFO  server.RaftServerConfigKeys (ConfUtils.java:logGet(46)) - raft.server.log.segment.size.max = 1048576 (custom)
2022-09-28 15:53:23,626 [pool-409-thread-1] INFO  server.RaftServerConfigKeys (ConfUtils.java:logGet(46)) - raft.server.log.preallocated.size = 16384 (custom)
2022-09-28 15:53:23,626 [pool-409-thread-1] INFO  server.RaftServerConfigKeys (ConfUtils.java:logGet(46)) - raft.server.log.force.sync.num = 128 (default)
2022-09-28 15:53:23,626 [pool-409-thread-1] INFO  server.RaftServerConfigKeys (ConfUtils.java:logGet(46)) - raft.server.log.statemachine.data.sync = true (default)
2022-09-28 15:53:23,626 [pool-409-thread-1] INFO  server.RaftServerConfigKeys (ConfUtils.java:logGet(46)) - raft.server.log.statemachine.data.sync.timeout = 10s (default)
2022-09-28 15:53:23,626 [pool-409-thread-1] INFO  server.RaftServerConfigKeys (ConfUtils.java:logGet(46)) - raft.server.log.statemachine.data.sync.timeout.retry = -1 (default)
2022-09-28 15:53:23,627 [pool-409-thread-1] INFO  server.RaftServerConfigKeys (ConfUtils.java:logGet(46)) - raft.server.log.write.buffer.size = 1048576 (custom)
2022-09-28 15:53:23,627 [EventQueue-PipelineReportForPipelineReportHandler] INFO  pipeline.PipelineManagerImpl (PipelineManagerImpl.java:openPipeline(367)) - Pipeline Pipeline[ Id: a094b593-24e7-42c0-859d-aa6e30361165, Nodes: bac3ed17-915a-43dc-90c7-c77b09e81c24{ip: 10.1.1.55, host: fv-az203-824.ild0l4k5vsluppoevu2oqvhmda.cx.internal.cloudapp.net, ports: [REPLICATION=35489, RATIS=35873, RATIS_ADMIN=35873, RATIS_SERVER=35873, STANDALONE=33261], networkLocation: /default-rack, certSerialId: null, persistedOpState: IN_SERVICE, persistedOpStateExpiryEpochSec: 0}, ReplicationConfig: RATIS/ONE, State:ALLOCATED, leaderId:bac3ed17-915a-43dc-90c7-c77b09e81c24, CreationTimestamp2022-09-28T15:53:20.597Z[Etc/UTC]] moved to OPEN state
2022-09-28 15:53:23,628 [EventQueue-OpenPipelineForHealthyPipelineSafeModeRule] INFO  safemode.SCMSafeModeManager (HealthyPipelineSafeModeRule.java:process(137)) - SCM in safe mode. Healthy pipelines reported count is 0, required healthy pipeline reported count is 1
2022-09-28 15:53:23,630 [pool-409-thread-1] INFO  server.RaftServerConfigKeys (ConfUtils.java:logGet(46)) - raft.server.log.unsafe-flush.enabled = false (default)
2022-09-28 15:53:23,655 [pool-409-thread-1] INFO  server.RaftServerConfigKeys (ConfUtils.java:logGet(46)) - raft.server.log.statemachine.data.caching.enabled = true (custom)
2022-09-28 15:53:23,655 [pool-409-thread-1] INFO  segmented.SegmentedRaftLogWorker (SegmentedRaftLogWorker.java:lambda$new$0(135)) - bac3ed17-915a-43dc-90c7-c77b09e81c24@group-AA6E30361165-SegmentedRaftLogWorker: flushIndex: setUnconditionally 0 -> -1
2022-09-28 15:53:23,655 [pool-409-thread-1] INFO  segmented.SegmentedRaftLogWorker (SegmentedRaftLogWorker.java:lambda$new$0(135)) - bac3ed17-915a-43dc-90c7-c77b09e81c24@group-AA6E30361165-SegmentedRaftLogWorker: safeCacheEvictIndex: setUnconditionally 0 -> -1
2022-09-28 15:53:23,655 [pool-409-thread-1] INFO  server.RaftServerConfigKeys (ConfUtils.java:logGet(46)) - raft.server.snapshot.auto.trigger.enabled = true (custom)
2022-09-28 15:53:23,655 [pool-409-thread-1] INFO  server.RaftServerConfigKeys (ConfUtils.java:logGet(46)) - raft.server.snapshot.auto.trigger.threshold = 10000 (custom)
2022-09-28 15:53:23,655 [pool-409-thread-1] INFO  server.RaftServerConfigKeys (ConfUtils.java:logGet(46)) - raft.server.snapshot.retention.file.num = 5 (custom)
2022-09-28 15:53:23,655 [pool-409-thread-1] INFO  server.RaftServerConfigKeys (ConfUtils.java:logGet(46)) - raft.server.log.purge.upto.snapshot.index = false (default)
2022-09-28 15:53:23,655 [pool-409-thread-1] INFO  server.RaftServerConfigKeys (ConfUtils.java:logGet(46)) - raft.server.retrycache.expirytime = 600000ms (custom)
2022-09-28 15:53:23,655 [pool-409-thread-1] INFO  server.RaftServerConfigKeys (ConfUtils.java:logGet(46)) - raft.server.retrycache.statistics.expirytime = 100μs (default)
2022-09-28 15:53:23,656 [pool-409-thread-1] INFO  server.RaftServerConfigKeys (ConfUtils.java:logGet(46)) - raft.server.log.appender.install.snapshot.enabled = false (custom)
2022-09-28 15:53:23,657 [pool-409-thread-1] INFO  server.RaftServerConfigKeys (ConfUtils.java:logGet(46)) - raft.server.threadpool.server.cached = true (default)
2022-09-28 15:53:23,657 [pool-409-thread-1] INFO  server.RaftServerConfigKeys (ConfUtils.java:logGet(46)) - raft.server.threadpool.server.size = 0 (default)
2022-09-28 15:53:23,657 [pool-409-thread-1] INFO  server.RaftServerConfigKeys (ConfUtils.java:logGet(46)) - raft.server.threadpool.client.cached = true (default)
2022-09-28 15:53:23,657 [pool-409-thread-1] INFO  server.RaftServerConfigKeys (ConfUtils.java:logGet(46)) - raft.server.threadpool.client.size = 0 (default)
2022-09-28 15:53:23,657 [pool-409-thread-1] INFO  server.RaftServer$Division (RaftServerImpl.java:start(310)) - bac3ed17-915a-43dc-90c7-c77b09e81c24@group-AA6E30361165: start as a follower, conf=-1: [bac3ed17-915a-43dc-90c7-c77b09e81c24|rpc:10.1.1.55:35873|priority:1], old=null
2022-09-28 15:53:23,657 [pool-409-thread-1] INFO  server.RaftServer$Division (RaftServerImpl.java:setRole(299)) - bac3ed17-915a-43dc-90c7-c77b09e81c24@group-AA6E30361165: changes role from      null to FOLLOWER at term 0 for startAsFollower
2022-09-28 15:53:23,657 [pool-409-thread-1] INFO  impl.RoleInfo (RoleInfo.java:updateAndGet(139)) - bac3ed17-915a-43dc-90c7-c77b09e81c24: start bac3ed17-915a-43dc-90c7-c77b09e81c24@group-AA6E30361165-FollowerState
2022-09-28 15:53:23,657 [pool-409-thread-1] INFO  util.JmxRegister (JmxRegister.java:tryRegister(44)) - Successfully registered JMX Bean with object name Ratis:service=RaftServer,group=group-AA6E30361165,id=bac3ed17-915a-43dc-90c7-c77b09e81c24
2022-09-28 15:53:23,667 [Command processor thread] INFO  ratis.XceiverServerRatis (XceiverServerRatis.java:addGroup(765)) - Created group PipelineID=a094b593-24e7-42c0-859d-aa6e30361165
2022-09-28 15:53:23,667 [Command processor thread] INFO  commandhandler.CreatePipelineCommandHandler (CreatePipelineCommandHandler.java:handle(113)) - Created Pipeline RATIS ONE PipelineID=a094b593-24e7-42c0-859d-aa6e30361165.
2022-09-28 15:53:24,523 [Listener at 127.0.0.1/42319] INFO  ozone.MiniOzoneClusterImpl (MiniOzoneClusterImpl.java:lambda$waitForClusterToBeReady$0(216)) - Nodes are ready. Got 5 of 5 DN Heartbeats.
2022-09-28 15:53:24,524 [Listener at 127.0.0.1/42319] INFO  ozone.MiniOzoneClusterImpl (MiniOzoneClusterImpl.java:lambda$waitForClusterToBeReady$0(219)) - Waiting for cluster to exit safe mode
2022-09-28 15:53:24,524 [Listener at 127.0.0.1/42319] INFO  ozone.MiniOzoneClusterImpl (MiniOzoneClusterImpl.java:lambda$waitForClusterToBeReady$0(221)) - SCM became leader
2022-09-28 15:53:25,524 [Listener at 127.0.0.1/42319] INFO  ozone.MiniOzoneClusterImpl (MiniOzoneClusterImpl.java:lambda$waitForClusterToBeReady$0(216)) - Nodes are ready. Got 5 of 5 DN Heartbeats.
2022-09-28 15:53:25,524 [Listener at 127.0.0.1/42319] INFO  ozone.MiniOzoneClusterImpl (MiniOzoneClusterImpl.java:lambda$waitForClusterToBeReady$0(219)) - Waiting for cluster to exit safe mode
2022-09-28 15:53:25,524 [Listener at 127.0.0.1/42319] INFO  ozone.MiniOzoneClusterImpl (MiniOzoneClusterImpl.java:lambda$waitForClusterToBeReady$0(221)) - SCM became leader
2022-09-28 15:53:26,077 [0274ec44-c511-404a-9072-ead7ce024853@group-2E56AF20CBB2-FollowerState] INFO  impl.FollowerState (FollowerState.java:run(143)) - 0274ec44-c511-404a-9072-ead7ce024853@group-2E56AF20CBB2-FollowerState: change to CANDIDATE, lastRpcElapsedTime:5131914242ns, electionTimeout:5128ms
2022-09-28 15:53:26,078 [0274ec44-c511-404a-9072-ead7ce024853@group-2E56AF20CBB2-FollowerState] INFO  impl.RoleInfo (RoleInfo.java:shutdownFollowerState(110)) - 0274ec44-c511-404a-9072-ead7ce024853: shutdown 0274ec44-c511-404a-9072-ead7ce024853@group-2E56AF20CBB2-FollowerState
2022-09-28 15:53:26,078 [0274ec44-c511-404a-9072-ead7ce024853@group-2E56AF20CBB2-FollowerState] INFO  server.RaftServer$Division (RaftServerImpl.java:setRole(299)) - 0274ec44-c511-404a-9072-ead7ce024853@group-2E56AF20CBB2: changes role from  FOLLOWER to CANDIDATE at term 0 for changeToCandidate
2022-09-28 15:53:26,078 [0274ec44-c511-404a-9072-ead7ce024853@group-2E56AF20CBB2-FollowerState] INFO  server.RaftServerConfigKeys (ConfUtils.java:logGet(46)) - raft.server.leaderelection.pre-vote = false (custom)
2022-09-28 15:53:26,078 [0274ec44-c511-404a-9072-ead7ce024853@group-2E56AF20CBB2-FollowerState] INFO  impl.RoleInfo (RoleInfo.java:updateAndGet(139)) - 0274ec44-c511-404a-9072-ead7ce024853: start 0274ec44-c511-404a-9072-ead7ce024853@group-2E56AF20CBB2-LeaderElection11
2022-09-28 15:53:26,094 [0274ec44-c511-404a-9072-ead7ce024853@group-E015A3B5BC15-FollowerState] INFO  impl.FollowerState (FollowerState.java:run(143)) - 0274ec44-c511-404a-9072-ead7ce024853@group-E015A3B5BC15-FollowerState: change to CANDIDATE, lastRpcElapsedTime:5192839667ns, electionTimeout:5187ms
2022-09-28 15:53:26,094 [0274ec44-c511-404a-9072-ead7ce024853@group-E015A3B5BC15-FollowerState] INFO  impl.RoleInfo (RoleInfo.java:shutdownFollowerState(110)) - 0274ec44-c511-404a-9072-ead7ce024853: shutdown 0274ec44-c511-404a-9072-ead7ce024853@group-E015A3B5BC15-FollowerState
2022-09-28 15:53:26,094 [0274ec44-c511-404a-9072-ead7ce024853@group-E015A3B5BC15-FollowerState] INFO  server.RaftServer$Division (RaftServerImpl.java:setRole(299)) - 0274ec44-c511-404a-9072-ead7ce024853@group-E015A3B5BC15: changes role from  FOLLOWER to CANDIDATE at term 0 for changeToCandidate
2022-09-28 15:53:26,094 [0274ec44-c511-404a-9072-ead7ce024853@group-E015A3B5BC15-FollowerState] INFO  server.RaftServerConfigKeys (ConfUtils.java:logGet(46)) - raft.server.leaderelection.pre-vote = false (custom)
2022-09-28 15:53:26,094 [0274ec44-c511-404a-9072-ead7ce024853@group-E015A3B5BC15-FollowerState] INFO  impl.RoleInfo (RoleInfo.java:updateAndGet(139)) - 0274ec44-c511-404a-9072-ead7ce024853: start 0274ec44-c511-404a-9072-ead7ce024853@group-E015A3B5BC15-LeaderElection12
2022-09-28 15:53:26,112 [0274ec44-c511-404a-9072-ead7ce024853@group-2E56AF20CBB2-LeaderElection11] INFO  impl.LeaderElection (LeaderElection.java:askForVotes(310)) - 0274ec44-c511-404a-9072-ead7ce024853@group-2E56AF20CBB2-LeaderElection11 ELECTION round 0: submit vote requests at term 1 for -1: [b0c1961e-9fec-49a7-b763-eaf350b3d09d|rpc:10.1.1.55:37181|priority:0, 0274ec44-c511-404a-9072-ead7ce024853|rpc:10.1.1.55:37251|priority:0, 14b40a93-8746-4852-b401-12fc62dc6a20|rpc:10.1.1.55:46737|priority:1], old=null
2022-09-28 15:53:26,134 [0274ec44-c511-404a-9072-ead7ce024853@group-E015A3B5BC15-LeaderElection12] INFO  impl.LeaderElection (LeaderElection.java:askForVotes(310)) - 0274ec44-c511-404a-9072-ead7ce024853@group-E015A3B5BC15-LeaderElection12 ELECTION round 0: submit vote requests at term 1 for -1: [0274ec44-c511-404a-9072-ead7ce024853|rpc:10.1.1.55:37251|priority:1], old=null
2022-09-28 15:53:26,134 [0274ec44-c511-404a-9072-ead7ce024853@group-E015A3B5BC15-LeaderElection12] INFO  impl.LeaderElection (LeaderElection.java:askForVotes(312)) - 0274ec44-c511-404a-9072-ead7ce024853@group-E015A3B5BC15-LeaderElection12 ELECTION round 0: result PASSED (term=1)
2022-09-28 15:53:26,134 [0274ec44-c511-404a-9072-ead7ce024853@group-E015A3B5BC15-LeaderElection12] INFO  impl.RoleInfo (RoleInfo.java:shutdownLeaderElection(130)) - 0274ec44-c511-404a-9072-ead7ce024853: shutdown 0274ec44-c511-404a-9072-ead7ce024853@group-E015A3B5BC15-LeaderElection12
2022-09-28 15:53:26,134 [0274ec44-c511-404a-9072-ead7ce024853@group-E015A3B5BC15-LeaderElection12] INFO  server.RaftServer$Division (RaftServerImpl.java:setRole(299)) - 0274ec44-c511-404a-9072-ead7ce024853@group-E015A3B5BC15: changes role from CANDIDATE to LEADER at term 1 for changeToLeader
2022-09-28 15:53:26,134 [0274ec44-c511-404a-9072-ead7ce024853@group-E015A3B5BC15-LeaderElection12] INFO  ratis.XceiverServerRatis (XceiverServerRatis.java:handleLeaderChangedNotification(863)) - Leader change notification received for group: group-E015A3B5BC15 with new leaderId: 0274ec44-c511-404a-9072-ead7ce024853
2022-09-28 15:53:26,134 [0274ec44-c511-404a-9072-ead7ce024853@group-E015A3B5BC15-LeaderElection12] INFO  server.RaftServer$Division (ServerState.java:setLeader(287)) - 0274ec44-c511-404a-9072-ead7ce024853@group-E015A3B5BC15: change Leader from null to 0274ec44-c511-404a-9072-ead7ce024853 at term 1 for becomeLeader, leader elected after 5262ms
2022-09-28 15:53:26,134 [0274ec44-c511-404a-9072-ead7ce024853@group-E015A3B5BC15-LeaderElection12] INFO  server.RaftServerConfigKeys (ConfUtils.java:logGet(46)) - raft.server.staging.catchup.gap = 1000 (default)
2022-09-28 15:53:26,135 [0274ec44-c511-404a-9072-ead7ce024853@group-E015A3B5BC15-LeaderElection12] INFO  server.RaftServerConfigKeys (ConfUtils.java:logGet(46)) - raft.server.write.element-limit = 1024 (custom)
2022-09-28 15:53:26,135 [0274ec44-c511-404a-9072-ead7ce024853@group-E015A3B5BC15-LeaderElection12] INFO  server.RaftServerConfigKeys (ConfUtils.java:logGet(46)) - raft.server.write.byte-limit = 1024 M (=1073741824) (custom)
2022-09-28 15:53:26,135 [0274ec44-c511-404a-9072-ead7ce024853@group-E015A3B5BC15-LeaderElection12] INFO  server.RaftServerConfigKeys (ConfUtils.java:logGet(46)) - raft.server.watch.timeout = 180s (custom)
2022-09-28 15:53:26,135 [0274ec44-c511-404a-9072-ead7ce024853@group-E015A3B5BC15-LeaderElection12] INFO  server.RaftServerConfigKeys (ConfUtils.java:logGet(46)) - raft.server.watch.timeout.denomination = 1s (default)
2022-09-28 15:53:26,135 [0274ec44-c511-404a-9072-ead7ce024853@group-E015A3B5BC15-LeaderElection12] INFO  server.RaftServerConfigKeys (ConfUtils.java:logGet(46)) - raft.server.watch.element-limit = 65536 (default)
2022-09-28 15:53:26,135 [0274ec44-c511-404a-9072-ead7ce024853@group-E015A3B5BC15-LeaderElection12] INFO  server.RaftServerConfigKeys (ConfUtils.java:logGet(46)) - raft.server.write.element-limit = 1024 (custom)
2022-09-28 15:53:26,135 [0274ec44-c511-404a-9072-ead7ce024853@group-E015A3B5BC15-LeaderElection12] INFO  server.RaftServerConfigKeys (ConfUtils.java:logGet(46)) - raft.server.write.follower.gap.ratio.max = -1.0 (default)
2022-09-28 15:53:26,135 [0274ec44-c511-404a-9072-ead7ce024853@group-E015A3B5BC15-LeaderElection12] INFO  impl.RoleInfo (RoleInfo.java:updateAndGet(139)) - 0274ec44-c511-404a-9072-ead7ce024853: start 0274ec44-c511-404a-9072-ead7ce024853@group-E015A3B5BC15-LeaderStateImpl
2022-09-28 15:53:26,136 [0274ec44-c511-404a-9072-ead7ce024853@group-E015A3B5BC15-LeaderElection12] INFO  segmented.SegmentedRaftLogWorker (SegmentedRaftLogWorker.java:startLogSegment(425)) - 0274ec44-c511-404a-9072-ead7ce024853@group-E015A3B5BC15-SegmentedRaftLogWorker: Starting segment from index:0
2022-09-28 15:53:26,137 [EventQueue-OpenPipelineForHealthyPipelineSafeModeRule] INFO  safemode.SCMSafeModeManager (HealthyPipelineSafeModeRule.java:process(137)) - SCM in safe mode. Healthy pipelines reported count is 0, required healthy pipeline reported count is 1
2022-09-28 15:53:26,145 [0274ec44-c511-404a-9072-ead7ce024853@group-E015A3B5BC15-SegmentedRaftLogWorker] INFO  segmented.SegmentedRaftLogWorker (SegmentedRaftLogWorker.java:execute(629)) - 0274ec44-c511-404a-9072-ead7ce024853@group-E015A3B5BC15-SegmentedRaftLogWorker: created new log segment /home/runner/work/ozone/ozone/hadoop-ozone/integration-test/target/test-dir/MiniOzoneClusterImpl-39beaa01-56cc-488c-9c2d-94b49c5a5f0c/datanode-0/data/ratis/5fa90fcd-805f-4d0e-af83-e015a3b5bc15/current/log_inprogress_0
2022-09-28 15:53:26,171 [grpc-default-executor-1] INFO  server.RaftServer$Division (RaftServerImpl.java:requestVote(1152)) - b0c1961e-9fec-49a7-b763-eaf350b3d09d@group-2E56AF20CBB2: receive requestVote(ELECTION, 0274ec44-c511-404a-9072-ead7ce024853, group-2E56AF20CBB2, 1, (t:0, i:0))
2022-09-28 15:53:26,172 [grpc-default-executor-1] INFO  impl.VoteContext (VoteContext.java:log(48)) - b0c1961e-9fec-49a7-b763-eaf350b3d09d@group-2E56AF20CBB2-FOLLOWER: accept ELECTION from 0274ec44-c511-404a-9072-ead7ce024853: our priority 0 <= candidate's priority 0
2022-09-28 15:53:26,172 [grpc-default-executor-1] INFO  server.RaftServer$Division (RaftServerImpl.java:setRole(299)) - b0c1961e-9fec-49a7-b763-eaf350b3d09d@group-2E56AF20CBB2: changes role from  FOLLOWER to FOLLOWER at term 1 for candidate:0274ec44-c511-404a-9072-ead7ce024853
2022-09-28 15:53:26,172 [grpc-default-executor-1] INFO  impl.RoleInfo (RoleInfo.java:shutdownFollowerState(110)) - b0c1961e-9fec-49a7-b763-eaf350b3d09d: shutdown b0c1961e-9fec-49a7-b763-eaf350b3d09d@group-2E56AF20CBB2-FollowerState
2022-09-28 15:53:26,172 [grpc-default-executor-1] INFO  impl.RoleInfo (RoleInfo.java:updateAndGet(139)) - b0c1961e-9fec-49a7-b763-eaf350b3d09d: start b0c1961e-9fec-49a7-b763-eaf350b3d09d@group-2E56AF20CBB2-FollowerState
2022-09-28 15:53:26,172 [b0c1961e-9fec-49a7-b763-eaf350b3d09d@group-2E56AF20CBB2-FollowerState] INFO  impl.FollowerState (FollowerState.java:run(152)) - b0c1961e-9fec-49a7-b763-eaf350b3d09d@group-2E56AF20CBB2-FollowerState was interrupted
2022-09-28 15:53:26,172 [0274ec44-c511-404a-9072-ead7ce024853@group-E015A3B5BC15-LeaderElection12] INFO  server.RaftServer$Division (ServerState.java:setRaftConf(393)) - 0274ec44-c511-404a-9072-ead7ce024853@group-E015A3B5BC15: set configuration 0: [0274ec44-c511-404a-9072-ead7ce024853|rpc:10.1.1.55:37251|dataStream:|priority:1], old=null
2022-09-28 15:53:26,174 [grpc-default-executor-1] INFO  server.RaftServer$Division (RaftServerImpl.java:requestVote(1184)) - b0c1961e-9fec-49a7-b763-eaf350b3d09d@group-2E56AF20CBB2 replies to ELECTION vote request: 0274ec44-c511-404a-9072-ead7ce024853<-b0c1961e-9fec-49a7-b763-eaf350b3d09d#0:OK-t1. Peer's state: b0c1961e-9fec-49a7-b763-eaf350b3d09d@group-2E56AF20CBB2:t1, leader=null, voted=0274ec44-c511-404a-9072-ead7ce024853, raftlog=b0c1961e-9fec-49a7-b763-eaf350b3d09d@group-2E56AF20CBB2-SegmentedRaftLog:OPENED:c-1, conf=-1: [b0c1961e-9fec-49a7-b763-eaf350b3d09d|rpc:10.1.1.55:37181|dataStream:|priority:0, 0274ec44-c511-404a-9072-ead7ce024853|rpc:10.1.1.55:37251|dataStream:|priority:0, 14b40a93-8746-4852-b401-12fc62dc6a20|rpc:10.1.1.55:46737|dataStream:|priority:1], old=null
2022-09-28 15:53:26,192 [grpc-default-executor-1] INFO  server.RaftServer$Division (RaftServerImpl.java:requestVote(1152)) - 14b40a93-8746-4852-b401-12fc62dc6a20@group-2E56AF20CBB2: receive requestVote(ELECTION, 0274ec44-c511-404a-9072-ead7ce024853, group-2E56AF20CBB2, 1, (t:0, i:0))
2022-09-28 15:53:26,192 [grpc-default-executor-1] INFO  impl.VoteContext (VoteContext.java:log(48)) - 14b40a93-8746-4852-b401-12fc62dc6a20@group-2E56AF20CBB2-FOLLOWER: reject ELECTION from 0274ec44-c511-404a-9072-ead7ce024853: our priority 1 > candidate's priority 0
2022-09-28 15:53:26,192 [grpc-default-executor-1] INFO  server.RaftServer$Division (RaftServerImpl.java:setRole(299)) - 14b40a93-8746-4852-b401-12fc62dc6a20@group-2E56AF20CBB2: changes role from  FOLLOWER to FOLLOWER at term 1 for candidate:0274ec44-c511-404a-9072-ead7ce024853
2022-09-28 15:53:26,192 [grpc-default-executor-1] INFO  impl.RoleInfo (RoleInfo.java:shutdownFollowerState(110)) - 14b40a93-8746-4852-b401-12fc62dc6a20: shutdown 14b40a93-8746-4852-b401-12fc62dc6a20@group-2E56AF20CBB2-FollowerState
2022-09-28 15:53:26,192 [grpc-default-executor-1] INFO  impl.RoleInfo (RoleInfo.java:updateAndGet(139)) - 14b40a93-8746-4852-b401-12fc62dc6a20: start 14b40a93-8746-4852-b401-12fc62dc6a20@group-2E56AF20CBB2-FollowerState
2022-09-28 15:53:26,192 [14b40a93-8746-4852-b401-12fc62dc6a20@group-2E56AF20CBB2-FollowerState] INFO  impl.FollowerState (FollowerState.java:run(152)) - 14b40a93-8746-4852-b401-12fc62dc6a20@group-2E56AF20CBB2-FollowerState was interrupted
2022-09-28 15:53:26,196 [grpc-default-executor-1] INFO  server.RaftServer$Division (RaftServerImpl.java:requestVote(1184)) - 14b40a93-8746-4852-b401-12fc62dc6a20@group-2E56AF20CBB2 replies to ELECTION vote request: 0274ec44-c511-404a-9072-ead7ce024853<-14b40a93-8746-4852-b401-12fc62dc6a20#0:FAIL-t1. Peer's state: 14b40a93-8746-4852-b401-12fc62dc6a20@group-2E56AF20CBB2:t1, leader=null, voted=null, raftlog=14b40a93-8746-4852-b401-12fc62dc6a20@group-2E56AF20CBB2-SegmentedRaftLog:OPENED:c-1, conf=-1: [b0c1961e-9fec-49a7-b763-eaf350b3d09d|rpc:10.1.1.55:37181|dataStream:|priority:0, 0274ec44-c511-404a-9072-ead7ce024853|rpc:10.1.1.55:37251|dataStream:|priority:0, 14b40a93-8746-4852-b401-12fc62dc6a20|rpc:10.1.1.55:46737|dataStream:|priority:1], old=null
2022-09-28 15:53:26,218 [0274ec44-c511-404a-9072-ead7ce024853@group-2E56AF20CBB2-LeaderElection11] INFO  impl.LeaderElection (LeaderElection.java:logAndReturn(90)) - 0274ec44-c511-404a-9072-ead7ce024853@group-2E56AF20CBB2-LeaderElection11: ELECTION REJECTED received 2 response(s) and 0 exception(s):
2022-09-28 15:53:26,218 [0274ec44-c511-404a-9072-ead7ce024853@group-2E56AF20CBB2-LeaderElection11] INFO  impl.LeaderElection (LeaderElection.java:logAndReturn(94)) -   Response 0: 0274ec44-c511-404a-9072-ead7ce024853<-b0c1961e-9fec-49a7-b763-eaf350b3d09d#0:OK-t1
2022-09-28 15:53:26,218 [0274ec44-c511-404a-9072-ead7ce024853@group-2E56AF20CBB2-LeaderElection11] INFO  impl.LeaderElection (LeaderElection.java:logAndReturn(94)) -   Response 1: 0274ec44-c511-404a-9072-ead7ce024853<-14b40a93-8746-4852-b401-12fc62dc6a20#0:FAIL-t1
2022-09-28 15:53:26,218 [0274ec44-c511-404a-9072-ead7ce024853@group-2E56AF20CBB2-LeaderElection11] INFO  impl.LeaderElection (LeaderElection.java:askForVotes(312)) - 0274ec44-c511-404a-9072-ead7ce024853@group-2E56AF20CBB2-LeaderElection11 ELECTION round 0: result REJECTED
2022-09-28 15:53:26,218 [0274ec44-c511-404a-9072-ead7ce024853@group-2E56AF20CBB2-LeaderElection11] INFO  server.RaftServer$Division (RaftServerImpl.java:setRole(299)) - 0274ec44-c511-404a-9072-ead7ce024853@group-2E56AF20CBB2: changes role from CANDIDATE to FOLLOWER at term 1 for REJECTED
2022-09-28 15:53:26,218 [0274ec44-c511-404a-9072-ead7ce024853@group-2E56AF20CBB2-LeaderElection11] INFO  impl.RoleInfo (RoleInfo.java:shutdownLeaderElection(130)) - 0274ec44-c511-404a-9072-ead7ce024853: shutdown 0274ec44-c511-404a-9072-ead7ce024853@group-2E56AF20CBB2-LeaderElection11
2022-09-28 15:53:26,218 [0274ec44-c511-404a-9072-ead7ce024853@group-2E56AF20CBB2-LeaderElection11] INFO  impl.RoleInfo (RoleInfo.java:updateAndGet(139)) - 0274ec44-c511-404a-9072-ead7ce024853: start 0274ec44-c511-404a-9072-ead7ce024853@group-2E56AF20CBB2-FollowerState
2022-09-28 15:53:26,524 [Listener at 127.0.0.1/42319] INFO  ozone.MiniOzoneClusterImpl (MiniOzoneClusterImpl.java:lambda$waitForClusterToBeReady$0(216)) - Nodes are ready. Got 5 of 5 DN Heartbeats.
2022-09-28 15:53:26,526 [Listener at 127.0.0.1/42319] INFO  ozone.MiniOzoneClusterImpl (MiniOzoneClusterImpl.java:lambda$waitForClusterToBeReady$0(219)) - Waiting for cluster to exit safe mode
2022-09-28 15:53:26,526 [Listener at 127.0.0.1/42319] INFO  ozone.MiniOzoneClusterImpl (MiniOzoneClusterImpl.java:lambda$waitForClusterToBeReady$0(221)) - SCM became leader
2022-09-28 15:53:26,583 [14b40a93-8746-4852-b401-12fc62dc6a20@group-15911141E379-FollowerState] INFO  impl.FollowerState (FollowerState.java:run(143)) - 14b40a93-8746-4852-b401-12fc62dc6a20@group-15911141E379-FollowerState: change to CANDIDATE, lastRpcElapsedTime:5175330287ns, electionTimeout:5174ms
2022-09-28 15:53:26,584 [14b40a93-8746-4852-b401-12fc62dc6a20@group-15911141E379-FollowerState] INFO  impl.RoleInfo (RoleInfo.java:shutdownFollowerState(110)) - 14b40a93-8746-4852-b401-12fc62dc6a20: shutdown 14b40a93-8746-4852-b401-12fc62dc6a20@group-15911141E379-FollowerState
2022-09-28 15:53:26,584 [14b40a93-8746-4852-b401-12fc62dc6a20@group-15911141E379-FollowerState] INFO  server.RaftServer$Division (RaftServerImpl.java:setRole(299)) - 14b40a93-8746-4852-b401-12fc62dc6a20@group-15911141E379: changes role from  FOLLOWER to CANDIDATE at term 0 for changeToCandidate
2022-09-28 15:53:26,584 [14b40a93-8746-4852-b401-12fc62dc6a20@group-15911141E379-FollowerState] INFO  server.RaftServerConfigKeys (ConfUtils.java:logGet(46)) - raft.server.leaderelection.pre-vote = false (custom)
2022-09-28 15:53:26,584 [14b40a93-8746-4852-b401-12fc62dc6a20@group-15911141E379-FollowerState] INFO  impl.RoleInfo (RoleInfo.java:updateAndGet(139)) - 14b40a93-8746-4852-b401-12fc62dc6a20: start 14b40a93-8746-4852-b401-12fc62dc6a20@group-15911141E379-LeaderElection13
2022-09-28 15:53:26,591 [0274ec44-c511-404a-9072-ead7ce024853@group-5B2B81FF11F7-FollowerState] INFO  impl.FollowerState (FollowerState.java:run(143)) - 0274ec44-c511-404a-9072-ead7ce024853@group-5B2B81FF11F7-FollowerState: change to CANDIDATE, lastRpcElapsedTime:5145875985ns, electionTimeout:5145ms
2022-09-28 15:53:26,591 [0274ec44-c511-404a-9072-ead7ce024853@group-5B2B81FF11F7-FollowerState] INFO  impl.RoleInfo (RoleInfo.java:shutdownFollowerState(110)) - 0274ec44-c511-404a-9072-ead7ce024853: shutdown 0274ec44-c511-404a-9072-ead7ce024853@group-5B2B81FF11F7-FollowerState
2022-09-28 15:53:26,591 [0274ec44-c511-404a-9072-ead7ce024853@group-5B2B81FF11F7-FollowerState] INFO  server.RaftServer$Division (RaftServerImpl.java:setRole(299)) - 0274ec44-c511-404a-9072-ead7ce024853@group-5B2B81FF11F7: changes role from  FOLLOWER to CANDIDATE at term 0 for changeToCandidate
2022-09-28 15:53:26,591 [0274ec44-c511-404a-9072-ead7ce024853@group-5B2B81FF11F7-FollowerState] INFO  server.RaftServerConfigKeys (ConfUtils.java:logGet(46)) - raft.server.leaderelection.pre-vote = false (custom)
2022-09-28 15:53:26,591 [0274ec44-c511-404a-9072-ead7ce024853@group-5B2B81FF11F7-FollowerState] INFO  impl.RoleInfo (RoleInfo.java:updateAndGet(139)) - 0274ec44-c511-404a-9072-ead7ce024853: start 0274ec44-c511-404a-9072-ead7ce024853@group-5B2B81FF11F7-LeaderElection14
2022-09-28 15:53:26,604 [14b40a93-8746-4852-b401-12fc62dc6a20@group-5B2B81FF11F7-FollowerState] INFO  impl.FollowerState (FollowerState.java:run(143)) - 14b40a93-8746-4852-b401-12fc62dc6a20@group-5B2B81FF11F7-FollowerState: change to CANDIDATE, lastRpcElapsedTime:5141838244ns, electionTimeout:5112ms
2022-09-28 15:53:26,604 [14b40a93-8746-4852-b401-12fc62dc6a20@group-5B2B81FF11F7-FollowerState] INFO  impl.RoleInfo (RoleInfo.java:shutdownFollowerState(110)) - 14b40a93-8746-4852-b401-12fc62dc6a20: shutdown 14b40a93-8746-4852-b401-12fc62dc6a20@group-5B2B81FF11F7-FollowerState
2022-09-28 15:53:26,604 [14b40a93-8746-4852-b401-12fc62dc6a20@group-5B2B81FF11F7-FollowerState] INFO  server.RaftServer$Division (RaftServerImpl.java:setRole(299)) - 14b40a93-8746-4852-b401-12fc62dc6a20@group-5B2B81FF11F7: changes role from  FOLLOWER to CANDIDATE at term 0 for changeToCandidate
2022-09-28 15:53:26,604 [14b40a93-8746-4852-b401-12fc62dc6a20@group-5B2B81FF11F7-FollowerState] INFO  server.RaftServerConfigKeys (ConfUtils.java:logGet(46)) - raft.server.leaderelection.pre-vote = false (custom)
2022-09-28 15:53:26,604 [14b40a93-8746-4852-b401-12fc62dc6a20@group-5B2B81FF11F7-FollowerState] INFO  impl.RoleInfo (RoleInfo.java:updateAndGet(139)) - 14b40a93-8746-4852-b401-12fc62dc6a20: start 14b40a93-8746-4852-b401-12fc62dc6a20@group-5B2B81FF11F7-LeaderElection15
2022-09-28 15:53:26,629 [0274ec44-c511-404a-9072-ead7ce024853@group-5B2B81FF11F7-LeaderElection14] INFO  impl.LeaderElection (LeaderElection.java:askForVotes(310)) - 0274ec44-c511-404a-9072-ead7ce024853@group-5B2B81FF11F7-LeaderElection14 ELECTION round 0: submit vote requests at term 1 for -1: [b0c1961e-9fec-49a7-b763-eaf350b3d09d|rpc:10.1.1.55:37181|priority:1, 0274ec44-c511-404a-9072-ead7ce024853|rpc:10.1.1.55:37251|priority:0, 14b40a93-8746-4852-b401-12fc62dc6a20|rpc:10.1.1.55:46737|priority:0], old=null
2022-09-28 15:53:26,631 [14b40a93-8746-4852-b401-12fc62dc6a20@group-15911141E379-LeaderElection13] INFO  impl.LeaderElection (LeaderElection.java:askForVotes(310)) - 14b40a93-8746-4852-b401-12fc62dc6a20@group-15911141E379-LeaderElection13 ELECTION round 0: submit vote requests at term 1 for -1: [14b40a93-8746-4852-b401-12fc62dc6a20|rpc:10.1.1.55:46737|priority:1], old=null
2022-09-28 15:53:26,631 [14b40a93-8746-4852-b401-12fc62dc6a20@group-15911141E379-LeaderElection13] INFO  impl.LeaderElection (LeaderElection.java:askForVotes(312)) - 14b40a93-8746-4852-b401-12fc62dc6a20@group-15911141E379-LeaderElection13 ELECTION round 0: result PASSED (term=1)
2022-09-28 15:53:26,631 [14b40a93-8746-4852-b401-12fc62dc6a20@group-15911141E379-LeaderElection13] INFO  impl.RoleInfo (RoleInfo.java:shutdownLeaderElection(130)) - 14b40a93-8746-4852-b401-12fc62dc6a20: shutdown 14b40a93-8746-4852-b401-12fc62dc6a20@group-15911141E379-LeaderElection13
2022-09-28 15:53:26,631 [14b40a93-8746-4852-b401-12fc62dc6a20@group-15911141E379-LeaderElection13] INFO  server.RaftServer$Division (RaftServerImpl.java:setRole(299)) - 14b40a93-8746-4852-b401-12fc62dc6a20@group-15911141E379: changes role from CANDIDATE to LEADER at term 1 for changeToLeader
2022-09-28 15:53:26,631 [14b40a93-8746-4852-b401-12fc62dc6a20@group-15911141E379-LeaderElection13] INFO  ratis.XceiverServerRatis (XceiverServerRatis.java:handleLeaderChangedNotification(863)) - Leader change notification received for group: group-15911141E379 with new leaderId: 14b40a93-8746-4852-b401-12fc62dc6a20
2022-09-28 15:53:26,633 [b0c1961e-9fec-49a7-b763-eaf350b3d09d@group-5B2B81FF11F7-FollowerState] INFO  impl.FollowerState (FollowerState.java:run(143)) - b0c1961e-9fec-49a7-b763-eaf350b3d09d@group-5B2B81FF11F7-FollowerState: change to CANDIDATE, lastRpcElapsedTime:5036574364ns, electionTimeout:5007ms
2022-09-28 15:53:26,633 [b0c1961e-9fec-49a7-b763-eaf350b3d09d@group-5B2B81FF11F7-FollowerState] INFO  impl.RoleInfo (RoleInfo.java:shutdownFollowerState(110)) - b0c1961e-9fec-49a7-b763-eaf350b3d09d: shutdown b0c1961e-9fec-49a7-b763-eaf350b3d09d@group-5B2B81FF11F7-FollowerState
2022-09-28 15:53:26,633 [b0c1961e-9fec-49a7-b763-eaf350b3d09d@group-5B2B81FF11F7-FollowerState] INFO  server.RaftServer$Division (RaftServerImpl.java:setRole(299)) - b0c1961e-9fec-49a7-b763-eaf350b3d09d@group-5B2B81FF11F7: changes role from  FOLLOWER to CANDIDATE at term 0 for changeToCandidate
2022-09-28 15:53:26,652 [b0c1961e-9fec-49a7-b763-eaf350b3d09d@group-5B2B81FF11F7-FollowerState] INFO  server.RaftServerConfigKeys (ConfUtils.java:logGet(46)) - raft.server.leaderelection.pre-vote = false (custom)
2022-09-28 15:53:26,652 [b0c1961e-9fec-49a7-b763-eaf350b3d09d@group-5B2B81FF11F7-FollowerState] INFO  impl.RoleInfo (RoleInfo.java:updateAndGet(139)) - b0c1961e-9fec-49a7-b763-eaf350b3d09d: start b0c1961e-9fec-49a7-b763-eaf350b3d09d@group-5B2B81FF11F7-LeaderElection16
2022-09-28 15:53:26,652 [grpc-default-executor-1] INFO  server.RaftServer$Division (RaftServerImpl.java:requestVote(1152)) - b0c1961e-9fec-49a7-b763-eaf350b3d09d@group-5B2B81FF11F7: receive requestVote(ELECTION, 0274ec44-c511-404a-9072-ead7ce024853, group-5B2B81FF11F7, 1, (t:0, i:0))
2022-09-28 15:53:26,652 [14b40a93-8746-4852-b401-12fc62dc6a20@group-15911141E379-LeaderElection13] INFO  server.RaftServer$Division (ServerState.java:setLeader(287)) - 14b40a93-8746-4852-b401-12fc62dc6a20@group-15911141E379: change Leader from null to 14b40a93-8746-4852-b401-12fc62dc6a20 at term 1 for becomeLeader, leader elected after 5255ms
2022-09-28 15:53:26,652 [14b40a93-8746-4852-b401-12fc62dc6a20@group-15911141E379-LeaderElection13] INFO  server.RaftServerConfigKeys (ConfUtils.java:logGet(46)) - raft.server.staging.catchup.gap = 1000 (default)
2022-09-28 15:53:26,652 [14b40a93-8746-4852-b401-12fc62dc6a20@group-15911141E379-LeaderElection13] INFO  server.RaftServerConfigKeys (ConfUtils.java:logGet(46)) - raft.server.write.element-limit = 1024 (custom)
2022-09-28 15:53:26,652 [14b40a93-8746-4852-b401-12fc62dc6a20@group-15911141E379-LeaderElection13] INFO  server.RaftServerConfigKeys (ConfUtils.java:logGet(46)) - raft.server.write.byte-limit = 1024 M (=1073741824) (custom)
2022-09-28 15:53:26,652 [14b40a93-8746-4852-b401-12fc62dc6a20@group-15911141E379-LeaderElection13] INFO  server.RaftServerConfigKeys (ConfUtils.java:logGet(46)) - raft.server.watch.timeout = 180s (custom)
2022-09-28 15:53:26,653 [14b40a93-8746-4852-b401-12fc62dc6a20@group-15911141E379-LeaderElection13] INFO  server.RaftServerConfigKeys (ConfUtils.java:logGet(46)) - raft.server.watch.timeout.denomination = 1s (default)
2022-09-28 15:53:26,653 [14b40a93-8746-4852-b401-12fc62dc6a20@group-15911141E379-LeaderElection13] INFO  server.RaftServerConfigKeys (ConfUtils.java:logGet(46)) - raft.server.watch.element-limit = 65536 (default)
2022-09-28 15:53:26,653 [14b40a93-8746-4852-b401-12fc62dc6a20@group-15911141E379-LeaderElection13] INFO  server.RaftServerConfigKeys (ConfUtils.java:logGet(46)) - raft.server.write.element-limit = 1024 (custom)
2022-09-28 15:53:26,659 [14b40a93-8746-4852-b401-12fc62dc6a20@group-15911141E379-LeaderElection13] INFO  server.RaftServerConfigKeys (ConfUtils.java:logGet(46)) - raft.server.write.follower.gap.ratio.max = -1.0 (default)
2022-09-28 15:53:26,659 [14b40a93-8746-4852-b401-12fc62dc6a20@group-15911141E379-LeaderElection13] INFO  impl.RoleInfo (RoleInfo.java:updateAndGet(139)) - 14b40a93-8746-4852-b401-12fc62dc6a20: start 14b40a93-8746-4852-b401-12fc62dc6a20@group-15911141E379-LeaderStateImpl
2022-09-28 15:53:26,659 [14b40a93-8746-4852-b401-12fc62dc6a20@group-15911141E379-LeaderElection13] INFO  segmented.SegmentedRaftLogWorker (SegmentedRaftLogWorker.java:startLogSegment(425)) - 14b40a93-8746-4852-b401-12fc62dc6a20@group-15911141E379-SegmentedRaftLogWorker: Starting segment from index:0
2022-09-28 15:53:26,655 [grpc-default-executor-1] INFO  impl.VoteContext (VoteContext.java:log(48)) - b0c1961e-9fec-49a7-b763-eaf350b3d09d@group-5B2B81FF11F7-CANDIDATE: reject ELECTION from 0274ec44-c511-404a-9072-ead7ce024853: our priority 1 > candidate's priority 0
2022-09-28 15:53:26,660 [grpc-default-executor-1] INFO  server.RaftServer$Division (RaftServerImpl.java:setRole(299)) - b0c1961e-9fec-49a7-b763-eaf350b3d09d@group-5B2B81FF11F7: changes role from CANDIDATE to FOLLOWER at term 1 for candidate:0274ec44-c511-404a-9072-ead7ce024853
2022-09-28 15:53:26,660 [grpc-default-executor-1] INFO  impl.RoleInfo (RoleInfo.java:shutdownLeaderElection(130)) - b0c1961e-9fec-49a7-b763-eaf350b3d09d: shutdown b0c1961e-9fec-49a7-b763-eaf350b3d09d@group-5B2B81FF11F7-LeaderElection16
2022-09-28 15:53:26,661 [EventQueue-OpenPipelineForHealthyPipelineSafeModeRule] INFO  safemode.SCMSafeModeManager (HealthyPipelineSafeModeRule.java:process(137)) - SCM in safe mode. Healthy pipelines reported count is 0, required healthy pipeline reported count is 1
2022-09-28 15:53:26,662 [14b40a93-8746-4852-b401-12fc62dc6a20@group-15911141E379-SegmentedRaftLogWorker] INFO  segmented.SegmentedRaftLogWorker (SegmentedRaftLogWorker.java:execute(629)) - 14b40a93-8746-4852-b401-12fc62dc6a20@group-15911141E379-SegmentedRaftLogWorker: created new log segment /home/runner/work/ozone/ozone/hadoop-ozone/integration-test/target/test-dir/MiniOzoneClusterImpl-39beaa01-56cc-488c-9c2d-94b49c5a5f0c/datanode-1/data/ratis/ecd35342-9c63-4427-a567-15911141e379/current/log_inprogress_0
2022-09-28 15:53:26,675 [14b40a93-8746-4852-b401-12fc62dc6a20@group-5B2B81FF11F7-LeaderElection15] INFO  impl.LeaderElection (LeaderElection.java:askForVotes(310)) - 14b40a93-8746-4852-b401-12fc62dc6a20@group-5B2B81FF11F7-LeaderElection15 ELECTION round 0: submit vote requests at term 1 for -1: [b0c1961e-9fec-49a7-b763-eaf350b3d09d|rpc:10.1.1.55:37181|priority:1, 0274ec44-c511-404a-9072-ead7ce024853|rpc:10.1.1.55:37251|priority:0, 14b40a93-8746-4852-b401-12fc62dc6a20|rpc:10.1.1.55:46737|priority:0], old=null
2022-09-28 15:53:26,675 [b0c1961e-9fec-49a7-b763-eaf350b3d09d@group-5B2B81FF11F7-LeaderElection16] INFO  impl.LeaderElection (LeaderElection.java:run(231)) - b0c1961e-9fec-49a7-b763-eaf350b3d09d@group-5B2B81FF11F7-LeaderElection16: skip running since this is already CLOSING
2022-09-28 15:53:26,683 [grpc-default-executor-1] INFO  impl.RoleInfo (RoleInfo.java:updateAndGet(139)) - b0c1961e-9fec-49a7-b763-eaf350b3d09d: start b0c1961e-9fec-49a7-b763-eaf350b3d09d@group-5B2B81FF11F7-FollowerState
2022-09-28 15:53:26,683 [grpc-default-executor-0] INFO  server.RaftServer$Division (RaftServerImpl.java:requestVote(1152)) - 14b40a93-8746-4852-b401-12fc62dc6a20@group-5B2B81FF11F7: receive requestVote(ELECTION, 0274ec44-c511-404a-9072-ead7ce024853, group-5B2B81FF11F7, 1, (t:0, i:0))
2022-09-28 15:53:26,683 [grpc-default-executor-0] INFO  impl.VoteContext (VoteContext.java:log(48)) - 14b40a93-8746-4852-b401-12fc62dc6a20@group-5B2B81FF11F7-CANDIDATE: reject ELECTION from 0274ec44-c511-404a-9072-ead7ce024853: already has voted for 14b40a93-8746-4852-b401-12fc62dc6a20 at current term 1
2022-09-28 15:53:26,684 [grpc-default-executor-0] INFO  server.RaftServer$Division (RaftServerImpl.java:requestVote(1184)) - 14b40a93-8746-4852-b401-12fc62dc6a20@group-5B2B81FF11F7 replies to ELECTION vote request: 0274ec44-c511-404a-9072-ead7ce024853<-14b40a93-8746-4852-b401-12fc62dc6a20#0:FAIL-t1. Peer's state: 14b40a93-8746-4852-b401-12fc62dc6a20@group-5B2B81FF11F7:t1, leader=null, voted=14b40a93-8746-4852-b401-12fc62dc6a20, raftlog=14b40a93-8746-4852-b401-12fc62dc6a20@group-5B2B81FF11F7-SegmentedRaftLog:OPENED:c-1, conf=-1: [b0c1961e-9fec-49a7-b763-eaf350b3d09d|rpc:10.1.1.55:37181|priority:1, 0274ec44-c511-404a-9072-ead7ce024853|rpc:10.1.1.55:37251|priority:0, 14b40a93-8746-4852-b401-12fc62dc6a20|rpc:10.1.1.55:46737|priority:0], old=null
2022-09-28 15:53:26,684 [14b40a93-8746-4852-b401-12fc62dc6a20@group-15911141E379-LeaderElection13] INFO  server.RaftServer$Division (ServerState.java:setRaftConf(393)) - 14b40a93-8746-4852-b401-12fc62dc6a20@group-15911141E379: set configuration 0: [14b40a93-8746-4852-b401-12fc62dc6a20|rpc:10.1.1.55:46737|dataStream:|priority:1], old=null
2022-09-28 15:53:26,687 [grpc-default-executor-1] INFO  server.RaftServer$Division (RaftServerImpl.java:requestVote(1184)) - b0c1961e-9fec-49a7-b763-eaf350b3d09d@group-5B2B81FF11F7 replies to ELECTION vote request: 0274ec44-c511-404a-9072-ead7ce024853<-b0c1961e-9fec-49a7-b763-eaf350b3d09d#0:FAIL-t1. Peer's state: b0c1961e-9fec-49a7-b763-eaf350b3d09d@group-5B2B81FF11F7:t1, leader=null, voted=null, raftlog=b0c1961e-9fec-49a7-b763-eaf350b3d09d@group-5B2B81FF11F7-SegmentedRaftLog:OPENED:c-1, conf=-1: [b0c1961e-9fec-49a7-b763-eaf350b3d09d|rpc:10.1.1.55:37181|dataStream:|priority:1, 0274ec44-c511-404a-9072-ead7ce024853|rpc:10.1.1.55:37251|dataStream:|priority:0, 14b40a93-8746-4852-b401-12fc62dc6a20|rpc:10.1.1.55:46737|dataStream:|priority:0], old=null
2022-09-28 15:53:26,700 [0274ec44-c511-404a-9072-ead7ce024853@group-5B2B81FF11F7-LeaderElection14] INFO  impl.LeaderElection (LeaderElection.java:logAndReturn(90)) - 0274ec44-c511-404a-9072-ead7ce024853@group-5B2B81FF11F7-LeaderElection14: ELECTION REJECTED received 2 response(s) and 0 exception(s):
2022-09-28 15:53:26,700 [0274ec44-c511-404a-9072-ead7ce024853@group-5B2B81FF11F7-LeaderElection14] INFO  impl.LeaderElection (LeaderElection.java:logAndReturn(94)) -   Response 0: 0274ec44-c511-404a-9072-ead7ce024853<-b0c1961e-9fec-49a7-b763-eaf350b3d09d#0:FAIL-t1
2022-09-28 15:53:26,700 [0274ec44-c511-404a-9072-ead7ce024853@group-5B2B81FF11F7-LeaderElection14] INFO  impl.LeaderElection (LeaderElection.java:logAndReturn(94)) -   Response 1: 0274ec44-c511-404a-9072-ead7ce024853<-14b40a93-8746-4852-b401-12fc62dc6a20#0:FAIL-t1
2022-09-28 15:53:26,700 [0274ec44-c511-404a-9072-ead7ce024853@group-5B2B81FF11F7-LeaderElection14] INFO  impl.LeaderElection (LeaderElection.java:askForVotes(312)) - 0274ec44-c511-404a-9072-ead7ce024853@group-5B2B81FF11F7-LeaderElection14 ELECTION round 0: result REJECTED
2022-09-28 15:53:26,700 [0274ec44-c511-404a-9072-ead7ce024853@group-5B2B81FF11F7-LeaderElection14] INFO  server.RaftServer$Division (RaftServerImpl.java:setRole(299)) - 0274ec44-c511-404a-9072-ead7ce024853@group-5B2B81FF11F7: changes role from CANDIDATE to FOLLOWER at term 1 for REJECTED
2022-09-28 15:53:26,700 [0274ec44-c511-404a-9072-ead7ce024853@group-5B2B81FF11F7-LeaderElection14] INFO  impl.RoleInfo (RoleInfo.java:shutdownLeaderElection(130)) - 0274ec44-c511-404a-9072-ead7ce024853: shutdown 0274ec44-c511-404a-9072-ead7ce024853@group-5B2B81FF11F7-LeaderElection14
2022-09-28 15:53:26,700 [0274ec44-c511-404a-9072-ead7ce024853@group-5B2B81FF11F7-LeaderElection14] INFO  impl.RoleInfo (RoleInfo.java:updateAndGet(139)) - 0274ec44-c511-404a-9072-ead7ce024853: start 0274ec44-c511-404a-9072-ead7ce024853@group-5B2B81FF11F7-FollowerState
2022-09-28 15:53:26,771 [grpc-default-executor-2] INFO  server.RaftServer$Division (RaftServerImpl.java:requestVote(1152)) - 0274ec44-c511-404a-9072-ead7ce024853@group-5B2B81FF11F7: receive requestVote(ELECTION, 14b40a93-8746-4852-b401-12fc62dc6a20, group-5B2B81FF11F7, 1, (t:0, i:0))
2022-09-28 15:53:26,773 [grpc-default-executor-2] INFO  impl.VoteContext (VoteContext.java:log(48)) - 0274ec44-c511-404a-9072-ead7ce024853@group-5B2B81FF11F7-FOLLOWER: reject ELECTION from 14b40a93-8746-4852-b401-12fc62dc6a20: already has voted for 0274ec44-c511-404a-9072-ead7ce024853 at current term 1
2022-09-28 15:53:26,773 [grpc-default-executor-2] INFO  server.RaftServer$Division (RaftServerImpl.java:requestVote(1184)) - 0274ec44-c511-404a-9072-ead7ce024853@group-5B2B81FF11F7 replies to ELECTION vote request: 14b40a93-8746-4852-b401-12fc62dc6a20<-0274ec44-c511-404a-9072-ead7ce024853#0:FAIL-t1. Peer's state: 0274ec44-c511-404a-9072-ead7ce024853@group-5B2B81FF11F7:t1, leader=null, voted=0274ec44-c511-404a-9072-ead7ce024853, raftlog=0274ec44-c511-404a-9072-ead7ce024853@group-5B2B81FF11F7-SegmentedRaftLog:OPENED:c-1, conf=-1: [b0c1961e-9fec-49a7-b763-eaf350b3d09d|rpc:10.1.1.55:37181|priority:1, 0274ec44-c511-404a-9072-ead7ce024853|rpc:10.1.1.55:37251|priority:0, 14b40a93-8746-4852-b401-12fc62dc6a20|rpc:10.1.1.55:46737|priority:0], old=null
2022-09-28 15:53:26,774 [grpc-default-executor-1] INFO  server.RaftServer$Division (RaftServerImpl.java:requestVote(1152)) - b0c1961e-9fec-49a7-b763-eaf350b3d09d@group-5B2B81FF11F7: receive requestVote(ELECTION, 14b40a93-8746-4852-b401-12fc62dc6a20, group-5B2B81FF11F7, 1, (t:0, i:0))
2022-09-28 15:53:26,774 [grpc-default-executor-1] INFO  impl.VoteContext (VoteContext.java:log(48)) - b0c1961e-9fec-49a7-b763-eaf350b3d09d@group-5B2B81FF11F7-FOLLOWER: reject ELECTION from 14b40a93-8746-4852-b401-12fc62dc6a20: our priority 1 > candidate's priority 0
2022-09-28 15:53:26,774 [grpc-default-executor-1] INFO  server.RaftServer$Division (RaftServerImpl.java:setRole(299)) - b0c1961e-9fec-49a7-b763-eaf350b3d09d@group-5B2B81FF11F7: changes role from  FOLLOWER to FOLLOWER at term 1 for candidate:14b40a93-8746-4852-b401-12fc62dc6a20
2022-09-28 15:53:26,774 [grpc-default-executor-1] INFO  impl.RoleInfo (RoleInfo.java:shutdownFollowerState(110)) - b0c1961e-9fec-49a7-b763-eaf350b3d09d: shutdown b0c1961e-9fec-49a7-b763-eaf350b3d09d@group-5B2B81FF11F7-FollowerState
2022-09-28 15:53:26,774 [grpc-default-executor-1] INFO  impl.RoleInfo (RoleInfo.java:updateAndGet(139)) - b0c1961e-9fec-49a7-b763-eaf350b3d09d: start b0c1961e-9fec-49a7-b763-eaf350b3d09d@group-5B2B81FF11F7-FollowerState
2022-09-28 15:53:26,774 [b0c1961e-9fec-49a7-b763-eaf350b3d09d@group-5B2B81FF11F7-FollowerState] INFO  impl.FollowerState (FollowerState.java:run(152)) - b0c1961e-9fec-49a7-b763-eaf350b3d09d@group-5B2B81FF11F7-FollowerState was interrupted
2022-09-28 15:53:26,787 [grpc-default-executor-1] INFO  server.RaftServer$Division (RaftServerImpl.java:requestVote(1184)) - b0c1961e-9fec-49a7-b763-eaf350b3d09d@group-5B2B81FF11F7 replies to ELECTION vote request: 14b40a93-8746-4852-b401-12fc62dc6a20<-b0c1961e-9fec-49a7-b763-eaf350b3d09d#0:FAIL-t1. Peer's state: b0c1961e-9fec-49a7-b763-eaf350b3d09d@group-5B2B81FF11F7:t1, leader=null, voted=null, raftlog=b0c1961e-9fec-49a7-b763-eaf350b3d09d@group-5B2B81FF11F7-SegmentedRaftLog:OPENED:c-1, conf=-1: [b0c1961e-9fec-49a7-b763-eaf350b3d09d|rpc:10.1.1.55:37181|dataStream:|priority:1, 0274ec44-c511-404a-9072-ead7ce024853|rpc:10.1.1.55:37251|dataStream:|priority:0, 14b40a93-8746-4852-b401-12fc62dc6a20|rpc:10.1.1.55:46737|dataStream:|priority:0], old=null
2022-09-28 15:53:26,797 [14b40a93-8746-4852-b401-12fc62dc6a20@group-5B2B81FF11F7-LeaderElection15] INFO  impl.LeaderElection (LeaderElection.java:logAndReturn(90)) - 14b40a93-8746-4852-b401-12fc62dc6a20@group-5B2B81FF11F7-LeaderElection15: ELECTION REJECTED received 2 response(s) and 0 exception(s):
2022-09-28 15:53:26,798 [14b40a93-8746-4852-b401-12fc62dc6a20@group-5B2B81FF11F7-LeaderElection15] INFO  impl.LeaderElection (LeaderElection.java:logAndReturn(94)) -   Response 0: 14b40a93-8746-4852-b401-12fc62dc6a20<-b0c1961e-9fec-49a7-b763-eaf350b3d09d#0:FAIL-t1
2022-09-28 15:53:26,798 [14b40a93-8746-4852-b401-12fc62dc6a20@group-5B2B81FF11F7-LeaderElection15] INFO  impl.LeaderElection (LeaderElection.java:logAndReturn(94)) -   Response 1: 14b40a93-8746-4852-b401-12fc62dc6a20<-0274ec44-c511-404a-9072-ead7ce024853#0:FAIL-t1
2022-09-28 15:53:26,798 [14b40a93-8746-4852-b401-12fc62dc6a20@group-5B2B81FF11F7-LeaderElection15] INFO  impl.LeaderElection (LeaderElection.java:askForVotes(312)) - 14b40a93-8746-4852-b401-12fc62dc6a20@group-5B2B81FF11F7-LeaderElection15 ELECTION round 0: result REJECTED
2022-09-28 15:53:26,798 [14b40a93-8746-4852-b401-12fc62dc6a20@group-5B2B81FF11F7-LeaderElection15] INFO  server.RaftServer$Division (RaftServerImpl.java:setRole(299)) - 14b40a93-8746-4852-b401-12fc62dc6a20@group-5B2B81FF11F7: changes role from CANDIDATE to FOLLOWER at term 1 for REJECTED
2022-09-28 15:53:26,798 [14b40a93-8746-4852-b401-12fc62dc6a20@group-5B2B81FF11F7-LeaderElection15] INFO  impl.RoleInfo (RoleInfo.java:shutdownLeaderElection(130)) - 14b40a93-8746-4852-b401-12fc62dc6a20: shutdown 14b40a93-8746-4852-b401-12fc62dc6a20@group-5B2B81FF11F7-LeaderElection15
2022-09-28 15:53:26,798 [14b40a93-8746-4852-b401-12fc62dc6a20@group-5B2B81FF11F7-LeaderElection15] INFO  impl.RoleInfo (RoleInfo.java:updateAndGet(139)) - 14b40a93-8746-4852-b401-12fc62dc6a20: start 14b40a93-8746-4852-b401-12fc62dc6a20@group-5B2B81FF11F7-FollowerState
2022-09-28 15:53:27,175 [b0c1961e-9fec-49a7-b763-eaf350b3d09d@group-18D7AB4E6518-FollowerState] INFO  impl.FollowerState (FollowerState.java:run(143)) - b0c1961e-9fec-49a7-b763-eaf350b3d09d@group-18D7AB4E6518-FollowerState: change to CANDIDATE, lastRpcElapsedTime:5126138983ns, electionTimeout:5115ms
2022-09-28 15:53:27,177 [b0c1961e-9fec-49a7-b763-eaf350b3d09d@group-18D7AB4E6518-FollowerState] INFO  impl.RoleInfo (RoleInfo.java:shutdownFollowerState(110)) - b0c1961e-9fec-49a7-b763-eaf350b3d09d: shutdown b0c1961e-9fec-49a7-b763-eaf350b3d09d@group-18D7AB4E6518-FollowerState
2022-09-28 15:53:27,177 [b0c1961e-9fec-49a7-b763-eaf350b3d09d@group-18D7AB4E6518-FollowerState] INFO  server.RaftServer$Division (RaftServerImpl.java:setRole(299)) - b0c1961e-9fec-49a7-b763-eaf350b3d09d@group-18D7AB4E6518: changes role from  FOLLOWER to CANDIDATE at term 0 for changeToCandidate
2022-09-28 15:53:27,177 [b0c1961e-9fec-49a7-b763-eaf350b3d09d@group-18D7AB4E6518-FollowerState] INFO  server.RaftServerConfigKeys (ConfUtils.java:logGet(46)) - raft.server.leaderelection.pre-vote = false (custom)
2022-09-28 15:53:27,177 [b0c1961e-9fec-49a7-b763-eaf350b3d09d@group-18D7AB4E6518-FollowerState] INFO  impl.RoleInfo (RoleInfo.java:updateAndGet(139)) - b0c1961e-9fec-49a7-b763-eaf350b3d09d: start b0c1961e-9fec-49a7-b763-eaf350b3d09d@group-18D7AB4E6518-LeaderElection17
2022-09-28 15:53:27,193 [b0c1961e-9fec-49a7-b763-eaf350b3d09d@group-18D7AB4E6518-LeaderElection17] INFO  impl.LeaderElection (LeaderElection.java:askForVotes(310)) - b0c1961e-9fec-49a7-b763-eaf350b3d09d@group-18D7AB4E6518-LeaderElection17 ELECTION round 0: submit vote requests at term 1 for -1: [b0c1961e-9fec-49a7-b763-eaf350b3d09d|rpc:10.1.1.55:37181|priority:1], old=null
2022-09-28 15:53:27,193 [b0c1961e-9fec-49a7-b763-eaf350b3d09d@group-18D7AB4E6518-LeaderElection17] INFO  impl.LeaderElection (LeaderElection.java:askForVotes(312)) - b0c1961e-9fec-49a7-b763-eaf350b3d09d@group-18D7AB4E6518-LeaderElection17 ELECTION round 0: result PASSED (term=1)
2022-09-28 15:53:27,193 [b0c1961e-9fec-49a7-b763-eaf350b3d09d@group-18D7AB4E6518-LeaderElection17] INFO  impl.RoleInfo (RoleInfo.java:shutdownLeaderElection(130)) - b0c1961e-9fec-49a7-b763-eaf350b3d09d: shutdown b0c1961e-9fec-49a7-b763-eaf350b3d09d@group-18D7AB4E6518-LeaderElection17
2022-09-28 15:53:27,193 [b0c1961e-9fec-49a7-b763-eaf350b3d09d@group-18D7AB4E6518-LeaderElection17] INFO  server.RaftServer$Division (RaftServerImpl.java:setRole(299)) - b0c1961e-9fec-49a7-b763-eaf350b3d09d@group-18D7AB4E6518: changes role from CANDIDATE to LEADER at term 1 for changeToLeader
2022-09-28 15:53:27,193 [b0c1961e-9fec-49a7-b763-eaf350b3d09d@group-18D7AB4E6518-LeaderElection17] INFO  ratis.XceiverServerRatis (XceiverServerRatis.java:handleLeaderChangedNotification(863)) - Leader change notification received for group: group-18D7AB4E6518 with new leaderId: b0c1961e-9fec-49a7-b763-eaf350b3d09d
2022-09-28 15:53:27,194 [b0c1961e-9fec-49a7-b763-eaf350b3d09d@group-18D7AB4E6518-LeaderElection17] INFO  server.RaftServer$Division (ServerState.java:setLeader(287)) - b0c1961e-9fec-49a7-b763-eaf350b3d09d@group-18D7AB4E6518: change Leader from null to b0c1961e-9fec-49a7-b763-eaf350b3d09d at term 1 for becomeLeader, leader elected after 5173ms
2022-09-28 15:53:27,194 [b0c1961e-9fec-49a7-b763-eaf350b3d09d@group-18D7AB4E6518-LeaderElection17] INFO  server.RaftServerConfigKeys (ConfUtils.java:logGet(46)) - raft.server.staging.catchup.gap = 1000 (default)
2022-09-28 15:53:27,194 [b0c1961e-9fec-49a7-b763-eaf350b3d09d@group-18D7AB4E6518-LeaderElection17] INFO  server.RaftServerConfigKeys (ConfUtils.java:logGet(46)) - raft.server.write.element-limit = 1024 (custom)
2022-09-28 15:53:27,194 [b0c1961e-9fec-49a7-b763-eaf350b3d09d@group-18D7AB4E6518-LeaderElection17] INFO  server.RaftServerConfigKeys (ConfUtils.java:logGet(46)) - raft.server.write.byte-limit = 1024 M (=1073741824) (custom)
2022-09-28 15:53:27,195 [b0c1961e-9fec-49a7-b763-eaf350b3d09d@group-18D7AB4E6518-LeaderElection17] INFO  server.RaftServerConfigKeys (ConfUtils.java:logGet(46)) - raft.server.watch.timeout = 180s (custom)
2022-09-28 15:53:27,195 [b0c1961e-9fec-49a7-b763-eaf350b3d09d@group-18D7AB4E6518-LeaderElection17] INFO  server.RaftServerConfigKeys (ConfUtils.java:logGet(46)) - raft.server.watch.timeout.denomination = 1s (default)
2022-09-28 15:53:27,195 [b0c1961e-9fec-49a7-b763-eaf350b3d09d@group-18D7AB4E6518-LeaderElection17] INFO  server.RaftServerConfigKeys (ConfUtils.java:logGet(46)) - raft.server.watch.element-limit = 65536 (default)
2022-09-28 15:53:27,195 [b0c1961e-9fec-49a7-b763-eaf350b3d09d@group-18D7AB4E6518-LeaderElection17] INFO  server.RaftServerConfigKeys (ConfUtils.java:logGet(46)) - raft.server.write.element-limit = 1024 (custom)
2022-09-28 15:53:27,195 [b0c1961e-9fec-49a7-b763-eaf350b3d09d@group-18D7AB4E6518-LeaderElection17] INFO  server.RaftServerConfigKeys (ConfUtils.java:logGet(46)) - raft.server.write.follower.gap.ratio.max = -1.0 (default)
2022-09-28 15:53:27,195 [b0c1961e-9fec-49a7-b763-eaf350b3d09d@group-18D7AB4E6518-LeaderElection17] INFO  impl.RoleInfo (RoleInfo.java:updateAndGet(139)) - b0c1961e-9fec-49a7-b763-eaf350b3d09d: start b0c1961e-9fec-49a7-b763-eaf350b3d09d@group-18D7AB4E6518-LeaderStateImpl
2022-09-28 15:53:27,195 [b0c1961e-9fec-49a7-b763-eaf350b3d09d@group-18D7AB4E6518-LeaderElection17] INFO  segmented.SegmentedRaftLogWorker (SegmentedRaftLogWorker.java:startLogSegment(425)) - b0c1961e-9fec-49a7-b763-eaf350b3d09d@group-18D7AB4E6518-SegmentedRaftLogWorker: Starting segment from index:0
2022-09-28 15:53:27,203 [b0c1961e-9fec-49a7-b763-eaf350b3d09d@group-18D7AB4E6518-LeaderElection17] INFO  server.RaftServer$Division (ServerState.java:setRaftConf(393)) - b0c1961e-9fec-49a7-b763-eaf350b3d09d@group-18D7AB4E6518: set configuration 0: [b0c1961e-9fec-49a7-b763-eaf350b3d09d|rpc:10.1.1.55:37181|dataStream:|priority:1], old=null
2022-09-28 15:53:27,215 [b0c1961e-9fec-49a7-b763-eaf350b3d09d@group-18D7AB4E6518-SegmentedRaftLogWorker] INFO  segmented.SegmentedRaftLogWorker (SegmentedRaftLogWorker.java:execute(629)) - b0c1961e-9fec-49a7-b763-eaf350b3d09d@group-18D7AB4E6518-SegmentedRaftLogWorker: created new log segment /home/runner/work/ozone/ozone/hadoop-ozone/integration-test/target/test-dir/MiniOzoneClusterImpl-39beaa01-56cc-488c-9c2d-94b49c5a5f0c/datanode-2/data/ratis/a11287a4-4580-454d-8214-18d7ab4e6518/current/log_inprogress_0
2022-09-28 15:53:27,216 [EventQueue-OpenPipelineForHealthyPipelineSafeModeRule] INFO  safemode.SCMSafeModeManager (HealthyPipelineSafeModeRule.java:process(137)) - SCM in safe mode. Healthy pipelines reported count is 0, required healthy pipeline reported count is 1
2022-09-28 15:53:27,526 [Listener at 127.0.0.1/42319] INFO  ozone.MiniOzoneClusterImpl (MiniOzoneClusterImpl.java:lambda$waitForClusterToBeReady$0(216)) - Nodes are ready. Got 5 of 5 DN Heartbeats.
2022-09-28 15:53:27,526 [Listener at 127.0.0.1/42319] INFO  ozone.MiniOzoneClusterImpl (MiniOzoneClusterImpl.java:lambda$waitForClusterToBeReady$0(219)) - Waiting for cluster to exit safe mode
2022-09-28 15:53:27,526 [Listener at 127.0.0.1/42319] INFO  ozone.MiniOzoneClusterImpl (MiniOzoneClusterImpl.java:lambda$waitForClusterToBeReady$0(221)) - SCM became leader
2022-09-28 15:53:27,970 [79199500-620f-41d1-bc3c-c3a003fb4526@group-62864CC400DC-FollowerState] INFO  impl.FollowerState (FollowerState.java:run(143)) - 79199500-620f-41d1-bc3c-c3a003fb4526@group-62864CC400DC-FollowerState: change to CANDIDATE, lastRpcElapsedTime:5165026581ns, electionTimeout:5154ms
2022-09-28 15:53:27,970 [79199500-620f-41d1-bc3c-c3a003fb4526@group-62864CC400DC-FollowerState] INFO  impl.RoleInfo (RoleInfo.java:shutdownFollowerState(110)) - 79199500-620f-41d1-bc3c-c3a003fb4526: shutdown 79199500-620f-41d1-bc3c-c3a003fb4526@group-62864CC400DC-FollowerState
2022-09-28 15:53:27,970 [79199500-620f-41d1-bc3c-c3a003fb4526@group-62864CC400DC-FollowerState] INFO  server.RaftServer$Division (RaftServerImpl.java:setRole(299)) - 79199500-620f-41d1-bc3c-c3a003fb4526@group-62864CC400DC: changes role from  FOLLOWER to CANDIDATE at term 0 for changeToCandidate
2022-09-28 15:53:27,970 [79199500-620f-41d1-bc3c-c3a003fb4526@group-62864CC400DC-FollowerState] INFO  server.RaftServerConfigKeys (ConfUtils.java:logGet(46)) - raft.server.leaderelection.pre-vote = false (custom)
2022-09-28 15:53:27,970 [79199500-620f-41d1-bc3c-c3a003fb4526@group-62864CC400DC-FollowerState] INFO  impl.RoleInfo (RoleInfo.java:updateAndGet(139)) - 79199500-620f-41d1-bc3c-c3a003fb4526: start 79199500-620f-41d1-bc3c-c3a003fb4526@group-62864CC400DC-LeaderElection18
2022-09-28 15:53:27,995 [79199500-620f-41d1-bc3c-c3a003fb4526@group-62864CC400DC-LeaderElection18] INFO  impl.LeaderElection (LeaderElection.java:askForVotes(310)) - 79199500-620f-41d1-bc3c-c3a003fb4526@group-62864CC400DC-LeaderElection18 ELECTION round 0: submit vote requests at term 1 for -1: [79199500-620f-41d1-bc3c-c3a003fb4526|rpc:10.1.1.55:32861|priority:1], old=null
2022-09-28 15:53:27,995 [79199500-620f-41d1-bc3c-c3a003fb4526@group-62864CC400DC-LeaderElection18] INFO  impl.LeaderElection (LeaderElection.java:askForVotes(312)) - 79199500-620f-41d1-bc3c-c3a003fb4526@group-62864CC400DC-LeaderElection18 ELECTION round 0: result PASSED (term=1)
2022-09-28 15:53:27,995 [79199500-620f-41d1-bc3c-c3a003fb4526@group-62864CC400DC-LeaderElection18] INFO  impl.RoleInfo (RoleInfo.java:shutdownLeaderElection(130)) - 79199500-620f-41d1-bc3c-c3a003fb4526: shutdown 79199500-620f-41d1-bc3c-c3a003fb4526@group-62864CC400DC-LeaderElection18
2022-09-28 15:53:27,995 [79199500-620f-41d1-bc3c-c3a003fb4526@group-62864CC400DC-LeaderElection18] INFO  server.RaftServer$Division (RaftServerImpl.java:setRole(299)) - 79199500-620f-41d1-bc3c-c3a003fb4526@group-62864CC400DC: changes role from CANDIDATE to LEADER at term 1 for changeToLeader
2022-09-28 15:53:27,995 [79199500-620f-41d1-bc3c-c3a003fb4526@group-62864CC400DC-LeaderElection18] INFO  ratis.XceiverServerRatis (XceiverServerRatis.java:handleLeaderChangedNotification(863)) - Leader change notification received for group: group-62864CC400DC with new leaderId: 79199500-620f-41d1-bc3c-c3a003fb4526
2022-09-28 15:53:27,995 [79199500-620f-41d1-bc3c-c3a003fb4526@group-62864CC400DC-LeaderElection18] INFO  server.RaftServer$Division (ServerState.java:setLeader(287)) - 79199500-620f-41d1-bc3c-c3a003fb4526@group-62864CC400DC: change Leader from null to 79199500-620f-41d1-bc3c-c3a003fb4526 at term 1 for becomeLeader, leader elected after 5219ms
2022-09-28 15:53:27,995 [79199500-620f-41d1-bc3c-c3a003fb4526@group-62864CC400DC-LeaderElection18] INFO  server.RaftServerConfigKeys (ConfUtils.java:logGet(46)) - raft.server.staging.catchup.gap = 1000 (default)
2022-09-28 15:53:27,996 [79199500-620f-41d1-bc3c-c3a003fb4526@group-62864CC400DC-LeaderElection18] INFO  server.RaftServerConfigKeys (ConfUtils.java:logGet(46)) - raft.server.write.element-limit = 1024 (custom)
2022-09-28 15:53:27,996 [79199500-620f-41d1-bc3c-c3a003fb4526@group-62864CC400DC-LeaderElection18] INFO  server.RaftServerConfigKeys (ConfUtils.java:logGet(46)) - raft.server.write.byte-limit = 1024 M (=1073741824) (custom)
2022-09-28 15:53:27,997 [EventQueue-OpenPipelineForHealthyPipelineSafeModeRule] INFO  safemode.SCMSafeModeManager (HealthyPipelineSafeModeRule.java:process(137)) - SCM in safe mode. Healthy pipelines reported count is 0, required healthy pipeline reported count is 1
2022-09-28 15:53:27,998 [79199500-620f-41d1-bc3c-c3a003fb4526@group-62864CC400DC-LeaderElection18] INFO  server.RaftServerConfigKeys (ConfUtils.java:logGet(46)) - raft.server.watch.timeout = 180s (custom)
2022-09-28 15:53:27,998 [79199500-620f-41d1-bc3c-c3a003fb4526@group-62864CC400DC-LeaderElection18] INFO  server.RaftServerConfigKeys (ConfUtils.java:logGet(46)) - raft.server.watch.timeout.denomination = 1s (default)
2022-09-28 15:53:27,998 [79199500-620f-41d1-bc3c-c3a003fb4526@group-62864CC400DC-LeaderElection18] INFO  server.RaftServerConfigKeys (ConfUtils.java:logGet(46)) - raft.server.watch.element-limit = 65536 (default)
2022-09-28 15:53:27,998 [79199500-620f-41d1-bc3c-c3a003fb4526@group-62864CC400DC-LeaderElection18] INFO  server.RaftServerConfigKeys (ConfUtils.java:logGet(46)) - raft.server.write.element-limit = 1024 (custom)
2022-09-28 15:53:27,998 [79199500-620f-41d1-bc3c-c3a003fb4526@group-62864CC400DC-LeaderElection18] INFO  server.RaftServerConfigKeys (ConfUtils.java:logGet(46)) - raft.server.write.follower.gap.ratio.max = -1.0 (default)
2022-09-28 15:53:27,998 [79199500-620f-41d1-bc3c-c3a003fb4526@group-62864CC400DC-LeaderElection18] INFO  impl.RoleInfo (RoleInfo.java:updateAndGet(139)) - 79199500-620f-41d1-bc3c-c3a003fb4526: start 79199500-620f-41d1-bc3c-c3a003fb4526@group-62864CC400DC-LeaderStateImpl
2022-09-28 15:53:27,998 [79199500-620f-41d1-bc3c-c3a003fb4526@group-62864CC400DC-LeaderElection18] INFO  segmented.SegmentedRaftLogWorker (SegmentedRaftLogWorker.java:startLogSegment(425)) - 79199500-620f-41d1-bc3c-c3a003fb4526@group-62864CC400DC-SegmentedRaftLogWorker: Starting segment from index:0
2022-09-28 15:53:28,003 [79199500-620f-41d1-bc3c-c3a003fb4526@group-62864CC400DC-SegmentedRaftLogWorker] INFO  segmented.SegmentedRaftLogWorker (SegmentedRaftLogWorker.java:execute(629)) - 79199500-620f-41d1-bc3c-c3a003fb4526@group-62864CC400DC-SegmentedRaftLogWorker: created new log segment /home/runner/work/ozone/ozone/hadoop-ozone/integration-test/target/test-dir/MiniOzoneClusterImpl-39beaa01-56cc-488c-9c2d-94b49c5a5f0c/datanode-3/data/ratis/3449e015-cc7f-4d83-931c-62864cc400dc/current/log_inprogress_0
2022-09-28 15:53:28,010 [79199500-620f-41d1-bc3c-c3a003fb4526@group-62864CC400DC-LeaderElection18] INFO  server.RaftServer$Division (ServerState.java:setRaftConf(393)) - 79199500-620f-41d1-bc3c-c3a003fb4526@group-62864CC400DC: set configuration 0: [79199500-620f-41d1-bc3c-c3a003fb4526|rpc:10.1.1.55:32861|dataStream:|priority:1], old=null
2022-09-28 15:53:28,526 [Listener at 127.0.0.1/42319] INFO  ozone.MiniOzoneClusterImpl (MiniOzoneClusterImpl.java:lambda$waitForClusterToBeReady$0(216)) - Nodes are ready. Got 5 of 5 DN Heartbeats.
2022-09-28 15:53:28,527 [Listener at 127.0.0.1/42319] INFO  ozone.MiniOzoneClusterImpl (MiniOzoneClusterImpl.java:lambda$waitForClusterToBeReady$0(219)) - Waiting for cluster to exit safe mode
2022-09-28 15:53:28,527 [Listener at 127.0.0.1/42319] INFO  ozone.MiniOzoneClusterImpl (MiniOzoneClusterImpl.java:lambda$waitForClusterToBeReady$0(221)) - SCM became leader
2022-09-28 15:53:28,833 [bac3ed17-915a-43dc-90c7-c77b09e81c24@group-AA6E30361165-FollowerState] INFO  impl.FollowerState (FollowerState.java:run(143)) - bac3ed17-915a-43dc-90c7-c77b09e81c24@group-AA6E30361165-FollowerState: change to CANDIDATE, lastRpcElapsedTime:5176346950ns, electionTimeout:5172ms
2022-09-28 15:53:28,833 [bac3ed17-915a-43dc-90c7-c77b09e81c24@group-AA6E30361165-FollowerState] INFO  impl.RoleInfo (RoleInfo.java:shutdownFollowerState(110)) - bac3ed17-915a-43dc-90c7-c77b09e81c24: shutdown bac3ed17-915a-43dc-90c7-c77b09e81c24@group-AA6E30361165-FollowerState
2022-09-28 15:53:28,833 [bac3ed17-915a-43dc-90c7-c77b09e81c24@group-AA6E30361165-FollowerState] INFO  server.RaftServer$Division (RaftServerImpl.java:setRole(299)) - bac3ed17-915a-43dc-90c7-c77b09e81c24@group-AA6E30361165: changes role from  FOLLOWER to CANDIDATE at term 0 for changeToCandidate
2022-09-28 15:53:28,834 [bac3ed17-915a-43dc-90c7-c77b09e81c24@group-AA6E30361165-FollowerState] INFO  server.RaftServerConfigKeys (ConfUtils.java:logGet(46)) - raft.server.leaderelection.pre-vote = false (custom)
2022-09-28 15:53:28,834 [bac3ed17-915a-43dc-90c7-c77b09e81c24@group-AA6E30361165-FollowerState] INFO  impl.RoleInfo (RoleInfo.java:updateAndGet(139)) - bac3ed17-915a-43dc-90c7-c77b09e81c24: start bac3ed17-915a-43dc-90c7-c77b09e81c24@group-AA6E30361165-LeaderElection19
2022-09-28 15:53:28,853 [bac3ed17-915a-43dc-90c7-c77b09e81c24@group-AA6E30361165-LeaderElection19] INFO  impl.LeaderElection (LeaderElection.java:askForVotes(310)) - bac3ed17-915a-43dc-90c7-c77b09e81c24@group-AA6E30361165-LeaderElection19 ELECTION round 0: submit vote requests at term 1 for -1: [bac3ed17-915a-43dc-90c7-c77b09e81c24|rpc:10.1.1.55:35873|priority:1], old=null
2022-09-28 15:53:28,853 [bac3ed17-915a-43dc-90c7-c77b09e81c24@group-AA6E30361165-LeaderElection19] INFO  impl.LeaderElection (LeaderElection.java:askForVotes(312)) - bac3ed17-915a-43dc-90c7-c77b09e81c24@group-AA6E30361165-LeaderElection19 ELECTION round 0: result PASSED (term=1)
2022-09-28 15:53:28,853 [bac3ed17-915a-43dc-90c7-c77b09e81c24@group-AA6E30361165-LeaderElection19] INFO  impl.RoleInfo (RoleInfo.java:shutdownLeaderElection(130)) - bac3ed17-915a-43dc-90c7-c77b09e81c24: shutdown bac3ed17-915a-43dc-90c7-c77b09e81c24@group-AA6E30361165-LeaderElection19
2022-09-28 15:53:28,853 [bac3ed17-915a-43dc-90c7-c77b09e81c24@group-AA6E30361165-LeaderElection19] INFO  server.RaftServer$Division (RaftServerImpl.java:setRole(299)) - bac3ed17-915a-43dc-90c7-c77b09e81c24@group-AA6E30361165: changes role from CANDIDATE to LEADER at term 1 for changeToLeader
2022-09-28 15:53:28,853 [bac3ed17-915a-43dc-90c7-c77b09e81c24@group-AA6E30361165-LeaderElection19] INFO  ratis.XceiverServerRatis (XceiverServerRatis.java:handleLeaderChangedNotification(863)) - Leader change notification received for group: group-AA6E30361165 with new leaderId: bac3ed17-915a-43dc-90c7-c77b09e81c24
2022-09-28 15:53:28,853 [bac3ed17-915a-43dc-90c7-c77b09e81c24@group-AA6E30361165-LeaderElection19] INFO  server.RaftServer$Division (ServerState.java:setLeader(287)) - bac3ed17-915a-43dc-90c7-c77b09e81c24@group-AA6E30361165: change Leader from null to bac3ed17-915a-43dc-90c7-c77b09e81c24 at term 1 for becomeLeader, leader elected after 5229ms
2022-09-28 15:53:28,853 [bac3ed17-915a-43dc-90c7-c77b09e81c24@group-AA6E30361165-LeaderElection19] INFO  server.RaftServerConfigKeys (ConfUtils.java:logGet(46)) - raft.server.staging.catchup.gap = 1000 (default)
2022-09-28 15:53:28,854 [bac3ed17-915a-43dc-90c7-c77b09e81c24@group-AA6E30361165-LeaderElection19] INFO  server.RaftServerConfigKeys (ConfUtils.java:logGet(46)) - raft.server.write.element-limit = 1024 (custom)
2022-09-28 15:53:28,854 [bac3ed17-915a-43dc-90c7-c77b09e81c24@group-AA6E30361165-LeaderElection19] INFO  server.RaftServerConfigKeys (ConfUtils.java:logGet(46)) - raft.server.write.byte-limit = 1024 M (=1073741824) (custom)
2022-09-28 15:53:28,854 [bac3ed17-915a-43dc-90c7-c77b09e81c24@group-AA6E30361165-LeaderElection19] INFO  server.RaftServerConfigKeys (ConfUtils.java:logGet(46)) - raft.server.watch.timeout = 180s (custom)
2022-09-28 15:53:28,854 [bac3ed17-915a-43dc-90c7-c77b09e81c24@group-AA6E30361165-LeaderElection19] INFO  server.RaftServerConfigKeys (ConfUtils.java:logGet(46)) - raft.server.watch.timeout.denomination = 1s (default)
2022-09-28 15:53:28,854 [bac3ed17-915a-43dc-90c7-c77b09e81c24@group-AA6E30361165-LeaderElection19] INFO  server.RaftServerConfigKeys (ConfUtils.java:logGet(46)) - raft.server.watch.element-limit = 65536 (default)
2022-09-28 15:53:28,854 [bac3ed17-915a-43dc-90c7-c77b09e81c24@group-AA6E30361165-LeaderElection19] INFO  server.RaftServerConfigKeys (ConfUtils.java:logGet(46)) - raft.server.write.element-limit = 1024 (custom)
2022-09-28 15:53:28,854 [bac3ed17-915a-43dc-90c7-c77b09e81c24@group-AA6E30361165-LeaderElection19] INFO  server.RaftServerConfigKeys (ConfUtils.java:logGet(46)) - raft.server.write.follower.gap.ratio.max = -1.0 (default)
2022-09-28 15:53:28,854 [bac3ed17-915a-43dc-90c7-c77b09e81c24@group-AA6E30361165-LeaderElection19] INFO  impl.RoleInfo (RoleInfo.java:updateAndGet(139)) - bac3ed17-915a-43dc-90c7-c77b09e81c24: start bac3ed17-915a-43dc-90c7-c77b09e81c24@group-AA6E30361165-LeaderStateImpl
2022-09-28 15:53:28,854 [bac3ed17-915a-43dc-90c7-c77b09e81c24@group-AA6E30361165-LeaderElection19] INFO  segmented.SegmentedRaftLogWorker (SegmentedRaftLogWorker.java:startLogSegment(425)) - bac3ed17-915a-43dc-90c7-c77b09e81c24@group-AA6E30361165-SegmentedRaftLogWorker: Starting segment from index:0
2022-09-28 15:53:28,856 [bac3ed17-915a-43dc-90c7-c77b09e81c24@group-AA6E30361165-SegmentedRaftLogWorker] INFO  segmented.SegmentedRaftLogWorker (SegmentedRaftLogWorker.java:execute(629)) - bac3ed17-915a-43dc-90c7-c77b09e81c24@group-AA6E30361165-SegmentedRaftLogWorker: created new log segment /home/runner/work/ozone/ozone/hadoop-ozone/integration-test/target/test-dir/MiniOzoneClusterImpl-39beaa01-56cc-488c-9c2d-94b49c5a5f0c/datanode-4/data/ratis/a094b593-24e7-42c0-859d-aa6e30361165/current/log_inprogress_0
2022-09-28 15:53:28,856 [EventQueue-OpenPipelineForHealthyPipelineSafeModeRule] INFO  safemode.SCMSafeModeManager (HealthyPipelineSafeModeRule.java:process(137)) - SCM in safe mode. Healthy pipelines reported count is 0, required healthy pipeline reported count is 1
2022-09-28 15:53:28,864 [bac3ed17-915a-43dc-90c7-c77b09e81c24@group-AA6E30361165-LeaderElection19] INFO  server.RaftServer$Division (ServerState.java:setRaftConf(393)) - bac3ed17-915a-43dc-90c7-c77b09e81c24@group-AA6E30361165: set configuration 0: [bac3ed17-915a-43dc-90c7-c77b09e81c24|rpc:10.1.1.55:35873|dataStream:|priority:1], old=null
2022-09-28 15:53:29,527 [Listener at 127.0.0.1/42319] INFO  ozone.MiniOzoneClusterImpl (MiniOzoneClusterImpl.java:lambda$waitForClusterToBeReady$0(216)) - Nodes are ready. Got 5 of 5 DN Heartbeats.
2022-09-28 15:53:29,527 [Listener at 127.0.0.1/42319] INFO  ozone.MiniOzoneClusterImpl (MiniOzoneClusterImpl.java:lambda$waitForClusterToBeReady$0(219)) - Waiting for cluster to exit safe mode
2022-09-28 15:53:29,527 [Listener at 127.0.0.1/42319] INFO  ozone.MiniOzoneClusterImpl (MiniOzoneClusterImpl.java:lambda$waitForClusterToBeReady$0(221)) - SCM became leader
2022-09-28 15:53:30,528 [Listener at 127.0.0.1/42319] INFO  ozone.MiniOzoneClusterImpl (MiniOzoneClusterImpl.java:lambda$waitForClusterToBeReady$0(216)) - Nodes are ready. Got 5 of 5 DN Heartbeats.
2022-09-28 15:53:30,528 [Listener at 127.0.0.1/42319] INFO  ozone.MiniOzoneClusterImpl (MiniOzoneClusterImpl.java:lambda$waitForClusterToBeReady$0(219)) - Waiting for cluster to exit safe mode
2022-09-28 15:53:30,528 [Listener at 127.0.0.1/42319] INFO  ozone.MiniOzoneClusterImpl (MiniOzoneClusterImpl.java:lambda$waitForClusterToBeReady$0(221)) - SCM became leader
2022-09-28 15:53:31,297 [b0c1961e-9fec-49a7-b763-eaf350b3d09d@group-2E56AF20CBB2-FollowerState] INFO  impl.FollowerState (FollowerState.java:run(143)) - b0c1961e-9fec-49a7-b763-eaf350b3d09d@group-2E56AF20CBB2-FollowerState: change to CANDIDATE, lastRpcElapsedTime:5123169267ns, electionTimeout:5094ms
2022-09-28 15:53:31,297 [b0c1961e-9fec-49a7-b763-eaf350b3d09d@group-2E56AF20CBB2-FollowerState] INFO  impl.RoleInfo (RoleInfo.java:shutdownFollowerState(110)) - b0c1961e-9fec-49a7-b763-eaf350b3d09d: shutdown b0c1961e-9fec-49a7-b763-eaf350b3d09d@group-2E56AF20CBB2-FollowerState
2022-09-28 15:53:31,297 [b0c1961e-9fec-49a7-b763-eaf350b3d09d@group-2E56AF20CBB2-FollowerState] INFO  server.RaftServer$Division (RaftServerImpl.java:setRole(299)) - b0c1961e-9fec-49a7-b763-eaf350b3d09d@group-2E56AF20CBB2: changes role from  FOLLOWER to CANDIDATE at term 1 for changeToCandidate
2022-09-28 15:53:31,297 [b0c1961e-9fec-49a7-b763-eaf350b3d09d@group-2E56AF20CBB2-FollowerState] INFO  server.RaftServerConfigKeys (ConfUtils.java:logGet(46)) - raft.server.leaderelection.pre-vote = false (custom)
2022-09-28 15:53:31,297 [b0c1961e-9fec-49a7-b763-eaf350b3d09d@group-2E56AF20CBB2-FollowerState] INFO  impl.RoleInfo (RoleInfo.java:updateAndGet(139)) - b0c1961e-9fec-49a7-b763-eaf350b3d09d: start b0c1961e-9fec-49a7-b763-eaf350b3d09d@group-2E56AF20CBB2-LeaderElection20
2022-09-28 15:53:31,311 [14b40a93-8746-4852-b401-12fc62dc6a20@group-2E56AF20CBB2-FollowerState] INFO  impl.FollowerState (FollowerState.java:run(143)) - 14b40a93-8746-4852-b401-12fc62dc6a20@group-2E56AF20CBB2-FollowerState: change to CANDIDATE, lastRpcElapsedTime:5118402617ns, electionTimeout:5087ms
2022-09-28 15:53:31,311 [14b40a93-8746-4852-b401-12fc62dc6a20@group-2E56AF20CBB2-FollowerState] INFO  impl.RoleInfo (RoleInfo.java:shutdownFollowerState(110)) - 14b40a93-8746-4852-b401-12fc62dc6a20: shutdown 14b40a93-8746-4852-b401-12fc62dc6a20@group-2E56AF20CBB2-FollowerState
2022-09-28 15:53:31,311 [14b40a93-8746-4852-b401-12fc62dc6a20@group-2E56AF20CBB2-FollowerState] INFO  server.RaftServer$Division (RaftServerImpl.java:setRole(299)) - 14b40a93-8746-4852-b401-12fc62dc6a20@group-2E56AF20CBB2: changes role from  FOLLOWER to CANDIDATE at term 1 for changeToCandidate
2022-09-28 15:53:31,311 [14b40a93-8746-4852-b401-12fc62dc6a20@group-2E56AF20CBB2-FollowerState] INFO  server.RaftServerConfigKeys (ConfUtils.java:logGet(46)) - raft.server.leaderelection.pre-vote = false (custom)
2022-09-28 15:53:31,311 [14b40a93-8746-4852-b401-12fc62dc6a20@group-2E56AF20CBB2-FollowerState] INFO  impl.RoleInfo (RoleInfo.java:updateAndGet(139)) - 14b40a93-8746-4852-b401-12fc62dc6a20: start 14b40a93-8746-4852-b401-12fc62dc6a20@group-2E56AF20CBB2-LeaderElection21
2022-09-28 15:53:31,339 [b0c1961e-9fec-49a7-b763-eaf350b3d09d@group-2E56AF20CBB2-LeaderElection20] INFO  impl.LeaderElection (LeaderElection.java:askForVotes(310)) - b0c1961e-9fec-49a7-b763-eaf350b3d09d@group-2E56AF20CBB2-LeaderElection20 ELECTION round 0: submit vote requests at term 2 for -1: [b0c1961e-9fec-49a7-b763-eaf350b3d09d|rpc:10.1.1.55:37181|dataStream:|priority:0, 0274ec44-c511-404a-9072-ead7ce024853|rpc:10.1.1.55:37251|dataStream:|priority:0, 14b40a93-8746-4852-b401-12fc62dc6a20|rpc:10.1.1.55:46737|dataStream:|priority:1], old=null
2022-09-28 15:53:31,390 [14b40a93-8746-4852-b401-12fc62dc6a20@group-2E56AF20CBB2-LeaderElection21] INFO  impl.LeaderElection (LeaderElection.java:askForVotes(310)) - 14b40a93-8746-4852-b401-12fc62dc6a20@group-2E56AF20CBB2-LeaderElection21 ELECTION round 0: submit vote requests at term 2 for -1: [b0c1961e-9fec-49a7-b763-eaf350b3d09d|rpc:10.1.1.55:37181|dataStream:|priority:0, 0274ec44-c511-404a-9072-ead7ce024853|rpc:10.1.1.55:37251|dataStream:|priority:0, 14b40a93-8746-4852-b401-12fc62dc6a20|rpc:10.1.1.55:46737|dataStream:|priority:1], old=null
2022-09-28 15:53:31,393 [0274ec44-c511-404a-9072-ead7ce024853@group-2E56AF20CBB2-FollowerState] INFO  impl.FollowerState (FollowerState.java:run(143)) - 0274ec44-c511-404a-9072-ead7ce024853@group-2E56AF20CBB2-FollowerState: change to CANDIDATE, lastRpcElapsedTime:5174889493ns, electionTimeout:5161ms
2022-09-28 15:53:31,403 [0274ec44-c511-404a-9072-ead7ce024853@group-2E56AF20CBB2-FollowerState] INFO  impl.RoleInfo (RoleInfo.java:shutdownFollowerState(110)) - 0274ec44-c511-404a-9072-ead7ce024853: shutdown 0274ec44-c511-404a-9072-ead7ce024853@group-2E56AF20CBB2-FollowerState
2022-09-28 15:53:31,403 [0274ec44-c511-404a-9072-ead7ce024853@group-2E56AF20CBB2-FollowerState] INFO  server.RaftServer$Division (RaftServerImpl.java:setRole(299)) - 0274ec44-c511-404a-9072-ead7ce024853@group-2E56AF20CBB2: changes role from  FOLLOWER to CANDIDATE at term 1 for changeToCandidate
2022-09-28 15:53:31,404 [0274ec44-c511-404a-9072-ead7ce024853@group-2E56AF20CBB2-FollowerState] INFO  server.RaftServerConfigKeys (ConfUtils.java:logGet(46)) - raft.server.leaderelection.pre-vote = false (custom)
2022-09-28 15:53:31,404 [0274ec44-c511-404a-9072-ead7ce024853@group-2E56AF20CBB2-FollowerState] INFO  impl.RoleInfo (RoleInfo.java:updateAndGet(139)) - 0274ec44-c511-404a-9072-ead7ce024853: start 0274ec44-c511-404a-9072-ead7ce024853@group-2E56AF20CBB2-LeaderElection22
2022-09-28 15:53:31,427 [grpc-default-executor-1] INFO  server.RaftServer$Division (RaftServerImpl.java:requestVote(1152)) - 14b40a93-8746-4852-b401-12fc62dc6a20@group-2E56AF20CBB2: receive requestVote(ELECTION, b0c1961e-9fec-49a7-b763-eaf350b3d09d, group-2E56AF20CBB2, 2, (t:0, i:0))
2022-09-28 15:53:31,430 [grpc-default-executor-1] INFO  impl.VoteContext (VoteContext.java:log(48)) - 14b40a93-8746-4852-b401-12fc62dc6a20@group-2E56AF20CBB2-CANDIDATE: reject ELECTION from b0c1961e-9fec-49a7-b763-eaf350b3d09d: already has voted for 14b40a93-8746-4852-b401-12fc62dc6a20 at current term 2
2022-09-28 15:53:31,431 [grpc-default-executor-1] INFO  server.RaftServer$Division (RaftServerImpl.java:requestVote(1184)) - 14b40a93-8746-4852-b401-12fc62dc6a20@group-2E56AF20CBB2 replies to ELECTION vote request: b0c1961e-9fec-49a7-b763-eaf350b3d09d<-14b40a93-8746-4852-b401-12fc62dc6a20#0:FAIL-t2. Peer's state: 14b40a93-8746-4852-b401-12fc62dc6a20@group-2E56AF20CBB2:t2, leader=null, voted=14b40a93-8746-4852-b401-12fc62dc6a20, raftlog=14b40a93-8746-4852-b401-12fc62dc6a20@group-2E56AF20CBB2-SegmentedRaftLog:OPENED:c-1, conf=-1: [b0c1961e-9fec-49a7-b763-eaf350b3d09d|rpc:10.1.1.55:37181|dataStream:|priority:0, 0274ec44-c511-404a-9072-ead7ce024853|rpc:10.1.1.55:37251|dataStream:|priority:0, 14b40a93-8746-4852-b401-12fc62dc6a20|rpc:10.1.1.55:46737|dataStream:|priority:1], old=null
2022-09-28 15:53:31,431 [0274ec44-c511-404a-9072-ead7ce024853@group-2E56AF20CBB2-LeaderElection22] INFO  impl.LeaderElection (LeaderElection.java:askForVotes(310)) - 0274ec44-c511-404a-9072-ead7ce024853@group-2E56AF20CBB2-LeaderElection22 ELECTION round 0: submit vote requests at term 2 for -1: [b0c1961e-9fec-49a7-b763-eaf350b3d09d|rpc:10.1.1.55:37181|priority:0, 0274ec44-c511-404a-9072-ead7ce024853|rpc:10.1.1.55:37251|priority:0, 14b40a93-8746-4852-b401-12fc62dc6a20|rpc:10.1.1.55:46737|priority:1], old=null
2022-09-28 15:53:31,440 [grpc-default-executor-1] INFO  server.RaftServer$Division (RaftServerImpl.java:requestVote(1152)) - 0274ec44-c511-404a-9072-ead7ce024853@group-2E56AF20CBB2: receive requestVote(ELECTION, 14b40a93-8746-4852-b401-12fc62dc6a20, group-2E56AF20CBB2, 2, (t:0, i:0))
2022-09-28 15:53:31,448 [grpc-default-executor-1] INFO  impl.VoteContext (VoteContext.java:log(48)) - 0274ec44-c511-404a-9072-ead7ce024853@group-2E56AF20CBB2-CANDIDATE: reject ELECTION from 14b40a93-8746-4852-b401-12fc62dc6a20: already has voted for 0274ec44-c511-404a-9072-ead7ce024853 at current term 2
2022-09-28 15:53:31,448 [grpc-default-executor-1] INFO  server.RaftServer$Division (RaftServerImpl.java:requestVote(1184)) - 0274ec44-c511-404a-9072-ead7ce024853@group-2E56AF20CBB2 replies to ELECTION vote request: 14b40a93-8746-4852-b401-12fc62dc6a20<-0274ec44-c511-404a-9072-ead7ce024853#0:FAIL-t2. Peer's state: 0274ec44-c511-404a-9072-ead7ce024853@group-2E56AF20CBB2:t2, leader=null, voted=0274ec44-c511-404a-9072-ead7ce024853, raftlog=0274ec44-c511-404a-9072-ead7ce024853@group-2E56AF20CBB2-SegmentedRaftLog:OPENED:c-1, conf=-1: [b0c1961e-9fec-49a7-b763-eaf350b3d09d|rpc:10.1.1.55:37181|priority:0, 0274ec44-c511-404a-9072-ead7ce024853|rpc:10.1.1.55:37251|priority:0, 14b40a93-8746-4852-b401-12fc62dc6a20|rpc:10.1.1.55:46737|priority:1], old=null
2022-09-28 15:53:31,448 [grpc-default-executor-0] INFO  server.RaftServer$Division (RaftServerImpl.java:requestVote(1152)) - b0c1961e-9fec-49a7-b763-eaf350b3d09d@group-2E56AF20CBB2: receive requestVote(ELECTION, 0274ec44-c511-404a-9072-ead7ce024853, group-2E56AF20CBB2, 2, (t:0, i:0))
2022-09-28 15:53:31,448 [grpc-default-executor-0] INFO  impl.VoteContext (VoteContext.java:log(48)) - b0c1961e-9fec-49a7-b763-eaf350b3d09d@group-2E56AF20CBB2-CANDIDATE: reject ELECTION from 0274ec44-c511-404a-9072-ead7ce024853: already has voted for b0c1961e-9fec-49a7-b763-eaf350b3d09d at current term 2
2022-09-28 15:53:31,448 [grpc-default-executor-0] INFO  server.RaftServer$Division (RaftServerImpl.java:requestVote(1184)) - b0c1961e-9fec-49a7-b763-eaf350b3d09d@group-2E56AF20CBB2 replies to ELECTION vote request: 0274ec44-c511-404a-9072-ead7ce024853<-b0c1961e-9fec-49a7-b763-eaf350b3d09d#0:FAIL-t2. Peer's state: b0c1961e-9fec-49a7-b763-eaf350b3d09d@group-2E56AF20CBB2:t2, leader=null, voted=b0c1961e-9fec-49a7-b763-eaf350b3d09d, raftlog=b0c1961e-9fec-49a7-b763-eaf350b3d09d@group-2E56AF20CBB2-SegmentedRaftLog:OPENED:c-1, conf=-1: [b0c1961e-9fec-49a7-b763-eaf350b3d09d|rpc:10.1.1.55:37181|dataStream:|priority:0, 0274ec44-c511-404a-9072-ead7ce024853|rpc:10.1.1.55:37251|dataStream:|priority:0, 14b40a93-8746-4852-b401-12fc62dc6a20|rpc:10.1.1.55:46737|dataStream:|priority:1], old=null
2022-09-28 15:53:31,431 [grpc-default-executor-2] INFO  server.RaftServer$Division (RaftServerImpl.java:requestVote(1152)) - b0c1961e-9fec-49a7-b763-eaf350b3d09d@group-2E56AF20CBB2: receive requestVote(ELECTION, 14b40a93-8746-4852-b401-12fc62dc6a20, group-2E56AF20CBB2, 2, (t:0, i:0))
2022-09-28 15:53:31,464 [grpc-default-executor-2] INFO  impl.VoteContext (VoteContext.java:log(48)) - b0c1961e-9fec-49a7-b763-eaf350b3d09d@group-2E56AF20CBB2-CANDIDATE: reject ELECTION from 14b40a93-8746-4852-b401-12fc62dc6a20: already has voted for b0c1961e-9fec-49a7-b763-eaf350b3d09d at current term 2
2022-09-28 15:53:31,464 [grpc-default-executor-2] INFO  server.RaftServer$Division (RaftServerImpl.java:requestVote(1184)) - b0c1961e-9fec-49a7-b763-eaf350b3d09d@group-2E56AF20CBB2 replies to ELECTION vote request: 14b40a93-8746-4852-b401-12fc62dc6a20<-b0c1961e-9fec-49a7-b763-eaf350b3d09d#0:FAIL-t2. Peer's state: b0c1961e-9fec-49a7-b763-eaf350b3d09d@group-2E56AF20CBB2:t2, leader=null, voted=b0c1961e-9fec-49a7-b763-eaf350b3d09d, raftlog=b0c1961e-9fec-49a7-b763-eaf350b3d09d@group-2E56AF20CBB2-SegmentedRaftLog:OPENED:c-1, conf=-1: [b0c1961e-9fec-49a7-b763-eaf350b3d09d|rpc:10.1.1.55:37181|dataStream:|priority:0, 0274ec44-c511-404a-9072-ead7ce024853|rpc:10.1.1.55:37251|dataStream:|priority:0, 14b40a93-8746-4852-b401-12fc62dc6a20|rpc:10.1.1.55:46737|dataStream:|priority:1], old=null
2022-09-28 15:53:31,451 [grpc-default-executor-3] INFO  server.RaftServer$Division (RaftServerImpl.java:requestVote(1152)) - 14b40a93-8746-4852-b401-12fc62dc6a20@group-2E56AF20CBB2: receive requestVote(ELECTION, 0274ec44-c511-404a-9072-ead7ce024853, group-2E56AF20CBB2, 2, (t:0, i:0))
2022-09-28 15:53:31,492 [grpc-default-executor-3] INFO  impl.VoteContext (VoteContext.java:log(48)) - 14b40a93-8746-4852-b401-12fc62dc6a20@group-2E56AF20CBB2-CANDIDATE: reject ELECTION from 0274ec44-c511-404a-9072-ead7ce024853: already has voted for 14b40a93-8746-4852-b401-12fc62dc6a20 at current term 2
2022-09-28 15:53:31,492 [grpc-default-executor-3] INFO  server.RaftServer$Division (RaftServerImpl.java:requestVote(1184)) - 14b40a93-8746-4852-b401-12fc62dc6a20@group-2E56AF20CBB2 replies to ELECTION vote request: 0274ec44-c511-404a-9072-ead7ce024853<-14b40a93-8746-4852-b401-12fc62dc6a20#0:FAIL-t2. Peer's state: 14b40a93-8746-4852-b401-12fc62dc6a20@group-2E56AF20CBB2:t2, leader=null, voted=14b40a93-8746-4852-b401-12fc62dc6a20, raftlog=14b40a93-8746-4852-b401-12fc62dc6a20@group-2E56AF20CBB2-SegmentedRaftLog:OPENED:c-1, conf=-1: [b0c1961e-9fec-49a7-b763-eaf350b3d09d|rpc:10.1.1.55:37181|dataStream:|priority:0, 0274ec44-c511-404a-9072-ead7ce024853|rpc:10.1.1.55:37251|dataStream:|priority:0, 14b40a93-8746-4852-b401-12fc62dc6a20|rpc:10.1.1.55:46737|dataStream:|priority:1], old=null
2022-09-28 15:53:31,492 [grpc-default-executor-2] INFO  server.RaftServer$Division (RaftServerImpl.java:requestVote(1152)) - 0274ec44-c511-404a-9072-ead7ce024853@group-2E56AF20CBB2: receive requestVote(ELECTION, b0c1961e-9fec-49a7-b763-eaf350b3d09d, group-2E56AF20CBB2, 2, (t:0, i:0))
2022-09-28 15:53:31,494 [grpc-default-executor-2] INFO  impl.VoteContext (VoteContext.java:log(48)) - 0274ec44-c511-404a-9072-ead7ce024853@group-2E56AF20CBB2-CANDIDATE: reject ELECTION from b0c1961e-9fec-49a7-b763-eaf350b3d09d: already has voted for 0274ec44-c511-404a-9072-ead7ce024853 at current term 2
2022-09-28 15:53:31,494 [grpc-default-executor-2] INFO  server.RaftServer$Division (RaftServerImpl.java:requestVote(1184)) - 0274ec44-c511-404a-9072-ead7ce024853@group-2E56AF20CBB2 replies to ELECTION vote request: b0c1961e-9fec-49a7-b763-eaf350b3d09d<-0274ec44-c511-404a-9072-ead7ce024853#0:FAIL-t2. Peer's state: 0274ec44-c511-404a-9072-ead7ce024853@group-2E56AF20CBB2:t2, leader=null, voted=0274ec44-c511-404a-9072-ead7ce024853, raftlog=0274ec44-c511-404a-9072-ead7ce024853@group-2E56AF20CBB2-SegmentedRaftLog:OPENED:c-1, conf=-1: [b0c1961e-9fec-49a7-b763-eaf350b3d09d|rpc:10.1.1.55:37181|priority:0, 0274ec44-c511-404a-9072-ead7ce024853|rpc:10.1.1.55:37251|priority:0, 14b40a93-8746-4852-b401-12fc62dc6a20|rpc:10.1.1.55:46737|priority:1], old=null
2022-09-28 15:53:31,475 [14b40a93-8746-4852-b401-12fc62dc6a20@group-2E56AF20CBB2-LeaderElection21] INFO  impl.LeaderElection (LeaderElection.java:logAndReturn(90)) - 14b40a93-8746-4852-b401-12fc62dc6a20@group-2E56AF20CBB2-LeaderElection21: ELECTION REJECTED received 2 response(s) and 0 exception(s):
2022-09-28 15:53:31,499 [14b40a93-8746-4852-b401-12fc62dc6a20@group-2E56AF20CBB2-LeaderElection21] INFO  impl.LeaderElection (LeaderElection.java:logAndReturn(94)) -   Response 0: 14b40a93-8746-4852-b401-12fc62dc6a20<-b0c1961e-9fec-49a7-b763-eaf350b3d09d#0:FAIL-t2
2022-09-28 15:53:31,499 [14b40a93-8746-4852-b401-12fc62dc6a20@group-2E56AF20CBB2-LeaderElection21] INFO  impl.LeaderElection (LeaderElection.java:logAndReturn(94)) -   Response 1: 14b40a93-8746-4852-b401-12fc62dc6a20<-0274ec44-c511-404a-9072-ead7ce024853#0:FAIL-t2
2022-09-28 15:53:31,499 [14b40a93-8746-4852-b401-12fc62dc6a20@group-2E56AF20CBB2-LeaderElection21] INFO  impl.LeaderElection (LeaderElection.java:askForVotes(312)) - 14b40a93-8746-4852-b401-12fc62dc6a20@group-2E56AF20CBB2-LeaderElection21 ELECTION round 0: result REJECTED
2022-09-28 15:53:31,499 [14b40a93-8746-4852-b401-12fc62dc6a20@group-2E56AF20CBB2-LeaderElection21] INFO  server.RaftServer$Division (RaftServerImpl.java:setRole(299)) - 14b40a93-8746-4852-b401-12fc62dc6a20@group-2E56AF20CBB2: changes role from CANDIDATE to FOLLOWER at term 2 for REJECTED
2022-09-28 15:53:31,499 [14b40a93-8746-4852-b401-12fc62dc6a20@group-2E56AF20CBB2-LeaderElection21] INFO  impl.RoleInfo (RoleInfo.java:shutdownLeaderElection(130)) - 14b40a93-8746-4852-b401-12fc62dc6a20: shutdown 14b40a93-8746-4852-b401-12fc62dc6a20@group-2E56AF20CBB2-LeaderElection21
2022-09-28 15:53:31,499 [14b40a93-8746-4852-b401-12fc62dc6a20@group-2E56AF20CBB2-LeaderElection21] INFO  impl.RoleInfo (RoleInfo.java:updateAndGet(139)) - 14b40a93-8746-4852-b401-12fc62dc6a20: start 14b40a93-8746-4852-b401-12fc62dc6a20@group-2E56AF20CBB2-FollowerState
2022-09-28 15:53:31,466 [b0c1961e-9fec-49a7-b763-eaf350b3d09d@group-2E56AF20CBB2-LeaderElection20] INFO  impl.LeaderElection (LeaderElection.java:logAndReturn(90)) - b0c1961e-9fec-49a7-b763-eaf350b3d09d@group-2E56AF20CBB2-LeaderElection20: ELECTION REJECTED received 1 response(s) and 0 exception(s):
2022-09-28 15:53:31,511 [b0c1961e-9fec-49a7-b763-eaf350b3d09d@group-2E56AF20CBB2-LeaderElection20] INFO  impl.LeaderElection (LeaderElection.java:logAndReturn(94)) -   Response 0: b0c1961e-9fec-49a7-b763-eaf350b3d09d<-14b40a93-8746-4852-b401-12fc62dc6a20#0:FAIL-t2
2022-09-28 15:53:31,511 [b0c1961e-9fec-49a7-b763-eaf350b3d09d@group-2E56AF20CBB2-LeaderElection20] INFO  impl.LeaderElection (LeaderElection.java:askForVotes(312)) - b0c1961e-9fec-49a7-b763-eaf350b3d09d@group-2E56AF20CBB2-LeaderElection20 ELECTION round 0: result REJECTED
2022-09-28 15:53:31,511 [b0c1961e-9fec-49a7-b763-eaf350b3d09d@group-2E56AF20CBB2-LeaderElection20] INFO  server.RaftServer$Division (RaftServerImpl.java:setRole(299)) - b0c1961e-9fec-49a7-b763-eaf350b3d09d@group-2E56AF20CBB2: changes role from CANDIDATE to FOLLOWER at term 2 for REJECTED
2022-09-28 15:53:31,511 [b0c1961e-9fec-49a7-b763-eaf350b3d09d@group-2E56AF20CBB2-LeaderElection20] INFO  impl.RoleInfo (RoleInfo.java:shutdownLeaderElection(130)) - b0c1961e-9fec-49a7-b763-eaf350b3d09d: shutdown b0c1961e-9fec-49a7-b763-eaf350b3d09d@group-2E56AF20CBB2-LeaderElection20
2022-09-28 15:53:31,511 [b0c1961e-9fec-49a7-b763-eaf350b3d09d@group-2E56AF20CBB2-LeaderElection20] INFO  impl.RoleInfo (RoleInfo.java:updateAndGet(139)) - b0c1961e-9fec-49a7-b763-eaf350b3d09d: start b0c1961e-9fec-49a7-b763-eaf350b3d09d@group-2E56AF20CBB2-FollowerState
2022-09-28 15:53:31,493 [0274ec44-c511-404a-9072-ead7ce024853@group-2E56AF20CBB2-LeaderElection22] INFO  impl.LeaderElection (LeaderElection.java:logAndReturn(90)) - 0274ec44-c511-404a-9072-ead7ce024853@group-2E56AF20CBB2-LeaderElection22: ELECTION REJECTED received 2 response(s) and 0 exception(s):
2022-09-28 15:53:31,511 [0274ec44-c511-404a-9072-ead7ce024853@group-2E56AF20CBB2-LeaderElection22] INFO  impl.LeaderElection (LeaderElection.java:logAndReturn(94)) -   Response 0: 0274ec44-c511-404a-9072-ead7ce024853<-b0c1961e-9fec-49a7-b763-eaf350b3d09d#0:FAIL-t2
2022-09-28 15:53:31,511 [0274ec44-c511-404a-9072-ead7ce024853@group-2E56AF20CBB2-LeaderElection22] INFO  impl.LeaderElection (LeaderElection.java:logAndReturn(94)) -   Response 1: 0274ec44-c511-404a-9072-ead7ce024853<-14b40a93-8746-4852-b401-12fc62dc6a20#0:FAIL-t2
2022-09-28 15:53:31,526 [0274ec44-c511-404a-9072-ead7ce024853@group-2E56AF20CBB2-LeaderElection22] INFO  impl.LeaderElection (LeaderElection.java:askForVotes(312)) - 0274ec44-c511-404a-9072-ead7ce024853@group-2E56AF20CBB2-LeaderElection22 ELECTION round 0: result REJECTED
2022-09-28 15:53:31,526 [0274ec44-c511-404a-9072-ead7ce024853@group-2E56AF20CBB2-LeaderElection22] INFO  server.RaftServer$Division (RaftServerImpl.java:setRole(299)) - 0274ec44-c511-404a-9072-ead7ce024853@group-2E56AF20CBB2: changes role from CANDIDATE to FOLLOWER at term 2 for REJECTED
2022-09-28 15:53:31,526 [0274ec44-c511-404a-9072-ead7ce024853@group-2E56AF20CBB2-LeaderElection22] INFO  impl.RoleInfo (RoleInfo.java:shutdownLeaderElection(130)) - 0274ec44-c511-404a-9072-ead7ce024853: shutdown 0274ec44-c511-404a-9072-ead7ce024853@group-2E56AF20CBB2-LeaderElection22
2022-09-28 15:53:31,526 [0274ec44-c511-404a-9072-ead7ce024853@group-2E56AF20CBB2-LeaderElection22] INFO  impl.RoleInfo (RoleInfo.java:updateAndGet(139)) - 0274ec44-c511-404a-9072-ead7ce024853: start 0274ec44-c511-404a-9072-ead7ce024853@group-2E56AF20CBB2-FollowerState
2022-09-28 15:53:31,531 [Listener at 127.0.0.1/42319] INFO  ozone.MiniOzoneClusterImpl (MiniOzoneClusterImpl.java:lambda$waitForClusterToBeReady$0(216)) - Nodes are ready. Got 5 of 5 DN Heartbeats.
2022-09-28 15:53:31,531 [Listener at 127.0.0.1/42319] INFO  ozone.MiniOzoneClusterImpl (MiniOzoneClusterImpl.java:lambda$waitForClusterToBeReady$0(219)) - Waiting for cluster to exit safe mode
2022-09-28 15:53:31,531 [Listener at 127.0.0.1/42319] INFO  ozone.MiniOzoneClusterImpl (MiniOzoneClusterImpl.java:lambda$waitForClusterToBeReady$0(221)) - SCM became leader
2022-09-28 15:53:31,794 [0274ec44-c511-404a-9072-ead7ce024853@group-5B2B81FF11F7-FollowerState] INFO  impl.FollowerState (FollowerState.java:run(143)) - 0274ec44-c511-404a-9072-ead7ce024853@group-5B2B81FF11F7-FollowerState: change to CANDIDATE, lastRpcElapsedTime:5093110932ns, electionTimeout:5081ms
2022-09-28 15:53:31,794 [0274ec44-c511-404a-9072-ead7ce024853@group-5B2B81FF11F7-FollowerState] INFO  impl.RoleInfo (RoleInfo.java:shutdownFollowerState(110)) - 0274ec44-c511-404a-9072-ead7ce024853: shutdown 0274ec44-c511-404a-9072-ead7ce024853@group-5B2B81FF11F7-FollowerState
2022-09-28 15:53:31,794 [0274ec44-c511-404a-9072-ead7ce024853@group-5B2B81FF11F7-FollowerState] INFO  server.RaftServer$Division (RaftServerImpl.java:setRole(299)) - 0274ec44-c511-404a-9072-ead7ce024853@group-5B2B81FF11F7: changes role from  FOLLOWER to CANDIDATE at term 1 for changeToCandidate
2022-09-28 15:53:31,794 [0274ec44-c511-404a-9072-ead7ce024853@group-5B2B81FF11F7-FollowerState] INFO  server.RaftServerConfigKeys (ConfUtils.java:logGet(46)) - raft.server.leaderelection.pre-vote = false (custom)
2022-09-28 15:53:31,794 [0274ec44-c511-404a-9072-ead7ce024853@group-5B2B81FF11F7-FollowerState] INFO  impl.RoleInfo (RoleInfo.java:updateAndGet(139)) - 0274ec44-c511-404a-9072-ead7ce024853: start 0274ec44-c511-404a-9072-ead7ce024853@group-5B2B81FF11F7-LeaderElection23
2022-09-28 15:53:31,809 [0274ec44-c511-404a-9072-ead7ce024853@group-5B2B81FF11F7-LeaderElection23] INFO  impl.LeaderElection (LeaderElection.java:askForVotes(310)) - 0274ec44-c511-404a-9072-ead7ce024853@group-5B2B81FF11F7-LeaderElection23 ELECTION round 0: submit vote requests at term 2 for -1: [b0c1961e-9fec-49a7-b763-eaf350b3d09d|rpc:10.1.1.55:37181|priority:1, 0274ec44-c511-404a-9072-ead7ce024853|rpc:10.1.1.55:37251|priority:0, 14b40a93-8746-4852-b401-12fc62dc6a20|rpc:10.1.1.55:46737|priority:0], old=null
2022-09-28 15:53:31,820 [grpc-default-executor-2] INFO  server.RaftServer$Division (RaftServerImpl.java:requestVote(1152)) - b0c1961e-9fec-49a7-b763-eaf350b3d09d@group-5B2B81FF11F7: receive requestVote(ELECTION, 0274ec44-c511-404a-9072-ead7ce024853, group-5B2B81FF11F7, 2, (t:0, i:0))
2022-09-28 15:53:31,820 [grpc-default-executor-2] INFO  impl.VoteContext (VoteContext.java:log(48)) - b0c1961e-9fec-49a7-b763-eaf350b3d09d@group-5B2B81FF11F7-FOLLOWER: reject ELECTION from 0274ec44-c511-404a-9072-ead7ce024853: our priority 1 > candidate's priority 0
2022-09-28 15:53:31,820 [grpc-default-executor-2] INFO  server.RaftServer$Division (RaftServerImpl.java:setRole(299)) - b0c1961e-9fec-49a7-b763-eaf350b3d09d@group-5B2B81FF11F7: changes role from  FOLLOWER to FOLLOWER at term 2 for candidate:0274ec44-c511-404a-9072-ead7ce024853
2022-09-28 15:53:31,820 [grpc-default-executor-2] INFO  impl.RoleInfo (RoleInfo.java:shutdownFollowerState(110)) - b0c1961e-9fec-49a7-b763-eaf350b3d09d: shutdown b0c1961e-9fec-49a7-b763-eaf350b3d09d@group-5B2B81FF11F7-FollowerState
2022-09-28 15:53:31,820 [grpc-default-executor-2] INFO  impl.RoleInfo (RoleInfo.java:updateAndGet(139)) - b0c1961e-9fec-49a7-b763-eaf350b3d09d: start b0c1961e-9fec-49a7-b763-eaf350b3d09d@group-5B2B81FF11F7-FollowerState
2022-09-28 15:53:31,821 [b0c1961e-9fec-49a7-b763-eaf350b3d09d@group-5B2B81FF11F7-FollowerState] INFO  impl.FollowerState (FollowerState.java:run(152)) - b0c1961e-9fec-49a7-b763-eaf350b3d09d@group-5B2B81FF11F7-FollowerState was interrupted
2022-09-28 15:53:31,830 [grpc-default-executor-2] INFO  server.RaftServer$Division (RaftServerImpl.java:requestVote(1184)) - b0c1961e-9fec-49a7-b763-eaf350b3d09d@group-5B2B81FF11F7 replies to ELECTION vote request: 0274ec44-c511-404a-9072-ead7ce024853<-b0c1961e-9fec-49a7-b763-eaf350b3d09d#0:FAIL-t2. Peer's state: b0c1961e-9fec-49a7-b763-eaf350b3d09d@group-5B2B81FF11F7:t2, leader=null, voted=null, raftlog=b0c1961e-9fec-49a7-b763-eaf350b3d09d@group-5B2B81FF11F7-SegmentedRaftLog:OPENED:c-1, conf=-1: [b0c1961e-9fec-49a7-b763-eaf350b3d09d|rpc:10.1.1.55:37181|dataStream:|priority:1, 0274ec44-c511-404a-9072-ead7ce024853|rpc:10.1.1.55:37251|dataStream:|priority:0, 14b40a93-8746-4852-b401-12fc62dc6a20|rpc:10.1.1.55:46737|dataStream:|priority:0], old=null
2022-09-28 15:53:31,835 [grpc-default-executor-3] INFO  server.RaftServer$Division (RaftServerImpl.java:requestVote(1152)) - 14b40a93-8746-4852-b401-12fc62dc6a20@group-5B2B81FF11F7: receive requestVote(ELECTION, 0274ec44-c511-404a-9072-ead7ce024853, group-5B2B81FF11F7, 2, (t:0, i:0))
2022-09-28 15:53:31,835 [grpc-default-executor-3] INFO  impl.VoteContext (VoteContext.java:log(48)) - 14b40a93-8746-4852-b401-12fc62dc6a20@group-5B2B81FF11F7-FOLLOWER: accept ELECTION from 0274ec44-c511-404a-9072-ead7ce024853: our priority 0 <= candidate's priority 0
2022-09-28 15:53:31,835 [grpc-default-executor-3] INFO  server.RaftServer$Division (RaftServerImpl.java:setRole(299)) - 14b40a93-8746-4852-b401-12fc62dc6a20@group-5B2B81FF11F7: changes role from  FOLLOWER to FOLLOWER at term 2 for candidate:0274ec44-c511-404a-9072-ead7ce024853
2022-09-28 15:53:31,835 [grpc-default-executor-3] INFO  impl.RoleInfo (RoleInfo.java:shutdownFollowerState(110)) - 14b40a93-8746-4852-b401-12fc62dc6a20: shutdown 14b40a93-8746-4852-b401-12fc62dc6a20@group-5B2B81FF11F7-FollowerState
2022-09-28 15:53:31,836 [grpc-default-executor-3] INFO  impl.RoleInfo (RoleInfo.java:updateAndGet(139)) - 14b40a93-8746-4852-b401-12fc62dc6a20: start 14b40a93-8746-4852-b401-12fc62dc6a20@group-5B2B81FF11F7-FollowerState
2022-09-28 15:53:31,836 [14b40a93-8746-4852-b401-12fc62dc6a20@group-5B2B81FF11F7-FollowerState] INFO  impl.FollowerState (FollowerState.java:run(152)) - 14b40a93-8746-4852-b401-12fc62dc6a20@group-5B2B81FF11F7-FollowerState was interrupted
2022-09-28 15:53:31,839 [grpc-default-executor-3] INFO  server.RaftServer$Division (RaftServerImpl.java:requestVote(1184)) - 14b40a93-8746-4852-b401-12fc62dc6a20@group-5B2B81FF11F7 replies to ELECTION vote request: 0274ec44-c511-404a-9072-ead7ce024853<-14b40a93-8746-4852-b401-12fc62dc6a20#0:OK-t2. Peer's state: 14b40a93-8746-4852-b401-12fc62dc6a20@group-5B2B81FF11F7:t2, leader=null, voted=0274ec44-c511-404a-9072-ead7ce024853, raftlog=14b40a93-8746-4852-b401-12fc62dc6a20@group-5B2B81FF11F7-SegmentedRaftLog:OPENED:c-1, conf=-1: [b0c1961e-9fec-49a7-b763-eaf350b3d09d|rpc:10.1.1.55:37181|priority:1, 0274ec44-c511-404a-9072-ead7ce024853|rpc:10.1.1.55:37251|priority:0, 14b40a93-8746-4852-b401-12fc62dc6a20|rpc:10.1.1.55:46737|priority:0], old=null
2022-09-28 15:53:31,863 [0274ec44-c511-404a-9072-ead7ce024853@group-5B2B81FF11F7-LeaderElection23] INFO  impl.LeaderElection (LeaderElection.java:logAndReturn(90)) - 0274ec44-c511-404a-9072-ead7ce024853@group-5B2B81FF11F7-LeaderElection23: ELECTION REJECTED received 1 response(s) and 0 exception(s):
2022-09-28 15:53:31,863 [0274ec44-c511-404a-9072-ead7ce024853@group-5B2B81FF11F7-LeaderElection23] INFO  impl.LeaderElection (LeaderElection.java:logAndReturn(94)) -   Response 0: 0274ec44-c511-404a-9072-ead7ce024853<-b0c1961e-9fec-49a7-b763-eaf350b3d09d#0:FAIL-t2
2022-09-28 15:53:31,864 [0274ec44-c511-404a-9072-ead7ce024853@group-5B2B81FF11F7-LeaderElection23] INFO  impl.LeaderElection (LeaderElection.java:askForVotes(312)) - 0274ec44-c511-404a-9072-ead7ce024853@group-5B2B81FF11F7-LeaderElection23 ELECTION round 0: result REJECTED
2022-09-28 15:53:31,864 [0274ec44-c511-404a-9072-ead7ce024853@group-5B2B81FF11F7-LeaderElection23] INFO  server.RaftServer$Division (RaftServerImpl.java:setRole(299)) - 0274ec44-c511-404a-9072-ead7ce024853@group-5B2B81FF11F7: changes role from CANDIDATE to FOLLOWER at term 2 for REJECTED
2022-09-28 15:53:31,864 [0274ec44-c511-404a-9072-ead7ce024853@group-5B2B81FF11F7-LeaderElection23] INFO  impl.RoleInfo (RoleInfo.java:shutdownLeaderElection(130)) - 0274ec44-c511-404a-9072-ead7ce024853: shutdown 0274ec44-c511-404a-9072-ead7ce024853@group-5B2B81FF11F7-LeaderElection23
2022-09-28 15:53:31,864 [0274ec44-c511-404a-9072-ead7ce024853@group-5B2B81FF11F7-LeaderElection23] INFO  impl.RoleInfo (RoleInfo.java:updateAndGet(139)) - 0274ec44-c511-404a-9072-ead7ce024853: start 0274ec44-c511-404a-9072-ead7ce024853@group-5B2B81FF11F7-FollowerState
2022-09-28 15:53:32,531 [Listener at 127.0.0.1/42319] INFO  ozone.MiniOzoneClusterImpl (MiniOzoneClusterImpl.java:lambda$waitForClusterToBeReady$0(216)) - Nodes are ready. Got 5 of 5 DN Heartbeats.
2022-09-28 15:53:32,533 [Listener at 127.0.0.1/42319] INFO  ozone.MiniOzoneClusterImpl (MiniOzoneClusterImpl.java:lambda$waitForClusterToBeReady$0(219)) - Waiting for cluster to exit safe mode
2022-09-28 15:53:32,533 [Listener at 127.0.0.1/42319] INFO  ozone.MiniOzoneClusterImpl (MiniOzoneClusterImpl.java:lambda$waitForClusterToBeReady$0(221)) - SCM became leader
2022-09-28 15:53:33,533 [Listener at 127.0.0.1/42319] INFO  ozone.MiniOzoneClusterImpl (MiniOzoneClusterImpl.java:lambda$waitForClusterToBeReady$0(216)) - Nodes are ready. Got 5 of 5 DN Heartbeats.
2022-09-28 15:53:33,533 [Listener at 127.0.0.1/42319] INFO  ozone.MiniOzoneClusterImpl (MiniOzoneClusterImpl.java:lambda$waitForClusterToBeReady$0(219)) - Waiting for cluster to exit safe mode
2022-09-28 15:53:33,533 [Listener at 127.0.0.1/42319] INFO  ozone.MiniOzoneClusterImpl (MiniOzoneClusterImpl.java:lambda$waitForClusterToBeReady$0(221)) - SCM became leader
2022-09-28 15:53:34,533 [Listener at 127.0.0.1/42319] INFO  ozone.MiniOzoneClusterImpl (MiniOzoneClusterImpl.java:lambda$waitForClusterToBeReady$0(216)) - Nodes are ready. Got 5 of 5 DN Heartbeats.
2022-09-28 15:53:34,534 [Listener at 127.0.0.1/42319] INFO  ozone.MiniOzoneClusterImpl (MiniOzoneClusterImpl.java:lambda$waitForClusterToBeReady$0(219)) - Waiting for cluster to exit safe mode
2022-09-28 15:53:34,534 [Listener at 127.0.0.1/42319] INFO  ozone.MiniOzoneClusterImpl (MiniOzoneClusterImpl.java:lambda$waitForClusterToBeReady$0(221)) - SCM became leader
2022-09-28 15:53:35,534 [Listener at 127.0.0.1/42319] INFO  ozone.MiniOzoneClusterImpl (MiniOzoneClusterImpl.java:lambda$waitForClusterToBeReady$0(216)) - Nodes are ready. Got 5 of 5 DN Heartbeats.
2022-09-28 15:53:35,534 [Listener at 127.0.0.1/42319] INFO  ozone.MiniOzoneClusterImpl (MiniOzoneClusterImpl.java:lambda$waitForClusterToBeReady$0(219)) - Waiting for cluster to exit safe mode
2022-09-28 15:53:35,534 [Listener at 127.0.0.1/42319] INFO  ozone.MiniOzoneClusterImpl (MiniOzoneClusterImpl.java:lambda$waitForClusterToBeReady$0(221)) - SCM became leader
2022-09-28 15:53:36,534 [Listener at 127.0.0.1/42319] INFO  ozone.MiniOzoneClusterImpl (MiniOzoneClusterImpl.java:lambda$waitForClusterToBeReady$0(216)) - Nodes are ready. Got 5 of 5 DN Heartbeats.
2022-09-28 15:53:36,535 [Listener at 127.0.0.1/42319] INFO  ozone.MiniOzoneClusterImpl (MiniOzoneClusterImpl.java:lambda$waitForClusterToBeReady$0(219)) - Waiting for cluster to exit safe mode
2022-09-28 15:53:36,535 [Listener at 127.0.0.1/42319] INFO  ozone.MiniOzoneClusterImpl (MiniOzoneClusterImpl.java:lambda$waitForClusterToBeReady$0(221)) - SCM became leader
2022-09-28 15:53:36,547 [14b40a93-8746-4852-b401-12fc62dc6a20@group-2E56AF20CBB2-FollowerState] INFO  impl.FollowerState (FollowerState.java:run(143)) - 14b40a93-8746-4852-b401-12fc62dc6a20@group-2E56AF20CBB2-FollowerState: change to CANDIDATE, lastRpcElapsedTime:5048078036ns, electionTimeout:5038ms
2022-09-28 15:53:36,547 [14b40a93-8746-4852-b401-12fc62dc6a20@group-2E56AF20CBB2-FollowerState] INFO  impl.RoleInfo (RoleInfo.java:shutdownFollowerState(110)) - 14b40a93-8746-4852-b401-12fc62dc6a20: shutdown 14b40a93-8746-4852-b401-12fc62dc6a20@group-2E56AF20CBB2-FollowerState
2022-09-28 15:53:36,547 [14b40a93-8746-4852-b401-12fc62dc6a20@group-2E56AF20CBB2-FollowerState] INFO  server.RaftServer$Division (RaftServerImpl.java:setRole(299)) - 14b40a93-8746-4852-b401-12fc62dc6a20@group-2E56AF20CBB2: changes role from  FOLLOWER to CANDIDATE at term 2 for changeToCandidate
2022-09-28 15:53:36,548 [14b40a93-8746-4852-b401-12fc62dc6a20@group-2E56AF20CBB2-FollowerState] INFO  server.RaftServerConfigKeys (ConfUtils.java:logGet(46)) - raft.server.leaderelection.pre-vote = false (custom)
2022-09-28 15:53:36,548 [14b40a93-8746-4852-b401-12fc62dc6a20@group-2E56AF20CBB2-FollowerState] INFO  impl.RoleInfo (RoleInfo.java:updateAndGet(139)) - 14b40a93-8746-4852-b401-12fc62dc6a20: start 14b40a93-8746-4852-b401-12fc62dc6a20@group-2E56AF20CBB2-LeaderElection24
2022-09-28 15:53:36,563 [14b40a93-8746-4852-b401-12fc62dc6a20@group-2E56AF20CBB2-LeaderElection24] INFO  impl.LeaderElection (LeaderElection.java:askForVotes(310)) - 14b40a93-8746-4852-b401-12fc62dc6a20@group-2E56AF20CBB2-LeaderElection24 ELECTION round 0: submit vote requests at term 3 for -1: [b0c1961e-9fec-49a7-b763-eaf350b3d09d|rpc:10.1.1.55:37181|dataStream:|priority:0, 0274ec44-c511-404a-9072-ead7ce024853|rpc:10.1.1.55:37251|dataStream:|priority:0, 14b40a93-8746-4852-b401-12fc62dc6a20|rpc:10.1.1.55:46737|dataStream:|priority:1], old=null
2022-09-28 15:53:36,579 [grpc-default-executor-2] INFO  server.RaftServer$Division (RaftServerImpl.java:requestVote(1152)) - b0c1961e-9fec-49a7-b763-eaf350b3d09d@group-2E56AF20CBB2: receive requestVote(ELECTION, 14b40a93-8746-4852-b401-12fc62dc6a20, group-2E56AF20CBB2, 3, (t:0, i:0))
2022-09-28 15:53:36,580 [grpc-default-executor-2] INFO  impl.VoteContext (VoteContext.java:log(48)) - b0c1961e-9fec-49a7-b763-eaf350b3d09d@group-2E56AF20CBB2-FOLLOWER: accept ELECTION from 14b40a93-8746-4852-b401-12fc62dc6a20: our priority 0 <= candidate's priority 1
2022-09-28 15:53:36,581 [grpc-default-executor-2] INFO  server.RaftServer$Division (RaftServerImpl.java:setRole(299)) - b0c1961e-9fec-49a7-b763-eaf350b3d09d@group-2E56AF20CBB2: changes role from  FOLLOWER to FOLLOWER at term 3 for candidate:14b40a93-8746-4852-b401-12fc62dc6a20
2022-09-28 15:53:36,581 [grpc-default-executor-2] INFO  impl.RoleInfo (RoleInfo.java:shutdownFollowerState(110)) - b0c1961e-9fec-49a7-b763-eaf350b3d09d: shutdown b0c1961e-9fec-49a7-b763-eaf350b3d09d@group-2E56AF20CBB2-FollowerState
2022-09-28 15:53:36,581 [b0c1961e-9fec-49a7-b763-eaf350b3d09d@group-2E56AF20CBB2-FollowerState] INFO  impl.FollowerState (FollowerState.java:run(152)) - b0c1961e-9fec-49a7-b763-eaf350b3d09d@group-2E56AF20CBB2-FollowerState was interrupted
2022-09-28 15:53:36,579 [grpc-default-executor-3] INFO  server.RaftServer$Division (RaftServerImpl.java:requestVote(1152)) - 0274ec44-c511-404a-9072-ead7ce024853@group-2E56AF20CBB2: receive requestVote(ELECTION, 14b40a93-8746-4852-b401-12fc62dc6a20, group-2E56AF20CBB2, 3, (t:0, i:0))
2022-09-28 15:53:36,589 [grpc-default-executor-3] INFO  impl.VoteContext (VoteContext.java:log(48)) - 0274ec44-c511-404a-9072-ead7ce024853@group-2E56AF20CBB2-FOLLOWER: accept ELECTION from 14b40a93-8746-4852-b401-12fc62dc6a20: our priority 0 <= candidate's priority 1
2022-09-28 15:53:36,589 [grpc-default-executor-3] INFO  server.RaftServer$Division (RaftServerImpl.java:setRole(299)) - 0274ec44-c511-404a-9072-ead7ce024853@group-2E56AF20CBB2: changes role from  FOLLOWER to FOLLOWER at term 3 for candidate:14b40a93-8746-4852-b401-12fc62dc6a20
2022-09-28 15:53:36,589 [grpc-default-executor-3] INFO  impl.RoleInfo (RoleInfo.java:shutdownFollowerState(110)) - 0274ec44-c511-404a-9072-ead7ce024853: shutdown 0274ec44-c511-404a-9072-ead7ce024853@group-2E56AF20CBB2-FollowerState
2022-09-28 15:53:36,589 [0274ec44-c511-404a-9072-ead7ce024853@group-2E56AF20CBB2-FollowerState] INFO  impl.FollowerState (FollowerState.java:run(152)) - 0274ec44-c511-404a-9072-ead7ce024853@group-2E56AF20CBB2-FollowerState was interrupted
2022-09-28 15:53:36,581 [grpc-default-executor-2] INFO  impl.RoleInfo (RoleInfo.java:updateAndGet(139)) - b0c1961e-9fec-49a7-b763-eaf350b3d09d: start b0c1961e-9fec-49a7-b763-eaf350b3d09d@group-2E56AF20CBB2-FollowerState
2022-09-28 15:53:36,589 [grpc-default-executor-3] INFO  impl.RoleInfo (RoleInfo.java:updateAndGet(139)) - 0274ec44-c511-404a-9072-ead7ce024853: start 0274ec44-c511-404a-9072-ead7ce024853@group-2E56AF20CBB2-FollowerState
2022-09-28 15:53:36,596 [grpc-default-executor-2] INFO  server.RaftServer$Division (RaftServerImpl.java:requestVote(1184)) - b0c1961e-9fec-49a7-b763-eaf350b3d09d@group-2E56AF20CBB2 replies to ELECTION vote request: 14b40a93-8746-4852-b401-12fc62dc6a20<-b0c1961e-9fec-49a7-b763-eaf350b3d09d#0:OK-t3. Peer's state: b0c1961e-9fec-49a7-b763-eaf350b3d09d@group-2E56AF20CBB2:t3, leader=null, voted=14b40a93-8746-4852-b401-12fc62dc6a20, raftlog=b0c1961e-9fec-49a7-b763-eaf350b3d09d@group-2E56AF20CBB2-SegmentedRaftLog:OPENED:c-1, conf=-1: [b0c1961e-9fec-49a7-b763-eaf350b3d09d|rpc:10.1.1.55:37181|dataStream:|priority:0, 0274ec44-c511-404a-9072-ead7ce024853|rpc:10.1.1.55:37251|dataStream:|priority:0, 14b40a93-8746-4852-b401-12fc62dc6a20|rpc:10.1.1.55:46737|dataStream:|priority:1], old=null
2022-09-28 15:53:36,599 [14b40a93-8746-4852-b401-12fc62dc6a20@group-2E56AF20CBB2-LeaderElection24] INFO  impl.LeaderElection (LeaderElection.java:logAndReturn(90)) - 14b40a93-8746-4852-b401-12fc62dc6a20@group-2E56AF20CBB2-LeaderElection24: ELECTION PASSED received 1 response(s) and 0 exception(s):
2022-09-28 15:53:36,599 [14b40a93-8746-4852-b401-12fc62dc6a20@group-2E56AF20CBB2-LeaderElection24] INFO  impl.LeaderElection (LeaderElection.java:logAndReturn(94)) -   Response 0: 14b40a93-8746-4852-b401-12fc62dc6a20<-b0c1961e-9fec-49a7-b763-eaf350b3d09d#0:OK-t3
2022-09-28 15:53:36,599 [14b40a93-8746-4852-b401-12fc62dc6a20@group-2E56AF20CBB2-LeaderElection24] INFO  impl.LeaderElection (LeaderElection.java:askForVotes(312)) - 14b40a93-8746-4852-b401-12fc62dc6a20@group-2E56AF20CBB2-LeaderElection24 ELECTION round 0: result PASSED
2022-09-28 15:53:36,599 [14b40a93-8746-4852-b401-12fc62dc6a20@group-2E56AF20CBB2-LeaderElection24] INFO  impl.RoleInfo (RoleInfo.java:shutdownLeaderElection(130)) - 14b40a93-8746-4852-b401-12fc62dc6a20: shutdown 14b40a93-8746-4852-b401-12fc62dc6a20@group-2E56AF20CBB2-LeaderElection24
2022-09-28 15:53:36,599 [14b40a93-8746-4852-b401-12fc62dc6a20@group-2E56AF20CBB2-LeaderElection24] INFO  server.RaftServer$Division (RaftServerImpl.java:setRole(299)) - 14b40a93-8746-4852-b401-12fc62dc6a20@group-2E56AF20CBB2: changes role from CANDIDATE to LEADER at term 3 for changeToLeader
2022-09-28 15:53:36,600 [14b40a93-8746-4852-b401-12fc62dc6a20@group-2E56AF20CBB2-LeaderElection24] INFO  ratis.XceiverServerRatis (XceiverServerRatis.java:handleLeaderChangedNotification(863)) - Leader change notification received for group: group-2E56AF20CBB2 with new leaderId: 14b40a93-8746-4852-b401-12fc62dc6a20
2022-09-28 15:53:36,600 [14b40a93-8746-4852-b401-12fc62dc6a20@group-2E56AF20CBB2-LeaderElection24] INFO  server.RaftServer$Division (ServerState.java:setLeader(287)) - 14b40a93-8746-4852-b401-12fc62dc6a20@group-2E56AF20CBB2: change Leader from null to 14b40a93-8746-4852-b401-12fc62dc6a20 at term 3 for becomeLeader, leader elected after 15259ms
2022-09-28 15:53:36,600 [14b40a93-8746-4852-b401-12fc62dc6a20@group-2E56AF20CBB2-LeaderElection24] INFO  server.RaftServerConfigKeys (ConfUtils.java:logGet(46)) - raft.server.staging.catchup.gap = 1000 (default)
2022-09-28 15:53:36,600 [14b40a93-8746-4852-b401-12fc62dc6a20@group-2E56AF20CBB2-LeaderElection24] INFO  server.RaftServerConfigKeys (ConfUtils.java:logGet(46)) - raft.server.write.element-limit = 1024 (custom)
2022-09-28 15:53:36,600 [14b40a93-8746-4852-b401-12fc62dc6a20@group-2E56AF20CBB2-LeaderElection24] INFO  server.RaftServerConfigKeys (ConfUtils.java:logGet(46)) - raft.server.write.byte-limit = 1024 M (=1073741824) (custom)
2022-09-28 15:53:36,600 [14b40a93-8746-4852-b401-12fc62dc6a20@group-2E56AF20CBB2-LeaderElection24] INFO  server.RaftServerConfigKeys (ConfUtils.java:logGet(46)) - raft.server.watch.timeout = 180s (custom)
2022-09-28 15:53:36,600 [14b40a93-8746-4852-b401-12fc62dc6a20@group-2E56AF20CBB2-LeaderElection24] INFO  server.RaftServerConfigKeys (ConfUtils.java:logGet(46)) - raft.server.watch.timeout.denomination = 1s (default)
2022-09-28 15:53:36,600 [14b40a93-8746-4852-b401-12fc62dc6a20@group-2E56AF20CBB2-LeaderElection24] INFO  server.RaftServerConfigKeys (ConfUtils.java:logGet(46)) - raft.server.watch.element-limit = 65536 (default)
2022-09-28 15:53:36,600 [14b40a93-8746-4852-b401-12fc62dc6a20@group-2E56AF20CBB2-LeaderElection24] INFO  server.RaftServerConfigKeys (ConfUtils.java:logGet(46)) - raft.server.write.element-limit = 1024 (custom)
2022-09-28 15:53:36,600 [14b40a93-8746-4852-b401-12fc62dc6a20@group-2E56AF20CBB2-LeaderElection24] INFO  server.RaftServerConfigKeys (ConfUtils.java:logGet(46)) - raft.server.write.follower.gap.ratio.max = -1.0 (default)
2022-09-28 15:53:36,601 [14b40a93-8746-4852-b401-12fc62dc6a20@group-2E56AF20CBB2-LeaderElection24] INFO  server.RaftServerConfigKeys (ConfUtils.java:logGet(46)) - raft.server.log.appender.snapshot.chunk.size.max = 16MB (=16777216) (default)
2022-09-28 15:53:36,601 [14b40a93-8746-4852-b401-12fc62dc6a20@group-2E56AF20CBB2-LeaderElection24] INFO  server.RaftServerConfigKeys (ConfUtils.java:logGet(46)) - raft.server.log.appender.buffer.byte-limit = 33554432 (custom)
2022-09-28 15:53:36,601 [14b40a93-8746-4852-b401-12fc62dc6a20@group-2E56AF20CBB2-LeaderElection24] INFO  server.RaftServerConfigKeys (ConfUtils.java:logGet(46)) - raft.server.log.appender.buffer.element-limit = 1 (custom)
2022-09-28 15:53:36,601 [14b40a93-8746-4852-b401-12fc62dc6a20@group-2E56AF20CBB2-LeaderElection24] INFO  grpc.GrpcConfigKeys (ConfUtils.java:logGet(46)) - raft.grpc.server.leader.outstanding.appends.max = 128 (default)
2022-09-28 15:53:36,601 [14b40a93-8746-4852-b401-12fc62dc6a20@group-2E56AF20CBB2-LeaderElection24] INFO  server.RaftServerConfigKeys (ConfUtils.java:logGet(46)) - raft.server.rpc.request.timeout = 60s (custom)
2022-09-28 15:53:36,601 [14b40a93-8746-4852-b401-12fc62dc6a20@group-2E56AF20CBB2-LeaderElection24] INFO  server.RaftServerConfigKeys (ConfUtils.java:logGet(46)) - raft.server.log.appender.install.snapshot.enabled = false (custom)
2022-09-28 15:53:36,602 [14b40a93-8746-4852-b401-12fc62dc6a20@group-2E56AF20CBB2-LeaderElection24] INFO  server.RaftServerConfigKeys (ConfUtils.java:logGet(46)) - raft.server.log.appender.snapshot.chunk.size.max = 16MB (=16777216) (default)
2022-09-28 15:53:36,602 [14b40a93-8746-4852-b401-12fc62dc6a20@group-2E56AF20CBB2-LeaderElection24] INFO  server.RaftServerConfigKeys (ConfUtils.java:logGet(46)) - raft.server.log.appender.buffer.byte-limit = 33554432 (custom)
2022-09-28 15:53:36,602 [14b40a93-8746-4852-b401-12fc62dc6a20@group-2E56AF20CBB2-LeaderElection24] INFO  server.RaftServerConfigKeys (ConfUtils.java:logGet(46)) - raft.server.log.appender.buffer.element-limit = 1 (custom)
2022-09-28 15:53:36,602 [14b40a93-8746-4852-b401-12fc62dc6a20@group-2E56AF20CBB2-LeaderElection24] INFO  grpc.GrpcConfigKeys (ConfUtils.java:logGet(46)) - raft.grpc.server.leader.outstanding.appends.max = 128 (default)
2022-09-28 15:53:36,602 [14b40a93-8746-4852-b401-12fc62dc6a20@group-2E56AF20CBB2-LeaderElection24] INFO  server.RaftServerConfigKeys (ConfUtils.java:logGet(46)) - raft.server.rpc.request.timeout = 60s (custom)
2022-09-28 15:53:36,602 [14b40a93-8746-4852-b401-12fc62dc6a20@group-2E56AF20CBB2-LeaderElection24] INFO  server.RaftServerConfigKeys (ConfUtils.java:logGet(46)) - raft.server.log.appender.install.snapshot.enabled = false (custom)
2022-09-28 15:53:36,602 [14b40a93-8746-4852-b401-12fc62dc6a20@group-2E56AF20CBB2-LeaderElection24] INFO  impl.RoleInfo (RoleInfo.java:updateAndGet(139)) - 14b40a93-8746-4852-b401-12fc62dc6a20: start 14b40a93-8746-4852-b401-12fc62dc6a20@group-2E56AF20CBB2-LeaderStateImpl
2022-09-28 15:53:36,603 [14b40a93-8746-4852-b401-12fc62dc6a20@group-2E56AF20CBB2-LeaderElection24] INFO  segmented.SegmentedRaftLogWorker (SegmentedRaftLogWorker.java:startLogSegment(425)) - 14b40a93-8746-4852-b401-12fc62dc6a20@group-2E56AF20CBB2-SegmentedRaftLogWorker: Starting segment from index:0
2022-09-28 15:53:36,603 [grpc-default-executor-3] INFO  server.RaftServer$Division (RaftServerImpl.java:requestVote(1184)) - 0274ec44-c511-404a-9072-ead7ce024853@group-2E56AF20CBB2 replies to ELECTION vote request: 14b40a93-8746-4852-b401-12fc62dc6a20<-0274ec44-c511-404a-9072-ead7ce024853#0:OK-t3. Peer's state: 0274ec44-c511-404a-9072-ead7ce024853@group-2E56AF20CBB2:t3, leader=null, voted=14b40a93-8746-4852-b401-12fc62dc6a20, raftlog=0274ec44-c511-404a-9072-ead7ce024853@group-2E56AF20CBB2-SegmentedRaftLog:OPENED:c-1, conf=-1: [b0c1961e-9fec-49a7-b763-eaf350b3d09d|rpc:10.1.1.55:37181|priority:0, 0274ec44-c511-404a-9072-ead7ce024853|rpc:10.1.1.55:37251|priority:0, 14b40a93-8746-4852-b401-12fc62dc6a20|rpc:10.1.1.55:46737|priority:1], old=null
2022-09-28 15:53:36,613 [EventQueue-PipelineReportForPipelineReportHandler] INFO  pipeline.PipelineManagerImpl (PipelineManagerImpl.java:openPipeline(367)) - Pipeline Pipeline[ Id: e763fc18-da16-4c30-827b-2e56af20cbb2, Nodes: b0c1961e-9fec-49a7-b763-eaf350b3d09d{ip: 10.1.1.55, host: fv-az203-824.ild0l4k5vsluppoevu2oqvhmda.cx.internal.cloudapp.net, ports: [REPLICATION=41311, RATIS=37181, RATIS_ADMIN=37181, RATIS_SERVER=37181, STANDALONE=42863], networkLocation: /default-rack, certSerialId: null, persistedOpState: IN_SERVICE, persistedOpStateExpiryEpochSec: 0}0274ec44-c511-404a-9072-ead7ce024853{ip: 10.1.1.55, host: fv-az203-824.ild0l4k5vsluppoevu2oqvhmda.cx.internal.cloudapp.net, ports: [REPLICATION=38111, RATIS=37251, RATIS_ADMIN=37251, RATIS_SERVER=37251, STANDALONE=46125], networkLocation: /default-rack, certSerialId: null, persistedOpState: IN_SERVICE, persistedOpStateExpiryEpochSec: 0}14b40a93-8746-4852-b401-12fc62dc6a20{ip: 10.1.1.55, host: fv-az203-824.ild0l4k5vsluppoevu2oqvhmda.cx.internal.cloudapp.net, ports: [REPLICATION=42933, RATIS=46737, RATIS_ADMIN=46737, RATIS_SERVER=46737, STANDALONE=33593], networkLocation: /default-rack, certSerialId: null, persistedOpState: IN_SERVICE, persistedOpStateExpiryEpochSec: 0}, ReplicationConfig: RATIS/THREE, State:ALLOCATED, leaderId:14b40a93-8746-4852-b401-12fc62dc6a20, CreationTimestamp2022-09-28T15:53:19.031Z[Etc/UTC]] moved to OPEN state
2022-09-28 15:53:36,610 [14b40a93-8746-4852-b401-12fc62dc6a20@group-2E56AF20CBB2-SegmentedRaftLogWorker] INFO  segmented.SegmentedRaftLogWorker (SegmentedRaftLogWorker.java:execute(629)) - 14b40a93-8746-4852-b401-12fc62dc6a20@group-2E56AF20CBB2-SegmentedRaftLogWorker: created new log segment /home/runner/work/ozone/ozone/hadoop-ozone/integration-test/target/test-dir/MiniOzoneClusterImpl-39beaa01-56cc-488c-9c2d-94b49c5a5f0c/datanode-1/data/ratis/e763fc18-da16-4c30-827b-2e56af20cbb2/current/log_inprogress_0
2022-09-28 15:53:36,624 [14b40a93-8746-4852-b401-12fc62dc6a20@group-2E56AF20CBB2-LeaderElection24] INFO  server.RaftServer$Division (ServerState.java:setRaftConf(393)) - 14b40a93-8746-4852-b401-12fc62dc6a20@group-2E56AF20CBB2: set configuration 0: [b0c1961e-9fec-49a7-b763-eaf350b3d09d|rpc:10.1.1.55:37181|dataStream:|priority:0, 0274ec44-c511-404a-9072-ead7ce024853|rpc:10.1.1.55:37251|dataStream:|priority:0, 14b40a93-8746-4852-b401-12fc62dc6a20|rpc:10.1.1.55:46737|dataStream:|priority:1], old=null
2022-09-28 15:53:36,624 [EventQueue-OpenPipelineForHealthyPipelineSafeModeRule] INFO  safemode.SCMSafeModeManager (HealthyPipelineSafeModeRule.java:process(137)) - SCM in safe mode. Healthy pipelines reported count is 1, required healthy pipeline reported count is 1
2022-09-28 15:53:36,630 [EventQueue-OpenPipelineForHealthyPipelineSafeModeRule] INFO  safemode.SCMSafeModeManager (SCMSafeModeManager.java:validateSafeModeExitRules(204)) - HealthyPipelineSafeModeRule rule is successfully validated
2022-09-28 15:53:36,630 [EventQueue-OpenPipelineForHealthyPipelineSafeModeRule] INFO  safemode.SCMSafeModeManager (SCMSafeModeManager.java:validateSafeModeExitRules(219)) - ScmSafeModeManager, all rules are successfully validated
2022-09-28 15:53:36,630 [EventQueue-OpenPipelineForHealthyPipelineSafeModeRule] INFO  safemode.SCMSafeModeManager (SCMSafeModeManager.java:exitSafeMode(248)) - SCM exiting safe mode.
2022-09-28 15:53:36,630 [EventQueue-OpenPipelineForHealthyPipelineSafeModeRule] WARN  events.EventQueue (EventQueue.java:fireEvent(216)) - No event handler registered for event TypedEvent{payloadType=SafeModeStatus, name='Safe mode status'}
2022-09-28 15:53:36,630 [EventQueue-OpenPipelineForHealthyPipelineSafeModeRule] INFO  ha.SCMContext (SCMContext.java:updateSafeModeStatus(228)) - Update SafeModeStatus from SafeModeStatus{safeModeStatus=true, preCheckPassed=true} to SafeModeStatus{safeModeStatus=false, preCheckPassed=true}.
2022-09-28 15:53:36,630 [EventQueue-OpenPipelineForHealthyPipelineSafeModeRule] INFO  pipeline.BackgroundPipelineCreator (BackgroundPipelineCreator.java:notifyStatusChanged(254)) - Service BackgroundPipelineCreator transitions to RUNNING.
2022-09-28 15:53:36,630 [EventQueue-OpenPipelineForHealthyPipelineSafeModeRule] INFO  BackgroundPipelineScrubber (BackgroundSCMService.java:notifyStatusChanged(82)) - Service BackgroundPipelineScrubber transitions to RUNNING.
2022-09-28 15:53:36,630 [EventQueue-OpenPipelineForHealthyPipelineSafeModeRule] INFO  ExpiredContainerReplicaOpScrubber (BackgroundSCMService.java:notifyStatusChanged(82)) - Service ExpiredContainerReplicaOpScrubber transitions to RUNNING.
2022-09-28 15:53:36,630 [EventQueue-OpenPipelineForHealthyPipelineSafeModeRule] INFO  replication.ReplicationManager (ReplicationManager.java:notifyStatusChanged(726)) - Service ReplicationManager transitions to RUNNING.
2022-09-28 15:53:36,630 [EventQueue-OpenPipelineForHealthyPipelineSafeModeRule] WARN  balancer.ContainerBalancer (ContainerBalancer.java:shouldRun(936)) - Could not find persisted configuration for ContainerBalancer when checking if ContainerBalancer should run. ContainerBalancer should not run now.
2022-09-28 15:53:36,631 [b0c1961e-9fec-49a7-b763-eaf350b3d09d-server-thread1] INFO  ratis.XceiverServerRatis (XceiverServerRatis.java:handleLeaderChangedNotification(863)) - Leader change notification received for group: group-2E56AF20CBB2 with new leaderId: 14b40a93-8746-4852-b401-12fc62dc6a20
2022-09-28 15:53:36,631 [b0c1961e-9fec-49a7-b763-eaf350b3d09d-server-thread1] INFO  server.RaftServer$Division (ServerState.java:setLeader(287)) - b0c1961e-9fec-49a7-b763-eaf350b3d09d@group-2E56AF20CBB2: change Leader from null to 14b40a93-8746-4852-b401-12fc62dc6a20 at term 3 for appendEntries, leader elected after 15568ms
2022-09-28 15:53:36,644 [b0c1961e-9fec-49a7-b763-eaf350b3d09d-server-thread1] INFO  server.RaftServer$Division (ServerState.java:setRaftConf(393)) - b0c1961e-9fec-49a7-b763-eaf350b3d09d@group-2E56AF20CBB2: set configuration 0: [b0c1961e-9fec-49a7-b763-eaf350b3d09d|rpc:10.1.1.55:37181|dataStream:|priority:0, 0274ec44-c511-404a-9072-ead7ce024853|rpc:10.1.1.55:37251|dataStream:|priority:0, 14b40a93-8746-4852-b401-12fc62dc6a20|rpc:10.1.1.55:46737|dataStream:|priority:1], old=null
2022-09-28 15:53:36,644 [b0c1961e-9fec-49a7-b763-eaf350b3d09d-server-thread1] INFO  segmented.SegmentedRaftLogWorker (SegmentedRaftLogWorker.java:startLogSegment(425)) - b0c1961e-9fec-49a7-b763-eaf350b3d09d@group-2E56AF20CBB2-SegmentedRaftLogWorker: Starting segment from index:0
2022-09-28 15:53:36,648 [b0c1961e-9fec-49a7-b763-eaf350b3d09d@group-2E56AF20CBB2-SegmentedRaftLogWorker] INFO  segmented.SegmentedRaftLogWorker (SegmentedRaftLogWorker.java:execute(629)) - b0c1961e-9fec-49a7-b763-eaf350b3d09d@group-2E56AF20CBB2-SegmentedRaftLogWorker: created new log segment /home/runner/work/ozone/ozone/hadoop-ozone/integration-test/target/test-dir/MiniOzoneClusterImpl-39beaa01-56cc-488c-9c2d-94b49c5a5f0c/datanode-2/data/ratis/e763fc18-da16-4c30-827b-2e56af20cbb2/current/log_inprogress_0
2022-09-28 15:53:36,655 [0274ec44-c511-404a-9072-ead7ce024853-server-thread1] INFO  ratis.XceiverServerRatis (XceiverServerRatis.java:handleLeaderChangedNotification(863)) - Leader change notification received for group: group-2E56AF20CBB2 with new leaderId: 14b40a93-8746-4852-b401-12fc62dc6a20
2022-09-28 15:53:36,657 [0274ec44-c511-404a-9072-ead7ce024853-server-thread1] INFO  server.RaftServer$Division (ServerState.java:setLeader(287)) - 0274ec44-c511-404a-9072-ead7ce024853@group-2E56AF20CBB2: change Leader from null to 14b40a93-8746-4852-b401-12fc62dc6a20 at term 3 for appendEntries, leader elected after 15728ms
2022-09-28 15:53:36,679 [0274ec44-c511-404a-9072-ead7ce024853-server-thread1] INFO  server.RaftServer$Division (ServerState.java:setRaftConf(393)) - 0274ec44-c511-404a-9072-ead7ce024853@group-2E56AF20CBB2: set configuration 0: [b0c1961e-9fec-49a7-b763-eaf350b3d09d|rpc:10.1.1.55:37181|dataStream:|priority:0, 0274ec44-c511-404a-9072-ead7ce024853|rpc:10.1.1.55:37251|dataStream:|priority:0, 14b40a93-8746-4852-b401-12fc62dc6a20|rpc:10.1.1.55:46737|dataStream:|priority:1], old=null
2022-09-28 15:53:36,679 [0274ec44-c511-404a-9072-ead7ce024853-server-thread1] INFO  segmented.SegmentedRaftLogWorker (SegmentedRaftLogWorker.java:startLogSegment(425)) - 0274ec44-c511-404a-9072-ead7ce024853@group-2E56AF20CBB2-SegmentedRaftLogWorker: Starting segment from index:0
2022-09-28 15:53:36,686 [0274ec44-c511-404a-9072-ead7ce024853@group-2E56AF20CBB2-SegmentedRaftLogWorker] INFO  segmented.SegmentedRaftLogWorker (SegmentedRaftLogWorker.java:execute(629)) - 0274ec44-c511-404a-9072-ead7ce024853@group-2E56AF20CBB2-SegmentedRaftLogWorker: created new log segment /home/runner/work/ozone/ozone/hadoop-ozone/integration-test/target/test-dir/MiniOzoneClusterImpl-39beaa01-56cc-488c-9c2d-94b49c5a5f0c/datanode-0/data/ratis/e763fc18-da16-4c30-827b-2e56af20cbb2/current/log_inprogress_0
2022-09-28 15:53:36,863 [b0c1961e-9fec-49a7-b763-eaf350b3d09d@group-5B2B81FF11F7-FollowerState] INFO  impl.FollowerState (FollowerState.java:run(143)) - b0c1961e-9fec-49a7-b763-eaf350b3d09d@group-5B2B81FF11F7-FollowerState: change to CANDIDATE, lastRpcElapsedTime:5042720744ns, electionTimeout:5036ms
2022-09-28 15:53:36,863 [b0c1961e-9fec-49a7-b763-eaf350b3d09d@group-5B2B81FF11F7-FollowerState] INFO  impl.RoleInfo (RoleInfo.java:shutdownFollowerState(110)) - b0c1961e-9fec-49a7-b763-eaf350b3d09d: shutdown b0c1961e-9fec-49a7-b763-eaf350b3d09d@group-5B2B81FF11F7-FollowerState
2022-09-28 15:53:36,863 [b0c1961e-9fec-49a7-b763-eaf350b3d09d@group-5B2B81FF11F7-FollowerState] INFO  server.RaftServer$Division (RaftServerImpl.java:setRole(299)) - b0c1961e-9fec-49a7-b763-eaf350b3d09d@group-5B2B81FF11F7: changes role from  FOLLOWER to CANDIDATE at term 2 for changeToCandidate
2022-09-28 15:53:36,863 [b0c1961e-9fec-49a7-b763-eaf350b3d09d@group-5B2B81FF11F7-FollowerState] INFO  server.RaftServerConfigKeys (ConfUtils.java:logGet(46)) - raft.server.leaderelection.pre-vote = false (custom)
2022-09-28 15:53:36,863 [b0c1961e-9fec-49a7-b763-eaf350b3d09d@group-5B2B81FF11F7-FollowerState] INFO  impl.RoleInfo (RoleInfo.java:updateAndGet(139)) - b0c1961e-9fec-49a7-b763-eaf350b3d09d: start b0c1961e-9fec-49a7-b763-eaf350b3d09d@group-5B2B81FF11F7-LeaderElection25
2022-09-28 15:53:36,876 [b0c1961e-9fec-49a7-b763-eaf350b3d09d@group-5B2B81FF11F7-LeaderElection25] INFO  impl.LeaderElection (LeaderElection.java:askForVotes(310)) - b0c1961e-9fec-49a7-b763-eaf350b3d09d@group-5B2B81FF11F7-LeaderElection25 ELECTION round 0: submit vote requests at term 3 for -1: [b0c1961e-9fec-49a7-b763-eaf350b3d09d|rpc:10.1.1.55:37181|dataStream:|priority:1, 0274ec44-c511-404a-9072-ead7ce024853|rpc:10.1.1.55:37251|dataStream:|priority:0, 14b40a93-8746-4852-b401-12fc62dc6a20|rpc:10.1.1.55:46737|dataStream:|priority:0], old=null
2022-09-28 15:53:36,896 [grpc-default-executor-2] INFO  server.RaftServer$Division (RaftServerImpl.java:requestVote(1152)) - 0274ec44-c511-404a-9072-ead7ce024853@group-5B2B81FF11F7: receive requestVote(ELECTION, b0c1961e-9fec-49a7-b763-eaf350b3d09d, group-5B2B81FF11F7, 3, (t:0, i:0))
2022-09-28 15:53:36,896 [grpc-default-executor-2] INFO  impl.VoteContext (VoteContext.java:log(48)) - 0274ec44-c511-404a-9072-ead7ce024853@group-5B2B81FF11F7-FOLLOWER: accept ELECTION from b0c1961e-9fec-49a7-b763-eaf350b3d09d: our priority 0 <= candidate's priority 1
2022-09-28 15:53:36,896 [grpc-default-executor-2] INFO  server.RaftServer$Division (RaftServerImpl.java:setRole(299)) - 0274ec44-c511-404a-9072-ead7ce024853@group-5B2B81FF11F7: changes role from  FOLLOWER to FOLLOWER at term 3 for candidate:b0c1961e-9fec-49a7-b763-eaf350b3d09d
2022-09-28 15:53:36,896 [grpc-default-executor-2] INFO  impl.RoleInfo (RoleInfo.java:shutdownFollowerState(110)) - 0274ec44-c511-404a-9072-ead7ce024853: shutdown 0274ec44-c511-404a-9072-ead7ce024853@group-5B2B81FF11F7-FollowerState
2022-09-28 15:53:36,896 [0274ec44-c511-404a-9072-ead7ce024853@group-5B2B81FF11F7-FollowerState] INFO  impl.FollowerState (FollowerState.java:run(152)) - 0274ec44-c511-404a-9072-ead7ce024853@group-5B2B81FF11F7-FollowerState was interrupted
2022-09-28 15:53:36,896 [grpc-default-executor-2] INFO  impl.RoleInfo (RoleInfo.java:updateAndGet(139)) - 0274ec44-c511-404a-9072-ead7ce024853: start 0274ec44-c511-404a-9072-ead7ce024853@group-5B2B81FF11F7-FollowerState
2022-09-28 15:53:36,902 [grpc-default-executor-2] INFO  server.RaftServer$Division (RaftServerImpl.java:requestVote(1184)) - 0274ec44-c511-404a-9072-ead7ce024853@group-5B2B81FF11F7 replies to ELECTION vote request: b0c1961e-9fec-49a7-b763-eaf350b3d09d<-0274ec44-c511-404a-9072-ead7ce024853#0:OK-t3. Peer's state: 0274ec44-c511-404a-9072-ead7ce024853@group-5B2B81FF11F7:t3, leader=null, voted=b0c1961e-9fec-49a7-b763-eaf350b3d09d, raftlog=0274ec44-c511-404a-9072-ead7ce024853@group-5B2B81FF11F7-SegmentedRaftLog:OPENED:c-1, conf=-1: [b0c1961e-9fec-49a7-b763-eaf350b3d09d|rpc:10.1.1.55:37181|priority:1, 0274ec44-c511-404a-9072-ead7ce024853|rpc:10.1.1.55:37251|priority:0, 14b40a93-8746-4852-b401-12fc62dc6a20|rpc:10.1.1.55:46737|priority:0], old=null
2022-09-28 15:53:36,908 [b0c1961e-9fec-49a7-b763-eaf350b3d09d@group-5B2B81FF11F7-LeaderElection25] INFO  impl.LeaderElection (LeaderElection.java:logAndReturn(90)) - b0c1961e-9fec-49a7-b763-eaf350b3d09d@group-5B2B81FF11F7-LeaderElection25: ELECTION PASSED received 1 response(s) and 0 exception(s):
2022-09-28 15:53:36,908 [b0c1961e-9fec-49a7-b763-eaf350b3d09d@group-5B2B81FF11F7-LeaderElection25] INFO  impl.LeaderElection (LeaderElection.java:logAndReturn(94)) -   Response 0: b0c1961e-9fec-49a7-b763-eaf350b3d09d<-0274ec44-c511-404a-9072-ead7ce024853#0:OK-t3
2022-09-28 15:53:36,908 [b0c1961e-9fec-49a7-b763-eaf350b3d09d@group-5B2B81FF11F7-LeaderElection25] INFO  impl.LeaderElection (LeaderElection.java:askForVotes(312)) - b0c1961e-9fec-49a7-b763-eaf350b3d09d@group-5B2B81FF11F7-LeaderElection25 ELECTION round 0: result PASSED
2022-09-28 15:53:36,908 [b0c1961e-9fec-49a7-b763-eaf350b3d09d@group-5B2B81FF11F7-LeaderElection25] INFO  impl.RoleInfo (RoleInfo.java:shutdownLeaderElection(130)) - b0c1961e-9fec-49a7-b763-eaf350b3d09d: shutdown b0c1961e-9fec-49a7-b763-eaf350b3d09d@group-5B2B81FF11F7-LeaderElection25
2022-09-28 15:53:36,919 [b0c1961e-9fec-49a7-b763-eaf350b3d09d@group-5B2B81FF11F7-LeaderElection25] INFO  server.RaftServer$Division (RaftServerImpl.java:setRole(299)) - b0c1961e-9fec-49a7-b763-eaf350b3d09d@group-5B2B81FF11F7: changes role from CANDIDATE to LEADER at term 3 for changeToLeader
2022-09-28 15:53:36,919 [b0c1961e-9fec-49a7-b763-eaf350b3d09d@group-5B2B81FF11F7-LeaderElection25] INFO  ratis.XceiverServerRatis (XceiverServerRatis.java:handleLeaderChangedNotification(863)) - Leader change notification received for group: group-5B2B81FF11F7 with new leaderId: b0c1961e-9fec-49a7-b763-eaf350b3d09d
2022-09-28 15:53:36,919 [b0c1961e-9fec-49a7-b763-eaf350b3d09d@group-5B2B81FF11F7-LeaderElection25] INFO  server.RaftServer$Division (ServerState.java:setLeader(287)) - b0c1961e-9fec-49a7-b763-eaf350b3d09d@group-5B2B81FF11F7: change Leader from null to b0c1961e-9fec-49a7-b763-eaf350b3d09d at term 3 for becomeLeader, leader elected after 15331ms
2022-09-28 15:53:36,919 [b0c1961e-9fec-49a7-b763-eaf350b3d09d@group-5B2B81FF11F7-LeaderElection25] INFO  server.RaftServerConfigKeys (ConfUtils.java:logGet(46)) - raft.server.staging.catchup.gap = 1000 (default)
2022-09-28 15:53:36,919 [b0c1961e-9fec-49a7-b763-eaf350b3d09d@group-5B2B81FF11F7-LeaderElection25] INFO  server.RaftServerConfigKeys (ConfUtils.java:logGet(46)) - raft.server.write.element-limit = 1024 (custom)
2022-09-28 15:53:36,919 [b0c1961e-9fec-49a7-b763-eaf350b3d09d@group-5B2B81FF11F7-LeaderElection25] INFO  server.RaftServerConfigKeys (ConfUtils.java:logGet(46)) - raft.server.write.byte-limit = 1024 M (=1073741824) (custom)
2022-09-28 15:53:36,920 [b0c1961e-9fec-49a7-b763-eaf350b3d09d@group-5B2B81FF11F7-LeaderElection25] INFO  server.RaftServerConfigKeys (ConfUtils.java:logGet(46)) - raft.server.watch.timeout = 180s (custom)
2022-09-28 15:53:36,920 [b0c1961e-9fec-49a7-b763-eaf350b3d09d@group-5B2B81FF11F7-LeaderElection25] INFO  server.RaftServerConfigKeys (ConfUtils.java:logGet(46)) - raft.server.watch.timeout.denomination = 1s (default)
2022-09-28 15:53:36,920 [b0c1961e-9fec-49a7-b763-eaf350b3d09d@group-5B2B81FF11F7-LeaderElection25] INFO  server.RaftServerConfigKeys (ConfUtils.java:logGet(46)) - raft.server.watch.element-limit = 65536 (default)
2022-09-28 15:53:36,920 [b0c1961e-9fec-49a7-b763-eaf350b3d09d@group-5B2B81FF11F7-LeaderElection25] INFO  server.RaftServerConfigKeys (ConfUtils.java:logGet(46)) - raft.server.write.element-limit = 1024 (custom)
2022-09-28 15:53:36,920 [b0c1961e-9fec-49a7-b763-eaf350b3d09d@group-5B2B81FF11F7-LeaderElection25] INFO  server.RaftServerConfigKeys (ConfUtils.java:logGet(46)) - raft.server.write.follower.gap.ratio.max = -1.0 (default)
2022-09-28 15:53:36,920 [b0c1961e-9fec-49a7-b763-eaf350b3d09d@group-5B2B81FF11F7-LeaderElection25] INFO  server.RaftServerConfigKeys (ConfUtils.java:logGet(46)) - raft.server.log.appender.snapshot.chunk.size.max = 16MB (=16777216) (default)
2022-09-28 15:53:36,920 [b0c1961e-9fec-49a7-b763-eaf350b3d09d@group-5B2B81FF11F7-LeaderElection25] INFO  server.RaftServerConfigKeys (ConfUtils.java:logGet(46)) - raft.server.log.appender.buffer.byte-limit = 33554432 (custom)
2022-09-28 15:53:36,920 [b0c1961e-9fec-49a7-b763-eaf350b3d09d@group-5B2B81FF11F7-LeaderElection25] INFO  server.RaftServerConfigKeys (ConfUtils.java:logGet(46)) - raft.server.log.appender.buffer.element-limit = 1 (custom)
2022-09-28 15:53:36,920 [b0c1961e-9fec-49a7-b763-eaf350b3d09d@group-5B2B81FF11F7-LeaderElection25] INFO  grpc.GrpcConfigKeys (ConfUtils.java:logGet(46)) - raft.grpc.server.leader.outstanding.appends.max = 128 (default)
2022-09-28 15:53:36,920 [b0c1961e-9fec-49a7-b763-eaf350b3d09d@group-5B2B81FF11F7-LeaderElection25] INFO  server.RaftServerConfigKeys (ConfUtils.java:logGet(46)) - raft.server.rpc.request.timeout = 60s (custom)
2022-09-28 15:53:36,920 [b0c1961e-9fec-49a7-b763-eaf350b3d09d@group-5B2B81FF11F7-LeaderElection25] INFO  server.RaftServerConfigKeys (ConfUtils.java:logGet(46)) - raft.server.log.appender.install.snapshot.enabled = false (custom)
2022-09-28 15:53:36,921 [b0c1961e-9fec-49a7-b763-eaf350b3d09d@group-5B2B81FF11F7-LeaderElection25] INFO  server.RaftServerConfigKeys (ConfUtils.java:logGet(46)) - raft.server.log.appender.snapshot.chunk.size.max = 16MB (=16777216) (default)
2022-09-28 15:53:36,921 [b0c1961e-9fec-49a7-b763-eaf350b3d09d@group-5B2B81FF11F7-LeaderElection25] INFO  server.RaftServerConfigKeys (ConfUtils.java:logGet(46)) - raft.server.log.appender.buffer.byte-limit = 33554432 (custom)
2022-09-28 15:53:36,921 [b0c1961e-9fec-49a7-b763-eaf350b3d09d@group-5B2B81FF11F7-LeaderElection25] INFO  server.RaftServerConfigKeys (ConfUtils.java:logGet(46)) - raft.server.log.appender.buffer.element-limit = 1 (custom)
2022-09-28 15:53:36,921 [b0c1961e-9fec-49a7-b763-eaf350b3d09d@group-5B2B81FF11F7-LeaderElection25] INFO  grpc.GrpcConfigKeys (ConfUtils.java:logGet(46)) - raft.grpc.server.leader.outstanding.appends.max = 128 (default)
2022-09-28 15:53:36,921 [b0c1961e-9fec-49a7-b763-eaf350b3d09d@group-5B2B81FF11F7-LeaderElection25] INFO  server.RaftServerConfigKeys (ConfUtils.java:logGet(46)) - raft.server.rpc.request.timeout = 60s (custom)
2022-09-28 15:53:36,921 [b0c1961e-9fec-49a7-b763-eaf350b3d09d@group-5B2B81FF11F7-LeaderElection25] INFO  server.RaftServerConfigKeys (ConfUtils.java:logGet(46)) - raft.server.log.appender.install.snapshot.enabled = false (custom)
2022-09-28 15:53:36,921 [b0c1961e-9fec-49a7-b763-eaf350b3d09d@group-5B2B81FF11F7-LeaderElection25] INFO  impl.RoleInfo (RoleInfo.java:updateAndGet(139)) - b0c1961e-9fec-49a7-b763-eaf350b3d09d: start b0c1961e-9fec-49a7-b763-eaf350b3d09d@group-5B2B81FF11F7-LeaderStateImpl
2022-09-28 15:53:36,923 [EventQueue-PipelineReportForPipelineReportHandler] INFO  pipeline.PipelineManagerImpl (PipelineManagerImpl.java:openPipeline(367)) - Pipeline Pipeline[ Id: 07ed2b0b-f6d5-4159-9c2b-5b2b81ff11f7, Nodes: 14b40a93-8746-4852-b401-12fc62dc6a20{ip: 10.1.1.55, host: fv-az203-824.ild0l4k5vsluppoevu2oqvhmda.cx.internal.cloudapp.net, ports: [REPLICATION=42933, RATIS=46737, RATIS_ADMIN=46737, RATIS_SERVER=46737, STANDALONE=33593], networkLocation: /default-rack, certSerialId: null, persistedOpState: IN_SERVICE, persistedOpStateExpiryEpochSec: 0}b0c1961e-9fec-49a7-b763-eaf350b3d09d{ip: 10.1.1.55, host: fv-az203-824.ild0l4k5vsluppoevu2oqvhmda.cx.internal.cloudapp.net, ports: [REPLICATION=41311, RATIS=37181, RATIS_ADMIN=37181, RATIS_SERVER=37181, STANDALONE=42863], networkLocation: /default-rack, certSerialId: null, persistedOpState: IN_SERVICE, persistedOpStateExpiryEpochSec: 0}0274ec44-c511-404a-9072-ead7ce024853{ip: 10.1.1.55, host: fv-az203-824.ild0l4k5vsluppoevu2oqvhmda.cx.internal.cloudapp.net, ports: [REPLICATION=38111, RATIS=37251, RATIS_ADMIN=37251, RATIS_SERVER=37251, STANDALONE=46125], networkLocation: /default-rack, certSerialId: null, persistedOpState: IN_SERVICE, persistedOpStateExpiryEpochSec: 0}, ReplicationConfig: RATIS/THREE, State:ALLOCATED, leaderId:b0c1961e-9fec-49a7-b763-eaf350b3d09d, CreationTimestamp2022-09-28T15:53:19.034Z[Etc/UTC]] moved to OPEN state
2022-09-28 15:53:36,935 [b0c1961e-9fec-49a7-b763-eaf350b3d09d@group-5B2B81FF11F7-LeaderElection25] INFO  segmented.SegmentedRaftLogWorker (SegmentedRaftLogWorker.java:startLogSegment(425)) - b0c1961e-9fec-49a7-b763-eaf350b3d09d@group-5B2B81FF11F7-SegmentedRaftLogWorker: Starting segment from index:0
2022-09-28 15:53:36,936 [b0c1961e-9fec-49a7-b763-eaf350b3d09d@group-5B2B81FF11F7-SegmentedRaftLogWorker] INFO  segmented.SegmentedRaftLogWorker (SegmentedRaftLogWorker.java:execute(629)) - b0c1961e-9fec-49a7-b763-eaf350b3d09d@group-5B2B81FF11F7-SegmentedRaftLogWorker: created new log segment /home/runner/work/ozone/ozone/hadoop-ozone/integration-test/target/test-dir/MiniOzoneClusterImpl-39beaa01-56cc-488c-9c2d-94b49c5a5f0c/datanode-2/data/ratis/07ed2b0b-f6d5-4159-9c2b-5b2b81ff11f7/current/log_inprogress_0
2022-09-28 15:53:36,962 [grpc-default-executor-2] INFO  server.RaftServer$Division (RaftServerImpl.java:requestVote(1152)) - 14b40a93-8746-4852-b401-12fc62dc6a20@group-5B2B81FF11F7: receive requestVote(ELECTION, b0c1961e-9fec-49a7-b763-eaf350b3d09d, group-5B2B81FF11F7, 3, (t:0, i:0))
2022-09-28 15:53:36,974 [grpc-default-executor-2] INFO  impl.VoteContext (VoteContext.java:log(48)) - 14b40a93-8746-4852-b401-12fc62dc6a20@group-5B2B81FF11F7-FOLLOWER: accept ELECTION from b0c1961e-9fec-49a7-b763-eaf350b3d09d: our priority 0 <= candidate's priority 1
2022-09-28 15:53:36,974 [grpc-default-executor-2] INFO  server.RaftServer$Division (RaftServerImpl.java:setRole(299)) - 14b40a93-8746-4852-b401-12fc62dc6a20@group-5B2B81FF11F7: changes role from  FOLLOWER to FOLLOWER at term 3 for candidate:b0c1961e-9fec-49a7-b763-eaf350b3d09d
2022-09-28 15:53:36,974 [grpc-default-executor-2] INFO  impl.RoleInfo (RoleInfo.java:shutdownFollowerState(110)) - 14b40a93-8746-4852-b401-12fc62dc6a20: shutdown 14b40a93-8746-4852-b401-12fc62dc6a20@group-5B2B81FF11F7-FollowerState
2022-09-28 15:53:36,974 [grpc-default-executor-2] INFO  impl.RoleInfo (RoleInfo.java:updateAndGet(139)) - 14b40a93-8746-4852-b401-12fc62dc6a20: start 14b40a93-8746-4852-b401-12fc62dc6a20@group-5B2B81FF11F7-FollowerState
2022-09-28 15:53:36,974 [14b40a93-8746-4852-b401-12fc62dc6a20@group-5B2B81FF11F7-FollowerState] INFO  impl.FollowerState (FollowerState.java:run(152)) - 14b40a93-8746-4852-b401-12fc62dc6a20@group-5B2B81FF11F7-FollowerState was interrupted
2022-09-28 15:53:36,961 [b0c1961e-9fec-49a7-b763-eaf350b3d09d@group-5B2B81FF11F7-LeaderElection25] INFO  server.RaftServer$Division (ServerState.java:setRaftConf(393)) - b0c1961e-9fec-49a7-b763-eaf350b3d09d@group-5B2B81FF11F7: set configuration 0: [b0c1961e-9fec-49a7-b763-eaf350b3d09d|rpc:10.1.1.55:37181|dataStream:|priority:1, 0274ec44-c511-404a-9072-ead7ce024853|rpc:10.1.1.55:37251|dataStream:|priority:0, 14b40a93-8746-4852-b401-12fc62dc6a20|rpc:10.1.1.55:46737|dataStream:|priority:0], old=null
2022-09-28 15:53:36,981 [grpc-default-executor-2] INFO  server.RaftServer$Division (RaftServerImpl.java:requestVote(1184)) - 14b40a93-8746-4852-b401-12fc62dc6a20@group-5B2B81FF11F7 replies to ELECTION vote request: b0c1961e-9fec-49a7-b763-eaf350b3d09d<-14b40a93-8746-4852-b401-12fc62dc6a20#0:OK-t3. Peer's state: 14b40a93-8746-4852-b401-12fc62dc6a20@group-5B2B81FF11F7:t3, leader=null, voted=b0c1961e-9fec-49a7-b763-eaf350b3d09d, raftlog=14b40a93-8746-4852-b401-12fc62dc6a20@group-5B2B81FF11F7-SegmentedRaftLog:OPENED:c-1, conf=-1: [b0c1961e-9fec-49a7-b763-eaf350b3d09d|rpc:10.1.1.55:37181|priority:1, 0274ec44-c511-404a-9072-ead7ce024853|rpc:10.1.1.55:37251|priority:0, 14b40a93-8746-4852-b401-12fc62dc6a20|rpc:10.1.1.55:46737|priority:0], old=null
2022-09-28 15:53:36,983 [0274ec44-c511-404a-9072-ead7ce024853-server-thread1] INFO  ratis.XceiverServerRatis (XceiverServerRatis.java:handleLeaderChangedNotification(863)) - Leader change notification received for group: group-5B2B81FF11F7 with new leaderId: b0c1961e-9fec-49a7-b763-eaf350b3d09d
2022-09-28 15:53:36,983 [0274ec44-c511-404a-9072-ead7ce024853-server-thread1] INFO  server.RaftServer$Division (ServerState.java:setLeader(287)) - 0274ec44-c511-404a-9072-ead7ce024853@group-5B2B81FF11F7: change Leader from null to b0c1961e-9fec-49a7-b763-eaf350b3d09d at term 3 for appendEntries, leader elected after 15546ms
2022-09-28 15:53:36,995 [14b40a93-8746-4852-b401-12fc62dc6a20-server-thread1] INFO  ratis.XceiverServerRatis (XceiverServerRatis.java:handleLeaderChangedNotification(863)) - Leader change notification received for group: group-5B2B81FF11F7 with new leaderId: b0c1961e-9fec-49a7-b763-eaf350b3d09d
2022-09-28 15:53:36,999 [0274ec44-c511-404a-9072-ead7ce024853-server-thread1] INFO  server.RaftServer$Division (ServerState.java:setRaftConf(393)) - 0274ec44-c511-404a-9072-ead7ce024853@group-5B2B81FF11F7: set configuration 0: [b0c1961e-9fec-49a7-b763-eaf350b3d09d|rpc:10.1.1.55:37181|dataStream:|priority:1, 0274ec44-c511-404a-9072-ead7ce024853|rpc:10.1.1.55:37251|dataStream:|priority:0, 14b40a93-8746-4852-b401-12fc62dc6a20|rpc:10.1.1.55:46737|dataStream:|priority:0], old=null
2022-09-28 15:53:37,001 [0274ec44-c511-404a-9072-ead7ce024853-server-thread1] INFO  segmented.SegmentedRaftLogWorker (SegmentedRaftLogWorker.java:startLogSegment(425)) - 0274ec44-c511-404a-9072-ead7ce024853@group-5B2B81FF11F7-SegmentedRaftLogWorker: Starting segment from index:0
2022-09-28 15:53:37,002 [0274ec44-c511-404a-9072-ead7ce024853@group-5B2B81FF11F7-SegmentedRaftLogWorker] INFO  segmented.SegmentedRaftLogWorker (SegmentedRaftLogWorker.java:execute(629)) - 0274ec44-c511-404a-9072-ead7ce024853@group-5B2B81FF11F7-SegmentedRaftLogWorker: created new log segment /home/runner/work/ozone/ozone/hadoop-ozone/integration-test/target/test-dir/MiniOzoneClusterImpl-39beaa01-56cc-488c-9c2d-94b49c5a5f0c/datanode-0/data/ratis/07ed2b0b-f6d5-4159-9c2b-5b2b81ff11f7/current/log_inprogress_0
2022-09-28 15:53:37,001 [14b40a93-8746-4852-b401-12fc62dc6a20-server-thread1] INFO  server.RaftServer$Division (ServerState.java:setLeader(287)) - 14b40a93-8746-4852-b401-12fc62dc6a20@group-5B2B81FF11F7: change Leader from null to b0c1961e-9fec-49a7-b763-eaf350b3d09d at term 3 for appendEntries, leader elected after 15556ms
2022-09-28 15:53:37,038 [14b40a93-8746-4852-b401-12fc62dc6a20-server-thread1] INFO  server.RaftServer$Division (ServerState.java:setRaftConf(393)) - 14b40a93-8746-4852-b401-12fc62dc6a20@group-5B2B81FF11F7: set configuration 0: [b0c1961e-9fec-49a7-b763-eaf350b3d09d|rpc:10.1.1.55:37181|dataStream:|priority:1, 0274ec44-c511-404a-9072-ead7ce024853|rpc:10.1.1.55:37251|dataStream:|priority:0, 14b40a93-8746-4852-b401-12fc62dc6a20|rpc:10.1.1.55:46737|dataStream:|priority:0], old=null
2022-09-28 15:53:37,039 [14b40a93-8746-4852-b401-12fc62dc6a20-server-thread1] INFO  segmented.SegmentedRaftLogWorker (SegmentedRaftLogWorker.java:startLogSegment(425)) - 14b40a93-8746-4852-b401-12fc62dc6a20@group-5B2B81FF11F7-SegmentedRaftLogWorker: Starting segment from index:0
2022-09-28 15:53:37,040 [14b40a93-8746-4852-b401-12fc62dc6a20@group-5B2B81FF11F7-SegmentedRaftLogWorker] INFO  segmented.SegmentedRaftLogWorker (SegmentedRaftLogWorker.java:execute(629)) - 14b40a93-8746-4852-b401-12fc62dc6a20@group-5B2B81FF11F7-SegmentedRaftLogWorker: created new log segment /home/runner/work/ozone/ozone/hadoop-ozone/integration-test/target/test-dir/MiniOzoneClusterImpl-39beaa01-56cc-488c-9c2d-94b49c5a5f0c/datanode-1/data/ratis/07ed2b0b-f6d5-4159-9c2b-5b2b81ff11f7/current/log_inprogress_0
2022-09-28 15:53:37,535 [Listener at 127.0.0.1/42319] INFO  ozone.MiniOzoneClusterImpl (MiniOzoneClusterImpl.java:lambda$waitForClusterToBeReady$0(216)) - Nodes are ready. Got 5 of 5 DN Heartbeats.
2022-09-28 15:53:37,535 [Listener at 127.0.0.1/42319] INFO  ozone.MiniOzoneClusterImpl (MiniOzoneClusterImpl.java:lambda$waitForClusterToBeReady$0(219)) - Cluster exits safe mode
2022-09-28 15:53:37,535 [Listener at 127.0.0.1/42319] INFO  ozone.MiniOzoneClusterImpl (MiniOzoneClusterImpl.java:lambda$waitForClusterToBeReady$0(221)) - SCM became leader
2022-09-28 15:53:37,602 [Listener at 127.0.0.1/42319] INFO  rpc.RpcClient (RpcClient.java:createVolume(471)) - Creating Volume: volume00149, with user91857 as owner and space quota set to -1 bytes, counts quota set to -1
2022-09-28 15:53:37,603 [IPC Server handler 3 on default port 42319] INFO  volume.OMVolumeCreateRequest (OMVolumeCreateRequest.java:validateAndUpdateCache(195)) - created volume:volume00149 for user:user91857
2022-09-28 15:53:37,625 [Listener at 127.0.0.1/42319] INFO  rpc.RpcClient (RpcClient.java:createBucket(674)) - Creating Bucket: volume00149/bucket04297, with bucket layout LEGACY, runner as owner, Versioning false, Storage Type set to DISK and Encryption set to false 
2022-09-28 15:53:37,629 [IPC Server handler 11 on default port 42319] INFO  bucket.OMBucketCreateRequest (OMBucketCreateRequest.java:validateAndUpdateCache(260)) - created bucket: bucket04297 of layout LEGACY in volume: volume00149
]]></system-out>
  </testcase>
  <testcase name="testGetTrashRoot" classname="TestOzoneFileSystem" time="48.635">
    <system-out><![CDATA[2022-09-28 15:54:13,992 [Listener at 127.0.0.1/42319] INFO  ozone.MiniOzoneClusterImpl (MiniOzoneClusterImpl.java:shutdown(448)) - Shutting down the Mini Ozone Cluster
2022-09-28 15:54:13,992 [Listener at 127.0.0.1/42319] INFO  ozone.MiniOzoneClusterImpl (MiniOzoneClusterImpl.java:stop(463)) - Stopping the Mini Ozone Cluster
2022-09-28 15:54:13,992 [Listener at 127.0.0.1/42319] INFO  ozone.MiniOzoneClusterImpl (MiniOzoneClusterImpl.java:stopOM(545)) - Stopping the OzoneManager
2022-09-28 15:54:13,993 [Listener at 127.0.0.1/42319] INFO  om.OzoneManager (OzoneManager.java:stop(2035)) - om1[localhost:0]: Stopping Ozone Manager
2022-09-28 15:54:13,993 [Listener at 127.0.0.1/42319] INFO  ipc.Server (Server.java:stop(3414)) - Stopping server on 42319
2022-09-28 15:54:14,011 [IPC Server Responder] INFO  ipc.Server (Server.java:run(1512)) - Stopping IPC Server Responder
2022-09-28 15:54:14,011 [Listener at 127.0.0.1/42319] INFO  ratis.OzoneManagerDoubleBuffer (OzoneManagerDoubleBuffer.java:stop(466)) - Stopping OMDoubleBuffer flush thread
2022-09-28 15:54:14,011 [OMDoubleBufferFlushThread] INFO  ratis.OzoneManagerDoubleBuffer (OzoneManagerDoubleBuffer.java:flushTransactions(385)) - OMDoubleBuffer flush thread OMDoubleBufferFlushThread is interrupted and will exit.
2022-09-28 15:54:14,011 [IPC Server listener on 0] INFO  ipc.Server (Server.java:run(1376)) - Stopping IPC Server listener on 0
2022-09-28 15:54:14,011 [Listener at 127.0.0.1/42319] INFO  utils.BackgroundService (BackgroundService.java:shutdown(141)) - Shutting down service KeyDeletingService
2022-09-28 15:54:14,012 [Listener at 127.0.0.1/42319] INFO  utils.BackgroundService (BackgroundService.java:shutdown(141)) - Shutting down service DirectoryDeletingService
2022-09-28 15:54:14,019 [Listener at 127.0.0.1/42319] INFO  utils.BackgroundService (BackgroundService.java:shutdown(141)) - Shutting down service OpenKeyCleanupService
2022-09-28 15:54:14,022 [Listener at 127.0.0.1/42319] INFO  handler.ContextHandler (ContextHandler.java:doStop(1153)) - Stopped o.e.j.w.WebAppContext@d3b2b6c{ozoneManager,/,null,STOPPED}{file:/home/runner/work/ozone/ozone/hadoop-ozone/integration-test/target/test-classes/webapps/ozoneManager}
2022-09-28 15:54:14,022 [Listener at 127.0.0.1/42319] INFO  server.AbstractConnector (AbstractConnector.java:doStop(381)) - Stopped ServerConnector@44d105b5{HTTP/1.1, (http/1.1)}{0.0.0.0:0}
2022-09-28 15:54:14,022 [Listener at 127.0.0.1/42319] INFO  server.session (HouseKeeper.java:stopScavenging(149)) - node0 Stopped scavenging
2022-09-28 15:54:14,023 [Listener at 127.0.0.1/42319] INFO  handler.ContextHandler (ContextHandler.java:doStop(1153)) - Stopped o.e.j.s.ServletContextHandler@30b43024{static,/static,file:///home/runner/work/ozone/ozone/hadoop-ozone/integration-test/target/test-classes/webapps/static,STOPPED}
2022-09-28 15:54:14,023 [Listener at 127.0.0.1/42319] INFO  handler.ContextHandler (ContextHandler.java:doStop(1153)) - Stopped o.e.j.s.ServletContextHandler@79cbc176{logs,/logs,file:///home/runner/work/ozone/ozone/hadoop-ozone/integration-test/target/log,STOPPED}
2022-09-28 15:54:14,029 [Listener at 127.0.0.1/42319] INFO  ozone.MiniOzoneClusterImpl (MiniOzoneClusterImpl.java:stopDatanodes(522)) - Stopping the HddsDatanodes
2022-09-28 15:54:14,035 [Trash Emptier] ERROR om.TrashPolicyOzone (TrashPolicyOzone.java:run(251)) - Error attempting to shutdown
java.lang.InterruptedException
	at java.util.concurrent.locks.AbstractQueuedSynchronizer$ConditionObject.awaitNanos(AbstractQueuedSynchronizer.java:2072)
	at java.util.concurrent.ThreadPoolExecutor.awaitTermination(ThreadPoolExecutor.java:1475)
	at org.apache.hadoop.ozone.om.TrashPolicyOzone$Emptier.run(TrashPolicyOzone.java:249)
	at java.lang.Thread.run(Thread.java:750)
2022-09-28 15:54:14,035 [Trash Emptier] ERROR util.ExitUtils (ExitUtils.java:terminate(133)) - Terminating with exit status -1: Thread[Trash Emptier,5,main] has thrown an uncaught exception
java.lang.UnsupportedOperationException: fs.getUri() not implemented in TrashOzoneFileSystem
	at org.apache.hadoop.ozone.om.TrashOzoneFileSystem.getUri(TrashOzoneFileSystem.java:126)
	at org.apache.hadoop.fs.FileSystem.close(FileSystem.java:2592)
	at org.apache.hadoop.ozone.om.TrashPolicyOzone$Emptier.run(TrashPolicyOzone.java:243)
	at java.lang.Thread.run(Thread.java:750)
2022-09-28 15:54:19,030 [Listener at 127.0.0.1/42319] INFO  ozoneimpl.OzoneContainer (OzoneContainer.java:stop(400)) - Attempting to stop container services.
2022-09-28 15:54:19,031 [Listener at 127.0.0.1/42319] INFO  server.RaftServer (RaftServerProxy.java:lambda$close$7(398)) - b0c1961e-9fec-49a7-b763-eaf350b3d09d: close
2022-09-28 15:54:19,031 [Listener at 127.0.0.1/42319] INFO  server.RaftServer$Division (RaftServerImpl.java:lambda$close$4(434)) - b0c1961e-9fec-49a7-b763-eaf350b3d09d@group-2E56AF20CBB2: shutdown
2022-09-28 15:54:19,031 [Listener at 127.0.0.1/42319] INFO  util.JmxRegister (JmxRegister.java:unregister(73)) - Successfully un-registered JMX Bean with object name Ratis:service=RaftServer,group=group-2E56AF20CBB2,id=b0c1961e-9fec-49a7-b763-eaf350b3d09d
2022-09-28 15:54:19,031 [Listener at 127.0.0.1/42319] INFO  impl.RoleInfo (RoleInfo.java:shutdownFollowerState(110)) - b0c1961e-9fec-49a7-b763-eaf350b3d09d: shutdown b0c1961e-9fec-49a7-b763-eaf350b3d09d@group-2E56AF20CBB2-FollowerState
2022-09-28 15:54:19,031 [Listener at 127.0.0.1/42319] INFO  impl.StateMachineUpdater (StateMachineUpdater.java:stopAndJoin(153)) - b0c1961e-9fec-49a7-b763-eaf350b3d09d@group-2E56AF20CBB2-StateMachineUpdater: set stopIndex = 3
2022-09-28 15:54:19,032 [b0c1961e-9fec-49a7-b763-eaf350b3d09d@group-2E56AF20CBB2-StateMachineUpdater] INFO  ratis.ContainerStateMachine (ContainerStateMachine.java:takeSnapshot(304)) - group-2E56AF20CBB2: Taking a snapshot at:(t:3, i:3) file /home/runner/work/ozone/ozone/hadoop-ozone/integration-test/target/test-dir/MiniOzoneClusterImpl-39beaa01-56cc-488c-9c2d-94b49c5a5f0c/datanode-2/data/ratis/e763fc18-da16-4c30-827b-2e56af20cbb2/sm/snapshot.3_3
2022-09-28 15:54:19,032 [b0c1961e-9fec-49a7-b763-eaf350b3d09d@group-2E56AF20CBB2-FollowerState] INFO  impl.FollowerState (FollowerState.java:run(152)) - b0c1961e-9fec-49a7-b763-eaf350b3d09d@group-2E56AF20CBB2-FollowerState was interrupted
2022-09-28 15:54:19,034 [b0c1961e-9fec-49a7-b763-eaf350b3d09d@group-2E56AF20CBB2-StateMachineUpdater] INFO  ratis.ContainerStateMachine (ContainerStateMachine.java:takeSnapshot(315)) - group-2E56AF20CBB2: Finished taking a snapshot at:(t:3, i:3) file:/home/runner/work/ozone/ozone/hadoop-ozone/integration-test/target/test-dir/MiniOzoneClusterImpl-39beaa01-56cc-488c-9c2d-94b49c5a5f0c/datanode-2/data/ratis/e763fc18-da16-4c30-827b-2e56af20cbb2/sm/snapshot.3_3 took: 2 ms
2022-09-28 15:54:19,034 [b0c1961e-9fec-49a7-b763-eaf350b3d09d@group-2E56AF20CBB2-StateMachineUpdater] INFO  impl.StateMachineUpdater (StateMachineUpdater.java:takeSnapshot(287)) - b0c1961e-9fec-49a7-b763-eaf350b3d09d@group-2E56AF20CBB2-StateMachineUpdater: Took a snapshot at index 3
2022-09-28 15:54:19,034 [b0c1961e-9fec-49a7-b763-eaf350b3d09d@group-2E56AF20CBB2-StateMachineUpdater] INFO  impl.StateMachineUpdater (StateMachineUpdater.java:lambda$new$0(92)) - b0c1961e-9fec-49a7-b763-eaf350b3d09d@group-2E56AF20CBB2-StateMachineUpdater: snapshotIndex: updateIncreasingly -1 -> 3
2022-09-28 15:54:19,036 [Listener at 127.0.0.1/42319] INFO  server.RaftServer$Division (ServerState.java:close(429)) - b0c1961e-9fec-49a7-b763-eaf350b3d09d@group-2E56AF20CBB2: closes. applyIndex: 3
2022-09-28 15:54:19,037 [b0c1961e-9fec-49a7-b763-eaf350b3d09d@group-2E56AF20CBB2-SegmentedRaftLogWorker] INFO  segmented.SegmentedRaftLogWorker (SegmentedRaftLogWorker.java:run(336)) - b0c1961e-9fec-49a7-b763-eaf350b3d09d@group-2E56AF20CBB2-SegmentedRaftLogWorker was interrupted, exiting. There are 0 tasks remaining in the queue.
2022-09-28 15:54:19,044 [Listener at 127.0.0.1/42319] INFO  segmented.SegmentedRaftLogWorker (SegmentedRaftLogWorker.java:close(246)) - b0c1961e-9fec-49a7-b763-eaf350b3d09d@group-2E56AF20CBB2-SegmentedRaftLogWorker close()
2022-09-28 15:54:19,051 [Listener at 127.0.0.1/42319] INFO  server.RaftServer$Division (RaftServerImpl.java:lambda$close$4(434)) - b0c1961e-9fec-49a7-b763-eaf350b3d09d@group-5B2B81FF11F7: shutdown
2022-09-28 15:54:19,051 [Listener at 127.0.0.1/42319] INFO  util.JmxRegister (JmxRegister.java:unregister(73)) - Successfully un-registered JMX Bean with object name Ratis:service=RaftServer,group=group-5B2B81FF11F7,id=b0c1961e-9fec-49a7-b763-eaf350b3d09d
2022-09-28 15:54:19,051 [Listener at 127.0.0.1/42319] INFO  impl.RoleInfo (RoleInfo.java:shutdownLeaderState(93)) - b0c1961e-9fec-49a7-b763-eaf350b3d09d: shutdown b0c1961e-9fec-49a7-b763-eaf350b3d09d@group-5B2B81FF11F7-LeaderStateImpl
2022-09-28 15:54:19,051 [Listener at 127.0.0.1/42319] INFO  impl.PendingRequests (PendingRequests.java:sendNotLeaderResponses(282)) - b0c1961e-9fec-49a7-b763-eaf350b3d09d@group-5B2B81FF11F7-PendingRequests: sendNotLeaderResponses
2022-09-28 15:54:19,052 [b0c1961e-9fec-49a7-b763-eaf350b3d09d@group-5B2B81FF11F7->0274ec44-c511-404a-9072-ead7ce024853-GrpcLogAppender-LogAppenderDaemon] WARN  server.GrpcLogAppender (GrpcLogAppender.java:mayWait(171)) - b0c1961e-9fec-49a7-b763-eaf350b3d09d@group-5B2B81FF11F7->0274ec44-c511-404a-9072-ead7ce024853-GrpcLogAppender: Wait interrupted by java.lang.InterruptedException
2022-09-28 15:54:19,052 [b0c1961e-9fec-49a7-b763-eaf350b3d09d@group-5B2B81FF11F7->14b40a93-8746-4852-b401-12fc62dc6a20-GrpcLogAppender-LogAppenderDaemon] WARN  server.GrpcLogAppender (GrpcLogAppender.java:mayWait(171)) - b0c1961e-9fec-49a7-b763-eaf350b3d09d@group-5B2B81FF11F7->14b40a93-8746-4852-b401-12fc62dc6a20-GrpcLogAppender: Wait interrupted by java.lang.InterruptedException
2022-09-28 15:54:19,059 [ForkJoinPool.commonPool-worker-0] INFO  ozoneimpl.OzoneContainer (OzoneContainer.java:stop(400)) - Attempting to stop container services.
2022-09-28 15:54:19,062 [grpc-default-executor-3] INFO  server.GrpcServerProtocolService (GrpcServerProtocolService.java:onCompleted(140)) - 0274ec44-c511-404a-9072-ead7ce024853: Completed APPEND_ENTRIES, lastRequest: b0c1961e-9fec-49a7-b763-eaf350b3d09d->0274ec44-c511-404a-9072-ead7ce024853#141-t3,previous=(t:3, i:24),leaderCommit=24,initializing? true,entries: size=1, first=(t:3, i:25), METADATAENTRY(c:24)
2022-09-28 15:54:19,063 [grpc-default-executor-4] INFO  server.GrpcServerProtocolService (GrpcServerProtocolService.java:onCompleted(140)) - 14b40a93-8746-4852-b401-12fc62dc6a20: Completed APPEND_ENTRIES, lastRequest: b0c1961e-9fec-49a7-b763-eaf350b3d09d->14b40a93-8746-4852-b401-12fc62dc6a20#144-t3,previous=(t:3, i:24),leaderCommit=24,initializing? true,entries: size=1, first=(t:3, i:25), METADATAENTRY(c:24)
2022-09-28 15:54:19,076 [ForkJoinPool.commonPool-worker-0] INFO  server.RaftServer (RaftServerProxy.java:lambda$close$7(398)) - 14b40a93-8746-4852-b401-12fc62dc6a20: close
2022-09-28 15:54:19,076 [ForkJoinPool.commonPool-worker-0] INFO  server.RaftServer$Division (RaftServerImpl.java:lambda$close$4(434)) - 14b40a93-8746-4852-b401-12fc62dc6a20@group-2E56AF20CBB2: shutdown
2022-09-28 15:54:19,076 [ForkJoinPool.commonPool-worker-0] INFO  util.JmxRegister (JmxRegister.java:unregister(73)) - Successfully un-registered JMX Bean with object name Ratis:service=RaftServer,group=group-2E56AF20CBB2,id=14b40a93-8746-4852-b401-12fc62dc6a20
2022-09-28 15:54:19,076 [ForkJoinPool.commonPool-worker-0] INFO  impl.RoleInfo (RoleInfo.java:shutdownLeaderState(93)) - 14b40a93-8746-4852-b401-12fc62dc6a20: shutdown 14b40a93-8746-4852-b401-12fc62dc6a20@group-2E56AF20CBB2-LeaderStateImpl
2022-09-28 15:54:19,076 [ForkJoinPool.commonPool-worker-0] INFO  impl.PendingRequests (PendingRequests.java:sendNotLeaderResponses(282)) - 14b40a93-8746-4852-b401-12fc62dc6a20@group-2E56AF20CBB2-PendingRequests: sendNotLeaderResponses
2022-09-28 15:54:19,076 [14b40a93-8746-4852-b401-12fc62dc6a20@group-2E56AF20CBB2->0274ec44-c511-404a-9072-ead7ce024853-GrpcLogAppender-LogAppenderDaemon] WARN  server.GrpcLogAppender (GrpcLogAppender.java:mayWait(171)) - 14b40a93-8746-4852-b401-12fc62dc6a20@group-2E56AF20CBB2->0274ec44-c511-404a-9072-ead7ce024853-GrpcLogAppender: Wait interrupted by java.lang.InterruptedException
2022-09-28 15:54:19,076 [14b40a93-8746-4852-b401-12fc62dc6a20@group-2E56AF20CBB2->b0c1961e-9fec-49a7-b763-eaf350b3d09d-GrpcLogAppender-LogAppenderDaemon] WARN  server.GrpcLogAppender (GrpcLogAppender.java:mayWait(171)) - 14b40a93-8746-4852-b401-12fc62dc6a20@group-2E56AF20CBB2->b0c1961e-9fec-49a7-b763-eaf350b3d09d-GrpcLogAppender: Wait interrupted by java.lang.InterruptedException
2022-09-28 15:54:19,086 [grpc-default-executor-3] INFO  server.GrpcLogAppender (GrpcLogAppender.java:onCompleted(339)) - b0c1961e-9fec-49a7-b763-eaf350b3d09d@group-5B2B81FF11F7->14b40a93-8746-4852-b401-12fc62dc6a20-AppendLogResponseHandler: follower responses appendEntries COMPLETED
2022-09-28 15:54:19,086 [grpc-default-executor-3] INFO  leader.FollowerInfo (FollowerInfoImpl.java:lambda$new$0(48)) - b0c1961e-9fec-49a7-b763-eaf350b3d09d@group-5B2B81FF11F7->14b40a93-8746-4852-b401-12fc62dc6a20: nextIndex: updateUnconditionally 26 -> 25
2022-09-28 15:54:19,086 [grpc-default-executor-2] INFO  server.GrpcServerProtocolService (GrpcServerProtocolService.java:onCompleted(140)) - b0c1961e-9fec-49a7-b763-eaf350b3d09d: Completed APPEND_ENTRIES, lastRequest: 14b40a93-8746-4852-b401-12fc62dc6a20->b0c1961e-9fec-49a7-b763-eaf350b3d09d#20-t3,previous=(t:3, i:2),leaderCommit=2,initializing? true,entries: size=1, first=(t:3, i:3), METADATAENTRY(c:2)
2022-09-28 15:54:19,086 [grpc-default-executor-4] INFO  server.GrpcServerProtocolService (GrpcServerProtocolService.java:onCompleted(140)) - 0274ec44-c511-404a-9072-ead7ce024853: Completed APPEND_ENTRIES, lastRequest: 14b40a93-8746-4852-b401-12fc62dc6a20->0274ec44-c511-404a-9072-ead7ce024853#19-t3,previous=(t:3, i:2),leaderCommit=2,initializing? true,entries: size=1, first=(t:3, i:3), METADATAENTRY(c:2)
2022-09-28 15:54:19,087 [grpc-default-executor-3] INFO  server.GrpcLogAppender (GrpcLogAppender.java:onCompleted(339)) - b0c1961e-9fec-49a7-b763-eaf350b3d09d@group-5B2B81FF11F7->0274ec44-c511-404a-9072-ead7ce024853-AppendLogResponseHandler: follower responses appendEntries COMPLETED
2022-09-28 15:54:19,087 [grpc-default-executor-3] INFO  leader.FollowerInfo (FollowerInfoImpl.java:lambda$new$0(48)) - b0c1961e-9fec-49a7-b763-eaf350b3d09d@group-5B2B81FF11F7->0274ec44-c511-404a-9072-ead7ce024853: nextIndex: updateUnconditionally 26 -> 25
2022-09-28 15:54:19,087 [Listener at 127.0.0.1/42319] INFO  impl.StateMachineUpdater (StateMachineUpdater.java:stopAndJoin(153)) - b0c1961e-9fec-49a7-b763-eaf350b3d09d@group-5B2B81FF11F7-StateMachineUpdater: set stopIndex = 25
2022-09-28 15:54:19,089 [grpc-default-executor-2] INFO  server.GrpcLogAppender (GrpcLogAppender.java:onCompleted(339)) - 14b40a93-8746-4852-b401-12fc62dc6a20@group-2E56AF20CBB2->0274ec44-c511-404a-9072-ead7ce024853-AppendLogResponseHandler: follower responses appendEntries COMPLETED
2022-09-28 15:54:19,089 [grpc-default-executor-2] INFO  leader.FollowerInfo (FollowerInfoImpl.java:lambda$new$0(48)) - 14b40a93-8746-4852-b401-12fc62dc6a20@group-2E56AF20CBB2->0274ec44-c511-404a-9072-ead7ce024853: nextIndex: updateUnconditionally 4 -> 3
2022-09-28 15:54:19,089 [b0c1961e-9fec-49a7-b763-eaf350b3d09d@group-5B2B81FF11F7-StateMachineUpdater] INFO  ratis.ContainerStateMachine (ContainerStateMachine.java:takeSnapshot(304)) - group-5B2B81FF11F7: Taking a snapshot at:(t:3, i:25) file /home/runner/work/ozone/ozone/hadoop-ozone/integration-test/target/test-dir/MiniOzoneClusterImpl-39beaa01-56cc-488c-9c2d-94b49c5a5f0c/datanode-2/data/ratis/07ed2b0b-f6d5-4159-9c2b-5b2b81ff11f7/sm/snapshot.3_25
2022-09-28 15:54:19,096 [grpc-default-executor-3] INFO  server.GrpcLogAppender (GrpcLogAppender.java:onCompleted(339)) - 14b40a93-8746-4852-b401-12fc62dc6a20@group-2E56AF20CBB2->b0c1961e-9fec-49a7-b763-eaf350b3d09d-AppendLogResponseHandler: follower responses appendEntries COMPLETED
2022-09-28 15:54:19,096 [grpc-default-executor-3] INFO  leader.FollowerInfo (FollowerInfoImpl.java:lambda$new$0(48)) - 14b40a93-8746-4852-b401-12fc62dc6a20@group-2E56AF20CBB2->b0c1961e-9fec-49a7-b763-eaf350b3d09d: nextIndex: updateUnconditionally 4 -> 3
2022-09-28 15:54:19,097 [ForkJoinPool.commonPool-worker-0] INFO  impl.StateMachineUpdater (StateMachineUpdater.java:stopAndJoin(153)) - 14b40a93-8746-4852-b401-12fc62dc6a20@group-2E56AF20CBB2-StateMachineUpdater: set stopIndex = 3
2022-09-28 15:54:19,098 [14b40a93-8746-4852-b401-12fc62dc6a20@group-2E56AF20CBB2-StateMachineUpdater] INFO  ratis.ContainerStateMachine (ContainerStateMachine.java:takeSnapshot(304)) - group-2E56AF20CBB2: Taking a snapshot at:(t:3, i:3) file /home/runner/work/ozone/ozone/hadoop-ozone/integration-test/target/test-dir/MiniOzoneClusterImpl-39beaa01-56cc-488c-9c2d-94b49c5a5f0c/datanode-1/data/ratis/e763fc18-da16-4c30-827b-2e56af20cbb2/sm/snapshot.3_3
2022-09-28 15:54:19,101 [b0c1961e-9fec-49a7-b763-eaf350b3d09d@group-5B2B81FF11F7-StateMachineUpdater] INFO  ratis.ContainerStateMachine (ContainerStateMachine.java:takeSnapshot(315)) - group-5B2B81FF11F7: Finished taking a snapshot at:(t:3, i:25) file:/home/runner/work/ozone/ozone/hadoop-ozone/integration-test/target/test-dir/MiniOzoneClusterImpl-39beaa01-56cc-488c-9c2d-94b49c5a5f0c/datanode-2/data/ratis/07ed2b0b-f6d5-4159-9c2b-5b2b81ff11f7/sm/snapshot.3_25 took: 13 ms
2022-09-28 15:54:19,101 [14b40a93-8746-4852-b401-12fc62dc6a20@group-2E56AF20CBB2-StateMachineUpdater] INFO  ratis.ContainerStateMachine (ContainerStateMachine.java:takeSnapshot(315)) - group-2E56AF20CBB2: Finished taking a snapshot at:(t:3, i:3) file:/home/runner/work/ozone/ozone/hadoop-ozone/integration-test/target/test-dir/MiniOzoneClusterImpl-39beaa01-56cc-488c-9c2d-94b49c5a5f0c/datanode-1/data/ratis/e763fc18-da16-4c30-827b-2e56af20cbb2/sm/snapshot.3_3 took: 4 ms
2022-09-28 15:54:19,101 [b0c1961e-9fec-49a7-b763-eaf350b3d09d@group-5B2B81FF11F7-StateMachineUpdater] INFO  impl.StateMachineUpdater (StateMachineUpdater.java:takeSnapshot(287)) - b0c1961e-9fec-49a7-b763-eaf350b3d09d@group-5B2B81FF11F7-StateMachineUpdater: Took a snapshot at index 25
2022-09-28 15:54:19,102 [b0c1961e-9fec-49a7-b763-eaf350b3d09d@group-5B2B81FF11F7-StateMachineUpdater] INFO  impl.StateMachineUpdater (StateMachineUpdater.java:lambda$new$0(92)) - b0c1961e-9fec-49a7-b763-eaf350b3d09d@group-5B2B81FF11F7-StateMachineUpdater: snapshotIndex: updateIncreasingly -1 -> 25
2022-09-28 15:54:19,102 [14b40a93-8746-4852-b401-12fc62dc6a20@group-2E56AF20CBB2-StateMachineUpdater] INFO  impl.StateMachineUpdater (StateMachineUpdater.java:takeSnapshot(287)) - 14b40a93-8746-4852-b401-12fc62dc6a20@group-2E56AF20CBB2-StateMachineUpdater: Took a snapshot at index 3
2022-09-28 15:54:19,102 [14b40a93-8746-4852-b401-12fc62dc6a20@group-2E56AF20CBB2-StateMachineUpdater] INFO  impl.StateMachineUpdater (StateMachineUpdater.java:lambda$new$0(92)) - 14b40a93-8746-4852-b401-12fc62dc6a20@group-2E56AF20CBB2-StateMachineUpdater: snapshotIndex: updateIncreasingly -1 -> 3
2022-09-28 15:54:19,102 [Listener at 127.0.0.1/42319] INFO  server.RaftServer$Division (ServerState.java:close(429)) - b0c1961e-9fec-49a7-b763-eaf350b3d09d@group-5B2B81FF11F7: closes. applyIndex: 25
2022-09-28 15:54:19,102 [b0c1961e-9fec-49a7-b763-eaf350b3d09d@group-5B2B81FF11F7-SegmentedRaftLogWorker] INFO  segmented.SegmentedRaftLogWorker (SegmentedRaftLogWorker.java:run(336)) - b0c1961e-9fec-49a7-b763-eaf350b3d09d@group-5B2B81FF11F7-SegmentedRaftLogWorker was interrupted, exiting. There are 0 tasks remaining in the queue.
2022-09-28 15:54:19,123 [ForkJoinPool.commonPool-worker-0] INFO  server.RaftServer$Division (ServerState.java:close(429)) - 14b40a93-8746-4852-b401-12fc62dc6a20@group-2E56AF20CBB2: closes. applyIndex: 3
2022-09-28 15:54:19,123 [Listener at 127.0.0.1/42319] INFO  segmented.SegmentedRaftLogWorker (SegmentedRaftLogWorker.java:close(246)) - b0c1961e-9fec-49a7-b763-eaf350b3d09d@group-5B2B81FF11F7-SegmentedRaftLogWorker close()
2022-09-28 15:54:19,123 [14b40a93-8746-4852-b401-12fc62dc6a20@group-2E56AF20CBB2-SegmentedRaftLogWorker] INFO  segmented.SegmentedRaftLogWorker (SegmentedRaftLogWorker.java:run(336)) - 14b40a93-8746-4852-b401-12fc62dc6a20@group-2E56AF20CBB2-SegmentedRaftLogWorker was interrupted, exiting. There are 0 tasks remaining in the queue.
2022-09-28 15:54:19,127 [ForkJoinPool.commonPool-worker-0] INFO  segmented.SegmentedRaftLogWorker (SegmentedRaftLogWorker.java:close(246)) - 14b40a93-8746-4852-b401-12fc62dc6a20@group-2E56AF20CBB2-SegmentedRaftLogWorker close()
2022-09-28 15:54:19,129 [Listener at 127.0.0.1/42319] INFO  server.RaftServer$Division (RaftServerImpl.java:lambda$close$4(434)) - b0c1961e-9fec-49a7-b763-eaf350b3d09d@group-18D7AB4E6518: shutdown
2022-09-28 15:54:19,129 [Listener at 127.0.0.1/42319] INFO  util.JmxRegister (JmxRegister.java:unregister(73)) - Successfully un-registered JMX Bean with object name Ratis:service=RaftServer,group=group-18D7AB4E6518,id=b0c1961e-9fec-49a7-b763-eaf350b3d09d
2022-09-28 15:54:19,129 [Listener at 127.0.0.1/42319] INFO  impl.RoleInfo (RoleInfo.java:shutdownLeaderState(93)) - b0c1961e-9fec-49a7-b763-eaf350b3d09d: shutdown b0c1961e-9fec-49a7-b763-eaf350b3d09d@group-18D7AB4E6518-LeaderStateImpl
2022-09-28 15:54:19,129 [Listener at 127.0.0.1/42319] INFO  impl.PendingRequests (PendingRequests.java:sendNotLeaderResponses(282)) - b0c1961e-9fec-49a7-b763-eaf350b3d09d@group-18D7AB4E6518-PendingRequests: sendNotLeaderResponses
2022-09-28 15:54:19,130 [Listener at 127.0.0.1/42319] INFO  impl.StateMachineUpdater (StateMachineUpdater.java:stopAndJoin(153)) - b0c1961e-9fec-49a7-b763-eaf350b3d09d@group-18D7AB4E6518-StateMachineUpdater: set stopIndex = 0
2022-09-28 15:54:19,130 [b0c1961e-9fec-49a7-b763-eaf350b3d09d@group-18D7AB4E6518-StateMachineUpdater] INFO  ratis.ContainerStateMachine (ContainerStateMachine.java:takeSnapshot(304)) - group-18D7AB4E6518: Taking a snapshot at:(t:1, i:0) file /home/runner/work/ozone/ozone/hadoop-ozone/integration-test/target/test-dir/MiniOzoneClusterImpl-39beaa01-56cc-488c-9c2d-94b49c5a5f0c/datanode-2/data/ratis/a11287a4-4580-454d-8214-18d7ab4e6518/sm/snapshot.1_0
2022-09-28 15:54:19,131 [ForkJoinPool.commonPool-worker-0] INFO  server.RaftServer$Division (RaftServerImpl.java:lambda$close$4(434)) - 14b40a93-8746-4852-b401-12fc62dc6a20@group-5B2B81FF11F7: shutdown
2022-09-28 15:54:19,135 [ForkJoinPool.commonPool-worker-0] INFO  util.JmxRegister (JmxRegister.java:unregister(73)) - Successfully un-registered JMX Bean with object name Ratis:service=RaftServer,group=group-5B2B81FF11F7,id=14b40a93-8746-4852-b401-12fc62dc6a20
2022-09-28 15:54:19,135 [ForkJoinPool.commonPool-worker-0] INFO  impl.RoleInfo (RoleInfo.java:shutdownFollowerState(110)) - 14b40a93-8746-4852-b401-12fc62dc6a20: shutdown 14b40a93-8746-4852-b401-12fc62dc6a20@group-5B2B81FF11F7-FollowerState
2022-09-28 15:54:19,135 [ForkJoinPool.commonPool-worker-0] INFO  impl.StateMachineUpdater (StateMachineUpdater.java:stopAndJoin(153)) - 14b40a93-8746-4852-b401-12fc62dc6a20@group-5B2B81FF11F7-StateMachineUpdater: set stopIndex = 25
2022-09-28 15:54:19,135 [14b40a93-8746-4852-b401-12fc62dc6a20@group-5B2B81FF11F7-StateMachineUpdater] INFO  ratis.ContainerStateMachine (ContainerStateMachine.java:takeSnapshot(304)) - group-5B2B81FF11F7: Taking a snapshot at:(t:3, i:25) file /home/runner/work/ozone/ozone/hadoop-ozone/integration-test/target/test-dir/MiniOzoneClusterImpl-39beaa01-56cc-488c-9c2d-94b49c5a5f0c/datanode-1/data/ratis/07ed2b0b-f6d5-4159-9c2b-5b2b81ff11f7/sm/snapshot.3_25
2022-09-28 15:54:19,135 [14b40a93-8746-4852-b401-12fc62dc6a20@group-5B2B81FF11F7-FollowerState] INFO  impl.FollowerState (FollowerState.java:run(152)) - 14b40a93-8746-4852-b401-12fc62dc6a20@group-5B2B81FF11F7-FollowerState was interrupted
2022-09-28 15:54:19,136 [b0c1961e-9fec-49a7-b763-eaf350b3d09d@group-18D7AB4E6518-StateMachineUpdater] INFO  ratis.ContainerStateMachine (ContainerStateMachine.java:takeSnapshot(315)) - group-18D7AB4E6518: Finished taking a snapshot at:(t:1, i:0) file:/home/runner/work/ozone/ozone/hadoop-ozone/integration-test/target/test-dir/MiniOzoneClusterImpl-39beaa01-56cc-488c-9c2d-94b49c5a5f0c/datanode-2/data/ratis/a11287a4-4580-454d-8214-18d7ab4e6518/sm/snapshot.1_0 took: 6 ms
2022-09-28 15:54:19,136 [b0c1961e-9fec-49a7-b763-eaf350b3d09d@group-18D7AB4E6518-StateMachineUpdater] INFO  impl.StateMachineUpdater (StateMachineUpdater.java:takeSnapshot(287)) - b0c1961e-9fec-49a7-b763-eaf350b3d09d@group-18D7AB4E6518-StateMachineUpdater: Took a snapshot at index 0
2022-09-28 15:54:19,136 [b0c1961e-9fec-49a7-b763-eaf350b3d09d@group-18D7AB4E6518-StateMachineUpdater] INFO  impl.StateMachineUpdater (StateMachineUpdater.java:lambda$new$0(92)) - b0c1961e-9fec-49a7-b763-eaf350b3d09d@group-18D7AB4E6518-StateMachineUpdater: snapshotIndex: updateIncreasingly -1 -> 0
2022-09-28 15:54:19,136 [Listener at 127.0.0.1/42319] INFO  server.RaftServer$Division (ServerState.java:close(429)) - b0c1961e-9fec-49a7-b763-eaf350b3d09d@group-18D7AB4E6518: closes. applyIndex: 0
2022-09-28 15:54:19,136 [b0c1961e-9fec-49a7-b763-eaf350b3d09d@group-18D7AB4E6518-SegmentedRaftLogWorker] INFO  segmented.SegmentedRaftLogWorker (SegmentedRaftLogWorker.java:run(336)) - b0c1961e-9fec-49a7-b763-eaf350b3d09d@group-18D7AB4E6518-SegmentedRaftLogWorker was interrupted, exiting. There are 0 tasks remaining in the queue.
2022-09-28 15:54:19,137 [14b40a93-8746-4852-b401-12fc62dc6a20@group-5B2B81FF11F7-StateMachineUpdater] INFO  ratis.ContainerStateMachine (ContainerStateMachine.java:takeSnapshot(315)) - group-5B2B81FF11F7: Finished taking a snapshot at:(t:3, i:25) file:/home/runner/work/ozone/ozone/hadoop-ozone/integration-test/target/test-dir/MiniOzoneClusterImpl-39beaa01-56cc-488c-9c2d-94b49c5a5f0c/datanode-1/data/ratis/07ed2b0b-f6d5-4159-9c2b-5b2b81ff11f7/sm/snapshot.3_25 took: 1 ms
2022-09-28 15:54:19,137 [14b40a93-8746-4852-b401-12fc62dc6a20@group-5B2B81FF11F7-StateMachineUpdater] INFO  impl.StateMachineUpdater (StateMachineUpdater.java:takeSnapshot(287)) - 14b40a93-8746-4852-b401-12fc62dc6a20@group-5B2B81FF11F7-StateMachineUpdater: Took a snapshot at index 25
2022-09-28 15:54:19,137 [14b40a93-8746-4852-b401-12fc62dc6a20@group-5B2B81FF11F7-StateMachineUpdater] INFO  impl.StateMachineUpdater (StateMachineUpdater.java:lambda$new$0(92)) - 14b40a93-8746-4852-b401-12fc62dc6a20@group-5B2B81FF11F7-StateMachineUpdater: snapshotIndex: updateIncreasingly -1 -> 25
2022-09-28 15:54:19,137 [ForkJoinPool.commonPool-worker-0] INFO  server.RaftServer$Division (ServerState.java:close(429)) - 14b40a93-8746-4852-b401-12fc62dc6a20@group-5B2B81FF11F7: closes. applyIndex: 25
2022-09-28 15:54:19,137 [14b40a93-8746-4852-b401-12fc62dc6a20@group-5B2B81FF11F7-SegmentedRaftLogWorker] INFO  segmented.SegmentedRaftLogWorker (SegmentedRaftLogWorker.java:run(336)) - 14b40a93-8746-4852-b401-12fc62dc6a20@group-5B2B81FF11F7-SegmentedRaftLogWorker was interrupted, exiting. There are 0 tasks remaining in the queue.
2022-09-28 15:54:19,145 [Listener at 127.0.0.1/42319] INFO  segmented.SegmentedRaftLogWorker (SegmentedRaftLogWorker.java:close(246)) - b0c1961e-9fec-49a7-b763-eaf350b3d09d@group-18D7AB4E6518-SegmentedRaftLogWorker close()
2022-09-28 15:54:19,145 [ForkJoinPool.commonPool-worker-0] INFO  segmented.SegmentedRaftLogWorker (SegmentedRaftLogWorker.java:close(246)) - 14b40a93-8746-4852-b401-12fc62dc6a20@group-5B2B81FF11F7-SegmentedRaftLogWorker close()
2022-09-28 15:54:19,146 [Listener at 127.0.0.1/42319] INFO  server.GrpcService (GrpcService.java:closeImpl(269)) - b0c1961e-9fec-49a7-b763-eaf350b3d09d: shutdown server with port 37181 now
2022-09-28 15:54:19,154 [ForkJoinPool.commonPool-worker-0] INFO  server.RaftServer$Division (RaftServerImpl.java:lambda$close$4(434)) - 14b40a93-8746-4852-b401-12fc62dc6a20@group-15911141E379: shutdown
2022-09-28 15:54:19,154 [ForkJoinPool.commonPool-worker-0] INFO  util.JmxRegister (JmxRegister.java:unregister(73)) - Successfully un-registered JMX Bean with object name Ratis:service=RaftServer,group=group-15911141E379,id=14b40a93-8746-4852-b401-12fc62dc6a20
2022-09-28 15:54:19,154 [ForkJoinPool.commonPool-worker-0] INFO  impl.RoleInfo (RoleInfo.java:shutdownLeaderState(93)) - 14b40a93-8746-4852-b401-12fc62dc6a20: shutdown 14b40a93-8746-4852-b401-12fc62dc6a20@group-15911141E379-LeaderStateImpl
2022-09-28 15:54:19,154 [ForkJoinPool.commonPool-worker-0] INFO  impl.PendingRequests (PendingRequests.java:sendNotLeaderResponses(282)) - 14b40a93-8746-4852-b401-12fc62dc6a20@group-15911141E379-PendingRequests: sendNotLeaderResponses
2022-09-28 15:54:19,155 [ForkJoinPool.commonPool-worker-0] INFO  impl.StateMachineUpdater (StateMachineUpdater.java:stopAndJoin(153)) - 14b40a93-8746-4852-b401-12fc62dc6a20@group-15911141E379-StateMachineUpdater: set stopIndex = 0
2022-09-28 15:54:19,155 [14b40a93-8746-4852-b401-12fc62dc6a20@group-15911141E379-StateMachineUpdater] INFO  ratis.ContainerStateMachine (ContainerStateMachine.java:takeSnapshot(304)) - group-15911141E379: Taking a snapshot at:(t:1, i:0) file /home/runner/work/ozone/ozone/hadoop-ozone/integration-test/target/test-dir/MiniOzoneClusterImpl-39beaa01-56cc-488c-9c2d-94b49c5a5f0c/datanode-1/data/ratis/ecd35342-9c63-4427-a567-15911141e379/sm/snapshot.1_0
2022-09-28 15:54:19,156 [14b40a93-8746-4852-b401-12fc62dc6a20@group-15911141E379-StateMachineUpdater] INFO  ratis.ContainerStateMachine (ContainerStateMachine.java:takeSnapshot(315)) - group-15911141E379: Finished taking a snapshot at:(t:1, i:0) file:/home/runner/work/ozone/ozone/hadoop-ozone/integration-test/target/test-dir/MiniOzoneClusterImpl-39beaa01-56cc-488c-9c2d-94b49c5a5f0c/datanode-1/data/ratis/ecd35342-9c63-4427-a567-15911141e379/sm/snapshot.1_0 took: 1 ms
2022-09-28 15:54:19,156 [14b40a93-8746-4852-b401-12fc62dc6a20@group-15911141E379-StateMachineUpdater] INFO  impl.StateMachineUpdater (StateMachineUpdater.java:takeSnapshot(287)) - 14b40a93-8746-4852-b401-12fc62dc6a20@group-15911141E379-StateMachineUpdater: Took a snapshot at index 0
2022-09-28 15:54:19,156 [14b40a93-8746-4852-b401-12fc62dc6a20@group-15911141E379-StateMachineUpdater] INFO  impl.StateMachineUpdater (StateMachineUpdater.java:lambda$new$0(92)) - 14b40a93-8746-4852-b401-12fc62dc6a20@group-15911141E379-StateMachineUpdater: snapshotIndex: updateIncreasingly -1 -> 0
2022-09-28 15:54:19,157 [ForkJoinPool.commonPool-worker-0] INFO  server.RaftServer$Division (ServerState.java:close(429)) - 14b40a93-8746-4852-b401-12fc62dc6a20@group-15911141E379: closes. applyIndex: 0
2022-09-28 15:54:19,157 [14b40a93-8746-4852-b401-12fc62dc6a20@group-15911141E379-SegmentedRaftLogWorker] INFO  segmented.SegmentedRaftLogWorker (SegmentedRaftLogWorker.java:run(336)) - 14b40a93-8746-4852-b401-12fc62dc6a20@group-15911141E379-SegmentedRaftLogWorker was interrupted, exiting. There are 0 tasks remaining in the queue.
2022-09-28 15:54:19,157 [ForkJoinPool.commonPool-worker-0] INFO  segmented.SegmentedRaftLogWorker (SegmentedRaftLogWorker.java:close(246)) - 14b40a93-8746-4852-b401-12fc62dc6a20@group-15911141E379-SegmentedRaftLogWorker close()
2022-09-28 15:54:19,159 [ForkJoinPool.commonPool-worker-0] INFO  server.GrpcService (GrpcService.java:closeImpl(269)) - 14b40a93-8746-4852-b401-12fc62dc6a20: shutdown server with port 46737 now
2022-09-28 15:54:19,164 [grpc-default-executor-3] WARN  server.GrpcClientProtocolService (LogUtils.java:warn(122)) - 1-UnorderedRequestStreamObserver1: onError: org.apache.ratis.thirdparty.io.grpc.StatusRuntimeException: CANCELLED: client cancelled
2022-09-28 15:54:19,177 [Listener at 127.0.0.1/42319] INFO  server.GrpcService (GrpcService.java:closeImpl(278)) - b0c1961e-9fec-49a7-b763-eaf350b3d09d: shutdown server with port 37181 successfully
2022-09-28 15:54:19,177 [org.apache.ratis.util.JvmPauseMonitor$$Lambda$634/1800766250@13beaf3a] INFO  util.JvmPauseMonitor (JvmPauseMonitor.java:run(109)) - JvmPauseMonitor-b0c1961e-9fec-49a7-b763-eaf350b3d09d: Stopped
2022-09-28 15:54:19,185 [ForkJoinPool.commonPool-worker-0] INFO  server.GrpcService (GrpcService.java:closeImpl(278)) - 14b40a93-8746-4852-b401-12fc62dc6a20: shutdown server with port 46737 successfully
2022-09-28 15:54:19,186 [org.apache.ratis.util.JvmPauseMonitor$$Lambda$634/1800766250@2b6ed4d] INFO  util.JvmPauseMonitor (JvmPauseMonitor.java:run(109)) - JvmPauseMonitor-14b40a93-8746-4852-b401-12fc62dc6a20: Stopped
2022-09-28 15:54:21,227 [Listener at 127.0.0.1/42319] INFO  utils.BackgroundService (BackgroundService.java:shutdown(141)) - Shutting down service BlockDeletingService
2022-09-28 15:54:21,228 [Listener at 127.0.0.1/42319] INFO  utils.BackgroundService (BackgroundService.java:shutdown(141)) - Shutting down service StaleRecoveringContainerScrubbingService
2022-09-28 15:54:21,231 [ForkJoinPool.commonPool-worker-0] INFO  utils.BackgroundService (BackgroundService.java:shutdown(141)) - Shutting down service BlockDeletingService
2022-09-28 15:54:21,231 [ForkJoinPool.commonPool-worker-0] INFO  utils.BackgroundService (BackgroundService.java:shutdown(141)) - Shutting down service StaleRecoveringContainerScrubbingService
2022-09-28 15:54:22,589 [0274ec44-c511-404a-9072-ead7ce024853@group-2E56AF20CBB2-FollowerState] INFO  impl.FollowerState (FollowerState.java:run(143)) - 0274ec44-c511-404a-9072-ead7ce024853@group-2E56AF20CBB2-FollowerState: change to CANDIDATE, lastRpcElapsedTime:5774027773ns, electionTimeout:5097ms
2022-09-28 15:54:22,589 [0274ec44-c511-404a-9072-ead7ce024853@group-2E56AF20CBB2-FollowerState] INFO  impl.RoleInfo (RoleInfo.java:shutdownFollowerState(110)) - 0274ec44-c511-404a-9072-ead7ce024853: shutdown 0274ec44-c511-404a-9072-ead7ce024853@group-2E56AF20CBB2-FollowerState
2022-09-28 15:54:22,589 [0274ec44-c511-404a-9072-ead7ce024853@group-2E56AF20CBB2-FollowerState] INFO  server.RaftServer$Division (RaftServerImpl.java:setRole(299)) - 0274ec44-c511-404a-9072-ead7ce024853@group-2E56AF20CBB2: changes role from  FOLLOWER to CANDIDATE at term 3 for changeToCandidate
2022-09-28 15:54:22,589 [0274ec44-c511-404a-9072-ead7ce024853@group-2E56AF20CBB2-FollowerState] INFO  server.RaftServerConfigKeys (ConfUtils.java:logGet(46)) - raft.server.leaderelection.pre-vote = false (custom)
2022-09-28 15:54:22,589 [0274ec44-c511-404a-9072-ead7ce024853@group-2E56AF20CBB2-FollowerState] INFO  impl.RoleInfo (RoleInfo.java:updateAndGet(139)) - 0274ec44-c511-404a-9072-ead7ce024853: start 0274ec44-c511-404a-9072-ead7ce024853@group-2E56AF20CBB2-LeaderElection26
2022-09-28 15:54:22,610 [0274ec44-c511-404a-9072-ead7ce024853@group-2E56AF20CBB2-LeaderElection26] INFO  server.RaftServer$Division (ServerState.java:setLeader(287)) - 0274ec44-c511-404a-9072-ead7ce024853@group-2E56AF20CBB2: change Leader from 14b40a93-8746-4852-b401-12fc62dc6a20 to null at term 3 for ELECTION
2022-09-28 15:54:22,612 [0274ec44-c511-404a-9072-ead7ce024853@group-2E56AF20CBB2-LeaderElection26] INFO  impl.LeaderElection (LeaderElection.java:askForVotes(310)) - 0274ec44-c511-404a-9072-ead7ce024853@group-2E56AF20CBB2-LeaderElection26 ELECTION round 0: submit vote requests at term 4 for 0: [b0c1961e-9fec-49a7-b763-eaf350b3d09d|rpc:10.1.1.55:37181|dataStream:|priority:0, 0274ec44-c511-404a-9072-ead7ce024853|rpc:10.1.1.55:37251|dataStream:|priority:0, 14b40a93-8746-4852-b401-12fc62dc6a20|rpc:10.1.1.55:46737|dataStream:|priority:1], old=null
2022-09-28 15:54:22,674 [0274ec44-c511-404a-9072-ead7ce024853@group-2E56AF20CBB2-LeaderElection26] INFO  impl.LeaderElection (LogUtils.java:infoOrTrace(137)) - 0274ec44-c511-404a-9072-ead7ce024853@group-2E56AF20CBB2-LeaderElection26 got exception when requesting votes: java.util.concurrent.ExecutionException: org.apache.ratis.thirdparty.io.grpc.StatusRuntimeException: UNAVAILABLE: io exception
2022-09-28 15:54:22,678 [0274ec44-c511-404a-9072-ead7ce024853@group-5B2B81FF11F7-FollowerState] INFO  impl.FollowerState (FollowerState.java:run(143)) - 0274ec44-c511-404a-9072-ead7ce024853@group-5B2B81FF11F7-FollowerState: change to CANDIDATE, lastRpcElapsedTime:5726907201ns, electionTimeout:5013ms
2022-09-28 15:54:22,683 [0274ec44-c511-404a-9072-ead7ce024853@group-5B2B81FF11F7-FollowerState] INFO  impl.RoleInfo (RoleInfo.java:shutdownFollowerState(110)) - 0274ec44-c511-404a-9072-ead7ce024853: shutdown 0274ec44-c511-404a-9072-ead7ce024853@group-5B2B81FF11F7-FollowerState
2022-09-28 15:54:22,683 [0274ec44-c511-404a-9072-ead7ce024853@group-5B2B81FF11F7-FollowerState] INFO  server.RaftServer$Division (RaftServerImpl.java:setRole(299)) - 0274ec44-c511-404a-9072-ead7ce024853@group-5B2B81FF11F7: changes role from  FOLLOWER to CANDIDATE at term 3 for changeToCandidate
2022-09-28 15:54:22,683 [0274ec44-c511-404a-9072-ead7ce024853@group-5B2B81FF11F7-FollowerState] INFO  server.RaftServerConfigKeys (ConfUtils.java:logGet(46)) - raft.server.leaderelection.pre-vote = false (custom)
2022-09-28 15:54:22,683 [0274ec44-c511-404a-9072-ead7ce024853@group-5B2B81FF11F7-FollowerState] INFO  impl.RoleInfo (RoleInfo.java:updateAndGet(139)) - 0274ec44-c511-404a-9072-ead7ce024853: start 0274ec44-c511-404a-9072-ead7ce024853@group-5B2B81FF11F7-LeaderElection27
2022-09-28 15:54:22,696 [0274ec44-c511-404a-9072-ead7ce024853@group-2E56AF20CBB2-LeaderElection26] INFO  impl.LeaderElection (LogUtils.java:infoOrTrace(137)) - 0274ec44-c511-404a-9072-ead7ce024853@group-2E56AF20CBB2-LeaderElection26 got exception when requesting votes: java.util.concurrent.ExecutionException: org.apache.ratis.thirdparty.io.grpc.StatusRuntimeException: UNAVAILABLE: io exception
2022-09-28 15:54:22,696 [0274ec44-c511-404a-9072-ead7ce024853@group-2E56AF20CBB2-LeaderElection26] INFO  impl.LeaderElection (LeaderElection.java:logAndReturn(90)) - 0274ec44-c511-404a-9072-ead7ce024853@group-2E56AF20CBB2-LeaderElection26: ELECTION REJECTED received 0 response(s) and 2 exception(s):
2022-09-28 15:54:22,696 [0274ec44-c511-404a-9072-ead7ce024853@group-2E56AF20CBB2-LeaderElection26] INFO  impl.LeaderElection (LogUtils.java:infoOrTrace(137)) -   Exception 0: java.util.concurrent.ExecutionException: org.apache.ratis.thirdparty.io.grpc.StatusRuntimeException: UNAVAILABLE: io exception
2022-09-28 15:54:22,696 [0274ec44-c511-404a-9072-ead7ce024853@group-2E56AF20CBB2-LeaderElection26] INFO  impl.LeaderElection (LogUtils.java:infoOrTrace(137)) -   Exception 1: java.util.concurrent.ExecutionException: org.apache.ratis.thirdparty.io.grpc.StatusRuntimeException: UNAVAILABLE: io exception
2022-09-28 15:54:22,696 [0274ec44-c511-404a-9072-ead7ce024853@group-2E56AF20CBB2-LeaderElection26] INFO  impl.LeaderElection (LeaderElection.java:askForVotes(312)) - 0274ec44-c511-404a-9072-ead7ce024853@group-2E56AF20CBB2-LeaderElection26 ELECTION round 0: result REJECTED
2022-09-28 15:54:22,696 [0274ec44-c511-404a-9072-ead7ce024853@group-2E56AF20CBB2-LeaderElection26] INFO  server.RaftServer$Division (RaftServerImpl.java:setRole(299)) - 0274ec44-c511-404a-9072-ead7ce024853@group-2E56AF20CBB2: changes role from CANDIDATE to FOLLOWER at term 4 for REJECTED
2022-09-28 15:54:22,696 [0274ec44-c511-404a-9072-ead7ce024853@group-2E56AF20CBB2-LeaderElection26] INFO  impl.RoleInfo (RoleInfo.java:shutdownLeaderElection(130)) - 0274ec44-c511-404a-9072-ead7ce024853: shutdown 0274ec44-c511-404a-9072-ead7ce024853@group-2E56AF20CBB2-LeaderElection26
2022-09-28 15:54:22,696 [0274ec44-c511-404a-9072-ead7ce024853@group-2E56AF20CBB2-LeaderElection26] INFO  impl.RoleInfo (RoleInfo.java:updateAndGet(139)) - 0274ec44-c511-404a-9072-ead7ce024853: start 0274ec44-c511-404a-9072-ead7ce024853@group-2E56AF20CBB2-FollowerState
2022-09-28 15:54:22,701 [0274ec44-c511-404a-9072-ead7ce024853@group-5B2B81FF11F7-LeaderElection27] INFO  server.RaftServer$Division (ServerState.java:setLeader(287)) - 0274ec44-c511-404a-9072-ead7ce024853@group-5B2B81FF11F7: change Leader from b0c1961e-9fec-49a7-b763-eaf350b3d09d to null at term 3 for ELECTION
2022-09-28 15:54:22,714 [0274ec44-c511-404a-9072-ead7ce024853@group-5B2B81FF11F7-LeaderElection27] INFO  impl.LeaderElection (LeaderElection.java:askForVotes(310)) - 0274ec44-c511-404a-9072-ead7ce024853@group-5B2B81FF11F7-LeaderElection27 ELECTION round 0: submit vote requests at term 4 for 0: [b0c1961e-9fec-49a7-b763-eaf350b3d09d|rpc:10.1.1.55:37181|dataStream:|priority:1, 0274ec44-c511-404a-9072-ead7ce024853|rpc:10.1.1.55:37251|dataStream:|priority:0, 14b40a93-8746-4852-b401-12fc62dc6a20|rpc:10.1.1.55:46737|dataStream:|priority:0], old=null
2022-09-28 15:54:22,727 [0274ec44-c511-404a-9072-ead7ce024853@group-5B2B81FF11F7-LeaderElection27] INFO  impl.LeaderElection (LogUtils.java:infoOrTrace(137)) - 0274ec44-c511-404a-9072-ead7ce024853@group-5B2B81FF11F7-LeaderElection27 got exception when requesting votes: java.util.concurrent.ExecutionException: org.apache.ratis.thirdparty.io.grpc.StatusRuntimeException: UNAVAILABLE: io exception
2022-09-28 15:54:22,735 [0274ec44-c511-404a-9072-ead7ce024853@group-5B2B81FF11F7-LeaderElection27] INFO  impl.LeaderElection (LogUtils.java:infoOrTrace(137)) - 0274ec44-c511-404a-9072-ead7ce024853@group-5B2B81FF11F7-LeaderElection27 got exception when requesting votes: java.util.concurrent.ExecutionException: org.apache.ratis.thirdparty.io.grpc.StatusRuntimeException: UNAVAILABLE: io exception
2022-09-28 15:54:22,735 [0274ec44-c511-404a-9072-ead7ce024853@group-5B2B81FF11F7-LeaderElection27] INFO  impl.LeaderElection (LeaderElection.java:logAndReturn(90)) - 0274ec44-c511-404a-9072-ead7ce024853@group-5B2B81FF11F7-LeaderElection27: ELECTION REJECTED received 0 response(s) and 2 exception(s):
2022-09-28 15:54:22,735 [0274ec44-c511-404a-9072-ead7ce024853@group-5B2B81FF11F7-LeaderElection27] INFO  impl.LeaderElection (LogUtils.java:infoOrTrace(137)) -   Exception 0: java.util.concurrent.ExecutionException: org.apache.ratis.thirdparty.io.grpc.StatusRuntimeException: UNAVAILABLE: io exception
2022-09-28 15:54:22,735 [0274ec44-c511-404a-9072-ead7ce024853@group-5B2B81FF11F7-LeaderElection27] INFO  impl.LeaderElection (LogUtils.java:infoOrTrace(137)) -   Exception 1: java.util.concurrent.ExecutionException: org.apache.ratis.thirdparty.io.grpc.StatusRuntimeException: UNAVAILABLE: io exception
2022-09-28 15:54:22,735 [0274ec44-c511-404a-9072-ead7ce024853@group-5B2B81FF11F7-LeaderElection27] INFO  impl.LeaderElection (LeaderElection.java:askForVotes(312)) - 0274ec44-c511-404a-9072-ead7ce024853@group-5B2B81FF11F7-LeaderElection27 ELECTION round 0: result REJECTED
2022-09-28 15:54:22,735 [0274ec44-c511-404a-9072-ead7ce024853@group-5B2B81FF11F7-LeaderElection27] INFO  server.RaftServer$Division (RaftServerImpl.java:setRole(299)) - 0274ec44-c511-404a-9072-ead7ce024853@group-5B2B81FF11F7: changes role from CANDIDATE to FOLLOWER at term 4 for REJECTED
2022-09-28 15:54:22,735 [0274ec44-c511-404a-9072-ead7ce024853@group-5B2B81FF11F7-LeaderElection27] INFO  impl.RoleInfo (RoleInfo.java:shutdownLeaderElection(130)) - 0274ec44-c511-404a-9072-ead7ce024853: shutdown 0274ec44-c511-404a-9072-ead7ce024853@group-5B2B81FF11F7-LeaderElection27
2022-09-28 15:54:22,735 [0274ec44-c511-404a-9072-ead7ce024853@group-5B2B81FF11F7-LeaderElection27] INFO  impl.RoleInfo (RoleInfo.java:updateAndGet(139)) - 0274ec44-c511-404a-9072-ead7ce024853: start 0274ec44-c511-404a-9072-ead7ce024853@group-5B2B81FF11F7-FollowerState
2022-09-28 15:54:24,251 [Listener at 127.0.0.1/42319] INFO  statemachine.DatanodeStateMachine (DatanodeStateMachine.java:stopDaemon(580)) - Ozone container server stopped.
2022-09-28 15:54:24,256 [ForkJoinPool.commonPool-worker-0] INFO  statemachine.DatanodeStateMachine (DatanodeStateMachine.java:stopDaemon(580)) - Ozone container server stopped.
2022-09-28 15:54:24,285 [ForkJoinPool.commonPool-worker-0] INFO  handler.ContextHandler (ContextHandler.java:doStop(1153)) - Stopped o.e.j.w.WebAppContext@6f79fb9f{hddsDatanode,/,null,STOPPED}{jar:file:/home/runner/.m2/repository/org/apache/ozone/hdds-container-service/1.3.0-SNAPSHOT/hdds-container-service-1.3.0-SNAPSHOT.jar!/webapps/hddsDatanode}
2022-09-28 15:54:24,288 [ForkJoinPool.commonPool-worker-0] INFO  server.AbstractConnector (AbstractConnector.java:doStop(381)) - Stopped ServerConnector@4d52455{HTTP/1.1, (http/1.1)}{0.0.0.0:0}
2022-09-28 15:54:24,288 [ForkJoinPool.commonPool-worker-0] INFO  server.session (HouseKeeper.java:stopScavenging(149)) - node0 Stopped scavenging
2022-09-28 15:54:24,289 [ForkJoinPool.commonPool-worker-0] INFO  handler.ContextHandler (ContextHandler.java:doStop(1153)) - Stopped o.e.j.s.ServletContextHandler@478dc67c{static,/static,jar:file:/home/runner/.m2/repository/org/apache/ozone/hdds-container-service/1.3.0-SNAPSHOT/hdds-container-service-1.3.0-SNAPSHOT.jar!/webapps/static,STOPPED}
2022-09-28 15:54:24,290 [ForkJoinPool.commonPool-worker-0] INFO  handler.ContextHandler (ContextHandler.java:doStop(1153)) - Stopped o.e.j.s.ServletContextHandler@2256f14{logs,/logs,file:///home/runner/work/ozone/ozone/hadoop-ozone/integration-test/target/log,STOPPED}
2022-09-28 15:54:24,293 [Listener at 127.0.0.1/42319] INFO  handler.ContextHandler (ContextHandler.java:doStop(1153)) - Stopped o.e.j.w.WebAppContext@4ecac4d4{hddsDatanode,/,null,STOPPED}{jar:file:/home/runner/.m2/repository/org/apache/ozone/hdds-container-service/1.3.0-SNAPSHOT/hdds-container-service-1.3.0-SNAPSHOT.jar!/webapps/hddsDatanode}
2022-09-28 15:54:24,294 [Listener at 127.0.0.1/42319] INFO  server.AbstractConnector (AbstractConnector.java:doStop(381)) - Stopped ServerConnector@4df01ae3{HTTP/1.1, (http/1.1)}{0.0.0.0:0}
2022-09-28 15:54:24,294 [Listener at 127.0.0.1/42319] INFO  server.session (HouseKeeper.java:stopScavenging(149)) - node0 Stopped scavenging
2022-09-28 15:54:24,294 [Listener at 127.0.0.1/42319] INFO  handler.ContextHandler (ContextHandler.java:doStop(1153)) - Stopped o.e.j.s.ServletContextHandler@3bcff419{static,/static,jar:file:/home/runner/.m2/repository/org/apache/ozone/hdds-container-service/1.3.0-SNAPSHOT/hdds-container-service-1.3.0-SNAPSHOT.jar!/webapps/static,STOPPED}
2022-09-28 15:54:24,294 [Listener at 127.0.0.1/42319] INFO  handler.ContextHandler (ContextHandler.java:doStop(1153)) - Stopped o.e.j.s.ServletContextHandler@57ac128c{logs,/logs,file:///home/runner/work/ozone/ozone/hadoop-ozone/integration-test/target/log,STOPPED}
2022-09-28 15:54:27,785 [0274ec44-c511-404a-9072-ead7ce024853@group-5B2B81FF11F7-FollowerState] INFO  impl.FollowerState (FollowerState.java:run(143)) - 0274ec44-c511-404a-9072-ead7ce024853@group-5B2B81FF11F7-FollowerState: change to CANDIDATE, lastRpcElapsedTime:5050364248ns, electionTimeout:5050ms
2022-09-28 15:54:27,786 [0274ec44-c511-404a-9072-ead7ce024853@group-5B2B81FF11F7-FollowerState] INFO  impl.RoleInfo (RoleInfo.java:shutdownFollowerState(110)) - 0274ec44-c511-404a-9072-ead7ce024853: shutdown 0274ec44-c511-404a-9072-ead7ce024853@group-5B2B81FF11F7-FollowerState
2022-09-28 15:54:27,786 [0274ec44-c511-404a-9072-ead7ce024853@group-5B2B81FF11F7-FollowerState] INFO  server.RaftServer$Division (RaftServerImpl.java:setRole(299)) - 0274ec44-c511-404a-9072-ead7ce024853@group-5B2B81FF11F7: changes role from  FOLLOWER to CANDIDATE at term 4 for changeToCandidate
2022-09-28 15:54:27,786 [0274ec44-c511-404a-9072-ead7ce024853@group-5B2B81FF11F7-FollowerState] INFO  server.RaftServerConfigKeys (ConfUtils.java:logGet(46)) - raft.server.leaderelection.pre-vote = false (custom)
2022-09-28 15:54:27,786 [0274ec44-c511-404a-9072-ead7ce024853@group-5B2B81FF11F7-FollowerState] INFO  impl.RoleInfo (RoleInfo.java:updateAndGet(139)) - 0274ec44-c511-404a-9072-ead7ce024853: start 0274ec44-c511-404a-9072-ead7ce024853@group-5B2B81FF11F7-LeaderElection28
2022-09-28 15:54:27,814 [0274ec44-c511-404a-9072-ead7ce024853@group-5B2B81FF11F7-LeaderElection28] INFO  impl.LeaderElection (LeaderElection.java:askForVotes(310)) - 0274ec44-c511-404a-9072-ead7ce024853@group-5B2B81FF11F7-LeaderElection28 ELECTION round 0: submit vote requests at term 5 for 0: [b0c1961e-9fec-49a7-b763-eaf350b3d09d|rpc:10.1.1.55:37181|dataStream:|priority:1, 0274ec44-c511-404a-9072-ead7ce024853|rpc:10.1.1.55:37251|dataStream:|priority:0, 14b40a93-8746-4852-b401-12fc62dc6a20|rpc:10.1.1.55:46737|dataStream:|priority:0], old=null
2022-09-28 15:54:27,821 [0274ec44-c511-404a-9072-ead7ce024853@group-5B2B81FF11F7-LeaderElection28] INFO  impl.LeaderElection (LogUtils.java:infoOrTrace(137)) - 0274ec44-c511-404a-9072-ead7ce024853@group-5B2B81FF11F7-LeaderElection28 got exception when requesting votes: java.util.concurrent.ExecutionException: org.apache.ratis.thirdparty.io.grpc.StatusRuntimeException: UNAVAILABLE: io exception
2022-09-28 15:54:27,822 [0274ec44-c511-404a-9072-ead7ce024853@group-5B2B81FF11F7-LeaderElection28] INFO  impl.LeaderElection (LogUtils.java:infoOrTrace(137)) - 0274ec44-c511-404a-9072-ead7ce024853@group-5B2B81FF11F7-LeaderElection28 got exception when requesting votes: java.util.concurrent.ExecutionException: org.apache.ratis.thirdparty.io.grpc.StatusRuntimeException: UNAVAILABLE: io exception
2022-09-28 15:54:27,822 [0274ec44-c511-404a-9072-ead7ce024853@group-5B2B81FF11F7-LeaderElection28] INFO  impl.LeaderElection (LeaderElection.java:logAndReturn(90)) - 0274ec44-c511-404a-9072-ead7ce024853@group-5B2B81FF11F7-LeaderElection28: ELECTION REJECTED received 0 response(s) and 2 exception(s):
2022-09-28 15:54:27,823 [0274ec44-c511-404a-9072-ead7ce024853@group-5B2B81FF11F7-LeaderElection28] INFO  impl.LeaderElection (LogUtils.java:infoOrTrace(137)) -   Exception 0: java.util.concurrent.ExecutionException: org.apache.ratis.thirdparty.io.grpc.StatusRuntimeException: UNAVAILABLE: io exception
2022-09-28 15:54:27,823 [0274ec44-c511-404a-9072-ead7ce024853@group-5B2B81FF11F7-LeaderElection28] INFO  impl.LeaderElection (LogUtils.java:infoOrTrace(137)) -   Exception 1: java.util.concurrent.ExecutionException: org.apache.ratis.thirdparty.io.grpc.StatusRuntimeException: UNAVAILABLE: io exception
2022-09-28 15:54:27,823 [0274ec44-c511-404a-9072-ead7ce024853@group-5B2B81FF11F7-LeaderElection28] INFO  impl.LeaderElection (LeaderElection.java:askForVotes(312)) - 0274ec44-c511-404a-9072-ead7ce024853@group-5B2B81FF11F7-LeaderElection28 ELECTION round 0: result REJECTED
2022-09-28 15:54:27,823 [0274ec44-c511-404a-9072-ead7ce024853@group-5B2B81FF11F7-LeaderElection28] INFO  server.RaftServer$Division (RaftServerImpl.java:setRole(299)) - 0274ec44-c511-404a-9072-ead7ce024853@group-5B2B81FF11F7: changes role from CANDIDATE to FOLLOWER at term 5 for REJECTED
2022-09-28 15:54:27,823 [0274ec44-c511-404a-9072-ead7ce024853@group-5B2B81FF11F7-LeaderElection28] INFO  impl.RoleInfo (RoleInfo.java:shutdownLeaderElection(130)) - 0274ec44-c511-404a-9072-ead7ce024853: shutdown 0274ec44-c511-404a-9072-ead7ce024853@group-5B2B81FF11F7-LeaderElection28
2022-09-28 15:54:27,823 [0274ec44-c511-404a-9072-ead7ce024853@group-5B2B81FF11F7-LeaderElection28] INFO  impl.RoleInfo (RoleInfo.java:updateAndGet(139)) - 0274ec44-c511-404a-9072-ead7ce024853: start 0274ec44-c511-404a-9072-ead7ce024853@group-5B2B81FF11F7-FollowerState
2022-09-28 15:54:27,905 [0274ec44-c511-404a-9072-ead7ce024853@group-2E56AF20CBB2-FollowerState] INFO  impl.FollowerState (FollowerState.java:run(143)) - 0274ec44-c511-404a-9072-ead7ce024853@group-2E56AF20CBB2-FollowerState: change to CANDIDATE, lastRpcElapsedTime:5208472443ns, electionTimeout:5171ms
2022-09-28 15:54:27,906 [0274ec44-c511-404a-9072-ead7ce024853@group-2E56AF20CBB2-FollowerState] INFO  impl.RoleInfo (RoleInfo.java:shutdownFollowerState(110)) - 0274ec44-c511-404a-9072-ead7ce024853: shutdown 0274ec44-c511-404a-9072-ead7ce024853@group-2E56AF20CBB2-FollowerState
2022-09-28 15:54:27,906 [0274ec44-c511-404a-9072-ead7ce024853@group-2E56AF20CBB2-FollowerState] INFO  server.RaftServer$Division (RaftServerImpl.java:setRole(299)) - 0274ec44-c511-404a-9072-ead7ce024853@group-2E56AF20CBB2: changes role from  FOLLOWER to CANDIDATE at term 4 for changeToCandidate
2022-09-28 15:54:27,906 [0274ec44-c511-404a-9072-ead7ce024853@group-2E56AF20CBB2-FollowerState] INFO  server.RaftServerConfigKeys (ConfUtils.java:logGet(46)) - raft.server.leaderelection.pre-vote = false (custom)
2022-09-28 15:54:27,906 [0274ec44-c511-404a-9072-ead7ce024853@group-2E56AF20CBB2-FollowerState] INFO  impl.RoleInfo (RoleInfo.java:updateAndGet(139)) - 0274ec44-c511-404a-9072-ead7ce024853: start 0274ec44-c511-404a-9072-ead7ce024853@group-2E56AF20CBB2-LeaderElection29
2022-09-28 15:54:27,935 [0274ec44-c511-404a-9072-ead7ce024853@group-2E56AF20CBB2-LeaderElection29] INFO  impl.LeaderElection (LeaderElection.java:askForVotes(310)) - 0274ec44-c511-404a-9072-ead7ce024853@group-2E56AF20CBB2-LeaderElection29 ELECTION round 0: submit vote requests at term 5 for 0: [b0c1961e-9fec-49a7-b763-eaf350b3d09d|rpc:10.1.1.55:37181|dataStream:|priority:0, 0274ec44-c511-404a-9072-ead7ce024853|rpc:10.1.1.55:37251|dataStream:|priority:0, 14b40a93-8746-4852-b401-12fc62dc6a20|rpc:10.1.1.55:46737|dataStream:|priority:1], old=null
2022-09-28 15:54:27,970 [0274ec44-c511-404a-9072-ead7ce024853@group-2E56AF20CBB2-LeaderElection29] INFO  impl.LeaderElection (LogUtils.java:infoOrTrace(137)) - 0274ec44-c511-404a-9072-ead7ce024853@group-2E56AF20CBB2-LeaderElection29 got exception when requesting votes: java.util.concurrent.ExecutionException: org.apache.ratis.thirdparty.io.grpc.StatusRuntimeException: UNAVAILABLE: io exception
2022-09-28 15:54:27,971 [0274ec44-c511-404a-9072-ead7ce024853@group-2E56AF20CBB2-LeaderElection29] INFO  impl.LeaderElection (LogUtils.java:infoOrTrace(137)) - 0274ec44-c511-404a-9072-ead7ce024853@group-2E56AF20CBB2-LeaderElection29 got exception when requesting votes: java.util.concurrent.ExecutionException: org.apache.ratis.thirdparty.io.grpc.StatusRuntimeException: UNAVAILABLE: io exception
2022-09-28 15:54:27,971 [0274ec44-c511-404a-9072-ead7ce024853@group-2E56AF20CBB2-LeaderElection29] INFO  impl.LeaderElection (LeaderElection.java:logAndReturn(90)) - 0274ec44-c511-404a-9072-ead7ce024853@group-2E56AF20CBB2-LeaderElection29: ELECTION REJECTED received 0 response(s) and 2 exception(s):
2022-09-28 15:54:27,971 [0274ec44-c511-404a-9072-ead7ce024853@group-2E56AF20CBB2-LeaderElection29] INFO  impl.LeaderElection (LogUtils.java:infoOrTrace(137)) -   Exception 0: java.util.concurrent.ExecutionException: org.apache.ratis.thirdparty.io.grpc.StatusRuntimeException: UNAVAILABLE: io exception
2022-09-28 15:54:27,971 [0274ec44-c511-404a-9072-ead7ce024853@group-2E56AF20CBB2-LeaderElection29] INFO  impl.LeaderElection (LogUtils.java:infoOrTrace(137)) -   Exception 1: java.util.concurrent.ExecutionException: org.apache.ratis.thirdparty.io.grpc.StatusRuntimeException: UNAVAILABLE: io exception
2022-09-28 15:54:27,971 [0274ec44-c511-404a-9072-ead7ce024853@group-2E56AF20CBB2-LeaderElection29] INFO  impl.LeaderElection (LeaderElection.java:askForVotes(312)) - 0274ec44-c511-404a-9072-ead7ce024853@group-2E56AF20CBB2-LeaderElection29 ELECTION round 0: result REJECTED
2022-09-28 15:54:27,971 [0274ec44-c511-404a-9072-ead7ce024853@group-2E56AF20CBB2-LeaderElection29] INFO  server.RaftServer$Division (RaftServerImpl.java:setRole(299)) - 0274ec44-c511-404a-9072-ead7ce024853@group-2E56AF20CBB2: changes role from CANDIDATE to FOLLOWER at term 5 for REJECTED
2022-09-28 15:54:27,971 [0274ec44-c511-404a-9072-ead7ce024853@group-2E56AF20CBB2-LeaderElection29] INFO  impl.RoleInfo (RoleInfo.java:shutdownLeaderElection(130)) - 0274ec44-c511-404a-9072-ead7ce024853: shutdown 0274ec44-c511-404a-9072-ead7ce024853@group-2E56AF20CBB2-LeaderElection29
2022-09-28 15:54:27,971 [0274ec44-c511-404a-9072-ead7ce024853@group-2E56AF20CBB2-LeaderElection29] INFO  impl.RoleInfo (RoleInfo.java:updateAndGet(139)) - 0274ec44-c511-404a-9072-ead7ce024853: start 0274ec44-c511-404a-9072-ead7ce024853@group-2E56AF20CBB2-FollowerState
2022-09-28 15:54:29,296 [ForkJoinPool.commonPool-worker-0] INFO  ozoneimpl.OzoneContainer (OzoneContainer.java:stop(400)) - Attempting to stop container services.
2022-09-28 15:54:29,298 [ForkJoinPool.commonPool-worker-0] INFO  server.RaftServer (RaftServerProxy.java:lambda$close$7(398)) - 0274ec44-c511-404a-9072-ead7ce024853: close
2022-09-28 15:54:29,298 [ForkJoinPool.commonPool-worker-0] INFO  server.RaftServer$Division (RaftServerImpl.java:lambda$close$4(434)) - 0274ec44-c511-404a-9072-ead7ce024853@group-2E56AF20CBB2: shutdown
2022-09-28 15:54:29,298 [ForkJoinPool.commonPool-worker-0] INFO  util.JmxRegister (JmxRegister.java:unregister(73)) - Successfully un-registered JMX Bean with object name Ratis:service=RaftServer,group=group-2E56AF20CBB2,id=0274ec44-c511-404a-9072-ead7ce024853
2022-09-28 15:54:29,298 [ForkJoinPool.commonPool-worker-0] INFO  impl.RoleInfo (RoleInfo.java:shutdownFollowerState(110)) - 0274ec44-c511-404a-9072-ead7ce024853: shutdown 0274ec44-c511-404a-9072-ead7ce024853@group-2E56AF20CBB2-FollowerState
2022-09-28 15:54:29,298 [ForkJoinPool.commonPool-worker-0] INFO  impl.StateMachineUpdater (StateMachineUpdater.java:stopAndJoin(153)) - 0274ec44-c511-404a-9072-ead7ce024853@group-2E56AF20CBB2-StateMachineUpdater: set stopIndex = 3
2022-09-28 15:54:29,298 [0274ec44-c511-404a-9072-ead7ce024853@group-2E56AF20CBB2-FollowerState] INFO  impl.FollowerState (FollowerState.java:run(152)) - 0274ec44-c511-404a-9072-ead7ce024853@group-2E56AF20CBB2-FollowerState was interrupted
2022-09-28 15:54:29,298 [0274ec44-c511-404a-9072-ead7ce024853@group-2E56AF20CBB2-StateMachineUpdater] INFO  ratis.ContainerStateMachine (ContainerStateMachine.java:takeSnapshot(304)) - group-2E56AF20CBB2: Taking a snapshot at:(t:3, i:3) file /home/runner/work/ozone/ozone/hadoop-ozone/integration-test/target/test-dir/MiniOzoneClusterImpl-39beaa01-56cc-488c-9c2d-94b49c5a5f0c/datanode-0/data/ratis/e763fc18-da16-4c30-827b-2e56af20cbb2/sm/snapshot.3_3
2022-09-28 15:54:29,303 [Listener at 127.0.0.1/42319] INFO  ozoneimpl.OzoneContainer (OzoneContainer.java:stop(400)) - Attempting to stop container services.
2022-09-28 15:54:29,303 [0274ec44-c511-404a-9072-ead7ce024853@group-2E56AF20CBB2-StateMachineUpdater] INFO  ratis.ContainerStateMachine (ContainerStateMachine.java:takeSnapshot(315)) - group-2E56AF20CBB2: Finished taking a snapshot at:(t:3, i:3) file:/home/runner/work/ozone/ozone/hadoop-ozone/integration-test/target/test-dir/MiniOzoneClusterImpl-39beaa01-56cc-488c-9c2d-94b49c5a5f0c/datanode-0/data/ratis/e763fc18-da16-4c30-827b-2e56af20cbb2/sm/snapshot.3_3 took: 4 ms
2022-09-28 15:54:29,303 [0274ec44-c511-404a-9072-ead7ce024853@group-2E56AF20CBB2-StateMachineUpdater] INFO  impl.StateMachineUpdater (StateMachineUpdater.java:takeSnapshot(287)) - 0274ec44-c511-404a-9072-ead7ce024853@group-2E56AF20CBB2-StateMachineUpdater: Took a snapshot at index 3
2022-09-28 15:54:29,303 [0274ec44-c511-404a-9072-ead7ce024853@group-2E56AF20CBB2-StateMachineUpdater] INFO  impl.StateMachineUpdater (StateMachineUpdater.java:lambda$new$0(92)) - 0274ec44-c511-404a-9072-ead7ce024853@group-2E56AF20CBB2-StateMachineUpdater: snapshotIndex: updateIncreasingly -1 -> 3
2022-09-28 15:54:29,304 [ForkJoinPool.commonPool-worker-0] INFO  server.RaftServer$Division (ServerState.java:close(429)) - 0274ec44-c511-404a-9072-ead7ce024853@group-2E56AF20CBB2: closes. applyIndex: 3
2022-09-28 15:54:29,304 [0274ec44-c511-404a-9072-ead7ce024853@group-2E56AF20CBB2-SegmentedRaftLogWorker] INFO  segmented.SegmentedRaftLogWorker (SegmentedRaftLogWorker.java:run(336)) - 0274ec44-c511-404a-9072-ead7ce024853@group-2E56AF20CBB2-SegmentedRaftLogWorker was interrupted, exiting. There are 0 tasks remaining in the queue.
2022-09-28 15:54:29,304 [Listener at 127.0.0.1/42319] INFO  server.RaftServer (RaftServerProxy.java:lambda$close$7(398)) - bac3ed17-915a-43dc-90c7-c77b09e81c24: close
2022-09-28 15:54:29,311 [Listener at 127.0.0.1/42319] INFO  server.RaftServer$Division (RaftServerImpl.java:lambda$close$4(434)) - bac3ed17-915a-43dc-90c7-c77b09e81c24@group-AA6E30361165: shutdown
2022-09-28 15:54:29,311 [Listener at 127.0.0.1/42319] INFO  util.JmxRegister (JmxRegister.java:unregister(73)) - Successfully un-registered JMX Bean with object name Ratis:service=RaftServer,group=group-AA6E30361165,id=bac3ed17-915a-43dc-90c7-c77b09e81c24
2022-09-28 15:54:29,311 [Listener at 127.0.0.1/42319] INFO  impl.RoleInfo (RoleInfo.java:shutdownLeaderState(93)) - bac3ed17-915a-43dc-90c7-c77b09e81c24: shutdown bac3ed17-915a-43dc-90c7-c77b09e81c24@group-AA6E30361165-LeaderStateImpl
2022-09-28 15:54:29,311 [Listener at 127.0.0.1/42319] INFO  impl.PendingRequests (PendingRequests.java:sendNotLeaderResponses(282)) - bac3ed17-915a-43dc-90c7-c77b09e81c24@group-AA6E30361165-PendingRequests: sendNotLeaderResponses
2022-09-28 15:54:29,311 [ForkJoinPool.commonPool-worker-0] INFO  segmented.SegmentedRaftLogWorker (SegmentedRaftLogWorker.java:close(246)) - 0274ec44-c511-404a-9072-ead7ce024853@group-2E56AF20CBB2-SegmentedRaftLogWorker close()
2022-09-28 15:54:29,319 [ForkJoinPool.commonPool-worker-0] INFO  server.RaftServer$Division (RaftServerImpl.java:lambda$close$4(434)) - 0274ec44-c511-404a-9072-ead7ce024853@group-5B2B81FF11F7: shutdown
2022-09-28 15:54:29,327 [ForkJoinPool.commonPool-worker-0] INFO  util.JmxRegister (JmxRegister.java:unregister(73)) - Successfully un-registered JMX Bean with object name Ratis:service=RaftServer,group=group-5B2B81FF11F7,id=0274ec44-c511-404a-9072-ead7ce024853
2022-09-28 15:54:29,327 [ForkJoinPool.commonPool-worker-0] INFO  impl.RoleInfo (RoleInfo.java:shutdownFollowerState(110)) - 0274ec44-c511-404a-9072-ead7ce024853: shutdown 0274ec44-c511-404a-9072-ead7ce024853@group-5B2B81FF11F7-FollowerState
2022-09-28 15:54:29,327 [ForkJoinPool.commonPool-worker-0] INFO  impl.StateMachineUpdater (StateMachineUpdater.java:stopAndJoin(153)) - 0274ec44-c511-404a-9072-ead7ce024853@group-5B2B81FF11F7-StateMachineUpdater: set stopIndex = 25
2022-09-28 15:54:29,331 [0274ec44-c511-404a-9072-ead7ce024853@group-5B2B81FF11F7-FollowerState] INFO  impl.FollowerState (FollowerState.java:run(152)) - 0274ec44-c511-404a-9072-ead7ce024853@group-5B2B81FF11F7-FollowerState was interrupted
2022-09-28 15:54:29,331 [0274ec44-c511-404a-9072-ead7ce024853@group-5B2B81FF11F7-StateMachineUpdater] INFO  ratis.ContainerStateMachine (ContainerStateMachine.java:takeSnapshot(304)) - group-5B2B81FF11F7: Taking a snapshot at:(t:3, i:25) file /home/runner/work/ozone/ozone/hadoop-ozone/integration-test/target/test-dir/MiniOzoneClusterImpl-39beaa01-56cc-488c-9c2d-94b49c5a5f0c/datanode-0/data/ratis/07ed2b0b-f6d5-4159-9c2b-5b2b81ff11f7/sm/snapshot.3_25
2022-09-28 15:54:29,331 [Listener at 127.0.0.1/42319] INFO  impl.StateMachineUpdater (StateMachineUpdater.java:stopAndJoin(153)) - bac3ed17-915a-43dc-90c7-c77b09e81c24@group-AA6E30361165-StateMachineUpdater: set stopIndex = 0
2022-09-28 15:54:29,334 [0274ec44-c511-404a-9072-ead7ce024853@group-5B2B81FF11F7-StateMachineUpdater] INFO  ratis.ContainerStateMachine (ContainerStateMachine.java:takeSnapshot(315)) - group-5B2B81FF11F7: Finished taking a snapshot at:(t:3, i:25) file:/home/runner/work/ozone/ozone/hadoop-ozone/integration-test/target/test-dir/MiniOzoneClusterImpl-39beaa01-56cc-488c-9c2d-94b49c5a5f0c/datanode-0/data/ratis/07ed2b0b-f6d5-4159-9c2b-5b2b81ff11f7/sm/snapshot.3_25 took: 3 ms
2022-09-28 15:54:29,334 [0274ec44-c511-404a-9072-ead7ce024853@group-5B2B81FF11F7-StateMachineUpdater] INFO  impl.StateMachineUpdater (StateMachineUpdater.java:takeSnapshot(287)) - 0274ec44-c511-404a-9072-ead7ce024853@group-5B2B81FF11F7-StateMachineUpdater: Took a snapshot at index 25
2022-09-28 15:54:29,334 [0274ec44-c511-404a-9072-ead7ce024853@group-5B2B81FF11F7-StateMachineUpdater] INFO  impl.StateMachineUpdater (StateMachineUpdater.java:lambda$new$0(92)) - 0274ec44-c511-404a-9072-ead7ce024853@group-5B2B81FF11F7-StateMachineUpdater: snapshotIndex: updateIncreasingly -1 -> 25
2022-09-28 15:54:29,334 [ForkJoinPool.commonPool-worker-0] INFO  server.RaftServer$Division (ServerState.java:close(429)) - 0274ec44-c511-404a-9072-ead7ce024853@group-5B2B81FF11F7: closes. applyIndex: 25
2022-09-28 15:54:29,335 [0274ec44-c511-404a-9072-ead7ce024853@group-5B2B81FF11F7-SegmentedRaftLogWorker] INFO  segmented.SegmentedRaftLogWorker (SegmentedRaftLogWorker.java:run(336)) - 0274ec44-c511-404a-9072-ead7ce024853@group-5B2B81FF11F7-SegmentedRaftLogWorker was interrupted, exiting. There are 0 tasks remaining in the queue.
2022-09-28 15:54:29,335 [ForkJoinPool.commonPool-worker-0] INFO  segmented.SegmentedRaftLogWorker (SegmentedRaftLogWorker.java:close(246)) - 0274ec44-c511-404a-9072-ead7ce024853@group-5B2B81FF11F7-SegmentedRaftLogWorker close()
2022-09-28 15:54:29,345 [bac3ed17-915a-43dc-90c7-c77b09e81c24@group-AA6E30361165-StateMachineUpdater] INFO  ratis.ContainerStateMachine (ContainerStateMachine.java:takeSnapshot(304)) - group-AA6E30361165: Taking a snapshot at:(t:1, i:0) file /home/runner/work/ozone/ozone/hadoop-ozone/integration-test/target/test-dir/MiniOzoneClusterImpl-39beaa01-56cc-488c-9c2d-94b49c5a5f0c/datanode-4/data/ratis/a094b593-24e7-42c0-859d-aa6e30361165/sm/snapshot.1_0
2022-09-28 15:54:29,345 [ForkJoinPool.commonPool-worker-0] INFO  server.RaftServer$Division (RaftServerImpl.java:lambda$close$4(434)) - 0274ec44-c511-404a-9072-ead7ce024853@group-E015A3B5BC15: shutdown
2022-09-28 15:54:29,345 [ForkJoinPool.commonPool-worker-0] INFO  util.JmxRegister (JmxRegister.java:unregister(73)) - Successfully un-registered JMX Bean with object name Ratis:service=RaftServer,group=group-E015A3B5BC15,id=0274ec44-c511-404a-9072-ead7ce024853
2022-09-28 15:54:29,345 [ForkJoinPool.commonPool-worker-0] INFO  impl.RoleInfo (RoleInfo.java:shutdownLeaderState(93)) - 0274ec44-c511-404a-9072-ead7ce024853: shutdown 0274ec44-c511-404a-9072-ead7ce024853@group-E015A3B5BC15-LeaderStateImpl
2022-09-28 15:54:29,345 [ForkJoinPool.commonPool-worker-0] INFO  impl.PendingRequests (PendingRequests.java:sendNotLeaderResponses(282)) - 0274ec44-c511-404a-9072-ead7ce024853@group-E015A3B5BC15-PendingRequests: sendNotLeaderResponses
2022-09-28 15:54:29,346 [ForkJoinPool.commonPool-worker-0] INFO  impl.StateMachineUpdater (StateMachineUpdater.java:stopAndJoin(153)) - 0274ec44-c511-404a-9072-ead7ce024853@group-E015A3B5BC15-StateMachineUpdater: set stopIndex = 0
2022-09-28 15:54:29,346 [0274ec44-c511-404a-9072-ead7ce024853@group-E015A3B5BC15-StateMachineUpdater] INFO  ratis.ContainerStateMachine (ContainerStateMachine.java:takeSnapshot(304)) - group-E015A3B5BC15: Taking a snapshot at:(t:1, i:0) file /home/runner/work/ozone/ozone/hadoop-ozone/integration-test/target/test-dir/MiniOzoneClusterImpl-39beaa01-56cc-488c-9c2d-94b49c5a5f0c/datanode-0/data/ratis/5fa90fcd-805f-4d0e-af83-e015a3b5bc15/sm/snapshot.1_0
2022-09-28 15:54:29,346 [bac3ed17-915a-43dc-90c7-c77b09e81c24@group-AA6E30361165-StateMachineUpdater] INFO  ratis.ContainerStateMachine (ContainerStateMachine.java:takeSnapshot(315)) - group-AA6E30361165: Finished taking a snapshot at:(t:1, i:0) file:/home/runner/work/ozone/ozone/hadoop-ozone/integration-test/target/test-dir/MiniOzoneClusterImpl-39beaa01-56cc-488c-9c2d-94b49c5a5f0c/datanode-4/data/ratis/a094b593-24e7-42c0-859d-aa6e30361165/sm/snapshot.1_0 took: 2 ms
2022-09-28 15:54:29,346 [bac3ed17-915a-43dc-90c7-c77b09e81c24@group-AA6E30361165-StateMachineUpdater] INFO  impl.StateMachineUpdater (StateMachineUpdater.java:takeSnapshot(287)) - bac3ed17-915a-43dc-90c7-c77b09e81c24@group-AA6E30361165-StateMachineUpdater: Took a snapshot at index 0
2022-09-28 15:54:29,346 [bac3ed17-915a-43dc-90c7-c77b09e81c24@group-AA6E30361165-StateMachineUpdater] INFO  impl.StateMachineUpdater (StateMachineUpdater.java:lambda$new$0(92)) - bac3ed17-915a-43dc-90c7-c77b09e81c24@group-AA6E30361165-StateMachineUpdater: snapshotIndex: updateIncreasingly -1 -> 0
2022-09-28 15:54:29,347 [Listener at 127.0.0.1/42319] INFO  server.RaftServer$Division (ServerState.java:close(429)) - bac3ed17-915a-43dc-90c7-c77b09e81c24@group-AA6E30361165: closes. applyIndex: 0
2022-09-28 15:54:29,347 [bac3ed17-915a-43dc-90c7-c77b09e81c24@group-AA6E30361165-SegmentedRaftLogWorker] INFO  segmented.SegmentedRaftLogWorker (SegmentedRaftLogWorker.java:run(336)) - bac3ed17-915a-43dc-90c7-c77b09e81c24@group-AA6E30361165-SegmentedRaftLogWorker was interrupted, exiting. There are 0 tasks remaining in the queue.
2022-09-28 15:54:29,347 [Listener at 127.0.0.1/42319] INFO  segmented.SegmentedRaftLogWorker (SegmentedRaftLogWorker.java:close(246)) - bac3ed17-915a-43dc-90c7-c77b09e81c24@group-AA6E30361165-SegmentedRaftLogWorker close()
2022-09-28 15:54:29,348 [Listener at 127.0.0.1/42319] INFO  server.GrpcService (GrpcService.java:closeImpl(269)) - bac3ed17-915a-43dc-90c7-c77b09e81c24: shutdown server with port 35873 now
2022-09-28 15:54:29,348 [0274ec44-c511-404a-9072-ead7ce024853@group-E015A3B5BC15-StateMachineUpdater] INFO  ratis.ContainerStateMachine (ContainerStateMachine.java:takeSnapshot(315)) - group-E015A3B5BC15: Finished taking a snapshot at:(t:1, i:0) file:/home/runner/work/ozone/ozone/hadoop-ozone/integration-test/target/test-dir/MiniOzoneClusterImpl-39beaa01-56cc-488c-9c2d-94b49c5a5f0c/datanode-0/data/ratis/5fa90fcd-805f-4d0e-af83-e015a3b5bc15/sm/snapshot.1_0 took: 2 ms
2022-09-28 15:54:29,348 [0274ec44-c511-404a-9072-ead7ce024853@group-E015A3B5BC15-StateMachineUpdater] INFO  impl.StateMachineUpdater (StateMachineUpdater.java:takeSnapshot(287)) - 0274ec44-c511-404a-9072-ead7ce024853@group-E015A3B5BC15-StateMachineUpdater: Took a snapshot at index 0
2022-09-28 15:54:29,348 [0274ec44-c511-404a-9072-ead7ce024853@group-E015A3B5BC15-StateMachineUpdater] INFO  impl.StateMachineUpdater (StateMachineUpdater.java:lambda$new$0(92)) - 0274ec44-c511-404a-9072-ead7ce024853@group-E015A3B5BC15-StateMachineUpdater: snapshotIndex: updateIncreasingly -1 -> 0
2022-09-28 15:54:29,348 [Listener at 127.0.0.1/42319] INFO  server.GrpcService (GrpcService.java:closeImpl(278)) - bac3ed17-915a-43dc-90c7-c77b09e81c24: shutdown server with port 35873 successfully
2022-09-28 15:54:29,348 [org.apache.ratis.util.JvmPauseMonitor$$Lambda$634/1800766250@50dc8214] INFO  util.JvmPauseMonitor (JvmPauseMonitor.java:run(109)) - JvmPauseMonitor-bac3ed17-915a-43dc-90c7-c77b09e81c24: Stopped
2022-09-28 15:54:29,348 [ForkJoinPool.commonPool-worker-0] INFO  server.RaftServer$Division (ServerState.java:close(429)) - 0274ec44-c511-404a-9072-ead7ce024853@group-E015A3B5BC15: closes. applyIndex: 0
2022-09-28 15:54:29,349 [0274ec44-c511-404a-9072-ead7ce024853@group-E015A3B5BC15-SegmentedRaftLogWorker] INFO  segmented.SegmentedRaftLogWorker (SegmentedRaftLogWorker.java:run(336)) - 0274ec44-c511-404a-9072-ead7ce024853@group-E015A3B5BC15-SegmentedRaftLogWorker was interrupted, exiting. There are 0 tasks remaining in the queue.
2022-09-28 15:54:29,349 [ForkJoinPool.commonPool-worker-0] INFO  segmented.SegmentedRaftLogWorker (SegmentedRaftLogWorker.java:close(246)) - 0274ec44-c511-404a-9072-ead7ce024853@group-E015A3B5BC15-SegmentedRaftLogWorker close()
2022-09-28 15:54:29,349 [ForkJoinPool.commonPool-worker-0] INFO  server.GrpcService (GrpcService.java:closeImpl(269)) - 0274ec44-c511-404a-9072-ead7ce024853: shutdown server with port 37251 now
2022-09-28 15:54:29,352 [ForkJoinPool.commonPool-worker-0] INFO  server.GrpcService (GrpcService.java:closeImpl(278)) - 0274ec44-c511-404a-9072-ead7ce024853: shutdown server with port 37251 successfully
2022-09-28 15:54:29,352 [org.apache.ratis.util.JvmPauseMonitor$$Lambda$634/1800766250@22aa265] INFO  util.JvmPauseMonitor (JvmPauseMonitor.java:run(109)) - JvmPauseMonitor-0274ec44-c511-404a-9072-ead7ce024853: Stopped
2022-09-28 15:54:31,364 [Listener at 127.0.0.1/42319] INFO  utils.BackgroundService (BackgroundService.java:shutdown(141)) - Shutting down service BlockDeletingService
2022-09-28 15:54:31,365 [Listener at 127.0.0.1/42319] INFO  utils.BackgroundService (BackgroundService.java:shutdown(141)) - Shutting down service StaleRecoveringContainerScrubbingService
2022-09-28 15:54:31,393 [ForkJoinPool.commonPool-worker-0] INFO  utils.BackgroundService (BackgroundService.java:shutdown(141)) - Shutting down service BlockDeletingService
2022-09-28 15:54:31,395 [ForkJoinPool.commonPool-worker-0] INFO  utils.BackgroundService (BackgroundService.java:shutdown(141)) - Shutting down service StaleRecoveringContainerScrubbingService
2022-09-28 15:54:34,367 [Listener at 127.0.0.1/42319] INFO  statemachine.DatanodeStateMachine (DatanodeStateMachine.java:stopDaemon(580)) - Ozone container server stopped.
2022-09-28 15:54:34,387 [Listener at 127.0.0.1/42319] INFO  handler.ContextHandler (ContextHandler.java:doStop(1153)) - Stopped o.e.j.w.WebAppContext@16903aba{hddsDatanode,/,null,STOPPED}{jar:file:/home/runner/.m2/repository/org/apache/ozone/hdds-container-service/1.3.0-SNAPSHOT/hdds-container-service-1.3.0-SNAPSHOT.jar!/webapps/hddsDatanode}
2022-09-28 15:54:34,397 [ForkJoinPool.commonPool-worker-0] INFO  statemachine.DatanodeStateMachine (DatanodeStateMachine.java:stopDaemon(580)) - Ozone container server stopped.
2022-09-28 15:54:34,423 [Listener at 127.0.0.1/42319] INFO  server.AbstractConnector (AbstractConnector.java:doStop(381)) - Stopped ServerConnector@29f88f79{HTTP/1.1, (http/1.1)}{0.0.0.0:0}
2022-09-28 15:54:34,423 [Listener at 127.0.0.1/42319] INFO  server.session (HouseKeeper.java:stopScavenging(149)) - node0 Stopped scavenging
2022-09-28 15:54:34,423 [Listener at 127.0.0.1/42319] INFO  handler.ContextHandler (ContextHandler.java:doStop(1153)) - Stopped o.e.j.s.ServletContextHandler@61675dd5{static,/static,jar:file:/home/runner/.m2/repository/org/apache/ozone/hdds-container-service/1.3.0-SNAPSHOT/hdds-container-service-1.3.0-SNAPSHOT.jar!/webapps/static,STOPPED}
2022-09-28 15:54:34,423 [Listener at 127.0.0.1/42319] INFO  handler.ContextHandler (ContextHandler.java:doStop(1153)) - Stopped o.e.j.s.ServletContextHandler@658e67e1{logs,/logs,file:///home/runner/work/ozone/ozone/hadoop-ozone/integration-test/target/log,STOPPED}
2022-09-28 15:54:34,463 [ForkJoinPool.commonPool-worker-0] INFO  handler.ContextHandler (ContextHandler.java:doStop(1153)) - Stopped o.e.j.w.WebAppContext@19db46c3{hddsDatanode,/,null,STOPPED}{jar:file:/home/runner/.m2/repository/org/apache/ozone/hdds-container-service/1.3.0-SNAPSHOT/hdds-container-service-1.3.0-SNAPSHOT.jar!/webapps/hddsDatanode}
2022-09-28 15:54:34,463 [ForkJoinPool.commonPool-worker-0] INFO  server.AbstractConnector (AbstractConnector.java:doStop(381)) - Stopped ServerConnector@5f95e589{HTTP/1.1, (http/1.1)}{0.0.0.0:0}
2022-09-28 15:54:34,463 [ForkJoinPool.commonPool-worker-0] INFO  server.session (HouseKeeper.java:stopScavenging(149)) - node0 Stopped scavenging
2022-09-28 15:54:34,476 [ForkJoinPool.commonPool-worker-0] INFO  handler.ContextHandler (ContextHandler.java:doStop(1153)) - Stopped o.e.j.s.ServletContextHandler@41cd00cd{static,/static,jar:file:/home/runner/.m2/repository/org/apache/ozone/hdds-container-service/1.3.0-SNAPSHOT/hdds-container-service-1.3.0-SNAPSHOT.jar!/webapps/static,STOPPED}
2022-09-28 15:54:34,479 [ForkJoinPool.commonPool-worker-0] INFO  handler.ContextHandler (ContextHandler.java:doStop(1153)) - Stopped o.e.j.s.ServletContextHandler@4465326b{logs,/logs,file:///home/runner/work/ozone/ozone/hadoop-ozone/integration-test/target/log,STOPPED}
2022-09-28 15:54:39,428 [Listener at 127.0.0.1/42319] INFO  ozoneimpl.OzoneContainer (OzoneContainer.java:stop(400)) - Attempting to stop container services.
2022-09-28 15:54:39,429 [Listener at 127.0.0.1/42319] INFO  server.RaftServer (RaftServerProxy.java:lambda$close$7(398)) - 79199500-620f-41d1-bc3c-c3a003fb4526: close
2022-09-28 15:54:39,430 [Listener at 127.0.0.1/42319] INFO  server.RaftServer$Division (RaftServerImpl.java:lambda$close$4(434)) - 79199500-620f-41d1-bc3c-c3a003fb4526@group-62864CC400DC: shutdown
2022-09-28 15:54:39,430 [Listener at 127.0.0.1/42319] INFO  util.JmxRegister (JmxRegister.java:unregister(73)) - Successfully un-registered JMX Bean with object name Ratis:service=RaftServer,group=group-62864CC400DC,id=79199500-620f-41d1-bc3c-c3a003fb4526
2022-09-28 15:54:39,430 [Listener at 127.0.0.1/42319] INFO  impl.RoleInfo (RoleInfo.java:shutdownLeaderState(93)) - 79199500-620f-41d1-bc3c-c3a003fb4526: shutdown 79199500-620f-41d1-bc3c-c3a003fb4526@group-62864CC400DC-LeaderStateImpl
2022-09-28 15:54:39,430 [Listener at 127.0.0.1/42319] INFO  impl.PendingRequests (PendingRequests.java:sendNotLeaderResponses(282)) - 79199500-620f-41d1-bc3c-c3a003fb4526@group-62864CC400DC-PendingRequests: sendNotLeaderResponses
2022-09-28 15:54:39,431 [Listener at 127.0.0.1/42319] INFO  impl.StateMachineUpdater (StateMachineUpdater.java:stopAndJoin(153)) - 79199500-620f-41d1-bc3c-c3a003fb4526@group-62864CC400DC-StateMachineUpdater: set stopIndex = 0
2022-09-28 15:54:39,431 [79199500-620f-41d1-bc3c-c3a003fb4526@group-62864CC400DC-StateMachineUpdater] INFO  ratis.ContainerStateMachine (ContainerStateMachine.java:takeSnapshot(304)) - group-62864CC400DC: Taking a snapshot at:(t:1, i:0) file /home/runner/work/ozone/ozone/hadoop-ozone/integration-test/target/test-dir/MiniOzoneClusterImpl-39beaa01-56cc-488c-9c2d-94b49c5a5f0c/datanode-3/data/ratis/3449e015-cc7f-4d83-931c-62864cc400dc/sm/snapshot.1_0
2022-09-28 15:54:39,433 [79199500-620f-41d1-bc3c-c3a003fb4526@group-62864CC400DC-StateMachineUpdater] INFO  ratis.ContainerStateMachine (ContainerStateMachine.java:takeSnapshot(315)) - group-62864CC400DC: Finished taking a snapshot at:(t:1, i:0) file:/home/runner/work/ozone/ozone/hadoop-ozone/integration-test/target/test-dir/MiniOzoneClusterImpl-39beaa01-56cc-488c-9c2d-94b49c5a5f0c/datanode-3/data/ratis/3449e015-cc7f-4d83-931c-62864cc400dc/sm/snapshot.1_0 took: 3 ms
2022-09-28 15:54:39,434 [79199500-620f-41d1-bc3c-c3a003fb4526@group-62864CC400DC-StateMachineUpdater] INFO  impl.StateMachineUpdater (StateMachineUpdater.java:takeSnapshot(287)) - 79199500-620f-41d1-bc3c-c3a003fb4526@group-62864CC400DC-StateMachineUpdater: Took a snapshot at index 0
2022-09-28 15:54:39,434 [79199500-620f-41d1-bc3c-c3a003fb4526@group-62864CC400DC-StateMachineUpdater] INFO  impl.StateMachineUpdater (StateMachineUpdater.java:lambda$new$0(92)) - 79199500-620f-41d1-bc3c-c3a003fb4526@group-62864CC400DC-StateMachineUpdater: snapshotIndex: updateIncreasingly -1 -> 0
2022-09-28 15:54:39,434 [Listener at 127.0.0.1/42319] INFO  server.RaftServer$Division (ServerState.java:close(429)) - 79199500-620f-41d1-bc3c-c3a003fb4526@group-62864CC400DC: closes. applyIndex: 0
2022-09-28 15:54:39,434 [79199500-620f-41d1-bc3c-c3a003fb4526@group-62864CC400DC-SegmentedRaftLogWorker] INFO  segmented.SegmentedRaftLogWorker (SegmentedRaftLogWorker.java:run(336)) - 79199500-620f-41d1-bc3c-c3a003fb4526@group-62864CC400DC-SegmentedRaftLogWorker was interrupted, exiting. There are 0 tasks remaining in the queue.
2022-09-28 15:54:39,435 [Listener at 127.0.0.1/42319] INFO  segmented.SegmentedRaftLogWorker (SegmentedRaftLogWorker.java:close(246)) - 79199500-620f-41d1-bc3c-c3a003fb4526@group-62864CC400DC-SegmentedRaftLogWorker close()
2022-09-28 15:54:39,435 [Listener at 127.0.0.1/42319] INFO  server.GrpcService (GrpcService.java:closeImpl(269)) - 79199500-620f-41d1-bc3c-c3a003fb4526: shutdown server with port 32861 now
2022-09-28 15:54:39,439 [Listener at 127.0.0.1/42319] INFO  server.GrpcService (GrpcService.java:closeImpl(278)) - 79199500-620f-41d1-bc3c-c3a003fb4526: shutdown server with port 32861 successfully
2022-09-28 15:54:39,439 [org.apache.ratis.util.JvmPauseMonitor$$Lambda$634/1800766250@1f84c589] INFO  util.JvmPauseMonitor (JvmPauseMonitor.java:run(109)) - JvmPauseMonitor-79199500-620f-41d1-bc3c-c3a003fb4526: Stopped
2022-09-28 15:54:41,086 [Under Replicated Processor] INFO  replication.UnderReplicatedProcessor (UnderReplicatedProcessor.java:processAll(92)) - Processed 0 under replicated containers, failed processing 0
2022-09-28 15:54:41,102 [Over Replicated Processor] INFO  replication.OverReplicatedProcessor (OverReplicatedProcessor.java:processAll(90)) - Processed 0 over replicated containers, failed processing 0
2022-09-28 15:54:41,460 [Listener at 127.0.0.1/42319] INFO  utils.BackgroundService (BackgroundService.java:shutdown(141)) - Shutting down service BlockDeletingService
2022-09-28 15:54:41,467 [Listener at 127.0.0.1/42319] INFO  utils.BackgroundService (BackgroundService.java:shutdown(141)) - Shutting down service StaleRecoveringContainerScrubbingService
2022-09-28 15:54:44,469 [Listener at 127.0.0.1/42319] INFO  statemachine.DatanodeStateMachine (DatanodeStateMachine.java:stopDaemon(580)) - Ozone container server stopped.
2022-09-28 15:54:44,479 [Listener at 127.0.0.1/42319] INFO  handler.ContextHandler (ContextHandler.java:doStop(1153)) - Stopped o.e.j.w.WebAppContext@31b5bf26{hddsDatanode,/,null,STOPPED}{jar:file:/home/runner/.m2/repository/org/apache/ozone/hdds-container-service/1.3.0-SNAPSHOT/hdds-container-service-1.3.0-SNAPSHOT.jar!/webapps/hddsDatanode}
2022-09-28 15:54:44,480 [Listener at 127.0.0.1/42319] INFO  server.AbstractConnector (AbstractConnector.java:doStop(381)) - Stopped ServerConnector@6df7fb0c{HTTP/1.1, (http/1.1)}{0.0.0.0:0}
2022-09-28 15:54:44,480 [Listener at 127.0.0.1/42319] INFO  server.session (HouseKeeper.java:stopScavenging(149)) - node0 Stopped scavenging
2022-09-28 15:54:44,483 [Listener at 127.0.0.1/42319] INFO  handler.ContextHandler (ContextHandler.java:doStop(1153)) - Stopped o.e.j.s.ServletContextHandler@74e17194{static,/static,jar:file:/home/runner/.m2/repository/org/apache/ozone/hdds-container-service/1.3.0-SNAPSHOT/hdds-container-service-1.3.0-SNAPSHOT.jar!/webapps/static,STOPPED}
2022-09-28 15:54:44,507 [Listener at 127.0.0.1/42319] INFO  handler.ContextHandler (ContextHandler.java:doStop(1153)) - Stopped o.e.j.s.ServletContextHandler@43bd267a{logs,/logs,file:///home/runner/work/ozone/ozone/hadoop-ozone/integration-test/target/log,STOPPED}
2022-09-28 15:54:44,524 [Listener at 127.0.0.1/42319] INFO  ozone.MiniOzoneClusterImpl (MiniOzoneClusterImpl.java:stopSCM(537)) - Stopping the StorageContainerManager
2022-09-28 15:54:44,525 [Listener at 127.0.0.1/42319] INFO  server.StorageContainerManager (StorageContainerManager.java:stop(1528)) - Container Balancer is not running.
2022-09-28 15:54:44,525 [Listener at 127.0.0.1/42319] INFO  server.StorageContainerManager (StorageContainerManager.java:stop(1535)) - Stopping Replication Manager Service.
2022-09-28 15:54:44,525 [Listener at 127.0.0.1/42319] INFO  replication.ReplicationManager (ReplicationManager.java:stop(255)) - Stopping Replication Monitor Thread.
2022-09-28 15:54:44,525 [Under Replicated Processor] WARN  replication.UnderReplicatedProcessor (UnderReplicatedProcessor.java:run(148)) - Under Replicated Processor interrupted. Exiting...
2022-09-28 15:54:44,525 [Over Replicated Processor] WARN  replication.OverReplicatedProcessor (OverReplicatedProcessor.java:run(137)) - Over Replicated Processor interrupted. Exiting...
2022-09-28 15:54:44,525 [ReplicationMonitor] INFO  replication.ReplicationManager (ReplicationManager.java:run(507)) - Replication Monitor Thread is stopped
2022-09-28 15:54:44,525 [Listener at 127.0.0.1/42319] INFO  server.StorageContainerManager (StorageContainerManager.java:stop(1542)) - Stopping the Datanode Admin Monitor.
2022-09-28 15:54:44,526 [Listener at 127.0.0.1/42319] INFO  server.StorageContainerManager (StorageContainerManager.java:stop(1549)) - Stopping Lease Manager of the command watchers
2022-09-28 15:54:44,526 [Listener at 127.0.0.1/42319] INFO  server.StorageContainerManager (StorageContainerManager.java:stop(1556)) - Stopping datanode service RPC server
2022-09-28 15:54:44,526 [Listener at 127.0.0.1/42319] INFO  server.SCMDatanodeProtocolServer (SCMDatanodeProtocolServer.java:stop(414)) - Stopping the RPC server for DataNodes
2022-09-28 15:54:44,526 [Listener at 127.0.0.1/42319] INFO  ipc.Server (Server.java:stop(3414)) - Stopping server on 43951
2022-09-28 15:54:44,531 [IPC Server listener on 0] INFO  ipc.Server (Server.java:run(1376)) - Stopping IPC Server listener on 0
2022-09-28 15:54:44,555 [IPC Server Responder] INFO  ipc.Server (Server.java:run(1512)) - Stopping IPC Server Responder
2022-09-28 15:54:44,655 [SCM Heartbeat Processing Thread - 0] WARN  node.NodeStateManager (NodeStateManager.java:scheduleNextHealthCheck(870)) - Current Thread is interrupted, shutting down HB processing thread for Node Manager.
2022-09-28 15:54:44,655 [Listener at 127.0.0.1/42319] INFO  server.StorageContainerManager (StorageContainerManager.java:stop(1564)) - Stopping block service RPC server
2022-09-28 15:54:44,656 [Listener at 127.0.0.1/42319] INFO  server.SCMBlockProtocolServer (SCMBlockProtocolServer.java:stop(161)) - Stopping the RPC server for Block Protocol
2022-09-28 15:54:44,656 [Listener at 127.0.0.1/42319] INFO  ipc.Server (Server.java:stop(3414)) - Stopping server on 44621
2022-09-28 15:54:44,667 [IPC Server listener on 0] INFO  ipc.Server (Server.java:run(1376)) - Stopping IPC Server listener on 0
2022-09-28 15:54:44,667 [Listener at 127.0.0.1/42319] INFO  server.StorageContainerManager (StorageContainerManager.java:stop(1571)) - Stopping the StorageContainerLocationProtocol RPC server
2022-09-28 15:54:44,667 [IPC Server Responder] INFO  ipc.Server (Server.java:run(1512)) - Stopping IPC Server Responder
2022-09-28 15:54:44,667 [Listener at 127.0.0.1/42319] INFO  server.SCMClientProtocolServer (SCMClientProtocolServer.java:stop(179)) - Stopping the RPC server for Client Protocol
2022-09-28 15:54:44,681 [Listener at 127.0.0.1/42319] INFO  ipc.Server (Server.java:stop(3414)) - Stopping server on 34509
2022-09-28 15:54:44,684 [Listener at 127.0.0.1/42319] INFO  server.StorageContainerManager (StorageContainerManager.java:stop(1578)) - Stopping Storage Container Manager HTTP server.
2022-09-28 15:54:44,684 [Listener at 127.0.0.1/42319] INFO  handler.ContextHandler (ContextHandler.java:doStop(1153)) - Stopped o.e.j.w.WebAppContext@204f76da{scm,/,null,STOPPED}{file:/home/runner/work/ozone/ozone/hadoop-ozone/integration-test/target/test-classes/webapps/scm}
2022-09-28 15:54:44,685 [IPC Server Responder] INFO  ipc.Server (Server.java:run(1512)) - Stopping IPC Server Responder
2022-09-28 15:54:44,685 [IPC Server listener on 0] INFO  ipc.Server (Server.java:run(1376)) - Stopping IPC Server listener on 0
2022-09-28 15:54:44,707 [Listener at 127.0.0.1/42319] INFO  server.AbstractConnector (AbstractConnector.java:doStop(381)) - Stopped ServerConnector@52cd65a{HTTP/1.1, (http/1.1)}{0.0.0.0:0}
2022-09-28 15:54:44,707 [Listener at 127.0.0.1/42319] INFO  server.session (HouseKeeper.java:stopScavenging(149)) - node0 Stopped scavenging
2022-09-28 15:54:44,707 [Listener at 127.0.0.1/42319] INFO  handler.ContextHandler (ContextHandler.java:doStop(1153)) - Stopped o.e.j.s.ServletContextHandler@42e36092{static,/static,file:///home/runner/work/ozone/ozone/hadoop-ozone/integration-test/target/test-classes/webapps/static,STOPPED}
2022-09-28 15:54:44,707 [Listener at 127.0.0.1/42319] INFO  handler.ContextHandler (ContextHandler.java:doStop(1153)) - Stopped o.e.j.s.ServletContextHandler@9c7db46{logs,/logs,file:///home/runner/work/ozone/ozone/hadoop-ozone/integration-test/target/log,STOPPED}
2022-09-28 15:54:44,713 [Listener at 127.0.0.1/42319] INFO  server.StorageContainerManager (StorageContainerManager.java:stop(1584)) - Stopping SCM LayoutVersionManager Service.
2022-09-28 15:54:44,713 [Listener at 127.0.0.1/42319] INFO  server.StorageContainerManager (StorageContainerManager.java:stop(1592)) - Stopping Block Manager Service.
2022-09-28 15:54:44,713 [Listener at 127.0.0.1/42319] INFO  utils.BackgroundService (BackgroundService.java:shutdown(141)) - Shutting down service SCMBlockDeletingService
2022-09-28 15:54:44,713 [Listener at 127.0.0.1/42319] INFO  utils.BackgroundService (BackgroundService.java:shutdown(141)) - Shutting down service SCMBlockDeletingService
2022-09-28 15:54:44,713 [Listener at 127.0.0.1/42319] INFO  server.StorageContainerManager (StorageContainerManager.java:stop(1619)) - Stopping SCM Event Queue.
2022-09-28 15:54:44,716 [Listener at 127.0.0.1/42319] INFO  server.StorageContainerManager (StorageContainerManager.java:stop(1630)) - Stopping SCM HA services.
2022-09-28 15:54:44,716 [Listener at 127.0.0.1/42319] INFO  pipeline.BackgroundPipelineCreator (BackgroundPipelineCreator.java:stop(149)) - Stopping RatisPipelineUtilsThread.
2022-09-28 15:54:44,716 [RatisPipelineUtilsThread - 0] WARN  pipeline.BackgroundPipelineCreator (BackgroundPipelineCreator.java:run(180)) - RatisPipelineUtilsThread is interrupted.
2022-09-28 15:54:44,716 [BackgroundPipelineScrubberThread] WARN  BackgroundPipelineScrubber (BackgroundSCMService.java:run(115)) - BackgroundPipelineScrubber is interrupted, exit
2022-09-28 15:54:44,716 [Listener at 127.0.0.1/42319] INFO  BackgroundPipelineScrubber (BackgroundSCMService.java:stop(131)) - Stopping BackgroundPipelineScrubber Service.
2022-09-28 15:54:44,717 [Listener at 127.0.0.1/42319] INFO  server.StorageContainerManager (StorageContainerManager.java:stop(1640)) - Stopping SCM MetadataStore.
2022-09-28 15:54:44,718 [Listener at 127.0.0.1/42319] INFO  impl.MetricsSystemImpl (MetricsSystemImpl.java:stop(210)) - Stopping HddsDatanode metrics system...
2022-09-28 15:54:44,781 [prometheus] INFO  impl.MetricsSinkAdapter (MetricsSinkAdapter.java:publishMetricsFromQueue(141)) - prometheus thread interrupted.
2022-09-28 15:54:44,781 [Listener at 127.0.0.1/42319] INFO  impl.MetricsSystemImpl (MetricsSystemImpl.java:stop(216)) - HddsDatanode metrics system stopped.
2022-09-28 15:54:45,014 [Listener at 127.0.0.1/42319] WARN  server.ServerUtils (ServerUtils.java:getScmDbDir(148)) - ozone.scm.db.dirs is not configured. We recommend adding this setting. Falling back to ozone.metadata.dirs instead.
2022-09-28 15:54:45,025 [Listener at 127.0.0.1/42319] WARN  server.ServerUtils (ServerUtils.java:getScmDbDir(148)) - ozone.scm.db.dirs is not configured. We recommend adding this setting. Falling back to ozone.metadata.dirs instead.
2022-09-28 15:54:45,026 [Listener at 127.0.0.1/42319] INFO  ha.SCMHANodeDetails (SCMHANodeDetails.java:loadSCMHAConfig(209)) - ServiceID for StorageContainerManager is null
2022-09-28 15:54:45,026 [Listener at 127.0.0.1/42319] INFO  ha.SCMHANodeDetails (SCMHANodeDetails.java:loadSCMHAConfig(214)) - ozone.scm.default.service.id is not defined, falling back to ozone.scm.service.ids to find serviceID for StorageContainerManager if it is HA enabled cluster
2022-09-28 15:54:45,026 [Listener at 127.0.0.1/42319] WARN  utils.HAUtils (HAUtils.java:getMetaDir(342)) - ozone.scm.db.dirs is not configured. We recommend adding this setting. Falling back to ozone.metadata.dirs instead.
2022-09-28 15:54:45,027 [Listener at 127.0.0.1/42319] WARN  db.DBStoreBuilder (DBStoreBuilder.java:applyDBDefinition(144)) - ozone.scm.db.dirs is not configured. We recommend adding this setting. Falling back to ozone.metadata.dirs instead.
2022-09-28 15:54:45,283 [Listener at 127.0.0.1/42319] INFO  net.NodeSchemaLoader (NodeSchemaLoader.java:loadSchemaFromFile(129)) - Loading schema from [jar:file:/home/runner/.m2/repository/org/apache/ozone/hdds-common/1.3.0-SNAPSHOT/hdds-common-1.3.0-SNAPSHOT.jar!/network-topology-default.xml]
2022-09-28 15:54:45,284 [Listener at 127.0.0.1/42319] INFO  net.NodeSchemaLoader (NodeSchemaLoader.java:loadSchema(176)) - Loading network topology layer schema file
2022-09-28 15:54:45,286 [Listener at 127.0.0.1/42319] INFO  upgrade.AbstractLayoutVersionManager (AbstractLayoutVersionManager.java:init(83)) - Initializing Layout version manager with metadata layout = DATANODE_SCHEMA_V3 (version = 4), software layout = DATANODE_SCHEMA_V3 (version = 4)
2022-09-28 15:54:45,432 [Listener at 127.0.0.1/42319] INFO  reflections.Reflections (Reflections.java:scan(232)) - Reflections took 144 ms to scan 7 urls, producing 135 keys and 327 values 
2022-09-28 15:54:45,433 [Listener at 127.0.0.1/42319] INFO  ha.SequenceIdGenerator (SequenceIdGenerator.java:upgradeToSequenceId(349)) - upgrade localId to 109611004723200000
2022-09-28 15:54:45,433 [Listener at 127.0.0.1/42319] INFO  ha.SequenceIdGenerator (SequenceIdGenerator.java:upgradeToSequenceId(359)) - upgrade delTxnId to 0
2022-09-28 15:54:45,433 [Listener at 127.0.0.1/42319] INFO  ha.SequenceIdGenerator (SequenceIdGenerator.java:upgradeToSequenceId(376)) - upgrade containerId to 0
2022-09-28 15:54:45,434 [Listener at 127.0.0.1/42319] INFO  ha.SequenceIdGenerator (SequenceIdGenerator.java:<init>(220)) - Init the HA SequenceIdGenerator.
2022-09-28 15:54:45,434 [Listener at 127.0.0.1/42319] WARN  server.ServerUtils (ServerUtils.java:sanitizeUserArgs(73)) - ozone.scm.stale.node.interval value = 300000 is larger than max = 100000 based on the key value of ozone.scm.heartbeat.thread.interval, reset to the max value 100000.
2022-09-28 15:54:45,434 [Listener at 127.0.0.1/42319] WARN  server.ServerUtils (ServerUtils.java:sanitizeUserArgs(73)) - ozone.scm.stale.node.interval value = 300000 is larger than max = 100000 based on the key value of ozone.scm.heartbeat.thread.interval, reset to the max value 100000.
2022-09-28 15:54:45,434 [Listener at 127.0.0.1/42319] INFO  node.SCMNodeManager (SCMNodeManager.java:<init>(149)) - Entering startup safe mode.
2022-09-28 15:54:45,435 [Listener at 127.0.0.1/42319] INFO  algorithms.ContainerPlacementPolicyFactory (ContainerPlacementPolicyFactory.java:getPolicyInternal(86)) - Create container placement policy of type org.apache.hadoop.hdds.scm.container.placement.algorithms.SCMContainerPlacementRandom
2022-09-28 15:54:45,435 [Listener at 127.0.0.1/42319] INFO  algorithms.ContainerPlacementPolicyFactory (ContainerPlacementPolicyFactory.java:getPolicyInternal(86)) - Create container placement policy of type org.apache.hadoop.hdds.scm.container.placement.algorithms.SCMContainerPlacementRackScatter
2022-09-28 15:54:45,435 [Listener at 127.0.0.1/42319] INFO  pipeline.PipelineStateManagerImpl (PipelineStateManagerImpl.java:initialize(78)) - No pipeline exists in current db
2022-09-28 15:54:45,435 [Listener at 127.0.0.1/42319] INFO  algorithms.LeaderChoosePolicyFactory (LeaderChoosePolicyFactory.java:getPolicy(57)) - Create leader choose policy of type org.apache.hadoop.hdds.scm.pipeline.leader.choose.algorithms.MinLeaderCountChoosePolicy
2022-09-28 15:54:45,435 [Listener at 127.0.0.1/42319] INFO  algorithms.ContainerPlacementPolicyFactory (ContainerPlacementPolicyFactory.java:getPolicyInternal(86)) - Create container placement policy of type org.apache.hadoop.hdds.scm.container.placement.algorithms.SCMContainerPlacementRackScatter
2022-09-28 15:54:45,436 [Listener at 127.0.0.1/42319] INFO  ha.SCMServiceManager (SCMServiceManager.java:register(42)) - Registering service BackgroundPipelineCreator.
2022-09-28 15:54:45,436 [Listener at 127.0.0.1/42319] INFO  pipeline.BackgroundPipelineCreator (BackgroundPipelineCreator.java:start(124)) - Starting RatisPipelineUtilsThread.
2022-09-28 15:54:45,469 [Listener at 127.0.0.1/42319] INFO  BackgroundPipelineScrubber (BackgroundSCMService.java:start(68)) - Starting BackgroundPipelineScrubber Service.
2022-09-28 15:54:45,471 [Listener at 127.0.0.1/42319] INFO  ha.SCMServiceManager (SCMServiceManager.java:register(42)) - Registering service BackgroundPipelineScrubber.
2022-09-28 15:54:45,471 [Listener at 127.0.0.1/42319] INFO  ExpiredContainerReplicaOpScrubber (BackgroundSCMService.java:start(68)) - Starting ExpiredContainerReplicaOpScrubber Service.
2022-09-28 15:54:45,471 [Listener at 127.0.0.1/42319] INFO  ha.SCMServiceManager (SCMServiceManager.java:register(42)) - Registering service ExpiredContainerReplicaOpScrubber.
2022-09-28 15:54:45,472 [Listener at 127.0.0.1/42319] INFO  algorithms.PipelineChoosePolicyFactory (PipelineChoosePolicyFactory.java:createPipelineChoosePolicyFromClass(73)) - Create pipeline choose policy of type org.apache.hadoop.hdds.scm.pipeline.choose.algorithms.RandomPipelineChoosePolicy
2022-09-28 15:54:45,473 [Listener at 127.0.0.1/42319] INFO  ha.SCMServiceManager (SCMServiceManager.java:register(42)) - Registering service SCMBlockDeletingService.
2022-09-28 15:54:45,473 [Listener at 127.0.0.1/42319] INFO  replication.ReplicationManager (ReplicationManager.java:start(221)) - Starting Replication Monitor Thread.
2022-09-28 15:54:45,474 [Listener at 127.0.0.1/42319] INFO  ha.SCMServiceManager (SCMServiceManager.java:register(42)) - Registering service ReplicationManager.
2022-09-28 15:54:45,475 [Listener at 127.0.0.1/42319] INFO  safemode.ContainerSafeModeRule (ContainerSafeModeRule.java:<init>(89)) - containers with one replica threshold count 0
2022-09-28 15:54:45,475 [ReplicationMonitor] INFO  replication.ReplicationManager (ReplicationManager.java:processAll(289)) - Replication Manager is not ready to run until 3000ms after safemode exit
2022-09-28 15:54:45,491 [Listener at 127.0.0.1/42319] INFO  safemode.HealthyPipelineSafeModeRule (HealthyPipelineSafeModeRule.java:initializeRule(169)) - Total pipeline count is 0, healthy pipeline threshold count is 1
2022-09-28 15:54:45,492 [Listener at 127.0.0.1/42319] INFO  safemode.OneReplicaPipelineSafeModeRule (OneReplicaPipelineSafeModeRule.java:initializeRule(180)) - Total pipeline count is 0, pipeline's with at least one datanode reported threshold count is 0
2022-09-28 15:54:45,492 [Listener at 127.0.0.1/42319] INFO  ipc.CallQueueManager (CallQueueManager.java:<init>(90)) - Using callQueue: class java.util.concurrent.LinkedBlockingQueue, queueCapacity: 2000, scheduler: class org.apache.hadoop.ipc.DefaultRpcScheduler, ipcBackoff: false.
2022-09-28 15:54:45,511 [Socket Reader #1 for port 0] INFO  ipc.Server (Server.java:run(1265)) - Starting Socket Reader #1 for port 0
2022-09-28 15:54:45,517 [Listener at 0.0.0.0/43585] INFO  ipc.CallQueueManager (CallQueueManager.java:<init>(90)) - Using callQueue: class java.util.concurrent.LinkedBlockingQueue, queueCapacity: 2000, scheduler: class org.apache.hadoop.ipc.DefaultRpcScheduler, ipcBackoff: false.
2022-09-28 15:54:45,519 [Socket Reader #1 for port 0] INFO  ipc.Server (Server.java:run(1265)) - Starting Socket Reader #1 for port 0
2022-09-28 15:54:45,519 [Listener at 0.0.0.0/37715] INFO  ipc.CallQueueManager (CallQueueManager.java:<init>(90)) - Using callQueue: class java.util.concurrent.LinkedBlockingQueue, queueCapacity: 2000, scheduler: class org.apache.hadoop.ipc.DefaultRpcScheduler, ipcBackoff: false.
2022-09-28 15:54:45,531 [Socket Reader #1 for port 0] INFO  ipc.Server (Server.java:run(1265)) - Starting Socket Reader #1 for port 0
2022-09-28 15:54:45,574 [Listener at 0.0.0.0/44051] INFO  ha.SCMServiceManager (SCMServiceManager.java:register(42)) - Registering service ContainerBalancer.
2022-09-28 15:54:45,574 [Listener at 0.0.0.0/44051] INFO  server.StorageContainerManager (StorageContainerManager.java:<init>(410)) - 
Container Balancer status:
Key                            Value
Running                        false
Container Balancer Configuration values:
Key                                                Value
Threshold                                          10
Max Datanodes to Involve per Iteration(percent)    20
Max Size to Move per Iteration                     500GB
Max Size Entering Target per Iteration             26GB
Max Size Leaving Source per Iteration              26GB

2022-09-28 15:54:45,574 [Listener at 0.0.0.0/44051] WARN  events.EventQueue (EventQueue.java:fireEvent(216)) - No event handler registered for event TypedEvent{payloadType=SafeModeStatus, name='Safe mode status'}
2022-09-28 15:54:45,574 [Listener at 0.0.0.0/44051] INFO  ha.SCMContext (SCMContext.java:updateSafeModeStatus(228)) - Update SafeModeStatus from SafeModeStatus{safeModeStatus=true, preCheckPassed=false} to SafeModeStatus{safeModeStatus=true, preCheckPassed=false}.
2022-09-28 15:54:45,580 [Listener at 0.0.0.0/44051] INFO  server.StorageContainerManager (StorageContainerManager.java:start(1436)) - StorageContainerLocationProtocol RPC server is listening at /0.0.0.0:44051
2022-09-28 15:54:45,582 [Listener at 0.0.0.0/44051] WARN  impl.MetricsConfig (MetricsConfig.java:loadFirst(136)) - Cannot locate configuration: tried hadoop-metrics2-storagecontainermanager.properties,hadoop-metrics2.properties
2022-09-28 15:54:45,582 [Listener at 0.0.0.0/44051] INFO  impl.MetricsSystemImpl (MetricsSystemImpl.java:startTimer(378)) - Scheduled Metric snapshot period at 10 second(s).
2022-09-28 15:54:45,582 [Listener at 0.0.0.0/44051] INFO  impl.MetricsSystemImpl (MetricsSystemImpl.java:start(191)) - StorageContainerManager metrics system started
2022-09-28 15:54:45,651 [Listener at 0.0.0.0/44051] INFO  impl.MetricsSinkAdapter (MetricsSinkAdapter.java:start(204)) - Sink prometheus started
2022-09-28 15:54:45,651 [Listener at 0.0.0.0/44051] INFO  impl.MetricsSystemImpl (MetricsSystemImpl.java:registerSink(305)) - Registered sink prometheus
2022-09-28 15:54:45,723 [Listener at 0.0.0.0/44051] INFO  server.SCMClientProtocolServer (SCMClientProtocolServer.java:start(170)) - RPC server for Client  is listening at /0.0.0.0:44051
2022-09-28 15:54:45,745 [IPC Server Responder] INFO  ipc.Server (Server.java:run(1507)) - IPC Server Responder: starting
2022-09-28 15:54:45,765 [Listener at 0.0.0.0/44051] INFO  server.StorageContainerManager (StorageContainerManager.java:start(1451)) - ScmBlockLocationProtocol RPC server is listening at /0.0.0.0:37715
2022-09-28 15:54:45,775 [Listener at 0.0.0.0/44051] INFO  server.SCMBlockProtocolServer (SCMBlockProtocolServer.java:start(152)) - RPC server for Block Protocol is listening at /0.0.0.0:37715
2022-09-28 15:54:45,758 [IPC Server listener on 0] INFO  ipc.Server (Server.java:run(1344)) - IPC Server listener on 0: starting
2022-09-28 15:54:45,779 [IPC Server Responder] INFO  ipc.Server (Server.java:run(1507)) - IPC Server Responder: starting
2022-09-28 15:54:45,787 [IPC Server listener on 0] INFO  ipc.Server (Server.java:run(1344)) - IPC Server listener on 0: starting
2022-09-28 15:54:45,789 [Listener at 0.0.0.0/44051] INFO  server.SCMDatanodeProtocolServer (SCMDatanodeProtocolServer.java:start(186)) - ScmDatanodeProtocol RPC server for DataNodes is listening at /0.0.0.0:43585
2022-09-28 15:54:45,790 [IPC Server Responder] INFO  ipc.Server (Server.java:run(1507)) - IPC Server Responder: starting
2022-09-28 15:54:45,790 [IPC Server listener on 0] INFO  ipc.Server (Server.java:run(1344)) - IPC Server listener on 0: starting
2022-09-28 15:54:45,831 [org.apache.hadoop.util.JvmPauseMonitor$Monitor@75b12f19] INFO  util.JvmPauseMonitor (JvmPauseMonitor.java:run(188)) - Starting JVM pause monitor
2022-09-28 15:54:45,838 [Listener at 0.0.0.0/44051] INFO  http.BaseHttpServer (BaseHttpServer.java:newHttpServer2BuilderForOzone(213)) - Starting Web-server for scm at: http://0.0.0.0:0
2022-09-28 15:54:45,838 [Listener at 0.0.0.0/44051] INFO  http.BaseHttpServer (BaseHttpServer.java:<init>(108)) - Hadoop Security Enabled: false Ozone Security Enabled: false Ozone HTTP Security Enabled: false 
2022-09-28 15:54:45,839 [Listener at 0.0.0.0/44051] INFO  server.AuthenticationFilter (AuthenticationFilter.java:constructSecretProvider(240)) - Unable to initialize FileSignerSecretProvider, falling back to use random secrets.
2022-09-28 15:54:45,851 [Listener at 0.0.0.0/44051] WARN  http.HttpRequestLog (HttpRequestLog.java:getRequestLog(103)) - Jetty request log can only be enabled using Log4j
2022-09-28 15:54:45,852 [Listener at 0.0.0.0/44051] INFO  http.HttpServer2 (HttpServer2.java:addGlobalFilter(1029)) - Added global filter 'safety' (class=org.apache.hadoop.hdds.server.http.HttpServer2$QuotingInputFilter)
2022-09-28 15:54:45,853 [Listener at 0.0.0.0/44051] INFO  http.HttpServer2 (HttpServer2.java:addFilter(1005)) - Added filter static_user_filter (class=org.apache.hadoop.http.lib.StaticUserWebFilter$StaticUserFilter) to context scm
2022-09-28 15:54:45,853 [Listener at 0.0.0.0/44051] INFO  http.HttpServer2 (HttpServer2.java:addFilter(1013)) - Added filter static_user_filter (class=org.apache.hadoop.http.lib.StaticUserWebFilter$StaticUserFilter) to context logs
2022-09-28 15:54:45,853 [Listener at 0.0.0.0/44051] INFO  http.HttpServer2 (HttpServer2.java:addFilter(1013)) - Added filter static_user_filter (class=org.apache.hadoop.http.lib.StaticUserWebFilter$StaticUserFilter) to context static
2022-09-28 15:54:45,853 [Listener at 0.0.0.0/44051] INFO  http.HttpServer2 (HttpServer2.java:bindListener(1248)) - Jetty bound to port 42033
2022-09-28 15:54:45,854 [Listener at 0.0.0.0/44051] INFO  server.Server (Server.java:doStart(375)) - jetty-9.4.43.v20210629; built: 2021-06-30T11:07:22.254Z; git: 526006ecfa3af7f1a27ef3a288e2bef7ea9dd7e8; jvm 1.8.0_345-b01
2022-09-28 15:54:45,898 [Listener at 0.0.0.0/44051] INFO  server.session (DefaultSessionIdManager.java:doStart(334)) - DefaultSessionIdManager workerName=node0
2022-09-28 15:54:45,898 [Listener at 0.0.0.0/44051] INFO  server.session (DefaultSessionIdManager.java:doStart(339)) - No SessionScavenger set, using defaults
2022-09-28 15:54:45,898 [Listener at 0.0.0.0/44051] INFO  server.session (HouseKeeper.java:startScavenging(132)) - node0 Scavenging every 660000ms
2022-09-28 15:54:45,899 [Listener at 0.0.0.0/44051] INFO  handler.ContextHandler (ContextHandler.java:doStart(915)) - Started o.e.j.s.ServletContextHandler@70be38b8{logs,/logs,file:///home/runner/work/ozone/ozone/hadoop-ozone/integration-test/target/log,AVAILABLE}
2022-09-28 15:54:45,899 [Listener at 0.0.0.0/44051] INFO  handler.ContextHandler (ContextHandler.java:doStart(915)) - Started o.e.j.s.ServletContextHandler@62ef1703{static,/static,file:///home/runner/work/ozone/ozone/hadoop-ozone/integration-test/target/test-classes/webapps/static,AVAILABLE}
2022-09-28 15:54:45,902 [Listener at 0.0.0.0/44051] INFO  handler.ContextHandler (ContextHandler.java:doStart(915)) - Started o.e.j.w.WebAppContext@2b20e1ea{scm,/,file:///home/runner/work/ozone/ozone/hadoop-ozone/integration-test/target/test-classes/webapps/scm/,AVAILABLE}{file:/home/runner/work/ozone/ozone/hadoop-ozone/integration-test/target/test-classes/webapps/scm}
2022-09-28 15:54:45,915 [Listener at 0.0.0.0/44051] INFO  server.AbstractConnector (AbstractConnector.java:doStart(331)) - Started ServerConnector@2260f06e{HTTP/1.1, (http/1.1)}{0.0.0.0:42033}
2022-09-28 15:54:45,915 [Listener at 0.0.0.0/44051] INFO  server.Server (Server.java:doStart(415)) - Started @190104ms
2022-09-28 15:54:45,916 [Listener at 0.0.0.0/44051] WARN  impl.MetricsSystemImpl (MetricsSystemImpl.java:register(279)) - Sink prometheus already exists!
2022-09-28 15:54:45,916 [Listener at 0.0.0.0/44051] INFO  http.BaseHttpServer (BaseHttpServer.java:updateConnectorAddress(333)) - HTTP server of scm listening at http://0.0.0.0:42033
2022-09-28 15:54:45,916 [Listener at 0.0.0.0/44051] WARN  server.ServerUtils (ServerUtils.java:getDBPath(225)) - ozone.om.db.dirs is not configured. We recommend adding this setting. Falling back to ozone.metadata.dirs instead.
2022-09-28 15:54:45,918 [Listener at 0.0.0.0/44051] INFO  ha.OMHANodeDetails (OMHANodeDetails.java:loadOMHAConfig(115)) - ozone.om.internal.service.id is not defined, falling back to ozone.om.service.ids to find serviceID for OzoneManager if it is HA enabled cluster
2022-09-28 15:54:45,918 [Listener at 0.0.0.0/44051] INFO  ha.OMHANodeDetails (OMHANodeDetails.java:loadOMHAConfig(226)) - Configuration does not have ozone.om.address set. Falling back to the default OM address /127.0.0.1:0
2022-09-28 15:54:45,918 [Listener at 0.0.0.0/44051] INFO  ha.OMHANodeDetails (OMHANodeDetails.java:getOMNodeDetailsForNonHA(254)) - OM Service ID is not set. Setting it to the default ID: omServiceIdDefault
2022-09-28 15:54:45,919 [Listener at 0.0.0.0/44051] INFO  ha.OMHANodeDetails (OMHANodeDetails.java:getOMNodeDetailsForNonHA(261)) - OM Node ID is not set. Setting it to the default ID: om1
2022-09-28 15:54:45,919 [Listener at 0.0.0.0/44051] WARN  server.ServerUtils (ServerUtils.java:getDBPath(225)) - ozone.om.db.dirs is not configured. We recommend adding this setting. Falling back to ozone.metadata.dirs instead.
2022-09-28 15:54:45,919 [Listener at 0.0.0.0/44051] INFO  upgrade.AbstractLayoutVersionManager (AbstractLayoutVersionManager.java:init(83)) - Initializing Layout version manager with metadata layout = MULTITENANCY_SCHEMA (version = 3), software layout = MULTITENANCY_SCHEMA (version = 3)
2022-09-28 15:54:46,159 [Listener at 0.0.0.0/44051] INFO  reflections.Reflections (Reflections.java:scan(232)) - Reflections took 239 ms to scan 2 urls, producing 153 keys and 427 values [using 2 cores]
2022-09-28 15:54:46,160 [Listener at 0.0.0.0/44051] INFO  upgrade.OMLayoutVersionManager (OMLayoutVersionManager.java:lambda$0(115)) - Skipping Upgrade Action MockOmUpgradeAction since it has been finalized.
2022-09-28 15:54:46,160 [Listener at 0.0.0.0/44051] WARN  server.ServerUtils (ServerUtils.java:getDBPath(225)) - ozone.om.db.dirs is not configured. We recommend adding this setting. Falling back to ozone.metadata.dirs instead.
2022-09-28 15:54:46,161 [Listener at 0.0.0.0/44051] INFO  proxy.SCMBlockLocationFailoverProxyProvider (SCMBlockLocationFailoverProxyProvider.java:<init>(114)) - Created block location fail-over proxy with 1 nodes: [nodeId=scmNodeId,nodeAddress=/0.0.0.0:37715]
2022-09-28 15:54:46,162 [Listener at 0.0.0.0/44051] INFO  proxy.SCMBlockLocationFailoverProxyProvider (SCMBlockLocationFailoverProxyProvider.java:<init>(114)) - Created block location fail-over proxy with 1 nodes: [nodeId=scmNodeId,nodeAddress=/0.0.0.0:37715]
2022-09-28 15:54:46,216 [Listener at 0.0.0.0/44051] WARN  server.ServerUtils (ServerUtils.java:getDBPath(225)) - ozone.om.db.dirs is not configured. We recommend adding this setting. Falling back to ozone.metadata.dirs instead.
2022-09-28 15:54:46,216 [Listener at 0.0.0.0/44051] INFO  codec.OmKeyInfoCodec (OmKeyInfoCodec.java:<init>(49)) - OmKeyInfoCodec ignorePipeline = true
2022-09-28 15:54:46,216 [Listener at 0.0.0.0/44051] INFO  codec.RepeatedOmKeyInfoCodec (RepeatedOmKeyInfoCodec.java:<init>(41)) - RepeatedOmKeyInfoCodec ignorePipeline = true
2022-09-28 15:54:46,570 [Listener at 0.0.0.0/44051] INFO  om.OzoneManager (OzoneManager.java:instantiateServices(709)) - S3 Multi-Tenancy is disabled
2022-09-28 15:54:46,574 [Listener at 0.0.0.0/44051] INFO  om.OzoneManager (OzoneManager.java:addS3GVolumeToDB(4324)) - Created Volume s3v With Owner runner required for S3Gateway operations.
2022-09-28 15:54:46,574 [Listener at 0.0.0.0/44051] WARN  server.ServerUtils (ServerUtils.java:getDefaultRatisDirectory(237)) - Storage directory for Ratis is not configured. It is a good idea to map this to an SSD disk. Falling back to ozone.metadata.dirs
2022-09-28 15:54:46,574 [Listener at 0.0.0.0/44051] WARN  utils.OzoneManagerRatisUtils (OzoneManagerRatisUtils.java:getOMRatisSnapshotDirectory(434)) - ozone.om.ratis.snapshot.dir is not configured. Falling back to ozone.metadata.dirs config
2022-09-28 15:54:46,575 [Listener at 0.0.0.0/44051] WARN  server.ServerUtils (ServerUtils.java:getDefaultRatisDirectory(237)) - Storage directory for Ratis is not configured. It is a good idea to map this to an SSD disk. Falling back to ozone.metadata.dirs
2022-09-28 15:54:46,575 [Listener at 0.0.0.0/44051] INFO  ratis.OzoneManagerRatisServer (OzoneManagerRatisServer.java:<init>(160)) - Instantiating OM Ratis server with groupID: omServiceIdDefault and peers: localhost:9872
2022-09-28 15:54:46,576 [Listener at 0.0.0.0/44051] INFO  ratis.OzoneManagerStateMachine (OzoneManagerStateMachine.java:loadSnapshotInfoFromDB(632)) - LastAppliedIndex is set from TransactionInfo from OM DB as (t:0, i:~)
2022-09-28 15:54:46,599 [Listener at 0.0.0.0/44051] INFO  server.RaftServer (ConfUtils.java:logGet(46)) - raft.rpc.type = GRPC (default)
2022-09-28 15:54:46,599 [Listener at 0.0.0.0/44051] INFO  grpc.GrpcFactory (GrpcFactory.java:checkPooledByteBufAllocatorUseCacheForAllThreads(48)) - PERFORMANCE WARNING: useCacheForAllThreads is true that may cause Netty to create a lot garbage objects and, as a result, trigger GC.
	It is recommended to disable useCacheForAllThreads by setting -Dorg.apache.ratis.thirdparty.io.netty.allocator.useCacheForAllThreads=false in command line.
2022-09-28 15:54:46,599 [Listener at 0.0.0.0/44051] INFO  grpc.GrpcConfigKeys (ConfUtils.java:logGet(46)) - raft.grpc.admin.port = -1 (default)
2022-09-28 15:54:46,599 [Listener at 0.0.0.0/44051] INFO  grpc.GrpcConfigKeys (ConfUtils.java:logGet(46)) - raft.grpc.server.port = 9872 (custom)
2022-09-28 15:54:46,599 [Listener at 0.0.0.0/44051] INFO  grpc.GrpcConfigKeys (ConfUtils.java:logGet(46)) - raft.grpc.client.port = -1 (default)
2022-09-28 15:54:46,599 [Listener at 0.0.0.0/44051] INFO  grpc.GrpcConfigKeys (ConfUtils.java:logGet(46)) - raft.grpc.server.port = 9872 (custom)
2022-09-28 15:54:46,599 [Listener at 0.0.0.0/44051] INFO  grpc.GrpcConfigKeys (ConfUtils.java:logGet(46)) - raft.grpc.server.port = 9872 (custom)
2022-09-28 15:54:46,599 [Listener at 0.0.0.0/44051] INFO  server.GrpcService (ConfUtils.java:logGet(46)) - raft.grpc.message.size.max = 33554432 (custom)
2022-09-28 15:54:46,599 [Listener at 0.0.0.0/44051] INFO  server.RaftServerConfigKeys (ConfUtils.java:logGet(46)) - raft.server.log.appender.buffer.byte-limit = 33554432 (custom)
2022-09-28 15:54:46,600 [Listener at 0.0.0.0/44051] INFO  server.GrpcService (ConfUtils.java:logGet(46)) - raft.grpc.flow.control.window = 1MB (=1048576) (default)
2022-09-28 15:54:46,600 [Listener at 0.0.0.0/44051] INFO  server.RaftServerConfigKeys (ConfUtils.java:logGet(46)) - raft.server.rpc.request.timeout = 3000ms (default)
2022-09-28 15:54:46,600 [Listener at 0.0.0.0/44051] INFO  grpc.GrpcConfigKeys (ConfUtils.java:logGet(46)) - raft.grpc.server.async.request.thread.pool.cached = true (default)
2022-09-28 15:54:46,600 [Listener at 0.0.0.0/44051] INFO  grpc.GrpcConfigKeys (ConfUtils.java:logGet(46)) - raft.grpc.server.async.request.thread.pool.size = 32 (default)
2022-09-28 15:54:46,601 [Listener at 0.0.0.0/44051] INFO  impl.DataStreamServerImpl (ConfUtils.java:logGet(46)) - raft.datastream.type = DISABLED (default)
2022-09-28 15:54:46,601 [Listener at 0.0.0.0/44051] INFO  server.RaftServerConfigKeys (ConfUtils.java:logGet(46)) - raft.server.threadpool.proxy.cached = true (default)
2022-09-28 15:54:46,601 [Listener at 0.0.0.0/44051] INFO  server.RaftServerConfigKeys (ConfUtils.java:logGet(46)) - raft.server.threadpool.proxy.size = 0 (default)
2022-09-28 15:54:46,602 [Listener at 0.0.0.0/44051] INFO  server.RaftServerConfigKeys (ConfUtils.java:logGet(46)) - raft.server.rpc.slowness.timeout = 120s (custom)
2022-09-28 15:54:46,602 [Listener at 0.0.0.0/44051] INFO  server.RaftServerConfigKeys (ConfUtils.java:logGet(46)) - raft.server.leaderelection.leader.step-down.wait-time = 10s (default)
2022-09-28 15:54:46,602 [Listener at 0.0.0.0/44051] INFO  server.RaftServerConfigKeys (ConfUtils.java:logGet(46)) - raft.server.storage.dir = [/home/runner/work/ozone/ozone/hadoop-ozone/integration-test/target/test-dir/MiniOzoneClusterImpl-aff298ea-5285-4275-affb-2c33fd00777e/ozone-meta/ratis] (custom)
2022-09-28 15:54:46,603 [Listener at 0.0.0.0/44051] INFO  server.RaftServer (RaftServerProxy.java:addNew(96)) - om1: addNew group-C5BA1605619E:[om1|rpc:localhost:9872|priority:0] returns group-C5BA1605619E:java.util.concurrent.CompletableFuture@5d1d8c96[Not completed]
2022-09-28 15:54:46,603 [Listener at 0.0.0.0/44051] INFO  om.OzoneManager (OzoneManager.java:initializeRatisServer(1976)) - OzoneManager Ratis server initialized at port 9872
2022-09-28 15:54:46,604 [Listener at 0.0.0.0/44051] INFO  om.OzoneManager (OzoneManager.java:getRpcServer(1099)) - Creating RPC Server
2022-09-28 15:54:46,611 [pool-540-thread-1] INFO  server.RaftServer$Division (RaftServerImpl.java:<init>(190)) - om1: new RaftServerImpl for group-C5BA1605619E:[om1|rpc:localhost:9872|priority:0] with OzoneManagerStateMachine:uninitialized
2022-09-28 15:54:46,611 [pool-540-thread-1] INFO  server.RaftServerConfigKeys (ConfUtils.java:logGet(46)) - raft.server.rpc.timeout.min = 1s (custom)
2022-09-28 15:54:46,611 [pool-540-thread-1] INFO  server.RaftServerConfigKeys (ConfUtils.java:logGet(46)) - raft.server.rpc.timeout.max = 1200ms (custom)
2022-09-28 15:54:46,611 [pool-540-thread-1] INFO  server.RaftServerConfigKeys (ConfUtils.java:logGet(46)) - raft.server.rpc.sleep.time = 25ms (default)
2022-09-28 15:54:46,611 [pool-540-thread-1] INFO  server.RaftServerConfigKeys (ConfUtils.java:logGet(46)) - raft.server.rpc.slowness.timeout = 120s (custom)
2022-09-28 15:54:46,611 [pool-540-thread-1] INFO  server.RaftServerConfigKeys (ConfUtils.java:logGet(46)) - raft.server.leaderelection.leader.step-down.wait-time = 10s (default)
2022-09-28 15:54:46,611 [pool-540-thread-1] INFO  server.RaftServerConfigKeys (ConfUtils.java:logGet(46)) - raft.server.sleep.deviation.threshold = 300ms (default)
2022-09-28 15:54:46,611 [pool-540-thread-1] INFO  server.RaftServer$Division (ServerState.java:<init>(107)) - om1@group-C5BA1605619E: ConfigurationManager, init=-1: [om1|rpc:localhost:9872|priority:0], old=null, confs=<EMPTY_MAP>
2022-09-28 15:54:46,611 [pool-540-thread-1] INFO  server.RaftServerConfigKeys (ConfUtils.java:logGet(46)) - raft.server.storage.dir = [/home/runner/work/ozone/ozone/hadoop-ozone/integration-test/target/test-dir/MiniOzoneClusterImpl-aff298ea-5285-4275-affb-2c33fd00777e/ozone-meta/ratis] (custom)
2022-09-28 15:54:46,611 [pool-540-thread-1] INFO  server.RaftServerConfigKeys (ConfUtils.java:logGet(46)) - raft.server.log.corruption.policy = EXCEPTION (default)
2022-09-28 15:54:46,611 [pool-540-thread-1] INFO  server.RaftServerConfigKeys (ConfUtils.java:logGet(46)) - raft.server.storage.free-space.min = 0MB (=0) (default)
2022-09-28 15:54:46,611 [pool-540-thread-1] INFO  storage.RaftStorageDirectory (RaftStorageDirectoryImpl.java:analyzeStorage(135)) - The storage directory /home/runner/work/ozone/ozone/hadoop-ozone/integration-test/target/test-dir/MiniOzoneClusterImpl-aff298ea-5285-4275-affb-2c33fd00777e/ozone-meta/ratis/bf265839-605b-3f16-9796-c5ba1605619e does not exist. Creating ...
2022-09-28 15:54:46,613 [pool-540-thread-1] INFO  storage.RaftStorageDirectory (RaftStorageDirectoryImpl.java:tryLock(230)) - Lock on /home/runner/work/ozone/ozone/hadoop-ozone/integration-test/target/test-dir/MiniOzoneClusterImpl-aff298ea-5285-4275-affb-2c33fd00777e/ozone-meta/ratis/bf265839-605b-3f16-9796-c5ba1605619e/in_use.lock acquired by nodename 13127@fv-az203-824
2022-09-28 15:54:46,614 [pool-540-thread-1] INFO  storage.RaftStorage (RaftStorageImpl.java:format(89)) - Storage directory /home/runner/work/ozone/ozone/hadoop-ozone/integration-test/target/test-dir/MiniOzoneClusterImpl-aff298ea-5285-4275-affb-2c33fd00777e/ozone-meta/ratis/bf265839-605b-3f16-9796-c5ba1605619e has been successfully formatted.
2022-09-28 15:54:46,614 [pool-540-thread-1] INFO  server.RaftServerConfigKeys (ConfUtils.java:logGet(46)) - raft.server.notification.no-leader.timeout = 120s (custom)
2022-09-28 15:54:46,614 [pool-540-thread-1] INFO  server.RaftServerConfigKeys (ConfUtils.java:logGet(46)) - raft.server.log.use.memory = false (default)
2022-09-28 15:54:46,614 [pool-540-thread-1] INFO  server.RaftServerConfigKeys (ConfUtils.java:logGet(46)) - raft.server.log.purge.gap = 1000000 (custom)
2022-09-28 15:54:46,614 [pool-540-thread-1] INFO  server.RaftServerConfigKeys (ConfUtils.java:logGet(46)) - raft.server.log.appender.buffer.byte-limit = 33554432 (custom)
2022-09-28 15:54:46,614 [pool-540-thread-1] INFO  server.RaftServerConfigKeys (ConfUtils.java:logGet(46)) - raft.server.log.statemachine.data.read.timeout = 1000ms (default)
2022-09-28 15:54:46,614 [pool-540-thread-1] INFO  server.RaftServerConfigKeys (ConfUtils.java:logGet(46)) - raft.server.log.segment.size.max = 4194304 (custom)
2022-09-28 15:54:46,615 [pool-540-thread-1] INFO  server.RaftServerConfigKeys (ConfUtils.java:logGet(46)) - raft.server.log.segment.cache.num.max = 2 (custom)
2022-09-28 15:54:46,615 [pool-540-thread-1] INFO  server.RaftServerConfigKeys (ConfUtils.java:logGet(46)) - raft.server.log.segment.cache.size.max = 200MB (=209715200) (default)
2022-09-28 15:54:46,615 [pool-540-thread-1] INFO  segmented.SegmentedRaftLogWorker (SegmentedRaftLogWorker.java:<init>(187)) - new om1@group-C5BA1605619E-SegmentedRaftLogWorker for RaftStorageImpl:Storage Directory /home/runner/work/ozone/ozone/hadoop-ozone/integration-test/target/test-dir/MiniOzoneClusterImpl-aff298ea-5285-4275-affb-2c33fd00777e/ozone-meta/ratis/bf265839-605b-3f16-9796-c5ba1605619e
2022-09-28 15:54:46,615 [pool-540-thread-1] INFO  server.RaftServerConfigKeys (ConfUtils.java:logGet(46)) - raft.server.log.queue.byte-limit = 64MB (=67108864) (default)
2022-09-28 15:54:46,615 [pool-540-thread-1] INFO  server.RaftServerConfigKeys (ConfUtils.java:logGet(46)) - raft.server.log.queue.element-limit = 4096 (default)
2022-09-28 15:54:46,615 [pool-540-thread-1] INFO  server.RaftServerConfigKeys (ConfUtils.java:logGet(46)) - raft.server.log.segment.size.max = 4194304 (custom)
2022-09-28 15:54:46,615 [pool-540-thread-1] INFO  server.RaftServerConfigKeys (ConfUtils.java:logGet(46)) - raft.server.log.preallocated.size = 4194304 (custom)
2022-09-28 15:54:46,615 [pool-540-thread-1] INFO  server.RaftServerConfigKeys (ConfUtils.java:logGet(46)) - raft.server.log.force.sync.num = 128 (default)
2022-09-28 15:54:46,615 [pool-540-thread-1] INFO  server.RaftServerConfigKeys (ConfUtils.java:logGet(46)) - raft.server.log.statemachine.data.sync = true (default)
2022-09-28 15:54:46,615 [pool-540-thread-1] INFO  server.RaftServerConfigKeys (ConfUtils.java:logGet(46)) - raft.server.log.statemachine.data.sync.timeout = 10s (default)
2022-09-28 15:54:46,615 [pool-540-thread-1] INFO  server.RaftServerConfigKeys (ConfUtils.java:logGet(46)) - raft.server.log.statemachine.data.sync.timeout.retry = -1 (default)
2022-09-28 15:54:46,619 [pool-540-thread-1] INFO  server.RaftServerConfigKeys (ConfUtils.java:logGet(46)) - raft.server.log.write.buffer.size = 64KB (=65536) (default)
2022-09-28 15:54:46,619 [pool-540-thread-1] INFO  server.RaftServerConfigKeys (ConfUtils.java:logGet(46)) - raft.server.log.unsafe-flush.enabled = false (default)
2022-09-28 15:54:46,619 [pool-540-thread-1] INFO  server.RaftServerConfigKeys (ConfUtils.java:logGet(46)) - raft.server.log.statemachine.data.caching.enabled = false (default)
2022-09-28 15:54:46,620 [pool-540-thread-1] INFO  segmented.SegmentedRaftLogWorker (SegmentedRaftLogWorker.java:lambda$new$0(135)) - om1@group-C5BA1605619E-SegmentedRaftLogWorker: flushIndex: setUnconditionally 0 -> -1
2022-09-28 15:54:46,620 [pool-540-thread-1] INFO  segmented.SegmentedRaftLogWorker (SegmentedRaftLogWorker.java:lambda$new$0(135)) - om1@group-C5BA1605619E-SegmentedRaftLogWorker: safeCacheEvictIndex: setUnconditionally 0 -> -1
2022-09-28 15:54:46,623 [pool-540-thread-1] INFO  server.RaftServerConfigKeys (ConfUtils.java:logGet(46)) - raft.server.snapshot.auto.trigger.enabled = true (custom)
2022-09-28 15:54:46,623 [pool-540-thread-1] INFO  server.RaftServerConfigKeys (ConfUtils.java:logGet(46)) - raft.server.snapshot.auto.trigger.threshold = 400000 (default)
2022-09-28 15:54:46,623 [pool-540-thread-1] INFO  server.RaftServerConfigKeys (ConfUtils.java:logGet(46)) - raft.server.snapshot.retention.file.num = -1 (default)
2022-09-28 15:54:46,623 [pool-540-thread-1] INFO  server.RaftServerConfigKeys (ConfUtils.java:logGet(46)) - raft.server.log.purge.upto.snapshot.index = true (custom)
2022-09-28 15:54:46,623 [pool-540-thread-1] INFO  server.RaftServerConfigKeys (ConfUtils.java:logGet(46)) - raft.server.retrycache.expirytime = 300s (custom)
2022-09-28 15:54:46,623 [pool-540-thread-1] INFO  server.RaftServerConfigKeys (ConfUtils.java:logGet(46)) - raft.server.retrycache.statistics.expirytime = 100μs (default)
2022-09-28 15:54:46,624 [pool-540-thread-1] INFO  server.RaftServerConfigKeys (ConfUtils.java:logGet(46)) - raft.server.log.appender.install.snapshot.enabled = false (custom)
2022-09-28 15:54:46,624 [pool-540-thread-1] INFO  server.RaftServerConfigKeys (ConfUtils.java:logGet(46)) - raft.server.threadpool.server.cached = true (default)
2022-09-28 15:54:46,624 [pool-540-thread-1] INFO  server.RaftServerConfigKeys (ConfUtils.java:logGet(46)) - raft.server.threadpool.server.size = 0 (default)
2022-09-28 15:54:46,624 [pool-540-thread-1] INFO  server.RaftServerConfigKeys (ConfUtils.java:logGet(46)) - raft.server.threadpool.client.cached = true (default)
2022-09-28 15:54:46,624 [pool-540-thread-1] INFO  server.RaftServerConfigKeys (ConfUtils.java:logGet(46)) - raft.server.threadpool.client.size = 0 (default)
2022-09-28 15:54:47,801 [Listener at 0.0.0.0/44051] INFO  reflections.Reflections (Reflections.java:scan(232)) - Reflections took 1197 ms to scan 19 urls, producing 67 keys and 4204 values [using 2 cores]
2022-09-28 15:54:47,809 [Listener at 0.0.0.0/44051] INFO  ipc.CallQueueManager (CallQueueManager.java:<init>(90)) - Using callQueue: class java.util.concurrent.LinkedBlockingQueue, queueCapacity: 2000, scheduler: class org.apache.hadoop.ipc.DefaultRpcScheduler, ipcBackoff: false.
2022-09-28 15:54:47,815 [Socket Reader #1 for port 0] INFO  ipc.Server (Server.java:run(1265)) - Starting Socket Reader #1 for port 0
2022-09-28 15:54:47,886 [Listener at 127.0.0.1/37257] INFO  impl.MetricsSystemImpl (MetricsSystemImpl.java:init(158)) - OzoneManager metrics system started (again)
2022-09-28 15:54:47,907 [Listener at 127.0.0.1/37257] INFO  om.OzoneManager (OzoneManager.java:start(1483)) - OzoneManager RPC server is listening at localhost/127.0.0.1:37257
2022-09-28 15:54:47,907 [Listener at 127.0.0.1/37257] INFO  ratis.OzoneManagerRatisServer (OzoneManagerRatisServer.java:start(555)) - Starting OzoneManagerRatisServer om1 at port 9872
2022-09-28 15:54:47,909 [om1-impl-thread1] INFO  server.RaftServer$Division (RaftServerImpl.java:start(310)) - om1@group-C5BA1605619E: start as a follower, conf=-1: [om1|rpc:localhost:9872|priority:0], old=null
2022-09-28 15:54:47,910 [om1-impl-thread1] INFO  server.RaftServer$Division (RaftServerImpl.java:setRole(299)) - om1@group-C5BA1605619E: changes role from      null to FOLLOWER at term 0 for startAsFollower
2022-09-28 15:54:47,910 [om1-impl-thread1] INFO  impl.RoleInfo (RoleInfo.java:updateAndGet(139)) - om1: start om1@group-C5BA1605619E-FollowerState
2022-09-28 15:54:47,911 [om1-impl-thread1] INFO  util.JmxRegister (JmxRegister.java:tryRegister(44)) - Successfully registered JMX Bean with object name Ratis:service=RaftServer,group=group-C5BA1605619E,id=om1
2022-09-28 15:54:47,915 [Listener at 127.0.0.1/37257] INFO  server.RaftServer (RaftServerProxy.java:lambda$start$6(382)) - om1: start RPC server
2022-09-28 15:54:47,968 [Listener at 127.0.0.1/37257] INFO  server.GrpcService (GrpcService.java:startImpl(260)) - om1: GrpcService started, listening on 9872
2022-09-28 15:54:47,969 [Listener at 127.0.0.1/37257] INFO  om.OzoneManager (OzoneManager.java:start(1499)) - Version File has different layout version (3) than OM DB (null). That is expected if this OM has never been finalized to a newer layout version.
2022-09-28 15:54:47,969 [org.apache.ratis.util.JvmPauseMonitor$$Lambda$634/1800766250@12c27788] INFO  util.JvmPauseMonitor (JvmPauseMonitor.java:run(103)) - JvmPauseMonitor-om1: Started
2022-09-28 15:54:47,978 [Listener at 127.0.0.1/37257] INFO  http.BaseHttpServer (BaseHttpServer.java:newHttpServer2BuilderForOzone(213)) - Starting Web-server for ozoneManager at: http://0.0.0.0:0
2022-09-28 15:54:47,978 [Listener at 127.0.0.1/37257] INFO  http.BaseHttpServer (BaseHttpServer.java:<init>(108)) - Hadoop Security Enabled: false Ozone Security Enabled: false Ozone HTTP Security Enabled: false 
2022-09-28 15:54:47,989 [Listener at 127.0.0.1/37257] INFO  server.AuthenticationFilter (AuthenticationFilter.java:constructSecretProvider(240)) - Unable to initialize FileSignerSecretProvider, falling back to use random secrets.
2022-09-28 15:54:47,995 [Listener at 127.0.0.1/37257] WARN  http.HttpRequestLog (HttpRequestLog.java:getRequestLog(103)) - Jetty request log can only be enabled using Log4j
2022-09-28 15:54:47,996 [Listener at 127.0.0.1/37257] INFO  http.HttpServer2 (HttpServer2.java:addGlobalFilter(1029)) - Added global filter 'safety' (class=org.apache.hadoop.hdds.server.http.HttpServer2$QuotingInputFilter)
2022-09-28 15:54:47,997 [Listener at 127.0.0.1/37257] INFO  http.HttpServer2 (HttpServer2.java:addFilter(1005)) - Added filter static_user_filter (class=org.apache.hadoop.http.lib.StaticUserWebFilter$StaticUserFilter) to context ozoneManager
2022-09-28 15:54:47,997 [Listener at 127.0.0.1/37257] INFO  http.HttpServer2 (HttpServer2.java:addFilter(1013)) - Added filter static_user_filter (class=org.apache.hadoop.http.lib.StaticUserWebFilter$StaticUserFilter) to context static
2022-09-28 15:54:47,997 [Listener at 127.0.0.1/37257] INFO  http.HttpServer2 (HttpServer2.java:addFilter(1013)) - Added filter static_user_filter (class=org.apache.hadoop.http.lib.StaticUserWebFilter$StaticUserFilter) to context logs
2022-09-28 15:54:47,998 [Listener at 127.0.0.1/37257] INFO  http.HttpServer2 (HttpServer2.java:bindListener(1248)) - Jetty bound to port 39009
2022-09-28 15:54:47,998 [Listener at 127.0.0.1/37257] INFO  server.Server (Server.java:doStart(375)) - jetty-9.4.43.v20210629; built: 2021-06-30T11:07:22.254Z; git: 526006ecfa3af7f1a27ef3a288e2bef7ea9dd7e8; jvm 1.8.0_345-b01
2022-09-28 15:54:48,068 [Listener at 127.0.0.1/37257] INFO  server.session (DefaultSessionIdManager.java:doStart(334)) - DefaultSessionIdManager workerName=node0
2022-09-28 15:54:48,068 [Listener at 127.0.0.1/37257] INFO  server.session (DefaultSessionIdManager.java:doStart(339)) - No SessionScavenger set, using defaults
2022-09-28 15:54:48,069 [Listener at 127.0.0.1/37257] INFO  server.session (HouseKeeper.java:startScavenging(132)) - node0 Scavenging every 600000ms
2022-09-28 15:54:48,070 [Listener at 127.0.0.1/37257] INFO  handler.ContextHandler (ContextHandler.java:doStart(915)) - Started o.e.j.s.ServletContextHandler@7bab8ad1{logs,/logs,file:///home/runner/work/ozone/ozone/hadoop-ozone/integration-test/target/log,AVAILABLE}
2022-09-28 15:54:48,070 [Listener at 127.0.0.1/37257] INFO  handler.ContextHandler (ContextHandler.java:doStart(915)) - Started o.e.j.s.ServletContextHandler@5e10caa8{static,/static,file:///home/runner/work/ozone/ozone/hadoop-ozone/integration-test/target/test-classes/webapps/static,AVAILABLE}
2022-09-28 15:54:48,074 [Listener at 127.0.0.1/37257] INFO  handler.ContextHandler (ContextHandler.java:doStart(915)) - Started o.e.j.w.WebAppContext@6799502b{ozoneManager,/,file:///home/runner/work/ozone/ozone/hadoop-ozone/integration-test/target/test-classes/webapps/ozoneManager/,AVAILABLE}{file:/home/runner/work/ozone/ozone/hadoop-ozone/integration-test/target/test-classes/webapps/ozoneManager}
2022-09-28 15:54:48,109 [Listener at 127.0.0.1/37257] INFO  server.AbstractConnector (AbstractConnector.java:doStart(331)) - Started ServerConnector@8328c7d{HTTP/1.1, (http/1.1)}{0.0.0.0:39009}
2022-09-28 15:54:48,110 [Listener at 127.0.0.1/37257] INFO  server.Server (Server.java:doStart(415)) - Started @192298ms
2022-09-28 15:54:48,110 [Listener at 127.0.0.1/37257] WARN  impl.MetricsSystemImpl (MetricsSystemImpl.java:register(279)) - Sink prometheus already exists!
2022-09-28 15:54:48,110 [Listener at 127.0.0.1/37257] INFO  http.BaseHttpServer (BaseHttpServer.java:updateConnectorAddress(333)) - HTTP server of ozoneManager listening at http://0.0.0.0:39009
2022-09-28 15:54:48,115 [IPC Server Responder] INFO  ipc.Server (Server.java:run(1507)) - IPC Server Responder: starting
2022-09-28 15:54:48,115 [IPC Server listener on 0] INFO  ipc.Server (Server.java:run(1344)) - IPC Server listener on 0: starting
2022-09-28 15:54:48,141 [Listener at 127.0.0.1/37257] INFO  om.TrashPolicyOzone (TrashPolicyOzone.java:<init>(178)) - Ozone Manager trash configuration: Deletion interval = 0 minutes, Emptier interval = 0 minutes.
2022-09-28 15:54:48,187 [org.apache.hadoop.util.JvmPauseMonitor$Monitor@365900b7] INFO  util.JvmPauseMonitor (JvmPauseMonitor.java:run(188)) - Starting JVM pause monitor
2022-09-28 15:54:48,212 [Listener at 127.0.0.1/37257] WARN  impl.MetricRegistriesImpl (MetricRegistriesImpl.java:addReporterRegistration(111)) - New reporters are added after registries were created. Some metrics will be missing from the reporter. Please add reporter before adding any new registry.
2022-09-28 15:54:48,213 [Listener at 127.0.0.1/37257] WARN  impl.MetricRegistriesImpl (MetricRegistriesImpl.java:addReporterRegistration(111)) - New reporters are added after registries were created. Some metrics will be missing from the reporter. Please add reporter before adding any new registry.
2022-09-28 15:54:48,213 [Listener at 127.0.0.1/37257] INFO  impl.MetricsSystemImpl (MetricsSystemImpl.java:init(158)) - HddsDatanode metrics system started (again)
2022-09-28 15:54:48,236 [Listener at 127.0.0.1/37257] INFO  ozone.HddsDatanodeService (HddsDatanodeService.java:start(236)) - HddsDatanodeService host:fv-az203-824.ild0l4k5vsluppoevu2oqvhmda.cx.internal.cloudapp.net ip:10.1.1.55
2022-09-28 15:54:48,305 [Listener at 127.0.0.1/37257] INFO  upgrade.AbstractLayoutVersionManager (AbstractLayoutVersionManager.java:init(83)) - Initializing Layout version manager with metadata layout = DATANODE_SCHEMA_V3 (version = 4), software layout = DATANODE_SCHEMA_V3 (version = 4)
2022-09-28 15:54:48,371 [Listener at 127.0.0.1/37257] INFO  reflections.Reflections (Reflections.java:scan(232)) - Reflections took 65 ms to scan 7 urls, producing 135 keys and 327 values 
2022-09-28 15:54:48,374 [Listener at 127.0.0.1/37257] INFO  statemachine.DatanodeStateMachine (DatanodeStateMachine.java:getEndPointTaskThreadPoolSize(237)) - Datanode State Machine Task Thread Pool size 2
2022-09-28 15:54:48,375 [Listener at 127.0.0.1/37257] INFO  volume.HddsVolume (HddsVolume.java:<init>(117)) - Creating HddsVolume: /home/runner/work/ozone/ozone/hadoop-ozone/integration-test/target/test-dir/MiniOzoneClusterImpl-aff298ea-5285-4275-affb-2c33fd00777e/datanode-0/data-0/containers/hdds of storage type : DISK capacity : 9223372036854775807
2022-09-28 15:54:48,375 [Listener at 127.0.0.1/37257] INFO  volume.MutableVolumeSet (MutableVolumeSet.java:initializeVolumeSet(174)) - Added Volume : /home/runner/work/ozone/ozone/hadoop-ozone/integration-test/target/test-dir/MiniOzoneClusterImpl-aff298ea-5285-4275-affb-2c33fd00777e/datanode-0/data-0/containers/hdds to VolumeSet
2022-09-28 15:54:48,375 [Listener at 127.0.0.1/37257] INFO  volume.ThrottledAsyncChecker (ThrottledAsyncChecker.java:schedule(141)) - Scheduling a check for /home/runner/work/ozone/ozone/hadoop-ozone/integration-test/target/test-dir/MiniOzoneClusterImpl-aff298ea-5285-4275-affb-2c33fd00777e/datanode-0/data-0/containers/hdds
2022-09-28 15:54:48,401 [Listener at 127.0.0.1/37257] INFO  volume.StorageVolumeChecker (StorageVolumeChecker.java:checkAllVolumes(202)) - Scheduled health check for volume /home/runner/work/ozone/ozone/hadoop-ozone/integration-test/target/test-dir/MiniOzoneClusterImpl-aff298ea-5285-4275-affb-2c33fd00777e/datanode-0/data-0/containers/hdds
2022-09-28 15:54:48,425 [Listener at 127.0.0.1/37257] INFO  volume.MutableVolumeSet (MutableVolumeSet.java:initializeVolumeSet(174)) - Added Volume : /home/runner/work/ozone/ozone/hadoop-ozone/integration-test/target/test-dir/MiniOzoneClusterImpl-aff298ea-5285-4275-affb-2c33fd00777e/datanode-0/data/ratis to VolumeSet
2022-09-28 15:54:48,425 [Listener at 127.0.0.1/37257] INFO  volume.ThrottledAsyncChecker (ThrottledAsyncChecker.java:schedule(141)) - Scheduling a check for /home/runner/work/ozone/ozone/hadoop-ozone/integration-test/target/test-dir/MiniOzoneClusterImpl-aff298ea-5285-4275-affb-2c33fd00777e/datanode-0/data/ratis
2022-09-28 15:54:48,426 [Listener at 127.0.0.1/37257] INFO  volume.StorageVolumeChecker (StorageVolumeChecker.java:checkAllVolumes(202)) - Scheduled health check for volume /home/runner/work/ozone/ozone/hadoop-ozone/integration-test/target/test-dir/MiniOzoneClusterImpl-aff298ea-5285-4275-affb-2c33fd00777e/datanode-0/data/ratis
2022-09-28 15:54:48,461 [Thread-1103] INFO  ozoneimpl.ContainerReader (ContainerReader.java:readVolume(175)) - Finish verifying containers on volume /home/runner/work/ozone/ozone/hadoop-ozone/integration-test/target/test-dir/MiniOzoneClusterImpl-aff298ea-5285-4275-affb-2c33fd00777e/datanode-0/data-0/containers/hdds
2022-09-28 15:54:48,462 [Listener at 127.0.0.1/37257] INFO  ozoneimpl.OzoneContainer (OzoneContainer.java:buildContainerSet(300)) - Build ContainerSet costs 0s
2022-09-28 15:54:48,491 [Listener at 127.0.0.1/37257] INFO  server.RaftServer (ConfUtils.java:logGet(46)) - raft.rpc.type = GRPC (default)
2022-09-28 15:54:48,491 [Listener at 127.0.0.1/37257] INFO  grpc.GrpcFactory (GrpcFactory.java:checkPooledByteBufAllocatorUseCacheForAllThreads(48)) - PERFORMANCE WARNING: useCacheForAllThreads is true that may cause Netty to create a lot garbage objects and, as a result, trigger GC.
	It is recommended to disable useCacheForAllThreads by setting -Dorg.apache.ratis.thirdparty.io.netty.allocator.useCacheForAllThreads=false in command line.
2022-09-28 15:54:48,491 [Listener at 127.0.0.1/37257] INFO  grpc.GrpcConfigKeys (ConfUtils.java:logGet(46)) - raft.grpc.admin.port = 0 (custom)
2022-09-28 15:54:48,491 [Listener at 127.0.0.1/37257] INFO  grpc.GrpcConfigKeys (ConfUtils.java:logGet(46)) - raft.grpc.client.port = 0 (custom)
2022-09-28 15:54:48,491 [Listener at 127.0.0.1/37257] INFO  grpc.GrpcConfigKeys (ConfUtils.java:logGet(46)) - raft.grpc.server.port = 0 (default)
2022-09-28 15:54:48,491 [Listener at 127.0.0.1/37257] INFO  server.GrpcService (ConfUtils.java:logGet(46)) - raft.grpc.message.size.max = 32MB (=33554432) (custom)
2022-09-28 15:54:48,492 [Listener at 127.0.0.1/37257] INFO  server.RaftServerConfigKeys (ConfUtils.java:logGet(46)) - raft.server.log.appender.buffer.byte-limit = 33554432 (custom)
2022-09-28 15:54:48,492 [Listener at 127.0.0.1/37257] INFO  server.GrpcService (ConfUtils.java:logGet(46)) - raft.grpc.flow.control.window = 5MB (=5242880) (custom)
2022-09-28 15:54:48,492 [Listener at 127.0.0.1/37257] INFO  server.RaftServerConfigKeys (ConfUtils.java:logGet(46)) - raft.server.rpc.request.timeout = 60s (custom)
2022-09-28 15:54:48,492 [Listener at 127.0.0.1/37257] INFO  grpc.GrpcConfigKeys (ConfUtils.java:logGet(46)) - raft.grpc.server.async.request.thread.pool.cached = true (default)
2022-09-28 15:54:48,492 [Listener at 127.0.0.1/37257] INFO  grpc.GrpcConfigKeys (ConfUtils.java:logGet(46)) - raft.grpc.server.async.request.thread.pool.size = 32 (default)
2022-09-28 15:54:48,493 [Listener at 127.0.0.1/37257] INFO  impl.DataStreamServerImpl (ConfUtils.java:logGet(46)) - raft.datastream.type = DISABLED (default)
2022-09-28 15:54:48,493 [Listener at 127.0.0.1/37257] INFO  server.RaftServerConfigKeys (ConfUtils.java:logGet(46)) - raft.server.threadpool.proxy.cached = true (default)
2022-09-28 15:54:48,493 [Listener at 127.0.0.1/37257] INFO  server.RaftServerConfigKeys (ConfUtils.java:logGet(46)) - raft.server.threadpool.proxy.size = 0 (default)
2022-09-28 15:54:48,493 [Listener at 127.0.0.1/37257] INFO  server.RaftServerConfigKeys (ConfUtils.java:logGet(46)) - raft.server.rpc.slowness.timeout = 300s (custom)
2022-09-28 15:54:48,494 [Listener at 127.0.0.1/37257] INFO  server.RaftServerConfigKeys (ConfUtils.java:logGet(46)) - raft.server.leaderelection.leader.step-down.wait-time = 10s (default)
2022-09-28 15:54:48,494 [Listener at 127.0.0.1/37257] INFO  server.RaftServerConfigKeys (ConfUtils.java:logGet(46)) - raft.server.storage.dir = [/home/runner/work/ozone/ozone/hadoop-ozone/integration-test/target/test-dir/MiniOzoneClusterImpl-aff298ea-5285-4275-affb-2c33fd00777e/datanode-0/data/ratis] (custom)
2022-09-28 15:54:48,528 [Listener at 127.0.0.1/37257] INFO  server.XceiverServerGrpc (XceiverServerGrpc.java:<init>(132)) - GrpcServer channel type EpollServerSocketChannel
2022-09-28 15:54:48,562 [Listener at 127.0.0.1/37257] INFO  http.BaseHttpServer (BaseHttpServer.java:newHttpServer2BuilderForOzone(213)) - Starting Web-server for hddsDatanode at: http://0.0.0.0:0
2022-09-28 15:54:48,562 [Listener at 127.0.0.1/37257] INFO  http.BaseHttpServer (BaseHttpServer.java:<init>(108)) - Hadoop Security Enabled: false Ozone Security Enabled: false Ozone HTTP Security Enabled: false 
2022-09-28 15:54:48,564 [Listener at 127.0.0.1/37257] INFO  server.AuthenticationFilter (AuthenticationFilter.java:constructSecretProvider(240)) - Unable to initialize FileSignerSecretProvider, falling back to use random secrets.
2022-09-28 15:54:48,567 [Listener at 127.0.0.1/37257] WARN  http.HttpRequestLog (HttpRequestLog.java:getRequestLog(103)) - Jetty request log can only be enabled using Log4j
2022-09-28 15:54:48,568 [Listener at 127.0.0.1/37257] INFO  http.HttpServer2 (HttpServer2.java:addGlobalFilter(1029)) - Added global filter 'safety' (class=org.apache.hadoop.hdds.server.http.HttpServer2$QuotingInputFilter)
2022-09-28 15:54:48,568 [Listener at 127.0.0.1/37257] INFO  http.HttpServer2 (HttpServer2.java:addFilter(1005)) - Added filter static_user_filter (class=org.apache.hadoop.http.lib.StaticUserWebFilter$StaticUserFilter) to context hddsDatanode
2022-09-28 15:54:48,568 [Listener at 127.0.0.1/37257] INFO  http.HttpServer2 (HttpServer2.java:addFilter(1013)) - Added filter static_user_filter (class=org.apache.hadoop.http.lib.StaticUserWebFilter$StaticUserFilter) to context logs
2022-09-28 15:54:48,568 [Listener at 127.0.0.1/37257] INFO  http.HttpServer2 (HttpServer2.java:addFilter(1013)) - Added filter static_user_filter (class=org.apache.hadoop.http.lib.StaticUserWebFilter$StaticUserFilter) to context static
2022-09-28 15:54:48,569 [Listener at 127.0.0.1/37257] INFO  http.HttpServer2 (HttpServer2.java:bindListener(1248)) - Jetty bound to port 46799
2022-09-28 15:54:48,569 [Listener at 127.0.0.1/37257] INFO  server.Server (Server.java:doStart(375)) - jetty-9.4.43.v20210629; built: 2021-06-30T11:07:22.254Z; git: 526006ecfa3af7f1a27ef3a288e2bef7ea9dd7e8; jvm 1.8.0_345-b01
2022-09-28 15:54:48,570 [Listener at 127.0.0.1/37257] INFO  server.session (DefaultSessionIdManager.java:doStart(334)) - DefaultSessionIdManager workerName=node0
2022-09-28 15:54:48,570 [Listener at 127.0.0.1/37257] INFO  server.session (DefaultSessionIdManager.java:doStart(339)) - No SessionScavenger set, using defaults
2022-09-28 15:54:48,571 [Listener at 127.0.0.1/37257] INFO  server.session (HouseKeeper.java:startScavenging(132)) - node0 Scavenging every 660000ms
2022-09-28 15:54:48,571 [Listener at 127.0.0.1/37257] INFO  handler.ContextHandler (ContextHandler.java:doStart(915)) - Started o.e.j.s.ServletContextHandler@df65ef7{logs,/logs,file:///home/runner/work/ozone/ozone/hadoop-ozone/integration-test/target/log,AVAILABLE}
2022-09-28 15:54:48,571 [Listener at 127.0.0.1/37257] INFO  handler.ContextHandler (ContextHandler.java:doStart(915)) - Started o.e.j.s.ServletContextHandler@3eca364c{static,/static,jar:file:/home/runner/.m2/repository/org/apache/ozone/hdds-container-service/1.3.0-SNAPSHOT/hdds-container-service-1.3.0-SNAPSHOT.jar!/webapps/static,AVAILABLE}
2022-09-28 15:54:48,866 [Listener at 127.0.0.1/37257] INFO  handler.ContextHandler (ContextHandler.java:doStart(915)) - Started o.e.j.w.WebAppContext@3cdb3b12{hddsDatanode,/,file:///tmp/jetty-0_0_0_0-46799-hdds-container-service-1_3_0-SNAPSHOT_jar-_-any-3916964593078896623/webapp/,AVAILABLE}{jar:file:/home/runner/.m2/repository/org/apache/ozone/hdds-container-service/1.3.0-SNAPSHOT/hdds-container-service-1.3.0-SNAPSHOT.jar!/webapps/hddsDatanode}
2022-09-28 15:54:48,894 [Listener at 127.0.0.1/37257] INFO  server.AbstractConnector (AbstractConnector.java:doStart(331)) - Started ServerConnector@1fa84298{HTTP/1.1, (http/1.1)}{0.0.0.0:46799}
2022-09-28 15:54:48,894 [Listener at 127.0.0.1/37257] INFO  server.Server (Server.java:doStart(415)) - Started @193082ms
2022-09-28 15:54:48,894 [Listener at 127.0.0.1/37257] WARN  impl.MetricsSystemImpl (MetricsSystemImpl.java:register(279)) - Sink prometheus already exists!
2022-09-28 15:54:48,908 [Listener at 127.0.0.1/37257] INFO  http.BaseHttpServer (BaseHttpServer.java:updateConnectorAddress(333)) - HTTP server of hddsDatanode listening at http://0.0.0.0:46799
2022-09-28 15:54:48,915 [Datanode State Machine Daemon Thread] INFO  statemachine.DatanodeStateMachine (DatanodeStateMachine.java:lambda$startDaemon$0(492)) - Ozone container server started.
2022-09-28 15:54:48,915 [Listener at 127.0.0.1/37257] WARN  impl.MetricRegistriesImpl (MetricRegistriesImpl.java:addReporterRegistration(111)) - New reporters are added after registries were created. Some metrics will be missing from the reporter. Please add reporter before adding any new registry.
2022-09-28 15:54:48,916 [Listener at 127.0.0.1/37257] WARN  impl.MetricRegistriesImpl (MetricRegistriesImpl.java:addReporterRegistration(111)) - New reporters are added after registries were created. Some metrics will be missing from the reporter. Please add reporter before adding any new registry.
2022-09-28 15:54:48,916 [Listener at 127.0.0.1/37257] INFO  impl.MetricsSystemImpl (MetricsSystemImpl.java:init(158)) - HddsDatanode metrics system started (again)
2022-09-28 15:54:48,942 [org.apache.hadoop.util.JvmPauseMonitor$Monitor@2646f0b5] INFO  util.JvmPauseMonitor (JvmPauseMonitor.java:run(188)) - Starting JVM pause monitor
2022-09-28 15:54:48,979 [Datanode State Machine Task Thread - 0] INFO  datanode.InitDatanodeState (InitDatanodeState.java:persistContainerDatanodeDetails(138)) - DatanodeDetails is persisted to /home/runner/work/ozone/ozone/hadoop-ozone/integration-test/target/test-dir/MiniOzoneClusterImpl-aff298ea-5285-4275-affb-2c33fd00777e/datanode-0/meta/datanode.id
2022-09-28 15:54:48,979 [Listener at 127.0.0.1/37257] INFO  ozone.HddsDatanodeService (HddsDatanodeService.java:start(236)) - HddsDatanodeService host:fv-az203-824.ild0l4k5vsluppoevu2oqvhmda.cx.internal.cloudapp.net ip:10.1.1.55
2022-09-28 15:54:49,042 [Listener at 127.0.0.1/37257] INFO  upgrade.AbstractLayoutVersionManager (AbstractLayoutVersionManager.java:init(83)) - Initializing Layout version manager with metadata layout = DATANODE_SCHEMA_V3 (version = 4), software layout = DATANODE_SCHEMA_V3 (version = 4)
2022-09-28 15:54:49,057 [om1@group-C5BA1605619E-FollowerState] INFO  impl.FollowerState (FollowerState.java:run(143)) - om1@group-C5BA1605619E-FollowerState: change to CANDIDATE, lastRpcElapsedTime:1147621011ns, electionTimeout:1116ms
2022-09-28 15:54:49,057 [om1@group-C5BA1605619E-FollowerState] INFO  impl.RoleInfo (RoleInfo.java:shutdownFollowerState(110)) - om1: shutdown om1@group-C5BA1605619E-FollowerState
2022-09-28 15:54:49,058 [om1@group-C5BA1605619E-FollowerState] INFO  server.RaftServer$Division (RaftServerImpl.java:setRole(299)) - om1@group-C5BA1605619E: changes role from  FOLLOWER to CANDIDATE at term 0 for changeToCandidate
2022-09-28 15:54:49,058 [om1@group-C5BA1605619E-FollowerState] INFO  server.RaftServerConfigKeys (ConfUtils.java:logGet(46)) - raft.server.leaderelection.pre-vote = false (custom)
2022-09-28 15:54:49,058 [om1@group-C5BA1605619E-FollowerState] INFO  impl.RoleInfo (RoleInfo.java:updateAndGet(139)) - om1: start om1@group-C5BA1605619E-LeaderElection30
2022-09-28 15:54:49,132 [om1@group-C5BA1605619E-LeaderElection30] INFO  impl.LeaderElection (LeaderElection.java:askForVotes(310)) - om1@group-C5BA1605619E-LeaderElection30 ELECTION round 0: submit vote requests at term 1 for -1: [om1|rpc:localhost:9872|priority:0], old=null
2022-09-28 15:54:49,132 [om1@group-C5BA1605619E-LeaderElection30] INFO  impl.LeaderElection (LeaderElection.java:askForVotes(312)) - om1@group-C5BA1605619E-LeaderElection30 ELECTION round 0: result PASSED (term=1)
2022-09-28 15:54:49,132 [om1@group-C5BA1605619E-LeaderElection30] INFO  impl.RoleInfo (RoleInfo.java:shutdownLeaderElection(130)) - om1: shutdown om1@group-C5BA1605619E-LeaderElection30
2022-09-28 15:54:49,132 [om1@group-C5BA1605619E-LeaderElection30] INFO  server.RaftServer$Division (RaftServerImpl.java:setRole(299)) - om1@group-C5BA1605619E: changes role from CANDIDATE to LEADER at term 1 for changeToLeader
2022-09-28 15:54:49,132 [om1@group-C5BA1605619E-LeaderElection30] INFO  server.RaftServer$Division (ServerState.java:setLeader(287)) - om1@group-C5BA1605619E: change Leader from null to om1 at term 1 for becomeLeader, leader elected after 2517ms
2022-09-28 15:54:49,132 [om1@group-C5BA1605619E-LeaderElection30] INFO  server.RaftServerConfigKeys (ConfUtils.java:logGet(46)) - raft.server.staging.catchup.gap = 1000 (default)
2022-09-28 15:54:49,132 [om1@group-C5BA1605619E-LeaderElection30] INFO  server.RaftServerConfigKeys (ConfUtils.java:logGet(46)) - raft.server.write.element-limit = 4096 (default)
2022-09-28 15:54:49,132 [om1@group-C5BA1605619E-LeaderElection30] INFO  server.RaftServerConfigKeys (ConfUtils.java:logGet(46)) - raft.server.write.byte-limit = 64MB (=67108864) (default)
2022-09-28 15:54:49,132 [om1@group-C5BA1605619E-LeaderElection30] INFO  server.RaftServerConfigKeys (ConfUtils.java:logGet(46)) - raft.server.watch.timeout = 10s (default)
2022-09-28 15:54:49,133 [om1@group-C5BA1605619E-LeaderElection30] INFO  server.RaftServerConfigKeys (ConfUtils.java:logGet(46)) - raft.server.watch.timeout.denomination = 1s (default)
2022-09-28 15:54:49,133 [om1@group-C5BA1605619E-LeaderElection30] INFO  server.RaftServerConfigKeys (ConfUtils.java:logGet(46)) - raft.server.watch.element-limit = 65536 (default)
2022-09-28 15:54:49,133 [om1@group-C5BA1605619E-LeaderElection30] INFO  server.RaftServerConfigKeys (ConfUtils.java:logGet(46)) - raft.server.write.element-limit = 4096 (default)
2022-09-28 15:54:49,133 [om1@group-C5BA1605619E-LeaderElection30] INFO  server.RaftServerConfigKeys (ConfUtils.java:logGet(46)) - raft.server.write.follower.gap.ratio.max = -1.0 (default)
2022-09-28 15:54:49,133 [om1@group-C5BA1605619E-LeaderElection30] INFO  impl.RoleInfo (RoleInfo.java:updateAndGet(139)) - om1: start om1@group-C5BA1605619E-LeaderStateImpl
2022-09-28 15:54:49,133 [om1@group-C5BA1605619E-LeaderElection30] INFO  segmented.SegmentedRaftLogWorker (SegmentedRaftLogWorker.java:startLogSegment(425)) - om1@group-C5BA1605619E-SegmentedRaftLogWorker: Starting segment from index:0
2022-09-28 15:54:49,148 [om1@group-C5BA1605619E-SegmentedRaftLogWorker] INFO  segmented.SegmentedRaftLogWorker (SegmentedRaftLogWorker.java:execute(629)) - om1@group-C5BA1605619E-SegmentedRaftLogWorker: created new log segment /home/runner/work/ozone/ozone/hadoop-ozone/integration-test/target/test-dir/MiniOzoneClusterImpl-aff298ea-5285-4275-affb-2c33fd00777e/ozone-meta/ratis/bf265839-605b-3f16-9796-c5ba1605619e/current/log_inprogress_0
2022-09-28 15:54:49,164 [om1@group-C5BA1605619E-LeaderElection30] INFO  server.RaftServer$Division (ServerState.java:setRaftConf(393)) - om1@group-C5BA1605619E: set configuration 0: [om1|rpc:localhost:9872|admin:|client:|dataStream:|priority:0], old=null
2022-09-28 15:54:49,179 [om1@group-C5BA1605619E-StateMachineUpdater] INFO  ratis.OzoneManagerStateMachine (OzoneManagerStateMachine.java:notifyConfigurationChanged(192)) - Received Configuration change notification from Ratis. New Peer list:
[id: "om1"
address: "localhost:9872"
]
2022-09-28 15:54:49,199 [Listener at 127.0.0.1/37257] INFO  reflections.Reflections (Reflections.java:scan(232)) - Reflections took 155 ms to scan 7 urls, producing 135 keys and 327 values 
2022-09-28 15:54:49,200 [Listener at 127.0.0.1/37257] INFO  statemachine.DatanodeStateMachine (DatanodeStateMachine.java:getEndPointTaskThreadPoolSize(237)) - Datanode State Machine Task Thread Pool size 2
2022-09-28 15:54:49,217 [Listener at 127.0.0.1/37257] INFO  volume.HddsVolume (HddsVolume.java:<init>(117)) - Creating HddsVolume: /home/runner/work/ozone/ozone/hadoop-ozone/integration-test/target/test-dir/MiniOzoneClusterImpl-aff298ea-5285-4275-affb-2c33fd00777e/datanode-1/data-0/containers/hdds of storage type : DISK capacity : 9223372036854775807
2022-09-28 15:54:49,217 [Listener at 127.0.0.1/37257] INFO  volume.MutableVolumeSet (MutableVolumeSet.java:initializeVolumeSet(174)) - Added Volume : /home/runner/work/ozone/ozone/hadoop-ozone/integration-test/target/test-dir/MiniOzoneClusterImpl-aff298ea-5285-4275-affb-2c33fd00777e/datanode-1/data-0/containers/hdds to VolumeSet
2022-09-28 15:54:49,217 [Listener at 127.0.0.1/37257] INFO  volume.ThrottledAsyncChecker (ThrottledAsyncChecker.java:schedule(141)) - Scheduling a check for /home/runner/work/ozone/ozone/hadoop-ozone/integration-test/target/test-dir/MiniOzoneClusterImpl-aff298ea-5285-4275-affb-2c33fd00777e/datanode-1/data-0/containers/hdds
2022-09-28 15:54:49,259 [Listener at 127.0.0.1/37257] INFO  volume.StorageVolumeChecker (StorageVolumeChecker.java:checkAllVolumes(202)) - Scheduled health check for volume /home/runner/work/ozone/ozone/hadoop-ozone/integration-test/target/test-dir/MiniOzoneClusterImpl-aff298ea-5285-4275-affb-2c33fd00777e/datanode-1/data-0/containers/hdds
2022-09-28 15:54:49,271 [Listener at 127.0.0.1/37257] INFO  volume.MutableVolumeSet (MutableVolumeSet.java:initializeVolumeSet(174)) - Added Volume : /home/runner/work/ozone/ozone/hadoop-ozone/integration-test/target/test-dir/MiniOzoneClusterImpl-aff298ea-5285-4275-affb-2c33fd00777e/datanode-1/data/ratis to VolumeSet
2022-09-28 15:54:49,271 [Listener at 127.0.0.1/37257] INFO  volume.ThrottledAsyncChecker (ThrottledAsyncChecker.java:schedule(141)) - Scheduling a check for /home/runner/work/ozone/ozone/hadoop-ozone/integration-test/target/test-dir/MiniOzoneClusterImpl-aff298ea-5285-4275-affb-2c33fd00777e/datanode-1/data/ratis
2022-09-28 15:54:49,271 [Listener at 127.0.0.1/37257] INFO  volume.StorageVolumeChecker (StorageVolumeChecker.java:checkAllVolumes(202)) - Scheduled health check for volume /home/runner/work/ozone/ozone/hadoop-ozone/integration-test/target/test-dir/MiniOzoneClusterImpl-aff298ea-5285-4275-affb-2c33fd00777e/datanode-1/data/ratis
2022-09-28 15:54:49,310 [Thread-1118] INFO  ozoneimpl.ContainerReader (ContainerReader.java:readVolume(175)) - Finish verifying containers on volume /home/runner/work/ozone/ozone/hadoop-ozone/integration-test/target/test-dir/MiniOzoneClusterImpl-aff298ea-5285-4275-affb-2c33fd00777e/datanode-1/data-0/containers/hdds
2022-09-28 15:54:49,310 [Listener at 127.0.0.1/37257] INFO  ozoneimpl.OzoneContainer (OzoneContainer.java:buildContainerSet(300)) - Build ContainerSet costs 0s
2022-09-28 15:54:49,312 [Listener at 127.0.0.1/37257] INFO  server.RaftServer (ConfUtils.java:logGet(46)) - raft.rpc.type = GRPC (default)
2022-09-28 15:54:49,312 [Listener at 127.0.0.1/37257] INFO  grpc.GrpcFactory (GrpcFactory.java:checkPooledByteBufAllocatorUseCacheForAllThreads(48)) - PERFORMANCE WARNING: useCacheForAllThreads is true that may cause Netty to create a lot garbage objects and, as a result, trigger GC.
	It is recommended to disable useCacheForAllThreads by setting -Dorg.apache.ratis.thirdparty.io.netty.allocator.useCacheForAllThreads=false in command line.
2022-09-28 15:54:49,312 [Listener at 127.0.0.1/37257] INFO  grpc.GrpcConfigKeys (ConfUtils.java:logGet(46)) - raft.grpc.admin.port = 0 (custom)
2022-09-28 15:54:49,312 [Listener at 127.0.0.1/37257] INFO  grpc.GrpcConfigKeys (ConfUtils.java:logGet(46)) - raft.grpc.client.port = 0 (custom)
2022-09-28 15:54:49,312 [Listener at 127.0.0.1/37257] INFO  grpc.GrpcConfigKeys (ConfUtils.java:logGet(46)) - raft.grpc.server.port = 0 (default)
2022-09-28 15:54:49,312 [Listener at 127.0.0.1/37257] INFO  server.GrpcService (ConfUtils.java:logGet(46)) - raft.grpc.message.size.max = 32MB (=33554432) (custom)
2022-09-28 15:54:49,312 [Listener at 127.0.0.1/37257] INFO  server.RaftServerConfigKeys (ConfUtils.java:logGet(46)) - raft.server.log.appender.buffer.byte-limit = 33554432 (custom)
2022-09-28 15:54:49,313 [Listener at 127.0.0.1/37257] INFO  server.GrpcService (ConfUtils.java:logGet(46)) - raft.grpc.flow.control.window = 5MB (=5242880) (custom)
2022-09-28 15:54:49,313 [Listener at 127.0.0.1/37257] INFO  server.RaftServerConfigKeys (ConfUtils.java:logGet(46)) - raft.server.rpc.request.timeout = 60s (custom)
2022-09-28 15:54:49,313 [Listener at 127.0.0.1/37257] INFO  grpc.GrpcConfigKeys (ConfUtils.java:logGet(46)) - raft.grpc.server.async.request.thread.pool.cached = true (default)
2022-09-28 15:54:49,313 [Listener at 127.0.0.1/37257] INFO  grpc.GrpcConfigKeys (ConfUtils.java:logGet(46)) - raft.grpc.server.async.request.thread.pool.size = 32 (default)
2022-09-28 15:54:49,314 [Listener at 127.0.0.1/37257] INFO  impl.DataStreamServerImpl (ConfUtils.java:logGet(46)) - raft.datastream.type = DISABLED (default)
2022-09-28 15:54:49,314 [Listener at 127.0.0.1/37257] INFO  server.RaftServerConfigKeys (ConfUtils.java:logGet(46)) - raft.server.threadpool.proxy.cached = true (default)
2022-09-28 15:54:49,314 [Listener at 127.0.0.1/37257] INFO  server.RaftServerConfigKeys (ConfUtils.java:logGet(46)) - raft.server.threadpool.proxy.size = 0 (default)
2022-09-28 15:54:49,314 [Listener at 127.0.0.1/37257] INFO  server.RaftServerConfigKeys (ConfUtils.java:logGet(46)) - raft.server.rpc.slowness.timeout = 300s (custom)
2022-09-28 15:54:49,314 [Listener at 127.0.0.1/37257] INFO  server.RaftServerConfigKeys (ConfUtils.java:logGet(46)) - raft.server.leaderelection.leader.step-down.wait-time = 10s (default)
2022-09-28 15:54:49,315 [Listener at 127.0.0.1/37257] INFO  server.RaftServerConfigKeys (ConfUtils.java:logGet(46)) - raft.server.storage.dir = [/home/runner/work/ozone/ozone/hadoop-ozone/integration-test/target/test-dir/MiniOzoneClusterImpl-aff298ea-5285-4275-affb-2c33fd00777e/datanode-1/data/ratis] (custom)
2022-09-28 15:54:49,316 [Listener at 127.0.0.1/37257] INFO  server.XceiverServerGrpc (XceiverServerGrpc.java:<init>(132)) - GrpcServer channel type EpollServerSocketChannel
2022-09-28 15:54:49,318 [Listener at 127.0.0.1/37257] INFO  http.BaseHttpServer (BaseHttpServer.java:newHttpServer2BuilderForOzone(213)) - Starting Web-server for hddsDatanode at: http://0.0.0.0:0
2022-09-28 15:54:49,318 [Listener at 127.0.0.1/37257] INFO  http.BaseHttpServer (BaseHttpServer.java:<init>(108)) - Hadoop Security Enabled: false Ozone Security Enabled: false Ozone HTTP Security Enabled: false 
2022-09-28 15:54:49,319 [Listener at 127.0.0.1/37257] INFO  server.AuthenticationFilter (AuthenticationFilter.java:constructSecretProvider(240)) - Unable to initialize FileSignerSecretProvider, falling back to use random secrets.
2022-09-28 15:54:49,319 [Listener at 127.0.0.1/37257] WARN  http.HttpRequestLog (HttpRequestLog.java:getRequestLog(103)) - Jetty request log can only be enabled using Log4j
2022-09-28 15:54:49,320 [Listener at 127.0.0.1/37257] INFO  http.HttpServer2 (HttpServer2.java:addGlobalFilter(1029)) - Added global filter 'safety' (class=org.apache.hadoop.hdds.server.http.HttpServer2$QuotingInputFilter)
2022-09-28 15:54:49,321 [Listener at 127.0.0.1/37257] INFO  http.HttpServer2 (HttpServer2.java:addFilter(1005)) - Added filter static_user_filter (class=org.apache.hadoop.http.lib.StaticUserWebFilter$StaticUserFilter) to context hddsDatanode
2022-09-28 15:54:49,321 [Listener at 127.0.0.1/37257] INFO  http.HttpServer2 (HttpServer2.java:addFilter(1013)) - Added filter static_user_filter (class=org.apache.hadoop.http.lib.StaticUserWebFilter$StaticUserFilter) to context logs
2022-09-28 15:54:49,321 [Listener at 127.0.0.1/37257] INFO  http.HttpServer2 (HttpServer2.java:addFilter(1013)) - Added filter static_user_filter (class=org.apache.hadoop.http.lib.StaticUserWebFilter$StaticUserFilter) to context static
2022-09-28 15:54:49,321 [Listener at 127.0.0.1/37257] INFO  http.HttpServer2 (HttpServer2.java:bindListener(1248)) - Jetty bound to port 41395
2022-09-28 15:54:49,321 [Listener at 127.0.0.1/37257] INFO  server.Server (Server.java:doStart(375)) - jetty-9.4.43.v20210629; built: 2021-06-30T11:07:22.254Z; git: 526006ecfa3af7f1a27ef3a288e2bef7ea9dd7e8; jvm 1.8.0_345-b01
2022-09-28 15:54:49,323 [Listener at 127.0.0.1/37257] INFO  server.session (DefaultSessionIdManager.java:doStart(334)) - DefaultSessionIdManager workerName=node0
2022-09-28 15:54:49,323 [Listener at 127.0.0.1/37257] INFO  server.session (DefaultSessionIdManager.java:doStart(339)) - No SessionScavenger set, using defaults
2022-09-28 15:54:49,323 [Listener at 127.0.0.1/37257] INFO  server.session (HouseKeeper.java:startScavenging(132)) - node0 Scavenging every 600000ms
2022-09-28 15:54:49,323 [Listener at 127.0.0.1/37257] INFO  handler.ContextHandler (ContextHandler.java:doStart(915)) - Started o.e.j.s.ServletContextHandler@4991c0f7{logs,/logs,file:///home/runner/work/ozone/ozone/hadoop-ozone/integration-test/target/log,AVAILABLE}
2022-09-28 15:54:49,324 [Listener at 127.0.0.1/37257] INFO  handler.ContextHandler (ContextHandler.java:doStart(915)) - Started o.e.j.s.ServletContextHandler@2cd7c77e{static,/static,jar:file:/home/runner/.m2/repository/org/apache/ozone/hdds-container-service/1.3.0-SNAPSHOT/hdds-container-service-1.3.0-SNAPSHOT.jar!/webapps/static,AVAILABLE}
2022-09-28 15:54:49,582 [Listener at 127.0.0.1/37257] INFO  handler.ContextHandler (ContextHandler.java:doStart(915)) - Started o.e.j.w.WebAppContext@28e20e0b{hddsDatanode,/,file:///tmp/jetty-0_0_0_0-41395-hdds-container-service-1_3_0-SNAPSHOT_jar-_-any-6436483539151782794/webapp/,AVAILABLE}{jar:file:/home/runner/.m2/repository/org/apache/ozone/hdds-container-service/1.3.0-SNAPSHOT/hdds-container-service-1.3.0-SNAPSHOT.jar!/webapps/hddsDatanode}
2022-09-28 15:54:49,608 [Listener at 127.0.0.1/37257] INFO  server.AbstractConnector (AbstractConnector.java:doStart(331)) - Started ServerConnector@49029e1d{HTTP/1.1, (http/1.1)}{0.0.0.0:41395}
2022-09-28 15:54:49,608 [Listener at 127.0.0.1/37257] INFO  server.Server (Server.java:doStart(415)) - Started @193797ms
2022-09-28 15:54:49,609 [Listener at 127.0.0.1/37257] WARN  impl.MetricsSystemImpl (MetricsSystemImpl.java:register(279)) - Sink prometheus already exists!
2022-09-28 15:54:49,610 [Listener at 127.0.0.1/37257] INFO  http.BaseHttpServer (BaseHttpServer.java:updateConnectorAddress(333)) - HTTP server of hddsDatanode listening at http://0.0.0.0:41395
2022-09-28 15:54:49,618 [Listener at 127.0.0.1/37257] WARN  impl.MetricRegistriesImpl (MetricRegistriesImpl.java:addReporterRegistration(111)) - New reporters are added after registries were created. Some metrics will be missing from the reporter. Please add reporter before adding any new registry.
2022-09-28 15:54:49,618 [Listener at 127.0.0.1/37257] WARN  impl.MetricRegistriesImpl (MetricRegistriesImpl.java:addReporterRegistration(111)) - New reporters are added after registries were created. Some metrics will be missing from the reporter. Please add reporter before adding any new registry.
2022-09-28 15:54:49,618 [Listener at 127.0.0.1/37257] INFO  impl.MetricsSystemImpl (MetricsSystemImpl.java:init(158)) - HddsDatanode metrics system started (again)
2022-09-28 15:54:49,627 [Datanode State Machine Daemon Thread] INFO  statemachine.DatanodeStateMachine (DatanodeStateMachine.java:lambda$startDaemon$0(492)) - Ozone container server started.
2022-09-28 15:54:49,671 [org.apache.hadoop.util.JvmPauseMonitor$Monitor@30e72991] INFO  util.JvmPauseMonitor (JvmPauseMonitor.java:run(188)) - Starting JVM pause monitor
2022-09-28 15:54:49,678 [Listener at 127.0.0.1/37257] INFO  ozone.HddsDatanodeService (HddsDatanodeService.java:start(236)) - HddsDatanodeService host:fv-az203-824.ild0l4k5vsluppoevu2oqvhmda.cx.internal.cloudapp.net ip:10.1.1.55
2022-09-28 15:54:49,729 [Datanode State Machine Task Thread - 0] INFO  datanode.InitDatanodeState (InitDatanodeState.java:persistContainerDatanodeDetails(138)) - DatanodeDetails is persisted to /home/runner/work/ozone/ozone/hadoop-ozone/integration-test/target/test-dir/MiniOzoneClusterImpl-aff298ea-5285-4275-affb-2c33fd00777e/datanode-1/meta/datanode.id
2022-09-28 15:54:49,742 [Listener at 127.0.0.1/37257] INFO  upgrade.AbstractLayoutVersionManager (AbstractLayoutVersionManager.java:init(83)) - Initializing Layout version manager with metadata layout = DATANODE_SCHEMA_V3 (version = 4), software layout = DATANODE_SCHEMA_V3 (version = 4)
2022-09-28 15:54:49,827 [Listener at 127.0.0.1/37257] INFO  reflections.Reflections (Reflections.java:scan(232)) - Reflections took 83 ms to scan 7 urls, producing 135 keys and 327 values 
2022-09-28 15:54:49,832 [Listener at 127.0.0.1/37257] INFO  statemachine.DatanodeStateMachine (DatanodeStateMachine.java:getEndPointTaskThreadPoolSize(237)) - Datanode State Machine Task Thread Pool size 2
2022-09-28 15:54:49,834 [Listener at 127.0.0.1/37257] INFO  volume.HddsVolume (HddsVolume.java:<init>(117)) - Creating HddsVolume: /home/runner/work/ozone/ozone/hadoop-ozone/integration-test/target/test-dir/MiniOzoneClusterImpl-aff298ea-5285-4275-affb-2c33fd00777e/datanode-2/data-0/containers/hdds of storage type : DISK capacity : 9223372036854775807
2022-09-28 15:54:49,834 [Listener at 127.0.0.1/37257] INFO  volume.MutableVolumeSet (MutableVolumeSet.java:initializeVolumeSet(174)) - Added Volume : /home/runner/work/ozone/ozone/hadoop-ozone/integration-test/target/test-dir/MiniOzoneClusterImpl-aff298ea-5285-4275-affb-2c33fd00777e/datanode-2/data-0/containers/hdds to VolumeSet
2022-09-28 15:54:49,834 [Listener at 127.0.0.1/37257] INFO  volume.ThrottledAsyncChecker (ThrottledAsyncChecker.java:schedule(141)) - Scheduling a check for /home/runner/work/ozone/ozone/hadoop-ozone/integration-test/target/test-dir/MiniOzoneClusterImpl-aff298ea-5285-4275-affb-2c33fd00777e/datanode-2/data-0/containers/hdds
2022-09-28 15:54:49,842 [Listener at 127.0.0.1/37257] INFO  volume.StorageVolumeChecker (StorageVolumeChecker.java:checkAllVolumes(202)) - Scheduled health check for volume /home/runner/work/ozone/ozone/hadoop-ozone/integration-test/target/test-dir/MiniOzoneClusterImpl-aff298ea-5285-4275-affb-2c33fd00777e/datanode-2/data-0/containers/hdds
2022-09-28 15:54:49,852 [Listener at 127.0.0.1/37257] INFO  volume.MutableVolumeSet (MutableVolumeSet.java:initializeVolumeSet(174)) - Added Volume : /home/runner/work/ozone/ozone/hadoop-ozone/integration-test/target/test-dir/MiniOzoneClusterImpl-aff298ea-5285-4275-affb-2c33fd00777e/datanode-2/data/ratis to VolumeSet
2022-09-28 15:54:49,853 [Listener at 127.0.0.1/37257] INFO  volume.ThrottledAsyncChecker (ThrottledAsyncChecker.java:schedule(141)) - Scheduling a check for /home/runner/work/ozone/ozone/hadoop-ozone/integration-test/target/test-dir/MiniOzoneClusterImpl-aff298ea-5285-4275-affb-2c33fd00777e/datanode-2/data/ratis
2022-09-28 15:54:49,853 [Listener at 127.0.0.1/37257] INFO  volume.StorageVolumeChecker (StorageVolumeChecker.java:checkAllVolumes(202)) - Scheduled health check for volume /home/runner/work/ozone/ozone/hadoop-ozone/integration-test/target/test-dir/MiniOzoneClusterImpl-aff298ea-5285-4275-affb-2c33fd00777e/datanode-2/data/ratis
2022-09-28 15:54:49,885 [Thread-1131] INFO  ozoneimpl.ContainerReader (ContainerReader.java:readVolume(175)) - Finish verifying containers on volume /home/runner/work/ozone/ozone/hadoop-ozone/integration-test/target/test-dir/MiniOzoneClusterImpl-aff298ea-5285-4275-affb-2c33fd00777e/datanode-2/data-0/containers/hdds
2022-09-28 15:54:49,885 [Listener at 127.0.0.1/37257] INFO  ozoneimpl.OzoneContainer (OzoneContainer.java:buildContainerSet(300)) - Build ContainerSet costs 0s
2022-09-28 15:54:49,887 [Listener at 127.0.0.1/37257] INFO  server.RaftServer (ConfUtils.java:logGet(46)) - raft.rpc.type = GRPC (default)
2022-09-28 15:54:49,887 [Listener at 127.0.0.1/37257] INFO  grpc.GrpcFactory (GrpcFactory.java:checkPooledByteBufAllocatorUseCacheForAllThreads(48)) - PERFORMANCE WARNING: useCacheForAllThreads is true that may cause Netty to create a lot garbage objects and, as a result, trigger GC.
	It is recommended to disable useCacheForAllThreads by setting -Dorg.apache.ratis.thirdparty.io.netty.allocator.useCacheForAllThreads=false in command line.
2022-09-28 15:54:49,887 [Listener at 127.0.0.1/37257] INFO  grpc.GrpcConfigKeys (ConfUtils.java:logGet(46)) - raft.grpc.admin.port = 0 (custom)
2022-09-28 15:54:49,887 [Listener at 127.0.0.1/37257] INFO  grpc.GrpcConfigKeys (ConfUtils.java:logGet(46)) - raft.grpc.client.port = 0 (custom)
2022-09-28 15:54:49,887 [Listener at 127.0.0.1/37257] INFO  grpc.GrpcConfigKeys (ConfUtils.java:logGet(46)) - raft.grpc.server.port = 0 (default)
2022-09-28 15:54:49,888 [Listener at 127.0.0.1/37257] INFO  server.GrpcService (ConfUtils.java:logGet(46)) - raft.grpc.message.size.max = 32MB (=33554432) (custom)
2022-09-28 15:54:49,888 [Listener at 127.0.0.1/37257] INFO  server.RaftServerConfigKeys (ConfUtils.java:logGet(46)) - raft.server.log.appender.buffer.byte-limit = 33554432 (custom)
2022-09-28 15:54:49,888 [Listener at 127.0.0.1/37257] INFO  server.GrpcService (ConfUtils.java:logGet(46)) - raft.grpc.flow.control.window = 5MB (=5242880) (custom)
2022-09-28 15:54:49,888 [Listener at 127.0.0.1/37257] INFO  server.RaftServerConfigKeys (ConfUtils.java:logGet(46)) - raft.server.rpc.request.timeout = 60s (custom)
2022-09-28 15:54:49,888 [Listener at 127.0.0.1/37257] INFO  grpc.GrpcConfigKeys (ConfUtils.java:logGet(46)) - raft.grpc.server.async.request.thread.pool.cached = true (default)
2022-09-28 15:54:49,888 [Listener at 127.0.0.1/37257] INFO  grpc.GrpcConfigKeys (ConfUtils.java:logGet(46)) - raft.grpc.server.async.request.thread.pool.size = 32 (default)
2022-09-28 15:54:49,889 [Listener at 127.0.0.1/37257] INFO  impl.DataStreamServerImpl (ConfUtils.java:logGet(46)) - raft.datastream.type = DISABLED (default)
2022-09-28 15:54:49,889 [Listener at 127.0.0.1/37257] INFO  server.RaftServerConfigKeys (ConfUtils.java:logGet(46)) - raft.server.threadpool.proxy.cached = true (default)
2022-09-28 15:54:49,889 [Listener at 127.0.0.1/37257] INFO  server.RaftServerConfigKeys (ConfUtils.java:logGet(46)) - raft.server.threadpool.proxy.size = 0 (default)
2022-09-28 15:54:49,889 [Listener at 127.0.0.1/37257] INFO  server.RaftServerConfigKeys (ConfUtils.java:logGet(46)) - raft.server.rpc.slowness.timeout = 300s (custom)
2022-09-28 15:54:49,889 [Listener at 127.0.0.1/37257] INFO  server.RaftServerConfigKeys (ConfUtils.java:logGet(46)) - raft.server.leaderelection.leader.step-down.wait-time = 10s (default)
2022-09-28 15:54:49,890 [Listener at 127.0.0.1/37257] INFO  server.RaftServerConfigKeys (ConfUtils.java:logGet(46)) - raft.server.storage.dir = [/home/runner/work/ozone/ozone/hadoop-ozone/integration-test/target/test-dir/MiniOzoneClusterImpl-aff298ea-5285-4275-affb-2c33fd00777e/datanode-2/data/ratis] (custom)
2022-09-28 15:54:49,891 [Listener at 127.0.0.1/37257] INFO  server.XceiverServerGrpc (XceiverServerGrpc.java:<init>(132)) - GrpcServer channel type EpollServerSocketChannel
2022-09-28 15:54:49,893 [Listener at 127.0.0.1/37257] INFO  http.BaseHttpServer (BaseHttpServer.java:newHttpServer2BuilderForOzone(213)) - Starting Web-server for hddsDatanode at: http://0.0.0.0:0
2022-09-28 15:54:49,893 [Listener at 127.0.0.1/37257] INFO  http.BaseHttpServer (BaseHttpServer.java:<init>(108)) - Hadoop Security Enabled: false Ozone Security Enabled: false Ozone HTTP Security Enabled: false 
2022-09-28 15:54:49,894 [Listener at 127.0.0.1/37257] INFO  server.AuthenticationFilter (AuthenticationFilter.java:constructSecretProvider(240)) - Unable to initialize FileSignerSecretProvider, falling back to use random secrets.
2022-09-28 15:54:49,894 [Listener at 127.0.0.1/37257] WARN  http.HttpRequestLog (HttpRequestLog.java:getRequestLog(103)) - Jetty request log can only be enabled using Log4j
2022-09-28 15:54:49,895 [Listener at 127.0.0.1/37257] INFO  http.HttpServer2 (HttpServer2.java:addGlobalFilter(1029)) - Added global filter 'safety' (class=org.apache.hadoop.hdds.server.http.HttpServer2$QuotingInputFilter)
2022-09-28 15:54:49,896 [Listener at 127.0.0.1/37257] INFO  http.HttpServer2 (HttpServer2.java:addFilter(1005)) - Added filter static_user_filter (class=org.apache.hadoop.http.lib.StaticUserWebFilter$StaticUserFilter) to context hddsDatanode
2022-09-28 15:54:49,896 [Listener at 127.0.0.1/37257] INFO  http.HttpServer2 (HttpServer2.java:addFilter(1013)) - Added filter static_user_filter (class=org.apache.hadoop.http.lib.StaticUserWebFilter$StaticUserFilter) to context logs
2022-09-28 15:54:49,896 [Listener at 127.0.0.1/37257] INFO  http.HttpServer2 (HttpServer2.java:addFilter(1013)) - Added filter static_user_filter (class=org.apache.hadoop.http.lib.StaticUserWebFilter$StaticUserFilter) to context static
2022-09-28 15:54:49,896 [Listener at 127.0.0.1/37257] INFO  http.HttpServer2 (HttpServer2.java:bindListener(1248)) - Jetty bound to port 36877
2022-09-28 15:54:49,896 [Listener at 127.0.0.1/37257] INFO  server.Server (Server.java:doStart(375)) - jetty-9.4.43.v20210629; built: 2021-06-30T11:07:22.254Z; git: 526006ecfa3af7f1a27ef3a288e2bef7ea9dd7e8; jvm 1.8.0_345-b01
2022-09-28 15:54:49,898 [Listener at 127.0.0.1/37257] INFO  server.session (DefaultSessionIdManager.java:doStart(334)) - DefaultSessionIdManager workerName=node0
2022-09-28 15:54:49,898 [Listener at 127.0.0.1/37257] INFO  server.session (DefaultSessionIdManager.java:doStart(339)) - No SessionScavenger set, using defaults
2022-09-28 15:54:49,898 [Listener at 127.0.0.1/37257] INFO  server.session (HouseKeeper.java:startScavenging(132)) - node0 Scavenging every 660000ms
2022-09-28 15:54:49,899 [Listener at 127.0.0.1/37257] INFO  handler.ContextHandler (ContextHandler.java:doStart(915)) - Started o.e.j.s.ServletContextHandler@21b7f7f{logs,/logs,file:///home/runner/work/ozone/ozone/hadoop-ozone/integration-test/target/log,AVAILABLE}
2022-09-28 15:54:49,899 [Listener at 127.0.0.1/37257] INFO  handler.ContextHandler (ContextHandler.java:doStart(915)) - Started o.e.j.s.ServletContextHandler@56e3aed9{static,/static,jar:file:/home/runner/.m2/repository/org/apache/ozone/hdds-container-service/1.3.0-SNAPSHOT/hdds-container-service-1.3.0-SNAPSHOT.jar!/webapps/static,AVAILABLE}
2022-09-28 15:54:50,184 [Listener at 127.0.0.1/37257] INFO  handler.ContextHandler (ContextHandler.java:doStart(915)) - Started o.e.j.w.WebAppContext@27901598{hddsDatanode,/,file:///tmp/jetty-0_0_0_0-36877-hdds-container-service-1_3_0-SNAPSHOT_jar-_-any-8509713939861754380/webapp/,AVAILABLE}{jar:file:/home/runner/.m2/repository/org/apache/ozone/hdds-container-service/1.3.0-SNAPSHOT/hdds-container-service-1.3.0-SNAPSHOT.jar!/webapps/hddsDatanode}
2022-09-28 15:54:50,203 [Listener at 127.0.0.1/37257] INFO  server.AbstractConnector (AbstractConnector.java:doStart(331)) - Started ServerConnector@6ff0bb6{HTTP/1.1, (http/1.1)}{0.0.0.0:36877}
2022-09-28 15:54:50,203 [Listener at 127.0.0.1/37257] INFO  server.Server (Server.java:doStart(415)) - Started @194392ms
2022-09-28 15:54:50,203 [Listener at 127.0.0.1/37257] WARN  impl.MetricsSystemImpl (MetricsSystemImpl.java:register(279)) - Sink prometheus already exists!
2022-09-28 15:54:50,207 [Listener at 127.0.0.1/37257] INFO  http.BaseHttpServer (BaseHttpServer.java:updateConnectorAddress(333)) - HTTP server of hddsDatanode listening at http://0.0.0.0:36877
2022-09-28 15:54:50,211 [Listener at 127.0.0.1/37257] WARN  impl.MetricRegistriesImpl (MetricRegistriesImpl.java:addReporterRegistration(111)) - New reporters are added after registries were created. Some metrics will be missing from the reporter. Please add reporter before adding any new registry.
2022-09-28 15:54:50,211 [Listener at 127.0.0.1/37257] WARN  impl.MetricRegistriesImpl (MetricRegistriesImpl.java:addReporterRegistration(111)) - New reporters are added after registries were created. Some metrics will be missing from the reporter. Please add reporter before adding any new registry.
2022-09-28 15:54:50,211 [Listener at 127.0.0.1/37257] INFO  impl.MetricsSystemImpl (MetricsSystemImpl.java:init(158)) - HddsDatanode metrics system started (again)
2022-09-28 15:54:50,221 [Datanode State Machine Daemon Thread] INFO  statemachine.DatanodeStateMachine (DatanodeStateMachine.java:lambda$startDaemon$0(492)) - Ozone container server started.
2022-09-28 15:54:50,240 [Datanode State Machine Task Thread - 0] INFO  datanode.InitDatanodeState (InitDatanodeState.java:persistContainerDatanodeDetails(138)) - DatanodeDetails is persisted to /home/runner/work/ozone/ozone/hadoop-ozone/integration-test/target/test-dir/MiniOzoneClusterImpl-aff298ea-5285-4275-affb-2c33fd00777e/datanode-2/meta/datanode.id
2022-09-28 15:54:50,240 [org.apache.hadoop.util.JvmPauseMonitor$Monitor@6b6bb654] INFO  util.JvmPauseMonitor (JvmPauseMonitor.java:run(188)) - Starting JVM pause monitor
2022-09-28 15:54:50,242 [Listener at 127.0.0.1/37257] INFO  ozone.HddsDatanodeService (HddsDatanodeService.java:start(236)) - HddsDatanodeService host:fv-az203-824.ild0l4k5vsluppoevu2oqvhmda.cx.internal.cloudapp.net ip:10.1.1.55
2022-09-28 15:54:50,270 [Listener at 127.0.0.1/37257] INFO  upgrade.AbstractLayoutVersionManager (AbstractLayoutVersionManager.java:init(83)) - Initializing Layout version manager with metadata layout = DATANODE_SCHEMA_V3 (version = 4), software layout = DATANODE_SCHEMA_V3 (version = 4)
2022-09-28 15:54:50,365 [Listener at 127.0.0.1/37257] INFO  reflections.Reflections (Reflections.java:scan(232)) - Reflections took 94 ms to scan 7 urls, producing 135 keys and 327 values 
2022-09-28 15:54:50,366 [Listener at 127.0.0.1/37257] INFO  statemachine.DatanodeStateMachine (DatanodeStateMachine.java:getEndPointTaskThreadPoolSize(237)) - Datanode State Machine Task Thread Pool size 2
2022-09-28 15:54:50,391 [Listener at 127.0.0.1/37257] INFO  volume.HddsVolume (HddsVolume.java:<init>(117)) - Creating HddsVolume: /home/runner/work/ozone/ozone/hadoop-ozone/integration-test/target/test-dir/MiniOzoneClusterImpl-aff298ea-5285-4275-affb-2c33fd00777e/datanode-3/data-0/containers/hdds of storage type : DISK capacity : 9223372036854775807
2022-09-28 15:54:50,391 [Listener at 127.0.0.1/37257] INFO  volume.MutableVolumeSet (MutableVolumeSet.java:initializeVolumeSet(174)) - Added Volume : /home/runner/work/ozone/ozone/hadoop-ozone/integration-test/target/test-dir/MiniOzoneClusterImpl-aff298ea-5285-4275-affb-2c33fd00777e/datanode-3/data-0/containers/hdds to VolumeSet
2022-09-28 15:54:50,391 [Listener at 127.0.0.1/37257] INFO  volume.ThrottledAsyncChecker (ThrottledAsyncChecker.java:schedule(141)) - Scheduling a check for /home/runner/work/ozone/ozone/hadoop-ozone/integration-test/target/test-dir/MiniOzoneClusterImpl-aff298ea-5285-4275-affb-2c33fd00777e/datanode-3/data-0/containers/hdds
2022-09-28 15:54:50,407 [Listener at 127.0.0.1/37257] INFO  volume.StorageVolumeChecker (StorageVolumeChecker.java:checkAllVolumes(202)) - Scheduled health check for volume /home/runner/work/ozone/ozone/hadoop-ozone/integration-test/target/test-dir/MiniOzoneClusterImpl-aff298ea-5285-4275-affb-2c33fd00777e/datanode-3/data-0/containers/hdds
2022-09-28 15:54:50,417 [Listener at 127.0.0.1/37257] INFO  volume.MutableVolumeSet (MutableVolumeSet.java:initializeVolumeSet(174)) - Added Volume : /home/runner/work/ozone/ozone/hadoop-ozone/integration-test/target/test-dir/MiniOzoneClusterImpl-aff298ea-5285-4275-affb-2c33fd00777e/datanode-3/data/ratis to VolumeSet
2022-09-28 15:54:50,418 [Listener at 127.0.0.1/37257] INFO  volume.ThrottledAsyncChecker (ThrottledAsyncChecker.java:schedule(141)) - Scheduling a check for /home/runner/work/ozone/ozone/hadoop-ozone/integration-test/target/test-dir/MiniOzoneClusterImpl-aff298ea-5285-4275-affb-2c33fd00777e/datanode-3/data/ratis
2022-09-28 15:54:50,427 [Listener at 127.0.0.1/37257] INFO  volume.StorageVolumeChecker (StorageVolumeChecker.java:checkAllVolumes(202)) - Scheduled health check for volume /home/runner/work/ozone/ozone/hadoop-ozone/integration-test/target/test-dir/MiniOzoneClusterImpl-aff298ea-5285-4275-affb-2c33fd00777e/datanode-3/data/ratis
2022-09-28 15:54:50,484 [Thread-1144] INFO  ozoneimpl.ContainerReader (ContainerReader.java:readVolume(175)) - Finish verifying containers on volume /home/runner/work/ozone/ozone/hadoop-ozone/integration-test/target/test-dir/MiniOzoneClusterImpl-aff298ea-5285-4275-affb-2c33fd00777e/datanode-3/data-0/containers/hdds
2022-09-28 15:54:50,484 [Listener at 127.0.0.1/37257] INFO  ozoneimpl.OzoneContainer (OzoneContainer.java:buildContainerSet(300)) - Build ContainerSet costs 0s
2022-09-28 15:54:50,486 [Listener at 127.0.0.1/37257] INFO  server.RaftServer (ConfUtils.java:logGet(46)) - raft.rpc.type = GRPC (default)
2022-09-28 15:54:50,486 [Listener at 127.0.0.1/37257] INFO  grpc.GrpcFactory (GrpcFactory.java:checkPooledByteBufAllocatorUseCacheForAllThreads(48)) - PERFORMANCE WARNING: useCacheForAllThreads is true that may cause Netty to create a lot garbage objects and, as a result, trigger GC.
	It is recommended to disable useCacheForAllThreads by setting -Dorg.apache.ratis.thirdparty.io.netty.allocator.useCacheForAllThreads=false in command line.
2022-09-28 15:54:50,486 [Listener at 127.0.0.1/37257] INFO  grpc.GrpcConfigKeys (ConfUtils.java:logGet(46)) - raft.grpc.admin.port = 0 (custom)
2022-09-28 15:54:50,486 [Listener at 127.0.0.1/37257] INFO  grpc.GrpcConfigKeys (ConfUtils.java:logGet(46)) - raft.grpc.client.port = 0 (custom)
2022-09-28 15:54:50,486 [Listener at 127.0.0.1/37257] INFO  grpc.GrpcConfigKeys (ConfUtils.java:logGet(46)) - raft.grpc.server.port = 0 (default)
2022-09-28 15:54:50,487 [Listener at 127.0.0.1/37257] INFO  server.GrpcService (ConfUtils.java:logGet(46)) - raft.grpc.message.size.max = 32MB (=33554432) (custom)
2022-09-28 15:54:50,487 [Listener at 127.0.0.1/37257] INFO  server.RaftServerConfigKeys (ConfUtils.java:logGet(46)) - raft.server.log.appender.buffer.byte-limit = 33554432 (custom)
2022-09-28 15:54:50,487 [Listener at 127.0.0.1/37257] INFO  server.GrpcService (ConfUtils.java:logGet(46)) - raft.grpc.flow.control.window = 5MB (=5242880) (custom)
2022-09-28 15:54:50,487 [Listener at 127.0.0.1/37257] INFO  server.RaftServerConfigKeys (ConfUtils.java:logGet(46)) - raft.server.rpc.request.timeout = 60s (custom)
2022-09-28 15:54:50,487 [Listener at 127.0.0.1/37257] INFO  grpc.GrpcConfigKeys (ConfUtils.java:logGet(46)) - raft.grpc.server.async.request.thread.pool.cached = true (default)
2022-09-28 15:54:50,487 [Listener at 127.0.0.1/37257] INFO  grpc.GrpcConfigKeys (ConfUtils.java:logGet(46)) - raft.grpc.server.async.request.thread.pool.size = 32 (default)
2022-09-28 15:54:50,488 [Listener at 127.0.0.1/37257] INFO  impl.DataStreamServerImpl (ConfUtils.java:logGet(46)) - raft.datastream.type = DISABLED (default)
2022-09-28 15:54:50,489 [Listener at 127.0.0.1/37257] INFO  server.RaftServerConfigKeys (ConfUtils.java:logGet(46)) - raft.server.threadpool.proxy.cached = true (default)
2022-09-28 15:54:50,489 [Listener at 127.0.0.1/37257] INFO  server.RaftServerConfigKeys (ConfUtils.java:logGet(46)) - raft.server.threadpool.proxy.size = 0 (default)
2022-09-28 15:54:50,489 [Listener at 127.0.0.1/37257] INFO  server.RaftServerConfigKeys (ConfUtils.java:logGet(46)) - raft.server.rpc.slowness.timeout = 300s (custom)
2022-09-28 15:54:50,489 [Listener at 127.0.0.1/37257] INFO  server.RaftServerConfigKeys (ConfUtils.java:logGet(46)) - raft.server.leaderelection.leader.step-down.wait-time = 10s (default)
2022-09-28 15:54:50,489 [Listener at 127.0.0.1/37257] INFO  server.RaftServerConfigKeys (ConfUtils.java:logGet(46)) - raft.server.storage.dir = [/home/runner/work/ozone/ozone/hadoop-ozone/integration-test/target/test-dir/MiniOzoneClusterImpl-aff298ea-5285-4275-affb-2c33fd00777e/datanode-3/data/ratis] (custom)
2022-09-28 15:54:50,517 [Listener at 127.0.0.1/37257] INFO  server.XceiverServerGrpc (XceiverServerGrpc.java:<init>(132)) - GrpcServer channel type EpollServerSocketChannel
2022-09-28 15:54:50,527 [Listener at 127.0.0.1/37257] INFO  http.BaseHttpServer (BaseHttpServer.java:newHttpServer2BuilderForOzone(213)) - Starting Web-server for hddsDatanode at: http://0.0.0.0:0
2022-09-28 15:54:50,531 [Listener at 127.0.0.1/37257] INFO  http.BaseHttpServer (BaseHttpServer.java:<init>(108)) - Hadoop Security Enabled: false Ozone Security Enabled: false Ozone HTTP Security Enabled: false 
2022-09-28 15:54:50,532 [Listener at 127.0.0.1/37257] INFO  server.AuthenticationFilter (AuthenticationFilter.java:constructSecretProvider(240)) - Unable to initialize FileSignerSecretProvider, falling back to use random secrets.
2022-09-28 15:54:50,583 [Listener at 127.0.0.1/37257] WARN  http.HttpRequestLog (HttpRequestLog.java:getRequestLog(103)) - Jetty request log can only be enabled using Log4j
2022-09-28 15:54:50,584 [Listener at 127.0.0.1/37257] INFO  http.HttpServer2 (HttpServer2.java:addGlobalFilter(1029)) - Added global filter 'safety' (class=org.apache.hadoop.hdds.server.http.HttpServer2$QuotingInputFilter)
2022-09-28 15:54:50,585 [Listener at 127.0.0.1/37257] INFO  http.HttpServer2 (HttpServer2.java:addFilter(1005)) - Added filter static_user_filter (class=org.apache.hadoop.http.lib.StaticUserWebFilter$StaticUserFilter) to context hddsDatanode
2022-09-28 15:54:50,585 [Listener at 127.0.0.1/37257] INFO  http.HttpServer2 (HttpServer2.java:addFilter(1013)) - Added filter static_user_filter (class=org.apache.hadoop.http.lib.StaticUserWebFilter$StaticUserFilter) to context static
2022-09-28 15:54:50,585 [Listener at 127.0.0.1/37257] INFO  http.HttpServer2 (HttpServer2.java:addFilter(1013)) - Added filter static_user_filter (class=org.apache.hadoop.http.lib.StaticUserWebFilter$StaticUserFilter) to context logs
2022-09-28 15:54:50,585 [Listener at 127.0.0.1/37257] INFO  http.HttpServer2 (HttpServer2.java:bindListener(1248)) - Jetty bound to port 40129
2022-09-28 15:54:50,585 [Listener at 127.0.0.1/37257] INFO  server.Server (Server.java:doStart(375)) - jetty-9.4.43.v20210629; built: 2021-06-30T11:07:22.254Z; git: 526006ecfa3af7f1a27ef3a288e2bef7ea9dd7e8; jvm 1.8.0_345-b01
2022-09-28 15:54:50,602 [Listener at 127.0.0.1/37257] INFO  server.session (DefaultSessionIdManager.java:doStart(334)) - DefaultSessionIdManager workerName=node0
2022-09-28 15:54:50,602 [Listener at 127.0.0.1/37257] INFO  server.session (DefaultSessionIdManager.java:doStart(339)) - No SessionScavenger set, using defaults
2022-09-28 15:54:50,605 [Listener at 127.0.0.1/37257] INFO  server.session (HouseKeeper.java:startScavenging(132)) - node0 Scavenging every 660000ms
2022-09-28 15:54:50,608 [Listener at 127.0.0.1/37257] INFO  handler.ContextHandler (ContextHandler.java:doStart(915)) - Started o.e.j.s.ServletContextHandler@e7c9f64{logs,/logs,file:///home/runner/work/ozone/ozone/hadoop-ozone/integration-test/target/log,AVAILABLE}
2022-09-28 15:54:50,608 [Listener at 127.0.0.1/37257] INFO  handler.ContextHandler (ContextHandler.java:doStart(915)) - Started o.e.j.s.ServletContextHandler@3f551177{static,/static,jar:file:/home/runner/.m2/repository/org/apache/ozone/hdds-container-service/1.3.0-SNAPSHOT/hdds-container-service-1.3.0-SNAPSHOT.jar!/webapps/static,AVAILABLE}
2022-09-28 15:54:51,091 [EndpointStateMachine task thread for /0.0.0.0:43585 - 0 ] INFO  volume.HddsVolume (HddsVolume.java:createDbStore(307)) - SchemaV3 db is created and loaded at /home/runner/work/ozone/ozone/hadoop-ozone/integration-test/target/test-dir/MiniOzoneClusterImpl-aff298ea-5285-4275-affb-2c33fd00777e/datanode-0/data-0/containers/hdds/aff298ea-5285-4275-affb-2c33fd00777e/DS-381bea84-0ef1-4f8f-bd2d-44a978bcdf6e/container.db for volume DS-381bea84-0ef1-4f8f-bd2d-44a978bcdf6e
2022-09-28 15:54:51,111 [EndpointStateMachine task thread for /0.0.0.0:43585 - 0 ] INFO  volume.HddsVolume (HddsVolume.java:closeDbStore(338)) - SchemaV3 db is stopped at /home/runner/work/ozone/ozone/hadoop-ozone/integration-test/target/test-dir/MiniOzoneClusterImpl-aff298ea-5285-4275-affb-2c33fd00777e/datanode-0/data-0/containers/hdds/aff298ea-5285-4275-affb-2c33fd00777e/DS-381bea84-0ef1-4f8f-bd2d-44a978bcdf6e/container.db for volume DS-381bea84-0ef1-4f8f-bd2d-44a978bcdf6e
2022-09-28 15:54:51,111 [EndpointStateMachine task thread for /0.0.0.0:43585 - 0 ] INFO  ozoneimpl.OzoneContainer (OzoneContainer.java:start(378)) - Attempting to start container services.
2022-09-28 15:54:51,112 [EndpointStateMachine task thread for /0.0.0.0:43585 - 0 ] INFO  ozoneimpl.OzoneContainer (OzoneContainer.java:startContainerScrub(313)) - Background container scanner has been disabled.
2022-09-28 15:54:51,131 [EndpointStateMachine task thread for /0.0.0.0:43585 - 0 ] INFO  replication.ReplicationServer (ReplicationServer.java:start(111)) - ReplicationServer is started using port 38069
2022-09-28 15:54:51,132 [EndpointStateMachine task thread for /0.0.0.0:43585 - 0 ] INFO  ratis.XceiverServerRatis (XceiverServerRatis.java:start(481)) - Starting XceiverServerRatis 5cf4cd61-878f-4dff-a8f0-3c181111f76f
2022-09-28 15:54:51,133 [EndpointStateMachine task thread for /0.0.0.0:43585 - 0 ] INFO  server.RaftServer (RaftServerProxy.java:lambda$start$6(382)) - 5cf4cd61-878f-4dff-a8f0-3c181111f76f: start RPC server
2022-09-28 15:54:51,144 [EndpointStateMachine task thread for /0.0.0.0:43585 - 0 ] INFO  server.GrpcService (GrpcService.java:startImpl(260)) - 5cf4cd61-878f-4dff-a8f0-3c181111f76f: GrpcService started, listening on 35311
2022-09-28 15:54:51,147 [EndpointStateMachine task thread for /0.0.0.0:43585 - 0 ] INFO  ratis.XceiverServerRatis (XceiverServerRatis.java:getRealPort(502)) - XceiverServerRatis 5cf4cd61-878f-4dff-a8f0-3c181111f76f is started using port 35311 for RATIS
2022-09-28 15:54:51,147 [EndpointStateMachine task thread for /0.0.0.0:43585 - 0 ] INFO  ratis.XceiverServerRatis (XceiverServerRatis.java:getRealPort(502)) - XceiverServerRatis 5cf4cd61-878f-4dff-a8f0-3c181111f76f is started using port 35311 for RATIS_ADMIN
2022-09-28 15:54:51,147 [EndpointStateMachine task thread for /0.0.0.0:43585 - 0 ] INFO  ratis.XceiverServerRatis (XceiverServerRatis.java:getRealPort(502)) - XceiverServerRatis 5cf4cd61-878f-4dff-a8f0-3c181111f76f is started using port 35311 for RATIS_SERVER
2022-09-28 15:54:51,147 [org.apache.ratis.util.JvmPauseMonitor$$Lambda$634/1800766250@1e27097e] INFO  util.JvmPauseMonitor (JvmPauseMonitor.java:run(103)) - JvmPauseMonitor-5cf4cd61-878f-4dff-a8f0-3c181111f76f: Started
2022-09-28 15:54:51,163 [Listener at 127.0.0.1/37257] INFO  handler.ContextHandler (ContextHandler.java:doStart(915)) - Started o.e.j.w.WebAppContext@6143c8bf{hddsDatanode,/,file:///tmp/jetty-0_0_0_0-40129-hdds-container-service-1_3_0-SNAPSHOT_jar-_-any-2286562307721215742/webapp/,AVAILABLE}{jar:file:/home/runner/.m2/repository/org/apache/ozone/hdds-container-service/1.3.0-SNAPSHOT/hdds-container-service-1.3.0-SNAPSHOT.jar!/webapps/hddsDatanode}
2022-09-28 15:54:51,200 [Listener at 127.0.0.1/37257] INFO  server.AbstractConnector (AbstractConnector.java:doStart(331)) - Started ServerConnector@149de55c{HTTP/1.1, (http/1.1)}{0.0.0.0:40129}
2022-09-28 15:54:51,201 [Listener at 127.0.0.1/37257] INFO  server.Server (Server.java:doStart(415)) - Started @195389ms
2022-09-28 15:54:51,201 [Listener at 127.0.0.1/37257] WARN  impl.MetricsSystemImpl (MetricsSystemImpl.java:register(279)) - Sink prometheus already exists!
2022-09-28 15:54:51,201 [Listener at 127.0.0.1/37257] INFO  http.BaseHttpServer (BaseHttpServer.java:updateConnectorAddress(333)) - HTTP server of hddsDatanode listening at http://0.0.0.0:40129
2022-09-28 15:54:51,208 [Listener at 127.0.0.1/37257] WARN  impl.MetricRegistriesImpl (MetricRegistriesImpl.java:addReporterRegistration(111)) - New reporters are added after registries were created. Some metrics will be missing from the reporter. Please add reporter before adding any new registry.
2022-09-28 15:54:51,208 [Listener at 127.0.0.1/37257] WARN  impl.MetricRegistriesImpl (MetricRegistriesImpl.java:addReporterRegistration(111)) - New reporters are added after registries were created. Some metrics will be missing from the reporter. Please add reporter before adding any new registry.
2022-09-28 15:54:51,208 [Listener at 127.0.0.1/37257] INFO  impl.MetricsSystemImpl (MetricsSystemImpl.java:init(158)) - HddsDatanode metrics system started (again)
2022-09-28 15:54:51,216 [EndpointStateMachine task thread for /0.0.0.0:43585 - 0 ] INFO  server.XceiverServerGrpc (XceiverServerGrpc.java:start(180)) - XceiverServerGrpc 5cf4cd61-878f-4dff-a8f0-3c181111f76f is started using port 36205
2022-09-28 15:54:51,223 [Datanode State Machine Daemon Thread] INFO  statemachine.DatanodeStateMachine (DatanodeStateMachine.java:lambda$startDaemon$0(492)) - Ozone container server started.
2022-09-28 15:54:51,224 [Listener at 127.0.0.1/37257] INFO  ozone.HddsDatanodeService (HddsDatanodeService.java:start(236)) - HddsDatanodeService host:fv-az203-824.ild0l4k5vsluppoevu2oqvhmda.cx.internal.cloudapp.net ip:10.1.1.55
2022-09-28 15:54:51,255 [Listener at 127.0.0.1/37257] INFO  upgrade.AbstractLayoutVersionManager (AbstractLayoutVersionManager.java:init(83)) - Initializing Layout version manager with metadata layout = DATANODE_SCHEMA_V3 (version = 4), software layout = DATANODE_SCHEMA_V3 (version = 4)
2022-09-28 15:54:51,287 [org.apache.hadoop.util.JvmPauseMonitor$Monitor@754e2f72] INFO  util.JvmPauseMonitor (JvmPauseMonitor.java:run(188)) - Starting JVM pause monitor
2022-09-28 15:54:51,304 [Datanode State Machine Task Thread - 0] INFO  datanode.InitDatanodeState (InitDatanodeState.java:persistContainerDatanodeDetails(138)) - DatanodeDetails is persisted to /home/runner/work/ozone/ozone/hadoop-ozone/integration-test/target/test-dir/MiniOzoneClusterImpl-aff298ea-5285-4275-affb-2c33fd00777e/datanode-3/meta/datanode.id
2022-09-28 15:54:51,396 [Listener at 127.0.0.1/37257] INFO  reflections.Reflections (Reflections.java:scan(232)) - Reflections took 140 ms to scan 7 urls, producing 135 keys and 327 values 
2022-09-28 15:54:51,399 [Listener at 127.0.0.1/37257] INFO  statemachine.DatanodeStateMachine (DatanodeStateMachine.java:getEndPointTaskThreadPoolSize(237)) - Datanode State Machine Task Thread Pool size 2
2022-09-28 15:54:51,419 [Listener at 127.0.0.1/37257] INFO  volume.HddsVolume (HddsVolume.java:<init>(117)) - Creating HddsVolume: /home/runner/work/ozone/ozone/hadoop-ozone/integration-test/target/test-dir/MiniOzoneClusterImpl-aff298ea-5285-4275-affb-2c33fd00777e/datanode-4/data-0/containers/hdds of storage type : DISK capacity : 9223372036854775807
2022-09-28 15:54:51,420 [Listener at 127.0.0.1/37257] INFO  volume.MutableVolumeSet (MutableVolumeSet.java:initializeVolumeSet(174)) - Added Volume : /home/runner/work/ozone/ozone/hadoop-ozone/integration-test/target/test-dir/MiniOzoneClusterImpl-aff298ea-5285-4275-affb-2c33fd00777e/datanode-4/data-0/containers/hdds to VolumeSet
2022-09-28 15:54:51,420 [Listener at 127.0.0.1/37257] INFO  volume.ThrottledAsyncChecker (ThrottledAsyncChecker.java:schedule(141)) - Scheduling a check for /home/runner/work/ozone/ozone/hadoop-ozone/integration-test/target/test-dir/MiniOzoneClusterImpl-aff298ea-5285-4275-affb-2c33fd00777e/datanode-4/data-0/containers/hdds
2022-09-28 15:54:51,453 [Listener at 127.0.0.1/37257] INFO  volume.StorageVolumeChecker (StorageVolumeChecker.java:checkAllVolumes(202)) - Scheduled health check for volume /home/runner/work/ozone/ozone/hadoop-ozone/integration-test/target/test-dir/MiniOzoneClusterImpl-aff298ea-5285-4275-affb-2c33fd00777e/datanode-4/data-0/containers/hdds
2022-09-28 15:54:51,465 [Listener at 127.0.0.1/37257] INFO  volume.MutableVolumeSet (MutableVolumeSet.java:initializeVolumeSet(174)) - Added Volume : /home/runner/work/ozone/ozone/hadoop-ozone/integration-test/target/test-dir/MiniOzoneClusterImpl-aff298ea-5285-4275-affb-2c33fd00777e/datanode-4/data/ratis to VolumeSet
2022-09-28 15:54:51,466 [Listener at 127.0.0.1/37257] INFO  volume.ThrottledAsyncChecker (ThrottledAsyncChecker.java:schedule(141)) - Scheduling a check for /home/runner/work/ozone/ozone/hadoop-ozone/integration-test/target/test-dir/MiniOzoneClusterImpl-aff298ea-5285-4275-affb-2c33fd00777e/datanode-4/data/ratis
2022-09-28 15:54:51,466 [Listener at 127.0.0.1/37257] INFO  volume.StorageVolumeChecker (StorageVolumeChecker.java:checkAllVolumes(202)) - Scheduled health check for volume /home/runner/work/ozone/ozone/hadoop-ozone/integration-test/target/test-dir/MiniOzoneClusterImpl-aff298ea-5285-4275-affb-2c33fd00777e/datanode-4/data/ratis
2022-09-28 15:54:51,555 [Thread-1163] INFO  ozoneimpl.ContainerReader (ContainerReader.java:readVolume(175)) - Finish verifying containers on volume /home/runner/work/ozone/ozone/hadoop-ozone/integration-test/target/test-dir/MiniOzoneClusterImpl-aff298ea-5285-4275-affb-2c33fd00777e/datanode-4/data-0/containers/hdds
2022-09-28 15:54:51,558 [Listener at 127.0.0.1/37257] INFO  ozoneimpl.OzoneContainer (OzoneContainer.java:buildContainerSet(300)) - Build ContainerSet costs 0s
2022-09-28 15:54:51,560 [Listener at 127.0.0.1/37257] INFO  server.RaftServer (ConfUtils.java:logGet(46)) - raft.rpc.type = GRPC (default)
2022-09-28 15:54:51,561 [Listener at 127.0.0.1/37257] INFO  grpc.GrpcFactory (GrpcFactory.java:checkPooledByteBufAllocatorUseCacheForAllThreads(48)) - PERFORMANCE WARNING: useCacheForAllThreads is true that may cause Netty to create a lot garbage objects and, as a result, trigger GC.
	It is recommended to disable useCacheForAllThreads by setting -Dorg.apache.ratis.thirdparty.io.netty.allocator.useCacheForAllThreads=false in command line.
2022-09-28 15:54:51,561 [Listener at 127.0.0.1/37257] INFO  grpc.GrpcConfigKeys (ConfUtils.java:logGet(46)) - raft.grpc.admin.port = 0 (custom)
2022-09-28 15:54:51,561 [Listener at 127.0.0.1/37257] INFO  grpc.GrpcConfigKeys (ConfUtils.java:logGet(46)) - raft.grpc.client.port = 0 (custom)
2022-09-28 15:54:51,561 [Listener at 127.0.0.1/37257] INFO  grpc.GrpcConfigKeys (ConfUtils.java:logGet(46)) - raft.grpc.server.port = 0 (default)
2022-09-28 15:54:51,561 [Listener at 127.0.0.1/37257] INFO  server.GrpcService (ConfUtils.java:logGet(46)) - raft.grpc.message.size.max = 32MB (=33554432) (custom)
2022-09-28 15:54:51,561 [Listener at 127.0.0.1/37257] INFO  server.RaftServerConfigKeys (ConfUtils.java:logGet(46)) - raft.server.log.appender.buffer.byte-limit = 33554432 (custom)
2022-09-28 15:54:51,561 [Listener at 127.0.0.1/37257] INFO  server.GrpcService (ConfUtils.java:logGet(46)) - raft.grpc.flow.control.window = 5MB (=5242880) (custom)
2022-09-28 15:54:51,562 [Listener at 127.0.0.1/37257] INFO  server.RaftServerConfigKeys (ConfUtils.java:logGet(46)) - raft.server.rpc.request.timeout = 60s (custom)
2022-09-28 15:54:51,562 [Listener at 127.0.0.1/37257] INFO  grpc.GrpcConfigKeys (ConfUtils.java:logGet(46)) - raft.grpc.server.async.request.thread.pool.cached = true (default)
2022-09-28 15:54:51,562 [Listener at 127.0.0.1/37257] INFO  grpc.GrpcConfigKeys (ConfUtils.java:logGet(46)) - raft.grpc.server.async.request.thread.pool.size = 32 (default)
2022-09-28 15:54:51,564 [Listener at 127.0.0.1/37257] INFO  impl.DataStreamServerImpl (ConfUtils.java:logGet(46)) - raft.datastream.type = DISABLED (default)
2022-09-28 15:54:51,564 [Listener at 127.0.0.1/37257] INFO  server.RaftServerConfigKeys (ConfUtils.java:logGet(46)) - raft.server.threadpool.proxy.cached = true (default)
2022-09-28 15:54:51,564 [Listener at 127.0.0.1/37257] INFO  server.RaftServerConfigKeys (ConfUtils.java:logGet(46)) - raft.server.threadpool.proxy.size = 0 (default)
2022-09-28 15:54:51,565 [Listener at 127.0.0.1/37257] INFO  server.RaftServerConfigKeys (ConfUtils.java:logGet(46)) - raft.server.rpc.slowness.timeout = 300s (custom)
2022-09-28 15:54:51,565 [Listener at 127.0.0.1/37257] INFO  server.RaftServerConfigKeys (ConfUtils.java:logGet(46)) - raft.server.leaderelection.leader.step-down.wait-time = 10s (default)
2022-09-28 15:54:51,565 [Listener at 127.0.0.1/37257] INFO  server.RaftServerConfigKeys (ConfUtils.java:logGet(46)) - raft.server.storage.dir = [/home/runner/work/ozone/ozone/hadoop-ozone/integration-test/target/test-dir/MiniOzoneClusterImpl-aff298ea-5285-4275-affb-2c33fd00777e/datanode-4/data/ratis] (custom)
2022-09-28 15:54:51,579 [Listener at 127.0.0.1/37257] INFO  server.XceiverServerGrpc (XceiverServerGrpc.java:<init>(132)) - GrpcServer channel type EpollServerSocketChannel
2022-09-28 15:54:51,583 [Listener at 127.0.0.1/37257] INFO  http.BaseHttpServer (BaseHttpServer.java:newHttpServer2BuilderForOzone(213)) - Starting Web-server for hddsDatanode at: http://0.0.0.0:0
2022-09-28 15:54:51,584 [Listener at 127.0.0.1/37257] INFO  http.BaseHttpServer (BaseHttpServer.java:<init>(108)) - Hadoop Security Enabled: false Ozone Security Enabled: false Ozone HTTP Security Enabled: false 
2022-09-28 15:54:51,604 [Listener at 127.0.0.1/37257] INFO  server.AuthenticationFilter (AuthenticationFilter.java:constructSecretProvider(240)) - Unable to initialize FileSignerSecretProvider, falling back to use random secrets.
2022-09-28 15:54:51,604 [Listener at 127.0.0.1/37257] WARN  http.HttpRequestLog (HttpRequestLog.java:getRequestLog(103)) - Jetty request log can only be enabled using Log4j
2022-09-28 15:54:51,606 [Listener at 127.0.0.1/37257] INFO  http.HttpServer2 (HttpServer2.java:addGlobalFilter(1029)) - Added global filter 'safety' (class=org.apache.hadoop.hdds.server.http.HttpServer2$QuotingInputFilter)
2022-09-28 15:54:51,606 [Listener at 127.0.0.1/37257] INFO  http.HttpServer2 (HttpServer2.java:addFilter(1005)) - Added filter static_user_filter (class=org.apache.hadoop.http.lib.StaticUserWebFilter$StaticUserFilter) to context hddsDatanode
2022-09-28 15:54:51,606 [Listener at 127.0.0.1/37257] INFO  http.HttpServer2 (HttpServer2.java:addFilter(1013)) - Added filter static_user_filter (class=org.apache.hadoop.http.lib.StaticUserWebFilter$StaticUserFilter) to context logs
2022-09-28 15:54:51,606 [Listener at 127.0.0.1/37257] INFO  http.HttpServer2 (HttpServer2.java:addFilter(1013)) - Added filter static_user_filter (class=org.apache.hadoop.http.lib.StaticUserWebFilter$StaticUserFilter) to context static
2022-09-28 15:54:51,607 [Listener at 127.0.0.1/37257] INFO  http.HttpServer2 (HttpServer2.java:bindListener(1248)) - Jetty bound to port 38369
2022-09-28 15:54:51,607 [Listener at 127.0.0.1/37257] INFO  server.Server (Server.java:doStart(375)) - jetty-9.4.43.v20210629; built: 2021-06-30T11:07:22.254Z; git: 526006ecfa3af7f1a27ef3a288e2bef7ea9dd7e8; jvm 1.8.0_345-b01
2022-09-28 15:54:51,652 [Listener at 127.0.0.1/37257] INFO  server.session (DefaultSessionIdManager.java:doStart(334)) - DefaultSessionIdManager workerName=node0
2022-09-28 15:54:51,652 [Listener at 127.0.0.1/37257] INFO  server.session (DefaultSessionIdManager.java:doStart(339)) - No SessionScavenger set, using defaults
2022-09-28 15:54:51,652 [Listener at 127.0.0.1/37257] INFO  server.session (HouseKeeper.java:startScavenging(132)) - node0 Scavenging every 660000ms
2022-09-28 15:54:51,653 [Listener at 127.0.0.1/37257] INFO  handler.ContextHandler (ContextHandler.java:doStart(915)) - Started o.e.j.s.ServletContextHandler@69275b11{logs,/logs,file:///home/runner/work/ozone/ozone/hadoop-ozone/integration-test/target/log,AVAILABLE}
2022-09-28 15:54:51,653 [Listener at 127.0.0.1/37257] INFO  handler.ContextHandler (ContextHandler.java:doStart(915)) - Started o.e.j.s.ServletContextHandler@76d55a3e{static,/static,jar:file:/home/runner/.m2/repository/org/apache/ozone/hdds-container-service/1.3.0-SNAPSHOT/hdds-container-service-1.3.0-SNAPSHOT.jar!/webapps/static,AVAILABLE}
2022-09-28 15:54:51,806 [EndpointStateMachine task thread for /0.0.0.0:43585 - 0 ] INFO  volume.HddsVolume (HddsVolume.java:createDbStore(307)) - SchemaV3 db is created and loaded at /home/runner/work/ozone/ozone/hadoop-ozone/integration-test/target/test-dir/MiniOzoneClusterImpl-aff298ea-5285-4275-affb-2c33fd00777e/datanode-1/data-0/containers/hdds/aff298ea-5285-4275-affb-2c33fd00777e/DS-84cc9f6b-9683-42d8-a179-52b933aa41e2/container.db for volume DS-84cc9f6b-9683-42d8-a179-52b933aa41e2
2022-09-28 15:54:51,859 [EndpointStateMachine task thread for /0.0.0.0:43585 - 0 ] INFO  volume.HddsVolume (HddsVolume.java:closeDbStore(338)) - SchemaV3 db is stopped at /home/runner/work/ozone/ozone/hadoop-ozone/integration-test/target/test-dir/MiniOzoneClusterImpl-aff298ea-5285-4275-affb-2c33fd00777e/datanode-1/data-0/containers/hdds/aff298ea-5285-4275-affb-2c33fd00777e/DS-84cc9f6b-9683-42d8-a179-52b933aa41e2/container.db for volume DS-84cc9f6b-9683-42d8-a179-52b933aa41e2
2022-09-28 15:54:51,859 [EndpointStateMachine task thread for /0.0.0.0:43585 - 0 ] INFO  ozoneimpl.OzoneContainer (OzoneContainer.java:start(378)) - Attempting to start container services.
2022-09-28 15:54:51,859 [EndpointStateMachine task thread for /0.0.0.0:43585 - 0 ] INFO  ozoneimpl.OzoneContainer (OzoneContainer.java:startContainerScrub(313)) - Background container scanner has been disabled.
2022-09-28 15:54:51,867 [EndpointStateMachine task thread for /0.0.0.0:43585 - 0 ] INFO  replication.ReplicationServer (ReplicationServer.java:start(111)) - ReplicationServer is started using port 42815
2022-09-28 15:54:51,868 [EndpointStateMachine task thread for /0.0.0.0:43585 - 0 ] INFO  ratis.XceiverServerRatis (XceiverServerRatis.java:start(481)) - Starting XceiverServerRatis 6b2dcef1-f6ed-465a-a116-d89b60e08d93
2022-09-28 15:54:51,879 [EndpointStateMachine task thread for /0.0.0.0:43585 - 0 ] INFO  server.RaftServer (RaftServerProxy.java:lambda$start$6(382)) - 6b2dcef1-f6ed-465a-a116-d89b60e08d93: start RPC server
2022-09-28 15:54:51,895 [EndpointStateMachine task thread for /0.0.0.0:43585 - 0 ] INFO  server.GrpcService (GrpcService.java:startImpl(260)) - 6b2dcef1-f6ed-465a-a116-d89b60e08d93: GrpcService started, listening on 34079
2022-09-28 15:54:51,895 [EndpointStateMachine task thread for /0.0.0.0:43585 - 0 ] INFO  ratis.XceiverServerRatis (XceiverServerRatis.java:getRealPort(502)) - XceiverServerRatis 6b2dcef1-f6ed-465a-a116-d89b60e08d93 is started using port 34079 for RATIS
2022-09-28 15:54:51,895 [EndpointStateMachine task thread for /0.0.0.0:43585 - 0 ] INFO  ratis.XceiverServerRatis (XceiverServerRatis.java:getRealPort(502)) - XceiverServerRatis 6b2dcef1-f6ed-465a-a116-d89b60e08d93 is started using port 34079 for RATIS_ADMIN
2022-09-28 15:54:51,895 [EndpointStateMachine task thread for /0.0.0.0:43585 - 0 ] INFO  ratis.XceiverServerRatis (XceiverServerRatis.java:getRealPort(502)) - XceiverServerRatis 6b2dcef1-f6ed-465a-a116-d89b60e08d93 is started using port 34079 for RATIS_SERVER
2022-09-28 15:54:51,895 [org.apache.ratis.util.JvmPauseMonitor$$Lambda$634/1800766250@29a0baa5] INFO  util.JvmPauseMonitor (JvmPauseMonitor.java:run(103)) - JvmPauseMonitor-6b2dcef1-f6ed-465a-a116-d89b60e08d93: Started
2022-09-28 15:54:51,940 [EndpointStateMachine task thread for /0.0.0.0:43585 - 0 ] INFO  server.XceiverServerGrpc (XceiverServerGrpc.java:start(180)) - XceiverServerGrpc 6b2dcef1-f6ed-465a-a116-d89b60e08d93 is started using port 33269
2022-09-28 15:54:52,200 [Listener at 127.0.0.1/37257] INFO  handler.ContextHandler (ContextHandler.java:doStart(915)) - Started o.e.j.w.WebAppContext@325cb16{hddsDatanode,/,file:///tmp/jetty-0_0_0_0-38369-hdds-container-service-1_3_0-SNAPSHOT_jar-_-any-2385209286788001923/webapp/,AVAILABLE}{jar:file:/home/runner/.m2/repository/org/apache/ozone/hdds-container-service/1.3.0-SNAPSHOT/hdds-container-service-1.3.0-SNAPSHOT.jar!/webapps/hddsDatanode}
2022-09-28 15:54:52,216 [Listener at 127.0.0.1/37257] INFO  server.AbstractConnector (AbstractConnector.java:doStart(331)) - Started ServerConnector@3af0c696{HTTP/1.1, (http/1.1)}{0.0.0.0:38369}
2022-09-28 15:54:52,216 [Listener at 127.0.0.1/37257] INFO  server.Server (Server.java:doStart(415)) - Started @196404ms
2022-09-28 15:54:52,216 [Listener at 127.0.0.1/37257] WARN  impl.MetricsSystemImpl (MetricsSystemImpl.java:register(279)) - Sink prometheus already exists!
2022-09-28 15:54:52,220 [Listener at 127.0.0.1/37257] INFO  http.BaseHttpServer (BaseHttpServer.java:updateConnectorAddress(333)) - HTTP server of hddsDatanode listening at http://0.0.0.0:38369
2022-09-28 15:54:52,234 [Listener at 127.0.0.1/37257] INFO  ozone.MiniOzoneClusterImpl (MiniOzoneClusterImpl.java:lambda$waitForClusterToBeReady$0(216)) - Waiting for nodes to be ready. Got 0 of 5 DN Heartbeats.
2022-09-28 15:54:52,234 [Listener at 127.0.0.1/37257] INFO  ozone.MiniOzoneClusterImpl (MiniOzoneClusterImpl.java:lambda$waitForClusterToBeReady$0(219)) - Waiting for cluster to exit safe mode
2022-09-28 15:54:52,234 [Listener at 127.0.0.1/37257] INFO  ozone.MiniOzoneClusterImpl (MiniOzoneClusterImpl.java:lambda$waitForClusterToBeReady$0(221)) - SCM became leader
2022-09-28 15:54:52,237 [Datanode State Machine Daemon Thread] INFO  statemachine.DatanodeStateMachine (DatanodeStateMachine.java:lambda$startDaemon$0(492)) - Ozone container server started.
2022-09-28 15:54:52,387 [org.apache.hadoop.util.JvmPauseMonitor$Monitor@1b049c64] INFO  util.JvmPauseMonitor (JvmPauseMonitor.java:run(188)) - Starting JVM pause monitor
2022-09-28 15:54:52,410 [EndpointStateMachine task thread for /0.0.0.0:43585 - 0 ] INFO  volume.HddsVolume (HddsVolume.java:createDbStore(307)) - SchemaV3 db is created and loaded at /home/runner/work/ozone/ozone/hadoop-ozone/integration-test/target/test-dir/MiniOzoneClusterImpl-aff298ea-5285-4275-affb-2c33fd00777e/datanode-2/data-0/containers/hdds/aff298ea-5285-4275-affb-2c33fd00777e/DS-e2933ec4-4ffb-4971-ba73-9edf80cd645d/container.db for volume DS-e2933ec4-4ffb-4971-ba73-9edf80cd645d
2022-09-28 15:54:52,410 [EndpointStateMachine task thread for /0.0.0.0:43585 - 0 ] INFO  volume.HddsVolume (HddsVolume.java:closeDbStore(338)) - SchemaV3 db is stopped at /home/runner/work/ozone/ozone/hadoop-ozone/integration-test/target/test-dir/MiniOzoneClusterImpl-aff298ea-5285-4275-affb-2c33fd00777e/datanode-2/data-0/containers/hdds/aff298ea-5285-4275-affb-2c33fd00777e/DS-e2933ec4-4ffb-4971-ba73-9edf80cd645d/container.db for volume DS-e2933ec4-4ffb-4971-ba73-9edf80cd645d
2022-09-28 15:54:52,411 [EndpointStateMachine task thread for /0.0.0.0:43585 - 0 ] INFO  ozoneimpl.OzoneContainer (OzoneContainer.java:start(378)) - Attempting to start container services.
2022-09-28 15:54:52,411 [EndpointStateMachine task thread for /0.0.0.0:43585 - 0 ] INFO  ozoneimpl.OzoneContainer (OzoneContainer.java:startContainerScrub(313)) - Background container scanner has been disabled.
2022-09-28 15:54:52,439 [Datanode State Machine Task Thread - 0] INFO  datanode.InitDatanodeState (InitDatanodeState.java:persistContainerDatanodeDetails(138)) - DatanodeDetails is persisted to /home/runner/work/ozone/ozone/hadoop-ozone/integration-test/target/test-dir/MiniOzoneClusterImpl-aff298ea-5285-4275-affb-2c33fd00777e/datanode-4/meta/datanode.id
2022-09-28 15:54:52,468 [EndpointStateMachine task thread for /0.0.0.0:43585 - 0 ] INFO  replication.ReplicationServer (ReplicationServer.java:start(111)) - ReplicationServer is started using port 45483
2022-09-28 15:54:52,469 [EndpointStateMachine task thread for /0.0.0.0:43585 - 0 ] INFO  ratis.XceiverServerRatis (XceiverServerRatis.java:start(481)) - Starting XceiverServerRatis 50ea5a34-8fbf-4f83-96a7-ee6cc92cfa0a
2022-09-28 15:54:52,479 [EndpointStateMachine task thread for /0.0.0.0:43585 - 0 ] INFO  server.RaftServer (RaftServerProxy.java:lambda$start$6(382)) - 50ea5a34-8fbf-4f83-96a7-ee6cc92cfa0a: start RPC server
2022-09-28 15:54:52,508 [EndpointStateMachine task thread for /0.0.0.0:43585 - 0 ] INFO  server.GrpcService (GrpcService.java:startImpl(260)) - 50ea5a34-8fbf-4f83-96a7-ee6cc92cfa0a: GrpcService started, listening on 41435
2022-09-28 15:54:52,508 [EndpointStateMachine task thread for /0.0.0.0:43585 - 0 ] INFO  ratis.XceiverServerRatis (XceiverServerRatis.java:getRealPort(502)) - XceiverServerRatis 50ea5a34-8fbf-4f83-96a7-ee6cc92cfa0a is started using port 41435 for RATIS
2022-09-28 15:54:52,508 [EndpointStateMachine task thread for /0.0.0.0:43585 - 0 ] INFO  ratis.XceiverServerRatis (XceiverServerRatis.java:getRealPort(502)) - XceiverServerRatis 50ea5a34-8fbf-4f83-96a7-ee6cc92cfa0a is started using port 41435 for RATIS_ADMIN
2022-09-28 15:54:52,508 [EndpointStateMachine task thread for /0.0.0.0:43585 - 0 ] INFO  ratis.XceiverServerRatis (XceiverServerRatis.java:getRealPort(502)) - XceiverServerRatis 50ea5a34-8fbf-4f83-96a7-ee6cc92cfa0a is started using port 41435 for RATIS_SERVER
2022-09-28 15:54:52,508 [org.apache.ratis.util.JvmPauseMonitor$$Lambda$634/1800766250@3cdeefae] INFO  util.JvmPauseMonitor (JvmPauseMonitor.java:run(103)) - JvmPauseMonitor-50ea5a34-8fbf-4f83-96a7-ee6cc92cfa0a: Started
2022-09-28 15:54:52,547 [EndpointStateMachine task thread for /0.0.0.0:43585 - 0 ] INFO  server.XceiverServerGrpc (XceiverServerGrpc.java:start(180)) - XceiverServerGrpc 50ea5a34-8fbf-4f83-96a7-ee6cc92cfa0a is started using port 42267
2022-09-28 15:54:52,943 [IPC Server handler 0 on default port 43585] INFO  net.NetworkTopologyImpl (NetworkTopologyImpl.java:add(112)) - Added a new node: /default-rack/5cf4cd61-878f-4dff-a8f0-3c181111f76f
2022-09-28 15:54:52,944 [IPC Server handler 0 on default port 43585] INFO  node.SCMNodeManager (SCMNodeManager.java:register(397)) - Registered Data node : 5cf4cd61-878f-4dff-a8f0-3c181111f76f{ip: 10.1.1.55, host: fv-az203-824.ild0l4k5vsluppoevu2oqvhmda.cx.internal.cloudapp.net, ports: [REPLICATION=38069, RATIS=35311, RATIS_ADMIN=35311, RATIS_SERVER=35311, STANDALONE=36205], networkLocation: /default-rack, certSerialId: null, persistedOpState: null, persistedOpStateExpiryEpochSec: 0}
2022-09-28 15:54:52,951 [EventQueue-NodeRegistrationContainerReportForContainerSafeModeRule] INFO  safemode.SCMSafeModeManager (SCMSafeModeManager.java:validateSafeModeExitRules(204)) - ContainerSafeModeRule rule is successfully validated
2022-09-28 15:54:52,951 [EventQueue-NodeRegistrationContainerReportForDataNodeSafeModeRule] INFO  safemode.SCMSafeModeManager (DataNodeSafeModeRule.java:process(71)) - SCM in safe mode. 1 DataNodes registered, 3 required.
2022-09-28 15:54:52,964 [EventQueue-NewNodeForNewNodeHandler] INFO  pipeline.BackgroundPipelineCreator (BackgroundPipelineCreator.java:notifyEventTriggered(276)) - trigger a one-shot run on RatisPipelineUtilsThread.
2022-09-28 15:54:52,964 [RatisPipelineUtilsThread - 0] INFO  pipeline.RatisPipelineProvider (RatisPipelineProvider.java:lambda$create$0(195)) - Sending CreatePipelineCommand for pipeline:PipelineID=e33f77f4-5a97-4ab8-924d-1fc824ce5d11 to datanode:5cf4cd61-878f-4dff-a8f0-3c181111f76f
2022-09-28 15:54:52,965 [EventQueue-PipelineReportForOneReplicaPipelineSafeModeRule] INFO  safemode.SCMSafeModeManager (SCMSafeModeManager.java:validateSafeModeExitRules(204)) - AtleastOneDatanodeReportedRule rule is successfully validated
2022-09-28 15:54:52,979 [RatisPipelineUtilsThread - 0] INFO  pipeline.PipelineStateManagerImpl (PipelineStateManagerImpl.java:addPipeline(103)) - Created pipeline Pipeline[ Id: e33f77f4-5a97-4ab8-924d-1fc824ce5d11, Nodes: 5cf4cd61-878f-4dff-a8f0-3c181111f76f{ip: 10.1.1.55, host: fv-az203-824.ild0l4k5vsluppoevu2oqvhmda.cx.internal.cloudapp.net, ports: [REPLICATION=38069, RATIS=35311, RATIS_ADMIN=35311, RATIS_SERVER=35311, STANDALONE=36205], networkLocation: /default-rack, certSerialId: null, persistedOpState: IN_SERVICE, persistedOpStateExpiryEpochSec: 0}, ReplicationConfig: RATIS/ONE, State:ALLOCATED, leaderId:, CreationTimestamp2022-09-28T15:54:52.964Z[Etc/UTC]].
2022-09-28 15:54:53,234 [Listener at 127.0.0.1/37257] INFO  ozone.MiniOzoneClusterImpl (MiniOzoneClusterImpl.java:lambda$waitForClusterToBeReady$0(216)) - Waiting for nodes to be ready. Got 1 of 5 DN Heartbeats.
2022-09-28 15:54:53,235 [Listener at 127.0.0.1/37257] INFO  ozone.MiniOzoneClusterImpl (MiniOzoneClusterImpl.java:lambda$waitForClusterToBeReady$0(219)) - Waiting for cluster to exit safe mode
2022-09-28 15:54:53,235 [Listener at 127.0.0.1/37257] INFO  ozone.MiniOzoneClusterImpl (MiniOzoneClusterImpl.java:lambda$waitForClusterToBeReady$0(221)) - SCM became leader
2022-09-28 15:54:53,357 [EndpointStateMachine task thread for /0.0.0.0:43585 - 0 ] INFO  volume.HddsVolume (HddsVolume.java:createDbStore(307)) - SchemaV3 db is created and loaded at /home/runner/work/ozone/ozone/hadoop-ozone/integration-test/target/test-dir/MiniOzoneClusterImpl-aff298ea-5285-4275-affb-2c33fd00777e/datanode-3/data-0/containers/hdds/aff298ea-5285-4275-affb-2c33fd00777e/DS-6cb71c29-a9f3-4430-9595-af2e789bc7d0/container.db for volume DS-6cb71c29-a9f3-4430-9595-af2e789bc7d0
2022-09-28 15:54:53,384 [EndpointStateMachine task thread for /0.0.0.0:43585 - 0 ] INFO  volume.HddsVolume (HddsVolume.java:closeDbStore(338)) - SchemaV3 db is stopped at /home/runner/work/ozone/ozone/hadoop-ozone/integration-test/target/test-dir/MiniOzoneClusterImpl-aff298ea-5285-4275-affb-2c33fd00777e/datanode-3/data-0/containers/hdds/aff298ea-5285-4275-affb-2c33fd00777e/DS-6cb71c29-a9f3-4430-9595-af2e789bc7d0/container.db for volume DS-6cb71c29-a9f3-4430-9595-af2e789bc7d0
2022-09-28 15:54:53,384 [EndpointStateMachine task thread for /0.0.0.0:43585 - 0 ] INFO  ozoneimpl.OzoneContainer (OzoneContainer.java:start(378)) - Attempting to start container services.
2022-09-28 15:54:53,384 [EndpointStateMachine task thread for /0.0.0.0:43585 - 0 ] INFO  ozoneimpl.OzoneContainer (OzoneContainer.java:startContainerScrub(313)) - Background container scanner has been disabled.
2022-09-28 15:54:53,397 [EndpointStateMachine task thread for /0.0.0.0:43585 - 0 ] INFO  replication.ReplicationServer (ReplicationServer.java:start(111)) - ReplicationServer is started using port 35019
2022-09-28 15:54:53,397 [EndpointStateMachine task thread for /0.0.0.0:43585 - 0 ] INFO  ratis.XceiverServerRatis (XceiverServerRatis.java:start(481)) - Starting XceiverServerRatis efb57e59-7b5e-412f-abe5-c0e716dfec12
2022-09-28 15:54:53,401 [EndpointStateMachine task thread for /0.0.0.0:43585 - 0 ] INFO  server.RaftServer (RaftServerProxy.java:lambda$start$6(382)) - efb57e59-7b5e-412f-abe5-c0e716dfec12: start RPC server
2022-09-28 15:54:53,429 [EndpointStateMachine task thread for /0.0.0.0:43585 - 0 ] INFO  server.GrpcService (GrpcService.java:startImpl(260)) - efb57e59-7b5e-412f-abe5-c0e716dfec12: GrpcService started, listening on 33495
2022-09-28 15:54:53,429 [EndpointStateMachine task thread for /0.0.0.0:43585 - 0 ] INFO  ratis.XceiverServerRatis (XceiverServerRatis.java:getRealPort(502)) - XceiverServerRatis efb57e59-7b5e-412f-abe5-c0e716dfec12 is started using port 33495 for RATIS
2022-09-28 15:54:53,429 [EndpointStateMachine task thread for /0.0.0.0:43585 - 0 ] INFO  ratis.XceiverServerRatis (XceiverServerRatis.java:getRealPort(502)) - XceiverServerRatis efb57e59-7b5e-412f-abe5-c0e716dfec12 is started using port 33495 for RATIS_ADMIN
2022-09-28 15:54:53,429 [EndpointStateMachine task thread for /0.0.0.0:43585 - 0 ] INFO  ratis.XceiverServerRatis (XceiverServerRatis.java:getRealPort(502)) - XceiverServerRatis efb57e59-7b5e-412f-abe5-c0e716dfec12 is started using port 33495 for RATIS_SERVER
2022-09-28 15:54:53,430 [org.apache.ratis.util.JvmPauseMonitor$$Lambda$634/1800766250@6ca8e086] INFO  util.JvmPauseMonitor (JvmPauseMonitor.java:run(103)) - JvmPauseMonitor-efb57e59-7b5e-412f-abe5-c0e716dfec12: Started
2022-09-28 15:54:53,469 [EndpointStateMachine task thread for /0.0.0.0:43585 - 0 ] INFO  server.XceiverServerGrpc (XceiverServerGrpc.java:start(180)) - XceiverServerGrpc efb57e59-7b5e-412f-abe5-c0e716dfec12 is started using port 36165
2022-09-28 15:54:53,673 [IPC Server handler 6 on default port 43585] INFO  net.NetworkTopologyImpl (NetworkTopologyImpl.java:add(112)) - Added a new node: /default-rack/6b2dcef1-f6ed-465a-a116-d89b60e08d93
2022-09-28 15:54:53,673 [IPC Server handler 6 on default port 43585] INFO  node.SCMNodeManager (SCMNodeManager.java:register(397)) - Registered Data node : 6b2dcef1-f6ed-465a-a116-d89b60e08d93{ip: 10.1.1.55, host: fv-az203-824.ild0l4k5vsluppoevu2oqvhmda.cx.internal.cloudapp.net, ports: [REPLICATION=42815, RATIS=34079, RATIS_ADMIN=34079, RATIS_SERVER=34079, STANDALONE=33269], networkLocation: /default-rack, certSerialId: null, persistedOpState: null, persistedOpStateExpiryEpochSec: 0}
2022-09-28 15:54:53,674 [EventQueue-NewNodeForNewNodeHandler] INFO  pipeline.BackgroundPipelineCreator (BackgroundPipelineCreator.java:notifyEventTriggered(276)) - trigger a one-shot run on RatisPipelineUtilsThread.
2022-09-28 15:54:53,679 [EventQueue-NodeRegistrationContainerReportForDataNodeSafeModeRule] INFO  safemode.SCMSafeModeManager (DataNodeSafeModeRule.java:process(71)) - SCM in safe mode. 2 DataNodes registered, 3 required.
2022-09-28 15:54:53,682 [RatisPipelineUtilsThread - 0] INFO  pipeline.RatisPipelineProvider (RatisPipelineProvider.java:lambda$create$0(195)) - Sending CreatePipelineCommand for pipeline:PipelineID=5174431a-142f-4c2b-a2bc-31982628b7f0 to datanode:6b2dcef1-f6ed-465a-a116-d89b60e08d93
2022-09-28 15:54:53,683 [RatisPipelineUtilsThread - 0] INFO  pipeline.PipelineStateManagerImpl (PipelineStateManagerImpl.java:addPipeline(103)) - Created pipeline Pipeline[ Id: 5174431a-142f-4c2b-a2bc-31982628b7f0, Nodes: 6b2dcef1-f6ed-465a-a116-d89b60e08d93{ip: 10.1.1.55, host: fv-az203-824.ild0l4k5vsluppoevu2oqvhmda.cx.internal.cloudapp.net, ports: [REPLICATION=42815, RATIS=34079, RATIS_ADMIN=34079, RATIS_SERVER=34079, STANDALONE=33269], networkLocation: /default-rack, certSerialId: null, persistedOpState: IN_SERVICE, persistedOpStateExpiryEpochSec: 0}, ReplicationConfig: RATIS/ONE, State:ALLOCATED, leaderId:, CreationTimestamp2022-09-28T15:54:53.682Z[Etc/UTC]].
2022-09-28 15:54:54,238 [Listener at 127.0.0.1/37257] INFO  ozone.MiniOzoneClusterImpl (MiniOzoneClusterImpl.java:lambda$waitForClusterToBeReady$0(216)) - Waiting for nodes to be ready. Got 2 of 5 DN Heartbeats.
2022-09-28 15:54:54,238 [Listener at 127.0.0.1/37257] INFO  ozone.MiniOzoneClusterImpl (MiniOzoneClusterImpl.java:lambda$waitForClusterToBeReady$0(219)) - Waiting for cluster to exit safe mode
2022-09-28 15:54:54,238 [Listener at 127.0.0.1/37257] INFO  ozone.MiniOzoneClusterImpl (MiniOzoneClusterImpl.java:lambda$waitForClusterToBeReady$0(221)) - SCM became leader
2022-09-28 15:54:54,243 [IPC Server handler 2 on default port 43585] INFO  net.NetworkTopologyImpl (NetworkTopologyImpl.java:add(112)) - Added a new node: /default-rack/50ea5a34-8fbf-4f83-96a7-ee6cc92cfa0a
2022-09-28 15:54:54,251 [IPC Server handler 2 on default port 43585] INFO  node.SCMNodeManager (SCMNodeManager.java:register(397)) - Registered Data node : 50ea5a34-8fbf-4f83-96a7-ee6cc92cfa0a{ip: 10.1.1.55, host: fv-az203-824.ild0l4k5vsluppoevu2oqvhmda.cx.internal.cloudapp.net, ports: [REPLICATION=45483, RATIS=41435, RATIS_ADMIN=41435, RATIS_SERVER=41435, STANDALONE=42267], networkLocation: /default-rack, certSerialId: null, persistedOpState: null, persistedOpStateExpiryEpochSec: 0}
2022-09-28 15:54:54,251 [EventQueue-NewNodeForNewNodeHandler] INFO  pipeline.BackgroundPipelineCreator (BackgroundPipelineCreator.java:notifyEventTriggered(276)) - trigger a one-shot run on RatisPipelineUtilsThread.
2022-09-28 15:54:54,251 [EventQueue-NodeRegistrationContainerReportForDataNodeSafeModeRule] INFO  safemode.SCMSafeModeManager (DataNodeSafeModeRule.java:process(71)) - SCM in safe mode. 3 DataNodes registered, 3 required.
2022-09-28 15:54:54,251 [EventQueue-NodeRegistrationContainerReportForDataNodeSafeModeRule] INFO  safemode.SCMSafeModeManager (SCMSafeModeManager.java:validateSafeModeExitRules(204)) - DataNodeSafeModeRule rule is successfully validated
2022-09-28 15:54:54,252 [EventQueue-NodeRegistrationContainerReportForDataNodeSafeModeRule] INFO  safemode.SCMSafeModeManager (SCMSafeModeManager.java:completePreCheck(233)) - All SCM safe mode pre check rules have passed
2022-09-28 15:54:54,252 [EventQueue-NodeRegistrationContainerReportForDataNodeSafeModeRule] WARN  events.EventQueue (EventQueue.java:fireEvent(216)) - No event handler registered for event TypedEvent{payloadType=SafeModeStatus, name='Safe mode status'}
2022-09-28 15:54:54,252 [EventQueue-NodeRegistrationContainerReportForDataNodeSafeModeRule] INFO  ha.SCMContext (SCMContext.java:updateSafeModeStatus(228)) - Update SafeModeStatus from SafeModeStatus{safeModeStatus=true, preCheckPassed=false} to SafeModeStatus{safeModeStatus=true, preCheckPassed=true}.
2022-09-28 15:54:54,252 [EventQueue-NodeRegistrationContainerReportForDataNodeSafeModeRule] INFO  pipeline.BackgroundPipelineCreator (BackgroundPipelineCreator.java:notifyEventTriggered(276)) - trigger a one-shot run on RatisPipelineUtilsThread.
2022-09-28 15:54:54,252 [RatisPipelineUtilsThread - 0] INFO  pipeline.RatisPipelineProvider (RatisPipelineProvider.java:lambda$create$0(195)) - Sending CreatePipelineCommand for pipeline:PipelineID=49faa06d-f8cd-4f22-900e-8df09cc98007 to datanode:50ea5a34-8fbf-4f83-96a7-ee6cc92cfa0a
2022-09-28 15:54:54,252 [RatisPipelineUtilsThread - 0] INFO  pipeline.PipelineStateManagerImpl (PipelineStateManagerImpl.java:addPipeline(103)) - Created pipeline Pipeline[ Id: 49faa06d-f8cd-4f22-900e-8df09cc98007, Nodes: 50ea5a34-8fbf-4f83-96a7-ee6cc92cfa0a{ip: 10.1.1.55, host: fv-az203-824.ild0l4k5vsluppoevu2oqvhmda.cx.internal.cloudapp.net, ports: [REPLICATION=45483, RATIS=41435, RATIS_ADMIN=41435, RATIS_SERVER=41435, STANDALONE=42267], networkLocation: /default-rack, certSerialId: null, persistedOpState: IN_SERVICE, persistedOpStateExpiryEpochSec: 0}, ReplicationConfig: RATIS/ONE, State:ALLOCATED, leaderId:, CreationTimestamp2022-09-28T15:54:54.252Z[Etc/UTC]].
2022-09-28 15:54:54,253 [RatisPipelineUtilsThread - 0] INFO  pipeline.RatisPipelineProvider (RatisPipelineProvider.java:lambda$create$0(195)) - Sending CreatePipelineCommand for pipeline:PipelineID=480c99fb-8e47-45c7-a28d-a4729591fc0b to datanode:50ea5a34-8fbf-4f83-96a7-ee6cc92cfa0a
2022-09-28 15:54:54,253 [RatisPipelineUtilsThread - 0] INFO  pipeline.RatisPipelineProvider (RatisPipelineProvider.java:lambda$create$0(195)) - Sending CreatePipelineCommand for pipeline:PipelineID=480c99fb-8e47-45c7-a28d-a4729591fc0b to datanode:6b2dcef1-f6ed-465a-a116-d89b60e08d93
2022-09-28 15:54:54,253 [RatisPipelineUtilsThread - 0] INFO  pipeline.RatisPipelineProvider (RatisPipelineProvider.java:lambda$create$0(195)) - Sending CreatePipelineCommand for pipeline:PipelineID=480c99fb-8e47-45c7-a28d-a4729591fc0b to datanode:5cf4cd61-878f-4dff-a8f0-3c181111f76f
2022-09-28 15:54:54,253 [RatisPipelineUtilsThread - 0] INFO  pipeline.PipelineStateManagerImpl (PipelineStateManagerImpl.java:addPipeline(103)) - Created pipeline Pipeline[ Id: 480c99fb-8e47-45c7-a28d-a4729591fc0b, Nodes: 50ea5a34-8fbf-4f83-96a7-ee6cc92cfa0a{ip: 10.1.1.55, host: fv-az203-824.ild0l4k5vsluppoevu2oqvhmda.cx.internal.cloudapp.net, ports: [REPLICATION=45483, RATIS=41435, RATIS_ADMIN=41435, RATIS_SERVER=41435, STANDALONE=42267], networkLocation: /default-rack, certSerialId: null, persistedOpState: IN_SERVICE, persistedOpStateExpiryEpochSec: 0}6b2dcef1-f6ed-465a-a116-d89b60e08d93{ip: 10.1.1.55, host: fv-az203-824.ild0l4k5vsluppoevu2oqvhmda.cx.internal.cloudapp.net, ports: [REPLICATION=42815, RATIS=34079, RATIS_ADMIN=34079, RATIS_SERVER=34079, STANDALONE=33269], networkLocation: /default-rack, certSerialId: null, persistedOpState: IN_SERVICE, persistedOpStateExpiryEpochSec: 0}5cf4cd61-878f-4dff-a8f0-3c181111f76f{ip: 10.1.1.55, host: fv-az203-824.ild0l4k5vsluppoevu2oqvhmda.cx.internal.cloudapp.net, ports: [REPLICATION=38069, RATIS=35311, RATIS_ADMIN=35311, RATIS_SERVER=35311, STANDALONE=36205], networkLocation: /default-rack, certSerialId: null, persistedOpState: IN_SERVICE, persistedOpStateExpiryEpochSec: 0}, ReplicationConfig: RATIS/THREE, State:ALLOCATED, leaderId:, CreationTimestamp2022-09-28T15:54:54.253Z[Etc/UTC]].
2022-09-28 15:54:54,253 [RatisPipelineUtilsThread - 0] INFO  pipeline.RatisPipelineProvider (RatisPipelineProvider.java:lambda$create$0(195)) - Sending CreatePipelineCommand for pipeline:PipelineID=09ac3006-069a-4136-8cc0-5a73e7049105 to datanode:6b2dcef1-f6ed-465a-a116-d89b60e08d93
2022-09-28 15:54:54,253 [RatisPipelineUtilsThread - 0] INFO  pipeline.RatisPipelineProvider (RatisPipelineProvider.java:lambda$create$0(195)) - Sending CreatePipelineCommand for pipeline:PipelineID=09ac3006-069a-4136-8cc0-5a73e7049105 to datanode:5cf4cd61-878f-4dff-a8f0-3c181111f76f
2022-09-28 15:54:54,253 [RatisPipelineUtilsThread - 0] INFO  pipeline.RatisPipelineProvider (RatisPipelineProvider.java:lambda$create$0(195)) - Sending CreatePipelineCommand for pipeline:PipelineID=09ac3006-069a-4136-8cc0-5a73e7049105 to datanode:50ea5a34-8fbf-4f83-96a7-ee6cc92cfa0a
2022-09-28 15:54:54,254 [RatisPipelineUtilsThread - 0] INFO  pipeline.PipelineStateManagerImpl (PipelineStateManagerImpl.java:addPipeline(103)) - Created pipeline Pipeline[ Id: 09ac3006-069a-4136-8cc0-5a73e7049105, Nodes: 6b2dcef1-f6ed-465a-a116-d89b60e08d93{ip: 10.1.1.55, host: fv-az203-824.ild0l4k5vsluppoevu2oqvhmda.cx.internal.cloudapp.net, ports: [REPLICATION=42815, RATIS=34079, RATIS_ADMIN=34079, RATIS_SERVER=34079, STANDALONE=33269], networkLocation: /default-rack, certSerialId: null, persistedOpState: IN_SERVICE, persistedOpStateExpiryEpochSec: 0}5cf4cd61-878f-4dff-a8f0-3c181111f76f{ip: 10.1.1.55, host: fv-az203-824.ild0l4k5vsluppoevu2oqvhmda.cx.internal.cloudapp.net, ports: [REPLICATION=38069, RATIS=35311, RATIS_ADMIN=35311, RATIS_SERVER=35311, STANDALONE=36205], networkLocation: /default-rack, certSerialId: null, persistedOpState: IN_SERVICE, persistedOpStateExpiryEpochSec: 0}50ea5a34-8fbf-4f83-96a7-ee6cc92cfa0a{ip: 10.1.1.55, host: fv-az203-824.ild0l4k5vsluppoevu2oqvhmda.cx.internal.cloudapp.net, ports: [REPLICATION=45483, RATIS=41435, RATIS_ADMIN=41435, RATIS_SERVER=41435, STANDALONE=42267], networkLocation: /default-rack, certSerialId: null, persistedOpState: IN_SERVICE, persistedOpStateExpiryEpochSec: 0}, ReplicationConfig: RATIS/THREE, State:ALLOCATED, leaderId:, CreationTimestamp2022-09-28T15:54:54.253Z[Etc/UTC]].
2022-09-28 15:54:54,254 [RatisPipelineUtilsThread - 0] INFO  pipeline.PipelineManagerImpl (PipelineManagerImpl.java:recordMetricsForPipeline(796)) - Pipeline: PipelineID=09ac3006-069a-4136-8cc0-5a73e7049105 contains same datanodes as previous pipelines: PipelineID=480c99fb-8e47-45c7-a28d-a4729591fc0b nodeIds: 6b2dcef1-f6ed-465a-a116-d89b60e08d93, 5cf4cd61-878f-4dff-a8f0-3c181111f76f, 50ea5a34-8fbf-4f83-96a7-ee6cc92cfa0a
2022-09-28 15:54:54,512 [EndpointStateMachine task thread for /0.0.0.0:43585 - 0 ] INFO  volume.HddsVolume (HddsVolume.java:createDbStore(307)) - SchemaV3 db is created and loaded at /home/runner/work/ozone/ozone/hadoop-ozone/integration-test/target/test-dir/MiniOzoneClusterImpl-aff298ea-5285-4275-affb-2c33fd00777e/datanode-4/data-0/containers/hdds/aff298ea-5285-4275-affb-2c33fd00777e/DS-649d6c8f-5b65-4a41-9202-387f45c3580b/container.db for volume DS-649d6c8f-5b65-4a41-9202-387f45c3580b
2022-09-28 15:54:54,532 [EndpointStateMachine task thread for /0.0.0.0:43585 - 0 ] INFO  volume.HddsVolume (HddsVolume.java:closeDbStore(338)) - SchemaV3 db is stopped at /home/runner/work/ozone/ozone/hadoop-ozone/integration-test/target/test-dir/MiniOzoneClusterImpl-aff298ea-5285-4275-affb-2c33fd00777e/datanode-4/data-0/containers/hdds/aff298ea-5285-4275-affb-2c33fd00777e/DS-649d6c8f-5b65-4a41-9202-387f45c3580b/container.db for volume DS-649d6c8f-5b65-4a41-9202-387f45c3580b
2022-09-28 15:54:54,532 [EndpointStateMachine task thread for /0.0.0.0:43585 - 0 ] INFO  ozoneimpl.OzoneContainer (OzoneContainer.java:start(378)) - Attempting to start container services.
2022-09-28 15:54:54,532 [EndpointStateMachine task thread for /0.0.0.0:43585 - 0 ] INFO  ozoneimpl.OzoneContainer (OzoneContainer.java:startContainerScrub(313)) - Background container scanner has been disabled.
2022-09-28 15:54:54,563 [EndpointStateMachine task thread for /0.0.0.0:43585 - 0 ] INFO  replication.ReplicationServer (ReplicationServer.java:start(111)) - ReplicationServer is started using port 45605
2022-09-28 15:54:54,575 [EndpointStateMachine task thread for /0.0.0.0:43585 - 0 ] INFO  ratis.XceiverServerRatis (XceiverServerRatis.java:start(481)) - Starting XceiverServerRatis d0376a86-4cb7-4dfb-8000-fedb90cb29d8
2022-09-28 15:54:54,583 [EndpointStateMachine task thread for /0.0.0.0:43585 - 0 ] INFO  server.RaftServer (RaftServerProxy.java:lambda$start$6(382)) - d0376a86-4cb7-4dfb-8000-fedb90cb29d8: start RPC server
2022-09-28 15:54:54,596 [EndpointStateMachine task thread for /0.0.0.0:43585 - 0 ] INFO  server.GrpcService (GrpcService.java:startImpl(260)) - d0376a86-4cb7-4dfb-8000-fedb90cb29d8: GrpcService started, listening on 42389
2022-09-28 15:54:54,596 [EndpointStateMachine task thread for /0.0.0.0:43585 - 0 ] INFO  ratis.XceiverServerRatis (XceiverServerRatis.java:getRealPort(502)) - XceiverServerRatis d0376a86-4cb7-4dfb-8000-fedb90cb29d8 is started using port 42389 for RATIS
2022-09-28 15:54:54,596 [EndpointStateMachine task thread for /0.0.0.0:43585 - 0 ] INFO  ratis.XceiverServerRatis (XceiverServerRatis.java:getRealPort(502)) - XceiverServerRatis d0376a86-4cb7-4dfb-8000-fedb90cb29d8 is started using port 42389 for RATIS_ADMIN
2022-09-28 15:54:54,596 [EndpointStateMachine task thread for /0.0.0.0:43585 - 0 ] INFO  ratis.XceiverServerRatis (XceiverServerRatis.java:getRealPort(502)) - XceiverServerRatis d0376a86-4cb7-4dfb-8000-fedb90cb29d8 is started using port 42389 for RATIS_SERVER
2022-09-28 15:54:54,596 [org.apache.ratis.util.JvmPauseMonitor$$Lambda$634/1800766250@388a5702] INFO  util.JvmPauseMonitor (JvmPauseMonitor.java:run(103)) - JvmPauseMonitor-d0376a86-4cb7-4dfb-8000-fedb90cb29d8: Started
2022-09-28 15:54:54,645 [EndpointStateMachine task thread for /0.0.0.0:43585 - 0 ] INFO  server.XceiverServerGrpc (XceiverServerGrpc.java:start(180)) - XceiverServerGrpc d0376a86-4cb7-4dfb-8000-fedb90cb29d8 is started using port 38431
2022-09-28 15:54:55,238 [Listener at 127.0.0.1/37257] INFO  ozone.MiniOzoneClusterImpl (MiniOzoneClusterImpl.java:lambda$waitForClusterToBeReady$0(216)) - Waiting for nodes to be ready. Got 3 of 5 DN Heartbeats.
2022-09-28 15:54:55,238 [Listener at 127.0.0.1/37257] INFO  ozone.MiniOzoneClusterImpl (MiniOzoneClusterImpl.java:lambda$waitForClusterToBeReady$0(219)) - Waiting for cluster to exit safe mode
2022-09-28 15:54:55,238 [Listener at 127.0.0.1/37257] INFO  ozone.MiniOzoneClusterImpl (MiniOzoneClusterImpl.java:lambda$waitForClusterToBeReady$0(221)) - SCM became leader
2022-09-28 15:54:55,295 [IPC Server handler 5 on default port 43585] INFO  net.NetworkTopologyImpl (NetworkTopologyImpl.java:add(112)) - Added a new node: /default-rack/efb57e59-7b5e-412f-abe5-c0e716dfec12
2022-09-28 15:54:55,295 [IPC Server handler 5 on default port 43585] INFO  node.SCMNodeManager (SCMNodeManager.java:register(397)) - Registered Data node : efb57e59-7b5e-412f-abe5-c0e716dfec12{ip: 10.1.1.55, host: fv-az203-824.ild0l4k5vsluppoevu2oqvhmda.cx.internal.cloudapp.net, ports: [REPLICATION=35019, RATIS=33495, RATIS_ADMIN=33495, RATIS_SERVER=33495, STANDALONE=36165], networkLocation: /default-rack, certSerialId: null, persistedOpState: null, persistedOpStateExpiryEpochSec: 0}
2022-09-28 15:54:55,295 [EventQueue-NewNodeForNewNodeHandler] INFO  pipeline.BackgroundPipelineCreator (BackgroundPipelineCreator.java:notifyEventTriggered(276)) - trigger a one-shot run on RatisPipelineUtilsThread.
2022-09-28 15:54:55,296 [RatisPipelineUtilsThread - 0] INFO  pipeline.RatisPipelineProvider (RatisPipelineProvider.java:lambda$create$0(195)) - Sending CreatePipelineCommand for pipeline:PipelineID=74a891cd-d7de-4311-a204-a5f21d04f577 to datanode:efb57e59-7b5e-412f-abe5-c0e716dfec12
2022-09-28 15:54:55,296 [RatisPipelineUtilsThread - 0] INFO  pipeline.PipelineStateManagerImpl (PipelineStateManagerImpl.java:addPipeline(103)) - Created pipeline Pipeline[ Id: 74a891cd-d7de-4311-a204-a5f21d04f577, Nodes: efb57e59-7b5e-412f-abe5-c0e716dfec12{ip: 10.1.1.55, host: fv-az203-824.ild0l4k5vsluppoevu2oqvhmda.cx.internal.cloudapp.net, ports: [REPLICATION=35019, RATIS=33495, RATIS_ADMIN=33495, RATIS_SERVER=33495, STANDALONE=36165], networkLocation: /default-rack, certSerialId: null, persistedOpState: IN_SERVICE, persistedOpStateExpiryEpochSec: 0}, ReplicationConfig: RATIS/ONE, State:ALLOCATED, leaderId:, CreationTimestamp2022-09-28T15:54:55.296Z[Etc/UTC]].
2022-09-28 15:54:56,044 [Command processor thread] INFO  server.RaftServer (RaftServerProxy.java:addNew(96)) - 5cf4cd61-878f-4dff-a8f0-3c181111f76f: addNew group-1FC824CE5D11:[5cf4cd61-878f-4dff-a8f0-3c181111f76f|rpc:10.1.1.55:35311|priority:1] returns group-1FC824CE5D11:java.util.concurrent.CompletableFuture@915d139[Not completed]
2022-09-28 15:54:56,045 [pool-556-thread-1] INFO  server.RaftServer$Division (RaftServerImpl.java:<init>(190)) - 5cf4cd61-878f-4dff-a8f0-3c181111f76f: new RaftServerImpl for group-1FC824CE5D11:[5cf4cd61-878f-4dff-a8f0-3c181111f76f|rpc:10.1.1.55:35311|priority:1] with ContainerStateMachine:uninitialized
2022-09-28 15:54:56,070 [pool-556-thread-1] INFO  server.RaftServerConfigKeys (ConfUtils.java:logGet(46)) - raft.server.rpc.timeout.min = 5s (custom)
2022-09-28 15:54:56,070 [pool-556-thread-1] INFO  server.RaftServerConfigKeys (ConfUtils.java:logGet(46)) - raft.server.rpc.timeout.max = 5200ms (custom)
2022-09-28 15:54:56,070 [pool-556-thread-1] INFO  server.RaftServerConfigKeys (ConfUtils.java:logGet(46)) - raft.server.rpc.sleep.time = 25ms (default)
2022-09-28 15:54:56,070 [pool-556-thread-1] INFO  server.RaftServerConfigKeys (ConfUtils.java:logGet(46)) - raft.server.rpc.slowness.timeout = 300s (custom)
2022-09-28 15:54:56,070 [pool-556-thread-1] INFO  server.RaftServerConfigKeys (ConfUtils.java:logGet(46)) - raft.server.leaderelection.leader.step-down.wait-time = 10s (default)
2022-09-28 15:54:56,070 [pool-556-thread-1] INFO  server.RaftServerConfigKeys (ConfUtils.java:logGet(46)) - raft.server.sleep.deviation.threshold = 300ms (default)
2022-09-28 15:54:56,070 [pool-556-thread-1] INFO  server.RaftServer$Division (ServerState.java:<init>(107)) - 5cf4cd61-878f-4dff-a8f0-3c181111f76f@group-1FC824CE5D11: ConfigurationManager, init=-1: [5cf4cd61-878f-4dff-a8f0-3c181111f76f|rpc:10.1.1.55:35311|priority:1], old=null, confs=<EMPTY_MAP>
2022-09-28 15:54:56,070 [pool-556-thread-1] INFO  server.RaftServerConfigKeys (ConfUtils.java:logGet(46)) - raft.server.storage.dir = [/home/runner/work/ozone/ozone/hadoop-ozone/integration-test/target/test-dir/MiniOzoneClusterImpl-aff298ea-5285-4275-affb-2c33fd00777e/datanode-0/data/ratis] (custom)
2022-09-28 15:54:56,070 [pool-556-thread-1] INFO  server.RaftServerConfigKeys (ConfUtils.java:logGet(46)) - raft.server.log.corruption.policy = EXCEPTION (default)
2022-09-28 15:54:56,070 [pool-556-thread-1] INFO  server.RaftServerConfigKeys (ConfUtils.java:logGet(46)) - raft.server.storage.free-space.min = 0MB (=0) (default)
2022-09-28 15:54:56,070 [pool-556-thread-1] INFO  storage.RaftStorageDirectory (RaftStorageDirectoryImpl.java:analyzeStorage(135)) - The storage directory /home/runner/work/ozone/ozone/hadoop-ozone/integration-test/target/test-dir/MiniOzoneClusterImpl-aff298ea-5285-4275-affb-2c33fd00777e/datanode-0/data/ratis/e33f77f4-5a97-4ab8-924d-1fc824ce5d11 does not exist. Creating ...
2022-09-28 15:54:56,072 [pool-556-thread-1] INFO  storage.RaftStorageDirectory (RaftStorageDirectoryImpl.java:tryLock(230)) - Lock on /home/runner/work/ozone/ozone/hadoop-ozone/integration-test/target/test-dir/MiniOzoneClusterImpl-aff298ea-5285-4275-affb-2c33fd00777e/datanode-0/data/ratis/e33f77f4-5a97-4ab8-924d-1fc824ce5d11/in_use.lock acquired by nodename 13127@fv-az203-824
2022-09-28 15:54:56,073 [pool-556-thread-1] INFO  storage.RaftStorage (RaftStorageImpl.java:format(89)) - Storage directory /home/runner/work/ozone/ozone/hadoop-ozone/integration-test/target/test-dir/MiniOzoneClusterImpl-aff298ea-5285-4275-affb-2c33fd00777e/datanode-0/data/ratis/e33f77f4-5a97-4ab8-924d-1fc824ce5d11 has been successfully formatted.
2022-09-28 15:54:56,075 [pool-556-thread-1] INFO  ratis.ContainerStateMachine (ContainerStateMachine.java:loadSnapshot(236)) - group-1FC824CE5D11: The snapshot info is null. Setting the last applied indexto:(t:0, i:~)
2022-09-28 15:54:56,075 [pool-556-thread-1] INFO  server.RaftServerConfigKeys (ConfUtils.java:logGet(46)) - raft.server.notification.no-leader.timeout = 300s (custom)
2022-09-28 15:54:56,075 [pool-556-thread-1] INFO  server.RaftServerConfigKeys (ConfUtils.java:logGet(46)) - raft.server.log.use.memory = false (default)
2022-09-28 15:54:56,075 [pool-556-thread-1] INFO  server.RaftServerConfigKeys (ConfUtils.java:logGet(46)) - raft.server.log.purge.gap = 1000000 (custom)
2022-09-28 15:54:56,075 [pool-556-thread-1] INFO  server.RaftServerConfigKeys (ConfUtils.java:logGet(46)) - raft.server.log.appender.buffer.byte-limit = 33554432 (custom)
2022-09-28 15:54:56,075 [pool-556-thread-1] INFO  server.RaftServerConfigKeys (ConfUtils.java:logGet(46)) - raft.server.log.statemachine.data.read.timeout = 1000ms (default)
2022-09-28 15:54:56,075 [pool-556-thread-1] INFO  server.RaftServerConfigKeys (ConfUtils.java:logGet(46)) - raft.server.log.segment.size.max = 1048576 (custom)
2022-09-28 15:54:56,076 [pool-556-thread-1] INFO  server.RaftServerConfigKeys (ConfUtils.java:logGet(46)) - raft.server.log.segment.cache.num.max = 2 (custom)
2022-09-28 15:54:56,076 [pool-556-thread-1] INFO  server.RaftServerConfigKeys (ConfUtils.java:logGet(46)) - raft.server.log.segment.cache.size.max = 200MB (=209715200) (default)
2022-09-28 15:54:56,076 [pool-556-thread-1] INFO  segmented.SegmentedRaftLogWorker (SegmentedRaftLogWorker.java:<init>(187)) - new 5cf4cd61-878f-4dff-a8f0-3c181111f76f@group-1FC824CE5D11-SegmentedRaftLogWorker for RaftStorageImpl:Storage Directory /home/runner/work/ozone/ozone/hadoop-ozone/integration-test/target/test-dir/MiniOzoneClusterImpl-aff298ea-5285-4275-affb-2c33fd00777e/datanode-0/data/ratis/e33f77f4-5a97-4ab8-924d-1fc824ce5d11
2022-09-28 15:54:56,076 [pool-556-thread-1] INFO  server.RaftServerConfigKeys (ConfUtils.java:logGet(46)) - raft.server.log.queue.byte-limit = 4294967296 (custom)
2022-09-28 15:54:56,076 [pool-556-thread-1] INFO  server.RaftServerConfigKeys (ConfUtils.java:logGet(46)) - raft.server.log.queue.element-limit = 1024 (custom)
2022-09-28 15:54:56,076 [pool-556-thread-1] INFO  server.RaftServerConfigKeys (ConfUtils.java:logGet(46)) - raft.server.log.segment.size.max = 1048576 (custom)
2022-09-28 15:54:56,076 [pool-556-thread-1] INFO  server.RaftServerConfigKeys (ConfUtils.java:logGet(46)) - raft.server.log.preallocated.size = 16384 (custom)
2022-09-28 15:54:56,076 [pool-556-thread-1] INFO  server.RaftServerConfigKeys (ConfUtils.java:logGet(46)) - raft.server.log.force.sync.num = 128 (default)
2022-09-28 15:54:56,076 [pool-556-thread-1] INFO  server.RaftServerConfigKeys (ConfUtils.java:logGet(46)) - raft.server.log.statemachine.data.sync = true (default)
2022-09-28 15:54:56,076 [pool-556-thread-1] INFO  server.RaftServerConfigKeys (ConfUtils.java:logGet(46)) - raft.server.log.statemachine.data.sync.timeout = 10s (default)
2022-09-28 15:54:56,076 [pool-556-thread-1] INFO  server.RaftServerConfigKeys (ConfUtils.java:logGet(46)) - raft.server.log.statemachine.data.sync.timeout.retry = -1 (default)
2022-09-28 15:54:56,077 [pool-556-thread-1] INFO  server.RaftServerConfigKeys (ConfUtils.java:logGet(46)) - raft.server.log.write.buffer.size = 1048576 (custom)
2022-09-28 15:54:56,077 [pool-556-thread-1] INFO  server.RaftServerConfigKeys (ConfUtils.java:logGet(46)) - raft.server.log.unsafe-flush.enabled = false (default)
2022-09-28 15:54:56,077 [pool-556-thread-1] INFO  server.RaftServerConfigKeys (ConfUtils.java:logGet(46)) - raft.server.log.statemachine.data.caching.enabled = true (custom)
2022-09-28 15:54:56,077 [pool-556-thread-1] INFO  segmented.SegmentedRaftLogWorker (SegmentedRaftLogWorker.java:lambda$new$0(135)) - 5cf4cd61-878f-4dff-a8f0-3c181111f76f@group-1FC824CE5D11-SegmentedRaftLogWorker: flushIndex: setUnconditionally 0 -> -1
2022-09-28 15:54:56,077 [pool-556-thread-1] INFO  segmented.SegmentedRaftLogWorker (SegmentedRaftLogWorker.java:lambda$new$0(135)) - 5cf4cd61-878f-4dff-a8f0-3c181111f76f@group-1FC824CE5D11-SegmentedRaftLogWorker: safeCacheEvictIndex: setUnconditionally 0 -> -1
2022-09-28 15:54:56,080 [EventQueue-PipelineReportForPipelineReportHandler] INFO  pipeline.PipelineManagerImpl (PipelineManagerImpl.java:openPipeline(367)) - Pipeline Pipeline[ Id: e33f77f4-5a97-4ab8-924d-1fc824ce5d11, Nodes: 5cf4cd61-878f-4dff-a8f0-3c181111f76f{ip: 10.1.1.55, host: fv-az203-824.ild0l4k5vsluppoevu2oqvhmda.cx.internal.cloudapp.net, ports: [REPLICATION=38069, RATIS=35311, RATIS_ADMIN=35311, RATIS_SERVER=35311, STANDALONE=36205], networkLocation: /default-rack, certSerialId: null, persistedOpState: IN_SERVICE, persistedOpStateExpiryEpochSec: 0}, ReplicationConfig: RATIS/ONE, State:ALLOCATED, leaderId:5cf4cd61-878f-4dff-a8f0-3c181111f76f, CreationTimestamp2022-09-28T15:54:52.964Z[Etc/UTC]] moved to OPEN state
2022-09-28 15:54:56,087 [pool-556-thread-1] INFO  server.RaftServerConfigKeys (ConfUtils.java:logGet(46)) - raft.server.snapshot.auto.trigger.enabled = true (custom)
2022-09-28 15:54:56,087 [pool-556-thread-1] INFO  server.RaftServerConfigKeys (ConfUtils.java:logGet(46)) - raft.server.snapshot.auto.trigger.threshold = 10000 (custom)
2022-09-28 15:54:56,087 [pool-556-thread-1] INFO  server.RaftServerConfigKeys (ConfUtils.java:logGet(46)) - raft.server.snapshot.retention.file.num = 5 (custom)
2022-09-28 15:54:56,087 [pool-556-thread-1] INFO  server.RaftServerConfigKeys (ConfUtils.java:logGet(46)) - raft.server.log.purge.upto.snapshot.index = false (default)
2022-09-28 15:54:56,087 [pool-556-thread-1] INFO  server.RaftServerConfigKeys (ConfUtils.java:logGet(46)) - raft.server.retrycache.expirytime = 600000ms (custom)
2022-09-28 15:54:56,087 [pool-556-thread-1] INFO  server.RaftServerConfigKeys (ConfUtils.java:logGet(46)) - raft.server.retrycache.statistics.expirytime = 100μs (default)
2022-09-28 15:54:56,088 [pool-556-thread-1] INFO  server.RaftServerConfigKeys (ConfUtils.java:logGet(46)) - raft.server.log.appender.install.snapshot.enabled = false (custom)
2022-09-28 15:54:56,088 [pool-556-thread-1] INFO  server.RaftServerConfigKeys (ConfUtils.java:logGet(46)) - raft.server.threadpool.server.cached = true (default)
2022-09-28 15:54:56,088 [pool-556-thread-1] INFO  server.RaftServerConfigKeys (ConfUtils.java:logGet(46)) - raft.server.threadpool.server.size = 0 (default)
2022-09-28 15:54:56,088 [pool-556-thread-1] INFO  server.RaftServerConfigKeys (ConfUtils.java:logGet(46)) - raft.server.threadpool.client.cached = true (default)
2022-09-28 15:54:56,088 [pool-556-thread-1] INFO  server.RaftServerConfigKeys (ConfUtils.java:logGet(46)) - raft.server.threadpool.client.size = 0 (default)
2022-09-28 15:54:56,088 [pool-556-thread-1] INFO  server.RaftServer$Division (RaftServerImpl.java:start(310)) - 5cf4cd61-878f-4dff-a8f0-3c181111f76f@group-1FC824CE5D11: start as a follower, conf=-1: [5cf4cd61-878f-4dff-a8f0-3c181111f76f|rpc:10.1.1.55:35311|priority:1], old=null
2022-09-28 15:54:56,088 [pool-556-thread-1] INFO  server.RaftServer$Division (RaftServerImpl.java:setRole(299)) - 5cf4cd61-878f-4dff-a8f0-3c181111f76f@group-1FC824CE5D11: changes role from      null to FOLLOWER at term 0 for startAsFollower
2022-09-28 15:54:56,089 [pool-556-thread-1] INFO  impl.RoleInfo (RoleInfo.java:updateAndGet(139)) - 5cf4cd61-878f-4dff-a8f0-3c181111f76f: start 5cf4cd61-878f-4dff-a8f0-3c181111f76f@group-1FC824CE5D11-FollowerState
2022-09-28 15:54:56,095 [pool-556-thread-1] INFO  util.JmxRegister (JmxRegister.java:tryRegister(44)) - Successfully registered JMX Bean with object name Ratis:service=RaftServer,group=group-1FC824CE5D11,id=5cf4cd61-878f-4dff-a8f0-3c181111f76f
2022-09-28 15:54:56,111 [Command processor thread] INFO  ratis.XceiverServerRatis (XceiverServerRatis.java:addGroup(765)) - Created group PipelineID=e33f77f4-5a97-4ab8-924d-1fc824ce5d11
2022-09-28 15:54:56,114 [Command processor thread] INFO  commandhandler.CreatePipelineCommandHandler (CreatePipelineCommandHandler.java:handle(113)) - Created Pipeline RATIS ONE PipelineID=e33f77f4-5a97-4ab8-924d-1fc824ce5d11.
2022-09-28 15:54:56,114 [Command processor thread] INFO  server.RaftServer (RaftServerProxy.java:addNew(96)) - 5cf4cd61-878f-4dff-a8f0-3c181111f76f: addNew group-A4729591FC0B:[50ea5a34-8fbf-4f83-96a7-ee6cc92cfa0a|rpc:10.1.1.55:41435|priority:0, 5cf4cd61-878f-4dff-a8f0-3c181111f76f|rpc:10.1.1.55:35311|priority:1, 6b2dcef1-f6ed-465a-a116-d89b60e08d93|rpc:10.1.1.55:34079|priority:0] returns group-A4729591FC0B:java.util.concurrent.CompletableFuture@d2a54c3[Not completed]
2022-09-28 15:54:56,115 [pool-556-thread-1] INFO  server.RaftServer$Division (RaftServerImpl.java:<init>(190)) - 5cf4cd61-878f-4dff-a8f0-3c181111f76f: new RaftServerImpl for group-A4729591FC0B:[50ea5a34-8fbf-4f83-96a7-ee6cc92cfa0a|rpc:10.1.1.55:41435|priority:0, 5cf4cd61-878f-4dff-a8f0-3c181111f76f|rpc:10.1.1.55:35311|priority:1, 6b2dcef1-f6ed-465a-a116-d89b60e08d93|rpc:10.1.1.55:34079|priority:0] with ContainerStateMachine:uninitialized
2022-09-28 15:54:56,115 [pool-556-thread-1] INFO  server.RaftServerConfigKeys (ConfUtils.java:logGet(46)) - raft.server.rpc.timeout.min = 5s (custom)
2022-09-28 15:54:56,115 [pool-556-thread-1] INFO  server.RaftServerConfigKeys (ConfUtils.java:logGet(46)) - raft.server.rpc.timeout.max = 5200ms (custom)
2022-09-28 15:54:56,115 [pool-556-thread-1] INFO  server.RaftServerConfigKeys (ConfUtils.java:logGet(46)) - raft.server.rpc.sleep.time = 25ms (default)
2022-09-28 15:54:56,115 [pool-556-thread-1] INFO  server.RaftServerConfigKeys (ConfUtils.java:logGet(46)) - raft.server.rpc.slowness.timeout = 300s (custom)
2022-09-28 15:54:56,115 [pool-556-thread-1] INFO  server.RaftServerConfigKeys (ConfUtils.java:logGet(46)) - raft.server.leaderelection.leader.step-down.wait-time = 10s (default)
2022-09-28 15:54:56,115 [pool-556-thread-1] INFO  server.RaftServerConfigKeys (ConfUtils.java:logGet(46)) - raft.server.sleep.deviation.threshold = 300ms (default)
2022-09-28 15:54:56,115 [pool-556-thread-1] INFO  server.RaftServer$Division (ServerState.java:<init>(107)) - 5cf4cd61-878f-4dff-a8f0-3c181111f76f@group-A4729591FC0B: ConfigurationManager, init=-1: [50ea5a34-8fbf-4f83-96a7-ee6cc92cfa0a|rpc:10.1.1.55:41435|priority:0, 5cf4cd61-878f-4dff-a8f0-3c181111f76f|rpc:10.1.1.55:35311|priority:1, 6b2dcef1-f6ed-465a-a116-d89b60e08d93|rpc:10.1.1.55:34079|priority:0], old=null, confs=<EMPTY_MAP>
2022-09-28 15:54:56,115 [pool-556-thread-1] INFO  server.RaftServerConfigKeys (ConfUtils.java:logGet(46)) - raft.server.storage.dir = [/home/runner/work/ozone/ozone/hadoop-ozone/integration-test/target/test-dir/MiniOzoneClusterImpl-aff298ea-5285-4275-affb-2c33fd00777e/datanode-0/data/ratis] (custom)
2022-09-28 15:54:56,115 [pool-556-thread-1] INFO  server.RaftServerConfigKeys (ConfUtils.java:logGet(46)) - raft.server.log.corruption.policy = EXCEPTION (default)
2022-09-28 15:54:56,115 [pool-556-thread-1] INFO  server.RaftServerConfigKeys (ConfUtils.java:logGet(46)) - raft.server.storage.free-space.min = 0MB (=0) (default)
2022-09-28 15:54:56,116 [pool-556-thread-1] INFO  storage.RaftStorageDirectory (RaftStorageDirectoryImpl.java:analyzeStorage(135)) - The storage directory /home/runner/work/ozone/ozone/hadoop-ozone/integration-test/target/test-dir/MiniOzoneClusterImpl-aff298ea-5285-4275-affb-2c33fd00777e/datanode-0/data/ratis/480c99fb-8e47-45c7-a28d-a4729591fc0b does not exist. Creating ...
2022-09-28 15:54:56,117 [pool-556-thread-1] INFO  storage.RaftStorageDirectory (RaftStorageDirectoryImpl.java:tryLock(230)) - Lock on /home/runner/work/ozone/ozone/hadoop-ozone/integration-test/target/test-dir/MiniOzoneClusterImpl-aff298ea-5285-4275-affb-2c33fd00777e/datanode-0/data/ratis/480c99fb-8e47-45c7-a28d-a4729591fc0b/in_use.lock acquired by nodename 13127@fv-az203-824
2022-09-28 15:54:56,138 [pool-556-thread-1] INFO  storage.RaftStorage (RaftStorageImpl.java:format(89)) - Storage directory /home/runner/work/ozone/ozone/hadoop-ozone/integration-test/target/test-dir/MiniOzoneClusterImpl-aff298ea-5285-4275-affb-2c33fd00777e/datanode-0/data/ratis/480c99fb-8e47-45c7-a28d-a4729591fc0b has been successfully formatted.
2022-09-28 15:54:56,138 [pool-556-thread-1] INFO  ratis.ContainerStateMachine (ContainerStateMachine.java:loadSnapshot(236)) - group-A4729591FC0B: The snapshot info is null. Setting the last applied indexto:(t:0, i:~)
2022-09-28 15:54:56,139 [pool-556-thread-1] INFO  server.RaftServerConfigKeys (ConfUtils.java:logGet(46)) - raft.server.notification.no-leader.timeout = 300s (custom)
2022-09-28 15:54:56,139 [pool-556-thread-1] INFO  server.RaftServerConfigKeys (ConfUtils.java:logGet(46)) - raft.server.log.use.memory = false (default)
2022-09-28 15:54:56,139 [pool-556-thread-1] INFO  server.RaftServerConfigKeys (ConfUtils.java:logGet(46)) - raft.server.log.purge.gap = 1000000 (custom)
2022-09-28 15:54:56,139 [pool-556-thread-1] INFO  server.RaftServerConfigKeys (ConfUtils.java:logGet(46)) - raft.server.log.appender.buffer.byte-limit = 33554432 (custom)
2022-09-28 15:54:56,139 [pool-556-thread-1] INFO  server.RaftServerConfigKeys (ConfUtils.java:logGet(46)) - raft.server.log.statemachine.data.read.timeout = 1000ms (default)
2022-09-28 15:54:56,139 [pool-556-thread-1] INFO  server.RaftServerConfigKeys (ConfUtils.java:logGet(46)) - raft.server.log.segment.size.max = 1048576 (custom)
2022-09-28 15:54:56,139 [pool-556-thread-1] INFO  server.RaftServerConfigKeys (ConfUtils.java:logGet(46)) - raft.server.log.segment.cache.num.max = 2 (custom)
2022-09-28 15:54:56,139 [pool-556-thread-1] INFO  server.RaftServerConfigKeys (ConfUtils.java:logGet(46)) - raft.server.log.segment.cache.size.max = 200MB (=209715200) (default)
2022-09-28 15:54:56,139 [pool-556-thread-1] INFO  segmented.SegmentedRaftLogWorker (SegmentedRaftLogWorker.java:<init>(187)) - new 5cf4cd61-878f-4dff-a8f0-3c181111f76f@group-A4729591FC0B-SegmentedRaftLogWorker for RaftStorageImpl:Storage Directory /home/runner/work/ozone/ozone/hadoop-ozone/integration-test/target/test-dir/MiniOzoneClusterImpl-aff298ea-5285-4275-affb-2c33fd00777e/datanode-0/data/ratis/480c99fb-8e47-45c7-a28d-a4729591fc0b
2022-09-28 15:54:56,139 [pool-556-thread-1] INFO  server.RaftServerConfigKeys (ConfUtils.java:logGet(46)) - raft.server.log.queue.byte-limit = 4294967296 (custom)
2022-09-28 15:54:56,139 [pool-556-thread-1] INFO  server.RaftServerConfigKeys (ConfUtils.java:logGet(46)) - raft.server.log.queue.element-limit = 1024 (custom)
2022-09-28 15:54:56,139 [pool-556-thread-1] INFO  server.RaftServerConfigKeys (ConfUtils.java:logGet(46)) - raft.server.log.segment.size.max = 1048576 (custom)
2022-09-28 15:54:56,140 [pool-556-thread-1] INFO  server.RaftServerConfigKeys (ConfUtils.java:logGet(46)) - raft.server.log.preallocated.size = 16384 (custom)
2022-09-28 15:54:56,140 [pool-556-thread-1] INFO  server.RaftServerConfigKeys (ConfUtils.java:logGet(46)) - raft.server.log.force.sync.num = 128 (default)
2022-09-28 15:54:56,140 [pool-556-thread-1] INFO  server.RaftServerConfigKeys (ConfUtils.java:logGet(46)) - raft.server.log.statemachine.data.sync = true (default)
2022-09-28 15:54:56,140 [pool-556-thread-1] INFO  server.RaftServerConfigKeys (ConfUtils.java:logGet(46)) - raft.server.log.statemachine.data.sync.timeout = 10s (default)
2022-09-28 15:54:56,140 [pool-556-thread-1] INFO  server.RaftServerConfigKeys (ConfUtils.java:logGet(46)) - raft.server.log.statemachine.data.sync.timeout.retry = -1 (default)
2022-09-28 15:54:56,140 [pool-556-thread-1] INFO  server.RaftServerConfigKeys (ConfUtils.java:logGet(46)) - raft.server.log.write.buffer.size = 1048576 (custom)
2022-09-28 15:54:56,141 [pool-556-thread-1] INFO  server.RaftServerConfigKeys (ConfUtils.java:logGet(46)) - raft.server.log.unsafe-flush.enabled = false (default)
2022-09-28 15:54:56,141 [pool-556-thread-1] INFO  server.RaftServerConfigKeys (ConfUtils.java:logGet(46)) - raft.server.log.statemachine.data.caching.enabled = true (custom)
2022-09-28 15:54:56,141 [pool-556-thread-1] INFO  segmented.SegmentedRaftLogWorker (SegmentedRaftLogWorker.java:lambda$new$0(135)) - 5cf4cd61-878f-4dff-a8f0-3c181111f76f@group-A4729591FC0B-SegmentedRaftLogWorker: flushIndex: setUnconditionally 0 -> -1
2022-09-28 15:54:56,141 [pool-556-thread-1] INFO  segmented.SegmentedRaftLogWorker (SegmentedRaftLogWorker.java:lambda$new$0(135)) - 5cf4cd61-878f-4dff-a8f0-3c181111f76f@group-A4729591FC0B-SegmentedRaftLogWorker: safeCacheEvictIndex: setUnconditionally 0 -> -1
2022-09-28 15:54:56,155 [EventQueue-OpenPipelineForHealthyPipelineSafeModeRule] INFO  safemode.SCMSafeModeManager (HealthyPipelineSafeModeRule.java:process(137)) - SCM in safe mode. Healthy pipelines reported count is 0, required healthy pipeline reported count is 1
2022-09-28 15:54:56,155 [EventQueue-OpenPipelineForHealthyPipelineSafeModeRule] INFO  safemode.SCMSafeModeManager (HealthyPipelineSafeModeRule.java:process(137)) - SCM in safe mode. Healthy pipelines reported count is 0, required healthy pipeline reported count is 1
2022-09-28 15:54:56,163 [pool-556-thread-1] INFO  server.RaftServerConfigKeys (ConfUtils.java:logGet(46)) - raft.server.snapshot.auto.trigger.enabled = true (custom)
2022-09-28 15:54:56,163 [pool-556-thread-1] INFO  server.RaftServerConfigKeys (ConfUtils.java:logGet(46)) - raft.server.snapshot.auto.trigger.threshold = 10000 (custom)
2022-09-28 15:54:56,163 [pool-556-thread-1] INFO  server.RaftServerConfigKeys (ConfUtils.java:logGet(46)) - raft.server.snapshot.retention.file.num = 5 (custom)
2022-09-28 15:54:56,163 [pool-556-thread-1] INFO  server.RaftServerConfigKeys (ConfUtils.java:logGet(46)) - raft.server.log.purge.upto.snapshot.index = false (default)
2022-09-28 15:54:56,163 [pool-556-thread-1] INFO  server.RaftServerConfigKeys (ConfUtils.java:logGet(46)) - raft.server.retrycache.expirytime = 600000ms (custom)
2022-09-28 15:54:56,163 [pool-556-thread-1] INFO  server.RaftServerConfigKeys (ConfUtils.java:logGet(46)) - raft.server.retrycache.statistics.expirytime = 100μs (default)
2022-09-28 15:54:56,164 [pool-556-thread-1] INFO  server.RaftServerConfigKeys (ConfUtils.java:logGet(46)) - raft.server.log.appender.install.snapshot.enabled = false (custom)
2022-09-28 15:54:56,164 [pool-556-thread-1] INFO  server.RaftServerConfigKeys (ConfUtils.java:logGet(46)) - raft.server.threadpool.server.cached = true (default)
2022-09-28 15:54:56,164 [pool-556-thread-1] INFO  server.RaftServerConfigKeys (ConfUtils.java:logGet(46)) - raft.server.threadpool.server.size = 0 (default)
2022-09-28 15:54:56,164 [pool-556-thread-1] INFO  server.RaftServerConfigKeys (ConfUtils.java:logGet(46)) - raft.server.threadpool.client.cached = true (default)
2022-09-28 15:54:56,164 [pool-556-thread-1] INFO  server.RaftServerConfigKeys (ConfUtils.java:logGet(46)) - raft.server.threadpool.client.size = 0 (default)
2022-09-28 15:54:56,164 [pool-556-thread-1] INFO  server.RaftServer$Division (RaftServerImpl.java:start(310)) - 5cf4cd61-878f-4dff-a8f0-3c181111f76f@group-A4729591FC0B: start as a follower, conf=-1: [50ea5a34-8fbf-4f83-96a7-ee6cc92cfa0a|rpc:10.1.1.55:41435|priority:0, 5cf4cd61-878f-4dff-a8f0-3c181111f76f|rpc:10.1.1.55:35311|priority:1, 6b2dcef1-f6ed-465a-a116-d89b60e08d93|rpc:10.1.1.55:34079|priority:0], old=null
2022-09-28 15:54:56,164 [pool-556-thread-1] INFO  server.RaftServer$Division (RaftServerImpl.java:setRole(299)) - 5cf4cd61-878f-4dff-a8f0-3c181111f76f@group-A4729591FC0B: changes role from      null to FOLLOWER at term 0 for startAsFollower
2022-09-28 15:54:56,164 [pool-556-thread-1] INFO  impl.RoleInfo (RoleInfo.java:updateAndGet(139)) - 5cf4cd61-878f-4dff-a8f0-3c181111f76f: start 5cf4cd61-878f-4dff-a8f0-3c181111f76f@group-A4729591FC0B-FollowerState
2022-09-28 15:54:56,171 [pool-556-thread-1] INFO  util.JmxRegister (JmxRegister.java:tryRegister(44)) - Successfully registered JMX Bean with object name Ratis:service=RaftServer,group=group-A4729591FC0B,id=5cf4cd61-878f-4dff-a8f0-3c181111f76f
2022-09-28 15:54:56,188 [Command processor thread] INFO  ratis.XceiverServerRatis (XceiverServerRatis.java:addGroup(765)) - Created group PipelineID=480c99fb-8e47-45c7-a28d-a4729591fc0b
2022-09-28 15:54:56,236 [grpc-default-executor-0] INFO  server.RaftServer (RaftServerProxy.java:addNew(96)) - 50ea5a34-8fbf-4f83-96a7-ee6cc92cfa0a: addNew group-A4729591FC0B:[50ea5a34-8fbf-4f83-96a7-ee6cc92cfa0a|rpc:10.1.1.55:41435|dataStream:|priority:0, 5cf4cd61-878f-4dff-a8f0-3c181111f76f|rpc:10.1.1.55:35311|dataStream:|priority:1, 6b2dcef1-f6ed-465a-a116-d89b60e08d93|rpc:10.1.1.55:34079|dataStream:|priority:0] returns group-A4729591FC0B:java.util.concurrent.CompletableFuture@40ccf87a[Not completed]
2022-09-28 15:54:56,239 [Listener at 127.0.0.1/37257] INFO  ozone.MiniOzoneClusterImpl (MiniOzoneClusterImpl.java:lambda$waitForClusterToBeReady$0(216)) - Waiting for nodes to be ready. Got 4 of 5 DN Heartbeats.
2022-09-28 15:54:56,239 [Listener at 127.0.0.1/37257] INFO  ozone.MiniOzoneClusterImpl (MiniOzoneClusterImpl.java:lambda$waitForClusterToBeReady$0(219)) - Waiting for cluster to exit safe mode
2022-09-28 15:54:56,239 [Listener at 127.0.0.1/37257] INFO  ozone.MiniOzoneClusterImpl (MiniOzoneClusterImpl.java:lambda$waitForClusterToBeReady$0(221)) - SCM became leader
2022-09-28 15:54:56,256 [pool-602-thread-1] INFO  server.RaftServer$Division (RaftServerImpl.java:<init>(190)) - 50ea5a34-8fbf-4f83-96a7-ee6cc92cfa0a: new RaftServerImpl for group-A4729591FC0B:[50ea5a34-8fbf-4f83-96a7-ee6cc92cfa0a|rpc:10.1.1.55:41435|dataStream:|priority:0, 5cf4cd61-878f-4dff-a8f0-3c181111f76f|rpc:10.1.1.55:35311|dataStream:|priority:1, 6b2dcef1-f6ed-465a-a116-d89b60e08d93|rpc:10.1.1.55:34079|dataStream:|priority:0] with ContainerStateMachine:uninitialized
2022-09-28 15:54:56,256 [pool-602-thread-1] INFO  server.RaftServerConfigKeys (ConfUtils.java:logGet(46)) - raft.server.rpc.timeout.min = 5s (custom)
2022-09-28 15:54:56,256 [pool-602-thread-1] INFO  server.RaftServerConfigKeys (ConfUtils.java:logGet(46)) - raft.server.rpc.timeout.max = 5200ms (custom)
2022-09-28 15:54:56,256 [pool-602-thread-1] INFO  server.RaftServerConfigKeys (ConfUtils.java:logGet(46)) - raft.server.rpc.sleep.time = 25ms (default)
2022-09-28 15:54:56,256 [pool-602-thread-1] INFO  server.RaftServerConfigKeys (ConfUtils.java:logGet(46)) - raft.server.rpc.slowness.timeout = 300s (custom)
2022-09-28 15:54:56,256 [pool-602-thread-1] INFO  server.RaftServerConfigKeys (ConfUtils.java:logGet(46)) - raft.server.leaderelection.leader.step-down.wait-time = 10s (default)
2022-09-28 15:54:56,256 [pool-602-thread-1] INFO  server.RaftServerConfigKeys (ConfUtils.java:logGet(46)) - raft.server.sleep.deviation.threshold = 300ms (default)
2022-09-28 15:54:56,256 [pool-602-thread-1] INFO  server.RaftServer$Division (ServerState.java:<init>(107)) - 50ea5a34-8fbf-4f83-96a7-ee6cc92cfa0a@group-A4729591FC0B: ConfigurationManager, init=-1: [50ea5a34-8fbf-4f83-96a7-ee6cc92cfa0a|rpc:10.1.1.55:41435|dataStream:|priority:0, 5cf4cd61-878f-4dff-a8f0-3c181111f76f|rpc:10.1.1.55:35311|dataStream:|priority:1, 6b2dcef1-f6ed-465a-a116-d89b60e08d93|rpc:10.1.1.55:34079|dataStream:|priority:0], old=null, confs=<EMPTY_MAP>
2022-09-28 15:54:56,256 [pool-602-thread-1] INFO  server.RaftServerConfigKeys (ConfUtils.java:logGet(46)) - raft.server.storage.dir = [/home/runner/work/ozone/ozone/hadoop-ozone/integration-test/target/test-dir/MiniOzoneClusterImpl-aff298ea-5285-4275-affb-2c33fd00777e/datanode-2/data/ratis] (custom)
2022-09-28 15:54:56,256 [pool-602-thread-1] INFO  server.RaftServerConfigKeys (ConfUtils.java:logGet(46)) - raft.server.log.corruption.policy = EXCEPTION (default)
2022-09-28 15:54:56,256 [pool-602-thread-1] INFO  server.RaftServerConfigKeys (ConfUtils.java:logGet(46)) - raft.server.storage.free-space.min = 0MB (=0) (default)
2022-09-28 15:54:56,256 [pool-602-thread-1] INFO  storage.RaftStorageDirectory (RaftStorageDirectoryImpl.java:analyzeStorage(135)) - The storage directory /home/runner/work/ozone/ozone/hadoop-ozone/integration-test/target/test-dir/MiniOzoneClusterImpl-aff298ea-5285-4275-affb-2c33fd00777e/datanode-2/data/ratis/480c99fb-8e47-45c7-a28d-a4729591fc0b does not exist. Creating ...
2022-09-28 15:54:56,263 [pool-602-thread-1] INFO  storage.RaftStorageDirectory (RaftStorageDirectoryImpl.java:tryLock(230)) - Lock on /home/runner/work/ozone/ozone/hadoop-ozone/integration-test/target/test-dir/MiniOzoneClusterImpl-aff298ea-5285-4275-affb-2c33fd00777e/datanode-2/data/ratis/480c99fb-8e47-45c7-a28d-a4729591fc0b/in_use.lock acquired by nodename 13127@fv-az203-824
2022-09-28 15:54:56,267 [pool-602-thread-1] INFO  storage.RaftStorage (RaftStorageImpl.java:format(89)) - Storage directory /home/runner/work/ozone/ozone/hadoop-ozone/integration-test/target/test-dir/MiniOzoneClusterImpl-aff298ea-5285-4275-affb-2c33fd00777e/datanode-2/data/ratis/480c99fb-8e47-45c7-a28d-a4729591fc0b has been successfully formatted.
2022-09-28 15:54:56,269 [pool-602-thread-1] INFO  ratis.ContainerStateMachine (ContainerStateMachine.java:loadSnapshot(236)) - group-A4729591FC0B: The snapshot info is null. Setting the last applied indexto:(t:0, i:~)
2022-09-28 15:54:56,269 [pool-602-thread-1] INFO  server.RaftServerConfigKeys (ConfUtils.java:logGet(46)) - raft.server.notification.no-leader.timeout = 300s (custom)
2022-09-28 15:54:56,269 [pool-602-thread-1] INFO  server.RaftServerConfigKeys (ConfUtils.java:logGet(46)) - raft.server.log.use.memory = false (default)
2022-09-28 15:54:56,269 [pool-602-thread-1] INFO  server.RaftServerConfigKeys (ConfUtils.java:logGet(46)) - raft.server.log.purge.gap = 1000000 (custom)
2022-09-28 15:54:56,270 [pool-602-thread-1] INFO  server.RaftServerConfigKeys (ConfUtils.java:logGet(46)) - raft.server.log.appender.buffer.byte-limit = 33554432 (custom)
2022-09-28 15:54:56,270 [pool-602-thread-1] INFO  server.RaftServerConfigKeys (ConfUtils.java:logGet(46)) - raft.server.log.statemachine.data.read.timeout = 1000ms (default)
2022-09-28 15:54:56,270 [pool-602-thread-1] INFO  server.RaftServerConfigKeys (ConfUtils.java:logGet(46)) - raft.server.log.segment.size.max = 1048576 (custom)
2022-09-28 15:54:56,270 [pool-602-thread-1] INFO  server.RaftServerConfigKeys (ConfUtils.java:logGet(46)) - raft.server.log.segment.cache.num.max = 2 (custom)
2022-09-28 15:54:56,270 [pool-602-thread-1] INFO  server.RaftServerConfigKeys (ConfUtils.java:logGet(46)) - raft.server.log.segment.cache.size.max = 200MB (=209715200) (default)
2022-09-28 15:54:56,270 [pool-602-thread-1] INFO  segmented.SegmentedRaftLogWorker (SegmentedRaftLogWorker.java:<init>(187)) - new 50ea5a34-8fbf-4f83-96a7-ee6cc92cfa0a@group-A4729591FC0B-SegmentedRaftLogWorker for RaftStorageImpl:Storage Directory /home/runner/work/ozone/ozone/hadoop-ozone/integration-test/target/test-dir/MiniOzoneClusterImpl-aff298ea-5285-4275-affb-2c33fd00777e/datanode-2/data/ratis/480c99fb-8e47-45c7-a28d-a4729591fc0b
2022-09-28 15:54:56,270 [pool-602-thread-1] INFO  server.RaftServerConfigKeys (ConfUtils.java:logGet(46)) - raft.server.log.queue.byte-limit = 4294967296 (custom)
2022-09-28 15:54:56,270 [pool-602-thread-1] INFO  server.RaftServerConfigKeys (ConfUtils.java:logGet(46)) - raft.server.log.queue.element-limit = 1024 (custom)
2022-09-28 15:54:56,270 [pool-602-thread-1] INFO  server.RaftServerConfigKeys (ConfUtils.java:logGet(46)) - raft.server.log.segment.size.max = 1048576 (custom)
2022-09-28 15:54:56,270 [pool-602-thread-1] INFO  server.RaftServerConfigKeys (ConfUtils.java:logGet(46)) - raft.server.log.preallocated.size = 16384 (custom)
2022-09-28 15:54:56,270 [pool-602-thread-1] INFO  server.RaftServerConfigKeys (ConfUtils.java:logGet(46)) - raft.server.log.force.sync.num = 128 (default)
2022-09-28 15:54:56,270 [pool-602-thread-1] INFO  server.RaftServerConfigKeys (ConfUtils.java:logGet(46)) - raft.server.log.statemachine.data.sync = true (default)
2022-09-28 15:54:56,270 [pool-602-thread-1] INFO  server.RaftServerConfigKeys (ConfUtils.java:logGet(46)) - raft.server.log.statemachine.data.sync.timeout = 10s (default)
2022-09-28 15:54:56,270 [pool-602-thread-1] INFO  server.RaftServerConfigKeys (ConfUtils.java:logGet(46)) - raft.server.log.statemachine.data.sync.timeout.retry = -1 (default)
2022-09-28 15:54:56,271 [pool-602-thread-1] INFO  server.RaftServerConfigKeys (ConfUtils.java:logGet(46)) - raft.server.log.write.buffer.size = 1048576 (custom)
2022-09-28 15:54:56,272 [pool-602-thread-1] INFO  server.RaftServerConfigKeys (ConfUtils.java:logGet(46)) - raft.server.log.unsafe-flush.enabled = false (default)
2022-09-28 15:54:56,272 [pool-602-thread-1] INFO  server.RaftServerConfigKeys (ConfUtils.java:logGet(46)) - raft.server.log.statemachine.data.caching.enabled = true (custom)
2022-09-28 15:54:56,272 [pool-602-thread-1] INFO  segmented.SegmentedRaftLogWorker (SegmentedRaftLogWorker.java:lambda$new$0(135)) - 50ea5a34-8fbf-4f83-96a7-ee6cc92cfa0a@group-A4729591FC0B-SegmentedRaftLogWorker: flushIndex: setUnconditionally 0 -> -1
2022-09-28 15:54:56,272 [pool-602-thread-1] INFO  segmented.SegmentedRaftLogWorker (SegmentedRaftLogWorker.java:lambda$new$0(135)) - 50ea5a34-8fbf-4f83-96a7-ee6cc92cfa0a@group-A4729591FC0B-SegmentedRaftLogWorker: safeCacheEvictIndex: setUnconditionally 0 -> -1
2022-09-28 15:54:56,272 [pool-602-thread-1] INFO  server.RaftServerConfigKeys (ConfUtils.java:logGet(46)) - raft.server.snapshot.auto.trigger.enabled = true (custom)
2022-09-28 15:54:56,272 [pool-602-thread-1] INFO  server.RaftServerConfigKeys (ConfUtils.java:logGet(46)) - raft.server.snapshot.auto.trigger.threshold = 10000 (custom)
2022-09-28 15:54:56,272 [pool-602-thread-1] INFO  server.RaftServerConfigKeys (ConfUtils.java:logGet(46)) - raft.server.snapshot.retention.file.num = 5 (custom)
2022-09-28 15:54:56,272 [pool-602-thread-1] INFO  server.RaftServerConfigKeys (ConfUtils.java:logGet(46)) - raft.server.log.purge.upto.snapshot.index = false (default)
2022-09-28 15:54:56,272 [pool-602-thread-1] INFO  server.RaftServerConfigKeys (ConfUtils.java:logGet(46)) - raft.server.retrycache.expirytime = 600000ms (custom)
2022-09-28 15:54:56,272 [pool-602-thread-1] INFO  server.RaftServerConfigKeys (ConfUtils.java:logGet(46)) - raft.server.retrycache.statistics.expirytime = 100μs (default)
2022-09-28 15:54:56,273 [pool-602-thread-1] INFO  server.RaftServerConfigKeys (ConfUtils.java:logGet(46)) - raft.server.log.appender.install.snapshot.enabled = false (custom)
2022-09-28 15:54:56,273 [pool-602-thread-1] INFO  server.RaftServerConfigKeys (ConfUtils.java:logGet(46)) - raft.server.threadpool.server.cached = true (default)
2022-09-28 15:54:56,273 [pool-602-thread-1] INFO  server.RaftServerConfigKeys (ConfUtils.java:logGet(46)) - raft.server.threadpool.server.size = 0 (default)
2022-09-28 15:54:56,273 [pool-602-thread-1] INFO  server.RaftServerConfigKeys (ConfUtils.java:logGet(46)) - raft.server.threadpool.client.cached = true (default)
2022-09-28 15:54:56,274 [pool-602-thread-1] INFO  server.RaftServerConfigKeys (ConfUtils.java:logGet(46)) - raft.server.threadpool.client.size = 0 (default)
2022-09-28 15:54:56,274 [pool-602-thread-1] INFO  server.RaftServer$Division (RaftServerImpl.java:start(310)) - 50ea5a34-8fbf-4f83-96a7-ee6cc92cfa0a@group-A4729591FC0B: start as a follower, conf=-1: [50ea5a34-8fbf-4f83-96a7-ee6cc92cfa0a|rpc:10.1.1.55:41435|dataStream:|priority:0, 5cf4cd61-878f-4dff-a8f0-3c181111f76f|rpc:10.1.1.55:35311|dataStream:|priority:1, 6b2dcef1-f6ed-465a-a116-d89b60e08d93|rpc:10.1.1.55:34079|dataStream:|priority:0], old=null
2022-09-28 15:54:56,274 [pool-602-thread-1] INFO  server.RaftServer$Division (RaftServerImpl.java:setRole(299)) - 50ea5a34-8fbf-4f83-96a7-ee6cc92cfa0a@group-A4729591FC0B: changes role from      null to FOLLOWER at term 0 for startAsFollower
2022-09-28 15:54:56,274 [pool-602-thread-1] INFO  impl.RoleInfo (RoleInfo.java:updateAndGet(139)) - 50ea5a34-8fbf-4f83-96a7-ee6cc92cfa0a: start 50ea5a34-8fbf-4f83-96a7-ee6cc92cfa0a@group-A4729591FC0B-FollowerState
2022-09-28 15:54:56,287 [pool-602-thread-1] INFO  util.JmxRegister (JmxRegister.java:tryRegister(44)) - Successfully registered JMX Bean with object name Ratis:service=RaftServer,group=group-A4729591FC0B,id=50ea5a34-8fbf-4f83-96a7-ee6cc92cfa0a
2022-09-28 15:54:56,388 [IPC Server handler 8 on default port 43585] INFO  net.NetworkTopologyImpl (NetworkTopologyImpl.java:add(112)) - Added a new node: /default-rack/d0376a86-4cb7-4dfb-8000-fedb90cb29d8
2022-09-28 15:54:56,388 [IPC Server handler 8 on default port 43585] INFO  node.SCMNodeManager (SCMNodeManager.java:register(397)) - Registered Data node : d0376a86-4cb7-4dfb-8000-fedb90cb29d8{ip: 10.1.1.55, host: fv-az203-824.ild0l4k5vsluppoevu2oqvhmda.cx.internal.cloudapp.net, ports: [REPLICATION=45605, RATIS=42389, RATIS_ADMIN=42389, RATIS_SERVER=42389, STANDALONE=38431], networkLocation: /default-rack, certSerialId: null, persistedOpState: null, persistedOpStateExpiryEpochSec: 0}
2022-09-28 15:54:56,395 [EventQueue-NewNodeForNewNodeHandler] INFO  pipeline.BackgroundPipelineCreator (BackgroundPipelineCreator.java:notifyEventTriggered(276)) - trigger a one-shot run on RatisPipelineUtilsThread.
2022-09-28 15:54:56,395 [RatisPipelineUtilsThread - 0] INFO  pipeline.RatisPipelineProvider (RatisPipelineProvider.java:lambda$create$0(195)) - Sending CreatePipelineCommand for pipeline:PipelineID=9ff8cd88-2ae9-4de6-8eb3-f4f87f65acb3 to datanode:d0376a86-4cb7-4dfb-8000-fedb90cb29d8
2022-09-28 15:54:56,396 [RatisPipelineUtilsThread - 0] INFO  pipeline.PipelineStateManagerImpl (PipelineStateManagerImpl.java:addPipeline(103)) - Created pipeline Pipeline[ Id: 9ff8cd88-2ae9-4de6-8eb3-f4f87f65acb3, Nodes: d0376a86-4cb7-4dfb-8000-fedb90cb29d8{ip: 10.1.1.55, host: fv-az203-824.ild0l4k5vsluppoevu2oqvhmda.cx.internal.cloudapp.net, ports: [REPLICATION=45605, RATIS=42389, RATIS_ADMIN=42389, RATIS_SERVER=42389, STANDALONE=38431], networkLocation: /default-rack, certSerialId: null, persistedOpState: IN_SERVICE, persistedOpStateExpiryEpochSec: 0}, ReplicationConfig: RATIS/ONE, State:ALLOCATED, leaderId:, CreationTimestamp2022-09-28T15:54:56.395Z[Etc/UTC]].
2022-09-28 15:54:56,428 [grpc-default-executor-0] INFO  server.RaftServer (RaftServerProxy.java:addNew(96)) - 6b2dcef1-f6ed-465a-a116-d89b60e08d93: addNew group-A4729591FC0B:[50ea5a34-8fbf-4f83-96a7-ee6cc92cfa0a|rpc:10.1.1.55:41435|dataStream:|priority:0, 5cf4cd61-878f-4dff-a8f0-3c181111f76f|rpc:10.1.1.55:35311|dataStream:|priority:1, 6b2dcef1-f6ed-465a-a116-d89b60e08d93|rpc:10.1.1.55:34079|dataStream:|priority:0] returns group-A4729591FC0B:java.util.concurrent.CompletableFuture@6efc10f9[Not completed]
2022-09-28 15:54:56,448 [pool-579-thread-1] INFO  server.RaftServer$Division (RaftServerImpl.java:<init>(190)) - 6b2dcef1-f6ed-465a-a116-d89b60e08d93: new RaftServerImpl for group-A4729591FC0B:[50ea5a34-8fbf-4f83-96a7-ee6cc92cfa0a|rpc:10.1.1.55:41435|dataStream:|priority:0, 5cf4cd61-878f-4dff-a8f0-3c181111f76f|rpc:10.1.1.55:35311|dataStream:|priority:1, 6b2dcef1-f6ed-465a-a116-d89b60e08d93|rpc:10.1.1.55:34079|dataStream:|priority:0] with ContainerStateMachine:uninitialized
2022-09-28 15:54:56,459 [pool-579-thread-1] INFO  server.RaftServerConfigKeys (ConfUtils.java:logGet(46)) - raft.server.rpc.timeout.min = 5s (custom)
2022-09-28 15:54:56,459 [pool-579-thread-1] INFO  server.RaftServerConfigKeys (ConfUtils.java:logGet(46)) - raft.server.rpc.timeout.max = 5200ms (custom)
2022-09-28 15:54:56,459 [pool-579-thread-1] INFO  server.RaftServerConfigKeys (ConfUtils.java:logGet(46)) - raft.server.rpc.sleep.time = 25ms (default)
2022-09-28 15:54:56,459 [pool-579-thread-1] INFO  server.RaftServerConfigKeys (ConfUtils.java:logGet(46)) - raft.server.rpc.slowness.timeout = 300s (custom)
2022-09-28 15:54:56,459 [pool-579-thread-1] INFO  server.RaftServerConfigKeys (ConfUtils.java:logGet(46)) - raft.server.leaderelection.leader.step-down.wait-time = 10s (default)
2022-09-28 15:54:56,459 [pool-579-thread-1] INFO  server.RaftServerConfigKeys (ConfUtils.java:logGet(46)) - raft.server.sleep.deviation.threshold = 300ms (default)
2022-09-28 15:54:56,459 [pool-579-thread-1] INFO  server.RaftServer$Division (ServerState.java:<init>(107)) - 6b2dcef1-f6ed-465a-a116-d89b60e08d93@group-A4729591FC0B: ConfigurationManager, init=-1: [50ea5a34-8fbf-4f83-96a7-ee6cc92cfa0a|rpc:10.1.1.55:41435|dataStream:|priority:0, 5cf4cd61-878f-4dff-a8f0-3c181111f76f|rpc:10.1.1.55:35311|dataStream:|priority:1, 6b2dcef1-f6ed-465a-a116-d89b60e08d93|rpc:10.1.1.55:34079|dataStream:|priority:0], old=null, confs=<EMPTY_MAP>
2022-09-28 15:54:56,459 [pool-579-thread-1] INFO  server.RaftServerConfigKeys (ConfUtils.java:logGet(46)) - raft.server.storage.dir = [/home/runner/work/ozone/ozone/hadoop-ozone/integration-test/target/test-dir/MiniOzoneClusterImpl-aff298ea-5285-4275-affb-2c33fd00777e/datanode-1/data/ratis] (custom)
2022-09-28 15:54:56,459 [pool-579-thread-1] INFO  server.RaftServerConfigKeys (ConfUtils.java:logGet(46)) - raft.server.log.corruption.policy = EXCEPTION (default)
2022-09-28 15:54:56,459 [pool-579-thread-1] INFO  server.RaftServerConfigKeys (ConfUtils.java:logGet(46)) - raft.server.storage.free-space.min = 0MB (=0) (default)
2022-09-28 15:54:56,460 [pool-579-thread-1] INFO  storage.RaftStorageDirectory (RaftStorageDirectoryImpl.java:analyzeStorage(135)) - The storage directory /home/runner/work/ozone/ozone/hadoop-ozone/integration-test/target/test-dir/MiniOzoneClusterImpl-aff298ea-5285-4275-affb-2c33fd00777e/datanode-1/data/ratis/480c99fb-8e47-45c7-a28d-a4729591fc0b does not exist. Creating ...
2022-09-28 15:54:56,467 [pool-579-thread-1] INFO  storage.RaftStorageDirectory (RaftStorageDirectoryImpl.java:tryLock(230)) - Lock on /home/runner/work/ozone/ozone/hadoop-ozone/integration-test/target/test-dir/MiniOzoneClusterImpl-aff298ea-5285-4275-affb-2c33fd00777e/datanode-1/data/ratis/480c99fb-8e47-45c7-a28d-a4729591fc0b/in_use.lock acquired by nodename 13127@fv-az203-824
2022-09-28 15:54:56,469 [pool-579-thread-1] INFO  storage.RaftStorage (RaftStorageImpl.java:format(89)) - Storage directory /home/runner/work/ozone/ozone/hadoop-ozone/integration-test/target/test-dir/MiniOzoneClusterImpl-aff298ea-5285-4275-affb-2c33fd00777e/datanode-1/data/ratis/480c99fb-8e47-45c7-a28d-a4729591fc0b has been successfully formatted.
2022-09-28 15:54:56,470 [pool-579-thread-1] INFO  ratis.ContainerStateMachine (ContainerStateMachine.java:loadSnapshot(236)) - group-A4729591FC0B: The snapshot info is null. Setting the last applied indexto:(t:0, i:~)
2022-09-28 15:54:56,470 [pool-579-thread-1] INFO  server.RaftServerConfigKeys (ConfUtils.java:logGet(46)) - raft.server.notification.no-leader.timeout = 300s (custom)
2022-09-28 15:54:56,470 [pool-579-thread-1] INFO  server.RaftServerConfigKeys (ConfUtils.java:logGet(46)) - raft.server.log.use.memory = false (default)
2022-09-28 15:54:56,470 [pool-579-thread-1] INFO  server.RaftServerConfigKeys (ConfUtils.java:logGet(46)) - raft.server.log.purge.gap = 1000000 (custom)
2022-09-28 15:54:56,470 [pool-579-thread-1] INFO  server.RaftServerConfigKeys (ConfUtils.java:logGet(46)) - raft.server.log.appender.buffer.byte-limit = 33554432 (custom)
2022-09-28 15:54:56,471 [pool-579-thread-1] INFO  server.RaftServerConfigKeys (ConfUtils.java:logGet(46)) - raft.server.log.statemachine.data.read.timeout = 1000ms (default)
2022-09-28 15:54:56,471 [pool-579-thread-1] INFO  server.RaftServerConfigKeys (ConfUtils.java:logGet(46)) - raft.server.log.segment.size.max = 1048576 (custom)
2022-09-28 15:54:56,471 [pool-579-thread-1] INFO  server.RaftServerConfigKeys (ConfUtils.java:logGet(46)) - raft.server.log.segment.cache.num.max = 2 (custom)
2022-09-28 15:54:56,471 [pool-579-thread-1] INFO  server.RaftServerConfigKeys (ConfUtils.java:logGet(46)) - raft.server.log.segment.cache.size.max = 200MB (=209715200) (default)
2022-09-28 15:54:56,471 [pool-579-thread-1] INFO  segmented.SegmentedRaftLogWorker (SegmentedRaftLogWorker.java:<init>(187)) - new 6b2dcef1-f6ed-465a-a116-d89b60e08d93@group-A4729591FC0B-SegmentedRaftLogWorker for RaftStorageImpl:Storage Directory /home/runner/work/ozone/ozone/hadoop-ozone/integration-test/target/test-dir/MiniOzoneClusterImpl-aff298ea-5285-4275-affb-2c33fd00777e/datanode-1/data/ratis/480c99fb-8e47-45c7-a28d-a4729591fc0b
2022-09-28 15:54:56,471 [pool-579-thread-1] INFO  server.RaftServerConfigKeys (ConfUtils.java:logGet(46)) - raft.server.log.queue.byte-limit = 4294967296 (custom)
2022-09-28 15:54:56,471 [pool-579-thread-1] INFO  server.RaftServerConfigKeys (ConfUtils.java:logGet(46)) - raft.server.log.queue.element-limit = 1024 (custom)
2022-09-28 15:54:56,471 [pool-579-thread-1] INFO  server.RaftServerConfigKeys (ConfUtils.java:logGet(46)) - raft.server.log.segment.size.max = 1048576 (custom)
2022-09-28 15:54:56,471 [pool-579-thread-1] INFO  server.RaftServerConfigKeys (ConfUtils.java:logGet(46)) - raft.server.log.preallocated.size = 16384 (custom)
2022-09-28 15:54:56,471 [pool-579-thread-1] INFO  server.RaftServerConfigKeys (ConfUtils.java:logGet(46)) - raft.server.log.force.sync.num = 128 (default)
2022-09-28 15:54:56,471 [pool-579-thread-1] INFO  server.RaftServerConfigKeys (ConfUtils.java:logGet(46)) - raft.server.log.statemachine.data.sync = true (default)
2022-09-28 15:54:56,472 [pool-579-thread-1] INFO  server.RaftServerConfigKeys (ConfUtils.java:logGet(46)) - raft.server.log.statemachine.data.sync.timeout = 10s (default)
2022-09-28 15:54:56,472 [pool-579-thread-1] INFO  server.RaftServerConfigKeys (ConfUtils.java:logGet(46)) - raft.server.log.statemachine.data.sync.timeout.retry = -1 (default)
2022-09-28 15:54:56,472 [pool-579-thread-1] INFO  server.RaftServerConfigKeys (ConfUtils.java:logGet(46)) - raft.server.log.write.buffer.size = 1048576 (custom)
2022-09-28 15:54:56,472 [pool-579-thread-1] INFO  server.RaftServerConfigKeys (ConfUtils.java:logGet(46)) - raft.server.log.unsafe-flush.enabled = false (default)
2022-09-28 15:54:56,472 [pool-579-thread-1] INFO  server.RaftServerConfigKeys (ConfUtils.java:logGet(46)) - raft.server.log.statemachine.data.caching.enabled = true (custom)
2022-09-28 15:54:56,473 [pool-579-thread-1] INFO  segmented.SegmentedRaftLogWorker (SegmentedRaftLogWorker.java:lambda$new$0(135)) - 6b2dcef1-f6ed-465a-a116-d89b60e08d93@group-A4729591FC0B-SegmentedRaftLogWorker: flushIndex: setUnconditionally 0 -> -1
2022-09-28 15:54:56,473 [pool-579-thread-1] INFO  segmented.SegmentedRaftLogWorker (SegmentedRaftLogWorker.java:lambda$new$0(135)) - 6b2dcef1-f6ed-465a-a116-d89b60e08d93@group-A4729591FC0B-SegmentedRaftLogWorker: safeCacheEvictIndex: setUnconditionally 0 -> -1
2022-09-28 15:54:56,475 [pool-579-thread-1] INFO  server.RaftServerConfigKeys (ConfUtils.java:logGet(46)) - raft.server.snapshot.auto.trigger.enabled = true (custom)
2022-09-28 15:54:56,475 [pool-579-thread-1] INFO  server.RaftServerConfigKeys (ConfUtils.java:logGet(46)) - raft.server.snapshot.auto.trigger.threshold = 10000 (custom)
2022-09-28 15:54:56,478 [pool-579-thread-1] INFO  server.RaftServerConfigKeys (ConfUtils.java:logGet(46)) - raft.server.snapshot.retention.file.num = 5 (custom)
2022-09-28 15:54:56,478 [pool-579-thread-1] INFO  server.RaftServerConfigKeys (ConfUtils.java:logGet(46)) - raft.server.log.purge.upto.snapshot.index = false (default)
2022-09-28 15:54:56,478 [pool-579-thread-1] INFO  server.RaftServerConfigKeys (ConfUtils.java:logGet(46)) - raft.server.retrycache.expirytime = 600000ms (custom)
2022-09-28 15:54:56,478 [pool-579-thread-1] INFO  server.RaftServerConfigKeys (ConfUtils.java:logGet(46)) - raft.server.retrycache.statistics.expirytime = 100μs (default)
2022-09-28 15:54:56,493 [pool-579-thread-1] INFO  server.RaftServerConfigKeys (ConfUtils.java:logGet(46)) - raft.server.log.appender.install.snapshot.enabled = false (custom)
2022-09-28 15:54:56,493 [pool-579-thread-1] INFO  server.RaftServerConfigKeys (ConfUtils.java:logGet(46)) - raft.server.threadpool.server.cached = true (default)
2022-09-28 15:54:56,493 [pool-579-thread-1] INFO  server.RaftServerConfigKeys (ConfUtils.java:logGet(46)) - raft.server.threadpool.server.size = 0 (default)
2022-09-28 15:54:56,493 [pool-579-thread-1] INFO  server.RaftServerConfigKeys (ConfUtils.java:logGet(46)) - raft.server.threadpool.client.cached = true (default)
2022-09-28 15:54:56,493 [pool-579-thread-1] INFO  server.RaftServerConfigKeys (ConfUtils.java:logGet(46)) - raft.server.threadpool.client.size = 0 (default)
2022-09-28 15:54:56,493 [pool-579-thread-1] INFO  server.RaftServer$Division (RaftServerImpl.java:start(310)) - 6b2dcef1-f6ed-465a-a116-d89b60e08d93@group-A4729591FC0B: start as a follower, conf=-1: [50ea5a34-8fbf-4f83-96a7-ee6cc92cfa0a|rpc:10.1.1.55:41435|dataStream:|priority:0, 5cf4cd61-878f-4dff-a8f0-3c181111f76f|rpc:10.1.1.55:35311|dataStream:|priority:1, 6b2dcef1-f6ed-465a-a116-d89b60e08d93|rpc:10.1.1.55:34079|dataStream:|priority:0], old=null
2022-09-28 15:54:56,493 [pool-579-thread-1] INFO  server.RaftServer$Division (RaftServerImpl.java:setRole(299)) - 6b2dcef1-f6ed-465a-a116-d89b60e08d93@group-A4729591FC0B: changes role from      null to FOLLOWER at term 0 for startAsFollower
2022-09-28 15:54:56,493 [pool-579-thread-1] INFO  impl.RoleInfo (RoleInfo.java:updateAndGet(139)) - 6b2dcef1-f6ed-465a-a116-d89b60e08d93: start 6b2dcef1-f6ed-465a-a116-d89b60e08d93@group-A4729591FC0B-FollowerState
2022-09-28 15:54:56,497 [pool-579-thread-1] INFO  util.JmxRegister (JmxRegister.java:tryRegister(44)) - Successfully registered JMX Bean with object name Ratis:service=RaftServer,group=group-A4729591FC0B,id=6b2dcef1-f6ed-465a-a116-d89b60e08d93
2022-09-28 15:54:56,538 [Command processor thread] INFO  commandhandler.CreatePipelineCommandHandler (CreatePipelineCommandHandler.java:handle(113)) - Created Pipeline RATIS THREE PipelineID=480c99fb-8e47-45c7-a28d-a4729591fc0b.
2022-09-28 15:54:56,539 [Command processor thread] INFO  server.RaftServer (RaftServerProxy.java:addNew(96)) - 5cf4cd61-878f-4dff-a8f0-3c181111f76f: addNew group-5A73E7049105:[50ea5a34-8fbf-4f83-96a7-ee6cc92cfa0a|rpc:10.1.1.55:41435|priority:0, 5cf4cd61-878f-4dff-a8f0-3c181111f76f|rpc:10.1.1.55:35311|priority:0, 6b2dcef1-f6ed-465a-a116-d89b60e08d93|rpc:10.1.1.55:34079|priority:1] returns group-5A73E7049105:java.util.concurrent.CompletableFuture@57032741[Not completed]
2022-09-28 15:54:56,539 [pool-556-thread-1] INFO  server.RaftServer$Division (RaftServerImpl.java:<init>(190)) - 5cf4cd61-878f-4dff-a8f0-3c181111f76f: new RaftServerImpl for group-5A73E7049105:[50ea5a34-8fbf-4f83-96a7-ee6cc92cfa0a|rpc:10.1.1.55:41435|priority:0, 5cf4cd61-878f-4dff-a8f0-3c181111f76f|rpc:10.1.1.55:35311|priority:0, 6b2dcef1-f6ed-465a-a116-d89b60e08d93|rpc:10.1.1.55:34079|priority:1] with ContainerStateMachine:uninitialized
2022-09-28 15:54:56,539 [pool-556-thread-1] INFO  server.RaftServerConfigKeys (ConfUtils.java:logGet(46)) - raft.server.rpc.timeout.min = 5s (custom)
2022-09-28 15:54:56,540 [pool-556-thread-1] INFO  server.RaftServerConfigKeys (ConfUtils.java:logGet(46)) - raft.server.rpc.timeout.max = 5200ms (custom)
2022-09-28 15:54:56,540 [pool-556-thread-1] INFO  server.RaftServerConfigKeys (ConfUtils.java:logGet(46)) - raft.server.rpc.sleep.time = 25ms (default)
2022-09-28 15:54:56,540 [pool-556-thread-1] INFO  server.RaftServerConfigKeys (ConfUtils.java:logGet(46)) - raft.server.rpc.slowness.timeout = 300s (custom)
2022-09-28 15:54:56,540 [pool-556-thread-1] INFO  server.RaftServerConfigKeys (ConfUtils.java:logGet(46)) - raft.server.leaderelection.leader.step-down.wait-time = 10s (default)
2022-09-28 15:54:56,540 [pool-556-thread-1] INFO  server.RaftServerConfigKeys (ConfUtils.java:logGet(46)) - raft.server.sleep.deviation.threshold = 300ms (default)
2022-09-28 15:54:56,540 [pool-556-thread-1] INFO  server.RaftServer$Division (ServerState.java:<init>(107)) - 5cf4cd61-878f-4dff-a8f0-3c181111f76f@group-5A73E7049105: ConfigurationManager, init=-1: [50ea5a34-8fbf-4f83-96a7-ee6cc92cfa0a|rpc:10.1.1.55:41435|priority:0, 5cf4cd61-878f-4dff-a8f0-3c181111f76f|rpc:10.1.1.55:35311|priority:0, 6b2dcef1-f6ed-465a-a116-d89b60e08d93|rpc:10.1.1.55:34079|priority:1], old=null, confs=<EMPTY_MAP>
2022-09-28 15:54:56,540 [pool-556-thread-1] INFO  server.RaftServerConfigKeys (ConfUtils.java:logGet(46)) - raft.server.storage.dir = [/home/runner/work/ozone/ozone/hadoop-ozone/integration-test/target/test-dir/MiniOzoneClusterImpl-aff298ea-5285-4275-affb-2c33fd00777e/datanode-0/data/ratis] (custom)
2022-09-28 15:54:56,540 [pool-556-thread-1] INFO  server.RaftServerConfigKeys (ConfUtils.java:logGet(46)) - raft.server.log.corruption.policy = EXCEPTION (default)
2022-09-28 15:54:56,540 [pool-556-thread-1] INFO  server.RaftServerConfigKeys (ConfUtils.java:logGet(46)) - raft.server.storage.free-space.min = 0MB (=0) (default)
2022-09-28 15:54:56,540 [pool-556-thread-1] INFO  storage.RaftStorageDirectory (RaftStorageDirectoryImpl.java:analyzeStorage(135)) - The storage directory /home/runner/work/ozone/ozone/hadoop-ozone/integration-test/target/test-dir/MiniOzoneClusterImpl-aff298ea-5285-4275-affb-2c33fd00777e/datanode-0/data/ratis/09ac3006-069a-4136-8cc0-5a73e7049105 does not exist. Creating ...
2022-09-28 15:54:56,550 [pool-556-thread-1] INFO  storage.RaftStorageDirectory (RaftStorageDirectoryImpl.java:tryLock(230)) - Lock on /home/runner/work/ozone/ozone/hadoop-ozone/integration-test/target/test-dir/MiniOzoneClusterImpl-aff298ea-5285-4275-affb-2c33fd00777e/datanode-0/data/ratis/09ac3006-069a-4136-8cc0-5a73e7049105/in_use.lock acquired by nodename 13127@fv-az203-824
2022-09-28 15:54:56,552 [pool-556-thread-1] INFO  storage.RaftStorage (RaftStorageImpl.java:format(89)) - Storage directory /home/runner/work/ozone/ozone/hadoop-ozone/integration-test/target/test-dir/MiniOzoneClusterImpl-aff298ea-5285-4275-affb-2c33fd00777e/datanode-0/data/ratis/09ac3006-069a-4136-8cc0-5a73e7049105 has been successfully formatted.
2022-09-28 15:54:56,553 [pool-556-thread-1] INFO  ratis.ContainerStateMachine (ContainerStateMachine.java:loadSnapshot(236)) - group-5A73E7049105: The snapshot info is null. Setting the last applied indexto:(t:0, i:~)
2022-09-28 15:54:56,553 [pool-556-thread-1] INFO  server.RaftServerConfigKeys (ConfUtils.java:logGet(46)) - raft.server.notification.no-leader.timeout = 300s (custom)
2022-09-28 15:54:56,553 [pool-556-thread-1] INFO  server.RaftServerConfigKeys (ConfUtils.java:logGet(46)) - raft.server.log.use.memory = false (default)
2022-09-28 15:54:56,553 [pool-556-thread-1] INFO  server.RaftServerConfigKeys (ConfUtils.java:logGet(46)) - raft.server.log.purge.gap = 1000000 (custom)
2022-09-28 15:54:56,553 [EventQueue-OpenPipelineForHealthyPipelineSafeModeRule] INFO  safemode.SCMSafeModeManager (HealthyPipelineSafeModeRule.java:process(137)) - SCM in safe mode. Healthy pipelines reported count is 0, required healthy pipeline reported count is 1
2022-09-28 15:54:56,554 [pool-556-thread-1] INFO  server.RaftServerConfigKeys (ConfUtils.java:logGet(46)) - raft.server.log.appender.buffer.byte-limit = 33554432 (custom)
2022-09-28 15:54:56,554 [pool-556-thread-1] INFO  server.RaftServerConfigKeys (ConfUtils.java:logGet(46)) - raft.server.log.statemachine.data.read.timeout = 1000ms (default)
2022-09-28 15:54:56,554 [pool-556-thread-1] INFO  server.RaftServerConfigKeys (ConfUtils.java:logGet(46)) - raft.server.log.segment.size.max = 1048576 (custom)
2022-09-28 15:54:56,554 [pool-556-thread-1] INFO  server.RaftServerConfigKeys (ConfUtils.java:logGet(46)) - raft.server.log.segment.cache.num.max = 2 (custom)
2022-09-28 15:54:56,554 [pool-556-thread-1] INFO  server.RaftServerConfigKeys (ConfUtils.java:logGet(46)) - raft.server.log.segment.cache.size.max = 200MB (=209715200) (default)
2022-09-28 15:54:56,554 [pool-556-thread-1] INFO  segmented.SegmentedRaftLogWorker (SegmentedRaftLogWorker.java:<init>(187)) - new 5cf4cd61-878f-4dff-a8f0-3c181111f76f@group-5A73E7049105-SegmentedRaftLogWorker for RaftStorageImpl:Storage Directory /home/runner/work/ozone/ozone/hadoop-ozone/integration-test/target/test-dir/MiniOzoneClusterImpl-aff298ea-5285-4275-affb-2c33fd00777e/datanode-0/data/ratis/09ac3006-069a-4136-8cc0-5a73e7049105
2022-09-28 15:54:56,554 [pool-556-thread-1] INFO  server.RaftServerConfigKeys (ConfUtils.java:logGet(46)) - raft.server.log.queue.byte-limit = 4294967296 (custom)
2022-09-28 15:54:56,554 [pool-556-thread-1] INFO  server.RaftServerConfigKeys (ConfUtils.java:logGet(46)) - raft.server.log.queue.element-limit = 1024 (custom)
2022-09-28 15:54:56,554 [pool-556-thread-1] INFO  server.RaftServerConfigKeys (ConfUtils.java:logGet(46)) - raft.server.log.segment.size.max = 1048576 (custom)
2022-09-28 15:54:56,554 [pool-556-thread-1] INFO  server.RaftServerConfigKeys (ConfUtils.java:logGet(46)) - raft.server.log.preallocated.size = 16384 (custom)
2022-09-28 15:54:56,555 [pool-556-thread-1] INFO  server.RaftServerConfigKeys (ConfUtils.java:logGet(46)) - raft.server.log.force.sync.num = 128 (default)
2022-09-28 15:54:56,555 [pool-556-thread-1] INFO  server.RaftServerConfigKeys (ConfUtils.java:logGet(46)) - raft.server.log.statemachine.data.sync = true (default)
2022-09-28 15:54:56,555 [pool-556-thread-1] INFO  server.RaftServerConfigKeys (ConfUtils.java:logGet(46)) - raft.server.log.statemachine.data.sync.timeout = 10s (default)
2022-09-28 15:54:56,555 [pool-556-thread-1] INFO  server.RaftServerConfigKeys (ConfUtils.java:logGet(46)) - raft.server.log.statemachine.data.sync.timeout.retry = -1 (default)
2022-09-28 15:54:56,555 [pool-556-thread-1] INFO  server.RaftServerConfigKeys (ConfUtils.java:logGet(46)) - raft.server.log.write.buffer.size = 1048576 (custom)
2022-09-28 15:54:56,556 [pool-556-thread-1] INFO  server.RaftServerConfigKeys (ConfUtils.java:logGet(46)) - raft.server.log.unsafe-flush.enabled = false (default)
2022-09-28 15:54:56,556 [pool-556-thread-1] INFO  server.RaftServerConfigKeys (ConfUtils.java:logGet(46)) - raft.server.log.statemachine.data.caching.enabled = true (custom)
2022-09-28 15:54:56,559 [pool-556-thread-1] INFO  segmented.SegmentedRaftLogWorker (SegmentedRaftLogWorker.java:lambda$new$0(135)) - 5cf4cd61-878f-4dff-a8f0-3c181111f76f@group-5A73E7049105-SegmentedRaftLogWorker: flushIndex: setUnconditionally 0 -> -1
2022-09-28 15:54:56,560 [pool-556-thread-1] INFO  segmented.SegmentedRaftLogWorker (SegmentedRaftLogWorker.java:lambda$new$0(135)) - 5cf4cd61-878f-4dff-a8f0-3c181111f76f@group-5A73E7049105-SegmentedRaftLogWorker: safeCacheEvictIndex: setUnconditionally 0 -> -1
2022-09-28 15:54:56,563 [pool-556-thread-1] INFO  server.RaftServerConfigKeys (ConfUtils.java:logGet(46)) - raft.server.snapshot.auto.trigger.enabled = true (custom)
2022-09-28 15:54:56,563 [pool-556-thread-1] INFO  server.RaftServerConfigKeys (ConfUtils.java:logGet(46)) - raft.server.snapshot.auto.trigger.threshold = 10000 (custom)
2022-09-28 15:54:56,563 [pool-556-thread-1] INFO  server.RaftServerConfigKeys (ConfUtils.java:logGet(46)) - raft.server.snapshot.retention.file.num = 5 (custom)
2022-09-28 15:54:56,563 [pool-556-thread-1] INFO  server.RaftServerConfigKeys (ConfUtils.java:logGet(46)) - raft.server.log.purge.upto.snapshot.index = false (default)
2022-09-28 15:54:56,563 [pool-556-thread-1] INFO  server.RaftServerConfigKeys (ConfUtils.java:logGet(46)) - raft.server.retrycache.expirytime = 600000ms (custom)
2022-09-28 15:54:56,563 [pool-556-thread-1] INFO  server.RaftServerConfigKeys (ConfUtils.java:logGet(46)) - raft.server.retrycache.statistics.expirytime = 100μs (default)
2022-09-28 15:54:56,564 [pool-556-thread-1] INFO  server.RaftServerConfigKeys (ConfUtils.java:logGet(46)) - raft.server.log.appender.install.snapshot.enabled = false (custom)
2022-09-28 15:54:56,564 [pool-556-thread-1] INFO  server.RaftServerConfigKeys (ConfUtils.java:logGet(46)) - raft.server.threadpool.server.cached = true (default)
2022-09-28 15:54:56,564 [pool-556-thread-1] INFO  server.RaftServerConfigKeys (ConfUtils.java:logGet(46)) - raft.server.threadpool.server.size = 0 (default)
2022-09-28 15:54:56,564 [pool-556-thread-1] INFO  server.RaftServerConfigKeys (ConfUtils.java:logGet(46)) - raft.server.threadpool.client.cached = true (default)
2022-09-28 15:54:56,564 [pool-556-thread-1] INFO  server.RaftServerConfigKeys (ConfUtils.java:logGet(46)) - raft.server.threadpool.client.size = 0 (default)
2022-09-28 15:54:56,564 [pool-556-thread-1] INFO  server.RaftServer$Division (RaftServerImpl.java:start(310)) - 5cf4cd61-878f-4dff-a8f0-3c181111f76f@group-5A73E7049105: start as a follower, conf=-1: [50ea5a34-8fbf-4f83-96a7-ee6cc92cfa0a|rpc:10.1.1.55:41435|priority:0, 5cf4cd61-878f-4dff-a8f0-3c181111f76f|rpc:10.1.1.55:35311|priority:0, 6b2dcef1-f6ed-465a-a116-d89b60e08d93|rpc:10.1.1.55:34079|priority:1], old=null
2022-09-28 15:54:56,564 [pool-556-thread-1] INFO  server.RaftServer$Division (RaftServerImpl.java:setRole(299)) - 5cf4cd61-878f-4dff-a8f0-3c181111f76f@group-5A73E7049105: changes role from      null to FOLLOWER at term 0 for startAsFollower
2022-09-28 15:54:56,564 [pool-556-thread-1] INFO  impl.RoleInfo (RoleInfo.java:updateAndGet(139)) - 5cf4cd61-878f-4dff-a8f0-3c181111f76f: start 5cf4cd61-878f-4dff-a8f0-3c181111f76f@group-5A73E7049105-FollowerState
2022-09-28 15:54:56,566 [pool-556-thread-1] INFO  util.JmxRegister (JmxRegister.java:tryRegister(44)) - Successfully registered JMX Bean with object name Ratis:service=RaftServer,group=group-5A73E7049105,id=5cf4cd61-878f-4dff-a8f0-3c181111f76f
2022-09-28 15:54:56,568 [Command processor thread] INFO  ratis.XceiverServerRatis (XceiverServerRatis.java:addGroup(765)) - Created group PipelineID=09ac3006-069a-4136-8cc0-5a73e7049105
2022-09-28 15:54:56,594 [grpc-default-executor-0] INFO  server.RaftServer (RaftServerProxy.java:addNew(96)) - 6b2dcef1-f6ed-465a-a116-d89b60e08d93: addNew group-5A73E7049105:[50ea5a34-8fbf-4f83-96a7-ee6cc92cfa0a|rpc:10.1.1.55:41435|dataStream:|priority:0, 5cf4cd61-878f-4dff-a8f0-3c181111f76f|rpc:10.1.1.55:35311|dataStream:|priority:0, 6b2dcef1-f6ed-465a-a116-d89b60e08d93|rpc:10.1.1.55:34079|dataStream:|priority:1] returns group-5A73E7049105:java.util.concurrent.CompletableFuture@7d3c50c5[Not completed]
2022-09-28 15:54:56,595 [pool-579-thread-1] INFO  server.RaftServer$Division (RaftServerImpl.java:<init>(190)) - 6b2dcef1-f6ed-465a-a116-d89b60e08d93: new RaftServerImpl for group-5A73E7049105:[50ea5a34-8fbf-4f83-96a7-ee6cc92cfa0a|rpc:10.1.1.55:41435|dataStream:|priority:0, 5cf4cd61-878f-4dff-a8f0-3c181111f76f|rpc:10.1.1.55:35311|dataStream:|priority:0, 6b2dcef1-f6ed-465a-a116-d89b60e08d93|rpc:10.1.1.55:34079|dataStream:|priority:1] with ContainerStateMachine:uninitialized
2022-09-28 15:54:56,595 [pool-579-thread-1] INFO  server.RaftServerConfigKeys (ConfUtils.java:logGet(46)) - raft.server.rpc.timeout.min = 5s (custom)
2022-09-28 15:54:56,595 [pool-579-thread-1] INFO  server.RaftServerConfigKeys (ConfUtils.java:logGet(46)) - raft.server.rpc.timeout.max = 5200ms (custom)
2022-09-28 15:54:56,595 [pool-579-thread-1] INFO  server.RaftServerConfigKeys (ConfUtils.java:logGet(46)) - raft.server.rpc.sleep.time = 25ms (default)
2022-09-28 15:54:56,595 [pool-579-thread-1] INFO  server.RaftServerConfigKeys (ConfUtils.java:logGet(46)) - raft.server.rpc.slowness.timeout = 300s (custom)
2022-09-28 15:54:56,595 [pool-579-thread-1] INFO  server.RaftServerConfigKeys (ConfUtils.java:logGet(46)) - raft.server.leaderelection.leader.step-down.wait-time = 10s (default)
2022-09-28 15:54:56,595 [pool-579-thread-1] INFO  server.RaftServerConfigKeys (ConfUtils.java:logGet(46)) - raft.server.sleep.deviation.threshold = 300ms (default)
2022-09-28 15:54:56,595 [pool-579-thread-1] INFO  server.RaftServer$Division (ServerState.java:<init>(107)) - 6b2dcef1-f6ed-465a-a116-d89b60e08d93@group-5A73E7049105: ConfigurationManager, init=-1: [50ea5a34-8fbf-4f83-96a7-ee6cc92cfa0a|rpc:10.1.1.55:41435|dataStream:|priority:0, 5cf4cd61-878f-4dff-a8f0-3c181111f76f|rpc:10.1.1.55:35311|dataStream:|priority:0, 6b2dcef1-f6ed-465a-a116-d89b60e08d93|rpc:10.1.1.55:34079|dataStream:|priority:1], old=null, confs=<EMPTY_MAP>
2022-09-28 15:54:56,595 [pool-579-thread-1] INFO  server.RaftServerConfigKeys (ConfUtils.java:logGet(46)) - raft.server.storage.dir = [/home/runner/work/ozone/ozone/hadoop-ozone/integration-test/target/test-dir/MiniOzoneClusterImpl-aff298ea-5285-4275-affb-2c33fd00777e/datanode-1/data/ratis] (custom)
2022-09-28 15:54:56,595 [pool-579-thread-1] INFO  server.RaftServerConfigKeys (ConfUtils.java:logGet(46)) - raft.server.log.corruption.policy = EXCEPTION (default)
2022-09-28 15:54:56,595 [pool-579-thread-1] INFO  server.RaftServerConfigKeys (ConfUtils.java:logGet(46)) - raft.server.storage.free-space.min = 0MB (=0) (default)
2022-09-28 15:54:56,595 [pool-579-thread-1] INFO  storage.RaftStorageDirectory (RaftStorageDirectoryImpl.java:analyzeStorage(135)) - The storage directory /home/runner/work/ozone/ozone/hadoop-ozone/integration-test/target/test-dir/MiniOzoneClusterImpl-aff298ea-5285-4275-affb-2c33fd00777e/datanode-1/data/ratis/09ac3006-069a-4136-8cc0-5a73e7049105 does not exist. Creating ...
2022-09-28 15:54:56,603 [pool-579-thread-1] INFO  storage.RaftStorageDirectory (RaftStorageDirectoryImpl.java:tryLock(230)) - Lock on /home/runner/work/ozone/ozone/hadoop-ozone/integration-test/target/test-dir/MiniOzoneClusterImpl-aff298ea-5285-4275-affb-2c33fd00777e/datanode-1/data/ratis/09ac3006-069a-4136-8cc0-5a73e7049105/in_use.lock acquired by nodename 13127@fv-az203-824
2022-09-28 15:54:56,611 [pool-579-thread-1] INFO  storage.RaftStorage (RaftStorageImpl.java:format(89)) - Storage directory /home/runner/work/ozone/ozone/hadoop-ozone/integration-test/target/test-dir/MiniOzoneClusterImpl-aff298ea-5285-4275-affb-2c33fd00777e/datanode-1/data/ratis/09ac3006-069a-4136-8cc0-5a73e7049105 has been successfully formatted.
2022-09-28 15:54:56,611 [pool-579-thread-1] INFO  ratis.ContainerStateMachine (ContainerStateMachine.java:loadSnapshot(236)) - group-5A73E7049105: The snapshot info is null. Setting the last applied indexto:(t:0, i:~)
2022-09-28 15:54:56,611 [pool-579-thread-1] INFO  server.RaftServerConfigKeys (ConfUtils.java:logGet(46)) - raft.server.notification.no-leader.timeout = 300s (custom)
2022-09-28 15:54:56,611 [pool-579-thread-1] INFO  server.RaftServerConfigKeys (ConfUtils.java:logGet(46)) - raft.server.log.use.memory = false (default)
2022-09-28 15:54:56,611 [pool-579-thread-1] INFO  server.RaftServerConfigKeys (ConfUtils.java:logGet(46)) - raft.server.log.purge.gap = 1000000 (custom)
2022-09-28 15:54:56,611 [pool-579-thread-1] INFO  server.RaftServerConfigKeys (ConfUtils.java:logGet(46)) - raft.server.log.appender.buffer.byte-limit = 33554432 (custom)
2022-09-28 15:54:56,611 [pool-579-thread-1] INFO  server.RaftServerConfigKeys (ConfUtils.java:logGet(46)) - raft.server.log.statemachine.data.read.timeout = 1000ms (default)
2022-09-28 15:54:56,612 [pool-579-thread-1] INFO  server.RaftServerConfigKeys (ConfUtils.java:logGet(46)) - raft.server.log.segment.size.max = 1048576 (custom)
2022-09-28 15:54:56,612 [pool-579-thread-1] INFO  server.RaftServerConfigKeys (ConfUtils.java:logGet(46)) - raft.server.log.segment.cache.num.max = 2 (custom)
2022-09-28 15:54:56,612 [pool-579-thread-1] INFO  server.RaftServerConfigKeys (ConfUtils.java:logGet(46)) - raft.server.log.segment.cache.size.max = 200MB (=209715200) (default)
2022-09-28 15:54:56,612 [pool-579-thread-1] INFO  segmented.SegmentedRaftLogWorker (SegmentedRaftLogWorker.java:<init>(187)) - new 6b2dcef1-f6ed-465a-a116-d89b60e08d93@group-5A73E7049105-SegmentedRaftLogWorker for RaftStorageImpl:Storage Directory /home/runner/work/ozone/ozone/hadoop-ozone/integration-test/target/test-dir/MiniOzoneClusterImpl-aff298ea-5285-4275-affb-2c33fd00777e/datanode-1/data/ratis/09ac3006-069a-4136-8cc0-5a73e7049105
2022-09-28 15:54:56,612 [pool-579-thread-1] INFO  server.RaftServerConfigKeys (ConfUtils.java:logGet(46)) - raft.server.log.queue.byte-limit = 4294967296 (custom)
2022-09-28 15:54:56,612 [pool-579-thread-1] INFO  server.RaftServerConfigKeys (ConfUtils.java:logGet(46)) - raft.server.log.queue.element-limit = 1024 (custom)
2022-09-28 15:54:56,612 [pool-579-thread-1] INFO  server.RaftServerConfigKeys (ConfUtils.java:logGet(46)) - raft.server.log.segment.size.max = 1048576 (custom)
2022-09-28 15:54:56,612 [pool-579-thread-1] INFO  server.RaftServerConfigKeys (ConfUtils.java:logGet(46)) - raft.server.log.preallocated.size = 16384 (custom)
2022-09-28 15:54:56,612 [pool-579-thread-1] INFO  server.RaftServerConfigKeys (ConfUtils.java:logGet(46)) - raft.server.log.force.sync.num = 128 (default)
2022-09-28 15:54:56,612 [pool-579-thread-1] INFO  server.RaftServerConfigKeys (ConfUtils.java:logGet(46)) - raft.server.log.statemachine.data.sync = true (default)
2022-09-28 15:54:56,612 [pool-579-thread-1] INFO  server.RaftServerConfigKeys (ConfUtils.java:logGet(46)) - raft.server.log.statemachine.data.sync.timeout = 10s (default)
2022-09-28 15:54:56,612 [pool-579-thread-1] INFO  server.RaftServerConfigKeys (ConfUtils.java:logGet(46)) - raft.server.log.statemachine.data.sync.timeout.retry = -1 (default)
2022-09-28 15:54:56,613 [pool-579-thread-1] INFO  server.RaftServerConfigKeys (ConfUtils.java:logGet(46)) - raft.server.log.write.buffer.size = 1048576 (custom)
2022-09-28 15:54:56,613 [pool-579-thread-1] INFO  server.RaftServerConfigKeys (ConfUtils.java:logGet(46)) - raft.server.log.unsafe-flush.enabled = false (default)
2022-09-28 15:54:56,613 [pool-579-thread-1] INFO  server.RaftServerConfigKeys (ConfUtils.java:logGet(46)) - raft.server.log.statemachine.data.caching.enabled = true (custom)
2022-09-28 15:54:56,613 [pool-579-thread-1] INFO  segmented.SegmentedRaftLogWorker (SegmentedRaftLogWorker.java:lambda$new$0(135)) - 6b2dcef1-f6ed-465a-a116-d89b60e08d93@group-5A73E7049105-SegmentedRaftLogWorker: flushIndex: setUnconditionally 0 -> -1
2022-09-28 15:54:56,613 [pool-579-thread-1] INFO  segmented.SegmentedRaftLogWorker (SegmentedRaftLogWorker.java:lambda$new$0(135)) - 6b2dcef1-f6ed-465a-a116-d89b60e08d93@group-5A73E7049105-SegmentedRaftLogWorker: safeCacheEvictIndex: setUnconditionally 0 -> -1
2022-09-28 15:54:56,616 [pool-579-thread-1] INFO  server.RaftServerConfigKeys (ConfUtils.java:logGet(46)) - raft.server.snapshot.auto.trigger.enabled = true (custom)
2022-09-28 15:54:56,616 [pool-579-thread-1] INFO  server.RaftServerConfigKeys (ConfUtils.java:logGet(46)) - raft.server.snapshot.auto.trigger.threshold = 10000 (custom)
2022-09-28 15:54:56,616 [pool-579-thread-1] INFO  server.RaftServerConfigKeys (ConfUtils.java:logGet(46)) - raft.server.snapshot.retention.file.num = 5 (custom)
2022-09-28 15:54:56,616 [pool-579-thread-1] INFO  server.RaftServerConfigKeys (ConfUtils.java:logGet(46)) - raft.server.log.purge.upto.snapshot.index = false (default)
2022-09-28 15:54:56,616 [pool-579-thread-1] INFO  server.RaftServerConfigKeys (ConfUtils.java:logGet(46)) - raft.server.retrycache.expirytime = 600000ms (custom)
2022-09-28 15:54:56,617 [pool-579-thread-1] INFO  server.RaftServerConfigKeys (ConfUtils.java:logGet(46)) - raft.server.retrycache.statistics.expirytime = 100μs (default)
2022-09-28 15:54:56,618 [pool-579-thread-1] INFO  server.RaftServerConfigKeys (ConfUtils.java:logGet(46)) - raft.server.log.appender.install.snapshot.enabled = false (custom)
2022-09-28 15:54:56,618 [pool-579-thread-1] INFO  server.RaftServerConfigKeys (ConfUtils.java:logGet(46)) - raft.server.threadpool.server.cached = true (default)
2022-09-28 15:54:56,618 [pool-579-thread-1] INFO  server.RaftServerConfigKeys (ConfUtils.java:logGet(46)) - raft.server.threadpool.server.size = 0 (default)
2022-09-28 15:54:56,618 [pool-579-thread-1] INFO  server.RaftServerConfigKeys (ConfUtils.java:logGet(46)) - raft.server.threadpool.client.cached = true (default)
2022-09-28 15:54:56,618 [pool-579-thread-1] INFO  server.RaftServerConfigKeys (ConfUtils.java:logGet(46)) - raft.server.threadpool.client.size = 0 (default)
2022-09-28 15:54:56,618 [pool-579-thread-1] INFO  server.RaftServer$Division (RaftServerImpl.java:start(310)) - 6b2dcef1-f6ed-465a-a116-d89b60e08d93@group-5A73E7049105: start as a follower, conf=-1: [50ea5a34-8fbf-4f83-96a7-ee6cc92cfa0a|rpc:10.1.1.55:41435|dataStream:|priority:0, 5cf4cd61-878f-4dff-a8f0-3c181111f76f|rpc:10.1.1.55:35311|dataStream:|priority:0, 6b2dcef1-f6ed-465a-a116-d89b60e08d93|rpc:10.1.1.55:34079|dataStream:|priority:1], old=null
2022-09-28 15:54:56,618 [pool-579-thread-1] INFO  server.RaftServer$Division (RaftServerImpl.java:setRole(299)) - 6b2dcef1-f6ed-465a-a116-d89b60e08d93@group-5A73E7049105: changes role from      null to FOLLOWER at term 0 for startAsFollower
2022-09-28 15:54:56,620 [pool-579-thread-1] INFO  impl.RoleInfo (RoleInfo.java:updateAndGet(139)) - 6b2dcef1-f6ed-465a-a116-d89b60e08d93: start 6b2dcef1-f6ed-465a-a116-d89b60e08d93@group-5A73E7049105-FollowerState
2022-09-28 15:54:56,620 [pool-579-thread-1] INFO  util.JmxRegister (JmxRegister.java:tryRegister(44)) - Successfully registered JMX Bean with object name Ratis:service=RaftServer,group=group-5A73E7049105,id=6b2dcef1-f6ed-465a-a116-d89b60e08d93
2022-09-28 15:54:56,672 [Command processor thread] INFO  server.RaftServer (RaftServerProxy.java:addNew(96)) - 6b2dcef1-f6ed-465a-a116-d89b60e08d93: addNew group-31982628B7F0:[6b2dcef1-f6ed-465a-a116-d89b60e08d93|rpc:10.1.1.55:34079|priority:1] returns group-31982628B7F0:java.util.concurrent.CompletableFuture@62dc8b30[Not completed]
2022-09-28 15:54:56,673 [pool-579-thread-1] INFO  server.RaftServer$Division (RaftServerImpl.java:<init>(190)) - 6b2dcef1-f6ed-465a-a116-d89b60e08d93: new RaftServerImpl for group-31982628B7F0:[6b2dcef1-f6ed-465a-a116-d89b60e08d93|rpc:10.1.1.55:34079|priority:1] with ContainerStateMachine:uninitialized
2022-09-28 15:54:56,673 [pool-579-thread-1] INFO  server.RaftServerConfigKeys (ConfUtils.java:logGet(46)) - raft.server.rpc.timeout.min = 5s (custom)
2022-09-28 15:54:56,673 [pool-579-thread-1] INFO  server.RaftServerConfigKeys (ConfUtils.java:logGet(46)) - raft.server.rpc.timeout.max = 5200ms (custom)
2022-09-28 15:54:56,673 [pool-579-thread-1] INFO  server.RaftServerConfigKeys (ConfUtils.java:logGet(46)) - raft.server.rpc.sleep.time = 25ms (default)
2022-09-28 15:54:56,673 [pool-579-thread-1] INFO  server.RaftServerConfigKeys (ConfUtils.java:logGet(46)) - raft.server.rpc.slowness.timeout = 300s (custom)
2022-09-28 15:54:56,673 [pool-579-thread-1] INFO  server.RaftServerConfigKeys (ConfUtils.java:logGet(46)) - raft.server.leaderelection.leader.step-down.wait-time = 10s (default)
2022-09-28 15:54:56,673 [pool-579-thread-1] INFO  server.RaftServerConfigKeys (ConfUtils.java:logGet(46)) - raft.server.sleep.deviation.threshold = 300ms (default)
2022-09-28 15:54:56,673 [pool-579-thread-1] INFO  server.RaftServer$Division (ServerState.java:<init>(107)) - 6b2dcef1-f6ed-465a-a116-d89b60e08d93@group-31982628B7F0: ConfigurationManager, init=-1: [6b2dcef1-f6ed-465a-a116-d89b60e08d93|rpc:10.1.1.55:34079|priority:1], old=null, confs=<EMPTY_MAP>
2022-09-28 15:54:56,673 [pool-579-thread-1] INFO  server.RaftServerConfigKeys (ConfUtils.java:logGet(46)) - raft.server.storage.dir = [/home/runner/work/ozone/ozone/hadoop-ozone/integration-test/target/test-dir/MiniOzoneClusterImpl-aff298ea-5285-4275-affb-2c33fd00777e/datanode-1/data/ratis] (custom)
2022-09-28 15:54:56,674 [pool-579-thread-1] INFO  server.RaftServerConfigKeys (ConfUtils.java:logGet(46)) - raft.server.log.corruption.policy = EXCEPTION (default)
2022-09-28 15:54:56,674 [pool-579-thread-1] INFO  server.RaftServerConfigKeys (ConfUtils.java:logGet(46)) - raft.server.storage.free-space.min = 0MB (=0) (default)
2022-09-28 15:54:56,674 [pool-579-thread-1] INFO  storage.RaftStorageDirectory (RaftStorageDirectoryImpl.java:analyzeStorage(135)) - The storage directory /home/runner/work/ozone/ozone/hadoop-ozone/integration-test/target/test-dir/MiniOzoneClusterImpl-aff298ea-5285-4275-affb-2c33fd00777e/datanode-1/data/ratis/5174431a-142f-4c2b-a2bc-31982628b7f0 does not exist. Creating ...
2022-09-28 15:54:56,675 [pool-579-thread-1] INFO  storage.RaftStorageDirectory (RaftStorageDirectoryImpl.java:tryLock(230)) - Lock on /home/runner/work/ozone/ozone/hadoop-ozone/integration-test/target/test-dir/MiniOzoneClusterImpl-aff298ea-5285-4275-affb-2c33fd00777e/datanode-1/data/ratis/5174431a-142f-4c2b-a2bc-31982628b7f0/in_use.lock acquired by nodename 13127@fv-az203-824
2022-09-28 15:54:56,675 [grpc-default-executor-0] INFO  server.RaftServer (RaftServerProxy.java:addNew(96)) - 50ea5a34-8fbf-4f83-96a7-ee6cc92cfa0a: addNew group-5A73E7049105:[50ea5a34-8fbf-4f83-96a7-ee6cc92cfa0a|rpc:10.1.1.55:41435|dataStream:|priority:0, 5cf4cd61-878f-4dff-a8f0-3c181111f76f|rpc:10.1.1.55:35311|dataStream:|priority:0, 6b2dcef1-f6ed-465a-a116-d89b60e08d93|rpc:10.1.1.55:34079|dataStream:|priority:1] returns group-5A73E7049105:java.util.concurrent.CompletableFuture@56b11e19[Not completed]
2022-09-28 15:54:56,676 [pool-602-thread-1] INFO  server.RaftServer$Division (RaftServerImpl.java:<init>(190)) - 50ea5a34-8fbf-4f83-96a7-ee6cc92cfa0a: new RaftServerImpl for group-5A73E7049105:[50ea5a34-8fbf-4f83-96a7-ee6cc92cfa0a|rpc:10.1.1.55:41435|dataStream:|priority:0, 5cf4cd61-878f-4dff-a8f0-3c181111f76f|rpc:10.1.1.55:35311|dataStream:|priority:0, 6b2dcef1-f6ed-465a-a116-d89b60e08d93|rpc:10.1.1.55:34079|dataStream:|priority:1] with ContainerStateMachine:uninitialized
2022-09-28 15:54:56,676 [pool-602-thread-1] INFO  server.RaftServerConfigKeys (ConfUtils.java:logGet(46)) - raft.server.rpc.timeout.min = 5s (custom)
2022-09-28 15:54:56,676 [pool-602-thread-1] INFO  server.RaftServerConfigKeys (ConfUtils.java:logGet(46)) - raft.server.rpc.timeout.max = 5200ms (custom)
2022-09-28 15:54:56,676 [pool-602-thread-1] INFO  server.RaftServerConfigKeys (ConfUtils.java:logGet(46)) - raft.server.rpc.sleep.time = 25ms (default)
2022-09-28 15:54:56,676 [pool-602-thread-1] INFO  server.RaftServerConfigKeys (ConfUtils.java:logGet(46)) - raft.server.rpc.slowness.timeout = 300s (custom)
2022-09-28 15:54:56,676 [pool-602-thread-1] INFO  server.RaftServerConfigKeys (ConfUtils.java:logGet(46)) - raft.server.leaderelection.leader.step-down.wait-time = 10s (default)
2022-09-28 15:54:56,676 [pool-602-thread-1] INFO  server.RaftServerConfigKeys (ConfUtils.java:logGet(46)) - raft.server.sleep.deviation.threshold = 300ms (default)
2022-09-28 15:54:56,676 [pool-602-thread-1] INFO  server.RaftServer$Division (ServerState.java:<init>(107)) - 50ea5a34-8fbf-4f83-96a7-ee6cc92cfa0a@group-5A73E7049105: ConfigurationManager, init=-1: [50ea5a34-8fbf-4f83-96a7-ee6cc92cfa0a|rpc:10.1.1.55:41435|dataStream:|priority:0, 5cf4cd61-878f-4dff-a8f0-3c181111f76f|rpc:10.1.1.55:35311|dataStream:|priority:0, 6b2dcef1-f6ed-465a-a116-d89b60e08d93|rpc:10.1.1.55:34079|dataStream:|priority:1], old=null, confs=<EMPTY_MAP>
2022-09-28 15:54:56,676 [pool-602-thread-1] INFO  server.RaftServerConfigKeys (ConfUtils.java:logGet(46)) - raft.server.storage.dir = [/home/runner/work/ozone/ozone/hadoop-ozone/integration-test/target/test-dir/MiniOzoneClusterImpl-aff298ea-5285-4275-affb-2c33fd00777e/datanode-2/data/ratis] (custom)
2022-09-28 15:54:56,677 [pool-602-thread-1] INFO  server.RaftServerConfigKeys (ConfUtils.java:logGet(46)) - raft.server.log.corruption.policy = EXCEPTION (default)
2022-09-28 15:54:56,677 [pool-602-thread-1] INFO  server.RaftServerConfigKeys (ConfUtils.java:logGet(46)) - raft.server.storage.free-space.min = 0MB (=0) (default)
2022-09-28 15:54:56,677 [pool-602-thread-1] INFO  storage.RaftStorageDirectory (RaftStorageDirectoryImpl.java:analyzeStorage(135)) - The storage directory /home/runner/work/ozone/ozone/hadoop-ozone/integration-test/target/test-dir/MiniOzoneClusterImpl-aff298ea-5285-4275-affb-2c33fd00777e/datanode-2/data/ratis/09ac3006-069a-4136-8cc0-5a73e7049105 does not exist. Creating ...
2022-09-28 15:54:56,678 [pool-579-thread-1] INFO  storage.RaftStorage (RaftStorageImpl.java:format(89)) - Storage directory /home/runner/work/ozone/ozone/hadoop-ozone/integration-test/target/test-dir/MiniOzoneClusterImpl-aff298ea-5285-4275-affb-2c33fd00777e/datanode-1/data/ratis/5174431a-142f-4c2b-a2bc-31982628b7f0 has been successfully formatted.
2022-09-28 15:54:56,678 [pool-602-thread-1] INFO  storage.RaftStorageDirectory (RaftStorageDirectoryImpl.java:tryLock(230)) - Lock on /home/runner/work/ozone/ozone/hadoop-ozone/integration-test/target/test-dir/MiniOzoneClusterImpl-aff298ea-5285-4275-affb-2c33fd00777e/datanode-2/data/ratis/09ac3006-069a-4136-8cc0-5a73e7049105/in_use.lock acquired by nodename 13127@fv-az203-824
2022-09-28 15:54:56,678 [pool-579-thread-1] INFO  ratis.ContainerStateMachine (ContainerStateMachine.java:loadSnapshot(236)) - group-31982628B7F0: The snapshot info is null. Setting the last applied indexto:(t:0, i:~)
2022-09-28 15:54:56,679 [pool-579-thread-1] INFO  server.RaftServerConfigKeys (ConfUtils.java:logGet(46)) - raft.server.notification.no-leader.timeout = 300s (custom)
2022-09-28 15:54:56,679 [pool-579-thread-1] INFO  server.RaftServerConfigKeys (ConfUtils.java:logGet(46)) - raft.server.log.use.memory = false (default)
2022-09-28 15:54:56,679 [pool-579-thread-1] INFO  server.RaftServerConfigKeys (ConfUtils.java:logGet(46)) - raft.server.log.purge.gap = 1000000 (custom)
2022-09-28 15:54:56,679 [pool-579-thread-1] INFO  server.RaftServerConfigKeys (ConfUtils.java:logGet(46)) - raft.server.log.appender.buffer.byte-limit = 33554432 (custom)
2022-09-28 15:54:56,679 [pool-579-thread-1] INFO  server.RaftServerConfigKeys (ConfUtils.java:logGet(46)) - raft.server.log.statemachine.data.read.timeout = 1000ms (default)
2022-09-28 15:54:56,679 [EventQueue-PipelineReportForPipelineReportHandler] INFO  pipeline.PipelineManagerImpl (PipelineManagerImpl.java:openPipeline(367)) - Pipeline Pipeline[ Id: 5174431a-142f-4c2b-a2bc-31982628b7f0, Nodes: 6b2dcef1-f6ed-465a-a116-d89b60e08d93{ip: 10.1.1.55, host: fv-az203-824.ild0l4k5vsluppoevu2oqvhmda.cx.internal.cloudapp.net, ports: [REPLICATION=42815, RATIS=34079, RATIS_ADMIN=34079, RATIS_SERVER=34079, STANDALONE=33269], networkLocation: /default-rack, certSerialId: null, persistedOpState: IN_SERVICE, persistedOpStateExpiryEpochSec: 0}, ReplicationConfig: RATIS/ONE, State:ALLOCATED, leaderId:6b2dcef1-f6ed-465a-a116-d89b60e08d93, CreationTimestamp2022-09-28T15:54:53.682Z[Etc/UTC]] moved to OPEN state
2022-09-28 15:54:56,679 [pool-602-thread-1] INFO  storage.RaftStorage (RaftStorageImpl.java:format(89)) - Storage directory /home/runner/work/ozone/ozone/hadoop-ozone/integration-test/target/test-dir/MiniOzoneClusterImpl-aff298ea-5285-4275-affb-2c33fd00777e/datanode-2/data/ratis/09ac3006-069a-4136-8cc0-5a73e7049105 has been successfully formatted.
2022-09-28 15:54:56,680 [EventQueue-OpenPipelineForHealthyPipelineSafeModeRule] INFO  safemode.SCMSafeModeManager (HealthyPipelineSafeModeRule.java:process(137)) - SCM in safe mode. Healthy pipelines reported count is 0, required healthy pipeline reported count is 1
2022-09-28 15:54:56,680 [pool-579-thread-1] INFO  server.RaftServerConfigKeys (ConfUtils.java:logGet(46)) - raft.server.log.segment.size.max = 1048576 (custom)
2022-09-28 15:54:56,686 [pool-579-thread-1] INFO  server.RaftServerConfigKeys (ConfUtils.java:logGet(46)) - raft.server.log.segment.cache.num.max = 2 (custom)
2022-09-28 15:54:56,686 [pool-579-thread-1] INFO  server.RaftServerConfigKeys (ConfUtils.java:logGet(46)) - raft.server.log.segment.cache.size.max = 200MB (=209715200) (default)
2022-09-28 15:54:56,686 [pool-579-thread-1] INFO  segmented.SegmentedRaftLogWorker (SegmentedRaftLogWorker.java:<init>(187)) - new 6b2dcef1-f6ed-465a-a116-d89b60e08d93@group-31982628B7F0-SegmentedRaftLogWorker for RaftStorageImpl:Storage Directory /home/runner/work/ozone/ozone/hadoop-ozone/integration-test/target/test-dir/MiniOzoneClusterImpl-aff298ea-5285-4275-affb-2c33fd00777e/datanode-1/data/ratis/5174431a-142f-4c2b-a2bc-31982628b7f0
2022-09-28 15:54:56,686 [pool-579-thread-1] INFO  server.RaftServerConfigKeys (ConfUtils.java:logGet(46)) - raft.server.log.queue.byte-limit = 4294967296 (custom)
2022-09-28 15:54:56,715 [pool-579-thread-1] INFO  server.RaftServerConfigKeys (ConfUtils.java:logGet(46)) - raft.server.log.queue.element-limit = 1024 (custom)
2022-09-28 15:54:56,715 [pool-579-thread-1] INFO  server.RaftServerConfigKeys (ConfUtils.java:logGet(46)) - raft.server.log.segment.size.max = 1048576 (custom)
2022-09-28 15:54:56,715 [pool-579-thread-1] INFO  server.RaftServerConfigKeys (ConfUtils.java:logGet(46)) - raft.server.log.preallocated.size = 16384 (custom)
2022-09-28 15:54:56,715 [pool-579-thread-1] INFO  server.RaftServerConfigKeys (ConfUtils.java:logGet(46)) - raft.server.log.force.sync.num = 128 (default)
2022-09-28 15:54:56,715 [pool-579-thread-1] INFO  server.RaftServerConfigKeys (ConfUtils.java:logGet(46)) - raft.server.log.statemachine.data.sync = true (default)
2022-09-28 15:54:56,716 [pool-579-thread-1] INFO  server.RaftServerConfigKeys (ConfUtils.java:logGet(46)) - raft.server.log.statemachine.data.sync.timeout = 10s (default)
2022-09-28 15:54:56,716 [pool-579-thread-1] INFO  server.RaftServerConfigKeys (ConfUtils.java:logGet(46)) - raft.server.log.statemachine.data.sync.timeout.retry = -1 (default)
2022-09-28 15:54:56,716 [pool-579-thread-1] INFO  server.RaftServerConfigKeys (ConfUtils.java:logGet(46)) - raft.server.log.write.buffer.size = 1048576 (custom)
2022-09-28 15:54:56,716 [pool-579-thread-1] INFO  server.RaftServerConfigKeys (ConfUtils.java:logGet(46)) - raft.server.log.unsafe-flush.enabled = false (default)
2022-09-28 15:54:56,717 [pool-579-thread-1] INFO  server.RaftServerConfigKeys (ConfUtils.java:logGet(46)) - raft.server.log.statemachine.data.caching.enabled = true (custom)
2022-09-28 15:54:56,717 [pool-579-thread-1] INFO  segmented.SegmentedRaftLogWorker (SegmentedRaftLogWorker.java:lambda$new$0(135)) - 6b2dcef1-f6ed-465a-a116-d89b60e08d93@group-31982628B7F0-SegmentedRaftLogWorker: flushIndex: setUnconditionally 0 -> -1
2022-09-28 15:54:56,717 [pool-579-thread-1] INFO  segmented.SegmentedRaftLogWorker (SegmentedRaftLogWorker.java:lambda$new$0(135)) - 6b2dcef1-f6ed-465a-a116-d89b60e08d93@group-31982628B7F0-SegmentedRaftLogWorker: safeCacheEvictIndex: setUnconditionally 0 -> -1
2022-09-28 15:54:56,680 [pool-602-thread-1] INFO  ratis.ContainerStateMachine (ContainerStateMachine.java:loadSnapshot(236)) - group-5A73E7049105: The snapshot info is null. Setting the last applied indexto:(t:0, i:~)
2022-09-28 15:54:56,717 [pool-602-thread-1] INFO  server.RaftServerConfigKeys (ConfUtils.java:logGet(46)) - raft.server.notification.no-leader.timeout = 300s (custom)
2022-09-28 15:54:56,717 [pool-602-thread-1] INFO  server.RaftServerConfigKeys (ConfUtils.java:logGet(46)) - raft.server.log.use.memory = false (default)
2022-09-28 15:54:56,717 [pool-602-thread-1] INFO  server.RaftServerConfigKeys (ConfUtils.java:logGet(46)) - raft.server.log.purge.gap = 1000000 (custom)
2022-09-28 15:54:56,717 [pool-602-thread-1] INFO  server.RaftServerConfigKeys (ConfUtils.java:logGet(46)) - raft.server.log.appender.buffer.byte-limit = 33554432 (custom)
2022-09-28 15:54:56,717 [pool-602-thread-1] INFO  server.RaftServerConfigKeys (ConfUtils.java:logGet(46)) - raft.server.log.statemachine.data.read.timeout = 1000ms (default)
2022-09-28 15:54:56,717 [pool-602-thread-1] INFO  server.RaftServerConfigKeys (ConfUtils.java:logGet(46)) - raft.server.log.segment.size.max = 1048576 (custom)
2022-09-28 15:54:56,718 [pool-602-thread-1] INFO  server.RaftServerConfigKeys (ConfUtils.java:logGet(46)) - raft.server.log.segment.cache.num.max = 2 (custom)
2022-09-28 15:54:56,718 [pool-602-thread-1] INFO  server.RaftServerConfigKeys (ConfUtils.java:logGet(46)) - raft.server.log.segment.cache.size.max = 200MB (=209715200) (default)
2022-09-28 15:54:56,718 [pool-602-thread-1] INFO  segmented.SegmentedRaftLogWorker (SegmentedRaftLogWorker.java:<init>(187)) - new 50ea5a34-8fbf-4f83-96a7-ee6cc92cfa0a@group-5A73E7049105-SegmentedRaftLogWorker for RaftStorageImpl:Storage Directory /home/runner/work/ozone/ozone/hadoop-ozone/integration-test/target/test-dir/MiniOzoneClusterImpl-aff298ea-5285-4275-affb-2c33fd00777e/datanode-2/data/ratis/09ac3006-069a-4136-8cc0-5a73e7049105
2022-09-28 15:54:56,718 [pool-602-thread-1] INFO  server.RaftServerConfigKeys (ConfUtils.java:logGet(46)) - raft.server.log.queue.byte-limit = 4294967296 (custom)
2022-09-28 15:54:56,718 [pool-602-thread-1] INFO  server.RaftServerConfigKeys (ConfUtils.java:logGet(46)) - raft.server.log.queue.element-limit = 1024 (custom)
2022-09-28 15:54:56,718 [pool-602-thread-1] INFO  server.RaftServerConfigKeys (ConfUtils.java:logGet(46)) - raft.server.log.segment.size.max = 1048576 (custom)
2022-09-28 15:54:56,718 [pool-602-thread-1] INFO  server.RaftServerConfigKeys (ConfUtils.java:logGet(46)) - raft.server.log.preallocated.size = 16384 (custom)
2022-09-28 15:54:56,718 [pool-602-thread-1] INFO  server.RaftServerConfigKeys (ConfUtils.java:logGet(46)) - raft.server.log.force.sync.num = 128 (default)
2022-09-28 15:54:56,718 [pool-602-thread-1] INFO  server.RaftServerConfigKeys (ConfUtils.java:logGet(46)) - raft.server.log.statemachine.data.sync = true (default)
2022-09-28 15:54:56,718 [pool-602-thread-1] INFO  server.RaftServerConfigKeys (ConfUtils.java:logGet(46)) - raft.server.log.statemachine.data.sync.timeout = 10s (default)
2022-09-28 15:54:56,718 [pool-602-thread-1] INFO  server.RaftServerConfigKeys (ConfUtils.java:logGet(46)) - raft.server.log.statemachine.data.sync.timeout.retry = -1 (default)
2022-09-28 15:54:56,729 [pool-579-thread-1] INFO  server.RaftServerConfigKeys (ConfUtils.java:logGet(46)) - raft.server.snapshot.auto.trigger.enabled = true (custom)
2022-09-28 15:54:56,729 [pool-579-thread-1] INFO  server.RaftServerConfigKeys (ConfUtils.java:logGet(46)) - raft.server.snapshot.auto.trigger.threshold = 10000 (custom)
2022-09-28 15:54:56,730 [pool-579-thread-1] INFO  server.RaftServerConfigKeys (ConfUtils.java:logGet(46)) - raft.server.snapshot.retention.file.num = 5 (custom)
2022-09-28 15:54:56,730 [pool-579-thread-1] INFO  server.RaftServerConfigKeys (ConfUtils.java:logGet(46)) - raft.server.log.purge.upto.snapshot.index = false (default)
2022-09-28 15:54:56,730 [pool-579-thread-1] INFO  server.RaftServerConfigKeys (ConfUtils.java:logGet(46)) - raft.server.retrycache.expirytime = 600000ms (custom)
2022-09-28 15:54:56,730 [pool-579-thread-1] INFO  server.RaftServerConfigKeys (ConfUtils.java:logGet(46)) - raft.server.retrycache.statistics.expirytime = 100μs (default)
2022-09-28 15:54:56,731 [pool-579-thread-1] INFO  server.RaftServerConfigKeys (ConfUtils.java:logGet(46)) - raft.server.log.appender.install.snapshot.enabled = false (custom)
2022-09-28 15:54:56,732 [pool-579-thread-1] INFO  server.RaftServerConfigKeys (ConfUtils.java:logGet(46)) - raft.server.threadpool.server.cached = true (default)
2022-09-28 15:54:56,732 [pool-579-thread-1] INFO  server.RaftServerConfigKeys (ConfUtils.java:logGet(46)) - raft.server.threadpool.server.size = 0 (default)
2022-09-28 15:54:56,732 [pool-579-thread-1] INFO  server.RaftServerConfigKeys (ConfUtils.java:logGet(46)) - raft.server.threadpool.client.cached = true (default)
2022-09-28 15:54:56,732 [pool-579-thread-1] INFO  server.RaftServerConfigKeys (ConfUtils.java:logGet(46)) - raft.server.threadpool.client.size = 0 (default)
2022-09-28 15:54:56,732 [pool-579-thread-1] INFO  server.RaftServer$Division (RaftServerImpl.java:start(310)) - 6b2dcef1-f6ed-465a-a116-d89b60e08d93@group-31982628B7F0: start as a follower, conf=-1: [6b2dcef1-f6ed-465a-a116-d89b60e08d93|rpc:10.1.1.55:34079|priority:1], old=null
2022-09-28 15:54:56,732 [pool-579-thread-1] INFO  server.RaftServer$Division (RaftServerImpl.java:setRole(299)) - 6b2dcef1-f6ed-465a-a116-d89b60e08d93@group-31982628B7F0: changes role from      null to FOLLOWER at term 0 for startAsFollower
2022-09-28 15:54:56,732 [pool-579-thread-1] INFO  impl.RoleInfo (RoleInfo.java:updateAndGet(139)) - 6b2dcef1-f6ed-465a-a116-d89b60e08d93: start 6b2dcef1-f6ed-465a-a116-d89b60e08d93@group-31982628B7F0-FollowerState
2022-09-28 15:54:56,731 [pool-602-thread-1] INFO  server.RaftServerConfigKeys (ConfUtils.java:logGet(46)) - raft.server.log.write.buffer.size = 1048576 (custom)
2022-09-28 15:54:56,733 [pool-602-thread-1] INFO  server.RaftServerConfigKeys (ConfUtils.java:logGet(46)) - raft.server.log.unsafe-flush.enabled = false (default)
2022-09-28 15:54:56,733 [pool-602-thread-1] INFO  server.RaftServerConfigKeys (ConfUtils.java:logGet(46)) - raft.server.log.statemachine.data.caching.enabled = true (custom)
2022-09-28 15:54:56,733 [pool-602-thread-1] INFO  segmented.SegmentedRaftLogWorker (SegmentedRaftLogWorker.java:lambda$new$0(135)) - 50ea5a34-8fbf-4f83-96a7-ee6cc92cfa0a@group-5A73E7049105-SegmentedRaftLogWorker: flushIndex: setUnconditionally 0 -> -1
2022-09-28 15:54:56,733 [pool-602-thread-1] INFO  segmented.SegmentedRaftLogWorker (SegmentedRaftLogWorker.java:lambda$new$0(135)) - 50ea5a34-8fbf-4f83-96a7-ee6cc92cfa0a@group-5A73E7049105-SegmentedRaftLogWorker: safeCacheEvictIndex: setUnconditionally 0 -> -1
2022-09-28 15:54:56,735 [pool-579-thread-1] INFO  util.JmxRegister (JmxRegister.java:tryRegister(44)) - Successfully registered JMX Bean with object name Ratis:service=RaftServer,group=group-31982628B7F0,id=6b2dcef1-f6ed-465a-a116-d89b60e08d93
2022-09-28 15:54:56,743 [pool-602-thread-1] INFO  server.RaftServerConfigKeys (ConfUtils.java:logGet(46)) - raft.server.snapshot.auto.trigger.enabled = true (custom)
2022-09-28 15:54:56,743 [pool-602-thread-1] INFO  server.RaftServerConfigKeys (ConfUtils.java:logGet(46)) - raft.server.snapshot.auto.trigger.threshold = 10000 (custom)
2022-09-28 15:54:56,743 [pool-602-thread-1] INFO  server.RaftServerConfigKeys (ConfUtils.java:logGet(46)) - raft.server.snapshot.retention.file.num = 5 (custom)
2022-09-28 15:54:56,743 [pool-602-thread-1] INFO  server.RaftServerConfigKeys (ConfUtils.java:logGet(46)) - raft.server.log.purge.upto.snapshot.index = false (default)
2022-09-28 15:54:56,743 [pool-602-thread-1] INFO  server.RaftServerConfigKeys (ConfUtils.java:logGet(46)) - raft.server.retrycache.expirytime = 600000ms (custom)
2022-09-28 15:54:56,743 [pool-602-thread-1] INFO  server.RaftServerConfigKeys (ConfUtils.java:logGet(46)) - raft.server.retrycache.statistics.expirytime = 100μs (default)
2022-09-28 15:54:56,744 [pool-602-thread-1] INFO  server.RaftServerConfigKeys (ConfUtils.java:logGet(46)) - raft.server.log.appender.install.snapshot.enabled = false (custom)
2022-09-28 15:54:56,744 [pool-602-thread-1] INFO  server.RaftServerConfigKeys (ConfUtils.java:logGet(46)) - raft.server.threadpool.server.cached = true (default)
2022-09-28 15:54:56,744 [pool-602-thread-1] INFO  server.RaftServerConfigKeys (ConfUtils.java:logGet(46)) - raft.server.threadpool.server.size = 0 (default)
2022-09-28 15:54:56,744 [pool-602-thread-1] INFO  server.RaftServerConfigKeys (ConfUtils.java:logGet(46)) - raft.server.threadpool.client.cached = true (default)
2022-09-28 15:54:56,744 [pool-602-thread-1] INFO  server.RaftServerConfigKeys (ConfUtils.java:logGet(46)) - raft.server.threadpool.client.size = 0 (default)
2022-09-28 15:54:56,744 [pool-602-thread-1] INFO  server.RaftServer$Division (RaftServerImpl.java:start(310)) - 50ea5a34-8fbf-4f83-96a7-ee6cc92cfa0a@group-5A73E7049105: start as a follower, conf=-1: [50ea5a34-8fbf-4f83-96a7-ee6cc92cfa0a|rpc:10.1.1.55:41435|dataStream:|priority:0, 5cf4cd61-878f-4dff-a8f0-3c181111f76f|rpc:10.1.1.55:35311|dataStream:|priority:0, 6b2dcef1-f6ed-465a-a116-d89b60e08d93|rpc:10.1.1.55:34079|dataStream:|priority:1], old=null
2022-09-28 15:54:56,745 [pool-602-thread-1] INFO  server.RaftServer$Division (RaftServerImpl.java:setRole(299)) - 50ea5a34-8fbf-4f83-96a7-ee6cc92cfa0a@group-5A73E7049105: changes role from      null to FOLLOWER at term 0 for startAsFollower
2022-09-28 15:54:56,745 [pool-602-thread-1] INFO  impl.RoleInfo (RoleInfo.java:updateAndGet(139)) - 50ea5a34-8fbf-4f83-96a7-ee6cc92cfa0a: start 50ea5a34-8fbf-4f83-96a7-ee6cc92cfa0a@group-5A73E7049105-FollowerState
2022-09-28 15:54:56,745 [pool-602-thread-1] INFO  util.JmxRegister (JmxRegister.java:tryRegister(44)) - Successfully registered JMX Bean with object name Ratis:service=RaftServer,group=group-5A73E7049105,id=50ea5a34-8fbf-4f83-96a7-ee6cc92cfa0a
2022-09-28 15:54:56,750 [Command processor thread] INFO  ratis.XceiverServerRatis (XceiverServerRatis.java:addGroup(765)) - Created group PipelineID=5174431a-142f-4c2b-a2bc-31982628b7f0
2022-09-28 15:54:56,750 [Command processor thread] INFO  commandhandler.CreatePipelineCommandHandler (CreatePipelineCommandHandler.java:handle(113)) - Created Pipeline RATIS ONE PipelineID=5174431a-142f-4c2b-a2bc-31982628b7f0.
2022-09-28 15:54:56,778 [Command processor thread] INFO  commandhandler.CreatePipelineCommandHandler (CreatePipelineCommandHandler.java:handle(113)) - Created Pipeline RATIS THREE PipelineID=09ac3006-069a-4136-8cc0-5a73e7049105.
2022-09-28 15:54:57,239 [Listener at 127.0.0.1/37257] INFO  ozone.MiniOzoneClusterImpl (MiniOzoneClusterImpl.java:lambda$waitForClusterToBeReady$0(216)) - Nodes are ready. Got 5 of 5 DN Heartbeats.
2022-09-28 15:54:57,239 [Listener at 127.0.0.1/37257] INFO  ozone.MiniOzoneClusterImpl (MiniOzoneClusterImpl.java:lambda$waitForClusterToBeReady$0(219)) - Waiting for cluster to exit safe mode
2022-09-28 15:54:57,239 [Listener at 127.0.0.1/37257] INFO  ozone.MiniOzoneClusterImpl (MiniOzoneClusterImpl.java:lambda$waitForClusterToBeReady$0(221)) - SCM became leader
2022-09-28 15:54:57,243 [Command processor thread] INFO  server.RaftServer (RaftServerProxy.java:addNew(96)) - 50ea5a34-8fbf-4f83-96a7-ee6cc92cfa0a: addNew group-8DF09CC98007:[50ea5a34-8fbf-4f83-96a7-ee6cc92cfa0a|rpc:10.1.1.55:41435|priority:1] returns group-8DF09CC98007:java.util.concurrent.CompletableFuture@7eef9466[Not completed]
2022-09-28 15:54:57,244 [pool-602-thread-1] INFO  server.RaftServer$Division (RaftServerImpl.java:<init>(190)) - 50ea5a34-8fbf-4f83-96a7-ee6cc92cfa0a: new RaftServerImpl for group-8DF09CC98007:[50ea5a34-8fbf-4f83-96a7-ee6cc92cfa0a|rpc:10.1.1.55:41435|priority:1] with ContainerStateMachine:uninitialized
2022-09-28 15:54:57,244 [pool-602-thread-1] INFO  server.RaftServerConfigKeys (ConfUtils.java:logGet(46)) - raft.server.rpc.timeout.min = 5s (custom)
2022-09-28 15:54:57,244 [pool-602-thread-1] INFO  server.RaftServerConfigKeys (ConfUtils.java:logGet(46)) - raft.server.rpc.timeout.max = 5200ms (custom)
2022-09-28 15:54:57,244 [pool-602-thread-1] INFO  server.RaftServerConfigKeys (ConfUtils.java:logGet(46)) - raft.server.rpc.sleep.time = 25ms (default)
2022-09-28 15:54:57,244 [pool-602-thread-1] INFO  server.RaftServerConfigKeys (ConfUtils.java:logGet(46)) - raft.server.rpc.slowness.timeout = 300s (custom)
2022-09-28 15:54:57,244 [pool-602-thread-1] INFO  server.RaftServerConfigKeys (ConfUtils.java:logGet(46)) - raft.server.leaderelection.leader.step-down.wait-time = 10s (default)
2022-09-28 15:54:57,244 [pool-602-thread-1] INFO  server.RaftServerConfigKeys (ConfUtils.java:logGet(46)) - raft.server.sleep.deviation.threshold = 300ms (default)
2022-09-28 15:54:57,244 [pool-602-thread-1] INFO  server.RaftServer$Division (ServerState.java:<init>(107)) - 50ea5a34-8fbf-4f83-96a7-ee6cc92cfa0a@group-8DF09CC98007: ConfigurationManager, init=-1: [50ea5a34-8fbf-4f83-96a7-ee6cc92cfa0a|rpc:10.1.1.55:41435|priority:1], old=null, confs=<EMPTY_MAP>
2022-09-28 15:54:57,244 [pool-602-thread-1] INFO  server.RaftServerConfigKeys (ConfUtils.java:logGet(46)) - raft.server.storage.dir = [/home/runner/work/ozone/ozone/hadoop-ozone/integration-test/target/test-dir/MiniOzoneClusterImpl-aff298ea-5285-4275-affb-2c33fd00777e/datanode-2/data/ratis] (custom)
2022-09-28 15:54:57,245 [pool-602-thread-1] INFO  server.RaftServerConfigKeys (ConfUtils.java:logGet(46)) - raft.server.log.corruption.policy = EXCEPTION (default)
2022-09-28 15:54:57,245 [pool-602-thread-1] INFO  server.RaftServerConfigKeys (ConfUtils.java:logGet(46)) - raft.server.storage.free-space.min = 0MB (=0) (default)
2022-09-28 15:54:57,245 [pool-602-thread-1] INFO  storage.RaftStorageDirectory (RaftStorageDirectoryImpl.java:analyzeStorage(135)) - The storage directory /home/runner/work/ozone/ozone/hadoop-ozone/integration-test/target/test-dir/MiniOzoneClusterImpl-aff298ea-5285-4275-affb-2c33fd00777e/datanode-2/data/ratis/49faa06d-f8cd-4f22-900e-8df09cc98007 does not exist. Creating ...
2022-09-28 15:54:57,246 [pool-602-thread-1] INFO  storage.RaftStorageDirectory (RaftStorageDirectoryImpl.java:tryLock(230)) - Lock on /home/runner/work/ozone/ozone/hadoop-ozone/integration-test/target/test-dir/MiniOzoneClusterImpl-aff298ea-5285-4275-affb-2c33fd00777e/datanode-2/data/ratis/49faa06d-f8cd-4f22-900e-8df09cc98007/in_use.lock acquired by nodename 13127@fv-az203-824
2022-09-28 15:54:57,247 [pool-602-thread-1] INFO  storage.RaftStorage (RaftStorageImpl.java:format(89)) - Storage directory /home/runner/work/ozone/ozone/hadoop-ozone/integration-test/target/test-dir/MiniOzoneClusterImpl-aff298ea-5285-4275-affb-2c33fd00777e/datanode-2/data/ratis/49faa06d-f8cd-4f22-900e-8df09cc98007 has been successfully formatted.
2022-09-28 15:54:57,247 [pool-602-thread-1] INFO  ratis.ContainerStateMachine (ContainerStateMachine.java:loadSnapshot(236)) - group-8DF09CC98007: The snapshot info is null. Setting the last applied indexto:(t:0, i:~)
2022-09-28 15:54:57,248 [pool-602-thread-1] INFO  server.RaftServerConfigKeys (ConfUtils.java:logGet(46)) - raft.server.notification.no-leader.timeout = 300s (custom)
2022-09-28 15:54:57,248 [pool-602-thread-1] INFO  server.RaftServerConfigKeys (ConfUtils.java:logGet(46)) - raft.server.log.use.memory = false (default)
2022-09-28 15:54:57,248 [pool-602-thread-1] INFO  server.RaftServerConfigKeys (ConfUtils.java:logGet(46)) - raft.server.log.purge.gap = 1000000 (custom)
2022-09-28 15:54:57,248 [pool-602-thread-1] INFO  server.RaftServerConfigKeys (ConfUtils.java:logGet(46)) - raft.server.log.appender.buffer.byte-limit = 33554432 (custom)
2022-09-28 15:54:57,248 [pool-602-thread-1] INFO  server.RaftServerConfigKeys (ConfUtils.java:logGet(46)) - raft.server.log.statemachine.data.read.timeout = 1000ms (default)
2022-09-28 15:54:57,248 [pool-602-thread-1] INFO  server.RaftServerConfigKeys (ConfUtils.java:logGet(46)) - raft.server.log.segment.size.max = 1048576 (custom)
2022-09-28 15:54:57,249 [EventQueue-PipelineReportForPipelineReportHandler] INFO  pipeline.PipelineManagerImpl (PipelineManagerImpl.java:openPipeline(367)) - Pipeline Pipeline[ Id: 49faa06d-f8cd-4f22-900e-8df09cc98007, Nodes: 50ea5a34-8fbf-4f83-96a7-ee6cc92cfa0a{ip: 10.1.1.55, host: fv-az203-824.ild0l4k5vsluppoevu2oqvhmda.cx.internal.cloudapp.net, ports: [REPLICATION=45483, RATIS=41435, RATIS_ADMIN=41435, RATIS_SERVER=41435, STANDALONE=42267], networkLocation: /default-rack, certSerialId: null, persistedOpState: IN_SERVICE, persistedOpStateExpiryEpochSec: 0}, ReplicationConfig: RATIS/ONE, State:ALLOCATED, leaderId:50ea5a34-8fbf-4f83-96a7-ee6cc92cfa0a, CreationTimestamp2022-09-28T15:54:54.252Z[Etc/UTC]] moved to OPEN state
2022-09-28 15:54:57,249 [EventQueue-OpenPipelineForHealthyPipelineSafeModeRule] INFO  safemode.SCMSafeModeManager (HealthyPipelineSafeModeRule.java:process(137)) - SCM in safe mode. Healthy pipelines reported count is 0, required healthy pipeline reported count is 1
2022-09-28 15:54:57,250 [pool-602-thread-1] INFO  server.RaftServerConfigKeys (ConfUtils.java:logGet(46)) - raft.server.log.segment.cache.num.max = 2 (custom)
2022-09-28 15:54:57,251 [pool-602-thread-1] INFO  server.RaftServerConfigKeys (ConfUtils.java:logGet(46)) - raft.server.log.segment.cache.size.max = 200MB (=209715200) (default)
2022-09-28 15:54:57,251 [pool-602-thread-1] INFO  segmented.SegmentedRaftLogWorker (SegmentedRaftLogWorker.java:<init>(187)) - new 50ea5a34-8fbf-4f83-96a7-ee6cc92cfa0a@group-8DF09CC98007-SegmentedRaftLogWorker for RaftStorageImpl:Storage Directory /home/runner/work/ozone/ozone/hadoop-ozone/integration-test/target/test-dir/MiniOzoneClusterImpl-aff298ea-5285-4275-affb-2c33fd00777e/datanode-2/data/ratis/49faa06d-f8cd-4f22-900e-8df09cc98007
2022-09-28 15:54:57,251 [pool-602-thread-1] INFO  server.RaftServerConfigKeys (ConfUtils.java:logGet(46)) - raft.server.log.queue.byte-limit = 4294967296 (custom)
2022-09-28 15:54:57,251 [pool-602-thread-1] INFO  server.RaftServerConfigKeys (ConfUtils.java:logGet(46)) - raft.server.log.queue.element-limit = 1024 (custom)
2022-09-28 15:54:57,251 [pool-602-thread-1] INFO  server.RaftServerConfigKeys (ConfUtils.java:logGet(46)) - raft.server.log.segment.size.max = 1048576 (custom)
2022-09-28 15:54:57,251 [pool-602-thread-1] INFO  server.RaftServerConfigKeys (ConfUtils.java:logGet(46)) - raft.server.log.preallocated.size = 16384 (custom)
2022-09-28 15:54:57,252 [pool-602-thread-1] INFO  server.RaftServerConfigKeys (ConfUtils.java:logGet(46)) - raft.server.log.force.sync.num = 128 (default)
2022-09-28 15:54:57,252 [pool-602-thread-1] INFO  server.RaftServerConfigKeys (ConfUtils.java:logGet(46)) - raft.server.log.statemachine.data.sync = true (default)
2022-09-28 15:54:57,252 [pool-602-thread-1] INFO  server.RaftServerConfigKeys (ConfUtils.java:logGet(46)) - raft.server.log.statemachine.data.sync.timeout = 10s (default)
2022-09-28 15:54:57,252 [pool-602-thread-1] INFO  server.RaftServerConfigKeys (ConfUtils.java:logGet(46)) - raft.server.log.statemachine.data.sync.timeout.retry = -1 (default)
2022-09-28 15:54:57,252 [pool-602-thread-1] INFO  server.RaftServerConfigKeys (ConfUtils.java:logGet(46)) - raft.server.log.write.buffer.size = 1048576 (custom)
2022-09-28 15:54:57,253 [pool-602-thread-1] INFO  server.RaftServerConfigKeys (ConfUtils.java:logGet(46)) - raft.server.log.unsafe-flush.enabled = false (default)
2022-09-28 15:54:57,253 [pool-602-thread-1] INFO  server.RaftServerConfigKeys (ConfUtils.java:logGet(46)) - raft.server.log.statemachine.data.caching.enabled = true (custom)
2022-09-28 15:54:57,253 [pool-602-thread-1] INFO  segmented.SegmentedRaftLogWorker (SegmentedRaftLogWorker.java:lambda$new$0(135)) - 50ea5a34-8fbf-4f83-96a7-ee6cc92cfa0a@group-8DF09CC98007-SegmentedRaftLogWorker: flushIndex: setUnconditionally 0 -> -1
2022-09-28 15:54:57,253 [pool-602-thread-1] INFO  segmented.SegmentedRaftLogWorker (SegmentedRaftLogWorker.java:lambda$new$0(135)) - 50ea5a34-8fbf-4f83-96a7-ee6cc92cfa0a@group-8DF09CC98007-SegmentedRaftLogWorker: safeCacheEvictIndex: setUnconditionally 0 -> -1
2022-09-28 15:54:57,253 [pool-602-thread-1] INFO  server.RaftServerConfigKeys (ConfUtils.java:logGet(46)) - raft.server.snapshot.auto.trigger.enabled = true (custom)
2022-09-28 15:54:57,253 [pool-602-thread-1] INFO  server.RaftServerConfigKeys (ConfUtils.java:logGet(46)) - raft.server.snapshot.auto.trigger.threshold = 10000 (custom)
2022-09-28 15:54:57,253 [pool-602-thread-1] INFO  server.RaftServerConfigKeys (ConfUtils.java:logGet(46)) - raft.server.snapshot.retention.file.num = 5 (custom)
2022-09-28 15:54:57,253 [pool-602-thread-1] INFO  server.RaftServerConfigKeys (ConfUtils.java:logGet(46)) - raft.server.log.purge.upto.snapshot.index = false (default)
2022-09-28 15:54:57,254 [pool-602-thread-1] INFO  server.RaftServerConfigKeys (ConfUtils.java:logGet(46)) - raft.server.retrycache.expirytime = 600000ms (custom)
2022-09-28 15:54:57,254 [pool-602-thread-1] INFO  server.RaftServerConfigKeys (ConfUtils.java:logGet(46)) - raft.server.retrycache.statistics.expirytime = 100μs (default)
2022-09-28 15:54:57,273 [pool-602-thread-1] INFO  server.RaftServerConfigKeys (ConfUtils.java:logGet(46)) - raft.server.log.appender.install.snapshot.enabled = false (custom)
2022-09-28 15:54:57,274 [pool-602-thread-1] INFO  server.RaftServerConfigKeys (ConfUtils.java:logGet(46)) - raft.server.threadpool.server.cached = true (default)
2022-09-28 15:54:57,274 [pool-602-thread-1] INFO  server.RaftServerConfigKeys (ConfUtils.java:logGet(46)) - raft.server.threadpool.server.size = 0 (default)
2022-09-28 15:54:57,274 [pool-602-thread-1] INFO  server.RaftServerConfigKeys (ConfUtils.java:logGet(46)) - raft.server.threadpool.client.cached = true (default)
2022-09-28 15:54:57,274 [pool-602-thread-1] INFO  server.RaftServerConfigKeys (ConfUtils.java:logGet(46)) - raft.server.threadpool.client.size = 0 (default)
2022-09-28 15:54:57,274 [pool-602-thread-1] INFO  server.RaftServer$Division (RaftServerImpl.java:start(310)) - 50ea5a34-8fbf-4f83-96a7-ee6cc92cfa0a@group-8DF09CC98007: start as a follower, conf=-1: [50ea5a34-8fbf-4f83-96a7-ee6cc92cfa0a|rpc:10.1.1.55:41435|priority:1], old=null
2022-09-28 15:54:57,274 [pool-602-thread-1] INFO  server.RaftServer$Division (RaftServerImpl.java:setRole(299)) - 50ea5a34-8fbf-4f83-96a7-ee6cc92cfa0a@group-8DF09CC98007: changes role from      null to FOLLOWER at term 0 for startAsFollower
2022-09-28 15:54:57,274 [pool-602-thread-1] INFO  impl.RoleInfo (RoleInfo.java:updateAndGet(139)) - 50ea5a34-8fbf-4f83-96a7-ee6cc92cfa0a: start 50ea5a34-8fbf-4f83-96a7-ee6cc92cfa0a@group-8DF09CC98007-FollowerState
2022-09-28 15:54:57,288 [pool-602-thread-1] INFO  util.JmxRegister (JmxRegister.java:tryRegister(44)) - Successfully registered JMX Bean with object name Ratis:service=RaftServer,group=group-8DF09CC98007,id=50ea5a34-8fbf-4f83-96a7-ee6cc92cfa0a
2022-09-28 15:54:57,301 [Command processor thread] INFO  ratis.XceiverServerRatis (XceiverServerRatis.java:addGroup(765)) - Created group PipelineID=49faa06d-f8cd-4f22-900e-8df09cc98007
2022-09-28 15:54:57,301 [Command processor thread] INFO  commandhandler.CreatePipelineCommandHandler (CreatePipelineCommandHandler.java:handle(113)) - Created Pipeline RATIS ONE PipelineID=49faa06d-f8cd-4f22-900e-8df09cc98007.
2022-09-28 15:54:58,240 [Listener at 127.0.0.1/37257] INFO  ozone.MiniOzoneClusterImpl (MiniOzoneClusterImpl.java:lambda$waitForClusterToBeReady$0(216)) - Nodes are ready. Got 5 of 5 DN Heartbeats.
2022-09-28 15:54:58,240 [Listener at 127.0.0.1/37257] INFO  ozone.MiniOzoneClusterImpl (MiniOzoneClusterImpl.java:lambda$waitForClusterToBeReady$0(219)) - Waiting for cluster to exit safe mode
2022-09-28 15:54:58,240 [Listener at 127.0.0.1/37257] INFO  ozone.MiniOzoneClusterImpl (MiniOzoneClusterImpl.java:lambda$waitForClusterToBeReady$0(221)) - SCM became leader
2022-09-28 15:54:58,304 [Command processor thread] INFO  server.RaftServer (RaftServerProxy.java:addNew(96)) - efb57e59-7b5e-412f-abe5-c0e716dfec12: addNew group-A5F21D04F577:[efb57e59-7b5e-412f-abe5-c0e716dfec12|rpc:10.1.1.55:33495|priority:1] returns group-A5F21D04F577:java.util.concurrent.CompletableFuture@7b44488f[Not completed]
2022-09-28 15:54:58,317 [pool-625-thread-1] INFO  server.RaftServer$Division (RaftServerImpl.java:<init>(190)) - efb57e59-7b5e-412f-abe5-c0e716dfec12: new RaftServerImpl for group-A5F21D04F577:[efb57e59-7b5e-412f-abe5-c0e716dfec12|rpc:10.1.1.55:33495|priority:1] with ContainerStateMachine:uninitialized
2022-09-28 15:54:58,317 [pool-625-thread-1] INFO  server.RaftServerConfigKeys (ConfUtils.java:logGet(46)) - raft.server.rpc.timeout.min = 5s (custom)
2022-09-28 15:54:58,317 [pool-625-thread-1] INFO  server.RaftServerConfigKeys (ConfUtils.java:logGet(46)) - raft.server.rpc.timeout.max = 5200ms (custom)
2022-09-28 15:54:58,317 [pool-625-thread-1] INFO  server.RaftServerConfigKeys (ConfUtils.java:logGet(46)) - raft.server.rpc.sleep.time = 25ms (default)
2022-09-28 15:54:58,317 [pool-625-thread-1] INFO  server.RaftServerConfigKeys (ConfUtils.java:logGet(46)) - raft.server.rpc.slowness.timeout = 300s (custom)
2022-09-28 15:54:58,317 [pool-625-thread-1] INFO  server.RaftServerConfigKeys (ConfUtils.java:logGet(46)) - raft.server.leaderelection.leader.step-down.wait-time = 10s (default)
2022-09-28 15:54:58,317 [pool-625-thread-1] INFO  server.RaftServerConfigKeys (ConfUtils.java:logGet(46)) - raft.server.sleep.deviation.threshold = 300ms (default)
2022-09-28 15:54:58,317 [pool-625-thread-1] INFO  server.RaftServer$Division (ServerState.java:<init>(107)) - efb57e59-7b5e-412f-abe5-c0e716dfec12@group-A5F21D04F577: ConfigurationManager, init=-1: [efb57e59-7b5e-412f-abe5-c0e716dfec12|rpc:10.1.1.55:33495|priority:1], old=null, confs=<EMPTY_MAP>
2022-09-28 15:54:58,317 [pool-625-thread-1] INFO  server.RaftServerConfigKeys (ConfUtils.java:logGet(46)) - raft.server.storage.dir = [/home/runner/work/ozone/ozone/hadoop-ozone/integration-test/target/test-dir/MiniOzoneClusterImpl-aff298ea-5285-4275-affb-2c33fd00777e/datanode-3/data/ratis] (custom)
2022-09-28 15:54:58,317 [pool-625-thread-1] INFO  server.RaftServerConfigKeys (ConfUtils.java:logGet(46)) - raft.server.log.corruption.policy = EXCEPTION (default)
2022-09-28 15:54:58,317 [pool-625-thread-1] INFO  server.RaftServerConfigKeys (ConfUtils.java:logGet(46)) - raft.server.storage.free-space.min = 0MB (=0) (default)
2022-09-28 15:54:58,317 [pool-625-thread-1] INFO  storage.RaftStorageDirectory (RaftStorageDirectoryImpl.java:analyzeStorage(135)) - The storage directory /home/runner/work/ozone/ozone/hadoop-ozone/integration-test/target/test-dir/MiniOzoneClusterImpl-aff298ea-5285-4275-affb-2c33fd00777e/datanode-3/data/ratis/74a891cd-d7de-4311-a204-a5f21d04f577 does not exist. Creating ...
2022-09-28 15:54:58,319 [pool-625-thread-1] INFO  storage.RaftStorageDirectory (RaftStorageDirectoryImpl.java:tryLock(230)) - Lock on /home/runner/work/ozone/ozone/hadoop-ozone/integration-test/target/test-dir/MiniOzoneClusterImpl-aff298ea-5285-4275-affb-2c33fd00777e/datanode-3/data/ratis/74a891cd-d7de-4311-a204-a5f21d04f577/in_use.lock acquired by nodename 13127@fv-az203-824
2022-09-28 15:54:58,320 [pool-625-thread-1] INFO  storage.RaftStorage (RaftStorageImpl.java:format(89)) - Storage directory /home/runner/work/ozone/ozone/hadoop-ozone/integration-test/target/test-dir/MiniOzoneClusterImpl-aff298ea-5285-4275-affb-2c33fd00777e/datanode-3/data/ratis/74a891cd-d7de-4311-a204-a5f21d04f577 has been successfully formatted.
2022-09-28 15:54:58,321 [pool-625-thread-1] INFO  ratis.ContainerStateMachine (ContainerStateMachine.java:loadSnapshot(236)) - group-A5F21D04F577: The snapshot info is null. Setting the last applied indexto:(t:0, i:~)
2022-09-28 15:54:58,321 [pool-625-thread-1] INFO  server.RaftServerConfigKeys (ConfUtils.java:logGet(46)) - raft.server.notification.no-leader.timeout = 300s (custom)
2022-09-28 15:54:58,322 [pool-625-thread-1] INFO  server.RaftServerConfigKeys (ConfUtils.java:logGet(46)) - raft.server.log.use.memory = false (default)
2022-09-28 15:54:58,322 [pool-625-thread-1] INFO  server.RaftServerConfigKeys (ConfUtils.java:logGet(46)) - raft.server.log.purge.gap = 1000000 (custom)
2022-09-28 15:54:58,322 [pool-625-thread-1] INFO  server.RaftServerConfigKeys (ConfUtils.java:logGet(46)) - raft.server.log.appender.buffer.byte-limit = 33554432 (custom)
2022-09-28 15:54:58,322 [pool-625-thread-1] INFO  server.RaftServerConfigKeys (ConfUtils.java:logGet(46)) - raft.server.log.statemachine.data.read.timeout = 1000ms (default)
2022-09-28 15:54:58,322 [pool-625-thread-1] INFO  server.RaftServerConfigKeys (ConfUtils.java:logGet(46)) - raft.server.log.segment.size.max = 1048576 (custom)
2022-09-28 15:54:58,322 [pool-625-thread-1] INFO  server.RaftServerConfigKeys (ConfUtils.java:logGet(46)) - raft.server.log.segment.cache.num.max = 2 (custom)
2022-09-28 15:54:58,322 [pool-625-thread-1] INFO  server.RaftServerConfigKeys (ConfUtils.java:logGet(46)) - raft.server.log.segment.cache.size.max = 200MB (=209715200) (default)
2022-09-28 15:54:58,322 [pool-625-thread-1] INFO  segmented.SegmentedRaftLogWorker (SegmentedRaftLogWorker.java:<init>(187)) - new efb57e59-7b5e-412f-abe5-c0e716dfec12@group-A5F21D04F577-SegmentedRaftLogWorker for RaftStorageImpl:Storage Directory /home/runner/work/ozone/ozone/hadoop-ozone/integration-test/target/test-dir/MiniOzoneClusterImpl-aff298ea-5285-4275-affb-2c33fd00777e/datanode-3/data/ratis/74a891cd-d7de-4311-a204-a5f21d04f577
2022-09-28 15:54:58,322 [pool-625-thread-1] INFO  server.RaftServerConfigKeys (ConfUtils.java:logGet(46)) - raft.server.log.queue.byte-limit = 4294967296 (custom)
2022-09-28 15:54:58,322 [pool-625-thread-1] INFO  server.RaftServerConfigKeys (ConfUtils.java:logGet(46)) - raft.server.log.queue.element-limit = 1024 (custom)
2022-09-28 15:54:58,322 [pool-625-thread-1] INFO  server.RaftServerConfigKeys (ConfUtils.java:logGet(46)) - raft.server.log.segment.size.max = 1048576 (custom)
2022-09-28 15:54:58,322 [pool-625-thread-1] INFO  server.RaftServerConfigKeys (ConfUtils.java:logGet(46)) - raft.server.log.preallocated.size = 16384 (custom)
2022-09-28 15:54:58,322 [pool-625-thread-1] INFO  server.RaftServerConfigKeys (ConfUtils.java:logGet(46)) - raft.server.log.force.sync.num = 128 (default)
2022-09-28 15:54:58,322 [pool-625-thread-1] INFO  server.RaftServerConfigKeys (ConfUtils.java:logGet(46)) - raft.server.log.statemachine.data.sync = true (default)
2022-09-28 15:54:58,323 [pool-625-thread-1] INFO  server.RaftServerConfigKeys (ConfUtils.java:logGet(46)) - raft.server.log.statemachine.data.sync.timeout = 10s (default)
2022-09-28 15:54:58,323 [pool-625-thread-1] INFO  server.RaftServerConfigKeys (ConfUtils.java:logGet(46)) - raft.server.log.statemachine.data.sync.timeout.retry = -1 (default)
2022-09-28 15:54:58,323 [pool-625-thread-1] INFO  server.RaftServerConfigKeys (ConfUtils.java:logGet(46)) - raft.server.log.write.buffer.size = 1048576 (custom)
2022-09-28 15:54:58,324 [pool-625-thread-1] INFO  server.RaftServerConfigKeys (ConfUtils.java:logGet(46)) - raft.server.log.unsafe-flush.enabled = false (default)
2022-09-28 15:54:58,324 [pool-625-thread-1] INFO  server.RaftServerConfigKeys (ConfUtils.java:logGet(46)) - raft.server.log.statemachine.data.caching.enabled = true (custom)
2022-09-28 15:54:58,324 [pool-625-thread-1] INFO  segmented.SegmentedRaftLogWorker (SegmentedRaftLogWorker.java:lambda$new$0(135)) - efb57e59-7b5e-412f-abe5-c0e716dfec12@group-A5F21D04F577-SegmentedRaftLogWorker: flushIndex: setUnconditionally 0 -> -1
2022-09-28 15:54:58,324 [pool-625-thread-1] INFO  segmented.SegmentedRaftLogWorker (SegmentedRaftLogWorker.java:lambda$new$0(135)) - efb57e59-7b5e-412f-abe5-c0e716dfec12@group-A5F21D04F577-SegmentedRaftLogWorker: safeCacheEvictIndex: setUnconditionally 0 -> -1
2022-09-28 15:54:58,335 [pool-625-thread-1] INFO  server.RaftServerConfigKeys (ConfUtils.java:logGet(46)) - raft.server.snapshot.auto.trigger.enabled = true (custom)
2022-09-28 15:54:58,335 [pool-625-thread-1] INFO  server.RaftServerConfigKeys (ConfUtils.java:logGet(46)) - raft.server.snapshot.auto.trigger.threshold = 10000 (custom)
2022-09-28 15:54:58,335 [pool-625-thread-1] INFO  server.RaftServerConfigKeys (ConfUtils.java:logGet(46)) - raft.server.snapshot.retention.file.num = 5 (custom)
2022-09-28 15:54:58,335 [pool-625-thread-1] INFO  server.RaftServerConfigKeys (ConfUtils.java:logGet(46)) - raft.server.log.purge.upto.snapshot.index = false (default)
2022-09-28 15:54:58,335 [pool-625-thread-1] INFO  server.RaftServerConfigKeys (ConfUtils.java:logGet(46)) - raft.server.retrycache.expirytime = 600000ms (custom)
2022-09-28 15:54:58,335 [pool-625-thread-1] INFO  server.RaftServerConfigKeys (ConfUtils.java:logGet(46)) - raft.server.retrycache.statistics.expirytime = 100μs (default)
2022-09-28 15:54:58,336 [pool-625-thread-1] INFO  server.RaftServerConfigKeys (ConfUtils.java:logGet(46)) - raft.server.log.appender.install.snapshot.enabled = false (custom)
2022-09-28 15:54:58,336 [pool-625-thread-1] INFO  server.RaftServerConfigKeys (ConfUtils.java:logGet(46)) - raft.server.threadpool.server.cached = true (default)
2022-09-28 15:54:58,336 [pool-625-thread-1] INFO  server.RaftServerConfigKeys (ConfUtils.java:logGet(46)) - raft.server.threadpool.server.size = 0 (default)
2022-09-28 15:54:58,336 [pool-625-thread-1] INFO  server.RaftServerConfigKeys (ConfUtils.java:logGet(46)) - raft.server.threadpool.client.cached = true (default)
2022-09-28 15:54:58,336 [pool-625-thread-1] INFO  server.RaftServerConfigKeys (ConfUtils.java:logGet(46)) - raft.server.threadpool.client.size = 0 (default)
2022-09-28 15:54:58,336 [pool-625-thread-1] INFO  server.RaftServer$Division (RaftServerImpl.java:start(310)) - efb57e59-7b5e-412f-abe5-c0e716dfec12@group-A5F21D04F577: start as a follower, conf=-1: [efb57e59-7b5e-412f-abe5-c0e716dfec12|rpc:10.1.1.55:33495|priority:1], old=null
2022-09-28 15:54:58,336 [pool-625-thread-1] INFO  server.RaftServer$Division (RaftServerImpl.java:setRole(299)) - efb57e59-7b5e-412f-abe5-c0e716dfec12@group-A5F21D04F577: changes role from      null to FOLLOWER at term 0 for startAsFollower
2022-09-28 15:54:58,336 [pool-625-thread-1] INFO  impl.RoleInfo (RoleInfo.java:updateAndGet(139)) - efb57e59-7b5e-412f-abe5-c0e716dfec12: start efb57e59-7b5e-412f-abe5-c0e716dfec12@group-A5F21D04F577-FollowerState
2022-09-28 15:54:58,338 [pool-625-thread-1] INFO  util.JmxRegister (JmxRegister.java:tryRegister(44)) - Successfully registered JMX Bean with object name Ratis:service=RaftServer,group=group-A5F21D04F577,id=efb57e59-7b5e-412f-abe5-c0e716dfec12
2022-09-28 15:54:58,351 [Command processor thread] INFO  ratis.XceiverServerRatis (XceiverServerRatis.java:addGroup(765)) - Created group PipelineID=74a891cd-d7de-4311-a204-a5f21d04f577
2022-09-28 15:54:58,351 [Command processor thread] INFO  commandhandler.CreatePipelineCommandHandler (CreatePipelineCommandHandler.java:handle(113)) - Created Pipeline RATIS ONE PipelineID=74a891cd-d7de-4311-a204-a5f21d04f577.
2022-09-28 15:54:58,355 [EventQueue-PipelineReportForPipelineReportHandler] INFO  pipeline.PipelineManagerImpl (PipelineManagerImpl.java:openPipeline(367)) - Pipeline Pipeline[ Id: 74a891cd-d7de-4311-a204-a5f21d04f577, Nodes: efb57e59-7b5e-412f-abe5-c0e716dfec12{ip: 10.1.1.55, host: fv-az203-824.ild0l4k5vsluppoevu2oqvhmda.cx.internal.cloudapp.net, ports: [REPLICATION=35019, RATIS=33495, RATIS_ADMIN=33495, RATIS_SERVER=33495, STANDALONE=36165], networkLocation: /default-rack, certSerialId: null, persistedOpState: IN_SERVICE, persistedOpStateExpiryEpochSec: 0}, ReplicationConfig: RATIS/ONE, State:ALLOCATED, leaderId:efb57e59-7b5e-412f-abe5-c0e716dfec12, CreationTimestamp2022-09-28T15:54:55.296Z[Etc/UTC]] moved to OPEN state
2022-09-28 15:54:58,363 [EventQueue-OpenPipelineForHealthyPipelineSafeModeRule] INFO  safemode.SCMSafeModeManager (HealthyPipelineSafeModeRule.java:process(137)) - SCM in safe mode. Healthy pipelines reported count is 0, required healthy pipeline reported count is 1
2022-09-28 15:54:59,240 [Listener at 127.0.0.1/37257] INFO  ozone.MiniOzoneClusterImpl (MiniOzoneClusterImpl.java:lambda$waitForClusterToBeReady$0(216)) - Nodes are ready. Got 5 of 5 DN Heartbeats.
2022-09-28 15:54:59,247 [Listener at 127.0.0.1/37257] INFO  ozone.MiniOzoneClusterImpl (MiniOzoneClusterImpl.java:lambda$waitForClusterToBeReady$0(219)) - Waiting for cluster to exit safe mode
2022-09-28 15:54:59,247 [Listener at 127.0.0.1/37257] INFO  ozone.MiniOzoneClusterImpl (MiniOzoneClusterImpl.java:lambda$waitForClusterToBeReady$0(221)) - SCM became leader
2022-09-28 15:54:59,413 [Command processor thread] INFO  server.RaftServer (RaftServerProxy.java:addNew(96)) - d0376a86-4cb7-4dfb-8000-fedb90cb29d8: addNew group-F4F87F65ACB3:[d0376a86-4cb7-4dfb-8000-fedb90cb29d8|rpc:10.1.1.55:42389|priority:1] returns group-F4F87F65ACB3:java.util.concurrent.CompletableFuture@cacffb1[Not completed]
2022-09-28 15:54:59,414 [pool-652-thread-1] INFO  server.RaftServer$Division (RaftServerImpl.java:<init>(190)) - d0376a86-4cb7-4dfb-8000-fedb90cb29d8: new RaftServerImpl for group-F4F87F65ACB3:[d0376a86-4cb7-4dfb-8000-fedb90cb29d8|rpc:10.1.1.55:42389|priority:1] with ContainerStateMachine:uninitialized
2022-09-28 15:54:59,414 [pool-652-thread-1] INFO  server.RaftServerConfigKeys (ConfUtils.java:logGet(46)) - raft.server.rpc.timeout.min = 5s (custom)
2022-09-28 15:54:59,414 [pool-652-thread-1] INFO  server.RaftServerConfigKeys (ConfUtils.java:logGet(46)) - raft.server.rpc.timeout.max = 5200ms (custom)
2022-09-28 15:54:59,414 [pool-652-thread-1] INFO  server.RaftServerConfigKeys (ConfUtils.java:logGet(46)) - raft.server.rpc.sleep.time = 25ms (default)
2022-09-28 15:54:59,414 [pool-652-thread-1] INFO  server.RaftServerConfigKeys (ConfUtils.java:logGet(46)) - raft.server.rpc.slowness.timeout = 300s (custom)
2022-09-28 15:54:59,414 [pool-652-thread-1] INFO  server.RaftServerConfigKeys (ConfUtils.java:logGet(46)) - raft.server.leaderelection.leader.step-down.wait-time = 10s (default)
2022-09-28 15:54:59,414 [pool-652-thread-1] INFO  server.RaftServerConfigKeys (ConfUtils.java:logGet(46)) - raft.server.sleep.deviation.threshold = 300ms (default)
2022-09-28 15:54:59,414 [pool-652-thread-1] INFO  server.RaftServer$Division (ServerState.java:<init>(107)) - d0376a86-4cb7-4dfb-8000-fedb90cb29d8@group-F4F87F65ACB3: ConfigurationManager, init=-1: [d0376a86-4cb7-4dfb-8000-fedb90cb29d8|rpc:10.1.1.55:42389|priority:1], old=null, confs=<EMPTY_MAP>
2022-09-28 15:54:59,414 [pool-652-thread-1] INFO  server.RaftServerConfigKeys (ConfUtils.java:logGet(46)) - raft.server.storage.dir = [/home/runner/work/ozone/ozone/hadoop-ozone/integration-test/target/test-dir/MiniOzoneClusterImpl-aff298ea-5285-4275-affb-2c33fd00777e/datanode-4/data/ratis] (custom)
2022-09-28 15:54:59,415 [pool-652-thread-1] INFO  server.RaftServerConfigKeys (ConfUtils.java:logGet(46)) - raft.server.log.corruption.policy = EXCEPTION (default)
2022-09-28 15:54:59,415 [pool-652-thread-1] INFO  server.RaftServerConfigKeys (ConfUtils.java:logGet(46)) - raft.server.storage.free-space.min = 0MB (=0) (default)
2022-09-28 15:54:59,415 [pool-652-thread-1] INFO  storage.RaftStorageDirectory (RaftStorageDirectoryImpl.java:analyzeStorage(135)) - The storage directory /home/runner/work/ozone/ozone/hadoop-ozone/integration-test/target/test-dir/MiniOzoneClusterImpl-aff298ea-5285-4275-affb-2c33fd00777e/datanode-4/data/ratis/9ff8cd88-2ae9-4de6-8eb3-f4f87f65acb3 does not exist. Creating ...
2022-09-28 15:54:59,430 [pool-652-thread-1] INFO  storage.RaftStorageDirectory (RaftStorageDirectoryImpl.java:tryLock(230)) - Lock on /home/runner/work/ozone/ozone/hadoop-ozone/integration-test/target/test-dir/MiniOzoneClusterImpl-aff298ea-5285-4275-affb-2c33fd00777e/datanode-4/data/ratis/9ff8cd88-2ae9-4de6-8eb3-f4f87f65acb3/in_use.lock acquired by nodename 13127@fv-az203-824
2022-09-28 15:54:59,431 [pool-652-thread-1] INFO  storage.RaftStorage (RaftStorageImpl.java:format(89)) - Storage directory /home/runner/work/ozone/ozone/hadoop-ozone/integration-test/target/test-dir/MiniOzoneClusterImpl-aff298ea-5285-4275-affb-2c33fd00777e/datanode-4/data/ratis/9ff8cd88-2ae9-4de6-8eb3-f4f87f65acb3 has been successfully formatted.
2022-09-28 15:54:59,453 [pool-652-thread-1] INFO  ratis.ContainerStateMachine (ContainerStateMachine.java:loadSnapshot(236)) - group-F4F87F65ACB3: The snapshot info is null. Setting the last applied indexto:(t:0, i:~)
2022-09-28 15:54:59,453 [pool-652-thread-1] INFO  server.RaftServerConfigKeys (ConfUtils.java:logGet(46)) - raft.server.notification.no-leader.timeout = 300s (custom)
2022-09-28 15:54:59,453 [pool-652-thread-1] INFO  server.RaftServerConfigKeys (ConfUtils.java:logGet(46)) - raft.server.log.use.memory = false (default)
2022-09-28 15:54:59,453 [pool-652-thread-1] INFO  server.RaftServerConfigKeys (ConfUtils.java:logGet(46)) - raft.server.log.purge.gap = 1000000 (custom)
2022-09-28 15:54:59,453 [pool-652-thread-1] INFO  server.RaftServerConfigKeys (ConfUtils.java:logGet(46)) - raft.server.log.appender.buffer.byte-limit = 33554432 (custom)
2022-09-28 15:54:59,453 [pool-652-thread-1] INFO  server.RaftServerConfigKeys (ConfUtils.java:logGet(46)) - raft.server.log.statemachine.data.read.timeout = 1000ms (default)
2022-09-28 15:54:59,453 [pool-652-thread-1] INFO  server.RaftServerConfigKeys (ConfUtils.java:logGet(46)) - raft.server.log.segment.size.max = 1048576 (custom)
2022-09-28 15:54:59,454 [pool-652-thread-1] INFO  server.RaftServerConfigKeys (ConfUtils.java:logGet(46)) - raft.server.log.segment.cache.num.max = 2 (custom)
2022-09-28 15:54:59,454 [pool-652-thread-1] INFO  server.RaftServerConfigKeys (ConfUtils.java:logGet(46)) - raft.server.log.segment.cache.size.max = 200MB (=209715200) (default)
2022-09-28 15:54:59,454 [pool-652-thread-1] INFO  segmented.SegmentedRaftLogWorker (SegmentedRaftLogWorker.java:<init>(187)) - new d0376a86-4cb7-4dfb-8000-fedb90cb29d8@group-F4F87F65ACB3-SegmentedRaftLogWorker for RaftStorageImpl:Storage Directory /home/runner/work/ozone/ozone/hadoop-ozone/integration-test/target/test-dir/MiniOzoneClusterImpl-aff298ea-5285-4275-affb-2c33fd00777e/datanode-4/data/ratis/9ff8cd88-2ae9-4de6-8eb3-f4f87f65acb3
2022-09-28 15:54:59,454 [pool-652-thread-1] INFO  server.RaftServerConfigKeys (ConfUtils.java:logGet(46)) - raft.server.log.queue.byte-limit = 4294967296 (custom)
2022-09-28 15:54:59,454 [pool-652-thread-1] INFO  server.RaftServerConfigKeys (ConfUtils.java:logGet(46)) - raft.server.log.queue.element-limit = 1024 (custom)
2022-09-28 15:54:59,454 [pool-652-thread-1] INFO  server.RaftServerConfigKeys (ConfUtils.java:logGet(46)) - raft.server.log.segment.size.max = 1048576 (custom)
2022-09-28 15:54:59,454 [pool-652-thread-1] INFO  server.RaftServerConfigKeys (ConfUtils.java:logGet(46)) - raft.server.log.preallocated.size = 16384 (custom)
2022-09-28 15:54:59,454 [pool-652-thread-1] INFO  server.RaftServerConfigKeys (ConfUtils.java:logGet(46)) - raft.server.log.force.sync.num = 128 (default)
2022-09-28 15:54:59,455 [EventQueue-PipelineReportForPipelineReportHandler] INFO  pipeline.PipelineManagerImpl (PipelineManagerImpl.java:openPipeline(367)) - Pipeline Pipeline[ Id: 9ff8cd88-2ae9-4de6-8eb3-f4f87f65acb3, Nodes: d0376a86-4cb7-4dfb-8000-fedb90cb29d8{ip: 10.1.1.55, host: fv-az203-824.ild0l4k5vsluppoevu2oqvhmda.cx.internal.cloudapp.net, ports: [REPLICATION=45605, RATIS=42389, RATIS_ADMIN=42389, RATIS_SERVER=42389, STANDALONE=38431], networkLocation: /default-rack, certSerialId: null, persistedOpState: IN_SERVICE, persistedOpStateExpiryEpochSec: 0}, ReplicationConfig: RATIS/ONE, State:ALLOCATED, leaderId:d0376a86-4cb7-4dfb-8000-fedb90cb29d8, CreationTimestamp2022-09-28T15:54:56.395Z[Etc/UTC]] moved to OPEN state
2022-09-28 15:54:59,456 [EventQueue-OpenPipelineForHealthyPipelineSafeModeRule] INFO  safemode.SCMSafeModeManager (HealthyPipelineSafeModeRule.java:process(137)) - SCM in safe mode. Healthy pipelines reported count is 0, required healthy pipeline reported count is 1
2022-09-28 15:54:59,456 [pool-652-thread-1] INFO  server.RaftServerConfigKeys (ConfUtils.java:logGet(46)) - raft.server.log.statemachine.data.sync = true (default)
2022-09-28 15:54:59,459 [pool-652-thread-1] INFO  server.RaftServerConfigKeys (ConfUtils.java:logGet(46)) - raft.server.log.statemachine.data.sync.timeout = 10s (default)
2022-09-28 15:54:59,459 [pool-652-thread-1] INFO  server.RaftServerConfigKeys (ConfUtils.java:logGet(46)) - raft.server.log.statemachine.data.sync.timeout.retry = -1 (default)
2022-09-28 15:54:59,459 [pool-652-thread-1] INFO  server.RaftServerConfigKeys (ConfUtils.java:logGet(46)) - raft.server.log.write.buffer.size = 1048576 (custom)
2022-09-28 15:54:59,460 [pool-652-thread-1] INFO  server.RaftServerConfigKeys (ConfUtils.java:logGet(46)) - raft.server.log.unsafe-flush.enabled = false (default)
2022-09-28 15:54:59,460 [pool-652-thread-1] INFO  server.RaftServerConfigKeys (ConfUtils.java:logGet(46)) - raft.server.log.statemachine.data.caching.enabled = true (custom)
2022-09-28 15:54:59,460 [pool-652-thread-1] INFO  segmented.SegmentedRaftLogWorker (SegmentedRaftLogWorker.java:lambda$new$0(135)) - d0376a86-4cb7-4dfb-8000-fedb90cb29d8@group-F4F87F65ACB3-SegmentedRaftLogWorker: flushIndex: setUnconditionally 0 -> -1
2022-09-28 15:54:59,460 [pool-652-thread-1] INFO  segmented.SegmentedRaftLogWorker (SegmentedRaftLogWorker.java:lambda$new$0(135)) - d0376a86-4cb7-4dfb-8000-fedb90cb29d8@group-F4F87F65ACB3-SegmentedRaftLogWorker: safeCacheEvictIndex: setUnconditionally 0 -> -1
2022-09-28 15:54:59,460 [pool-652-thread-1] INFO  server.RaftServerConfigKeys (ConfUtils.java:logGet(46)) - raft.server.snapshot.auto.trigger.enabled = true (custom)
2022-09-28 15:54:59,461 [pool-652-thread-1] INFO  server.RaftServerConfigKeys (ConfUtils.java:logGet(46)) - raft.server.snapshot.auto.trigger.threshold = 10000 (custom)
2022-09-28 15:54:59,461 [pool-652-thread-1] INFO  server.RaftServerConfigKeys (ConfUtils.java:logGet(46)) - raft.server.snapshot.retention.file.num = 5 (custom)
2022-09-28 15:54:59,461 [pool-652-thread-1] INFO  server.RaftServerConfigKeys (ConfUtils.java:logGet(46)) - raft.server.log.purge.upto.snapshot.index = false (default)
2022-09-28 15:54:59,461 [pool-652-thread-1] INFO  server.RaftServerConfigKeys (ConfUtils.java:logGet(46)) - raft.server.retrycache.expirytime = 600000ms (custom)
2022-09-28 15:54:59,461 [pool-652-thread-1] INFO  server.RaftServerConfigKeys (ConfUtils.java:logGet(46)) - raft.server.retrycache.statistics.expirytime = 100μs (default)
2022-09-28 15:54:59,462 [pool-652-thread-1] INFO  server.RaftServerConfigKeys (ConfUtils.java:logGet(46)) - raft.server.log.appender.install.snapshot.enabled = false (custom)
2022-09-28 15:54:59,462 [pool-652-thread-1] INFO  server.RaftServerConfigKeys (ConfUtils.java:logGet(46)) - raft.server.threadpool.server.cached = true (default)
2022-09-28 15:54:59,462 [pool-652-thread-1] INFO  server.RaftServerConfigKeys (ConfUtils.java:logGet(46)) - raft.server.threadpool.server.size = 0 (default)
2022-09-28 15:54:59,462 [pool-652-thread-1] INFO  server.RaftServerConfigKeys (ConfUtils.java:logGet(46)) - raft.server.threadpool.client.cached = true (default)
2022-09-28 15:54:59,462 [pool-652-thread-1] INFO  server.RaftServerConfigKeys (ConfUtils.java:logGet(46)) - raft.server.threadpool.client.size = 0 (default)
2022-09-28 15:54:59,462 [pool-652-thread-1] INFO  server.RaftServer$Division (RaftServerImpl.java:start(310)) - d0376a86-4cb7-4dfb-8000-fedb90cb29d8@group-F4F87F65ACB3: start as a follower, conf=-1: [d0376a86-4cb7-4dfb-8000-fedb90cb29d8|rpc:10.1.1.55:42389|priority:1], old=null
2022-09-28 15:54:59,462 [pool-652-thread-1] INFO  server.RaftServer$Division (RaftServerImpl.java:setRole(299)) - d0376a86-4cb7-4dfb-8000-fedb90cb29d8@group-F4F87F65ACB3: changes role from      null to FOLLOWER at term 0 for startAsFollower
2022-09-28 15:54:59,462 [pool-652-thread-1] INFO  impl.RoleInfo (RoleInfo.java:updateAndGet(139)) - d0376a86-4cb7-4dfb-8000-fedb90cb29d8: start d0376a86-4cb7-4dfb-8000-fedb90cb29d8@group-F4F87F65ACB3-FollowerState
2022-09-28 15:54:59,462 [pool-652-thread-1] INFO  util.JmxRegister (JmxRegister.java:tryRegister(44)) - Successfully registered JMX Bean with object name Ratis:service=RaftServer,group=group-F4F87F65ACB3,id=d0376a86-4cb7-4dfb-8000-fedb90cb29d8
2022-09-28 15:54:59,467 [Command processor thread] INFO  ratis.XceiverServerRatis (XceiverServerRatis.java:addGroup(765)) - Created group PipelineID=9ff8cd88-2ae9-4de6-8eb3-f4f87f65acb3
2022-09-28 15:54:59,472 [Command processor thread] INFO  commandhandler.CreatePipelineCommandHandler (CreatePipelineCommandHandler.java:handle(113)) - Created Pipeline RATIS ONE PipelineID=9ff8cd88-2ae9-4de6-8eb3-f4f87f65acb3.
2022-09-28 15:55:00,247 [Listener at 127.0.0.1/37257] INFO  ozone.MiniOzoneClusterImpl (MiniOzoneClusterImpl.java:lambda$waitForClusterToBeReady$0(216)) - Nodes are ready. Got 5 of 5 DN Heartbeats.
2022-09-28 15:55:00,248 [Listener at 127.0.0.1/37257] INFO  ozone.MiniOzoneClusterImpl (MiniOzoneClusterImpl.java:lambda$waitForClusterToBeReady$0(219)) - Waiting for cluster to exit safe mode
2022-09-28 15:55:00,248 [Listener at 127.0.0.1/37257] INFO  ozone.MiniOzoneClusterImpl (MiniOzoneClusterImpl.java:lambda$waitForClusterToBeReady$0(221)) - SCM became leader
2022-09-28 15:55:01,124 [5cf4cd61-878f-4dff-a8f0-3c181111f76f@group-1FC824CE5D11-FollowerState] INFO  impl.FollowerState (FollowerState.java:run(143)) - 5cf4cd61-878f-4dff-a8f0-3c181111f76f@group-1FC824CE5D11-FollowerState: change to CANDIDATE, lastRpcElapsedTime:5035391881ns, electionTimeout:5029ms
2022-09-28 15:55:01,124 [5cf4cd61-878f-4dff-a8f0-3c181111f76f@group-1FC824CE5D11-FollowerState] INFO  impl.RoleInfo (RoleInfo.java:shutdownFollowerState(110)) - 5cf4cd61-878f-4dff-a8f0-3c181111f76f: shutdown 5cf4cd61-878f-4dff-a8f0-3c181111f76f@group-1FC824CE5D11-FollowerState
2022-09-28 15:55:01,124 [5cf4cd61-878f-4dff-a8f0-3c181111f76f@group-1FC824CE5D11-FollowerState] INFO  server.RaftServer$Division (RaftServerImpl.java:setRole(299)) - 5cf4cd61-878f-4dff-a8f0-3c181111f76f@group-1FC824CE5D11: changes role from  FOLLOWER to CANDIDATE at term 0 for changeToCandidate
2022-09-28 15:55:01,124 [5cf4cd61-878f-4dff-a8f0-3c181111f76f@group-1FC824CE5D11-FollowerState] INFO  server.RaftServerConfigKeys (ConfUtils.java:logGet(46)) - raft.server.leaderelection.pre-vote = false (custom)
2022-09-28 15:55:01,124 [5cf4cd61-878f-4dff-a8f0-3c181111f76f@group-1FC824CE5D11-FollowerState] INFO  impl.RoleInfo (RoleInfo.java:updateAndGet(139)) - 5cf4cd61-878f-4dff-a8f0-3c181111f76f: start 5cf4cd61-878f-4dff-a8f0-3c181111f76f@group-1FC824CE5D11-LeaderElection31
2022-09-28 15:55:01,150 [5cf4cd61-878f-4dff-a8f0-3c181111f76f@group-1FC824CE5D11-LeaderElection31] INFO  impl.LeaderElection (LeaderElection.java:askForVotes(310)) - 5cf4cd61-878f-4dff-a8f0-3c181111f76f@group-1FC824CE5D11-LeaderElection31 ELECTION round 0: submit vote requests at term 1 for -1: [5cf4cd61-878f-4dff-a8f0-3c181111f76f|rpc:10.1.1.55:35311|priority:1], old=null
2022-09-28 15:55:01,150 [5cf4cd61-878f-4dff-a8f0-3c181111f76f@group-1FC824CE5D11-LeaderElection31] INFO  impl.LeaderElection (LeaderElection.java:askForVotes(312)) - 5cf4cd61-878f-4dff-a8f0-3c181111f76f@group-1FC824CE5D11-LeaderElection31 ELECTION round 0: result PASSED (term=1)
2022-09-28 15:55:01,150 [5cf4cd61-878f-4dff-a8f0-3c181111f76f@group-1FC824CE5D11-LeaderElection31] INFO  impl.RoleInfo (RoleInfo.java:shutdownLeaderElection(130)) - 5cf4cd61-878f-4dff-a8f0-3c181111f76f: shutdown 5cf4cd61-878f-4dff-a8f0-3c181111f76f@group-1FC824CE5D11-LeaderElection31
2022-09-28 15:55:01,150 [5cf4cd61-878f-4dff-a8f0-3c181111f76f@group-1FC824CE5D11-LeaderElection31] INFO  server.RaftServer$Division (RaftServerImpl.java:setRole(299)) - 5cf4cd61-878f-4dff-a8f0-3c181111f76f@group-1FC824CE5D11: changes role from CANDIDATE to LEADER at term 1 for changeToLeader
2022-09-28 15:55:01,150 [5cf4cd61-878f-4dff-a8f0-3c181111f76f@group-1FC824CE5D11-LeaderElection31] INFO  ratis.XceiverServerRatis (XceiverServerRatis.java:handleLeaderChangedNotification(863)) - Leader change notification received for group: group-1FC824CE5D11 with new leaderId: 5cf4cd61-878f-4dff-a8f0-3c181111f76f
2022-09-28 15:55:01,150 [5cf4cd61-878f-4dff-a8f0-3c181111f76f@group-1FC824CE5D11-LeaderElection31] INFO  server.RaftServer$Division (ServerState.java:setLeader(287)) - 5cf4cd61-878f-4dff-a8f0-3c181111f76f@group-1FC824CE5D11: change Leader from null to 5cf4cd61-878f-4dff-a8f0-3c181111f76f at term 1 for becomeLeader, leader elected after 5075ms
2022-09-28 15:55:01,150 [5cf4cd61-878f-4dff-a8f0-3c181111f76f@group-1FC824CE5D11-LeaderElection31] INFO  server.RaftServerConfigKeys (ConfUtils.java:logGet(46)) - raft.server.staging.catchup.gap = 1000 (default)
2022-09-28 15:55:01,150 [5cf4cd61-878f-4dff-a8f0-3c181111f76f@group-1FC824CE5D11-LeaderElection31] INFO  server.RaftServerConfigKeys (ConfUtils.java:logGet(46)) - raft.server.write.element-limit = 1024 (custom)
2022-09-28 15:55:01,151 [5cf4cd61-878f-4dff-a8f0-3c181111f76f@group-1FC824CE5D11-LeaderElection31] INFO  server.RaftServerConfigKeys (ConfUtils.java:logGet(46)) - raft.server.write.byte-limit = 1024 M (=1073741824) (custom)
2022-09-28 15:55:01,155 [5cf4cd61-878f-4dff-a8f0-3c181111f76f@group-1FC824CE5D11-LeaderElection31] INFO  server.RaftServerConfigKeys (ConfUtils.java:logGet(46)) - raft.server.watch.timeout = 180s (custom)
2022-09-28 15:55:01,155 [5cf4cd61-878f-4dff-a8f0-3c181111f76f@group-1FC824CE5D11-LeaderElection31] INFO  server.RaftServerConfigKeys (ConfUtils.java:logGet(46)) - raft.server.watch.timeout.denomination = 1s (default)
2022-09-28 15:55:01,155 [5cf4cd61-878f-4dff-a8f0-3c181111f76f@group-1FC824CE5D11-LeaderElection31] INFO  server.RaftServerConfigKeys (ConfUtils.java:logGet(46)) - raft.server.watch.element-limit = 65536 (default)
2022-09-28 15:55:01,155 [5cf4cd61-878f-4dff-a8f0-3c181111f76f@group-1FC824CE5D11-LeaderElection31] INFO  server.RaftServerConfigKeys (ConfUtils.java:logGet(46)) - raft.server.write.element-limit = 1024 (custom)
2022-09-28 15:55:01,155 [EventQueue-OpenPipelineForHealthyPipelineSafeModeRule] INFO  safemode.SCMSafeModeManager (HealthyPipelineSafeModeRule.java:process(137)) - SCM in safe mode. Healthy pipelines reported count is 0, required healthy pipeline reported count is 1
2022-09-28 15:55:01,155 [5cf4cd61-878f-4dff-a8f0-3c181111f76f@group-1FC824CE5D11-LeaderElection31] INFO  server.RaftServerConfigKeys (ConfUtils.java:logGet(46)) - raft.server.write.follower.gap.ratio.max = -1.0 (default)
2022-09-28 15:55:01,155 [5cf4cd61-878f-4dff-a8f0-3c181111f76f@group-1FC824CE5D11-LeaderElection31] INFO  impl.RoleInfo (RoleInfo.java:updateAndGet(139)) - 5cf4cd61-878f-4dff-a8f0-3c181111f76f: start 5cf4cd61-878f-4dff-a8f0-3c181111f76f@group-1FC824CE5D11-LeaderStateImpl
2022-09-28 15:55:01,157 [5cf4cd61-878f-4dff-a8f0-3c181111f76f@group-1FC824CE5D11-LeaderElection31] INFO  segmented.SegmentedRaftLogWorker (SegmentedRaftLogWorker.java:startLogSegment(425)) - 5cf4cd61-878f-4dff-a8f0-3c181111f76f@group-1FC824CE5D11-SegmentedRaftLogWorker: Starting segment from index:0
2022-09-28 15:55:01,164 [5cf4cd61-878f-4dff-a8f0-3c181111f76f@group-1FC824CE5D11-LeaderElection31] INFO  server.RaftServer$Division (ServerState.java:setRaftConf(393)) - 5cf4cd61-878f-4dff-a8f0-3c181111f76f@group-1FC824CE5D11: set configuration 0: [5cf4cd61-878f-4dff-a8f0-3c181111f76f|rpc:10.1.1.55:35311|dataStream:|priority:1], old=null
2022-09-28 15:55:01,183 [5cf4cd61-878f-4dff-a8f0-3c181111f76f@group-1FC824CE5D11-SegmentedRaftLogWorker] INFO  segmented.SegmentedRaftLogWorker (SegmentedRaftLogWorker.java:execute(629)) - 5cf4cd61-878f-4dff-a8f0-3c181111f76f@group-1FC824CE5D11-SegmentedRaftLogWorker: created new log segment /home/runner/work/ozone/ozone/hadoop-ozone/integration-test/target/test-dir/MiniOzoneClusterImpl-aff298ea-5285-4275-affb-2c33fd00777e/datanode-0/data/ratis/e33f77f4-5a97-4ab8-924d-1fc824ce5d11/current/log_inprogress_0
2022-09-28 15:55:01,253 [Listener at 127.0.0.1/37257] INFO  ozone.MiniOzoneClusterImpl (MiniOzoneClusterImpl.java:lambda$waitForClusterToBeReady$0(216)) - Nodes are ready. Got 5 of 5 DN Heartbeats.
2022-09-28 15:55:01,253 [Listener at 127.0.0.1/37257] INFO  ozone.MiniOzoneClusterImpl (MiniOzoneClusterImpl.java:lambda$waitForClusterToBeReady$0(219)) - Waiting for cluster to exit safe mode
2022-09-28 15:55:01,253 [Listener at 127.0.0.1/37257] INFO  ozone.MiniOzoneClusterImpl (MiniOzoneClusterImpl.java:lambda$waitForClusterToBeReady$0(221)) - SCM became leader
2022-09-28 15:55:01,303 [5cf4cd61-878f-4dff-a8f0-3c181111f76f@group-A4729591FC0B-FollowerState] INFO  impl.FollowerState (FollowerState.java:run(143)) - 5cf4cd61-878f-4dff-a8f0-3c181111f76f@group-A4729591FC0B-FollowerState: change to CANDIDATE, lastRpcElapsedTime:5138707898ns, electionTimeout:5128ms
2022-09-28 15:55:01,303 [5cf4cd61-878f-4dff-a8f0-3c181111f76f@group-A4729591FC0B-FollowerState] INFO  impl.RoleInfo (RoleInfo.java:shutdownFollowerState(110)) - 5cf4cd61-878f-4dff-a8f0-3c181111f76f: shutdown 5cf4cd61-878f-4dff-a8f0-3c181111f76f@group-A4729591FC0B-FollowerState
2022-09-28 15:55:01,304 [5cf4cd61-878f-4dff-a8f0-3c181111f76f@group-A4729591FC0B-FollowerState] INFO  server.RaftServer$Division (RaftServerImpl.java:setRole(299)) - 5cf4cd61-878f-4dff-a8f0-3c181111f76f@group-A4729591FC0B: changes role from  FOLLOWER to CANDIDATE at term 0 for changeToCandidate
2022-09-28 15:55:01,304 [5cf4cd61-878f-4dff-a8f0-3c181111f76f@group-A4729591FC0B-FollowerState] INFO  server.RaftServerConfigKeys (ConfUtils.java:logGet(46)) - raft.server.leaderelection.pre-vote = false (custom)
2022-09-28 15:55:01,304 [5cf4cd61-878f-4dff-a8f0-3c181111f76f@group-A4729591FC0B-FollowerState] INFO  impl.RoleInfo (RoleInfo.java:updateAndGet(139)) - 5cf4cd61-878f-4dff-a8f0-3c181111f76f: start 5cf4cd61-878f-4dff-a8f0-3c181111f76f@group-A4729591FC0B-LeaderElection32
2022-09-28 15:55:01,330 [5cf4cd61-878f-4dff-a8f0-3c181111f76f@group-A4729591FC0B-LeaderElection32] INFO  impl.LeaderElection (LeaderElection.java:askForVotes(310)) - 5cf4cd61-878f-4dff-a8f0-3c181111f76f@group-A4729591FC0B-LeaderElection32 ELECTION round 0: submit vote requests at term 1 for -1: [50ea5a34-8fbf-4f83-96a7-ee6cc92cfa0a|rpc:10.1.1.55:41435|priority:0, 5cf4cd61-878f-4dff-a8f0-3c181111f76f|rpc:10.1.1.55:35311|priority:1, 6b2dcef1-f6ed-465a-a116-d89b60e08d93|rpc:10.1.1.55:34079|priority:0], old=null
2022-09-28 15:55:01,387 [grpc-default-executor-0] INFO  server.RaftServer$Division (RaftServerImpl.java:requestVote(1152)) - 6b2dcef1-f6ed-465a-a116-d89b60e08d93@group-A4729591FC0B: receive requestVote(ELECTION, 5cf4cd61-878f-4dff-a8f0-3c181111f76f, group-A4729591FC0B, 1, (t:0, i:0))
2022-09-28 15:55:01,387 [grpc-default-executor-0] INFO  impl.VoteContext (VoteContext.java:log(48)) - 6b2dcef1-f6ed-465a-a116-d89b60e08d93@group-A4729591FC0B-FOLLOWER: accept ELECTION from 5cf4cd61-878f-4dff-a8f0-3c181111f76f: our priority 0 <= candidate's priority 1
2022-09-28 15:55:01,387 [grpc-default-executor-0] INFO  server.RaftServer$Division (RaftServerImpl.java:setRole(299)) - 6b2dcef1-f6ed-465a-a116-d89b60e08d93@group-A4729591FC0B: changes role from  FOLLOWER to FOLLOWER at term 1 for candidate:5cf4cd61-878f-4dff-a8f0-3c181111f76f
2022-09-28 15:55:01,387 [grpc-default-executor-0] INFO  impl.RoleInfo (RoleInfo.java:shutdownFollowerState(110)) - 6b2dcef1-f6ed-465a-a116-d89b60e08d93: shutdown 6b2dcef1-f6ed-465a-a116-d89b60e08d93@group-A4729591FC0B-FollowerState
2022-09-28 15:55:01,398 [grpc-default-executor-0] INFO  impl.RoleInfo (RoleInfo.java:updateAndGet(139)) - 6b2dcef1-f6ed-465a-a116-d89b60e08d93: start 6b2dcef1-f6ed-465a-a116-d89b60e08d93@group-A4729591FC0B-FollowerState
2022-09-28 15:55:01,398 [6b2dcef1-f6ed-465a-a116-d89b60e08d93@group-A4729591FC0B-FollowerState] INFO  impl.FollowerState (FollowerState.java:run(152)) - 6b2dcef1-f6ed-465a-a116-d89b60e08d93@group-A4729591FC0B-FollowerState was interrupted
2022-09-28 15:55:01,403 [grpc-default-executor-1] INFO  server.RaftServer$Division (RaftServerImpl.java:requestVote(1152)) - 50ea5a34-8fbf-4f83-96a7-ee6cc92cfa0a@group-A4729591FC0B: receive requestVote(ELECTION, 5cf4cd61-878f-4dff-a8f0-3c181111f76f, group-A4729591FC0B, 1, (t:0, i:0))
2022-09-28 15:55:01,403 [grpc-default-executor-1] INFO  impl.VoteContext (VoteContext.java:log(48)) - 50ea5a34-8fbf-4f83-96a7-ee6cc92cfa0a@group-A4729591FC0B-FOLLOWER: accept ELECTION from 5cf4cd61-878f-4dff-a8f0-3c181111f76f: our priority 0 <= candidate's priority 1
2022-09-28 15:55:01,403 [grpc-default-executor-1] INFO  server.RaftServer$Division (RaftServerImpl.java:setRole(299)) - 50ea5a34-8fbf-4f83-96a7-ee6cc92cfa0a@group-A4729591FC0B: changes role from  FOLLOWER to FOLLOWER at term 1 for candidate:5cf4cd61-878f-4dff-a8f0-3c181111f76f
2022-09-28 15:55:01,403 [grpc-default-executor-1] INFO  impl.RoleInfo (RoleInfo.java:shutdownFollowerState(110)) - 50ea5a34-8fbf-4f83-96a7-ee6cc92cfa0a: shutdown 50ea5a34-8fbf-4f83-96a7-ee6cc92cfa0a@group-A4729591FC0B-FollowerState
2022-09-28 15:55:01,413 [50ea5a34-8fbf-4f83-96a7-ee6cc92cfa0a@group-A4729591FC0B-FollowerState] INFO  impl.FollowerState (FollowerState.java:run(152)) - 50ea5a34-8fbf-4f83-96a7-ee6cc92cfa0a@group-A4729591FC0B-FollowerState was interrupted
2022-09-28 15:55:01,420 [grpc-default-executor-0] INFO  server.RaftServer$Division (RaftServerImpl.java:requestVote(1184)) - 6b2dcef1-f6ed-465a-a116-d89b60e08d93@group-A4729591FC0B replies to ELECTION vote request: 5cf4cd61-878f-4dff-a8f0-3c181111f76f<-6b2dcef1-f6ed-465a-a116-d89b60e08d93#0:OK-t1. Peer's state: 6b2dcef1-f6ed-465a-a116-d89b60e08d93@group-A4729591FC0B:t1, leader=null, voted=5cf4cd61-878f-4dff-a8f0-3c181111f76f, raftlog=6b2dcef1-f6ed-465a-a116-d89b60e08d93@group-A4729591FC0B-SegmentedRaftLog:OPENED:c-1, conf=-1: [50ea5a34-8fbf-4f83-96a7-ee6cc92cfa0a|rpc:10.1.1.55:41435|dataStream:|priority:0, 5cf4cd61-878f-4dff-a8f0-3c181111f76f|rpc:10.1.1.55:35311|dataStream:|priority:1, 6b2dcef1-f6ed-465a-a116-d89b60e08d93|rpc:10.1.1.55:34079|dataStream:|priority:0], old=null
2022-09-28 15:55:01,431 [5cf4cd61-878f-4dff-a8f0-3c181111f76f@group-A4729591FC0B-LeaderElection32] INFO  impl.LeaderElection (LeaderElection.java:logAndReturn(90)) - 5cf4cd61-878f-4dff-a8f0-3c181111f76f@group-A4729591FC0B-LeaderElection32: ELECTION PASSED received 1 response(s) and 0 exception(s):
2022-09-28 15:55:01,431 [5cf4cd61-878f-4dff-a8f0-3c181111f76f@group-A4729591FC0B-LeaderElection32] INFO  impl.LeaderElection (LeaderElection.java:logAndReturn(94)) -   Response 0: 5cf4cd61-878f-4dff-a8f0-3c181111f76f<-6b2dcef1-f6ed-465a-a116-d89b60e08d93#0:OK-t1
2022-09-28 15:55:01,431 [5cf4cd61-878f-4dff-a8f0-3c181111f76f@group-A4729591FC0B-LeaderElection32] INFO  impl.LeaderElection (LeaderElection.java:askForVotes(312)) - 5cf4cd61-878f-4dff-a8f0-3c181111f76f@group-A4729591FC0B-LeaderElection32 ELECTION round 0: result PASSED
2022-09-28 15:55:01,431 [5cf4cd61-878f-4dff-a8f0-3c181111f76f@group-A4729591FC0B-LeaderElection32] INFO  impl.RoleInfo (RoleInfo.java:shutdownLeaderElection(130)) - 5cf4cd61-878f-4dff-a8f0-3c181111f76f: shutdown 5cf4cd61-878f-4dff-a8f0-3c181111f76f@group-A4729591FC0B-LeaderElection32
2022-09-28 15:55:01,431 [5cf4cd61-878f-4dff-a8f0-3c181111f76f@group-A4729591FC0B-LeaderElection32] INFO  server.RaftServer$Division (RaftServerImpl.java:setRole(299)) - 5cf4cd61-878f-4dff-a8f0-3c181111f76f@group-A4729591FC0B: changes role from CANDIDATE to LEADER at term 1 for changeToLeader
2022-09-28 15:55:01,431 [5cf4cd61-878f-4dff-a8f0-3c181111f76f@group-A4729591FC0B-LeaderElection32] INFO  ratis.XceiverServerRatis (XceiverServerRatis.java:handleLeaderChangedNotification(863)) - Leader change notification received for group: group-A4729591FC0B with new leaderId: 5cf4cd61-878f-4dff-a8f0-3c181111f76f
2022-09-28 15:55:01,431 [5cf4cd61-878f-4dff-a8f0-3c181111f76f@group-A4729591FC0B-LeaderElection32] INFO  server.RaftServer$Division (ServerState.java:setLeader(287)) - 5cf4cd61-878f-4dff-a8f0-3c181111f76f@group-A4729591FC0B: change Leader from null to 5cf4cd61-878f-4dff-a8f0-3c181111f76f at term 1 for becomeLeader, leader elected after 5292ms
2022-09-28 15:55:01,431 [5cf4cd61-878f-4dff-a8f0-3c181111f76f@group-A4729591FC0B-LeaderElection32] INFO  server.RaftServerConfigKeys (ConfUtils.java:logGet(46)) - raft.server.staging.catchup.gap = 1000 (default)
2022-09-28 15:55:01,431 [5cf4cd61-878f-4dff-a8f0-3c181111f76f@group-A4729591FC0B-LeaderElection32] INFO  server.RaftServerConfigKeys (ConfUtils.java:logGet(46)) - raft.server.write.element-limit = 1024 (custom)
2022-09-28 15:55:01,432 [5cf4cd61-878f-4dff-a8f0-3c181111f76f@group-A4729591FC0B-LeaderElection32] INFO  server.RaftServerConfigKeys (ConfUtils.java:logGet(46)) - raft.server.write.byte-limit = 1024 M (=1073741824) (custom)
2022-09-28 15:55:01,432 [5cf4cd61-878f-4dff-a8f0-3c181111f76f@group-A4729591FC0B-LeaderElection32] INFO  server.RaftServerConfigKeys (ConfUtils.java:logGet(46)) - raft.server.watch.timeout = 180s (custom)
2022-09-28 15:55:01,432 [5cf4cd61-878f-4dff-a8f0-3c181111f76f@group-A4729591FC0B-LeaderElection32] INFO  server.RaftServerConfigKeys (ConfUtils.java:logGet(46)) - raft.server.watch.timeout.denomination = 1s (default)
2022-09-28 15:55:01,432 [5cf4cd61-878f-4dff-a8f0-3c181111f76f@group-A4729591FC0B-LeaderElection32] INFO  server.RaftServerConfigKeys (ConfUtils.java:logGet(46)) - raft.server.watch.element-limit = 65536 (default)
2022-09-28 15:55:01,432 [5cf4cd61-878f-4dff-a8f0-3c181111f76f@group-A4729591FC0B-LeaderElection32] INFO  server.RaftServerConfigKeys (ConfUtils.java:logGet(46)) - raft.server.write.element-limit = 1024 (custom)
2022-09-28 15:55:01,432 [5cf4cd61-878f-4dff-a8f0-3c181111f76f@group-A4729591FC0B-LeaderElection32] INFO  server.RaftServerConfigKeys (ConfUtils.java:logGet(46)) - raft.server.write.follower.gap.ratio.max = -1.0 (default)
2022-09-28 15:55:01,433 [5cf4cd61-878f-4dff-a8f0-3c181111f76f@group-A4729591FC0B-LeaderElection32] INFO  server.RaftServerConfigKeys (ConfUtils.java:logGet(46)) - raft.server.log.appender.snapshot.chunk.size.max = 16MB (=16777216) (default)
2022-09-28 15:55:01,433 [5cf4cd61-878f-4dff-a8f0-3c181111f76f@group-A4729591FC0B-LeaderElection32] INFO  server.RaftServerConfigKeys (ConfUtils.java:logGet(46)) - raft.server.log.appender.buffer.byte-limit = 33554432 (custom)
2022-09-28 15:55:01,433 [5cf4cd61-878f-4dff-a8f0-3c181111f76f@group-A4729591FC0B-LeaderElection32] INFO  server.RaftServerConfigKeys (ConfUtils.java:logGet(46)) - raft.server.log.appender.buffer.element-limit = 1 (custom)
2022-09-28 15:55:01,433 [5cf4cd61-878f-4dff-a8f0-3c181111f76f@group-A4729591FC0B-LeaderElection32] INFO  grpc.GrpcConfigKeys (ConfUtils.java:logGet(46)) - raft.grpc.server.leader.outstanding.appends.max = 128 (default)
2022-09-28 15:55:01,433 [5cf4cd61-878f-4dff-a8f0-3c181111f76f@group-A4729591FC0B-LeaderElection32] INFO  server.RaftServerConfigKeys (ConfUtils.java:logGet(46)) - raft.server.rpc.request.timeout = 60s (custom)
2022-09-28 15:55:01,433 [5cf4cd61-878f-4dff-a8f0-3c181111f76f@group-A4729591FC0B-LeaderElection32] INFO  server.RaftServerConfigKeys (ConfUtils.java:logGet(46)) - raft.server.log.appender.install.snapshot.enabled = false (custom)
2022-09-28 15:55:01,434 [5cf4cd61-878f-4dff-a8f0-3c181111f76f@group-A4729591FC0B-LeaderElection32] INFO  server.RaftServerConfigKeys (ConfUtils.java:logGet(46)) - raft.server.log.appender.snapshot.chunk.size.max = 16MB (=16777216) (default)
2022-09-28 15:55:01,434 [5cf4cd61-878f-4dff-a8f0-3c181111f76f@group-A4729591FC0B-LeaderElection32] INFO  server.RaftServerConfigKeys (ConfUtils.java:logGet(46)) - raft.server.log.appender.buffer.byte-limit = 33554432 (custom)
2022-09-28 15:55:01,434 [5cf4cd61-878f-4dff-a8f0-3c181111f76f@group-A4729591FC0B-LeaderElection32] INFO  server.RaftServerConfigKeys (ConfUtils.java:logGet(46)) - raft.server.log.appender.buffer.element-limit = 1 (custom)
2022-09-28 15:55:01,434 [5cf4cd61-878f-4dff-a8f0-3c181111f76f@group-A4729591FC0B-LeaderElection32] INFO  grpc.GrpcConfigKeys (ConfUtils.java:logGet(46)) - raft.grpc.server.leader.outstanding.appends.max = 128 (default)
2022-09-28 15:55:01,434 [5cf4cd61-878f-4dff-a8f0-3c181111f76f@group-A4729591FC0B-LeaderElection32] INFO  server.RaftServerConfigKeys (ConfUtils.java:logGet(46)) - raft.server.rpc.request.timeout = 60s (custom)
2022-09-28 15:55:01,434 [5cf4cd61-878f-4dff-a8f0-3c181111f76f@group-A4729591FC0B-LeaderElection32] INFO  server.RaftServerConfigKeys (ConfUtils.java:logGet(46)) - raft.server.log.appender.install.snapshot.enabled = false (custom)
2022-09-28 15:55:01,434 [5cf4cd61-878f-4dff-a8f0-3c181111f76f@group-A4729591FC0B-LeaderElection32] INFO  impl.RoleInfo (RoleInfo.java:updateAndGet(139)) - 5cf4cd61-878f-4dff-a8f0-3c181111f76f: start 5cf4cd61-878f-4dff-a8f0-3c181111f76f@group-A4729591FC0B-LeaderStateImpl
2022-09-28 15:55:01,434 [5cf4cd61-878f-4dff-a8f0-3c181111f76f@group-A4729591FC0B-LeaderElection32] INFO  segmented.SegmentedRaftLogWorker (SegmentedRaftLogWorker.java:startLogSegment(425)) - 5cf4cd61-878f-4dff-a8f0-3c181111f76f@group-A4729591FC0B-SegmentedRaftLogWorker: Starting segment from index:0
2022-09-28 15:55:01,435 [grpc-default-executor-1] INFO  impl.RoleInfo (RoleInfo.java:updateAndGet(139)) - 50ea5a34-8fbf-4f83-96a7-ee6cc92cfa0a: start 50ea5a34-8fbf-4f83-96a7-ee6cc92cfa0a@group-A4729591FC0B-FollowerState
2022-09-28 15:55:01,440 [grpc-default-executor-1] INFO  server.RaftServer$Division (RaftServerImpl.java:requestVote(1184)) - 50ea5a34-8fbf-4f83-96a7-ee6cc92cfa0a@group-A4729591FC0B replies to ELECTION vote request: 5cf4cd61-878f-4dff-a8f0-3c181111f76f<-50ea5a34-8fbf-4f83-96a7-ee6cc92cfa0a#0:OK-t1. Peer's state: 50ea5a34-8fbf-4f83-96a7-ee6cc92cfa0a@group-A4729591FC0B:t1, leader=null, voted=5cf4cd61-878f-4dff-a8f0-3c181111f76f, raftlog=50ea5a34-8fbf-4f83-96a7-ee6cc92cfa0a@group-A4729591FC0B-SegmentedRaftLog:OPENED:c-1, conf=-1: [50ea5a34-8fbf-4f83-96a7-ee6cc92cfa0a|rpc:10.1.1.55:41435|dataStream:|priority:0, 5cf4cd61-878f-4dff-a8f0-3c181111f76f|rpc:10.1.1.55:35311|dataStream:|priority:1, 6b2dcef1-f6ed-465a-a116-d89b60e08d93|rpc:10.1.1.55:34079|dataStream:|priority:0], old=null
2022-09-28 15:55:01,453 [EventQueue-PipelineReportForPipelineReportHandler] INFO  pipeline.PipelineManagerImpl (PipelineManagerImpl.java:openPipeline(367)) - Pipeline Pipeline[ Id: 480c99fb-8e47-45c7-a28d-a4729591fc0b, Nodes: 50ea5a34-8fbf-4f83-96a7-ee6cc92cfa0a{ip: 10.1.1.55, host: fv-az203-824.ild0l4k5vsluppoevu2oqvhmda.cx.internal.cloudapp.net, ports: [REPLICATION=45483, RATIS=41435, RATIS_ADMIN=41435, RATIS_SERVER=41435, STANDALONE=42267], networkLocation: /default-rack, certSerialId: null, persistedOpState: IN_SERVICE, persistedOpStateExpiryEpochSec: 0}6b2dcef1-f6ed-465a-a116-d89b60e08d93{ip: 10.1.1.55, host: fv-az203-824.ild0l4k5vsluppoevu2oqvhmda.cx.internal.cloudapp.net, ports: [REPLICATION=42815, RATIS=34079, RATIS_ADMIN=34079, RATIS_SERVER=34079, STANDALONE=33269], networkLocation: /default-rack, certSerialId: null, persistedOpState: IN_SERVICE, persistedOpStateExpiryEpochSec: 0}5cf4cd61-878f-4dff-a8f0-3c181111f76f{ip: 10.1.1.55, host: fv-az203-824.ild0l4k5vsluppoevu2oqvhmda.cx.internal.cloudapp.net, ports: [REPLICATION=38069, RATIS=35311, RATIS_ADMIN=35311, RATIS_SERVER=35311, STANDALONE=36205], networkLocation: /default-rack, certSerialId: null, persistedOpState: IN_SERVICE, persistedOpStateExpiryEpochSec: 0}, ReplicationConfig: RATIS/THREE, State:ALLOCATED, leaderId:5cf4cd61-878f-4dff-a8f0-3c181111f76f, CreationTimestamp2022-09-28T15:54:54.253Z[Etc/UTC]] moved to OPEN state
2022-09-28 15:55:01,454 [EventQueue-OpenPipelineForHealthyPipelineSafeModeRule] INFO  safemode.SCMSafeModeManager (HealthyPipelineSafeModeRule.java:process(137)) - SCM in safe mode. Healthy pipelines reported count is 1, required healthy pipeline reported count is 1
2022-09-28 15:55:01,458 [EventQueue-OpenPipelineForHealthyPipelineSafeModeRule] INFO  safemode.SCMSafeModeManager (SCMSafeModeManager.java:validateSafeModeExitRules(204)) - HealthyPipelineSafeModeRule rule is successfully validated
2022-09-28 15:55:01,458 [EventQueue-OpenPipelineForHealthyPipelineSafeModeRule] INFO  safemode.SCMSafeModeManager (SCMSafeModeManager.java:validateSafeModeExitRules(219)) - ScmSafeModeManager, all rules are successfully validated
2022-09-28 15:55:01,458 [EventQueue-OpenPipelineForHealthyPipelineSafeModeRule] INFO  safemode.SCMSafeModeManager (SCMSafeModeManager.java:exitSafeMode(248)) - SCM exiting safe mode.
2022-09-28 15:55:01,458 [EventQueue-OpenPipelineForHealthyPipelineSafeModeRule] WARN  events.EventQueue (EventQueue.java:fireEvent(216)) - No event handler registered for event TypedEvent{payloadType=SafeModeStatus, name='Safe mode status'}
2022-09-28 15:55:01,458 [EventQueue-OpenPipelineForHealthyPipelineSafeModeRule] INFO  ha.SCMContext (SCMContext.java:updateSafeModeStatus(228)) - Update SafeModeStatus from SafeModeStatus{safeModeStatus=true, preCheckPassed=true} to SafeModeStatus{safeModeStatus=false, preCheckPassed=true}.
2022-09-28 15:55:01,458 [EventQueue-OpenPipelineForHealthyPipelineSafeModeRule] INFO  pipeline.BackgroundPipelineCreator (BackgroundPipelineCreator.java:notifyStatusChanged(254)) - Service BackgroundPipelineCreator transitions to RUNNING.
2022-09-28 15:55:01,458 [EventQueue-OpenPipelineForHealthyPipelineSafeModeRule] INFO  BackgroundPipelineScrubber (BackgroundSCMService.java:notifyStatusChanged(82)) - Service BackgroundPipelineScrubber transitions to RUNNING.
2022-09-28 15:55:01,458 [EventQueue-OpenPipelineForHealthyPipelineSafeModeRule] INFO  ExpiredContainerReplicaOpScrubber (BackgroundSCMService.java:notifyStatusChanged(82)) - Service ExpiredContainerReplicaOpScrubber transitions to RUNNING.
2022-09-28 15:55:01,458 [EventQueue-OpenPipelineForHealthyPipelineSafeModeRule] INFO  replication.ReplicationManager (ReplicationManager.java:notifyStatusChanged(726)) - Service ReplicationManager transitions to RUNNING.
2022-09-28 15:55:01,458 [EventQueue-OpenPipelineForHealthyPipelineSafeModeRule] WARN  balancer.ContainerBalancer (ContainerBalancer.java:shouldRun(936)) - Could not find persisted configuration for ContainerBalancer when checking if ContainerBalancer should run. ContainerBalancer should not run now.
2022-09-28 15:55:01,455 [5cf4cd61-878f-4dff-a8f0-3c181111f76f@group-A4729591FC0B-LeaderElection32] INFO  server.RaftServer$Division (ServerState.java:setRaftConf(393)) - 5cf4cd61-878f-4dff-a8f0-3c181111f76f@group-A4729591FC0B: set configuration 0: [50ea5a34-8fbf-4f83-96a7-ee6cc92cfa0a|rpc:10.1.1.55:41435|dataStream:|priority:0, 5cf4cd61-878f-4dff-a8f0-3c181111f76f|rpc:10.1.1.55:35311|dataStream:|priority:1, 6b2dcef1-f6ed-465a-a116-d89b60e08d93|rpc:10.1.1.55:34079|dataStream:|priority:0], old=null
2022-09-28 15:55:01,454 [5cf4cd61-878f-4dff-a8f0-3c181111f76f@group-A4729591FC0B-SegmentedRaftLogWorker] INFO  segmented.SegmentedRaftLogWorker (SegmentedRaftLogWorker.java:execute(629)) - 5cf4cd61-878f-4dff-a8f0-3c181111f76f@group-A4729591FC0B-SegmentedRaftLogWorker: created new log segment /home/runner/work/ozone/ozone/hadoop-ozone/integration-test/target/test-dir/MiniOzoneClusterImpl-aff298ea-5285-4275-affb-2c33fd00777e/datanode-0/data/ratis/480c99fb-8e47-45c7-a28d-a4729591fc0b/current/log_inprogress_0
2022-09-28 15:55:01,493 [6b2dcef1-f6ed-465a-a116-d89b60e08d93-server-thread1] INFO  ratis.XceiverServerRatis (XceiverServerRatis.java:handleLeaderChangedNotification(863)) - Leader change notification received for group: group-A4729591FC0B with new leaderId: 5cf4cd61-878f-4dff-a8f0-3c181111f76f
2022-09-28 15:55:01,493 [6b2dcef1-f6ed-465a-a116-d89b60e08d93-server-thread1] INFO  server.RaftServer$Division (ServerState.java:setLeader(287)) - 6b2dcef1-f6ed-465a-a116-d89b60e08d93@group-A4729591FC0B: change Leader from null to 5cf4cd61-878f-4dff-a8f0-3c181111f76f at term 1 for appendEntries, leader elected after 5023ms
2022-09-28 15:55:01,513 [50ea5a34-8fbf-4f83-96a7-ee6cc92cfa0a-server-thread1] INFO  ratis.XceiverServerRatis (XceiverServerRatis.java:handleLeaderChangedNotification(863)) - Leader change notification received for group: group-A4729591FC0B with new leaderId: 5cf4cd61-878f-4dff-a8f0-3c181111f76f
2022-09-28 15:55:01,513 [50ea5a34-8fbf-4f83-96a7-ee6cc92cfa0a-server-thread1] INFO  server.RaftServer$Division (ServerState.java:setLeader(287)) - 50ea5a34-8fbf-4f83-96a7-ee6cc92cfa0a@group-A4729591FC0B: change Leader from null to 5cf4cd61-878f-4dff-a8f0-3c181111f76f at term 1 for appendEntries, leader elected after 5243ms
2022-09-28 15:55:01,519 [50ea5a34-8fbf-4f83-96a7-ee6cc92cfa0a-server-thread1] INFO  server.RaftServer$Division (ServerState.java:setRaftConf(393)) - 50ea5a34-8fbf-4f83-96a7-ee6cc92cfa0a@group-A4729591FC0B: set configuration 0: [50ea5a34-8fbf-4f83-96a7-ee6cc92cfa0a|rpc:10.1.1.55:41435|dataStream:|priority:0, 5cf4cd61-878f-4dff-a8f0-3c181111f76f|rpc:10.1.1.55:35311|dataStream:|priority:1, 6b2dcef1-f6ed-465a-a116-d89b60e08d93|rpc:10.1.1.55:34079|dataStream:|priority:0], old=null
2022-09-28 15:55:01,519 [50ea5a34-8fbf-4f83-96a7-ee6cc92cfa0a-server-thread1] INFO  segmented.SegmentedRaftLogWorker (SegmentedRaftLogWorker.java:startLogSegment(425)) - 50ea5a34-8fbf-4f83-96a7-ee6cc92cfa0a@group-A4729591FC0B-SegmentedRaftLogWorker: Starting segment from index:0
2022-09-28 15:55:01,524 [50ea5a34-8fbf-4f83-96a7-ee6cc92cfa0a@group-A4729591FC0B-SegmentedRaftLogWorker] INFO  segmented.SegmentedRaftLogWorker (SegmentedRaftLogWorker.java:execute(629)) - 50ea5a34-8fbf-4f83-96a7-ee6cc92cfa0a@group-A4729591FC0B-SegmentedRaftLogWorker: created new log segment /home/runner/work/ozone/ozone/hadoop-ozone/integration-test/target/test-dir/MiniOzoneClusterImpl-aff298ea-5285-4275-affb-2c33fd00777e/datanode-2/data/ratis/480c99fb-8e47-45c7-a28d-a4729591fc0b/current/log_inprogress_0
2022-09-28 15:55:01,575 [6b2dcef1-f6ed-465a-a116-d89b60e08d93-server-thread1] INFO  server.RaftServer$Division (ServerState.java:setRaftConf(393)) - 6b2dcef1-f6ed-465a-a116-d89b60e08d93@group-A4729591FC0B: set configuration 0: [50ea5a34-8fbf-4f83-96a7-ee6cc92cfa0a|rpc:10.1.1.55:41435|dataStream:|priority:0, 5cf4cd61-878f-4dff-a8f0-3c181111f76f|rpc:10.1.1.55:35311|dataStream:|priority:1, 6b2dcef1-f6ed-465a-a116-d89b60e08d93|rpc:10.1.1.55:34079|dataStream:|priority:0], old=null
2022-09-28 15:55:01,575 [6b2dcef1-f6ed-465a-a116-d89b60e08d93-server-thread1] INFO  segmented.SegmentedRaftLogWorker (SegmentedRaftLogWorker.java:startLogSegment(425)) - 6b2dcef1-f6ed-465a-a116-d89b60e08d93@group-A4729591FC0B-SegmentedRaftLogWorker: Starting segment from index:0
2022-09-28 15:55:01,577 [6b2dcef1-f6ed-465a-a116-d89b60e08d93@group-A4729591FC0B-SegmentedRaftLogWorker] INFO  segmented.SegmentedRaftLogWorker (SegmentedRaftLogWorker.java:execute(629)) - 6b2dcef1-f6ed-465a-a116-d89b60e08d93@group-A4729591FC0B-SegmentedRaftLogWorker: created new log segment /home/runner/work/ozone/ozone/hadoop-ozone/integration-test/target/test-dir/MiniOzoneClusterImpl-aff298ea-5285-4275-affb-2c33fd00777e/datanode-1/data/ratis/480c99fb-8e47-45c7-a28d-a4729591fc0b/current/log_inprogress_0
2022-09-28 15:55:01,624 [6b2dcef1-f6ed-465a-a116-d89b60e08d93@group-5A73E7049105-FollowerState] INFO  impl.FollowerState (FollowerState.java:run(143)) - 6b2dcef1-f6ed-465a-a116-d89b60e08d93@group-5A73E7049105-FollowerState: change to CANDIDATE, lastRpcElapsedTime:5005997692ns, electionTimeout:5003ms
2022-09-28 15:55:01,624 [6b2dcef1-f6ed-465a-a116-d89b60e08d93@group-5A73E7049105-FollowerState] INFO  impl.RoleInfo (RoleInfo.java:shutdownFollowerState(110)) - 6b2dcef1-f6ed-465a-a116-d89b60e08d93: shutdown 6b2dcef1-f6ed-465a-a116-d89b60e08d93@group-5A73E7049105-FollowerState
2022-09-28 15:55:01,624 [6b2dcef1-f6ed-465a-a116-d89b60e08d93@group-5A73E7049105-FollowerState] INFO  server.RaftServer$Division (RaftServerImpl.java:setRole(299)) - 6b2dcef1-f6ed-465a-a116-d89b60e08d93@group-5A73E7049105: changes role from  FOLLOWER to CANDIDATE at term 0 for changeToCandidate
2022-09-28 15:55:01,624 [6b2dcef1-f6ed-465a-a116-d89b60e08d93@group-5A73E7049105-FollowerState] INFO  server.RaftServerConfigKeys (ConfUtils.java:logGet(46)) - raft.server.leaderelection.pre-vote = false (custom)
2022-09-28 15:55:01,624 [6b2dcef1-f6ed-465a-a116-d89b60e08d93@group-5A73E7049105-FollowerState] INFO  impl.RoleInfo (RoleInfo.java:updateAndGet(139)) - 6b2dcef1-f6ed-465a-a116-d89b60e08d93: start 6b2dcef1-f6ed-465a-a116-d89b60e08d93@group-5A73E7049105-LeaderElection33
2022-09-28 15:55:01,659 [6b2dcef1-f6ed-465a-a116-d89b60e08d93@group-5A73E7049105-LeaderElection33] INFO  impl.LeaderElection (LeaderElection.java:askForVotes(310)) - 6b2dcef1-f6ed-465a-a116-d89b60e08d93@group-5A73E7049105-LeaderElection33 ELECTION round 0: submit vote requests at term 1 for -1: [50ea5a34-8fbf-4f83-96a7-ee6cc92cfa0a|rpc:10.1.1.55:41435|dataStream:|priority:0, 5cf4cd61-878f-4dff-a8f0-3c181111f76f|rpc:10.1.1.55:35311|dataStream:|priority:0, 6b2dcef1-f6ed-465a-a116-d89b60e08d93|rpc:10.1.1.55:34079|dataStream:|priority:1], old=null
2022-09-28 15:55:01,716 [5cf4cd61-878f-4dff-a8f0-3c181111f76f@group-5A73E7049105-FollowerState] INFO  impl.FollowerState (FollowerState.java:run(143)) - 5cf4cd61-878f-4dff-a8f0-3c181111f76f@group-5A73E7049105-FollowerState: change to CANDIDATE, lastRpcElapsedTime:5151844428ns, electionTimeout:5150ms
2022-09-28 15:55:01,716 [5cf4cd61-878f-4dff-a8f0-3c181111f76f@group-5A73E7049105-FollowerState] INFO  impl.RoleInfo (RoleInfo.java:shutdownFollowerState(110)) - 5cf4cd61-878f-4dff-a8f0-3c181111f76f: shutdown 5cf4cd61-878f-4dff-a8f0-3c181111f76f@group-5A73E7049105-FollowerState
2022-09-28 15:55:01,717 [5cf4cd61-878f-4dff-a8f0-3c181111f76f@group-5A73E7049105-FollowerState] INFO  server.RaftServer$Division (RaftServerImpl.java:setRole(299)) - 5cf4cd61-878f-4dff-a8f0-3c181111f76f@group-5A73E7049105: changes role from  FOLLOWER to CANDIDATE at term 0 for changeToCandidate
2022-09-28 15:55:01,717 [5cf4cd61-878f-4dff-a8f0-3c181111f76f@group-5A73E7049105-FollowerState] INFO  server.RaftServerConfigKeys (ConfUtils.java:logGet(46)) - raft.server.leaderelection.pre-vote = false (custom)
2022-09-28 15:55:01,717 [5cf4cd61-878f-4dff-a8f0-3c181111f76f@group-5A73E7049105-FollowerState] INFO  impl.RoleInfo (RoleInfo.java:updateAndGet(139)) - 5cf4cd61-878f-4dff-a8f0-3c181111f76f: start 5cf4cd61-878f-4dff-a8f0-3c181111f76f@group-5A73E7049105-LeaderElection34
2022-09-28 15:55:01,732 [grpc-default-executor-1] INFO  server.RaftServer$Division (RaftServerImpl.java:requestVote(1152)) - 5cf4cd61-878f-4dff-a8f0-3c181111f76f@group-5A73E7049105: receive requestVote(ELECTION, 6b2dcef1-f6ed-465a-a116-d89b60e08d93, group-5A73E7049105, 1, (t:0, i:0))
2022-09-28 15:55:01,748 [grpc-default-executor-0] INFO  server.RaftServer$Division (RaftServerImpl.java:requestVote(1152)) - 50ea5a34-8fbf-4f83-96a7-ee6cc92cfa0a@group-5A73E7049105: receive requestVote(ELECTION, 6b2dcef1-f6ed-465a-a116-d89b60e08d93, group-5A73E7049105, 1, (t:0, i:0))
2022-09-28 15:55:01,758 [grpc-default-executor-0] INFO  impl.VoteContext (VoteContext.java:log(48)) - 50ea5a34-8fbf-4f83-96a7-ee6cc92cfa0a@group-5A73E7049105-FOLLOWER: accept ELECTION from 6b2dcef1-f6ed-465a-a116-d89b60e08d93: our priority 0 <= candidate's priority 1
2022-09-28 15:55:01,758 [grpc-default-executor-0] INFO  server.RaftServer$Division (RaftServerImpl.java:setRole(299)) - 50ea5a34-8fbf-4f83-96a7-ee6cc92cfa0a@group-5A73E7049105: changes role from  FOLLOWER to FOLLOWER at term 1 for candidate:6b2dcef1-f6ed-465a-a116-d89b60e08d93
2022-09-28 15:55:01,758 [grpc-default-executor-0] INFO  impl.RoleInfo (RoleInfo.java:shutdownFollowerState(110)) - 50ea5a34-8fbf-4f83-96a7-ee6cc92cfa0a: shutdown 50ea5a34-8fbf-4f83-96a7-ee6cc92cfa0a@group-5A73E7049105-FollowerState
2022-09-28 15:55:01,758 [grpc-default-executor-0] INFO  impl.RoleInfo (RoleInfo.java:updateAndGet(139)) - 50ea5a34-8fbf-4f83-96a7-ee6cc92cfa0a: start 50ea5a34-8fbf-4f83-96a7-ee6cc92cfa0a@group-5A73E7049105-FollowerState
2022-09-28 15:55:01,758 [50ea5a34-8fbf-4f83-96a7-ee6cc92cfa0a@group-5A73E7049105-FollowerState] INFO  impl.FollowerState (FollowerState.java:run(152)) - 50ea5a34-8fbf-4f83-96a7-ee6cc92cfa0a@group-5A73E7049105-FollowerState was interrupted
2022-09-28 15:55:01,760 [grpc-default-executor-0] INFO  server.RaftServer$Division (RaftServerImpl.java:requestVote(1184)) - 50ea5a34-8fbf-4f83-96a7-ee6cc92cfa0a@group-5A73E7049105 replies to ELECTION vote request: 6b2dcef1-f6ed-465a-a116-d89b60e08d93<-50ea5a34-8fbf-4f83-96a7-ee6cc92cfa0a#0:OK-t1. Peer's state: 50ea5a34-8fbf-4f83-96a7-ee6cc92cfa0a@group-5A73E7049105:t1, leader=null, voted=6b2dcef1-f6ed-465a-a116-d89b60e08d93, raftlog=50ea5a34-8fbf-4f83-96a7-ee6cc92cfa0a@group-5A73E7049105-SegmentedRaftLog:OPENED:c-1, conf=-1: [50ea5a34-8fbf-4f83-96a7-ee6cc92cfa0a|rpc:10.1.1.55:41435|dataStream:|priority:0, 5cf4cd61-878f-4dff-a8f0-3c181111f76f|rpc:10.1.1.55:35311|dataStream:|priority:0, 6b2dcef1-f6ed-465a-a116-d89b60e08d93|rpc:10.1.1.55:34079|dataStream:|priority:1], old=null
2022-09-28 15:55:01,761 [6b2dcef1-f6ed-465a-a116-d89b60e08d93@group-5A73E7049105-LeaderElection33] INFO  impl.LeaderElection (LeaderElection.java:logAndReturn(90)) - 6b2dcef1-f6ed-465a-a116-d89b60e08d93@group-5A73E7049105-LeaderElection33: ELECTION PASSED received 1 response(s) and 0 exception(s):
2022-09-28 15:55:01,761 [6b2dcef1-f6ed-465a-a116-d89b60e08d93@group-5A73E7049105-LeaderElection33] INFO  impl.LeaderElection (LeaderElection.java:logAndReturn(94)) -   Response 0: 6b2dcef1-f6ed-465a-a116-d89b60e08d93<-50ea5a34-8fbf-4f83-96a7-ee6cc92cfa0a#0:OK-t1
2022-09-28 15:55:01,761 [6b2dcef1-f6ed-465a-a116-d89b60e08d93@group-5A73E7049105-LeaderElection33] INFO  impl.LeaderElection (LeaderElection.java:askForVotes(312)) - 6b2dcef1-f6ed-465a-a116-d89b60e08d93@group-5A73E7049105-LeaderElection33 ELECTION round 0: result PASSED
2022-09-28 15:55:01,761 [6b2dcef1-f6ed-465a-a116-d89b60e08d93@group-5A73E7049105-LeaderElection33] INFO  impl.RoleInfo (RoleInfo.java:shutdownLeaderElection(130)) - 6b2dcef1-f6ed-465a-a116-d89b60e08d93: shutdown 6b2dcef1-f6ed-465a-a116-d89b60e08d93@group-5A73E7049105-LeaderElection33
2022-09-28 15:55:01,761 [6b2dcef1-f6ed-465a-a116-d89b60e08d93@group-5A73E7049105-LeaderElection33] INFO  server.RaftServer$Division (RaftServerImpl.java:setRole(299)) - 6b2dcef1-f6ed-465a-a116-d89b60e08d93@group-5A73E7049105: changes role from CANDIDATE to LEADER at term 1 for changeToLeader
2022-09-28 15:55:01,761 [6b2dcef1-f6ed-465a-a116-d89b60e08d93@group-5A73E7049105-LeaderElection33] INFO  ratis.XceiverServerRatis (XceiverServerRatis.java:handleLeaderChangedNotification(863)) - Leader change notification received for group: group-5A73E7049105 with new leaderId: 6b2dcef1-f6ed-465a-a116-d89b60e08d93
2022-09-28 15:55:01,761 [6b2dcef1-f6ed-465a-a116-d89b60e08d93@group-5A73E7049105-LeaderElection33] INFO  server.RaftServer$Division (ServerState.java:setLeader(287)) - 6b2dcef1-f6ed-465a-a116-d89b60e08d93@group-5A73E7049105: change Leader from null to 6b2dcef1-f6ed-465a-a116-d89b60e08d93 at term 1 for becomeLeader, leader elected after 5149ms
2022-09-28 15:55:01,761 [6b2dcef1-f6ed-465a-a116-d89b60e08d93@group-5A73E7049105-LeaderElection33] INFO  server.RaftServerConfigKeys (ConfUtils.java:logGet(46)) - raft.server.staging.catchup.gap = 1000 (default)
2022-09-28 15:55:01,771 [6b2dcef1-f6ed-465a-a116-d89b60e08d93@group-5A73E7049105-LeaderElection33] INFO  server.RaftServerConfigKeys (ConfUtils.java:logGet(46)) - raft.server.write.element-limit = 1024 (custom)
2022-09-28 15:55:01,771 [6b2dcef1-f6ed-465a-a116-d89b60e08d93@group-5A73E7049105-LeaderElection33] INFO  server.RaftServerConfigKeys (ConfUtils.java:logGet(46)) - raft.server.write.byte-limit = 1024 M (=1073741824) (custom)
2022-09-28 15:55:01,771 [6b2dcef1-f6ed-465a-a116-d89b60e08d93@group-5A73E7049105-LeaderElection33] INFO  server.RaftServerConfigKeys (ConfUtils.java:logGet(46)) - raft.server.watch.timeout = 180s (custom)
2022-09-28 15:55:01,772 [6b2dcef1-f6ed-465a-a116-d89b60e08d93@group-5A73E7049105-LeaderElection33] INFO  server.RaftServerConfigKeys (ConfUtils.java:logGet(46)) - raft.server.watch.timeout.denomination = 1s (default)
2022-09-28 15:55:01,772 [6b2dcef1-f6ed-465a-a116-d89b60e08d93@group-5A73E7049105-LeaderElection33] INFO  server.RaftServerConfigKeys (ConfUtils.java:logGet(46)) - raft.server.watch.element-limit = 65536 (default)
2022-09-28 15:55:01,772 [6b2dcef1-f6ed-465a-a116-d89b60e08d93@group-5A73E7049105-LeaderElection33] INFO  server.RaftServerConfigKeys (ConfUtils.java:logGet(46)) - raft.server.write.element-limit = 1024 (custom)
2022-09-28 15:55:01,772 [6b2dcef1-f6ed-465a-a116-d89b60e08d93@group-5A73E7049105-LeaderElection33] INFO  server.RaftServerConfigKeys (ConfUtils.java:logGet(46)) - raft.server.write.follower.gap.ratio.max = -1.0 (default)
2022-09-28 15:55:01,772 [6b2dcef1-f6ed-465a-a116-d89b60e08d93@group-5A73E7049105-LeaderElection33] INFO  server.RaftServerConfigKeys (ConfUtils.java:logGet(46)) - raft.server.log.appender.snapshot.chunk.size.max = 16MB (=16777216) (default)
2022-09-28 15:55:01,772 [6b2dcef1-f6ed-465a-a116-d89b60e08d93@group-5A73E7049105-LeaderElection33] INFO  server.RaftServerConfigKeys (ConfUtils.java:logGet(46)) - raft.server.log.appender.buffer.byte-limit = 33554432 (custom)
2022-09-28 15:55:01,772 [6b2dcef1-f6ed-465a-a116-d89b60e08d93@group-5A73E7049105-LeaderElection33] INFO  server.RaftServerConfigKeys (ConfUtils.java:logGet(46)) - raft.server.log.appender.buffer.element-limit = 1 (custom)
2022-09-28 15:55:01,772 [6b2dcef1-f6ed-465a-a116-d89b60e08d93@group-5A73E7049105-LeaderElection33] INFO  grpc.GrpcConfigKeys (ConfUtils.java:logGet(46)) - raft.grpc.server.leader.outstanding.appends.max = 128 (default)
2022-09-28 15:55:01,773 [6b2dcef1-f6ed-465a-a116-d89b60e08d93@group-5A73E7049105-LeaderElection33] INFO  server.RaftServerConfigKeys (ConfUtils.java:logGet(46)) - raft.server.rpc.request.timeout = 60s (custom)
2022-09-28 15:55:01,773 [6b2dcef1-f6ed-465a-a116-d89b60e08d93@group-5A73E7049105-LeaderElection33] INFO  server.RaftServerConfigKeys (ConfUtils.java:logGet(46)) - raft.server.log.appender.install.snapshot.enabled = false (custom)
2022-09-28 15:55:01,773 [6b2dcef1-f6ed-465a-a116-d89b60e08d93@group-5A73E7049105-LeaderElection33] INFO  server.RaftServerConfigKeys (ConfUtils.java:logGet(46)) - raft.server.log.appender.snapshot.chunk.size.max = 16MB (=16777216) (default)
2022-09-28 15:55:01,773 [6b2dcef1-f6ed-465a-a116-d89b60e08d93@group-5A73E7049105-LeaderElection33] INFO  server.RaftServerConfigKeys (ConfUtils.java:logGet(46)) - raft.server.log.appender.buffer.byte-limit = 33554432 (custom)
2022-09-28 15:55:01,773 [6b2dcef1-f6ed-465a-a116-d89b60e08d93@group-5A73E7049105-LeaderElection33] INFO  server.RaftServerConfigKeys (ConfUtils.java:logGet(46)) - raft.server.log.appender.buffer.element-limit = 1 (custom)
2022-09-28 15:55:01,773 [6b2dcef1-f6ed-465a-a116-d89b60e08d93@group-5A73E7049105-LeaderElection33] INFO  grpc.GrpcConfigKeys (ConfUtils.java:logGet(46)) - raft.grpc.server.leader.outstanding.appends.max = 128 (default)
2022-09-28 15:55:01,774 [6b2dcef1-f6ed-465a-a116-d89b60e08d93@group-5A73E7049105-LeaderElection33] INFO  server.RaftServerConfigKeys (ConfUtils.java:logGet(46)) - raft.server.rpc.request.timeout = 60s (custom)
2022-09-28 15:55:01,774 [6b2dcef1-f6ed-465a-a116-d89b60e08d93@group-5A73E7049105-LeaderElection33] INFO  server.RaftServerConfigKeys (ConfUtils.java:logGet(46)) - raft.server.log.appender.install.snapshot.enabled = false (custom)
2022-09-28 15:55:01,774 [6b2dcef1-f6ed-465a-a116-d89b60e08d93@group-5A73E7049105-LeaderElection33] INFO  impl.RoleInfo (RoleInfo.java:updateAndGet(139)) - 6b2dcef1-f6ed-465a-a116-d89b60e08d93: start 6b2dcef1-f6ed-465a-a116-d89b60e08d93@group-5A73E7049105-LeaderStateImpl
2022-09-28 15:55:01,774 [6b2dcef1-f6ed-465a-a116-d89b60e08d93@group-5A73E7049105-LeaderElection33] INFO  segmented.SegmentedRaftLogWorker (SegmentedRaftLogWorker.java:startLogSegment(425)) - 6b2dcef1-f6ed-465a-a116-d89b60e08d93@group-5A73E7049105-SegmentedRaftLogWorker: Starting segment from index:0
2022-09-28 15:55:01,786 [5cf4cd61-878f-4dff-a8f0-3c181111f76f@group-5A73E7049105-LeaderElection34] INFO  impl.LeaderElection (LeaderElection.java:askForVotes(310)) - 5cf4cd61-878f-4dff-a8f0-3c181111f76f@group-5A73E7049105-LeaderElection34 ELECTION round 0: submit vote requests at term 1 for -1: [50ea5a34-8fbf-4f83-96a7-ee6cc92cfa0a|rpc:10.1.1.55:41435|priority:0, 5cf4cd61-878f-4dff-a8f0-3c181111f76f|rpc:10.1.1.55:35311|priority:0, 6b2dcef1-f6ed-465a-a116-d89b60e08d93|rpc:10.1.1.55:34079|priority:1], old=null
2022-09-28 15:55:01,786 [grpc-default-executor-1] INFO  impl.VoteContext (VoteContext.java:log(48)) - 5cf4cd61-878f-4dff-a8f0-3c181111f76f@group-5A73E7049105-CANDIDATE: reject ELECTION from 6b2dcef1-f6ed-465a-a116-d89b60e08d93: already has voted for 5cf4cd61-878f-4dff-a8f0-3c181111f76f at current term 1
2022-09-28 15:55:01,793 [grpc-default-executor-1] INFO  server.RaftServer$Division (RaftServerImpl.java:requestVote(1184)) - 5cf4cd61-878f-4dff-a8f0-3c181111f76f@group-5A73E7049105 replies to ELECTION vote request: 6b2dcef1-f6ed-465a-a116-d89b60e08d93<-5cf4cd61-878f-4dff-a8f0-3c181111f76f#0:FAIL-t1. Peer's state: 5cf4cd61-878f-4dff-a8f0-3c181111f76f@group-5A73E7049105:t1, leader=null, voted=5cf4cd61-878f-4dff-a8f0-3c181111f76f, raftlog=5cf4cd61-878f-4dff-a8f0-3c181111f76f@group-5A73E7049105-SegmentedRaftLog:OPENED:c-1, conf=-1: [50ea5a34-8fbf-4f83-96a7-ee6cc92cfa0a|rpc:10.1.1.55:41435|priority:0, 5cf4cd61-878f-4dff-a8f0-3c181111f76f|rpc:10.1.1.55:35311|priority:0, 6b2dcef1-f6ed-465a-a116-d89b60e08d93|rpc:10.1.1.55:34079|priority:1], old=null
2022-09-28 15:55:01,795 [6b2dcef1-f6ed-465a-a116-d89b60e08d93@group-5A73E7049105-LeaderElection33] INFO  server.RaftServer$Division (ServerState.java:setRaftConf(393)) - 6b2dcef1-f6ed-465a-a116-d89b60e08d93@group-5A73E7049105: set configuration 0: [50ea5a34-8fbf-4f83-96a7-ee6cc92cfa0a|rpc:10.1.1.55:41435|dataStream:|priority:0, 5cf4cd61-878f-4dff-a8f0-3c181111f76f|rpc:10.1.1.55:35311|dataStream:|priority:0, 6b2dcef1-f6ed-465a-a116-d89b60e08d93|rpc:10.1.1.55:34079|dataStream:|priority:1], old=null
2022-09-28 15:55:01,813 [EventQueue-PipelineReportForPipelineReportHandler] INFO  pipeline.PipelineManagerImpl (PipelineManagerImpl.java:openPipeline(367)) - Pipeline Pipeline[ Id: 09ac3006-069a-4136-8cc0-5a73e7049105, Nodes: 6b2dcef1-f6ed-465a-a116-d89b60e08d93{ip: 10.1.1.55, host: fv-az203-824.ild0l4k5vsluppoevu2oqvhmda.cx.internal.cloudapp.net, ports: [REPLICATION=42815, RATIS=34079, RATIS_ADMIN=34079, RATIS_SERVER=34079, STANDALONE=33269], networkLocation: /default-rack, certSerialId: null, persistedOpState: IN_SERVICE, persistedOpStateExpiryEpochSec: 0}5cf4cd61-878f-4dff-a8f0-3c181111f76f{ip: 10.1.1.55, host: fv-az203-824.ild0l4k5vsluppoevu2oqvhmda.cx.internal.cloudapp.net, ports: [REPLICATION=38069, RATIS=35311, RATIS_ADMIN=35311, RATIS_SERVER=35311, STANDALONE=36205], networkLocation: /default-rack, certSerialId: null, persistedOpState: IN_SERVICE, persistedOpStateExpiryEpochSec: 0}50ea5a34-8fbf-4f83-96a7-ee6cc92cfa0a{ip: 10.1.1.55, host: fv-az203-824.ild0l4k5vsluppoevu2oqvhmda.cx.internal.cloudapp.net, ports: [REPLICATION=45483, RATIS=41435, RATIS_ADMIN=41435, RATIS_SERVER=41435, STANDALONE=42267], networkLocation: /default-rack, certSerialId: null, persistedOpState: IN_SERVICE, persistedOpStateExpiryEpochSec: 0}, ReplicationConfig: RATIS/THREE, State:ALLOCATED, leaderId:6b2dcef1-f6ed-465a-a116-d89b60e08d93, CreationTimestamp2022-09-28T15:54:54.253Z[Etc/UTC]] moved to OPEN state
2022-09-28 15:55:01,860 [grpc-default-executor-0] INFO  server.RaftServer$Division (RaftServerImpl.java:requestVote(1152)) - 6b2dcef1-f6ed-465a-a116-d89b60e08d93@group-5A73E7049105: receive requestVote(ELECTION, 5cf4cd61-878f-4dff-a8f0-3c181111f76f, group-5A73E7049105, 1, (t:0, i:0))
2022-09-28 15:55:01,863 [grpc-default-executor-0] INFO  impl.VoteContext (VoteContext.java:log(48)) - 6b2dcef1-f6ed-465a-a116-d89b60e08d93@group-5A73E7049105-LEADER: reject ELECTION from 5cf4cd61-878f-4dff-a8f0-3c181111f76f: already has voted for 6b2dcef1-f6ed-465a-a116-d89b60e08d93 at current term 1
2022-09-28 15:55:01,863 [grpc-default-executor-0] INFO  server.RaftServer$Division (RaftServerImpl.java:requestVote(1184)) - 6b2dcef1-f6ed-465a-a116-d89b60e08d93@group-5A73E7049105 replies to ELECTION vote request: 5cf4cd61-878f-4dff-a8f0-3c181111f76f<-6b2dcef1-f6ed-465a-a116-d89b60e08d93#0:FAIL-t1. Peer's state: 6b2dcef1-f6ed-465a-a116-d89b60e08d93@group-5A73E7049105:t1, leader=6b2dcef1-f6ed-465a-a116-d89b60e08d93, voted=6b2dcef1-f6ed-465a-a116-d89b60e08d93, raftlog=6b2dcef1-f6ed-465a-a116-d89b60e08d93@group-5A73E7049105-SegmentedRaftLog:OPENED:c-1, conf=0: [50ea5a34-8fbf-4f83-96a7-ee6cc92cfa0a|rpc:10.1.1.55:41435|dataStream:|priority:0, 5cf4cd61-878f-4dff-a8f0-3c181111f76f|rpc:10.1.1.55:35311|dataStream:|priority:0, 6b2dcef1-f6ed-465a-a116-d89b60e08d93|rpc:10.1.1.55:34079|dataStream:|priority:1], old=null
2022-09-28 15:55:01,813 [6b2dcef1-f6ed-465a-a116-d89b60e08d93@group-5A73E7049105-SegmentedRaftLogWorker] INFO  segmented.SegmentedRaftLogWorker (SegmentedRaftLogWorker.java:execute(629)) - 6b2dcef1-f6ed-465a-a116-d89b60e08d93@group-5A73E7049105-SegmentedRaftLogWorker: created new log segment /home/runner/work/ozone/ozone/hadoop-ozone/integration-test/target/test-dir/MiniOzoneClusterImpl-aff298ea-5285-4275-affb-2c33fd00777e/datanode-1/data/ratis/09ac3006-069a-4136-8cc0-5a73e7049105/current/log_inprogress_0
2022-09-28 15:55:01,864 [grpc-default-executor-1] INFO  server.RaftServer$Division (RaftServerImpl.java:requestVote(1152)) - 50ea5a34-8fbf-4f83-96a7-ee6cc92cfa0a@group-5A73E7049105: receive requestVote(ELECTION, 5cf4cd61-878f-4dff-a8f0-3c181111f76f, group-5A73E7049105, 1, (t:0, i:0))
2022-09-28 15:55:01,867 [grpc-default-executor-1] INFO  impl.VoteContext (VoteContext.java:log(48)) - 50ea5a34-8fbf-4f83-96a7-ee6cc92cfa0a@group-5A73E7049105-FOLLOWER: reject ELECTION from 5cf4cd61-878f-4dff-a8f0-3c181111f76f: already has voted for 6b2dcef1-f6ed-465a-a116-d89b60e08d93 at current term 1
2022-09-28 15:55:01,867 [grpc-default-executor-1] INFO  server.RaftServer$Division (RaftServerImpl.java:requestVote(1184)) - 50ea5a34-8fbf-4f83-96a7-ee6cc92cfa0a@group-5A73E7049105 replies to ELECTION vote request: 5cf4cd61-878f-4dff-a8f0-3c181111f76f<-50ea5a34-8fbf-4f83-96a7-ee6cc92cfa0a#0:FAIL-t1. Peer's state: 50ea5a34-8fbf-4f83-96a7-ee6cc92cfa0a@group-5A73E7049105:t1, leader=null, voted=6b2dcef1-f6ed-465a-a116-d89b60e08d93, raftlog=50ea5a34-8fbf-4f83-96a7-ee6cc92cfa0a@group-5A73E7049105-SegmentedRaftLog:OPENED:c-1, conf=-1: [50ea5a34-8fbf-4f83-96a7-ee6cc92cfa0a|rpc:10.1.1.55:41435|dataStream:|priority:0, 5cf4cd61-878f-4dff-a8f0-3c181111f76f|rpc:10.1.1.55:35311|dataStream:|priority:0, 6b2dcef1-f6ed-465a-a116-d89b60e08d93|rpc:10.1.1.55:34079|dataStream:|priority:1], old=null
2022-09-28 15:55:01,868 [6b2dcef1-f6ed-465a-a116-d89b60e08d93@group-31982628B7F0-FollowerState] INFO  impl.FollowerState (FollowerState.java:run(143)) - 6b2dcef1-f6ed-465a-a116-d89b60e08d93@group-31982628B7F0-FollowerState: change to CANDIDATE, lastRpcElapsedTime:5135579668ns, electionTimeout:5132ms
2022-09-28 15:55:01,868 [6b2dcef1-f6ed-465a-a116-d89b60e08d93@group-31982628B7F0-FollowerState] INFO  impl.RoleInfo (RoleInfo.java:shutdownFollowerState(110)) - 6b2dcef1-f6ed-465a-a116-d89b60e08d93: shutdown 6b2dcef1-f6ed-465a-a116-d89b60e08d93@group-31982628B7F0-FollowerState
2022-09-28 15:55:01,868 [6b2dcef1-f6ed-465a-a116-d89b60e08d93@group-31982628B7F0-FollowerState] INFO  server.RaftServer$Division (RaftServerImpl.java:setRole(299)) - 6b2dcef1-f6ed-465a-a116-d89b60e08d93@group-31982628B7F0: changes role from  FOLLOWER to CANDIDATE at term 0 for changeToCandidate
2022-09-28 15:55:01,868 [6b2dcef1-f6ed-465a-a116-d89b60e08d93@group-31982628B7F0-FollowerState] INFO  server.RaftServerConfigKeys (ConfUtils.java:logGet(46)) - raft.server.leaderelection.pre-vote = false (custom)
2022-09-28 15:55:01,868 [6b2dcef1-f6ed-465a-a116-d89b60e08d93@group-31982628B7F0-FollowerState] INFO  impl.RoleInfo (RoleInfo.java:updateAndGet(139)) - 6b2dcef1-f6ed-465a-a116-d89b60e08d93: start 6b2dcef1-f6ed-465a-a116-d89b60e08d93@group-31982628B7F0-LeaderElection35
2022-09-28 15:55:01,875 [5cf4cd61-878f-4dff-a8f0-3c181111f76f@group-5A73E7049105-LeaderElection34] INFO  impl.LeaderElection (LeaderElection.java:logAndReturn(90)) - 5cf4cd61-878f-4dff-a8f0-3c181111f76f@group-5A73E7049105-LeaderElection34: ELECTION REJECTED received 1 response(s) and 0 exception(s):
2022-09-28 15:55:01,899 [5cf4cd61-878f-4dff-a8f0-3c181111f76f@group-5A73E7049105-LeaderElection34] INFO  impl.LeaderElection (LeaderElection.java:logAndReturn(94)) -   Response 0: 5cf4cd61-878f-4dff-a8f0-3c181111f76f<-6b2dcef1-f6ed-465a-a116-d89b60e08d93#0:FAIL-t1
2022-09-28 15:55:01,899 [5cf4cd61-878f-4dff-a8f0-3c181111f76f@group-5A73E7049105-LeaderElection34] INFO  impl.LeaderElection (LeaderElection.java:askForVotes(312)) - 5cf4cd61-878f-4dff-a8f0-3c181111f76f@group-5A73E7049105-LeaderElection34 ELECTION round 0: result REJECTED
2022-09-28 15:55:01,899 [5cf4cd61-878f-4dff-a8f0-3c181111f76f@group-5A73E7049105-LeaderElection34] INFO  server.RaftServer$Division (RaftServerImpl.java:setRole(299)) - 5cf4cd61-878f-4dff-a8f0-3c181111f76f@group-5A73E7049105: changes role from CANDIDATE to FOLLOWER at term 1 for REJECTED
2022-09-28 15:55:01,899 [5cf4cd61-878f-4dff-a8f0-3c181111f76f@group-5A73E7049105-LeaderElection34] INFO  impl.RoleInfo (RoleInfo.java:shutdownLeaderElection(130)) - 5cf4cd61-878f-4dff-a8f0-3c181111f76f: shutdown 5cf4cd61-878f-4dff-a8f0-3c181111f76f@group-5A73E7049105-LeaderElection34
2022-09-28 15:55:01,899 [5cf4cd61-878f-4dff-a8f0-3c181111f76f@group-5A73E7049105-LeaderElection34] INFO  impl.RoleInfo (RoleInfo.java:updateAndGet(139)) - 5cf4cd61-878f-4dff-a8f0-3c181111f76f: start 5cf4cd61-878f-4dff-a8f0-3c181111f76f@group-5A73E7049105-FollowerState
2022-09-28 15:55:01,893 [50ea5a34-8fbf-4f83-96a7-ee6cc92cfa0a-server-thread1] INFO  ratis.XceiverServerRatis (XceiverServerRatis.java:handleLeaderChangedNotification(863)) - Leader change notification received for group: group-5A73E7049105 with new leaderId: 6b2dcef1-f6ed-465a-a116-d89b60e08d93
2022-09-28 15:55:01,900 [50ea5a34-8fbf-4f83-96a7-ee6cc92cfa0a-server-thread1] INFO  server.RaftServer$Division (ServerState.java:setLeader(287)) - 50ea5a34-8fbf-4f83-96a7-ee6cc92cfa0a@group-5A73E7049105: change Leader from null to 6b2dcef1-f6ed-465a-a116-d89b60e08d93 at term 1 for appendEntries, leader elected after 5175ms
2022-09-28 15:55:01,924 [6b2dcef1-f6ed-465a-a116-d89b60e08d93@group-31982628B7F0-LeaderElection35] INFO  impl.LeaderElection (LeaderElection.java:askForVotes(310)) - 6b2dcef1-f6ed-465a-a116-d89b60e08d93@group-31982628B7F0-LeaderElection35 ELECTION round 0: submit vote requests at term 1 for -1: [6b2dcef1-f6ed-465a-a116-d89b60e08d93|rpc:10.1.1.55:34079|priority:1], old=null
2022-09-28 15:55:01,924 [6b2dcef1-f6ed-465a-a116-d89b60e08d93@group-31982628B7F0-LeaderElection35] INFO  impl.LeaderElection (LeaderElection.java:askForVotes(312)) - 6b2dcef1-f6ed-465a-a116-d89b60e08d93@group-31982628B7F0-LeaderElection35 ELECTION round 0: result PASSED (term=1)
2022-09-28 15:55:01,924 [6b2dcef1-f6ed-465a-a116-d89b60e08d93@group-31982628B7F0-LeaderElection35] INFO  impl.RoleInfo (RoleInfo.java:shutdownLeaderElection(130)) - 6b2dcef1-f6ed-465a-a116-d89b60e08d93: shutdown 6b2dcef1-f6ed-465a-a116-d89b60e08d93@group-31982628B7F0-LeaderElection35
2022-09-28 15:55:01,925 [6b2dcef1-f6ed-465a-a116-d89b60e08d93@group-31982628B7F0-LeaderElection35] INFO  server.RaftServer$Division (RaftServerImpl.java:setRole(299)) - 6b2dcef1-f6ed-465a-a116-d89b60e08d93@group-31982628B7F0: changes role from CANDIDATE to LEADER at term 1 for changeToLeader
2022-09-28 15:55:01,925 [6b2dcef1-f6ed-465a-a116-d89b60e08d93@group-31982628B7F0-LeaderElection35] INFO  ratis.XceiverServerRatis (XceiverServerRatis.java:handleLeaderChangedNotification(863)) - Leader change notification received for group: group-31982628B7F0 with new leaderId: 6b2dcef1-f6ed-465a-a116-d89b60e08d93
2022-09-28 15:55:01,940 [50ea5a34-8fbf-4f83-96a7-ee6cc92cfa0a-server-thread1] INFO  server.RaftServer$Division (ServerState.java:setRaftConf(393)) - 50ea5a34-8fbf-4f83-96a7-ee6cc92cfa0a@group-5A73E7049105: set configuration 0: [50ea5a34-8fbf-4f83-96a7-ee6cc92cfa0a|rpc:10.1.1.55:41435|dataStream:|priority:0, 5cf4cd61-878f-4dff-a8f0-3c181111f76f|rpc:10.1.1.55:35311|dataStream:|priority:0, 6b2dcef1-f6ed-465a-a116-d89b60e08d93|rpc:10.1.1.55:34079|dataStream:|priority:1], old=null
2022-09-28 15:55:01,940 [50ea5a34-8fbf-4f83-96a7-ee6cc92cfa0a-server-thread1] INFO  segmented.SegmentedRaftLogWorker (SegmentedRaftLogWorker.java:startLogSegment(425)) - 50ea5a34-8fbf-4f83-96a7-ee6cc92cfa0a@group-5A73E7049105-SegmentedRaftLogWorker: Starting segment from index:0
2022-09-28 15:55:01,942 [50ea5a34-8fbf-4f83-96a7-ee6cc92cfa0a@group-5A73E7049105-SegmentedRaftLogWorker] INFO  segmented.SegmentedRaftLogWorker (SegmentedRaftLogWorker.java:execute(629)) - 50ea5a34-8fbf-4f83-96a7-ee6cc92cfa0a@group-5A73E7049105-SegmentedRaftLogWorker: created new log segment /home/runner/work/ozone/ozone/hadoop-ozone/integration-test/target/test-dir/MiniOzoneClusterImpl-aff298ea-5285-4275-affb-2c33fd00777e/datanode-2/data/ratis/09ac3006-069a-4136-8cc0-5a73e7049105/current/log_inprogress_0
2022-09-28 15:55:01,968 [5cf4cd61-878f-4dff-a8f0-3c181111f76f-server-thread1] INFO  ratis.XceiverServerRatis (XceiverServerRatis.java:handleLeaderChangedNotification(863)) - Leader change notification received for group: group-5A73E7049105 with new leaderId: 6b2dcef1-f6ed-465a-a116-d89b60e08d93
2022-09-28 15:55:01,969 [5cf4cd61-878f-4dff-a8f0-3c181111f76f-server-thread1] INFO  server.RaftServer$Division (ServerState.java:setLeader(287)) - 5cf4cd61-878f-4dff-a8f0-3c181111f76f@group-5A73E7049105: change Leader from null to 6b2dcef1-f6ed-465a-a116-d89b60e08d93 at term 1 for appendEntries, leader elected after 5415ms
2022-09-28 15:55:01,970 [6b2dcef1-f6ed-465a-a116-d89b60e08d93@group-31982628B7F0-LeaderElection35] INFO  server.RaftServer$Division (ServerState.java:setLeader(287)) - 6b2dcef1-f6ed-465a-a116-d89b60e08d93@group-31982628B7F0: change Leader from null to 6b2dcef1-f6ed-465a-a116-d89b60e08d93 at term 1 for becomeLeader, leader elected after 5245ms
2022-09-28 15:55:01,970 [6b2dcef1-f6ed-465a-a116-d89b60e08d93@group-31982628B7F0-LeaderElection35] INFO  server.RaftServerConfigKeys (ConfUtils.java:logGet(46)) - raft.server.staging.catchup.gap = 1000 (default)
2022-09-28 15:55:01,970 [6b2dcef1-f6ed-465a-a116-d89b60e08d93@group-31982628B7F0-LeaderElection35] INFO  server.RaftServerConfigKeys (ConfUtils.java:logGet(46)) - raft.server.write.element-limit = 1024 (custom)
2022-09-28 15:55:01,970 [6b2dcef1-f6ed-465a-a116-d89b60e08d93@group-31982628B7F0-LeaderElection35] INFO  server.RaftServerConfigKeys (ConfUtils.java:logGet(46)) - raft.server.write.byte-limit = 1024 M (=1073741824) (custom)
2022-09-28 15:55:01,970 [6b2dcef1-f6ed-465a-a116-d89b60e08d93@group-31982628B7F0-LeaderElection35] INFO  server.RaftServerConfigKeys (ConfUtils.java:logGet(46)) - raft.server.watch.timeout = 180s (custom)
2022-09-28 15:55:01,970 [6b2dcef1-f6ed-465a-a116-d89b60e08d93@group-31982628B7F0-LeaderElection35] INFO  server.RaftServerConfigKeys (ConfUtils.java:logGet(46)) - raft.server.watch.timeout.denomination = 1s (default)
2022-09-28 15:55:01,970 [6b2dcef1-f6ed-465a-a116-d89b60e08d93@group-31982628B7F0-LeaderElection35] INFO  server.RaftServerConfigKeys (ConfUtils.java:logGet(46)) - raft.server.watch.element-limit = 65536 (default)
2022-09-28 15:55:01,970 [6b2dcef1-f6ed-465a-a116-d89b60e08d93@group-31982628B7F0-LeaderElection35] INFO  server.RaftServerConfigKeys (ConfUtils.java:logGet(46)) - raft.server.write.element-limit = 1024 (custom)
2022-09-28 15:55:01,970 [6b2dcef1-f6ed-465a-a116-d89b60e08d93@group-31982628B7F0-LeaderElection35] INFO  server.RaftServerConfigKeys (ConfUtils.java:logGet(46)) - raft.server.write.follower.gap.ratio.max = -1.0 (default)
2022-09-28 15:55:01,971 [6b2dcef1-f6ed-465a-a116-d89b60e08d93@group-31982628B7F0-LeaderElection35] INFO  impl.RoleInfo (RoleInfo.java:updateAndGet(139)) - 6b2dcef1-f6ed-465a-a116-d89b60e08d93: start 6b2dcef1-f6ed-465a-a116-d89b60e08d93@group-31982628B7F0-LeaderStateImpl
2022-09-28 15:55:01,971 [6b2dcef1-f6ed-465a-a116-d89b60e08d93@group-31982628B7F0-LeaderElection35] INFO  segmented.SegmentedRaftLogWorker (SegmentedRaftLogWorker.java:startLogSegment(425)) - 6b2dcef1-f6ed-465a-a116-d89b60e08d93@group-31982628B7F0-SegmentedRaftLogWorker: Starting segment from index:0
2022-09-28 15:55:01,975 [6b2dcef1-f6ed-465a-a116-d89b60e08d93@group-31982628B7F0-SegmentedRaftLogWorker] INFO  segmented.SegmentedRaftLogWorker (SegmentedRaftLogWorker.java:execute(629)) - 6b2dcef1-f6ed-465a-a116-d89b60e08d93@group-31982628B7F0-SegmentedRaftLogWorker: created new log segment /home/runner/work/ozone/ozone/hadoop-ozone/integration-test/target/test-dir/MiniOzoneClusterImpl-aff298ea-5285-4275-affb-2c33fd00777e/datanode-1/data/ratis/5174431a-142f-4c2b-a2bc-31982628b7f0/current/log_inprogress_0
2022-09-28 15:55:01,999 [6b2dcef1-f6ed-465a-a116-d89b60e08d93@group-31982628B7F0-LeaderElection35] INFO  server.RaftServer$Division (ServerState.java:setRaftConf(393)) - 6b2dcef1-f6ed-465a-a116-d89b60e08d93@group-31982628B7F0: set configuration 0: [6b2dcef1-f6ed-465a-a116-d89b60e08d93|rpc:10.1.1.55:34079|dataStream:|priority:1], old=null
2022-09-28 15:55:02,020 [5cf4cd61-878f-4dff-a8f0-3c181111f76f-server-thread1] INFO  server.RaftServer$Division (ServerState.java:setRaftConf(393)) - 5cf4cd61-878f-4dff-a8f0-3c181111f76f@group-5A73E7049105: set configuration 0: [50ea5a34-8fbf-4f83-96a7-ee6cc92cfa0a|rpc:10.1.1.55:41435|dataStream:|priority:0, 5cf4cd61-878f-4dff-a8f0-3c181111f76f|rpc:10.1.1.55:35311|dataStream:|priority:0, 6b2dcef1-f6ed-465a-a116-d89b60e08d93|rpc:10.1.1.55:34079|dataStream:|priority:1], old=null
2022-09-28 15:55:02,020 [5cf4cd61-878f-4dff-a8f0-3c181111f76f-server-thread1] INFO  segmented.SegmentedRaftLogWorker (SegmentedRaftLogWorker.java:startLogSegment(425)) - 5cf4cd61-878f-4dff-a8f0-3c181111f76f@group-5A73E7049105-SegmentedRaftLogWorker: Starting segment from index:0
2022-09-28 15:55:02,028 [5cf4cd61-878f-4dff-a8f0-3c181111f76f@group-5A73E7049105-SegmentedRaftLogWorker] INFO  segmented.SegmentedRaftLogWorker (SegmentedRaftLogWorker.java:execute(629)) - 5cf4cd61-878f-4dff-a8f0-3c181111f76f@group-5A73E7049105-SegmentedRaftLogWorker: created new log segment /home/runner/work/ozone/ozone/hadoop-ozone/integration-test/target/test-dir/MiniOzoneClusterImpl-aff298ea-5285-4275-affb-2c33fd00777e/datanode-0/data/ratis/09ac3006-069a-4136-8cc0-5a73e7049105/current/log_inprogress_0
2022-09-28 15:55:02,254 [Listener at 127.0.0.1/37257] INFO  ozone.MiniOzoneClusterImpl (MiniOzoneClusterImpl.java:lambda$waitForClusterToBeReady$0(216)) - Nodes are ready. Got 5 of 5 DN Heartbeats.
2022-09-28 15:55:02,254 [Listener at 127.0.0.1/37257] INFO  ozone.MiniOzoneClusterImpl (MiniOzoneClusterImpl.java:lambda$waitForClusterToBeReady$0(219)) - Cluster exits safe mode
2022-09-28 15:55:02,254 [Listener at 127.0.0.1/37257] INFO  ozone.MiniOzoneClusterImpl (MiniOzoneClusterImpl.java:lambda$waitForClusterToBeReady$0(221)) - SCM became leader
2022-09-28 15:55:02,366 [Listener at 127.0.0.1/37257] INFO  rpc.RpcClient (RpcClient.java:createVolume(471)) - Creating Volume: volume14467, with user90146 as owner and space quota set to -1 bytes, counts quota set to -1
2022-09-28 15:55:02,423 [50ea5a34-8fbf-4f83-96a7-ee6cc92cfa0a@group-8DF09CC98007-FollowerState] INFO  impl.FollowerState (FollowerState.java:run(143)) - 50ea5a34-8fbf-4f83-96a7-ee6cc92cfa0a@group-8DF09CC98007-FollowerState: change to CANDIDATE, lastRpcElapsedTime:5148922699ns, electionTimeout:5134ms
2022-09-28 15:55:02,423 [50ea5a34-8fbf-4f83-96a7-ee6cc92cfa0a@group-8DF09CC98007-FollowerState] INFO  impl.RoleInfo (RoleInfo.java:shutdownFollowerState(110)) - 50ea5a34-8fbf-4f83-96a7-ee6cc92cfa0a: shutdown 50ea5a34-8fbf-4f83-96a7-ee6cc92cfa0a@group-8DF09CC98007-FollowerState
2022-09-28 15:55:02,423 [50ea5a34-8fbf-4f83-96a7-ee6cc92cfa0a@group-8DF09CC98007-FollowerState] INFO  server.RaftServer$Division (RaftServerImpl.java:setRole(299)) - 50ea5a34-8fbf-4f83-96a7-ee6cc92cfa0a@group-8DF09CC98007: changes role from  FOLLOWER to CANDIDATE at term 0 for changeToCandidate
2022-09-28 15:55:02,441 [50ea5a34-8fbf-4f83-96a7-ee6cc92cfa0a@group-8DF09CC98007-FollowerState] INFO  server.RaftServerConfigKeys (ConfUtils.java:logGet(46)) - raft.server.leaderelection.pre-vote = false (custom)
2022-09-28 15:55:02,441 [50ea5a34-8fbf-4f83-96a7-ee6cc92cfa0a@group-8DF09CC98007-FollowerState] INFO  impl.RoleInfo (RoleInfo.java:updateAndGet(139)) - 50ea5a34-8fbf-4f83-96a7-ee6cc92cfa0a: start 50ea5a34-8fbf-4f83-96a7-ee6cc92cfa0a@group-8DF09CC98007-LeaderElection36
2022-09-28 15:55:02,446 [OM StateMachine ApplyTransaction Thread - 0] INFO  volume.OMVolumeCreateRequest (OMVolumeCreateRequest.java:validateAndUpdateCache(195)) - created volume:volume14467 for user:user90146
2022-09-28 15:55:02,499 [Listener at 127.0.0.1/37257] INFO  rpc.RpcClient (RpcClient.java:createBucket(674)) - Creating Bucket: volume14467/bucket64159, with bucket layout LEGACY, runner as owner, Versioning false, Storage Type set to DISK and Encryption set to false 
2022-09-28 15:55:02,501 [OM StateMachine ApplyTransaction Thread - 0] INFO  bucket.OMBucketCreateRequest (OMBucketCreateRequest.java:validateAndUpdateCache(260)) - created bucket: bucket64159 of layout LEGACY in volume: volume14467
2022-09-28 15:55:02,510 [50ea5a34-8fbf-4f83-96a7-ee6cc92cfa0a@group-8DF09CC98007-LeaderElection36] INFO  impl.LeaderElection (LeaderElection.java:askForVotes(310)) - 50ea5a34-8fbf-4f83-96a7-ee6cc92cfa0a@group-8DF09CC98007-LeaderElection36 ELECTION round 0: submit vote requests at term 1 for -1: [50ea5a34-8fbf-4f83-96a7-ee6cc92cfa0a|rpc:10.1.1.55:41435|priority:1], old=null
2022-09-28 15:55:02,510 [50ea5a34-8fbf-4f83-96a7-ee6cc92cfa0a@group-8DF09CC98007-LeaderElection36] INFO  impl.LeaderElection (LeaderElection.java:askForVotes(312)) - 50ea5a34-8fbf-4f83-96a7-ee6cc92cfa0a@group-8DF09CC98007-LeaderElection36 ELECTION round 0: result PASSED (term=1)
2022-09-28 15:55:02,510 [50ea5a34-8fbf-4f83-96a7-ee6cc92cfa0a@group-8DF09CC98007-LeaderElection36] INFO  impl.RoleInfo (RoleInfo.java:shutdownLeaderElection(130)) - 50ea5a34-8fbf-4f83-96a7-ee6cc92cfa0a: shutdown 50ea5a34-8fbf-4f83-96a7-ee6cc92cfa0a@group-8DF09CC98007-LeaderElection36
2022-09-28 15:55:02,510 [50ea5a34-8fbf-4f83-96a7-ee6cc92cfa0a@group-8DF09CC98007-LeaderElection36] INFO  server.RaftServer$Division (RaftServerImpl.java:setRole(299)) - 50ea5a34-8fbf-4f83-96a7-ee6cc92cfa0a@group-8DF09CC98007: changes role from CANDIDATE to LEADER at term 1 for changeToLeader
2022-09-28 15:55:02,510 [50ea5a34-8fbf-4f83-96a7-ee6cc92cfa0a@group-8DF09CC98007-LeaderElection36] INFO  ratis.XceiverServerRatis (XceiverServerRatis.java:handleLeaderChangedNotification(863)) - Leader change notification received for group: group-8DF09CC98007 with new leaderId: 50ea5a34-8fbf-4f83-96a7-ee6cc92cfa0a
2022-09-28 15:55:02,510 [50ea5a34-8fbf-4f83-96a7-ee6cc92cfa0a@group-8DF09CC98007-LeaderElection36] INFO  server.RaftServer$Division (ServerState.java:setLeader(287)) - 50ea5a34-8fbf-4f83-96a7-ee6cc92cfa0a@group-8DF09CC98007: change Leader from null to 50ea5a34-8fbf-4f83-96a7-ee6cc92cfa0a at term 1 for becomeLeader, leader elected after 5262ms
2022-09-28 15:55:02,510 [50ea5a34-8fbf-4f83-96a7-ee6cc92cfa0a@group-8DF09CC98007-LeaderElection36] INFO  server.RaftServerConfigKeys (ConfUtils.java:logGet(46)) - raft.server.staging.catchup.gap = 1000 (default)
2022-09-28 15:55:02,510 [50ea5a34-8fbf-4f83-96a7-ee6cc92cfa0a@group-8DF09CC98007-LeaderElection36] INFO  server.RaftServerConfigKeys (ConfUtils.java:logGet(46)) - raft.server.write.element-limit = 1024 (custom)
2022-09-28 15:55:02,510 [50ea5a34-8fbf-4f83-96a7-ee6cc92cfa0a@group-8DF09CC98007-LeaderElection36] INFO  server.RaftServerConfigKeys (ConfUtils.java:logGet(46)) - raft.server.write.byte-limit = 1024 M (=1073741824) (custom)
2022-09-28 15:55:02,511 [50ea5a34-8fbf-4f83-96a7-ee6cc92cfa0a@group-8DF09CC98007-LeaderElection36] INFO  server.RaftServerConfigKeys (ConfUtils.java:logGet(46)) - raft.server.watch.timeout = 180s (custom)
2022-09-28 15:55:02,511 [50ea5a34-8fbf-4f83-96a7-ee6cc92cfa0a@group-8DF09CC98007-LeaderElection36] INFO  server.RaftServerConfigKeys (ConfUtils.java:logGet(46)) - raft.server.watch.timeout.denomination = 1s (default)
2022-09-28 15:55:02,511 [50ea5a34-8fbf-4f83-96a7-ee6cc92cfa0a@group-8DF09CC98007-LeaderElection36] INFO  server.RaftServerConfigKeys (ConfUtils.java:logGet(46)) - raft.server.watch.element-limit = 65536 (default)
2022-09-28 15:55:02,511 [50ea5a34-8fbf-4f83-96a7-ee6cc92cfa0a@group-8DF09CC98007-LeaderElection36] INFO  server.RaftServerConfigKeys (ConfUtils.java:logGet(46)) - raft.server.write.element-limit = 1024 (custom)
2022-09-28 15:55:02,511 [50ea5a34-8fbf-4f83-96a7-ee6cc92cfa0a@group-8DF09CC98007-LeaderElection36] INFO  server.RaftServerConfigKeys (ConfUtils.java:logGet(46)) - raft.server.write.follower.gap.ratio.max = -1.0 (default)
2022-09-28 15:55:02,511 [50ea5a34-8fbf-4f83-96a7-ee6cc92cfa0a@group-8DF09CC98007-LeaderElection36] INFO  impl.RoleInfo (RoleInfo.java:updateAndGet(139)) - 50ea5a34-8fbf-4f83-96a7-ee6cc92cfa0a: start 50ea5a34-8fbf-4f83-96a7-ee6cc92cfa0a@group-8DF09CC98007-LeaderStateImpl
2022-09-28 15:55:02,511 [50ea5a34-8fbf-4f83-96a7-ee6cc92cfa0a@group-8DF09CC98007-LeaderElection36] INFO  segmented.SegmentedRaftLogWorker (SegmentedRaftLogWorker.java:startLogSegment(425)) - 50ea5a34-8fbf-4f83-96a7-ee6cc92cfa0a@group-8DF09CC98007-SegmentedRaftLogWorker: Starting segment from index:0
2022-09-28 15:55:02,512 [50ea5a34-8fbf-4f83-96a7-ee6cc92cfa0a@group-8DF09CC98007-SegmentedRaftLogWorker] INFO  segmented.SegmentedRaftLogWorker (SegmentedRaftLogWorker.java:execute(629)) - 50ea5a34-8fbf-4f83-96a7-ee6cc92cfa0a@group-8DF09CC98007-SegmentedRaftLogWorker: created new log segment /home/runner/work/ozone/ozone/hadoop-ozone/integration-test/target/test-dir/MiniOzoneClusterImpl-aff298ea-5285-4275-affb-2c33fd00777e/datanode-2/data/ratis/49faa06d-f8cd-4f22-900e-8df09cc98007/current/log_inprogress_0
2022-09-28 15:55:02,523 [50ea5a34-8fbf-4f83-96a7-ee6cc92cfa0a@group-8DF09CC98007-LeaderElection36] INFO  server.RaftServer$Division (ServerState.java:setRaftConf(393)) - 50ea5a34-8fbf-4f83-96a7-ee6cc92cfa0a@group-8DF09CC98007: set configuration 0: [50ea5a34-8fbf-4f83-96a7-ee6cc92cfa0a|rpc:10.1.1.55:41435|dataStream:|priority:1], old=null
]]></system-out>
  </testcase>
  <testcase name="testGetTrashRoot" classname="TestOzoneFileSystem" time="54.318">
    <system-out><![CDATA[2022-09-28 15:56:00,739 [Listener at 127.0.0.1/37257] INFO  ozone.MiniOzoneClusterImpl (MiniOzoneClusterImpl.java:shutdown(448)) - Shutting down the Mini Ozone Cluster
2022-09-28 15:56:00,741 [Listener at 127.0.0.1/37257] INFO  ozone.MiniOzoneClusterImpl (MiniOzoneClusterImpl.java:stop(463)) - Stopping the Mini Ozone Cluster
2022-09-28 15:56:00,741 [Listener at 127.0.0.1/37257] INFO  ozone.MiniOzoneClusterImpl (MiniOzoneClusterImpl.java:stopOM(545)) - Stopping the OzoneManager
2022-09-28 15:56:00,741 [Listener at 127.0.0.1/37257] INFO  om.OzoneManager (OzoneManager.java:stop(2035)) - om1[localhost:0]: Stopping Ozone Manager
2022-09-28 15:56:00,741 [Listener at 127.0.0.1/37257] INFO  ipc.Server (Server.java:stop(3414)) - Stopping server on 37257
2022-09-28 15:56:00,752 [IPC Server handler 18 on default port 37257] WARN  ipc.Server (Server.java:processResponse(1717)) - IPC Server handler 18 on default port 37257, call Call#176492 Retry#0 org.apache.hadoop.ozone.om.protocol.OzoneManagerProtocol.submitRequest from 127.0.0.1:43280: output error
2022-09-28 15:56:00,752 [IPC Server handler 18 on default port 37257] INFO  ipc.Server (Server.java:run(2979)) - IPC Server handler 18 on default port 37257 caught an exception
java.nio.channels.ClosedByInterruptException
	at java.nio.channels.spi.AbstractInterruptibleChannel.end(AbstractInterruptibleChannel.java:202)
	at sun.nio.ch.SocketChannelImpl.write(SocketChannelImpl.java:477)
	at org.apache.hadoop.ipc.Server.channelWrite(Server.java:3605)
	at org.apache.hadoop.ipc.Server.access$1700(Server.java:141)
	at org.apache.hadoop.ipc.Server$Responder.processResponse(Server.java:1667)
	at org.apache.hadoop.ipc.Server$Responder.doRespond(Server.java:1737)
	at org.apache.hadoop.ipc.Server$Connection.sendResponse(Server.java:2837)
	at org.apache.hadoop.ipc.Server$Connection.access$300(Server.java:1809)
	at org.apache.hadoop.ipc.Server$RpcCall.doResponse(Server.java:1117)
	at org.apache.hadoop.ipc.Server$Call.doResponse(Server.java:909)
	at org.apache.hadoop.ipc.Server$Call.sendResponse(Server.java:895)
	at org.apache.hadoop.ipc.Server$RpcCall.run(Server.java:1052)
	at org.apache.hadoop.ipc.Server$RpcCall.run(Server.java:963)
	at java.security.AccessController.doPrivileged(Native Method)
	at javax.security.auth.Subject.doAs(Subject.java:422)
	at org.apache.hadoop.security.UserGroupInformation.doAs(UserGroupInformation.java:1878)
	at org.apache.hadoop.ipc.Server$Handler.run(Server.java:2966)
2022-09-28 15:56:00,765 [Listener at 127.0.0.1/37257] INFO  server.RaftServer (RaftServerProxy.java:lambda$close$7(398)) - om1: close
2022-09-28 15:56:00,765 [Listener at 127.0.0.1/37257] INFO  server.RaftServer$Division (RaftServerImpl.java:lambda$close$4(434)) - om1@group-C5BA1605619E: shutdown
2022-09-28 15:56:00,765 [Listener at 127.0.0.1/37257] INFO  util.JmxRegister (JmxRegister.java:unregister(73)) - Successfully un-registered JMX Bean with object name Ratis:service=RaftServer,group=group-C5BA1605619E,id=om1
2022-09-28 15:56:00,765 [Listener at 127.0.0.1/37257] INFO  impl.RoleInfo (RoleInfo.java:shutdownLeaderState(93)) - om1: shutdown om1@group-C5BA1605619E-LeaderStateImpl
2022-09-28 15:56:00,765 [Listener at 127.0.0.1/37257] INFO  impl.PendingRequests (PendingRequests.java:sendNotLeaderResponses(282)) - om1@group-C5BA1605619E-PendingRequests: sendNotLeaderResponses
2022-09-28 15:56:00,765 [IPC Server Responder] INFO  ipc.Server (Server.java:run(1512)) - Stopping IPC Server Responder
2022-09-28 15:56:00,766 [IPC Server listener on 0] INFO  ipc.Server (Server.java:run(1376)) - Stopping IPC Server listener on 0
2022-09-28 15:56:00,927 [Listener at 127.0.0.1/37257] INFO  impl.StateMachineUpdater (StateMachineUpdater.java:stopAndJoin(153)) - om1@group-C5BA1605619E-StateMachineUpdater: set stopIndex = 36978
2022-09-28 15:56:00,931 [om1@group-C5BA1605619E-StateMachineUpdater] INFO  ratis.OzoneManagerStateMachine (OzoneManagerStateMachine.java:takeSnapshot(441)) - Current Snapshot Index (t:1, i:36978)
2022-09-28 15:56:00,931 [om1@group-C5BA1605619E-StateMachineUpdater] INFO  impl.StateMachineUpdater (StateMachineUpdater.java:takeSnapshot(287)) - om1@group-C5BA1605619E-StateMachineUpdater: Took a snapshot at index 36978
2022-09-28 15:56:00,931 [om1@group-C5BA1605619E-StateMachineUpdater] INFO  impl.StateMachineUpdater (StateMachineUpdater.java:lambda$new$0(92)) - om1@group-C5BA1605619E-StateMachineUpdater: snapshotIndex: updateIncreasingly -1 -> 36978
2022-09-28 15:56:00,931 [om1@group-C5BA1605619E-StateMachineUpdater] INFO  ratis.OzoneManagerStateMachine (OzoneManagerStateMachine.java:close(495)) - StateMachine has shutdown. Shutdown OzoneManager if not already shutdown.
2022-09-28 15:56:00,931 [om1@group-C5BA1605619E-StateMachineUpdater] INFO  ratis.OzoneManagerDoubleBuffer (OzoneManagerDoubleBuffer.java:stop(466)) - Stopping OMDoubleBuffer flush thread
2022-09-28 15:56:00,931 [OMDoubleBufferFlushThread] INFO  ratis.OzoneManagerDoubleBuffer (OzoneManagerDoubleBuffer.java:flushTransactions(385)) - OMDoubleBuffer flush thread OMDoubleBufferFlushThread is interrupted and will exit.
2022-09-28 15:56:00,955 [Listener at 127.0.0.1/37257] INFO  server.RaftServer$Division (ServerState.java:close(429)) - om1@group-C5BA1605619E: closes. applyIndex: 36978
2022-09-28 15:56:00,957 [om1@group-C5BA1605619E-SegmentedRaftLogWorker] INFO  segmented.SegmentedRaftLogWorker (SegmentedRaftLogWorker.java:run(336)) - om1@group-C5BA1605619E-SegmentedRaftLogWorker was interrupted, exiting. There are 0 tasks remaining in the queue.
2022-09-28 15:56:00,959 [Listener at 127.0.0.1/37257] INFO  segmented.SegmentedRaftLogWorker (SegmentedRaftLogWorker.java:close(246)) - om1@group-C5BA1605619E-SegmentedRaftLogWorker close()
2022-09-28 15:56:00,961 [Listener at 127.0.0.1/37257] INFO  server.GrpcService (GrpcService.java:closeImpl(269)) - om1: shutdown server with port 9872 now
2022-09-28 15:56:00,961 [Listener at 127.0.0.1/37257] INFO  server.GrpcService (GrpcService.java:closeImpl(278)) - om1: shutdown server with port 9872 successfully
2022-09-28 15:56:00,971 [org.apache.ratis.util.JvmPauseMonitor$$Lambda$634/1800766250@12c27788] INFO  util.JvmPauseMonitor (JvmPauseMonitor.java:run(109)) - JvmPauseMonitor-om1: Stopped
2022-09-28 15:56:00,971 [Listener at 127.0.0.1/37257] INFO  ratis.OzoneManagerStateMachine (OzoneManagerStateMachine.java:close(495)) - StateMachine has shutdown. Shutdown OzoneManager if not already shutdown.
2022-09-28 15:56:00,971 [Listener at 127.0.0.1/37257] INFO  ratis.OzoneManagerDoubleBuffer (OzoneManagerDoubleBuffer.java:stop(478)) - OMDoubleBuffer flush thread is not running.
2022-09-28 15:56:00,971 [Listener at 127.0.0.1/37257] INFO  utils.BackgroundService (BackgroundService.java:shutdown(141)) - Shutting down service KeyDeletingService
2022-09-28 15:56:00,971 [Listener at 127.0.0.1/37257] INFO  utils.BackgroundService (BackgroundService.java:shutdown(141)) - Shutting down service DirectoryDeletingService
2022-09-28 15:56:00,972 [Listener at 127.0.0.1/37257] INFO  utils.BackgroundService (BackgroundService.java:shutdown(141)) - Shutting down service OpenKeyCleanupService
2022-09-28 15:56:00,975 [Listener at 127.0.0.1/37257] INFO  handler.ContextHandler (ContextHandler.java:doStop(1153)) - Stopped o.e.j.w.WebAppContext@6799502b{ozoneManager,/,null,STOPPED}{file:/home/runner/work/ozone/ozone/hadoop-ozone/integration-test/target/test-classes/webapps/ozoneManager}
2022-09-28 15:56:00,976 [Listener at 127.0.0.1/37257] INFO  server.AbstractConnector (AbstractConnector.java:doStop(381)) - Stopped ServerConnector@8328c7d{HTTP/1.1, (http/1.1)}{0.0.0.0:0}
2022-09-28 15:56:00,976 [Listener at 127.0.0.1/37257] INFO  server.session (HouseKeeper.java:stopScavenging(149)) - node0 Stopped scavenging
2022-09-28 15:56:00,976 [Listener at 127.0.0.1/37257] INFO  handler.ContextHandler (ContextHandler.java:doStop(1153)) - Stopped o.e.j.s.ServletContextHandler@5e10caa8{static,/static,file:///home/runner/work/ozone/ozone/hadoop-ozone/integration-test/target/test-classes/webapps/static,STOPPED}
2022-09-28 15:56:00,976 [Listener at 127.0.0.1/37257] INFO  handler.ContextHandler (ContextHandler.java:doStop(1153)) - Stopped o.e.j.s.ServletContextHandler@7bab8ad1{logs,/logs,file:///home/runner/work/ozone/ozone/hadoop-ozone/integration-test/target/log,STOPPED}
2022-09-28 15:56:01,001 [Listener at 127.0.0.1/37257] INFO  ozone.MiniOzoneClusterImpl (MiniOzoneClusterImpl.java:stopDatanodes(522)) - Stopping the HddsDatanodes
2022-09-28 15:56:01,027 [Trash Emptier] ERROR om.TrashPolicyOzone (TrashPolicyOzone.java:run(251)) - Error attempting to shutdown
java.lang.InterruptedException
	at java.util.concurrent.locks.AbstractQueuedSynchronizer$ConditionObject.awaitNanos(AbstractQueuedSynchronizer.java:2072)
	at java.util.concurrent.ThreadPoolExecutor.awaitTermination(ThreadPoolExecutor.java:1475)
	at org.apache.hadoop.ozone.om.TrashPolicyOzone$Emptier.run(TrashPolicyOzone.java:249)
	at java.lang.Thread.run(Thread.java:750)
2022-09-28 15:56:01,027 [Trash Emptier] ERROR util.ExitUtils (ExitUtils.java:terminate(133)) - Terminating with exit status -1: Thread[Trash Emptier,5,main] has thrown an uncaught exception
java.lang.UnsupportedOperationException: fs.getUri() not implemented in TrashOzoneFileSystem
	at org.apache.hadoop.ozone.om.TrashOzoneFileSystem.getUri(TrashOzoneFileSystem.java:126)
	at org.apache.hadoop.fs.FileSystem.close(FileSystem.java:2592)
	at org.apache.hadoop.ozone.om.TrashPolicyOzone$Emptier.run(TrashPolicyOzone.java:243)
	at java.lang.Thread.run(Thread.java:750)
2022-09-28 15:56:06,008 [Listener at 127.0.0.1/37257] INFO  ozoneimpl.OzoneContainer (OzoneContainer.java:stop(400)) - Attempting to stop container services.
2022-09-28 15:56:06,011 [Listener at 127.0.0.1/37257] INFO  server.RaftServer (RaftServerProxy.java:lambda$close$7(398)) - 50ea5a34-8fbf-4f83-96a7-ee6cc92cfa0a: close
2022-09-28 15:56:06,011 [Listener at 127.0.0.1/37257] INFO  server.RaftServer$Division (RaftServerImpl.java:lambda$close$4(434)) - 50ea5a34-8fbf-4f83-96a7-ee6cc92cfa0a@group-A4729591FC0B: shutdown
2022-09-28 15:56:06,012 [Listener at 127.0.0.1/37257] INFO  util.JmxRegister (JmxRegister.java:unregister(73)) - Successfully un-registered JMX Bean with object name Ratis:service=RaftServer,group=group-A4729591FC0B,id=50ea5a34-8fbf-4f83-96a7-ee6cc92cfa0a
2022-09-28 15:56:06,012 [Listener at 127.0.0.1/37257] INFO  impl.RoleInfo (RoleInfo.java:shutdownFollowerState(110)) - 50ea5a34-8fbf-4f83-96a7-ee6cc92cfa0a: shutdown 50ea5a34-8fbf-4f83-96a7-ee6cc92cfa0a@group-A4729591FC0B-FollowerState
2022-09-28 15:56:06,012 [Listener at 127.0.0.1/37257] INFO  impl.StateMachineUpdater (StateMachineUpdater.java:stopAndJoin(153)) - 50ea5a34-8fbf-4f83-96a7-ee6cc92cfa0a@group-A4729591FC0B-StateMachineUpdater: set stopIndex = 21
2022-09-28 15:56:06,012 [50ea5a34-8fbf-4f83-96a7-ee6cc92cfa0a@group-A4729591FC0B-FollowerState] INFO  impl.FollowerState (FollowerState.java:run(152)) - 50ea5a34-8fbf-4f83-96a7-ee6cc92cfa0a@group-A4729591FC0B-FollowerState was interrupted
2022-09-28 15:56:06,034 [ForkJoinPool.commonPool-worker-1] INFO  ozoneimpl.OzoneContainer (OzoneContainer.java:stop(400)) - Attempting to stop container services.
2022-09-28 15:56:06,034 [50ea5a34-8fbf-4f83-96a7-ee6cc92cfa0a@group-A4729591FC0B-StateMachineUpdater] INFO  ratis.ContainerStateMachine (ContainerStateMachine.java:takeSnapshot(304)) - group-A4729591FC0B: Taking a snapshot at:(t:1, i:21) file /home/runner/work/ozone/ozone/hadoop-ozone/integration-test/target/test-dir/MiniOzoneClusterImpl-aff298ea-5285-4275-affb-2c33fd00777e/datanode-2/data/ratis/480c99fb-8e47-45c7-a28d-a4729591fc0b/sm/snapshot.1_21
2022-09-28 15:56:06,034 [ForkJoinPool.commonPool-worker-1] INFO  server.RaftServer (RaftServerProxy.java:lambda$close$7(398)) - 6b2dcef1-f6ed-465a-a116-d89b60e08d93: close
2022-09-28 15:56:06,035 [ForkJoinPool.commonPool-worker-1] INFO  server.RaftServer$Division (RaftServerImpl.java:lambda$close$4(434)) - 6b2dcef1-f6ed-465a-a116-d89b60e08d93@group-A4729591FC0B: shutdown
2022-09-28 15:56:06,035 [ForkJoinPool.commonPool-worker-1] INFO  util.JmxRegister (JmxRegister.java:unregister(73)) - Successfully un-registered JMX Bean with object name Ratis:service=RaftServer,group=group-A4729591FC0B,id=6b2dcef1-f6ed-465a-a116-d89b60e08d93
2022-09-28 15:56:06,035 [ForkJoinPool.commonPool-worker-1] INFO  impl.RoleInfo (RoleInfo.java:shutdownFollowerState(110)) - 6b2dcef1-f6ed-465a-a116-d89b60e08d93: shutdown 6b2dcef1-f6ed-465a-a116-d89b60e08d93@group-A4729591FC0B-FollowerState
2022-09-28 15:56:06,035 [ForkJoinPool.commonPool-worker-1] INFO  impl.StateMachineUpdater (StateMachineUpdater.java:stopAndJoin(153)) - 6b2dcef1-f6ed-465a-a116-d89b60e08d93@group-A4729591FC0B-StateMachineUpdater: set stopIndex = 21
2022-09-28 15:56:06,047 [6b2dcef1-f6ed-465a-a116-d89b60e08d93@group-A4729591FC0B-FollowerState] INFO  impl.FollowerState (FollowerState.java:run(152)) - 6b2dcef1-f6ed-465a-a116-d89b60e08d93@group-A4729591FC0B-FollowerState was interrupted
2022-09-28 15:56:06,068 [6b2dcef1-f6ed-465a-a116-d89b60e08d93@group-A4729591FC0B-StateMachineUpdater] INFO  ratis.ContainerStateMachine (ContainerStateMachine.java:takeSnapshot(304)) - group-A4729591FC0B: Taking a snapshot at:(t:1, i:21) file /home/runner/work/ozone/ozone/hadoop-ozone/integration-test/target/test-dir/MiniOzoneClusterImpl-aff298ea-5285-4275-affb-2c33fd00777e/datanode-1/data/ratis/480c99fb-8e47-45c7-a28d-a4729591fc0b/sm/snapshot.1_21
2022-09-28 15:56:06,068 [50ea5a34-8fbf-4f83-96a7-ee6cc92cfa0a@group-A4729591FC0B-StateMachineUpdater] INFO  ratis.ContainerStateMachine (ContainerStateMachine.java:takeSnapshot(315)) - group-A4729591FC0B: Finished taking a snapshot at:(t:1, i:21) file:/home/runner/work/ozone/ozone/hadoop-ozone/integration-test/target/test-dir/MiniOzoneClusterImpl-aff298ea-5285-4275-affb-2c33fd00777e/datanode-2/data/ratis/480c99fb-8e47-45c7-a28d-a4729591fc0b/sm/snapshot.1_21 took: 24 ms
2022-09-28 15:56:06,069 [50ea5a34-8fbf-4f83-96a7-ee6cc92cfa0a@group-A4729591FC0B-StateMachineUpdater] INFO  impl.StateMachineUpdater (StateMachineUpdater.java:takeSnapshot(287)) - 50ea5a34-8fbf-4f83-96a7-ee6cc92cfa0a@group-A4729591FC0B-StateMachineUpdater: Took a snapshot at index 21
2022-09-28 15:56:06,069 [50ea5a34-8fbf-4f83-96a7-ee6cc92cfa0a@group-A4729591FC0B-StateMachineUpdater] INFO  impl.StateMachineUpdater (StateMachineUpdater.java:lambda$new$0(92)) - 50ea5a34-8fbf-4f83-96a7-ee6cc92cfa0a@group-A4729591FC0B-StateMachineUpdater: snapshotIndex: updateIncreasingly -1 -> 21
2022-09-28 15:56:06,069 [Listener at 127.0.0.1/37257] INFO  server.RaftServer$Division (ServerState.java:close(429)) - 50ea5a34-8fbf-4f83-96a7-ee6cc92cfa0a@group-A4729591FC0B: closes. applyIndex: 21
2022-09-28 15:56:06,070 [50ea5a34-8fbf-4f83-96a7-ee6cc92cfa0a@group-A4729591FC0B-SegmentedRaftLogWorker] INFO  segmented.SegmentedRaftLogWorker (SegmentedRaftLogWorker.java:run(336)) - 50ea5a34-8fbf-4f83-96a7-ee6cc92cfa0a@group-A4729591FC0B-SegmentedRaftLogWorker was interrupted, exiting. There are 0 tasks remaining in the queue.
2022-09-28 15:56:06,070 [6b2dcef1-f6ed-465a-a116-d89b60e08d93@group-A4729591FC0B-StateMachineUpdater] INFO  ratis.ContainerStateMachine (ContainerStateMachine.java:takeSnapshot(315)) - group-A4729591FC0B: Finished taking a snapshot at:(t:1, i:21) file:/home/runner/work/ozone/ozone/hadoop-ozone/integration-test/target/test-dir/MiniOzoneClusterImpl-aff298ea-5285-4275-affb-2c33fd00777e/datanode-1/data/ratis/480c99fb-8e47-45c7-a28d-a4729591fc0b/sm/snapshot.1_21 took: 14 ms
2022-09-28 15:56:06,071 [Listener at 127.0.0.1/37257] INFO  segmented.SegmentedRaftLogWorker (SegmentedRaftLogWorker.java:close(246)) - 50ea5a34-8fbf-4f83-96a7-ee6cc92cfa0a@group-A4729591FC0B-SegmentedRaftLogWorker close()
2022-09-28 15:56:06,076 [Listener at 127.0.0.1/37257] INFO  server.RaftServer$Division (RaftServerImpl.java:lambda$close$4(434)) - 50ea5a34-8fbf-4f83-96a7-ee6cc92cfa0a@group-5A73E7049105: shutdown
2022-09-28 15:56:06,076 [Listener at 127.0.0.1/37257] INFO  util.JmxRegister (JmxRegister.java:unregister(73)) - Successfully un-registered JMX Bean with object name Ratis:service=RaftServer,group=group-5A73E7049105,id=50ea5a34-8fbf-4f83-96a7-ee6cc92cfa0a
2022-09-28 15:56:06,076 [Listener at 127.0.0.1/37257] INFO  impl.RoleInfo (RoleInfo.java:shutdownFollowerState(110)) - 50ea5a34-8fbf-4f83-96a7-ee6cc92cfa0a: shutdown 50ea5a34-8fbf-4f83-96a7-ee6cc92cfa0a@group-5A73E7049105-FollowerState
2022-09-28 15:56:06,076 [Listener at 127.0.0.1/37257] INFO  impl.StateMachineUpdater (StateMachineUpdater.java:stopAndJoin(153)) - 50ea5a34-8fbf-4f83-96a7-ee6cc92cfa0a@group-5A73E7049105-StateMachineUpdater: set stopIndex = 7
2022-09-28 15:56:06,077 [50ea5a34-8fbf-4f83-96a7-ee6cc92cfa0a@group-5A73E7049105-FollowerState] INFO  impl.FollowerState (FollowerState.java:run(152)) - 50ea5a34-8fbf-4f83-96a7-ee6cc92cfa0a@group-5A73E7049105-FollowerState was interrupted
2022-09-28 15:56:06,077 [50ea5a34-8fbf-4f83-96a7-ee6cc92cfa0a@group-5A73E7049105-StateMachineUpdater] INFO  ratis.ContainerStateMachine (ContainerStateMachine.java:takeSnapshot(304)) - group-5A73E7049105: Taking a snapshot at:(t:1, i:7) file /home/runner/work/ozone/ozone/hadoop-ozone/integration-test/target/test-dir/MiniOzoneClusterImpl-aff298ea-5285-4275-affb-2c33fd00777e/datanode-2/data/ratis/09ac3006-069a-4136-8cc0-5a73e7049105/sm/snapshot.1_7
2022-09-28 15:56:06,086 [6b2dcef1-f6ed-465a-a116-d89b60e08d93@group-A4729591FC0B-StateMachineUpdater] INFO  impl.StateMachineUpdater (StateMachineUpdater.java:takeSnapshot(287)) - 6b2dcef1-f6ed-465a-a116-d89b60e08d93@group-A4729591FC0B-StateMachineUpdater: Took a snapshot at index 21
2022-09-28 15:56:06,086 [6b2dcef1-f6ed-465a-a116-d89b60e08d93@group-A4729591FC0B-StateMachineUpdater] INFO  impl.StateMachineUpdater (StateMachineUpdater.java:lambda$new$0(92)) - 6b2dcef1-f6ed-465a-a116-d89b60e08d93@group-A4729591FC0B-StateMachineUpdater: snapshotIndex: updateIncreasingly -1 -> 21
2022-09-28 15:56:06,087 [ForkJoinPool.commonPool-worker-1] INFO  server.RaftServer$Division (ServerState.java:close(429)) - 6b2dcef1-f6ed-465a-a116-d89b60e08d93@group-A4729591FC0B: closes. applyIndex: 21
2022-09-28 15:56:06,087 [6b2dcef1-f6ed-465a-a116-d89b60e08d93@group-A4729591FC0B-SegmentedRaftLogWorker] INFO  segmented.SegmentedRaftLogWorker (SegmentedRaftLogWorker.java:run(336)) - 6b2dcef1-f6ed-465a-a116-d89b60e08d93@group-A4729591FC0B-SegmentedRaftLogWorker was interrupted, exiting. There are 0 tasks remaining in the queue.
2022-09-28 15:56:06,088 [50ea5a34-8fbf-4f83-96a7-ee6cc92cfa0a@group-5A73E7049105-StateMachineUpdater] INFO  ratis.ContainerStateMachine (ContainerStateMachine.java:takeSnapshot(315)) - group-5A73E7049105: Finished taking a snapshot at:(t:1, i:7) file:/home/runner/work/ozone/ozone/hadoop-ozone/integration-test/target/test-dir/MiniOzoneClusterImpl-aff298ea-5285-4275-affb-2c33fd00777e/datanode-2/data/ratis/09ac3006-069a-4136-8cc0-5a73e7049105/sm/snapshot.1_7 took: 11 ms
2022-09-28 15:56:06,088 [50ea5a34-8fbf-4f83-96a7-ee6cc92cfa0a@group-5A73E7049105-StateMachineUpdater] INFO  impl.StateMachineUpdater (StateMachineUpdater.java:takeSnapshot(287)) - 50ea5a34-8fbf-4f83-96a7-ee6cc92cfa0a@group-5A73E7049105-StateMachineUpdater: Took a snapshot at index 7
2022-09-28 15:56:06,088 [50ea5a34-8fbf-4f83-96a7-ee6cc92cfa0a@group-5A73E7049105-StateMachineUpdater] INFO  impl.StateMachineUpdater (StateMachineUpdater.java:lambda$new$0(92)) - 50ea5a34-8fbf-4f83-96a7-ee6cc92cfa0a@group-5A73E7049105-StateMachineUpdater: snapshotIndex: updateIncreasingly -1 -> 7
2022-09-28 15:56:06,091 [ForkJoinPool.commonPool-worker-1] INFO  segmented.SegmentedRaftLogWorker (SegmentedRaftLogWorker.java:close(246)) - 6b2dcef1-f6ed-465a-a116-d89b60e08d93@group-A4729591FC0B-SegmentedRaftLogWorker close()
2022-09-28 15:56:06,097 [ForkJoinPool.commonPool-worker-1] INFO  server.RaftServer$Division (RaftServerImpl.java:lambda$close$4(434)) - 6b2dcef1-f6ed-465a-a116-d89b60e08d93@group-5A73E7049105: shutdown
2022-09-28 15:56:06,097 [ForkJoinPool.commonPool-worker-1] INFO  util.JmxRegister (JmxRegister.java:unregister(73)) - Successfully un-registered JMX Bean with object name Ratis:service=RaftServer,group=group-5A73E7049105,id=6b2dcef1-f6ed-465a-a116-d89b60e08d93
2022-09-28 15:56:06,098 [ForkJoinPool.commonPool-worker-1] INFO  impl.RoleInfo (RoleInfo.java:shutdownLeaderState(93)) - 6b2dcef1-f6ed-465a-a116-d89b60e08d93: shutdown 6b2dcef1-f6ed-465a-a116-d89b60e08d93@group-5A73E7049105-LeaderStateImpl
2022-09-28 15:56:06,098 [6b2dcef1-f6ed-465a-a116-d89b60e08d93@group-5A73E7049105->50ea5a34-8fbf-4f83-96a7-ee6cc92cfa0a-GrpcLogAppender-LogAppenderDaemon] WARN  server.GrpcLogAppender (GrpcLogAppender.java:mayWait(171)) - 6b2dcef1-f6ed-465a-a116-d89b60e08d93@group-5A73E7049105->50ea5a34-8fbf-4f83-96a7-ee6cc92cfa0a-GrpcLogAppender: Wait interrupted by java.lang.InterruptedException
2022-09-28 15:56:06,098 [6b2dcef1-f6ed-465a-a116-d89b60e08d93@group-5A73E7049105->5cf4cd61-878f-4dff-a8f0-3c181111f76f-GrpcLogAppender-LogAppenderDaemon] WARN  server.GrpcLogAppender (GrpcLogAppender.java:mayWait(171)) - 6b2dcef1-f6ed-465a-a116-d89b60e08d93@group-5A73E7049105->5cf4cd61-878f-4dff-a8f0-3c181111f76f-GrpcLogAppender: Wait interrupted by java.lang.InterruptedException
2022-09-28 15:56:06,098 [ForkJoinPool.commonPool-worker-1] INFO  impl.PendingRequests (PendingRequests.java:sendNotLeaderResponses(282)) - 6b2dcef1-f6ed-465a-a116-d89b60e08d93@group-5A73E7049105-PendingRequests: sendNotLeaderResponses
2022-09-28 15:56:06,098 [grpc-default-executor-2] INFO  server.GrpcServerProtocolService (GrpcServerProtocolService.java:onCompleted(140)) - 5cf4cd61-878f-4dff-a8f0-3c181111f76f: Completed APPEND_ENTRIES, lastRequest: 6b2dcef1-f6ed-465a-a116-d89b60e08d93->5cf4cd61-878f-4dff-a8f0-3c181111f76f#263-t1,previous=(t:1, i:6),leaderCommit=5,initializing? true,entries: size=1, first=(t:1, i:7), METADATAENTRY(c:5)
2022-09-28 15:56:06,099 [grpc-default-executor-1] INFO  server.GrpcLogAppender (GrpcLogAppender.java:onCompleted(339)) - 6b2dcef1-f6ed-465a-a116-d89b60e08d93@group-5A73E7049105->5cf4cd61-878f-4dff-a8f0-3c181111f76f-AppendLogResponseHandler: follower responses appendEntries COMPLETED
2022-09-28 15:56:06,099 [grpc-default-executor-1] INFO  leader.FollowerInfo (FollowerInfoImpl.java:lambda$new$0(48)) - 6b2dcef1-f6ed-465a-a116-d89b60e08d93@group-5A73E7049105->5cf4cd61-878f-4dff-a8f0-3c181111f76f: nextIndex: updateUnconditionally 8 -> 7
2022-09-28 15:56:06,098 [grpc-default-executor-0] INFO  server.GrpcServerProtocolService (GrpcServerProtocolService.java:onCompleted(140)) - 50ea5a34-8fbf-4f83-96a7-ee6cc92cfa0a: Completed APPEND_ENTRIES, lastRequest: 6b2dcef1-f6ed-465a-a116-d89b60e08d93->50ea5a34-8fbf-4f83-96a7-ee6cc92cfa0a#276-t1,previous=(t:1, i:6),leaderCommit=5,initializing? true,entries: size=1, first=(t:1, i:7), METADATAENTRY(c:5)
2022-09-28 15:56:06,100 [Listener at 127.0.0.1/37257] INFO  server.RaftServer$Division (ServerState.java:close(429)) - 50ea5a34-8fbf-4f83-96a7-ee6cc92cfa0a@group-5A73E7049105: closes. applyIndex: 7
2022-09-28 15:56:06,109 [50ea5a34-8fbf-4f83-96a7-ee6cc92cfa0a@group-5A73E7049105-SegmentedRaftLogWorker] INFO  segmented.SegmentedRaftLogWorker (SegmentedRaftLogWorker.java:run(336)) - 50ea5a34-8fbf-4f83-96a7-ee6cc92cfa0a@group-5A73E7049105-SegmentedRaftLogWorker was interrupted, exiting. There are 0 tasks remaining in the queue.
2022-09-28 15:56:06,109 [grpc-default-executor-1] INFO  server.GrpcLogAppender (GrpcLogAppender.java:onCompleted(339)) - 6b2dcef1-f6ed-465a-a116-d89b60e08d93@group-5A73E7049105->50ea5a34-8fbf-4f83-96a7-ee6cc92cfa0a-AppendLogResponseHandler: follower responses appendEntries COMPLETED
2022-09-28 15:56:06,109 [grpc-default-executor-1] INFO  leader.FollowerInfo (FollowerInfoImpl.java:lambda$new$0(48)) - 6b2dcef1-f6ed-465a-a116-d89b60e08d93@group-5A73E7049105->50ea5a34-8fbf-4f83-96a7-ee6cc92cfa0a: nextIndex: updateUnconditionally 8 -> 7
2022-09-28 15:56:06,143 [Listener at 127.0.0.1/37257] INFO  segmented.SegmentedRaftLogWorker (SegmentedRaftLogWorker.java:close(246)) - 50ea5a34-8fbf-4f83-96a7-ee6cc92cfa0a@group-5A73E7049105-SegmentedRaftLogWorker close()
2022-09-28 15:56:06,148 [Listener at 127.0.0.1/37257] INFO  server.RaftServer$Division (RaftServerImpl.java:lambda$close$4(434)) - 50ea5a34-8fbf-4f83-96a7-ee6cc92cfa0a@group-8DF09CC98007: shutdown
2022-09-28 15:56:06,148 [Listener at 127.0.0.1/37257] INFO  util.JmxRegister (JmxRegister.java:unregister(73)) - Successfully un-registered JMX Bean with object name Ratis:service=RaftServer,group=group-8DF09CC98007,id=50ea5a34-8fbf-4f83-96a7-ee6cc92cfa0a
2022-09-28 15:56:06,148 [Listener at 127.0.0.1/37257] INFO  impl.RoleInfo (RoleInfo.java:shutdownLeaderState(93)) - 50ea5a34-8fbf-4f83-96a7-ee6cc92cfa0a: shutdown 50ea5a34-8fbf-4f83-96a7-ee6cc92cfa0a@group-8DF09CC98007-LeaderStateImpl
2022-09-28 15:56:06,148 [Listener at 127.0.0.1/37257] INFO  impl.PendingRequests (PendingRequests.java:sendNotLeaderResponses(282)) - 50ea5a34-8fbf-4f83-96a7-ee6cc92cfa0a@group-8DF09CC98007-PendingRequests: sendNotLeaderResponses
2022-09-28 15:56:06,149 [50ea5a34-8fbf-4f83-96a7-ee6cc92cfa0a@group-8DF09CC98007-StateMachineUpdater] INFO  ratis.ContainerStateMachine (ContainerStateMachine.java:takeSnapshot(304)) - group-8DF09CC98007: Taking a snapshot at:(t:1, i:0) file /home/runner/work/ozone/ozone/hadoop-ozone/integration-test/target/test-dir/MiniOzoneClusterImpl-aff298ea-5285-4275-affb-2c33fd00777e/datanode-2/data/ratis/49faa06d-f8cd-4f22-900e-8df09cc98007/sm/snapshot.1_0
2022-09-28 15:56:06,150 [Listener at 127.0.0.1/37257] INFO  impl.StateMachineUpdater (StateMachineUpdater.java:stopAndJoin(153)) - 50ea5a34-8fbf-4f83-96a7-ee6cc92cfa0a@group-8DF09CC98007-StateMachineUpdater: set stopIndex = 0
2022-09-28 15:56:06,150 [50ea5a34-8fbf-4f83-96a7-ee6cc92cfa0a@group-8DF09CC98007-StateMachineUpdater] INFO  ratis.ContainerStateMachine (ContainerStateMachine.java:takeSnapshot(315)) - group-8DF09CC98007: Finished taking a snapshot at:(t:1, i:0) file:/home/runner/work/ozone/ozone/hadoop-ozone/integration-test/target/test-dir/MiniOzoneClusterImpl-aff298ea-5285-4275-affb-2c33fd00777e/datanode-2/data/ratis/49faa06d-f8cd-4f22-900e-8df09cc98007/sm/snapshot.1_0 took: 1 ms
2022-09-28 15:56:06,151 [50ea5a34-8fbf-4f83-96a7-ee6cc92cfa0a@group-8DF09CC98007-StateMachineUpdater] INFO  impl.StateMachineUpdater (StateMachineUpdater.java:takeSnapshot(287)) - 50ea5a34-8fbf-4f83-96a7-ee6cc92cfa0a@group-8DF09CC98007-StateMachineUpdater: Took a snapshot at index 0
2022-09-28 15:56:06,151 [50ea5a34-8fbf-4f83-96a7-ee6cc92cfa0a@group-8DF09CC98007-StateMachineUpdater] INFO  impl.StateMachineUpdater (StateMachineUpdater.java:lambda$new$0(92)) - 50ea5a34-8fbf-4f83-96a7-ee6cc92cfa0a@group-8DF09CC98007-StateMachineUpdater: snapshotIndex: updateIncreasingly -1 -> 0
2022-09-28 15:56:06,151 [Listener at 127.0.0.1/37257] INFO  server.RaftServer$Division (ServerState.java:close(429)) - 50ea5a34-8fbf-4f83-96a7-ee6cc92cfa0a@group-8DF09CC98007: closes. applyIndex: 0
2022-09-28 15:56:06,151 [50ea5a34-8fbf-4f83-96a7-ee6cc92cfa0a@group-8DF09CC98007-SegmentedRaftLogWorker] INFO  segmented.SegmentedRaftLogWorker (SegmentedRaftLogWorker.java:run(336)) - 50ea5a34-8fbf-4f83-96a7-ee6cc92cfa0a@group-8DF09CC98007-SegmentedRaftLogWorker was interrupted, exiting. There are 0 tasks remaining in the queue.
2022-09-28 15:56:06,155 [Listener at 127.0.0.1/37257] INFO  segmented.SegmentedRaftLogWorker (SegmentedRaftLogWorker.java:close(246)) - 50ea5a34-8fbf-4f83-96a7-ee6cc92cfa0a@group-8DF09CC98007-SegmentedRaftLogWorker close()
2022-09-28 15:56:06,164 [Listener at 127.0.0.1/37257] INFO  server.GrpcService (GrpcService.java:closeImpl(269)) - 50ea5a34-8fbf-4f83-96a7-ee6cc92cfa0a: shutdown server with port 41435 now
2022-09-28 15:56:06,165 [Listener at 127.0.0.1/37257] INFO  server.GrpcService (GrpcService.java:closeImpl(278)) - 50ea5a34-8fbf-4f83-96a7-ee6cc92cfa0a: shutdown server with port 41435 successfully
2022-09-28 15:56:06,165 [grpc-default-executor-0] WARN  server.GrpcServerProtocolService (LogUtils.java:warn(122)) - 50ea5a34-8fbf-4f83-96a7-ee6cc92cfa0a: installSnapshot onError, lastRequest: 5cf4cd61-878f-4dff-a8f0-3c181111f76f->50ea5a34-8fbf-4f83-96a7-ee6cc92cfa0a#124-t1,previous=(t:1, i:20),leaderCommit=20,initializing? true,entries: size=1, first=(t:1, i:21), METADATAENTRY(c:20): org.apache.ratis.thirdparty.io.grpc.StatusRuntimeException: CANCELLED: client cancelled
2022-09-28 15:56:06,168 [org.apache.ratis.util.JvmPauseMonitor$$Lambda$634/1800766250@3cdeefae] INFO  util.JvmPauseMonitor (JvmPauseMonitor.java:run(109)) - JvmPauseMonitor-50ea5a34-8fbf-4f83-96a7-ee6cc92cfa0a: Stopped
2022-09-28 15:56:06,183 [ForkJoinPool.commonPool-worker-1] INFO  impl.StateMachineUpdater (StateMachineUpdater.java:stopAndJoin(153)) - 6b2dcef1-f6ed-465a-a116-d89b60e08d93@group-5A73E7049105-StateMachineUpdater: set stopIndex = 7
2022-09-28 15:56:06,184 [6b2dcef1-f6ed-465a-a116-d89b60e08d93@group-5A73E7049105-StateMachineUpdater] INFO  ratis.ContainerStateMachine (ContainerStateMachine.java:takeSnapshot(304)) - group-5A73E7049105: Taking a snapshot at:(t:1, i:7) file /home/runner/work/ozone/ozone/hadoop-ozone/integration-test/target/test-dir/MiniOzoneClusterImpl-aff298ea-5285-4275-affb-2c33fd00777e/datanode-1/data/ratis/09ac3006-069a-4136-8cc0-5a73e7049105/sm/snapshot.1_7
2022-09-28 15:56:06,185 [6b2dcef1-f6ed-465a-a116-d89b60e08d93@group-5A73E7049105-StateMachineUpdater] INFO  ratis.ContainerStateMachine (ContainerStateMachine.java:takeSnapshot(315)) - group-5A73E7049105: Finished taking a snapshot at:(t:1, i:7) file:/home/runner/work/ozone/ozone/hadoop-ozone/integration-test/target/test-dir/MiniOzoneClusterImpl-aff298ea-5285-4275-affb-2c33fd00777e/datanode-1/data/ratis/09ac3006-069a-4136-8cc0-5a73e7049105/sm/snapshot.1_7 took: 2 ms
2022-09-28 15:56:06,186 [6b2dcef1-f6ed-465a-a116-d89b60e08d93@group-5A73E7049105-StateMachineUpdater] INFO  impl.StateMachineUpdater (StateMachineUpdater.java:takeSnapshot(287)) - 6b2dcef1-f6ed-465a-a116-d89b60e08d93@group-5A73E7049105-StateMachineUpdater: Took a snapshot at index 7
2022-09-28 15:56:06,186 [6b2dcef1-f6ed-465a-a116-d89b60e08d93@group-5A73E7049105-StateMachineUpdater] INFO  impl.StateMachineUpdater (StateMachineUpdater.java:lambda$new$0(92)) - 6b2dcef1-f6ed-465a-a116-d89b60e08d93@group-5A73E7049105-StateMachineUpdater: snapshotIndex: updateIncreasingly -1 -> 7
2022-09-28 15:56:06,186 [ForkJoinPool.commonPool-worker-1] INFO  server.RaftServer$Division (ServerState.java:close(429)) - 6b2dcef1-f6ed-465a-a116-d89b60e08d93@group-5A73E7049105: closes. applyIndex: 7
2022-09-28 15:56:06,186 [6b2dcef1-f6ed-465a-a116-d89b60e08d93@group-5A73E7049105-SegmentedRaftLogWorker] INFO  segmented.SegmentedRaftLogWorker (SegmentedRaftLogWorker.java:run(336)) - 6b2dcef1-f6ed-465a-a116-d89b60e08d93@group-5A73E7049105-SegmentedRaftLogWorker was interrupted, exiting. There are 0 tasks remaining in the queue.
2022-09-28 15:56:06,186 [ForkJoinPool.commonPool-worker-1] INFO  segmented.SegmentedRaftLogWorker (SegmentedRaftLogWorker.java:close(246)) - 6b2dcef1-f6ed-465a-a116-d89b60e08d93@group-5A73E7049105-SegmentedRaftLogWorker close()
2022-09-28 15:56:06,187 [grpc-default-executor-1] WARN  server.GrpcLogAppender (LogUtils.java:warn(122)) - 5cf4cd61-878f-4dff-a8f0-3c181111f76f@group-A4729591FC0B->50ea5a34-8fbf-4f83-96a7-ee6cc92cfa0a-AppendLogResponseHandler: Failed appendEntries: org.apache.ratis.thirdparty.io.grpc.StatusRuntimeException: CANCELLED: RST_STREAM closed stream. HTTP/2 error code: CANCEL
2022-09-28 15:56:06,188 [grpc-default-executor-1] INFO  leader.FollowerInfo (FollowerInfoImpl.java:lambda$new$0(48)) - 5cf4cd61-878f-4dff-a8f0-3c181111f76f@group-A4729591FC0B->50ea5a34-8fbf-4f83-96a7-ee6cc92cfa0a: nextIndex: updateUnconditionally 22 -> 21
2022-09-28 15:56:06,215 [ForkJoinPool.commonPool-worker-1] INFO  server.RaftServer$Division (RaftServerImpl.java:lambda$close$4(434)) - 6b2dcef1-f6ed-465a-a116-d89b60e08d93@group-31982628B7F0: shutdown
2022-09-28 15:56:06,215 [ForkJoinPool.commonPool-worker-1] INFO  util.JmxRegister (JmxRegister.java:unregister(73)) - Successfully un-registered JMX Bean with object name Ratis:service=RaftServer,group=group-31982628B7F0,id=6b2dcef1-f6ed-465a-a116-d89b60e08d93
2022-09-28 15:56:06,216 [ForkJoinPool.commonPool-worker-1] INFO  impl.RoleInfo (RoleInfo.java:shutdownLeaderState(93)) - 6b2dcef1-f6ed-465a-a116-d89b60e08d93: shutdown 6b2dcef1-f6ed-465a-a116-d89b60e08d93@group-31982628B7F0-LeaderStateImpl
2022-09-28 15:56:06,216 [ForkJoinPool.commonPool-worker-1] INFO  impl.PendingRequests (PendingRequests.java:sendNotLeaderResponses(282)) - 6b2dcef1-f6ed-465a-a116-d89b60e08d93@group-31982628B7F0-PendingRequests: sendNotLeaderResponses
2022-09-28 15:56:06,216 [ForkJoinPool.commonPool-worker-1] INFO  impl.StateMachineUpdater (StateMachineUpdater.java:stopAndJoin(153)) - 6b2dcef1-f6ed-465a-a116-d89b60e08d93@group-31982628B7F0-StateMachineUpdater: set stopIndex = 0
2022-09-28 15:56:06,216 [6b2dcef1-f6ed-465a-a116-d89b60e08d93@group-31982628B7F0-StateMachineUpdater] INFO  ratis.ContainerStateMachine (ContainerStateMachine.java:takeSnapshot(304)) - group-31982628B7F0: Taking a snapshot at:(t:1, i:0) file /home/runner/work/ozone/ozone/hadoop-ozone/integration-test/target/test-dir/MiniOzoneClusterImpl-aff298ea-5285-4275-affb-2c33fd00777e/datanode-1/data/ratis/5174431a-142f-4c2b-a2bc-31982628b7f0/sm/snapshot.1_0
2022-09-28 15:56:06,218 [grpc-default-executor-2] WARN  server.GrpcLogAppender (LogUtils.java:warn(122)) - 5cf4cd61-878f-4dff-a8f0-3c181111f76f@group-A4729591FC0B->50ea5a34-8fbf-4f83-96a7-ee6cc92cfa0a-AppendLogResponseHandler: Failed appendEntries: org.apache.ratis.thirdparty.io.grpc.StatusRuntimeException: UNAVAILABLE: io exception
2022-09-28 15:56:06,219 [grpc-default-executor-2] INFO  leader.FollowerInfo (FollowerInfoImpl.java:lambda$new$0(48)) - 5cf4cd61-878f-4dff-a8f0-3c181111f76f@group-A4729591FC0B->50ea5a34-8fbf-4f83-96a7-ee6cc92cfa0a: nextIndex: updateUnconditionally 22 -> 21
2022-09-28 15:56:06,251 [6b2dcef1-f6ed-465a-a116-d89b60e08d93@group-31982628B7F0-StateMachineUpdater] INFO  ratis.ContainerStateMachine (ContainerStateMachine.java:takeSnapshot(315)) - group-31982628B7F0: Finished taking a snapshot at:(t:1, i:0) file:/home/runner/work/ozone/ozone/hadoop-ozone/integration-test/target/test-dir/MiniOzoneClusterImpl-aff298ea-5285-4275-affb-2c33fd00777e/datanode-1/data/ratis/5174431a-142f-4c2b-a2bc-31982628b7f0/sm/snapshot.1_0 took: 34 ms
2022-09-28 15:56:06,251 [6b2dcef1-f6ed-465a-a116-d89b60e08d93@group-31982628B7F0-StateMachineUpdater] INFO  impl.StateMachineUpdater (StateMachineUpdater.java:takeSnapshot(287)) - 6b2dcef1-f6ed-465a-a116-d89b60e08d93@group-31982628B7F0-StateMachineUpdater: Took a snapshot at index 0
2022-09-28 15:56:06,251 [6b2dcef1-f6ed-465a-a116-d89b60e08d93@group-31982628B7F0-StateMachineUpdater] INFO  impl.StateMachineUpdater (StateMachineUpdater.java:lambda$new$0(92)) - 6b2dcef1-f6ed-465a-a116-d89b60e08d93@group-31982628B7F0-StateMachineUpdater: snapshotIndex: updateIncreasingly -1 -> 0
2022-09-28 15:56:06,252 [ForkJoinPool.commonPool-worker-1] INFO  server.RaftServer$Division (ServerState.java:close(429)) - 6b2dcef1-f6ed-465a-a116-d89b60e08d93@group-31982628B7F0: closes. applyIndex: 0
2022-09-28 15:56:06,252 [6b2dcef1-f6ed-465a-a116-d89b60e08d93@group-31982628B7F0-SegmentedRaftLogWorker] INFO  segmented.SegmentedRaftLogWorker (SegmentedRaftLogWorker.java:run(336)) - 6b2dcef1-f6ed-465a-a116-d89b60e08d93@group-31982628B7F0-SegmentedRaftLogWorker was interrupted, exiting. There are 0 tasks remaining in the queue.
2022-09-28 15:56:06,252 [ForkJoinPool.commonPool-worker-1] INFO  segmented.SegmentedRaftLogWorker (SegmentedRaftLogWorker.java:close(246)) - 6b2dcef1-f6ed-465a-a116-d89b60e08d93@group-31982628B7F0-SegmentedRaftLogWorker close()
2022-09-28 15:56:06,253 [ForkJoinPool.commonPool-worker-1] INFO  server.GrpcService (GrpcService.java:closeImpl(269)) - 6b2dcef1-f6ed-465a-a116-d89b60e08d93: shutdown server with port 34079 now
2022-09-28 15:56:06,255 [grpc-default-executor-4] WARN  server.GrpcServerProtocolService (LogUtils.java:warn(122)) - 6b2dcef1-f6ed-465a-a116-d89b60e08d93: installSnapshot onError, lastRequest: 5cf4cd61-878f-4dff-a8f0-3c181111f76f->6b2dcef1-f6ed-465a-a116-d89b60e08d93#127-t1,previous=(t:1, i:20),leaderCommit=20,initializing? true,entries: size=1, first=(t:1, i:21), METADATAENTRY(c:20): org.apache.ratis.thirdparty.io.grpc.StatusRuntimeException: CANCELLED: client cancelled
2022-09-28 15:56:06,265 [ForkJoinPool.commonPool-worker-1] INFO  server.GrpcService (GrpcService.java:closeImpl(278)) - 6b2dcef1-f6ed-465a-a116-d89b60e08d93: shutdown server with port 34079 successfully
2022-09-28 15:56:06,267 [org.apache.ratis.util.JvmPauseMonitor$$Lambda$634/1800766250@29a0baa5] INFO  util.JvmPauseMonitor (JvmPauseMonitor.java:run(109)) - JvmPauseMonitor-6b2dcef1-f6ed-465a-a116-d89b60e08d93: Stopped
2022-09-28 15:56:06,283 [grpc-default-executor-2] WARN  server.GrpcLogAppender (LogUtils.java:warn(122)) - 5cf4cd61-878f-4dff-a8f0-3c181111f76f@group-A4729591FC0B->6b2dcef1-f6ed-465a-a116-d89b60e08d93-AppendLogResponseHandler: Failed appendEntries: org.apache.ratis.thirdparty.io.grpc.StatusRuntimeException: CANCELLED: RST_STREAM closed stream. HTTP/2 error code: CANCEL
2022-09-28 15:56:06,283 [grpc-default-executor-2] INFO  leader.FollowerInfo (FollowerInfoImpl.java:lambda$new$0(48)) - 5cf4cd61-878f-4dff-a8f0-3c181111f76f@group-A4729591FC0B->6b2dcef1-f6ed-465a-a116-d89b60e08d93: nextIndex: updateUnconditionally 22 -> 21
2022-09-28 15:56:06,288 [grpc-default-executor-2] WARN  server.GrpcLogAppender (LogUtils.java:warn(122)) - 5cf4cd61-878f-4dff-a8f0-3c181111f76f@group-A4729591FC0B->6b2dcef1-f6ed-465a-a116-d89b60e08d93-AppendLogResponseHandler: Failed appendEntries: org.apache.ratis.thirdparty.io.grpc.StatusRuntimeException: UNAVAILABLE: io exception
2022-09-28 15:56:06,294 [grpc-default-executor-2] INFO  leader.FollowerInfo (FollowerInfoImpl.java:lambda$new$0(48)) - 5cf4cd61-878f-4dff-a8f0-3c181111f76f@group-A4729591FC0B->6b2dcef1-f6ed-465a-a116-d89b60e08d93: nextIndex: updateUnconditionally 22 -> 21
2022-09-28 15:56:07,025 [grpc-default-executor-2] WARN  server.GrpcLogAppender (LogUtils.java:warn(122)) - 5cf4cd61-878f-4dff-a8f0-3c181111f76f@group-A4729591FC0B->6b2dcef1-f6ed-465a-a116-d89b60e08d93-AppendLogResponseHandler: Failed appendEntries: org.apache.ratis.thirdparty.io.grpc.StatusRuntimeException: UNAVAILABLE: io exception
2022-09-28 15:56:07,026 [grpc-default-executor-2] INFO  leader.FollowerInfo (FollowerInfoImpl.java:lambda$new$0(48)) - 5cf4cd61-878f-4dff-a8f0-3c181111f76f@group-A4729591FC0B->6b2dcef1-f6ed-465a-a116-d89b60e08d93: nextIndex: updateUnconditionally 22 -> 21
2022-09-28 15:56:07,093 [grpc-default-executor-2] WARN  server.GrpcLogAppender (LogUtils.java:warn(122)) - 5cf4cd61-878f-4dff-a8f0-3c181111f76f@group-A4729591FC0B->50ea5a34-8fbf-4f83-96a7-ee6cc92cfa0a-AppendLogResponseHandler: Failed appendEntries: org.apache.ratis.thirdparty.io.grpc.StatusRuntimeException: UNAVAILABLE: io exception
2022-09-28 15:56:07,119 [grpc-default-executor-2] INFO  leader.FollowerInfo (FollowerInfoImpl.java:lambda$new$0(48)) - 5cf4cd61-878f-4dff-a8f0-3c181111f76f@group-A4729591FC0B->50ea5a34-8fbf-4f83-96a7-ee6cc92cfa0a: nextIndex: updateUnconditionally 22 -> 21
2022-09-28 15:56:08,232 [Listener at 127.0.0.1/37257] INFO  utils.BackgroundService (BackgroundService.java:shutdown(141)) - Shutting down service BlockDeletingService
2022-09-28 15:56:08,236 [Listener at 127.0.0.1/37257] INFO  utils.BackgroundService (BackgroundService.java:shutdown(141)) - Shutting down service StaleRecoveringContainerScrubbingService
2022-09-28 15:56:08,280 [grpc-default-executor-2] WARN  server.GrpcLogAppender (LogUtils.java:warn(122)) - 5cf4cd61-878f-4dff-a8f0-3c181111f76f@group-A4729591FC0B->6b2dcef1-f6ed-465a-a116-d89b60e08d93-AppendLogResponseHandler: Failed appendEntries: org.apache.ratis.thirdparty.io.grpc.StatusRuntimeException: UNAVAILABLE: io exception
2022-09-28 15:56:08,280 [grpc-default-executor-2] INFO  leader.FollowerInfo (FollowerInfoImpl.java:lambda$new$0(48)) - 5cf4cd61-878f-4dff-a8f0-3c181111f76f@group-A4729591FC0B->6b2dcef1-f6ed-465a-a116-d89b60e08d93: nextIndex: updateUnconditionally 22 -> 21
2022-09-28 15:56:08,296 [ForkJoinPool.commonPool-worker-1] INFO  utils.BackgroundService (BackgroundService.java:shutdown(141)) - Shutting down service BlockDeletingService
2022-09-28 15:56:08,303 [ForkJoinPool.commonPool-worker-1] INFO  utils.BackgroundService (BackgroundService.java:shutdown(141)) - Shutting down service StaleRecoveringContainerScrubbingService
2022-09-28 15:56:08,347 [grpc-default-executor-2] WARN  server.GrpcLogAppender (LogUtils.java:warn(122)) - 5cf4cd61-878f-4dff-a8f0-3c181111f76f@group-A4729591FC0B->50ea5a34-8fbf-4f83-96a7-ee6cc92cfa0a-AppendLogResponseHandler: Failed appendEntries: org.apache.ratis.thirdparty.io.grpc.StatusRuntimeException: UNAVAILABLE: io exception
2022-09-28 15:56:08,377 [grpc-default-executor-2] INFO  leader.FollowerInfo (FollowerInfoImpl.java:lambda$new$0(48)) - 5cf4cd61-878f-4dff-a8f0-3c181111f76f@group-A4729591FC0B->50ea5a34-8fbf-4f83-96a7-ee6cc92cfa0a: nextIndex: updateUnconditionally 22 -> 21
2022-09-28 15:56:08,662 [org.apache.ratis.util.JvmPauseMonitor$$Lambda$634/1800766250@6ca8e086] WARN  util.JvmPauseMonitor (JvmPauseMonitor.java:detectPause(124)) - JvmPauseMonitor-efb57e59-7b5e-412f-abe5-c0e716dfec12: Detected pause in JVM or host machine (eg GC): pause of approximately 100761848ns.
GC pool 'PS MarkSweep' had collection(s): count=1 time=258ms
GC pool 'PS Scavenge' had collection(s): count=1 time=18ms
2022-09-28 15:56:09,526 [grpc-default-executor-2] WARN  server.GrpcLogAppender (LogUtils.java:warn(122)) - 5cf4cd61-878f-4dff-a8f0-3c181111f76f@group-A4729591FC0B->6b2dcef1-f6ed-465a-a116-d89b60e08d93-AppendLogResponseHandler: Failed appendEntries: org.apache.ratis.thirdparty.io.grpc.StatusRuntimeException: UNAVAILABLE: io exception
2022-09-28 15:56:09,527 [grpc-default-executor-2] INFO  leader.FollowerInfo (FollowerInfoImpl.java:lambda$new$0(48)) - 5cf4cd61-878f-4dff-a8f0-3c181111f76f@group-A4729591FC0B->6b2dcef1-f6ed-465a-a116-d89b60e08d93: nextIndex: updateUnconditionally 22 -> 21
2022-09-28 15:56:09,597 [grpc-default-executor-2] WARN  server.GrpcLogAppender (LogUtils.java:warn(122)) - 5cf4cd61-878f-4dff-a8f0-3c181111f76f@group-A4729591FC0B->50ea5a34-8fbf-4f83-96a7-ee6cc92cfa0a-AppendLogResponseHandler: Failed appendEntries: org.apache.ratis.thirdparty.io.grpc.StatusRuntimeException: UNAVAILABLE: io exception
2022-09-28 15:56:09,597 [grpc-default-executor-2] INFO  leader.FollowerInfo (FollowerInfoImpl.java:lambda$new$0(48)) - 5cf4cd61-878f-4dff-a8f0-3c181111f76f@group-A4729591FC0B->50ea5a34-8fbf-4f83-96a7-ee6cc92cfa0a: nextIndex: updateUnconditionally 22 -> 21
2022-09-28 15:56:10,777 [grpc-default-executor-2] WARN  server.GrpcLogAppender (LogUtils.java:warn(122)) - 5cf4cd61-878f-4dff-a8f0-3c181111f76f@group-A4729591FC0B->6b2dcef1-f6ed-465a-a116-d89b60e08d93-AppendLogResponseHandler: Failed appendEntries: org.apache.ratis.thirdparty.io.grpc.StatusRuntimeException: UNAVAILABLE: io exception
2022-09-28 15:56:10,805 [grpc-default-executor-2] INFO  leader.FollowerInfo (FollowerInfoImpl.java:lambda$new$0(48)) - 5cf4cd61-878f-4dff-a8f0-3c181111f76f@group-A4729591FC0B->6b2dcef1-f6ed-465a-a116-d89b60e08d93: nextIndex: updateUnconditionally 22 -> 21
2022-09-28 15:56:10,847 [grpc-default-executor-2] WARN  server.GrpcLogAppender (LogUtils.java:warn(122)) - 5cf4cd61-878f-4dff-a8f0-3c181111f76f@group-A4729591FC0B->50ea5a34-8fbf-4f83-96a7-ee6cc92cfa0a-AppendLogResponseHandler: Failed appendEntries: org.apache.ratis.thirdparty.io.grpc.StatusRuntimeException: UNAVAILABLE: io exception
2022-09-28 15:56:10,862 [grpc-default-executor-2] INFO  leader.FollowerInfo (FollowerInfoImpl.java:lambda$new$0(48)) - 5cf4cd61-878f-4dff-a8f0-3c181111f76f@group-A4729591FC0B->50ea5a34-8fbf-4f83-96a7-ee6cc92cfa0a: nextIndex: updateUnconditionally 22 -> 21
2022-09-28 15:56:11,259 [Listener at 127.0.0.1/37257] INFO  statemachine.DatanodeStateMachine (DatanodeStateMachine.java:stopDaemon(580)) - Ozone container server stopped.
2022-09-28 15:56:11,268 [Listener at 127.0.0.1/37257] INFO  handler.ContextHandler (ContextHandler.java:doStop(1153)) - Stopped o.e.j.w.WebAppContext@27901598{hddsDatanode,/,null,STOPPED}{jar:file:/home/runner/.m2/repository/org/apache/ozone/hdds-container-service/1.3.0-SNAPSHOT/hdds-container-service-1.3.0-SNAPSHOT.jar!/webapps/hddsDatanode}
2022-09-28 15:56:11,272 [Listener at 127.0.0.1/37257] INFO  server.AbstractConnector (AbstractConnector.java:doStop(381)) - Stopped ServerConnector@6ff0bb6{HTTP/1.1, (http/1.1)}{0.0.0.0:0}
2022-09-28 15:56:11,272 [Listener at 127.0.0.1/37257] INFO  server.session (HouseKeeper.java:stopScavenging(149)) - node0 Stopped scavenging
2022-09-28 15:56:11,282 [Listener at 127.0.0.1/37257] INFO  handler.ContextHandler (ContextHandler.java:doStop(1153)) - Stopped o.e.j.s.ServletContextHandler@56e3aed9{static,/static,jar:file:/home/runner/.m2/repository/org/apache/ozone/hdds-container-service/1.3.0-SNAPSHOT/hdds-container-service-1.3.0-SNAPSHOT.jar!/webapps/static,STOPPED}
2022-09-28 15:56:11,282 [Listener at 127.0.0.1/37257] INFO  handler.ContextHandler (ContextHandler.java:doStop(1153)) - Stopped o.e.j.s.ServletContextHandler@21b7f7f{logs,/logs,file:///home/runner/work/ozone/ozone/hadoop-ozone/integration-test/target/log,STOPPED}
2022-09-28 15:56:11,321 [ForkJoinPool.commonPool-worker-1] INFO  statemachine.DatanodeStateMachine (DatanodeStateMachine.java:stopDaemon(580)) - Ozone container server stopped.
2022-09-28 15:56:11,368 [ForkJoinPool.commonPool-worker-1] INFO  handler.ContextHandler (ContextHandler.java:doStop(1153)) - Stopped o.e.j.w.WebAppContext@28e20e0b{hddsDatanode,/,null,STOPPED}{jar:file:/home/runner/.m2/repository/org/apache/ozone/hdds-container-service/1.3.0-SNAPSHOT/hdds-container-service-1.3.0-SNAPSHOT.jar!/webapps/hddsDatanode}
2022-09-28 15:56:11,368 [ForkJoinPool.commonPool-worker-1] INFO  server.AbstractConnector (AbstractConnector.java:doStop(381)) - Stopped ServerConnector@49029e1d{HTTP/1.1, (http/1.1)}{0.0.0.0:0}
2022-09-28 15:56:11,368 [ForkJoinPool.commonPool-worker-1] INFO  server.session (HouseKeeper.java:stopScavenging(149)) - node0 Stopped scavenging
2022-09-28 15:56:11,370 [ForkJoinPool.commonPool-worker-1] INFO  handler.ContextHandler (ContextHandler.java:doStop(1153)) - Stopped o.e.j.s.ServletContextHandler@2cd7c77e{static,/static,jar:file:/home/runner/.m2/repository/org/apache/ozone/hdds-container-service/1.3.0-SNAPSHOT/hdds-container-service-1.3.0-SNAPSHOT.jar!/webapps/static,STOPPED}
2022-09-28 15:56:11,372 [ForkJoinPool.commonPool-worker-1] INFO  handler.ContextHandler (ContextHandler.java:doStop(1153)) - Stopped o.e.j.s.ServletContextHandler@4991c0f7{logs,/logs,file:///home/runner/work/ozone/ozone/hadoop-ozone/integration-test/target/log,STOPPED}
2022-09-28 15:56:11,809 [5cf4cd61-878f-4dff-a8f0-3c181111f76f@group-A4729591FC0B-LeaderStateImpl] WARN  server.RaftServer$Division (LeaderStateImpl.java:checkLeadership(1018)) - 5cf4cd61-878f-4dff-a8f0-3c181111f76f@group-A4729591FC0B-LeaderStateImpl: Lost leadership on term: 1. Election timeout: 5200ms. In charge for: 70378ms. Conf: 0: [50ea5a34-8fbf-4f83-96a7-ee6cc92cfa0a|rpc:10.1.1.55:41435|dataStream:|priority:0, 5cf4cd61-878f-4dff-a8f0-3c181111f76f|rpc:10.1.1.55:35311|dataStream:|priority:1, 6b2dcef1-f6ed-465a-a116-d89b60e08d93|rpc:10.1.1.55:34079|dataStream:|priority:0], old=null
2022-09-28 15:56:11,809 [5cf4cd61-878f-4dff-a8f0-3c181111f76f@group-A4729591FC0B-LeaderStateImpl] WARN  server.RaftServer$Division (LeaderStateImpl.java:lambda$checkLeadership$17(1022)) - Follower 5cf4cd61-878f-4dff-a8f0-3c181111f76f@group-A4729591FC0B->50ea5a34-8fbf-4f83-96a7-ee6cc92cfa0a(c21,m21,n21, attendVote=true, lastRpcSendTime=962, lastRpcResponseTime=7217)
2022-09-28 15:56:11,809 [5cf4cd61-878f-4dff-a8f0-3c181111f76f@group-A4729591FC0B-LeaderStateImpl] WARN  server.RaftServer$Division (LeaderStateImpl.java:lambda$checkLeadership$17(1022)) - Follower 5cf4cd61-878f-4dff-a8f0-3c181111f76f@group-A4729591FC0B->6b2dcef1-f6ed-465a-a116-d89b60e08d93(c21,m21,n21, attendVote=true, lastRpcSendTime=1032, lastRpcResponseTime=7286)
2022-09-28 15:56:11,809 [5cf4cd61-878f-4dff-a8f0-3c181111f76f@group-A4729591FC0B-LeaderStateImpl] INFO  server.RaftServer$Division (RaftServerImpl.java:setRole(299)) - 5cf4cd61-878f-4dff-a8f0-3c181111f76f@group-A4729591FC0B: changes role from    LEADER to FOLLOWER at term 1 for StepDownReason:LOST_MAJORITY_HEARTBEATS
2022-09-28 15:56:11,810 [5cf4cd61-878f-4dff-a8f0-3c181111f76f@group-A4729591FC0B-LeaderStateImpl] INFO  impl.RoleInfo (RoleInfo.java:shutdownLeaderState(93)) - 5cf4cd61-878f-4dff-a8f0-3c181111f76f: shutdown 5cf4cd61-878f-4dff-a8f0-3c181111f76f@group-A4729591FC0B-LeaderStateImpl
2022-09-28 15:56:11,810 [5cf4cd61-878f-4dff-a8f0-3c181111f76f@group-A4729591FC0B-LeaderStateImpl] INFO  impl.PendingRequests (PendingRequests.java:sendNotLeaderResponses(282)) - 5cf4cd61-878f-4dff-a8f0-3c181111f76f@group-A4729591FC0B-PendingRequests: sendNotLeaderResponses
2022-09-28 15:56:11,810 [5cf4cd61-878f-4dff-a8f0-3c181111f76f@group-A4729591FC0B->50ea5a34-8fbf-4f83-96a7-ee6cc92cfa0a-GrpcLogAppender-LogAppenderDaemon] WARN  server.GrpcLogAppender (GrpcLogAppender.java:mayWait(171)) - 5cf4cd61-878f-4dff-a8f0-3c181111f76f@group-A4729591FC0B->50ea5a34-8fbf-4f83-96a7-ee6cc92cfa0a-GrpcLogAppender: Wait interrupted by java.lang.InterruptedException
2022-09-28 15:56:11,810 [5cf4cd61-878f-4dff-a8f0-3c181111f76f@group-A4729591FC0B->6b2dcef1-f6ed-465a-a116-d89b60e08d93-GrpcLogAppender-LogAppenderDaemon] WARN  server.GrpcLogAppender (GrpcLogAppender.java:mayWait(171)) - 5cf4cd61-878f-4dff-a8f0-3c181111f76f@group-A4729591FC0B->6b2dcef1-f6ed-465a-a116-d89b60e08d93-GrpcLogAppender: Wait interrupted by java.lang.InterruptedException
2022-09-28 15:56:11,813 [5cf4cd61-878f-4dff-a8f0-3c181111f76f@group-A4729591FC0B-LeaderStateImpl] INFO  impl.RoleInfo (RoleInfo.java:updateAndGet(139)) - 5cf4cd61-878f-4dff-a8f0-3c181111f76f: start 5cf4cd61-878f-4dff-a8f0-3c181111f76f@group-A4729591FC0B-FollowerState
2022-09-28 15:56:13,055 [5cf4cd61-878f-4dff-a8f0-3c181111f76f@group-5A73E7049105-FollowerState] INFO  impl.FollowerState (FollowerState.java:run(143)) - 5cf4cd61-878f-4dff-a8f0-3c181111f76f@group-5A73E7049105-FollowerState: change to CANDIDATE, lastRpcElapsedTime:9144999851ns, electionTimeout:5048ms
2022-09-28 15:56:13,055 [5cf4cd61-878f-4dff-a8f0-3c181111f76f@group-5A73E7049105-FollowerState] INFO  impl.RoleInfo (RoleInfo.java:shutdownFollowerState(110)) - 5cf4cd61-878f-4dff-a8f0-3c181111f76f: shutdown 5cf4cd61-878f-4dff-a8f0-3c181111f76f@group-5A73E7049105-FollowerState
2022-09-28 15:56:13,055 [5cf4cd61-878f-4dff-a8f0-3c181111f76f@group-5A73E7049105-FollowerState] INFO  server.RaftServer$Division (RaftServerImpl.java:setRole(299)) - 5cf4cd61-878f-4dff-a8f0-3c181111f76f@group-5A73E7049105: changes role from  FOLLOWER to CANDIDATE at term 1 for changeToCandidate
2022-09-28 15:56:13,055 [5cf4cd61-878f-4dff-a8f0-3c181111f76f@group-5A73E7049105-FollowerState] INFO  server.RaftServerConfigKeys (ConfUtils.java:logGet(46)) - raft.server.leaderelection.pre-vote = false (custom)
2022-09-28 15:56:13,055 [5cf4cd61-878f-4dff-a8f0-3c181111f76f@group-5A73E7049105-FollowerState] INFO  impl.RoleInfo (RoleInfo.java:updateAndGet(139)) - 5cf4cd61-878f-4dff-a8f0-3c181111f76f: start 5cf4cd61-878f-4dff-a8f0-3c181111f76f@group-5A73E7049105-LeaderElection39
2022-09-28 15:56:13,055 [5cf4cd61-878f-4dff-a8f0-3c181111f76f@group-5A73E7049105-LeaderElection39] INFO  server.RaftServer$Division (ServerState.java:setLeader(287)) - 5cf4cd61-878f-4dff-a8f0-3c181111f76f@group-5A73E7049105: change Leader from 6b2dcef1-f6ed-465a-a116-d89b60e08d93 to null at term 1 for ELECTION
2022-09-28 15:56:13,061 [5cf4cd61-878f-4dff-a8f0-3c181111f76f@group-5A73E7049105-LeaderElection39] INFO  impl.LeaderElection (LeaderElection.java:askForVotes(310)) - 5cf4cd61-878f-4dff-a8f0-3c181111f76f@group-5A73E7049105-LeaderElection39 ELECTION round 0: submit vote requests at term 2 for 0: [50ea5a34-8fbf-4f83-96a7-ee6cc92cfa0a|rpc:10.1.1.55:41435|dataStream:|priority:0, 5cf4cd61-878f-4dff-a8f0-3c181111f76f|rpc:10.1.1.55:35311|dataStream:|priority:0, 6b2dcef1-f6ed-465a-a116-d89b60e08d93|rpc:10.1.1.55:34079|dataStream:|priority:1], old=null
2022-09-28 15:56:13,068 [5cf4cd61-878f-4dff-a8f0-3c181111f76f@group-5A73E7049105-LeaderElection39] INFO  impl.LeaderElection (LogUtils.java:infoOrTrace(137)) - 5cf4cd61-878f-4dff-a8f0-3c181111f76f@group-5A73E7049105-LeaderElection39 got exception when requesting votes: java.util.concurrent.ExecutionException: org.apache.ratis.thirdparty.io.grpc.StatusRuntimeException: UNAVAILABLE: io exception
2022-09-28 15:56:13,069 [5cf4cd61-878f-4dff-a8f0-3c181111f76f@group-5A73E7049105-LeaderElection39] INFO  impl.LeaderElection (LogUtils.java:infoOrTrace(137)) - 5cf4cd61-878f-4dff-a8f0-3c181111f76f@group-5A73E7049105-LeaderElection39 got exception when requesting votes: java.util.concurrent.ExecutionException: org.apache.ratis.thirdparty.io.grpc.StatusRuntimeException: UNAVAILABLE: io exception
2022-09-28 15:56:13,070 [5cf4cd61-878f-4dff-a8f0-3c181111f76f@group-5A73E7049105-LeaderElection39] INFO  impl.LeaderElection (LeaderElection.java:logAndReturn(90)) - 5cf4cd61-878f-4dff-a8f0-3c181111f76f@group-5A73E7049105-LeaderElection39: ELECTION REJECTED received 0 response(s) and 2 exception(s):
2022-09-28 15:56:13,070 [5cf4cd61-878f-4dff-a8f0-3c181111f76f@group-5A73E7049105-LeaderElection39] INFO  impl.LeaderElection (LogUtils.java:infoOrTrace(137)) -   Exception 0: java.util.concurrent.ExecutionException: org.apache.ratis.thirdparty.io.grpc.StatusRuntimeException: UNAVAILABLE: io exception
2022-09-28 15:56:13,070 [5cf4cd61-878f-4dff-a8f0-3c181111f76f@group-5A73E7049105-LeaderElection39] INFO  impl.LeaderElection (LogUtils.java:infoOrTrace(137)) -   Exception 1: java.util.concurrent.ExecutionException: org.apache.ratis.thirdparty.io.grpc.StatusRuntimeException: UNAVAILABLE: io exception
2022-09-28 15:56:13,070 [5cf4cd61-878f-4dff-a8f0-3c181111f76f@group-5A73E7049105-LeaderElection39] INFO  impl.LeaderElection (LeaderElection.java:askForVotes(312)) - 5cf4cd61-878f-4dff-a8f0-3c181111f76f@group-5A73E7049105-LeaderElection39 ELECTION round 0: result REJECTED
2022-09-28 15:56:13,070 [5cf4cd61-878f-4dff-a8f0-3c181111f76f@group-5A73E7049105-LeaderElection39] INFO  server.RaftServer$Division (RaftServerImpl.java:setRole(299)) - 5cf4cd61-878f-4dff-a8f0-3c181111f76f@group-5A73E7049105: changes role from CANDIDATE to FOLLOWER at term 2 for REJECTED
2022-09-28 15:56:13,070 [5cf4cd61-878f-4dff-a8f0-3c181111f76f@group-5A73E7049105-LeaderElection39] INFO  impl.RoleInfo (RoleInfo.java:shutdownLeaderElection(130)) - 5cf4cd61-878f-4dff-a8f0-3c181111f76f: shutdown 5cf4cd61-878f-4dff-a8f0-3c181111f76f@group-5A73E7049105-LeaderElection39
2022-09-28 15:56:13,070 [5cf4cd61-878f-4dff-a8f0-3c181111f76f@group-5A73E7049105-LeaderElection39] INFO  impl.RoleInfo (RoleInfo.java:updateAndGet(139)) - 5cf4cd61-878f-4dff-a8f0-3c181111f76f: start 5cf4cd61-878f-4dff-a8f0-3c181111f76f@group-5A73E7049105-FollowerState
2022-09-28 15:56:15,475 [Under Replicated Processor] INFO  replication.UnderReplicatedProcessor (UnderReplicatedProcessor.java:processAll(92)) - Processed 0 under replicated containers, failed processing 0
2022-09-28 15:56:15,493 [Over Replicated Processor] INFO  replication.OverReplicatedProcessor (OverReplicatedProcessor.java:processAll(90)) - Processed 0 over replicated containers, failed processing 0
2022-09-28 15:56:16,284 [Listener at 127.0.0.1/37257] INFO  ozoneimpl.OzoneContainer (OzoneContainer.java:stop(400)) - Attempting to stop container services.
2022-09-28 15:56:16,285 [Listener at 127.0.0.1/37257] INFO  server.RaftServer (RaftServerProxy.java:lambda$close$7(398)) - d0376a86-4cb7-4dfb-8000-fedb90cb29d8: close
2022-09-28 15:56:16,285 [Listener at 127.0.0.1/37257] INFO  server.RaftServer$Division (RaftServerImpl.java:lambda$close$4(434)) - d0376a86-4cb7-4dfb-8000-fedb90cb29d8@group-F4F87F65ACB3: shutdown
2022-09-28 15:56:16,286 [Listener at 127.0.0.1/37257] INFO  util.JmxRegister (JmxRegister.java:unregister(73)) - Successfully un-registered JMX Bean with object name Ratis:service=RaftServer,group=group-F4F87F65ACB3,id=d0376a86-4cb7-4dfb-8000-fedb90cb29d8
2022-09-28 15:56:16,286 [Listener at 127.0.0.1/37257] INFO  impl.RoleInfo (RoleInfo.java:shutdownLeaderState(93)) - d0376a86-4cb7-4dfb-8000-fedb90cb29d8: shutdown d0376a86-4cb7-4dfb-8000-fedb90cb29d8@group-F4F87F65ACB3-LeaderStateImpl
2022-09-28 15:56:16,286 [Listener at 127.0.0.1/37257] INFO  impl.PendingRequests (PendingRequests.java:sendNotLeaderResponses(282)) - d0376a86-4cb7-4dfb-8000-fedb90cb29d8@group-F4F87F65ACB3-PendingRequests: sendNotLeaderResponses
2022-09-28 15:56:16,287 [Listener at 127.0.0.1/37257] INFO  impl.StateMachineUpdater (StateMachineUpdater.java:stopAndJoin(153)) - d0376a86-4cb7-4dfb-8000-fedb90cb29d8@group-F4F87F65ACB3-StateMachineUpdater: set stopIndex = 0
2022-09-28 15:56:16,287 [d0376a86-4cb7-4dfb-8000-fedb90cb29d8@group-F4F87F65ACB3-StateMachineUpdater] INFO  ratis.ContainerStateMachine (ContainerStateMachine.java:takeSnapshot(304)) - group-F4F87F65ACB3: Taking a snapshot at:(t:1, i:0) file /home/runner/work/ozone/ozone/hadoop-ozone/integration-test/target/test-dir/MiniOzoneClusterImpl-aff298ea-5285-4275-affb-2c33fd00777e/datanode-4/data/ratis/9ff8cd88-2ae9-4de6-8eb3-f4f87f65acb3/sm/snapshot.1_0
2022-09-28 15:56:16,288 [d0376a86-4cb7-4dfb-8000-fedb90cb29d8@group-F4F87F65ACB3-StateMachineUpdater] INFO  ratis.ContainerStateMachine (ContainerStateMachine.java:takeSnapshot(315)) - group-F4F87F65ACB3: Finished taking a snapshot at:(t:1, i:0) file:/home/runner/work/ozone/ozone/hadoop-ozone/integration-test/target/test-dir/MiniOzoneClusterImpl-aff298ea-5285-4275-affb-2c33fd00777e/datanode-4/data/ratis/9ff8cd88-2ae9-4de6-8eb3-f4f87f65acb3/sm/snapshot.1_0 took: 1 ms
2022-09-28 15:56:16,288 [d0376a86-4cb7-4dfb-8000-fedb90cb29d8@group-F4F87F65ACB3-StateMachineUpdater] INFO  impl.StateMachineUpdater (StateMachineUpdater.java:takeSnapshot(287)) - d0376a86-4cb7-4dfb-8000-fedb90cb29d8@group-F4F87F65ACB3-StateMachineUpdater: Took a snapshot at index 0
2022-09-28 15:56:16,288 [d0376a86-4cb7-4dfb-8000-fedb90cb29d8@group-F4F87F65ACB3-StateMachineUpdater] INFO  impl.StateMachineUpdater (StateMachineUpdater.java:lambda$new$0(92)) - d0376a86-4cb7-4dfb-8000-fedb90cb29d8@group-F4F87F65ACB3-StateMachineUpdater: snapshotIndex: updateIncreasingly -1 -> 0
2022-09-28 15:56:16,289 [Listener at 127.0.0.1/37257] INFO  server.RaftServer$Division (ServerState.java:close(429)) - d0376a86-4cb7-4dfb-8000-fedb90cb29d8@group-F4F87F65ACB3: closes. applyIndex: 0
2022-09-28 15:56:16,289 [d0376a86-4cb7-4dfb-8000-fedb90cb29d8@group-F4F87F65ACB3-SegmentedRaftLogWorker] INFO  segmented.SegmentedRaftLogWorker (SegmentedRaftLogWorker.java:run(336)) - d0376a86-4cb7-4dfb-8000-fedb90cb29d8@group-F4F87F65ACB3-SegmentedRaftLogWorker was interrupted, exiting. There are 0 tasks remaining in the queue.
2022-09-28 15:56:16,289 [Listener at 127.0.0.1/37257] INFO  segmented.SegmentedRaftLogWorker (SegmentedRaftLogWorker.java:close(246)) - d0376a86-4cb7-4dfb-8000-fedb90cb29d8@group-F4F87F65ACB3-SegmentedRaftLogWorker close()
2022-09-28 15:56:16,299 [Listener at 127.0.0.1/37257] INFO  server.GrpcService (GrpcService.java:closeImpl(269)) - d0376a86-4cb7-4dfb-8000-fedb90cb29d8: shutdown server with port 42389 now
2022-09-28 15:56:16,299 [Listener at 127.0.0.1/37257] INFO  server.GrpcService (GrpcService.java:closeImpl(278)) - d0376a86-4cb7-4dfb-8000-fedb90cb29d8: shutdown server with port 42389 successfully
2022-09-28 15:56:16,299 [org.apache.ratis.util.JvmPauseMonitor$$Lambda$634/1800766250@388a5702] INFO  util.JvmPauseMonitor (JvmPauseMonitor.java:run(109)) - JvmPauseMonitor-d0376a86-4cb7-4dfb-8000-fedb90cb29d8: Stopped
2022-09-28 15:56:16,377 [ForkJoinPool.commonPool-worker-1] INFO  ozoneimpl.OzoneContainer (OzoneContainer.java:stop(400)) - Attempting to stop container services.
2022-09-28 15:56:16,378 [ForkJoinPool.commonPool-worker-1] INFO  server.RaftServer (RaftServerProxy.java:lambda$close$7(398)) - 5cf4cd61-878f-4dff-a8f0-3c181111f76f: close
2022-09-28 15:56:16,378 [ForkJoinPool.commonPool-worker-1] INFO  server.RaftServer$Division (RaftServerImpl.java:lambda$close$4(434)) - 5cf4cd61-878f-4dff-a8f0-3c181111f76f@group-A4729591FC0B: shutdown
2022-09-28 15:56:16,378 [ForkJoinPool.commonPool-worker-1] INFO  util.JmxRegister (JmxRegister.java:unregister(73)) - Successfully un-registered JMX Bean with object name Ratis:service=RaftServer,group=group-A4729591FC0B,id=5cf4cd61-878f-4dff-a8f0-3c181111f76f
2022-09-28 15:56:16,378 [ForkJoinPool.commonPool-worker-1] INFO  impl.RoleInfo (RoleInfo.java:shutdownFollowerState(110)) - 5cf4cd61-878f-4dff-a8f0-3c181111f76f: shutdown 5cf4cd61-878f-4dff-a8f0-3c181111f76f@group-A4729591FC0B-FollowerState
2022-09-28 15:56:16,378 [ForkJoinPool.commonPool-worker-1] INFO  impl.StateMachineUpdater (StateMachineUpdater.java:stopAndJoin(153)) - 5cf4cd61-878f-4dff-a8f0-3c181111f76f@group-A4729591FC0B-StateMachineUpdater: set stopIndex = 21
2022-09-28 15:56:16,379 [5cf4cd61-878f-4dff-a8f0-3c181111f76f@group-A4729591FC0B-FollowerState] INFO  impl.FollowerState (FollowerState.java:run(152)) - 5cf4cd61-878f-4dff-a8f0-3c181111f76f@group-A4729591FC0B-FollowerState was interrupted
2022-09-28 15:56:16,379 [5cf4cd61-878f-4dff-a8f0-3c181111f76f@group-A4729591FC0B-StateMachineUpdater] INFO  ratis.ContainerStateMachine (ContainerStateMachine.java:takeSnapshot(304)) - group-A4729591FC0B: Taking a snapshot at:(t:1, i:21) file /home/runner/work/ozone/ozone/hadoop-ozone/integration-test/target/test-dir/MiniOzoneClusterImpl-aff298ea-5285-4275-affb-2c33fd00777e/datanode-0/data/ratis/480c99fb-8e47-45c7-a28d-a4729591fc0b/sm/snapshot.1_21
2022-09-28 15:56:16,407 [5cf4cd61-878f-4dff-a8f0-3c181111f76f@group-A4729591FC0B-StateMachineUpdater] INFO  ratis.ContainerStateMachine (ContainerStateMachine.java:takeSnapshot(315)) - group-A4729591FC0B: Finished taking a snapshot at:(t:1, i:21) file:/home/runner/work/ozone/ozone/hadoop-ozone/integration-test/target/test-dir/MiniOzoneClusterImpl-aff298ea-5285-4275-affb-2c33fd00777e/datanode-0/data/ratis/480c99fb-8e47-45c7-a28d-a4729591fc0b/sm/snapshot.1_21 took: 28 ms
2022-09-28 15:56:16,407 [5cf4cd61-878f-4dff-a8f0-3c181111f76f@group-A4729591FC0B-StateMachineUpdater] INFO  impl.StateMachineUpdater (StateMachineUpdater.java:takeSnapshot(287)) - 5cf4cd61-878f-4dff-a8f0-3c181111f76f@group-A4729591FC0B-StateMachineUpdater: Took a snapshot at index 21
2022-09-28 15:56:16,407 [5cf4cd61-878f-4dff-a8f0-3c181111f76f@group-A4729591FC0B-StateMachineUpdater] INFO  impl.StateMachineUpdater (StateMachineUpdater.java:lambda$new$0(92)) - 5cf4cd61-878f-4dff-a8f0-3c181111f76f@group-A4729591FC0B-StateMachineUpdater: snapshotIndex: updateIncreasingly -1 -> 21
2022-09-28 15:56:16,408 [ForkJoinPool.commonPool-worker-1] INFO  server.RaftServer$Division (ServerState.java:close(429)) - 5cf4cd61-878f-4dff-a8f0-3c181111f76f@group-A4729591FC0B: closes. applyIndex: 21
2022-09-28 15:56:16,409 [5cf4cd61-878f-4dff-a8f0-3c181111f76f@group-A4729591FC0B-SegmentedRaftLogWorker] INFO  segmented.SegmentedRaftLogWorker (SegmentedRaftLogWorker.java:run(336)) - 5cf4cd61-878f-4dff-a8f0-3c181111f76f@group-A4729591FC0B-SegmentedRaftLogWorker was interrupted, exiting. There are 0 tasks remaining in the queue.
2022-09-28 15:56:16,410 [ForkJoinPool.commonPool-worker-1] INFO  segmented.SegmentedRaftLogWorker (SegmentedRaftLogWorker.java:close(246)) - 5cf4cd61-878f-4dff-a8f0-3c181111f76f@group-A4729591FC0B-SegmentedRaftLogWorker close()
2022-09-28 15:56:16,411 [ForkJoinPool.commonPool-worker-1] INFO  server.RaftServer$Division (RaftServerImpl.java:lambda$close$4(434)) - 5cf4cd61-878f-4dff-a8f0-3c181111f76f@group-5A73E7049105: shutdown
2022-09-28 15:56:16,411 [ForkJoinPool.commonPool-worker-1] INFO  util.JmxRegister (JmxRegister.java:unregister(73)) - Successfully un-registered JMX Bean with object name Ratis:service=RaftServer,group=group-5A73E7049105,id=5cf4cd61-878f-4dff-a8f0-3c181111f76f
2022-09-28 15:56:16,411 [ForkJoinPool.commonPool-worker-1] INFO  impl.RoleInfo (RoleInfo.java:shutdownFollowerState(110)) - 5cf4cd61-878f-4dff-a8f0-3c181111f76f: shutdown 5cf4cd61-878f-4dff-a8f0-3c181111f76f@group-5A73E7049105-FollowerState
2022-09-28 15:56:16,411 [ForkJoinPool.commonPool-worker-1] INFO  impl.StateMachineUpdater (StateMachineUpdater.java:stopAndJoin(153)) - 5cf4cd61-878f-4dff-a8f0-3c181111f76f@group-5A73E7049105-StateMachineUpdater: set stopIndex = 7
2022-09-28 15:56:16,411 [5cf4cd61-878f-4dff-a8f0-3c181111f76f@group-5A73E7049105-FollowerState] INFO  impl.FollowerState (FollowerState.java:run(152)) - 5cf4cd61-878f-4dff-a8f0-3c181111f76f@group-5A73E7049105-FollowerState was interrupted
2022-09-28 15:56:16,411 [5cf4cd61-878f-4dff-a8f0-3c181111f76f@group-5A73E7049105-StateMachineUpdater] INFO  ratis.ContainerStateMachine (ContainerStateMachine.java:takeSnapshot(304)) - group-5A73E7049105: Taking a snapshot at:(t:1, i:7) file /home/runner/work/ozone/ozone/hadoop-ozone/integration-test/target/test-dir/MiniOzoneClusterImpl-aff298ea-5285-4275-affb-2c33fd00777e/datanode-0/data/ratis/09ac3006-069a-4136-8cc0-5a73e7049105/sm/snapshot.1_7
2022-09-28 15:56:16,424 [5cf4cd61-878f-4dff-a8f0-3c181111f76f@group-5A73E7049105-StateMachineUpdater] INFO  ratis.ContainerStateMachine (ContainerStateMachine.java:takeSnapshot(315)) - group-5A73E7049105: Finished taking a snapshot at:(t:1, i:7) file:/home/runner/work/ozone/ozone/hadoop-ozone/integration-test/target/test-dir/MiniOzoneClusterImpl-aff298ea-5285-4275-affb-2c33fd00777e/datanode-0/data/ratis/09ac3006-069a-4136-8cc0-5a73e7049105/sm/snapshot.1_7 took: 12 ms
2022-09-28 15:56:16,424 [5cf4cd61-878f-4dff-a8f0-3c181111f76f@group-5A73E7049105-StateMachineUpdater] INFO  impl.StateMachineUpdater (StateMachineUpdater.java:takeSnapshot(287)) - 5cf4cd61-878f-4dff-a8f0-3c181111f76f@group-5A73E7049105-StateMachineUpdater: Took a snapshot at index 7
2022-09-28 15:56:16,424 [5cf4cd61-878f-4dff-a8f0-3c181111f76f@group-5A73E7049105-StateMachineUpdater] INFO  impl.StateMachineUpdater (StateMachineUpdater.java:lambda$new$0(92)) - 5cf4cd61-878f-4dff-a8f0-3c181111f76f@group-5A73E7049105-StateMachineUpdater: snapshotIndex: updateIncreasingly -1 -> 7
2022-09-28 15:56:16,424 [ForkJoinPool.commonPool-worker-1] INFO  server.RaftServer$Division (ServerState.java:close(429)) - 5cf4cd61-878f-4dff-a8f0-3c181111f76f@group-5A73E7049105: closes. applyIndex: 7
2022-09-28 15:56:16,424 [5cf4cd61-878f-4dff-a8f0-3c181111f76f@group-5A73E7049105-SegmentedRaftLogWorker] INFO  segmented.SegmentedRaftLogWorker (SegmentedRaftLogWorker.java:run(336)) - 5cf4cd61-878f-4dff-a8f0-3c181111f76f@group-5A73E7049105-SegmentedRaftLogWorker was interrupted, exiting. There are 0 tasks remaining in the queue.
2022-09-28 15:56:16,425 [ForkJoinPool.commonPool-worker-1] INFO  segmented.SegmentedRaftLogWorker (SegmentedRaftLogWorker.java:close(246)) - 5cf4cd61-878f-4dff-a8f0-3c181111f76f@group-5A73E7049105-SegmentedRaftLogWorker close()
2022-09-28 15:56:16,426 [ForkJoinPool.commonPool-worker-1] INFO  server.RaftServer$Division (RaftServerImpl.java:lambda$close$4(434)) - 5cf4cd61-878f-4dff-a8f0-3c181111f76f@group-1FC824CE5D11: shutdown
2022-09-28 15:56:16,426 [ForkJoinPool.commonPool-worker-1] INFO  util.JmxRegister (JmxRegister.java:unregister(73)) - Successfully un-registered JMX Bean with object name Ratis:service=RaftServer,group=group-1FC824CE5D11,id=5cf4cd61-878f-4dff-a8f0-3c181111f76f
2022-09-28 15:56:16,426 [ForkJoinPool.commonPool-worker-1] INFO  impl.RoleInfo (RoleInfo.java:shutdownLeaderState(93)) - 5cf4cd61-878f-4dff-a8f0-3c181111f76f: shutdown 5cf4cd61-878f-4dff-a8f0-3c181111f76f@group-1FC824CE5D11-LeaderStateImpl
2022-09-28 15:56:16,426 [ForkJoinPool.commonPool-worker-1] INFO  impl.PendingRequests (PendingRequests.java:sendNotLeaderResponses(282)) - 5cf4cd61-878f-4dff-a8f0-3c181111f76f@group-1FC824CE5D11-PendingRequests: sendNotLeaderResponses
2022-09-28 15:56:16,426 [ForkJoinPool.commonPool-worker-1] INFO  impl.StateMachineUpdater (StateMachineUpdater.java:stopAndJoin(153)) - 5cf4cd61-878f-4dff-a8f0-3c181111f76f@group-1FC824CE5D11-StateMachineUpdater: set stopIndex = 0
2022-09-28 15:56:16,427 [5cf4cd61-878f-4dff-a8f0-3c181111f76f@group-1FC824CE5D11-StateMachineUpdater] INFO  ratis.ContainerStateMachine (ContainerStateMachine.java:takeSnapshot(304)) - group-1FC824CE5D11: Taking a snapshot at:(t:1, i:0) file /home/runner/work/ozone/ozone/hadoop-ozone/integration-test/target/test-dir/MiniOzoneClusterImpl-aff298ea-5285-4275-affb-2c33fd00777e/datanode-0/data/ratis/e33f77f4-5a97-4ab8-924d-1fc824ce5d11/sm/snapshot.1_0
2022-09-28 15:56:16,428 [5cf4cd61-878f-4dff-a8f0-3c181111f76f@group-1FC824CE5D11-StateMachineUpdater] INFO  ratis.ContainerStateMachine (ContainerStateMachine.java:takeSnapshot(315)) - group-1FC824CE5D11: Finished taking a snapshot at:(t:1, i:0) file:/home/runner/work/ozone/ozone/hadoop-ozone/integration-test/target/test-dir/MiniOzoneClusterImpl-aff298ea-5285-4275-affb-2c33fd00777e/datanode-0/data/ratis/e33f77f4-5a97-4ab8-924d-1fc824ce5d11/sm/snapshot.1_0 took: 1 ms
2022-09-28 15:56:16,428 [5cf4cd61-878f-4dff-a8f0-3c181111f76f@group-1FC824CE5D11-StateMachineUpdater] INFO  impl.StateMachineUpdater (StateMachineUpdater.java:takeSnapshot(287)) - 5cf4cd61-878f-4dff-a8f0-3c181111f76f@group-1FC824CE5D11-StateMachineUpdater: Took a snapshot at index 0
2022-09-28 15:56:16,428 [5cf4cd61-878f-4dff-a8f0-3c181111f76f@group-1FC824CE5D11-StateMachineUpdater] INFO  impl.StateMachineUpdater (StateMachineUpdater.java:lambda$new$0(92)) - 5cf4cd61-878f-4dff-a8f0-3c181111f76f@group-1FC824CE5D11-StateMachineUpdater: snapshotIndex: updateIncreasingly -1 -> 0
2022-09-28 15:56:16,431 [ForkJoinPool.commonPool-worker-1] INFO  server.RaftServer$Division (ServerState.java:close(429)) - 5cf4cd61-878f-4dff-a8f0-3c181111f76f@group-1FC824CE5D11: closes. applyIndex: 0
2022-09-28 15:56:16,431 [5cf4cd61-878f-4dff-a8f0-3c181111f76f@group-1FC824CE5D11-SegmentedRaftLogWorker] INFO  segmented.SegmentedRaftLogWorker (SegmentedRaftLogWorker.java:run(336)) - 5cf4cd61-878f-4dff-a8f0-3c181111f76f@group-1FC824CE5D11-SegmentedRaftLogWorker was interrupted, exiting. There are 0 tasks remaining in the queue.
2022-09-28 15:56:16,431 [ForkJoinPool.commonPool-worker-1] INFO  segmented.SegmentedRaftLogWorker (SegmentedRaftLogWorker.java:close(246)) - 5cf4cd61-878f-4dff-a8f0-3c181111f76f@group-1FC824CE5D11-SegmentedRaftLogWorker close()
2022-09-28 15:56:16,435 [ForkJoinPool.commonPool-worker-1] INFO  server.GrpcService (GrpcService.java:closeImpl(269)) - 5cf4cd61-878f-4dff-a8f0-3c181111f76f: shutdown server with port 35311 now
2022-09-28 15:56:16,462 [ForkJoinPool.commonPool-worker-1] INFO  server.GrpcService (GrpcService.java:closeImpl(278)) - 5cf4cd61-878f-4dff-a8f0-3c181111f76f: shutdown server with port 35311 successfully
2022-09-28 15:56:16,467 [org.apache.ratis.util.JvmPauseMonitor$$Lambda$634/1800766250@1e27097e] INFO  util.JvmPauseMonitor (JvmPauseMonitor.java:run(109)) - JvmPauseMonitor-5cf4cd61-878f-4dff-a8f0-3c181111f76f: Stopped
2022-09-28 15:56:18,362 [Listener at 127.0.0.1/37257] INFO  utils.BackgroundService (BackgroundService.java:shutdown(141)) - Shutting down service BlockDeletingService
2022-09-28 15:56:18,362 [Listener at 127.0.0.1/37257] INFO  utils.BackgroundService (BackgroundService.java:shutdown(141)) - Shutting down service StaleRecoveringContainerScrubbingService
2022-09-28 15:56:18,531 [ForkJoinPool.commonPool-worker-1] INFO  utils.BackgroundService (BackgroundService.java:shutdown(141)) - Shutting down service BlockDeletingService
2022-09-28 15:56:18,532 [ForkJoinPool.commonPool-worker-1] INFO  utils.BackgroundService (BackgroundService.java:shutdown(141)) - Shutting down service StaleRecoveringContainerScrubbingService
2022-09-28 15:56:21,372 [Listener at 127.0.0.1/37257] INFO  statemachine.DatanodeStateMachine (DatanodeStateMachine.java:stopDaemon(580)) - Ozone container server stopped.
2022-09-28 15:56:21,396 [Listener at 127.0.0.1/37257] INFO  handler.ContextHandler (ContextHandler.java:doStop(1153)) - Stopped o.e.j.w.WebAppContext@325cb16{hddsDatanode,/,null,STOPPED}{jar:file:/home/runner/.m2/repository/org/apache/ozone/hdds-container-service/1.3.0-SNAPSHOT/hdds-container-service-1.3.0-SNAPSHOT.jar!/webapps/hddsDatanode}
2022-09-28 15:56:21,398 [Listener at 127.0.0.1/37257] INFO  server.AbstractConnector (AbstractConnector.java:doStop(381)) - Stopped ServerConnector@3af0c696{HTTP/1.1, (http/1.1)}{0.0.0.0:0}
2022-09-28 15:56:21,398 [Listener at 127.0.0.1/37257] INFO  server.session (HouseKeeper.java:stopScavenging(149)) - node0 Stopped scavenging
2022-09-28 15:56:21,398 [Listener at 127.0.0.1/37257] INFO  handler.ContextHandler (ContextHandler.java:doStop(1153)) - Stopped o.e.j.s.ServletContextHandler@76d55a3e{static,/static,jar:file:/home/runner/.m2/repository/org/apache/ozone/hdds-container-service/1.3.0-SNAPSHOT/hdds-container-service-1.3.0-SNAPSHOT.jar!/webapps/static,STOPPED}
2022-09-28 15:56:21,398 [Listener at 127.0.0.1/37257] INFO  handler.ContextHandler (ContextHandler.java:doStop(1153)) - Stopped o.e.j.s.ServletContextHandler@69275b11{logs,/logs,file:///home/runner/work/ozone/ozone/hadoop-ozone/integration-test/target/log,STOPPED}
2022-09-28 15:56:21,575 [ForkJoinPool.commonPool-worker-1] INFO  statemachine.DatanodeStateMachine (DatanodeStateMachine.java:stopDaemon(580)) - Ozone container server stopped.
2022-09-28 15:56:21,603 [ForkJoinPool.commonPool-worker-1] INFO  handler.ContextHandler (ContextHandler.java:doStop(1153)) - Stopped o.e.j.w.WebAppContext@3cdb3b12{hddsDatanode,/,null,STOPPED}{jar:file:/home/runner/.m2/repository/org/apache/ozone/hdds-container-service/1.3.0-SNAPSHOT/hdds-container-service-1.3.0-SNAPSHOT.jar!/webapps/hddsDatanode}
2022-09-28 15:56:21,607 [ForkJoinPool.commonPool-worker-1] INFO  server.AbstractConnector (AbstractConnector.java:doStop(381)) - Stopped ServerConnector@1fa84298{HTTP/1.1, (http/1.1)}{0.0.0.0:0}
2022-09-28 15:56:21,607 [ForkJoinPool.commonPool-worker-1] INFO  server.session (HouseKeeper.java:stopScavenging(149)) - node0 Stopped scavenging
2022-09-28 15:56:21,608 [ForkJoinPool.commonPool-worker-1] INFO  handler.ContextHandler (ContextHandler.java:doStop(1153)) - Stopped o.e.j.s.ServletContextHandler@3eca364c{static,/static,jar:file:/home/runner/.m2/repository/org/apache/ozone/hdds-container-service/1.3.0-SNAPSHOT/hdds-container-service-1.3.0-SNAPSHOT.jar!/webapps/static,STOPPED}
2022-09-28 15:56:21,619 [ForkJoinPool.commonPool-worker-1] INFO  handler.ContextHandler (ContextHandler.java:doStop(1153)) - Stopped o.e.j.s.ServletContextHandler@df65ef7{logs,/logs,file:///home/runner/work/ozone/ozone/hadoop-ozone/integration-test/target/log,STOPPED}
2022-09-28 15:56:26,425 [Listener at 127.0.0.1/37257] INFO  ozoneimpl.OzoneContainer (OzoneContainer.java:stop(400)) - Attempting to stop container services.
2022-09-28 15:56:26,427 [Listener at 127.0.0.1/37257] INFO  server.RaftServer (RaftServerProxy.java:lambda$close$7(398)) - efb57e59-7b5e-412f-abe5-c0e716dfec12: close
2022-09-28 15:56:26,427 [Listener at 127.0.0.1/37257] INFO  server.RaftServer$Division (RaftServerImpl.java:lambda$close$4(434)) - efb57e59-7b5e-412f-abe5-c0e716dfec12@group-A5F21D04F577: shutdown
2022-09-28 15:56:26,427 [Listener at 127.0.0.1/37257] INFO  util.JmxRegister (JmxRegister.java:unregister(73)) - Successfully un-registered JMX Bean with object name Ratis:service=RaftServer,group=group-A5F21D04F577,id=efb57e59-7b5e-412f-abe5-c0e716dfec12
2022-09-28 15:56:26,427 [Listener at 127.0.0.1/37257] INFO  impl.RoleInfo (RoleInfo.java:shutdownLeaderState(93)) - efb57e59-7b5e-412f-abe5-c0e716dfec12: shutdown efb57e59-7b5e-412f-abe5-c0e716dfec12@group-A5F21D04F577-LeaderStateImpl
2022-09-28 15:56:26,427 [Listener at 127.0.0.1/37257] INFO  impl.PendingRequests (PendingRequests.java:sendNotLeaderResponses(282)) - efb57e59-7b5e-412f-abe5-c0e716dfec12@group-A5F21D04F577-PendingRequests: sendNotLeaderResponses
2022-09-28 15:56:26,428 [Listener at 127.0.0.1/37257] INFO  impl.StateMachineUpdater (StateMachineUpdater.java:stopAndJoin(153)) - efb57e59-7b5e-412f-abe5-c0e716dfec12@group-A5F21D04F577-StateMachineUpdater: set stopIndex = 0
2022-09-28 15:56:26,429 [efb57e59-7b5e-412f-abe5-c0e716dfec12@group-A5F21D04F577-StateMachineUpdater] INFO  ratis.ContainerStateMachine (ContainerStateMachine.java:takeSnapshot(304)) - group-A5F21D04F577: Taking a snapshot at:(t:1, i:0) file /home/runner/work/ozone/ozone/hadoop-ozone/integration-test/target/test-dir/MiniOzoneClusterImpl-aff298ea-5285-4275-affb-2c33fd00777e/datanode-3/data/ratis/74a891cd-d7de-4311-a204-a5f21d04f577/sm/snapshot.1_0
2022-09-28 15:56:26,431 [efb57e59-7b5e-412f-abe5-c0e716dfec12@group-A5F21D04F577-StateMachineUpdater] INFO  ratis.ContainerStateMachine (ContainerStateMachine.java:takeSnapshot(315)) - group-A5F21D04F577: Finished taking a snapshot at:(t:1, i:0) file:/home/runner/work/ozone/ozone/hadoop-ozone/integration-test/target/test-dir/MiniOzoneClusterImpl-aff298ea-5285-4275-affb-2c33fd00777e/datanode-3/data/ratis/74a891cd-d7de-4311-a204-a5f21d04f577/sm/snapshot.1_0 took: 2 ms
2022-09-28 15:56:26,433 [efb57e59-7b5e-412f-abe5-c0e716dfec12@group-A5F21D04F577-StateMachineUpdater] INFO  impl.StateMachineUpdater (StateMachineUpdater.java:takeSnapshot(287)) - efb57e59-7b5e-412f-abe5-c0e716dfec12@group-A5F21D04F577-StateMachineUpdater: Took a snapshot at index 0
2022-09-28 15:56:26,433 [efb57e59-7b5e-412f-abe5-c0e716dfec12@group-A5F21D04F577-StateMachineUpdater] INFO  impl.StateMachineUpdater (StateMachineUpdater.java:lambda$new$0(92)) - efb57e59-7b5e-412f-abe5-c0e716dfec12@group-A5F21D04F577-StateMachineUpdater: snapshotIndex: updateIncreasingly -1 -> 0
2022-09-28 15:56:26,438 [Listener at 127.0.0.1/37257] INFO  server.RaftServer$Division (ServerState.java:close(429)) - efb57e59-7b5e-412f-abe5-c0e716dfec12@group-A5F21D04F577: closes. applyIndex: 0
2022-09-28 15:56:26,438 [efb57e59-7b5e-412f-abe5-c0e716dfec12@group-A5F21D04F577-SegmentedRaftLogWorker] INFO  segmented.SegmentedRaftLogWorker (SegmentedRaftLogWorker.java:run(336)) - efb57e59-7b5e-412f-abe5-c0e716dfec12@group-A5F21D04F577-SegmentedRaftLogWorker was interrupted, exiting. There are 0 tasks remaining in the queue.
2022-09-28 15:56:26,438 [Listener at 127.0.0.1/37257] INFO  segmented.SegmentedRaftLogWorker (SegmentedRaftLogWorker.java:close(246)) - efb57e59-7b5e-412f-abe5-c0e716dfec12@group-A5F21D04F577-SegmentedRaftLogWorker close()
2022-09-28 15:56:26,447 [Listener at 127.0.0.1/37257] INFO  server.GrpcService (GrpcService.java:closeImpl(269)) - efb57e59-7b5e-412f-abe5-c0e716dfec12: shutdown server with port 33495 now
2022-09-28 15:56:26,451 [Listener at 127.0.0.1/37257] INFO  server.GrpcService (GrpcService.java:closeImpl(278)) - efb57e59-7b5e-412f-abe5-c0e716dfec12: shutdown server with port 33495 successfully
2022-09-28 15:56:26,451 [org.apache.ratis.util.JvmPauseMonitor$$Lambda$634/1800766250@6ca8e086] INFO  util.JvmPauseMonitor (JvmPauseMonitor.java:run(109)) - JvmPauseMonitor-efb57e59-7b5e-412f-abe5-c0e716dfec12: Stopped
2022-09-28 15:56:28,479 [Listener at 127.0.0.1/37257] INFO  utils.BackgroundService (BackgroundService.java:shutdown(141)) - Shutting down service BlockDeletingService
2022-09-28 15:56:28,487 [Listener at 127.0.0.1/37257] INFO  utils.BackgroundService (BackgroundService.java:shutdown(141)) - Shutting down service StaleRecoveringContainerScrubbingService
2022-09-28 15:56:31,504 [Listener at 127.0.0.1/37257] INFO  statemachine.DatanodeStateMachine (DatanodeStateMachine.java:stopDaemon(580)) - Ozone container server stopped.
2022-09-28 15:56:31,516 [Listener at 127.0.0.1/37257] INFO  handler.ContextHandler (ContextHandler.java:doStop(1153)) - Stopped o.e.j.w.WebAppContext@6143c8bf{hddsDatanode,/,null,STOPPED}{jar:file:/home/runner/.m2/repository/org/apache/ozone/hdds-container-service/1.3.0-SNAPSHOT/hdds-container-service-1.3.0-SNAPSHOT.jar!/webapps/hddsDatanode}
2022-09-28 15:56:31,523 [Listener at 127.0.0.1/37257] INFO  server.AbstractConnector (AbstractConnector.java:doStop(381)) - Stopped ServerConnector@149de55c{HTTP/1.1, (http/1.1)}{0.0.0.0:0}
2022-09-28 15:56:31,525 [Listener at 127.0.0.1/37257] INFO  server.session (HouseKeeper.java:stopScavenging(149)) - node0 Stopped scavenging
2022-09-28 15:56:31,525 [Listener at 127.0.0.1/37257] INFO  handler.ContextHandler (ContextHandler.java:doStop(1153)) - Stopped o.e.j.s.ServletContextHandler@3f551177{static,/static,jar:file:/home/runner/.m2/repository/org/apache/ozone/hdds-container-service/1.3.0-SNAPSHOT/hdds-container-service-1.3.0-SNAPSHOT.jar!/webapps/static,STOPPED}
2022-09-28 15:56:31,540 [Listener at 127.0.0.1/37257] INFO  handler.ContextHandler (ContextHandler.java:doStop(1153)) - Stopped o.e.j.s.ServletContextHandler@e7c9f64{logs,/logs,file:///home/runner/work/ozone/ozone/hadoop-ozone/integration-test/target/log,STOPPED}
2022-09-28 15:56:31,554 [Listener at 127.0.0.1/37257] INFO  ozone.MiniOzoneClusterImpl (MiniOzoneClusterImpl.java:stopSCM(537)) - Stopping the StorageContainerManager
2022-09-28 15:56:31,555 [Listener at 127.0.0.1/37257] INFO  server.StorageContainerManager (StorageContainerManager.java:stop(1528)) - Container Balancer is not running.
2022-09-28 15:56:31,555 [Listener at 127.0.0.1/37257] INFO  server.StorageContainerManager (StorageContainerManager.java:stop(1535)) - Stopping Replication Manager Service.
2022-09-28 15:56:31,555 [Listener at 127.0.0.1/37257] INFO  replication.ReplicationManager (ReplicationManager.java:stop(255)) - Stopping Replication Monitor Thread.
2022-09-28 15:56:31,557 [Under Replicated Processor] WARN  replication.UnderReplicatedProcessor (UnderReplicatedProcessor.java:run(148)) - Under Replicated Processor interrupted. Exiting...
2022-09-28 15:56:31,558 [Over Replicated Processor] WARN  replication.OverReplicatedProcessor (OverReplicatedProcessor.java:run(137)) - Over Replicated Processor interrupted. Exiting...
2022-09-28 15:56:31,559 [Listener at 127.0.0.1/37257] INFO  server.StorageContainerManager (StorageContainerManager.java:stop(1542)) - Stopping the Datanode Admin Monitor.
2022-09-28 15:56:31,559 [ReplicationMonitor] INFO  replication.ReplicationManager (ReplicationManager.java:run(507)) - Replication Monitor Thread is stopped
2022-09-28 15:56:31,559 [Listener at 127.0.0.1/37257] INFO  server.StorageContainerManager (StorageContainerManager.java:stop(1549)) - Stopping Lease Manager of the command watchers
2022-09-28 15:56:31,559 [Listener at 127.0.0.1/37257] INFO  server.StorageContainerManager (StorageContainerManager.java:stop(1556)) - Stopping datanode service RPC server
2022-09-28 15:56:31,559 [Listener at 127.0.0.1/37257] INFO  server.SCMDatanodeProtocolServer (SCMDatanodeProtocolServer.java:stop(414)) - Stopping the RPC server for DataNodes
2022-09-28 15:56:31,559 [Listener at 127.0.0.1/37257] INFO  ipc.Server (Server.java:stop(3414)) - Stopping server on 43585
2022-09-28 15:56:31,568 [IPC Server listener on 0] INFO  ipc.Server (Server.java:run(1376)) - Stopping IPC Server listener on 0
2022-09-28 15:56:31,607 [IPC Server Responder] INFO  ipc.Server (Server.java:run(1512)) - Stopping IPC Server Responder
2022-09-28 15:56:31,652 [SCM Heartbeat Processing Thread - 0] WARN  node.NodeStateManager (NodeStateManager.java:scheduleNextHealthCheck(870)) - Current Thread is interrupted, shutting down HB processing thread for Node Manager.
2022-09-28 15:56:31,653 [Listener at 127.0.0.1/37257] INFO  server.StorageContainerManager (StorageContainerManager.java:stop(1564)) - Stopping block service RPC server
2022-09-28 15:56:31,653 [Listener at 127.0.0.1/37257] INFO  server.SCMBlockProtocolServer (SCMBlockProtocolServer.java:stop(161)) - Stopping the RPC server for Block Protocol
2022-09-28 15:56:31,653 [Listener at 127.0.0.1/37257] INFO  ipc.Server (Server.java:stop(3414)) - Stopping server on 37715
2022-09-28 15:56:31,670 [IPC Server listener on 0] INFO  ipc.Server (Server.java:run(1376)) - Stopping IPC Server listener on 0
2022-09-28 15:56:31,670 [Listener at 127.0.0.1/37257] INFO  server.StorageContainerManager (StorageContainerManager.java:stop(1571)) - Stopping the StorageContainerLocationProtocol RPC server
2022-09-28 15:56:31,670 [Listener at 127.0.0.1/37257] INFO  server.SCMClientProtocolServer (SCMClientProtocolServer.java:stop(179)) - Stopping the RPC server for Client Protocol
2022-09-28 15:56:31,691 [Listener at 127.0.0.1/37257] INFO  ipc.Server (Server.java:stop(3414)) - Stopping server on 44051
2022-09-28 15:56:31,670 [IPC Server Responder] INFO  ipc.Server (Server.java:run(1512)) - Stopping IPC Server Responder
2022-09-28 15:56:31,707 [IPC Server listener on 0] INFO  ipc.Server (Server.java:run(1376)) - Stopping IPC Server listener on 0
2022-09-28 15:56:31,707 [Listener at 127.0.0.1/37257] INFO  server.StorageContainerManager (StorageContainerManager.java:stop(1578)) - Stopping Storage Container Manager HTTP server.
2022-09-28 15:56:31,707 [IPC Server Responder] INFO  ipc.Server (Server.java:run(1512)) - Stopping IPC Server Responder
2022-09-28 15:56:31,707 [Listener at 127.0.0.1/37257] INFO  handler.ContextHandler (ContextHandler.java:doStop(1153)) - Stopped o.e.j.w.WebAppContext@2b20e1ea{scm,/,null,STOPPED}{file:/home/runner/work/ozone/ozone/hadoop-ozone/integration-test/target/test-classes/webapps/scm}
2022-09-28 15:56:31,739 [Listener at 127.0.0.1/37257] INFO  server.AbstractConnector (AbstractConnector.java:doStop(381)) - Stopped ServerConnector@2260f06e{HTTP/1.1, (http/1.1)}{0.0.0.0:0}
2022-09-28 15:56:31,739 [Listener at 127.0.0.1/37257] INFO  server.session (HouseKeeper.java:stopScavenging(149)) - node0 Stopped scavenging
2022-09-28 15:56:31,739 [Listener at 127.0.0.1/37257] INFO  handler.ContextHandler (ContextHandler.java:doStop(1153)) - Stopped o.e.j.s.ServletContextHandler@62ef1703{static,/static,file:///home/runner/work/ozone/ozone/hadoop-ozone/integration-test/target/test-classes/webapps/static,STOPPED}
2022-09-28 15:56:31,739 [Listener at 127.0.0.1/37257] INFO  handler.ContextHandler (ContextHandler.java:doStop(1153)) - Stopped o.e.j.s.ServletContextHandler@70be38b8{logs,/logs,file:///home/runner/work/ozone/ozone/hadoop-ozone/integration-test/target/log,STOPPED}
2022-09-28 15:56:31,747 [Listener at 127.0.0.1/37257] INFO  server.StorageContainerManager (StorageContainerManager.java:stop(1584)) - Stopping SCM LayoutVersionManager Service.
2022-09-28 15:56:31,747 [Listener at 127.0.0.1/37257] INFO  server.StorageContainerManager (StorageContainerManager.java:stop(1592)) - Stopping Block Manager Service.
2022-09-28 15:56:31,747 [Listener at 127.0.0.1/37257] INFO  utils.BackgroundService (BackgroundService.java:shutdown(141)) - Shutting down service SCMBlockDeletingService
2022-09-28 15:56:31,748 [Listener at 127.0.0.1/37257] INFO  utils.BackgroundService (BackgroundService.java:shutdown(141)) - Shutting down service SCMBlockDeletingService
2022-09-28 15:56:31,748 [Listener at 127.0.0.1/37257] INFO  server.StorageContainerManager (StorageContainerManager.java:stop(1619)) - Stopping SCM Event Queue.
2022-09-28 15:56:31,755 [Listener at 127.0.0.1/37257] INFO  server.StorageContainerManager (StorageContainerManager.java:stop(1630)) - Stopping SCM HA services.
2022-09-28 15:56:31,755 [Listener at 127.0.0.1/37257] INFO  pipeline.BackgroundPipelineCreator (BackgroundPipelineCreator.java:stop(149)) - Stopping RatisPipelineUtilsThread.
2022-09-28 15:56:31,766 [RatisPipelineUtilsThread - 0] WARN  pipeline.BackgroundPipelineCreator (BackgroundPipelineCreator.java:run(180)) - RatisPipelineUtilsThread is interrupted.
2022-09-28 15:56:31,766 [Listener at 127.0.0.1/37257] INFO  BackgroundPipelineScrubber (BackgroundSCMService.java:stop(131)) - Stopping BackgroundPipelineScrubber Service.
2022-09-28 15:56:31,766 [Listener at 127.0.0.1/37257] INFO  server.StorageContainerManager (StorageContainerManager.java:stop(1640)) - Stopping SCM MetadataStore.
2022-09-28 15:56:31,766 [BackgroundPipelineScrubberThread] WARN  BackgroundPipelineScrubber (BackgroundSCMService.java:run(115)) - BackgroundPipelineScrubber is interrupted, exit
2022-09-28 15:56:31,773 [Listener at 127.0.0.1/37257] INFO  impl.MetricsSystemImpl (MetricsSystemImpl.java:stop(210)) - Stopping HddsDatanode metrics system...
2022-09-28 15:56:31,804 [prometheus] INFO  impl.MetricsSinkAdapter (MetricsSinkAdapter.java:publishMetricsFromQueue(141)) - prometheus thread interrupted.
2022-09-28 15:56:31,804 [Listener at 127.0.0.1/37257] INFO  impl.MetricsSystemImpl (MetricsSystemImpl.java:stop(216)) - HddsDatanode metrics system stopped.
2022-09-28 15:56:32,063 [Listener at 127.0.0.1/37257] WARN  server.ServerUtils (ServerUtils.java:getScmDbDir(148)) - ozone.scm.db.dirs is not configured. We recommend adding this setting. Falling back to ozone.metadata.dirs instead.
2022-09-28 15:56:32,081 [Listener at 127.0.0.1/37257] WARN  server.ServerUtils (ServerUtils.java:getScmDbDir(148)) - ozone.scm.db.dirs is not configured. We recommend adding this setting. Falling back to ozone.metadata.dirs instead.
2022-09-28 15:56:32,082 [Listener at 127.0.0.1/37257] INFO  ha.SCMHANodeDetails (SCMHANodeDetails.java:loadSCMHAConfig(209)) - ServiceID for StorageContainerManager is null
2022-09-28 15:56:32,082 [Listener at 127.0.0.1/37257] INFO  ha.SCMHANodeDetails (SCMHANodeDetails.java:loadSCMHAConfig(214)) - ozone.scm.default.service.id is not defined, falling back to ozone.scm.service.ids to find serviceID for StorageContainerManager if it is HA enabled cluster
2022-09-28 15:56:32,083 [Listener at 127.0.0.1/37257] WARN  utils.HAUtils (HAUtils.java:getMetaDir(342)) - ozone.scm.db.dirs is not configured. We recommend adding this setting. Falling back to ozone.metadata.dirs instead.
2022-09-28 15:56:32,083 [Listener at 127.0.0.1/37257] WARN  db.DBStoreBuilder (DBStoreBuilder.java:applyDBDefinition(144)) - ozone.scm.db.dirs is not configured. We recommend adding this setting. Falling back to ozone.metadata.dirs instead.
2022-09-28 15:56:32,279 [Listener at 127.0.0.1/37257] INFO  net.NodeSchemaLoader (NodeSchemaLoader.java:loadSchemaFromFile(129)) - Loading schema from [jar:file:/home/runner/.m2/repository/org/apache/ozone/hdds-common/1.3.0-SNAPSHOT/hdds-common-1.3.0-SNAPSHOT.jar!/network-topology-default.xml]
2022-09-28 15:56:32,279 [Listener at 127.0.0.1/37257] INFO  net.NodeSchemaLoader (NodeSchemaLoader.java:loadSchema(176)) - Loading network topology layer schema file
2022-09-28 15:56:32,283 [Listener at 127.0.0.1/37257] INFO  upgrade.AbstractLayoutVersionManager (AbstractLayoutVersionManager.java:init(83)) - Initializing Layout version manager with metadata layout = DATANODE_SCHEMA_V3 (version = 4), software layout = DATANODE_SCHEMA_V3 (version = 4)
2022-09-28 15:56:32,358 [Listener at 127.0.0.1/37257] INFO  reflections.Reflections (Reflections.java:scan(232)) - Reflections took 74 ms to scan 7 urls, producing 135 keys and 327 values 
2022-09-28 15:56:32,360 [Listener at 127.0.0.1/37257] INFO  ha.SequenceIdGenerator (SequenceIdGenerator.java:upgradeToSequenceId(349)) - upgrade localId to 109611004723200000
2022-09-28 15:56:32,360 [Listener at 127.0.0.1/37257] INFO  ha.SequenceIdGenerator (SequenceIdGenerator.java:upgradeToSequenceId(359)) - upgrade delTxnId to 0
2022-09-28 15:56:32,360 [Listener at 127.0.0.1/37257] INFO  ha.SequenceIdGenerator (SequenceIdGenerator.java:upgradeToSequenceId(376)) - upgrade containerId to 0
2022-09-28 15:56:32,361 [Listener at 127.0.0.1/37257] INFO  ha.SequenceIdGenerator (SequenceIdGenerator.java:<init>(220)) - Init the HA SequenceIdGenerator.
2022-09-28 15:56:32,361 [Listener at 127.0.0.1/37257] WARN  server.ServerUtils (ServerUtils.java:sanitizeUserArgs(73)) - ozone.scm.stale.node.interval value = 300000 is larger than max = 100000 based on the key value of ozone.scm.heartbeat.thread.interval, reset to the max value 100000.
2022-09-28 15:56:32,361 [Listener at 127.0.0.1/37257] WARN  server.ServerUtils (ServerUtils.java:sanitizeUserArgs(73)) - ozone.scm.stale.node.interval value = 300000 is larger than max = 100000 based on the key value of ozone.scm.heartbeat.thread.interval, reset to the max value 100000.
2022-09-28 15:56:32,361 [Listener at 127.0.0.1/37257] INFO  node.SCMNodeManager (SCMNodeManager.java:<init>(149)) - Entering startup safe mode.
2022-09-28 15:56:32,362 [Listener at 127.0.0.1/37257] INFO  algorithms.ContainerPlacementPolicyFactory (ContainerPlacementPolicyFactory.java:getPolicyInternal(86)) - Create container placement policy of type org.apache.hadoop.hdds.scm.container.placement.algorithms.SCMContainerPlacementRandom
2022-09-28 15:56:32,362 [Listener at 127.0.0.1/37257] INFO  algorithms.ContainerPlacementPolicyFactory (ContainerPlacementPolicyFactory.java:getPolicyInternal(86)) - Create container placement policy of type org.apache.hadoop.hdds.scm.container.placement.algorithms.SCMContainerPlacementRackScatter
2022-09-28 15:56:32,362 [Listener at 127.0.0.1/37257] INFO  pipeline.PipelineStateManagerImpl (PipelineStateManagerImpl.java:initialize(78)) - No pipeline exists in current db
2022-09-28 15:56:32,362 [Listener at 127.0.0.1/37257] INFO  algorithms.LeaderChoosePolicyFactory (LeaderChoosePolicyFactory.java:getPolicy(57)) - Create leader choose policy of type org.apache.hadoop.hdds.scm.pipeline.leader.choose.algorithms.MinLeaderCountChoosePolicy
2022-09-28 15:56:32,362 [Listener at 127.0.0.1/37257] INFO  algorithms.ContainerPlacementPolicyFactory (ContainerPlacementPolicyFactory.java:getPolicyInternal(86)) - Create container placement policy of type org.apache.hadoop.hdds.scm.container.placement.algorithms.SCMContainerPlacementRackScatter
2022-09-28 15:56:32,362 [Listener at 127.0.0.1/37257] INFO  ha.SCMServiceManager (SCMServiceManager.java:register(42)) - Registering service BackgroundPipelineCreator.
2022-09-28 15:56:32,362 [Listener at 127.0.0.1/37257] INFO  pipeline.BackgroundPipelineCreator (BackgroundPipelineCreator.java:start(124)) - Starting RatisPipelineUtilsThread.
2022-09-28 15:56:32,363 [Listener at 127.0.0.1/37257] INFO  BackgroundPipelineScrubber (BackgroundSCMService.java:start(68)) - Starting BackgroundPipelineScrubber Service.
2022-09-28 15:56:32,363 [Listener at 127.0.0.1/37257] INFO  ha.SCMServiceManager (SCMServiceManager.java:register(42)) - Registering service BackgroundPipelineScrubber.
2022-09-28 15:56:32,363 [Listener at 127.0.0.1/37257] INFO  ExpiredContainerReplicaOpScrubber (BackgroundSCMService.java:start(68)) - Starting ExpiredContainerReplicaOpScrubber Service.
2022-09-28 15:56:32,363 [Listener at 127.0.0.1/37257] INFO  ha.SCMServiceManager (SCMServiceManager.java:register(42)) - Registering service ExpiredContainerReplicaOpScrubber.
2022-09-28 15:56:32,364 [Listener at 127.0.0.1/37257] INFO  algorithms.PipelineChoosePolicyFactory (PipelineChoosePolicyFactory.java:createPipelineChoosePolicyFromClass(73)) - Create pipeline choose policy of type org.apache.hadoop.hdds.scm.pipeline.choose.algorithms.RandomPipelineChoosePolicy
2022-09-28 15:56:32,365 [Listener at 127.0.0.1/37257] INFO  ha.SCMServiceManager (SCMServiceManager.java:register(42)) - Registering service SCMBlockDeletingService.
2022-09-28 15:56:32,365 [Listener at 127.0.0.1/37257] INFO  replication.ReplicationManager (ReplicationManager.java:start(221)) - Starting Replication Monitor Thread.
2022-09-28 15:56:32,439 [Listener at 127.0.0.1/37257] INFO  ha.SCMServiceManager (SCMServiceManager.java:register(42)) - Registering service ReplicationManager.
2022-09-28 15:56:32,439 [Listener at 127.0.0.1/37257] INFO  safemode.ContainerSafeModeRule (ContainerSafeModeRule.java:<init>(89)) - containers with one replica threshold count 0
2022-09-28 15:56:32,440 [Listener at 127.0.0.1/37257] INFO  safemode.HealthyPipelineSafeModeRule (HealthyPipelineSafeModeRule.java:initializeRule(169)) - Total pipeline count is 0, healthy pipeline threshold count is 1
2022-09-28 15:56:32,440 [Listener at 127.0.0.1/37257] INFO  safemode.OneReplicaPipelineSafeModeRule (OneReplicaPipelineSafeModeRule.java:initializeRule(180)) - Total pipeline count is 0, pipeline's with at least one datanode reported threshold count is 0
2022-09-28 15:56:32,446 [Listener at 127.0.0.1/37257] INFO  ipc.CallQueueManager (CallQueueManager.java:<init>(90)) - Using callQueue: class java.util.concurrent.LinkedBlockingQueue, queueCapacity: 2000, scheduler: class org.apache.hadoop.ipc.DefaultRpcScheduler, ipcBackoff: false.
2022-09-28 15:56:32,460 [Socket Reader #1 for port 0] INFO  ipc.Server (Server.java:run(1265)) - Starting Socket Reader #1 for port 0
2022-09-28 15:56:32,475 [Listener at 0.0.0.0/44991] INFO  ipc.CallQueueManager (CallQueueManager.java:<init>(90)) - Using callQueue: class java.util.concurrent.LinkedBlockingQueue, queueCapacity: 2000, scheduler: class org.apache.hadoop.ipc.DefaultRpcScheduler, ipcBackoff: false.
2022-09-28 15:56:32,495 [Socket Reader #1 for port 0] INFO  ipc.Server (Server.java:run(1265)) - Starting Socket Reader #1 for port 0
2022-09-28 15:56:32,496 [Listener at 0.0.0.0/43139] INFO  ipc.CallQueueManager (CallQueueManager.java:<init>(90)) - Using callQueue: class java.util.concurrent.LinkedBlockingQueue, queueCapacity: 2000, scheduler: class org.apache.hadoop.ipc.DefaultRpcScheduler, ipcBackoff: false.
2022-09-28 15:56:32,497 [Socket Reader #1 for port 0] INFO  ipc.Server (Server.java:run(1265)) - Starting Socket Reader #1 for port 0
2022-09-28 15:56:32,511 [ReplicationMonitor] INFO  replication.ReplicationManager (ReplicationManager.java:processAll(289)) - Replication Manager is not ready to run until 3000ms after safemode exit
2022-09-28 15:56:32,632 [Listener at 0.0.0.0/36031] INFO  ha.SCMServiceManager (SCMServiceManager.java:register(42)) - Registering service ContainerBalancer.
2022-09-28 15:56:32,633 [Listener at 0.0.0.0/36031] INFO  server.StorageContainerManager (StorageContainerManager.java:<init>(410)) - 
Container Balancer status:
Key                            Value
Running                        false
Container Balancer Configuration values:
Key                                                Value
Threshold                                          10
Max Datanodes to Involve per Iteration(percent)    20
Max Size to Move per Iteration                     500GB
Max Size Entering Target per Iteration             26GB
Max Size Leaving Source per Iteration              26GB

2022-09-28 15:56:32,633 [Listener at 0.0.0.0/36031] WARN  events.EventQueue (EventQueue.java:fireEvent(216)) - No event handler registered for event TypedEvent{payloadType=SafeModeStatus, name='Safe mode status'}
2022-09-28 15:56:32,633 [Listener at 0.0.0.0/36031] INFO  ha.SCMContext (SCMContext.java:updateSafeModeStatus(228)) - Update SafeModeStatus from SafeModeStatus{safeModeStatus=true, preCheckPassed=false} to SafeModeStatus{safeModeStatus=true, preCheckPassed=false}.
2022-09-28 15:56:32,633 [Listener at 0.0.0.0/36031] INFO  server.StorageContainerManager (StorageContainerManager.java:start(1436)) - StorageContainerLocationProtocol RPC server is listening at /0.0.0.0:36031
2022-09-28 15:56:32,635 [Listener at 0.0.0.0/36031] WARN  impl.MetricsConfig (MetricsConfig.java:loadFirst(136)) - Cannot locate configuration: tried hadoop-metrics2-storagecontainermanager.properties,hadoop-metrics2.properties
2022-09-28 15:56:32,636 [Listener at 0.0.0.0/36031] INFO  impl.MetricsSystemImpl (MetricsSystemImpl.java:startTimer(378)) - Scheduled Metric snapshot period at 10 second(s).
2022-09-28 15:56:32,636 [Listener at 0.0.0.0/36031] INFO  impl.MetricsSystemImpl (MetricsSystemImpl.java:start(191)) - StorageContainerManager metrics system started
2022-09-28 15:56:32,709 [Listener at 0.0.0.0/36031] INFO  impl.MetricsSinkAdapter (MetricsSinkAdapter.java:start(204)) - Sink prometheus started
2022-09-28 15:56:32,710 [Listener at 0.0.0.0/36031] INFO  impl.MetricsSystemImpl (MetricsSystemImpl.java:registerSink(305)) - Registered sink prometheus
2022-09-28 15:56:32,748 [Listener at 0.0.0.0/36031] INFO  server.SCMClientProtocolServer (SCMClientProtocolServer.java:start(170)) - RPC server for Client  is listening at /0.0.0.0:36031
2022-09-28 15:56:32,755 [IPC Server Responder] INFO  ipc.Server (Server.java:run(1507)) - IPC Server Responder: starting
2022-09-28 15:56:32,781 [Listener at 0.0.0.0/36031] INFO  server.StorageContainerManager (StorageContainerManager.java:start(1451)) - ScmBlockLocationProtocol RPC server is listening at /0.0.0.0:43139
2022-09-28 15:56:32,784 [Listener at 0.0.0.0/36031] INFO  server.SCMBlockProtocolServer (SCMBlockProtocolServer.java:start(152)) - RPC server for Block Protocol is listening at /0.0.0.0:43139
2022-09-28 15:56:32,784 [IPC Server Responder] INFO  ipc.Server (Server.java:run(1507)) - IPC Server Responder: starting
2022-09-28 15:56:32,762 [IPC Server listener on 0] INFO  ipc.Server (Server.java:run(1344)) - IPC Server listener on 0: starting
2022-09-28 15:56:32,787 [IPC Server listener on 0] INFO  ipc.Server (Server.java:run(1344)) - IPC Server listener on 0: starting
2022-09-28 15:56:32,788 [Listener at 0.0.0.0/36031] INFO  server.SCMDatanodeProtocolServer (SCMDatanodeProtocolServer.java:start(186)) - ScmDatanodeProtocol RPC server for DataNodes is listening at /0.0.0.0:44991
2022-09-28 15:56:32,789 [IPC Server Responder] INFO  ipc.Server (Server.java:run(1507)) - IPC Server Responder: starting
2022-09-28 15:56:32,789 [IPC Server listener on 0] INFO  ipc.Server (Server.java:run(1344)) - IPC Server listener on 0: starting
2022-09-28 15:56:32,792 [Listener at 0.0.0.0/36031] INFO  http.BaseHttpServer (BaseHttpServer.java:newHttpServer2BuilderForOzone(213)) - Starting Web-server for scm at: http://0.0.0.0:0
2022-09-28 15:56:32,792 [Listener at 0.0.0.0/36031] INFO  http.BaseHttpServer (BaseHttpServer.java:<init>(108)) - Hadoop Security Enabled: false Ozone Security Enabled: false Ozone HTTP Security Enabled: false 
2022-09-28 15:56:32,793 [Listener at 0.0.0.0/36031] INFO  server.AuthenticationFilter (AuthenticationFilter.java:constructSecretProvider(240)) - Unable to initialize FileSignerSecretProvider, falling back to use random secrets.
2022-09-28 15:56:32,793 [org.apache.hadoop.util.JvmPauseMonitor$Monitor@329d84e] INFO  util.JvmPauseMonitor (JvmPauseMonitor.java:run(188)) - Starting JVM pause monitor
2022-09-28 15:56:32,795 [Listener at 0.0.0.0/36031] WARN  http.HttpRequestLog (HttpRequestLog.java:getRequestLog(103)) - Jetty request log can only be enabled using Log4j
2022-09-28 15:56:32,796 [Listener at 0.0.0.0/36031] INFO  http.HttpServer2 (HttpServer2.java:addGlobalFilter(1029)) - Added global filter 'safety' (class=org.apache.hadoop.hdds.server.http.HttpServer2$QuotingInputFilter)
2022-09-28 15:56:32,796 [Listener at 0.0.0.0/36031] INFO  http.HttpServer2 (HttpServer2.java:addFilter(1005)) - Added filter static_user_filter (class=org.apache.hadoop.http.lib.StaticUserWebFilter$StaticUserFilter) to context scm
2022-09-28 15:56:32,797 [Listener at 0.0.0.0/36031] INFO  http.HttpServer2 (HttpServer2.java:addFilter(1013)) - Added filter static_user_filter (class=org.apache.hadoop.http.lib.StaticUserWebFilter$StaticUserFilter) to context logs
2022-09-28 15:56:32,797 [Listener at 0.0.0.0/36031] INFO  http.HttpServer2 (HttpServer2.java:addFilter(1013)) - Added filter static_user_filter (class=org.apache.hadoop.http.lib.StaticUserWebFilter$StaticUserFilter) to context static
2022-09-28 15:56:32,797 [Listener at 0.0.0.0/36031] INFO  http.HttpServer2 (HttpServer2.java:bindListener(1248)) - Jetty bound to port 37313
2022-09-28 15:56:32,797 [Listener at 0.0.0.0/36031] INFO  server.Server (Server.java:doStart(375)) - jetty-9.4.43.v20210629; built: 2021-06-30T11:07:22.254Z; git: 526006ecfa3af7f1a27ef3a288e2bef7ea9dd7e8; jvm 1.8.0_345-b01
2022-09-28 15:56:32,822 [Listener at 0.0.0.0/36031] INFO  server.session (DefaultSessionIdManager.java:doStart(334)) - DefaultSessionIdManager workerName=node0
2022-09-28 15:56:32,822 [Listener at 0.0.0.0/36031] INFO  server.session (DefaultSessionIdManager.java:doStart(339)) - No SessionScavenger set, using defaults
2022-09-28 15:56:32,822 [Listener at 0.0.0.0/36031] INFO  server.session (HouseKeeper.java:startScavenging(132)) - node0 Scavenging every 660000ms
2022-09-28 15:56:32,823 [Listener at 0.0.0.0/36031] INFO  handler.ContextHandler (ContextHandler.java:doStart(915)) - Started o.e.j.s.ServletContextHandler@7b43dbf9{logs,/logs,file:///home/runner/work/ozone/ozone/hadoop-ozone/integration-test/target/log,AVAILABLE}
2022-09-28 15:56:32,823 [Listener at 0.0.0.0/36031] INFO  handler.ContextHandler (ContextHandler.java:doStart(915)) - Started o.e.j.s.ServletContextHandler@6232334d{static,/static,file:///home/runner/work/ozone/ozone/hadoop-ozone/integration-test/target/test-classes/webapps/static,AVAILABLE}
2022-09-28 15:56:32,876 [Listener at 0.0.0.0/36031] INFO  handler.ContextHandler (ContextHandler.java:doStart(915)) - Started o.e.j.w.WebAppContext@3bac983{scm,/,file:///home/runner/work/ozone/ozone/hadoop-ozone/integration-test/target/test-classes/webapps/scm/,AVAILABLE}{file:/home/runner/work/ozone/ozone/hadoop-ozone/integration-test/target/test-classes/webapps/scm}
2022-09-28 15:56:32,877 [Listener at 0.0.0.0/36031] INFO  server.AbstractConnector (AbstractConnector.java:doStart(331)) - Started ServerConnector@16485f8d{HTTP/1.1, (http/1.1)}{0.0.0.0:37313}
2022-09-28 15:56:32,877 [Listener at 0.0.0.0/36031] INFO  server.Server (Server.java:doStart(415)) - Started @297066ms
2022-09-28 15:56:32,877 [Listener at 0.0.0.0/36031] WARN  impl.MetricsSystemImpl (MetricsSystemImpl.java:register(279)) - Sink prometheus already exists!
2022-09-28 15:56:32,878 [Listener at 0.0.0.0/36031] INFO  http.BaseHttpServer (BaseHttpServer.java:updateConnectorAddress(333)) - HTTP server of scm listening at http://0.0.0.0:37313
2022-09-28 15:56:32,878 [Listener at 0.0.0.0/36031] WARN  server.ServerUtils (ServerUtils.java:getDBPath(225)) - ozone.om.db.dirs is not configured. We recommend adding this setting. Falling back to ozone.metadata.dirs instead.
2022-09-28 15:56:32,880 [Listener at 0.0.0.0/36031] INFO  ha.OMHANodeDetails (OMHANodeDetails.java:loadOMHAConfig(115)) - ozone.om.internal.service.id is not defined, falling back to ozone.om.service.ids to find serviceID for OzoneManager if it is HA enabled cluster
2022-09-28 15:56:32,880 [Listener at 0.0.0.0/36031] INFO  ha.OMHANodeDetails (OMHANodeDetails.java:loadOMHAConfig(226)) - Configuration does not have ozone.om.address set. Falling back to the default OM address /127.0.0.1:0
2022-09-28 15:56:32,880 [Listener at 0.0.0.0/36031] INFO  ha.OMHANodeDetails (OMHANodeDetails.java:getOMNodeDetailsForNonHA(254)) - OM Service ID is not set. Setting it to the default ID: omServiceIdDefault
2022-09-28 15:56:32,880 [Listener at 0.0.0.0/36031] INFO  ha.OMHANodeDetails (OMHANodeDetails.java:getOMNodeDetailsForNonHA(261)) - OM Node ID is not set. Setting it to the default ID: om1
2022-09-28 15:56:32,881 [Listener at 0.0.0.0/36031] WARN  server.ServerUtils (ServerUtils.java:getDBPath(225)) - ozone.om.db.dirs is not configured. We recommend adding this setting. Falling back to ozone.metadata.dirs instead.
2022-09-28 15:56:32,881 [Listener at 0.0.0.0/36031] INFO  upgrade.AbstractLayoutVersionManager (AbstractLayoutVersionManager.java:init(83)) - Initializing Layout version manager with metadata layout = MULTITENANCY_SCHEMA (version = 3), software layout = MULTITENANCY_SCHEMA (version = 3)
2022-09-28 15:56:33,153 [Listener at 0.0.0.0/36031] INFO  reflections.Reflections (Reflections.java:scan(232)) - Reflections took 271 ms to scan 2 urls, producing 153 keys and 427 values [using 2 cores]
2022-09-28 15:56:33,153 [Listener at 0.0.0.0/36031] INFO  upgrade.OMLayoutVersionManager (OMLayoutVersionManager.java:lambda$0(115)) - Skipping Upgrade Action MockOmUpgradeAction since it has been finalized.
2022-09-28 15:56:33,153 [Listener at 0.0.0.0/36031] WARN  server.ServerUtils (ServerUtils.java:getDBPath(225)) - ozone.om.db.dirs is not configured. We recommend adding this setting. Falling back to ozone.metadata.dirs instead.
2022-09-28 15:56:33,154 [Listener at 0.0.0.0/36031] INFO  proxy.SCMBlockLocationFailoverProxyProvider (SCMBlockLocationFailoverProxyProvider.java:<init>(114)) - Created block location fail-over proxy with 1 nodes: [nodeId=scmNodeId,nodeAddress=/0.0.0.0:43139]
2022-09-28 15:56:33,199 [Listener at 0.0.0.0/36031] INFO  proxy.SCMBlockLocationFailoverProxyProvider (SCMBlockLocationFailoverProxyProvider.java:<init>(114)) - Created block location fail-over proxy with 1 nodes: [nodeId=scmNodeId,nodeAddress=/0.0.0.0:43139]
2022-09-28 15:56:33,248 [Listener at 0.0.0.0/36031] WARN  server.ServerUtils (ServerUtils.java:getDBPath(225)) - ozone.om.db.dirs is not configured. We recommend adding this setting. Falling back to ozone.metadata.dirs instead.
2022-09-28 15:56:33,248 [Listener at 0.0.0.0/36031] INFO  codec.OmKeyInfoCodec (OmKeyInfoCodec.java:<init>(49)) - OmKeyInfoCodec ignorePipeline = true
2022-09-28 15:56:33,248 [Listener at 0.0.0.0/36031] INFO  codec.RepeatedOmKeyInfoCodec (RepeatedOmKeyInfoCodec.java:<init>(41)) - RepeatedOmKeyInfoCodec ignorePipeline = true
2022-09-28 15:56:33,530 [Listener at 0.0.0.0/36031] INFO  om.OzoneManager (OzoneManager.java:instantiateServices(709)) - S3 Multi-Tenancy is disabled
2022-09-28 15:56:33,531 [Listener at 0.0.0.0/36031] INFO  om.OzoneManager (OzoneManager.java:addS3GVolumeToDB(4324)) - Created Volume s3v With Owner runner required for S3Gateway operations.
2022-09-28 15:56:33,532 [Listener at 0.0.0.0/36031] INFO  om.OzoneManager (OzoneManager.java:getRpcServer(1099)) - Creating RPC Server
2022-09-28 15:56:34,513 [Listener at 0.0.0.0/36031] INFO  reflections.Reflections (Reflections.java:scan(232)) - Reflections took 977 ms to scan 19 urls, producing 67 keys and 4204 values [using 2 cores]
2022-09-28 15:56:34,515 [Listener at 0.0.0.0/36031] INFO  ipc.CallQueueManager (CallQueueManager.java:<init>(90)) - Using callQueue: class java.util.concurrent.LinkedBlockingQueue, queueCapacity: 2000, scheduler: class org.apache.hadoop.ipc.DefaultRpcScheduler, ipcBackoff: false.
2022-09-28 15:56:34,528 [Socket Reader #1 for port 0] INFO  ipc.Server (Server.java:run(1265)) - Starting Socket Reader #1 for port 0
2022-09-28 15:56:34,601 [Listener at 127.0.0.1/41537] INFO  impl.MetricsSystemImpl (MetricsSystemImpl.java:init(158)) - OzoneManager metrics system started (again)
2022-09-28 15:56:34,612 [Listener at 127.0.0.1/41537] INFO  om.OzoneManager (OzoneManager.java:start(1483)) - OzoneManager RPC server is listening at localhost/127.0.0.1:41537
2022-09-28 15:56:34,612 [Listener at 127.0.0.1/41537] INFO  om.OzoneManager (OzoneManager.java:start(1499)) - Version File has different layout version (3) than OM DB (null). That is expected if this OM has never been finalized to a newer layout version.
2022-09-28 15:56:34,636 [Listener at 127.0.0.1/41537] INFO  http.BaseHttpServer (BaseHttpServer.java:newHttpServer2BuilderForOzone(213)) - Starting Web-server for ozoneManager at: http://0.0.0.0:0
2022-09-28 15:56:34,636 [Listener at 127.0.0.1/41537] INFO  http.BaseHttpServer (BaseHttpServer.java:<init>(108)) - Hadoop Security Enabled: false Ozone Security Enabled: false Ozone HTTP Security Enabled: false 
2022-09-28 15:56:34,637 [Listener at 127.0.0.1/41537] INFO  server.AuthenticationFilter (AuthenticationFilter.java:constructSecretProvider(240)) - Unable to initialize FileSignerSecretProvider, falling back to use random secrets.
2022-09-28 15:56:34,647 [Listener at 127.0.0.1/41537] WARN  http.HttpRequestLog (HttpRequestLog.java:getRequestLog(103)) - Jetty request log can only be enabled using Log4j
2022-09-28 15:56:34,648 [Listener at 127.0.0.1/41537] INFO  http.HttpServer2 (HttpServer2.java:addGlobalFilter(1029)) - Added global filter 'safety' (class=org.apache.hadoop.hdds.server.http.HttpServer2$QuotingInputFilter)
2022-09-28 15:56:34,648 [Listener at 127.0.0.1/41537] INFO  http.HttpServer2 (HttpServer2.java:addFilter(1005)) - Added filter static_user_filter (class=org.apache.hadoop.http.lib.StaticUserWebFilter$StaticUserFilter) to context ozoneManager
2022-09-28 15:56:34,649 [Listener at 127.0.0.1/41537] INFO  http.HttpServer2 (HttpServer2.java:addFilter(1013)) - Added filter static_user_filter (class=org.apache.hadoop.http.lib.StaticUserWebFilter$StaticUserFilter) to context logs
2022-09-28 15:56:34,649 [Listener at 127.0.0.1/41537] INFO  http.HttpServer2 (HttpServer2.java:addFilter(1013)) - Added filter static_user_filter (class=org.apache.hadoop.http.lib.StaticUserWebFilter$StaticUserFilter) to context static
2022-09-28 15:56:34,649 [Listener at 127.0.0.1/41537] INFO  http.HttpServer2 (HttpServer2.java:bindListener(1248)) - Jetty bound to port 39237
2022-09-28 15:56:34,649 [Listener at 127.0.0.1/41537] INFO  server.Server (Server.java:doStart(375)) - jetty-9.4.43.v20210629; built: 2021-06-30T11:07:22.254Z; git: 526006ecfa3af7f1a27ef3a288e2bef7ea9dd7e8; jvm 1.8.0_345-b01
2022-09-28 15:56:34,661 [Listener at 127.0.0.1/41537] INFO  server.session (DefaultSessionIdManager.java:doStart(334)) - DefaultSessionIdManager workerName=node0
2022-09-28 15:56:34,661 [Listener at 127.0.0.1/41537] INFO  server.session (DefaultSessionIdManager.java:doStart(339)) - No SessionScavenger set, using defaults
2022-09-28 15:56:34,661 [Listener at 127.0.0.1/41537] INFO  server.session (HouseKeeper.java:startScavenging(132)) - node0 Scavenging every 600000ms
2022-09-28 15:56:34,662 [Listener at 127.0.0.1/41537] INFO  handler.ContextHandler (ContextHandler.java:doStart(915)) - Started o.e.j.s.ServletContextHandler@6eb1a9b2{logs,/logs,file:///home/runner/work/ozone/ozone/hadoop-ozone/integration-test/target/log,AVAILABLE}
2022-09-28 15:56:34,662 [Listener at 127.0.0.1/41537] INFO  handler.ContextHandler (ContextHandler.java:doStart(915)) - Started o.e.j.s.ServletContextHandler@57b817e2{static,/static,file:///home/runner/work/ozone/ozone/hadoop-ozone/integration-test/target/test-classes/webapps/static,AVAILABLE}
2022-09-28 15:56:34,664 [Listener at 127.0.0.1/41537] INFO  handler.ContextHandler (ContextHandler.java:doStart(915)) - Started o.e.j.w.WebAppContext@191cea68{ozoneManager,/,file:///home/runner/work/ozone/ozone/hadoop-ozone/integration-test/target/test-classes/webapps/ozoneManager/,AVAILABLE}{file:/home/runner/work/ozone/ozone/hadoop-ozone/integration-test/target/test-classes/webapps/ozoneManager}
2022-09-28 15:56:34,681 [Listener at 127.0.0.1/41537] INFO  server.AbstractConnector (AbstractConnector.java:doStart(331)) - Started ServerConnector@63d8682a{HTTP/1.1, (http/1.1)}{0.0.0.0:39237}
2022-09-28 15:56:34,681 [Listener at 127.0.0.1/41537] INFO  server.Server (Server.java:doStart(415)) - Started @298869ms
2022-09-28 15:56:34,681 [Listener at 127.0.0.1/41537] WARN  impl.MetricsSystemImpl (MetricsSystemImpl.java:register(279)) - Sink prometheus already exists!
2022-09-28 15:56:34,682 [Listener at 127.0.0.1/41537] INFO  http.BaseHttpServer (BaseHttpServer.java:updateConnectorAddress(333)) - HTTP server of ozoneManager listening at http://0.0.0.0:39237
2022-09-28 15:56:34,682 [IPC Server Responder] INFO  ipc.Server (Server.java:run(1507)) - IPC Server Responder: starting
2022-09-28 15:56:34,690 [IPC Server listener on 0] INFO  ipc.Server (Server.java:run(1344)) - IPC Server listener on 0: starting
2022-09-28 15:56:34,709 [Listener at 127.0.0.1/41537] INFO  om.TrashPolicyOzone (TrashPolicyOzone.java:<init>(178)) - Ozone Manager trash configuration: Deletion interval = 0 minutes, Emptier interval = 0 minutes.
2022-09-28 15:56:34,713 [org.apache.hadoop.util.JvmPauseMonitor$Monitor@74191752] INFO  util.JvmPauseMonitor (JvmPauseMonitor.java:run(188)) - Starting JVM pause monitor
2022-09-28 15:56:34,773 [Listener at 127.0.0.1/41537] INFO  impl.MetricsSystemImpl (MetricsSystemImpl.java:init(158)) - HddsDatanode metrics system started (again)
2022-09-28 15:56:34,816 [Listener at 127.0.0.1/41537] INFO  ozone.HddsDatanodeService (HddsDatanodeService.java:start(236)) - HddsDatanodeService host:fv-az203-824.ild0l4k5vsluppoevu2oqvhmda.cx.internal.cloudapp.net ip:10.1.1.55
2022-09-28 15:56:34,877 [Listener at 127.0.0.1/41537] INFO  upgrade.AbstractLayoutVersionManager (AbstractLayoutVersionManager.java:init(83)) - Initializing Layout version manager with metadata layout = DATANODE_SCHEMA_V3 (version = 4), software layout = DATANODE_SCHEMA_V3 (version = 4)
2022-09-28 15:56:34,955 [Listener at 127.0.0.1/41537] INFO  reflections.Reflections (Reflections.java:scan(232)) - Reflections took 76 ms to scan 7 urls, producing 135 keys and 327 values 
2022-09-28 15:56:34,956 [Listener at 127.0.0.1/41537] INFO  statemachine.DatanodeStateMachine (DatanodeStateMachine.java:getEndPointTaskThreadPoolSize(237)) - Datanode State Machine Task Thread Pool size 2
2022-09-28 15:56:34,957 [Listener at 127.0.0.1/41537] INFO  volume.HddsVolume (HddsVolume.java:<init>(117)) - Creating HddsVolume: /home/runner/work/ozone/ozone/hadoop-ozone/integration-test/target/test-dir/MiniOzoneClusterImpl-3ec8252f-dc88-4027-b0d7-634db2a11e1f/datanode-0/data-0/containers/hdds of storage type : DISK capacity : 9223372036854775807
2022-09-28 15:56:34,958 [Listener at 127.0.0.1/41537] INFO  volume.MutableVolumeSet (MutableVolumeSet.java:initializeVolumeSet(174)) - Added Volume : /home/runner/work/ozone/ozone/hadoop-ozone/integration-test/target/test-dir/MiniOzoneClusterImpl-3ec8252f-dc88-4027-b0d7-634db2a11e1f/datanode-0/data-0/containers/hdds to VolumeSet
2022-09-28 15:56:34,958 [Listener at 127.0.0.1/41537] INFO  volume.ThrottledAsyncChecker (ThrottledAsyncChecker.java:schedule(141)) - Scheduling a check for /home/runner/work/ozone/ozone/hadoop-ozone/integration-test/target/test-dir/MiniOzoneClusterImpl-3ec8252f-dc88-4027-b0d7-634db2a11e1f/datanode-0/data-0/containers/hdds
2022-09-28 15:56:34,960 [Listener at 127.0.0.1/41537] INFO  volume.StorageVolumeChecker (StorageVolumeChecker.java:checkAllVolumes(202)) - Scheduled health check for volume /home/runner/work/ozone/ozone/hadoop-ozone/integration-test/target/test-dir/MiniOzoneClusterImpl-3ec8252f-dc88-4027-b0d7-634db2a11e1f/datanode-0/data-0/containers/hdds
2022-09-28 15:56:34,972 [Listener at 127.0.0.1/41537] INFO  volume.MutableVolumeSet (MutableVolumeSet.java:initializeVolumeSet(174)) - Added Volume : /home/runner/work/ozone/ozone/hadoop-ozone/integration-test/target/test-dir/MiniOzoneClusterImpl-3ec8252f-dc88-4027-b0d7-634db2a11e1f/datanode-0/data/ratis to VolumeSet
2022-09-28 15:56:34,972 [Listener at 127.0.0.1/41537] INFO  volume.ThrottledAsyncChecker (ThrottledAsyncChecker.java:schedule(141)) - Scheduling a check for /home/runner/work/ozone/ozone/hadoop-ozone/integration-test/target/test-dir/MiniOzoneClusterImpl-3ec8252f-dc88-4027-b0d7-634db2a11e1f/datanode-0/data/ratis
2022-09-28 15:56:34,972 [Listener at 127.0.0.1/41537] INFO  volume.StorageVolumeChecker (StorageVolumeChecker.java:checkAllVolumes(202)) - Scheduled health check for volume /home/runner/work/ozone/ozone/hadoop-ozone/integration-test/target/test-dir/MiniOzoneClusterImpl-3ec8252f-dc88-4027-b0d7-634db2a11e1f/datanode-0/data/ratis
2022-09-28 15:56:34,985 [Thread-1590] INFO  ozoneimpl.ContainerReader (ContainerReader.java:readVolume(175)) - Finish verifying containers on volume /home/runner/work/ozone/ozone/hadoop-ozone/integration-test/target/test-dir/MiniOzoneClusterImpl-3ec8252f-dc88-4027-b0d7-634db2a11e1f/datanode-0/data-0/containers/hdds
2022-09-28 15:56:34,985 [Listener at 127.0.0.1/41537] INFO  ozoneimpl.OzoneContainer (OzoneContainer.java:buildContainerSet(300)) - Build ContainerSet costs 0s
2022-09-28 15:56:34,987 [Listener at 127.0.0.1/41537] INFO  server.RaftServer (ConfUtils.java:logGet(46)) - raft.rpc.type = GRPC (default)
2022-09-28 15:56:34,987 [Listener at 127.0.0.1/41537] INFO  grpc.GrpcFactory (GrpcFactory.java:checkPooledByteBufAllocatorUseCacheForAllThreads(48)) - PERFORMANCE WARNING: useCacheForAllThreads is true that may cause Netty to create a lot garbage objects and, as a result, trigger GC.
	It is recommended to disable useCacheForAllThreads by setting -Dorg.apache.ratis.thirdparty.io.netty.allocator.useCacheForAllThreads=false in command line.
2022-09-28 15:56:34,987 [Listener at 127.0.0.1/41537] INFO  grpc.GrpcConfigKeys (ConfUtils.java:logGet(46)) - raft.grpc.admin.port = 0 (custom)
2022-09-28 15:56:34,987 [Listener at 127.0.0.1/41537] INFO  grpc.GrpcConfigKeys (ConfUtils.java:logGet(46)) - raft.grpc.client.port = 0 (custom)
2022-09-28 15:56:34,987 [Listener at 127.0.0.1/41537] INFO  grpc.GrpcConfigKeys (ConfUtils.java:logGet(46)) - raft.grpc.server.port = 0 (default)
2022-09-28 15:56:34,987 [Listener at 127.0.0.1/41537] INFO  server.GrpcService (ConfUtils.java:logGet(46)) - raft.grpc.message.size.max = 32MB (=33554432) (custom)
2022-09-28 15:56:34,987 [Listener at 127.0.0.1/41537] INFO  server.RaftServerConfigKeys (ConfUtils.java:logGet(46)) - raft.server.log.appender.buffer.byte-limit = 33554432 (custom)
2022-09-28 15:56:34,988 [Listener at 127.0.0.1/41537] INFO  server.GrpcService (ConfUtils.java:logGet(46)) - raft.grpc.flow.control.window = 5MB (=5242880) (custom)
2022-09-28 15:56:34,988 [Listener at 127.0.0.1/41537] INFO  server.RaftServerConfigKeys (ConfUtils.java:logGet(46)) - raft.server.rpc.request.timeout = 60s (custom)
2022-09-28 15:56:34,988 [Listener at 127.0.0.1/41537] INFO  grpc.GrpcConfigKeys (ConfUtils.java:logGet(46)) - raft.grpc.server.async.request.thread.pool.cached = true (default)
2022-09-28 15:56:34,988 [Listener at 127.0.0.1/41537] INFO  grpc.GrpcConfigKeys (ConfUtils.java:logGet(46)) - raft.grpc.server.async.request.thread.pool.size = 32 (default)
2022-09-28 15:56:34,990 [Listener at 127.0.0.1/41537] INFO  impl.DataStreamServerImpl (ConfUtils.java:logGet(46)) - raft.datastream.type = DISABLED (default)
2022-09-28 15:56:34,990 [Listener at 127.0.0.1/41537] INFO  server.RaftServerConfigKeys (ConfUtils.java:logGet(46)) - raft.server.threadpool.proxy.cached = true (default)
2022-09-28 15:56:34,990 [Listener at 127.0.0.1/41537] INFO  server.RaftServerConfigKeys (ConfUtils.java:logGet(46)) - raft.server.threadpool.proxy.size = 0 (default)
2022-09-28 15:56:34,991 [Listener at 127.0.0.1/41537] INFO  server.RaftServerConfigKeys (ConfUtils.java:logGet(46)) - raft.server.rpc.slowness.timeout = 300s (custom)
2022-09-28 15:56:34,991 [Listener at 127.0.0.1/41537] INFO  server.RaftServerConfigKeys (ConfUtils.java:logGet(46)) - raft.server.leaderelection.leader.step-down.wait-time = 10s (default)
2022-09-28 15:56:34,993 [Listener at 127.0.0.1/41537] INFO  server.RaftServerConfigKeys (ConfUtils.java:logGet(46)) - raft.server.storage.dir = [/home/runner/work/ozone/ozone/hadoop-ozone/integration-test/target/test-dir/MiniOzoneClusterImpl-3ec8252f-dc88-4027-b0d7-634db2a11e1f/datanode-0/data/ratis] (custom)
2022-09-28 15:56:35,029 [Listener at 127.0.0.1/41537] INFO  server.XceiverServerGrpc (XceiverServerGrpc.java:<init>(132)) - GrpcServer channel type EpollServerSocketChannel
2022-09-28 15:56:35,059 [Listener at 127.0.0.1/41537] INFO  http.BaseHttpServer (BaseHttpServer.java:newHttpServer2BuilderForOzone(213)) - Starting Web-server for hddsDatanode at: http://0.0.0.0:0
2022-09-28 15:56:35,059 [Listener at 127.0.0.1/41537] INFO  http.BaseHttpServer (BaseHttpServer.java:<init>(108)) - Hadoop Security Enabled: false Ozone Security Enabled: false Ozone HTTP Security Enabled: false 
2022-09-28 15:56:35,060 [Listener at 127.0.0.1/41537] INFO  server.AuthenticationFilter (AuthenticationFilter.java:constructSecretProvider(240)) - Unable to initialize FileSignerSecretProvider, falling back to use random secrets.
2022-09-28 15:56:35,061 [Listener at 127.0.0.1/41537] WARN  http.HttpRequestLog (HttpRequestLog.java:getRequestLog(103)) - Jetty request log can only be enabled using Log4j
2022-09-28 15:56:35,062 [Listener at 127.0.0.1/41537] INFO  http.HttpServer2 (HttpServer2.java:addGlobalFilter(1029)) - Added global filter 'safety' (class=org.apache.hadoop.hdds.server.http.HttpServer2$QuotingInputFilter)
2022-09-28 15:56:35,062 [Listener at 127.0.0.1/41537] INFO  http.HttpServer2 (HttpServer2.java:addFilter(1005)) - Added filter static_user_filter (class=org.apache.hadoop.http.lib.StaticUserWebFilter$StaticUserFilter) to context hddsDatanode
2022-09-28 15:56:35,062 [Listener at 127.0.0.1/41537] INFO  http.HttpServer2 (HttpServer2.java:addFilter(1013)) - Added filter static_user_filter (class=org.apache.hadoop.http.lib.StaticUserWebFilter$StaticUserFilter) to context logs
2022-09-28 15:56:35,062 [Listener at 127.0.0.1/41537] INFO  http.HttpServer2 (HttpServer2.java:addFilter(1013)) - Added filter static_user_filter (class=org.apache.hadoop.http.lib.StaticUserWebFilter$StaticUserFilter) to context static
2022-09-28 15:56:35,063 [Listener at 127.0.0.1/41537] INFO  http.HttpServer2 (HttpServer2.java:bindListener(1248)) - Jetty bound to port 42739
2022-09-28 15:56:35,063 [Listener at 127.0.0.1/41537] INFO  server.Server (Server.java:doStart(375)) - jetty-9.4.43.v20210629; built: 2021-06-30T11:07:22.254Z; git: 526006ecfa3af7f1a27ef3a288e2bef7ea9dd7e8; jvm 1.8.0_345-b01
2022-09-28 15:56:35,066 [Listener at 127.0.0.1/41537] INFO  server.session (DefaultSessionIdManager.java:doStart(334)) - DefaultSessionIdManager workerName=node0
2022-09-28 15:56:35,066 [Listener at 127.0.0.1/41537] INFO  server.session (DefaultSessionIdManager.java:doStart(339)) - No SessionScavenger set, using defaults
2022-09-28 15:56:35,066 [Listener at 127.0.0.1/41537] INFO  server.session (HouseKeeper.java:startScavenging(132)) - node0 Scavenging every 660000ms
2022-09-28 15:56:35,069 [Listener at 127.0.0.1/41537] INFO  handler.ContextHandler (ContextHandler.java:doStart(915)) - Started o.e.j.s.ServletContextHandler@706d36ac{logs,/logs,file:///home/runner/work/ozone/ozone/hadoop-ozone/integration-test/target/log,AVAILABLE}
2022-09-28 15:56:35,069 [Listener at 127.0.0.1/41537] INFO  handler.ContextHandler (ContextHandler.java:doStart(915)) - Started o.e.j.s.ServletContextHandler@6cf9d125{static,/static,jar:file:/home/runner/.m2/repository/org/apache/ozone/hdds-container-service/1.3.0-SNAPSHOT/hdds-container-service-1.3.0-SNAPSHOT.jar!/webapps/static,AVAILABLE}
2022-09-28 15:56:35,350 [Listener at 127.0.0.1/41537] INFO  handler.ContextHandler (ContextHandler.java:doStart(915)) - Started o.e.j.w.WebAppContext@304ee321{hddsDatanode,/,file:///tmp/jetty-0_0_0_0-42739-hdds-container-service-1_3_0-SNAPSHOT_jar-_-any-2083126072491261066/webapp/,AVAILABLE}{jar:file:/home/runner/.m2/repository/org/apache/ozone/hdds-container-service/1.3.0-SNAPSHOT/hdds-container-service-1.3.0-SNAPSHOT.jar!/webapps/hddsDatanode}
2022-09-28 15:56:35,366 [Listener at 127.0.0.1/41537] INFO  server.AbstractConnector (AbstractConnector.java:doStart(331)) - Started ServerConnector@6a4c090a{HTTP/1.1, (http/1.1)}{0.0.0.0:42739}
2022-09-28 15:56:35,366 [Listener at 127.0.0.1/41537] INFO  server.Server (Server.java:doStart(415)) - Started @299554ms
2022-09-28 15:56:35,366 [Listener at 127.0.0.1/41537] WARN  impl.MetricsSystemImpl (MetricsSystemImpl.java:register(279)) - Sink prometheus already exists!
2022-09-28 15:56:35,370 [Listener at 127.0.0.1/41537] INFO  http.BaseHttpServer (BaseHttpServer.java:updateConnectorAddress(333)) - HTTP server of hddsDatanode listening at http://0.0.0.0:42739
2022-09-28 15:56:35,371 [Listener at 127.0.0.1/41537] INFO  impl.MetricsSystemImpl (MetricsSystemImpl.java:init(158)) - HddsDatanode metrics system started (again)
2022-09-28 15:56:35,389 [Datanode State Machine Daemon Thread] INFO  statemachine.DatanodeStateMachine (DatanodeStateMachine.java:lambda$startDaemon$0(492)) - Ozone container server started.
2022-09-28 15:56:35,435 [org.apache.hadoop.util.JvmPauseMonitor$Monitor@2f207ac5] INFO  util.JvmPauseMonitor (JvmPauseMonitor.java:run(188)) - Starting JVM pause monitor
2022-09-28 15:56:35,441 [Datanode State Machine Task Thread - 0] INFO  datanode.InitDatanodeState (InitDatanodeState.java:persistContainerDatanodeDetails(138)) - DatanodeDetails is persisted to /home/runner/work/ozone/ozone/hadoop-ozone/integration-test/target/test-dir/MiniOzoneClusterImpl-3ec8252f-dc88-4027-b0d7-634db2a11e1f/datanode-0/meta/datanode.id
2022-09-28 15:56:35,463 [Listener at 127.0.0.1/41537] INFO  ozone.HddsDatanodeService (HddsDatanodeService.java:start(236)) - HddsDatanodeService host:fv-az203-824.ild0l4k5vsluppoevu2oqvhmda.cx.internal.cloudapp.net ip:10.1.1.55
2022-09-28 15:56:35,544 [Listener at 127.0.0.1/41537] INFO  upgrade.AbstractLayoutVersionManager (AbstractLayoutVersionManager.java:init(83)) - Initializing Layout version manager with metadata layout = DATANODE_SCHEMA_V3 (version = 4), software layout = DATANODE_SCHEMA_V3 (version = 4)
2022-09-28 15:56:35,588 [Listener at 127.0.0.1/41537] INFO  reflections.Reflections (Reflections.java:scan(232)) - Reflections took 43 ms to scan 7 urls, producing 135 keys and 327 values 
2022-09-28 15:56:35,589 [Listener at 127.0.0.1/41537] INFO  statemachine.DatanodeStateMachine (DatanodeStateMachine.java:getEndPointTaskThreadPoolSize(237)) - Datanode State Machine Task Thread Pool size 2
2022-09-28 15:56:35,590 [Listener at 127.0.0.1/41537] INFO  volume.HddsVolume (HddsVolume.java:<init>(117)) - Creating HddsVolume: /home/runner/work/ozone/ozone/hadoop-ozone/integration-test/target/test-dir/MiniOzoneClusterImpl-3ec8252f-dc88-4027-b0d7-634db2a11e1f/datanode-1/data-0/containers/hdds of storage type : DISK capacity : 9223372036854775807
2022-09-28 15:56:35,591 [Listener at 127.0.0.1/41537] INFO  volume.MutableVolumeSet (MutableVolumeSet.java:initializeVolumeSet(174)) - Added Volume : /home/runner/work/ozone/ozone/hadoop-ozone/integration-test/target/test-dir/MiniOzoneClusterImpl-3ec8252f-dc88-4027-b0d7-634db2a11e1f/datanode-1/data-0/containers/hdds to VolumeSet
2022-09-28 15:56:35,591 [Listener at 127.0.0.1/41537] INFO  volume.ThrottledAsyncChecker (ThrottledAsyncChecker.java:schedule(141)) - Scheduling a check for /home/runner/work/ozone/ozone/hadoop-ozone/integration-test/target/test-dir/MiniOzoneClusterImpl-3ec8252f-dc88-4027-b0d7-634db2a11e1f/datanode-1/data-0/containers/hdds
2022-09-28 15:56:35,592 [Listener at 127.0.0.1/41537] INFO  volume.StorageVolumeChecker (StorageVolumeChecker.java:checkAllVolumes(202)) - Scheduled health check for volume /home/runner/work/ozone/ozone/hadoop-ozone/integration-test/target/test-dir/MiniOzoneClusterImpl-3ec8252f-dc88-4027-b0d7-634db2a11e1f/datanode-1/data-0/containers/hdds
2022-09-28 15:56:35,623 [Listener at 127.0.0.1/41537] INFO  volume.MutableVolumeSet (MutableVolumeSet.java:initializeVolumeSet(174)) - Added Volume : /home/runner/work/ozone/ozone/hadoop-ozone/integration-test/target/test-dir/MiniOzoneClusterImpl-3ec8252f-dc88-4027-b0d7-634db2a11e1f/datanode-1/data/ratis to VolumeSet
2022-09-28 15:56:35,623 [Listener at 127.0.0.1/41537] INFO  volume.ThrottledAsyncChecker (ThrottledAsyncChecker.java:schedule(141)) - Scheduling a check for /home/runner/work/ozone/ozone/hadoop-ozone/integration-test/target/test-dir/MiniOzoneClusterImpl-3ec8252f-dc88-4027-b0d7-634db2a11e1f/datanode-1/data/ratis
2022-09-28 15:56:35,623 [Listener at 127.0.0.1/41537] INFO  volume.StorageVolumeChecker (StorageVolumeChecker.java:checkAllVolumes(202)) - Scheduled health check for volume /home/runner/work/ozone/ozone/hadoop-ozone/integration-test/target/test-dir/MiniOzoneClusterImpl-3ec8252f-dc88-4027-b0d7-634db2a11e1f/datanode-1/data/ratis
2022-09-28 15:56:35,666 [Thread-1603] INFO  ozoneimpl.ContainerReader (ContainerReader.java:readVolume(175)) - Finish verifying containers on volume /home/runner/work/ozone/ozone/hadoop-ozone/integration-test/target/test-dir/MiniOzoneClusterImpl-3ec8252f-dc88-4027-b0d7-634db2a11e1f/datanode-1/data-0/containers/hdds
2022-09-28 15:56:35,666 [Listener at 127.0.0.1/41537] INFO  ozoneimpl.OzoneContainer (OzoneContainer.java:buildContainerSet(300)) - Build ContainerSet costs 0s
2022-09-28 15:56:35,669 [Listener at 127.0.0.1/41537] INFO  server.RaftServer (ConfUtils.java:logGet(46)) - raft.rpc.type = GRPC (default)
2022-09-28 15:56:35,669 [Listener at 127.0.0.1/41537] INFO  grpc.GrpcFactory (GrpcFactory.java:checkPooledByteBufAllocatorUseCacheForAllThreads(48)) - PERFORMANCE WARNING: useCacheForAllThreads is true that may cause Netty to create a lot garbage objects and, as a result, trigger GC.
	It is recommended to disable useCacheForAllThreads by setting -Dorg.apache.ratis.thirdparty.io.netty.allocator.useCacheForAllThreads=false in command line.
2022-09-28 15:56:35,669 [Listener at 127.0.0.1/41537] INFO  grpc.GrpcConfigKeys (ConfUtils.java:logGet(46)) - raft.grpc.admin.port = 0 (custom)
2022-09-28 15:56:35,670 [Listener at 127.0.0.1/41537] INFO  grpc.GrpcConfigKeys (ConfUtils.java:logGet(46)) - raft.grpc.client.port = 0 (custom)
2022-09-28 15:56:35,670 [Listener at 127.0.0.1/41537] INFO  grpc.GrpcConfigKeys (ConfUtils.java:logGet(46)) - raft.grpc.server.port = 0 (default)
2022-09-28 15:56:35,670 [Listener at 127.0.0.1/41537] INFO  server.GrpcService (ConfUtils.java:logGet(46)) - raft.grpc.message.size.max = 32MB (=33554432) (custom)
2022-09-28 15:56:35,670 [Listener at 127.0.0.1/41537] INFO  server.RaftServerConfigKeys (ConfUtils.java:logGet(46)) - raft.server.log.appender.buffer.byte-limit = 33554432 (custom)
2022-09-28 15:56:35,670 [Listener at 127.0.0.1/41537] INFO  server.GrpcService (ConfUtils.java:logGet(46)) - raft.grpc.flow.control.window = 5MB (=5242880) (custom)
2022-09-28 15:56:35,670 [Listener at 127.0.0.1/41537] INFO  server.RaftServerConfigKeys (ConfUtils.java:logGet(46)) - raft.server.rpc.request.timeout = 60s (custom)
2022-09-28 15:56:35,670 [Listener at 127.0.0.1/41537] INFO  grpc.GrpcConfigKeys (ConfUtils.java:logGet(46)) - raft.grpc.server.async.request.thread.pool.cached = true (default)
2022-09-28 15:56:35,670 [Listener at 127.0.0.1/41537] INFO  grpc.GrpcConfigKeys (ConfUtils.java:logGet(46)) - raft.grpc.server.async.request.thread.pool.size = 32 (default)
2022-09-28 15:56:35,671 [Listener at 127.0.0.1/41537] INFO  impl.DataStreamServerImpl (ConfUtils.java:logGet(46)) - raft.datastream.type = DISABLED (default)
2022-09-28 15:56:35,671 [Listener at 127.0.0.1/41537] INFO  server.RaftServerConfigKeys (ConfUtils.java:logGet(46)) - raft.server.threadpool.proxy.cached = true (default)
2022-09-28 15:56:35,672 [Listener at 127.0.0.1/41537] INFO  server.RaftServerConfigKeys (ConfUtils.java:logGet(46)) - raft.server.threadpool.proxy.size = 0 (default)
2022-09-28 15:56:35,672 [Listener at 127.0.0.1/41537] INFO  server.RaftServerConfigKeys (ConfUtils.java:logGet(46)) - raft.server.rpc.slowness.timeout = 300s (custom)
2022-09-28 15:56:35,672 [Listener at 127.0.0.1/41537] INFO  server.RaftServerConfigKeys (ConfUtils.java:logGet(46)) - raft.server.leaderelection.leader.step-down.wait-time = 10s (default)
2022-09-28 15:56:35,672 [Listener at 127.0.0.1/41537] INFO  server.RaftServerConfigKeys (ConfUtils.java:logGet(46)) - raft.server.storage.dir = [/home/runner/work/ozone/ozone/hadoop-ozone/integration-test/target/test-dir/MiniOzoneClusterImpl-3ec8252f-dc88-4027-b0d7-634db2a11e1f/datanode-1/data/ratis] (custom)
2022-09-28 15:56:35,687 [Listener at 127.0.0.1/41537] INFO  server.XceiverServerGrpc (XceiverServerGrpc.java:<init>(132)) - GrpcServer channel type EpollServerSocketChannel
2022-09-28 15:56:35,710 [Listener at 127.0.0.1/41537] INFO  http.BaseHttpServer (BaseHttpServer.java:newHttpServer2BuilderForOzone(213)) - Starting Web-server for hddsDatanode at: http://0.0.0.0:0
2022-09-28 15:56:35,710 [Listener at 127.0.0.1/41537] INFO  http.BaseHttpServer (BaseHttpServer.java:<init>(108)) - Hadoop Security Enabled: false Ozone Security Enabled: false Ozone HTTP Security Enabled: false 
2022-09-28 15:56:35,711 [Listener at 127.0.0.1/41537] INFO  server.AuthenticationFilter (AuthenticationFilter.java:constructSecretProvider(240)) - Unable to initialize FileSignerSecretProvider, falling back to use random secrets.
2022-09-28 15:56:35,714 [Listener at 127.0.0.1/41537] WARN  http.HttpRequestLog (HttpRequestLog.java:getRequestLog(103)) - Jetty request log can only be enabled using Log4j
2022-09-28 15:56:35,715 [Listener at 127.0.0.1/41537] INFO  http.HttpServer2 (HttpServer2.java:addGlobalFilter(1029)) - Added global filter 'safety' (class=org.apache.hadoop.hdds.server.http.HttpServer2$QuotingInputFilter)
2022-09-28 15:56:35,715 [Listener at 127.0.0.1/41537] INFO  http.HttpServer2 (HttpServer2.java:addFilter(1005)) - Added filter static_user_filter (class=org.apache.hadoop.http.lib.StaticUserWebFilter$StaticUserFilter) to context hddsDatanode
2022-09-28 15:56:35,716 [Listener at 127.0.0.1/41537] INFO  http.HttpServer2 (HttpServer2.java:addFilter(1013)) - Added filter static_user_filter (class=org.apache.hadoop.http.lib.StaticUserWebFilter$StaticUserFilter) to context static
2022-09-28 15:56:35,716 [Listener at 127.0.0.1/41537] INFO  http.HttpServer2 (HttpServer2.java:addFilter(1013)) - Added filter static_user_filter (class=org.apache.hadoop.http.lib.StaticUserWebFilter$StaticUserFilter) to context logs
2022-09-28 15:56:35,717 [Listener at 127.0.0.1/41537] INFO  http.HttpServer2 (HttpServer2.java:bindListener(1248)) - Jetty bound to port 39495
2022-09-28 15:56:35,717 [Listener at 127.0.0.1/41537] INFO  server.Server (Server.java:doStart(375)) - jetty-9.4.43.v20210629; built: 2021-06-30T11:07:22.254Z; git: 526006ecfa3af7f1a27ef3a288e2bef7ea9dd7e8; jvm 1.8.0_345-b01
2022-09-28 15:56:35,759 [Listener at 127.0.0.1/41537] INFO  server.session (DefaultSessionIdManager.java:doStart(334)) - DefaultSessionIdManager workerName=node0
2022-09-28 15:56:35,759 [Listener at 127.0.0.1/41537] INFO  server.session (DefaultSessionIdManager.java:doStart(339)) - No SessionScavenger set, using defaults
2022-09-28 15:56:35,760 [Listener at 127.0.0.1/41537] INFO  server.session (HouseKeeper.java:startScavenging(132)) - node0 Scavenging every 600000ms
2022-09-28 15:56:35,784 [Listener at 127.0.0.1/41537] INFO  handler.ContextHandler (ContextHandler.java:doStart(915)) - Started o.e.j.s.ServletContextHandler@6412084c{logs,/logs,file:///home/runner/work/ozone/ozone/hadoop-ozone/integration-test/target/log,AVAILABLE}
2022-09-28 15:56:35,785 [Listener at 127.0.0.1/41537] INFO  handler.ContextHandler (ContextHandler.java:doStart(915)) - Started o.e.j.s.ServletContextHandler@204666f5{static,/static,jar:file:/home/runner/.m2/repository/org/apache/ozone/hdds-container-service/1.3.0-SNAPSHOT/hdds-container-service-1.3.0-SNAPSHOT.jar!/webapps/static,AVAILABLE}
2022-09-28 15:56:36,263 [Listener at 127.0.0.1/41537] INFO  handler.ContextHandler (ContextHandler.java:doStart(915)) - Started o.e.j.w.WebAppContext@57392112{hddsDatanode,/,file:///tmp/jetty-0_0_0_0-39495-hdds-container-service-1_3_0-SNAPSHOT_jar-_-any-5008834480623879549/webapp/,AVAILABLE}{jar:file:/home/runner/.m2/repository/org/apache/ozone/hdds-container-service/1.3.0-SNAPSHOT/hdds-container-service-1.3.0-SNAPSHOT.jar!/webapps/hddsDatanode}
2022-09-28 15:56:36,269 [Listener at 127.0.0.1/41537] INFO  server.AbstractConnector (AbstractConnector.java:doStart(331)) - Started ServerConnector@21a874fa{HTTP/1.1, (http/1.1)}{0.0.0.0:39495}
2022-09-28 15:56:36,269 [Listener at 127.0.0.1/41537] INFO  server.Server (Server.java:doStart(415)) - Started @300457ms
2022-09-28 15:56:36,269 [Listener at 127.0.0.1/41537] WARN  impl.MetricsSystemImpl (MetricsSystemImpl.java:register(279)) - Sink prometheus already exists!
2022-09-28 15:56:36,270 [Listener at 127.0.0.1/41537] INFO  http.BaseHttpServer (BaseHttpServer.java:updateConnectorAddress(333)) - HTTP server of hddsDatanode listening at http://0.0.0.0:39495
2022-09-28 15:56:36,270 [Listener at 127.0.0.1/41537] INFO  impl.MetricsSystemImpl (MetricsSystemImpl.java:init(158)) - HddsDatanode metrics system started (again)
2022-09-28 15:56:36,279 [Datanode State Machine Daemon Thread] INFO  statemachine.DatanodeStateMachine (DatanodeStateMachine.java:lambda$startDaemon$0(492)) - Ozone container server started.
2022-09-28 15:56:36,321 [Listener at 127.0.0.1/41537] INFO  ozone.HddsDatanodeService (HddsDatanodeService.java:start(236)) - HddsDatanodeService host:fv-az203-824.ild0l4k5vsluppoevu2oqvhmda.cx.internal.cloudapp.net ip:10.1.1.55
2022-09-28 15:56:36,348 [Listener at 127.0.0.1/41537] INFO  upgrade.AbstractLayoutVersionManager (AbstractLayoutVersionManager.java:init(83)) - Initializing Layout version manager with metadata layout = DATANODE_SCHEMA_V3 (version = 4), software layout = DATANODE_SCHEMA_V3 (version = 4)
2022-09-28 15:56:36,379 [org.apache.hadoop.util.JvmPauseMonitor$Monitor@661c28e6] INFO  util.JvmPauseMonitor (JvmPauseMonitor.java:run(188)) - Starting JVM pause monitor
2022-09-28 15:56:36,403 [Datanode State Machine Task Thread - 0] INFO  datanode.InitDatanodeState (InitDatanodeState.java:persistContainerDatanodeDetails(138)) - DatanodeDetails is persisted to /home/runner/work/ozone/ozone/hadoop-ozone/integration-test/target/test-dir/MiniOzoneClusterImpl-3ec8252f-dc88-4027-b0d7-634db2a11e1f/datanode-1/meta/datanode.id
2022-09-28 15:56:36,452 [Listener at 127.0.0.1/41537] INFO  reflections.Reflections (Reflections.java:scan(232)) - Reflections took 103 ms to scan 7 urls, producing 135 keys and 327 values 
2022-09-28 15:56:36,456 [Listener at 127.0.0.1/41537] INFO  statemachine.DatanodeStateMachine (DatanodeStateMachine.java:getEndPointTaskThreadPoolSize(237)) - Datanode State Machine Task Thread Pool size 2
2022-09-28 15:56:36,475 [Listener at 127.0.0.1/41537] INFO  volume.HddsVolume (HddsVolume.java:<init>(117)) - Creating HddsVolume: /home/runner/work/ozone/ozone/hadoop-ozone/integration-test/target/test-dir/MiniOzoneClusterImpl-3ec8252f-dc88-4027-b0d7-634db2a11e1f/datanode-2/data-0/containers/hdds of storage type : DISK capacity : 9223372036854775807
2022-09-28 15:56:36,475 [Listener at 127.0.0.1/41537] INFO  volume.MutableVolumeSet (MutableVolumeSet.java:initializeVolumeSet(174)) - Added Volume : /home/runner/work/ozone/ozone/hadoop-ozone/integration-test/target/test-dir/MiniOzoneClusterImpl-3ec8252f-dc88-4027-b0d7-634db2a11e1f/datanode-2/data-0/containers/hdds to VolumeSet
2022-09-28 15:56:36,475 [Listener at 127.0.0.1/41537] INFO  volume.ThrottledAsyncChecker (ThrottledAsyncChecker.java:schedule(141)) - Scheduling a check for /home/runner/work/ozone/ozone/hadoop-ozone/integration-test/target/test-dir/MiniOzoneClusterImpl-3ec8252f-dc88-4027-b0d7-634db2a11e1f/datanode-2/data-0/containers/hdds
2022-09-28 15:56:36,503 [Listener at 127.0.0.1/41537] INFO  volume.StorageVolumeChecker (StorageVolumeChecker.java:checkAllVolumes(202)) - Scheduled health check for volume /home/runner/work/ozone/ozone/hadoop-ozone/integration-test/target/test-dir/MiniOzoneClusterImpl-3ec8252f-dc88-4027-b0d7-634db2a11e1f/datanode-2/data-0/containers/hdds
2022-09-28 15:56:36,518 [Listener at 127.0.0.1/41537] INFO  volume.MutableVolumeSet (MutableVolumeSet.java:initializeVolumeSet(174)) - Added Volume : /home/runner/work/ozone/ozone/hadoop-ozone/integration-test/target/test-dir/MiniOzoneClusterImpl-3ec8252f-dc88-4027-b0d7-634db2a11e1f/datanode-2/data/ratis to VolumeSet
2022-09-28 15:56:36,518 [Listener at 127.0.0.1/41537] INFO  volume.ThrottledAsyncChecker (ThrottledAsyncChecker.java:schedule(141)) - Scheduling a check for /home/runner/work/ozone/ozone/hadoop-ozone/integration-test/target/test-dir/MiniOzoneClusterImpl-3ec8252f-dc88-4027-b0d7-634db2a11e1f/datanode-2/data/ratis
2022-09-28 15:56:36,531 [Listener at 127.0.0.1/41537] INFO  volume.StorageVolumeChecker (StorageVolumeChecker.java:checkAllVolumes(202)) - Scheduled health check for volume /home/runner/work/ozone/ozone/hadoop-ozone/integration-test/target/test-dir/MiniOzoneClusterImpl-3ec8252f-dc88-4027-b0d7-634db2a11e1f/datanode-2/data/ratis
2022-09-28 15:56:36,603 [Thread-1616] INFO  ozoneimpl.ContainerReader (ContainerReader.java:readVolume(175)) - Finish verifying containers on volume /home/runner/work/ozone/ozone/hadoop-ozone/integration-test/target/test-dir/MiniOzoneClusterImpl-3ec8252f-dc88-4027-b0d7-634db2a11e1f/datanode-2/data-0/containers/hdds
2022-09-28 15:56:36,603 [Listener at 127.0.0.1/41537] INFO  ozoneimpl.OzoneContainer (OzoneContainer.java:buildContainerSet(300)) - Build ContainerSet costs 0s
2022-09-28 15:56:36,619 [Listener at 127.0.0.1/41537] INFO  server.RaftServer (ConfUtils.java:logGet(46)) - raft.rpc.type = GRPC (default)
2022-09-28 15:56:36,620 [Listener at 127.0.0.1/41537] INFO  grpc.GrpcFactory (GrpcFactory.java:checkPooledByteBufAllocatorUseCacheForAllThreads(48)) - PERFORMANCE WARNING: useCacheForAllThreads is true that may cause Netty to create a lot garbage objects and, as a result, trigger GC.
	It is recommended to disable useCacheForAllThreads by setting -Dorg.apache.ratis.thirdparty.io.netty.allocator.useCacheForAllThreads=false in command line.
2022-09-28 15:56:36,620 [Listener at 127.0.0.1/41537] INFO  grpc.GrpcConfigKeys (ConfUtils.java:logGet(46)) - raft.grpc.admin.port = 0 (custom)
2022-09-28 15:56:36,620 [Listener at 127.0.0.1/41537] INFO  grpc.GrpcConfigKeys (ConfUtils.java:logGet(46)) - raft.grpc.client.port = 0 (custom)
2022-09-28 15:56:36,620 [Listener at 127.0.0.1/41537] INFO  grpc.GrpcConfigKeys (ConfUtils.java:logGet(46)) - raft.grpc.server.port = 0 (default)
2022-09-28 15:56:36,620 [Listener at 127.0.0.1/41537] INFO  server.GrpcService (ConfUtils.java:logGet(46)) - raft.grpc.message.size.max = 32MB (=33554432) (custom)
2022-09-28 15:56:36,620 [Listener at 127.0.0.1/41537] INFO  server.RaftServerConfigKeys (ConfUtils.java:logGet(46)) - raft.server.log.appender.buffer.byte-limit = 33554432 (custom)
2022-09-28 15:56:36,620 [Listener at 127.0.0.1/41537] INFO  server.GrpcService (ConfUtils.java:logGet(46)) - raft.grpc.flow.control.window = 5MB (=5242880) (custom)
2022-09-28 15:56:36,620 [Listener at 127.0.0.1/41537] INFO  server.RaftServerConfigKeys (ConfUtils.java:logGet(46)) - raft.server.rpc.request.timeout = 60s (custom)
2022-09-28 15:56:36,620 [Listener at 127.0.0.1/41537] INFO  grpc.GrpcConfigKeys (ConfUtils.java:logGet(46)) - raft.grpc.server.async.request.thread.pool.cached = true (default)
2022-09-28 15:56:36,621 [Listener at 127.0.0.1/41537] INFO  grpc.GrpcConfigKeys (ConfUtils.java:logGet(46)) - raft.grpc.server.async.request.thread.pool.size = 32 (default)
2022-09-28 15:56:36,622 [Listener at 127.0.0.1/41537] INFO  impl.DataStreamServerImpl (ConfUtils.java:logGet(46)) - raft.datastream.type = DISABLED (default)
2022-09-28 15:56:36,622 [Listener at 127.0.0.1/41537] INFO  server.RaftServerConfigKeys (ConfUtils.java:logGet(46)) - raft.server.threadpool.proxy.cached = true (default)
2022-09-28 15:56:36,622 [Listener at 127.0.0.1/41537] INFO  server.RaftServerConfigKeys (ConfUtils.java:logGet(46)) - raft.server.threadpool.proxy.size = 0 (default)
2022-09-28 15:56:36,622 [Listener at 127.0.0.1/41537] INFO  server.RaftServerConfigKeys (ConfUtils.java:logGet(46)) - raft.server.rpc.slowness.timeout = 300s (custom)
2022-09-28 15:56:36,622 [Listener at 127.0.0.1/41537] INFO  server.RaftServerConfigKeys (ConfUtils.java:logGet(46)) - raft.server.leaderelection.leader.step-down.wait-time = 10s (default)
2022-09-28 15:56:36,622 [Listener at 127.0.0.1/41537] INFO  server.RaftServerConfigKeys (ConfUtils.java:logGet(46)) - raft.server.storage.dir = [/home/runner/work/ozone/ozone/hadoop-ozone/integration-test/target/test-dir/MiniOzoneClusterImpl-3ec8252f-dc88-4027-b0d7-634db2a11e1f/datanode-2/data/ratis] (custom)
2022-09-28 15:56:36,636 [Listener at 127.0.0.1/41537] INFO  server.XceiverServerGrpc (XceiverServerGrpc.java:<init>(132)) - GrpcServer channel type EpollServerSocketChannel
2022-09-28 15:56:36,661 [Listener at 127.0.0.1/41537] INFO  http.BaseHttpServer (BaseHttpServer.java:newHttpServer2BuilderForOzone(213)) - Starting Web-server for hddsDatanode at: http://0.0.0.0:0
2022-09-28 15:56:36,661 [Listener at 127.0.0.1/41537] INFO  http.BaseHttpServer (BaseHttpServer.java:<init>(108)) - Hadoop Security Enabled: false Ozone Security Enabled: false Ozone HTTP Security Enabled: false 
2022-09-28 15:56:36,662 [Listener at 127.0.0.1/41537] INFO  server.AuthenticationFilter (AuthenticationFilter.java:constructSecretProvider(240)) - Unable to initialize FileSignerSecretProvider, falling back to use random secrets.
2022-09-28 15:56:36,666 [Listener at 127.0.0.1/41537] WARN  http.HttpRequestLog (HttpRequestLog.java:getRequestLog(103)) - Jetty request log can only be enabled using Log4j
2022-09-28 15:56:36,667 [Listener at 127.0.0.1/41537] INFO  http.HttpServer2 (HttpServer2.java:addGlobalFilter(1029)) - Added global filter 'safety' (class=org.apache.hadoop.hdds.server.http.HttpServer2$QuotingInputFilter)
2022-09-28 15:56:36,667 [Listener at 127.0.0.1/41537] INFO  http.HttpServer2 (HttpServer2.java:addFilter(1005)) - Added filter static_user_filter (class=org.apache.hadoop.http.lib.StaticUserWebFilter$StaticUserFilter) to context hddsDatanode
2022-09-28 15:56:36,667 [Listener at 127.0.0.1/41537] INFO  http.HttpServer2 (HttpServer2.java:addFilter(1013)) - Added filter static_user_filter (class=org.apache.hadoop.http.lib.StaticUserWebFilter$StaticUserFilter) to context static
2022-09-28 15:56:36,668 [Listener at 127.0.0.1/41537] INFO  http.HttpServer2 (HttpServer2.java:addFilter(1013)) - Added filter static_user_filter (class=org.apache.hadoop.http.lib.StaticUserWebFilter$StaticUserFilter) to context logs
2022-09-28 15:56:36,668 [Listener at 127.0.0.1/41537] INFO  http.HttpServer2 (HttpServer2.java:bindListener(1248)) - Jetty bound to port 33347
2022-09-28 15:56:36,668 [Listener at 127.0.0.1/41537] INFO  server.Server (Server.java:doStart(375)) - jetty-9.4.43.v20210629; built: 2021-06-30T11:07:22.254Z; git: 526006ecfa3af7f1a27ef3a288e2bef7ea9dd7e8; jvm 1.8.0_345-b01
2022-09-28 15:56:36,680 [Listener at 127.0.0.1/41537] INFO  server.session (DefaultSessionIdManager.java:doStart(334)) - DefaultSessionIdManager workerName=node0
2022-09-28 15:56:36,680 [Listener at 127.0.0.1/41537] INFO  server.session (DefaultSessionIdManager.java:doStart(339)) - No SessionScavenger set, using defaults
2022-09-28 15:56:36,680 [Listener at 127.0.0.1/41537] INFO  server.session (HouseKeeper.java:startScavenging(132)) - node0 Scavenging every 660000ms
2022-09-28 15:56:36,681 [Listener at 127.0.0.1/41537] INFO  handler.ContextHandler (ContextHandler.java:doStart(915)) - Started o.e.j.s.ServletContextHandler@770b5ee2{logs,/logs,file:///home/runner/work/ozone/ozone/hadoop-ozone/integration-test/target/log,AVAILABLE}
2022-09-28 15:56:36,681 [Listener at 127.0.0.1/41537] INFO  handler.ContextHandler (ContextHandler.java:doStart(915)) - Started o.e.j.s.ServletContextHandler@406ad1aa{static,/static,jar:file:/home/runner/.m2/repository/org/apache/ozone/hdds-container-service/1.3.0-SNAPSHOT/hdds-container-service-1.3.0-SNAPSHOT.jar!/webapps/static,AVAILABLE}
2022-09-28 15:56:37,038 [Listener at 127.0.0.1/41537] INFO  handler.ContextHandler (ContextHandler.java:doStart(915)) - Started o.e.j.w.WebAppContext@2b0e9680{hddsDatanode,/,file:///tmp/jetty-0_0_0_0-33347-hdds-container-service-1_3_0-SNAPSHOT_jar-_-any-1048293194893943031/webapp/,AVAILABLE}{jar:file:/home/runner/.m2/repository/org/apache/ozone/hdds-container-service/1.3.0-SNAPSHOT/hdds-container-service-1.3.0-SNAPSHOT.jar!/webapps/hddsDatanode}
2022-09-28 15:56:37,075 [Listener at 127.0.0.1/41537] INFO  server.AbstractConnector (AbstractConnector.java:doStart(331)) - Started ServerConnector@ba380a5{HTTP/1.1, (http/1.1)}{0.0.0.0:33347}
2022-09-28 15:56:37,075 [Listener at 127.0.0.1/41537] INFO  server.Server (Server.java:doStart(415)) - Started @301264ms
2022-09-28 15:56:37,075 [Listener at 127.0.0.1/41537] WARN  impl.MetricsSystemImpl (MetricsSystemImpl.java:register(279)) - Sink prometheus already exists!
2022-09-28 15:56:37,076 [Listener at 127.0.0.1/41537] INFO  http.BaseHttpServer (BaseHttpServer.java:updateConnectorAddress(333)) - HTTP server of hddsDatanode listening at http://0.0.0.0:33347
2022-09-28 15:56:37,086 [Datanode State Machine Daemon Thread] INFO  statemachine.DatanodeStateMachine (DatanodeStateMachine.java:lambda$startDaemon$0(492)) - Ozone container server started.
2022-09-28 15:56:37,086 [Listener at 127.0.0.1/41537] INFO  impl.MetricsSystemImpl (MetricsSystemImpl.java:init(158)) - HddsDatanode metrics system started (again)
2022-09-28 15:56:37,135 [org.apache.hadoop.util.JvmPauseMonitor$Monitor@49f31026] INFO  util.JvmPauseMonitor (JvmPauseMonitor.java:run(188)) - Starting JVM pause monitor
2022-09-28 15:56:37,138 [Listener at 127.0.0.1/41537] INFO  ozone.HddsDatanodeService (HddsDatanodeService.java:start(236)) - HddsDatanodeService host:fv-az203-824.ild0l4k5vsluppoevu2oqvhmda.cx.internal.cloudapp.net ip:10.1.1.55
2022-09-28 15:56:37,144 [Datanode State Machine Task Thread - 0] INFO  datanode.InitDatanodeState (InitDatanodeState.java:persistContainerDatanodeDetails(138)) - DatanodeDetails is persisted to /home/runner/work/ozone/ozone/hadoop-ozone/integration-test/target/test-dir/MiniOzoneClusterImpl-3ec8252f-dc88-4027-b0d7-634db2a11e1f/datanode-2/meta/datanode.id
2022-09-28 15:56:37,190 [Listener at 127.0.0.1/41537] INFO  upgrade.AbstractLayoutVersionManager (AbstractLayoutVersionManager.java:init(83)) - Initializing Layout version manager with metadata layout = DATANODE_SCHEMA_V3 (version = 4), software layout = DATANODE_SCHEMA_V3 (version = 4)
2022-09-28 15:56:37,284 [Listener at 127.0.0.1/41537] INFO  reflections.Reflections (Reflections.java:scan(232)) - Reflections took 93 ms to scan 7 urls, producing 135 keys and 327 values 
2022-09-28 15:56:37,286 [Listener at 127.0.0.1/41537] INFO  statemachine.DatanodeStateMachine (DatanodeStateMachine.java:getEndPointTaskThreadPoolSize(237)) - Datanode State Machine Task Thread Pool size 2
2022-09-28 15:56:37,289 [Listener at 127.0.0.1/41537] INFO  volume.HddsVolume (HddsVolume.java:<init>(117)) - Creating HddsVolume: /home/runner/work/ozone/ozone/hadoop-ozone/integration-test/target/test-dir/MiniOzoneClusterImpl-3ec8252f-dc88-4027-b0d7-634db2a11e1f/datanode-3/data-0/containers/hdds of storage type : DISK capacity : 9223372036854775807
2022-09-28 15:56:37,289 [Listener at 127.0.0.1/41537] INFO  volume.MutableVolumeSet (MutableVolumeSet.java:initializeVolumeSet(174)) - Added Volume : /home/runner/work/ozone/ozone/hadoop-ozone/integration-test/target/test-dir/MiniOzoneClusterImpl-3ec8252f-dc88-4027-b0d7-634db2a11e1f/datanode-3/data-0/containers/hdds to VolumeSet
2022-09-28 15:56:37,289 [Listener at 127.0.0.1/41537] INFO  volume.ThrottledAsyncChecker (ThrottledAsyncChecker.java:schedule(141)) - Scheduling a check for /home/runner/work/ozone/ozone/hadoop-ozone/integration-test/target/test-dir/MiniOzoneClusterImpl-3ec8252f-dc88-4027-b0d7-634db2a11e1f/datanode-3/data-0/containers/hdds
2022-09-28 15:56:37,325 [Listener at 127.0.0.1/41537] INFO  volume.StorageVolumeChecker (StorageVolumeChecker.java:checkAllVolumes(202)) - Scheduled health check for volume /home/runner/work/ozone/ozone/hadoop-ozone/integration-test/target/test-dir/MiniOzoneClusterImpl-3ec8252f-dc88-4027-b0d7-634db2a11e1f/datanode-3/data-0/containers/hdds
2022-09-28 15:56:37,345 [Listener at 127.0.0.1/41537] INFO  volume.MutableVolumeSet (MutableVolumeSet.java:initializeVolumeSet(174)) - Added Volume : /home/runner/work/ozone/ozone/hadoop-ozone/integration-test/target/test-dir/MiniOzoneClusterImpl-3ec8252f-dc88-4027-b0d7-634db2a11e1f/datanode-3/data/ratis to VolumeSet
2022-09-28 15:56:37,346 [Listener at 127.0.0.1/41537] INFO  volume.ThrottledAsyncChecker (ThrottledAsyncChecker.java:schedule(141)) - Scheduling a check for /home/runner/work/ozone/ozone/hadoop-ozone/integration-test/target/test-dir/MiniOzoneClusterImpl-3ec8252f-dc88-4027-b0d7-634db2a11e1f/datanode-3/data/ratis
2022-09-28 15:56:37,346 [Listener at 127.0.0.1/41537] INFO  volume.StorageVolumeChecker (StorageVolumeChecker.java:checkAllVolumes(202)) - Scheduled health check for volume /home/runner/work/ozone/ozone/hadoop-ozone/integration-test/target/test-dir/MiniOzoneClusterImpl-3ec8252f-dc88-4027-b0d7-634db2a11e1f/datanode-3/data/ratis
2022-09-28 15:56:37,356 [Thread-1629] INFO  ozoneimpl.ContainerReader (ContainerReader.java:readVolume(175)) - Finish verifying containers on volume /home/runner/work/ozone/ozone/hadoop-ozone/integration-test/target/test-dir/MiniOzoneClusterImpl-3ec8252f-dc88-4027-b0d7-634db2a11e1f/datanode-3/data-0/containers/hdds
2022-09-28 15:56:37,357 [Listener at 127.0.0.1/41537] INFO  ozoneimpl.OzoneContainer (OzoneContainer.java:buildContainerSet(300)) - Build ContainerSet costs 0s
2022-09-28 15:56:37,358 [Listener at 127.0.0.1/41537] INFO  server.RaftServer (ConfUtils.java:logGet(46)) - raft.rpc.type = GRPC (default)
2022-09-28 15:56:37,358 [Listener at 127.0.0.1/41537] INFO  grpc.GrpcFactory (GrpcFactory.java:checkPooledByteBufAllocatorUseCacheForAllThreads(48)) - PERFORMANCE WARNING: useCacheForAllThreads is true that may cause Netty to create a lot garbage objects and, as a result, trigger GC.
	It is recommended to disable useCacheForAllThreads by setting -Dorg.apache.ratis.thirdparty.io.netty.allocator.useCacheForAllThreads=false in command line.
2022-09-28 15:56:37,358 [Listener at 127.0.0.1/41537] INFO  grpc.GrpcConfigKeys (ConfUtils.java:logGet(46)) - raft.grpc.admin.port = 0 (custom)
2022-09-28 15:56:37,358 [Listener at 127.0.0.1/41537] INFO  grpc.GrpcConfigKeys (ConfUtils.java:logGet(46)) - raft.grpc.client.port = 0 (custom)
2022-09-28 15:56:37,358 [Listener at 127.0.0.1/41537] INFO  grpc.GrpcConfigKeys (ConfUtils.java:logGet(46)) - raft.grpc.server.port = 0 (default)
2022-09-28 15:56:37,359 [Listener at 127.0.0.1/41537] INFO  server.GrpcService (ConfUtils.java:logGet(46)) - raft.grpc.message.size.max = 32MB (=33554432) (custom)
2022-09-28 15:56:37,359 [Listener at 127.0.0.1/41537] INFO  server.RaftServerConfigKeys (ConfUtils.java:logGet(46)) - raft.server.log.appender.buffer.byte-limit = 33554432 (custom)
2022-09-28 15:56:37,359 [Listener at 127.0.0.1/41537] INFO  server.GrpcService (ConfUtils.java:logGet(46)) - raft.grpc.flow.control.window = 5MB (=5242880) (custom)
2022-09-28 15:56:37,359 [Listener at 127.0.0.1/41537] INFO  server.RaftServerConfigKeys (ConfUtils.java:logGet(46)) - raft.server.rpc.request.timeout = 60s (custom)
2022-09-28 15:56:37,359 [Listener at 127.0.0.1/41537] INFO  grpc.GrpcConfigKeys (ConfUtils.java:logGet(46)) - raft.grpc.server.async.request.thread.pool.cached = true (default)
2022-09-28 15:56:37,359 [Listener at 127.0.0.1/41537] INFO  grpc.GrpcConfigKeys (ConfUtils.java:logGet(46)) - raft.grpc.server.async.request.thread.pool.size = 32 (default)
2022-09-28 15:56:37,360 [Listener at 127.0.0.1/41537] INFO  impl.DataStreamServerImpl (ConfUtils.java:logGet(46)) - raft.datastream.type = DISABLED (default)
2022-09-28 15:56:37,360 [Listener at 127.0.0.1/41537] INFO  server.RaftServerConfigKeys (ConfUtils.java:logGet(46)) - raft.server.threadpool.proxy.cached = true (default)
2022-09-28 15:56:37,361 [Listener at 127.0.0.1/41537] INFO  server.RaftServerConfigKeys (ConfUtils.java:logGet(46)) - raft.server.threadpool.proxy.size = 0 (default)
2022-09-28 15:56:37,361 [Listener at 127.0.0.1/41537] INFO  server.RaftServerConfigKeys (ConfUtils.java:logGet(46)) - raft.server.rpc.slowness.timeout = 300s (custom)
2022-09-28 15:56:37,361 [Listener at 127.0.0.1/41537] INFO  server.RaftServerConfigKeys (ConfUtils.java:logGet(46)) - raft.server.leaderelection.leader.step-down.wait-time = 10s (default)
2022-09-28 15:56:37,361 [Listener at 127.0.0.1/41537] INFO  server.RaftServerConfigKeys (ConfUtils.java:logGet(46)) - raft.server.storage.dir = [/home/runner/work/ozone/ozone/hadoop-ozone/integration-test/target/test-dir/MiniOzoneClusterImpl-3ec8252f-dc88-4027-b0d7-634db2a11e1f/datanode-3/data/ratis] (custom)
2022-09-28 15:56:37,362 [Listener at 127.0.0.1/41537] INFO  server.XceiverServerGrpc (XceiverServerGrpc.java:<init>(132)) - GrpcServer channel type EpollServerSocketChannel
2022-09-28 15:56:37,369 [Listener at 127.0.0.1/41537] INFO  http.BaseHttpServer (BaseHttpServer.java:newHttpServer2BuilderForOzone(213)) - Starting Web-server for hddsDatanode at: http://0.0.0.0:0
2022-09-28 15:56:37,370 [Listener at 127.0.0.1/41537] INFO  http.BaseHttpServer (BaseHttpServer.java:<init>(108)) - Hadoop Security Enabled: false Ozone Security Enabled: false Ozone HTTP Security Enabled: false 
2022-09-28 15:56:37,371 [Listener at 127.0.0.1/41537] INFO  server.AuthenticationFilter (AuthenticationFilter.java:constructSecretProvider(240)) - Unable to initialize FileSignerSecretProvider, falling back to use random secrets.
2022-09-28 15:56:37,371 [Listener at 127.0.0.1/41537] WARN  http.HttpRequestLog (HttpRequestLog.java:getRequestLog(103)) - Jetty request log can only be enabled using Log4j
2022-09-28 15:56:37,372 [Listener at 127.0.0.1/41537] INFO  http.HttpServer2 (HttpServer2.java:addGlobalFilter(1029)) - Added global filter 'safety' (class=org.apache.hadoop.hdds.server.http.HttpServer2$QuotingInputFilter)
2022-09-28 15:56:37,372 [Listener at 127.0.0.1/41537] INFO  http.HttpServer2 (HttpServer2.java:addFilter(1005)) - Added filter static_user_filter (class=org.apache.hadoop.http.lib.StaticUserWebFilter$StaticUserFilter) to context hddsDatanode
2022-09-28 15:56:37,372 [Listener at 127.0.0.1/41537] INFO  http.HttpServer2 (HttpServer2.java:addFilter(1013)) - Added filter static_user_filter (class=org.apache.hadoop.http.lib.StaticUserWebFilter$StaticUserFilter) to context static
2022-09-28 15:56:37,372 [Listener at 127.0.0.1/41537] INFO  http.HttpServer2 (HttpServer2.java:addFilter(1013)) - Added filter static_user_filter (class=org.apache.hadoop.http.lib.StaticUserWebFilter$StaticUserFilter) to context logs
2022-09-28 15:56:37,373 [Listener at 127.0.0.1/41537] INFO  http.HttpServer2 (HttpServer2.java:bindListener(1248)) - Jetty bound to port 38523
2022-09-28 15:56:37,373 [Listener at 127.0.0.1/41537] INFO  server.Server (Server.java:doStart(375)) - jetty-9.4.43.v20210629; built: 2021-06-30T11:07:22.254Z; git: 526006ecfa3af7f1a27ef3a288e2bef7ea9dd7e8; jvm 1.8.0_345-b01
2022-09-28 15:56:37,374 [Listener at 127.0.0.1/41537] INFO  server.session (DefaultSessionIdManager.java:doStart(334)) - DefaultSessionIdManager workerName=node0
2022-09-28 15:56:37,374 [Listener at 127.0.0.1/41537] INFO  server.session (DefaultSessionIdManager.java:doStart(339)) - No SessionScavenger set, using defaults
2022-09-28 15:56:37,374 [Listener at 127.0.0.1/41537] INFO  server.session (HouseKeeper.java:startScavenging(132)) - node0 Scavenging every 660000ms
2022-09-28 15:56:37,375 [Listener at 127.0.0.1/41537] INFO  handler.ContextHandler (ContextHandler.java:doStart(915)) - Started o.e.j.s.ServletContextHandler@67b95f82{logs,/logs,file:///home/runner/work/ozone/ozone/hadoop-ozone/integration-test/target/log,AVAILABLE}
2022-09-28 15:56:37,375 [Listener at 127.0.0.1/41537] INFO  handler.ContextHandler (ContextHandler.java:doStart(915)) - Started o.e.j.s.ServletContextHandler@610ad623{static,/static,jar:file:/home/runner/.m2/repository/org/apache/ozone/hdds-container-service/1.3.0-SNAPSHOT/hdds-container-service-1.3.0-SNAPSHOT.jar!/webapps/static,AVAILABLE}
2022-09-28 15:56:37,628 [EndpointStateMachine task thread for /0.0.0.0:44991 - 0 ] INFO  volume.HddsVolume (HddsVolume.java:createDbStore(307)) - SchemaV3 db is created and loaded at /home/runner/work/ozone/ozone/hadoop-ozone/integration-test/target/test-dir/MiniOzoneClusterImpl-3ec8252f-dc88-4027-b0d7-634db2a11e1f/datanode-0/data-0/containers/hdds/3ec8252f-dc88-4027-b0d7-634db2a11e1f/DS-6d455ee2-1707-4881-9108-50f63d2057bd/container.db for volume DS-6d455ee2-1707-4881-9108-50f63d2057bd
2022-09-28 15:56:37,671 [EndpointStateMachine task thread for /0.0.0.0:44991 - 0 ] INFO  volume.HddsVolume (HddsVolume.java:closeDbStore(338)) - SchemaV3 db is stopped at /home/runner/work/ozone/ozone/hadoop-ozone/integration-test/target/test-dir/MiniOzoneClusterImpl-3ec8252f-dc88-4027-b0d7-634db2a11e1f/datanode-0/data-0/containers/hdds/3ec8252f-dc88-4027-b0d7-634db2a11e1f/DS-6d455ee2-1707-4881-9108-50f63d2057bd/container.db for volume DS-6d455ee2-1707-4881-9108-50f63d2057bd
2022-09-28 15:56:37,671 [EndpointStateMachine task thread for /0.0.0.0:44991 - 0 ] INFO  ozoneimpl.OzoneContainer (OzoneContainer.java:start(378)) - Attempting to start container services.
2022-09-28 15:56:37,672 [EndpointStateMachine task thread for /0.0.0.0:44991 - 0 ] INFO  ozoneimpl.OzoneContainer (OzoneContainer.java:startContainerScrub(313)) - Background container scanner has been disabled.
2022-09-28 15:56:37,719 [EndpointStateMachine task thread for /0.0.0.0:44991 - 0 ] INFO  replication.ReplicationServer (ReplicationServer.java:start(111)) - ReplicationServer is started using port 37543
2022-09-28 15:56:37,720 [EndpointStateMachine task thread for /0.0.0.0:44991 - 0 ] INFO  ratis.XceiverServerRatis (XceiverServerRatis.java:start(481)) - Starting XceiverServerRatis 8c5cbec5-1e98-45a3-8a83-5527ccbe40ad
2022-09-28 15:56:37,721 [EndpointStateMachine task thread for /0.0.0.0:44991 - 0 ] INFO  server.RaftServer (RaftServerProxy.java:lambda$start$6(382)) - 8c5cbec5-1e98-45a3-8a83-5527ccbe40ad: start RPC server
2022-09-28 15:56:37,771 [EndpointStateMachine task thread for /0.0.0.0:44991 - 0 ] INFO  server.GrpcService (GrpcService.java:startImpl(260)) - 8c5cbec5-1e98-45a3-8a83-5527ccbe40ad: GrpcService started, listening on 44337
2022-09-28 15:56:37,771 [EndpointStateMachine task thread for /0.0.0.0:44991 - 0 ] INFO  ratis.XceiverServerRatis (XceiverServerRatis.java:getRealPort(502)) - XceiverServerRatis 8c5cbec5-1e98-45a3-8a83-5527ccbe40ad is started using port 44337 for RATIS
2022-09-28 15:56:37,771 [EndpointStateMachine task thread for /0.0.0.0:44991 - 0 ] INFO  ratis.XceiverServerRatis (XceiverServerRatis.java:getRealPort(502)) - XceiverServerRatis 8c5cbec5-1e98-45a3-8a83-5527ccbe40ad is started using port 44337 for RATIS_ADMIN
2022-09-28 15:56:37,771 [EndpointStateMachine task thread for /0.0.0.0:44991 - 0 ] INFO  ratis.XceiverServerRatis (XceiverServerRatis.java:getRealPort(502)) - XceiverServerRatis 8c5cbec5-1e98-45a3-8a83-5527ccbe40ad is started using port 44337 for RATIS_SERVER
2022-09-28 15:56:37,771 [org.apache.ratis.util.JvmPauseMonitor$$Lambda$634/1800766250@283e6758] INFO  util.JvmPauseMonitor (JvmPauseMonitor.java:run(103)) - JvmPauseMonitor-8c5cbec5-1e98-45a3-8a83-5527ccbe40ad: Started
2022-09-28 15:56:37,834 [EndpointStateMachine task thread for /0.0.0.0:44991 - 0 ] INFO  server.XceiverServerGrpc (XceiverServerGrpc.java:start(180)) - XceiverServerGrpc 8c5cbec5-1e98-45a3-8a83-5527ccbe40ad is started using port 46795
2022-09-28 15:56:38,160 [Listener at 127.0.0.1/41537] INFO  handler.ContextHandler (ContextHandler.java:doStart(915)) - Started o.e.j.w.WebAppContext@2950bb2d{hddsDatanode,/,file:///tmp/jetty-0_0_0_0-38523-hdds-container-service-1_3_0-SNAPSHOT_jar-_-any-346440052154474744/webapp/,AVAILABLE}{jar:file:/home/runner/.m2/repository/org/apache/ozone/hdds-container-service/1.3.0-SNAPSHOT/hdds-container-service-1.3.0-SNAPSHOT.jar!/webapps/hddsDatanode}
2022-09-28 15:56:38,173 [Listener at 127.0.0.1/41537] INFO  server.AbstractConnector (AbstractConnector.java:doStart(331)) - Started ServerConnector@134fa96f{HTTP/1.1, (http/1.1)}{0.0.0.0:38523}
2022-09-28 15:56:38,173 [Listener at 127.0.0.1/41537] INFO  server.Server (Server.java:doStart(415)) - Started @302361ms
2022-09-28 15:56:38,173 [Listener at 127.0.0.1/41537] WARN  impl.MetricsSystemImpl (MetricsSystemImpl.java:register(279)) - Sink prometheus already exists!
2022-09-28 15:56:38,174 [Listener at 127.0.0.1/41537] INFO  http.BaseHttpServer (BaseHttpServer.java:updateConnectorAddress(333)) - HTTP server of hddsDatanode listening at http://0.0.0.0:38523
2022-09-28 15:56:38,174 [Listener at 127.0.0.1/41537] INFO  impl.MetricsSystemImpl (MetricsSystemImpl.java:init(158)) - HddsDatanode metrics system started (again)
2022-09-28 15:56:38,196 [Datanode State Machine Daemon Thread] INFO  statemachine.DatanodeStateMachine (DatanodeStateMachine.java:lambda$startDaemon$0(492)) - Ozone container server started.
2022-09-28 15:56:38,241 [Listener at 127.0.0.1/41537] INFO  ozone.HddsDatanodeService (HddsDatanodeService.java:start(236)) - HddsDatanodeService host:fv-az203-824.ild0l4k5vsluppoevu2oqvhmda.cx.internal.cloudapp.net ip:10.1.1.55
2022-09-28 15:56:38,296 [Listener at 127.0.0.1/41537] INFO  upgrade.AbstractLayoutVersionManager (AbstractLayoutVersionManager.java:init(83)) - Initializing Layout version manager with metadata layout = DATANODE_SCHEMA_V3 (version = 4), software layout = DATANODE_SCHEMA_V3 (version = 4)
2022-09-28 15:56:38,307 [org.apache.hadoop.util.JvmPauseMonitor$Monitor@79de65b5] INFO  util.JvmPauseMonitor (JvmPauseMonitor.java:run(188)) - Starting JVM pause monitor
2022-09-28 15:56:38,412 [Datanode State Machine Task Thread - 0] INFO  datanode.InitDatanodeState (InitDatanodeState.java:persistContainerDatanodeDetails(138)) - DatanodeDetails is persisted to /home/runner/work/ozone/ozone/hadoop-ozone/integration-test/target/test-dir/MiniOzoneClusterImpl-3ec8252f-dc88-4027-b0d7-634db2a11e1f/datanode-3/meta/datanode.id
2022-09-28 15:56:38,454 [Listener at 127.0.0.1/41537] INFO  reflections.Reflections (Reflections.java:scan(232)) - Reflections took 157 ms to scan 7 urls, producing 135 keys and 327 values 
2022-09-28 15:56:38,458 [Listener at 127.0.0.1/41537] INFO  statemachine.DatanodeStateMachine (DatanodeStateMachine.java:getEndPointTaskThreadPoolSize(237)) - Datanode State Machine Task Thread Pool size 2
2022-09-28 15:56:38,460 [Listener at 127.0.0.1/41537] INFO  volume.HddsVolume (HddsVolume.java:<init>(117)) - Creating HddsVolume: /home/runner/work/ozone/ozone/hadoop-ozone/integration-test/target/test-dir/MiniOzoneClusterImpl-3ec8252f-dc88-4027-b0d7-634db2a11e1f/datanode-4/data-0/containers/hdds of storage type : DISK capacity : 9223372036854775807
2022-09-28 15:56:38,460 [Listener at 127.0.0.1/41537] INFO  volume.MutableVolumeSet (MutableVolumeSet.java:initializeVolumeSet(174)) - Added Volume : /home/runner/work/ozone/ozone/hadoop-ozone/integration-test/target/test-dir/MiniOzoneClusterImpl-3ec8252f-dc88-4027-b0d7-634db2a11e1f/datanode-4/data-0/containers/hdds to VolumeSet
2022-09-28 15:56:38,460 [Listener at 127.0.0.1/41537] INFO  volume.ThrottledAsyncChecker (ThrottledAsyncChecker.java:schedule(141)) - Scheduling a check for /home/runner/work/ozone/ozone/hadoop-ozone/integration-test/target/test-dir/MiniOzoneClusterImpl-3ec8252f-dc88-4027-b0d7-634db2a11e1f/datanode-4/data-0/containers/hdds
2022-09-28 15:56:38,460 [Listener at 127.0.0.1/41537] INFO  volume.StorageVolumeChecker (StorageVolumeChecker.java:checkAllVolumes(202)) - Scheduled health check for volume /home/runner/work/ozone/ozone/hadoop-ozone/integration-test/target/test-dir/MiniOzoneClusterImpl-3ec8252f-dc88-4027-b0d7-634db2a11e1f/datanode-4/data-0/containers/hdds
2022-09-28 15:56:38,545 [Listener at 127.0.0.1/41537] INFO  volume.MutableVolumeSet (MutableVolumeSet.java:initializeVolumeSet(174)) - Added Volume : /home/runner/work/ozone/ozone/hadoop-ozone/integration-test/target/test-dir/MiniOzoneClusterImpl-3ec8252f-dc88-4027-b0d7-634db2a11e1f/datanode-4/data/ratis to VolumeSet
2022-09-28 15:56:38,545 [Listener at 127.0.0.1/41537] INFO  volume.ThrottledAsyncChecker (ThrottledAsyncChecker.java:schedule(141)) - Scheduling a check for /home/runner/work/ozone/ozone/hadoop-ozone/integration-test/target/test-dir/MiniOzoneClusterImpl-3ec8252f-dc88-4027-b0d7-634db2a11e1f/datanode-4/data/ratis
2022-09-28 15:56:38,545 [EndpointStateMachine task thread for /0.0.0.0:44991 - 0 ] INFO  volume.HddsVolume (HddsVolume.java:createDbStore(307)) - SchemaV3 db is created and loaded at /home/runner/work/ozone/ozone/hadoop-ozone/integration-test/target/test-dir/MiniOzoneClusterImpl-3ec8252f-dc88-4027-b0d7-634db2a11e1f/datanode-1/data-0/containers/hdds/3ec8252f-dc88-4027-b0d7-634db2a11e1f/DS-f4818bee-573b-4c04-b7a4-aeda44d2d081/container.db for volume DS-f4818bee-573b-4c04-b7a4-aeda44d2d081
2022-09-28 15:56:38,547 [EndpointStateMachine task thread for /0.0.0.0:44991 - 0 ] INFO  volume.HddsVolume (HddsVolume.java:closeDbStore(338)) - SchemaV3 db is stopped at /home/runner/work/ozone/ozone/hadoop-ozone/integration-test/target/test-dir/MiniOzoneClusterImpl-3ec8252f-dc88-4027-b0d7-634db2a11e1f/datanode-1/data-0/containers/hdds/3ec8252f-dc88-4027-b0d7-634db2a11e1f/DS-f4818bee-573b-4c04-b7a4-aeda44d2d081/container.db for volume DS-f4818bee-573b-4c04-b7a4-aeda44d2d081
2022-09-28 15:56:38,548 [EndpointStateMachine task thread for /0.0.0.0:44991 - 0 ] INFO  ozoneimpl.OzoneContainer (OzoneContainer.java:start(378)) - Attempting to start container services.
2022-09-28 15:56:38,548 [EndpointStateMachine task thread for /0.0.0.0:44991 - 0 ] INFO  ozoneimpl.OzoneContainer (OzoneContainer.java:startContainerScrub(313)) - Background container scanner has been disabled.
2022-09-28 15:56:38,548 [Listener at 127.0.0.1/41537] INFO  volume.StorageVolumeChecker (StorageVolumeChecker.java:checkAllVolumes(202)) - Scheduled health check for volume /home/runner/work/ozone/ozone/hadoop-ozone/integration-test/target/test-dir/MiniOzoneClusterImpl-3ec8252f-dc88-4027-b0d7-634db2a11e1f/datanode-4/data/ratis
2022-09-28 15:56:38,599 [EndpointStateMachine task thread for /0.0.0.0:44991 - 0 ] INFO  replication.ReplicationServer (ReplicationServer.java:start(111)) - ReplicationServer is started using port 33507
2022-09-28 15:56:38,616 [EndpointStateMachine task thread for /0.0.0.0:44991 - 0 ] INFO  ratis.XceiverServerRatis (XceiverServerRatis.java:start(481)) - Starting XceiverServerRatis 34248cef-dc81-419d-a997-c38b939b47d3
2022-09-28 15:56:38,655 [Thread-1648] INFO  ozoneimpl.ContainerReader (ContainerReader.java:readVolume(175)) - Finish verifying containers on volume /home/runner/work/ozone/ozone/hadoop-ozone/integration-test/target/test-dir/MiniOzoneClusterImpl-3ec8252f-dc88-4027-b0d7-634db2a11e1f/datanode-4/data-0/containers/hdds
2022-09-28 15:56:38,655 [Listener at 127.0.0.1/41537] INFO  ozoneimpl.OzoneContainer (OzoneContainer.java:buildContainerSet(300)) - Build ContainerSet costs 0s
2022-09-28 15:56:38,657 [Listener at 127.0.0.1/41537] INFO  server.RaftServer (ConfUtils.java:logGet(46)) - raft.rpc.type = GRPC (default)
2022-09-28 15:56:38,657 [Listener at 127.0.0.1/41537] INFO  grpc.GrpcFactory (GrpcFactory.java:checkPooledByteBufAllocatorUseCacheForAllThreads(48)) - PERFORMANCE WARNING: useCacheForAllThreads is true that may cause Netty to create a lot garbage objects and, as a result, trigger GC.
	It is recommended to disable useCacheForAllThreads by setting -Dorg.apache.ratis.thirdparty.io.netty.allocator.useCacheForAllThreads=false in command line.
2022-09-28 15:56:38,657 [Listener at 127.0.0.1/41537] INFO  grpc.GrpcConfigKeys (ConfUtils.java:logGet(46)) - raft.grpc.admin.port = 0 (custom)
2022-09-28 15:56:38,657 [Listener at 127.0.0.1/41537] INFO  grpc.GrpcConfigKeys (ConfUtils.java:logGet(46)) - raft.grpc.client.port = 0 (custom)
2022-09-28 15:56:38,657 [Listener at 127.0.0.1/41537] INFO  grpc.GrpcConfigKeys (ConfUtils.java:logGet(46)) - raft.grpc.server.port = 0 (default)
2022-09-28 15:56:38,657 [Listener at 127.0.0.1/41537] INFO  server.GrpcService (ConfUtils.java:logGet(46)) - raft.grpc.message.size.max = 32MB (=33554432) (custom)
2022-09-28 15:56:38,658 [Listener at 127.0.0.1/41537] INFO  server.RaftServerConfigKeys (ConfUtils.java:logGet(46)) - raft.server.log.appender.buffer.byte-limit = 33554432 (custom)
2022-09-28 15:56:38,658 [Listener at 127.0.0.1/41537] INFO  server.GrpcService (ConfUtils.java:logGet(46)) - raft.grpc.flow.control.window = 5MB (=5242880) (custom)
2022-09-28 15:56:38,658 [Listener at 127.0.0.1/41537] INFO  server.RaftServerConfigKeys (ConfUtils.java:logGet(46)) - raft.server.rpc.request.timeout = 60s (custom)
2022-09-28 15:56:38,658 [Listener at 127.0.0.1/41537] INFO  grpc.GrpcConfigKeys (ConfUtils.java:logGet(46)) - raft.grpc.server.async.request.thread.pool.cached = true (default)
2022-09-28 15:56:38,658 [Listener at 127.0.0.1/41537] INFO  grpc.GrpcConfigKeys (ConfUtils.java:logGet(46)) - raft.grpc.server.async.request.thread.pool.size = 32 (default)
2022-09-28 15:56:38,659 [Listener at 127.0.0.1/41537] INFO  impl.DataStreamServerImpl (ConfUtils.java:logGet(46)) - raft.datastream.type = DISABLED (default)
2022-09-28 15:56:38,659 [Listener at 127.0.0.1/41537] INFO  server.RaftServerConfigKeys (ConfUtils.java:logGet(46)) - raft.server.threadpool.proxy.cached = true (default)
2022-09-28 15:56:38,659 [Listener at 127.0.0.1/41537] INFO  server.RaftServerConfigKeys (ConfUtils.java:logGet(46)) - raft.server.threadpool.proxy.size = 0 (default)
2022-09-28 15:56:38,660 [Listener at 127.0.0.1/41537] INFO  server.RaftServerConfigKeys (ConfUtils.java:logGet(46)) - raft.server.rpc.slowness.timeout = 300s (custom)
2022-09-28 15:56:38,660 [Listener at 127.0.0.1/41537] INFO  server.RaftServerConfigKeys (ConfUtils.java:logGet(46)) - raft.server.leaderelection.leader.step-down.wait-time = 10s (default)
2022-09-28 15:56:38,660 [Listener at 127.0.0.1/41537] INFO  server.RaftServerConfigKeys (ConfUtils.java:logGet(46)) - raft.server.storage.dir = [/home/runner/work/ozone/ozone/hadoop-ozone/integration-test/target/test-dir/MiniOzoneClusterImpl-3ec8252f-dc88-4027-b0d7-634db2a11e1f/datanode-4/data/ratis] (custom)
2022-09-28 15:56:38,679 [EndpointStateMachine task thread for /0.0.0.0:44991 - 0 ] INFO  server.RaftServer (RaftServerProxy.java:lambda$start$6(382)) - 34248cef-dc81-419d-a997-c38b939b47d3: start RPC server
2022-09-28 15:56:38,682 [EndpointStateMachine task thread for /0.0.0.0:44991 - 0 ] INFO  server.GrpcService (GrpcService.java:startImpl(260)) - 34248cef-dc81-419d-a997-c38b939b47d3: GrpcService started, listening on 45713
2022-09-28 15:56:38,682 [EndpointStateMachine task thread for /0.0.0.0:44991 - 0 ] INFO  ratis.XceiverServerRatis (XceiverServerRatis.java:getRealPort(502)) - XceiverServerRatis 34248cef-dc81-419d-a997-c38b939b47d3 is started using port 45713 for RATIS
2022-09-28 15:56:38,682 [EndpointStateMachine task thread for /0.0.0.0:44991 - 0 ] INFO  ratis.XceiverServerRatis (XceiverServerRatis.java:getRealPort(502)) - XceiverServerRatis 34248cef-dc81-419d-a997-c38b939b47d3 is started using port 45713 for RATIS_ADMIN
2022-09-28 15:56:38,682 [EndpointStateMachine task thread for /0.0.0.0:44991 - 0 ] INFO  ratis.XceiverServerRatis (XceiverServerRatis.java:getRealPort(502)) - XceiverServerRatis 34248cef-dc81-419d-a997-c38b939b47d3 is started using port 45713 for RATIS_SERVER
2022-09-28 15:56:38,682 [org.apache.ratis.util.JvmPauseMonitor$$Lambda$634/1800766250@7ec96225] INFO  util.JvmPauseMonitor (JvmPauseMonitor.java:run(103)) - JvmPauseMonitor-34248cef-dc81-419d-a997-c38b939b47d3: Started
2022-09-28 15:56:38,810 [EndpointStateMachine task thread for /0.0.0.0:44991 - 0 ] INFO  server.XceiverServerGrpc (XceiverServerGrpc.java:start(180)) - XceiverServerGrpc 34248cef-dc81-419d-a997-c38b939b47d3 is started using port 46519
2022-09-28 15:56:38,836 [Listener at 127.0.0.1/41537] INFO  server.XceiverServerGrpc (XceiverServerGrpc.java:<init>(132)) - GrpcServer channel type EpollServerSocketChannel
2022-09-28 15:56:38,851 [Listener at 127.0.0.1/41537] INFO  http.BaseHttpServer (BaseHttpServer.java:newHttpServer2BuilderForOzone(213)) - Starting Web-server for hddsDatanode at: http://0.0.0.0:0
2022-09-28 15:56:38,851 [Listener at 127.0.0.1/41537] INFO  http.BaseHttpServer (BaseHttpServer.java:<init>(108)) - Hadoop Security Enabled: false Ozone Security Enabled: false Ozone HTTP Security Enabled: false 
2022-09-28 15:56:38,852 [Listener at 127.0.0.1/41537] INFO  server.AuthenticationFilter (AuthenticationFilter.java:constructSecretProvider(240)) - Unable to initialize FileSignerSecretProvider, falling back to use random secrets.
2022-09-28 15:56:38,887 [Listener at 127.0.0.1/41537] WARN  http.HttpRequestLog (HttpRequestLog.java:getRequestLog(103)) - Jetty request log can only be enabled using Log4j
2022-09-28 15:56:38,889 [Listener at 127.0.0.1/41537] INFO  http.HttpServer2 (HttpServer2.java:addGlobalFilter(1029)) - Added global filter 'safety' (class=org.apache.hadoop.hdds.server.http.HttpServer2$QuotingInputFilter)
2022-09-28 15:56:38,889 [Listener at 127.0.0.1/41537] INFO  http.HttpServer2 (HttpServer2.java:addFilter(1005)) - Added filter static_user_filter (class=org.apache.hadoop.http.lib.StaticUserWebFilter$StaticUserFilter) to context hddsDatanode
2022-09-28 15:56:38,889 [Listener at 127.0.0.1/41537] INFO  http.HttpServer2 (HttpServer2.java:addFilter(1013)) - Added filter static_user_filter (class=org.apache.hadoop.http.lib.StaticUserWebFilter$StaticUserFilter) to context logs
2022-09-28 15:56:38,890 [Listener at 127.0.0.1/41537] INFO  http.HttpServer2 (HttpServer2.java:addFilter(1013)) - Added filter static_user_filter (class=org.apache.hadoop.http.lib.StaticUserWebFilter$StaticUserFilter) to context static
2022-09-28 15:56:38,892 [Listener at 127.0.0.1/41537] INFO  http.HttpServer2 (HttpServer2.java:bindListener(1248)) - Jetty bound to port 34777
2022-09-28 15:56:38,892 [Listener at 127.0.0.1/41537] INFO  server.Server (Server.java:doStart(375)) - jetty-9.4.43.v20210629; built: 2021-06-30T11:07:22.254Z; git: 526006ecfa3af7f1a27ef3a288e2bef7ea9dd7e8; jvm 1.8.0_345-b01
2022-09-28 15:56:38,935 [Listener at 127.0.0.1/41537] INFO  server.session (DefaultSessionIdManager.java:doStart(334)) - DefaultSessionIdManager workerName=node0
2022-09-28 15:56:38,935 [Listener at 127.0.0.1/41537] INFO  server.session (DefaultSessionIdManager.java:doStart(339)) - No SessionScavenger set, using defaults
2022-09-28 15:56:38,936 [Listener at 127.0.0.1/41537] INFO  server.session (HouseKeeper.java:startScavenging(132)) - node0 Scavenging every 600000ms
2022-09-28 15:56:38,936 [Listener at 127.0.0.1/41537] INFO  handler.ContextHandler (ContextHandler.java:doStart(915)) - Started o.e.j.s.ServletContextHandler@38dee549{logs,/logs,file:///home/runner/work/ozone/ozone/hadoop-ozone/integration-test/target/log,AVAILABLE}
2022-09-28 15:56:38,936 [Listener at 127.0.0.1/41537] INFO  handler.ContextHandler (ContextHandler.java:doStart(915)) - Started o.e.j.s.ServletContextHandler@289d9ae3{static,/static,jar:file:/home/runner/.m2/repository/org/apache/ozone/hdds-container-service/1.3.0-SNAPSHOT/hdds-container-service-1.3.0-SNAPSHOT.jar!/webapps/static,AVAILABLE}
2022-09-28 15:56:39,419 [EndpointStateMachine task thread for /0.0.0.0:44991 - 0 ] INFO  volume.HddsVolume (HddsVolume.java:createDbStore(307)) - SchemaV3 db is created and loaded at /home/runner/work/ozone/ozone/hadoop-ozone/integration-test/target/test-dir/MiniOzoneClusterImpl-3ec8252f-dc88-4027-b0d7-634db2a11e1f/datanode-2/data-0/containers/hdds/3ec8252f-dc88-4027-b0d7-634db2a11e1f/DS-019d2baa-9bf1-4db4-b525-7c80cc0779a8/container.db for volume DS-019d2baa-9bf1-4db4-b525-7c80cc0779a8
2022-09-28 15:56:39,420 [EndpointStateMachine task thread for /0.0.0.0:44991 - 0 ] INFO  volume.HddsVolume (HddsVolume.java:closeDbStore(338)) - SchemaV3 db is stopped at /home/runner/work/ozone/ozone/hadoop-ozone/integration-test/target/test-dir/MiniOzoneClusterImpl-3ec8252f-dc88-4027-b0d7-634db2a11e1f/datanode-2/data-0/containers/hdds/3ec8252f-dc88-4027-b0d7-634db2a11e1f/DS-019d2baa-9bf1-4db4-b525-7c80cc0779a8/container.db for volume DS-019d2baa-9bf1-4db4-b525-7c80cc0779a8
2022-09-28 15:56:39,420 [EndpointStateMachine task thread for /0.0.0.0:44991 - 0 ] INFO  ozoneimpl.OzoneContainer (OzoneContainer.java:start(378)) - Attempting to start container services.
2022-09-28 15:56:39,436 [IPC Server handler 1 on default port 44991] INFO  net.NetworkTopologyImpl (NetworkTopologyImpl.java:add(112)) - Added a new node: /default-rack/8c5cbec5-1e98-45a3-8a83-5527ccbe40ad
2022-09-28 15:56:39,436 [IPC Server handler 1 on default port 44991] INFO  node.SCMNodeManager (SCMNodeManager.java:register(397)) - Registered Data node : 8c5cbec5-1e98-45a3-8a83-5527ccbe40ad{ip: 10.1.1.55, host: fv-az203-824.ild0l4k5vsluppoevu2oqvhmda.cx.internal.cloudapp.net, ports: [REPLICATION=37543, RATIS=44337, RATIS_ADMIN=44337, RATIS_SERVER=44337, STANDALONE=46795], networkLocation: /default-rack, certSerialId: null, persistedOpState: null, persistedOpStateExpiryEpochSec: 0}
2022-09-28 15:56:39,444 [EventQueue-NodeRegistrationContainerReportForContainerSafeModeRule] INFO  safemode.SCMSafeModeManager (SCMSafeModeManager.java:validateSafeModeExitRules(204)) - ContainerSafeModeRule rule is successfully validated
2022-09-28 15:56:39,444 [EventQueue-NodeRegistrationContainerReportForDataNodeSafeModeRule] INFO  safemode.SCMSafeModeManager (DataNodeSafeModeRule.java:process(71)) - SCM in safe mode. 1 DataNodes registered, 3 required.
2022-09-28 15:56:39,445 [EndpointStateMachine task thread for /0.0.0.0:44991 - 0 ] INFO  ozoneimpl.OzoneContainer (OzoneContainer.java:startContainerScrub(313)) - Background container scanner has been disabled.
2022-09-28 15:56:39,474 [EventQueue-NewNodeForNewNodeHandler] INFO  pipeline.BackgroundPipelineCreator (BackgroundPipelineCreator.java:notifyEventTriggered(276)) - trigger a one-shot run on RatisPipelineUtilsThread.
2022-09-28 15:56:39,474 [EventQueue-PipelineReportForOneReplicaPipelineSafeModeRule] INFO  safemode.SCMSafeModeManager (SCMSafeModeManager.java:validateSafeModeExitRules(204)) - AtleastOneDatanodeReportedRule rule is successfully validated
2022-09-28 15:56:39,475 [RatisPipelineUtilsThread - 0] INFO  pipeline.RatisPipelineProvider (RatisPipelineProvider.java:lambda$create$0(195)) - Sending CreatePipelineCommand for pipeline:PipelineID=737d70f4-bb96-465b-b8ed-b28a2fac6a9a to datanode:8c5cbec5-1e98-45a3-8a83-5527ccbe40ad
2022-09-28 15:56:39,479 [RatisPipelineUtilsThread - 0] INFO  pipeline.PipelineStateManagerImpl (PipelineStateManagerImpl.java:addPipeline(103)) - Created pipeline Pipeline[ Id: 737d70f4-bb96-465b-b8ed-b28a2fac6a9a, Nodes: 8c5cbec5-1e98-45a3-8a83-5527ccbe40ad{ip: 10.1.1.55, host: fv-az203-824.ild0l4k5vsluppoevu2oqvhmda.cx.internal.cloudapp.net, ports: [REPLICATION=37543, RATIS=44337, RATIS_ADMIN=44337, RATIS_SERVER=44337, STANDALONE=46795], networkLocation: /default-rack, certSerialId: null, persistedOpState: IN_SERVICE, persistedOpStateExpiryEpochSec: 0}, ReplicationConfig: RATIS/ONE, State:ALLOCATED, leaderId:, CreationTimestamp2022-09-28T15:56:39.475Z[Etc/UTC]].
2022-09-28 15:56:39,504 [Listener at 127.0.0.1/41537] INFO  handler.ContextHandler (ContextHandler.java:doStart(915)) - Started o.e.j.w.WebAppContext@49830d67{hddsDatanode,/,file:///tmp/jetty-0_0_0_0-34777-hdds-container-service-1_3_0-SNAPSHOT_jar-_-any-4031536805903647205/webapp/,AVAILABLE}{jar:file:/home/runner/.m2/repository/org/apache/ozone/hdds-container-service/1.3.0-SNAPSHOT/hdds-container-service-1.3.0-SNAPSHOT.jar!/webapps/hddsDatanode}
2022-09-28 15:56:39,516 [Listener at 127.0.0.1/41537] INFO  server.AbstractConnector (AbstractConnector.java:doStart(331)) - Started ServerConnector@46ec2b85{HTTP/1.1, (http/1.1)}{0.0.0.0:34777}
2022-09-28 15:56:39,516 [Listener at 127.0.0.1/41537] INFO  server.Server (Server.java:doStart(415)) - Started @303704ms
2022-09-28 15:56:39,516 [Listener at 127.0.0.1/41537] WARN  impl.MetricsSystemImpl (MetricsSystemImpl.java:register(279)) - Sink prometheus already exists!
2022-09-28 15:56:39,516 [Listener at 127.0.0.1/41537] INFO  http.BaseHttpServer (BaseHttpServer.java:updateConnectorAddress(333)) - HTTP server of hddsDatanode listening at http://0.0.0.0:34777
2022-09-28 15:56:39,517 [Listener at 127.0.0.1/41537] INFO  ozone.MiniOzoneClusterImpl (MiniOzoneClusterImpl.java:lambda$waitForClusterToBeReady$0(216)) - Waiting for nodes to be ready. Got 1 of 5 DN Heartbeats.
2022-09-28 15:56:39,517 [Listener at 127.0.0.1/41537] INFO  ozone.MiniOzoneClusterImpl (MiniOzoneClusterImpl.java:lambda$waitForClusterToBeReady$0(219)) - Waiting for cluster to exit safe mode
2022-09-28 15:56:39,517 [Listener at 127.0.0.1/41537] INFO  ozone.MiniOzoneClusterImpl (MiniOzoneClusterImpl.java:lambda$waitForClusterToBeReady$0(221)) - SCM became leader
2022-09-28 15:56:39,517 [Datanode State Machine Daemon Thread] INFO  statemachine.DatanodeStateMachine (DatanodeStateMachine.java:lambda$startDaemon$0(492)) - Ozone container server started.
2022-09-28 15:56:39,581 [EndpointStateMachine task thread for /0.0.0.0:44991 - 0 ] INFO  replication.ReplicationServer (ReplicationServer.java:start(111)) - ReplicationServer is started using port 38103
2022-09-28 15:56:39,683 [org.apache.hadoop.util.JvmPauseMonitor$Monitor@e53029] INFO  util.JvmPauseMonitor (JvmPauseMonitor.java:run(188)) - Starting JVM pause monitor
2022-09-28 15:56:39,683 [EndpointStateMachine task thread for /0.0.0.0:44991 - 0 ] INFO  ratis.XceiverServerRatis (XceiverServerRatis.java:start(481)) - Starting XceiverServerRatis 0f80ef1a-6e1f-426a-9fb6-49677c19ba92
2022-09-28 15:56:39,684 [EndpointStateMachine task thread for /0.0.0.0:44991 - 0 ] INFO  server.RaftServer (RaftServerProxy.java:lambda$start$6(382)) - 0f80ef1a-6e1f-426a-9fb6-49677c19ba92: start RPC server
2022-09-28 15:56:39,685 [Datanode State Machine Task Thread - 0] INFO  datanode.InitDatanodeState (InitDatanodeState.java:persistContainerDatanodeDetails(138)) - DatanodeDetails is persisted to /home/runner/work/ozone/ozone/hadoop-ozone/integration-test/target/test-dir/MiniOzoneClusterImpl-3ec8252f-dc88-4027-b0d7-634db2a11e1f/datanode-4/meta/datanode.id
2022-09-28 15:56:39,688 [EndpointStateMachine task thread for /0.0.0.0:44991 - 0 ] INFO  server.GrpcService (GrpcService.java:startImpl(260)) - 0f80ef1a-6e1f-426a-9fb6-49677c19ba92: GrpcService started, listening on 46649
2022-09-28 15:56:39,691 [EndpointStateMachine task thread for /0.0.0.0:44991 - 0 ] INFO  ratis.XceiverServerRatis (XceiverServerRatis.java:getRealPort(502)) - XceiverServerRatis 0f80ef1a-6e1f-426a-9fb6-49677c19ba92 is started using port 46649 for RATIS
2022-09-28 15:56:39,691 [EndpointStateMachine task thread for /0.0.0.0:44991 - 0 ] INFO  ratis.XceiverServerRatis (XceiverServerRatis.java:getRealPort(502)) - XceiverServerRatis 0f80ef1a-6e1f-426a-9fb6-49677c19ba92 is started using port 46649 for RATIS_ADMIN
2022-09-28 15:56:39,691 [EndpointStateMachine task thread for /0.0.0.0:44991 - 0 ] INFO  ratis.XceiverServerRatis (XceiverServerRatis.java:getRealPort(502)) - XceiverServerRatis 0f80ef1a-6e1f-426a-9fb6-49677c19ba92 is started using port 46649 for RATIS_SERVER
2022-09-28 15:56:39,691 [org.apache.ratis.util.JvmPauseMonitor$$Lambda$634/1800766250@3838b855] INFO  util.JvmPauseMonitor (JvmPauseMonitor.java:run(103)) - JvmPauseMonitor-0f80ef1a-6e1f-426a-9fb6-49677c19ba92: Started
2022-09-28 15:56:39,731 [EndpointStateMachine task thread for /0.0.0.0:44991 - 0 ] INFO  server.XceiverServerGrpc (XceiverServerGrpc.java:start(180)) - XceiverServerGrpc 0f80ef1a-6e1f-426a-9fb6-49677c19ba92 is started using port 44263
2022-09-28 15:56:40,391 [IPC Server handler 2 on default port 44991] INFO  net.NetworkTopologyImpl (NetworkTopologyImpl.java:add(112)) - Added a new node: /default-rack/34248cef-dc81-419d-a997-c38b939b47d3
2022-09-28 15:56:40,391 [IPC Server handler 2 on default port 44991] INFO  node.SCMNodeManager (SCMNodeManager.java:register(397)) - Registered Data node : 34248cef-dc81-419d-a997-c38b939b47d3{ip: 10.1.1.55, host: fv-az203-824.ild0l4k5vsluppoevu2oqvhmda.cx.internal.cloudapp.net, ports: [REPLICATION=33507, RATIS=45713, RATIS_ADMIN=45713, RATIS_SERVER=45713, STANDALONE=46519], networkLocation: /default-rack, certSerialId: null, persistedOpState: null, persistedOpStateExpiryEpochSec: 0}
2022-09-28 15:56:40,395 [EventQueue-NewNodeForNewNodeHandler] INFO  pipeline.BackgroundPipelineCreator (BackgroundPipelineCreator.java:notifyEventTriggered(276)) - trigger a one-shot run on RatisPipelineUtilsThread.
2022-09-28 15:56:40,395 [EventQueue-NodeRegistrationContainerReportForDataNodeSafeModeRule] INFO  safemode.SCMSafeModeManager (DataNodeSafeModeRule.java:process(71)) - SCM in safe mode. 2 DataNodes registered, 3 required.
2022-09-28 15:56:40,402 [RatisPipelineUtilsThread - 0] INFO  pipeline.RatisPipelineProvider (RatisPipelineProvider.java:lambda$create$0(195)) - Sending CreatePipelineCommand for pipeline:PipelineID=cfb0631a-0851-4ac4-8d19-6a5de9b292ef to datanode:34248cef-dc81-419d-a997-c38b939b47d3
2022-09-28 15:56:40,402 [RatisPipelineUtilsThread - 0] INFO  pipeline.PipelineStateManagerImpl (PipelineStateManagerImpl.java:addPipeline(103)) - Created pipeline Pipeline[ Id: cfb0631a-0851-4ac4-8d19-6a5de9b292ef, Nodes: 34248cef-dc81-419d-a997-c38b939b47d3{ip: 10.1.1.55, host: fv-az203-824.ild0l4k5vsluppoevu2oqvhmda.cx.internal.cloudapp.net, ports: [REPLICATION=33507, RATIS=45713, RATIS_ADMIN=45713, RATIS_SERVER=45713, STANDALONE=46519], networkLocation: /default-rack, certSerialId: null, persistedOpState: IN_SERVICE, persistedOpStateExpiryEpochSec: 0}, ReplicationConfig: RATIS/ONE, State:ALLOCATED, leaderId:, CreationTimestamp2022-09-28T15:56:40.402Z[Etc/UTC]].
2022-09-28 15:56:40,499 [EndpointStateMachine task thread for /0.0.0.0:44991 - 0 ] INFO  volume.HddsVolume (HddsVolume.java:createDbStore(307)) - SchemaV3 db is created and loaded at /home/runner/work/ozone/ozone/hadoop-ozone/integration-test/target/test-dir/MiniOzoneClusterImpl-3ec8252f-dc88-4027-b0d7-634db2a11e1f/datanode-3/data-0/containers/hdds/3ec8252f-dc88-4027-b0d7-634db2a11e1f/DS-20d133f1-7cc5-4e47-9979-af9492d176d2/container.db for volume DS-20d133f1-7cc5-4e47-9979-af9492d176d2
2022-09-28 15:56:40,500 [EndpointStateMachine task thread for /0.0.0.0:44991 - 0 ] INFO  volume.HddsVolume (HddsVolume.java:closeDbStore(338)) - SchemaV3 db is stopped at /home/runner/work/ozone/ozone/hadoop-ozone/integration-test/target/test-dir/MiniOzoneClusterImpl-3ec8252f-dc88-4027-b0d7-634db2a11e1f/datanode-3/data-0/containers/hdds/3ec8252f-dc88-4027-b0d7-634db2a11e1f/DS-20d133f1-7cc5-4e47-9979-af9492d176d2/container.db for volume DS-20d133f1-7cc5-4e47-9979-af9492d176d2
2022-09-28 15:56:40,500 [EndpointStateMachine task thread for /0.0.0.0:44991 - 0 ] INFO  ozoneimpl.OzoneContainer (OzoneContainer.java:start(378)) - Attempting to start container services.
2022-09-28 15:56:40,500 [EndpointStateMachine task thread for /0.0.0.0:44991 - 0 ] INFO  ozoneimpl.OzoneContainer (OzoneContainer.java:startContainerScrub(313)) - Background container scanner has been disabled.
2022-09-28 15:56:40,517 [Listener at 127.0.0.1/41537] INFO  ozone.MiniOzoneClusterImpl (MiniOzoneClusterImpl.java:lambda$waitForClusterToBeReady$0(216)) - Waiting for nodes to be ready. Got 2 of 5 DN Heartbeats.
2022-09-28 15:56:40,558 [Listener at 127.0.0.1/41537] INFO  ozone.MiniOzoneClusterImpl (MiniOzoneClusterImpl.java:lambda$waitForClusterToBeReady$0(219)) - Waiting for cluster to exit safe mode
2022-09-28 15:56:40,558 [Listener at 127.0.0.1/41537] INFO  ozone.MiniOzoneClusterImpl (MiniOzoneClusterImpl.java:lambda$waitForClusterToBeReady$0(221)) - SCM became leader
2022-09-28 15:56:40,558 [EndpointStateMachine task thread for /0.0.0.0:44991 - 0 ] INFO  replication.ReplicationServer (ReplicationServer.java:start(111)) - ReplicationServer is started using port 46647
2022-09-28 15:56:40,560 [EndpointStateMachine task thread for /0.0.0.0:44991 - 0 ] INFO  ratis.XceiverServerRatis (XceiverServerRatis.java:start(481)) - Starting XceiverServerRatis f69072a2-31e6-4652-a856-983220e9f7b5
2022-09-28 15:56:40,566 [EndpointStateMachine task thread for /0.0.0.0:44991 - 0 ] INFO  server.RaftServer (RaftServerProxy.java:lambda$start$6(382)) - f69072a2-31e6-4652-a856-983220e9f7b5: start RPC server
2022-09-28 15:56:40,624 [EndpointStateMachine task thread for /0.0.0.0:44991 - 0 ] INFO  server.GrpcService (GrpcService.java:startImpl(260)) - f69072a2-31e6-4652-a856-983220e9f7b5: GrpcService started, listening on 34017
2022-09-28 15:56:40,630 [EndpointStateMachine task thread for /0.0.0.0:44991 - 0 ] INFO  ratis.XceiverServerRatis (XceiverServerRatis.java:getRealPort(502)) - XceiverServerRatis f69072a2-31e6-4652-a856-983220e9f7b5 is started using port 34017 for RATIS
2022-09-28 15:56:40,630 [EndpointStateMachine task thread for /0.0.0.0:44991 - 0 ] INFO  ratis.XceiverServerRatis (XceiverServerRatis.java:getRealPort(502)) - XceiverServerRatis f69072a2-31e6-4652-a856-983220e9f7b5 is started using port 34017 for RATIS_ADMIN
2022-09-28 15:56:40,630 [EndpointStateMachine task thread for /0.0.0.0:44991 - 0 ] INFO  ratis.XceiverServerRatis (XceiverServerRatis.java:getRealPort(502)) - XceiverServerRatis f69072a2-31e6-4652-a856-983220e9f7b5 is started using port 34017 for RATIS_SERVER
2022-09-28 15:56:40,630 [org.apache.ratis.util.JvmPauseMonitor$$Lambda$634/1800766250@1aaf9936] INFO  util.JvmPauseMonitor (JvmPauseMonitor.java:run(103)) - JvmPauseMonitor-f69072a2-31e6-4652-a856-983220e9f7b5: Started
2022-09-28 15:56:40,696 [EndpointStateMachine task thread for /0.0.0.0:44991 - 0 ] INFO  server.XceiverServerGrpc (XceiverServerGrpc.java:start(180)) - XceiverServerGrpc f69072a2-31e6-4652-a856-983220e9f7b5 is started using port 44595
2022-09-28 15:56:41,137 [IPC Server handler 0 on default port 44991] INFO  net.NetworkTopologyImpl (NetworkTopologyImpl.java:add(112)) - Added a new node: /default-rack/0f80ef1a-6e1f-426a-9fb6-49677c19ba92
2022-09-28 15:56:41,137 [IPC Server handler 0 on default port 44991] INFO  node.SCMNodeManager (SCMNodeManager.java:register(397)) - Registered Data node : 0f80ef1a-6e1f-426a-9fb6-49677c19ba92{ip: 10.1.1.55, host: fv-az203-824.ild0l4k5vsluppoevu2oqvhmda.cx.internal.cloudapp.net, ports: [REPLICATION=38103, RATIS=46649, RATIS_ADMIN=46649, RATIS_SERVER=46649, STANDALONE=44263], networkLocation: /default-rack, certSerialId: null, persistedOpState: null, persistedOpStateExpiryEpochSec: 0}
2022-09-28 15:56:41,138 [EventQueue-NewNodeForNewNodeHandler] INFO  pipeline.BackgroundPipelineCreator (BackgroundPipelineCreator.java:notifyEventTriggered(276)) - trigger a one-shot run on RatisPipelineUtilsThread.
2022-09-28 15:56:41,182 [RatisPipelineUtilsThread - 0] INFO  pipeline.RatisPipelineProvider (RatisPipelineProvider.java:lambda$create$0(195)) - Sending CreatePipelineCommand for pipeline:PipelineID=e3823fa9-7b61-4f44-ab51-5c8fa02b77bd to datanode:0f80ef1a-6e1f-426a-9fb6-49677c19ba92
2022-09-28 15:56:41,183 [RatisPipelineUtilsThread - 0] INFO  pipeline.PipelineStateManagerImpl (PipelineStateManagerImpl.java:addPipeline(103)) - Created pipeline Pipeline[ Id: e3823fa9-7b61-4f44-ab51-5c8fa02b77bd, Nodes: 0f80ef1a-6e1f-426a-9fb6-49677c19ba92{ip: 10.1.1.55, host: fv-az203-824.ild0l4k5vsluppoevu2oqvhmda.cx.internal.cloudapp.net, ports: [REPLICATION=38103, RATIS=46649, RATIS_ADMIN=46649, RATIS_SERVER=46649, STANDALONE=44263], networkLocation: /default-rack, certSerialId: null, persistedOpState: IN_SERVICE, persistedOpStateExpiryEpochSec: 0}, ReplicationConfig: RATIS/ONE, State:ALLOCATED, leaderId:, CreationTimestamp2022-09-28T15:56:41.182Z[Etc/UTC]].
2022-09-28 15:56:41,183 [EventQueue-NodeRegistrationContainerReportForDataNodeSafeModeRule] INFO  safemode.SCMSafeModeManager (DataNodeSafeModeRule.java:process(71)) - SCM in safe mode. 3 DataNodes registered, 3 required.
2022-09-28 15:56:41,183 [EventQueue-NodeRegistrationContainerReportForDataNodeSafeModeRule] INFO  safemode.SCMSafeModeManager (SCMSafeModeManager.java:validateSafeModeExitRules(204)) - DataNodeSafeModeRule rule is successfully validated
2022-09-28 15:56:41,183 [EventQueue-NodeRegistrationContainerReportForDataNodeSafeModeRule] INFO  safemode.SCMSafeModeManager (SCMSafeModeManager.java:completePreCheck(233)) - All SCM safe mode pre check rules have passed
2022-09-28 15:56:41,183 [EventQueue-NodeRegistrationContainerReportForDataNodeSafeModeRule] WARN  events.EventQueue (EventQueue.java:fireEvent(216)) - No event handler registered for event TypedEvent{payloadType=SafeModeStatus, name='Safe mode status'}
2022-09-28 15:56:41,183 [EventQueue-NodeRegistrationContainerReportForDataNodeSafeModeRule] INFO  ha.SCMContext (SCMContext.java:updateSafeModeStatus(228)) - Update SafeModeStatus from SafeModeStatus{safeModeStatus=true, preCheckPassed=false} to SafeModeStatus{safeModeStatus=true, preCheckPassed=true}.
2022-09-28 15:56:41,183 [EventQueue-NodeRegistrationContainerReportForDataNodeSafeModeRule] INFO  pipeline.BackgroundPipelineCreator (BackgroundPipelineCreator.java:notifyEventTriggered(276)) - trigger a one-shot run on RatisPipelineUtilsThread.
2022-09-28 15:56:41,184 [RatisPipelineUtilsThread - 0] INFO  pipeline.RatisPipelineProvider (RatisPipelineProvider.java:lambda$create$0(195)) - Sending CreatePipelineCommand for pipeline:PipelineID=ce6d706e-81fa-47fd-a14a-babd911b9d66 to datanode:0f80ef1a-6e1f-426a-9fb6-49677c19ba92
2022-09-28 15:56:41,185 [RatisPipelineUtilsThread - 0] INFO  pipeline.RatisPipelineProvider (RatisPipelineProvider.java:lambda$create$0(195)) - Sending CreatePipelineCommand for pipeline:PipelineID=ce6d706e-81fa-47fd-a14a-babd911b9d66 to datanode:8c5cbec5-1e98-45a3-8a83-5527ccbe40ad
2022-09-28 15:56:41,185 [RatisPipelineUtilsThread - 0] INFO  pipeline.RatisPipelineProvider (RatisPipelineProvider.java:lambda$create$0(195)) - Sending CreatePipelineCommand for pipeline:PipelineID=ce6d706e-81fa-47fd-a14a-babd911b9d66 to datanode:34248cef-dc81-419d-a997-c38b939b47d3
2022-09-28 15:56:41,185 [RatisPipelineUtilsThread - 0] INFO  pipeline.PipelineStateManagerImpl (PipelineStateManagerImpl.java:addPipeline(103)) - Created pipeline Pipeline[ Id: ce6d706e-81fa-47fd-a14a-babd911b9d66, Nodes: 0f80ef1a-6e1f-426a-9fb6-49677c19ba92{ip: 10.1.1.55, host: fv-az203-824.ild0l4k5vsluppoevu2oqvhmda.cx.internal.cloudapp.net, ports: [REPLICATION=38103, RATIS=46649, RATIS_ADMIN=46649, RATIS_SERVER=46649, STANDALONE=44263], networkLocation: /default-rack, certSerialId: null, persistedOpState: IN_SERVICE, persistedOpStateExpiryEpochSec: 0}8c5cbec5-1e98-45a3-8a83-5527ccbe40ad{ip: 10.1.1.55, host: fv-az203-824.ild0l4k5vsluppoevu2oqvhmda.cx.internal.cloudapp.net, ports: [REPLICATION=37543, RATIS=44337, RATIS_ADMIN=44337, RATIS_SERVER=44337, STANDALONE=46795], networkLocation: /default-rack, certSerialId: null, persistedOpState: IN_SERVICE, persistedOpStateExpiryEpochSec: 0}34248cef-dc81-419d-a997-c38b939b47d3{ip: 10.1.1.55, host: fv-az203-824.ild0l4k5vsluppoevu2oqvhmda.cx.internal.cloudapp.net, ports: [REPLICATION=33507, RATIS=45713, RATIS_ADMIN=45713, RATIS_SERVER=45713, STANDALONE=46519], networkLocation: /default-rack, certSerialId: null, persistedOpState: IN_SERVICE, persistedOpStateExpiryEpochSec: 0}, ReplicationConfig: RATIS/THREE, State:ALLOCATED, leaderId:, CreationTimestamp2022-09-28T15:56:41.184Z[Etc/UTC]].
2022-09-28 15:56:41,185 [RatisPipelineUtilsThread - 0] INFO  pipeline.RatisPipelineProvider (RatisPipelineProvider.java:lambda$create$0(195)) - Sending CreatePipelineCommand for pipeline:PipelineID=e3588592-9ca4-4b1a-93ce-61c24e5e1f07 to datanode:0f80ef1a-6e1f-426a-9fb6-49677c19ba92
2022-09-28 15:56:41,185 [RatisPipelineUtilsThread - 0] INFO  pipeline.RatisPipelineProvider (RatisPipelineProvider.java:lambda$create$0(195)) - Sending CreatePipelineCommand for pipeline:PipelineID=e3588592-9ca4-4b1a-93ce-61c24e5e1f07 to datanode:34248cef-dc81-419d-a997-c38b939b47d3
2022-09-28 15:56:41,185 [RatisPipelineUtilsThread - 0] INFO  pipeline.RatisPipelineProvider (RatisPipelineProvider.java:lambda$create$0(195)) - Sending CreatePipelineCommand for pipeline:PipelineID=e3588592-9ca4-4b1a-93ce-61c24e5e1f07 to datanode:8c5cbec5-1e98-45a3-8a83-5527ccbe40ad
2022-09-28 15:56:41,186 [RatisPipelineUtilsThread - 0] INFO  pipeline.PipelineStateManagerImpl (PipelineStateManagerImpl.java:addPipeline(103)) - Created pipeline Pipeline[ Id: e3588592-9ca4-4b1a-93ce-61c24e5e1f07, Nodes: 0f80ef1a-6e1f-426a-9fb6-49677c19ba92{ip: 10.1.1.55, host: fv-az203-824.ild0l4k5vsluppoevu2oqvhmda.cx.internal.cloudapp.net, ports: [REPLICATION=38103, RATIS=46649, RATIS_ADMIN=46649, RATIS_SERVER=46649, STANDALONE=44263], networkLocation: /default-rack, certSerialId: null, persistedOpState: IN_SERVICE, persistedOpStateExpiryEpochSec: 0}34248cef-dc81-419d-a997-c38b939b47d3{ip: 10.1.1.55, host: fv-az203-824.ild0l4k5vsluppoevu2oqvhmda.cx.internal.cloudapp.net, ports: [REPLICATION=33507, RATIS=45713, RATIS_ADMIN=45713, RATIS_SERVER=45713, STANDALONE=46519], networkLocation: /default-rack, certSerialId: null, persistedOpState: IN_SERVICE, persistedOpStateExpiryEpochSec: 0}8c5cbec5-1e98-45a3-8a83-5527ccbe40ad{ip: 10.1.1.55, host: fv-az203-824.ild0l4k5vsluppoevu2oqvhmda.cx.internal.cloudapp.net, ports: [REPLICATION=37543, RATIS=44337, RATIS_ADMIN=44337, RATIS_SERVER=44337, STANDALONE=46795], networkLocation: /default-rack, certSerialId: null, persistedOpState: IN_SERVICE, persistedOpStateExpiryEpochSec: 0}, ReplicationConfig: RATIS/THREE, State:ALLOCATED, leaderId:, CreationTimestamp2022-09-28T15:56:41.185Z[Etc/UTC]].
2022-09-28 15:56:41,186 [RatisPipelineUtilsThread - 0] INFO  pipeline.PipelineManagerImpl (PipelineManagerImpl.java:recordMetricsForPipeline(796)) - Pipeline: PipelineID=e3588592-9ca4-4b1a-93ce-61c24e5e1f07 contains same datanodes as previous pipelines: PipelineID=ce6d706e-81fa-47fd-a14a-babd911b9d66 nodeIds: 0f80ef1a-6e1f-426a-9fb6-49677c19ba92, 34248cef-dc81-419d-a997-c38b939b47d3, 8c5cbec5-1e98-45a3-8a83-5527ccbe40ad
2022-09-28 15:56:41,559 [Listener at 127.0.0.1/41537] INFO  ozone.MiniOzoneClusterImpl (MiniOzoneClusterImpl.java:lambda$waitForClusterToBeReady$0(216)) - Waiting for nodes to be ready. Got 3 of 5 DN Heartbeats.
2022-09-28 15:56:41,560 [Listener at 127.0.0.1/41537] INFO  ozone.MiniOzoneClusterImpl (MiniOzoneClusterImpl.java:lambda$waitForClusterToBeReady$0(219)) - Waiting for cluster to exit safe mode
2022-09-28 15:56:41,560 [Listener at 127.0.0.1/41537] INFO  ozone.MiniOzoneClusterImpl (MiniOzoneClusterImpl.java:lambda$waitForClusterToBeReady$0(221)) - SCM became leader
2022-09-28 15:56:41,856 [EndpointStateMachine task thread for /0.0.0.0:44991 - 0 ] INFO  volume.HddsVolume (HddsVolume.java:createDbStore(307)) - SchemaV3 db is created and loaded at /home/runner/work/ozone/ozone/hadoop-ozone/integration-test/target/test-dir/MiniOzoneClusterImpl-3ec8252f-dc88-4027-b0d7-634db2a11e1f/datanode-4/data-0/containers/hdds/3ec8252f-dc88-4027-b0d7-634db2a11e1f/DS-5ff4d8c4-da6f-4d53-a53a-b678999d2762/container.db for volume DS-5ff4d8c4-da6f-4d53-a53a-b678999d2762
2022-09-28 15:56:41,899 [EndpointStateMachine task thread for /0.0.0.0:44991 - 0 ] INFO  volume.HddsVolume (HddsVolume.java:closeDbStore(338)) - SchemaV3 db is stopped at /home/runner/work/ozone/ozone/hadoop-ozone/integration-test/target/test-dir/MiniOzoneClusterImpl-3ec8252f-dc88-4027-b0d7-634db2a11e1f/datanode-4/data-0/containers/hdds/3ec8252f-dc88-4027-b0d7-634db2a11e1f/DS-5ff4d8c4-da6f-4d53-a53a-b678999d2762/container.db for volume DS-5ff4d8c4-da6f-4d53-a53a-b678999d2762
2022-09-28 15:56:41,899 [EndpointStateMachine task thread for /0.0.0.0:44991 - 0 ] INFO  ozoneimpl.OzoneContainer (OzoneContainer.java:start(378)) - Attempting to start container services.
2022-09-28 15:56:41,899 [EndpointStateMachine task thread for /0.0.0.0:44991 - 0 ] INFO  ozoneimpl.OzoneContainer (OzoneContainer.java:startContainerScrub(313)) - Background container scanner has been disabled.
2022-09-28 15:56:41,938 [EndpointStateMachine task thread for /0.0.0.0:44991 - 0 ] INFO  replication.ReplicationServer (ReplicationServer.java:start(111)) - ReplicationServer is started using port 33253
2022-09-28 15:56:41,957 [EndpointStateMachine task thread for /0.0.0.0:44991 - 0 ] INFO  ratis.XceiverServerRatis (XceiverServerRatis.java:start(481)) - Starting XceiverServerRatis bfd25c3e-a6b8-4c41-8b51-d3ca9c6ca505
2022-09-28 15:56:41,958 [EndpointStateMachine task thread for /0.0.0.0:44991 - 0 ] INFO  server.RaftServer (RaftServerProxy.java:lambda$start$6(382)) - bfd25c3e-a6b8-4c41-8b51-d3ca9c6ca505: start RPC server
2022-09-28 15:56:42,003 [EndpointStateMachine task thread for /0.0.0.0:44991 - 0 ] INFO  server.GrpcService (GrpcService.java:startImpl(260)) - bfd25c3e-a6b8-4c41-8b51-d3ca9c6ca505: GrpcService started, listening on 40725
2022-09-28 15:56:42,011 [EndpointStateMachine task thread for /0.0.0.0:44991 - 0 ] INFO  ratis.XceiverServerRatis (XceiverServerRatis.java:getRealPort(502)) - XceiverServerRatis bfd25c3e-a6b8-4c41-8b51-d3ca9c6ca505 is started using port 40725 for RATIS
2022-09-28 15:56:42,011 [EndpointStateMachine task thread for /0.0.0.0:44991 - 0 ] INFO  ratis.XceiverServerRatis (XceiverServerRatis.java:getRealPort(502)) - XceiverServerRatis bfd25c3e-a6b8-4c41-8b51-d3ca9c6ca505 is started using port 40725 for RATIS_ADMIN
2022-09-28 15:56:42,011 [EndpointStateMachine task thread for /0.0.0.0:44991 - 0 ] INFO  ratis.XceiverServerRatis (XceiverServerRatis.java:getRealPort(502)) - XceiverServerRatis bfd25c3e-a6b8-4c41-8b51-d3ca9c6ca505 is started using port 40725 for RATIS_SERVER
2022-09-28 15:56:42,013 [org.apache.ratis.util.JvmPauseMonitor$$Lambda$634/1800766250@588b99cc] INFO  util.JvmPauseMonitor (JvmPauseMonitor.java:run(103)) - JvmPauseMonitor-bfd25c3e-a6b8-4c41-8b51-d3ca9c6ca505: Started
2022-09-28 15:56:42,112 [EndpointStateMachine task thread for /0.0.0.0:44991 - 0 ] INFO  server.XceiverServerGrpc (XceiverServerGrpc.java:start(180)) - XceiverServerGrpc bfd25c3e-a6b8-4c41-8b51-d3ca9c6ca505 is started using port 39647
2022-09-28 15:56:42,308 [IPC Server handler 1 on default port 44991] INFO  net.NetworkTopologyImpl (NetworkTopologyImpl.java:add(112)) - Added a new node: /default-rack/f69072a2-31e6-4652-a856-983220e9f7b5
2022-09-28 15:56:42,308 [IPC Server handler 1 on default port 44991] INFO  node.SCMNodeManager (SCMNodeManager.java:register(397)) - Registered Data node : f69072a2-31e6-4652-a856-983220e9f7b5{ip: 10.1.1.55, host: fv-az203-824.ild0l4k5vsluppoevu2oqvhmda.cx.internal.cloudapp.net, ports: [REPLICATION=46647, RATIS=34017, RATIS_ADMIN=34017, RATIS_SERVER=34017, STANDALONE=44595], networkLocation: /default-rack, certSerialId: null, persistedOpState: null, persistedOpStateExpiryEpochSec: 0}
2022-09-28 15:56:42,308 [EventQueue-NewNodeForNewNodeHandler] INFO  pipeline.BackgroundPipelineCreator (BackgroundPipelineCreator.java:notifyEventTriggered(276)) - trigger a one-shot run on RatisPipelineUtilsThread.
2022-09-28 15:56:42,309 [RatisPipelineUtilsThread - 0] INFO  pipeline.RatisPipelineProvider (RatisPipelineProvider.java:lambda$create$0(195)) - Sending CreatePipelineCommand for pipeline:PipelineID=e4b20d22-1b0e-4b25-b505-a4a9ea202b19 to datanode:f69072a2-31e6-4652-a856-983220e9f7b5
2022-09-28 15:56:42,309 [RatisPipelineUtilsThread - 0] INFO  pipeline.PipelineStateManagerImpl (PipelineStateManagerImpl.java:addPipeline(103)) - Created pipeline Pipeline[ Id: e4b20d22-1b0e-4b25-b505-a4a9ea202b19, Nodes: f69072a2-31e6-4652-a856-983220e9f7b5{ip: 10.1.1.55, host: fv-az203-824.ild0l4k5vsluppoevu2oqvhmda.cx.internal.cloudapp.net, ports: [REPLICATION=46647, RATIS=34017, RATIS_ADMIN=34017, RATIS_SERVER=34017, STANDALONE=44595], networkLocation: /default-rack, certSerialId: null, persistedOpState: IN_SERVICE, persistedOpStateExpiryEpochSec: 0}, ReplicationConfig: RATIS/ONE, State:ALLOCATED, leaderId:, CreationTimestamp2022-09-28T15:56:42.309Z[Etc/UTC]].
2022-09-28 15:56:42,439 [Command processor thread] INFO  server.RaftServer (RaftServerProxy.java:addNew(96)) - 8c5cbec5-1e98-45a3-8a83-5527ccbe40ad: addNew group-B28A2FAC6A9A:[8c5cbec5-1e98-45a3-8a83-5527ccbe40ad|rpc:10.1.1.55:44337|priority:1] returns group-B28A2FAC6A9A:java.util.concurrent.CompletableFuture@818f927[Not completed]
2022-09-28 15:56:42,476 [pool-795-thread-1] INFO  server.RaftServer$Division (RaftServerImpl.java:<init>(190)) - 8c5cbec5-1e98-45a3-8a83-5527ccbe40ad: new RaftServerImpl for group-B28A2FAC6A9A:[8c5cbec5-1e98-45a3-8a83-5527ccbe40ad|rpc:10.1.1.55:44337|priority:1] with ContainerStateMachine:uninitialized
2022-09-28 15:56:42,486 [pool-795-thread-1] INFO  server.RaftServerConfigKeys (ConfUtils.java:logGet(46)) - raft.server.rpc.timeout.min = 5s (custom)
2022-09-28 15:56:42,486 [pool-795-thread-1] INFO  server.RaftServerConfigKeys (ConfUtils.java:logGet(46)) - raft.server.rpc.timeout.max = 5200ms (custom)
2022-09-28 15:56:42,486 [pool-795-thread-1] INFO  server.RaftServerConfigKeys (ConfUtils.java:logGet(46)) - raft.server.rpc.sleep.time = 25ms (default)
2022-09-28 15:56:42,486 [pool-795-thread-1] INFO  server.RaftServerConfigKeys (ConfUtils.java:logGet(46)) - raft.server.rpc.slowness.timeout = 300s (custom)
2022-09-28 15:56:42,486 [pool-795-thread-1] INFO  server.RaftServerConfigKeys (ConfUtils.java:logGet(46)) - raft.server.leaderelection.leader.step-down.wait-time = 10s (default)
2022-09-28 15:56:42,486 [pool-795-thread-1] INFO  server.RaftServerConfigKeys (ConfUtils.java:logGet(46)) - raft.server.sleep.deviation.threshold = 300ms (default)
2022-09-28 15:56:42,486 [pool-795-thread-1] INFO  server.RaftServer$Division (ServerState.java:<init>(107)) - 8c5cbec5-1e98-45a3-8a83-5527ccbe40ad@group-B28A2FAC6A9A: ConfigurationManager, init=-1: [8c5cbec5-1e98-45a3-8a83-5527ccbe40ad|rpc:10.1.1.55:44337|priority:1], old=null, confs=<EMPTY_MAP>
2022-09-28 15:56:42,486 [pool-795-thread-1] INFO  server.RaftServerConfigKeys (ConfUtils.java:logGet(46)) - raft.server.storage.dir = [/home/runner/work/ozone/ozone/hadoop-ozone/integration-test/target/test-dir/MiniOzoneClusterImpl-3ec8252f-dc88-4027-b0d7-634db2a11e1f/datanode-0/data/ratis] (custom)
2022-09-28 15:56:42,486 [pool-795-thread-1] INFO  server.RaftServerConfigKeys (ConfUtils.java:logGet(46)) - raft.server.log.corruption.policy = EXCEPTION (default)
2022-09-28 15:56:42,486 [pool-795-thread-1] INFO  server.RaftServerConfigKeys (ConfUtils.java:logGet(46)) - raft.server.storage.free-space.min = 0MB (=0) (default)
2022-09-28 15:56:42,486 [pool-795-thread-1] INFO  storage.RaftStorageDirectory (RaftStorageDirectoryImpl.java:analyzeStorage(135)) - The storage directory /home/runner/work/ozone/ozone/hadoop-ozone/integration-test/target/test-dir/MiniOzoneClusterImpl-3ec8252f-dc88-4027-b0d7-634db2a11e1f/datanode-0/data/ratis/737d70f4-bb96-465b-b8ed-b28a2fac6a9a does not exist. Creating ...
2022-09-28 15:56:42,503 [pool-795-thread-1] INFO  storage.RaftStorageDirectory (RaftStorageDirectoryImpl.java:tryLock(230)) - Lock on /home/runner/work/ozone/ozone/hadoop-ozone/integration-test/target/test-dir/MiniOzoneClusterImpl-3ec8252f-dc88-4027-b0d7-634db2a11e1f/datanode-0/data/ratis/737d70f4-bb96-465b-b8ed-b28a2fac6a9a/in_use.lock acquired by nodename 13127@fv-az203-824
2022-09-28 15:56:42,507 [pool-795-thread-1] INFO  storage.RaftStorage (RaftStorageImpl.java:format(89)) - Storage directory /home/runner/work/ozone/ozone/hadoop-ozone/integration-test/target/test-dir/MiniOzoneClusterImpl-3ec8252f-dc88-4027-b0d7-634db2a11e1f/datanode-0/data/ratis/737d70f4-bb96-465b-b8ed-b28a2fac6a9a has been successfully formatted.
2022-09-28 15:56:42,512 [pool-795-thread-1] INFO  ratis.ContainerStateMachine (ContainerStateMachine.java:loadSnapshot(236)) - group-B28A2FAC6A9A: The snapshot info is null. Setting the last applied indexto:(t:0, i:~)
2022-09-28 15:56:42,512 [pool-795-thread-1] INFO  server.RaftServerConfigKeys (ConfUtils.java:logGet(46)) - raft.server.notification.no-leader.timeout = 300s (custom)
2022-09-28 15:56:42,513 [EventQueue-PipelineReportForPipelineReportHandler] INFO  pipeline.PipelineManagerImpl (PipelineManagerImpl.java:openPipeline(367)) - Pipeline Pipeline[ Id: 737d70f4-bb96-465b-b8ed-b28a2fac6a9a, Nodes: 8c5cbec5-1e98-45a3-8a83-5527ccbe40ad{ip: 10.1.1.55, host: fv-az203-824.ild0l4k5vsluppoevu2oqvhmda.cx.internal.cloudapp.net, ports: [REPLICATION=37543, RATIS=44337, RATIS_ADMIN=44337, RATIS_SERVER=44337, STANDALONE=46795], networkLocation: /default-rack, certSerialId: null, persistedOpState: IN_SERVICE, persistedOpStateExpiryEpochSec: 0}, ReplicationConfig: RATIS/ONE, State:ALLOCATED, leaderId:8c5cbec5-1e98-45a3-8a83-5527ccbe40ad, CreationTimestamp2022-09-28T15:56:39.475Z[Etc/UTC]] moved to OPEN state
2022-09-28 15:56:42,513 [pool-795-thread-1] INFO  server.RaftServerConfigKeys (ConfUtils.java:logGet(46)) - raft.server.log.use.memory = false (default)
2022-09-28 15:56:42,513 [pool-795-thread-1] INFO  server.RaftServerConfigKeys (ConfUtils.java:logGet(46)) - raft.server.log.purge.gap = 1000000 (custom)
2022-09-28 15:56:42,513 [pool-795-thread-1] INFO  server.RaftServerConfigKeys (ConfUtils.java:logGet(46)) - raft.server.log.appender.buffer.byte-limit = 33554432 (custom)
2022-09-28 15:56:42,513 [pool-795-thread-1] INFO  server.RaftServerConfigKeys (ConfUtils.java:logGet(46)) - raft.server.log.statemachine.data.read.timeout = 1000ms (default)
2022-09-28 15:56:42,514 [pool-795-thread-1] INFO  server.RaftServerConfigKeys (ConfUtils.java:logGet(46)) - raft.server.log.segment.size.max = 1048576 (custom)
2022-09-28 15:56:42,514 [pool-795-thread-1] INFO  server.RaftServerConfigKeys (ConfUtils.java:logGet(46)) - raft.server.log.segment.cache.num.max = 2 (custom)
2022-09-28 15:56:42,514 [pool-795-thread-1] INFO  server.RaftServerConfigKeys (ConfUtils.java:logGet(46)) - raft.server.log.segment.cache.size.max = 200MB (=209715200) (default)
2022-09-28 15:56:42,514 [pool-795-thread-1] INFO  segmented.SegmentedRaftLogWorker (SegmentedRaftLogWorker.java:<init>(187)) - new 8c5cbec5-1e98-45a3-8a83-5527ccbe40ad@group-B28A2FAC6A9A-SegmentedRaftLogWorker for RaftStorageImpl:Storage Directory /home/runner/work/ozone/ozone/hadoop-ozone/integration-test/target/test-dir/MiniOzoneClusterImpl-3ec8252f-dc88-4027-b0d7-634db2a11e1f/datanode-0/data/ratis/737d70f4-bb96-465b-b8ed-b28a2fac6a9a
2022-09-28 15:56:42,514 [pool-795-thread-1] INFO  server.RaftServerConfigKeys (ConfUtils.java:logGet(46)) - raft.server.log.queue.byte-limit = 4294967296 (custom)
2022-09-28 15:56:42,514 [pool-795-thread-1] INFO  server.RaftServerConfigKeys (ConfUtils.java:logGet(46)) - raft.server.log.queue.element-limit = 1024 (custom)
2022-09-28 15:56:42,514 [pool-795-thread-1] INFO  server.RaftServerConfigKeys (ConfUtils.java:logGet(46)) - raft.server.log.segment.size.max = 1048576 (custom)
2022-09-28 15:56:42,514 [pool-795-thread-1] INFO  server.RaftServerConfigKeys (ConfUtils.java:logGet(46)) - raft.server.log.preallocated.size = 16384 (custom)
2022-09-28 15:56:42,514 [pool-795-thread-1] INFO  server.RaftServerConfigKeys (ConfUtils.java:logGet(46)) - raft.server.log.force.sync.num = 128 (default)
2022-09-28 15:56:42,514 [pool-795-thread-1] INFO  server.RaftServerConfigKeys (ConfUtils.java:logGet(46)) - raft.server.log.statemachine.data.sync = true (default)
2022-09-28 15:56:42,514 [pool-795-thread-1] INFO  server.RaftServerConfigKeys (ConfUtils.java:logGet(46)) - raft.server.log.statemachine.data.sync.timeout = 10s (default)
2022-09-28 15:56:42,551 [EventQueue-OpenPipelineForHealthyPipelineSafeModeRule] INFO  safemode.SCMSafeModeManager (HealthyPipelineSafeModeRule.java:process(137)) - SCM in safe mode. Healthy pipelines reported count is 0, required healthy pipeline reported count is 1
2022-09-28 15:56:42,552 [pool-795-thread-1] INFO  server.RaftServerConfigKeys (ConfUtils.java:logGet(46)) - raft.server.log.statemachine.data.sync.timeout.retry = -1 (default)
2022-09-28 15:56:42,553 [pool-795-thread-1] INFO  server.RaftServerConfigKeys (ConfUtils.java:logGet(46)) - raft.server.log.write.buffer.size = 1048576 (custom)
2022-09-28 15:56:42,553 [pool-795-thread-1] INFO  server.RaftServerConfigKeys (ConfUtils.java:logGet(46)) - raft.server.log.unsafe-flush.enabled = false (default)
2022-09-28 15:56:42,553 [pool-795-thread-1] INFO  server.RaftServerConfigKeys (ConfUtils.java:logGet(46)) - raft.server.log.statemachine.data.caching.enabled = true (custom)
2022-09-28 15:56:42,553 [pool-795-thread-1] INFO  segmented.SegmentedRaftLogWorker (SegmentedRaftLogWorker.java:lambda$new$0(135)) - 8c5cbec5-1e98-45a3-8a83-5527ccbe40ad@group-B28A2FAC6A9A-SegmentedRaftLogWorker: flushIndex: setUnconditionally 0 -> -1
2022-09-28 15:56:42,553 [pool-795-thread-1] INFO  segmented.SegmentedRaftLogWorker (SegmentedRaftLogWorker.java:lambda$new$0(135)) - 8c5cbec5-1e98-45a3-8a83-5527ccbe40ad@group-B28A2FAC6A9A-SegmentedRaftLogWorker: safeCacheEvictIndex: setUnconditionally 0 -> -1
2022-09-28 15:56:42,560 [Listener at 127.0.0.1/41537] INFO  ozone.MiniOzoneClusterImpl (MiniOzoneClusterImpl.java:lambda$waitForClusterToBeReady$0(216)) - Waiting for nodes to be ready. Got 4 of 5 DN Heartbeats.
2022-09-28 15:56:42,561 [Listener at 127.0.0.1/41537] INFO  ozone.MiniOzoneClusterImpl (MiniOzoneClusterImpl.java:lambda$waitForClusterToBeReady$0(219)) - Waiting for cluster to exit safe mode
2022-09-28 15:56:42,561 [Listener at 127.0.0.1/41537] INFO  ozone.MiniOzoneClusterImpl (MiniOzoneClusterImpl.java:lambda$waitForClusterToBeReady$0(221)) - SCM became leader
2022-09-28 15:56:42,575 [pool-795-thread-1] INFO  server.RaftServerConfigKeys (ConfUtils.java:logGet(46)) - raft.server.snapshot.auto.trigger.enabled = true (custom)
2022-09-28 15:56:42,575 [pool-795-thread-1] INFO  server.RaftServerConfigKeys (ConfUtils.java:logGet(46)) - raft.server.snapshot.auto.trigger.threshold = 10000 (custom)
2022-09-28 15:56:42,575 [pool-795-thread-1] INFO  server.RaftServerConfigKeys (ConfUtils.java:logGet(46)) - raft.server.snapshot.retention.file.num = 5 (custom)
2022-09-28 15:56:42,575 [pool-795-thread-1] INFO  server.RaftServerConfigKeys (ConfUtils.java:logGet(46)) - raft.server.log.purge.upto.snapshot.index = false (default)
2022-09-28 15:56:42,575 [pool-795-thread-1] INFO  server.RaftServerConfigKeys (ConfUtils.java:logGet(46)) - raft.server.retrycache.expirytime = 600000ms (custom)
2022-09-28 15:56:42,575 [pool-795-thread-1] INFO  server.RaftServerConfigKeys (ConfUtils.java:logGet(46)) - raft.server.retrycache.statistics.expirytime = 100μs (default)
2022-09-28 15:56:42,588 [pool-795-thread-1] INFO  server.RaftServerConfigKeys (ConfUtils.java:logGet(46)) - raft.server.log.appender.install.snapshot.enabled = false (custom)
2022-09-28 15:56:42,588 [pool-795-thread-1] INFO  server.RaftServerConfigKeys (ConfUtils.java:logGet(46)) - raft.server.threadpool.server.cached = true (default)
2022-09-28 15:56:42,588 [pool-795-thread-1] INFO  server.RaftServerConfigKeys (ConfUtils.java:logGet(46)) - raft.server.threadpool.server.size = 0 (default)
2022-09-28 15:56:42,588 [pool-795-thread-1] INFO  server.RaftServerConfigKeys (ConfUtils.java:logGet(46)) - raft.server.threadpool.client.cached = true (default)
2022-09-28 15:56:42,588 [pool-795-thread-1] INFO  server.RaftServerConfigKeys (ConfUtils.java:logGet(46)) - raft.server.threadpool.client.size = 0 (default)
2022-09-28 15:56:42,588 [pool-795-thread-1] INFO  server.RaftServer$Division (RaftServerImpl.java:start(310)) - 8c5cbec5-1e98-45a3-8a83-5527ccbe40ad@group-B28A2FAC6A9A: start as a follower, conf=-1: [8c5cbec5-1e98-45a3-8a83-5527ccbe40ad|rpc:10.1.1.55:44337|priority:1], old=null
2022-09-28 15:56:42,588 [pool-795-thread-1] INFO  server.RaftServer$Division (RaftServerImpl.java:setRole(299)) - 8c5cbec5-1e98-45a3-8a83-5527ccbe40ad@group-B28A2FAC6A9A: changes role from      null to FOLLOWER at term 0 for startAsFollower
2022-09-28 15:56:42,588 [pool-795-thread-1] INFO  impl.RoleInfo (RoleInfo.java:updateAndGet(139)) - 8c5cbec5-1e98-45a3-8a83-5527ccbe40ad: start 8c5cbec5-1e98-45a3-8a83-5527ccbe40ad@group-B28A2FAC6A9A-FollowerState
2022-09-28 15:56:42,611 [pool-795-thread-1] INFO  util.JmxRegister (JmxRegister.java:tryRegister(44)) - Successfully registered JMX Bean with object name Ratis:service=RaftServer,group=group-B28A2FAC6A9A,id=8c5cbec5-1e98-45a3-8a83-5527ccbe40ad
2022-09-28 15:56:42,613 [Command processor thread] INFO  ratis.XceiverServerRatis (XceiverServerRatis.java:addGroup(765)) - Created group PipelineID=737d70f4-bb96-465b-b8ed-b28a2fac6a9a
2022-09-28 15:56:42,613 [Command processor thread] INFO  commandhandler.CreatePipelineCommandHandler (CreatePipelineCommandHandler.java:handle(113)) - Created Pipeline RATIS ONE PipelineID=737d70f4-bb96-465b-b8ed-b28a2fac6a9a.
2022-09-28 15:56:42,614 [Command processor thread] INFO  server.RaftServer (RaftServerProxy.java:addNew(96)) - 8c5cbec5-1e98-45a3-8a83-5527ccbe40ad: addNew group-BABD911B9D66:[8c5cbec5-1e98-45a3-8a83-5527ccbe40ad|rpc:10.1.1.55:44337|priority:0, 34248cef-dc81-419d-a997-c38b939b47d3|rpc:10.1.1.55:45713|priority:1, 0f80ef1a-6e1f-426a-9fb6-49677c19ba92|rpc:10.1.1.55:46649|priority:0] returns group-BABD911B9D66:java.util.concurrent.CompletableFuture@c277cfc[Not completed]
2022-09-28 15:56:42,617 [pool-795-thread-1] INFO  server.RaftServer$Division (RaftServerImpl.java:<init>(190)) - 8c5cbec5-1e98-45a3-8a83-5527ccbe40ad: new RaftServerImpl for group-BABD911B9D66:[8c5cbec5-1e98-45a3-8a83-5527ccbe40ad|rpc:10.1.1.55:44337|priority:0, 34248cef-dc81-419d-a997-c38b939b47d3|rpc:10.1.1.55:45713|priority:1, 0f80ef1a-6e1f-426a-9fb6-49677c19ba92|rpc:10.1.1.55:46649|priority:0] with ContainerStateMachine:uninitialized
2022-09-28 15:56:42,617 [pool-795-thread-1] INFO  server.RaftServerConfigKeys (ConfUtils.java:logGet(46)) - raft.server.rpc.timeout.min = 5s (custom)
2022-09-28 15:56:42,617 [pool-795-thread-1] INFO  server.RaftServerConfigKeys (ConfUtils.java:logGet(46)) - raft.server.rpc.timeout.max = 5200ms (custom)
2022-09-28 15:56:42,617 [pool-795-thread-1] INFO  server.RaftServerConfigKeys (ConfUtils.java:logGet(46)) - raft.server.rpc.sleep.time = 25ms (default)
2022-09-28 15:56:42,617 [pool-795-thread-1] INFO  server.RaftServerConfigKeys (ConfUtils.java:logGet(46)) - raft.server.rpc.slowness.timeout = 300s (custom)
2022-09-28 15:56:42,617 [pool-795-thread-1] INFO  server.RaftServerConfigKeys (ConfUtils.java:logGet(46)) - raft.server.leaderelection.leader.step-down.wait-time = 10s (default)
2022-09-28 15:56:42,617 [pool-795-thread-1] INFO  server.RaftServerConfigKeys (ConfUtils.java:logGet(46)) - raft.server.sleep.deviation.threshold = 300ms (default)
2022-09-28 15:56:42,617 [pool-795-thread-1] INFO  server.RaftServer$Division (ServerState.java:<init>(107)) - 8c5cbec5-1e98-45a3-8a83-5527ccbe40ad@group-BABD911B9D66: ConfigurationManager, init=-1: [8c5cbec5-1e98-45a3-8a83-5527ccbe40ad|rpc:10.1.1.55:44337|priority:0, 34248cef-dc81-419d-a997-c38b939b47d3|rpc:10.1.1.55:45713|priority:1, 0f80ef1a-6e1f-426a-9fb6-49677c19ba92|rpc:10.1.1.55:46649|priority:0], old=null, confs=<EMPTY_MAP>
2022-09-28 15:56:42,617 [pool-795-thread-1] INFO  server.RaftServerConfigKeys (ConfUtils.java:logGet(46)) - raft.server.storage.dir = [/home/runner/work/ozone/ozone/hadoop-ozone/integration-test/target/test-dir/MiniOzoneClusterImpl-3ec8252f-dc88-4027-b0d7-634db2a11e1f/datanode-0/data/ratis] (custom)
2022-09-28 15:56:42,617 [pool-795-thread-1] INFO  server.RaftServerConfigKeys (ConfUtils.java:logGet(46)) - raft.server.log.corruption.policy = EXCEPTION (default)
2022-09-28 15:56:42,617 [pool-795-thread-1] INFO  server.RaftServerConfigKeys (ConfUtils.java:logGet(46)) - raft.server.storage.free-space.min = 0MB (=0) (default)
2022-09-28 15:56:42,618 [pool-795-thread-1] INFO  storage.RaftStorageDirectory (RaftStorageDirectoryImpl.java:analyzeStorage(135)) - The storage directory /home/runner/work/ozone/ozone/hadoop-ozone/integration-test/target/test-dir/MiniOzoneClusterImpl-3ec8252f-dc88-4027-b0d7-634db2a11e1f/datanode-0/data/ratis/ce6d706e-81fa-47fd-a14a-babd911b9d66 does not exist. Creating ...
2022-09-28 15:56:42,623 [pool-795-thread-1] INFO  storage.RaftStorageDirectory (RaftStorageDirectoryImpl.java:tryLock(230)) - Lock on /home/runner/work/ozone/ozone/hadoop-ozone/integration-test/target/test-dir/MiniOzoneClusterImpl-3ec8252f-dc88-4027-b0d7-634db2a11e1f/datanode-0/data/ratis/ce6d706e-81fa-47fd-a14a-babd911b9d66/in_use.lock acquired by nodename 13127@fv-az203-824
2022-09-28 15:56:42,631 [pool-795-thread-1] INFO  storage.RaftStorage (RaftStorageImpl.java:format(89)) - Storage directory /home/runner/work/ozone/ozone/hadoop-ozone/integration-test/target/test-dir/MiniOzoneClusterImpl-3ec8252f-dc88-4027-b0d7-634db2a11e1f/datanode-0/data/ratis/ce6d706e-81fa-47fd-a14a-babd911b9d66 has been successfully formatted.
2022-09-28 15:56:42,631 [pool-795-thread-1] INFO  ratis.ContainerStateMachine (ContainerStateMachine.java:loadSnapshot(236)) - group-BABD911B9D66: The snapshot info is null. Setting the last applied indexto:(t:0, i:~)
2022-09-28 15:56:42,631 [pool-795-thread-1] INFO  server.RaftServerConfigKeys (ConfUtils.java:logGet(46)) - raft.server.notification.no-leader.timeout = 300s (custom)
2022-09-28 15:56:42,631 [pool-795-thread-1] INFO  server.RaftServerConfigKeys (ConfUtils.java:logGet(46)) - raft.server.log.use.memory = false (default)
2022-09-28 15:56:42,632 [EventQueue-OpenPipelineForHealthyPipelineSafeModeRule] INFO  safemode.SCMSafeModeManager (HealthyPipelineSafeModeRule.java:process(137)) - SCM in safe mode. Healthy pipelines reported count is 0, required healthy pipeline reported count is 1
2022-09-28 15:56:42,635 [pool-795-thread-1] INFO  server.RaftServerConfigKeys (ConfUtils.java:logGet(46)) - raft.server.log.purge.gap = 1000000 (custom)
2022-09-28 15:56:42,672 [pool-795-thread-1] INFO  server.RaftServerConfigKeys (ConfUtils.java:logGet(46)) - raft.server.log.appender.buffer.byte-limit = 33554432 (custom)
2022-09-28 15:56:42,672 [pool-795-thread-1] INFO  server.RaftServerConfigKeys (ConfUtils.java:logGet(46)) - raft.server.log.statemachine.data.read.timeout = 1000ms (default)
2022-09-28 15:56:42,672 [pool-795-thread-1] INFO  server.RaftServerConfigKeys (ConfUtils.java:logGet(46)) - raft.server.log.segment.size.max = 1048576 (custom)
2022-09-28 15:56:42,672 [pool-795-thread-1] INFO  server.RaftServerConfigKeys (ConfUtils.java:logGet(46)) - raft.server.log.segment.cache.num.max = 2 (custom)
2022-09-28 15:56:42,672 [pool-795-thread-1] INFO  server.RaftServerConfigKeys (ConfUtils.java:logGet(46)) - raft.server.log.segment.cache.size.max = 200MB (=209715200) (default)
2022-09-28 15:56:42,672 [pool-795-thread-1] INFO  segmented.SegmentedRaftLogWorker (SegmentedRaftLogWorker.java:<init>(187)) - new 8c5cbec5-1e98-45a3-8a83-5527ccbe40ad@group-BABD911B9D66-SegmentedRaftLogWorker for RaftStorageImpl:Storage Directory /home/runner/work/ozone/ozone/hadoop-ozone/integration-test/target/test-dir/MiniOzoneClusterImpl-3ec8252f-dc88-4027-b0d7-634db2a11e1f/datanode-0/data/ratis/ce6d706e-81fa-47fd-a14a-babd911b9d66
2022-09-28 15:56:42,672 [pool-795-thread-1] INFO  server.RaftServerConfigKeys (ConfUtils.java:logGet(46)) - raft.server.log.queue.byte-limit = 4294967296 (custom)
2022-09-28 15:56:42,673 [pool-795-thread-1] INFO  server.RaftServerConfigKeys (ConfUtils.java:logGet(46)) - raft.server.log.queue.element-limit = 1024 (custom)
2022-09-28 15:56:42,673 [pool-795-thread-1] INFO  server.RaftServerConfigKeys (ConfUtils.java:logGet(46)) - raft.server.log.segment.size.max = 1048576 (custom)
2022-09-28 15:56:42,673 [pool-795-thread-1] INFO  server.RaftServerConfigKeys (ConfUtils.java:logGet(46)) - raft.server.log.preallocated.size = 16384 (custom)
2022-09-28 15:56:42,673 [pool-795-thread-1] INFO  server.RaftServerConfigKeys (ConfUtils.java:logGet(46)) - raft.server.log.force.sync.num = 128 (default)
2022-09-28 15:56:42,673 [pool-795-thread-1] INFO  server.RaftServerConfigKeys (ConfUtils.java:logGet(46)) - raft.server.log.statemachine.data.sync = true (default)
2022-09-28 15:56:42,673 [pool-795-thread-1] INFO  server.RaftServerConfigKeys (ConfUtils.java:logGet(46)) - raft.server.log.statemachine.data.sync.timeout = 10s (default)
2022-09-28 15:56:42,673 [pool-795-thread-1] INFO  server.RaftServerConfigKeys (ConfUtils.java:logGet(46)) - raft.server.log.statemachine.data.sync.timeout.retry = -1 (default)
2022-09-28 15:56:42,674 [pool-795-thread-1] INFO  server.RaftServerConfigKeys (ConfUtils.java:logGet(46)) - raft.server.log.write.buffer.size = 1048576 (custom)
2022-09-28 15:56:42,674 [pool-795-thread-1] INFO  server.RaftServerConfigKeys (ConfUtils.java:logGet(46)) - raft.server.log.unsafe-flush.enabled = false (default)
2022-09-28 15:56:42,674 [pool-795-thread-1] INFO  server.RaftServerConfigKeys (ConfUtils.java:logGet(46)) - raft.server.log.statemachine.data.caching.enabled = true (custom)
2022-09-28 15:56:42,674 [pool-795-thread-1] INFO  segmented.SegmentedRaftLogWorker (SegmentedRaftLogWorker.java:lambda$new$0(135)) - 8c5cbec5-1e98-45a3-8a83-5527ccbe40ad@group-BABD911B9D66-SegmentedRaftLogWorker: flushIndex: setUnconditionally 0 -> -1
2022-09-28 15:56:42,674 [pool-795-thread-1] INFO  segmented.SegmentedRaftLogWorker (SegmentedRaftLogWorker.java:lambda$new$0(135)) - 8c5cbec5-1e98-45a3-8a83-5527ccbe40ad@group-BABD911B9D66-SegmentedRaftLogWorker: safeCacheEvictIndex: setUnconditionally 0 -> -1
2022-09-28 15:56:42,689 [pool-795-thread-1] INFO  server.RaftServerConfigKeys (ConfUtils.java:logGet(46)) - raft.server.snapshot.auto.trigger.enabled = true (custom)
2022-09-28 15:56:42,689 [pool-795-thread-1] INFO  server.RaftServerConfigKeys (ConfUtils.java:logGet(46)) - raft.server.snapshot.auto.trigger.threshold = 10000 (custom)
2022-09-28 15:56:42,689 [pool-795-thread-1] INFO  server.RaftServerConfigKeys (ConfUtils.java:logGet(46)) - raft.server.snapshot.retention.file.num = 5 (custom)
2022-09-28 15:56:42,689 [pool-795-thread-1] INFO  server.RaftServerConfigKeys (ConfUtils.java:logGet(46)) - raft.server.log.purge.upto.snapshot.index = false (default)
2022-09-28 15:56:42,690 [pool-795-thread-1] INFO  server.RaftServerConfigKeys (ConfUtils.java:logGet(46)) - raft.server.retrycache.expirytime = 600000ms (custom)
2022-09-28 15:56:42,690 [pool-795-thread-1] INFO  server.RaftServerConfigKeys (ConfUtils.java:logGet(46)) - raft.server.retrycache.statistics.expirytime = 100μs (default)
2022-09-28 15:56:42,691 [pool-795-thread-1] INFO  server.RaftServerConfigKeys (ConfUtils.java:logGet(46)) - raft.server.log.appender.install.snapshot.enabled = false (custom)
2022-09-28 15:56:42,691 [pool-795-thread-1] INFO  server.RaftServerConfigKeys (ConfUtils.java:logGet(46)) - raft.server.threadpool.server.cached = true (default)
2022-09-28 15:56:42,691 [pool-795-thread-1] INFO  server.RaftServerConfigKeys (ConfUtils.java:logGet(46)) - raft.server.threadpool.server.size = 0 (default)
2022-09-28 15:56:42,691 [pool-795-thread-1] INFO  server.RaftServerConfigKeys (ConfUtils.java:logGet(46)) - raft.server.threadpool.client.cached = true (default)
2022-09-28 15:56:42,691 [pool-795-thread-1] INFO  server.RaftServerConfigKeys (ConfUtils.java:logGet(46)) - raft.server.threadpool.client.size = 0 (default)
2022-09-28 15:56:42,691 [pool-795-thread-1] INFO  server.RaftServer$Division (RaftServerImpl.java:start(310)) - 8c5cbec5-1e98-45a3-8a83-5527ccbe40ad@group-BABD911B9D66: start as a follower, conf=-1: [8c5cbec5-1e98-45a3-8a83-5527ccbe40ad|rpc:10.1.1.55:44337|priority:0, 34248cef-dc81-419d-a997-c38b939b47d3|rpc:10.1.1.55:45713|priority:1, 0f80ef1a-6e1f-426a-9fb6-49677c19ba92|rpc:10.1.1.55:46649|priority:0], old=null
2022-09-28 15:56:42,691 [pool-795-thread-1] INFO  server.RaftServer$Division (RaftServerImpl.java:setRole(299)) - 8c5cbec5-1e98-45a3-8a83-5527ccbe40ad@group-BABD911B9D66: changes role from      null to FOLLOWER at term 0 for startAsFollower
2022-09-28 15:56:42,691 [pool-795-thread-1] INFO  impl.RoleInfo (RoleInfo.java:updateAndGet(139)) - 8c5cbec5-1e98-45a3-8a83-5527ccbe40ad: start 8c5cbec5-1e98-45a3-8a83-5527ccbe40ad@group-BABD911B9D66-FollowerState
2022-09-28 15:56:42,693 [pool-795-thread-1] INFO  util.JmxRegister (JmxRegister.java:tryRegister(44)) - Successfully registered JMX Bean with object name Ratis:service=RaftServer,group=group-BABD911B9D66,id=8c5cbec5-1e98-45a3-8a83-5527ccbe40ad
2022-09-28 15:56:42,699 [Command processor thread] INFO  ratis.XceiverServerRatis (XceiverServerRatis.java:addGroup(765)) - Created group PipelineID=ce6d706e-81fa-47fd-a14a-babd911b9d66
2022-09-28 15:56:42,927 [grpc-default-executor-0] INFO  server.RaftServer (RaftServerProxy.java:addNew(96)) - 0f80ef1a-6e1f-426a-9fb6-49677c19ba92: addNew group-BABD911B9D66:[8c5cbec5-1e98-45a3-8a83-5527ccbe40ad|rpc:10.1.1.55:44337|dataStream:|priority:0, 34248cef-dc81-419d-a997-c38b939b47d3|rpc:10.1.1.55:45713|dataStream:|priority:1, 0f80ef1a-6e1f-426a-9fb6-49677c19ba92|rpc:10.1.1.55:46649|dataStream:|priority:0] returns group-BABD911B9D66:java.util.concurrent.CompletableFuture@729a748e[Not completed]
2022-09-28 15:56:42,981 [pool-841-thread-1] INFO  server.RaftServer$Division (RaftServerImpl.java:<init>(190)) - 0f80ef1a-6e1f-426a-9fb6-49677c19ba92: new RaftServerImpl for group-BABD911B9D66:[8c5cbec5-1e98-45a3-8a83-5527ccbe40ad|rpc:10.1.1.55:44337|dataStream:|priority:0, 34248cef-dc81-419d-a997-c38b939b47d3|rpc:10.1.1.55:45713|dataStream:|priority:1, 0f80ef1a-6e1f-426a-9fb6-49677c19ba92|rpc:10.1.1.55:46649|dataStream:|priority:0] with ContainerStateMachine:uninitialized
2022-09-28 15:56:42,981 [pool-841-thread-1] INFO  server.RaftServerConfigKeys (ConfUtils.java:logGet(46)) - raft.server.rpc.timeout.min = 5s (custom)
2022-09-28 15:56:42,981 [pool-841-thread-1] INFO  server.RaftServerConfigKeys (ConfUtils.java:logGet(46)) - raft.server.rpc.timeout.max = 5200ms (custom)
2022-09-28 15:56:42,981 [pool-841-thread-1] INFO  server.RaftServerConfigKeys (ConfUtils.java:logGet(46)) - raft.server.rpc.sleep.time = 25ms (default)
2022-09-28 15:56:42,981 [pool-841-thread-1] INFO  server.RaftServerConfigKeys (ConfUtils.java:logGet(46)) - raft.server.rpc.slowness.timeout = 300s (custom)
2022-09-28 15:56:42,981 [pool-841-thread-1] INFO  server.RaftServerConfigKeys (ConfUtils.java:logGet(46)) - raft.server.leaderelection.leader.step-down.wait-time = 10s (default)
2022-09-28 15:56:42,981 [pool-841-thread-1] INFO  server.RaftServerConfigKeys (ConfUtils.java:logGet(46)) - raft.server.sleep.deviation.threshold = 300ms (default)
2022-09-28 15:56:42,981 [pool-841-thread-1] INFO  server.RaftServer$Division (ServerState.java:<init>(107)) - 0f80ef1a-6e1f-426a-9fb6-49677c19ba92@group-BABD911B9D66: ConfigurationManager, init=-1: [8c5cbec5-1e98-45a3-8a83-5527ccbe40ad|rpc:10.1.1.55:44337|dataStream:|priority:0, 34248cef-dc81-419d-a997-c38b939b47d3|rpc:10.1.1.55:45713|dataStream:|priority:1, 0f80ef1a-6e1f-426a-9fb6-49677c19ba92|rpc:10.1.1.55:46649|dataStream:|priority:0], old=null, confs=<EMPTY_MAP>
2022-09-28 15:56:42,982 [pool-841-thread-1] INFO  server.RaftServerConfigKeys (ConfUtils.java:logGet(46)) - raft.server.storage.dir = [/home/runner/work/ozone/ozone/hadoop-ozone/integration-test/target/test-dir/MiniOzoneClusterImpl-3ec8252f-dc88-4027-b0d7-634db2a11e1f/datanode-2/data/ratis] (custom)
2022-09-28 15:56:42,982 [pool-841-thread-1] INFO  server.RaftServerConfigKeys (ConfUtils.java:logGet(46)) - raft.server.log.corruption.policy = EXCEPTION (default)
2022-09-28 15:56:42,982 [pool-841-thread-1] INFO  server.RaftServerConfigKeys (ConfUtils.java:logGet(46)) - raft.server.storage.free-space.min = 0MB (=0) (default)
2022-09-28 15:56:42,982 [pool-841-thread-1] INFO  storage.RaftStorageDirectory (RaftStorageDirectoryImpl.java:analyzeStorage(135)) - The storage directory /home/runner/work/ozone/ozone/hadoop-ozone/integration-test/target/test-dir/MiniOzoneClusterImpl-3ec8252f-dc88-4027-b0d7-634db2a11e1f/datanode-2/data/ratis/ce6d706e-81fa-47fd-a14a-babd911b9d66 does not exist. Creating ...
2022-09-28 15:56:42,983 [pool-841-thread-1] INFO  storage.RaftStorageDirectory (RaftStorageDirectoryImpl.java:tryLock(230)) - Lock on /home/runner/work/ozone/ozone/hadoop-ozone/integration-test/target/test-dir/MiniOzoneClusterImpl-3ec8252f-dc88-4027-b0d7-634db2a11e1f/datanode-2/data/ratis/ce6d706e-81fa-47fd-a14a-babd911b9d66/in_use.lock acquired by nodename 13127@fv-az203-824
2022-09-28 15:56:42,991 [pool-841-thread-1] INFO  storage.RaftStorage (RaftStorageImpl.java:format(89)) - Storage directory /home/runner/work/ozone/ozone/hadoop-ozone/integration-test/target/test-dir/MiniOzoneClusterImpl-3ec8252f-dc88-4027-b0d7-634db2a11e1f/datanode-2/data/ratis/ce6d706e-81fa-47fd-a14a-babd911b9d66 has been successfully formatted.
2022-09-28 15:56:42,991 [pool-841-thread-1] INFO  ratis.ContainerStateMachine (ContainerStateMachine.java:loadSnapshot(236)) - group-BABD911B9D66: The snapshot info is null. Setting the last applied indexto:(t:0, i:~)
2022-09-28 15:56:42,991 [pool-841-thread-1] INFO  server.RaftServerConfigKeys (ConfUtils.java:logGet(46)) - raft.server.notification.no-leader.timeout = 300s (custom)
2022-09-28 15:56:42,991 [pool-841-thread-1] INFO  server.RaftServerConfigKeys (ConfUtils.java:logGet(46)) - raft.server.log.use.memory = false (default)
2022-09-28 15:56:42,991 [pool-841-thread-1] INFO  server.RaftServerConfigKeys (ConfUtils.java:logGet(46)) - raft.server.log.purge.gap = 1000000 (custom)
2022-09-28 15:56:42,992 [pool-841-thread-1] INFO  server.RaftServerConfigKeys (ConfUtils.java:logGet(46)) - raft.server.log.appender.buffer.byte-limit = 33554432 (custom)
2022-09-28 15:56:42,992 [pool-841-thread-1] INFO  server.RaftServerConfigKeys (ConfUtils.java:logGet(46)) - raft.server.log.statemachine.data.read.timeout = 1000ms (default)
2022-09-28 15:56:42,992 [pool-841-thread-1] INFO  server.RaftServerConfigKeys (ConfUtils.java:logGet(46)) - raft.server.log.segment.size.max = 1048576 (custom)
2022-09-28 15:56:42,992 [pool-841-thread-1] INFO  server.RaftServerConfigKeys (ConfUtils.java:logGet(46)) - raft.server.log.segment.cache.num.max = 2 (custom)
2022-09-28 15:56:42,992 [pool-841-thread-1] INFO  server.RaftServerConfigKeys (ConfUtils.java:logGet(46)) - raft.server.log.segment.cache.size.max = 200MB (=209715200) (default)
2022-09-28 15:56:42,992 [pool-841-thread-1] INFO  segmented.SegmentedRaftLogWorker (SegmentedRaftLogWorker.java:<init>(187)) - new 0f80ef1a-6e1f-426a-9fb6-49677c19ba92@group-BABD911B9D66-SegmentedRaftLogWorker for RaftStorageImpl:Storage Directory /home/runner/work/ozone/ozone/hadoop-ozone/integration-test/target/test-dir/MiniOzoneClusterImpl-3ec8252f-dc88-4027-b0d7-634db2a11e1f/datanode-2/data/ratis/ce6d706e-81fa-47fd-a14a-babd911b9d66
2022-09-28 15:56:42,992 [pool-841-thread-1] INFO  server.RaftServerConfigKeys (ConfUtils.java:logGet(46)) - raft.server.log.queue.byte-limit = 4294967296 (custom)
2022-09-28 15:56:42,992 [pool-841-thread-1] INFO  server.RaftServerConfigKeys (ConfUtils.java:logGet(46)) - raft.server.log.queue.element-limit = 1024 (custom)
2022-09-28 15:56:42,992 [pool-841-thread-1] INFO  server.RaftServerConfigKeys (ConfUtils.java:logGet(46)) - raft.server.log.segment.size.max = 1048576 (custom)
2022-09-28 15:56:42,992 [pool-841-thread-1] INFO  server.RaftServerConfigKeys (ConfUtils.java:logGet(46)) - raft.server.log.preallocated.size = 16384 (custom)
2022-09-28 15:56:42,992 [pool-841-thread-1] INFO  server.RaftServerConfigKeys (ConfUtils.java:logGet(46)) - raft.server.log.force.sync.num = 128 (default)
2022-09-28 15:56:42,992 [pool-841-thread-1] INFO  server.RaftServerConfigKeys (ConfUtils.java:logGet(46)) - raft.server.log.statemachine.data.sync = true (default)
2022-09-28 15:56:42,993 [pool-841-thread-1] INFO  server.RaftServerConfigKeys (ConfUtils.java:logGet(46)) - raft.server.log.statemachine.data.sync.timeout = 10s (default)
2022-09-28 15:56:42,993 [pool-841-thread-1] INFO  server.RaftServerConfigKeys (ConfUtils.java:logGet(46)) - raft.server.log.statemachine.data.sync.timeout.retry = -1 (default)
2022-09-28 15:56:42,996 [pool-841-thread-1] INFO  server.RaftServerConfigKeys (ConfUtils.java:logGet(46)) - raft.server.log.write.buffer.size = 1048576 (custom)
2022-09-28 15:56:42,997 [pool-841-thread-1] INFO  server.RaftServerConfigKeys (ConfUtils.java:logGet(46)) - raft.server.log.unsafe-flush.enabled = false (default)
2022-09-28 15:56:42,997 [pool-841-thread-1] INFO  server.RaftServerConfigKeys (ConfUtils.java:logGet(46)) - raft.server.log.statemachine.data.caching.enabled = true (custom)
2022-09-28 15:56:42,997 [pool-841-thread-1] INFO  segmented.SegmentedRaftLogWorker (SegmentedRaftLogWorker.java:lambda$new$0(135)) - 0f80ef1a-6e1f-426a-9fb6-49677c19ba92@group-BABD911B9D66-SegmentedRaftLogWorker: flushIndex: setUnconditionally 0 -> -1
2022-09-28 15:56:42,997 [pool-841-thread-1] INFO  segmented.SegmentedRaftLogWorker (SegmentedRaftLogWorker.java:lambda$new$0(135)) - 0f80ef1a-6e1f-426a-9fb6-49677c19ba92@group-BABD911B9D66-SegmentedRaftLogWorker: safeCacheEvictIndex: setUnconditionally 0 -> -1
2022-09-28 15:56:43,003 [pool-841-thread-1] INFO  server.RaftServerConfigKeys (ConfUtils.java:logGet(46)) - raft.server.snapshot.auto.trigger.enabled = true (custom)
2022-09-28 15:56:43,003 [pool-841-thread-1] INFO  server.RaftServerConfigKeys (ConfUtils.java:logGet(46)) - raft.server.snapshot.auto.trigger.threshold = 10000 (custom)
2022-09-28 15:56:43,003 [pool-841-thread-1] INFO  server.RaftServerConfigKeys (ConfUtils.java:logGet(46)) - raft.server.snapshot.retention.file.num = 5 (custom)
2022-09-28 15:56:43,003 [pool-841-thread-1] INFO  server.RaftServerConfigKeys (ConfUtils.java:logGet(46)) - raft.server.log.purge.upto.snapshot.index = false (default)
2022-09-28 15:56:43,003 [pool-841-thread-1] INFO  server.RaftServerConfigKeys (ConfUtils.java:logGet(46)) - raft.server.retrycache.expirytime = 600000ms (custom)
2022-09-28 15:56:43,003 [pool-841-thread-1] INFO  server.RaftServerConfigKeys (ConfUtils.java:logGet(46)) - raft.server.retrycache.statistics.expirytime = 100μs (default)
2022-09-28 15:56:43,004 [pool-841-thread-1] INFO  server.RaftServerConfigKeys (ConfUtils.java:logGet(46)) - raft.server.log.appender.install.snapshot.enabled = false (custom)
2022-09-28 15:56:43,004 [pool-841-thread-1] INFO  server.RaftServerConfigKeys (ConfUtils.java:logGet(46)) - raft.server.threadpool.server.cached = true (default)
2022-09-28 15:56:43,004 [pool-841-thread-1] INFO  server.RaftServerConfigKeys (ConfUtils.java:logGet(46)) - raft.server.threadpool.server.size = 0 (default)
2022-09-28 15:56:43,004 [pool-841-thread-1] INFO  server.RaftServerConfigKeys (ConfUtils.java:logGet(46)) - raft.server.threadpool.client.cached = true (default)
2022-09-28 15:56:43,004 [pool-841-thread-1] INFO  server.RaftServerConfigKeys (ConfUtils.java:logGet(46)) - raft.server.threadpool.client.size = 0 (default)
2022-09-28 15:56:43,004 [pool-841-thread-1] INFO  server.RaftServer$Division (RaftServerImpl.java:start(310)) - 0f80ef1a-6e1f-426a-9fb6-49677c19ba92@group-BABD911B9D66: start as a follower, conf=-1: [8c5cbec5-1e98-45a3-8a83-5527ccbe40ad|rpc:10.1.1.55:44337|dataStream:|priority:0, 34248cef-dc81-419d-a997-c38b939b47d3|rpc:10.1.1.55:45713|dataStream:|priority:1, 0f80ef1a-6e1f-426a-9fb6-49677c19ba92|rpc:10.1.1.55:46649|dataStream:|priority:0], old=null
2022-09-28 15:56:43,005 [pool-841-thread-1] INFO  server.RaftServer$Division (RaftServerImpl.java:setRole(299)) - 0f80ef1a-6e1f-426a-9fb6-49677c19ba92@group-BABD911B9D66: changes role from      null to FOLLOWER at term 0 for startAsFollower
2022-09-28 15:56:43,005 [pool-841-thread-1] INFO  impl.RoleInfo (RoleInfo.java:updateAndGet(139)) - 0f80ef1a-6e1f-426a-9fb6-49677c19ba92: start 0f80ef1a-6e1f-426a-9fb6-49677c19ba92@group-BABD911B9D66-FollowerState
2022-09-28 15:56:43,009 [pool-841-thread-1] INFO  util.JmxRegister (JmxRegister.java:tryRegister(44)) - Successfully registered JMX Bean with object name Ratis:service=RaftServer,group=group-BABD911B9D66,id=0f80ef1a-6e1f-426a-9fb6-49677c19ba92
2022-09-28 15:56:43,224 [grpc-default-executor-0] INFO  server.RaftServer (RaftServerProxy.java:addNew(96)) - 34248cef-dc81-419d-a997-c38b939b47d3: addNew group-BABD911B9D66:[8c5cbec5-1e98-45a3-8a83-5527ccbe40ad|rpc:10.1.1.55:44337|dataStream:|priority:0, 34248cef-dc81-419d-a997-c38b939b47d3|rpc:10.1.1.55:45713|dataStream:|priority:1, 0f80ef1a-6e1f-426a-9fb6-49677c19ba92|rpc:10.1.1.55:46649|dataStream:|priority:0] returns group-BABD911B9D66:java.util.concurrent.CompletableFuture@183bda1f[Not completed]
2022-09-28 15:56:43,225 [pool-818-thread-1] INFO  server.RaftServer$Division (RaftServerImpl.java:<init>(190)) - 34248cef-dc81-419d-a997-c38b939b47d3: new RaftServerImpl for group-BABD911B9D66:[8c5cbec5-1e98-45a3-8a83-5527ccbe40ad|rpc:10.1.1.55:44337|dataStream:|priority:0, 34248cef-dc81-419d-a997-c38b939b47d3|rpc:10.1.1.55:45713|dataStream:|priority:1, 0f80ef1a-6e1f-426a-9fb6-49677c19ba92|rpc:10.1.1.55:46649|dataStream:|priority:0] with ContainerStateMachine:uninitialized
2022-09-28 15:56:43,225 [pool-818-thread-1] INFO  server.RaftServerConfigKeys (ConfUtils.java:logGet(46)) - raft.server.rpc.timeout.min = 5s (custom)
2022-09-28 15:56:43,225 [pool-818-thread-1] INFO  server.RaftServerConfigKeys (ConfUtils.java:logGet(46)) - raft.server.rpc.timeout.max = 5200ms (custom)
2022-09-28 15:56:43,225 [pool-818-thread-1] INFO  server.RaftServerConfigKeys (ConfUtils.java:logGet(46)) - raft.server.rpc.sleep.time = 25ms (default)
2022-09-28 15:56:43,225 [pool-818-thread-1] INFO  server.RaftServerConfigKeys (ConfUtils.java:logGet(46)) - raft.server.rpc.slowness.timeout = 300s (custom)
2022-09-28 15:56:43,225 [pool-818-thread-1] INFO  server.RaftServerConfigKeys (ConfUtils.java:logGet(46)) - raft.server.leaderelection.leader.step-down.wait-time = 10s (default)
2022-09-28 15:56:43,225 [pool-818-thread-1] INFO  server.RaftServerConfigKeys (ConfUtils.java:logGet(46)) - raft.server.sleep.deviation.threshold = 300ms (default)
2022-09-28 15:56:43,225 [pool-818-thread-1] INFO  server.RaftServer$Division (ServerState.java:<init>(107)) - 34248cef-dc81-419d-a997-c38b939b47d3@group-BABD911B9D66: ConfigurationManager, init=-1: [8c5cbec5-1e98-45a3-8a83-5527ccbe40ad|rpc:10.1.1.55:44337|dataStream:|priority:0, 34248cef-dc81-419d-a997-c38b939b47d3|rpc:10.1.1.55:45713|dataStream:|priority:1, 0f80ef1a-6e1f-426a-9fb6-49677c19ba92|rpc:10.1.1.55:46649|dataStream:|priority:0], old=null, confs=<EMPTY_MAP>
2022-09-28 15:56:43,225 [pool-818-thread-1] INFO  server.RaftServerConfigKeys (ConfUtils.java:logGet(46)) - raft.server.storage.dir = [/home/runner/work/ozone/ozone/hadoop-ozone/integration-test/target/test-dir/MiniOzoneClusterImpl-3ec8252f-dc88-4027-b0d7-634db2a11e1f/datanode-1/data/ratis] (custom)
2022-09-28 15:56:43,225 [pool-818-thread-1] INFO  server.RaftServerConfigKeys (ConfUtils.java:logGet(46)) - raft.server.log.corruption.policy = EXCEPTION (default)
2022-09-28 15:56:43,227 [pool-818-thread-1] INFO  server.RaftServerConfigKeys (ConfUtils.java:logGet(46)) - raft.server.storage.free-space.min = 0MB (=0) (default)
2022-09-28 15:56:43,227 [pool-818-thread-1] INFO  storage.RaftStorageDirectory (RaftStorageDirectoryImpl.java:analyzeStorage(135)) - The storage directory /home/runner/work/ozone/ozone/hadoop-ozone/integration-test/target/test-dir/MiniOzoneClusterImpl-3ec8252f-dc88-4027-b0d7-634db2a11e1f/datanode-1/data/ratis/ce6d706e-81fa-47fd-a14a-babd911b9d66 does not exist. Creating ...
2022-09-28 15:56:43,228 [pool-818-thread-1] INFO  storage.RaftStorageDirectory (RaftStorageDirectoryImpl.java:tryLock(230)) - Lock on /home/runner/work/ozone/ozone/hadoop-ozone/integration-test/target/test-dir/MiniOzoneClusterImpl-3ec8252f-dc88-4027-b0d7-634db2a11e1f/datanode-1/data/ratis/ce6d706e-81fa-47fd-a14a-babd911b9d66/in_use.lock acquired by nodename 13127@fv-az203-824
2022-09-28 15:56:43,229 [pool-818-thread-1] INFO  storage.RaftStorage (RaftStorageImpl.java:format(89)) - Storage directory /home/runner/work/ozone/ozone/hadoop-ozone/integration-test/target/test-dir/MiniOzoneClusterImpl-3ec8252f-dc88-4027-b0d7-634db2a11e1f/datanode-1/data/ratis/ce6d706e-81fa-47fd-a14a-babd911b9d66 has been successfully formatted.
2022-09-28 15:56:43,243 [pool-818-thread-1] INFO  ratis.ContainerStateMachine (ContainerStateMachine.java:loadSnapshot(236)) - group-BABD911B9D66: The snapshot info is null. Setting the last applied indexto:(t:0, i:~)
2022-09-28 15:56:43,251 [pool-818-thread-1] INFO  server.RaftServerConfigKeys (ConfUtils.java:logGet(46)) - raft.server.notification.no-leader.timeout = 300s (custom)
2022-09-28 15:56:43,251 [pool-818-thread-1] INFO  server.RaftServerConfigKeys (ConfUtils.java:logGet(46)) - raft.server.log.use.memory = false (default)
2022-09-28 15:56:43,251 [pool-818-thread-1] INFO  server.RaftServerConfigKeys (ConfUtils.java:logGet(46)) - raft.server.log.purge.gap = 1000000 (custom)
2022-09-28 15:56:43,251 [pool-818-thread-1] INFO  server.RaftServerConfigKeys (ConfUtils.java:logGet(46)) - raft.server.log.appender.buffer.byte-limit = 33554432 (custom)
2022-09-28 15:56:43,251 [pool-818-thread-1] INFO  server.RaftServerConfigKeys (ConfUtils.java:logGet(46)) - raft.server.log.statemachine.data.read.timeout = 1000ms (default)
2022-09-28 15:56:43,255 [pool-818-thread-1] INFO  server.RaftServerConfigKeys (ConfUtils.java:logGet(46)) - raft.server.log.segment.size.max = 1048576 (custom)
2022-09-28 15:56:43,255 [pool-818-thread-1] INFO  server.RaftServerConfigKeys (ConfUtils.java:logGet(46)) - raft.server.log.segment.cache.num.max = 2 (custom)
2022-09-28 15:56:43,255 [pool-818-thread-1] INFO  server.RaftServerConfigKeys (ConfUtils.java:logGet(46)) - raft.server.log.segment.cache.size.max = 200MB (=209715200) (default)
2022-09-28 15:56:43,255 [pool-818-thread-1] INFO  segmented.SegmentedRaftLogWorker (SegmentedRaftLogWorker.java:<init>(187)) - new 34248cef-dc81-419d-a997-c38b939b47d3@group-BABD911B9D66-SegmentedRaftLogWorker for RaftStorageImpl:Storage Directory /home/runner/work/ozone/ozone/hadoop-ozone/integration-test/target/test-dir/MiniOzoneClusterImpl-3ec8252f-dc88-4027-b0d7-634db2a11e1f/datanode-1/data/ratis/ce6d706e-81fa-47fd-a14a-babd911b9d66
2022-09-28 15:56:43,255 [pool-818-thread-1] INFO  server.RaftServerConfigKeys (ConfUtils.java:logGet(46)) - raft.server.log.queue.byte-limit = 4294967296 (custom)
2022-09-28 15:56:43,255 [pool-818-thread-1] INFO  server.RaftServerConfigKeys (ConfUtils.java:logGet(46)) - raft.server.log.queue.element-limit = 1024 (custom)
2022-09-28 15:56:43,255 [pool-818-thread-1] INFO  server.RaftServerConfigKeys (ConfUtils.java:logGet(46)) - raft.server.log.segment.size.max = 1048576 (custom)
2022-09-28 15:56:43,255 [pool-818-thread-1] INFO  server.RaftServerConfigKeys (ConfUtils.java:logGet(46)) - raft.server.log.preallocated.size = 16384 (custom)
2022-09-28 15:56:43,255 [pool-818-thread-1] INFO  server.RaftServerConfigKeys (ConfUtils.java:logGet(46)) - raft.server.log.force.sync.num = 128 (default)
2022-09-28 15:56:43,255 [pool-818-thread-1] INFO  server.RaftServerConfigKeys (ConfUtils.java:logGet(46)) - raft.server.log.statemachine.data.sync = true (default)
2022-09-28 15:56:43,255 [pool-818-thread-1] INFO  server.RaftServerConfigKeys (ConfUtils.java:logGet(46)) - raft.server.log.statemachine.data.sync.timeout = 10s (default)
2022-09-28 15:56:43,255 [pool-818-thread-1] INFO  server.RaftServerConfigKeys (ConfUtils.java:logGet(46)) - raft.server.log.statemachine.data.sync.timeout.retry = -1 (default)
2022-09-28 15:56:43,256 [pool-818-thread-1] INFO  server.RaftServerConfigKeys (ConfUtils.java:logGet(46)) - raft.server.log.write.buffer.size = 1048576 (custom)
2022-09-28 15:56:43,257 [pool-818-thread-1] INFO  server.RaftServerConfigKeys (ConfUtils.java:logGet(46)) - raft.server.log.unsafe-flush.enabled = false (default)
2022-09-28 15:56:43,257 [pool-818-thread-1] INFO  server.RaftServerConfigKeys (ConfUtils.java:logGet(46)) - raft.server.log.statemachine.data.caching.enabled = true (custom)
2022-09-28 15:56:43,257 [pool-818-thread-1] INFO  segmented.SegmentedRaftLogWorker (SegmentedRaftLogWorker.java:lambda$new$0(135)) - 34248cef-dc81-419d-a997-c38b939b47d3@group-BABD911B9D66-SegmentedRaftLogWorker: flushIndex: setUnconditionally 0 -> -1
2022-09-28 15:56:43,257 [pool-818-thread-1] INFO  segmented.SegmentedRaftLogWorker (SegmentedRaftLogWorker.java:lambda$new$0(135)) - 34248cef-dc81-419d-a997-c38b939b47d3@group-BABD911B9D66-SegmentedRaftLogWorker: safeCacheEvictIndex: setUnconditionally 0 -> -1
2022-09-28 15:56:43,278 [pool-818-thread-1] INFO  server.RaftServerConfigKeys (ConfUtils.java:logGet(46)) - raft.server.snapshot.auto.trigger.enabled = true (custom)
2022-09-28 15:56:43,278 [pool-818-thread-1] INFO  server.RaftServerConfigKeys (ConfUtils.java:logGet(46)) - raft.server.snapshot.auto.trigger.threshold = 10000 (custom)
2022-09-28 15:56:43,278 [pool-818-thread-1] INFO  server.RaftServerConfigKeys (ConfUtils.java:logGet(46)) - raft.server.snapshot.retention.file.num = 5 (custom)
2022-09-28 15:56:43,278 [pool-818-thread-1] INFO  server.RaftServerConfigKeys (ConfUtils.java:logGet(46)) - raft.server.log.purge.upto.snapshot.index = false (default)
2022-09-28 15:56:43,278 [pool-818-thread-1] INFO  server.RaftServerConfigKeys (ConfUtils.java:logGet(46)) - raft.server.retrycache.expirytime = 600000ms (custom)
2022-09-28 15:56:43,278 [pool-818-thread-1] INFO  server.RaftServerConfigKeys (ConfUtils.java:logGet(46)) - raft.server.retrycache.statistics.expirytime = 100μs (default)
2022-09-28 15:56:43,279 [pool-818-thread-1] INFO  server.RaftServerConfigKeys (ConfUtils.java:logGet(46)) - raft.server.log.appender.install.snapshot.enabled = false (custom)
2022-09-28 15:56:43,279 [pool-818-thread-1] INFO  server.RaftServerConfigKeys (ConfUtils.java:logGet(46)) - raft.server.threadpool.server.cached = true (default)
2022-09-28 15:56:43,279 [pool-818-thread-1] INFO  server.RaftServerConfigKeys (ConfUtils.java:logGet(46)) - raft.server.threadpool.server.size = 0 (default)
2022-09-28 15:56:43,279 [pool-818-thread-1] INFO  server.RaftServerConfigKeys (ConfUtils.java:logGet(46)) - raft.server.threadpool.client.cached = true (default)
2022-09-28 15:56:43,279 [pool-818-thread-1] INFO  server.RaftServerConfigKeys (ConfUtils.java:logGet(46)) - raft.server.threadpool.client.size = 0 (default)
2022-09-28 15:56:43,279 [pool-818-thread-1] INFO  server.RaftServer$Division (RaftServerImpl.java:start(310)) - 34248cef-dc81-419d-a997-c38b939b47d3@group-BABD911B9D66: start as a follower, conf=-1: [8c5cbec5-1e98-45a3-8a83-5527ccbe40ad|rpc:10.1.1.55:44337|dataStream:|priority:0, 34248cef-dc81-419d-a997-c38b939b47d3|rpc:10.1.1.55:45713|dataStream:|priority:1, 0f80ef1a-6e1f-426a-9fb6-49677c19ba92|rpc:10.1.1.55:46649|dataStream:|priority:0], old=null
2022-09-28 15:56:43,279 [pool-818-thread-1] INFO  server.RaftServer$Division (RaftServerImpl.java:setRole(299)) - 34248cef-dc81-419d-a997-c38b939b47d3@group-BABD911B9D66: changes role from      null to FOLLOWER at term 0 for startAsFollower
2022-09-28 15:56:43,280 [pool-818-thread-1] INFO  impl.RoleInfo (RoleInfo.java:updateAndGet(139)) - 34248cef-dc81-419d-a997-c38b939b47d3: start 34248cef-dc81-419d-a997-c38b939b47d3@group-BABD911B9D66-FollowerState
2022-09-28 15:56:43,306 [pool-818-thread-1] INFO  util.JmxRegister (JmxRegister.java:tryRegister(44)) - Successfully registered JMX Bean with object name Ratis:service=RaftServer,group=group-BABD911B9D66,id=34248cef-dc81-419d-a997-c38b939b47d3
2022-09-28 15:56:43,389 [Command processor thread] INFO  server.RaftServer (RaftServerProxy.java:addNew(96)) - 34248cef-dc81-419d-a997-c38b939b47d3: addNew group-6A5DE9B292EF:[34248cef-dc81-419d-a997-c38b939b47d3|rpc:10.1.1.55:45713|priority:1] returns group-6A5DE9B292EF:java.util.concurrent.CompletableFuture@9c424c3[Not completed]
2022-09-28 15:56:43,391 [Command processor thread] INFO  commandhandler.CreatePipelineCommandHandler (CreatePipelineCommandHandler.java:handle(113)) - Created Pipeline RATIS THREE PipelineID=ce6d706e-81fa-47fd-a14a-babd911b9d66.
2022-09-28 15:56:43,391 [Command processor thread] INFO  server.RaftServer (RaftServerProxy.java:addNew(96)) - 8c5cbec5-1e98-45a3-8a83-5527ccbe40ad: addNew group-61C24E5E1F07:[34248cef-dc81-419d-a997-c38b939b47d3|rpc:10.1.1.55:45713|priority:0, 8c5cbec5-1e98-45a3-8a83-5527ccbe40ad|rpc:10.1.1.55:44337|priority:0, 0f80ef1a-6e1f-426a-9fb6-49677c19ba92|rpc:10.1.1.55:46649|priority:1] returns group-61C24E5E1F07:java.util.concurrent.CompletableFuture@169eb18c[Not completed]
2022-09-28 15:56:43,411 [pool-818-thread-1] INFO  server.RaftServer$Division (RaftServerImpl.java:<init>(190)) - 34248cef-dc81-419d-a997-c38b939b47d3: new RaftServerImpl for group-6A5DE9B292EF:[34248cef-dc81-419d-a997-c38b939b47d3|rpc:10.1.1.55:45713|priority:1] with ContainerStateMachine:uninitialized
2022-09-28 15:56:43,411 [pool-818-thread-1] INFO  server.RaftServerConfigKeys (ConfUtils.java:logGet(46)) - raft.server.rpc.timeout.min = 5s (custom)
2022-09-28 15:56:43,412 [pool-818-thread-1] INFO  server.RaftServerConfigKeys (ConfUtils.java:logGet(46)) - raft.server.rpc.timeout.max = 5200ms (custom)
2022-09-28 15:56:43,412 [pool-818-thread-1] INFO  server.RaftServerConfigKeys (ConfUtils.java:logGet(46)) - raft.server.rpc.sleep.time = 25ms (default)
2022-09-28 15:56:43,412 [pool-818-thread-1] INFO  server.RaftServerConfigKeys (ConfUtils.java:logGet(46)) - raft.server.rpc.slowness.timeout = 300s (custom)
2022-09-28 15:56:43,412 [pool-818-thread-1] INFO  server.RaftServerConfigKeys (ConfUtils.java:logGet(46)) - raft.server.leaderelection.leader.step-down.wait-time = 10s (default)
2022-09-28 15:56:43,412 [pool-818-thread-1] INFO  server.RaftServerConfigKeys (ConfUtils.java:logGet(46)) - raft.server.sleep.deviation.threshold = 300ms (default)
2022-09-28 15:56:43,412 [pool-818-thread-1] INFO  server.RaftServer$Division (ServerState.java:<init>(107)) - 34248cef-dc81-419d-a997-c38b939b47d3@group-6A5DE9B292EF: ConfigurationManager, init=-1: [34248cef-dc81-419d-a997-c38b939b47d3|rpc:10.1.1.55:45713|priority:1], old=null, confs=<EMPTY_MAP>
2022-09-28 15:56:43,412 [pool-818-thread-1] INFO  server.RaftServerConfigKeys (ConfUtils.java:logGet(46)) - raft.server.storage.dir = [/home/runner/work/ozone/ozone/hadoop-ozone/integration-test/target/test-dir/MiniOzoneClusterImpl-3ec8252f-dc88-4027-b0d7-634db2a11e1f/datanode-1/data/ratis] (custom)
2022-09-28 15:56:43,412 [pool-818-thread-1] INFO  server.RaftServerConfigKeys (ConfUtils.java:logGet(46)) - raft.server.log.corruption.policy = EXCEPTION (default)
2022-09-28 15:56:43,412 [pool-818-thread-1] INFO  server.RaftServerConfigKeys (ConfUtils.java:logGet(46)) - raft.server.storage.free-space.min = 0MB (=0) (default)
2022-09-28 15:56:43,412 [pool-818-thread-1] INFO  storage.RaftStorageDirectory (RaftStorageDirectoryImpl.java:analyzeStorage(135)) - The storage directory /home/runner/work/ozone/ozone/hadoop-ozone/integration-test/target/test-dir/MiniOzoneClusterImpl-3ec8252f-dc88-4027-b0d7-634db2a11e1f/datanode-1/data/ratis/cfb0631a-0851-4ac4-8d19-6a5de9b292ef does not exist. Creating ...
2022-09-28 15:56:43,414 [pool-818-thread-1] INFO  storage.RaftStorageDirectory (RaftStorageDirectoryImpl.java:tryLock(230)) - Lock on /home/runner/work/ozone/ozone/hadoop-ozone/integration-test/target/test-dir/MiniOzoneClusterImpl-3ec8252f-dc88-4027-b0d7-634db2a11e1f/datanode-1/data/ratis/cfb0631a-0851-4ac4-8d19-6a5de9b292ef/in_use.lock acquired by nodename 13127@fv-az203-824
2022-09-28 15:56:43,415 [pool-795-thread-1] INFO  server.RaftServer$Division (RaftServerImpl.java:<init>(190)) - 8c5cbec5-1e98-45a3-8a83-5527ccbe40ad: new RaftServerImpl for group-61C24E5E1F07:[34248cef-dc81-419d-a997-c38b939b47d3|rpc:10.1.1.55:45713|priority:0, 8c5cbec5-1e98-45a3-8a83-5527ccbe40ad|rpc:10.1.1.55:44337|priority:0, 0f80ef1a-6e1f-426a-9fb6-49677c19ba92|rpc:10.1.1.55:46649|priority:1] with ContainerStateMachine:uninitialized
2022-09-28 15:56:43,415 [pool-795-thread-1] INFO  server.RaftServerConfigKeys (ConfUtils.java:logGet(46)) - raft.server.rpc.timeout.min = 5s (custom)
2022-09-28 15:56:43,415 [pool-818-thread-1] INFO  storage.RaftStorage (RaftStorageImpl.java:format(89)) - Storage directory /home/runner/work/ozone/ozone/hadoop-ozone/integration-test/target/test-dir/MiniOzoneClusterImpl-3ec8252f-dc88-4027-b0d7-634db2a11e1f/datanode-1/data/ratis/cfb0631a-0851-4ac4-8d19-6a5de9b292ef has been successfully formatted.
2022-09-28 15:56:43,416 [pool-818-thread-1] INFO  ratis.ContainerStateMachine (ContainerStateMachine.java:loadSnapshot(236)) - group-6A5DE9B292EF: The snapshot info is null. Setting the last applied indexto:(t:0, i:~)
2022-09-28 15:56:43,416 [pool-818-thread-1] INFO  server.RaftServerConfigKeys (ConfUtils.java:logGet(46)) - raft.server.notification.no-leader.timeout = 300s (custom)
2022-09-28 15:56:43,416 [pool-818-thread-1] INFO  server.RaftServerConfigKeys (ConfUtils.java:logGet(46)) - raft.server.log.use.memory = false (default)
2022-09-28 15:56:43,416 [pool-818-thread-1] INFO  server.RaftServerConfigKeys (ConfUtils.java:logGet(46)) - raft.server.log.purge.gap = 1000000 (custom)
2022-09-28 15:56:43,416 [pool-818-thread-1] INFO  server.RaftServerConfigKeys (ConfUtils.java:logGet(46)) - raft.server.log.appender.buffer.byte-limit = 33554432 (custom)
2022-09-28 15:56:43,416 [pool-818-thread-1] INFO  server.RaftServerConfigKeys (ConfUtils.java:logGet(46)) - raft.server.log.statemachine.data.read.timeout = 1000ms (default)
2022-09-28 15:56:43,415 [pool-795-thread-1] INFO  server.RaftServerConfigKeys (ConfUtils.java:logGet(46)) - raft.server.rpc.timeout.max = 5200ms (custom)
2022-09-28 15:56:43,416 [pool-795-thread-1] INFO  server.RaftServerConfigKeys (ConfUtils.java:logGet(46)) - raft.server.rpc.sleep.time = 25ms (default)
2022-09-28 15:56:43,416 [pool-818-thread-1] INFO  server.RaftServerConfigKeys (ConfUtils.java:logGet(46)) - raft.server.log.segment.size.max = 1048576 (custom)
2022-09-28 15:56:43,416 [pool-795-thread-1] INFO  server.RaftServerConfigKeys (ConfUtils.java:logGet(46)) - raft.server.rpc.slowness.timeout = 300s (custom)
2022-09-28 15:56:43,417 [pool-795-thread-1] INFO  server.RaftServerConfigKeys (ConfUtils.java:logGet(46)) - raft.server.leaderelection.leader.step-down.wait-time = 10s (default)
2022-09-28 15:56:43,417 [EventQueue-PipelineReportForPipelineReportHandler] INFO  pipeline.PipelineManagerImpl (PipelineManagerImpl.java:openPipeline(367)) - Pipeline Pipeline[ Id: cfb0631a-0851-4ac4-8d19-6a5de9b292ef, Nodes: 34248cef-dc81-419d-a997-c38b939b47d3{ip: 10.1.1.55, host: fv-az203-824.ild0l4k5vsluppoevu2oqvhmda.cx.internal.cloudapp.net, ports: [REPLICATION=33507, RATIS=45713, RATIS_ADMIN=45713, RATIS_SERVER=45713, STANDALONE=46519], networkLocation: /default-rack, certSerialId: null, persistedOpState: IN_SERVICE, persistedOpStateExpiryEpochSec: 0}, ReplicationConfig: RATIS/ONE, State:ALLOCATED, leaderId:34248cef-dc81-419d-a997-c38b939b47d3, CreationTimestamp2022-09-28T15:56:40.402Z[Etc/UTC]] moved to OPEN state
2022-09-28 15:56:43,417 [pool-795-thread-1] INFO  server.RaftServerConfigKeys (ConfUtils.java:logGet(46)) - raft.server.sleep.deviation.threshold = 300ms (default)
2022-09-28 15:56:43,417 [pool-795-thread-1] INFO  server.RaftServer$Division (ServerState.java:<init>(107)) - 8c5cbec5-1e98-45a3-8a83-5527ccbe40ad@group-61C24E5E1F07: ConfigurationManager, init=-1: [34248cef-dc81-419d-a997-c38b939b47d3|rpc:10.1.1.55:45713|priority:0, 8c5cbec5-1e98-45a3-8a83-5527ccbe40ad|rpc:10.1.1.55:44337|priority:0, 0f80ef1a-6e1f-426a-9fb6-49677c19ba92|rpc:10.1.1.55:46649|priority:1], old=null, confs=<EMPTY_MAP>
2022-09-28 15:56:43,417 [pool-795-thread-1] INFO  server.RaftServerConfigKeys (ConfUtils.java:logGet(46)) - raft.server.storage.dir = [/home/runner/work/ozone/ozone/hadoop-ozone/integration-test/target/test-dir/MiniOzoneClusterImpl-3ec8252f-dc88-4027-b0d7-634db2a11e1f/datanode-0/data/ratis] (custom)
2022-09-28 15:56:43,417 [pool-795-thread-1] INFO  server.RaftServerConfigKeys (ConfUtils.java:logGet(46)) - raft.server.log.corruption.policy = EXCEPTION (default)
2022-09-28 15:56:43,417 [pool-795-thread-1] INFO  server.RaftServerConfigKeys (ConfUtils.java:logGet(46)) - raft.server.storage.free-space.min = 0MB (=0) (default)
2022-09-28 15:56:43,417 [pool-795-thread-1] INFO  storage.RaftStorageDirectory (RaftStorageDirectoryImpl.java:analyzeStorage(135)) - The storage directory /home/runner/work/ozone/ozone/hadoop-ozone/integration-test/target/test-dir/MiniOzoneClusterImpl-3ec8252f-dc88-4027-b0d7-634db2a11e1f/datanode-0/data/ratis/e3588592-9ca4-4b1a-93ce-61c24e5e1f07 does not exist. Creating ...
2022-09-28 15:56:43,417 [EventQueue-OpenPipelineForHealthyPipelineSafeModeRule] INFO  safemode.SCMSafeModeManager (HealthyPipelineSafeModeRule.java:process(137)) - SCM in safe mode. Healthy pipelines reported count is 0, required healthy pipeline reported count is 1
2022-09-28 15:56:43,451 [pool-795-thread-1] INFO  storage.RaftStorageDirectory (RaftStorageDirectoryImpl.java:tryLock(230)) - Lock on /home/runner/work/ozone/ozone/hadoop-ozone/integration-test/target/test-dir/MiniOzoneClusterImpl-3ec8252f-dc88-4027-b0d7-634db2a11e1f/datanode-0/data/ratis/e3588592-9ca4-4b1a-93ce-61c24e5e1f07/in_use.lock acquired by nodename 13127@fv-az203-824
2022-09-28 15:56:43,452 [pool-818-thread-1] INFO  server.RaftServerConfigKeys (ConfUtils.java:logGet(46)) - raft.server.log.segment.cache.num.max = 2 (custom)
2022-09-28 15:56:43,452 [pool-818-thread-1] INFO  server.RaftServerConfigKeys (ConfUtils.java:logGet(46)) - raft.server.log.segment.cache.size.max = 200MB (=209715200) (default)
2022-09-28 15:56:43,452 [pool-818-thread-1] INFO  segmented.SegmentedRaftLogWorker (SegmentedRaftLogWorker.java:<init>(187)) - new 34248cef-dc81-419d-a997-c38b939b47d3@group-6A5DE9B292EF-SegmentedRaftLogWorker for RaftStorageImpl:Storage Directory /home/runner/work/ozone/ozone/hadoop-ozone/integration-test/target/test-dir/MiniOzoneClusterImpl-3ec8252f-dc88-4027-b0d7-634db2a11e1f/datanode-1/data/ratis/cfb0631a-0851-4ac4-8d19-6a5de9b292ef
2022-09-28 15:56:43,452 [pool-818-thread-1] INFO  server.RaftServerConfigKeys (ConfUtils.java:logGet(46)) - raft.server.log.queue.byte-limit = 4294967296 (custom)
2022-09-28 15:56:43,452 [pool-818-thread-1] INFO  server.RaftServerConfigKeys (ConfUtils.java:logGet(46)) - raft.server.log.queue.element-limit = 1024 (custom)
2022-09-28 15:56:43,452 [pool-818-thread-1] INFO  server.RaftServerConfigKeys (ConfUtils.java:logGet(46)) - raft.server.log.segment.size.max = 1048576 (custom)
2022-09-28 15:56:43,452 [pool-818-thread-1] INFO  server.RaftServerConfigKeys (ConfUtils.java:logGet(46)) - raft.server.log.preallocated.size = 16384 (custom)
2022-09-28 15:56:43,452 [pool-818-thread-1] INFO  server.RaftServerConfigKeys (ConfUtils.java:logGet(46)) - raft.server.log.force.sync.num = 128 (default)
2022-09-28 15:56:43,452 [pool-818-thread-1] INFO  server.RaftServerConfigKeys (ConfUtils.java:logGet(46)) - raft.server.log.statemachine.data.sync = true (default)
2022-09-28 15:56:43,452 [pool-818-thread-1] INFO  server.RaftServerConfigKeys (ConfUtils.java:logGet(46)) - raft.server.log.statemachine.data.sync.timeout = 10s (default)
2022-09-28 15:56:43,452 [pool-818-thread-1] INFO  server.RaftServerConfigKeys (ConfUtils.java:logGet(46)) - raft.server.log.statemachine.data.sync.timeout.retry = -1 (default)
2022-09-28 15:56:43,454 [pool-818-thread-1] INFO  server.RaftServerConfigKeys (ConfUtils.java:logGet(46)) - raft.server.log.write.buffer.size = 1048576 (custom)
2022-09-28 15:56:43,456 [pool-818-thread-1] INFO  server.RaftServerConfigKeys (ConfUtils.java:logGet(46)) - raft.server.log.unsafe-flush.enabled = false (default)
2022-09-28 15:56:43,456 [pool-818-thread-1] INFO  server.RaftServerConfigKeys (ConfUtils.java:logGet(46)) - raft.server.log.statemachine.data.caching.enabled = true (custom)
2022-09-28 15:56:43,456 [pool-818-thread-1] INFO  segmented.SegmentedRaftLogWorker (SegmentedRaftLogWorker.java:lambda$new$0(135)) - 34248cef-dc81-419d-a997-c38b939b47d3@group-6A5DE9B292EF-SegmentedRaftLogWorker: flushIndex: setUnconditionally 0 -> -1
2022-09-28 15:56:43,456 [pool-818-thread-1] INFO  segmented.SegmentedRaftLogWorker (SegmentedRaftLogWorker.java:lambda$new$0(135)) - 34248cef-dc81-419d-a997-c38b939b47d3@group-6A5DE9B292EF-SegmentedRaftLogWorker: safeCacheEvictIndex: setUnconditionally 0 -> -1
2022-09-28 15:56:43,463 [pool-818-thread-1] INFO  server.RaftServerConfigKeys (ConfUtils.java:logGet(46)) - raft.server.snapshot.auto.trigger.enabled = true (custom)
2022-09-28 15:56:43,463 [pool-795-thread-1] INFO  storage.RaftStorage (RaftStorageImpl.java:format(89)) - Storage directory /home/runner/work/ozone/ozone/hadoop-ozone/integration-test/target/test-dir/MiniOzoneClusterImpl-3ec8252f-dc88-4027-b0d7-634db2a11e1f/datanode-0/data/ratis/e3588592-9ca4-4b1a-93ce-61c24e5e1f07 has been successfully formatted.
2022-09-28 15:56:43,464 [pool-795-thread-1] INFO  ratis.ContainerStateMachine (ContainerStateMachine.java:loadSnapshot(236)) - group-61C24E5E1F07: The snapshot info is null. Setting the last applied indexto:(t:0, i:~)
2022-09-28 15:56:43,464 [pool-795-thread-1] INFO  server.RaftServerConfigKeys (ConfUtils.java:logGet(46)) - raft.server.notification.no-leader.timeout = 300s (custom)
2022-09-28 15:56:43,464 [pool-795-thread-1] INFO  server.RaftServerConfigKeys (ConfUtils.java:logGet(46)) - raft.server.log.use.memory = false (default)
2022-09-28 15:56:43,464 [pool-795-thread-1] INFO  server.RaftServerConfigKeys (ConfUtils.java:logGet(46)) - raft.server.log.purge.gap = 1000000 (custom)
2022-09-28 15:56:43,464 [pool-795-thread-1] INFO  server.RaftServerConfigKeys (ConfUtils.java:logGet(46)) - raft.server.log.appender.buffer.byte-limit = 33554432 (custom)
2022-09-28 15:56:43,464 [pool-795-thread-1] INFO  server.RaftServerConfigKeys (ConfUtils.java:logGet(46)) - raft.server.log.statemachine.data.read.timeout = 1000ms (default)
2022-09-28 15:56:43,464 [pool-795-thread-1] INFO  server.RaftServerConfigKeys (ConfUtils.java:logGet(46)) - raft.server.log.segment.size.max = 1048576 (custom)
2022-09-28 15:56:43,465 [pool-795-thread-1] INFO  server.RaftServerConfigKeys (ConfUtils.java:logGet(46)) - raft.server.log.segment.cache.num.max = 2 (custom)
2022-09-28 15:56:43,465 [pool-795-thread-1] INFO  server.RaftServerConfigKeys (ConfUtils.java:logGet(46)) - raft.server.log.segment.cache.size.max = 200MB (=209715200) (default)
2022-09-28 15:56:43,465 [pool-795-thread-1] INFO  segmented.SegmentedRaftLogWorker (SegmentedRaftLogWorker.java:<init>(187)) - new 8c5cbec5-1e98-45a3-8a83-5527ccbe40ad@group-61C24E5E1F07-SegmentedRaftLogWorker for RaftStorageImpl:Storage Directory /home/runner/work/ozone/ozone/hadoop-ozone/integration-test/target/test-dir/MiniOzoneClusterImpl-3ec8252f-dc88-4027-b0d7-634db2a11e1f/datanode-0/data/ratis/e3588592-9ca4-4b1a-93ce-61c24e5e1f07
2022-09-28 15:56:43,465 [pool-795-thread-1] INFO  server.RaftServerConfigKeys (ConfUtils.java:logGet(46)) - raft.server.log.queue.byte-limit = 4294967296 (custom)
2022-09-28 15:56:43,465 [pool-795-thread-1] INFO  server.RaftServerConfigKeys (ConfUtils.java:logGet(46)) - raft.server.log.queue.element-limit = 1024 (custom)
2022-09-28 15:56:43,465 [pool-795-thread-1] INFO  server.RaftServerConfigKeys (ConfUtils.java:logGet(46)) - raft.server.log.segment.size.max = 1048576 (custom)
2022-09-28 15:56:43,465 [pool-795-thread-1] INFO  server.RaftServerConfigKeys (ConfUtils.java:logGet(46)) - raft.server.log.preallocated.size = 16384 (custom)
2022-09-28 15:56:43,465 [pool-795-thread-1] INFO  server.RaftServerConfigKeys (ConfUtils.java:logGet(46)) - raft.server.log.force.sync.num = 128 (default)
2022-09-28 15:56:43,465 [pool-795-thread-1] INFO  server.RaftServerConfigKeys (ConfUtils.java:logGet(46)) - raft.server.log.statemachine.data.sync = true (default)
2022-09-28 15:56:43,465 [pool-795-thread-1] INFO  server.RaftServerConfigKeys (ConfUtils.java:logGet(46)) - raft.server.log.statemachine.data.sync.timeout = 10s (default)
2022-09-28 15:56:43,465 [pool-795-thread-1] INFO  server.RaftServerConfigKeys (ConfUtils.java:logGet(46)) - raft.server.log.statemachine.data.sync.timeout.retry = -1 (default)
2022-09-28 15:56:43,466 [pool-795-thread-1] INFO  server.RaftServerConfigKeys (ConfUtils.java:logGet(46)) - raft.server.log.write.buffer.size = 1048576 (custom)
2022-09-28 15:56:43,467 [EventQueue-OpenPipelineForHealthyPipelineSafeModeRule] INFO  safemode.SCMSafeModeManager (HealthyPipelineSafeModeRule.java:process(137)) - SCM in safe mode. Healthy pipelines reported count is 0, required healthy pipeline reported count is 1
2022-09-28 15:56:43,469 [pool-818-thread-1] INFO  server.RaftServerConfigKeys (ConfUtils.java:logGet(46)) - raft.server.snapshot.auto.trigger.threshold = 10000 (custom)
2022-09-28 15:56:43,469 [pool-818-thread-1] INFO  server.RaftServerConfigKeys (ConfUtils.java:logGet(46)) - raft.server.snapshot.retention.file.num = 5 (custom)
2022-09-28 15:56:43,469 [pool-818-thread-1] INFO  server.RaftServerConfigKeys (ConfUtils.java:logGet(46)) - raft.server.log.purge.upto.snapshot.index = false (default)
2022-09-28 15:56:43,469 [pool-818-thread-1] INFO  server.RaftServerConfigKeys (ConfUtils.java:logGet(46)) - raft.server.retrycache.expirytime = 600000ms (custom)
2022-09-28 15:56:43,469 [pool-818-thread-1] INFO  server.RaftServerConfigKeys (ConfUtils.java:logGet(46)) - raft.server.retrycache.statistics.expirytime = 100μs (default)
2022-09-28 15:56:43,470 [pool-818-thread-1] INFO  server.RaftServerConfigKeys (ConfUtils.java:logGet(46)) - raft.server.log.appender.install.snapshot.enabled = false (custom)
2022-09-28 15:56:43,470 [pool-818-thread-1] INFO  server.RaftServerConfigKeys (ConfUtils.java:logGet(46)) - raft.server.threadpool.server.cached = true (default)
2022-09-28 15:56:43,470 [pool-818-thread-1] INFO  server.RaftServerConfigKeys (ConfUtils.java:logGet(46)) - raft.server.threadpool.server.size = 0 (default)
2022-09-28 15:56:43,470 [pool-818-thread-1] INFO  server.RaftServerConfigKeys (ConfUtils.java:logGet(46)) - raft.server.threadpool.client.cached = true (default)
2022-09-28 15:56:43,470 [pool-818-thread-1] INFO  server.RaftServerConfigKeys (ConfUtils.java:logGet(46)) - raft.server.threadpool.client.size = 0 (default)
2022-09-28 15:56:43,471 [pool-818-thread-1] INFO  server.RaftServer$Division (RaftServerImpl.java:start(310)) - 34248cef-dc81-419d-a997-c38b939b47d3@group-6A5DE9B292EF: start as a follower, conf=-1: [34248cef-dc81-419d-a997-c38b939b47d3|rpc:10.1.1.55:45713|priority:1], old=null
2022-09-28 15:56:43,471 [pool-818-thread-1] INFO  server.RaftServer$Division (RaftServerImpl.java:setRole(299)) - 34248cef-dc81-419d-a997-c38b939b47d3@group-6A5DE9B292EF: changes role from      null to FOLLOWER at term 0 for startAsFollower
2022-09-28 15:56:43,471 [pool-818-thread-1] INFO  impl.RoleInfo (RoleInfo.java:updateAndGet(139)) - 34248cef-dc81-419d-a997-c38b939b47d3: start 34248cef-dc81-419d-a997-c38b939b47d3@group-6A5DE9B292EF-FollowerState
2022-09-28 15:56:43,471 [pool-795-thread-1] INFO  server.RaftServerConfigKeys (ConfUtils.java:logGet(46)) - raft.server.log.unsafe-flush.enabled = false (default)
2022-09-28 15:56:43,471 [pool-795-thread-1] INFO  server.RaftServerConfigKeys (ConfUtils.java:logGet(46)) - raft.server.log.statemachine.data.caching.enabled = true (custom)
2022-09-28 15:56:43,471 [pool-795-thread-1] INFO  segmented.SegmentedRaftLogWorker (SegmentedRaftLogWorker.java:lambda$new$0(135)) - 8c5cbec5-1e98-45a3-8a83-5527ccbe40ad@group-61C24E5E1F07-SegmentedRaftLogWorker: flushIndex: setUnconditionally 0 -> -1
2022-09-28 15:56:43,471 [pool-795-thread-1] INFO  segmented.SegmentedRaftLogWorker (SegmentedRaftLogWorker.java:lambda$new$0(135)) - 8c5cbec5-1e98-45a3-8a83-5527ccbe40ad@group-61C24E5E1F07-SegmentedRaftLogWorker: safeCacheEvictIndex: setUnconditionally 0 -> -1
2022-09-28 15:56:43,481 [pool-818-thread-1] INFO  util.JmxRegister (JmxRegister.java:tryRegister(44)) - Successfully registered JMX Bean with object name Ratis:service=RaftServer,group=group-6A5DE9B292EF,id=34248cef-dc81-419d-a997-c38b939b47d3
2022-09-28 15:56:43,511 [Command processor thread] INFO  ratis.XceiverServerRatis (XceiverServerRatis.java:addGroup(765)) - Created group PipelineID=cfb0631a-0851-4ac4-8d19-6a5de9b292ef
2022-09-28 15:56:43,511 [Command processor thread] INFO  commandhandler.CreatePipelineCommandHandler (CreatePipelineCommandHandler.java:handle(113)) - Created Pipeline RATIS ONE PipelineID=cfb0631a-0851-4ac4-8d19-6a5de9b292ef.
2022-09-28 15:56:43,511 [Command processor thread] INFO  server.RaftServer (RaftServerProxy.java:addNew(96)) - 34248cef-dc81-419d-a997-c38b939b47d3: addNew group-61C24E5E1F07:[34248cef-dc81-419d-a997-c38b939b47d3|rpc:10.1.1.55:45713|priority:0, 8c5cbec5-1e98-45a3-8a83-5527ccbe40ad|rpc:10.1.1.55:44337|priority:0, 0f80ef1a-6e1f-426a-9fb6-49677c19ba92|rpc:10.1.1.55:46649|priority:1] returns group-61C24E5E1F07:java.util.concurrent.CompletableFuture@703cb8b[Not completed]
2022-09-28 15:56:43,512 [pool-818-thread-1] INFO  server.RaftServer$Division (RaftServerImpl.java:<init>(190)) - 34248cef-dc81-419d-a997-c38b939b47d3: new RaftServerImpl for group-61C24E5E1F07:[34248cef-dc81-419d-a997-c38b939b47d3|rpc:10.1.1.55:45713|priority:0, 8c5cbec5-1e98-45a3-8a83-5527ccbe40ad|rpc:10.1.1.55:44337|priority:0, 0f80ef1a-6e1f-426a-9fb6-49677c19ba92|rpc:10.1.1.55:46649|priority:1] with ContainerStateMachine:uninitialized
2022-09-28 15:56:43,512 [pool-818-thread-1] INFO  server.RaftServerConfigKeys (ConfUtils.java:logGet(46)) - raft.server.rpc.timeout.min = 5s (custom)
2022-09-28 15:56:43,512 [pool-818-thread-1] INFO  server.RaftServerConfigKeys (ConfUtils.java:logGet(46)) - raft.server.rpc.timeout.max = 5200ms (custom)
2022-09-28 15:56:43,512 [pool-818-thread-1] INFO  server.RaftServerConfigKeys (ConfUtils.java:logGet(46)) - raft.server.rpc.sleep.time = 25ms (default)
2022-09-28 15:56:43,512 [pool-818-thread-1] INFO  server.RaftServerConfigKeys (ConfUtils.java:logGet(46)) - raft.server.rpc.slowness.timeout = 300s (custom)
2022-09-28 15:56:43,512 [pool-818-thread-1] INFO  server.RaftServerConfigKeys (ConfUtils.java:logGet(46)) - raft.server.leaderelection.leader.step-down.wait-time = 10s (default)
2022-09-28 15:56:43,512 [pool-818-thread-1] INFO  server.RaftServerConfigKeys (ConfUtils.java:logGet(46)) - raft.server.sleep.deviation.threshold = 300ms (default)
2022-09-28 15:56:43,512 [pool-818-thread-1] INFO  server.RaftServer$Division (ServerState.java:<init>(107)) - 34248cef-dc81-419d-a997-c38b939b47d3@group-61C24E5E1F07: ConfigurationManager, init=-1: [34248cef-dc81-419d-a997-c38b939b47d3|rpc:10.1.1.55:45713|priority:0, 8c5cbec5-1e98-45a3-8a83-5527ccbe40ad|rpc:10.1.1.55:44337|priority:0, 0f80ef1a-6e1f-426a-9fb6-49677c19ba92|rpc:10.1.1.55:46649|priority:1], old=null, confs=<EMPTY_MAP>
2022-09-28 15:56:43,512 [pool-818-thread-1] INFO  server.RaftServerConfigKeys (ConfUtils.java:logGet(46)) - raft.server.storage.dir = [/home/runner/work/ozone/ozone/hadoop-ozone/integration-test/target/test-dir/MiniOzoneClusterImpl-3ec8252f-dc88-4027-b0d7-634db2a11e1f/datanode-1/data/ratis] (custom)
2022-09-28 15:56:43,512 [pool-818-thread-1] INFO  server.RaftServerConfigKeys (ConfUtils.java:logGet(46)) - raft.server.log.corruption.policy = EXCEPTION (default)
2022-09-28 15:56:43,512 [pool-818-thread-1] INFO  server.RaftServerConfigKeys (ConfUtils.java:logGet(46)) - raft.server.storage.free-space.min = 0MB (=0) (default)
2022-09-28 15:56:43,513 [pool-818-thread-1] INFO  storage.RaftStorageDirectory (RaftStorageDirectoryImpl.java:analyzeStorage(135)) - The storage directory /home/runner/work/ozone/ozone/hadoop-ozone/integration-test/target/test-dir/MiniOzoneClusterImpl-3ec8252f-dc88-4027-b0d7-634db2a11e1f/datanode-1/data/ratis/e3588592-9ca4-4b1a-93ce-61c24e5e1f07 does not exist. Creating ...
2022-09-28 15:56:43,514 [pool-818-thread-1] INFO  storage.RaftStorageDirectory (RaftStorageDirectoryImpl.java:tryLock(230)) - Lock on /home/runner/work/ozone/ozone/hadoop-ozone/integration-test/target/test-dir/MiniOzoneClusterImpl-3ec8252f-dc88-4027-b0d7-634db2a11e1f/datanode-1/data/ratis/e3588592-9ca4-4b1a-93ce-61c24e5e1f07/in_use.lock acquired by nodename 13127@fv-az203-824
2022-09-28 15:56:43,515 [pool-818-thread-1] INFO  storage.RaftStorage (RaftStorageImpl.java:format(89)) - Storage directory /home/runner/work/ozone/ozone/hadoop-ozone/integration-test/target/test-dir/MiniOzoneClusterImpl-3ec8252f-dc88-4027-b0d7-634db2a11e1f/datanode-1/data/ratis/e3588592-9ca4-4b1a-93ce-61c24e5e1f07 has been successfully formatted.
2022-09-28 15:56:43,534 [pool-795-thread-1] INFO  server.RaftServerConfigKeys (ConfUtils.java:logGet(46)) - raft.server.snapshot.auto.trigger.enabled = true (custom)
2022-09-28 15:56:43,534 [pool-795-thread-1] INFO  server.RaftServerConfigKeys (ConfUtils.java:logGet(46)) - raft.server.snapshot.auto.trigger.threshold = 10000 (custom)
2022-09-28 15:56:43,534 [pool-795-thread-1] INFO  server.RaftServerConfigKeys (ConfUtils.java:logGet(46)) - raft.server.snapshot.retention.file.num = 5 (custom)
2022-09-28 15:56:43,534 [pool-795-thread-1] INFO  server.RaftServerConfigKeys (ConfUtils.java:logGet(46)) - raft.server.log.purge.upto.snapshot.index = false (default)
2022-09-28 15:56:43,534 [pool-795-thread-1] INFO  server.RaftServerConfigKeys (ConfUtils.java:logGet(46)) - raft.server.retrycache.expirytime = 600000ms (custom)
2022-09-28 15:56:43,534 [pool-795-thread-1] INFO  server.RaftServerConfigKeys (ConfUtils.java:logGet(46)) - raft.server.retrycache.statistics.expirytime = 100μs (default)
2022-09-28 15:56:43,539 [pool-818-thread-1] INFO  ratis.ContainerStateMachine (ContainerStateMachine.java:loadSnapshot(236)) - group-61C24E5E1F07: The snapshot info is null. Setting the last applied indexto:(t:0, i:~)
2022-09-28 15:56:43,539 [pool-818-thread-1] INFO  server.RaftServerConfigKeys (ConfUtils.java:logGet(46)) - raft.server.notification.no-leader.timeout = 300s (custom)
2022-09-28 15:56:43,539 [pool-818-thread-1] INFO  server.RaftServerConfigKeys (ConfUtils.java:logGet(46)) - raft.server.log.use.memory = false (default)
2022-09-28 15:56:43,539 [pool-818-thread-1] INFO  server.RaftServerConfigKeys (ConfUtils.java:logGet(46)) - raft.server.log.purge.gap = 1000000 (custom)
2022-09-28 15:56:43,539 [pool-818-thread-1] INFO  server.RaftServerConfigKeys (ConfUtils.java:logGet(46)) - raft.server.log.appender.buffer.byte-limit = 33554432 (custom)
2022-09-28 15:56:43,539 [pool-818-thread-1] INFO  server.RaftServerConfigKeys (ConfUtils.java:logGet(46)) - raft.server.log.statemachine.data.read.timeout = 1000ms (default)
2022-09-28 15:56:43,539 [pool-818-thread-1] INFO  server.RaftServerConfigKeys (ConfUtils.java:logGet(46)) - raft.server.log.segment.size.max = 1048576 (custom)
2022-09-28 15:56:43,540 [pool-818-thread-1] INFO  server.RaftServerConfigKeys (ConfUtils.java:logGet(46)) - raft.server.log.segment.cache.num.max = 2 (custom)
2022-09-28 15:56:43,540 [pool-818-thread-1] INFO  server.RaftServerConfigKeys (ConfUtils.java:logGet(46)) - raft.server.log.segment.cache.size.max = 200MB (=209715200) (default)
2022-09-28 15:56:43,540 [pool-818-thread-1] INFO  segmented.SegmentedRaftLogWorker (SegmentedRaftLogWorker.java:<init>(187)) - new 34248cef-dc81-419d-a997-c38b939b47d3@group-61C24E5E1F07-SegmentedRaftLogWorker for RaftStorageImpl:Storage Directory /home/runner/work/ozone/ozone/hadoop-ozone/integration-test/target/test-dir/MiniOzoneClusterImpl-3ec8252f-dc88-4027-b0d7-634db2a11e1f/datanode-1/data/ratis/e3588592-9ca4-4b1a-93ce-61c24e5e1f07
2022-09-28 15:56:43,540 [pool-818-thread-1] INFO  server.RaftServerConfigKeys (ConfUtils.java:logGet(46)) - raft.server.log.queue.byte-limit = 4294967296 (custom)
2022-09-28 15:56:43,540 [pool-818-thread-1] INFO  server.RaftServerConfigKeys (ConfUtils.java:logGet(46)) - raft.server.log.queue.element-limit = 1024 (custom)
2022-09-28 15:56:43,540 [pool-818-thread-1] INFO  server.RaftServerConfigKeys (ConfUtils.java:logGet(46)) - raft.server.log.segment.size.max = 1048576 (custom)
2022-09-28 15:56:43,540 [pool-818-thread-1] INFO  server.RaftServerConfigKeys (ConfUtils.java:logGet(46)) - raft.server.log.preallocated.size = 16384 (custom)
2022-09-28 15:56:43,540 [pool-818-thread-1] INFO  server.RaftServerConfigKeys (ConfUtils.java:logGet(46)) - raft.server.log.force.sync.num = 128 (default)
2022-09-28 15:56:43,540 [pool-818-thread-1] INFO  server.RaftServerConfigKeys (ConfUtils.java:logGet(46)) - raft.server.log.statemachine.data.sync = true (default)
2022-09-28 15:56:43,540 [pool-818-thread-1] INFO  server.RaftServerConfigKeys (ConfUtils.java:logGet(46)) - raft.server.log.statemachine.data.sync.timeout = 10s (default)
2022-09-28 15:56:43,540 [pool-818-thread-1] INFO  server.RaftServerConfigKeys (ConfUtils.java:logGet(46)) - raft.server.log.statemachine.data.sync.timeout.retry = -1 (default)
2022-09-28 15:56:43,541 [pool-818-thread-1] INFO  server.RaftServerConfigKeys (ConfUtils.java:logGet(46)) - raft.server.log.write.buffer.size = 1048576 (custom)
2022-09-28 15:56:43,541 [pool-818-thread-1] INFO  server.RaftServerConfigKeys (ConfUtils.java:logGet(46)) - raft.server.log.unsafe-flush.enabled = false (default)
2022-09-28 15:56:43,542 [pool-818-thread-1] INFO  server.RaftServerConfigKeys (ConfUtils.java:logGet(46)) - raft.server.log.statemachine.data.caching.enabled = true (custom)
2022-09-28 15:56:43,542 [pool-818-thread-1] INFO  segmented.SegmentedRaftLogWorker (SegmentedRaftLogWorker.java:lambda$new$0(135)) - 34248cef-dc81-419d-a997-c38b939b47d3@group-61C24E5E1F07-SegmentedRaftLogWorker: flushIndex: setUnconditionally 0 -> -1
2022-09-28 15:56:43,542 [pool-818-thread-1] INFO  segmented.SegmentedRaftLogWorker (SegmentedRaftLogWorker.java:lambda$new$0(135)) - 34248cef-dc81-419d-a997-c38b939b47d3@group-61C24E5E1F07-SegmentedRaftLogWorker: safeCacheEvictIndex: setUnconditionally 0 -> -1
2022-09-28 15:56:43,546 [EventQueue-OpenPipelineForHealthyPipelineSafeModeRule] INFO  safemode.SCMSafeModeManager (HealthyPipelineSafeModeRule.java:process(137)) - SCM in safe mode. Healthy pipelines reported count is 0, required healthy pipeline reported count is 1
2022-09-28 15:56:43,551 [pool-795-thread-1] INFO  server.RaftServerConfigKeys (ConfUtils.java:logGet(46)) - raft.server.log.appender.install.snapshot.enabled = false (custom)
2022-09-28 15:56:43,551 [pool-795-thread-1] INFO  server.RaftServerConfigKeys (ConfUtils.java:logGet(46)) - raft.server.threadpool.server.cached = true (default)
2022-09-28 15:56:43,551 [pool-795-thread-1] INFO  server.RaftServerConfigKeys (ConfUtils.java:logGet(46)) - raft.server.threadpool.server.size = 0 (default)
2022-09-28 15:56:43,551 [pool-795-thread-1] INFO  server.RaftServerConfigKeys (ConfUtils.java:logGet(46)) - raft.server.threadpool.client.cached = true (default)
2022-09-28 15:56:43,551 [pool-795-thread-1] INFO  server.RaftServerConfigKeys (ConfUtils.java:logGet(46)) - raft.server.threadpool.client.size = 0 (default)
2022-09-28 15:56:43,551 [pool-795-thread-1] INFO  server.RaftServer$Division (RaftServerImpl.java:start(310)) - 8c5cbec5-1e98-45a3-8a83-5527ccbe40ad@group-61C24E5E1F07: start as a follower, conf=-1: [34248cef-dc81-419d-a997-c38b939b47d3|rpc:10.1.1.55:45713|priority:0, 8c5cbec5-1e98-45a3-8a83-5527ccbe40ad|rpc:10.1.1.55:44337|priority:0, 0f80ef1a-6e1f-426a-9fb6-49677c19ba92|rpc:10.1.1.55:46649|priority:1], old=null
2022-09-28 15:56:43,551 [pool-795-thread-1] INFO  server.RaftServer$Division (RaftServerImpl.java:setRole(299)) - 8c5cbec5-1e98-45a3-8a83-5527ccbe40ad@group-61C24E5E1F07: changes role from      null to FOLLOWER at term 0 for startAsFollower
2022-09-28 15:56:43,561 [Listener at 127.0.0.1/41537] INFO  ozone.MiniOzoneClusterImpl (MiniOzoneClusterImpl.java:lambda$waitForClusterToBeReady$0(216)) - Waiting for nodes to be ready. Got 4 of 5 DN Heartbeats.
2022-09-28 15:56:43,561 [Listener at 127.0.0.1/41537] INFO  ozone.MiniOzoneClusterImpl (MiniOzoneClusterImpl.java:lambda$waitForClusterToBeReady$0(219)) - Waiting for cluster to exit safe mode
2022-09-28 15:56:43,561 [Listener at 127.0.0.1/41537] INFO  ozone.MiniOzoneClusterImpl (MiniOzoneClusterImpl.java:lambda$waitForClusterToBeReady$0(221)) - SCM became leader
2022-09-28 15:56:43,563 [pool-818-thread-1] INFO  server.RaftServerConfigKeys (ConfUtils.java:logGet(46)) - raft.server.snapshot.auto.trigger.enabled = true (custom)
2022-09-28 15:56:43,563 [pool-818-thread-1] INFO  server.RaftServerConfigKeys (ConfUtils.java:logGet(46)) - raft.server.snapshot.auto.trigger.threshold = 10000 (custom)
2022-09-28 15:56:43,563 [pool-818-thread-1] INFO  server.RaftServerConfigKeys (ConfUtils.java:logGet(46)) - raft.server.snapshot.retention.file.num = 5 (custom)
2022-09-28 15:56:43,563 [pool-818-thread-1] INFO  server.RaftServerConfigKeys (ConfUtils.java:logGet(46)) - raft.server.log.purge.upto.snapshot.index = false (default)
2022-09-28 15:56:43,563 [pool-818-thread-1] INFO  server.RaftServerConfigKeys (ConfUtils.java:logGet(46)) - raft.server.retrycache.expirytime = 600000ms (custom)
2022-09-28 15:56:43,563 [pool-818-thread-1] INFO  server.RaftServerConfigKeys (ConfUtils.java:logGet(46)) - raft.server.retrycache.statistics.expirytime = 100μs (default)
2022-09-28 15:56:43,564 [pool-818-thread-1] INFO  server.RaftServerConfigKeys (ConfUtils.java:logGet(46)) - raft.server.log.appender.install.snapshot.enabled = false (custom)
2022-09-28 15:56:43,564 [pool-818-thread-1] INFO  server.RaftServerConfigKeys (ConfUtils.java:logGet(46)) - raft.server.threadpool.server.cached = true (default)
2022-09-28 15:56:43,564 [pool-818-thread-1] INFO  server.RaftServerConfigKeys (ConfUtils.java:logGet(46)) - raft.server.threadpool.server.size = 0 (default)
2022-09-28 15:56:43,564 [pool-818-thread-1] INFO  server.RaftServerConfigKeys (ConfUtils.java:logGet(46)) - raft.server.threadpool.client.cached = true (default)
2022-09-28 15:56:43,564 [pool-818-thread-1] INFO  server.RaftServerConfigKeys (ConfUtils.java:logGet(46)) - raft.server.threadpool.client.size = 0 (default)
2022-09-28 15:56:43,564 [pool-818-thread-1] INFO  server.RaftServer$Division (RaftServerImpl.java:start(310)) - 34248cef-dc81-419d-a997-c38b939b47d3@group-61C24E5E1F07: start as a follower, conf=-1: [34248cef-dc81-419d-a997-c38b939b47d3|rpc:10.1.1.55:45713|priority:0, 8c5cbec5-1e98-45a3-8a83-5527ccbe40ad|rpc:10.1.1.55:44337|priority:0, 0f80ef1a-6e1f-426a-9fb6-49677c19ba92|rpc:10.1.1.55:46649|priority:1], old=null
2022-09-28 15:56:43,565 [pool-818-thread-1] INFO  server.RaftServer$Division (RaftServerImpl.java:setRole(299)) - 34248cef-dc81-419d-a997-c38b939b47d3@group-61C24E5E1F07: changes role from      null to FOLLOWER at term 0 for startAsFollower
2022-09-28 15:56:43,565 [pool-818-thread-1] INFO  impl.RoleInfo (RoleInfo.java:updateAndGet(139)) - 34248cef-dc81-419d-a997-c38b939b47d3: start 34248cef-dc81-419d-a997-c38b939b47d3@group-61C24E5E1F07-FollowerState
2022-09-28 15:56:43,567 [pool-818-thread-1] INFO  util.JmxRegister (JmxRegister.java:tryRegister(44)) - Successfully registered JMX Bean with object name Ratis:service=RaftServer,group=group-61C24E5E1F07,id=34248cef-dc81-419d-a997-c38b939b47d3
2022-09-28 15:56:43,567 [pool-795-thread-1] INFO  impl.RoleInfo (RoleInfo.java:updateAndGet(139)) - 8c5cbec5-1e98-45a3-8a83-5527ccbe40ad: start 8c5cbec5-1e98-45a3-8a83-5527ccbe40ad@group-61C24E5E1F07-FollowerState
2022-09-28 15:56:43,571 [Command processor thread] INFO  ratis.XceiverServerRatis (XceiverServerRatis.java:addGroup(765)) - Created group PipelineID=e3588592-9ca4-4b1a-93ce-61c24e5e1f07
2022-09-28 15:56:43,574 [pool-795-thread-1] INFO  util.JmxRegister (JmxRegister.java:tryRegister(44)) - Successfully registered JMX Bean with object name Ratis:service=RaftServer,group=group-61C24E5E1F07,id=8c5cbec5-1e98-45a3-8a83-5527ccbe40ad
2022-09-28 15:56:43,618 [Command processor thread] INFO  ratis.XceiverServerRatis (XceiverServerRatis.java:addGroup(765)) - Created group PipelineID=e3588592-9ca4-4b1a-93ce-61c24e5e1f07
2022-09-28 15:56:43,630 [grpc-default-executor-0] INFO  server.RaftServer (RaftServerProxy.java:addNew(96)) - 0f80ef1a-6e1f-426a-9fb6-49677c19ba92: addNew group-61C24E5E1F07:[34248cef-dc81-419d-a997-c38b939b47d3|rpc:10.1.1.55:45713|dataStream:|priority:0, 8c5cbec5-1e98-45a3-8a83-5527ccbe40ad|rpc:10.1.1.55:44337|dataStream:|priority:0, 0f80ef1a-6e1f-426a-9fb6-49677c19ba92|rpc:10.1.1.55:46649|dataStream:|priority:1] returns group-61C24E5E1F07:java.util.concurrent.CompletableFuture@3d709dd0[Not completed]
2022-09-28 15:56:43,631 [pool-841-thread-1] INFO  server.RaftServer$Division (RaftServerImpl.java:<init>(190)) - 0f80ef1a-6e1f-426a-9fb6-49677c19ba92: new RaftServerImpl for group-61C24E5E1F07:[34248cef-dc81-419d-a997-c38b939b47d3|rpc:10.1.1.55:45713|dataStream:|priority:0, 8c5cbec5-1e98-45a3-8a83-5527ccbe40ad|rpc:10.1.1.55:44337|dataStream:|priority:0, 0f80ef1a-6e1f-426a-9fb6-49677c19ba92|rpc:10.1.1.55:46649|dataStream:|priority:1] with ContainerStateMachine:uninitialized
2022-09-28 15:56:43,631 [pool-841-thread-1] INFO  server.RaftServerConfigKeys (ConfUtils.java:logGet(46)) - raft.server.rpc.timeout.min = 5s (custom)
2022-09-28 15:56:43,631 [pool-841-thread-1] INFO  server.RaftServerConfigKeys (ConfUtils.java:logGet(46)) - raft.server.rpc.timeout.max = 5200ms (custom)
2022-09-28 15:56:43,631 [pool-841-thread-1] INFO  server.RaftServerConfigKeys (ConfUtils.java:logGet(46)) - raft.server.rpc.sleep.time = 25ms (default)
2022-09-28 15:56:43,631 [pool-841-thread-1] INFO  server.RaftServerConfigKeys (ConfUtils.java:logGet(46)) - raft.server.rpc.slowness.timeout = 300s (custom)
2022-09-28 15:56:43,631 [pool-841-thread-1] INFO  server.RaftServerConfigKeys (ConfUtils.java:logGet(46)) - raft.server.leaderelection.leader.step-down.wait-time = 10s (default)
2022-09-28 15:56:43,631 [pool-841-thread-1] INFO  server.RaftServerConfigKeys (ConfUtils.java:logGet(46)) - raft.server.sleep.deviation.threshold = 300ms (default)
2022-09-28 15:56:43,631 [pool-841-thread-1] INFO  server.RaftServer$Division (ServerState.java:<init>(107)) - 0f80ef1a-6e1f-426a-9fb6-49677c19ba92@group-61C24E5E1F07: ConfigurationManager, init=-1: [34248cef-dc81-419d-a997-c38b939b47d3|rpc:10.1.1.55:45713|dataStream:|priority:0, 8c5cbec5-1e98-45a3-8a83-5527ccbe40ad|rpc:10.1.1.55:44337|dataStream:|priority:0, 0f80ef1a-6e1f-426a-9fb6-49677c19ba92|rpc:10.1.1.55:46649|dataStream:|priority:1], old=null, confs=<EMPTY_MAP>
2022-09-28 15:56:43,631 [pool-841-thread-1] INFO  server.RaftServerConfigKeys (ConfUtils.java:logGet(46)) - raft.server.storage.dir = [/home/runner/work/ozone/ozone/hadoop-ozone/integration-test/target/test-dir/MiniOzoneClusterImpl-3ec8252f-dc88-4027-b0d7-634db2a11e1f/datanode-2/data/ratis] (custom)
2022-09-28 15:56:43,632 [pool-841-thread-1] INFO  server.RaftServerConfigKeys (ConfUtils.java:logGet(46)) - raft.server.log.corruption.policy = EXCEPTION (default)
2022-09-28 15:56:43,632 [pool-841-thread-1] INFO  server.RaftServerConfigKeys (ConfUtils.java:logGet(46)) - raft.server.storage.free-space.min = 0MB (=0) (default)
2022-09-28 15:56:43,632 [pool-841-thread-1] INFO  storage.RaftStorageDirectory (RaftStorageDirectoryImpl.java:analyzeStorage(135)) - The storage directory /home/runner/work/ozone/ozone/hadoop-ozone/integration-test/target/test-dir/MiniOzoneClusterImpl-3ec8252f-dc88-4027-b0d7-634db2a11e1f/datanode-2/data/ratis/e3588592-9ca4-4b1a-93ce-61c24e5e1f07 does not exist. Creating ...
2022-09-28 15:56:43,667 [pool-841-thread-1] INFO  storage.RaftStorageDirectory (RaftStorageDirectoryImpl.java:tryLock(230)) - Lock on /home/runner/work/ozone/ozone/hadoop-ozone/integration-test/target/test-dir/MiniOzoneClusterImpl-3ec8252f-dc88-4027-b0d7-634db2a11e1f/datanode-2/data/ratis/e3588592-9ca4-4b1a-93ce-61c24e5e1f07/in_use.lock acquired by nodename 13127@fv-az203-824
2022-09-28 15:56:43,675 [pool-841-thread-1] INFO  storage.RaftStorage (RaftStorageImpl.java:format(89)) - Storage directory /home/runner/work/ozone/ozone/hadoop-ozone/integration-test/target/test-dir/MiniOzoneClusterImpl-3ec8252f-dc88-4027-b0d7-634db2a11e1f/datanode-2/data/ratis/e3588592-9ca4-4b1a-93ce-61c24e5e1f07 has been successfully formatted.
2022-09-28 15:56:43,676 [pool-841-thread-1] INFO  ratis.ContainerStateMachine (ContainerStateMachine.java:loadSnapshot(236)) - group-61C24E5E1F07: The snapshot info is null. Setting the last applied indexto:(t:0, i:~)
2022-09-28 15:56:43,676 [pool-841-thread-1] INFO  server.RaftServerConfigKeys (ConfUtils.java:logGet(46)) - raft.server.notification.no-leader.timeout = 300s (custom)
2022-09-28 15:56:43,676 [pool-841-thread-1] INFO  server.RaftServerConfigKeys (ConfUtils.java:logGet(46)) - raft.server.log.use.memory = false (default)
2022-09-28 15:56:43,676 [pool-841-thread-1] INFO  server.RaftServerConfigKeys (ConfUtils.java:logGet(46)) - raft.server.log.purge.gap = 1000000 (custom)
2022-09-28 15:56:43,676 [pool-841-thread-1] INFO  server.RaftServerConfigKeys (ConfUtils.java:logGet(46)) - raft.server.log.appender.buffer.byte-limit = 33554432 (custom)
2022-09-28 15:56:43,676 [pool-841-thread-1] INFO  server.RaftServerConfigKeys (ConfUtils.java:logGet(46)) - raft.server.log.statemachine.data.read.timeout = 1000ms (default)
2022-09-28 15:56:43,676 [pool-841-thread-1] INFO  server.RaftServerConfigKeys (ConfUtils.java:logGet(46)) - raft.server.log.segment.size.max = 1048576 (custom)
2022-09-28 15:56:43,676 [pool-841-thread-1] INFO  server.RaftServerConfigKeys (ConfUtils.java:logGet(46)) - raft.server.log.segment.cache.num.max = 2 (custom)
2022-09-28 15:56:43,676 [pool-841-thread-1] INFO  server.RaftServerConfigKeys (ConfUtils.java:logGet(46)) - raft.server.log.segment.cache.size.max = 200MB (=209715200) (default)
2022-09-28 15:56:43,677 [pool-841-thread-1] INFO  segmented.SegmentedRaftLogWorker (SegmentedRaftLogWorker.java:<init>(187)) - new 0f80ef1a-6e1f-426a-9fb6-49677c19ba92@group-61C24E5E1F07-SegmentedRaftLogWorker for RaftStorageImpl:Storage Directory /home/runner/work/ozone/ozone/hadoop-ozone/integration-test/target/test-dir/MiniOzoneClusterImpl-3ec8252f-dc88-4027-b0d7-634db2a11e1f/datanode-2/data/ratis/e3588592-9ca4-4b1a-93ce-61c24e5e1f07
2022-09-28 15:56:43,677 [pool-841-thread-1] INFO  server.RaftServerConfigKeys (ConfUtils.java:logGet(46)) - raft.server.log.queue.byte-limit = 4294967296 (custom)
2022-09-28 15:56:43,677 [pool-841-thread-1] INFO  server.RaftServerConfigKeys (ConfUtils.java:logGet(46)) - raft.server.log.queue.element-limit = 1024 (custom)
2022-09-28 15:56:43,677 [pool-841-thread-1] INFO  server.RaftServerConfigKeys (ConfUtils.java:logGet(46)) - raft.server.log.segment.size.max = 1048576 (custom)
2022-09-28 15:56:43,677 [pool-841-thread-1] INFO  server.RaftServerConfigKeys (ConfUtils.java:logGet(46)) - raft.server.log.preallocated.size = 16384 (custom)
2022-09-28 15:56:43,677 [pool-841-thread-1] INFO  server.RaftServerConfigKeys (ConfUtils.java:logGet(46)) - raft.server.log.force.sync.num = 128 (default)
2022-09-28 15:56:43,677 [pool-841-thread-1] INFO  server.RaftServerConfigKeys (ConfUtils.java:logGet(46)) - raft.server.log.statemachine.data.sync = true (default)
2022-09-28 15:56:43,677 [pool-841-thread-1] INFO  server.RaftServerConfigKeys (ConfUtils.java:logGet(46)) - raft.server.log.statemachine.data.sync.timeout = 10s (default)
2022-09-28 15:56:43,677 [pool-841-thread-1] INFO  server.RaftServerConfigKeys (ConfUtils.java:logGet(46)) - raft.server.log.statemachine.data.sync.timeout.retry = -1 (default)
2022-09-28 15:56:43,703 [pool-841-thread-1] INFO  server.RaftServerConfigKeys (ConfUtils.java:logGet(46)) - raft.server.log.write.buffer.size = 1048576 (custom)
2022-09-28 15:56:43,703 [pool-841-thread-1] INFO  server.RaftServerConfigKeys (ConfUtils.java:logGet(46)) - raft.server.log.unsafe-flush.enabled = false (default)
2022-09-28 15:56:43,703 [pool-841-thread-1] INFO  server.RaftServerConfigKeys (ConfUtils.java:logGet(46)) - raft.server.log.statemachine.data.caching.enabled = true (custom)
2022-09-28 15:56:43,704 [pool-841-thread-1] INFO  segmented.SegmentedRaftLogWorker (SegmentedRaftLogWorker.java:lambda$new$0(135)) - 0f80ef1a-6e1f-426a-9fb6-49677c19ba92@group-61C24E5E1F07-SegmentedRaftLogWorker: flushIndex: setUnconditionally 0 -> -1
2022-09-28 15:56:43,704 [pool-841-thread-1] INFO  segmented.SegmentedRaftLogWorker (SegmentedRaftLogWorker.java:lambda$new$0(135)) - 0f80ef1a-6e1f-426a-9fb6-49677c19ba92@group-61C24E5E1F07-SegmentedRaftLogWorker: safeCacheEvictIndex: setUnconditionally 0 -> -1
2022-09-28 15:56:43,705 [IPC Server handler 8 on default port 44991] INFO  net.NetworkTopologyImpl (NetworkTopologyImpl.java:add(112)) - Added a new node: /default-rack/bfd25c3e-a6b8-4c41-8b51-d3ca9c6ca505
2022-09-28 15:56:43,705 [IPC Server handler 8 on default port 44991] INFO  node.SCMNodeManager (SCMNodeManager.java:register(397)) - Registered Data node : bfd25c3e-a6b8-4c41-8b51-d3ca9c6ca505{ip: 10.1.1.55, host: fv-az203-824.ild0l4k5vsluppoevu2oqvhmda.cx.internal.cloudapp.net, ports: [REPLICATION=33253, RATIS=40725, RATIS_ADMIN=40725, RATIS_SERVER=40725, STANDALONE=39647], networkLocation: /default-rack, certSerialId: null, persistedOpState: null, persistedOpStateExpiryEpochSec: 0}
2022-09-28 15:56:43,705 [EventQueue-NewNodeForNewNodeHandler] INFO  pipeline.BackgroundPipelineCreator (BackgroundPipelineCreator.java:notifyEventTriggered(276)) - trigger a one-shot run on RatisPipelineUtilsThread.
2022-09-28 15:56:43,705 [RatisPipelineUtilsThread - 0] INFO  pipeline.RatisPipelineProvider (RatisPipelineProvider.java:lambda$create$0(195)) - Sending CreatePipelineCommand for pipeline:PipelineID=270fc6ee-a07d-464a-9cce-4a3b4776cffe to datanode:bfd25c3e-a6b8-4c41-8b51-d3ca9c6ca505
2022-09-28 15:56:43,706 [RatisPipelineUtilsThread - 0] INFO  pipeline.PipelineStateManagerImpl (PipelineStateManagerImpl.java:addPipeline(103)) - Created pipeline Pipeline[ Id: 270fc6ee-a07d-464a-9cce-4a3b4776cffe, Nodes: bfd25c3e-a6b8-4c41-8b51-d3ca9c6ca505{ip: 10.1.1.55, host: fv-az203-824.ild0l4k5vsluppoevu2oqvhmda.cx.internal.cloudapp.net, ports: [REPLICATION=33253, RATIS=40725, RATIS_ADMIN=40725, RATIS_SERVER=40725, STANDALONE=39647], networkLocation: /default-rack, certSerialId: null, persistedOpState: IN_SERVICE, persistedOpStateExpiryEpochSec: 0}, ReplicationConfig: RATIS/ONE, State:ALLOCATED, leaderId:, CreationTimestamp2022-09-28T15:56:43.705Z[Etc/UTC]].
2022-09-28 15:56:43,717 [pool-841-thread-1] INFO  server.RaftServerConfigKeys (ConfUtils.java:logGet(46)) - raft.server.snapshot.auto.trigger.enabled = true (custom)
2022-09-28 15:56:43,717 [pool-841-thread-1] INFO  server.RaftServerConfigKeys (ConfUtils.java:logGet(46)) - raft.server.snapshot.auto.trigger.threshold = 10000 (custom)
2022-09-28 15:56:43,717 [pool-841-thread-1] INFO  server.RaftServerConfigKeys (ConfUtils.java:logGet(46)) - raft.server.snapshot.retention.file.num = 5 (custom)
2022-09-28 15:56:43,717 [pool-841-thread-1] INFO  server.RaftServerConfigKeys (ConfUtils.java:logGet(46)) - raft.server.log.purge.upto.snapshot.index = false (default)
2022-09-28 15:56:43,717 [pool-841-thread-1] INFO  server.RaftServerConfigKeys (ConfUtils.java:logGet(46)) - raft.server.retrycache.expirytime = 600000ms (custom)
2022-09-28 15:56:43,717 [pool-841-thread-1] INFO  server.RaftServerConfigKeys (ConfUtils.java:logGet(46)) - raft.server.retrycache.statistics.expirytime = 100μs (default)
2022-09-28 15:56:43,718 [pool-841-thread-1] INFO  server.RaftServerConfigKeys (ConfUtils.java:logGet(46)) - raft.server.log.appender.install.snapshot.enabled = false (custom)
2022-09-28 15:56:43,718 [pool-841-thread-1] INFO  server.RaftServerConfigKeys (ConfUtils.java:logGet(46)) - raft.server.threadpool.server.cached = true (default)
2022-09-28 15:56:43,718 [pool-841-thread-1] INFO  server.RaftServerConfigKeys (ConfUtils.java:logGet(46)) - raft.server.threadpool.server.size = 0 (default)
2022-09-28 15:56:43,718 [pool-841-thread-1] INFO  server.RaftServerConfigKeys (ConfUtils.java:logGet(46)) - raft.server.threadpool.client.cached = true (default)
2022-09-28 15:56:43,719 [pool-841-thread-1] INFO  server.RaftServerConfigKeys (ConfUtils.java:logGet(46)) - raft.server.threadpool.client.size = 0 (default)
2022-09-28 15:56:43,719 [pool-841-thread-1] INFO  server.RaftServer$Division (RaftServerImpl.java:start(310)) - 0f80ef1a-6e1f-426a-9fb6-49677c19ba92@group-61C24E5E1F07: start as a follower, conf=-1: [34248cef-dc81-419d-a997-c38b939b47d3|rpc:10.1.1.55:45713|dataStream:|priority:0, 8c5cbec5-1e98-45a3-8a83-5527ccbe40ad|rpc:10.1.1.55:44337|dataStream:|priority:0, 0f80ef1a-6e1f-426a-9fb6-49677c19ba92|rpc:10.1.1.55:46649|dataStream:|priority:1], old=null
2022-09-28 15:56:43,719 [pool-841-thread-1] INFO  server.RaftServer$Division (RaftServerImpl.java:setRole(299)) - 0f80ef1a-6e1f-426a-9fb6-49677c19ba92@group-61C24E5E1F07: changes role from      null to FOLLOWER at term 0 for startAsFollower
2022-09-28 15:56:43,719 [pool-841-thread-1] INFO  impl.RoleInfo (RoleInfo.java:updateAndGet(139)) - 0f80ef1a-6e1f-426a-9fb6-49677c19ba92: start 0f80ef1a-6e1f-426a-9fb6-49677c19ba92@group-61C24E5E1F07-FollowerState
2022-09-28 15:56:43,727 [pool-841-thread-1] INFO  util.JmxRegister (JmxRegister.java:tryRegister(44)) - Successfully registered JMX Bean with object name Ratis:service=RaftServer,group=group-61C24E5E1F07,id=0f80ef1a-6e1f-426a-9fb6-49677c19ba92
2022-09-28 15:56:43,940 [Command processor thread] INFO  commandhandler.CreatePipelineCommandHandler (CreatePipelineCommandHandler.java:handle(113)) - Created Pipeline RATIS THREE PipelineID=e3588592-9ca4-4b1a-93ce-61c24e5e1f07.
2022-09-28 15:56:43,988 [Command processor thread] INFO  commandhandler.CreatePipelineCommandHandler (CreatePipelineCommandHandler.java:handle(113)) - Created Pipeline RATIS THREE PipelineID=e3588592-9ca4-4b1a-93ce-61c24e5e1f07.
2022-09-28 15:56:44,136 [Command processor thread] INFO  server.RaftServer (RaftServerProxy.java:addNew(96)) - 0f80ef1a-6e1f-426a-9fb6-49677c19ba92: addNew group-5C8FA02B77BD:[0f80ef1a-6e1f-426a-9fb6-49677c19ba92|rpc:10.1.1.55:46649|priority:1] returns group-5C8FA02B77BD:java.util.concurrent.CompletableFuture@33c5ad98[Not completed]
2022-09-28 15:56:44,137 [pool-841-thread-1] INFO  server.RaftServer$Division (RaftServerImpl.java:<init>(190)) - 0f80ef1a-6e1f-426a-9fb6-49677c19ba92: new RaftServerImpl for group-5C8FA02B77BD:[0f80ef1a-6e1f-426a-9fb6-49677c19ba92|rpc:10.1.1.55:46649|priority:1] with ContainerStateMachine:uninitialized
2022-09-28 15:56:44,137 [pool-841-thread-1] INFO  server.RaftServerConfigKeys (ConfUtils.java:logGet(46)) - raft.server.rpc.timeout.min = 5s (custom)
2022-09-28 15:56:44,137 [pool-841-thread-1] INFO  server.RaftServerConfigKeys (ConfUtils.java:logGet(46)) - raft.server.rpc.timeout.max = 5200ms (custom)
2022-09-28 15:56:44,137 [pool-841-thread-1] INFO  server.RaftServerConfigKeys (ConfUtils.java:logGet(46)) - raft.server.rpc.sleep.time = 25ms (default)
2022-09-28 15:56:44,137 [pool-841-thread-1] INFO  server.RaftServerConfigKeys (ConfUtils.java:logGet(46)) - raft.server.rpc.slowness.timeout = 300s (custom)
2022-09-28 15:56:44,137 [pool-841-thread-1] INFO  server.RaftServerConfigKeys (ConfUtils.java:logGet(46)) - raft.server.leaderelection.leader.step-down.wait-time = 10s (default)
2022-09-28 15:56:44,137 [pool-841-thread-1] INFO  server.RaftServerConfigKeys (ConfUtils.java:logGet(46)) - raft.server.sleep.deviation.threshold = 300ms (default)
2022-09-28 15:56:44,137 [pool-841-thread-1] INFO  server.RaftServer$Division (ServerState.java:<init>(107)) - 0f80ef1a-6e1f-426a-9fb6-49677c19ba92@group-5C8FA02B77BD: ConfigurationManager, init=-1: [0f80ef1a-6e1f-426a-9fb6-49677c19ba92|rpc:10.1.1.55:46649|priority:1], old=null, confs=<EMPTY_MAP>
2022-09-28 15:56:44,137 [pool-841-thread-1] INFO  server.RaftServerConfigKeys (ConfUtils.java:logGet(46)) - raft.server.storage.dir = [/home/runner/work/ozone/ozone/hadoop-ozone/integration-test/target/test-dir/MiniOzoneClusterImpl-3ec8252f-dc88-4027-b0d7-634db2a11e1f/datanode-2/data/ratis] (custom)
2022-09-28 15:56:44,137 [pool-841-thread-1] INFO  server.RaftServerConfigKeys (ConfUtils.java:logGet(46)) - raft.server.log.corruption.policy = EXCEPTION (default)
2022-09-28 15:56:44,137 [pool-841-thread-1] INFO  server.RaftServerConfigKeys (ConfUtils.java:logGet(46)) - raft.server.storage.free-space.min = 0MB (=0) (default)
2022-09-28 15:56:44,137 [pool-841-thread-1] INFO  storage.RaftStorageDirectory (RaftStorageDirectoryImpl.java:analyzeStorage(135)) - The storage directory /home/runner/work/ozone/ozone/hadoop-ozone/integration-test/target/test-dir/MiniOzoneClusterImpl-3ec8252f-dc88-4027-b0d7-634db2a11e1f/datanode-2/data/ratis/e3823fa9-7b61-4f44-ab51-5c8fa02b77bd does not exist. Creating ...
2022-09-28 15:56:44,141 [pool-841-thread-1] INFO  storage.RaftStorageDirectory (RaftStorageDirectoryImpl.java:tryLock(230)) - Lock on /home/runner/work/ozone/ozone/hadoop-ozone/integration-test/target/test-dir/MiniOzoneClusterImpl-3ec8252f-dc88-4027-b0d7-634db2a11e1f/datanode-2/data/ratis/e3823fa9-7b61-4f44-ab51-5c8fa02b77bd/in_use.lock acquired by nodename 13127@fv-az203-824
2022-09-28 15:56:44,148 [pool-841-thread-1] INFO  storage.RaftStorage (RaftStorageImpl.java:format(89)) - Storage directory /home/runner/work/ozone/ozone/hadoop-ozone/integration-test/target/test-dir/MiniOzoneClusterImpl-3ec8252f-dc88-4027-b0d7-634db2a11e1f/datanode-2/data/ratis/e3823fa9-7b61-4f44-ab51-5c8fa02b77bd has been successfully formatted.
2022-09-28 15:56:44,148 [pool-841-thread-1] INFO  ratis.ContainerStateMachine (ContainerStateMachine.java:loadSnapshot(236)) - group-5C8FA02B77BD: The snapshot info is null. Setting the last applied indexto:(t:0, i:~)
2022-09-28 15:56:44,148 [pool-841-thread-1] INFO  server.RaftServerConfigKeys (ConfUtils.java:logGet(46)) - raft.server.notification.no-leader.timeout = 300s (custom)
2022-09-28 15:56:44,148 [pool-841-thread-1] INFO  server.RaftServerConfigKeys (ConfUtils.java:logGet(46)) - raft.server.log.use.memory = false (default)
2022-09-28 15:56:44,148 [pool-841-thread-1] INFO  server.RaftServerConfigKeys (ConfUtils.java:logGet(46)) - raft.server.log.purge.gap = 1000000 (custom)
2022-09-28 15:56:44,148 [pool-841-thread-1] INFO  server.RaftServerConfigKeys (ConfUtils.java:logGet(46)) - raft.server.log.appender.buffer.byte-limit = 33554432 (custom)
2022-09-28 15:56:44,148 [pool-841-thread-1] INFO  server.RaftServerConfigKeys (ConfUtils.java:logGet(46)) - raft.server.log.statemachine.data.read.timeout = 1000ms (default)
2022-09-28 15:56:44,148 [pool-841-thread-1] INFO  server.RaftServerConfigKeys (ConfUtils.java:logGet(46)) - raft.server.log.segment.size.max = 1048576 (custom)
2022-09-28 15:56:44,149 [EventQueue-PipelineReportForPipelineReportHandler] INFO  pipeline.PipelineManagerImpl (PipelineManagerImpl.java:openPipeline(367)) - Pipeline Pipeline[ Id: e3823fa9-7b61-4f44-ab51-5c8fa02b77bd, Nodes: 0f80ef1a-6e1f-426a-9fb6-49677c19ba92{ip: 10.1.1.55, host: fv-az203-824.ild0l4k5vsluppoevu2oqvhmda.cx.internal.cloudapp.net, ports: [REPLICATION=38103, RATIS=46649, RATIS_ADMIN=46649, RATIS_SERVER=46649, STANDALONE=44263], networkLocation: /default-rack, certSerialId: null, persistedOpState: IN_SERVICE, persistedOpStateExpiryEpochSec: 0}, ReplicationConfig: RATIS/ONE, State:ALLOCATED, leaderId:0f80ef1a-6e1f-426a-9fb6-49677c19ba92, CreationTimestamp2022-09-28T15:56:41.182Z[Etc/UTC]] moved to OPEN state
2022-09-28 15:56:44,149 [pool-841-thread-1] INFO  server.RaftServerConfigKeys (ConfUtils.java:logGet(46)) - raft.server.log.segment.cache.num.max = 2 (custom)
2022-09-28 15:56:44,149 [pool-841-thread-1] INFO  server.RaftServerConfigKeys (ConfUtils.java:logGet(46)) - raft.server.log.segment.cache.size.max = 200MB (=209715200) (default)
2022-09-28 15:56:44,149 [pool-841-thread-1] INFO  segmented.SegmentedRaftLogWorker (SegmentedRaftLogWorker.java:<init>(187)) - new 0f80ef1a-6e1f-426a-9fb6-49677c19ba92@group-5C8FA02B77BD-SegmentedRaftLogWorker for RaftStorageImpl:Storage Directory /home/runner/work/ozone/ozone/hadoop-ozone/integration-test/target/test-dir/MiniOzoneClusterImpl-3ec8252f-dc88-4027-b0d7-634db2a11e1f/datanode-2/data/ratis/e3823fa9-7b61-4f44-ab51-5c8fa02b77bd
2022-09-28 15:56:44,149 [pool-841-thread-1] INFO  server.RaftServerConfigKeys (ConfUtils.java:logGet(46)) - raft.server.log.queue.byte-limit = 4294967296 (custom)
2022-09-28 15:56:44,149 [EventQueue-OpenPipelineForHealthyPipelineSafeModeRule] INFO  safemode.SCMSafeModeManager (HealthyPipelineSafeModeRule.java:process(137)) - SCM in safe mode. Healthy pipelines reported count is 0, required healthy pipeline reported count is 1
2022-09-28 15:56:44,149 [pool-841-thread-1] INFO  server.RaftServerConfigKeys (ConfUtils.java:logGet(46)) - raft.server.log.queue.element-limit = 1024 (custom)
2022-09-28 15:56:44,189 [pool-841-thread-1] INFO  server.RaftServerConfigKeys (ConfUtils.java:logGet(46)) - raft.server.log.segment.size.max = 1048576 (custom)
2022-09-28 15:56:44,189 [pool-841-thread-1] INFO  server.RaftServerConfigKeys (ConfUtils.java:logGet(46)) - raft.server.log.preallocated.size = 16384 (custom)
2022-09-28 15:56:44,189 [pool-841-thread-1] INFO  server.RaftServerConfigKeys (ConfUtils.java:logGet(46)) - raft.server.log.force.sync.num = 128 (default)
2022-09-28 15:56:44,189 [pool-841-thread-1] INFO  server.RaftServerConfigKeys (ConfUtils.java:logGet(46)) - raft.server.log.statemachine.data.sync = true (default)
2022-09-28 15:56:44,189 [pool-841-thread-1] INFO  server.RaftServerConfigKeys (ConfUtils.java:logGet(46)) - raft.server.log.statemachine.data.sync.timeout = 10s (default)
2022-09-28 15:56:44,189 [pool-841-thread-1] INFO  server.RaftServerConfigKeys (ConfUtils.java:logGet(46)) - raft.server.log.statemachine.data.sync.timeout.retry = -1 (default)
2022-09-28 15:56:44,190 [pool-841-thread-1] INFO  server.RaftServerConfigKeys (ConfUtils.java:logGet(46)) - raft.server.log.write.buffer.size = 1048576 (custom)
2022-09-28 15:56:44,190 [pool-841-thread-1] INFO  server.RaftServerConfigKeys (ConfUtils.java:logGet(46)) - raft.server.log.unsafe-flush.enabled = false (default)
2022-09-28 15:56:44,190 [pool-841-thread-1] INFO  server.RaftServerConfigKeys (ConfUtils.java:logGet(46)) - raft.server.log.statemachine.data.caching.enabled = true (custom)
2022-09-28 15:56:44,191 [pool-841-thread-1] INFO  segmented.SegmentedRaftLogWorker (SegmentedRaftLogWorker.java:lambda$new$0(135)) - 0f80ef1a-6e1f-426a-9fb6-49677c19ba92@group-5C8FA02B77BD-SegmentedRaftLogWorker: flushIndex: setUnconditionally 0 -> -1
2022-09-28 15:56:44,191 [pool-841-thread-1] INFO  segmented.SegmentedRaftLogWorker (SegmentedRaftLogWorker.java:lambda$new$0(135)) - 0f80ef1a-6e1f-426a-9fb6-49677c19ba92@group-5C8FA02B77BD-SegmentedRaftLogWorker: safeCacheEvictIndex: setUnconditionally 0 -> -1
2022-09-28 15:56:44,199 [pool-841-thread-1] INFO  server.RaftServerConfigKeys (ConfUtils.java:logGet(46)) - raft.server.snapshot.auto.trigger.enabled = true (custom)
2022-09-28 15:56:44,199 [pool-841-thread-1] INFO  server.RaftServerConfigKeys (ConfUtils.java:logGet(46)) - raft.server.snapshot.auto.trigger.threshold = 10000 (custom)
2022-09-28 15:56:44,199 [pool-841-thread-1] INFO  server.RaftServerConfigKeys (ConfUtils.java:logGet(46)) - raft.server.snapshot.retention.file.num = 5 (custom)
2022-09-28 15:56:44,199 [pool-841-thread-1] INFO  server.RaftServerConfigKeys (ConfUtils.java:logGet(46)) - raft.server.log.purge.upto.snapshot.index = false (default)
2022-09-28 15:56:44,199 [pool-841-thread-1] INFO  server.RaftServerConfigKeys (ConfUtils.java:logGet(46)) - raft.server.retrycache.expirytime = 600000ms (custom)
2022-09-28 15:56:44,199 [pool-841-thread-1] INFO  server.RaftServerConfigKeys (ConfUtils.java:logGet(46)) - raft.server.retrycache.statistics.expirytime = 100μs (default)
2022-09-28 15:56:44,200 [pool-841-thread-1] INFO  server.RaftServerConfigKeys (ConfUtils.java:logGet(46)) - raft.server.log.appender.install.snapshot.enabled = false (custom)
2022-09-28 15:56:44,201 [pool-841-thread-1] INFO  server.RaftServerConfigKeys (ConfUtils.java:logGet(46)) - raft.server.threadpool.server.cached = true (default)
2022-09-28 15:56:44,201 [pool-841-thread-1] INFO  server.RaftServerConfigKeys (ConfUtils.java:logGet(46)) - raft.server.threadpool.server.size = 0 (default)
2022-09-28 15:56:44,201 [pool-841-thread-1] INFO  server.RaftServerConfigKeys (ConfUtils.java:logGet(46)) - raft.server.threadpool.client.cached = true (default)
2022-09-28 15:56:44,201 [pool-841-thread-1] INFO  server.RaftServerConfigKeys (ConfUtils.java:logGet(46)) - raft.server.threadpool.client.size = 0 (default)
2022-09-28 15:56:44,201 [pool-841-thread-1] INFO  server.RaftServer$Division (RaftServerImpl.java:start(310)) - 0f80ef1a-6e1f-426a-9fb6-49677c19ba92@group-5C8FA02B77BD: start as a follower, conf=-1: [0f80ef1a-6e1f-426a-9fb6-49677c19ba92|rpc:10.1.1.55:46649|priority:1], old=null
2022-09-28 15:56:44,201 [pool-841-thread-1] INFO  server.RaftServer$Division (RaftServerImpl.java:setRole(299)) - 0f80ef1a-6e1f-426a-9fb6-49677c19ba92@group-5C8FA02B77BD: changes role from      null to FOLLOWER at term 0 for startAsFollower
2022-09-28 15:56:44,201 [pool-841-thread-1] INFO  impl.RoleInfo (RoleInfo.java:updateAndGet(139)) - 0f80ef1a-6e1f-426a-9fb6-49677c19ba92: start 0f80ef1a-6e1f-426a-9fb6-49677c19ba92@group-5C8FA02B77BD-FollowerState
2022-09-28 15:56:44,201 [pool-841-thread-1] INFO  util.JmxRegister (JmxRegister.java:tryRegister(44)) - Successfully registered JMX Bean with object name Ratis:service=RaftServer,group=group-5C8FA02B77BD,id=0f80ef1a-6e1f-426a-9fb6-49677c19ba92
2022-09-28 15:56:44,202 [Command processor thread] INFO  ratis.XceiverServerRatis (XceiverServerRatis.java:addGroup(765)) - Created group PipelineID=e3823fa9-7b61-4f44-ab51-5c8fa02b77bd
2022-09-28 15:56:44,202 [Command processor thread] INFO  commandhandler.CreatePipelineCommandHandler (CreatePipelineCommandHandler.java:handle(113)) - Created Pipeline RATIS ONE PipelineID=e3823fa9-7b61-4f44-ab51-5c8fa02b77bd.
2022-09-28 15:56:44,561 [Listener at 127.0.0.1/41537] INFO  ozone.MiniOzoneClusterImpl (MiniOzoneClusterImpl.java:lambda$waitForClusterToBeReady$0(216)) - Nodes are ready. Got 5 of 5 DN Heartbeats.
2022-09-28 15:56:44,561 [Listener at 127.0.0.1/41537] INFO  ozone.MiniOzoneClusterImpl (MiniOzoneClusterImpl.java:lambda$waitForClusterToBeReady$0(219)) - Waiting for cluster to exit safe mode
2022-09-28 15:56:44,562 [Listener at 127.0.0.1/41537] INFO  ozone.MiniOzoneClusterImpl (MiniOzoneClusterImpl.java:lambda$waitForClusterToBeReady$0(221)) - SCM became leader
2022-09-28 15:56:45,318 [Command processor thread] INFO  server.RaftServer (RaftServerProxy.java:addNew(96)) - f69072a2-31e6-4652-a856-983220e9f7b5: addNew group-A4A9EA202B19:[f69072a2-31e6-4652-a856-983220e9f7b5|rpc:10.1.1.55:34017|priority:1] returns group-A4A9EA202B19:java.util.concurrent.CompletableFuture@89dc25c[Not completed]
2022-09-28 15:56:45,339 [pool-864-thread-1] INFO  server.RaftServer$Division (RaftServerImpl.java:<init>(190)) - f69072a2-31e6-4652-a856-983220e9f7b5: new RaftServerImpl for group-A4A9EA202B19:[f69072a2-31e6-4652-a856-983220e9f7b5|rpc:10.1.1.55:34017|priority:1] with ContainerStateMachine:uninitialized
2022-09-28 15:56:45,339 [pool-864-thread-1] INFO  server.RaftServerConfigKeys (ConfUtils.java:logGet(46)) - raft.server.rpc.timeout.min = 5s (custom)
2022-09-28 15:56:45,339 [pool-864-thread-1] INFO  server.RaftServerConfigKeys (ConfUtils.java:logGet(46)) - raft.server.rpc.timeout.max = 5200ms (custom)
2022-09-28 15:56:45,339 [pool-864-thread-1] INFO  server.RaftServerConfigKeys (ConfUtils.java:logGet(46)) - raft.server.rpc.sleep.time = 25ms (default)
2022-09-28 15:56:45,339 [pool-864-thread-1] INFO  server.RaftServerConfigKeys (ConfUtils.java:logGet(46)) - raft.server.rpc.slowness.timeout = 300s (custom)
2022-09-28 15:56:45,339 [pool-864-thread-1] INFO  server.RaftServerConfigKeys (ConfUtils.java:logGet(46)) - raft.server.leaderelection.leader.step-down.wait-time = 10s (default)
2022-09-28 15:56:45,339 [pool-864-thread-1] INFO  server.RaftServerConfigKeys (ConfUtils.java:logGet(46)) - raft.server.sleep.deviation.threshold = 300ms (default)
2022-09-28 15:56:45,339 [pool-864-thread-1] INFO  server.RaftServer$Division (ServerState.java:<init>(107)) - f69072a2-31e6-4652-a856-983220e9f7b5@group-A4A9EA202B19: ConfigurationManager, init=-1: [f69072a2-31e6-4652-a856-983220e9f7b5|rpc:10.1.1.55:34017|priority:1], old=null, confs=<EMPTY_MAP>
2022-09-28 15:56:45,339 [pool-864-thread-1] INFO  server.RaftServerConfigKeys (ConfUtils.java:logGet(46)) - raft.server.storage.dir = [/home/runner/work/ozone/ozone/hadoop-ozone/integration-test/target/test-dir/MiniOzoneClusterImpl-3ec8252f-dc88-4027-b0d7-634db2a11e1f/datanode-3/data/ratis] (custom)
2022-09-28 15:56:45,339 [pool-864-thread-1] INFO  server.RaftServerConfigKeys (ConfUtils.java:logGet(46)) - raft.server.log.corruption.policy = EXCEPTION (default)
2022-09-28 15:56:45,339 [pool-864-thread-1] INFO  server.RaftServerConfigKeys (ConfUtils.java:logGet(46)) - raft.server.storage.free-space.min = 0MB (=0) (default)
2022-09-28 15:56:45,340 [pool-864-thread-1] INFO  storage.RaftStorageDirectory (RaftStorageDirectoryImpl.java:analyzeStorage(135)) - The storage directory /home/runner/work/ozone/ozone/hadoop-ozone/integration-test/target/test-dir/MiniOzoneClusterImpl-3ec8252f-dc88-4027-b0d7-634db2a11e1f/datanode-3/data/ratis/e4b20d22-1b0e-4b25-b505-a4a9ea202b19 does not exist. Creating ...
2022-09-28 15:56:45,347 [pool-864-thread-1] INFO  storage.RaftStorageDirectory (RaftStorageDirectoryImpl.java:tryLock(230)) - Lock on /home/runner/work/ozone/ozone/hadoop-ozone/integration-test/target/test-dir/MiniOzoneClusterImpl-3ec8252f-dc88-4027-b0d7-634db2a11e1f/datanode-3/data/ratis/e4b20d22-1b0e-4b25-b505-a4a9ea202b19/in_use.lock acquired by nodename 13127@fv-az203-824
2022-09-28 15:56:45,364 [pool-864-thread-1] INFO  storage.RaftStorage (RaftStorageImpl.java:format(89)) - Storage directory /home/runner/work/ozone/ozone/hadoop-ozone/integration-test/target/test-dir/MiniOzoneClusterImpl-3ec8252f-dc88-4027-b0d7-634db2a11e1f/datanode-3/data/ratis/e4b20d22-1b0e-4b25-b505-a4a9ea202b19 has been successfully formatted.
2022-09-28 15:56:45,368 [pool-864-thread-1] INFO  ratis.ContainerStateMachine (ContainerStateMachine.java:loadSnapshot(236)) - group-A4A9EA202B19: The snapshot info is null. Setting the last applied indexto:(t:0, i:~)
2022-09-28 15:56:45,368 [pool-864-thread-1] INFO  server.RaftServerConfigKeys (ConfUtils.java:logGet(46)) - raft.server.notification.no-leader.timeout = 300s (custom)
2022-09-28 15:56:45,368 [pool-864-thread-1] INFO  server.RaftServerConfigKeys (ConfUtils.java:logGet(46)) - raft.server.log.use.memory = false (default)
2022-09-28 15:56:45,368 [pool-864-thread-1] INFO  server.RaftServerConfigKeys (ConfUtils.java:logGet(46)) - raft.server.log.purge.gap = 1000000 (custom)
2022-09-28 15:56:45,368 [pool-864-thread-1] INFO  server.RaftServerConfigKeys (ConfUtils.java:logGet(46)) - raft.server.log.appender.buffer.byte-limit = 33554432 (custom)
2022-09-28 15:56:45,368 [pool-864-thread-1] INFO  server.RaftServerConfigKeys (ConfUtils.java:logGet(46)) - raft.server.log.statemachine.data.read.timeout = 1000ms (default)
2022-09-28 15:56:45,368 [pool-864-thread-1] INFO  server.RaftServerConfigKeys (ConfUtils.java:logGet(46)) - raft.server.log.segment.size.max = 1048576 (custom)
2022-09-28 15:56:45,369 [pool-864-thread-1] INFO  server.RaftServerConfigKeys (ConfUtils.java:logGet(46)) - raft.server.log.segment.cache.num.max = 2 (custom)
2022-09-28 15:56:45,369 [pool-864-thread-1] INFO  server.RaftServerConfigKeys (ConfUtils.java:logGet(46)) - raft.server.log.segment.cache.size.max = 200MB (=209715200) (default)
2022-09-28 15:56:45,369 [pool-864-thread-1] INFO  segmented.SegmentedRaftLogWorker (SegmentedRaftLogWorker.java:<init>(187)) - new f69072a2-31e6-4652-a856-983220e9f7b5@group-A4A9EA202B19-SegmentedRaftLogWorker for RaftStorageImpl:Storage Directory /home/runner/work/ozone/ozone/hadoop-ozone/integration-test/target/test-dir/MiniOzoneClusterImpl-3ec8252f-dc88-4027-b0d7-634db2a11e1f/datanode-3/data/ratis/e4b20d22-1b0e-4b25-b505-a4a9ea202b19
2022-09-28 15:56:45,369 [pool-864-thread-1] INFO  server.RaftServerConfigKeys (ConfUtils.java:logGet(46)) - raft.server.log.queue.byte-limit = 4294967296 (custom)
2022-09-28 15:56:45,369 [pool-864-thread-1] INFO  server.RaftServerConfigKeys (ConfUtils.java:logGet(46)) - raft.server.log.queue.element-limit = 1024 (custom)
2022-09-28 15:56:45,369 [pool-864-thread-1] INFO  server.RaftServerConfigKeys (ConfUtils.java:logGet(46)) - raft.server.log.segment.size.max = 1048576 (custom)
2022-09-28 15:56:45,369 [pool-864-thread-1] INFO  server.RaftServerConfigKeys (ConfUtils.java:logGet(46)) - raft.server.log.preallocated.size = 16384 (custom)
2022-09-28 15:56:45,369 [pool-864-thread-1] INFO  server.RaftServerConfigKeys (ConfUtils.java:logGet(46)) - raft.server.log.force.sync.num = 128 (default)
2022-09-28 15:56:45,369 [pool-864-thread-1] INFO  server.RaftServerConfigKeys (ConfUtils.java:logGet(46)) - raft.server.log.statemachine.data.sync = true (default)
2022-09-28 15:56:45,369 [pool-864-thread-1] INFO  server.RaftServerConfigKeys (ConfUtils.java:logGet(46)) - raft.server.log.statemachine.data.sync.timeout = 10s (default)
2022-09-28 15:56:45,369 [pool-864-thread-1] INFO  server.RaftServerConfigKeys (ConfUtils.java:logGet(46)) - raft.server.log.statemachine.data.sync.timeout.retry = -1 (default)
2022-09-28 15:56:45,370 [pool-864-thread-1] INFO  server.RaftServerConfigKeys (ConfUtils.java:logGet(46)) - raft.server.log.write.buffer.size = 1048576 (custom)
2022-09-28 15:56:45,370 [pool-864-thread-1] INFO  server.RaftServerConfigKeys (ConfUtils.java:logGet(46)) - raft.server.log.unsafe-flush.enabled = false (default)
2022-09-28 15:56:45,370 [pool-864-thread-1] INFO  server.RaftServerConfigKeys (ConfUtils.java:logGet(46)) - raft.server.log.statemachine.data.caching.enabled = true (custom)
2022-09-28 15:56:45,370 [pool-864-thread-1] INFO  segmented.SegmentedRaftLogWorker (SegmentedRaftLogWorker.java:lambda$new$0(135)) - f69072a2-31e6-4652-a856-983220e9f7b5@group-A4A9EA202B19-SegmentedRaftLogWorker: flushIndex: setUnconditionally 0 -> -1
2022-09-28 15:56:45,370 [pool-864-thread-1] INFO  segmented.SegmentedRaftLogWorker (SegmentedRaftLogWorker.java:lambda$new$0(135)) - f69072a2-31e6-4652-a856-983220e9f7b5@group-A4A9EA202B19-SegmentedRaftLogWorker: safeCacheEvictIndex: setUnconditionally 0 -> -1
2022-09-28 15:56:45,371 [pool-864-thread-1] INFO  server.RaftServerConfigKeys (ConfUtils.java:logGet(46)) - raft.server.snapshot.auto.trigger.enabled = true (custom)
2022-09-28 15:56:45,371 [pool-864-thread-1] INFO  server.RaftServerConfigKeys (ConfUtils.java:logGet(46)) - raft.server.snapshot.auto.trigger.threshold = 10000 (custom)
2022-09-28 15:56:45,371 [pool-864-thread-1] INFO  server.RaftServerConfigKeys (ConfUtils.java:logGet(46)) - raft.server.snapshot.retention.file.num = 5 (custom)
2022-09-28 15:56:45,371 [pool-864-thread-1] INFO  server.RaftServerConfigKeys (ConfUtils.java:logGet(46)) - raft.server.log.purge.upto.snapshot.index = false (default)
2022-09-28 15:56:45,371 [pool-864-thread-1] INFO  server.RaftServerConfigKeys (ConfUtils.java:logGet(46)) - raft.server.retrycache.expirytime = 600000ms (custom)
2022-09-28 15:56:45,371 [pool-864-thread-1] INFO  server.RaftServerConfigKeys (ConfUtils.java:logGet(46)) - raft.server.retrycache.statistics.expirytime = 100μs (default)
2022-09-28 15:56:45,372 [pool-864-thread-1] INFO  server.RaftServerConfigKeys (ConfUtils.java:logGet(46)) - raft.server.log.appender.install.snapshot.enabled = false (custom)
2022-09-28 15:56:45,372 [pool-864-thread-1] INFO  server.RaftServerConfigKeys (ConfUtils.java:logGet(46)) - raft.server.threadpool.server.cached = true (default)
2022-09-28 15:56:45,372 [pool-864-thread-1] INFO  server.RaftServerConfigKeys (ConfUtils.java:logGet(46)) - raft.server.threadpool.server.size = 0 (default)
2022-09-28 15:56:45,372 [pool-864-thread-1] INFO  server.RaftServerConfigKeys (ConfUtils.java:logGet(46)) - raft.server.threadpool.client.cached = true (default)
2022-09-28 15:56:45,372 [pool-864-thread-1] INFO  server.RaftServerConfigKeys (ConfUtils.java:logGet(46)) - raft.server.threadpool.client.size = 0 (default)
2022-09-28 15:56:45,372 [pool-864-thread-1] INFO  server.RaftServer$Division (RaftServerImpl.java:start(310)) - f69072a2-31e6-4652-a856-983220e9f7b5@group-A4A9EA202B19: start as a follower, conf=-1: [f69072a2-31e6-4652-a856-983220e9f7b5|rpc:10.1.1.55:34017|priority:1], old=null
2022-09-28 15:56:45,372 [pool-864-thread-1] INFO  server.RaftServer$Division (RaftServerImpl.java:setRole(299)) - f69072a2-31e6-4652-a856-983220e9f7b5@group-A4A9EA202B19: changes role from      null to FOLLOWER at term 0 for startAsFollower
2022-09-28 15:56:45,372 [pool-864-thread-1] INFO  impl.RoleInfo (RoleInfo.java:updateAndGet(139)) - f69072a2-31e6-4652-a856-983220e9f7b5: start f69072a2-31e6-4652-a856-983220e9f7b5@group-A4A9EA202B19-FollowerState
2022-09-28 15:56:45,373 [EventQueue-PipelineReportForPipelineReportHandler] INFO  pipeline.PipelineManagerImpl (PipelineManagerImpl.java:openPipeline(367)) - Pipeline Pipeline[ Id: e4b20d22-1b0e-4b25-b505-a4a9ea202b19, Nodes: f69072a2-31e6-4652-a856-983220e9f7b5{ip: 10.1.1.55, host: fv-az203-824.ild0l4k5vsluppoevu2oqvhmda.cx.internal.cloudapp.net, ports: [REPLICATION=46647, RATIS=34017, RATIS_ADMIN=34017, RATIS_SERVER=34017, STANDALONE=44595], networkLocation: /default-rack, certSerialId: null, persistedOpState: IN_SERVICE, persistedOpStateExpiryEpochSec: 0}, ReplicationConfig: RATIS/ONE, State:ALLOCATED, leaderId:f69072a2-31e6-4652-a856-983220e9f7b5, CreationTimestamp2022-09-28T15:56:42.309Z[Etc/UTC]] moved to OPEN state
2022-09-28 15:56:45,375 [EventQueue-OpenPipelineForHealthyPipelineSafeModeRule] INFO  safemode.SCMSafeModeManager (HealthyPipelineSafeModeRule.java:process(137)) - SCM in safe mode. Healthy pipelines reported count is 0, required healthy pipeline reported count is 1
2022-09-28 15:56:45,375 [pool-864-thread-1] INFO  util.JmxRegister (JmxRegister.java:tryRegister(44)) - Successfully registered JMX Bean with object name Ratis:service=RaftServer,group=group-A4A9EA202B19,id=f69072a2-31e6-4652-a856-983220e9f7b5
2022-09-28 15:56:45,392 [Command processor thread] INFO  ratis.XceiverServerRatis (XceiverServerRatis.java:addGroup(765)) - Created group PipelineID=e4b20d22-1b0e-4b25-b505-a4a9ea202b19
2022-09-28 15:56:45,392 [Command processor thread] INFO  commandhandler.CreatePipelineCommandHandler (CreatePipelineCommandHandler.java:handle(113)) - Created Pipeline RATIS ONE PipelineID=e4b20d22-1b0e-4b25-b505-a4a9ea202b19.
2022-09-28 15:56:45,562 [Listener at 127.0.0.1/41537] INFO  ozone.MiniOzoneClusterImpl (MiniOzoneClusterImpl.java:lambda$waitForClusterToBeReady$0(216)) - Nodes are ready. Got 5 of 5 DN Heartbeats.
2022-09-28 15:56:45,562 [Listener at 127.0.0.1/41537] INFO  ozone.MiniOzoneClusterImpl (MiniOzoneClusterImpl.java:lambda$waitForClusterToBeReady$0(219)) - Waiting for cluster to exit safe mode
2022-09-28 15:56:45,562 [Listener at 127.0.0.1/41537] INFO  ozone.MiniOzoneClusterImpl (MiniOzoneClusterImpl.java:lambda$waitForClusterToBeReady$0(221)) - SCM became leader
2022-09-28 15:56:46,562 [Listener at 127.0.0.1/41537] INFO  ozone.MiniOzoneClusterImpl (MiniOzoneClusterImpl.java:lambda$waitForClusterToBeReady$0(216)) - Nodes are ready. Got 5 of 5 DN Heartbeats.
2022-09-28 15:56:46,562 [Listener at 127.0.0.1/41537] INFO  ozone.MiniOzoneClusterImpl (MiniOzoneClusterImpl.java:lambda$waitForClusterToBeReady$0(219)) - Waiting for cluster to exit safe mode
2022-09-28 15:56:46,563 [Listener at 127.0.0.1/41537] INFO  ozone.MiniOzoneClusterImpl (MiniOzoneClusterImpl.java:lambda$waitForClusterToBeReady$0(221)) - SCM became leader
2022-09-28 15:56:46,688 [Command processor thread] INFO  server.RaftServer (RaftServerProxy.java:addNew(96)) - bfd25c3e-a6b8-4c41-8b51-d3ca9c6ca505: addNew group-4A3B4776CFFE:[bfd25c3e-a6b8-4c41-8b51-d3ca9c6ca505|rpc:10.1.1.55:40725|priority:1] returns group-4A3B4776CFFE:java.util.concurrent.CompletableFuture@6e9912d2[Not completed]
2022-09-28 15:56:46,689 [pool-896-thread-1] INFO  server.RaftServer$Division (RaftServerImpl.java:<init>(190)) - bfd25c3e-a6b8-4c41-8b51-d3ca9c6ca505: new RaftServerImpl for group-4A3B4776CFFE:[bfd25c3e-a6b8-4c41-8b51-d3ca9c6ca505|rpc:10.1.1.55:40725|priority:1] with ContainerStateMachine:uninitialized
2022-09-28 15:56:46,689 [pool-896-thread-1] INFO  server.RaftServerConfigKeys (ConfUtils.java:logGet(46)) - raft.server.rpc.timeout.min = 5s (custom)
2022-09-28 15:56:46,689 [pool-896-thread-1] INFO  server.RaftServerConfigKeys (ConfUtils.java:logGet(46)) - raft.server.rpc.timeout.max = 5200ms (custom)
2022-09-28 15:56:46,689 [pool-896-thread-1] INFO  server.RaftServerConfigKeys (ConfUtils.java:logGet(46)) - raft.server.rpc.sleep.time = 25ms (default)
2022-09-28 15:56:46,689 [pool-896-thread-1] INFO  server.RaftServerConfigKeys (ConfUtils.java:logGet(46)) - raft.server.rpc.slowness.timeout = 300s (custom)
2022-09-28 15:56:46,689 [pool-896-thread-1] INFO  server.RaftServerConfigKeys (ConfUtils.java:logGet(46)) - raft.server.leaderelection.leader.step-down.wait-time = 10s (default)
2022-09-28 15:56:46,689 [pool-896-thread-1] INFO  server.RaftServerConfigKeys (ConfUtils.java:logGet(46)) - raft.server.sleep.deviation.threshold = 300ms (default)
2022-09-28 15:56:46,689 [pool-896-thread-1] INFO  server.RaftServer$Division (ServerState.java:<init>(107)) - bfd25c3e-a6b8-4c41-8b51-d3ca9c6ca505@group-4A3B4776CFFE: ConfigurationManager, init=-1: [bfd25c3e-a6b8-4c41-8b51-d3ca9c6ca505|rpc:10.1.1.55:40725|priority:1], old=null, confs=<EMPTY_MAP>
2022-09-28 15:56:46,690 [pool-896-thread-1] INFO  server.RaftServerConfigKeys (ConfUtils.java:logGet(46)) - raft.server.storage.dir = [/home/runner/work/ozone/ozone/hadoop-ozone/integration-test/target/test-dir/MiniOzoneClusterImpl-3ec8252f-dc88-4027-b0d7-634db2a11e1f/datanode-4/data/ratis] (custom)
2022-09-28 15:56:46,690 [pool-896-thread-1] INFO  server.RaftServerConfigKeys (ConfUtils.java:logGet(46)) - raft.server.log.corruption.policy = EXCEPTION (default)
2022-09-28 15:56:46,690 [pool-896-thread-1] INFO  server.RaftServerConfigKeys (ConfUtils.java:logGet(46)) - raft.server.storage.free-space.min = 0MB (=0) (default)
2022-09-28 15:56:46,690 [pool-896-thread-1] INFO  storage.RaftStorageDirectory (RaftStorageDirectoryImpl.java:analyzeStorage(135)) - The storage directory /home/runner/work/ozone/ozone/hadoop-ozone/integration-test/target/test-dir/MiniOzoneClusterImpl-3ec8252f-dc88-4027-b0d7-634db2a11e1f/datanode-4/data/ratis/270fc6ee-a07d-464a-9cce-4a3b4776cffe does not exist. Creating ...
2022-09-28 15:56:46,693 [pool-896-thread-1] INFO  storage.RaftStorageDirectory (RaftStorageDirectoryImpl.java:tryLock(230)) - Lock on /home/runner/work/ozone/ozone/hadoop-ozone/integration-test/target/test-dir/MiniOzoneClusterImpl-3ec8252f-dc88-4027-b0d7-634db2a11e1f/datanode-4/data/ratis/270fc6ee-a07d-464a-9cce-4a3b4776cffe/in_use.lock acquired by nodename 13127@fv-az203-824
2022-09-28 15:56:46,709 [pool-896-thread-1] INFO  storage.RaftStorage (RaftStorageImpl.java:format(89)) - Storage directory /home/runner/work/ozone/ozone/hadoop-ozone/integration-test/target/test-dir/MiniOzoneClusterImpl-3ec8252f-dc88-4027-b0d7-634db2a11e1f/datanode-4/data/ratis/270fc6ee-a07d-464a-9cce-4a3b4776cffe has been successfully formatted.
2022-09-28 15:56:46,775 [pool-896-thread-1] INFO  ratis.ContainerStateMachine (ContainerStateMachine.java:loadSnapshot(236)) - group-4A3B4776CFFE: The snapshot info is null. Setting the last applied indexto:(t:0, i:~)
2022-09-28 15:56:46,775 [pool-896-thread-1] INFO  server.RaftServerConfigKeys (ConfUtils.java:logGet(46)) - raft.server.notification.no-leader.timeout = 300s (custom)
2022-09-28 15:56:46,775 [pool-896-thread-1] INFO  server.RaftServerConfigKeys (ConfUtils.java:logGet(46)) - raft.server.log.use.memory = false (default)
2022-09-28 15:56:46,775 [pool-896-thread-1] INFO  server.RaftServerConfigKeys (ConfUtils.java:logGet(46)) - raft.server.log.purge.gap = 1000000 (custom)
2022-09-28 15:56:46,776 [pool-896-thread-1] INFO  server.RaftServerConfigKeys (ConfUtils.java:logGet(46)) - raft.server.log.appender.buffer.byte-limit = 33554432 (custom)
2022-09-28 15:56:46,776 [pool-896-thread-1] INFO  server.RaftServerConfigKeys (ConfUtils.java:logGet(46)) - raft.server.log.statemachine.data.read.timeout = 1000ms (default)
2022-09-28 15:56:46,776 [pool-896-thread-1] INFO  server.RaftServerConfigKeys (ConfUtils.java:logGet(46)) - raft.server.log.segment.size.max = 1048576 (custom)
2022-09-28 15:56:46,777 [pool-896-thread-1] INFO  server.RaftServerConfigKeys (ConfUtils.java:logGet(46)) - raft.server.log.segment.cache.num.max = 2 (custom)
2022-09-28 15:56:46,777 [pool-896-thread-1] INFO  server.RaftServerConfigKeys (ConfUtils.java:logGet(46)) - raft.server.log.segment.cache.size.max = 200MB (=209715200) (default)
2022-09-28 15:56:46,777 [pool-896-thread-1] INFO  segmented.SegmentedRaftLogWorker (SegmentedRaftLogWorker.java:<init>(187)) - new bfd25c3e-a6b8-4c41-8b51-d3ca9c6ca505@group-4A3B4776CFFE-SegmentedRaftLogWorker for RaftStorageImpl:Storage Directory /home/runner/work/ozone/ozone/hadoop-ozone/integration-test/target/test-dir/MiniOzoneClusterImpl-3ec8252f-dc88-4027-b0d7-634db2a11e1f/datanode-4/data/ratis/270fc6ee-a07d-464a-9cce-4a3b4776cffe
2022-09-28 15:56:46,777 [pool-896-thread-1] INFO  server.RaftServerConfigKeys (ConfUtils.java:logGet(46)) - raft.server.log.queue.byte-limit = 4294967296 (custom)
2022-09-28 15:56:46,777 [pool-896-thread-1] INFO  server.RaftServerConfigKeys (ConfUtils.java:logGet(46)) - raft.server.log.queue.element-limit = 1024 (custom)
2022-09-28 15:56:46,777 [pool-896-thread-1] INFO  server.RaftServerConfigKeys (ConfUtils.java:logGet(46)) - raft.server.log.segment.size.max = 1048576 (custom)
2022-09-28 15:56:46,777 [pool-896-thread-1] INFO  server.RaftServerConfigKeys (ConfUtils.java:logGet(46)) - raft.server.log.preallocated.size = 16384 (custom)
2022-09-28 15:56:46,777 [pool-896-thread-1] INFO  server.RaftServerConfigKeys (ConfUtils.java:logGet(46)) - raft.server.log.force.sync.num = 128 (default)
2022-09-28 15:56:46,777 [pool-896-thread-1] INFO  server.RaftServerConfigKeys (ConfUtils.java:logGet(46)) - raft.server.log.statemachine.data.sync = true (default)
2022-09-28 15:56:46,777 [pool-896-thread-1] INFO  server.RaftServerConfigKeys (ConfUtils.java:logGet(46)) - raft.server.log.statemachine.data.sync.timeout = 10s (default)
2022-09-28 15:56:46,777 [pool-896-thread-1] INFO  server.RaftServerConfigKeys (ConfUtils.java:logGet(46)) - raft.server.log.statemachine.data.sync.timeout.retry = -1 (default)
2022-09-28 15:56:46,778 [pool-896-thread-1] INFO  server.RaftServerConfigKeys (ConfUtils.java:logGet(46)) - raft.server.log.write.buffer.size = 1048576 (custom)
2022-09-28 15:56:46,778 [pool-896-thread-1] INFO  server.RaftServerConfigKeys (ConfUtils.java:logGet(46)) - raft.server.log.unsafe-flush.enabled = false (default)
2022-09-28 15:56:46,778 [pool-896-thread-1] INFO  server.RaftServerConfigKeys (ConfUtils.java:logGet(46)) - raft.server.log.statemachine.data.caching.enabled = true (custom)
2022-09-28 15:56:46,778 [pool-896-thread-1] INFO  segmented.SegmentedRaftLogWorker (SegmentedRaftLogWorker.java:lambda$new$0(135)) - bfd25c3e-a6b8-4c41-8b51-d3ca9c6ca505@group-4A3B4776CFFE-SegmentedRaftLogWorker: flushIndex: setUnconditionally 0 -> -1
2022-09-28 15:56:46,778 [pool-896-thread-1] INFO  segmented.SegmentedRaftLogWorker (SegmentedRaftLogWorker.java:lambda$new$0(135)) - bfd25c3e-a6b8-4c41-8b51-d3ca9c6ca505@group-4A3B4776CFFE-SegmentedRaftLogWorker: safeCacheEvictIndex: setUnconditionally 0 -> -1
2022-09-28 15:56:46,806 [EventQueue-PipelineReportForPipelineReportHandler] INFO  pipeline.PipelineManagerImpl (PipelineManagerImpl.java:openPipeline(367)) - Pipeline Pipeline[ Id: 270fc6ee-a07d-464a-9cce-4a3b4776cffe, Nodes: bfd25c3e-a6b8-4c41-8b51-d3ca9c6ca505{ip: 10.1.1.55, host: fv-az203-824.ild0l4k5vsluppoevu2oqvhmda.cx.internal.cloudapp.net, ports: [REPLICATION=33253, RATIS=40725, RATIS_ADMIN=40725, RATIS_SERVER=40725, STANDALONE=39647], networkLocation: /default-rack, certSerialId: null, persistedOpState: IN_SERVICE, persistedOpStateExpiryEpochSec: 0}, ReplicationConfig: RATIS/ONE, State:ALLOCATED, leaderId:bfd25c3e-a6b8-4c41-8b51-d3ca9c6ca505, CreationTimestamp2022-09-28T15:56:43.705Z[Etc/UTC]] moved to OPEN state
2022-09-28 15:56:46,807 [EventQueue-OpenPipelineForHealthyPipelineSafeModeRule] INFO  safemode.SCMSafeModeManager (HealthyPipelineSafeModeRule.java:process(137)) - SCM in safe mode. Healthy pipelines reported count is 0, required healthy pipeline reported count is 1
2022-09-28 15:56:46,827 [pool-896-thread-1] INFO  server.RaftServerConfigKeys (ConfUtils.java:logGet(46)) - raft.server.snapshot.auto.trigger.enabled = true (custom)
2022-09-28 15:56:46,836 [pool-896-thread-1] INFO  server.RaftServerConfigKeys (ConfUtils.java:logGet(46)) - raft.server.snapshot.auto.trigger.threshold = 10000 (custom)
2022-09-28 15:56:46,836 [pool-896-thread-1] INFO  server.RaftServerConfigKeys (ConfUtils.java:logGet(46)) - raft.server.snapshot.retention.file.num = 5 (custom)
2022-09-28 15:56:46,836 [pool-896-thread-1] INFO  server.RaftServerConfigKeys (ConfUtils.java:logGet(46)) - raft.server.log.purge.upto.snapshot.index = false (default)
2022-09-28 15:56:46,836 [pool-896-thread-1] INFO  server.RaftServerConfigKeys (ConfUtils.java:logGet(46)) - raft.server.retrycache.expirytime = 600000ms (custom)
2022-09-28 15:56:46,836 [pool-896-thread-1] INFO  server.RaftServerConfigKeys (ConfUtils.java:logGet(46)) - raft.server.retrycache.statistics.expirytime = 100μs (default)
2022-09-28 15:56:46,838 [pool-896-thread-1] INFO  server.RaftServerConfigKeys (ConfUtils.java:logGet(46)) - raft.server.log.appender.install.snapshot.enabled = false (custom)
2022-09-28 15:56:46,838 [pool-896-thread-1] INFO  server.RaftServerConfigKeys (ConfUtils.java:logGet(46)) - raft.server.threadpool.server.cached = true (default)
2022-09-28 15:56:46,838 [pool-896-thread-1] INFO  server.RaftServerConfigKeys (ConfUtils.java:logGet(46)) - raft.server.threadpool.server.size = 0 (default)
2022-09-28 15:56:46,838 [pool-896-thread-1] INFO  server.RaftServerConfigKeys (ConfUtils.java:logGet(46)) - raft.server.threadpool.client.cached = true (default)
2022-09-28 15:56:46,838 [pool-896-thread-1] INFO  server.RaftServerConfigKeys (ConfUtils.java:logGet(46)) - raft.server.threadpool.client.size = 0 (default)
2022-09-28 15:56:46,838 [pool-896-thread-1] INFO  server.RaftServer$Division (RaftServerImpl.java:start(310)) - bfd25c3e-a6b8-4c41-8b51-d3ca9c6ca505@group-4A3B4776CFFE: start as a follower, conf=-1: [bfd25c3e-a6b8-4c41-8b51-d3ca9c6ca505|rpc:10.1.1.55:40725|priority:1], old=null
2022-09-28 15:56:46,838 [pool-896-thread-1] INFO  server.RaftServer$Division (RaftServerImpl.java:setRole(299)) - bfd25c3e-a6b8-4c41-8b51-d3ca9c6ca505@group-4A3B4776CFFE: changes role from      null to FOLLOWER at term 0 for startAsFollower
2022-09-28 15:56:46,838 [pool-896-thread-1] INFO  impl.RoleInfo (RoleInfo.java:updateAndGet(139)) - bfd25c3e-a6b8-4c41-8b51-d3ca9c6ca505: start bfd25c3e-a6b8-4c41-8b51-d3ca9c6ca505@group-4A3B4776CFFE-FollowerState
2022-09-28 15:56:46,851 [pool-896-thread-1] INFO  util.JmxRegister (JmxRegister.java:tryRegister(44)) - Successfully registered JMX Bean with object name Ratis:service=RaftServer,group=group-4A3B4776CFFE,id=bfd25c3e-a6b8-4c41-8b51-d3ca9c6ca505
2022-09-28 15:56:46,860 [Command processor thread] INFO  ratis.XceiverServerRatis (XceiverServerRatis.java:addGroup(765)) - Created group PipelineID=270fc6ee-a07d-464a-9cce-4a3b4776cffe
2022-09-28 15:56:46,861 [Command processor thread] INFO  commandhandler.CreatePipelineCommandHandler (CreatePipelineCommandHandler.java:handle(113)) - Created Pipeline RATIS ONE PipelineID=270fc6ee-a07d-464a-9cce-4a3b4776cffe.
2022-09-28 15:56:47,563 [Listener at 127.0.0.1/41537] INFO  ozone.MiniOzoneClusterImpl (MiniOzoneClusterImpl.java:lambda$waitForClusterToBeReady$0(216)) - Nodes are ready. Got 5 of 5 DN Heartbeats.
2022-09-28 15:56:47,563 [Listener at 127.0.0.1/41537] INFO  ozone.MiniOzoneClusterImpl (MiniOzoneClusterImpl.java:lambda$waitForClusterToBeReady$0(219)) - Waiting for cluster to exit safe mode
2022-09-28 15:56:47,563 [Listener at 127.0.0.1/41537] INFO  ozone.MiniOzoneClusterImpl (MiniOzoneClusterImpl.java:lambda$waitForClusterToBeReady$0(221)) - SCM became leader
2022-09-28 15:56:47,630 [8c5cbec5-1e98-45a3-8a83-5527ccbe40ad@group-B28A2FAC6A9A-FollowerState] INFO  impl.FollowerState (FollowerState.java:run(143)) - 8c5cbec5-1e98-45a3-8a83-5527ccbe40ad@group-B28A2FAC6A9A-FollowerState: change to CANDIDATE, lastRpcElapsedTime:5041604770ns, electionTimeout:5018ms
2022-09-28 15:56:47,630 [8c5cbec5-1e98-45a3-8a83-5527ccbe40ad@group-B28A2FAC6A9A-FollowerState] INFO  impl.RoleInfo (RoleInfo.java:shutdownFollowerState(110)) - 8c5cbec5-1e98-45a3-8a83-5527ccbe40ad: shutdown 8c5cbec5-1e98-45a3-8a83-5527ccbe40ad@group-B28A2FAC6A9A-FollowerState
2022-09-28 15:56:47,630 [8c5cbec5-1e98-45a3-8a83-5527ccbe40ad@group-B28A2FAC6A9A-FollowerState] INFO  server.RaftServer$Division (RaftServerImpl.java:setRole(299)) - 8c5cbec5-1e98-45a3-8a83-5527ccbe40ad@group-B28A2FAC6A9A: changes role from  FOLLOWER to CANDIDATE at term 0 for changeToCandidate
2022-09-28 15:56:47,630 [8c5cbec5-1e98-45a3-8a83-5527ccbe40ad@group-B28A2FAC6A9A-FollowerState] INFO  server.RaftServerConfigKeys (ConfUtils.java:logGet(46)) - raft.server.leaderelection.pre-vote = false (custom)
2022-09-28 15:56:47,630 [8c5cbec5-1e98-45a3-8a83-5527ccbe40ad@group-B28A2FAC6A9A-FollowerState] INFO  impl.RoleInfo (RoleInfo.java:updateAndGet(139)) - 8c5cbec5-1e98-45a3-8a83-5527ccbe40ad: start 8c5cbec5-1e98-45a3-8a83-5527ccbe40ad@group-B28A2FAC6A9A-LeaderElection40
2022-09-28 15:56:47,703 [8c5cbec5-1e98-45a3-8a83-5527ccbe40ad@group-B28A2FAC6A9A-LeaderElection40] INFO  impl.LeaderElection (LeaderElection.java:askForVotes(310)) - 8c5cbec5-1e98-45a3-8a83-5527ccbe40ad@group-B28A2FAC6A9A-LeaderElection40 ELECTION round 0: submit vote requests at term 1 for -1: [8c5cbec5-1e98-45a3-8a83-5527ccbe40ad|rpc:10.1.1.55:44337|priority:1], old=null
2022-09-28 15:56:47,703 [8c5cbec5-1e98-45a3-8a83-5527ccbe40ad@group-B28A2FAC6A9A-LeaderElection40] INFO  impl.LeaderElection (LeaderElection.java:askForVotes(312)) - 8c5cbec5-1e98-45a3-8a83-5527ccbe40ad@group-B28A2FAC6A9A-LeaderElection40 ELECTION round 0: result PASSED (term=1)
2022-09-28 15:56:47,704 [8c5cbec5-1e98-45a3-8a83-5527ccbe40ad@group-B28A2FAC6A9A-LeaderElection40] INFO  impl.RoleInfo (RoleInfo.java:shutdownLeaderElection(130)) - 8c5cbec5-1e98-45a3-8a83-5527ccbe40ad: shutdown 8c5cbec5-1e98-45a3-8a83-5527ccbe40ad@group-B28A2FAC6A9A-LeaderElection40
2022-09-28 15:56:47,704 [8c5cbec5-1e98-45a3-8a83-5527ccbe40ad@group-B28A2FAC6A9A-LeaderElection40] INFO  server.RaftServer$Division (RaftServerImpl.java:setRole(299)) - 8c5cbec5-1e98-45a3-8a83-5527ccbe40ad@group-B28A2FAC6A9A: changes role from CANDIDATE to LEADER at term 1 for changeToLeader
2022-09-28 15:56:47,704 [8c5cbec5-1e98-45a3-8a83-5527ccbe40ad@group-B28A2FAC6A9A-LeaderElection40] INFO  ratis.XceiverServerRatis (XceiverServerRatis.java:handleLeaderChangedNotification(863)) - Leader change notification received for group: group-B28A2FAC6A9A with new leaderId: 8c5cbec5-1e98-45a3-8a83-5527ccbe40ad
2022-09-28 15:56:47,704 [8c5cbec5-1e98-45a3-8a83-5527ccbe40ad@group-B28A2FAC6A9A-LeaderElection40] INFO  server.RaftServer$Division (ServerState.java:setLeader(287)) - 8c5cbec5-1e98-45a3-8a83-5527ccbe40ad@group-B28A2FAC6A9A: change Leader from null to 8c5cbec5-1e98-45a3-8a83-5527ccbe40ad at term 1 for becomeLeader, leader elected after 5191ms
2022-09-28 15:56:47,704 [8c5cbec5-1e98-45a3-8a83-5527ccbe40ad@group-B28A2FAC6A9A-LeaderElection40] INFO  server.RaftServerConfigKeys (ConfUtils.java:logGet(46)) - raft.server.staging.catchup.gap = 1000 (default)
2022-09-28 15:56:47,705 [8c5cbec5-1e98-45a3-8a83-5527ccbe40ad@group-B28A2FAC6A9A-LeaderElection40] INFO  server.RaftServerConfigKeys (ConfUtils.java:logGet(46)) - raft.server.write.element-limit = 1024 (custom)
2022-09-28 15:56:47,705 [8c5cbec5-1e98-45a3-8a83-5527ccbe40ad@group-B28A2FAC6A9A-LeaderElection40] INFO  server.RaftServerConfigKeys (ConfUtils.java:logGet(46)) - raft.server.write.byte-limit = 1024 M (=1073741824) (custom)
2022-09-28 15:56:47,705 [8c5cbec5-1e98-45a3-8a83-5527ccbe40ad@group-B28A2FAC6A9A-LeaderElection40] INFO  server.RaftServerConfigKeys (ConfUtils.java:logGet(46)) - raft.server.watch.timeout = 180s (custom)
2022-09-28 15:56:47,705 [8c5cbec5-1e98-45a3-8a83-5527ccbe40ad@group-B28A2FAC6A9A-LeaderElection40] INFO  server.RaftServerConfigKeys (ConfUtils.java:logGet(46)) - raft.server.watch.timeout.denomination = 1s (default)
2022-09-28 15:56:47,705 [8c5cbec5-1e98-45a3-8a83-5527ccbe40ad@group-B28A2FAC6A9A-LeaderElection40] INFO  server.RaftServerConfigKeys (ConfUtils.java:logGet(46)) - raft.server.watch.element-limit = 65536 (default)
2022-09-28 15:56:47,707 [8c5cbec5-1e98-45a3-8a83-5527ccbe40ad@group-B28A2FAC6A9A-LeaderElection40] INFO  server.RaftServerConfigKeys (ConfUtils.java:logGet(46)) - raft.server.write.element-limit = 1024 (custom)
2022-09-28 15:56:47,707 [8c5cbec5-1e98-45a3-8a83-5527ccbe40ad@group-B28A2FAC6A9A-LeaderElection40] INFO  server.RaftServerConfigKeys (ConfUtils.java:logGet(46)) - raft.server.write.follower.gap.ratio.max = -1.0 (default)
2022-09-28 15:56:47,707 [8c5cbec5-1e98-45a3-8a83-5527ccbe40ad@group-B28A2FAC6A9A-LeaderElection40] INFO  impl.RoleInfo (RoleInfo.java:updateAndGet(139)) - 8c5cbec5-1e98-45a3-8a83-5527ccbe40ad: start 8c5cbec5-1e98-45a3-8a83-5527ccbe40ad@group-B28A2FAC6A9A-LeaderStateImpl
2022-09-28 15:56:47,707 [EventQueue-OpenPipelineForHealthyPipelineSafeModeRule] INFO  safemode.SCMSafeModeManager (HealthyPipelineSafeModeRule.java:process(137)) - SCM in safe mode. Healthy pipelines reported count is 0, required healthy pipeline reported count is 1
2022-09-28 15:56:47,707 [8c5cbec5-1e98-45a3-8a83-5527ccbe40ad@group-B28A2FAC6A9A-LeaderElection40] INFO  segmented.SegmentedRaftLogWorker (SegmentedRaftLogWorker.java:startLogSegment(425)) - 8c5cbec5-1e98-45a3-8a83-5527ccbe40ad@group-B28A2FAC6A9A-SegmentedRaftLogWorker: Starting segment from index:0
2022-09-28 15:56:47,709 [8c5cbec5-1e98-45a3-8a83-5527ccbe40ad@group-B28A2FAC6A9A-SegmentedRaftLogWorker] INFO  segmented.SegmentedRaftLogWorker (SegmentedRaftLogWorker.java:execute(629)) - 8c5cbec5-1e98-45a3-8a83-5527ccbe40ad@group-B28A2FAC6A9A-SegmentedRaftLogWorker: created new log segment /home/runner/work/ozone/ozone/hadoop-ozone/integration-test/target/test-dir/MiniOzoneClusterImpl-3ec8252f-dc88-4027-b0d7-634db2a11e1f/datanode-0/data/ratis/737d70f4-bb96-465b-b8ed-b28a2fac6a9a/current/log_inprogress_0
2022-09-28 15:56:47,720 [8c5cbec5-1e98-45a3-8a83-5527ccbe40ad@group-B28A2FAC6A9A-LeaderElection40] INFO  server.RaftServer$Division (ServerState.java:setRaftConf(393)) - 8c5cbec5-1e98-45a3-8a83-5527ccbe40ad@group-B28A2FAC6A9A: set configuration 0: [8c5cbec5-1e98-45a3-8a83-5527ccbe40ad|rpc:10.1.1.55:44337|dataStream:|priority:1], old=null
2022-09-28 15:56:47,826 [8c5cbec5-1e98-45a3-8a83-5527ccbe40ad@group-BABD911B9D66-FollowerState] INFO  impl.FollowerState (FollowerState.java:run(143)) - 8c5cbec5-1e98-45a3-8a83-5527ccbe40ad@group-BABD911B9D66-FollowerState: change to CANDIDATE, lastRpcElapsedTime:5134558405ns, electionTimeout:5132ms
2022-09-28 15:56:47,826 [8c5cbec5-1e98-45a3-8a83-5527ccbe40ad@group-BABD911B9D66-FollowerState] INFO  impl.RoleInfo (RoleInfo.java:shutdownFollowerState(110)) - 8c5cbec5-1e98-45a3-8a83-5527ccbe40ad: shutdown 8c5cbec5-1e98-45a3-8a83-5527ccbe40ad@group-BABD911B9D66-FollowerState
2022-09-28 15:56:47,826 [8c5cbec5-1e98-45a3-8a83-5527ccbe40ad@group-BABD911B9D66-FollowerState] INFO  server.RaftServer$Division (RaftServerImpl.java:setRole(299)) - 8c5cbec5-1e98-45a3-8a83-5527ccbe40ad@group-BABD911B9D66: changes role from  FOLLOWER to CANDIDATE at term 0 for changeToCandidate
2022-09-28 15:56:47,826 [8c5cbec5-1e98-45a3-8a83-5527ccbe40ad@group-BABD911B9D66-FollowerState] INFO  server.RaftServerConfigKeys (ConfUtils.java:logGet(46)) - raft.server.leaderelection.pre-vote = false (custom)
2022-09-28 15:56:47,826 [8c5cbec5-1e98-45a3-8a83-5527ccbe40ad@group-BABD911B9D66-FollowerState] INFO  impl.RoleInfo (RoleInfo.java:updateAndGet(139)) - 8c5cbec5-1e98-45a3-8a83-5527ccbe40ad: start 8c5cbec5-1e98-45a3-8a83-5527ccbe40ad@group-BABD911B9D66-LeaderElection41
2022-09-28 15:56:47,861 [8c5cbec5-1e98-45a3-8a83-5527ccbe40ad@group-BABD911B9D66-LeaderElection41] INFO  impl.LeaderElection (LeaderElection.java:askForVotes(310)) - 8c5cbec5-1e98-45a3-8a83-5527ccbe40ad@group-BABD911B9D66-LeaderElection41 ELECTION round 0: submit vote requests at term 1 for -1: [8c5cbec5-1e98-45a3-8a83-5527ccbe40ad|rpc:10.1.1.55:44337|priority:0, 34248cef-dc81-419d-a997-c38b939b47d3|rpc:10.1.1.55:45713|priority:1, 0f80ef1a-6e1f-426a-9fb6-49677c19ba92|rpc:10.1.1.55:46649|priority:0], old=null
2022-09-28 15:56:47,928 [grpc-default-executor-0] INFO  server.RaftServer$Division (RaftServerImpl.java:requestVote(1152)) - 0f80ef1a-6e1f-426a-9fb6-49677c19ba92@group-BABD911B9D66: receive requestVote(ELECTION, 8c5cbec5-1e98-45a3-8a83-5527ccbe40ad, group-BABD911B9D66, 1, (t:0, i:0))
2022-09-28 15:56:47,928 [grpc-default-executor-0] INFO  impl.VoteContext (VoteContext.java:log(48)) - 0f80ef1a-6e1f-426a-9fb6-49677c19ba92@group-BABD911B9D66-FOLLOWER: accept ELECTION from 8c5cbec5-1e98-45a3-8a83-5527ccbe40ad: our priority 0 <= candidate's priority 0
2022-09-28 15:56:47,928 [grpc-default-executor-0] INFO  server.RaftServer$Division (RaftServerImpl.java:setRole(299)) - 0f80ef1a-6e1f-426a-9fb6-49677c19ba92@group-BABD911B9D66: changes role from  FOLLOWER to FOLLOWER at term 1 for candidate:8c5cbec5-1e98-45a3-8a83-5527ccbe40ad
2022-09-28 15:56:47,928 [grpc-default-executor-0] INFO  impl.RoleInfo (RoleInfo.java:shutdownFollowerState(110)) - 0f80ef1a-6e1f-426a-9fb6-49677c19ba92: shutdown 0f80ef1a-6e1f-426a-9fb6-49677c19ba92@group-BABD911B9D66-FollowerState
2022-09-28 15:56:47,928 [grpc-default-executor-0] INFO  impl.RoleInfo (RoleInfo.java:updateAndGet(139)) - 0f80ef1a-6e1f-426a-9fb6-49677c19ba92: start 0f80ef1a-6e1f-426a-9fb6-49677c19ba92@group-BABD911B9D66-FollowerState
2022-09-28 15:56:47,953 [0f80ef1a-6e1f-426a-9fb6-49677c19ba92@group-BABD911B9D66-FollowerState] INFO  impl.FollowerState (FollowerState.java:run(152)) - 0f80ef1a-6e1f-426a-9fb6-49677c19ba92@group-BABD911B9D66-FollowerState was interrupted
2022-09-28 15:56:47,979 [grpc-default-executor-0] INFO  server.RaftServer$Division (RaftServerImpl.java:requestVote(1184)) - 0f80ef1a-6e1f-426a-9fb6-49677c19ba92@group-BABD911B9D66 replies to ELECTION vote request: 8c5cbec5-1e98-45a3-8a83-5527ccbe40ad<-0f80ef1a-6e1f-426a-9fb6-49677c19ba92#0:OK-t1. Peer's state: 0f80ef1a-6e1f-426a-9fb6-49677c19ba92@group-BABD911B9D66:t1, leader=null, voted=8c5cbec5-1e98-45a3-8a83-5527ccbe40ad, raftlog=0f80ef1a-6e1f-426a-9fb6-49677c19ba92@group-BABD911B9D66-SegmentedRaftLog:OPENED:c-1, conf=-1: [8c5cbec5-1e98-45a3-8a83-5527ccbe40ad|rpc:10.1.1.55:44337|dataStream:|priority:0, 34248cef-dc81-419d-a997-c38b939b47d3|rpc:10.1.1.55:45713|dataStream:|priority:1, 0f80ef1a-6e1f-426a-9fb6-49677c19ba92|rpc:10.1.1.55:46649|dataStream:|priority:0], old=null
2022-09-28 15:56:47,988 [grpc-default-executor-0] INFO  server.RaftServer$Division (RaftServerImpl.java:requestVote(1152)) - 34248cef-dc81-419d-a997-c38b939b47d3@group-BABD911B9D66: receive requestVote(ELECTION, 8c5cbec5-1e98-45a3-8a83-5527ccbe40ad, group-BABD911B9D66, 1, (t:0, i:0))
2022-09-28 15:56:47,988 [grpc-default-executor-0] INFO  impl.VoteContext (VoteContext.java:log(48)) - 34248cef-dc81-419d-a997-c38b939b47d3@group-BABD911B9D66-FOLLOWER: reject ELECTION from 8c5cbec5-1e98-45a3-8a83-5527ccbe40ad: our priority 1 > candidate's priority 0
2022-09-28 15:56:47,988 [grpc-default-executor-0] INFO  server.RaftServer$Division (RaftServerImpl.java:setRole(299)) - 34248cef-dc81-419d-a997-c38b939b47d3@group-BABD911B9D66: changes role from  FOLLOWER to FOLLOWER at term 1 for candidate:8c5cbec5-1e98-45a3-8a83-5527ccbe40ad
2022-09-28 15:56:47,988 [grpc-default-executor-0] INFO  impl.RoleInfo (RoleInfo.java:shutdownFollowerState(110)) - 34248cef-dc81-419d-a997-c38b939b47d3: shutdown 34248cef-dc81-419d-a997-c38b939b47d3@group-BABD911B9D66-FollowerState
2022-09-28 15:56:47,989 [grpc-default-executor-0] INFO  impl.RoleInfo (RoleInfo.java:updateAndGet(139)) - 34248cef-dc81-419d-a997-c38b939b47d3: start 34248cef-dc81-419d-a997-c38b939b47d3@group-BABD911B9D66-FollowerState
2022-09-28 15:56:47,989 [34248cef-dc81-419d-a997-c38b939b47d3@group-BABD911B9D66-FollowerState] INFO  impl.FollowerState (FollowerState.java:run(152)) - 34248cef-dc81-419d-a997-c38b939b47d3@group-BABD911B9D66-FollowerState was interrupted
2022-09-28 15:56:47,992 [grpc-default-executor-0] INFO  server.RaftServer$Division (RaftServerImpl.java:requestVote(1184)) - 34248cef-dc81-419d-a997-c38b939b47d3@group-BABD911B9D66 replies to ELECTION vote request: 8c5cbec5-1e98-45a3-8a83-5527ccbe40ad<-34248cef-dc81-419d-a997-c38b939b47d3#0:FAIL-t1. Peer's state: 34248cef-dc81-419d-a997-c38b939b47d3@group-BABD911B9D66:t1, leader=null, voted=null, raftlog=34248cef-dc81-419d-a997-c38b939b47d3@group-BABD911B9D66-SegmentedRaftLog:OPENED:c-1, conf=-1: [8c5cbec5-1e98-45a3-8a83-5527ccbe40ad|rpc:10.1.1.55:44337|dataStream:|priority:0, 34248cef-dc81-419d-a997-c38b939b47d3|rpc:10.1.1.55:45713|dataStream:|priority:1, 0f80ef1a-6e1f-426a-9fb6-49677c19ba92|rpc:10.1.1.55:46649|dataStream:|priority:0], old=null
2022-09-28 15:56:48,039 [8c5cbec5-1e98-45a3-8a83-5527ccbe40ad@group-BABD911B9D66-LeaderElection41] INFO  impl.LeaderElection (LeaderElection.java:logAndReturn(90)) - 8c5cbec5-1e98-45a3-8a83-5527ccbe40ad@group-BABD911B9D66-LeaderElection41: ELECTION REJECTED received 2 response(s) and 0 exception(s):
2022-09-28 15:56:48,040 [8c5cbec5-1e98-45a3-8a83-5527ccbe40ad@group-BABD911B9D66-LeaderElection41] INFO  impl.LeaderElection (LeaderElection.java:logAndReturn(94)) -   Response 0: 8c5cbec5-1e98-45a3-8a83-5527ccbe40ad<-34248cef-dc81-419d-a997-c38b939b47d3#0:FAIL-t1
2022-09-28 15:56:48,040 [8c5cbec5-1e98-45a3-8a83-5527ccbe40ad@group-BABD911B9D66-LeaderElection41] INFO  impl.LeaderElection (LeaderElection.java:logAndReturn(94)) -   Response 1: 8c5cbec5-1e98-45a3-8a83-5527ccbe40ad<-0f80ef1a-6e1f-426a-9fb6-49677c19ba92#0:OK-t1
2022-09-28 15:56:48,040 [8c5cbec5-1e98-45a3-8a83-5527ccbe40ad@group-BABD911B9D66-LeaderElection41] INFO  impl.LeaderElection (LeaderElection.java:askForVotes(312)) - 8c5cbec5-1e98-45a3-8a83-5527ccbe40ad@group-BABD911B9D66-LeaderElection41 ELECTION round 0: result REJECTED
2022-09-28 15:56:48,040 [8c5cbec5-1e98-45a3-8a83-5527ccbe40ad@group-BABD911B9D66-LeaderElection41] INFO  server.RaftServer$Division (RaftServerImpl.java:setRole(299)) - 8c5cbec5-1e98-45a3-8a83-5527ccbe40ad@group-BABD911B9D66: changes role from CANDIDATE to FOLLOWER at term 1 for REJECTED
2022-09-28 15:56:48,040 [8c5cbec5-1e98-45a3-8a83-5527ccbe40ad@group-BABD911B9D66-LeaderElection41] INFO  impl.RoleInfo (RoleInfo.java:shutdownLeaderElection(130)) - 8c5cbec5-1e98-45a3-8a83-5527ccbe40ad: shutdown 8c5cbec5-1e98-45a3-8a83-5527ccbe40ad@group-BABD911B9D66-LeaderElection41
2022-09-28 15:56:48,040 [8c5cbec5-1e98-45a3-8a83-5527ccbe40ad@group-BABD911B9D66-LeaderElection41] INFO  impl.RoleInfo (RoleInfo.java:updateAndGet(139)) - 8c5cbec5-1e98-45a3-8a83-5527ccbe40ad: start 8c5cbec5-1e98-45a3-8a83-5527ccbe40ad@group-BABD911B9D66-FollowerState
2022-09-28 15:56:48,563 [Listener at 127.0.0.1/41537] INFO  ozone.MiniOzoneClusterImpl (MiniOzoneClusterImpl.java:lambda$waitForClusterToBeReady$0(216)) - Nodes are ready. Got 5 of 5 DN Heartbeats.
2022-09-28 15:56:48,565 [Listener at 127.0.0.1/41537] INFO  ozone.MiniOzoneClusterImpl (MiniOzoneClusterImpl.java:lambda$waitForClusterToBeReady$0(219)) - Waiting for cluster to exit safe mode
2022-09-28 15:56:48,565 [Listener at 127.0.0.1/41537] INFO  ozone.MiniOzoneClusterImpl (MiniOzoneClusterImpl.java:lambda$waitForClusterToBeReady$0(221)) - SCM became leader
2022-09-28 15:56:48,583 [8c5cbec5-1e98-45a3-8a83-5527ccbe40ad@group-61C24E5E1F07-FollowerState] INFO  impl.FollowerState (FollowerState.java:run(143)) - 8c5cbec5-1e98-45a3-8a83-5527ccbe40ad@group-61C24E5E1F07-FollowerState: change to CANDIDATE, lastRpcElapsedTime:5015787505ns, electionTimeout:5009ms
2022-09-28 15:56:48,583 [8c5cbec5-1e98-45a3-8a83-5527ccbe40ad@group-61C24E5E1F07-FollowerState] INFO  impl.RoleInfo (RoleInfo.java:shutdownFollowerState(110)) - 8c5cbec5-1e98-45a3-8a83-5527ccbe40ad: shutdown 8c5cbec5-1e98-45a3-8a83-5527ccbe40ad@group-61C24E5E1F07-FollowerState
2022-09-28 15:56:48,584 [8c5cbec5-1e98-45a3-8a83-5527ccbe40ad@group-61C24E5E1F07-FollowerState] INFO  server.RaftServer$Division (RaftServerImpl.java:setRole(299)) - 8c5cbec5-1e98-45a3-8a83-5527ccbe40ad@group-61C24E5E1F07: changes role from  FOLLOWER to CANDIDATE at term 0 for changeToCandidate
2022-09-28 15:56:48,584 [8c5cbec5-1e98-45a3-8a83-5527ccbe40ad@group-61C24E5E1F07-FollowerState] INFO  server.RaftServerConfigKeys (ConfUtils.java:logGet(46)) - raft.server.leaderelection.pre-vote = false (custom)
2022-09-28 15:56:48,584 [8c5cbec5-1e98-45a3-8a83-5527ccbe40ad@group-61C24E5E1F07-FollowerState] INFO  impl.RoleInfo (RoleInfo.java:updateAndGet(139)) - 8c5cbec5-1e98-45a3-8a83-5527ccbe40ad: start 8c5cbec5-1e98-45a3-8a83-5527ccbe40ad@group-61C24E5E1F07-LeaderElection42
2022-09-28 15:56:48,610 [8c5cbec5-1e98-45a3-8a83-5527ccbe40ad@group-61C24E5E1F07-LeaderElection42] INFO  impl.LeaderElection (LeaderElection.java:askForVotes(310)) - 8c5cbec5-1e98-45a3-8a83-5527ccbe40ad@group-61C24E5E1F07-LeaderElection42 ELECTION round 0: submit vote requests at term 1 for -1: [34248cef-dc81-419d-a997-c38b939b47d3|rpc:10.1.1.55:45713|priority:0, 8c5cbec5-1e98-45a3-8a83-5527ccbe40ad|rpc:10.1.1.55:44337|priority:0, 0f80ef1a-6e1f-426a-9fb6-49677c19ba92|rpc:10.1.1.55:46649|priority:1], old=null
2022-09-28 15:56:48,629 [grpc-default-executor-0] INFO  server.RaftServer$Division (RaftServerImpl.java:requestVote(1152)) - 34248cef-dc81-419d-a997-c38b939b47d3@group-61C24E5E1F07: receive requestVote(ELECTION, 8c5cbec5-1e98-45a3-8a83-5527ccbe40ad, group-61C24E5E1F07, 1, (t:0, i:0))
2022-09-28 15:56:48,629 [grpc-default-executor-0] INFO  impl.VoteContext (VoteContext.java:log(48)) - 34248cef-dc81-419d-a997-c38b939b47d3@group-61C24E5E1F07-FOLLOWER: accept ELECTION from 8c5cbec5-1e98-45a3-8a83-5527ccbe40ad: our priority 0 <= candidate's priority 0
2022-09-28 15:56:48,629 [grpc-default-executor-0] INFO  server.RaftServer$Division (RaftServerImpl.java:setRole(299)) - 34248cef-dc81-419d-a997-c38b939b47d3@group-61C24E5E1F07: changes role from  FOLLOWER to FOLLOWER at term 1 for candidate:8c5cbec5-1e98-45a3-8a83-5527ccbe40ad
2022-09-28 15:56:48,629 [grpc-default-executor-0] INFO  impl.RoleInfo (RoleInfo.java:shutdownFollowerState(110)) - 34248cef-dc81-419d-a997-c38b939b47d3: shutdown 34248cef-dc81-419d-a997-c38b939b47d3@group-61C24E5E1F07-FollowerState
2022-09-28 15:56:48,645 [grpc-default-executor-0] INFO  impl.RoleInfo (RoleInfo.java:updateAndGet(139)) - 34248cef-dc81-419d-a997-c38b939b47d3: start 34248cef-dc81-419d-a997-c38b939b47d3@group-61C24E5E1F07-FollowerState
2022-09-28 15:56:48,648 [34248cef-dc81-419d-a997-c38b939b47d3@group-6A5DE9B292EF-FollowerState] INFO  impl.FollowerState (FollowerState.java:run(143)) - 34248cef-dc81-419d-a997-c38b939b47d3@group-6A5DE9B292EF-FollowerState: change to CANDIDATE, lastRpcElapsedTime:5177330428ns, electionTimeout:5166ms
2022-09-28 15:56:48,648 [34248cef-dc81-419d-a997-c38b939b47d3@group-6A5DE9B292EF-FollowerState] INFO  impl.RoleInfo (RoleInfo.java:shutdownFollowerState(110)) - 34248cef-dc81-419d-a997-c38b939b47d3: shutdown 34248cef-dc81-419d-a997-c38b939b47d3@group-6A5DE9B292EF-FollowerState
2022-09-28 15:56:48,648 [34248cef-dc81-419d-a997-c38b939b47d3@group-6A5DE9B292EF-FollowerState] INFO  server.RaftServer$Division (RaftServerImpl.java:setRole(299)) - 34248cef-dc81-419d-a997-c38b939b47d3@group-6A5DE9B292EF: changes role from  FOLLOWER to CANDIDATE at term 0 for changeToCandidate
2022-09-28 15:56:48,648 [34248cef-dc81-419d-a997-c38b939b47d3@group-6A5DE9B292EF-FollowerState] INFO  server.RaftServerConfigKeys (ConfUtils.java:logGet(46)) - raft.server.leaderelection.pre-vote = false (custom)
2022-09-28 15:56:48,648 [34248cef-dc81-419d-a997-c38b939b47d3@group-6A5DE9B292EF-FollowerState] INFO  impl.RoleInfo (RoleInfo.java:updateAndGet(139)) - 34248cef-dc81-419d-a997-c38b939b47d3: start 34248cef-dc81-419d-a997-c38b939b47d3@group-6A5DE9B292EF-LeaderElection43
2022-09-28 15:56:48,650 [grpc-default-executor-1] INFO  server.RaftServer$Division (RaftServerImpl.java:requestVote(1152)) - 0f80ef1a-6e1f-426a-9fb6-49677c19ba92@group-61C24E5E1F07: receive requestVote(ELECTION, 8c5cbec5-1e98-45a3-8a83-5527ccbe40ad, group-61C24E5E1F07, 1, (t:0, i:0))
2022-09-28 15:56:48,650 [grpc-default-executor-1] INFO  impl.VoteContext (VoteContext.java:log(48)) - 0f80ef1a-6e1f-426a-9fb6-49677c19ba92@group-61C24E5E1F07-FOLLOWER: reject ELECTION from 8c5cbec5-1e98-45a3-8a83-5527ccbe40ad: our priority 1 > candidate's priority 0
2022-09-28 15:56:48,650 [grpc-default-executor-1] INFO  server.RaftServer$Division (RaftServerImpl.java:setRole(299)) - 0f80ef1a-6e1f-426a-9fb6-49677c19ba92@group-61C24E5E1F07: changes role from  FOLLOWER to FOLLOWER at term 1 for candidate:8c5cbec5-1e98-45a3-8a83-5527ccbe40ad
2022-09-28 15:56:48,650 [grpc-default-executor-1] INFO  impl.RoleInfo (RoleInfo.java:shutdownFollowerState(110)) - 0f80ef1a-6e1f-426a-9fb6-49677c19ba92: shutdown 0f80ef1a-6e1f-426a-9fb6-49677c19ba92@group-61C24E5E1F07-FollowerState
2022-09-28 15:56:48,651 [grpc-default-executor-1] INFO  impl.RoleInfo (RoleInfo.java:updateAndGet(139)) - 0f80ef1a-6e1f-426a-9fb6-49677c19ba92: start 0f80ef1a-6e1f-426a-9fb6-49677c19ba92@group-61C24E5E1F07-FollowerState
2022-09-28 15:56:48,651 [0f80ef1a-6e1f-426a-9fb6-49677c19ba92@group-61C24E5E1F07-FollowerState] INFO  impl.FollowerState (FollowerState.java:run(152)) - 0f80ef1a-6e1f-426a-9fb6-49677c19ba92@group-61C24E5E1F07-FollowerState was interrupted
2022-09-28 15:56:48,651 [34248cef-dc81-419d-a997-c38b939b47d3@group-61C24E5E1F07-FollowerState] INFO  impl.FollowerState (FollowerState.java:run(152)) - 34248cef-dc81-419d-a997-c38b939b47d3@group-61C24E5E1F07-FollowerState was interrupted
2022-09-28 15:56:48,651 [grpc-default-executor-0] INFO  server.RaftServer$Division (RaftServerImpl.java:requestVote(1184)) - 34248cef-dc81-419d-a997-c38b939b47d3@group-61C24E5E1F07 replies to ELECTION vote request: 8c5cbec5-1e98-45a3-8a83-5527ccbe40ad<-34248cef-dc81-419d-a997-c38b939b47d3#0:OK-t1. Peer's state: 34248cef-dc81-419d-a997-c38b939b47d3@group-61C24E5E1F07:t1, leader=null, voted=8c5cbec5-1e98-45a3-8a83-5527ccbe40ad, raftlog=34248cef-dc81-419d-a997-c38b939b47d3@group-61C24E5E1F07-SegmentedRaftLog:OPENED:c-1, conf=-1: [34248cef-dc81-419d-a997-c38b939b47d3|rpc:10.1.1.55:45713|priority:0, 8c5cbec5-1e98-45a3-8a83-5527ccbe40ad|rpc:10.1.1.55:44337|priority:0, 0f80ef1a-6e1f-426a-9fb6-49677c19ba92|rpc:10.1.1.55:46649|priority:1], old=null
2022-09-28 15:56:48,664 [grpc-default-executor-1] INFO  server.RaftServer$Division (RaftServerImpl.java:requestVote(1184)) - 0f80ef1a-6e1f-426a-9fb6-49677c19ba92@group-61C24E5E1F07 replies to ELECTION vote request: 8c5cbec5-1e98-45a3-8a83-5527ccbe40ad<-0f80ef1a-6e1f-426a-9fb6-49677c19ba92#0:FAIL-t1. Peer's state: 0f80ef1a-6e1f-426a-9fb6-49677c19ba92@group-61C24E5E1F07:t1, leader=null, voted=null, raftlog=0f80ef1a-6e1f-426a-9fb6-49677c19ba92@group-61C24E5E1F07-SegmentedRaftLog:OPENED:c-1, conf=-1: [34248cef-dc81-419d-a997-c38b939b47d3|rpc:10.1.1.55:45713|dataStream:|priority:0, 8c5cbec5-1e98-45a3-8a83-5527ccbe40ad|rpc:10.1.1.55:44337|dataStream:|priority:0, 0f80ef1a-6e1f-426a-9fb6-49677c19ba92|rpc:10.1.1.55:46649|dataStream:|priority:1], old=null
2022-09-28 15:56:48,687 [34248cef-dc81-419d-a997-c38b939b47d3@group-6A5DE9B292EF-LeaderElection43] INFO  impl.LeaderElection (LeaderElection.java:askForVotes(310)) - 34248cef-dc81-419d-a997-c38b939b47d3@group-6A5DE9B292EF-LeaderElection43 ELECTION round 0: submit vote requests at term 1 for -1: [34248cef-dc81-419d-a997-c38b939b47d3|rpc:10.1.1.55:45713|priority:1], old=null
2022-09-28 15:56:48,688 [34248cef-dc81-419d-a997-c38b939b47d3@group-6A5DE9B292EF-LeaderElection43] INFO  impl.LeaderElection (LeaderElection.java:askForVotes(312)) - 34248cef-dc81-419d-a997-c38b939b47d3@group-6A5DE9B292EF-LeaderElection43 ELECTION round 0: result PASSED (term=1)
2022-09-28 15:56:48,688 [34248cef-dc81-419d-a997-c38b939b47d3@group-6A5DE9B292EF-LeaderElection43] INFO  impl.RoleInfo (RoleInfo.java:shutdownLeaderElection(130)) - 34248cef-dc81-419d-a997-c38b939b47d3: shutdown 34248cef-dc81-419d-a997-c38b939b47d3@group-6A5DE9B292EF-LeaderElection43
2022-09-28 15:56:48,689 [34248cef-dc81-419d-a997-c38b939b47d3@group-6A5DE9B292EF-LeaderElection43] INFO  server.RaftServer$Division (RaftServerImpl.java:setRole(299)) - 34248cef-dc81-419d-a997-c38b939b47d3@group-6A5DE9B292EF: changes role from CANDIDATE to LEADER at term 1 for changeToLeader
2022-09-28 15:56:48,689 [34248cef-dc81-419d-a997-c38b939b47d3@group-6A5DE9B292EF-LeaderElection43] INFO  ratis.XceiverServerRatis (XceiverServerRatis.java:handleLeaderChangedNotification(863)) - Leader change notification received for group: group-6A5DE9B292EF with new leaderId: 34248cef-dc81-419d-a997-c38b939b47d3
2022-09-28 15:56:48,689 [34248cef-dc81-419d-a997-c38b939b47d3@group-6A5DE9B292EF-LeaderElection43] INFO  server.RaftServer$Division (ServerState.java:setLeader(287)) - 34248cef-dc81-419d-a997-c38b939b47d3@group-6A5DE9B292EF: change Leader from null to 34248cef-dc81-419d-a997-c38b939b47d3 at term 1 for becomeLeader, leader elected after 5272ms
2022-09-28 15:56:48,689 [34248cef-dc81-419d-a997-c38b939b47d3@group-6A5DE9B292EF-LeaderElection43] INFO  server.RaftServerConfigKeys (ConfUtils.java:logGet(46)) - raft.server.staging.catchup.gap = 1000 (default)
2022-09-28 15:56:48,689 [34248cef-dc81-419d-a997-c38b939b47d3@group-6A5DE9B292EF-LeaderElection43] INFO  server.RaftServerConfigKeys (ConfUtils.java:logGet(46)) - raft.server.write.element-limit = 1024 (custom)
2022-09-28 15:56:48,689 [34248cef-dc81-419d-a997-c38b939b47d3@group-6A5DE9B292EF-LeaderElection43] INFO  server.RaftServerConfigKeys (ConfUtils.java:logGet(46)) - raft.server.write.byte-limit = 1024 M (=1073741824) (custom)
2022-09-28 15:56:48,690 [34248cef-dc81-419d-a997-c38b939b47d3@group-6A5DE9B292EF-LeaderElection43] INFO  server.RaftServerConfigKeys (ConfUtils.java:logGet(46)) - raft.server.watch.timeout = 180s (custom)
2022-09-28 15:56:48,690 [34248cef-dc81-419d-a997-c38b939b47d3@group-6A5DE9B292EF-LeaderElection43] INFO  server.RaftServerConfigKeys (ConfUtils.java:logGet(46)) - raft.server.watch.timeout.denomination = 1s (default)
2022-09-28 15:56:48,690 [34248cef-dc81-419d-a997-c38b939b47d3@group-6A5DE9B292EF-LeaderElection43] INFO  server.RaftServerConfigKeys (ConfUtils.java:logGet(46)) - raft.server.watch.element-limit = 65536 (default)
2022-09-28 15:56:48,690 [34248cef-dc81-419d-a997-c38b939b47d3@group-6A5DE9B292EF-LeaderElection43] INFO  server.RaftServerConfigKeys (ConfUtils.java:logGet(46)) - raft.server.write.element-limit = 1024 (custom)
2022-09-28 15:56:48,690 [34248cef-dc81-419d-a997-c38b939b47d3@group-6A5DE9B292EF-LeaderElection43] INFO  server.RaftServerConfigKeys (ConfUtils.java:logGet(46)) - raft.server.write.follower.gap.ratio.max = -1.0 (default)
2022-09-28 15:56:48,690 [34248cef-dc81-419d-a997-c38b939b47d3@group-6A5DE9B292EF-LeaderElection43] INFO  impl.RoleInfo (RoleInfo.java:updateAndGet(139)) - 34248cef-dc81-419d-a997-c38b939b47d3: start 34248cef-dc81-419d-a997-c38b939b47d3@group-6A5DE9B292EF-LeaderStateImpl
2022-09-28 15:56:48,690 [34248cef-dc81-419d-a997-c38b939b47d3@group-6A5DE9B292EF-LeaderElection43] INFO  segmented.SegmentedRaftLogWorker (SegmentedRaftLogWorker.java:startLogSegment(425)) - 34248cef-dc81-419d-a997-c38b939b47d3@group-6A5DE9B292EF-SegmentedRaftLogWorker: Starting segment from index:0
2022-09-28 15:56:48,693 [34248cef-dc81-419d-a997-c38b939b47d3@group-6A5DE9B292EF-SegmentedRaftLogWorker] INFO  segmented.SegmentedRaftLogWorker (SegmentedRaftLogWorker.java:execute(629)) - 34248cef-dc81-419d-a997-c38b939b47d3@group-6A5DE9B292EF-SegmentedRaftLogWorker: created new log segment /home/runner/work/ozone/ozone/hadoop-ozone/integration-test/target/test-dir/MiniOzoneClusterImpl-3ec8252f-dc88-4027-b0d7-634db2a11e1f/datanode-1/data/ratis/cfb0631a-0851-4ac4-8d19-6a5de9b292ef/current/log_inprogress_0
2022-09-28 15:56:48,704 [34248cef-dc81-419d-a997-c38b939b47d3@group-6A5DE9B292EF-LeaderElection43] INFO  server.RaftServer$Division (ServerState.java:setRaftConf(393)) - 34248cef-dc81-419d-a997-c38b939b47d3@group-6A5DE9B292EF: set configuration 0: [34248cef-dc81-419d-a997-c38b939b47d3|rpc:10.1.1.55:45713|dataStream:|priority:1], old=null
2022-09-28 15:56:48,697 [EventQueue-OpenPipelineForHealthyPipelineSafeModeRule] INFO  safemode.SCMSafeModeManager (HealthyPipelineSafeModeRule.java:process(137)) - SCM in safe mode. Healthy pipelines reported count is 0, required healthy pipeline reported count is 1
2022-09-28 15:56:48,697 [8c5cbec5-1e98-45a3-8a83-5527ccbe40ad@group-61C24E5E1F07-LeaderElection42] INFO  impl.LeaderElection (LeaderElection.java:logAndReturn(90)) - 8c5cbec5-1e98-45a3-8a83-5527ccbe40ad@group-61C24E5E1F07-LeaderElection42: ELECTION REJECTED received 2 response(s) and 0 exception(s):
2022-09-28 15:56:48,719 [8c5cbec5-1e98-45a3-8a83-5527ccbe40ad@group-61C24E5E1F07-LeaderElection42] INFO  impl.LeaderElection (LeaderElection.java:logAndReturn(94)) -   Response 0: 8c5cbec5-1e98-45a3-8a83-5527ccbe40ad<-34248cef-dc81-419d-a997-c38b939b47d3#0:OK-t1
2022-09-28 15:56:48,719 [8c5cbec5-1e98-45a3-8a83-5527ccbe40ad@group-61C24E5E1F07-LeaderElection42] INFO  impl.LeaderElection (LeaderElection.java:logAndReturn(94)) -   Response 1: 8c5cbec5-1e98-45a3-8a83-5527ccbe40ad<-0f80ef1a-6e1f-426a-9fb6-49677c19ba92#0:FAIL-t1
2022-09-28 15:56:48,719 [8c5cbec5-1e98-45a3-8a83-5527ccbe40ad@group-61C24E5E1F07-LeaderElection42] INFO  impl.LeaderElection (LeaderElection.java:askForVotes(312)) - 8c5cbec5-1e98-45a3-8a83-5527ccbe40ad@group-61C24E5E1F07-LeaderElection42 ELECTION round 0: result REJECTED
2022-09-28 15:56:48,719 [8c5cbec5-1e98-45a3-8a83-5527ccbe40ad@group-61C24E5E1F07-LeaderElection42] INFO  server.RaftServer$Division (RaftServerImpl.java:setRole(299)) - 8c5cbec5-1e98-45a3-8a83-5527ccbe40ad@group-61C24E5E1F07: changes role from CANDIDATE to FOLLOWER at term 1 for REJECTED
2022-09-28 15:56:48,719 [8c5cbec5-1e98-45a3-8a83-5527ccbe40ad@group-61C24E5E1F07-LeaderElection42] INFO  impl.RoleInfo (RoleInfo.java:shutdownLeaderElection(130)) - 8c5cbec5-1e98-45a3-8a83-5527ccbe40ad: shutdown 8c5cbec5-1e98-45a3-8a83-5527ccbe40ad@group-61C24E5E1F07-LeaderElection42
2022-09-28 15:56:48,719 [8c5cbec5-1e98-45a3-8a83-5527ccbe40ad@group-61C24E5E1F07-LeaderElection42] INFO  impl.RoleInfo (RoleInfo.java:updateAndGet(139)) - 8c5cbec5-1e98-45a3-8a83-5527ccbe40ad: start 8c5cbec5-1e98-45a3-8a83-5527ccbe40ad@group-61C24E5E1F07-FollowerState
2022-09-28 15:56:49,336 [0f80ef1a-6e1f-426a-9fb6-49677c19ba92@group-5C8FA02B77BD-FollowerState] INFO  impl.FollowerState (FollowerState.java:run(143)) - 0f80ef1a-6e1f-426a-9fb6-49677c19ba92@group-5C8FA02B77BD-FollowerState: change to CANDIDATE, lastRpcElapsedTime:5135112292ns, electionTimeout:5134ms
2022-09-28 15:56:49,336 [0f80ef1a-6e1f-426a-9fb6-49677c19ba92@group-5C8FA02B77BD-FollowerState] INFO  impl.RoleInfo (RoleInfo.java:shutdownFollowerState(110)) - 0f80ef1a-6e1f-426a-9fb6-49677c19ba92: shutdown 0f80ef1a-6e1f-426a-9fb6-49677c19ba92@group-5C8FA02B77BD-FollowerState
2022-09-28 15:56:49,336 [0f80ef1a-6e1f-426a-9fb6-49677c19ba92@group-5C8FA02B77BD-FollowerState] INFO  server.RaftServer$Division (RaftServerImpl.java:setRole(299)) - 0f80ef1a-6e1f-426a-9fb6-49677c19ba92@group-5C8FA02B77BD: changes role from  FOLLOWER to CANDIDATE at term 0 for changeToCandidate
2022-09-28 15:56:49,336 [0f80ef1a-6e1f-426a-9fb6-49677c19ba92@group-5C8FA02B77BD-FollowerState] INFO  server.RaftServerConfigKeys (ConfUtils.java:logGet(46)) - raft.server.leaderelection.pre-vote = false (custom)
2022-09-28 15:56:49,336 [0f80ef1a-6e1f-426a-9fb6-49677c19ba92@group-5C8FA02B77BD-FollowerState] INFO  impl.RoleInfo (RoleInfo.java:updateAndGet(139)) - 0f80ef1a-6e1f-426a-9fb6-49677c19ba92: start 0f80ef1a-6e1f-426a-9fb6-49677c19ba92@group-5C8FA02B77BD-LeaderElection44
2022-09-28 15:56:49,414 [0f80ef1a-6e1f-426a-9fb6-49677c19ba92@group-5C8FA02B77BD-LeaderElection44] INFO  impl.LeaderElection (LeaderElection.java:askForVotes(310)) - 0f80ef1a-6e1f-426a-9fb6-49677c19ba92@group-5C8FA02B77BD-LeaderElection44 ELECTION round 0: submit vote requests at term 1 for -1: [0f80ef1a-6e1f-426a-9fb6-49677c19ba92|rpc:10.1.1.55:46649|priority:1], old=null
2022-09-28 15:56:49,414 [0f80ef1a-6e1f-426a-9fb6-49677c19ba92@group-5C8FA02B77BD-LeaderElection44] INFO  impl.LeaderElection (LeaderElection.java:askForVotes(312)) - 0f80ef1a-6e1f-426a-9fb6-49677c19ba92@group-5C8FA02B77BD-LeaderElection44 ELECTION round 0: result PASSED (term=1)
2022-09-28 15:56:49,415 [0f80ef1a-6e1f-426a-9fb6-49677c19ba92@group-5C8FA02B77BD-LeaderElection44] INFO  impl.RoleInfo (RoleInfo.java:shutdownLeaderElection(130)) - 0f80ef1a-6e1f-426a-9fb6-49677c19ba92: shutdown 0f80ef1a-6e1f-426a-9fb6-49677c19ba92@group-5C8FA02B77BD-LeaderElection44
2022-09-28 15:56:49,415 [0f80ef1a-6e1f-426a-9fb6-49677c19ba92@group-5C8FA02B77BD-LeaderElection44] INFO  server.RaftServer$Division (RaftServerImpl.java:setRole(299)) - 0f80ef1a-6e1f-426a-9fb6-49677c19ba92@group-5C8FA02B77BD: changes role from CANDIDATE to LEADER at term 1 for changeToLeader
2022-09-28 15:56:49,415 [0f80ef1a-6e1f-426a-9fb6-49677c19ba92@group-5C8FA02B77BD-LeaderElection44] INFO  ratis.XceiverServerRatis (XceiverServerRatis.java:handleLeaderChangedNotification(863)) - Leader change notification received for group: group-5C8FA02B77BD with new leaderId: 0f80ef1a-6e1f-426a-9fb6-49677c19ba92
2022-09-28 15:56:49,423 [EventQueue-OpenPipelineForHealthyPipelineSafeModeRule] INFO  safemode.SCMSafeModeManager (HealthyPipelineSafeModeRule.java:process(137)) - SCM in safe mode. Healthy pipelines reported count is 0, required healthy pipeline reported count is 1
2022-09-28 15:56:49,424 [0f80ef1a-6e1f-426a-9fb6-49677c19ba92@group-5C8FA02B77BD-LeaderElection44] INFO  server.RaftServer$Division (ServerState.java:setLeader(287)) - 0f80ef1a-6e1f-426a-9fb6-49677c19ba92@group-5C8FA02B77BD: change Leader from null to 0f80ef1a-6e1f-426a-9fb6-49677c19ba92 at term 1 for becomeLeader, leader elected after 5266ms
2022-09-28 15:56:49,424 [0f80ef1a-6e1f-426a-9fb6-49677c19ba92@group-5C8FA02B77BD-LeaderElection44] INFO  server.RaftServerConfigKeys (ConfUtils.java:logGet(46)) - raft.server.staging.catchup.gap = 1000 (default)
2022-09-28 15:56:49,424 [0f80ef1a-6e1f-426a-9fb6-49677c19ba92@group-5C8FA02B77BD-LeaderElection44] INFO  server.RaftServerConfigKeys (ConfUtils.java:logGet(46)) - raft.server.write.element-limit = 1024 (custom)
2022-09-28 15:56:49,426 [0f80ef1a-6e1f-426a-9fb6-49677c19ba92@group-5C8FA02B77BD-LeaderElection44] INFO  server.RaftServerConfigKeys (ConfUtils.java:logGet(46)) - raft.server.write.byte-limit = 1024 M (=1073741824) (custom)
2022-09-28 15:56:49,426 [0f80ef1a-6e1f-426a-9fb6-49677c19ba92@group-5C8FA02B77BD-LeaderElection44] INFO  server.RaftServerConfigKeys (ConfUtils.java:logGet(46)) - raft.server.watch.timeout = 180s (custom)
2022-09-28 15:56:49,426 [0f80ef1a-6e1f-426a-9fb6-49677c19ba92@group-5C8FA02B77BD-LeaderElection44] INFO  server.RaftServerConfigKeys (ConfUtils.java:logGet(46)) - raft.server.watch.timeout.denomination = 1s (default)
2022-09-28 15:56:49,426 [0f80ef1a-6e1f-426a-9fb6-49677c19ba92@group-5C8FA02B77BD-LeaderElection44] INFO  server.RaftServerConfigKeys (ConfUtils.java:logGet(46)) - raft.server.watch.element-limit = 65536 (default)
2022-09-28 15:56:49,426 [0f80ef1a-6e1f-426a-9fb6-49677c19ba92@group-5C8FA02B77BD-LeaderElection44] INFO  server.RaftServerConfigKeys (ConfUtils.java:logGet(46)) - raft.server.write.element-limit = 1024 (custom)
2022-09-28 15:56:49,426 [0f80ef1a-6e1f-426a-9fb6-49677c19ba92@group-5C8FA02B77BD-LeaderElection44] INFO  server.RaftServerConfigKeys (ConfUtils.java:logGet(46)) - raft.server.write.follower.gap.ratio.max = -1.0 (default)
2022-09-28 15:56:49,427 [0f80ef1a-6e1f-426a-9fb6-49677c19ba92@group-5C8FA02B77BD-LeaderElection44] INFO  impl.RoleInfo (RoleInfo.java:updateAndGet(139)) - 0f80ef1a-6e1f-426a-9fb6-49677c19ba92: start 0f80ef1a-6e1f-426a-9fb6-49677c19ba92@group-5C8FA02B77BD-LeaderStateImpl
2022-09-28 15:56:49,427 [0f80ef1a-6e1f-426a-9fb6-49677c19ba92@group-5C8FA02B77BD-LeaderElection44] INFO  segmented.SegmentedRaftLogWorker (SegmentedRaftLogWorker.java:startLogSegment(425)) - 0f80ef1a-6e1f-426a-9fb6-49677c19ba92@group-5C8FA02B77BD-SegmentedRaftLogWorker: Starting segment from index:0
2022-09-28 15:56:49,428 [0f80ef1a-6e1f-426a-9fb6-49677c19ba92@group-5C8FA02B77BD-SegmentedRaftLogWorker] INFO  segmented.SegmentedRaftLogWorker (SegmentedRaftLogWorker.java:execute(629)) - 0f80ef1a-6e1f-426a-9fb6-49677c19ba92@group-5C8FA02B77BD-SegmentedRaftLogWorker: created new log segment /home/runner/work/ozone/ozone/hadoop-ozone/integration-test/target/test-dir/MiniOzoneClusterImpl-3ec8252f-dc88-4027-b0d7-634db2a11e1f/datanode-2/data/ratis/e3823fa9-7b61-4f44-ab51-5c8fa02b77bd/current/log_inprogress_0
2022-09-28 15:56:49,432 [0f80ef1a-6e1f-426a-9fb6-49677c19ba92@group-5C8FA02B77BD-LeaderElection44] INFO  server.RaftServer$Division (ServerState.java:setRaftConf(393)) - 0f80ef1a-6e1f-426a-9fb6-49677c19ba92@group-5C8FA02B77BD: set configuration 0: [0f80ef1a-6e1f-426a-9fb6-49677c19ba92|rpc:10.1.1.55:46649|dataStream:|priority:1], old=null
2022-09-28 15:56:49,565 [Listener at 127.0.0.1/41537] INFO  ozone.MiniOzoneClusterImpl (MiniOzoneClusterImpl.java:lambda$waitForClusterToBeReady$0(216)) - Nodes are ready. Got 5 of 5 DN Heartbeats.
2022-09-28 15:56:49,565 [Listener at 127.0.0.1/41537] INFO  ozone.MiniOzoneClusterImpl (MiniOzoneClusterImpl.java:lambda$waitForClusterToBeReady$0(219)) - Waiting for cluster to exit safe mode
2022-09-28 15:56:49,565 [Listener at 127.0.0.1/41537] INFO  ozone.MiniOzoneClusterImpl (MiniOzoneClusterImpl.java:lambda$waitForClusterToBeReady$0(221)) - SCM became leader
2022-09-28 15:56:50,566 [Listener at 127.0.0.1/41537] INFO  ozone.MiniOzoneClusterImpl (MiniOzoneClusterImpl.java:lambda$waitForClusterToBeReady$0(216)) - Nodes are ready. Got 5 of 5 DN Heartbeats.
2022-09-28 15:56:50,566 [Listener at 127.0.0.1/41537] INFO  ozone.MiniOzoneClusterImpl (MiniOzoneClusterImpl.java:lambda$waitForClusterToBeReady$0(219)) - Waiting for cluster to exit safe mode
2022-09-28 15:56:50,567 [Listener at 127.0.0.1/41537] INFO  ozone.MiniOzoneClusterImpl (MiniOzoneClusterImpl.java:lambda$waitForClusterToBeReady$0(221)) - SCM became leader
2022-09-28 15:56:50,592 [f69072a2-31e6-4652-a856-983220e9f7b5@group-A4A9EA202B19-FollowerState] INFO  impl.FollowerState (FollowerState.java:run(143)) - f69072a2-31e6-4652-a856-983220e9f7b5@group-A4A9EA202B19-FollowerState: change to CANDIDATE, lastRpcElapsedTime:5219608123ns, electionTimeout:5169ms
2022-09-28 15:56:50,592 [f69072a2-31e6-4652-a856-983220e9f7b5@group-A4A9EA202B19-FollowerState] INFO  impl.RoleInfo (RoleInfo.java:shutdownFollowerState(110)) - f69072a2-31e6-4652-a856-983220e9f7b5: shutdown f69072a2-31e6-4652-a856-983220e9f7b5@group-A4A9EA202B19-FollowerState
2022-09-28 15:56:50,592 [f69072a2-31e6-4652-a856-983220e9f7b5@group-A4A9EA202B19-FollowerState] INFO  server.RaftServer$Division (RaftServerImpl.java:setRole(299)) - f69072a2-31e6-4652-a856-983220e9f7b5@group-A4A9EA202B19: changes role from  FOLLOWER to CANDIDATE at term 0 for changeToCandidate
2022-09-28 15:56:50,592 [f69072a2-31e6-4652-a856-983220e9f7b5@group-A4A9EA202B19-FollowerState] INFO  server.RaftServerConfigKeys (ConfUtils.java:logGet(46)) - raft.server.leaderelection.pre-vote = false (custom)
2022-09-28 15:56:50,592 [f69072a2-31e6-4652-a856-983220e9f7b5@group-A4A9EA202B19-FollowerState] INFO  impl.RoleInfo (RoleInfo.java:updateAndGet(139)) - f69072a2-31e6-4652-a856-983220e9f7b5: start f69072a2-31e6-4652-a856-983220e9f7b5@group-A4A9EA202B19-LeaderElection45
2022-09-28 15:56:50,631 [f69072a2-31e6-4652-a856-983220e9f7b5@group-A4A9EA202B19-LeaderElection45] INFO  impl.LeaderElection (LeaderElection.java:askForVotes(310)) - f69072a2-31e6-4652-a856-983220e9f7b5@group-A4A9EA202B19-LeaderElection45 ELECTION round 0: submit vote requests at term 1 for -1: [f69072a2-31e6-4652-a856-983220e9f7b5|rpc:10.1.1.55:34017|priority:1], old=null
2022-09-28 15:56:50,631 [f69072a2-31e6-4652-a856-983220e9f7b5@group-A4A9EA202B19-LeaderElection45] INFO  impl.LeaderElection (LeaderElection.java:askForVotes(312)) - f69072a2-31e6-4652-a856-983220e9f7b5@group-A4A9EA202B19-LeaderElection45 ELECTION round 0: result PASSED (term=1)
2022-09-28 15:56:50,631 [f69072a2-31e6-4652-a856-983220e9f7b5@group-A4A9EA202B19-LeaderElection45] INFO  impl.RoleInfo (RoleInfo.java:shutdownLeaderElection(130)) - f69072a2-31e6-4652-a856-983220e9f7b5: shutdown f69072a2-31e6-4652-a856-983220e9f7b5@group-A4A9EA202B19-LeaderElection45
2022-09-28 15:56:50,631 [f69072a2-31e6-4652-a856-983220e9f7b5@group-A4A9EA202B19-LeaderElection45] INFO  server.RaftServer$Division (RaftServerImpl.java:setRole(299)) - f69072a2-31e6-4652-a856-983220e9f7b5@group-A4A9EA202B19: changes role from CANDIDATE to LEADER at term 1 for changeToLeader
2022-09-28 15:56:50,631 [f69072a2-31e6-4652-a856-983220e9f7b5@group-A4A9EA202B19-LeaderElection45] INFO  ratis.XceiverServerRatis (XceiverServerRatis.java:handleLeaderChangedNotification(863)) - Leader change notification received for group: group-A4A9EA202B19 with new leaderId: f69072a2-31e6-4652-a856-983220e9f7b5
2022-09-28 15:56:50,631 [f69072a2-31e6-4652-a856-983220e9f7b5@group-A4A9EA202B19-LeaderElection45] INFO  server.RaftServer$Division (ServerState.java:setLeader(287)) - f69072a2-31e6-4652-a856-983220e9f7b5@group-A4A9EA202B19: change Leader from null to f69072a2-31e6-4652-a856-983220e9f7b5 at term 1 for becomeLeader, leader elected after 5263ms
2022-09-28 15:56:50,631 [f69072a2-31e6-4652-a856-983220e9f7b5@group-A4A9EA202B19-LeaderElection45] INFO  server.RaftServerConfigKeys (ConfUtils.java:logGet(46)) - raft.server.staging.catchup.gap = 1000 (default)
2022-09-28 15:56:50,631 [f69072a2-31e6-4652-a856-983220e9f7b5@group-A4A9EA202B19-LeaderElection45] INFO  server.RaftServerConfigKeys (ConfUtils.java:logGet(46)) - raft.server.write.element-limit = 1024 (custom)
2022-09-28 15:56:50,632 [f69072a2-31e6-4652-a856-983220e9f7b5@group-A4A9EA202B19-LeaderElection45] INFO  server.RaftServerConfigKeys (ConfUtils.java:logGet(46)) - raft.server.write.byte-limit = 1024 M (=1073741824) (custom)
2022-09-28 15:56:50,632 [f69072a2-31e6-4652-a856-983220e9f7b5@group-A4A9EA202B19-LeaderElection45] INFO  server.RaftServerConfigKeys (ConfUtils.java:logGet(46)) - raft.server.watch.timeout = 180s (custom)
2022-09-28 15:56:50,632 [f69072a2-31e6-4652-a856-983220e9f7b5@group-A4A9EA202B19-LeaderElection45] INFO  server.RaftServerConfigKeys (ConfUtils.java:logGet(46)) - raft.server.watch.timeout.denomination = 1s (default)
2022-09-28 15:56:50,632 [f69072a2-31e6-4652-a856-983220e9f7b5@group-A4A9EA202B19-LeaderElection45] INFO  server.RaftServerConfigKeys (ConfUtils.java:logGet(46)) - raft.server.watch.element-limit = 65536 (default)
2022-09-28 15:56:50,632 [f69072a2-31e6-4652-a856-983220e9f7b5@group-A4A9EA202B19-LeaderElection45] INFO  server.RaftServerConfigKeys (ConfUtils.java:logGet(46)) - raft.server.write.element-limit = 1024 (custom)
2022-09-28 15:56:50,632 [f69072a2-31e6-4652-a856-983220e9f7b5@group-A4A9EA202B19-LeaderElection45] INFO  server.RaftServerConfigKeys (ConfUtils.java:logGet(46)) - raft.server.write.follower.gap.ratio.max = -1.0 (default)
2022-09-28 15:56:50,632 [f69072a2-31e6-4652-a856-983220e9f7b5@group-A4A9EA202B19-LeaderElection45] INFO  impl.RoleInfo (RoleInfo.java:updateAndGet(139)) - f69072a2-31e6-4652-a856-983220e9f7b5: start f69072a2-31e6-4652-a856-983220e9f7b5@group-A4A9EA202B19-LeaderStateImpl
2022-09-28 15:56:50,632 [f69072a2-31e6-4652-a856-983220e9f7b5@group-A4A9EA202B19-LeaderElection45] INFO  segmented.SegmentedRaftLogWorker (SegmentedRaftLogWorker.java:startLogSegment(425)) - f69072a2-31e6-4652-a856-983220e9f7b5@group-A4A9EA202B19-SegmentedRaftLogWorker: Starting segment from index:0
2022-09-28 15:56:50,633 [EventQueue-OpenPipelineForHealthyPipelineSafeModeRule] INFO  safemode.SCMSafeModeManager (HealthyPipelineSafeModeRule.java:process(137)) - SCM in safe mode. Healthy pipelines reported count is 0, required healthy pipeline reported count is 1
2022-09-28 15:56:50,635 [f69072a2-31e6-4652-a856-983220e9f7b5@group-A4A9EA202B19-SegmentedRaftLogWorker] INFO  segmented.SegmentedRaftLogWorker (SegmentedRaftLogWorker.java:execute(629)) - f69072a2-31e6-4652-a856-983220e9f7b5@group-A4A9EA202B19-SegmentedRaftLogWorker: created new log segment /home/runner/work/ozone/ozone/hadoop-ozone/integration-test/target/test-dir/MiniOzoneClusterImpl-3ec8252f-dc88-4027-b0d7-634db2a11e1f/datanode-3/data/ratis/e4b20d22-1b0e-4b25-b505-a4a9ea202b19/current/log_inprogress_0
2022-09-28 15:56:50,651 [f69072a2-31e6-4652-a856-983220e9f7b5@group-A4A9EA202B19-LeaderElection45] INFO  server.RaftServer$Division (ServerState.java:setRaftConf(393)) - f69072a2-31e6-4652-a856-983220e9f7b5@group-A4A9EA202B19: set configuration 0: [f69072a2-31e6-4652-a856-983220e9f7b5|rpc:10.1.1.55:34017|dataStream:|priority:1], old=null
2022-09-28 15:56:51,567 [Listener at 127.0.0.1/41537] INFO  ozone.MiniOzoneClusterImpl (MiniOzoneClusterImpl.java:lambda$waitForClusterToBeReady$0(216)) - Nodes are ready. Got 5 of 5 DN Heartbeats.
2022-09-28 15:56:51,567 [Listener at 127.0.0.1/41537] INFO  ozone.MiniOzoneClusterImpl (MiniOzoneClusterImpl.java:lambda$waitForClusterToBeReady$0(219)) - Waiting for cluster to exit safe mode
2022-09-28 15:56:51,567 [Listener at 127.0.0.1/41537] INFO  ozone.MiniOzoneClusterImpl (MiniOzoneClusterImpl.java:lambda$waitForClusterToBeReady$0(221)) - SCM became leader
2022-09-28 15:56:52,002 [bfd25c3e-a6b8-4c41-8b51-d3ca9c6ca505@group-4A3B4776CFFE-FollowerState] INFO  impl.FollowerState (FollowerState.java:run(143)) - bfd25c3e-a6b8-4c41-8b51-d3ca9c6ca505@group-4A3B4776CFFE-FollowerState: change to CANDIDATE, lastRpcElapsedTime:5164042643ns, electionTimeout:5160ms
2022-09-28 15:56:52,002 [bfd25c3e-a6b8-4c41-8b51-d3ca9c6ca505@group-4A3B4776CFFE-FollowerState] INFO  impl.RoleInfo (RoleInfo.java:shutdownFollowerState(110)) - bfd25c3e-a6b8-4c41-8b51-d3ca9c6ca505: shutdown bfd25c3e-a6b8-4c41-8b51-d3ca9c6ca505@group-4A3B4776CFFE-FollowerState
2022-09-28 15:56:52,002 [bfd25c3e-a6b8-4c41-8b51-d3ca9c6ca505@group-4A3B4776CFFE-FollowerState] INFO  server.RaftServer$Division (RaftServerImpl.java:setRole(299)) - bfd25c3e-a6b8-4c41-8b51-d3ca9c6ca505@group-4A3B4776CFFE: changes role from  FOLLOWER to CANDIDATE at term 0 for changeToCandidate
2022-09-28 15:56:52,002 [bfd25c3e-a6b8-4c41-8b51-d3ca9c6ca505@group-4A3B4776CFFE-FollowerState] INFO  server.RaftServerConfigKeys (ConfUtils.java:logGet(46)) - raft.server.leaderelection.pre-vote = false (custom)
2022-09-28 15:56:52,002 [bfd25c3e-a6b8-4c41-8b51-d3ca9c6ca505@group-4A3B4776CFFE-FollowerState] INFO  impl.RoleInfo (RoleInfo.java:updateAndGet(139)) - bfd25c3e-a6b8-4c41-8b51-d3ca9c6ca505: start bfd25c3e-a6b8-4c41-8b51-d3ca9c6ca505@group-4A3B4776CFFE-LeaderElection46
2022-09-28 15:56:52,049 [bfd25c3e-a6b8-4c41-8b51-d3ca9c6ca505@group-4A3B4776CFFE-LeaderElection46] INFO  impl.LeaderElection (LeaderElection.java:askForVotes(310)) - bfd25c3e-a6b8-4c41-8b51-d3ca9c6ca505@group-4A3B4776CFFE-LeaderElection46 ELECTION round 0: submit vote requests at term 1 for -1: [bfd25c3e-a6b8-4c41-8b51-d3ca9c6ca505|rpc:10.1.1.55:40725|priority:1], old=null
2022-09-28 15:56:52,049 [bfd25c3e-a6b8-4c41-8b51-d3ca9c6ca505@group-4A3B4776CFFE-LeaderElection46] INFO  impl.LeaderElection (LeaderElection.java:askForVotes(312)) - bfd25c3e-a6b8-4c41-8b51-d3ca9c6ca505@group-4A3B4776CFFE-LeaderElection46 ELECTION round 0: result PASSED (term=1)
2022-09-28 15:56:52,049 [bfd25c3e-a6b8-4c41-8b51-d3ca9c6ca505@group-4A3B4776CFFE-LeaderElection46] INFO  impl.RoleInfo (RoleInfo.java:shutdownLeaderElection(130)) - bfd25c3e-a6b8-4c41-8b51-d3ca9c6ca505: shutdown bfd25c3e-a6b8-4c41-8b51-d3ca9c6ca505@group-4A3B4776CFFE-LeaderElection46
2022-09-28 15:56:52,049 [bfd25c3e-a6b8-4c41-8b51-d3ca9c6ca505@group-4A3B4776CFFE-LeaderElection46] INFO  server.RaftServer$Division (RaftServerImpl.java:setRole(299)) - bfd25c3e-a6b8-4c41-8b51-d3ca9c6ca505@group-4A3B4776CFFE: changes role from CANDIDATE to LEADER at term 1 for changeToLeader
2022-09-28 15:56:52,050 [bfd25c3e-a6b8-4c41-8b51-d3ca9c6ca505@group-4A3B4776CFFE-LeaderElection46] INFO  ratis.XceiverServerRatis (XceiverServerRatis.java:handleLeaderChangedNotification(863)) - Leader change notification received for group: group-4A3B4776CFFE with new leaderId: bfd25c3e-a6b8-4c41-8b51-d3ca9c6ca505
2022-09-28 15:56:52,050 [bfd25c3e-a6b8-4c41-8b51-d3ca9c6ca505@group-4A3B4776CFFE-LeaderElection46] INFO  server.RaftServer$Division (ServerState.java:setLeader(287)) - bfd25c3e-a6b8-4c41-8b51-d3ca9c6ca505@group-4A3B4776CFFE: change Leader from null to bfd25c3e-a6b8-4c41-8b51-d3ca9c6ca505 at term 1 for becomeLeader, leader elected after 5274ms
2022-09-28 15:56:52,050 [bfd25c3e-a6b8-4c41-8b51-d3ca9c6ca505@group-4A3B4776CFFE-LeaderElection46] INFO  server.RaftServerConfigKeys (ConfUtils.java:logGet(46)) - raft.server.staging.catchup.gap = 1000 (default)
2022-09-28 15:56:52,050 [bfd25c3e-a6b8-4c41-8b51-d3ca9c6ca505@group-4A3B4776CFFE-LeaderElection46] INFO  server.RaftServerConfigKeys (ConfUtils.java:logGet(46)) - raft.server.write.element-limit = 1024 (custom)
2022-09-28 15:56:52,050 [bfd25c3e-a6b8-4c41-8b51-d3ca9c6ca505@group-4A3B4776CFFE-LeaderElection46] INFO  server.RaftServerConfigKeys (ConfUtils.java:logGet(46)) - raft.server.write.byte-limit = 1024 M (=1073741824) (custom)
2022-09-28 15:56:52,050 [bfd25c3e-a6b8-4c41-8b51-d3ca9c6ca505@group-4A3B4776CFFE-LeaderElection46] INFO  server.RaftServerConfigKeys (ConfUtils.java:logGet(46)) - raft.server.watch.timeout = 180s (custom)
2022-09-28 15:56:52,050 [bfd25c3e-a6b8-4c41-8b51-d3ca9c6ca505@group-4A3B4776CFFE-LeaderElection46] INFO  server.RaftServerConfigKeys (ConfUtils.java:logGet(46)) - raft.server.watch.timeout.denomination = 1s (default)
2022-09-28 15:56:52,050 [bfd25c3e-a6b8-4c41-8b51-d3ca9c6ca505@group-4A3B4776CFFE-LeaderElection46] INFO  server.RaftServerConfigKeys (ConfUtils.java:logGet(46)) - raft.server.watch.element-limit = 65536 (default)
2022-09-28 15:56:52,050 [bfd25c3e-a6b8-4c41-8b51-d3ca9c6ca505@group-4A3B4776CFFE-LeaderElection46] INFO  server.RaftServerConfigKeys (ConfUtils.java:logGet(46)) - raft.server.write.element-limit = 1024 (custom)
2022-09-28 15:56:52,051 [bfd25c3e-a6b8-4c41-8b51-d3ca9c6ca505@group-4A3B4776CFFE-LeaderElection46] INFO  server.RaftServerConfigKeys (ConfUtils.java:logGet(46)) - raft.server.write.follower.gap.ratio.max = -1.0 (default)
2022-09-28 15:56:52,051 [bfd25c3e-a6b8-4c41-8b51-d3ca9c6ca505@group-4A3B4776CFFE-LeaderElection46] INFO  impl.RoleInfo (RoleInfo.java:updateAndGet(139)) - bfd25c3e-a6b8-4c41-8b51-d3ca9c6ca505: start bfd25c3e-a6b8-4c41-8b51-d3ca9c6ca505@group-4A3B4776CFFE-LeaderStateImpl
2022-09-28 15:56:52,051 [bfd25c3e-a6b8-4c41-8b51-d3ca9c6ca505@group-4A3B4776CFFE-LeaderElection46] INFO  segmented.SegmentedRaftLogWorker (SegmentedRaftLogWorker.java:startLogSegment(425)) - bfd25c3e-a6b8-4c41-8b51-d3ca9c6ca505@group-4A3B4776CFFE-SegmentedRaftLogWorker: Starting segment from index:0
2022-09-28 15:56:52,056 [bfd25c3e-a6b8-4c41-8b51-d3ca9c6ca505@group-4A3B4776CFFE-SegmentedRaftLogWorker] INFO  segmented.SegmentedRaftLogWorker (SegmentedRaftLogWorker.java:execute(629)) - bfd25c3e-a6b8-4c41-8b51-d3ca9c6ca505@group-4A3B4776CFFE-SegmentedRaftLogWorker: created new log segment /home/runner/work/ozone/ozone/hadoop-ozone/integration-test/target/test-dir/MiniOzoneClusterImpl-3ec8252f-dc88-4027-b0d7-634db2a11e1f/datanode-4/data/ratis/270fc6ee-a07d-464a-9cce-4a3b4776cffe/current/log_inprogress_0
2022-09-28 15:56:52,056 [bfd25c3e-a6b8-4c41-8b51-d3ca9c6ca505@group-4A3B4776CFFE-LeaderElection46] INFO  server.RaftServer$Division (ServerState.java:setRaftConf(393)) - bfd25c3e-a6b8-4c41-8b51-d3ca9c6ca505@group-4A3B4776CFFE: set configuration 0: [bfd25c3e-a6b8-4c41-8b51-d3ca9c6ca505|rpc:10.1.1.55:40725|dataStream:|priority:1], old=null
2022-09-28 15:56:52,069 [EventQueue-OpenPipelineForHealthyPipelineSafeModeRule] INFO  safemode.SCMSafeModeManager (HealthyPipelineSafeModeRule.java:process(137)) - SCM in safe mode. Healthy pipelines reported count is 0, required healthy pipeline reported count is 1
2022-09-28 15:56:52,568 [Listener at 127.0.0.1/41537] INFO  ozone.MiniOzoneClusterImpl (MiniOzoneClusterImpl.java:lambda$waitForClusterToBeReady$0(216)) - Nodes are ready. Got 5 of 5 DN Heartbeats.
2022-09-28 15:56:52,568 [Listener at 127.0.0.1/41537] INFO  ozone.MiniOzoneClusterImpl (MiniOzoneClusterImpl.java:lambda$waitForClusterToBeReady$0(219)) - Waiting for cluster to exit safe mode
2022-09-28 15:56:52,569 [Listener at 127.0.0.1/41537] INFO  ozone.MiniOzoneClusterImpl (MiniOzoneClusterImpl.java:lambda$waitForClusterToBeReady$0(221)) - SCM became leader
2022-09-28 15:56:52,991 [0f80ef1a-6e1f-426a-9fb6-49677c19ba92@group-BABD911B9D66-FollowerState] INFO  impl.FollowerState (FollowerState.java:run(143)) - 0f80ef1a-6e1f-426a-9fb6-49677c19ba92@group-BABD911B9D66-FollowerState: change to CANDIDATE, lastRpcElapsedTime:5038255864ns, electionTimeout:5035ms
2022-09-28 15:56:52,992 [0f80ef1a-6e1f-426a-9fb6-49677c19ba92@group-BABD911B9D66-FollowerState] INFO  impl.RoleInfo (RoleInfo.java:shutdownFollowerState(110)) - 0f80ef1a-6e1f-426a-9fb6-49677c19ba92: shutdown 0f80ef1a-6e1f-426a-9fb6-49677c19ba92@group-BABD911B9D66-FollowerState
2022-09-28 15:56:52,992 [0f80ef1a-6e1f-426a-9fb6-49677c19ba92@group-BABD911B9D66-FollowerState] INFO  server.RaftServer$Division (RaftServerImpl.java:setRole(299)) - 0f80ef1a-6e1f-426a-9fb6-49677c19ba92@group-BABD911B9D66: changes role from  FOLLOWER to CANDIDATE at term 1 for changeToCandidate
2022-09-28 15:56:52,992 [0f80ef1a-6e1f-426a-9fb6-49677c19ba92@group-BABD911B9D66-FollowerState] INFO  server.RaftServerConfigKeys (ConfUtils.java:logGet(46)) - raft.server.leaderelection.pre-vote = false (custom)
2022-09-28 15:56:52,992 [0f80ef1a-6e1f-426a-9fb6-49677c19ba92@group-BABD911B9D66-FollowerState] INFO  impl.RoleInfo (RoleInfo.java:updateAndGet(139)) - 0f80ef1a-6e1f-426a-9fb6-49677c19ba92: start 0f80ef1a-6e1f-426a-9fb6-49677c19ba92@group-BABD911B9D66-LeaderElection47
2022-09-28 15:56:53,004 [0f80ef1a-6e1f-426a-9fb6-49677c19ba92@group-BABD911B9D66-LeaderElection47] INFO  impl.LeaderElection (LeaderElection.java:askForVotes(310)) - 0f80ef1a-6e1f-426a-9fb6-49677c19ba92@group-BABD911B9D66-LeaderElection47 ELECTION round 0: submit vote requests at term 2 for -1: [8c5cbec5-1e98-45a3-8a83-5527ccbe40ad|rpc:10.1.1.55:44337|dataStream:|priority:0, 34248cef-dc81-419d-a997-c38b939b47d3|rpc:10.1.1.55:45713|dataStream:|priority:1, 0f80ef1a-6e1f-426a-9fb6-49677c19ba92|rpc:10.1.1.55:46649|dataStream:|priority:0], old=null
2022-09-28 15:56:53,026 [grpc-default-executor-1] INFO  server.RaftServer$Division (RaftServerImpl.java:requestVote(1152)) - 8c5cbec5-1e98-45a3-8a83-5527ccbe40ad@group-BABD911B9D66: receive requestVote(ELECTION, 0f80ef1a-6e1f-426a-9fb6-49677c19ba92, group-BABD911B9D66, 2, (t:0, i:0))
2022-09-28 15:56:53,026 [grpc-default-executor-1] INFO  impl.VoteContext (VoteContext.java:log(48)) - 8c5cbec5-1e98-45a3-8a83-5527ccbe40ad@group-BABD911B9D66-FOLLOWER: accept ELECTION from 0f80ef1a-6e1f-426a-9fb6-49677c19ba92: our priority 0 <= candidate's priority 0
2022-09-28 15:56:53,026 [grpc-default-executor-1] INFO  server.RaftServer$Division (RaftServerImpl.java:setRole(299)) - 8c5cbec5-1e98-45a3-8a83-5527ccbe40ad@group-BABD911B9D66: changes role from  FOLLOWER to FOLLOWER at term 2 for candidate:0f80ef1a-6e1f-426a-9fb6-49677c19ba92
2022-09-28 15:56:53,027 [grpc-default-executor-1] INFO  impl.RoleInfo (RoleInfo.java:shutdownFollowerState(110)) - 8c5cbec5-1e98-45a3-8a83-5527ccbe40ad: shutdown 8c5cbec5-1e98-45a3-8a83-5527ccbe40ad@group-BABD911B9D66-FollowerState
2022-09-28 15:56:53,027 [grpc-default-executor-1] INFO  impl.RoleInfo (RoleInfo.java:updateAndGet(139)) - 8c5cbec5-1e98-45a3-8a83-5527ccbe40ad: start 8c5cbec5-1e98-45a3-8a83-5527ccbe40ad@group-BABD911B9D66-FollowerState
2022-09-28 15:56:53,027 [8c5cbec5-1e98-45a3-8a83-5527ccbe40ad@group-BABD911B9D66-FollowerState] INFO  impl.FollowerState (FollowerState.java:run(152)) - 8c5cbec5-1e98-45a3-8a83-5527ccbe40ad@group-BABD911B9D66-FollowerState was interrupted
2022-09-28 15:56:53,044 [grpc-default-executor-1] INFO  server.RaftServer$Division (RaftServerImpl.java:requestVote(1184)) - 8c5cbec5-1e98-45a3-8a83-5527ccbe40ad@group-BABD911B9D66 replies to ELECTION vote request: 0f80ef1a-6e1f-426a-9fb6-49677c19ba92<-8c5cbec5-1e98-45a3-8a83-5527ccbe40ad#0:OK-t2. Peer's state: 8c5cbec5-1e98-45a3-8a83-5527ccbe40ad@group-BABD911B9D66:t2, leader=null, voted=0f80ef1a-6e1f-426a-9fb6-49677c19ba92, raftlog=8c5cbec5-1e98-45a3-8a83-5527ccbe40ad@group-BABD911B9D66-SegmentedRaftLog:OPENED:c-1, conf=-1: [8c5cbec5-1e98-45a3-8a83-5527ccbe40ad|rpc:10.1.1.55:44337|priority:0, 34248cef-dc81-419d-a997-c38b939b47d3|rpc:10.1.1.55:45713|priority:1, 0f80ef1a-6e1f-426a-9fb6-49677c19ba92|rpc:10.1.1.55:46649|priority:0], old=null
2022-09-28 15:56:53,044 [34248cef-dc81-419d-a997-c38b939b47d3@group-BABD911B9D66-FollowerState] INFO  impl.FollowerState (FollowerState.java:run(143)) - 34248cef-dc81-419d-a997-c38b939b47d3@group-BABD911B9D66-FollowerState: change to CANDIDATE, lastRpcElapsedTime:5055519737ns, electionTimeout:5020ms
2022-09-28 15:56:53,055 [34248cef-dc81-419d-a997-c38b939b47d3@group-BABD911B9D66-FollowerState] INFO  impl.RoleInfo (RoleInfo.java:shutdownFollowerState(110)) - 34248cef-dc81-419d-a997-c38b939b47d3: shutdown 34248cef-dc81-419d-a997-c38b939b47d3@group-BABD911B9D66-FollowerState
2022-09-28 15:56:53,056 [34248cef-dc81-419d-a997-c38b939b47d3@group-BABD911B9D66-FollowerState] INFO  server.RaftServer$Division (RaftServerImpl.java:setRole(299)) - 34248cef-dc81-419d-a997-c38b939b47d3@group-BABD911B9D66: changes role from  FOLLOWER to CANDIDATE at term 1 for changeToCandidate
2022-09-28 15:56:53,056 [34248cef-dc81-419d-a997-c38b939b47d3@group-BABD911B9D66-FollowerState] INFO  server.RaftServerConfigKeys (ConfUtils.java:logGet(46)) - raft.server.leaderelection.pre-vote = false (custom)
2022-09-28 15:56:53,056 [34248cef-dc81-419d-a997-c38b939b47d3@group-BABD911B9D66-FollowerState] INFO  impl.RoleInfo (RoleInfo.java:updateAndGet(139)) - 34248cef-dc81-419d-a997-c38b939b47d3: start 34248cef-dc81-419d-a997-c38b939b47d3@group-BABD911B9D66-LeaderElection48
2022-09-28 15:56:53,113 [34248cef-dc81-419d-a997-c38b939b47d3@group-BABD911B9D66-LeaderElection48] INFO  impl.LeaderElection (LeaderElection.java:askForVotes(310)) - 34248cef-dc81-419d-a997-c38b939b47d3@group-BABD911B9D66-LeaderElection48 ELECTION round 0: submit vote requests at term 2 for -1: [8c5cbec5-1e98-45a3-8a83-5527ccbe40ad|rpc:10.1.1.55:44337|dataStream:|priority:0, 34248cef-dc81-419d-a997-c38b939b47d3|rpc:10.1.1.55:45713|dataStream:|priority:1, 0f80ef1a-6e1f-426a-9fb6-49677c19ba92|rpc:10.1.1.55:46649|dataStream:|priority:0], old=null
2022-09-28 15:56:53,205 [grpc-default-executor-1] INFO  server.RaftServer$Division (RaftServerImpl.java:requestVote(1152)) - 34248cef-dc81-419d-a997-c38b939b47d3@group-BABD911B9D66: receive requestVote(ELECTION, 0f80ef1a-6e1f-426a-9fb6-49677c19ba92, group-BABD911B9D66, 2, (t:0, i:0))
2022-09-28 15:56:53,205 [grpc-default-executor-1] INFO  impl.VoteContext (VoteContext.java:log(48)) - 34248cef-dc81-419d-a997-c38b939b47d3@group-BABD911B9D66-CANDIDATE: reject ELECTION from 0f80ef1a-6e1f-426a-9fb6-49677c19ba92: already has voted for 34248cef-dc81-419d-a997-c38b939b47d3 at current term 2
2022-09-28 15:56:53,205 [grpc-default-executor-1] INFO  server.RaftServer$Division (RaftServerImpl.java:requestVote(1184)) - 34248cef-dc81-419d-a997-c38b939b47d3@group-BABD911B9D66 replies to ELECTION vote request: 0f80ef1a-6e1f-426a-9fb6-49677c19ba92<-34248cef-dc81-419d-a997-c38b939b47d3#0:FAIL-t2. Peer's state: 34248cef-dc81-419d-a997-c38b939b47d3@group-BABD911B9D66:t2, leader=null, voted=34248cef-dc81-419d-a997-c38b939b47d3, raftlog=34248cef-dc81-419d-a997-c38b939b47d3@group-BABD911B9D66-SegmentedRaftLog:OPENED:c-1, conf=-1: [8c5cbec5-1e98-45a3-8a83-5527ccbe40ad|rpc:10.1.1.55:44337|dataStream:|priority:0, 34248cef-dc81-419d-a997-c38b939b47d3|rpc:10.1.1.55:45713|dataStream:|priority:1, 0f80ef1a-6e1f-426a-9fb6-49677c19ba92|rpc:10.1.1.55:46649|dataStream:|priority:0], old=null
2022-09-28 15:56:53,214 [0f80ef1a-6e1f-426a-9fb6-49677c19ba92@group-BABD911B9D66-LeaderElection47] INFO  impl.LeaderElection (LeaderElection.java:logAndReturn(90)) - 0f80ef1a-6e1f-426a-9fb6-49677c19ba92@group-BABD911B9D66-LeaderElection47: ELECTION REJECTED received 2 response(s) and 0 exception(s):
2022-09-28 15:56:53,215 [0f80ef1a-6e1f-426a-9fb6-49677c19ba92@group-BABD911B9D66-LeaderElection47] INFO  impl.LeaderElection (LeaderElection.java:logAndReturn(94)) -   Response 0: 0f80ef1a-6e1f-426a-9fb6-49677c19ba92<-8c5cbec5-1e98-45a3-8a83-5527ccbe40ad#0:OK-t2
2022-09-28 15:56:53,215 [0f80ef1a-6e1f-426a-9fb6-49677c19ba92@group-BABD911B9D66-LeaderElection47] INFO  impl.LeaderElection (LeaderElection.java:logAndReturn(94)) -   Response 1: 0f80ef1a-6e1f-426a-9fb6-49677c19ba92<-34248cef-dc81-419d-a997-c38b939b47d3#0:FAIL-t2
2022-09-28 15:56:53,215 [0f80ef1a-6e1f-426a-9fb6-49677c19ba92@group-BABD911B9D66-LeaderElection47] INFO  impl.LeaderElection (LeaderElection.java:askForVotes(312)) - 0f80ef1a-6e1f-426a-9fb6-49677c19ba92@group-BABD911B9D66-LeaderElection47 ELECTION round 0: result REJECTED
2022-09-28 15:56:53,215 [0f80ef1a-6e1f-426a-9fb6-49677c19ba92@group-BABD911B9D66-LeaderElection47] INFO  server.RaftServer$Division (RaftServerImpl.java:setRole(299)) - 0f80ef1a-6e1f-426a-9fb6-49677c19ba92@group-BABD911B9D66: changes role from CANDIDATE to FOLLOWER at term 2 for REJECTED
2022-09-28 15:56:53,215 [0f80ef1a-6e1f-426a-9fb6-49677c19ba92@group-BABD911B9D66-LeaderElection47] INFO  impl.RoleInfo (RoleInfo.java:shutdownLeaderElection(130)) - 0f80ef1a-6e1f-426a-9fb6-49677c19ba92: shutdown 0f80ef1a-6e1f-426a-9fb6-49677c19ba92@group-BABD911B9D66-LeaderElection47
2022-09-28 15:56:53,215 [0f80ef1a-6e1f-426a-9fb6-49677c19ba92@group-BABD911B9D66-LeaderElection47] INFO  impl.RoleInfo (RoleInfo.java:updateAndGet(139)) - 0f80ef1a-6e1f-426a-9fb6-49677c19ba92: start 0f80ef1a-6e1f-426a-9fb6-49677c19ba92@group-BABD911B9D66-FollowerState
2022-09-28 15:56:53,214 [grpc-default-executor-0] INFO  server.RaftServer$Division (RaftServerImpl.java:requestVote(1152)) - 8c5cbec5-1e98-45a3-8a83-5527ccbe40ad@group-BABD911B9D66: receive requestVote(ELECTION, 34248cef-dc81-419d-a997-c38b939b47d3, group-BABD911B9D66, 2, (t:0, i:0))
2022-09-28 15:56:53,252 [grpc-default-executor-0] INFO  impl.VoteContext (VoteContext.java:log(48)) - 8c5cbec5-1e98-45a3-8a83-5527ccbe40ad@group-BABD911B9D66-FOLLOWER: reject ELECTION from 34248cef-dc81-419d-a997-c38b939b47d3: already has voted for 0f80ef1a-6e1f-426a-9fb6-49677c19ba92 at current term 2
2022-09-28 15:56:53,252 [grpc-default-executor-0] INFO  server.RaftServer$Division (RaftServerImpl.java:requestVote(1184)) - 8c5cbec5-1e98-45a3-8a83-5527ccbe40ad@group-BABD911B9D66 replies to ELECTION vote request: 34248cef-dc81-419d-a997-c38b939b47d3<-8c5cbec5-1e98-45a3-8a83-5527ccbe40ad#0:FAIL-t2. Peer's state: 8c5cbec5-1e98-45a3-8a83-5527ccbe40ad@group-BABD911B9D66:t2, leader=null, voted=0f80ef1a-6e1f-426a-9fb6-49677c19ba92, raftlog=8c5cbec5-1e98-45a3-8a83-5527ccbe40ad@group-BABD911B9D66-SegmentedRaftLog:OPENED:c-1, conf=-1: [8c5cbec5-1e98-45a3-8a83-5527ccbe40ad|rpc:10.1.1.55:44337|priority:0, 34248cef-dc81-419d-a997-c38b939b47d3|rpc:10.1.1.55:45713|priority:1, 0f80ef1a-6e1f-426a-9fb6-49677c19ba92|rpc:10.1.1.55:46649|priority:0], old=null
2022-09-28 15:56:53,268 [grpc-default-executor-1] INFO  server.RaftServer$Division (RaftServerImpl.java:requestVote(1152)) - 0f80ef1a-6e1f-426a-9fb6-49677c19ba92@group-BABD911B9D66: receive requestVote(ELECTION, 34248cef-dc81-419d-a997-c38b939b47d3, group-BABD911B9D66, 2, (t:0, i:0))
2022-09-28 15:56:53,268 [grpc-default-executor-1] INFO  impl.VoteContext (VoteContext.java:log(48)) - 0f80ef1a-6e1f-426a-9fb6-49677c19ba92@group-BABD911B9D66-FOLLOWER: reject ELECTION from 34248cef-dc81-419d-a997-c38b939b47d3: already has voted for 0f80ef1a-6e1f-426a-9fb6-49677c19ba92 at current term 2
2022-09-28 15:56:53,268 [grpc-default-executor-1] INFO  server.RaftServer$Division (RaftServerImpl.java:requestVote(1184)) - 0f80ef1a-6e1f-426a-9fb6-49677c19ba92@group-BABD911B9D66 replies to ELECTION vote request: 34248cef-dc81-419d-a997-c38b939b47d3<-0f80ef1a-6e1f-426a-9fb6-49677c19ba92#0:FAIL-t2. Peer's state: 0f80ef1a-6e1f-426a-9fb6-49677c19ba92@group-BABD911B9D66:t2, leader=null, voted=0f80ef1a-6e1f-426a-9fb6-49677c19ba92, raftlog=0f80ef1a-6e1f-426a-9fb6-49677c19ba92@group-BABD911B9D66-SegmentedRaftLog:OPENED:c-1, conf=-1: [8c5cbec5-1e98-45a3-8a83-5527ccbe40ad|rpc:10.1.1.55:44337|dataStream:|priority:0, 34248cef-dc81-419d-a997-c38b939b47d3|rpc:10.1.1.55:45713|dataStream:|priority:1, 0f80ef1a-6e1f-426a-9fb6-49677c19ba92|rpc:10.1.1.55:46649|dataStream:|priority:0], old=null
2022-09-28 15:56:53,284 [34248cef-dc81-419d-a997-c38b939b47d3@group-BABD911B9D66-LeaderElection48] INFO  impl.LeaderElection (LeaderElection.java:logAndReturn(90)) - 34248cef-dc81-419d-a997-c38b939b47d3@group-BABD911B9D66-LeaderElection48: ELECTION REJECTED received 2 response(s) and 0 exception(s):
2022-09-28 15:56:53,285 [34248cef-dc81-419d-a997-c38b939b47d3@group-BABD911B9D66-LeaderElection48] INFO  impl.LeaderElection (LeaderElection.java:logAndReturn(94)) -   Response 0: 34248cef-dc81-419d-a997-c38b939b47d3<-8c5cbec5-1e98-45a3-8a83-5527ccbe40ad#0:FAIL-t2
2022-09-28 15:56:53,285 [34248cef-dc81-419d-a997-c38b939b47d3@group-BABD911B9D66-LeaderElection48] INFO  impl.LeaderElection (LeaderElection.java:logAndReturn(94)) -   Response 1: 34248cef-dc81-419d-a997-c38b939b47d3<-0f80ef1a-6e1f-426a-9fb6-49677c19ba92#0:FAIL-t2
2022-09-28 15:56:53,285 [34248cef-dc81-419d-a997-c38b939b47d3@group-BABD911B9D66-LeaderElection48] INFO  impl.LeaderElection (LeaderElection.java:askForVotes(312)) - 34248cef-dc81-419d-a997-c38b939b47d3@group-BABD911B9D66-LeaderElection48 ELECTION round 0: result REJECTED
2022-09-28 15:56:53,285 [34248cef-dc81-419d-a997-c38b939b47d3@group-BABD911B9D66-LeaderElection48] INFO  server.RaftServer$Division (RaftServerImpl.java:setRole(299)) - 34248cef-dc81-419d-a997-c38b939b47d3@group-BABD911B9D66: changes role from CANDIDATE to FOLLOWER at term 2 for REJECTED
2022-09-28 15:56:53,285 [34248cef-dc81-419d-a997-c38b939b47d3@group-BABD911B9D66-LeaderElection48] INFO  impl.RoleInfo (RoleInfo.java:shutdownLeaderElection(130)) - 34248cef-dc81-419d-a997-c38b939b47d3: shutdown 34248cef-dc81-419d-a997-c38b939b47d3@group-BABD911B9D66-LeaderElection48
2022-09-28 15:56:53,285 [34248cef-dc81-419d-a997-c38b939b47d3@group-BABD911B9D66-LeaderElection48] INFO  impl.RoleInfo (RoleInfo.java:updateAndGet(139)) - 34248cef-dc81-419d-a997-c38b939b47d3: start 34248cef-dc81-419d-a997-c38b939b47d3@group-BABD911B9D66-FollowerState
2022-09-28 15:56:53,569 [Listener at 127.0.0.1/41537] INFO  ozone.MiniOzoneClusterImpl (MiniOzoneClusterImpl.java:lambda$waitForClusterToBeReady$0(216)) - Nodes are ready. Got 5 of 5 DN Heartbeats.
2022-09-28 15:56:53,570 [Listener at 127.0.0.1/41537] INFO  ozone.MiniOzoneClusterImpl (MiniOzoneClusterImpl.java:lambda$waitForClusterToBeReady$0(219)) - Waiting for cluster to exit safe mode
2022-09-28 15:56:53,570 [Listener at 127.0.0.1/41537] INFO  ozone.MiniOzoneClusterImpl (MiniOzoneClusterImpl.java:lambda$waitForClusterToBeReady$0(221)) - SCM became leader
2022-09-28 15:56:53,774 [0f80ef1a-6e1f-426a-9fb6-49677c19ba92@group-61C24E5E1F07-FollowerState] INFO  impl.FollowerState (FollowerState.java:run(143)) - 0f80ef1a-6e1f-426a-9fb6-49677c19ba92@group-61C24E5E1F07-FollowerState: change to CANDIDATE, lastRpcElapsedTime:5123262413ns, electionTimeout:5107ms
2022-09-28 15:56:53,774 [0f80ef1a-6e1f-426a-9fb6-49677c19ba92@group-61C24E5E1F07-FollowerState] INFO  impl.RoleInfo (RoleInfo.java:shutdownFollowerState(110)) - 0f80ef1a-6e1f-426a-9fb6-49677c19ba92: shutdown 0f80ef1a-6e1f-426a-9fb6-49677c19ba92@group-61C24E5E1F07-FollowerState
2022-09-28 15:56:53,774 [0f80ef1a-6e1f-426a-9fb6-49677c19ba92@group-61C24E5E1F07-FollowerState] INFO  server.RaftServer$Division (RaftServerImpl.java:setRole(299)) - 0f80ef1a-6e1f-426a-9fb6-49677c19ba92@group-61C24E5E1F07: changes role from  FOLLOWER to CANDIDATE at term 1 for changeToCandidate
2022-09-28 15:56:53,774 [0f80ef1a-6e1f-426a-9fb6-49677c19ba92@group-61C24E5E1F07-FollowerState] INFO  server.RaftServerConfigKeys (ConfUtils.java:logGet(46)) - raft.server.leaderelection.pre-vote = false (custom)
2022-09-28 15:56:53,774 [0f80ef1a-6e1f-426a-9fb6-49677c19ba92@group-61C24E5E1F07-FollowerState] INFO  impl.RoleInfo (RoleInfo.java:updateAndGet(139)) - 0f80ef1a-6e1f-426a-9fb6-49677c19ba92: start 0f80ef1a-6e1f-426a-9fb6-49677c19ba92@group-61C24E5E1F07-LeaderElection49
2022-09-28 15:56:53,818 [8c5cbec5-1e98-45a3-8a83-5527ccbe40ad@group-61C24E5E1F07-FollowerState] INFO  impl.FollowerState (FollowerState.java:run(143)) - 8c5cbec5-1e98-45a3-8a83-5527ccbe40ad@group-61C24E5E1F07-FollowerState: change to CANDIDATE, lastRpcElapsedTime:5099346473ns, electionTimeout:5098ms
2022-09-28 15:56:53,818 [8c5cbec5-1e98-45a3-8a83-5527ccbe40ad@group-61C24E5E1F07-FollowerState] INFO  impl.RoleInfo (RoleInfo.java:shutdownFollowerState(110)) - 8c5cbec5-1e98-45a3-8a83-5527ccbe40ad: shutdown 8c5cbec5-1e98-45a3-8a83-5527ccbe40ad@group-61C24E5E1F07-FollowerState
2022-09-28 15:56:53,819 [8c5cbec5-1e98-45a3-8a83-5527ccbe40ad@group-61C24E5E1F07-FollowerState] INFO  server.RaftServer$Division (RaftServerImpl.java:setRole(299)) - 8c5cbec5-1e98-45a3-8a83-5527ccbe40ad@group-61C24E5E1F07: changes role from  FOLLOWER to CANDIDATE at term 1 for changeToCandidate
2022-09-28 15:56:53,819 [8c5cbec5-1e98-45a3-8a83-5527ccbe40ad@group-61C24E5E1F07-FollowerState] INFO  server.RaftServerConfigKeys (ConfUtils.java:logGet(46)) - raft.server.leaderelection.pre-vote = false (custom)
2022-09-28 15:56:53,819 [8c5cbec5-1e98-45a3-8a83-5527ccbe40ad@group-61C24E5E1F07-FollowerState] INFO  impl.RoleInfo (RoleInfo.java:updateAndGet(139)) - 8c5cbec5-1e98-45a3-8a83-5527ccbe40ad: start 8c5cbec5-1e98-45a3-8a83-5527ccbe40ad@group-61C24E5E1F07-LeaderElection50
2022-09-28 15:56:53,834 [0f80ef1a-6e1f-426a-9fb6-49677c19ba92@group-61C24E5E1F07-LeaderElection49] INFO  impl.LeaderElection (LeaderElection.java:askForVotes(310)) - 0f80ef1a-6e1f-426a-9fb6-49677c19ba92@group-61C24E5E1F07-LeaderElection49 ELECTION round 0: submit vote requests at term 2 for -1: [34248cef-dc81-419d-a997-c38b939b47d3|rpc:10.1.1.55:45713|dataStream:|priority:0, 8c5cbec5-1e98-45a3-8a83-5527ccbe40ad|rpc:10.1.1.55:44337|dataStream:|priority:0, 0f80ef1a-6e1f-426a-9fb6-49677c19ba92|rpc:10.1.1.55:46649|dataStream:|priority:1], old=null
2022-09-28 15:56:53,843 [grpc-default-executor-1] INFO  server.RaftServer$Division (RaftServerImpl.java:requestVote(1152)) - 34248cef-dc81-419d-a997-c38b939b47d3@group-61C24E5E1F07: receive requestVote(ELECTION, 0f80ef1a-6e1f-426a-9fb6-49677c19ba92, group-61C24E5E1F07, 2, (t:0, i:0))
2022-09-28 15:56:53,861 [grpc-default-executor-1] INFO  impl.VoteContext (VoteContext.java:log(48)) - 34248cef-dc81-419d-a997-c38b939b47d3@group-61C24E5E1F07-FOLLOWER: accept ELECTION from 0f80ef1a-6e1f-426a-9fb6-49677c19ba92: our priority 0 <= candidate's priority 1
2022-09-28 15:56:53,861 [8c5cbec5-1e98-45a3-8a83-5527ccbe40ad@group-61C24E5E1F07-LeaderElection50] INFO  impl.LeaderElection (LeaderElection.java:askForVotes(310)) - 8c5cbec5-1e98-45a3-8a83-5527ccbe40ad@group-61C24E5E1F07-LeaderElection50 ELECTION round 0: submit vote requests at term 2 for -1: [34248cef-dc81-419d-a997-c38b939b47d3|rpc:10.1.1.55:45713|priority:0, 8c5cbec5-1e98-45a3-8a83-5527ccbe40ad|rpc:10.1.1.55:44337|priority:0, 0f80ef1a-6e1f-426a-9fb6-49677c19ba92|rpc:10.1.1.55:46649|priority:1], old=null
2022-09-28 15:56:53,861 [grpc-default-executor-1] INFO  server.RaftServer$Division (RaftServerImpl.java:setRole(299)) - 34248cef-dc81-419d-a997-c38b939b47d3@group-61C24E5E1F07: changes role from  FOLLOWER to FOLLOWER at term 2 for candidate:0f80ef1a-6e1f-426a-9fb6-49677c19ba92
2022-09-28 15:56:53,863 [grpc-default-executor-1] INFO  impl.RoleInfo (RoleInfo.java:shutdownFollowerState(110)) - 34248cef-dc81-419d-a997-c38b939b47d3: shutdown 34248cef-dc81-419d-a997-c38b939b47d3@group-61C24E5E1F07-FollowerState
2022-09-28 15:56:53,870 [grpc-default-executor-0] INFO  server.RaftServer$Division (RaftServerImpl.java:requestVote(1152)) - 34248cef-dc81-419d-a997-c38b939b47d3@group-61C24E5E1F07: receive requestVote(ELECTION, 8c5cbec5-1e98-45a3-8a83-5527ccbe40ad, group-61C24E5E1F07, 2, (t:0, i:0))
2022-09-28 15:56:53,889 [grpc-default-executor-1] INFO  impl.RoleInfo (RoleInfo.java:updateAndGet(139)) - 34248cef-dc81-419d-a997-c38b939b47d3: start 34248cef-dc81-419d-a997-c38b939b47d3@group-61C24E5E1F07-FollowerState
2022-09-28 15:56:53,889 [34248cef-dc81-419d-a997-c38b939b47d3@group-61C24E5E1F07-FollowerState] INFO  impl.FollowerState (FollowerState.java:run(152)) - 34248cef-dc81-419d-a997-c38b939b47d3@group-61C24E5E1F07-FollowerState was interrupted
2022-09-28 15:56:53,907 [grpc-default-executor-1] INFO  server.RaftServer$Division (RaftServerImpl.java:requestVote(1184)) - 34248cef-dc81-419d-a997-c38b939b47d3@group-61C24E5E1F07 replies to ELECTION vote request: 0f80ef1a-6e1f-426a-9fb6-49677c19ba92<-34248cef-dc81-419d-a997-c38b939b47d3#0:OK-t2. Peer's state: 34248cef-dc81-419d-a997-c38b939b47d3@group-61C24E5E1F07:t2, leader=null, voted=0f80ef1a-6e1f-426a-9fb6-49677c19ba92, raftlog=34248cef-dc81-419d-a997-c38b939b47d3@group-61C24E5E1F07-SegmentedRaftLog:OPENED:c-1, conf=-1: [34248cef-dc81-419d-a997-c38b939b47d3|rpc:10.1.1.55:45713|priority:0, 8c5cbec5-1e98-45a3-8a83-5527ccbe40ad|rpc:10.1.1.55:44337|priority:0, 0f80ef1a-6e1f-426a-9fb6-49677c19ba92|rpc:10.1.1.55:46649|priority:1], old=null
2022-09-28 15:56:53,907 [grpc-default-executor-0] INFO  impl.VoteContext (VoteContext.java:log(48)) - 34248cef-dc81-419d-a997-c38b939b47d3@group-61C24E5E1F07-FOLLOWER: reject ELECTION from 8c5cbec5-1e98-45a3-8a83-5527ccbe40ad: already has voted for 0f80ef1a-6e1f-426a-9fb6-49677c19ba92 at current term 2
2022-09-28 15:56:53,907 [grpc-default-executor-0] INFO  server.RaftServer$Division (RaftServerImpl.java:requestVote(1184)) - 34248cef-dc81-419d-a997-c38b939b47d3@group-61C24E5E1F07 replies to ELECTION vote request: 8c5cbec5-1e98-45a3-8a83-5527ccbe40ad<-34248cef-dc81-419d-a997-c38b939b47d3#0:FAIL-t2. Peer's state: 34248cef-dc81-419d-a997-c38b939b47d3@group-61C24E5E1F07:t2, leader=null, voted=0f80ef1a-6e1f-426a-9fb6-49677c19ba92, raftlog=34248cef-dc81-419d-a997-c38b939b47d3@group-61C24E5E1F07-SegmentedRaftLog:OPENED:c-1, conf=-1: [34248cef-dc81-419d-a997-c38b939b47d3|rpc:10.1.1.55:45713|priority:0, 8c5cbec5-1e98-45a3-8a83-5527ccbe40ad|rpc:10.1.1.55:44337|priority:0, 0f80ef1a-6e1f-426a-9fb6-49677c19ba92|rpc:10.1.1.55:46649|priority:1], old=null
2022-09-28 15:56:53,959 [0f80ef1a-6e1f-426a-9fb6-49677c19ba92@group-61C24E5E1F07-LeaderElection49] INFO  impl.LeaderElection (LeaderElection.java:logAndReturn(90)) - 0f80ef1a-6e1f-426a-9fb6-49677c19ba92@group-61C24E5E1F07-LeaderElection49: ELECTION PASSED received 1 response(s) and 0 exception(s):
2022-09-28 15:56:53,962 [0f80ef1a-6e1f-426a-9fb6-49677c19ba92@group-61C24E5E1F07-LeaderElection49] INFO  impl.LeaderElection (LeaderElection.java:logAndReturn(94)) -   Response 0: 0f80ef1a-6e1f-426a-9fb6-49677c19ba92<-34248cef-dc81-419d-a997-c38b939b47d3#0:OK-t2
2022-09-28 15:56:53,962 [0f80ef1a-6e1f-426a-9fb6-49677c19ba92@group-61C24E5E1F07-LeaderElection49] INFO  impl.LeaderElection (LeaderElection.java:askForVotes(312)) - 0f80ef1a-6e1f-426a-9fb6-49677c19ba92@group-61C24E5E1F07-LeaderElection49 ELECTION round 0: result PASSED
2022-09-28 15:56:53,962 [0f80ef1a-6e1f-426a-9fb6-49677c19ba92@group-61C24E5E1F07-LeaderElection49] INFO  impl.RoleInfo (RoleInfo.java:shutdownLeaderElection(130)) - 0f80ef1a-6e1f-426a-9fb6-49677c19ba92: shutdown 0f80ef1a-6e1f-426a-9fb6-49677c19ba92@group-61C24E5E1F07-LeaderElection49
2022-09-28 15:56:53,962 [0f80ef1a-6e1f-426a-9fb6-49677c19ba92@group-61C24E5E1F07-LeaderElection49] INFO  server.RaftServer$Division (RaftServerImpl.java:setRole(299)) - 0f80ef1a-6e1f-426a-9fb6-49677c19ba92@group-61C24E5E1F07: changes role from CANDIDATE to LEADER at term 2 for changeToLeader
2022-09-28 15:56:53,962 [0f80ef1a-6e1f-426a-9fb6-49677c19ba92@group-61C24E5E1F07-LeaderElection49] INFO  ratis.XceiverServerRatis (XceiverServerRatis.java:handleLeaderChangedNotification(863)) - Leader change notification received for group: group-61C24E5E1F07 with new leaderId: 0f80ef1a-6e1f-426a-9fb6-49677c19ba92
2022-09-28 15:56:53,963 [0f80ef1a-6e1f-426a-9fb6-49677c19ba92@group-61C24E5E1F07-LeaderElection49] INFO  server.RaftServer$Division (ServerState.java:setLeader(287)) - 0f80ef1a-6e1f-426a-9fb6-49677c19ba92@group-61C24E5E1F07: change Leader from null to 0f80ef1a-6e1f-426a-9fb6-49677c19ba92 at term 2 for becomeLeader, leader elected after 10286ms
2022-09-28 15:56:53,963 [0f80ef1a-6e1f-426a-9fb6-49677c19ba92@group-61C24E5E1F07-LeaderElection49] INFO  server.RaftServerConfigKeys (ConfUtils.java:logGet(46)) - raft.server.staging.catchup.gap = 1000 (default)
2022-09-28 15:56:53,963 [0f80ef1a-6e1f-426a-9fb6-49677c19ba92@group-61C24E5E1F07-LeaderElection49] INFO  server.RaftServerConfigKeys (ConfUtils.java:logGet(46)) - raft.server.write.element-limit = 1024 (custom)
2022-09-28 15:56:53,963 [0f80ef1a-6e1f-426a-9fb6-49677c19ba92@group-61C24E5E1F07-LeaderElection49] INFO  server.RaftServerConfigKeys (ConfUtils.java:logGet(46)) - raft.server.write.byte-limit = 1024 M (=1073741824) (custom)
2022-09-28 15:56:53,963 [0f80ef1a-6e1f-426a-9fb6-49677c19ba92@group-61C24E5E1F07-LeaderElection49] INFO  server.RaftServerConfigKeys (ConfUtils.java:logGet(46)) - raft.server.watch.timeout = 180s (custom)
2022-09-28 15:56:53,963 [0f80ef1a-6e1f-426a-9fb6-49677c19ba92@group-61C24E5E1F07-LeaderElection49] INFO  server.RaftServerConfigKeys (ConfUtils.java:logGet(46)) - raft.server.watch.timeout.denomination = 1s (default)
2022-09-28 15:56:53,963 [0f80ef1a-6e1f-426a-9fb6-49677c19ba92@group-61C24E5E1F07-LeaderElection49] INFO  server.RaftServerConfigKeys (ConfUtils.java:logGet(46)) - raft.server.watch.element-limit = 65536 (default)
2022-09-28 15:56:53,963 [0f80ef1a-6e1f-426a-9fb6-49677c19ba92@group-61C24E5E1F07-LeaderElection49] INFO  server.RaftServerConfigKeys (ConfUtils.java:logGet(46)) - raft.server.write.element-limit = 1024 (custom)
2022-09-28 15:56:53,963 [0f80ef1a-6e1f-426a-9fb6-49677c19ba92@group-61C24E5E1F07-LeaderElection49] INFO  server.RaftServerConfigKeys (ConfUtils.java:logGet(46)) - raft.server.write.follower.gap.ratio.max = -1.0 (default)
2022-09-28 15:56:53,964 [0f80ef1a-6e1f-426a-9fb6-49677c19ba92@group-61C24E5E1F07-LeaderElection49] INFO  server.RaftServerConfigKeys (ConfUtils.java:logGet(46)) - raft.server.log.appender.snapshot.chunk.size.max = 16MB (=16777216) (default)
2022-09-28 15:56:53,964 [0f80ef1a-6e1f-426a-9fb6-49677c19ba92@group-61C24E5E1F07-LeaderElection49] INFO  server.RaftServerConfigKeys (ConfUtils.java:logGet(46)) - raft.server.log.appender.buffer.byte-limit = 33554432 (custom)
2022-09-28 15:56:53,964 [0f80ef1a-6e1f-426a-9fb6-49677c19ba92@group-61C24E5E1F07-LeaderElection49] INFO  server.RaftServerConfigKeys (ConfUtils.java:logGet(46)) - raft.server.log.appender.buffer.element-limit = 1 (custom)
2022-09-28 15:56:53,964 [0f80ef1a-6e1f-426a-9fb6-49677c19ba92@group-61C24E5E1F07-LeaderElection49] INFO  grpc.GrpcConfigKeys (ConfUtils.java:logGet(46)) - raft.grpc.server.leader.outstanding.appends.max = 128 (default)
2022-09-28 15:56:53,964 [0f80ef1a-6e1f-426a-9fb6-49677c19ba92@group-61C24E5E1F07-LeaderElection49] INFO  server.RaftServerConfigKeys (ConfUtils.java:logGet(46)) - raft.server.rpc.request.timeout = 60s (custom)
2022-09-28 15:56:53,964 [0f80ef1a-6e1f-426a-9fb6-49677c19ba92@group-61C24E5E1F07-LeaderElection49] INFO  server.RaftServerConfigKeys (ConfUtils.java:logGet(46)) - raft.server.log.appender.install.snapshot.enabled = false (custom)
2022-09-28 15:56:53,959 [grpc-default-executor-1] INFO  server.RaftServer$Division (RaftServerImpl.java:requestVote(1152)) - 0f80ef1a-6e1f-426a-9fb6-49677c19ba92@group-61C24E5E1F07: receive requestVote(ELECTION, 8c5cbec5-1e98-45a3-8a83-5527ccbe40ad, group-61C24E5E1F07, 2, (t:0, i:0))
2022-09-28 15:56:53,993 [grpc-default-executor-0] INFO  server.RaftServer$Division (RaftServerImpl.java:requestVote(1152)) - 8c5cbec5-1e98-45a3-8a83-5527ccbe40ad@group-61C24E5E1F07: receive requestVote(ELECTION, 0f80ef1a-6e1f-426a-9fb6-49677c19ba92, group-61C24E5E1F07, 2, (t:0, i:0))
2022-09-28 15:56:53,993 [grpc-default-executor-0] INFO  impl.VoteContext (VoteContext.java:log(48)) - 8c5cbec5-1e98-45a3-8a83-5527ccbe40ad@group-61C24E5E1F07-CANDIDATE: reject ELECTION from 0f80ef1a-6e1f-426a-9fb6-49677c19ba92: already has voted for 8c5cbec5-1e98-45a3-8a83-5527ccbe40ad at current term 2
2022-09-28 15:56:53,993 [grpc-default-executor-0] INFO  server.RaftServer$Division (RaftServerImpl.java:requestVote(1184)) - 8c5cbec5-1e98-45a3-8a83-5527ccbe40ad@group-61C24E5E1F07 replies to ELECTION vote request: 0f80ef1a-6e1f-426a-9fb6-49677c19ba92<-8c5cbec5-1e98-45a3-8a83-5527ccbe40ad#0:FAIL-t2. Peer's state: 8c5cbec5-1e98-45a3-8a83-5527ccbe40ad@group-61C24E5E1F07:t2, leader=null, voted=8c5cbec5-1e98-45a3-8a83-5527ccbe40ad, raftlog=8c5cbec5-1e98-45a3-8a83-5527ccbe40ad@group-61C24E5E1F07-SegmentedRaftLog:OPENED:c-1, conf=-1: [34248cef-dc81-419d-a997-c38b939b47d3|rpc:10.1.1.55:45713|priority:0, 8c5cbec5-1e98-45a3-8a83-5527ccbe40ad|rpc:10.1.1.55:44337|priority:0, 0f80ef1a-6e1f-426a-9fb6-49677c19ba92|rpc:10.1.1.55:46649|priority:1], old=null
2022-09-28 15:56:54,027 [EventQueue-PipelineReportForPipelineReportHandler] INFO  pipeline.PipelineManagerImpl (PipelineManagerImpl.java:openPipeline(367)) - Pipeline Pipeline[ Id: e3588592-9ca4-4b1a-93ce-61c24e5e1f07, Nodes: 0f80ef1a-6e1f-426a-9fb6-49677c19ba92{ip: 10.1.1.55, host: fv-az203-824.ild0l4k5vsluppoevu2oqvhmda.cx.internal.cloudapp.net, ports: [REPLICATION=38103, RATIS=46649, RATIS_ADMIN=46649, RATIS_SERVER=46649, STANDALONE=44263], networkLocation: /default-rack, certSerialId: null, persistedOpState: IN_SERVICE, persistedOpStateExpiryEpochSec: 0}34248cef-dc81-419d-a997-c38b939b47d3{ip: 10.1.1.55, host: fv-az203-824.ild0l4k5vsluppoevu2oqvhmda.cx.internal.cloudapp.net, ports: [REPLICATION=33507, RATIS=45713, RATIS_ADMIN=45713, RATIS_SERVER=45713, STANDALONE=46519], networkLocation: /default-rack, certSerialId: null, persistedOpState: IN_SERVICE, persistedOpStateExpiryEpochSec: 0}8c5cbec5-1e98-45a3-8a83-5527ccbe40ad{ip: 10.1.1.55, host: fv-az203-824.ild0l4k5vsluppoevu2oqvhmda.cx.internal.cloudapp.net, ports: [REPLICATION=37543, RATIS=44337, RATIS_ADMIN=44337, RATIS_SERVER=44337, STANDALONE=46795], networkLocation: /default-rack, certSerialId: null, persistedOpState: IN_SERVICE, persistedOpStateExpiryEpochSec: 0}, ReplicationConfig: RATIS/THREE, State:ALLOCATED, leaderId:0f80ef1a-6e1f-426a-9fb6-49677c19ba92, CreationTimestamp2022-09-28T15:56:41.185Z[Etc/UTC]] moved to OPEN state
2022-09-28 15:56:54,028 [0f80ef1a-6e1f-426a-9fb6-49677c19ba92@group-61C24E5E1F07-LeaderElection49] INFO  server.RaftServerConfigKeys (ConfUtils.java:logGet(46)) - raft.server.log.appender.snapshot.chunk.size.max = 16MB (=16777216) (default)
2022-09-28 15:56:54,030 [0f80ef1a-6e1f-426a-9fb6-49677c19ba92@group-61C24E5E1F07-LeaderElection49] INFO  server.RaftServerConfigKeys (ConfUtils.java:logGet(46)) - raft.server.log.appender.buffer.byte-limit = 33554432 (custom)
2022-09-28 15:56:54,030 [0f80ef1a-6e1f-426a-9fb6-49677c19ba92@group-61C24E5E1F07-LeaderElection49] INFO  server.RaftServerConfigKeys (ConfUtils.java:logGet(46)) - raft.server.log.appender.buffer.element-limit = 1 (custom)
2022-09-28 15:56:54,030 [0f80ef1a-6e1f-426a-9fb6-49677c19ba92@group-61C24E5E1F07-LeaderElection49] INFO  grpc.GrpcConfigKeys (ConfUtils.java:logGet(46)) - raft.grpc.server.leader.outstanding.appends.max = 128 (default)
2022-09-28 15:56:54,030 [0f80ef1a-6e1f-426a-9fb6-49677c19ba92@group-61C24E5E1F07-LeaderElection49] INFO  server.RaftServerConfigKeys (ConfUtils.java:logGet(46)) - raft.server.rpc.request.timeout = 60s (custom)
2022-09-28 15:56:54,030 [0f80ef1a-6e1f-426a-9fb6-49677c19ba92@group-61C24E5E1F07-LeaderElection49] INFO  server.RaftServerConfigKeys (ConfUtils.java:logGet(46)) - raft.server.log.appender.install.snapshot.enabled = false (custom)
2022-09-28 15:56:54,030 [0f80ef1a-6e1f-426a-9fb6-49677c19ba92@group-61C24E5E1F07-LeaderElection49] INFO  impl.RoleInfo (RoleInfo.java:updateAndGet(139)) - 0f80ef1a-6e1f-426a-9fb6-49677c19ba92: start 0f80ef1a-6e1f-426a-9fb6-49677c19ba92@group-61C24E5E1F07-LeaderStateImpl
2022-09-28 15:56:54,030 [0f80ef1a-6e1f-426a-9fb6-49677c19ba92@group-61C24E5E1F07-LeaderElection49] INFO  segmented.SegmentedRaftLogWorker (SegmentedRaftLogWorker.java:startLogSegment(425)) - 0f80ef1a-6e1f-426a-9fb6-49677c19ba92@group-61C24E5E1F07-SegmentedRaftLogWorker: Starting segment from index:0
2022-09-28 15:56:54,032 [0f80ef1a-6e1f-426a-9fb6-49677c19ba92@group-61C24E5E1F07-SegmentedRaftLogWorker] INFO  segmented.SegmentedRaftLogWorker (SegmentedRaftLogWorker.java:execute(629)) - 0f80ef1a-6e1f-426a-9fb6-49677c19ba92@group-61C24E5E1F07-SegmentedRaftLogWorker: created new log segment /home/runner/work/ozone/ozone/hadoop-ozone/integration-test/target/test-dir/MiniOzoneClusterImpl-3ec8252f-dc88-4027-b0d7-634db2a11e1f/datanode-2/data/ratis/e3588592-9ca4-4b1a-93ce-61c24e5e1f07/current/log_inprogress_0
2022-09-28 15:56:54,080 [0f80ef1a-6e1f-426a-9fb6-49677c19ba92@group-61C24E5E1F07-LeaderElection49] INFO  server.RaftServer$Division (ServerState.java:setRaftConf(393)) - 0f80ef1a-6e1f-426a-9fb6-49677c19ba92@group-61C24E5E1F07: set configuration 0: [34248cef-dc81-419d-a997-c38b939b47d3|rpc:10.1.1.55:45713|dataStream:|priority:0, 8c5cbec5-1e98-45a3-8a83-5527ccbe40ad|rpc:10.1.1.55:44337|dataStream:|priority:0, 0f80ef1a-6e1f-426a-9fb6-49677c19ba92|rpc:10.1.1.55:46649|dataStream:|priority:1], old=null
2022-09-28 15:56:54,081 [grpc-default-executor-1] INFO  impl.VoteContext (VoteContext.java:log(48)) - 0f80ef1a-6e1f-426a-9fb6-49677c19ba92@group-61C24E5E1F07-LEADER: reject ELECTION from 8c5cbec5-1e98-45a3-8a83-5527ccbe40ad: already has voted for 0f80ef1a-6e1f-426a-9fb6-49677c19ba92 at current term 2
2022-09-28 15:56:54,081 [grpc-default-executor-1] INFO  server.RaftServer$Division (RaftServerImpl.java:requestVote(1184)) - 0f80ef1a-6e1f-426a-9fb6-49677c19ba92@group-61C24E5E1F07 replies to ELECTION vote request: 8c5cbec5-1e98-45a3-8a83-5527ccbe40ad<-0f80ef1a-6e1f-426a-9fb6-49677c19ba92#0:FAIL-t2. Peer's state: 0f80ef1a-6e1f-426a-9fb6-49677c19ba92@group-61C24E5E1F07:t2, leader=0f80ef1a-6e1f-426a-9fb6-49677c19ba92, voted=0f80ef1a-6e1f-426a-9fb6-49677c19ba92, raftlog=0f80ef1a-6e1f-426a-9fb6-49677c19ba92@group-61C24E5E1F07-SegmentedRaftLog:OPENED:c-1, conf=0: [34248cef-dc81-419d-a997-c38b939b47d3|rpc:10.1.1.55:45713|dataStream:|priority:0, 8c5cbec5-1e98-45a3-8a83-5527ccbe40ad|rpc:10.1.1.55:44337|dataStream:|priority:0, 0f80ef1a-6e1f-426a-9fb6-49677c19ba92|rpc:10.1.1.55:46649|dataStream:|priority:1], old=null
2022-09-28 15:56:54,069 [EventQueue-OpenPipelineForHealthyPipelineSafeModeRule] INFO  safemode.SCMSafeModeManager (HealthyPipelineSafeModeRule.java:process(137)) - SCM in safe mode. Healthy pipelines reported count is 1, required healthy pipeline reported count is 1
2022-09-28 15:56:54,118 [EventQueue-OpenPipelineForHealthyPipelineSafeModeRule] INFO  safemode.SCMSafeModeManager (SCMSafeModeManager.java:validateSafeModeExitRules(204)) - HealthyPipelineSafeModeRule rule is successfully validated
2022-09-28 15:56:54,118 [EventQueue-OpenPipelineForHealthyPipelineSafeModeRule] INFO  safemode.SCMSafeModeManager (SCMSafeModeManager.java:validateSafeModeExitRules(219)) - ScmSafeModeManager, all rules are successfully validated
2022-09-28 15:56:54,118 [EventQueue-OpenPipelineForHealthyPipelineSafeModeRule] INFO  safemode.SCMSafeModeManager (SCMSafeModeManager.java:exitSafeMode(248)) - SCM exiting safe mode.
2022-09-28 15:56:54,118 [EventQueue-OpenPipelineForHealthyPipelineSafeModeRule] WARN  events.EventQueue (EventQueue.java:fireEvent(216)) - No event handler registered for event TypedEvent{payloadType=SafeModeStatus, name='Safe mode status'}
2022-09-28 15:56:54,118 [EventQueue-OpenPipelineForHealthyPipelineSafeModeRule] INFO  ha.SCMContext (SCMContext.java:updateSafeModeStatus(228)) - Update SafeModeStatus from SafeModeStatus{safeModeStatus=true, preCheckPassed=true} to SafeModeStatus{safeModeStatus=false, preCheckPassed=true}.
2022-09-28 15:56:54,118 [EventQueue-OpenPipelineForHealthyPipelineSafeModeRule] INFO  pipeline.BackgroundPipelineCreator (BackgroundPipelineCreator.java:notifyStatusChanged(254)) - Service BackgroundPipelineCreator transitions to RUNNING.
2022-09-28 15:56:54,118 [EventQueue-OpenPipelineForHealthyPipelineSafeModeRule] INFO  BackgroundPipelineScrubber (BackgroundSCMService.java:notifyStatusChanged(82)) - Service BackgroundPipelineScrubber transitions to RUNNING.
2022-09-28 15:56:54,118 [EventQueue-OpenPipelineForHealthyPipelineSafeModeRule] INFO  ExpiredContainerReplicaOpScrubber (BackgroundSCMService.java:notifyStatusChanged(82)) - Service ExpiredContainerReplicaOpScrubber transitions to RUNNING.
2022-09-28 15:56:54,118 [EventQueue-OpenPipelineForHealthyPipelineSafeModeRule] INFO  replication.ReplicationManager (ReplicationManager.java:notifyStatusChanged(726)) - Service ReplicationManager transitions to RUNNING.
2022-09-28 15:56:54,118 [EventQueue-OpenPipelineForHealthyPipelineSafeModeRule] WARN  balancer.ContainerBalancer (ContainerBalancer.java:shouldRun(936)) - Could not find persisted configuration for ContainerBalancer when checking if ContainerBalancer should run. ContainerBalancer should not run now.
2022-09-28 15:56:54,147 [8c5cbec5-1e98-45a3-8a83-5527ccbe40ad@group-61C24E5E1F07-LeaderElection50] INFO  impl.LeaderElection (LeaderElection.java:logAndReturn(90)) - 8c5cbec5-1e98-45a3-8a83-5527ccbe40ad@group-61C24E5E1F07-LeaderElection50: ELECTION REJECTED received 2 response(s) and 0 exception(s):
2022-09-28 15:56:54,149 [8c5cbec5-1e98-45a3-8a83-5527ccbe40ad@group-61C24E5E1F07-LeaderElection50] INFO  impl.LeaderElection (LeaderElection.java:logAndReturn(94)) -   Response 0: 8c5cbec5-1e98-45a3-8a83-5527ccbe40ad<-34248cef-dc81-419d-a997-c38b939b47d3#0:FAIL-t2
2022-09-28 15:56:54,149 [8c5cbec5-1e98-45a3-8a83-5527ccbe40ad@group-61C24E5E1F07-LeaderElection50] INFO  impl.LeaderElection (LeaderElection.java:logAndReturn(94)) -   Response 1: 8c5cbec5-1e98-45a3-8a83-5527ccbe40ad<-0f80ef1a-6e1f-426a-9fb6-49677c19ba92#0:FAIL-t2
2022-09-28 15:56:54,149 [8c5cbec5-1e98-45a3-8a83-5527ccbe40ad@group-61C24E5E1F07-LeaderElection50] INFO  impl.LeaderElection (LeaderElection.java:askForVotes(312)) - 8c5cbec5-1e98-45a3-8a83-5527ccbe40ad@group-61C24E5E1F07-LeaderElection50 ELECTION round 0: result REJECTED
2022-09-28 15:56:54,149 [8c5cbec5-1e98-45a3-8a83-5527ccbe40ad@group-61C24E5E1F07-LeaderElection50] INFO  server.RaftServer$Division (RaftServerImpl.java:setRole(299)) - 8c5cbec5-1e98-45a3-8a83-5527ccbe40ad@group-61C24E5E1F07: changes role from CANDIDATE to FOLLOWER at term 2 for REJECTED
2022-09-28 15:56:54,149 [8c5cbec5-1e98-45a3-8a83-5527ccbe40ad@group-61C24E5E1F07-LeaderElection50] INFO  impl.RoleInfo (RoleInfo.java:shutdownLeaderElection(130)) - 8c5cbec5-1e98-45a3-8a83-5527ccbe40ad: shutdown 8c5cbec5-1e98-45a3-8a83-5527ccbe40ad@group-61C24E5E1F07-LeaderElection50
2022-09-28 15:56:54,149 [8c5cbec5-1e98-45a3-8a83-5527ccbe40ad@group-61C24E5E1F07-LeaderElection50] INFO  impl.RoleInfo (RoleInfo.java:updateAndGet(139)) - 8c5cbec5-1e98-45a3-8a83-5527ccbe40ad: start 8c5cbec5-1e98-45a3-8a83-5527ccbe40ad@group-61C24E5E1F07-FollowerState
2022-09-28 15:56:54,151 [8c5cbec5-1e98-45a3-8a83-5527ccbe40ad-server-thread1] INFO  ratis.XceiverServerRatis (XceiverServerRatis.java:handleLeaderChangedNotification(863)) - Leader change notification received for group: group-61C24E5E1F07 with new leaderId: 0f80ef1a-6e1f-426a-9fb6-49677c19ba92
2022-09-28 15:56:54,151 [8c5cbec5-1e98-45a3-8a83-5527ccbe40ad-server-thread1] INFO  server.RaftServer$Division (ServerState.java:setLeader(287)) - 8c5cbec5-1e98-45a3-8a83-5527ccbe40ad@group-61C24E5E1F07: change Leader from null to 0f80ef1a-6e1f-426a-9fb6-49677c19ba92 at term 2 for appendEntries, leader elected after 10687ms
2022-09-28 15:56:54,156 [8c5cbec5-1e98-45a3-8a83-5527ccbe40ad-server-thread1] INFO  server.RaftServer$Division (ServerState.java:setRaftConf(393)) - 8c5cbec5-1e98-45a3-8a83-5527ccbe40ad@group-61C24E5E1F07: set configuration 0: [34248cef-dc81-419d-a997-c38b939b47d3|rpc:10.1.1.55:45713|dataStream:|priority:0, 8c5cbec5-1e98-45a3-8a83-5527ccbe40ad|rpc:10.1.1.55:44337|dataStream:|priority:0, 0f80ef1a-6e1f-426a-9fb6-49677c19ba92|rpc:10.1.1.55:46649|dataStream:|priority:1], old=null
2022-09-28 15:56:54,156 [8c5cbec5-1e98-45a3-8a83-5527ccbe40ad-server-thread1] INFO  segmented.SegmentedRaftLogWorker (SegmentedRaftLogWorker.java:startLogSegment(425)) - 8c5cbec5-1e98-45a3-8a83-5527ccbe40ad@group-61C24E5E1F07-SegmentedRaftLogWorker: Starting segment from index:0
2022-09-28 15:56:54,157 [8c5cbec5-1e98-45a3-8a83-5527ccbe40ad@group-61C24E5E1F07-SegmentedRaftLogWorker] INFO  segmented.SegmentedRaftLogWorker (SegmentedRaftLogWorker.java:execute(629)) - 8c5cbec5-1e98-45a3-8a83-5527ccbe40ad@group-61C24E5E1F07-SegmentedRaftLogWorker: created new log segment /home/runner/work/ozone/ozone/hadoop-ozone/integration-test/target/test-dir/MiniOzoneClusterImpl-3ec8252f-dc88-4027-b0d7-634db2a11e1f/datanode-0/data/ratis/e3588592-9ca4-4b1a-93ce-61c24e5e1f07/current/log_inprogress_0
2022-09-28 15:56:54,179 [34248cef-dc81-419d-a997-c38b939b47d3-server-thread1] INFO  ratis.XceiverServerRatis (XceiverServerRatis.java:handleLeaderChangedNotification(863)) - Leader change notification received for group: group-61C24E5E1F07 with new leaderId: 0f80ef1a-6e1f-426a-9fb6-49677c19ba92
2022-09-28 15:56:54,179 [34248cef-dc81-419d-a997-c38b939b47d3-server-thread1] INFO  server.RaftServer$Division (ServerState.java:setLeader(287)) - 34248cef-dc81-419d-a997-c38b939b47d3@group-61C24E5E1F07: change Leader from null to 0f80ef1a-6e1f-426a-9fb6-49677c19ba92 at term 2 for appendEntries, leader elected after 10640ms
2022-09-28 15:56:54,189 [34248cef-dc81-419d-a997-c38b939b47d3-server-thread1] INFO  server.RaftServer$Division (ServerState.java:setRaftConf(393)) - 34248cef-dc81-419d-a997-c38b939b47d3@group-61C24E5E1F07: set configuration 0: [34248cef-dc81-419d-a997-c38b939b47d3|rpc:10.1.1.55:45713|dataStream:|priority:0, 8c5cbec5-1e98-45a3-8a83-5527ccbe40ad|rpc:10.1.1.55:44337|dataStream:|priority:0, 0f80ef1a-6e1f-426a-9fb6-49677c19ba92|rpc:10.1.1.55:46649|dataStream:|priority:1], old=null
2022-09-28 15:56:54,189 [34248cef-dc81-419d-a997-c38b939b47d3-server-thread1] INFO  segmented.SegmentedRaftLogWorker (SegmentedRaftLogWorker.java:startLogSegment(425)) - 34248cef-dc81-419d-a997-c38b939b47d3@group-61C24E5E1F07-SegmentedRaftLogWorker: Starting segment from index:0
2022-09-28 15:56:54,196 [34248cef-dc81-419d-a997-c38b939b47d3@group-61C24E5E1F07-SegmentedRaftLogWorker] INFO  segmented.SegmentedRaftLogWorker (SegmentedRaftLogWorker.java:execute(629)) - 34248cef-dc81-419d-a997-c38b939b47d3@group-61C24E5E1F07-SegmentedRaftLogWorker: created new log segment /home/runner/work/ozone/ozone/hadoop-ozone/integration-test/target/test-dir/MiniOzoneClusterImpl-3ec8252f-dc88-4027-b0d7-634db2a11e1f/datanode-1/data/ratis/e3588592-9ca4-4b1a-93ce-61c24e5e1f07/current/log_inprogress_0
2022-09-28 15:56:54,571 [Listener at 127.0.0.1/41537] INFO  ozone.MiniOzoneClusterImpl (MiniOzoneClusterImpl.java:lambda$waitForClusterToBeReady$0(216)) - Nodes are ready. Got 5 of 5 DN Heartbeats.
2022-09-28 15:56:54,571 [Listener at 127.0.0.1/41537] INFO  ozone.MiniOzoneClusterImpl (MiniOzoneClusterImpl.java:lambda$waitForClusterToBeReady$0(219)) - Cluster exits safe mode
2022-09-28 15:56:54,571 [Listener at 127.0.0.1/41537] INFO  ozone.MiniOzoneClusterImpl (MiniOzoneClusterImpl.java:lambda$waitForClusterToBeReady$0(221)) - SCM became leader
2022-09-28 15:56:54,777 [Listener at 127.0.0.1/41537] INFO  rpc.RpcClient (RpcClient.java:createVolume(471)) - Creating Volume: volume06113, with user54866 as owner and space quota set to -1 bytes, counts quota set to -1
2022-09-28 15:56:54,778 [IPC Server handler 0 on default port 41537] INFO  volume.OMVolumeCreateRequest (OMVolumeCreateRequest.java:validateAndUpdateCache(195)) - created volume:volume06113 for user:user54866
2022-09-28 15:56:54,942 [Listener at 127.0.0.1/41537] INFO  rpc.RpcClient (RpcClient.java:createBucket(674)) - Creating Bucket: volume06113/bucket59830, with bucket layout LEGACY, runner as owner, Versioning false, Storage Type set to DISK and Encryption set to false 
2022-09-28 15:56:54,948 [IPC Server handler 6 on default port 41537] INFO  bucket.OMBucketCreateRequest (OMBucketCreateRequest.java:validateAndUpdateCache(260)) - created bucket: bucket59830 of layout LEGACY in volume: volume06113
]]></system-out>
  </testcase>
  <testcase name="testSeekOnFileLength" classname="TestOzoneFileSystem" time="0.87">
    <system-out><![CDATA[2022-09-28 15:51:58,189 [IPC Server handler 12 on default port 38917] INFO  ha.SequenceIdGenerator (SequenceIdGenerator.java:getNextId(128)) - Allocate a batch for containerId, change lastId from 0 to 1000.
2022-09-28 15:51:58,199 [IPC Server handler 12 on default port 38917] WARN  ha.SequenceIdGenerator (SequenceIdGenerator.java:allocateBatch(237)) - Failed to allocate a batch for localId, expected lastId is 0, actual lastId is 109611004723200000.
2022-09-28 15:51:58,199 [IPC Server handler 12 on default port 38917] INFO  ha.SequenceIdGenerator (SequenceIdGenerator.java:getNextId(128)) - Allocate a batch for localId, change lastId from 109611004723200000 to 109611004723201000.
2022-09-28 15:51:58,284 [Time-limited test] INFO  impl.MetricsSystemImpl (MetricsSystemImpl.java:init(158)) - XceiverClientMetrics metrics system started (again)
15:51:58.981 [IPC Server handler 10 on default port 36317] ERROR OMAudit - user=runner | ip=127.0.0.1 | op=LOOKUP_FILE {volume=volume24312, bucket=bucket55718, key=file_notexist, dataSize=0, replicationConfig=null} | ret=FAILURE
org.apache.hadoop.ozone.om.exceptions.OMException: Unable to get file status: volume: volume24312 bucket: bucket55718 key: file_notexist
	at org.apache.hadoop.ozone.om.KeyManagerImpl.getOzoneFileStatus(KeyManagerImpl.java:1324) ~[ozone-manager-1.3.0-SNAPSHOT.jar:?]
	at org.apache.hadoop.ozone.om.KeyManagerImpl.lookupFile(KeyManagerImpl.java:1436) ~[ozone-manager-1.3.0-SNAPSHOT.jar:?]
	at org.apache.hadoop.ozone.om.OzoneManager.lookupFile(OzoneManager.java:3544) ~[ozone-manager-1.3.0-SNAPSHOT.jar:?]
	at org.apache.hadoop.ozone.protocolPB.OzoneManagerRequestHandler.lookupFile(OzoneManagerRequestHandler.java:995) ~[ozone-manager-1.3.0-SNAPSHOT.jar:?]
	at org.apache.hadoop.ozone.protocolPB.OzoneManagerRequestHandler.handleReadRequest(OzoneManagerRequestHandler.java:234) ~[ozone-manager-1.3.0-SNAPSHOT.jar:?]
	at org.apache.hadoop.ozone.protocolPB.OzoneManagerProtocolServerSideTranslatorPB.submitReadRequestToOM(OzoneManagerProtocolServerSideTranslatorPB.java:226) ~[ozone-manager-1.3.0-SNAPSHOT.jar:?]
	at org.apache.hadoop.ozone.protocolPB.OzoneManagerProtocolServerSideTranslatorPB.processRequest(OzoneManagerProtocolServerSideTranslatorPB.java:175) ~[ozone-manager-1.3.0-SNAPSHOT.jar:?]
	at org.apache.hadoop.hdds.server.OzoneProtocolMessageDispatcher.processRequest(OzoneProtocolMessageDispatcher.java:87) [hdds-server-framework-1.3.0-SNAPSHOT.jar:?]
	at org.apache.hadoop.ozone.protocolPB.OzoneManagerProtocolServerSideTranslatorPB.submitRequest(OzoneManagerProtocolServerSideTranslatorPB.java:147) [ozone-manager-1.3.0-SNAPSHOT.jar:?]
	at org.apache.hadoop.ozone.protocol.proto.OzoneManagerProtocolProtos$OzoneManagerService$2.callBlockingMethod(OzoneManagerProtocolProtos.java) [ozone-interface-client-1.3.0-SNAPSHOT.jar:?]
	at org.apache.hadoop.ipc.ProtobufRpcEngine$Server.processCall(ProtobufRpcEngine.java:466) [hadoop-common-3.3.1.jar:?]
	at org.apache.hadoop.ipc.ProtobufRpcEngine2$Server$ProtoBufRpcInvoker.call(ProtobufRpcEngine2.java:574) [hadoop-common-3.3.1.jar:?]
	at org.apache.hadoop.ipc.ProtobufRpcEngine2$Server$ProtoBufRpcInvoker.call(ProtobufRpcEngine2.java:552) [hadoop-common-3.3.1.jar:?]
	at org.apache.hadoop.ipc.RPC$Server.call(RPC.java:1093) [hadoop-common-3.3.1.jar:?]
	at org.apache.hadoop.ipc.Server$RpcCall.run(Server.java:1035) [hadoop-common-3.3.1.jar:?]
	at org.apache.hadoop.ipc.Server$RpcCall.run(Server.java:963) [hadoop-common-3.3.1.jar:?]
	at java.security.AccessController.doPrivileged(Native Method) ~[?:1.8.0_345]
	at javax.security.auth.Subject.doAs(Subject.java:422) [?:1.8.0_345]
	at org.apache.hadoop.security.UserGroupInformation.doAs(UserGroupInformation.java:1878) [hadoop-common-3.3.1.jar:?]
	at org.apache.hadoop.ipc.Server$Handler.run(Server.java:2966) [hadoop-common-3.3.1.jar:?]
]]></system-out>
  </testcase>
  <testcase name="testSeekOnFileLength" classname="TestOzoneFileSystem" time="0.487">
    <system-out><![CDATA[2022-09-28 15:53:37,710 [IPC Server handler 0 on default port 44621] INFO  ha.SequenceIdGenerator (SequenceIdGenerator.java:getNextId(128)) - Allocate a batch for containerId, change lastId from 0 to 1000.
2022-09-28 15:53:37,711 [IPC Server handler 0 on default port 44621] WARN  ha.SequenceIdGenerator (SequenceIdGenerator.java:allocateBatch(237)) - Failed to allocate a batch for localId, expected lastId is 0, actual lastId is 109611004723200000.
2022-09-28 15:53:37,711 [IPC Server handler 0 on default port 44621] INFO  ha.SequenceIdGenerator (SequenceIdGenerator.java:getNextId(128)) - Allocate a batch for localId, change lastId from 109611004723200000 to 109611004723201000.
15:53:38.167 [IPC Server handler 1 on default port 42319] ERROR OMAudit - user=runner | ip=127.0.0.1 | op=LOOKUP_FILE {volume=volume00149, bucket=bucket04297, key=file_notexist, dataSize=0, replicationConfig=null} | ret=FAILURE
org.apache.hadoop.ozone.om.exceptions.OMException: Unable to get file status: volume: volume00149 bucket: bucket04297 key: file_notexist
	at org.apache.hadoop.ozone.om.KeyManagerImpl.getOzoneFileStatus(KeyManagerImpl.java:1324) ~[ozone-manager-1.3.0-SNAPSHOT.jar:?]
	at org.apache.hadoop.ozone.om.KeyManagerImpl.lookupFile(KeyManagerImpl.java:1436) ~[ozone-manager-1.3.0-SNAPSHOT.jar:?]
	at org.apache.hadoop.ozone.om.OzoneManager.lookupFile(OzoneManager.java:3544) ~[ozone-manager-1.3.0-SNAPSHOT.jar:?]
	at org.apache.hadoop.ozone.protocolPB.OzoneManagerRequestHandler.lookupFile(OzoneManagerRequestHandler.java:995) ~[ozone-manager-1.3.0-SNAPSHOT.jar:?]
	at org.apache.hadoop.ozone.protocolPB.OzoneManagerRequestHandler.handleReadRequest(OzoneManagerRequestHandler.java:234) ~[ozone-manager-1.3.0-SNAPSHOT.jar:?]
	at org.apache.hadoop.ozone.protocolPB.OzoneManagerProtocolServerSideTranslatorPB.submitRequestDirectlyToOM(OzoneManagerProtocolServerSideTranslatorPB.java:276) ~[ozone-manager-1.3.0-SNAPSHOT.jar:?]
	at org.apache.hadoop.ozone.protocolPB.OzoneManagerProtocolServerSideTranslatorPB.processRequest(OzoneManagerProtocolServerSideTranslatorPB.java:205) ~[ozone-manager-1.3.0-SNAPSHOT.jar:?]
	at org.apache.hadoop.hdds.server.OzoneProtocolMessageDispatcher.processRequest(OzoneProtocolMessageDispatcher.java:87) [hdds-server-framework-1.3.0-SNAPSHOT.jar:?]
	at org.apache.hadoop.ozone.protocolPB.OzoneManagerProtocolServerSideTranslatorPB.submitRequest(OzoneManagerProtocolServerSideTranslatorPB.java:147) [ozone-manager-1.3.0-SNAPSHOT.jar:?]
	at org.apache.hadoop.ozone.protocol.proto.OzoneManagerProtocolProtos$OzoneManagerService$2.callBlockingMethod(OzoneManagerProtocolProtos.java) [ozone-interface-client-1.3.0-SNAPSHOT.jar:?]
	at org.apache.hadoop.ipc.ProtobufRpcEngine$Server.processCall(ProtobufRpcEngine.java:466) [hadoop-common-3.3.1.jar:?]
	at org.apache.hadoop.ipc.ProtobufRpcEngine2$Server$ProtoBufRpcInvoker.call(ProtobufRpcEngine2.java:574) [hadoop-common-3.3.1.jar:?]
	at org.apache.hadoop.ipc.ProtobufRpcEngine2$Server$ProtoBufRpcInvoker.call(ProtobufRpcEngine2.java:552) [hadoop-common-3.3.1.jar:?]
	at org.apache.hadoop.ipc.RPC$Server.call(RPC.java:1093) [hadoop-common-3.3.1.jar:?]
	at org.apache.hadoop.ipc.Server$RpcCall.run(Server.java:1035) [hadoop-common-3.3.1.jar:?]
	at org.apache.hadoop.ipc.Server$RpcCall.run(Server.java:963) [hadoop-common-3.3.1.jar:?]
	at java.security.AccessController.doPrivileged(Native Method) ~[?:1.8.0_345]
	at javax.security.auth.Subject.doAs(Subject.java:422) [?:1.8.0_345]
	at org.apache.hadoop.security.UserGroupInformation.doAs(UserGroupInformation.java:1878) [hadoop-common-3.3.1.jar:?]
	at org.apache.hadoop.ipc.Server$Handler.run(Server.java:2966) [hadoop-common-3.3.1.jar:?]
]]></system-out>
  </testcase>
  <testcase name="testSeekOnFileLength" classname="TestOzoneFileSystem" time="0.581">
    <system-out><![CDATA[2022-09-28 15:55:02,639 [IPC Server handler 0 on default port 37715] INFO  ha.SequenceIdGenerator (SequenceIdGenerator.java:getNextId(128)) - Allocate a batch for containerId, change lastId from 0 to 1000.
2022-09-28 15:55:02,640 [IPC Server handler 0 on default port 37715] WARN  ha.SequenceIdGenerator (SequenceIdGenerator.java:allocateBatch(237)) - Failed to allocate a batch for localId, expected lastId is 0, actual lastId is 109611004723200000.
2022-09-28 15:55:02,640 [IPC Server handler 0 on default port 37715] INFO  ha.SequenceIdGenerator (SequenceIdGenerator.java:getNextId(128)) - Allocate a batch for localId, change lastId from 109611004723200000 to 109611004723201000.
15:55:03.197 [IPC Server handler 2 on default port 37257] ERROR OMAudit - user=runner | ip=127.0.0.1 | op=LOOKUP_FILE {volume=volume14467, bucket=bucket64159, key=file_notexist, dataSize=0, replicationConfig=null} | ret=FAILURE
org.apache.hadoop.ozone.om.exceptions.OMException: Unable to get file status: volume: volume14467 bucket: bucket64159 key: file_notexist
	at org.apache.hadoop.ozone.om.KeyManagerImpl.getOzoneFileStatus(KeyManagerImpl.java:1324) ~[ozone-manager-1.3.0-SNAPSHOT.jar:?]
	at org.apache.hadoop.ozone.om.KeyManagerImpl.lookupFile(KeyManagerImpl.java:1436) ~[ozone-manager-1.3.0-SNAPSHOT.jar:?]
	at org.apache.hadoop.ozone.om.OzoneManager.lookupFile(OzoneManager.java:3544) ~[ozone-manager-1.3.0-SNAPSHOT.jar:?]
	at org.apache.hadoop.ozone.protocolPB.OzoneManagerRequestHandler.lookupFile(OzoneManagerRequestHandler.java:995) ~[ozone-manager-1.3.0-SNAPSHOT.jar:?]
	at org.apache.hadoop.ozone.protocolPB.OzoneManagerRequestHandler.handleReadRequest(OzoneManagerRequestHandler.java:234) ~[ozone-manager-1.3.0-SNAPSHOT.jar:?]
	at org.apache.hadoop.ozone.protocolPB.OzoneManagerProtocolServerSideTranslatorPB.submitReadRequestToOM(OzoneManagerProtocolServerSideTranslatorPB.java:226) ~[ozone-manager-1.3.0-SNAPSHOT.jar:?]
	at org.apache.hadoop.ozone.protocolPB.OzoneManagerProtocolServerSideTranslatorPB.processRequest(OzoneManagerProtocolServerSideTranslatorPB.java:175) ~[ozone-manager-1.3.0-SNAPSHOT.jar:?]
	at org.apache.hadoop.hdds.server.OzoneProtocolMessageDispatcher.processRequest(OzoneProtocolMessageDispatcher.java:87) [hdds-server-framework-1.3.0-SNAPSHOT.jar:?]
	at org.apache.hadoop.ozone.protocolPB.OzoneManagerProtocolServerSideTranslatorPB.submitRequest(OzoneManagerProtocolServerSideTranslatorPB.java:147) [ozone-manager-1.3.0-SNAPSHOT.jar:?]
	at org.apache.hadoop.ozone.protocol.proto.OzoneManagerProtocolProtos$OzoneManagerService$2.callBlockingMethod(OzoneManagerProtocolProtos.java) [ozone-interface-client-1.3.0-SNAPSHOT.jar:?]
	at org.apache.hadoop.ipc.ProtobufRpcEngine$Server.processCall(ProtobufRpcEngine.java:466) [hadoop-common-3.3.1.jar:?]
	at org.apache.hadoop.ipc.ProtobufRpcEngine2$Server$ProtoBufRpcInvoker.call(ProtobufRpcEngine2.java:574) [hadoop-common-3.3.1.jar:?]
	at org.apache.hadoop.ipc.ProtobufRpcEngine2$Server$ProtoBufRpcInvoker.call(ProtobufRpcEngine2.java:552) [hadoop-common-3.3.1.jar:?]
	at org.apache.hadoop.ipc.RPC$Server.call(RPC.java:1093) [hadoop-common-3.3.1.jar:?]
	at org.apache.hadoop.ipc.Server$RpcCall.run(Server.java:1035) [hadoop-common-3.3.1.jar:?]
	at org.apache.hadoop.ipc.Server$RpcCall.run(Server.java:963) [hadoop-common-3.3.1.jar:?]
	at java.security.AccessController.doPrivileged(Native Method) ~[?:1.8.0_345]
	at javax.security.auth.Subject.doAs(Subject.java:422) [?:1.8.0_345]
	at org.apache.hadoop.security.UserGroupInformation.doAs(UserGroupInformation.java:1878) [hadoop-common-3.3.1.jar:?]
	at org.apache.hadoop.ipc.Server$Handler.run(Server.java:2966) [hadoop-common-3.3.1.jar:?]
]]></system-out>
  </testcase>
  <testcase name="testSeekOnFileLength" classname="TestOzoneFileSystem" time="0.66">
    <system-out><![CDATA[2022-09-28 15:56:55,090 [IPC Server handler 0 on default port 43139] INFO  ha.SequenceIdGenerator (SequenceIdGenerator.java:getNextId(128)) - Allocate a batch for containerId, change lastId from 0 to 1000.
2022-09-28 15:56:55,090 [IPC Server handler 0 on default port 43139] WARN  ha.SequenceIdGenerator (SequenceIdGenerator.java:allocateBatch(237)) - Failed to allocate a batch for localId, expected lastId is 0, actual lastId is 109611004723200000.
2022-09-28 15:56:55,090 [IPC Server handler 0 on default port 43139] INFO  ha.SequenceIdGenerator (SequenceIdGenerator.java:getNextId(128)) - Allocate a batch for localId, change lastId from 109611004723200000 to 109611004723201000.
15:56:55.712 [IPC Server handler 17 on default port 41537] ERROR OMAudit - user=runner | ip=127.0.0.1 | op=LOOKUP_FILE {volume=volume06113, bucket=bucket59830, key=file_notexist, dataSize=0, replicationConfig=null} | ret=FAILURE
org.apache.hadoop.ozone.om.exceptions.OMException: Unable to get file status: volume: volume06113 bucket: bucket59830 key: file_notexist
	at org.apache.hadoop.ozone.om.KeyManagerImpl.getOzoneFileStatus(KeyManagerImpl.java:1324) ~[ozone-manager-1.3.0-SNAPSHOT.jar:?]
	at org.apache.hadoop.ozone.om.KeyManagerImpl.lookupFile(KeyManagerImpl.java:1436) ~[ozone-manager-1.3.0-SNAPSHOT.jar:?]
	at org.apache.hadoop.ozone.om.OzoneManager.lookupFile(OzoneManager.java:3544) ~[ozone-manager-1.3.0-SNAPSHOT.jar:?]
	at org.apache.hadoop.ozone.protocolPB.OzoneManagerRequestHandler.lookupFile(OzoneManagerRequestHandler.java:995) ~[ozone-manager-1.3.0-SNAPSHOT.jar:?]
	at org.apache.hadoop.ozone.protocolPB.OzoneManagerRequestHandler.handleReadRequest(OzoneManagerRequestHandler.java:234) ~[ozone-manager-1.3.0-SNAPSHOT.jar:?]
	at org.apache.hadoop.ozone.protocolPB.OzoneManagerProtocolServerSideTranslatorPB.submitRequestDirectlyToOM(OzoneManagerProtocolServerSideTranslatorPB.java:276) ~[ozone-manager-1.3.0-SNAPSHOT.jar:?]
	at org.apache.hadoop.ozone.protocolPB.OzoneManagerProtocolServerSideTranslatorPB.processRequest(OzoneManagerProtocolServerSideTranslatorPB.java:205) ~[ozone-manager-1.3.0-SNAPSHOT.jar:?]
	at org.apache.hadoop.hdds.server.OzoneProtocolMessageDispatcher.processRequest(OzoneProtocolMessageDispatcher.java:87) [hdds-server-framework-1.3.0-SNAPSHOT.jar:?]
	at org.apache.hadoop.ozone.protocolPB.OzoneManagerProtocolServerSideTranslatorPB.submitRequest(OzoneManagerProtocolServerSideTranslatorPB.java:147) [ozone-manager-1.3.0-SNAPSHOT.jar:?]
	at org.apache.hadoop.ozone.protocol.proto.OzoneManagerProtocolProtos$OzoneManagerService$2.callBlockingMethod(OzoneManagerProtocolProtos.java) [ozone-interface-client-1.3.0-SNAPSHOT.jar:?]
	at org.apache.hadoop.ipc.ProtobufRpcEngine$Server.processCall(ProtobufRpcEngine.java:466) [hadoop-common-3.3.1.jar:?]
	at org.apache.hadoop.ipc.ProtobufRpcEngine2$Server$ProtoBufRpcInvoker.call(ProtobufRpcEngine2.java:574) [hadoop-common-3.3.1.jar:?]
	at org.apache.hadoop.ipc.ProtobufRpcEngine2$Server$ProtoBufRpcInvoker.call(ProtobufRpcEngine2.java:552) [hadoop-common-3.3.1.jar:?]
	at org.apache.hadoop.ipc.RPC$Server.call(RPC.java:1093) [hadoop-common-3.3.1.jar:?]
	at org.apache.hadoop.ipc.Server$RpcCall.run(Server.java:1035) [hadoop-common-3.3.1.jar:?]
	at org.apache.hadoop.ipc.Server$RpcCall.run(Server.java:963) [hadoop-common-3.3.1.jar:?]
	at java.security.AccessController.doPrivileged(Native Method) ~[?:1.8.0_345]
	at javax.security.auth.Subject.doAs(Subject.java:422) [?:1.8.0_345]
	at org.apache.hadoop.security.UserGroupInformation.doAs(UserGroupInformation.java:1878) [hadoop-common-3.3.1.jar:?]
	at org.apache.hadoop.ipc.Server$Handler.run(Server.java:2966) [hadoop-common-3.3.1.jar:?]
]]></system-out>
  </testcase>
  <testcase name="testRenameFile" classname="TestOzoneFileSystem" time="0.112">
    <system-out><![CDATA[15:51:59.050 [IPC Server handler 1 on default port 36317] ERROR OMAudit - user=runner | ip=127.0.0.1 | op=GET_FILE_STATUS {volume=volume24312, bucket=bucket55718, key=root/file1, dataSize=0, replicationConfig=null} | ret=FAILURE
org.apache.hadoop.ozone.om.exceptions.OMException: Unable to get file status: volume: volume24312 bucket: bucket55718 key: root/file1
	at org.apache.hadoop.ozone.om.KeyManagerImpl.getOzoneFileStatus(KeyManagerImpl.java:1324) ~[ozone-manager-1.3.0-SNAPSHOT.jar:?]
	at org.apache.hadoop.ozone.om.KeyManagerImpl.getFileStatus(KeyManagerImpl.java:1254) ~[ozone-manager-1.3.0-SNAPSHOT.jar:?]
	at org.apache.hadoop.ozone.om.OzoneManager.getFileStatus(OzoneManager.java:3506) ~[ozone-manager-1.3.0-SNAPSHOT.jar:?]
	at org.apache.hadoop.ozone.protocolPB.OzoneManagerRequestHandler.getOzoneFileStatus(OzoneManagerRequestHandler.java:882) ~[ozone-manager-1.3.0-SNAPSHOT.jar:?]
	at org.apache.hadoop.ozone.protocolPB.OzoneManagerRequestHandler.handleReadRequest(OzoneManagerRequestHandler.java:228) ~[ozone-manager-1.3.0-SNAPSHOT.jar:?]
	at org.apache.hadoop.ozone.protocolPB.OzoneManagerProtocolServerSideTranslatorPB.submitReadRequestToOM(OzoneManagerProtocolServerSideTranslatorPB.java:226) ~[ozone-manager-1.3.0-SNAPSHOT.jar:?]
	at org.apache.hadoop.ozone.protocolPB.OzoneManagerProtocolServerSideTranslatorPB.processRequest(OzoneManagerProtocolServerSideTranslatorPB.java:175) ~[ozone-manager-1.3.0-SNAPSHOT.jar:?]
	at org.apache.hadoop.hdds.server.OzoneProtocolMessageDispatcher.processRequest(OzoneProtocolMessageDispatcher.java:87) [hdds-server-framework-1.3.0-SNAPSHOT.jar:?]
	at org.apache.hadoop.ozone.protocolPB.OzoneManagerProtocolServerSideTranslatorPB.submitRequest(OzoneManagerProtocolServerSideTranslatorPB.java:147) [ozone-manager-1.3.0-SNAPSHOT.jar:?]
	at org.apache.hadoop.ozone.protocol.proto.OzoneManagerProtocolProtos$OzoneManagerService$2.callBlockingMethod(OzoneManagerProtocolProtos.java) [ozone-interface-client-1.3.0-SNAPSHOT.jar:?]
	at org.apache.hadoop.ipc.ProtobufRpcEngine$Server.processCall(ProtobufRpcEngine.java:466) [hadoop-common-3.3.1.jar:?]
	at org.apache.hadoop.ipc.ProtobufRpcEngine2$Server$ProtoBufRpcInvoker.call(ProtobufRpcEngine2.java:574) [hadoop-common-3.3.1.jar:?]
	at org.apache.hadoop.ipc.ProtobufRpcEngine2$Server$ProtoBufRpcInvoker.call(ProtobufRpcEngine2.java:552) [hadoop-common-3.3.1.jar:?]
	at org.apache.hadoop.ipc.RPC$Server.call(RPC.java:1093) [hadoop-common-3.3.1.jar:?]
	at org.apache.hadoop.ipc.Server$RpcCall.run(Server.java:1035) [hadoop-common-3.3.1.jar:?]
	at org.apache.hadoop.ipc.Server$RpcCall.run(Server.java:963) [hadoop-common-3.3.1.jar:?]
	at java.security.AccessController.doPrivileged(Native Method) ~[?:1.8.0_345]
	at javax.security.auth.Subject.doAs(Subject.java:422) [?:1.8.0_345]
	at org.apache.hadoop.security.UserGroupInformation.doAs(UserGroupInformation.java:1878) [hadoop-common-3.3.1.jar:?]
	at org.apache.hadoop.ipc.Server$Handler.run(Server.java:2966) [hadoop-common-3.3.1.jar:?]
2022-09-28 15:51:59,051 [Time-limited test] WARN  ozone.BasicOzoneFileSystem (BasicOzoneFileSystem.java:getFileStatus(765)) - GetFileStatus failed for path o3fs://bucket55718.volume24312/root/file1
java.io.FileNotFoundException: root/file1: No such file or directory!
	at org.apache.hadoop.fs.ozone.BasicOzoneClientAdapterImpl.getFileStatus(BasicOzoneClientAdapterImpl.java:369)
	at org.apache.hadoop.fs.ozone.BasicOzoneFileSystem.getFileStatus(BasicOzoneFileSystem.java:757)
	at org.apache.hadoop.fs.ozone.BasicOzoneFileSystem.rename(BasicOzoneFileSystem.java:357)
	at org.apache.hadoop.fs.ozone.TestOzoneFileSystem.testRenameFile(TestOzoneFileSystem.java:1206)
	at sun.reflect.NativeMethodAccessorImpl.invoke0(Native Method)
	at sun.reflect.NativeMethodAccessorImpl.invoke(NativeMethodAccessorImpl.java:62)
	at sun.reflect.DelegatingMethodAccessorImpl.invoke(DelegatingMethodAccessorImpl.java:43)
	at java.lang.reflect.Method.invoke(Method.java:498)
	at org.junit.runners.model.FrameworkMethod$1.runReflectiveCall(FrameworkMethod.java:59)
	at org.junit.internal.runners.model.ReflectiveCallable.run(ReflectiveCallable.java:12)
	at org.junit.runners.model.FrameworkMethod.invokeExplosively(FrameworkMethod.java:56)
	at org.junit.internal.runners.statements.InvokeMethod.evaluate(InvokeMethod.java:17)
	at org.junit.internal.runners.statements.RunAfters.evaluate(RunAfters.java:27)
	at org.junit.internal.runners.statements.FailOnTimeout$CallableStatement.call(FailOnTimeout.java:288)
	at org.junit.internal.runners.statements.FailOnTimeout$CallableStatement.call(FailOnTimeout.java:282)
	at java.util.concurrent.FutureTask.run(FutureTask.java:266)
	at java.lang.Thread.run(Thread.java:750)
]]></system-out>
  </testcase>
  <testcase name="testRenameFile" classname="TestOzoneFileSystem" time="0.076">
    <system-out><![CDATA[15:53:38.207 [IPC Server handler 3 on default port 42319] ERROR OMAudit - user=runner | ip=127.0.0.1 | op=GET_FILE_STATUS {volume=volume00149, bucket=bucket04297, key=root/file1, dataSize=0, replicationConfig=null} | ret=FAILURE
org.apache.hadoop.ozone.om.exceptions.OMException: Unable to get file status: volume: volume00149 bucket: bucket04297 key: root/file1
	at org.apache.hadoop.ozone.om.KeyManagerImpl.getOzoneFileStatus(KeyManagerImpl.java:1324) ~[ozone-manager-1.3.0-SNAPSHOT.jar:?]
	at org.apache.hadoop.ozone.om.KeyManagerImpl.getFileStatus(KeyManagerImpl.java:1254) ~[ozone-manager-1.3.0-SNAPSHOT.jar:?]
	at org.apache.hadoop.ozone.om.OzoneManager.getFileStatus(OzoneManager.java:3506) ~[ozone-manager-1.3.0-SNAPSHOT.jar:?]
	at org.apache.hadoop.ozone.protocolPB.OzoneManagerRequestHandler.getOzoneFileStatus(OzoneManagerRequestHandler.java:882) ~[ozone-manager-1.3.0-SNAPSHOT.jar:?]
	at org.apache.hadoop.ozone.protocolPB.OzoneManagerRequestHandler.handleReadRequest(OzoneManagerRequestHandler.java:228) ~[ozone-manager-1.3.0-SNAPSHOT.jar:?]
	at org.apache.hadoop.ozone.protocolPB.OzoneManagerProtocolServerSideTranslatorPB.submitRequestDirectlyToOM(OzoneManagerProtocolServerSideTranslatorPB.java:276) ~[ozone-manager-1.3.0-SNAPSHOT.jar:?]
	at org.apache.hadoop.ozone.protocolPB.OzoneManagerProtocolServerSideTranslatorPB.processRequest(OzoneManagerProtocolServerSideTranslatorPB.java:205) ~[ozone-manager-1.3.0-SNAPSHOT.jar:?]
	at org.apache.hadoop.hdds.server.OzoneProtocolMessageDispatcher.processRequest(OzoneProtocolMessageDispatcher.java:87) [hdds-server-framework-1.3.0-SNAPSHOT.jar:?]
	at org.apache.hadoop.ozone.protocolPB.OzoneManagerProtocolServerSideTranslatorPB.submitRequest(OzoneManagerProtocolServerSideTranslatorPB.java:147) [ozone-manager-1.3.0-SNAPSHOT.jar:?]
	at org.apache.hadoop.ozone.protocol.proto.OzoneManagerProtocolProtos$OzoneManagerService$2.callBlockingMethod(OzoneManagerProtocolProtos.java) [ozone-interface-client-1.3.0-SNAPSHOT.jar:?]
	at org.apache.hadoop.ipc.ProtobufRpcEngine$Server.processCall(ProtobufRpcEngine.java:466) [hadoop-common-3.3.1.jar:?]
	at org.apache.hadoop.ipc.ProtobufRpcEngine2$Server$ProtoBufRpcInvoker.call(ProtobufRpcEngine2.java:574) [hadoop-common-3.3.1.jar:?]
	at org.apache.hadoop.ipc.ProtobufRpcEngine2$Server$ProtoBufRpcInvoker.call(ProtobufRpcEngine2.java:552) [hadoop-common-3.3.1.jar:?]
	at org.apache.hadoop.ipc.RPC$Server.call(RPC.java:1093) [hadoop-common-3.3.1.jar:?]
	at org.apache.hadoop.ipc.Server$RpcCall.run(Server.java:1035) [hadoop-common-3.3.1.jar:?]
	at org.apache.hadoop.ipc.Server$RpcCall.run(Server.java:963) [hadoop-common-3.3.1.jar:?]
	at java.security.AccessController.doPrivileged(Native Method) ~[?:1.8.0_345]
	at javax.security.auth.Subject.doAs(Subject.java:422) [?:1.8.0_345]
	at org.apache.hadoop.security.UserGroupInformation.doAs(UserGroupInformation.java:1878) [hadoop-common-3.3.1.jar:?]
	at org.apache.hadoop.ipc.Server$Handler.run(Server.java:2966) [hadoop-common-3.3.1.jar:?]
2022-09-28 15:53:38,207 [Time-limited test] WARN  ozone.BasicOzoneFileSystem (BasicOzoneFileSystem.java:getFileStatus(765)) - GetFileStatus failed for path o3fs://bucket04297.volume00149/root/file1
java.io.FileNotFoundException: root/file1: No such file or directory!
	at org.apache.hadoop.fs.ozone.BasicOzoneClientAdapterImpl.getFileStatus(BasicOzoneClientAdapterImpl.java:369)
	at org.apache.hadoop.fs.ozone.BasicOzoneFileSystem.getFileStatus(BasicOzoneFileSystem.java:757)
	at org.apache.hadoop.fs.ozone.BasicOzoneFileSystem.rename(BasicOzoneFileSystem.java:357)
	at org.apache.hadoop.fs.ozone.TestOzoneFileSystem.testRenameFile(TestOzoneFileSystem.java:1206)
	at sun.reflect.NativeMethodAccessorImpl.invoke0(Native Method)
	at sun.reflect.NativeMethodAccessorImpl.invoke(NativeMethodAccessorImpl.java:62)
	at sun.reflect.DelegatingMethodAccessorImpl.invoke(DelegatingMethodAccessorImpl.java:43)
	at java.lang.reflect.Method.invoke(Method.java:498)
	at org.junit.runners.model.FrameworkMethod$1.runReflectiveCall(FrameworkMethod.java:59)
	at org.junit.internal.runners.model.ReflectiveCallable.run(ReflectiveCallable.java:12)
	at org.junit.runners.model.FrameworkMethod.invokeExplosively(FrameworkMethod.java:56)
	at org.junit.internal.runners.statements.InvokeMethod.evaluate(InvokeMethod.java:17)
	at org.junit.internal.runners.statements.RunAfters.evaluate(RunAfters.java:27)
	at org.junit.internal.runners.statements.FailOnTimeout$CallableStatement.call(FailOnTimeout.java:288)
	at org.junit.internal.runners.statements.FailOnTimeout$CallableStatement.call(FailOnTimeout.java:282)
	at java.util.concurrent.FutureTask.run(FutureTask.java:266)
	at java.lang.Thread.run(Thread.java:750)
]]></system-out>
  </testcase>
  <testcase name="testRenameFile" classname="TestOzoneFileSystem" time="0.054">
    <system-out><![CDATA[15:55:03.237 [IPC Server handler 15 on default port 37257] ERROR OMAudit - user=runner | ip=127.0.0.1 | op=GET_FILE_STATUS {volume=volume14467, bucket=bucket64159, key=root/file1, dataSize=0, replicationConfig=null} | ret=FAILURE
org.apache.hadoop.ozone.om.exceptions.OMException: Unable to get file status: volume: volume14467 bucket: bucket64159 key: root/file1
	at org.apache.hadoop.ozone.om.KeyManagerImpl.getOzoneFileStatus(KeyManagerImpl.java:1324) ~[ozone-manager-1.3.0-SNAPSHOT.jar:?]
	at org.apache.hadoop.ozone.om.KeyManagerImpl.getFileStatus(KeyManagerImpl.java:1254) ~[ozone-manager-1.3.0-SNAPSHOT.jar:?]
	at org.apache.hadoop.ozone.om.OzoneManager.getFileStatus(OzoneManager.java:3506) ~[ozone-manager-1.3.0-SNAPSHOT.jar:?]
	at org.apache.hadoop.ozone.protocolPB.OzoneManagerRequestHandler.getOzoneFileStatus(OzoneManagerRequestHandler.java:882) ~[ozone-manager-1.3.0-SNAPSHOT.jar:?]
	at org.apache.hadoop.ozone.protocolPB.OzoneManagerRequestHandler.handleReadRequest(OzoneManagerRequestHandler.java:228) ~[ozone-manager-1.3.0-SNAPSHOT.jar:?]
	at org.apache.hadoop.ozone.protocolPB.OzoneManagerProtocolServerSideTranslatorPB.submitReadRequestToOM(OzoneManagerProtocolServerSideTranslatorPB.java:226) ~[ozone-manager-1.3.0-SNAPSHOT.jar:?]
	at org.apache.hadoop.ozone.protocolPB.OzoneManagerProtocolServerSideTranslatorPB.processRequest(OzoneManagerProtocolServerSideTranslatorPB.java:175) ~[ozone-manager-1.3.0-SNAPSHOT.jar:?]
	at org.apache.hadoop.hdds.server.OzoneProtocolMessageDispatcher.processRequest(OzoneProtocolMessageDispatcher.java:87) [hdds-server-framework-1.3.0-SNAPSHOT.jar:?]
	at org.apache.hadoop.ozone.protocolPB.OzoneManagerProtocolServerSideTranslatorPB.submitRequest(OzoneManagerProtocolServerSideTranslatorPB.java:147) [ozone-manager-1.3.0-SNAPSHOT.jar:?]
	at org.apache.hadoop.ozone.protocol.proto.OzoneManagerProtocolProtos$OzoneManagerService$2.callBlockingMethod(OzoneManagerProtocolProtos.java) [ozone-interface-client-1.3.0-SNAPSHOT.jar:?]
	at org.apache.hadoop.ipc.ProtobufRpcEngine$Server.processCall(ProtobufRpcEngine.java:466) [hadoop-common-3.3.1.jar:?]
	at org.apache.hadoop.ipc.ProtobufRpcEngine2$Server$ProtoBufRpcInvoker.call(ProtobufRpcEngine2.java:574) [hadoop-common-3.3.1.jar:?]
	at org.apache.hadoop.ipc.ProtobufRpcEngine2$Server$ProtoBufRpcInvoker.call(ProtobufRpcEngine2.java:552) [hadoop-common-3.3.1.jar:?]
	at org.apache.hadoop.ipc.RPC$Server.call(RPC.java:1093) [hadoop-common-3.3.1.jar:?]
	at org.apache.hadoop.ipc.Server$RpcCall.run(Server.java:1035) [hadoop-common-3.3.1.jar:?]
	at org.apache.hadoop.ipc.Server$RpcCall.run(Server.java:963) [hadoop-common-3.3.1.jar:?]
	at java.security.AccessController.doPrivileged(Native Method) ~[?:1.8.0_345]
	at javax.security.auth.Subject.doAs(Subject.java:422) [?:1.8.0_345]
	at org.apache.hadoop.security.UserGroupInformation.doAs(UserGroupInformation.java:1878) [hadoop-common-3.3.1.jar:?]
	at org.apache.hadoop.ipc.Server$Handler.run(Server.java:2966) [hadoop-common-3.3.1.jar:?]
2022-09-28 15:55:03,238 [Time-limited test] WARN  ozone.BasicOzoneFileSystem (BasicOzoneFileSystem.java:getFileStatus(765)) - GetFileStatus failed for path o3fs://bucket64159.volume14467/root/file1
java.io.FileNotFoundException: root/file1: No such file or directory!
	at org.apache.hadoop.fs.ozone.BasicOzoneClientAdapterImpl.getFileStatus(BasicOzoneClientAdapterImpl.java:369)
	at org.apache.hadoop.fs.ozone.BasicOzoneFileSystem.getFileStatus(BasicOzoneFileSystem.java:757)
	at org.apache.hadoop.fs.ozone.BasicOzoneFileSystem.rename(BasicOzoneFileSystem.java:357)
	at org.apache.hadoop.fs.ozone.TestOzoneFileSystem.testRenameFile(TestOzoneFileSystem.java:1206)
	at sun.reflect.NativeMethodAccessorImpl.invoke0(Native Method)
	at sun.reflect.NativeMethodAccessorImpl.invoke(NativeMethodAccessorImpl.java:62)
	at sun.reflect.DelegatingMethodAccessorImpl.invoke(DelegatingMethodAccessorImpl.java:43)
	at java.lang.reflect.Method.invoke(Method.java:498)
	at org.junit.runners.model.FrameworkMethod$1.runReflectiveCall(FrameworkMethod.java:59)
	at org.junit.internal.runners.model.ReflectiveCallable.run(ReflectiveCallable.java:12)
	at org.junit.runners.model.FrameworkMethod.invokeExplosively(FrameworkMethod.java:56)
	at org.junit.internal.runners.statements.InvokeMethod.evaluate(InvokeMethod.java:17)
	at org.junit.internal.runners.statements.RunAfters.evaluate(RunAfters.java:27)
	at org.junit.internal.runners.statements.FailOnTimeout$CallableStatement.call(FailOnTimeout.java:288)
	at org.junit.internal.runners.statements.FailOnTimeout$CallableStatement.call(FailOnTimeout.java:282)
	at java.util.concurrent.FutureTask.run(FutureTask.java:266)
	at java.lang.Thread.run(Thread.java:750)
]]></system-out>
  </testcase>
  <testcase name="testRenameFile" classname="TestOzoneFileSystem" time="0.121">
    <system-out><![CDATA[15:56:55.799 [IPC Server handler 5 on default port 41537] ERROR OMAudit - user=runner | ip=127.0.0.1 | op=GET_FILE_STATUS {volume=volume06113, bucket=bucket59830, key=root/file1, dataSize=0, replicationConfig=null} | ret=FAILURE
org.apache.hadoop.ozone.om.exceptions.OMException: Unable to get file status: volume: volume06113 bucket: bucket59830 key: root/file1
	at org.apache.hadoop.ozone.om.KeyManagerImpl.getOzoneFileStatus(KeyManagerImpl.java:1324) ~[ozone-manager-1.3.0-SNAPSHOT.jar:?]
	at org.apache.hadoop.ozone.om.KeyManagerImpl.getFileStatus(KeyManagerImpl.java:1254) ~[ozone-manager-1.3.0-SNAPSHOT.jar:?]
	at org.apache.hadoop.ozone.om.OzoneManager.getFileStatus(OzoneManager.java:3506) ~[ozone-manager-1.3.0-SNAPSHOT.jar:?]
	at org.apache.hadoop.ozone.protocolPB.OzoneManagerRequestHandler.getOzoneFileStatus(OzoneManagerRequestHandler.java:882) ~[ozone-manager-1.3.0-SNAPSHOT.jar:?]
	at org.apache.hadoop.ozone.protocolPB.OzoneManagerRequestHandler.handleReadRequest(OzoneManagerRequestHandler.java:228) ~[ozone-manager-1.3.0-SNAPSHOT.jar:?]
	at org.apache.hadoop.ozone.protocolPB.OzoneManagerProtocolServerSideTranslatorPB.submitRequestDirectlyToOM(OzoneManagerProtocolServerSideTranslatorPB.java:276) ~[ozone-manager-1.3.0-SNAPSHOT.jar:?]
	at org.apache.hadoop.ozone.protocolPB.OzoneManagerProtocolServerSideTranslatorPB.processRequest(OzoneManagerProtocolServerSideTranslatorPB.java:205) ~[ozone-manager-1.3.0-SNAPSHOT.jar:?]
	at org.apache.hadoop.hdds.server.OzoneProtocolMessageDispatcher.processRequest(OzoneProtocolMessageDispatcher.java:87) [hdds-server-framework-1.3.0-SNAPSHOT.jar:?]
	at org.apache.hadoop.ozone.protocolPB.OzoneManagerProtocolServerSideTranslatorPB.submitRequest(OzoneManagerProtocolServerSideTranslatorPB.java:147) [ozone-manager-1.3.0-SNAPSHOT.jar:?]
	at org.apache.hadoop.ozone.protocol.proto.OzoneManagerProtocolProtos$OzoneManagerService$2.callBlockingMethod(OzoneManagerProtocolProtos.java) [ozone-interface-client-1.3.0-SNAPSHOT.jar:?]
	at org.apache.hadoop.ipc.ProtobufRpcEngine$Server.processCall(ProtobufRpcEngine.java:466) [hadoop-common-3.3.1.jar:?]
	at org.apache.hadoop.ipc.ProtobufRpcEngine2$Server$ProtoBufRpcInvoker.call(ProtobufRpcEngine2.java:574) [hadoop-common-3.3.1.jar:?]
	at org.apache.hadoop.ipc.ProtobufRpcEngine2$Server$ProtoBufRpcInvoker.call(ProtobufRpcEngine2.java:552) [hadoop-common-3.3.1.jar:?]
	at org.apache.hadoop.ipc.RPC$Server.call(RPC.java:1093) [hadoop-common-3.3.1.jar:?]
	at org.apache.hadoop.ipc.Server$RpcCall.run(Server.java:1035) [hadoop-common-3.3.1.jar:?]
	at org.apache.hadoop.ipc.Server$RpcCall.run(Server.java:963) [hadoop-common-3.3.1.jar:?]
	at java.security.AccessController.doPrivileged(Native Method) ~[?:1.8.0_345]
	at javax.security.auth.Subject.doAs(Subject.java:422) [?:1.8.0_345]
	at org.apache.hadoop.security.UserGroupInformation.doAs(UserGroupInformation.java:1878) [hadoop-common-3.3.1.jar:?]
	at org.apache.hadoop.ipc.Server$Handler.run(Server.java:2966) [hadoop-common-3.3.1.jar:?]
2022-09-28 15:56:55,800 [Time-limited test] WARN  ozone.BasicOzoneFileSystem (BasicOzoneFileSystem.java:getFileStatus(765)) - GetFileStatus failed for path o3fs://bucket59830.volume06113/root/file1
java.io.FileNotFoundException: root/file1: No such file or directory!
	at org.apache.hadoop.fs.ozone.BasicOzoneClientAdapterImpl.getFileStatus(BasicOzoneClientAdapterImpl.java:369)
	at org.apache.hadoop.fs.ozone.BasicOzoneFileSystem.getFileStatus(BasicOzoneFileSystem.java:757)
	at org.apache.hadoop.fs.ozone.BasicOzoneFileSystem.rename(BasicOzoneFileSystem.java:357)
	at org.apache.hadoop.fs.ozone.TestOzoneFileSystem.testRenameFile(TestOzoneFileSystem.java:1206)
	at sun.reflect.NativeMethodAccessorImpl.invoke0(Native Method)
	at sun.reflect.NativeMethodAccessorImpl.invoke(NativeMethodAccessorImpl.java:62)
	at sun.reflect.DelegatingMethodAccessorImpl.invoke(DelegatingMethodAccessorImpl.java:43)
	at java.lang.reflect.Method.invoke(Method.java:498)
	at org.junit.runners.model.FrameworkMethod$1.runReflectiveCall(FrameworkMethod.java:59)
	at org.junit.internal.runners.model.ReflectiveCallable.run(ReflectiveCallable.java:12)
	at org.junit.runners.model.FrameworkMethod.invokeExplosively(FrameworkMethod.java:56)
	at org.junit.internal.runners.statements.InvokeMethod.evaluate(InvokeMethod.java:17)
	at org.junit.internal.runners.statements.RunAfters.evaluate(RunAfters.java:27)
	at org.junit.internal.runners.statements.FailOnTimeout$CallableStatement.call(FailOnTimeout.java:288)
	at org.junit.internal.runners.statements.FailOnTimeout$CallableStatement.call(FailOnTimeout.java:282)
	at java.util.concurrent.FutureTask.run(FutureTask.java:266)
	at java.lang.Thread.run(Thread.java:750)
]]></system-out>
  </testcase>
  <testcase name="testRenameDir" classname="TestOzoneFileSystem" time="0.047">
    <system-out><![CDATA[2022-09-28 15:51:59,135 [Time-limited test] INFO  ozone.TestOzoneFileSystem (TestOzoneFileSystem.java:testRenameDir(1316)) - Created dir o3fs://bucket55718.volume24312/root_dir/dir1/sub_dir1
2022-09-28 15:51:59,136 [Time-limited test] INFO  ozone.TestOzoneFileSystem (TestOzoneFileSystem.java:testRenameDir(1317)) - Will move o3fs://bucket55718.volume24312/root_dir/dir1 to o3fs://bucket55718.volume24312/root_dir/dir1.renamed
15:51:59.138 [IPC Server handler 18 on default port 36317] ERROR OMAudit - user=runner | ip=127.0.0.1 | op=GET_FILE_STATUS {volume=volume24312, bucket=bucket55718, key=root_dir/dir1.renamed, dataSize=0, replicationConfig=null} | ret=FAILURE
org.apache.hadoop.ozone.om.exceptions.OMException: Unable to get file status: volume: volume24312 bucket: bucket55718 key: root_dir/dir1.renamed
	at org.apache.hadoop.ozone.om.KeyManagerImpl.getOzoneFileStatus(KeyManagerImpl.java:1324) ~[ozone-manager-1.3.0-SNAPSHOT.jar:?]
	at org.apache.hadoop.ozone.om.KeyManagerImpl.getFileStatus(KeyManagerImpl.java:1254) ~[ozone-manager-1.3.0-SNAPSHOT.jar:?]
	at org.apache.hadoop.ozone.om.OzoneManager.getFileStatus(OzoneManager.java:3506) ~[ozone-manager-1.3.0-SNAPSHOT.jar:?]
	at org.apache.hadoop.ozone.protocolPB.OzoneManagerRequestHandler.getOzoneFileStatus(OzoneManagerRequestHandler.java:882) ~[ozone-manager-1.3.0-SNAPSHOT.jar:?]
	at org.apache.hadoop.ozone.protocolPB.OzoneManagerRequestHandler.handleReadRequest(OzoneManagerRequestHandler.java:228) ~[ozone-manager-1.3.0-SNAPSHOT.jar:?]
	at org.apache.hadoop.ozone.protocolPB.OzoneManagerProtocolServerSideTranslatorPB.submitReadRequestToOM(OzoneManagerProtocolServerSideTranslatorPB.java:226) ~[ozone-manager-1.3.0-SNAPSHOT.jar:?]
	at org.apache.hadoop.ozone.protocolPB.OzoneManagerProtocolServerSideTranslatorPB.processRequest(OzoneManagerProtocolServerSideTranslatorPB.java:175) ~[ozone-manager-1.3.0-SNAPSHOT.jar:?]
	at org.apache.hadoop.hdds.server.OzoneProtocolMessageDispatcher.processRequest(OzoneProtocolMessageDispatcher.java:87) [hdds-server-framework-1.3.0-SNAPSHOT.jar:?]
	at org.apache.hadoop.ozone.protocolPB.OzoneManagerProtocolServerSideTranslatorPB.submitRequest(OzoneManagerProtocolServerSideTranslatorPB.java:147) [ozone-manager-1.3.0-SNAPSHOT.jar:?]
	at org.apache.hadoop.ozone.protocol.proto.OzoneManagerProtocolProtos$OzoneManagerService$2.callBlockingMethod(OzoneManagerProtocolProtos.java) [ozone-interface-client-1.3.0-SNAPSHOT.jar:?]
	at org.apache.hadoop.ipc.ProtobufRpcEngine$Server.processCall(ProtobufRpcEngine.java:466) [hadoop-common-3.3.1.jar:?]
	at org.apache.hadoop.ipc.ProtobufRpcEngine2$Server$ProtoBufRpcInvoker.call(ProtobufRpcEngine2.java:574) [hadoop-common-3.3.1.jar:?]
	at org.apache.hadoop.ipc.ProtobufRpcEngine2$Server$ProtoBufRpcInvoker.call(ProtobufRpcEngine2.java:552) [hadoop-common-3.3.1.jar:?]
	at org.apache.hadoop.ipc.RPC$Server.call(RPC.java:1093) [hadoop-common-3.3.1.jar:?]
	at org.apache.hadoop.ipc.Server$RpcCall.run(Server.java:1035) [hadoop-common-3.3.1.jar:?]
	at org.apache.hadoop.ipc.Server$RpcCall.run(Server.java:963) [hadoop-common-3.3.1.jar:?]
	at java.security.AccessController.doPrivileged(Native Method) ~[?:1.8.0_345]
	at javax.security.auth.Subject.doAs(Subject.java:422) [?:1.8.0_345]
	at org.apache.hadoop.security.UserGroupInformation.doAs(UserGroupInformation.java:1878) [hadoop-common-3.3.1.jar:?]
	at org.apache.hadoop.ipc.Server$Handler.run(Server.java:2966) [hadoop-common-3.3.1.jar:?]
2022-09-28 15:51:59,139 [Time-limited test] WARN  ozone.BasicOzoneFileSystem (BasicOzoneFileSystem.java:getFileStatus(765)) - GetFileStatus failed for path o3fs://bucket55718.volume24312/root_dir/dir1.renamed
java.io.FileNotFoundException: root_dir/dir1.renamed: No such file or directory!
	at org.apache.hadoop.fs.ozone.BasicOzoneClientAdapterImpl.getFileStatus(BasicOzoneClientAdapterImpl.java:369)
	at org.apache.hadoop.fs.ozone.BasicOzoneFileSystem.getFileStatus(BasicOzoneFileSystem.java:757)
	at org.apache.hadoop.fs.ozone.BasicOzoneFileSystem.rename(BasicOzoneFileSystem.java:357)
	at org.apache.hadoop.fs.ozone.TestOzoneFileSystem.testRenameDir(TestOzoneFileSystem.java:1318)
	at sun.reflect.NativeMethodAccessorImpl.invoke0(Native Method)
	at sun.reflect.NativeMethodAccessorImpl.invoke(NativeMethodAccessorImpl.java:62)
	at sun.reflect.DelegatingMethodAccessorImpl.invoke(DelegatingMethodAccessorImpl.java:43)
	at java.lang.reflect.Method.invoke(Method.java:498)
	at org.junit.runners.model.FrameworkMethod$1.runReflectiveCall(FrameworkMethod.java:59)
	at org.junit.internal.runners.model.ReflectiveCallable.run(ReflectiveCallable.java:12)
	at org.junit.runners.model.FrameworkMethod.invokeExplosively(FrameworkMethod.java:56)
	at org.junit.internal.runners.statements.InvokeMethod.evaluate(InvokeMethod.java:17)
	at org.junit.internal.runners.statements.RunAfters.evaluate(RunAfters.java:27)
	at org.junit.internal.runners.statements.FailOnTimeout$CallableStatement.call(FailOnTimeout.java:288)
	at org.junit.internal.runners.statements.FailOnTimeout$CallableStatement.call(FailOnTimeout.java:282)
	at java.util.concurrent.FutureTask.run(FutureTask.java:266)
	at java.lang.Thread.run(Thread.java:750)
]]></system-out>
  </testcase>
  <testcase name="testRenameDir" classname="TestOzoneFileSystem" time="0.04">
    <system-out><![CDATA[2022-09-28 15:53:38,263 [Time-limited test] INFO  ozone.TestOzoneFileSystem (TestOzoneFileSystem.java:testRenameDir(1316)) - Created dir o3fs://bucket04297.volume00149/root_dir/dir1/sub_dir1
2022-09-28 15:53:38,263 [Time-limited test] INFO  ozone.TestOzoneFileSystem (TestOzoneFileSystem.java:testRenameDir(1317)) - Will move o3fs://bucket04297.volume00149/root_dir/dir1 to o3fs://bucket04297.volume00149/root_dir/dir1.renamed
15:53:38.264 [IPC Server handler 14 on default port 42319] ERROR OMAudit - user=runner | ip=127.0.0.1 | op=GET_FILE_STATUS {volume=volume00149, bucket=bucket04297, key=root_dir/dir1.renamed, dataSize=0, replicationConfig=null} | ret=FAILURE
org.apache.hadoop.ozone.om.exceptions.OMException: Unable to get file status: volume: volume00149 bucket: bucket04297 key: root_dir/dir1.renamed
	at org.apache.hadoop.ozone.om.KeyManagerImpl.getOzoneFileStatus(KeyManagerImpl.java:1324) ~[ozone-manager-1.3.0-SNAPSHOT.jar:?]
	at org.apache.hadoop.ozone.om.KeyManagerImpl.getFileStatus(KeyManagerImpl.java:1254) ~[ozone-manager-1.3.0-SNAPSHOT.jar:?]
	at org.apache.hadoop.ozone.om.OzoneManager.getFileStatus(OzoneManager.java:3506) ~[ozone-manager-1.3.0-SNAPSHOT.jar:?]
	at org.apache.hadoop.ozone.protocolPB.OzoneManagerRequestHandler.getOzoneFileStatus(OzoneManagerRequestHandler.java:882) ~[ozone-manager-1.3.0-SNAPSHOT.jar:?]
	at org.apache.hadoop.ozone.protocolPB.OzoneManagerRequestHandler.handleReadRequest(OzoneManagerRequestHandler.java:228) ~[ozone-manager-1.3.0-SNAPSHOT.jar:?]
	at org.apache.hadoop.ozone.protocolPB.OzoneManagerProtocolServerSideTranslatorPB.submitRequestDirectlyToOM(OzoneManagerProtocolServerSideTranslatorPB.java:276) ~[ozone-manager-1.3.0-SNAPSHOT.jar:?]
	at org.apache.hadoop.ozone.protocolPB.OzoneManagerProtocolServerSideTranslatorPB.processRequest(OzoneManagerProtocolServerSideTranslatorPB.java:205) ~[ozone-manager-1.3.0-SNAPSHOT.jar:?]
	at org.apache.hadoop.hdds.server.OzoneProtocolMessageDispatcher.processRequest(OzoneProtocolMessageDispatcher.java:87) [hdds-server-framework-1.3.0-SNAPSHOT.jar:?]
	at org.apache.hadoop.ozone.protocolPB.OzoneManagerProtocolServerSideTranslatorPB.submitRequest(OzoneManagerProtocolServerSideTranslatorPB.java:147) [ozone-manager-1.3.0-SNAPSHOT.jar:?]
	at org.apache.hadoop.ozone.protocol.proto.OzoneManagerProtocolProtos$OzoneManagerService$2.callBlockingMethod(OzoneManagerProtocolProtos.java) [ozone-interface-client-1.3.0-SNAPSHOT.jar:?]
	at org.apache.hadoop.ipc.ProtobufRpcEngine$Server.processCall(ProtobufRpcEngine.java:466) [hadoop-common-3.3.1.jar:?]
	at org.apache.hadoop.ipc.ProtobufRpcEngine2$Server$ProtoBufRpcInvoker.call(ProtobufRpcEngine2.java:574) [hadoop-common-3.3.1.jar:?]
	at org.apache.hadoop.ipc.ProtobufRpcEngine2$Server$ProtoBufRpcInvoker.call(ProtobufRpcEngine2.java:552) [hadoop-common-3.3.1.jar:?]
	at org.apache.hadoop.ipc.RPC$Server.call(RPC.java:1093) [hadoop-common-3.3.1.jar:?]
	at org.apache.hadoop.ipc.Server$RpcCall.run(Server.java:1035) [hadoop-common-3.3.1.jar:?]
	at org.apache.hadoop.ipc.Server$RpcCall.run(Server.java:963) [hadoop-common-3.3.1.jar:?]
	at java.security.AccessController.doPrivileged(Native Method) ~[?:1.8.0_345]
	at javax.security.auth.Subject.doAs(Subject.java:422) [?:1.8.0_345]
	at org.apache.hadoop.security.UserGroupInformation.doAs(UserGroupInformation.java:1878) [hadoop-common-3.3.1.jar:?]
	at org.apache.hadoop.ipc.Server$Handler.run(Server.java:2966) [hadoop-common-3.3.1.jar:?]
2022-09-28 15:53:38,264 [Time-limited test] WARN  ozone.BasicOzoneFileSystem (BasicOzoneFileSystem.java:getFileStatus(765)) - GetFileStatus failed for path o3fs://bucket04297.volume00149/root_dir/dir1.renamed
java.io.FileNotFoundException: root_dir/dir1.renamed: No such file or directory!
	at org.apache.hadoop.fs.ozone.BasicOzoneClientAdapterImpl.getFileStatus(BasicOzoneClientAdapterImpl.java:369)
	at org.apache.hadoop.fs.ozone.BasicOzoneFileSystem.getFileStatus(BasicOzoneFileSystem.java:757)
	at org.apache.hadoop.fs.ozone.BasicOzoneFileSystem.rename(BasicOzoneFileSystem.java:357)
	at org.apache.hadoop.fs.ozone.TestOzoneFileSystem.testRenameDir(TestOzoneFileSystem.java:1318)
	at sun.reflect.NativeMethodAccessorImpl.invoke0(Native Method)
	at sun.reflect.NativeMethodAccessorImpl.invoke(NativeMethodAccessorImpl.java:62)
	at sun.reflect.DelegatingMethodAccessorImpl.invoke(DelegatingMethodAccessorImpl.java:43)
	at java.lang.reflect.Method.invoke(Method.java:498)
	at org.junit.runners.model.FrameworkMethod$1.runReflectiveCall(FrameworkMethod.java:59)
	at org.junit.internal.runners.model.ReflectiveCallable.run(ReflectiveCallable.java:12)
	at org.junit.runners.model.FrameworkMethod.invokeExplosively(FrameworkMethod.java:56)
	at org.junit.internal.runners.statements.InvokeMethod.evaluate(InvokeMethod.java:17)
	at org.junit.internal.runners.statements.RunAfters.evaluate(RunAfters.java:27)
	at org.junit.internal.runners.statements.FailOnTimeout$CallableStatement.call(FailOnTimeout.java:288)
	at org.junit.internal.runners.statements.FailOnTimeout$CallableStatement.call(FailOnTimeout.java:282)
	at java.util.concurrent.FutureTask.run(FutureTask.java:266)
	at java.lang.Thread.run(Thread.java:750)
]]></system-out>
  </testcase>
  <testcase name="testRenameDir" classname="TestOzoneFileSystem" time="0.042">
    <system-out><![CDATA[2022-09-28 15:55:03,283 [Time-limited test] INFO  ozone.TestOzoneFileSystem (TestOzoneFileSystem.java:testRenameDir(1316)) - Created dir o3fs://bucket64159.volume14467/root_dir/dir1/sub_dir1
2022-09-28 15:55:03,283 [Time-limited test] INFO  ozone.TestOzoneFileSystem (TestOzoneFileSystem.java:testRenameDir(1317)) - Will move o3fs://bucket64159.volume14467/root_dir/dir1 to o3fs://bucket64159.volume14467/root_dir/dir1.renamed
15:55:03.284 [IPC Server handler 9 on default port 37257] ERROR OMAudit - user=runner | ip=127.0.0.1 | op=GET_FILE_STATUS {volume=volume14467, bucket=bucket64159, key=root_dir/dir1.renamed, dataSize=0, replicationConfig=null} | ret=FAILURE
org.apache.hadoop.ozone.om.exceptions.OMException: Unable to get file status: volume: volume14467 bucket: bucket64159 key: root_dir/dir1.renamed
	at org.apache.hadoop.ozone.om.KeyManagerImpl.getOzoneFileStatus(KeyManagerImpl.java:1324) ~[ozone-manager-1.3.0-SNAPSHOT.jar:?]
	at org.apache.hadoop.ozone.om.KeyManagerImpl.getFileStatus(KeyManagerImpl.java:1254) ~[ozone-manager-1.3.0-SNAPSHOT.jar:?]
	at org.apache.hadoop.ozone.om.OzoneManager.getFileStatus(OzoneManager.java:3506) ~[ozone-manager-1.3.0-SNAPSHOT.jar:?]
	at org.apache.hadoop.ozone.protocolPB.OzoneManagerRequestHandler.getOzoneFileStatus(OzoneManagerRequestHandler.java:882) ~[ozone-manager-1.3.0-SNAPSHOT.jar:?]
	at org.apache.hadoop.ozone.protocolPB.OzoneManagerRequestHandler.handleReadRequest(OzoneManagerRequestHandler.java:228) ~[ozone-manager-1.3.0-SNAPSHOT.jar:?]
	at org.apache.hadoop.ozone.protocolPB.OzoneManagerProtocolServerSideTranslatorPB.submitReadRequestToOM(OzoneManagerProtocolServerSideTranslatorPB.java:226) ~[ozone-manager-1.3.0-SNAPSHOT.jar:?]
	at org.apache.hadoop.ozone.protocolPB.OzoneManagerProtocolServerSideTranslatorPB.processRequest(OzoneManagerProtocolServerSideTranslatorPB.java:175) ~[ozone-manager-1.3.0-SNAPSHOT.jar:?]
	at org.apache.hadoop.hdds.server.OzoneProtocolMessageDispatcher.processRequest(OzoneProtocolMessageDispatcher.java:87) [hdds-server-framework-1.3.0-SNAPSHOT.jar:?]
	at org.apache.hadoop.ozone.protocolPB.OzoneManagerProtocolServerSideTranslatorPB.submitRequest(OzoneManagerProtocolServerSideTranslatorPB.java:147) [ozone-manager-1.3.0-SNAPSHOT.jar:?]
	at org.apache.hadoop.ozone.protocol.proto.OzoneManagerProtocolProtos$OzoneManagerService$2.callBlockingMethod(OzoneManagerProtocolProtos.java) [ozone-interface-client-1.3.0-SNAPSHOT.jar:?]
	at org.apache.hadoop.ipc.ProtobufRpcEngine$Server.processCall(ProtobufRpcEngine.java:466) [hadoop-common-3.3.1.jar:?]
	at org.apache.hadoop.ipc.ProtobufRpcEngine2$Server$ProtoBufRpcInvoker.call(ProtobufRpcEngine2.java:574) [hadoop-common-3.3.1.jar:?]
	at org.apache.hadoop.ipc.ProtobufRpcEngine2$Server$ProtoBufRpcInvoker.call(ProtobufRpcEngine2.java:552) [hadoop-common-3.3.1.jar:?]
	at org.apache.hadoop.ipc.RPC$Server.call(RPC.java:1093) [hadoop-common-3.3.1.jar:?]
	at org.apache.hadoop.ipc.Server$RpcCall.run(Server.java:1035) [hadoop-common-3.3.1.jar:?]
	at org.apache.hadoop.ipc.Server$RpcCall.run(Server.java:963) [hadoop-common-3.3.1.jar:?]
	at java.security.AccessController.doPrivileged(Native Method) ~[?:1.8.0_345]
	at javax.security.auth.Subject.doAs(Subject.java:422) [?:1.8.0_345]
	at org.apache.hadoop.security.UserGroupInformation.doAs(UserGroupInformation.java:1878) [hadoop-common-3.3.1.jar:?]
	at org.apache.hadoop.ipc.Server$Handler.run(Server.java:2966) [hadoop-common-3.3.1.jar:?]
2022-09-28 15:55:03,284 [Time-limited test] WARN  ozone.BasicOzoneFileSystem (BasicOzoneFileSystem.java:getFileStatus(765)) - GetFileStatus failed for path o3fs://bucket64159.volume14467/root_dir/dir1.renamed
java.io.FileNotFoundException: root_dir/dir1.renamed: No such file or directory!
	at org.apache.hadoop.fs.ozone.BasicOzoneClientAdapterImpl.getFileStatus(BasicOzoneClientAdapterImpl.java:369)
	at org.apache.hadoop.fs.ozone.BasicOzoneFileSystem.getFileStatus(BasicOzoneFileSystem.java:757)
	at org.apache.hadoop.fs.ozone.BasicOzoneFileSystem.rename(BasicOzoneFileSystem.java:357)
	at org.apache.hadoop.fs.ozone.TestOzoneFileSystem.testRenameDir(TestOzoneFileSystem.java:1318)
	at sun.reflect.NativeMethodAccessorImpl.invoke0(Native Method)
	at sun.reflect.NativeMethodAccessorImpl.invoke(NativeMethodAccessorImpl.java:62)
	at sun.reflect.DelegatingMethodAccessorImpl.invoke(DelegatingMethodAccessorImpl.java:43)
	at java.lang.reflect.Method.invoke(Method.java:498)
	at org.junit.runners.model.FrameworkMethod$1.runReflectiveCall(FrameworkMethod.java:59)
	at org.junit.internal.runners.model.ReflectiveCallable.run(ReflectiveCallable.java:12)
	at org.junit.runners.model.FrameworkMethod.invokeExplosively(FrameworkMethod.java:56)
	at org.junit.internal.runners.statements.InvokeMethod.evaluate(InvokeMethod.java:17)
	at org.junit.internal.runners.statements.RunAfters.evaluate(RunAfters.java:27)
	at org.junit.internal.runners.statements.FailOnTimeout$CallableStatement.call(FailOnTimeout.java:288)
	at org.junit.internal.runners.statements.FailOnTimeout$CallableStatement.call(FailOnTimeout.java:282)
	at java.util.concurrent.FutureTask.run(FutureTask.java:266)
	at java.lang.Thread.run(Thread.java:750)
]]></system-out>
  </testcase>
  <testcase name="testRenameDir" classname="TestOzoneFileSystem" time="0.021">
    <system-out><![CDATA[2022-09-28 15:56:55,844 [Time-limited test] INFO  ozone.TestOzoneFileSystem (TestOzoneFileSystem.java:testRenameDir(1316)) - Created dir o3fs://bucket59830.volume06113/root_dir/dir1/sub_dir1
2022-09-28 15:56:55,844 [Time-limited test] INFO  ozone.TestOzoneFileSystem (TestOzoneFileSystem.java:testRenameDir(1317)) - Will move o3fs://bucket59830.volume06113/root_dir/dir1 to o3fs://bucket59830.volume06113/root_dir/dir1.renamed
15:56:55.847 [IPC Server handler 2 on default port 41537] ERROR OMAudit - user=runner | ip=127.0.0.1 | op=GET_FILE_STATUS {volume=volume06113, bucket=bucket59830, key=root_dir/dir1.renamed, dataSize=0, replicationConfig=null} | ret=FAILURE
org.apache.hadoop.ozone.om.exceptions.OMException: Unable to get file status: volume: volume06113 bucket: bucket59830 key: root_dir/dir1.renamed
	at org.apache.hadoop.ozone.om.KeyManagerImpl.getOzoneFileStatus(KeyManagerImpl.java:1324) ~[ozone-manager-1.3.0-SNAPSHOT.jar:?]
	at org.apache.hadoop.ozone.om.KeyManagerImpl.getFileStatus(KeyManagerImpl.java:1254) ~[ozone-manager-1.3.0-SNAPSHOT.jar:?]
	at org.apache.hadoop.ozone.om.OzoneManager.getFileStatus(OzoneManager.java:3506) ~[ozone-manager-1.3.0-SNAPSHOT.jar:?]
	at org.apache.hadoop.ozone.protocolPB.OzoneManagerRequestHandler.getOzoneFileStatus(OzoneManagerRequestHandler.java:882) ~[ozone-manager-1.3.0-SNAPSHOT.jar:?]
	at org.apache.hadoop.ozone.protocolPB.OzoneManagerRequestHandler.handleReadRequest(OzoneManagerRequestHandler.java:228) ~[ozone-manager-1.3.0-SNAPSHOT.jar:?]
	at org.apache.hadoop.ozone.protocolPB.OzoneManagerProtocolServerSideTranslatorPB.submitRequestDirectlyToOM(OzoneManagerProtocolServerSideTranslatorPB.java:276) ~[ozone-manager-1.3.0-SNAPSHOT.jar:?]
	at org.apache.hadoop.ozone.protocolPB.OzoneManagerProtocolServerSideTranslatorPB.processRequest(OzoneManagerProtocolServerSideTranslatorPB.java:205) ~[ozone-manager-1.3.0-SNAPSHOT.jar:?]
	at org.apache.hadoop.hdds.server.OzoneProtocolMessageDispatcher.processRequest(OzoneProtocolMessageDispatcher.java:87) [hdds-server-framework-1.3.0-SNAPSHOT.jar:?]
	at org.apache.hadoop.ozone.protocolPB.OzoneManagerProtocolServerSideTranslatorPB.submitRequest(OzoneManagerProtocolServerSideTranslatorPB.java:147) [ozone-manager-1.3.0-SNAPSHOT.jar:?]
	at org.apache.hadoop.ozone.protocol.proto.OzoneManagerProtocolProtos$OzoneManagerService$2.callBlockingMethod(OzoneManagerProtocolProtos.java) [ozone-interface-client-1.3.0-SNAPSHOT.jar:?]
	at org.apache.hadoop.ipc.ProtobufRpcEngine$Server.processCall(ProtobufRpcEngine.java:466) [hadoop-common-3.3.1.jar:?]
	at org.apache.hadoop.ipc.ProtobufRpcEngine2$Server$ProtoBufRpcInvoker.call(ProtobufRpcEngine2.java:574) [hadoop-common-3.3.1.jar:?]
	at org.apache.hadoop.ipc.ProtobufRpcEngine2$Server$ProtoBufRpcInvoker.call(ProtobufRpcEngine2.java:552) [hadoop-common-3.3.1.jar:?]
	at org.apache.hadoop.ipc.RPC$Server.call(RPC.java:1093) [hadoop-common-3.3.1.jar:?]
	at org.apache.hadoop.ipc.Server$RpcCall.run(Server.java:1035) [hadoop-common-3.3.1.jar:?]
	at org.apache.hadoop.ipc.Server$RpcCall.run(Server.java:963) [hadoop-common-3.3.1.jar:?]
	at java.security.AccessController.doPrivileged(Native Method) ~[?:1.8.0_345]
	at javax.security.auth.Subject.doAs(Subject.java:422) [?:1.8.0_345]
	at org.apache.hadoop.security.UserGroupInformation.doAs(UserGroupInformation.java:1878) [hadoop-common-3.3.1.jar:?]
	at org.apache.hadoop.ipc.Server$Handler.run(Server.java:2966) [hadoop-common-3.3.1.jar:?]
2022-09-28 15:56:55,853 [Time-limited test] WARN  ozone.BasicOzoneFileSystem (BasicOzoneFileSystem.java:getFileStatus(765)) - GetFileStatus failed for path o3fs://bucket59830.volume06113/root_dir/dir1.renamed
java.io.FileNotFoundException: root_dir/dir1.renamed: No such file or directory!
	at org.apache.hadoop.fs.ozone.BasicOzoneClientAdapterImpl.getFileStatus(BasicOzoneClientAdapterImpl.java:369)
	at org.apache.hadoop.fs.ozone.BasicOzoneFileSystem.getFileStatus(BasicOzoneFileSystem.java:757)
	at org.apache.hadoop.fs.ozone.BasicOzoneFileSystem.rename(BasicOzoneFileSystem.java:357)
	at org.apache.hadoop.fs.ozone.TestOzoneFileSystem.testRenameDir(TestOzoneFileSystem.java:1318)
	at sun.reflect.NativeMethodAccessorImpl.invoke0(Native Method)
	at sun.reflect.NativeMethodAccessorImpl.invoke(NativeMethodAccessorImpl.java:62)
	at sun.reflect.DelegatingMethodAccessorImpl.invoke(DelegatingMethodAccessorImpl.java:43)
	at java.lang.reflect.Method.invoke(Method.java:498)
	at org.junit.runners.model.FrameworkMethod$1.runReflectiveCall(FrameworkMethod.java:59)
	at org.junit.internal.runners.model.ReflectiveCallable.run(ReflectiveCallable.java:12)
	at org.junit.runners.model.FrameworkMethod.invokeExplosively(FrameworkMethod.java:56)
	at org.junit.internal.runners.statements.InvokeMethod.evaluate(InvokeMethod.java:17)
	at org.junit.internal.runners.statements.RunAfters.evaluate(RunAfters.java:27)
	at org.junit.internal.runners.statements.FailOnTimeout$CallableStatement.call(FailOnTimeout.java:288)
	at org.junit.internal.runners.statements.FailOnTimeout$CallableStatement.call(FailOnTimeout.java:282)
	at java.util.concurrent.FutureTask.run(FutureTask.java:266)
	at java.lang.Thread.run(Thread.java:750)
]]></system-out>
  </testcase>
  <testcase name="testListStatusIteratorOnSubDirs" classname="TestOzoneFileSystem" time="0.06"/>
  <testcase name="testListStatusIteratorOnSubDirs" classname="TestOzoneFileSystem" time="0.032"/>
  <testcase name="testListStatusIteratorOnSubDirs" classname="TestOzoneFileSystem" time="0.034"/>
  <testcase name="testListStatusIteratorOnSubDirs" classname="TestOzoneFileSystem" time="0.051"/>
  <testcase name="testAllocateMoreThanOneBlock" classname="TestOzoneFileSystem" time="0.485"/>
  <testcase name="testAllocateMoreThanOneBlock" classname="TestOzoneFileSystem" time="0.912"/>
  <testcase name="testAllocateMoreThanOneBlock" classname="TestOzoneFileSystem" time="1.15">
    <system-out><![CDATA[2022-09-28 15:55:03,357 [efb57e59-7b5e-412f-abe5-c0e716dfec12@group-A5F21D04F577-FollowerState] INFO  impl.FollowerState (FollowerState.java:run(143)) - efb57e59-7b5e-412f-abe5-c0e716dfec12@group-A5F21D04F577-FollowerState: change to CANDIDATE, lastRpcElapsedTime:5021082740ns, electionTimeout:5017ms
2022-09-28 15:55:03,358 [efb57e59-7b5e-412f-abe5-c0e716dfec12@group-A5F21D04F577-FollowerState] INFO  impl.RoleInfo (RoleInfo.java:shutdownFollowerState(110)) - efb57e59-7b5e-412f-abe5-c0e716dfec12: shutdown efb57e59-7b5e-412f-abe5-c0e716dfec12@group-A5F21D04F577-FollowerState
2022-09-28 15:55:03,358 [efb57e59-7b5e-412f-abe5-c0e716dfec12@group-A5F21D04F577-FollowerState] INFO  server.RaftServer$Division (RaftServerImpl.java:setRole(299)) - efb57e59-7b5e-412f-abe5-c0e716dfec12@group-A5F21D04F577: changes role from  FOLLOWER to CANDIDATE at term 0 for changeToCandidate
2022-09-28 15:55:03,358 [efb57e59-7b5e-412f-abe5-c0e716dfec12@group-A5F21D04F577-FollowerState] INFO  server.RaftServerConfigKeys (ConfUtils.java:logGet(46)) - raft.server.leaderelection.pre-vote = false (custom)
2022-09-28 15:55:03,358 [efb57e59-7b5e-412f-abe5-c0e716dfec12@group-A5F21D04F577-FollowerState] INFO  impl.RoleInfo (RoleInfo.java:updateAndGet(139)) - efb57e59-7b5e-412f-abe5-c0e716dfec12: start efb57e59-7b5e-412f-abe5-c0e716dfec12@group-A5F21D04F577-LeaderElection37
2022-09-28 15:55:03,428 [efb57e59-7b5e-412f-abe5-c0e716dfec12@group-A5F21D04F577-LeaderElection37] INFO  impl.LeaderElection (LeaderElection.java:askForVotes(310)) - efb57e59-7b5e-412f-abe5-c0e716dfec12@group-A5F21D04F577-LeaderElection37 ELECTION round 0: submit vote requests at term 1 for -1: [efb57e59-7b5e-412f-abe5-c0e716dfec12|rpc:10.1.1.55:33495|priority:1], old=null
2022-09-28 15:55:03,428 [efb57e59-7b5e-412f-abe5-c0e716dfec12@group-A5F21D04F577-LeaderElection37] INFO  impl.LeaderElection (LeaderElection.java:askForVotes(312)) - efb57e59-7b5e-412f-abe5-c0e716dfec12@group-A5F21D04F577-LeaderElection37 ELECTION round 0: result PASSED (term=1)
2022-09-28 15:55:03,428 [efb57e59-7b5e-412f-abe5-c0e716dfec12@group-A5F21D04F577-LeaderElection37] INFO  impl.RoleInfo (RoleInfo.java:shutdownLeaderElection(130)) - efb57e59-7b5e-412f-abe5-c0e716dfec12: shutdown efb57e59-7b5e-412f-abe5-c0e716dfec12@group-A5F21D04F577-LeaderElection37
2022-09-28 15:55:03,428 [efb57e59-7b5e-412f-abe5-c0e716dfec12@group-A5F21D04F577-LeaderElection37] INFO  server.RaftServer$Division (RaftServerImpl.java:setRole(299)) - efb57e59-7b5e-412f-abe5-c0e716dfec12@group-A5F21D04F577: changes role from CANDIDATE to LEADER at term 1 for changeToLeader
2022-09-28 15:55:03,428 [efb57e59-7b5e-412f-abe5-c0e716dfec12@group-A5F21D04F577-LeaderElection37] INFO  ratis.XceiverServerRatis (XceiverServerRatis.java:handleLeaderChangedNotification(863)) - Leader change notification received for group: group-A5F21D04F577 with new leaderId: efb57e59-7b5e-412f-abe5-c0e716dfec12
2022-09-28 15:55:03,428 [efb57e59-7b5e-412f-abe5-c0e716dfec12@group-A5F21D04F577-LeaderElection37] INFO  server.RaftServer$Division (ServerState.java:setLeader(287)) - efb57e59-7b5e-412f-abe5-c0e716dfec12@group-A5F21D04F577: change Leader from null to efb57e59-7b5e-412f-abe5-c0e716dfec12 at term 1 for becomeLeader, leader elected after 5106ms
2022-09-28 15:55:03,428 [efb57e59-7b5e-412f-abe5-c0e716dfec12@group-A5F21D04F577-LeaderElection37] INFO  server.RaftServerConfigKeys (ConfUtils.java:logGet(46)) - raft.server.staging.catchup.gap = 1000 (default)
2022-09-28 15:55:03,428 [efb57e59-7b5e-412f-abe5-c0e716dfec12@group-A5F21D04F577-LeaderElection37] INFO  server.RaftServerConfigKeys (ConfUtils.java:logGet(46)) - raft.server.write.element-limit = 1024 (custom)
2022-09-28 15:55:03,428 [efb57e59-7b5e-412f-abe5-c0e716dfec12@group-A5F21D04F577-LeaderElection37] INFO  server.RaftServerConfigKeys (ConfUtils.java:logGet(46)) - raft.server.write.byte-limit = 1024 M (=1073741824) (custom)
2022-09-28 15:55:03,428 [efb57e59-7b5e-412f-abe5-c0e716dfec12@group-A5F21D04F577-LeaderElection37] INFO  server.RaftServerConfigKeys (ConfUtils.java:logGet(46)) - raft.server.watch.timeout = 180s (custom)
2022-09-28 15:55:03,429 [efb57e59-7b5e-412f-abe5-c0e716dfec12@group-A5F21D04F577-LeaderElection37] INFO  server.RaftServerConfigKeys (ConfUtils.java:logGet(46)) - raft.server.watch.timeout.denomination = 1s (default)
2022-09-28 15:55:03,429 [efb57e59-7b5e-412f-abe5-c0e716dfec12@group-A5F21D04F577-LeaderElection37] INFO  server.RaftServerConfigKeys (ConfUtils.java:logGet(46)) - raft.server.watch.element-limit = 65536 (default)
2022-09-28 15:55:03,429 [efb57e59-7b5e-412f-abe5-c0e716dfec12@group-A5F21D04F577-LeaderElection37] INFO  server.RaftServerConfigKeys (ConfUtils.java:logGet(46)) - raft.server.write.element-limit = 1024 (custom)
2022-09-28 15:55:03,429 [efb57e59-7b5e-412f-abe5-c0e716dfec12@group-A5F21D04F577-LeaderElection37] INFO  server.RaftServerConfigKeys (ConfUtils.java:logGet(46)) - raft.server.write.follower.gap.ratio.max = -1.0 (default)
2022-09-28 15:55:03,429 [efb57e59-7b5e-412f-abe5-c0e716dfec12@group-A5F21D04F577-LeaderElection37] INFO  impl.RoleInfo (RoleInfo.java:updateAndGet(139)) - efb57e59-7b5e-412f-abe5-c0e716dfec12: start efb57e59-7b5e-412f-abe5-c0e716dfec12@group-A5F21D04F577-LeaderStateImpl
2022-09-28 15:55:03,459 [efb57e59-7b5e-412f-abe5-c0e716dfec12@group-A5F21D04F577-LeaderElection37] INFO  segmented.SegmentedRaftLogWorker (SegmentedRaftLogWorker.java:startLogSegment(425)) - efb57e59-7b5e-412f-abe5-c0e716dfec12@group-A5F21D04F577-SegmentedRaftLogWorker: Starting segment from index:0
2022-09-28 15:55:03,465 [efb57e59-7b5e-412f-abe5-c0e716dfec12@group-A5F21D04F577-SegmentedRaftLogWorker] INFO  segmented.SegmentedRaftLogWorker (SegmentedRaftLogWorker.java:execute(629)) - efb57e59-7b5e-412f-abe5-c0e716dfec12@group-A5F21D04F577-SegmentedRaftLogWorker: created new log segment /home/runner/work/ozone/ozone/hadoop-ozone/integration-test/target/test-dir/MiniOzoneClusterImpl-aff298ea-5285-4275-affb-2c33fd00777e/datanode-3/data/ratis/74a891cd-d7de-4311-a204-a5f21d04f577/current/log_inprogress_0
2022-09-28 15:55:03,490 [efb57e59-7b5e-412f-abe5-c0e716dfec12@group-A5F21D04F577-LeaderElection37] INFO  server.RaftServer$Division (ServerState.java:setRaftConf(393)) - efb57e59-7b5e-412f-abe5-c0e716dfec12@group-A5F21D04F577: set configuration 0: [efb57e59-7b5e-412f-abe5-c0e716dfec12|rpc:10.1.1.55:33495|dataStream:|priority:1], old=null
]]></system-out>
  </testcase>
  <testcase name="testAllocateMoreThanOneBlock" classname="TestOzoneFileSystem" time="1.057"/>
  <testcase name="testRenameToExistingDir" classname="TestOzoneFileSystem" time="0.049">
    <system-out><![CDATA[15:51:59.739 [IPC Server handler 15 on default port 36317] ERROR OMAudit - user=runner | ip=127.0.0.1 | op=LIST_STATUS {volume=volume24312, bucket=bucket55718, key=b/a, dataSize=0, replicationConfig=null} | ret=FAILURE
org.apache.hadoop.ozone.om.exceptions.OMException: Unable to get file status: volume: volume24312 bucket: bucket55718 key: b/a
	at org.apache.hadoop.ozone.om.KeyManagerImpl.getOzoneFileStatus(KeyManagerImpl.java:1324) ~[ozone-manager-1.3.0-SNAPSHOT.jar:?]
	at org.apache.hadoop.ozone.om.KeyManagerImpl.getFileStatus(KeyManagerImpl.java:1254) ~[ozone-manager-1.3.0-SNAPSHOT.jar:?]
	at org.apache.hadoop.ozone.om.KeyManagerImpl.listStatus(KeyManagerImpl.java:1578) ~[ozone-manager-1.3.0-SNAPSHOT.jar:?]
	at org.apache.hadoop.ozone.om.OzoneManager.listStatus(OzoneManager.java:3584) ~[ozone-manager-1.3.0-SNAPSHOT.jar:?]
	at org.apache.hadoop.ozone.protocolPB.OzoneManagerRequestHandler.listStatus(OzoneManagerRequestHandler.java:1072) ~[ozone-manager-1.3.0-SNAPSHOT.jar:?]
	at org.apache.hadoop.ozone.protocolPB.OzoneManagerRequestHandler.handleReadRequest(OzoneManagerRequestHandler.java:239) ~[ozone-manager-1.3.0-SNAPSHOT.jar:?]
	at org.apache.hadoop.ozone.protocolPB.OzoneManagerProtocolServerSideTranslatorPB.submitReadRequestToOM(OzoneManagerProtocolServerSideTranslatorPB.java:226) ~[ozone-manager-1.3.0-SNAPSHOT.jar:?]
	at org.apache.hadoop.ozone.protocolPB.OzoneManagerProtocolServerSideTranslatorPB.processRequest(OzoneManagerProtocolServerSideTranslatorPB.java:175) ~[ozone-manager-1.3.0-SNAPSHOT.jar:?]
	at org.apache.hadoop.hdds.server.OzoneProtocolMessageDispatcher.processRequest(OzoneProtocolMessageDispatcher.java:87) [hdds-server-framework-1.3.0-SNAPSHOT.jar:?]
	at org.apache.hadoop.ozone.protocolPB.OzoneManagerProtocolServerSideTranslatorPB.submitRequest(OzoneManagerProtocolServerSideTranslatorPB.java:147) [ozone-manager-1.3.0-SNAPSHOT.jar:?]
	at org.apache.hadoop.ozone.protocol.proto.OzoneManagerProtocolProtos$OzoneManagerService$2.callBlockingMethod(OzoneManagerProtocolProtos.java) [ozone-interface-client-1.3.0-SNAPSHOT.jar:?]
	at org.apache.hadoop.ipc.ProtobufRpcEngine$Server.processCall(ProtobufRpcEngine.java:466) [hadoop-common-3.3.1.jar:?]
	at org.apache.hadoop.ipc.ProtobufRpcEngine2$Server$ProtoBufRpcInvoker.call(ProtobufRpcEngine2.java:574) [hadoop-common-3.3.1.jar:?]
	at org.apache.hadoop.ipc.ProtobufRpcEngine2$Server$ProtoBufRpcInvoker.call(ProtobufRpcEngine2.java:552) [hadoop-common-3.3.1.jar:?]
	at org.apache.hadoop.ipc.RPC$Server.call(RPC.java:1093) [hadoop-common-3.3.1.jar:?]
	at org.apache.hadoop.ipc.Server$RpcCall.run(Server.java:1035) [hadoop-common-3.3.1.jar:?]
	at org.apache.hadoop.ipc.Server$RpcCall.run(Server.java:963) [hadoop-common-3.3.1.jar:?]
	at java.security.AccessController.doPrivileged(Native Method) ~[?:1.8.0_345]
	at javax.security.auth.Subject.doAs(Subject.java:422) [?:1.8.0_345]
	at org.apache.hadoop.security.UserGroupInformation.doAs(UserGroupInformation.java:1878) [hadoop-common-3.3.1.jar:?]
	at org.apache.hadoop.ipc.Server$Handler.run(Server.java:2966) [hadoop-common-3.3.1.jar:?]
]]></system-out>
  </testcase>
  <testcase name="testRenameToExistingDir" classname="TestOzoneFileSystem" time="0.023">
    <system-out><![CDATA[15:53:39.251 [IPC Server handler 6 on default port 42319] ERROR OMAudit - user=runner | ip=127.0.0.1 | op=LIST_STATUS {volume=volume00149, bucket=bucket04297, key=b/a, dataSize=0, replicationConfig=null} | ret=FAILURE
org.apache.hadoop.ozone.om.exceptions.OMException: Unable to get file status: volume: volume00149 bucket: bucket04297 key: b/a
	at org.apache.hadoop.ozone.om.KeyManagerImpl.getOzoneFileStatus(KeyManagerImpl.java:1324) ~[ozone-manager-1.3.0-SNAPSHOT.jar:?]
	at org.apache.hadoop.ozone.om.KeyManagerImpl.getFileStatus(KeyManagerImpl.java:1254) ~[ozone-manager-1.3.0-SNAPSHOT.jar:?]
	at org.apache.hadoop.ozone.om.KeyManagerImpl.listStatus(KeyManagerImpl.java:1578) ~[ozone-manager-1.3.0-SNAPSHOT.jar:?]
	at org.apache.hadoop.ozone.om.OzoneManager.listStatus(OzoneManager.java:3584) ~[ozone-manager-1.3.0-SNAPSHOT.jar:?]
	at org.apache.hadoop.ozone.protocolPB.OzoneManagerRequestHandler.listStatus(OzoneManagerRequestHandler.java:1072) ~[ozone-manager-1.3.0-SNAPSHOT.jar:?]
	at org.apache.hadoop.ozone.protocolPB.OzoneManagerRequestHandler.handleReadRequest(OzoneManagerRequestHandler.java:239) ~[ozone-manager-1.3.0-SNAPSHOT.jar:?]
	at org.apache.hadoop.ozone.protocolPB.OzoneManagerProtocolServerSideTranslatorPB.submitRequestDirectlyToOM(OzoneManagerProtocolServerSideTranslatorPB.java:276) ~[ozone-manager-1.3.0-SNAPSHOT.jar:?]
	at org.apache.hadoop.ozone.protocolPB.OzoneManagerProtocolServerSideTranslatorPB.processRequest(OzoneManagerProtocolServerSideTranslatorPB.java:205) ~[ozone-manager-1.3.0-SNAPSHOT.jar:?]
	at org.apache.hadoop.hdds.server.OzoneProtocolMessageDispatcher.processRequest(OzoneProtocolMessageDispatcher.java:87) [hdds-server-framework-1.3.0-SNAPSHOT.jar:?]
	at org.apache.hadoop.ozone.protocolPB.OzoneManagerProtocolServerSideTranslatorPB.submitRequest(OzoneManagerProtocolServerSideTranslatorPB.java:147) [ozone-manager-1.3.0-SNAPSHOT.jar:?]
	at org.apache.hadoop.ozone.protocol.proto.OzoneManagerProtocolProtos$OzoneManagerService$2.callBlockingMethod(OzoneManagerProtocolProtos.java) [ozone-interface-client-1.3.0-SNAPSHOT.jar:?]
	at org.apache.hadoop.ipc.ProtobufRpcEngine$Server.processCall(ProtobufRpcEngine.java:466) [hadoop-common-3.3.1.jar:?]
	at org.apache.hadoop.ipc.ProtobufRpcEngine2$Server$ProtoBufRpcInvoker.call(ProtobufRpcEngine2.java:574) [hadoop-common-3.3.1.jar:?]
	at org.apache.hadoop.ipc.ProtobufRpcEngine2$Server$ProtoBufRpcInvoker.call(ProtobufRpcEngine2.java:552) [hadoop-common-3.3.1.jar:?]
	at org.apache.hadoop.ipc.RPC$Server.call(RPC.java:1093) [hadoop-common-3.3.1.jar:?]
	at org.apache.hadoop.ipc.Server$RpcCall.run(Server.java:1035) [hadoop-common-3.3.1.jar:?]
	at org.apache.hadoop.ipc.Server$RpcCall.run(Server.java:963) [hadoop-common-3.3.1.jar:?]
	at java.security.AccessController.doPrivileged(Native Method) ~[?:1.8.0_345]
	at javax.security.auth.Subject.doAs(Subject.java:422) [?:1.8.0_345]
	at org.apache.hadoop.security.UserGroupInformation.doAs(UserGroupInformation.java:1878) [hadoop-common-3.3.1.jar:?]
	at org.apache.hadoop.ipc.Server$Handler.run(Server.java:2966) [hadoop-common-3.3.1.jar:?]
]]></system-out>
  </testcase>
  <testcase name="testRenameToExistingDir" classname="TestOzoneFileSystem" time="0.063">
    <system-out><![CDATA[15:55:04.539 [IPC Server handler 5 on default port 37257] ERROR OMAudit - user=runner | ip=127.0.0.1 | op=LIST_STATUS {volume=volume14467, bucket=bucket64159, key=b/a, dataSize=0, replicationConfig=null} | ret=FAILURE
org.apache.hadoop.ozone.om.exceptions.OMException: Unable to get file status: volume: volume14467 bucket: bucket64159 key: b/a
	at org.apache.hadoop.ozone.om.KeyManagerImpl.getOzoneFileStatus(KeyManagerImpl.java:1324) ~[ozone-manager-1.3.0-SNAPSHOT.jar:?]
	at org.apache.hadoop.ozone.om.KeyManagerImpl.getFileStatus(KeyManagerImpl.java:1254) ~[ozone-manager-1.3.0-SNAPSHOT.jar:?]
	at org.apache.hadoop.ozone.om.KeyManagerImpl.listStatus(KeyManagerImpl.java:1578) ~[ozone-manager-1.3.0-SNAPSHOT.jar:?]
	at org.apache.hadoop.ozone.om.OzoneManager.listStatus(OzoneManager.java:3584) ~[ozone-manager-1.3.0-SNAPSHOT.jar:?]
	at org.apache.hadoop.ozone.protocolPB.OzoneManagerRequestHandler.listStatus(OzoneManagerRequestHandler.java:1072) ~[ozone-manager-1.3.0-SNAPSHOT.jar:?]
	at org.apache.hadoop.ozone.protocolPB.OzoneManagerRequestHandler.handleReadRequest(OzoneManagerRequestHandler.java:239) ~[ozone-manager-1.3.0-SNAPSHOT.jar:?]
	at org.apache.hadoop.ozone.protocolPB.OzoneManagerProtocolServerSideTranslatorPB.submitReadRequestToOM(OzoneManagerProtocolServerSideTranslatorPB.java:226) ~[ozone-manager-1.3.0-SNAPSHOT.jar:?]
	at org.apache.hadoop.ozone.protocolPB.OzoneManagerProtocolServerSideTranslatorPB.processRequest(OzoneManagerProtocolServerSideTranslatorPB.java:175) ~[ozone-manager-1.3.0-SNAPSHOT.jar:?]
	at org.apache.hadoop.hdds.server.OzoneProtocolMessageDispatcher.processRequest(OzoneProtocolMessageDispatcher.java:87) [hdds-server-framework-1.3.0-SNAPSHOT.jar:?]
	at org.apache.hadoop.ozone.protocolPB.OzoneManagerProtocolServerSideTranslatorPB.submitRequest(OzoneManagerProtocolServerSideTranslatorPB.java:147) [ozone-manager-1.3.0-SNAPSHOT.jar:?]
	at org.apache.hadoop.ozone.protocol.proto.OzoneManagerProtocolProtos$OzoneManagerService$2.callBlockingMethod(OzoneManagerProtocolProtos.java) [ozone-interface-client-1.3.0-SNAPSHOT.jar:?]
	at org.apache.hadoop.ipc.ProtobufRpcEngine$Server.processCall(ProtobufRpcEngine.java:466) [hadoop-common-3.3.1.jar:?]
	at org.apache.hadoop.ipc.ProtobufRpcEngine2$Server$ProtoBufRpcInvoker.call(ProtobufRpcEngine2.java:574) [hadoop-common-3.3.1.jar:?]
	at org.apache.hadoop.ipc.ProtobufRpcEngine2$Server$ProtoBufRpcInvoker.call(ProtobufRpcEngine2.java:552) [hadoop-common-3.3.1.jar:?]
	at org.apache.hadoop.ipc.RPC$Server.call(RPC.java:1093) [hadoop-common-3.3.1.jar:?]
	at org.apache.hadoop.ipc.Server$RpcCall.run(Server.java:1035) [hadoop-common-3.3.1.jar:?]
	at org.apache.hadoop.ipc.Server$RpcCall.run(Server.java:963) [hadoop-common-3.3.1.jar:?]
	at java.security.AccessController.doPrivileged(Native Method) ~[?:1.8.0_345]
	at javax.security.auth.Subject.doAs(Subject.java:422) [?:1.8.0_345]
	at org.apache.hadoop.security.UserGroupInformation.doAs(UserGroupInformation.java:1878) [hadoop-common-3.3.1.jar:?]
	at org.apache.hadoop.ipc.Server$Handler.run(Server.java:2966) [hadoop-common-3.3.1.jar:?]
]]></system-out>
  </testcase>
  <testcase name="testRenameToExistingDir" classname="TestOzoneFileSystem" time="0.06">
    <system-out><![CDATA[15:56:57.024 [IPC Server handler 12 on default port 41537] ERROR OMAudit - user=runner | ip=127.0.0.1 | op=LIST_STATUS {volume=volume06113, bucket=bucket59830, key=b/a, dataSize=0, replicationConfig=null} | ret=FAILURE
org.apache.hadoop.ozone.om.exceptions.OMException: Unable to get file status: volume: volume06113 bucket: bucket59830 key: b/a
	at org.apache.hadoop.ozone.om.KeyManagerImpl.getOzoneFileStatus(KeyManagerImpl.java:1324) ~[ozone-manager-1.3.0-SNAPSHOT.jar:?]
	at org.apache.hadoop.ozone.om.KeyManagerImpl.getFileStatus(KeyManagerImpl.java:1254) ~[ozone-manager-1.3.0-SNAPSHOT.jar:?]
	at org.apache.hadoop.ozone.om.KeyManagerImpl.listStatus(KeyManagerImpl.java:1578) ~[ozone-manager-1.3.0-SNAPSHOT.jar:?]
	at org.apache.hadoop.ozone.om.OzoneManager.listStatus(OzoneManager.java:3584) ~[ozone-manager-1.3.0-SNAPSHOT.jar:?]
	at org.apache.hadoop.ozone.protocolPB.OzoneManagerRequestHandler.listStatus(OzoneManagerRequestHandler.java:1072) ~[ozone-manager-1.3.0-SNAPSHOT.jar:?]
	at org.apache.hadoop.ozone.protocolPB.OzoneManagerRequestHandler.handleReadRequest(OzoneManagerRequestHandler.java:239) ~[ozone-manager-1.3.0-SNAPSHOT.jar:?]
	at org.apache.hadoop.ozone.protocolPB.OzoneManagerProtocolServerSideTranslatorPB.submitRequestDirectlyToOM(OzoneManagerProtocolServerSideTranslatorPB.java:276) ~[ozone-manager-1.3.0-SNAPSHOT.jar:?]
	at org.apache.hadoop.ozone.protocolPB.OzoneManagerProtocolServerSideTranslatorPB.processRequest(OzoneManagerProtocolServerSideTranslatorPB.java:205) ~[ozone-manager-1.3.0-SNAPSHOT.jar:?]
	at org.apache.hadoop.hdds.server.OzoneProtocolMessageDispatcher.processRequest(OzoneProtocolMessageDispatcher.java:87) [hdds-server-framework-1.3.0-SNAPSHOT.jar:?]
	at org.apache.hadoop.ozone.protocolPB.OzoneManagerProtocolServerSideTranslatorPB.submitRequest(OzoneManagerProtocolServerSideTranslatorPB.java:147) [ozone-manager-1.3.0-SNAPSHOT.jar:?]
	at org.apache.hadoop.ozone.protocol.proto.OzoneManagerProtocolProtos$OzoneManagerService$2.callBlockingMethod(OzoneManagerProtocolProtos.java) [ozone-interface-client-1.3.0-SNAPSHOT.jar:?]
	at org.apache.hadoop.ipc.ProtobufRpcEngine$Server.processCall(ProtobufRpcEngine.java:466) [hadoop-common-3.3.1.jar:?]
	at org.apache.hadoop.ipc.ProtobufRpcEngine2$Server$ProtoBufRpcInvoker.call(ProtobufRpcEngine2.java:574) [hadoop-common-3.3.1.jar:?]
	at org.apache.hadoop.ipc.ProtobufRpcEngine2$Server$ProtoBufRpcInvoker.call(ProtobufRpcEngine2.java:552) [hadoop-common-3.3.1.jar:?]
	at org.apache.hadoop.ipc.RPC$Server.call(RPC.java:1093) [hadoop-common-3.3.1.jar:?]
	at org.apache.hadoop.ipc.Server$RpcCall.run(Server.java:1035) [hadoop-common-3.3.1.jar:?]
	at org.apache.hadoop.ipc.Server$RpcCall.run(Server.java:963) [hadoop-common-3.3.1.jar:?]
	at java.security.AccessController.doPrivileged(Native Method) ~[?:1.8.0_345]
	at javax.security.auth.Subject.doAs(Subject.java:422) [?:1.8.0_345]
	at org.apache.hadoop.security.UserGroupInformation.doAs(UserGroupInformation.java:1878) [hadoop-common-3.3.1.jar:?]
	at org.apache.hadoop.ipc.Server$Handler.run(Server.java:2966) [hadoop-common-3.3.1.jar:?]
]]></system-out>
  </testcase>
  <testcase name="testRenameDirToItsOwnSubDir" classname="TestOzoneFileSystem" time="0.021">
    <system-out><![CDATA[2022-09-28 15:51:59,777 [Time-limited test] INFO  ozone.TestOzoneFileSystem (TestOzoneFileSystem.java:testRenameDirToItsOwnSubDir(1073)) - Created dir1 o3fs://bucket55718.volume24312/root/dir1/sub_dir1
2022-09-28 15:51:59,778 [Time-limited test] INFO  ozone.TestOzoneFileSystem (TestOzoneFileSystem.java:testRenameDirToItsOwnSubDir(1076)) - Rename op-> source:o3fs://bucket55718.volume24312/root to destin:o3fs://bucket55718.volume24312/root/dir1/sub_dir1
]]></system-out>
  </testcase>
  <testcase name="testRenameDirToItsOwnSubDir" classname="TestOzoneFileSystem" time="0.03">
    <system-out><![CDATA[2022-09-28 15:53:39,270 [Time-limited test] INFO  ozone.TestOzoneFileSystem (TestOzoneFileSystem.java:testRenameDirToItsOwnSubDir(1073)) - Created dir1 o3fs://bucket04297.volume00149/root/dir1/sub_dir1
2022-09-28 15:53:39,270 [Time-limited test] INFO  ozone.TestOzoneFileSystem (TestOzoneFileSystem.java:testRenameDirToItsOwnSubDir(1076)) - Rename op-> source:o3fs://bucket04297.volume00149/root to destin:o3fs://bucket04297.volume00149/root/dir1/sub_dir1
]]></system-out>
  </testcase>
  <testcase name="testRenameDirToItsOwnSubDir" classname="TestOzoneFileSystem" time="0.032">
    <system-out><![CDATA[2022-09-28 15:55:04,566 [Time-limited test] INFO  ozone.TestOzoneFileSystem (TestOzoneFileSystem.java:testRenameDirToItsOwnSubDir(1073)) - Created dir1 o3fs://bucket64159.volume14467/root/dir1/sub_dir1
2022-09-28 15:55:04,566 [Time-limited test] INFO  ozone.TestOzoneFileSystem (TestOzoneFileSystem.java:testRenameDirToItsOwnSubDir(1076)) - Rename op-> source:o3fs://bucket64159.volume14467/root to destin:o3fs://bucket64159.volume14467/root/dir1/sub_dir1
]]></system-out>
  </testcase>
  <testcase name="testRenameDirToItsOwnSubDir" classname="TestOzoneFileSystem" time="0.033">
    <system-out><![CDATA[2022-09-28 15:56:57,051 [Time-limited test] INFO  ozone.TestOzoneFileSystem (TestOzoneFileSystem.java:testRenameDirToItsOwnSubDir(1073)) - Created dir1 o3fs://bucket59830.volume06113/root/dir1/sub_dir1
2022-09-28 15:56:57,051 [Time-limited test] INFO  ozone.TestOzoneFileSystem (TestOzoneFileSystem.java:testRenameDirToItsOwnSubDir(1076)) - Rename op-> source:o3fs://bucket59830.volume06113/root to destin:o3fs://bucket59830.volume06113/root/dir1/sub_dir1
]]></system-out>
  </testcase>
  <testcase name="testGetDirectoryModificationTime" classname="TestOzoneFileSystem" time="0.178"/>
  <testcase name="testGetDirectoryModificationTime" classname="TestOzoneFileSystem" time="0.137"/>
  <testcase name="testGetDirectoryModificationTime" classname="TestOzoneFileSystem" time="0.119">
    <system-out><![CDATA[2022-09-28 15:55:04,664 [d0376a86-4cb7-4dfb-8000-fedb90cb29d8@group-F4F87F65ACB3-FollowerState] INFO  impl.FollowerState (FollowerState.java:run(143)) - d0376a86-4cb7-4dfb-8000-fedb90cb29d8@group-F4F87F65ACB3-FollowerState: change to CANDIDATE, lastRpcElapsedTime:5201624077ns, electionTimeout:5199ms
2022-09-28 15:55:04,664 [d0376a86-4cb7-4dfb-8000-fedb90cb29d8@group-F4F87F65ACB3-FollowerState] INFO  impl.RoleInfo (RoleInfo.java:shutdownFollowerState(110)) - d0376a86-4cb7-4dfb-8000-fedb90cb29d8: shutdown d0376a86-4cb7-4dfb-8000-fedb90cb29d8@group-F4F87F65ACB3-FollowerState
2022-09-28 15:55:04,664 [d0376a86-4cb7-4dfb-8000-fedb90cb29d8@group-F4F87F65ACB3-FollowerState] INFO  server.RaftServer$Division (RaftServerImpl.java:setRole(299)) - d0376a86-4cb7-4dfb-8000-fedb90cb29d8@group-F4F87F65ACB3: changes role from  FOLLOWER to CANDIDATE at term 0 for changeToCandidate
2022-09-28 15:55:04,664 [d0376a86-4cb7-4dfb-8000-fedb90cb29d8@group-F4F87F65ACB3-FollowerState] INFO  server.RaftServerConfigKeys (ConfUtils.java:logGet(46)) - raft.server.leaderelection.pre-vote = false (custom)
2022-09-28 15:55:04,664 [d0376a86-4cb7-4dfb-8000-fedb90cb29d8@group-F4F87F65ACB3-FollowerState] INFO  impl.RoleInfo (RoleInfo.java:updateAndGet(139)) - d0376a86-4cb7-4dfb-8000-fedb90cb29d8: start d0376a86-4cb7-4dfb-8000-fedb90cb29d8@group-F4F87F65ACB3-LeaderElection38
2022-09-28 15:55:04,698 [d0376a86-4cb7-4dfb-8000-fedb90cb29d8@group-F4F87F65ACB3-LeaderElection38] INFO  impl.LeaderElection (LeaderElection.java:askForVotes(310)) - d0376a86-4cb7-4dfb-8000-fedb90cb29d8@group-F4F87F65ACB3-LeaderElection38 ELECTION round 0: submit vote requests at term 1 for -1: [d0376a86-4cb7-4dfb-8000-fedb90cb29d8|rpc:10.1.1.55:42389|priority:1], old=null
2022-09-28 15:55:04,698 [d0376a86-4cb7-4dfb-8000-fedb90cb29d8@group-F4F87F65ACB3-LeaderElection38] INFO  impl.LeaderElection (LeaderElection.java:askForVotes(312)) - d0376a86-4cb7-4dfb-8000-fedb90cb29d8@group-F4F87F65ACB3-LeaderElection38 ELECTION round 0: result PASSED (term=1)
2022-09-28 15:55:04,698 [d0376a86-4cb7-4dfb-8000-fedb90cb29d8@group-F4F87F65ACB3-LeaderElection38] INFO  impl.RoleInfo (RoleInfo.java:shutdownLeaderElection(130)) - d0376a86-4cb7-4dfb-8000-fedb90cb29d8: shutdown d0376a86-4cb7-4dfb-8000-fedb90cb29d8@group-F4F87F65ACB3-LeaderElection38
2022-09-28 15:55:04,698 [d0376a86-4cb7-4dfb-8000-fedb90cb29d8@group-F4F87F65ACB3-LeaderElection38] INFO  server.RaftServer$Division (RaftServerImpl.java:setRole(299)) - d0376a86-4cb7-4dfb-8000-fedb90cb29d8@group-F4F87F65ACB3: changes role from CANDIDATE to LEADER at term 1 for changeToLeader
2022-09-28 15:55:04,698 [d0376a86-4cb7-4dfb-8000-fedb90cb29d8@group-F4F87F65ACB3-LeaderElection38] INFO  ratis.XceiverServerRatis (XceiverServerRatis.java:handleLeaderChangedNotification(863)) - Leader change notification received for group: group-F4F87F65ACB3 with new leaderId: d0376a86-4cb7-4dfb-8000-fedb90cb29d8
2022-09-28 15:55:04,699 [d0376a86-4cb7-4dfb-8000-fedb90cb29d8@group-F4F87F65ACB3-LeaderElection38] INFO  server.RaftServer$Division (ServerState.java:setLeader(287)) - d0376a86-4cb7-4dfb-8000-fedb90cb29d8@group-F4F87F65ACB3: change Leader from null to d0376a86-4cb7-4dfb-8000-fedb90cb29d8 at term 1 for becomeLeader, leader elected after 5245ms
2022-09-28 15:55:04,699 [d0376a86-4cb7-4dfb-8000-fedb90cb29d8@group-F4F87F65ACB3-LeaderElection38] INFO  server.RaftServerConfigKeys (ConfUtils.java:logGet(46)) - raft.server.staging.catchup.gap = 1000 (default)
2022-09-28 15:55:04,701 [d0376a86-4cb7-4dfb-8000-fedb90cb29d8@group-F4F87F65ACB3-LeaderElection38] INFO  server.RaftServerConfigKeys (ConfUtils.java:logGet(46)) - raft.server.write.element-limit = 1024 (custom)
2022-09-28 15:55:04,701 [d0376a86-4cb7-4dfb-8000-fedb90cb29d8@group-F4F87F65ACB3-LeaderElection38] INFO  server.RaftServerConfigKeys (ConfUtils.java:logGet(46)) - raft.server.write.byte-limit = 1024 M (=1073741824) (custom)
]]></system-out>
  </testcase>
  <testcase name="testGetDirectoryModificationTime" classname="TestOzoneFileSystem" time="0.17"/>
  <testcase name="testOzoneFsServiceLoader" classname="TestOzoneFileSystem" time="0.004"/>
  <testcase name="testOzoneFsServiceLoader" classname="TestOzoneFileSystem" time="0.008"/>
  <testcase name="testOzoneFsServiceLoader" classname="TestOzoneFileSystem" time="0.073">
    <system-out><![CDATA[2022-09-28 15:55:04,705 [d0376a86-4cb7-4dfb-8000-fedb90cb29d8@group-F4F87F65ACB3-LeaderElection38] INFO  server.RaftServerConfigKeys (ConfUtils.java:logGet(46)) - raft.server.watch.timeout = 180s (custom)
2022-09-28 15:55:04,705 [d0376a86-4cb7-4dfb-8000-fedb90cb29d8@group-F4F87F65ACB3-LeaderElection38] INFO  server.RaftServerConfigKeys (ConfUtils.java:logGet(46)) - raft.server.watch.timeout.denomination = 1s (default)
2022-09-28 15:55:04,705 [d0376a86-4cb7-4dfb-8000-fedb90cb29d8@group-F4F87F65ACB3-LeaderElection38] INFO  server.RaftServerConfigKeys (ConfUtils.java:logGet(46)) - raft.server.watch.element-limit = 65536 (default)
2022-09-28 15:55:04,705 [d0376a86-4cb7-4dfb-8000-fedb90cb29d8@group-F4F87F65ACB3-LeaderElection38] INFO  server.RaftServerConfigKeys (ConfUtils.java:logGet(46)) - raft.server.write.element-limit = 1024 (custom)
2022-09-28 15:55:04,705 [d0376a86-4cb7-4dfb-8000-fedb90cb29d8@group-F4F87F65ACB3-LeaderElection38] INFO  server.RaftServerConfigKeys (ConfUtils.java:logGet(46)) - raft.server.write.follower.gap.ratio.max = -1.0 (default)
2022-09-28 15:55:04,705 [d0376a86-4cb7-4dfb-8000-fedb90cb29d8@group-F4F87F65ACB3-LeaderElection38] INFO  impl.RoleInfo (RoleInfo.java:updateAndGet(139)) - d0376a86-4cb7-4dfb-8000-fedb90cb29d8: start d0376a86-4cb7-4dfb-8000-fedb90cb29d8@group-F4F87F65ACB3-LeaderStateImpl
2022-09-28 15:55:04,705 [d0376a86-4cb7-4dfb-8000-fedb90cb29d8@group-F4F87F65ACB3-LeaderElection38] INFO  segmented.SegmentedRaftLogWorker (SegmentedRaftLogWorker.java:startLogSegment(425)) - d0376a86-4cb7-4dfb-8000-fedb90cb29d8@group-F4F87F65ACB3-SegmentedRaftLogWorker: Starting segment from index:0
2022-09-28 15:55:04,732 [d0376a86-4cb7-4dfb-8000-fedb90cb29d8@group-F4F87F65ACB3-LeaderElection38] INFO  server.RaftServer$Division (ServerState.java:setRaftConf(393)) - d0376a86-4cb7-4dfb-8000-fedb90cb29d8@group-F4F87F65ACB3: set configuration 0: [d0376a86-4cb7-4dfb-8000-fedb90cb29d8|rpc:10.1.1.55:42389|dataStream:|priority:1], old=null
]]></system-out>
  </testcase>
  <testcase name="testOzoneFsServiceLoader" classname="TestOzoneFileSystem" time="0.005"/>
  <testcase name="testTrash" classname="TestOzoneFileSystem" time="2.095">
    <failure type="java.lang.AssertionError"><![CDATA[java.lang.AssertionError: expected:<1> but was:<2>
	at org.junit.Assert.fail(Assert.java:89)
	at org.junit.Assert.failNotEquals(Assert.java:835)
	at org.junit.Assert.assertEquals(Assert.java:647)
	at org.junit.Assert.assertEquals(Assert.java:633)
	at org.apache.hadoop.fs.ozone.TestOzoneFileSystem.testTrash(TestOzoneFileSystem.java:1564)
	at sun.reflect.NativeMethodAccessorImpl.invoke0(Native Method)
	at sun.reflect.NativeMethodAccessorImpl.invoke(NativeMethodAccessorImpl.java:62)
	at sun.reflect.DelegatingMethodAccessorImpl.invoke(DelegatingMethodAccessorImpl.java:43)
	at java.lang.reflect.Method.invoke(Method.java:498)
	at org.junit.runners.model.FrameworkMethod$1.runReflectiveCall(FrameworkMethod.java:59)
	at org.junit.internal.runners.model.ReflectiveCallable.run(ReflectiveCallable.java:12)
	at org.junit.runners.model.FrameworkMethod.invokeExplosively(FrameworkMethod.java:56)
	at org.junit.internal.runners.statements.InvokeMethod.evaluate(InvokeMethod.java:17)
	at org.junit.internal.runners.statements.RunAfters.evaluate(RunAfters.java:27)
	at org.junit.internal.runners.statements.FailOnTimeout$CallableStatement.call(FailOnTimeout.java:288)
	at org.junit.internal.runners.statements.FailOnTimeout$CallableStatement.call(FailOnTimeout.java:282)
	at java.util.concurrent.FutureTask.run(FutureTask.java:266)
	at java.lang.Thread.run(Thread.java:750)
]]></failure>
    <system-out><![CDATA[15:52:00.004 [IPC Server handler 6 on default port 36317] ERROR OMAudit - user=runner | ip=127.0.0.1 | op=GET_FILE_STATUS {volume=volume24312, bucket=bucket55718, key=.Trash/runner/Current/testKey2, dataSize=0, replicationConfig=null} | ret=FAILURE
org.apache.hadoop.ozone.om.exceptions.OMException: Unable to get file status: volume: volume24312 bucket: bucket55718 key: .Trash/runner/Current/testKey2
	at org.apache.hadoop.ozone.om.KeyManagerImpl.getOzoneFileStatus(KeyManagerImpl.java:1324) ~[ozone-manager-1.3.0-SNAPSHOT.jar:?]
	at org.apache.hadoop.ozone.om.KeyManagerImpl.getFileStatus(KeyManagerImpl.java:1254) ~[ozone-manager-1.3.0-SNAPSHOT.jar:?]
	at org.apache.hadoop.ozone.om.OzoneManager.getFileStatus(OzoneManager.java:3506) ~[ozone-manager-1.3.0-SNAPSHOT.jar:?]
	at org.apache.hadoop.ozone.protocolPB.OzoneManagerRequestHandler.getOzoneFileStatus(OzoneManagerRequestHandler.java:882) ~[ozone-manager-1.3.0-SNAPSHOT.jar:?]
	at org.apache.hadoop.ozone.protocolPB.OzoneManagerRequestHandler.handleReadRequest(OzoneManagerRequestHandler.java:228) ~[ozone-manager-1.3.0-SNAPSHOT.jar:?]
	at org.apache.hadoop.ozone.protocolPB.OzoneManagerProtocolServerSideTranslatorPB.submitReadRequestToOM(OzoneManagerProtocolServerSideTranslatorPB.java:226) ~[ozone-manager-1.3.0-SNAPSHOT.jar:?]
	at org.apache.hadoop.ozone.protocolPB.OzoneManagerProtocolServerSideTranslatorPB.processRequest(OzoneManagerProtocolServerSideTranslatorPB.java:175) ~[ozone-manager-1.3.0-SNAPSHOT.jar:?]
	at org.apache.hadoop.hdds.server.OzoneProtocolMessageDispatcher.processRequest(OzoneProtocolMessageDispatcher.java:87) [hdds-server-framework-1.3.0-SNAPSHOT.jar:?]
	at org.apache.hadoop.ozone.protocolPB.OzoneManagerProtocolServerSideTranslatorPB.submitRequest(OzoneManagerProtocolServerSideTranslatorPB.java:147) [ozone-manager-1.3.0-SNAPSHOT.jar:?]
	at org.apache.hadoop.ozone.protocol.proto.OzoneManagerProtocolProtos$OzoneManagerService$2.callBlockingMethod(OzoneManagerProtocolProtos.java) [ozone-interface-client-1.3.0-SNAPSHOT.jar:?]
	at org.apache.hadoop.ipc.ProtobufRpcEngine$Server.processCall(ProtobufRpcEngine.java:466) [hadoop-common-3.3.1.jar:?]
	at org.apache.hadoop.ipc.ProtobufRpcEngine2$Server$ProtoBufRpcInvoker.call(ProtobufRpcEngine2.java:574) [hadoop-common-3.3.1.jar:?]
	at org.apache.hadoop.ipc.ProtobufRpcEngine2$Server$ProtoBufRpcInvoker.call(ProtobufRpcEngine2.java:552) [hadoop-common-3.3.1.jar:?]
	at org.apache.hadoop.ipc.RPC$Server.call(RPC.java:1093) [hadoop-common-3.3.1.jar:?]
	at org.apache.hadoop.ipc.Server$RpcCall.run(Server.java:1035) [hadoop-common-3.3.1.jar:?]
	at org.apache.hadoop.ipc.Server$RpcCall.run(Server.java:963) [hadoop-common-3.3.1.jar:?]
	at java.security.AccessController.doPrivileged(Native Method) ~[?:1.8.0_345]
	at javax.security.auth.Subject.doAs(Subject.java:422) [?:1.8.0_345]
	at org.apache.hadoop.security.UserGroupInformation.doAs(UserGroupInformation.java:1878) [hadoop-common-3.3.1.jar:?]
	at org.apache.hadoop.ipc.Server$Handler.run(Server.java:2966) [hadoop-common-3.3.1.jar:?]
2022-09-28 15:52:00,007 [Time-limited test] WARN  ozone.BasicOzoneFileSystem (BasicOzoneFileSystem.java:getFileStatus(765)) - GetFileStatus failed for path /.Trash/runner/Current/testKey2
java.io.FileNotFoundException: .Trash/runner/Current/testKey2: No such file or directory!
	at org.apache.hadoop.fs.ozone.BasicOzoneClientAdapterImpl.getFileStatus(BasicOzoneClientAdapterImpl.java:369)
	at org.apache.hadoop.fs.ozone.BasicOzoneFileSystem.getFileStatus(BasicOzoneFileSystem.java:757)
	at org.apache.hadoop.fs.FileSystem.exists(FileSystem.java:1760)
	at org.apache.hadoop.fs.ozone.BasicOzoneFileSystem.exists(BasicOzoneFileSystem.java:804)
	at org.apache.hadoop.fs.TrashPolicyDefault.moveToTrash(TrashPolicyDefault.java:181)
	at org.apache.hadoop.fs.Trash.moveToTrash(Trash.java:110)
	at org.apache.hadoop.fs.ozone.TestOzoneFileSystem.testTrash(TestOzoneFileSystem.java:1543)
	at sun.reflect.NativeMethodAccessorImpl.invoke0(Native Method)
	at sun.reflect.NativeMethodAccessorImpl.invoke(NativeMethodAccessorImpl.java:62)
	at sun.reflect.DelegatingMethodAccessorImpl.invoke(DelegatingMethodAccessorImpl.java:43)
	at java.lang.reflect.Method.invoke(Method.java:498)
	at org.junit.runners.model.FrameworkMethod$1.runReflectiveCall(FrameworkMethod.java:59)
	at org.junit.internal.runners.model.ReflectiveCallable.run(ReflectiveCallable.java:12)
	at org.junit.runners.model.FrameworkMethod.invokeExplosively(FrameworkMethod.java:56)
	at org.junit.internal.runners.statements.InvokeMethod.evaluate(InvokeMethod.java:17)
	at org.junit.internal.runners.statements.RunAfters.evaluate(RunAfters.java:27)
	at org.junit.internal.runners.statements.FailOnTimeout$CallableStatement.call(FailOnTimeout.java:288)
	at org.junit.internal.runners.statements.FailOnTimeout$CallableStatement.call(FailOnTimeout.java:282)
	at java.util.concurrent.FutureTask.run(FutureTask.java:266)
	at java.lang.Thread.run(Thread.java:750)
15:52:00.017 [IPC Server handler 7 on default port 36317] ERROR OMAudit - user=runner | ip=127.0.0.1 | op=GET_FILE_STATUS {volume=volume24312, bucket=bucket55718, key=.Trash/runner/Current/testKey2, dataSize=0, replicationConfig=null} | ret=FAILURE
org.apache.hadoop.ozone.om.exceptions.OMException: Unable to get file status: volume: volume24312 bucket: bucket55718 key: .Trash/runner/Current/testKey2
	at org.apache.hadoop.ozone.om.KeyManagerImpl.getOzoneFileStatus(KeyManagerImpl.java:1324) ~[ozone-manager-1.3.0-SNAPSHOT.jar:?]
	at org.apache.hadoop.ozone.om.KeyManagerImpl.getFileStatus(KeyManagerImpl.java:1254) ~[ozone-manager-1.3.0-SNAPSHOT.jar:?]
	at org.apache.hadoop.ozone.om.OzoneManager.getFileStatus(OzoneManager.java:3506) ~[ozone-manager-1.3.0-SNAPSHOT.jar:?]
	at org.apache.hadoop.ozone.protocolPB.OzoneManagerRequestHandler.getOzoneFileStatus(OzoneManagerRequestHandler.java:882) ~[ozone-manager-1.3.0-SNAPSHOT.jar:?]
	at org.apache.hadoop.ozone.protocolPB.OzoneManagerRequestHandler.handleReadRequest(OzoneManagerRequestHandler.java:228) ~[ozone-manager-1.3.0-SNAPSHOT.jar:?]
	at org.apache.hadoop.ozone.protocolPB.OzoneManagerProtocolServerSideTranslatorPB.submitReadRequestToOM(OzoneManagerProtocolServerSideTranslatorPB.java:226) ~[ozone-manager-1.3.0-SNAPSHOT.jar:?]
	at org.apache.hadoop.ozone.protocolPB.OzoneManagerProtocolServerSideTranslatorPB.processRequest(OzoneManagerProtocolServerSideTranslatorPB.java:175) ~[ozone-manager-1.3.0-SNAPSHOT.jar:?]
	at org.apache.hadoop.hdds.server.OzoneProtocolMessageDispatcher.processRequest(OzoneProtocolMessageDispatcher.java:87) [hdds-server-framework-1.3.0-SNAPSHOT.jar:?]
	at org.apache.hadoop.ozone.protocolPB.OzoneManagerProtocolServerSideTranslatorPB.submitRequest(OzoneManagerProtocolServerSideTranslatorPB.java:147) [ozone-manager-1.3.0-SNAPSHOT.jar:?]
	at org.apache.hadoop.ozone.protocol.proto.OzoneManagerProtocolProtos$OzoneManagerService$2.callBlockingMethod(OzoneManagerProtocolProtos.java) [ozone-interface-client-1.3.0-SNAPSHOT.jar:?]
	at org.apache.hadoop.ipc.ProtobufRpcEngine$Server.processCall(ProtobufRpcEngine.java:466) [hadoop-common-3.3.1.jar:?]
	at org.apache.hadoop.ipc.ProtobufRpcEngine2$Server$ProtoBufRpcInvoker.call(ProtobufRpcEngine2.java:574) [hadoop-common-3.3.1.jar:?]
	at org.apache.hadoop.ipc.ProtobufRpcEngine2$Server$ProtoBufRpcInvoker.call(ProtobufRpcEngine2.java:552) [hadoop-common-3.3.1.jar:?]
	at org.apache.hadoop.ipc.RPC$Server.call(RPC.java:1093) [hadoop-common-3.3.1.jar:?]
	at org.apache.hadoop.ipc.Server$RpcCall.run(Server.java:1035) [hadoop-common-3.3.1.jar:?]
	at org.apache.hadoop.ipc.Server$RpcCall.run(Server.java:963) [hadoop-common-3.3.1.jar:?]
	at java.security.AccessController.doPrivileged(Native Method) ~[?:1.8.0_345]
	at javax.security.auth.Subject.doAs(Subject.java:422) [?:1.8.0_345]
	at org.apache.hadoop.security.UserGroupInformation.doAs(UserGroupInformation.java:1878) [hadoop-common-3.3.1.jar:?]
	at org.apache.hadoop.ipc.Server$Handler.run(Server.java:2966) [hadoop-common-3.3.1.jar:?]
2022-09-28 15:52:00,018 [Time-limited test] WARN  ozone.BasicOzoneFileSystem (BasicOzoneFileSystem.java:getFileStatus(765)) - GetFileStatus failed for path /.Trash/runner/Current/testKey2
java.io.FileNotFoundException: .Trash/runner/Current/testKey2: No such file or directory!
	at org.apache.hadoop.fs.ozone.BasicOzoneClientAdapterImpl.getFileStatus(BasicOzoneClientAdapterImpl.java:369)
	at org.apache.hadoop.fs.ozone.BasicOzoneFileSystem.getFileStatus(BasicOzoneFileSystem.java:757)
	at org.apache.hadoop.fs.ozone.BasicOzoneFileSystem.rename(BasicOzoneFileSystem.java:357)
	at org.apache.hadoop.fs.ozone.BasicOzoneFileSystem.rename(BasicOzoneFileSystem.java:454)
	at org.apache.hadoop.fs.TrashPolicyDefault.moveToTrash(TrashPolicyDefault.java:186)
	at org.apache.hadoop.fs.Trash.moveToTrash(Trash.java:110)
	at org.apache.hadoop.fs.ozone.TestOzoneFileSystem.testTrash(TestOzoneFileSystem.java:1543)
	at sun.reflect.NativeMethodAccessorImpl.invoke0(Native Method)
	at sun.reflect.NativeMethodAccessorImpl.invoke(NativeMethodAccessorImpl.java:62)
	at sun.reflect.DelegatingMethodAccessorImpl.invoke(DelegatingMethodAccessorImpl.java:43)
	at java.lang.reflect.Method.invoke(Method.java:498)
	at org.junit.runners.model.FrameworkMethod$1.runReflectiveCall(FrameworkMethod.java:59)
	at org.junit.internal.runners.model.ReflectiveCallable.run(ReflectiveCallable.java:12)
	at org.junit.runners.model.FrameworkMethod.invokeExplosively(FrameworkMethod.java:56)
	at org.junit.internal.runners.statements.InvokeMethod.evaluate(InvokeMethod.java:17)
	at org.junit.internal.runners.statements.RunAfters.evaluate(RunAfters.java:27)
	at org.junit.internal.runners.statements.FailOnTimeout$CallableStatement.call(FailOnTimeout.java:288)
	at org.junit.internal.runners.statements.FailOnTimeout$CallableStatement.call(FailOnTimeout.java:282)
	at java.util.concurrent.FutureTask.run(FutureTask.java:266)
	at java.lang.Thread.run(Thread.java:750)
15:52:00.019 [IPC Server handler 1 on default port 36317] ERROR OMAudit - user=runner | ip=127.0.0.1 | op=GET_FILE_STATUS {volume=volume24312, bucket=bucket55718, key=.Trash/runner/Current, dataSize=0, replicationConfig=null} | ret=FAILURE
org.apache.hadoop.ozone.om.exceptions.OMException: Unable to get file status: volume: volume24312 bucket: bucket55718 key: .Trash/runner/Current
	at org.apache.hadoop.ozone.om.KeyManagerImpl.getOzoneFileStatus(KeyManagerImpl.java:1324) ~[ozone-manager-1.3.0-SNAPSHOT.jar:?]
	at org.apache.hadoop.ozone.om.KeyManagerImpl.getFileStatus(KeyManagerImpl.java:1254) ~[ozone-manager-1.3.0-SNAPSHOT.jar:?]
	at org.apache.hadoop.ozone.om.OzoneManager.getFileStatus(OzoneManager.java:3506) ~[ozone-manager-1.3.0-SNAPSHOT.jar:?]
	at org.apache.hadoop.ozone.protocolPB.OzoneManagerRequestHandler.getOzoneFileStatus(OzoneManagerRequestHandler.java:882) ~[ozone-manager-1.3.0-SNAPSHOT.jar:?]
	at org.apache.hadoop.ozone.protocolPB.OzoneManagerRequestHandler.handleReadRequest(OzoneManagerRequestHandler.java:228) ~[ozone-manager-1.3.0-SNAPSHOT.jar:?]
	at org.apache.hadoop.ozone.protocolPB.OzoneManagerProtocolServerSideTranslatorPB.submitReadRequestToOM(OzoneManagerProtocolServerSideTranslatorPB.java:226) ~[ozone-manager-1.3.0-SNAPSHOT.jar:?]
	at org.apache.hadoop.ozone.protocolPB.OzoneManagerProtocolServerSideTranslatorPB.processRequest(OzoneManagerProtocolServerSideTranslatorPB.java:175) ~[ozone-manager-1.3.0-SNAPSHOT.jar:?]
	at org.apache.hadoop.hdds.server.OzoneProtocolMessageDispatcher.processRequest(OzoneProtocolMessageDispatcher.java:87) [hdds-server-framework-1.3.0-SNAPSHOT.jar:?]
	at org.apache.hadoop.ozone.protocolPB.OzoneManagerProtocolServerSideTranslatorPB.submitRequest(OzoneManagerProtocolServerSideTranslatorPB.java:147) [ozone-manager-1.3.0-SNAPSHOT.jar:?]
	at org.apache.hadoop.ozone.protocol.proto.OzoneManagerProtocolProtos$OzoneManagerService$2.callBlockingMethod(OzoneManagerProtocolProtos.java) [ozone-interface-client-1.3.0-SNAPSHOT.jar:?]
	at org.apache.hadoop.ipc.ProtobufRpcEngine$Server.processCall(ProtobufRpcEngine.java:466) [hadoop-common-3.3.1.jar:?]
	at org.apache.hadoop.ipc.ProtobufRpcEngine2$Server$ProtoBufRpcInvoker.call(ProtobufRpcEngine2.java:574) [hadoop-common-3.3.1.jar:?]
	at org.apache.hadoop.ipc.ProtobufRpcEngine2$Server$ProtoBufRpcInvoker.call(ProtobufRpcEngine2.java:552) [hadoop-common-3.3.1.jar:?]
	at org.apache.hadoop.ipc.RPC$Server.call(RPC.java:1093) [hadoop-common-3.3.1.jar:?]
	at org.apache.hadoop.ipc.Server$RpcCall.run(Server.java:1035) [hadoop-common-3.3.1.jar:?]
	at org.apache.hadoop.ipc.Server$RpcCall.run(Server.java:963) [hadoop-common-3.3.1.jar:?]
	at java.security.AccessController.doPrivileged(Native Method) ~[?:1.8.0_345]
	at javax.security.auth.Subject.doAs(Subject.java:422) [?:1.8.0_345]
	at org.apache.hadoop.security.UserGroupInformation.doAs(UserGroupInformation.java:1878) [hadoop-common-3.3.1.jar:?]
	at org.apache.hadoop.ipc.Server$Handler.run(Server.java:2966) [hadoop-common-3.3.1.jar:?]
2022-09-28 15:52:00,023 [Time-limited test] WARN  ozone.BasicOzoneFileSystem (BasicOzoneFileSystem.java:getFileStatus(765)) - GetFileStatus failed for path /.Trash/runner/Current
java.io.FileNotFoundException: .Trash/runner/Current: No such file or directory!
	at org.apache.hadoop.fs.ozone.BasicOzoneClientAdapterImpl.getFileStatus(BasicOzoneClientAdapterImpl.java:369)
	at org.apache.hadoop.fs.ozone.BasicOzoneFileSystem.getFileStatus(BasicOzoneFileSystem.java:757)
	at org.apache.hadoop.fs.ozone.BasicOzoneFileSystem.rename(BasicOzoneFileSystem.java:365)
	at org.apache.hadoop.fs.ozone.BasicOzoneFileSystem.rename(BasicOzoneFileSystem.java:454)
	at org.apache.hadoop.fs.TrashPolicyDefault.moveToTrash(TrashPolicyDefault.java:186)
	at org.apache.hadoop.fs.Trash.moveToTrash(Trash.java:110)
	at org.apache.hadoop.fs.ozone.TestOzoneFileSystem.testTrash(TestOzoneFileSystem.java:1543)
	at sun.reflect.NativeMethodAccessorImpl.invoke0(Native Method)
	at sun.reflect.NativeMethodAccessorImpl.invoke(NativeMethodAccessorImpl.java:62)
	at sun.reflect.DelegatingMethodAccessorImpl.invoke(DelegatingMethodAccessorImpl.java:43)
	at java.lang.reflect.Method.invoke(Method.java:498)
	at org.junit.runners.model.FrameworkMethod$1.runReflectiveCall(FrameworkMethod.java:59)
	at org.junit.internal.runners.model.ReflectiveCallable.run(ReflectiveCallable.java:12)
	at org.junit.runners.model.FrameworkMethod.invokeExplosively(FrameworkMethod.java:56)
	at org.junit.internal.runners.statements.InvokeMethod.evaluate(InvokeMethod.java:17)
	at org.junit.internal.runners.statements.RunAfters.evaluate(RunAfters.java:27)
	at org.junit.internal.runners.statements.FailOnTimeout$CallableStatement.call(FailOnTimeout.java:288)
	at org.junit.internal.runners.statements.FailOnTimeout$CallableStatement.call(FailOnTimeout.java:282)
	at java.util.concurrent.FutureTask.run(FutureTask.java:266)
	at java.lang.Thread.run(Thread.java:750)
15:52:00.028 [IPC Server handler 0 on default port 36317] ERROR OMAudit - user=runner | ip=127.0.0.1 | op=GET_FILE_STATUS {volume=volume24312, bucket=bucket55718, key=.Trash/runner/Current/testKey2, dataSize=0, replicationConfig=null} | ret=FAILURE
org.apache.hadoop.ozone.om.exceptions.OMException: Unable to get file status: volume: volume24312 bucket: bucket55718 key: .Trash/runner/Current/testKey2
	at org.apache.hadoop.ozone.om.KeyManagerImpl.getOzoneFileStatus(KeyManagerImpl.java:1324) ~[ozone-manager-1.3.0-SNAPSHOT.jar:?]
	at org.apache.hadoop.ozone.om.KeyManagerImpl.getFileStatus(KeyManagerImpl.java:1254) ~[ozone-manager-1.3.0-SNAPSHOT.jar:?]
	at org.apache.hadoop.ozone.om.OzoneManager.getFileStatus(OzoneManager.java:3506) ~[ozone-manager-1.3.0-SNAPSHOT.jar:?]
	at org.apache.hadoop.ozone.protocolPB.OzoneManagerRequestHandler.getOzoneFileStatus(OzoneManagerRequestHandler.java:882) ~[ozone-manager-1.3.0-SNAPSHOT.jar:?]
	at org.apache.hadoop.ozone.protocolPB.OzoneManagerRequestHandler.handleReadRequest(OzoneManagerRequestHandler.java:228) ~[ozone-manager-1.3.0-SNAPSHOT.jar:?]
	at org.apache.hadoop.ozone.protocolPB.OzoneManagerProtocolServerSideTranslatorPB.submitReadRequestToOM(OzoneManagerProtocolServerSideTranslatorPB.java:226) ~[ozone-manager-1.3.0-SNAPSHOT.jar:?]
	at org.apache.hadoop.ozone.protocolPB.OzoneManagerProtocolServerSideTranslatorPB.processRequest(OzoneManagerProtocolServerSideTranslatorPB.java:175) ~[ozone-manager-1.3.0-SNAPSHOT.jar:?]
	at org.apache.hadoop.hdds.server.OzoneProtocolMessageDispatcher.processRequest(OzoneProtocolMessageDispatcher.java:87) [hdds-server-framework-1.3.0-SNAPSHOT.jar:?]
	at org.apache.hadoop.ozone.protocolPB.OzoneManagerProtocolServerSideTranslatorPB.submitRequest(OzoneManagerProtocolServerSideTranslatorPB.java:147) [ozone-manager-1.3.0-SNAPSHOT.jar:?]
	at org.apache.hadoop.ozone.protocol.proto.OzoneManagerProtocolProtos$OzoneManagerService$2.callBlockingMethod(OzoneManagerProtocolProtos.java) [ozone-interface-client-1.3.0-SNAPSHOT.jar:?]
	at org.apache.hadoop.ipc.ProtobufRpcEngine$Server.processCall(ProtobufRpcEngine.java:466) [hadoop-common-3.3.1.jar:?]
	at org.apache.hadoop.ipc.ProtobufRpcEngine2$Server$ProtoBufRpcInvoker.call(ProtobufRpcEngine2.java:574) [hadoop-common-3.3.1.jar:?]
	at org.apache.hadoop.ipc.ProtobufRpcEngine2$Server$ProtoBufRpcInvoker.call(ProtobufRpcEngine2.java:552) [hadoop-common-3.3.1.jar:?]
	at org.apache.hadoop.ipc.RPC$Server.call(RPC.java:1093) [hadoop-common-3.3.1.jar:?]
	at org.apache.hadoop.ipc.Server$RpcCall.run(Server.java:1035) [hadoop-common-3.3.1.jar:?]
	at org.apache.hadoop.ipc.Server$RpcCall.run(Server.java:963) [hadoop-common-3.3.1.jar:?]
	at java.security.AccessController.doPrivileged(Native Method) ~[?:1.8.0_345]
	at javax.security.auth.Subject.doAs(Subject.java:422) [?:1.8.0_345]
	at org.apache.hadoop.security.UserGroupInformation.doAs(UserGroupInformation.java:1878) [hadoop-common-3.3.1.jar:?]
	at org.apache.hadoop.ipc.Server$Handler.run(Server.java:2966) [hadoop-common-3.3.1.jar:?]
2022-09-28 15:52:00,029 [Time-limited test] WARN  ozone.BasicOzoneFileSystem (BasicOzoneFileSystem.java:getFileStatus(765)) - GetFileStatus failed for path /.Trash/runner/Current/testKey2
java.io.FileNotFoundException: .Trash/runner/Current/testKey2: No such file or directory!
	at org.apache.hadoop.fs.ozone.BasicOzoneClientAdapterImpl.getFileStatus(BasicOzoneClientAdapterImpl.java:369)
	at org.apache.hadoop.fs.ozone.BasicOzoneFileSystem.getFileStatus(BasicOzoneFileSystem.java:757)
	at org.apache.hadoop.fs.FileSystem.exists(FileSystem.java:1760)
	at org.apache.hadoop.fs.ozone.BasicOzoneFileSystem.exists(BasicOzoneFileSystem.java:804)
	at org.apache.hadoop.fs.TrashPolicyDefault.moveToTrash(TrashPolicyDefault.java:181)
	at org.apache.hadoop.fs.Trash.moveToTrash(Trash.java:110)
	at org.apache.hadoop.fs.ozone.TestOzoneFileSystem.testTrash(TestOzoneFileSystem.java:1543)
	at sun.reflect.NativeMethodAccessorImpl.invoke0(Native Method)
	at sun.reflect.NativeMethodAccessorImpl.invoke(NativeMethodAccessorImpl.java:62)
	at sun.reflect.DelegatingMethodAccessorImpl.invoke(DelegatingMethodAccessorImpl.java:43)
	at java.lang.reflect.Method.invoke(Method.java:498)
	at org.junit.runners.model.FrameworkMethod$1.runReflectiveCall(FrameworkMethod.java:59)
	at org.junit.internal.runners.model.ReflectiveCallable.run(ReflectiveCallable.java:12)
	at org.junit.runners.model.FrameworkMethod.invokeExplosively(FrameworkMethod.java:56)
	at org.junit.internal.runners.statements.InvokeMethod.evaluate(InvokeMethod.java:17)
	at org.junit.internal.runners.statements.RunAfters.evaluate(RunAfters.java:27)
	at org.junit.internal.runners.statements.FailOnTimeout$CallableStatement.call(FailOnTimeout.java:288)
	at org.junit.internal.runners.statements.FailOnTimeout$CallableStatement.call(FailOnTimeout.java:282)
	at java.util.concurrent.FutureTask.run(FutureTask.java:266)
	at java.lang.Thread.run(Thread.java:750)
15:52:00.031 [IPC Server handler 3 on default port 36317] ERROR OMAudit - user=runner | ip=127.0.0.1 | op=GET_FILE_STATUS {volume=volume24312, bucket=bucket55718, key=.Trash/runner/Current/testKey2, dataSize=0, replicationConfig=null} | ret=FAILURE
org.apache.hadoop.ozone.om.exceptions.OMException: Unable to get file status: volume: volume24312 bucket: bucket55718 key: .Trash/runner/Current/testKey2
	at org.apache.hadoop.ozone.om.KeyManagerImpl.getOzoneFileStatus(KeyManagerImpl.java:1324) ~[ozone-manager-1.3.0-SNAPSHOT.jar:?]
	at org.apache.hadoop.ozone.om.KeyManagerImpl.getFileStatus(KeyManagerImpl.java:1254) ~[ozone-manager-1.3.0-SNAPSHOT.jar:?]
	at org.apache.hadoop.ozone.om.OzoneManager.getFileStatus(OzoneManager.java:3506) ~[ozone-manager-1.3.0-SNAPSHOT.jar:?]
	at org.apache.hadoop.ozone.protocolPB.OzoneManagerRequestHandler.getOzoneFileStatus(OzoneManagerRequestHandler.java:882) ~[ozone-manager-1.3.0-SNAPSHOT.jar:?]
	at org.apache.hadoop.ozone.protocolPB.OzoneManagerRequestHandler.handleReadRequest(OzoneManagerRequestHandler.java:228) ~[ozone-manager-1.3.0-SNAPSHOT.jar:?]
	at org.apache.hadoop.ozone.protocolPB.OzoneManagerProtocolServerSideTranslatorPB.submitReadRequestToOM(OzoneManagerProtocolServerSideTranslatorPB.java:226) ~[ozone-manager-1.3.0-SNAPSHOT.jar:?]
	at org.apache.hadoop.ozone.protocolPB.OzoneManagerProtocolServerSideTranslatorPB.processRequest(OzoneManagerProtocolServerSideTranslatorPB.java:175) ~[ozone-manager-1.3.0-SNAPSHOT.jar:?]
	at org.apache.hadoop.hdds.server.OzoneProtocolMessageDispatcher.processRequest(OzoneProtocolMessageDispatcher.java:87) [hdds-server-framework-1.3.0-SNAPSHOT.jar:?]
	at org.apache.hadoop.ozone.protocolPB.OzoneManagerProtocolServerSideTranslatorPB.submitRequest(OzoneManagerProtocolServerSideTranslatorPB.java:147) [ozone-manager-1.3.0-SNAPSHOT.jar:?]
	at org.apache.hadoop.ozone.protocol.proto.OzoneManagerProtocolProtos$OzoneManagerService$2.callBlockingMethod(OzoneManagerProtocolProtos.java) [ozone-interface-client-1.3.0-SNAPSHOT.jar:?]
	at org.apache.hadoop.ipc.ProtobufRpcEngine$Server.processCall(ProtobufRpcEngine.java:466) [hadoop-common-3.3.1.jar:?]
	at org.apache.hadoop.ipc.ProtobufRpcEngine2$Server$ProtoBufRpcInvoker.call(ProtobufRpcEngine2.java:574) [hadoop-common-3.3.1.jar:?]
	at org.apache.hadoop.ipc.ProtobufRpcEngine2$Server$ProtoBufRpcInvoker.call(ProtobufRpcEngine2.java:552) [hadoop-common-3.3.1.jar:?]
	at org.apache.hadoop.ipc.RPC$Server.call(RPC.java:1093) [hadoop-common-3.3.1.jar:?]
	at org.apache.hadoop.ipc.Server$RpcCall.run(Server.java:1035) [hadoop-common-3.3.1.jar:?]
	at org.apache.hadoop.ipc.Server$RpcCall.run(Server.java:963) [hadoop-common-3.3.1.jar:?]
	at java.security.AccessController.doPrivileged(Native Method) ~[?:1.8.0_345]
	at javax.security.auth.Subject.doAs(Subject.java:422) [?:1.8.0_345]
	at org.apache.hadoop.security.UserGroupInformation.doAs(UserGroupInformation.java:1878) [hadoop-common-3.3.1.jar:?]
	at org.apache.hadoop.ipc.Server$Handler.run(Server.java:2966) [hadoop-common-3.3.1.jar:?]
2022-09-28 15:52:00,032 [Time-limited test] WARN  ozone.BasicOzoneFileSystem (BasicOzoneFileSystem.java:getFileStatus(765)) - GetFileStatus failed for path /.Trash/runner/Current/testKey2
java.io.FileNotFoundException: .Trash/runner/Current/testKey2: No such file or directory!
	at org.apache.hadoop.fs.ozone.BasicOzoneClientAdapterImpl.getFileStatus(BasicOzoneClientAdapterImpl.java:369)
	at org.apache.hadoop.fs.ozone.BasicOzoneFileSystem.getFileStatus(BasicOzoneFileSystem.java:757)
	at org.apache.hadoop.fs.ozone.BasicOzoneFileSystem.rename(BasicOzoneFileSystem.java:357)
	at org.apache.hadoop.fs.ozone.BasicOzoneFileSystem.rename(BasicOzoneFileSystem.java:454)
	at org.apache.hadoop.fs.TrashPolicyDefault.moveToTrash(TrashPolicyDefault.java:186)
	at org.apache.hadoop.fs.Trash.moveToTrash(Trash.java:110)
	at org.apache.hadoop.fs.ozone.TestOzoneFileSystem.testTrash(TestOzoneFileSystem.java:1543)
	at sun.reflect.NativeMethodAccessorImpl.invoke0(Native Method)
	at sun.reflect.NativeMethodAccessorImpl.invoke(NativeMethodAccessorImpl.java:62)
	at sun.reflect.DelegatingMethodAccessorImpl.invoke(DelegatingMethodAccessorImpl.java:43)
	at java.lang.reflect.Method.invoke(Method.java:498)
	at org.junit.runners.model.FrameworkMethod$1.runReflectiveCall(FrameworkMethod.java:59)
	at org.junit.internal.runners.model.ReflectiveCallable.run(ReflectiveCallable.java:12)
	at org.junit.runners.model.FrameworkMethod.invokeExplosively(FrameworkMethod.java:56)
	at org.junit.internal.runners.statements.InvokeMethod.evaluate(InvokeMethod.java:17)
	at org.junit.internal.runners.statements.RunAfters.evaluate(RunAfters.java:27)
	at org.junit.internal.runners.statements.FailOnTimeout$CallableStatement.call(FailOnTimeout.java:288)
	at org.junit.internal.runners.statements.FailOnTimeout$CallableStatement.call(FailOnTimeout.java:282)
	at java.util.concurrent.FutureTask.run(FutureTask.java:266)
	at java.lang.Thread.run(Thread.java:750)
2022-09-28 15:52:00,044 [Time-limited test] INFO  fs.TrashPolicyDefault (TrashPolicyDefault.java:moveToTrash(188)) - Moved: '/testKey2' to trash at: /.Trash/runner/Current/testKey2
2022-09-28 15:52:01,236 [a57096d8-e38a-49fa-bac6-11df32f34a10@group-4C0325BD5F48-FollowerState] INFO  impl.FollowerState (FollowerState.java:run(143)) - a57096d8-e38a-49fa-bac6-11df32f34a10@group-4C0325BD5F48-FollowerState: change to CANDIDATE, lastRpcElapsedTime:5002178255ns, electionTimeout:5000ms
2022-09-28 15:52:01,236 [a57096d8-e38a-49fa-bac6-11df32f34a10@group-4C0325BD5F48-FollowerState] INFO  impl.RoleInfo (RoleInfo.java:shutdownFollowerState(110)) - a57096d8-e38a-49fa-bac6-11df32f34a10: shutdown a57096d8-e38a-49fa-bac6-11df32f34a10@group-4C0325BD5F48-FollowerState
2022-09-28 15:52:01,236 [a57096d8-e38a-49fa-bac6-11df32f34a10@group-4C0325BD5F48-FollowerState] INFO  server.RaftServer$Division (RaftServerImpl.java:setRole(299)) - a57096d8-e38a-49fa-bac6-11df32f34a10@group-4C0325BD5F48: changes role from  FOLLOWER to CANDIDATE at term 1 for changeToCandidate
2022-09-28 15:52:01,236 [a57096d8-e38a-49fa-bac6-11df32f34a10@group-4C0325BD5F48-FollowerState] INFO  server.RaftServerConfigKeys (ConfUtils.java:logGet(46)) - raft.server.leaderelection.pre-vote = false (custom)
2022-09-28 15:52:01,236 [a57096d8-e38a-49fa-bac6-11df32f34a10@group-4C0325BD5F48-FollowerState] INFO  impl.RoleInfo (RoleInfo.java:updateAndGet(139)) - a57096d8-e38a-49fa-bac6-11df32f34a10: start a57096d8-e38a-49fa-bac6-11df32f34a10@group-4C0325BD5F48-LeaderElection9
2022-09-28 15:52:01,239 [a57096d8-e38a-49fa-bac6-11df32f34a10@group-4C0325BD5F48-LeaderElection9] INFO  impl.LeaderElection (LeaderElection.java:askForVotes(310)) - a57096d8-e38a-49fa-bac6-11df32f34a10@group-4C0325BD5F48-LeaderElection9 ELECTION round 0: submit vote requests at term 2 for -1: [f339b530-8901-434d-bf68-81dd9354474d|rpc:10.1.1.55:43271|priority:0, a57096d8-e38a-49fa-bac6-11df32f34a10|rpc:10.1.1.55:35365|priority:1, 8d8147bd-34a3-4093-acb2-725bd7232b45|rpc:10.1.1.55:42719|priority:0], old=null
2022-09-28 15:52:01,248 [grpc-default-executor-1] INFO  server.RaftServer$Division (RaftServerImpl.java:requestVote(1152)) - f339b530-8901-434d-bf68-81dd9354474d@group-4C0325BD5F48: receive requestVote(ELECTION, a57096d8-e38a-49fa-bac6-11df32f34a10, group-4C0325BD5F48, 2, (t:0, i:0))
2022-09-28 15:52:01,255 [grpc-default-executor-1] INFO  impl.VoteContext (VoteContext.java:log(48)) - f339b530-8901-434d-bf68-81dd9354474d@group-4C0325BD5F48-FOLLOWER: accept ELECTION from a57096d8-e38a-49fa-bac6-11df32f34a10: our priority 0 <= candidate's priority 1
2022-09-28 15:52:01,255 [grpc-default-executor-1] INFO  server.RaftServer$Division (RaftServerImpl.java:setRole(299)) - f339b530-8901-434d-bf68-81dd9354474d@group-4C0325BD5F48: changes role from  FOLLOWER to FOLLOWER at term 2 for candidate:a57096d8-e38a-49fa-bac6-11df32f34a10
2022-09-28 15:52:01,255 [grpc-default-executor-1] INFO  impl.RoleInfo (RoleInfo.java:shutdownFollowerState(110)) - f339b530-8901-434d-bf68-81dd9354474d: shutdown f339b530-8901-434d-bf68-81dd9354474d@group-4C0325BD5F48-FollowerState
2022-09-28 15:52:01,255 [grpc-default-executor-1] INFO  impl.RoleInfo (RoleInfo.java:updateAndGet(139)) - f339b530-8901-434d-bf68-81dd9354474d: start f339b530-8901-434d-bf68-81dd9354474d@group-4C0325BD5F48-FollowerState
2022-09-28 15:52:01,255 [f339b530-8901-434d-bf68-81dd9354474d@group-4C0325BD5F48-FollowerState] INFO  impl.FollowerState (FollowerState.java:run(152)) - f339b530-8901-434d-bf68-81dd9354474d@group-4C0325BD5F48-FollowerState was interrupted
2022-09-28 15:52:01,260 [grpc-default-executor-1] INFO  server.RaftServer$Division (RaftServerImpl.java:requestVote(1184)) - f339b530-8901-434d-bf68-81dd9354474d@group-4C0325BD5F48 replies to ELECTION vote request: a57096d8-e38a-49fa-bac6-11df32f34a10<-f339b530-8901-434d-bf68-81dd9354474d#0:OK-t2. Peer's state: f339b530-8901-434d-bf68-81dd9354474d@group-4C0325BD5F48:t2, leader=null, voted=a57096d8-e38a-49fa-bac6-11df32f34a10, raftlog=f339b530-8901-434d-bf68-81dd9354474d@group-4C0325BD5F48-SegmentedRaftLog:OPENED:c-1, conf=-1: [f339b530-8901-434d-bf68-81dd9354474d|rpc:10.1.1.55:43271|dataStream:|priority:0, a57096d8-e38a-49fa-bac6-11df32f34a10|rpc:10.1.1.55:35365|dataStream:|priority:1, 8d8147bd-34a3-4093-acb2-725bd7232b45|rpc:10.1.1.55:42719|dataStream:|priority:0], old=null
2022-09-28 15:52:01,266 [grpc-default-executor-1] INFO  server.RaftServer$Division (RaftServerImpl.java:requestVote(1152)) - 8d8147bd-34a3-4093-acb2-725bd7232b45@group-4C0325BD5F48: receive requestVote(ELECTION, a57096d8-e38a-49fa-bac6-11df32f34a10, group-4C0325BD5F48, 2, (t:0, i:0))
2022-09-28 15:52:01,266 [grpc-default-executor-1] INFO  impl.VoteContext (VoteContext.java:log(48)) - 8d8147bd-34a3-4093-acb2-725bd7232b45@group-4C0325BD5F48-FOLLOWER: accept ELECTION from a57096d8-e38a-49fa-bac6-11df32f34a10: our priority 0 <= candidate's priority 1
2022-09-28 15:52:01,266 [grpc-default-executor-1] INFO  server.RaftServer$Division (RaftServerImpl.java:setRole(299)) - 8d8147bd-34a3-4093-acb2-725bd7232b45@group-4C0325BD5F48: changes role from  FOLLOWER to FOLLOWER at term 2 for candidate:a57096d8-e38a-49fa-bac6-11df32f34a10
2022-09-28 15:52:01,266 [grpc-default-executor-1] INFO  impl.RoleInfo (RoleInfo.java:shutdownFollowerState(110)) - 8d8147bd-34a3-4093-acb2-725bd7232b45: shutdown 8d8147bd-34a3-4093-acb2-725bd7232b45@group-4C0325BD5F48-FollowerState
2022-09-28 15:52:01,266 [grpc-default-executor-1] INFO  impl.RoleInfo (RoleInfo.java:updateAndGet(139)) - 8d8147bd-34a3-4093-acb2-725bd7232b45: start 8d8147bd-34a3-4093-acb2-725bd7232b45@group-4C0325BD5F48-FollowerState
2022-09-28 15:52:01,266 [a57096d8-e38a-49fa-bac6-11df32f34a10@group-4C0325BD5F48-LeaderElection9] INFO  impl.LeaderElection (LeaderElection.java:logAndReturn(90)) - a57096d8-e38a-49fa-bac6-11df32f34a10@group-4C0325BD5F48-LeaderElection9: ELECTION PASSED received 1 response(s) and 0 exception(s):
2022-09-28 15:52:01,268 [a57096d8-e38a-49fa-bac6-11df32f34a10@group-4C0325BD5F48-LeaderElection9] INFO  impl.LeaderElection (LeaderElection.java:logAndReturn(94)) -   Response 0: a57096d8-e38a-49fa-bac6-11df32f34a10<-f339b530-8901-434d-bf68-81dd9354474d#0:OK-t2
2022-09-28 15:52:01,268 [a57096d8-e38a-49fa-bac6-11df32f34a10@group-4C0325BD5F48-LeaderElection9] INFO  impl.LeaderElection (LeaderElection.java:askForVotes(312)) - a57096d8-e38a-49fa-bac6-11df32f34a10@group-4C0325BD5F48-LeaderElection9 ELECTION round 0: result PASSED
2022-09-28 15:52:01,268 [grpc-default-executor-1] INFO  server.RaftServer$Division (RaftServerImpl.java:requestVote(1184)) - 8d8147bd-34a3-4093-acb2-725bd7232b45@group-4C0325BD5F48 replies to ELECTION vote request: a57096d8-e38a-49fa-bac6-11df32f34a10<-8d8147bd-34a3-4093-acb2-725bd7232b45#0:OK-t2. Peer's state: 8d8147bd-34a3-4093-acb2-725bd7232b45@group-4C0325BD5F48:t2, leader=null, voted=a57096d8-e38a-49fa-bac6-11df32f34a10, raftlog=8d8147bd-34a3-4093-acb2-725bd7232b45@group-4C0325BD5F48-SegmentedRaftLog:OPENED:c-1, conf=-1: [f339b530-8901-434d-bf68-81dd9354474d|rpc:10.1.1.55:43271|priority:0, a57096d8-e38a-49fa-bac6-11df32f34a10|rpc:10.1.1.55:35365|priority:1, 8d8147bd-34a3-4093-acb2-725bd7232b45|rpc:10.1.1.55:42719|priority:0], old=null
2022-09-28 15:52:01,266 [8d8147bd-34a3-4093-acb2-725bd7232b45@group-4C0325BD5F48-FollowerState] INFO  impl.FollowerState (FollowerState.java:run(152)) - 8d8147bd-34a3-4093-acb2-725bd7232b45@group-4C0325BD5F48-FollowerState was interrupted
2022-09-28 15:52:01,268 [a57096d8-e38a-49fa-bac6-11df32f34a10@group-4C0325BD5F48-LeaderElection9] INFO  impl.RoleInfo (RoleInfo.java:shutdownLeaderElection(130)) - a57096d8-e38a-49fa-bac6-11df32f34a10: shutdown a57096d8-e38a-49fa-bac6-11df32f34a10@group-4C0325BD5F48-LeaderElection9
2022-09-28 15:52:01,271 [a57096d8-e38a-49fa-bac6-11df32f34a10@group-4C0325BD5F48-LeaderElection9] INFO  server.RaftServer$Division (RaftServerImpl.java:setRole(299)) - a57096d8-e38a-49fa-bac6-11df32f34a10@group-4C0325BD5F48: changes role from CANDIDATE to LEADER at term 2 for changeToLeader
2022-09-28 15:52:01,271 [a57096d8-e38a-49fa-bac6-11df32f34a10@group-4C0325BD5F48-LeaderElection9] INFO  ratis.XceiverServerRatis (XceiverServerRatis.java:handleLeaderChangedNotification(863)) - Leader change notification received for group: group-4C0325BD5F48 with new leaderId: a57096d8-e38a-49fa-bac6-11df32f34a10
2022-09-28 15:52:01,271 [a57096d8-e38a-49fa-bac6-11df32f34a10@group-4C0325BD5F48-LeaderElection9] INFO  server.RaftServer$Division (ServerState.java:setLeader(287)) - a57096d8-e38a-49fa-bac6-11df32f34a10@group-4C0325BD5F48: change Leader from null to a57096d8-e38a-49fa-bac6-11df32f34a10 at term 2 for becomeLeader, leader elected after 9746ms
2022-09-28 15:52:01,271 [a57096d8-e38a-49fa-bac6-11df32f34a10@group-4C0325BD5F48-LeaderElection9] INFO  server.RaftServerConfigKeys (ConfUtils.java:logGet(46)) - raft.server.staging.catchup.gap = 1000 (default)
2022-09-28 15:52:01,272 [a57096d8-e38a-49fa-bac6-11df32f34a10@group-4C0325BD5F48-LeaderElection9] INFO  server.RaftServerConfigKeys (ConfUtils.java:logGet(46)) - raft.server.write.element-limit = 1024 (custom)
2022-09-28 15:52:01,272 [a57096d8-e38a-49fa-bac6-11df32f34a10@group-4C0325BD5F48-LeaderElection9] INFO  server.RaftServerConfigKeys (ConfUtils.java:logGet(46)) - raft.server.write.byte-limit = 1024 M (=1073741824) (custom)
2022-09-28 15:52:01,272 [a57096d8-e38a-49fa-bac6-11df32f34a10@group-4C0325BD5F48-LeaderElection9] INFO  server.RaftServerConfigKeys (ConfUtils.java:logGet(46)) - raft.server.watch.timeout = 180s (custom)
2022-09-28 15:52:01,272 [a57096d8-e38a-49fa-bac6-11df32f34a10@group-4C0325BD5F48-LeaderElection9] INFO  server.RaftServerConfigKeys (ConfUtils.java:logGet(46)) - raft.server.watch.timeout.denomination = 1s (default)
2022-09-28 15:52:01,272 [a57096d8-e38a-49fa-bac6-11df32f34a10@group-4C0325BD5F48-LeaderElection9] INFO  server.RaftServerConfigKeys (ConfUtils.java:logGet(46)) - raft.server.watch.element-limit = 65536 (default)
2022-09-28 15:52:01,272 [a57096d8-e38a-49fa-bac6-11df32f34a10@group-4C0325BD5F48-LeaderElection9] INFO  server.RaftServerConfigKeys (ConfUtils.java:logGet(46)) - raft.server.write.element-limit = 1024 (custom)
2022-09-28 15:52:01,272 [a57096d8-e38a-49fa-bac6-11df32f34a10@group-4C0325BD5F48-LeaderElection9] INFO  server.RaftServerConfigKeys (ConfUtils.java:logGet(46)) - raft.server.write.follower.gap.ratio.max = -1.0 (default)
2022-09-28 15:52:01,273 [a57096d8-e38a-49fa-bac6-11df32f34a10@group-4C0325BD5F48-LeaderElection9] INFO  server.RaftServerConfigKeys (ConfUtils.java:logGet(46)) - raft.server.log.appender.snapshot.chunk.size.max = 16MB (=16777216) (default)
2022-09-28 15:52:01,273 [a57096d8-e38a-49fa-bac6-11df32f34a10@group-4C0325BD5F48-LeaderElection9] INFO  server.RaftServerConfigKeys (ConfUtils.java:logGet(46)) - raft.server.log.appender.buffer.byte-limit = 33554432 (custom)
2022-09-28 15:52:01,273 [a57096d8-e38a-49fa-bac6-11df32f34a10@group-4C0325BD5F48-LeaderElection9] INFO  server.RaftServerConfigKeys (ConfUtils.java:logGet(46)) - raft.server.log.appender.buffer.element-limit = 1 (custom)
2022-09-28 15:52:01,274 [EventQueue-PipelineReportForPipelineReportHandler] INFO  pipeline.PipelineManagerImpl (PipelineManagerImpl.java:openPipeline(367)) - Pipeline Pipeline[ Id: a89d047a-da0f-4a1d-b235-4c0325bd5f48, Nodes: f339b530-8901-434d-bf68-81dd9354474d{ip: 10.1.1.55, host: fv-az203-824.ild0l4k5vsluppoevu2oqvhmda.cx.internal.cloudapp.net, ports: [REPLICATION=39813, RATIS=43271, RATIS_ADMIN=43271, RATIS_SERVER=43271, STANDALONE=35249], networkLocation: /default-rack, certSerialId: null, persistedOpState: IN_SERVICE, persistedOpStateExpiryEpochSec: 0}8d8147bd-34a3-4093-acb2-725bd7232b45{ip: 10.1.1.55, host: fv-az203-824.ild0l4k5vsluppoevu2oqvhmda.cx.internal.cloudapp.net, ports: [REPLICATION=43737, RATIS=42719, RATIS_ADMIN=42719, RATIS_SERVER=42719, STANDALONE=39697], networkLocation: /default-rack, certSerialId: null, persistedOpState: IN_SERVICE, persistedOpStateExpiryEpochSec: 0}a57096d8-e38a-49fa-bac6-11df32f34a10{ip: 10.1.1.55, host: fv-az203-824.ild0l4k5vsluppoevu2oqvhmda.cx.internal.cloudapp.net, ports: [REPLICATION=33135, RATIS=35365, RATIS_ADMIN=35365, RATIS_SERVER=35365, STANDALONE=45957], networkLocation: /default-rack, certSerialId: null, persistedOpState: IN_SERVICE, persistedOpStateExpiryEpochSec: 0}, ReplicationConfig: RATIS/THREE, State:ALLOCATED, leaderId:a57096d8-e38a-49fa-bac6-11df32f34a10, CreationTimestamp2022-09-28T15:51:48.802Z[Etc/UTC]] moved to OPEN state
2022-09-28 15:52:01,273 [a57096d8-e38a-49fa-bac6-11df32f34a10@group-4C0325BD5F48-LeaderElection9] INFO  grpc.GrpcConfigKeys (ConfUtils.java:logGet(46)) - raft.grpc.server.leader.outstanding.appends.max = 128 (default)
2022-09-28 15:52:01,275 [a57096d8-e38a-49fa-bac6-11df32f34a10@group-4C0325BD5F48-LeaderElection9] INFO  server.RaftServerConfigKeys (ConfUtils.java:logGet(46)) - raft.server.rpc.request.timeout = 60s (custom)
2022-09-28 15:52:01,275 [a57096d8-e38a-49fa-bac6-11df32f34a10@group-4C0325BD5F48-LeaderElection9] INFO  server.RaftServerConfigKeys (ConfUtils.java:logGet(46)) - raft.server.log.appender.install.snapshot.enabled = false (custom)
2022-09-28 15:52:01,276 [a57096d8-e38a-49fa-bac6-11df32f34a10@group-4C0325BD5F48-LeaderElection9] INFO  server.RaftServerConfigKeys (ConfUtils.java:logGet(46)) - raft.server.log.appender.snapshot.chunk.size.max = 16MB (=16777216) (default)
2022-09-28 15:52:01,276 [a57096d8-e38a-49fa-bac6-11df32f34a10@group-4C0325BD5F48-LeaderElection9] INFO  server.RaftServerConfigKeys (ConfUtils.java:logGet(46)) - raft.server.log.appender.buffer.byte-limit = 33554432 (custom)
2022-09-28 15:52:01,276 [a57096d8-e38a-49fa-bac6-11df32f34a10@group-4C0325BD5F48-LeaderElection9] INFO  server.RaftServerConfigKeys (ConfUtils.java:logGet(46)) - raft.server.log.appender.buffer.element-limit = 1 (custom)
2022-09-28 15:52:01,276 [a57096d8-e38a-49fa-bac6-11df32f34a10@group-4C0325BD5F48-LeaderElection9] INFO  grpc.GrpcConfigKeys (ConfUtils.java:logGet(46)) - raft.grpc.server.leader.outstanding.appends.max = 128 (default)
2022-09-28 15:52:01,276 [a57096d8-e38a-49fa-bac6-11df32f34a10@group-4C0325BD5F48-LeaderElection9] INFO  server.RaftServerConfigKeys (ConfUtils.java:logGet(46)) - raft.server.rpc.request.timeout = 60s (custom)
2022-09-28 15:52:01,276 [a57096d8-e38a-49fa-bac6-11df32f34a10@group-4C0325BD5F48-LeaderElection9] INFO  server.RaftServerConfigKeys (ConfUtils.java:logGet(46)) - raft.server.log.appender.install.snapshot.enabled = false (custom)
2022-09-28 15:52:01,276 [a57096d8-e38a-49fa-bac6-11df32f34a10@group-4C0325BD5F48-LeaderElection9] INFO  impl.RoleInfo (RoleInfo.java:updateAndGet(139)) - a57096d8-e38a-49fa-bac6-11df32f34a10: start a57096d8-e38a-49fa-bac6-11df32f34a10@group-4C0325BD5F48-LeaderStateImpl
2022-09-28 15:52:01,276 [a57096d8-e38a-49fa-bac6-11df32f34a10@group-4C0325BD5F48-LeaderElection9] INFO  segmented.SegmentedRaftLogWorker (SegmentedRaftLogWorker.java:startLogSegment(425)) - a57096d8-e38a-49fa-bac6-11df32f34a10@group-4C0325BD5F48-SegmentedRaftLogWorker: Starting segment from index:0
2022-09-28 15:52:01,278 [a57096d8-e38a-49fa-bac6-11df32f34a10@group-4C0325BD5F48-SegmentedRaftLogWorker] INFO  segmented.SegmentedRaftLogWorker (SegmentedRaftLogWorker.java:execute(629)) - a57096d8-e38a-49fa-bac6-11df32f34a10@group-4C0325BD5F48-SegmentedRaftLogWorker: created new log segment /home/runner/work/ozone/ozone/hadoop-ozone/integration-test/target/test-dir/MiniOzoneClusterImpl-30c42134-6f07-4454-8a06-c8ace9e9986b/datanode-1/data/ratis/a89d047a-da0f-4a1d-b235-4c0325bd5f48/current/log_inprogress_0
2022-09-28 15:52:01,292 [f339b530-8901-434d-bf68-81dd9354474d-server-thread1] INFO  ratis.XceiverServerRatis (XceiverServerRatis.java:handleLeaderChangedNotification(863)) - Leader change notification received for group: group-4C0325BD5F48 with new leaderId: a57096d8-e38a-49fa-bac6-11df32f34a10
2022-09-28 15:52:01,292 [f339b530-8901-434d-bf68-81dd9354474d-server-thread1] INFO  server.RaftServer$Division (ServerState.java:setLeader(287)) - f339b530-8901-434d-bf68-81dd9354474d@group-4C0325BD5F48: change Leader from null to a57096d8-e38a-49fa-bac6-11df32f34a10 at term 2 for appendEntries, leader elected after 9664ms
2022-09-28 15:52:01,295 [a57096d8-e38a-49fa-bac6-11df32f34a10@group-4C0325BD5F48-LeaderElection9] INFO  server.RaftServer$Division (ServerState.java:setRaftConf(393)) - a57096d8-e38a-49fa-bac6-11df32f34a10@group-4C0325BD5F48: set configuration 0: [f339b530-8901-434d-bf68-81dd9354474d|rpc:10.1.1.55:43271|dataStream:|priority:0, a57096d8-e38a-49fa-bac6-11df32f34a10|rpc:10.1.1.55:35365|dataStream:|priority:1, 8d8147bd-34a3-4093-acb2-725bd7232b45|rpc:10.1.1.55:42719|dataStream:|priority:0], old=null
2022-09-28 15:52:01,297 [8d8147bd-34a3-4093-acb2-725bd7232b45-server-thread1] INFO  ratis.XceiverServerRatis (XceiverServerRatis.java:handleLeaderChangedNotification(863)) - Leader change notification received for group: group-4C0325BD5F48 with new leaderId: a57096d8-e38a-49fa-bac6-11df32f34a10
2022-09-28 15:52:01,297 [8d8147bd-34a3-4093-acb2-725bd7232b45-server-thread1] INFO  server.RaftServer$Division (ServerState.java:setLeader(287)) - 8d8147bd-34a3-4093-acb2-725bd7232b45@group-4C0325BD5F48: change Leader from null to a57096d8-e38a-49fa-bac6-11df32f34a10 at term 2 for appendEntries, leader elected after 10213ms
2022-09-28 15:52:01,299 [8d8147bd-34a3-4093-acb2-725bd7232b45-server-thread1] INFO  server.RaftServer$Division (ServerState.java:setRaftConf(393)) - 8d8147bd-34a3-4093-acb2-725bd7232b45@group-4C0325BD5F48: set configuration 0: [f339b530-8901-434d-bf68-81dd9354474d|rpc:10.1.1.55:43271|dataStream:|priority:0, a57096d8-e38a-49fa-bac6-11df32f34a10|rpc:10.1.1.55:35365|dataStream:|priority:1, 8d8147bd-34a3-4093-acb2-725bd7232b45|rpc:10.1.1.55:42719|dataStream:|priority:0], old=null
2022-09-28 15:52:01,300 [8d8147bd-34a3-4093-acb2-725bd7232b45-server-thread1] INFO  segmented.SegmentedRaftLogWorker (SegmentedRaftLogWorker.java:startLogSegment(425)) - 8d8147bd-34a3-4093-acb2-725bd7232b45@group-4C0325BD5F48-SegmentedRaftLogWorker: Starting segment from index:0
2022-09-28 15:52:01,302 [8d8147bd-34a3-4093-acb2-725bd7232b45@group-4C0325BD5F48-SegmentedRaftLogWorker] INFO  segmented.SegmentedRaftLogWorker (SegmentedRaftLogWorker.java:execute(629)) - 8d8147bd-34a3-4093-acb2-725bd7232b45@group-4C0325BD5F48-SegmentedRaftLogWorker: created new log segment /home/runner/work/ozone/ozone/hadoop-ozone/integration-test/target/test-dir/MiniOzoneClusterImpl-30c42134-6f07-4454-8a06-c8ace9e9986b/datanode-0/data/ratis/a89d047a-da0f-4a1d-b235-4c0325bd5f48/current/log_inprogress_0
2022-09-28 15:52:01,307 [f339b530-8901-434d-bf68-81dd9354474d-server-thread1] INFO  server.RaftServer$Division (ServerState.java:setRaftConf(393)) - f339b530-8901-434d-bf68-81dd9354474d@group-4C0325BD5F48: set configuration 0: [f339b530-8901-434d-bf68-81dd9354474d|rpc:10.1.1.55:43271|dataStream:|priority:0, a57096d8-e38a-49fa-bac6-11df32f34a10|rpc:10.1.1.55:35365|dataStream:|priority:1, 8d8147bd-34a3-4093-acb2-725bd7232b45|rpc:10.1.1.55:42719|dataStream:|priority:0], old=null
2022-09-28 15:52:01,307 [f339b530-8901-434d-bf68-81dd9354474d-server-thread1] INFO  segmented.SegmentedRaftLogWorker (SegmentedRaftLogWorker.java:startLogSegment(425)) - f339b530-8901-434d-bf68-81dd9354474d@group-4C0325BD5F48-SegmentedRaftLogWorker: Starting segment from index:0
2022-09-28 15:52:01,309 [f339b530-8901-434d-bf68-81dd9354474d@group-4C0325BD5F48-SegmentedRaftLogWorker] INFO  segmented.SegmentedRaftLogWorker (SegmentedRaftLogWorker.java:execute(629)) - f339b530-8901-434d-bf68-81dd9354474d@group-4C0325BD5F48-SegmentedRaftLogWorker: created new log segment /home/runner/work/ozone/ozone/hadoop-ozone/integration-test/target/test-dir/MiniOzoneClusterImpl-30c42134-6f07-4454-8a06-c8ace9e9986b/datanode-2/data/ratis/a89d047a-da0f-4a1d-b235-4c0325bd5f48/current/log_inprogress_0
15:52:02.051 [IPC Server handler 15 on default port 36317] ERROR OMAudit - user=runner | ip=127.0.0.1 | op=GET_FILE_STATUS {volume=volume24312, bucket=bucket55718, key=.Trash/runner/Current/testKey2, dataSize=0, replicationConfig=null} | ret=FAILURE
org.apache.hadoop.ozone.om.exceptions.OMException: Unable to get file status: volume: volume24312 bucket: bucket55718 key: .Trash/runner/Current/testKey2
	at org.apache.hadoop.ozone.om.KeyManagerImpl.getOzoneFileStatus(KeyManagerImpl.java:1324) ~[ozone-manager-1.3.0-SNAPSHOT.jar:?]
	at org.apache.hadoop.ozone.om.KeyManagerImpl.getFileStatus(KeyManagerImpl.java:1254) ~[ozone-manager-1.3.0-SNAPSHOT.jar:?]
	at org.apache.hadoop.ozone.om.OzoneManager.getFileStatus(OzoneManager.java:3506) ~[ozone-manager-1.3.0-SNAPSHOT.jar:?]
	at org.apache.hadoop.ozone.protocolPB.OzoneManagerRequestHandler.getOzoneFileStatus(OzoneManagerRequestHandler.java:882) ~[ozone-manager-1.3.0-SNAPSHOT.jar:?]
	at org.apache.hadoop.ozone.protocolPB.OzoneManagerRequestHandler.handleReadRequest(OzoneManagerRequestHandler.java:228) ~[ozone-manager-1.3.0-SNAPSHOT.jar:?]
	at org.apache.hadoop.ozone.protocolPB.OzoneManagerProtocolServerSideTranslatorPB.submitReadRequestToOM(OzoneManagerProtocolServerSideTranslatorPB.java:226) ~[ozone-manager-1.3.0-SNAPSHOT.jar:?]
	at org.apache.hadoop.ozone.protocolPB.OzoneManagerProtocolServerSideTranslatorPB.processRequest(OzoneManagerProtocolServerSideTranslatorPB.java:175) ~[ozone-manager-1.3.0-SNAPSHOT.jar:?]
	at org.apache.hadoop.hdds.server.OzoneProtocolMessageDispatcher.processRequest(OzoneProtocolMessageDispatcher.java:87) [hdds-server-framework-1.3.0-SNAPSHOT.jar:?]
	at org.apache.hadoop.ozone.protocolPB.OzoneManagerProtocolServerSideTranslatorPB.submitRequest(OzoneManagerProtocolServerSideTranslatorPB.java:147) [ozone-manager-1.3.0-SNAPSHOT.jar:?]
	at org.apache.hadoop.ozone.protocol.proto.OzoneManagerProtocolProtos$OzoneManagerService$2.callBlockingMethod(OzoneManagerProtocolProtos.java) [ozone-interface-client-1.3.0-SNAPSHOT.jar:?]
	at org.apache.hadoop.ipc.ProtobufRpcEngine$Server.processCall(ProtobufRpcEngine.java:466) [hadoop-common-3.3.1.jar:?]
	at org.apache.hadoop.ipc.ProtobufRpcEngine2$Server$ProtoBufRpcInvoker.call(ProtobufRpcEngine2.java:574) [hadoop-common-3.3.1.jar:?]
	at org.apache.hadoop.ipc.ProtobufRpcEngine2$Server$ProtoBufRpcInvoker.call(ProtobufRpcEngine2.java:552) [hadoop-common-3.3.1.jar:?]
	at org.apache.hadoop.ipc.RPC$Server.call(RPC.java:1093) [hadoop-common-3.3.1.jar:?]
	at org.apache.hadoop.ipc.Server$RpcCall.run(Server.java:1035) [hadoop-common-3.3.1.jar:?]
	at org.apache.hadoop.ipc.Server$RpcCall.run(Server.java:963) [hadoop-common-3.3.1.jar:?]
	at java.security.AccessController.doPrivileged(Native Method) ~[?:1.8.0_345]
	at javax.security.auth.Subject.doAs(Subject.java:422) [?:1.8.0_345]
	at org.apache.hadoop.security.UserGroupInformation.doAs(UserGroupInformation.java:1878) [hadoop-common-3.3.1.jar:?]
	at org.apache.hadoop.ipc.Server$Handler.run(Server.java:2966) [hadoop-common-3.3.1.jar:?]
2022-09-28 15:52:02,052 [Time-limited test] WARN  ozone.BasicOzoneFileSystem (BasicOzoneFileSystem.java:getFileStatus(765)) - GetFileStatus failed for path /.Trash/runner/Current/testKey2
java.io.FileNotFoundException: .Trash/runner/Current/testKey2: No such file or directory!
	at org.apache.hadoop.fs.ozone.BasicOzoneClientAdapterImpl.getFileStatus(BasicOzoneClientAdapterImpl.java:369)
	at org.apache.hadoop.fs.ozone.BasicOzoneFileSystem.getFileStatus(BasicOzoneFileSystem.java:757)
	at org.apache.hadoop.fs.FileSystem.exists(FileSystem.java:1760)
	at org.apache.hadoop.fs.ozone.BasicOzoneFileSystem.exists(BasicOzoneFileSystem.java:804)
	at org.apache.hadoop.fs.ozone.TestOzoneFileSystem.lambda$testTrash$5(TestOzoneFileSystem.java:1555)
	at org.apache.ozone.test.GenericTestUtils.waitFor(GenericTestUtils.java:218)
	at org.apache.hadoop.fs.ozone.TestOzoneFileSystem.testTrash(TestOzoneFileSystem.java:1553)
	at sun.reflect.NativeMethodAccessorImpl.invoke0(Native Method)
	at sun.reflect.NativeMethodAccessorImpl.invoke(NativeMethodAccessorImpl.java:62)
	at sun.reflect.DelegatingMethodAccessorImpl.invoke(DelegatingMethodAccessorImpl.java:43)
	at java.lang.reflect.Method.invoke(Method.java:498)
	at org.junit.runners.model.FrameworkMethod$1.runReflectiveCall(FrameworkMethod.java:59)
	at org.junit.internal.runners.model.ReflectiveCallable.run(ReflectiveCallable.java:12)
	at org.junit.runners.model.FrameworkMethod.invokeExplosively(FrameworkMethod.java:56)
	at org.junit.internal.runners.statements.InvokeMethod.evaluate(InvokeMethod.java:17)
	at org.junit.internal.runners.statements.RunAfters.evaluate(RunAfters.java:27)
	at org.junit.internal.runners.statements.FailOnTimeout$CallableStatement.call(FailOnTimeout.java:288)
	at org.junit.internal.runners.statements.FailOnTimeout$CallableStatement.call(FailOnTimeout.java:282)
	at java.util.concurrent.FutureTask.run(FutureTask.java:266)
	at java.lang.Thread.run(Thread.java:750)
]]></system-out>
  </testcase>
  <testcase name="testTrash" classname="TestOzoneFileSystem" time="5.04">
    <system-out><![CDATA[15:53:39.454 [IPC Server handler 19 on default port 42319] ERROR OMAudit - user=runner | ip=127.0.0.1 | op=GET_FILE_STATUS {volume=volume00149, bucket=bucket04297, key=.Trash/runner/Current/testKey2, dataSize=0, replicationConfig=null} | ret=FAILURE
org.apache.hadoop.ozone.om.exceptions.OMException: Unable to get file status: volume: volume00149 bucket: bucket04297 key: .Trash/runner/Current/testKey2
	at org.apache.hadoop.ozone.om.KeyManagerImpl.getOzoneFileStatus(KeyManagerImpl.java:1324) ~[ozone-manager-1.3.0-SNAPSHOT.jar:?]
	at org.apache.hadoop.ozone.om.KeyManagerImpl.getFileStatus(KeyManagerImpl.java:1254) ~[ozone-manager-1.3.0-SNAPSHOT.jar:?]
	at org.apache.hadoop.ozone.om.OzoneManager.getFileStatus(OzoneManager.java:3506) ~[ozone-manager-1.3.0-SNAPSHOT.jar:?]
	at org.apache.hadoop.ozone.protocolPB.OzoneManagerRequestHandler.getOzoneFileStatus(OzoneManagerRequestHandler.java:882) ~[ozone-manager-1.3.0-SNAPSHOT.jar:?]
	at org.apache.hadoop.ozone.protocolPB.OzoneManagerRequestHandler.handleReadRequest(OzoneManagerRequestHandler.java:228) ~[ozone-manager-1.3.0-SNAPSHOT.jar:?]
	at org.apache.hadoop.ozone.protocolPB.OzoneManagerProtocolServerSideTranslatorPB.submitRequestDirectlyToOM(OzoneManagerProtocolServerSideTranslatorPB.java:276) ~[ozone-manager-1.3.0-SNAPSHOT.jar:?]
	at org.apache.hadoop.ozone.protocolPB.OzoneManagerProtocolServerSideTranslatorPB.processRequest(OzoneManagerProtocolServerSideTranslatorPB.java:205) ~[ozone-manager-1.3.0-SNAPSHOT.jar:?]
	at org.apache.hadoop.hdds.server.OzoneProtocolMessageDispatcher.processRequest(OzoneProtocolMessageDispatcher.java:87) [hdds-server-framework-1.3.0-SNAPSHOT.jar:?]
	at org.apache.hadoop.ozone.protocolPB.OzoneManagerProtocolServerSideTranslatorPB.submitRequest(OzoneManagerProtocolServerSideTranslatorPB.java:147) [ozone-manager-1.3.0-SNAPSHOT.jar:?]
	at org.apache.hadoop.ozone.protocol.proto.OzoneManagerProtocolProtos$OzoneManagerService$2.callBlockingMethod(OzoneManagerProtocolProtos.java) [ozone-interface-client-1.3.0-SNAPSHOT.jar:?]
	at org.apache.hadoop.ipc.ProtobufRpcEngine$Server.processCall(ProtobufRpcEngine.java:466) [hadoop-common-3.3.1.jar:?]
	at org.apache.hadoop.ipc.ProtobufRpcEngine2$Server$ProtoBufRpcInvoker.call(ProtobufRpcEngine2.java:574) [hadoop-common-3.3.1.jar:?]
	at org.apache.hadoop.ipc.ProtobufRpcEngine2$Server$ProtoBufRpcInvoker.call(ProtobufRpcEngine2.java:552) [hadoop-common-3.3.1.jar:?]
	at org.apache.hadoop.ipc.RPC$Server.call(RPC.java:1093) [hadoop-common-3.3.1.jar:?]
	at org.apache.hadoop.ipc.Server$RpcCall.run(Server.java:1035) [hadoop-common-3.3.1.jar:?]
	at org.apache.hadoop.ipc.Server$RpcCall.run(Server.java:963) [hadoop-common-3.3.1.jar:?]
	at java.security.AccessController.doPrivileged(Native Method) ~[?:1.8.0_345]
	at javax.security.auth.Subject.doAs(Subject.java:422) [?:1.8.0_345]
	at org.apache.hadoop.security.UserGroupInformation.doAs(UserGroupInformation.java:1878) [hadoop-common-3.3.1.jar:?]
	at org.apache.hadoop.ipc.Server$Handler.run(Server.java:2966) [hadoop-common-3.3.1.jar:?]
2022-09-28 15:53:39,454 [Time-limited test] WARN  ozone.BasicOzoneFileSystem (BasicOzoneFileSystem.java:getFileStatus(765)) - GetFileStatus failed for path /.Trash/runner/Current/testKey2
java.io.FileNotFoundException: .Trash/runner/Current/testKey2: No such file or directory!
	at org.apache.hadoop.fs.ozone.BasicOzoneClientAdapterImpl.getFileStatus(BasicOzoneClientAdapterImpl.java:369)
	at org.apache.hadoop.fs.ozone.BasicOzoneFileSystem.getFileStatus(BasicOzoneFileSystem.java:757)
	at org.apache.hadoop.fs.FileSystem.exists(FileSystem.java:1760)
	at org.apache.hadoop.fs.ozone.BasicOzoneFileSystem.exists(BasicOzoneFileSystem.java:804)
	at org.apache.hadoop.fs.TrashPolicyDefault.moveToTrash(TrashPolicyDefault.java:181)
	at org.apache.hadoop.fs.Trash.moveToTrash(Trash.java:110)
	at org.apache.hadoop.fs.ozone.TestOzoneFileSystem.testTrash(TestOzoneFileSystem.java:1543)
	at sun.reflect.NativeMethodAccessorImpl.invoke0(Native Method)
	at sun.reflect.NativeMethodAccessorImpl.invoke(NativeMethodAccessorImpl.java:62)
	at sun.reflect.DelegatingMethodAccessorImpl.invoke(DelegatingMethodAccessorImpl.java:43)
	at java.lang.reflect.Method.invoke(Method.java:498)
	at org.junit.runners.model.FrameworkMethod$1.runReflectiveCall(FrameworkMethod.java:59)
	at org.junit.internal.runners.model.ReflectiveCallable.run(ReflectiveCallable.java:12)
	at org.junit.runners.model.FrameworkMethod.invokeExplosively(FrameworkMethod.java:56)
	at org.junit.internal.runners.statements.InvokeMethod.evaluate(InvokeMethod.java:17)
	at org.junit.internal.runners.statements.RunAfters.evaluate(RunAfters.java:27)
	at org.junit.internal.runners.statements.FailOnTimeout$CallableStatement.call(FailOnTimeout.java:288)
	at org.junit.internal.runners.statements.FailOnTimeout$CallableStatement.call(FailOnTimeout.java:282)
	at java.util.concurrent.FutureTask.run(FutureTask.java:266)
	at java.lang.Thread.run(Thread.java:750)
15:53:39.455 [IPC Server handler 7 on default port 42319] ERROR OMAudit - user=runner | ip=127.0.0.1 | op=GET_FILE_STATUS {volume=volume00149, bucket=bucket04297, key=.Trash/runner/Current/testKey2, dataSize=0, replicationConfig=null} | ret=FAILURE
org.apache.hadoop.ozone.om.exceptions.OMException: Unable to get file status: volume: volume00149 bucket: bucket04297 key: .Trash/runner/Current/testKey2
	at org.apache.hadoop.ozone.om.KeyManagerImpl.getOzoneFileStatus(KeyManagerImpl.java:1324) ~[ozone-manager-1.3.0-SNAPSHOT.jar:?]
	at org.apache.hadoop.ozone.om.KeyManagerImpl.getFileStatus(KeyManagerImpl.java:1254) ~[ozone-manager-1.3.0-SNAPSHOT.jar:?]
	at org.apache.hadoop.ozone.om.OzoneManager.getFileStatus(OzoneManager.java:3506) ~[ozone-manager-1.3.0-SNAPSHOT.jar:?]
	at org.apache.hadoop.ozone.protocolPB.OzoneManagerRequestHandler.getOzoneFileStatus(OzoneManagerRequestHandler.java:882) ~[ozone-manager-1.3.0-SNAPSHOT.jar:?]
	at org.apache.hadoop.ozone.protocolPB.OzoneManagerRequestHandler.handleReadRequest(OzoneManagerRequestHandler.java:228) ~[ozone-manager-1.3.0-SNAPSHOT.jar:?]
	at org.apache.hadoop.ozone.protocolPB.OzoneManagerProtocolServerSideTranslatorPB.submitRequestDirectlyToOM(OzoneManagerProtocolServerSideTranslatorPB.java:276) ~[ozone-manager-1.3.0-SNAPSHOT.jar:?]
	at org.apache.hadoop.ozone.protocolPB.OzoneManagerProtocolServerSideTranslatorPB.processRequest(OzoneManagerProtocolServerSideTranslatorPB.java:205) ~[ozone-manager-1.3.0-SNAPSHOT.jar:?]
	at org.apache.hadoop.hdds.server.OzoneProtocolMessageDispatcher.processRequest(OzoneProtocolMessageDispatcher.java:87) [hdds-server-framework-1.3.0-SNAPSHOT.jar:?]
	at org.apache.hadoop.ozone.protocolPB.OzoneManagerProtocolServerSideTranslatorPB.submitRequest(OzoneManagerProtocolServerSideTranslatorPB.java:147) [ozone-manager-1.3.0-SNAPSHOT.jar:?]
	at org.apache.hadoop.ozone.protocol.proto.OzoneManagerProtocolProtos$OzoneManagerService$2.callBlockingMethod(OzoneManagerProtocolProtos.java) [ozone-interface-client-1.3.0-SNAPSHOT.jar:?]
	at org.apache.hadoop.ipc.ProtobufRpcEngine$Server.processCall(ProtobufRpcEngine.java:466) [hadoop-common-3.3.1.jar:?]
	at org.apache.hadoop.ipc.ProtobufRpcEngine2$Server$ProtoBufRpcInvoker.call(ProtobufRpcEngine2.java:574) [hadoop-common-3.3.1.jar:?]
	at org.apache.hadoop.ipc.ProtobufRpcEngine2$Server$ProtoBufRpcInvoker.call(ProtobufRpcEngine2.java:552) [hadoop-common-3.3.1.jar:?]
	at org.apache.hadoop.ipc.RPC$Server.call(RPC.java:1093) [hadoop-common-3.3.1.jar:?]
	at org.apache.hadoop.ipc.Server$RpcCall.run(Server.java:1035) [hadoop-common-3.3.1.jar:?]
	at org.apache.hadoop.ipc.Server$RpcCall.run(Server.java:963) [hadoop-common-3.3.1.jar:?]
	at java.security.AccessController.doPrivileged(Native Method) ~[?:1.8.0_345]
	at javax.security.auth.Subject.doAs(Subject.java:422) [?:1.8.0_345]
	at org.apache.hadoop.security.UserGroupInformation.doAs(UserGroupInformation.java:1878) [hadoop-common-3.3.1.jar:?]
	at org.apache.hadoop.ipc.Server$Handler.run(Server.java:2966) [hadoop-common-3.3.1.jar:?]
2022-09-28 15:53:39,456 [Time-limited test] WARN  ozone.BasicOzoneFileSystem (BasicOzoneFileSystem.java:getFileStatus(765)) - GetFileStatus failed for path /.Trash/runner/Current/testKey2
java.io.FileNotFoundException: .Trash/runner/Current/testKey2: No such file or directory!
	at org.apache.hadoop.fs.ozone.BasicOzoneClientAdapterImpl.getFileStatus(BasicOzoneClientAdapterImpl.java:369)
	at org.apache.hadoop.fs.ozone.BasicOzoneFileSystem.getFileStatus(BasicOzoneFileSystem.java:757)
	at org.apache.hadoop.fs.ozone.BasicOzoneFileSystem.rename(BasicOzoneFileSystem.java:357)
	at org.apache.hadoop.fs.ozone.BasicOzoneFileSystem.rename(BasicOzoneFileSystem.java:454)
	at org.apache.hadoop.fs.TrashPolicyDefault.moveToTrash(TrashPolicyDefault.java:186)
	at org.apache.hadoop.fs.Trash.moveToTrash(Trash.java:110)
	at org.apache.hadoop.fs.ozone.TestOzoneFileSystem.testTrash(TestOzoneFileSystem.java:1543)
	at sun.reflect.NativeMethodAccessorImpl.invoke0(Native Method)
	at sun.reflect.NativeMethodAccessorImpl.invoke(NativeMethodAccessorImpl.java:62)
	at sun.reflect.DelegatingMethodAccessorImpl.invoke(DelegatingMethodAccessorImpl.java:43)
	at java.lang.reflect.Method.invoke(Method.java:498)
	at org.junit.runners.model.FrameworkMethod$1.runReflectiveCall(FrameworkMethod.java:59)
	at org.junit.internal.runners.model.ReflectiveCallable.run(ReflectiveCallable.java:12)
	at org.junit.runners.model.FrameworkMethod.invokeExplosively(FrameworkMethod.java:56)
	at org.junit.internal.runners.statements.InvokeMethod.evaluate(InvokeMethod.java:17)
	at org.junit.internal.runners.statements.RunAfters.evaluate(RunAfters.java:27)
	at org.junit.internal.runners.statements.FailOnTimeout$CallableStatement.call(FailOnTimeout.java:288)
	at org.junit.internal.runners.statements.FailOnTimeout$CallableStatement.call(FailOnTimeout.java:282)
	at java.util.concurrent.FutureTask.run(FutureTask.java:266)
	at java.lang.Thread.run(Thread.java:750)
2022-09-28 15:53:39,460 [Time-limited test] INFO  fs.TrashPolicyDefault (TrashPolicyDefault.java:moveToTrash(188)) - Moved: '/testKey2' to trash at: /.Trash/runner/Current/testKey2
2022-09-28 15:53:41,086 [Under Replicated Processor] INFO  replication.UnderReplicatedProcessor (UnderReplicatedProcessor.java:processAll(92)) - Processed 0 under replicated containers, failed processing 0
2022-09-28 15:53:41,099 [Over Replicated Processor] INFO  replication.OverReplicatedProcessor (OverReplicatedProcessor.java:processAll(90)) - Processed 0 over replicated containers, failed processing 0
15:53:41.463 [IPC Server handler 15 on default port 42319] ERROR OMAudit - user=runner | ip=127.0.0.1 | op=GET_FILE_STATUS {volume=volume00149, bucket=bucket04297, key=.Trash/runner/Current/testKey2, dataSize=0, replicationConfig=null} | ret=FAILURE
org.apache.hadoop.ozone.om.exceptions.OMException: Unable to get file status: volume: volume00149 bucket: bucket04297 key: .Trash/runner/Current/testKey2
	at org.apache.hadoop.ozone.om.KeyManagerImpl.getOzoneFileStatus(KeyManagerImpl.java:1324) ~[ozone-manager-1.3.0-SNAPSHOT.jar:?]
	at org.apache.hadoop.ozone.om.KeyManagerImpl.getFileStatus(KeyManagerImpl.java:1254) ~[ozone-manager-1.3.0-SNAPSHOT.jar:?]
	at org.apache.hadoop.ozone.om.OzoneManager.getFileStatus(OzoneManager.java:3506) ~[ozone-manager-1.3.0-SNAPSHOT.jar:?]
	at org.apache.hadoop.ozone.protocolPB.OzoneManagerRequestHandler.getOzoneFileStatus(OzoneManagerRequestHandler.java:882) ~[ozone-manager-1.3.0-SNAPSHOT.jar:?]
	at org.apache.hadoop.ozone.protocolPB.OzoneManagerRequestHandler.handleReadRequest(OzoneManagerRequestHandler.java:228) ~[ozone-manager-1.3.0-SNAPSHOT.jar:?]
	at org.apache.hadoop.ozone.protocolPB.OzoneManagerProtocolServerSideTranslatorPB.submitRequestDirectlyToOM(OzoneManagerProtocolServerSideTranslatorPB.java:276) ~[ozone-manager-1.3.0-SNAPSHOT.jar:?]
	at org.apache.hadoop.ozone.protocolPB.OzoneManagerProtocolServerSideTranslatorPB.processRequest(OzoneManagerProtocolServerSideTranslatorPB.java:205) ~[ozone-manager-1.3.0-SNAPSHOT.jar:?]
	at org.apache.hadoop.hdds.server.OzoneProtocolMessageDispatcher.processRequest(OzoneProtocolMessageDispatcher.java:87) [hdds-server-framework-1.3.0-SNAPSHOT.jar:?]
	at org.apache.hadoop.ozone.protocolPB.OzoneManagerProtocolServerSideTranslatorPB.submitRequest(OzoneManagerProtocolServerSideTranslatorPB.java:147) [ozone-manager-1.3.0-SNAPSHOT.jar:?]
	at org.apache.hadoop.ozone.protocol.proto.OzoneManagerProtocolProtos$OzoneManagerService$2.callBlockingMethod(OzoneManagerProtocolProtos.java) [ozone-interface-client-1.3.0-SNAPSHOT.jar:?]
	at org.apache.hadoop.ipc.ProtobufRpcEngine$Server.processCall(ProtobufRpcEngine.java:466) [hadoop-common-3.3.1.jar:?]
	at org.apache.hadoop.ipc.ProtobufRpcEngine2$Server$ProtoBufRpcInvoker.call(ProtobufRpcEngine2.java:574) [hadoop-common-3.3.1.jar:?]
	at org.apache.hadoop.ipc.ProtobufRpcEngine2$Server$ProtoBufRpcInvoker.call(ProtobufRpcEngine2.java:552) [hadoop-common-3.3.1.jar:?]
	at org.apache.hadoop.ipc.RPC$Server.call(RPC.java:1093) [hadoop-common-3.3.1.jar:?]
	at org.apache.hadoop.ipc.Server$RpcCall.run(Server.java:1035) [hadoop-common-3.3.1.jar:?]
	at org.apache.hadoop.ipc.Server$RpcCall.run(Server.java:963) [hadoop-common-3.3.1.jar:?]
	at java.security.AccessController.doPrivileged(Native Method) ~[?:1.8.0_345]
	at javax.security.auth.Subject.doAs(Subject.java:422) [?:1.8.0_345]
	at org.apache.hadoop.security.UserGroupInformation.doAs(UserGroupInformation.java:1878) [hadoop-common-3.3.1.jar:?]
	at org.apache.hadoop.ipc.Server$Handler.run(Server.java:2966) [hadoop-common-3.3.1.jar:?]
2022-09-28 15:53:41,463 [Time-limited test] WARN  ozone.BasicOzoneFileSystem (BasicOzoneFileSystem.java:getFileStatus(765)) - GetFileStatus failed for path /.Trash/runner/Current/testKey2
java.io.FileNotFoundException: .Trash/runner/Current/testKey2: No such file or directory!
	at org.apache.hadoop.fs.ozone.BasicOzoneClientAdapterImpl.getFileStatus(BasicOzoneClientAdapterImpl.java:369)
	at org.apache.hadoop.fs.ozone.BasicOzoneFileSystem.getFileStatus(BasicOzoneFileSystem.java:757)
	at org.apache.hadoop.fs.FileSystem.exists(FileSystem.java:1760)
	at org.apache.hadoop.fs.ozone.BasicOzoneFileSystem.exists(BasicOzoneFileSystem.java:804)
	at org.apache.hadoop.fs.ozone.TestOzoneFileSystem.lambda$testTrash$5(TestOzoneFileSystem.java:1555)
	at org.apache.ozone.test.GenericTestUtils.waitFor(GenericTestUtils.java:218)
	at org.apache.hadoop.fs.ozone.TestOzoneFileSystem.testTrash(TestOzoneFileSystem.java:1553)
	at sun.reflect.NativeMethodAccessorImpl.invoke0(Native Method)
	at sun.reflect.NativeMethodAccessorImpl.invoke(NativeMethodAccessorImpl.java:62)
	at sun.reflect.DelegatingMethodAccessorImpl.invoke(DelegatingMethodAccessorImpl.java:43)
	at java.lang.reflect.Method.invoke(Method.java:498)
	at org.junit.runners.model.FrameworkMethod$1.runReflectiveCall(FrameworkMethod.java:59)
	at org.junit.internal.runners.model.ReflectiveCallable.run(ReflectiveCallable.java:12)
	at org.junit.runners.model.FrameworkMethod.invokeExplosively(FrameworkMethod.java:56)
	at org.junit.internal.runners.statements.InvokeMethod.evaluate(InvokeMethod.java:17)
	at org.junit.internal.runners.statements.RunAfters.evaluate(RunAfters.java:27)
	at org.junit.internal.runners.statements.FailOnTimeout$CallableStatement.call(FailOnTimeout.java:288)
	at org.junit.internal.runners.statements.FailOnTimeout$CallableStatement.call(FailOnTimeout.java:282)
	at java.util.concurrent.FutureTask.run(FutureTask.java:266)
	at java.lang.Thread.run(Thread.java:750)
]]></system-out>
  </testcase>
  <testcase name="testTrash" classname="TestOzoneFileSystem" time="5.067">
    <system-out><![CDATA[2022-09-28 15:55:04,777 [d0376a86-4cb7-4dfb-8000-fedb90cb29d8@group-F4F87F65ACB3-SegmentedRaftLogWorker] INFO  segmented.SegmentedRaftLogWorker (SegmentedRaftLogWorker.java:execute(629)) - d0376a86-4cb7-4dfb-8000-fedb90cb29d8@group-F4F87F65ACB3-SegmentedRaftLogWorker: created new log segment /home/runner/work/ozone/ozone/hadoop-ozone/integration-test/target/test-dir/MiniOzoneClusterImpl-aff298ea-5285-4275-affb-2c33fd00777e/datanode-4/data/ratis/9ff8cd88-2ae9-4de6-8eb3-f4f87f65acb3/current/log_inprogress_0
15:55:04.819 [IPC Server handler 7 on default port 37257] ERROR OMAudit - user=runner | ip=127.0.0.1 | op=GET_FILE_STATUS {volume=volume14467, bucket=bucket64159, key=.Trash/runner/Current/testKey2, dataSize=0, replicationConfig=null} | ret=FAILURE
org.apache.hadoop.ozone.om.exceptions.OMException: Unable to get file status: volume: volume14467 bucket: bucket64159 key: .Trash/runner/Current/testKey2
	at org.apache.hadoop.ozone.om.KeyManagerImpl.getOzoneFileStatus(KeyManagerImpl.java:1324) ~[ozone-manager-1.3.0-SNAPSHOT.jar:?]
	at org.apache.hadoop.ozone.om.KeyManagerImpl.getFileStatus(KeyManagerImpl.java:1254) ~[ozone-manager-1.3.0-SNAPSHOT.jar:?]
	at org.apache.hadoop.ozone.om.OzoneManager.getFileStatus(OzoneManager.java:3506) ~[ozone-manager-1.3.0-SNAPSHOT.jar:?]
	at org.apache.hadoop.ozone.protocolPB.OzoneManagerRequestHandler.getOzoneFileStatus(OzoneManagerRequestHandler.java:882) ~[ozone-manager-1.3.0-SNAPSHOT.jar:?]
	at org.apache.hadoop.ozone.protocolPB.OzoneManagerRequestHandler.handleReadRequest(OzoneManagerRequestHandler.java:228) ~[ozone-manager-1.3.0-SNAPSHOT.jar:?]
	at org.apache.hadoop.ozone.protocolPB.OzoneManagerProtocolServerSideTranslatorPB.submitReadRequestToOM(OzoneManagerProtocolServerSideTranslatorPB.java:226) ~[ozone-manager-1.3.0-SNAPSHOT.jar:?]
	at org.apache.hadoop.ozone.protocolPB.OzoneManagerProtocolServerSideTranslatorPB.processRequest(OzoneManagerProtocolServerSideTranslatorPB.java:175) ~[ozone-manager-1.3.0-SNAPSHOT.jar:?]
	at org.apache.hadoop.hdds.server.OzoneProtocolMessageDispatcher.processRequest(OzoneProtocolMessageDispatcher.java:87) [hdds-server-framework-1.3.0-SNAPSHOT.jar:?]
	at org.apache.hadoop.ozone.protocolPB.OzoneManagerProtocolServerSideTranslatorPB.submitRequest(OzoneManagerProtocolServerSideTranslatorPB.java:147) [ozone-manager-1.3.0-SNAPSHOT.jar:?]
	at org.apache.hadoop.ozone.protocol.proto.OzoneManagerProtocolProtos$OzoneManagerService$2.callBlockingMethod(OzoneManagerProtocolProtos.java) [ozone-interface-client-1.3.0-SNAPSHOT.jar:?]
	at org.apache.hadoop.ipc.ProtobufRpcEngine$Server.processCall(ProtobufRpcEngine.java:466) [hadoop-common-3.3.1.jar:?]
	at org.apache.hadoop.ipc.ProtobufRpcEngine2$Server$ProtoBufRpcInvoker.call(ProtobufRpcEngine2.java:574) [hadoop-common-3.3.1.jar:?]
	at org.apache.hadoop.ipc.ProtobufRpcEngine2$Server$ProtoBufRpcInvoker.call(ProtobufRpcEngine2.java:552) [hadoop-common-3.3.1.jar:?]
	at org.apache.hadoop.ipc.RPC$Server.call(RPC.java:1093) [hadoop-common-3.3.1.jar:?]
	at org.apache.hadoop.ipc.Server$RpcCall.run(Server.java:1035) [hadoop-common-3.3.1.jar:?]
	at org.apache.hadoop.ipc.Server$RpcCall.run(Server.java:963) [hadoop-common-3.3.1.jar:?]
	at java.security.AccessController.doPrivileged(Native Method) ~[?:1.8.0_345]
	at javax.security.auth.Subject.doAs(Subject.java:422) [?:1.8.0_345]
	at org.apache.hadoop.security.UserGroupInformation.doAs(UserGroupInformation.java:1878) [hadoop-common-3.3.1.jar:?]
	at org.apache.hadoop.ipc.Server$Handler.run(Server.java:2966) [hadoop-common-3.3.1.jar:?]
2022-09-28 15:55:04,819 [Time-limited test] WARN  ozone.BasicOzoneFileSystem (BasicOzoneFileSystem.java:getFileStatus(765)) - GetFileStatus failed for path /.Trash/runner/Current/testKey2
java.io.FileNotFoundException: .Trash/runner/Current/testKey2: No such file or directory!
	at org.apache.hadoop.fs.ozone.BasicOzoneClientAdapterImpl.getFileStatus(BasicOzoneClientAdapterImpl.java:369)
	at org.apache.hadoop.fs.ozone.BasicOzoneFileSystem.getFileStatus(BasicOzoneFileSystem.java:757)
	at org.apache.hadoop.fs.FileSystem.exists(FileSystem.java:1760)
	at org.apache.hadoop.fs.ozone.BasicOzoneFileSystem.exists(BasicOzoneFileSystem.java:804)
	at org.apache.hadoop.fs.TrashPolicyDefault.moveToTrash(TrashPolicyDefault.java:181)
	at org.apache.hadoop.fs.Trash.moveToTrash(Trash.java:110)
	at org.apache.hadoop.fs.ozone.TestOzoneFileSystem.testTrash(TestOzoneFileSystem.java:1543)
	at sun.reflect.NativeMethodAccessorImpl.invoke0(Native Method)
	at sun.reflect.NativeMethodAccessorImpl.invoke(NativeMethodAccessorImpl.java:62)
	at sun.reflect.DelegatingMethodAccessorImpl.invoke(DelegatingMethodAccessorImpl.java:43)
	at java.lang.reflect.Method.invoke(Method.java:498)
	at org.junit.runners.model.FrameworkMethod$1.runReflectiveCall(FrameworkMethod.java:59)
	at org.junit.internal.runners.model.ReflectiveCallable.run(ReflectiveCallable.java:12)
	at org.junit.runners.model.FrameworkMethod.invokeExplosively(FrameworkMethod.java:56)
	at org.junit.internal.runners.statements.InvokeMethod.evaluate(InvokeMethod.java:17)
	at org.junit.internal.runners.statements.RunAfters.evaluate(RunAfters.java:27)
	at org.junit.internal.runners.statements.FailOnTimeout$CallableStatement.call(FailOnTimeout.java:288)
	at org.junit.internal.runners.statements.FailOnTimeout$CallableStatement.call(FailOnTimeout.java:282)
	at java.util.concurrent.FutureTask.run(FutureTask.java:266)
	at java.lang.Thread.run(Thread.java:750)
15:55:04.820 [IPC Server handler 4 on default port 37257] ERROR OMAudit - user=runner | ip=127.0.0.1 | op=GET_FILE_STATUS {volume=volume14467, bucket=bucket64159, key=.Trash/runner/Current/testKey2, dataSize=0, replicationConfig=null} | ret=FAILURE
org.apache.hadoop.ozone.om.exceptions.OMException: Unable to get file status: volume: volume14467 bucket: bucket64159 key: .Trash/runner/Current/testKey2
	at org.apache.hadoop.ozone.om.KeyManagerImpl.getOzoneFileStatus(KeyManagerImpl.java:1324) ~[ozone-manager-1.3.0-SNAPSHOT.jar:?]
	at org.apache.hadoop.ozone.om.KeyManagerImpl.getFileStatus(KeyManagerImpl.java:1254) ~[ozone-manager-1.3.0-SNAPSHOT.jar:?]
	at org.apache.hadoop.ozone.om.OzoneManager.getFileStatus(OzoneManager.java:3506) ~[ozone-manager-1.3.0-SNAPSHOT.jar:?]
	at org.apache.hadoop.ozone.protocolPB.OzoneManagerRequestHandler.getOzoneFileStatus(OzoneManagerRequestHandler.java:882) ~[ozone-manager-1.3.0-SNAPSHOT.jar:?]
	at org.apache.hadoop.ozone.protocolPB.OzoneManagerRequestHandler.handleReadRequest(OzoneManagerRequestHandler.java:228) ~[ozone-manager-1.3.0-SNAPSHOT.jar:?]
	at org.apache.hadoop.ozone.protocolPB.OzoneManagerProtocolServerSideTranslatorPB.submitReadRequestToOM(OzoneManagerProtocolServerSideTranslatorPB.java:226) ~[ozone-manager-1.3.0-SNAPSHOT.jar:?]
	at org.apache.hadoop.ozone.protocolPB.OzoneManagerProtocolServerSideTranslatorPB.processRequest(OzoneManagerProtocolServerSideTranslatorPB.java:175) ~[ozone-manager-1.3.0-SNAPSHOT.jar:?]
	at org.apache.hadoop.hdds.server.OzoneProtocolMessageDispatcher.processRequest(OzoneProtocolMessageDispatcher.java:87) [hdds-server-framework-1.3.0-SNAPSHOT.jar:?]
	at org.apache.hadoop.ozone.protocolPB.OzoneManagerProtocolServerSideTranslatorPB.submitRequest(OzoneManagerProtocolServerSideTranslatorPB.java:147) [ozone-manager-1.3.0-SNAPSHOT.jar:?]
	at org.apache.hadoop.ozone.protocol.proto.OzoneManagerProtocolProtos$OzoneManagerService$2.callBlockingMethod(OzoneManagerProtocolProtos.java) [ozone-interface-client-1.3.0-SNAPSHOT.jar:?]
	at org.apache.hadoop.ipc.ProtobufRpcEngine$Server.processCall(ProtobufRpcEngine.java:466) [hadoop-common-3.3.1.jar:?]
	at org.apache.hadoop.ipc.ProtobufRpcEngine2$Server$ProtoBufRpcInvoker.call(ProtobufRpcEngine2.java:574) [hadoop-common-3.3.1.jar:?]
	at org.apache.hadoop.ipc.ProtobufRpcEngine2$Server$ProtoBufRpcInvoker.call(ProtobufRpcEngine2.java:552) [hadoop-common-3.3.1.jar:?]
	at org.apache.hadoop.ipc.RPC$Server.call(RPC.java:1093) [hadoop-common-3.3.1.jar:?]
	at org.apache.hadoop.ipc.Server$RpcCall.run(Server.java:1035) [hadoop-common-3.3.1.jar:?]
	at org.apache.hadoop.ipc.Server$RpcCall.run(Server.java:963) [hadoop-common-3.3.1.jar:?]
	at java.security.AccessController.doPrivileged(Native Method) ~[?:1.8.0_345]
	at javax.security.auth.Subject.doAs(Subject.java:422) [?:1.8.0_345]
	at org.apache.hadoop.security.UserGroupInformation.doAs(UserGroupInformation.java:1878) [hadoop-common-3.3.1.jar:?]
	at org.apache.hadoop.ipc.Server$Handler.run(Server.java:2966) [hadoop-common-3.3.1.jar:?]
2022-09-28 15:55:04,821 [Time-limited test] WARN  ozone.BasicOzoneFileSystem (BasicOzoneFileSystem.java:getFileStatus(765)) - GetFileStatus failed for path /.Trash/runner/Current/testKey2
java.io.FileNotFoundException: .Trash/runner/Current/testKey2: No such file or directory!
	at org.apache.hadoop.fs.ozone.BasicOzoneClientAdapterImpl.getFileStatus(BasicOzoneClientAdapterImpl.java:369)
	at org.apache.hadoop.fs.ozone.BasicOzoneFileSystem.getFileStatus(BasicOzoneFileSystem.java:757)
	at org.apache.hadoop.fs.ozone.BasicOzoneFileSystem.rename(BasicOzoneFileSystem.java:357)
	at org.apache.hadoop.fs.ozone.BasicOzoneFileSystem.rename(BasicOzoneFileSystem.java:454)
	at org.apache.hadoop.fs.TrashPolicyDefault.moveToTrash(TrashPolicyDefault.java:186)
	at org.apache.hadoop.fs.Trash.moveToTrash(Trash.java:110)
	at org.apache.hadoop.fs.ozone.TestOzoneFileSystem.testTrash(TestOzoneFileSystem.java:1543)
	at sun.reflect.NativeMethodAccessorImpl.invoke0(Native Method)
	at sun.reflect.NativeMethodAccessorImpl.invoke(NativeMethodAccessorImpl.java:62)
	at sun.reflect.DelegatingMethodAccessorImpl.invoke(DelegatingMethodAccessorImpl.java:43)
	at java.lang.reflect.Method.invoke(Method.java:498)
	at org.junit.runners.model.FrameworkMethod$1.runReflectiveCall(FrameworkMethod.java:59)
	at org.junit.internal.runners.model.ReflectiveCallable.run(ReflectiveCallable.java:12)
	at org.junit.runners.model.FrameworkMethod.invokeExplosively(FrameworkMethod.java:56)
	at org.junit.internal.runners.statements.InvokeMethod.evaluate(InvokeMethod.java:17)
	at org.junit.internal.runners.statements.RunAfters.evaluate(RunAfters.java:27)
	at org.junit.internal.runners.statements.FailOnTimeout$CallableStatement.call(FailOnTimeout.java:288)
	at org.junit.internal.runners.statements.FailOnTimeout$CallableStatement.call(FailOnTimeout.java:282)
	at java.util.concurrent.FutureTask.run(FutureTask.java:266)
	at java.lang.Thread.run(Thread.java:750)
2022-09-28 15:55:04,826 [Time-limited test] INFO  fs.TrashPolicyDefault (TrashPolicyDefault.java:moveToTrash(188)) - Moved: '/testKey2' to trash at: /.Trash/runner/Current/testKey2
15:55:06.829 [IPC Server handler 10 on default port 37257] ERROR OMAudit - user=runner | ip=127.0.0.1 | op=GET_FILE_STATUS {volume=volume14467, bucket=bucket64159, key=.Trash/runner/Current/testKey2, dataSize=0, replicationConfig=null} | ret=FAILURE
org.apache.hadoop.ozone.om.exceptions.OMException: Unable to get file status: volume: volume14467 bucket: bucket64159 key: .Trash/runner/Current/testKey2
	at org.apache.hadoop.ozone.om.KeyManagerImpl.getOzoneFileStatus(KeyManagerImpl.java:1324) ~[ozone-manager-1.3.0-SNAPSHOT.jar:?]
	at org.apache.hadoop.ozone.om.KeyManagerImpl.getFileStatus(KeyManagerImpl.java:1254) ~[ozone-manager-1.3.0-SNAPSHOT.jar:?]
	at org.apache.hadoop.ozone.om.OzoneManager.getFileStatus(OzoneManager.java:3506) ~[ozone-manager-1.3.0-SNAPSHOT.jar:?]
	at org.apache.hadoop.ozone.protocolPB.OzoneManagerRequestHandler.getOzoneFileStatus(OzoneManagerRequestHandler.java:882) ~[ozone-manager-1.3.0-SNAPSHOT.jar:?]
	at org.apache.hadoop.ozone.protocolPB.OzoneManagerRequestHandler.handleReadRequest(OzoneManagerRequestHandler.java:228) ~[ozone-manager-1.3.0-SNAPSHOT.jar:?]
	at org.apache.hadoop.ozone.protocolPB.OzoneManagerProtocolServerSideTranslatorPB.submitReadRequestToOM(OzoneManagerProtocolServerSideTranslatorPB.java:226) ~[ozone-manager-1.3.0-SNAPSHOT.jar:?]
	at org.apache.hadoop.ozone.protocolPB.OzoneManagerProtocolServerSideTranslatorPB.processRequest(OzoneManagerProtocolServerSideTranslatorPB.java:175) ~[ozone-manager-1.3.0-SNAPSHOT.jar:?]
	at org.apache.hadoop.hdds.server.OzoneProtocolMessageDispatcher.processRequest(OzoneProtocolMessageDispatcher.java:87) [hdds-server-framework-1.3.0-SNAPSHOT.jar:?]
	at org.apache.hadoop.ozone.protocolPB.OzoneManagerProtocolServerSideTranslatorPB.submitRequest(OzoneManagerProtocolServerSideTranslatorPB.java:147) [ozone-manager-1.3.0-SNAPSHOT.jar:?]
	at org.apache.hadoop.ozone.protocol.proto.OzoneManagerProtocolProtos$OzoneManagerService$2.callBlockingMethod(OzoneManagerProtocolProtos.java) [ozone-interface-client-1.3.0-SNAPSHOT.jar:?]
	at org.apache.hadoop.ipc.ProtobufRpcEngine$Server.processCall(ProtobufRpcEngine.java:466) [hadoop-common-3.3.1.jar:?]
	at org.apache.hadoop.ipc.ProtobufRpcEngine2$Server$ProtoBufRpcInvoker.call(ProtobufRpcEngine2.java:574) [hadoop-common-3.3.1.jar:?]
	at org.apache.hadoop.ipc.ProtobufRpcEngine2$Server$ProtoBufRpcInvoker.call(ProtobufRpcEngine2.java:552) [hadoop-common-3.3.1.jar:?]
	at org.apache.hadoop.ipc.RPC$Server.call(RPC.java:1093) [hadoop-common-3.3.1.jar:?]
	at org.apache.hadoop.ipc.Server$RpcCall.run(Server.java:1035) [hadoop-common-3.3.1.jar:?]
	at org.apache.hadoop.ipc.Server$RpcCall.run(Server.java:963) [hadoop-common-3.3.1.jar:?]
	at java.security.AccessController.doPrivileged(Native Method) ~[?:1.8.0_345]
	at javax.security.auth.Subject.doAs(Subject.java:422) [?:1.8.0_345]
	at org.apache.hadoop.security.UserGroupInformation.doAs(UserGroupInformation.java:1878) [hadoop-common-3.3.1.jar:?]
	at org.apache.hadoop.ipc.Server$Handler.run(Server.java:2966) [hadoop-common-3.3.1.jar:?]
2022-09-28 15:55:06,829 [Time-limited test] WARN  ozone.BasicOzoneFileSystem (BasicOzoneFileSystem.java:getFileStatus(765)) - GetFileStatus failed for path /.Trash/runner/Current/testKey2
java.io.FileNotFoundException: .Trash/runner/Current/testKey2: No such file or directory!
	at org.apache.hadoop.fs.ozone.BasicOzoneClientAdapterImpl.getFileStatus(BasicOzoneClientAdapterImpl.java:369)
	at org.apache.hadoop.fs.ozone.BasicOzoneFileSystem.getFileStatus(BasicOzoneFileSystem.java:757)
	at org.apache.hadoop.fs.FileSystem.exists(FileSystem.java:1760)
	at org.apache.hadoop.fs.ozone.BasicOzoneFileSystem.exists(BasicOzoneFileSystem.java:804)
	at org.apache.hadoop.fs.ozone.TestOzoneFileSystem.lambda$testTrash$5(TestOzoneFileSystem.java:1555)
	at org.apache.ozone.test.GenericTestUtils.waitFor(GenericTestUtils.java:218)
	at org.apache.hadoop.fs.ozone.TestOzoneFileSystem.testTrash(TestOzoneFileSystem.java:1553)
	at sun.reflect.NativeMethodAccessorImpl.invoke0(Native Method)
	at sun.reflect.NativeMethodAccessorImpl.invoke(NativeMethodAccessorImpl.java:62)
	at sun.reflect.DelegatingMethodAccessorImpl.invoke(DelegatingMethodAccessorImpl.java:43)
	at java.lang.reflect.Method.invoke(Method.java:498)
	at org.junit.runners.model.FrameworkMethod$1.runReflectiveCall(FrameworkMethod.java:59)
	at org.junit.internal.runners.model.ReflectiveCallable.run(ReflectiveCallable.java:12)
	at org.junit.runners.model.FrameworkMethod.invokeExplosively(FrameworkMethod.java:56)
	at org.junit.internal.runners.statements.InvokeMethod.evaluate(InvokeMethod.java:17)
	at org.junit.internal.runners.statements.RunAfters.evaluate(RunAfters.java:27)
	at org.junit.internal.runners.statements.FailOnTimeout$CallableStatement.call(FailOnTimeout.java:288)
	at org.junit.internal.runners.statements.FailOnTimeout$CallableStatement.call(FailOnTimeout.java:282)
	at java.util.concurrent.FutureTask.run(FutureTask.java:266)
	at java.lang.Thread.run(Thread.java:750)
]]></system-out>
  </testcase>
  <testcase name="testTrash" classname="TestOzoneFileSystem" time="5.066">
    <system-out><![CDATA[15:56:57.245 [IPC Server handler 1 on default port 41537] ERROR OMAudit - user=runner | ip=127.0.0.1 | op=GET_FILE_STATUS {volume=volume06113, bucket=bucket59830, key=.Trash/runner/Current/testKey2, dataSize=0, replicationConfig=null} | ret=FAILURE
org.apache.hadoop.ozone.om.exceptions.OMException: Unable to get file status: volume: volume06113 bucket: bucket59830 key: .Trash/runner/Current/testKey2
	at org.apache.hadoop.ozone.om.KeyManagerImpl.getOzoneFileStatus(KeyManagerImpl.java:1324) ~[ozone-manager-1.3.0-SNAPSHOT.jar:?]
	at org.apache.hadoop.ozone.om.KeyManagerImpl.getFileStatus(KeyManagerImpl.java:1254) ~[ozone-manager-1.3.0-SNAPSHOT.jar:?]
	at org.apache.hadoop.ozone.om.OzoneManager.getFileStatus(OzoneManager.java:3506) ~[ozone-manager-1.3.0-SNAPSHOT.jar:?]
	at org.apache.hadoop.ozone.protocolPB.OzoneManagerRequestHandler.getOzoneFileStatus(OzoneManagerRequestHandler.java:882) ~[ozone-manager-1.3.0-SNAPSHOT.jar:?]
	at org.apache.hadoop.ozone.protocolPB.OzoneManagerRequestHandler.handleReadRequest(OzoneManagerRequestHandler.java:228) ~[ozone-manager-1.3.0-SNAPSHOT.jar:?]
	at org.apache.hadoop.ozone.protocolPB.OzoneManagerProtocolServerSideTranslatorPB.submitRequestDirectlyToOM(OzoneManagerProtocolServerSideTranslatorPB.java:276) ~[ozone-manager-1.3.0-SNAPSHOT.jar:?]
	at org.apache.hadoop.ozone.protocolPB.OzoneManagerProtocolServerSideTranslatorPB.processRequest(OzoneManagerProtocolServerSideTranslatorPB.java:205) ~[ozone-manager-1.3.0-SNAPSHOT.jar:?]
	at org.apache.hadoop.hdds.server.OzoneProtocolMessageDispatcher.processRequest(OzoneProtocolMessageDispatcher.java:87) [hdds-server-framework-1.3.0-SNAPSHOT.jar:?]
	at org.apache.hadoop.ozone.protocolPB.OzoneManagerProtocolServerSideTranslatorPB.submitRequest(OzoneManagerProtocolServerSideTranslatorPB.java:147) [ozone-manager-1.3.0-SNAPSHOT.jar:?]
	at org.apache.hadoop.ozone.protocol.proto.OzoneManagerProtocolProtos$OzoneManagerService$2.callBlockingMethod(OzoneManagerProtocolProtos.java) [ozone-interface-client-1.3.0-SNAPSHOT.jar:?]
	at org.apache.hadoop.ipc.ProtobufRpcEngine$Server.processCall(ProtobufRpcEngine.java:466) [hadoop-common-3.3.1.jar:?]
	at org.apache.hadoop.ipc.ProtobufRpcEngine2$Server$ProtoBufRpcInvoker.call(ProtobufRpcEngine2.java:574) [hadoop-common-3.3.1.jar:?]
	at org.apache.hadoop.ipc.ProtobufRpcEngine2$Server$ProtoBufRpcInvoker.call(ProtobufRpcEngine2.java:552) [hadoop-common-3.3.1.jar:?]
	at org.apache.hadoop.ipc.RPC$Server.call(RPC.java:1093) [hadoop-common-3.3.1.jar:?]
	at org.apache.hadoop.ipc.Server$RpcCall.run(Server.java:1035) [hadoop-common-3.3.1.jar:?]
	at org.apache.hadoop.ipc.Server$RpcCall.run(Server.java:963) [hadoop-common-3.3.1.jar:?]
	at java.security.AccessController.doPrivileged(Native Method) ~[?:1.8.0_345]
	at javax.security.auth.Subject.doAs(Subject.java:422) [?:1.8.0_345]
	at org.apache.hadoop.security.UserGroupInformation.doAs(UserGroupInformation.java:1878) [hadoop-common-3.3.1.jar:?]
	at org.apache.hadoop.ipc.Server$Handler.run(Server.java:2966) [hadoop-common-3.3.1.jar:?]
2022-09-28 15:56:57,245 [Time-limited test] WARN  ozone.BasicOzoneFileSystem (BasicOzoneFileSystem.java:getFileStatus(765)) - GetFileStatus failed for path /.Trash/runner/Current/testKey2
java.io.FileNotFoundException: .Trash/runner/Current/testKey2: No such file or directory!
	at org.apache.hadoop.fs.ozone.BasicOzoneClientAdapterImpl.getFileStatus(BasicOzoneClientAdapterImpl.java:369)
	at org.apache.hadoop.fs.ozone.BasicOzoneFileSystem.getFileStatus(BasicOzoneFileSystem.java:757)
	at org.apache.hadoop.fs.FileSystem.exists(FileSystem.java:1760)
	at org.apache.hadoop.fs.ozone.BasicOzoneFileSystem.exists(BasicOzoneFileSystem.java:804)
	at org.apache.hadoop.fs.TrashPolicyDefault.moveToTrash(TrashPolicyDefault.java:181)
	at org.apache.hadoop.fs.Trash.moveToTrash(Trash.java:110)
	at org.apache.hadoop.fs.ozone.TestOzoneFileSystem.testTrash(TestOzoneFileSystem.java:1543)
	at sun.reflect.NativeMethodAccessorImpl.invoke0(Native Method)
	at sun.reflect.NativeMethodAccessorImpl.invoke(NativeMethodAccessorImpl.java:62)
	at sun.reflect.DelegatingMethodAccessorImpl.invoke(DelegatingMethodAccessorImpl.java:43)
	at java.lang.reflect.Method.invoke(Method.java:498)
	at org.junit.runners.model.FrameworkMethod$1.runReflectiveCall(FrameworkMethod.java:59)
	at org.junit.internal.runners.model.ReflectiveCallable.run(ReflectiveCallable.java:12)
	at org.junit.runners.model.FrameworkMethod.invokeExplosively(FrameworkMethod.java:56)
	at org.junit.internal.runners.statements.InvokeMethod.evaluate(InvokeMethod.java:17)
	at org.junit.internal.runners.statements.RunAfters.evaluate(RunAfters.java:27)
	at org.junit.internal.runners.statements.FailOnTimeout$CallableStatement.call(FailOnTimeout.java:288)
	at org.junit.internal.runners.statements.FailOnTimeout$CallableStatement.call(FailOnTimeout.java:282)
	at java.util.concurrent.FutureTask.run(FutureTask.java:266)
	at java.lang.Thread.run(Thread.java:750)
15:56:57.246 [IPC Server handler 8 on default port 41537] ERROR OMAudit - user=runner | ip=127.0.0.1 | op=GET_FILE_STATUS {volume=volume06113, bucket=bucket59830, key=.Trash/runner/Current/testKey2, dataSize=0, replicationConfig=null} | ret=FAILURE
org.apache.hadoop.ozone.om.exceptions.OMException: Unable to get file status: volume: volume06113 bucket: bucket59830 key: .Trash/runner/Current/testKey2
	at org.apache.hadoop.ozone.om.KeyManagerImpl.getOzoneFileStatus(KeyManagerImpl.java:1324) ~[ozone-manager-1.3.0-SNAPSHOT.jar:?]
	at org.apache.hadoop.ozone.om.KeyManagerImpl.getFileStatus(KeyManagerImpl.java:1254) ~[ozone-manager-1.3.0-SNAPSHOT.jar:?]
	at org.apache.hadoop.ozone.om.OzoneManager.getFileStatus(OzoneManager.java:3506) ~[ozone-manager-1.3.0-SNAPSHOT.jar:?]
	at org.apache.hadoop.ozone.protocolPB.OzoneManagerRequestHandler.getOzoneFileStatus(OzoneManagerRequestHandler.java:882) ~[ozone-manager-1.3.0-SNAPSHOT.jar:?]
	at org.apache.hadoop.ozone.protocolPB.OzoneManagerRequestHandler.handleReadRequest(OzoneManagerRequestHandler.java:228) ~[ozone-manager-1.3.0-SNAPSHOT.jar:?]
	at org.apache.hadoop.ozone.protocolPB.OzoneManagerProtocolServerSideTranslatorPB.submitRequestDirectlyToOM(OzoneManagerProtocolServerSideTranslatorPB.java:276) ~[ozone-manager-1.3.0-SNAPSHOT.jar:?]
	at org.apache.hadoop.ozone.protocolPB.OzoneManagerProtocolServerSideTranslatorPB.processRequest(OzoneManagerProtocolServerSideTranslatorPB.java:205) ~[ozone-manager-1.3.0-SNAPSHOT.jar:?]
	at org.apache.hadoop.hdds.server.OzoneProtocolMessageDispatcher.processRequest(OzoneProtocolMessageDispatcher.java:87) [hdds-server-framework-1.3.0-SNAPSHOT.jar:?]
	at org.apache.hadoop.ozone.protocolPB.OzoneManagerProtocolServerSideTranslatorPB.submitRequest(OzoneManagerProtocolServerSideTranslatorPB.java:147) [ozone-manager-1.3.0-SNAPSHOT.jar:?]
	at org.apache.hadoop.ozone.protocol.proto.OzoneManagerProtocolProtos$OzoneManagerService$2.callBlockingMethod(OzoneManagerProtocolProtos.java) [ozone-interface-client-1.3.0-SNAPSHOT.jar:?]
	at org.apache.hadoop.ipc.ProtobufRpcEngine$Server.processCall(ProtobufRpcEngine.java:466) [hadoop-common-3.3.1.jar:?]
	at org.apache.hadoop.ipc.ProtobufRpcEngine2$Server$ProtoBufRpcInvoker.call(ProtobufRpcEngine2.java:574) [hadoop-common-3.3.1.jar:?]
	at org.apache.hadoop.ipc.ProtobufRpcEngine2$Server$ProtoBufRpcInvoker.call(ProtobufRpcEngine2.java:552) [hadoop-common-3.3.1.jar:?]
	at org.apache.hadoop.ipc.RPC$Server.call(RPC.java:1093) [hadoop-common-3.3.1.jar:?]
	at org.apache.hadoop.ipc.Server$RpcCall.run(Server.java:1035) [hadoop-common-3.3.1.jar:?]
	at org.apache.hadoop.ipc.Server$RpcCall.run(Server.java:963) [hadoop-common-3.3.1.jar:?]
	at java.security.AccessController.doPrivileged(Native Method) ~[?:1.8.0_345]
	at javax.security.auth.Subject.doAs(Subject.java:422) [?:1.8.0_345]
	at org.apache.hadoop.security.UserGroupInformation.doAs(UserGroupInformation.java:1878) [hadoop-common-3.3.1.jar:?]
	at org.apache.hadoop.ipc.Server$Handler.run(Server.java:2966) [hadoop-common-3.3.1.jar:?]
2022-09-28 15:56:57,246 [Time-limited test] WARN  ozone.BasicOzoneFileSystem (BasicOzoneFileSystem.java:getFileStatus(765)) - GetFileStatus failed for path /.Trash/runner/Current/testKey2
java.io.FileNotFoundException: .Trash/runner/Current/testKey2: No such file or directory!
	at org.apache.hadoop.fs.ozone.BasicOzoneClientAdapterImpl.getFileStatus(BasicOzoneClientAdapterImpl.java:369)
	at org.apache.hadoop.fs.ozone.BasicOzoneFileSystem.getFileStatus(BasicOzoneFileSystem.java:757)
	at org.apache.hadoop.fs.ozone.BasicOzoneFileSystem.rename(BasicOzoneFileSystem.java:357)
	at org.apache.hadoop.fs.ozone.BasicOzoneFileSystem.rename(BasicOzoneFileSystem.java:454)
	at org.apache.hadoop.fs.TrashPolicyDefault.moveToTrash(TrashPolicyDefault.java:186)
	at org.apache.hadoop.fs.Trash.moveToTrash(Trash.java:110)
	at org.apache.hadoop.fs.ozone.TestOzoneFileSystem.testTrash(TestOzoneFileSystem.java:1543)
	at sun.reflect.NativeMethodAccessorImpl.invoke0(Native Method)
	at sun.reflect.NativeMethodAccessorImpl.invoke(NativeMethodAccessorImpl.java:62)
	at sun.reflect.DelegatingMethodAccessorImpl.invoke(DelegatingMethodAccessorImpl.java:43)
	at java.lang.reflect.Method.invoke(Method.java:498)
	at org.junit.runners.model.FrameworkMethod$1.runReflectiveCall(FrameworkMethod.java:59)
	at org.junit.internal.runners.model.ReflectiveCallable.run(ReflectiveCallable.java:12)
	at org.junit.runners.model.FrameworkMethod.invokeExplosively(FrameworkMethod.java:56)
	at org.junit.internal.runners.statements.InvokeMethod.evaluate(InvokeMethod.java:17)
	at org.junit.internal.runners.statements.RunAfters.evaluate(RunAfters.java:27)
	at org.junit.internal.runners.statements.FailOnTimeout$CallableStatement.call(FailOnTimeout.java:288)
	at org.junit.internal.runners.statements.FailOnTimeout$CallableStatement.call(FailOnTimeout.java:282)
	at java.util.concurrent.FutureTask.run(FutureTask.java:266)
	at java.lang.Thread.run(Thread.java:750)
2022-09-28 15:56:57,251 [Time-limited test] INFO  fs.TrashPolicyDefault (TrashPolicyDefault.java:moveToTrash(188)) - Moved: '/testKey2' to trash at: /.Trash/runner/Current/testKey2
2022-09-28 15:56:58,243 [8c5cbec5-1e98-45a3-8a83-5527ccbe40ad@group-BABD911B9D66-FollowerState] INFO  impl.FollowerState (FollowerState.java:run(143)) - 8c5cbec5-1e98-45a3-8a83-5527ccbe40ad@group-BABD911B9D66-FollowerState: change to CANDIDATE, lastRpcElapsedTime:5198979474ns, electionTimeout:5172ms
2022-09-28 15:56:58,243 [8c5cbec5-1e98-45a3-8a83-5527ccbe40ad@group-BABD911B9D66-FollowerState] INFO  impl.RoleInfo (RoleInfo.java:shutdownFollowerState(110)) - 8c5cbec5-1e98-45a3-8a83-5527ccbe40ad: shutdown 8c5cbec5-1e98-45a3-8a83-5527ccbe40ad@group-BABD911B9D66-FollowerState
2022-09-28 15:56:58,243 [8c5cbec5-1e98-45a3-8a83-5527ccbe40ad@group-BABD911B9D66-FollowerState] INFO  server.RaftServer$Division (RaftServerImpl.java:setRole(299)) - 8c5cbec5-1e98-45a3-8a83-5527ccbe40ad@group-BABD911B9D66: changes role from  FOLLOWER to CANDIDATE at term 2 for changeToCandidate
2022-09-28 15:56:58,243 [8c5cbec5-1e98-45a3-8a83-5527ccbe40ad@group-BABD911B9D66-FollowerState] INFO  server.RaftServerConfigKeys (ConfUtils.java:logGet(46)) - raft.server.leaderelection.pre-vote = false (custom)
2022-09-28 15:56:58,244 [8c5cbec5-1e98-45a3-8a83-5527ccbe40ad@group-BABD911B9D66-FollowerState] INFO  impl.RoleInfo (RoleInfo.java:updateAndGet(139)) - 8c5cbec5-1e98-45a3-8a83-5527ccbe40ad: start 8c5cbec5-1e98-45a3-8a83-5527ccbe40ad@group-BABD911B9D66-LeaderElection51
2022-09-28 15:56:58,267 [0f80ef1a-6e1f-426a-9fb6-49677c19ba92@group-BABD911B9D66-FollowerState] INFO  impl.FollowerState (FollowerState.java:run(143)) - 0f80ef1a-6e1f-426a-9fb6-49677c19ba92@group-BABD911B9D66-FollowerState: change to CANDIDATE, lastRpcElapsedTime:5051506693ns, electionTimeout:5051ms
2022-09-28 15:56:58,267 [0f80ef1a-6e1f-426a-9fb6-49677c19ba92@group-BABD911B9D66-FollowerState] INFO  impl.RoleInfo (RoleInfo.java:shutdownFollowerState(110)) - 0f80ef1a-6e1f-426a-9fb6-49677c19ba92: shutdown 0f80ef1a-6e1f-426a-9fb6-49677c19ba92@group-BABD911B9D66-FollowerState
2022-09-28 15:56:58,267 [0f80ef1a-6e1f-426a-9fb6-49677c19ba92@group-BABD911B9D66-FollowerState] INFO  server.RaftServer$Division (RaftServerImpl.java:setRole(299)) - 0f80ef1a-6e1f-426a-9fb6-49677c19ba92@group-BABD911B9D66: changes role from  FOLLOWER to CANDIDATE at term 2 for changeToCandidate
2022-09-28 15:56:58,267 [0f80ef1a-6e1f-426a-9fb6-49677c19ba92@group-BABD911B9D66-FollowerState] INFO  server.RaftServerConfigKeys (ConfUtils.java:logGet(46)) - raft.server.leaderelection.pre-vote = false (custom)
2022-09-28 15:56:58,267 [0f80ef1a-6e1f-426a-9fb6-49677c19ba92@group-BABD911B9D66-FollowerState] INFO  impl.RoleInfo (RoleInfo.java:updateAndGet(139)) - 0f80ef1a-6e1f-426a-9fb6-49677c19ba92: start 0f80ef1a-6e1f-426a-9fb6-49677c19ba92@group-BABD911B9D66-LeaderElection52
2022-09-28 15:56:58,281 [8c5cbec5-1e98-45a3-8a83-5527ccbe40ad@group-BABD911B9D66-LeaderElection51] INFO  impl.LeaderElection (LeaderElection.java:askForVotes(310)) - 8c5cbec5-1e98-45a3-8a83-5527ccbe40ad@group-BABD911B9D66-LeaderElection51 ELECTION round 0: submit vote requests at term 3 for -1: [8c5cbec5-1e98-45a3-8a83-5527ccbe40ad|rpc:10.1.1.55:44337|priority:0, 34248cef-dc81-419d-a997-c38b939b47d3|rpc:10.1.1.55:45713|priority:1, 0f80ef1a-6e1f-426a-9fb6-49677c19ba92|rpc:10.1.1.55:46649|priority:0], old=null
2022-09-28 15:56:58,290 [0f80ef1a-6e1f-426a-9fb6-49677c19ba92@group-BABD911B9D66-LeaderElection52] INFO  impl.LeaderElection (LeaderElection.java:askForVotes(310)) - 0f80ef1a-6e1f-426a-9fb6-49677c19ba92@group-BABD911B9D66-LeaderElection52 ELECTION round 0: submit vote requests at term 3 for -1: [8c5cbec5-1e98-45a3-8a83-5527ccbe40ad|rpc:10.1.1.55:44337|dataStream:|priority:0, 34248cef-dc81-419d-a997-c38b939b47d3|rpc:10.1.1.55:45713|dataStream:|priority:1, 0f80ef1a-6e1f-426a-9fb6-49677c19ba92|rpc:10.1.1.55:46649|dataStream:|priority:0], old=null
2022-09-28 15:56:58,324 [grpc-default-executor-2] INFO  server.RaftServer$Division (RaftServerImpl.java:requestVote(1152)) - 34248cef-dc81-419d-a997-c38b939b47d3@group-BABD911B9D66: receive requestVote(ELECTION, 8c5cbec5-1e98-45a3-8a83-5527ccbe40ad, group-BABD911B9D66, 3, (t:0, i:0))
2022-09-28 15:56:58,324 [grpc-default-executor-2] INFO  impl.VoteContext (VoteContext.java:log(48)) - 34248cef-dc81-419d-a997-c38b939b47d3@group-BABD911B9D66-FOLLOWER: reject ELECTION from 8c5cbec5-1e98-45a3-8a83-5527ccbe40ad: our priority 1 > candidate's priority 0
2022-09-28 15:56:58,324 [grpc-default-executor-2] INFO  server.RaftServer$Division (RaftServerImpl.java:setRole(299)) - 34248cef-dc81-419d-a997-c38b939b47d3@group-BABD911B9D66: changes role from  FOLLOWER to FOLLOWER at term 3 for candidate:8c5cbec5-1e98-45a3-8a83-5527ccbe40ad
2022-09-28 15:56:58,324 [grpc-default-executor-2] INFO  impl.RoleInfo (RoleInfo.java:shutdownFollowerState(110)) - 34248cef-dc81-419d-a997-c38b939b47d3: shutdown 34248cef-dc81-419d-a997-c38b939b47d3@group-BABD911B9D66-FollowerState
2022-09-28 15:56:58,342 [34248cef-dc81-419d-a997-c38b939b47d3@group-BABD911B9D66-FollowerState] INFO  impl.FollowerState (FollowerState.java:shouldRun(117)) - 34248cef-dc81-419d-a997-c38b939b47d3@group-BABD911B9D66-FollowerState: Stopping now (isRunning? false, role = FOLLOWER)
2022-09-28 15:56:58,355 [grpc-default-executor-2] INFO  impl.RoleInfo (RoleInfo.java:updateAndGet(139)) - 34248cef-dc81-419d-a997-c38b939b47d3: start 34248cef-dc81-419d-a997-c38b939b47d3@group-BABD911B9D66-FollowerState
2022-09-28 15:56:58,344 [grpc-default-executor-3] INFO  server.RaftServer$Division (RaftServerImpl.java:requestVote(1152)) - 0f80ef1a-6e1f-426a-9fb6-49677c19ba92@group-BABD911B9D66: receive requestVote(ELECTION, 8c5cbec5-1e98-45a3-8a83-5527ccbe40ad, group-BABD911B9D66, 3, (t:0, i:0))
2022-09-28 15:56:58,363 [grpc-default-executor-3] INFO  impl.VoteContext (VoteContext.java:log(48)) - 0f80ef1a-6e1f-426a-9fb6-49677c19ba92@group-BABD911B9D66-CANDIDATE: reject ELECTION from 8c5cbec5-1e98-45a3-8a83-5527ccbe40ad: already has voted for 0f80ef1a-6e1f-426a-9fb6-49677c19ba92 at current term 3
2022-09-28 15:56:58,363 [grpc-default-executor-3] INFO  server.RaftServer$Division (RaftServerImpl.java:requestVote(1184)) - 0f80ef1a-6e1f-426a-9fb6-49677c19ba92@group-BABD911B9D66 replies to ELECTION vote request: 8c5cbec5-1e98-45a3-8a83-5527ccbe40ad<-0f80ef1a-6e1f-426a-9fb6-49677c19ba92#0:FAIL-t3. Peer's state: 0f80ef1a-6e1f-426a-9fb6-49677c19ba92@group-BABD911B9D66:t3, leader=null, voted=0f80ef1a-6e1f-426a-9fb6-49677c19ba92, raftlog=0f80ef1a-6e1f-426a-9fb6-49677c19ba92@group-BABD911B9D66-SegmentedRaftLog:OPENED:c-1, conf=-1: [8c5cbec5-1e98-45a3-8a83-5527ccbe40ad|rpc:10.1.1.55:44337|dataStream:|priority:0, 34248cef-dc81-419d-a997-c38b939b47d3|rpc:10.1.1.55:45713|dataStream:|priority:1, 0f80ef1a-6e1f-426a-9fb6-49677c19ba92|rpc:10.1.1.55:46649|dataStream:|priority:0], old=null
2022-09-28 15:56:58,368 [grpc-default-executor-2] INFO  server.RaftServer$Division (RaftServerImpl.java:requestVote(1184)) - 34248cef-dc81-419d-a997-c38b939b47d3@group-BABD911B9D66 replies to ELECTION vote request: 8c5cbec5-1e98-45a3-8a83-5527ccbe40ad<-34248cef-dc81-419d-a997-c38b939b47d3#0:FAIL-t3. Peer's state: 34248cef-dc81-419d-a997-c38b939b47d3@group-BABD911B9D66:t3, leader=null, voted=null, raftlog=34248cef-dc81-419d-a997-c38b939b47d3@group-BABD911B9D66-SegmentedRaftLog:OPENED:c-1, conf=-1: [8c5cbec5-1e98-45a3-8a83-5527ccbe40ad|rpc:10.1.1.55:44337|dataStream:|priority:0, 34248cef-dc81-419d-a997-c38b939b47d3|rpc:10.1.1.55:45713|dataStream:|priority:1, 0f80ef1a-6e1f-426a-9fb6-49677c19ba92|rpc:10.1.1.55:46649|dataStream:|priority:0], old=null
2022-09-28 15:56:58,371 [8c5cbec5-1e98-45a3-8a83-5527ccbe40ad@group-BABD911B9D66-LeaderElection51] INFO  impl.LeaderElection (LeaderElection.java:logAndReturn(90)) - 8c5cbec5-1e98-45a3-8a83-5527ccbe40ad@group-BABD911B9D66-LeaderElection51: ELECTION REJECTED received 1 response(s) and 0 exception(s):
2022-09-28 15:56:58,374 [8c5cbec5-1e98-45a3-8a83-5527ccbe40ad@group-BABD911B9D66-LeaderElection51] INFO  impl.LeaderElection (LeaderElection.java:logAndReturn(94)) -   Response 0: 8c5cbec5-1e98-45a3-8a83-5527ccbe40ad<-34248cef-dc81-419d-a997-c38b939b47d3#0:FAIL-t3
2022-09-28 15:56:58,374 [8c5cbec5-1e98-45a3-8a83-5527ccbe40ad@group-BABD911B9D66-LeaderElection51] INFO  impl.LeaderElection (LeaderElection.java:askForVotes(312)) - 8c5cbec5-1e98-45a3-8a83-5527ccbe40ad@group-BABD911B9D66-LeaderElection51 ELECTION round 0: result REJECTED
2022-09-28 15:56:58,374 [8c5cbec5-1e98-45a3-8a83-5527ccbe40ad@group-BABD911B9D66-LeaderElection51] INFO  server.RaftServer$Division (RaftServerImpl.java:setRole(299)) - 8c5cbec5-1e98-45a3-8a83-5527ccbe40ad@group-BABD911B9D66: changes role from CANDIDATE to FOLLOWER at term 3 for REJECTED
2022-09-28 15:56:58,374 [8c5cbec5-1e98-45a3-8a83-5527ccbe40ad@group-BABD911B9D66-LeaderElection51] INFO  impl.RoleInfo (RoleInfo.java:shutdownLeaderElection(130)) - 8c5cbec5-1e98-45a3-8a83-5527ccbe40ad: shutdown 8c5cbec5-1e98-45a3-8a83-5527ccbe40ad@group-BABD911B9D66-LeaderElection51
2022-09-28 15:56:58,374 [8c5cbec5-1e98-45a3-8a83-5527ccbe40ad@group-BABD911B9D66-LeaderElection51] INFO  impl.RoleInfo (RoleInfo.java:updateAndGet(139)) - 8c5cbec5-1e98-45a3-8a83-5527ccbe40ad: start 8c5cbec5-1e98-45a3-8a83-5527ccbe40ad@group-BABD911B9D66-FollowerState
2022-09-28 15:56:58,405 [grpc-default-executor-1] INFO  server.RaftServer$Division (RaftServerImpl.java:requestVote(1152)) - 8c5cbec5-1e98-45a3-8a83-5527ccbe40ad@group-BABD911B9D66: receive requestVote(ELECTION, 0f80ef1a-6e1f-426a-9fb6-49677c19ba92, group-BABD911B9D66, 3, (t:0, i:0))
2022-09-28 15:56:58,405 [grpc-default-executor-0] INFO  server.RaftServer$Division (RaftServerImpl.java:requestVote(1152)) - 34248cef-dc81-419d-a997-c38b939b47d3@group-BABD911B9D66: receive requestVote(ELECTION, 0f80ef1a-6e1f-426a-9fb6-49677c19ba92, group-BABD911B9D66, 3, (t:0, i:0))
2022-09-28 15:56:58,405 [grpc-default-executor-1] INFO  impl.VoteContext (VoteContext.java:log(48)) - 8c5cbec5-1e98-45a3-8a83-5527ccbe40ad@group-BABD911B9D66-FOLLOWER: reject ELECTION from 0f80ef1a-6e1f-426a-9fb6-49677c19ba92: already has voted for 8c5cbec5-1e98-45a3-8a83-5527ccbe40ad at current term 3
2022-09-28 15:56:58,405 [grpc-default-executor-0] INFO  impl.VoteContext (VoteContext.java:log(48)) - 34248cef-dc81-419d-a997-c38b939b47d3@group-BABD911B9D66-FOLLOWER: reject ELECTION from 0f80ef1a-6e1f-426a-9fb6-49677c19ba92: our priority 1 > candidate's priority 0
2022-09-28 15:56:58,406 [grpc-default-executor-1] INFO  server.RaftServer$Division (RaftServerImpl.java:requestVote(1184)) - 8c5cbec5-1e98-45a3-8a83-5527ccbe40ad@group-BABD911B9D66 replies to ELECTION vote request: 0f80ef1a-6e1f-426a-9fb6-49677c19ba92<-8c5cbec5-1e98-45a3-8a83-5527ccbe40ad#0:FAIL-t3. Peer's state: 8c5cbec5-1e98-45a3-8a83-5527ccbe40ad@group-BABD911B9D66:t3, leader=null, voted=8c5cbec5-1e98-45a3-8a83-5527ccbe40ad, raftlog=8c5cbec5-1e98-45a3-8a83-5527ccbe40ad@group-BABD911B9D66-SegmentedRaftLog:OPENED:c-1, conf=-1: [8c5cbec5-1e98-45a3-8a83-5527ccbe40ad|rpc:10.1.1.55:44337|priority:0, 34248cef-dc81-419d-a997-c38b939b47d3|rpc:10.1.1.55:45713|priority:1, 0f80ef1a-6e1f-426a-9fb6-49677c19ba92|rpc:10.1.1.55:46649|priority:0], old=null
2022-09-28 15:56:58,406 [grpc-default-executor-0] INFO  server.RaftServer$Division (RaftServerImpl.java:setRole(299)) - 34248cef-dc81-419d-a997-c38b939b47d3@group-BABD911B9D66: changes role from  FOLLOWER to FOLLOWER at term 3 for candidate:0f80ef1a-6e1f-426a-9fb6-49677c19ba92
2022-09-28 15:56:58,406 [grpc-default-executor-0] INFO  impl.RoleInfo (RoleInfo.java:shutdownFollowerState(110)) - 34248cef-dc81-419d-a997-c38b939b47d3: shutdown 34248cef-dc81-419d-a997-c38b939b47d3@group-BABD911B9D66-FollowerState
2022-09-28 15:56:58,406 [grpc-default-executor-0] INFO  impl.RoleInfo (RoleInfo.java:updateAndGet(139)) - 34248cef-dc81-419d-a997-c38b939b47d3: start 34248cef-dc81-419d-a997-c38b939b47d3@group-BABD911B9D66-FollowerState
2022-09-28 15:56:58,422 [grpc-default-executor-0] INFO  server.RaftServer$Division (RaftServerImpl.java:requestVote(1184)) - 34248cef-dc81-419d-a997-c38b939b47d3@group-BABD911B9D66 replies to ELECTION vote request: 0f80ef1a-6e1f-426a-9fb6-49677c19ba92<-34248cef-dc81-419d-a997-c38b939b47d3#0:FAIL-t3. Peer's state: 34248cef-dc81-419d-a997-c38b939b47d3@group-BABD911B9D66:t3, leader=null, voted=null, raftlog=34248cef-dc81-419d-a997-c38b939b47d3@group-BABD911B9D66-SegmentedRaftLog:OPENED:c-1, conf=-1: [8c5cbec5-1e98-45a3-8a83-5527ccbe40ad|rpc:10.1.1.55:44337|dataStream:|priority:0, 34248cef-dc81-419d-a997-c38b939b47d3|rpc:10.1.1.55:45713|dataStream:|priority:1, 0f80ef1a-6e1f-426a-9fb6-49677c19ba92|rpc:10.1.1.55:46649|dataStream:|priority:0], old=null
2022-09-28 15:56:58,435 [34248cef-dc81-419d-a997-c38b939b47d3@group-BABD911B9D66-FollowerState] INFO  impl.FollowerState (FollowerState.java:shouldRun(117)) - 34248cef-dc81-419d-a997-c38b939b47d3@group-BABD911B9D66-FollowerState: Stopping now (isRunning? false, role = FOLLOWER)
2022-09-28 15:56:58,485 [0f80ef1a-6e1f-426a-9fb6-49677c19ba92@group-BABD911B9D66-LeaderElection52] INFO  impl.LeaderElection (LeaderElection.java:logAndReturn(90)) - 0f80ef1a-6e1f-426a-9fb6-49677c19ba92@group-BABD911B9D66-LeaderElection52: ELECTION REJECTED received 1 response(s) and 0 exception(s):
2022-09-28 15:56:58,485 [0f80ef1a-6e1f-426a-9fb6-49677c19ba92@group-BABD911B9D66-LeaderElection52] INFO  impl.LeaderElection (LeaderElection.java:logAndReturn(94)) -   Response 0: 0f80ef1a-6e1f-426a-9fb6-49677c19ba92<-34248cef-dc81-419d-a997-c38b939b47d3#0:FAIL-t3
2022-09-28 15:56:58,485 [0f80ef1a-6e1f-426a-9fb6-49677c19ba92@group-BABD911B9D66-LeaderElection52] INFO  impl.LeaderElection (LeaderElection.java:askForVotes(312)) - 0f80ef1a-6e1f-426a-9fb6-49677c19ba92@group-BABD911B9D66-LeaderElection52 ELECTION round 0: result REJECTED
2022-09-28 15:56:58,485 [0f80ef1a-6e1f-426a-9fb6-49677c19ba92@group-BABD911B9D66-LeaderElection52] INFO  server.RaftServer$Division (RaftServerImpl.java:setRole(299)) - 0f80ef1a-6e1f-426a-9fb6-49677c19ba92@group-BABD911B9D66: changes role from CANDIDATE to FOLLOWER at term 3 for REJECTED
2022-09-28 15:56:58,485 [0f80ef1a-6e1f-426a-9fb6-49677c19ba92@group-BABD911B9D66-LeaderElection52] INFO  impl.RoleInfo (RoleInfo.java:shutdownLeaderElection(130)) - 0f80ef1a-6e1f-426a-9fb6-49677c19ba92: shutdown 0f80ef1a-6e1f-426a-9fb6-49677c19ba92@group-BABD911B9D66-LeaderElection52
2022-09-28 15:56:58,485 [0f80ef1a-6e1f-426a-9fb6-49677c19ba92@group-BABD911B9D66-LeaderElection52] INFO  impl.RoleInfo (RoleInfo.java:updateAndGet(139)) - 0f80ef1a-6e1f-426a-9fb6-49677c19ba92: start 0f80ef1a-6e1f-426a-9fb6-49677c19ba92@group-BABD911B9D66-FollowerState
15:56:59.282 [IPC Server handler 2 on default port 41537] ERROR OMAudit - user=runner | ip=127.0.0.1 | op=GET_FILE_STATUS {volume=volume06113, bucket=bucket59830, key=.Trash/runner/Current/testKey2, dataSize=0, replicationConfig=null} | ret=FAILURE
org.apache.hadoop.ozone.om.exceptions.OMException: Unable to get file status: volume: volume06113 bucket: bucket59830 key: .Trash/runner/Current/testKey2
	at org.apache.hadoop.ozone.om.KeyManagerImpl.getOzoneFileStatus(KeyManagerImpl.java:1324) ~[ozone-manager-1.3.0-SNAPSHOT.jar:?]
	at org.apache.hadoop.ozone.om.KeyManagerImpl.getFileStatus(KeyManagerImpl.java:1254) ~[ozone-manager-1.3.0-SNAPSHOT.jar:?]
	at org.apache.hadoop.ozone.om.OzoneManager.getFileStatus(OzoneManager.java:3506) ~[ozone-manager-1.3.0-SNAPSHOT.jar:?]
	at org.apache.hadoop.ozone.protocolPB.OzoneManagerRequestHandler.getOzoneFileStatus(OzoneManagerRequestHandler.java:882) ~[ozone-manager-1.3.0-SNAPSHOT.jar:?]
	at org.apache.hadoop.ozone.protocolPB.OzoneManagerRequestHandler.handleReadRequest(OzoneManagerRequestHandler.java:228) ~[ozone-manager-1.3.0-SNAPSHOT.jar:?]
	at org.apache.hadoop.ozone.protocolPB.OzoneManagerProtocolServerSideTranslatorPB.submitRequestDirectlyToOM(OzoneManagerProtocolServerSideTranslatorPB.java:276) ~[ozone-manager-1.3.0-SNAPSHOT.jar:?]
	at org.apache.hadoop.ozone.protocolPB.OzoneManagerProtocolServerSideTranslatorPB.processRequest(OzoneManagerProtocolServerSideTranslatorPB.java:205) ~[ozone-manager-1.3.0-SNAPSHOT.jar:?]
	at org.apache.hadoop.hdds.server.OzoneProtocolMessageDispatcher.processRequest(OzoneProtocolMessageDispatcher.java:87) [hdds-server-framework-1.3.0-SNAPSHOT.jar:?]
	at org.apache.hadoop.ozone.protocolPB.OzoneManagerProtocolServerSideTranslatorPB.submitRequest(OzoneManagerProtocolServerSideTranslatorPB.java:147) [ozone-manager-1.3.0-SNAPSHOT.jar:?]
	at org.apache.hadoop.ozone.protocol.proto.OzoneManagerProtocolProtos$OzoneManagerService$2.callBlockingMethod(OzoneManagerProtocolProtos.java) [ozone-interface-client-1.3.0-SNAPSHOT.jar:?]
	at org.apache.hadoop.ipc.ProtobufRpcEngine$Server.processCall(ProtobufRpcEngine.java:466) [hadoop-common-3.3.1.jar:?]
	at org.apache.hadoop.ipc.ProtobufRpcEngine2$Server$ProtoBufRpcInvoker.call(ProtobufRpcEngine2.java:574) [hadoop-common-3.3.1.jar:?]
	at org.apache.hadoop.ipc.ProtobufRpcEngine2$Server$ProtoBufRpcInvoker.call(ProtobufRpcEngine2.java:552) [hadoop-common-3.3.1.jar:?]
	at org.apache.hadoop.ipc.RPC$Server.call(RPC.java:1093) [hadoop-common-3.3.1.jar:?]
	at org.apache.hadoop.ipc.Server$RpcCall.run(Server.java:1035) [hadoop-common-3.3.1.jar:?]
	at org.apache.hadoop.ipc.Server$RpcCall.run(Server.java:963) [hadoop-common-3.3.1.jar:?]
	at java.security.AccessController.doPrivileged(Native Method) ~[?:1.8.0_345]
	at javax.security.auth.Subject.doAs(Subject.java:422) [?:1.8.0_345]
	at org.apache.hadoop.security.UserGroupInformation.doAs(UserGroupInformation.java:1878) [hadoop-common-3.3.1.jar:?]
	at org.apache.hadoop.ipc.Server$Handler.run(Server.java:2966) [hadoop-common-3.3.1.jar:?]
2022-09-28 15:56:59,282 [Time-limited test] WARN  ozone.BasicOzoneFileSystem (BasicOzoneFileSystem.java:getFileStatus(765)) - GetFileStatus failed for path /.Trash/runner/Current/testKey2
java.io.FileNotFoundException: .Trash/runner/Current/testKey2: No such file or directory!
	at org.apache.hadoop.fs.ozone.BasicOzoneClientAdapterImpl.getFileStatus(BasicOzoneClientAdapterImpl.java:369)
	at org.apache.hadoop.fs.ozone.BasicOzoneFileSystem.getFileStatus(BasicOzoneFileSystem.java:757)
	at org.apache.hadoop.fs.FileSystem.exists(FileSystem.java:1760)
	at org.apache.hadoop.fs.ozone.BasicOzoneFileSystem.exists(BasicOzoneFileSystem.java:804)
	at org.apache.hadoop.fs.ozone.TestOzoneFileSystem.lambda$testTrash$5(TestOzoneFileSystem.java:1555)
	at org.apache.ozone.test.GenericTestUtils.waitFor(GenericTestUtils.java:218)
	at org.apache.hadoop.fs.ozone.TestOzoneFileSystem.testTrash(TestOzoneFileSystem.java:1553)
	at sun.reflect.NativeMethodAccessorImpl.invoke0(Native Method)
	at sun.reflect.NativeMethodAccessorImpl.invoke(NativeMethodAccessorImpl.java:62)
	at sun.reflect.DelegatingMethodAccessorImpl.invoke(DelegatingMethodAccessorImpl.java:43)
	at java.lang.reflect.Method.invoke(Method.java:498)
	at org.junit.runners.model.FrameworkMethod$1.runReflectiveCall(FrameworkMethod.java:59)
	at org.junit.internal.runners.model.ReflectiveCallable.run(ReflectiveCallable.java:12)
	at org.junit.runners.model.FrameworkMethod.invokeExplosively(FrameworkMethod.java:56)
	at org.junit.internal.runners.statements.InvokeMethod.evaluate(InvokeMethod.java:17)
	at org.junit.internal.runners.statements.RunAfters.evaluate(RunAfters.java:27)
	at org.junit.internal.runners.statements.FailOnTimeout$CallableStatement.call(FailOnTimeout.java:288)
	at org.junit.internal.runners.statements.FailOnTimeout$CallableStatement.call(FailOnTimeout.java:282)
	at java.util.concurrent.FutureTask.run(FutureTask.java:266)
	at java.lang.Thread.run(Thread.java:750)
]]></system-out>
  </testcase>
  <testcase name="testRenameDestinationParentDoesntExist" classname="TestOzoneFileSystem" time="0.049">
    <system-out><![CDATA[15:52:02.089 [IPC Server handler 4 on default port 36317] ERROR OMAudit - user=runner | ip=127.0.0.1 | op=GET_FILE_STATUS {volume=volume24312, bucket=bucket55718, key=root_dir/b/c, dataSize=0, replicationConfig=null} | ret=FAILURE
org.apache.hadoop.ozone.om.exceptions.OMException: Unable to get file status: volume: volume24312 bucket: bucket55718 key: root_dir/b/c
	at org.apache.hadoop.ozone.om.KeyManagerImpl.getOzoneFileStatus(KeyManagerImpl.java:1324) ~[ozone-manager-1.3.0-SNAPSHOT.jar:?]
	at org.apache.hadoop.ozone.om.KeyManagerImpl.getFileStatus(KeyManagerImpl.java:1254) ~[ozone-manager-1.3.0-SNAPSHOT.jar:?]
	at org.apache.hadoop.ozone.om.OzoneManager.getFileStatus(OzoneManager.java:3506) ~[ozone-manager-1.3.0-SNAPSHOT.jar:?]
	at org.apache.hadoop.ozone.protocolPB.OzoneManagerRequestHandler.getOzoneFileStatus(OzoneManagerRequestHandler.java:882) ~[ozone-manager-1.3.0-SNAPSHOT.jar:?]
	at org.apache.hadoop.ozone.protocolPB.OzoneManagerRequestHandler.handleReadRequest(OzoneManagerRequestHandler.java:228) ~[ozone-manager-1.3.0-SNAPSHOT.jar:?]
	at org.apache.hadoop.ozone.protocolPB.OzoneManagerProtocolServerSideTranslatorPB.submitReadRequestToOM(OzoneManagerProtocolServerSideTranslatorPB.java:226) ~[ozone-manager-1.3.0-SNAPSHOT.jar:?]
	at org.apache.hadoop.ozone.protocolPB.OzoneManagerProtocolServerSideTranslatorPB.processRequest(OzoneManagerProtocolServerSideTranslatorPB.java:175) ~[ozone-manager-1.3.0-SNAPSHOT.jar:?]
	at org.apache.hadoop.hdds.server.OzoneProtocolMessageDispatcher.processRequest(OzoneProtocolMessageDispatcher.java:87) [hdds-server-framework-1.3.0-SNAPSHOT.jar:?]
	at org.apache.hadoop.ozone.protocolPB.OzoneManagerProtocolServerSideTranslatorPB.submitRequest(OzoneManagerProtocolServerSideTranslatorPB.java:147) [ozone-manager-1.3.0-SNAPSHOT.jar:?]
	at org.apache.hadoop.ozone.protocol.proto.OzoneManagerProtocolProtos$OzoneManagerService$2.callBlockingMethod(OzoneManagerProtocolProtos.java) [ozone-interface-client-1.3.0-SNAPSHOT.jar:?]
	at org.apache.hadoop.ipc.ProtobufRpcEngine$Server.processCall(ProtobufRpcEngine.java:466) [hadoop-common-3.3.1.jar:?]
	at org.apache.hadoop.ipc.ProtobufRpcEngine2$Server$ProtoBufRpcInvoker.call(ProtobufRpcEngine2.java:574) [hadoop-common-3.3.1.jar:?]
	at org.apache.hadoop.ipc.ProtobufRpcEngine2$Server$ProtoBufRpcInvoker.call(ProtobufRpcEngine2.java:552) [hadoop-common-3.3.1.jar:?]
	at org.apache.hadoop.ipc.RPC$Server.call(RPC.java:1093) [hadoop-common-3.3.1.jar:?]
	at org.apache.hadoop.ipc.Server$RpcCall.run(Server.java:1035) [hadoop-common-3.3.1.jar:?]
	at org.apache.hadoop.ipc.Server$RpcCall.run(Server.java:963) [hadoop-common-3.3.1.jar:?]
	at java.security.AccessController.doPrivileged(Native Method) ~[?:1.8.0_345]
	at javax.security.auth.Subject.doAs(Subject.java:422) [?:1.8.0_345]
	at org.apache.hadoop.security.UserGroupInformation.doAs(UserGroupInformation.java:1878) [hadoop-common-3.3.1.jar:?]
	at org.apache.hadoop.ipc.Server$Handler.run(Server.java:2966) [hadoop-common-3.3.1.jar:?]
2022-09-28 15:52:02,090 [Time-limited test] WARN  ozone.BasicOzoneFileSystem (BasicOzoneFileSystem.java:getFileStatus(765)) - GetFileStatus failed for path o3fs://bucket55718.volume24312/root_dir/b/c
java.io.FileNotFoundException: root_dir/b/c: No such file or directory!
	at org.apache.hadoop.fs.ozone.BasicOzoneClientAdapterImpl.getFileStatus(BasicOzoneClientAdapterImpl.java:369)
	at org.apache.hadoop.fs.ozone.BasicOzoneFileSystem.getFileStatus(BasicOzoneFileSystem.java:757)
	at org.apache.hadoop.fs.ozone.BasicOzoneFileSystem.rename(BasicOzoneFileSystem.java:357)
	at org.apache.hadoop.fs.ozone.TestOzoneFileSystem.testRenameDestinationParentDoesntExist(TestOzoneFileSystem.java:1254)
	at sun.reflect.NativeMethodAccessorImpl.invoke0(Native Method)
	at sun.reflect.NativeMethodAccessorImpl.invoke(NativeMethodAccessorImpl.java:62)
	at sun.reflect.DelegatingMethodAccessorImpl.invoke(DelegatingMethodAccessorImpl.java:43)
	at java.lang.reflect.Method.invoke(Method.java:498)
	at org.junit.runners.model.FrameworkMethod$1.runReflectiveCall(FrameworkMethod.java:59)
	at org.junit.internal.runners.model.ReflectiveCallable.run(ReflectiveCallable.java:12)
	at org.junit.runners.model.FrameworkMethod.invokeExplosively(FrameworkMethod.java:56)
	at org.junit.internal.runners.statements.InvokeMethod.evaluate(InvokeMethod.java:17)
	at org.junit.internal.runners.statements.RunAfters.evaluate(RunAfters.java:27)
	at org.junit.internal.runners.statements.FailOnTimeout$CallableStatement.call(FailOnTimeout.java:288)
	at org.junit.internal.runners.statements.FailOnTimeout$CallableStatement.call(FailOnTimeout.java:282)
	at java.util.concurrent.FutureTask.run(FutureTask.java:266)
	at java.lang.Thread.run(Thread.java:750)
15:52:02.091 [IPC Server handler 0 on default port 36317] ERROR OMAudit - user=runner | ip=127.0.0.1 | op=GET_FILE_STATUS {volume=volume24312, bucket=bucket55718, key=root_dir/b, dataSize=0, replicationConfig=null} | ret=FAILURE
org.apache.hadoop.ozone.om.exceptions.OMException: Unable to get file status: volume: volume24312 bucket: bucket55718 key: root_dir/b
	at org.apache.hadoop.ozone.om.KeyManagerImpl.getOzoneFileStatus(KeyManagerImpl.java:1324) ~[ozone-manager-1.3.0-SNAPSHOT.jar:?]
	at org.apache.hadoop.ozone.om.KeyManagerImpl.getFileStatus(KeyManagerImpl.java:1254) ~[ozone-manager-1.3.0-SNAPSHOT.jar:?]
	at org.apache.hadoop.ozone.om.OzoneManager.getFileStatus(OzoneManager.java:3506) ~[ozone-manager-1.3.0-SNAPSHOT.jar:?]
	at org.apache.hadoop.ozone.protocolPB.OzoneManagerRequestHandler.getOzoneFileStatus(OzoneManagerRequestHandler.java:882) ~[ozone-manager-1.3.0-SNAPSHOT.jar:?]
	at org.apache.hadoop.ozone.protocolPB.OzoneManagerRequestHandler.handleReadRequest(OzoneManagerRequestHandler.java:228) ~[ozone-manager-1.3.0-SNAPSHOT.jar:?]
	at org.apache.hadoop.ozone.protocolPB.OzoneManagerProtocolServerSideTranslatorPB.submitReadRequestToOM(OzoneManagerProtocolServerSideTranslatorPB.java:226) ~[ozone-manager-1.3.0-SNAPSHOT.jar:?]
	at org.apache.hadoop.ozone.protocolPB.OzoneManagerProtocolServerSideTranslatorPB.processRequest(OzoneManagerProtocolServerSideTranslatorPB.java:175) ~[ozone-manager-1.3.0-SNAPSHOT.jar:?]
	at org.apache.hadoop.hdds.server.OzoneProtocolMessageDispatcher.processRequest(OzoneProtocolMessageDispatcher.java:87) [hdds-server-framework-1.3.0-SNAPSHOT.jar:?]
	at org.apache.hadoop.ozone.protocolPB.OzoneManagerProtocolServerSideTranslatorPB.submitRequest(OzoneManagerProtocolServerSideTranslatorPB.java:147) [ozone-manager-1.3.0-SNAPSHOT.jar:?]
	at org.apache.hadoop.ozone.protocol.proto.OzoneManagerProtocolProtos$OzoneManagerService$2.callBlockingMethod(OzoneManagerProtocolProtos.java) [ozone-interface-client-1.3.0-SNAPSHOT.jar:?]
	at org.apache.hadoop.ipc.ProtobufRpcEngine$Server.processCall(ProtobufRpcEngine.java:466) [hadoop-common-3.3.1.jar:?]
	at org.apache.hadoop.ipc.ProtobufRpcEngine2$Server$ProtoBufRpcInvoker.call(ProtobufRpcEngine2.java:574) [hadoop-common-3.3.1.jar:?]
	at org.apache.hadoop.ipc.ProtobufRpcEngine2$Server$ProtoBufRpcInvoker.call(ProtobufRpcEngine2.java:552) [hadoop-common-3.3.1.jar:?]
	at org.apache.hadoop.ipc.RPC$Server.call(RPC.java:1093) [hadoop-common-3.3.1.jar:?]
	at org.apache.hadoop.ipc.Server$RpcCall.run(Server.java:1035) [hadoop-common-3.3.1.jar:?]
	at org.apache.hadoop.ipc.Server$RpcCall.run(Server.java:963) [hadoop-common-3.3.1.jar:?]
	at java.security.AccessController.doPrivileged(Native Method) ~[?:1.8.0_345]
	at javax.security.auth.Subject.doAs(Subject.java:422) [?:1.8.0_345]
	at org.apache.hadoop.security.UserGroupInformation.doAs(UserGroupInformation.java:1878) [hadoop-common-3.3.1.jar:?]
	at org.apache.hadoop.ipc.Server$Handler.run(Server.java:2966) [hadoop-common-3.3.1.jar:?]
2022-09-28 15:52:02,092 [Time-limited test] WARN  ozone.BasicOzoneFileSystem (BasicOzoneFileSystem.java:getFileStatus(765)) - GetFileStatus failed for path o3fs://bucket55718.volume24312/root_dir/b
java.io.FileNotFoundException: root_dir/b: No such file or directory!
	at org.apache.hadoop.fs.ozone.BasicOzoneClientAdapterImpl.getFileStatus(BasicOzoneClientAdapterImpl.java:369)
	at org.apache.hadoop.fs.ozone.BasicOzoneFileSystem.getFileStatus(BasicOzoneFileSystem.java:757)
	at org.apache.hadoop.fs.ozone.BasicOzoneFileSystem.rename(BasicOzoneFileSystem.java:365)
	at org.apache.hadoop.fs.ozone.TestOzoneFileSystem.testRenameDestinationParentDoesntExist(TestOzoneFileSystem.java:1254)
	at sun.reflect.NativeMethodAccessorImpl.invoke0(Native Method)
	at sun.reflect.NativeMethodAccessorImpl.invoke(NativeMethodAccessorImpl.java:62)
	at sun.reflect.DelegatingMethodAccessorImpl.invoke(DelegatingMethodAccessorImpl.java:43)
	at java.lang.reflect.Method.invoke(Method.java:498)
	at org.junit.runners.model.FrameworkMethod$1.runReflectiveCall(FrameworkMethod.java:59)
	at org.junit.internal.runners.model.ReflectiveCallable.run(ReflectiveCallable.java:12)
	at org.junit.runners.model.FrameworkMethod.invokeExplosively(FrameworkMethod.java:56)
	at org.junit.internal.runners.statements.InvokeMethod.evaluate(InvokeMethod.java:17)
	at org.junit.internal.runners.statements.RunAfters.evaluate(RunAfters.java:27)
	at org.junit.internal.runners.statements.FailOnTimeout$CallableStatement.call(FailOnTimeout.java:288)
	at org.junit.internal.runners.statements.FailOnTimeout$CallableStatement.call(FailOnTimeout.java:282)
	at java.util.concurrent.FutureTask.run(FutureTask.java:266)
	at java.lang.Thread.run(Thread.java:750)
15:52:02.105 [IPC Server handler 2 on default port 36317] ERROR OMAudit - user=runner | ip=127.0.0.1 | op=GET_FILE_STATUS {volume=volume24312, bucket=bucket55718, key=root_dir/file1/c, dataSize=0, replicationConfig=null} | ret=FAILURE
org.apache.hadoop.ozone.om.exceptions.OMException: Unable to get file status: volume: volume24312 bucket: bucket55718 key: root_dir/file1/c
	at org.apache.hadoop.ozone.om.KeyManagerImpl.getOzoneFileStatus(KeyManagerImpl.java:1324) ~[ozone-manager-1.3.0-SNAPSHOT.jar:?]
	at org.apache.hadoop.ozone.om.KeyManagerImpl.getFileStatus(KeyManagerImpl.java:1254) ~[ozone-manager-1.3.0-SNAPSHOT.jar:?]
	at org.apache.hadoop.ozone.om.OzoneManager.getFileStatus(OzoneManager.java:3506) ~[ozone-manager-1.3.0-SNAPSHOT.jar:?]
	at org.apache.hadoop.ozone.protocolPB.OzoneManagerRequestHandler.getOzoneFileStatus(OzoneManagerRequestHandler.java:882) ~[ozone-manager-1.3.0-SNAPSHOT.jar:?]
	at org.apache.hadoop.ozone.protocolPB.OzoneManagerRequestHandler.handleReadRequest(OzoneManagerRequestHandler.java:228) ~[ozone-manager-1.3.0-SNAPSHOT.jar:?]
	at org.apache.hadoop.ozone.protocolPB.OzoneManagerProtocolServerSideTranslatorPB.submitReadRequestToOM(OzoneManagerProtocolServerSideTranslatorPB.java:226) ~[ozone-manager-1.3.0-SNAPSHOT.jar:?]
	at org.apache.hadoop.ozone.protocolPB.OzoneManagerProtocolServerSideTranslatorPB.processRequest(OzoneManagerProtocolServerSideTranslatorPB.java:175) ~[ozone-manager-1.3.0-SNAPSHOT.jar:?]
	at org.apache.hadoop.hdds.server.OzoneProtocolMessageDispatcher.processRequest(OzoneProtocolMessageDispatcher.java:87) [hdds-server-framework-1.3.0-SNAPSHOT.jar:?]
	at org.apache.hadoop.ozone.protocolPB.OzoneManagerProtocolServerSideTranslatorPB.submitRequest(OzoneManagerProtocolServerSideTranslatorPB.java:147) [ozone-manager-1.3.0-SNAPSHOT.jar:?]
	at org.apache.hadoop.ozone.protocol.proto.OzoneManagerProtocolProtos$OzoneManagerService$2.callBlockingMethod(OzoneManagerProtocolProtos.java) [ozone-interface-client-1.3.0-SNAPSHOT.jar:?]
	at org.apache.hadoop.ipc.ProtobufRpcEngine$Server.processCall(ProtobufRpcEngine.java:466) [hadoop-common-3.3.1.jar:?]
	at org.apache.hadoop.ipc.ProtobufRpcEngine2$Server$ProtoBufRpcInvoker.call(ProtobufRpcEngine2.java:574) [hadoop-common-3.3.1.jar:?]
	at org.apache.hadoop.ipc.ProtobufRpcEngine2$Server$ProtoBufRpcInvoker.call(ProtobufRpcEngine2.java:552) [hadoop-common-3.3.1.jar:?]
	at org.apache.hadoop.ipc.RPC$Server.call(RPC.java:1093) [hadoop-common-3.3.1.jar:?]
	at org.apache.hadoop.ipc.Server$RpcCall.run(Server.java:1035) [hadoop-common-3.3.1.jar:?]
	at org.apache.hadoop.ipc.Server$RpcCall.run(Server.java:963) [hadoop-common-3.3.1.jar:?]
	at java.security.AccessController.doPrivileged(Native Method) ~[?:1.8.0_345]
	at javax.security.auth.Subject.doAs(Subject.java:422) [?:1.8.0_345]
	at org.apache.hadoop.security.UserGroupInformation.doAs(UserGroupInformation.java:1878) [hadoop-common-3.3.1.jar:?]
	at org.apache.hadoop.ipc.Server$Handler.run(Server.java:2966) [hadoop-common-3.3.1.jar:?]
2022-09-28 15:52:02,105 [Time-limited test] WARN  ozone.BasicOzoneFileSystem (BasicOzoneFileSystem.java:getFileStatus(765)) - GetFileStatus failed for path o3fs://bucket55718.volume24312/root_dir/file1/c
java.io.FileNotFoundException: root_dir/file1/c: No such file or directory!
	at org.apache.hadoop.fs.ozone.BasicOzoneClientAdapterImpl.getFileStatus(BasicOzoneClientAdapterImpl.java:369)
	at org.apache.hadoop.fs.ozone.BasicOzoneFileSystem.getFileStatus(BasicOzoneFileSystem.java:757)
	at org.apache.hadoop.fs.ozone.BasicOzoneFileSystem.rename(BasicOzoneFileSystem.java:357)
	at org.apache.hadoop.fs.ozone.TestOzoneFileSystem.testRenameDestinationParentDoesntExist(TestOzoneFileSystem.java:1266)
	at sun.reflect.NativeMethodAccessorImpl.invoke0(Native Method)
	at sun.reflect.NativeMethodAccessorImpl.invoke(NativeMethodAccessorImpl.java:62)
	at sun.reflect.DelegatingMethodAccessorImpl.invoke(DelegatingMethodAccessorImpl.java:43)
	at java.lang.reflect.Method.invoke(Method.java:498)
	at org.junit.runners.model.FrameworkMethod$1.runReflectiveCall(FrameworkMethod.java:59)
	at org.junit.internal.runners.model.ReflectiveCallable.run(ReflectiveCallable.java:12)
	at org.junit.runners.model.FrameworkMethod.invokeExplosively(FrameworkMethod.java:56)
	at org.junit.internal.runners.statements.InvokeMethod.evaluate(InvokeMethod.java:17)
	at org.junit.internal.runners.statements.RunAfters.evaluate(RunAfters.java:27)
	at org.junit.internal.runners.statements.FailOnTimeout$CallableStatement.call(FailOnTimeout.java:288)
	at org.junit.internal.runners.statements.FailOnTimeout$CallableStatement.call(FailOnTimeout.java:282)
	at java.util.concurrent.FutureTask.run(FutureTask.java:266)
	at java.lang.Thread.run(Thread.java:750)
]]></system-out>
  </testcase>
  <testcase name="testRenameDestinationParentDoesntExist" classname="TestOzoneFileSystem" time="0.061">
    <system-out><![CDATA[15:53:44.491 [IPC Server handler 3 on default port 42319] ERROR OMAudit - user=runner | ip=127.0.0.1 | op=GET_FILE_STATUS {volume=volume00149, bucket=bucket04297, key=root_dir/b/c, dataSize=0, replicationConfig=null} | ret=FAILURE
org.apache.hadoop.ozone.om.exceptions.OMException: Unable to get file status: volume: volume00149 bucket: bucket04297 key: root_dir/b/c
	at org.apache.hadoop.ozone.om.KeyManagerImpl.getOzoneFileStatus(KeyManagerImpl.java:1324) ~[ozone-manager-1.3.0-SNAPSHOT.jar:?]
	at org.apache.hadoop.ozone.om.KeyManagerImpl.getFileStatus(KeyManagerImpl.java:1254) ~[ozone-manager-1.3.0-SNAPSHOT.jar:?]
	at org.apache.hadoop.ozone.om.OzoneManager.getFileStatus(OzoneManager.java:3506) ~[ozone-manager-1.3.0-SNAPSHOT.jar:?]
	at org.apache.hadoop.ozone.protocolPB.OzoneManagerRequestHandler.getOzoneFileStatus(OzoneManagerRequestHandler.java:882) ~[ozone-manager-1.3.0-SNAPSHOT.jar:?]
	at org.apache.hadoop.ozone.protocolPB.OzoneManagerRequestHandler.handleReadRequest(OzoneManagerRequestHandler.java:228) ~[ozone-manager-1.3.0-SNAPSHOT.jar:?]
	at org.apache.hadoop.ozone.protocolPB.OzoneManagerProtocolServerSideTranslatorPB.submitRequestDirectlyToOM(OzoneManagerProtocolServerSideTranslatorPB.java:276) ~[ozone-manager-1.3.0-SNAPSHOT.jar:?]
	at org.apache.hadoop.ozone.protocolPB.OzoneManagerProtocolServerSideTranslatorPB.processRequest(OzoneManagerProtocolServerSideTranslatorPB.java:205) ~[ozone-manager-1.3.0-SNAPSHOT.jar:?]
	at org.apache.hadoop.hdds.server.OzoneProtocolMessageDispatcher.processRequest(OzoneProtocolMessageDispatcher.java:87) [hdds-server-framework-1.3.0-SNAPSHOT.jar:?]
	at org.apache.hadoop.ozone.protocolPB.OzoneManagerProtocolServerSideTranslatorPB.submitRequest(OzoneManagerProtocolServerSideTranslatorPB.java:147) [ozone-manager-1.3.0-SNAPSHOT.jar:?]
	at org.apache.hadoop.ozone.protocol.proto.OzoneManagerProtocolProtos$OzoneManagerService$2.callBlockingMethod(OzoneManagerProtocolProtos.java) [ozone-interface-client-1.3.0-SNAPSHOT.jar:?]
	at org.apache.hadoop.ipc.ProtobufRpcEngine$Server.processCall(ProtobufRpcEngine.java:466) [hadoop-common-3.3.1.jar:?]
	at org.apache.hadoop.ipc.ProtobufRpcEngine2$Server$ProtoBufRpcInvoker.call(ProtobufRpcEngine2.java:574) [hadoop-common-3.3.1.jar:?]
	at org.apache.hadoop.ipc.ProtobufRpcEngine2$Server$ProtoBufRpcInvoker.call(ProtobufRpcEngine2.java:552) [hadoop-common-3.3.1.jar:?]
	at org.apache.hadoop.ipc.RPC$Server.call(RPC.java:1093) [hadoop-common-3.3.1.jar:?]
	at org.apache.hadoop.ipc.Server$RpcCall.run(Server.java:1035) [hadoop-common-3.3.1.jar:?]
	at org.apache.hadoop.ipc.Server$RpcCall.run(Server.java:963) [hadoop-common-3.3.1.jar:?]
	at java.security.AccessController.doPrivileged(Native Method) ~[?:1.8.0_345]
	at javax.security.auth.Subject.doAs(Subject.java:422) [?:1.8.0_345]
	at org.apache.hadoop.security.UserGroupInformation.doAs(UserGroupInformation.java:1878) [hadoop-common-3.3.1.jar:?]
	at org.apache.hadoop.ipc.Server$Handler.run(Server.java:2966) [hadoop-common-3.3.1.jar:?]
2022-09-28 15:53:44,491 [Time-limited test] WARN  ozone.BasicOzoneFileSystem (BasicOzoneFileSystem.java:getFileStatus(765)) - GetFileStatus failed for path o3fs://bucket04297.volume00149/root_dir/b/c
java.io.FileNotFoundException: root_dir/b/c: No such file or directory!
	at org.apache.hadoop.fs.ozone.BasicOzoneClientAdapterImpl.getFileStatus(BasicOzoneClientAdapterImpl.java:369)
	at org.apache.hadoop.fs.ozone.BasicOzoneFileSystem.getFileStatus(BasicOzoneFileSystem.java:757)
	at org.apache.hadoop.fs.ozone.BasicOzoneFileSystem.rename(BasicOzoneFileSystem.java:357)
	at org.apache.hadoop.fs.ozone.TestOzoneFileSystem.testRenameDestinationParentDoesntExist(TestOzoneFileSystem.java:1254)
	at sun.reflect.NativeMethodAccessorImpl.invoke0(Native Method)
	at sun.reflect.NativeMethodAccessorImpl.invoke(NativeMethodAccessorImpl.java:62)
	at sun.reflect.DelegatingMethodAccessorImpl.invoke(DelegatingMethodAccessorImpl.java:43)
	at java.lang.reflect.Method.invoke(Method.java:498)
	at org.junit.runners.model.FrameworkMethod$1.runReflectiveCall(FrameworkMethod.java:59)
	at org.junit.internal.runners.model.ReflectiveCallable.run(ReflectiveCallable.java:12)
	at org.junit.runners.model.FrameworkMethod.invokeExplosively(FrameworkMethod.java:56)
	at org.junit.internal.runners.statements.InvokeMethod.evaluate(InvokeMethod.java:17)
	at org.junit.internal.runners.statements.RunAfters.evaluate(RunAfters.java:27)
	at org.junit.internal.runners.statements.FailOnTimeout$CallableStatement.call(FailOnTimeout.java:288)
	at org.junit.internal.runners.statements.FailOnTimeout$CallableStatement.call(FailOnTimeout.java:282)
	at java.util.concurrent.FutureTask.run(FutureTask.java:266)
	at java.lang.Thread.run(Thread.java:750)
15:53:44.492 [IPC Server handler 10 on default port 42319] ERROR OMAudit - user=runner | ip=127.0.0.1 | op=GET_FILE_STATUS {volume=volume00149, bucket=bucket04297, key=root_dir/b, dataSize=0, replicationConfig=null} | ret=FAILURE
org.apache.hadoop.ozone.om.exceptions.OMException: Unable to get file status: volume: volume00149 bucket: bucket04297 key: root_dir/b
	at org.apache.hadoop.ozone.om.KeyManagerImpl.getOzoneFileStatus(KeyManagerImpl.java:1324) ~[ozone-manager-1.3.0-SNAPSHOT.jar:?]
	at org.apache.hadoop.ozone.om.KeyManagerImpl.getFileStatus(KeyManagerImpl.java:1254) ~[ozone-manager-1.3.0-SNAPSHOT.jar:?]
	at org.apache.hadoop.ozone.om.OzoneManager.getFileStatus(OzoneManager.java:3506) ~[ozone-manager-1.3.0-SNAPSHOT.jar:?]
	at org.apache.hadoop.ozone.protocolPB.OzoneManagerRequestHandler.getOzoneFileStatus(OzoneManagerRequestHandler.java:882) ~[ozone-manager-1.3.0-SNAPSHOT.jar:?]
	at org.apache.hadoop.ozone.protocolPB.OzoneManagerRequestHandler.handleReadRequest(OzoneManagerRequestHandler.java:228) ~[ozone-manager-1.3.0-SNAPSHOT.jar:?]
	at org.apache.hadoop.ozone.protocolPB.OzoneManagerProtocolServerSideTranslatorPB.submitRequestDirectlyToOM(OzoneManagerProtocolServerSideTranslatorPB.java:276) ~[ozone-manager-1.3.0-SNAPSHOT.jar:?]
	at org.apache.hadoop.ozone.protocolPB.OzoneManagerProtocolServerSideTranslatorPB.processRequest(OzoneManagerProtocolServerSideTranslatorPB.java:205) ~[ozone-manager-1.3.0-SNAPSHOT.jar:?]
	at org.apache.hadoop.hdds.server.OzoneProtocolMessageDispatcher.processRequest(OzoneProtocolMessageDispatcher.java:87) [hdds-server-framework-1.3.0-SNAPSHOT.jar:?]
	at org.apache.hadoop.ozone.protocolPB.OzoneManagerProtocolServerSideTranslatorPB.submitRequest(OzoneManagerProtocolServerSideTranslatorPB.java:147) [ozone-manager-1.3.0-SNAPSHOT.jar:?]
	at org.apache.hadoop.ozone.protocol.proto.OzoneManagerProtocolProtos$OzoneManagerService$2.callBlockingMethod(OzoneManagerProtocolProtos.java) [ozone-interface-client-1.3.0-SNAPSHOT.jar:?]
	at org.apache.hadoop.ipc.ProtobufRpcEngine$Server.processCall(ProtobufRpcEngine.java:466) [hadoop-common-3.3.1.jar:?]
	at org.apache.hadoop.ipc.ProtobufRpcEngine2$Server$ProtoBufRpcInvoker.call(ProtobufRpcEngine2.java:574) [hadoop-common-3.3.1.jar:?]
	at org.apache.hadoop.ipc.ProtobufRpcEngine2$Server$ProtoBufRpcInvoker.call(ProtobufRpcEngine2.java:552) [hadoop-common-3.3.1.jar:?]
	at org.apache.hadoop.ipc.RPC$Server.call(RPC.java:1093) [hadoop-common-3.3.1.jar:?]
	at org.apache.hadoop.ipc.Server$RpcCall.run(Server.java:1035) [hadoop-common-3.3.1.jar:?]
	at org.apache.hadoop.ipc.Server$RpcCall.run(Server.java:963) [hadoop-common-3.3.1.jar:?]
	at java.security.AccessController.doPrivileged(Native Method) ~[?:1.8.0_345]
	at javax.security.auth.Subject.doAs(Subject.java:422) [?:1.8.0_345]
	at org.apache.hadoop.security.UserGroupInformation.doAs(UserGroupInformation.java:1878) [hadoop-common-3.3.1.jar:?]
	at org.apache.hadoop.ipc.Server$Handler.run(Server.java:2966) [hadoop-common-3.3.1.jar:?]
2022-09-28 15:53:44,493 [Time-limited test] WARN  ozone.BasicOzoneFileSystem (BasicOzoneFileSystem.java:getFileStatus(765)) - GetFileStatus failed for path o3fs://bucket04297.volume00149/root_dir/b
java.io.FileNotFoundException: root_dir/b: No such file or directory!
	at org.apache.hadoop.fs.ozone.BasicOzoneClientAdapterImpl.getFileStatus(BasicOzoneClientAdapterImpl.java:369)
	at org.apache.hadoop.fs.ozone.BasicOzoneFileSystem.getFileStatus(BasicOzoneFileSystem.java:757)
	at org.apache.hadoop.fs.ozone.BasicOzoneFileSystem.rename(BasicOzoneFileSystem.java:365)
	at org.apache.hadoop.fs.ozone.TestOzoneFileSystem.testRenameDestinationParentDoesntExist(TestOzoneFileSystem.java:1254)
	at sun.reflect.NativeMethodAccessorImpl.invoke0(Native Method)
	at sun.reflect.NativeMethodAccessorImpl.invoke(NativeMethodAccessorImpl.java:62)
	at sun.reflect.DelegatingMethodAccessorImpl.invoke(DelegatingMethodAccessorImpl.java:43)
	at java.lang.reflect.Method.invoke(Method.java:498)
	at org.junit.runners.model.FrameworkMethod$1.runReflectiveCall(FrameworkMethod.java:59)
	at org.junit.internal.runners.model.ReflectiveCallable.run(ReflectiveCallable.java:12)
	at org.junit.runners.model.FrameworkMethod.invokeExplosively(FrameworkMethod.java:56)
	at org.junit.internal.runners.statements.InvokeMethod.evaluate(InvokeMethod.java:17)
	at org.junit.internal.runners.statements.RunAfters.evaluate(RunAfters.java:27)
	at org.junit.internal.runners.statements.FailOnTimeout$CallableStatement.call(FailOnTimeout.java:288)
	at org.junit.internal.runners.statements.FailOnTimeout$CallableStatement.call(FailOnTimeout.java:282)
	at java.util.concurrent.FutureTask.run(FutureTask.java:266)
	at java.lang.Thread.run(Thread.java:750)
15:53:44.513 [IPC Server handler 14 on default port 42319] ERROR OMAudit - user=runner | ip=127.0.0.1 | op=GET_FILE_STATUS {volume=volume00149, bucket=bucket04297, key=root_dir/file1/c, dataSize=0, replicationConfig=null} | ret=FAILURE
org.apache.hadoop.ozone.om.exceptions.OMException: Unable to get file status: volume: volume00149 bucket: bucket04297 key: root_dir/file1/c
	at org.apache.hadoop.ozone.om.KeyManagerImpl.getOzoneFileStatus(KeyManagerImpl.java:1324) ~[ozone-manager-1.3.0-SNAPSHOT.jar:?]
	at org.apache.hadoop.ozone.om.KeyManagerImpl.getFileStatus(KeyManagerImpl.java:1254) ~[ozone-manager-1.3.0-SNAPSHOT.jar:?]
	at org.apache.hadoop.ozone.om.OzoneManager.getFileStatus(OzoneManager.java:3506) ~[ozone-manager-1.3.0-SNAPSHOT.jar:?]
	at org.apache.hadoop.ozone.protocolPB.OzoneManagerRequestHandler.getOzoneFileStatus(OzoneManagerRequestHandler.java:882) ~[ozone-manager-1.3.0-SNAPSHOT.jar:?]
	at org.apache.hadoop.ozone.protocolPB.OzoneManagerRequestHandler.handleReadRequest(OzoneManagerRequestHandler.java:228) ~[ozone-manager-1.3.0-SNAPSHOT.jar:?]
	at org.apache.hadoop.ozone.protocolPB.OzoneManagerProtocolServerSideTranslatorPB.submitRequestDirectlyToOM(OzoneManagerProtocolServerSideTranslatorPB.java:276) ~[ozone-manager-1.3.0-SNAPSHOT.jar:?]
	at org.apache.hadoop.ozone.protocolPB.OzoneManagerProtocolServerSideTranslatorPB.processRequest(OzoneManagerProtocolServerSideTranslatorPB.java:205) ~[ozone-manager-1.3.0-SNAPSHOT.jar:?]
	at org.apache.hadoop.hdds.server.OzoneProtocolMessageDispatcher.processRequest(OzoneProtocolMessageDispatcher.java:87) [hdds-server-framework-1.3.0-SNAPSHOT.jar:?]
	at org.apache.hadoop.ozone.protocolPB.OzoneManagerProtocolServerSideTranslatorPB.submitRequest(OzoneManagerProtocolServerSideTranslatorPB.java:147) [ozone-manager-1.3.0-SNAPSHOT.jar:?]
	at org.apache.hadoop.ozone.protocol.proto.OzoneManagerProtocolProtos$OzoneManagerService$2.callBlockingMethod(OzoneManagerProtocolProtos.java) [ozone-interface-client-1.3.0-SNAPSHOT.jar:?]
	at org.apache.hadoop.ipc.ProtobufRpcEngine$Server.processCall(ProtobufRpcEngine.java:466) [hadoop-common-3.3.1.jar:?]
	at org.apache.hadoop.ipc.ProtobufRpcEngine2$Server$ProtoBufRpcInvoker.call(ProtobufRpcEngine2.java:574) [hadoop-common-3.3.1.jar:?]
	at org.apache.hadoop.ipc.ProtobufRpcEngine2$Server$ProtoBufRpcInvoker.call(ProtobufRpcEngine2.java:552) [hadoop-common-3.3.1.jar:?]
	at org.apache.hadoop.ipc.RPC$Server.call(RPC.java:1093) [hadoop-common-3.3.1.jar:?]
	at org.apache.hadoop.ipc.Server$RpcCall.run(Server.java:1035) [hadoop-common-3.3.1.jar:?]
	at org.apache.hadoop.ipc.Server$RpcCall.run(Server.java:963) [hadoop-common-3.3.1.jar:?]
	at java.security.AccessController.doPrivileged(Native Method) ~[?:1.8.0_345]
	at javax.security.auth.Subject.doAs(Subject.java:422) [?:1.8.0_345]
	at org.apache.hadoop.security.UserGroupInformation.doAs(UserGroupInformation.java:1878) [hadoop-common-3.3.1.jar:?]
	at org.apache.hadoop.ipc.Server$Handler.run(Server.java:2966) [hadoop-common-3.3.1.jar:?]
2022-09-28 15:53:44,513 [Time-limited test] WARN  ozone.BasicOzoneFileSystem (BasicOzoneFileSystem.java:getFileStatus(765)) - GetFileStatus failed for path o3fs://bucket04297.volume00149/root_dir/file1/c
java.io.FileNotFoundException: root_dir/file1/c: No such file or directory!
	at org.apache.hadoop.fs.ozone.BasicOzoneClientAdapterImpl.getFileStatus(BasicOzoneClientAdapterImpl.java:369)
	at org.apache.hadoop.fs.ozone.BasicOzoneFileSystem.getFileStatus(BasicOzoneFileSystem.java:757)
	at org.apache.hadoop.fs.ozone.BasicOzoneFileSystem.rename(BasicOzoneFileSystem.java:357)
	at org.apache.hadoop.fs.ozone.TestOzoneFileSystem.testRenameDestinationParentDoesntExist(TestOzoneFileSystem.java:1266)
	at sun.reflect.NativeMethodAccessorImpl.invoke0(Native Method)
	at sun.reflect.NativeMethodAccessorImpl.invoke(NativeMethodAccessorImpl.java:62)
	at sun.reflect.DelegatingMethodAccessorImpl.invoke(DelegatingMethodAccessorImpl.java:43)
	at java.lang.reflect.Method.invoke(Method.java:498)
	at org.junit.runners.model.FrameworkMethod$1.runReflectiveCall(FrameworkMethod.java:59)
	at org.junit.internal.runners.model.ReflectiveCallable.run(ReflectiveCallable.java:12)
	at org.junit.runners.model.FrameworkMethod.invokeExplosively(FrameworkMethod.java:56)
	at org.junit.internal.runners.statements.InvokeMethod.evaluate(InvokeMethod.java:17)
	at org.junit.internal.runners.statements.RunAfters.evaluate(RunAfters.java:27)
	at org.junit.internal.runners.statements.FailOnTimeout$CallableStatement.call(FailOnTimeout.java:288)
	at org.junit.internal.runners.statements.FailOnTimeout$CallableStatement.call(FailOnTimeout.java:282)
	at java.util.concurrent.FutureTask.run(FutureTask.java:266)
	at java.lang.Thread.run(Thread.java:750)
]]></system-out>
  </testcase>
  <testcase name="testRenameDestinationParentDoesntExist" classname="TestOzoneFileSystem" time="0.051">
    <system-out><![CDATA[15:55:09.852 [IPC Server handler 15 on default port 37257] ERROR OMAudit - user=runner | ip=127.0.0.1 | op=GET_FILE_STATUS {volume=volume14467, bucket=bucket64159, key=root_dir/b/c, dataSize=0, replicationConfig=null} | ret=FAILURE
org.apache.hadoop.ozone.om.exceptions.OMException: Unable to get file status: volume: volume14467 bucket: bucket64159 key: root_dir/b/c
	at org.apache.hadoop.ozone.om.KeyManagerImpl.getOzoneFileStatus(KeyManagerImpl.java:1324) ~[ozone-manager-1.3.0-SNAPSHOT.jar:?]
	at org.apache.hadoop.ozone.om.KeyManagerImpl.getFileStatus(KeyManagerImpl.java:1254) ~[ozone-manager-1.3.0-SNAPSHOT.jar:?]
	at org.apache.hadoop.ozone.om.OzoneManager.getFileStatus(OzoneManager.java:3506) ~[ozone-manager-1.3.0-SNAPSHOT.jar:?]
	at org.apache.hadoop.ozone.protocolPB.OzoneManagerRequestHandler.getOzoneFileStatus(OzoneManagerRequestHandler.java:882) ~[ozone-manager-1.3.0-SNAPSHOT.jar:?]
	at org.apache.hadoop.ozone.protocolPB.OzoneManagerRequestHandler.handleReadRequest(OzoneManagerRequestHandler.java:228) ~[ozone-manager-1.3.0-SNAPSHOT.jar:?]
	at org.apache.hadoop.ozone.protocolPB.OzoneManagerProtocolServerSideTranslatorPB.submitReadRequestToOM(OzoneManagerProtocolServerSideTranslatorPB.java:226) ~[ozone-manager-1.3.0-SNAPSHOT.jar:?]
	at org.apache.hadoop.ozone.protocolPB.OzoneManagerProtocolServerSideTranslatorPB.processRequest(OzoneManagerProtocolServerSideTranslatorPB.java:175) ~[ozone-manager-1.3.0-SNAPSHOT.jar:?]
	at org.apache.hadoop.hdds.server.OzoneProtocolMessageDispatcher.processRequest(OzoneProtocolMessageDispatcher.java:87) [hdds-server-framework-1.3.0-SNAPSHOT.jar:?]
	at org.apache.hadoop.ozone.protocolPB.OzoneManagerProtocolServerSideTranslatorPB.submitRequest(OzoneManagerProtocolServerSideTranslatorPB.java:147) [ozone-manager-1.3.0-SNAPSHOT.jar:?]
	at org.apache.hadoop.ozone.protocol.proto.OzoneManagerProtocolProtos$OzoneManagerService$2.callBlockingMethod(OzoneManagerProtocolProtos.java) [ozone-interface-client-1.3.0-SNAPSHOT.jar:?]
	at org.apache.hadoop.ipc.ProtobufRpcEngine$Server.processCall(ProtobufRpcEngine.java:466) [hadoop-common-3.3.1.jar:?]
	at org.apache.hadoop.ipc.ProtobufRpcEngine2$Server$ProtoBufRpcInvoker.call(ProtobufRpcEngine2.java:574) [hadoop-common-3.3.1.jar:?]
	at org.apache.hadoop.ipc.ProtobufRpcEngine2$Server$ProtoBufRpcInvoker.call(ProtobufRpcEngine2.java:552) [hadoop-common-3.3.1.jar:?]
	at org.apache.hadoop.ipc.RPC$Server.call(RPC.java:1093) [hadoop-common-3.3.1.jar:?]
	at org.apache.hadoop.ipc.Server$RpcCall.run(Server.java:1035) [hadoop-common-3.3.1.jar:?]
	at org.apache.hadoop.ipc.Server$RpcCall.run(Server.java:963) [hadoop-common-3.3.1.jar:?]
	at java.security.AccessController.doPrivileged(Native Method) ~[?:1.8.0_345]
	at javax.security.auth.Subject.doAs(Subject.java:422) [?:1.8.0_345]
	at org.apache.hadoop.security.UserGroupInformation.doAs(UserGroupInformation.java:1878) [hadoop-common-3.3.1.jar:?]
	at org.apache.hadoop.ipc.Server$Handler.run(Server.java:2966) [hadoop-common-3.3.1.jar:?]
2022-09-28 15:55:09,853 [Time-limited test] WARN  ozone.BasicOzoneFileSystem (BasicOzoneFileSystem.java:getFileStatus(765)) - GetFileStatus failed for path o3fs://bucket64159.volume14467/root_dir/b/c
java.io.FileNotFoundException: root_dir/b/c: No such file or directory!
	at org.apache.hadoop.fs.ozone.BasicOzoneClientAdapterImpl.getFileStatus(BasicOzoneClientAdapterImpl.java:369)
	at org.apache.hadoop.fs.ozone.BasicOzoneFileSystem.getFileStatus(BasicOzoneFileSystem.java:757)
	at org.apache.hadoop.fs.ozone.BasicOzoneFileSystem.rename(BasicOzoneFileSystem.java:357)
	at org.apache.hadoop.fs.ozone.TestOzoneFileSystem.testRenameDestinationParentDoesntExist(TestOzoneFileSystem.java:1254)
	at sun.reflect.NativeMethodAccessorImpl.invoke0(Native Method)
	at sun.reflect.NativeMethodAccessorImpl.invoke(NativeMethodAccessorImpl.java:62)
	at sun.reflect.DelegatingMethodAccessorImpl.invoke(DelegatingMethodAccessorImpl.java:43)
	at java.lang.reflect.Method.invoke(Method.java:498)
	at org.junit.runners.model.FrameworkMethod$1.runReflectiveCall(FrameworkMethod.java:59)
	at org.junit.internal.runners.model.ReflectiveCallable.run(ReflectiveCallable.java:12)
	at org.junit.runners.model.FrameworkMethod.invokeExplosively(FrameworkMethod.java:56)
	at org.junit.internal.runners.statements.InvokeMethod.evaluate(InvokeMethod.java:17)
	at org.junit.internal.runners.statements.RunAfters.evaluate(RunAfters.java:27)
	at org.junit.internal.runners.statements.FailOnTimeout$CallableStatement.call(FailOnTimeout.java:288)
	at org.junit.internal.runners.statements.FailOnTimeout$CallableStatement.call(FailOnTimeout.java:282)
	at java.util.concurrent.FutureTask.run(FutureTask.java:266)
	at java.lang.Thread.run(Thread.java:750)
15:55:09.853 [IPC Server handler 8 on default port 37257] ERROR OMAudit - user=runner | ip=127.0.0.1 | op=GET_FILE_STATUS {volume=volume14467, bucket=bucket64159, key=root_dir/b, dataSize=0, replicationConfig=null} | ret=FAILURE
org.apache.hadoop.ozone.om.exceptions.OMException: Unable to get file status: volume: volume14467 bucket: bucket64159 key: root_dir/b
	at org.apache.hadoop.ozone.om.KeyManagerImpl.getOzoneFileStatus(KeyManagerImpl.java:1324) ~[ozone-manager-1.3.0-SNAPSHOT.jar:?]
	at org.apache.hadoop.ozone.om.KeyManagerImpl.getFileStatus(KeyManagerImpl.java:1254) ~[ozone-manager-1.3.0-SNAPSHOT.jar:?]
	at org.apache.hadoop.ozone.om.OzoneManager.getFileStatus(OzoneManager.java:3506) ~[ozone-manager-1.3.0-SNAPSHOT.jar:?]
	at org.apache.hadoop.ozone.protocolPB.OzoneManagerRequestHandler.getOzoneFileStatus(OzoneManagerRequestHandler.java:882) ~[ozone-manager-1.3.0-SNAPSHOT.jar:?]
	at org.apache.hadoop.ozone.protocolPB.OzoneManagerRequestHandler.handleReadRequest(OzoneManagerRequestHandler.java:228) ~[ozone-manager-1.3.0-SNAPSHOT.jar:?]
	at org.apache.hadoop.ozone.protocolPB.OzoneManagerProtocolServerSideTranslatorPB.submitReadRequestToOM(OzoneManagerProtocolServerSideTranslatorPB.java:226) ~[ozone-manager-1.3.0-SNAPSHOT.jar:?]
	at org.apache.hadoop.ozone.protocolPB.OzoneManagerProtocolServerSideTranslatorPB.processRequest(OzoneManagerProtocolServerSideTranslatorPB.java:175) ~[ozone-manager-1.3.0-SNAPSHOT.jar:?]
	at org.apache.hadoop.hdds.server.OzoneProtocolMessageDispatcher.processRequest(OzoneProtocolMessageDispatcher.java:87) [hdds-server-framework-1.3.0-SNAPSHOT.jar:?]
	at org.apache.hadoop.ozone.protocolPB.OzoneManagerProtocolServerSideTranslatorPB.submitRequest(OzoneManagerProtocolServerSideTranslatorPB.java:147) [ozone-manager-1.3.0-SNAPSHOT.jar:?]
	at org.apache.hadoop.ozone.protocol.proto.OzoneManagerProtocolProtos$OzoneManagerService$2.callBlockingMethod(OzoneManagerProtocolProtos.java) [ozone-interface-client-1.3.0-SNAPSHOT.jar:?]
	at org.apache.hadoop.ipc.ProtobufRpcEngine$Server.processCall(ProtobufRpcEngine.java:466) [hadoop-common-3.3.1.jar:?]
	at org.apache.hadoop.ipc.ProtobufRpcEngine2$Server$ProtoBufRpcInvoker.call(ProtobufRpcEngine2.java:574) [hadoop-common-3.3.1.jar:?]
	at org.apache.hadoop.ipc.ProtobufRpcEngine2$Server$ProtoBufRpcInvoker.call(ProtobufRpcEngine2.java:552) [hadoop-common-3.3.1.jar:?]
	at org.apache.hadoop.ipc.RPC$Server.call(RPC.java:1093) [hadoop-common-3.3.1.jar:?]
	at org.apache.hadoop.ipc.Server$RpcCall.run(Server.java:1035) [hadoop-common-3.3.1.jar:?]
	at org.apache.hadoop.ipc.Server$RpcCall.run(Server.java:963) [hadoop-common-3.3.1.jar:?]
	at java.security.AccessController.doPrivileged(Native Method) ~[?:1.8.0_345]
	at javax.security.auth.Subject.doAs(Subject.java:422) [?:1.8.0_345]
	at org.apache.hadoop.security.UserGroupInformation.doAs(UserGroupInformation.java:1878) [hadoop-common-3.3.1.jar:?]
	at org.apache.hadoop.ipc.Server$Handler.run(Server.java:2966) [hadoop-common-3.3.1.jar:?]
2022-09-28 15:55:09,854 [Time-limited test] WARN  ozone.BasicOzoneFileSystem (BasicOzoneFileSystem.java:getFileStatus(765)) - GetFileStatus failed for path o3fs://bucket64159.volume14467/root_dir/b
java.io.FileNotFoundException: root_dir/b: No such file or directory!
	at org.apache.hadoop.fs.ozone.BasicOzoneClientAdapterImpl.getFileStatus(BasicOzoneClientAdapterImpl.java:369)
	at org.apache.hadoop.fs.ozone.BasicOzoneFileSystem.getFileStatus(BasicOzoneFileSystem.java:757)
	at org.apache.hadoop.fs.ozone.BasicOzoneFileSystem.rename(BasicOzoneFileSystem.java:365)
	at org.apache.hadoop.fs.ozone.TestOzoneFileSystem.testRenameDestinationParentDoesntExist(TestOzoneFileSystem.java:1254)
	at sun.reflect.NativeMethodAccessorImpl.invoke0(Native Method)
	at sun.reflect.NativeMethodAccessorImpl.invoke(NativeMethodAccessorImpl.java:62)
	at sun.reflect.DelegatingMethodAccessorImpl.invoke(DelegatingMethodAccessorImpl.java:43)
	at java.lang.reflect.Method.invoke(Method.java:498)
	at org.junit.runners.model.FrameworkMethod$1.runReflectiveCall(FrameworkMethod.java:59)
	at org.junit.internal.runners.model.ReflectiveCallable.run(ReflectiveCallable.java:12)
	at org.junit.runners.model.FrameworkMethod.invokeExplosively(FrameworkMethod.java:56)
	at org.junit.internal.runners.statements.InvokeMethod.evaluate(InvokeMethod.java:17)
	at org.junit.internal.runners.statements.RunAfters.evaluate(RunAfters.java:27)
	at org.junit.internal.runners.statements.FailOnTimeout$CallableStatement.call(FailOnTimeout.java:288)
	at org.junit.internal.runners.statements.FailOnTimeout$CallableStatement.call(FailOnTimeout.java:282)
	at java.util.concurrent.FutureTask.run(FutureTask.java:266)
	at java.lang.Thread.run(Thread.java:750)
15:55:09.861 [IPC Server handler 11 on default port 37257] ERROR OMAudit - user=runner | ip=127.0.0.1 | op=GET_FILE_STATUS {volume=volume14467, bucket=bucket64159, key=root_dir/file1/c, dataSize=0, replicationConfig=null} | ret=FAILURE
org.apache.hadoop.ozone.om.exceptions.OMException: Unable to get file status: volume: volume14467 bucket: bucket64159 key: root_dir/file1/c
	at org.apache.hadoop.ozone.om.KeyManagerImpl.getOzoneFileStatus(KeyManagerImpl.java:1324) ~[ozone-manager-1.3.0-SNAPSHOT.jar:?]
	at org.apache.hadoop.ozone.om.KeyManagerImpl.getFileStatus(KeyManagerImpl.java:1254) ~[ozone-manager-1.3.0-SNAPSHOT.jar:?]
	at org.apache.hadoop.ozone.om.OzoneManager.getFileStatus(OzoneManager.java:3506) ~[ozone-manager-1.3.0-SNAPSHOT.jar:?]
	at org.apache.hadoop.ozone.protocolPB.OzoneManagerRequestHandler.getOzoneFileStatus(OzoneManagerRequestHandler.java:882) ~[ozone-manager-1.3.0-SNAPSHOT.jar:?]
	at org.apache.hadoop.ozone.protocolPB.OzoneManagerRequestHandler.handleReadRequest(OzoneManagerRequestHandler.java:228) ~[ozone-manager-1.3.0-SNAPSHOT.jar:?]
	at org.apache.hadoop.ozone.protocolPB.OzoneManagerProtocolServerSideTranslatorPB.submitReadRequestToOM(OzoneManagerProtocolServerSideTranslatorPB.java:226) ~[ozone-manager-1.3.0-SNAPSHOT.jar:?]
	at org.apache.hadoop.ozone.protocolPB.OzoneManagerProtocolServerSideTranslatorPB.processRequest(OzoneManagerProtocolServerSideTranslatorPB.java:175) ~[ozone-manager-1.3.0-SNAPSHOT.jar:?]
	at org.apache.hadoop.hdds.server.OzoneProtocolMessageDispatcher.processRequest(OzoneProtocolMessageDispatcher.java:87) [hdds-server-framework-1.3.0-SNAPSHOT.jar:?]
	at org.apache.hadoop.ozone.protocolPB.OzoneManagerProtocolServerSideTranslatorPB.submitRequest(OzoneManagerProtocolServerSideTranslatorPB.java:147) [ozone-manager-1.3.0-SNAPSHOT.jar:?]
	at org.apache.hadoop.ozone.protocol.proto.OzoneManagerProtocolProtos$OzoneManagerService$2.callBlockingMethod(OzoneManagerProtocolProtos.java) [ozone-interface-client-1.3.0-SNAPSHOT.jar:?]
	at org.apache.hadoop.ipc.ProtobufRpcEngine$Server.processCall(ProtobufRpcEngine.java:466) [hadoop-common-3.3.1.jar:?]
	at org.apache.hadoop.ipc.ProtobufRpcEngine2$Server$ProtoBufRpcInvoker.call(ProtobufRpcEngine2.java:574) [hadoop-common-3.3.1.jar:?]
	at org.apache.hadoop.ipc.ProtobufRpcEngine2$Server$ProtoBufRpcInvoker.call(ProtobufRpcEngine2.java:552) [hadoop-common-3.3.1.jar:?]
	at org.apache.hadoop.ipc.RPC$Server.call(RPC.java:1093) [hadoop-common-3.3.1.jar:?]
	at org.apache.hadoop.ipc.Server$RpcCall.run(Server.java:1035) [hadoop-common-3.3.1.jar:?]
	at org.apache.hadoop.ipc.Server$RpcCall.run(Server.java:963) [hadoop-common-3.3.1.jar:?]
	at java.security.AccessController.doPrivileged(Native Method) ~[?:1.8.0_345]
	at javax.security.auth.Subject.doAs(Subject.java:422) [?:1.8.0_345]
	at org.apache.hadoop.security.UserGroupInformation.doAs(UserGroupInformation.java:1878) [hadoop-common-3.3.1.jar:?]
	at org.apache.hadoop.ipc.Server$Handler.run(Server.java:2966) [hadoop-common-3.3.1.jar:?]
2022-09-28 15:55:09,862 [Time-limited test] WARN  ozone.BasicOzoneFileSystem (BasicOzoneFileSystem.java:getFileStatus(765)) - GetFileStatus failed for path o3fs://bucket64159.volume14467/root_dir/file1/c
java.io.FileNotFoundException: root_dir/file1/c: No such file or directory!
	at org.apache.hadoop.fs.ozone.BasicOzoneClientAdapterImpl.getFileStatus(BasicOzoneClientAdapterImpl.java:369)
	at org.apache.hadoop.fs.ozone.BasicOzoneFileSystem.getFileStatus(BasicOzoneFileSystem.java:757)
	at org.apache.hadoop.fs.ozone.BasicOzoneFileSystem.rename(BasicOzoneFileSystem.java:357)
	at org.apache.hadoop.fs.ozone.TestOzoneFileSystem.testRenameDestinationParentDoesntExist(TestOzoneFileSystem.java:1266)
	at sun.reflect.NativeMethodAccessorImpl.invoke0(Native Method)
	at sun.reflect.NativeMethodAccessorImpl.invoke(NativeMethodAccessorImpl.java:62)
	at sun.reflect.DelegatingMethodAccessorImpl.invoke(DelegatingMethodAccessorImpl.java:43)
	at java.lang.reflect.Method.invoke(Method.java:498)
	at org.junit.runners.model.FrameworkMethod$1.runReflectiveCall(FrameworkMethod.java:59)
	at org.junit.internal.runners.model.ReflectiveCallable.run(ReflectiveCallable.java:12)
	at org.junit.runners.model.FrameworkMethod.invokeExplosively(FrameworkMethod.java:56)
	at org.junit.internal.runners.statements.InvokeMethod.evaluate(InvokeMethod.java:17)
	at org.junit.internal.runners.statements.RunAfters.evaluate(RunAfters.java:27)
	at org.junit.internal.runners.statements.FailOnTimeout$CallableStatement.call(FailOnTimeout.java:288)
	at org.junit.internal.runners.statements.FailOnTimeout$CallableStatement.call(FailOnTimeout.java:282)
	at java.util.concurrent.FutureTask.run(FutureTask.java:266)
	at java.lang.Thread.run(Thread.java:750)
]]></system-out>
  </testcase>
  <testcase name="testRenameDestinationParentDoesntExist" classname="TestOzoneFileSystem" time="0.048">
    <system-out><![CDATA[15:57:02.342 [IPC Server handler 6 on default port 41537] ERROR OMAudit - user=runner | ip=127.0.0.1 | op=GET_FILE_STATUS {volume=volume06113, bucket=bucket59830, key=root_dir/b/c, dataSize=0, replicationConfig=null} | ret=FAILURE
org.apache.hadoop.ozone.om.exceptions.OMException: Unable to get file status: volume: volume06113 bucket: bucket59830 key: root_dir/b/c
	at org.apache.hadoop.ozone.om.KeyManagerImpl.getOzoneFileStatus(KeyManagerImpl.java:1324) ~[ozone-manager-1.3.0-SNAPSHOT.jar:?]
	at org.apache.hadoop.ozone.om.KeyManagerImpl.getFileStatus(KeyManagerImpl.java:1254) ~[ozone-manager-1.3.0-SNAPSHOT.jar:?]
	at org.apache.hadoop.ozone.om.OzoneManager.getFileStatus(OzoneManager.java:3506) ~[ozone-manager-1.3.0-SNAPSHOT.jar:?]
	at org.apache.hadoop.ozone.protocolPB.OzoneManagerRequestHandler.getOzoneFileStatus(OzoneManagerRequestHandler.java:882) ~[ozone-manager-1.3.0-SNAPSHOT.jar:?]
	at org.apache.hadoop.ozone.protocolPB.OzoneManagerRequestHandler.handleReadRequest(OzoneManagerRequestHandler.java:228) ~[ozone-manager-1.3.0-SNAPSHOT.jar:?]
	at org.apache.hadoop.ozone.protocolPB.OzoneManagerProtocolServerSideTranslatorPB.submitRequestDirectlyToOM(OzoneManagerProtocolServerSideTranslatorPB.java:276) ~[ozone-manager-1.3.0-SNAPSHOT.jar:?]
	at org.apache.hadoop.ozone.protocolPB.OzoneManagerProtocolServerSideTranslatorPB.processRequest(OzoneManagerProtocolServerSideTranslatorPB.java:205) ~[ozone-manager-1.3.0-SNAPSHOT.jar:?]
	at org.apache.hadoop.hdds.server.OzoneProtocolMessageDispatcher.processRequest(OzoneProtocolMessageDispatcher.java:87) [hdds-server-framework-1.3.0-SNAPSHOT.jar:?]
	at org.apache.hadoop.ozone.protocolPB.OzoneManagerProtocolServerSideTranslatorPB.submitRequest(OzoneManagerProtocolServerSideTranslatorPB.java:147) [ozone-manager-1.3.0-SNAPSHOT.jar:?]
	at org.apache.hadoop.ozone.protocol.proto.OzoneManagerProtocolProtos$OzoneManagerService$2.callBlockingMethod(OzoneManagerProtocolProtos.java) [ozone-interface-client-1.3.0-SNAPSHOT.jar:?]
	at org.apache.hadoop.ipc.ProtobufRpcEngine$Server.processCall(ProtobufRpcEngine.java:466) [hadoop-common-3.3.1.jar:?]
	at org.apache.hadoop.ipc.ProtobufRpcEngine2$Server$ProtoBufRpcInvoker.call(ProtobufRpcEngine2.java:574) [hadoop-common-3.3.1.jar:?]
	at org.apache.hadoop.ipc.ProtobufRpcEngine2$Server$ProtoBufRpcInvoker.call(ProtobufRpcEngine2.java:552) [hadoop-common-3.3.1.jar:?]
	at org.apache.hadoop.ipc.RPC$Server.call(RPC.java:1093) [hadoop-common-3.3.1.jar:?]
	at org.apache.hadoop.ipc.Server$RpcCall.run(Server.java:1035) [hadoop-common-3.3.1.jar:?]
	at org.apache.hadoop.ipc.Server$RpcCall.run(Server.java:963) [hadoop-common-3.3.1.jar:?]
	at java.security.AccessController.doPrivileged(Native Method) ~[?:1.8.0_345]
	at javax.security.auth.Subject.doAs(Subject.java:422) [?:1.8.0_345]
	at org.apache.hadoop.security.UserGroupInformation.doAs(UserGroupInformation.java:1878) [hadoop-common-3.3.1.jar:?]
	at org.apache.hadoop.ipc.Server$Handler.run(Server.java:2966) [hadoop-common-3.3.1.jar:?]
2022-09-28 15:57:02,343 [Time-limited test] WARN  ozone.BasicOzoneFileSystem (BasicOzoneFileSystem.java:getFileStatus(765)) - GetFileStatus failed for path o3fs://bucket59830.volume06113/root_dir/b/c
java.io.FileNotFoundException: root_dir/b/c: No such file or directory!
	at org.apache.hadoop.fs.ozone.BasicOzoneClientAdapterImpl.getFileStatus(BasicOzoneClientAdapterImpl.java:369)
	at org.apache.hadoop.fs.ozone.BasicOzoneFileSystem.getFileStatus(BasicOzoneFileSystem.java:757)
	at org.apache.hadoop.fs.ozone.BasicOzoneFileSystem.rename(BasicOzoneFileSystem.java:357)
	at org.apache.hadoop.fs.ozone.TestOzoneFileSystem.testRenameDestinationParentDoesntExist(TestOzoneFileSystem.java:1254)
	at sun.reflect.NativeMethodAccessorImpl.invoke0(Native Method)
	at sun.reflect.NativeMethodAccessorImpl.invoke(NativeMethodAccessorImpl.java:62)
	at sun.reflect.DelegatingMethodAccessorImpl.invoke(DelegatingMethodAccessorImpl.java:43)
	at java.lang.reflect.Method.invoke(Method.java:498)
	at org.junit.runners.model.FrameworkMethod$1.runReflectiveCall(FrameworkMethod.java:59)
	at org.junit.internal.runners.model.ReflectiveCallable.run(ReflectiveCallable.java:12)
	at org.junit.runners.model.FrameworkMethod.invokeExplosively(FrameworkMethod.java:56)
	at org.junit.internal.runners.statements.InvokeMethod.evaluate(InvokeMethod.java:17)
	at org.junit.internal.runners.statements.RunAfters.evaluate(RunAfters.java:27)
	at org.junit.internal.runners.statements.FailOnTimeout$CallableStatement.call(FailOnTimeout.java:288)
	at org.junit.internal.runners.statements.FailOnTimeout$CallableStatement.call(FailOnTimeout.java:282)
	at java.util.concurrent.FutureTask.run(FutureTask.java:266)
	at java.lang.Thread.run(Thread.java:750)
15:57:02.343 [IPC Server handler 8 on default port 41537] ERROR OMAudit - user=runner | ip=127.0.0.1 | op=GET_FILE_STATUS {volume=volume06113, bucket=bucket59830, key=root_dir/b, dataSize=0, replicationConfig=null} | ret=FAILURE
org.apache.hadoop.ozone.om.exceptions.OMException: Unable to get file status: volume: volume06113 bucket: bucket59830 key: root_dir/b
	at org.apache.hadoop.ozone.om.KeyManagerImpl.getOzoneFileStatus(KeyManagerImpl.java:1324) ~[ozone-manager-1.3.0-SNAPSHOT.jar:?]
	at org.apache.hadoop.ozone.om.KeyManagerImpl.getFileStatus(KeyManagerImpl.java:1254) ~[ozone-manager-1.3.0-SNAPSHOT.jar:?]
	at org.apache.hadoop.ozone.om.OzoneManager.getFileStatus(OzoneManager.java:3506) ~[ozone-manager-1.3.0-SNAPSHOT.jar:?]
	at org.apache.hadoop.ozone.protocolPB.OzoneManagerRequestHandler.getOzoneFileStatus(OzoneManagerRequestHandler.java:882) ~[ozone-manager-1.3.0-SNAPSHOT.jar:?]
	at org.apache.hadoop.ozone.protocolPB.OzoneManagerRequestHandler.handleReadRequest(OzoneManagerRequestHandler.java:228) ~[ozone-manager-1.3.0-SNAPSHOT.jar:?]
	at org.apache.hadoop.ozone.protocolPB.OzoneManagerProtocolServerSideTranslatorPB.submitRequestDirectlyToOM(OzoneManagerProtocolServerSideTranslatorPB.java:276) ~[ozone-manager-1.3.0-SNAPSHOT.jar:?]
	at org.apache.hadoop.ozone.protocolPB.OzoneManagerProtocolServerSideTranslatorPB.processRequest(OzoneManagerProtocolServerSideTranslatorPB.java:205) ~[ozone-manager-1.3.0-SNAPSHOT.jar:?]
	at org.apache.hadoop.hdds.server.OzoneProtocolMessageDispatcher.processRequest(OzoneProtocolMessageDispatcher.java:87) [hdds-server-framework-1.3.0-SNAPSHOT.jar:?]
	at org.apache.hadoop.ozone.protocolPB.OzoneManagerProtocolServerSideTranslatorPB.submitRequest(OzoneManagerProtocolServerSideTranslatorPB.java:147) [ozone-manager-1.3.0-SNAPSHOT.jar:?]
	at org.apache.hadoop.ozone.protocol.proto.OzoneManagerProtocolProtos$OzoneManagerService$2.callBlockingMethod(OzoneManagerProtocolProtos.java) [ozone-interface-client-1.3.0-SNAPSHOT.jar:?]
	at org.apache.hadoop.ipc.ProtobufRpcEngine$Server.processCall(ProtobufRpcEngine.java:466) [hadoop-common-3.3.1.jar:?]
	at org.apache.hadoop.ipc.ProtobufRpcEngine2$Server$ProtoBufRpcInvoker.call(ProtobufRpcEngine2.java:574) [hadoop-common-3.3.1.jar:?]
	at org.apache.hadoop.ipc.ProtobufRpcEngine2$Server$ProtoBufRpcInvoker.call(ProtobufRpcEngine2.java:552) [hadoop-common-3.3.1.jar:?]
	at org.apache.hadoop.ipc.RPC$Server.call(RPC.java:1093) [hadoop-common-3.3.1.jar:?]
	at org.apache.hadoop.ipc.Server$RpcCall.run(Server.java:1035) [hadoop-common-3.3.1.jar:?]
	at org.apache.hadoop.ipc.Server$RpcCall.run(Server.java:963) [hadoop-common-3.3.1.jar:?]
	at java.security.AccessController.doPrivileged(Native Method) ~[?:1.8.0_345]
	at javax.security.auth.Subject.doAs(Subject.java:422) [?:1.8.0_345]
	at org.apache.hadoop.security.UserGroupInformation.doAs(UserGroupInformation.java:1878) [hadoop-common-3.3.1.jar:?]
	at org.apache.hadoop.ipc.Server$Handler.run(Server.java:2966) [hadoop-common-3.3.1.jar:?]
2022-09-28 15:57:02,344 [Time-limited test] WARN  ozone.BasicOzoneFileSystem (BasicOzoneFileSystem.java:getFileStatus(765)) - GetFileStatus failed for path o3fs://bucket59830.volume06113/root_dir/b
java.io.FileNotFoundException: root_dir/b: No such file or directory!
	at org.apache.hadoop.fs.ozone.BasicOzoneClientAdapterImpl.getFileStatus(BasicOzoneClientAdapterImpl.java:369)
	at org.apache.hadoop.fs.ozone.BasicOzoneFileSystem.getFileStatus(BasicOzoneFileSystem.java:757)
	at org.apache.hadoop.fs.ozone.BasicOzoneFileSystem.rename(BasicOzoneFileSystem.java:365)
	at org.apache.hadoop.fs.ozone.TestOzoneFileSystem.testRenameDestinationParentDoesntExist(TestOzoneFileSystem.java:1254)
	at sun.reflect.NativeMethodAccessorImpl.invoke0(Native Method)
	at sun.reflect.NativeMethodAccessorImpl.invoke(NativeMethodAccessorImpl.java:62)
	at sun.reflect.DelegatingMethodAccessorImpl.invoke(DelegatingMethodAccessorImpl.java:43)
	at java.lang.reflect.Method.invoke(Method.java:498)
	at org.junit.runners.model.FrameworkMethod$1.runReflectiveCall(FrameworkMethod.java:59)
	at org.junit.internal.runners.model.ReflectiveCallable.run(ReflectiveCallable.java:12)
	at org.junit.runners.model.FrameworkMethod.invokeExplosively(FrameworkMethod.java:56)
	at org.junit.internal.runners.statements.InvokeMethod.evaluate(InvokeMethod.java:17)
	at org.junit.internal.runners.statements.RunAfters.evaluate(RunAfters.java:27)
	at org.junit.internal.runners.statements.FailOnTimeout$CallableStatement.call(FailOnTimeout.java:288)
	at org.junit.internal.runners.statements.FailOnTimeout$CallableStatement.call(FailOnTimeout.java:282)
	at java.util.concurrent.FutureTask.run(FutureTask.java:266)
	at java.lang.Thread.run(Thread.java:750)
15:57:02.349 [IPC Server handler 10 on default port 41537] ERROR OMAudit - user=runner | ip=127.0.0.1 | op=GET_FILE_STATUS {volume=volume06113, bucket=bucket59830, key=root_dir/file1/c, dataSize=0, replicationConfig=null} | ret=FAILURE
org.apache.hadoop.ozone.om.exceptions.OMException: Unable to get file status: volume: volume06113 bucket: bucket59830 key: root_dir/file1/c
	at org.apache.hadoop.ozone.om.KeyManagerImpl.getOzoneFileStatus(KeyManagerImpl.java:1324) ~[ozone-manager-1.3.0-SNAPSHOT.jar:?]
	at org.apache.hadoop.ozone.om.KeyManagerImpl.getFileStatus(KeyManagerImpl.java:1254) ~[ozone-manager-1.3.0-SNAPSHOT.jar:?]
	at org.apache.hadoop.ozone.om.OzoneManager.getFileStatus(OzoneManager.java:3506) ~[ozone-manager-1.3.0-SNAPSHOT.jar:?]
	at org.apache.hadoop.ozone.protocolPB.OzoneManagerRequestHandler.getOzoneFileStatus(OzoneManagerRequestHandler.java:882) ~[ozone-manager-1.3.0-SNAPSHOT.jar:?]
	at org.apache.hadoop.ozone.protocolPB.OzoneManagerRequestHandler.handleReadRequest(OzoneManagerRequestHandler.java:228) ~[ozone-manager-1.3.0-SNAPSHOT.jar:?]
	at org.apache.hadoop.ozone.protocolPB.OzoneManagerProtocolServerSideTranslatorPB.submitRequestDirectlyToOM(OzoneManagerProtocolServerSideTranslatorPB.java:276) ~[ozone-manager-1.3.0-SNAPSHOT.jar:?]
	at org.apache.hadoop.ozone.protocolPB.OzoneManagerProtocolServerSideTranslatorPB.processRequest(OzoneManagerProtocolServerSideTranslatorPB.java:205) ~[ozone-manager-1.3.0-SNAPSHOT.jar:?]
	at org.apache.hadoop.hdds.server.OzoneProtocolMessageDispatcher.processRequest(OzoneProtocolMessageDispatcher.java:87) [hdds-server-framework-1.3.0-SNAPSHOT.jar:?]
	at org.apache.hadoop.ozone.protocolPB.OzoneManagerProtocolServerSideTranslatorPB.submitRequest(OzoneManagerProtocolServerSideTranslatorPB.java:147) [ozone-manager-1.3.0-SNAPSHOT.jar:?]
	at org.apache.hadoop.ozone.protocol.proto.OzoneManagerProtocolProtos$OzoneManagerService$2.callBlockingMethod(OzoneManagerProtocolProtos.java) [ozone-interface-client-1.3.0-SNAPSHOT.jar:?]
	at org.apache.hadoop.ipc.ProtobufRpcEngine$Server.processCall(ProtobufRpcEngine.java:466) [hadoop-common-3.3.1.jar:?]
	at org.apache.hadoop.ipc.ProtobufRpcEngine2$Server$ProtoBufRpcInvoker.call(ProtobufRpcEngine2.java:574) [hadoop-common-3.3.1.jar:?]
	at org.apache.hadoop.ipc.ProtobufRpcEngine2$Server$ProtoBufRpcInvoker.call(ProtobufRpcEngine2.java:552) [hadoop-common-3.3.1.jar:?]
	at org.apache.hadoop.ipc.RPC$Server.call(RPC.java:1093) [hadoop-common-3.3.1.jar:?]
	at org.apache.hadoop.ipc.Server$RpcCall.run(Server.java:1035) [hadoop-common-3.3.1.jar:?]
	at org.apache.hadoop.ipc.Server$RpcCall.run(Server.java:963) [hadoop-common-3.3.1.jar:?]
	at java.security.AccessController.doPrivileged(Native Method) ~[?:1.8.0_345]
	at javax.security.auth.Subject.doAs(Subject.java:422) [?:1.8.0_345]
	at org.apache.hadoop.security.UserGroupInformation.doAs(UserGroupInformation.java:1878) [hadoop-common-3.3.1.jar:?]
	at org.apache.hadoop.ipc.Server$Handler.run(Server.java:2966) [hadoop-common-3.3.1.jar:?]
2022-09-28 15:57:02,349 [Time-limited test] WARN  ozone.BasicOzoneFileSystem (BasicOzoneFileSystem.java:getFileStatus(765)) - GetFileStatus failed for path o3fs://bucket59830.volume06113/root_dir/file1/c
java.io.FileNotFoundException: root_dir/file1/c: No such file or directory!
	at org.apache.hadoop.fs.ozone.BasicOzoneClientAdapterImpl.getFileStatus(BasicOzoneClientAdapterImpl.java:369)
	at org.apache.hadoop.fs.ozone.BasicOzoneFileSystem.getFileStatus(BasicOzoneFileSystem.java:757)
	at org.apache.hadoop.fs.ozone.BasicOzoneFileSystem.rename(BasicOzoneFileSystem.java:357)
	at org.apache.hadoop.fs.ozone.TestOzoneFileSystem.testRenameDestinationParentDoesntExist(TestOzoneFileSystem.java:1266)
	at sun.reflect.NativeMethodAccessorImpl.invoke0(Native Method)
	at sun.reflect.NativeMethodAccessorImpl.invoke(NativeMethodAccessorImpl.java:62)
	at sun.reflect.DelegatingMethodAccessorImpl.invoke(DelegatingMethodAccessorImpl.java:43)
	at java.lang.reflect.Method.invoke(Method.java:498)
	at org.junit.runners.model.FrameworkMethod$1.runReflectiveCall(FrameworkMethod.java:59)
	at org.junit.internal.runners.model.ReflectiveCallable.run(ReflectiveCallable.java:12)
	at org.junit.runners.model.FrameworkMethod.invokeExplosively(FrameworkMethod.java:56)
	at org.junit.internal.runners.statements.InvokeMethod.evaluate(InvokeMethod.java:17)
	at org.junit.internal.runners.statements.RunAfters.evaluate(RunAfters.java:27)
	at org.junit.internal.runners.statements.FailOnTimeout$CallableStatement.call(FailOnTimeout.java:288)
	at org.junit.internal.runners.statements.FailOnTimeout$CallableStatement.call(FailOnTimeout.java:282)
	at java.util.concurrent.FutureTask.run(FutureTask.java:266)
	at java.lang.Thread.run(Thread.java:750)
]]></system-out>
  </testcase>
  <testcase name="testCreateWithInvalidPaths" classname="TestOzoneFileSystem" time="0.008"/>
  <testcase name="testCreateWithInvalidPaths" classname="TestOzoneFileSystem" time="0.01"/>
  <testcase name="testCreateWithInvalidPaths" classname="TestOzoneFileSystem" time="0.002"/>
  <testcase name="testCreateWithInvalidPaths" classname="TestOzoneFileSystem" time="0.013"/>
  <testcase name="testListStatusOnRoot" classname="TestOzoneFileSystem" time="0.038"/>
  <testcase name="testListStatusOnRoot" classname="TestOzoneFileSystem" time="0.021"/>
  <testcase name="testListStatusOnRoot" classname="TestOzoneFileSystem" time="0.086"/>
  <testcase name="testListStatusOnRoot" classname="TestOzoneFileSystem" time="0.048"/>
  <testcase name="testRenameWithNonExistentSource" classname="TestOzoneFileSystem" time="0.028">
    <system-out><![CDATA[2022-09-28 15:52:02,187 [Time-limited test] INFO  ozone.TestOzoneFileSystem (TestOzoneFileSystem.java:testRenameWithNonExistentSource(1055)) - Created destin dir: o3fs://bucket55718.volume24312/root/dir2
2022-09-28 15:52:02,187 [Time-limited test] INFO  ozone.TestOzoneFileSystem (TestOzoneFileSystem.java:testRenameWithNonExistentSource(1057)) - Rename op-> source:o3fs://bucket55718.volume24312/root/dir1 to destin:o3fs://bucket55718.volume24312/root/dir2}
15:52:02.188 [IPC Server handler 13 on default port 36317] ERROR OMAudit - user=runner | ip=127.0.0.1 | op=GET_FILE_STATUS {volume=volume24312, bucket=bucket55718, key=root/dir1, dataSize=0, replicationConfig=null} | ret=FAILURE
org.apache.hadoop.ozone.om.exceptions.OMException: Unable to get file status: volume: volume24312 bucket: bucket55718 key: root/dir1
	at org.apache.hadoop.ozone.om.KeyManagerImpl.getOzoneFileStatus(KeyManagerImpl.java:1324) ~[ozone-manager-1.3.0-SNAPSHOT.jar:?]
	at org.apache.hadoop.ozone.om.KeyManagerImpl.getFileStatus(KeyManagerImpl.java:1254) ~[ozone-manager-1.3.0-SNAPSHOT.jar:?]
	at org.apache.hadoop.ozone.om.OzoneManager.getFileStatus(OzoneManager.java:3506) ~[ozone-manager-1.3.0-SNAPSHOT.jar:?]
	at org.apache.hadoop.ozone.protocolPB.OzoneManagerRequestHandler.getOzoneFileStatus(OzoneManagerRequestHandler.java:882) ~[ozone-manager-1.3.0-SNAPSHOT.jar:?]
	at org.apache.hadoop.ozone.protocolPB.OzoneManagerRequestHandler.handleReadRequest(OzoneManagerRequestHandler.java:228) ~[ozone-manager-1.3.0-SNAPSHOT.jar:?]
	at org.apache.hadoop.ozone.protocolPB.OzoneManagerProtocolServerSideTranslatorPB.submitReadRequestToOM(OzoneManagerProtocolServerSideTranslatorPB.java:226) ~[ozone-manager-1.3.0-SNAPSHOT.jar:?]
	at org.apache.hadoop.ozone.protocolPB.OzoneManagerProtocolServerSideTranslatorPB.processRequest(OzoneManagerProtocolServerSideTranslatorPB.java:175) ~[ozone-manager-1.3.0-SNAPSHOT.jar:?]
	at org.apache.hadoop.hdds.server.OzoneProtocolMessageDispatcher.processRequest(OzoneProtocolMessageDispatcher.java:87) [hdds-server-framework-1.3.0-SNAPSHOT.jar:?]
	at org.apache.hadoop.ozone.protocolPB.OzoneManagerProtocolServerSideTranslatorPB.submitRequest(OzoneManagerProtocolServerSideTranslatorPB.java:147) [ozone-manager-1.3.0-SNAPSHOT.jar:?]
	at org.apache.hadoop.ozone.protocol.proto.OzoneManagerProtocolProtos$OzoneManagerService$2.callBlockingMethod(OzoneManagerProtocolProtos.java) [ozone-interface-client-1.3.0-SNAPSHOT.jar:?]
	at org.apache.hadoop.ipc.ProtobufRpcEngine$Server.processCall(ProtobufRpcEngine.java:466) [hadoop-common-3.3.1.jar:?]
	at org.apache.hadoop.ipc.ProtobufRpcEngine2$Server$ProtoBufRpcInvoker.call(ProtobufRpcEngine2.java:574) [hadoop-common-3.3.1.jar:?]
	at org.apache.hadoop.ipc.ProtobufRpcEngine2$Server$ProtoBufRpcInvoker.call(ProtobufRpcEngine2.java:552) [hadoop-common-3.3.1.jar:?]
	at org.apache.hadoop.ipc.RPC$Server.call(RPC.java:1093) [hadoop-common-3.3.1.jar:?]
	at org.apache.hadoop.ipc.Server$RpcCall.run(Server.java:1035) [hadoop-common-3.3.1.jar:?]
	at org.apache.hadoop.ipc.Server$RpcCall.run(Server.java:963) [hadoop-common-3.3.1.jar:?]
	at java.security.AccessController.doPrivileged(Native Method) ~[?:1.8.0_345]
	at javax.security.auth.Subject.doAs(Subject.java:422) [?:1.8.0_345]
	at org.apache.hadoop.security.UserGroupInformation.doAs(UserGroupInformation.java:1878) [hadoop-common-3.3.1.jar:?]
	at org.apache.hadoop.ipc.Server$Handler.run(Server.java:2966) [hadoop-common-3.3.1.jar:?]
2022-09-28 15:52:02,189 [Time-limited test] WARN  ozone.BasicOzoneFileSystem (BasicOzoneFileSystem.java:getFileStatus(765)) - GetFileStatus failed for path o3fs://bucket55718.volume24312/root/dir1
java.io.FileNotFoundException: root/dir1: No such file or directory!
	at org.apache.hadoop.fs.ozone.BasicOzoneClientAdapterImpl.getFileStatus(BasicOzoneClientAdapterImpl.java:369)
	at org.apache.hadoop.fs.ozone.BasicOzoneFileSystem.getFileStatus(BasicOzoneFileSystem.java:757)
	at org.apache.hadoop.fs.ozone.BasicOzoneFileSystem.rename(BasicOzoneFileSystem.java:339)
	at org.apache.hadoop.fs.ozone.TestOzoneFileSystem.testRenameWithNonExistentSource(TestOzoneFileSystem.java:1059)
	at sun.reflect.NativeMethodAccessorImpl.invoke0(Native Method)
	at sun.reflect.NativeMethodAccessorImpl.invoke(NativeMethodAccessorImpl.java:62)
	at sun.reflect.DelegatingMethodAccessorImpl.invoke(DelegatingMethodAccessorImpl.java:43)
	at java.lang.reflect.Method.invoke(Method.java:498)
	at org.junit.runners.model.FrameworkMethod$1.runReflectiveCall(FrameworkMethod.java:59)
	at org.junit.internal.runners.model.ReflectiveCallable.run(ReflectiveCallable.java:12)
	at org.junit.runners.model.FrameworkMethod.invokeExplosively(FrameworkMethod.java:56)
	at org.junit.internal.runners.statements.InvokeMethod.evaluate(InvokeMethod.java:17)
	at org.junit.internal.runners.statements.RunAfters.evaluate(RunAfters.java:27)
	at org.junit.internal.runners.statements.FailOnTimeout$CallableStatement.call(FailOnTimeout.java:288)
	at org.junit.internal.runners.statements.FailOnTimeout$CallableStatement.call(FailOnTimeout.java:282)
	at java.util.concurrent.FutureTask.run(FutureTask.java:266)
	at java.lang.Thread.run(Thread.java:750)
]]></system-out>
  </testcase>
  <testcase name="testRenameWithNonExistentSource" classname="TestOzoneFileSystem" time="0.037">
    <system-out><![CDATA[2022-09-28 15:53:44,599 [Time-limited test] INFO  ozone.TestOzoneFileSystem (TestOzoneFileSystem.java:testRenameWithNonExistentSource(1055)) - Created destin dir: o3fs://bucket04297.volume00149/root/dir2
2022-09-28 15:53:44,599 [Time-limited test] INFO  ozone.TestOzoneFileSystem (TestOzoneFileSystem.java:testRenameWithNonExistentSource(1057)) - Rename op-> source:o3fs://bucket04297.volume00149/root/dir1 to destin:o3fs://bucket04297.volume00149/root/dir2}
15:53:44.599 [IPC Server handler 18 on default port 42319] ERROR OMAudit - user=runner | ip=127.0.0.1 | op=GET_FILE_STATUS {volume=volume00149, bucket=bucket04297, key=root/dir1, dataSize=0, replicationConfig=null} | ret=FAILURE
org.apache.hadoop.ozone.om.exceptions.OMException: Unable to get file status: volume: volume00149 bucket: bucket04297 key: root/dir1
	at org.apache.hadoop.ozone.om.KeyManagerImpl.getOzoneFileStatus(KeyManagerImpl.java:1324) ~[ozone-manager-1.3.0-SNAPSHOT.jar:?]
	at org.apache.hadoop.ozone.om.KeyManagerImpl.getFileStatus(KeyManagerImpl.java:1254) ~[ozone-manager-1.3.0-SNAPSHOT.jar:?]
	at org.apache.hadoop.ozone.om.OzoneManager.getFileStatus(OzoneManager.java:3506) ~[ozone-manager-1.3.0-SNAPSHOT.jar:?]
	at org.apache.hadoop.ozone.protocolPB.OzoneManagerRequestHandler.getOzoneFileStatus(OzoneManagerRequestHandler.java:882) ~[ozone-manager-1.3.0-SNAPSHOT.jar:?]
	at org.apache.hadoop.ozone.protocolPB.OzoneManagerRequestHandler.handleReadRequest(OzoneManagerRequestHandler.java:228) ~[ozone-manager-1.3.0-SNAPSHOT.jar:?]
	at org.apache.hadoop.ozone.protocolPB.OzoneManagerProtocolServerSideTranslatorPB.submitRequestDirectlyToOM(OzoneManagerProtocolServerSideTranslatorPB.java:276) ~[ozone-manager-1.3.0-SNAPSHOT.jar:?]
	at org.apache.hadoop.ozone.protocolPB.OzoneManagerProtocolServerSideTranslatorPB.processRequest(OzoneManagerProtocolServerSideTranslatorPB.java:205) ~[ozone-manager-1.3.0-SNAPSHOT.jar:?]
	at org.apache.hadoop.hdds.server.OzoneProtocolMessageDispatcher.processRequest(OzoneProtocolMessageDispatcher.java:87) [hdds-server-framework-1.3.0-SNAPSHOT.jar:?]
	at org.apache.hadoop.ozone.protocolPB.OzoneManagerProtocolServerSideTranslatorPB.submitRequest(OzoneManagerProtocolServerSideTranslatorPB.java:147) [ozone-manager-1.3.0-SNAPSHOT.jar:?]
	at org.apache.hadoop.ozone.protocol.proto.OzoneManagerProtocolProtos$OzoneManagerService$2.callBlockingMethod(OzoneManagerProtocolProtos.java) [ozone-interface-client-1.3.0-SNAPSHOT.jar:?]
	at org.apache.hadoop.ipc.ProtobufRpcEngine$Server.processCall(ProtobufRpcEngine.java:466) [hadoop-common-3.3.1.jar:?]
	at org.apache.hadoop.ipc.ProtobufRpcEngine2$Server$ProtoBufRpcInvoker.call(ProtobufRpcEngine2.java:574) [hadoop-common-3.3.1.jar:?]
	at org.apache.hadoop.ipc.ProtobufRpcEngine2$Server$ProtoBufRpcInvoker.call(ProtobufRpcEngine2.java:552) [hadoop-common-3.3.1.jar:?]
	at org.apache.hadoop.ipc.RPC$Server.call(RPC.java:1093) [hadoop-common-3.3.1.jar:?]
	at org.apache.hadoop.ipc.Server$RpcCall.run(Server.java:1035) [hadoop-common-3.3.1.jar:?]
	at org.apache.hadoop.ipc.Server$RpcCall.run(Server.java:963) [hadoop-common-3.3.1.jar:?]
	at java.security.AccessController.doPrivileged(Native Method) ~[?:1.8.0_345]
	at javax.security.auth.Subject.doAs(Subject.java:422) [?:1.8.0_345]
	at org.apache.hadoop.security.UserGroupInformation.doAs(UserGroupInformation.java:1878) [hadoop-common-3.3.1.jar:?]
	at org.apache.hadoop.ipc.Server$Handler.run(Server.java:2966) [hadoop-common-3.3.1.jar:?]
2022-09-28 15:53:44,600 [Time-limited test] WARN  ozone.BasicOzoneFileSystem (BasicOzoneFileSystem.java:getFileStatus(765)) - GetFileStatus failed for path o3fs://bucket04297.volume00149/root/dir1
java.io.FileNotFoundException: root/dir1: No such file or directory!
	at org.apache.hadoop.fs.ozone.BasicOzoneClientAdapterImpl.getFileStatus(BasicOzoneClientAdapterImpl.java:369)
	at org.apache.hadoop.fs.ozone.BasicOzoneFileSystem.getFileStatus(BasicOzoneFileSystem.java:757)
	at org.apache.hadoop.fs.ozone.BasicOzoneFileSystem.rename(BasicOzoneFileSystem.java:339)
	at org.apache.hadoop.fs.ozone.TestOzoneFileSystem.testRenameWithNonExistentSource(TestOzoneFileSystem.java:1059)
	at sun.reflect.NativeMethodAccessorImpl.invoke0(Native Method)
	at sun.reflect.NativeMethodAccessorImpl.invoke(NativeMethodAccessorImpl.java:62)
	at sun.reflect.DelegatingMethodAccessorImpl.invoke(DelegatingMethodAccessorImpl.java:43)
	at java.lang.reflect.Method.invoke(Method.java:498)
	at org.junit.runners.model.FrameworkMethod$1.runReflectiveCall(FrameworkMethod.java:59)
	at org.junit.internal.runners.model.ReflectiveCallable.run(ReflectiveCallable.java:12)
	at org.junit.runners.model.FrameworkMethod.invokeExplosively(FrameworkMethod.java:56)
	at org.junit.internal.runners.statements.InvokeMethod.evaluate(InvokeMethod.java:17)
	at org.junit.internal.runners.statements.RunAfters.evaluate(RunAfters.java:27)
	at org.junit.internal.runners.statements.FailOnTimeout$CallableStatement.call(FailOnTimeout.java:288)
	at org.junit.internal.runners.statements.FailOnTimeout$CallableStatement.call(FailOnTimeout.java:282)
	at java.util.concurrent.FutureTask.run(FutureTask.java:266)
	at java.lang.Thread.run(Thread.java:750)
]]></system-out>
  </testcase>
  <testcase name="testRenameWithNonExistentSource" classname="TestOzoneFileSystem" time="0.042">
    <system-out><![CDATA[2022-09-28 15:55:09,987 [Time-limited test] INFO  ozone.TestOzoneFileSystem (TestOzoneFileSystem.java:testRenameWithNonExistentSource(1055)) - Created destin dir: o3fs://bucket64159.volume14467/root/dir2
2022-09-28 15:55:09,987 [Time-limited test] INFO  ozone.TestOzoneFileSystem (TestOzoneFileSystem.java:testRenameWithNonExistentSource(1057)) - Rename op-> source:o3fs://bucket64159.volume14467/root/dir1 to destin:o3fs://bucket64159.volume14467/root/dir2}
15:55:10.021 [IPC Server handler 16 on default port 37257] ERROR OMAudit - user=runner | ip=127.0.0.1 | op=GET_FILE_STATUS {volume=volume14467, bucket=bucket64159, key=root/dir1, dataSize=0, replicationConfig=null} | ret=FAILURE
org.apache.hadoop.ozone.om.exceptions.OMException: Unable to get file status: volume: volume14467 bucket: bucket64159 key: root/dir1
	at org.apache.hadoop.ozone.om.KeyManagerImpl.getOzoneFileStatus(KeyManagerImpl.java:1324) ~[ozone-manager-1.3.0-SNAPSHOT.jar:?]
	at org.apache.hadoop.ozone.om.KeyManagerImpl.getFileStatus(KeyManagerImpl.java:1254) ~[ozone-manager-1.3.0-SNAPSHOT.jar:?]
	at org.apache.hadoop.ozone.om.OzoneManager.getFileStatus(OzoneManager.java:3506) ~[ozone-manager-1.3.0-SNAPSHOT.jar:?]
	at org.apache.hadoop.ozone.protocolPB.OzoneManagerRequestHandler.getOzoneFileStatus(OzoneManagerRequestHandler.java:882) ~[ozone-manager-1.3.0-SNAPSHOT.jar:?]
	at org.apache.hadoop.ozone.protocolPB.OzoneManagerRequestHandler.handleReadRequest(OzoneManagerRequestHandler.java:228) ~[ozone-manager-1.3.0-SNAPSHOT.jar:?]
	at org.apache.hadoop.ozone.protocolPB.OzoneManagerProtocolServerSideTranslatorPB.submitReadRequestToOM(OzoneManagerProtocolServerSideTranslatorPB.java:226) ~[ozone-manager-1.3.0-SNAPSHOT.jar:?]
	at org.apache.hadoop.ozone.protocolPB.OzoneManagerProtocolServerSideTranslatorPB.processRequest(OzoneManagerProtocolServerSideTranslatorPB.java:175) ~[ozone-manager-1.3.0-SNAPSHOT.jar:?]
	at org.apache.hadoop.hdds.server.OzoneProtocolMessageDispatcher.processRequest(OzoneProtocolMessageDispatcher.java:87) [hdds-server-framework-1.3.0-SNAPSHOT.jar:?]
	at org.apache.hadoop.ozone.protocolPB.OzoneManagerProtocolServerSideTranslatorPB.submitRequest(OzoneManagerProtocolServerSideTranslatorPB.java:147) [ozone-manager-1.3.0-SNAPSHOT.jar:?]
	at org.apache.hadoop.ozone.protocol.proto.OzoneManagerProtocolProtos$OzoneManagerService$2.callBlockingMethod(OzoneManagerProtocolProtos.java) [ozone-interface-client-1.3.0-SNAPSHOT.jar:?]
	at org.apache.hadoop.ipc.ProtobufRpcEngine$Server.processCall(ProtobufRpcEngine.java:466) [hadoop-common-3.3.1.jar:?]
	at org.apache.hadoop.ipc.ProtobufRpcEngine2$Server$ProtoBufRpcInvoker.call(ProtobufRpcEngine2.java:574) [hadoop-common-3.3.1.jar:?]
	at org.apache.hadoop.ipc.ProtobufRpcEngine2$Server$ProtoBufRpcInvoker.call(ProtobufRpcEngine2.java:552) [hadoop-common-3.3.1.jar:?]
	at org.apache.hadoop.ipc.RPC$Server.call(RPC.java:1093) [hadoop-common-3.3.1.jar:?]
	at org.apache.hadoop.ipc.Server$RpcCall.run(Server.java:1035) [hadoop-common-3.3.1.jar:?]
	at org.apache.hadoop.ipc.Server$RpcCall.run(Server.java:963) [hadoop-common-3.3.1.jar:?]
	at java.security.AccessController.doPrivileged(Native Method) ~[?:1.8.0_345]
	at javax.security.auth.Subject.doAs(Subject.java:422) [?:1.8.0_345]
	at org.apache.hadoop.security.UserGroupInformation.doAs(UserGroupInformation.java:1878) [hadoop-common-3.3.1.jar:?]
	at org.apache.hadoop.ipc.Server$Handler.run(Server.java:2966) [hadoop-common-3.3.1.jar:?]
2022-09-28 15:55:10,021 [Time-limited test] WARN  ozone.BasicOzoneFileSystem (BasicOzoneFileSystem.java:getFileStatus(765)) - GetFileStatus failed for path o3fs://bucket64159.volume14467/root/dir1
java.io.FileNotFoundException: root/dir1: No such file or directory!
	at org.apache.hadoop.fs.ozone.BasicOzoneClientAdapterImpl.getFileStatus(BasicOzoneClientAdapterImpl.java:369)
	at org.apache.hadoop.fs.ozone.BasicOzoneFileSystem.getFileStatus(BasicOzoneFileSystem.java:757)
	at org.apache.hadoop.fs.ozone.BasicOzoneFileSystem.rename(BasicOzoneFileSystem.java:339)
	at org.apache.hadoop.fs.ozone.TestOzoneFileSystem.testRenameWithNonExistentSource(TestOzoneFileSystem.java:1059)
	at sun.reflect.NativeMethodAccessorImpl.invoke0(Native Method)
	at sun.reflect.NativeMethodAccessorImpl.invoke(NativeMethodAccessorImpl.java:62)
	at sun.reflect.DelegatingMethodAccessorImpl.invoke(DelegatingMethodAccessorImpl.java:43)
	at java.lang.reflect.Method.invoke(Method.java:498)
	at org.junit.runners.model.FrameworkMethod$1.runReflectiveCall(FrameworkMethod.java:59)
	at org.junit.internal.runners.model.ReflectiveCallable.run(ReflectiveCallable.java:12)
	at org.junit.runners.model.FrameworkMethod.invokeExplosively(FrameworkMethod.java:56)
	at org.junit.internal.runners.statements.InvokeMethod.evaluate(InvokeMethod.java:17)
	at org.junit.internal.runners.statements.RunAfters.evaluate(RunAfters.java:27)
	at org.junit.internal.runners.statements.FailOnTimeout$CallableStatement.call(FailOnTimeout.java:288)
	at org.junit.internal.runners.statements.FailOnTimeout$CallableStatement.call(FailOnTimeout.java:282)
	at java.util.concurrent.FutureTask.run(FutureTask.java:266)
	at java.lang.Thread.run(Thread.java:750)
]]></system-out>
  </testcase>
  <testcase name="testRenameWithNonExistentSource" classname="TestOzoneFileSystem" time="0.057">
    <system-out><![CDATA[2022-09-28 15:57:02,425 [Under Replicated Processor] INFO  replication.UnderReplicatedProcessor (UnderReplicatedProcessor.java:processAll(92)) - Processed 0 under replicated containers, failed processing 0
2022-09-28 15:57:02,441 [Over Replicated Processor] INFO  replication.OverReplicatedProcessor (OverReplicatedProcessor.java:processAll(90)) - Processed 0 over replicated containers, failed processing 0
2022-09-28 15:57:02,445 [Time-limited test] INFO  ozone.TestOzoneFileSystem (TestOzoneFileSystem.java:testRenameWithNonExistentSource(1055)) - Created destin dir: o3fs://bucket59830.volume06113/root/dir2
2022-09-28 15:57:02,445 [Time-limited test] INFO  ozone.TestOzoneFileSystem (TestOzoneFileSystem.java:testRenameWithNonExistentSource(1057)) - Rename op-> source:o3fs://bucket59830.volume06113/root/dir1 to destin:o3fs://bucket59830.volume06113/root/dir2}
15:57:02.447 [IPC Server handler 15 on default port 41537] ERROR OMAudit - user=runner | ip=127.0.0.1 | op=GET_FILE_STATUS {volume=volume06113, bucket=bucket59830, key=root/dir1, dataSize=0, replicationConfig=null} | ret=FAILURE
org.apache.hadoop.ozone.om.exceptions.OMException: Unable to get file status: volume: volume06113 bucket: bucket59830 key: root/dir1
	at org.apache.hadoop.ozone.om.KeyManagerImpl.getOzoneFileStatus(KeyManagerImpl.java:1324) ~[ozone-manager-1.3.0-SNAPSHOT.jar:?]
	at org.apache.hadoop.ozone.om.KeyManagerImpl.getFileStatus(KeyManagerImpl.java:1254) ~[ozone-manager-1.3.0-SNAPSHOT.jar:?]
	at org.apache.hadoop.ozone.om.OzoneManager.getFileStatus(OzoneManager.java:3506) ~[ozone-manager-1.3.0-SNAPSHOT.jar:?]
	at org.apache.hadoop.ozone.protocolPB.OzoneManagerRequestHandler.getOzoneFileStatus(OzoneManagerRequestHandler.java:882) ~[ozone-manager-1.3.0-SNAPSHOT.jar:?]
	at org.apache.hadoop.ozone.protocolPB.OzoneManagerRequestHandler.handleReadRequest(OzoneManagerRequestHandler.java:228) ~[ozone-manager-1.3.0-SNAPSHOT.jar:?]
	at org.apache.hadoop.ozone.protocolPB.OzoneManagerProtocolServerSideTranslatorPB.submitRequestDirectlyToOM(OzoneManagerProtocolServerSideTranslatorPB.java:276) ~[ozone-manager-1.3.0-SNAPSHOT.jar:?]
	at org.apache.hadoop.ozone.protocolPB.OzoneManagerProtocolServerSideTranslatorPB.processRequest(OzoneManagerProtocolServerSideTranslatorPB.java:205) ~[ozone-manager-1.3.0-SNAPSHOT.jar:?]
	at org.apache.hadoop.hdds.server.OzoneProtocolMessageDispatcher.processRequest(OzoneProtocolMessageDispatcher.java:87) [hdds-server-framework-1.3.0-SNAPSHOT.jar:?]
	at org.apache.hadoop.ozone.protocolPB.OzoneManagerProtocolServerSideTranslatorPB.submitRequest(OzoneManagerProtocolServerSideTranslatorPB.java:147) [ozone-manager-1.3.0-SNAPSHOT.jar:?]
	at org.apache.hadoop.ozone.protocol.proto.OzoneManagerProtocolProtos$OzoneManagerService$2.callBlockingMethod(OzoneManagerProtocolProtos.java) [ozone-interface-client-1.3.0-SNAPSHOT.jar:?]
	at org.apache.hadoop.ipc.ProtobufRpcEngine$Server.processCall(ProtobufRpcEngine.java:466) [hadoop-common-3.3.1.jar:?]
	at org.apache.hadoop.ipc.ProtobufRpcEngine2$Server$ProtoBufRpcInvoker.call(ProtobufRpcEngine2.java:574) [hadoop-common-3.3.1.jar:?]
	at org.apache.hadoop.ipc.ProtobufRpcEngine2$Server$ProtoBufRpcInvoker.call(ProtobufRpcEngine2.java:552) [hadoop-common-3.3.1.jar:?]
	at org.apache.hadoop.ipc.RPC$Server.call(RPC.java:1093) [hadoop-common-3.3.1.jar:?]
	at org.apache.hadoop.ipc.Server$RpcCall.run(Server.java:1035) [hadoop-common-3.3.1.jar:?]
	at org.apache.hadoop.ipc.Server$RpcCall.run(Server.java:963) [hadoop-common-3.3.1.jar:?]
	at java.security.AccessController.doPrivileged(Native Method) ~[?:1.8.0_345]
	at javax.security.auth.Subject.doAs(Subject.java:422) [?:1.8.0_345]
	at org.apache.hadoop.security.UserGroupInformation.doAs(UserGroupInformation.java:1878) [hadoop-common-3.3.1.jar:?]
	at org.apache.hadoop.ipc.Server$Handler.run(Server.java:2966) [hadoop-common-3.3.1.jar:?]
2022-09-28 15:57:02,454 [Time-limited test] WARN  ozone.BasicOzoneFileSystem (BasicOzoneFileSystem.java:getFileStatus(765)) - GetFileStatus failed for path o3fs://bucket59830.volume06113/root/dir1
java.io.FileNotFoundException: root/dir1: No such file or directory!
	at org.apache.hadoop.fs.ozone.BasicOzoneClientAdapterImpl.getFileStatus(BasicOzoneClientAdapterImpl.java:369)
	at org.apache.hadoop.fs.ozone.BasicOzoneFileSystem.getFileStatus(BasicOzoneFileSystem.java:757)
	at org.apache.hadoop.fs.ozone.BasicOzoneFileSystem.rename(BasicOzoneFileSystem.java:339)
	at org.apache.hadoop.fs.ozone.TestOzoneFileSystem.testRenameWithNonExistentSource(TestOzoneFileSystem.java:1059)
	at sun.reflect.NativeMethodAccessorImpl.invoke0(Native Method)
	at sun.reflect.NativeMethodAccessorImpl.invoke(NativeMethodAccessorImpl.java:62)
	at sun.reflect.DelegatingMethodAccessorImpl.invoke(DelegatingMethodAccessorImpl.java:43)
	at java.lang.reflect.Method.invoke(Method.java:498)
	at org.junit.runners.model.FrameworkMethod$1.runReflectiveCall(FrameworkMethod.java:59)
	at org.junit.internal.runners.model.ReflectiveCallable.run(ReflectiveCallable.java:12)
	at org.junit.runners.model.FrameworkMethod.invokeExplosively(FrameworkMethod.java:56)
	at org.junit.internal.runners.statements.InvokeMethod.evaluate(InvokeMethod.java:17)
	at org.junit.internal.runners.statements.RunAfters.evaluate(RunAfters.java:27)
	at org.junit.internal.runners.statements.FailOnTimeout$CallableStatement.call(FailOnTimeout.java:288)
	at org.junit.internal.runners.statements.FailOnTimeout$CallableStatement.call(FailOnTimeout.java:282)
	at java.util.concurrent.FutureTask.run(FutureTask.java:266)
	at java.lang.Thread.run(Thread.java:750)
]]></system-out>
  </testcase>
  <testcase name="testRenameToParentDir" classname="TestOzoneFileSystem" time="0.06">
    <system-out><![CDATA[15:52:02.223 [IPC Server handler 0 on default port 36317] ERROR OMAudit - user=runner | ip=127.0.0.1 | op=LIST_STATUS {volume=volume24312, bucket=bucket55718, key=root_dir/dir2, dataSize=0, replicationConfig=null} | ret=FAILURE
org.apache.hadoop.ozone.om.exceptions.OMException: Unable to get file status: volume: volume24312 bucket: bucket55718 key: root_dir/dir2
	at org.apache.hadoop.ozone.om.KeyManagerImpl.getOzoneFileStatus(KeyManagerImpl.java:1324) ~[ozone-manager-1.3.0-SNAPSHOT.jar:?]
	at org.apache.hadoop.ozone.om.KeyManagerImpl.getFileStatus(KeyManagerImpl.java:1254) ~[ozone-manager-1.3.0-SNAPSHOT.jar:?]
	at org.apache.hadoop.ozone.om.KeyManagerImpl.listStatus(KeyManagerImpl.java:1578) ~[ozone-manager-1.3.0-SNAPSHOT.jar:?]
	at org.apache.hadoop.ozone.om.OzoneManager.listStatus(OzoneManager.java:3584) ~[ozone-manager-1.3.0-SNAPSHOT.jar:?]
	at org.apache.hadoop.ozone.protocolPB.OzoneManagerRequestHandler.listStatus(OzoneManagerRequestHandler.java:1072) ~[ozone-manager-1.3.0-SNAPSHOT.jar:?]
	at org.apache.hadoop.ozone.protocolPB.OzoneManagerRequestHandler.handleReadRequest(OzoneManagerRequestHandler.java:239) ~[ozone-manager-1.3.0-SNAPSHOT.jar:?]
	at org.apache.hadoop.ozone.protocolPB.OzoneManagerProtocolServerSideTranslatorPB.submitReadRequestToOM(OzoneManagerProtocolServerSideTranslatorPB.java:226) ~[ozone-manager-1.3.0-SNAPSHOT.jar:?]
	at org.apache.hadoop.ozone.protocolPB.OzoneManagerProtocolServerSideTranslatorPB.processRequest(OzoneManagerProtocolServerSideTranslatorPB.java:175) ~[ozone-manager-1.3.0-SNAPSHOT.jar:?]
	at org.apache.hadoop.hdds.server.OzoneProtocolMessageDispatcher.processRequest(OzoneProtocolMessageDispatcher.java:87) [hdds-server-framework-1.3.0-SNAPSHOT.jar:?]
	at org.apache.hadoop.ozone.protocolPB.OzoneManagerProtocolServerSideTranslatorPB.submitRequest(OzoneManagerProtocolServerSideTranslatorPB.java:147) [ozone-manager-1.3.0-SNAPSHOT.jar:?]
	at org.apache.hadoop.ozone.protocol.proto.OzoneManagerProtocolProtos$OzoneManagerService$2.callBlockingMethod(OzoneManagerProtocolProtos.java) [ozone-interface-client-1.3.0-SNAPSHOT.jar:?]
	at org.apache.hadoop.ipc.ProtobufRpcEngine$Server.processCall(ProtobufRpcEngine.java:466) [hadoop-common-3.3.1.jar:?]
	at org.apache.hadoop.ipc.ProtobufRpcEngine2$Server$ProtoBufRpcInvoker.call(ProtobufRpcEngine2.java:574) [hadoop-common-3.3.1.jar:?]
	at org.apache.hadoop.ipc.ProtobufRpcEngine2$Server$ProtoBufRpcInvoker.call(ProtobufRpcEngine2.java:552) [hadoop-common-3.3.1.jar:?]
	at org.apache.hadoop.ipc.RPC$Server.call(RPC.java:1093) [hadoop-common-3.3.1.jar:?]
	at org.apache.hadoop.ipc.Server$RpcCall.run(Server.java:1035) [hadoop-common-3.3.1.jar:?]
	at org.apache.hadoop.ipc.Server$RpcCall.run(Server.java:963) [hadoop-common-3.3.1.jar:?]
	at java.security.AccessController.doPrivileged(Native Method) ~[?:1.8.0_345]
	at javax.security.auth.Subject.doAs(Subject.java:422) [?:1.8.0_345]
	at org.apache.hadoop.security.UserGroupInformation.doAs(UserGroupInformation.java:1878) [hadoop-common-3.3.1.jar:?]
	at org.apache.hadoop.ipc.Server$Handler.run(Server.java:2966) [hadoop-common-3.3.1.jar:?]
15:52:02.237 [IPC Server handler 15 on default port 36317] ERROR OMAudit - user=runner | ip=127.0.0.1 | op=LIST_STATUS {volume=volume24312, bucket=bucket55718, key=root_dir/file2, dataSize=0, replicationConfig=null} | ret=FAILURE
org.apache.hadoop.ozone.om.exceptions.OMException: Unable to get file status: volume: volume24312 bucket: bucket55718 key: root_dir/file2
	at org.apache.hadoop.ozone.om.KeyManagerImpl.getOzoneFileStatus(KeyManagerImpl.java:1324) ~[ozone-manager-1.3.0-SNAPSHOT.jar:?]
	at org.apache.hadoop.ozone.om.KeyManagerImpl.getFileStatus(KeyManagerImpl.java:1254) ~[ozone-manager-1.3.0-SNAPSHOT.jar:?]
	at org.apache.hadoop.ozone.om.KeyManagerImpl.listStatus(KeyManagerImpl.java:1578) ~[ozone-manager-1.3.0-SNAPSHOT.jar:?]
	at org.apache.hadoop.ozone.om.OzoneManager.listStatus(OzoneManager.java:3584) ~[ozone-manager-1.3.0-SNAPSHOT.jar:?]
	at org.apache.hadoop.ozone.protocolPB.OzoneManagerRequestHandler.listStatus(OzoneManagerRequestHandler.java:1072) ~[ozone-manager-1.3.0-SNAPSHOT.jar:?]
	at org.apache.hadoop.ozone.protocolPB.OzoneManagerRequestHandler.handleReadRequest(OzoneManagerRequestHandler.java:239) ~[ozone-manager-1.3.0-SNAPSHOT.jar:?]
	at org.apache.hadoop.ozone.protocolPB.OzoneManagerProtocolServerSideTranslatorPB.submitReadRequestToOM(OzoneManagerProtocolServerSideTranslatorPB.java:226) ~[ozone-manager-1.3.0-SNAPSHOT.jar:?]
	at org.apache.hadoop.ozone.protocolPB.OzoneManagerProtocolServerSideTranslatorPB.processRequest(OzoneManagerProtocolServerSideTranslatorPB.java:175) ~[ozone-manager-1.3.0-SNAPSHOT.jar:?]
	at org.apache.hadoop.hdds.server.OzoneProtocolMessageDispatcher.processRequest(OzoneProtocolMessageDispatcher.java:87) [hdds-server-framework-1.3.0-SNAPSHOT.jar:?]
	at org.apache.hadoop.ozone.protocolPB.OzoneManagerProtocolServerSideTranslatorPB.submitRequest(OzoneManagerProtocolServerSideTranslatorPB.java:147) [ozone-manager-1.3.0-SNAPSHOT.jar:?]
	at org.apache.hadoop.ozone.protocol.proto.OzoneManagerProtocolProtos$OzoneManagerService$2.callBlockingMethod(OzoneManagerProtocolProtos.java) [ozone-interface-client-1.3.0-SNAPSHOT.jar:?]
	at org.apache.hadoop.ipc.ProtobufRpcEngine$Server.processCall(ProtobufRpcEngine.java:466) [hadoop-common-3.3.1.jar:?]
	at org.apache.hadoop.ipc.ProtobufRpcEngine2$Server$ProtoBufRpcInvoker.call(ProtobufRpcEngine2.java:574) [hadoop-common-3.3.1.jar:?]
	at org.apache.hadoop.ipc.ProtobufRpcEngine2$Server$ProtoBufRpcInvoker.call(ProtobufRpcEngine2.java:552) [hadoop-common-3.3.1.jar:?]
	at org.apache.hadoop.ipc.RPC$Server.call(RPC.java:1093) [hadoop-common-3.3.1.jar:?]
	at org.apache.hadoop.ipc.Server$RpcCall.run(Server.java:1035) [hadoop-common-3.3.1.jar:?]
	at org.apache.hadoop.ipc.Server$RpcCall.run(Server.java:963) [hadoop-common-3.3.1.jar:?]
	at java.security.AccessController.doPrivileged(Native Method) ~[?:1.8.0_345]
	at javax.security.auth.Subject.doAs(Subject.java:422) [?:1.8.0_345]
	at org.apache.hadoop.security.UserGroupInformation.doAs(UserGroupInformation.java:1878) [hadoop-common-3.3.1.jar:?]
	at org.apache.hadoop.ipc.Server$Handler.run(Server.java:2966) [hadoop-common-3.3.1.jar:?]
]]></system-out>
  </testcase>
  <testcase name="testRenameToParentDir" classname="TestOzoneFileSystem" time="0.03">
    <system-out><![CDATA[15:53:44.620 [IPC Server handler 10 on default port 42319] ERROR OMAudit - user=runner | ip=127.0.0.1 | op=LIST_STATUS {volume=volume00149, bucket=bucket04297, key=root_dir/dir2, dataSize=0, replicationConfig=null} | ret=FAILURE
org.apache.hadoop.ozone.om.exceptions.OMException: Unable to get file status: volume: volume00149 bucket: bucket04297 key: root_dir/dir2
	at org.apache.hadoop.ozone.om.KeyManagerImpl.getOzoneFileStatus(KeyManagerImpl.java:1324) ~[ozone-manager-1.3.0-SNAPSHOT.jar:?]
	at org.apache.hadoop.ozone.om.KeyManagerImpl.getFileStatus(KeyManagerImpl.java:1254) ~[ozone-manager-1.3.0-SNAPSHOT.jar:?]
	at org.apache.hadoop.ozone.om.KeyManagerImpl.listStatus(KeyManagerImpl.java:1578) ~[ozone-manager-1.3.0-SNAPSHOT.jar:?]
	at org.apache.hadoop.ozone.om.OzoneManager.listStatus(OzoneManager.java:3584) ~[ozone-manager-1.3.0-SNAPSHOT.jar:?]
	at org.apache.hadoop.ozone.protocolPB.OzoneManagerRequestHandler.listStatus(OzoneManagerRequestHandler.java:1072) ~[ozone-manager-1.3.0-SNAPSHOT.jar:?]
	at org.apache.hadoop.ozone.protocolPB.OzoneManagerRequestHandler.handleReadRequest(OzoneManagerRequestHandler.java:239) ~[ozone-manager-1.3.0-SNAPSHOT.jar:?]
	at org.apache.hadoop.ozone.protocolPB.OzoneManagerProtocolServerSideTranslatorPB.submitRequestDirectlyToOM(OzoneManagerProtocolServerSideTranslatorPB.java:276) ~[ozone-manager-1.3.0-SNAPSHOT.jar:?]
	at org.apache.hadoop.ozone.protocolPB.OzoneManagerProtocolServerSideTranslatorPB.processRequest(OzoneManagerProtocolServerSideTranslatorPB.java:205) ~[ozone-manager-1.3.0-SNAPSHOT.jar:?]
	at org.apache.hadoop.hdds.server.OzoneProtocolMessageDispatcher.processRequest(OzoneProtocolMessageDispatcher.java:87) [hdds-server-framework-1.3.0-SNAPSHOT.jar:?]
	at org.apache.hadoop.ozone.protocolPB.OzoneManagerProtocolServerSideTranslatorPB.submitRequest(OzoneManagerProtocolServerSideTranslatorPB.java:147) [ozone-manager-1.3.0-SNAPSHOT.jar:?]
	at org.apache.hadoop.ozone.protocol.proto.OzoneManagerProtocolProtos$OzoneManagerService$2.callBlockingMethod(OzoneManagerProtocolProtos.java) [ozone-interface-client-1.3.0-SNAPSHOT.jar:?]
	at org.apache.hadoop.ipc.ProtobufRpcEngine$Server.processCall(ProtobufRpcEngine.java:466) [hadoop-common-3.3.1.jar:?]
	at org.apache.hadoop.ipc.ProtobufRpcEngine2$Server$ProtoBufRpcInvoker.call(ProtobufRpcEngine2.java:574) [hadoop-common-3.3.1.jar:?]
	at org.apache.hadoop.ipc.ProtobufRpcEngine2$Server$ProtoBufRpcInvoker.call(ProtobufRpcEngine2.java:552) [hadoop-common-3.3.1.jar:?]
	at org.apache.hadoop.ipc.RPC$Server.call(RPC.java:1093) [hadoop-common-3.3.1.jar:?]
	at org.apache.hadoop.ipc.Server$RpcCall.run(Server.java:1035) [hadoop-common-3.3.1.jar:?]
	at org.apache.hadoop.ipc.Server$RpcCall.run(Server.java:963) [hadoop-common-3.3.1.jar:?]
	at java.security.AccessController.doPrivileged(Native Method) ~[?:1.8.0_345]
	at javax.security.auth.Subject.doAs(Subject.java:422) [?:1.8.0_345]
	at org.apache.hadoop.security.UserGroupInformation.doAs(UserGroupInformation.java:1878) [hadoop-common-3.3.1.jar:?]
	at org.apache.hadoop.ipc.Server$Handler.run(Server.java:2966) [hadoop-common-3.3.1.jar:?]
15:53:44.625 [IPC Server handler 8 on default port 42319] ERROR OMAudit - user=runner | ip=127.0.0.1 | op=LIST_STATUS {volume=volume00149, bucket=bucket04297, key=root_dir/file2, dataSize=0, replicationConfig=null} | ret=FAILURE
org.apache.hadoop.ozone.om.exceptions.OMException: Unable to get file status: volume: volume00149 bucket: bucket04297 key: root_dir/file2
	at org.apache.hadoop.ozone.om.KeyManagerImpl.getOzoneFileStatus(KeyManagerImpl.java:1324) ~[ozone-manager-1.3.0-SNAPSHOT.jar:?]
	at org.apache.hadoop.ozone.om.KeyManagerImpl.getFileStatus(KeyManagerImpl.java:1254) ~[ozone-manager-1.3.0-SNAPSHOT.jar:?]
	at org.apache.hadoop.ozone.om.KeyManagerImpl.listStatus(KeyManagerImpl.java:1578) ~[ozone-manager-1.3.0-SNAPSHOT.jar:?]
	at org.apache.hadoop.ozone.om.OzoneManager.listStatus(OzoneManager.java:3584) ~[ozone-manager-1.3.0-SNAPSHOT.jar:?]
	at org.apache.hadoop.ozone.protocolPB.OzoneManagerRequestHandler.listStatus(OzoneManagerRequestHandler.java:1072) ~[ozone-manager-1.3.0-SNAPSHOT.jar:?]
	at org.apache.hadoop.ozone.protocolPB.OzoneManagerRequestHandler.handleReadRequest(OzoneManagerRequestHandler.java:239) ~[ozone-manager-1.3.0-SNAPSHOT.jar:?]
	at org.apache.hadoop.ozone.protocolPB.OzoneManagerProtocolServerSideTranslatorPB.submitRequestDirectlyToOM(OzoneManagerProtocolServerSideTranslatorPB.java:276) ~[ozone-manager-1.3.0-SNAPSHOT.jar:?]
	at org.apache.hadoop.ozone.protocolPB.OzoneManagerProtocolServerSideTranslatorPB.processRequest(OzoneManagerProtocolServerSideTranslatorPB.java:205) ~[ozone-manager-1.3.0-SNAPSHOT.jar:?]
	at org.apache.hadoop.hdds.server.OzoneProtocolMessageDispatcher.processRequest(OzoneProtocolMessageDispatcher.java:87) [hdds-server-framework-1.3.0-SNAPSHOT.jar:?]
	at org.apache.hadoop.ozone.protocolPB.OzoneManagerProtocolServerSideTranslatorPB.submitRequest(OzoneManagerProtocolServerSideTranslatorPB.java:147) [ozone-manager-1.3.0-SNAPSHOT.jar:?]
	at org.apache.hadoop.ozone.protocol.proto.OzoneManagerProtocolProtos$OzoneManagerService$2.callBlockingMethod(OzoneManagerProtocolProtos.java) [ozone-interface-client-1.3.0-SNAPSHOT.jar:?]
	at org.apache.hadoop.ipc.ProtobufRpcEngine$Server.processCall(ProtobufRpcEngine.java:466) [hadoop-common-3.3.1.jar:?]
	at org.apache.hadoop.ipc.ProtobufRpcEngine2$Server$ProtoBufRpcInvoker.call(ProtobufRpcEngine2.java:574) [hadoop-common-3.3.1.jar:?]
	at org.apache.hadoop.ipc.ProtobufRpcEngine2$Server$ProtoBufRpcInvoker.call(ProtobufRpcEngine2.java:552) [hadoop-common-3.3.1.jar:?]
	at org.apache.hadoop.ipc.RPC$Server.call(RPC.java:1093) [hadoop-common-3.3.1.jar:?]
	at org.apache.hadoop.ipc.Server$RpcCall.run(Server.java:1035) [hadoop-common-3.3.1.jar:?]
	at org.apache.hadoop.ipc.Server$RpcCall.run(Server.java:963) [hadoop-common-3.3.1.jar:?]
	at java.security.AccessController.doPrivileged(Native Method) ~[?:1.8.0_345]
	at javax.security.auth.Subject.doAs(Subject.java:422) [?:1.8.0_345]
	at org.apache.hadoop.security.UserGroupInformation.doAs(UserGroupInformation.java:1878) [hadoop-common-3.3.1.jar:?]
	at org.apache.hadoop.ipc.Server$Handler.run(Server.java:2966) [hadoop-common-3.3.1.jar:?]
]]></system-out>
  </testcase>
  <testcase name="testRenameToParentDir" classname="TestOzoneFileSystem" time="0.039">
    <system-out><![CDATA[15:55:10.038 [IPC Server handler 8 on default port 37257] ERROR OMAudit - user=runner | ip=127.0.0.1 | op=LIST_STATUS {volume=volume14467, bucket=bucket64159, key=root_dir/dir2, dataSize=0, replicationConfig=null} | ret=FAILURE
org.apache.hadoop.ozone.om.exceptions.OMException: Unable to get file status: volume: volume14467 bucket: bucket64159 key: root_dir/dir2
	at org.apache.hadoop.ozone.om.KeyManagerImpl.getOzoneFileStatus(KeyManagerImpl.java:1324) ~[ozone-manager-1.3.0-SNAPSHOT.jar:?]
	at org.apache.hadoop.ozone.om.KeyManagerImpl.getFileStatus(KeyManagerImpl.java:1254) ~[ozone-manager-1.3.0-SNAPSHOT.jar:?]
	at org.apache.hadoop.ozone.om.KeyManagerImpl.listStatus(KeyManagerImpl.java:1578) ~[ozone-manager-1.3.0-SNAPSHOT.jar:?]
	at org.apache.hadoop.ozone.om.OzoneManager.listStatus(OzoneManager.java:3584) ~[ozone-manager-1.3.0-SNAPSHOT.jar:?]
	at org.apache.hadoop.ozone.protocolPB.OzoneManagerRequestHandler.listStatus(OzoneManagerRequestHandler.java:1072) ~[ozone-manager-1.3.0-SNAPSHOT.jar:?]
	at org.apache.hadoop.ozone.protocolPB.OzoneManagerRequestHandler.handleReadRequest(OzoneManagerRequestHandler.java:239) ~[ozone-manager-1.3.0-SNAPSHOT.jar:?]
	at org.apache.hadoop.ozone.protocolPB.OzoneManagerProtocolServerSideTranslatorPB.submitReadRequestToOM(OzoneManagerProtocolServerSideTranslatorPB.java:226) ~[ozone-manager-1.3.0-SNAPSHOT.jar:?]
	at org.apache.hadoop.ozone.protocolPB.OzoneManagerProtocolServerSideTranslatorPB.processRequest(OzoneManagerProtocolServerSideTranslatorPB.java:175) ~[ozone-manager-1.3.0-SNAPSHOT.jar:?]
	at org.apache.hadoop.hdds.server.OzoneProtocolMessageDispatcher.processRequest(OzoneProtocolMessageDispatcher.java:87) [hdds-server-framework-1.3.0-SNAPSHOT.jar:?]
	at org.apache.hadoop.ozone.protocolPB.OzoneManagerProtocolServerSideTranslatorPB.submitRequest(OzoneManagerProtocolServerSideTranslatorPB.java:147) [ozone-manager-1.3.0-SNAPSHOT.jar:?]
	at org.apache.hadoop.ozone.protocol.proto.OzoneManagerProtocolProtos$OzoneManagerService$2.callBlockingMethod(OzoneManagerProtocolProtos.java) [ozone-interface-client-1.3.0-SNAPSHOT.jar:?]
	at org.apache.hadoop.ipc.ProtobufRpcEngine$Server.processCall(ProtobufRpcEngine.java:466) [hadoop-common-3.3.1.jar:?]
	at org.apache.hadoop.ipc.ProtobufRpcEngine2$Server$ProtoBufRpcInvoker.call(ProtobufRpcEngine2.java:574) [hadoop-common-3.3.1.jar:?]
	at org.apache.hadoop.ipc.ProtobufRpcEngine2$Server$ProtoBufRpcInvoker.call(ProtobufRpcEngine2.java:552) [hadoop-common-3.3.1.jar:?]
	at org.apache.hadoop.ipc.RPC$Server.call(RPC.java:1093) [hadoop-common-3.3.1.jar:?]
	at org.apache.hadoop.ipc.Server$RpcCall.run(Server.java:1035) [hadoop-common-3.3.1.jar:?]
	at org.apache.hadoop.ipc.Server$RpcCall.run(Server.java:963) [hadoop-common-3.3.1.jar:?]
	at java.security.AccessController.doPrivileged(Native Method) ~[?:1.8.0_345]
	at javax.security.auth.Subject.doAs(Subject.java:422) [?:1.8.0_345]
	at org.apache.hadoop.security.UserGroupInformation.doAs(UserGroupInformation.java:1878) [hadoop-common-3.3.1.jar:?]
	at org.apache.hadoop.ipc.Server$Handler.run(Server.java:2966) [hadoop-common-3.3.1.jar:?]
15:55:10.046 [IPC Server handler 12 on default port 37257] ERROR OMAudit - user=runner | ip=127.0.0.1 | op=LIST_STATUS {volume=volume14467, bucket=bucket64159, key=root_dir/file2, dataSize=0, replicationConfig=null} | ret=FAILURE
org.apache.hadoop.ozone.om.exceptions.OMException: Unable to get file status: volume: volume14467 bucket: bucket64159 key: root_dir/file2
	at org.apache.hadoop.ozone.om.KeyManagerImpl.getOzoneFileStatus(KeyManagerImpl.java:1324) ~[ozone-manager-1.3.0-SNAPSHOT.jar:?]
	at org.apache.hadoop.ozone.om.KeyManagerImpl.getFileStatus(KeyManagerImpl.java:1254) ~[ozone-manager-1.3.0-SNAPSHOT.jar:?]
	at org.apache.hadoop.ozone.om.KeyManagerImpl.listStatus(KeyManagerImpl.java:1578) ~[ozone-manager-1.3.0-SNAPSHOT.jar:?]
	at org.apache.hadoop.ozone.om.OzoneManager.listStatus(OzoneManager.java:3584) ~[ozone-manager-1.3.0-SNAPSHOT.jar:?]
	at org.apache.hadoop.ozone.protocolPB.OzoneManagerRequestHandler.listStatus(OzoneManagerRequestHandler.java:1072) ~[ozone-manager-1.3.0-SNAPSHOT.jar:?]
	at org.apache.hadoop.ozone.protocolPB.OzoneManagerRequestHandler.handleReadRequest(OzoneManagerRequestHandler.java:239) ~[ozone-manager-1.3.0-SNAPSHOT.jar:?]
	at org.apache.hadoop.ozone.protocolPB.OzoneManagerProtocolServerSideTranslatorPB.submitReadRequestToOM(OzoneManagerProtocolServerSideTranslatorPB.java:226) ~[ozone-manager-1.3.0-SNAPSHOT.jar:?]
	at org.apache.hadoop.ozone.protocolPB.OzoneManagerProtocolServerSideTranslatorPB.processRequest(OzoneManagerProtocolServerSideTranslatorPB.java:175) ~[ozone-manager-1.3.0-SNAPSHOT.jar:?]
	at org.apache.hadoop.hdds.server.OzoneProtocolMessageDispatcher.processRequest(OzoneProtocolMessageDispatcher.java:87) [hdds-server-framework-1.3.0-SNAPSHOT.jar:?]
	at org.apache.hadoop.ozone.protocolPB.OzoneManagerProtocolServerSideTranslatorPB.submitRequest(OzoneManagerProtocolServerSideTranslatorPB.java:147) [ozone-manager-1.3.0-SNAPSHOT.jar:?]
	at org.apache.hadoop.ozone.protocol.proto.OzoneManagerProtocolProtos$OzoneManagerService$2.callBlockingMethod(OzoneManagerProtocolProtos.java) [ozone-interface-client-1.3.0-SNAPSHOT.jar:?]
	at org.apache.hadoop.ipc.ProtobufRpcEngine$Server.processCall(ProtobufRpcEngine.java:466) [hadoop-common-3.3.1.jar:?]
	at org.apache.hadoop.ipc.ProtobufRpcEngine2$Server$ProtoBufRpcInvoker.call(ProtobufRpcEngine2.java:574) [hadoop-common-3.3.1.jar:?]
	at org.apache.hadoop.ipc.ProtobufRpcEngine2$Server$ProtoBufRpcInvoker.call(ProtobufRpcEngine2.java:552) [hadoop-common-3.3.1.jar:?]
	at org.apache.hadoop.ipc.RPC$Server.call(RPC.java:1093) [hadoop-common-3.3.1.jar:?]
	at org.apache.hadoop.ipc.Server$RpcCall.run(Server.java:1035) [hadoop-common-3.3.1.jar:?]
	at org.apache.hadoop.ipc.Server$RpcCall.run(Server.java:963) [hadoop-common-3.3.1.jar:?]
	at java.security.AccessController.doPrivileged(Native Method) ~[?:1.8.0_345]
	at javax.security.auth.Subject.doAs(Subject.java:422) [?:1.8.0_345]
	at org.apache.hadoop.security.UserGroupInformation.doAs(UserGroupInformation.java:1878) [hadoop-common-3.3.1.jar:?]
	at org.apache.hadoop.ipc.Server$Handler.run(Server.java:2966) [hadoop-common-3.3.1.jar:?]
]]></system-out>
  </testcase>
  <testcase name="testRenameToParentDir" classname="TestOzoneFileSystem" time="0.061">
    <system-out><![CDATA[15:57:02.495 [IPC Server handler 8 on default port 41537] ERROR OMAudit - user=runner | ip=127.0.0.1 | op=LIST_STATUS {volume=volume06113, bucket=bucket59830, key=root_dir/dir2, dataSize=0, replicationConfig=null} | ret=FAILURE
org.apache.hadoop.ozone.om.exceptions.OMException: Unable to get file status: volume: volume06113 bucket: bucket59830 key: root_dir/dir2
	at org.apache.hadoop.ozone.om.KeyManagerImpl.getOzoneFileStatus(KeyManagerImpl.java:1324) ~[ozone-manager-1.3.0-SNAPSHOT.jar:?]
	at org.apache.hadoop.ozone.om.KeyManagerImpl.getFileStatus(KeyManagerImpl.java:1254) ~[ozone-manager-1.3.0-SNAPSHOT.jar:?]
	at org.apache.hadoop.ozone.om.KeyManagerImpl.listStatus(KeyManagerImpl.java:1578) ~[ozone-manager-1.3.0-SNAPSHOT.jar:?]
	at org.apache.hadoop.ozone.om.OzoneManager.listStatus(OzoneManager.java:3584) ~[ozone-manager-1.3.0-SNAPSHOT.jar:?]
	at org.apache.hadoop.ozone.protocolPB.OzoneManagerRequestHandler.listStatus(OzoneManagerRequestHandler.java:1072) ~[ozone-manager-1.3.0-SNAPSHOT.jar:?]
	at org.apache.hadoop.ozone.protocolPB.OzoneManagerRequestHandler.handleReadRequest(OzoneManagerRequestHandler.java:239) ~[ozone-manager-1.3.0-SNAPSHOT.jar:?]
	at org.apache.hadoop.ozone.protocolPB.OzoneManagerProtocolServerSideTranslatorPB.submitRequestDirectlyToOM(OzoneManagerProtocolServerSideTranslatorPB.java:276) ~[ozone-manager-1.3.0-SNAPSHOT.jar:?]
	at org.apache.hadoop.ozone.protocolPB.OzoneManagerProtocolServerSideTranslatorPB.processRequest(OzoneManagerProtocolServerSideTranslatorPB.java:205) ~[ozone-manager-1.3.0-SNAPSHOT.jar:?]
	at org.apache.hadoop.hdds.server.OzoneProtocolMessageDispatcher.processRequest(OzoneProtocolMessageDispatcher.java:87) [hdds-server-framework-1.3.0-SNAPSHOT.jar:?]
	at org.apache.hadoop.ozone.protocolPB.OzoneManagerProtocolServerSideTranslatorPB.submitRequest(OzoneManagerProtocolServerSideTranslatorPB.java:147) [ozone-manager-1.3.0-SNAPSHOT.jar:?]
	at org.apache.hadoop.ozone.protocol.proto.OzoneManagerProtocolProtos$OzoneManagerService$2.callBlockingMethod(OzoneManagerProtocolProtos.java) [ozone-interface-client-1.3.0-SNAPSHOT.jar:?]
	at org.apache.hadoop.ipc.ProtobufRpcEngine$Server.processCall(ProtobufRpcEngine.java:466) [hadoop-common-3.3.1.jar:?]
	at org.apache.hadoop.ipc.ProtobufRpcEngine2$Server$ProtoBufRpcInvoker.call(ProtobufRpcEngine2.java:574) [hadoop-common-3.3.1.jar:?]
	at org.apache.hadoop.ipc.ProtobufRpcEngine2$Server$ProtoBufRpcInvoker.call(ProtobufRpcEngine2.java:552) [hadoop-common-3.3.1.jar:?]
	at org.apache.hadoop.ipc.RPC$Server.call(RPC.java:1093) [hadoop-common-3.3.1.jar:?]
	at org.apache.hadoop.ipc.Server$RpcCall.run(Server.java:1035) [hadoop-common-3.3.1.jar:?]
	at org.apache.hadoop.ipc.Server$RpcCall.run(Server.java:963) [hadoop-common-3.3.1.jar:?]
	at java.security.AccessController.doPrivileged(Native Method) ~[?:1.8.0_345]
	at javax.security.auth.Subject.doAs(Subject.java:422) [?:1.8.0_345]
	at org.apache.hadoop.security.UserGroupInformation.doAs(UserGroupInformation.java:1878) [hadoop-common-3.3.1.jar:?]
	at org.apache.hadoop.ipc.Server$Handler.run(Server.java:2966) [hadoop-common-3.3.1.jar:?]
15:57:02.524 [IPC Server handler 14 on default port 41537] ERROR OMAudit - user=runner | ip=127.0.0.1 | op=LIST_STATUS {volume=volume06113, bucket=bucket59830, key=root_dir/file2, dataSize=0, replicationConfig=null} | ret=FAILURE
org.apache.hadoop.ozone.om.exceptions.OMException: Unable to get file status: volume: volume06113 bucket: bucket59830 key: root_dir/file2
	at org.apache.hadoop.ozone.om.KeyManagerImpl.getOzoneFileStatus(KeyManagerImpl.java:1324) ~[ozone-manager-1.3.0-SNAPSHOT.jar:?]
	at org.apache.hadoop.ozone.om.KeyManagerImpl.getFileStatus(KeyManagerImpl.java:1254) ~[ozone-manager-1.3.0-SNAPSHOT.jar:?]
	at org.apache.hadoop.ozone.om.KeyManagerImpl.listStatus(KeyManagerImpl.java:1578) ~[ozone-manager-1.3.0-SNAPSHOT.jar:?]
	at org.apache.hadoop.ozone.om.OzoneManager.listStatus(OzoneManager.java:3584) ~[ozone-manager-1.3.0-SNAPSHOT.jar:?]
	at org.apache.hadoop.ozone.protocolPB.OzoneManagerRequestHandler.listStatus(OzoneManagerRequestHandler.java:1072) ~[ozone-manager-1.3.0-SNAPSHOT.jar:?]
	at org.apache.hadoop.ozone.protocolPB.OzoneManagerRequestHandler.handleReadRequest(OzoneManagerRequestHandler.java:239) ~[ozone-manager-1.3.0-SNAPSHOT.jar:?]
	at org.apache.hadoop.ozone.protocolPB.OzoneManagerProtocolServerSideTranslatorPB.submitRequestDirectlyToOM(OzoneManagerProtocolServerSideTranslatorPB.java:276) ~[ozone-manager-1.3.0-SNAPSHOT.jar:?]
	at org.apache.hadoop.ozone.protocolPB.OzoneManagerProtocolServerSideTranslatorPB.processRequest(OzoneManagerProtocolServerSideTranslatorPB.java:205) ~[ozone-manager-1.3.0-SNAPSHOT.jar:?]
	at org.apache.hadoop.hdds.server.OzoneProtocolMessageDispatcher.processRequest(OzoneProtocolMessageDispatcher.java:87) [hdds-server-framework-1.3.0-SNAPSHOT.jar:?]
	at org.apache.hadoop.ozone.protocolPB.OzoneManagerProtocolServerSideTranslatorPB.submitRequest(OzoneManagerProtocolServerSideTranslatorPB.java:147) [ozone-manager-1.3.0-SNAPSHOT.jar:?]
	at org.apache.hadoop.ozone.protocol.proto.OzoneManagerProtocolProtos$OzoneManagerService$2.callBlockingMethod(OzoneManagerProtocolProtos.java) [ozone-interface-client-1.3.0-SNAPSHOT.jar:?]
	at org.apache.hadoop.ipc.ProtobufRpcEngine$Server.processCall(ProtobufRpcEngine.java:466) [hadoop-common-3.3.1.jar:?]
	at org.apache.hadoop.ipc.ProtobufRpcEngine2$Server$ProtoBufRpcInvoker.call(ProtobufRpcEngine2.java:574) [hadoop-common-3.3.1.jar:?]
	at org.apache.hadoop.ipc.ProtobufRpcEngine2$Server$ProtoBufRpcInvoker.call(ProtobufRpcEngine2.java:552) [hadoop-common-3.3.1.jar:?]
	at org.apache.hadoop.ipc.RPC$Server.call(RPC.java:1093) [hadoop-common-3.3.1.jar:?]
	at org.apache.hadoop.ipc.Server$RpcCall.run(Server.java:1035) [hadoop-common-3.3.1.jar:?]
	at org.apache.hadoop.ipc.Server$RpcCall.run(Server.java:963) [hadoop-common-3.3.1.jar:?]
	at java.security.AccessController.doPrivileged(Native Method) ~[?:1.8.0_345]
	at javax.security.auth.Subject.doAs(Subject.java:422) [?:1.8.0_345]
	at org.apache.hadoop.security.UserGroupInformation.doAs(UserGroupInformation.java:1878) [hadoop-common-3.3.1.jar:?]
	at org.apache.hadoop.ipc.Server$Handler.run(Server.java:2966) [hadoop-common-3.3.1.jar:?]
]]></system-out>
  </testcase>
  <testcase name="testListStatusOnSubDirs" classname="TestOzoneFileSystem" time="0.046"/>
  <testcase name="testListStatusOnSubDirs" classname="TestOzoneFileSystem" time="0.016"/>
  <testcase name="testListStatusOnSubDirs" classname="TestOzoneFileSystem" time="0.078"/>
  <testcase name="testListStatusOnSubDirs" classname="TestOzoneFileSystem" time="0.03"/>
  <testcase name="testListStatus" classname="TestOzoneFileSystem" time="0.057"/>
  <testcase name="testListStatus" classname="TestOzoneFileSystem" time="0.029"/>
  <testcase name="testListStatus" classname="TestOzoneFileSystem" time="0.07"/>
  <testcase name="testListStatus" classname="TestOzoneFileSystem" time="0.105"/>
  <testcase name="testRecursiveDelete" classname="TestOzoneFileSystem" time="0.314">
    <system-out><![CDATA[15:52:02.503 [IPC Server handler 6 on default port 36317] ERROR OMAudit - user=runner | ip=127.0.0.1 | op=GET_FILE_STATUS {volume=volume24312, bucket=bucket55718, key=gdir1, dataSize=0, replicationConfig=null} | ret=FAILURE
org.apache.hadoop.ozone.om.exceptions.OMException: Unable to get file status: volume: volume24312 bucket: bucket55718 key: gdir1
	at org.apache.hadoop.ozone.om.KeyManagerImpl.getOzoneFileStatus(KeyManagerImpl.java:1324) ~[ozone-manager-1.3.0-SNAPSHOT.jar:?]
	at org.apache.hadoop.ozone.om.KeyManagerImpl.getFileStatus(KeyManagerImpl.java:1254) ~[ozone-manager-1.3.0-SNAPSHOT.jar:?]
	at org.apache.hadoop.ozone.om.OzoneManager.getFileStatus(OzoneManager.java:3506) ~[ozone-manager-1.3.0-SNAPSHOT.jar:?]
	at org.apache.hadoop.ozone.protocolPB.OzoneManagerRequestHandler.getOzoneFileStatus(OzoneManagerRequestHandler.java:882) ~[ozone-manager-1.3.0-SNAPSHOT.jar:?]
	at org.apache.hadoop.ozone.protocolPB.OzoneManagerRequestHandler.handleReadRequest(OzoneManagerRequestHandler.java:228) ~[ozone-manager-1.3.0-SNAPSHOT.jar:?]
	at org.apache.hadoop.ozone.protocolPB.OzoneManagerProtocolServerSideTranslatorPB.submitReadRequestToOM(OzoneManagerProtocolServerSideTranslatorPB.java:226) ~[ozone-manager-1.3.0-SNAPSHOT.jar:?]
	at org.apache.hadoop.ozone.protocolPB.OzoneManagerProtocolServerSideTranslatorPB.processRequest(OzoneManagerProtocolServerSideTranslatorPB.java:175) ~[ozone-manager-1.3.0-SNAPSHOT.jar:?]
	at org.apache.hadoop.hdds.server.OzoneProtocolMessageDispatcher.processRequest(OzoneProtocolMessageDispatcher.java:87) [hdds-server-framework-1.3.0-SNAPSHOT.jar:?]
	at org.apache.hadoop.ozone.protocolPB.OzoneManagerProtocolServerSideTranslatorPB.submitRequest(OzoneManagerProtocolServerSideTranslatorPB.java:147) [ozone-manager-1.3.0-SNAPSHOT.jar:?]
	at org.apache.hadoop.ozone.protocol.proto.OzoneManagerProtocolProtos$OzoneManagerService$2.callBlockingMethod(OzoneManagerProtocolProtos.java) [ozone-interface-client-1.3.0-SNAPSHOT.jar:?]
	at org.apache.hadoop.ipc.ProtobufRpcEngine$Server.processCall(ProtobufRpcEngine.java:466) [hadoop-common-3.3.1.jar:?]
	at org.apache.hadoop.ipc.ProtobufRpcEngine2$Server$ProtoBufRpcInvoker.call(ProtobufRpcEngine2.java:574) [hadoop-common-3.3.1.jar:?]
	at org.apache.hadoop.ipc.ProtobufRpcEngine2$Server$ProtoBufRpcInvoker.call(ProtobufRpcEngine2.java:552) [hadoop-common-3.3.1.jar:?]
	at org.apache.hadoop.ipc.RPC$Server.call(RPC.java:1093) [hadoop-common-3.3.1.jar:?]
	at org.apache.hadoop.ipc.Server$RpcCall.run(Server.java:1035) [hadoop-common-3.3.1.jar:?]
	at org.apache.hadoop.ipc.Server$RpcCall.run(Server.java:963) [hadoop-common-3.3.1.jar:?]
	at java.security.AccessController.doPrivileged(Native Method) ~[?:1.8.0_345]
	at javax.security.auth.Subject.doAs(Subject.java:422) [?:1.8.0_345]
	at org.apache.hadoop.security.UserGroupInformation.doAs(UserGroupInformation.java:1878) [hadoop-common-3.3.1.jar:?]
	at org.apache.hadoop.ipc.Server$Handler.run(Server.java:2966) [hadoop-common-3.3.1.jar:?]
2022-09-28 15:52:02,504 [Time-limited test] WARN  ozone.BasicOzoneFileSystem (BasicOzoneFileSystem.java:getFileStatus(765)) - GetFileStatus failed for path /gdir1
java.io.FileNotFoundException: gdir1: No such file or directory!
	at org.apache.hadoop.fs.ozone.BasicOzoneClientAdapterImpl.getFileStatus(BasicOzoneClientAdapterImpl.java:369)
	at org.apache.hadoop.fs.ozone.BasicOzoneFileSystem.getFileStatus(BasicOzoneFileSystem.java:757)
	at org.apache.hadoop.fs.ozone.TestOzoneFileSystem.checkPath(TestOzoneFileSystem.java:504)
	at org.apache.hadoop.fs.ozone.TestOzoneFileSystem.testRecursiveDelete(TestOzoneFileSystem.java:454)
	at sun.reflect.NativeMethodAccessorImpl.invoke0(Native Method)
	at sun.reflect.NativeMethodAccessorImpl.invoke(NativeMethodAccessorImpl.java:62)
	at sun.reflect.DelegatingMethodAccessorImpl.invoke(DelegatingMethodAccessorImpl.java:43)
	at java.lang.reflect.Method.invoke(Method.java:498)
	at org.junit.runners.model.FrameworkMethod$1.runReflectiveCall(FrameworkMethod.java:59)
	at org.junit.internal.runners.model.ReflectiveCallable.run(ReflectiveCallable.java:12)
	at org.junit.runners.model.FrameworkMethod.invokeExplosively(FrameworkMethod.java:56)
	at org.junit.internal.runners.statements.InvokeMethod.evaluate(InvokeMethod.java:17)
	at org.junit.internal.runners.statements.RunAfters.evaluate(RunAfters.java:27)
	at org.junit.internal.runners.statements.FailOnTimeout$CallableStatement.call(FailOnTimeout.java:288)
	at org.junit.internal.runners.statements.FailOnTimeout$CallableStatement.call(FailOnTimeout.java:282)
	at java.util.concurrent.FutureTask.run(FutureTask.java:266)
	at java.lang.Thread.run(Thread.java:750)
15:52:02.505 [IPC Server handler 17 on default port 36317] ERROR OMAudit - user=runner | ip=127.0.0.1 | op=GET_FILE_STATUS {volume=volume24312, bucket=bucket55718, key=gdir1/dir1, dataSize=0, replicationConfig=null} | ret=FAILURE
org.apache.hadoop.ozone.om.exceptions.OMException: Unable to get file status: volume: volume24312 bucket: bucket55718 key: gdir1/dir1
	at org.apache.hadoop.ozone.om.KeyManagerImpl.getOzoneFileStatus(KeyManagerImpl.java:1324) ~[ozone-manager-1.3.0-SNAPSHOT.jar:?]
	at org.apache.hadoop.ozone.om.KeyManagerImpl.getFileStatus(KeyManagerImpl.java:1254) ~[ozone-manager-1.3.0-SNAPSHOT.jar:?]
	at org.apache.hadoop.ozone.om.OzoneManager.getFileStatus(OzoneManager.java:3506) ~[ozone-manager-1.3.0-SNAPSHOT.jar:?]
	at org.apache.hadoop.ozone.protocolPB.OzoneManagerRequestHandler.getOzoneFileStatus(OzoneManagerRequestHandler.java:882) ~[ozone-manager-1.3.0-SNAPSHOT.jar:?]
	at org.apache.hadoop.ozone.protocolPB.OzoneManagerRequestHandler.handleReadRequest(OzoneManagerRequestHandler.java:228) ~[ozone-manager-1.3.0-SNAPSHOT.jar:?]
	at org.apache.hadoop.ozone.protocolPB.OzoneManagerProtocolServerSideTranslatorPB.submitReadRequestToOM(OzoneManagerProtocolServerSideTranslatorPB.java:226) ~[ozone-manager-1.3.0-SNAPSHOT.jar:?]
	at org.apache.hadoop.ozone.protocolPB.OzoneManagerProtocolServerSideTranslatorPB.processRequest(OzoneManagerProtocolServerSideTranslatorPB.java:175) ~[ozone-manager-1.3.0-SNAPSHOT.jar:?]
	at org.apache.hadoop.hdds.server.OzoneProtocolMessageDispatcher.processRequest(OzoneProtocolMessageDispatcher.java:87) [hdds-server-framework-1.3.0-SNAPSHOT.jar:?]
	at org.apache.hadoop.ozone.protocolPB.OzoneManagerProtocolServerSideTranslatorPB.submitRequest(OzoneManagerProtocolServerSideTranslatorPB.java:147) [ozone-manager-1.3.0-SNAPSHOT.jar:?]
	at org.apache.hadoop.ozone.protocol.proto.OzoneManagerProtocolProtos$OzoneManagerService$2.callBlockingMethod(OzoneManagerProtocolProtos.java) [ozone-interface-client-1.3.0-SNAPSHOT.jar:?]
	at org.apache.hadoop.ipc.ProtobufRpcEngine$Server.processCall(ProtobufRpcEngine.java:466) [hadoop-common-3.3.1.jar:?]
	at org.apache.hadoop.ipc.ProtobufRpcEngine2$Server$ProtoBufRpcInvoker.call(ProtobufRpcEngine2.java:574) [hadoop-common-3.3.1.jar:?]
	at org.apache.hadoop.ipc.ProtobufRpcEngine2$Server$ProtoBufRpcInvoker.call(ProtobufRpcEngine2.java:552) [hadoop-common-3.3.1.jar:?]
	at org.apache.hadoop.ipc.RPC$Server.call(RPC.java:1093) [hadoop-common-3.3.1.jar:?]
	at org.apache.hadoop.ipc.Server$RpcCall.run(Server.java:1035) [hadoop-common-3.3.1.jar:?]
	at org.apache.hadoop.ipc.Server$RpcCall.run(Server.java:963) [hadoop-common-3.3.1.jar:?]
	at java.security.AccessController.doPrivileged(Native Method) ~[?:1.8.0_345]
	at javax.security.auth.Subject.doAs(Subject.java:422) [?:1.8.0_345]
	at org.apache.hadoop.security.UserGroupInformation.doAs(UserGroupInformation.java:1878) [hadoop-common-3.3.1.jar:?]
	at org.apache.hadoop.ipc.Server$Handler.run(Server.java:2966) [hadoop-common-3.3.1.jar:?]
2022-09-28 15:52:02,506 [Time-limited test] WARN  ozone.BasicOzoneFileSystem (BasicOzoneFileSystem.java:getFileStatus(765)) - GetFileStatus failed for path /gdir1/dir1
java.io.FileNotFoundException: gdir1/dir1: No such file or directory!
	at org.apache.hadoop.fs.ozone.BasicOzoneClientAdapterImpl.getFileStatus(BasicOzoneClientAdapterImpl.java:369)
	at org.apache.hadoop.fs.ozone.BasicOzoneFileSystem.getFileStatus(BasicOzoneFileSystem.java:757)
	at org.apache.hadoop.fs.ozone.TestOzoneFileSystem.checkPath(TestOzoneFileSystem.java:504)
	at org.apache.hadoop.fs.ozone.TestOzoneFileSystem.testRecursiveDelete(TestOzoneFileSystem.java:459)
	at sun.reflect.NativeMethodAccessorImpl.invoke0(Native Method)
	at sun.reflect.NativeMethodAccessorImpl.invoke(NativeMethodAccessorImpl.java:62)
	at sun.reflect.DelegatingMethodAccessorImpl.invoke(DelegatingMethodAccessorImpl.java:43)
	at java.lang.reflect.Method.invoke(Method.java:498)
	at org.junit.runners.model.FrameworkMethod$1.runReflectiveCall(FrameworkMethod.java:59)
	at org.junit.internal.runners.model.ReflectiveCallable.run(ReflectiveCallable.java:12)
	at org.junit.runners.model.FrameworkMethod.invokeExplosively(FrameworkMethod.java:56)
	at org.junit.internal.runners.statements.InvokeMethod.evaluate(InvokeMethod.java:17)
	at org.junit.internal.runners.statements.RunAfters.evaluate(RunAfters.java:27)
	at org.junit.internal.runners.statements.FailOnTimeout$CallableStatement.call(FailOnTimeout.java:288)
	at org.junit.internal.runners.statements.FailOnTimeout$CallableStatement.call(FailOnTimeout.java:282)
	at java.util.concurrent.FutureTask.run(FutureTask.java:266)
	at java.lang.Thread.run(Thread.java:750)
15:52:02.507 [IPC Server handler 7 on default port 36317] ERROR OMAudit - user=runner | ip=127.0.0.1 | op=GET_FILE_STATUS {volume=volume24312, bucket=bucket55718, key=gdir1/dir1/child, dataSize=0, replicationConfig=null} | ret=FAILURE
org.apache.hadoop.ozone.om.exceptions.OMException: Unable to get file status: volume: volume24312 bucket: bucket55718 key: gdir1/dir1/child
	at org.apache.hadoop.ozone.om.KeyManagerImpl.getOzoneFileStatus(KeyManagerImpl.java:1324) ~[ozone-manager-1.3.0-SNAPSHOT.jar:?]
	at org.apache.hadoop.ozone.om.KeyManagerImpl.getFileStatus(KeyManagerImpl.java:1254) ~[ozone-manager-1.3.0-SNAPSHOT.jar:?]
	at org.apache.hadoop.ozone.om.OzoneManager.getFileStatus(OzoneManager.java:3506) ~[ozone-manager-1.3.0-SNAPSHOT.jar:?]
	at org.apache.hadoop.ozone.protocolPB.OzoneManagerRequestHandler.getOzoneFileStatus(OzoneManagerRequestHandler.java:882) ~[ozone-manager-1.3.0-SNAPSHOT.jar:?]
	at org.apache.hadoop.ozone.protocolPB.OzoneManagerRequestHandler.handleReadRequest(OzoneManagerRequestHandler.java:228) ~[ozone-manager-1.3.0-SNAPSHOT.jar:?]
	at org.apache.hadoop.ozone.protocolPB.OzoneManagerProtocolServerSideTranslatorPB.submitReadRequestToOM(OzoneManagerProtocolServerSideTranslatorPB.java:226) ~[ozone-manager-1.3.0-SNAPSHOT.jar:?]
	at org.apache.hadoop.ozone.protocolPB.OzoneManagerProtocolServerSideTranslatorPB.processRequest(OzoneManagerProtocolServerSideTranslatorPB.java:175) ~[ozone-manager-1.3.0-SNAPSHOT.jar:?]
	at org.apache.hadoop.hdds.server.OzoneProtocolMessageDispatcher.processRequest(OzoneProtocolMessageDispatcher.java:87) [hdds-server-framework-1.3.0-SNAPSHOT.jar:?]
	at org.apache.hadoop.ozone.protocolPB.OzoneManagerProtocolServerSideTranslatorPB.submitRequest(OzoneManagerProtocolServerSideTranslatorPB.java:147) [ozone-manager-1.3.0-SNAPSHOT.jar:?]
	at org.apache.hadoop.ozone.protocol.proto.OzoneManagerProtocolProtos$OzoneManagerService$2.callBlockingMethod(OzoneManagerProtocolProtos.java) [ozone-interface-client-1.3.0-SNAPSHOT.jar:?]
	at org.apache.hadoop.ipc.ProtobufRpcEngine$Server.processCall(ProtobufRpcEngine.java:466) [hadoop-common-3.3.1.jar:?]
	at org.apache.hadoop.ipc.ProtobufRpcEngine2$Server$ProtoBufRpcInvoker.call(ProtobufRpcEngine2.java:574) [hadoop-common-3.3.1.jar:?]
	at org.apache.hadoop.ipc.ProtobufRpcEngine2$Server$ProtoBufRpcInvoker.call(ProtobufRpcEngine2.java:552) [hadoop-common-3.3.1.jar:?]
	at org.apache.hadoop.ipc.RPC$Server.call(RPC.java:1093) [hadoop-common-3.3.1.jar:?]
	at org.apache.hadoop.ipc.Server$RpcCall.run(Server.java:1035) [hadoop-common-3.3.1.jar:?]
	at org.apache.hadoop.ipc.Server$RpcCall.run(Server.java:963) [hadoop-common-3.3.1.jar:?]
	at java.security.AccessController.doPrivileged(Native Method) ~[?:1.8.0_345]
	at javax.security.auth.Subject.doAs(Subject.java:422) [?:1.8.0_345]
	at org.apache.hadoop.security.UserGroupInformation.doAs(UserGroupInformation.java:1878) [hadoop-common-3.3.1.jar:?]
	at org.apache.hadoop.ipc.Server$Handler.run(Server.java:2966) [hadoop-common-3.3.1.jar:?]
2022-09-28 15:52:02,507 [Time-limited test] WARN  ozone.BasicOzoneFileSystem (BasicOzoneFileSystem.java:getFileStatus(765)) - GetFileStatus failed for path /gdir1/dir1/child
java.io.FileNotFoundException: gdir1/dir1/child: No such file or directory!
	at org.apache.hadoop.fs.ozone.BasicOzoneClientAdapterImpl.getFileStatus(BasicOzoneClientAdapterImpl.java:369)
	at org.apache.hadoop.fs.ozone.BasicOzoneFileSystem.getFileStatus(BasicOzoneFileSystem.java:757)
	at org.apache.hadoop.fs.ozone.TestOzoneFileSystem.checkPath(TestOzoneFileSystem.java:504)
	at org.apache.hadoop.fs.ozone.TestOzoneFileSystem.testRecursiveDelete(TestOzoneFileSystem.java:460)
	at sun.reflect.NativeMethodAccessorImpl.invoke0(Native Method)
	at sun.reflect.NativeMethodAccessorImpl.invoke(NativeMethodAccessorImpl.java:62)
	at sun.reflect.DelegatingMethodAccessorImpl.invoke(DelegatingMethodAccessorImpl.java:43)
	at java.lang.reflect.Method.invoke(Method.java:498)
	at org.junit.runners.model.FrameworkMethod$1.runReflectiveCall(FrameworkMethod.java:59)
	at org.junit.internal.runners.model.ReflectiveCallable.run(ReflectiveCallable.java:12)
	at org.junit.runners.model.FrameworkMethod.invokeExplosively(FrameworkMethod.java:56)
	at org.junit.internal.runners.statements.InvokeMethod.evaluate(InvokeMethod.java:17)
	at org.junit.internal.runners.statements.RunAfters.evaluate(RunAfters.java:27)
	at org.junit.internal.runners.statements.FailOnTimeout$CallableStatement.call(FailOnTimeout.java:288)
	at org.junit.internal.runners.statements.FailOnTimeout$CallableStatement.call(FailOnTimeout.java:282)
	at java.util.concurrent.FutureTask.run(FutureTask.java:266)
	at java.lang.Thread.run(Thread.java:750)
15:52:02.508 [IPC Server handler 1 on default port 36317] ERROR OMAudit - user=runner | ip=127.0.0.1 | op=GET_FILE_STATUS {volume=volume24312, bucket=bucket55718, key=gdir1/dir2, dataSize=0, replicationConfig=null} | ret=FAILURE
org.apache.hadoop.ozone.om.exceptions.OMException: Unable to get file status: volume: volume24312 bucket: bucket55718 key: gdir1/dir2
	at org.apache.hadoop.ozone.om.KeyManagerImpl.getOzoneFileStatus(KeyManagerImpl.java:1324) ~[ozone-manager-1.3.0-SNAPSHOT.jar:?]
	at org.apache.hadoop.ozone.om.KeyManagerImpl.getFileStatus(KeyManagerImpl.java:1254) ~[ozone-manager-1.3.0-SNAPSHOT.jar:?]
	at org.apache.hadoop.ozone.om.OzoneManager.getFileStatus(OzoneManager.java:3506) ~[ozone-manager-1.3.0-SNAPSHOT.jar:?]
	at org.apache.hadoop.ozone.protocolPB.OzoneManagerRequestHandler.getOzoneFileStatus(OzoneManagerRequestHandler.java:882) ~[ozone-manager-1.3.0-SNAPSHOT.jar:?]
	at org.apache.hadoop.ozone.protocolPB.OzoneManagerRequestHandler.handleReadRequest(OzoneManagerRequestHandler.java:228) ~[ozone-manager-1.3.0-SNAPSHOT.jar:?]
	at org.apache.hadoop.ozone.protocolPB.OzoneManagerProtocolServerSideTranslatorPB.submitReadRequestToOM(OzoneManagerProtocolServerSideTranslatorPB.java:226) ~[ozone-manager-1.3.0-SNAPSHOT.jar:?]
	at org.apache.hadoop.ozone.protocolPB.OzoneManagerProtocolServerSideTranslatorPB.processRequest(OzoneManagerProtocolServerSideTranslatorPB.java:175) ~[ozone-manager-1.3.0-SNAPSHOT.jar:?]
	at org.apache.hadoop.hdds.server.OzoneProtocolMessageDispatcher.processRequest(OzoneProtocolMessageDispatcher.java:87) [hdds-server-framework-1.3.0-SNAPSHOT.jar:?]
	at org.apache.hadoop.ozone.protocolPB.OzoneManagerProtocolServerSideTranslatorPB.submitRequest(OzoneManagerProtocolServerSideTranslatorPB.java:147) [ozone-manager-1.3.0-SNAPSHOT.jar:?]
	at org.apache.hadoop.ozone.protocol.proto.OzoneManagerProtocolProtos$OzoneManagerService$2.callBlockingMethod(OzoneManagerProtocolProtos.java) [ozone-interface-client-1.3.0-SNAPSHOT.jar:?]
	at org.apache.hadoop.ipc.ProtobufRpcEngine$Server.processCall(ProtobufRpcEngine.java:466) [hadoop-common-3.3.1.jar:?]
	at org.apache.hadoop.ipc.ProtobufRpcEngine2$Server$ProtoBufRpcInvoker.call(ProtobufRpcEngine2.java:574) [hadoop-common-3.3.1.jar:?]
	at org.apache.hadoop.ipc.ProtobufRpcEngine2$Server$ProtoBufRpcInvoker.call(ProtobufRpcEngine2.java:552) [hadoop-common-3.3.1.jar:?]
	at org.apache.hadoop.ipc.RPC$Server.call(RPC.java:1093) [hadoop-common-3.3.1.jar:?]
	at org.apache.hadoop.ipc.Server$RpcCall.run(Server.java:1035) [hadoop-common-3.3.1.jar:?]
	at org.apache.hadoop.ipc.Server$RpcCall.run(Server.java:963) [hadoop-common-3.3.1.jar:?]
	at java.security.AccessController.doPrivileged(Native Method) ~[?:1.8.0_345]
	at javax.security.auth.Subject.doAs(Subject.java:422) [?:1.8.0_345]
	at org.apache.hadoop.security.UserGroupInformation.doAs(UserGroupInformation.java:1878) [hadoop-common-3.3.1.jar:?]
	at org.apache.hadoop.ipc.Server$Handler.run(Server.java:2966) [hadoop-common-3.3.1.jar:?]
2022-09-28 15:52:02,509 [Time-limited test] WARN  ozone.BasicOzoneFileSystem (BasicOzoneFileSystem.java:getFileStatus(765)) - GetFileStatus failed for path /gdir1/dir2
java.io.FileNotFoundException: gdir1/dir2: No such file or directory!
	at org.apache.hadoop.fs.ozone.BasicOzoneClientAdapterImpl.getFileStatus(BasicOzoneClientAdapterImpl.java:369)
	at org.apache.hadoop.fs.ozone.BasicOzoneFileSystem.getFileStatus(BasicOzoneFileSystem.java:757)
	at org.apache.hadoop.fs.ozone.TestOzoneFileSystem.checkPath(TestOzoneFileSystem.java:504)
	at org.apache.hadoop.fs.ozone.TestOzoneFileSystem.testRecursiveDelete(TestOzoneFileSystem.java:459)
	at sun.reflect.NativeMethodAccessorImpl.invoke0(Native Method)
	at sun.reflect.NativeMethodAccessorImpl.invoke(NativeMethodAccessorImpl.java:62)
	at sun.reflect.DelegatingMethodAccessorImpl.invoke(DelegatingMethodAccessorImpl.java:43)
	at java.lang.reflect.Method.invoke(Method.java:498)
	at org.junit.runners.model.FrameworkMethod$1.runReflectiveCall(FrameworkMethod.java:59)
	at org.junit.internal.runners.model.ReflectiveCallable.run(ReflectiveCallable.java:12)
	at org.junit.runners.model.FrameworkMethod.invokeExplosively(FrameworkMethod.java:56)
	at org.junit.internal.runners.statements.InvokeMethod.evaluate(InvokeMethod.java:17)
	at org.junit.internal.runners.statements.RunAfters.evaluate(RunAfters.java:27)
	at org.junit.internal.runners.statements.FailOnTimeout$CallableStatement.call(FailOnTimeout.java:288)
	at org.junit.internal.runners.statements.FailOnTimeout$CallableStatement.call(FailOnTimeout.java:282)
	at java.util.concurrent.FutureTask.run(FutureTask.java:266)
	at java.lang.Thread.run(Thread.java:750)
15:52:02.509 [IPC Server handler 4 on default port 36317] ERROR OMAudit - user=runner | ip=127.0.0.1 | op=GET_FILE_STATUS {volume=volume24312, bucket=bucket55718, key=gdir1/dir2/child, dataSize=0, replicationConfig=null} | ret=FAILURE
org.apache.hadoop.ozone.om.exceptions.OMException: Unable to get file status: volume: volume24312 bucket: bucket55718 key: gdir1/dir2/child
	at org.apache.hadoop.ozone.om.KeyManagerImpl.getOzoneFileStatus(KeyManagerImpl.java:1324) ~[ozone-manager-1.3.0-SNAPSHOT.jar:?]
	at org.apache.hadoop.ozone.om.KeyManagerImpl.getFileStatus(KeyManagerImpl.java:1254) ~[ozone-manager-1.3.0-SNAPSHOT.jar:?]
	at org.apache.hadoop.ozone.om.OzoneManager.getFileStatus(OzoneManager.java:3506) ~[ozone-manager-1.3.0-SNAPSHOT.jar:?]
	at org.apache.hadoop.ozone.protocolPB.OzoneManagerRequestHandler.getOzoneFileStatus(OzoneManagerRequestHandler.java:882) ~[ozone-manager-1.3.0-SNAPSHOT.jar:?]
	at org.apache.hadoop.ozone.protocolPB.OzoneManagerRequestHandler.handleReadRequest(OzoneManagerRequestHandler.java:228) ~[ozone-manager-1.3.0-SNAPSHOT.jar:?]
	at org.apache.hadoop.ozone.protocolPB.OzoneManagerProtocolServerSideTranslatorPB.submitReadRequestToOM(OzoneManagerProtocolServerSideTranslatorPB.java:226) ~[ozone-manager-1.3.0-SNAPSHOT.jar:?]
	at org.apache.hadoop.ozone.protocolPB.OzoneManagerProtocolServerSideTranslatorPB.processRequest(OzoneManagerProtocolServerSideTranslatorPB.java:175) ~[ozone-manager-1.3.0-SNAPSHOT.jar:?]
	at org.apache.hadoop.hdds.server.OzoneProtocolMessageDispatcher.processRequest(OzoneProtocolMessageDispatcher.java:87) [hdds-server-framework-1.3.0-SNAPSHOT.jar:?]
	at org.apache.hadoop.ozone.protocolPB.OzoneManagerProtocolServerSideTranslatorPB.submitRequest(OzoneManagerProtocolServerSideTranslatorPB.java:147) [ozone-manager-1.3.0-SNAPSHOT.jar:?]
	at org.apache.hadoop.ozone.protocol.proto.OzoneManagerProtocolProtos$OzoneManagerService$2.callBlockingMethod(OzoneManagerProtocolProtos.java) [ozone-interface-client-1.3.0-SNAPSHOT.jar:?]
	at org.apache.hadoop.ipc.ProtobufRpcEngine$Server.processCall(ProtobufRpcEngine.java:466) [hadoop-common-3.3.1.jar:?]
	at org.apache.hadoop.ipc.ProtobufRpcEngine2$Server$ProtoBufRpcInvoker.call(ProtobufRpcEngine2.java:574) [hadoop-common-3.3.1.jar:?]
	at org.apache.hadoop.ipc.ProtobufRpcEngine2$Server$ProtoBufRpcInvoker.call(ProtobufRpcEngine2.java:552) [hadoop-common-3.3.1.jar:?]
	at org.apache.hadoop.ipc.RPC$Server.call(RPC.java:1093) [hadoop-common-3.3.1.jar:?]
	at org.apache.hadoop.ipc.Server$RpcCall.run(Server.java:1035) [hadoop-common-3.3.1.jar:?]
	at org.apache.hadoop.ipc.Server$RpcCall.run(Server.java:963) [hadoop-common-3.3.1.jar:?]
	at java.security.AccessController.doPrivileged(Native Method) ~[?:1.8.0_345]
	at javax.security.auth.Subject.doAs(Subject.java:422) [?:1.8.0_345]
	at org.apache.hadoop.security.UserGroupInformation.doAs(UserGroupInformation.java:1878) [hadoop-common-3.3.1.jar:?]
	at org.apache.hadoop.ipc.Server$Handler.run(Server.java:2966) [hadoop-common-3.3.1.jar:?]
2022-09-28 15:52:02,510 [Time-limited test] WARN  ozone.BasicOzoneFileSystem (BasicOzoneFileSystem.java:getFileStatus(765)) - GetFileStatus failed for path /gdir1/dir2/child
java.io.FileNotFoundException: gdir1/dir2/child: No such file or directory!
	at org.apache.hadoop.fs.ozone.BasicOzoneClientAdapterImpl.getFileStatus(BasicOzoneClientAdapterImpl.java:369)
	at org.apache.hadoop.fs.ozone.BasicOzoneFileSystem.getFileStatus(BasicOzoneFileSystem.java:757)
	at org.apache.hadoop.fs.ozone.TestOzoneFileSystem.checkPath(TestOzoneFileSystem.java:504)
	at org.apache.hadoop.fs.ozone.TestOzoneFileSystem.testRecursiveDelete(TestOzoneFileSystem.java:460)
	at sun.reflect.NativeMethodAccessorImpl.invoke0(Native Method)
	at sun.reflect.NativeMethodAccessorImpl.invoke(NativeMethodAccessorImpl.java:62)
	at sun.reflect.DelegatingMethodAccessorImpl.invoke(DelegatingMethodAccessorImpl.java:43)
	at java.lang.reflect.Method.invoke(Method.java:498)
	at org.junit.runners.model.FrameworkMethod$1.runReflectiveCall(FrameworkMethod.java:59)
	at org.junit.internal.runners.model.ReflectiveCallable.run(ReflectiveCallable.java:12)
	at org.junit.runners.model.FrameworkMethod.invokeExplosively(FrameworkMethod.java:56)
	at org.junit.internal.runners.statements.InvokeMethod.evaluate(InvokeMethod.java:17)
	at org.junit.internal.runners.statements.RunAfters.evaluate(RunAfters.java:27)
	at org.junit.internal.runners.statements.FailOnTimeout$CallableStatement.call(FailOnTimeout.java:288)
	at org.junit.internal.runners.statements.FailOnTimeout$CallableStatement.call(FailOnTimeout.java:282)
	at java.util.concurrent.FutureTask.run(FutureTask.java:266)
	at java.lang.Thread.run(Thread.java:750)
15:52:02.511 [IPC Server handler 0 on default port 36317] ERROR OMAudit - user=runner | ip=127.0.0.1 | op=GET_FILE_STATUS {volume=volume24312, bucket=bucket55718, key=gdir1/dir3, dataSize=0, replicationConfig=null} | ret=FAILURE
org.apache.hadoop.ozone.om.exceptions.OMException: Unable to get file status: volume: volume24312 bucket: bucket55718 key: gdir1/dir3
	at org.apache.hadoop.ozone.om.KeyManagerImpl.getOzoneFileStatus(KeyManagerImpl.java:1324) ~[ozone-manager-1.3.0-SNAPSHOT.jar:?]
	at org.apache.hadoop.ozone.om.KeyManagerImpl.getFileStatus(KeyManagerImpl.java:1254) ~[ozone-manager-1.3.0-SNAPSHOT.jar:?]
	at org.apache.hadoop.ozone.om.OzoneManager.getFileStatus(OzoneManager.java:3506) ~[ozone-manager-1.3.0-SNAPSHOT.jar:?]
	at org.apache.hadoop.ozone.protocolPB.OzoneManagerRequestHandler.getOzoneFileStatus(OzoneManagerRequestHandler.java:882) ~[ozone-manager-1.3.0-SNAPSHOT.jar:?]
	at org.apache.hadoop.ozone.protocolPB.OzoneManagerRequestHandler.handleReadRequest(OzoneManagerRequestHandler.java:228) ~[ozone-manager-1.3.0-SNAPSHOT.jar:?]
	at org.apache.hadoop.ozone.protocolPB.OzoneManagerProtocolServerSideTranslatorPB.submitReadRequestToOM(OzoneManagerProtocolServerSideTranslatorPB.java:226) ~[ozone-manager-1.3.0-SNAPSHOT.jar:?]
	at org.apache.hadoop.ozone.protocolPB.OzoneManagerProtocolServerSideTranslatorPB.processRequest(OzoneManagerProtocolServerSideTranslatorPB.java:175) ~[ozone-manager-1.3.0-SNAPSHOT.jar:?]
	at org.apache.hadoop.hdds.server.OzoneProtocolMessageDispatcher.processRequest(OzoneProtocolMessageDispatcher.java:87) [hdds-server-framework-1.3.0-SNAPSHOT.jar:?]
	at org.apache.hadoop.ozone.protocolPB.OzoneManagerProtocolServerSideTranslatorPB.submitRequest(OzoneManagerProtocolServerSideTranslatorPB.java:147) [ozone-manager-1.3.0-SNAPSHOT.jar:?]
	at org.apache.hadoop.ozone.protocol.proto.OzoneManagerProtocolProtos$OzoneManagerService$2.callBlockingMethod(OzoneManagerProtocolProtos.java) [ozone-interface-client-1.3.0-SNAPSHOT.jar:?]
	at org.apache.hadoop.ipc.ProtobufRpcEngine$Server.processCall(ProtobufRpcEngine.java:466) [hadoop-common-3.3.1.jar:?]
	at org.apache.hadoop.ipc.ProtobufRpcEngine2$Server$ProtoBufRpcInvoker.call(ProtobufRpcEngine2.java:574) [hadoop-common-3.3.1.jar:?]
	at org.apache.hadoop.ipc.ProtobufRpcEngine2$Server$ProtoBufRpcInvoker.call(ProtobufRpcEngine2.java:552) [hadoop-common-3.3.1.jar:?]
	at org.apache.hadoop.ipc.RPC$Server.call(RPC.java:1093) [hadoop-common-3.3.1.jar:?]
	at org.apache.hadoop.ipc.Server$RpcCall.run(Server.java:1035) [hadoop-common-3.3.1.jar:?]
	at org.apache.hadoop.ipc.Server$RpcCall.run(Server.java:963) [hadoop-common-3.3.1.jar:?]
	at java.security.AccessController.doPrivileged(Native Method) ~[?:1.8.0_345]
	at javax.security.auth.Subject.doAs(Subject.java:422) [?:1.8.0_345]
	at org.apache.hadoop.security.UserGroupInformation.doAs(UserGroupInformation.java:1878) [hadoop-common-3.3.1.jar:?]
	at org.apache.hadoop.ipc.Server$Handler.run(Server.java:2966) [hadoop-common-3.3.1.jar:?]
2022-09-28 15:52:02,511 [Time-limited test] WARN  ozone.BasicOzoneFileSystem (BasicOzoneFileSystem.java:getFileStatus(765)) - GetFileStatus failed for path /gdir1/dir3
java.io.FileNotFoundException: gdir1/dir3: No such file or directory!
	at org.apache.hadoop.fs.ozone.BasicOzoneClientAdapterImpl.getFileStatus(BasicOzoneClientAdapterImpl.java:369)
	at org.apache.hadoop.fs.ozone.BasicOzoneFileSystem.getFileStatus(BasicOzoneFileSystem.java:757)
	at org.apache.hadoop.fs.ozone.TestOzoneFileSystem.checkPath(TestOzoneFileSystem.java:504)
	at org.apache.hadoop.fs.ozone.TestOzoneFileSystem.testRecursiveDelete(TestOzoneFileSystem.java:459)
	at sun.reflect.NativeMethodAccessorImpl.invoke0(Native Method)
	at sun.reflect.NativeMethodAccessorImpl.invoke(NativeMethodAccessorImpl.java:62)
	at sun.reflect.DelegatingMethodAccessorImpl.invoke(DelegatingMethodAccessorImpl.java:43)
	at java.lang.reflect.Method.invoke(Method.java:498)
	at org.junit.runners.model.FrameworkMethod$1.runReflectiveCall(FrameworkMethod.java:59)
	at org.junit.internal.runners.model.ReflectiveCallable.run(ReflectiveCallable.java:12)
	at org.junit.runners.model.FrameworkMethod.invokeExplosively(FrameworkMethod.java:56)
	at org.junit.internal.runners.statements.InvokeMethod.evaluate(InvokeMethod.java:17)
	at org.junit.internal.runners.statements.RunAfters.evaluate(RunAfters.java:27)
	at org.junit.internal.runners.statements.FailOnTimeout$CallableStatement.call(FailOnTimeout.java:288)
	at org.junit.internal.runners.statements.FailOnTimeout$CallableStatement.call(FailOnTimeout.java:282)
	at java.util.concurrent.FutureTask.run(FutureTask.java:266)
	at java.lang.Thread.run(Thread.java:750)
15:52:02.512 [IPC Server handler 5 on default port 36317] ERROR OMAudit - user=runner | ip=127.0.0.1 | op=GET_FILE_STATUS {volume=volume24312, bucket=bucket55718, key=gdir1/dir3/child, dataSize=0, replicationConfig=null} | ret=FAILURE
org.apache.hadoop.ozone.om.exceptions.OMException: Unable to get file status: volume: volume24312 bucket: bucket55718 key: gdir1/dir3/child
	at org.apache.hadoop.ozone.om.KeyManagerImpl.getOzoneFileStatus(KeyManagerImpl.java:1324) ~[ozone-manager-1.3.0-SNAPSHOT.jar:?]
	at org.apache.hadoop.ozone.om.KeyManagerImpl.getFileStatus(KeyManagerImpl.java:1254) ~[ozone-manager-1.3.0-SNAPSHOT.jar:?]
	at org.apache.hadoop.ozone.om.OzoneManager.getFileStatus(OzoneManager.java:3506) ~[ozone-manager-1.3.0-SNAPSHOT.jar:?]
	at org.apache.hadoop.ozone.protocolPB.OzoneManagerRequestHandler.getOzoneFileStatus(OzoneManagerRequestHandler.java:882) ~[ozone-manager-1.3.0-SNAPSHOT.jar:?]
	at org.apache.hadoop.ozone.protocolPB.OzoneManagerRequestHandler.handleReadRequest(OzoneManagerRequestHandler.java:228) ~[ozone-manager-1.3.0-SNAPSHOT.jar:?]
	at org.apache.hadoop.ozone.protocolPB.OzoneManagerProtocolServerSideTranslatorPB.submitReadRequestToOM(OzoneManagerProtocolServerSideTranslatorPB.java:226) ~[ozone-manager-1.3.0-SNAPSHOT.jar:?]
	at org.apache.hadoop.ozone.protocolPB.OzoneManagerProtocolServerSideTranslatorPB.processRequest(OzoneManagerProtocolServerSideTranslatorPB.java:175) ~[ozone-manager-1.3.0-SNAPSHOT.jar:?]
	at org.apache.hadoop.hdds.server.OzoneProtocolMessageDispatcher.processRequest(OzoneProtocolMessageDispatcher.java:87) [hdds-server-framework-1.3.0-SNAPSHOT.jar:?]
	at org.apache.hadoop.ozone.protocolPB.OzoneManagerProtocolServerSideTranslatorPB.submitRequest(OzoneManagerProtocolServerSideTranslatorPB.java:147) [ozone-manager-1.3.0-SNAPSHOT.jar:?]
	at org.apache.hadoop.ozone.protocol.proto.OzoneManagerProtocolProtos$OzoneManagerService$2.callBlockingMethod(OzoneManagerProtocolProtos.java) [ozone-interface-client-1.3.0-SNAPSHOT.jar:?]
	at org.apache.hadoop.ipc.ProtobufRpcEngine$Server.processCall(ProtobufRpcEngine.java:466) [hadoop-common-3.3.1.jar:?]
	at org.apache.hadoop.ipc.ProtobufRpcEngine2$Server$ProtoBufRpcInvoker.call(ProtobufRpcEngine2.java:574) [hadoop-common-3.3.1.jar:?]
	at org.apache.hadoop.ipc.ProtobufRpcEngine2$Server$ProtoBufRpcInvoker.call(ProtobufRpcEngine2.java:552) [hadoop-common-3.3.1.jar:?]
	at org.apache.hadoop.ipc.RPC$Server.call(RPC.java:1093) [hadoop-common-3.3.1.jar:?]
	at org.apache.hadoop.ipc.Server$RpcCall.run(Server.java:1035) [hadoop-common-3.3.1.jar:?]
	at org.apache.hadoop.ipc.Server$RpcCall.run(Server.java:963) [hadoop-common-3.3.1.jar:?]
	at java.security.AccessController.doPrivileged(Native Method) ~[?:1.8.0_345]
	at javax.security.auth.Subject.doAs(Subject.java:422) [?:1.8.0_345]
	at org.apache.hadoop.security.UserGroupInformation.doAs(UserGroupInformation.java:1878) [hadoop-common-3.3.1.jar:?]
	at org.apache.hadoop.ipc.Server$Handler.run(Server.java:2966) [hadoop-common-3.3.1.jar:?]
2022-09-28 15:52:02,513 [Time-limited test] WARN  ozone.BasicOzoneFileSystem (BasicOzoneFileSystem.java:getFileStatus(765)) - GetFileStatus failed for path /gdir1/dir3/child
java.io.FileNotFoundException: gdir1/dir3/child: No such file or directory!
	at org.apache.hadoop.fs.ozone.BasicOzoneClientAdapterImpl.getFileStatus(BasicOzoneClientAdapterImpl.java:369)
	at org.apache.hadoop.fs.ozone.BasicOzoneFileSystem.getFileStatus(BasicOzoneFileSystem.java:757)
	at org.apache.hadoop.fs.ozone.TestOzoneFileSystem.checkPath(TestOzoneFileSystem.java:504)
	at org.apache.hadoop.fs.ozone.TestOzoneFileSystem.testRecursiveDelete(TestOzoneFileSystem.java:460)
	at sun.reflect.NativeMethodAccessorImpl.invoke0(Native Method)
	at sun.reflect.NativeMethodAccessorImpl.invoke(NativeMethodAccessorImpl.java:62)
	at sun.reflect.DelegatingMethodAccessorImpl.invoke(DelegatingMethodAccessorImpl.java:43)
	at java.lang.reflect.Method.invoke(Method.java:498)
	at org.junit.runners.model.FrameworkMethod$1.runReflectiveCall(FrameworkMethod.java:59)
	at org.junit.internal.runners.model.ReflectiveCallable.run(ReflectiveCallable.java:12)
	at org.junit.runners.model.FrameworkMethod.invokeExplosively(FrameworkMethod.java:56)
	at org.junit.internal.runners.statements.InvokeMethod.evaluate(InvokeMethod.java:17)
	at org.junit.internal.runners.statements.RunAfters.evaluate(RunAfters.java:27)
	at org.junit.internal.runners.statements.FailOnTimeout$CallableStatement.call(FailOnTimeout.java:288)
	at org.junit.internal.runners.statements.FailOnTimeout$CallableStatement.call(FailOnTimeout.java:282)
	at java.util.concurrent.FutureTask.run(FutureTask.java:266)
	at java.lang.Thread.run(Thread.java:750)
15:52:02.514 [IPC Server handler 3 on default port 36317] ERROR OMAudit - user=runner | ip=127.0.0.1 | op=GET_FILE_STATUS {volume=volume24312, bucket=bucket55718, key=gdir1/dir4, dataSize=0, replicationConfig=null} | ret=FAILURE
org.apache.hadoop.ozone.om.exceptions.OMException: Unable to get file status: volume: volume24312 bucket: bucket55718 key: gdir1/dir4
	at org.apache.hadoop.ozone.om.KeyManagerImpl.getOzoneFileStatus(KeyManagerImpl.java:1324) ~[ozone-manager-1.3.0-SNAPSHOT.jar:?]
	at org.apache.hadoop.ozone.om.KeyManagerImpl.getFileStatus(KeyManagerImpl.java:1254) ~[ozone-manager-1.3.0-SNAPSHOT.jar:?]
	at org.apache.hadoop.ozone.om.OzoneManager.getFileStatus(OzoneManager.java:3506) ~[ozone-manager-1.3.0-SNAPSHOT.jar:?]
	at org.apache.hadoop.ozone.protocolPB.OzoneManagerRequestHandler.getOzoneFileStatus(OzoneManagerRequestHandler.java:882) ~[ozone-manager-1.3.0-SNAPSHOT.jar:?]
	at org.apache.hadoop.ozone.protocolPB.OzoneManagerRequestHandler.handleReadRequest(OzoneManagerRequestHandler.java:228) ~[ozone-manager-1.3.0-SNAPSHOT.jar:?]
	at org.apache.hadoop.ozone.protocolPB.OzoneManagerProtocolServerSideTranslatorPB.submitReadRequestToOM(OzoneManagerProtocolServerSideTranslatorPB.java:226) ~[ozone-manager-1.3.0-SNAPSHOT.jar:?]
	at org.apache.hadoop.ozone.protocolPB.OzoneManagerProtocolServerSideTranslatorPB.processRequest(OzoneManagerProtocolServerSideTranslatorPB.java:175) ~[ozone-manager-1.3.0-SNAPSHOT.jar:?]
	at org.apache.hadoop.hdds.server.OzoneProtocolMessageDispatcher.processRequest(OzoneProtocolMessageDispatcher.java:87) [hdds-server-framework-1.3.0-SNAPSHOT.jar:?]
	at org.apache.hadoop.ozone.protocolPB.OzoneManagerProtocolServerSideTranslatorPB.submitRequest(OzoneManagerProtocolServerSideTranslatorPB.java:147) [ozone-manager-1.3.0-SNAPSHOT.jar:?]
	at org.apache.hadoop.ozone.protocol.proto.OzoneManagerProtocolProtos$OzoneManagerService$2.callBlockingMethod(OzoneManagerProtocolProtos.java) [ozone-interface-client-1.3.0-SNAPSHOT.jar:?]
	at org.apache.hadoop.ipc.ProtobufRpcEngine$Server.processCall(ProtobufRpcEngine.java:466) [hadoop-common-3.3.1.jar:?]
	at org.apache.hadoop.ipc.ProtobufRpcEngine2$Server$ProtoBufRpcInvoker.call(ProtobufRpcEngine2.java:574) [hadoop-common-3.3.1.jar:?]
	at org.apache.hadoop.ipc.ProtobufRpcEngine2$Server$ProtoBufRpcInvoker.call(ProtobufRpcEngine2.java:552) [hadoop-common-3.3.1.jar:?]
	at org.apache.hadoop.ipc.RPC$Server.call(RPC.java:1093) [hadoop-common-3.3.1.jar:?]
	at org.apache.hadoop.ipc.Server$RpcCall.run(Server.java:1035) [hadoop-common-3.3.1.jar:?]
	at org.apache.hadoop.ipc.Server$RpcCall.run(Server.java:963) [hadoop-common-3.3.1.jar:?]
	at java.security.AccessController.doPrivileged(Native Method) ~[?:1.8.0_345]
	at javax.security.auth.Subject.doAs(Subject.java:422) [?:1.8.0_345]
	at org.apache.hadoop.security.UserGroupInformation.doAs(UserGroupInformation.java:1878) [hadoop-common-3.3.1.jar:?]
	at org.apache.hadoop.ipc.Server$Handler.run(Server.java:2966) [hadoop-common-3.3.1.jar:?]
2022-09-28 15:52:02,514 [Time-limited test] WARN  ozone.BasicOzoneFileSystem (BasicOzoneFileSystem.java:getFileStatus(765)) - GetFileStatus failed for path /gdir1/dir4
java.io.FileNotFoundException: gdir1/dir4: No such file or directory!
	at org.apache.hadoop.fs.ozone.BasicOzoneClientAdapterImpl.getFileStatus(BasicOzoneClientAdapterImpl.java:369)
	at org.apache.hadoop.fs.ozone.BasicOzoneFileSystem.getFileStatus(BasicOzoneFileSystem.java:757)
	at org.apache.hadoop.fs.ozone.TestOzoneFileSystem.checkPath(TestOzoneFileSystem.java:504)
	at org.apache.hadoop.fs.ozone.TestOzoneFileSystem.testRecursiveDelete(TestOzoneFileSystem.java:459)
	at sun.reflect.NativeMethodAccessorImpl.invoke0(Native Method)
	at sun.reflect.NativeMethodAccessorImpl.invoke(NativeMethodAccessorImpl.java:62)
	at sun.reflect.DelegatingMethodAccessorImpl.invoke(DelegatingMethodAccessorImpl.java:43)
	at java.lang.reflect.Method.invoke(Method.java:498)
	at org.junit.runners.model.FrameworkMethod$1.runReflectiveCall(FrameworkMethod.java:59)
	at org.junit.internal.runners.model.ReflectiveCallable.run(ReflectiveCallable.java:12)
	at org.junit.runners.model.FrameworkMethod.invokeExplosively(FrameworkMethod.java:56)
	at org.junit.internal.runners.statements.InvokeMethod.evaluate(InvokeMethod.java:17)
	at org.junit.internal.runners.statements.RunAfters.evaluate(RunAfters.java:27)
	at org.junit.internal.runners.statements.FailOnTimeout$CallableStatement.call(FailOnTimeout.java:288)
	at org.junit.internal.runners.statements.FailOnTimeout$CallableStatement.call(FailOnTimeout.java:282)
	at java.util.concurrent.FutureTask.run(FutureTask.java:266)
	at java.lang.Thread.run(Thread.java:750)
15:52:02.517 [IPC Server handler 18 on default port 36317] ERROR OMAudit - user=runner | ip=127.0.0.1 | op=GET_FILE_STATUS {volume=volume24312, bucket=bucket55718, key=gdir1/dir4/child, dataSize=0, replicationConfig=null} | ret=FAILURE
org.apache.hadoop.ozone.om.exceptions.OMException: Unable to get file status: volume: volume24312 bucket: bucket55718 key: gdir1/dir4/child
	at org.apache.hadoop.ozone.om.KeyManagerImpl.getOzoneFileStatus(KeyManagerImpl.java:1324) ~[ozone-manager-1.3.0-SNAPSHOT.jar:?]
	at org.apache.hadoop.ozone.om.KeyManagerImpl.getFileStatus(KeyManagerImpl.java:1254) ~[ozone-manager-1.3.0-SNAPSHOT.jar:?]
	at org.apache.hadoop.ozone.om.OzoneManager.getFileStatus(OzoneManager.java:3506) ~[ozone-manager-1.3.0-SNAPSHOT.jar:?]
	at org.apache.hadoop.ozone.protocolPB.OzoneManagerRequestHandler.getOzoneFileStatus(OzoneManagerRequestHandler.java:882) ~[ozone-manager-1.3.0-SNAPSHOT.jar:?]
	at org.apache.hadoop.ozone.protocolPB.OzoneManagerRequestHandler.handleReadRequest(OzoneManagerRequestHandler.java:228) ~[ozone-manager-1.3.0-SNAPSHOT.jar:?]
	at org.apache.hadoop.ozone.protocolPB.OzoneManagerProtocolServerSideTranslatorPB.submitReadRequestToOM(OzoneManagerProtocolServerSideTranslatorPB.java:226) ~[ozone-manager-1.3.0-SNAPSHOT.jar:?]
	at org.apache.hadoop.ozone.protocolPB.OzoneManagerProtocolServerSideTranslatorPB.processRequest(OzoneManagerProtocolServerSideTranslatorPB.java:175) ~[ozone-manager-1.3.0-SNAPSHOT.jar:?]
	at org.apache.hadoop.hdds.server.OzoneProtocolMessageDispatcher.processRequest(OzoneProtocolMessageDispatcher.java:87) [hdds-server-framework-1.3.0-SNAPSHOT.jar:?]
	at org.apache.hadoop.ozone.protocolPB.OzoneManagerProtocolServerSideTranslatorPB.submitRequest(OzoneManagerProtocolServerSideTranslatorPB.java:147) [ozone-manager-1.3.0-SNAPSHOT.jar:?]
	at org.apache.hadoop.ozone.protocol.proto.OzoneManagerProtocolProtos$OzoneManagerService$2.callBlockingMethod(OzoneManagerProtocolProtos.java) [ozone-interface-client-1.3.0-SNAPSHOT.jar:?]
	at org.apache.hadoop.ipc.ProtobufRpcEngine$Server.processCall(ProtobufRpcEngine.java:466) [hadoop-common-3.3.1.jar:?]
	at org.apache.hadoop.ipc.ProtobufRpcEngine2$Server$ProtoBufRpcInvoker.call(ProtobufRpcEngine2.java:574) [hadoop-common-3.3.1.jar:?]
	at org.apache.hadoop.ipc.ProtobufRpcEngine2$Server$ProtoBufRpcInvoker.call(ProtobufRpcEngine2.java:552) [hadoop-common-3.3.1.jar:?]
	at org.apache.hadoop.ipc.RPC$Server.call(RPC.java:1093) [hadoop-common-3.3.1.jar:?]
	at org.apache.hadoop.ipc.Server$RpcCall.run(Server.java:1035) [hadoop-common-3.3.1.jar:?]
	at org.apache.hadoop.ipc.Server$RpcCall.run(Server.java:963) [hadoop-common-3.3.1.jar:?]
	at java.security.AccessController.doPrivileged(Native Method) ~[?:1.8.0_345]
	at javax.security.auth.Subject.doAs(Subject.java:422) [?:1.8.0_345]
	at org.apache.hadoop.security.UserGroupInformation.doAs(UserGroupInformation.java:1878) [hadoop-common-3.3.1.jar:?]
	at org.apache.hadoop.ipc.Server$Handler.run(Server.java:2966) [hadoop-common-3.3.1.jar:?]
2022-09-28 15:52:02,518 [Time-limited test] WARN  ozone.BasicOzoneFileSystem (BasicOzoneFileSystem.java:getFileStatus(765)) - GetFileStatus failed for path /gdir1/dir4/child
java.io.FileNotFoundException: gdir1/dir4/child: No such file or directory!
	at org.apache.hadoop.fs.ozone.BasicOzoneClientAdapterImpl.getFileStatus(BasicOzoneClientAdapterImpl.java:369)
	at org.apache.hadoop.fs.ozone.BasicOzoneFileSystem.getFileStatus(BasicOzoneFileSystem.java:757)
	at org.apache.hadoop.fs.ozone.TestOzoneFileSystem.checkPath(TestOzoneFileSystem.java:504)
	at org.apache.hadoop.fs.ozone.TestOzoneFileSystem.testRecursiveDelete(TestOzoneFileSystem.java:460)
	at sun.reflect.NativeMethodAccessorImpl.invoke0(Native Method)
	at sun.reflect.NativeMethodAccessorImpl.invoke(NativeMethodAccessorImpl.java:62)
	at sun.reflect.DelegatingMethodAccessorImpl.invoke(DelegatingMethodAccessorImpl.java:43)
	at java.lang.reflect.Method.invoke(Method.java:498)
	at org.junit.runners.model.FrameworkMethod$1.runReflectiveCall(FrameworkMethod.java:59)
	at org.junit.internal.runners.model.ReflectiveCallable.run(ReflectiveCallable.java:12)
	at org.junit.runners.model.FrameworkMethod.invokeExplosively(FrameworkMethod.java:56)
	at org.junit.internal.runners.statements.InvokeMethod.evaluate(InvokeMethod.java:17)
	at org.junit.internal.runners.statements.RunAfters.evaluate(RunAfters.java:27)
	at org.junit.internal.runners.statements.FailOnTimeout$CallableStatement.call(FailOnTimeout.java:288)
	at org.junit.internal.runners.statements.FailOnTimeout$CallableStatement.call(FailOnTimeout.java:282)
	at java.util.concurrent.FutureTask.run(FutureTask.java:266)
	at java.lang.Thread.run(Thread.java:750)
15:52:02.519 [IPC Server handler 2 on default port 36317] ERROR OMAudit - user=runner | ip=127.0.0.1 | op=GET_FILE_STATUS {volume=volume24312, bucket=bucket55718, key=gdir1/dir5, dataSize=0, replicationConfig=null} | ret=FAILURE
org.apache.hadoop.ozone.om.exceptions.OMException: Unable to get file status: volume: volume24312 bucket: bucket55718 key: gdir1/dir5
	at org.apache.hadoop.ozone.om.KeyManagerImpl.getOzoneFileStatus(KeyManagerImpl.java:1324) ~[ozone-manager-1.3.0-SNAPSHOT.jar:?]
	at org.apache.hadoop.ozone.om.KeyManagerImpl.getFileStatus(KeyManagerImpl.java:1254) ~[ozone-manager-1.3.0-SNAPSHOT.jar:?]
	at org.apache.hadoop.ozone.om.OzoneManager.getFileStatus(OzoneManager.java:3506) ~[ozone-manager-1.3.0-SNAPSHOT.jar:?]
	at org.apache.hadoop.ozone.protocolPB.OzoneManagerRequestHandler.getOzoneFileStatus(OzoneManagerRequestHandler.java:882) ~[ozone-manager-1.3.0-SNAPSHOT.jar:?]
	at org.apache.hadoop.ozone.protocolPB.OzoneManagerRequestHandler.handleReadRequest(OzoneManagerRequestHandler.java:228) ~[ozone-manager-1.3.0-SNAPSHOT.jar:?]
	at org.apache.hadoop.ozone.protocolPB.OzoneManagerProtocolServerSideTranslatorPB.submitReadRequestToOM(OzoneManagerProtocolServerSideTranslatorPB.java:226) ~[ozone-manager-1.3.0-SNAPSHOT.jar:?]
	at org.apache.hadoop.ozone.protocolPB.OzoneManagerProtocolServerSideTranslatorPB.processRequest(OzoneManagerProtocolServerSideTranslatorPB.java:175) ~[ozone-manager-1.3.0-SNAPSHOT.jar:?]
	at org.apache.hadoop.hdds.server.OzoneProtocolMessageDispatcher.processRequest(OzoneProtocolMessageDispatcher.java:87) [hdds-server-framework-1.3.0-SNAPSHOT.jar:?]
	at org.apache.hadoop.ozone.protocolPB.OzoneManagerProtocolServerSideTranslatorPB.submitRequest(OzoneManagerProtocolServerSideTranslatorPB.java:147) [ozone-manager-1.3.0-SNAPSHOT.jar:?]
	at org.apache.hadoop.ozone.protocol.proto.OzoneManagerProtocolProtos$OzoneManagerService$2.callBlockingMethod(OzoneManagerProtocolProtos.java) [ozone-interface-client-1.3.0-SNAPSHOT.jar:?]
	at org.apache.hadoop.ipc.ProtobufRpcEngine$Server.processCall(ProtobufRpcEngine.java:466) [hadoop-common-3.3.1.jar:?]
	at org.apache.hadoop.ipc.ProtobufRpcEngine2$Server$ProtoBufRpcInvoker.call(ProtobufRpcEngine2.java:574) [hadoop-common-3.3.1.jar:?]
	at org.apache.hadoop.ipc.ProtobufRpcEngine2$Server$ProtoBufRpcInvoker.call(ProtobufRpcEngine2.java:552) [hadoop-common-3.3.1.jar:?]
	at org.apache.hadoop.ipc.RPC$Server.call(RPC.java:1093) [hadoop-common-3.3.1.jar:?]
	at org.apache.hadoop.ipc.Server$RpcCall.run(Server.java:1035) [hadoop-common-3.3.1.jar:?]
	at org.apache.hadoop.ipc.Server$RpcCall.run(Server.java:963) [hadoop-common-3.3.1.jar:?]
	at java.security.AccessController.doPrivileged(Native Method) ~[?:1.8.0_345]
	at javax.security.auth.Subject.doAs(Subject.java:422) [?:1.8.0_345]
	at org.apache.hadoop.security.UserGroupInformation.doAs(UserGroupInformation.java:1878) [hadoop-common-3.3.1.jar:?]
	at org.apache.hadoop.ipc.Server$Handler.run(Server.java:2966) [hadoop-common-3.3.1.jar:?]
2022-09-28 15:52:02,520 [Time-limited test] WARN  ozone.BasicOzoneFileSystem (BasicOzoneFileSystem.java:getFileStatus(765)) - GetFileStatus failed for path /gdir1/dir5
java.io.FileNotFoundException: gdir1/dir5: No such file or directory!
	at org.apache.hadoop.fs.ozone.BasicOzoneClientAdapterImpl.getFileStatus(BasicOzoneClientAdapterImpl.java:369)
	at org.apache.hadoop.fs.ozone.BasicOzoneFileSystem.getFileStatus(BasicOzoneFileSystem.java:757)
	at org.apache.hadoop.fs.ozone.TestOzoneFileSystem.checkPath(TestOzoneFileSystem.java:504)
	at org.apache.hadoop.fs.ozone.TestOzoneFileSystem.testRecursiveDelete(TestOzoneFileSystem.java:459)
	at sun.reflect.NativeMethodAccessorImpl.invoke0(Native Method)
	at sun.reflect.NativeMethodAccessorImpl.invoke(NativeMethodAccessorImpl.java:62)
	at sun.reflect.DelegatingMethodAccessorImpl.invoke(DelegatingMethodAccessorImpl.java:43)
	at java.lang.reflect.Method.invoke(Method.java:498)
	at org.junit.runners.model.FrameworkMethod$1.runReflectiveCall(FrameworkMethod.java:59)
	at org.junit.internal.runners.model.ReflectiveCallable.run(ReflectiveCallable.java:12)
	at org.junit.runners.model.FrameworkMethod.invokeExplosively(FrameworkMethod.java:56)
	at org.junit.internal.runners.statements.InvokeMethod.evaluate(InvokeMethod.java:17)
	at org.junit.internal.runners.statements.RunAfters.evaluate(RunAfters.java:27)
	at org.junit.internal.runners.statements.FailOnTimeout$CallableStatement.call(FailOnTimeout.java:288)
	at org.junit.internal.runners.statements.FailOnTimeout$CallableStatement.call(FailOnTimeout.java:282)
	at java.util.concurrent.FutureTask.run(FutureTask.java:266)
	at java.lang.Thread.run(Thread.java:750)
15:52:02.521 [IPC Server handler 19 on default port 36317] ERROR OMAudit - user=runner | ip=127.0.0.1 | op=GET_FILE_STATUS {volume=volume24312, bucket=bucket55718, key=gdir1/dir5/child, dataSize=0, replicationConfig=null} | ret=FAILURE
org.apache.hadoop.ozone.om.exceptions.OMException: Unable to get file status: volume: volume24312 bucket: bucket55718 key: gdir1/dir5/child
	at org.apache.hadoop.ozone.om.KeyManagerImpl.getOzoneFileStatus(KeyManagerImpl.java:1324) ~[ozone-manager-1.3.0-SNAPSHOT.jar:?]
	at org.apache.hadoop.ozone.om.KeyManagerImpl.getFileStatus(KeyManagerImpl.java:1254) ~[ozone-manager-1.3.0-SNAPSHOT.jar:?]
	at org.apache.hadoop.ozone.om.OzoneManager.getFileStatus(OzoneManager.java:3506) ~[ozone-manager-1.3.0-SNAPSHOT.jar:?]
	at org.apache.hadoop.ozone.protocolPB.OzoneManagerRequestHandler.getOzoneFileStatus(OzoneManagerRequestHandler.java:882) ~[ozone-manager-1.3.0-SNAPSHOT.jar:?]
	at org.apache.hadoop.ozone.protocolPB.OzoneManagerRequestHandler.handleReadRequest(OzoneManagerRequestHandler.java:228) ~[ozone-manager-1.3.0-SNAPSHOT.jar:?]
	at org.apache.hadoop.ozone.protocolPB.OzoneManagerProtocolServerSideTranslatorPB.submitReadRequestToOM(OzoneManagerProtocolServerSideTranslatorPB.java:226) ~[ozone-manager-1.3.0-SNAPSHOT.jar:?]
	at org.apache.hadoop.ozone.protocolPB.OzoneManagerProtocolServerSideTranslatorPB.processRequest(OzoneManagerProtocolServerSideTranslatorPB.java:175) ~[ozone-manager-1.3.0-SNAPSHOT.jar:?]
	at org.apache.hadoop.hdds.server.OzoneProtocolMessageDispatcher.processRequest(OzoneProtocolMessageDispatcher.java:87) [hdds-server-framework-1.3.0-SNAPSHOT.jar:?]
	at org.apache.hadoop.ozone.protocolPB.OzoneManagerProtocolServerSideTranslatorPB.submitRequest(OzoneManagerProtocolServerSideTranslatorPB.java:147) [ozone-manager-1.3.0-SNAPSHOT.jar:?]
	at org.apache.hadoop.ozone.protocol.proto.OzoneManagerProtocolProtos$OzoneManagerService$2.callBlockingMethod(OzoneManagerProtocolProtos.java) [ozone-interface-client-1.3.0-SNAPSHOT.jar:?]
	at org.apache.hadoop.ipc.ProtobufRpcEngine$Server.processCall(ProtobufRpcEngine.java:466) [hadoop-common-3.3.1.jar:?]
	at org.apache.hadoop.ipc.ProtobufRpcEngine2$Server$ProtoBufRpcInvoker.call(ProtobufRpcEngine2.java:574) [hadoop-common-3.3.1.jar:?]
	at org.apache.hadoop.ipc.ProtobufRpcEngine2$Server$ProtoBufRpcInvoker.call(ProtobufRpcEngine2.java:552) [hadoop-common-3.3.1.jar:?]
	at org.apache.hadoop.ipc.RPC$Server.call(RPC.java:1093) [hadoop-common-3.3.1.jar:?]
	at org.apache.hadoop.ipc.Server$RpcCall.run(Server.java:1035) [hadoop-common-3.3.1.jar:?]
	at org.apache.hadoop.ipc.Server$RpcCall.run(Server.java:963) [hadoop-common-3.3.1.jar:?]
	at java.security.AccessController.doPrivileged(Native Method) ~[?:1.8.0_345]
	at javax.security.auth.Subject.doAs(Subject.java:422) [?:1.8.0_345]
	at org.apache.hadoop.security.UserGroupInformation.doAs(UserGroupInformation.java:1878) [hadoop-common-3.3.1.jar:?]
	at org.apache.hadoop.ipc.Server$Handler.run(Server.java:2966) [hadoop-common-3.3.1.jar:?]
2022-09-28 15:52:02,522 [Time-limited test] WARN  ozone.BasicOzoneFileSystem (BasicOzoneFileSystem.java:getFileStatus(765)) - GetFileStatus failed for path /gdir1/dir5/child
java.io.FileNotFoundException: gdir1/dir5/child: No such file or directory!
	at org.apache.hadoop.fs.ozone.BasicOzoneClientAdapterImpl.getFileStatus(BasicOzoneClientAdapterImpl.java:369)
	at org.apache.hadoop.fs.ozone.BasicOzoneFileSystem.getFileStatus(BasicOzoneFileSystem.java:757)
	at org.apache.hadoop.fs.ozone.TestOzoneFileSystem.checkPath(TestOzoneFileSystem.java:504)
	at org.apache.hadoop.fs.ozone.TestOzoneFileSystem.testRecursiveDelete(TestOzoneFileSystem.java:460)
	at sun.reflect.NativeMethodAccessorImpl.invoke0(Native Method)
	at sun.reflect.NativeMethodAccessorImpl.invoke(NativeMethodAccessorImpl.java:62)
	at sun.reflect.DelegatingMethodAccessorImpl.invoke(DelegatingMethodAccessorImpl.java:43)
	at java.lang.reflect.Method.invoke(Method.java:498)
	at org.junit.runners.model.FrameworkMethod$1.runReflectiveCall(FrameworkMethod.java:59)
	at org.junit.internal.runners.model.ReflectiveCallable.run(ReflectiveCallable.java:12)
	at org.junit.runners.model.FrameworkMethod.invokeExplosively(FrameworkMethod.java:56)
	at org.junit.internal.runners.statements.InvokeMethod.evaluate(InvokeMethod.java:17)
	at org.junit.internal.runners.statements.RunAfters.evaluate(RunAfters.java:27)
	at org.junit.internal.runners.statements.FailOnTimeout$CallableStatement.call(FailOnTimeout.java:288)
	at org.junit.internal.runners.statements.FailOnTimeout$CallableStatement.call(FailOnTimeout.java:282)
	at java.util.concurrent.FutureTask.run(FutureTask.java:266)
	at java.lang.Thread.run(Thread.java:750)
15:52:02.523 [IPC Server handler 16 on default port 36317] ERROR OMAudit - user=runner | ip=127.0.0.1 | op=GET_FILE_STATUS {volume=volume24312, bucket=bucket55718, key=gdir1/dir6, dataSize=0, replicationConfig=null} | ret=FAILURE
org.apache.hadoop.ozone.om.exceptions.OMException: Unable to get file status: volume: volume24312 bucket: bucket55718 key: gdir1/dir6
	at org.apache.hadoop.ozone.om.KeyManagerImpl.getOzoneFileStatus(KeyManagerImpl.java:1324) ~[ozone-manager-1.3.0-SNAPSHOT.jar:?]
	at org.apache.hadoop.ozone.om.KeyManagerImpl.getFileStatus(KeyManagerImpl.java:1254) ~[ozone-manager-1.3.0-SNAPSHOT.jar:?]
	at org.apache.hadoop.ozone.om.OzoneManager.getFileStatus(OzoneManager.java:3506) ~[ozone-manager-1.3.0-SNAPSHOT.jar:?]
	at org.apache.hadoop.ozone.protocolPB.OzoneManagerRequestHandler.getOzoneFileStatus(OzoneManagerRequestHandler.java:882) ~[ozone-manager-1.3.0-SNAPSHOT.jar:?]
	at org.apache.hadoop.ozone.protocolPB.OzoneManagerRequestHandler.handleReadRequest(OzoneManagerRequestHandler.java:228) ~[ozone-manager-1.3.0-SNAPSHOT.jar:?]
	at org.apache.hadoop.ozone.protocolPB.OzoneManagerProtocolServerSideTranslatorPB.submitReadRequestToOM(OzoneManagerProtocolServerSideTranslatorPB.java:226) ~[ozone-manager-1.3.0-SNAPSHOT.jar:?]
	at org.apache.hadoop.ozone.protocolPB.OzoneManagerProtocolServerSideTranslatorPB.processRequest(OzoneManagerProtocolServerSideTranslatorPB.java:175) ~[ozone-manager-1.3.0-SNAPSHOT.jar:?]
	at org.apache.hadoop.hdds.server.OzoneProtocolMessageDispatcher.processRequest(OzoneProtocolMessageDispatcher.java:87) [hdds-server-framework-1.3.0-SNAPSHOT.jar:?]
	at org.apache.hadoop.ozone.protocolPB.OzoneManagerProtocolServerSideTranslatorPB.submitRequest(OzoneManagerProtocolServerSideTranslatorPB.java:147) [ozone-manager-1.3.0-SNAPSHOT.jar:?]
	at org.apache.hadoop.ozone.protocol.proto.OzoneManagerProtocolProtos$OzoneManagerService$2.callBlockingMethod(OzoneManagerProtocolProtos.java) [ozone-interface-client-1.3.0-SNAPSHOT.jar:?]
	at org.apache.hadoop.ipc.ProtobufRpcEngine$Server.processCall(ProtobufRpcEngine.java:466) [hadoop-common-3.3.1.jar:?]
	at org.apache.hadoop.ipc.ProtobufRpcEngine2$Server$ProtoBufRpcInvoker.call(ProtobufRpcEngine2.java:574) [hadoop-common-3.3.1.jar:?]
	at org.apache.hadoop.ipc.ProtobufRpcEngine2$Server$ProtoBufRpcInvoker.call(ProtobufRpcEngine2.java:552) [hadoop-common-3.3.1.jar:?]
	at org.apache.hadoop.ipc.RPC$Server.call(RPC.java:1093) [hadoop-common-3.3.1.jar:?]
	at org.apache.hadoop.ipc.Server$RpcCall.run(Server.java:1035) [hadoop-common-3.3.1.jar:?]
	at org.apache.hadoop.ipc.Server$RpcCall.run(Server.java:963) [hadoop-common-3.3.1.jar:?]
	at java.security.AccessController.doPrivileged(Native Method) ~[?:1.8.0_345]
	at javax.security.auth.Subject.doAs(Subject.java:422) [?:1.8.0_345]
	at org.apache.hadoop.security.UserGroupInformation.doAs(UserGroupInformation.java:1878) [hadoop-common-3.3.1.jar:?]
	at org.apache.hadoop.ipc.Server$Handler.run(Server.java:2966) [hadoop-common-3.3.1.jar:?]
2022-09-28 15:52:02,527 [Time-limited test] WARN  ozone.BasicOzoneFileSystem (BasicOzoneFileSystem.java:getFileStatus(765)) - GetFileStatus failed for path /gdir1/dir6
java.io.FileNotFoundException: gdir1/dir6: No such file or directory!
	at org.apache.hadoop.fs.ozone.BasicOzoneClientAdapterImpl.getFileStatus(BasicOzoneClientAdapterImpl.java:369)
	at org.apache.hadoop.fs.ozone.BasicOzoneFileSystem.getFileStatus(BasicOzoneFileSystem.java:757)
	at org.apache.hadoop.fs.ozone.TestOzoneFileSystem.checkPath(TestOzoneFileSystem.java:504)
	at org.apache.hadoop.fs.ozone.TestOzoneFileSystem.testRecursiveDelete(TestOzoneFileSystem.java:459)
	at sun.reflect.NativeMethodAccessorImpl.invoke0(Native Method)
	at sun.reflect.NativeMethodAccessorImpl.invoke(NativeMethodAccessorImpl.java:62)
	at sun.reflect.DelegatingMethodAccessorImpl.invoke(DelegatingMethodAccessorImpl.java:43)
	at java.lang.reflect.Method.invoke(Method.java:498)
	at org.junit.runners.model.FrameworkMethod$1.runReflectiveCall(FrameworkMethod.java:59)
	at org.junit.internal.runners.model.ReflectiveCallable.run(ReflectiveCallable.java:12)
	at org.junit.runners.model.FrameworkMethod.invokeExplosively(FrameworkMethod.java:56)
	at org.junit.internal.runners.statements.InvokeMethod.evaluate(InvokeMethod.java:17)
	at org.junit.internal.runners.statements.RunAfters.evaluate(RunAfters.java:27)
	at org.junit.internal.runners.statements.FailOnTimeout$CallableStatement.call(FailOnTimeout.java:288)
	at org.junit.internal.runners.statements.FailOnTimeout$CallableStatement.call(FailOnTimeout.java:282)
	at java.util.concurrent.FutureTask.run(FutureTask.java:266)
	at java.lang.Thread.run(Thread.java:750)
15:52:02.528 [IPC Server handler 8 on default port 36317] ERROR OMAudit - user=runner | ip=127.0.0.1 | op=GET_FILE_STATUS {volume=volume24312, bucket=bucket55718, key=gdir1/dir6/child, dataSize=0, replicationConfig=null} | ret=FAILURE
org.apache.hadoop.ozone.om.exceptions.OMException: Unable to get file status: volume: volume24312 bucket: bucket55718 key: gdir1/dir6/child
	at org.apache.hadoop.ozone.om.KeyManagerImpl.getOzoneFileStatus(KeyManagerImpl.java:1324) ~[ozone-manager-1.3.0-SNAPSHOT.jar:?]
	at org.apache.hadoop.ozone.om.KeyManagerImpl.getFileStatus(KeyManagerImpl.java:1254) ~[ozone-manager-1.3.0-SNAPSHOT.jar:?]
	at org.apache.hadoop.ozone.om.OzoneManager.getFileStatus(OzoneManager.java:3506) ~[ozone-manager-1.3.0-SNAPSHOT.jar:?]
	at org.apache.hadoop.ozone.protocolPB.OzoneManagerRequestHandler.getOzoneFileStatus(OzoneManagerRequestHandler.java:882) ~[ozone-manager-1.3.0-SNAPSHOT.jar:?]
	at org.apache.hadoop.ozone.protocolPB.OzoneManagerRequestHandler.handleReadRequest(OzoneManagerRequestHandler.java:228) ~[ozone-manager-1.3.0-SNAPSHOT.jar:?]
	at org.apache.hadoop.ozone.protocolPB.OzoneManagerProtocolServerSideTranslatorPB.submitReadRequestToOM(OzoneManagerProtocolServerSideTranslatorPB.java:226) ~[ozone-manager-1.3.0-SNAPSHOT.jar:?]
	at org.apache.hadoop.ozone.protocolPB.OzoneManagerProtocolServerSideTranslatorPB.processRequest(OzoneManagerProtocolServerSideTranslatorPB.java:175) ~[ozone-manager-1.3.0-SNAPSHOT.jar:?]
	at org.apache.hadoop.hdds.server.OzoneProtocolMessageDispatcher.processRequest(OzoneProtocolMessageDispatcher.java:87) [hdds-server-framework-1.3.0-SNAPSHOT.jar:?]
	at org.apache.hadoop.ozone.protocolPB.OzoneManagerProtocolServerSideTranslatorPB.submitRequest(OzoneManagerProtocolServerSideTranslatorPB.java:147) [ozone-manager-1.3.0-SNAPSHOT.jar:?]
	at org.apache.hadoop.ozone.protocol.proto.OzoneManagerProtocolProtos$OzoneManagerService$2.callBlockingMethod(OzoneManagerProtocolProtos.java) [ozone-interface-client-1.3.0-SNAPSHOT.jar:?]
	at org.apache.hadoop.ipc.ProtobufRpcEngine$Server.processCall(ProtobufRpcEngine.java:466) [hadoop-common-3.3.1.jar:?]
	at org.apache.hadoop.ipc.ProtobufRpcEngine2$Server$ProtoBufRpcInvoker.call(ProtobufRpcEngine2.java:574) [hadoop-common-3.3.1.jar:?]
	at org.apache.hadoop.ipc.ProtobufRpcEngine2$Server$ProtoBufRpcInvoker.call(ProtobufRpcEngine2.java:552) [hadoop-common-3.3.1.jar:?]
	at org.apache.hadoop.ipc.RPC$Server.call(RPC.java:1093) [hadoop-common-3.3.1.jar:?]
	at org.apache.hadoop.ipc.Server$RpcCall.run(Server.java:1035) [hadoop-common-3.3.1.jar:?]
	at org.apache.hadoop.ipc.Server$RpcCall.run(Server.java:963) [hadoop-common-3.3.1.jar:?]
	at java.security.AccessController.doPrivileged(Native Method) ~[?:1.8.0_345]
	at javax.security.auth.Subject.doAs(Subject.java:422) [?:1.8.0_345]
	at org.apache.hadoop.security.UserGroupInformation.doAs(UserGroupInformation.java:1878) [hadoop-common-3.3.1.jar:?]
	at org.apache.hadoop.ipc.Server$Handler.run(Server.java:2966) [hadoop-common-3.3.1.jar:?]
2022-09-28 15:52:02,528 [Time-limited test] WARN  ozone.BasicOzoneFileSystem (BasicOzoneFileSystem.java:getFileStatus(765)) - GetFileStatus failed for path /gdir1/dir6/child
java.io.FileNotFoundException: gdir1/dir6/child: No such file or directory!
	at org.apache.hadoop.fs.ozone.BasicOzoneClientAdapterImpl.getFileStatus(BasicOzoneClientAdapterImpl.java:369)
	at org.apache.hadoop.fs.ozone.BasicOzoneFileSystem.getFileStatus(BasicOzoneFileSystem.java:757)
	at org.apache.hadoop.fs.ozone.TestOzoneFileSystem.checkPath(TestOzoneFileSystem.java:504)
	at org.apache.hadoop.fs.ozone.TestOzoneFileSystem.testRecursiveDelete(TestOzoneFileSystem.java:460)
	at sun.reflect.NativeMethodAccessorImpl.invoke0(Native Method)
	at sun.reflect.NativeMethodAccessorImpl.invoke(NativeMethodAccessorImpl.java:62)
	at sun.reflect.DelegatingMethodAccessorImpl.invoke(DelegatingMethodAccessorImpl.java:43)
	at java.lang.reflect.Method.invoke(Method.java:498)
	at org.junit.runners.model.FrameworkMethod$1.runReflectiveCall(FrameworkMethod.java:59)
	at org.junit.internal.runners.model.ReflectiveCallable.run(ReflectiveCallable.java:12)
	at org.junit.runners.model.FrameworkMethod.invokeExplosively(FrameworkMethod.java:56)
	at org.junit.internal.runners.statements.InvokeMethod.evaluate(InvokeMethod.java:17)
	at org.junit.internal.runners.statements.RunAfters.evaluate(RunAfters.java:27)
	at org.junit.internal.runners.statements.FailOnTimeout$CallableStatement.call(FailOnTimeout.java:288)
	at org.junit.internal.runners.statements.FailOnTimeout$CallableStatement.call(FailOnTimeout.java:282)
	at java.util.concurrent.FutureTask.run(FutureTask.java:266)
	at java.lang.Thread.run(Thread.java:750)
15:52:02.529 [IPC Server handler 13 on default port 36317] ERROR OMAudit - user=runner | ip=127.0.0.1 | op=GET_FILE_STATUS {volume=volume24312, bucket=bucket55718, key=gdir1/dir7, dataSize=0, replicationConfig=null} | ret=FAILURE
org.apache.hadoop.ozone.om.exceptions.OMException: Unable to get file status: volume: volume24312 bucket: bucket55718 key: gdir1/dir7
	at org.apache.hadoop.ozone.om.KeyManagerImpl.getOzoneFileStatus(KeyManagerImpl.java:1324) ~[ozone-manager-1.3.0-SNAPSHOT.jar:?]
	at org.apache.hadoop.ozone.om.KeyManagerImpl.getFileStatus(KeyManagerImpl.java:1254) ~[ozone-manager-1.3.0-SNAPSHOT.jar:?]
	at org.apache.hadoop.ozone.om.OzoneManager.getFileStatus(OzoneManager.java:3506) ~[ozone-manager-1.3.0-SNAPSHOT.jar:?]
	at org.apache.hadoop.ozone.protocolPB.OzoneManagerRequestHandler.getOzoneFileStatus(OzoneManagerRequestHandler.java:882) ~[ozone-manager-1.3.0-SNAPSHOT.jar:?]
	at org.apache.hadoop.ozone.protocolPB.OzoneManagerRequestHandler.handleReadRequest(OzoneManagerRequestHandler.java:228) ~[ozone-manager-1.3.0-SNAPSHOT.jar:?]
	at org.apache.hadoop.ozone.protocolPB.OzoneManagerProtocolServerSideTranslatorPB.submitReadRequestToOM(OzoneManagerProtocolServerSideTranslatorPB.java:226) ~[ozone-manager-1.3.0-SNAPSHOT.jar:?]
	at org.apache.hadoop.ozone.protocolPB.OzoneManagerProtocolServerSideTranslatorPB.processRequest(OzoneManagerProtocolServerSideTranslatorPB.java:175) ~[ozone-manager-1.3.0-SNAPSHOT.jar:?]
	at org.apache.hadoop.hdds.server.OzoneProtocolMessageDispatcher.processRequest(OzoneProtocolMessageDispatcher.java:87) [hdds-server-framework-1.3.0-SNAPSHOT.jar:?]
	at org.apache.hadoop.ozone.protocolPB.OzoneManagerProtocolServerSideTranslatorPB.submitRequest(OzoneManagerProtocolServerSideTranslatorPB.java:147) [ozone-manager-1.3.0-SNAPSHOT.jar:?]
	at org.apache.hadoop.ozone.protocol.proto.OzoneManagerProtocolProtos$OzoneManagerService$2.callBlockingMethod(OzoneManagerProtocolProtos.java) [ozone-interface-client-1.3.0-SNAPSHOT.jar:?]
	at org.apache.hadoop.ipc.ProtobufRpcEngine$Server.processCall(ProtobufRpcEngine.java:466) [hadoop-common-3.3.1.jar:?]
	at org.apache.hadoop.ipc.ProtobufRpcEngine2$Server$ProtoBufRpcInvoker.call(ProtobufRpcEngine2.java:574) [hadoop-common-3.3.1.jar:?]
	at org.apache.hadoop.ipc.ProtobufRpcEngine2$Server$ProtoBufRpcInvoker.call(ProtobufRpcEngine2.java:552) [hadoop-common-3.3.1.jar:?]
	at org.apache.hadoop.ipc.RPC$Server.call(RPC.java:1093) [hadoop-common-3.3.1.jar:?]
	at org.apache.hadoop.ipc.Server$RpcCall.run(Server.java:1035) [hadoop-common-3.3.1.jar:?]
	at org.apache.hadoop.ipc.Server$RpcCall.run(Server.java:963) [hadoop-common-3.3.1.jar:?]
	at java.security.AccessController.doPrivileged(Native Method) ~[?:1.8.0_345]
	at javax.security.auth.Subject.doAs(Subject.java:422) [?:1.8.0_345]
	at org.apache.hadoop.security.UserGroupInformation.doAs(UserGroupInformation.java:1878) [hadoop-common-3.3.1.jar:?]
	at org.apache.hadoop.ipc.Server$Handler.run(Server.java:2966) [hadoop-common-3.3.1.jar:?]
2022-09-28 15:52:02,530 [Time-limited test] WARN  ozone.BasicOzoneFileSystem (BasicOzoneFileSystem.java:getFileStatus(765)) - GetFileStatus failed for path /gdir1/dir7
java.io.FileNotFoundException: gdir1/dir7: No such file or directory!
	at org.apache.hadoop.fs.ozone.BasicOzoneClientAdapterImpl.getFileStatus(BasicOzoneClientAdapterImpl.java:369)
	at org.apache.hadoop.fs.ozone.BasicOzoneFileSystem.getFileStatus(BasicOzoneFileSystem.java:757)
	at org.apache.hadoop.fs.ozone.TestOzoneFileSystem.checkPath(TestOzoneFileSystem.java:504)
	at org.apache.hadoop.fs.ozone.TestOzoneFileSystem.testRecursiveDelete(TestOzoneFileSystem.java:459)
	at sun.reflect.NativeMethodAccessorImpl.invoke0(Native Method)
	at sun.reflect.NativeMethodAccessorImpl.invoke(NativeMethodAccessorImpl.java:62)
	at sun.reflect.DelegatingMethodAccessorImpl.invoke(DelegatingMethodAccessorImpl.java:43)
	at java.lang.reflect.Method.invoke(Method.java:498)
	at org.junit.runners.model.FrameworkMethod$1.runReflectiveCall(FrameworkMethod.java:59)
	at org.junit.internal.runners.model.ReflectiveCallable.run(ReflectiveCallable.java:12)
	at org.junit.runners.model.FrameworkMethod.invokeExplosively(FrameworkMethod.java:56)
	at org.junit.internal.runners.statements.InvokeMethod.evaluate(InvokeMethod.java:17)
	at org.junit.internal.runners.statements.RunAfters.evaluate(RunAfters.java:27)
	at org.junit.internal.runners.statements.FailOnTimeout$CallableStatement.call(FailOnTimeout.java:288)
	at org.junit.internal.runners.statements.FailOnTimeout$CallableStatement.call(FailOnTimeout.java:282)
	at java.util.concurrent.FutureTask.run(FutureTask.java:266)
	at java.lang.Thread.run(Thread.java:750)
15:52:02.531 [IPC Server handler 15 on default port 36317] ERROR OMAudit - user=runner | ip=127.0.0.1 | op=GET_FILE_STATUS {volume=volume24312, bucket=bucket55718, key=gdir1/dir7/child, dataSize=0, replicationConfig=null} | ret=FAILURE
org.apache.hadoop.ozone.om.exceptions.OMException: Unable to get file status: volume: volume24312 bucket: bucket55718 key: gdir1/dir7/child
	at org.apache.hadoop.ozone.om.KeyManagerImpl.getOzoneFileStatus(KeyManagerImpl.java:1324) ~[ozone-manager-1.3.0-SNAPSHOT.jar:?]
	at org.apache.hadoop.ozone.om.KeyManagerImpl.getFileStatus(KeyManagerImpl.java:1254) ~[ozone-manager-1.3.0-SNAPSHOT.jar:?]
	at org.apache.hadoop.ozone.om.OzoneManager.getFileStatus(OzoneManager.java:3506) ~[ozone-manager-1.3.0-SNAPSHOT.jar:?]
	at org.apache.hadoop.ozone.protocolPB.OzoneManagerRequestHandler.getOzoneFileStatus(OzoneManagerRequestHandler.java:882) ~[ozone-manager-1.3.0-SNAPSHOT.jar:?]
	at org.apache.hadoop.ozone.protocolPB.OzoneManagerRequestHandler.handleReadRequest(OzoneManagerRequestHandler.java:228) ~[ozone-manager-1.3.0-SNAPSHOT.jar:?]
	at org.apache.hadoop.ozone.protocolPB.OzoneManagerProtocolServerSideTranslatorPB.submitReadRequestToOM(OzoneManagerProtocolServerSideTranslatorPB.java:226) ~[ozone-manager-1.3.0-SNAPSHOT.jar:?]
	at org.apache.hadoop.ozone.protocolPB.OzoneManagerProtocolServerSideTranslatorPB.processRequest(OzoneManagerProtocolServerSideTranslatorPB.java:175) ~[ozone-manager-1.3.0-SNAPSHOT.jar:?]
	at org.apache.hadoop.hdds.server.OzoneProtocolMessageDispatcher.processRequest(OzoneProtocolMessageDispatcher.java:87) [hdds-server-framework-1.3.0-SNAPSHOT.jar:?]
	at org.apache.hadoop.ozone.protocolPB.OzoneManagerProtocolServerSideTranslatorPB.submitRequest(OzoneManagerProtocolServerSideTranslatorPB.java:147) [ozone-manager-1.3.0-SNAPSHOT.jar:?]
	at org.apache.hadoop.ozone.protocol.proto.OzoneManagerProtocolProtos$OzoneManagerService$2.callBlockingMethod(OzoneManagerProtocolProtos.java) [ozone-interface-client-1.3.0-SNAPSHOT.jar:?]
	at org.apache.hadoop.ipc.ProtobufRpcEngine$Server.processCall(ProtobufRpcEngine.java:466) [hadoop-common-3.3.1.jar:?]
	at org.apache.hadoop.ipc.ProtobufRpcEngine2$Server$ProtoBufRpcInvoker.call(ProtobufRpcEngine2.java:574) [hadoop-common-3.3.1.jar:?]
	at org.apache.hadoop.ipc.ProtobufRpcEngine2$Server$ProtoBufRpcInvoker.call(ProtobufRpcEngine2.java:552) [hadoop-common-3.3.1.jar:?]
	at org.apache.hadoop.ipc.RPC$Server.call(RPC.java:1093) [hadoop-common-3.3.1.jar:?]
	at org.apache.hadoop.ipc.Server$RpcCall.run(Server.java:1035) [hadoop-common-3.3.1.jar:?]
	at org.apache.hadoop.ipc.Server$RpcCall.run(Server.java:963) [hadoop-common-3.3.1.jar:?]
	at java.security.AccessController.doPrivileged(Native Method) ~[?:1.8.0_345]
	at javax.security.auth.Subject.doAs(Subject.java:422) [?:1.8.0_345]
	at org.apache.hadoop.security.UserGroupInformation.doAs(UserGroupInformation.java:1878) [hadoop-common-3.3.1.jar:?]
	at org.apache.hadoop.ipc.Server$Handler.run(Server.java:2966) [hadoop-common-3.3.1.jar:?]
2022-09-28 15:52:02,532 [Time-limited test] WARN  ozone.BasicOzoneFileSystem (BasicOzoneFileSystem.java:getFileStatus(765)) - GetFileStatus failed for path /gdir1/dir7/child
java.io.FileNotFoundException: gdir1/dir7/child: No such file or directory!
	at org.apache.hadoop.fs.ozone.BasicOzoneClientAdapterImpl.getFileStatus(BasicOzoneClientAdapterImpl.java:369)
	at org.apache.hadoop.fs.ozone.BasicOzoneFileSystem.getFileStatus(BasicOzoneFileSystem.java:757)
	at org.apache.hadoop.fs.ozone.TestOzoneFileSystem.checkPath(TestOzoneFileSystem.java:504)
	at org.apache.hadoop.fs.ozone.TestOzoneFileSystem.testRecursiveDelete(TestOzoneFileSystem.java:460)
	at sun.reflect.NativeMethodAccessorImpl.invoke0(Native Method)
	at sun.reflect.NativeMethodAccessorImpl.invoke(NativeMethodAccessorImpl.java:62)
	at sun.reflect.DelegatingMethodAccessorImpl.invoke(DelegatingMethodAccessorImpl.java:43)
	at java.lang.reflect.Method.invoke(Method.java:498)
	at org.junit.runners.model.FrameworkMethod$1.runReflectiveCall(FrameworkMethod.java:59)
	at org.junit.internal.runners.model.ReflectiveCallable.run(ReflectiveCallable.java:12)
	at org.junit.runners.model.FrameworkMethod.invokeExplosively(FrameworkMethod.java:56)
	at org.junit.internal.runners.statements.InvokeMethod.evaluate(InvokeMethod.java:17)
	at org.junit.internal.runners.statements.RunAfters.evaluate(RunAfters.java:27)
	at org.junit.internal.runners.statements.FailOnTimeout$CallableStatement.call(FailOnTimeout.java:288)
	at org.junit.internal.runners.statements.FailOnTimeout$CallableStatement.call(FailOnTimeout.java:282)
	at java.util.concurrent.FutureTask.run(FutureTask.java:266)
	at java.lang.Thread.run(Thread.java:750)
15:52:02.532 [IPC Server handler 10 on default port 36317] ERROR OMAudit - user=runner | ip=127.0.0.1 | op=GET_FILE_STATUS {volume=volume24312, bucket=bucket55718, key=gdir1/dir8, dataSize=0, replicationConfig=null} | ret=FAILURE
org.apache.hadoop.ozone.om.exceptions.OMException: Unable to get file status: volume: volume24312 bucket: bucket55718 key: gdir1/dir8
	at org.apache.hadoop.ozone.om.KeyManagerImpl.getOzoneFileStatus(KeyManagerImpl.java:1324) ~[ozone-manager-1.3.0-SNAPSHOT.jar:?]
	at org.apache.hadoop.ozone.om.KeyManagerImpl.getFileStatus(KeyManagerImpl.java:1254) ~[ozone-manager-1.3.0-SNAPSHOT.jar:?]
	at org.apache.hadoop.ozone.om.OzoneManager.getFileStatus(OzoneManager.java:3506) ~[ozone-manager-1.3.0-SNAPSHOT.jar:?]
	at org.apache.hadoop.ozone.protocolPB.OzoneManagerRequestHandler.getOzoneFileStatus(OzoneManagerRequestHandler.java:882) ~[ozone-manager-1.3.0-SNAPSHOT.jar:?]
	at org.apache.hadoop.ozone.protocolPB.OzoneManagerRequestHandler.handleReadRequest(OzoneManagerRequestHandler.java:228) ~[ozone-manager-1.3.0-SNAPSHOT.jar:?]
	at org.apache.hadoop.ozone.protocolPB.OzoneManagerProtocolServerSideTranslatorPB.submitReadRequestToOM(OzoneManagerProtocolServerSideTranslatorPB.java:226) ~[ozone-manager-1.3.0-SNAPSHOT.jar:?]
	at org.apache.hadoop.ozone.protocolPB.OzoneManagerProtocolServerSideTranslatorPB.processRequest(OzoneManagerProtocolServerSideTranslatorPB.java:175) ~[ozone-manager-1.3.0-SNAPSHOT.jar:?]
	at org.apache.hadoop.hdds.server.OzoneProtocolMessageDispatcher.processRequest(OzoneProtocolMessageDispatcher.java:87) [hdds-server-framework-1.3.0-SNAPSHOT.jar:?]
	at org.apache.hadoop.ozone.protocolPB.OzoneManagerProtocolServerSideTranslatorPB.submitRequest(OzoneManagerProtocolServerSideTranslatorPB.java:147) [ozone-manager-1.3.0-SNAPSHOT.jar:?]
	at org.apache.hadoop.ozone.protocol.proto.OzoneManagerProtocolProtos$OzoneManagerService$2.callBlockingMethod(OzoneManagerProtocolProtos.java) [ozone-interface-client-1.3.0-SNAPSHOT.jar:?]
	at org.apache.hadoop.ipc.ProtobufRpcEngine$Server.processCall(ProtobufRpcEngine.java:466) [hadoop-common-3.3.1.jar:?]
	at org.apache.hadoop.ipc.ProtobufRpcEngine2$Server$ProtoBufRpcInvoker.call(ProtobufRpcEngine2.java:574) [hadoop-common-3.3.1.jar:?]
	at org.apache.hadoop.ipc.ProtobufRpcEngine2$Server$ProtoBufRpcInvoker.call(ProtobufRpcEngine2.java:552) [hadoop-common-3.3.1.jar:?]
	at org.apache.hadoop.ipc.RPC$Server.call(RPC.java:1093) [hadoop-common-3.3.1.jar:?]
	at org.apache.hadoop.ipc.Server$RpcCall.run(Server.java:1035) [hadoop-common-3.3.1.jar:?]
	at org.apache.hadoop.ipc.Server$RpcCall.run(Server.java:963) [hadoop-common-3.3.1.jar:?]
	at java.security.AccessController.doPrivileged(Native Method) ~[?:1.8.0_345]
	at javax.security.auth.Subject.doAs(Subject.java:422) [?:1.8.0_345]
	at org.apache.hadoop.security.UserGroupInformation.doAs(UserGroupInformation.java:1878) [hadoop-common-3.3.1.jar:?]
	at org.apache.hadoop.ipc.Server$Handler.run(Server.java:2966) [hadoop-common-3.3.1.jar:?]
2022-09-28 15:52:02,533 [Time-limited test] WARN  ozone.BasicOzoneFileSystem (BasicOzoneFileSystem.java:getFileStatus(765)) - GetFileStatus failed for path /gdir1/dir8
java.io.FileNotFoundException: gdir1/dir8: No such file or directory!
	at org.apache.hadoop.fs.ozone.BasicOzoneClientAdapterImpl.getFileStatus(BasicOzoneClientAdapterImpl.java:369)
	at org.apache.hadoop.fs.ozone.BasicOzoneFileSystem.getFileStatus(BasicOzoneFileSystem.java:757)
	at org.apache.hadoop.fs.ozone.TestOzoneFileSystem.checkPath(TestOzoneFileSystem.java:504)
	at org.apache.hadoop.fs.ozone.TestOzoneFileSystem.testRecursiveDelete(TestOzoneFileSystem.java:459)
	at sun.reflect.NativeMethodAccessorImpl.invoke0(Native Method)
	at sun.reflect.NativeMethodAccessorImpl.invoke(NativeMethodAccessorImpl.java:62)
	at sun.reflect.DelegatingMethodAccessorImpl.invoke(DelegatingMethodAccessorImpl.java:43)
	at java.lang.reflect.Method.invoke(Method.java:498)
	at org.junit.runners.model.FrameworkMethod$1.runReflectiveCall(FrameworkMethod.java:59)
	at org.junit.internal.runners.model.ReflectiveCallable.run(ReflectiveCallable.java:12)
	at org.junit.runners.model.FrameworkMethod.invokeExplosively(FrameworkMethod.java:56)
	at org.junit.internal.runners.statements.InvokeMethod.evaluate(InvokeMethod.java:17)
	at org.junit.internal.runners.statements.RunAfters.evaluate(RunAfters.java:27)
	at org.junit.internal.runners.statements.FailOnTimeout$CallableStatement.call(FailOnTimeout.java:288)
	at org.junit.internal.runners.statements.FailOnTimeout$CallableStatement.call(FailOnTimeout.java:282)
	at java.util.concurrent.FutureTask.run(FutureTask.java:266)
	at java.lang.Thread.run(Thread.java:750)
15:52:02.534 [IPC Server handler 14 on default port 36317] ERROR OMAudit - user=runner | ip=127.0.0.1 | op=GET_FILE_STATUS {volume=volume24312, bucket=bucket55718, key=gdir1/dir8/child, dataSize=0, replicationConfig=null} | ret=FAILURE
org.apache.hadoop.ozone.om.exceptions.OMException: Unable to get file status: volume: volume24312 bucket: bucket55718 key: gdir1/dir8/child
	at org.apache.hadoop.ozone.om.KeyManagerImpl.getOzoneFileStatus(KeyManagerImpl.java:1324) ~[ozone-manager-1.3.0-SNAPSHOT.jar:?]
	at org.apache.hadoop.ozone.om.KeyManagerImpl.getFileStatus(KeyManagerImpl.java:1254) ~[ozone-manager-1.3.0-SNAPSHOT.jar:?]
	at org.apache.hadoop.ozone.om.OzoneManager.getFileStatus(OzoneManager.java:3506) ~[ozone-manager-1.3.0-SNAPSHOT.jar:?]
	at org.apache.hadoop.ozone.protocolPB.OzoneManagerRequestHandler.getOzoneFileStatus(OzoneManagerRequestHandler.java:882) ~[ozone-manager-1.3.0-SNAPSHOT.jar:?]
	at org.apache.hadoop.ozone.protocolPB.OzoneManagerRequestHandler.handleReadRequest(OzoneManagerRequestHandler.java:228) ~[ozone-manager-1.3.0-SNAPSHOT.jar:?]
	at org.apache.hadoop.ozone.protocolPB.OzoneManagerProtocolServerSideTranslatorPB.submitReadRequestToOM(OzoneManagerProtocolServerSideTranslatorPB.java:226) ~[ozone-manager-1.3.0-SNAPSHOT.jar:?]
	at org.apache.hadoop.ozone.protocolPB.OzoneManagerProtocolServerSideTranslatorPB.processRequest(OzoneManagerProtocolServerSideTranslatorPB.java:175) ~[ozone-manager-1.3.0-SNAPSHOT.jar:?]
	at org.apache.hadoop.hdds.server.OzoneProtocolMessageDispatcher.processRequest(OzoneProtocolMessageDispatcher.java:87) [hdds-server-framework-1.3.0-SNAPSHOT.jar:?]
	at org.apache.hadoop.ozone.protocolPB.OzoneManagerProtocolServerSideTranslatorPB.submitRequest(OzoneManagerProtocolServerSideTranslatorPB.java:147) [ozone-manager-1.3.0-SNAPSHOT.jar:?]
	at org.apache.hadoop.ozone.protocol.proto.OzoneManagerProtocolProtos$OzoneManagerService$2.callBlockingMethod(OzoneManagerProtocolProtos.java) [ozone-interface-client-1.3.0-SNAPSHOT.jar:?]
	at org.apache.hadoop.ipc.ProtobufRpcEngine$Server.processCall(ProtobufRpcEngine.java:466) [hadoop-common-3.3.1.jar:?]
	at org.apache.hadoop.ipc.ProtobufRpcEngine2$Server$ProtoBufRpcInvoker.call(ProtobufRpcEngine2.java:574) [hadoop-common-3.3.1.jar:?]
	at org.apache.hadoop.ipc.ProtobufRpcEngine2$Server$ProtoBufRpcInvoker.call(ProtobufRpcEngine2.java:552) [hadoop-common-3.3.1.jar:?]
	at org.apache.hadoop.ipc.RPC$Server.call(RPC.java:1093) [hadoop-common-3.3.1.jar:?]
	at org.apache.hadoop.ipc.Server$RpcCall.run(Server.java:1035) [hadoop-common-3.3.1.jar:?]
	at org.apache.hadoop.ipc.Server$RpcCall.run(Server.java:963) [hadoop-common-3.3.1.jar:?]
	at java.security.AccessController.doPrivileged(Native Method) ~[?:1.8.0_345]
	at javax.security.auth.Subject.doAs(Subject.java:422) [?:1.8.0_345]
	at org.apache.hadoop.security.UserGroupInformation.doAs(UserGroupInformation.java:1878) [hadoop-common-3.3.1.jar:?]
	at org.apache.hadoop.ipc.Server$Handler.run(Server.java:2966) [hadoop-common-3.3.1.jar:?]
2022-09-28 15:52:02,534 [Time-limited test] WARN  ozone.BasicOzoneFileSystem (BasicOzoneFileSystem.java:getFileStatus(765)) - GetFileStatus failed for path /gdir1/dir8/child
java.io.FileNotFoundException: gdir1/dir8/child: No such file or directory!
	at org.apache.hadoop.fs.ozone.BasicOzoneClientAdapterImpl.getFileStatus(BasicOzoneClientAdapterImpl.java:369)
	at org.apache.hadoop.fs.ozone.BasicOzoneFileSystem.getFileStatus(BasicOzoneFileSystem.java:757)
	at org.apache.hadoop.fs.ozone.TestOzoneFileSystem.checkPath(TestOzoneFileSystem.java:504)
	at org.apache.hadoop.fs.ozone.TestOzoneFileSystem.testRecursiveDelete(TestOzoneFileSystem.java:460)
	at sun.reflect.NativeMethodAccessorImpl.invoke0(Native Method)
	at sun.reflect.NativeMethodAccessorImpl.invoke(NativeMethodAccessorImpl.java:62)
	at sun.reflect.DelegatingMethodAccessorImpl.invoke(DelegatingMethodAccessorImpl.java:43)
	at java.lang.reflect.Method.invoke(Method.java:498)
	at org.junit.runners.model.FrameworkMethod$1.runReflectiveCall(FrameworkMethod.java:59)
	at org.junit.internal.runners.model.ReflectiveCallable.run(ReflectiveCallable.java:12)
	at org.junit.runners.model.FrameworkMethod.invokeExplosively(FrameworkMethod.java:56)
	at org.junit.internal.runners.statements.InvokeMethod.evaluate(InvokeMethod.java:17)
	at org.junit.internal.runners.statements.RunAfters.evaluate(RunAfters.java:27)
	at org.junit.internal.runners.statements.FailOnTimeout$CallableStatement.call(FailOnTimeout.java:288)
	at org.junit.internal.runners.statements.FailOnTimeout$CallableStatement.call(FailOnTimeout.java:282)
	at java.util.concurrent.FutureTask.run(FutureTask.java:266)
	at java.lang.Thread.run(Thread.java:750)
15:52:02.535 [IPC Server handler 11 on default port 36317] ERROR OMAudit - user=runner | ip=127.0.0.1 | op=GET_FILE_STATUS {volume=volume24312, bucket=bucket55718, key=gdir1/dir9, dataSize=0, replicationConfig=null} | ret=FAILURE
org.apache.hadoop.ozone.om.exceptions.OMException: Unable to get file status: volume: volume24312 bucket: bucket55718 key: gdir1/dir9
	at org.apache.hadoop.ozone.om.KeyManagerImpl.getOzoneFileStatus(KeyManagerImpl.java:1324) ~[ozone-manager-1.3.0-SNAPSHOT.jar:?]
	at org.apache.hadoop.ozone.om.KeyManagerImpl.getFileStatus(KeyManagerImpl.java:1254) ~[ozone-manager-1.3.0-SNAPSHOT.jar:?]
	at org.apache.hadoop.ozone.om.OzoneManager.getFileStatus(OzoneManager.java:3506) ~[ozone-manager-1.3.0-SNAPSHOT.jar:?]
	at org.apache.hadoop.ozone.protocolPB.OzoneManagerRequestHandler.getOzoneFileStatus(OzoneManagerRequestHandler.java:882) ~[ozone-manager-1.3.0-SNAPSHOT.jar:?]
	at org.apache.hadoop.ozone.protocolPB.OzoneManagerRequestHandler.handleReadRequest(OzoneManagerRequestHandler.java:228) ~[ozone-manager-1.3.0-SNAPSHOT.jar:?]
	at org.apache.hadoop.ozone.protocolPB.OzoneManagerProtocolServerSideTranslatorPB.submitReadRequestToOM(OzoneManagerProtocolServerSideTranslatorPB.java:226) ~[ozone-manager-1.3.0-SNAPSHOT.jar:?]
	at org.apache.hadoop.ozone.protocolPB.OzoneManagerProtocolServerSideTranslatorPB.processRequest(OzoneManagerProtocolServerSideTranslatorPB.java:175) ~[ozone-manager-1.3.0-SNAPSHOT.jar:?]
	at org.apache.hadoop.hdds.server.OzoneProtocolMessageDispatcher.processRequest(OzoneProtocolMessageDispatcher.java:87) [hdds-server-framework-1.3.0-SNAPSHOT.jar:?]
	at org.apache.hadoop.ozone.protocolPB.OzoneManagerProtocolServerSideTranslatorPB.submitRequest(OzoneManagerProtocolServerSideTranslatorPB.java:147) [ozone-manager-1.3.0-SNAPSHOT.jar:?]
	at org.apache.hadoop.ozone.protocol.proto.OzoneManagerProtocolProtos$OzoneManagerService$2.callBlockingMethod(OzoneManagerProtocolProtos.java) [ozone-interface-client-1.3.0-SNAPSHOT.jar:?]
	at org.apache.hadoop.ipc.ProtobufRpcEngine$Server.processCall(ProtobufRpcEngine.java:466) [hadoop-common-3.3.1.jar:?]
	at org.apache.hadoop.ipc.ProtobufRpcEngine2$Server$ProtoBufRpcInvoker.call(ProtobufRpcEngine2.java:574) [hadoop-common-3.3.1.jar:?]
	at org.apache.hadoop.ipc.ProtobufRpcEngine2$Server$ProtoBufRpcInvoker.call(ProtobufRpcEngine2.java:552) [hadoop-common-3.3.1.jar:?]
	at org.apache.hadoop.ipc.RPC$Server.call(RPC.java:1093) [hadoop-common-3.3.1.jar:?]
	at org.apache.hadoop.ipc.Server$RpcCall.run(Server.java:1035) [hadoop-common-3.3.1.jar:?]
	at org.apache.hadoop.ipc.Server$RpcCall.run(Server.java:963) [hadoop-common-3.3.1.jar:?]
	at java.security.AccessController.doPrivileged(Native Method) ~[?:1.8.0_345]
	at javax.security.auth.Subject.doAs(Subject.java:422) [?:1.8.0_345]
	at org.apache.hadoop.security.UserGroupInformation.doAs(UserGroupInformation.java:1878) [hadoop-common-3.3.1.jar:?]
	at org.apache.hadoop.ipc.Server$Handler.run(Server.java:2966) [hadoop-common-3.3.1.jar:?]
2022-09-28 15:52:02,539 [Time-limited test] WARN  ozone.BasicOzoneFileSystem (BasicOzoneFileSystem.java:getFileStatus(765)) - GetFileStatus failed for path /gdir1/dir9
java.io.FileNotFoundException: gdir1/dir9: No such file or directory!
	at org.apache.hadoop.fs.ozone.BasicOzoneClientAdapterImpl.getFileStatus(BasicOzoneClientAdapterImpl.java:369)
	at org.apache.hadoop.fs.ozone.BasicOzoneFileSystem.getFileStatus(BasicOzoneFileSystem.java:757)
	at org.apache.hadoop.fs.ozone.TestOzoneFileSystem.checkPath(TestOzoneFileSystem.java:504)
	at org.apache.hadoop.fs.ozone.TestOzoneFileSystem.testRecursiveDelete(TestOzoneFileSystem.java:459)
	at sun.reflect.NativeMethodAccessorImpl.invoke0(Native Method)
	at sun.reflect.NativeMethodAccessorImpl.invoke(NativeMethodAccessorImpl.java:62)
	at sun.reflect.DelegatingMethodAccessorImpl.invoke(DelegatingMethodAccessorImpl.java:43)
	at java.lang.reflect.Method.invoke(Method.java:498)
	at org.junit.runners.model.FrameworkMethod$1.runReflectiveCall(FrameworkMethod.java:59)
	at org.junit.internal.runners.model.ReflectiveCallable.run(ReflectiveCallable.java:12)
	at org.junit.runners.model.FrameworkMethod.invokeExplosively(FrameworkMethod.java:56)
	at org.junit.internal.runners.statements.InvokeMethod.evaluate(InvokeMethod.java:17)
	at org.junit.internal.runners.statements.RunAfters.evaluate(RunAfters.java:27)
	at org.junit.internal.runners.statements.FailOnTimeout$CallableStatement.call(FailOnTimeout.java:288)
	at org.junit.internal.runners.statements.FailOnTimeout$CallableStatement.call(FailOnTimeout.java:282)
	at java.util.concurrent.FutureTask.run(FutureTask.java:266)
	at java.lang.Thread.run(Thread.java:750)
15:52:02.540 [IPC Server handler 9 on default port 36317] ERROR OMAudit - user=runner | ip=127.0.0.1 | op=GET_FILE_STATUS {volume=volume24312, bucket=bucket55718, key=gdir1/dir9/child, dataSize=0, replicationConfig=null} | ret=FAILURE
org.apache.hadoop.ozone.om.exceptions.OMException: Unable to get file status: volume: volume24312 bucket: bucket55718 key: gdir1/dir9/child
	at org.apache.hadoop.ozone.om.KeyManagerImpl.getOzoneFileStatus(KeyManagerImpl.java:1324) ~[ozone-manager-1.3.0-SNAPSHOT.jar:?]
	at org.apache.hadoop.ozone.om.KeyManagerImpl.getFileStatus(KeyManagerImpl.java:1254) ~[ozone-manager-1.3.0-SNAPSHOT.jar:?]
	at org.apache.hadoop.ozone.om.OzoneManager.getFileStatus(OzoneManager.java:3506) ~[ozone-manager-1.3.0-SNAPSHOT.jar:?]
	at org.apache.hadoop.ozone.protocolPB.OzoneManagerRequestHandler.getOzoneFileStatus(OzoneManagerRequestHandler.java:882) ~[ozone-manager-1.3.0-SNAPSHOT.jar:?]
	at org.apache.hadoop.ozone.protocolPB.OzoneManagerRequestHandler.handleReadRequest(OzoneManagerRequestHandler.java:228) ~[ozone-manager-1.3.0-SNAPSHOT.jar:?]
	at org.apache.hadoop.ozone.protocolPB.OzoneManagerProtocolServerSideTranslatorPB.submitReadRequestToOM(OzoneManagerProtocolServerSideTranslatorPB.java:226) ~[ozone-manager-1.3.0-SNAPSHOT.jar:?]
	at org.apache.hadoop.ozone.protocolPB.OzoneManagerProtocolServerSideTranslatorPB.processRequest(OzoneManagerProtocolServerSideTranslatorPB.java:175) ~[ozone-manager-1.3.0-SNAPSHOT.jar:?]
	at org.apache.hadoop.hdds.server.OzoneProtocolMessageDispatcher.processRequest(OzoneProtocolMessageDispatcher.java:87) [hdds-server-framework-1.3.0-SNAPSHOT.jar:?]
	at org.apache.hadoop.ozone.protocolPB.OzoneManagerProtocolServerSideTranslatorPB.submitRequest(OzoneManagerProtocolServerSideTranslatorPB.java:147) [ozone-manager-1.3.0-SNAPSHOT.jar:?]
	at org.apache.hadoop.ozone.protocol.proto.OzoneManagerProtocolProtos$OzoneManagerService$2.callBlockingMethod(OzoneManagerProtocolProtos.java) [ozone-interface-client-1.3.0-SNAPSHOT.jar:?]
	at org.apache.hadoop.ipc.ProtobufRpcEngine$Server.processCall(ProtobufRpcEngine.java:466) [hadoop-common-3.3.1.jar:?]
	at org.apache.hadoop.ipc.ProtobufRpcEngine2$Server$ProtoBufRpcInvoker.call(ProtobufRpcEngine2.java:574) [hadoop-common-3.3.1.jar:?]
	at org.apache.hadoop.ipc.ProtobufRpcEngine2$Server$ProtoBufRpcInvoker.call(ProtobufRpcEngine2.java:552) [hadoop-common-3.3.1.jar:?]
	at org.apache.hadoop.ipc.RPC$Server.call(RPC.java:1093) [hadoop-common-3.3.1.jar:?]
	at org.apache.hadoop.ipc.Server$RpcCall.run(Server.java:1035) [hadoop-common-3.3.1.jar:?]
	at org.apache.hadoop.ipc.Server$RpcCall.run(Server.java:963) [hadoop-common-3.3.1.jar:?]
	at java.security.AccessController.doPrivileged(Native Method) ~[?:1.8.0_345]
	at javax.security.auth.Subject.doAs(Subject.java:422) [?:1.8.0_345]
	at org.apache.hadoop.security.UserGroupInformation.doAs(UserGroupInformation.java:1878) [hadoop-common-3.3.1.jar:?]
	at org.apache.hadoop.ipc.Server$Handler.run(Server.java:2966) [hadoop-common-3.3.1.jar:?]
2022-09-28 15:52:02,540 [Time-limited test] WARN  ozone.BasicOzoneFileSystem (BasicOzoneFileSystem.java:getFileStatus(765)) - GetFileStatus failed for path /gdir1/dir9/child
java.io.FileNotFoundException: gdir1/dir9/child: No such file or directory!
	at org.apache.hadoop.fs.ozone.BasicOzoneClientAdapterImpl.getFileStatus(BasicOzoneClientAdapterImpl.java:369)
	at org.apache.hadoop.fs.ozone.BasicOzoneFileSystem.getFileStatus(BasicOzoneFileSystem.java:757)
	at org.apache.hadoop.fs.ozone.TestOzoneFileSystem.checkPath(TestOzoneFileSystem.java:504)
	at org.apache.hadoop.fs.ozone.TestOzoneFileSystem.testRecursiveDelete(TestOzoneFileSystem.java:460)
	at sun.reflect.NativeMethodAccessorImpl.invoke0(Native Method)
	at sun.reflect.NativeMethodAccessorImpl.invoke(NativeMethodAccessorImpl.java:62)
	at sun.reflect.DelegatingMethodAccessorImpl.invoke(DelegatingMethodAccessorImpl.java:43)
	at java.lang.reflect.Method.invoke(Method.java:498)
	at org.junit.runners.model.FrameworkMethod$1.runReflectiveCall(FrameworkMethod.java:59)
	at org.junit.internal.runners.model.ReflectiveCallable.run(ReflectiveCallable.java:12)
	at org.junit.runners.model.FrameworkMethod.invokeExplosively(FrameworkMethod.java:56)
	at org.junit.internal.runners.statements.InvokeMethod.evaluate(InvokeMethod.java:17)
	at org.junit.internal.runners.statements.RunAfters.evaluate(RunAfters.java:27)
	at org.junit.internal.runners.statements.FailOnTimeout$CallableStatement.call(FailOnTimeout.java:288)
	at org.junit.internal.runners.statements.FailOnTimeout$CallableStatement.call(FailOnTimeout.java:282)
	at java.util.concurrent.FutureTask.run(FutureTask.java:266)
	at java.lang.Thread.run(Thread.java:750)
15:52:02.541 [IPC Server handler 12 on default port 36317] ERROR OMAudit - user=runner | ip=127.0.0.1 | op=GET_FILE_STATUS {volume=volume24312, bucket=bucket55718, key=gdir1/dir10, dataSize=0, replicationConfig=null} | ret=FAILURE
org.apache.hadoop.ozone.om.exceptions.OMException: Unable to get file status: volume: volume24312 bucket: bucket55718 key: gdir1/dir10
	at org.apache.hadoop.ozone.om.KeyManagerImpl.getOzoneFileStatus(KeyManagerImpl.java:1324) ~[ozone-manager-1.3.0-SNAPSHOT.jar:?]
	at org.apache.hadoop.ozone.om.KeyManagerImpl.getFileStatus(KeyManagerImpl.java:1254) ~[ozone-manager-1.3.0-SNAPSHOT.jar:?]
	at org.apache.hadoop.ozone.om.OzoneManager.getFileStatus(OzoneManager.java:3506) ~[ozone-manager-1.3.0-SNAPSHOT.jar:?]
	at org.apache.hadoop.ozone.protocolPB.OzoneManagerRequestHandler.getOzoneFileStatus(OzoneManagerRequestHandler.java:882) ~[ozone-manager-1.3.0-SNAPSHOT.jar:?]
	at org.apache.hadoop.ozone.protocolPB.OzoneManagerRequestHandler.handleReadRequest(OzoneManagerRequestHandler.java:228) ~[ozone-manager-1.3.0-SNAPSHOT.jar:?]
	at org.apache.hadoop.ozone.protocolPB.OzoneManagerProtocolServerSideTranslatorPB.submitReadRequestToOM(OzoneManagerProtocolServerSideTranslatorPB.java:226) ~[ozone-manager-1.3.0-SNAPSHOT.jar:?]
	at org.apache.hadoop.ozone.protocolPB.OzoneManagerProtocolServerSideTranslatorPB.processRequest(OzoneManagerProtocolServerSideTranslatorPB.java:175) ~[ozone-manager-1.3.0-SNAPSHOT.jar:?]
	at org.apache.hadoop.hdds.server.OzoneProtocolMessageDispatcher.processRequest(OzoneProtocolMessageDispatcher.java:87) [hdds-server-framework-1.3.0-SNAPSHOT.jar:?]
	at org.apache.hadoop.ozone.protocolPB.OzoneManagerProtocolServerSideTranslatorPB.submitRequest(OzoneManagerProtocolServerSideTranslatorPB.java:147) [ozone-manager-1.3.0-SNAPSHOT.jar:?]
	at org.apache.hadoop.ozone.protocol.proto.OzoneManagerProtocolProtos$OzoneManagerService$2.callBlockingMethod(OzoneManagerProtocolProtos.java) [ozone-interface-client-1.3.0-SNAPSHOT.jar:?]
	at org.apache.hadoop.ipc.ProtobufRpcEngine$Server.processCall(ProtobufRpcEngine.java:466) [hadoop-common-3.3.1.jar:?]
	at org.apache.hadoop.ipc.ProtobufRpcEngine2$Server$ProtoBufRpcInvoker.call(ProtobufRpcEngine2.java:574) [hadoop-common-3.3.1.jar:?]
	at org.apache.hadoop.ipc.ProtobufRpcEngine2$Server$ProtoBufRpcInvoker.call(ProtobufRpcEngine2.java:552) [hadoop-common-3.3.1.jar:?]
	at org.apache.hadoop.ipc.RPC$Server.call(RPC.java:1093) [hadoop-common-3.3.1.jar:?]
	at org.apache.hadoop.ipc.Server$RpcCall.run(Server.java:1035) [hadoop-common-3.3.1.jar:?]
	at org.apache.hadoop.ipc.Server$RpcCall.run(Server.java:963) [hadoop-common-3.3.1.jar:?]
	at java.security.AccessController.doPrivileged(Native Method) ~[?:1.8.0_345]
	at javax.security.auth.Subject.doAs(Subject.java:422) [?:1.8.0_345]
	at org.apache.hadoop.security.UserGroupInformation.doAs(UserGroupInformation.java:1878) [hadoop-common-3.3.1.jar:?]
	at org.apache.hadoop.ipc.Server$Handler.run(Server.java:2966) [hadoop-common-3.3.1.jar:?]
2022-09-28 15:52:02,542 [Time-limited test] WARN  ozone.BasicOzoneFileSystem (BasicOzoneFileSystem.java:getFileStatus(765)) - GetFileStatus failed for path /gdir1/dir10
java.io.FileNotFoundException: gdir1/dir10: No such file or directory!
	at org.apache.hadoop.fs.ozone.BasicOzoneClientAdapterImpl.getFileStatus(BasicOzoneClientAdapterImpl.java:369)
	at org.apache.hadoop.fs.ozone.BasicOzoneFileSystem.getFileStatus(BasicOzoneFileSystem.java:757)
	at org.apache.hadoop.fs.ozone.TestOzoneFileSystem.checkPath(TestOzoneFileSystem.java:504)
	at org.apache.hadoop.fs.ozone.TestOzoneFileSystem.testRecursiveDelete(TestOzoneFileSystem.java:459)
	at sun.reflect.NativeMethodAccessorImpl.invoke0(Native Method)
	at sun.reflect.NativeMethodAccessorImpl.invoke(NativeMethodAccessorImpl.java:62)
	at sun.reflect.DelegatingMethodAccessorImpl.invoke(DelegatingMethodAccessorImpl.java:43)
	at java.lang.reflect.Method.invoke(Method.java:498)
	at org.junit.runners.model.FrameworkMethod$1.runReflectiveCall(FrameworkMethod.java:59)
	at org.junit.internal.runners.model.ReflectiveCallable.run(ReflectiveCallable.java:12)
	at org.junit.runners.model.FrameworkMethod.invokeExplosively(FrameworkMethod.java:56)
	at org.junit.internal.runners.statements.InvokeMethod.evaluate(InvokeMethod.java:17)
	at org.junit.internal.runners.statements.RunAfters.evaluate(RunAfters.java:27)
	at org.junit.internal.runners.statements.FailOnTimeout$CallableStatement.call(FailOnTimeout.java:288)
	at org.junit.internal.runners.statements.FailOnTimeout$CallableStatement.call(FailOnTimeout.java:282)
	at java.util.concurrent.FutureTask.run(FutureTask.java:266)
	at java.lang.Thread.run(Thread.java:750)
15:52:02.543 [IPC Server handler 6 on default port 36317] ERROR OMAudit - user=runner | ip=127.0.0.1 | op=GET_FILE_STATUS {volume=volume24312, bucket=bucket55718, key=gdir1/dir10/child, dataSize=0, replicationConfig=null} | ret=FAILURE
org.apache.hadoop.ozone.om.exceptions.OMException: Unable to get file status: volume: volume24312 bucket: bucket55718 key: gdir1/dir10/child
	at org.apache.hadoop.ozone.om.KeyManagerImpl.getOzoneFileStatus(KeyManagerImpl.java:1324) ~[ozone-manager-1.3.0-SNAPSHOT.jar:?]
	at org.apache.hadoop.ozone.om.KeyManagerImpl.getFileStatus(KeyManagerImpl.java:1254) ~[ozone-manager-1.3.0-SNAPSHOT.jar:?]
	at org.apache.hadoop.ozone.om.OzoneManager.getFileStatus(OzoneManager.java:3506) ~[ozone-manager-1.3.0-SNAPSHOT.jar:?]
	at org.apache.hadoop.ozone.protocolPB.OzoneManagerRequestHandler.getOzoneFileStatus(OzoneManagerRequestHandler.java:882) ~[ozone-manager-1.3.0-SNAPSHOT.jar:?]
	at org.apache.hadoop.ozone.protocolPB.OzoneManagerRequestHandler.handleReadRequest(OzoneManagerRequestHandler.java:228) ~[ozone-manager-1.3.0-SNAPSHOT.jar:?]
	at org.apache.hadoop.ozone.protocolPB.OzoneManagerProtocolServerSideTranslatorPB.submitReadRequestToOM(OzoneManagerProtocolServerSideTranslatorPB.java:226) ~[ozone-manager-1.3.0-SNAPSHOT.jar:?]
	at org.apache.hadoop.ozone.protocolPB.OzoneManagerProtocolServerSideTranslatorPB.processRequest(OzoneManagerProtocolServerSideTranslatorPB.java:175) ~[ozone-manager-1.3.0-SNAPSHOT.jar:?]
	at org.apache.hadoop.hdds.server.OzoneProtocolMessageDispatcher.processRequest(OzoneProtocolMessageDispatcher.java:87) [hdds-server-framework-1.3.0-SNAPSHOT.jar:?]
	at org.apache.hadoop.ozone.protocolPB.OzoneManagerProtocolServerSideTranslatorPB.submitRequest(OzoneManagerProtocolServerSideTranslatorPB.java:147) [ozone-manager-1.3.0-SNAPSHOT.jar:?]
	at org.apache.hadoop.ozone.protocol.proto.OzoneManagerProtocolProtos$OzoneManagerService$2.callBlockingMethod(OzoneManagerProtocolProtos.java) [ozone-interface-client-1.3.0-SNAPSHOT.jar:?]
	at org.apache.hadoop.ipc.ProtobufRpcEngine$Server.processCall(ProtobufRpcEngine.java:466) [hadoop-common-3.3.1.jar:?]
	at org.apache.hadoop.ipc.ProtobufRpcEngine2$Server$ProtoBufRpcInvoker.call(ProtobufRpcEngine2.java:574) [hadoop-common-3.3.1.jar:?]
	at org.apache.hadoop.ipc.ProtobufRpcEngine2$Server$ProtoBufRpcInvoker.call(ProtobufRpcEngine2.java:552) [hadoop-common-3.3.1.jar:?]
	at org.apache.hadoop.ipc.RPC$Server.call(RPC.java:1093) [hadoop-common-3.3.1.jar:?]
	at org.apache.hadoop.ipc.Server$RpcCall.run(Server.java:1035) [hadoop-common-3.3.1.jar:?]
	at org.apache.hadoop.ipc.Server$RpcCall.run(Server.java:963) [hadoop-common-3.3.1.jar:?]
	at java.security.AccessController.doPrivileged(Native Method) ~[?:1.8.0_345]
	at javax.security.auth.Subject.doAs(Subject.java:422) [?:1.8.0_345]
	at org.apache.hadoop.security.UserGroupInformation.doAs(UserGroupInformation.java:1878) [hadoop-common-3.3.1.jar:?]
	at org.apache.hadoop.ipc.Server$Handler.run(Server.java:2966) [hadoop-common-3.3.1.jar:?]
2022-09-28 15:52:02,544 [Time-limited test] WARN  ozone.BasicOzoneFileSystem (BasicOzoneFileSystem.java:getFileStatus(765)) - GetFileStatus failed for path /gdir1/dir10/child
java.io.FileNotFoundException: gdir1/dir10/child: No such file or directory!
	at org.apache.hadoop.fs.ozone.BasicOzoneClientAdapterImpl.getFileStatus(BasicOzoneClientAdapterImpl.java:369)
	at org.apache.hadoop.fs.ozone.BasicOzoneFileSystem.getFileStatus(BasicOzoneFileSystem.java:757)
	at org.apache.hadoop.fs.ozone.TestOzoneFileSystem.checkPath(TestOzoneFileSystem.java:504)
	at org.apache.hadoop.fs.ozone.TestOzoneFileSystem.testRecursiveDelete(TestOzoneFileSystem.java:460)
	at sun.reflect.NativeMethodAccessorImpl.invoke0(Native Method)
	at sun.reflect.NativeMethodAccessorImpl.invoke(NativeMethodAccessorImpl.java:62)
	at sun.reflect.DelegatingMethodAccessorImpl.invoke(DelegatingMethodAccessorImpl.java:43)
	at java.lang.reflect.Method.invoke(Method.java:498)
	at org.junit.runners.model.FrameworkMethod$1.runReflectiveCall(FrameworkMethod.java:59)
	at org.junit.internal.runners.model.ReflectiveCallable.run(ReflectiveCallable.java:12)
	at org.junit.runners.model.FrameworkMethod.invokeExplosively(FrameworkMethod.java:56)
	at org.junit.internal.runners.statements.InvokeMethod.evaluate(InvokeMethod.java:17)
	at org.junit.internal.runners.statements.RunAfters.evaluate(RunAfters.java:27)
	at org.junit.internal.runners.statements.FailOnTimeout$CallableStatement.call(FailOnTimeout.java:288)
	at org.junit.internal.runners.statements.FailOnTimeout$CallableStatement.call(FailOnTimeout.java:282)
	at java.util.concurrent.FutureTask.run(FutureTask.java:266)
	at java.lang.Thread.run(Thread.java:750)
15:52:02.654 [IPC Server handler 15 on default port 36317] ERROR OMAudit - user=runner | ip=127.0.0.1 | op=GET_FILE_STATUS {volume=volume24312, bucket=bucket55718, key=level0, dataSize=0, replicationConfig=null} | ret=FAILURE
org.apache.hadoop.ozone.om.exceptions.OMException: Unable to get file status: volume: volume24312 bucket: bucket55718 key: level0
	at org.apache.hadoop.ozone.om.KeyManagerImpl.getOzoneFileStatus(KeyManagerImpl.java:1324) ~[ozone-manager-1.3.0-SNAPSHOT.jar:?]
	at org.apache.hadoop.ozone.om.KeyManagerImpl.getFileStatus(KeyManagerImpl.java:1254) ~[ozone-manager-1.3.0-SNAPSHOT.jar:?]
	at org.apache.hadoop.ozone.om.OzoneManager.getFileStatus(OzoneManager.java:3506) ~[ozone-manager-1.3.0-SNAPSHOT.jar:?]
	at org.apache.hadoop.ozone.protocolPB.OzoneManagerRequestHandler.getOzoneFileStatus(OzoneManagerRequestHandler.java:882) ~[ozone-manager-1.3.0-SNAPSHOT.jar:?]
	at org.apache.hadoop.ozone.protocolPB.OzoneManagerRequestHandler.handleReadRequest(OzoneManagerRequestHandler.java:228) ~[ozone-manager-1.3.0-SNAPSHOT.jar:?]
	at org.apache.hadoop.ozone.protocolPB.OzoneManagerProtocolServerSideTranslatorPB.submitReadRequestToOM(OzoneManagerProtocolServerSideTranslatorPB.java:226) ~[ozone-manager-1.3.0-SNAPSHOT.jar:?]
	at org.apache.hadoop.ozone.protocolPB.OzoneManagerProtocolServerSideTranslatorPB.processRequest(OzoneManagerProtocolServerSideTranslatorPB.java:175) ~[ozone-manager-1.3.0-SNAPSHOT.jar:?]
	at org.apache.hadoop.hdds.server.OzoneProtocolMessageDispatcher.processRequest(OzoneProtocolMessageDispatcher.java:87) [hdds-server-framework-1.3.0-SNAPSHOT.jar:?]
	at org.apache.hadoop.ozone.protocolPB.OzoneManagerProtocolServerSideTranslatorPB.submitRequest(OzoneManagerProtocolServerSideTranslatorPB.java:147) [ozone-manager-1.3.0-SNAPSHOT.jar:?]
	at org.apache.hadoop.ozone.protocol.proto.OzoneManagerProtocolProtos$OzoneManagerService$2.callBlockingMethod(OzoneManagerProtocolProtos.java) [ozone-interface-client-1.3.0-SNAPSHOT.jar:?]
	at org.apache.hadoop.ipc.ProtobufRpcEngine$Server.processCall(ProtobufRpcEngine.java:466) [hadoop-common-3.3.1.jar:?]
	at org.apache.hadoop.ipc.ProtobufRpcEngine2$Server$ProtoBufRpcInvoker.call(ProtobufRpcEngine2.java:574) [hadoop-common-3.3.1.jar:?]
	at org.apache.hadoop.ipc.ProtobufRpcEngine2$Server$ProtoBufRpcInvoker.call(ProtobufRpcEngine2.java:552) [hadoop-common-3.3.1.jar:?]
	at org.apache.hadoop.ipc.RPC$Server.call(RPC.java:1093) [hadoop-common-3.3.1.jar:?]
	at org.apache.hadoop.ipc.Server$RpcCall.run(Server.java:1035) [hadoop-common-3.3.1.jar:?]
	at org.apache.hadoop.ipc.Server$RpcCall.run(Server.java:963) [hadoop-common-3.3.1.jar:?]
	at java.security.AccessController.doPrivileged(Native Method) ~[?:1.8.0_345]
	at javax.security.auth.Subject.doAs(Subject.java:422) [?:1.8.0_345]
	at org.apache.hadoop.security.UserGroupInformation.doAs(UserGroupInformation.java:1878) [hadoop-common-3.3.1.jar:?]
	at org.apache.hadoop.ipc.Server$Handler.run(Server.java:2966) [hadoop-common-3.3.1.jar:?]
2022-09-28 15:52:02,654 [Time-limited test] WARN  ozone.BasicOzoneFileSystem (BasicOzoneFileSystem.java:getFileStatus(765)) - GetFileStatus failed for path /level0
java.io.FileNotFoundException: level0: No such file or directory!
	at org.apache.hadoop.fs.ozone.BasicOzoneClientAdapterImpl.getFileStatus(BasicOzoneClientAdapterImpl.java:369)
	at org.apache.hadoop.fs.ozone.BasicOzoneFileSystem.getFileStatus(BasicOzoneFileSystem.java:757)
	at org.apache.hadoop.fs.ozone.TestOzoneFileSystem.checkPath(TestOzoneFileSystem.java:504)
	at org.apache.hadoop.fs.ozone.TestOzoneFileSystem.testRecursiveDelete(TestOzoneFileSystem.java:488)
	at sun.reflect.NativeMethodAccessorImpl.invoke0(Native Method)
	at sun.reflect.NativeMethodAccessorImpl.invoke(NativeMethodAccessorImpl.java:62)
	at sun.reflect.DelegatingMethodAccessorImpl.invoke(DelegatingMethodAccessorImpl.java:43)
	at java.lang.reflect.Method.invoke(Method.java:498)
	at org.junit.runners.model.FrameworkMethod$1.runReflectiveCall(FrameworkMethod.java:59)
	at org.junit.internal.runners.model.ReflectiveCallable.run(ReflectiveCallable.java:12)
	at org.junit.runners.model.FrameworkMethod.invokeExplosively(FrameworkMethod.java:56)
	at org.junit.internal.runners.statements.InvokeMethod.evaluate(InvokeMethod.java:17)
	at org.junit.internal.runners.statements.RunAfters.evaluate(RunAfters.java:27)
	at org.junit.internal.runners.statements.FailOnTimeout$CallableStatement.call(FailOnTimeout.java:288)
	at org.junit.internal.runners.statements.FailOnTimeout$CallableStatement.call(FailOnTimeout.java:282)
	at java.util.concurrent.FutureTask.run(FutureTask.java:266)
	at java.lang.Thread.run(Thread.java:750)
15:52:02.655 [IPC Server handler 10 on default port 36317] ERROR OMAudit - user=runner | ip=127.0.0.1 | op=GET_FILE_STATUS {volume=volume24312, bucket=bucket55718, key=level0/level1, dataSize=0, replicationConfig=null} | ret=FAILURE
org.apache.hadoop.ozone.om.exceptions.OMException: Unable to get file status: volume: volume24312 bucket: bucket55718 key: level0/level1
	at org.apache.hadoop.ozone.om.KeyManagerImpl.getOzoneFileStatus(KeyManagerImpl.java:1324) ~[ozone-manager-1.3.0-SNAPSHOT.jar:?]
	at org.apache.hadoop.ozone.om.KeyManagerImpl.getFileStatus(KeyManagerImpl.java:1254) ~[ozone-manager-1.3.0-SNAPSHOT.jar:?]
	at org.apache.hadoop.ozone.om.OzoneManager.getFileStatus(OzoneManager.java:3506) ~[ozone-manager-1.3.0-SNAPSHOT.jar:?]
	at org.apache.hadoop.ozone.protocolPB.OzoneManagerRequestHandler.getOzoneFileStatus(OzoneManagerRequestHandler.java:882) ~[ozone-manager-1.3.0-SNAPSHOT.jar:?]
	at org.apache.hadoop.ozone.protocolPB.OzoneManagerRequestHandler.handleReadRequest(OzoneManagerRequestHandler.java:228) ~[ozone-manager-1.3.0-SNAPSHOT.jar:?]
	at org.apache.hadoop.ozone.protocolPB.OzoneManagerProtocolServerSideTranslatorPB.submitReadRequestToOM(OzoneManagerProtocolServerSideTranslatorPB.java:226) ~[ozone-manager-1.3.0-SNAPSHOT.jar:?]
	at org.apache.hadoop.ozone.protocolPB.OzoneManagerProtocolServerSideTranslatorPB.processRequest(OzoneManagerProtocolServerSideTranslatorPB.java:175) ~[ozone-manager-1.3.0-SNAPSHOT.jar:?]
	at org.apache.hadoop.hdds.server.OzoneProtocolMessageDispatcher.processRequest(OzoneProtocolMessageDispatcher.java:87) [hdds-server-framework-1.3.0-SNAPSHOT.jar:?]
	at org.apache.hadoop.ozone.protocolPB.OzoneManagerProtocolServerSideTranslatorPB.submitRequest(OzoneManagerProtocolServerSideTranslatorPB.java:147) [ozone-manager-1.3.0-SNAPSHOT.jar:?]
	at org.apache.hadoop.ozone.protocol.proto.OzoneManagerProtocolProtos$OzoneManagerService$2.callBlockingMethod(OzoneManagerProtocolProtos.java) [ozone-interface-client-1.3.0-SNAPSHOT.jar:?]
	at org.apache.hadoop.ipc.ProtobufRpcEngine$Server.processCall(ProtobufRpcEngine.java:466) [hadoop-common-3.3.1.jar:?]
	at org.apache.hadoop.ipc.ProtobufRpcEngine2$Server$ProtoBufRpcInvoker.call(ProtobufRpcEngine2.java:574) [hadoop-common-3.3.1.jar:?]
	at org.apache.hadoop.ipc.ProtobufRpcEngine2$Server$ProtoBufRpcInvoker.call(ProtobufRpcEngine2.java:552) [hadoop-common-3.3.1.jar:?]
	at org.apache.hadoop.ipc.RPC$Server.call(RPC.java:1093) [hadoop-common-3.3.1.jar:?]
	at org.apache.hadoop.ipc.Server$RpcCall.run(Server.java:1035) [hadoop-common-3.3.1.jar:?]
	at org.apache.hadoop.ipc.Server$RpcCall.run(Server.java:963) [hadoop-common-3.3.1.jar:?]
	at java.security.AccessController.doPrivileged(Native Method) ~[?:1.8.0_345]
	at javax.security.auth.Subject.doAs(Subject.java:422) [?:1.8.0_345]
	at org.apache.hadoop.security.UserGroupInformation.doAs(UserGroupInformation.java:1878) [hadoop-common-3.3.1.jar:?]
	at org.apache.hadoop.ipc.Server$Handler.run(Server.java:2966) [hadoop-common-3.3.1.jar:?]
2022-09-28 15:52:02,656 [Time-limited test] WARN  ozone.BasicOzoneFileSystem (BasicOzoneFileSystem.java:getFileStatus(765)) - GetFileStatus failed for path /level0/level1
java.io.FileNotFoundException: level0/level1: No such file or directory!
	at org.apache.hadoop.fs.ozone.BasicOzoneClientAdapterImpl.getFileStatus(BasicOzoneClientAdapterImpl.java:369)
	at org.apache.hadoop.fs.ozone.BasicOzoneFileSystem.getFileStatus(BasicOzoneFileSystem.java:757)
	at org.apache.hadoop.fs.ozone.TestOzoneFileSystem.checkPath(TestOzoneFileSystem.java:504)
	at org.apache.hadoop.fs.ozone.TestOzoneFileSystem.testRecursiveDelete(TestOzoneFileSystem.java:495)
	at sun.reflect.NativeMethodAccessorImpl.invoke0(Native Method)
	at sun.reflect.NativeMethodAccessorImpl.invoke(NativeMethodAccessorImpl.java:62)
	at sun.reflect.DelegatingMethodAccessorImpl.invoke(DelegatingMethodAccessorImpl.java:43)
	at java.lang.reflect.Method.invoke(Method.java:498)
	at org.junit.runners.model.FrameworkMethod$1.runReflectiveCall(FrameworkMethod.java:59)
	at org.junit.internal.runners.model.ReflectiveCallable.run(ReflectiveCallable.java:12)
	at org.junit.runners.model.FrameworkMethod.invokeExplosively(FrameworkMethod.java:56)
	at org.junit.internal.runners.statements.InvokeMethod.evaluate(InvokeMethod.java:17)
	at org.junit.internal.runners.statements.RunAfters.evaluate(RunAfters.java:27)
	at org.junit.internal.runners.statements.FailOnTimeout$CallableStatement.call(FailOnTimeout.java:288)
	at org.junit.internal.runners.statements.FailOnTimeout$CallableStatement.call(FailOnTimeout.java:282)
	at java.util.concurrent.FutureTask.run(FutureTask.java:266)
	at java.lang.Thread.run(Thread.java:750)
15:52:02.657 [IPC Server handler 14 on default port 36317] ERROR OMAudit - user=runner | ip=127.0.0.1 | op=GET_FILE_STATUS {volume=volume24312, bucket=bucket55718, key=level0/level1/level1, dataSize=0, replicationConfig=null} | ret=FAILURE
org.apache.hadoop.ozone.om.exceptions.OMException: Unable to get file status: volume: volume24312 bucket: bucket55718 key: level0/level1/level1
	at org.apache.hadoop.ozone.om.KeyManagerImpl.getOzoneFileStatus(KeyManagerImpl.java:1324) ~[ozone-manager-1.3.0-SNAPSHOT.jar:?]
	at org.apache.hadoop.ozone.om.KeyManagerImpl.getFileStatus(KeyManagerImpl.java:1254) ~[ozone-manager-1.3.0-SNAPSHOT.jar:?]
	at org.apache.hadoop.ozone.om.OzoneManager.getFileStatus(OzoneManager.java:3506) ~[ozone-manager-1.3.0-SNAPSHOT.jar:?]
	at org.apache.hadoop.ozone.protocolPB.OzoneManagerRequestHandler.getOzoneFileStatus(OzoneManagerRequestHandler.java:882) ~[ozone-manager-1.3.0-SNAPSHOT.jar:?]
	at org.apache.hadoop.ozone.protocolPB.OzoneManagerRequestHandler.handleReadRequest(OzoneManagerRequestHandler.java:228) ~[ozone-manager-1.3.0-SNAPSHOT.jar:?]
	at org.apache.hadoop.ozone.protocolPB.OzoneManagerProtocolServerSideTranslatorPB.submitReadRequestToOM(OzoneManagerProtocolServerSideTranslatorPB.java:226) ~[ozone-manager-1.3.0-SNAPSHOT.jar:?]
	at org.apache.hadoop.ozone.protocolPB.OzoneManagerProtocolServerSideTranslatorPB.processRequest(OzoneManagerProtocolServerSideTranslatorPB.java:175) ~[ozone-manager-1.3.0-SNAPSHOT.jar:?]
	at org.apache.hadoop.hdds.server.OzoneProtocolMessageDispatcher.processRequest(OzoneProtocolMessageDispatcher.java:87) [hdds-server-framework-1.3.0-SNAPSHOT.jar:?]
	at org.apache.hadoop.ozone.protocolPB.OzoneManagerProtocolServerSideTranslatorPB.submitRequest(OzoneManagerProtocolServerSideTranslatorPB.java:147) [ozone-manager-1.3.0-SNAPSHOT.jar:?]
	at org.apache.hadoop.ozone.protocol.proto.OzoneManagerProtocolProtos$OzoneManagerService$2.callBlockingMethod(OzoneManagerProtocolProtos.java) [ozone-interface-client-1.3.0-SNAPSHOT.jar:?]
	at org.apache.hadoop.ipc.ProtobufRpcEngine$Server.processCall(ProtobufRpcEngine.java:466) [hadoop-common-3.3.1.jar:?]
	at org.apache.hadoop.ipc.ProtobufRpcEngine2$Server$ProtoBufRpcInvoker.call(ProtobufRpcEngine2.java:574) [hadoop-common-3.3.1.jar:?]
	at org.apache.hadoop.ipc.ProtobufRpcEngine2$Server$ProtoBufRpcInvoker.call(ProtobufRpcEngine2.java:552) [hadoop-common-3.3.1.jar:?]
	at org.apache.hadoop.ipc.RPC$Server.call(RPC.java:1093) [hadoop-common-3.3.1.jar:?]
	at org.apache.hadoop.ipc.Server$RpcCall.run(Server.java:1035) [hadoop-common-3.3.1.jar:?]
	at org.apache.hadoop.ipc.Server$RpcCall.run(Server.java:963) [hadoop-common-3.3.1.jar:?]
	at java.security.AccessController.doPrivileged(Native Method) ~[?:1.8.0_345]
	at javax.security.auth.Subject.doAs(Subject.java:422) [?:1.8.0_345]
	at org.apache.hadoop.security.UserGroupInformation.doAs(UserGroupInformation.java:1878) [hadoop-common-3.3.1.jar:?]
	at org.apache.hadoop.ipc.Server$Handler.run(Server.java:2966) [hadoop-common-3.3.1.jar:?]
2022-09-28 15:52:02,657 [Time-limited test] WARN  ozone.BasicOzoneFileSystem (BasicOzoneFileSystem.java:getFileStatus(765)) - GetFileStatus failed for path /level0/level1/level1
java.io.FileNotFoundException: level0/level1/level1: No such file or directory!
	at org.apache.hadoop.fs.ozone.BasicOzoneClientAdapterImpl.getFileStatus(BasicOzoneClientAdapterImpl.java:369)
	at org.apache.hadoop.fs.ozone.BasicOzoneFileSystem.getFileStatus(BasicOzoneFileSystem.java:757)
	at org.apache.hadoop.fs.ozone.TestOzoneFileSystem.checkPath(TestOzoneFileSystem.java:504)
	at org.apache.hadoop.fs.ozone.TestOzoneFileSystem.testRecursiveDelete(TestOzoneFileSystem.java:496)
	at sun.reflect.NativeMethodAccessorImpl.invoke0(Native Method)
	at sun.reflect.NativeMethodAccessorImpl.invoke(NativeMethodAccessorImpl.java:62)
	at sun.reflect.DelegatingMethodAccessorImpl.invoke(DelegatingMethodAccessorImpl.java:43)
	at java.lang.reflect.Method.invoke(Method.java:498)
	at org.junit.runners.model.FrameworkMethod$1.runReflectiveCall(FrameworkMethod.java:59)
	at org.junit.internal.runners.model.ReflectiveCallable.run(ReflectiveCallable.java:12)
	at org.junit.runners.model.FrameworkMethod.invokeExplosively(FrameworkMethod.java:56)
	at org.junit.internal.runners.statements.InvokeMethod.evaluate(InvokeMethod.java:17)
	at org.junit.internal.runners.statements.RunAfters.evaluate(RunAfters.java:27)
	at org.junit.internal.runners.statements.FailOnTimeout$CallableStatement.call(FailOnTimeout.java:288)
	at org.junit.internal.runners.statements.FailOnTimeout$CallableStatement.call(FailOnTimeout.java:282)
	at java.util.concurrent.FutureTask.run(FutureTask.java:266)
	at java.lang.Thread.run(Thread.java:750)
15:52:02.658 [IPC Server handler 11 on default port 36317] ERROR OMAudit - user=runner | ip=127.0.0.1 | op=GET_FILE_STATUS {volume=volume24312, bucket=bucket55718, key=level0/level1/file1, dataSize=0, replicationConfig=null} | ret=FAILURE
org.apache.hadoop.ozone.om.exceptions.OMException: Unable to get file status: volume: volume24312 bucket: bucket55718 key: level0/level1/file1
	at org.apache.hadoop.ozone.om.KeyManagerImpl.getOzoneFileStatus(KeyManagerImpl.java:1324) ~[ozone-manager-1.3.0-SNAPSHOT.jar:?]
	at org.apache.hadoop.ozone.om.KeyManagerImpl.getFileStatus(KeyManagerImpl.java:1254) ~[ozone-manager-1.3.0-SNAPSHOT.jar:?]
	at org.apache.hadoop.ozone.om.OzoneManager.getFileStatus(OzoneManager.java:3506) ~[ozone-manager-1.3.0-SNAPSHOT.jar:?]
	at org.apache.hadoop.ozone.protocolPB.OzoneManagerRequestHandler.getOzoneFileStatus(OzoneManagerRequestHandler.java:882) ~[ozone-manager-1.3.0-SNAPSHOT.jar:?]
	at org.apache.hadoop.ozone.protocolPB.OzoneManagerRequestHandler.handleReadRequest(OzoneManagerRequestHandler.java:228) ~[ozone-manager-1.3.0-SNAPSHOT.jar:?]
	at org.apache.hadoop.ozone.protocolPB.OzoneManagerProtocolServerSideTranslatorPB.submitReadRequestToOM(OzoneManagerProtocolServerSideTranslatorPB.java:226) ~[ozone-manager-1.3.0-SNAPSHOT.jar:?]
	at org.apache.hadoop.ozone.protocolPB.OzoneManagerProtocolServerSideTranslatorPB.processRequest(OzoneManagerProtocolServerSideTranslatorPB.java:175) ~[ozone-manager-1.3.0-SNAPSHOT.jar:?]
	at org.apache.hadoop.hdds.server.OzoneProtocolMessageDispatcher.processRequest(OzoneProtocolMessageDispatcher.java:87) [hdds-server-framework-1.3.0-SNAPSHOT.jar:?]
	at org.apache.hadoop.ozone.protocolPB.OzoneManagerProtocolServerSideTranslatorPB.submitRequest(OzoneManagerProtocolServerSideTranslatorPB.java:147) [ozone-manager-1.3.0-SNAPSHOT.jar:?]
	at org.apache.hadoop.ozone.protocol.proto.OzoneManagerProtocolProtos$OzoneManagerService$2.callBlockingMethod(OzoneManagerProtocolProtos.java) [ozone-interface-client-1.3.0-SNAPSHOT.jar:?]
	at org.apache.hadoop.ipc.ProtobufRpcEngine$Server.processCall(ProtobufRpcEngine.java:466) [hadoop-common-3.3.1.jar:?]
	at org.apache.hadoop.ipc.ProtobufRpcEngine2$Server$ProtoBufRpcInvoker.call(ProtobufRpcEngine2.java:574) [hadoop-common-3.3.1.jar:?]
	at org.apache.hadoop.ipc.ProtobufRpcEngine2$Server$ProtoBufRpcInvoker.call(ProtobufRpcEngine2.java:552) [hadoop-common-3.3.1.jar:?]
	at org.apache.hadoop.ipc.RPC$Server.call(RPC.java:1093) [hadoop-common-3.3.1.jar:?]
	at org.apache.hadoop.ipc.Server$RpcCall.run(Server.java:1035) [hadoop-common-3.3.1.jar:?]
	at org.apache.hadoop.ipc.Server$RpcCall.run(Server.java:963) [hadoop-common-3.3.1.jar:?]
	at java.security.AccessController.doPrivileged(Native Method) ~[?:1.8.0_345]
	at javax.security.auth.Subject.doAs(Subject.java:422) [?:1.8.0_345]
	at org.apache.hadoop.security.UserGroupInformation.doAs(UserGroupInformation.java:1878) [hadoop-common-3.3.1.jar:?]
	at org.apache.hadoop.ipc.Server$Handler.run(Server.java:2966) [hadoop-common-3.3.1.jar:?]
2022-09-28 15:52:02,659 [Time-limited test] WARN  ozone.BasicOzoneFileSystem (BasicOzoneFileSystem.java:getFileStatus(765)) - GetFileStatus failed for path /level0/level1/file1
java.io.FileNotFoundException: level0/level1/file1: No such file or directory!
	at org.apache.hadoop.fs.ozone.BasicOzoneClientAdapterImpl.getFileStatus(BasicOzoneClientAdapterImpl.java:369)
	at org.apache.hadoop.fs.ozone.BasicOzoneFileSystem.getFileStatus(BasicOzoneFileSystem.java:757)
	at org.apache.hadoop.fs.ozone.TestOzoneFileSystem.checkPath(TestOzoneFileSystem.java:504)
	at org.apache.hadoop.fs.ozone.TestOzoneFileSystem.testRecursiveDelete(TestOzoneFileSystem.java:497)
	at sun.reflect.NativeMethodAccessorImpl.invoke0(Native Method)
	at sun.reflect.NativeMethodAccessorImpl.invoke(NativeMethodAccessorImpl.java:62)
	at sun.reflect.DelegatingMethodAccessorImpl.invoke(DelegatingMethodAccessorImpl.java:43)
	at java.lang.reflect.Method.invoke(Method.java:498)
	at org.junit.runners.model.FrameworkMethod$1.runReflectiveCall(FrameworkMethod.java:59)
	at org.junit.internal.runners.model.ReflectiveCallable.run(ReflectiveCallable.java:12)
	at org.junit.runners.model.FrameworkMethod.invokeExplosively(FrameworkMethod.java:56)
	at org.junit.internal.runners.statements.InvokeMethod.evaluate(InvokeMethod.java:17)
	at org.junit.internal.runners.statements.RunAfters.evaluate(RunAfters.java:27)
	at org.junit.internal.runners.statements.FailOnTimeout$CallableStatement.call(FailOnTimeout.java:288)
	at org.junit.internal.runners.statements.FailOnTimeout$CallableStatement.call(FailOnTimeout.java:282)
	at java.util.concurrent.FutureTask.run(FutureTask.java:266)
	at java.lang.Thread.run(Thread.java:750)
15:52:02.660 [IPC Server handler 9 on default port 36317] ERROR OMAudit - user=runner | ip=127.0.0.1 | op=GET_FILE_STATUS {volume=volume24312, bucket=bucket55718, key=level0/level1/level1/file1, dataSize=0, replicationConfig=null} | ret=FAILURE
org.apache.hadoop.ozone.om.exceptions.OMException: Unable to get file status: volume: volume24312 bucket: bucket55718 key: level0/level1/level1/file1
	at org.apache.hadoop.ozone.om.KeyManagerImpl.getOzoneFileStatus(KeyManagerImpl.java:1324) ~[ozone-manager-1.3.0-SNAPSHOT.jar:?]
	at org.apache.hadoop.ozone.om.KeyManagerImpl.getFileStatus(KeyManagerImpl.java:1254) ~[ozone-manager-1.3.0-SNAPSHOT.jar:?]
	at org.apache.hadoop.ozone.om.OzoneManager.getFileStatus(OzoneManager.java:3506) ~[ozone-manager-1.3.0-SNAPSHOT.jar:?]
	at org.apache.hadoop.ozone.protocolPB.OzoneManagerRequestHandler.getOzoneFileStatus(OzoneManagerRequestHandler.java:882) ~[ozone-manager-1.3.0-SNAPSHOT.jar:?]
	at org.apache.hadoop.ozone.protocolPB.OzoneManagerRequestHandler.handleReadRequest(OzoneManagerRequestHandler.java:228) ~[ozone-manager-1.3.0-SNAPSHOT.jar:?]
	at org.apache.hadoop.ozone.protocolPB.OzoneManagerProtocolServerSideTranslatorPB.submitReadRequestToOM(OzoneManagerProtocolServerSideTranslatorPB.java:226) ~[ozone-manager-1.3.0-SNAPSHOT.jar:?]
	at org.apache.hadoop.ozone.protocolPB.OzoneManagerProtocolServerSideTranslatorPB.processRequest(OzoneManagerProtocolServerSideTranslatorPB.java:175) ~[ozone-manager-1.3.0-SNAPSHOT.jar:?]
	at org.apache.hadoop.hdds.server.OzoneProtocolMessageDispatcher.processRequest(OzoneProtocolMessageDispatcher.java:87) [hdds-server-framework-1.3.0-SNAPSHOT.jar:?]
	at org.apache.hadoop.ozone.protocolPB.OzoneManagerProtocolServerSideTranslatorPB.submitRequest(OzoneManagerProtocolServerSideTranslatorPB.java:147) [ozone-manager-1.3.0-SNAPSHOT.jar:?]
	at org.apache.hadoop.ozone.protocol.proto.OzoneManagerProtocolProtos$OzoneManagerService$2.callBlockingMethod(OzoneManagerProtocolProtos.java) [ozone-interface-client-1.3.0-SNAPSHOT.jar:?]
	at org.apache.hadoop.ipc.ProtobufRpcEngine$Server.processCall(ProtobufRpcEngine.java:466) [hadoop-common-3.3.1.jar:?]
	at org.apache.hadoop.ipc.ProtobufRpcEngine2$Server$ProtoBufRpcInvoker.call(ProtobufRpcEngine2.java:574) [hadoop-common-3.3.1.jar:?]
	at org.apache.hadoop.ipc.ProtobufRpcEngine2$Server$ProtoBufRpcInvoker.call(ProtobufRpcEngine2.java:552) [hadoop-common-3.3.1.jar:?]
	at org.apache.hadoop.ipc.RPC$Server.call(RPC.java:1093) [hadoop-common-3.3.1.jar:?]
	at org.apache.hadoop.ipc.Server$RpcCall.run(Server.java:1035) [hadoop-common-3.3.1.jar:?]
	at org.apache.hadoop.ipc.Server$RpcCall.run(Server.java:963) [hadoop-common-3.3.1.jar:?]
	at java.security.AccessController.doPrivileged(Native Method) ~[?:1.8.0_345]
	at javax.security.auth.Subject.doAs(Subject.java:422) [?:1.8.0_345]
	at org.apache.hadoop.security.UserGroupInformation.doAs(UserGroupInformation.java:1878) [hadoop-common-3.3.1.jar:?]
	at org.apache.hadoop.ipc.Server$Handler.run(Server.java:2966) [hadoop-common-3.3.1.jar:?]
2022-09-28 15:52:02,660 [Time-limited test] WARN  ozone.BasicOzoneFileSystem (BasicOzoneFileSystem.java:getFileStatus(765)) - GetFileStatus failed for path /level0/level1/level1/file1
java.io.FileNotFoundException: level0/level1/level1/file1: No such file or directory!
	at org.apache.hadoop.fs.ozone.BasicOzoneClientAdapterImpl.getFileStatus(BasicOzoneClientAdapterImpl.java:369)
	at org.apache.hadoop.fs.ozone.BasicOzoneFileSystem.getFileStatus(BasicOzoneFileSystem.java:757)
	at org.apache.hadoop.fs.ozone.TestOzoneFileSystem.checkPath(TestOzoneFileSystem.java:504)
	at org.apache.hadoop.fs.ozone.TestOzoneFileSystem.testRecursiveDelete(TestOzoneFileSystem.java:498)
	at sun.reflect.NativeMethodAccessorImpl.invoke0(Native Method)
	at sun.reflect.NativeMethodAccessorImpl.invoke(NativeMethodAccessorImpl.java:62)
	at sun.reflect.DelegatingMethodAccessorImpl.invoke(DelegatingMethodAccessorImpl.java:43)
	at java.lang.reflect.Method.invoke(Method.java:498)
	at org.junit.runners.model.FrameworkMethod$1.runReflectiveCall(FrameworkMethod.java:59)
	at org.junit.internal.runners.model.ReflectiveCallable.run(ReflectiveCallable.java:12)
	at org.junit.runners.model.FrameworkMethod.invokeExplosively(FrameworkMethod.java:56)
	at org.junit.internal.runners.statements.InvokeMethod.evaluate(InvokeMethod.java:17)
	at org.junit.internal.runners.statements.RunAfters.evaluate(RunAfters.java:27)
	at org.junit.internal.runners.statements.FailOnTimeout$CallableStatement.call(FailOnTimeout.java:288)
	at org.junit.internal.runners.statements.FailOnTimeout$CallableStatement.call(FailOnTimeout.java:282)
	at java.util.concurrent.FutureTask.run(FutureTask.java:266)
	at java.lang.Thread.run(Thread.java:750)
15:52:02.661 [IPC Server handler 12 on default port 36317] ERROR OMAudit - user=runner | ip=127.0.0.1 | op=GET_FILE_STATUS {volume=volume24312, bucket=bucket55718, key=level0/level2, dataSize=0, replicationConfig=null} | ret=FAILURE
org.apache.hadoop.ozone.om.exceptions.OMException: Unable to get file status: volume: volume24312 bucket: bucket55718 key: level0/level2
	at org.apache.hadoop.ozone.om.KeyManagerImpl.getOzoneFileStatus(KeyManagerImpl.java:1324) ~[ozone-manager-1.3.0-SNAPSHOT.jar:?]
	at org.apache.hadoop.ozone.om.KeyManagerImpl.getFileStatus(KeyManagerImpl.java:1254) ~[ozone-manager-1.3.0-SNAPSHOT.jar:?]
	at org.apache.hadoop.ozone.om.OzoneManager.getFileStatus(OzoneManager.java:3506) ~[ozone-manager-1.3.0-SNAPSHOT.jar:?]
	at org.apache.hadoop.ozone.protocolPB.OzoneManagerRequestHandler.getOzoneFileStatus(OzoneManagerRequestHandler.java:882) ~[ozone-manager-1.3.0-SNAPSHOT.jar:?]
	at org.apache.hadoop.ozone.protocolPB.OzoneManagerRequestHandler.handleReadRequest(OzoneManagerRequestHandler.java:228) ~[ozone-manager-1.3.0-SNAPSHOT.jar:?]
	at org.apache.hadoop.ozone.protocolPB.OzoneManagerProtocolServerSideTranslatorPB.submitReadRequestToOM(OzoneManagerProtocolServerSideTranslatorPB.java:226) ~[ozone-manager-1.3.0-SNAPSHOT.jar:?]
	at org.apache.hadoop.ozone.protocolPB.OzoneManagerProtocolServerSideTranslatorPB.processRequest(OzoneManagerProtocolServerSideTranslatorPB.java:175) ~[ozone-manager-1.3.0-SNAPSHOT.jar:?]
	at org.apache.hadoop.hdds.server.OzoneProtocolMessageDispatcher.processRequest(OzoneProtocolMessageDispatcher.java:87) [hdds-server-framework-1.3.0-SNAPSHOT.jar:?]
	at org.apache.hadoop.ozone.protocolPB.OzoneManagerProtocolServerSideTranslatorPB.submitRequest(OzoneManagerProtocolServerSideTranslatorPB.java:147) [ozone-manager-1.3.0-SNAPSHOT.jar:?]
	at org.apache.hadoop.ozone.protocol.proto.OzoneManagerProtocolProtos$OzoneManagerService$2.callBlockingMethod(OzoneManagerProtocolProtos.java) [ozone-interface-client-1.3.0-SNAPSHOT.jar:?]
	at org.apache.hadoop.ipc.ProtobufRpcEngine$Server.processCall(ProtobufRpcEngine.java:466) [hadoop-common-3.3.1.jar:?]
	at org.apache.hadoop.ipc.ProtobufRpcEngine2$Server$ProtoBufRpcInvoker.call(ProtobufRpcEngine2.java:574) [hadoop-common-3.3.1.jar:?]
	at org.apache.hadoop.ipc.ProtobufRpcEngine2$Server$ProtoBufRpcInvoker.call(ProtobufRpcEngine2.java:552) [hadoop-common-3.3.1.jar:?]
	at org.apache.hadoop.ipc.RPC$Server.call(RPC.java:1093) [hadoop-common-3.3.1.jar:?]
	at org.apache.hadoop.ipc.Server$RpcCall.run(Server.java:1035) [hadoop-common-3.3.1.jar:?]
	at org.apache.hadoop.ipc.Server$RpcCall.run(Server.java:963) [hadoop-common-3.3.1.jar:?]
	at java.security.AccessController.doPrivileged(Native Method) ~[?:1.8.0_345]
	at javax.security.auth.Subject.doAs(Subject.java:422) [?:1.8.0_345]
	at org.apache.hadoop.security.UserGroupInformation.doAs(UserGroupInformation.java:1878) [hadoop-common-3.3.1.jar:?]
	at org.apache.hadoop.ipc.Server$Handler.run(Server.java:2966) [hadoop-common-3.3.1.jar:?]
2022-09-28 15:52:02,662 [Time-limited test] WARN  ozone.BasicOzoneFileSystem (BasicOzoneFileSystem.java:getFileStatus(765)) - GetFileStatus failed for path /level0/level2
java.io.FileNotFoundException: level0/level2: No such file or directory!
	at org.apache.hadoop.fs.ozone.BasicOzoneClientAdapterImpl.getFileStatus(BasicOzoneClientAdapterImpl.java:369)
	at org.apache.hadoop.fs.ozone.BasicOzoneFileSystem.getFileStatus(BasicOzoneFileSystem.java:757)
	at org.apache.hadoop.fs.ozone.TestOzoneFileSystem.checkPath(TestOzoneFileSystem.java:504)
	at org.apache.hadoop.fs.ozone.TestOzoneFileSystem.testRecursiveDelete(TestOzoneFileSystem.java:495)
	at sun.reflect.NativeMethodAccessorImpl.invoke0(Native Method)
	at sun.reflect.NativeMethodAccessorImpl.invoke(NativeMethodAccessorImpl.java:62)
	at sun.reflect.DelegatingMethodAccessorImpl.invoke(DelegatingMethodAccessorImpl.java:43)
	at java.lang.reflect.Method.invoke(Method.java:498)
	at org.junit.runners.model.FrameworkMethod$1.runReflectiveCall(FrameworkMethod.java:59)
	at org.junit.internal.runners.model.ReflectiveCallable.run(ReflectiveCallable.java:12)
	at org.junit.runners.model.FrameworkMethod.invokeExplosively(FrameworkMethod.java:56)
	at org.junit.internal.runners.statements.InvokeMethod.evaluate(InvokeMethod.java:17)
	at org.junit.internal.runners.statements.RunAfters.evaluate(RunAfters.java:27)
	at org.junit.internal.runners.statements.FailOnTimeout$CallableStatement.call(FailOnTimeout.java:288)
	at org.junit.internal.runners.statements.FailOnTimeout$CallableStatement.call(FailOnTimeout.java:282)
	at java.util.concurrent.FutureTask.run(FutureTask.java:266)
	at java.lang.Thread.run(Thread.java:750)
15:52:02.662 [IPC Server handler 6 on default port 36317] ERROR OMAudit - user=runner | ip=127.0.0.1 | op=GET_FILE_STATUS {volume=volume24312, bucket=bucket55718, key=level0/level2/level2, dataSize=0, replicationConfig=null} | ret=FAILURE
org.apache.hadoop.ozone.om.exceptions.OMException: Unable to get file status: volume: volume24312 bucket: bucket55718 key: level0/level2/level2
	at org.apache.hadoop.ozone.om.KeyManagerImpl.getOzoneFileStatus(KeyManagerImpl.java:1324) ~[ozone-manager-1.3.0-SNAPSHOT.jar:?]
	at org.apache.hadoop.ozone.om.KeyManagerImpl.getFileStatus(KeyManagerImpl.java:1254) ~[ozone-manager-1.3.0-SNAPSHOT.jar:?]
	at org.apache.hadoop.ozone.om.OzoneManager.getFileStatus(OzoneManager.java:3506) ~[ozone-manager-1.3.0-SNAPSHOT.jar:?]
	at org.apache.hadoop.ozone.protocolPB.OzoneManagerRequestHandler.getOzoneFileStatus(OzoneManagerRequestHandler.java:882) ~[ozone-manager-1.3.0-SNAPSHOT.jar:?]
	at org.apache.hadoop.ozone.protocolPB.OzoneManagerRequestHandler.handleReadRequest(OzoneManagerRequestHandler.java:228) ~[ozone-manager-1.3.0-SNAPSHOT.jar:?]
	at org.apache.hadoop.ozone.protocolPB.OzoneManagerProtocolServerSideTranslatorPB.submitReadRequestToOM(OzoneManagerProtocolServerSideTranslatorPB.java:226) ~[ozone-manager-1.3.0-SNAPSHOT.jar:?]
	at org.apache.hadoop.ozone.protocolPB.OzoneManagerProtocolServerSideTranslatorPB.processRequest(OzoneManagerProtocolServerSideTranslatorPB.java:175) ~[ozone-manager-1.3.0-SNAPSHOT.jar:?]
	at org.apache.hadoop.hdds.server.OzoneProtocolMessageDispatcher.processRequest(OzoneProtocolMessageDispatcher.java:87) [hdds-server-framework-1.3.0-SNAPSHOT.jar:?]
	at org.apache.hadoop.ozone.protocolPB.OzoneManagerProtocolServerSideTranslatorPB.submitRequest(OzoneManagerProtocolServerSideTranslatorPB.java:147) [ozone-manager-1.3.0-SNAPSHOT.jar:?]
	at org.apache.hadoop.ozone.protocol.proto.OzoneManagerProtocolProtos$OzoneManagerService$2.callBlockingMethod(OzoneManagerProtocolProtos.java) [ozone-interface-client-1.3.0-SNAPSHOT.jar:?]
	at org.apache.hadoop.ipc.ProtobufRpcEngine$Server.processCall(ProtobufRpcEngine.java:466) [hadoop-common-3.3.1.jar:?]
	at org.apache.hadoop.ipc.ProtobufRpcEngine2$Server$ProtoBufRpcInvoker.call(ProtobufRpcEngine2.java:574) [hadoop-common-3.3.1.jar:?]
	at org.apache.hadoop.ipc.ProtobufRpcEngine2$Server$ProtoBufRpcInvoker.call(ProtobufRpcEngine2.java:552) [hadoop-common-3.3.1.jar:?]
	at org.apache.hadoop.ipc.RPC$Server.call(RPC.java:1093) [hadoop-common-3.3.1.jar:?]
	at org.apache.hadoop.ipc.Server$RpcCall.run(Server.java:1035) [hadoop-common-3.3.1.jar:?]
	at org.apache.hadoop.ipc.Server$RpcCall.run(Server.java:963) [hadoop-common-3.3.1.jar:?]
	at java.security.AccessController.doPrivileged(Native Method) ~[?:1.8.0_345]
	at javax.security.auth.Subject.doAs(Subject.java:422) [?:1.8.0_345]
	at org.apache.hadoop.security.UserGroupInformation.doAs(UserGroupInformation.java:1878) [hadoop-common-3.3.1.jar:?]
	at org.apache.hadoop.ipc.Server$Handler.run(Server.java:2966) [hadoop-common-3.3.1.jar:?]
2022-09-28 15:52:02,663 [Time-limited test] WARN  ozone.BasicOzoneFileSystem (BasicOzoneFileSystem.java:getFileStatus(765)) - GetFileStatus failed for path /level0/level2/level2
java.io.FileNotFoundException: level0/level2/level2: No such file or directory!
	at org.apache.hadoop.fs.ozone.BasicOzoneClientAdapterImpl.getFileStatus(BasicOzoneClientAdapterImpl.java:369)
	at org.apache.hadoop.fs.ozone.BasicOzoneFileSystem.getFileStatus(BasicOzoneFileSystem.java:757)
	at org.apache.hadoop.fs.ozone.TestOzoneFileSystem.checkPath(TestOzoneFileSystem.java:504)
	at org.apache.hadoop.fs.ozone.TestOzoneFileSystem.testRecursiveDelete(TestOzoneFileSystem.java:496)
	at sun.reflect.NativeMethodAccessorImpl.invoke0(Native Method)
	at sun.reflect.NativeMethodAccessorImpl.invoke(NativeMethodAccessorImpl.java:62)
	at sun.reflect.DelegatingMethodAccessorImpl.invoke(DelegatingMethodAccessorImpl.java:43)
	at java.lang.reflect.Method.invoke(Method.java:498)
	at org.junit.runners.model.FrameworkMethod$1.runReflectiveCall(FrameworkMethod.java:59)
	at org.junit.internal.runners.model.ReflectiveCallable.run(ReflectiveCallable.java:12)
	at org.junit.runners.model.FrameworkMethod.invokeExplosively(FrameworkMethod.java:56)
	at org.junit.internal.runners.statements.InvokeMethod.evaluate(InvokeMethod.java:17)
	at org.junit.internal.runners.statements.RunAfters.evaluate(RunAfters.java:27)
	at org.junit.internal.runners.statements.FailOnTimeout$CallableStatement.call(FailOnTimeout.java:288)
	at org.junit.internal.runners.statements.FailOnTimeout$CallableStatement.call(FailOnTimeout.java:282)
	at java.util.concurrent.FutureTask.run(FutureTask.java:266)
	at java.lang.Thread.run(Thread.java:750)
15:52:02.666 [IPC Server handler 17 on default port 36317] ERROR OMAudit - user=runner | ip=127.0.0.1 | op=GET_FILE_STATUS {volume=volume24312, bucket=bucket55718, key=level0/level2/file1, dataSize=0, replicationConfig=null} | ret=FAILURE
org.apache.hadoop.ozone.om.exceptions.OMException: Unable to get file status: volume: volume24312 bucket: bucket55718 key: level0/level2/file1
	at org.apache.hadoop.ozone.om.KeyManagerImpl.getOzoneFileStatus(KeyManagerImpl.java:1324) ~[ozone-manager-1.3.0-SNAPSHOT.jar:?]
	at org.apache.hadoop.ozone.om.KeyManagerImpl.getFileStatus(KeyManagerImpl.java:1254) ~[ozone-manager-1.3.0-SNAPSHOT.jar:?]
	at org.apache.hadoop.ozone.om.OzoneManager.getFileStatus(OzoneManager.java:3506) ~[ozone-manager-1.3.0-SNAPSHOT.jar:?]
	at org.apache.hadoop.ozone.protocolPB.OzoneManagerRequestHandler.getOzoneFileStatus(OzoneManagerRequestHandler.java:882) ~[ozone-manager-1.3.0-SNAPSHOT.jar:?]
	at org.apache.hadoop.ozone.protocolPB.OzoneManagerRequestHandler.handleReadRequest(OzoneManagerRequestHandler.java:228) ~[ozone-manager-1.3.0-SNAPSHOT.jar:?]
	at org.apache.hadoop.ozone.protocolPB.OzoneManagerProtocolServerSideTranslatorPB.submitReadRequestToOM(OzoneManagerProtocolServerSideTranslatorPB.java:226) ~[ozone-manager-1.3.0-SNAPSHOT.jar:?]
	at org.apache.hadoop.ozone.protocolPB.OzoneManagerProtocolServerSideTranslatorPB.processRequest(OzoneManagerProtocolServerSideTranslatorPB.java:175) ~[ozone-manager-1.3.0-SNAPSHOT.jar:?]
	at org.apache.hadoop.hdds.server.OzoneProtocolMessageDispatcher.processRequest(OzoneProtocolMessageDispatcher.java:87) [hdds-server-framework-1.3.0-SNAPSHOT.jar:?]
	at org.apache.hadoop.ozone.protocolPB.OzoneManagerProtocolServerSideTranslatorPB.submitRequest(OzoneManagerProtocolServerSideTranslatorPB.java:147) [ozone-manager-1.3.0-SNAPSHOT.jar:?]
	at org.apache.hadoop.ozone.protocol.proto.OzoneManagerProtocolProtos$OzoneManagerService$2.callBlockingMethod(OzoneManagerProtocolProtos.java) [ozone-interface-client-1.3.0-SNAPSHOT.jar:?]
	at org.apache.hadoop.ipc.ProtobufRpcEngine$Server.processCall(ProtobufRpcEngine.java:466) [hadoop-common-3.3.1.jar:?]
	at org.apache.hadoop.ipc.ProtobufRpcEngine2$Server$ProtoBufRpcInvoker.call(ProtobufRpcEngine2.java:574) [hadoop-common-3.3.1.jar:?]
	at org.apache.hadoop.ipc.ProtobufRpcEngine2$Server$ProtoBufRpcInvoker.call(ProtobufRpcEngine2.java:552) [hadoop-common-3.3.1.jar:?]
	at org.apache.hadoop.ipc.RPC$Server.call(RPC.java:1093) [hadoop-common-3.3.1.jar:?]
	at org.apache.hadoop.ipc.Server$RpcCall.run(Server.java:1035) [hadoop-common-3.3.1.jar:?]
	at org.apache.hadoop.ipc.Server$RpcCall.run(Server.java:963) [hadoop-common-3.3.1.jar:?]
	at java.security.AccessController.doPrivileged(Native Method) ~[?:1.8.0_345]
	at javax.security.auth.Subject.doAs(Subject.java:422) [?:1.8.0_345]
	at org.apache.hadoop.security.UserGroupInformation.doAs(UserGroupInformation.java:1878) [hadoop-common-3.3.1.jar:?]
	at org.apache.hadoop.ipc.Server$Handler.run(Server.java:2966) [hadoop-common-3.3.1.jar:?]
2022-09-28 15:52:02,668 [Time-limited test] WARN  ozone.BasicOzoneFileSystem (BasicOzoneFileSystem.java:getFileStatus(765)) - GetFileStatus failed for path /level0/level2/file1
java.io.FileNotFoundException: level0/level2/file1: No such file or directory!
	at org.apache.hadoop.fs.ozone.BasicOzoneClientAdapterImpl.getFileStatus(BasicOzoneClientAdapterImpl.java:369)
	at org.apache.hadoop.fs.ozone.BasicOzoneFileSystem.getFileStatus(BasicOzoneFileSystem.java:757)
	at org.apache.hadoop.fs.ozone.TestOzoneFileSystem.checkPath(TestOzoneFileSystem.java:504)
	at org.apache.hadoop.fs.ozone.TestOzoneFileSystem.testRecursiveDelete(TestOzoneFileSystem.java:497)
	at sun.reflect.NativeMethodAccessorImpl.invoke0(Native Method)
	at sun.reflect.NativeMethodAccessorImpl.invoke(NativeMethodAccessorImpl.java:62)
	at sun.reflect.DelegatingMethodAccessorImpl.invoke(DelegatingMethodAccessorImpl.java:43)
	at java.lang.reflect.Method.invoke(Method.java:498)
	at org.junit.runners.model.FrameworkMethod$1.runReflectiveCall(FrameworkMethod.java:59)
	at org.junit.internal.runners.model.ReflectiveCallable.run(ReflectiveCallable.java:12)
	at org.junit.runners.model.FrameworkMethod.invokeExplosively(FrameworkMethod.java:56)
	at org.junit.internal.runners.statements.InvokeMethod.evaluate(InvokeMethod.java:17)
	at org.junit.internal.runners.statements.RunAfters.evaluate(RunAfters.java:27)
	at org.junit.internal.runners.statements.FailOnTimeout$CallableStatement.call(FailOnTimeout.java:288)
	at org.junit.internal.runners.statements.FailOnTimeout$CallableStatement.call(FailOnTimeout.java:282)
	at java.util.concurrent.FutureTask.run(FutureTask.java:266)
	at java.lang.Thread.run(Thread.java:750)
15:52:02.668 [IPC Server handler 7 on default port 36317] ERROR OMAudit - user=runner | ip=127.0.0.1 | op=GET_FILE_STATUS {volume=volume24312, bucket=bucket55718, key=level0/level2/level2/file1, dataSize=0, replicationConfig=null} | ret=FAILURE
org.apache.hadoop.ozone.om.exceptions.OMException: Unable to get file status: volume: volume24312 bucket: bucket55718 key: level0/level2/level2/file1
	at org.apache.hadoop.ozone.om.KeyManagerImpl.getOzoneFileStatus(KeyManagerImpl.java:1324) ~[ozone-manager-1.3.0-SNAPSHOT.jar:?]
	at org.apache.hadoop.ozone.om.KeyManagerImpl.getFileStatus(KeyManagerImpl.java:1254) ~[ozone-manager-1.3.0-SNAPSHOT.jar:?]
	at org.apache.hadoop.ozone.om.OzoneManager.getFileStatus(OzoneManager.java:3506) ~[ozone-manager-1.3.0-SNAPSHOT.jar:?]
	at org.apache.hadoop.ozone.protocolPB.OzoneManagerRequestHandler.getOzoneFileStatus(OzoneManagerRequestHandler.java:882) ~[ozone-manager-1.3.0-SNAPSHOT.jar:?]
	at org.apache.hadoop.ozone.protocolPB.OzoneManagerRequestHandler.handleReadRequest(OzoneManagerRequestHandler.java:228) ~[ozone-manager-1.3.0-SNAPSHOT.jar:?]
	at org.apache.hadoop.ozone.protocolPB.OzoneManagerProtocolServerSideTranslatorPB.submitReadRequestToOM(OzoneManagerProtocolServerSideTranslatorPB.java:226) ~[ozone-manager-1.3.0-SNAPSHOT.jar:?]
	at org.apache.hadoop.ozone.protocolPB.OzoneManagerProtocolServerSideTranslatorPB.processRequest(OzoneManagerProtocolServerSideTranslatorPB.java:175) ~[ozone-manager-1.3.0-SNAPSHOT.jar:?]
	at org.apache.hadoop.hdds.server.OzoneProtocolMessageDispatcher.processRequest(OzoneProtocolMessageDispatcher.java:87) [hdds-server-framework-1.3.0-SNAPSHOT.jar:?]
	at org.apache.hadoop.ozone.protocolPB.OzoneManagerProtocolServerSideTranslatorPB.submitRequest(OzoneManagerProtocolServerSideTranslatorPB.java:147) [ozone-manager-1.3.0-SNAPSHOT.jar:?]
	at org.apache.hadoop.ozone.protocol.proto.OzoneManagerProtocolProtos$OzoneManagerService$2.callBlockingMethod(OzoneManagerProtocolProtos.java) [ozone-interface-client-1.3.0-SNAPSHOT.jar:?]
	at org.apache.hadoop.ipc.ProtobufRpcEngine$Server.processCall(ProtobufRpcEngine.java:466) [hadoop-common-3.3.1.jar:?]
	at org.apache.hadoop.ipc.ProtobufRpcEngine2$Server$ProtoBufRpcInvoker.call(ProtobufRpcEngine2.java:574) [hadoop-common-3.3.1.jar:?]
	at org.apache.hadoop.ipc.ProtobufRpcEngine2$Server$ProtoBufRpcInvoker.call(ProtobufRpcEngine2.java:552) [hadoop-common-3.3.1.jar:?]
	at org.apache.hadoop.ipc.RPC$Server.call(RPC.java:1093) [hadoop-common-3.3.1.jar:?]
	at org.apache.hadoop.ipc.Server$RpcCall.run(Server.java:1035) [hadoop-common-3.3.1.jar:?]
	at org.apache.hadoop.ipc.Server$RpcCall.run(Server.java:963) [hadoop-common-3.3.1.jar:?]
	at java.security.AccessController.doPrivileged(Native Method) ~[?:1.8.0_345]
	at javax.security.auth.Subject.doAs(Subject.java:422) [?:1.8.0_345]
	at org.apache.hadoop.security.UserGroupInformation.doAs(UserGroupInformation.java:1878) [hadoop-common-3.3.1.jar:?]
	at org.apache.hadoop.ipc.Server$Handler.run(Server.java:2966) [hadoop-common-3.3.1.jar:?]
2022-09-28 15:52:02,669 [Time-limited test] WARN  ozone.BasicOzoneFileSystem (BasicOzoneFileSystem.java:getFileStatus(765)) - GetFileStatus failed for path /level0/level2/level2/file1
java.io.FileNotFoundException: level0/level2/level2/file1: No such file or directory!
	at org.apache.hadoop.fs.ozone.BasicOzoneClientAdapterImpl.getFileStatus(BasicOzoneClientAdapterImpl.java:369)
	at org.apache.hadoop.fs.ozone.BasicOzoneFileSystem.getFileStatus(BasicOzoneFileSystem.java:757)
	at org.apache.hadoop.fs.ozone.TestOzoneFileSystem.checkPath(TestOzoneFileSystem.java:504)
	at org.apache.hadoop.fs.ozone.TestOzoneFileSystem.testRecursiveDelete(TestOzoneFileSystem.java:498)
	at sun.reflect.NativeMethodAccessorImpl.invoke0(Native Method)
	at sun.reflect.NativeMethodAccessorImpl.invoke(NativeMethodAccessorImpl.java:62)
	at sun.reflect.DelegatingMethodAccessorImpl.invoke(DelegatingMethodAccessorImpl.java:43)
	at java.lang.reflect.Method.invoke(Method.java:498)
	at org.junit.runners.model.FrameworkMethod$1.runReflectiveCall(FrameworkMethod.java:59)
	at org.junit.internal.runners.model.ReflectiveCallable.run(ReflectiveCallable.java:12)
	at org.junit.runners.model.FrameworkMethod.invokeExplosively(FrameworkMethod.java:56)
	at org.junit.internal.runners.statements.InvokeMethod.evaluate(InvokeMethod.java:17)
	at org.junit.internal.runners.statements.RunAfters.evaluate(RunAfters.java:27)
	at org.junit.internal.runners.statements.FailOnTimeout$CallableStatement.call(FailOnTimeout.java:288)
	at org.junit.internal.runners.statements.FailOnTimeout$CallableStatement.call(FailOnTimeout.java:282)
	at java.util.concurrent.FutureTask.run(FutureTask.java:266)
	at java.lang.Thread.run(Thread.java:750)
15:52:02.670 [IPC Server handler 1 on default port 36317] ERROR OMAudit - user=runner | ip=127.0.0.1 | op=GET_FILE_STATUS {volume=volume24312, bucket=bucket55718, key=level0/level3, dataSize=0, replicationConfig=null} | ret=FAILURE
org.apache.hadoop.ozone.om.exceptions.OMException: Unable to get file status: volume: volume24312 bucket: bucket55718 key: level0/level3
	at org.apache.hadoop.ozone.om.KeyManagerImpl.getOzoneFileStatus(KeyManagerImpl.java:1324) ~[ozone-manager-1.3.0-SNAPSHOT.jar:?]
	at org.apache.hadoop.ozone.om.KeyManagerImpl.getFileStatus(KeyManagerImpl.java:1254) ~[ozone-manager-1.3.0-SNAPSHOT.jar:?]
	at org.apache.hadoop.ozone.om.OzoneManager.getFileStatus(OzoneManager.java:3506) ~[ozone-manager-1.3.0-SNAPSHOT.jar:?]
	at org.apache.hadoop.ozone.protocolPB.OzoneManagerRequestHandler.getOzoneFileStatus(OzoneManagerRequestHandler.java:882) ~[ozone-manager-1.3.0-SNAPSHOT.jar:?]
	at org.apache.hadoop.ozone.protocolPB.OzoneManagerRequestHandler.handleReadRequest(OzoneManagerRequestHandler.java:228) ~[ozone-manager-1.3.0-SNAPSHOT.jar:?]
	at org.apache.hadoop.ozone.protocolPB.OzoneManagerProtocolServerSideTranslatorPB.submitReadRequestToOM(OzoneManagerProtocolServerSideTranslatorPB.java:226) ~[ozone-manager-1.3.0-SNAPSHOT.jar:?]
	at org.apache.hadoop.ozone.protocolPB.OzoneManagerProtocolServerSideTranslatorPB.processRequest(OzoneManagerProtocolServerSideTranslatorPB.java:175) ~[ozone-manager-1.3.0-SNAPSHOT.jar:?]
	at org.apache.hadoop.hdds.server.OzoneProtocolMessageDispatcher.processRequest(OzoneProtocolMessageDispatcher.java:87) [hdds-server-framework-1.3.0-SNAPSHOT.jar:?]
	at org.apache.hadoop.ozone.protocolPB.OzoneManagerProtocolServerSideTranslatorPB.submitRequest(OzoneManagerProtocolServerSideTranslatorPB.java:147) [ozone-manager-1.3.0-SNAPSHOT.jar:?]
	at org.apache.hadoop.ozone.protocol.proto.OzoneManagerProtocolProtos$OzoneManagerService$2.callBlockingMethod(OzoneManagerProtocolProtos.java) [ozone-interface-client-1.3.0-SNAPSHOT.jar:?]
	at org.apache.hadoop.ipc.ProtobufRpcEngine$Server.processCall(ProtobufRpcEngine.java:466) [hadoop-common-3.3.1.jar:?]
	at org.apache.hadoop.ipc.ProtobufRpcEngine2$Server$ProtoBufRpcInvoker.call(ProtobufRpcEngine2.java:574) [hadoop-common-3.3.1.jar:?]
	at org.apache.hadoop.ipc.ProtobufRpcEngine2$Server$ProtoBufRpcInvoker.call(ProtobufRpcEngine2.java:552) [hadoop-common-3.3.1.jar:?]
	at org.apache.hadoop.ipc.RPC$Server.call(RPC.java:1093) [hadoop-common-3.3.1.jar:?]
	at org.apache.hadoop.ipc.Server$RpcCall.run(Server.java:1035) [hadoop-common-3.3.1.jar:?]
	at org.apache.hadoop.ipc.Server$RpcCall.run(Server.java:963) [hadoop-common-3.3.1.jar:?]
	at java.security.AccessController.doPrivileged(Native Method) ~[?:1.8.0_345]
	at javax.security.auth.Subject.doAs(Subject.java:422) [?:1.8.0_345]
	at org.apache.hadoop.security.UserGroupInformation.doAs(UserGroupInformation.java:1878) [hadoop-common-3.3.1.jar:?]
	at org.apache.hadoop.ipc.Server$Handler.run(Server.java:2966) [hadoop-common-3.3.1.jar:?]
2022-09-28 15:52:02,672 [Time-limited test] WARN  ozone.BasicOzoneFileSystem (BasicOzoneFileSystem.java:getFileStatus(765)) - GetFileStatus failed for path /level0/level3
java.io.FileNotFoundException: level0/level3: No such file or directory!
	at org.apache.hadoop.fs.ozone.BasicOzoneClientAdapterImpl.getFileStatus(BasicOzoneClientAdapterImpl.java:369)
	at org.apache.hadoop.fs.ozone.BasicOzoneFileSystem.getFileStatus(BasicOzoneFileSystem.java:757)
	at org.apache.hadoop.fs.ozone.TestOzoneFileSystem.checkPath(TestOzoneFileSystem.java:504)
	at org.apache.hadoop.fs.ozone.TestOzoneFileSystem.testRecursiveDelete(TestOzoneFileSystem.java:495)
	at sun.reflect.NativeMethodAccessorImpl.invoke0(Native Method)
	at sun.reflect.NativeMethodAccessorImpl.invoke(NativeMethodAccessorImpl.java:62)
	at sun.reflect.DelegatingMethodAccessorImpl.invoke(DelegatingMethodAccessorImpl.java:43)
	at java.lang.reflect.Method.invoke(Method.java:498)
	at org.junit.runners.model.FrameworkMethod$1.runReflectiveCall(FrameworkMethod.java:59)
	at org.junit.internal.runners.model.ReflectiveCallable.run(ReflectiveCallable.java:12)
	at org.junit.runners.model.FrameworkMethod.invokeExplosively(FrameworkMethod.java:56)
	at org.junit.internal.runners.statements.InvokeMethod.evaluate(InvokeMethod.java:17)
	at org.junit.internal.runners.statements.RunAfters.evaluate(RunAfters.java:27)
	at org.junit.internal.runners.statements.FailOnTimeout$CallableStatement.call(FailOnTimeout.java:288)
	at org.junit.internal.runners.statements.FailOnTimeout$CallableStatement.call(FailOnTimeout.java:282)
	at java.util.concurrent.FutureTask.run(FutureTask.java:266)
	at java.lang.Thread.run(Thread.java:750)
15:52:02.672 [IPC Server handler 4 on default port 36317] ERROR OMAudit - user=runner | ip=127.0.0.1 | op=GET_FILE_STATUS {volume=volume24312, bucket=bucket55718, key=level0/level3/level3, dataSize=0, replicationConfig=null} | ret=FAILURE
org.apache.hadoop.ozone.om.exceptions.OMException: Unable to get file status: volume: volume24312 bucket: bucket55718 key: level0/level3/level3
	at org.apache.hadoop.ozone.om.KeyManagerImpl.getOzoneFileStatus(KeyManagerImpl.java:1324) ~[ozone-manager-1.3.0-SNAPSHOT.jar:?]
	at org.apache.hadoop.ozone.om.KeyManagerImpl.getFileStatus(KeyManagerImpl.java:1254) ~[ozone-manager-1.3.0-SNAPSHOT.jar:?]
	at org.apache.hadoop.ozone.om.OzoneManager.getFileStatus(OzoneManager.java:3506) ~[ozone-manager-1.3.0-SNAPSHOT.jar:?]
	at org.apache.hadoop.ozone.protocolPB.OzoneManagerRequestHandler.getOzoneFileStatus(OzoneManagerRequestHandler.java:882) ~[ozone-manager-1.3.0-SNAPSHOT.jar:?]
	at org.apache.hadoop.ozone.protocolPB.OzoneManagerRequestHandler.handleReadRequest(OzoneManagerRequestHandler.java:228) ~[ozone-manager-1.3.0-SNAPSHOT.jar:?]
	at org.apache.hadoop.ozone.protocolPB.OzoneManagerProtocolServerSideTranslatorPB.submitReadRequestToOM(OzoneManagerProtocolServerSideTranslatorPB.java:226) ~[ozone-manager-1.3.0-SNAPSHOT.jar:?]
	at org.apache.hadoop.ozone.protocolPB.OzoneManagerProtocolServerSideTranslatorPB.processRequest(OzoneManagerProtocolServerSideTranslatorPB.java:175) ~[ozone-manager-1.3.0-SNAPSHOT.jar:?]
	at org.apache.hadoop.hdds.server.OzoneProtocolMessageDispatcher.processRequest(OzoneProtocolMessageDispatcher.java:87) [hdds-server-framework-1.3.0-SNAPSHOT.jar:?]
	at org.apache.hadoop.ozone.protocolPB.OzoneManagerProtocolServerSideTranslatorPB.submitRequest(OzoneManagerProtocolServerSideTranslatorPB.java:147) [ozone-manager-1.3.0-SNAPSHOT.jar:?]
	at org.apache.hadoop.ozone.protocol.proto.OzoneManagerProtocolProtos$OzoneManagerService$2.callBlockingMethod(OzoneManagerProtocolProtos.java) [ozone-interface-client-1.3.0-SNAPSHOT.jar:?]
	at org.apache.hadoop.ipc.ProtobufRpcEngine$Server.processCall(ProtobufRpcEngine.java:466) [hadoop-common-3.3.1.jar:?]
	at org.apache.hadoop.ipc.ProtobufRpcEngine2$Server$ProtoBufRpcInvoker.call(ProtobufRpcEngine2.java:574) [hadoop-common-3.3.1.jar:?]
	at org.apache.hadoop.ipc.ProtobufRpcEngine2$Server$ProtoBufRpcInvoker.call(ProtobufRpcEngine2.java:552) [hadoop-common-3.3.1.jar:?]
	at org.apache.hadoop.ipc.RPC$Server.call(RPC.java:1093) [hadoop-common-3.3.1.jar:?]
	at org.apache.hadoop.ipc.Server$RpcCall.run(Server.java:1035) [hadoop-common-3.3.1.jar:?]
	at org.apache.hadoop.ipc.Server$RpcCall.run(Server.java:963) [hadoop-common-3.3.1.jar:?]
	at java.security.AccessController.doPrivileged(Native Method) ~[?:1.8.0_345]
	at javax.security.auth.Subject.doAs(Subject.java:422) [?:1.8.0_345]
	at org.apache.hadoop.security.UserGroupInformation.doAs(UserGroupInformation.java:1878) [hadoop-common-3.3.1.jar:?]
	at org.apache.hadoop.ipc.Server$Handler.run(Server.java:2966) [hadoop-common-3.3.1.jar:?]
2022-09-28 15:52:02,673 [Time-limited test] WARN  ozone.BasicOzoneFileSystem (BasicOzoneFileSystem.java:getFileStatus(765)) - GetFileStatus failed for path /level0/level3/level3
java.io.FileNotFoundException: level0/level3/level3: No such file or directory!
	at org.apache.hadoop.fs.ozone.BasicOzoneClientAdapterImpl.getFileStatus(BasicOzoneClientAdapterImpl.java:369)
	at org.apache.hadoop.fs.ozone.BasicOzoneFileSystem.getFileStatus(BasicOzoneFileSystem.java:757)
	at org.apache.hadoop.fs.ozone.TestOzoneFileSystem.checkPath(TestOzoneFileSystem.java:504)
	at org.apache.hadoop.fs.ozone.TestOzoneFileSystem.testRecursiveDelete(TestOzoneFileSystem.java:496)
	at sun.reflect.NativeMethodAccessorImpl.invoke0(Native Method)
	at sun.reflect.NativeMethodAccessorImpl.invoke(NativeMethodAccessorImpl.java:62)
	at sun.reflect.DelegatingMethodAccessorImpl.invoke(DelegatingMethodAccessorImpl.java:43)
	at java.lang.reflect.Method.invoke(Method.java:498)
	at org.junit.runners.model.FrameworkMethod$1.runReflectiveCall(FrameworkMethod.java:59)
	at org.junit.internal.runners.model.ReflectiveCallable.run(ReflectiveCallable.java:12)
	at org.junit.runners.model.FrameworkMethod.invokeExplosively(FrameworkMethod.java:56)
	at org.junit.internal.runners.statements.InvokeMethod.evaluate(InvokeMethod.java:17)
	at org.junit.internal.runners.statements.RunAfters.evaluate(RunAfters.java:27)
	at org.junit.internal.runners.statements.FailOnTimeout$CallableStatement.call(FailOnTimeout.java:288)
	at org.junit.internal.runners.statements.FailOnTimeout$CallableStatement.call(FailOnTimeout.java:282)
	at java.util.concurrent.FutureTask.run(FutureTask.java:266)
	at java.lang.Thread.run(Thread.java:750)
15:52:02.674 [IPC Server handler 0 on default port 36317] ERROR OMAudit - user=runner | ip=127.0.0.1 | op=GET_FILE_STATUS {volume=volume24312, bucket=bucket55718, key=level0/level3/file1, dataSize=0, replicationConfig=null} | ret=FAILURE
org.apache.hadoop.ozone.om.exceptions.OMException: Unable to get file status: volume: volume24312 bucket: bucket55718 key: level0/level3/file1
	at org.apache.hadoop.ozone.om.KeyManagerImpl.getOzoneFileStatus(KeyManagerImpl.java:1324) ~[ozone-manager-1.3.0-SNAPSHOT.jar:?]
	at org.apache.hadoop.ozone.om.KeyManagerImpl.getFileStatus(KeyManagerImpl.java:1254) ~[ozone-manager-1.3.0-SNAPSHOT.jar:?]
	at org.apache.hadoop.ozone.om.OzoneManager.getFileStatus(OzoneManager.java:3506) ~[ozone-manager-1.3.0-SNAPSHOT.jar:?]
	at org.apache.hadoop.ozone.protocolPB.OzoneManagerRequestHandler.getOzoneFileStatus(OzoneManagerRequestHandler.java:882) ~[ozone-manager-1.3.0-SNAPSHOT.jar:?]
	at org.apache.hadoop.ozone.protocolPB.OzoneManagerRequestHandler.handleReadRequest(OzoneManagerRequestHandler.java:228) ~[ozone-manager-1.3.0-SNAPSHOT.jar:?]
	at org.apache.hadoop.ozone.protocolPB.OzoneManagerProtocolServerSideTranslatorPB.submitReadRequestToOM(OzoneManagerProtocolServerSideTranslatorPB.java:226) ~[ozone-manager-1.3.0-SNAPSHOT.jar:?]
	at org.apache.hadoop.ozone.protocolPB.OzoneManagerProtocolServerSideTranslatorPB.processRequest(OzoneManagerProtocolServerSideTranslatorPB.java:175) ~[ozone-manager-1.3.0-SNAPSHOT.jar:?]
	at org.apache.hadoop.hdds.server.OzoneProtocolMessageDispatcher.processRequest(OzoneProtocolMessageDispatcher.java:87) [hdds-server-framework-1.3.0-SNAPSHOT.jar:?]
	at org.apache.hadoop.ozone.protocolPB.OzoneManagerProtocolServerSideTranslatorPB.submitRequest(OzoneManagerProtocolServerSideTranslatorPB.java:147) [ozone-manager-1.3.0-SNAPSHOT.jar:?]
	at org.apache.hadoop.ozone.protocol.proto.OzoneManagerProtocolProtos$OzoneManagerService$2.callBlockingMethod(OzoneManagerProtocolProtos.java) [ozone-interface-client-1.3.0-SNAPSHOT.jar:?]
	at org.apache.hadoop.ipc.ProtobufRpcEngine$Server.processCall(ProtobufRpcEngine.java:466) [hadoop-common-3.3.1.jar:?]
	at org.apache.hadoop.ipc.ProtobufRpcEngine2$Server$ProtoBufRpcInvoker.call(ProtobufRpcEngine2.java:574) [hadoop-common-3.3.1.jar:?]
	at org.apache.hadoop.ipc.ProtobufRpcEngine2$Server$ProtoBufRpcInvoker.call(ProtobufRpcEngine2.java:552) [hadoop-common-3.3.1.jar:?]
	at org.apache.hadoop.ipc.RPC$Server.call(RPC.java:1093) [hadoop-common-3.3.1.jar:?]
	at org.apache.hadoop.ipc.Server$RpcCall.run(Server.java:1035) [hadoop-common-3.3.1.jar:?]
	at org.apache.hadoop.ipc.Server$RpcCall.run(Server.java:963) [hadoop-common-3.3.1.jar:?]
	at java.security.AccessController.doPrivileged(Native Method) ~[?:1.8.0_345]
	at javax.security.auth.Subject.doAs(Subject.java:422) [?:1.8.0_345]
	at org.apache.hadoop.security.UserGroupInformation.doAs(UserGroupInformation.java:1878) [hadoop-common-3.3.1.jar:?]
	at org.apache.hadoop.ipc.Server$Handler.run(Server.java:2966) [hadoop-common-3.3.1.jar:?]
2022-09-28 15:52:02,675 [Time-limited test] WARN  ozone.BasicOzoneFileSystem (BasicOzoneFileSystem.java:getFileStatus(765)) - GetFileStatus failed for path /level0/level3/file1
java.io.FileNotFoundException: level0/level3/file1: No such file or directory!
	at org.apache.hadoop.fs.ozone.BasicOzoneClientAdapterImpl.getFileStatus(BasicOzoneClientAdapterImpl.java:369)
	at org.apache.hadoop.fs.ozone.BasicOzoneFileSystem.getFileStatus(BasicOzoneFileSystem.java:757)
	at org.apache.hadoop.fs.ozone.TestOzoneFileSystem.checkPath(TestOzoneFileSystem.java:504)
	at org.apache.hadoop.fs.ozone.TestOzoneFileSystem.testRecursiveDelete(TestOzoneFileSystem.java:497)
	at sun.reflect.NativeMethodAccessorImpl.invoke0(Native Method)
	at sun.reflect.NativeMethodAccessorImpl.invoke(NativeMethodAccessorImpl.java:62)
	at sun.reflect.DelegatingMethodAccessorImpl.invoke(DelegatingMethodAccessorImpl.java:43)
	at java.lang.reflect.Method.invoke(Method.java:498)
	at org.junit.runners.model.FrameworkMethod$1.runReflectiveCall(FrameworkMethod.java:59)
	at org.junit.internal.runners.model.ReflectiveCallable.run(ReflectiveCallable.java:12)
	at org.junit.runners.model.FrameworkMethod.invokeExplosively(FrameworkMethod.java:56)
	at org.junit.internal.runners.statements.InvokeMethod.evaluate(InvokeMethod.java:17)
	at org.junit.internal.runners.statements.RunAfters.evaluate(RunAfters.java:27)
	at org.junit.internal.runners.statements.FailOnTimeout$CallableStatement.call(FailOnTimeout.java:288)
	at org.junit.internal.runners.statements.FailOnTimeout$CallableStatement.call(FailOnTimeout.java:282)
	at java.util.concurrent.FutureTask.run(FutureTask.java:266)
	at java.lang.Thread.run(Thread.java:750)
15:52:02.676 [IPC Server handler 5 on default port 36317] ERROR OMAudit - user=runner | ip=127.0.0.1 | op=GET_FILE_STATUS {volume=volume24312, bucket=bucket55718, key=level0/level3/level3/file1, dataSize=0, replicationConfig=null} | ret=FAILURE
org.apache.hadoop.ozone.om.exceptions.OMException: Unable to get file status: volume: volume24312 bucket: bucket55718 key: level0/level3/level3/file1
	at org.apache.hadoop.ozone.om.KeyManagerImpl.getOzoneFileStatus(KeyManagerImpl.java:1324) ~[ozone-manager-1.3.0-SNAPSHOT.jar:?]
	at org.apache.hadoop.ozone.om.KeyManagerImpl.getFileStatus(KeyManagerImpl.java:1254) ~[ozone-manager-1.3.0-SNAPSHOT.jar:?]
	at org.apache.hadoop.ozone.om.OzoneManager.getFileStatus(OzoneManager.java:3506) ~[ozone-manager-1.3.0-SNAPSHOT.jar:?]
	at org.apache.hadoop.ozone.protocolPB.OzoneManagerRequestHandler.getOzoneFileStatus(OzoneManagerRequestHandler.java:882) ~[ozone-manager-1.3.0-SNAPSHOT.jar:?]
	at org.apache.hadoop.ozone.protocolPB.OzoneManagerRequestHandler.handleReadRequest(OzoneManagerRequestHandler.java:228) ~[ozone-manager-1.3.0-SNAPSHOT.jar:?]
	at org.apache.hadoop.ozone.protocolPB.OzoneManagerProtocolServerSideTranslatorPB.submitReadRequestToOM(OzoneManagerProtocolServerSideTranslatorPB.java:226) ~[ozone-manager-1.3.0-SNAPSHOT.jar:?]
	at org.apache.hadoop.ozone.protocolPB.OzoneManagerProtocolServerSideTranslatorPB.processRequest(OzoneManagerProtocolServerSideTranslatorPB.java:175) ~[ozone-manager-1.3.0-SNAPSHOT.jar:?]
	at org.apache.hadoop.hdds.server.OzoneProtocolMessageDispatcher.processRequest(OzoneProtocolMessageDispatcher.java:87) [hdds-server-framework-1.3.0-SNAPSHOT.jar:?]
	at org.apache.hadoop.ozone.protocolPB.OzoneManagerProtocolServerSideTranslatorPB.submitRequest(OzoneManagerProtocolServerSideTranslatorPB.java:147) [ozone-manager-1.3.0-SNAPSHOT.jar:?]
	at org.apache.hadoop.ozone.protocol.proto.OzoneManagerProtocolProtos$OzoneManagerService$2.callBlockingMethod(OzoneManagerProtocolProtos.java) [ozone-interface-client-1.3.0-SNAPSHOT.jar:?]
	at org.apache.hadoop.ipc.ProtobufRpcEngine$Server.processCall(ProtobufRpcEngine.java:466) [hadoop-common-3.3.1.jar:?]
	at org.apache.hadoop.ipc.ProtobufRpcEngine2$Server$ProtoBufRpcInvoker.call(ProtobufRpcEngine2.java:574) [hadoop-common-3.3.1.jar:?]
	at org.apache.hadoop.ipc.ProtobufRpcEngine2$Server$ProtoBufRpcInvoker.call(ProtobufRpcEngine2.java:552) [hadoop-common-3.3.1.jar:?]
	at org.apache.hadoop.ipc.RPC$Server.call(RPC.java:1093) [hadoop-common-3.3.1.jar:?]
	at org.apache.hadoop.ipc.Server$RpcCall.run(Server.java:1035) [hadoop-common-3.3.1.jar:?]
	at org.apache.hadoop.ipc.Server$RpcCall.run(Server.java:963) [hadoop-common-3.3.1.jar:?]
	at java.security.AccessController.doPrivileged(Native Method) ~[?:1.8.0_345]
	at javax.security.auth.Subject.doAs(Subject.java:422) [?:1.8.0_345]
	at org.apache.hadoop.security.UserGroupInformation.doAs(UserGroupInformation.java:1878) [hadoop-common-3.3.1.jar:?]
	at org.apache.hadoop.ipc.Server$Handler.run(Server.java:2966) [hadoop-common-3.3.1.jar:?]
2022-09-28 15:52:02,677 [Time-limited test] WARN  ozone.BasicOzoneFileSystem (BasicOzoneFileSystem.java:getFileStatus(765)) - GetFileStatus failed for path /level0/level3/level3/file1
java.io.FileNotFoundException: level0/level3/level3/file1: No such file or directory!
	at org.apache.hadoop.fs.ozone.BasicOzoneClientAdapterImpl.getFileStatus(BasicOzoneClientAdapterImpl.java:369)
	at org.apache.hadoop.fs.ozone.BasicOzoneFileSystem.getFileStatus(BasicOzoneFileSystem.java:757)
	at org.apache.hadoop.fs.ozone.TestOzoneFileSystem.checkPath(TestOzoneFileSystem.java:504)
	at org.apache.hadoop.fs.ozone.TestOzoneFileSystem.testRecursiveDelete(TestOzoneFileSystem.java:498)
	at sun.reflect.NativeMethodAccessorImpl.invoke0(Native Method)
	at sun.reflect.NativeMethodAccessorImpl.invoke(NativeMethodAccessorImpl.java:62)
	at sun.reflect.DelegatingMethodAccessorImpl.invoke(DelegatingMethodAccessorImpl.java:43)
	at java.lang.reflect.Method.invoke(Method.java:498)
	at org.junit.runners.model.FrameworkMethod$1.runReflectiveCall(FrameworkMethod.java:59)
	at org.junit.internal.runners.model.ReflectiveCallable.run(ReflectiveCallable.java:12)
	at org.junit.runners.model.FrameworkMethod.invokeExplosively(FrameworkMethod.java:56)
	at org.junit.internal.runners.statements.InvokeMethod.evaluate(InvokeMethod.java:17)
	at org.junit.internal.runners.statements.RunAfters.evaluate(RunAfters.java:27)
	at org.junit.internal.runners.statements.FailOnTimeout$CallableStatement.call(FailOnTimeout.java:288)
	at org.junit.internal.runners.statements.FailOnTimeout$CallableStatement.call(FailOnTimeout.java:282)
	at java.util.concurrent.FutureTask.run(FutureTask.java:266)
	at java.lang.Thread.run(Thread.java:750)
]]></system-out>
  </testcase>
  <testcase name="testRecursiveDelete" classname="TestOzoneFileSystem" time="0.152">
    <system-out><![CDATA[15:53:44.747 [IPC Server handler 2 on default port 42319] ERROR OMAudit - user=runner | ip=127.0.0.1 | op=GET_FILE_STATUS {volume=volume00149, bucket=bucket04297, key=gdir1, dataSize=0, replicationConfig=null} | ret=FAILURE
org.apache.hadoop.ozone.om.exceptions.OMException: Unable to get file status: volume: volume00149 bucket: bucket04297 key: gdir1
	at org.apache.hadoop.ozone.om.KeyManagerImpl.getOzoneFileStatus(KeyManagerImpl.java:1324) ~[ozone-manager-1.3.0-SNAPSHOT.jar:?]
	at org.apache.hadoop.ozone.om.KeyManagerImpl.getFileStatus(KeyManagerImpl.java:1254) ~[ozone-manager-1.3.0-SNAPSHOT.jar:?]
	at org.apache.hadoop.ozone.om.OzoneManager.getFileStatus(OzoneManager.java:3506) ~[ozone-manager-1.3.0-SNAPSHOT.jar:?]
	at org.apache.hadoop.ozone.protocolPB.OzoneManagerRequestHandler.getOzoneFileStatus(OzoneManagerRequestHandler.java:882) ~[ozone-manager-1.3.0-SNAPSHOT.jar:?]
	at org.apache.hadoop.ozone.protocolPB.OzoneManagerRequestHandler.handleReadRequest(OzoneManagerRequestHandler.java:228) ~[ozone-manager-1.3.0-SNAPSHOT.jar:?]
	at org.apache.hadoop.ozone.protocolPB.OzoneManagerProtocolServerSideTranslatorPB.submitRequestDirectlyToOM(OzoneManagerProtocolServerSideTranslatorPB.java:276) ~[ozone-manager-1.3.0-SNAPSHOT.jar:?]
	at org.apache.hadoop.ozone.protocolPB.OzoneManagerProtocolServerSideTranslatorPB.processRequest(OzoneManagerProtocolServerSideTranslatorPB.java:205) ~[ozone-manager-1.3.0-SNAPSHOT.jar:?]
	at org.apache.hadoop.hdds.server.OzoneProtocolMessageDispatcher.processRequest(OzoneProtocolMessageDispatcher.java:87) [hdds-server-framework-1.3.0-SNAPSHOT.jar:?]
	at org.apache.hadoop.ozone.protocolPB.OzoneManagerProtocolServerSideTranslatorPB.submitRequest(OzoneManagerProtocolServerSideTranslatorPB.java:147) [ozone-manager-1.3.0-SNAPSHOT.jar:?]
	at org.apache.hadoop.ozone.protocol.proto.OzoneManagerProtocolProtos$OzoneManagerService$2.callBlockingMethod(OzoneManagerProtocolProtos.java) [ozone-interface-client-1.3.0-SNAPSHOT.jar:?]
	at org.apache.hadoop.ipc.ProtobufRpcEngine$Server.processCall(ProtobufRpcEngine.java:466) [hadoop-common-3.3.1.jar:?]
	at org.apache.hadoop.ipc.ProtobufRpcEngine2$Server$ProtoBufRpcInvoker.call(ProtobufRpcEngine2.java:574) [hadoop-common-3.3.1.jar:?]
	at org.apache.hadoop.ipc.ProtobufRpcEngine2$Server$ProtoBufRpcInvoker.call(ProtobufRpcEngine2.java:552) [hadoop-common-3.3.1.jar:?]
	at org.apache.hadoop.ipc.RPC$Server.call(RPC.java:1093) [hadoop-common-3.3.1.jar:?]
	at org.apache.hadoop.ipc.Server$RpcCall.run(Server.java:1035) [hadoop-common-3.3.1.jar:?]
	at org.apache.hadoop.ipc.Server$RpcCall.run(Server.java:963) [hadoop-common-3.3.1.jar:?]
	at java.security.AccessController.doPrivileged(Native Method) ~[?:1.8.0_345]
	at javax.security.auth.Subject.doAs(Subject.java:422) [?:1.8.0_345]
	at org.apache.hadoop.security.UserGroupInformation.doAs(UserGroupInformation.java:1878) [hadoop-common-3.3.1.jar:?]
	at org.apache.hadoop.ipc.Server$Handler.run(Server.java:2966) [hadoop-common-3.3.1.jar:?]
2022-09-28 15:53:44,747 [Time-limited test] WARN  ozone.BasicOzoneFileSystem (BasicOzoneFileSystem.java:getFileStatus(765)) - GetFileStatus failed for path /gdir1
java.io.FileNotFoundException: gdir1: No such file or directory!
	at org.apache.hadoop.fs.ozone.BasicOzoneClientAdapterImpl.getFileStatus(BasicOzoneClientAdapterImpl.java:369)
	at org.apache.hadoop.fs.ozone.BasicOzoneFileSystem.getFileStatus(BasicOzoneFileSystem.java:757)
	at org.apache.hadoop.fs.ozone.TestOzoneFileSystem.checkPath(TestOzoneFileSystem.java:504)
	at org.apache.hadoop.fs.ozone.TestOzoneFileSystem.testRecursiveDelete(TestOzoneFileSystem.java:454)
	at sun.reflect.NativeMethodAccessorImpl.invoke0(Native Method)
	at sun.reflect.NativeMethodAccessorImpl.invoke(NativeMethodAccessorImpl.java:62)
	at sun.reflect.DelegatingMethodAccessorImpl.invoke(DelegatingMethodAccessorImpl.java:43)
	at java.lang.reflect.Method.invoke(Method.java:498)
	at org.junit.runners.model.FrameworkMethod$1.runReflectiveCall(FrameworkMethod.java:59)
	at org.junit.internal.runners.model.ReflectiveCallable.run(ReflectiveCallable.java:12)
	at org.junit.runners.model.FrameworkMethod.invokeExplosively(FrameworkMethod.java:56)
	at org.junit.internal.runners.statements.InvokeMethod.evaluate(InvokeMethod.java:17)
	at org.junit.internal.runners.statements.RunAfters.evaluate(RunAfters.java:27)
	at org.junit.internal.runners.statements.FailOnTimeout$CallableStatement.call(FailOnTimeout.java:288)
	at org.junit.internal.runners.statements.FailOnTimeout$CallableStatement.call(FailOnTimeout.java:282)
	at java.util.concurrent.FutureTask.run(FutureTask.java:266)
	at java.lang.Thread.run(Thread.java:750)
15:53:44.748 [IPC Server handler 19 on default port 42319] ERROR OMAudit - user=runner | ip=127.0.0.1 | op=GET_FILE_STATUS {volume=volume00149, bucket=bucket04297, key=gdir1/dir1, dataSize=0, replicationConfig=null} | ret=FAILURE
org.apache.hadoop.ozone.om.exceptions.OMException: Unable to get file status: volume: volume00149 bucket: bucket04297 key: gdir1/dir1
	at org.apache.hadoop.ozone.om.KeyManagerImpl.getOzoneFileStatus(KeyManagerImpl.java:1324) ~[ozone-manager-1.3.0-SNAPSHOT.jar:?]
	at org.apache.hadoop.ozone.om.KeyManagerImpl.getFileStatus(KeyManagerImpl.java:1254) ~[ozone-manager-1.3.0-SNAPSHOT.jar:?]
	at org.apache.hadoop.ozone.om.OzoneManager.getFileStatus(OzoneManager.java:3506) ~[ozone-manager-1.3.0-SNAPSHOT.jar:?]
	at org.apache.hadoop.ozone.protocolPB.OzoneManagerRequestHandler.getOzoneFileStatus(OzoneManagerRequestHandler.java:882) ~[ozone-manager-1.3.0-SNAPSHOT.jar:?]
	at org.apache.hadoop.ozone.protocolPB.OzoneManagerRequestHandler.handleReadRequest(OzoneManagerRequestHandler.java:228) ~[ozone-manager-1.3.0-SNAPSHOT.jar:?]
	at org.apache.hadoop.ozone.protocolPB.OzoneManagerProtocolServerSideTranslatorPB.submitRequestDirectlyToOM(OzoneManagerProtocolServerSideTranslatorPB.java:276) ~[ozone-manager-1.3.0-SNAPSHOT.jar:?]
	at org.apache.hadoop.ozone.protocolPB.OzoneManagerProtocolServerSideTranslatorPB.processRequest(OzoneManagerProtocolServerSideTranslatorPB.java:205) ~[ozone-manager-1.3.0-SNAPSHOT.jar:?]
	at org.apache.hadoop.hdds.server.OzoneProtocolMessageDispatcher.processRequest(OzoneProtocolMessageDispatcher.java:87) [hdds-server-framework-1.3.0-SNAPSHOT.jar:?]
	at org.apache.hadoop.ozone.protocolPB.OzoneManagerProtocolServerSideTranslatorPB.submitRequest(OzoneManagerProtocolServerSideTranslatorPB.java:147) [ozone-manager-1.3.0-SNAPSHOT.jar:?]
	at org.apache.hadoop.ozone.protocol.proto.OzoneManagerProtocolProtos$OzoneManagerService$2.callBlockingMethod(OzoneManagerProtocolProtos.java) [ozone-interface-client-1.3.0-SNAPSHOT.jar:?]
	at org.apache.hadoop.ipc.ProtobufRpcEngine$Server.processCall(ProtobufRpcEngine.java:466) [hadoop-common-3.3.1.jar:?]
	at org.apache.hadoop.ipc.ProtobufRpcEngine2$Server$ProtoBufRpcInvoker.call(ProtobufRpcEngine2.java:574) [hadoop-common-3.3.1.jar:?]
	at org.apache.hadoop.ipc.ProtobufRpcEngine2$Server$ProtoBufRpcInvoker.call(ProtobufRpcEngine2.java:552) [hadoop-common-3.3.1.jar:?]
	at org.apache.hadoop.ipc.RPC$Server.call(RPC.java:1093) [hadoop-common-3.3.1.jar:?]
	at org.apache.hadoop.ipc.Server$RpcCall.run(Server.java:1035) [hadoop-common-3.3.1.jar:?]
	at org.apache.hadoop.ipc.Server$RpcCall.run(Server.java:963) [hadoop-common-3.3.1.jar:?]
	at java.security.AccessController.doPrivileged(Native Method) ~[?:1.8.0_345]
	at javax.security.auth.Subject.doAs(Subject.java:422) [?:1.8.0_345]
	at org.apache.hadoop.security.UserGroupInformation.doAs(UserGroupInformation.java:1878) [hadoop-common-3.3.1.jar:?]
	at org.apache.hadoop.ipc.Server$Handler.run(Server.java:2966) [hadoop-common-3.3.1.jar:?]
2022-09-28 15:53:44,748 [Time-limited test] WARN  ozone.BasicOzoneFileSystem (BasicOzoneFileSystem.java:getFileStatus(765)) - GetFileStatus failed for path /gdir1/dir1
java.io.FileNotFoundException: gdir1/dir1: No such file or directory!
	at org.apache.hadoop.fs.ozone.BasicOzoneClientAdapterImpl.getFileStatus(BasicOzoneClientAdapterImpl.java:369)
	at org.apache.hadoop.fs.ozone.BasicOzoneFileSystem.getFileStatus(BasicOzoneFileSystem.java:757)
	at org.apache.hadoop.fs.ozone.TestOzoneFileSystem.checkPath(TestOzoneFileSystem.java:504)
	at org.apache.hadoop.fs.ozone.TestOzoneFileSystem.testRecursiveDelete(TestOzoneFileSystem.java:459)
	at sun.reflect.NativeMethodAccessorImpl.invoke0(Native Method)
	at sun.reflect.NativeMethodAccessorImpl.invoke(NativeMethodAccessorImpl.java:62)
	at sun.reflect.DelegatingMethodAccessorImpl.invoke(DelegatingMethodAccessorImpl.java:43)
	at java.lang.reflect.Method.invoke(Method.java:498)
	at org.junit.runners.model.FrameworkMethod$1.runReflectiveCall(FrameworkMethod.java:59)
	at org.junit.internal.runners.model.ReflectiveCallable.run(ReflectiveCallable.java:12)
	at org.junit.runners.model.FrameworkMethod.invokeExplosively(FrameworkMethod.java:56)
	at org.junit.internal.runners.statements.InvokeMethod.evaluate(InvokeMethod.java:17)
	at org.junit.internal.runners.statements.RunAfters.evaluate(RunAfters.java:27)
	at org.junit.internal.runners.statements.FailOnTimeout$CallableStatement.call(FailOnTimeout.java:288)
	at org.junit.internal.runners.statements.FailOnTimeout$CallableStatement.call(FailOnTimeout.java:282)
	at java.util.concurrent.FutureTask.run(FutureTask.java:266)
	at java.lang.Thread.run(Thread.java:750)
15:53:44.749 [IPC Server handler 13 on default port 42319] ERROR OMAudit - user=runner | ip=127.0.0.1 | op=GET_FILE_STATUS {volume=volume00149, bucket=bucket04297, key=gdir1/dir1/child, dataSize=0, replicationConfig=null} | ret=FAILURE
org.apache.hadoop.ozone.om.exceptions.OMException: Unable to get file status: volume: volume00149 bucket: bucket04297 key: gdir1/dir1/child
	at org.apache.hadoop.ozone.om.KeyManagerImpl.getOzoneFileStatus(KeyManagerImpl.java:1324) ~[ozone-manager-1.3.0-SNAPSHOT.jar:?]
	at org.apache.hadoop.ozone.om.KeyManagerImpl.getFileStatus(KeyManagerImpl.java:1254) ~[ozone-manager-1.3.0-SNAPSHOT.jar:?]
	at org.apache.hadoop.ozone.om.OzoneManager.getFileStatus(OzoneManager.java:3506) ~[ozone-manager-1.3.0-SNAPSHOT.jar:?]
	at org.apache.hadoop.ozone.protocolPB.OzoneManagerRequestHandler.getOzoneFileStatus(OzoneManagerRequestHandler.java:882) ~[ozone-manager-1.3.0-SNAPSHOT.jar:?]
	at org.apache.hadoop.ozone.protocolPB.OzoneManagerRequestHandler.handleReadRequest(OzoneManagerRequestHandler.java:228) ~[ozone-manager-1.3.0-SNAPSHOT.jar:?]
	at org.apache.hadoop.ozone.protocolPB.OzoneManagerProtocolServerSideTranslatorPB.submitRequestDirectlyToOM(OzoneManagerProtocolServerSideTranslatorPB.java:276) ~[ozone-manager-1.3.0-SNAPSHOT.jar:?]
	at org.apache.hadoop.ozone.protocolPB.OzoneManagerProtocolServerSideTranslatorPB.processRequest(OzoneManagerProtocolServerSideTranslatorPB.java:205) ~[ozone-manager-1.3.0-SNAPSHOT.jar:?]
	at org.apache.hadoop.hdds.server.OzoneProtocolMessageDispatcher.processRequest(OzoneProtocolMessageDispatcher.java:87) [hdds-server-framework-1.3.0-SNAPSHOT.jar:?]
	at org.apache.hadoop.ozone.protocolPB.OzoneManagerProtocolServerSideTranslatorPB.submitRequest(OzoneManagerProtocolServerSideTranslatorPB.java:147) [ozone-manager-1.3.0-SNAPSHOT.jar:?]
	at org.apache.hadoop.ozone.protocol.proto.OzoneManagerProtocolProtos$OzoneManagerService$2.callBlockingMethod(OzoneManagerProtocolProtos.java) [ozone-interface-client-1.3.0-SNAPSHOT.jar:?]
	at org.apache.hadoop.ipc.ProtobufRpcEngine$Server.processCall(ProtobufRpcEngine.java:466) [hadoop-common-3.3.1.jar:?]
	at org.apache.hadoop.ipc.ProtobufRpcEngine2$Server$ProtoBufRpcInvoker.call(ProtobufRpcEngine2.java:574) [hadoop-common-3.3.1.jar:?]
	at org.apache.hadoop.ipc.ProtobufRpcEngine2$Server$ProtoBufRpcInvoker.call(ProtobufRpcEngine2.java:552) [hadoop-common-3.3.1.jar:?]
	at org.apache.hadoop.ipc.RPC$Server.call(RPC.java:1093) [hadoop-common-3.3.1.jar:?]
	at org.apache.hadoop.ipc.Server$RpcCall.run(Server.java:1035) [hadoop-common-3.3.1.jar:?]
	at org.apache.hadoop.ipc.Server$RpcCall.run(Server.java:963) [hadoop-common-3.3.1.jar:?]
	at java.security.AccessController.doPrivileged(Native Method) ~[?:1.8.0_345]
	at javax.security.auth.Subject.doAs(Subject.java:422) [?:1.8.0_345]
	at org.apache.hadoop.security.UserGroupInformation.doAs(UserGroupInformation.java:1878) [hadoop-common-3.3.1.jar:?]
	at org.apache.hadoop.ipc.Server$Handler.run(Server.java:2966) [hadoop-common-3.3.1.jar:?]
2022-09-28 15:53:44,749 [Time-limited test] WARN  ozone.BasicOzoneFileSystem (BasicOzoneFileSystem.java:getFileStatus(765)) - GetFileStatus failed for path /gdir1/dir1/child
java.io.FileNotFoundException: gdir1/dir1/child: No such file or directory!
	at org.apache.hadoop.fs.ozone.BasicOzoneClientAdapterImpl.getFileStatus(BasicOzoneClientAdapterImpl.java:369)
	at org.apache.hadoop.fs.ozone.BasicOzoneFileSystem.getFileStatus(BasicOzoneFileSystem.java:757)
	at org.apache.hadoop.fs.ozone.TestOzoneFileSystem.checkPath(TestOzoneFileSystem.java:504)
	at org.apache.hadoop.fs.ozone.TestOzoneFileSystem.testRecursiveDelete(TestOzoneFileSystem.java:460)
	at sun.reflect.NativeMethodAccessorImpl.invoke0(Native Method)
	at sun.reflect.NativeMethodAccessorImpl.invoke(NativeMethodAccessorImpl.java:62)
	at sun.reflect.DelegatingMethodAccessorImpl.invoke(DelegatingMethodAccessorImpl.java:43)
	at java.lang.reflect.Method.invoke(Method.java:498)
	at org.junit.runners.model.FrameworkMethod$1.runReflectiveCall(FrameworkMethod.java:59)
	at org.junit.internal.runners.model.ReflectiveCallable.run(ReflectiveCallable.java:12)
	at org.junit.runners.model.FrameworkMethod.invokeExplosively(FrameworkMethod.java:56)
	at org.junit.internal.runners.statements.InvokeMethod.evaluate(InvokeMethod.java:17)
	at org.junit.internal.runners.statements.RunAfters.evaluate(RunAfters.java:27)
	at org.junit.internal.runners.statements.FailOnTimeout$CallableStatement.call(FailOnTimeout.java:288)
	at org.junit.internal.runners.statements.FailOnTimeout$CallableStatement.call(FailOnTimeout.java:282)
	at java.util.concurrent.FutureTask.run(FutureTask.java:266)
	at java.lang.Thread.run(Thread.java:750)
15:53:44.750 [IPC Server handler 7 on default port 42319] ERROR OMAudit - user=runner | ip=127.0.0.1 | op=GET_FILE_STATUS {volume=volume00149, bucket=bucket04297, key=gdir1/dir2, dataSize=0, replicationConfig=null} | ret=FAILURE
org.apache.hadoop.ozone.om.exceptions.OMException: Unable to get file status: volume: volume00149 bucket: bucket04297 key: gdir1/dir2
	at org.apache.hadoop.ozone.om.KeyManagerImpl.getOzoneFileStatus(KeyManagerImpl.java:1324) ~[ozone-manager-1.3.0-SNAPSHOT.jar:?]
	at org.apache.hadoop.ozone.om.KeyManagerImpl.getFileStatus(KeyManagerImpl.java:1254) ~[ozone-manager-1.3.0-SNAPSHOT.jar:?]
	at org.apache.hadoop.ozone.om.OzoneManager.getFileStatus(OzoneManager.java:3506) ~[ozone-manager-1.3.0-SNAPSHOT.jar:?]
	at org.apache.hadoop.ozone.protocolPB.OzoneManagerRequestHandler.getOzoneFileStatus(OzoneManagerRequestHandler.java:882) ~[ozone-manager-1.3.0-SNAPSHOT.jar:?]
	at org.apache.hadoop.ozone.protocolPB.OzoneManagerRequestHandler.handleReadRequest(OzoneManagerRequestHandler.java:228) ~[ozone-manager-1.3.0-SNAPSHOT.jar:?]
	at org.apache.hadoop.ozone.protocolPB.OzoneManagerProtocolServerSideTranslatorPB.submitRequestDirectlyToOM(OzoneManagerProtocolServerSideTranslatorPB.java:276) ~[ozone-manager-1.3.0-SNAPSHOT.jar:?]
	at org.apache.hadoop.ozone.protocolPB.OzoneManagerProtocolServerSideTranslatorPB.processRequest(OzoneManagerProtocolServerSideTranslatorPB.java:205) ~[ozone-manager-1.3.0-SNAPSHOT.jar:?]
	at org.apache.hadoop.hdds.server.OzoneProtocolMessageDispatcher.processRequest(OzoneProtocolMessageDispatcher.java:87) [hdds-server-framework-1.3.0-SNAPSHOT.jar:?]
	at org.apache.hadoop.ozone.protocolPB.OzoneManagerProtocolServerSideTranslatorPB.submitRequest(OzoneManagerProtocolServerSideTranslatorPB.java:147) [ozone-manager-1.3.0-SNAPSHOT.jar:?]
	at org.apache.hadoop.ozone.protocol.proto.OzoneManagerProtocolProtos$OzoneManagerService$2.callBlockingMethod(OzoneManagerProtocolProtos.java) [ozone-interface-client-1.3.0-SNAPSHOT.jar:?]
	at org.apache.hadoop.ipc.ProtobufRpcEngine$Server.processCall(ProtobufRpcEngine.java:466) [hadoop-common-3.3.1.jar:?]
	at org.apache.hadoop.ipc.ProtobufRpcEngine2$Server$ProtoBufRpcInvoker.call(ProtobufRpcEngine2.java:574) [hadoop-common-3.3.1.jar:?]
	at org.apache.hadoop.ipc.ProtobufRpcEngine2$Server$ProtoBufRpcInvoker.call(ProtobufRpcEngine2.java:552) [hadoop-common-3.3.1.jar:?]
	at org.apache.hadoop.ipc.RPC$Server.call(RPC.java:1093) [hadoop-common-3.3.1.jar:?]
	at org.apache.hadoop.ipc.Server$RpcCall.run(Server.java:1035) [hadoop-common-3.3.1.jar:?]
	at org.apache.hadoop.ipc.Server$RpcCall.run(Server.java:963) [hadoop-common-3.3.1.jar:?]
	at java.security.AccessController.doPrivileged(Native Method) ~[?:1.8.0_345]
	at javax.security.auth.Subject.doAs(Subject.java:422) [?:1.8.0_345]
	at org.apache.hadoop.security.UserGroupInformation.doAs(UserGroupInformation.java:1878) [hadoop-common-3.3.1.jar:?]
	at org.apache.hadoop.ipc.Server$Handler.run(Server.java:2966) [hadoop-common-3.3.1.jar:?]
2022-09-28 15:53:44,750 [Time-limited test] WARN  ozone.BasicOzoneFileSystem (BasicOzoneFileSystem.java:getFileStatus(765)) - GetFileStatus failed for path /gdir1/dir2
java.io.FileNotFoundException: gdir1/dir2: No such file or directory!
	at org.apache.hadoop.fs.ozone.BasicOzoneClientAdapterImpl.getFileStatus(BasicOzoneClientAdapterImpl.java:369)
	at org.apache.hadoop.fs.ozone.BasicOzoneFileSystem.getFileStatus(BasicOzoneFileSystem.java:757)
	at org.apache.hadoop.fs.ozone.TestOzoneFileSystem.checkPath(TestOzoneFileSystem.java:504)
	at org.apache.hadoop.fs.ozone.TestOzoneFileSystem.testRecursiveDelete(TestOzoneFileSystem.java:459)
	at sun.reflect.NativeMethodAccessorImpl.invoke0(Native Method)
	at sun.reflect.NativeMethodAccessorImpl.invoke(NativeMethodAccessorImpl.java:62)
	at sun.reflect.DelegatingMethodAccessorImpl.invoke(DelegatingMethodAccessorImpl.java:43)
	at java.lang.reflect.Method.invoke(Method.java:498)
	at org.junit.runners.model.FrameworkMethod$1.runReflectiveCall(FrameworkMethod.java:59)
	at org.junit.internal.runners.model.ReflectiveCallable.run(ReflectiveCallable.java:12)
	at org.junit.runners.model.FrameworkMethod.invokeExplosively(FrameworkMethod.java:56)
	at org.junit.internal.runners.statements.InvokeMethod.evaluate(InvokeMethod.java:17)
	at org.junit.internal.runners.statements.RunAfters.evaluate(RunAfters.java:27)
	at org.junit.internal.runners.statements.FailOnTimeout$CallableStatement.call(FailOnTimeout.java:288)
	at org.junit.internal.runners.statements.FailOnTimeout$CallableStatement.call(FailOnTimeout.java:282)
	at java.util.concurrent.FutureTask.run(FutureTask.java:266)
	at java.lang.Thread.run(Thread.java:750)
15:53:44.751 [IPC Server handler 3 on default port 42319] ERROR OMAudit - user=runner | ip=127.0.0.1 | op=GET_FILE_STATUS {volume=volume00149, bucket=bucket04297, key=gdir1/dir2/child, dataSize=0, replicationConfig=null} | ret=FAILURE
org.apache.hadoop.ozone.om.exceptions.OMException: Unable to get file status: volume: volume00149 bucket: bucket04297 key: gdir1/dir2/child
	at org.apache.hadoop.ozone.om.KeyManagerImpl.getOzoneFileStatus(KeyManagerImpl.java:1324) ~[ozone-manager-1.3.0-SNAPSHOT.jar:?]
	at org.apache.hadoop.ozone.om.KeyManagerImpl.getFileStatus(KeyManagerImpl.java:1254) ~[ozone-manager-1.3.0-SNAPSHOT.jar:?]
	at org.apache.hadoop.ozone.om.OzoneManager.getFileStatus(OzoneManager.java:3506) ~[ozone-manager-1.3.0-SNAPSHOT.jar:?]
	at org.apache.hadoop.ozone.protocolPB.OzoneManagerRequestHandler.getOzoneFileStatus(OzoneManagerRequestHandler.java:882) ~[ozone-manager-1.3.0-SNAPSHOT.jar:?]
	at org.apache.hadoop.ozone.protocolPB.OzoneManagerRequestHandler.handleReadRequest(OzoneManagerRequestHandler.java:228) ~[ozone-manager-1.3.0-SNAPSHOT.jar:?]
	at org.apache.hadoop.ozone.protocolPB.OzoneManagerProtocolServerSideTranslatorPB.submitRequestDirectlyToOM(OzoneManagerProtocolServerSideTranslatorPB.java:276) ~[ozone-manager-1.3.0-SNAPSHOT.jar:?]
	at org.apache.hadoop.ozone.protocolPB.OzoneManagerProtocolServerSideTranslatorPB.processRequest(OzoneManagerProtocolServerSideTranslatorPB.java:205) ~[ozone-manager-1.3.0-SNAPSHOT.jar:?]
	at org.apache.hadoop.hdds.server.OzoneProtocolMessageDispatcher.processRequest(OzoneProtocolMessageDispatcher.java:87) [hdds-server-framework-1.3.0-SNAPSHOT.jar:?]
	at org.apache.hadoop.ozone.protocolPB.OzoneManagerProtocolServerSideTranslatorPB.submitRequest(OzoneManagerProtocolServerSideTranslatorPB.java:147) [ozone-manager-1.3.0-SNAPSHOT.jar:?]
	at org.apache.hadoop.ozone.protocol.proto.OzoneManagerProtocolProtos$OzoneManagerService$2.callBlockingMethod(OzoneManagerProtocolProtos.java) [ozone-interface-client-1.3.0-SNAPSHOT.jar:?]
	at org.apache.hadoop.ipc.ProtobufRpcEngine$Server.processCall(ProtobufRpcEngine.java:466) [hadoop-common-3.3.1.jar:?]
	at org.apache.hadoop.ipc.ProtobufRpcEngine2$Server$ProtoBufRpcInvoker.call(ProtobufRpcEngine2.java:574) [hadoop-common-3.3.1.jar:?]
	at org.apache.hadoop.ipc.ProtobufRpcEngine2$Server$ProtoBufRpcInvoker.call(ProtobufRpcEngine2.java:552) [hadoop-common-3.3.1.jar:?]
	at org.apache.hadoop.ipc.RPC$Server.call(RPC.java:1093) [hadoop-common-3.3.1.jar:?]
	at org.apache.hadoop.ipc.Server$RpcCall.run(Server.java:1035) [hadoop-common-3.3.1.jar:?]
	at org.apache.hadoop.ipc.Server$RpcCall.run(Server.java:963) [hadoop-common-3.3.1.jar:?]
	at java.security.AccessController.doPrivileged(Native Method) ~[?:1.8.0_345]
	at javax.security.auth.Subject.doAs(Subject.java:422) [?:1.8.0_345]
	at org.apache.hadoop.security.UserGroupInformation.doAs(UserGroupInformation.java:1878) [hadoop-common-3.3.1.jar:?]
	at org.apache.hadoop.ipc.Server$Handler.run(Server.java:2966) [hadoop-common-3.3.1.jar:?]
2022-09-28 15:53:44,751 [Time-limited test] WARN  ozone.BasicOzoneFileSystem (BasicOzoneFileSystem.java:getFileStatus(765)) - GetFileStatus failed for path /gdir1/dir2/child
java.io.FileNotFoundException: gdir1/dir2/child: No such file or directory!
	at org.apache.hadoop.fs.ozone.BasicOzoneClientAdapterImpl.getFileStatus(BasicOzoneClientAdapterImpl.java:369)
	at org.apache.hadoop.fs.ozone.BasicOzoneFileSystem.getFileStatus(BasicOzoneFileSystem.java:757)
	at org.apache.hadoop.fs.ozone.TestOzoneFileSystem.checkPath(TestOzoneFileSystem.java:504)
	at org.apache.hadoop.fs.ozone.TestOzoneFileSystem.testRecursiveDelete(TestOzoneFileSystem.java:460)
	at sun.reflect.NativeMethodAccessorImpl.invoke0(Native Method)
	at sun.reflect.NativeMethodAccessorImpl.invoke(NativeMethodAccessorImpl.java:62)
	at sun.reflect.DelegatingMethodAccessorImpl.invoke(DelegatingMethodAccessorImpl.java:43)
	at java.lang.reflect.Method.invoke(Method.java:498)
	at org.junit.runners.model.FrameworkMethod$1.runReflectiveCall(FrameworkMethod.java:59)
	at org.junit.internal.runners.model.ReflectiveCallable.run(ReflectiveCallable.java:12)
	at org.junit.runners.model.FrameworkMethod.invokeExplosively(FrameworkMethod.java:56)
	at org.junit.internal.runners.statements.InvokeMethod.evaluate(InvokeMethod.java:17)
	at org.junit.internal.runners.statements.RunAfters.evaluate(RunAfters.java:27)
	at org.junit.internal.runners.statements.FailOnTimeout$CallableStatement.call(FailOnTimeout.java:288)
	at org.junit.internal.runners.statements.FailOnTimeout$CallableStatement.call(FailOnTimeout.java:282)
	at java.util.concurrent.FutureTask.run(FutureTask.java:266)
	at java.lang.Thread.run(Thread.java:750)
15:53:44.751 [IPC Server handler 10 on default port 42319] ERROR OMAudit - user=runner | ip=127.0.0.1 | op=GET_FILE_STATUS {volume=volume00149, bucket=bucket04297, key=gdir1/dir3, dataSize=0, replicationConfig=null} | ret=FAILURE
org.apache.hadoop.ozone.om.exceptions.OMException: Unable to get file status: volume: volume00149 bucket: bucket04297 key: gdir1/dir3
	at org.apache.hadoop.ozone.om.KeyManagerImpl.getOzoneFileStatus(KeyManagerImpl.java:1324) ~[ozone-manager-1.3.0-SNAPSHOT.jar:?]
	at org.apache.hadoop.ozone.om.KeyManagerImpl.getFileStatus(KeyManagerImpl.java:1254) ~[ozone-manager-1.3.0-SNAPSHOT.jar:?]
	at org.apache.hadoop.ozone.om.OzoneManager.getFileStatus(OzoneManager.java:3506) ~[ozone-manager-1.3.0-SNAPSHOT.jar:?]
	at org.apache.hadoop.ozone.protocolPB.OzoneManagerRequestHandler.getOzoneFileStatus(OzoneManagerRequestHandler.java:882) ~[ozone-manager-1.3.0-SNAPSHOT.jar:?]
	at org.apache.hadoop.ozone.protocolPB.OzoneManagerRequestHandler.handleReadRequest(OzoneManagerRequestHandler.java:228) ~[ozone-manager-1.3.0-SNAPSHOT.jar:?]
	at org.apache.hadoop.ozone.protocolPB.OzoneManagerProtocolServerSideTranslatorPB.submitRequestDirectlyToOM(OzoneManagerProtocolServerSideTranslatorPB.java:276) ~[ozone-manager-1.3.0-SNAPSHOT.jar:?]
	at org.apache.hadoop.ozone.protocolPB.OzoneManagerProtocolServerSideTranslatorPB.processRequest(OzoneManagerProtocolServerSideTranslatorPB.java:205) ~[ozone-manager-1.3.0-SNAPSHOT.jar:?]
	at org.apache.hadoop.hdds.server.OzoneProtocolMessageDispatcher.processRequest(OzoneProtocolMessageDispatcher.java:87) [hdds-server-framework-1.3.0-SNAPSHOT.jar:?]
	at org.apache.hadoop.ozone.protocolPB.OzoneManagerProtocolServerSideTranslatorPB.submitRequest(OzoneManagerProtocolServerSideTranslatorPB.java:147) [ozone-manager-1.3.0-SNAPSHOT.jar:?]
	at org.apache.hadoop.ozone.protocol.proto.OzoneManagerProtocolProtos$OzoneManagerService$2.callBlockingMethod(OzoneManagerProtocolProtos.java) [ozone-interface-client-1.3.0-SNAPSHOT.jar:?]
	at org.apache.hadoop.ipc.ProtobufRpcEngine$Server.processCall(ProtobufRpcEngine.java:466) [hadoop-common-3.3.1.jar:?]
	at org.apache.hadoop.ipc.ProtobufRpcEngine2$Server$ProtoBufRpcInvoker.call(ProtobufRpcEngine2.java:574) [hadoop-common-3.3.1.jar:?]
	at org.apache.hadoop.ipc.ProtobufRpcEngine2$Server$ProtoBufRpcInvoker.call(ProtobufRpcEngine2.java:552) [hadoop-common-3.3.1.jar:?]
	at org.apache.hadoop.ipc.RPC$Server.call(RPC.java:1093) [hadoop-common-3.3.1.jar:?]
	at org.apache.hadoop.ipc.Server$RpcCall.run(Server.java:1035) [hadoop-common-3.3.1.jar:?]
	at org.apache.hadoop.ipc.Server$RpcCall.run(Server.java:963) [hadoop-common-3.3.1.jar:?]
	at java.security.AccessController.doPrivileged(Native Method) ~[?:1.8.0_345]
	at javax.security.auth.Subject.doAs(Subject.java:422) [?:1.8.0_345]
	at org.apache.hadoop.security.UserGroupInformation.doAs(UserGroupInformation.java:1878) [hadoop-common-3.3.1.jar:?]
	at org.apache.hadoop.ipc.Server$Handler.run(Server.java:2966) [hadoop-common-3.3.1.jar:?]
2022-09-28 15:53:44,752 [Time-limited test] WARN  ozone.BasicOzoneFileSystem (BasicOzoneFileSystem.java:getFileStatus(765)) - GetFileStatus failed for path /gdir1/dir3
java.io.FileNotFoundException: gdir1/dir3: No such file or directory!
	at org.apache.hadoop.fs.ozone.BasicOzoneClientAdapterImpl.getFileStatus(BasicOzoneClientAdapterImpl.java:369)
	at org.apache.hadoop.fs.ozone.BasicOzoneFileSystem.getFileStatus(BasicOzoneFileSystem.java:757)
	at org.apache.hadoop.fs.ozone.TestOzoneFileSystem.checkPath(TestOzoneFileSystem.java:504)
	at org.apache.hadoop.fs.ozone.TestOzoneFileSystem.testRecursiveDelete(TestOzoneFileSystem.java:459)
	at sun.reflect.NativeMethodAccessorImpl.invoke0(Native Method)
	at sun.reflect.NativeMethodAccessorImpl.invoke(NativeMethodAccessorImpl.java:62)
	at sun.reflect.DelegatingMethodAccessorImpl.invoke(DelegatingMethodAccessorImpl.java:43)
	at java.lang.reflect.Method.invoke(Method.java:498)
	at org.junit.runners.model.FrameworkMethod$1.runReflectiveCall(FrameworkMethod.java:59)
	at org.junit.internal.runners.model.ReflectiveCallable.run(ReflectiveCallable.java:12)
	at org.junit.runners.model.FrameworkMethod.invokeExplosively(FrameworkMethod.java:56)
	at org.junit.internal.runners.statements.InvokeMethod.evaluate(InvokeMethod.java:17)
	at org.junit.internal.runners.statements.RunAfters.evaluate(RunAfters.java:27)
	at org.junit.internal.runners.statements.FailOnTimeout$CallableStatement.call(FailOnTimeout.java:288)
	at org.junit.internal.runners.statements.FailOnTimeout$CallableStatement.call(FailOnTimeout.java:282)
	at java.util.concurrent.FutureTask.run(FutureTask.java:266)
	at java.lang.Thread.run(Thread.java:750)
15:53:44.752 [IPC Server handler 11 on default port 42319] ERROR OMAudit - user=runner | ip=127.0.0.1 | op=GET_FILE_STATUS {volume=volume00149, bucket=bucket04297, key=gdir1/dir3/child, dataSize=0, replicationConfig=null} | ret=FAILURE
org.apache.hadoop.ozone.om.exceptions.OMException: Unable to get file status: volume: volume00149 bucket: bucket04297 key: gdir1/dir3/child
	at org.apache.hadoop.ozone.om.KeyManagerImpl.getOzoneFileStatus(KeyManagerImpl.java:1324) ~[ozone-manager-1.3.0-SNAPSHOT.jar:?]
	at org.apache.hadoop.ozone.om.KeyManagerImpl.getFileStatus(KeyManagerImpl.java:1254) ~[ozone-manager-1.3.0-SNAPSHOT.jar:?]
	at org.apache.hadoop.ozone.om.OzoneManager.getFileStatus(OzoneManager.java:3506) ~[ozone-manager-1.3.0-SNAPSHOT.jar:?]
	at org.apache.hadoop.ozone.protocolPB.OzoneManagerRequestHandler.getOzoneFileStatus(OzoneManagerRequestHandler.java:882) ~[ozone-manager-1.3.0-SNAPSHOT.jar:?]
	at org.apache.hadoop.ozone.protocolPB.OzoneManagerRequestHandler.handleReadRequest(OzoneManagerRequestHandler.java:228) ~[ozone-manager-1.3.0-SNAPSHOT.jar:?]
	at org.apache.hadoop.ozone.protocolPB.OzoneManagerProtocolServerSideTranslatorPB.submitRequestDirectlyToOM(OzoneManagerProtocolServerSideTranslatorPB.java:276) ~[ozone-manager-1.3.0-SNAPSHOT.jar:?]
	at org.apache.hadoop.ozone.protocolPB.OzoneManagerProtocolServerSideTranslatorPB.processRequest(OzoneManagerProtocolServerSideTranslatorPB.java:205) ~[ozone-manager-1.3.0-SNAPSHOT.jar:?]
	at org.apache.hadoop.hdds.server.OzoneProtocolMessageDispatcher.processRequest(OzoneProtocolMessageDispatcher.java:87) [hdds-server-framework-1.3.0-SNAPSHOT.jar:?]
	at org.apache.hadoop.ozone.protocolPB.OzoneManagerProtocolServerSideTranslatorPB.submitRequest(OzoneManagerProtocolServerSideTranslatorPB.java:147) [ozone-manager-1.3.0-SNAPSHOT.jar:?]
	at org.apache.hadoop.ozone.protocol.proto.OzoneManagerProtocolProtos$OzoneManagerService$2.callBlockingMethod(OzoneManagerProtocolProtos.java) [ozone-interface-client-1.3.0-SNAPSHOT.jar:?]
	at org.apache.hadoop.ipc.ProtobufRpcEngine$Server.processCall(ProtobufRpcEngine.java:466) [hadoop-common-3.3.1.jar:?]
	at org.apache.hadoop.ipc.ProtobufRpcEngine2$Server$ProtoBufRpcInvoker.call(ProtobufRpcEngine2.java:574) [hadoop-common-3.3.1.jar:?]
	at org.apache.hadoop.ipc.ProtobufRpcEngine2$Server$ProtoBufRpcInvoker.call(ProtobufRpcEngine2.java:552) [hadoop-common-3.3.1.jar:?]
	at org.apache.hadoop.ipc.RPC$Server.call(RPC.java:1093) [hadoop-common-3.3.1.jar:?]
	at org.apache.hadoop.ipc.Server$RpcCall.run(Server.java:1035) [hadoop-common-3.3.1.jar:?]
	at org.apache.hadoop.ipc.Server$RpcCall.run(Server.java:963) [hadoop-common-3.3.1.jar:?]
	at java.security.AccessController.doPrivileged(Native Method) ~[?:1.8.0_345]
	at javax.security.auth.Subject.doAs(Subject.java:422) [?:1.8.0_345]
	at org.apache.hadoop.security.UserGroupInformation.doAs(UserGroupInformation.java:1878) [hadoop-common-3.3.1.jar:?]
	at org.apache.hadoop.ipc.Server$Handler.run(Server.java:2966) [hadoop-common-3.3.1.jar:?]
2022-09-28 15:53:44,753 [Time-limited test] WARN  ozone.BasicOzoneFileSystem (BasicOzoneFileSystem.java:getFileStatus(765)) - GetFileStatus failed for path /gdir1/dir3/child
java.io.FileNotFoundException: gdir1/dir3/child: No such file or directory!
	at org.apache.hadoop.fs.ozone.BasicOzoneClientAdapterImpl.getFileStatus(BasicOzoneClientAdapterImpl.java:369)
	at org.apache.hadoop.fs.ozone.BasicOzoneFileSystem.getFileStatus(BasicOzoneFileSystem.java:757)
	at org.apache.hadoop.fs.ozone.TestOzoneFileSystem.checkPath(TestOzoneFileSystem.java:504)
	at org.apache.hadoop.fs.ozone.TestOzoneFileSystem.testRecursiveDelete(TestOzoneFileSystem.java:460)
	at sun.reflect.NativeMethodAccessorImpl.invoke0(Native Method)
	at sun.reflect.NativeMethodAccessorImpl.invoke(NativeMethodAccessorImpl.java:62)
	at sun.reflect.DelegatingMethodAccessorImpl.invoke(DelegatingMethodAccessorImpl.java:43)
	at java.lang.reflect.Method.invoke(Method.java:498)
	at org.junit.runners.model.FrameworkMethod$1.runReflectiveCall(FrameworkMethod.java:59)
	at org.junit.internal.runners.model.ReflectiveCallable.run(ReflectiveCallable.java:12)
	at org.junit.runners.model.FrameworkMethod.invokeExplosively(FrameworkMethod.java:56)
	at org.junit.internal.runners.statements.InvokeMethod.evaluate(InvokeMethod.java:17)
	at org.junit.internal.runners.statements.RunAfters.evaluate(RunAfters.java:27)
	at org.junit.internal.runners.statements.FailOnTimeout$CallableStatement.call(FailOnTimeout.java:288)
	at org.junit.internal.runners.statements.FailOnTimeout$CallableStatement.call(FailOnTimeout.java:282)
	at java.util.concurrent.FutureTask.run(FutureTask.java:266)
	at java.lang.Thread.run(Thread.java:750)
15:53:44.753 [IPC Server handler 9 on default port 42319] ERROR OMAudit - user=runner | ip=127.0.0.1 | op=GET_FILE_STATUS {volume=volume00149, bucket=bucket04297, key=gdir1/dir4, dataSize=0, replicationConfig=null} | ret=FAILURE
org.apache.hadoop.ozone.om.exceptions.OMException: Unable to get file status: volume: volume00149 bucket: bucket04297 key: gdir1/dir4
	at org.apache.hadoop.ozone.om.KeyManagerImpl.getOzoneFileStatus(KeyManagerImpl.java:1324) ~[ozone-manager-1.3.0-SNAPSHOT.jar:?]
	at org.apache.hadoop.ozone.om.KeyManagerImpl.getFileStatus(KeyManagerImpl.java:1254) ~[ozone-manager-1.3.0-SNAPSHOT.jar:?]
	at org.apache.hadoop.ozone.om.OzoneManager.getFileStatus(OzoneManager.java:3506) ~[ozone-manager-1.3.0-SNAPSHOT.jar:?]
	at org.apache.hadoop.ozone.protocolPB.OzoneManagerRequestHandler.getOzoneFileStatus(OzoneManagerRequestHandler.java:882) ~[ozone-manager-1.3.0-SNAPSHOT.jar:?]
	at org.apache.hadoop.ozone.protocolPB.OzoneManagerRequestHandler.handleReadRequest(OzoneManagerRequestHandler.java:228) ~[ozone-manager-1.3.0-SNAPSHOT.jar:?]
	at org.apache.hadoop.ozone.protocolPB.OzoneManagerProtocolServerSideTranslatorPB.submitRequestDirectlyToOM(OzoneManagerProtocolServerSideTranslatorPB.java:276) ~[ozone-manager-1.3.0-SNAPSHOT.jar:?]
	at org.apache.hadoop.ozone.protocolPB.OzoneManagerProtocolServerSideTranslatorPB.processRequest(OzoneManagerProtocolServerSideTranslatorPB.java:205) ~[ozone-manager-1.3.0-SNAPSHOT.jar:?]
	at org.apache.hadoop.hdds.server.OzoneProtocolMessageDispatcher.processRequest(OzoneProtocolMessageDispatcher.java:87) [hdds-server-framework-1.3.0-SNAPSHOT.jar:?]
	at org.apache.hadoop.ozone.protocolPB.OzoneManagerProtocolServerSideTranslatorPB.submitRequest(OzoneManagerProtocolServerSideTranslatorPB.java:147) [ozone-manager-1.3.0-SNAPSHOT.jar:?]
	at org.apache.hadoop.ozone.protocol.proto.OzoneManagerProtocolProtos$OzoneManagerService$2.callBlockingMethod(OzoneManagerProtocolProtos.java) [ozone-interface-client-1.3.0-SNAPSHOT.jar:?]
	at org.apache.hadoop.ipc.ProtobufRpcEngine$Server.processCall(ProtobufRpcEngine.java:466) [hadoop-common-3.3.1.jar:?]
	at org.apache.hadoop.ipc.ProtobufRpcEngine2$Server$ProtoBufRpcInvoker.call(ProtobufRpcEngine2.java:574) [hadoop-common-3.3.1.jar:?]
	at org.apache.hadoop.ipc.ProtobufRpcEngine2$Server$ProtoBufRpcInvoker.call(ProtobufRpcEngine2.java:552) [hadoop-common-3.3.1.jar:?]
	at org.apache.hadoop.ipc.RPC$Server.call(RPC.java:1093) [hadoop-common-3.3.1.jar:?]
	at org.apache.hadoop.ipc.Server$RpcCall.run(Server.java:1035) [hadoop-common-3.3.1.jar:?]
	at org.apache.hadoop.ipc.Server$RpcCall.run(Server.java:963) [hadoop-common-3.3.1.jar:?]
	at java.security.AccessController.doPrivileged(Native Method) ~[?:1.8.0_345]
	at javax.security.auth.Subject.doAs(Subject.java:422) [?:1.8.0_345]
	at org.apache.hadoop.security.UserGroupInformation.doAs(UserGroupInformation.java:1878) [hadoop-common-3.3.1.jar:?]
	at org.apache.hadoop.ipc.Server$Handler.run(Server.java:2966) [hadoop-common-3.3.1.jar:?]
2022-09-28 15:53:44,753 [Time-limited test] WARN  ozone.BasicOzoneFileSystem (BasicOzoneFileSystem.java:getFileStatus(765)) - GetFileStatus failed for path /gdir1/dir4
java.io.FileNotFoundException: gdir1/dir4: No such file or directory!
	at org.apache.hadoop.fs.ozone.BasicOzoneClientAdapterImpl.getFileStatus(BasicOzoneClientAdapterImpl.java:369)
	at org.apache.hadoop.fs.ozone.BasicOzoneFileSystem.getFileStatus(BasicOzoneFileSystem.java:757)
	at org.apache.hadoop.fs.ozone.TestOzoneFileSystem.checkPath(TestOzoneFileSystem.java:504)
	at org.apache.hadoop.fs.ozone.TestOzoneFileSystem.testRecursiveDelete(TestOzoneFileSystem.java:459)
	at sun.reflect.NativeMethodAccessorImpl.invoke0(Native Method)
	at sun.reflect.NativeMethodAccessorImpl.invoke(NativeMethodAccessorImpl.java:62)
	at sun.reflect.DelegatingMethodAccessorImpl.invoke(DelegatingMethodAccessorImpl.java:43)
	at java.lang.reflect.Method.invoke(Method.java:498)
	at org.junit.runners.model.FrameworkMethod$1.runReflectiveCall(FrameworkMethod.java:59)
	at org.junit.internal.runners.model.ReflectiveCallable.run(ReflectiveCallable.java:12)
	at org.junit.runners.model.FrameworkMethod.invokeExplosively(FrameworkMethod.java:56)
	at org.junit.internal.runners.statements.InvokeMethod.evaluate(InvokeMethod.java:17)
	at org.junit.internal.runners.statements.RunAfters.evaluate(RunAfters.java:27)
	at org.junit.internal.runners.statements.FailOnTimeout$CallableStatement.call(FailOnTimeout.java:288)
	at org.junit.internal.runners.statements.FailOnTimeout$CallableStatement.call(FailOnTimeout.java:282)
	at java.util.concurrent.FutureTask.run(FutureTask.java:266)
	at java.lang.Thread.run(Thread.java:750)
15:53:44.754 [IPC Server handler 12 on default port 42319] ERROR OMAudit - user=runner | ip=127.0.0.1 | op=GET_FILE_STATUS {volume=volume00149, bucket=bucket04297, key=gdir1/dir4/child, dataSize=0, replicationConfig=null} | ret=FAILURE
org.apache.hadoop.ozone.om.exceptions.OMException: Unable to get file status: volume: volume00149 bucket: bucket04297 key: gdir1/dir4/child
	at org.apache.hadoop.ozone.om.KeyManagerImpl.getOzoneFileStatus(KeyManagerImpl.java:1324) ~[ozone-manager-1.3.0-SNAPSHOT.jar:?]
	at org.apache.hadoop.ozone.om.KeyManagerImpl.getFileStatus(KeyManagerImpl.java:1254) ~[ozone-manager-1.3.0-SNAPSHOT.jar:?]
	at org.apache.hadoop.ozone.om.OzoneManager.getFileStatus(OzoneManager.java:3506) ~[ozone-manager-1.3.0-SNAPSHOT.jar:?]
	at org.apache.hadoop.ozone.protocolPB.OzoneManagerRequestHandler.getOzoneFileStatus(OzoneManagerRequestHandler.java:882) ~[ozone-manager-1.3.0-SNAPSHOT.jar:?]
	at org.apache.hadoop.ozone.protocolPB.OzoneManagerRequestHandler.handleReadRequest(OzoneManagerRequestHandler.java:228) ~[ozone-manager-1.3.0-SNAPSHOT.jar:?]
	at org.apache.hadoop.ozone.protocolPB.OzoneManagerProtocolServerSideTranslatorPB.submitRequestDirectlyToOM(OzoneManagerProtocolServerSideTranslatorPB.java:276) ~[ozone-manager-1.3.0-SNAPSHOT.jar:?]
	at org.apache.hadoop.ozone.protocolPB.OzoneManagerProtocolServerSideTranslatorPB.processRequest(OzoneManagerProtocolServerSideTranslatorPB.java:205) ~[ozone-manager-1.3.0-SNAPSHOT.jar:?]
	at org.apache.hadoop.hdds.server.OzoneProtocolMessageDispatcher.processRequest(OzoneProtocolMessageDispatcher.java:87) [hdds-server-framework-1.3.0-SNAPSHOT.jar:?]
	at org.apache.hadoop.ozone.protocolPB.OzoneManagerProtocolServerSideTranslatorPB.submitRequest(OzoneManagerProtocolServerSideTranslatorPB.java:147) [ozone-manager-1.3.0-SNAPSHOT.jar:?]
	at org.apache.hadoop.ozone.protocol.proto.OzoneManagerProtocolProtos$OzoneManagerService$2.callBlockingMethod(OzoneManagerProtocolProtos.java) [ozone-interface-client-1.3.0-SNAPSHOT.jar:?]
	at org.apache.hadoop.ipc.ProtobufRpcEngine$Server.processCall(ProtobufRpcEngine.java:466) [hadoop-common-3.3.1.jar:?]
	at org.apache.hadoop.ipc.ProtobufRpcEngine2$Server$ProtoBufRpcInvoker.call(ProtobufRpcEngine2.java:574) [hadoop-common-3.3.1.jar:?]
	at org.apache.hadoop.ipc.ProtobufRpcEngine2$Server$ProtoBufRpcInvoker.call(ProtobufRpcEngine2.java:552) [hadoop-common-3.3.1.jar:?]
	at org.apache.hadoop.ipc.RPC$Server.call(RPC.java:1093) [hadoop-common-3.3.1.jar:?]
	at org.apache.hadoop.ipc.Server$RpcCall.run(Server.java:1035) [hadoop-common-3.3.1.jar:?]
	at org.apache.hadoop.ipc.Server$RpcCall.run(Server.java:963) [hadoop-common-3.3.1.jar:?]
	at java.security.AccessController.doPrivileged(Native Method) ~[?:1.8.0_345]
	at javax.security.auth.Subject.doAs(Subject.java:422) [?:1.8.0_345]
	at org.apache.hadoop.security.UserGroupInformation.doAs(UserGroupInformation.java:1878) [hadoop-common-3.3.1.jar:?]
	at org.apache.hadoop.ipc.Server$Handler.run(Server.java:2966) [hadoop-common-3.3.1.jar:?]
2022-09-28 15:53:44,754 [Time-limited test] WARN  ozone.BasicOzoneFileSystem (BasicOzoneFileSystem.java:getFileStatus(765)) - GetFileStatus failed for path /gdir1/dir4/child
java.io.FileNotFoundException: gdir1/dir4/child: No such file or directory!
	at org.apache.hadoop.fs.ozone.BasicOzoneClientAdapterImpl.getFileStatus(BasicOzoneClientAdapterImpl.java:369)
	at org.apache.hadoop.fs.ozone.BasicOzoneFileSystem.getFileStatus(BasicOzoneFileSystem.java:757)
	at org.apache.hadoop.fs.ozone.TestOzoneFileSystem.checkPath(TestOzoneFileSystem.java:504)
	at org.apache.hadoop.fs.ozone.TestOzoneFileSystem.testRecursiveDelete(TestOzoneFileSystem.java:460)
	at sun.reflect.NativeMethodAccessorImpl.invoke0(Native Method)
	at sun.reflect.NativeMethodAccessorImpl.invoke(NativeMethodAccessorImpl.java:62)
	at sun.reflect.DelegatingMethodAccessorImpl.invoke(DelegatingMethodAccessorImpl.java:43)
	at java.lang.reflect.Method.invoke(Method.java:498)
	at org.junit.runners.model.FrameworkMethod$1.runReflectiveCall(FrameworkMethod.java:59)
	at org.junit.internal.runners.model.ReflectiveCallable.run(ReflectiveCallable.java:12)
	at org.junit.runners.model.FrameworkMethod.invokeExplosively(FrameworkMethod.java:56)
	at org.junit.internal.runners.statements.InvokeMethod.evaluate(InvokeMethod.java:17)
	at org.junit.internal.runners.statements.RunAfters.evaluate(RunAfters.java:27)
	at org.junit.internal.runners.statements.FailOnTimeout$CallableStatement.call(FailOnTimeout.java:288)
	at org.junit.internal.runners.statements.FailOnTimeout$CallableStatement.call(FailOnTimeout.java:282)
	at java.util.concurrent.FutureTask.run(FutureTask.java:266)
	at java.lang.Thread.run(Thread.java:750)
15:53:44.755 [IPC Server handler 14 on default port 42319] ERROR OMAudit - user=runner | ip=127.0.0.1 | op=GET_FILE_STATUS {volume=volume00149, bucket=bucket04297, key=gdir1/dir5, dataSize=0, replicationConfig=null} | ret=FAILURE
org.apache.hadoop.ozone.om.exceptions.OMException: Unable to get file status: volume: volume00149 bucket: bucket04297 key: gdir1/dir5
	at org.apache.hadoop.ozone.om.KeyManagerImpl.getOzoneFileStatus(KeyManagerImpl.java:1324) ~[ozone-manager-1.3.0-SNAPSHOT.jar:?]
	at org.apache.hadoop.ozone.om.KeyManagerImpl.getFileStatus(KeyManagerImpl.java:1254) ~[ozone-manager-1.3.0-SNAPSHOT.jar:?]
	at org.apache.hadoop.ozone.om.OzoneManager.getFileStatus(OzoneManager.java:3506) ~[ozone-manager-1.3.0-SNAPSHOT.jar:?]
	at org.apache.hadoop.ozone.protocolPB.OzoneManagerRequestHandler.getOzoneFileStatus(OzoneManagerRequestHandler.java:882) ~[ozone-manager-1.3.0-SNAPSHOT.jar:?]
	at org.apache.hadoop.ozone.protocolPB.OzoneManagerRequestHandler.handleReadRequest(OzoneManagerRequestHandler.java:228) ~[ozone-manager-1.3.0-SNAPSHOT.jar:?]
	at org.apache.hadoop.ozone.protocolPB.OzoneManagerProtocolServerSideTranslatorPB.submitRequestDirectlyToOM(OzoneManagerProtocolServerSideTranslatorPB.java:276) ~[ozone-manager-1.3.0-SNAPSHOT.jar:?]
	at org.apache.hadoop.ozone.protocolPB.OzoneManagerProtocolServerSideTranslatorPB.processRequest(OzoneManagerProtocolServerSideTranslatorPB.java:205) ~[ozone-manager-1.3.0-SNAPSHOT.jar:?]
	at org.apache.hadoop.hdds.server.OzoneProtocolMessageDispatcher.processRequest(OzoneProtocolMessageDispatcher.java:87) [hdds-server-framework-1.3.0-SNAPSHOT.jar:?]
	at org.apache.hadoop.ozone.protocolPB.OzoneManagerProtocolServerSideTranslatorPB.submitRequest(OzoneManagerProtocolServerSideTranslatorPB.java:147) [ozone-manager-1.3.0-SNAPSHOT.jar:?]
	at org.apache.hadoop.ozone.protocol.proto.OzoneManagerProtocolProtos$OzoneManagerService$2.callBlockingMethod(OzoneManagerProtocolProtos.java) [ozone-interface-client-1.3.0-SNAPSHOT.jar:?]
	at org.apache.hadoop.ipc.ProtobufRpcEngine$Server.processCall(ProtobufRpcEngine.java:466) [hadoop-common-3.3.1.jar:?]
	at org.apache.hadoop.ipc.ProtobufRpcEngine2$Server$ProtoBufRpcInvoker.call(ProtobufRpcEngine2.java:574) [hadoop-common-3.3.1.jar:?]
	at org.apache.hadoop.ipc.ProtobufRpcEngine2$Server$ProtoBufRpcInvoker.call(ProtobufRpcEngine2.java:552) [hadoop-common-3.3.1.jar:?]
	at org.apache.hadoop.ipc.RPC$Server.call(RPC.java:1093) [hadoop-common-3.3.1.jar:?]
	at org.apache.hadoop.ipc.Server$RpcCall.run(Server.java:1035) [hadoop-common-3.3.1.jar:?]
	at org.apache.hadoop.ipc.Server$RpcCall.run(Server.java:963) [hadoop-common-3.3.1.jar:?]
	at java.security.AccessController.doPrivileged(Native Method) ~[?:1.8.0_345]
	at javax.security.auth.Subject.doAs(Subject.java:422) [?:1.8.0_345]
	at org.apache.hadoop.security.UserGroupInformation.doAs(UserGroupInformation.java:1878) [hadoop-common-3.3.1.jar:?]
	at org.apache.hadoop.ipc.Server$Handler.run(Server.java:2966) [hadoop-common-3.3.1.jar:?]
2022-09-28 15:53:44,755 [Time-limited test] WARN  ozone.BasicOzoneFileSystem (BasicOzoneFileSystem.java:getFileStatus(765)) - GetFileStatus failed for path /gdir1/dir5
java.io.FileNotFoundException: gdir1/dir5: No such file or directory!
	at org.apache.hadoop.fs.ozone.BasicOzoneClientAdapterImpl.getFileStatus(BasicOzoneClientAdapterImpl.java:369)
	at org.apache.hadoop.fs.ozone.BasicOzoneFileSystem.getFileStatus(BasicOzoneFileSystem.java:757)
	at org.apache.hadoop.fs.ozone.TestOzoneFileSystem.checkPath(TestOzoneFileSystem.java:504)
	at org.apache.hadoop.fs.ozone.TestOzoneFileSystem.testRecursiveDelete(TestOzoneFileSystem.java:459)
	at sun.reflect.NativeMethodAccessorImpl.invoke0(Native Method)
	at sun.reflect.NativeMethodAccessorImpl.invoke(NativeMethodAccessorImpl.java:62)
	at sun.reflect.DelegatingMethodAccessorImpl.invoke(DelegatingMethodAccessorImpl.java:43)
	at java.lang.reflect.Method.invoke(Method.java:498)
	at org.junit.runners.model.FrameworkMethod$1.runReflectiveCall(FrameworkMethod.java:59)
	at org.junit.internal.runners.model.ReflectiveCallable.run(ReflectiveCallable.java:12)
	at org.junit.runners.model.FrameworkMethod.invokeExplosively(FrameworkMethod.java:56)
	at org.junit.internal.runners.statements.InvokeMethod.evaluate(InvokeMethod.java:17)
	at org.junit.internal.runners.statements.RunAfters.evaluate(RunAfters.java:27)
	at org.junit.internal.runners.statements.FailOnTimeout$CallableStatement.call(FailOnTimeout.java:288)
	at org.junit.internal.runners.statements.FailOnTimeout$CallableStatement.call(FailOnTimeout.java:282)
	at java.util.concurrent.FutureTask.run(FutureTask.java:266)
	at java.lang.Thread.run(Thread.java:750)
15:53:44.755 [IPC Server handler 15 on default port 42319] ERROR OMAudit - user=runner | ip=127.0.0.1 | op=GET_FILE_STATUS {volume=volume00149, bucket=bucket04297, key=gdir1/dir5/child, dataSize=0, replicationConfig=null} | ret=FAILURE
org.apache.hadoop.ozone.om.exceptions.OMException: Unable to get file status: volume: volume00149 bucket: bucket04297 key: gdir1/dir5/child
	at org.apache.hadoop.ozone.om.KeyManagerImpl.getOzoneFileStatus(KeyManagerImpl.java:1324) ~[ozone-manager-1.3.0-SNAPSHOT.jar:?]
	at org.apache.hadoop.ozone.om.KeyManagerImpl.getFileStatus(KeyManagerImpl.java:1254) ~[ozone-manager-1.3.0-SNAPSHOT.jar:?]
	at org.apache.hadoop.ozone.om.OzoneManager.getFileStatus(OzoneManager.java:3506) ~[ozone-manager-1.3.0-SNAPSHOT.jar:?]
	at org.apache.hadoop.ozone.protocolPB.OzoneManagerRequestHandler.getOzoneFileStatus(OzoneManagerRequestHandler.java:882) ~[ozone-manager-1.3.0-SNAPSHOT.jar:?]
	at org.apache.hadoop.ozone.protocolPB.OzoneManagerRequestHandler.handleReadRequest(OzoneManagerRequestHandler.java:228) ~[ozone-manager-1.3.0-SNAPSHOT.jar:?]
	at org.apache.hadoop.ozone.protocolPB.OzoneManagerProtocolServerSideTranslatorPB.submitRequestDirectlyToOM(OzoneManagerProtocolServerSideTranslatorPB.java:276) ~[ozone-manager-1.3.0-SNAPSHOT.jar:?]
	at org.apache.hadoop.ozone.protocolPB.OzoneManagerProtocolServerSideTranslatorPB.processRequest(OzoneManagerProtocolServerSideTranslatorPB.java:205) ~[ozone-manager-1.3.0-SNAPSHOT.jar:?]
	at org.apache.hadoop.hdds.server.OzoneProtocolMessageDispatcher.processRequest(OzoneProtocolMessageDispatcher.java:87) [hdds-server-framework-1.3.0-SNAPSHOT.jar:?]
	at org.apache.hadoop.ozone.protocolPB.OzoneManagerProtocolServerSideTranslatorPB.submitRequest(OzoneManagerProtocolServerSideTranslatorPB.java:147) [ozone-manager-1.3.0-SNAPSHOT.jar:?]
	at org.apache.hadoop.ozone.protocol.proto.OzoneManagerProtocolProtos$OzoneManagerService$2.callBlockingMethod(OzoneManagerProtocolProtos.java) [ozone-interface-client-1.3.0-SNAPSHOT.jar:?]
	at org.apache.hadoop.ipc.ProtobufRpcEngine$Server.processCall(ProtobufRpcEngine.java:466) [hadoop-common-3.3.1.jar:?]
	at org.apache.hadoop.ipc.ProtobufRpcEngine2$Server$ProtoBufRpcInvoker.call(ProtobufRpcEngine2.java:574) [hadoop-common-3.3.1.jar:?]
	at org.apache.hadoop.ipc.ProtobufRpcEngine2$Server$ProtoBufRpcInvoker.call(ProtobufRpcEngine2.java:552) [hadoop-common-3.3.1.jar:?]
	at org.apache.hadoop.ipc.RPC$Server.call(RPC.java:1093) [hadoop-common-3.3.1.jar:?]
	at org.apache.hadoop.ipc.Server$RpcCall.run(Server.java:1035) [hadoop-common-3.3.1.jar:?]
	at org.apache.hadoop.ipc.Server$RpcCall.run(Server.java:963) [hadoop-common-3.3.1.jar:?]
	at java.security.AccessController.doPrivileged(Native Method) ~[?:1.8.0_345]
	at javax.security.auth.Subject.doAs(Subject.java:422) [?:1.8.0_345]
	at org.apache.hadoop.security.UserGroupInformation.doAs(UserGroupInformation.java:1878) [hadoop-common-3.3.1.jar:?]
	at org.apache.hadoop.ipc.Server$Handler.run(Server.java:2966) [hadoop-common-3.3.1.jar:?]
2022-09-28 15:53:44,756 [Time-limited test] WARN  ozone.BasicOzoneFileSystem (BasicOzoneFileSystem.java:getFileStatus(765)) - GetFileStatus failed for path /gdir1/dir5/child
java.io.FileNotFoundException: gdir1/dir5/child: No such file or directory!
	at org.apache.hadoop.fs.ozone.BasicOzoneClientAdapterImpl.getFileStatus(BasicOzoneClientAdapterImpl.java:369)
	at org.apache.hadoop.fs.ozone.BasicOzoneFileSystem.getFileStatus(BasicOzoneFileSystem.java:757)
	at org.apache.hadoop.fs.ozone.TestOzoneFileSystem.checkPath(TestOzoneFileSystem.java:504)
	at org.apache.hadoop.fs.ozone.TestOzoneFileSystem.testRecursiveDelete(TestOzoneFileSystem.java:460)
	at sun.reflect.NativeMethodAccessorImpl.invoke0(Native Method)
	at sun.reflect.NativeMethodAccessorImpl.invoke(NativeMethodAccessorImpl.java:62)
	at sun.reflect.DelegatingMethodAccessorImpl.invoke(DelegatingMethodAccessorImpl.java:43)
	at java.lang.reflect.Method.invoke(Method.java:498)
	at org.junit.runners.model.FrameworkMethod$1.runReflectiveCall(FrameworkMethod.java:59)
	at org.junit.internal.runners.model.ReflectiveCallable.run(ReflectiveCallable.java:12)
	at org.junit.runners.model.FrameworkMethod.invokeExplosively(FrameworkMethod.java:56)
	at org.junit.internal.runners.statements.InvokeMethod.evaluate(InvokeMethod.java:17)
	at org.junit.internal.runners.statements.RunAfters.evaluate(RunAfters.java:27)
	at org.junit.internal.runners.statements.FailOnTimeout$CallableStatement.call(FailOnTimeout.java:288)
	at org.junit.internal.runners.statements.FailOnTimeout$CallableStatement.call(FailOnTimeout.java:282)
	at java.util.concurrent.FutureTask.run(FutureTask.java:266)
	at java.lang.Thread.run(Thread.java:750)
15:53:44.757 [IPC Server handler 16 on default port 42319] ERROR OMAudit - user=runner | ip=127.0.0.1 | op=GET_FILE_STATUS {volume=volume00149, bucket=bucket04297, key=gdir1/dir6, dataSize=0, replicationConfig=null} | ret=FAILURE
org.apache.hadoop.ozone.om.exceptions.OMException: Unable to get file status: volume: volume00149 bucket: bucket04297 key: gdir1/dir6
	at org.apache.hadoop.ozone.om.KeyManagerImpl.getOzoneFileStatus(KeyManagerImpl.java:1324) ~[ozone-manager-1.3.0-SNAPSHOT.jar:?]
	at org.apache.hadoop.ozone.om.KeyManagerImpl.getFileStatus(KeyManagerImpl.java:1254) ~[ozone-manager-1.3.0-SNAPSHOT.jar:?]
	at org.apache.hadoop.ozone.om.OzoneManager.getFileStatus(OzoneManager.java:3506) ~[ozone-manager-1.3.0-SNAPSHOT.jar:?]
	at org.apache.hadoop.ozone.protocolPB.OzoneManagerRequestHandler.getOzoneFileStatus(OzoneManagerRequestHandler.java:882) ~[ozone-manager-1.3.0-SNAPSHOT.jar:?]
	at org.apache.hadoop.ozone.protocolPB.OzoneManagerRequestHandler.handleReadRequest(OzoneManagerRequestHandler.java:228) ~[ozone-manager-1.3.0-SNAPSHOT.jar:?]
	at org.apache.hadoop.ozone.protocolPB.OzoneManagerProtocolServerSideTranslatorPB.submitRequestDirectlyToOM(OzoneManagerProtocolServerSideTranslatorPB.java:276) ~[ozone-manager-1.3.0-SNAPSHOT.jar:?]
	at org.apache.hadoop.ozone.protocolPB.OzoneManagerProtocolServerSideTranslatorPB.processRequest(OzoneManagerProtocolServerSideTranslatorPB.java:205) ~[ozone-manager-1.3.0-SNAPSHOT.jar:?]
	at org.apache.hadoop.hdds.server.OzoneProtocolMessageDispatcher.processRequest(OzoneProtocolMessageDispatcher.java:87) [hdds-server-framework-1.3.0-SNAPSHOT.jar:?]
	at org.apache.hadoop.ozone.protocolPB.OzoneManagerProtocolServerSideTranslatorPB.submitRequest(OzoneManagerProtocolServerSideTranslatorPB.java:147) [ozone-manager-1.3.0-SNAPSHOT.jar:?]
	at org.apache.hadoop.ozone.protocol.proto.OzoneManagerProtocolProtos$OzoneManagerService$2.callBlockingMethod(OzoneManagerProtocolProtos.java) [ozone-interface-client-1.3.0-SNAPSHOT.jar:?]
	at org.apache.hadoop.ipc.ProtobufRpcEngine$Server.processCall(ProtobufRpcEngine.java:466) [hadoop-common-3.3.1.jar:?]
	at org.apache.hadoop.ipc.ProtobufRpcEngine2$Server$ProtoBufRpcInvoker.call(ProtobufRpcEngine2.java:574) [hadoop-common-3.3.1.jar:?]
	at org.apache.hadoop.ipc.ProtobufRpcEngine2$Server$ProtoBufRpcInvoker.call(ProtobufRpcEngine2.java:552) [hadoop-common-3.3.1.jar:?]
	at org.apache.hadoop.ipc.RPC$Server.call(RPC.java:1093) [hadoop-common-3.3.1.jar:?]
	at org.apache.hadoop.ipc.Server$RpcCall.run(Server.java:1035) [hadoop-common-3.3.1.jar:?]
	at org.apache.hadoop.ipc.Server$RpcCall.run(Server.java:963) [hadoop-common-3.3.1.jar:?]
	at java.security.AccessController.doPrivileged(Native Method) ~[?:1.8.0_345]
	at javax.security.auth.Subject.doAs(Subject.java:422) [?:1.8.0_345]
	at org.apache.hadoop.security.UserGroupInformation.doAs(UserGroupInformation.java:1878) [hadoop-common-3.3.1.jar:?]
	at org.apache.hadoop.ipc.Server$Handler.run(Server.java:2966) [hadoop-common-3.3.1.jar:?]
2022-09-28 15:53:44,757 [Time-limited test] WARN  ozone.BasicOzoneFileSystem (BasicOzoneFileSystem.java:getFileStatus(765)) - GetFileStatus failed for path /gdir1/dir6
java.io.FileNotFoundException: gdir1/dir6: No such file or directory!
	at org.apache.hadoop.fs.ozone.BasicOzoneClientAdapterImpl.getFileStatus(BasicOzoneClientAdapterImpl.java:369)
	at org.apache.hadoop.fs.ozone.BasicOzoneFileSystem.getFileStatus(BasicOzoneFileSystem.java:757)
	at org.apache.hadoop.fs.ozone.TestOzoneFileSystem.checkPath(TestOzoneFileSystem.java:504)
	at org.apache.hadoop.fs.ozone.TestOzoneFileSystem.testRecursiveDelete(TestOzoneFileSystem.java:459)
	at sun.reflect.NativeMethodAccessorImpl.invoke0(Native Method)
	at sun.reflect.NativeMethodAccessorImpl.invoke(NativeMethodAccessorImpl.java:62)
	at sun.reflect.DelegatingMethodAccessorImpl.invoke(DelegatingMethodAccessorImpl.java:43)
	at java.lang.reflect.Method.invoke(Method.java:498)
	at org.junit.runners.model.FrameworkMethod$1.runReflectiveCall(FrameworkMethod.java:59)
	at org.junit.internal.runners.model.ReflectiveCallable.run(ReflectiveCallable.java:12)
	at org.junit.runners.model.FrameworkMethod.invokeExplosively(FrameworkMethod.java:56)
	at org.junit.internal.runners.statements.InvokeMethod.evaluate(InvokeMethod.java:17)
	at org.junit.internal.runners.statements.RunAfters.evaluate(RunAfters.java:27)
	at org.junit.internal.runners.statements.FailOnTimeout$CallableStatement.call(FailOnTimeout.java:288)
	at org.junit.internal.runners.statements.FailOnTimeout$CallableStatement.call(FailOnTimeout.java:282)
	at java.util.concurrent.FutureTask.run(FutureTask.java:266)
	at java.lang.Thread.run(Thread.java:750)
15:53:44.758 [IPC Server handler 17 on default port 42319] ERROR OMAudit - user=runner | ip=127.0.0.1 | op=GET_FILE_STATUS {volume=volume00149, bucket=bucket04297, key=gdir1/dir6/child, dataSize=0, replicationConfig=null} | ret=FAILURE
org.apache.hadoop.ozone.om.exceptions.OMException: Unable to get file status: volume: volume00149 bucket: bucket04297 key: gdir1/dir6/child
	at org.apache.hadoop.ozone.om.KeyManagerImpl.getOzoneFileStatus(KeyManagerImpl.java:1324) ~[ozone-manager-1.3.0-SNAPSHOT.jar:?]
	at org.apache.hadoop.ozone.om.KeyManagerImpl.getFileStatus(KeyManagerImpl.java:1254) ~[ozone-manager-1.3.0-SNAPSHOT.jar:?]
	at org.apache.hadoop.ozone.om.OzoneManager.getFileStatus(OzoneManager.java:3506) ~[ozone-manager-1.3.0-SNAPSHOT.jar:?]
	at org.apache.hadoop.ozone.protocolPB.OzoneManagerRequestHandler.getOzoneFileStatus(OzoneManagerRequestHandler.java:882) ~[ozone-manager-1.3.0-SNAPSHOT.jar:?]
	at org.apache.hadoop.ozone.protocolPB.OzoneManagerRequestHandler.handleReadRequest(OzoneManagerRequestHandler.java:228) ~[ozone-manager-1.3.0-SNAPSHOT.jar:?]
	at org.apache.hadoop.ozone.protocolPB.OzoneManagerProtocolServerSideTranslatorPB.submitRequestDirectlyToOM(OzoneManagerProtocolServerSideTranslatorPB.java:276) ~[ozone-manager-1.3.0-SNAPSHOT.jar:?]
	at org.apache.hadoop.ozone.protocolPB.OzoneManagerProtocolServerSideTranslatorPB.processRequest(OzoneManagerProtocolServerSideTranslatorPB.java:205) ~[ozone-manager-1.3.0-SNAPSHOT.jar:?]
	at org.apache.hadoop.hdds.server.OzoneProtocolMessageDispatcher.processRequest(OzoneProtocolMessageDispatcher.java:87) [hdds-server-framework-1.3.0-SNAPSHOT.jar:?]
	at org.apache.hadoop.ozone.protocolPB.OzoneManagerProtocolServerSideTranslatorPB.submitRequest(OzoneManagerProtocolServerSideTranslatorPB.java:147) [ozone-manager-1.3.0-SNAPSHOT.jar:?]
	at org.apache.hadoop.ozone.protocol.proto.OzoneManagerProtocolProtos$OzoneManagerService$2.callBlockingMethod(OzoneManagerProtocolProtos.java) [ozone-interface-client-1.3.0-SNAPSHOT.jar:?]
	at org.apache.hadoop.ipc.ProtobufRpcEngine$Server.processCall(ProtobufRpcEngine.java:466) [hadoop-common-3.3.1.jar:?]
	at org.apache.hadoop.ipc.ProtobufRpcEngine2$Server$ProtoBufRpcInvoker.call(ProtobufRpcEngine2.java:574) [hadoop-common-3.3.1.jar:?]
	at org.apache.hadoop.ipc.ProtobufRpcEngine2$Server$ProtoBufRpcInvoker.call(ProtobufRpcEngine2.java:552) [hadoop-common-3.3.1.jar:?]
	at org.apache.hadoop.ipc.RPC$Server.call(RPC.java:1093) [hadoop-common-3.3.1.jar:?]
	at org.apache.hadoop.ipc.Server$RpcCall.run(Server.java:1035) [hadoop-common-3.3.1.jar:?]
	at org.apache.hadoop.ipc.Server$RpcCall.run(Server.java:963) [hadoop-common-3.3.1.jar:?]
	at java.security.AccessController.doPrivileged(Native Method) ~[?:1.8.0_345]
	at javax.security.auth.Subject.doAs(Subject.java:422) [?:1.8.0_345]
	at org.apache.hadoop.security.UserGroupInformation.doAs(UserGroupInformation.java:1878) [hadoop-common-3.3.1.jar:?]
	at org.apache.hadoop.ipc.Server$Handler.run(Server.java:2966) [hadoop-common-3.3.1.jar:?]
2022-09-28 15:53:44,758 [Time-limited test] WARN  ozone.BasicOzoneFileSystem (BasicOzoneFileSystem.java:getFileStatus(765)) - GetFileStatus failed for path /gdir1/dir6/child
java.io.FileNotFoundException: gdir1/dir6/child: No such file or directory!
	at org.apache.hadoop.fs.ozone.BasicOzoneClientAdapterImpl.getFileStatus(BasicOzoneClientAdapterImpl.java:369)
	at org.apache.hadoop.fs.ozone.BasicOzoneFileSystem.getFileStatus(BasicOzoneFileSystem.java:757)
	at org.apache.hadoop.fs.ozone.TestOzoneFileSystem.checkPath(TestOzoneFileSystem.java:504)
	at org.apache.hadoop.fs.ozone.TestOzoneFileSystem.testRecursiveDelete(TestOzoneFileSystem.java:460)
	at sun.reflect.NativeMethodAccessorImpl.invoke0(Native Method)
	at sun.reflect.NativeMethodAccessorImpl.invoke(NativeMethodAccessorImpl.java:62)
	at sun.reflect.DelegatingMethodAccessorImpl.invoke(DelegatingMethodAccessorImpl.java:43)
	at java.lang.reflect.Method.invoke(Method.java:498)
	at org.junit.runners.model.FrameworkMethod$1.runReflectiveCall(FrameworkMethod.java:59)
	at org.junit.internal.runners.model.ReflectiveCallable.run(ReflectiveCallable.java:12)
	at org.junit.runners.model.FrameworkMethod.invokeExplosively(FrameworkMethod.java:56)
	at org.junit.internal.runners.statements.InvokeMethod.evaluate(InvokeMethod.java:17)
	at org.junit.internal.runners.statements.RunAfters.evaluate(RunAfters.java:27)
	at org.junit.internal.runners.statements.FailOnTimeout$CallableStatement.call(FailOnTimeout.java:288)
	at org.junit.internal.runners.statements.FailOnTimeout$CallableStatement.call(FailOnTimeout.java:282)
	at java.util.concurrent.FutureTask.run(FutureTask.java:266)
	at java.lang.Thread.run(Thread.java:750)
15:53:44.759 [IPC Server handler 18 on default port 42319] ERROR OMAudit - user=runner | ip=127.0.0.1 | op=GET_FILE_STATUS {volume=volume00149, bucket=bucket04297, key=gdir1/dir7, dataSize=0, replicationConfig=null} | ret=FAILURE
org.apache.hadoop.ozone.om.exceptions.OMException: Unable to get file status: volume: volume00149 bucket: bucket04297 key: gdir1/dir7
	at org.apache.hadoop.ozone.om.KeyManagerImpl.getOzoneFileStatus(KeyManagerImpl.java:1324) ~[ozone-manager-1.3.0-SNAPSHOT.jar:?]
	at org.apache.hadoop.ozone.om.KeyManagerImpl.getFileStatus(KeyManagerImpl.java:1254) ~[ozone-manager-1.3.0-SNAPSHOT.jar:?]
	at org.apache.hadoop.ozone.om.OzoneManager.getFileStatus(OzoneManager.java:3506) ~[ozone-manager-1.3.0-SNAPSHOT.jar:?]
	at org.apache.hadoop.ozone.protocolPB.OzoneManagerRequestHandler.getOzoneFileStatus(OzoneManagerRequestHandler.java:882) ~[ozone-manager-1.3.0-SNAPSHOT.jar:?]
	at org.apache.hadoop.ozone.protocolPB.OzoneManagerRequestHandler.handleReadRequest(OzoneManagerRequestHandler.java:228) ~[ozone-manager-1.3.0-SNAPSHOT.jar:?]
	at org.apache.hadoop.ozone.protocolPB.OzoneManagerProtocolServerSideTranslatorPB.submitRequestDirectlyToOM(OzoneManagerProtocolServerSideTranslatorPB.java:276) ~[ozone-manager-1.3.0-SNAPSHOT.jar:?]
	at org.apache.hadoop.ozone.protocolPB.OzoneManagerProtocolServerSideTranslatorPB.processRequest(OzoneManagerProtocolServerSideTranslatorPB.java:205) ~[ozone-manager-1.3.0-SNAPSHOT.jar:?]
	at org.apache.hadoop.hdds.server.OzoneProtocolMessageDispatcher.processRequest(OzoneProtocolMessageDispatcher.java:87) [hdds-server-framework-1.3.0-SNAPSHOT.jar:?]
	at org.apache.hadoop.ozone.protocolPB.OzoneManagerProtocolServerSideTranslatorPB.submitRequest(OzoneManagerProtocolServerSideTranslatorPB.java:147) [ozone-manager-1.3.0-SNAPSHOT.jar:?]
	at org.apache.hadoop.ozone.protocol.proto.OzoneManagerProtocolProtos$OzoneManagerService$2.callBlockingMethod(OzoneManagerProtocolProtos.java) [ozone-interface-client-1.3.0-SNAPSHOT.jar:?]
	at org.apache.hadoop.ipc.ProtobufRpcEngine$Server.processCall(ProtobufRpcEngine.java:466) [hadoop-common-3.3.1.jar:?]
	at org.apache.hadoop.ipc.ProtobufRpcEngine2$Server$ProtoBufRpcInvoker.call(ProtobufRpcEngine2.java:574) [hadoop-common-3.3.1.jar:?]
	at org.apache.hadoop.ipc.ProtobufRpcEngine2$Server$ProtoBufRpcInvoker.call(ProtobufRpcEngine2.java:552) [hadoop-common-3.3.1.jar:?]
	at org.apache.hadoop.ipc.RPC$Server.call(RPC.java:1093) [hadoop-common-3.3.1.jar:?]
	at org.apache.hadoop.ipc.Server$RpcCall.run(Server.java:1035) [hadoop-common-3.3.1.jar:?]
	at org.apache.hadoop.ipc.Server$RpcCall.run(Server.java:963) [hadoop-common-3.3.1.jar:?]
	at java.security.AccessController.doPrivileged(Native Method) ~[?:1.8.0_345]
	at javax.security.auth.Subject.doAs(Subject.java:422) [?:1.8.0_345]
	at org.apache.hadoop.security.UserGroupInformation.doAs(UserGroupInformation.java:1878) [hadoop-common-3.3.1.jar:?]
	at org.apache.hadoop.ipc.Server$Handler.run(Server.java:2966) [hadoop-common-3.3.1.jar:?]
2022-09-28 15:53:44,759 [Time-limited test] WARN  ozone.BasicOzoneFileSystem (BasicOzoneFileSystem.java:getFileStatus(765)) - GetFileStatus failed for path /gdir1/dir7
java.io.FileNotFoundException: gdir1/dir7: No such file or directory!
	at org.apache.hadoop.fs.ozone.BasicOzoneClientAdapterImpl.getFileStatus(BasicOzoneClientAdapterImpl.java:369)
	at org.apache.hadoop.fs.ozone.BasicOzoneFileSystem.getFileStatus(BasicOzoneFileSystem.java:757)
	at org.apache.hadoop.fs.ozone.TestOzoneFileSystem.checkPath(TestOzoneFileSystem.java:504)
	at org.apache.hadoop.fs.ozone.TestOzoneFileSystem.testRecursiveDelete(TestOzoneFileSystem.java:459)
	at sun.reflect.NativeMethodAccessorImpl.invoke0(Native Method)
	at sun.reflect.NativeMethodAccessorImpl.invoke(NativeMethodAccessorImpl.java:62)
	at sun.reflect.DelegatingMethodAccessorImpl.invoke(DelegatingMethodAccessorImpl.java:43)
	at java.lang.reflect.Method.invoke(Method.java:498)
	at org.junit.runners.model.FrameworkMethod$1.runReflectiveCall(FrameworkMethod.java:59)
	at org.junit.internal.runners.model.ReflectiveCallable.run(ReflectiveCallable.java:12)
	at org.junit.runners.model.FrameworkMethod.invokeExplosively(FrameworkMethod.java:56)
	at org.junit.internal.runners.statements.InvokeMethod.evaluate(InvokeMethod.java:17)
	at org.junit.internal.runners.statements.RunAfters.evaluate(RunAfters.java:27)
	at org.junit.internal.runners.statements.FailOnTimeout$CallableStatement.call(FailOnTimeout.java:288)
	at org.junit.internal.runners.statements.FailOnTimeout$CallableStatement.call(FailOnTimeout.java:282)
	at java.util.concurrent.FutureTask.run(FutureTask.java:266)
	at java.lang.Thread.run(Thread.java:750)
15:53:44.760 [IPC Server handler 8 on default port 42319] ERROR OMAudit - user=runner | ip=127.0.0.1 | op=GET_FILE_STATUS {volume=volume00149, bucket=bucket04297, key=gdir1/dir7/child, dataSize=0, replicationConfig=null} | ret=FAILURE
org.apache.hadoop.ozone.om.exceptions.OMException: Unable to get file status: volume: volume00149 bucket: bucket04297 key: gdir1/dir7/child
	at org.apache.hadoop.ozone.om.KeyManagerImpl.getOzoneFileStatus(KeyManagerImpl.java:1324) ~[ozone-manager-1.3.0-SNAPSHOT.jar:?]
	at org.apache.hadoop.ozone.om.KeyManagerImpl.getFileStatus(KeyManagerImpl.java:1254) ~[ozone-manager-1.3.0-SNAPSHOT.jar:?]
	at org.apache.hadoop.ozone.om.OzoneManager.getFileStatus(OzoneManager.java:3506) ~[ozone-manager-1.3.0-SNAPSHOT.jar:?]
	at org.apache.hadoop.ozone.protocolPB.OzoneManagerRequestHandler.getOzoneFileStatus(OzoneManagerRequestHandler.java:882) ~[ozone-manager-1.3.0-SNAPSHOT.jar:?]
	at org.apache.hadoop.ozone.protocolPB.OzoneManagerRequestHandler.handleReadRequest(OzoneManagerRequestHandler.java:228) ~[ozone-manager-1.3.0-SNAPSHOT.jar:?]
	at org.apache.hadoop.ozone.protocolPB.OzoneManagerProtocolServerSideTranslatorPB.submitRequestDirectlyToOM(OzoneManagerProtocolServerSideTranslatorPB.java:276) ~[ozone-manager-1.3.0-SNAPSHOT.jar:?]
	at org.apache.hadoop.ozone.protocolPB.OzoneManagerProtocolServerSideTranslatorPB.processRequest(OzoneManagerProtocolServerSideTranslatorPB.java:205) ~[ozone-manager-1.3.0-SNAPSHOT.jar:?]
	at org.apache.hadoop.hdds.server.OzoneProtocolMessageDispatcher.processRequest(OzoneProtocolMessageDispatcher.java:87) [hdds-server-framework-1.3.0-SNAPSHOT.jar:?]
	at org.apache.hadoop.ozone.protocolPB.OzoneManagerProtocolServerSideTranslatorPB.submitRequest(OzoneManagerProtocolServerSideTranslatorPB.java:147) [ozone-manager-1.3.0-SNAPSHOT.jar:?]
	at org.apache.hadoop.ozone.protocol.proto.OzoneManagerProtocolProtos$OzoneManagerService$2.callBlockingMethod(OzoneManagerProtocolProtos.java) [ozone-interface-client-1.3.0-SNAPSHOT.jar:?]
	at org.apache.hadoop.ipc.ProtobufRpcEngine$Server.processCall(ProtobufRpcEngine.java:466) [hadoop-common-3.3.1.jar:?]
	at org.apache.hadoop.ipc.ProtobufRpcEngine2$Server$ProtoBufRpcInvoker.call(ProtobufRpcEngine2.java:574) [hadoop-common-3.3.1.jar:?]
	at org.apache.hadoop.ipc.ProtobufRpcEngine2$Server$ProtoBufRpcInvoker.call(ProtobufRpcEngine2.java:552) [hadoop-common-3.3.1.jar:?]
	at org.apache.hadoop.ipc.RPC$Server.call(RPC.java:1093) [hadoop-common-3.3.1.jar:?]
	at org.apache.hadoop.ipc.Server$RpcCall.run(Server.java:1035) [hadoop-common-3.3.1.jar:?]
	at org.apache.hadoop.ipc.Server$RpcCall.run(Server.java:963) [hadoop-common-3.3.1.jar:?]
	at java.security.AccessController.doPrivileged(Native Method) ~[?:1.8.0_345]
	at javax.security.auth.Subject.doAs(Subject.java:422) [?:1.8.0_345]
	at org.apache.hadoop.security.UserGroupInformation.doAs(UserGroupInformation.java:1878) [hadoop-common-3.3.1.jar:?]
	at org.apache.hadoop.ipc.Server$Handler.run(Server.java:2966) [hadoop-common-3.3.1.jar:?]
2022-09-28 15:53:44,760 [Time-limited test] WARN  ozone.BasicOzoneFileSystem (BasicOzoneFileSystem.java:getFileStatus(765)) - GetFileStatus failed for path /gdir1/dir7/child
java.io.FileNotFoundException: gdir1/dir7/child: No such file or directory!
	at org.apache.hadoop.fs.ozone.BasicOzoneClientAdapterImpl.getFileStatus(BasicOzoneClientAdapterImpl.java:369)
	at org.apache.hadoop.fs.ozone.BasicOzoneFileSystem.getFileStatus(BasicOzoneFileSystem.java:757)
	at org.apache.hadoop.fs.ozone.TestOzoneFileSystem.checkPath(TestOzoneFileSystem.java:504)
	at org.apache.hadoop.fs.ozone.TestOzoneFileSystem.testRecursiveDelete(TestOzoneFileSystem.java:460)
	at sun.reflect.NativeMethodAccessorImpl.invoke0(Native Method)
	at sun.reflect.NativeMethodAccessorImpl.invoke(NativeMethodAccessorImpl.java:62)
	at sun.reflect.DelegatingMethodAccessorImpl.invoke(DelegatingMethodAccessorImpl.java:43)
	at java.lang.reflect.Method.invoke(Method.java:498)
	at org.junit.runners.model.FrameworkMethod$1.runReflectiveCall(FrameworkMethod.java:59)
	at org.junit.internal.runners.model.ReflectiveCallable.run(ReflectiveCallable.java:12)
	at org.junit.runners.model.FrameworkMethod.invokeExplosively(FrameworkMethod.java:56)
	at org.junit.internal.runners.statements.InvokeMethod.evaluate(InvokeMethod.java:17)
	at org.junit.internal.runners.statements.RunAfters.evaluate(RunAfters.java:27)
	at org.junit.internal.runners.statements.FailOnTimeout$CallableStatement.call(FailOnTimeout.java:288)
	at org.junit.internal.runners.statements.FailOnTimeout$CallableStatement.call(FailOnTimeout.java:282)
	at java.util.concurrent.FutureTask.run(FutureTask.java:266)
	at java.lang.Thread.run(Thread.java:750)
15:53:44.760 [IPC Server handler 6 on default port 42319] ERROR OMAudit - user=runner | ip=127.0.0.1 | op=GET_FILE_STATUS {volume=volume00149, bucket=bucket04297, key=gdir1/dir8, dataSize=0, replicationConfig=null} | ret=FAILURE
org.apache.hadoop.ozone.om.exceptions.OMException: Unable to get file status: volume: volume00149 bucket: bucket04297 key: gdir1/dir8
	at org.apache.hadoop.ozone.om.KeyManagerImpl.getOzoneFileStatus(KeyManagerImpl.java:1324) ~[ozone-manager-1.3.0-SNAPSHOT.jar:?]
	at org.apache.hadoop.ozone.om.KeyManagerImpl.getFileStatus(KeyManagerImpl.java:1254) ~[ozone-manager-1.3.0-SNAPSHOT.jar:?]
	at org.apache.hadoop.ozone.om.OzoneManager.getFileStatus(OzoneManager.java:3506) ~[ozone-manager-1.3.0-SNAPSHOT.jar:?]
	at org.apache.hadoop.ozone.protocolPB.OzoneManagerRequestHandler.getOzoneFileStatus(OzoneManagerRequestHandler.java:882) ~[ozone-manager-1.3.0-SNAPSHOT.jar:?]
	at org.apache.hadoop.ozone.protocolPB.OzoneManagerRequestHandler.handleReadRequest(OzoneManagerRequestHandler.java:228) ~[ozone-manager-1.3.0-SNAPSHOT.jar:?]
	at org.apache.hadoop.ozone.protocolPB.OzoneManagerProtocolServerSideTranslatorPB.submitRequestDirectlyToOM(OzoneManagerProtocolServerSideTranslatorPB.java:276) ~[ozone-manager-1.3.0-SNAPSHOT.jar:?]
	at org.apache.hadoop.ozone.protocolPB.OzoneManagerProtocolServerSideTranslatorPB.processRequest(OzoneManagerProtocolServerSideTranslatorPB.java:205) ~[ozone-manager-1.3.0-SNAPSHOT.jar:?]
	at org.apache.hadoop.hdds.server.OzoneProtocolMessageDispatcher.processRequest(OzoneProtocolMessageDispatcher.java:87) [hdds-server-framework-1.3.0-SNAPSHOT.jar:?]
	at org.apache.hadoop.ozone.protocolPB.OzoneManagerProtocolServerSideTranslatorPB.submitRequest(OzoneManagerProtocolServerSideTranslatorPB.java:147) [ozone-manager-1.3.0-SNAPSHOT.jar:?]
	at org.apache.hadoop.ozone.protocol.proto.OzoneManagerProtocolProtos$OzoneManagerService$2.callBlockingMethod(OzoneManagerProtocolProtos.java) [ozone-interface-client-1.3.0-SNAPSHOT.jar:?]
	at org.apache.hadoop.ipc.ProtobufRpcEngine$Server.processCall(ProtobufRpcEngine.java:466) [hadoop-common-3.3.1.jar:?]
	at org.apache.hadoop.ipc.ProtobufRpcEngine2$Server$ProtoBufRpcInvoker.call(ProtobufRpcEngine2.java:574) [hadoop-common-3.3.1.jar:?]
	at org.apache.hadoop.ipc.ProtobufRpcEngine2$Server$ProtoBufRpcInvoker.call(ProtobufRpcEngine2.java:552) [hadoop-common-3.3.1.jar:?]
	at org.apache.hadoop.ipc.RPC$Server.call(RPC.java:1093) [hadoop-common-3.3.1.jar:?]
	at org.apache.hadoop.ipc.Server$RpcCall.run(Server.java:1035) [hadoop-common-3.3.1.jar:?]
	at org.apache.hadoop.ipc.Server$RpcCall.run(Server.java:963) [hadoop-common-3.3.1.jar:?]
	at java.security.AccessController.doPrivileged(Native Method) ~[?:1.8.0_345]
	at javax.security.auth.Subject.doAs(Subject.java:422) [?:1.8.0_345]
	at org.apache.hadoop.security.UserGroupInformation.doAs(UserGroupInformation.java:1878) [hadoop-common-3.3.1.jar:?]
	at org.apache.hadoop.ipc.Server$Handler.run(Server.java:2966) [hadoop-common-3.3.1.jar:?]
2022-09-28 15:53:44,761 [Time-limited test] WARN  ozone.BasicOzoneFileSystem (BasicOzoneFileSystem.java:getFileStatus(765)) - GetFileStatus failed for path /gdir1/dir8
java.io.FileNotFoundException: gdir1/dir8: No such file or directory!
	at org.apache.hadoop.fs.ozone.BasicOzoneClientAdapterImpl.getFileStatus(BasicOzoneClientAdapterImpl.java:369)
	at org.apache.hadoop.fs.ozone.BasicOzoneFileSystem.getFileStatus(BasicOzoneFileSystem.java:757)
	at org.apache.hadoop.fs.ozone.TestOzoneFileSystem.checkPath(TestOzoneFileSystem.java:504)
	at org.apache.hadoop.fs.ozone.TestOzoneFileSystem.testRecursiveDelete(TestOzoneFileSystem.java:459)
	at sun.reflect.NativeMethodAccessorImpl.invoke0(Native Method)
	at sun.reflect.NativeMethodAccessorImpl.invoke(NativeMethodAccessorImpl.java:62)
	at sun.reflect.DelegatingMethodAccessorImpl.invoke(DelegatingMethodAccessorImpl.java:43)
	at java.lang.reflect.Method.invoke(Method.java:498)
	at org.junit.runners.model.FrameworkMethod$1.runReflectiveCall(FrameworkMethod.java:59)
	at org.junit.internal.runners.model.ReflectiveCallable.run(ReflectiveCallable.java:12)
	at org.junit.runners.model.FrameworkMethod.invokeExplosively(FrameworkMethod.java:56)
	at org.junit.internal.runners.statements.InvokeMethod.evaluate(InvokeMethod.java:17)
	at org.junit.internal.runners.statements.RunAfters.evaluate(RunAfters.java:27)
	at org.junit.internal.runners.statements.FailOnTimeout$CallableStatement.call(FailOnTimeout.java:288)
	at org.junit.internal.runners.statements.FailOnTimeout$CallableStatement.call(FailOnTimeout.java:282)
	at java.util.concurrent.FutureTask.run(FutureTask.java:266)
	at java.lang.Thread.run(Thread.java:750)
15:53:44.761 [IPC Server handler 1 on default port 42319] ERROR OMAudit - user=runner | ip=127.0.0.1 | op=GET_FILE_STATUS {volume=volume00149, bucket=bucket04297, key=gdir1/dir8/child, dataSize=0, replicationConfig=null} | ret=FAILURE
org.apache.hadoop.ozone.om.exceptions.OMException: Unable to get file status: volume: volume00149 bucket: bucket04297 key: gdir1/dir8/child
	at org.apache.hadoop.ozone.om.KeyManagerImpl.getOzoneFileStatus(KeyManagerImpl.java:1324) ~[ozone-manager-1.3.0-SNAPSHOT.jar:?]
	at org.apache.hadoop.ozone.om.KeyManagerImpl.getFileStatus(KeyManagerImpl.java:1254) ~[ozone-manager-1.3.0-SNAPSHOT.jar:?]
	at org.apache.hadoop.ozone.om.OzoneManager.getFileStatus(OzoneManager.java:3506) ~[ozone-manager-1.3.0-SNAPSHOT.jar:?]
	at org.apache.hadoop.ozone.protocolPB.OzoneManagerRequestHandler.getOzoneFileStatus(OzoneManagerRequestHandler.java:882) ~[ozone-manager-1.3.0-SNAPSHOT.jar:?]
	at org.apache.hadoop.ozone.protocolPB.OzoneManagerRequestHandler.handleReadRequest(OzoneManagerRequestHandler.java:228) ~[ozone-manager-1.3.0-SNAPSHOT.jar:?]
	at org.apache.hadoop.ozone.protocolPB.OzoneManagerProtocolServerSideTranslatorPB.submitRequestDirectlyToOM(OzoneManagerProtocolServerSideTranslatorPB.java:276) ~[ozone-manager-1.3.0-SNAPSHOT.jar:?]
	at org.apache.hadoop.ozone.protocolPB.OzoneManagerProtocolServerSideTranslatorPB.processRequest(OzoneManagerProtocolServerSideTranslatorPB.java:205) ~[ozone-manager-1.3.0-SNAPSHOT.jar:?]
	at org.apache.hadoop.hdds.server.OzoneProtocolMessageDispatcher.processRequest(OzoneProtocolMessageDispatcher.java:87) [hdds-server-framework-1.3.0-SNAPSHOT.jar:?]
	at org.apache.hadoop.ozone.protocolPB.OzoneManagerProtocolServerSideTranslatorPB.submitRequest(OzoneManagerProtocolServerSideTranslatorPB.java:147) [ozone-manager-1.3.0-SNAPSHOT.jar:?]
	at org.apache.hadoop.ozone.protocol.proto.OzoneManagerProtocolProtos$OzoneManagerService$2.callBlockingMethod(OzoneManagerProtocolProtos.java) [ozone-interface-client-1.3.0-SNAPSHOT.jar:?]
	at org.apache.hadoop.ipc.ProtobufRpcEngine$Server.processCall(ProtobufRpcEngine.java:466) [hadoop-common-3.3.1.jar:?]
	at org.apache.hadoop.ipc.ProtobufRpcEngine2$Server$ProtoBufRpcInvoker.call(ProtobufRpcEngine2.java:574) [hadoop-common-3.3.1.jar:?]
	at org.apache.hadoop.ipc.ProtobufRpcEngine2$Server$ProtoBufRpcInvoker.call(ProtobufRpcEngine2.java:552) [hadoop-common-3.3.1.jar:?]
	at org.apache.hadoop.ipc.RPC$Server.call(RPC.java:1093) [hadoop-common-3.3.1.jar:?]
	at org.apache.hadoop.ipc.Server$RpcCall.run(Server.java:1035) [hadoop-common-3.3.1.jar:?]
	at org.apache.hadoop.ipc.Server$RpcCall.run(Server.java:963) [hadoop-common-3.3.1.jar:?]
	at java.security.AccessController.doPrivileged(Native Method) ~[?:1.8.0_345]
	at javax.security.auth.Subject.doAs(Subject.java:422) [?:1.8.0_345]
	at org.apache.hadoop.security.UserGroupInformation.doAs(UserGroupInformation.java:1878) [hadoop-common-3.3.1.jar:?]
	at org.apache.hadoop.ipc.Server$Handler.run(Server.java:2966) [hadoop-common-3.3.1.jar:?]
2022-09-28 15:53:44,762 [Time-limited test] WARN  ozone.BasicOzoneFileSystem (BasicOzoneFileSystem.java:getFileStatus(765)) - GetFileStatus failed for path /gdir1/dir8/child
java.io.FileNotFoundException: gdir1/dir8/child: No such file or directory!
	at org.apache.hadoop.fs.ozone.BasicOzoneClientAdapterImpl.getFileStatus(BasicOzoneClientAdapterImpl.java:369)
	at org.apache.hadoop.fs.ozone.BasicOzoneFileSystem.getFileStatus(BasicOzoneFileSystem.java:757)
	at org.apache.hadoop.fs.ozone.TestOzoneFileSystem.checkPath(TestOzoneFileSystem.java:504)
	at org.apache.hadoop.fs.ozone.TestOzoneFileSystem.testRecursiveDelete(TestOzoneFileSystem.java:460)
	at sun.reflect.NativeMethodAccessorImpl.invoke0(Native Method)
	at sun.reflect.NativeMethodAccessorImpl.invoke(NativeMethodAccessorImpl.java:62)
	at sun.reflect.DelegatingMethodAccessorImpl.invoke(DelegatingMethodAccessorImpl.java:43)
	at java.lang.reflect.Method.invoke(Method.java:498)
	at org.junit.runners.model.FrameworkMethod$1.runReflectiveCall(FrameworkMethod.java:59)
	at org.junit.internal.runners.model.ReflectiveCallable.run(ReflectiveCallable.java:12)
	at org.junit.runners.model.FrameworkMethod.invokeExplosively(FrameworkMethod.java:56)
	at org.junit.internal.runners.statements.InvokeMethod.evaluate(InvokeMethod.java:17)
	at org.junit.internal.runners.statements.RunAfters.evaluate(RunAfters.java:27)
	at org.junit.internal.runners.statements.FailOnTimeout$CallableStatement.call(FailOnTimeout.java:288)
	at org.junit.internal.runners.statements.FailOnTimeout$CallableStatement.call(FailOnTimeout.java:282)
	at java.util.concurrent.FutureTask.run(FutureTask.java:266)
	at java.lang.Thread.run(Thread.java:750)
15:53:44.762 [IPC Server handler 4 on default port 42319] ERROR OMAudit - user=runner | ip=127.0.0.1 | op=GET_FILE_STATUS {volume=volume00149, bucket=bucket04297, key=gdir1/dir9, dataSize=0, replicationConfig=null} | ret=FAILURE
org.apache.hadoop.ozone.om.exceptions.OMException: Unable to get file status: volume: volume00149 bucket: bucket04297 key: gdir1/dir9
	at org.apache.hadoop.ozone.om.KeyManagerImpl.getOzoneFileStatus(KeyManagerImpl.java:1324) ~[ozone-manager-1.3.0-SNAPSHOT.jar:?]
	at org.apache.hadoop.ozone.om.KeyManagerImpl.getFileStatus(KeyManagerImpl.java:1254) ~[ozone-manager-1.3.0-SNAPSHOT.jar:?]
	at org.apache.hadoop.ozone.om.OzoneManager.getFileStatus(OzoneManager.java:3506) ~[ozone-manager-1.3.0-SNAPSHOT.jar:?]
	at org.apache.hadoop.ozone.protocolPB.OzoneManagerRequestHandler.getOzoneFileStatus(OzoneManagerRequestHandler.java:882) ~[ozone-manager-1.3.0-SNAPSHOT.jar:?]
	at org.apache.hadoop.ozone.protocolPB.OzoneManagerRequestHandler.handleReadRequest(OzoneManagerRequestHandler.java:228) ~[ozone-manager-1.3.0-SNAPSHOT.jar:?]
	at org.apache.hadoop.ozone.protocolPB.OzoneManagerProtocolServerSideTranslatorPB.submitRequestDirectlyToOM(OzoneManagerProtocolServerSideTranslatorPB.java:276) ~[ozone-manager-1.3.0-SNAPSHOT.jar:?]
	at org.apache.hadoop.ozone.protocolPB.OzoneManagerProtocolServerSideTranslatorPB.processRequest(OzoneManagerProtocolServerSideTranslatorPB.java:205) ~[ozone-manager-1.3.0-SNAPSHOT.jar:?]
	at org.apache.hadoop.hdds.server.OzoneProtocolMessageDispatcher.processRequest(OzoneProtocolMessageDispatcher.java:87) [hdds-server-framework-1.3.0-SNAPSHOT.jar:?]
	at org.apache.hadoop.ozone.protocolPB.OzoneManagerProtocolServerSideTranslatorPB.submitRequest(OzoneManagerProtocolServerSideTranslatorPB.java:147) [ozone-manager-1.3.0-SNAPSHOT.jar:?]
	at org.apache.hadoop.ozone.protocol.proto.OzoneManagerProtocolProtos$OzoneManagerService$2.callBlockingMethod(OzoneManagerProtocolProtos.java) [ozone-interface-client-1.3.0-SNAPSHOT.jar:?]
	at org.apache.hadoop.ipc.ProtobufRpcEngine$Server.processCall(ProtobufRpcEngine.java:466) [hadoop-common-3.3.1.jar:?]
	at org.apache.hadoop.ipc.ProtobufRpcEngine2$Server$ProtoBufRpcInvoker.call(ProtobufRpcEngine2.java:574) [hadoop-common-3.3.1.jar:?]
	at org.apache.hadoop.ipc.ProtobufRpcEngine2$Server$ProtoBufRpcInvoker.call(ProtobufRpcEngine2.java:552) [hadoop-common-3.3.1.jar:?]
	at org.apache.hadoop.ipc.RPC$Server.call(RPC.java:1093) [hadoop-common-3.3.1.jar:?]
	at org.apache.hadoop.ipc.Server$RpcCall.run(Server.java:1035) [hadoop-common-3.3.1.jar:?]
	at org.apache.hadoop.ipc.Server$RpcCall.run(Server.java:963) [hadoop-common-3.3.1.jar:?]
	at java.security.AccessController.doPrivileged(Native Method) ~[?:1.8.0_345]
	at javax.security.auth.Subject.doAs(Subject.java:422) [?:1.8.0_345]
	at org.apache.hadoop.security.UserGroupInformation.doAs(UserGroupInformation.java:1878) [hadoop-common-3.3.1.jar:?]
	at org.apache.hadoop.ipc.Server$Handler.run(Server.java:2966) [hadoop-common-3.3.1.jar:?]
2022-09-28 15:53:44,762 [Time-limited test] WARN  ozone.BasicOzoneFileSystem (BasicOzoneFileSystem.java:getFileStatus(765)) - GetFileStatus failed for path /gdir1/dir9
java.io.FileNotFoundException: gdir1/dir9: No such file or directory!
	at org.apache.hadoop.fs.ozone.BasicOzoneClientAdapterImpl.getFileStatus(BasicOzoneClientAdapterImpl.java:369)
	at org.apache.hadoop.fs.ozone.BasicOzoneFileSystem.getFileStatus(BasicOzoneFileSystem.java:757)
	at org.apache.hadoop.fs.ozone.TestOzoneFileSystem.checkPath(TestOzoneFileSystem.java:504)
	at org.apache.hadoop.fs.ozone.TestOzoneFileSystem.testRecursiveDelete(TestOzoneFileSystem.java:459)
	at sun.reflect.NativeMethodAccessorImpl.invoke0(Native Method)
	at sun.reflect.NativeMethodAccessorImpl.invoke(NativeMethodAccessorImpl.java:62)
	at sun.reflect.DelegatingMethodAccessorImpl.invoke(DelegatingMethodAccessorImpl.java:43)
	at java.lang.reflect.Method.invoke(Method.java:498)
	at org.junit.runners.model.FrameworkMethod$1.runReflectiveCall(FrameworkMethod.java:59)
	at org.junit.internal.runners.model.ReflectiveCallable.run(ReflectiveCallable.java:12)
	at org.junit.runners.model.FrameworkMethod.invokeExplosively(FrameworkMethod.java:56)
	at org.junit.internal.runners.statements.InvokeMethod.evaluate(InvokeMethod.java:17)
	at org.junit.internal.runners.statements.RunAfters.evaluate(RunAfters.java:27)
	at org.junit.internal.runners.statements.FailOnTimeout$CallableStatement.call(FailOnTimeout.java:288)
	at org.junit.internal.runners.statements.FailOnTimeout$CallableStatement.call(FailOnTimeout.java:282)
	at java.util.concurrent.FutureTask.run(FutureTask.java:266)
	at java.lang.Thread.run(Thread.java:750)
15:53:44.763 [IPC Server handler 5 on default port 42319] ERROR OMAudit - user=runner | ip=127.0.0.1 | op=GET_FILE_STATUS {volume=volume00149, bucket=bucket04297, key=gdir1/dir9/child, dataSize=0, replicationConfig=null} | ret=FAILURE
org.apache.hadoop.ozone.om.exceptions.OMException: Unable to get file status: volume: volume00149 bucket: bucket04297 key: gdir1/dir9/child
	at org.apache.hadoop.ozone.om.KeyManagerImpl.getOzoneFileStatus(KeyManagerImpl.java:1324) ~[ozone-manager-1.3.0-SNAPSHOT.jar:?]
	at org.apache.hadoop.ozone.om.KeyManagerImpl.getFileStatus(KeyManagerImpl.java:1254) ~[ozone-manager-1.3.0-SNAPSHOT.jar:?]
	at org.apache.hadoop.ozone.om.OzoneManager.getFileStatus(OzoneManager.java:3506) ~[ozone-manager-1.3.0-SNAPSHOT.jar:?]
	at org.apache.hadoop.ozone.protocolPB.OzoneManagerRequestHandler.getOzoneFileStatus(OzoneManagerRequestHandler.java:882) ~[ozone-manager-1.3.0-SNAPSHOT.jar:?]
	at org.apache.hadoop.ozone.protocolPB.OzoneManagerRequestHandler.handleReadRequest(OzoneManagerRequestHandler.java:228) ~[ozone-manager-1.3.0-SNAPSHOT.jar:?]
	at org.apache.hadoop.ozone.protocolPB.OzoneManagerProtocolServerSideTranslatorPB.submitRequestDirectlyToOM(OzoneManagerProtocolServerSideTranslatorPB.java:276) ~[ozone-manager-1.3.0-SNAPSHOT.jar:?]
	at org.apache.hadoop.ozone.protocolPB.OzoneManagerProtocolServerSideTranslatorPB.processRequest(OzoneManagerProtocolServerSideTranslatorPB.java:205) ~[ozone-manager-1.3.0-SNAPSHOT.jar:?]
	at org.apache.hadoop.hdds.server.OzoneProtocolMessageDispatcher.processRequest(OzoneProtocolMessageDispatcher.java:87) [hdds-server-framework-1.3.0-SNAPSHOT.jar:?]
	at org.apache.hadoop.ozone.protocolPB.OzoneManagerProtocolServerSideTranslatorPB.submitRequest(OzoneManagerProtocolServerSideTranslatorPB.java:147) [ozone-manager-1.3.0-SNAPSHOT.jar:?]
	at org.apache.hadoop.ozone.protocol.proto.OzoneManagerProtocolProtos$OzoneManagerService$2.callBlockingMethod(OzoneManagerProtocolProtos.java) [ozone-interface-client-1.3.0-SNAPSHOT.jar:?]
	at org.apache.hadoop.ipc.ProtobufRpcEngine$Server.processCall(ProtobufRpcEngine.java:466) [hadoop-common-3.3.1.jar:?]
	at org.apache.hadoop.ipc.ProtobufRpcEngine2$Server$ProtoBufRpcInvoker.call(ProtobufRpcEngine2.java:574) [hadoop-common-3.3.1.jar:?]
	at org.apache.hadoop.ipc.ProtobufRpcEngine2$Server$ProtoBufRpcInvoker.call(ProtobufRpcEngine2.java:552) [hadoop-common-3.3.1.jar:?]
	at org.apache.hadoop.ipc.RPC$Server.call(RPC.java:1093) [hadoop-common-3.3.1.jar:?]
	at org.apache.hadoop.ipc.Server$RpcCall.run(Server.java:1035) [hadoop-common-3.3.1.jar:?]
	at org.apache.hadoop.ipc.Server$RpcCall.run(Server.java:963) [hadoop-common-3.3.1.jar:?]
	at java.security.AccessController.doPrivileged(Native Method) ~[?:1.8.0_345]
	at javax.security.auth.Subject.doAs(Subject.java:422) [?:1.8.0_345]
	at org.apache.hadoop.security.UserGroupInformation.doAs(UserGroupInformation.java:1878) [hadoop-common-3.3.1.jar:?]
	at org.apache.hadoop.ipc.Server$Handler.run(Server.java:2966) [hadoop-common-3.3.1.jar:?]
2022-09-28 15:53:44,764 [Time-limited test] WARN  ozone.BasicOzoneFileSystem (BasicOzoneFileSystem.java:getFileStatus(765)) - GetFileStatus failed for path /gdir1/dir9/child
java.io.FileNotFoundException: gdir1/dir9/child: No such file or directory!
	at org.apache.hadoop.fs.ozone.BasicOzoneClientAdapterImpl.getFileStatus(BasicOzoneClientAdapterImpl.java:369)
	at org.apache.hadoop.fs.ozone.BasicOzoneFileSystem.getFileStatus(BasicOzoneFileSystem.java:757)
	at org.apache.hadoop.fs.ozone.TestOzoneFileSystem.checkPath(TestOzoneFileSystem.java:504)
	at org.apache.hadoop.fs.ozone.TestOzoneFileSystem.testRecursiveDelete(TestOzoneFileSystem.java:460)
	at sun.reflect.NativeMethodAccessorImpl.invoke0(Native Method)
	at sun.reflect.NativeMethodAccessorImpl.invoke(NativeMethodAccessorImpl.java:62)
	at sun.reflect.DelegatingMethodAccessorImpl.invoke(DelegatingMethodAccessorImpl.java:43)
	at java.lang.reflect.Method.invoke(Method.java:498)
	at org.junit.runners.model.FrameworkMethod$1.runReflectiveCall(FrameworkMethod.java:59)
	at org.junit.internal.runners.model.ReflectiveCallable.run(ReflectiveCallable.java:12)
	at org.junit.runners.model.FrameworkMethod.invokeExplosively(FrameworkMethod.java:56)
	at org.junit.internal.runners.statements.InvokeMethod.evaluate(InvokeMethod.java:17)
	at org.junit.internal.runners.statements.RunAfters.evaluate(RunAfters.java:27)
	at org.junit.internal.runners.statements.FailOnTimeout$CallableStatement.call(FailOnTimeout.java:288)
	at org.junit.internal.runners.statements.FailOnTimeout$CallableStatement.call(FailOnTimeout.java:282)
	at java.util.concurrent.FutureTask.run(FutureTask.java:266)
	at java.lang.Thread.run(Thread.java:750)
15:53:44.764 [IPC Server handler 0 on default port 42319] ERROR OMAudit - user=runner | ip=127.0.0.1 | op=GET_FILE_STATUS {volume=volume00149, bucket=bucket04297, key=gdir1/dir10, dataSize=0, replicationConfig=null} | ret=FAILURE
org.apache.hadoop.ozone.om.exceptions.OMException: Unable to get file status: volume: volume00149 bucket: bucket04297 key: gdir1/dir10
	at org.apache.hadoop.ozone.om.KeyManagerImpl.getOzoneFileStatus(KeyManagerImpl.java:1324) ~[ozone-manager-1.3.0-SNAPSHOT.jar:?]
	at org.apache.hadoop.ozone.om.KeyManagerImpl.getFileStatus(KeyManagerImpl.java:1254) ~[ozone-manager-1.3.0-SNAPSHOT.jar:?]
	at org.apache.hadoop.ozone.om.OzoneManager.getFileStatus(OzoneManager.java:3506) ~[ozone-manager-1.3.0-SNAPSHOT.jar:?]
	at org.apache.hadoop.ozone.protocolPB.OzoneManagerRequestHandler.getOzoneFileStatus(OzoneManagerRequestHandler.java:882) ~[ozone-manager-1.3.0-SNAPSHOT.jar:?]
	at org.apache.hadoop.ozone.protocolPB.OzoneManagerRequestHandler.handleReadRequest(OzoneManagerRequestHandler.java:228) ~[ozone-manager-1.3.0-SNAPSHOT.jar:?]
	at org.apache.hadoop.ozone.protocolPB.OzoneManagerProtocolServerSideTranslatorPB.submitRequestDirectlyToOM(OzoneManagerProtocolServerSideTranslatorPB.java:276) ~[ozone-manager-1.3.0-SNAPSHOT.jar:?]
	at org.apache.hadoop.ozone.protocolPB.OzoneManagerProtocolServerSideTranslatorPB.processRequest(OzoneManagerProtocolServerSideTranslatorPB.java:205) ~[ozone-manager-1.3.0-SNAPSHOT.jar:?]
	at org.apache.hadoop.hdds.server.OzoneProtocolMessageDispatcher.processRequest(OzoneProtocolMessageDispatcher.java:87) [hdds-server-framework-1.3.0-SNAPSHOT.jar:?]
	at org.apache.hadoop.ozone.protocolPB.OzoneManagerProtocolServerSideTranslatorPB.submitRequest(OzoneManagerProtocolServerSideTranslatorPB.java:147) [ozone-manager-1.3.0-SNAPSHOT.jar:?]
	at org.apache.hadoop.ozone.protocol.proto.OzoneManagerProtocolProtos$OzoneManagerService$2.callBlockingMethod(OzoneManagerProtocolProtos.java) [ozone-interface-client-1.3.0-SNAPSHOT.jar:?]
	at org.apache.hadoop.ipc.ProtobufRpcEngine$Server.processCall(ProtobufRpcEngine.java:466) [hadoop-common-3.3.1.jar:?]
	at org.apache.hadoop.ipc.ProtobufRpcEngine2$Server$ProtoBufRpcInvoker.call(ProtobufRpcEngine2.java:574) [hadoop-common-3.3.1.jar:?]
	at org.apache.hadoop.ipc.ProtobufRpcEngine2$Server$ProtoBufRpcInvoker.call(ProtobufRpcEngine2.java:552) [hadoop-common-3.3.1.jar:?]
	at org.apache.hadoop.ipc.RPC$Server.call(RPC.java:1093) [hadoop-common-3.3.1.jar:?]
	at org.apache.hadoop.ipc.Server$RpcCall.run(Server.java:1035) [hadoop-common-3.3.1.jar:?]
	at org.apache.hadoop.ipc.Server$RpcCall.run(Server.java:963) [hadoop-common-3.3.1.jar:?]
	at java.security.AccessController.doPrivileged(Native Method) ~[?:1.8.0_345]
	at javax.security.auth.Subject.doAs(Subject.java:422) [?:1.8.0_345]
	at org.apache.hadoop.security.UserGroupInformation.doAs(UserGroupInformation.java:1878) [hadoop-common-3.3.1.jar:?]
	at org.apache.hadoop.ipc.Server$Handler.run(Server.java:2966) [hadoop-common-3.3.1.jar:?]
2022-09-28 15:53:44,767 [Time-limited test] WARN  ozone.BasicOzoneFileSystem (BasicOzoneFileSystem.java:getFileStatus(765)) - GetFileStatus failed for path /gdir1/dir10
java.io.FileNotFoundException: gdir1/dir10: No such file or directory!
	at org.apache.hadoop.fs.ozone.BasicOzoneClientAdapterImpl.getFileStatus(BasicOzoneClientAdapterImpl.java:369)
	at org.apache.hadoop.fs.ozone.BasicOzoneFileSystem.getFileStatus(BasicOzoneFileSystem.java:757)
	at org.apache.hadoop.fs.ozone.TestOzoneFileSystem.checkPath(TestOzoneFileSystem.java:504)
	at org.apache.hadoop.fs.ozone.TestOzoneFileSystem.testRecursiveDelete(TestOzoneFileSystem.java:459)
	at sun.reflect.NativeMethodAccessorImpl.invoke0(Native Method)
	at sun.reflect.NativeMethodAccessorImpl.invoke(NativeMethodAccessorImpl.java:62)
	at sun.reflect.DelegatingMethodAccessorImpl.invoke(DelegatingMethodAccessorImpl.java:43)
	at java.lang.reflect.Method.invoke(Method.java:498)
	at org.junit.runners.model.FrameworkMethod$1.runReflectiveCall(FrameworkMethod.java:59)
	at org.junit.internal.runners.model.ReflectiveCallable.run(ReflectiveCallable.java:12)
	at org.junit.runners.model.FrameworkMethod.invokeExplosively(FrameworkMethod.java:56)
	at org.junit.internal.runners.statements.InvokeMethod.evaluate(InvokeMethod.java:17)
	at org.junit.internal.runners.statements.RunAfters.evaluate(RunAfters.java:27)
	at org.junit.internal.runners.statements.FailOnTimeout$CallableStatement.call(FailOnTimeout.java:288)
	at org.junit.internal.runners.statements.FailOnTimeout$CallableStatement.call(FailOnTimeout.java:282)
	at java.util.concurrent.FutureTask.run(FutureTask.java:266)
	at java.lang.Thread.run(Thread.java:750)
15:53:44.771 [IPC Server handler 2 on default port 42319] ERROR OMAudit - user=runner | ip=127.0.0.1 | op=GET_FILE_STATUS {volume=volume00149, bucket=bucket04297, key=gdir1/dir10/child, dataSize=0, replicationConfig=null} | ret=FAILURE
org.apache.hadoop.ozone.om.exceptions.OMException: Unable to get file status: volume: volume00149 bucket: bucket04297 key: gdir1/dir10/child
	at org.apache.hadoop.ozone.om.KeyManagerImpl.getOzoneFileStatus(KeyManagerImpl.java:1324) ~[ozone-manager-1.3.0-SNAPSHOT.jar:?]
	at org.apache.hadoop.ozone.om.KeyManagerImpl.getFileStatus(KeyManagerImpl.java:1254) ~[ozone-manager-1.3.0-SNAPSHOT.jar:?]
	at org.apache.hadoop.ozone.om.OzoneManager.getFileStatus(OzoneManager.java:3506) ~[ozone-manager-1.3.0-SNAPSHOT.jar:?]
	at org.apache.hadoop.ozone.protocolPB.OzoneManagerRequestHandler.getOzoneFileStatus(OzoneManagerRequestHandler.java:882) ~[ozone-manager-1.3.0-SNAPSHOT.jar:?]
	at org.apache.hadoop.ozone.protocolPB.OzoneManagerRequestHandler.handleReadRequest(OzoneManagerRequestHandler.java:228) ~[ozone-manager-1.3.0-SNAPSHOT.jar:?]
	at org.apache.hadoop.ozone.protocolPB.OzoneManagerProtocolServerSideTranslatorPB.submitRequestDirectlyToOM(OzoneManagerProtocolServerSideTranslatorPB.java:276) ~[ozone-manager-1.3.0-SNAPSHOT.jar:?]
	at org.apache.hadoop.ozone.protocolPB.OzoneManagerProtocolServerSideTranslatorPB.processRequest(OzoneManagerProtocolServerSideTranslatorPB.java:205) ~[ozone-manager-1.3.0-SNAPSHOT.jar:?]
	at org.apache.hadoop.hdds.server.OzoneProtocolMessageDispatcher.processRequest(OzoneProtocolMessageDispatcher.java:87) [hdds-server-framework-1.3.0-SNAPSHOT.jar:?]
	at org.apache.hadoop.ozone.protocolPB.OzoneManagerProtocolServerSideTranslatorPB.submitRequest(OzoneManagerProtocolServerSideTranslatorPB.java:147) [ozone-manager-1.3.0-SNAPSHOT.jar:?]
	at org.apache.hadoop.ozone.protocol.proto.OzoneManagerProtocolProtos$OzoneManagerService$2.callBlockingMethod(OzoneManagerProtocolProtos.java) [ozone-interface-client-1.3.0-SNAPSHOT.jar:?]
	at org.apache.hadoop.ipc.ProtobufRpcEngine$Server.processCall(ProtobufRpcEngine.java:466) [hadoop-common-3.3.1.jar:?]
	at org.apache.hadoop.ipc.ProtobufRpcEngine2$Server$ProtoBufRpcInvoker.call(ProtobufRpcEngine2.java:574) [hadoop-common-3.3.1.jar:?]
	at org.apache.hadoop.ipc.ProtobufRpcEngine2$Server$ProtoBufRpcInvoker.call(ProtobufRpcEngine2.java:552) [hadoop-common-3.3.1.jar:?]
	at org.apache.hadoop.ipc.RPC$Server.call(RPC.java:1093) [hadoop-common-3.3.1.jar:?]
	at org.apache.hadoop.ipc.Server$RpcCall.run(Server.java:1035) [hadoop-common-3.3.1.jar:?]
	at org.apache.hadoop.ipc.Server$RpcCall.run(Server.java:963) [hadoop-common-3.3.1.jar:?]
	at java.security.AccessController.doPrivileged(Native Method) ~[?:1.8.0_345]
	at javax.security.auth.Subject.doAs(Subject.java:422) [?:1.8.0_345]
	at org.apache.hadoop.security.UserGroupInformation.doAs(UserGroupInformation.java:1878) [hadoop-common-3.3.1.jar:?]
	at org.apache.hadoop.ipc.Server$Handler.run(Server.java:2966) [hadoop-common-3.3.1.jar:?]
2022-09-28 15:53:44,773 [Time-limited test] WARN  ozone.BasicOzoneFileSystem (BasicOzoneFileSystem.java:getFileStatus(765)) - GetFileStatus failed for path /gdir1/dir10/child
java.io.FileNotFoundException: gdir1/dir10/child: No such file or directory!
	at org.apache.hadoop.fs.ozone.BasicOzoneClientAdapterImpl.getFileStatus(BasicOzoneClientAdapterImpl.java:369)
	at org.apache.hadoop.fs.ozone.BasicOzoneFileSystem.getFileStatus(BasicOzoneFileSystem.java:757)
	at org.apache.hadoop.fs.ozone.TestOzoneFileSystem.checkPath(TestOzoneFileSystem.java:504)
	at org.apache.hadoop.fs.ozone.TestOzoneFileSystem.testRecursiveDelete(TestOzoneFileSystem.java:460)
	at sun.reflect.NativeMethodAccessorImpl.invoke0(Native Method)
	at sun.reflect.NativeMethodAccessorImpl.invoke(NativeMethodAccessorImpl.java:62)
	at sun.reflect.DelegatingMethodAccessorImpl.invoke(DelegatingMethodAccessorImpl.java:43)
	at java.lang.reflect.Method.invoke(Method.java:498)
	at org.junit.runners.model.FrameworkMethod$1.runReflectiveCall(FrameworkMethod.java:59)
	at org.junit.internal.runners.model.ReflectiveCallable.run(ReflectiveCallable.java:12)
	at org.junit.runners.model.FrameworkMethod.invokeExplosively(FrameworkMethod.java:56)
	at org.junit.internal.runners.statements.InvokeMethod.evaluate(InvokeMethod.java:17)
	at org.junit.internal.runners.statements.RunAfters.evaluate(RunAfters.java:27)
	at org.junit.internal.runners.statements.FailOnTimeout$CallableStatement.call(FailOnTimeout.java:288)
	at org.junit.internal.runners.statements.FailOnTimeout$CallableStatement.call(FailOnTimeout.java:282)
	at java.util.concurrent.FutureTask.run(FutureTask.java:266)
	at java.lang.Thread.run(Thread.java:750)
15:53:44.814 [IPC Server handler 8 on default port 42319] ERROR OMAudit - user=runner | ip=127.0.0.1 | op=GET_FILE_STATUS {volume=volume00149, bucket=bucket04297, key=level0, dataSize=0, replicationConfig=null} | ret=FAILURE
org.apache.hadoop.ozone.om.exceptions.OMException: Unable to get file status: volume: volume00149 bucket: bucket04297 key: level0
	at org.apache.hadoop.ozone.om.KeyManagerImpl.getOzoneFileStatus(KeyManagerImpl.java:1324) ~[ozone-manager-1.3.0-SNAPSHOT.jar:?]
	at org.apache.hadoop.ozone.om.KeyManagerImpl.getFileStatus(KeyManagerImpl.java:1254) ~[ozone-manager-1.3.0-SNAPSHOT.jar:?]
	at org.apache.hadoop.ozone.om.OzoneManager.getFileStatus(OzoneManager.java:3506) ~[ozone-manager-1.3.0-SNAPSHOT.jar:?]
	at org.apache.hadoop.ozone.protocolPB.OzoneManagerRequestHandler.getOzoneFileStatus(OzoneManagerRequestHandler.java:882) ~[ozone-manager-1.3.0-SNAPSHOT.jar:?]
	at org.apache.hadoop.ozone.protocolPB.OzoneManagerRequestHandler.handleReadRequest(OzoneManagerRequestHandler.java:228) ~[ozone-manager-1.3.0-SNAPSHOT.jar:?]
	at org.apache.hadoop.ozone.protocolPB.OzoneManagerProtocolServerSideTranslatorPB.submitRequestDirectlyToOM(OzoneManagerProtocolServerSideTranslatorPB.java:276) ~[ozone-manager-1.3.0-SNAPSHOT.jar:?]
	at org.apache.hadoop.ozone.protocolPB.OzoneManagerProtocolServerSideTranslatorPB.processRequest(OzoneManagerProtocolServerSideTranslatorPB.java:205) ~[ozone-manager-1.3.0-SNAPSHOT.jar:?]
	at org.apache.hadoop.hdds.server.OzoneProtocolMessageDispatcher.processRequest(OzoneProtocolMessageDispatcher.java:87) [hdds-server-framework-1.3.0-SNAPSHOT.jar:?]
	at org.apache.hadoop.ozone.protocolPB.OzoneManagerProtocolServerSideTranslatorPB.submitRequest(OzoneManagerProtocolServerSideTranslatorPB.java:147) [ozone-manager-1.3.0-SNAPSHOT.jar:?]
	at org.apache.hadoop.ozone.protocol.proto.OzoneManagerProtocolProtos$OzoneManagerService$2.callBlockingMethod(OzoneManagerProtocolProtos.java) [ozone-interface-client-1.3.0-SNAPSHOT.jar:?]
	at org.apache.hadoop.ipc.ProtobufRpcEngine$Server.processCall(ProtobufRpcEngine.java:466) [hadoop-common-3.3.1.jar:?]
	at org.apache.hadoop.ipc.ProtobufRpcEngine2$Server$ProtoBufRpcInvoker.call(ProtobufRpcEngine2.java:574) [hadoop-common-3.3.1.jar:?]
	at org.apache.hadoop.ipc.ProtobufRpcEngine2$Server$ProtoBufRpcInvoker.call(ProtobufRpcEngine2.java:552) [hadoop-common-3.3.1.jar:?]
	at org.apache.hadoop.ipc.RPC$Server.call(RPC.java:1093) [hadoop-common-3.3.1.jar:?]
	at org.apache.hadoop.ipc.Server$RpcCall.run(Server.java:1035) [hadoop-common-3.3.1.jar:?]
	at org.apache.hadoop.ipc.Server$RpcCall.run(Server.java:963) [hadoop-common-3.3.1.jar:?]
	at java.security.AccessController.doPrivileged(Native Method) ~[?:1.8.0_345]
	at javax.security.auth.Subject.doAs(Subject.java:422) [?:1.8.0_345]
	at org.apache.hadoop.security.UserGroupInformation.doAs(UserGroupInformation.java:1878) [hadoop-common-3.3.1.jar:?]
	at org.apache.hadoop.ipc.Server$Handler.run(Server.java:2966) [hadoop-common-3.3.1.jar:?]
2022-09-28 15:53:44,815 [Time-limited test] WARN  ozone.BasicOzoneFileSystem (BasicOzoneFileSystem.java:getFileStatus(765)) - GetFileStatus failed for path /level0
java.io.FileNotFoundException: level0: No such file or directory!
	at org.apache.hadoop.fs.ozone.BasicOzoneClientAdapterImpl.getFileStatus(BasicOzoneClientAdapterImpl.java:369)
	at org.apache.hadoop.fs.ozone.BasicOzoneFileSystem.getFileStatus(BasicOzoneFileSystem.java:757)
	at org.apache.hadoop.fs.ozone.TestOzoneFileSystem.checkPath(TestOzoneFileSystem.java:504)
	at org.apache.hadoop.fs.ozone.TestOzoneFileSystem.testRecursiveDelete(TestOzoneFileSystem.java:488)
	at sun.reflect.NativeMethodAccessorImpl.invoke0(Native Method)
	at sun.reflect.NativeMethodAccessorImpl.invoke(NativeMethodAccessorImpl.java:62)
	at sun.reflect.DelegatingMethodAccessorImpl.invoke(DelegatingMethodAccessorImpl.java:43)
	at java.lang.reflect.Method.invoke(Method.java:498)
	at org.junit.runners.model.FrameworkMethod$1.runReflectiveCall(FrameworkMethod.java:59)
	at org.junit.internal.runners.model.ReflectiveCallable.run(ReflectiveCallable.java:12)
	at org.junit.runners.model.FrameworkMethod.invokeExplosively(FrameworkMethod.java:56)
	at org.junit.internal.runners.statements.InvokeMethod.evaluate(InvokeMethod.java:17)
	at org.junit.internal.runners.statements.RunAfters.evaluate(RunAfters.java:27)
	at org.junit.internal.runners.statements.FailOnTimeout$CallableStatement.call(FailOnTimeout.java:288)
	at org.junit.internal.runners.statements.FailOnTimeout$CallableStatement.call(FailOnTimeout.java:282)
	at java.util.concurrent.FutureTask.run(FutureTask.java:266)
	at java.lang.Thread.run(Thread.java:750)
15:53:44.815 [IPC Server handler 6 on default port 42319] ERROR OMAudit - user=runner | ip=127.0.0.1 | op=GET_FILE_STATUS {volume=volume00149, bucket=bucket04297, key=level0/level1, dataSize=0, replicationConfig=null} | ret=FAILURE
org.apache.hadoop.ozone.om.exceptions.OMException: Unable to get file status: volume: volume00149 bucket: bucket04297 key: level0/level1
	at org.apache.hadoop.ozone.om.KeyManagerImpl.getOzoneFileStatus(KeyManagerImpl.java:1324) ~[ozone-manager-1.3.0-SNAPSHOT.jar:?]
	at org.apache.hadoop.ozone.om.KeyManagerImpl.getFileStatus(KeyManagerImpl.java:1254) ~[ozone-manager-1.3.0-SNAPSHOT.jar:?]
	at org.apache.hadoop.ozone.om.OzoneManager.getFileStatus(OzoneManager.java:3506) ~[ozone-manager-1.3.0-SNAPSHOT.jar:?]
	at org.apache.hadoop.ozone.protocolPB.OzoneManagerRequestHandler.getOzoneFileStatus(OzoneManagerRequestHandler.java:882) ~[ozone-manager-1.3.0-SNAPSHOT.jar:?]
	at org.apache.hadoop.ozone.protocolPB.OzoneManagerRequestHandler.handleReadRequest(OzoneManagerRequestHandler.java:228) ~[ozone-manager-1.3.0-SNAPSHOT.jar:?]
	at org.apache.hadoop.ozone.protocolPB.OzoneManagerProtocolServerSideTranslatorPB.submitRequestDirectlyToOM(OzoneManagerProtocolServerSideTranslatorPB.java:276) ~[ozone-manager-1.3.0-SNAPSHOT.jar:?]
	at org.apache.hadoop.ozone.protocolPB.OzoneManagerProtocolServerSideTranslatorPB.processRequest(OzoneManagerProtocolServerSideTranslatorPB.java:205) ~[ozone-manager-1.3.0-SNAPSHOT.jar:?]
	at org.apache.hadoop.hdds.server.OzoneProtocolMessageDispatcher.processRequest(OzoneProtocolMessageDispatcher.java:87) [hdds-server-framework-1.3.0-SNAPSHOT.jar:?]
	at org.apache.hadoop.ozone.protocolPB.OzoneManagerProtocolServerSideTranslatorPB.submitRequest(OzoneManagerProtocolServerSideTranslatorPB.java:147) [ozone-manager-1.3.0-SNAPSHOT.jar:?]
	at org.apache.hadoop.ozone.protocol.proto.OzoneManagerProtocolProtos$OzoneManagerService$2.callBlockingMethod(OzoneManagerProtocolProtos.java) [ozone-interface-client-1.3.0-SNAPSHOT.jar:?]
	at org.apache.hadoop.ipc.ProtobufRpcEngine$Server.processCall(ProtobufRpcEngine.java:466) [hadoop-common-3.3.1.jar:?]
	at org.apache.hadoop.ipc.ProtobufRpcEngine2$Server$ProtoBufRpcInvoker.call(ProtobufRpcEngine2.java:574) [hadoop-common-3.3.1.jar:?]
	at org.apache.hadoop.ipc.ProtobufRpcEngine2$Server$ProtoBufRpcInvoker.call(ProtobufRpcEngine2.java:552) [hadoop-common-3.3.1.jar:?]
	at org.apache.hadoop.ipc.RPC$Server.call(RPC.java:1093) [hadoop-common-3.3.1.jar:?]
	at org.apache.hadoop.ipc.Server$RpcCall.run(Server.java:1035) [hadoop-common-3.3.1.jar:?]
	at org.apache.hadoop.ipc.Server$RpcCall.run(Server.java:963) [hadoop-common-3.3.1.jar:?]
	at java.security.AccessController.doPrivileged(Native Method) ~[?:1.8.0_345]
	at javax.security.auth.Subject.doAs(Subject.java:422) [?:1.8.0_345]
	at org.apache.hadoop.security.UserGroupInformation.doAs(UserGroupInformation.java:1878) [hadoop-common-3.3.1.jar:?]
	at org.apache.hadoop.ipc.Server$Handler.run(Server.java:2966) [hadoop-common-3.3.1.jar:?]
2022-09-28 15:53:44,816 [Time-limited test] WARN  ozone.BasicOzoneFileSystem (BasicOzoneFileSystem.java:getFileStatus(765)) - GetFileStatus failed for path /level0/level1
java.io.FileNotFoundException: level0/level1: No such file or directory!
	at org.apache.hadoop.fs.ozone.BasicOzoneClientAdapterImpl.getFileStatus(BasicOzoneClientAdapterImpl.java:369)
	at org.apache.hadoop.fs.ozone.BasicOzoneFileSystem.getFileStatus(BasicOzoneFileSystem.java:757)
	at org.apache.hadoop.fs.ozone.TestOzoneFileSystem.checkPath(TestOzoneFileSystem.java:504)
	at org.apache.hadoop.fs.ozone.TestOzoneFileSystem.testRecursiveDelete(TestOzoneFileSystem.java:495)
	at sun.reflect.NativeMethodAccessorImpl.invoke0(Native Method)
	at sun.reflect.NativeMethodAccessorImpl.invoke(NativeMethodAccessorImpl.java:62)
	at sun.reflect.DelegatingMethodAccessorImpl.invoke(DelegatingMethodAccessorImpl.java:43)
	at java.lang.reflect.Method.invoke(Method.java:498)
	at org.junit.runners.model.FrameworkMethod$1.runReflectiveCall(FrameworkMethod.java:59)
	at org.junit.internal.runners.model.ReflectiveCallable.run(ReflectiveCallable.java:12)
	at org.junit.runners.model.FrameworkMethod.invokeExplosively(FrameworkMethod.java:56)
	at org.junit.internal.runners.statements.InvokeMethod.evaluate(InvokeMethod.java:17)
	at org.junit.internal.runners.statements.RunAfters.evaluate(RunAfters.java:27)
	at org.junit.internal.runners.statements.FailOnTimeout$CallableStatement.call(FailOnTimeout.java:288)
	at org.junit.internal.runners.statements.FailOnTimeout$CallableStatement.call(FailOnTimeout.java:282)
	at java.util.concurrent.FutureTask.run(FutureTask.java:266)
	at java.lang.Thread.run(Thread.java:750)
15:53:44.816 [IPC Server handler 1 on default port 42319] ERROR OMAudit - user=runner | ip=127.0.0.1 | op=GET_FILE_STATUS {volume=volume00149, bucket=bucket04297, key=level0/level1/level1, dataSize=0, replicationConfig=null} | ret=FAILURE
org.apache.hadoop.ozone.om.exceptions.OMException: Unable to get file status: volume: volume00149 bucket: bucket04297 key: level0/level1/level1
	at org.apache.hadoop.ozone.om.KeyManagerImpl.getOzoneFileStatus(KeyManagerImpl.java:1324) ~[ozone-manager-1.3.0-SNAPSHOT.jar:?]
	at org.apache.hadoop.ozone.om.KeyManagerImpl.getFileStatus(KeyManagerImpl.java:1254) ~[ozone-manager-1.3.0-SNAPSHOT.jar:?]
	at org.apache.hadoop.ozone.om.OzoneManager.getFileStatus(OzoneManager.java:3506) ~[ozone-manager-1.3.0-SNAPSHOT.jar:?]
	at org.apache.hadoop.ozone.protocolPB.OzoneManagerRequestHandler.getOzoneFileStatus(OzoneManagerRequestHandler.java:882) ~[ozone-manager-1.3.0-SNAPSHOT.jar:?]
	at org.apache.hadoop.ozone.protocolPB.OzoneManagerRequestHandler.handleReadRequest(OzoneManagerRequestHandler.java:228) ~[ozone-manager-1.3.0-SNAPSHOT.jar:?]
	at org.apache.hadoop.ozone.protocolPB.OzoneManagerProtocolServerSideTranslatorPB.submitRequestDirectlyToOM(OzoneManagerProtocolServerSideTranslatorPB.java:276) ~[ozone-manager-1.3.0-SNAPSHOT.jar:?]
	at org.apache.hadoop.ozone.protocolPB.OzoneManagerProtocolServerSideTranslatorPB.processRequest(OzoneManagerProtocolServerSideTranslatorPB.java:205) ~[ozone-manager-1.3.0-SNAPSHOT.jar:?]
	at org.apache.hadoop.hdds.server.OzoneProtocolMessageDispatcher.processRequest(OzoneProtocolMessageDispatcher.java:87) [hdds-server-framework-1.3.0-SNAPSHOT.jar:?]
	at org.apache.hadoop.ozone.protocolPB.OzoneManagerProtocolServerSideTranslatorPB.submitRequest(OzoneManagerProtocolServerSideTranslatorPB.java:147) [ozone-manager-1.3.0-SNAPSHOT.jar:?]
	at org.apache.hadoop.ozone.protocol.proto.OzoneManagerProtocolProtos$OzoneManagerService$2.callBlockingMethod(OzoneManagerProtocolProtos.java) [ozone-interface-client-1.3.0-SNAPSHOT.jar:?]
	at org.apache.hadoop.ipc.ProtobufRpcEngine$Server.processCall(ProtobufRpcEngine.java:466) [hadoop-common-3.3.1.jar:?]
	at org.apache.hadoop.ipc.ProtobufRpcEngine2$Server$ProtoBufRpcInvoker.call(ProtobufRpcEngine2.java:574) [hadoop-common-3.3.1.jar:?]
	at org.apache.hadoop.ipc.ProtobufRpcEngine2$Server$ProtoBufRpcInvoker.call(ProtobufRpcEngine2.java:552) [hadoop-common-3.3.1.jar:?]
	at org.apache.hadoop.ipc.RPC$Server.call(RPC.java:1093) [hadoop-common-3.3.1.jar:?]
	at org.apache.hadoop.ipc.Server$RpcCall.run(Server.java:1035) [hadoop-common-3.3.1.jar:?]
	at org.apache.hadoop.ipc.Server$RpcCall.run(Server.java:963) [hadoop-common-3.3.1.jar:?]
	at java.security.AccessController.doPrivileged(Native Method) ~[?:1.8.0_345]
	at javax.security.auth.Subject.doAs(Subject.java:422) [?:1.8.0_345]
	at org.apache.hadoop.security.UserGroupInformation.doAs(UserGroupInformation.java:1878) [hadoop-common-3.3.1.jar:?]
	at org.apache.hadoop.ipc.Server$Handler.run(Server.java:2966) [hadoop-common-3.3.1.jar:?]
2022-09-28 15:53:44,817 [Time-limited test] WARN  ozone.BasicOzoneFileSystem (BasicOzoneFileSystem.java:getFileStatus(765)) - GetFileStatus failed for path /level0/level1/level1
java.io.FileNotFoundException: level0/level1/level1: No such file or directory!
	at org.apache.hadoop.fs.ozone.BasicOzoneClientAdapterImpl.getFileStatus(BasicOzoneClientAdapterImpl.java:369)
	at org.apache.hadoop.fs.ozone.BasicOzoneFileSystem.getFileStatus(BasicOzoneFileSystem.java:757)
	at org.apache.hadoop.fs.ozone.TestOzoneFileSystem.checkPath(TestOzoneFileSystem.java:504)
	at org.apache.hadoop.fs.ozone.TestOzoneFileSystem.testRecursiveDelete(TestOzoneFileSystem.java:496)
	at sun.reflect.NativeMethodAccessorImpl.invoke0(Native Method)
	at sun.reflect.NativeMethodAccessorImpl.invoke(NativeMethodAccessorImpl.java:62)
	at sun.reflect.DelegatingMethodAccessorImpl.invoke(DelegatingMethodAccessorImpl.java:43)
	at java.lang.reflect.Method.invoke(Method.java:498)
	at org.junit.runners.model.FrameworkMethod$1.runReflectiveCall(FrameworkMethod.java:59)
	at org.junit.internal.runners.model.ReflectiveCallable.run(ReflectiveCallable.java:12)
	at org.junit.runners.model.FrameworkMethod.invokeExplosively(FrameworkMethod.java:56)
	at org.junit.internal.runners.statements.InvokeMethod.evaluate(InvokeMethod.java:17)
	at org.junit.internal.runners.statements.RunAfters.evaluate(RunAfters.java:27)
	at org.junit.internal.runners.statements.FailOnTimeout$CallableStatement.call(FailOnTimeout.java:288)
	at org.junit.internal.runners.statements.FailOnTimeout$CallableStatement.call(FailOnTimeout.java:282)
	at java.util.concurrent.FutureTask.run(FutureTask.java:266)
	at java.lang.Thread.run(Thread.java:750)
15:53:44.818 [IPC Server handler 4 on default port 42319] ERROR OMAudit - user=runner | ip=127.0.0.1 | op=GET_FILE_STATUS {volume=volume00149, bucket=bucket04297, key=level0/level1/file1, dataSize=0, replicationConfig=null} | ret=FAILURE
org.apache.hadoop.ozone.om.exceptions.OMException: Unable to get file status: volume: volume00149 bucket: bucket04297 key: level0/level1/file1
	at org.apache.hadoop.ozone.om.KeyManagerImpl.getOzoneFileStatus(KeyManagerImpl.java:1324) ~[ozone-manager-1.3.0-SNAPSHOT.jar:?]
	at org.apache.hadoop.ozone.om.KeyManagerImpl.getFileStatus(KeyManagerImpl.java:1254) ~[ozone-manager-1.3.0-SNAPSHOT.jar:?]
	at org.apache.hadoop.ozone.om.OzoneManager.getFileStatus(OzoneManager.java:3506) ~[ozone-manager-1.3.0-SNAPSHOT.jar:?]
	at org.apache.hadoop.ozone.protocolPB.OzoneManagerRequestHandler.getOzoneFileStatus(OzoneManagerRequestHandler.java:882) ~[ozone-manager-1.3.0-SNAPSHOT.jar:?]
	at org.apache.hadoop.ozone.protocolPB.OzoneManagerRequestHandler.handleReadRequest(OzoneManagerRequestHandler.java:228) ~[ozone-manager-1.3.0-SNAPSHOT.jar:?]
	at org.apache.hadoop.ozone.protocolPB.OzoneManagerProtocolServerSideTranslatorPB.submitRequestDirectlyToOM(OzoneManagerProtocolServerSideTranslatorPB.java:276) ~[ozone-manager-1.3.0-SNAPSHOT.jar:?]
	at org.apache.hadoop.ozone.protocolPB.OzoneManagerProtocolServerSideTranslatorPB.processRequest(OzoneManagerProtocolServerSideTranslatorPB.java:205) ~[ozone-manager-1.3.0-SNAPSHOT.jar:?]
	at org.apache.hadoop.hdds.server.OzoneProtocolMessageDispatcher.processRequest(OzoneProtocolMessageDispatcher.java:87) [hdds-server-framework-1.3.0-SNAPSHOT.jar:?]
	at org.apache.hadoop.ozone.protocolPB.OzoneManagerProtocolServerSideTranslatorPB.submitRequest(OzoneManagerProtocolServerSideTranslatorPB.java:147) [ozone-manager-1.3.0-SNAPSHOT.jar:?]
	at org.apache.hadoop.ozone.protocol.proto.OzoneManagerProtocolProtos$OzoneManagerService$2.callBlockingMethod(OzoneManagerProtocolProtos.java) [ozone-interface-client-1.3.0-SNAPSHOT.jar:?]
	at org.apache.hadoop.ipc.ProtobufRpcEngine$Server.processCall(ProtobufRpcEngine.java:466) [hadoop-common-3.3.1.jar:?]
	at org.apache.hadoop.ipc.ProtobufRpcEngine2$Server$ProtoBufRpcInvoker.call(ProtobufRpcEngine2.java:574) [hadoop-common-3.3.1.jar:?]
	at org.apache.hadoop.ipc.ProtobufRpcEngine2$Server$ProtoBufRpcInvoker.call(ProtobufRpcEngine2.java:552) [hadoop-common-3.3.1.jar:?]
	at org.apache.hadoop.ipc.RPC$Server.call(RPC.java:1093) [hadoop-common-3.3.1.jar:?]
	at org.apache.hadoop.ipc.Server$RpcCall.run(Server.java:1035) [hadoop-common-3.3.1.jar:?]
	at org.apache.hadoop.ipc.Server$RpcCall.run(Server.java:963) [hadoop-common-3.3.1.jar:?]
	at java.security.AccessController.doPrivileged(Native Method) ~[?:1.8.0_345]
	at javax.security.auth.Subject.doAs(Subject.java:422) [?:1.8.0_345]
	at org.apache.hadoop.security.UserGroupInformation.doAs(UserGroupInformation.java:1878) [hadoop-common-3.3.1.jar:?]
	at org.apache.hadoop.ipc.Server$Handler.run(Server.java:2966) [hadoop-common-3.3.1.jar:?]
2022-09-28 15:53:44,818 [Time-limited test] WARN  ozone.BasicOzoneFileSystem (BasicOzoneFileSystem.java:getFileStatus(765)) - GetFileStatus failed for path /level0/level1/file1
java.io.FileNotFoundException: level0/level1/file1: No such file or directory!
	at org.apache.hadoop.fs.ozone.BasicOzoneClientAdapterImpl.getFileStatus(BasicOzoneClientAdapterImpl.java:369)
	at org.apache.hadoop.fs.ozone.BasicOzoneFileSystem.getFileStatus(BasicOzoneFileSystem.java:757)
	at org.apache.hadoop.fs.ozone.TestOzoneFileSystem.checkPath(TestOzoneFileSystem.java:504)
	at org.apache.hadoop.fs.ozone.TestOzoneFileSystem.testRecursiveDelete(TestOzoneFileSystem.java:497)
	at sun.reflect.NativeMethodAccessorImpl.invoke0(Native Method)
	at sun.reflect.NativeMethodAccessorImpl.invoke(NativeMethodAccessorImpl.java:62)
	at sun.reflect.DelegatingMethodAccessorImpl.invoke(DelegatingMethodAccessorImpl.java:43)
	at java.lang.reflect.Method.invoke(Method.java:498)
	at org.junit.runners.model.FrameworkMethod$1.runReflectiveCall(FrameworkMethod.java:59)
	at org.junit.internal.runners.model.ReflectiveCallable.run(ReflectiveCallable.java:12)
	at org.junit.runners.model.FrameworkMethod.invokeExplosively(FrameworkMethod.java:56)
	at org.junit.internal.runners.statements.InvokeMethod.evaluate(InvokeMethod.java:17)
	at org.junit.internal.runners.statements.RunAfters.evaluate(RunAfters.java:27)
	at org.junit.internal.runners.statements.FailOnTimeout$CallableStatement.call(FailOnTimeout.java:288)
	at org.junit.internal.runners.statements.FailOnTimeout$CallableStatement.call(FailOnTimeout.java:282)
	at java.util.concurrent.FutureTask.run(FutureTask.java:266)
	at java.lang.Thread.run(Thread.java:750)
15:53:44.818 [IPC Server handler 5 on default port 42319] ERROR OMAudit - user=runner | ip=127.0.0.1 | op=GET_FILE_STATUS {volume=volume00149, bucket=bucket04297, key=level0/level1/level1/file1, dataSize=0, replicationConfig=null} | ret=FAILURE
org.apache.hadoop.ozone.om.exceptions.OMException: Unable to get file status: volume: volume00149 bucket: bucket04297 key: level0/level1/level1/file1
	at org.apache.hadoop.ozone.om.KeyManagerImpl.getOzoneFileStatus(KeyManagerImpl.java:1324) ~[ozone-manager-1.3.0-SNAPSHOT.jar:?]
	at org.apache.hadoop.ozone.om.KeyManagerImpl.getFileStatus(KeyManagerImpl.java:1254) ~[ozone-manager-1.3.0-SNAPSHOT.jar:?]
	at org.apache.hadoop.ozone.om.OzoneManager.getFileStatus(OzoneManager.java:3506) ~[ozone-manager-1.3.0-SNAPSHOT.jar:?]
	at org.apache.hadoop.ozone.protocolPB.OzoneManagerRequestHandler.getOzoneFileStatus(OzoneManagerRequestHandler.java:882) ~[ozone-manager-1.3.0-SNAPSHOT.jar:?]
	at org.apache.hadoop.ozone.protocolPB.OzoneManagerRequestHandler.handleReadRequest(OzoneManagerRequestHandler.java:228) ~[ozone-manager-1.3.0-SNAPSHOT.jar:?]
	at org.apache.hadoop.ozone.protocolPB.OzoneManagerProtocolServerSideTranslatorPB.submitRequestDirectlyToOM(OzoneManagerProtocolServerSideTranslatorPB.java:276) ~[ozone-manager-1.3.0-SNAPSHOT.jar:?]
	at org.apache.hadoop.ozone.protocolPB.OzoneManagerProtocolServerSideTranslatorPB.processRequest(OzoneManagerProtocolServerSideTranslatorPB.java:205) ~[ozone-manager-1.3.0-SNAPSHOT.jar:?]
	at org.apache.hadoop.hdds.server.OzoneProtocolMessageDispatcher.processRequest(OzoneProtocolMessageDispatcher.java:87) [hdds-server-framework-1.3.0-SNAPSHOT.jar:?]
	at org.apache.hadoop.ozone.protocolPB.OzoneManagerProtocolServerSideTranslatorPB.submitRequest(OzoneManagerProtocolServerSideTranslatorPB.java:147) [ozone-manager-1.3.0-SNAPSHOT.jar:?]
	at org.apache.hadoop.ozone.protocol.proto.OzoneManagerProtocolProtos$OzoneManagerService$2.callBlockingMethod(OzoneManagerProtocolProtos.java) [ozone-interface-client-1.3.0-SNAPSHOT.jar:?]
	at org.apache.hadoop.ipc.ProtobufRpcEngine$Server.processCall(ProtobufRpcEngine.java:466) [hadoop-common-3.3.1.jar:?]
	at org.apache.hadoop.ipc.ProtobufRpcEngine2$Server$ProtoBufRpcInvoker.call(ProtobufRpcEngine2.java:574) [hadoop-common-3.3.1.jar:?]
	at org.apache.hadoop.ipc.ProtobufRpcEngine2$Server$ProtoBufRpcInvoker.call(ProtobufRpcEngine2.java:552) [hadoop-common-3.3.1.jar:?]
	at org.apache.hadoop.ipc.RPC$Server.call(RPC.java:1093) [hadoop-common-3.3.1.jar:?]
	at org.apache.hadoop.ipc.Server$RpcCall.run(Server.java:1035) [hadoop-common-3.3.1.jar:?]
	at org.apache.hadoop.ipc.Server$RpcCall.run(Server.java:963) [hadoop-common-3.3.1.jar:?]
	at java.security.AccessController.doPrivileged(Native Method) ~[?:1.8.0_345]
	at javax.security.auth.Subject.doAs(Subject.java:422) [?:1.8.0_345]
	at org.apache.hadoop.security.UserGroupInformation.doAs(UserGroupInformation.java:1878) [hadoop-common-3.3.1.jar:?]
	at org.apache.hadoop.ipc.Server$Handler.run(Server.java:2966) [hadoop-common-3.3.1.jar:?]
2022-09-28 15:53:44,819 [Time-limited test] WARN  ozone.BasicOzoneFileSystem (BasicOzoneFileSystem.java:getFileStatus(765)) - GetFileStatus failed for path /level0/level1/level1/file1
java.io.FileNotFoundException: level0/level1/level1/file1: No such file or directory!
	at org.apache.hadoop.fs.ozone.BasicOzoneClientAdapterImpl.getFileStatus(BasicOzoneClientAdapterImpl.java:369)
	at org.apache.hadoop.fs.ozone.BasicOzoneFileSystem.getFileStatus(BasicOzoneFileSystem.java:757)
	at org.apache.hadoop.fs.ozone.TestOzoneFileSystem.checkPath(TestOzoneFileSystem.java:504)
	at org.apache.hadoop.fs.ozone.TestOzoneFileSystem.testRecursiveDelete(TestOzoneFileSystem.java:498)
	at sun.reflect.NativeMethodAccessorImpl.invoke0(Native Method)
	at sun.reflect.NativeMethodAccessorImpl.invoke(NativeMethodAccessorImpl.java:62)
	at sun.reflect.DelegatingMethodAccessorImpl.invoke(DelegatingMethodAccessorImpl.java:43)
	at java.lang.reflect.Method.invoke(Method.java:498)
	at org.junit.runners.model.FrameworkMethod$1.runReflectiveCall(FrameworkMethod.java:59)
	at org.junit.internal.runners.model.ReflectiveCallable.run(ReflectiveCallable.java:12)
	at org.junit.runners.model.FrameworkMethod.invokeExplosively(FrameworkMethod.java:56)
	at org.junit.internal.runners.statements.InvokeMethod.evaluate(InvokeMethod.java:17)
	at org.junit.internal.runners.statements.RunAfters.evaluate(RunAfters.java:27)
	at org.junit.internal.runners.statements.FailOnTimeout$CallableStatement.call(FailOnTimeout.java:288)
	at org.junit.internal.runners.statements.FailOnTimeout$CallableStatement.call(FailOnTimeout.java:282)
	at java.util.concurrent.FutureTask.run(FutureTask.java:266)
	at java.lang.Thread.run(Thread.java:750)
15:53:44.819 [IPC Server handler 0 on default port 42319] ERROR OMAudit - user=runner | ip=127.0.0.1 | op=GET_FILE_STATUS {volume=volume00149, bucket=bucket04297, key=level0/level2, dataSize=0, replicationConfig=null} | ret=FAILURE
org.apache.hadoop.ozone.om.exceptions.OMException: Unable to get file status: volume: volume00149 bucket: bucket04297 key: level0/level2
	at org.apache.hadoop.ozone.om.KeyManagerImpl.getOzoneFileStatus(KeyManagerImpl.java:1324) ~[ozone-manager-1.3.0-SNAPSHOT.jar:?]
	at org.apache.hadoop.ozone.om.KeyManagerImpl.getFileStatus(KeyManagerImpl.java:1254) ~[ozone-manager-1.3.0-SNAPSHOT.jar:?]
	at org.apache.hadoop.ozone.om.OzoneManager.getFileStatus(OzoneManager.java:3506) ~[ozone-manager-1.3.0-SNAPSHOT.jar:?]
	at org.apache.hadoop.ozone.protocolPB.OzoneManagerRequestHandler.getOzoneFileStatus(OzoneManagerRequestHandler.java:882) ~[ozone-manager-1.3.0-SNAPSHOT.jar:?]
	at org.apache.hadoop.ozone.protocolPB.OzoneManagerRequestHandler.handleReadRequest(OzoneManagerRequestHandler.java:228) ~[ozone-manager-1.3.0-SNAPSHOT.jar:?]
	at org.apache.hadoop.ozone.protocolPB.OzoneManagerProtocolServerSideTranslatorPB.submitRequestDirectlyToOM(OzoneManagerProtocolServerSideTranslatorPB.java:276) ~[ozone-manager-1.3.0-SNAPSHOT.jar:?]
	at org.apache.hadoop.ozone.protocolPB.OzoneManagerProtocolServerSideTranslatorPB.processRequest(OzoneManagerProtocolServerSideTranslatorPB.java:205) ~[ozone-manager-1.3.0-SNAPSHOT.jar:?]
	at org.apache.hadoop.hdds.server.OzoneProtocolMessageDispatcher.processRequest(OzoneProtocolMessageDispatcher.java:87) [hdds-server-framework-1.3.0-SNAPSHOT.jar:?]
	at org.apache.hadoop.ozone.protocolPB.OzoneManagerProtocolServerSideTranslatorPB.submitRequest(OzoneManagerProtocolServerSideTranslatorPB.java:147) [ozone-manager-1.3.0-SNAPSHOT.jar:?]
	at org.apache.hadoop.ozone.protocol.proto.OzoneManagerProtocolProtos$OzoneManagerService$2.callBlockingMethod(OzoneManagerProtocolProtos.java) [ozone-interface-client-1.3.0-SNAPSHOT.jar:?]
	at org.apache.hadoop.ipc.ProtobufRpcEngine$Server.processCall(ProtobufRpcEngine.java:466) [hadoop-common-3.3.1.jar:?]
	at org.apache.hadoop.ipc.ProtobufRpcEngine2$Server$ProtoBufRpcInvoker.call(ProtobufRpcEngine2.java:574) [hadoop-common-3.3.1.jar:?]
	at org.apache.hadoop.ipc.ProtobufRpcEngine2$Server$ProtoBufRpcInvoker.call(ProtobufRpcEngine2.java:552) [hadoop-common-3.3.1.jar:?]
	at org.apache.hadoop.ipc.RPC$Server.call(RPC.java:1093) [hadoop-common-3.3.1.jar:?]
	at org.apache.hadoop.ipc.Server$RpcCall.run(Server.java:1035) [hadoop-common-3.3.1.jar:?]
	at org.apache.hadoop.ipc.Server$RpcCall.run(Server.java:963) [hadoop-common-3.3.1.jar:?]
	at java.security.AccessController.doPrivileged(Native Method) ~[?:1.8.0_345]
	at javax.security.auth.Subject.doAs(Subject.java:422) [?:1.8.0_345]
	at org.apache.hadoop.security.UserGroupInformation.doAs(UserGroupInformation.java:1878) [hadoop-common-3.3.1.jar:?]
	at org.apache.hadoop.ipc.Server$Handler.run(Server.java:2966) [hadoop-common-3.3.1.jar:?]
2022-09-28 15:53:44,820 [Time-limited test] WARN  ozone.BasicOzoneFileSystem (BasicOzoneFileSystem.java:getFileStatus(765)) - GetFileStatus failed for path /level0/level2
java.io.FileNotFoundException: level0/level2: No such file or directory!
	at org.apache.hadoop.fs.ozone.BasicOzoneClientAdapterImpl.getFileStatus(BasicOzoneClientAdapterImpl.java:369)
	at org.apache.hadoop.fs.ozone.BasicOzoneFileSystem.getFileStatus(BasicOzoneFileSystem.java:757)
	at org.apache.hadoop.fs.ozone.TestOzoneFileSystem.checkPath(TestOzoneFileSystem.java:504)
	at org.apache.hadoop.fs.ozone.TestOzoneFileSystem.testRecursiveDelete(TestOzoneFileSystem.java:495)
	at sun.reflect.NativeMethodAccessorImpl.invoke0(Native Method)
	at sun.reflect.NativeMethodAccessorImpl.invoke(NativeMethodAccessorImpl.java:62)
	at sun.reflect.DelegatingMethodAccessorImpl.invoke(DelegatingMethodAccessorImpl.java:43)
	at java.lang.reflect.Method.invoke(Method.java:498)
	at org.junit.runners.model.FrameworkMethod$1.runReflectiveCall(FrameworkMethod.java:59)
	at org.junit.internal.runners.model.ReflectiveCallable.run(ReflectiveCallable.java:12)
	at org.junit.runners.model.FrameworkMethod.invokeExplosively(FrameworkMethod.java:56)
	at org.junit.internal.runners.statements.InvokeMethod.evaluate(InvokeMethod.java:17)
	at org.junit.internal.runners.statements.RunAfters.evaluate(RunAfters.java:27)
	at org.junit.internal.runners.statements.FailOnTimeout$CallableStatement.call(FailOnTimeout.java:288)
	at org.junit.internal.runners.statements.FailOnTimeout$CallableStatement.call(FailOnTimeout.java:282)
	at java.util.concurrent.FutureTask.run(FutureTask.java:266)
	at java.lang.Thread.run(Thread.java:750)
15:53:44.820 [IPC Server handler 2 on default port 42319] ERROR OMAudit - user=runner | ip=127.0.0.1 | op=GET_FILE_STATUS {volume=volume00149, bucket=bucket04297, key=level0/level2/level2, dataSize=0, replicationConfig=null} | ret=FAILURE
org.apache.hadoop.ozone.om.exceptions.OMException: Unable to get file status: volume: volume00149 bucket: bucket04297 key: level0/level2/level2
	at org.apache.hadoop.ozone.om.KeyManagerImpl.getOzoneFileStatus(KeyManagerImpl.java:1324) ~[ozone-manager-1.3.0-SNAPSHOT.jar:?]
	at org.apache.hadoop.ozone.om.KeyManagerImpl.getFileStatus(KeyManagerImpl.java:1254) ~[ozone-manager-1.3.0-SNAPSHOT.jar:?]
	at org.apache.hadoop.ozone.om.OzoneManager.getFileStatus(OzoneManager.java:3506) ~[ozone-manager-1.3.0-SNAPSHOT.jar:?]
	at org.apache.hadoop.ozone.protocolPB.OzoneManagerRequestHandler.getOzoneFileStatus(OzoneManagerRequestHandler.java:882) ~[ozone-manager-1.3.0-SNAPSHOT.jar:?]
	at org.apache.hadoop.ozone.protocolPB.OzoneManagerRequestHandler.handleReadRequest(OzoneManagerRequestHandler.java:228) ~[ozone-manager-1.3.0-SNAPSHOT.jar:?]
	at org.apache.hadoop.ozone.protocolPB.OzoneManagerProtocolServerSideTranslatorPB.submitRequestDirectlyToOM(OzoneManagerProtocolServerSideTranslatorPB.java:276) ~[ozone-manager-1.3.0-SNAPSHOT.jar:?]
	at org.apache.hadoop.ozone.protocolPB.OzoneManagerProtocolServerSideTranslatorPB.processRequest(OzoneManagerProtocolServerSideTranslatorPB.java:205) ~[ozone-manager-1.3.0-SNAPSHOT.jar:?]
	at org.apache.hadoop.hdds.server.OzoneProtocolMessageDispatcher.processRequest(OzoneProtocolMessageDispatcher.java:87) [hdds-server-framework-1.3.0-SNAPSHOT.jar:?]
	at org.apache.hadoop.ozone.protocolPB.OzoneManagerProtocolServerSideTranslatorPB.submitRequest(OzoneManagerProtocolServerSideTranslatorPB.java:147) [ozone-manager-1.3.0-SNAPSHOT.jar:?]
	at org.apache.hadoop.ozone.protocol.proto.OzoneManagerProtocolProtos$OzoneManagerService$2.callBlockingMethod(OzoneManagerProtocolProtos.java) [ozone-interface-client-1.3.0-SNAPSHOT.jar:?]
	at org.apache.hadoop.ipc.ProtobufRpcEngine$Server.processCall(ProtobufRpcEngine.java:466) [hadoop-common-3.3.1.jar:?]
	at org.apache.hadoop.ipc.ProtobufRpcEngine2$Server$ProtoBufRpcInvoker.call(ProtobufRpcEngine2.java:574) [hadoop-common-3.3.1.jar:?]
	at org.apache.hadoop.ipc.ProtobufRpcEngine2$Server$ProtoBufRpcInvoker.call(ProtobufRpcEngine2.java:552) [hadoop-common-3.3.1.jar:?]
	at org.apache.hadoop.ipc.RPC$Server.call(RPC.java:1093) [hadoop-common-3.3.1.jar:?]
	at org.apache.hadoop.ipc.Server$RpcCall.run(Server.java:1035) [hadoop-common-3.3.1.jar:?]
	at org.apache.hadoop.ipc.Server$RpcCall.run(Server.java:963) [hadoop-common-3.3.1.jar:?]
	at java.security.AccessController.doPrivileged(Native Method) ~[?:1.8.0_345]
	at javax.security.auth.Subject.doAs(Subject.java:422) [?:1.8.0_345]
	at org.apache.hadoop.security.UserGroupInformation.doAs(UserGroupInformation.java:1878) [hadoop-common-3.3.1.jar:?]
	at org.apache.hadoop.ipc.Server$Handler.run(Server.java:2966) [hadoop-common-3.3.1.jar:?]
2022-09-28 15:53:44,820 [Time-limited test] WARN  ozone.BasicOzoneFileSystem (BasicOzoneFileSystem.java:getFileStatus(765)) - GetFileStatus failed for path /level0/level2/level2
java.io.FileNotFoundException: level0/level2/level2: No such file or directory!
	at org.apache.hadoop.fs.ozone.BasicOzoneClientAdapterImpl.getFileStatus(BasicOzoneClientAdapterImpl.java:369)
	at org.apache.hadoop.fs.ozone.BasicOzoneFileSystem.getFileStatus(BasicOzoneFileSystem.java:757)
	at org.apache.hadoop.fs.ozone.TestOzoneFileSystem.checkPath(TestOzoneFileSystem.java:504)
	at org.apache.hadoop.fs.ozone.TestOzoneFileSystem.testRecursiveDelete(TestOzoneFileSystem.java:496)
	at sun.reflect.NativeMethodAccessorImpl.invoke0(Native Method)
	at sun.reflect.NativeMethodAccessorImpl.invoke(NativeMethodAccessorImpl.java:62)
	at sun.reflect.DelegatingMethodAccessorImpl.invoke(DelegatingMethodAccessorImpl.java:43)
	at java.lang.reflect.Method.invoke(Method.java:498)
	at org.junit.runners.model.FrameworkMethod$1.runReflectiveCall(FrameworkMethod.java:59)
	at org.junit.internal.runners.model.ReflectiveCallable.run(ReflectiveCallable.java:12)
	at org.junit.runners.model.FrameworkMethod.invokeExplosively(FrameworkMethod.java:56)
	at org.junit.internal.runners.statements.InvokeMethod.evaluate(InvokeMethod.java:17)
	at org.junit.internal.runners.statements.RunAfters.evaluate(RunAfters.java:27)
	at org.junit.internal.runners.statements.FailOnTimeout$CallableStatement.call(FailOnTimeout.java:288)
	at org.junit.internal.runners.statements.FailOnTimeout$CallableStatement.call(FailOnTimeout.java:282)
	at java.util.concurrent.FutureTask.run(FutureTask.java:266)
	at java.lang.Thread.run(Thread.java:750)
15:53:44.821 [IPC Server handler 19 on default port 42319] ERROR OMAudit - user=runner | ip=127.0.0.1 | op=GET_FILE_STATUS {volume=volume00149, bucket=bucket04297, key=level0/level2/file1, dataSize=0, replicationConfig=null} | ret=FAILURE
org.apache.hadoop.ozone.om.exceptions.OMException: Unable to get file status: volume: volume00149 bucket: bucket04297 key: level0/level2/file1
	at org.apache.hadoop.ozone.om.KeyManagerImpl.getOzoneFileStatus(KeyManagerImpl.java:1324) ~[ozone-manager-1.3.0-SNAPSHOT.jar:?]
	at org.apache.hadoop.ozone.om.KeyManagerImpl.getFileStatus(KeyManagerImpl.java:1254) ~[ozone-manager-1.3.0-SNAPSHOT.jar:?]
	at org.apache.hadoop.ozone.om.OzoneManager.getFileStatus(OzoneManager.java:3506) ~[ozone-manager-1.3.0-SNAPSHOT.jar:?]
	at org.apache.hadoop.ozone.protocolPB.OzoneManagerRequestHandler.getOzoneFileStatus(OzoneManagerRequestHandler.java:882) ~[ozone-manager-1.3.0-SNAPSHOT.jar:?]
	at org.apache.hadoop.ozone.protocolPB.OzoneManagerRequestHandler.handleReadRequest(OzoneManagerRequestHandler.java:228) ~[ozone-manager-1.3.0-SNAPSHOT.jar:?]
	at org.apache.hadoop.ozone.protocolPB.OzoneManagerProtocolServerSideTranslatorPB.submitRequestDirectlyToOM(OzoneManagerProtocolServerSideTranslatorPB.java:276) ~[ozone-manager-1.3.0-SNAPSHOT.jar:?]
	at org.apache.hadoop.ozone.protocolPB.OzoneManagerProtocolServerSideTranslatorPB.processRequest(OzoneManagerProtocolServerSideTranslatorPB.java:205) ~[ozone-manager-1.3.0-SNAPSHOT.jar:?]
	at org.apache.hadoop.hdds.server.OzoneProtocolMessageDispatcher.processRequest(OzoneProtocolMessageDispatcher.java:87) [hdds-server-framework-1.3.0-SNAPSHOT.jar:?]
	at org.apache.hadoop.ozone.protocolPB.OzoneManagerProtocolServerSideTranslatorPB.submitRequest(OzoneManagerProtocolServerSideTranslatorPB.java:147) [ozone-manager-1.3.0-SNAPSHOT.jar:?]
	at org.apache.hadoop.ozone.protocol.proto.OzoneManagerProtocolProtos$OzoneManagerService$2.callBlockingMethod(OzoneManagerProtocolProtos.java) [ozone-interface-client-1.3.0-SNAPSHOT.jar:?]
	at org.apache.hadoop.ipc.ProtobufRpcEngine$Server.processCall(ProtobufRpcEngine.java:466) [hadoop-common-3.3.1.jar:?]
	at org.apache.hadoop.ipc.ProtobufRpcEngine2$Server$ProtoBufRpcInvoker.call(ProtobufRpcEngine2.java:574) [hadoop-common-3.3.1.jar:?]
	at org.apache.hadoop.ipc.ProtobufRpcEngine2$Server$ProtoBufRpcInvoker.call(ProtobufRpcEngine2.java:552) [hadoop-common-3.3.1.jar:?]
	at org.apache.hadoop.ipc.RPC$Server.call(RPC.java:1093) [hadoop-common-3.3.1.jar:?]
	at org.apache.hadoop.ipc.Server$RpcCall.run(Server.java:1035) [hadoop-common-3.3.1.jar:?]
	at org.apache.hadoop.ipc.Server$RpcCall.run(Server.java:963) [hadoop-common-3.3.1.jar:?]
	at java.security.AccessController.doPrivileged(Native Method) ~[?:1.8.0_345]
	at javax.security.auth.Subject.doAs(Subject.java:422) [?:1.8.0_345]
	at org.apache.hadoop.security.UserGroupInformation.doAs(UserGroupInformation.java:1878) [hadoop-common-3.3.1.jar:?]
	at org.apache.hadoop.ipc.Server$Handler.run(Server.java:2966) [hadoop-common-3.3.1.jar:?]
2022-09-28 15:53:44,822 [Time-limited test] WARN  ozone.BasicOzoneFileSystem (BasicOzoneFileSystem.java:getFileStatus(765)) - GetFileStatus failed for path /level0/level2/file1
java.io.FileNotFoundException: level0/level2/file1: No such file or directory!
	at org.apache.hadoop.fs.ozone.BasicOzoneClientAdapterImpl.getFileStatus(BasicOzoneClientAdapterImpl.java:369)
	at org.apache.hadoop.fs.ozone.BasicOzoneFileSystem.getFileStatus(BasicOzoneFileSystem.java:757)
	at org.apache.hadoop.fs.ozone.TestOzoneFileSystem.checkPath(TestOzoneFileSystem.java:504)
	at org.apache.hadoop.fs.ozone.TestOzoneFileSystem.testRecursiveDelete(TestOzoneFileSystem.java:497)
	at sun.reflect.NativeMethodAccessorImpl.invoke0(Native Method)
	at sun.reflect.NativeMethodAccessorImpl.invoke(NativeMethodAccessorImpl.java:62)
	at sun.reflect.DelegatingMethodAccessorImpl.invoke(DelegatingMethodAccessorImpl.java:43)
	at java.lang.reflect.Method.invoke(Method.java:498)
	at org.junit.runners.model.FrameworkMethod$1.runReflectiveCall(FrameworkMethod.java:59)
	at org.junit.internal.runners.model.ReflectiveCallable.run(ReflectiveCallable.java:12)
	at org.junit.runners.model.FrameworkMethod.invokeExplosively(FrameworkMethod.java:56)
	at org.junit.internal.runners.statements.InvokeMethod.evaluate(InvokeMethod.java:17)
	at org.junit.internal.runners.statements.RunAfters.evaluate(RunAfters.java:27)
	at org.junit.internal.runners.statements.FailOnTimeout$CallableStatement.call(FailOnTimeout.java:288)
	at org.junit.internal.runners.statements.FailOnTimeout$CallableStatement.call(FailOnTimeout.java:282)
	at java.util.concurrent.FutureTask.run(FutureTask.java:266)
	at java.lang.Thread.run(Thread.java:750)
15:53:44.823 [IPC Server handler 13 on default port 42319] ERROR OMAudit - user=runner | ip=127.0.0.1 | op=GET_FILE_STATUS {volume=volume00149, bucket=bucket04297, key=level0/level2/level2/file1, dataSize=0, replicationConfig=null} | ret=FAILURE
org.apache.hadoop.ozone.om.exceptions.OMException: Unable to get file status: volume: volume00149 bucket: bucket04297 key: level0/level2/level2/file1
	at org.apache.hadoop.ozone.om.KeyManagerImpl.getOzoneFileStatus(KeyManagerImpl.java:1324) ~[ozone-manager-1.3.0-SNAPSHOT.jar:?]
	at org.apache.hadoop.ozone.om.KeyManagerImpl.getFileStatus(KeyManagerImpl.java:1254) ~[ozone-manager-1.3.0-SNAPSHOT.jar:?]
	at org.apache.hadoop.ozone.om.OzoneManager.getFileStatus(OzoneManager.java:3506) ~[ozone-manager-1.3.0-SNAPSHOT.jar:?]
	at org.apache.hadoop.ozone.protocolPB.OzoneManagerRequestHandler.getOzoneFileStatus(OzoneManagerRequestHandler.java:882) ~[ozone-manager-1.3.0-SNAPSHOT.jar:?]
	at org.apache.hadoop.ozone.protocolPB.OzoneManagerRequestHandler.handleReadRequest(OzoneManagerRequestHandler.java:228) ~[ozone-manager-1.3.0-SNAPSHOT.jar:?]
	at org.apache.hadoop.ozone.protocolPB.OzoneManagerProtocolServerSideTranslatorPB.submitRequestDirectlyToOM(OzoneManagerProtocolServerSideTranslatorPB.java:276) ~[ozone-manager-1.3.0-SNAPSHOT.jar:?]
	at org.apache.hadoop.ozone.protocolPB.OzoneManagerProtocolServerSideTranslatorPB.processRequest(OzoneManagerProtocolServerSideTranslatorPB.java:205) ~[ozone-manager-1.3.0-SNAPSHOT.jar:?]
	at org.apache.hadoop.hdds.server.OzoneProtocolMessageDispatcher.processRequest(OzoneProtocolMessageDispatcher.java:87) [hdds-server-framework-1.3.0-SNAPSHOT.jar:?]
	at org.apache.hadoop.ozone.protocolPB.OzoneManagerProtocolServerSideTranslatorPB.submitRequest(OzoneManagerProtocolServerSideTranslatorPB.java:147) [ozone-manager-1.3.0-SNAPSHOT.jar:?]
	at org.apache.hadoop.ozone.protocol.proto.OzoneManagerProtocolProtos$OzoneManagerService$2.callBlockingMethod(OzoneManagerProtocolProtos.java) [ozone-interface-client-1.3.0-SNAPSHOT.jar:?]
	at org.apache.hadoop.ipc.ProtobufRpcEngine$Server.processCall(ProtobufRpcEngine.java:466) [hadoop-common-3.3.1.jar:?]
	at org.apache.hadoop.ipc.ProtobufRpcEngine2$Server$ProtoBufRpcInvoker.call(ProtobufRpcEngine2.java:574) [hadoop-common-3.3.1.jar:?]
	at org.apache.hadoop.ipc.ProtobufRpcEngine2$Server$ProtoBufRpcInvoker.call(ProtobufRpcEngine2.java:552) [hadoop-common-3.3.1.jar:?]
	at org.apache.hadoop.ipc.RPC$Server.call(RPC.java:1093) [hadoop-common-3.3.1.jar:?]
	at org.apache.hadoop.ipc.Server$RpcCall.run(Server.java:1035) [hadoop-common-3.3.1.jar:?]
	at org.apache.hadoop.ipc.Server$RpcCall.run(Server.java:963) [hadoop-common-3.3.1.jar:?]
	at java.security.AccessController.doPrivileged(Native Method) ~[?:1.8.0_345]
	at javax.security.auth.Subject.doAs(Subject.java:422) [?:1.8.0_345]
	at org.apache.hadoop.security.UserGroupInformation.doAs(UserGroupInformation.java:1878) [hadoop-common-3.3.1.jar:?]
	at org.apache.hadoop.ipc.Server$Handler.run(Server.java:2966) [hadoop-common-3.3.1.jar:?]
2022-09-28 15:53:44,823 [Time-limited test] WARN  ozone.BasicOzoneFileSystem (BasicOzoneFileSystem.java:getFileStatus(765)) - GetFileStatus failed for path /level0/level2/level2/file1
java.io.FileNotFoundException: level0/level2/level2/file1: No such file or directory!
	at org.apache.hadoop.fs.ozone.BasicOzoneClientAdapterImpl.getFileStatus(BasicOzoneClientAdapterImpl.java:369)
	at org.apache.hadoop.fs.ozone.BasicOzoneFileSystem.getFileStatus(BasicOzoneFileSystem.java:757)
	at org.apache.hadoop.fs.ozone.TestOzoneFileSystem.checkPath(TestOzoneFileSystem.java:504)
	at org.apache.hadoop.fs.ozone.TestOzoneFileSystem.testRecursiveDelete(TestOzoneFileSystem.java:498)
	at sun.reflect.NativeMethodAccessorImpl.invoke0(Native Method)
	at sun.reflect.NativeMethodAccessorImpl.invoke(NativeMethodAccessorImpl.java:62)
	at sun.reflect.DelegatingMethodAccessorImpl.invoke(DelegatingMethodAccessorImpl.java:43)
	at java.lang.reflect.Method.invoke(Method.java:498)
	at org.junit.runners.model.FrameworkMethod$1.runReflectiveCall(FrameworkMethod.java:59)
	at org.junit.internal.runners.model.ReflectiveCallable.run(ReflectiveCallable.java:12)
	at org.junit.runners.model.FrameworkMethod.invokeExplosively(FrameworkMethod.java:56)
	at org.junit.internal.runners.statements.InvokeMethod.evaluate(InvokeMethod.java:17)
	at org.junit.internal.runners.statements.RunAfters.evaluate(RunAfters.java:27)
	at org.junit.internal.runners.statements.FailOnTimeout$CallableStatement.call(FailOnTimeout.java:288)
	at org.junit.internal.runners.statements.FailOnTimeout$CallableStatement.call(FailOnTimeout.java:282)
	at java.util.concurrent.FutureTask.run(FutureTask.java:266)
	at java.lang.Thread.run(Thread.java:750)
15:53:44.824 [IPC Server handler 7 on default port 42319] ERROR OMAudit - user=runner | ip=127.0.0.1 | op=GET_FILE_STATUS {volume=volume00149, bucket=bucket04297, key=level0/level3, dataSize=0, replicationConfig=null} | ret=FAILURE
org.apache.hadoop.ozone.om.exceptions.OMException: Unable to get file status: volume: volume00149 bucket: bucket04297 key: level0/level3
	at org.apache.hadoop.ozone.om.KeyManagerImpl.getOzoneFileStatus(KeyManagerImpl.java:1324) ~[ozone-manager-1.3.0-SNAPSHOT.jar:?]
	at org.apache.hadoop.ozone.om.KeyManagerImpl.getFileStatus(KeyManagerImpl.java:1254) ~[ozone-manager-1.3.0-SNAPSHOT.jar:?]
	at org.apache.hadoop.ozone.om.OzoneManager.getFileStatus(OzoneManager.java:3506) ~[ozone-manager-1.3.0-SNAPSHOT.jar:?]
	at org.apache.hadoop.ozone.protocolPB.OzoneManagerRequestHandler.getOzoneFileStatus(OzoneManagerRequestHandler.java:882) ~[ozone-manager-1.3.0-SNAPSHOT.jar:?]
	at org.apache.hadoop.ozone.protocolPB.OzoneManagerRequestHandler.handleReadRequest(OzoneManagerRequestHandler.java:228) ~[ozone-manager-1.3.0-SNAPSHOT.jar:?]
	at org.apache.hadoop.ozone.protocolPB.OzoneManagerProtocolServerSideTranslatorPB.submitRequestDirectlyToOM(OzoneManagerProtocolServerSideTranslatorPB.java:276) ~[ozone-manager-1.3.0-SNAPSHOT.jar:?]
	at org.apache.hadoop.ozone.protocolPB.OzoneManagerProtocolServerSideTranslatorPB.processRequest(OzoneManagerProtocolServerSideTranslatorPB.java:205) ~[ozone-manager-1.3.0-SNAPSHOT.jar:?]
	at org.apache.hadoop.hdds.server.OzoneProtocolMessageDispatcher.processRequest(OzoneProtocolMessageDispatcher.java:87) [hdds-server-framework-1.3.0-SNAPSHOT.jar:?]
	at org.apache.hadoop.ozone.protocolPB.OzoneManagerProtocolServerSideTranslatorPB.submitRequest(OzoneManagerProtocolServerSideTranslatorPB.java:147) [ozone-manager-1.3.0-SNAPSHOT.jar:?]
	at org.apache.hadoop.ozone.protocol.proto.OzoneManagerProtocolProtos$OzoneManagerService$2.callBlockingMethod(OzoneManagerProtocolProtos.java) [ozone-interface-client-1.3.0-SNAPSHOT.jar:?]
	at org.apache.hadoop.ipc.ProtobufRpcEngine$Server.processCall(ProtobufRpcEngine.java:466) [hadoop-common-3.3.1.jar:?]
	at org.apache.hadoop.ipc.ProtobufRpcEngine2$Server$ProtoBufRpcInvoker.call(ProtobufRpcEngine2.java:574) [hadoop-common-3.3.1.jar:?]
	at org.apache.hadoop.ipc.ProtobufRpcEngine2$Server$ProtoBufRpcInvoker.call(ProtobufRpcEngine2.java:552) [hadoop-common-3.3.1.jar:?]
	at org.apache.hadoop.ipc.RPC$Server.call(RPC.java:1093) [hadoop-common-3.3.1.jar:?]
	at org.apache.hadoop.ipc.Server$RpcCall.run(Server.java:1035) [hadoop-common-3.3.1.jar:?]
	at org.apache.hadoop.ipc.Server$RpcCall.run(Server.java:963) [hadoop-common-3.3.1.jar:?]
	at java.security.AccessController.doPrivileged(Native Method) ~[?:1.8.0_345]
	at javax.security.auth.Subject.doAs(Subject.java:422) [?:1.8.0_345]
	at org.apache.hadoop.security.UserGroupInformation.doAs(UserGroupInformation.java:1878) [hadoop-common-3.3.1.jar:?]
	at org.apache.hadoop.ipc.Server$Handler.run(Server.java:2966) [hadoop-common-3.3.1.jar:?]
2022-09-28 15:53:44,827 [Time-limited test] WARN  ozone.BasicOzoneFileSystem (BasicOzoneFileSystem.java:getFileStatus(765)) - GetFileStatus failed for path /level0/level3
java.io.FileNotFoundException: level0/level3: No such file or directory!
	at org.apache.hadoop.fs.ozone.BasicOzoneClientAdapterImpl.getFileStatus(BasicOzoneClientAdapterImpl.java:369)
	at org.apache.hadoop.fs.ozone.BasicOzoneFileSystem.getFileStatus(BasicOzoneFileSystem.java:757)
	at org.apache.hadoop.fs.ozone.TestOzoneFileSystem.checkPath(TestOzoneFileSystem.java:504)
	at org.apache.hadoop.fs.ozone.TestOzoneFileSystem.testRecursiveDelete(TestOzoneFileSystem.java:495)
	at sun.reflect.NativeMethodAccessorImpl.invoke0(Native Method)
	at sun.reflect.NativeMethodAccessorImpl.invoke(NativeMethodAccessorImpl.java:62)
	at sun.reflect.DelegatingMethodAccessorImpl.invoke(DelegatingMethodAccessorImpl.java:43)
	at java.lang.reflect.Method.invoke(Method.java:498)
	at org.junit.runners.model.FrameworkMethod$1.runReflectiveCall(FrameworkMethod.java:59)
	at org.junit.internal.runners.model.ReflectiveCallable.run(ReflectiveCallable.java:12)
	at org.junit.runners.model.FrameworkMethod.invokeExplosively(FrameworkMethod.java:56)
	at org.junit.internal.runners.statements.InvokeMethod.evaluate(InvokeMethod.java:17)
	at org.junit.internal.runners.statements.RunAfters.evaluate(RunAfters.java:27)
	at org.junit.internal.runners.statements.FailOnTimeout$CallableStatement.call(FailOnTimeout.java:288)
	at org.junit.internal.runners.statements.FailOnTimeout$CallableStatement.call(FailOnTimeout.java:282)
	at java.util.concurrent.FutureTask.run(FutureTask.java:266)
	at java.lang.Thread.run(Thread.java:750)
15:53:44.828 [IPC Server handler 3 on default port 42319] ERROR OMAudit - user=runner | ip=127.0.0.1 | op=GET_FILE_STATUS {volume=volume00149, bucket=bucket04297, key=level0/level3/level3, dataSize=0, replicationConfig=null} | ret=FAILURE
org.apache.hadoop.ozone.om.exceptions.OMException: Unable to get file status: volume: volume00149 bucket: bucket04297 key: level0/level3/level3
	at org.apache.hadoop.ozone.om.KeyManagerImpl.getOzoneFileStatus(KeyManagerImpl.java:1324) ~[ozone-manager-1.3.0-SNAPSHOT.jar:?]
	at org.apache.hadoop.ozone.om.KeyManagerImpl.getFileStatus(KeyManagerImpl.java:1254) ~[ozone-manager-1.3.0-SNAPSHOT.jar:?]
	at org.apache.hadoop.ozone.om.OzoneManager.getFileStatus(OzoneManager.java:3506) ~[ozone-manager-1.3.0-SNAPSHOT.jar:?]
	at org.apache.hadoop.ozone.protocolPB.OzoneManagerRequestHandler.getOzoneFileStatus(OzoneManagerRequestHandler.java:882) ~[ozone-manager-1.3.0-SNAPSHOT.jar:?]
	at org.apache.hadoop.ozone.protocolPB.OzoneManagerRequestHandler.handleReadRequest(OzoneManagerRequestHandler.java:228) ~[ozone-manager-1.3.0-SNAPSHOT.jar:?]
	at org.apache.hadoop.ozone.protocolPB.OzoneManagerProtocolServerSideTranslatorPB.submitRequestDirectlyToOM(OzoneManagerProtocolServerSideTranslatorPB.java:276) ~[ozone-manager-1.3.0-SNAPSHOT.jar:?]
	at org.apache.hadoop.ozone.protocolPB.OzoneManagerProtocolServerSideTranslatorPB.processRequest(OzoneManagerProtocolServerSideTranslatorPB.java:205) ~[ozone-manager-1.3.0-SNAPSHOT.jar:?]
	at org.apache.hadoop.hdds.server.OzoneProtocolMessageDispatcher.processRequest(OzoneProtocolMessageDispatcher.java:87) [hdds-server-framework-1.3.0-SNAPSHOT.jar:?]
	at org.apache.hadoop.ozone.protocolPB.OzoneManagerProtocolServerSideTranslatorPB.submitRequest(OzoneManagerProtocolServerSideTranslatorPB.java:147) [ozone-manager-1.3.0-SNAPSHOT.jar:?]
	at org.apache.hadoop.ozone.protocol.proto.OzoneManagerProtocolProtos$OzoneManagerService$2.callBlockingMethod(OzoneManagerProtocolProtos.java) [ozone-interface-client-1.3.0-SNAPSHOT.jar:?]
	at org.apache.hadoop.ipc.ProtobufRpcEngine$Server.processCall(ProtobufRpcEngine.java:466) [hadoop-common-3.3.1.jar:?]
	at org.apache.hadoop.ipc.ProtobufRpcEngine2$Server$ProtoBufRpcInvoker.call(ProtobufRpcEngine2.java:574) [hadoop-common-3.3.1.jar:?]
	at org.apache.hadoop.ipc.ProtobufRpcEngine2$Server$ProtoBufRpcInvoker.call(ProtobufRpcEngine2.java:552) [hadoop-common-3.3.1.jar:?]
	at org.apache.hadoop.ipc.RPC$Server.call(RPC.java:1093) [hadoop-common-3.3.1.jar:?]
	at org.apache.hadoop.ipc.Server$RpcCall.run(Server.java:1035) [hadoop-common-3.3.1.jar:?]
	at org.apache.hadoop.ipc.Server$RpcCall.run(Server.java:963) [hadoop-common-3.3.1.jar:?]
	at java.security.AccessController.doPrivileged(Native Method) ~[?:1.8.0_345]
	at javax.security.auth.Subject.doAs(Subject.java:422) [?:1.8.0_345]
	at org.apache.hadoop.security.UserGroupInformation.doAs(UserGroupInformation.java:1878) [hadoop-common-3.3.1.jar:?]
	at org.apache.hadoop.ipc.Server$Handler.run(Server.java:2966) [hadoop-common-3.3.1.jar:?]
2022-09-28 15:53:44,831 [Time-limited test] WARN  ozone.BasicOzoneFileSystem (BasicOzoneFileSystem.java:getFileStatus(765)) - GetFileStatus failed for path /level0/level3/level3
java.io.FileNotFoundException: level0/level3/level3: No such file or directory!
	at org.apache.hadoop.fs.ozone.BasicOzoneClientAdapterImpl.getFileStatus(BasicOzoneClientAdapterImpl.java:369)
	at org.apache.hadoop.fs.ozone.BasicOzoneFileSystem.getFileStatus(BasicOzoneFileSystem.java:757)
	at org.apache.hadoop.fs.ozone.TestOzoneFileSystem.checkPath(TestOzoneFileSystem.java:504)
	at org.apache.hadoop.fs.ozone.TestOzoneFileSystem.testRecursiveDelete(TestOzoneFileSystem.java:496)
	at sun.reflect.NativeMethodAccessorImpl.invoke0(Native Method)
	at sun.reflect.NativeMethodAccessorImpl.invoke(NativeMethodAccessorImpl.java:62)
	at sun.reflect.DelegatingMethodAccessorImpl.invoke(DelegatingMethodAccessorImpl.java:43)
	at java.lang.reflect.Method.invoke(Method.java:498)
	at org.junit.runners.model.FrameworkMethod$1.runReflectiveCall(FrameworkMethod.java:59)
	at org.junit.internal.runners.model.ReflectiveCallable.run(ReflectiveCallable.java:12)
	at org.junit.runners.model.FrameworkMethod.invokeExplosively(FrameworkMethod.java:56)
	at org.junit.internal.runners.statements.InvokeMethod.evaluate(InvokeMethod.java:17)
	at org.junit.internal.runners.statements.RunAfters.evaluate(RunAfters.java:27)
	at org.junit.internal.runners.statements.FailOnTimeout$CallableStatement.call(FailOnTimeout.java:288)
	at org.junit.internal.runners.statements.FailOnTimeout$CallableStatement.call(FailOnTimeout.java:282)
	at java.util.concurrent.FutureTask.run(FutureTask.java:266)
	at java.lang.Thread.run(Thread.java:750)
15:53:44.831 [IPC Server handler 10 on default port 42319] ERROR OMAudit - user=runner | ip=127.0.0.1 | op=GET_FILE_STATUS {volume=volume00149, bucket=bucket04297, key=level0/level3/file1, dataSize=0, replicationConfig=null} | ret=FAILURE
org.apache.hadoop.ozone.om.exceptions.OMException: Unable to get file status: volume: volume00149 bucket: bucket04297 key: level0/level3/file1
	at org.apache.hadoop.ozone.om.KeyManagerImpl.getOzoneFileStatus(KeyManagerImpl.java:1324) ~[ozone-manager-1.3.0-SNAPSHOT.jar:?]
	at org.apache.hadoop.ozone.om.KeyManagerImpl.getFileStatus(KeyManagerImpl.java:1254) ~[ozone-manager-1.3.0-SNAPSHOT.jar:?]
	at org.apache.hadoop.ozone.om.OzoneManager.getFileStatus(OzoneManager.java:3506) ~[ozone-manager-1.3.0-SNAPSHOT.jar:?]
	at org.apache.hadoop.ozone.protocolPB.OzoneManagerRequestHandler.getOzoneFileStatus(OzoneManagerRequestHandler.java:882) ~[ozone-manager-1.3.0-SNAPSHOT.jar:?]
	at org.apache.hadoop.ozone.protocolPB.OzoneManagerRequestHandler.handleReadRequest(OzoneManagerRequestHandler.java:228) ~[ozone-manager-1.3.0-SNAPSHOT.jar:?]
	at org.apache.hadoop.ozone.protocolPB.OzoneManagerProtocolServerSideTranslatorPB.submitRequestDirectlyToOM(OzoneManagerProtocolServerSideTranslatorPB.java:276) ~[ozone-manager-1.3.0-SNAPSHOT.jar:?]
	at org.apache.hadoop.ozone.protocolPB.OzoneManagerProtocolServerSideTranslatorPB.processRequest(OzoneManagerProtocolServerSideTranslatorPB.java:205) ~[ozone-manager-1.3.0-SNAPSHOT.jar:?]
	at org.apache.hadoop.hdds.server.OzoneProtocolMessageDispatcher.processRequest(OzoneProtocolMessageDispatcher.java:87) [hdds-server-framework-1.3.0-SNAPSHOT.jar:?]
	at org.apache.hadoop.ozone.protocolPB.OzoneManagerProtocolServerSideTranslatorPB.submitRequest(OzoneManagerProtocolServerSideTranslatorPB.java:147) [ozone-manager-1.3.0-SNAPSHOT.jar:?]
	at org.apache.hadoop.ozone.protocol.proto.OzoneManagerProtocolProtos$OzoneManagerService$2.callBlockingMethod(OzoneManagerProtocolProtos.java) [ozone-interface-client-1.3.0-SNAPSHOT.jar:?]
	at org.apache.hadoop.ipc.ProtobufRpcEngine$Server.processCall(ProtobufRpcEngine.java:466) [hadoop-common-3.3.1.jar:?]
	at org.apache.hadoop.ipc.ProtobufRpcEngine2$Server$ProtoBufRpcInvoker.call(ProtobufRpcEngine2.java:574) [hadoop-common-3.3.1.jar:?]
	at org.apache.hadoop.ipc.ProtobufRpcEngine2$Server$ProtoBufRpcInvoker.call(ProtobufRpcEngine2.java:552) [hadoop-common-3.3.1.jar:?]
	at org.apache.hadoop.ipc.RPC$Server.call(RPC.java:1093) [hadoop-common-3.3.1.jar:?]
	at org.apache.hadoop.ipc.Server$RpcCall.run(Server.java:1035) [hadoop-common-3.3.1.jar:?]
	at org.apache.hadoop.ipc.Server$RpcCall.run(Server.java:963) [hadoop-common-3.3.1.jar:?]
	at java.security.AccessController.doPrivileged(Native Method) ~[?:1.8.0_345]
	at javax.security.auth.Subject.doAs(Subject.java:422) [?:1.8.0_345]
	at org.apache.hadoop.security.UserGroupInformation.doAs(UserGroupInformation.java:1878) [hadoop-common-3.3.1.jar:?]
	at org.apache.hadoop.ipc.Server$Handler.run(Server.java:2966) [hadoop-common-3.3.1.jar:?]
2022-09-28 15:53:44,832 [Time-limited test] WARN  ozone.BasicOzoneFileSystem (BasicOzoneFileSystem.java:getFileStatus(765)) - GetFileStatus failed for path /level0/level3/file1
java.io.FileNotFoundException: level0/level3/file1: No such file or directory!
	at org.apache.hadoop.fs.ozone.BasicOzoneClientAdapterImpl.getFileStatus(BasicOzoneClientAdapterImpl.java:369)
	at org.apache.hadoop.fs.ozone.BasicOzoneFileSystem.getFileStatus(BasicOzoneFileSystem.java:757)
	at org.apache.hadoop.fs.ozone.TestOzoneFileSystem.checkPath(TestOzoneFileSystem.java:504)
	at org.apache.hadoop.fs.ozone.TestOzoneFileSystem.testRecursiveDelete(TestOzoneFileSystem.java:497)
	at sun.reflect.NativeMethodAccessorImpl.invoke0(Native Method)
	at sun.reflect.NativeMethodAccessorImpl.invoke(NativeMethodAccessorImpl.java:62)
	at sun.reflect.DelegatingMethodAccessorImpl.invoke(DelegatingMethodAccessorImpl.java:43)
	at java.lang.reflect.Method.invoke(Method.java:498)
	at org.junit.runners.model.FrameworkMethod$1.runReflectiveCall(FrameworkMethod.java:59)
	at org.junit.internal.runners.model.ReflectiveCallable.run(ReflectiveCallable.java:12)
	at org.junit.runners.model.FrameworkMethod.invokeExplosively(FrameworkMethod.java:56)
	at org.junit.internal.runners.statements.InvokeMethod.evaluate(InvokeMethod.java:17)
	at org.junit.internal.runners.statements.RunAfters.evaluate(RunAfters.java:27)
	at org.junit.internal.runners.statements.FailOnTimeout$CallableStatement.call(FailOnTimeout.java:288)
	at org.junit.internal.runners.statements.FailOnTimeout$CallableStatement.call(FailOnTimeout.java:282)
	at java.util.concurrent.FutureTask.run(FutureTask.java:266)
	at java.lang.Thread.run(Thread.java:750)
15:53:44.833 [IPC Server handler 11 on default port 42319] ERROR OMAudit - user=runner | ip=127.0.0.1 | op=GET_FILE_STATUS {volume=volume00149, bucket=bucket04297, key=level0/level3/level3/file1, dataSize=0, replicationConfig=null} | ret=FAILURE
org.apache.hadoop.ozone.om.exceptions.OMException: Unable to get file status: volume: volume00149 bucket: bucket04297 key: level0/level3/level3/file1
	at org.apache.hadoop.ozone.om.KeyManagerImpl.getOzoneFileStatus(KeyManagerImpl.java:1324) ~[ozone-manager-1.3.0-SNAPSHOT.jar:?]
	at org.apache.hadoop.ozone.om.KeyManagerImpl.getFileStatus(KeyManagerImpl.java:1254) ~[ozone-manager-1.3.0-SNAPSHOT.jar:?]
	at org.apache.hadoop.ozone.om.OzoneManager.getFileStatus(OzoneManager.java:3506) ~[ozone-manager-1.3.0-SNAPSHOT.jar:?]
	at org.apache.hadoop.ozone.protocolPB.OzoneManagerRequestHandler.getOzoneFileStatus(OzoneManagerRequestHandler.java:882) ~[ozone-manager-1.3.0-SNAPSHOT.jar:?]
	at org.apache.hadoop.ozone.protocolPB.OzoneManagerRequestHandler.handleReadRequest(OzoneManagerRequestHandler.java:228) ~[ozone-manager-1.3.0-SNAPSHOT.jar:?]
	at org.apache.hadoop.ozone.protocolPB.OzoneManagerProtocolServerSideTranslatorPB.submitRequestDirectlyToOM(OzoneManagerProtocolServerSideTranslatorPB.java:276) ~[ozone-manager-1.3.0-SNAPSHOT.jar:?]
	at org.apache.hadoop.ozone.protocolPB.OzoneManagerProtocolServerSideTranslatorPB.processRequest(OzoneManagerProtocolServerSideTranslatorPB.java:205) ~[ozone-manager-1.3.0-SNAPSHOT.jar:?]
	at org.apache.hadoop.hdds.server.OzoneProtocolMessageDispatcher.processRequest(OzoneProtocolMessageDispatcher.java:87) [hdds-server-framework-1.3.0-SNAPSHOT.jar:?]
	at org.apache.hadoop.ozone.protocolPB.OzoneManagerProtocolServerSideTranslatorPB.submitRequest(OzoneManagerProtocolServerSideTranslatorPB.java:147) [ozone-manager-1.3.0-SNAPSHOT.jar:?]
	at org.apache.hadoop.ozone.protocol.proto.OzoneManagerProtocolProtos$OzoneManagerService$2.callBlockingMethod(OzoneManagerProtocolProtos.java) [ozone-interface-client-1.3.0-SNAPSHOT.jar:?]
	at org.apache.hadoop.ipc.ProtobufRpcEngine$Server.processCall(ProtobufRpcEngine.java:466) [hadoop-common-3.3.1.jar:?]
	at org.apache.hadoop.ipc.ProtobufRpcEngine2$Server$ProtoBufRpcInvoker.call(ProtobufRpcEngine2.java:574) [hadoop-common-3.3.1.jar:?]
	at org.apache.hadoop.ipc.ProtobufRpcEngine2$Server$ProtoBufRpcInvoker.call(ProtobufRpcEngine2.java:552) [hadoop-common-3.3.1.jar:?]
	at org.apache.hadoop.ipc.RPC$Server.call(RPC.java:1093) [hadoop-common-3.3.1.jar:?]
	at org.apache.hadoop.ipc.Server$RpcCall.run(Server.java:1035) [hadoop-common-3.3.1.jar:?]
	at org.apache.hadoop.ipc.Server$RpcCall.run(Server.java:963) [hadoop-common-3.3.1.jar:?]
	at java.security.AccessController.doPrivileged(Native Method) ~[?:1.8.0_345]
	at javax.security.auth.Subject.doAs(Subject.java:422) [?:1.8.0_345]
	at org.apache.hadoop.security.UserGroupInformation.doAs(UserGroupInformation.java:1878) [hadoop-common-3.3.1.jar:?]
	at org.apache.hadoop.ipc.Server$Handler.run(Server.java:2966) [hadoop-common-3.3.1.jar:?]
2022-09-28 15:53:44,833 [Time-limited test] WARN  ozone.BasicOzoneFileSystem (BasicOzoneFileSystem.java:getFileStatus(765)) - GetFileStatus failed for path /level0/level3/level3/file1
java.io.FileNotFoundException: level0/level3/level3/file1: No such file or directory!
	at org.apache.hadoop.fs.ozone.BasicOzoneClientAdapterImpl.getFileStatus(BasicOzoneClientAdapterImpl.java:369)
	at org.apache.hadoop.fs.ozone.BasicOzoneFileSystem.getFileStatus(BasicOzoneFileSystem.java:757)
	at org.apache.hadoop.fs.ozone.TestOzoneFileSystem.checkPath(TestOzoneFileSystem.java:504)
	at org.apache.hadoop.fs.ozone.TestOzoneFileSystem.testRecursiveDelete(TestOzoneFileSystem.java:498)
	at sun.reflect.NativeMethodAccessorImpl.invoke0(Native Method)
	at sun.reflect.NativeMethodAccessorImpl.invoke(NativeMethodAccessorImpl.java:62)
	at sun.reflect.DelegatingMethodAccessorImpl.invoke(DelegatingMethodAccessorImpl.java:43)
	at java.lang.reflect.Method.invoke(Method.java:498)
	at org.junit.runners.model.FrameworkMethod$1.runReflectiveCall(FrameworkMethod.java:59)
	at org.junit.internal.runners.model.ReflectiveCallable.run(ReflectiveCallable.java:12)
	at org.junit.runners.model.FrameworkMethod.invokeExplosively(FrameworkMethod.java:56)
	at org.junit.internal.runners.statements.InvokeMethod.evaluate(InvokeMethod.java:17)
	at org.junit.internal.runners.statements.RunAfters.evaluate(RunAfters.java:27)
	at org.junit.internal.runners.statements.FailOnTimeout$CallableStatement.call(FailOnTimeout.java:288)
	at org.junit.internal.runners.statements.FailOnTimeout$CallableStatement.call(FailOnTimeout.java:282)
	at java.util.concurrent.FutureTask.run(FutureTask.java:266)
	at java.lang.Thread.run(Thread.java:750)
]]></system-out>
  </testcase>
  <testcase name="testRecursiveDelete" classname="TestOzoneFileSystem" time="0.212">
    <system-out><![CDATA[15:55:10.336 [IPC Server handler 0 on default port 37257] ERROR OMAudit - user=runner | ip=127.0.0.1 | op=GET_FILE_STATUS {volume=volume14467, bucket=bucket64159, key=gdir1, dataSize=0, replicationConfig=null} | ret=FAILURE
org.apache.hadoop.ozone.om.exceptions.OMException: Unable to get file status: volume: volume14467 bucket: bucket64159 key: gdir1
	at org.apache.hadoop.ozone.om.KeyManagerImpl.getOzoneFileStatus(KeyManagerImpl.java:1324) ~[ozone-manager-1.3.0-SNAPSHOT.jar:?]
	at org.apache.hadoop.ozone.om.KeyManagerImpl.getFileStatus(KeyManagerImpl.java:1254) ~[ozone-manager-1.3.0-SNAPSHOT.jar:?]
	at org.apache.hadoop.ozone.om.OzoneManager.getFileStatus(OzoneManager.java:3506) ~[ozone-manager-1.3.0-SNAPSHOT.jar:?]
	at org.apache.hadoop.ozone.protocolPB.OzoneManagerRequestHandler.getOzoneFileStatus(OzoneManagerRequestHandler.java:882) ~[ozone-manager-1.3.0-SNAPSHOT.jar:?]
	at org.apache.hadoop.ozone.protocolPB.OzoneManagerRequestHandler.handleReadRequest(OzoneManagerRequestHandler.java:228) ~[ozone-manager-1.3.0-SNAPSHOT.jar:?]
	at org.apache.hadoop.ozone.protocolPB.OzoneManagerProtocolServerSideTranslatorPB.submitReadRequestToOM(OzoneManagerProtocolServerSideTranslatorPB.java:226) ~[ozone-manager-1.3.0-SNAPSHOT.jar:?]
	at org.apache.hadoop.ozone.protocolPB.OzoneManagerProtocolServerSideTranslatorPB.processRequest(OzoneManagerProtocolServerSideTranslatorPB.java:175) ~[ozone-manager-1.3.0-SNAPSHOT.jar:?]
	at org.apache.hadoop.hdds.server.OzoneProtocolMessageDispatcher.processRequest(OzoneProtocolMessageDispatcher.java:87) [hdds-server-framework-1.3.0-SNAPSHOT.jar:?]
	at org.apache.hadoop.ozone.protocolPB.OzoneManagerProtocolServerSideTranslatorPB.submitRequest(OzoneManagerProtocolServerSideTranslatorPB.java:147) [ozone-manager-1.3.0-SNAPSHOT.jar:?]
	at org.apache.hadoop.ozone.protocol.proto.OzoneManagerProtocolProtos$OzoneManagerService$2.callBlockingMethod(OzoneManagerProtocolProtos.java) [ozone-interface-client-1.3.0-SNAPSHOT.jar:?]
	at org.apache.hadoop.ipc.ProtobufRpcEngine$Server.processCall(ProtobufRpcEngine.java:466) [hadoop-common-3.3.1.jar:?]
	at org.apache.hadoop.ipc.ProtobufRpcEngine2$Server$ProtoBufRpcInvoker.call(ProtobufRpcEngine2.java:574) [hadoop-common-3.3.1.jar:?]
	at org.apache.hadoop.ipc.ProtobufRpcEngine2$Server$ProtoBufRpcInvoker.call(ProtobufRpcEngine2.java:552) [hadoop-common-3.3.1.jar:?]
	at org.apache.hadoop.ipc.RPC$Server.call(RPC.java:1093) [hadoop-common-3.3.1.jar:?]
	at org.apache.hadoop.ipc.Server$RpcCall.run(Server.java:1035) [hadoop-common-3.3.1.jar:?]
	at org.apache.hadoop.ipc.Server$RpcCall.run(Server.java:963) [hadoop-common-3.3.1.jar:?]
	at java.security.AccessController.doPrivileged(Native Method) ~[?:1.8.0_345]
	at javax.security.auth.Subject.doAs(Subject.java:422) [?:1.8.0_345]
	at org.apache.hadoop.security.UserGroupInformation.doAs(UserGroupInformation.java:1878) [hadoop-common-3.3.1.jar:?]
	at org.apache.hadoop.ipc.Server$Handler.run(Server.java:2966) [hadoop-common-3.3.1.jar:?]
2022-09-28 15:55:10,336 [Time-limited test] WARN  ozone.BasicOzoneFileSystem (BasicOzoneFileSystem.java:getFileStatus(765)) - GetFileStatus failed for path /gdir1
java.io.FileNotFoundException: gdir1: No such file or directory!
	at org.apache.hadoop.fs.ozone.BasicOzoneClientAdapterImpl.getFileStatus(BasicOzoneClientAdapterImpl.java:369)
	at org.apache.hadoop.fs.ozone.BasicOzoneFileSystem.getFileStatus(BasicOzoneFileSystem.java:757)
	at org.apache.hadoop.fs.ozone.TestOzoneFileSystem.checkPath(TestOzoneFileSystem.java:504)
	at org.apache.hadoop.fs.ozone.TestOzoneFileSystem.testRecursiveDelete(TestOzoneFileSystem.java:454)
	at sun.reflect.NativeMethodAccessorImpl.invoke0(Native Method)
	at sun.reflect.NativeMethodAccessorImpl.invoke(NativeMethodAccessorImpl.java:62)
	at sun.reflect.DelegatingMethodAccessorImpl.invoke(DelegatingMethodAccessorImpl.java:43)
	at java.lang.reflect.Method.invoke(Method.java:498)
	at org.junit.runners.model.FrameworkMethod$1.runReflectiveCall(FrameworkMethod.java:59)
	at org.junit.internal.runners.model.ReflectiveCallable.run(ReflectiveCallable.java:12)
	at org.junit.runners.model.FrameworkMethod.invokeExplosively(FrameworkMethod.java:56)
	at org.junit.internal.runners.statements.InvokeMethod.evaluate(InvokeMethod.java:17)
	at org.junit.internal.runners.statements.RunAfters.evaluate(RunAfters.java:27)
	at org.junit.internal.runners.statements.FailOnTimeout$CallableStatement.call(FailOnTimeout.java:288)
	at org.junit.internal.runners.statements.FailOnTimeout$CallableStatement.call(FailOnTimeout.java:282)
	at java.util.concurrent.FutureTask.run(FutureTask.java:266)
	at java.lang.Thread.run(Thread.java:750)
15:55:10.337 [IPC Server handler 7 on default port 37257] ERROR OMAudit - user=runner | ip=127.0.0.1 | op=GET_FILE_STATUS {volume=volume14467, bucket=bucket64159, key=gdir1/dir1, dataSize=0, replicationConfig=null} | ret=FAILURE
org.apache.hadoop.ozone.om.exceptions.OMException: Unable to get file status: volume: volume14467 bucket: bucket64159 key: gdir1/dir1
	at org.apache.hadoop.ozone.om.KeyManagerImpl.getOzoneFileStatus(KeyManagerImpl.java:1324) ~[ozone-manager-1.3.0-SNAPSHOT.jar:?]
	at org.apache.hadoop.ozone.om.KeyManagerImpl.getFileStatus(KeyManagerImpl.java:1254) ~[ozone-manager-1.3.0-SNAPSHOT.jar:?]
	at org.apache.hadoop.ozone.om.OzoneManager.getFileStatus(OzoneManager.java:3506) ~[ozone-manager-1.3.0-SNAPSHOT.jar:?]
	at org.apache.hadoop.ozone.protocolPB.OzoneManagerRequestHandler.getOzoneFileStatus(OzoneManagerRequestHandler.java:882) ~[ozone-manager-1.3.0-SNAPSHOT.jar:?]
	at org.apache.hadoop.ozone.protocolPB.OzoneManagerRequestHandler.handleReadRequest(OzoneManagerRequestHandler.java:228) ~[ozone-manager-1.3.0-SNAPSHOT.jar:?]
	at org.apache.hadoop.ozone.protocolPB.OzoneManagerProtocolServerSideTranslatorPB.submitReadRequestToOM(OzoneManagerProtocolServerSideTranslatorPB.java:226) ~[ozone-manager-1.3.0-SNAPSHOT.jar:?]
	at org.apache.hadoop.ozone.protocolPB.OzoneManagerProtocolServerSideTranslatorPB.processRequest(OzoneManagerProtocolServerSideTranslatorPB.java:175) ~[ozone-manager-1.3.0-SNAPSHOT.jar:?]
	at org.apache.hadoop.hdds.server.OzoneProtocolMessageDispatcher.processRequest(OzoneProtocolMessageDispatcher.java:87) [hdds-server-framework-1.3.0-SNAPSHOT.jar:?]
	at org.apache.hadoop.ozone.protocolPB.OzoneManagerProtocolServerSideTranslatorPB.submitRequest(OzoneManagerProtocolServerSideTranslatorPB.java:147) [ozone-manager-1.3.0-SNAPSHOT.jar:?]
	at org.apache.hadoop.ozone.protocol.proto.OzoneManagerProtocolProtos$OzoneManagerService$2.callBlockingMethod(OzoneManagerProtocolProtos.java) [ozone-interface-client-1.3.0-SNAPSHOT.jar:?]
	at org.apache.hadoop.ipc.ProtobufRpcEngine$Server.processCall(ProtobufRpcEngine.java:466) [hadoop-common-3.3.1.jar:?]
	at org.apache.hadoop.ipc.ProtobufRpcEngine2$Server$ProtoBufRpcInvoker.call(ProtobufRpcEngine2.java:574) [hadoop-common-3.3.1.jar:?]
	at org.apache.hadoop.ipc.ProtobufRpcEngine2$Server$ProtoBufRpcInvoker.call(ProtobufRpcEngine2.java:552) [hadoop-common-3.3.1.jar:?]
	at org.apache.hadoop.ipc.RPC$Server.call(RPC.java:1093) [hadoop-common-3.3.1.jar:?]
	at org.apache.hadoop.ipc.Server$RpcCall.run(Server.java:1035) [hadoop-common-3.3.1.jar:?]
	at org.apache.hadoop.ipc.Server$RpcCall.run(Server.java:963) [hadoop-common-3.3.1.jar:?]
	at java.security.AccessController.doPrivileged(Native Method) ~[?:1.8.0_345]
	at javax.security.auth.Subject.doAs(Subject.java:422) [?:1.8.0_345]
	at org.apache.hadoop.security.UserGroupInformation.doAs(UserGroupInformation.java:1878) [hadoop-common-3.3.1.jar:?]
	at org.apache.hadoop.ipc.Server$Handler.run(Server.java:2966) [hadoop-common-3.3.1.jar:?]
2022-09-28 15:55:10,337 [Time-limited test] WARN  ozone.BasicOzoneFileSystem (BasicOzoneFileSystem.java:getFileStatus(765)) - GetFileStatus failed for path /gdir1/dir1
java.io.FileNotFoundException: gdir1/dir1: No such file or directory!
	at org.apache.hadoop.fs.ozone.BasicOzoneClientAdapterImpl.getFileStatus(BasicOzoneClientAdapterImpl.java:369)
	at org.apache.hadoop.fs.ozone.BasicOzoneFileSystem.getFileStatus(BasicOzoneFileSystem.java:757)
	at org.apache.hadoop.fs.ozone.TestOzoneFileSystem.checkPath(TestOzoneFileSystem.java:504)
	at org.apache.hadoop.fs.ozone.TestOzoneFileSystem.testRecursiveDelete(TestOzoneFileSystem.java:459)
	at sun.reflect.NativeMethodAccessorImpl.invoke0(Native Method)
	at sun.reflect.NativeMethodAccessorImpl.invoke(NativeMethodAccessorImpl.java:62)
	at sun.reflect.DelegatingMethodAccessorImpl.invoke(DelegatingMethodAccessorImpl.java:43)
	at java.lang.reflect.Method.invoke(Method.java:498)
	at org.junit.runners.model.FrameworkMethod$1.runReflectiveCall(FrameworkMethod.java:59)
	at org.junit.internal.runners.model.ReflectiveCallable.run(ReflectiveCallable.java:12)
	at org.junit.runners.model.FrameworkMethod.invokeExplosively(FrameworkMethod.java:56)
	at org.junit.internal.runners.statements.InvokeMethod.evaluate(InvokeMethod.java:17)
	at org.junit.internal.runners.statements.RunAfters.evaluate(RunAfters.java:27)
	at org.junit.internal.runners.statements.FailOnTimeout$CallableStatement.call(FailOnTimeout.java:288)
	at org.junit.internal.runners.statements.FailOnTimeout$CallableStatement.call(FailOnTimeout.java:282)
	at java.util.concurrent.FutureTask.run(FutureTask.java:266)
	at java.lang.Thread.run(Thread.java:750)
15:55:10.337 [IPC Server handler 1 on default port 37257] ERROR OMAudit - user=runner | ip=127.0.0.1 | op=GET_FILE_STATUS {volume=volume14467, bucket=bucket64159, key=gdir1/dir1/child, dataSize=0, replicationConfig=null} | ret=FAILURE
org.apache.hadoop.ozone.om.exceptions.OMException: Unable to get file status: volume: volume14467 bucket: bucket64159 key: gdir1/dir1/child
	at org.apache.hadoop.ozone.om.KeyManagerImpl.getOzoneFileStatus(KeyManagerImpl.java:1324) ~[ozone-manager-1.3.0-SNAPSHOT.jar:?]
	at org.apache.hadoop.ozone.om.KeyManagerImpl.getFileStatus(KeyManagerImpl.java:1254) ~[ozone-manager-1.3.0-SNAPSHOT.jar:?]
	at org.apache.hadoop.ozone.om.OzoneManager.getFileStatus(OzoneManager.java:3506) ~[ozone-manager-1.3.0-SNAPSHOT.jar:?]
	at org.apache.hadoop.ozone.protocolPB.OzoneManagerRequestHandler.getOzoneFileStatus(OzoneManagerRequestHandler.java:882) ~[ozone-manager-1.3.0-SNAPSHOT.jar:?]
	at org.apache.hadoop.ozone.protocolPB.OzoneManagerRequestHandler.handleReadRequest(OzoneManagerRequestHandler.java:228) ~[ozone-manager-1.3.0-SNAPSHOT.jar:?]
	at org.apache.hadoop.ozone.protocolPB.OzoneManagerProtocolServerSideTranslatorPB.submitReadRequestToOM(OzoneManagerProtocolServerSideTranslatorPB.java:226) ~[ozone-manager-1.3.0-SNAPSHOT.jar:?]
	at org.apache.hadoop.ozone.protocolPB.OzoneManagerProtocolServerSideTranslatorPB.processRequest(OzoneManagerProtocolServerSideTranslatorPB.java:175) ~[ozone-manager-1.3.0-SNAPSHOT.jar:?]
	at org.apache.hadoop.hdds.server.OzoneProtocolMessageDispatcher.processRequest(OzoneProtocolMessageDispatcher.java:87) [hdds-server-framework-1.3.0-SNAPSHOT.jar:?]
	at org.apache.hadoop.ozone.protocolPB.OzoneManagerProtocolServerSideTranslatorPB.submitRequest(OzoneManagerProtocolServerSideTranslatorPB.java:147) [ozone-manager-1.3.0-SNAPSHOT.jar:?]
	at org.apache.hadoop.ozone.protocol.proto.OzoneManagerProtocolProtos$OzoneManagerService$2.callBlockingMethod(OzoneManagerProtocolProtos.java) [ozone-interface-client-1.3.0-SNAPSHOT.jar:?]
	at org.apache.hadoop.ipc.ProtobufRpcEngine$Server.processCall(ProtobufRpcEngine.java:466) [hadoop-common-3.3.1.jar:?]
	at org.apache.hadoop.ipc.ProtobufRpcEngine2$Server$ProtoBufRpcInvoker.call(ProtobufRpcEngine2.java:574) [hadoop-common-3.3.1.jar:?]
	at org.apache.hadoop.ipc.ProtobufRpcEngine2$Server$ProtoBufRpcInvoker.call(ProtobufRpcEngine2.java:552) [hadoop-common-3.3.1.jar:?]
	at org.apache.hadoop.ipc.RPC$Server.call(RPC.java:1093) [hadoop-common-3.3.1.jar:?]
	at org.apache.hadoop.ipc.Server$RpcCall.run(Server.java:1035) [hadoop-common-3.3.1.jar:?]
	at org.apache.hadoop.ipc.Server$RpcCall.run(Server.java:963) [hadoop-common-3.3.1.jar:?]
	at java.security.AccessController.doPrivileged(Native Method) ~[?:1.8.0_345]
	at javax.security.auth.Subject.doAs(Subject.java:422) [?:1.8.0_345]
	at org.apache.hadoop.security.UserGroupInformation.doAs(UserGroupInformation.java:1878) [hadoop-common-3.3.1.jar:?]
	at org.apache.hadoop.ipc.Server$Handler.run(Server.java:2966) [hadoop-common-3.3.1.jar:?]
2022-09-28 15:55:10,338 [Time-limited test] WARN  ozone.BasicOzoneFileSystem (BasicOzoneFileSystem.java:getFileStatus(765)) - GetFileStatus failed for path /gdir1/dir1/child
java.io.FileNotFoundException: gdir1/dir1/child: No such file or directory!
	at org.apache.hadoop.fs.ozone.BasicOzoneClientAdapterImpl.getFileStatus(BasicOzoneClientAdapterImpl.java:369)
	at org.apache.hadoop.fs.ozone.BasicOzoneFileSystem.getFileStatus(BasicOzoneFileSystem.java:757)
	at org.apache.hadoop.fs.ozone.TestOzoneFileSystem.checkPath(TestOzoneFileSystem.java:504)
	at org.apache.hadoop.fs.ozone.TestOzoneFileSystem.testRecursiveDelete(TestOzoneFileSystem.java:460)
	at sun.reflect.NativeMethodAccessorImpl.invoke0(Native Method)
	at sun.reflect.NativeMethodAccessorImpl.invoke(NativeMethodAccessorImpl.java:62)
	at sun.reflect.DelegatingMethodAccessorImpl.invoke(DelegatingMethodAccessorImpl.java:43)
	at java.lang.reflect.Method.invoke(Method.java:498)
	at org.junit.runners.model.FrameworkMethod$1.runReflectiveCall(FrameworkMethod.java:59)
	at org.junit.internal.runners.model.ReflectiveCallable.run(ReflectiveCallable.java:12)
	at org.junit.runners.model.FrameworkMethod.invokeExplosively(FrameworkMethod.java:56)
	at org.junit.internal.runners.statements.InvokeMethod.evaluate(InvokeMethod.java:17)
	at org.junit.internal.runners.statements.RunAfters.evaluate(RunAfters.java:27)
	at org.junit.internal.runners.statements.FailOnTimeout$CallableStatement.call(FailOnTimeout.java:288)
	at org.junit.internal.runners.statements.FailOnTimeout$CallableStatement.call(FailOnTimeout.java:282)
	at java.util.concurrent.FutureTask.run(FutureTask.java:266)
	at java.lang.Thread.run(Thread.java:750)
15:55:10.338 [IPC Server handler 4 on default port 37257] ERROR OMAudit - user=runner | ip=127.0.0.1 | op=GET_FILE_STATUS {volume=volume14467, bucket=bucket64159, key=gdir1/dir2, dataSize=0, replicationConfig=null} | ret=FAILURE
org.apache.hadoop.ozone.om.exceptions.OMException: Unable to get file status: volume: volume14467 bucket: bucket64159 key: gdir1/dir2
	at org.apache.hadoop.ozone.om.KeyManagerImpl.getOzoneFileStatus(KeyManagerImpl.java:1324) ~[ozone-manager-1.3.0-SNAPSHOT.jar:?]
	at org.apache.hadoop.ozone.om.KeyManagerImpl.getFileStatus(KeyManagerImpl.java:1254) ~[ozone-manager-1.3.0-SNAPSHOT.jar:?]
	at org.apache.hadoop.ozone.om.OzoneManager.getFileStatus(OzoneManager.java:3506) ~[ozone-manager-1.3.0-SNAPSHOT.jar:?]
	at org.apache.hadoop.ozone.protocolPB.OzoneManagerRequestHandler.getOzoneFileStatus(OzoneManagerRequestHandler.java:882) ~[ozone-manager-1.3.0-SNAPSHOT.jar:?]
	at org.apache.hadoop.ozone.protocolPB.OzoneManagerRequestHandler.handleReadRequest(OzoneManagerRequestHandler.java:228) ~[ozone-manager-1.3.0-SNAPSHOT.jar:?]
	at org.apache.hadoop.ozone.protocolPB.OzoneManagerProtocolServerSideTranslatorPB.submitReadRequestToOM(OzoneManagerProtocolServerSideTranslatorPB.java:226) ~[ozone-manager-1.3.0-SNAPSHOT.jar:?]
	at org.apache.hadoop.ozone.protocolPB.OzoneManagerProtocolServerSideTranslatorPB.processRequest(OzoneManagerProtocolServerSideTranslatorPB.java:175) ~[ozone-manager-1.3.0-SNAPSHOT.jar:?]
	at org.apache.hadoop.hdds.server.OzoneProtocolMessageDispatcher.processRequest(OzoneProtocolMessageDispatcher.java:87) [hdds-server-framework-1.3.0-SNAPSHOT.jar:?]
	at org.apache.hadoop.ozone.protocolPB.OzoneManagerProtocolServerSideTranslatorPB.submitRequest(OzoneManagerProtocolServerSideTranslatorPB.java:147) [ozone-manager-1.3.0-SNAPSHOT.jar:?]
	at org.apache.hadoop.ozone.protocol.proto.OzoneManagerProtocolProtos$OzoneManagerService$2.callBlockingMethod(OzoneManagerProtocolProtos.java) [ozone-interface-client-1.3.0-SNAPSHOT.jar:?]
	at org.apache.hadoop.ipc.ProtobufRpcEngine$Server.processCall(ProtobufRpcEngine.java:466) [hadoop-common-3.3.1.jar:?]
	at org.apache.hadoop.ipc.ProtobufRpcEngine2$Server$ProtoBufRpcInvoker.call(ProtobufRpcEngine2.java:574) [hadoop-common-3.3.1.jar:?]
	at org.apache.hadoop.ipc.ProtobufRpcEngine2$Server$ProtoBufRpcInvoker.call(ProtobufRpcEngine2.java:552) [hadoop-common-3.3.1.jar:?]
	at org.apache.hadoop.ipc.RPC$Server.call(RPC.java:1093) [hadoop-common-3.3.1.jar:?]
	at org.apache.hadoop.ipc.Server$RpcCall.run(Server.java:1035) [hadoop-common-3.3.1.jar:?]
	at org.apache.hadoop.ipc.Server$RpcCall.run(Server.java:963) [hadoop-common-3.3.1.jar:?]
	at java.security.AccessController.doPrivileged(Native Method) ~[?:1.8.0_345]
	at javax.security.auth.Subject.doAs(Subject.java:422) [?:1.8.0_345]
	at org.apache.hadoop.security.UserGroupInformation.doAs(UserGroupInformation.java:1878) [hadoop-common-3.3.1.jar:?]
	at org.apache.hadoop.ipc.Server$Handler.run(Server.java:2966) [hadoop-common-3.3.1.jar:?]
2022-09-28 15:55:10,338 [Time-limited test] WARN  ozone.BasicOzoneFileSystem (BasicOzoneFileSystem.java:getFileStatus(765)) - GetFileStatus failed for path /gdir1/dir2
java.io.FileNotFoundException: gdir1/dir2: No such file or directory!
	at org.apache.hadoop.fs.ozone.BasicOzoneClientAdapterImpl.getFileStatus(BasicOzoneClientAdapterImpl.java:369)
	at org.apache.hadoop.fs.ozone.BasicOzoneFileSystem.getFileStatus(BasicOzoneFileSystem.java:757)
	at org.apache.hadoop.fs.ozone.TestOzoneFileSystem.checkPath(TestOzoneFileSystem.java:504)
	at org.apache.hadoop.fs.ozone.TestOzoneFileSystem.testRecursiveDelete(TestOzoneFileSystem.java:459)
	at sun.reflect.NativeMethodAccessorImpl.invoke0(Native Method)
	at sun.reflect.NativeMethodAccessorImpl.invoke(NativeMethodAccessorImpl.java:62)
	at sun.reflect.DelegatingMethodAccessorImpl.invoke(DelegatingMethodAccessorImpl.java:43)
	at java.lang.reflect.Method.invoke(Method.java:498)
	at org.junit.runners.model.FrameworkMethod$1.runReflectiveCall(FrameworkMethod.java:59)
	at org.junit.internal.runners.model.ReflectiveCallable.run(ReflectiveCallable.java:12)
	at org.junit.runners.model.FrameworkMethod.invokeExplosively(FrameworkMethod.java:56)
	at org.junit.internal.runners.statements.InvokeMethod.evaluate(InvokeMethod.java:17)
	at org.junit.internal.runners.statements.RunAfters.evaluate(RunAfters.java:27)
	at org.junit.internal.runners.statements.FailOnTimeout$CallableStatement.call(FailOnTimeout.java:288)
	at org.junit.internal.runners.statements.FailOnTimeout$CallableStatement.call(FailOnTimeout.java:282)
	at java.util.concurrent.FutureTask.run(FutureTask.java:266)
	at java.lang.Thread.run(Thread.java:750)
15:55:10.339 [IPC Server handler 15 on default port 37257] ERROR OMAudit - user=runner | ip=127.0.0.1 | op=GET_FILE_STATUS {volume=volume14467, bucket=bucket64159, key=gdir1/dir2/child, dataSize=0, replicationConfig=null} | ret=FAILURE
org.apache.hadoop.ozone.om.exceptions.OMException: Unable to get file status: volume: volume14467 bucket: bucket64159 key: gdir1/dir2/child
	at org.apache.hadoop.ozone.om.KeyManagerImpl.getOzoneFileStatus(KeyManagerImpl.java:1324) ~[ozone-manager-1.3.0-SNAPSHOT.jar:?]
	at org.apache.hadoop.ozone.om.KeyManagerImpl.getFileStatus(KeyManagerImpl.java:1254) ~[ozone-manager-1.3.0-SNAPSHOT.jar:?]
	at org.apache.hadoop.ozone.om.OzoneManager.getFileStatus(OzoneManager.java:3506) ~[ozone-manager-1.3.0-SNAPSHOT.jar:?]
	at org.apache.hadoop.ozone.protocolPB.OzoneManagerRequestHandler.getOzoneFileStatus(OzoneManagerRequestHandler.java:882) ~[ozone-manager-1.3.0-SNAPSHOT.jar:?]
	at org.apache.hadoop.ozone.protocolPB.OzoneManagerRequestHandler.handleReadRequest(OzoneManagerRequestHandler.java:228) ~[ozone-manager-1.3.0-SNAPSHOT.jar:?]
	at org.apache.hadoop.ozone.protocolPB.OzoneManagerProtocolServerSideTranslatorPB.submitReadRequestToOM(OzoneManagerProtocolServerSideTranslatorPB.java:226) ~[ozone-manager-1.3.0-SNAPSHOT.jar:?]
	at org.apache.hadoop.ozone.protocolPB.OzoneManagerProtocolServerSideTranslatorPB.processRequest(OzoneManagerProtocolServerSideTranslatorPB.java:175) ~[ozone-manager-1.3.0-SNAPSHOT.jar:?]
	at org.apache.hadoop.hdds.server.OzoneProtocolMessageDispatcher.processRequest(OzoneProtocolMessageDispatcher.java:87) [hdds-server-framework-1.3.0-SNAPSHOT.jar:?]
	at org.apache.hadoop.ozone.protocolPB.OzoneManagerProtocolServerSideTranslatorPB.submitRequest(OzoneManagerProtocolServerSideTranslatorPB.java:147) [ozone-manager-1.3.0-SNAPSHOT.jar:?]
	at org.apache.hadoop.ozone.protocol.proto.OzoneManagerProtocolProtos$OzoneManagerService$2.callBlockingMethod(OzoneManagerProtocolProtos.java) [ozone-interface-client-1.3.0-SNAPSHOT.jar:?]
	at org.apache.hadoop.ipc.ProtobufRpcEngine$Server.processCall(ProtobufRpcEngine.java:466) [hadoop-common-3.3.1.jar:?]
	at org.apache.hadoop.ipc.ProtobufRpcEngine2$Server$ProtoBufRpcInvoker.call(ProtobufRpcEngine2.java:574) [hadoop-common-3.3.1.jar:?]
	at org.apache.hadoop.ipc.ProtobufRpcEngine2$Server$ProtoBufRpcInvoker.call(ProtobufRpcEngine2.java:552) [hadoop-common-3.3.1.jar:?]
	at org.apache.hadoop.ipc.RPC$Server.call(RPC.java:1093) [hadoop-common-3.3.1.jar:?]
	at org.apache.hadoop.ipc.Server$RpcCall.run(Server.java:1035) [hadoop-common-3.3.1.jar:?]
	at org.apache.hadoop.ipc.Server$RpcCall.run(Server.java:963) [hadoop-common-3.3.1.jar:?]
	at java.security.AccessController.doPrivileged(Native Method) ~[?:1.8.0_345]
	at javax.security.auth.Subject.doAs(Subject.java:422) [?:1.8.0_345]
	at org.apache.hadoop.security.UserGroupInformation.doAs(UserGroupInformation.java:1878) [hadoop-common-3.3.1.jar:?]
	at org.apache.hadoop.ipc.Server$Handler.run(Server.java:2966) [hadoop-common-3.3.1.jar:?]
2022-09-28 15:55:10,339 [Time-limited test] WARN  ozone.BasicOzoneFileSystem (BasicOzoneFileSystem.java:getFileStatus(765)) - GetFileStatus failed for path /gdir1/dir2/child
java.io.FileNotFoundException: gdir1/dir2/child: No such file or directory!
	at org.apache.hadoop.fs.ozone.BasicOzoneClientAdapterImpl.getFileStatus(BasicOzoneClientAdapterImpl.java:369)
	at org.apache.hadoop.fs.ozone.BasicOzoneFileSystem.getFileStatus(BasicOzoneFileSystem.java:757)
	at org.apache.hadoop.fs.ozone.TestOzoneFileSystem.checkPath(TestOzoneFileSystem.java:504)
	at org.apache.hadoop.fs.ozone.TestOzoneFileSystem.testRecursiveDelete(TestOzoneFileSystem.java:460)
	at sun.reflect.NativeMethodAccessorImpl.invoke0(Native Method)
	at sun.reflect.NativeMethodAccessorImpl.invoke(NativeMethodAccessorImpl.java:62)
	at sun.reflect.DelegatingMethodAccessorImpl.invoke(DelegatingMethodAccessorImpl.java:43)
	at java.lang.reflect.Method.invoke(Method.java:498)
	at org.junit.runners.model.FrameworkMethod$1.runReflectiveCall(FrameworkMethod.java:59)
	at org.junit.internal.runners.model.ReflectiveCallable.run(ReflectiveCallable.java:12)
	at org.junit.runners.model.FrameworkMethod.invokeExplosively(FrameworkMethod.java:56)
	at org.junit.internal.runners.statements.InvokeMethod.evaluate(InvokeMethod.java:17)
	at org.junit.internal.runners.statements.RunAfters.evaluate(RunAfters.java:27)
	at org.junit.internal.runners.statements.FailOnTimeout$CallableStatement.call(FailOnTimeout.java:288)
	at org.junit.internal.runners.statements.FailOnTimeout$CallableStatement.call(FailOnTimeout.java:282)
	at java.util.concurrent.FutureTask.run(FutureTask.java:266)
	at java.lang.Thread.run(Thread.java:750)
15:55:10.340 [IPC Server handler 8 on default port 37257] ERROR OMAudit - user=runner | ip=127.0.0.1 | op=GET_FILE_STATUS {volume=volume14467, bucket=bucket64159, key=gdir1/dir3, dataSize=0, replicationConfig=null} | ret=FAILURE
org.apache.hadoop.ozone.om.exceptions.OMException: Unable to get file status: volume: volume14467 bucket: bucket64159 key: gdir1/dir3
	at org.apache.hadoop.ozone.om.KeyManagerImpl.getOzoneFileStatus(KeyManagerImpl.java:1324) ~[ozone-manager-1.3.0-SNAPSHOT.jar:?]
	at org.apache.hadoop.ozone.om.KeyManagerImpl.getFileStatus(KeyManagerImpl.java:1254) ~[ozone-manager-1.3.0-SNAPSHOT.jar:?]
	at org.apache.hadoop.ozone.om.OzoneManager.getFileStatus(OzoneManager.java:3506) ~[ozone-manager-1.3.0-SNAPSHOT.jar:?]
	at org.apache.hadoop.ozone.protocolPB.OzoneManagerRequestHandler.getOzoneFileStatus(OzoneManagerRequestHandler.java:882) ~[ozone-manager-1.3.0-SNAPSHOT.jar:?]
	at org.apache.hadoop.ozone.protocolPB.OzoneManagerRequestHandler.handleReadRequest(OzoneManagerRequestHandler.java:228) ~[ozone-manager-1.3.0-SNAPSHOT.jar:?]
	at org.apache.hadoop.ozone.protocolPB.OzoneManagerProtocolServerSideTranslatorPB.submitReadRequestToOM(OzoneManagerProtocolServerSideTranslatorPB.java:226) ~[ozone-manager-1.3.0-SNAPSHOT.jar:?]
	at org.apache.hadoop.ozone.protocolPB.OzoneManagerProtocolServerSideTranslatorPB.processRequest(OzoneManagerProtocolServerSideTranslatorPB.java:175) ~[ozone-manager-1.3.0-SNAPSHOT.jar:?]
	at org.apache.hadoop.hdds.server.OzoneProtocolMessageDispatcher.processRequest(OzoneProtocolMessageDispatcher.java:87) [hdds-server-framework-1.3.0-SNAPSHOT.jar:?]
	at org.apache.hadoop.ozone.protocolPB.OzoneManagerProtocolServerSideTranslatorPB.submitRequest(OzoneManagerProtocolServerSideTranslatorPB.java:147) [ozone-manager-1.3.0-SNAPSHOT.jar:?]
	at org.apache.hadoop.ozone.protocol.proto.OzoneManagerProtocolProtos$OzoneManagerService$2.callBlockingMethod(OzoneManagerProtocolProtos.java) [ozone-interface-client-1.3.0-SNAPSHOT.jar:?]
	at org.apache.hadoop.ipc.ProtobufRpcEngine$Server.processCall(ProtobufRpcEngine.java:466) [hadoop-common-3.3.1.jar:?]
	at org.apache.hadoop.ipc.ProtobufRpcEngine2$Server$ProtoBufRpcInvoker.call(ProtobufRpcEngine2.java:574) [hadoop-common-3.3.1.jar:?]
	at org.apache.hadoop.ipc.ProtobufRpcEngine2$Server$ProtoBufRpcInvoker.call(ProtobufRpcEngine2.java:552) [hadoop-common-3.3.1.jar:?]
	at org.apache.hadoop.ipc.RPC$Server.call(RPC.java:1093) [hadoop-common-3.3.1.jar:?]
	at org.apache.hadoop.ipc.Server$RpcCall.run(Server.java:1035) [hadoop-common-3.3.1.jar:?]
	at org.apache.hadoop.ipc.Server$RpcCall.run(Server.java:963) [hadoop-common-3.3.1.jar:?]
	at java.security.AccessController.doPrivileged(Native Method) ~[?:1.8.0_345]
	at javax.security.auth.Subject.doAs(Subject.java:422) [?:1.8.0_345]
	at org.apache.hadoop.security.UserGroupInformation.doAs(UserGroupInformation.java:1878) [hadoop-common-3.3.1.jar:?]
	at org.apache.hadoop.ipc.Server$Handler.run(Server.java:2966) [hadoop-common-3.3.1.jar:?]
2022-09-28 15:55:10,340 [Time-limited test] WARN  ozone.BasicOzoneFileSystem (BasicOzoneFileSystem.java:getFileStatus(765)) - GetFileStatus failed for path /gdir1/dir3
java.io.FileNotFoundException: gdir1/dir3: No such file or directory!
	at org.apache.hadoop.fs.ozone.BasicOzoneClientAdapterImpl.getFileStatus(BasicOzoneClientAdapterImpl.java:369)
	at org.apache.hadoop.fs.ozone.BasicOzoneFileSystem.getFileStatus(BasicOzoneFileSystem.java:757)
	at org.apache.hadoop.fs.ozone.TestOzoneFileSystem.checkPath(TestOzoneFileSystem.java:504)
	at org.apache.hadoop.fs.ozone.TestOzoneFileSystem.testRecursiveDelete(TestOzoneFileSystem.java:459)
	at sun.reflect.NativeMethodAccessorImpl.invoke0(Native Method)
	at sun.reflect.NativeMethodAccessorImpl.invoke(NativeMethodAccessorImpl.java:62)
	at sun.reflect.DelegatingMethodAccessorImpl.invoke(DelegatingMethodAccessorImpl.java:43)
	at java.lang.reflect.Method.invoke(Method.java:498)
	at org.junit.runners.model.FrameworkMethod$1.runReflectiveCall(FrameworkMethod.java:59)
	at org.junit.internal.runners.model.ReflectiveCallable.run(ReflectiveCallable.java:12)
	at org.junit.runners.model.FrameworkMethod.invokeExplosively(FrameworkMethod.java:56)
	at org.junit.internal.runners.statements.InvokeMethod.evaluate(InvokeMethod.java:17)
	at org.junit.internal.runners.statements.RunAfters.evaluate(RunAfters.java:27)
	at org.junit.internal.runners.statements.FailOnTimeout$CallableStatement.call(FailOnTimeout.java:288)
	at org.junit.internal.runners.statements.FailOnTimeout$CallableStatement.call(FailOnTimeout.java:282)
	at java.util.concurrent.FutureTask.run(FutureTask.java:266)
	at java.lang.Thread.run(Thread.java:750)
15:55:10.340 [IPC Server handler 3 on default port 37257] ERROR OMAudit - user=runner | ip=127.0.0.1 | op=GET_FILE_STATUS {volume=volume14467, bucket=bucket64159, key=gdir1/dir3/child, dataSize=0, replicationConfig=null} | ret=FAILURE
org.apache.hadoop.ozone.om.exceptions.OMException: Unable to get file status: volume: volume14467 bucket: bucket64159 key: gdir1/dir3/child
	at org.apache.hadoop.ozone.om.KeyManagerImpl.getOzoneFileStatus(KeyManagerImpl.java:1324) ~[ozone-manager-1.3.0-SNAPSHOT.jar:?]
	at org.apache.hadoop.ozone.om.KeyManagerImpl.getFileStatus(KeyManagerImpl.java:1254) ~[ozone-manager-1.3.0-SNAPSHOT.jar:?]
	at org.apache.hadoop.ozone.om.OzoneManager.getFileStatus(OzoneManager.java:3506) ~[ozone-manager-1.3.0-SNAPSHOT.jar:?]
	at org.apache.hadoop.ozone.protocolPB.OzoneManagerRequestHandler.getOzoneFileStatus(OzoneManagerRequestHandler.java:882) ~[ozone-manager-1.3.0-SNAPSHOT.jar:?]
	at org.apache.hadoop.ozone.protocolPB.OzoneManagerRequestHandler.handleReadRequest(OzoneManagerRequestHandler.java:228) ~[ozone-manager-1.3.0-SNAPSHOT.jar:?]
	at org.apache.hadoop.ozone.protocolPB.OzoneManagerProtocolServerSideTranslatorPB.submitReadRequestToOM(OzoneManagerProtocolServerSideTranslatorPB.java:226) ~[ozone-manager-1.3.0-SNAPSHOT.jar:?]
	at org.apache.hadoop.ozone.protocolPB.OzoneManagerProtocolServerSideTranslatorPB.processRequest(OzoneManagerProtocolServerSideTranslatorPB.java:175) ~[ozone-manager-1.3.0-SNAPSHOT.jar:?]
	at org.apache.hadoop.hdds.server.OzoneProtocolMessageDispatcher.processRequest(OzoneProtocolMessageDispatcher.java:87) [hdds-server-framework-1.3.0-SNAPSHOT.jar:?]
	at org.apache.hadoop.ozone.protocolPB.OzoneManagerProtocolServerSideTranslatorPB.submitRequest(OzoneManagerProtocolServerSideTranslatorPB.java:147) [ozone-manager-1.3.0-SNAPSHOT.jar:?]
	at org.apache.hadoop.ozone.protocol.proto.OzoneManagerProtocolProtos$OzoneManagerService$2.callBlockingMethod(OzoneManagerProtocolProtos.java) [ozone-interface-client-1.3.0-SNAPSHOT.jar:?]
	at org.apache.hadoop.ipc.ProtobufRpcEngine$Server.processCall(ProtobufRpcEngine.java:466) [hadoop-common-3.3.1.jar:?]
	at org.apache.hadoop.ipc.ProtobufRpcEngine2$Server$ProtoBufRpcInvoker.call(ProtobufRpcEngine2.java:574) [hadoop-common-3.3.1.jar:?]
	at org.apache.hadoop.ipc.ProtobufRpcEngine2$Server$ProtoBufRpcInvoker.call(ProtobufRpcEngine2.java:552) [hadoop-common-3.3.1.jar:?]
	at org.apache.hadoop.ipc.RPC$Server.call(RPC.java:1093) [hadoop-common-3.3.1.jar:?]
	at org.apache.hadoop.ipc.Server$RpcCall.run(Server.java:1035) [hadoop-common-3.3.1.jar:?]
	at org.apache.hadoop.ipc.Server$RpcCall.run(Server.java:963) [hadoop-common-3.3.1.jar:?]
	at java.security.AccessController.doPrivileged(Native Method) ~[?:1.8.0_345]
	at javax.security.auth.Subject.doAs(Subject.java:422) [?:1.8.0_345]
	at org.apache.hadoop.security.UserGroupInformation.doAs(UserGroupInformation.java:1878) [hadoop-common-3.3.1.jar:?]
	at org.apache.hadoop.ipc.Server$Handler.run(Server.java:2966) [hadoop-common-3.3.1.jar:?]
2022-09-28 15:55:10,341 [Time-limited test] WARN  ozone.BasicOzoneFileSystem (BasicOzoneFileSystem.java:getFileStatus(765)) - GetFileStatus failed for path /gdir1/dir3/child
java.io.FileNotFoundException: gdir1/dir3/child: No such file or directory!
	at org.apache.hadoop.fs.ozone.BasicOzoneClientAdapterImpl.getFileStatus(BasicOzoneClientAdapterImpl.java:369)
	at org.apache.hadoop.fs.ozone.BasicOzoneFileSystem.getFileStatus(BasicOzoneFileSystem.java:757)
	at org.apache.hadoop.fs.ozone.TestOzoneFileSystem.checkPath(TestOzoneFileSystem.java:504)
	at org.apache.hadoop.fs.ozone.TestOzoneFileSystem.testRecursiveDelete(TestOzoneFileSystem.java:460)
	at sun.reflect.NativeMethodAccessorImpl.invoke0(Native Method)
	at sun.reflect.NativeMethodAccessorImpl.invoke(NativeMethodAccessorImpl.java:62)
	at sun.reflect.DelegatingMethodAccessorImpl.invoke(DelegatingMethodAccessorImpl.java:43)
	at java.lang.reflect.Method.invoke(Method.java:498)
	at org.junit.runners.model.FrameworkMethod$1.runReflectiveCall(FrameworkMethod.java:59)
	at org.junit.internal.runners.model.ReflectiveCallable.run(ReflectiveCallable.java:12)
	at org.junit.runners.model.FrameworkMethod.invokeExplosively(FrameworkMethod.java:56)
	at org.junit.internal.runners.statements.InvokeMethod.evaluate(InvokeMethod.java:17)
	at org.junit.internal.runners.statements.RunAfters.evaluate(RunAfters.java:27)
	at org.junit.internal.runners.statements.FailOnTimeout$CallableStatement.call(FailOnTimeout.java:288)
	at org.junit.internal.runners.statements.FailOnTimeout$CallableStatement.call(FailOnTimeout.java:282)
	at java.util.concurrent.FutureTask.run(FutureTask.java:266)
	at java.lang.Thread.run(Thread.java:750)
15:55:10.341 [IPC Server handler 17 on default port 37257] ERROR OMAudit - user=runner | ip=127.0.0.1 | op=GET_FILE_STATUS {volume=volume14467, bucket=bucket64159, key=gdir1/dir4, dataSize=0, replicationConfig=null} | ret=FAILURE
org.apache.hadoop.ozone.om.exceptions.OMException: Unable to get file status: volume: volume14467 bucket: bucket64159 key: gdir1/dir4
	at org.apache.hadoop.ozone.om.KeyManagerImpl.getOzoneFileStatus(KeyManagerImpl.java:1324) ~[ozone-manager-1.3.0-SNAPSHOT.jar:?]
	at org.apache.hadoop.ozone.om.KeyManagerImpl.getFileStatus(KeyManagerImpl.java:1254) ~[ozone-manager-1.3.0-SNAPSHOT.jar:?]
	at org.apache.hadoop.ozone.om.OzoneManager.getFileStatus(OzoneManager.java:3506) ~[ozone-manager-1.3.0-SNAPSHOT.jar:?]
	at org.apache.hadoop.ozone.protocolPB.OzoneManagerRequestHandler.getOzoneFileStatus(OzoneManagerRequestHandler.java:882) ~[ozone-manager-1.3.0-SNAPSHOT.jar:?]
	at org.apache.hadoop.ozone.protocolPB.OzoneManagerRequestHandler.handleReadRequest(OzoneManagerRequestHandler.java:228) ~[ozone-manager-1.3.0-SNAPSHOT.jar:?]
	at org.apache.hadoop.ozone.protocolPB.OzoneManagerProtocolServerSideTranslatorPB.submitReadRequestToOM(OzoneManagerProtocolServerSideTranslatorPB.java:226) ~[ozone-manager-1.3.0-SNAPSHOT.jar:?]
	at org.apache.hadoop.ozone.protocolPB.OzoneManagerProtocolServerSideTranslatorPB.processRequest(OzoneManagerProtocolServerSideTranslatorPB.java:175) ~[ozone-manager-1.3.0-SNAPSHOT.jar:?]
	at org.apache.hadoop.hdds.server.OzoneProtocolMessageDispatcher.processRequest(OzoneProtocolMessageDispatcher.java:87) [hdds-server-framework-1.3.0-SNAPSHOT.jar:?]
	at org.apache.hadoop.ozone.protocolPB.OzoneManagerProtocolServerSideTranslatorPB.submitRequest(OzoneManagerProtocolServerSideTranslatorPB.java:147) [ozone-manager-1.3.0-SNAPSHOT.jar:?]
	at org.apache.hadoop.ozone.protocol.proto.OzoneManagerProtocolProtos$OzoneManagerService$2.callBlockingMethod(OzoneManagerProtocolProtos.java) [ozone-interface-client-1.3.0-SNAPSHOT.jar:?]
	at org.apache.hadoop.ipc.ProtobufRpcEngine$Server.processCall(ProtobufRpcEngine.java:466) [hadoop-common-3.3.1.jar:?]
	at org.apache.hadoop.ipc.ProtobufRpcEngine2$Server$ProtoBufRpcInvoker.call(ProtobufRpcEngine2.java:574) [hadoop-common-3.3.1.jar:?]
	at org.apache.hadoop.ipc.ProtobufRpcEngine2$Server$ProtoBufRpcInvoker.call(ProtobufRpcEngine2.java:552) [hadoop-common-3.3.1.jar:?]
	at org.apache.hadoop.ipc.RPC$Server.call(RPC.java:1093) [hadoop-common-3.3.1.jar:?]
	at org.apache.hadoop.ipc.Server$RpcCall.run(Server.java:1035) [hadoop-common-3.3.1.jar:?]
	at org.apache.hadoop.ipc.Server$RpcCall.run(Server.java:963) [hadoop-common-3.3.1.jar:?]
	at java.security.AccessController.doPrivileged(Native Method) ~[?:1.8.0_345]
	at javax.security.auth.Subject.doAs(Subject.java:422) [?:1.8.0_345]
	at org.apache.hadoop.security.UserGroupInformation.doAs(UserGroupInformation.java:1878) [hadoop-common-3.3.1.jar:?]
	at org.apache.hadoop.ipc.Server$Handler.run(Server.java:2966) [hadoop-common-3.3.1.jar:?]
2022-09-28 15:55:10,341 [Time-limited test] WARN  ozone.BasicOzoneFileSystem (BasicOzoneFileSystem.java:getFileStatus(765)) - GetFileStatus failed for path /gdir1/dir4
java.io.FileNotFoundException: gdir1/dir4: No such file or directory!
	at org.apache.hadoop.fs.ozone.BasicOzoneClientAdapterImpl.getFileStatus(BasicOzoneClientAdapterImpl.java:369)
	at org.apache.hadoop.fs.ozone.BasicOzoneFileSystem.getFileStatus(BasicOzoneFileSystem.java:757)
	at org.apache.hadoop.fs.ozone.TestOzoneFileSystem.checkPath(TestOzoneFileSystem.java:504)
	at org.apache.hadoop.fs.ozone.TestOzoneFileSystem.testRecursiveDelete(TestOzoneFileSystem.java:459)
	at sun.reflect.NativeMethodAccessorImpl.invoke0(Native Method)
	at sun.reflect.NativeMethodAccessorImpl.invoke(NativeMethodAccessorImpl.java:62)
	at sun.reflect.DelegatingMethodAccessorImpl.invoke(DelegatingMethodAccessorImpl.java:43)
	at java.lang.reflect.Method.invoke(Method.java:498)
	at org.junit.runners.model.FrameworkMethod$1.runReflectiveCall(FrameworkMethod.java:59)
	at org.junit.internal.runners.model.ReflectiveCallable.run(ReflectiveCallable.java:12)
	at org.junit.runners.model.FrameworkMethod.invokeExplosively(FrameworkMethod.java:56)
	at org.junit.internal.runners.statements.InvokeMethod.evaluate(InvokeMethod.java:17)
	at org.junit.internal.runners.statements.RunAfters.evaluate(RunAfters.java:27)
	at org.junit.internal.runners.statements.FailOnTimeout$CallableStatement.call(FailOnTimeout.java:288)
	at org.junit.internal.runners.statements.FailOnTimeout$CallableStatement.call(FailOnTimeout.java:282)
	at java.util.concurrent.FutureTask.run(FutureTask.java:266)
	at java.lang.Thread.run(Thread.java:750)
15:55:10.342 [IPC Server handler 9 on default port 37257] ERROR OMAudit - user=runner | ip=127.0.0.1 | op=GET_FILE_STATUS {volume=volume14467, bucket=bucket64159, key=gdir1/dir4/child, dataSize=0, replicationConfig=null} | ret=FAILURE
org.apache.hadoop.ozone.om.exceptions.OMException: Unable to get file status: volume: volume14467 bucket: bucket64159 key: gdir1/dir4/child
	at org.apache.hadoop.ozone.om.KeyManagerImpl.getOzoneFileStatus(KeyManagerImpl.java:1324) ~[ozone-manager-1.3.0-SNAPSHOT.jar:?]
	at org.apache.hadoop.ozone.om.KeyManagerImpl.getFileStatus(KeyManagerImpl.java:1254) ~[ozone-manager-1.3.0-SNAPSHOT.jar:?]
	at org.apache.hadoop.ozone.om.OzoneManager.getFileStatus(OzoneManager.java:3506) ~[ozone-manager-1.3.0-SNAPSHOT.jar:?]
	at org.apache.hadoop.ozone.protocolPB.OzoneManagerRequestHandler.getOzoneFileStatus(OzoneManagerRequestHandler.java:882) ~[ozone-manager-1.3.0-SNAPSHOT.jar:?]
	at org.apache.hadoop.ozone.protocolPB.OzoneManagerRequestHandler.handleReadRequest(OzoneManagerRequestHandler.java:228) ~[ozone-manager-1.3.0-SNAPSHOT.jar:?]
	at org.apache.hadoop.ozone.protocolPB.OzoneManagerProtocolServerSideTranslatorPB.submitReadRequestToOM(OzoneManagerProtocolServerSideTranslatorPB.java:226) ~[ozone-manager-1.3.0-SNAPSHOT.jar:?]
	at org.apache.hadoop.ozone.protocolPB.OzoneManagerProtocolServerSideTranslatorPB.processRequest(OzoneManagerProtocolServerSideTranslatorPB.java:175) ~[ozone-manager-1.3.0-SNAPSHOT.jar:?]
	at org.apache.hadoop.hdds.server.OzoneProtocolMessageDispatcher.processRequest(OzoneProtocolMessageDispatcher.java:87) [hdds-server-framework-1.3.0-SNAPSHOT.jar:?]
	at org.apache.hadoop.ozone.protocolPB.OzoneManagerProtocolServerSideTranslatorPB.submitRequest(OzoneManagerProtocolServerSideTranslatorPB.java:147) [ozone-manager-1.3.0-SNAPSHOT.jar:?]
	at org.apache.hadoop.ozone.protocol.proto.OzoneManagerProtocolProtos$OzoneManagerService$2.callBlockingMethod(OzoneManagerProtocolProtos.java) [ozone-interface-client-1.3.0-SNAPSHOT.jar:?]
	at org.apache.hadoop.ipc.ProtobufRpcEngine$Server.processCall(ProtobufRpcEngine.java:466) [hadoop-common-3.3.1.jar:?]
	at org.apache.hadoop.ipc.ProtobufRpcEngine2$Server$ProtoBufRpcInvoker.call(ProtobufRpcEngine2.java:574) [hadoop-common-3.3.1.jar:?]
	at org.apache.hadoop.ipc.ProtobufRpcEngine2$Server$ProtoBufRpcInvoker.call(ProtobufRpcEngine2.java:552) [hadoop-common-3.3.1.jar:?]
	at org.apache.hadoop.ipc.RPC$Server.call(RPC.java:1093) [hadoop-common-3.3.1.jar:?]
	at org.apache.hadoop.ipc.Server$RpcCall.run(Server.java:1035) [hadoop-common-3.3.1.jar:?]
	at org.apache.hadoop.ipc.Server$RpcCall.run(Server.java:963) [hadoop-common-3.3.1.jar:?]
	at java.security.AccessController.doPrivileged(Native Method) ~[?:1.8.0_345]
	at javax.security.auth.Subject.doAs(Subject.java:422) [?:1.8.0_345]
	at org.apache.hadoop.security.UserGroupInformation.doAs(UserGroupInformation.java:1878) [hadoop-common-3.3.1.jar:?]
	at org.apache.hadoop.ipc.Server$Handler.run(Server.java:2966) [hadoop-common-3.3.1.jar:?]
2022-09-28 15:55:10,342 [Time-limited test] WARN  ozone.BasicOzoneFileSystem (BasicOzoneFileSystem.java:getFileStatus(765)) - GetFileStatus failed for path /gdir1/dir4/child
java.io.FileNotFoundException: gdir1/dir4/child: No such file or directory!
	at org.apache.hadoop.fs.ozone.BasicOzoneClientAdapterImpl.getFileStatus(BasicOzoneClientAdapterImpl.java:369)
	at org.apache.hadoop.fs.ozone.BasicOzoneFileSystem.getFileStatus(BasicOzoneFileSystem.java:757)
	at org.apache.hadoop.fs.ozone.TestOzoneFileSystem.checkPath(TestOzoneFileSystem.java:504)
	at org.apache.hadoop.fs.ozone.TestOzoneFileSystem.testRecursiveDelete(TestOzoneFileSystem.java:460)
	at sun.reflect.NativeMethodAccessorImpl.invoke0(Native Method)
	at sun.reflect.NativeMethodAccessorImpl.invoke(NativeMethodAccessorImpl.java:62)
	at sun.reflect.DelegatingMethodAccessorImpl.invoke(DelegatingMethodAccessorImpl.java:43)
	at java.lang.reflect.Method.invoke(Method.java:498)
	at org.junit.runners.model.FrameworkMethod$1.runReflectiveCall(FrameworkMethod.java:59)
	at org.junit.internal.runners.model.ReflectiveCallable.run(ReflectiveCallable.java:12)
	at org.junit.runners.model.FrameworkMethod.invokeExplosively(FrameworkMethod.java:56)
	at org.junit.internal.runners.statements.InvokeMethod.evaluate(InvokeMethod.java:17)
	at org.junit.internal.runners.statements.RunAfters.evaluate(RunAfters.java:27)
	at org.junit.internal.runners.statements.FailOnTimeout$CallableStatement.call(FailOnTimeout.java:288)
	at org.junit.internal.runners.statements.FailOnTimeout$CallableStatement.call(FailOnTimeout.java:282)
	at java.util.concurrent.FutureTask.run(FutureTask.java:266)
	at java.lang.Thread.run(Thread.java:750)
15:55:10.343 [IPC Server handler 11 on default port 37257] ERROR OMAudit - user=runner | ip=127.0.0.1 | op=GET_FILE_STATUS {volume=volume14467, bucket=bucket64159, key=gdir1/dir5, dataSize=0, replicationConfig=null} | ret=FAILURE
org.apache.hadoop.ozone.om.exceptions.OMException: Unable to get file status: volume: volume14467 bucket: bucket64159 key: gdir1/dir5
	at org.apache.hadoop.ozone.om.KeyManagerImpl.getOzoneFileStatus(KeyManagerImpl.java:1324) ~[ozone-manager-1.3.0-SNAPSHOT.jar:?]
	at org.apache.hadoop.ozone.om.KeyManagerImpl.getFileStatus(KeyManagerImpl.java:1254) ~[ozone-manager-1.3.0-SNAPSHOT.jar:?]
	at org.apache.hadoop.ozone.om.OzoneManager.getFileStatus(OzoneManager.java:3506) ~[ozone-manager-1.3.0-SNAPSHOT.jar:?]
	at org.apache.hadoop.ozone.protocolPB.OzoneManagerRequestHandler.getOzoneFileStatus(OzoneManagerRequestHandler.java:882) ~[ozone-manager-1.3.0-SNAPSHOT.jar:?]
	at org.apache.hadoop.ozone.protocolPB.OzoneManagerRequestHandler.handleReadRequest(OzoneManagerRequestHandler.java:228) ~[ozone-manager-1.3.0-SNAPSHOT.jar:?]
	at org.apache.hadoop.ozone.protocolPB.OzoneManagerProtocolServerSideTranslatorPB.submitReadRequestToOM(OzoneManagerProtocolServerSideTranslatorPB.java:226) ~[ozone-manager-1.3.0-SNAPSHOT.jar:?]
	at org.apache.hadoop.ozone.protocolPB.OzoneManagerProtocolServerSideTranslatorPB.processRequest(OzoneManagerProtocolServerSideTranslatorPB.java:175) ~[ozone-manager-1.3.0-SNAPSHOT.jar:?]
	at org.apache.hadoop.hdds.server.OzoneProtocolMessageDispatcher.processRequest(OzoneProtocolMessageDispatcher.java:87) [hdds-server-framework-1.3.0-SNAPSHOT.jar:?]
	at org.apache.hadoop.ozone.protocolPB.OzoneManagerProtocolServerSideTranslatorPB.submitRequest(OzoneManagerProtocolServerSideTranslatorPB.java:147) [ozone-manager-1.3.0-SNAPSHOT.jar:?]
	at org.apache.hadoop.ozone.protocol.proto.OzoneManagerProtocolProtos$OzoneManagerService$2.callBlockingMethod(OzoneManagerProtocolProtos.java) [ozone-interface-client-1.3.0-SNAPSHOT.jar:?]
	at org.apache.hadoop.ipc.ProtobufRpcEngine$Server.processCall(ProtobufRpcEngine.java:466) [hadoop-common-3.3.1.jar:?]
	at org.apache.hadoop.ipc.ProtobufRpcEngine2$Server$ProtoBufRpcInvoker.call(ProtobufRpcEngine2.java:574) [hadoop-common-3.3.1.jar:?]
	at org.apache.hadoop.ipc.ProtobufRpcEngine2$Server$ProtoBufRpcInvoker.call(ProtobufRpcEngine2.java:552) [hadoop-common-3.3.1.jar:?]
	at org.apache.hadoop.ipc.RPC$Server.call(RPC.java:1093) [hadoop-common-3.3.1.jar:?]
	at org.apache.hadoop.ipc.Server$RpcCall.run(Server.java:1035) [hadoop-common-3.3.1.jar:?]
	at org.apache.hadoop.ipc.Server$RpcCall.run(Server.java:963) [hadoop-common-3.3.1.jar:?]
	at java.security.AccessController.doPrivileged(Native Method) ~[?:1.8.0_345]
	at javax.security.auth.Subject.doAs(Subject.java:422) [?:1.8.0_345]
	at org.apache.hadoop.security.UserGroupInformation.doAs(UserGroupInformation.java:1878) [hadoop-common-3.3.1.jar:?]
	at org.apache.hadoop.ipc.Server$Handler.run(Server.java:2966) [hadoop-common-3.3.1.jar:?]
2022-09-28 15:55:10,344 [Time-limited test] WARN  ozone.BasicOzoneFileSystem (BasicOzoneFileSystem.java:getFileStatus(765)) - GetFileStatus failed for path /gdir1/dir5
java.io.FileNotFoundException: gdir1/dir5: No such file or directory!
	at org.apache.hadoop.fs.ozone.BasicOzoneClientAdapterImpl.getFileStatus(BasicOzoneClientAdapterImpl.java:369)
	at org.apache.hadoop.fs.ozone.BasicOzoneFileSystem.getFileStatus(BasicOzoneFileSystem.java:757)
	at org.apache.hadoop.fs.ozone.TestOzoneFileSystem.checkPath(TestOzoneFileSystem.java:504)
	at org.apache.hadoop.fs.ozone.TestOzoneFileSystem.testRecursiveDelete(TestOzoneFileSystem.java:459)
	at sun.reflect.NativeMethodAccessorImpl.invoke0(Native Method)
	at sun.reflect.NativeMethodAccessorImpl.invoke(NativeMethodAccessorImpl.java:62)
	at sun.reflect.DelegatingMethodAccessorImpl.invoke(DelegatingMethodAccessorImpl.java:43)
	at java.lang.reflect.Method.invoke(Method.java:498)
	at org.junit.runners.model.FrameworkMethod$1.runReflectiveCall(FrameworkMethod.java:59)
	at org.junit.internal.runners.model.ReflectiveCallable.run(ReflectiveCallable.java:12)
	at org.junit.runners.model.FrameworkMethod.invokeExplosively(FrameworkMethod.java:56)
	at org.junit.internal.runners.statements.InvokeMethod.evaluate(InvokeMethod.java:17)
	at org.junit.internal.runners.statements.RunAfters.evaluate(RunAfters.java:27)
	at org.junit.internal.runners.statements.FailOnTimeout$CallableStatement.call(FailOnTimeout.java:288)
	at org.junit.internal.runners.statements.FailOnTimeout$CallableStatement.call(FailOnTimeout.java:282)
	at java.util.concurrent.FutureTask.run(FutureTask.java:266)
	at java.lang.Thread.run(Thread.java:750)
15:55:10.344 [IPC Server handler 10 on default port 37257] ERROR OMAudit - user=runner | ip=127.0.0.1 | op=GET_FILE_STATUS {volume=volume14467, bucket=bucket64159, key=gdir1/dir5/child, dataSize=0, replicationConfig=null} | ret=FAILURE
org.apache.hadoop.ozone.om.exceptions.OMException: Unable to get file status: volume: volume14467 bucket: bucket64159 key: gdir1/dir5/child
	at org.apache.hadoop.ozone.om.KeyManagerImpl.getOzoneFileStatus(KeyManagerImpl.java:1324) ~[ozone-manager-1.3.0-SNAPSHOT.jar:?]
	at org.apache.hadoop.ozone.om.KeyManagerImpl.getFileStatus(KeyManagerImpl.java:1254) ~[ozone-manager-1.3.0-SNAPSHOT.jar:?]
	at org.apache.hadoop.ozone.om.OzoneManager.getFileStatus(OzoneManager.java:3506) ~[ozone-manager-1.3.0-SNAPSHOT.jar:?]
	at org.apache.hadoop.ozone.protocolPB.OzoneManagerRequestHandler.getOzoneFileStatus(OzoneManagerRequestHandler.java:882) ~[ozone-manager-1.3.0-SNAPSHOT.jar:?]
	at org.apache.hadoop.ozone.protocolPB.OzoneManagerRequestHandler.handleReadRequest(OzoneManagerRequestHandler.java:228) ~[ozone-manager-1.3.0-SNAPSHOT.jar:?]
	at org.apache.hadoop.ozone.protocolPB.OzoneManagerProtocolServerSideTranslatorPB.submitReadRequestToOM(OzoneManagerProtocolServerSideTranslatorPB.java:226) ~[ozone-manager-1.3.0-SNAPSHOT.jar:?]
	at org.apache.hadoop.ozone.protocolPB.OzoneManagerProtocolServerSideTranslatorPB.processRequest(OzoneManagerProtocolServerSideTranslatorPB.java:175) ~[ozone-manager-1.3.0-SNAPSHOT.jar:?]
	at org.apache.hadoop.hdds.server.OzoneProtocolMessageDispatcher.processRequest(OzoneProtocolMessageDispatcher.java:87) [hdds-server-framework-1.3.0-SNAPSHOT.jar:?]
	at org.apache.hadoop.ozone.protocolPB.OzoneManagerProtocolServerSideTranslatorPB.submitRequest(OzoneManagerProtocolServerSideTranslatorPB.java:147) [ozone-manager-1.3.0-SNAPSHOT.jar:?]
	at org.apache.hadoop.ozone.protocol.proto.OzoneManagerProtocolProtos$OzoneManagerService$2.callBlockingMethod(OzoneManagerProtocolProtos.java) [ozone-interface-client-1.3.0-SNAPSHOT.jar:?]
	at org.apache.hadoop.ipc.ProtobufRpcEngine$Server.processCall(ProtobufRpcEngine.java:466) [hadoop-common-3.3.1.jar:?]
	at org.apache.hadoop.ipc.ProtobufRpcEngine2$Server$ProtoBufRpcInvoker.call(ProtobufRpcEngine2.java:574) [hadoop-common-3.3.1.jar:?]
	at org.apache.hadoop.ipc.ProtobufRpcEngine2$Server$ProtoBufRpcInvoker.call(ProtobufRpcEngine2.java:552) [hadoop-common-3.3.1.jar:?]
	at org.apache.hadoop.ipc.RPC$Server.call(RPC.java:1093) [hadoop-common-3.3.1.jar:?]
	at org.apache.hadoop.ipc.Server$RpcCall.run(Server.java:1035) [hadoop-common-3.3.1.jar:?]
	at org.apache.hadoop.ipc.Server$RpcCall.run(Server.java:963) [hadoop-common-3.3.1.jar:?]
	at java.security.AccessController.doPrivileged(Native Method) ~[?:1.8.0_345]
	at javax.security.auth.Subject.doAs(Subject.java:422) [?:1.8.0_345]
	at org.apache.hadoop.security.UserGroupInformation.doAs(UserGroupInformation.java:1878) [hadoop-common-3.3.1.jar:?]
	at org.apache.hadoop.ipc.Server$Handler.run(Server.java:2966) [hadoop-common-3.3.1.jar:?]
2022-09-28 15:55:10,346 [Time-limited test] WARN  ozone.BasicOzoneFileSystem (BasicOzoneFileSystem.java:getFileStatus(765)) - GetFileStatus failed for path /gdir1/dir5/child
java.io.FileNotFoundException: gdir1/dir5/child: No such file or directory!
	at org.apache.hadoop.fs.ozone.BasicOzoneClientAdapterImpl.getFileStatus(BasicOzoneClientAdapterImpl.java:369)
	at org.apache.hadoop.fs.ozone.BasicOzoneFileSystem.getFileStatus(BasicOzoneFileSystem.java:757)
	at org.apache.hadoop.fs.ozone.TestOzoneFileSystem.checkPath(TestOzoneFileSystem.java:504)
	at org.apache.hadoop.fs.ozone.TestOzoneFileSystem.testRecursiveDelete(TestOzoneFileSystem.java:460)
	at sun.reflect.NativeMethodAccessorImpl.invoke0(Native Method)
	at sun.reflect.NativeMethodAccessorImpl.invoke(NativeMethodAccessorImpl.java:62)
	at sun.reflect.DelegatingMethodAccessorImpl.invoke(DelegatingMethodAccessorImpl.java:43)
	at java.lang.reflect.Method.invoke(Method.java:498)
	at org.junit.runners.model.FrameworkMethod$1.runReflectiveCall(FrameworkMethod.java:59)
	at org.junit.internal.runners.model.ReflectiveCallable.run(ReflectiveCallable.java:12)
	at org.junit.runners.model.FrameworkMethod.invokeExplosively(FrameworkMethod.java:56)
	at org.junit.internal.runners.statements.InvokeMethod.evaluate(InvokeMethod.java:17)
	at org.junit.internal.runners.statements.RunAfters.evaluate(RunAfters.java:27)
	at org.junit.internal.runners.statements.FailOnTimeout$CallableStatement.call(FailOnTimeout.java:288)
	at org.junit.internal.runners.statements.FailOnTimeout$CallableStatement.call(FailOnTimeout.java:282)
	at java.util.concurrent.FutureTask.run(FutureTask.java:266)
	at java.lang.Thread.run(Thread.java:750)
15:55:10.346 [IPC Server handler 19 on default port 37257] ERROR OMAudit - user=runner | ip=127.0.0.1 | op=GET_FILE_STATUS {volume=volume14467, bucket=bucket64159, key=gdir1/dir6, dataSize=0, replicationConfig=null} | ret=FAILURE
org.apache.hadoop.ozone.om.exceptions.OMException: Unable to get file status: volume: volume14467 bucket: bucket64159 key: gdir1/dir6
	at org.apache.hadoop.ozone.om.KeyManagerImpl.getOzoneFileStatus(KeyManagerImpl.java:1324) ~[ozone-manager-1.3.0-SNAPSHOT.jar:?]
	at org.apache.hadoop.ozone.om.KeyManagerImpl.getFileStatus(KeyManagerImpl.java:1254) ~[ozone-manager-1.3.0-SNAPSHOT.jar:?]
	at org.apache.hadoop.ozone.om.OzoneManager.getFileStatus(OzoneManager.java:3506) ~[ozone-manager-1.3.0-SNAPSHOT.jar:?]
	at org.apache.hadoop.ozone.protocolPB.OzoneManagerRequestHandler.getOzoneFileStatus(OzoneManagerRequestHandler.java:882) ~[ozone-manager-1.3.0-SNAPSHOT.jar:?]
	at org.apache.hadoop.ozone.protocolPB.OzoneManagerRequestHandler.handleReadRequest(OzoneManagerRequestHandler.java:228) ~[ozone-manager-1.3.0-SNAPSHOT.jar:?]
	at org.apache.hadoop.ozone.protocolPB.OzoneManagerProtocolServerSideTranslatorPB.submitReadRequestToOM(OzoneManagerProtocolServerSideTranslatorPB.java:226) ~[ozone-manager-1.3.0-SNAPSHOT.jar:?]
	at org.apache.hadoop.ozone.protocolPB.OzoneManagerProtocolServerSideTranslatorPB.processRequest(OzoneManagerProtocolServerSideTranslatorPB.java:175) ~[ozone-manager-1.3.0-SNAPSHOT.jar:?]
	at org.apache.hadoop.hdds.server.OzoneProtocolMessageDispatcher.processRequest(OzoneProtocolMessageDispatcher.java:87) [hdds-server-framework-1.3.0-SNAPSHOT.jar:?]
	at org.apache.hadoop.ozone.protocolPB.OzoneManagerProtocolServerSideTranslatorPB.submitRequest(OzoneManagerProtocolServerSideTranslatorPB.java:147) [ozone-manager-1.3.0-SNAPSHOT.jar:?]
	at org.apache.hadoop.ozone.protocol.proto.OzoneManagerProtocolProtos$OzoneManagerService$2.callBlockingMethod(OzoneManagerProtocolProtos.java) [ozone-interface-client-1.3.0-SNAPSHOT.jar:?]
	at org.apache.hadoop.ipc.ProtobufRpcEngine$Server.processCall(ProtobufRpcEngine.java:466) [hadoop-common-3.3.1.jar:?]
	at org.apache.hadoop.ipc.ProtobufRpcEngine2$Server$ProtoBufRpcInvoker.call(ProtobufRpcEngine2.java:574) [hadoop-common-3.3.1.jar:?]
	at org.apache.hadoop.ipc.ProtobufRpcEngine2$Server$ProtoBufRpcInvoker.call(ProtobufRpcEngine2.java:552) [hadoop-common-3.3.1.jar:?]
	at org.apache.hadoop.ipc.RPC$Server.call(RPC.java:1093) [hadoop-common-3.3.1.jar:?]
	at org.apache.hadoop.ipc.Server$RpcCall.run(Server.java:1035) [hadoop-common-3.3.1.jar:?]
	at org.apache.hadoop.ipc.Server$RpcCall.run(Server.java:963) [hadoop-common-3.3.1.jar:?]
	at java.security.AccessController.doPrivileged(Native Method) ~[?:1.8.0_345]
	at javax.security.auth.Subject.doAs(Subject.java:422) [?:1.8.0_345]
	at org.apache.hadoop.security.UserGroupInformation.doAs(UserGroupInformation.java:1878) [hadoop-common-3.3.1.jar:?]
	at org.apache.hadoop.ipc.Server$Handler.run(Server.java:2966) [hadoop-common-3.3.1.jar:?]
2022-09-28 15:55:10,351 [Time-limited test] WARN  ozone.BasicOzoneFileSystem (BasicOzoneFileSystem.java:getFileStatus(765)) - GetFileStatus failed for path /gdir1/dir6
java.io.FileNotFoundException: gdir1/dir6: No such file or directory!
	at org.apache.hadoop.fs.ozone.BasicOzoneClientAdapterImpl.getFileStatus(BasicOzoneClientAdapterImpl.java:369)
	at org.apache.hadoop.fs.ozone.BasicOzoneFileSystem.getFileStatus(BasicOzoneFileSystem.java:757)
	at org.apache.hadoop.fs.ozone.TestOzoneFileSystem.checkPath(TestOzoneFileSystem.java:504)
	at org.apache.hadoop.fs.ozone.TestOzoneFileSystem.testRecursiveDelete(TestOzoneFileSystem.java:459)
	at sun.reflect.NativeMethodAccessorImpl.invoke0(Native Method)
	at sun.reflect.NativeMethodAccessorImpl.invoke(NativeMethodAccessorImpl.java:62)
	at sun.reflect.DelegatingMethodAccessorImpl.invoke(DelegatingMethodAccessorImpl.java:43)
	at java.lang.reflect.Method.invoke(Method.java:498)
	at org.junit.runners.model.FrameworkMethod$1.runReflectiveCall(FrameworkMethod.java:59)
	at org.junit.internal.runners.model.ReflectiveCallable.run(ReflectiveCallable.java:12)
	at org.junit.runners.model.FrameworkMethod.invokeExplosively(FrameworkMethod.java:56)
	at org.junit.internal.runners.statements.InvokeMethod.evaluate(InvokeMethod.java:17)
	at org.junit.internal.runners.statements.RunAfters.evaluate(RunAfters.java:27)
	at org.junit.internal.runners.statements.FailOnTimeout$CallableStatement.call(FailOnTimeout.java:288)
	at org.junit.internal.runners.statements.FailOnTimeout$CallableStatement.call(FailOnTimeout.java:282)
	at java.util.concurrent.FutureTask.run(FutureTask.java:266)
	at java.lang.Thread.run(Thread.java:750)
15:55:10.351 [IPC Server handler 18 on default port 37257] ERROR OMAudit - user=runner | ip=127.0.0.1 | op=GET_FILE_STATUS {volume=volume14467, bucket=bucket64159, key=gdir1/dir6/child, dataSize=0, replicationConfig=null} | ret=FAILURE
org.apache.hadoop.ozone.om.exceptions.OMException: Unable to get file status: volume: volume14467 bucket: bucket64159 key: gdir1/dir6/child
	at org.apache.hadoop.ozone.om.KeyManagerImpl.getOzoneFileStatus(KeyManagerImpl.java:1324) ~[ozone-manager-1.3.0-SNAPSHOT.jar:?]
	at org.apache.hadoop.ozone.om.KeyManagerImpl.getFileStatus(KeyManagerImpl.java:1254) ~[ozone-manager-1.3.0-SNAPSHOT.jar:?]
	at org.apache.hadoop.ozone.om.OzoneManager.getFileStatus(OzoneManager.java:3506) ~[ozone-manager-1.3.0-SNAPSHOT.jar:?]
	at org.apache.hadoop.ozone.protocolPB.OzoneManagerRequestHandler.getOzoneFileStatus(OzoneManagerRequestHandler.java:882) ~[ozone-manager-1.3.0-SNAPSHOT.jar:?]
	at org.apache.hadoop.ozone.protocolPB.OzoneManagerRequestHandler.handleReadRequest(OzoneManagerRequestHandler.java:228) ~[ozone-manager-1.3.0-SNAPSHOT.jar:?]
	at org.apache.hadoop.ozone.protocolPB.OzoneManagerProtocolServerSideTranslatorPB.submitReadRequestToOM(OzoneManagerProtocolServerSideTranslatorPB.java:226) ~[ozone-manager-1.3.0-SNAPSHOT.jar:?]
	at org.apache.hadoop.ozone.protocolPB.OzoneManagerProtocolServerSideTranslatorPB.processRequest(OzoneManagerProtocolServerSideTranslatorPB.java:175) ~[ozone-manager-1.3.0-SNAPSHOT.jar:?]
	at org.apache.hadoop.hdds.server.OzoneProtocolMessageDispatcher.processRequest(OzoneProtocolMessageDispatcher.java:87) [hdds-server-framework-1.3.0-SNAPSHOT.jar:?]
	at org.apache.hadoop.ozone.protocolPB.OzoneManagerProtocolServerSideTranslatorPB.submitRequest(OzoneManagerProtocolServerSideTranslatorPB.java:147) [ozone-manager-1.3.0-SNAPSHOT.jar:?]
	at org.apache.hadoop.ozone.protocol.proto.OzoneManagerProtocolProtos$OzoneManagerService$2.callBlockingMethod(OzoneManagerProtocolProtos.java) [ozone-interface-client-1.3.0-SNAPSHOT.jar:?]
	at org.apache.hadoop.ipc.ProtobufRpcEngine$Server.processCall(ProtobufRpcEngine.java:466) [hadoop-common-3.3.1.jar:?]
	at org.apache.hadoop.ipc.ProtobufRpcEngine2$Server$ProtoBufRpcInvoker.call(ProtobufRpcEngine2.java:574) [hadoop-common-3.3.1.jar:?]
	at org.apache.hadoop.ipc.ProtobufRpcEngine2$Server$ProtoBufRpcInvoker.call(ProtobufRpcEngine2.java:552) [hadoop-common-3.3.1.jar:?]
	at org.apache.hadoop.ipc.RPC$Server.call(RPC.java:1093) [hadoop-common-3.3.1.jar:?]
	at org.apache.hadoop.ipc.Server$RpcCall.run(Server.java:1035) [hadoop-common-3.3.1.jar:?]
	at org.apache.hadoop.ipc.Server$RpcCall.run(Server.java:963) [hadoop-common-3.3.1.jar:?]
	at java.security.AccessController.doPrivileged(Native Method) ~[?:1.8.0_345]
	at javax.security.auth.Subject.doAs(Subject.java:422) [?:1.8.0_345]
	at org.apache.hadoop.security.UserGroupInformation.doAs(UserGroupInformation.java:1878) [hadoop-common-3.3.1.jar:?]
	at org.apache.hadoop.ipc.Server$Handler.run(Server.java:2966) [hadoop-common-3.3.1.jar:?]
2022-09-28 15:55:10,351 [Time-limited test] WARN  ozone.BasicOzoneFileSystem (BasicOzoneFileSystem.java:getFileStatus(765)) - GetFileStatus failed for path /gdir1/dir6/child
java.io.FileNotFoundException: gdir1/dir6/child: No such file or directory!
	at org.apache.hadoop.fs.ozone.BasicOzoneClientAdapterImpl.getFileStatus(BasicOzoneClientAdapterImpl.java:369)
	at org.apache.hadoop.fs.ozone.BasicOzoneFileSystem.getFileStatus(BasicOzoneFileSystem.java:757)
	at org.apache.hadoop.fs.ozone.TestOzoneFileSystem.checkPath(TestOzoneFileSystem.java:504)
	at org.apache.hadoop.fs.ozone.TestOzoneFileSystem.testRecursiveDelete(TestOzoneFileSystem.java:460)
	at sun.reflect.NativeMethodAccessorImpl.invoke0(Native Method)
	at sun.reflect.NativeMethodAccessorImpl.invoke(NativeMethodAccessorImpl.java:62)
	at sun.reflect.DelegatingMethodAccessorImpl.invoke(DelegatingMethodAccessorImpl.java:43)
	at java.lang.reflect.Method.invoke(Method.java:498)
	at org.junit.runners.model.FrameworkMethod$1.runReflectiveCall(FrameworkMethod.java:59)
	at org.junit.internal.runners.model.ReflectiveCallable.run(ReflectiveCallable.java:12)
	at org.junit.runners.model.FrameworkMethod.invokeExplosively(FrameworkMethod.java:56)
	at org.junit.internal.runners.statements.InvokeMethod.evaluate(InvokeMethod.java:17)
	at org.junit.internal.runners.statements.RunAfters.evaluate(RunAfters.java:27)
	at org.junit.internal.runners.statements.FailOnTimeout$CallableStatement.call(FailOnTimeout.java:288)
	at org.junit.internal.runners.statements.FailOnTimeout$CallableStatement.call(FailOnTimeout.java:282)
	at java.util.concurrent.FutureTask.run(FutureTask.java:266)
	at java.lang.Thread.run(Thread.java:750)
15:55:10.352 [IPC Server handler 16 on default port 37257] ERROR OMAudit - user=runner | ip=127.0.0.1 | op=GET_FILE_STATUS {volume=volume14467, bucket=bucket64159, key=gdir1/dir7, dataSize=0, replicationConfig=null} | ret=FAILURE
org.apache.hadoop.ozone.om.exceptions.OMException: Unable to get file status: volume: volume14467 bucket: bucket64159 key: gdir1/dir7
	at org.apache.hadoop.ozone.om.KeyManagerImpl.getOzoneFileStatus(KeyManagerImpl.java:1324) ~[ozone-manager-1.3.0-SNAPSHOT.jar:?]
	at org.apache.hadoop.ozone.om.KeyManagerImpl.getFileStatus(KeyManagerImpl.java:1254) ~[ozone-manager-1.3.0-SNAPSHOT.jar:?]
	at org.apache.hadoop.ozone.om.OzoneManager.getFileStatus(OzoneManager.java:3506) ~[ozone-manager-1.3.0-SNAPSHOT.jar:?]
	at org.apache.hadoop.ozone.protocolPB.OzoneManagerRequestHandler.getOzoneFileStatus(OzoneManagerRequestHandler.java:882) ~[ozone-manager-1.3.0-SNAPSHOT.jar:?]
	at org.apache.hadoop.ozone.protocolPB.OzoneManagerRequestHandler.handleReadRequest(OzoneManagerRequestHandler.java:228) ~[ozone-manager-1.3.0-SNAPSHOT.jar:?]
	at org.apache.hadoop.ozone.protocolPB.OzoneManagerProtocolServerSideTranslatorPB.submitReadRequestToOM(OzoneManagerProtocolServerSideTranslatorPB.java:226) ~[ozone-manager-1.3.0-SNAPSHOT.jar:?]
	at org.apache.hadoop.ozone.protocolPB.OzoneManagerProtocolServerSideTranslatorPB.processRequest(OzoneManagerProtocolServerSideTranslatorPB.java:175) ~[ozone-manager-1.3.0-SNAPSHOT.jar:?]
	at org.apache.hadoop.hdds.server.OzoneProtocolMessageDispatcher.processRequest(OzoneProtocolMessageDispatcher.java:87) [hdds-server-framework-1.3.0-SNAPSHOT.jar:?]
	at org.apache.hadoop.ozone.protocolPB.OzoneManagerProtocolServerSideTranslatorPB.submitRequest(OzoneManagerProtocolServerSideTranslatorPB.java:147) [ozone-manager-1.3.0-SNAPSHOT.jar:?]
	at org.apache.hadoop.ozone.protocol.proto.OzoneManagerProtocolProtos$OzoneManagerService$2.callBlockingMethod(OzoneManagerProtocolProtos.java) [ozone-interface-client-1.3.0-SNAPSHOT.jar:?]
	at org.apache.hadoop.ipc.ProtobufRpcEngine$Server.processCall(ProtobufRpcEngine.java:466) [hadoop-common-3.3.1.jar:?]
	at org.apache.hadoop.ipc.ProtobufRpcEngine2$Server$ProtoBufRpcInvoker.call(ProtobufRpcEngine2.java:574) [hadoop-common-3.3.1.jar:?]
	at org.apache.hadoop.ipc.ProtobufRpcEngine2$Server$ProtoBufRpcInvoker.call(ProtobufRpcEngine2.java:552) [hadoop-common-3.3.1.jar:?]
	at org.apache.hadoop.ipc.RPC$Server.call(RPC.java:1093) [hadoop-common-3.3.1.jar:?]
	at org.apache.hadoop.ipc.Server$RpcCall.run(Server.java:1035) [hadoop-common-3.3.1.jar:?]
	at org.apache.hadoop.ipc.Server$RpcCall.run(Server.java:963) [hadoop-common-3.3.1.jar:?]
	at java.security.AccessController.doPrivileged(Native Method) ~[?:1.8.0_345]
	at javax.security.auth.Subject.doAs(Subject.java:422) [?:1.8.0_345]
	at org.apache.hadoop.security.UserGroupInformation.doAs(UserGroupInformation.java:1878) [hadoop-common-3.3.1.jar:?]
	at org.apache.hadoop.ipc.Server$Handler.run(Server.java:2966) [hadoop-common-3.3.1.jar:?]
2022-09-28 15:55:10,352 [Time-limited test] WARN  ozone.BasicOzoneFileSystem (BasicOzoneFileSystem.java:getFileStatus(765)) - GetFileStatus failed for path /gdir1/dir7
java.io.FileNotFoundException: gdir1/dir7: No such file or directory!
	at org.apache.hadoop.fs.ozone.BasicOzoneClientAdapterImpl.getFileStatus(BasicOzoneClientAdapterImpl.java:369)
	at org.apache.hadoop.fs.ozone.BasicOzoneFileSystem.getFileStatus(BasicOzoneFileSystem.java:757)
	at org.apache.hadoop.fs.ozone.TestOzoneFileSystem.checkPath(TestOzoneFileSystem.java:504)
	at org.apache.hadoop.fs.ozone.TestOzoneFileSystem.testRecursiveDelete(TestOzoneFileSystem.java:459)
	at sun.reflect.NativeMethodAccessorImpl.invoke0(Native Method)
	at sun.reflect.NativeMethodAccessorImpl.invoke(NativeMethodAccessorImpl.java:62)
	at sun.reflect.DelegatingMethodAccessorImpl.invoke(DelegatingMethodAccessorImpl.java:43)
	at java.lang.reflect.Method.invoke(Method.java:498)
	at org.junit.runners.model.FrameworkMethod$1.runReflectiveCall(FrameworkMethod.java:59)
	at org.junit.internal.runners.model.ReflectiveCallable.run(ReflectiveCallable.java:12)
	at org.junit.runners.model.FrameworkMethod.invokeExplosively(FrameworkMethod.java:56)
	at org.junit.internal.runners.statements.InvokeMethod.evaluate(InvokeMethod.java:17)
	at org.junit.internal.runners.statements.RunAfters.evaluate(RunAfters.java:27)
	at org.junit.internal.runners.statements.FailOnTimeout$CallableStatement.call(FailOnTimeout.java:288)
	at org.junit.internal.runners.statements.FailOnTimeout$CallableStatement.call(FailOnTimeout.java:282)
	at java.util.concurrent.FutureTask.run(FutureTask.java:266)
	at java.lang.Thread.run(Thread.java:750)
15:55:10.353 [IPC Server handler 12 on default port 37257] ERROR OMAudit - user=runner | ip=127.0.0.1 | op=GET_FILE_STATUS {volume=volume14467, bucket=bucket64159, key=gdir1/dir7/child, dataSize=0, replicationConfig=null} | ret=FAILURE
org.apache.hadoop.ozone.om.exceptions.OMException: Unable to get file status: volume: volume14467 bucket: bucket64159 key: gdir1/dir7/child
	at org.apache.hadoop.ozone.om.KeyManagerImpl.getOzoneFileStatus(KeyManagerImpl.java:1324) ~[ozone-manager-1.3.0-SNAPSHOT.jar:?]
	at org.apache.hadoop.ozone.om.KeyManagerImpl.getFileStatus(KeyManagerImpl.java:1254) ~[ozone-manager-1.3.0-SNAPSHOT.jar:?]
	at org.apache.hadoop.ozone.om.OzoneManager.getFileStatus(OzoneManager.java:3506) ~[ozone-manager-1.3.0-SNAPSHOT.jar:?]
	at org.apache.hadoop.ozone.protocolPB.OzoneManagerRequestHandler.getOzoneFileStatus(OzoneManagerRequestHandler.java:882) ~[ozone-manager-1.3.0-SNAPSHOT.jar:?]
	at org.apache.hadoop.ozone.protocolPB.OzoneManagerRequestHandler.handleReadRequest(OzoneManagerRequestHandler.java:228) ~[ozone-manager-1.3.0-SNAPSHOT.jar:?]
	at org.apache.hadoop.ozone.protocolPB.OzoneManagerProtocolServerSideTranslatorPB.submitReadRequestToOM(OzoneManagerProtocolServerSideTranslatorPB.java:226) ~[ozone-manager-1.3.0-SNAPSHOT.jar:?]
	at org.apache.hadoop.ozone.protocolPB.OzoneManagerProtocolServerSideTranslatorPB.processRequest(OzoneManagerProtocolServerSideTranslatorPB.java:175) ~[ozone-manager-1.3.0-SNAPSHOT.jar:?]
	at org.apache.hadoop.hdds.server.OzoneProtocolMessageDispatcher.processRequest(OzoneProtocolMessageDispatcher.java:87) [hdds-server-framework-1.3.0-SNAPSHOT.jar:?]
	at org.apache.hadoop.ozone.protocolPB.OzoneManagerProtocolServerSideTranslatorPB.submitRequest(OzoneManagerProtocolServerSideTranslatorPB.java:147) [ozone-manager-1.3.0-SNAPSHOT.jar:?]
	at org.apache.hadoop.ozone.protocol.proto.OzoneManagerProtocolProtos$OzoneManagerService$2.callBlockingMethod(OzoneManagerProtocolProtos.java) [ozone-interface-client-1.3.0-SNAPSHOT.jar:?]
	at org.apache.hadoop.ipc.ProtobufRpcEngine$Server.processCall(ProtobufRpcEngine.java:466) [hadoop-common-3.3.1.jar:?]
	at org.apache.hadoop.ipc.ProtobufRpcEngine2$Server$ProtoBufRpcInvoker.call(ProtobufRpcEngine2.java:574) [hadoop-common-3.3.1.jar:?]
	at org.apache.hadoop.ipc.ProtobufRpcEngine2$Server$ProtoBufRpcInvoker.call(ProtobufRpcEngine2.java:552) [hadoop-common-3.3.1.jar:?]
	at org.apache.hadoop.ipc.RPC$Server.call(RPC.java:1093) [hadoop-common-3.3.1.jar:?]
	at org.apache.hadoop.ipc.Server$RpcCall.run(Server.java:1035) [hadoop-common-3.3.1.jar:?]
	at org.apache.hadoop.ipc.Server$RpcCall.run(Server.java:963) [hadoop-common-3.3.1.jar:?]
	at java.security.AccessController.doPrivileged(Native Method) ~[?:1.8.0_345]
	at javax.security.auth.Subject.doAs(Subject.java:422) [?:1.8.0_345]
	at org.apache.hadoop.security.UserGroupInformation.doAs(UserGroupInformation.java:1878) [hadoop-common-3.3.1.jar:?]
	at org.apache.hadoop.ipc.Server$Handler.run(Server.java:2966) [hadoop-common-3.3.1.jar:?]
2022-09-28 15:55:10,353 [Time-limited test] WARN  ozone.BasicOzoneFileSystem (BasicOzoneFileSystem.java:getFileStatus(765)) - GetFileStatus failed for path /gdir1/dir7/child
java.io.FileNotFoundException: gdir1/dir7/child: No such file or directory!
	at org.apache.hadoop.fs.ozone.BasicOzoneClientAdapterImpl.getFileStatus(BasicOzoneClientAdapterImpl.java:369)
	at org.apache.hadoop.fs.ozone.BasicOzoneFileSystem.getFileStatus(BasicOzoneFileSystem.java:757)
	at org.apache.hadoop.fs.ozone.TestOzoneFileSystem.checkPath(TestOzoneFileSystem.java:504)
	at org.apache.hadoop.fs.ozone.TestOzoneFileSystem.testRecursiveDelete(TestOzoneFileSystem.java:460)
	at sun.reflect.NativeMethodAccessorImpl.invoke0(Native Method)
	at sun.reflect.NativeMethodAccessorImpl.invoke(NativeMethodAccessorImpl.java:62)
	at sun.reflect.DelegatingMethodAccessorImpl.invoke(DelegatingMethodAccessorImpl.java:43)
	at java.lang.reflect.Method.invoke(Method.java:498)
	at org.junit.runners.model.FrameworkMethod$1.runReflectiveCall(FrameworkMethod.java:59)
	at org.junit.internal.runners.model.ReflectiveCallable.run(ReflectiveCallable.java:12)
	at org.junit.runners.model.FrameworkMethod.invokeExplosively(FrameworkMethod.java:56)
	at org.junit.internal.runners.statements.InvokeMethod.evaluate(InvokeMethod.java:17)
	at org.junit.internal.runners.statements.RunAfters.evaluate(RunAfters.java:27)
	at org.junit.internal.runners.statements.FailOnTimeout$CallableStatement.call(FailOnTimeout.java:288)
	at org.junit.internal.runners.statements.FailOnTimeout$CallableStatement.call(FailOnTimeout.java:282)
	at java.util.concurrent.FutureTask.run(FutureTask.java:266)
	at java.lang.Thread.run(Thread.java:750)
15:55:10.353 [IPC Server handler 5 on default port 37257] ERROR OMAudit - user=runner | ip=127.0.0.1 | op=GET_FILE_STATUS {volume=volume14467, bucket=bucket64159, key=gdir1/dir8, dataSize=0, replicationConfig=null} | ret=FAILURE
org.apache.hadoop.ozone.om.exceptions.OMException: Unable to get file status: volume: volume14467 bucket: bucket64159 key: gdir1/dir8
	at org.apache.hadoop.ozone.om.KeyManagerImpl.getOzoneFileStatus(KeyManagerImpl.java:1324) ~[ozone-manager-1.3.0-SNAPSHOT.jar:?]
	at org.apache.hadoop.ozone.om.KeyManagerImpl.getFileStatus(KeyManagerImpl.java:1254) ~[ozone-manager-1.3.0-SNAPSHOT.jar:?]
	at org.apache.hadoop.ozone.om.OzoneManager.getFileStatus(OzoneManager.java:3506) ~[ozone-manager-1.3.0-SNAPSHOT.jar:?]
	at org.apache.hadoop.ozone.protocolPB.OzoneManagerRequestHandler.getOzoneFileStatus(OzoneManagerRequestHandler.java:882) ~[ozone-manager-1.3.0-SNAPSHOT.jar:?]
	at org.apache.hadoop.ozone.protocolPB.OzoneManagerRequestHandler.handleReadRequest(OzoneManagerRequestHandler.java:228) ~[ozone-manager-1.3.0-SNAPSHOT.jar:?]
	at org.apache.hadoop.ozone.protocolPB.OzoneManagerProtocolServerSideTranslatorPB.submitReadRequestToOM(OzoneManagerProtocolServerSideTranslatorPB.java:226) ~[ozone-manager-1.3.0-SNAPSHOT.jar:?]
	at org.apache.hadoop.ozone.protocolPB.OzoneManagerProtocolServerSideTranslatorPB.processRequest(OzoneManagerProtocolServerSideTranslatorPB.java:175) ~[ozone-manager-1.3.0-SNAPSHOT.jar:?]
	at org.apache.hadoop.hdds.server.OzoneProtocolMessageDispatcher.processRequest(OzoneProtocolMessageDispatcher.java:87) [hdds-server-framework-1.3.0-SNAPSHOT.jar:?]
	at org.apache.hadoop.ozone.protocolPB.OzoneManagerProtocolServerSideTranslatorPB.submitRequest(OzoneManagerProtocolServerSideTranslatorPB.java:147) [ozone-manager-1.3.0-SNAPSHOT.jar:?]
	at org.apache.hadoop.ozone.protocol.proto.OzoneManagerProtocolProtos$OzoneManagerService$2.callBlockingMethod(OzoneManagerProtocolProtos.java) [ozone-interface-client-1.3.0-SNAPSHOT.jar:?]
	at org.apache.hadoop.ipc.ProtobufRpcEngine$Server.processCall(ProtobufRpcEngine.java:466) [hadoop-common-3.3.1.jar:?]
	at org.apache.hadoop.ipc.ProtobufRpcEngine2$Server$ProtoBufRpcInvoker.call(ProtobufRpcEngine2.java:574) [hadoop-common-3.3.1.jar:?]
	at org.apache.hadoop.ipc.ProtobufRpcEngine2$Server$ProtoBufRpcInvoker.call(ProtobufRpcEngine2.java:552) [hadoop-common-3.3.1.jar:?]
	at org.apache.hadoop.ipc.RPC$Server.call(RPC.java:1093) [hadoop-common-3.3.1.jar:?]
	at org.apache.hadoop.ipc.Server$RpcCall.run(Server.java:1035) [hadoop-common-3.3.1.jar:?]
	at org.apache.hadoop.ipc.Server$RpcCall.run(Server.java:963) [hadoop-common-3.3.1.jar:?]
	at java.security.AccessController.doPrivileged(Native Method) ~[?:1.8.0_345]
	at javax.security.auth.Subject.doAs(Subject.java:422) [?:1.8.0_345]
	at org.apache.hadoop.security.UserGroupInformation.doAs(UserGroupInformation.java:1878) [hadoop-common-3.3.1.jar:?]
	at org.apache.hadoop.ipc.Server$Handler.run(Server.java:2966) [hadoop-common-3.3.1.jar:?]
2022-09-28 15:55:10,354 [Time-limited test] WARN  ozone.BasicOzoneFileSystem (BasicOzoneFileSystem.java:getFileStatus(765)) - GetFileStatus failed for path /gdir1/dir8
java.io.FileNotFoundException: gdir1/dir8: No such file or directory!
	at org.apache.hadoop.fs.ozone.BasicOzoneClientAdapterImpl.getFileStatus(BasicOzoneClientAdapterImpl.java:369)
	at org.apache.hadoop.fs.ozone.BasicOzoneFileSystem.getFileStatus(BasicOzoneFileSystem.java:757)
	at org.apache.hadoop.fs.ozone.TestOzoneFileSystem.checkPath(TestOzoneFileSystem.java:504)
	at org.apache.hadoop.fs.ozone.TestOzoneFileSystem.testRecursiveDelete(TestOzoneFileSystem.java:459)
	at sun.reflect.NativeMethodAccessorImpl.invoke0(Native Method)
	at sun.reflect.NativeMethodAccessorImpl.invoke(NativeMethodAccessorImpl.java:62)
	at sun.reflect.DelegatingMethodAccessorImpl.invoke(DelegatingMethodAccessorImpl.java:43)
	at java.lang.reflect.Method.invoke(Method.java:498)
	at org.junit.runners.model.FrameworkMethod$1.runReflectiveCall(FrameworkMethod.java:59)
	at org.junit.internal.runners.model.ReflectiveCallable.run(ReflectiveCallable.java:12)
	at org.junit.runners.model.FrameworkMethod.invokeExplosively(FrameworkMethod.java:56)
	at org.junit.internal.runners.statements.InvokeMethod.evaluate(InvokeMethod.java:17)
	at org.junit.internal.runners.statements.RunAfters.evaluate(RunAfters.java:27)
	at org.junit.internal.runners.statements.FailOnTimeout$CallableStatement.call(FailOnTimeout.java:288)
	at org.junit.internal.runners.statements.FailOnTimeout$CallableStatement.call(FailOnTimeout.java:282)
	at java.util.concurrent.FutureTask.run(FutureTask.java:266)
	at java.lang.Thread.run(Thread.java:750)
15:55:10.355 [IPC Server handler 13 on default port 37257] ERROR OMAudit - user=runner | ip=127.0.0.1 | op=GET_FILE_STATUS {volume=volume14467, bucket=bucket64159, key=gdir1/dir8/child, dataSize=0, replicationConfig=null} | ret=FAILURE
org.apache.hadoop.ozone.om.exceptions.OMException: Unable to get file status: volume: volume14467 bucket: bucket64159 key: gdir1/dir8/child
	at org.apache.hadoop.ozone.om.KeyManagerImpl.getOzoneFileStatus(KeyManagerImpl.java:1324) ~[ozone-manager-1.3.0-SNAPSHOT.jar:?]
	at org.apache.hadoop.ozone.om.KeyManagerImpl.getFileStatus(KeyManagerImpl.java:1254) ~[ozone-manager-1.3.0-SNAPSHOT.jar:?]
	at org.apache.hadoop.ozone.om.OzoneManager.getFileStatus(OzoneManager.java:3506) ~[ozone-manager-1.3.0-SNAPSHOT.jar:?]
	at org.apache.hadoop.ozone.protocolPB.OzoneManagerRequestHandler.getOzoneFileStatus(OzoneManagerRequestHandler.java:882) ~[ozone-manager-1.3.0-SNAPSHOT.jar:?]
	at org.apache.hadoop.ozone.protocolPB.OzoneManagerRequestHandler.handleReadRequest(OzoneManagerRequestHandler.java:228) ~[ozone-manager-1.3.0-SNAPSHOT.jar:?]
	at org.apache.hadoop.ozone.protocolPB.OzoneManagerProtocolServerSideTranslatorPB.submitReadRequestToOM(OzoneManagerProtocolServerSideTranslatorPB.java:226) ~[ozone-manager-1.3.0-SNAPSHOT.jar:?]
	at org.apache.hadoop.ozone.protocolPB.OzoneManagerProtocolServerSideTranslatorPB.processRequest(OzoneManagerProtocolServerSideTranslatorPB.java:175) ~[ozone-manager-1.3.0-SNAPSHOT.jar:?]
	at org.apache.hadoop.hdds.server.OzoneProtocolMessageDispatcher.processRequest(OzoneProtocolMessageDispatcher.java:87) [hdds-server-framework-1.3.0-SNAPSHOT.jar:?]
	at org.apache.hadoop.ozone.protocolPB.OzoneManagerProtocolServerSideTranslatorPB.submitRequest(OzoneManagerProtocolServerSideTranslatorPB.java:147) [ozone-manager-1.3.0-SNAPSHOT.jar:?]
	at org.apache.hadoop.ozone.protocol.proto.OzoneManagerProtocolProtos$OzoneManagerService$2.callBlockingMethod(OzoneManagerProtocolProtos.java) [ozone-interface-client-1.3.0-SNAPSHOT.jar:?]
	at org.apache.hadoop.ipc.ProtobufRpcEngine$Server.processCall(ProtobufRpcEngine.java:466) [hadoop-common-3.3.1.jar:?]
	at org.apache.hadoop.ipc.ProtobufRpcEngine2$Server$ProtoBufRpcInvoker.call(ProtobufRpcEngine2.java:574) [hadoop-common-3.3.1.jar:?]
	at org.apache.hadoop.ipc.ProtobufRpcEngine2$Server$ProtoBufRpcInvoker.call(ProtobufRpcEngine2.java:552) [hadoop-common-3.3.1.jar:?]
	at org.apache.hadoop.ipc.RPC$Server.call(RPC.java:1093) [hadoop-common-3.3.1.jar:?]
	at org.apache.hadoop.ipc.Server$RpcCall.run(Server.java:1035) [hadoop-common-3.3.1.jar:?]
	at org.apache.hadoop.ipc.Server$RpcCall.run(Server.java:963) [hadoop-common-3.3.1.jar:?]
	at java.security.AccessController.doPrivileged(Native Method) ~[?:1.8.0_345]
	at javax.security.auth.Subject.doAs(Subject.java:422) [?:1.8.0_345]
	at org.apache.hadoop.security.UserGroupInformation.doAs(UserGroupInformation.java:1878) [hadoop-common-3.3.1.jar:?]
	at org.apache.hadoop.ipc.Server$Handler.run(Server.java:2966) [hadoop-common-3.3.1.jar:?]
2022-09-28 15:55:10,356 [Time-limited test] WARN  ozone.BasicOzoneFileSystem (BasicOzoneFileSystem.java:getFileStatus(765)) - GetFileStatus failed for path /gdir1/dir8/child
java.io.FileNotFoundException: gdir1/dir8/child: No such file or directory!
	at org.apache.hadoop.fs.ozone.BasicOzoneClientAdapterImpl.getFileStatus(BasicOzoneClientAdapterImpl.java:369)
	at org.apache.hadoop.fs.ozone.BasicOzoneFileSystem.getFileStatus(BasicOzoneFileSystem.java:757)
	at org.apache.hadoop.fs.ozone.TestOzoneFileSystem.checkPath(TestOzoneFileSystem.java:504)
	at org.apache.hadoop.fs.ozone.TestOzoneFileSystem.testRecursiveDelete(TestOzoneFileSystem.java:460)
	at sun.reflect.NativeMethodAccessorImpl.invoke0(Native Method)
	at sun.reflect.NativeMethodAccessorImpl.invoke(NativeMethodAccessorImpl.java:62)
	at sun.reflect.DelegatingMethodAccessorImpl.invoke(DelegatingMethodAccessorImpl.java:43)
	at java.lang.reflect.Method.invoke(Method.java:498)
	at org.junit.runners.model.FrameworkMethod$1.runReflectiveCall(FrameworkMethod.java:59)
	at org.junit.internal.runners.model.ReflectiveCallable.run(ReflectiveCallable.java:12)
	at org.junit.runners.model.FrameworkMethod.invokeExplosively(FrameworkMethod.java:56)
	at org.junit.internal.runners.statements.InvokeMethod.evaluate(InvokeMethod.java:17)
	at org.junit.internal.runners.statements.RunAfters.evaluate(RunAfters.java:27)
	at org.junit.internal.runners.statements.FailOnTimeout$CallableStatement.call(FailOnTimeout.java:288)
	at org.junit.internal.runners.statements.FailOnTimeout$CallableStatement.call(FailOnTimeout.java:282)
	at java.util.concurrent.FutureTask.run(FutureTask.java:266)
	at java.lang.Thread.run(Thread.java:750)
15:55:10.357 [IPC Server handler 6 on default port 37257] ERROR OMAudit - user=runner | ip=127.0.0.1 | op=GET_FILE_STATUS {volume=volume14467, bucket=bucket64159, key=gdir1/dir9, dataSize=0, replicationConfig=null} | ret=FAILURE
org.apache.hadoop.ozone.om.exceptions.OMException: Unable to get file status: volume: volume14467 bucket: bucket64159 key: gdir1/dir9
	at org.apache.hadoop.ozone.om.KeyManagerImpl.getOzoneFileStatus(KeyManagerImpl.java:1324) ~[ozone-manager-1.3.0-SNAPSHOT.jar:?]
	at org.apache.hadoop.ozone.om.KeyManagerImpl.getFileStatus(KeyManagerImpl.java:1254) ~[ozone-manager-1.3.0-SNAPSHOT.jar:?]
	at org.apache.hadoop.ozone.om.OzoneManager.getFileStatus(OzoneManager.java:3506) ~[ozone-manager-1.3.0-SNAPSHOT.jar:?]
	at org.apache.hadoop.ozone.protocolPB.OzoneManagerRequestHandler.getOzoneFileStatus(OzoneManagerRequestHandler.java:882) ~[ozone-manager-1.3.0-SNAPSHOT.jar:?]
	at org.apache.hadoop.ozone.protocolPB.OzoneManagerRequestHandler.handleReadRequest(OzoneManagerRequestHandler.java:228) ~[ozone-manager-1.3.0-SNAPSHOT.jar:?]
	at org.apache.hadoop.ozone.protocolPB.OzoneManagerProtocolServerSideTranslatorPB.submitReadRequestToOM(OzoneManagerProtocolServerSideTranslatorPB.java:226) ~[ozone-manager-1.3.0-SNAPSHOT.jar:?]
	at org.apache.hadoop.ozone.protocolPB.OzoneManagerProtocolServerSideTranslatorPB.processRequest(OzoneManagerProtocolServerSideTranslatorPB.java:175) ~[ozone-manager-1.3.0-SNAPSHOT.jar:?]
	at org.apache.hadoop.hdds.server.OzoneProtocolMessageDispatcher.processRequest(OzoneProtocolMessageDispatcher.java:87) [hdds-server-framework-1.3.0-SNAPSHOT.jar:?]
	at org.apache.hadoop.ozone.protocolPB.OzoneManagerProtocolServerSideTranslatorPB.submitRequest(OzoneManagerProtocolServerSideTranslatorPB.java:147) [ozone-manager-1.3.0-SNAPSHOT.jar:?]
	at org.apache.hadoop.ozone.protocol.proto.OzoneManagerProtocolProtos$OzoneManagerService$2.callBlockingMethod(OzoneManagerProtocolProtos.java) [ozone-interface-client-1.3.0-SNAPSHOT.jar:?]
	at org.apache.hadoop.ipc.ProtobufRpcEngine$Server.processCall(ProtobufRpcEngine.java:466) [hadoop-common-3.3.1.jar:?]
	at org.apache.hadoop.ipc.ProtobufRpcEngine2$Server$ProtoBufRpcInvoker.call(ProtobufRpcEngine2.java:574) [hadoop-common-3.3.1.jar:?]
	at org.apache.hadoop.ipc.ProtobufRpcEngine2$Server$ProtoBufRpcInvoker.call(ProtobufRpcEngine2.java:552) [hadoop-common-3.3.1.jar:?]
	at org.apache.hadoop.ipc.RPC$Server.call(RPC.java:1093) [hadoop-common-3.3.1.jar:?]
	at org.apache.hadoop.ipc.Server$RpcCall.run(Server.java:1035) [hadoop-common-3.3.1.jar:?]
	at org.apache.hadoop.ipc.Server$RpcCall.run(Server.java:963) [hadoop-common-3.3.1.jar:?]
	at java.security.AccessController.doPrivileged(Native Method) ~[?:1.8.0_345]
	at javax.security.auth.Subject.doAs(Subject.java:422) [?:1.8.0_345]
	at org.apache.hadoop.security.UserGroupInformation.doAs(UserGroupInformation.java:1878) [hadoop-common-3.3.1.jar:?]
	at org.apache.hadoop.ipc.Server$Handler.run(Server.java:2966) [hadoop-common-3.3.1.jar:?]
2022-09-28 15:55:10,357 [Time-limited test] WARN  ozone.BasicOzoneFileSystem (BasicOzoneFileSystem.java:getFileStatus(765)) - GetFileStatus failed for path /gdir1/dir9
java.io.FileNotFoundException: gdir1/dir9: No such file or directory!
	at org.apache.hadoop.fs.ozone.BasicOzoneClientAdapterImpl.getFileStatus(BasicOzoneClientAdapterImpl.java:369)
	at org.apache.hadoop.fs.ozone.BasicOzoneFileSystem.getFileStatus(BasicOzoneFileSystem.java:757)
	at org.apache.hadoop.fs.ozone.TestOzoneFileSystem.checkPath(TestOzoneFileSystem.java:504)
	at org.apache.hadoop.fs.ozone.TestOzoneFileSystem.testRecursiveDelete(TestOzoneFileSystem.java:459)
	at sun.reflect.NativeMethodAccessorImpl.invoke0(Native Method)
	at sun.reflect.NativeMethodAccessorImpl.invoke(NativeMethodAccessorImpl.java:62)
	at sun.reflect.DelegatingMethodAccessorImpl.invoke(DelegatingMethodAccessorImpl.java:43)
	at java.lang.reflect.Method.invoke(Method.java:498)
	at org.junit.runners.model.FrameworkMethod$1.runReflectiveCall(FrameworkMethod.java:59)
	at org.junit.internal.runners.model.ReflectiveCallable.run(ReflectiveCallable.java:12)
	at org.junit.runners.model.FrameworkMethod.invokeExplosively(FrameworkMethod.java:56)
	at org.junit.internal.runners.statements.InvokeMethod.evaluate(InvokeMethod.java:17)
	at org.junit.internal.runners.statements.RunAfters.evaluate(RunAfters.java:27)
	at org.junit.internal.runners.statements.FailOnTimeout$CallableStatement.call(FailOnTimeout.java:288)
	at org.junit.internal.runners.statements.FailOnTimeout$CallableStatement.call(FailOnTimeout.java:282)
	at java.util.concurrent.FutureTask.run(FutureTask.java:266)
	at java.lang.Thread.run(Thread.java:750)
15:55:10.357 [IPC Server handler 14 on default port 37257] ERROR OMAudit - user=runner | ip=127.0.0.1 | op=GET_FILE_STATUS {volume=volume14467, bucket=bucket64159, key=gdir1/dir9/child, dataSize=0, replicationConfig=null} | ret=FAILURE
org.apache.hadoop.ozone.om.exceptions.OMException: Unable to get file status: volume: volume14467 bucket: bucket64159 key: gdir1/dir9/child
	at org.apache.hadoop.ozone.om.KeyManagerImpl.getOzoneFileStatus(KeyManagerImpl.java:1324) ~[ozone-manager-1.3.0-SNAPSHOT.jar:?]
	at org.apache.hadoop.ozone.om.KeyManagerImpl.getFileStatus(KeyManagerImpl.java:1254) ~[ozone-manager-1.3.0-SNAPSHOT.jar:?]
	at org.apache.hadoop.ozone.om.OzoneManager.getFileStatus(OzoneManager.java:3506) ~[ozone-manager-1.3.0-SNAPSHOT.jar:?]
	at org.apache.hadoop.ozone.protocolPB.OzoneManagerRequestHandler.getOzoneFileStatus(OzoneManagerRequestHandler.java:882) ~[ozone-manager-1.3.0-SNAPSHOT.jar:?]
	at org.apache.hadoop.ozone.protocolPB.OzoneManagerRequestHandler.handleReadRequest(OzoneManagerRequestHandler.java:228) ~[ozone-manager-1.3.0-SNAPSHOT.jar:?]
	at org.apache.hadoop.ozone.protocolPB.OzoneManagerProtocolServerSideTranslatorPB.submitReadRequestToOM(OzoneManagerProtocolServerSideTranslatorPB.java:226) ~[ozone-manager-1.3.0-SNAPSHOT.jar:?]
	at org.apache.hadoop.ozone.protocolPB.OzoneManagerProtocolServerSideTranslatorPB.processRequest(OzoneManagerProtocolServerSideTranslatorPB.java:175) ~[ozone-manager-1.3.0-SNAPSHOT.jar:?]
	at org.apache.hadoop.hdds.server.OzoneProtocolMessageDispatcher.processRequest(OzoneProtocolMessageDispatcher.java:87) [hdds-server-framework-1.3.0-SNAPSHOT.jar:?]
	at org.apache.hadoop.ozone.protocolPB.OzoneManagerProtocolServerSideTranslatorPB.submitRequest(OzoneManagerProtocolServerSideTranslatorPB.java:147) [ozone-manager-1.3.0-SNAPSHOT.jar:?]
	at org.apache.hadoop.ozone.protocol.proto.OzoneManagerProtocolProtos$OzoneManagerService$2.callBlockingMethod(OzoneManagerProtocolProtos.java) [ozone-interface-client-1.3.0-SNAPSHOT.jar:?]
	at org.apache.hadoop.ipc.ProtobufRpcEngine$Server.processCall(ProtobufRpcEngine.java:466) [hadoop-common-3.3.1.jar:?]
	at org.apache.hadoop.ipc.ProtobufRpcEngine2$Server$ProtoBufRpcInvoker.call(ProtobufRpcEngine2.java:574) [hadoop-common-3.3.1.jar:?]
	at org.apache.hadoop.ipc.ProtobufRpcEngine2$Server$ProtoBufRpcInvoker.call(ProtobufRpcEngine2.java:552) [hadoop-common-3.3.1.jar:?]
	at org.apache.hadoop.ipc.RPC$Server.call(RPC.java:1093) [hadoop-common-3.3.1.jar:?]
	at org.apache.hadoop.ipc.Server$RpcCall.run(Server.java:1035) [hadoop-common-3.3.1.jar:?]
	at org.apache.hadoop.ipc.Server$RpcCall.run(Server.java:963) [hadoop-common-3.3.1.jar:?]
	at java.security.AccessController.doPrivileged(Native Method) ~[?:1.8.0_345]
	at javax.security.auth.Subject.doAs(Subject.java:422) [?:1.8.0_345]
	at org.apache.hadoop.security.UserGroupInformation.doAs(UserGroupInformation.java:1878) [hadoop-common-3.3.1.jar:?]
	at org.apache.hadoop.ipc.Server$Handler.run(Server.java:2966) [hadoop-common-3.3.1.jar:?]
2022-09-28 15:55:10,358 [Time-limited test] WARN  ozone.BasicOzoneFileSystem (BasicOzoneFileSystem.java:getFileStatus(765)) - GetFileStatus failed for path /gdir1/dir9/child
java.io.FileNotFoundException: gdir1/dir9/child: No such file or directory!
	at org.apache.hadoop.fs.ozone.BasicOzoneClientAdapterImpl.getFileStatus(BasicOzoneClientAdapterImpl.java:369)
	at org.apache.hadoop.fs.ozone.BasicOzoneFileSystem.getFileStatus(BasicOzoneFileSystem.java:757)
	at org.apache.hadoop.fs.ozone.TestOzoneFileSystem.checkPath(TestOzoneFileSystem.java:504)
	at org.apache.hadoop.fs.ozone.TestOzoneFileSystem.testRecursiveDelete(TestOzoneFileSystem.java:460)
	at sun.reflect.NativeMethodAccessorImpl.invoke0(Native Method)
	at sun.reflect.NativeMethodAccessorImpl.invoke(NativeMethodAccessorImpl.java:62)
	at sun.reflect.DelegatingMethodAccessorImpl.invoke(DelegatingMethodAccessorImpl.java:43)
	at java.lang.reflect.Method.invoke(Method.java:498)
	at org.junit.runners.model.FrameworkMethod$1.runReflectiveCall(FrameworkMethod.java:59)
	at org.junit.internal.runners.model.ReflectiveCallable.run(ReflectiveCallable.java:12)
	at org.junit.runners.model.FrameworkMethod.invokeExplosively(FrameworkMethod.java:56)
	at org.junit.internal.runners.statements.InvokeMethod.evaluate(InvokeMethod.java:17)
	at org.junit.internal.runners.statements.RunAfters.evaluate(RunAfters.java:27)
	at org.junit.internal.runners.statements.FailOnTimeout$CallableStatement.call(FailOnTimeout.java:288)
	at org.junit.internal.runners.statements.FailOnTimeout$CallableStatement.call(FailOnTimeout.java:282)
	at java.util.concurrent.FutureTask.run(FutureTask.java:266)
	at java.lang.Thread.run(Thread.java:750)
15:55:10.358 [IPC Server handler 2 on default port 37257] ERROR OMAudit - user=runner | ip=127.0.0.1 | op=GET_FILE_STATUS {volume=volume14467, bucket=bucket64159, key=gdir1/dir10, dataSize=0, replicationConfig=null} | ret=FAILURE
org.apache.hadoop.ozone.om.exceptions.OMException: Unable to get file status: volume: volume14467 bucket: bucket64159 key: gdir1/dir10
	at org.apache.hadoop.ozone.om.KeyManagerImpl.getOzoneFileStatus(KeyManagerImpl.java:1324) ~[ozone-manager-1.3.0-SNAPSHOT.jar:?]
	at org.apache.hadoop.ozone.om.KeyManagerImpl.getFileStatus(KeyManagerImpl.java:1254) ~[ozone-manager-1.3.0-SNAPSHOT.jar:?]
	at org.apache.hadoop.ozone.om.OzoneManager.getFileStatus(OzoneManager.java:3506) ~[ozone-manager-1.3.0-SNAPSHOT.jar:?]
	at org.apache.hadoop.ozone.protocolPB.OzoneManagerRequestHandler.getOzoneFileStatus(OzoneManagerRequestHandler.java:882) ~[ozone-manager-1.3.0-SNAPSHOT.jar:?]
	at org.apache.hadoop.ozone.protocolPB.OzoneManagerRequestHandler.handleReadRequest(OzoneManagerRequestHandler.java:228) ~[ozone-manager-1.3.0-SNAPSHOT.jar:?]
	at org.apache.hadoop.ozone.protocolPB.OzoneManagerProtocolServerSideTranslatorPB.submitReadRequestToOM(OzoneManagerProtocolServerSideTranslatorPB.java:226) ~[ozone-manager-1.3.0-SNAPSHOT.jar:?]
	at org.apache.hadoop.ozone.protocolPB.OzoneManagerProtocolServerSideTranslatorPB.processRequest(OzoneManagerProtocolServerSideTranslatorPB.java:175) ~[ozone-manager-1.3.0-SNAPSHOT.jar:?]
	at org.apache.hadoop.hdds.server.OzoneProtocolMessageDispatcher.processRequest(OzoneProtocolMessageDispatcher.java:87) [hdds-server-framework-1.3.0-SNAPSHOT.jar:?]
	at org.apache.hadoop.ozone.protocolPB.OzoneManagerProtocolServerSideTranslatorPB.submitRequest(OzoneManagerProtocolServerSideTranslatorPB.java:147) [ozone-manager-1.3.0-SNAPSHOT.jar:?]
	at org.apache.hadoop.ozone.protocol.proto.OzoneManagerProtocolProtos$OzoneManagerService$2.callBlockingMethod(OzoneManagerProtocolProtos.java) [ozone-interface-client-1.3.0-SNAPSHOT.jar:?]
	at org.apache.hadoop.ipc.ProtobufRpcEngine$Server.processCall(ProtobufRpcEngine.java:466) [hadoop-common-3.3.1.jar:?]
	at org.apache.hadoop.ipc.ProtobufRpcEngine2$Server$ProtoBufRpcInvoker.call(ProtobufRpcEngine2.java:574) [hadoop-common-3.3.1.jar:?]
	at org.apache.hadoop.ipc.ProtobufRpcEngine2$Server$ProtoBufRpcInvoker.call(ProtobufRpcEngine2.java:552) [hadoop-common-3.3.1.jar:?]
	at org.apache.hadoop.ipc.RPC$Server.call(RPC.java:1093) [hadoop-common-3.3.1.jar:?]
	at org.apache.hadoop.ipc.Server$RpcCall.run(Server.java:1035) [hadoop-common-3.3.1.jar:?]
	at org.apache.hadoop.ipc.Server$RpcCall.run(Server.java:963) [hadoop-common-3.3.1.jar:?]
	at java.security.AccessController.doPrivileged(Native Method) ~[?:1.8.0_345]
	at javax.security.auth.Subject.doAs(Subject.java:422) [?:1.8.0_345]
	at org.apache.hadoop.security.UserGroupInformation.doAs(UserGroupInformation.java:1878) [hadoop-common-3.3.1.jar:?]
	at org.apache.hadoop.ipc.Server$Handler.run(Server.java:2966) [hadoop-common-3.3.1.jar:?]
2022-09-28 15:55:10,359 [Time-limited test] WARN  ozone.BasicOzoneFileSystem (BasicOzoneFileSystem.java:getFileStatus(765)) - GetFileStatus failed for path /gdir1/dir10
java.io.FileNotFoundException: gdir1/dir10: No such file or directory!
	at org.apache.hadoop.fs.ozone.BasicOzoneClientAdapterImpl.getFileStatus(BasicOzoneClientAdapterImpl.java:369)
	at org.apache.hadoop.fs.ozone.BasicOzoneFileSystem.getFileStatus(BasicOzoneFileSystem.java:757)
	at org.apache.hadoop.fs.ozone.TestOzoneFileSystem.checkPath(TestOzoneFileSystem.java:504)
	at org.apache.hadoop.fs.ozone.TestOzoneFileSystem.testRecursiveDelete(TestOzoneFileSystem.java:459)
	at sun.reflect.NativeMethodAccessorImpl.invoke0(Native Method)
	at sun.reflect.NativeMethodAccessorImpl.invoke(NativeMethodAccessorImpl.java:62)
	at sun.reflect.DelegatingMethodAccessorImpl.invoke(DelegatingMethodAccessorImpl.java:43)
	at java.lang.reflect.Method.invoke(Method.java:498)
	at org.junit.runners.model.FrameworkMethod$1.runReflectiveCall(FrameworkMethod.java:59)
	at org.junit.internal.runners.model.ReflectiveCallable.run(ReflectiveCallable.java:12)
	at org.junit.runners.model.FrameworkMethod.invokeExplosively(FrameworkMethod.java:56)
	at org.junit.internal.runners.statements.InvokeMethod.evaluate(InvokeMethod.java:17)
	at org.junit.internal.runners.statements.RunAfters.evaluate(RunAfters.java:27)
	at org.junit.internal.runners.statements.FailOnTimeout$CallableStatement.call(FailOnTimeout.java:288)
	at org.junit.internal.runners.statements.FailOnTimeout$CallableStatement.call(FailOnTimeout.java:282)
	at java.util.concurrent.FutureTask.run(FutureTask.java:266)
	at java.lang.Thread.run(Thread.java:750)
15:55:10.363 [IPC Server handler 0 on default port 37257] ERROR OMAudit - user=runner | ip=127.0.0.1 | op=GET_FILE_STATUS {volume=volume14467, bucket=bucket64159, key=gdir1/dir10/child, dataSize=0, replicationConfig=null} | ret=FAILURE
org.apache.hadoop.ozone.om.exceptions.OMException: Unable to get file status: volume: volume14467 bucket: bucket64159 key: gdir1/dir10/child
	at org.apache.hadoop.ozone.om.KeyManagerImpl.getOzoneFileStatus(KeyManagerImpl.java:1324) ~[ozone-manager-1.3.0-SNAPSHOT.jar:?]
	at org.apache.hadoop.ozone.om.KeyManagerImpl.getFileStatus(KeyManagerImpl.java:1254) ~[ozone-manager-1.3.0-SNAPSHOT.jar:?]
	at org.apache.hadoop.ozone.om.OzoneManager.getFileStatus(OzoneManager.java:3506) ~[ozone-manager-1.3.0-SNAPSHOT.jar:?]
	at org.apache.hadoop.ozone.protocolPB.OzoneManagerRequestHandler.getOzoneFileStatus(OzoneManagerRequestHandler.java:882) ~[ozone-manager-1.3.0-SNAPSHOT.jar:?]
	at org.apache.hadoop.ozone.protocolPB.OzoneManagerRequestHandler.handleReadRequest(OzoneManagerRequestHandler.java:228) ~[ozone-manager-1.3.0-SNAPSHOT.jar:?]
	at org.apache.hadoop.ozone.protocolPB.OzoneManagerProtocolServerSideTranslatorPB.submitReadRequestToOM(OzoneManagerProtocolServerSideTranslatorPB.java:226) ~[ozone-manager-1.3.0-SNAPSHOT.jar:?]
	at org.apache.hadoop.ozone.protocolPB.OzoneManagerProtocolServerSideTranslatorPB.processRequest(OzoneManagerProtocolServerSideTranslatorPB.java:175) ~[ozone-manager-1.3.0-SNAPSHOT.jar:?]
	at org.apache.hadoop.hdds.server.OzoneProtocolMessageDispatcher.processRequest(OzoneProtocolMessageDispatcher.java:87) [hdds-server-framework-1.3.0-SNAPSHOT.jar:?]
	at org.apache.hadoop.ozone.protocolPB.OzoneManagerProtocolServerSideTranslatorPB.submitRequest(OzoneManagerProtocolServerSideTranslatorPB.java:147) [ozone-manager-1.3.0-SNAPSHOT.jar:?]
	at org.apache.hadoop.ozone.protocol.proto.OzoneManagerProtocolProtos$OzoneManagerService$2.callBlockingMethod(OzoneManagerProtocolProtos.java) [ozone-interface-client-1.3.0-SNAPSHOT.jar:?]
	at org.apache.hadoop.ipc.ProtobufRpcEngine$Server.processCall(ProtobufRpcEngine.java:466) [hadoop-common-3.3.1.jar:?]
	at org.apache.hadoop.ipc.ProtobufRpcEngine2$Server$ProtoBufRpcInvoker.call(ProtobufRpcEngine2.java:574) [hadoop-common-3.3.1.jar:?]
	at org.apache.hadoop.ipc.ProtobufRpcEngine2$Server$ProtoBufRpcInvoker.call(ProtobufRpcEngine2.java:552) [hadoop-common-3.3.1.jar:?]
	at org.apache.hadoop.ipc.RPC$Server.call(RPC.java:1093) [hadoop-common-3.3.1.jar:?]
	at org.apache.hadoop.ipc.Server$RpcCall.run(Server.java:1035) [hadoop-common-3.3.1.jar:?]
	at org.apache.hadoop.ipc.Server$RpcCall.run(Server.java:963) [hadoop-common-3.3.1.jar:?]
	at java.security.AccessController.doPrivileged(Native Method) ~[?:1.8.0_345]
	at javax.security.auth.Subject.doAs(Subject.java:422) [?:1.8.0_345]
	at org.apache.hadoop.security.UserGroupInformation.doAs(UserGroupInformation.java:1878) [hadoop-common-3.3.1.jar:?]
	at org.apache.hadoop.ipc.Server$Handler.run(Server.java:2966) [hadoop-common-3.3.1.jar:?]
2022-09-28 15:55:10,365 [Time-limited test] WARN  ozone.BasicOzoneFileSystem (BasicOzoneFileSystem.java:getFileStatus(765)) - GetFileStatus failed for path /gdir1/dir10/child
java.io.FileNotFoundException: gdir1/dir10/child: No such file or directory!
	at org.apache.hadoop.fs.ozone.BasicOzoneClientAdapterImpl.getFileStatus(BasicOzoneClientAdapterImpl.java:369)
	at org.apache.hadoop.fs.ozone.BasicOzoneFileSystem.getFileStatus(BasicOzoneFileSystem.java:757)
	at org.apache.hadoop.fs.ozone.TestOzoneFileSystem.checkPath(TestOzoneFileSystem.java:504)
	at org.apache.hadoop.fs.ozone.TestOzoneFileSystem.testRecursiveDelete(TestOzoneFileSystem.java:460)
	at sun.reflect.NativeMethodAccessorImpl.invoke0(Native Method)
	at sun.reflect.NativeMethodAccessorImpl.invoke(NativeMethodAccessorImpl.java:62)
	at sun.reflect.DelegatingMethodAccessorImpl.invoke(DelegatingMethodAccessorImpl.java:43)
	at java.lang.reflect.Method.invoke(Method.java:498)
	at org.junit.runners.model.FrameworkMethod$1.runReflectiveCall(FrameworkMethod.java:59)
	at org.junit.internal.runners.model.ReflectiveCallable.run(ReflectiveCallable.java:12)
	at org.junit.runners.model.FrameworkMethod.invokeExplosively(FrameworkMethod.java:56)
	at org.junit.internal.runners.statements.InvokeMethod.evaluate(InvokeMethod.java:17)
	at org.junit.internal.runners.statements.RunAfters.evaluate(RunAfters.java:27)
	at org.junit.internal.runners.statements.FailOnTimeout$CallableStatement.call(FailOnTimeout.java:288)
	at org.junit.internal.runners.statements.FailOnTimeout$CallableStatement.call(FailOnTimeout.java:282)
	at java.util.concurrent.FutureTask.run(FutureTask.java:266)
	at java.lang.Thread.run(Thread.java:750)
15:55:10.414 [IPC Server handler 12 on default port 37257] ERROR OMAudit - user=runner | ip=127.0.0.1 | op=GET_FILE_STATUS {volume=volume14467, bucket=bucket64159, key=level0, dataSize=0, replicationConfig=null} | ret=FAILURE
org.apache.hadoop.ozone.om.exceptions.OMException: Unable to get file status: volume: volume14467 bucket: bucket64159 key: level0
	at org.apache.hadoop.ozone.om.KeyManagerImpl.getOzoneFileStatus(KeyManagerImpl.java:1324) ~[ozone-manager-1.3.0-SNAPSHOT.jar:?]
	at org.apache.hadoop.ozone.om.KeyManagerImpl.getFileStatus(KeyManagerImpl.java:1254) ~[ozone-manager-1.3.0-SNAPSHOT.jar:?]
	at org.apache.hadoop.ozone.om.OzoneManager.getFileStatus(OzoneManager.java:3506) ~[ozone-manager-1.3.0-SNAPSHOT.jar:?]
	at org.apache.hadoop.ozone.protocolPB.OzoneManagerRequestHandler.getOzoneFileStatus(OzoneManagerRequestHandler.java:882) ~[ozone-manager-1.3.0-SNAPSHOT.jar:?]
	at org.apache.hadoop.ozone.protocolPB.OzoneManagerRequestHandler.handleReadRequest(OzoneManagerRequestHandler.java:228) ~[ozone-manager-1.3.0-SNAPSHOT.jar:?]
	at org.apache.hadoop.ozone.protocolPB.OzoneManagerProtocolServerSideTranslatorPB.submitReadRequestToOM(OzoneManagerProtocolServerSideTranslatorPB.java:226) ~[ozone-manager-1.3.0-SNAPSHOT.jar:?]
	at org.apache.hadoop.ozone.protocolPB.OzoneManagerProtocolServerSideTranslatorPB.processRequest(OzoneManagerProtocolServerSideTranslatorPB.java:175) ~[ozone-manager-1.3.0-SNAPSHOT.jar:?]
	at org.apache.hadoop.hdds.server.OzoneProtocolMessageDispatcher.processRequest(OzoneProtocolMessageDispatcher.java:87) [hdds-server-framework-1.3.0-SNAPSHOT.jar:?]
	at org.apache.hadoop.ozone.protocolPB.OzoneManagerProtocolServerSideTranslatorPB.submitRequest(OzoneManagerProtocolServerSideTranslatorPB.java:147) [ozone-manager-1.3.0-SNAPSHOT.jar:?]
	at org.apache.hadoop.ozone.protocol.proto.OzoneManagerProtocolProtos$OzoneManagerService$2.callBlockingMethod(OzoneManagerProtocolProtos.java) [ozone-interface-client-1.3.0-SNAPSHOT.jar:?]
	at org.apache.hadoop.ipc.ProtobufRpcEngine$Server.processCall(ProtobufRpcEngine.java:466) [hadoop-common-3.3.1.jar:?]
	at org.apache.hadoop.ipc.ProtobufRpcEngine2$Server$ProtoBufRpcInvoker.call(ProtobufRpcEngine2.java:574) [hadoop-common-3.3.1.jar:?]
	at org.apache.hadoop.ipc.ProtobufRpcEngine2$Server$ProtoBufRpcInvoker.call(ProtobufRpcEngine2.java:552) [hadoop-common-3.3.1.jar:?]
	at org.apache.hadoop.ipc.RPC$Server.call(RPC.java:1093) [hadoop-common-3.3.1.jar:?]
	at org.apache.hadoop.ipc.Server$RpcCall.run(Server.java:1035) [hadoop-common-3.3.1.jar:?]
	at org.apache.hadoop.ipc.Server$RpcCall.run(Server.java:963) [hadoop-common-3.3.1.jar:?]
	at java.security.AccessController.doPrivileged(Native Method) ~[?:1.8.0_345]
	at javax.security.auth.Subject.doAs(Subject.java:422) [?:1.8.0_345]
	at org.apache.hadoop.security.UserGroupInformation.doAs(UserGroupInformation.java:1878) [hadoop-common-3.3.1.jar:?]
	at org.apache.hadoop.ipc.Server$Handler.run(Server.java:2966) [hadoop-common-3.3.1.jar:?]
2022-09-28 15:55:10,415 [Time-limited test] WARN  ozone.BasicOzoneFileSystem (BasicOzoneFileSystem.java:getFileStatus(765)) - GetFileStatus failed for path /level0
java.io.FileNotFoundException: level0: No such file or directory!
	at org.apache.hadoop.fs.ozone.BasicOzoneClientAdapterImpl.getFileStatus(BasicOzoneClientAdapterImpl.java:369)
	at org.apache.hadoop.fs.ozone.BasicOzoneFileSystem.getFileStatus(BasicOzoneFileSystem.java:757)
	at org.apache.hadoop.fs.ozone.TestOzoneFileSystem.checkPath(TestOzoneFileSystem.java:504)
	at org.apache.hadoop.fs.ozone.TestOzoneFileSystem.testRecursiveDelete(TestOzoneFileSystem.java:488)
	at sun.reflect.NativeMethodAccessorImpl.invoke0(Native Method)
	at sun.reflect.NativeMethodAccessorImpl.invoke(NativeMethodAccessorImpl.java:62)
	at sun.reflect.DelegatingMethodAccessorImpl.invoke(DelegatingMethodAccessorImpl.java:43)
	at java.lang.reflect.Method.invoke(Method.java:498)
	at org.junit.runners.model.FrameworkMethod$1.runReflectiveCall(FrameworkMethod.java:59)
	at org.junit.internal.runners.model.ReflectiveCallable.run(ReflectiveCallable.java:12)
	at org.junit.runners.model.FrameworkMethod.invokeExplosively(FrameworkMethod.java:56)
	at org.junit.internal.runners.statements.InvokeMethod.evaluate(InvokeMethod.java:17)
	at org.junit.internal.runners.statements.RunAfters.evaluate(RunAfters.java:27)
	at org.junit.internal.runners.statements.FailOnTimeout$CallableStatement.call(FailOnTimeout.java:288)
	at org.junit.internal.runners.statements.FailOnTimeout$CallableStatement.call(FailOnTimeout.java:282)
	at java.util.concurrent.FutureTask.run(FutureTask.java:266)
	at java.lang.Thread.run(Thread.java:750)
15:55:10.415 [IPC Server handler 5 on default port 37257] ERROR OMAudit - user=runner | ip=127.0.0.1 | op=GET_FILE_STATUS {volume=volume14467, bucket=bucket64159, key=level0/level1, dataSize=0, replicationConfig=null} | ret=FAILURE
org.apache.hadoop.ozone.om.exceptions.OMException: Unable to get file status: volume: volume14467 bucket: bucket64159 key: level0/level1
	at org.apache.hadoop.ozone.om.KeyManagerImpl.getOzoneFileStatus(KeyManagerImpl.java:1324) ~[ozone-manager-1.3.0-SNAPSHOT.jar:?]
	at org.apache.hadoop.ozone.om.KeyManagerImpl.getFileStatus(KeyManagerImpl.java:1254) ~[ozone-manager-1.3.0-SNAPSHOT.jar:?]
	at org.apache.hadoop.ozone.om.OzoneManager.getFileStatus(OzoneManager.java:3506) ~[ozone-manager-1.3.0-SNAPSHOT.jar:?]
	at org.apache.hadoop.ozone.protocolPB.OzoneManagerRequestHandler.getOzoneFileStatus(OzoneManagerRequestHandler.java:882) ~[ozone-manager-1.3.0-SNAPSHOT.jar:?]
	at org.apache.hadoop.ozone.protocolPB.OzoneManagerRequestHandler.handleReadRequest(OzoneManagerRequestHandler.java:228) ~[ozone-manager-1.3.0-SNAPSHOT.jar:?]
	at org.apache.hadoop.ozone.protocolPB.OzoneManagerProtocolServerSideTranslatorPB.submitReadRequestToOM(OzoneManagerProtocolServerSideTranslatorPB.java:226) ~[ozone-manager-1.3.0-SNAPSHOT.jar:?]
	at org.apache.hadoop.ozone.protocolPB.OzoneManagerProtocolServerSideTranslatorPB.processRequest(OzoneManagerProtocolServerSideTranslatorPB.java:175) ~[ozone-manager-1.3.0-SNAPSHOT.jar:?]
	at org.apache.hadoop.hdds.server.OzoneProtocolMessageDispatcher.processRequest(OzoneProtocolMessageDispatcher.java:87) [hdds-server-framework-1.3.0-SNAPSHOT.jar:?]
	at org.apache.hadoop.ozone.protocolPB.OzoneManagerProtocolServerSideTranslatorPB.submitRequest(OzoneManagerProtocolServerSideTranslatorPB.java:147) [ozone-manager-1.3.0-SNAPSHOT.jar:?]
	at org.apache.hadoop.ozone.protocol.proto.OzoneManagerProtocolProtos$OzoneManagerService$2.callBlockingMethod(OzoneManagerProtocolProtos.java) [ozone-interface-client-1.3.0-SNAPSHOT.jar:?]
	at org.apache.hadoop.ipc.ProtobufRpcEngine$Server.processCall(ProtobufRpcEngine.java:466) [hadoop-common-3.3.1.jar:?]
	at org.apache.hadoop.ipc.ProtobufRpcEngine2$Server$ProtoBufRpcInvoker.call(ProtobufRpcEngine2.java:574) [hadoop-common-3.3.1.jar:?]
	at org.apache.hadoop.ipc.ProtobufRpcEngine2$Server$ProtoBufRpcInvoker.call(ProtobufRpcEngine2.java:552) [hadoop-common-3.3.1.jar:?]
	at org.apache.hadoop.ipc.RPC$Server.call(RPC.java:1093) [hadoop-common-3.3.1.jar:?]
	at org.apache.hadoop.ipc.Server$RpcCall.run(Server.java:1035) [hadoop-common-3.3.1.jar:?]
	at org.apache.hadoop.ipc.Server$RpcCall.run(Server.java:963) [hadoop-common-3.3.1.jar:?]
	at java.security.AccessController.doPrivileged(Native Method) ~[?:1.8.0_345]
	at javax.security.auth.Subject.doAs(Subject.java:422) [?:1.8.0_345]
	at org.apache.hadoop.security.UserGroupInformation.doAs(UserGroupInformation.java:1878) [hadoop-common-3.3.1.jar:?]
	at org.apache.hadoop.ipc.Server$Handler.run(Server.java:2966) [hadoop-common-3.3.1.jar:?]
2022-09-28 15:55:10,416 [Time-limited test] WARN  ozone.BasicOzoneFileSystem (BasicOzoneFileSystem.java:getFileStatus(765)) - GetFileStatus failed for path /level0/level1
java.io.FileNotFoundException: level0/level1: No such file or directory!
	at org.apache.hadoop.fs.ozone.BasicOzoneClientAdapterImpl.getFileStatus(BasicOzoneClientAdapterImpl.java:369)
	at org.apache.hadoop.fs.ozone.BasicOzoneFileSystem.getFileStatus(BasicOzoneFileSystem.java:757)
	at org.apache.hadoop.fs.ozone.TestOzoneFileSystem.checkPath(TestOzoneFileSystem.java:504)
	at org.apache.hadoop.fs.ozone.TestOzoneFileSystem.testRecursiveDelete(TestOzoneFileSystem.java:495)
	at sun.reflect.NativeMethodAccessorImpl.invoke0(Native Method)
	at sun.reflect.NativeMethodAccessorImpl.invoke(NativeMethodAccessorImpl.java:62)
	at sun.reflect.DelegatingMethodAccessorImpl.invoke(DelegatingMethodAccessorImpl.java:43)
	at java.lang.reflect.Method.invoke(Method.java:498)
	at org.junit.runners.model.FrameworkMethod$1.runReflectiveCall(FrameworkMethod.java:59)
	at org.junit.internal.runners.model.ReflectiveCallable.run(ReflectiveCallable.java:12)
	at org.junit.runners.model.FrameworkMethod.invokeExplosively(FrameworkMethod.java:56)
	at org.junit.internal.runners.statements.InvokeMethod.evaluate(InvokeMethod.java:17)
	at org.junit.internal.runners.statements.RunAfters.evaluate(RunAfters.java:27)
	at org.junit.internal.runners.statements.FailOnTimeout$CallableStatement.call(FailOnTimeout.java:288)
	at org.junit.internal.runners.statements.FailOnTimeout$CallableStatement.call(FailOnTimeout.java:282)
	at java.util.concurrent.FutureTask.run(FutureTask.java:266)
	at java.lang.Thread.run(Thread.java:750)
15:55:10.416 [IPC Server handler 13 on default port 37257] ERROR OMAudit - user=runner | ip=127.0.0.1 | op=GET_FILE_STATUS {volume=volume14467, bucket=bucket64159, key=level0/level1/level1, dataSize=0, replicationConfig=null} | ret=FAILURE
org.apache.hadoop.ozone.om.exceptions.OMException: Unable to get file status: volume: volume14467 bucket: bucket64159 key: level0/level1/level1
	at org.apache.hadoop.ozone.om.KeyManagerImpl.getOzoneFileStatus(KeyManagerImpl.java:1324) ~[ozone-manager-1.3.0-SNAPSHOT.jar:?]
	at org.apache.hadoop.ozone.om.KeyManagerImpl.getFileStatus(KeyManagerImpl.java:1254) ~[ozone-manager-1.3.0-SNAPSHOT.jar:?]
	at org.apache.hadoop.ozone.om.OzoneManager.getFileStatus(OzoneManager.java:3506) ~[ozone-manager-1.3.0-SNAPSHOT.jar:?]
	at org.apache.hadoop.ozone.protocolPB.OzoneManagerRequestHandler.getOzoneFileStatus(OzoneManagerRequestHandler.java:882) ~[ozone-manager-1.3.0-SNAPSHOT.jar:?]
	at org.apache.hadoop.ozone.protocolPB.OzoneManagerRequestHandler.handleReadRequest(OzoneManagerRequestHandler.java:228) ~[ozone-manager-1.3.0-SNAPSHOT.jar:?]
	at org.apache.hadoop.ozone.protocolPB.OzoneManagerProtocolServerSideTranslatorPB.submitReadRequestToOM(OzoneManagerProtocolServerSideTranslatorPB.java:226) ~[ozone-manager-1.3.0-SNAPSHOT.jar:?]
	at org.apache.hadoop.ozone.protocolPB.OzoneManagerProtocolServerSideTranslatorPB.processRequest(OzoneManagerProtocolServerSideTranslatorPB.java:175) ~[ozone-manager-1.3.0-SNAPSHOT.jar:?]
	at org.apache.hadoop.hdds.server.OzoneProtocolMessageDispatcher.processRequest(OzoneProtocolMessageDispatcher.java:87) [hdds-server-framework-1.3.0-SNAPSHOT.jar:?]
	at org.apache.hadoop.ozone.protocolPB.OzoneManagerProtocolServerSideTranslatorPB.submitRequest(OzoneManagerProtocolServerSideTranslatorPB.java:147) [ozone-manager-1.3.0-SNAPSHOT.jar:?]
	at org.apache.hadoop.ozone.protocol.proto.OzoneManagerProtocolProtos$OzoneManagerService$2.callBlockingMethod(OzoneManagerProtocolProtos.java) [ozone-interface-client-1.3.0-SNAPSHOT.jar:?]
	at org.apache.hadoop.ipc.ProtobufRpcEngine$Server.processCall(ProtobufRpcEngine.java:466) [hadoop-common-3.3.1.jar:?]
	at org.apache.hadoop.ipc.ProtobufRpcEngine2$Server$ProtoBufRpcInvoker.call(ProtobufRpcEngine2.java:574) [hadoop-common-3.3.1.jar:?]
	at org.apache.hadoop.ipc.ProtobufRpcEngine2$Server$ProtoBufRpcInvoker.call(ProtobufRpcEngine2.java:552) [hadoop-common-3.3.1.jar:?]
	at org.apache.hadoop.ipc.RPC$Server.call(RPC.java:1093) [hadoop-common-3.3.1.jar:?]
	at org.apache.hadoop.ipc.Server$RpcCall.run(Server.java:1035) [hadoop-common-3.3.1.jar:?]
	at org.apache.hadoop.ipc.Server$RpcCall.run(Server.java:963) [hadoop-common-3.3.1.jar:?]
	at java.security.AccessController.doPrivileged(Native Method) ~[?:1.8.0_345]
	at javax.security.auth.Subject.doAs(Subject.java:422) [?:1.8.0_345]
	at org.apache.hadoop.security.UserGroupInformation.doAs(UserGroupInformation.java:1878) [hadoop-common-3.3.1.jar:?]
	at org.apache.hadoop.ipc.Server$Handler.run(Server.java:2966) [hadoop-common-3.3.1.jar:?]
2022-09-28 15:55:10,416 [Time-limited test] WARN  ozone.BasicOzoneFileSystem (BasicOzoneFileSystem.java:getFileStatus(765)) - GetFileStatus failed for path /level0/level1/level1
java.io.FileNotFoundException: level0/level1/level1: No such file or directory!
	at org.apache.hadoop.fs.ozone.BasicOzoneClientAdapterImpl.getFileStatus(BasicOzoneClientAdapterImpl.java:369)
	at org.apache.hadoop.fs.ozone.BasicOzoneFileSystem.getFileStatus(BasicOzoneFileSystem.java:757)
	at org.apache.hadoop.fs.ozone.TestOzoneFileSystem.checkPath(TestOzoneFileSystem.java:504)
	at org.apache.hadoop.fs.ozone.TestOzoneFileSystem.testRecursiveDelete(TestOzoneFileSystem.java:496)
	at sun.reflect.NativeMethodAccessorImpl.invoke0(Native Method)
	at sun.reflect.NativeMethodAccessorImpl.invoke(NativeMethodAccessorImpl.java:62)
	at sun.reflect.DelegatingMethodAccessorImpl.invoke(DelegatingMethodAccessorImpl.java:43)
	at java.lang.reflect.Method.invoke(Method.java:498)
	at org.junit.runners.model.FrameworkMethod$1.runReflectiveCall(FrameworkMethod.java:59)
	at org.junit.internal.runners.model.ReflectiveCallable.run(ReflectiveCallable.java:12)
	at org.junit.runners.model.FrameworkMethod.invokeExplosively(FrameworkMethod.java:56)
	at org.junit.internal.runners.statements.InvokeMethod.evaluate(InvokeMethod.java:17)
	at org.junit.internal.runners.statements.RunAfters.evaluate(RunAfters.java:27)
	at org.junit.internal.runners.statements.FailOnTimeout$CallableStatement.call(FailOnTimeout.java:288)
	at org.junit.internal.runners.statements.FailOnTimeout$CallableStatement.call(FailOnTimeout.java:282)
	at java.util.concurrent.FutureTask.run(FutureTask.java:266)
	at java.lang.Thread.run(Thread.java:750)
15:55:10.417 [IPC Server handler 6 on default port 37257] ERROR OMAudit - user=runner | ip=127.0.0.1 | op=GET_FILE_STATUS {volume=volume14467, bucket=bucket64159, key=level0/level1/file1, dataSize=0, replicationConfig=null} | ret=FAILURE
org.apache.hadoop.ozone.om.exceptions.OMException: Unable to get file status: volume: volume14467 bucket: bucket64159 key: level0/level1/file1
	at org.apache.hadoop.ozone.om.KeyManagerImpl.getOzoneFileStatus(KeyManagerImpl.java:1324) ~[ozone-manager-1.3.0-SNAPSHOT.jar:?]
	at org.apache.hadoop.ozone.om.KeyManagerImpl.getFileStatus(KeyManagerImpl.java:1254) ~[ozone-manager-1.3.0-SNAPSHOT.jar:?]
	at org.apache.hadoop.ozone.om.OzoneManager.getFileStatus(OzoneManager.java:3506) ~[ozone-manager-1.3.0-SNAPSHOT.jar:?]
	at org.apache.hadoop.ozone.protocolPB.OzoneManagerRequestHandler.getOzoneFileStatus(OzoneManagerRequestHandler.java:882) ~[ozone-manager-1.3.0-SNAPSHOT.jar:?]
	at org.apache.hadoop.ozone.protocolPB.OzoneManagerRequestHandler.handleReadRequest(OzoneManagerRequestHandler.java:228) ~[ozone-manager-1.3.0-SNAPSHOT.jar:?]
	at org.apache.hadoop.ozone.protocolPB.OzoneManagerProtocolServerSideTranslatorPB.submitReadRequestToOM(OzoneManagerProtocolServerSideTranslatorPB.java:226) ~[ozone-manager-1.3.0-SNAPSHOT.jar:?]
	at org.apache.hadoop.ozone.protocolPB.OzoneManagerProtocolServerSideTranslatorPB.processRequest(OzoneManagerProtocolServerSideTranslatorPB.java:175) ~[ozone-manager-1.3.0-SNAPSHOT.jar:?]
	at org.apache.hadoop.hdds.server.OzoneProtocolMessageDispatcher.processRequest(OzoneProtocolMessageDispatcher.java:87) [hdds-server-framework-1.3.0-SNAPSHOT.jar:?]
	at org.apache.hadoop.ozone.protocolPB.OzoneManagerProtocolServerSideTranslatorPB.submitRequest(OzoneManagerProtocolServerSideTranslatorPB.java:147) [ozone-manager-1.3.0-SNAPSHOT.jar:?]
	at org.apache.hadoop.ozone.protocol.proto.OzoneManagerProtocolProtos$OzoneManagerService$2.callBlockingMethod(OzoneManagerProtocolProtos.java) [ozone-interface-client-1.3.0-SNAPSHOT.jar:?]
	at org.apache.hadoop.ipc.ProtobufRpcEngine$Server.processCall(ProtobufRpcEngine.java:466) [hadoop-common-3.3.1.jar:?]
	at org.apache.hadoop.ipc.ProtobufRpcEngine2$Server$ProtoBufRpcInvoker.call(ProtobufRpcEngine2.java:574) [hadoop-common-3.3.1.jar:?]
	at org.apache.hadoop.ipc.ProtobufRpcEngine2$Server$ProtoBufRpcInvoker.call(ProtobufRpcEngine2.java:552) [hadoop-common-3.3.1.jar:?]
	at org.apache.hadoop.ipc.RPC$Server.call(RPC.java:1093) [hadoop-common-3.3.1.jar:?]
	at org.apache.hadoop.ipc.Server$RpcCall.run(Server.java:1035) [hadoop-common-3.3.1.jar:?]
	at org.apache.hadoop.ipc.Server$RpcCall.run(Server.java:963) [hadoop-common-3.3.1.jar:?]
	at java.security.AccessController.doPrivileged(Native Method) ~[?:1.8.0_345]
	at javax.security.auth.Subject.doAs(Subject.java:422) [?:1.8.0_345]
	at org.apache.hadoop.security.UserGroupInformation.doAs(UserGroupInformation.java:1878) [hadoop-common-3.3.1.jar:?]
	at org.apache.hadoop.ipc.Server$Handler.run(Server.java:2966) [hadoop-common-3.3.1.jar:?]
2022-09-28 15:55:10,417 [Time-limited test] WARN  ozone.BasicOzoneFileSystem (BasicOzoneFileSystem.java:getFileStatus(765)) - GetFileStatus failed for path /level0/level1/file1
java.io.FileNotFoundException: level0/level1/file1: No such file or directory!
	at org.apache.hadoop.fs.ozone.BasicOzoneClientAdapterImpl.getFileStatus(BasicOzoneClientAdapterImpl.java:369)
	at org.apache.hadoop.fs.ozone.BasicOzoneFileSystem.getFileStatus(BasicOzoneFileSystem.java:757)
	at org.apache.hadoop.fs.ozone.TestOzoneFileSystem.checkPath(TestOzoneFileSystem.java:504)
	at org.apache.hadoop.fs.ozone.TestOzoneFileSystem.testRecursiveDelete(TestOzoneFileSystem.java:497)
	at sun.reflect.NativeMethodAccessorImpl.invoke0(Native Method)
	at sun.reflect.NativeMethodAccessorImpl.invoke(NativeMethodAccessorImpl.java:62)
	at sun.reflect.DelegatingMethodAccessorImpl.invoke(DelegatingMethodAccessorImpl.java:43)
	at java.lang.reflect.Method.invoke(Method.java:498)
	at org.junit.runners.model.FrameworkMethod$1.runReflectiveCall(FrameworkMethod.java:59)
	at org.junit.internal.runners.model.ReflectiveCallable.run(ReflectiveCallable.java:12)
	at org.junit.runners.model.FrameworkMethod.invokeExplosively(FrameworkMethod.java:56)
	at org.junit.internal.runners.statements.InvokeMethod.evaluate(InvokeMethod.java:17)
	at org.junit.internal.runners.statements.RunAfters.evaluate(RunAfters.java:27)
	at org.junit.internal.runners.statements.FailOnTimeout$CallableStatement.call(FailOnTimeout.java:288)
	at org.junit.internal.runners.statements.FailOnTimeout$CallableStatement.call(FailOnTimeout.java:282)
	at java.util.concurrent.FutureTask.run(FutureTask.java:266)
	at java.lang.Thread.run(Thread.java:750)
15:55:10.418 [IPC Server handler 14 on default port 37257] ERROR OMAudit - user=runner | ip=127.0.0.1 | op=GET_FILE_STATUS {volume=volume14467, bucket=bucket64159, key=level0/level1/level1/file1, dataSize=0, replicationConfig=null} | ret=FAILURE
org.apache.hadoop.ozone.om.exceptions.OMException: Unable to get file status: volume: volume14467 bucket: bucket64159 key: level0/level1/level1/file1
	at org.apache.hadoop.ozone.om.KeyManagerImpl.getOzoneFileStatus(KeyManagerImpl.java:1324) ~[ozone-manager-1.3.0-SNAPSHOT.jar:?]
	at org.apache.hadoop.ozone.om.KeyManagerImpl.getFileStatus(KeyManagerImpl.java:1254) ~[ozone-manager-1.3.0-SNAPSHOT.jar:?]
	at org.apache.hadoop.ozone.om.OzoneManager.getFileStatus(OzoneManager.java:3506) ~[ozone-manager-1.3.0-SNAPSHOT.jar:?]
	at org.apache.hadoop.ozone.protocolPB.OzoneManagerRequestHandler.getOzoneFileStatus(OzoneManagerRequestHandler.java:882) ~[ozone-manager-1.3.0-SNAPSHOT.jar:?]
	at org.apache.hadoop.ozone.protocolPB.OzoneManagerRequestHandler.handleReadRequest(OzoneManagerRequestHandler.java:228) ~[ozone-manager-1.3.0-SNAPSHOT.jar:?]
	at org.apache.hadoop.ozone.protocolPB.OzoneManagerProtocolServerSideTranslatorPB.submitReadRequestToOM(OzoneManagerProtocolServerSideTranslatorPB.java:226) ~[ozone-manager-1.3.0-SNAPSHOT.jar:?]
	at org.apache.hadoop.ozone.protocolPB.OzoneManagerProtocolServerSideTranslatorPB.processRequest(OzoneManagerProtocolServerSideTranslatorPB.java:175) ~[ozone-manager-1.3.0-SNAPSHOT.jar:?]
	at org.apache.hadoop.hdds.server.OzoneProtocolMessageDispatcher.processRequest(OzoneProtocolMessageDispatcher.java:87) [hdds-server-framework-1.3.0-SNAPSHOT.jar:?]
	at org.apache.hadoop.ozone.protocolPB.OzoneManagerProtocolServerSideTranslatorPB.submitRequest(OzoneManagerProtocolServerSideTranslatorPB.java:147) [ozone-manager-1.3.0-SNAPSHOT.jar:?]
	at org.apache.hadoop.ozone.protocol.proto.OzoneManagerProtocolProtos$OzoneManagerService$2.callBlockingMethod(OzoneManagerProtocolProtos.java) [ozone-interface-client-1.3.0-SNAPSHOT.jar:?]
	at org.apache.hadoop.ipc.ProtobufRpcEngine$Server.processCall(ProtobufRpcEngine.java:466) [hadoop-common-3.3.1.jar:?]
	at org.apache.hadoop.ipc.ProtobufRpcEngine2$Server$ProtoBufRpcInvoker.call(ProtobufRpcEngine2.java:574) [hadoop-common-3.3.1.jar:?]
	at org.apache.hadoop.ipc.ProtobufRpcEngine2$Server$ProtoBufRpcInvoker.call(ProtobufRpcEngine2.java:552) [hadoop-common-3.3.1.jar:?]
	at org.apache.hadoop.ipc.RPC$Server.call(RPC.java:1093) [hadoop-common-3.3.1.jar:?]
	at org.apache.hadoop.ipc.Server$RpcCall.run(Server.java:1035) [hadoop-common-3.3.1.jar:?]
	at org.apache.hadoop.ipc.Server$RpcCall.run(Server.java:963) [hadoop-common-3.3.1.jar:?]
	at java.security.AccessController.doPrivileged(Native Method) ~[?:1.8.0_345]
	at javax.security.auth.Subject.doAs(Subject.java:422) [?:1.8.0_345]
	at org.apache.hadoop.security.UserGroupInformation.doAs(UserGroupInformation.java:1878) [hadoop-common-3.3.1.jar:?]
	at org.apache.hadoop.ipc.Server$Handler.run(Server.java:2966) [hadoop-common-3.3.1.jar:?]
2022-09-28 15:55:10,418 [Time-limited test] WARN  ozone.BasicOzoneFileSystem (BasicOzoneFileSystem.java:getFileStatus(765)) - GetFileStatus failed for path /level0/level1/level1/file1
java.io.FileNotFoundException: level0/level1/level1/file1: No such file or directory!
	at org.apache.hadoop.fs.ozone.BasicOzoneClientAdapterImpl.getFileStatus(BasicOzoneClientAdapterImpl.java:369)
	at org.apache.hadoop.fs.ozone.BasicOzoneFileSystem.getFileStatus(BasicOzoneFileSystem.java:757)
	at org.apache.hadoop.fs.ozone.TestOzoneFileSystem.checkPath(TestOzoneFileSystem.java:504)
	at org.apache.hadoop.fs.ozone.TestOzoneFileSystem.testRecursiveDelete(TestOzoneFileSystem.java:498)
	at sun.reflect.NativeMethodAccessorImpl.invoke0(Native Method)
	at sun.reflect.NativeMethodAccessorImpl.invoke(NativeMethodAccessorImpl.java:62)
	at sun.reflect.DelegatingMethodAccessorImpl.invoke(DelegatingMethodAccessorImpl.java:43)
	at java.lang.reflect.Method.invoke(Method.java:498)
	at org.junit.runners.model.FrameworkMethod$1.runReflectiveCall(FrameworkMethod.java:59)
	at org.junit.internal.runners.model.ReflectiveCallable.run(ReflectiveCallable.java:12)
	at org.junit.runners.model.FrameworkMethod.invokeExplosively(FrameworkMethod.java:56)
	at org.junit.internal.runners.statements.InvokeMethod.evaluate(InvokeMethod.java:17)
	at org.junit.internal.runners.statements.RunAfters.evaluate(RunAfters.java:27)
	at org.junit.internal.runners.statements.FailOnTimeout$CallableStatement.call(FailOnTimeout.java:288)
	at org.junit.internal.runners.statements.FailOnTimeout$CallableStatement.call(FailOnTimeout.java:282)
	at java.util.concurrent.FutureTask.run(FutureTask.java:266)
	at java.lang.Thread.run(Thread.java:750)
15:55:10.418 [IPC Server handler 2 on default port 37257] ERROR OMAudit - user=runner | ip=127.0.0.1 | op=GET_FILE_STATUS {volume=volume14467, bucket=bucket64159, key=level0/level2, dataSize=0, replicationConfig=null} | ret=FAILURE
org.apache.hadoop.ozone.om.exceptions.OMException: Unable to get file status: volume: volume14467 bucket: bucket64159 key: level0/level2
	at org.apache.hadoop.ozone.om.KeyManagerImpl.getOzoneFileStatus(KeyManagerImpl.java:1324) ~[ozone-manager-1.3.0-SNAPSHOT.jar:?]
	at org.apache.hadoop.ozone.om.KeyManagerImpl.getFileStatus(KeyManagerImpl.java:1254) ~[ozone-manager-1.3.0-SNAPSHOT.jar:?]
	at org.apache.hadoop.ozone.om.OzoneManager.getFileStatus(OzoneManager.java:3506) ~[ozone-manager-1.3.0-SNAPSHOT.jar:?]
	at org.apache.hadoop.ozone.protocolPB.OzoneManagerRequestHandler.getOzoneFileStatus(OzoneManagerRequestHandler.java:882) ~[ozone-manager-1.3.0-SNAPSHOT.jar:?]
	at org.apache.hadoop.ozone.protocolPB.OzoneManagerRequestHandler.handleReadRequest(OzoneManagerRequestHandler.java:228) ~[ozone-manager-1.3.0-SNAPSHOT.jar:?]
	at org.apache.hadoop.ozone.protocolPB.OzoneManagerProtocolServerSideTranslatorPB.submitReadRequestToOM(OzoneManagerProtocolServerSideTranslatorPB.java:226) ~[ozone-manager-1.3.0-SNAPSHOT.jar:?]
	at org.apache.hadoop.ozone.protocolPB.OzoneManagerProtocolServerSideTranslatorPB.processRequest(OzoneManagerProtocolServerSideTranslatorPB.java:175) ~[ozone-manager-1.3.0-SNAPSHOT.jar:?]
	at org.apache.hadoop.hdds.server.OzoneProtocolMessageDispatcher.processRequest(OzoneProtocolMessageDispatcher.java:87) [hdds-server-framework-1.3.0-SNAPSHOT.jar:?]
	at org.apache.hadoop.ozone.protocolPB.OzoneManagerProtocolServerSideTranslatorPB.submitRequest(OzoneManagerProtocolServerSideTranslatorPB.java:147) [ozone-manager-1.3.0-SNAPSHOT.jar:?]
	at org.apache.hadoop.ozone.protocol.proto.OzoneManagerProtocolProtos$OzoneManagerService$2.callBlockingMethod(OzoneManagerProtocolProtos.java) [ozone-interface-client-1.3.0-SNAPSHOT.jar:?]
	at org.apache.hadoop.ipc.ProtobufRpcEngine$Server.processCall(ProtobufRpcEngine.java:466) [hadoop-common-3.3.1.jar:?]
	at org.apache.hadoop.ipc.ProtobufRpcEngine2$Server$ProtoBufRpcInvoker.call(ProtobufRpcEngine2.java:574) [hadoop-common-3.3.1.jar:?]
	at org.apache.hadoop.ipc.ProtobufRpcEngine2$Server$ProtoBufRpcInvoker.call(ProtobufRpcEngine2.java:552) [hadoop-common-3.3.1.jar:?]
	at org.apache.hadoop.ipc.RPC$Server.call(RPC.java:1093) [hadoop-common-3.3.1.jar:?]
	at org.apache.hadoop.ipc.Server$RpcCall.run(Server.java:1035) [hadoop-common-3.3.1.jar:?]
	at org.apache.hadoop.ipc.Server$RpcCall.run(Server.java:963) [hadoop-common-3.3.1.jar:?]
	at java.security.AccessController.doPrivileged(Native Method) ~[?:1.8.0_345]
	at javax.security.auth.Subject.doAs(Subject.java:422) [?:1.8.0_345]
	at org.apache.hadoop.security.UserGroupInformation.doAs(UserGroupInformation.java:1878) [hadoop-common-3.3.1.jar:?]
	at org.apache.hadoop.ipc.Server$Handler.run(Server.java:2966) [hadoop-common-3.3.1.jar:?]
2022-09-28 15:55:10,419 [Time-limited test] WARN  ozone.BasicOzoneFileSystem (BasicOzoneFileSystem.java:getFileStatus(765)) - GetFileStatus failed for path /level0/level2
java.io.FileNotFoundException: level0/level2: No such file or directory!
	at org.apache.hadoop.fs.ozone.BasicOzoneClientAdapterImpl.getFileStatus(BasicOzoneClientAdapterImpl.java:369)
	at org.apache.hadoop.fs.ozone.BasicOzoneFileSystem.getFileStatus(BasicOzoneFileSystem.java:757)
	at org.apache.hadoop.fs.ozone.TestOzoneFileSystem.checkPath(TestOzoneFileSystem.java:504)
	at org.apache.hadoop.fs.ozone.TestOzoneFileSystem.testRecursiveDelete(TestOzoneFileSystem.java:495)
	at sun.reflect.NativeMethodAccessorImpl.invoke0(Native Method)
	at sun.reflect.NativeMethodAccessorImpl.invoke(NativeMethodAccessorImpl.java:62)
	at sun.reflect.DelegatingMethodAccessorImpl.invoke(DelegatingMethodAccessorImpl.java:43)
	at java.lang.reflect.Method.invoke(Method.java:498)
	at org.junit.runners.model.FrameworkMethod$1.runReflectiveCall(FrameworkMethod.java:59)
	at org.junit.internal.runners.model.ReflectiveCallable.run(ReflectiveCallable.java:12)
	at org.junit.runners.model.FrameworkMethod.invokeExplosively(FrameworkMethod.java:56)
	at org.junit.internal.runners.statements.InvokeMethod.evaluate(InvokeMethod.java:17)
	at org.junit.internal.runners.statements.RunAfters.evaluate(RunAfters.java:27)
	at org.junit.internal.runners.statements.FailOnTimeout$CallableStatement.call(FailOnTimeout.java:288)
	at org.junit.internal.runners.statements.FailOnTimeout$CallableStatement.call(FailOnTimeout.java:282)
	at java.util.concurrent.FutureTask.run(FutureTask.java:266)
	at java.lang.Thread.run(Thread.java:750)
15:55:10.419 [IPC Server handler 0 on default port 37257] ERROR OMAudit - user=runner | ip=127.0.0.1 | op=GET_FILE_STATUS {volume=volume14467, bucket=bucket64159, key=level0/level2/level2, dataSize=0, replicationConfig=null} | ret=FAILURE
org.apache.hadoop.ozone.om.exceptions.OMException: Unable to get file status: volume: volume14467 bucket: bucket64159 key: level0/level2/level2
	at org.apache.hadoop.ozone.om.KeyManagerImpl.getOzoneFileStatus(KeyManagerImpl.java:1324) ~[ozone-manager-1.3.0-SNAPSHOT.jar:?]
	at org.apache.hadoop.ozone.om.KeyManagerImpl.getFileStatus(KeyManagerImpl.java:1254) ~[ozone-manager-1.3.0-SNAPSHOT.jar:?]
	at org.apache.hadoop.ozone.om.OzoneManager.getFileStatus(OzoneManager.java:3506) ~[ozone-manager-1.3.0-SNAPSHOT.jar:?]
	at org.apache.hadoop.ozone.protocolPB.OzoneManagerRequestHandler.getOzoneFileStatus(OzoneManagerRequestHandler.java:882) ~[ozone-manager-1.3.0-SNAPSHOT.jar:?]
	at org.apache.hadoop.ozone.protocolPB.OzoneManagerRequestHandler.handleReadRequest(OzoneManagerRequestHandler.java:228) ~[ozone-manager-1.3.0-SNAPSHOT.jar:?]
	at org.apache.hadoop.ozone.protocolPB.OzoneManagerProtocolServerSideTranslatorPB.submitReadRequestToOM(OzoneManagerProtocolServerSideTranslatorPB.java:226) ~[ozone-manager-1.3.0-SNAPSHOT.jar:?]
	at org.apache.hadoop.ozone.protocolPB.OzoneManagerProtocolServerSideTranslatorPB.processRequest(OzoneManagerProtocolServerSideTranslatorPB.java:175) ~[ozone-manager-1.3.0-SNAPSHOT.jar:?]
	at org.apache.hadoop.hdds.server.OzoneProtocolMessageDispatcher.processRequest(OzoneProtocolMessageDispatcher.java:87) [hdds-server-framework-1.3.0-SNAPSHOT.jar:?]
	at org.apache.hadoop.ozone.protocolPB.OzoneManagerProtocolServerSideTranslatorPB.submitRequest(OzoneManagerProtocolServerSideTranslatorPB.java:147) [ozone-manager-1.3.0-SNAPSHOT.jar:?]
	at org.apache.hadoop.ozone.protocol.proto.OzoneManagerProtocolProtos$OzoneManagerService$2.callBlockingMethod(OzoneManagerProtocolProtos.java) [ozone-interface-client-1.3.0-SNAPSHOT.jar:?]
	at org.apache.hadoop.ipc.ProtobufRpcEngine$Server.processCall(ProtobufRpcEngine.java:466) [hadoop-common-3.3.1.jar:?]
	at org.apache.hadoop.ipc.ProtobufRpcEngine2$Server$ProtoBufRpcInvoker.call(ProtobufRpcEngine2.java:574) [hadoop-common-3.3.1.jar:?]
	at org.apache.hadoop.ipc.ProtobufRpcEngine2$Server$ProtoBufRpcInvoker.call(ProtobufRpcEngine2.java:552) [hadoop-common-3.3.1.jar:?]
	at org.apache.hadoop.ipc.RPC$Server.call(RPC.java:1093) [hadoop-common-3.3.1.jar:?]
	at org.apache.hadoop.ipc.Server$RpcCall.run(Server.java:1035) [hadoop-common-3.3.1.jar:?]
	at org.apache.hadoop.ipc.Server$RpcCall.run(Server.java:963) [hadoop-common-3.3.1.jar:?]
	at java.security.AccessController.doPrivileged(Native Method) ~[?:1.8.0_345]
	at javax.security.auth.Subject.doAs(Subject.java:422) [?:1.8.0_345]
	at org.apache.hadoop.security.UserGroupInformation.doAs(UserGroupInformation.java:1878) [hadoop-common-3.3.1.jar:?]
	at org.apache.hadoop.ipc.Server$Handler.run(Server.java:2966) [hadoop-common-3.3.1.jar:?]
2022-09-28 15:55:10,419 [Time-limited test] WARN  ozone.BasicOzoneFileSystem (BasicOzoneFileSystem.java:getFileStatus(765)) - GetFileStatus failed for path /level0/level2/level2
java.io.FileNotFoundException: level0/level2/level2: No such file or directory!
	at org.apache.hadoop.fs.ozone.BasicOzoneClientAdapterImpl.getFileStatus(BasicOzoneClientAdapterImpl.java:369)
	at org.apache.hadoop.fs.ozone.BasicOzoneFileSystem.getFileStatus(BasicOzoneFileSystem.java:757)
	at org.apache.hadoop.fs.ozone.TestOzoneFileSystem.checkPath(TestOzoneFileSystem.java:504)
	at org.apache.hadoop.fs.ozone.TestOzoneFileSystem.testRecursiveDelete(TestOzoneFileSystem.java:496)
	at sun.reflect.NativeMethodAccessorImpl.invoke0(Native Method)
	at sun.reflect.NativeMethodAccessorImpl.invoke(NativeMethodAccessorImpl.java:62)
	at sun.reflect.DelegatingMethodAccessorImpl.invoke(DelegatingMethodAccessorImpl.java:43)
	at java.lang.reflect.Method.invoke(Method.java:498)
	at org.junit.runners.model.FrameworkMethod$1.runReflectiveCall(FrameworkMethod.java:59)
	at org.junit.internal.runners.model.ReflectiveCallable.run(ReflectiveCallable.java:12)
	at org.junit.runners.model.FrameworkMethod.invokeExplosively(FrameworkMethod.java:56)
	at org.junit.internal.runners.statements.InvokeMethod.evaluate(InvokeMethod.java:17)
	at org.junit.internal.runners.statements.RunAfters.evaluate(RunAfters.java:27)
	at org.junit.internal.runners.statements.FailOnTimeout$CallableStatement.call(FailOnTimeout.java:288)
	at org.junit.internal.runners.statements.FailOnTimeout$CallableStatement.call(FailOnTimeout.java:282)
	at java.util.concurrent.FutureTask.run(FutureTask.java:266)
	at java.lang.Thread.run(Thread.java:750)
15:55:10.420 [IPC Server handler 7 on default port 37257] ERROR OMAudit - user=runner | ip=127.0.0.1 | op=GET_FILE_STATUS {volume=volume14467, bucket=bucket64159, key=level0/level2/file1, dataSize=0, replicationConfig=null} | ret=FAILURE
org.apache.hadoop.ozone.om.exceptions.OMException: Unable to get file status: volume: volume14467 bucket: bucket64159 key: level0/level2/file1
	at org.apache.hadoop.ozone.om.KeyManagerImpl.getOzoneFileStatus(KeyManagerImpl.java:1324) ~[ozone-manager-1.3.0-SNAPSHOT.jar:?]
	at org.apache.hadoop.ozone.om.KeyManagerImpl.getFileStatus(KeyManagerImpl.java:1254) ~[ozone-manager-1.3.0-SNAPSHOT.jar:?]
	at org.apache.hadoop.ozone.om.OzoneManager.getFileStatus(OzoneManager.java:3506) ~[ozone-manager-1.3.0-SNAPSHOT.jar:?]
	at org.apache.hadoop.ozone.protocolPB.OzoneManagerRequestHandler.getOzoneFileStatus(OzoneManagerRequestHandler.java:882) ~[ozone-manager-1.3.0-SNAPSHOT.jar:?]
	at org.apache.hadoop.ozone.protocolPB.OzoneManagerRequestHandler.handleReadRequest(OzoneManagerRequestHandler.java:228) ~[ozone-manager-1.3.0-SNAPSHOT.jar:?]
	at org.apache.hadoop.ozone.protocolPB.OzoneManagerProtocolServerSideTranslatorPB.submitReadRequestToOM(OzoneManagerProtocolServerSideTranslatorPB.java:226) ~[ozone-manager-1.3.0-SNAPSHOT.jar:?]
	at org.apache.hadoop.ozone.protocolPB.OzoneManagerProtocolServerSideTranslatorPB.processRequest(OzoneManagerProtocolServerSideTranslatorPB.java:175) ~[ozone-manager-1.3.0-SNAPSHOT.jar:?]
	at org.apache.hadoop.hdds.server.OzoneProtocolMessageDispatcher.processRequest(OzoneProtocolMessageDispatcher.java:87) [hdds-server-framework-1.3.0-SNAPSHOT.jar:?]
	at org.apache.hadoop.ozone.protocolPB.OzoneManagerProtocolServerSideTranslatorPB.submitRequest(OzoneManagerProtocolServerSideTranslatorPB.java:147) [ozone-manager-1.3.0-SNAPSHOT.jar:?]
	at org.apache.hadoop.ozone.protocol.proto.OzoneManagerProtocolProtos$OzoneManagerService$2.callBlockingMethod(OzoneManagerProtocolProtos.java) [ozone-interface-client-1.3.0-SNAPSHOT.jar:?]
	at org.apache.hadoop.ipc.ProtobufRpcEngine$Server.processCall(ProtobufRpcEngine.java:466) [hadoop-common-3.3.1.jar:?]
	at org.apache.hadoop.ipc.ProtobufRpcEngine2$Server$ProtoBufRpcInvoker.call(ProtobufRpcEngine2.java:574) [hadoop-common-3.3.1.jar:?]
	at org.apache.hadoop.ipc.ProtobufRpcEngine2$Server$ProtoBufRpcInvoker.call(ProtobufRpcEngine2.java:552) [hadoop-common-3.3.1.jar:?]
	at org.apache.hadoop.ipc.RPC$Server.call(RPC.java:1093) [hadoop-common-3.3.1.jar:?]
	at org.apache.hadoop.ipc.Server$RpcCall.run(Server.java:1035) [hadoop-common-3.3.1.jar:?]
	at org.apache.hadoop.ipc.Server$RpcCall.run(Server.java:963) [hadoop-common-3.3.1.jar:?]
	at java.security.AccessController.doPrivileged(Native Method) ~[?:1.8.0_345]
	at javax.security.auth.Subject.doAs(Subject.java:422) [?:1.8.0_345]
	at org.apache.hadoop.security.UserGroupInformation.doAs(UserGroupInformation.java:1878) [hadoop-common-3.3.1.jar:?]
	at org.apache.hadoop.ipc.Server$Handler.run(Server.java:2966) [hadoop-common-3.3.1.jar:?]
2022-09-28 15:55:10,420 [Time-limited test] WARN  ozone.BasicOzoneFileSystem (BasicOzoneFileSystem.java:getFileStatus(765)) - GetFileStatus failed for path /level0/level2/file1
java.io.FileNotFoundException: level0/level2/file1: No such file or directory!
	at org.apache.hadoop.fs.ozone.BasicOzoneClientAdapterImpl.getFileStatus(BasicOzoneClientAdapterImpl.java:369)
	at org.apache.hadoop.fs.ozone.BasicOzoneFileSystem.getFileStatus(BasicOzoneFileSystem.java:757)
	at org.apache.hadoop.fs.ozone.TestOzoneFileSystem.checkPath(TestOzoneFileSystem.java:504)
	at org.apache.hadoop.fs.ozone.TestOzoneFileSystem.testRecursiveDelete(TestOzoneFileSystem.java:497)
	at sun.reflect.NativeMethodAccessorImpl.invoke0(Native Method)
	at sun.reflect.NativeMethodAccessorImpl.invoke(NativeMethodAccessorImpl.java:62)
	at sun.reflect.DelegatingMethodAccessorImpl.invoke(DelegatingMethodAccessorImpl.java:43)
	at java.lang.reflect.Method.invoke(Method.java:498)
	at org.junit.runners.model.FrameworkMethod$1.runReflectiveCall(FrameworkMethod.java:59)
	at org.junit.internal.runners.model.ReflectiveCallable.run(ReflectiveCallable.java:12)
	at org.junit.runners.model.FrameworkMethod.invokeExplosively(FrameworkMethod.java:56)
	at org.junit.internal.runners.statements.InvokeMethod.evaluate(InvokeMethod.java:17)
	at org.junit.internal.runners.statements.RunAfters.evaluate(RunAfters.java:27)
	at org.junit.internal.runners.statements.FailOnTimeout$CallableStatement.call(FailOnTimeout.java:288)
	at org.junit.internal.runners.statements.FailOnTimeout$CallableStatement.call(FailOnTimeout.java:282)
	at java.util.concurrent.FutureTask.run(FutureTask.java:266)
	at java.lang.Thread.run(Thread.java:750)
15:55:10.420 [IPC Server handler 1 on default port 37257] ERROR OMAudit - user=runner | ip=127.0.0.1 | op=GET_FILE_STATUS {volume=volume14467, bucket=bucket64159, key=level0/level2/level2/file1, dataSize=0, replicationConfig=null} | ret=FAILURE
org.apache.hadoop.ozone.om.exceptions.OMException: Unable to get file status: volume: volume14467 bucket: bucket64159 key: level0/level2/level2/file1
	at org.apache.hadoop.ozone.om.KeyManagerImpl.getOzoneFileStatus(KeyManagerImpl.java:1324) ~[ozone-manager-1.3.0-SNAPSHOT.jar:?]
	at org.apache.hadoop.ozone.om.KeyManagerImpl.getFileStatus(KeyManagerImpl.java:1254) ~[ozone-manager-1.3.0-SNAPSHOT.jar:?]
	at org.apache.hadoop.ozone.om.OzoneManager.getFileStatus(OzoneManager.java:3506) ~[ozone-manager-1.3.0-SNAPSHOT.jar:?]
	at org.apache.hadoop.ozone.protocolPB.OzoneManagerRequestHandler.getOzoneFileStatus(OzoneManagerRequestHandler.java:882) ~[ozone-manager-1.3.0-SNAPSHOT.jar:?]
	at org.apache.hadoop.ozone.protocolPB.OzoneManagerRequestHandler.handleReadRequest(OzoneManagerRequestHandler.java:228) ~[ozone-manager-1.3.0-SNAPSHOT.jar:?]
	at org.apache.hadoop.ozone.protocolPB.OzoneManagerProtocolServerSideTranslatorPB.submitReadRequestToOM(OzoneManagerProtocolServerSideTranslatorPB.java:226) ~[ozone-manager-1.3.0-SNAPSHOT.jar:?]
	at org.apache.hadoop.ozone.protocolPB.OzoneManagerProtocolServerSideTranslatorPB.processRequest(OzoneManagerProtocolServerSideTranslatorPB.java:175) ~[ozone-manager-1.3.0-SNAPSHOT.jar:?]
	at org.apache.hadoop.hdds.server.OzoneProtocolMessageDispatcher.processRequest(OzoneProtocolMessageDispatcher.java:87) [hdds-server-framework-1.3.0-SNAPSHOT.jar:?]
	at org.apache.hadoop.ozone.protocolPB.OzoneManagerProtocolServerSideTranslatorPB.submitRequest(OzoneManagerProtocolServerSideTranslatorPB.java:147) [ozone-manager-1.3.0-SNAPSHOT.jar:?]
	at org.apache.hadoop.ozone.protocol.proto.OzoneManagerProtocolProtos$OzoneManagerService$2.callBlockingMethod(OzoneManagerProtocolProtos.java) [ozone-interface-client-1.3.0-SNAPSHOT.jar:?]
	at org.apache.hadoop.ipc.ProtobufRpcEngine$Server.processCall(ProtobufRpcEngine.java:466) [hadoop-common-3.3.1.jar:?]
	at org.apache.hadoop.ipc.ProtobufRpcEngine2$Server$ProtoBufRpcInvoker.call(ProtobufRpcEngine2.java:574) [hadoop-common-3.3.1.jar:?]
	at org.apache.hadoop.ipc.ProtobufRpcEngine2$Server$ProtoBufRpcInvoker.call(ProtobufRpcEngine2.java:552) [hadoop-common-3.3.1.jar:?]
	at org.apache.hadoop.ipc.RPC$Server.call(RPC.java:1093) [hadoop-common-3.3.1.jar:?]
	at org.apache.hadoop.ipc.Server$RpcCall.run(Server.java:1035) [hadoop-common-3.3.1.jar:?]
	at org.apache.hadoop.ipc.Server$RpcCall.run(Server.java:963) [hadoop-common-3.3.1.jar:?]
	at java.security.AccessController.doPrivileged(Native Method) ~[?:1.8.0_345]
	at javax.security.auth.Subject.doAs(Subject.java:422) [?:1.8.0_345]
	at org.apache.hadoop.security.UserGroupInformation.doAs(UserGroupInformation.java:1878) [hadoop-common-3.3.1.jar:?]
	at org.apache.hadoop.ipc.Server$Handler.run(Server.java:2966) [hadoop-common-3.3.1.jar:?]
2022-09-28 15:55:10,421 [Time-limited test] WARN  ozone.BasicOzoneFileSystem (BasicOzoneFileSystem.java:getFileStatus(765)) - GetFileStatus failed for path /level0/level2/level2/file1
java.io.FileNotFoundException: level0/level2/level2/file1: No such file or directory!
	at org.apache.hadoop.fs.ozone.BasicOzoneClientAdapterImpl.getFileStatus(BasicOzoneClientAdapterImpl.java:369)
	at org.apache.hadoop.fs.ozone.BasicOzoneFileSystem.getFileStatus(BasicOzoneFileSystem.java:757)
	at org.apache.hadoop.fs.ozone.TestOzoneFileSystem.checkPath(TestOzoneFileSystem.java:504)
	at org.apache.hadoop.fs.ozone.TestOzoneFileSystem.testRecursiveDelete(TestOzoneFileSystem.java:498)
	at sun.reflect.NativeMethodAccessorImpl.invoke0(Native Method)
	at sun.reflect.NativeMethodAccessorImpl.invoke(NativeMethodAccessorImpl.java:62)
	at sun.reflect.DelegatingMethodAccessorImpl.invoke(DelegatingMethodAccessorImpl.java:43)
	at java.lang.reflect.Method.invoke(Method.java:498)
	at org.junit.runners.model.FrameworkMethod$1.runReflectiveCall(FrameworkMethod.java:59)
	at org.junit.internal.runners.model.ReflectiveCallable.run(ReflectiveCallable.java:12)
	at org.junit.runners.model.FrameworkMethod.invokeExplosively(FrameworkMethod.java:56)
	at org.junit.internal.runners.statements.InvokeMethod.evaluate(InvokeMethod.java:17)
	at org.junit.internal.runners.statements.RunAfters.evaluate(RunAfters.java:27)
	at org.junit.internal.runners.statements.FailOnTimeout$CallableStatement.call(FailOnTimeout.java:288)
	at org.junit.internal.runners.statements.FailOnTimeout$CallableStatement.call(FailOnTimeout.java:282)
	at java.util.concurrent.FutureTask.run(FutureTask.java:266)
	at java.lang.Thread.run(Thread.java:750)
15:55:10.421 [IPC Server handler 4 on default port 37257] ERROR OMAudit - user=runner | ip=127.0.0.1 | op=GET_FILE_STATUS {volume=volume14467, bucket=bucket64159, key=level0/level3, dataSize=0, replicationConfig=null} | ret=FAILURE
org.apache.hadoop.ozone.om.exceptions.OMException: Unable to get file status: volume: volume14467 bucket: bucket64159 key: level0/level3
	at org.apache.hadoop.ozone.om.KeyManagerImpl.getOzoneFileStatus(KeyManagerImpl.java:1324) ~[ozone-manager-1.3.0-SNAPSHOT.jar:?]
	at org.apache.hadoop.ozone.om.KeyManagerImpl.getFileStatus(KeyManagerImpl.java:1254) ~[ozone-manager-1.3.0-SNAPSHOT.jar:?]
	at org.apache.hadoop.ozone.om.OzoneManager.getFileStatus(OzoneManager.java:3506) ~[ozone-manager-1.3.0-SNAPSHOT.jar:?]
	at org.apache.hadoop.ozone.protocolPB.OzoneManagerRequestHandler.getOzoneFileStatus(OzoneManagerRequestHandler.java:882) ~[ozone-manager-1.3.0-SNAPSHOT.jar:?]
	at org.apache.hadoop.ozone.protocolPB.OzoneManagerRequestHandler.handleReadRequest(OzoneManagerRequestHandler.java:228) ~[ozone-manager-1.3.0-SNAPSHOT.jar:?]
	at org.apache.hadoop.ozone.protocolPB.OzoneManagerProtocolServerSideTranslatorPB.submitReadRequestToOM(OzoneManagerProtocolServerSideTranslatorPB.java:226) ~[ozone-manager-1.3.0-SNAPSHOT.jar:?]
	at org.apache.hadoop.ozone.protocolPB.OzoneManagerProtocolServerSideTranslatorPB.processRequest(OzoneManagerProtocolServerSideTranslatorPB.java:175) ~[ozone-manager-1.3.0-SNAPSHOT.jar:?]
	at org.apache.hadoop.hdds.server.OzoneProtocolMessageDispatcher.processRequest(OzoneProtocolMessageDispatcher.java:87) [hdds-server-framework-1.3.0-SNAPSHOT.jar:?]
	at org.apache.hadoop.ozone.protocolPB.OzoneManagerProtocolServerSideTranslatorPB.submitRequest(OzoneManagerProtocolServerSideTranslatorPB.java:147) [ozone-manager-1.3.0-SNAPSHOT.jar:?]
	at org.apache.hadoop.ozone.protocol.proto.OzoneManagerProtocolProtos$OzoneManagerService$2.callBlockingMethod(OzoneManagerProtocolProtos.java) [ozone-interface-client-1.3.0-SNAPSHOT.jar:?]
	at org.apache.hadoop.ipc.ProtobufRpcEngine$Server.processCall(ProtobufRpcEngine.java:466) [hadoop-common-3.3.1.jar:?]
	at org.apache.hadoop.ipc.ProtobufRpcEngine2$Server$ProtoBufRpcInvoker.call(ProtobufRpcEngine2.java:574) [hadoop-common-3.3.1.jar:?]
	at org.apache.hadoop.ipc.ProtobufRpcEngine2$Server$ProtoBufRpcInvoker.call(ProtobufRpcEngine2.java:552) [hadoop-common-3.3.1.jar:?]
	at org.apache.hadoop.ipc.RPC$Server.call(RPC.java:1093) [hadoop-common-3.3.1.jar:?]
	at org.apache.hadoop.ipc.Server$RpcCall.run(Server.java:1035) [hadoop-common-3.3.1.jar:?]
	at org.apache.hadoop.ipc.Server$RpcCall.run(Server.java:963) [hadoop-common-3.3.1.jar:?]
	at java.security.AccessController.doPrivileged(Native Method) ~[?:1.8.0_345]
	at javax.security.auth.Subject.doAs(Subject.java:422) [?:1.8.0_345]
	at org.apache.hadoop.security.UserGroupInformation.doAs(UserGroupInformation.java:1878) [hadoop-common-3.3.1.jar:?]
	at org.apache.hadoop.ipc.Server$Handler.run(Server.java:2966) [hadoop-common-3.3.1.jar:?]
2022-09-28 15:55:10,423 [Time-limited test] WARN  ozone.BasicOzoneFileSystem (BasicOzoneFileSystem.java:getFileStatus(765)) - GetFileStatus failed for path /level0/level3
java.io.FileNotFoundException: level0/level3: No such file or directory!
	at org.apache.hadoop.fs.ozone.BasicOzoneClientAdapterImpl.getFileStatus(BasicOzoneClientAdapterImpl.java:369)
	at org.apache.hadoop.fs.ozone.BasicOzoneFileSystem.getFileStatus(BasicOzoneFileSystem.java:757)
	at org.apache.hadoop.fs.ozone.TestOzoneFileSystem.checkPath(TestOzoneFileSystem.java:504)
	at org.apache.hadoop.fs.ozone.TestOzoneFileSystem.testRecursiveDelete(TestOzoneFileSystem.java:495)
	at sun.reflect.NativeMethodAccessorImpl.invoke0(Native Method)
	at sun.reflect.NativeMethodAccessorImpl.invoke(NativeMethodAccessorImpl.java:62)
	at sun.reflect.DelegatingMethodAccessorImpl.invoke(DelegatingMethodAccessorImpl.java:43)
	at java.lang.reflect.Method.invoke(Method.java:498)
	at org.junit.runners.model.FrameworkMethod$1.runReflectiveCall(FrameworkMethod.java:59)
	at org.junit.internal.runners.model.ReflectiveCallable.run(ReflectiveCallable.java:12)
	at org.junit.runners.model.FrameworkMethod.invokeExplosively(FrameworkMethod.java:56)
	at org.junit.internal.runners.statements.InvokeMethod.evaluate(InvokeMethod.java:17)
	at org.junit.internal.runners.statements.RunAfters.evaluate(RunAfters.java:27)
	at org.junit.internal.runners.statements.FailOnTimeout$CallableStatement.call(FailOnTimeout.java:288)
	at org.junit.internal.runners.statements.FailOnTimeout$CallableStatement.call(FailOnTimeout.java:282)
	at java.util.concurrent.FutureTask.run(FutureTask.java:266)
	at java.lang.Thread.run(Thread.java:750)
15:55:10.423 [IPC Server handler 15 on default port 37257] ERROR OMAudit - user=runner | ip=127.0.0.1 | op=GET_FILE_STATUS {volume=volume14467, bucket=bucket64159, key=level0/level3/level3, dataSize=0, replicationConfig=null} | ret=FAILURE
org.apache.hadoop.ozone.om.exceptions.OMException: Unable to get file status: volume: volume14467 bucket: bucket64159 key: level0/level3/level3
	at org.apache.hadoop.ozone.om.KeyManagerImpl.getOzoneFileStatus(KeyManagerImpl.java:1324) ~[ozone-manager-1.3.0-SNAPSHOT.jar:?]
	at org.apache.hadoop.ozone.om.KeyManagerImpl.getFileStatus(KeyManagerImpl.java:1254) ~[ozone-manager-1.3.0-SNAPSHOT.jar:?]
	at org.apache.hadoop.ozone.om.OzoneManager.getFileStatus(OzoneManager.java:3506) ~[ozone-manager-1.3.0-SNAPSHOT.jar:?]
	at org.apache.hadoop.ozone.protocolPB.OzoneManagerRequestHandler.getOzoneFileStatus(OzoneManagerRequestHandler.java:882) ~[ozone-manager-1.3.0-SNAPSHOT.jar:?]
	at org.apache.hadoop.ozone.protocolPB.OzoneManagerRequestHandler.handleReadRequest(OzoneManagerRequestHandler.java:228) ~[ozone-manager-1.3.0-SNAPSHOT.jar:?]
	at org.apache.hadoop.ozone.protocolPB.OzoneManagerProtocolServerSideTranslatorPB.submitReadRequestToOM(OzoneManagerProtocolServerSideTranslatorPB.java:226) ~[ozone-manager-1.3.0-SNAPSHOT.jar:?]
	at org.apache.hadoop.ozone.protocolPB.OzoneManagerProtocolServerSideTranslatorPB.processRequest(OzoneManagerProtocolServerSideTranslatorPB.java:175) ~[ozone-manager-1.3.0-SNAPSHOT.jar:?]
	at org.apache.hadoop.hdds.server.OzoneProtocolMessageDispatcher.processRequest(OzoneProtocolMessageDispatcher.java:87) [hdds-server-framework-1.3.0-SNAPSHOT.jar:?]
	at org.apache.hadoop.ozone.protocolPB.OzoneManagerProtocolServerSideTranslatorPB.submitRequest(OzoneManagerProtocolServerSideTranslatorPB.java:147) [ozone-manager-1.3.0-SNAPSHOT.jar:?]
	at org.apache.hadoop.ozone.protocol.proto.OzoneManagerProtocolProtos$OzoneManagerService$2.callBlockingMethod(OzoneManagerProtocolProtos.java) [ozone-interface-client-1.3.0-SNAPSHOT.jar:?]
	at org.apache.hadoop.ipc.ProtobufRpcEngine$Server.processCall(ProtobufRpcEngine.java:466) [hadoop-common-3.3.1.jar:?]
	at org.apache.hadoop.ipc.ProtobufRpcEngine2$Server$ProtoBufRpcInvoker.call(ProtobufRpcEngine2.java:574) [hadoop-common-3.3.1.jar:?]
	at org.apache.hadoop.ipc.ProtobufRpcEngine2$Server$ProtoBufRpcInvoker.call(ProtobufRpcEngine2.java:552) [hadoop-common-3.3.1.jar:?]
	at org.apache.hadoop.ipc.RPC$Server.call(RPC.java:1093) [hadoop-common-3.3.1.jar:?]
	at org.apache.hadoop.ipc.Server$RpcCall.run(Server.java:1035) [hadoop-common-3.3.1.jar:?]
	at org.apache.hadoop.ipc.Server$RpcCall.run(Server.java:963) [hadoop-common-3.3.1.jar:?]
	at java.security.AccessController.doPrivileged(Native Method) ~[?:1.8.0_345]
	at javax.security.auth.Subject.doAs(Subject.java:422) [?:1.8.0_345]
	at org.apache.hadoop.security.UserGroupInformation.doAs(UserGroupInformation.java:1878) [hadoop-common-3.3.1.jar:?]
	at org.apache.hadoop.ipc.Server$Handler.run(Server.java:2966) [hadoop-common-3.3.1.jar:?]
2022-09-28 15:55:10,423 [Time-limited test] WARN  ozone.BasicOzoneFileSystem (BasicOzoneFileSystem.java:getFileStatus(765)) - GetFileStatus failed for path /level0/level3/level3
java.io.FileNotFoundException: level0/level3/level3: No such file or directory!
	at org.apache.hadoop.fs.ozone.BasicOzoneClientAdapterImpl.getFileStatus(BasicOzoneClientAdapterImpl.java:369)
	at org.apache.hadoop.fs.ozone.BasicOzoneFileSystem.getFileStatus(BasicOzoneFileSystem.java:757)
	at org.apache.hadoop.fs.ozone.TestOzoneFileSystem.checkPath(TestOzoneFileSystem.java:504)
	at org.apache.hadoop.fs.ozone.TestOzoneFileSystem.testRecursiveDelete(TestOzoneFileSystem.java:496)
	at sun.reflect.NativeMethodAccessorImpl.invoke0(Native Method)
	at sun.reflect.NativeMethodAccessorImpl.invoke(NativeMethodAccessorImpl.java:62)
	at sun.reflect.DelegatingMethodAccessorImpl.invoke(DelegatingMethodAccessorImpl.java:43)
	at java.lang.reflect.Method.invoke(Method.java:498)
	at org.junit.runners.model.FrameworkMethod$1.runReflectiveCall(FrameworkMethod.java:59)
	at org.junit.internal.runners.model.ReflectiveCallable.run(ReflectiveCallable.java:12)
	at org.junit.runners.model.FrameworkMethod.invokeExplosively(FrameworkMethod.java:56)
	at org.junit.internal.runners.statements.InvokeMethod.evaluate(InvokeMethod.java:17)
	at org.junit.internal.runners.statements.RunAfters.evaluate(RunAfters.java:27)
	at org.junit.internal.runners.statements.FailOnTimeout$CallableStatement.call(FailOnTimeout.java:288)
	at org.junit.internal.runners.statements.FailOnTimeout$CallableStatement.call(FailOnTimeout.java:282)
	at java.util.concurrent.FutureTask.run(FutureTask.java:266)
	at java.lang.Thread.run(Thread.java:750)
15:55:10.424 [IPC Server handler 8 on default port 37257] ERROR OMAudit - user=runner | ip=127.0.0.1 | op=GET_FILE_STATUS {volume=volume14467, bucket=bucket64159, key=level0/level3/file1, dataSize=0, replicationConfig=null} | ret=FAILURE
org.apache.hadoop.ozone.om.exceptions.OMException: Unable to get file status: volume: volume14467 bucket: bucket64159 key: level0/level3/file1
	at org.apache.hadoop.ozone.om.KeyManagerImpl.getOzoneFileStatus(KeyManagerImpl.java:1324) ~[ozone-manager-1.3.0-SNAPSHOT.jar:?]
	at org.apache.hadoop.ozone.om.KeyManagerImpl.getFileStatus(KeyManagerImpl.java:1254) ~[ozone-manager-1.3.0-SNAPSHOT.jar:?]
	at org.apache.hadoop.ozone.om.OzoneManager.getFileStatus(OzoneManager.java:3506) ~[ozone-manager-1.3.0-SNAPSHOT.jar:?]
	at org.apache.hadoop.ozone.protocolPB.OzoneManagerRequestHandler.getOzoneFileStatus(OzoneManagerRequestHandler.java:882) ~[ozone-manager-1.3.0-SNAPSHOT.jar:?]
	at org.apache.hadoop.ozone.protocolPB.OzoneManagerRequestHandler.handleReadRequest(OzoneManagerRequestHandler.java:228) ~[ozone-manager-1.3.0-SNAPSHOT.jar:?]
	at org.apache.hadoop.ozone.protocolPB.OzoneManagerProtocolServerSideTranslatorPB.submitReadRequestToOM(OzoneManagerProtocolServerSideTranslatorPB.java:226) ~[ozone-manager-1.3.0-SNAPSHOT.jar:?]
	at org.apache.hadoop.ozone.protocolPB.OzoneManagerProtocolServerSideTranslatorPB.processRequest(OzoneManagerProtocolServerSideTranslatorPB.java:175) ~[ozone-manager-1.3.0-SNAPSHOT.jar:?]
	at org.apache.hadoop.hdds.server.OzoneProtocolMessageDispatcher.processRequest(OzoneProtocolMessageDispatcher.java:87) [hdds-server-framework-1.3.0-SNAPSHOT.jar:?]
	at org.apache.hadoop.ozone.protocolPB.OzoneManagerProtocolServerSideTranslatorPB.submitRequest(OzoneManagerProtocolServerSideTranslatorPB.java:147) [ozone-manager-1.3.0-SNAPSHOT.jar:?]
	at org.apache.hadoop.ozone.protocol.proto.OzoneManagerProtocolProtos$OzoneManagerService$2.callBlockingMethod(OzoneManagerProtocolProtos.java) [ozone-interface-client-1.3.0-SNAPSHOT.jar:?]
	at org.apache.hadoop.ipc.ProtobufRpcEngine$Server.processCall(ProtobufRpcEngine.java:466) [hadoop-common-3.3.1.jar:?]
	at org.apache.hadoop.ipc.ProtobufRpcEngine2$Server$ProtoBufRpcInvoker.call(ProtobufRpcEngine2.java:574) [hadoop-common-3.3.1.jar:?]
	at org.apache.hadoop.ipc.ProtobufRpcEngine2$Server$ProtoBufRpcInvoker.call(ProtobufRpcEngine2.java:552) [hadoop-common-3.3.1.jar:?]
	at org.apache.hadoop.ipc.RPC$Server.call(RPC.java:1093) [hadoop-common-3.3.1.jar:?]
	at org.apache.hadoop.ipc.Server$RpcCall.run(Server.java:1035) [hadoop-common-3.3.1.jar:?]
	at org.apache.hadoop.ipc.Server$RpcCall.run(Server.java:963) [hadoop-common-3.3.1.jar:?]
	at java.security.AccessController.doPrivileged(Native Method) ~[?:1.8.0_345]
	at javax.security.auth.Subject.doAs(Subject.java:422) [?:1.8.0_345]
	at org.apache.hadoop.security.UserGroupInformation.doAs(UserGroupInformation.java:1878) [hadoop-common-3.3.1.jar:?]
	at org.apache.hadoop.ipc.Server$Handler.run(Server.java:2966) [hadoop-common-3.3.1.jar:?]
2022-09-28 15:55:10,424 [Time-limited test] WARN  ozone.BasicOzoneFileSystem (BasicOzoneFileSystem.java:getFileStatus(765)) - GetFileStatus failed for path /level0/level3/file1
java.io.FileNotFoundException: level0/level3/file1: No such file or directory!
	at org.apache.hadoop.fs.ozone.BasicOzoneClientAdapterImpl.getFileStatus(BasicOzoneClientAdapterImpl.java:369)
	at org.apache.hadoop.fs.ozone.BasicOzoneFileSystem.getFileStatus(BasicOzoneFileSystem.java:757)
	at org.apache.hadoop.fs.ozone.TestOzoneFileSystem.checkPath(TestOzoneFileSystem.java:504)
	at org.apache.hadoop.fs.ozone.TestOzoneFileSystem.testRecursiveDelete(TestOzoneFileSystem.java:497)
	at sun.reflect.NativeMethodAccessorImpl.invoke0(Native Method)
	at sun.reflect.NativeMethodAccessorImpl.invoke(NativeMethodAccessorImpl.java:62)
	at sun.reflect.DelegatingMethodAccessorImpl.invoke(DelegatingMethodAccessorImpl.java:43)
	at java.lang.reflect.Method.invoke(Method.java:498)
	at org.junit.runners.model.FrameworkMethod$1.runReflectiveCall(FrameworkMethod.java:59)
	at org.junit.internal.runners.model.ReflectiveCallable.run(ReflectiveCallable.java:12)
	at org.junit.runners.model.FrameworkMethod.invokeExplosively(FrameworkMethod.java:56)
	at org.junit.internal.runners.statements.InvokeMethod.evaluate(InvokeMethod.java:17)
	at org.junit.internal.runners.statements.RunAfters.evaluate(RunAfters.java:27)
	at org.junit.internal.runners.statements.FailOnTimeout$CallableStatement.call(FailOnTimeout.java:288)
	at org.junit.internal.runners.statements.FailOnTimeout$CallableStatement.call(FailOnTimeout.java:282)
	at java.util.concurrent.FutureTask.run(FutureTask.java:266)
	at java.lang.Thread.run(Thread.java:750)
15:55:10.425 [IPC Server handler 3 on default port 37257] ERROR OMAudit - user=runner | ip=127.0.0.1 | op=GET_FILE_STATUS {volume=volume14467, bucket=bucket64159, key=level0/level3/level3/file1, dataSize=0, replicationConfig=null} | ret=FAILURE
org.apache.hadoop.ozone.om.exceptions.OMException: Unable to get file status: volume: volume14467 bucket: bucket64159 key: level0/level3/level3/file1
	at org.apache.hadoop.ozone.om.KeyManagerImpl.getOzoneFileStatus(KeyManagerImpl.java:1324) ~[ozone-manager-1.3.0-SNAPSHOT.jar:?]
	at org.apache.hadoop.ozone.om.KeyManagerImpl.getFileStatus(KeyManagerImpl.java:1254) ~[ozone-manager-1.3.0-SNAPSHOT.jar:?]
	at org.apache.hadoop.ozone.om.OzoneManager.getFileStatus(OzoneManager.java:3506) ~[ozone-manager-1.3.0-SNAPSHOT.jar:?]
	at org.apache.hadoop.ozone.protocolPB.OzoneManagerRequestHandler.getOzoneFileStatus(OzoneManagerRequestHandler.java:882) ~[ozone-manager-1.3.0-SNAPSHOT.jar:?]
	at org.apache.hadoop.ozone.protocolPB.OzoneManagerRequestHandler.handleReadRequest(OzoneManagerRequestHandler.java:228) ~[ozone-manager-1.3.0-SNAPSHOT.jar:?]
	at org.apache.hadoop.ozone.protocolPB.OzoneManagerProtocolServerSideTranslatorPB.submitReadRequestToOM(OzoneManagerProtocolServerSideTranslatorPB.java:226) ~[ozone-manager-1.3.0-SNAPSHOT.jar:?]
	at org.apache.hadoop.ozone.protocolPB.OzoneManagerProtocolServerSideTranslatorPB.processRequest(OzoneManagerProtocolServerSideTranslatorPB.java:175) ~[ozone-manager-1.3.0-SNAPSHOT.jar:?]
	at org.apache.hadoop.hdds.server.OzoneProtocolMessageDispatcher.processRequest(OzoneProtocolMessageDispatcher.java:87) [hdds-server-framework-1.3.0-SNAPSHOT.jar:?]
	at org.apache.hadoop.ozone.protocolPB.OzoneManagerProtocolServerSideTranslatorPB.submitRequest(OzoneManagerProtocolServerSideTranslatorPB.java:147) [ozone-manager-1.3.0-SNAPSHOT.jar:?]
	at org.apache.hadoop.ozone.protocol.proto.OzoneManagerProtocolProtos$OzoneManagerService$2.callBlockingMethod(OzoneManagerProtocolProtos.java) [ozone-interface-client-1.3.0-SNAPSHOT.jar:?]
	at org.apache.hadoop.ipc.ProtobufRpcEngine$Server.processCall(ProtobufRpcEngine.java:466) [hadoop-common-3.3.1.jar:?]
	at org.apache.hadoop.ipc.ProtobufRpcEngine2$Server$ProtoBufRpcInvoker.call(ProtobufRpcEngine2.java:574) [hadoop-common-3.3.1.jar:?]
	at org.apache.hadoop.ipc.ProtobufRpcEngine2$Server$ProtoBufRpcInvoker.call(ProtobufRpcEngine2.java:552) [hadoop-common-3.3.1.jar:?]
	at org.apache.hadoop.ipc.RPC$Server.call(RPC.java:1093) [hadoop-common-3.3.1.jar:?]
	at org.apache.hadoop.ipc.Server$RpcCall.run(Server.java:1035) [hadoop-common-3.3.1.jar:?]
	at org.apache.hadoop.ipc.Server$RpcCall.run(Server.java:963) [hadoop-common-3.3.1.jar:?]
	at java.security.AccessController.doPrivileged(Native Method) ~[?:1.8.0_345]
	at javax.security.auth.Subject.doAs(Subject.java:422) [?:1.8.0_345]
	at org.apache.hadoop.security.UserGroupInformation.doAs(UserGroupInformation.java:1878) [hadoop-common-3.3.1.jar:?]
	at org.apache.hadoop.ipc.Server$Handler.run(Server.java:2966) [hadoop-common-3.3.1.jar:?]
2022-09-28 15:55:10,425 [Time-limited test] WARN  ozone.BasicOzoneFileSystem (BasicOzoneFileSystem.java:getFileStatus(765)) - GetFileStatus failed for path /level0/level3/level3/file1
java.io.FileNotFoundException: level0/level3/level3/file1: No such file or directory!
	at org.apache.hadoop.fs.ozone.BasicOzoneClientAdapterImpl.getFileStatus(BasicOzoneClientAdapterImpl.java:369)
	at org.apache.hadoop.fs.ozone.BasicOzoneFileSystem.getFileStatus(BasicOzoneFileSystem.java:757)
	at org.apache.hadoop.fs.ozone.TestOzoneFileSystem.checkPath(TestOzoneFileSystem.java:504)
	at org.apache.hadoop.fs.ozone.TestOzoneFileSystem.testRecursiveDelete(TestOzoneFileSystem.java:498)
	at sun.reflect.NativeMethodAccessorImpl.invoke0(Native Method)
	at sun.reflect.NativeMethodAccessorImpl.invoke(NativeMethodAccessorImpl.java:62)
	at sun.reflect.DelegatingMethodAccessorImpl.invoke(DelegatingMethodAccessorImpl.java:43)
	at java.lang.reflect.Method.invoke(Method.java:498)
	at org.junit.runners.model.FrameworkMethod$1.runReflectiveCall(FrameworkMethod.java:59)
	at org.junit.internal.runners.model.ReflectiveCallable.run(ReflectiveCallable.java:12)
	at org.junit.runners.model.FrameworkMethod.invokeExplosively(FrameworkMethod.java:56)
	at org.junit.internal.runners.statements.InvokeMethod.evaluate(InvokeMethod.java:17)
	at org.junit.internal.runners.statements.RunAfters.evaluate(RunAfters.java:27)
	at org.junit.internal.runners.statements.FailOnTimeout$CallableStatement.call(FailOnTimeout.java:288)
	at org.junit.internal.runners.statements.FailOnTimeout$CallableStatement.call(FailOnTimeout.java:282)
	at java.util.concurrent.FutureTask.run(FutureTask.java:266)
	at java.lang.Thread.run(Thread.java:750)
]]></system-out>
  </testcase>
  <testcase name="testRecursiveDelete" classname="TestOzoneFileSystem" time="0.358">
    <system-out><![CDATA[15:57:02.817 [IPC Server handler 19 on default port 41537] ERROR OMAudit - user=runner | ip=127.0.0.1 | op=GET_FILE_STATUS {volume=volume06113, bucket=bucket59830, key=gdir1, dataSize=0, replicationConfig=null} | ret=FAILURE
org.apache.hadoop.ozone.om.exceptions.OMException: Unable to get file status: volume: volume06113 bucket: bucket59830 key: gdir1
	at org.apache.hadoop.ozone.om.KeyManagerImpl.getOzoneFileStatus(KeyManagerImpl.java:1324) ~[ozone-manager-1.3.0-SNAPSHOT.jar:?]
	at org.apache.hadoop.ozone.om.KeyManagerImpl.getFileStatus(KeyManagerImpl.java:1254) ~[ozone-manager-1.3.0-SNAPSHOT.jar:?]
	at org.apache.hadoop.ozone.om.OzoneManager.getFileStatus(OzoneManager.java:3506) ~[ozone-manager-1.3.0-SNAPSHOT.jar:?]
	at org.apache.hadoop.ozone.protocolPB.OzoneManagerRequestHandler.getOzoneFileStatus(OzoneManagerRequestHandler.java:882) ~[ozone-manager-1.3.0-SNAPSHOT.jar:?]
	at org.apache.hadoop.ozone.protocolPB.OzoneManagerRequestHandler.handleReadRequest(OzoneManagerRequestHandler.java:228) ~[ozone-manager-1.3.0-SNAPSHOT.jar:?]
	at org.apache.hadoop.ozone.protocolPB.OzoneManagerProtocolServerSideTranslatorPB.submitRequestDirectlyToOM(OzoneManagerProtocolServerSideTranslatorPB.java:276) ~[ozone-manager-1.3.0-SNAPSHOT.jar:?]
	at org.apache.hadoop.ozone.protocolPB.OzoneManagerProtocolServerSideTranslatorPB.processRequest(OzoneManagerProtocolServerSideTranslatorPB.java:205) ~[ozone-manager-1.3.0-SNAPSHOT.jar:?]
	at org.apache.hadoop.hdds.server.OzoneProtocolMessageDispatcher.processRequest(OzoneProtocolMessageDispatcher.java:87) [hdds-server-framework-1.3.0-SNAPSHOT.jar:?]
	at org.apache.hadoop.ozone.protocolPB.OzoneManagerProtocolServerSideTranslatorPB.submitRequest(OzoneManagerProtocolServerSideTranslatorPB.java:147) [ozone-manager-1.3.0-SNAPSHOT.jar:?]
	at org.apache.hadoop.ozone.protocol.proto.OzoneManagerProtocolProtos$OzoneManagerService$2.callBlockingMethod(OzoneManagerProtocolProtos.java) [ozone-interface-client-1.3.0-SNAPSHOT.jar:?]
	at org.apache.hadoop.ipc.ProtobufRpcEngine$Server.processCall(ProtobufRpcEngine.java:466) [hadoop-common-3.3.1.jar:?]
	at org.apache.hadoop.ipc.ProtobufRpcEngine2$Server$ProtoBufRpcInvoker.call(ProtobufRpcEngine2.java:574) [hadoop-common-3.3.1.jar:?]
	at org.apache.hadoop.ipc.ProtobufRpcEngine2$Server$ProtoBufRpcInvoker.call(ProtobufRpcEngine2.java:552) [hadoop-common-3.3.1.jar:?]
	at org.apache.hadoop.ipc.RPC$Server.call(RPC.java:1093) [hadoop-common-3.3.1.jar:?]
	at org.apache.hadoop.ipc.Server$RpcCall.run(Server.java:1035) [hadoop-common-3.3.1.jar:?]
	at org.apache.hadoop.ipc.Server$RpcCall.run(Server.java:963) [hadoop-common-3.3.1.jar:?]
	at java.security.AccessController.doPrivileged(Native Method) ~[?:1.8.0_345]
	at javax.security.auth.Subject.doAs(Subject.java:422) [?:1.8.0_345]
	at org.apache.hadoop.security.UserGroupInformation.doAs(UserGroupInformation.java:1878) [hadoop-common-3.3.1.jar:?]
	at org.apache.hadoop.ipc.Server$Handler.run(Server.java:2966) [hadoop-common-3.3.1.jar:?]
2022-09-28 15:57:02,819 [Time-limited test] WARN  ozone.BasicOzoneFileSystem (BasicOzoneFileSystem.java:getFileStatus(765)) - GetFileStatus failed for path /gdir1
java.io.FileNotFoundException: gdir1: No such file or directory!
	at org.apache.hadoop.fs.ozone.BasicOzoneClientAdapterImpl.getFileStatus(BasicOzoneClientAdapterImpl.java:369)
	at org.apache.hadoop.fs.ozone.BasicOzoneFileSystem.getFileStatus(BasicOzoneFileSystem.java:757)
	at org.apache.hadoop.fs.ozone.TestOzoneFileSystem.checkPath(TestOzoneFileSystem.java:504)
	at org.apache.hadoop.fs.ozone.TestOzoneFileSystem.testRecursiveDelete(TestOzoneFileSystem.java:454)
	at sun.reflect.NativeMethodAccessorImpl.invoke0(Native Method)
	at sun.reflect.NativeMethodAccessorImpl.invoke(NativeMethodAccessorImpl.java:62)
	at sun.reflect.DelegatingMethodAccessorImpl.invoke(DelegatingMethodAccessorImpl.java:43)
	at java.lang.reflect.Method.invoke(Method.java:498)
	at org.junit.runners.model.FrameworkMethod$1.runReflectiveCall(FrameworkMethod.java:59)
	at org.junit.internal.runners.model.ReflectiveCallable.run(ReflectiveCallable.java:12)
	at org.junit.runners.model.FrameworkMethod.invokeExplosively(FrameworkMethod.java:56)
	at org.junit.internal.runners.statements.InvokeMethod.evaluate(InvokeMethod.java:17)
	at org.junit.internal.runners.statements.RunAfters.evaluate(RunAfters.java:27)
	at org.junit.internal.runners.statements.FailOnTimeout$CallableStatement.call(FailOnTimeout.java:288)
	at org.junit.internal.runners.statements.FailOnTimeout$CallableStatement.call(FailOnTimeout.java:282)
	at java.util.concurrent.FutureTask.run(FutureTask.java:266)
	at java.lang.Thread.run(Thread.java:750)
15:57:02.819 [IPC Server handler 5 on default port 41537] ERROR OMAudit - user=runner | ip=127.0.0.1 | op=GET_FILE_STATUS {volume=volume06113, bucket=bucket59830, key=gdir1/dir1, dataSize=0, replicationConfig=null} | ret=FAILURE
org.apache.hadoop.ozone.om.exceptions.OMException: Unable to get file status: volume: volume06113 bucket: bucket59830 key: gdir1/dir1
	at org.apache.hadoop.ozone.om.KeyManagerImpl.getOzoneFileStatus(KeyManagerImpl.java:1324) ~[ozone-manager-1.3.0-SNAPSHOT.jar:?]
	at org.apache.hadoop.ozone.om.KeyManagerImpl.getFileStatus(KeyManagerImpl.java:1254) ~[ozone-manager-1.3.0-SNAPSHOT.jar:?]
	at org.apache.hadoop.ozone.om.OzoneManager.getFileStatus(OzoneManager.java:3506) ~[ozone-manager-1.3.0-SNAPSHOT.jar:?]
	at org.apache.hadoop.ozone.protocolPB.OzoneManagerRequestHandler.getOzoneFileStatus(OzoneManagerRequestHandler.java:882) ~[ozone-manager-1.3.0-SNAPSHOT.jar:?]
	at org.apache.hadoop.ozone.protocolPB.OzoneManagerRequestHandler.handleReadRequest(OzoneManagerRequestHandler.java:228) ~[ozone-manager-1.3.0-SNAPSHOT.jar:?]
	at org.apache.hadoop.ozone.protocolPB.OzoneManagerProtocolServerSideTranslatorPB.submitRequestDirectlyToOM(OzoneManagerProtocolServerSideTranslatorPB.java:276) ~[ozone-manager-1.3.0-SNAPSHOT.jar:?]
	at org.apache.hadoop.ozone.protocolPB.OzoneManagerProtocolServerSideTranslatorPB.processRequest(OzoneManagerProtocolServerSideTranslatorPB.java:205) ~[ozone-manager-1.3.0-SNAPSHOT.jar:?]
	at org.apache.hadoop.hdds.server.OzoneProtocolMessageDispatcher.processRequest(OzoneProtocolMessageDispatcher.java:87) [hdds-server-framework-1.3.0-SNAPSHOT.jar:?]
	at org.apache.hadoop.ozone.protocolPB.OzoneManagerProtocolServerSideTranslatorPB.submitRequest(OzoneManagerProtocolServerSideTranslatorPB.java:147) [ozone-manager-1.3.0-SNAPSHOT.jar:?]
	at org.apache.hadoop.ozone.protocol.proto.OzoneManagerProtocolProtos$OzoneManagerService$2.callBlockingMethod(OzoneManagerProtocolProtos.java) [ozone-interface-client-1.3.0-SNAPSHOT.jar:?]
	at org.apache.hadoop.ipc.ProtobufRpcEngine$Server.processCall(ProtobufRpcEngine.java:466) [hadoop-common-3.3.1.jar:?]
	at org.apache.hadoop.ipc.ProtobufRpcEngine2$Server$ProtoBufRpcInvoker.call(ProtobufRpcEngine2.java:574) [hadoop-common-3.3.1.jar:?]
	at org.apache.hadoop.ipc.ProtobufRpcEngine2$Server$ProtoBufRpcInvoker.call(ProtobufRpcEngine2.java:552) [hadoop-common-3.3.1.jar:?]
	at org.apache.hadoop.ipc.RPC$Server.call(RPC.java:1093) [hadoop-common-3.3.1.jar:?]
	at org.apache.hadoop.ipc.Server$RpcCall.run(Server.java:1035) [hadoop-common-3.3.1.jar:?]
	at org.apache.hadoop.ipc.Server$RpcCall.run(Server.java:963) [hadoop-common-3.3.1.jar:?]
	at java.security.AccessController.doPrivileged(Native Method) ~[?:1.8.0_345]
	at javax.security.auth.Subject.doAs(Subject.java:422) [?:1.8.0_345]
	at org.apache.hadoop.security.UserGroupInformation.doAs(UserGroupInformation.java:1878) [hadoop-common-3.3.1.jar:?]
	at org.apache.hadoop.ipc.Server$Handler.run(Server.java:2966) [hadoop-common-3.3.1.jar:?]
2022-09-28 15:57:02,820 [Time-limited test] WARN  ozone.BasicOzoneFileSystem (BasicOzoneFileSystem.java:getFileStatus(765)) - GetFileStatus failed for path /gdir1/dir1
java.io.FileNotFoundException: gdir1/dir1: No such file or directory!
	at org.apache.hadoop.fs.ozone.BasicOzoneClientAdapterImpl.getFileStatus(BasicOzoneClientAdapterImpl.java:369)
	at org.apache.hadoop.fs.ozone.BasicOzoneFileSystem.getFileStatus(BasicOzoneFileSystem.java:757)
	at org.apache.hadoop.fs.ozone.TestOzoneFileSystem.checkPath(TestOzoneFileSystem.java:504)
	at org.apache.hadoop.fs.ozone.TestOzoneFileSystem.testRecursiveDelete(TestOzoneFileSystem.java:459)
	at sun.reflect.NativeMethodAccessorImpl.invoke0(Native Method)
	at sun.reflect.NativeMethodAccessorImpl.invoke(NativeMethodAccessorImpl.java:62)
	at sun.reflect.DelegatingMethodAccessorImpl.invoke(DelegatingMethodAccessorImpl.java:43)
	at java.lang.reflect.Method.invoke(Method.java:498)
	at org.junit.runners.model.FrameworkMethod$1.runReflectiveCall(FrameworkMethod.java:59)
	at org.junit.internal.runners.model.ReflectiveCallable.run(ReflectiveCallable.java:12)
	at org.junit.runners.model.FrameworkMethod.invokeExplosively(FrameworkMethod.java:56)
	at org.junit.internal.runners.statements.InvokeMethod.evaluate(InvokeMethod.java:17)
	at org.junit.internal.runners.statements.RunAfters.evaluate(RunAfters.java:27)
	at org.junit.internal.runners.statements.FailOnTimeout$CallableStatement.call(FailOnTimeout.java:288)
	at org.junit.internal.runners.statements.FailOnTimeout$CallableStatement.call(FailOnTimeout.java:282)
	at java.util.concurrent.FutureTask.run(FutureTask.java:266)
	at java.lang.Thread.run(Thread.java:750)
15:57:02.820 [IPC Server handler 7 on default port 41537] ERROR OMAudit - user=runner | ip=127.0.0.1 | op=GET_FILE_STATUS {volume=volume06113, bucket=bucket59830, key=gdir1/dir1/child, dataSize=0, replicationConfig=null} | ret=FAILURE
org.apache.hadoop.ozone.om.exceptions.OMException: Unable to get file status: volume: volume06113 bucket: bucket59830 key: gdir1/dir1/child
	at org.apache.hadoop.ozone.om.KeyManagerImpl.getOzoneFileStatus(KeyManagerImpl.java:1324) ~[ozone-manager-1.3.0-SNAPSHOT.jar:?]
	at org.apache.hadoop.ozone.om.KeyManagerImpl.getFileStatus(KeyManagerImpl.java:1254) ~[ozone-manager-1.3.0-SNAPSHOT.jar:?]
	at org.apache.hadoop.ozone.om.OzoneManager.getFileStatus(OzoneManager.java:3506) ~[ozone-manager-1.3.0-SNAPSHOT.jar:?]
	at org.apache.hadoop.ozone.protocolPB.OzoneManagerRequestHandler.getOzoneFileStatus(OzoneManagerRequestHandler.java:882) ~[ozone-manager-1.3.0-SNAPSHOT.jar:?]
	at org.apache.hadoop.ozone.protocolPB.OzoneManagerRequestHandler.handleReadRequest(OzoneManagerRequestHandler.java:228) ~[ozone-manager-1.3.0-SNAPSHOT.jar:?]
	at org.apache.hadoop.ozone.protocolPB.OzoneManagerProtocolServerSideTranslatorPB.submitRequestDirectlyToOM(OzoneManagerProtocolServerSideTranslatorPB.java:276) ~[ozone-manager-1.3.0-SNAPSHOT.jar:?]
	at org.apache.hadoop.ozone.protocolPB.OzoneManagerProtocolServerSideTranslatorPB.processRequest(OzoneManagerProtocolServerSideTranslatorPB.java:205) ~[ozone-manager-1.3.0-SNAPSHOT.jar:?]
	at org.apache.hadoop.hdds.server.OzoneProtocolMessageDispatcher.processRequest(OzoneProtocolMessageDispatcher.java:87) [hdds-server-framework-1.3.0-SNAPSHOT.jar:?]
	at org.apache.hadoop.ozone.protocolPB.OzoneManagerProtocolServerSideTranslatorPB.submitRequest(OzoneManagerProtocolServerSideTranslatorPB.java:147) [ozone-manager-1.3.0-SNAPSHOT.jar:?]
	at org.apache.hadoop.ozone.protocol.proto.OzoneManagerProtocolProtos$OzoneManagerService$2.callBlockingMethod(OzoneManagerProtocolProtos.java) [ozone-interface-client-1.3.0-SNAPSHOT.jar:?]
	at org.apache.hadoop.ipc.ProtobufRpcEngine$Server.processCall(ProtobufRpcEngine.java:466) [hadoop-common-3.3.1.jar:?]
	at org.apache.hadoop.ipc.ProtobufRpcEngine2$Server$ProtoBufRpcInvoker.call(ProtobufRpcEngine2.java:574) [hadoop-common-3.3.1.jar:?]
	at org.apache.hadoop.ipc.ProtobufRpcEngine2$Server$ProtoBufRpcInvoker.call(ProtobufRpcEngine2.java:552) [hadoop-common-3.3.1.jar:?]
	at org.apache.hadoop.ipc.RPC$Server.call(RPC.java:1093) [hadoop-common-3.3.1.jar:?]
	at org.apache.hadoop.ipc.Server$RpcCall.run(Server.java:1035) [hadoop-common-3.3.1.jar:?]
	at org.apache.hadoop.ipc.Server$RpcCall.run(Server.java:963) [hadoop-common-3.3.1.jar:?]
	at java.security.AccessController.doPrivileged(Native Method) ~[?:1.8.0_345]
	at javax.security.auth.Subject.doAs(Subject.java:422) [?:1.8.0_345]
	at org.apache.hadoop.security.UserGroupInformation.doAs(UserGroupInformation.java:1878) [hadoop-common-3.3.1.jar:?]
	at org.apache.hadoop.ipc.Server$Handler.run(Server.java:2966) [hadoop-common-3.3.1.jar:?]
2022-09-28 15:57:02,820 [Time-limited test] WARN  ozone.BasicOzoneFileSystem (BasicOzoneFileSystem.java:getFileStatus(765)) - GetFileStatus failed for path /gdir1/dir1/child
java.io.FileNotFoundException: gdir1/dir1/child: No such file or directory!
	at org.apache.hadoop.fs.ozone.BasicOzoneClientAdapterImpl.getFileStatus(BasicOzoneClientAdapterImpl.java:369)
	at org.apache.hadoop.fs.ozone.BasicOzoneFileSystem.getFileStatus(BasicOzoneFileSystem.java:757)
	at org.apache.hadoop.fs.ozone.TestOzoneFileSystem.checkPath(TestOzoneFileSystem.java:504)
	at org.apache.hadoop.fs.ozone.TestOzoneFileSystem.testRecursiveDelete(TestOzoneFileSystem.java:460)
	at sun.reflect.NativeMethodAccessorImpl.invoke0(Native Method)
	at sun.reflect.NativeMethodAccessorImpl.invoke(NativeMethodAccessorImpl.java:62)
	at sun.reflect.DelegatingMethodAccessorImpl.invoke(DelegatingMethodAccessorImpl.java:43)
	at java.lang.reflect.Method.invoke(Method.java:498)
	at org.junit.runners.model.FrameworkMethod$1.runReflectiveCall(FrameworkMethod.java:59)
	at org.junit.internal.runners.model.ReflectiveCallable.run(ReflectiveCallable.java:12)
	at org.junit.runners.model.FrameworkMethod.invokeExplosively(FrameworkMethod.java:56)
	at org.junit.internal.runners.statements.InvokeMethod.evaluate(InvokeMethod.java:17)
	at org.junit.internal.runners.statements.RunAfters.evaluate(RunAfters.java:27)
	at org.junit.internal.runners.statements.FailOnTimeout$CallableStatement.call(FailOnTimeout.java:288)
	at org.junit.internal.runners.statements.FailOnTimeout$CallableStatement.call(FailOnTimeout.java:282)
	at java.util.concurrent.FutureTask.run(FutureTask.java:266)
	at java.lang.Thread.run(Thread.java:750)
15:57:02.821 [IPC Server handler 4 on default port 41537] ERROR OMAudit - user=runner | ip=127.0.0.1 | op=GET_FILE_STATUS {volume=volume06113, bucket=bucket59830, key=gdir1/dir2, dataSize=0, replicationConfig=null} | ret=FAILURE
org.apache.hadoop.ozone.om.exceptions.OMException: Unable to get file status: volume: volume06113 bucket: bucket59830 key: gdir1/dir2
	at org.apache.hadoop.ozone.om.KeyManagerImpl.getOzoneFileStatus(KeyManagerImpl.java:1324) ~[ozone-manager-1.3.0-SNAPSHOT.jar:?]
	at org.apache.hadoop.ozone.om.KeyManagerImpl.getFileStatus(KeyManagerImpl.java:1254) ~[ozone-manager-1.3.0-SNAPSHOT.jar:?]
	at org.apache.hadoop.ozone.om.OzoneManager.getFileStatus(OzoneManager.java:3506) ~[ozone-manager-1.3.0-SNAPSHOT.jar:?]
	at org.apache.hadoop.ozone.protocolPB.OzoneManagerRequestHandler.getOzoneFileStatus(OzoneManagerRequestHandler.java:882) ~[ozone-manager-1.3.0-SNAPSHOT.jar:?]
	at org.apache.hadoop.ozone.protocolPB.OzoneManagerRequestHandler.handleReadRequest(OzoneManagerRequestHandler.java:228) ~[ozone-manager-1.3.0-SNAPSHOT.jar:?]
	at org.apache.hadoop.ozone.protocolPB.OzoneManagerProtocolServerSideTranslatorPB.submitRequestDirectlyToOM(OzoneManagerProtocolServerSideTranslatorPB.java:276) ~[ozone-manager-1.3.0-SNAPSHOT.jar:?]
	at org.apache.hadoop.ozone.protocolPB.OzoneManagerProtocolServerSideTranslatorPB.processRequest(OzoneManagerProtocolServerSideTranslatorPB.java:205) ~[ozone-manager-1.3.0-SNAPSHOT.jar:?]
	at org.apache.hadoop.hdds.server.OzoneProtocolMessageDispatcher.processRequest(OzoneProtocolMessageDispatcher.java:87) [hdds-server-framework-1.3.0-SNAPSHOT.jar:?]
	at org.apache.hadoop.ozone.protocolPB.OzoneManagerProtocolServerSideTranslatorPB.submitRequest(OzoneManagerProtocolServerSideTranslatorPB.java:147) [ozone-manager-1.3.0-SNAPSHOT.jar:?]
	at org.apache.hadoop.ozone.protocol.proto.OzoneManagerProtocolProtos$OzoneManagerService$2.callBlockingMethod(OzoneManagerProtocolProtos.java) [ozone-interface-client-1.3.0-SNAPSHOT.jar:?]
	at org.apache.hadoop.ipc.ProtobufRpcEngine$Server.processCall(ProtobufRpcEngine.java:466) [hadoop-common-3.3.1.jar:?]
	at org.apache.hadoop.ipc.ProtobufRpcEngine2$Server$ProtoBufRpcInvoker.call(ProtobufRpcEngine2.java:574) [hadoop-common-3.3.1.jar:?]
	at org.apache.hadoop.ipc.ProtobufRpcEngine2$Server$ProtoBufRpcInvoker.call(ProtobufRpcEngine2.java:552) [hadoop-common-3.3.1.jar:?]
	at org.apache.hadoop.ipc.RPC$Server.call(RPC.java:1093) [hadoop-common-3.3.1.jar:?]
	at org.apache.hadoop.ipc.Server$RpcCall.run(Server.java:1035) [hadoop-common-3.3.1.jar:?]
	at org.apache.hadoop.ipc.Server$RpcCall.run(Server.java:963) [hadoop-common-3.3.1.jar:?]
	at java.security.AccessController.doPrivileged(Native Method) ~[?:1.8.0_345]
	at javax.security.auth.Subject.doAs(Subject.java:422) [?:1.8.0_345]
	at org.apache.hadoop.security.UserGroupInformation.doAs(UserGroupInformation.java:1878) [hadoop-common-3.3.1.jar:?]
	at org.apache.hadoop.ipc.Server$Handler.run(Server.java:2966) [hadoop-common-3.3.1.jar:?]
2022-09-28 15:57:02,822 [Time-limited test] WARN  ozone.BasicOzoneFileSystem (BasicOzoneFileSystem.java:getFileStatus(765)) - GetFileStatus failed for path /gdir1/dir2
java.io.FileNotFoundException: gdir1/dir2: No such file or directory!
	at org.apache.hadoop.fs.ozone.BasicOzoneClientAdapterImpl.getFileStatus(BasicOzoneClientAdapterImpl.java:369)
	at org.apache.hadoop.fs.ozone.BasicOzoneFileSystem.getFileStatus(BasicOzoneFileSystem.java:757)
	at org.apache.hadoop.fs.ozone.TestOzoneFileSystem.checkPath(TestOzoneFileSystem.java:504)
	at org.apache.hadoop.fs.ozone.TestOzoneFileSystem.testRecursiveDelete(TestOzoneFileSystem.java:459)
	at sun.reflect.NativeMethodAccessorImpl.invoke0(Native Method)
	at sun.reflect.NativeMethodAccessorImpl.invoke(NativeMethodAccessorImpl.java:62)
	at sun.reflect.DelegatingMethodAccessorImpl.invoke(DelegatingMethodAccessorImpl.java:43)
	at java.lang.reflect.Method.invoke(Method.java:498)
	at org.junit.runners.model.FrameworkMethod$1.runReflectiveCall(FrameworkMethod.java:59)
	at org.junit.internal.runners.model.ReflectiveCallable.run(ReflectiveCallable.java:12)
	at org.junit.runners.model.FrameworkMethod.invokeExplosively(FrameworkMethod.java:56)
	at org.junit.internal.runners.statements.InvokeMethod.evaluate(InvokeMethod.java:17)
	at org.junit.internal.runners.statements.RunAfters.evaluate(RunAfters.java:27)
	at org.junit.internal.runners.statements.FailOnTimeout$CallableStatement.call(FailOnTimeout.java:288)
	at org.junit.internal.runners.statements.FailOnTimeout$CallableStatement.call(FailOnTimeout.java:282)
	at java.util.concurrent.FutureTask.run(FutureTask.java:266)
	at java.lang.Thread.run(Thread.java:750)
15:57:02.822 [IPC Server handler 6 on default port 41537] ERROR OMAudit - user=runner | ip=127.0.0.1 | op=GET_FILE_STATUS {volume=volume06113, bucket=bucket59830, key=gdir1/dir2/child, dataSize=0, replicationConfig=null} | ret=FAILURE
org.apache.hadoop.ozone.om.exceptions.OMException: Unable to get file status: volume: volume06113 bucket: bucket59830 key: gdir1/dir2/child
	at org.apache.hadoop.ozone.om.KeyManagerImpl.getOzoneFileStatus(KeyManagerImpl.java:1324) ~[ozone-manager-1.3.0-SNAPSHOT.jar:?]
	at org.apache.hadoop.ozone.om.KeyManagerImpl.getFileStatus(KeyManagerImpl.java:1254) ~[ozone-manager-1.3.0-SNAPSHOT.jar:?]
	at org.apache.hadoop.ozone.om.OzoneManager.getFileStatus(OzoneManager.java:3506) ~[ozone-manager-1.3.0-SNAPSHOT.jar:?]
	at org.apache.hadoop.ozone.protocolPB.OzoneManagerRequestHandler.getOzoneFileStatus(OzoneManagerRequestHandler.java:882) ~[ozone-manager-1.3.0-SNAPSHOT.jar:?]
	at org.apache.hadoop.ozone.protocolPB.OzoneManagerRequestHandler.handleReadRequest(OzoneManagerRequestHandler.java:228) ~[ozone-manager-1.3.0-SNAPSHOT.jar:?]
	at org.apache.hadoop.ozone.protocolPB.OzoneManagerProtocolServerSideTranslatorPB.submitRequestDirectlyToOM(OzoneManagerProtocolServerSideTranslatorPB.java:276) ~[ozone-manager-1.3.0-SNAPSHOT.jar:?]
	at org.apache.hadoop.ozone.protocolPB.OzoneManagerProtocolServerSideTranslatorPB.processRequest(OzoneManagerProtocolServerSideTranslatorPB.java:205) ~[ozone-manager-1.3.0-SNAPSHOT.jar:?]
	at org.apache.hadoop.hdds.server.OzoneProtocolMessageDispatcher.processRequest(OzoneProtocolMessageDispatcher.java:87) [hdds-server-framework-1.3.0-SNAPSHOT.jar:?]
	at org.apache.hadoop.ozone.protocolPB.OzoneManagerProtocolServerSideTranslatorPB.submitRequest(OzoneManagerProtocolServerSideTranslatorPB.java:147) [ozone-manager-1.3.0-SNAPSHOT.jar:?]
	at org.apache.hadoop.ozone.protocol.proto.OzoneManagerProtocolProtos$OzoneManagerService$2.callBlockingMethod(OzoneManagerProtocolProtos.java) [ozone-interface-client-1.3.0-SNAPSHOT.jar:?]
	at org.apache.hadoop.ipc.ProtobufRpcEngine$Server.processCall(ProtobufRpcEngine.java:466) [hadoop-common-3.3.1.jar:?]
	at org.apache.hadoop.ipc.ProtobufRpcEngine2$Server$ProtoBufRpcInvoker.call(ProtobufRpcEngine2.java:574) [hadoop-common-3.3.1.jar:?]
	at org.apache.hadoop.ipc.ProtobufRpcEngine2$Server$ProtoBufRpcInvoker.call(ProtobufRpcEngine2.java:552) [hadoop-common-3.3.1.jar:?]
	at org.apache.hadoop.ipc.RPC$Server.call(RPC.java:1093) [hadoop-common-3.3.1.jar:?]
	at org.apache.hadoop.ipc.Server$RpcCall.run(Server.java:1035) [hadoop-common-3.3.1.jar:?]
	at org.apache.hadoop.ipc.Server$RpcCall.run(Server.java:963) [hadoop-common-3.3.1.jar:?]
	at java.security.AccessController.doPrivileged(Native Method) ~[?:1.8.0_345]
	at javax.security.auth.Subject.doAs(Subject.java:422) [?:1.8.0_345]
	at org.apache.hadoop.security.UserGroupInformation.doAs(UserGroupInformation.java:1878) [hadoop-common-3.3.1.jar:?]
	at org.apache.hadoop.ipc.Server$Handler.run(Server.java:2966) [hadoop-common-3.3.1.jar:?]
2022-09-28 15:57:02,822 [Time-limited test] WARN  ozone.BasicOzoneFileSystem (BasicOzoneFileSystem.java:getFileStatus(765)) - GetFileStatus failed for path /gdir1/dir2/child
java.io.FileNotFoundException: gdir1/dir2/child: No such file or directory!
	at org.apache.hadoop.fs.ozone.BasicOzoneClientAdapterImpl.getFileStatus(BasicOzoneClientAdapterImpl.java:369)
	at org.apache.hadoop.fs.ozone.BasicOzoneFileSystem.getFileStatus(BasicOzoneFileSystem.java:757)
	at org.apache.hadoop.fs.ozone.TestOzoneFileSystem.checkPath(TestOzoneFileSystem.java:504)
	at org.apache.hadoop.fs.ozone.TestOzoneFileSystem.testRecursiveDelete(TestOzoneFileSystem.java:460)
	at sun.reflect.NativeMethodAccessorImpl.invoke0(Native Method)
	at sun.reflect.NativeMethodAccessorImpl.invoke(NativeMethodAccessorImpl.java:62)
	at sun.reflect.DelegatingMethodAccessorImpl.invoke(DelegatingMethodAccessorImpl.java:43)
	at java.lang.reflect.Method.invoke(Method.java:498)
	at org.junit.runners.model.FrameworkMethod$1.runReflectiveCall(FrameworkMethod.java:59)
	at org.junit.internal.runners.model.ReflectiveCallable.run(ReflectiveCallable.java:12)
	at org.junit.runners.model.FrameworkMethod.invokeExplosively(FrameworkMethod.java:56)
	at org.junit.internal.runners.statements.InvokeMethod.evaluate(InvokeMethod.java:17)
	at org.junit.internal.runners.statements.RunAfters.evaluate(RunAfters.java:27)
	at org.junit.internal.runners.statements.FailOnTimeout$CallableStatement.call(FailOnTimeout.java:288)
	at org.junit.internal.runners.statements.FailOnTimeout$CallableStatement.call(FailOnTimeout.java:282)
	at java.util.concurrent.FutureTask.run(FutureTask.java:266)
	at java.lang.Thread.run(Thread.java:750)
15:57:02.823 [IPC Server handler 8 on default port 41537] ERROR OMAudit - user=runner | ip=127.0.0.1 | op=GET_FILE_STATUS {volume=volume06113, bucket=bucket59830, key=gdir1/dir3, dataSize=0, replicationConfig=null} | ret=FAILURE
org.apache.hadoop.ozone.om.exceptions.OMException: Unable to get file status: volume: volume06113 bucket: bucket59830 key: gdir1/dir3
	at org.apache.hadoop.ozone.om.KeyManagerImpl.getOzoneFileStatus(KeyManagerImpl.java:1324) ~[ozone-manager-1.3.0-SNAPSHOT.jar:?]
	at org.apache.hadoop.ozone.om.KeyManagerImpl.getFileStatus(KeyManagerImpl.java:1254) ~[ozone-manager-1.3.0-SNAPSHOT.jar:?]
	at org.apache.hadoop.ozone.om.OzoneManager.getFileStatus(OzoneManager.java:3506) ~[ozone-manager-1.3.0-SNAPSHOT.jar:?]
	at org.apache.hadoop.ozone.protocolPB.OzoneManagerRequestHandler.getOzoneFileStatus(OzoneManagerRequestHandler.java:882) ~[ozone-manager-1.3.0-SNAPSHOT.jar:?]
	at org.apache.hadoop.ozone.protocolPB.OzoneManagerRequestHandler.handleReadRequest(OzoneManagerRequestHandler.java:228) ~[ozone-manager-1.3.0-SNAPSHOT.jar:?]
	at org.apache.hadoop.ozone.protocolPB.OzoneManagerProtocolServerSideTranslatorPB.submitRequestDirectlyToOM(OzoneManagerProtocolServerSideTranslatorPB.java:276) ~[ozone-manager-1.3.0-SNAPSHOT.jar:?]
	at org.apache.hadoop.ozone.protocolPB.OzoneManagerProtocolServerSideTranslatorPB.processRequest(OzoneManagerProtocolServerSideTranslatorPB.java:205) ~[ozone-manager-1.3.0-SNAPSHOT.jar:?]
	at org.apache.hadoop.hdds.server.OzoneProtocolMessageDispatcher.processRequest(OzoneProtocolMessageDispatcher.java:87) [hdds-server-framework-1.3.0-SNAPSHOT.jar:?]
	at org.apache.hadoop.ozone.protocolPB.OzoneManagerProtocolServerSideTranslatorPB.submitRequest(OzoneManagerProtocolServerSideTranslatorPB.java:147) [ozone-manager-1.3.0-SNAPSHOT.jar:?]
	at org.apache.hadoop.ozone.protocol.proto.OzoneManagerProtocolProtos$OzoneManagerService$2.callBlockingMethod(OzoneManagerProtocolProtos.java) [ozone-interface-client-1.3.0-SNAPSHOT.jar:?]
	at org.apache.hadoop.ipc.ProtobufRpcEngine$Server.processCall(ProtobufRpcEngine.java:466) [hadoop-common-3.3.1.jar:?]
	at org.apache.hadoop.ipc.ProtobufRpcEngine2$Server$ProtoBufRpcInvoker.call(ProtobufRpcEngine2.java:574) [hadoop-common-3.3.1.jar:?]
	at org.apache.hadoop.ipc.ProtobufRpcEngine2$Server$ProtoBufRpcInvoker.call(ProtobufRpcEngine2.java:552) [hadoop-common-3.3.1.jar:?]
	at org.apache.hadoop.ipc.RPC$Server.call(RPC.java:1093) [hadoop-common-3.3.1.jar:?]
	at org.apache.hadoop.ipc.Server$RpcCall.run(Server.java:1035) [hadoop-common-3.3.1.jar:?]
	at org.apache.hadoop.ipc.Server$RpcCall.run(Server.java:963) [hadoop-common-3.3.1.jar:?]
	at java.security.AccessController.doPrivileged(Native Method) ~[?:1.8.0_345]
	at javax.security.auth.Subject.doAs(Subject.java:422) [?:1.8.0_345]
	at org.apache.hadoop.security.UserGroupInformation.doAs(UserGroupInformation.java:1878) [hadoop-common-3.3.1.jar:?]
	at org.apache.hadoop.ipc.Server$Handler.run(Server.java:2966) [hadoop-common-3.3.1.jar:?]
2022-09-28 15:57:02,823 [Time-limited test] WARN  ozone.BasicOzoneFileSystem (BasicOzoneFileSystem.java:getFileStatus(765)) - GetFileStatus failed for path /gdir1/dir3
java.io.FileNotFoundException: gdir1/dir3: No such file or directory!
	at org.apache.hadoop.fs.ozone.BasicOzoneClientAdapterImpl.getFileStatus(BasicOzoneClientAdapterImpl.java:369)
	at org.apache.hadoop.fs.ozone.BasicOzoneFileSystem.getFileStatus(BasicOzoneFileSystem.java:757)
	at org.apache.hadoop.fs.ozone.TestOzoneFileSystem.checkPath(TestOzoneFileSystem.java:504)
	at org.apache.hadoop.fs.ozone.TestOzoneFileSystem.testRecursiveDelete(TestOzoneFileSystem.java:459)
	at sun.reflect.NativeMethodAccessorImpl.invoke0(Native Method)
	at sun.reflect.NativeMethodAccessorImpl.invoke(NativeMethodAccessorImpl.java:62)
	at sun.reflect.DelegatingMethodAccessorImpl.invoke(DelegatingMethodAccessorImpl.java:43)
	at java.lang.reflect.Method.invoke(Method.java:498)
	at org.junit.runners.model.FrameworkMethod$1.runReflectiveCall(FrameworkMethod.java:59)
	at org.junit.internal.runners.model.ReflectiveCallable.run(ReflectiveCallable.java:12)
	at org.junit.runners.model.FrameworkMethod.invokeExplosively(FrameworkMethod.java:56)
	at org.junit.internal.runners.statements.InvokeMethod.evaluate(InvokeMethod.java:17)
	at org.junit.internal.runners.statements.RunAfters.evaluate(RunAfters.java:27)
	at org.junit.internal.runners.statements.FailOnTimeout$CallableStatement.call(FailOnTimeout.java:288)
	at org.junit.internal.runners.statements.FailOnTimeout$CallableStatement.call(FailOnTimeout.java:282)
	at java.util.concurrent.FutureTask.run(FutureTask.java:266)
	at java.lang.Thread.run(Thread.java:750)
15:57:02.823 [IPC Server handler 0 on default port 41537] ERROR OMAudit - user=runner | ip=127.0.0.1 | op=GET_FILE_STATUS {volume=volume06113, bucket=bucket59830, key=gdir1/dir3/child, dataSize=0, replicationConfig=null} | ret=FAILURE
org.apache.hadoop.ozone.om.exceptions.OMException: Unable to get file status: volume: volume06113 bucket: bucket59830 key: gdir1/dir3/child
	at org.apache.hadoop.ozone.om.KeyManagerImpl.getOzoneFileStatus(KeyManagerImpl.java:1324) ~[ozone-manager-1.3.0-SNAPSHOT.jar:?]
	at org.apache.hadoop.ozone.om.KeyManagerImpl.getFileStatus(KeyManagerImpl.java:1254) ~[ozone-manager-1.3.0-SNAPSHOT.jar:?]
	at org.apache.hadoop.ozone.om.OzoneManager.getFileStatus(OzoneManager.java:3506) ~[ozone-manager-1.3.0-SNAPSHOT.jar:?]
	at org.apache.hadoop.ozone.protocolPB.OzoneManagerRequestHandler.getOzoneFileStatus(OzoneManagerRequestHandler.java:882) ~[ozone-manager-1.3.0-SNAPSHOT.jar:?]
	at org.apache.hadoop.ozone.protocolPB.OzoneManagerRequestHandler.handleReadRequest(OzoneManagerRequestHandler.java:228) ~[ozone-manager-1.3.0-SNAPSHOT.jar:?]
	at org.apache.hadoop.ozone.protocolPB.OzoneManagerProtocolServerSideTranslatorPB.submitRequestDirectlyToOM(OzoneManagerProtocolServerSideTranslatorPB.java:276) ~[ozone-manager-1.3.0-SNAPSHOT.jar:?]
	at org.apache.hadoop.ozone.protocolPB.OzoneManagerProtocolServerSideTranslatorPB.processRequest(OzoneManagerProtocolServerSideTranslatorPB.java:205) ~[ozone-manager-1.3.0-SNAPSHOT.jar:?]
	at org.apache.hadoop.hdds.server.OzoneProtocolMessageDispatcher.processRequest(OzoneProtocolMessageDispatcher.java:87) [hdds-server-framework-1.3.0-SNAPSHOT.jar:?]
	at org.apache.hadoop.ozone.protocolPB.OzoneManagerProtocolServerSideTranslatorPB.submitRequest(OzoneManagerProtocolServerSideTranslatorPB.java:147) [ozone-manager-1.3.0-SNAPSHOT.jar:?]
	at org.apache.hadoop.ozone.protocol.proto.OzoneManagerProtocolProtos$OzoneManagerService$2.callBlockingMethod(OzoneManagerProtocolProtos.java) [ozone-interface-client-1.3.0-SNAPSHOT.jar:?]
	at org.apache.hadoop.ipc.ProtobufRpcEngine$Server.processCall(ProtobufRpcEngine.java:466) [hadoop-common-3.3.1.jar:?]
	at org.apache.hadoop.ipc.ProtobufRpcEngine2$Server$ProtoBufRpcInvoker.call(ProtobufRpcEngine2.java:574) [hadoop-common-3.3.1.jar:?]
	at org.apache.hadoop.ipc.ProtobufRpcEngine2$Server$ProtoBufRpcInvoker.call(ProtobufRpcEngine2.java:552) [hadoop-common-3.3.1.jar:?]
	at org.apache.hadoop.ipc.RPC$Server.call(RPC.java:1093) [hadoop-common-3.3.1.jar:?]
	at org.apache.hadoop.ipc.Server$RpcCall.run(Server.java:1035) [hadoop-common-3.3.1.jar:?]
	at org.apache.hadoop.ipc.Server$RpcCall.run(Server.java:963) [hadoop-common-3.3.1.jar:?]
	at java.security.AccessController.doPrivileged(Native Method) ~[?:1.8.0_345]
	at javax.security.auth.Subject.doAs(Subject.java:422) [?:1.8.0_345]
	at org.apache.hadoop.security.UserGroupInformation.doAs(UserGroupInformation.java:1878) [hadoop-common-3.3.1.jar:?]
	at org.apache.hadoop.ipc.Server$Handler.run(Server.java:2966) [hadoop-common-3.3.1.jar:?]
2022-09-28 15:57:02,823 [Time-limited test] WARN  ozone.BasicOzoneFileSystem (BasicOzoneFileSystem.java:getFileStatus(765)) - GetFileStatus failed for path /gdir1/dir3/child
java.io.FileNotFoundException: gdir1/dir3/child: No such file or directory!
	at org.apache.hadoop.fs.ozone.BasicOzoneClientAdapterImpl.getFileStatus(BasicOzoneClientAdapterImpl.java:369)
	at org.apache.hadoop.fs.ozone.BasicOzoneFileSystem.getFileStatus(BasicOzoneFileSystem.java:757)
	at org.apache.hadoop.fs.ozone.TestOzoneFileSystem.checkPath(TestOzoneFileSystem.java:504)
	at org.apache.hadoop.fs.ozone.TestOzoneFileSystem.testRecursiveDelete(TestOzoneFileSystem.java:460)
	at sun.reflect.NativeMethodAccessorImpl.invoke0(Native Method)
	at sun.reflect.NativeMethodAccessorImpl.invoke(NativeMethodAccessorImpl.java:62)
	at sun.reflect.DelegatingMethodAccessorImpl.invoke(DelegatingMethodAccessorImpl.java:43)
	at java.lang.reflect.Method.invoke(Method.java:498)
	at org.junit.runners.model.FrameworkMethod$1.runReflectiveCall(FrameworkMethod.java:59)
	at org.junit.internal.runners.model.ReflectiveCallable.run(ReflectiveCallable.java:12)
	at org.junit.runners.model.FrameworkMethod.invokeExplosively(FrameworkMethod.java:56)
	at org.junit.internal.runners.statements.InvokeMethod.evaluate(InvokeMethod.java:17)
	at org.junit.internal.runners.statements.RunAfters.evaluate(RunAfters.java:27)
	at org.junit.internal.runners.statements.FailOnTimeout$CallableStatement.call(FailOnTimeout.java:288)
	at org.junit.internal.runners.statements.FailOnTimeout$CallableStatement.call(FailOnTimeout.java:282)
	at java.util.concurrent.FutureTask.run(FutureTask.java:266)
	at java.lang.Thread.run(Thread.java:750)
15:57:02.824 [IPC Server handler 1 on default port 41537] ERROR OMAudit - user=runner | ip=127.0.0.1 | op=GET_FILE_STATUS {volume=volume06113, bucket=bucket59830, key=gdir1/dir4, dataSize=0, replicationConfig=null} | ret=FAILURE
org.apache.hadoop.ozone.om.exceptions.OMException: Unable to get file status: volume: volume06113 bucket: bucket59830 key: gdir1/dir4
	at org.apache.hadoop.ozone.om.KeyManagerImpl.getOzoneFileStatus(KeyManagerImpl.java:1324) ~[ozone-manager-1.3.0-SNAPSHOT.jar:?]
	at org.apache.hadoop.ozone.om.KeyManagerImpl.getFileStatus(KeyManagerImpl.java:1254) ~[ozone-manager-1.3.0-SNAPSHOT.jar:?]
	at org.apache.hadoop.ozone.om.OzoneManager.getFileStatus(OzoneManager.java:3506) ~[ozone-manager-1.3.0-SNAPSHOT.jar:?]
	at org.apache.hadoop.ozone.protocolPB.OzoneManagerRequestHandler.getOzoneFileStatus(OzoneManagerRequestHandler.java:882) ~[ozone-manager-1.3.0-SNAPSHOT.jar:?]
	at org.apache.hadoop.ozone.protocolPB.OzoneManagerRequestHandler.handleReadRequest(OzoneManagerRequestHandler.java:228) ~[ozone-manager-1.3.0-SNAPSHOT.jar:?]
	at org.apache.hadoop.ozone.protocolPB.OzoneManagerProtocolServerSideTranslatorPB.submitRequestDirectlyToOM(OzoneManagerProtocolServerSideTranslatorPB.java:276) ~[ozone-manager-1.3.0-SNAPSHOT.jar:?]
	at org.apache.hadoop.ozone.protocolPB.OzoneManagerProtocolServerSideTranslatorPB.processRequest(OzoneManagerProtocolServerSideTranslatorPB.java:205) ~[ozone-manager-1.3.0-SNAPSHOT.jar:?]
	at org.apache.hadoop.hdds.server.OzoneProtocolMessageDispatcher.processRequest(OzoneProtocolMessageDispatcher.java:87) [hdds-server-framework-1.3.0-SNAPSHOT.jar:?]
	at org.apache.hadoop.ozone.protocolPB.OzoneManagerProtocolServerSideTranslatorPB.submitRequest(OzoneManagerProtocolServerSideTranslatorPB.java:147) [ozone-manager-1.3.0-SNAPSHOT.jar:?]
	at org.apache.hadoop.ozone.protocol.proto.OzoneManagerProtocolProtos$OzoneManagerService$2.callBlockingMethod(OzoneManagerProtocolProtos.java) [ozone-interface-client-1.3.0-SNAPSHOT.jar:?]
	at org.apache.hadoop.ipc.ProtobufRpcEngine$Server.processCall(ProtobufRpcEngine.java:466) [hadoop-common-3.3.1.jar:?]
	at org.apache.hadoop.ipc.ProtobufRpcEngine2$Server$ProtoBufRpcInvoker.call(ProtobufRpcEngine2.java:574) [hadoop-common-3.3.1.jar:?]
	at org.apache.hadoop.ipc.ProtobufRpcEngine2$Server$ProtoBufRpcInvoker.call(ProtobufRpcEngine2.java:552) [hadoop-common-3.3.1.jar:?]
	at org.apache.hadoop.ipc.RPC$Server.call(RPC.java:1093) [hadoop-common-3.3.1.jar:?]
	at org.apache.hadoop.ipc.Server$RpcCall.run(Server.java:1035) [hadoop-common-3.3.1.jar:?]
	at org.apache.hadoop.ipc.Server$RpcCall.run(Server.java:963) [hadoop-common-3.3.1.jar:?]
	at java.security.AccessController.doPrivileged(Native Method) ~[?:1.8.0_345]
	at javax.security.auth.Subject.doAs(Subject.java:422) [?:1.8.0_345]
	at org.apache.hadoop.security.UserGroupInformation.doAs(UserGroupInformation.java:1878) [hadoop-common-3.3.1.jar:?]
	at org.apache.hadoop.ipc.Server$Handler.run(Server.java:2966) [hadoop-common-3.3.1.jar:?]
2022-09-28 15:57:02,824 [Time-limited test] WARN  ozone.BasicOzoneFileSystem (BasicOzoneFileSystem.java:getFileStatus(765)) - GetFileStatus failed for path /gdir1/dir4
java.io.FileNotFoundException: gdir1/dir4: No such file or directory!
	at org.apache.hadoop.fs.ozone.BasicOzoneClientAdapterImpl.getFileStatus(BasicOzoneClientAdapterImpl.java:369)
	at org.apache.hadoop.fs.ozone.BasicOzoneFileSystem.getFileStatus(BasicOzoneFileSystem.java:757)
	at org.apache.hadoop.fs.ozone.TestOzoneFileSystem.checkPath(TestOzoneFileSystem.java:504)
	at org.apache.hadoop.fs.ozone.TestOzoneFileSystem.testRecursiveDelete(TestOzoneFileSystem.java:459)
	at sun.reflect.NativeMethodAccessorImpl.invoke0(Native Method)
	at sun.reflect.NativeMethodAccessorImpl.invoke(NativeMethodAccessorImpl.java:62)
	at sun.reflect.DelegatingMethodAccessorImpl.invoke(DelegatingMethodAccessorImpl.java:43)
	at java.lang.reflect.Method.invoke(Method.java:498)
	at org.junit.runners.model.FrameworkMethod$1.runReflectiveCall(FrameworkMethod.java:59)
	at org.junit.internal.runners.model.ReflectiveCallable.run(ReflectiveCallable.java:12)
	at org.junit.runners.model.FrameworkMethod.invokeExplosively(FrameworkMethod.java:56)
	at org.junit.internal.runners.statements.InvokeMethod.evaluate(InvokeMethod.java:17)
	at org.junit.internal.runners.statements.RunAfters.evaluate(RunAfters.java:27)
	at org.junit.internal.runners.statements.FailOnTimeout$CallableStatement.call(FailOnTimeout.java:288)
	at org.junit.internal.runners.statements.FailOnTimeout$CallableStatement.call(FailOnTimeout.java:282)
	at java.util.concurrent.FutureTask.run(FutureTask.java:266)
	at java.lang.Thread.run(Thread.java:750)
15:57:02.824 [IPC Server handler 13 on default port 41537] ERROR OMAudit - user=runner | ip=127.0.0.1 | op=GET_FILE_STATUS {volume=volume06113, bucket=bucket59830, key=gdir1/dir4/child, dataSize=0, replicationConfig=null} | ret=FAILURE
org.apache.hadoop.ozone.om.exceptions.OMException: Unable to get file status: volume: volume06113 bucket: bucket59830 key: gdir1/dir4/child
	at org.apache.hadoop.ozone.om.KeyManagerImpl.getOzoneFileStatus(KeyManagerImpl.java:1324) ~[ozone-manager-1.3.0-SNAPSHOT.jar:?]
	at org.apache.hadoop.ozone.om.KeyManagerImpl.getFileStatus(KeyManagerImpl.java:1254) ~[ozone-manager-1.3.0-SNAPSHOT.jar:?]
	at org.apache.hadoop.ozone.om.OzoneManager.getFileStatus(OzoneManager.java:3506) ~[ozone-manager-1.3.0-SNAPSHOT.jar:?]
	at org.apache.hadoop.ozone.protocolPB.OzoneManagerRequestHandler.getOzoneFileStatus(OzoneManagerRequestHandler.java:882) ~[ozone-manager-1.3.0-SNAPSHOT.jar:?]
	at org.apache.hadoop.ozone.protocolPB.OzoneManagerRequestHandler.handleReadRequest(OzoneManagerRequestHandler.java:228) ~[ozone-manager-1.3.0-SNAPSHOT.jar:?]
	at org.apache.hadoop.ozone.protocolPB.OzoneManagerProtocolServerSideTranslatorPB.submitRequestDirectlyToOM(OzoneManagerProtocolServerSideTranslatorPB.java:276) ~[ozone-manager-1.3.0-SNAPSHOT.jar:?]
	at org.apache.hadoop.ozone.protocolPB.OzoneManagerProtocolServerSideTranslatorPB.processRequest(OzoneManagerProtocolServerSideTranslatorPB.java:205) ~[ozone-manager-1.3.0-SNAPSHOT.jar:?]
	at org.apache.hadoop.hdds.server.OzoneProtocolMessageDispatcher.processRequest(OzoneProtocolMessageDispatcher.java:87) [hdds-server-framework-1.3.0-SNAPSHOT.jar:?]
	at org.apache.hadoop.ozone.protocolPB.OzoneManagerProtocolServerSideTranslatorPB.submitRequest(OzoneManagerProtocolServerSideTranslatorPB.java:147) [ozone-manager-1.3.0-SNAPSHOT.jar:?]
	at org.apache.hadoop.ozone.protocol.proto.OzoneManagerProtocolProtos$OzoneManagerService$2.callBlockingMethod(OzoneManagerProtocolProtos.java) [ozone-interface-client-1.3.0-SNAPSHOT.jar:?]
	at org.apache.hadoop.ipc.ProtobufRpcEngine$Server.processCall(ProtobufRpcEngine.java:466) [hadoop-common-3.3.1.jar:?]
	at org.apache.hadoop.ipc.ProtobufRpcEngine2$Server$ProtoBufRpcInvoker.call(ProtobufRpcEngine2.java:574) [hadoop-common-3.3.1.jar:?]
	at org.apache.hadoop.ipc.ProtobufRpcEngine2$Server$ProtoBufRpcInvoker.call(ProtobufRpcEngine2.java:552) [hadoop-common-3.3.1.jar:?]
	at org.apache.hadoop.ipc.RPC$Server.call(RPC.java:1093) [hadoop-common-3.3.1.jar:?]
	at org.apache.hadoop.ipc.Server$RpcCall.run(Server.java:1035) [hadoop-common-3.3.1.jar:?]
	at org.apache.hadoop.ipc.Server$RpcCall.run(Server.java:963) [hadoop-common-3.3.1.jar:?]
	at java.security.AccessController.doPrivileged(Native Method) ~[?:1.8.0_345]
	at javax.security.auth.Subject.doAs(Subject.java:422) [?:1.8.0_345]
	at org.apache.hadoop.security.UserGroupInformation.doAs(UserGroupInformation.java:1878) [hadoop-common-3.3.1.jar:?]
	at org.apache.hadoop.ipc.Server$Handler.run(Server.java:2966) [hadoop-common-3.3.1.jar:?]
2022-09-28 15:57:02,826 [Time-limited test] WARN  ozone.BasicOzoneFileSystem (BasicOzoneFileSystem.java:getFileStatus(765)) - GetFileStatus failed for path /gdir1/dir4/child
java.io.FileNotFoundException: gdir1/dir4/child: No such file or directory!
	at org.apache.hadoop.fs.ozone.BasicOzoneClientAdapterImpl.getFileStatus(BasicOzoneClientAdapterImpl.java:369)
	at org.apache.hadoop.fs.ozone.BasicOzoneFileSystem.getFileStatus(BasicOzoneFileSystem.java:757)
	at org.apache.hadoop.fs.ozone.TestOzoneFileSystem.checkPath(TestOzoneFileSystem.java:504)
	at org.apache.hadoop.fs.ozone.TestOzoneFileSystem.testRecursiveDelete(TestOzoneFileSystem.java:460)
	at sun.reflect.NativeMethodAccessorImpl.invoke0(Native Method)
	at sun.reflect.NativeMethodAccessorImpl.invoke(NativeMethodAccessorImpl.java:62)
	at sun.reflect.DelegatingMethodAccessorImpl.invoke(DelegatingMethodAccessorImpl.java:43)
	at java.lang.reflect.Method.invoke(Method.java:498)
	at org.junit.runners.model.FrameworkMethod$1.runReflectiveCall(FrameworkMethod.java:59)
	at org.junit.internal.runners.model.ReflectiveCallable.run(ReflectiveCallable.java:12)
	at org.junit.runners.model.FrameworkMethod.invokeExplosively(FrameworkMethod.java:56)
	at org.junit.internal.runners.statements.InvokeMethod.evaluate(InvokeMethod.java:17)
	at org.junit.internal.runners.statements.RunAfters.evaluate(RunAfters.java:27)
	at org.junit.internal.runners.statements.FailOnTimeout$CallableStatement.call(FailOnTimeout.java:288)
	at org.junit.internal.runners.statements.FailOnTimeout$CallableStatement.call(FailOnTimeout.java:282)
	at java.util.concurrent.FutureTask.run(FutureTask.java:266)
	at java.lang.Thread.run(Thread.java:750)
15:57:02.826 [IPC Server handler 10 on default port 41537] ERROR OMAudit - user=runner | ip=127.0.0.1 | op=GET_FILE_STATUS {volume=volume06113, bucket=bucket59830, key=gdir1/dir5, dataSize=0, replicationConfig=null} | ret=FAILURE
org.apache.hadoop.ozone.om.exceptions.OMException: Unable to get file status: volume: volume06113 bucket: bucket59830 key: gdir1/dir5
	at org.apache.hadoop.ozone.om.KeyManagerImpl.getOzoneFileStatus(KeyManagerImpl.java:1324) ~[ozone-manager-1.3.0-SNAPSHOT.jar:?]
	at org.apache.hadoop.ozone.om.KeyManagerImpl.getFileStatus(KeyManagerImpl.java:1254) ~[ozone-manager-1.3.0-SNAPSHOT.jar:?]
	at org.apache.hadoop.ozone.om.OzoneManager.getFileStatus(OzoneManager.java:3506) ~[ozone-manager-1.3.0-SNAPSHOT.jar:?]
	at org.apache.hadoop.ozone.protocolPB.OzoneManagerRequestHandler.getOzoneFileStatus(OzoneManagerRequestHandler.java:882) ~[ozone-manager-1.3.0-SNAPSHOT.jar:?]
	at org.apache.hadoop.ozone.protocolPB.OzoneManagerRequestHandler.handleReadRequest(OzoneManagerRequestHandler.java:228) ~[ozone-manager-1.3.0-SNAPSHOT.jar:?]
	at org.apache.hadoop.ozone.protocolPB.OzoneManagerProtocolServerSideTranslatorPB.submitRequestDirectlyToOM(OzoneManagerProtocolServerSideTranslatorPB.java:276) ~[ozone-manager-1.3.0-SNAPSHOT.jar:?]
	at org.apache.hadoop.ozone.protocolPB.OzoneManagerProtocolServerSideTranslatorPB.processRequest(OzoneManagerProtocolServerSideTranslatorPB.java:205) ~[ozone-manager-1.3.0-SNAPSHOT.jar:?]
	at org.apache.hadoop.hdds.server.OzoneProtocolMessageDispatcher.processRequest(OzoneProtocolMessageDispatcher.java:87) [hdds-server-framework-1.3.0-SNAPSHOT.jar:?]
	at org.apache.hadoop.ozone.protocolPB.OzoneManagerProtocolServerSideTranslatorPB.submitRequest(OzoneManagerProtocolServerSideTranslatorPB.java:147) [ozone-manager-1.3.0-SNAPSHOT.jar:?]
	at org.apache.hadoop.ozone.protocol.proto.OzoneManagerProtocolProtos$OzoneManagerService$2.callBlockingMethod(OzoneManagerProtocolProtos.java) [ozone-interface-client-1.3.0-SNAPSHOT.jar:?]
	at org.apache.hadoop.ipc.ProtobufRpcEngine$Server.processCall(ProtobufRpcEngine.java:466) [hadoop-common-3.3.1.jar:?]
	at org.apache.hadoop.ipc.ProtobufRpcEngine2$Server$ProtoBufRpcInvoker.call(ProtobufRpcEngine2.java:574) [hadoop-common-3.3.1.jar:?]
	at org.apache.hadoop.ipc.ProtobufRpcEngine2$Server$ProtoBufRpcInvoker.call(ProtobufRpcEngine2.java:552) [hadoop-common-3.3.1.jar:?]
	at org.apache.hadoop.ipc.RPC$Server.call(RPC.java:1093) [hadoop-common-3.3.1.jar:?]
	at org.apache.hadoop.ipc.Server$RpcCall.run(Server.java:1035) [hadoop-common-3.3.1.jar:?]
	at org.apache.hadoop.ipc.Server$RpcCall.run(Server.java:963) [hadoop-common-3.3.1.jar:?]
	at java.security.AccessController.doPrivileged(Native Method) ~[?:1.8.0_345]
	at javax.security.auth.Subject.doAs(Subject.java:422) [?:1.8.0_345]
	at org.apache.hadoop.security.UserGroupInformation.doAs(UserGroupInformation.java:1878) [hadoop-common-3.3.1.jar:?]
	at org.apache.hadoop.ipc.Server$Handler.run(Server.java:2966) [hadoop-common-3.3.1.jar:?]
2022-09-28 15:57:02,843 [Time-limited test] WARN  ozone.BasicOzoneFileSystem (BasicOzoneFileSystem.java:getFileStatus(765)) - GetFileStatus failed for path /gdir1/dir5
java.io.FileNotFoundException: gdir1/dir5: No such file or directory!
	at org.apache.hadoop.fs.ozone.BasicOzoneClientAdapterImpl.getFileStatus(BasicOzoneClientAdapterImpl.java:369)
	at org.apache.hadoop.fs.ozone.BasicOzoneFileSystem.getFileStatus(BasicOzoneFileSystem.java:757)
	at org.apache.hadoop.fs.ozone.TestOzoneFileSystem.checkPath(TestOzoneFileSystem.java:504)
	at org.apache.hadoop.fs.ozone.TestOzoneFileSystem.testRecursiveDelete(TestOzoneFileSystem.java:459)
	at sun.reflect.NativeMethodAccessorImpl.invoke0(Native Method)
	at sun.reflect.NativeMethodAccessorImpl.invoke(NativeMethodAccessorImpl.java:62)
	at sun.reflect.DelegatingMethodAccessorImpl.invoke(DelegatingMethodAccessorImpl.java:43)
	at java.lang.reflect.Method.invoke(Method.java:498)
	at org.junit.runners.model.FrameworkMethod$1.runReflectiveCall(FrameworkMethod.java:59)
	at org.junit.internal.runners.model.ReflectiveCallable.run(ReflectiveCallable.java:12)
	at org.junit.runners.model.FrameworkMethod.invokeExplosively(FrameworkMethod.java:56)
	at org.junit.internal.runners.statements.InvokeMethod.evaluate(InvokeMethod.java:17)
	at org.junit.internal.runners.statements.RunAfters.evaluate(RunAfters.java:27)
	at org.junit.internal.runners.statements.FailOnTimeout$CallableStatement.call(FailOnTimeout.java:288)
	at org.junit.internal.runners.statements.FailOnTimeout$CallableStatement.call(FailOnTimeout.java:282)
	at java.util.concurrent.FutureTask.run(FutureTask.java:266)
	at java.lang.Thread.run(Thread.java:750)
15:57:02.847 [IPC Server handler 2 on default port 41537] ERROR OMAudit - user=runner | ip=127.0.0.1 | op=GET_FILE_STATUS {volume=volume06113, bucket=bucket59830, key=gdir1/dir5/child, dataSize=0, replicationConfig=null} | ret=FAILURE
org.apache.hadoop.ozone.om.exceptions.OMException: Unable to get file status: volume: volume06113 bucket: bucket59830 key: gdir1/dir5/child
	at org.apache.hadoop.ozone.om.KeyManagerImpl.getOzoneFileStatus(KeyManagerImpl.java:1324) ~[ozone-manager-1.3.0-SNAPSHOT.jar:?]
	at org.apache.hadoop.ozone.om.KeyManagerImpl.getFileStatus(KeyManagerImpl.java:1254) ~[ozone-manager-1.3.0-SNAPSHOT.jar:?]
	at org.apache.hadoop.ozone.om.OzoneManager.getFileStatus(OzoneManager.java:3506) ~[ozone-manager-1.3.0-SNAPSHOT.jar:?]
	at org.apache.hadoop.ozone.protocolPB.OzoneManagerRequestHandler.getOzoneFileStatus(OzoneManagerRequestHandler.java:882) ~[ozone-manager-1.3.0-SNAPSHOT.jar:?]
	at org.apache.hadoop.ozone.protocolPB.OzoneManagerRequestHandler.handleReadRequest(OzoneManagerRequestHandler.java:228) ~[ozone-manager-1.3.0-SNAPSHOT.jar:?]
	at org.apache.hadoop.ozone.protocolPB.OzoneManagerProtocolServerSideTranslatorPB.submitRequestDirectlyToOM(OzoneManagerProtocolServerSideTranslatorPB.java:276) ~[ozone-manager-1.3.0-SNAPSHOT.jar:?]
	at org.apache.hadoop.ozone.protocolPB.OzoneManagerProtocolServerSideTranslatorPB.processRequest(OzoneManagerProtocolServerSideTranslatorPB.java:205) ~[ozone-manager-1.3.0-SNAPSHOT.jar:?]
	at org.apache.hadoop.hdds.server.OzoneProtocolMessageDispatcher.processRequest(OzoneProtocolMessageDispatcher.java:87) [hdds-server-framework-1.3.0-SNAPSHOT.jar:?]
	at org.apache.hadoop.ozone.protocolPB.OzoneManagerProtocolServerSideTranslatorPB.submitRequest(OzoneManagerProtocolServerSideTranslatorPB.java:147) [ozone-manager-1.3.0-SNAPSHOT.jar:?]
	at org.apache.hadoop.ozone.protocol.proto.OzoneManagerProtocolProtos$OzoneManagerService$2.callBlockingMethod(OzoneManagerProtocolProtos.java) [ozone-interface-client-1.3.0-SNAPSHOT.jar:?]
	at org.apache.hadoop.ipc.ProtobufRpcEngine$Server.processCall(ProtobufRpcEngine.java:466) [hadoop-common-3.3.1.jar:?]
	at org.apache.hadoop.ipc.ProtobufRpcEngine2$Server$ProtoBufRpcInvoker.call(ProtobufRpcEngine2.java:574) [hadoop-common-3.3.1.jar:?]
	at org.apache.hadoop.ipc.ProtobufRpcEngine2$Server$ProtoBufRpcInvoker.call(ProtobufRpcEngine2.java:552) [hadoop-common-3.3.1.jar:?]
	at org.apache.hadoop.ipc.RPC$Server.call(RPC.java:1093) [hadoop-common-3.3.1.jar:?]
	at org.apache.hadoop.ipc.Server$RpcCall.run(Server.java:1035) [hadoop-common-3.3.1.jar:?]
	at org.apache.hadoop.ipc.Server$RpcCall.run(Server.java:963) [hadoop-common-3.3.1.jar:?]
	at java.security.AccessController.doPrivileged(Native Method) ~[?:1.8.0_345]
	at javax.security.auth.Subject.doAs(Subject.java:422) [?:1.8.0_345]
	at org.apache.hadoop.security.UserGroupInformation.doAs(UserGroupInformation.java:1878) [hadoop-common-3.3.1.jar:?]
	at org.apache.hadoop.ipc.Server$Handler.run(Server.java:2966) [hadoop-common-3.3.1.jar:?]
2022-09-28 15:57:02,850 [Time-limited test] WARN  ozone.BasicOzoneFileSystem (BasicOzoneFileSystem.java:getFileStatus(765)) - GetFileStatus failed for path /gdir1/dir5/child
java.io.FileNotFoundException: gdir1/dir5/child: No such file or directory!
	at org.apache.hadoop.fs.ozone.BasicOzoneClientAdapterImpl.getFileStatus(BasicOzoneClientAdapterImpl.java:369)
	at org.apache.hadoop.fs.ozone.BasicOzoneFileSystem.getFileStatus(BasicOzoneFileSystem.java:757)
	at org.apache.hadoop.fs.ozone.TestOzoneFileSystem.checkPath(TestOzoneFileSystem.java:504)
	at org.apache.hadoop.fs.ozone.TestOzoneFileSystem.testRecursiveDelete(TestOzoneFileSystem.java:460)
	at sun.reflect.NativeMethodAccessorImpl.invoke0(Native Method)
	at sun.reflect.NativeMethodAccessorImpl.invoke(NativeMethodAccessorImpl.java:62)
	at sun.reflect.DelegatingMethodAccessorImpl.invoke(DelegatingMethodAccessorImpl.java:43)
	at java.lang.reflect.Method.invoke(Method.java:498)
	at org.junit.runners.model.FrameworkMethod$1.runReflectiveCall(FrameworkMethod.java:59)
	at org.junit.internal.runners.model.ReflectiveCallable.run(ReflectiveCallable.java:12)
	at org.junit.runners.model.FrameworkMethod.invokeExplosively(FrameworkMethod.java:56)
	at org.junit.internal.runners.statements.InvokeMethod.evaluate(InvokeMethod.java:17)
	at org.junit.internal.runners.statements.RunAfters.evaluate(RunAfters.java:27)
	at org.junit.internal.runners.statements.FailOnTimeout$CallableStatement.call(FailOnTimeout.java:288)
	at org.junit.internal.runners.statements.FailOnTimeout$CallableStatement.call(FailOnTimeout.java:282)
	at java.util.concurrent.FutureTask.run(FutureTask.java:266)
	at java.lang.Thread.run(Thread.java:750)
15:57:02.850 [IPC Server handler 16 on default port 41537] ERROR OMAudit - user=runner | ip=127.0.0.1 | op=GET_FILE_STATUS {volume=volume06113, bucket=bucket59830, key=gdir1/dir6, dataSize=0, replicationConfig=null} | ret=FAILURE
org.apache.hadoop.ozone.om.exceptions.OMException: Unable to get file status: volume: volume06113 bucket: bucket59830 key: gdir1/dir6
	at org.apache.hadoop.ozone.om.KeyManagerImpl.getOzoneFileStatus(KeyManagerImpl.java:1324) ~[ozone-manager-1.3.0-SNAPSHOT.jar:?]
	at org.apache.hadoop.ozone.om.KeyManagerImpl.getFileStatus(KeyManagerImpl.java:1254) ~[ozone-manager-1.3.0-SNAPSHOT.jar:?]
	at org.apache.hadoop.ozone.om.OzoneManager.getFileStatus(OzoneManager.java:3506) ~[ozone-manager-1.3.0-SNAPSHOT.jar:?]
	at org.apache.hadoop.ozone.protocolPB.OzoneManagerRequestHandler.getOzoneFileStatus(OzoneManagerRequestHandler.java:882) ~[ozone-manager-1.3.0-SNAPSHOT.jar:?]
	at org.apache.hadoop.ozone.protocolPB.OzoneManagerRequestHandler.handleReadRequest(OzoneManagerRequestHandler.java:228) ~[ozone-manager-1.3.0-SNAPSHOT.jar:?]
	at org.apache.hadoop.ozone.protocolPB.OzoneManagerProtocolServerSideTranslatorPB.submitRequestDirectlyToOM(OzoneManagerProtocolServerSideTranslatorPB.java:276) ~[ozone-manager-1.3.0-SNAPSHOT.jar:?]
	at org.apache.hadoop.ozone.protocolPB.OzoneManagerProtocolServerSideTranslatorPB.processRequest(OzoneManagerProtocolServerSideTranslatorPB.java:205) ~[ozone-manager-1.3.0-SNAPSHOT.jar:?]
	at org.apache.hadoop.hdds.server.OzoneProtocolMessageDispatcher.processRequest(OzoneProtocolMessageDispatcher.java:87) [hdds-server-framework-1.3.0-SNAPSHOT.jar:?]
	at org.apache.hadoop.ozone.protocolPB.OzoneManagerProtocolServerSideTranslatorPB.submitRequest(OzoneManagerProtocolServerSideTranslatorPB.java:147) [ozone-manager-1.3.0-SNAPSHOT.jar:?]
	at org.apache.hadoop.ozone.protocol.proto.OzoneManagerProtocolProtos$OzoneManagerService$2.callBlockingMethod(OzoneManagerProtocolProtos.java) [ozone-interface-client-1.3.0-SNAPSHOT.jar:?]
	at org.apache.hadoop.ipc.ProtobufRpcEngine$Server.processCall(ProtobufRpcEngine.java:466) [hadoop-common-3.3.1.jar:?]
	at org.apache.hadoop.ipc.ProtobufRpcEngine2$Server$ProtoBufRpcInvoker.call(ProtobufRpcEngine2.java:574) [hadoop-common-3.3.1.jar:?]
	at org.apache.hadoop.ipc.ProtobufRpcEngine2$Server$ProtoBufRpcInvoker.call(ProtobufRpcEngine2.java:552) [hadoop-common-3.3.1.jar:?]
	at org.apache.hadoop.ipc.RPC$Server.call(RPC.java:1093) [hadoop-common-3.3.1.jar:?]
	at org.apache.hadoop.ipc.Server$RpcCall.run(Server.java:1035) [hadoop-common-3.3.1.jar:?]
	at org.apache.hadoop.ipc.Server$RpcCall.run(Server.java:963) [hadoop-common-3.3.1.jar:?]
	at java.security.AccessController.doPrivileged(Native Method) ~[?:1.8.0_345]
	at javax.security.auth.Subject.doAs(Subject.java:422) [?:1.8.0_345]
	at org.apache.hadoop.security.UserGroupInformation.doAs(UserGroupInformation.java:1878) [hadoop-common-3.3.1.jar:?]
	at org.apache.hadoop.ipc.Server$Handler.run(Server.java:2966) [hadoop-common-3.3.1.jar:?]
2022-09-28 15:57:02,855 [Time-limited test] WARN  ozone.BasicOzoneFileSystem (BasicOzoneFileSystem.java:getFileStatus(765)) - GetFileStatus failed for path /gdir1/dir6
java.io.FileNotFoundException: gdir1/dir6: No such file or directory!
	at org.apache.hadoop.fs.ozone.BasicOzoneClientAdapterImpl.getFileStatus(BasicOzoneClientAdapterImpl.java:369)
	at org.apache.hadoop.fs.ozone.BasicOzoneFileSystem.getFileStatus(BasicOzoneFileSystem.java:757)
	at org.apache.hadoop.fs.ozone.TestOzoneFileSystem.checkPath(TestOzoneFileSystem.java:504)
	at org.apache.hadoop.fs.ozone.TestOzoneFileSystem.testRecursiveDelete(TestOzoneFileSystem.java:459)
	at sun.reflect.NativeMethodAccessorImpl.invoke0(Native Method)
	at sun.reflect.NativeMethodAccessorImpl.invoke(NativeMethodAccessorImpl.java:62)
	at sun.reflect.DelegatingMethodAccessorImpl.invoke(DelegatingMethodAccessorImpl.java:43)
	at java.lang.reflect.Method.invoke(Method.java:498)
	at org.junit.runners.model.FrameworkMethod$1.runReflectiveCall(FrameworkMethod.java:59)
	at org.junit.internal.runners.model.ReflectiveCallable.run(ReflectiveCallable.java:12)
	at org.junit.runners.model.FrameworkMethod.invokeExplosively(FrameworkMethod.java:56)
	at org.junit.internal.runners.statements.InvokeMethod.evaluate(InvokeMethod.java:17)
	at org.junit.internal.runners.statements.RunAfters.evaluate(RunAfters.java:27)
	at org.junit.internal.runners.statements.FailOnTimeout$CallableStatement.call(FailOnTimeout.java:288)
	at org.junit.internal.runners.statements.FailOnTimeout$CallableStatement.call(FailOnTimeout.java:282)
	at java.util.concurrent.FutureTask.run(FutureTask.java:266)
	at java.lang.Thread.run(Thread.java:750)
15:57:02.855 [IPC Server handler 9 on default port 41537] ERROR OMAudit - user=runner | ip=127.0.0.1 | op=GET_FILE_STATUS {volume=volume06113, bucket=bucket59830, key=gdir1/dir6/child, dataSize=0, replicationConfig=null} | ret=FAILURE
org.apache.hadoop.ozone.om.exceptions.OMException: Unable to get file status: volume: volume06113 bucket: bucket59830 key: gdir1/dir6/child
	at org.apache.hadoop.ozone.om.KeyManagerImpl.getOzoneFileStatus(KeyManagerImpl.java:1324) ~[ozone-manager-1.3.0-SNAPSHOT.jar:?]
	at org.apache.hadoop.ozone.om.KeyManagerImpl.getFileStatus(KeyManagerImpl.java:1254) ~[ozone-manager-1.3.0-SNAPSHOT.jar:?]
	at org.apache.hadoop.ozone.om.OzoneManager.getFileStatus(OzoneManager.java:3506) ~[ozone-manager-1.3.0-SNAPSHOT.jar:?]
	at org.apache.hadoop.ozone.protocolPB.OzoneManagerRequestHandler.getOzoneFileStatus(OzoneManagerRequestHandler.java:882) ~[ozone-manager-1.3.0-SNAPSHOT.jar:?]
	at org.apache.hadoop.ozone.protocolPB.OzoneManagerRequestHandler.handleReadRequest(OzoneManagerRequestHandler.java:228) ~[ozone-manager-1.3.0-SNAPSHOT.jar:?]
	at org.apache.hadoop.ozone.protocolPB.OzoneManagerProtocolServerSideTranslatorPB.submitRequestDirectlyToOM(OzoneManagerProtocolServerSideTranslatorPB.java:276) ~[ozone-manager-1.3.0-SNAPSHOT.jar:?]
	at org.apache.hadoop.ozone.protocolPB.OzoneManagerProtocolServerSideTranslatorPB.processRequest(OzoneManagerProtocolServerSideTranslatorPB.java:205) ~[ozone-manager-1.3.0-SNAPSHOT.jar:?]
	at org.apache.hadoop.hdds.server.OzoneProtocolMessageDispatcher.processRequest(OzoneProtocolMessageDispatcher.java:87) [hdds-server-framework-1.3.0-SNAPSHOT.jar:?]
	at org.apache.hadoop.ozone.protocolPB.OzoneManagerProtocolServerSideTranslatorPB.submitRequest(OzoneManagerProtocolServerSideTranslatorPB.java:147) [ozone-manager-1.3.0-SNAPSHOT.jar:?]
	at org.apache.hadoop.ozone.protocol.proto.OzoneManagerProtocolProtos$OzoneManagerService$2.callBlockingMethod(OzoneManagerProtocolProtos.java) [ozone-interface-client-1.3.0-SNAPSHOT.jar:?]
	at org.apache.hadoop.ipc.ProtobufRpcEngine$Server.processCall(ProtobufRpcEngine.java:466) [hadoop-common-3.3.1.jar:?]
	at org.apache.hadoop.ipc.ProtobufRpcEngine2$Server$ProtoBufRpcInvoker.call(ProtobufRpcEngine2.java:574) [hadoop-common-3.3.1.jar:?]
	at org.apache.hadoop.ipc.ProtobufRpcEngine2$Server$ProtoBufRpcInvoker.call(ProtobufRpcEngine2.java:552) [hadoop-common-3.3.1.jar:?]
	at org.apache.hadoop.ipc.RPC$Server.call(RPC.java:1093) [hadoop-common-3.3.1.jar:?]
	at org.apache.hadoop.ipc.Server$RpcCall.run(Server.java:1035) [hadoop-common-3.3.1.jar:?]
	at org.apache.hadoop.ipc.Server$RpcCall.run(Server.java:963) [hadoop-common-3.3.1.jar:?]
	at java.security.AccessController.doPrivileged(Native Method) ~[?:1.8.0_345]
	at javax.security.auth.Subject.doAs(Subject.java:422) [?:1.8.0_345]
	at org.apache.hadoop.security.UserGroupInformation.doAs(UserGroupInformation.java:1878) [hadoop-common-3.3.1.jar:?]
	at org.apache.hadoop.ipc.Server$Handler.run(Server.java:2966) [hadoop-common-3.3.1.jar:?]
2022-09-28 15:57:02,856 [Time-limited test] WARN  ozone.BasicOzoneFileSystem (BasicOzoneFileSystem.java:getFileStatus(765)) - GetFileStatus failed for path /gdir1/dir6/child
java.io.FileNotFoundException: gdir1/dir6/child: No such file or directory!
	at org.apache.hadoop.fs.ozone.BasicOzoneClientAdapterImpl.getFileStatus(BasicOzoneClientAdapterImpl.java:369)
	at org.apache.hadoop.fs.ozone.BasicOzoneFileSystem.getFileStatus(BasicOzoneFileSystem.java:757)
	at org.apache.hadoop.fs.ozone.TestOzoneFileSystem.checkPath(TestOzoneFileSystem.java:504)
	at org.apache.hadoop.fs.ozone.TestOzoneFileSystem.testRecursiveDelete(TestOzoneFileSystem.java:460)
	at sun.reflect.NativeMethodAccessorImpl.invoke0(Native Method)
	at sun.reflect.NativeMethodAccessorImpl.invoke(NativeMethodAccessorImpl.java:62)
	at sun.reflect.DelegatingMethodAccessorImpl.invoke(DelegatingMethodAccessorImpl.java:43)
	at java.lang.reflect.Method.invoke(Method.java:498)
	at org.junit.runners.model.FrameworkMethod$1.runReflectiveCall(FrameworkMethod.java:59)
	at org.junit.internal.runners.model.ReflectiveCallable.run(ReflectiveCallable.java:12)
	at org.junit.runners.model.FrameworkMethod.invokeExplosively(FrameworkMethod.java:56)
	at org.junit.internal.runners.statements.InvokeMethod.evaluate(InvokeMethod.java:17)
	at org.junit.internal.runners.statements.RunAfters.evaluate(RunAfters.java:27)
	at org.junit.internal.runners.statements.FailOnTimeout$CallableStatement.call(FailOnTimeout.java:288)
	at org.junit.internal.runners.statements.FailOnTimeout$CallableStatement.call(FailOnTimeout.java:282)
	at java.util.concurrent.FutureTask.run(FutureTask.java:266)
	at java.lang.Thread.run(Thread.java:750)
15:57:02.856 [IPC Server handler 15 on default port 41537] ERROR OMAudit - user=runner | ip=127.0.0.1 | op=GET_FILE_STATUS {volume=volume06113, bucket=bucket59830, key=gdir1/dir7, dataSize=0, replicationConfig=null} | ret=FAILURE
org.apache.hadoop.ozone.om.exceptions.OMException: Unable to get file status: volume: volume06113 bucket: bucket59830 key: gdir1/dir7
	at org.apache.hadoop.ozone.om.KeyManagerImpl.getOzoneFileStatus(KeyManagerImpl.java:1324) ~[ozone-manager-1.3.0-SNAPSHOT.jar:?]
	at org.apache.hadoop.ozone.om.KeyManagerImpl.getFileStatus(KeyManagerImpl.java:1254) ~[ozone-manager-1.3.0-SNAPSHOT.jar:?]
	at org.apache.hadoop.ozone.om.OzoneManager.getFileStatus(OzoneManager.java:3506) ~[ozone-manager-1.3.0-SNAPSHOT.jar:?]
	at org.apache.hadoop.ozone.protocolPB.OzoneManagerRequestHandler.getOzoneFileStatus(OzoneManagerRequestHandler.java:882) ~[ozone-manager-1.3.0-SNAPSHOT.jar:?]
	at org.apache.hadoop.ozone.protocolPB.OzoneManagerRequestHandler.handleReadRequest(OzoneManagerRequestHandler.java:228) ~[ozone-manager-1.3.0-SNAPSHOT.jar:?]
	at org.apache.hadoop.ozone.protocolPB.OzoneManagerProtocolServerSideTranslatorPB.submitRequestDirectlyToOM(OzoneManagerProtocolServerSideTranslatorPB.java:276) ~[ozone-manager-1.3.0-SNAPSHOT.jar:?]
	at org.apache.hadoop.ozone.protocolPB.OzoneManagerProtocolServerSideTranslatorPB.processRequest(OzoneManagerProtocolServerSideTranslatorPB.java:205) ~[ozone-manager-1.3.0-SNAPSHOT.jar:?]
	at org.apache.hadoop.hdds.server.OzoneProtocolMessageDispatcher.processRequest(OzoneProtocolMessageDispatcher.java:87) [hdds-server-framework-1.3.0-SNAPSHOT.jar:?]
	at org.apache.hadoop.ozone.protocolPB.OzoneManagerProtocolServerSideTranslatorPB.submitRequest(OzoneManagerProtocolServerSideTranslatorPB.java:147) [ozone-manager-1.3.0-SNAPSHOT.jar:?]
	at org.apache.hadoop.ozone.protocol.proto.OzoneManagerProtocolProtos$OzoneManagerService$2.callBlockingMethod(OzoneManagerProtocolProtos.java) [ozone-interface-client-1.3.0-SNAPSHOT.jar:?]
	at org.apache.hadoop.ipc.ProtobufRpcEngine$Server.processCall(ProtobufRpcEngine.java:466) [hadoop-common-3.3.1.jar:?]
	at org.apache.hadoop.ipc.ProtobufRpcEngine2$Server$ProtoBufRpcInvoker.call(ProtobufRpcEngine2.java:574) [hadoop-common-3.3.1.jar:?]
	at org.apache.hadoop.ipc.ProtobufRpcEngine2$Server$ProtoBufRpcInvoker.call(ProtobufRpcEngine2.java:552) [hadoop-common-3.3.1.jar:?]
	at org.apache.hadoop.ipc.RPC$Server.call(RPC.java:1093) [hadoop-common-3.3.1.jar:?]
	at org.apache.hadoop.ipc.Server$RpcCall.run(Server.java:1035) [hadoop-common-3.3.1.jar:?]
	at org.apache.hadoop.ipc.Server$RpcCall.run(Server.java:963) [hadoop-common-3.3.1.jar:?]
	at java.security.AccessController.doPrivileged(Native Method) ~[?:1.8.0_345]
	at javax.security.auth.Subject.doAs(Subject.java:422) [?:1.8.0_345]
	at org.apache.hadoop.security.UserGroupInformation.doAs(UserGroupInformation.java:1878) [hadoop-common-3.3.1.jar:?]
	at org.apache.hadoop.ipc.Server$Handler.run(Server.java:2966) [hadoop-common-3.3.1.jar:?]
2022-09-28 15:57:02,856 [Time-limited test] WARN  ozone.BasicOzoneFileSystem (BasicOzoneFileSystem.java:getFileStatus(765)) - GetFileStatus failed for path /gdir1/dir7
java.io.FileNotFoundException: gdir1/dir7: No such file or directory!
	at org.apache.hadoop.fs.ozone.BasicOzoneClientAdapterImpl.getFileStatus(BasicOzoneClientAdapterImpl.java:369)
	at org.apache.hadoop.fs.ozone.BasicOzoneFileSystem.getFileStatus(BasicOzoneFileSystem.java:757)
	at org.apache.hadoop.fs.ozone.TestOzoneFileSystem.checkPath(TestOzoneFileSystem.java:504)
	at org.apache.hadoop.fs.ozone.TestOzoneFileSystem.testRecursiveDelete(TestOzoneFileSystem.java:459)
	at sun.reflect.NativeMethodAccessorImpl.invoke0(Native Method)
	at sun.reflect.NativeMethodAccessorImpl.invoke(NativeMethodAccessorImpl.java:62)
	at sun.reflect.DelegatingMethodAccessorImpl.invoke(DelegatingMethodAccessorImpl.java:43)
	at java.lang.reflect.Method.invoke(Method.java:498)
	at org.junit.runners.model.FrameworkMethod$1.runReflectiveCall(FrameworkMethod.java:59)
	at org.junit.internal.runners.model.ReflectiveCallable.run(ReflectiveCallable.java:12)
	at org.junit.runners.model.FrameworkMethod.invokeExplosively(FrameworkMethod.java:56)
	at org.junit.internal.runners.statements.InvokeMethod.evaluate(InvokeMethod.java:17)
	at org.junit.internal.runners.statements.RunAfters.evaluate(RunAfters.java:27)
	at org.junit.internal.runners.statements.FailOnTimeout$CallableStatement.call(FailOnTimeout.java:288)
	at org.junit.internal.runners.statements.FailOnTimeout$CallableStatement.call(FailOnTimeout.java:282)
	at java.util.concurrent.FutureTask.run(FutureTask.java:266)
	at java.lang.Thread.run(Thread.java:750)
15:57:02.857 [IPC Server handler 14 on default port 41537] ERROR OMAudit - user=runner | ip=127.0.0.1 | op=GET_FILE_STATUS {volume=volume06113, bucket=bucket59830, key=gdir1/dir7/child, dataSize=0, replicationConfig=null} | ret=FAILURE
org.apache.hadoop.ozone.om.exceptions.OMException: Unable to get file status: volume: volume06113 bucket: bucket59830 key: gdir1/dir7/child
	at org.apache.hadoop.ozone.om.KeyManagerImpl.getOzoneFileStatus(KeyManagerImpl.java:1324) ~[ozone-manager-1.3.0-SNAPSHOT.jar:?]
	at org.apache.hadoop.ozone.om.KeyManagerImpl.getFileStatus(KeyManagerImpl.java:1254) ~[ozone-manager-1.3.0-SNAPSHOT.jar:?]
	at org.apache.hadoop.ozone.om.OzoneManager.getFileStatus(OzoneManager.java:3506) ~[ozone-manager-1.3.0-SNAPSHOT.jar:?]
	at org.apache.hadoop.ozone.protocolPB.OzoneManagerRequestHandler.getOzoneFileStatus(OzoneManagerRequestHandler.java:882) ~[ozone-manager-1.3.0-SNAPSHOT.jar:?]
	at org.apache.hadoop.ozone.protocolPB.OzoneManagerRequestHandler.handleReadRequest(OzoneManagerRequestHandler.java:228) ~[ozone-manager-1.3.0-SNAPSHOT.jar:?]
	at org.apache.hadoop.ozone.protocolPB.OzoneManagerProtocolServerSideTranslatorPB.submitRequestDirectlyToOM(OzoneManagerProtocolServerSideTranslatorPB.java:276) ~[ozone-manager-1.3.0-SNAPSHOT.jar:?]
	at org.apache.hadoop.ozone.protocolPB.OzoneManagerProtocolServerSideTranslatorPB.processRequest(OzoneManagerProtocolServerSideTranslatorPB.java:205) ~[ozone-manager-1.3.0-SNAPSHOT.jar:?]
	at org.apache.hadoop.hdds.server.OzoneProtocolMessageDispatcher.processRequest(OzoneProtocolMessageDispatcher.java:87) [hdds-server-framework-1.3.0-SNAPSHOT.jar:?]
	at org.apache.hadoop.ozone.protocolPB.OzoneManagerProtocolServerSideTranslatorPB.submitRequest(OzoneManagerProtocolServerSideTranslatorPB.java:147) [ozone-manager-1.3.0-SNAPSHOT.jar:?]
	at org.apache.hadoop.ozone.protocol.proto.OzoneManagerProtocolProtos$OzoneManagerService$2.callBlockingMethod(OzoneManagerProtocolProtos.java) [ozone-interface-client-1.3.0-SNAPSHOT.jar:?]
	at org.apache.hadoop.ipc.ProtobufRpcEngine$Server.processCall(ProtobufRpcEngine.java:466) [hadoop-common-3.3.1.jar:?]
	at org.apache.hadoop.ipc.ProtobufRpcEngine2$Server$ProtoBufRpcInvoker.call(ProtobufRpcEngine2.java:574) [hadoop-common-3.3.1.jar:?]
	at org.apache.hadoop.ipc.ProtobufRpcEngine2$Server$ProtoBufRpcInvoker.call(ProtobufRpcEngine2.java:552) [hadoop-common-3.3.1.jar:?]
	at org.apache.hadoop.ipc.RPC$Server.call(RPC.java:1093) [hadoop-common-3.3.1.jar:?]
	at org.apache.hadoop.ipc.Server$RpcCall.run(Server.java:1035) [hadoop-common-3.3.1.jar:?]
	at org.apache.hadoop.ipc.Server$RpcCall.run(Server.java:963) [hadoop-common-3.3.1.jar:?]
	at java.security.AccessController.doPrivileged(Native Method) ~[?:1.8.0_345]
	at javax.security.auth.Subject.doAs(Subject.java:422) [?:1.8.0_345]
	at org.apache.hadoop.security.UserGroupInformation.doAs(UserGroupInformation.java:1878) [hadoop-common-3.3.1.jar:?]
	at org.apache.hadoop.ipc.Server$Handler.run(Server.java:2966) [hadoop-common-3.3.1.jar:?]
2022-09-28 15:57:02,857 [Time-limited test] WARN  ozone.BasicOzoneFileSystem (BasicOzoneFileSystem.java:getFileStatus(765)) - GetFileStatus failed for path /gdir1/dir7/child
java.io.FileNotFoundException: gdir1/dir7/child: No such file or directory!
	at org.apache.hadoop.fs.ozone.BasicOzoneClientAdapterImpl.getFileStatus(BasicOzoneClientAdapterImpl.java:369)
	at org.apache.hadoop.fs.ozone.BasicOzoneFileSystem.getFileStatus(BasicOzoneFileSystem.java:757)
	at org.apache.hadoop.fs.ozone.TestOzoneFileSystem.checkPath(TestOzoneFileSystem.java:504)
	at org.apache.hadoop.fs.ozone.TestOzoneFileSystem.testRecursiveDelete(TestOzoneFileSystem.java:460)
	at sun.reflect.NativeMethodAccessorImpl.invoke0(Native Method)
	at sun.reflect.NativeMethodAccessorImpl.invoke(NativeMethodAccessorImpl.java:62)
	at sun.reflect.DelegatingMethodAccessorImpl.invoke(DelegatingMethodAccessorImpl.java:43)
	at java.lang.reflect.Method.invoke(Method.java:498)
	at org.junit.runners.model.FrameworkMethod$1.runReflectiveCall(FrameworkMethod.java:59)
	at org.junit.internal.runners.model.ReflectiveCallable.run(ReflectiveCallable.java:12)
	at org.junit.runners.model.FrameworkMethod.invokeExplosively(FrameworkMethod.java:56)
	at org.junit.internal.runners.statements.InvokeMethod.evaluate(InvokeMethod.java:17)
	at org.junit.internal.runners.statements.RunAfters.evaluate(RunAfters.java:27)
	at org.junit.internal.runners.statements.FailOnTimeout$CallableStatement.call(FailOnTimeout.java:288)
	at org.junit.internal.runners.statements.FailOnTimeout$CallableStatement.call(FailOnTimeout.java:282)
	at java.util.concurrent.FutureTask.run(FutureTask.java:266)
	at java.lang.Thread.run(Thread.java:750)
15:57:02.857 [IPC Server handler 17 on default port 41537] ERROR OMAudit - user=runner | ip=127.0.0.1 | op=GET_FILE_STATUS {volume=volume06113, bucket=bucket59830, key=gdir1/dir8, dataSize=0, replicationConfig=null} | ret=FAILURE
org.apache.hadoop.ozone.om.exceptions.OMException: Unable to get file status: volume: volume06113 bucket: bucket59830 key: gdir1/dir8
	at org.apache.hadoop.ozone.om.KeyManagerImpl.getOzoneFileStatus(KeyManagerImpl.java:1324) ~[ozone-manager-1.3.0-SNAPSHOT.jar:?]
	at org.apache.hadoop.ozone.om.KeyManagerImpl.getFileStatus(KeyManagerImpl.java:1254) ~[ozone-manager-1.3.0-SNAPSHOT.jar:?]
	at org.apache.hadoop.ozone.om.OzoneManager.getFileStatus(OzoneManager.java:3506) ~[ozone-manager-1.3.0-SNAPSHOT.jar:?]
	at org.apache.hadoop.ozone.protocolPB.OzoneManagerRequestHandler.getOzoneFileStatus(OzoneManagerRequestHandler.java:882) ~[ozone-manager-1.3.0-SNAPSHOT.jar:?]
	at org.apache.hadoop.ozone.protocolPB.OzoneManagerRequestHandler.handleReadRequest(OzoneManagerRequestHandler.java:228) ~[ozone-manager-1.3.0-SNAPSHOT.jar:?]
	at org.apache.hadoop.ozone.protocolPB.OzoneManagerProtocolServerSideTranslatorPB.submitRequestDirectlyToOM(OzoneManagerProtocolServerSideTranslatorPB.java:276) ~[ozone-manager-1.3.0-SNAPSHOT.jar:?]
	at org.apache.hadoop.ozone.protocolPB.OzoneManagerProtocolServerSideTranslatorPB.processRequest(OzoneManagerProtocolServerSideTranslatorPB.java:205) ~[ozone-manager-1.3.0-SNAPSHOT.jar:?]
	at org.apache.hadoop.hdds.server.OzoneProtocolMessageDispatcher.processRequest(OzoneProtocolMessageDispatcher.java:87) [hdds-server-framework-1.3.0-SNAPSHOT.jar:?]
	at org.apache.hadoop.ozone.protocolPB.OzoneManagerProtocolServerSideTranslatorPB.submitRequest(OzoneManagerProtocolServerSideTranslatorPB.java:147) [ozone-manager-1.3.0-SNAPSHOT.jar:?]
	at org.apache.hadoop.ozone.protocol.proto.OzoneManagerProtocolProtos$OzoneManagerService$2.callBlockingMethod(OzoneManagerProtocolProtos.java) [ozone-interface-client-1.3.0-SNAPSHOT.jar:?]
	at org.apache.hadoop.ipc.ProtobufRpcEngine$Server.processCall(ProtobufRpcEngine.java:466) [hadoop-common-3.3.1.jar:?]
	at org.apache.hadoop.ipc.ProtobufRpcEngine2$Server$ProtoBufRpcInvoker.call(ProtobufRpcEngine2.java:574) [hadoop-common-3.3.1.jar:?]
	at org.apache.hadoop.ipc.ProtobufRpcEngine2$Server$ProtoBufRpcInvoker.call(ProtobufRpcEngine2.java:552) [hadoop-common-3.3.1.jar:?]
	at org.apache.hadoop.ipc.RPC$Server.call(RPC.java:1093) [hadoop-common-3.3.1.jar:?]
	at org.apache.hadoop.ipc.Server$RpcCall.run(Server.java:1035) [hadoop-common-3.3.1.jar:?]
	at org.apache.hadoop.ipc.Server$RpcCall.run(Server.java:963) [hadoop-common-3.3.1.jar:?]
	at java.security.AccessController.doPrivileged(Native Method) ~[?:1.8.0_345]
	at javax.security.auth.Subject.doAs(Subject.java:422) [?:1.8.0_345]
	at org.apache.hadoop.security.UserGroupInformation.doAs(UserGroupInformation.java:1878) [hadoop-common-3.3.1.jar:?]
	at org.apache.hadoop.ipc.Server$Handler.run(Server.java:2966) [hadoop-common-3.3.1.jar:?]
2022-09-28 15:57:02,858 [Time-limited test] WARN  ozone.BasicOzoneFileSystem (BasicOzoneFileSystem.java:getFileStatus(765)) - GetFileStatus failed for path /gdir1/dir8
java.io.FileNotFoundException: gdir1/dir8: No such file or directory!
	at org.apache.hadoop.fs.ozone.BasicOzoneClientAdapterImpl.getFileStatus(BasicOzoneClientAdapterImpl.java:369)
	at org.apache.hadoop.fs.ozone.BasicOzoneFileSystem.getFileStatus(BasicOzoneFileSystem.java:757)
	at org.apache.hadoop.fs.ozone.TestOzoneFileSystem.checkPath(TestOzoneFileSystem.java:504)
	at org.apache.hadoop.fs.ozone.TestOzoneFileSystem.testRecursiveDelete(TestOzoneFileSystem.java:459)
	at sun.reflect.NativeMethodAccessorImpl.invoke0(Native Method)
	at sun.reflect.NativeMethodAccessorImpl.invoke(NativeMethodAccessorImpl.java:62)
	at sun.reflect.DelegatingMethodAccessorImpl.invoke(DelegatingMethodAccessorImpl.java:43)
	at java.lang.reflect.Method.invoke(Method.java:498)
	at org.junit.runners.model.FrameworkMethod$1.runReflectiveCall(FrameworkMethod.java:59)
	at org.junit.internal.runners.model.ReflectiveCallable.run(ReflectiveCallable.java:12)
	at org.junit.runners.model.FrameworkMethod.invokeExplosively(FrameworkMethod.java:56)
	at org.junit.internal.runners.statements.InvokeMethod.evaluate(InvokeMethod.java:17)
	at org.junit.internal.runners.statements.RunAfters.evaluate(RunAfters.java:27)
	at org.junit.internal.runners.statements.FailOnTimeout$CallableStatement.call(FailOnTimeout.java:288)
	at org.junit.internal.runners.statements.FailOnTimeout$CallableStatement.call(FailOnTimeout.java:282)
	at java.util.concurrent.FutureTask.run(FutureTask.java:266)
	at java.lang.Thread.run(Thread.java:750)
15:57:02.858 [IPC Server handler 12 on default port 41537] ERROR OMAudit - user=runner | ip=127.0.0.1 | op=GET_FILE_STATUS {volume=volume06113, bucket=bucket59830, key=gdir1/dir8/child, dataSize=0, replicationConfig=null} | ret=FAILURE
org.apache.hadoop.ozone.om.exceptions.OMException: Unable to get file status: volume: volume06113 bucket: bucket59830 key: gdir1/dir8/child
	at org.apache.hadoop.ozone.om.KeyManagerImpl.getOzoneFileStatus(KeyManagerImpl.java:1324) ~[ozone-manager-1.3.0-SNAPSHOT.jar:?]
	at org.apache.hadoop.ozone.om.KeyManagerImpl.getFileStatus(KeyManagerImpl.java:1254) ~[ozone-manager-1.3.0-SNAPSHOT.jar:?]
	at org.apache.hadoop.ozone.om.OzoneManager.getFileStatus(OzoneManager.java:3506) ~[ozone-manager-1.3.0-SNAPSHOT.jar:?]
	at org.apache.hadoop.ozone.protocolPB.OzoneManagerRequestHandler.getOzoneFileStatus(OzoneManagerRequestHandler.java:882) ~[ozone-manager-1.3.0-SNAPSHOT.jar:?]
	at org.apache.hadoop.ozone.protocolPB.OzoneManagerRequestHandler.handleReadRequest(OzoneManagerRequestHandler.java:228) ~[ozone-manager-1.3.0-SNAPSHOT.jar:?]
	at org.apache.hadoop.ozone.protocolPB.OzoneManagerProtocolServerSideTranslatorPB.submitRequestDirectlyToOM(OzoneManagerProtocolServerSideTranslatorPB.java:276) ~[ozone-manager-1.3.0-SNAPSHOT.jar:?]
	at org.apache.hadoop.ozone.protocolPB.OzoneManagerProtocolServerSideTranslatorPB.processRequest(OzoneManagerProtocolServerSideTranslatorPB.java:205) ~[ozone-manager-1.3.0-SNAPSHOT.jar:?]
	at org.apache.hadoop.hdds.server.OzoneProtocolMessageDispatcher.processRequest(OzoneProtocolMessageDispatcher.java:87) [hdds-server-framework-1.3.0-SNAPSHOT.jar:?]
	at org.apache.hadoop.ozone.protocolPB.OzoneManagerProtocolServerSideTranslatorPB.submitRequest(OzoneManagerProtocolServerSideTranslatorPB.java:147) [ozone-manager-1.3.0-SNAPSHOT.jar:?]
	at org.apache.hadoop.ozone.protocol.proto.OzoneManagerProtocolProtos$OzoneManagerService$2.callBlockingMethod(OzoneManagerProtocolProtos.java) [ozone-interface-client-1.3.0-SNAPSHOT.jar:?]
	at org.apache.hadoop.ipc.ProtobufRpcEngine$Server.processCall(ProtobufRpcEngine.java:466) [hadoop-common-3.3.1.jar:?]
	at org.apache.hadoop.ipc.ProtobufRpcEngine2$Server$ProtoBufRpcInvoker.call(ProtobufRpcEngine2.java:574) [hadoop-common-3.3.1.jar:?]
	at org.apache.hadoop.ipc.ProtobufRpcEngine2$Server$ProtoBufRpcInvoker.call(ProtobufRpcEngine2.java:552) [hadoop-common-3.3.1.jar:?]
	at org.apache.hadoop.ipc.RPC$Server.call(RPC.java:1093) [hadoop-common-3.3.1.jar:?]
	at org.apache.hadoop.ipc.Server$RpcCall.run(Server.java:1035) [hadoop-common-3.3.1.jar:?]
	at org.apache.hadoop.ipc.Server$RpcCall.run(Server.java:963) [hadoop-common-3.3.1.jar:?]
	at java.security.AccessController.doPrivileged(Native Method) ~[?:1.8.0_345]
	at javax.security.auth.Subject.doAs(Subject.java:422) [?:1.8.0_345]
	at org.apache.hadoop.security.UserGroupInformation.doAs(UserGroupInformation.java:1878) [hadoop-common-3.3.1.jar:?]
	at org.apache.hadoop.ipc.Server$Handler.run(Server.java:2966) [hadoop-common-3.3.1.jar:?]
2022-09-28 15:57:02,858 [Time-limited test] WARN  ozone.BasicOzoneFileSystem (BasicOzoneFileSystem.java:getFileStatus(765)) - GetFileStatus failed for path /gdir1/dir8/child
java.io.FileNotFoundException: gdir1/dir8/child: No such file or directory!
	at org.apache.hadoop.fs.ozone.BasicOzoneClientAdapterImpl.getFileStatus(BasicOzoneClientAdapterImpl.java:369)
	at org.apache.hadoop.fs.ozone.BasicOzoneFileSystem.getFileStatus(BasicOzoneFileSystem.java:757)
	at org.apache.hadoop.fs.ozone.TestOzoneFileSystem.checkPath(TestOzoneFileSystem.java:504)
	at org.apache.hadoop.fs.ozone.TestOzoneFileSystem.testRecursiveDelete(TestOzoneFileSystem.java:460)
	at sun.reflect.NativeMethodAccessorImpl.invoke0(Native Method)
	at sun.reflect.NativeMethodAccessorImpl.invoke(NativeMethodAccessorImpl.java:62)
	at sun.reflect.DelegatingMethodAccessorImpl.invoke(DelegatingMethodAccessorImpl.java:43)
	at java.lang.reflect.Method.invoke(Method.java:498)
	at org.junit.runners.model.FrameworkMethod$1.runReflectiveCall(FrameworkMethod.java:59)
	at org.junit.internal.runners.model.ReflectiveCallable.run(ReflectiveCallable.java:12)
	at org.junit.runners.model.FrameworkMethod.invokeExplosively(FrameworkMethod.java:56)
	at org.junit.internal.runners.statements.InvokeMethod.evaluate(InvokeMethod.java:17)
	at org.junit.internal.runners.statements.RunAfters.evaluate(RunAfters.java:27)
	at org.junit.internal.runners.statements.FailOnTimeout$CallableStatement.call(FailOnTimeout.java:288)
	at org.junit.internal.runners.statements.FailOnTimeout$CallableStatement.call(FailOnTimeout.java:282)
	at java.util.concurrent.FutureTask.run(FutureTask.java:266)
	at java.lang.Thread.run(Thread.java:750)
15:57:02.859 [IPC Server handler 18 on default port 41537] ERROR OMAudit - user=runner | ip=127.0.0.1 | op=GET_FILE_STATUS {volume=volume06113, bucket=bucket59830, key=gdir1/dir9, dataSize=0, replicationConfig=null} | ret=FAILURE
org.apache.hadoop.ozone.om.exceptions.OMException: Unable to get file status: volume: volume06113 bucket: bucket59830 key: gdir1/dir9
	at org.apache.hadoop.ozone.om.KeyManagerImpl.getOzoneFileStatus(KeyManagerImpl.java:1324) ~[ozone-manager-1.3.0-SNAPSHOT.jar:?]
	at org.apache.hadoop.ozone.om.KeyManagerImpl.getFileStatus(KeyManagerImpl.java:1254) ~[ozone-manager-1.3.0-SNAPSHOT.jar:?]
	at org.apache.hadoop.ozone.om.OzoneManager.getFileStatus(OzoneManager.java:3506) ~[ozone-manager-1.3.0-SNAPSHOT.jar:?]
	at org.apache.hadoop.ozone.protocolPB.OzoneManagerRequestHandler.getOzoneFileStatus(OzoneManagerRequestHandler.java:882) ~[ozone-manager-1.3.0-SNAPSHOT.jar:?]
	at org.apache.hadoop.ozone.protocolPB.OzoneManagerRequestHandler.handleReadRequest(OzoneManagerRequestHandler.java:228) ~[ozone-manager-1.3.0-SNAPSHOT.jar:?]
	at org.apache.hadoop.ozone.protocolPB.OzoneManagerProtocolServerSideTranslatorPB.submitRequestDirectlyToOM(OzoneManagerProtocolServerSideTranslatorPB.java:276) ~[ozone-manager-1.3.0-SNAPSHOT.jar:?]
	at org.apache.hadoop.ozone.protocolPB.OzoneManagerProtocolServerSideTranslatorPB.processRequest(OzoneManagerProtocolServerSideTranslatorPB.java:205) ~[ozone-manager-1.3.0-SNAPSHOT.jar:?]
	at org.apache.hadoop.hdds.server.OzoneProtocolMessageDispatcher.processRequest(OzoneProtocolMessageDispatcher.java:87) [hdds-server-framework-1.3.0-SNAPSHOT.jar:?]
	at org.apache.hadoop.ozone.protocolPB.OzoneManagerProtocolServerSideTranslatorPB.submitRequest(OzoneManagerProtocolServerSideTranslatorPB.java:147) [ozone-manager-1.3.0-SNAPSHOT.jar:?]
	at org.apache.hadoop.ozone.protocol.proto.OzoneManagerProtocolProtos$OzoneManagerService$2.callBlockingMethod(OzoneManagerProtocolProtos.java) [ozone-interface-client-1.3.0-SNAPSHOT.jar:?]
	at org.apache.hadoop.ipc.ProtobufRpcEngine$Server.processCall(ProtobufRpcEngine.java:466) [hadoop-common-3.3.1.jar:?]
	at org.apache.hadoop.ipc.ProtobufRpcEngine2$Server$ProtoBufRpcInvoker.call(ProtobufRpcEngine2.java:574) [hadoop-common-3.3.1.jar:?]
	at org.apache.hadoop.ipc.ProtobufRpcEngine2$Server$ProtoBufRpcInvoker.call(ProtobufRpcEngine2.java:552) [hadoop-common-3.3.1.jar:?]
	at org.apache.hadoop.ipc.RPC$Server.call(RPC.java:1093) [hadoop-common-3.3.1.jar:?]
	at org.apache.hadoop.ipc.Server$RpcCall.run(Server.java:1035) [hadoop-common-3.3.1.jar:?]
	at org.apache.hadoop.ipc.Server$RpcCall.run(Server.java:963) [hadoop-common-3.3.1.jar:?]
	at java.security.AccessController.doPrivileged(Native Method) ~[?:1.8.0_345]
	at javax.security.auth.Subject.doAs(Subject.java:422) [?:1.8.0_345]
	at org.apache.hadoop.security.UserGroupInformation.doAs(UserGroupInformation.java:1878) [hadoop-common-3.3.1.jar:?]
	at org.apache.hadoop.ipc.Server$Handler.run(Server.java:2966) [hadoop-common-3.3.1.jar:?]
2022-09-28 15:57:02,859 [Time-limited test] WARN  ozone.BasicOzoneFileSystem (BasicOzoneFileSystem.java:getFileStatus(765)) - GetFileStatus failed for path /gdir1/dir9
java.io.FileNotFoundException: gdir1/dir9: No such file or directory!
	at org.apache.hadoop.fs.ozone.BasicOzoneClientAdapterImpl.getFileStatus(BasicOzoneClientAdapterImpl.java:369)
	at org.apache.hadoop.fs.ozone.BasicOzoneFileSystem.getFileStatus(BasicOzoneFileSystem.java:757)
	at org.apache.hadoop.fs.ozone.TestOzoneFileSystem.checkPath(TestOzoneFileSystem.java:504)
	at org.apache.hadoop.fs.ozone.TestOzoneFileSystem.testRecursiveDelete(TestOzoneFileSystem.java:459)
	at sun.reflect.NativeMethodAccessorImpl.invoke0(Native Method)
	at sun.reflect.NativeMethodAccessorImpl.invoke(NativeMethodAccessorImpl.java:62)
	at sun.reflect.DelegatingMethodAccessorImpl.invoke(DelegatingMethodAccessorImpl.java:43)
	at java.lang.reflect.Method.invoke(Method.java:498)
	at org.junit.runners.model.FrameworkMethod$1.runReflectiveCall(FrameworkMethod.java:59)
	at org.junit.internal.runners.model.ReflectiveCallable.run(ReflectiveCallable.java:12)
	at org.junit.runners.model.FrameworkMethod.invokeExplosively(FrameworkMethod.java:56)
	at org.junit.internal.runners.statements.InvokeMethod.evaluate(InvokeMethod.java:17)
	at org.junit.internal.runners.statements.RunAfters.evaluate(RunAfters.java:27)
	at org.junit.internal.runners.statements.FailOnTimeout$CallableStatement.call(FailOnTimeout.java:288)
	at org.junit.internal.runners.statements.FailOnTimeout$CallableStatement.call(FailOnTimeout.java:282)
	at java.util.concurrent.FutureTask.run(FutureTask.java:266)
	at java.lang.Thread.run(Thread.java:750)
15:57:02.859 [IPC Server handler 11 on default port 41537] ERROR OMAudit - user=runner | ip=127.0.0.1 | op=GET_FILE_STATUS {volume=volume06113, bucket=bucket59830, key=gdir1/dir9/child, dataSize=0, replicationConfig=null} | ret=FAILURE
org.apache.hadoop.ozone.om.exceptions.OMException: Unable to get file status: volume: volume06113 bucket: bucket59830 key: gdir1/dir9/child
	at org.apache.hadoop.ozone.om.KeyManagerImpl.getOzoneFileStatus(KeyManagerImpl.java:1324) ~[ozone-manager-1.3.0-SNAPSHOT.jar:?]
	at org.apache.hadoop.ozone.om.KeyManagerImpl.getFileStatus(KeyManagerImpl.java:1254) ~[ozone-manager-1.3.0-SNAPSHOT.jar:?]
	at org.apache.hadoop.ozone.om.OzoneManager.getFileStatus(OzoneManager.java:3506) ~[ozone-manager-1.3.0-SNAPSHOT.jar:?]
	at org.apache.hadoop.ozone.protocolPB.OzoneManagerRequestHandler.getOzoneFileStatus(OzoneManagerRequestHandler.java:882) ~[ozone-manager-1.3.0-SNAPSHOT.jar:?]
	at org.apache.hadoop.ozone.protocolPB.OzoneManagerRequestHandler.handleReadRequest(OzoneManagerRequestHandler.java:228) ~[ozone-manager-1.3.0-SNAPSHOT.jar:?]
	at org.apache.hadoop.ozone.protocolPB.OzoneManagerProtocolServerSideTranslatorPB.submitRequestDirectlyToOM(OzoneManagerProtocolServerSideTranslatorPB.java:276) ~[ozone-manager-1.3.0-SNAPSHOT.jar:?]
	at org.apache.hadoop.ozone.protocolPB.OzoneManagerProtocolServerSideTranslatorPB.processRequest(OzoneManagerProtocolServerSideTranslatorPB.java:205) ~[ozone-manager-1.3.0-SNAPSHOT.jar:?]
	at org.apache.hadoop.hdds.server.OzoneProtocolMessageDispatcher.processRequest(OzoneProtocolMessageDispatcher.java:87) [hdds-server-framework-1.3.0-SNAPSHOT.jar:?]
	at org.apache.hadoop.ozone.protocolPB.OzoneManagerProtocolServerSideTranslatorPB.submitRequest(OzoneManagerProtocolServerSideTranslatorPB.java:147) [ozone-manager-1.3.0-SNAPSHOT.jar:?]
	at org.apache.hadoop.ozone.protocol.proto.OzoneManagerProtocolProtos$OzoneManagerService$2.callBlockingMethod(OzoneManagerProtocolProtos.java) [ozone-interface-client-1.3.0-SNAPSHOT.jar:?]
	at org.apache.hadoop.ipc.ProtobufRpcEngine$Server.processCall(ProtobufRpcEngine.java:466) [hadoop-common-3.3.1.jar:?]
	at org.apache.hadoop.ipc.ProtobufRpcEngine2$Server$ProtoBufRpcInvoker.call(ProtobufRpcEngine2.java:574) [hadoop-common-3.3.1.jar:?]
	at org.apache.hadoop.ipc.ProtobufRpcEngine2$Server$ProtoBufRpcInvoker.call(ProtobufRpcEngine2.java:552) [hadoop-common-3.3.1.jar:?]
	at org.apache.hadoop.ipc.RPC$Server.call(RPC.java:1093) [hadoop-common-3.3.1.jar:?]
	at org.apache.hadoop.ipc.Server$RpcCall.run(Server.java:1035) [hadoop-common-3.3.1.jar:?]
	at org.apache.hadoop.ipc.Server$RpcCall.run(Server.java:963) [hadoop-common-3.3.1.jar:?]
	at java.security.AccessController.doPrivileged(Native Method) ~[?:1.8.0_345]
	at javax.security.auth.Subject.doAs(Subject.java:422) [?:1.8.0_345]
	at org.apache.hadoop.security.UserGroupInformation.doAs(UserGroupInformation.java:1878) [hadoop-common-3.3.1.jar:?]
	at org.apache.hadoop.ipc.Server$Handler.run(Server.java:2966) [hadoop-common-3.3.1.jar:?]
2022-09-28 15:57:02,861 [Time-limited test] WARN  ozone.BasicOzoneFileSystem (BasicOzoneFileSystem.java:getFileStatus(765)) - GetFileStatus failed for path /gdir1/dir9/child
java.io.FileNotFoundException: gdir1/dir9/child: No such file or directory!
	at org.apache.hadoop.fs.ozone.BasicOzoneClientAdapterImpl.getFileStatus(BasicOzoneClientAdapterImpl.java:369)
	at org.apache.hadoop.fs.ozone.BasicOzoneFileSystem.getFileStatus(BasicOzoneFileSystem.java:757)
	at org.apache.hadoop.fs.ozone.TestOzoneFileSystem.checkPath(TestOzoneFileSystem.java:504)
	at org.apache.hadoop.fs.ozone.TestOzoneFileSystem.testRecursiveDelete(TestOzoneFileSystem.java:460)
	at sun.reflect.NativeMethodAccessorImpl.invoke0(Native Method)
	at sun.reflect.NativeMethodAccessorImpl.invoke(NativeMethodAccessorImpl.java:62)
	at sun.reflect.DelegatingMethodAccessorImpl.invoke(DelegatingMethodAccessorImpl.java:43)
	at java.lang.reflect.Method.invoke(Method.java:498)
	at org.junit.runners.model.FrameworkMethod$1.runReflectiveCall(FrameworkMethod.java:59)
	at org.junit.internal.runners.model.ReflectiveCallable.run(ReflectiveCallable.java:12)
	at org.junit.runners.model.FrameworkMethod.invokeExplosively(FrameworkMethod.java:56)
	at org.junit.internal.runners.statements.InvokeMethod.evaluate(InvokeMethod.java:17)
	at org.junit.internal.runners.statements.RunAfters.evaluate(RunAfters.java:27)
	at org.junit.internal.runners.statements.FailOnTimeout$CallableStatement.call(FailOnTimeout.java:288)
	at org.junit.internal.runners.statements.FailOnTimeout$CallableStatement.call(FailOnTimeout.java:282)
	at java.util.concurrent.FutureTask.run(FutureTask.java:266)
	at java.lang.Thread.run(Thread.java:750)
15:57:02.861 [IPC Server handler 3 on default port 41537] ERROR OMAudit - user=runner | ip=127.0.0.1 | op=GET_FILE_STATUS {volume=volume06113, bucket=bucket59830, key=gdir1/dir10, dataSize=0, replicationConfig=null} | ret=FAILURE
org.apache.hadoop.ozone.om.exceptions.OMException: Unable to get file status: volume: volume06113 bucket: bucket59830 key: gdir1/dir10
	at org.apache.hadoop.ozone.om.KeyManagerImpl.getOzoneFileStatus(KeyManagerImpl.java:1324) ~[ozone-manager-1.3.0-SNAPSHOT.jar:?]
	at org.apache.hadoop.ozone.om.KeyManagerImpl.getFileStatus(KeyManagerImpl.java:1254) ~[ozone-manager-1.3.0-SNAPSHOT.jar:?]
	at org.apache.hadoop.ozone.om.OzoneManager.getFileStatus(OzoneManager.java:3506) ~[ozone-manager-1.3.0-SNAPSHOT.jar:?]
	at org.apache.hadoop.ozone.protocolPB.OzoneManagerRequestHandler.getOzoneFileStatus(OzoneManagerRequestHandler.java:882) ~[ozone-manager-1.3.0-SNAPSHOT.jar:?]
	at org.apache.hadoop.ozone.protocolPB.OzoneManagerRequestHandler.handleReadRequest(OzoneManagerRequestHandler.java:228) ~[ozone-manager-1.3.0-SNAPSHOT.jar:?]
	at org.apache.hadoop.ozone.protocolPB.OzoneManagerProtocolServerSideTranslatorPB.submitRequestDirectlyToOM(OzoneManagerProtocolServerSideTranslatorPB.java:276) ~[ozone-manager-1.3.0-SNAPSHOT.jar:?]
	at org.apache.hadoop.ozone.protocolPB.OzoneManagerProtocolServerSideTranslatorPB.processRequest(OzoneManagerProtocolServerSideTranslatorPB.java:205) ~[ozone-manager-1.3.0-SNAPSHOT.jar:?]
	at org.apache.hadoop.hdds.server.OzoneProtocolMessageDispatcher.processRequest(OzoneProtocolMessageDispatcher.java:87) [hdds-server-framework-1.3.0-SNAPSHOT.jar:?]
	at org.apache.hadoop.ozone.protocolPB.OzoneManagerProtocolServerSideTranslatorPB.submitRequest(OzoneManagerProtocolServerSideTranslatorPB.java:147) [ozone-manager-1.3.0-SNAPSHOT.jar:?]
	at org.apache.hadoop.ozone.protocol.proto.OzoneManagerProtocolProtos$OzoneManagerService$2.callBlockingMethod(OzoneManagerProtocolProtos.java) [ozone-interface-client-1.3.0-SNAPSHOT.jar:?]
	at org.apache.hadoop.ipc.ProtobufRpcEngine$Server.processCall(ProtobufRpcEngine.java:466) [hadoop-common-3.3.1.jar:?]
	at org.apache.hadoop.ipc.ProtobufRpcEngine2$Server$ProtoBufRpcInvoker.call(ProtobufRpcEngine2.java:574) [hadoop-common-3.3.1.jar:?]
	at org.apache.hadoop.ipc.ProtobufRpcEngine2$Server$ProtoBufRpcInvoker.call(ProtobufRpcEngine2.java:552) [hadoop-common-3.3.1.jar:?]
	at org.apache.hadoop.ipc.RPC$Server.call(RPC.java:1093) [hadoop-common-3.3.1.jar:?]
	at org.apache.hadoop.ipc.Server$RpcCall.run(Server.java:1035) [hadoop-common-3.3.1.jar:?]
	at org.apache.hadoop.ipc.Server$RpcCall.run(Server.java:963) [hadoop-common-3.3.1.jar:?]
	at java.security.AccessController.doPrivileged(Native Method) ~[?:1.8.0_345]
	at javax.security.auth.Subject.doAs(Subject.java:422) [?:1.8.0_345]
	at org.apache.hadoop.security.UserGroupInformation.doAs(UserGroupInformation.java:1878) [hadoop-common-3.3.1.jar:?]
	at org.apache.hadoop.ipc.Server$Handler.run(Server.java:2966) [hadoop-common-3.3.1.jar:?]
2022-09-28 15:57:02,862 [Time-limited test] WARN  ozone.BasicOzoneFileSystem (BasicOzoneFileSystem.java:getFileStatus(765)) - GetFileStatus failed for path /gdir1/dir10
java.io.FileNotFoundException: gdir1/dir10: No such file or directory!
	at org.apache.hadoop.fs.ozone.BasicOzoneClientAdapterImpl.getFileStatus(BasicOzoneClientAdapterImpl.java:369)
	at org.apache.hadoop.fs.ozone.BasicOzoneFileSystem.getFileStatus(BasicOzoneFileSystem.java:757)
	at org.apache.hadoop.fs.ozone.TestOzoneFileSystem.checkPath(TestOzoneFileSystem.java:504)
	at org.apache.hadoop.fs.ozone.TestOzoneFileSystem.testRecursiveDelete(TestOzoneFileSystem.java:459)
	at sun.reflect.NativeMethodAccessorImpl.invoke0(Native Method)
	at sun.reflect.NativeMethodAccessorImpl.invoke(NativeMethodAccessorImpl.java:62)
	at sun.reflect.DelegatingMethodAccessorImpl.invoke(DelegatingMethodAccessorImpl.java:43)
	at java.lang.reflect.Method.invoke(Method.java:498)
	at org.junit.runners.model.FrameworkMethod$1.runReflectiveCall(FrameworkMethod.java:59)
	at org.junit.internal.runners.model.ReflectiveCallable.run(ReflectiveCallable.java:12)
	at org.junit.runners.model.FrameworkMethod.invokeExplosively(FrameworkMethod.java:56)
	at org.junit.internal.runners.statements.InvokeMethod.evaluate(InvokeMethod.java:17)
	at org.junit.internal.runners.statements.RunAfters.evaluate(RunAfters.java:27)
	at org.junit.internal.runners.statements.FailOnTimeout$CallableStatement.call(FailOnTimeout.java:288)
	at org.junit.internal.runners.statements.FailOnTimeout$CallableStatement.call(FailOnTimeout.java:282)
	at java.util.concurrent.FutureTask.run(FutureTask.java:266)
	at java.lang.Thread.run(Thread.java:750)
15:57:02.862 [IPC Server handler 19 on default port 41537] ERROR OMAudit - user=runner | ip=127.0.0.1 | op=GET_FILE_STATUS {volume=volume06113, bucket=bucket59830, key=gdir1/dir10/child, dataSize=0, replicationConfig=null} | ret=FAILURE
org.apache.hadoop.ozone.om.exceptions.OMException: Unable to get file status: volume: volume06113 bucket: bucket59830 key: gdir1/dir10/child
	at org.apache.hadoop.ozone.om.KeyManagerImpl.getOzoneFileStatus(KeyManagerImpl.java:1324) ~[ozone-manager-1.3.0-SNAPSHOT.jar:?]
	at org.apache.hadoop.ozone.om.KeyManagerImpl.getFileStatus(KeyManagerImpl.java:1254) ~[ozone-manager-1.3.0-SNAPSHOT.jar:?]
	at org.apache.hadoop.ozone.om.OzoneManager.getFileStatus(OzoneManager.java:3506) ~[ozone-manager-1.3.0-SNAPSHOT.jar:?]
	at org.apache.hadoop.ozone.protocolPB.OzoneManagerRequestHandler.getOzoneFileStatus(OzoneManagerRequestHandler.java:882) ~[ozone-manager-1.3.0-SNAPSHOT.jar:?]
	at org.apache.hadoop.ozone.protocolPB.OzoneManagerRequestHandler.handleReadRequest(OzoneManagerRequestHandler.java:228) ~[ozone-manager-1.3.0-SNAPSHOT.jar:?]
	at org.apache.hadoop.ozone.protocolPB.OzoneManagerProtocolServerSideTranslatorPB.submitRequestDirectlyToOM(OzoneManagerProtocolServerSideTranslatorPB.java:276) ~[ozone-manager-1.3.0-SNAPSHOT.jar:?]
	at org.apache.hadoop.ozone.protocolPB.OzoneManagerProtocolServerSideTranslatorPB.processRequest(OzoneManagerProtocolServerSideTranslatorPB.java:205) ~[ozone-manager-1.3.0-SNAPSHOT.jar:?]
	at org.apache.hadoop.hdds.server.OzoneProtocolMessageDispatcher.processRequest(OzoneProtocolMessageDispatcher.java:87) [hdds-server-framework-1.3.0-SNAPSHOT.jar:?]
	at org.apache.hadoop.ozone.protocolPB.OzoneManagerProtocolServerSideTranslatorPB.submitRequest(OzoneManagerProtocolServerSideTranslatorPB.java:147) [ozone-manager-1.3.0-SNAPSHOT.jar:?]
	at org.apache.hadoop.ozone.protocol.proto.OzoneManagerProtocolProtos$OzoneManagerService$2.callBlockingMethod(OzoneManagerProtocolProtos.java) [ozone-interface-client-1.3.0-SNAPSHOT.jar:?]
	at org.apache.hadoop.ipc.ProtobufRpcEngine$Server.processCall(ProtobufRpcEngine.java:466) [hadoop-common-3.3.1.jar:?]
	at org.apache.hadoop.ipc.ProtobufRpcEngine2$Server$ProtoBufRpcInvoker.call(ProtobufRpcEngine2.java:574) [hadoop-common-3.3.1.jar:?]
	at org.apache.hadoop.ipc.ProtobufRpcEngine2$Server$ProtoBufRpcInvoker.call(ProtobufRpcEngine2.java:552) [hadoop-common-3.3.1.jar:?]
	at org.apache.hadoop.ipc.RPC$Server.call(RPC.java:1093) [hadoop-common-3.3.1.jar:?]
	at org.apache.hadoop.ipc.Server$RpcCall.run(Server.java:1035) [hadoop-common-3.3.1.jar:?]
	at org.apache.hadoop.ipc.Server$RpcCall.run(Server.java:963) [hadoop-common-3.3.1.jar:?]
	at java.security.AccessController.doPrivileged(Native Method) ~[?:1.8.0_345]
	at javax.security.auth.Subject.doAs(Subject.java:422) [?:1.8.0_345]
	at org.apache.hadoop.security.UserGroupInformation.doAs(UserGroupInformation.java:1878) [hadoop-common-3.3.1.jar:?]
	at org.apache.hadoop.ipc.Server$Handler.run(Server.java:2966) [hadoop-common-3.3.1.jar:?]
2022-09-28 15:57:02,863 [Time-limited test] WARN  ozone.BasicOzoneFileSystem (BasicOzoneFileSystem.java:getFileStatus(765)) - GetFileStatus failed for path /gdir1/dir10/child
java.io.FileNotFoundException: gdir1/dir10/child: No such file or directory!
	at org.apache.hadoop.fs.ozone.BasicOzoneClientAdapterImpl.getFileStatus(BasicOzoneClientAdapterImpl.java:369)
	at org.apache.hadoop.fs.ozone.BasicOzoneFileSystem.getFileStatus(BasicOzoneFileSystem.java:757)
	at org.apache.hadoop.fs.ozone.TestOzoneFileSystem.checkPath(TestOzoneFileSystem.java:504)
	at org.apache.hadoop.fs.ozone.TestOzoneFileSystem.testRecursiveDelete(TestOzoneFileSystem.java:460)
	at sun.reflect.NativeMethodAccessorImpl.invoke0(Native Method)
	at sun.reflect.NativeMethodAccessorImpl.invoke(NativeMethodAccessorImpl.java:62)
	at sun.reflect.DelegatingMethodAccessorImpl.invoke(DelegatingMethodAccessorImpl.java:43)
	at java.lang.reflect.Method.invoke(Method.java:498)
	at org.junit.runners.model.FrameworkMethod$1.runReflectiveCall(FrameworkMethod.java:59)
	at org.junit.internal.runners.model.ReflectiveCallable.run(ReflectiveCallable.java:12)
	at org.junit.runners.model.FrameworkMethod.invokeExplosively(FrameworkMethod.java:56)
	at org.junit.internal.runners.statements.InvokeMethod.evaluate(InvokeMethod.java:17)
	at org.junit.internal.runners.statements.RunAfters.evaluate(RunAfters.java:27)
	at org.junit.internal.runners.statements.FailOnTimeout$CallableStatement.call(FailOnTimeout.java:288)
	at org.junit.internal.runners.statements.FailOnTimeout$CallableStatement.call(FailOnTimeout.java:282)
	at java.util.concurrent.FutureTask.run(FutureTask.java:266)
	at java.lang.Thread.run(Thread.java:750)
15:57:02.976 [IPC Server handler 14 on default port 41537] ERROR OMAudit - user=runner | ip=127.0.0.1 | op=GET_FILE_STATUS {volume=volume06113, bucket=bucket59830, key=level0, dataSize=0, replicationConfig=null} | ret=FAILURE
org.apache.hadoop.ozone.om.exceptions.OMException: Unable to get file status: volume: volume06113 bucket: bucket59830 key: level0
	at org.apache.hadoop.ozone.om.KeyManagerImpl.getOzoneFileStatus(KeyManagerImpl.java:1324) ~[ozone-manager-1.3.0-SNAPSHOT.jar:?]
	at org.apache.hadoop.ozone.om.KeyManagerImpl.getFileStatus(KeyManagerImpl.java:1254) ~[ozone-manager-1.3.0-SNAPSHOT.jar:?]
	at org.apache.hadoop.ozone.om.OzoneManager.getFileStatus(OzoneManager.java:3506) ~[ozone-manager-1.3.0-SNAPSHOT.jar:?]
	at org.apache.hadoop.ozone.protocolPB.OzoneManagerRequestHandler.getOzoneFileStatus(OzoneManagerRequestHandler.java:882) ~[ozone-manager-1.3.0-SNAPSHOT.jar:?]
	at org.apache.hadoop.ozone.protocolPB.OzoneManagerRequestHandler.handleReadRequest(OzoneManagerRequestHandler.java:228) ~[ozone-manager-1.3.0-SNAPSHOT.jar:?]
	at org.apache.hadoop.ozone.protocolPB.OzoneManagerProtocolServerSideTranslatorPB.submitRequestDirectlyToOM(OzoneManagerProtocolServerSideTranslatorPB.java:276) ~[ozone-manager-1.3.0-SNAPSHOT.jar:?]
	at org.apache.hadoop.ozone.protocolPB.OzoneManagerProtocolServerSideTranslatorPB.processRequest(OzoneManagerProtocolServerSideTranslatorPB.java:205) ~[ozone-manager-1.3.0-SNAPSHOT.jar:?]
	at org.apache.hadoop.hdds.server.OzoneProtocolMessageDispatcher.processRequest(OzoneProtocolMessageDispatcher.java:87) [hdds-server-framework-1.3.0-SNAPSHOT.jar:?]
	at org.apache.hadoop.ozone.protocolPB.OzoneManagerProtocolServerSideTranslatorPB.submitRequest(OzoneManagerProtocolServerSideTranslatorPB.java:147) [ozone-manager-1.3.0-SNAPSHOT.jar:?]
	at org.apache.hadoop.ozone.protocol.proto.OzoneManagerProtocolProtos$OzoneManagerService$2.callBlockingMethod(OzoneManagerProtocolProtos.java) [ozone-interface-client-1.3.0-SNAPSHOT.jar:?]
	at org.apache.hadoop.ipc.ProtobufRpcEngine$Server.processCall(ProtobufRpcEngine.java:466) [hadoop-common-3.3.1.jar:?]
	at org.apache.hadoop.ipc.ProtobufRpcEngine2$Server$ProtoBufRpcInvoker.call(ProtobufRpcEngine2.java:574) [hadoop-common-3.3.1.jar:?]
	at org.apache.hadoop.ipc.ProtobufRpcEngine2$Server$ProtoBufRpcInvoker.call(ProtobufRpcEngine2.java:552) [hadoop-common-3.3.1.jar:?]
	at org.apache.hadoop.ipc.RPC$Server.call(RPC.java:1093) [hadoop-common-3.3.1.jar:?]
	at org.apache.hadoop.ipc.Server$RpcCall.run(Server.java:1035) [hadoop-common-3.3.1.jar:?]
	at org.apache.hadoop.ipc.Server$RpcCall.run(Server.java:963) [hadoop-common-3.3.1.jar:?]
	at java.security.AccessController.doPrivileged(Native Method) ~[?:1.8.0_345]
	at javax.security.auth.Subject.doAs(Subject.java:422) [?:1.8.0_345]
	at org.apache.hadoop.security.UserGroupInformation.doAs(UserGroupInformation.java:1878) [hadoop-common-3.3.1.jar:?]
	at org.apache.hadoop.ipc.Server$Handler.run(Server.java:2966) [hadoop-common-3.3.1.jar:?]
2022-09-28 15:57:02,976 [Time-limited test] WARN  ozone.BasicOzoneFileSystem (BasicOzoneFileSystem.java:getFileStatus(765)) - GetFileStatus failed for path /level0
java.io.FileNotFoundException: level0: No such file or directory!
	at org.apache.hadoop.fs.ozone.BasicOzoneClientAdapterImpl.getFileStatus(BasicOzoneClientAdapterImpl.java:369)
	at org.apache.hadoop.fs.ozone.BasicOzoneFileSystem.getFileStatus(BasicOzoneFileSystem.java:757)
	at org.apache.hadoop.fs.ozone.TestOzoneFileSystem.checkPath(TestOzoneFileSystem.java:504)
	at org.apache.hadoop.fs.ozone.TestOzoneFileSystem.testRecursiveDelete(TestOzoneFileSystem.java:488)
	at sun.reflect.NativeMethodAccessorImpl.invoke0(Native Method)
	at sun.reflect.NativeMethodAccessorImpl.invoke(NativeMethodAccessorImpl.java:62)
	at sun.reflect.DelegatingMethodAccessorImpl.invoke(DelegatingMethodAccessorImpl.java:43)
	at java.lang.reflect.Method.invoke(Method.java:498)
	at org.junit.runners.model.FrameworkMethod$1.runReflectiveCall(FrameworkMethod.java:59)
	at org.junit.internal.runners.model.ReflectiveCallable.run(ReflectiveCallable.java:12)
	at org.junit.runners.model.FrameworkMethod.invokeExplosively(FrameworkMethod.java:56)
	at org.junit.internal.runners.statements.InvokeMethod.evaluate(InvokeMethod.java:17)
	at org.junit.internal.runners.statements.RunAfters.evaluate(RunAfters.java:27)
	at org.junit.internal.runners.statements.FailOnTimeout$CallableStatement.call(FailOnTimeout.java:288)
	at org.junit.internal.runners.statements.FailOnTimeout$CallableStatement.call(FailOnTimeout.java:282)
	at java.util.concurrent.FutureTask.run(FutureTask.java:266)
	at java.lang.Thread.run(Thread.java:750)
15:57:02.977 [IPC Server handler 17 on default port 41537] ERROR OMAudit - user=runner | ip=127.0.0.1 | op=GET_FILE_STATUS {volume=volume06113, bucket=bucket59830, key=level0/level1, dataSize=0, replicationConfig=null} | ret=FAILURE
org.apache.hadoop.ozone.om.exceptions.OMException: Unable to get file status: volume: volume06113 bucket: bucket59830 key: level0/level1
	at org.apache.hadoop.ozone.om.KeyManagerImpl.getOzoneFileStatus(KeyManagerImpl.java:1324) ~[ozone-manager-1.3.0-SNAPSHOT.jar:?]
	at org.apache.hadoop.ozone.om.KeyManagerImpl.getFileStatus(KeyManagerImpl.java:1254) ~[ozone-manager-1.3.0-SNAPSHOT.jar:?]
	at org.apache.hadoop.ozone.om.OzoneManager.getFileStatus(OzoneManager.java:3506) ~[ozone-manager-1.3.0-SNAPSHOT.jar:?]
	at org.apache.hadoop.ozone.protocolPB.OzoneManagerRequestHandler.getOzoneFileStatus(OzoneManagerRequestHandler.java:882) ~[ozone-manager-1.3.0-SNAPSHOT.jar:?]
	at org.apache.hadoop.ozone.protocolPB.OzoneManagerRequestHandler.handleReadRequest(OzoneManagerRequestHandler.java:228) ~[ozone-manager-1.3.0-SNAPSHOT.jar:?]
	at org.apache.hadoop.ozone.protocolPB.OzoneManagerProtocolServerSideTranslatorPB.submitRequestDirectlyToOM(OzoneManagerProtocolServerSideTranslatorPB.java:276) ~[ozone-manager-1.3.0-SNAPSHOT.jar:?]
	at org.apache.hadoop.ozone.protocolPB.OzoneManagerProtocolServerSideTranslatorPB.processRequest(OzoneManagerProtocolServerSideTranslatorPB.java:205) ~[ozone-manager-1.3.0-SNAPSHOT.jar:?]
	at org.apache.hadoop.hdds.server.OzoneProtocolMessageDispatcher.processRequest(OzoneProtocolMessageDispatcher.java:87) [hdds-server-framework-1.3.0-SNAPSHOT.jar:?]
	at org.apache.hadoop.ozone.protocolPB.OzoneManagerProtocolServerSideTranslatorPB.submitRequest(OzoneManagerProtocolServerSideTranslatorPB.java:147) [ozone-manager-1.3.0-SNAPSHOT.jar:?]
	at org.apache.hadoop.ozone.protocol.proto.OzoneManagerProtocolProtos$OzoneManagerService$2.callBlockingMethod(OzoneManagerProtocolProtos.java) [ozone-interface-client-1.3.0-SNAPSHOT.jar:?]
	at org.apache.hadoop.ipc.ProtobufRpcEngine$Server.processCall(ProtobufRpcEngine.java:466) [hadoop-common-3.3.1.jar:?]
	at org.apache.hadoop.ipc.ProtobufRpcEngine2$Server$ProtoBufRpcInvoker.call(ProtobufRpcEngine2.java:574) [hadoop-common-3.3.1.jar:?]
	at org.apache.hadoop.ipc.ProtobufRpcEngine2$Server$ProtoBufRpcInvoker.call(ProtobufRpcEngine2.java:552) [hadoop-common-3.3.1.jar:?]
	at org.apache.hadoop.ipc.RPC$Server.call(RPC.java:1093) [hadoop-common-3.3.1.jar:?]
	at org.apache.hadoop.ipc.Server$RpcCall.run(Server.java:1035) [hadoop-common-3.3.1.jar:?]
	at org.apache.hadoop.ipc.Server$RpcCall.run(Server.java:963) [hadoop-common-3.3.1.jar:?]
	at java.security.AccessController.doPrivileged(Native Method) ~[?:1.8.0_345]
	at javax.security.auth.Subject.doAs(Subject.java:422) [?:1.8.0_345]
	at org.apache.hadoop.security.UserGroupInformation.doAs(UserGroupInformation.java:1878) [hadoop-common-3.3.1.jar:?]
	at org.apache.hadoop.ipc.Server$Handler.run(Server.java:2966) [hadoop-common-3.3.1.jar:?]
2022-09-28 15:57:02,977 [Time-limited test] WARN  ozone.BasicOzoneFileSystem (BasicOzoneFileSystem.java:getFileStatus(765)) - GetFileStatus failed for path /level0/level1
java.io.FileNotFoundException: level0/level1: No such file or directory!
	at org.apache.hadoop.fs.ozone.BasicOzoneClientAdapterImpl.getFileStatus(BasicOzoneClientAdapterImpl.java:369)
	at org.apache.hadoop.fs.ozone.BasicOzoneFileSystem.getFileStatus(BasicOzoneFileSystem.java:757)
	at org.apache.hadoop.fs.ozone.TestOzoneFileSystem.checkPath(TestOzoneFileSystem.java:504)
	at org.apache.hadoop.fs.ozone.TestOzoneFileSystem.testRecursiveDelete(TestOzoneFileSystem.java:495)
	at sun.reflect.NativeMethodAccessorImpl.invoke0(Native Method)
	at sun.reflect.NativeMethodAccessorImpl.invoke(NativeMethodAccessorImpl.java:62)
	at sun.reflect.DelegatingMethodAccessorImpl.invoke(DelegatingMethodAccessorImpl.java:43)
	at java.lang.reflect.Method.invoke(Method.java:498)
	at org.junit.runners.model.FrameworkMethod$1.runReflectiveCall(FrameworkMethod.java:59)
	at org.junit.internal.runners.model.ReflectiveCallable.run(ReflectiveCallable.java:12)
	at org.junit.runners.model.FrameworkMethod.invokeExplosively(FrameworkMethod.java:56)
	at org.junit.internal.runners.statements.InvokeMethod.evaluate(InvokeMethod.java:17)
	at org.junit.internal.runners.statements.RunAfters.evaluate(RunAfters.java:27)
	at org.junit.internal.runners.statements.FailOnTimeout$CallableStatement.call(FailOnTimeout.java:288)
	at org.junit.internal.runners.statements.FailOnTimeout$CallableStatement.call(FailOnTimeout.java:282)
	at java.util.concurrent.FutureTask.run(FutureTask.java:266)
	at java.lang.Thread.run(Thread.java:750)
15:57:02.978 [IPC Server handler 12 on default port 41537] ERROR OMAudit - user=runner | ip=127.0.0.1 | op=GET_FILE_STATUS {volume=volume06113, bucket=bucket59830, key=level0/level1/level1, dataSize=0, replicationConfig=null} | ret=FAILURE
org.apache.hadoop.ozone.om.exceptions.OMException: Unable to get file status: volume: volume06113 bucket: bucket59830 key: level0/level1/level1
	at org.apache.hadoop.ozone.om.KeyManagerImpl.getOzoneFileStatus(KeyManagerImpl.java:1324) ~[ozone-manager-1.3.0-SNAPSHOT.jar:?]
	at org.apache.hadoop.ozone.om.KeyManagerImpl.getFileStatus(KeyManagerImpl.java:1254) ~[ozone-manager-1.3.0-SNAPSHOT.jar:?]
	at org.apache.hadoop.ozone.om.OzoneManager.getFileStatus(OzoneManager.java:3506) ~[ozone-manager-1.3.0-SNAPSHOT.jar:?]
	at org.apache.hadoop.ozone.protocolPB.OzoneManagerRequestHandler.getOzoneFileStatus(OzoneManagerRequestHandler.java:882) ~[ozone-manager-1.3.0-SNAPSHOT.jar:?]
	at org.apache.hadoop.ozone.protocolPB.OzoneManagerRequestHandler.handleReadRequest(OzoneManagerRequestHandler.java:228) ~[ozone-manager-1.3.0-SNAPSHOT.jar:?]
	at org.apache.hadoop.ozone.protocolPB.OzoneManagerProtocolServerSideTranslatorPB.submitRequestDirectlyToOM(OzoneManagerProtocolServerSideTranslatorPB.java:276) ~[ozone-manager-1.3.0-SNAPSHOT.jar:?]
	at org.apache.hadoop.ozone.protocolPB.OzoneManagerProtocolServerSideTranslatorPB.processRequest(OzoneManagerProtocolServerSideTranslatorPB.java:205) ~[ozone-manager-1.3.0-SNAPSHOT.jar:?]
	at org.apache.hadoop.hdds.server.OzoneProtocolMessageDispatcher.processRequest(OzoneProtocolMessageDispatcher.java:87) [hdds-server-framework-1.3.0-SNAPSHOT.jar:?]
	at org.apache.hadoop.ozone.protocolPB.OzoneManagerProtocolServerSideTranslatorPB.submitRequest(OzoneManagerProtocolServerSideTranslatorPB.java:147) [ozone-manager-1.3.0-SNAPSHOT.jar:?]
	at org.apache.hadoop.ozone.protocol.proto.OzoneManagerProtocolProtos$OzoneManagerService$2.callBlockingMethod(OzoneManagerProtocolProtos.java) [ozone-interface-client-1.3.0-SNAPSHOT.jar:?]
	at org.apache.hadoop.ipc.ProtobufRpcEngine$Server.processCall(ProtobufRpcEngine.java:466) [hadoop-common-3.3.1.jar:?]
	at org.apache.hadoop.ipc.ProtobufRpcEngine2$Server$ProtoBufRpcInvoker.call(ProtobufRpcEngine2.java:574) [hadoop-common-3.3.1.jar:?]
	at org.apache.hadoop.ipc.ProtobufRpcEngine2$Server$ProtoBufRpcInvoker.call(ProtobufRpcEngine2.java:552) [hadoop-common-3.3.1.jar:?]
	at org.apache.hadoop.ipc.RPC$Server.call(RPC.java:1093) [hadoop-common-3.3.1.jar:?]
	at org.apache.hadoop.ipc.Server$RpcCall.run(Server.java:1035) [hadoop-common-3.3.1.jar:?]
	at org.apache.hadoop.ipc.Server$RpcCall.run(Server.java:963) [hadoop-common-3.3.1.jar:?]
	at java.security.AccessController.doPrivileged(Native Method) ~[?:1.8.0_345]
	at javax.security.auth.Subject.doAs(Subject.java:422) [?:1.8.0_345]
	at org.apache.hadoop.security.UserGroupInformation.doAs(UserGroupInformation.java:1878) [hadoop-common-3.3.1.jar:?]
	at org.apache.hadoop.ipc.Server$Handler.run(Server.java:2966) [hadoop-common-3.3.1.jar:?]
2022-09-28 15:57:02,978 [Time-limited test] WARN  ozone.BasicOzoneFileSystem (BasicOzoneFileSystem.java:getFileStatus(765)) - GetFileStatus failed for path /level0/level1/level1
java.io.FileNotFoundException: level0/level1/level1: No such file or directory!
	at org.apache.hadoop.fs.ozone.BasicOzoneClientAdapterImpl.getFileStatus(BasicOzoneClientAdapterImpl.java:369)
	at org.apache.hadoop.fs.ozone.BasicOzoneFileSystem.getFileStatus(BasicOzoneFileSystem.java:757)
	at org.apache.hadoop.fs.ozone.TestOzoneFileSystem.checkPath(TestOzoneFileSystem.java:504)
	at org.apache.hadoop.fs.ozone.TestOzoneFileSystem.testRecursiveDelete(TestOzoneFileSystem.java:496)
	at sun.reflect.NativeMethodAccessorImpl.invoke0(Native Method)
	at sun.reflect.NativeMethodAccessorImpl.invoke(NativeMethodAccessorImpl.java:62)
	at sun.reflect.DelegatingMethodAccessorImpl.invoke(DelegatingMethodAccessorImpl.java:43)
	at java.lang.reflect.Method.invoke(Method.java:498)
	at org.junit.runners.model.FrameworkMethod$1.runReflectiveCall(FrameworkMethod.java:59)
	at org.junit.internal.runners.model.ReflectiveCallable.run(ReflectiveCallable.java:12)
	at org.junit.runners.model.FrameworkMethod.invokeExplosively(FrameworkMethod.java:56)
	at org.junit.internal.runners.statements.InvokeMethod.evaluate(InvokeMethod.java:17)
	at org.junit.internal.runners.statements.RunAfters.evaluate(RunAfters.java:27)
	at org.junit.internal.runners.statements.FailOnTimeout$CallableStatement.call(FailOnTimeout.java:288)
	at org.junit.internal.runners.statements.FailOnTimeout$CallableStatement.call(FailOnTimeout.java:282)
	at java.util.concurrent.FutureTask.run(FutureTask.java:266)
	at java.lang.Thread.run(Thread.java:750)
15:57:02.978 [IPC Server handler 18 on default port 41537] ERROR OMAudit - user=runner | ip=127.0.0.1 | op=GET_FILE_STATUS {volume=volume06113, bucket=bucket59830, key=level0/level1/file1, dataSize=0, replicationConfig=null} | ret=FAILURE
org.apache.hadoop.ozone.om.exceptions.OMException: Unable to get file status: volume: volume06113 bucket: bucket59830 key: level0/level1/file1
	at org.apache.hadoop.ozone.om.KeyManagerImpl.getOzoneFileStatus(KeyManagerImpl.java:1324) ~[ozone-manager-1.3.0-SNAPSHOT.jar:?]
	at org.apache.hadoop.ozone.om.KeyManagerImpl.getFileStatus(KeyManagerImpl.java:1254) ~[ozone-manager-1.3.0-SNAPSHOT.jar:?]
	at org.apache.hadoop.ozone.om.OzoneManager.getFileStatus(OzoneManager.java:3506) ~[ozone-manager-1.3.0-SNAPSHOT.jar:?]
	at org.apache.hadoop.ozone.protocolPB.OzoneManagerRequestHandler.getOzoneFileStatus(OzoneManagerRequestHandler.java:882) ~[ozone-manager-1.3.0-SNAPSHOT.jar:?]
	at org.apache.hadoop.ozone.protocolPB.OzoneManagerRequestHandler.handleReadRequest(OzoneManagerRequestHandler.java:228) ~[ozone-manager-1.3.0-SNAPSHOT.jar:?]
	at org.apache.hadoop.ozone.protocolPB.OzoneManagerProtocolServerSideTranslatorPB.submitRequestDirectlyToOM(OzoneManagerProtocolServerSideTranslatorPB.java:276) ~[ozone-manager-1.3.0-SNAPSHOT.jar:?]
	at org.apache.hadoop.ozone.protocolPB.OzoneManagerProtocolServerSideTranslatorPB.processRequest(OzoneManagerProtocolServerSideTranslatorPB.java:205) ~[ozone-manager-1.3.0-SNAPSHOT.jar:?]
	at org.apache.hadoop.hdds.server.OzoneProtocolMessageDispatcher.processRequest(OzoneProtocolMessageDispatcher.java:87) [hdds-server-framework-1.3.0-SNAPSHOT.jar:?]
	at org.apache.hadoop.ozone.protocolPB.OzoneManagerProtocolServerSideTranslatorPB.submitRequest(OzoneManagerProtocolServerSideTranslatorPB.java:147) [ozone-manager-1.3.0-SNAPSHOT.jar:?]
	at org.apache.hadoop.ozone.protocol.proto.OzoneManagerProtocolProtos$OzoneManagerService$2.callBlockingMethod(OzoneManagerProtocolProtos.java) [ozone-interface-client-1.3.0-SNAPSHOT.jar:?]
	at org.apache.hadoop.ipc.ProtobufRpcEngine$Server.processCall(ProtobufRpcEngine.java:466) [hadoop-common-3.3.1.jar:?]
	at org.apache.hadoop.ipc.ProtobufRpcEngine2$Server$ProtoBufRpcInvoker.call(ProtobufRpcEngine2.java:574) [hadoop-common-3.3.1.jar:?]
	at org.apache.hadoop.ipc.ProtobufRpcEngine2$Server$ProtoBufRpcInvoker.call(ProtobufRpcEngine2.java:552) [hadoop-common-3.3.1.jar:?]
	at org.apache.hadoop.ipc.RPC$Server.call(RPC.java:1093) [hadoop-common-3.3.1.jar:?]
	at org.apache.hadoop.ipc.Server$RpcCall.run(Server.java:1035) [hadoop-common-3.3.1.jar:?]
	at org.apache.hadoop.ipc.Server$RpcCall.run(Server.java:963) [hadoop-common-3.3.1.jar:?]
	at java.security.AccessController.doPrivileged(Native Method) ~[?:1.8.0_345]
	at javax.security.auth.Subject.doAs(Subject.java:422) [?:1.8.0_345]
	at org.apache.hadoop.security.UserGroupInformation.doAs(UserGroupInformation.java:1878) [hadoop-common-3.3.1.jar:?]
	at org.apache.hadoop.ipc.Server$Handler.run(Server.java:2966) [hadoop-common-3.3.1.jar:?]
2022-09-28 15:57:02,979 [Time-limited test] WARN  ozone.BasicOzoneFileSystem (BasicOzoneFileSystem.java:getFileStatus(765)) - GetFileStatus failed for path /level0/level1/file1
java.io.FileNotFoundException: level0/level1/file1: No such file or directory!
	at org.apache.hadoop.fs.ozone.BasicOzoneClientAdapterImpl.getFileStatus(BasicOzoneClientAdapterImpl.java:369)
	at org.apache.hadoop.fs.ozone.BasicOzoneFileSystem.getFileStatus(BasicOzoneFileSystem.java:757)
	at org.apache.hadoop.fs.ozone.TestOzoneFileSystem.checkPath(TestOzoneFileSystem.java:504)
	at org.apache.hadoop.fs.ozone.TestOzoneFileSystem.testRecursiveDelete(TestOzoneFileSystem.java:497)
	at sun.reflect.NativeMethodAccessorImpl.invoke0(Native Method)
	at sun.reflect.NativeMethodAccessorImpl.invoke(NativeMethodAccessorImpl.java:62)
	at sun.reflect.DelegatingMethodAccessorImpl.invoke(DelegatingMethodAccessorImpl.java:43)
	at java.lang.reflect.Method.invoke(Method.java:498)
	at org.junit.runners.model.FrameworkMethod$1.runReflectiveCall(FrameworkMethod.java:59)
	at org.junit.internal.runners.model.ReflectiveCallable.run(ReflectiveCallable.java:12)
	at org.junit.runners.model.FrameworkMethod.invokeExplosively(FrameworkMethod.java:56)
	at org.junit.internal.runners.statements.InvokeMethod.evaluate(InvokeMethod.java:17)
	at org.junit.internal.runners.statements.RunAfters.evaluate(RunAfters.java:27)
	at org.junit.internal.runners.statements.FailOnTimeout$CallableStatement.call(FailOnTimeout.java:288)
	at org.junit.internal.runners.statements.FailOnTimeout$CallableStatement.call(FailOnTimeout.java:282)
	at java.util.concurrent.FutureTask.run(FutureTask.java:266)
	at java.lang.Thread.run(Thread.java:750)
15:57:02.979 [IPC Server handler 11 on default port 41537] ERROR OMAudit - user=runner | ip=127.0.0.1 | op=GET_FILE_STATUS {volume=volume06113, bucket=bucket59830, key=level0/level1/level1/file1, dataSize=0, replicationConfig=null} | ret=FAILURE
org.apache.hadoop.ozone.om.exceptions.OMException: Unable to get file status: volume: volume06113 bucket: bucket59830 key: level0/level1/level1/file1
	at org.apache.hadoop.ozone.om.KeyManagerImpl.getOzoneFileStatus(KeyManagerImpl.java:1324) ~[ozone-manager-1.3.0-SNAPSHOT.jar:?]
	at org.apache.hadoop.ozone.om.KeyManagerImpl.getFileStatus(KeyManagerImpl.java:1254) ~[ozone-manager-1.3.0-SNAPSHOT.jar:?]
	at org.apache.hadoop.ozone.om.OzoneManager.getFileStatus(OzoneManager.java:3506) ~[ozone-manager-1.3.0-SNAPSHOT.jar:?]
	at org.apache.hadoop.ozone.protocolPB.OzoneManagerRequestHandler.getOzoneFileStatus(OzoneManagerRequestHandler.java:882) ~[ozone-manager-1.3.0-SNAPSHOT.jar:?]
	at org.apache.hadoop.ozone.protocolPB.OzoneManagerRequestHandler.handleReadRequest(OzoneManagerRequestHandler.java:228) ~[ozone-manager-1.3.0-SNAPSHOT.jar:?]
	at org.apache.hadoop.ozone.protocolPB.OzoneManagerProtocolServerSideTranslatorPB.submitRequestDirectlyToOM(OzoneManagerProtocolServerSideTranslatorPB.java:276) ~[ozone-manager-1.3.0-SNAPSHOT.jar:?]
	at org.apache.hadoop.ozone.protocolPB.OzoneManagerProtocolServerSideTranslatorPB.processRequest(OzoneManagerProtocolServerSideTranslatorPB.java:205) ~[ozone-manager-1.3.0-SNAPSHOT.jar:?]
	at org.apache.hadoop.hdds.server.OzoneProtocolMessageDispatcher.processRequest(OzoneProtocolMessageDispatcher.java:87) [hdds-server-framework-1.3.0-SNAPSHOT.jar:?]
	at org.apache.hadoop.ozone.protocolPB.OzoneManagerProtocolServerSideTranslatorPB.submitRequest(OzoneManagerProtocolServerSideTranslatorPB.java:147) [ozone-manager-1.3.0-SNAPSHOT.jar:?]
	at org.apache.hadoop.ozone.protocol.proto.OzoneManagerProtocolProtos$OzoneManagerService$2.callBlockingMethod(OzoneManagerProtocolProtos.java) [ozone-interface-client-1.3.0-SNAPSHOT.jar:?]
	at org.apache.hadoop.ipc.ProtobufRpcEngine$Server.processCall(ProtobufRpcEngine.java:466) [hadoop-common-3.3.1.jar:?]
	at org.apache.hadoop.ipc.ProtobufRpcEngine2$Server$ProtoBufRpcInvoker.call(ProtobufRpcEngine2.java:574) [hadoop-common-3.3.1.jar:?]
	at org.apache.hadoop.ipc.ProtobufRpcEngine2$Server$ProtoBufRpcInvoker.call(ProtobufRpcEngine2.java:552) [hadoop-common-3.3.1.jar:?]
	at org.apache.hadoop.ipc.RPC$Server.call(RPC.java:1093) [hadoop-common-3.3.1.jar:?]
	at org.apache.hadoop.ipc.Server$RpcCall.run(Server.java:1035) [hadoop-common-3.3.1.jar:?]
	at org.apache.hadoop.ipc.Server$RpcCall.run(Server.java:963) [hadoop-common-3.3.1.jar:?]
	at java.security.AccessController.doPrivileged(Native Method) ~[?:1.8.0_345]
	at javax.security.auth.Subject.doAs(Subject.java:422) [?:1.8.0_345]
	at org.apache.hadoop.security.UserGroupInformation.doAs(UserGroupInformation.java:1878) [hadoop-common-3.3.1.jar:?]
	at org.apache.hadoop.ipc.Server$Handler.run(Server.java:2966) [hadoop-common-3.3.1.jar:?]
2022-09-28 15:57:02,979 [Time-limited test] WARN  ozone.BasicOzoneFileSystem (BasicOzoneFileSystem.java:getFileStatus(765)) - GetFileStatus failed for path /level0/level1/level1/file1
java.io.FileNotFoundException: level0/level1/level1/file1: No such file or directory!
	at org.apache.hadoop.fs.ozone.BasicOzoneClientAdapterImpl.getFileStatus(BasicOzoneClientAdapterImpl.java:369)
	at org.apache.hadoop.fs.ozone.BasicOzoneFileSystem.getFileStatus(BasicOzoneFileSystem.java:757)
	at org.apache.hadoop.fs.ozone.TestOzoneFileSystem.checkPath(TestOzoneFileSystem.java:504)
	at org.apache.hadoop.fs.ozone.TestOzoneFileSystem.testRecursiveDelete(TestOzoneFileSystem.java:498)
	at sun.reflect.NativeMethodAccessorImpl.invoke0(Native Method)
	at sun.reflect.NativeMethodAccessorImpl.invoke(NativeMethodAccessorImpl.java:62)
	at sun.reflect.DelegatingMethodAccessorImpl.invoke(DelegatingMethodAccessorImpl.java:43)
	at java.lang.reflect.Method.invoke(Method.java:498)
	at org.junit.runners.model.FrameworkMethod$1.runReflectiveCall(FrameworkMethod.java:59)
	at org.junit.internal.runners.model.ReflectiveCallable.run(ReflectiveCallable.java:12)
	at org.junit.runners.model.FrameworkMethod.invokeExplosively(FrameworkMethod.java:56)
	at org.junit.internal.runners.statements.InvokeMethod.evaluate(InvokeMethod.java:17)
	at org.junit.internal.runners.statements.RunAfters.evaluate(RunAfters.java:27)
	at org.junit.internal.runners.statements.FailOnTimeout$CallableStatement.call(FailOnTimeout.java:288)
	at org.junit.internal.runners.statements.FailOnTimeout$CallableStatement.call(FailOnTimeout.java:282)
	at java.util.concurrent.FutureTask.run(FutureTask.java:266)
	at java.lang.Thread.run(Thread.java:750)
15:57:02.980 [IPC Server handler 3 on default port 41537] ERROR OMAudit - user=runner | ip=127.0.0.1 | op=GET_FILE_STATUS {volume=volume06113, bucket=bucket59830, key=level0/level2, dataSize=0, replicationConfig=null} | ret=FAILURE
org.apache.hadoop.ozone.om.exceptions.OMException: Unable to get file status: volume: volume06113 bucket: bucket59830 key: level0/level2
	at org.apache.hadoop.ozone.om.KeyManagerImpl.getOzoneFileStatus(KeyManagerImpl.java:1324) ~[ozone-manager-1.3.0-SNAPSHOT.jar:?]
	at org.apache.hadoop.ozone.om.KeyManagerImpl.getFileStatus(KeyManagerImpl.java:1254) ~[ozone-manager-1.3.0-SNAPSHOT.jar:?]
	at org.apache.hadoop.ozone.om.OzoneManager.getFileStatus(OzoneManager.java:3506) ~[ozone-manager-1.3.0-SNAPSHOT.jar:?]
	at org.apache.hadoop.ozone.protocolPB.OzoneManagerRequestHandler.getOzoneFileStatus(OzoneManagerRequestHandler.java:882) ~[ozone-manager-1.3.0-SNAPSHOT.jar:?]
	at org.apache.hadoop.ozone.protocolPB.OzoneManagerRequestHandler.handleReadRequest(OzoneManagerRequestHandler.java:228) ~[ozone-manager-1.3.0-SNAPSHOT.jar:?]
	at org.apache.hadoop.ozone.protocolPB.OzoneManagerProtocolServerSideTranslatorPB.submitRequestDirectlyToOM(OzoneManagerProtocolServerSideTranslatorPB.java:276) ~[ozone-manager-1.3.0-SNAPSHOT.jar:?]
	at org.apache.hadoop.ozone.protocolPB.OzoneManagerProtocolServerSideTranslatorPB.processRequest(OzoneManagerProtocolServerSideTranslatorPB.java:205) ~[ozone-manager-1.3.0-SNAPSHOT.jar:?]
	at org.apache.hadoop.hdds.server.OzoneProtocolMessageDispatcher.processRequest(OzoneProtocolMessageDispatcher.java:87) [hdds-server-framework-1.3.0-SNAPSHOT.jar:?]
	at org.apache.hadoop.ozone.protocolPB.OzoneManagerProtocolServerSideTranslatorPB.submitRequest(OzoneManagerProtocolServerSideTranslatorPB.java:147) [ozone-manager-1.3.0-SNAPSHOT.jar:?]
	at org.apache.hadoop.ozone.protocol.proto.OzoneManagerProtocolProtos$OzoneManagerService$2.callBlockingMethod(OzoneManagerProtocolProtos.java) [ozone-interface-client-1.3.0-SNAPSHOT.jar:?]
	at org.apache.hadoop.ipc.ProtobufRpcEngine$Server.processCall(ProtobufRpcEngine.java:466) [hadoop-common-3.3.1.jar:?]
	at org.apache.hadoop.ipc.ProtobufRpcEngine2$Server$ProtoBufRpcInvoker.call(ProtobufRpcEngine2.java:574) [hadoop-common-3.3.1.jar:?]
	at org.apache.hadoop.ipc.ProtobufRpcEngine2$Server$ProtoBufRpcInvoker.call(ProtobufRpcEngine2.java:552) [hadoop-common-3.3.1.jar:?]
	at org.apache.hadoop.ipc.RPC$Server.call(RPC.java:1093) [hadoop-common-3.3.1.jar:?]
	at org.apache.hadoop.ipc.Server$RpcCall.run(Server.java:1035) [hadoop-common-3.3.1.jar:?]
	at org.apache.hadoop.ipc.Server$RpcCall.run(Server.java:963) [hadoop-common-3.3.1.jar:?]
	at java.security.AccessController.doPrivileged(Native Method) ~[?:1.8.0_345]
	at javax.security.auth.Subject.doAs(Subject.java:422) [?:1.8.0_345]
	at org.apache.hadoop.security.UserGroupInformation.doAs(UserGroupInformation.java:1878) [hadoop-common-3.3.1.jar:?]
	at org.apache.hadoop.ipc.Server$Handler.run(Server.java:2966) [hadoop-common-3.3.1.jar:?]
2022-09-28 15:57:02,980 [Time-limited test] WARN  ozone.BasicOzoneFileSystem (BasicOzoneFileSystem.java:getFileStatus(765)) - GetFileStatus failed for path /level0/level2
java.io.FileNotFoundException: level0/level2: No such file or directory!
	at org.apache.hadoop.fs.ozone.BasicOzoneClientAdapterImpl.getFileStatus(BasicOzoneClientAdapterImpl.java:369)
	at org.apache.hadoop.fs.ozone.BasicOzoneFileSystem.getFileStatus(BasicOzoneFileSystem.java:757)
	at org.apache.hadoop.fs.ozone.TestOzoneFileSystem.checkPath(TestOzoneFileSystem.java:504)
	at org.apache.hadoop.fs.ozone.TestOzoneFileSystem.testRecursiveDelete(TestOzoneFileSystem.java:495)
	at sun.reflect.NativeMethodAccessorImpl.invoke0(Native Method)
	at sun.reflect.NativeMethodAccessorImpl.invoke(NativeMethodAccessorImpl.java:62)
	at sun.reflect.DelegatingMethodAccessorImpl.invoke(DelegatingMethodAccessorImpl.java:43)
	at java.lang.reflect.Method.invoke(Method.java:498)
	at org.junit.runners.model.FrameworkMethod$1.runReflectiveCall(FrameworkMethod.java:59)
	at org.junit.internal.runners.model.ReflectiveCallable.run(ReflectiveCallable.java:12)
	at org.junit.runners.model.FrameworkMethod.invokeExplosively(FrameworkMethod.java:56)
	at org.junit.internal.runners.statements.InvokeMethod.evaluate(InvokeMethod.java:17)
	at org.junit.internal.runners.statements.RunAfters.evaluate(RunAfters.java:27)
	at org.junit.internal.runners.statements.FailOnTimeout$CallableStatement.call(FailOnTimeout.java:288)
	at org.junit.internal.runners.statements.FailOnTimeout$CallableStatement.call(FailOnTimeout.java:282)
	at java.util.concurrent.FutureTask.run(FutureTask.java:266)
	at java.lang.Thread.run(Thread.java:750)
15:57:02.980 [IPC Server handler 19 on default port 41537] ERROR OMAudit - user=runner | ip=127.0.0.1 | op=GET_FILE_STATUS {volume=volume06113, bucket=bucket59830, key=level0/level2/level2, dataSize=0, replicationConfig=null} | ret=FAILURE
org.apache.hadoop.ozone.om.exceptions.OMException: Unable to get file status: volume: volume06113 bucket: bucket59830 key: level0/level2/level2
	at org.apache.hadoop.ozone.om.KeyManagerImpl.getOzoneFileStatus(KeyManagerImpl.java:1324) ~[ozone-manager-1.3.0-SNAPSHOT.jar:?]
	at org.apache.hadoop.ozone.om.KeyManagerImpl.getFileStatus(KeyManagerImpl.java:1254) ~[ozone-manager-1.3.0-SNAPSHOT.jar:?]
	at org.apache.hadoop.ozone.om.OzoneManager.getFileStatus(OzoneManager.java:3506) ~[ozone-manager-1.3.0-SNAPSHOT.jar:?]
	at org.apache.hadoop.ozone.protocolPB.OzoneManagerRequestHandler.getOzoneFileStatus(OzoneManagerRequestHandler.java:882) ~[ozone-manager-1.3.0-SNAPSHOT.jar:?]
	at org.apache.hadoop.ozone.protocolPB.OzoneManagerRequestHandler.handleReadRequest(OzoneManagerRequestHandler.java:228) ~[ozone-manager-1.3.0-SNAPSHOT.jar:?]
	at org.apache.hadoop.ozone.protocolPB.OzoneManagerProtocolServerSideTranslatorPB.submitRequestDirectlyToOM(OzoneManagerProtocolServerSideTranslatorPB.java:276) ~[ozone-manager-1.3.0-SNAPSHOT.jar:?]
	at org.apache.hadoop.ozone.protocolPB.OzoneManagerProtocolServerSideTranslatorPB.processRequest(OzoneManagerProtocolServerSideTranslatorPB.java:205) ~[ozone-manager-1.3.0-SNAPSHOT.jar:?]
	at org.apache.hadoop.hdds.server.OzoneProtocolMessageDispatcher.processRequest(OzoneProtocolMessageDispatcher.java:87) [hdds-server-framework-1.3.0-SNAPSHOT.jar:?]
	at org.apache.hadoop.ozone.protocolPB.OzoneManagerProtocolServerSideTranslatorPB.submitRequest(OzoneManagerProtocolServerSideTranslatorPB.java:147) [ozone-manager-1.3.0-SNAPSHOT.jar:?]
	at org.apache.hadoop.ozone.protocol.proto.OzoneManagerProtocolProtos$OzoneManagerService$2.callBlockingMethod(OzoneManagerProtocolProtos.java) [ozone-interface-client-1.3.0-SNAPSHOT.jar:?]
	at org.apache.hadoop.ipc.ProtobufRpcEngine$Server.processCall(ProtobufRpcEngine.java:466) [hadoop-common-3.3.1.jar:?]
	at org.apache.hadoop.ipc.ProtobufRpcEngine2$Server$ProtoBufRpcInvoker.call(ProtobufRpcEngine2.java:574) [hadoop-common-3.3.1.jar:?]
	at org.apache.hadoop.ipc.ProtobufRpcEngine2$Server$ProtoBufRpcInvoker.call(ProtobufRpcEngine2.java:552) [hadoop-common-3.3.1.jar:?]
	at org.apache.hadoop.ipc.RPC$Server.call(RPC.java:1093) [hadoop-common-3.3.1.jar:?]
	at org.apache.hadoop.ipc.Server$RpcCall.run(Server.java:1035) [hadoop-common-3.3.1.jar:?]
	at org.apache.hadoop.ipc.Server$RpcCall.run(Server.java:963) [hadoop-common-3.3.1.jar:?]
	at java.security.AccessController.doPrivileged(Native Method) ~[?:1.8.0_345]
	at javax.security.auth.Subject.doAs(Subject.java:422) [?:1.8.0_345]
	at org.apache.hadoop.security.UserGroupInformation.doAs(UserGroupInformation.java:1878) [hadoop-common-3.3.1.jar:?]
	at org.apache.hadoop.ipc.Server$Handler.run(Server.java:2966) [hadoop-common-3.3.1.jar:?]
2022-09-28 15:57:02,980 [Time-limited test] WARN  ozone.BasicOzoneFileSystem (BasicOzoneFileSystem.java:getFileStatus(765)) - GetFileStatus failed for path /level0/level2/level2
java.io.FileNotFoundException: level0/level2/level2: No such file or directory!
	at org.apache.hadoop.fs.ozone.BasicOzoneClientAdapterImpl.getFileStatus(BasicOzoneClientAdapterImpl.java:369)
	at org.apache.hadoop.fs.ozone.BasicOzoneFileSystem.getFileStatus(BasicOzoneFileSystem.java:757)
	at org.apache.hadoop.fs.ozone.TestOzoneFileSystem.checkPath(TestOzoneFileSystem.java:504)
	at org.apache.hadoop.fs.ozone.TestOzoneFileSystem.testRecursiveDelete(TestOzoneFileSystem.java:496)
	at sun.reflect.NativeMethodAccessorImpl.invoke0(Native Method)
	at sun.reflect.NativeMethodAccessorImpl.invoke(NativeMethodAccessorImpl.java:62)
	at sun.reflect.DelegatingMethodAccessorImpl.invoke(DelegatingMethodAccessorImpl.java:43)
	at java.lang.reflect.Method.invoke(Method.java:498)
	at org.junit.runners.model.FrameworkMethod$1.runReflectiveCall(FrameworkMethod.java:59)
	at org.junit.internal.runners.model.ReflectiveCallable.run(ReflectiveCallable.java:12)
	at org.junit.runners.model.FrameworkMethod.invokeExplosively(FrameworkMethod.java:56)
	at org.junit.internal.runners.statements.InvokeMethod.evaluate(InvokeMethod.java:17)
	at org.junit.internal.runners.statements.RunAfters.evaluate(RunAfters.java:27)
	at org.junit.internal.runners.statements.FailOnTimeout$CallableStatement.call(FailOnTimeout.java:288)
	at org.junit.internal.runners.statements.FailOnTimeout$CallableStatement.call(FailOnTimeout.java:282)
	at java.util.concurrent.FutureTask.run(FutureTask.java:266)
	at java.lang.Thread.run(Thread.java:750)
15:57:02.981 [IPC Server handler 5 on default port 41537] ERROR OMAudit - user=runner | ip=127.0.0.1 | op=GET_FILE_STATUS {volume=volume06113, bucket=bucket59830, key=level0/level2/file1, dataSize=0, replicationConfig=null} | ret=FAILURE
org.apache.hadoop.ozone.om.exceptions.OMException: Unable to get file status: volume: volume06113 bucket: bucket59830 key: level0/level2/file1
	at org.apache.hadoop.ozone.om.KeyManagerImpl.getOzoneFileStatus(KeyManagerImpl.java:1324) ~[ozone-manager-1.3.0-SNAPSHOT.jar:?]
	at org.apache.hadoop.ozone.om.KeyManagerImpl.getFileStatus(KeyManagerImpl.java:1254) ~[ozone-manager-1.3.0-SNAPSHOT.jar:?]
	at org.apache.hadoop.ozone.om.OzoneManager.getFileStatus(OzoneManager.java:3506) ~[ozone-manager-1.3.0-SNAPSHOT.jar:?]
	at org.apache.hadoop.ozone.protocolPB.OzoneManagerRequestHandler.getOzoneFileStatus(OzoneManagerRequestHandler.java:882) ~[ozone-manager-1.3.0-SNAPSHOT.jar:?]
	at org.apache.hadoop.ozone.protocolPB.OzoneManagerRequestHandler.handleReadRequest(OzoneManagerRequestHandler.java:228) ~[ozone-manager-1.3.0-SNAPSHOT.jar:?]
	at org.apache.hadoop.ozone.protocolPB.OzoneManagerProtocolServerSideTranslatorPB.submitRequestDirectlyToOM(OzoneManagerProtocolServerSideTranslatorPB.java:276) ~[ozone-manager-1.3.0-SNAPSHOT.jar:?]
	at org.apache.hadoop.ozone.protocolPB.OzoneManagerProtocolServerSideTranslatorPB.processRequest(OzoneManagerProtocolServerSideTranslatorPB.java:205) ~[ozone-manager-1.3.0-SNAPSHOT.jar:?]
	at org.apache.hadoop.hdds.server.OzoneProtocolMessageDispatcher.processRequest(OzoneProtocolMessageDispatcher.java:87) [hdds-server-framework-1.3.0-SNAPSHOT.jar:?]
	at org.apache.hadoop.ozone.protocolPB.OzoneManagerProtocolServerSideTranslatorPB.submitRequest(OzoneManagerProtocolServerSideTranslatorPB.java:147) [ozone-manager-1.3.0-SNAPSHOT.jar:?]
	at org.apache.hadoop.ozone.protocol.proto.OzoneManagerProtocolProtos$OzoneManagerService$2.callBlockingMethod(OzoneManagerProtocolProtos.java) [ozone-interface-client-1.3.0-SNAPSHOT.jar:?]
	at org.apache.hadoop.ipc.ProtobufRpcEngine$Server.processCall(ProtobufRpcEngine.java:466) [hadoop-common-3.3.1.jar:?]
	at org.apache.hadoop.ipc.ProtobufRpcEngine2$Server$ProtoBufRpcInvoker.call(ProtobufRpcEngine2.java:574) [hadoop-common-3.3.1.jar:?]
	at org.apache.hadoop.ipc.ProtobufRpcEngine2$Server$ProtoBufRpcInvoker.call(ProtobufRpcEngine2.java:552) [hadoop-common-3.3.1.jar:?]
	at org.apache.hadoop.ipc.RPC$Server.call(RPC.java:1093) [hadoop-common-3.3.1.jar:?]
	at org.apache.hadoop.ipc.Server$RpcCall.run(Server.java:1035) [hadoop-common-3.3.1.jar:?]
	at org.apache.hadoop.ipc.Server$RpcCall.run(Server.java:963) [hadoop-common-3.3.1.jar:?]
	at java.security.AccessController.doPrivileged(Native Method) ~[?:1.8.0_345]
	at javax.security.auth.Subject.doAs(Subject.java:422) [?:1.8.0_345]
	at org.apache.hadoop.security.UserGroupInformation.doAs(UserGroupInformation.java:1878) [hadoop-common-3.3.1.jar:?]
	at org.apache.hadoop.ipc.Server$Handler.run(Server.java:2966) [hadoop-common-3.3.1.jar:?]
2022-09-28 15:57:02,981 [Time-limited test] WARN  ozone.BasicOzoneFileSystem (BasicOzoneFileSystem.java:getFileStatus(765)) - GetFileStatus failed for path /level0/level2/file1
java.io.FileNotFoundException: level0/level2/file1: No such file or directory!
	at org.apache.hadoop.fs.ozone.BasicOzoneClientAdapterImpl.getFileStatus(BasicOzoneClientAdapterImpl.java:369)
	at org.apache.hadoop.fs.ozone.BasicOzoneFileSystem.getFileStatus(BasicOzoneFileSystem.java:757)
	at org.apache.hadoop.fs.ozone.TestOzoneFileSystem.checkPath(TestOzoneFileSystem.java:504)
	at org.apache.hadoop.fs.ozone.TestOzoneFileSystem.testRecursiveDelete(TestOzoneFileSystem.java:497)
	at sun.reflect.NativeMethodAccessorImpl.invoke0(Native Method)
	at sun.reflect.NativeMethodAccessorImpl.invoke(NativeMethodAccessorImpl.java:62)
	at sun.reflect.DelegatingMethodAccessorImpl.invoke(DelegatingMethodAccessorImpl.java:43)
	at java.lang.reflect.Method.invoke(Method.java:498)
	at org.junit.runners.model.FrameworkMethod$1.runReflectiveCall(FrameworkMethod.java:59)
	at org.junit.internal.runners.model.ReflectiveCallable.run(ReflectiveCallable.java:12)
	at org.junit.runners.model.FrameworkMethod.invokeExplosively(FrameworkMethod.java:56)
	at org.junit.internal.runners.statements.InvokeMethod.evaluate(InvokeMethod.java:17)
	at org.junit.internal.runners.statements.RunAfters.evaluate(RunAfters.java:27)
	at org.junit.internal.runners.statements.FailOnTimeout$CallableStatement.call(FailOnTimeout.java:288)
	at org.junit.internal.runners.statements.FailOnTimeout$CallableStatement.call(FailOnTimeout.java:282)
	at java.util.concurrent.FutureTask.run(FutureTask.java:266)
	at java.lang.Thread.run(Thread.java:750)
15:57:02.981 [IPC Server handler 7 on default port 41537] ERROR OMAudit - user=runner | ip=127.0.0.1 | op=GET_FILE_STATUS {volume=volume06113, bucket=bucket59830, key=level0/level2/level2/file1, dataSize=0, replicationConfig=null} | ret=FAILURE
org.apache.hadoop.ozone.om.exceptions.OMException: Unable to get file status: volume: volume06113 bucket: bucket59830 key: level0/level2/level2/file1
	at org.apache.hadoop.ozone.om.KeyManagerImpl.getOzoneFileStatus(KeyManagerImpl.java:1324) ~[ozone-manager-1.3.0-SNAPSHOT.jar:?]
	at org.apache.hadoop.ozone.om.KeyManagerImpl.getFileStatus(KeyManagerImpl.java:1254) ~[ozone-manager-1.3.0-SNAPSHOT.jar:?]
	at org.apache.hadoop.ozone.om.OzoneManager.getFileStatus(OzoneManager.java:3506) ~[ozone-manager-1.3.0-SNAPSHOT.jar:?]
	at org.apache.hadoop.ozone.protocolPB.OzoneManagerRequestHandler.getOzoneFileStatus(OzoneManagerRequestHandler.java:882) ~[ozone-manager-1.3.0-SNAPSHOT.jar:?]
	at org.apache.hadoop.ozone.protocolPB.OzoneManagerRequestHandler.handleReadRequest(OzoneManagerRequestHandler.java:228) ~[ozone-manager-1.3.0-SNAPSHOT.jar:?]
	at org.apache.hadoop.ozone.protocolPB.OzoneManagerProtocolServerSideTranslatorPB.submitRequestDirectlyToOM(OzoneManagerProtocolServerSideTranslatorPB.java:276) ~[ozone-manager-1.3.0-SNAPSHOT.jar:?]
	at org.apache.hadoop.ozone.protocolPB.OzoneManagerProtocolServerSideTranslatorPB.processRequest(OzoneManagerProtocolServerSideTranslatorPB.java:205) ~[ozone-manager-1.3.0-SNAPSHOT.jar:?]
	at org.apache.hadoop.hdds.server.OzoneProtocolMessageDispatcher.processRequest(OzoneProtocolMessageDispatcher.java:87) [hdds-server-framework-1.3.0-SNAPSHOT.jar:?]
	at org.apache.hadoop.ozone.protocolPB.OzoneManagerProtocolServerSideTranslatorPB.submitRequest(OzoneManagerProtocolServerSideTranslatorPB.java:147) [ozone-manager-1.3.0-SNAPSHOT.jar:?]
	at org.apache.hadoop.ozone.protocol.proto.OzoneManagerProtocolProtos$OzoneManagerService$2.callBlockingMethod(OzoneManagerProtocolProtos.java) [ozone-interface-client-1.3.0-SNAPSHOT.jar:?]
	at org.apache.hadoop.ipc.ProtobufRpcEngine$Server.processCall(ProtobufRpcEngine.java:466) [hadoop-common-3.3.1.jar:?]
	at org.apache.hadoop.ipc.ProtobufRpcEngine2$Server$ProtoBufRpcInvoker.call(ProtobufRpcEngine2.java:574) [hadoop-common-3.3.1.jar:?]
	at org.apache.hadoop.ipc.ProtobufRpcEngine2$Server$ProtoBufRpcInvoker.call(ProtobufRpcEngine2.java:552) [hadoop-common-3.3.1.jar:?]
	at org.apache.hadoop.ipc.RPC$Server.call(RPC.java:1093) [hadoop-common-3.3.1.jar:?]
	at org.apache.hadoop.ipc.Server$RpcCall.run(Server.java:1035) [hadoop-common-3.3.1.jar:?]
	at org.apache.hadoop.ipc.Server$RpcCall.run(Server.java:963) [hadoop-common-3.3.1.jar:?]
	at java.security.AccessController.doPrivileged(Native Method) ~[?:1.8.0_345]
	at javax.security.auth.Subject.doAs(Subject.java:422) [?:1.8.0_345]
	at org.apache.hadoop.security.UserGroupInformation.doAs(UserGroupInformation.java:1878) [hadoop-common-3.3.1.jar:?]
	at org.apache.hadoop.ipc.Server$Handler.run(Server.java:2966) [hadoop-common-3.3.1.jar:?]
2022-09-28 15:57:02,982 [Time-limited test] WARN  ozone.BasicOzoneFileSystem (BasicOzoneFileSystem.java:getFileStatus(765)) - GetFileStatus failed for path /level0/level2/level2/file1
java.io.FileNotFoundException: level0/level2/level2/file1: No such file or directory!
	at org.apache.hadoop.fs.ozone.BasicOzoneClientAdapterImpl.getFileStatus(BasicOzoneClientAdapterImpl.java:369)
	at org.apache.hadoop.fs.ozone.BasicOzoneFileSystem.getFileStatus(BasicOzoneFileSystem.java:757)
	at org.apache.hadoop.fs.ozone.TestOzoneFileSystem.checkPath(TestOzoneFileSystem.java:504)
	at org.apache.hadoop.fs.ozone.TestOzoneFileSystem.testRecursiveDelete(TestOzoneFileSystem.java:498)
	at sun.reflect.NativeMethodAccessorImpl.invoke0(Native Method)
	at sun.reflect.NativeMethodAccessorImpl.invoke(NativeMethodAccessorImpl.java:62)
	at sun.reflect.DelegatingMethodAccessorImpl.invoke(DelegatingMethodAccessorImpl.java:43)
	at java.lang.reflect.Method.invoke(Method.java:498)
	at org.junit.runners.model.FrameworkMethod$1.runReflectiveCall(FrameworkMethod.java:59)
	at org.junit.internal.runners.model.ReflectiveCallable.run(ReflectiveCallable.java:12)
	at org.junit.runners.model.FrameworkMethod.invokeExplosively(FrameworkMethod.java:56)
	at org.junit.internal.runners.statements.InvokeMethod.evaluate(InvokeMethod.java:17)
	at org.junit.internal.runners.statements.RunAfters.evaluate(RunAfters.java:27)
	at org.junit.internal.runners.statements.FailOnTimeout$CallableStatement.call(FailOnTimeout.java:288)
	at org.junit.internal.runners.statements.FailOnTimeout$CallableStatement.call(FailOnTimeout.java:282)
	at java.util.concurrent.FutureTask.run(FutureTask.java:266)
	at java.lang.Thread.run(Thread.java:750)
15:57:02.982 [IPC Server handler 4 on default port 41537] ERROR OMAudit - user=runner | ip=127.0.0.1 | op=GET_FILE_STATUS {volume=volume06113, bucket=bucket59830, key=level0/level3, dataSize=0, replicationConfig=null} | ret=FAILURE
org.apache.hadoop.ozone.om.exceptions.OMException: Unable to get file status: volume: volume06113 bucket: bucket59830 key: level0/level3
	at org.apache.hadoop.ozone.om.KeyManagerImpl.getOzoneFileStatus(KeyManagerImpl.java:1324) ~[ozone-manager-1.3.0-SNAPSHOT.jar:?]
	at org.apache.hadoop.ozone.om.KeyManagerImpl.getFileStatus(KeyManagerImpl.java:1254) ~[ozone-manager-1.3.0-SNAPSHOT.jar:?]
	at org.apache.hadoop.ozone.om.OzoneManager.getFileStatus(OzoneManager.java:3506) ~[ozone-manager-1.3.0-SNAPSHOT.jar:?]
	at org.apache.hadoop.ozone.protocolPB.OzoneManagerRequestHandler.getOzoneFileStatus(OzoneManagerRequestHandler.java:882) ~[ozone-manager-1.3.0-SNAPSHOT.jar:?]
	at org.apache.hadoop.ozone.protocolPB.OzoneManagerRequestHandler.handleReadRequest(OzoneManagerRequestHandler.java:228) ~[ozone-manager-1.3.0-SNAPSHOT.jar:?]
	at org.apache.hadoop.ozone.protocolPB.OzoneManagerProtocolServerSideTranslatorPB.submitRequestDirectlyToOM(OzoneManagerProtocolServerSideTranslatorPB.java:276) ~[ozone-manager-1.3.0-SNAPSHOT.jar:?]
	at org.apache.hadoop.ozone.protocolPB.OzoneManagerProtocolServerSideTranslatorPB.processRequest(OzoneManagerProtocolServerSideTranslatorPB.java:205) ~[ozone-manager-1.3.0-SNAPSHOT.jar:?]
	at org.apache.hadoop.hdds.server.OzoneProtocolMessageDispatcher.processRequest(OzoneProtocolMessageDispatcher.java:87) [hdds-server-framework-1.3.0-SNAPSHOT.jar:?]
	at org.apache.hadoop.ozone.protocolPB.OzoneManagerProtocolServerSideTranslatorPB.submitRequest(OzoneManagerProtocolServerSideTranslatorPB.java:147) [ozone-manager-1.3.0-SNAPSHOT.jar:?]
	at org.apache.hadoop.ozone.protocol.proto.OzoneManagerProtocolProtos$OzoneManagerService$2.callBlockingMethod(OzoneManagerProtocolProtos.java) [ozone-interface-client-1.3.0-SNAPSHOT.jar:?]
	at org.apache.hadoop.ipc.ProtobufRpcEngine$Server.processCall(ProtobufRpcEngine.java:466) [hadoop-common-3.3.1.jar:?]
	at org.apache.hadoop.ipc.ProtobufRpcEngine2$Server$ProtoBufRpcInvoker.call(ProtobufRpcEngine2.java:574) [hadoop-common-3.3.1.jar:?]
	at org.apache.hadoop.ipc.ProtobufRpcEngine2$Server$ProtoBufRpcInvoker.call(ProtobufRpcEngine2.java:552) [hadoop-common-3.3.1.jar:?]
	at org.apache.hadoop.ipc.RPC$Server.call(RPC.java:1093) [hadoop-common-3.3.1.jar:?]
	at org.apache.hadoop.ipc.Server$RpcCall.run(Server.java:1035) [hadoop-common-3.3.1.jar:?]
	at org.apache.hadoop.ipc.Server$RpcCall.run(Server.java:963) [hadoop-common-3.3.1.jar:?]
	at java.security.AccessController.doPrivileged(Native Method) ~[?:1.8.0_345]
	at javax.security.auth.Subject.doAs(Subject.java:422) [?:1.8.0_345]
	at org.apache.hadoop.security.UserGroupInformation.doAs(UserGroupInformation.java:1878) [hadoop-common-3.3.1.jar:?]
	at org.apache.hadoop.ipc.Server$Handler.run(Server.java:2966) [hadoop-common-3.3.1.jar:?]
2022-09-28 15:57:02,982 [Time-limited test] WARN  ozone.BasicOzoneFileSystem (BasicOzoneFileSystem.java:getFileStatus(765)) - GetFileStatus failed for path /level0/level3
java.io.FileNotFoundException: level0/level3: No such file or directory!
	at org.apache.hadoop.fs.ozone.BasicOzoneClientAdapterImpl.getFileStatus(BasicOzoneClientAdapterImpl.java:369)
	at org.apache.hadoop.fs.ozone.BasicOzoneFileSystem.getFileStatus(BasicOzoneFileSystem.java:757)
	at org.apache.hadoop.fs.ozone.TestOzoneFileSystem.checkPath(TestOzoneFileSystem.java:504)
	at org.apache.hadoop.fs.ozone.TestOzoneFileSystem.testRecursiveDelete(TestOzoneFileSystem.java:495)
	at sun.reflect.NativeMethodAccessorImpl.invoke0(Native Method)
	at sun.reflect.NativeMethodAccessorImpl.invoke(NativeMethodAccessorImpl.java:62)
	at sun.reflect.DelegatingMethodAccessorImpl.invoke(DelegatingMethodAccessorImpl.java:43)
	at java.lang.reflect.Method.invoke(Method.java:498)
	at org.junit.runners.model.FrameworkMethod$1.runReflectiveCall(FrameworkMethod.java:59)
	at org.junit.internal.runners.model.ReflectiveCallable.run(ReflectiveCallable.java:12)
	at org.junit.runners.model.FrameworkMethod.invokeExplosively(FrameworkMethod.java:56)
	at org.junit.internal.runners.statements.InvokeMethod.evaluate(InvokeMethod.java:17)
	at org.junit.internal.runners.statements.RunAfters.evaluate(RunAfters.java:27)
	at org.junit.internal.runners.statements.FailOnTimeout$CallableStatement.call(FailOnTimeout.java:288)
	at org.junit.internal.runners.statements.FailOnTimeout$CallableStatement.call(FailOnTimeout.java:282)
	at java.util.concurrent.FutureTask.run(FutureTask.java:266)
	at java.lang.Thread.run(Thread.java:750)
15:57:02.983 [IPC Server handler 6 on default port 41537] ERROR OMAudit - user=runner | ip=127.0.0.1 | op=GET_FILE_STATUS {volume=volume06113, bucket=bucket59830, key=level0/level3/level3, dataSize=0, replicationConfig=null} | ret=FAILURE
org.apache.hadoop.ozone.om.exceptions.OMException: Unable to get file status: volume: volume06113 bucket: bucket59830 key: level0/level3/level3
	at org.apache.hadoop.ozone.om.KeyManagerImpl.getOzoneFileStatus(KeyManagerImpl.java:1324) ~[ozone-manager-1.3.0-SNAPSHOT.jar:?]
	at org.apache.hadoop.ozone.om.KeyManagerImpl.getFileStatus(KeyManagerImpl.java:1254) ~[ozone-manager-1.3.0-SNAPSHOT.jar:?]
	at org.apache.hadoop.ozone.om.OzoneManager.getFileStatus(OzoneManager.java:3506) ~[ozone-manager-1.3.0-SNAPSHOT.jar:?]
	at org.apache.hadoop.ozone.protocolPB.OzoneManagerRequestHandler.getOzoneFileStatus(OzoneManagerRequestHandler.java:882) ~[ozone-manager-1.3.0-SNAPSHOT.jar:?]
	at org.apache.hadoop.ozone.protocolPB.OzoneManagerRequestHandler.handleReadRequest(OzoneManagerRequestHandler.java:228) ~[ozone-manager-1.3.0-SNAPSHOT.jar:?]
	at org.apache.hadoop.ozone.protocolPB.OzoneManagerProtocolServerSideTranslatorPB.submitRequestDirectlyToOM(OzoneManagerProtocolServerSideTranslatorPB.java:276) ~[ozone-manager-1.3.0-SNAPSHOT.jar:?]
	at org.apache.hadoop.ozone.protocolPB.OzoneManagerProtocolServerSideTranslatorPB.processRequest(OzoneManagerProtocolServerSideTranslatorPB.java:205) ~[ozone-manager-1.3.0-SNAPSHOT.jar:?]
	at org.apache.hadoop.hdds.server.OzoneProtocolMessageDispatcher.processRequest(OzoneProtocolMessageDispatcher.java:87) [hdds-server-framework-1.3.0-SNAPSHOT.jar:?]
	at org.apache.hadoop.ozone.protocolPB.OzoneManagerProtocolServerSideTranslatorPB.submitRequest(OzoneManagerProtocolServerSideTranslatorPB.java:147) [ozone-manager-1.3.0-SNAPSHOT.jar:?]
	at org.apache.hadoop.ozone.protocol.proto.OzoneManagerProtocolProtos$OzoneManagerService$2.callBlockingMethod(OzoneManagerProtocolProtos.java) [ozone-interface-client-1.3.0-SNAPSHOT.jar:?]
	at org.apache.hadoop.ipc.ProtobufRpcEngine$Server.processCall(ProtobufRpcEngine.java:466) [hadoop-common-3.3.1.jar:?]
	at org.apache.hadoop.ipc.ProtobufRpcEngine2$Server$ProtoBufRpcInvoker.call(ProtobufRpcEngine2.java:574) [hadoop-common-3.3.1.jar:?]
	at org.apache.hadoop.ipc.ProtobufRpcEngine2$Server$ProtoBufRpcInvoker.call(ProtobufRpcEngine2.java:552) [hadoop-common-3.3.1.jar:?]
	at org.apache.hadoop.ipc.RPC$Server.call(RPC.java:1093) [hadoop-common-3.3.1.jar:?]
	at org.apache.hadoop.ipc.Server$RpcCall.run(Server.java:1035) [hadoop-common-3.3.1.jar:?]
	at org.apache.hadoop.ipc.Server$RpcCall.run(Server.java:963) [hadoop-common-3.3.1.jar:?]
	at java.security.AccessController.doPrivileged(Native Method) ~[?:1.8.0_345]
	at javax.security.auth.Subject.doAs(Subject.java:422) [?:1.8.0_345]
	at org.apache.hadoop.security.UserGroupInformation.doAs(UserGroupInformation.java:1878) [hadoop-common-3.3.1.jar:?]
	at org.apache.hadoop.ipc.Server$Handler.run(Server.java:2966) [hadoop-common-3.3.1.jar:?]
2022-09-28 15:57:02,983 [Time-limited test] WARN  ozone.BasicOzoneFileSystem (BasicOzoneFileSystem.java:getFileStatus(765)) - GetFileStatus failed for path /level0/level3/level3
java.io.FileNotFoundException: level0/level3/level3: No such file or directory!
	at org.apache.hadoop.fs.ozone.BasicOzoneClientAdapterImpl.getFileStatus(BasicOzoneClientAdapterImpl.java:369)
	at org.apache.hadoop.fs.ozone.BasicOzoneFileSystem.getFileStatus(BasicOzoneFileSystem.java:757)
	at org.apache.hadoop.fs.ozone.TestOzoneFileSystem.checkPath(TestOzoneFileSystem.java:504)
	at org.apache.hadoop.fs.ozone.TestOzoneFileSystem.testRecursiveDelete(TestOzoneFileSystem.java:496)
	at sun.reflect.NativeMethodAccessorImpl.invoke0(Native Method)
	at sun.reflect.NativeMethodAccessorImpl.invoke(NativeMethodAccessorImpl.java:62)
	at sun.reflect.DelegatingMethodAccessorImpl.invoke(DelegatingMethodAccessorImpl.java:43)
	at java.lang.reflect.Method.invoke(Method.java:498)
	at org.junit.runners.model.FrameworkMethod$1.runReflectiveCall(FrameworkMethod.java:59)
	at org.junit.internal.runners.model.ReflectiveCallable.run(ReflectiveCallable.java:12)
	at org.junit.runners.model.FrameworkMethod.invokeExplosively(FrameworkMethod.java:56)
	at org.junit.internal.runners.statements.InvokeMethod.evaluate(InvokeMethod.java:17)
	at org.junit.internal.runners.statements.RunAfters.evaluate(RunAfters.java:27)
	at org.junit.internal.runners.statements.FailOnTimeout$CallableStatement.call(FailOnTimeout.java:288)
	at org.junit.internal.runners.statements.FailOnTimeout$CallableStatement.call(FailOnTimeout.java:282)
	at java.util.concurrent.FutureTask.run(FutureTask.java:266)
	at java.lang.Thread.run(Thread.java:750)
15:57:03.014 [IPC Server handler 8 on default port 41537] ERROR OMAudit - user=runner | ip=127.0.0.1 | op=GET_FILE_STATUS {volume=volume06113, bucket=bucket59830, key=level0/level3/file1, dataSize=0, replicationConfig=null} | ret=FAILURE
org.apache.hadoop.ozone.om.exceptions.OMException: Unable to get file status: volume: volume06113 bucket: bucket59830 key: level0/level3/file1
	at org.apache.hadoop.ozone.om.KeyManagerImpl.getOzoneFileStatus(KeyManagerImpl.java:1324) ~[ozone-manager-1.3.0-SNAPSHOT.jar:?]
	at org.apache.hadoop.ozone.om.KeyManagerImpl.getFileStatus(KeyManagerImpl.java:1254) ~[ozone-manager-1.3.0-SNAPSHOT.jar:?]
	at org.apache.hadoop.ozone.om.OzoneManager.getFileStatus(OzoneManager.java:3506) ~[ozone-manager-1.3.0-SNAPSHOT.jar:?]
	at org.apache.hadoop.ozone.protocolPB.OzoneManagerRequestHandler.getOzoneFileStatus(OzoneManagerRequestHandler.java:882) ~[ozone-manager-1.3.0-SNAPSHOT.jar:?]
	at org.apache.hadoop.ozone.protocolPB.OzoneManagerRequestHandler.handleReadRequest(OzoneManagerRequestHandler.java:228) ~[ozone-manager-1.3.0-SNAPSHOT.jar:?]
	at org.apache.hadoop.ozone.protocolPB.OzoneManagerProtocolServerSideTranslatorPB.submitRequestDirectlyToOM(OzoneManagerProtocolServerSideTranslatorPB.java:276) ~[ozone-manager-1.3.0-SNAPSHOT.jar:?]
	at org.apache.hadoop.ozone.protocolPB.OzoneManagerProtocolServerSideTranslatorPB.processRequest(OzoneManagerProtocolServerSideTranslatorPB.java:205) ~[ozone-manager-1.3.0-SNAPSHOT.jar:?]
	at org.apache.hadoop.hdds.server.OzoneProtocolMessageDispatcher.processRequest(OzoneProtocolMessageDispatcher.java:87) [hdds-server-framework-1.3.0-SNAPSHOT.jar:?]
	at org.apache.hadoop.ozone.protocolPB.OzoneManagerProtocolServerSideTranslatorPB.submitRequest(OzoneManagerProtocolServerSideTranslatorPB.java:147) [ozone-manager-1.3.0-SNAPSHOT.jar:?]
	at org.apache.hadoop.ozone.protocol.proto.OzoneManagerProtocolProtos$OzoneManagerService$2.callBlockingMethod(OzoneManagerProtocolProtos.java) [ozone-interface-client-1.3.0-SNAPSHOT.jar:?]
	at org.apache.hadoop.ipc.ProtobufRpcEngine$Server.processCall(ProtobufRpcEngine.java:466) [hadoop-common-3.3.1.jar:?]
	at org.apache.hadoop.ipc.ProtobufRpcEngine2$Server$ProtoBufRpcInvoker.call(ProtobufRpcEngine2.java:574) [hadoop-common-3.3.1.jar:?]
	at org.apache.hadoop.ipc.ProtobufRpcEngine2$Server$ProtoBufRpcInvoker.call(ProtobufRpcEngine2.java:552) [hadoop-common-3.3.1.jar:?]
	at org.apache.hadoop.ipc.RPC$Server.call(RPC.java:1093) [hadoop-common-3.3.1.jar:?]
	at org.apache.hadoop.ipc.Server$RpcCall.run(Server.java:1035) [hadoop-common-3.3.1.jar:?]
	at org.apache.hadoop.ipc.Server$RpcCall.run(Server.java:963) [hadoop-common-3.3.1.jar:?]
	at java.security.AccessController.doPrivileged(Native Method) ~[?:1.8.0_345]
	at javax.security.auth.Subject.doAs(Subject.java:422) [?:1.8.0_345]
	at org.apache.hadoop.security.UserGroupInformation.doAs(UserGroupInformation.java:1878) [hadoop-common-3.3.1.jar:?]
	at org.apache.hadoop.ipc.Server$Handler.run(Server.java:2966) [hadoop-common-3.3.1.jar:?]
2022-09-28 15:57:03,015 [Time-limited test] WARN  ozone.BasicOzoneFileSystem (BasicOzoneFileSystem.java:getFileStatus(765)) - GetFileStatus failed for path /level0/level3/file1
java.io.FileNotFoundException: level0/level3/file1: No such file or directory!
	at org.apache.hadoop.fs.ozone.BasicOzoneClientAdapterImpl.getFileStatus(BasicOzoneClientAdapterImpl.java:369)
	at org.apache.hadoop.fs.ozone.BasicOzoneFileSystem.getFileStatus(BasicOzoneFileSystem.java:757)
	at org.apache.hadoop.fs.ozone.TestOzoneFileSystem.checkPath(TestOzoneFileSystem.java:504)
	at org.apache.hadoop.fs.ozone.TestOzoneFileSystem.testRecursiveDelete(TestOzoneFileSystem.java:497)
	at sun.reflect.NativeMethodAccessorImpl.invoke0(Native Method)
	at sun.reflect.NativeMethodAccessorImpl.invoke(NativeMethodAccessorImpl.java:62)
	at sun.reflect.DelegatingMethodAccessorImpl.invoke(DelegatingMethodAccessorImpl.java:43)
	at java.lang.reflect.Method.invoke(Method.java:498)
	at org.junit.runners.model.FrameworkMethod$1.runReflectiveCall(FrameworkMethod.java:59)
	at org.junit.internal.runners.model.ReflectiveCallable.run(ReflectiveCallable.java:12)
	at org.junit.runners.model.FrameworkMethod.invokeExplosively(FrameworkMethod.java:56)
	at org.junit.internal.runners.statements.InvokeMethod.evaluate(InvokeMethod.java:17)
	at org.junit.internal.runners.statements.RunAfters.evaluate(RunAfters.java:27)
	at org.junit.internal.runners.statements.FailOnTimeout$CallableStatement.call(FailOnTimeout.java:288)
	at org.junit.internal.runners.statements.FailOnTimeout$CallableStatement.call(FailOnTimeout.java:282)
	at java.util.concurrent.FutureTask.run(FutureTask.java:266)
	at java.lang.Thread.run(Thread.java:750)
15:57:03.015 [IPC Server handler 0 on default port 41537] ERROR OMAudit - user=runner | ip=127.0.0.1 | op=GET_FILE_STATUS {volume=volume06113, bucket=bucket59830, key=level0/level3/level3/file1, dataSize=0, replicationConfig=null} | ret=FAILURE
org.apache.hadoop.ozone.om.exceptions.OMException: Unable to get file status: volume: volume06113 bucket: bucket59830 key: level0/level3/level3/file1
	at org.apache.hadoop.ozone.om.KeyManagerImpl.getOzoneFileStatus(KeyManagerImpl.java:1324) ~[ozone-manager-1.3.0-SNAPSHOT.jar:?]
	at org.apache.hadoop.ozone.om.KeyManagerImpl.getFileStatus(KeyManagerImpl.java:1254) ~[ozone-manager-1.3.0-SNAPSHOT.jar:?]
	at org.apache.hadoop.ozone.om.OzoneManager.getFileStatus(OzoneManager.java:3506) ~[ozone-manager-1.3.0-SNAPSHOT.jar:?]
	at org.apache.hadoop.ozone.protocolPB.OzoneManagerRequestHandler.getOzoneFileStatus(OzoneManagerRequestHandler.java:882) ~[ozone-manager-1.3.0-SNAPSHOT.jar:?]
	at org.apache.hadoop.ozone.protocolPB.OzoneManagerRequestHandler.handleReadRequest(OzoneManagerRequestHandler.java:228) ~[ozone-manager-1.3.0-SNAPSHOT.jar:?]
	at org.apache.hadoop.ozone.protocolPB.OzoneManagerProtocolServerSideTranslatorPB.submitRequestDirectlyToOM(OzoneManagerProtocolServerSideTranslatorPB.java:276) ~[ozone-manager-1.3.0-SNAPSHOT.jar:?]
	at org.apache.hadoop.ozone.protocolPB.OzoneManagerProtocolServerSideTranslatorPB.processRequest(OzoneManagerProtocolServerSideTranslatorPB.java:205) ~[ozone-manager-1.3.0-SNAPSHOT.jar:?]
	at org.apache.hadoop.hdds.server.OzoneProtocolMessageDispatcher.processRequest(OzoneProtocolMessageDispatcher.java:87) [hdds-server-framework-1.3.0-SNAPSHOT.jar:?]
	at org.apache.hadoop.ozone.protocolPB.OzoneManagerProtocolServerSideTranslatorPB.submitRequest(OzoneManagerProtocolServerSideTranslatorPB.java:147) [ozone-manager-1.3.0-SNAPSHOT.jar:?]
	at org.apache.hadoop.ozone.protocol.proto.OzoneManagerProtocolProtos$OzoneManagerService$2.callBlockingMethod(OzoneManagerProtocolProtos.java) [ozone-interface-client-1.3.0-SNAPSHOT.jar:?]
	at org.apache.hadoop.ipc.ProtobufRpcEngine$Server.processCall(ProtobufRpcEngine.java:466) [hadoop-common-3.3.1.jar:?]
	at org.apache.hadoop.ipc.ProtobufRpcEngine2$Server$ProtoBufRpcInvoker.call(ProtobufRpcEngine2.java:574) [hadoop-common-3.3.1.jar:?]
	at org.apache.hadoop.ipc.ProtobufRpcEngine2$Server$ProtoBufRpcInvoker.call(ProtobufRpcEngine2.java:552) [hadoop-common-3.3.1.jar:?]
	at org.apache.hadoop.ipc.RPC$Server.call(RPC.java:1093) [hadoop-common-3.3.1.jar:?]
	at org.apache.hadoop.ipc.Server$RpcCall.run(Server.java:1035) [hadoop-common-3.3.1.jar:?]
	at org.apache.hadoop.ipc.Server$RpcCall.run(Server.java:963) [hadoop-common-3.3.1.jar:?]
	at java.security.AccessController.doPrivileged(Native Method) ~[?:1.8.0_345]
	at javax.security.auth.Subject.doAs(Subject.java:422) [?:1.8.0_345]
	at org.apache.hadoop.security.UserGroupInformation.doAs(UserGroupInformation.java:1878) [hadoop-common-3.3.1.jar:?]
	at org.apache.hadoop.ipc.Server$Handler.run(Server.java:2966) [hadoop-common-3.3.1.jar:?]
2022-09-28 15:57:03,016 [Time-limited test] WARN  ozone.BasicOzoneFileSystem (BasicOzoneFileSystem.java:getFileStatus(765)) - GetFileStatus failed for path /level0/level3/level3/file1
java.io.FileNotFoundException: level0/level3/level3/file1: No such file or directory!
	at org.apache.hadoop.fs.ozone.BasicOzoneClientAdapterImpl.getFileStatus(BasicOzoneClientAdapterImpl.java:369)
	at org.apache.hadoop.fs.ozone.BasicOzoneFileSystem.getFileStatus(BasicOzoneFileSystem.java:757)
	at org.apache.hadoop.fs.ozone.TestOzoneFileSystem.checkPath(TestOzoneFileSystem.java:504)
	at org.apache.hadoop.fs.ozone.TestOzoneFileSystem.testRecursiveDelete(TestOzoneFileSystem.java:498)
	at sun.reflect.NativeMethodAccessorImpl.invoke0(Native Method)
	at sun.reflect.NativeMethodAccessorImpl.invoke(NativeMethodAccessorImpl.java:62)
	at sun.reflect.DelegatingMethodAccessorImpl.invoke(DelegatingMethodAccessorImpl.java:43)
	at java.lang.reflect.Method.invoke(Method.java:498)
	at org.junit.runners.model.FrameworkMethod$1.runReflectiveCall(FrameworkMethod.java:59)
	at org.junit.internal.runners.model.ReflectiveCallable.run(ReflectiveCallable.java:12)
	at org.junit.runners.model.FrameworkMethod.invokeExplosively(FrameworkMethod.java:56)
	at org.junit.internal.runners.statements.InvokeMethod.evaluate(InvokeMethod.java:17)
	at org.junit.internal.runners.statements.RunAfters.evaluate(RunAfters.java:27)
	at org.junit.internal.runners.statements.FailOnTimeout$CallableStatement.call(FailOnTimeout.java:288)
	at org.junit.internal.runners.statements.FailOnTimeout$CallableStatement.call(FailOnTimeout.java:282)
	at java.util.concurrent.FutureTask.run(FutureTask.java:266)
	at java.lang.Thread.run(Thread.java:750)
]]></system-out>
  </testcase>
  <testcase name="testGetTrashRoots" classname="TestOzoneFileSystem" time="0.053">
    <system-out><![CDATA[15:52:02.683 [IPC Server handler 18 on default port 36317] ERROR OMAudit - user=runner | ip=127.0.0.1 | op=GET_FILE_STATUS {volume=volume24312, bucket=bucket55718, key=.Trash/runner, dataSize=0, replicationConfig=null} | ret=FAILURE
org.apache.hadoop.ozone.om.exceptions.OMException: Unable to get file status: volume: volume24312 bucket: bucket55718 key: .Trash/runner
	at org.apache.hadoop.ozone.om.KeyManagerImpl.getOzoneFileStatus(KeyManagerImpl.java:1324) ~[ozone-manager-1.3.0-SNAPSHOT.jar:?]
	at org.apache.hadoop.ozone.om.KeyManagerImpl.getFileStatus(KeyManagerImpl.java:1254) ~[ozone-manager-1.3.0-SNAPSHOT.jar:?]
	at org.apache.hadoop.ozone.om.OzoneManager.getFileStatus(OzoneManager.java:3506) ~[ozone-manager-1.3.0-SNAPSHOT.jar:?]
	at org.apache.hadoop.ozone.protocolPB.OzoneManagerRequestHandler.getOzoneFileStatus(OzoneManagerRequestHandler.java:882) ~[ozone-manager-1.3.0-SNAPSHOT.jar:?]
	at org.apache.hadoop.ozone.protocolPB.OzoneManagerRequestHandler.handleReadRequest(OzoneManagerRequestHandler.java:228) ~[ozone-manager-1.3.0-SNAPSHOT.jar:?]
	at org.apache.hadoop.ozone.protocolPB.OzoneManagerProtocolServerSideTranslatorPB.submitReadRequestToOM(OzoneManagerProtocolServerSideTranslatorPB.java:226) ~[ozone-manager-1.3.0-SNAPSHOT.jar:?]
	at org.apache.hadoop.ozone.protocolPB.OzoneManagerProtocolServerSideTranslatorPB.processRequest(OzoneManagerProtocolServerSideTranslatorPB.java:175) ~[ozone-manager-1.3.0-SNAPSHOT.jar:?]
	at org.apache.hadoop.hdds.server.OzoneProtocolMessageDispatcher.processRequest(OzoneProtocolMessageDispatcher.java:87) [hdds-server-framework-1.3.0-SNAPSHOT.jar:?]
	at org.apache.hadoop.ozone.protocolPB.OzoneManagerProtocolServerSideTranslatorPB.submitRequest(OzoneManagerProtocolServerSideTranslatorPB.java:147) [ozone-manager-1.3.0-SNAPSHOT.jar:?]
	at org.apache.hadoop.ozone.protocol.proto.OzoneManagerProtocolProtos$OzoneManagerService$2.callBlockingMethod(OzoneManagerProtocolProtos.java) [ozone-interface-client-1.3.0-SNAPSHOT.jar:?]
	at org.apache.hadoop.ipc.ProtobufRpcEngine$Server.processCall(ProtobufRpcEngine.java:466) [hadoop-common-3.3.1.jar:?]
	at org.apache.hadoop.ipc.ProtobufRpcEngine2$Server$ProtoBufRpcInvoker.call(ProtobufRpcEngine2.java:574) [hadoop-common-3.3.1.jar:?]
	at org.apache.hadoop.ipc.ProtobufRpcEngine2$Server$ProtoBufRpcInvoker.call(ProtobufRpcEngine2.java:552) [hadoop-common-3.3.1.jar:?]
	at org.apache.hadoop.ipc.RPC$Server.call(RPC.java:1093) [hadoop-common-3.3.1.jar:?]
	at org.apache.hadoop.ipc.Server$RpcCall.run(Server.java:1035) [hadoop-common-3.3.1.jar:?]
	at org.apache.hadoop.ipc.Server$RpcCall.run(Server.java:963) [hadoop-common-3.3.1.jar:?]
	at java.security.AccessController.doPrivileged(Native Method) ~[?:1.8.0_345]
	at javax.security.auth.Subject.doAs(Subject.java:422) [?:1.8.0_345]
	at org.apache.hadoop.security.UserGroupInformation.doAs(UserGroupInformation.java:1878) [hadoop-common-3.3.1.jar:?]
	at org.apache.hadoop.ipc.Server$Handler.run(Server.java:2966) [hadoop-common-3.3.1.jar:?]
2022-09-28 15:52:02,683 [Time-limited test] WARN  ozone.BasicOzoneFileSystem (BasicOzoneFileSystem.java:getFileStatus(765)) - GetFileStatus failed for path /.Trash/runner
java.io.FileNotFoundException: .Trash/runner: No such file or directory!
	at org.apache.hadoop.fs.ozone.BasicOzoneClientAdapterImpl.getFileStatus(BasicOzoneClientAdapterImpl.java:369)
	at org.apache.hadoop.fs.ozone.BasicOzoneFileSystem.getFileStatus(BasicOzoneFileSystem.java:757)
	at org.apache.hadoop.fs.FileSystem.exists(FileSystem.java:1760)
	at org.apache.hadoop.fs.ozone.BasicOzoneFileSystem.exists(BasicOzoneFileSystem.java:804)
	at org.apache.hadoop.fs.ozone.BasicOzoneFileSystem.getTrashRoots(BasicOzoneFileSystem.java:700)
	at org.apache.hadoop.fs.ozone.TestOzoneFileSystem.testGetTrashRoots(TestOzoneFileSystem.java:1466)
	at sun.reflect.NativeMethodAccessorImpl.invoke0(Native Method)
	at sun.reflect.NativeMethodAccessorImpl.invoke(NativeMethodAccessorImpl.java:62)
	at sun.reflect.DelegatingMethodAccessorImpl.invoke(DelegatingMethodAccessorImpl.java:43)
	at java.lang.reflect.Method.invoke(Method.java:498)
	at org.junit.runners.model.FrameworkMethod$1.runReflectiveCall(FrameworkMethod.java:59)
	at org.junit.internal.runners.model.ReflectiveCallable.run(ReflectiveCallable.java:12)
	at org.junit.runners.model.FrameworkMethod.invokeExplosively(FrameworkMethod.java:56)
	at org.junit.internal.runners.statements.InvokeMethod.evaluate(InvokeMethod.java:17)
	at org.junit.internal.runners.statements.RunAfters.evaluate(RunAfters.java:27)
	at org.junit.internal.runners.statements.FailOnTimeout$CallableStatement.call(FailOnTimeout.java:288)
	at org.junit.internal.runners.statements.FailOnTimeout$CallableStatement.call(FailOnTimeout.java:282)
	at java.util.concurrent.FutureTask.run(FutureTask.java:266)
	at java.lang.Thread.run(Thread.java:750)
]]></system-out>
  </testcase>
  <testcase name="testGetTrashRoots" classname="TestOzoneFileSystem" time="0.034">
    <system-out><![CDATA[15:53:44.837 [IPC Server handler 12 on default port 42319] ERROR OMAudit - user=runner | ip=127.0.0.1 | op=GET_FILE_STATUS {volume=volume00149, bucket=bucket04297, key=.Trash/runner, dataSize=0, replicationConfig=null} | ret=FAILURE
org.apache.hadoop.ozone.om.exceptions.OMException: Unable to get file status: volume: volume00149 bucket: bucket04297 key: .Trash/runner
	at org.apache.hadoop.ozone.om.KeyManagerImpl.getOzoneFileStatus(KeyManagerImpl.java:1324) ~[ozone-manager-1.3.0-SNAPSHOT.jar:?]
	at org.apache.hadoop.ozone.om.KeyManagerImpl.getFileStatus(KeyManagerImpl.java:1254) ~[ozone-manager-1.3.0-SNAPSHOT.jar:?]
	at org.apache.hadoop.ozone.om.OzoneManager.getFileStatus(OzoneManager.java:3506) ~[ozone-manager-1.3.0-SNAPSHOT.jar:?]
	at org.apache.hadoop.ozone.protocolPB.OzoneManagerRequestHandler.getOzoneFileStatus(OzoneManagerRequestHandler.java:882) ~[ozone-manager-1.3.0-SNAPSHOT.jar:?]
	at org.apache.hadoop.ozone.protocolPB.OzoneManagerRequestHandler.handleReadRequest(OzoneManagerRequestHandler.java:228) ~[ozone-manager-1.3.0-SNAPSHOT.jar:?]
	at org.apache.hadoop.ozone.protocolPB.OzoneManagerProtocolServerSideTranslatorPB.submitRequestDirectlyToOM(OzoneManagerProtocolServerSideTranslatorPB.java:276) ~[ozone-manager-1.3.0-SNAPSHOT.jar:?]
	at org.apache.hadoop.ozone.protocolPB.OzoneManagerProtocolServerSideTranslatorPB.processRequest(OzoneManagerProtocolServerSideTranslatorPB.java:205) ~[ozone-manager-1.3.0-SNAPSHOT.jar:?]
	at org.apache.hadoop.hdds.server.OzoneProtocolMessageDispatcher.processRequest(OzoneProtocolMessageDispatcher.java:87) [hdds-server-framework-1.3.0-SNAPSHOT.jar:?]
	at org.apache.hadoop.ozone.protocolPB.OzoneManagerProtocolServerSideTranslatorPB.submitRequest(OzoneManagerProtocolServerSideTranslatorPB.java:147) [ozone-manager-1.3.0-SNAPSHOT.jar:?]
	at org.apache.hadoop.ozone.protocol.proto.OzoneManagerProtocolProtos$OzoneManagerService$2.callBlockingMethod(OzoneManagerProtocolProtos.java) [ozone-interface-client-1.3.0-SNAPSHOT.jar:?]
	at org.apache.hadoop.ipc.ProtobufRpcEngine$Server.processCall(ProtobufRpcEngine.java:466) [hadoop-common-3.3.1.jar:?]
	at org.apache.hadoop.ipc.ProtobufRpcEngine2$Server$ProtoBufRpcInvoker.call(ProtobufRpcEngine2.java:574) [hadoop-common-3.3.1.jar:?]
	at org.apache.hadoop.ipc.ProtobufRpcEngine2$Server$ProtoBufRpcInvoker.call(ProtobufRpcEngine2.java:552) [hadoop-common-3.3.1.jar:?]
	at org.apache.hadoop.ipc.RPC$Server.call(RPC.java:1093) [hadoop-common-3.3.1.jar:?]
	at org.apache.hadoop.ipc.Server$RpcCall.run(Server.java:1035) [hadoop-common-3.3.1.jar:?]
	at org.apache.hadoop.ipc.Server$RpcCall.run(Server.java:963) [hadoop-common-3.3.1.jar:?]
	at java.security.AccessController.doPrivileged(Native Method) ~[?:1.8.0_345]
	at javax.security.auth.Subject.doAs(Subject.java:422) [?:1.8.0_345]
	at org.apache.hadoop.security.UserGroupInformation.doAs(UserGroupInformation.java:1878) [hadoop-common-3.3.1.jar:?]
	at org.apache.hadoop.ipc.Server$Handler.run(Server.java:2966) [hadoop-common-3.3.1.jar:?]
2022-09-28 15:53:44,838 [Time-limited test] WARN  ozone.BasicOzoneFileSystem (BasicOzoneFileSystem.java:getFileStatus(765)) - GetFileStatus failed for path /.Trash/runner
java.io.FileNotFoundException: .Trash/runner: No such file or directory!
	at org.apache.hadoop.fs.ozone.BasicOzoneClientAdapterImpl.getFileStatus(BasicOzoneClientAdapterImpl.java:369)
	at org.apache.hadoop.fs.ozone.BasicOzoneFileSystem.getFileStatus(BasicOzoneFileSystem.java:757)
	at org.apache.hadoop.fs.FileSystem.exists(FileSystem.java:1760)
	at org.apache.hadoop.fs.ozone.BasicOzoneFileSystem.exists(BasicOzoneFileSystem.java:804)
	at org.apache.hadoop.fs.ozone.BasicOzoneFileSystem.getTrashRoots(BasicOzoneFileSystem.java:700)
	at org.apache.hadoop.fs.ozone.TestOzoneFileSystem.testGetTrashRoots(TestOzoneFileSystem.java:1466)
	at sun.reflect.NativeMethodAccessorImpl.invoke0(Native Method)
	at sun.reflect.NativeMethodAccessorImpl.invoke(NativeMethodAccessorImpl.java:62)
	at sun.reflect.DelegatingMethodAccessorImpl.invoke(DelegatingMethodAccessorImpl.java:43)
	at java.lang.reflect.Method.invoke(Method.java:498)
	at org.junit.runners.model.FrameworkMethod$1.runReflectiveCall(FrameworkMethod.java:59)
	at org.junit.internal.runners.model.ReflectiveCallable.run(ReflectiveCallable.java:12)
	at org.junit.runners.model.FrameworkMethod.invokeExplosively(FrameworkMethod.java:56)
	at org.junit.internal.runners.statements.InvokeMethod.evaluate(InvokeMethod.java:17)
	at org.junit.internal.runners.statements.RunAfters.evaluate(RunAfters.java:27)
	at org.junit.internal.runners.statements.FailOnTimeout$CallableStatement.call(FailOnTimeout.java:288)
	at org.junit.internal.runners.statements.FailOnTimeout$CallableStatement.call(FailOnTimeout.java:282)
	at java.util.concurrent.FutureTask.run(FutureTask.java:266)
	at java.lang.Thread.run(Thread.java:750)
]]></system-out>
  </testcase>
  <testcase name="testGetTrashRoots" classname="TestOzoneFileSystem" time="0.027">
    <system-out><![CDATA[15:55:10.432 [IPC Server handler 9 on default port 37257] ERROR OMAudit - user=runner | ip=127.0.0.1 | op=GET_FILE_STATUS {volume=volume14467, bucket=bucket64159, key=.Trash/runner, dataSize=0, replicationConfig=null} | ret=FAILURE
org.apache.hadoop.ozone.om.exceptions.OMException: Unable to get file status: volume: volume14467 bucket: bucket64159 key: .Trash/runner
	at org.apache.hadoop.ozone.om.KeyManagerImpl.getOzoneFileStatus(KeyManagerImpl.java:1324) ~[ozone-manager-1.3.0-SNAPSHOT.jar:?]
	at org.apache.hadoop.ozone.om.KeyManagerImpl.getFileStatus(KeyManagerImpl.java:1254) ~[ozone-manager-1.3.0-SNAPSHOT.jar:?]
	at org.apache.hadoop.ozone.om.OzoneManager.getFileStatus(OzoneManager.java:3506) ~[ozone-manager-1.3.0-SNAPSHOT.jar:?]
	at org.apache.hadoop.ozone.protocolPB.OzoneManagerRequestHandler.getOzoneFileStatus(OzoneManagerRequestHandler.java:882) ~[ozone-manager-1.3.0-SNAPSHOT.jar:?]
	at org.apache.hadoop.ozone.protocolPB.OzoneManagerRequestHandler.handleReadRequest(OzoneManagerRequestHandler.java:228) ~[ozone-manager-1.3.0-SNAPSHOT.jar:?]
	at org.apache.hadoop.ozone.protocolPB.OzoneManagerProtocolServerSideTranslatorPB.submitReadRequestToOM(OzoneManagerProtocolServerSideTranslatorPB.java:226) ~[ozone-manager-1.3.0-SNAPSHOT.jar:?]
	at org.apache.hadoop.ozone.protocolPB.OzoneManagerProtocolServerSideTranslatorPB.processRequest(OzoneManagerProtocolServerSideTranslatorPB.java:175) ~[ozone-manager-1.3.0-SNAPSHOT.jar:?]
	at org.apache.hadoop.hdds.server.OzoneProtocolMessageDispatcher.processRequest(OzoneProtocolMessageDispatcher.java:87) [hdds-server-framework-1.3.0-SNAPSHOT.jar:?]
	at org.apache.hadoop.ozone.protocolPB.OzoneManagerProtocolServerSideTranslatorPB.submitRequest(OzoneManagerProtocolServerSideTranslatorPB.java:147) [ozone-manager-1.3.0-SNAPSHOT.jar:?]
	at org.apache.hadoop.ozone.protocol.proto.OzoneManagerProtocolProtos$OzoneManagerService$2.callBlockingMethod(OzoneManagerProtocolProtos.java) [ozone-interface-client-1.3.0-SNAPSHOT.jar:?]
	at org.apache.hadoop.ipc.ProtobufRpcEngine$Server.processCall(ProtobufRpcEngine.java:466) [hadoop-common-3.3.1.jar:?]
	at org.apache.hadoop.ipc.ProtobufRpcEngine2$Server$ProtoBufRpcInvoker.call(ProtobufRpcEngine2.java:574) [hadoop-common-3.3.1.jar:?]
	at org.apache.hadoop.ipc.ProtobufRpcEngine2$Server$ProtoBufRpcInvoker.call(ProtobufRpcEngine2.java:552) [hadoop-common-3.3.1.jar:?]
	at org.apache.hadoop.ipc.RPC$Server.call(RPC.java:1093) [hadoop-common-3.3.1.jar:?]
	at org.apache.hadoop.ipc.Server$RpcCall.run(Server.java:1035) [hadoop-common-3.3.1.jar:?]
	at org.apache.hadoop.ipc.Server$RpcCall.run(Server.java:963) [hadoop-common-3.3.1.jar:?]
	at java.security.AccessController.doPrivileged(Native Method) ~[?:1.8.0_345]
	at javax.security.auth.Subject.doAs(Subject.java:422) [?:1.8.0_345]
	at org.apache.hadoop.security.UserGroupInformation.doAs(UserGroupInformation.java:1878) [hadoop-common-3.3.1.jar:?]
	at org.apache.hadoop.ipc.Server$Handler.run(Server.java:2966) [hadoop-common-3.3.1.jar:?]
2022-09-28 15:55:10,435 [Time-limited test] WARN  ozone.BasicOzoneFileSystem (BasicOzoneFileSystem.java:getFileStatus(765)) - GetFileStatus failed for path /.Trash/runner
java.io.FileNotFoundException: .Trash/runner: No such file or directory!
	at org.apache.hadoop.fs.ozone.BasicOzoneClientAdapterImpl.getFileStatus(BasicOzoneClientAdapterImpl.java:369)
	at org.apache.hadoop.fs.ozone.BasicOzoneFileSystem.getFileStatus(BasicOzoneFileSystem.java:757)
	at org.apache.hadoop.fs.FileSystem.exists(FileSystem.java:1760)
	at org.apache.hadoop.fs.ozone.BasicOzoneFileSystem.exists(BasicOzoneFileSystem.java:804)
	at org.apache.hadoop.fs.ozone.BasicOzoneFileSystem.getTrashRoots(BasicOzoneFileSystem.java:700)
	at org.apache.hadoop.fs.ozone.TestOzoneFileSystem.testGetTrashRoots(TestOzoneFileSystem.java:1466)
	at sun.reflect.NativeMethodAccessorImpl.invoke0(Native Method)
	at sun.reflect.NativeMethodAccessorImpl.invoke(NativeMethodAccessorImpl.java:62)
	at sun.reflect.DelegatingMethodAccessorImpl.invoke(DelegatingMethodAccessorImpl.java:43)
	at java.lang.reflect.Method.invoke(Method.java:498)
	at org.junit.runners.model.FrameworkMethod$1.runReflectiveCall(FrameworkMethod.java:59)
	at org.junit.internal.runners.model.ReflectiveCallable.run(ReflectiveCallable.java:12)
	at org.junit.runners.model.FrameworkMethod.invokeExplosively(FrameworkMethod.java:56)
	at org.junit.internal.runners.statements.InvokeMethod.evaluate(InvokeMethod.java:17)
	at org.junit.internal.runners.statements.RunAfters.evaluate(RunAfters.java:27)
	at org.junit.internal.runners.statements.FailOnTimeout$CallableStatement.call(FailOnTimeout.java:288)
	at org.junit.internal.runners.statements.FailOnTimeout$CallableStatement.call(FailOnTimeout.java:282)
	at java.util.concurrent.FutureTask.run(FutureTask.java:266)
	at java.lang.Thread.run(Thread.java:750)
]]></system-out>
  </testcase>
  <testcase name="testGetTrashRoots" classname="TestOzoneFileSystem" time="0.016">
    <system-out><![CDATA[15:57:03.027 [IPC Server handler 13 on default port 41537] ERROR OMAudit - user=runner | ip=127.0.0.1 | op=GET_FILE_STATUS {volume=volume06113, bucket=bucket59830, key=.Trash/runner, dataSize=0, replicationConfig=null} | ret=FAILURE
org.apache.hadoop.ozone.om.exceptions.OMException: Unable to get file status: volume: volume06113 bucket: bucket59830 key: .Trash/runner
	at org.apache.hadoop.ozone.om.KeyManagerImpl.getOzoneFileStatus(KeyManagerImpl.java:1324) ~[ozone-manager-1.3.0-SNAPSHOT.jar:?]
	at org.apache.hadoop.ozone.om.KeyManagerImpl.getFileStatus(KeyManagerImpl.java:1254) ~[ozone-manager-1.3.0-SNAPSHOT.jar:?]
	at org.apache.hadoop.ozone.om.OzoneManager.getFileStatus(OzoneManager.java:3506) ~[ozone-manager-1.3.0-SNAPSHOT.jar:?]
	at org.apache.hadoop.ozone.protocolPB.OzoneManagerRequestHandler.getOzoneFileStatus(OzoneManagerRequestHandler.java:882) ~[ozone-manager-1.3.0-SNAPSHOT.jar:?]
	at org.apache.hadoop.ozone.protocolPB.OzoneManagerRequestHandler.handleReadRequest(OzoneManagerRequestHandler.java:228) ~[ozone-manager-1.3.0-SNAPSHOT.jar:?]
	at org.apache.hadoop.ozone.protocolPB.OzoneManagerProtocolServerSideTranslatorPB.submitRequestDirectlyToOM(OzoneManagerProtocolServerSideTranslatorPB.java:276) ~[ozone-manager-1.3.0-SNAPSHOT.jar:?]
	at org.apache.hadoop.ozone.protocolPB.OzoneManagerProtocolServerSideTranslatorPB.processRequest(OzoneManagerProtocolServerSideTranslatorPB.java:205) ~[ozone-manager-1.3.0-SNAPSHOT.jar:?]
	at org.apache.hadoop.hdds.server.OzoneProtocolMessageDispatcher.processRequest(OzoneProtocolMessageDispatcher.java:87) [hdds-server-framework-1.3.0-SNAPSHOT.jar:?]
	at org.apache.hadoop.ozone.protocolPB.OzoneManagerProtocolServerSideTranslatorPB.submitRequest(OzoneManagerProtocolServerSideTranslatorPB.java:147) [ozone-manager-1.3.0-SNAPSHOT.jar:?]
	at org.apache.hadoop.ozone.protocol.proto.OzoneManagerProtocolProtos$OzoneManagerService$2.callBlockingMethod(OzoneManagerProtocolProtos.java) [ozone-interface-client-1.3.0-SNAPSHOT.jar:?]
	at org.apache.hadoop.ipc.ProtobufRpcEngine$Server.processCall(ProtobufRpcEngine.java:466) [hadoop-common-3.3.1.jar:?]
	at org.apache.hadoop.ipc.ProtobufRpcEngine2$Server$ProtoBufRpcInvoker.call(ProtobufRpcEngine2.java:574) [hadoop-common-3.3.1.jar:?]
	at org.apache.hadoop.ipc.ProtobufRpcEngine2$Server$ProtoBufRpcInvoker.call(ProtobufRpcEngine2.java:552) [hadoop-common-3.3.1.jar:?]
	at org.apache.hadoop.ipc.RPC$Server.call(RPC.java:1093) [hadoop-common-3.3.1.jar:?]
	at org.apache.hadoop.ipc.Server$RpcCall.run(Server.java:1035) [hadoop-common-3.3.1.jar:?]
	at org.apache.hadoop.ipc.Server$RpcCall.run(Server.java:963) [hadoop-common-3.3.1.jar:?]
	at java.security.AccessController.doPrivileged(Native Method) ~[?:1.8.0_345]
	at javax.security.auth.Subject.doAs(Subject.java:422) [?:1.8.0_345]
	at org.apache.hadoop.security.UserGroupInformation.doAs(UserGroupInformation.java:1878) [hadoop-common-3.3.1.jar:?]
	at org.apache.hadoop.ipc.Server$Handler.run(Server.java:2966) [hadoop-common-3.3.1.jar:?]
2022-09-28 15:57:03,027 [Time-limited test] WARN  ozone.BasicOzoneFileSystem (BasicOzoneFileSystem.java:getFileStatus(765)) - GetFileStatus failed for path /.Trash/runner
java.io.FileNotFoundException: .Trash/runner: No such file or directory!
	at org.apache.hadoop.fs.ozone.BasicOzoneClientAdapterImpl.getFileStatus(BasicOzoneClientAdapterImpl.java:369)
	at org.apache.hadoop.fs.ozone.BasicOzoneFileSystem.getFileStatus(BasicOzoneFileSystem.java:757)
	at org.apache.hadoop.fs.FileSystem.exists(FileSystem.java:1760)
	at org.apache.hadoop.fs.ozone.BasicOzoneFileSystem.exists(BasicOzoneFileSystem.java:804)
	at org.apache.hadoop.fs.ozone.BasicOzoneFileSystem.getTrashRoots(BasicOzoneFileSystem.java:700)
	at org.apache.hadoop.fs.ozone.TestOzoneFileSystem.testGetTrashRoots(TestOzoneFileSystem.java:1466)
	at sun.reflect.NativeMethodAccessorImpl.invoke0(Native Method)
	at sun.reflect.NativeMethodAccessorImpl.invoke(NativeMethodAccessorImpl.java:62)
	at sun.reflect.DelegatingMethodAccessorImpl.invoke(DelegatingMethodAccessorImpl.java:43)
	at java.lang.reflect.Method.invoke(Method.java:498)
	at org.junit.runners.model.FrameworkMethod$1.runReflectiveCall(FrameworkMethod.java:59)
	at org.junit.internal.runners.model.ReflectiveCallable.run(ReflectiveCallable.java:12)
	at org.junit.runners.model.FrameworkMethod.invokeExplosively(FrameworkMethod.java:56)
	at org.junit.internal.runners.statements.InvokeMethod.evaluate(InvokeMethod.java:17)
	at org.junit.internal.runners.statements.RunAfters.evaluate(RunAfters.java:27)
	at org.junit.internal.runners.statements.FailOnTimeout$CallableStatement.call(FailOnTimeout.java:288)
	at org.junit.internal.runners.statements.FailOnTimeout$CallableStatement.call(FailOnTimeout.java:282)
	at java.util.concurrent.FutureTask.run(FutureTask.java:266)
	at java.lang.Thread.run(Thread.java:750)
]]></system-out>
  </testcase>
  <testcase name="testCreateDoesNotAddParentDirKeys" classname="TestOzoneFileSystem" time="0.061">
    <system-out><![CDATA[15:52:02.780 [IPC Server handler 7 on default port 36317] ERROR OMAudit - user=runner | ip=127.0.0.1 | op=READ_KEY {volume=volume24312, bucket=bucket55718, key=testCreateDoesNotAddParentDirKeys/parent/, dataSize=0, replicationConfig=null} | ret=FAILURE
org.apache.hadoop.ozone.om.exceptions.OMException: Key:testCreateDoesNotAddParentDirKeys/parent not found
	at org.apache.hadoop.ozone.om.KeyManagerImpl.lookupKey(KeyManagerImpl.java:407) ~[ozone-manager-1.3.0-SNAPSHOT.jar:?]
	at org.apache.hadoop.ozone.om.OzoneManager.lookupKey(OzoneManager.java:2835) ~[ozone-manager-1.3.0-SNAPSHOT.jar:?]
	at org.apache.hadoop.ozone.protocolPB.OzoneManagerRequestHandler.lookupKey(OzoneManagerRequestHandler.java:495) ~[ozone-manager-1.3.0-SNAPSHOT.jar:?]
	at org.apache.hadoop.ozone.protocolPB.OzoneManagerRequestHandler.handleReadRequest(OzoneManagerRequestHandler.java:188) ~[ozone-manager-1.3.0-SNAPSHOT.jar:?]
	at org.apache.hadoop.ozone.protocolPB.OzoneManagerProtocolServerSideTranslatorPB.submitReadRequestToOM(OzoneManagerProtocolServerSideTranslatorPB.java:226) ~[ozone-manager-1.3.0-SNAPSHOT.jar:?]
	at org.apache.hadoop.ozone.protocolPB.OzoneManagerProtocolServerSideTranslatorPB.processRequest(OzoneManagerProtocolServerSideTranslatorPB.java:175) ~[ozone-manager-1.3.0-SNAPSHOT.jar:?]
	at org.apache.hadoop.hdds.server.OzoneProtocolMessageDispatcher.processRequest(OzoneProtocolMessageDispatcher.java:87) [hdds-server-framework-1.3.0-SNAPSHOT.jar:?]
	at org.apache.hadoop.ozone.protocolPB.OzoneManagerProtocolServerSideTranslatorPB.submitRequest(OzoneManagerProtocolServerSideTranslatorPB.java:147) [ozone-manager-1.3.0-SNAPSHOT.jar:?]
	at org.apache.hadoop.ozone.protocol.proto.OzoneManagerProtocolProtos$OzoneManagerService$2.callBlockingMethod(OzoneManagerProtocolProtos.java) [ozone-interface-client-1.3.0-SNAPSHOT.jar:?]
	at org.apache.hadoop.ipc.ProtobufRpcEngine$Server.processCall(ProtobufRpcEngine.java:466) [hadoop-common-3.3.1.jar:?]
	at org.apache.hadoop.ipc.ProtobufRpcEngine2$Server$ProtoBufRpcInvoker.call(ProtobufRpcEngine2.java:574) [hadoop-common-3.3.1.jar:?]
	at org.apache.hadoop.ipc.ProtobufRpcEngine2$Server$ProtoBufRpcInvoker.call(ProtobufRpcEngine2.java:552) [hadoop-common-3.3.1.jar:?]
	at org.apache.hadoop.ipc.RPC$Server.call(RPC.java:1093) [hadoop-common-3.3.1.jar:?]
	at org.apache.hadoop.ipc.Server$RpcCall.run(Server.java:1035) [hadoop-common-3.3.1.jar:?]
	at org.apache.hadoop.ipc.Server$RpcCall.run(Server.java:963) [hadoop-common-3.3.1.jar:?]
	at java.security.AccessController.doPrivileged(Native Method) ~[?:1.8.0_345]
	at javax.security.auth.Subject.doAs(Subject.java:422) [?:1.8.0_345]
	at org.apache.hadoop.security.UserGroupInformation.doAs(UserGroupInformation.java:1878) [hadoop-common-3.3.1.jar:?]
	at org.apache.hadoop.ipc.Server$Handler.run(Server.java:2966) [hadoop-common-3.3.1.jar:?]
]]></system-out>
  </testcase>
  <testcase name="testCreateDoesNotAddParentDirKeys" classname="TestOzoneFileSystem" time="0.101">
    <system-out><![CDATA[15:53:44.962 [IPC Server handler 13 on default port 42319] ERROR OMAudit - user=runner | ip=127.0.0.1 | op=READ_KEY {volume=volume00149, bucket=bucket04297, key=testCreateDoesNotAddParentDirKeys/parent/, dataSize=0, replicationConfig=null} | ret=FAILURE
org.apache.hadoop.ozone.om.exceptions.OMException: Key:testCreateDoesNotAddParentDirKeys/parent not found
	at org.apache.hadoop.ozone.om.KeyManagerImpl.lookupKey(KeyManagerImpl.java:407) ~[ozone-manager-1.3.0-SNAPSHOT.jar:?]
	at org.apache.hadoop.ozone.om.OzoneManager.lookupKey(OzoneManager.java:2835) ~[ozone-manager-1.3.0-SNAPSHOT.jar:?]
	at org.apache.hadoop.ozone.protocolPB.OzoneManagerRequestHandler.lookupKey(OzoneManagerRequestHandler.java:495) ~[ozone-manager-1.3.0-SNAPSHOT.jar:?]
	at org.apache.hadoop.ozone.protocolPB.OzoneManagerRequestHandler.handleReadRequest(OzoneManagerRequestHandler.java:188) ~[ozone-manager-1.3.0-SNAPSHOT.jar:?]
	at org.apache.hadoop.ozone.protocolPB.OzoneManagerProtocolServerSideTranslatorPB.submitRequestDirectlyToOM(OzoneManagerProtocolServerSideTranslatorPB.java:276) ~[ozone-manager-1.3.0-SNAPSHOT.jar:?]
	at org.apache.hadoop.ozone.protocolPB.OzoneManagerProtocolServerSideTranslatorPB.processRequest(OzoneManagerProtocolServerSideTranslatorPB.java:205) ~[ozone-manager-1.3.0-SNAPSHOT.jar:?]
	at org.apache.hadoop.hdds.server.OzoneProtocolMessageDispatcher.processRequest(OzoneProtocolMessageDispatcher.java:87) [hdds-server-framework-1.3.0-SNAPSHOT.jar:?]
	at org.apache.hadoop.ozone.protocolPB.OzoneManagerProtocolServerSideTranslatorPB.submitRequest(OzoneManagerProtocolServerSideTranslatorPB.java:147) [ozone-manager-1.3.0-SNAPSHOT.jar:?]
	at org.apache.hadoop.ozone.protocol.proto.OzoneManagerProtocolProtos$OzoneManagerService$2.callBlockingMethod(OzoneManagerProtocolProtos.java) [ozone-interface-client-1.3.0-SNAPSHOT.jar:?]
	at org.apache.hadoop.ipc.ProtobufRpcEngine$Server.processCall(ProtobufRpcEngine.java:466) [hadoop-common-3.3.1.jar:?]
	at org.apache.hadoop.ipc.ProtobufRpcEngine2$Server$ProtoBufRpcInvoker.call(ProtobufRpcEngine2.java:574) [hadoop-common-3.3.1.jar:?]
	at org.apache.hadoop.ipc.ProtobufRpcEngine2$Server$ProtoBufRpcInvoker.call(ProtobufRpcEngine2.java:552) [hadoop-common-3.3.1.jar:?]
	at org.apache.hadoop.ipc.RPC$Server.call(RPC.java:1093) [hadoop-common-3.3.1.jar:?]
	at org.apache.hadoop.ipc.Server$RpcCall.run(Server.java:1035) [hadoop-common-3.3.1.jar:?]
	at org.apache.hadoop.ipc.Server$RpcCall.run(Server.java:963) [hadoop-common-3.3.1.jar:?]
	at java.security.AccessController.doPrivileged(Native Method) ~[?:1.8.0_345]
	at javax.security.auth.Subject.doAs(Subject.java:422) [?:1.8.0_345]
	at org.apache.hadoop.security.UserGroupInformation.doAs(UserGroupInformation.java:1878) [hadoop-common-3.3.1.jar:?]
	at org.apache.hadoop.ipc.Server$Handler.run(Server.java:2966) [hadoop-common-3.3.1.jar:?]
]]></system-out>
  </testcase>
  <testcase name="testCreateDoesNotAddParentDirKeys" classname="TestOzoneFileSystem" time="0.119"/>
  <testcase name="testCreateDoesNotAddParentDirKeys" classname="TestOzoneFileSystem" time="0.127"/>
  <testcase name="testDeleteCreatesFakeParentDir" classname="TestOzoneFileSystem" time="0.052">
    <system-out><![CDATA[15:52:02.829 [IPC Server handler 14 on default port 36317] ERROR OMAudit - user=runner | ip=127.0.0.1 | op=READ_KEY {volume=volume24312, bucket=bucket55718, key=testDeleteCreatesFakeParentDir/parent/, dataSize=0, replicationConfig=null} | ret=FAILURE
org.apache.hadoop.ozone.om.exceptions.OMException: Key:testDeleteCreatesFakeParentDir/parent not found
	at org.apache.hadoop.ozone.om.KeyManagerImpl.lookupKey(KeyManagerImpl.java:407) ~[ozone-manager-1.3.0-SNAPSHOT.jar:?]
	at org.apache.hadoop.ozone.om.OzoneManager.lookupKey(OzoneManager.java:2835) ~[ozone-manager-1.3.0-SNAPSHOT.jar:?]
	at org.apache.hadoop.ozone.protocolPB.OzoneManagerRequestHandler.lookupKey(OzoneManagerRequestHandler.java:495) ~[ozone-manager-1.3.0-SNAPSHOT.jar:?]
	at org.apache.hadoop.ozone.protocolPB.OzoneManagerRequestHandler.handleReadRequest(OzoneManagerRequestHandler.java:188) ~[ozone-manager-1.3.0-SNAPSHOT.jar:?]
	at org.apache.hadoop.ozone.protocolPB.OzoneManagerProtocolServerSideTranslatorPB.submitReadRequestToOM(OzoneManagerProtocolServerSideTranslatorPB.java:226) ~[ozone-manager-1.3.0-SNAPSHOT.jar:?]
	at org.apache.hadoop.ozone.protocolPB.OzoneManagerProtocolServerSideTranslatorPB.processRequest(OzoneManagerProtocolServerSideTranslatorPB.java:175) ~[ozone-manager-1.3.0-SNAPSHOT.jar:?]
	at org.apache.hadoop.hdds.server.OzoneProtocolMessageDispatcher.processRequest(OzoneProtocolMessageDispatcher.java:87) [hdds-server-framework-1.3.0-SNAPSHOT.jar:?]
	at org.apache.hadoop.ozone.protocolPB.OzoneManagerProtocolServerSideTranslatorPB.submitRequest(OzoneManagerProtocolServerSideTranslatorPB.java:147) [ozone-manager-1.3.0-SNAPSHOT.jar:?]
	at org.apache.hadoop.ozone.protocol.proto.OzoneManagerProtocolProtos$OzoneManagerService$2.callBlockingMethod(OzoneManagerProtocolProtos.java) [ozone-interface-client-1.3.0-SNAPSHOT.jar:?]
	at org.apache.hadoop.ipc.ProtobufRpcEngine$Server.processCall(ProtobufRpcEngine.java:466) [hadoop-common-3.3.1.jar:?]
	at org.apache.hadoop.ipc.ProtobufRpcEngine2$Server$ProtoBufRpcInvoker.call(ProtobufRpcEngine2.java:574) [hadoop-common-3.3.1.jar:?]
	at org.apache.hadoop.ipc.ProtobufRpcEngine2$Server$ProtoBufRpcInvoker.call(ProtobufRpcEngine2.java:552) [hadoop-common-3.3.1.jar:?]
	at org.apache.hadoop.ipc.RPC$Server.call(RPC.java:1093) [hadoop-common-3.3.1.jar:?]
	at org.apache.hadoop.ipc.Server$RpcCall.run(Server.java:1035) [hadoop-common-3.3.1.jar:?]
	at org.apache.hadoop.ipc.Server$RpcCall.run(Server.java:963) [hadoop-common-3.3.1.jar:?]
	at java.security.AccessController.doPrivileged(Native Method) ~[?:1.8.0_345]
	at javax.security.auth.Subject.doAs(Subject.java:422) [?:1.8.0_345]
	at org.apache.hadoop.security.UserGroupInformation.doAs(UserGroupInformation.java:1878) [hadoop-common-3.3.1.jar:?]
	at org.apache.hadoop.ipc.Server$Handler.run(Server.java:2966) [hadoop-common-3.3.1.jar:?]
]]></system-out>
  </testcase>
  <testcase name="testDeleteCreatesFakeParentDir" classname="TestOzoneFileSystem" time="0.065">
    <system-out><![CDATA[15:53:45.023 [IPC Server handler 1 on default port 42319] ERROR OMAudit - user=runner | ip=127.0.0.1 | op=READ_KEY {volume=volume00149, bucket=bucket04297, key=testDeleteCreatesFakeParentDir/parent/, dataSize=0, replicationConfig=null} | ret=FAILURE
org.apache.hadoop.ozone.om.exceptions.OMException: Key:testDeleteCreatesFakeParentDir/parent not found
	at org.apache.hadoop.ozone.om.KeyManagerImpl.lookupKey(KeyManagerImpl.java:407) ~[ozone-manager-1.3.0-SNAPSHOT.jar:?]
	at org.apache.hadoop.ozone.om.OzoneManager.lookupKey(OzoneManager.java:2835) ~[ozone-manager-1.3.0-SNAPSHOT.jar:?]
	at org.apache.hadoop.ozone.protocolPB.OzoneManagerRequestHandler.lookupKey(OzoneManagerRequestHandler.java:495) ~[ozone-manager-1.3.0-SNAPSHOT.jar:?]
	at org.apache.hadoop.ozone.protocolPB.OzoneManagerRequestHandler.handleReadRequest(OzoneManagerRequestHandler.java:188) ~[ozone-manager-1.3.0-SNAPSHOT.jar:?]
	at org.apache.hadoop.ozone.protocolPB.OzoneManagerProtocolServerSideTranslatorPB.submitRequestDirectlyToOM(OzoneManagerProtocolServerSideTranslatorPB.java:276) ~[ozone-manager-1.3.0-SNAPSHOT.jar:?]
	at org.apache.hadoop.ozone.protocolPB.OzoneManagerProtocolServerSideTranslatorPB.processRequest(OzoneManagerProtocolServerSideTranslatorPB.java:205) ~[ozone-manager-1.3.0-SNAPSHOT.jar:?]
	at org.apache.hadoop.hdds.server.OzoneProtocolMessageDispatcher.processRequest(OzoneProtocolMessageDispatcher.java:87) [hdds-server-framework-1.3.0-SNAPSHOT.jar:?]
	at org.apache.hadoop.ozone.protocolPB.OzoneManagerProtocolServerSideTranslatorPB.submitRequest(OzoneManagerProtocolServerSideTranslatorPB.java:147) [ozone-manager-1.3.0-SNAPSHOT.jar:?]
	at org.apache.hadoop.ozone.protocol.proto.OzoneManagerProtocolProtos$OzoneManagerService$2.callBlockingMethod(OzoneManagerProtocolProtos.java) [ozone-interface-client-1.3.0-SNAPSHOT.jar:?]
	at org.apache.hadoop.ipc.ProtobufRpcEngine$Server.processCall(ProtobufRpcEngine.java:466) [hadoop-common-3.3.1.jar:?]
	at org.apache.hadoop.ipc.ProtobufRpcEngine2$Server$ProtoBufRpcInvoker.call(ProtobufRpcEngine2.java:574) [hadoop-common-3.3.1.jar:?]
	at org.apache.hadoop.ipc.ProtobufRpcEngine2$Server$ProtoBufRpcInvoker.call(ProtobufRpcEngine2.java:552) [hadoop-common-3.3.1.jar:?]
	at org.apache.hadoop.ipc.RPC$Server.call(RPC.java:1093) [hadoop-common-3.3.1.jar:?]
	at org.apache.hadoop.ipc.Server$RpcCall.run(Server.java:1035) [hadoop-common-3.3.1.jar:?]
	at org.apache.hadoop.ipc.Server$RpcCall.run(Server.java:963) [hadoop-common-3.3.1.jar:?]
	at java.security.AccessController.doPrivileged(Native Method) ~[?:1.8.0_345]
	at javax.security.auth.Subject.doAs(Subject.java:422) [?:1.8.0_345]
	at org.apache.hadoop.security.UserGroupInformation.doAs(UserGroupInformation.java:1878) [hadoop-common-3.3.1.jar:?]
	at org.apache.hadoop.ipc.Server$Handler.run(Server.java:2966) [hadoop-common-3.3.1.jar:?]
]]></system-out>
  </testcase>
  <testcase name="testDeleteCreatesFakeParentDir" classname="TestOzoneFileSystem" time="0.076"/>
  <testcase name="testDeleteCreatesFakeParentDir" classname="TestOzoneFileSystem" time="0.122"/>
  <testcase name="testNonExplicitlyCreatedPathExistsAfterItsLeafsWereRemoved" classname="TestOzoneFileSystem" time="0.05">
    <system-out><![CDATA[15:52:02.861 [IPC Server handler 16 on default port 36317] ERROR OMAudit - user=runner | ip=127.0.0.1 | op=GET_FILE_STATUS {volume=volume24312, bucket=bucket55718, key=target/leaf, dataSize=0, replicationConfig=null} | ret=FAILURE
org.apache.hadoop.ozone.om.exceptions.OMException: Unable to get file status: volume: volume24312 bucket: bucket55718 key: target/leaf
	at org.apache.hadoop.ozone.om.KeyManagerImpl.getOzoneFileStatus(KeyManagerImpl.java:1324) ~[ozone-manager-1.3.0-SNAPSHOT.jar:?]
	at org.apache.hadoop.ozone.om.KeyManagerImpl.getFileStatus(KeyManagerImpl.java:1254) ~[ozone-manager-1.3.0-SNAPSHOT.jar:?]
	at org.apache.hadoop.ozone.om.OzoneManager.getFileStatus(OzoneManager.java:3506) ~[ozone-manager-1.3.0-SNAPSHOT.jar:?]
	at org.apache.hadoop.ozone.protocolPB.OzoneManagerRequestHandler.getOzoneFileStatus(OzoneManagerRequestHandler.java:882) ~[ozone-manager-1.3.0-SNAPSHOT.jar:?]
	at org.apache.hadoop.ozone.protocolPB.OzoneManagerRequestHandler.handleReadRequest(OzoneManagerRequestHandler.java:228) ~[ozone-manager-1.3.0-SNAPSHOT.jar:?]
	at org.apache.hadoop.ozone.protocolPB.OzoneManagerProtocolServerSideTranslatorPB.submitReadRequestToOM(OzoneManagerProtocolServerSideTranslatorPB.java:226) ~[ozone-manager-1.3.0-SNAPSHOT.jar:?]
	at org.apache.hadoop.ozone.protocolPB.OzoneManagerProtocolServerSideTranslatorPB.processRequest(OzoneManagerProtocolServerSideTranslatorPB.java:175) ~[ozone-manager-1.3.0-SNAPSHOT.jar:?]
	at org.apache.hadoop.hdds.server.OzoneProtocolMessageDispatcher.processRequest(OzoneProtocolMessageDispatcher.java:87) [hdds-server-framework-1.3.0-SNAPSHOT.jar:?]
	at org.apache.hadoop.ozone.protocolPB.OzoneManagerProtocolServerSideTranslatorPB.submitRequest(OzoneManagerProtocolServerSideTranslatorPB.java:147) [ozone-manager-1.3.0-SNAPSHOT.jar:?]
	at org.apache.hadoop.ozone.protocol.proto.OzoneManagerProtocolProtos$OzoneManagerService$2.callBlockingMethod(OzoneManagerProtocolProtos.java) [ozone-interface-client-1.3.0-SNAPSHOT.jar:?]
	at org.apache.hadoop.ipc.ProtobufRpcEngine$Server.processCall(ProtobufRpcEngine.java:466) [hadoop-common-3.3.1.jar:?]
	at org.apache.hadoop.ipc.ProtobufRpcEngine2$Server$ProtoBufRpcInvoker.call(ProtobufRpcEngine2.java:574) [hadoop-common-3.3.1.jar:?]
	at org.apache.hadoop.ipc.ProtobufRpcEngine2$Server$ProtoBufRpcInvoker.call(ProtobufRpcEngine2.java:552) [hadoop-common-3.3.1.jar:?]
	at org.apache.hadoop.ipc.RPC$Server.call(RPC.java:1093) [hadoop-common-3.3.1.jar:?]
	at org.apache.hadoop.ipc.Server$RpcCall.run(Server.java:1035) [hadoop-common-3.3.1.jar:?]
	at org.apache.hadoop.ipc.Server$RpcCall.run(Server.java:963) [hadoop-common-3.3.1.jar:?]
	at java.security.AccessController.doPrivileged(Native Method) ~[?:1.8.0_345]
	at javax.security.auth.Subject.doAs(Subject.java:422) [?:1.8.0_345]
	at org.apache.hadoop.security.UserGroupInformation.doAs(UserGroupInformation.java:1878) [hadoop-common-3.3.1.jar:?]
	at org.apache.hadoop.ipc.Server$Handler.run(Server.java:2966) [hadoop-common-3.3.1.jar:?]
2022-09-28 15:52:02,862 [Time-limited test] WARN  ozone.BasicOzoneFileSystem (BasicOzoneFileSystem.java:getFileStatus(765)) - GetFileStatus failed for path /target/leaf
java.io.FileNotFoundException: target/leaf: No such file or directory!
	at org.apache.hadoop.fs.ozone.BasicOzoneClientAdapterImpl.getFileStatus(BasicOzoneClientAdapterImpl.java:369)
	at org.apache.hadoop.fs.ozone.BasicOzoneFileSystem.getFileStatus(BasicOzoneFileSystem.java:757)
	at org.apache.hadoop.fs.ozone.BasicOzoneFileSystem.rename(BasicOzoneFileSystem.java:357)
	at org.apache.hadoop.fs.ozone.TestOzoneFileSystem.testNonExplicitlyCreatedPathExistsAfterItsLeafsWereRemoved(TestOzoneFileSystem.java:1030)
	at sun.reflect.NativeMethodAccessorImpl.invoke0(Native Method)
	at sun.reflect.NativeMethodAccessorImpl.invoke(NativeMethodAccessorImpl.java:62)
	at sun.reflect.DelegatingMethodAccessorImpl.invoke(DelegatingMethodAccessorImpl.java:43)
	at java.lang.reflect.Method.invoke(Method.java:498)
	at org.junit.runners.model.FrameworkMethod$1.runReflectiveCall(FrameworkMethod.java:59)
	at org.junit.internal.runners.model.ReflectiveCallable.run(ReflectiveCallable.java:12)
	at org.junit.runners.model.FrameworkMethod.invokeExplosively(FrameworkMethod.java:56)
	at org.junit.internal.runners.statements.InvokeMethod.evaluate(InvokeMethod.java:17)
	at org.junit.internal.runners.statements.RunAfters.evaluate(RunAfters.java:27)
	at org.junit.internal.runners.statements.FailOnTimeout$CallableStatement.call(FailOnTimeout.java:288)
	at org.junit.internal.runners.statements.FailOnTimeout$CallableStatement.call(FailOnTimeout.java:282)
	at java.util.concurrent.FutureTask.run(FutureTask.java:266)
	at java.lang.Thread.run(Thread.java:750)
]]></system-out>
  </testcase>
  <testcase name="testNonExplicitlyCreatedPathExistsAfterItsLeafsWereRemoved" classname="TestOzoneFileSystem" time="0.035">
    <system-out><![CDATA[15:53:45.060 [IPC Server handler 16 on default port 42319] ERROR OMAudit - user=runner | ip=127.0.0.1 | op=GET_FILE_STATUS {volume=volume00149, bucket=bucket04297, key=target/leaf, dataSize=0, replicationConfig=null} | ret=FAILURE
org.apache.hadoop.ozone.om.exceptions.OMException: Unable to get file status: volume: volume00149 bucket: bucket04297 key: target/leaf
	at org.apache.hadoop.ozone.om.KeyManagerImpl.getOzoneFileStatus(KeyManagerImpl.java:1324) ~[ozone-manager-1.3.0-SNAPSHOT.jar:?]
	at org.apache.hadoop.ozone.om.KeyManagerImpl.getFileStatus(KeyManagerImpl.java:1254) ~[ozone-manager-1.3.0-SNAPSHOT.jar:?]
	at org.apache.hadoop.ozone.om.OzoneManager.getFileStatus(OzoneManager.java:3506) ~[ozone-manager-1.3.0-SNAPSHOT.jar:?]
	at org.apache.hadoop.ozone.protocolPB.OzoneManagerRequestHandler.getOzoneFileStatus(OzoneManagerRequestHandler.java:882) ~[ozone-manager-1.3.0-SNAPSHOT.jar:?]
	at org.apache.hadoop.ozone.protocolPB.OzoneManagerRequestHandler.handleReadRequest(OzoneManagerRequestHandler.java:228) ~[ozone-manager-1.3.0-SNAPSHOT.jar:?]
	at org.apache.hadoop.ozone.protocolPB.OzoneManagerProtocolServerSideTranslatorPB.submitRequestDirectlyToOM(OzoneManagerProtocolServerSideTranslatorPB.java:276) ~[ozone-manager-1.3.0-SNAPSHOT.jar:?]
	at org.apache.hadoop.ozone.protocolPB.OzoneManagerProtocolServerSideTranslatorPB.processRequest(OzoneManagerProtocolServerSideTranslatorPB.java:205) ~[ozone-manager-1.3.0-SNAPSHOT.jar:?]
	at org.apache.hadoop.hdds.server.OzoneProtocolMessageDispatcher.processRequest(OzoneProtocolMessageDispatcher.java:87) [hdds-server-framework-1.3.0-SNAPSHOT.jar:?]
	at org.apache.hadoop.ozone.protocolPB.OzoneManagerProtocolServerSideTranslatorPB.submitRequest(OzoneManagerProtocolServerSideTranslatorPB.java:147) [ozone-manager-1.3.0-SNAPSHOT.jar:?]
	at org.apache.hadoop.ozone.protocol.proto.OzoneManagerProtocolProtos$OzoneManagerService$2.callBlockingMethod(OzoneManagerProtocolProtos.java) [ozone-interface-client-1.3.0-SNAPSHOT.jar:?]
	at org.apache.hadoop.ipc.ProtobufRpcEngine$Server.processCall(ProtobufRpcEngine.java:466) [hadoop-common-3.3.1.jar:?]
	at org.apache.hadoop.ipc.ProtobufRpcEngine2$Server$ProtoBufRpcInvoker.call(ProtobufRpcEngine2.java:574) [hadoop-common-3.3.1.jar:?]
	at org.apache.hadoop.ipc.ProtobufRpcEngine2$Server$ProtoBufRpcInvoker.call(ProtobufRpcEngine2.java:552) [hadoop-common-3.3.1.jar:?]
	at org.apache.hadoop.ipc.RPC$Server.call(RPC.java:1093) [hadoop-common-3.3.1.jar:?]
	at org.apache.hadoop.ipc.Server$RpcCall.run(Server.java:1035) [hadoop-common-3.3.1.jar:?]
	at org.apache.hadoop.ipc.Server$RpcCall.run(Server.java:963) [hadoop-common-3.3.1.jar:?]
	at java.security.AccessController.doPrivileged(Native Method) ~[?:1.8.0_345]
	at javax.security.auth.Subject.doAs(Subject.java:422) [?:1.8.0_345]
	at org.apache.hadoop.security.UserGroupInformation.doAs(UserGroupInformation.java:1878) [hadoop-common-3.3.1.jar:?]
	at org.apache.hadoop.ipc.Server$Handler.run(Server.java:2966) [hadoop-common-3.3.1.jar:?]
2022-09-28 15:53:45,061 [Time-limited test] WARN  ozone.BasicOzoneFileSystem (BasicOzoneFileSystem.java:getFileStatus(765)) - GetFileStatus failed for path /target/leaf
java.io.FileNotFoundException: target/leaf: No such file or directory!
	at org.apache.hadoop.fs.ozone.BasicOzoneClientAdapterImpl.getFileStatus(BasicOzoneClientAdapterImpl.java:369)
	at org.apache.hadoop.fs.ozone.BasicOzoneFileSystem.getFileStatus(BasicOzoneFileSystem.java:757)
	at org.apache.hadoop.fs.ozone.BasicOzoneFileSystem.rename(BasicOzoneFileSystem.java:357)
	at org.apache.hadoop.fs.ozone.TestOzoneFileSystem.testNonExplicitlyCreatedPathExistsAfterItsLeafsWereRemoved(TestOzoneFileSystem.java:1030)
	at sun.reflect.NativeMethodAccessorImpl.invoke0(Native Method)
	at sun.reflect.NativeMethodAccessorImpl.invoke(NativeMethodAccessorImpl.java:62)
	at sun.reflect.DelegatingMethodAccessorImpl.invoke(DelegatingMethodAccessorImpl.java:43)
	at java.lang.reflect.Method.invoke(Method.java:498)
	at org.junit.runners.model.FrameworkMethod$1.runReflectiveCall(FrameworkMethod.java:59)
	at org.junit.internal.runners.model.ReflectiveCallable.run(ReflectiveCallable.java:12)
	at org.junit.runners.model.FrameworkMethod.invokeExplosively(FrameworkMethod.java:56)
	at org.junit.internal.runners.statements.InvokeMethod.evaluate(InvokeMethod.java:17)
	at org.junit.internal.runners.statements.RunAfters.evaluate(RunAfters.java:27)
	at org.junit.internal.runners.statements.FailOnTimeout$CallableStatement.call(FailOnTimeout.java:288)
	at org.junit.internal.runners.statements.FailOnTimeout$CallableStatement.call(FailOnTimeout.java:282)
	at java.util.concurrent.FutureTask.run(FutureTask.java:266)
	at java.lang.Thread.run(Thread.java:750)
]]></system-out>
  </testcase>
  <testcase name="testNonExplicitlyCreatedPathExistsAfterItsLeafsWereRemoved" classname="TestOzoneFileSystem" time="0.05">
    <system-out><![CDATA[15:55:10.672 [IPC Server handler 19 on default port 37257] ERROR OMAudit - user=runner | ip=127.0.0.1 | op=GET_FILE_STATUS {volume=volume14467, bucket=bucket64159, key=target/leaf, dataSize=0, replicationConfig=null} | ret=FAILURE
org.apache.hadoop.ozone.om.exceptions.OMException: Unable to get file status: volume: volume14467 bucket: bucket64159 key: target/leaf
	at org.apache.hadoop.ozone.om.KeyManagerImpl.getOzoneFileStatus(KeyManagerImpl.java:1324) ~[ozone-manager-1.3.0-SNAPSHOT.jar:?]
	at org.apache.hadoop.ozone.om.KeyManagerImpl.getFileStatus(KeyManagerImpl.java:1254) ~[ozone-manager-1.3.0-SNAPSHOT.jar:?]
	at org.apache.hadoop.ozone.om.OzoneManager.getFileStatus(OzoneManager.java:3506) ~[ozone-manager-1.3.0-SNAPSHOT.jar:?]
	at org.apache.hadoop.ozone.protocolPB.OzoneManagerRequestHandler.getOzoneFileStatus(OzoneManagerRequestHandler.java:882) ~[ozone-manager-1.3.0-SNAPSHOT.jar:?]
	at org.apache.hadoop.ozone.protocolPB.OzoneManagerRequestHandler.handleReadRequest(OzoneManagerRequestHandler.java:228) ~[ozone-manager-1.3.0-SNAPSHOT.jar:?]
	at org.apache.hadoop.ozone.protocolPB.OzoneManagerProtocolServerSideTranslatorPB.submitReadRequestToOM(OzoneManagerProtocolServerSideTranslatorPB.java:226) ~[ozone-manager-1.3.0-SNAPSHOT.jar:?]
	at org.apache.hadoop.ozone.protocolPB.OzoneManagerProtocolServerSideTranslatorPB.processRequest(OzoneManagerProtocolServerSideTranslatorPB.java:175) ~[ozone-manager-1.3.0-SNAPSHOT.jar:?]
	at org.apache.hadoop.hdds.server.OzoneProtocolMessageDispatcher.processRequest(OzoneProtocolMessageDispatcher.java:87) [hdds-server-framework-1.3.0-SNAPSHOT.jar:?]
	at org.apache.hadoop.ozone.protocolPB.OzoneManagerProtocolServerSideTranslatorPB.submitRequest(OzoneManagerProtocolServerSideTranslatorPB.java:147) [ozone-manager-1.3.0-SNAPSHOT.jar:?]
	at org.apache.hadoop.ozone.protocol.proto.OzoneManagerProtocolProtos$OzoneManagerService$2.callBlockingMethod(OzoneManagerProtocolProtos.java) [ozone-interface-client-1.3.0-SNAPSHOT.jar:?]
	at org.apache.hadoop.ipc.ProtobufRpcEngine$Server.processCall(ProtobufRpcEngine.java:466) [hadoop-common-3.3.1.jar:?]
	at org.apache.hadoop.ipc.ProtobufRpcEngine2$Server$ProtoBufRpcInvoker.call(ProtobufRpcEngine2.java:574) [hadoop-common-3.3.1.jar:?]
	at org.apache.hadoop.ipc.ProtobufRpcEngine2$Server$ProtoBufRpcInvoker.call(ProtobufRpcEngine2.java:552) [hadoop-common-3.3.1.jar:?]
	at org.apache.hadoop.ipc.RPC$Server.call(RPC.java:1093) [hadoop-common-3.3.1.jar:?]
	at org.apache.hadoop.ipc.Server$RpcCall.run(Server.java:1035) [hadoop-common-3.3.1.jar:?]
	at org.apache.hadoop.ipc.Server$RpcCall.run(Server.java:963) [hadoop-common-3.3.1.jar:?]
	at java.security.AccessController.doPrivileged(Native Method) ~[?:1.8.0_345]
	at javax.security.auth.Subject.doAs(Subject.java:422) [?:1.8.0_345]
	at org.apache.hadoop.security.UserGroupInformation.doAs(UserGroupInformation.java:1878) [hadoop-common-3.3.1.jar:?]
	at org.apache.hadoop.ipc.Server$Handler.run(Server.java:2966) [hadoop-common-3.3.1.jar:?]
2022-09-28 15:55:10,672 [Time-limited test] WARN  ozone.BasicOzoneFileSystem (BasicOzoneFileSystem.java:getFileStatus(765)) - GetFileStatus failed for path /target/leaf
java.io.FileNotFoundException: target/leaf: No such file or directory!
	at org.apache.hadoop.fs.ozone.BasicOzoneClientAdapterImpl.getFileStatus(BasicOzoneClientAdapterImpl.java:369)
	at org.apache.hadoop.fs.ozone.BasicOzoneFileSystem.getFileStatus(BasicOzoneFileSystem.java:757)
	at org.apache.hadoop.fs.ozone.BasicOzoneFileSystem.rename(BasicOzoneFileSystem.java:357)
	at org.apache.hadoop.fs.ozone.TestOzoneFileSystem.testNonExplicitlyCreatedPathExistsAfterItsLeafsWereRemoved(TestOzoneFileSystem.java:1030)
	at sun.reflect.NativeMethodAccessorImpl.invoke0(Native Method)
	at sun.reflect.NativeMethodAccessorImpl.invoke(NativeMethodAccessorImpl.java:62)
	at sun.reflect.DelegatingMethodAccessorImpl.invoke(DelegatingMethodAccessorImpl.java:43)
	at java.lang.reflect.Method.invoke(Method.java:498)
	at org.junit.runners.model.FrameworkMethod$1.runReflectiveCall(FrameworkMethod.java:59)
	at org.junit.internal.runners.model.ReflectiveCallable.run(ReflectiveCallable.java:12)
	at org.junit.runners.model.FrameworkMethod.invokeExplosively(FrameworkMethod.java:56)
	at org.junit.internal.runners.statements.InvokeMethod.evaluate(InvokeMethod.java:17)
	at org.junit.internal.runners.statements.RunAfters.evaluate(RunAfters.java:27)
	at org.junit.internal.runners.statements.FailOnTimeout$CallableStatement.call(FailOnTimeout.java:288)
	at org.junit.internal.runners.statements.FailOnTimeout$CallableStatement.call(FailOnTimeout.java:282)
	at java.util.concurrent.FutureTask.run(FutureTask.java:266)
	at java.lang.Thread.run(Thread.java:750)
]]></system-out>
  </testcase>
  <testcase name="testNonExplicitlyCreatedPathExistsAfterItsLeafsWereRemoved" classname="TestOzoneFileSystem" time="0.034">
    <system-out><![CDATA[15:57:03.304 [IPC Server handler 16 on default port 41537] ERROR OMAudit - user=runner | ip=127.0.0.1 | op=GET_FILE_STATUS {volume=volume06113, bucket=bucket59830, key=target/leaf, dataSize=0, replicationConfig=null} | ret=FAILURE
org.apache.hadoop.ozone.om.exceptions.OMException: Unable to get file status: volume: volume06113 bucket: bucket59830 key: target/leaf
	at org.apache.hadoop.ozone.om.KeyManagerImpl.getOzoneFileStatus(KeyManagerImpl.java:1324) ~[ozone-manager-1.3.0-SNAPSHOT.jar:?]
	at org.apache.hadoop.ozone.om.KeyManagerImpl.getFileStatus(KeyManagerImpl.java:1254) ~[ozone-manager-1.3.0-SNAPSHOT.jar:?]
	at org.apache.hadoop.ozone.om.OzoneManager.getFileStatus(OzoneManager.java:3506) ~[ozone-manager-1.3.0-SNAPSHOT.jar:?]
	at org.apache.hadoop.ozone.protocolPB.OzoneManagerRequestHandler.getOzoneFileStatus(OzoneManagerRequestHandler.java:882) ~[ozone-manager-1.3.0-SNAPSHOT.jar:?]
	at org.apache.hadoop.ozone.protocolPB.OzoneManagerRequestHandler.handleReadRequest(OzoneManagerRequestHandler.java:228) ~[ozone-manager-1.3.0-SNAPSHOT.jar:?]
	at org.apache.hadoop.ozone.protocolPB.OzoneManagerProtocolServerSideTranslatorPB.submitRequestDirectlyToOM(OzoneManagerProtocolServerSideTranslatorPB.java:276) ~[ozone-manager-1.3.0-SNAPSHOT.jar:?]
	at org.apache.hadoop.ozone.protocolPB.OzoneManagerProtocolServerSideTranslatorPB.processRequest(OzoneManagerProtocolServerSideTranslatorPB.java:205) ~[ozone-manager-1.3.0-SNAPSHOT.jar:?]
	at org.apache.hadoop.hdds.server.OzoneProtocolMessageDispatcher.processRequest(OzoneProtocolMessageDispatcher.java:87) [hdds-server-framework-1.3.0-SNAPSHOT.jar:?]
	at org.apache.hadoop.ozone.protocolPB.OzoneManagerProtocolServerSideTranslatorPB.submitRequest(OzoneManagerProtocolServerSideTranslatorPB.java:147) [ozone-manager-1.3.0-SNAPSHOT.jar:?]
	at org.apache.hadoop.ozone.protocol.proto.OzoneManagerProtocolProtos$OzoneManagerService$2.callBlockingMethod(OzoneManagerProtocolProtos.java) [ozone-interface-client-1.3.0-SNAPSHOT.jar:?]
	at org.apache.hadoop.ipc.ProtobufRpcEngine$Server.processCall(ProtobufRpcEngine.java:466) [hadoop-common-3.3.1.jar:?]
	at org.apache.hadoop.ipc.ProtobufRpcEngine2$Server$ProtoBufRpcInvoker.call(ProtobufRpcEngine2.java:574) [hadoop-common-3.3.1.jar:?]
	at org.apache.hadoop.ipc.ProtobufRpcEngine2$Server$ProtoBufRpcInvoker.call(ProtobufRpcEngine2.java:552) [hadoop-common-3.3.1.jar:?]
	at org.apache.hadoop.ipc.RPC$Server.call(RPC.java:1093) [hadoop-common-3.3.1.jar:?]
	at org.apache.hadoop.ipc.Server$RpcCall.run(Server.java:1035) [hadoop-common-3.3.1.jar:?]
	at org.apache.hadoop.ipc.Server$RpcCall.run(Server.java:963) [hadoop-common-3.3.1.jar:?]
	at java.security.AccessController.doPrivileged(Native Method) ~[?:1.8.0_345]
	at javax.security.auth.Subject.doAs(Subject.java:422) [?:1.8.0_345]
	at org.apache.hadoop.security.UserGroupInformation.doAs(UserGroupInformation.java:1878) [hadoop-common-3.3.1.jar:?]
	at org.apache.hadoop.ipc.Server$Handler.run(Server.java:2966) [hadoop-common-3.3.1.jar:?]
2022-09-28 15:57:03,304 [Time-limited test] WARN  ozone.BasicOzoneFileSystem (BasicOzoneFileSystem.java:getFileStatus(765)) - GetFileStatus failed for path /target/leaf
java.io.FileNotFoundException: target/leaf: No such file or directory!
	at org.apache.hadoop.fs.ozone.BasicOzoneClientAdapterImpl.getFileStatus(BasicOzoneClientAdapterImpl.java:369)
	at org.apache.hadoop.fs.ozone.BasicOzoneFileSystem.getFileStatus(BasicOzoneFileSystem.java:757)
	at org.apache.hadoop.fs.ozone.BasicOzoneFileSystem.rename(BasicOzoneFileSystem.java:357)
	at org.apache.hadoop.fs.ozone.TestOzoneFileSystem.testNonExplicitlyCreatedPathExistsAfterItsLeafsWereRemoved(TestOzoneFileSystem.java:1030)
	at sun.reflect.NativeMethodAccessorImpl.invoke0(Native Method)
	at sun.reflect.NativeMethodAccessorImpl.invoke(NativeMethodAccessorImpl.java:62)
	at sun.reflect.DelegatingMethodAccessorImpl.invoke(DelegatingMethodAccessorImpl.java:43)
	at java.lang.reflect.Method.invoke(Method.java:498)
	at org.junit.runners.model.FrameworkMethod$1.runReflectiveCall(FrameworkMethod.java:59)
	at org.junit.internal.runners.model.ReflectiveCallable.run(ReflectiveCallable.java:12)
	at org.junit.runners.model.FrameworkMethod.invokeExplosively(FrameworkMethod.java:56)
	at org.junit.internal.runners.statements.InvokeMethod.evaluate(InvokeMethod.java:17)
	at org.junit.internal.runners.statements.RunAfters.evaluate(RunAfters.java:27)
	at org.junit.internal.runners.statements.FailOnTimeout$CallableStatement.call(FailOnTimeout.java:288)
	at org.junit.internal.runners.statements.FailOnTimeout$CallableStatement.call(FailOnTimeout.java:282)
	at java.util.concurrent.FutureTask.run(FutureTask.java:266)
	at java.lang.Thread.run(Thread.java:750)
]]></system-out>
  </testcase>
  <testcase name="testCreateFileShouldCheckExistenceOfDirWithSameName" classname="TestOzoneFileSystem" time="0.058">
    <system-out><![CDATA[15:52:02.915 [OM StateMachine ApplyTransaction Thread - 0] ERROR OMAudit - user=runner | ip=127.0.0.1 | op=CREATE_FILE {volume=volume24312, bucket=bucket55718, key=d1/d2/d3/d4/key2, dataSize=4194304, replicationType=RATIS, replicationFactor=THREE} | ret=FAILURE
org.apache.hadoop.ozone.om.exceptions.OMException: Can not write to directory: d1/d2/d3/d4/key2
	at org.apache.hadoop.ozone.om.request.file.OMFileCreateRequest.checkDirectoryResult(OMFileCreateRequest.java:364) ~[ozone-manager-1.3.0-SNAPSHOT.jar:?]
	at org.apache.hadoop.ozone.om.request.file.OMFileCreateRequest.validateAndUpdateCache(OMFileCreateRequest.java:240) ~[ozone-manager-1.3.0-SNAPSHOT.jar:?]
	at org.apache.hadoop.ozone.protocolPB.OzoneManagerRequestHandler.handleWriteRequest(OzoneManagerRequestHandler.java:304) ~[ozone-manager-1.3.0-SNAPSHOT.jar:?]
	at org.apache.hadoop.ozone.om.ratis.OzoneManagerStateMachine.runCommand(OzoneManagerStateMachine.java:529) ~[ozone-manager-1.3.0-SNAPSHOT.jar:?]
	at org.apache.hadoop.ozone.om.ratis.OzoneManagerStateMachine.lambda$1(OzoneManagerStateMachine.java:324) ~[ozone-manager-1.3.0-SNAPSHOT.jar:?]
	at java.util.concurrent.CompletableFuture$AsyncSupply.run(CompletableFuture.java:1604) [?:1.8.0_345]
	at java.util.concurrent.ThreadPoolExecutor.runWorker(ThreadPoolExecutor.java:1149) [?:1.8.0_345]
	at java.util.concurrent.ThreadPoolExecutor$Worker.run(ThreadPoolExecutor.java:624) [?:1.8.0_345]
	at java.lang.Thread.run(Thread.java:750) [?:1.8.0_345]
2022-09-28 15:52:02,915 [OM StateMachine ApplyTransaction Thread - 0] ERROR file.OMFileCreateRequest (OMFileCreateRequest.java:validateAndUpdateCache(337)) - File create failed. Volume:volume24312, Bucket:bucket55718, Keyd1/d2/d3/d4/key2.
NOT_A_FILE org.apache.hadoop.ozone.om.exceptions.OMException: Can not write to directory: d1/d2/d3/d4/key2
	at org.apache.hadoop.ozone.om.request.file.OMFileCreateRequest.checkDirectoryResult(OMFileCreateRequest.java:364)
	at org.apache.hadoop.ozone.om.request.file.OMFileCreateRequest.validateAndUpdateCache(OMFileCreateRequest.java:240)
	at org.apache.hadoop.ozone.protocolPB.OzoneManagerRequestHandler.handleWriteRequest(OzoneManagerRequestHandler.java:304)
	at org.apache.hadoop.ozone.om.ratis.OzoneManagerStateMachine.runCommand(OzoneManagerStateMachine.java:529)
	at org.apache.hadoop.ozone.om.ratis.OzoneManagerStateMachine.lambda$1(OzoneManagerStateMachine.java:324)
	at java.util.concurrent.CompletableFuture$AsyncSupply.run(CompletableFuture.java:1604)
	at java.util.concurrent.ThreadPoolExecutor.runWorker(ThreadPoolExecutor.java:1149)
	at java.util.concurrent.ThreadPoolExecutor$Worker.run(ThreadPoolExecutor.java:624)
	at java.lang.Thread.run(Thread.java:750)
15:52:02.926 [OM StateMachine ApplyTransaction Thread - 0] ERROR OMAudit - user=runner | ip=127.0.0.1 | op=CREATE_DIRECTORY {volume=volume24312, bucket=bucket55718, key=d1/d2/d3/d4/key3, dataSize=0, replicationType=NONE, replicationFactor=ZERO} | ret=FAILURE
org.apache.hadoop.ozone.om.exceptions.OMException: Unable to create directory: d1/d2/d3/d4/key3 in volume/bucket: volume24312/bucket55718
	at org.apache.hadoop.ozone.om.request.file.OMDirectoryCreateRequest.validateAndUpdateCache(OMDirectoryCreateRequest.java:198) ~[ozone-manager-1.3.0-SNAPSHOT.jar:?]
	at org.apache.hadoop.ozone.protocolPB.OzoneManagerRequestHandler.handleWriteRequest(OzoneManagerRequestHandler.java:304) ~[ozone-manager-1.3.0-SNAPSHOT.jar:?]
	at org.apache.hadoop.ozone.om.ratis.OzoneManagerStateMachine.runCommand(OzoneManagerStateMachine.java:529) ~[ozone-manager-1.3.0-SNAPSHOT.jar:?]
	at org.apache.hadoop.ozone.om.ratis.OzoneManagerStateMachine.lambda$1(OzoneManagerStateMachine.java:324) ~[ozone-manager-1.3.0-SNAPSHOT.jar:?]
	at java.util.concurrent.CompletableFuture$AsyncSupply.run(CompletableFuture.java:1604) [?:1.8.0_345]
	at java.util.concurrent.ThreadPoolExecutor.runWorker(ThreadPoolExecutor.java:1149) [?:1.8.0_345]
	at java.util.concurrent.ThreadPoolExecutor$Worker.run(ThreadPoolExecutor.java:624) [?:1.8.0_345]
	at java.lang.Thread.run(Thread.java:750) [?:1.8.0_345]
2022-09-28 15:52:02,926 [OM StateMachine ApplyTransaction Thread - 0] ERROR file.OMDirectoryCreateRequest (OMDirectoryCreateRequest.java:logResult(331)) - Directory creation failed. Volume:volume24312, Bucket:bucket55718, Keyd1/d2/d3/d4/key3. Exception:{}
FILE_ALREADY_EXISTS org.apache.hadoop.ozone.om.exceptions.OMException: Unable to create directory: d1/d2/d3/d4/key3 in volume/bucket: volume24312/bucket55718
	at org.apache.hadoop.ozone.om.request.file.OMDirectoryCreateRequest.validateAndUpdateCache(OMDirectoryCreateRequest.java:198)
	at org.apache.hadoop.ozone.protocolPB.OzoneManagerRequestHandler.handleWriteRequest(OzoneManagerRequestHandler.java:304)
	at org.apache.hadoop.ozone.om.ratis.OzoneManagerStateMachine.runCommand(OzoneManagerStateMachine.java:529)
	at org.apache.hadoop.ozone.om.ratis.OzoneManagerStateMachine.lambda$1(OzoneManagerStateMachine.java:324)
	at java.util.concurrent.CompletableFuture$AsyncSupply.run(CompletableFuture.java:1604)
	at java.util.concurrent.ThreadPoolExecutor.runWorker(ThreadPoolExecutor.java:1149)
	at java.util.concurrent.ThreadPoolExecutor$Worker.run(ThreadPoolExecutor.java:624)
	at java.lang.Thread.run(Thread.java:750)
15:52:02.934 [OM StateMachine ApplyTransaction Thread - 0] ERROR OMAudit - user=runner | ip=127.0.0.1 | op=CREATE_FILE {volume=volume24312, bucket=bucket55718, key=d1/d2/d3, dataSize=4194304, replicationType=RATIS, replicationFactor=THREE} | ret=FAILURE
org.apache.hadoop.ozone.om.exceptions.OMException: Can not write to directory: d1/d2/d3
	at org.apache.hadoop.ozone.om.request.file.OMFileCreateRequest.checkDirectoryResult(OMFileCreateRequest.java:364) ~[ozone-manager-1.3.0-SNAPSHOT.jar:?]
	at org.apache.hadoop.ozone.om.request.file.OMFileCreateRequest.validateAndUpdateCache(OMFileCreateRequest.java:240) ~[ozone-manager-1.3.0-SNAPSHOT.jar:?]
	at org.apache.hadoop.ozone.protocolPB.OzoneManagerRequestHandler.handleWriteRequest(OzoneManagerRequestHandler.java:304) ~[ozone-manager-1.3.0-SNAPSHOT.jar:?]
	at org.apache.hadoop.ozone.om.ratis.OzoneManagerStateMachine.runCommand(OzoneManagerStateMachine.java:529) ~[ozone-manager-1.3.0-SNAPSHOT.jar:?]
	at org.apache.hadoop.ozone.om.ratis.OzoneManagerStateMachine.lambda$1(OzoneManagerStateMachine.java:324) ~[ozone-manager-1.3.0-SNAPSHOT.jar:?]
	at java.util.concurrent.CompletableFuture$AsyncSupply.run(CompletableFuture.java:1604) [?:1.8.0_345]
	at java.util.concurrent.ThreadPoolExecutor.runWorker(ThreadPoolExecutor.java:1149) [?:1.8.0_345]
	at java.util.concurrent.ThreadPoolExecutor$Worker.run(ThreadPoolExecutor.java:624) [?:1.8.0_345]
	at java.lang.Thread.run(Thread.java:750) [?:1.8.0_345]
2022-09-28 15:52:02,935 [OM StateMachine ApplyTransaction Thread - 0] ERROR file.OMFileCreateRequest (OMFileCreateRequest.java:validateAndUpdateCache(337)) - File create failed. Volume:volume24312, Bucket:bucket55718, Keyd1/d2/d3.
NOT_A_FILE org.apache.hadoop.ozone.om.exceptions.OMException: Can not write to directory: d1/d2/d3
	at org.apache.hadoop.ozone.om.request.file.OMFileCreateRequest.checkDirectoryResult(OMFileCreateRequest.java:364)
	at org.apache.hadoop.ozone.om.request.file.OMFileCreateRequest.validateAndUpdateCache(OMFileCreateRequest.java:240)
	at org.apache.hadoop.ozone.protocolPB.OzoneManagerRequestHandler.handleWriteRequest(OzoneManagerRequestHandler.java:304)
	at org.apache.hadoop.ozone.om.ratis.OzoneManagerStateMachine.runCommand(OzoneManagerStateMachine.java:529)
	at org.apache.hadoop.ozone.om.ratis.OzoneManagerStateMachine.lambda$1(OzoneManagerStateMachine.java:324)
	at java.util.concurrent.CompletableFuture$AsyncSupply.run(CompletableFuture.java:1604)
	at java.util.concurrent.ThreadPoolExecutor.runWorker(ThreadPoolExecutor.java:1149)
	at java.util.concurrent.ThreadPoolExecutor$Worker.run(ThreadPoolExecutor.java:624)
	at java.lang.Thread.run(Thread.java:750)
15:52:02.939 [IPC Server handler 6 on default port 36317] ERROR OMAudit - user=runner | ip=127.0.0.1 | op=GET_FILE_STATUS {volume=volume24312, bucket=bucket55718, key=d1/d2/d3/d4/key3/invalid, dataSize=0, replicationConfig=null} | ret=FAILURE
org.apache.hadoop.ozone.om.exceptions.OMException: Unable to get file status: volume: volume24312 bucket: bucket55718 key: d1/d2/d3/d4/key3/invalid
	at org.apache.hadoop.ozone.om.KeyManagerImpl.getOzoneFileStatus(KeyManagerImpl.java:1324) ~[ozone-manager-1.3.0-SNAPSHOT.jar:?]
	at org.apache.hadoop.ozone.om.KeyManagerImpl.getFileStatus(KeyManagerImpl.java:1254) ~[ozone-manager-1.3.0-SNAPSHOT.jar:?]
	at org.apache.hadoop.ozone.om.OzoneManager.getFileStatus(OzoneManager.java:3506) ~[ozone-manager-1.3.0-SNAPSHOT.jar:?]
	at org.apache.hadoop.ozone.protocolPB.OzoneManagerRequestHandler.getOzoneFileStatus(OzoneManagerRequestHandler.java:882) ~[ozone-manager-1.3.0-SNAPSHOT.jar:?]
	at org.apache.hadoop.ozone.protocolPB.OzoneManagerRequestHandler.handleReadRequest(OzoneManagerRequestHandler.java:228) ~[ozone-manager-1.3.0-SNAPSHOT.jar:?]
	at org.apache.hadoop.ozone.protocolPB.OzoneManagerProtocolServerSideTranslatorPB.submitReadRequestToOM(OzoneManagerProtocolServerSideTranslatorPB.java:226) ~[ozone-manager-1.3.0-SNAPSHOT.jar:?]
	at org.apache.hadoop.ozone.protocolPB.OzoneManagerProtocolServerSideTranslatorPB.processRequest(OzoneManagerProtocolServerSideTranslatorPB.java:175) ~[ozone-manager-1.3.0-SNAPSHOT.jar:?]
	at org.apache.hadoop.hdds.server.OzoneProtocolMessageDispatcher.processRequest(OzoneProtocolMessageDispatcher.java:87) [hdds-server-framework-1.3.0-SNAPSHOT.jar:?]
	at org.apache.hadoop.ozone.protocolPB.OzoneManagerProtocolServerSideTranslatorPB.submitRequest(OzoneManagerProtocolServerSideTranslatorPB.java:147) [ozone-manager-1.3.0-SNAPSHOT.jar:?]
	at org.apache.hadoop.ozone.protocol.proto.OzoneManagerProtocolProtos$OzoneManagerService$2.callBlockingMethod(OzoneManagerProtocolProtos.java) [ozone-interface-client-1.3.0-SNAPSHOT.jar:?]
	at org.apache.hadoop.ipc.ProtobufRpcEngine$Server.processCall(ProtobufRpcEngine.java:466) [hadoop-common-3.3.1.jar:?]
	at org.apache.hadoop.ipc.ProtobufRpcEngine2$Server$ProtoBufRpcInvoker.call(ProtobufRpcEngine2.java:574) [hadoop-common-3.3.1.jar:?]
	at org.apache.hadoop.ipc.ProtobufRpcEngine2$Server$ProtoBufRpcInvoker.call(ProtobufRpcEngine2.java:552) [hadoop-common-3.3.1.jar:?]
	at org.apache.hadoop.ipc.RPC$Server.call(RPC.java:1093) [hadoop-common-3.3.1.jar:?]
	at org.apache.hadoop.ipc.Server$RpcCall.run(Server.java:1035) [hadoop-common-3.3.1.jar:?]
	at org.apache.hadoop.ipc.Server$RpcCall.run(Server.java:963) [hadoop-common-3.3.1.jar:?]
	at java.security.AccessController.doPrivileged(Native Method) ~[?:1.8.0_345]
	at javax.security.auth.Subject.doAs(Subject.java:422) [?:1.8.0_345]
	at org.apache.hadoop.security.UserGroupInformation.doAs(UserGroupInformation.java:1878) [hadoop-common-3.3.1.jar:?]
	at org.apache.hadoop.ipc.Server$Handler.run(Server.java:2966) [hadoop-common-3.3.1.jar:?]
2022-09-28 15:52:02,939 [Time-limited test] WARN  ozone.BasicOzoneFileSystem (BasicOzoneFileSystem.java:getFileStatus(765)) - GetFileStatus failed for path /d1/d2/d3/d4/key3/invalid
java.io.FileNotFoundException: d1/d2/d3/d4/key3/invalid: No such file or directory!
	at org.apache.hadoop.fs.ozone.BasicOzoneClientAdapterImpl.getFileStatus(BasicOzoneClientAdapterImpl.java:369)
	at org.apache.hadoop.fs.ozone.BasicOzoneFileSystem.getFileStatus(BasicOzoneFileSystem.java:757)
	at org.apache.hadoop.fs.ozone.TestOzoneFileSystem.testCreateFileShouldCheckExistenceOfDirWithSameName(TestOzoneFileSystem.java:303)
	at sun.reflect.NativeMethodAccessorImpl.invoke0(Native Method)
	at sun.reflect.NativeMethodAccessorImpl.invoke(NativeMethodAccessorImpl.java:62)
	at sun.reflect.DelegatingMethodAccessorImpl.invoke(DelegatingMethodAccessorImpl.java:43)
	at java.lang.reflect.Method.invoke(Method.java:498)
	at org.junit.runners.model.FrameworkMethod$1.runReflectiveCall(FrameworkMethod.java:59)
	at org.junit.internal.runners.model.ReflectiveCallable.run(ReflectiveCallable.java:12)
	at org.junit.runners.model.FrameworkMethod.invokeExplosively(FrameworkMethod.java:56)
	at org.junit.internal.runners.statements.InvokeMethod.evaluate(InvokeMethod.java:17)
	at org.junit.internal.runners.statements.RunAfters.evaluate(RunAfters.java:27)
	at org.junit.internal.runners.statements.FailOnTimeout$CallableStatement.call(FailOnTimeout.java:288)
	at org.junit.internal.runners.statements.FailOnTimeout$CallableStatement.call(FailOnTimeout.java:282)
	at java.util.concurrent.FutureTask.run(FutureTask.java:266)
	at java.lang.Thread.run(Thread.java:750)
15:52:02.940 [IPC Server handler 17 on default port 36317] ERROR OMAudit - user=runner | ip=127.0.0.1 | op=GET_FILE_STATUS {volume=volume24312, bucket=bucket55718, key=d1/d2/d3/d4/invalidkey, dataSize=0, replicationConfig=null} | ret=FAILURE
org.apache.hadoop.ozone.om.exceptions.OMException: Unable to get file status: volume: volume24312 bucket: bucket55718 key: d1/d2/d3/d4/invalidkey
	at org.apache.hadoop.ozone.om.KeyManagerImpl.getOzoneFileStatus(KeyManagerImpl.java:1324) ~[ozone-manager-1.3.0-SNAPSHOT.jar:?]
	at org.apache.hadoop.ozone.om.KeyManagerImpl.getFileStatus(KeyManagerImpl.java:1254) ~[ozone-manager-1.3.0-SNAPSHOT.jar:?]
	at org.apache.hadoop.ozone.om.OzoneManager.getFileStatus(OzoneManager.java:3506) ~[ozone-manager-1.3.0-SNAPSHOT.jar:?]
	at org.apache.hadoop.ozone.protocolPB.OzoneManagerRequestHandler.getOzoneFileStatus(OzoneManagerRequestHandler.java:882) ~[ozone-manager-1.3.0-SNAPSHOT.jar:?]
	at org.apache.hadoop.ozone.protocolPB.OzoneManagerRequestHandler.handleReadRequest(OzoneManagerRequestHandler.java:228) ~[ozone-manager-1.3.0-SNAPSHOT.jar:?]
	at org.apache.hadoop.ozone.protocolPB.OzoneManagerProtocolServerSideTranslatorPB.submitReadRequestToOM(OzoneManagerProtocolServerSideTranslatorPB.java:226) ~[ozone-manager-1.3.0-SNAPSHOT.jar:?]
	at org.apache.hadoop.ozone.protocolPB.OzoneManagerProtocolServerSideTranslatorPB.processRequest(OzoneManagerProtocolServerSideTranslatorPB.java:175) ~[ozone-manager-1.3.0-SNAPSHOT.jar:?]
	at org.apache.hadoop.hdds.server.OzoneProtocolMessageDispatcher.processRequest(OzoneProtocolMessageDispatcher.java:87) [hdds-server-framework-1.3.0-SNAPSHOT.jar:?]
	at org.apache.hadoop.ozone.protocolPB.OzoneManagerProtocolServerSideTranslatorPB.submitRequest(OzoneManagerProtocolServerSideTranslatorPB.java:147) [ozone-manager-1.3.0-SNAPSHOT.jar:?]
	at org.apache.hadoop.ozone.protocol.proto.OzoneManagerProtocolProtos$OzoneManagerService$2.callBlockingMethod(OzoneManagerProtocolProtos.java) [ozone-interface-client-1.3.0-SNAPSHOT.jar:?]
	at org.apache.hadoop.ipc.ProtobufRpcEngine$Server.processCall(ProtobufRpcEngine.java:466) [hadoop-common-3.3.1.jar:?]
	at org.apache.hadoop.ipc.ProtobufRpcEngine2$Server$ProtoBufRpcInvoker.call(ProtobufRpcEngine2.java:574) [hadoop-common-3.3.1.jar:?]
	at org.apache.hadoop.ipc.ProtobufRpcEngine2$Server$ProtoBufRpcInvoker.call(ProtobufRpcEngine2.java:552) [hadoop-common-3.3.1.jar:?]
	at org.apache.hadoop.ipc.RPC$Server.call(RPC.java:1093) [hadoop-common-3.3.1.jar:?]
	at org.apache.hadoop.ipc.Server$RpcCall.run(Server.java:1035) [hadoop-common-3.3.1.jar:?]
	at org.apache.hadoop.ipc.Server$RpcCall.run(Server.java:963) [hadoop-common-3.3.1.jar:?]
	at java.security.AccessController.doPrivileged(Native Method) ~[?:1.8.0_345]
	at javax.security.auth.Subject.doAs(Subject.java:422) [?:1.8.0_345]
	at org.apache.hadoop.security.UserGroupInformation.doAs(UserGroupInformation.java:1878) [hadoop-common-3.3.1.jar:?]
	at org.apache.hadoop.ipc.Server$Handler.run(Server.java:2966) [hadoop-common-3.3.1.jar:?]
2022-09-28 15:52:02,941 [Time-limited test] WARN  ozone.BasicOzoneFileSystem (BasicOzoneFileSystem.java:getFileStatus(765)) - GetFileStatus failed for path /d1/d2/d3/d4/invalidkey
java.io.FileNotFoundException: d1/d2/d3/d4/invalidkey: No such file or directory!
	at org.apache.hadoop.fs.ozone.BasicOzoneClientAdapterImpl.getFileStatus(BasicOzoneClientAdapterImpl.java:369)
	at org.apache.hadoop.fs.ozone.BasicOzoneFileSystem.getFileStatus(BasicOzoneFileSystem.java:757)
	at org.apache.hadoop.fs.ozone.TestOzoneFileSystem.testCreateFileShouldCheckExistenceOfDirWithSameName(TestOzoneFileSystem.java:310)
	at sun.reflect.NativeMethodAccessorImpl.invoke0(Native Method)
	at sun.reflect.NativeMethodAccessorImpl.invoke(NativeMethodAccessorImpl.java:62)
	at sun.reflect.DelegatingMethodAccessorImpl.invoke(DelegatingMethodAccessorImpl.java:43)
	at java.lang.reflect.Method.invoke(Method.java:498)
	at org.junit.runners.model.FrameworkMethod$1.runReflectiveCall(FrameworkMethod.java:59)
	at org.junit.internal.runners.model.ReflectiveCallable.run(ReflectiveCallable.java:12)
	at org.junit.runners.model.FrameworkMethod.invokeExplosively(FrameworkMethod.java:56)
	at org.junit.internal.runners.statements.InvokeMethod.evaluate(InvokeMethod.java:17)
	at org.junit.internal.runners.statements.RunAfters.evaluate(RunAfters.java:27)
	at org.junit.internal.runners.statements.FailOnTimeout$CallableStatement.call(FailOnTimeout.java:288)
	at org.junit.internal.runners.statements.FailOnTimeout$CallableStatement.call(FailOnTimeout.java:282)
	at java.util.concurrent.FutureTask.run(FutureTask.java:266)
	at java.lang.Thread.run(Thread.java:750)
]]></system-out>
  </testcase>
  <testcase name="testCreateFileShouldCheckExistenceOfDirWithSameName" classname="TestOzoneFileSystem" time="0.048">
    <system-out><![CDATA[15:53:45.090 [IPC Server handler 8 on default port 42319] ERROR OMAudit - user=runner | ip=127.0.0.1 | op=CREATE_FILE {volume=volume00149, bucket=bucket04297, key=d1/d2/d3/d4/key2, dataSize=4194304, replicationType=RATIS, replicationFactor=THREE} | ret=FAILURE
org.apache.hadoop.ozone.om.exceptions.OMException: Can not write to directory: d1/d2/d3/d4/key2
	at org.apache.hadoop.ozone.om.request.file.OMFileCreateRequest.checkDirectoryResult(OMFileCreateRequest.java:364) ~[ozone-manager-1.3.0-SNAPSHOT.jar:?]
	at org.apache.hadoop.ozone.om.request.file.OMFileCreateRequest.validateAndUpdateCache(OMFileCreateRequest.java:240) ~[ozone-manager-1.3.0-SNAPSHOT.jar:?]
	at org.apache.hadoop.ozone.protocolPB.OzoneManagerRequestHandler.handleWriteRequest(OzoneManagerRequestHandler.java:304) ~[ozone-manager-1.3.0-SNAPSHOT.jar:?]
	at org.apache.hadoop.ozone.protocolPB.OzoneManagerProtocolServerSideTranslatorPB.submitRequestDirectlyToOM(OzoneManagerProtocolServerSideTranslatorPB.java:282) ~[ozone-manager-1.3.0-SNAPSHOT.jar:?]
	at org.apache.hadoop.ozone.protocolPB.OzoneManagerProtocolServerSideTranslatorPB.processRequest(OzoneManagerProtocolServerSideTranslatorPB.java:205) ~[ozone-manager-1.3.0-SNAPSHOT.jar:?]
	at org.apache.hadoop.hdds.server.OzoneProtocolMessageDispatcher.processRequest(OzoneProtocolMessageDispatcher.java:87) [hdds-server-framework-1.3.0-SNAPSHOT.jar:?]
	at org.apache.hadoop.ozone.protocolPB.OzoneManagerProtocolServerSideTranslatorPB.submitRequest(OzoneManagerProtocolServerSideTranslatorPB.java:147) [ozone-manager-1.3.0-SNAPSHOT.jar:?]
	at org.apache.hadoop.ozone.protocol.proto.OzoneManagerProtocolProtos$OzoneManagerService$2.callBlockingMethod(OzoneManagerProtocolProtos.java) [ozone-interface-client-1.3.0-SNAPSHOT.jar:?]
	at org.apache.hadoop.ipc.ProtobufRpcEngine$Server.processCall(ProtobufRpcEngine.java:466) [hadoop-common-3.3.1.jar:?]
	at org.apache.hadoop.ipc.ProtobufRpcEngine2$Server$ProtoBufRpcInvoker.call(ProtobufRpcEngine2.java:574) [hadoop-common-3.3.1.jar:?]
	at org.apache.hadoop.ipc.ProtobufRpcEngine2$Server$ProtoBufRpcInvoker.call(ProtobufRpcEngine2.java:552) [hadoop-common-3.3.1.jar:?]
	at org.apache.hadoop.ipc.RPC$Server.call(RPC.java:1093) [hadoop-common-3.3.1.jar:?]
	at org.apache.hadoop.ipc.Server$RpcCall.run(Server.java:1035) [hadoop-common-3.3.1.jar:?]
	at org.apache.hadoop.ipc.Server$RpcCall.run(Server.java:963) [hadoop-common-3.3.1.jar:?]
	at java.security.AccessController.doPrivileged(Native Method) ~[?:1.8.0_345]
	at javax.security.auth.Subject.doAs(Subject.java:422) [?:1.8.0_345]
	at org.apache.hadoop.security.UserGroupInformation.doAs(UserGroupInformation.java:1878) [hadoop-common-3.3.1.jar:?]
	at org.apache.hadoop.ipc.Server$Handler.run(Server.java:2966) [hadoop-common-3.3.1.jar:?]
2022-09-28 15:53:45,090 [IPC Server handler 8 on default port 42319] ERROR file.OMFileCreateRequest (OMFileCreateRequest.java:validateAndUpdateCache(337)) - File create failed. Volume:volume00149, Bucket:bucket04297, Keyd1/d2/d3/d4/key2.
NOT_A_FILE org.apache.hadoop.ozone.om.exceptions.OMException: Can not write to directory: d1/d2/d3/d4/key2
	at org.apache.hadoop.ozone.om.request.file.OMFileCreateRequest.checkDirectoryResult(OMFileCreateRequest.java:364)
	at org.apache.hadoop.ozone.om.request.file.OMFileCreateRequest.validateAndUpdateCache(OMFileCreateRequest.java:240)
	at org.apache.hadoop.ozone.protocolPB.OzoneManagerRequestHandler.handleWriteRequest(OzoneManagerRequestHandler.java:304)
	at org.apache.hadoop.ozone.protocolPB.OzoneManagerProtocolServerSideTranslatorPB.submitRequestDirectlyToOM(OzoneManagerProtocolServerSideTranslatorPB.java:282)
	at org.apache.hadoop.ozone.protocolPB.OzoneManagerProtocolServerSideTranslatorPB.processRequest(OzoneManagerProtocolServerSideTranslatorPB.java:205)
	at org.apache.hadoop.hdds.server.OzoneProtocolMessageDispatcher.processRequest(OzoneProtocolMessageDispatcher.java:87)
	at org.apache.hadoop.ozone.protocolPB.OzoneManagerProtocolServerSideTranslatorPB.submitRequest(OzoneManagerProtocolServerSideTranslatorPB.java:147)
	at org.apache.hadoop.ozone.protocol.proto.OzoneManagerProtocolProtos$OzoneManagerService$2.callBlockingMethod(OzoneManagerProtocolProtos.java)
	at org.apache.hadoop.ipc.ProtobufRpcEngine$Server.processCall(ProtobufRpcEngine.java:466)
	at org.apache.hadoop.ipc.ProtobufRpcEngine2$Server$ProtoBufRpcInvoker.call(ProtobufRpcEngine2.java:574)
	at org.apache.hadoop.ipc.ProtobufRpcEngine2$Server$ProtoBufRpcInvoker.call(ProtobufRpcEngine2.java:552)
	at org.apache.hadoop.ipc.RPC$Server.call(RPC.java:1093)
	at org.apache.hadoop.ipc.Server$RpcCall.run(Server.java:1035)
	at org.apache.hadoop.ipc.Server$RpcCall.run(Server.java:963)
	at java.security.AccessController.doPrivileged(Native Method)
	at javax.security.auth.Subject.doAs(Subject.java:422)
	at org.apache.hadoop.security.UserGroupInformation.doAs(UserGroupInformation.java:1878)
	at org.apache.hadoop.ipc.Server$Handler.run(Server.java:2966)
15:53:45.105 [IPC Server handler 4 on default port 42319] ERROR OMAudit - user=runner | ip=127.0.0.1 | op=CREATE_DIRECTORY {volume=volume00149, bucket=bucket04297, key=d1/d2/d3/d4/key3, dataSize=0, replicationType=NONE, replicationFactor=ZERO} | ret=FAILURE
org.apache.hadoop.ozone.om.exceptions.OMException: Unable to create directory: d1/d2/d3/d4/key3 in volume/bucket: volume00149/bucket04297
	at org.apache.hadoop.ozone.om.request.file.OMDirectoryCreateRequest.validateAndUpdateCache(OMDirectoryCreateRequest.java:198) ~[ozone-manager-1.3.0-SNAPSHOT.jar:?]
	at org.apache.hadoop.ozone.protocolPB.OzoneManagerRequestHandler.handleWriteRequest(OzoneManagerRequestHandler.java:304) ~[ozone-manager-1.3.0-SNAPSHOT.jar:?]
	at org.apache.hadoop.ozone.protocolPB.OzoneManagerProtocolServerSideTranslatorPB.submitRequestDirectlyToOM(OzoneManagerProtocolServerSideTranslatorPB.java:282) ~[ozone-manager-1.3.0-SNAPSHOT.jar:?]
	at org.apache.hadoop.ozone.protocolPB.OzoneManagerProtocolServerSideTranslatorPB.processRequest(OzoneManagerProtocolServerSideTranslatorPB.java:205) ~[ozone-manager-1.3.0-SNAPSHOT.jar:?]
	at org.apache.hadoop.hdds.server.OzoneProtocolMessageDispatcher.processRequest(OzoneProtocolMessageDispatcher.java:87) [hdds-server-framework-1.3.0-SNAPSHOT.jar:?]
	at org.apache.hadoop.ozone.protocolPB.OzoneManagerProtocolServerSideTranslatorPB.submitRequest(OzoneManagerProtocolServerSideTranslatorPB.java:147) [ozone-manager-1.3.0-SNAPSHOT.jar:?]
	at org.apache.hadoop.ozone.protocol.proto.OzoneManagerProtocolProtos$OzoneManagerService$2.callBlockingMethod(OzoneManagerProtocolProtos.java) [ozone-interface-client-1.3.0-SNAPSHOT.jar:?]
	at org.apache.hadoop.ipc.ProtobufRpcEngine$Server.processCall(ProtobufRpcEngine.java:466) [hadoop-common-3.3.1.jar:?]
	at org.apache.hadoop.ipc.ProtobufRpcEngine2$Server$ProtoBufRpcInvoker.call(ProtobufRpcEngine2.java:574) [hadoop-common-3.3.1.jar:?]
	at org.apache.hadoop.ipc.ProtobufRpcEngine2$Server$ProtoBufRpcInvoker.call(ProtobufRpcEngine2.java:552) [hadoop-common-3.3.1.jar:?]
	at org.apache.hadoop.ipc.RPC$Server.call(RPC.java:1093) [hadoop-common-3.3.1.jar:?]
	at org.apache.hadoop.ipc.Server$RpcCall.run(Server.java:1035) [hadoop-common-3.3.1.jar:?]
	at org.apache.hadoop.ipc.Server$RpcCall.run(Server.java:963) [hadoop-common-3.3.1.jar:?]
	at java.security.AccessController.doPrivileged(Native Method) ~[?:1.8.0_345]
	at javax.security.auth.Subject.doAs(Subject.java:422) [?:1.8.0_345]
	at org.apache.hadoop.security.UserGroupInformation.doAs(UserGroupInformation.java:1878) [hadoop-common-3.3.1.jar:?]
	at org.apache.hadoop.ipc.Server$Handler.run(Server.java:2966) [hadoop-common-3.3.1.jar:?]
2022-09-28 15:53:45,106 [IPC Server handler 4 on default port 42319] ERROR file.OMDirectoryCreateRequest (OMDirectoryCreateRequest.java:logResult(331)) - Directory creation failed. Volume:volume00149, Bucket:bucket04297, Keyd1/d2/d3/d4/key3. Exception:{}
FILE_ALREADY_EXISTS org.apache.hadoop.ozone.om.exceptions.OMException: Unable to create directory: d1/d2/d3/d4/key3 in volume/bucket: volume00149/bucket04297
	at org.apache.hadoop.ozone.om.request.file.OMDirectoryCreateRequest.validateAndUpdateCache(OMDirectoryCreateRequest.java:198)
	at org.apache.hadoop.ozone.protocolPB.OzoneManagerRequestHandler.handleWriteRequest(OzoneManagerRequestHandler.java:304)
	at org.apache.hadoop.ozone.protocolPB.OzoneManagerProtocolServerSideTranslatorPB.submitRequestDirectlyToOM(OzoneManagerProtocolServerSideTranslatorPB.java:282)
	at org.apache.hadoop.ozone.protocolPB.OzoneManagerProtocolServerSideTranslatorPB.processRequest(OzoneManagerProtocolServerSideTranslatorPB.java:205)
	at org.apache.hadoop.hdds.server.OzoneProtocolMessageDispatcher.processRequest(OzoneProtocolMessageDispatcher.java:87)
	at org.apache.hadoop.ozone.protocolPB.OzoneManagerProtocolServerSideTranslatorPB.submitRequest(OzoneManagerProtocolServerSideTranslatorPB.java:147)
	at org.apache.hadoop.ozone.protocol.proto.OzoneManagerProtocolProtos$OzoneManagerService$2.callBlockingMethod(OzoneManagerProtocolProtos.java)
	at org.apache.hadoop.ipc.ProtobufRpcEngine$Server.processCall(ProtobufRpcEngine.java:466)
	at org.apache.hadoop.ipc.ProtobufRpcEngine2$Server$ProtoBufRpcInvoker.call(ProtobufRpcEngine2.java:574)
	at org.apache.hadoop.ipc.ProtobufRpcEngine2$Server$ProtoBufRpcInvoker.call(ProtobufRpcEngine2.java:552)
	at org.apache.hadoop.ipc.RPC$Server.call(RPC.java:1093)
	at org.apache.hadoop.ipc.Server$RpcCall.run(Server.java:1035)
	at org.apache.hadoop.ipc.Server$RpcCall.run(Server.java:963)
	at java.security.AccessController.doPrivileged(Native Method)
	at javax.security.auth.Subject.doAs(Subject.java:422)
	at org.apache.hadoop.security.UserGroupInformation.doAs(UserGroupInformation.java:1878)
	at org.apache.hadoop.ipc.Server$Handler.run(Server.java:2966)
15:53:45.111 [IPC Server handler 5 on default port 42319] ERROR OMAudit - user=runner | ip=127.0.0.1 | op=CREATE_FILE {volume=volume00149, bucket=bucket04297, key=d1/d2/d3, dataSize=4194304, replicationType=RATIS, replicationFactor=THREE} | ret=FAILURE
org.apache.hadoop.ozone.om.exceptions.OMException: Can not write to directory: d1/d2/d3
	at org.apache.hadoop.ozone.om.request.file.OMFileCreateRequest.checkDirectoryResult(OMFileCreateRequest.java:364) ~[ozone-manager-1.3.0-SNAPSHOT.jar:?]
	at org.apache.hadoop.ozone.om.request.file.OMFileCreateRequest.validateAndUpdateCache(OMFileCreateRequest.java:240) ~[ozone-manager-1.3.0-SNAPSHOT.jar:?]
	at org.apache.hadoop.ozone.protocolPB.OzoneManagerRequestHandler.handleWriteRequest(OzoneManagerRequestHandler.java:304) ~[ozone-manager-1.3.0-SNAPSHOT.jar:?]
	at org.apache.hadoop.ozone.protocolPB.OzoneManagerProtocolServerSideTranslatorPB.submitRequestDirectlyToOM(OzoneManagerProtocolServerSideTranslatorPB.java:282) ~[ozone-manager-1.3.0-SNAPSHOT.jar:?]
	at org.apache.hadoop.ozone.protocolPB.OzoneManagerProtocolServerSideTranslatorPB.processRequest(OzoneManagerProtocolServerSideTranslatorPB.java:205) ~[ozone-manager-1.3.0-SNAPSHOT.jar:?]
	at org.apache.hadoop.hdds.server.OzoneProtocolMessageDispatcher.processRequest(OzoneProtocolMessageDispatcher.java:87) [hdds-server-framework-1.3.0-SNAPSHOT.jar:?]
	at org.apache.hadoop.ozone.protocolPB.OzoneManagerProtocolServerSideTranslatorPB.submitRequest(OzoneManagerProtocolServerSideTranslatorPB.java:147) [ozone-manager-1.3.0-SNAPSHOT.jar:?]
	at org.apache.hadoop.ozone.protocol.proto.OzoneManagerProtocolProtos$OzoneManagerService$2.callBlockingMethod(OzoneManagerProtocolProtos.java) [ozone-interface-client-1.3.0-SNAPSHOT.jar:?]
	at org.apache.hadoop.ipc.ProtobufRpcEngine$Server.processCall(ProtobufRpcEngine.java:466) [hadoop-common-3.3.1.jar:?]
	at org.apache.hadoop.ipc.ProtobufRpcEngine2$Server$ProtoBufRpcInvoker.call(ProtobufRpcEngine2.java:574) [hadoop-common-3.3.1.jar:?]
	at org.apache.hadoop.ipc.ProtobufRpcEngine2$Server$ProtoBufRpcInvoker.call(ProtobufRpcEngine2.java:552) [hadoop-common-3.3.1.jar:?]
	at org.apache.hadoop.ipc.RPC$Server.call(RPC.java:1093) [hadoop-common-3.3.1.jar:?]
	at org.apache.hadoop.ipc.Server$RpcCall.run(Server.java:1035) [hadoop-common-3.3.1.jar:?]
	at org.apache.hadoop.ipc.Server$RpcCall.run(Server.java:963) [hadoop-common-3.3.1.jar:?]
	at java.security.AccessController.doPrivileged(Native Method) ~[?:1.8.0_345]
	at javax.security.auth.Subject.doAs(Subject.java:422) [?:1.8.0_345]
	at org.apache.hadoop.security.UserGroupInformation.doAs(UserGroupInformation.java:1878) [hadoop-common-3.3.1.jar:?]
	at org.apache.hadoop.ipc.Server$Handler.run(Server.java:2966) [hadoop-common-3.3.1.jar:?]
2022-09-28 15:53:45,111 [IPC Server handler 5 on default port 42319] ERROR file.OMFileCreateRequest (OMFileCreateRequest.java:validateAndUpdateCache(337)) - File create failed. Volume:volume00149, Bucket:bucket04297, Keyd1/d2/d3.
NOT_A_FILE org.apache.hadoop.ozone.om.exceptions.OMException: Can not write to directory: d1/d2/d3
	at org.apache.hadoop.ozone.om.request.file.OMFileCreateRequest.checkDirectoryResult(OMFileCreateRequest.java:364)
	at org.apache.hadoop.ozone.om.request.file.OMFileCreateRequest.validateAndUpdateCache(OMFileCreateRequest.java:240)
	at org.apache.hadoop.ozone.protocolPB.OzoneManagerRequestHandler.handleWriteRequest(OzoneManagerRequestHandler.java:304)
	at org.apache.hadoop.ozone.protocolPB.OzoneManagerProtocolServerSideTranslatorPB.submitRequestDirectlyToOM(OzoneManagerProtocolServerSideTranslatorPB.java:282)
	at org.apache.hadoop.ozone.protocolPB.OzoneManagerProtocolServerSideTranslatorPB.processRequest(OzoneManagerProtocolServerSideTranslatorPB.java:205)
	at org.apache.hadoop.hdds.server.OzoneProtocolMessageDispatcher.processRequest(OzoneProtocolMessageDispatcher.java:87)
	at org.apache.hadoop.ozone.protocolPB.OzoneManagerProtocolServerSideTranslatorPB.submitRequest(OzoneManagerProtocolServerSideTranslatorPB.java:147)
	at org.apache.hadoop.ozone.protocol.proto.OzoneManagerProtocolProtos$OzoneManagerService$2.callBlockingMethod(OzoneManagerProtocolProtos.java)
	at org.apache.hadoop.ipc.ProtobufRpcEngine$Server.processCall(ProtobufRpcEngine.java:466)
	at org.apache.hadoop.ipc.ProtobufRpcEngine2$Server$ProtoBufRpcInvoker.call(ProtobufRpcEngine2.java:574)
	at org.apache.hadoop.ipc.ProtobufRpcEngine2$Server$ProtoBufRpcInvoker.call(ProtobufRpcEngine2.java:552)
	at org.apache.hadoop.ipc.RPC$Server.call(RPC.java:1093)
	at org.apache.hadoop.ipc.Server$RpcCall.run(Server.java:1035)
	at org.apache.hadoop.ipc.Server$RpcCall.run(Server.java:963)
	at java.security.AccessController.doPrivileged(Native Method)
	at javax.security.auth.Subject.doAs(Subject.java:422)
	at org.apache.hadoop.security.UserGroupInformation.doAs(UserGroupInformation.java:1878)
	at org.apache.hadoop.ipc.Server$Handler.run(Server.java:2966)
15:53:45.114 [IPC Server handler 2 on default port 42319] ERROR OMAudit - user=runner | ip=127.0.0.1 | op=GET_FILE_STATUS {volume=volume00149, bucket=bucket04297, key=d1/d2/d3/d4/key3/invalid, dataSize=0, replicationConfig=null} | ret=FAILURE
org.apache.hadoop.ozone.om.exceptions.OMException: Unable to get file status: volume: volume00149 bucket: bucket04297 key: d1/d2/d3/d4/key3/invalid
	at org.apache.hadoop.ozone.om.KeyManagerImpl.getOzoneFileStatus(KeyManagerImpl.java:1324) ~[ozone-manager-1.3.0-SNAPSHOT.jar:?]
	at org.apache.hadoop.ozone.om.KeyManagerImpl.getFileStatus(KeyManagerImpl.java:1254) ~[ozone-manager-1.3.0-SNAPSHOT.jar:?]
	at org.apache.hadoop.ozone.om.OzoneManager.getFileStatus(OzoneManager.java:3506) ~[ozone-manager-1.3.0-SNAPSHOT.jar:?]
	at org.apache.hadoop.ozone.protocolPB.OzoneManagerRequestHandler.getOzoneFileStatus(OzoneManagerRequestHandler.java:882) ~[ozone-manager-1.3.0-SNAPSHOT.jar:?]
	at org.apache.hadoop.ozone.protocolPB.OzoneManagerRequestHandler.handleReadRequest(OzoneManagerRequestHandler.java:228) ~[ozone-manager-1.3.0-SNAPSHOT.jar:?]
	at org.apache.hadoop.ozone.protocolPB.OzoneManagerProtocolServerSideTranslatorPB.submitRequestDirectlyToOM(OzoneManagerProtocolServerSideTranslatorPB.java:276) ~[ozone-manager-1.3.0-SNAPSHOT.jar:?]
	at org.apache.hadoop.ozone.protocolPB.OzoneManagerProtocolServerSideTranslatorPB.processRequest(OzoneManagerProtocolServerSideTranslatorPB.java:205) ~[ozone-manager-1.3.0-SNAPSHOT.jar:?]
	at org.apache.hadoop.hdds.server.OzoneProtocolMessageDispatcher.processRequest(OzoneProtocolMessageDispatcher.java:87) [hdds-server-framework-1.3.0-SNAPSHOT.jar:?]
	at org.apache.hadoop.ozone.protocolPB.OzoneManagerProtocolServerSideTranslatorPB.submitRequest(OzoneManagerProtocolServerSideTranslatorPB.java:147) [ozone-manager-1.3.0-SNAPSHOT.jar:?]
	at org.apache.hadoop.ozone.protocol.proto.OzoneManagerProtocolProtos$OzoneManagerService$2.callBlockingMethod(OzoneManagerProtocolProtos.java) [ozone-interface-client-1.3.0-SNAPSHOT.jar:?]
	at org.apache.hadoop.ipc.ProtobufRpcEngine$Server.processCall(ProtobufRpcEngine.java:466) [hadoop-common-3.3.1.jar:?]
	at org.apache.hadoop.ipc.ProtobufRpcEngine2$Server$ProtoBufRpcInvoker.call(ProtobufRpcEngine2.java:574) [hadoop-common-3.3.1.jar:?]
	at org.apache.hadoop.ipc.ProtobufRpcEngine2$Server$ProtoBufRpcInvoker.call(ProtobufRpcEngine2.java:552) [hadoop-common-3.3.1.jar:?]
	at org.apache.hadoop.ipc.RPC$Server.call(RPC.java:1093) [hadoop-common-3.3.1.jar:?]
	at org.apache.hadoop.ipc.Server$RpcCall.run(Server.java:1035) [hadoop-common-3.3.1.jar:?]
	at org.apache.hadoop.ipc.Server$RpcCall.run(Server.java:963) [hadoop-common-3.3.1.jar:?]
	at java.security.AccessController.doPrivileged(Native Method) ~[?:1.8.0_345]
	at javax.security.auth.Subject.doAs(Subject.java:422) [?:1.8.0_345]
	at org.apache.hadoop.security.UserGroupInformation.doAs(UserGroupInformation.java:1878) [hadoop-common-3.3.1.jar:?]
	at org.apache.hadoop.ipc.Server$Handler.run(Server.java:2966) [hadoop-common-3.3.1.jar:?]
2022-09-28 15:53:45,114 [Time-limited test] WARN  ozone.BasicOzoneFileSystem (BasicOzoneFileSystem.java:getFileStatus(765)) - GetFileStatus failed for path /d1/d2/d3/d4/key3/invalid
java.io.FileNotFoundException: d1/d2/d3/d4/key3/invalid: No such file or directory!
	at org.apache.hadoop.fs.ozone.BasicOzoneClientAdapterImpl.getFileStatus(BasicOzoneClientAdapterImpl.java:369)
	at org.apache.hadoop.fs.ozone.BasicOzoneFileSystem.getFileStatus(BasicOzoneFileSystem.java:757)
	at org.apache.hadoop.fs.ozone.TestOzoneFileSystem.testCreateFileShouldCheckExistenceOfDirWithSameName(TestOzoneFileSystem.java:303)
	at sun.reflect.NativeMethodAccessorImpl.invoke0(Native Method)
	at sun.reflect.NativeMethodAccessorImpl.invoke(NativeMethodAccessorImpl.java:62)
	at sun.reflect.DelegatingMethodAccessorImpl.invoke(DelegatingMethodAccessorImpl.java:43)
	at java.lang.reflect.Method.invoke(Method.java:498)
	at org.junit.runners.model.FrameworkMethod$1.runReflectiveCall(FrameworkMethod.java:59)
	at org.junit.internal.runners.model.ReflectiveCallable.run(ReflectiveCallable.java:12)
	at org.junit.runners.model.FrameworkMethod.invokeExplosively(FrameworkMethod.java:56)
	at org.junit.internal.runners.statements.InvokeMethod.evaluate(InvokeMethod.java:17)
	at org.junit.internal.runners.statements.RunAfters.evaluate(RunAfters.java:27)
	at org.junit.internal.runners.statements.FailOnTimeout$CallableStatement.call(FailOnTimeout.java:288)
	at org.junit.internal.runners.statements.FailOnTimeout$CallableStatement.call(FailOnTimeout.java:282)
	at java.util.concurrent.FutureTask.run(FutureTask.java:266)
	at java.lang.Thread.run(Thread.java:750)
15:53:45.115 [IPC Server handler 19 on default port 42319] ERROR OMAudit - user=runner | ip=127.0.0.1 | op=GET_FILE_STATUS {volume=volume00149, bucket=bucket04297, key=d1/d2/d3/d4/invalidkey, dataSize=0, replicationConfig=null} | ret=FAILURE
org.apache.hadoop.ozone.om.exceptions.OMException: Unable to get file status: volume: volume00149 bucket: bucket04297 key: d1/d2/d3/d4/invalidkey
	at org.apache.hadoop.ozone.om.KeyManagerImpl.getOzoneFileStatus(KeyManagerImpl.java:1324) ~[ozone-manager-1.3.0-SNAPSHOT.jar:?]
	at org.apache.hadoop.ozone.om.KeyManagerImpl.getFileStatus(KeyManagerImpl.java:1254) ~[ozone-manager-1.3.0-SNAPSHOT.jar:?]
	at org.apache.hadoop.ozone.om.OzoneManager.getFileStatus(OzoneManager.java:3506) ~[ozone-manager-1.3.0-SNAPSHOT.jar:?]
	at org.apache.hadoop.ozone.protocolPB.OzoneManagerRequestHandler.getOzoneFileStatus(OzoneManagerRequestHandler.java:882) ~[ozone-manager-1.3.0-SNAPSHOT.jar:?]
	at org.apache.hadoop.ozone.protocolPB.OzoneManagerRequestHandler.handleReadRequest(OzoneManagerRequestHandler.java:228) ~[ozone-manager-1.3.0-SNAPSHOT.jar:?]
	at org.apache.hadoop.ozone.protocolPB.OzoneManagerProtocolServerSideTranslatorPB.submitRequestDirectlyToOM(OzoneManagerProtocolServerSideTranslatorPB.java:276) ~[ozone-manager-1.3.0-SNAPSHOT.jar:?]
	at org.apache.hadoop.ozone.protocolPB.OzoneManagerProtocolServerSideTranslatorPB.processRequest(OzoneManagerProtocolServerSideTranslatorPB.java:205) ~[ozone-manager-1.3.0-SNAPSHOT.jar:?]
	at org.apache.hadoop.hdds.server.OzoneProtocolMessageDispatcher.processRequest(OzoneProtocolMessageDispatcher.java:87) [hdds-server-framework-1.3.0-SNAPSHOT.jar:?]
	at org.apache.hadoop.ozone.protocolPB.OzoneManagerProtocolServerSideTranslatorPB.submitRequest(OzoneManagerProtocolServerSideTranslatorPB.java:147) [ozone-manager-1.3.0-SNAPSHOT.jar:?]
	at org.apache.hadoop.ozone.protocol.proto.OzoneManagerProtocolProtos$OzoneManagerService$2.callBlockingMethod(OzoneManagerProtocolProtos.java) [ozone-interface-client-1.3.0-SNAPSHOT.jar:?]
	at org.apache.hadoop.ipc.ProtobufRpcEngine$Server.processCall(ProtobufRpcEngine.java:466) [hadoop-common-3.3.1.jar:?]
	at org.apache.hadoop.ipc.ProtobufRpcEngine2$Server$ProtoBufRpcInvoker.call(ProtobufRpcEngine2.java:574) [hadoop-common-3.3.1.jar:?]
	at org.apache.hadoop.ipc.ProtobufRpcEngine2$Server$ProtoBufRpcInvoker.call(ProtobufRpcEngine2.java:552) [hadoop-common-3.3.1.jar:?]
	at org.apache.hadoop.ipc.RPC$Server.call(RPC.java:1093) [hadoop-common-3.3.1.jar:?]
	at org.apache.hadoop.ipc.Server$RpcCall.run(Server.java:1035) [hadoop-common-3.3.1.jar:?]
	at org.apache.hadoop.ipc.Server$RpcCall.run(Server.java:963) [hadoop-common-3.3.1.jar:?]
	at java.security.AccessController.doPrivileged(Native Method) ~[?:1.8.0_345]
	at javax.security.auth.Subject.doAs(Subject.java:422) [?:1.8.0_345]
	at org.apache.hadoop.security.UserGroupInformation.doAs(UserGroupInformation.java:1878) [hadoop-common-3.3.1.jar:?]
	at org.apache.hadoop.ipc.Server$Handler.run(Server.java:2966) [hadoop-common-3.3.1.jar:?]
2022-09-28 15:53:45,115 [Time-limited test] WARN  ozone.BasicOzoneFileSystem (BasicOzoneFileSystem.java:getFileStatus(765)) - GetFileStatus failed for path /d1/d2/d3/d4/invalidkey
java.io.FileNotFoundException: d1/d2/d3/d4/invalidkey: No such file or directory!
	at org.apache.hadoop.fs.ozone.BasicOzoneClientAdapterImpl.getFileStatus(BasicOzoneClientAdapterImpl.java:369)
	at org.apache.hadoop.fs.ozone.BasicOzoneFileSystem.getFileStatus(BasicOzoneFileSystem.java:757)
	at org.apache.hadoop.fs.ozone.TestOzoneFileSystem.testCreateFileShouldCheckExistenceOfDirWithSameName(TestOzoneFileSystem.java:310)
	at sun.reflect.NativeMethodAccessorImpl.invoke0(Native Method)
	at sun.reflect.NativeMethodAccessorImpl.invoke(NativeMethodAccessorImpl.java:62)
	at sun.reflect.DelegatingMethodAccessorImpl.invoke(DelegatingMethodAccessorImpl.java:43)
	at java.lang.reflect.Method.invoke(Method.java:498)
	at org.junit.runners.model.FrameworkMethod$1.runReflectiveCall(FrameworkMethod.java:59)
	at org.junit.internal.runners.model.ReflectiveCallable.run(ReflectiveCallable.java:12)
	at org.junit.runners.model.FrameworkMethod.invokeExplosively(FrameworkMethod.java:56)
	at org.junit.internal.runners.statements.InvokeMethod.evaluate(InvokeMethod.java:17)
	at org.junit.internal.runners.statements.RunAfters.evaluate(RunAfters.java:27)
	at org.junit.internal.runners.statements.FailOnTimeout$CallableStatement.call(FailOnTimeout.java:288)
	at org.junit.internal.runners.statements.FailOnTimeout$CallableStatement.call(FailOnTimeout.java:282)
	at java.util.concurrent.FutureTask.run(FutureTask.java:266)
	at java.lang.Thread.run(Thread.java:750)
]]></system-out>
  </testcase>
  <testcase name="testCreateFileShouldCheckExistenceOfDirWithSameName" classname="TestOzoneFileSystem" time="0.063">
    <system-out><![CDATA[15:55:10.741 [OM StateMachine ApplyTransaction Thread - 0] ERROR OMAudit - user=runner | ip=127.0.0.1 | op=CREATE_FILE {volume=volume14467, bucket=bucket64159, key=d1/d2/d3/d4/key2, dataSize=4194304, replicationType=RATIS, replicationFactor=THREE} | ret=FAILURE
org.apache.hadoop.ozone.om.exceptions.OMException: Can not write to directory: d1/d2/d3/d4/key2
	at org.apache.hadoop.ozone.om.request.file.OMFileCreateRequest.checkDirectoryResult(OMFileCreateRequest.java:364) ~[ozone-manager-1.3.0-SNAPSHOT.jar:?]
	at org.apache.hadoop.ozone.om.request.file.OMFileCreateRequest.validateAndUpdateCache(OMFileCreateRequest.java:240) ~[ozone-manager-1.3.0-SNAPSHOT.jar:?]
	at org.apache.hadoop.ozone.protocolPB.OzoneManagerRequestHandler.handleWriteRequest(OzoneManagerRequestHandler.java:304) ~[ozone-manager-1.3.0-SNAPSHOT.jar:?]
	at org.apache.hadoop.ozone.om.ratis.OzoneManagerStateMachine.runCommand(OzoneManagerStateMachine.java:529) ~[ozone-manager-1.3.0-SNAPSHOT.jar:?]
	at org.apache.hadoop.ozone.om.ratis.OzoneManagerStateMachine.lambda$1(OzoneManagerStateMachine.java:324) ~[ozone-manager-1.3.0-SNAPSHOT.jar:?]
	at java.util.concurrent.CompletableFuture$AsyncSupply.run(CompletableFuture.java:1604) [?:1.8.0_345]
	at java.util.concurrent.ThreadPoolExecutor.runWorker(ThreadPoolExecutor.java:1149) [?:1.8.0_345]
	at java.util.concurrent.ThreadPoolExecutor$Worker.run(ThreadPoolExecutor.java:624) [?:1.8.0_345]
	at java.lang.Thread.run(Thread.java:750) [?:1.8.0_345]
2022-09-28 15:55:10,741 [OM StateMachine ApplyTransaction Thread - 0] ERROR file.OMFileCreateRequest (OMFileCreateRequest.java:validateAndUpdateCache(337)) - File create failed. Volume:volume14467, Bucket:bucket64159, Keyd1/d2/d3/d4/key2.
NOT_A_FILE org.apache.hadoop.ozone.om.exceptions.OMException: Can not write to directory: d1/d2/d3/d4/key2
	at org.apache.hadoop.ozone.om.request.file.OMFileCreateRequest.checkDirectoryResult(OMFileCreateRequest.java:364)
	at org.apache.hadoop.ozone.om.request.file.OMFileCreateRequest.validateAndUpdateCache(OMFileCreateRequest.java:240)
	at org.apache.hadoop.ozone.protocolPB.OzoneManagerRequestHandler.handleWriteRequest(OzoneManagerRequestHandler.java:304)
	at org.apache.hadoop.ozone.om.ratis.OzoneManagerStateMachine.runCommand(OzoneManagerStateMachine.java:529)
	at org.apache.hadoop.ozone.om.ratis.OzoneManagerStateMachine.lambda$1(OzoneManagerStateMachine.java:324)
	at java.util.concurrent.CompletableFuture$AsyncSupply.run(CompletableFuture.java:1604)
	at java.util.concurrent.ThreadPoolExecutor.runWorker(ThreadPoolExecutor.java:1149)
	at java.util.concurrent.ThreadPoolExecutor$Worker.run(ThreadPoolExecutor.java:624)
	at java.lang.Thread.run(Thread.java:750)
15:55:10.752 [OM StateMachine ApplyTransaction Thread - 0] ERROR OMAudit - user=runner | ip=127.0.0.1 | op=CREATE_DIRECTORY {volume=volume14467, bucket=bucket64159, key=d1/d2/d3/d4/key3, dataSize=0, replicationType=NONE, replicationFactor=ZERO} | ret=FAILURE
org.apache.hadoop.ozone.om.exceptions.OMException: Unable to create directory: d1/d2/d3/d4/key3 in volume/bucket: volume14467/bucket64159
	at org.apache.hadoop.ozone.om.request.file.OMDirectoryCreateRequest.validateAndUpdateCache(OMDirectoryCreateRequest.java:198) ~[ozone-manager-1.3.0-SNAPSHOT.jar:?]
	at org.apache.hadoop.ozone.protocolPB.OzoneManagerRequestHandler.handleWriteRequest(OzoneManagerRequestHandler.java:304) ~[ozone-manager-1.3.0-SNAPSHOT.jar:?]
	at org.apache.hadoop.ozone.om.ratis.OzoneManagerStateMachine.runCommand(OzoneManagerStateMachine.java:529) ~[ozone-manager-1.3.0-SNAPSHOT.jar:?]
	at org.apache.hadoop.ozone.om.ratis.OzoneManagerStateMachine.lambda$1(OzoneManagerStateMachine.java:324) ~[ozone-manager-1.3.0-SNAPSHOT.jar:?]
	at java.util.concurrent.CompletableFuture$AsyncSupply.run(CompletableFuture.java:1604) [?:1.8.0_345]
	at java.util.concurrent.ThreadPoolExecutor.runWorker(ThreadPoolExecutor.java:1149) [?:1.8.0_345]
	at java.util.concurrent.ThreadPoolExecutor$Worker.run(ThreadPoolExecutor.java:624) [?:1.8.0_345]
	at java.lang.Thread.run(Thread.java:750) [?:1.8.0_345]
2022-09-28 15:55:10,752 [OM StateMachine ApplyTransaction Thread - 0] ERROR file.OMDirectoryCreateRequest (OMDirectoryCreateRequest.java:logResult(331)) - Directory creation failed. Volume:volume14467, Bucket:bucket64159, Keyd1/d2/d3/d4/key3. Exception:{}
FILE_ALREADY_EXISTS org.apache.hadoop.ozone.om.exceptions.OMException: Unable to create directory: d1/d2/d3/d4/key3 in volume/bucket: volume14467/bucket64159
	at org.apache.hadoop.ozone.om.request.file.OMDirectoryCreateRequest.validateAndUpdateCache(OMDirectoryCreateRequest.java:198)
	at org.apache.hadoop.ozone.protocolPB.OzoneManagerRequestHandler.handleWriteRequest(OzoneManagerRequestHandler.java:304)
	at org.apache.hadoop.ozone.om.ratis.OzoneManagerStateMachine.runCommand(OzoneManagerStateMachine.java:529)
	at org.apache.hadoop.ozone.om.ratis.OzoneManagerStateMachine.lambda$1(OzoneManagerStateMachine.java:324)
	at java.util.concurrent.CompletableFuture$AsyncSupply.run(CompletableFuture.java:1604)
	at java.util.concurrent.ThreadPoolExecutor.runWorker(ThreadPoolExecutor.java:1149)
	at java.util.concurrent.ThreadPoolExecutor$Worker.run(ThreadPoolExecutor.java:624)
	at java.lang.Thread.run(Thread.java:750)
15:55:10.755 [OM StateMachine ApplyTransaction Thread - 0] ERROR OMAudit - user=runner | ip=127.0.0.1 | op=CREATE_FILE {volume=volume14467, bucket=bucket64159, key=d1/d2/d3, dataSize=4194304, replicationType=RATIS, replicationFactor=THREE} | ret=FAILURE
org.apache.hadoop.ozone.om.exceptions.OMException: Can not write to directory: d1/d2/d3
	at org.apache.hadoop.ozone.om.request.file.OMFileCreateRequest.checkDirectoryResult(OMFileCreateRequest.java:364) ~[ozone-manager-1.3.0-SNAPSHOT.jar:?]
	at org.apache.hadoop.ozone.om.request.file.OMFileCreateRequest.validateAndUpdateCache(OMFileCreateRequest.java:240) ~[ozone-manager-1.3.0-SNAPSHOT.jar:?]
	at org.apache.hadoop.ozone.protocolPB.OzoneManagerRequestHandler.handleWriteRequest(OzoneManagerRequestHandler.java:304) ~[ozone-manager-1.3.0-SNAPSHOT.jar:?]
	at org.apache.hadoop.ozone.om.ratis.OzoneManagerStateMachine.runCommand(OzoneManagerStateMachine.java:529) ~[ozone-manager-1.3.0-SNAPSHOT.jar:?]
	at org.apache.hadoop.ozone.om.ratis.OzoneManagerStateMachine.lambda$1(OzoneManagerStateMachine.java:324) ~[ozone-manager-1.3.0-SNAPSHOT.jar:?]
	at java.util.concurrent.CompletableFuture$AsyncSupply.run(CompletableFuture.java:1604) [?:1.8.0_345]
	at java.util.concurrent.ThreadPoolExecutor.runWorker(ThreadPoolExecutor.java:1149) [?:1.8.0_345]
	at java.util.concurrent.ThreadPoolExecutor$Worker.run(ThreadPoolExecutor.java:624) [?:1.8.0_345]
	at java.lang.Thread.run(Thread.java:750) [?:1.8.0_345]
2022-09-28 15:55:10,755 [OM StateMachine ApplyTransaction Thread - 0] ERROR file.OMFileCreateRequest (OMFileCreateRequest.java:validateAndUpdateCache(337)) - File create failed. Volume:volume14467, Bucket:bucket64159, Keyd1/d2/d3.
NOT_A_FILE org.apache.hadoop.ozone.om.exceptions.OMException: Can not write to directory: d1/d2/d3
	at org.apache.hadoop.ozone.om.request.file.OMFileCreateRequest.checkDirectoryResult(OMFileCreateRequest.java:364)
	at org.apache.hadoop.ozone.om.request.file.OMFileCreateRequest.validateAndUpdateCache(OMFileCreateRequest.java:240)
	at org.apache.hadoop.ozone.protocolPB.OzoneManagerRequestHandler.handleWriteRequest(OzoneManagerRequestHandler.java:304)
	at org.apache.hadoop.ozone.om.ratis.OzoneManagerStateMachine.runCommand(OzoneManagerStateMachine.java:529)
	at org.apache.hadoop.ozone.om.ratis.OzoneManagerStateMachine.lambda$1(OzoneManagerStateMachine.java:324)
	at java.util.concurrent.CompletableFuture$AsyncSupply.run(CompletableFuture.java:1604)
	at java.util.concurrent.ThreadPoolExecutor.runWorker(ThreadPoolExecutor.java:1149)
	at java.util.concurrent.ThreadPoolExecutor$Worker.run(ThreadPoolExecutor.java:624)
	at java.lang.Thread.run(Thread.java:750)
15:55:10.756 [IPC Server handler 0 on default port 37257] ERROR OMAudit - user=runner | ip=127.0.0.1 | op=GET_FILE_STATUS {volume=volume14467, bucket=bucket64159, key=d1/d2/d3/d4/key3/invalid, dataSize=0, replicationConfig=null} | ret=FAILURE
org.apache.hadoop.ozone.om.exceptions.OMException: Unable to get file status: volume: volume14467 bucket: bucket64159 key: d1/d2/d3/d4/key3/invalid
	at org.apache.hadoop.ozone.om.KeyManagerImpl.getOzoneFileStatus(KeyManagerImpl.java:1324) ~[ozone-manager-1.3.0-SNAPSHOT.jar:?]
	at org.apache.hadoop.ozone.om.KeyManagerImpl.getFileStatus(KeyManagerImpl.java:1254) ~[ozone-manager-1.3.0-SNAPSHOT.jar:?]
	at org.apache.hadoop.ozone.om.OzoneManager.getFileStatus(OzoneManager.java:3506) ~[ozone-manager-1.3.0-SNAPSHOT.jar:?]
	at org.apache.hadoop.ozone.protocolPB.OzoneManagerRequestHandler.getOzoneFileStatus(OzoneManagerRequestHandler.java:882) ~[ozone-manager-1.3.0-SNAPSHOT.jar:?]
	at org.apache.hadoop.ozone.protocolPB.OzoneManagerRequestHandler.handleReadRequest(OzoneManagerRequestHandler.java:228) ~[ozone-manager-1.3.0-SNAPSHOT.jar:?]
	at org.apache.hadoop.ozone.protocolPB.OzoneManagerProtocolServerSideTranslatorPB.submitReadRequestToOM(OzoneManagerProtocolServerSideTranslatorPB.java:226) ~[ozone-manager-1.3.0-SNAPSHOT.jar:?]
	at org.apache.hadoop.ozone.protocolPB.OzoneManagerProtocolServerSideTranslatorPB.processRequest(OzoneManagerProtocolServerSideTranslatorPB.java:175) ~[ozone-manager-1.3.0-SNAPSHOT.jar:?]
	at org.apache.hadoop.hdds.server.OzoneProtocolMessageDispatcher.processRequest(OzoneProtocolMessageDispatcher.java:87) [hdds-server-framework-1.3.0-SNAPSHOT.jar:?]
	at org.apache.hadoop.ozone.protocolPB.OzoneManagerProtocolServerSideTranslatorPB.submitRequest(OzoneManagerProtocolServerSideTranslatorPB.java:147) [ozone-manager-1.3.0-SNAPSHOT.jar:?]
	at org.apache.hadoop.ozone.protocol.proto.OzoneManagerProtocolProtos$OzoneManagerService$2.callBlockingMethod(OzoneManagerProtocolProtos.java) [ozone-interface-client-1.3.0-SNAPSHOT.jar:?]
	at org.apache.hadoop.ipc.ProtobufRpcEngine$Server.processCall(ProtobufRpcEngine.java:466) [hadoop-common-3.3.1.jar:?]
	at org.apache.hadoop.ipc.ProtobufRpcEngine2$Server$ProtoBufRpcInvoker.call(ProtobufRpcEngine2.java:574) [hadoop-common-3.3.1.jar:?]
	at org.apache.hadoop.ipc.ProtobufRpcEngine2$Server$ProtoBufRpcInvoker.call(ProtobufRpcEngine2.java:552) [hadoop-common-3.3.1.jar:?]
	at org.apache.hadoop.ipc.RPC$Server.call(RPC.java:1093) [hadoop-common-3.3.1.jar:?]
	at org.apache.hadoop.ipc.Server$RpcCall.run(Server.java:1035) [hadoop-common-3.3.1.jar:?]
	at org.apache.hadoop.ipc.Server$RpcCall.run(Server.java:963) [hadoop-common-3.3.1.jar:?]
	at java.security.AccessController.doPrivileged(Native Method) ~[?:1.8.0_345]
	at javax.security.auth.Subject.doAs(Subject.java:422) [?:1.8.0_345]
	at org.apache.hadoop.security.UserGroupInformation.doAs(UserGroupInformation.java:1878) [hadoop-common-3.3.1.jar:?]
	at org.apache.hadoop.ipc.Server$Handler.run(Server.java:2966) [hadoop-common-3.3.1.jar:?]
2022-09-28 15:55:10,756 [Time-limited test] WARN  ozone.BasicOzoneFileSystem (BasicOzoneFileSystem.java:getFileStatus(765)) - GetFileStatus failed for path /d1/d2/d3/d4/key3/invalid
java.io.FileNotFoundException: d1/d2/d3/d4/key3/invalid: No such file or directory!
	at org.apache.hadoop.fs.ozone.BasicOzoneClientAdapterImpl.getFileStatus(BasicOzoneClientAdapterImpl.java:369)
	at org.apache.hadoop.fs.ozone.BasicOzoneFileSystem.getFileStatus(BasicOzoneFileSystem.java:757)
	at org.apache.hadoop.fs.ozone.TestOzoneFileSystem.testCreateFileShouldCheckExistenceOfDirWithSameName(TestOzoneFileSystem.java:303)
	at sun.reflect.NativeMethodAccessorImpl.invoke0(Native Method)
	at sun.reflect.NativeMethodAccessorImpl.invoke(NativeMethodAccessorImpl.java:62)
	at sun.reflect.DelegatingMethodAccessorImpl.invoke(DelegatingMethodAccessorImpl.java:43)
	at java.lang.reflect.Method.invoke(Method.java:498)
	at org.junit.runners.model.FrameworkMethod$1.runReflectiveCall(FrameworkMethod.java:59)
	at org.junit.internal.runners.model.ReflectiveCallable.run(ReflectiveCallable.java:12)
	at org.junit.runners.model.FrameworkMethod.invokeExplosively(FrameworkMethod.java:56)
	at org.junit.internal.runners.statements.InvokeMethod.evaluate(InvokeMethod.java:17)
	at org.junit.internal.runners.statements.RunAfters.evaluate(RunAfters.java:27)
	at org.junit.internal.runners.statements.FailOnTimeout$CallableStatement.call(FailOnTimeout.java:288)
	at org.junit.internal.runners.statements.FailOnTimeout$CallableStatement.call(FailOnTimeout.java:282)
	at java.util.concurrent.FutureTask.run(FutureTask.java:266)
	at java.lang.Thread.run(Thread.java:750)
15:55:10.757 [IPC Server handler 7 on default port 37257] ERROR OMAudit - user=runner | ip=127.0.0.1 | op=GET_FILE_STATUS {volume=volume14467, bucket=bucket64159, key=d1/d2/d3/d4/invalidkey, dataSize=0, replicationConfig=null} | ret=FAILURE
org.apache.hadoop.ozone.om.exceptions.OMException: Unable to get file status: volume: volume14467 bucket: bucket64159 key: d1/d2/d3/d4/invalidkey
	at org.apache.hadoop.ozone.om.KeyManagerImpl.getOzoneFileStatus(KeyManagerImpl.java:1324) ~[ozone-manager-1.3.0-SNAPSHOT.jar:?]
	at org.apache.hadoop.ozone.om.KeyManagerImpl.getFileStatus(KeyManagerImpl.java:1254) ~[ozone-manager-1.3.0-SNAPSHOT.jar:?]
	at org.apache.hadoop.ozone.om.OzoneManager.getFileStatus(OzoneManager.java:3506) ~[ozone-manager-1.3.0-SNAPSHOT.jar:?]
	at org.apache.hadoop.ozone.protocolPB.OzoneManagerRequestHandler.getOzoneFileStatus(OzoneManagerRequestHandler.java:882) ~[ozone-manager-1.3.0-SNAPSHOT.jar:?]
	at org.apache.hadoop.ozone.protocolPB.OzoneManagerRequestHandler.handleReadRequest(OzoneManagerRequestHandler.java:228) ~[ozone-manager-1.3.0-SNAPSHOT.jar:?]
	at org.apache.hadoop.ozone.protocolPB.OzoneManagerProtocolServerSideTranslatorPB.submitReadRequestToOM(OzoneManagerProtocolServerSideTranslatorPB.java:226) ~[ozone-manager-1.3.0-SNAPSHOT.jar:?]
	at org.apache.hadoop.ozone.protocolPB.OzoneManagerProtocolServerSideTranslatorPB.processRequest(OzoneManagerProtocolServerSideTranslatorPB.java:175) ~[ozone-manager-1.3.0-SNAPSHOT.jar:?]
	at org.apache.hadoop.hdds.server.OzoneProtocolMessageDispatcher.processRequest(OzoneProtocolMessageDispatcher.java:87) [hdds-server-framework-1.3.0-SNAPSHOT.jar:?]
	at org.apache.hadoop.ozone.protocolPB.OzoneManagerProtocolServerSideTranslatorPB.submitRequest(OzoneManagerProtocolServerSideTranslatorPB.java:147) [ozone-manager-1.3.0-SNAPSHOT.jar:?]
	at org.apache.hadoop.ozone.protocol.proto.OzoneManagerProtocolProtos$OzoneManagerService$2.callBlockingMethod(OzoneManagerProtocolProtos.java) [ozone-interface-client-1.3.0-SNAPSHOT.jar:?]
	at org.apache.hadoop.ipc.ProtobufRpcEngine$Server.processCall(ProtobufRpcEngine.java:466) [hadoop-common-3.3.1.jar:?]
	at org.apache.hadoop.ipc.ProtobufRpcEngine2$Server$ProtoBufRpcInvoker.call(ProtobufRpcEngine2.java:574) [hadoop-common-3.3.1.jar:?]
	at org.apache.hadoop.ipc.ProtobufRpcEngine2$Server$ProtoBufRpcInvoker.call(ProtobufRpcEngine2.java:552) [hadoop-common-3.3.1.jar:?]
	at org.apache.hadoop.ipc.RPC$Server.call(RPC.java:1093) [hadoop-common-3.3.1.jar:?]
	at org.apache.hadoop.ipc.Server$RpcCall.run(Server.java:1035) [hadoop-common-3.3.1.jar:?]
	at org.apache.hadoop.ipc.Server$RpcCall.run(Server.java:963) [hadoop-common-3.3.1.jar:?]
	at java.security.AccessController.doPrivileged(Native Method) ~[?:1.8.0_345]
	at javax.security.auth.Subject.doAs(Subject.java:422) [?:1.8.0_345]
	at org.apache.hadoop.security.UserGroupInformation.doAs(UserGroupInformation.java:1878) [hadoop-common-3.3.1.jar:?]
	at org.apache.hadoop.ipc.Server$Handler.run(Server.java:2966) [hadoop-common-3.3.1.jar:?]
2022-09-28 15:55:10,757 [Time-limited test] WARN  ozone.BasicOzoneFileSystem (BasicOzoneFileSystem.java:getFileStatus(765)) - GetFileStatus failed for path /d1/d2/d3/d4/invalidkey
java.io.FileNotFoundException: d1/d2/d3/d4/invalidkey: No such file or directory!
	at org.apache.hadoop.fs.ozone.BasicOzoneClientAdapterImpl.getFileStatus(BasicOzoneClientAdapterImpl.java:369)
	at org.apache.hadoop.fs.ozone.BasicOzoneFileSystem.getFileStatus(BasicOzoneFileSystem.java:757)
	at org.apache.hadoop.fs.ozone.TestOzoneFileSystem.testCreateFileShouldCheckExistenceOfDirWithSameName(TestOzoneFileSystem.java:310)
	at sun.reflect.NativeMethodAccessorImpl.invoke0(Native Method)
	at sun.reflect.NativeMethodAccessorImpl.invoke(NativeMethodAccessorImpl.java:62)
	at sun.reflect.DelegatingMethodAccessorImpl.invoke(DelegatingMethodAccessorImpl.java:43)
	at java.lang.reflect.Method.invoke(Method.java:498)
	at org.junit.runners.model.FrameworkMethod$1.runReflectiveCall(FrameworkMethod.java:59)
	at org.junit.internal.runners.model.ReflectiveCallable.run(ReflectiveCallable.java:12)
	at org.junit.runners.model.FrameworkMethod.invokeExplosively(FrameworkMethod.java:56)
	at org.junit.internal.runners.statements.InvokeMethod.evaluate(InvokeMethod.java:17)
	at org.junit.internal.runners.statements.RunAfters.evaluate(RunAfters.java:27)
	at org.junit.internal.runners.statements.FailOnTimeout$CallableStatement.call(FailOnTimeout.java:288)
	at org.junit.internal.runners.statements.FailOnTimeout$CallableStatement.call(FailOnTimeout.java:282)
	at java.util.concurrent.FutureTask.run(FutureTask.java:266)
	at java.lang.Thread.run(Thread.java:750)
]]></system-out>
  </testcase>
  <testcase name="testCreateFileShouldCheckExistenceOfDirWithSameName" classname="TestOzoneFileSystem" time="0.053">
    <system-out><![CDATA[15:57:03.344 [IPC Server handler 14 on default port 41537] ERROR OMAudit - user=runner | ip=127.0.0.1 | op=CREATE_FILE {volume=volume06113, bucket=bucket59830, key=d1/d2/d3/d4/key2, dataSize=4194304, replicationType=RATIS, replicationFactor=THREE} | ret=FAILURE
org.apache.hadoop.ozone.om.exceptions.OMException: Can not write to directory: d1/d2/d3/d4/key2
	at org.apache.hadoop.ozone.om.request.file.OMFileCreateRequest.checkDirectoryResult(OMFileCreateRequest.java:364) ~[ozone-manager-1.3.0-SNAPSHOT.jar:?]
	at org.apache.hadoop.ozone.om.request.file.OMFileCreateRequest.validateAndUpdateCache(OMFileCreateRequest.java:240) ~[ozone-manager-1.3.0-SNAPSHOT.jar:?]
	at org.apache.hadoop.ozone.protocolPB.OzoneManagerRequestHandler.handleWriteRequest(OzoneManagerRequestHandler.java:304) ~[ozone-manager-1.3.0-SNAPSHOT.jar:?]
	at org.apache.hadoop.ozone.protocolPB.OzoneManagerProtocolServerSideTranslatorPB.submitRequestDirectlyToOM(OzoneManagerProtocolServerSideTranslatorPB.java:282) ~[ozone-manager-1.3.0-SNAPSHOT.jar:?]
	at org.apache.hadoop.ozone.protocolPB.OzoneManagerProtocolServerSideTranslatorPB.processRequest(OzoneManagerProtocolServerSideTranslatorPB.java:205) ~[ozone-manager-1.3.0-SNAPSHOT.jar:?]
	at org.apache.hadoop.hdds.server.OzoneProtocolMessageDispatcher.processRequest(OzoneProtocolMessageDispatcher.java:87) [hdds-server-framework-1.3.0-SNAPSHOT.jar:?]
	at org.apache.hadoop.ozone.protocolPB.OzoneManagerProtocolServerSideTranslatorPB.submitRequest(OzoneManagerProtocolServerSideTranslatorPB.java:147) [ozone-manager-1.3.0-SNAPSHOT.jar:?]
	at org.apache.hadoop.ozone.protocol.proto.OzoneManagerProtocolProtos$OzoneManagerService$2.callBlockingMethod(OzoneManagerProtocolProtos.java) [ozone-interface-client-1.3.0-SNAPSHOT.jar:?]
	at org.apache.hadoop.ipc.ProtobufRpcEngine$Server.processCall(ProtobufRpcEngine.java:466) [hadoop-common-3.3.1.jar:?]
	at org.apache.hadoop.ipc.ProtobufRpcEngine2$Server$ProtoBufRpcInvoker.call(ProtobufRpcEngine2.java:574) [hadoop-common-3.3.1.jar:?]
	at org.apache.hadoop.ipc.ProtobufRpcEngine2$Server$ProtoBufRpcInvoker.call(ProtobufRpcEngine2.java:552) [hadoop-common-3.3.1.jar:?]
	at org.apache.hadoop.ipc.RPC$Server.call(RPC.java:1093) [hadoop-common-3.3.1.jar:?]
	at org.apache.hadoop.ipc.Server$RpcCall.run(Server.java:1035) [hadoop-common-3.3.1.jar:?]
	at org.apache.hadoop.ipc.Server$RpcCall.run(Server.java:963) [hadoop-common-3.3.1.jar:?]
	at java.security.AccessController.doPrivileged(Native Method) ~[?:1.8.0_345]
	at javax.security.auth.Subject.doAs(Subject.java:422) [?:1.8.0_345]
	at org.apache.hadoop.security.UserGroupInformation.doAs(UserGroupInformation.java:1878) [hadoop-common-3.3.1.jar:?]
	at org.apache.hadoop.ipc.Server$Handler.run(Server.java:2966) [hadoop-common-3.3.1.jar:?]
2022-09-28 15:57:03,344 [IPC Server handler 14 on default port 41537] ERROR file.OMFileCreateRequest (OMFileCreateRequest.java:validateAndUpdateCache(337)) - File create failed. Volume:volume06113, Bucket:bucket59830, Keyd1/d2/d3/d4/key2.
NOT_A_FILE org.apache.hadoop.ozone.om.exceptions.OMException: Can not write to directory: d1/d2/d3/d4/key2
	at org.apache.hadoop.ozone.om.request.file.OMFileCreateRequest.checkDirectoryResult(OMFileCreateRequest.java:364)
	at org.apache.hadoop.ozone.om.request.file.OMFileCreateRequest.validateAndUpdateCache(OMFileCreateRequest.java:240)
	at org.apache.hadoop.ozone.protocolPB.OzoneManagerRequestHandler.handleWriteRequest(OzoneManagerRequestHandler.java:304)
	at org.apache.hadoop.ozone.protocolPB.OzoneManagerProtocolServerSideTranslatorPB.submitRequestDirectlyToOM(OzoneManagerProtocolServerSideTranslatorPB.java:282)
	at org.apache.hadoop.ozone.protocolPB.OzoneManagerProtocolServerSideTranslatorPB.processRequest(OzoneManagerProtocolServerSideTranslatorPB.java:205)
	at org.apache.hadoop.hdds.server.OzoneProtocolMessageDispatcher.processRequest(OzoneProtocolMessageDispatcher.java:87)
	at org.apache.hadoop.ozone.protocolPB.OzoneManagerProtocolServerSideTranslatorPB.submitRequest(OzoneManagerProtocolServerSideTranslatorPB.java:147)
	at org.apache.hadoop.ozone.protocol.proto.OzoneManagerProtocolProtos$OzoneManagerService$2.callBlockingMethod(OzoneManagerProtocolProtos.java)
	at org.apache.hadoop.ipc.ProtobufRpcEngine$Server.processCall(ProtobufRpcEngine.java:466)
	at org.apache.hadoop.ipc.ProtobufRpcEngine2$Server$ProtoBufRpcInvoker.call(ProtobufRpcEngine2.java:574)
	at org.apache.hadoop.ipc.ProtobufRpcEngine2$Server$ProtoBufRpcInvoker.call(ProtobufRpcEngine2.java:552)
	at org.apache.hadoop.ipc.RPC$Server.call(RPC.java:1093)
	at org.apache.hadoop.ipc.Server$RpcCall.run(Server.java:1035)
	at org.apache.hadoop.ipc.Server$RpcCall.run(Server.java:963)
	at java.security.AccessController.doPrivileged(Native Method)
	at javax.security.auth.Subject.doAs(Subject.java:422)
	at org.apache.hadoop.security.UserGroupInformation.doAs(UserGroupInformation.java:1878)
	at org.apache.hadoop.ipc.Server$Handler.run(Server.java:2966)
15:57:03.354 [IPC Server handler 18 on default port 41537] ERROR OMAudit - user=runner | ip=127.0.0.1 | op=CREATE_DIRECTORY {volume=volume06113, bucket=bucket59830, key=d1/d2/d3/d4/key3, dataSize=0, replicationType=NONE, replicationFactor=ZERO} | ret=FAILURE
org.apache.hadoop.ozone.om.exceptions.OMException: Unable to create directory: d1/d2/d3/d4/key3 in volume/bucket: volume06113/bucket59830
	at org.apache.hadoop.ozone.om.request.file.OMDirectoryCreateRequest.validateAndUpdateCache(OMDirectoryCreateRequest.java:198) ~[ozone-manager-1.3.0-SNAPSHOT.jar:?]
	at org.apache.hadoop.ozone.protocolPB.OzoneManagerRequestHandler.handleWriteRequest(OzoneManagerRequestHandler.java:304) ~[ozone-manager-1.3.0-SNAPSHOT.jar:?]
	at org.apache.hadoop.ozone.protocolPB.OzoneManagerProtocolServerSideTranslatorPB.submitRequestDirectlyToOM(OzoneManagerProtocolServerSideTranslatorPB.java:282) ~[ozone-manager-1.3.0-SNAPSHOT.jar:?]
	at org.apache.hadoop.ozone.protocolPB.OzoneManagerProtocolServerSideTranslatorPB.processRequest(OzoneManagerProtocolServerSideTranslatorPB.java:205) ~[ozone-manager-1.3.0-SNAPSHOT.jar:?]
	at org.apache.hadoop.hdds.server.OzoneProtocolMessageDispatcher.processRequest(OzoneProtocolMessageDispatcher.java:87) [hdds-server-framework-1.3.0-SNAPSHOT.jar:?]
	at org.apache.hadoop.ozone.protocolPB.OzoneManagerProtocolServerSideTranslatorPB.submitRequest(OzoneManagerProtocolServerSideTranslatorPB.java:147) [ozone-manager-1.3.0-SNAPSHOT.jar:?]
	at org.apache.hadoop.ozone.protocol.proto.OzoneManagerProtocolProtos$OzoneManagerService$2.callBlockingMethod(OzoneManagerProtocolProtos.java) [ozone-interface-client-1.3.0-SNAPSHOT.jar:?]
	at org.apache.hadoop.ipc.ProtobufRpcEngine$Server.processCall(ProtobufRpcEngine.java:466) [hadoop-common-3.3.1.jar:?]
	at org.apache.hadoop.ipc.ProtobufRpcEngine2$Server$ProtoBufRpcInvoker.call(ProtobufRpcEngine2.java:574) [hadoop-common-3.3.1.jar:?]
	at org.apache.hadoop.ipc.ProtobufRpcEngine2$Server$ProtoBufRpcInvoker.call(ProtobufRpcEngine2.java:552) [hadoop-common-3.3.1.jar:?]
	at org.apache.hadoop.ipc.RPC$Server.call(RPC.java:1093) [hadoop-common-3.3.1.jar:?]
	at org.apache.hadoop.ipc.Server$RpcCall.run(Server.java:1035) [hadoop-common-3.3.1.jar:?]
	at org.apache.hadoop.ipc.Server$RpcCall.run(Server.java:963) [hadoop-common-3.3.1.jar:?]
	at java.security.AccessController.doPrivileged(Native Method) ~[?:1.8.0_345]
	at javax.security.auth.Subject.doAs(Subject.java:422) [?:1.8.0_345]
	at org.apache.hadoop.security.UserGroupInformation.doAs(UserGroupInformation.java:1878) [hadoop-common-3.3.1.jar:?]
	at org.apache.hadoop.ipc.Server$Handler.run(Server.java:2966) [hadoop-common-3.3.1.jar:?]
2022-09-28 15:57:03,354 [IPC Server handler 18 on default port 41537] ERROR file.OMDirectoryCreateRequest (OMDirectoryCreateRequest.java:logResult(331)) - Directory creation failed. Volume:volume06113, Bucket:bucket59830, Keyd1/d2/d3/d4/key3. Exception:{}
FILE_ALREADY_EXISTS org.apache.hadoop.ozone.om.exceptions.OMException: Unable to create directory: d1/d2/d3/d4/key3 in volume/bucket: volume06113/bucket59830
	at org.apache.hadoop.ozone.om.request.file.OMDirectoryCreateRequest.validateAndUpdateCache(OMDirectoryCreateRequest.java:198)
	at org.apache.hadoop.ozone.protocolPB.OzoneManagerRequestHandler.handleWriteRequest(OzoneManagerRequestHandler.java:304)
	at org.apache.hadoop.ozone.protocolPB.OzoneManagerProtocolServerSideTranslatorPB.submitRequestDirectlyToOM(OzoneManagerProtocolServerSideTranslatorPB.java:282)
	at org.apache.hadoop.ozone.protocolPB.OzoneManagerProtocolServerSideTranslatorPB.processRequest(OzoneManagerProtocolServerSideTranslatorPB.java:205)
	at org.apache.hadoop.hdds.server.OzoneProtocolMessageDispatcher.processRequest(OzoneProtocolMessageDispatcher.java:87)
	at org.apache.hadoop.ozone.protocolPB.OzoneManagerProtocolServerSideTranslatorPB.submitRequest(OzoneManagerProtocolServerSideTranslatorPB.java:147)
	at org.apache.hadoop.ozone.protocol.proto.OzoneManagerProtocolProtos$OzoneManagerService$2.callBlockingMethod(OzoneManagerProtocolProtos.java)
	at org.apache.hadoop.ipc.ProtobufRpcEngine$Server.processCall(ProtobufRpcEngine.java:466)
	at org.apache.hadoop.ipc.ProtobufRpcEngine2$Server$ProtoBufRpcInvoker.call(ProtobufRpcEngine2.java:574)
	at org.apache.hadoop.ipc.ProtobufRpcEngine2$Server$ProtoBufRpcInvoker.call(ProtobufRpcEngine2.java:552)
	at org.apache.hadoop.ipc.RPC$Server.call(RPC.java:1093)
	at org.apache.hadoop.ipc.Server$RpcCall.run(Server.java:1035)
	at org.apache.hadoop.ipc.Server$RpcCall.run(Server.java:963)
	at java.security.AccessController.doPrivileged(Native Method)
	at javax.security.auth.Subject.doAs(Subject.java:422)
	at org.apache.hadoop.security.UserGroupInformation.doAs(UserGroupInformation.java:1878)
	at org.apache.hadoop.ipc.Server$Handler.run(Server.java:2966)
15:57:03.363 [IPC Server handler 11 on default port 41537] ERROR OMAudit - user=runner | ip=127.0.0.1 | op=CREATE_FILE {volume=volume06113, bucket=bucket59830, key=d1/d2/d3, dataSize=4194304, replicationType=RATIS, replicationFactor=THREE} | ret=FAILURE
org.apache.hadoop.ozone.om.exceptions.OMException: Can not write to directory: d1/d2/d3
	at org.apache.hadoop.ozone.om.request.file.OMFileCreateRequest.checkDirectoryResult(OMFileCreateRequest.java:364) ~[ozone-manager-1.3.0-SNAPSHOT.jar:?]
	at org.apache.hadoop.ozone.om.request.file.OMFileCreateRequest.validateAndUpdateCache(OMFileCreateRequest.java:240) ~[ozone-manager-1.3.0-SNAPSHOT.jar:?]
	at org.apache.hadoop.ozone.protocolPB.OzoneManagerRequestHandler.handleWriteRequest(OzoneManagerRequestHandler.java:304) ~[ozone-manager-1.3.0-SNAPSHOT.jar:?]
	at org.apache.hadoop.ozone.protocolPB.OzoneManagerProtocolServerSideTranslatorPB.submitRequestDirectlyToOM(OzoneManagerProtocolServerSideTranslatorPB.java:282) ~[ozone-manager-1.3.0-SNAPSHOT.jar:?]
	at org.apache.hadoop.ozone.protocolPB.OzoneManagerProtocolServerSideTranslatorPB.processRequest(OzoneManagerProtocolServerSideTranslatorPB.java:205) ~[ozone-manager-1.3.0-SNAPSHOT.jar:?]
	at org.apache.hadoop.hdds.server.OzoneProtocolMessageDispatcher.processRequest(OzoneProtocolMessageDispatcher.java:87) [hdds-server-framework-1.3.0-SNAPSHOT.jar:?]
	at org.apache.hadoop.ozone.protocolPB.OzoneManagerProtocolServerSideTranslatorPB.submitRequest(OzoneManagerProtocolServerSideTranslatorPB.java:147) [ozone-manager-1.3.0-SNAPSHOT.jar:?]
	at org.apache.hadoop.ozone.protocol.proto.OzoneManagerProtocolProtos$OzoneManagerService$2.callBlockingMethod(OzoneManagerProtocolProtos.java) [ozone-interface-client-1.3.0-SNAPSHOT.jar:?]
	at org.apache.hadoop.ipc.ProtobufRpcEngine$Server.processCall(ProtobufRpcEngine.java:466) [hadoop-common-3.3.1.jar:?]
	at org.apache.hadoop.ipc.ProtobufRpcEngine2$Server$ProtoBufRpcInvoker.call(ProtobufRpcEngine2.java:574) [hadoop-common-3.3.1.jar:?]
	at org.apache.hadoop.ipc.ProtobufRpcEngine2$Server$ProtoBufRpcInvoker.call(ProtobufRpcEngine2.java:552) [hadoop-common-3.3.1.jar:?]
	at org.apache.hadoop.ipc.RPC$Server.call(RPC.java:1093) [hadoop-common-3.3.1.jar:?]
	at org.apache.hadoop.ipc.Server$RpcCall.run(Server.java:1035) [hadoop-common-3.3.1.jar:?]
	at org.apache.hadoop.ipc.Server$RpcCall.run(Server.java:963) [hadoop-common-3.3.1.jar:?]
	at java.security.AccessController.doPrivileged(Native Method) ~[?:1.8.0_345]
	at javax.security.auth.Subject.doAs(Subject.java:422) [?:1.8.0_345]
	at org.apache.hadoop.security.UserGroupInformation.doAs(UserGroupInformation.java:1878) [hadoop-common-3.3.1.jar:?]
	at org.apache.hadoop.ipc.Server$Handler.run(Server.java:2966) [hadoop-common-3.3.1.jar:?]
2022-09-28 15:57:03,364 [IPC Server handler 11 on default port 41537] ERROR file.OMFileCreateRequest (OMFileCreateRequest.java:validateAndUpdateCache(337)) - File create failed. Volume:volume06113, Bucket:bucket59830, Keyd1/d2/d3.
NOT_A_FILE org.apache.hadoop.ozone.om.exceptions.OMException: Can not write to directory: d1/d2/d3
	at org.apache.hadoop.ozone.om.request.file.OMFileCreateRequest.checkDirectoryResult(OMFileCreateRequest.java:364)
	at org.apache.hadoop.ozone.om.request.file.OMFileCreateRequest.validateAndUpdateCache(OMFileCreateRequest.java:240)
	at org.apache.hadoop.ozone.protocolPB.OzoneManagerRequestHandler.handleWriteRequest(OzoneManagerRequestHandler.java:304)
	at org.apache.hadoop.ozone.protocolPB.OzoneManagerProtocolServerSideTranslatorPB.submitRequestDirectlyToOM(OzoneManagerProtocolServerSideTranslatorPB.java:282)
	at org.apache.hadoop.ozone.protocolPB.OzoneManagerProtocolServerSideTranslatorPB.processRequest(OzoneManagerProtocolServerSideTranslatorPB.java:205)
	at org.apache.hadoop.hdds.server.OzoneProtocolMessageDispatcher.processRequest(OzoneProtocolMessageDispatcher.java:87)
	at org.apache.hadoop.ozone.protocolPB.OzoneManagerProtocolServerSideTranslatorPB.submitRequest(OzoneManagerProtocolServerSideTranslatorPB.java:147)
	at org.apache.hadoop.ozone.protocol.proto.OzoneManagerProtocolProtos$OzoneManagerService$2.callBlockingMethod(OzoneManagerProtocolProtos.java)
	at org.apache.hadoop.ipc.ProtobufRpcEngine$Server.processCall(ProtobufRpcEngine.java:466)
	at org.apache.hadoop.ipc.ProtobufRpcEngine2$Server$ProtoBufRpcInvoker.call(ProtobufRpcEngine2.java:574)
	at org.apache.hadoop.ipc.ProtobufRpcEngine2$Server$ProtoBufRpcInvoker.call(ProtobufRpcEngine2.java:552)
	at org.apache.hadoop.ipc.RPC$Server.call(RPC.java:1093)
	at org.apache.hadoop.ipc.Server$RpcCall.run(Server.java:1035)
	at org.apache.hadoop.ipc.Server$RpcCall.run(Server.java:963)
	at java.security.AccessController.doPrivileged(Native Method)
	at javax.security.auth.Subject.doAs(Subject.java:422)
	at org.apache.hadoop.security.UserGroupInformation.doAs(UserGroupInformation.java:1878)
	at org.apache.hadoop.ipc.Server$Handler.run(Server.java:2966)
15:57:03.365 [IPC Server handler 19 on default port 41537] ERROR OMAudit - user=runner | ip=127.0.0.1 | op=GET_FILE_STATUS {volume=volume06113, bucket=bucket59830, key=d1/d2/d3/d4/key3/invalid, dataSize=0, replicationConfig=null} | ret=FAILURE
org.apache.hadoop.ozone.om.exceptions.OMException: Unable to get file status: volume: volume06113 bucket: bucket59830 key: d1/d2/d3/d4/key3/invalid
	at org.apache.hadoop.ozone.om.KeyManagerImpl.getOzoneFileStatus(KeyManagerImpl.java:1324) ~[ozone-manager-1.3.0-SNAPSHOT.jar:?]
	at org.apache.hadoop.ozone.om.KeyManagerImpl.getFileStatus(KeyManagerImpl.java:1254) ~[ozone-manager-1.3.0-SNAPSHOT.jar:?]
	at org.apache.hadoop.ozone.om.OzoneManager.getFileStatus(OzoneManager.java:3506) ~[ozone-manager-1.3.0-SNAPSHOT.jar:?]
	at org.apache.hadoop.ozone.protocolPB.OzoneManagerRequestHandler.getOzoneFileStatus(OzoneManagerRequestHandler.java:882) ~[ozone-manager-1.3.0-SNAPSHOT.jar:?]
	at org.apache.hadoop.ozone.protocolPB.OzoneManagerRequestHandler.handleReadRequest(OzoneManagerRequestHandler.java:228) ~[ozone-manager-1.3.0-SNAPSHOT.jar:?]
	at org.apache.hadoop.ozone.protocolPB.OzoneManagerProtocolServerSideTranslatorPB.submitRequestDirectlyToOM(OzoneManagerProtocolServerSideTranslatorPB.java:276) ~[ozone-manager-1.3.0-SNAPSHOT.jar:?]
	at org.apache.hadoop.ozone.protocolPB.OzoneManagerProtocolServerSideTranslatorPB.processRequest(OzoneManagerProtocolServerSideTranslatorPB.java:205) ~[ozone-manager-1.3.0-SNAPSHOT.jar:?]
	at org.apache.hadoop.hdds.server.OzoneProtocolMessageDispatcher.processRequest(OzoneProtocolMessageDispatcher.java:87) [hdds-server-framework-1.3.0-SNAPSHOT.jar:?]
	at org.apache.hadoop.ozone.protocolPB.OzoneManagerProtocolServerSideTranslatorPB.submitRequest(OzoneManagerProtocolServerSideTranslatorPB.java:147) [ozone-manager-1.3.0-SNAPSHOT.jar:?]
	at org.apache.hadoop.ozone.protocol.proto.OzoneManagerProtocolProtos$OzoneManagerService$2.callBlockingMethod(OzoneManagerProtocolProtos.java) [ozone-interface-client-1.3.0-SNAPSHOT.jar:?]
	at org.apache.hadoop.ipc.ProtobufRpcEngine$Server.processCall(ProtobufRpcEngine.java:466) [hadoop-common-3.3.1.jar:?]
	at org.apache.hadoop.ipc.ProtobufRpcEngine2$Server$ProtoBufRpcInvoker.call(ProtobufRpcEngine2.java:574) [hadoop-common-3.3.1.jar:?]
	at org.apache.hadoop.ipc.ProtobufRpcEngine2$Server$ProtoBufRpcInvoker.call(ProtobufRpcEngine2.java:552) [hadoop-common-3.3.1.jar:?]
	at org.apache.hadoop.ipc.RPC$Server.call(RPC.java:1093) [hadoop-common-3.3.1.jar:?]
	at org.apache.hadoop.ipc.Server$RpcCall.run(Server.java:1035) [hadoop-common-3.3.1.jar:?]
	at org.apache.hadoop.ipc.Server$RpcCall.run(Server.java:963) [hadoop-common-3.3.1.jar:?]
	at java.security.AccessController.doPrivileged(Native Method) ~[?:1.8.0_345]
	at javax.security.auth.Subject.doAs(Subject.java:422) [?:1.8.0_345]
	at org.apache.hadoop.security.UserGroupInformation.doAs(UserGroupInformation.java:1878) [hadoop-common-3.3.1.jar:?]
	at org.apache.hadoop.ipc.Server$Handler.run(Server.java:2966) [hadoop-common-3.3.1.jar:?]
2022-09-28 15:57:03,365 [Time-limited test] WARN  ozone.BasicOzoneFileSystem (BasicOzoneFileSystem.java:getFileStatus(765)) - GetFileStatus failed for path /d1/d2/d3/d4/key3/invalid
java.io.FileNotFoundException: d1/d2/d3/d4/key3/invalid: No such file or directory!
	at org.apache.hadoop.fs.ozone.BasicOzoneClientAdapterImpl.getFileStatus(BasicOzoneClientAdapterImpl.java:369)
	at org.apache.hadoop.fs.ozone.BasicOzoneFileSystem.getFileStatus(BasicOzoneFileSystem.java:757)
	at org.apache.hadoop.fs.ozone.TestOzoneFileSystem.testCreateFileShouldCheckExistenceOfDirWithSameName(TestOzoneFileSystem.java:303)
	at sun.reflect.NativeMethodAccessorImpl.invoke0(Native Method)
	at sun.reflect.NativeMethodAccessorImpl.invoke(NativeMethodAccessorImpl.java:62)
	at sun.reflect.DelegatingMethodAccessorImpl.invoke(DelegatingMethodAccessorImpl.java:43)
	at java.lang.reflect.Method.invoke(Method.java:498)
	at org.junit.runners.model.FrameworkMethod$1.runReflectiveCall(FrameworkMethod.java:59)
	at org.junit.internal.runners.model.ReflectiveCallable.run(ReflectiveCallable.java:12)
	at org.junit.runners.model.FrameworkMethod.invokeExplosively(FrameworkMethod.java:56)
	at org.junit.internal.runners.statements.InvokeMethod.evaluate(InvokeMethod.java:17)
	at org.junit.internal.runners.statements.RunAfters.evaluate(RunAfters.java:27)
	at org.junit.internal.runners.statements.FailOnTimeout$CallableStatement.call(FailOnTimeout.java:288)
	at org.junit.internal.runners.statements.FailOnTimeout$CallableStatement.call(FailOnTimeout.java:282)
	at java.util.concurrent.FutureTask.run(FutureTask.java:266)
	at java.lang.Thread.run(Thread.java:750)
15:57:03.365 [IPC Server handler 5 on default port 41537] ERROR OMAudit - user=runner | ip=127.0.0.1 | op=GET_FILE_STATUS {volume=volume06113, bucket=bucket59830, key=d1/d2/d3/d4/invalidkey, dataSize=0, replicationConfig=null} | ret=FAILURE
org.apache.hadoop.ozone.om.exceptions.OMException: Unable to get file status: volume: volume06113 bucket: bucket59830 key: d1/d2/d3/d4/invalidkey
	at org.apache.hadoop.ozone.om.KeyManagerImpl.getOzoneFileStatus(KeyManagerImpl.java:1324) ~[ozone-manager-1.3.0-SNAPSHOT.jar:?]
	at org.apache.hadoop.ozone.om.KeyManagerImpl.getFileStatus(KeyManagerImpl.java:1254) ~[ozone-manager-1.3.0-SNAPSHOT.jar:?]
	at org.apache.hadoop.ozone.om.OzoneManager.getFileStatus(OzoneManager.java:3506) ~[ozone-manager-1.3.0-SNAPSHOT.jar:?]
	at org.apache.hadoop.ozone.protocolPB.OzoneManagerRequestHandler.getOzoneFileStatus(OzoneManagerRequestHandler.java:882) ~[ozone-manager-1.3.0-SNAPSHOT.jar:?]
	at org.apache.hadoop.ozone.protocolPB.OzoneManagerRequestHandler.handleReadRequest(OzoneManagerRequestHandler.java:228) ~[ozone-manager-1.3.0-SNAPSHOT.jar:?]
	at org.apache.hadoop.ozone.protocolPB.OzoneManagerProtocolServerSideTranslatorPB.submitRequestDirectlyToOM(OzoneManagerProtocolServerSideTranslatorPB.java:276) ~[ozone-manager-1.3.0-SNAPSHOT.jar:?]
	at org.apache.hadoop.ozone.protocolPB.OzoneManagerProtocolServerSideTranslatorPB.processRequest(OzoneManagerProtocolServerSideTranslatorPB.java:205) ~[ozone-manager-1.3.0-SNAPSHOT.jar:?]
	at org.apache.hadoop.hdds.server.OzoneProtocolMessageDispatcher.processRequest(OzoneProtocolMessageDispatcher.java:87) [hdds-server-framework-1.3.0-SNAPSHOT.jar:?]
	at org.apache.hadoop.ozone.protocolPB.OzoneManagerProtocolServerSideTranslatorPB.submitRequest(OzoneManagerProtocolServerSideTranslatorPB.java:147) [ozone-manager-1.3.0-SNAPSHOT.jar:?]
	at org.apache.hadoop.ozone.protocol.proto.OzoneManagerProtocolProtos$OzoneManagerService$2.callBlockingMethod(OzoneManagerProtocolProtos.java) [ozone-interface-client-1.3.0-SNAPSHOT.jar:?]
	at org.apache.hadoop.ipc.ProtobufRpcEngine$Server.processCall(ProtobufRpcEngine.java:466) [hadoop-common-3.3.1.jar:?]
	at org.apache.hadoop.ipc.ProtobufRpcEngine2$Server$ProtoBufRpcInvoker.call(ProtobufRpcEngine2.java:574) [hadoop-common-3.3.1.jar:?]
	at org.apache.hadoop.ipc.ProtobufRpcEngine2$Server$ProtoBufRpcInvoker.call(ProtobufRpcEngine2.java:552) [hadoop-common-3.3.1.jar:?]
	at org.apache.hadoop.ipc.RPC$Server.call(RPC.java:1093) [hadoop-common-3.3.1.jar:?]
	at org.apache.hadoop.ipc.Server$RpcCall.run(Server.java:1035) [hadoop-common-3.3.1.jar:?]
	at org.apache.hadoop.ipc.Server$RpcCall.run(Server.java:963) [hadoop-common-3.3.1.jar:?]
	at java.security.AccessController.doPrivileged(Native Method) ~[?:1.8.0_345]
	at javax.security.auth.Subject.doAs(Subject.java:422) [?:1.8.0_345]
	at org.apache.hadoop.security.UserGroupInformation.doAs(UserGroupInformation.java:1878) [hadoop-common-3.3.1.jar:?]
	at org.apache.hadoop.ipc.Server$Handler.run(Server.java:2966) [hadoop-common-3.3.1.jar:?]
2022-09-28 15:57:03,371 [Time-limited test] WARN  ozone.BasicOzoneFileSystem (BasicOzoneFileSystem.java:getFileStatus(765)) - GetFileStatus failed for path /d1/d2/d3/d4/invalidkey
java.io.FileNotFoundException: d1/d2/d3/d4/invalidkey: No such file or directory!
	at org.apache.hadoop.fs.ozone.BasicOzoneClientAdapterImpl.getFileStatus(BasicOzoneClientAdapterImpl.java:369)
	at org.apache.hadoop.fs.ozone.BasicOzoneFileSystem.getFileStatus(BasicOzoneFileSystem.java:757)
	at org.apache.hadoop.fs.ozone.TestOzoneFileSystem.testCreateFileShouldCheckExistenceOfDirWithSameName(TestOzoneFileSystem.java:310)
	at sun.reflect.NativeMethodAccessorImpl.invoke0(Native Method)
	at sun.reflect.NativeMethodAccessorImpl.invoke(NativeMethodAccessorImpl.java:62)
	at sun.reflect.DelegatingMethodAccessorImpl.invoke(DelegatingMethodAccessorImpl.java:43)
	at java.lang.reflect.Method.invoke(Method.java:498)
	at org.junit.runners.model.FrameworkMethod$1.runReflectiveCall(FrameworkMethod.java:59)
	at org.junit.internal.runners.model.ReflectiveCallable.run(ReflectiveCallable.java:12)
	at org.junit.runners.model.FrameworkMethod.invokeExplosively(FrameworkMethod.java:56)
	at org.junit.internal.runners.statements.InvokeMethod.evaluate(InvokeMethod.java:17)
	at org.junit.internal.runners.statements.RunAfters.evaluate(RunAfters.java:27)
	at org.junit.internal.runners.statements.FailOnTimeout$CallableStatement.call(FailOnTimeout.java:288)
	at org.junit.internal.runners.statements.FailOnTimeout$CallableStatement.call(FailOnTimeout.java:282)
	at java.util.concurrent.FutureTask.run(FutureTask.java:266)
	at java.lang.Thread.run(Thread.java:750)
]]></system-out>
  </testcase>
  <testcase name="testFileDelete" classname="TestOzoneFileSystem" time="0.175">
    <system-out><![CDATA[15:52:03.101 [IPC Server handler 8 on default port 36317] ERROR OMAudit - user=runner | ip=127.0.0.1 | op=GET_FILE_STATUS {volume=volume24312, bucket=bucket55718, key=testBatchDelete, dataSize=0, replicationConfig=null} | ret=FAILURE
org.apache.hadoop.ozone.om.exceptions.OMException: Unable to get file status: volume: volume24312 bucket: bucket55718 key: testBatchDelete
	at org.apache.hadoop.ozone.om.KeyManagerImpl.getOzoneFileStatus(KeyManagerImpl.java:1324) ~[ozone-manager-1.3.0-SNAPSHOT.jar:?]
	at org.apache.hadoop.ozone.om.KeyManagerImpl.getFileStatus(KeyManagerImpl.java:1254) ~[ozone-manager-1.3.0-SNAPSHOT.jar:?]
	at org.apache.hadoop.ozone.om.OzoneManager.getFileStatus(OzoneManager.java:3506) ~[ozone-manager-1.3.0-SNAPSHOT.jar:?]
	at org.apache.hadoop.ozone.protocolPB.OzoneManagerRequestHandler.getOzoneFileStatus(OzoneManagerRequestHandler.java:882) ~[ozone-manager-1.3.0-SNAPSHOT.jar:?]
	at org.apache.hadoop.ozone.protocolPB.OzoneManagerRequestHandler.handleReadRequest(OzoneManagerRequestHandler.java:228) ~[ozone-manager-1.3.0-SNAPSHOT.jar:?]
	at org.apache.hadoop.ozone.protocolPB.OzoneManagerProtocolServerSideTranslatorPB.submitReadRequestToOM(OzoneManagerProtocolServerSideTranslatorPB.java:226) ~[ozone-manager-1.3.0-SNAPSHOT.jar:?]
	at org.apache.hadoop.ozone.protocolPB.OzoneManagerProtocolServerSideTranslatorPB.processRequest(OzoneManagerProtocolServerSideTranslatorPB.java:175) ~[ozone-manager-1.3.0-SNAPSHOT.jar:?]
	at org.apache.hadoop.hdds.server.OzoneProtocolMessageDispatcher.processRequest(OzoneProtocolMessageDispatcher.java:87) [hdds-server-framework-1.3.0-SNAPSHOT.jar:?]
	at org.apache.hadoop.ozone.protocolPB.OzoneManagerProtocolServerSideTranslatorPB.submitRequest(OzoneManagerProtocolServerSideTranslatorPB.java:147) [ozone-manager-1.3.0-SNAPSHOT.jar:?]
	at org.apache.hadoop.ozone.protocol.proto.OzoneManagerProtocolProtos$OzoneManagerService$2.callBlockingMethod(OzoneManagerProtocolProtos.java) [ozone-interface-client-1.3.0-SNAPSHOT.jar:?]
	at org.apache.hadoop.ipc.ProtobufRpcEngine$Server.processCall(ProtobufRpcEngine.java:466) [hadoop-common-3.3.1.jar:?]
	at org.apache.hadoop.ipc.ProtobufRpcEngine2$Server$ProtoBufRpcInvoker.call(ProtobufRpcEngine2.java:574) [hadoop-common-3.3.1.jar:?]
	at org.apache.hadoop.ipc.ProtobufRpcEngine2$Server$ProtoBufRpcInvoker.call(ProtobufRpcEngine2.java:552) [hadoop-common-3.3.1.jar:?]
	at org.apache.hadoop.ipc.RPC$Server.call(RPC.java:1093) [hadoop-common-3.3.1.jar:?]
	at org.apache.hadoop.ipc.Server$RpcCall.run(Server.java:1035) [hadoop-common-3.3.1.jar:?]
	at org.apache.hadoop.ipc.Server$RpcCall.run(Server.java:963) [hadoop-common-3.3.1.jar:?]
	at java.security.AccessController.doPrivileged(Native Method) ~[?:1.8.0_345]
	at javax.security.auth.Subject.doAs(Subject.java:422) [?:1.8.0_345]
	at org.apache.hadoop.security.UserGroupInformation.doAs(UserGroupInformation.java:1878) [hadoop-common-3.3.1.jar:?]
	at org.apache.hadoop.ipc.Server$Handler.run(Server.java:2966) [hadoop-common-3.3.1.jar:?]
2022-09-28 15:52:03,102 [Time-limited test] WARN  ozone.BasicOzoneFileSystem (BasicOzoneFileSystem.java:getFileStatus(765)) - GetFileStatus failed for path /testBatchDelete
java.io.FileNotFoundException: testBatchDelete: No such file or directory!
	at org.apache.hadoop.fs.ozone.BasicOzoneClientAdapterImpl.getFileStatus(BasicOzoneClientAdapterImpl.java:369)
	at org.apache.hadoop.fs.ozone.BasicOzoneFileSystem.getFileStatus(BasicOzoneFileSystem.java:757)
	at org.apache.hadoop.fs.FileSystem.exists(FileSystem.java:1760)
	at org.apache.hadoop.fs.ozone.BasicOzoneFileSystem.exists(BasicOzoneFileSystem.java:804)
	at org.apache.hadoop.fs.ozone.TestOzoneFileSystem.testFileDelete(TestOzoneFileSystem.java:532)
	at sun.reflect.NativeMethodAccessorImpl.invoke0(Native Method)
	at sun.reflect.NativeMethodAccessorImpl.invoke(NativeMethodAccessorImpl.java:62)
	at sun.reflect.DelegatingMethodAccessorImpl.invoke(DelegatingMethodAccessorImpl.java:43)
	at java.lang.reflect.Method.invoke(Method.java:498)
	at org.junit.runners.model.FrameworkMethod$1.runReflectiveCall(FrameworkMethod.java:59)
	at org.junit.internal.runners.model.ReflectiveCallable.run(ReflectiveCallable.java:12)
	at org.junit.runners.model.FrameworkMethod.invokeExplosively(FrameworkMethod.java:56)
	at org.junit.internal.runners.statements.InvokeMethod.evaluate(InvokeMethod.java:17)
	at org.junit.internal.runners.statements.RunAfters.evaluate(RunAfters.java:27)
	at org.junit.internal.runners.statements.FailOnTimeout$CallableStatement.call(FailOnTimeout.java:288)
	at org.junit.internal.runners.statements.FailOnTimeout$CallableStatement.call(FailOnTimeout.java:282)
	at java.util.concurrent.FutureTask.run(FutureTask.java:266)
	at java.lang.Thread.run(Thread.java:750)
15:52:03.103 [IPC Server handler 13 on default port 36317] ERROR OMAudit - user=runner | ip=127.0.0.1 | op=GET_FILE_STATUS {volume=volume24312, bucket=bucket55718, key=testBatchDelete/parent/child0, dataSize=0, replicationConfig=null} | ret=FAILURE
org.apache.hadoop.ozone.om.exceptions.OMException: Unable to get file status: volume: volume24312 bucket: bucket55718 key: testBatchDelete/parent/child0
	at org.apache.hadoop.ozone.om.KeyManagerImpl.getOzoneFileStatus(KeyManagerImpl.java:1324) ~[ozone-manager-1.3.0-SNAPSHOT.jar:?]
	at org.apache.hadoop.ozone.om.KeyManagerImpl.getFileStatus(KeyManagerImpl.java:1254) ~[ozone-manager-1.3.0-SNAPSHOT.jar:?]
	at org.apache.hadoop.ozone.om.OzoneManager.getFileStatus(OzoneManager.java:3506) ~[ozone-manager-1.3.0-SNAPSHOT.jar:?]
	at org.apache.hadoop.ozone.protocolPB.OzoneManagerRequestHandler.getOzoneFileStatus(OzoneManagerRequestHandler.java:882) ~[ozone-manager-1.3.0-SNAPSHOT.jar:?]
	at org.apache.hadoop.ozone.protocolPB.OzoneManagerRequestHandler.handleReadRequest(OzoneManagerRequestHandler.java:228) ~[ozone-manager-1.3.0-SNAPSHOT.jar:?]
	at org.apache.hadoop.ozone.protocolPB.OzoneManagerProtocolServerSideTranslatorPB.submitReadRequestToOM(OzoneManagerProtocolServerSideTranslatorPB.java:226) ~[ozone-manager-1.3.0-SNAPSHOT.jar:?]
	at org.apache.hadoop.ozone.protocolPB.OzoneManagerProtocolServerSideTranslatorPB.processRequest(OzoneManagerProtocolServerSideTranslatorPB.java:175) ~[ozone-manager-1.3.0-SNAPSHOT.jar:?]
	at org.apache.hadoop.hdds.server.OzoneProtocolMessageDispatcher.processRequest(OzoneProtocolMessageDispatcher.java:87) [hdds-server-framework-1.3.0-SNAPSHOT.jar:?]
	at org.apache.hadoop.ozone.protocolPB.OzoneManagerProtocolServerSideTranslatorPB.submitRequest(OzoneManagerProtocolServerSideTranslatorPB.java:147) [ozone-manager-1.3.0-SNAPSHOT.jar:?]
	at org.apache.hadoop.ozone.protocol.proto.OzoneManagerProtocolProtos$OzoneManagerService$2.callBlockingMethod(OzoneManagerProtocolProtos.java) [ozone-interface-client-1.3.0-SNAPSHOT.jar:?]
	at org.apache.hadoop.ipc.ProtobufRpcEngine$Server.processCall(ProtobufRpcEngine.java:466) [hadoop-common-3.3.1.jar:?]
	at org.apache.hadoop.ipc.ProtobufRpcEngine2$Server$ProtoBufRpcInvoker.call(ProtobufRpcEngine2.java:574) [hadoop-common-3.3.1.jar:?]
	at org.apache.hadoop.ipc.ProtobufRpcEngine2$Server$ProtoBufRpcInvoker.call(ProtobufRpcEngine2.java:552) [hadoop-common-3.3.1.jar:?]
	at org.apache.hadoop.ipc.RPC$Server.call(RPC.java:1093) [hadoop-common-3.3.1.jar:?]
	at org.apache.hadoop.ipc.Server$RpcCall.run(Server.java:1035) [hadoop-common-3.3.1.jar:?]
	at org.apache.hadoop.ipc.Server$RpcCall.run(Server.java:963) [hadoop-common-3.3.1.jar:?]
	at java.security.AccessController.doPrivileged(Native Method) ~[?:1.8.0_345]
	at javax.security.auth.Subject.doAs(Subject.java:422) [?:1.8.0_345]
	at org.apache.hadoop.security.UserGroupInformation.doAs(UserGroupInformation.java:1878) [hadoop-common-3.3.1.jar:?]
	at org.apache.hadoop.ipc.Server$Handler.run(Server.java:2966) [hadoop-common-3.3.1.jar:?]
2022-09-28 15:52:03,103 [Time-limited test] WARN  ozone.BasicOzoneFileSystem (BasicOzoneFileSystem.java:getFileStatus(765)) - GetFileStatus failed for path /testBatchDelete/parent/child0
java.io.FileNotFoundException: testBatchDelete/parent/child0: No such file or directory!
	at org.apache.hadoop.fs.ozone.BasicOzoneClientAdapterImpl.getFileStatus(BasicOzoneClientAdapterImpl.java:369)
	at org.apache.hadoop.fs.ozone.BasicOzoneFileSystem.getFileStatus(BasicOzoneFileSystem.java:757)
	at org.apache.hadoop.fs.FileSystem.exists(FileSystem.java:1760)
	at org.apache.hadoop.fs.ozone.BasicOzoneFileSystem.exists(BasicOzoneFileSystem.java:804)
	at org.apache.hadoop.fs.ozone.TestOzoneFileSystem.testFileDelete(TestOzoneFileSystem.java:536)
	at sun.reflect.NativeMethodAccessorImpl.invoke0(Native Method)
	at sun.reflect.NativeMethodAccessorImpl.invoke(NativeMethodAccessorImpl.java:62)
	at sun.reflect.DelegatingMethodAccessorImpl.invoke(DelegatingMethodAccessorImpl.java:43)
	at java.lang.reflect.Method.invoke(Method.java:498)
	at org.junit.runners.model.FrameworkMethod$1.runReflectiveCall(FrameworkMethod.java:59)
	at org.junit.internal.runners.model.ReflectiveCallable.run(ReflectiveCallable.java:12)
	at org.junit.runners.model.FrameworkMethod.invokeExplosively(FrameworkMethod.java:56)
	at org.junit.internal.runners.statements.InvokeMethod.evaluate(InvokeMethod.java:17)
	at org.junit.internal.runners.statements.RunAfters.evaluate(RunAfters.java:27)
	at org.junit.internal.runners.statements.FailOnTimeout$CallableStatement.call(FailOnTimeout.java:288)
	at org.junit.internal.runners.statements.FailOnTimeout$CallableStatement.call(FailOnTimeout.java:282)
	at java.util.concurrent.FutureTask.run(FutureTask.java:266)
	at java.lang.Thread.run(Thread.java:750)
15:52:03.104 [IPC Server handler 15 on default port 36317] ERROR OMAudit - user=runner | ip=127.0.0.1 | op=GET_FILE_STATUS {volume=volume24312, bucket=bucket55718, key=testBatchDelete/parent/childFolder/child0, dataSize=0, replicationConfig=null} | ret=FAILURE
org.apache.hadoop.ozone.om.exceptions.OMException: Unable to get file status: volume: volume24312 bucket: bucket55718 key: testBatchDelete/parent/childFolder/child0
	at org.apache.hadoop.ozone.om.KeyManagerImpl.getOzoneFileStatus(KeyManagerImpl.java:1324) ~[ozone-manager-1.3.0-SNAPSHOT.jar:?]
	at org.apache.hadoop.ozone.om.KeyManagerImpl.getFileStatus(KeyManagerImpl.java:1254) ~[ozone-manager-1.3.0-SNAPSHOT.jar:?]
	at org.apache.hadoop.ozone.om.OzoneManager.getFileStatus(OzoneManager.java:3506) ~[ozone-manager-1.3.0-SNAPSHOT.jar:?]
	at org.apache.hadoop.ozone.protocolPB.OzoneManagerRequestHandler.getOzoneFileStatus(OzoneManagerRequestHandler.java:882) ~[ozone-manager-1.3.0-SNAPSHOT.jar:?]
	at org.apache.hadoop.ozone.protocolPB.OzoneManagerRequestHandler.handleReadRequest(OzoneManagerRequestHandler.java:228) ~[ozone-manager-1.3.0-SNAPSHOT.jar:?]
	at org.apache.hadoop.ozone.protocolPB.OzoneManagerProtocolServerSideTranslatorPB.submitReadRequestToOM(OzoneManagerProtocolServerSideTranslatorPB.java:226) ~[ozone-manager-1.3.0-SNAPSHOT.jar:?]
	at org.apache.hadoop.ozone.protocolPB.OzoneManagerProtocolServerSideTranslatorPB.processRequest(OzoneManagerProtocolServerSideTranslatorPB.java:175) ~[ozone-manager-1.3.0-SNAPSHOT.jar:?]
	at org.apache.hadoop.hdds.server.OzoneProtocolMessageDispatcher.processRequest(OzoneProtocolMessageDispatcher.java:87) [hdds-server-framework-1.3.0-SNAPSHOT.jar:?]
	at org.apache.hadoop.ozone.protocolPB.OzoneManagerProtocolServerSideTranslatorPB.submitRequest(OzoneManagerProtocolServerSideTranslatorPB.java:147) [ozone-manager-1.3.0-SNAPSHOT.jar:?]
	at org.apache.hadoop.ozone.protocol.proto.OzoneManagerProtocolProtos$OzoneManagerService$2.callBlockingMethod(OzoneManagerProtocolProtos.java) [ozone-interface-client-1.3.0-SNAPSHOT.jar:?]
	at org.apache.hadoop.ipc.ProtobufRpcEngine$Server.processCall(ProtobufRpcEngine.java:466) [hadoop-common-3.3.1.jar:?]
	at org.apache.hadoop.ipc.ProtobufRpcEngine2$Server$ProtoBufRpcInvoker.call(ProtobufRpcEngine2.java:574) [hadoop-common-3.3.1.jar:?]
	at org.apache.hadoop.ipc.ProtobufRpcEngine2$Server$ProtoBufRpcInvoker.call(ProtobufRpcEngine2.java:552) [hadoop-common-3.3.1.jar:?]
	at org.apache.hadoop.ipc.RPC$Server.call(RPC.java:1093) [hadoop-common-3.3.1.jar:?]
	at org.apache.hadoop.ipc.Server$RpcCall.run(Server.java:1035) [hadoop-common-3.3.1.jar:?]
	at org.apache.hadoop.ipc.Server$RpcCall.run(Server.java:963) [hadoop-common-3.3.1.jar:?]
	at java.security.AccessController.doPrivileged(Native Method) ~[?:1.8.0_345]
	at javax.security.auth.Subject.doAs(Subject.java:422) [?:1.8.0_345]
	at org.apache.hadoop.security.UserGroupInformation.doAs(UserGroupInformation.java:1878) [hadoop-common-3.3.1.jar:?]
	at org.apache.hadoop.ipc.Server$Handler.run(Server.java:2966) [hadoop-common-3.3.1.jar:?]
2022-09-28 15:52:03,104 [Time-limited test] WARN  ozone.BasicOzoneFileSystem (BasicOzoneFileSystem.java:getFileStatus(765)) - GetFileStatus failed for path /testBatchDelete/parent/childFolder/child0
java.io.FileNotFoundException: testBatchDelete/parent/childFolder/child0: No such file or directory!
	at org.apache.hadoop.fs.ozone.BasicOzoneClientAdapterImpl.getFileStatus(BasicOzoneClientAdapterImpl.java:369)
	at org.apache.hadoop.fs.ozone.BasicOzoneFileSystem.getFileStatus(BasicOzoneFileSystem.java:757)
	at org.apache.hadoop.fs.FileSystem.exists(FileSystem.java:1760)
	at org.apache.hadoop.fs.ozone.BasicOzoneFileSystem.exists(BasicOzoneFileSystem.java:804)
	at org.apache.hadoop.fs.ozone.TestOzoneFileSystem.testFileDelete(TestOzoneFileSystem.java:541)
	at sun.reflect.NativeMethodAccessorImpl.invoke0(Native Method)
	at sun.reflect.NativeMethodAccessorImpl.invoke(NativeMethodAccessorImpl.java:62)
	at sun.reflect.DelegatingMethodAccessorImpl.invoke(DelegatingMethodAccessorImpl.java:43)
	at java.lang.reflect.Method.invoke(Method.java:498)
	at org.junit.runners.model.FrameworkMethod$1.runReflectiveCall(FrameworkMethod.java:59)
	at org.junit.internal.runners.model.ReflectiveCallable.run(ReflectiveCallable.java:12)
	at org.junit.runners.model.FrameworkMethod.invokeExplosively(FrameworkMethod.java:56)
	at org.junit.internal.runners.statements.InvokeMethod.evaluate(InvokeMethod.java:17)
	at org.junit.internal.runners.statements.RunAfters.evaluate(RunAfters.java:27)
	at org.junit.internal.runners.statements.FailOnTimeout$CallableStatement.call(FailOnTimeout.java:288)
	at org.junit.internal.runners.statements.FailOnTimeout$CallableStatement.call(FailOnTimeout.java:282)
	at java.util.concurrent.FutureTask.run(FutureTask.java:266)
	at java.lang.Thread.run(Thread.java:750)
15:52:03.105 [IPC Server handler 10 on default port 36317] ERROR OMAudit - user=runner | ip=127.0.0.1 | op=GET_FILE_STATUS {volume=volume24312, bucket=bucket55718, key=testBatchDelete/parent/child1, dataSize=0, replicationConfig=null} | ret=FAILURE
org.apache.hadoop.ozone.om.exceptions.OMException: Unable to get file status: volume: volume24312 bucket: bucket55718 key: testBatchDelete/parent/child1
	at org.apache.hadoop.ozone.om.KeyManagerImpl.getOzoneFileStatus(KeyManagerImpl.java:1324) ~[ozone-manager-1.3.0-SNAPSHOT.jar:?]
	at org.apache.hadoop.ozone.om.KeyManagerImpl.getFileStatus(KeyManagerImpl.java:1254) ~[ozone-manager-1.3.0-SNAPSHOT.jar:?]
	at org.apache.hadoop.ozone.om.OzoneManager.getFileStatus(OzoneManager.java:3506) ~[ozone-manager-1.3.0-SNAPSHOT.jar:?]
	at org.apache.hadoop.ozone.protocolPB.OzoneManagerRequestHandler.getOzoneFileStatus(OzoneManagerRequestHandler.java:882) ~[ozone-manager-1.3.0-SNAPSHOT.jar:?]
	at org.apache.hadoop.ozone.protocolPB.OzoneManagerRequestHandler.handleReadRequest(OzoneManagerRequestHandler.java:228) ~[ozone-manager-1.3.0-SNAPSHOT.jar:?]
	at org.apache.hadoop.ozone.protocolPB.OzoneManagerProtocolServerSideTranslatorPB.submitReadRequestToOM(OzoneManagerProtocolServerSideTranslatorPB.java:226) ~[ozone-manager-1.3.0-SNAPSHOT.jar:?]
	at org.apache.hadoop.ozone.protocolPB.OzoneManagerProtocolServerSideTranslatorPB.processRequest(OzoneManagerProtocolServerSideTranslatorPB.java:175) ~[ozone-manager-1.3.0-SNAPSHOT.jar:?]
	at org.apache.hadoop.hdds.server.OzoneProtocolMessageDispatcher.processRequest(OzoneProtocolMessageDispatcher.java:87) [hdds-server-framework-1.3.0-SNAPSHOT.jar:?]
	at org.apache.hadoop.ozone.protocolPB.OzoneManagerProtocolServerSideTranslatorPB.submitRequest(OzoneManagerProtocolServerSideTranslatorPB.java:147) [ozone-manager-1.3.0-SNAPSHOT.jar:?]
	at org.apache.hadoop.ozone.protocol.proto.OzoneManagerProtocolProtos$OzoneManagerService$2.callBlockingMethod(OzoneManagerProtocolProtos.java) [ozone-interface-client-1.3.0-SNAPSHOT.jar:?]
	at org.apache.hadoop.ipc.ProtobufRpcEngine$Server.processCall(ProtobufRpcEngine.java:466) [hadoop-common-3.3.1.jar:?]
	at org.apache.hadoop.ipc.ProtobufRpcEngine2$Server$ProtoBufRpcInvoker.call(ProtobufRpcEngine2.java:574) [hadoop-common-3.3.1.jar:?]
	at org.apache.hadoop.ipc.ProtobufRpcEngine2$Server$ProtoBufRpcInvoker.call(ProtobufRpcEngine2.java:552) [hadoop-common-3.3.1.jar:?]
	at org.apache.hadoop.ipc.RPC$Server.call(RPC.java:1093) [hadoop-common-3.3.1.jar:?]
	at org.apache.hadoop.ipc.Server$RpcCall.run(Server.java:1035) [hadoop-common-3.3.1.jar:?]
	at org.apache.hadoop.ipc.Server$RpcCall.run(Server.java:963) [hadoop-common-3.3.1.jar:?]
	at java.security.AccessController.doPrivileged(Native Method) ~[?:1.8.0_345]
	at javax.security.auth.Subject.doAs(Subject.java:422) [?:1.8.0_345]
	at org.apache.hadoop.security.UserGroupInformation.doAs(UserGroupInformation.java:1878) [hadoop-common-3.3.1.jar:?]
	at org.apache.hadoop.ipc.Server$Handler.run(Server.java:2966) [hadoop-common-3.3.1.jar:?]
2022-09-28 15:52:03,106 [Time-limited test] WARN  ozone.BasicOzoneFileSystem (BasicOzoneFileSystem.java:getFileStatus(765)) - GetFileStatus failed for path /testBatchDelete/parent/child1
java.io.FileNotFoundException: testBatchDelete/parent/child1: No such file or directory!
	at org.apache.hadoop.fs.ozone.BasicOzoneClientAdapterImpl.getFileStatus(BasicOzoneClientAdapterImpl.java:369)
	at org.apache.hadoop.fs.ozone.BasicOzoneFileSystem.getFileStatus(BasicOzoneFileSystem.java:757)
	at org.apache.hadoop.fs.FileSystem.exists(FileSystem.java:1760)
	at org.apache.hadoop.fs.ozone.BasicOzoneFileSystem.exists(BasicOzoneFileSystem.java:804)
	at org.apache.hadoop.fs.ozone.TestOzoneFileSystem.testFileDelete(TestOzoneFileSystem.java:536)
	at sun.reflect.NativeMethodAccessorImpl.invoke0(Native Method)
	at sun.reflect.NativeMethodAccessorImpl.invoke(NativeMethodAccessorImpl.java:62)
	at sun.reflect.DelegatingMethodAccessorImpl.invoke(DelegatingMethodAccessorImpl.java:43)
	at java.lang.reflect.Method.invoke(Method.java:498)
	at org.junit.runners.model.FrameworkMethod$1.runReflectiveCall(FrameworkMethod.java:59)
	at org.junit.internal.runners.model.ReflectiveCallable.run(ReflectiveCallable.java:12)
	at org.junit.runners.model.FrameworkMethod.invokeExplosively(FrameworkMethod.java:56)
	at org.junit.internal.runners.statements.InvokeMethod.evaluate(InvokeMethod.java:17)
	at org.junit.internal.runners.statements.RunAfters.evaluate(RunAfters.java:27)
	at org.junit.internal.runners.statements.FailOnTimeout$CallableStatement.call(FailOnTimeout.java:288)
	at org.junit.internal.runners.statements.FailOnTimeout$CallableStatement.call(FailOnTimeout.java:282)
	at java.util.concurrent.FutureTask.run(FutureTask.java:266)
	at java.lang.Thread.run(Thread.java:750)
15:52:03.107 [IPC Server handler 14 on default port 36317] ERROR OMAudit - user=runner | ip=127.0.0.1 | op=GET_FILE_STATUS {volume=volume24312, bucket=bucket55718, key=testBatchDelete/parent/childFolder/child1, dataSize=0, replicationConfig=null} | ret=FAILURE
org.apache.hadoop.ozone.om.exceptions.OMException: Unable to get file status: volume: volume24312 bucket: bucket55718 key: testBatchDelete/parent/childFolder/child1
	at org.apache.hadoop.ozone.om.KeyManagerImpl.getOzoneFileStatus(KeyManagerImpl.java:1324) ~[ozone-manager-1.3.0-SNAPSHOT.jar:?]
	at org.apache.hadoop.ozone.om.KeyManagerImpl.getFileStatus(KeyManagerImpl.java:1254) ~[ozone-manager-1.3.0-SNAPSHOT.jar:?]
	at org.apache.hadoop.ozone.om.OzoneManager.getFileStatus(OzoneManager.java:3506) ~[ozone-manager-1.3.0-SNAPSHOT.jar:?]
	at org.apache.hadoop.ozone.protocolPB.OzoneManagerRequestHandler.getOzoneFileStatus(OzoneManagerRequestHandler.java:882) ~[ozone-manager-1.3.0-SNAPSHOT.jar:?]
	at org.apache.hadoop.ozone.protocolPB.OzoneManagerRequestHandler.handleReadRequest(OzoneManagerRequestHandler.java:228) ~[ozone-manager-1.3.0-SNAPSHOT.jar:?]
	at org.apache.hadoop.ozone.protocolPB.OzoneManagerProtocolServerSideTranslatorPB.submitReadRequestToOM(OzoneManagerProtocolServerSideTranslatorPB.java:226) ~[ozone-manager-1.3.0-SNAPSHOT.jar:?]
	at org.apache.hadoop.ozone.protocolPB.OzoneManagerProtocolServerSideTranslatorPB.processRequest(OzoneManagerProtocolServerSideTranslatorPB.java:175) ~[ozone-manager-1.3.0-SNAPSHOT.jar:?]
	at org.apache.hadoop.hdds.server.OzoneProtocolMessageDispatcher.processRequest(OzoneProtocolMessageDispatcher.java:87) [hdds-server-framework-1.3.0-SNAPSHOT.jar:?]
	at org.apache.hadoop.ozone.protocolPB.OzoneManagerProtocolServerSideTranslatorPB.submitRequest(OzoneManagerProtocolServerSideTranslatorPB.java:147) [ozone-manager-1.3.0-SNAPSHOT.jar:?]
	at org.apache.hadoop.ozone.protocol.proto.OzoneManagerProtocolProtos$OzoneManagerService$2.callBlockingMethod(OzoneManagerProtocolProtos.java) [ozone-interface-client-1.3.0-SNAPSHOT.jar:?]
	at org.apache.hadoop.ipc.ProtobufRpcEngine$Server.processCall(ProtobufRpcEngine.java:466) [hadoop-common-3.3.1.jar:?]
	at org.apache.hadoop.ipc.ProtobufRpcEngine2$Server$ProtoBufRpcInvoker.call(ProtobufRpcEngine2.java:574) [hadoop-common-3.3.1.jar:?]
	at org.apache.hadoop.ipc.ProtobufRpcEngine2$Server$ProtoBufRpcInvoker.call(ProtobufRpcEngine2.java:552) [hadoop-common-3.3.1.jar:?]
	at org.apache.hadoop.ipc.RPC$Server.call(RPC.java:1093) [hadoop-common-3.3.1.jar:?]
	at org.apache.hadoop.ipc.Server$RpcCall.run(Server.java:1035) [hadoop-common-3.3.1.jar:?]
	at org.apache.hadoop.ipc.Server$RpcCall.run(Server.java:963) [hadoop-common-3.3.1.jar:?]
	at java.security.AccessController.doPrivileged(Native Method) ~[?:1.8.0_345]
	at javax.security.auth.Subject.doAs(Subject.java:422) [?:1.8.0_345]
	at org.apache.hadoop.security.UserGroupInformation.doAs(UserGroupInformation.java:1878) [hadoop-common-3.3.1.jar:?]
	at org.apache.hadoop.ipc.Server$Handler.run(Server.java:2966) [hadoop-common-3.3.1.jar:?]
2022-09-28 15:52:03,107 [Time-limited test] WARN  ozone.BasicOzoneFileSystem (BasicOzoneFileSystem.java:getFileStatus(765)) - GetFileStatus failed for path /testBatchDelete/parent/childFolder/child1
java.io.FileNotFoundException: testBatchDelete/parent/childFolder/child1: No such file or directory!
	at org.apache.hadoop.fs.ozone.BasicOzoneClientAdapterImpl.getFileStatus(BasicOzoneClientAdapterImpl.java:369)
	at org.apache.hadoop.fs.ozone.BasicOzoneFileSystem.getFileStatus(BasicOzoneFileSystem.java:757)
	at org.apache.hadoop.fs.FileSystem.exists(FileSystem.java:1760)
	at org.apache.hadoop.fs.ozone.BasicOzoneFileSystem.exists(BasicOzoneFileSystem.java:804)
	at org.apache.hadoop.fs.ozone.TestOzoneFileSystem.testFileDelete(TestOzoneFileSystem.java:541)
	at sun.reflect.NativeMethodAccessorImpl.invoke0(Native Method)
	at sun.reflect.NativeMethodAccessorImpl.invoke(NativeMethodAccessorImpl.java:62)
	at sun.reflect.DelegatingMethodAccessorImpl.invoke(DelegatingMethodAccessorImpl.java:43)
	at java.lang.reflect.Method.invoke(Method.java:498)
	at org.junit.runners.model.FrameworkMethod$1.runReflectiveCall(FrameworkMethod.java:59)
	at org.junit.internal.runners.model.ReflectiveCallable.run(ReflectiveCallable.java:12)
	at org.junit.runners.model.FrameworkMethod.invokeExplosively(FrameworkMethod.java:56)
	at org.junit.internal.runners.statements.InvokeMethod.evaluate(InvokeMethod.java:17)
	at org.junit.internal.runners.statements.RunAfters.evaluate(RunAfters.java:27)
	at org.junit.internal.runners.statements.FailOnTimeout$CallableStatement.call(FailOnTimeout.java:288)
	at org.junit.internal.runners.statements.FailOnTimeout$CallableStatement.call(FailOnTimeout.java:282)
	at java.util.concurrent.FutureTask.run(FutureTask.java:266)
	at java.lang.Thread.run(Thread.java:750)
15:52:03.108 [IPC Server handler 11 on default port 36317] ERROR OMAudit - user=runner | ip=127.0.0.1 | op=GET_FILE_STATUS {volume=volume24312, bucket=bucket55718, key=testBatchDelete/parent/child2, dataSize=0, replicationConfig=null} | ret=FAILURE
org.apache.hadoop.ozone.om.exceptions.OMException: Unable to get file status: volume: volume24312 bucket: bucket55718 key: testBatchDelete/parent/child2
	at org.apache.hadoop.ozone.om.KeyManagerImpl.getOzoneFileStatus(KeyManagerImpl.java:1324) ~[ozone-manager-1.3.0-SNAPSHOT.jar:?]
	at org.apache.hadoop.ozone.om.KeyManagerImpl.getFileStatus(KeyManagerImpl.java:1254) ~[ozone-manager-1.3.0-SNAPSHOT.jar:?]
	at org.apache.hadoop.ozone.om.OzoneManager.getFileStatus(OzoneManager.java:3506) ~[ozone-manager-1.3.0-SNAPSHOT.jar:?]
	at org.apache.hadoop.ozone.protocolPB.OzoneManagerRequestHandler.getOzoneFileStatus(OzoneManagerRequestHandler.java:882) ~[ozone-manager-1.3.0-SNAPSHOT.jar:?]
	at org.apache.hadoop.ozone.protocolPB.OzoneManagerRequestHandler.handleReadRequest(OzoneManagerRequestHandler.java:228) ~[ozone-manager-1.3.0-SNAPSHOT.jar:?]
	at org.apache.hadoop.ozone.protocolPB.OzoneManagerProtocolServerSideTranslatorPB.submitReadRequestToOM(OzoneManagerProtocolServerSideTranslatorPB.java:226) ~[ozone-manager-1.3.0-SNAPSHOT.jar:?]
	at org.apache.hadoop.ozone.protocolPB.OzoneManagerProtocolServerSideTranslatorPB.processRequest(OzoneManagerProtocolServerSideTranslatorPB.java:175) ~[ozone-manager-1.3.0-SNAPSHOT.jar:?]
	at org.apache.hadoop.hdds.server.OzoneProtocolMessageDispatcher.processRequest(OzoneProtocolMessageDispatcher.java:87) [hdds-server-framework-1.3.0-SNAPSHOT.jar:?]
	at org.apache.hadoop.ozone.protocolPB.OzoneManagerProtocolServerSideTranslatorPB.submitRequest(OzoneManagerProtocolServerSideTranslatorPB.java:147) [ozone-manager-1.3.0-SNAPSHOT.jar:?]
	at org.apache.hadoop.ozone.protocol.proto.OzoneManagerProtocolProtos$OzoneManagerService$2.callBlockingMethod(OzoneManagerProtocolProtos.java) [ozone-interface-client-1.3.0-SNAPSHOT.jar:?]
	at org.apache.hadoop.ipc.ProtobufRpcEngine$Server.processCall(ProtobufRpcEngine.java:466) [hadoop-common-3.3.1.jar:?]
	at org.apache.hadoop.ipc.ProtobufRpcEngine2$Server$ProtoBufRpcInvoker.call(ProtobufRpcEngine2.java:574) [hadoop-common-3.3.1.jar:?]
	at org.apache.hadoop.ipc.ProtobufRpcEngine2$Server$ProtoBufRpcInvoker.call(ProtobufRpcEngine2.java:552) [hadoop-common-3.3.1.jar:?]
	at org.apache.hadoop.ipc.RPC$Server.call(RPC.java:1093) [hadoop-common-3.3.1.jar:?]
	at org.apache.hadoop.ipc.Server$RpcCall.run(Server.java:1035) [hadoop-common-3.3.1.jar:?]
	at org.apache.hadoop.ipc.Server$RpcCall.run(Server.java:963) [hadoop-common-3.3.1.jar:?]
	at java.security.AccessController.doPrivileged(Native Method) ~[?:1.8.0_345]
	at javax.security.auth.Subject.doAs(Subject.java:422) [?:1.8.0_345]
	at org.apache.hadoop.security.UserGroupInformation.doAs(UserGroupInformation.java:1878) [hadoop-common-3.3.1.jar:?]
	at org.apache.hadoop.ipc.Server$Handler.run(Server.java:2966) [hadoop-common-3.3.1.jar:?]
2022-09-28 15:52:03,108 [Time-limited test] WARN  ozone.BasicOzoneFileSystem (BasicOzoneFileSystem.java:getFileStatus(765)) - GetFileStatus failed for path /testBatchDelete/parent/child2
java.io.FileNotFoundException: testBatchDelete/parent/child2: No such file or directory!
	at org.apache.hadoop.fs.ozone.BasicOzoneClientAdapterImpl.getFileStatus(BasicOzoneClientAdapterImpl.java:369)
	at org.apache.hadoop.fs.ozone.BasicOzoneFileSystem.getFileStatus(BasicOzoneFileSystem.java:757)
	at org.apache.hadoop.fs.FileSystem.exists(FileSystem.java:1760)
	at org.apache.hadoop.fs.ozone.BasicOzoneFileSystem.exists(BasicOzoneFileSystem.java:804)
	at org.apache.hadoop.fs.ozone.TestOzoneFileSystem.testFileDelete(TestOzoneFileSystem.java:536)
	at sun.reflect.NativeMethodAccessorImpl.invoke0(Native Method)
	at sun.reflect.NativeMethodAccessorImpl.invoke(NativeMethodAccessorImpl.java:62)
	at sun.reflect.DelegatingMethodAccessorImpl.invoke(DelegatingMethodAccessorImpl.java:43)
	at java.lang.reflect.Method.invoke(Method.java:498)
	at org.junit.runners.model.FrameworkMethod$1.runReflectiveCall(FrameworkMethod.java:59)
	at org.junit.internal.runners.model.ReflectiveCallable.run(ReflectiveCallable.java:12)
	at org.junit.runners.model.FrameworkMethod.invokeExplosively(FrameworkMethod.java:56)
	at org.junit.internal.runners.statements.InvokeMethod.evaluate(InvokeMethod.java:17)
	at org.junit.internal.runners.statements.RunAfters.evaluate(RunAfters.java:27)
	at org.junit.internal.runners.statements.FailOnTimeout$CallableStatement.call(FailOnTimeout.java:288)
	at org.junit.internal.runners.statements.FailOnTimeout$CallableStatement.call(FailOnTimeout.java:282)
	at java.util.concurrent.FutureTask.run(FutureTask.java:266)
	at java.lang.Thread.run(Thread.java:750)
15:52:03.109 [IPC Server handler 9 on default port 36317] ERROR OMAudit - user=runner | ip=127.0.0.1 | op=GET_FILE_STATUS {volume=volume24312, bucket=bucket55718, key=testBatchDelete/parent/childFolder/child2, dataSize=0, replicationConfig=null} | ret=FAILURE
org.apache.hadoop.ozone.om.exceptions.OMException: Unable to get file status: volume: volume24312 bucket: bucket55718 key: testBatchDelete/parent/childFolder/child2
	at org.apache.hadoop.ozone.om.KeyManagerImpl.getOzoneFileStatus(KeyManagerImpl.java:1324) ~[ozone-manager-1.3.0-SNAPSHOT.jar:?]
	at org.apache.hadoop.ozone.om.KeyManagerImpl.getFileStatus(KeyManagerImpl.java:1254) ~[ozone-manager-1.3.0-SNAPSHOT.jar:?]
	at org.apache.hadoop.ozone.om.OzoneManager.getFileStatus(OzoneManager.java:3506) ~[ozone-manager-1.3.0-SNAPSHOT.jar:?]
	at org.apache.hadoop.ozone.protocolPB.OzoneManagerRequestHandler.getOzoneFileStatus(OzoneManagerRequestHandler.java:882) ~[ozone-manager-1.3.0-SNAPSHOT.jar:?]
	at org.apache.hadoop.ozone.protocolPB.OzoneManagerRequestHandler.handleReadRequest(OzoneManagerRequestHandler.java:228) ~[ozone-manager-1.3.0-SNAPSHOT.jar:?]
	at org.apache.hadoop.ozone.protocolPB.OzoneManagerProtocolServerSideTranslatorPB.submitReadRequestToOM(OzoneManagerProtocolServerSideTranslatorPB.java:226) ~[ozone-manager-1.3.0-SNAPSHOT.jar:?]
	at org.apache.hadoop.ozone.protocolPB.OzoneManagerProtocolServerSideTranslatorPB.processRequest(OzoneManagerProtocolServerSideTranslatorPB.java:175) ~[ozone-manager-1.3.0-SNAPSHOT.jar:?]
	at org.apache.hadoop.hdds.server.OzoneProtocolMessageDispatcher.processRequest(OzoneProtocolMessageDispatcher.java:87) [hdds-server-framework-1.3.0-SNAPSHOT.jar:?]
	at org.apache.hadoop.ozone.protocolPB.OzoneManagerProtocolServerSideTranslatorPB.submitRequest(OzoneManagerProtocolServerSideTranslatorPB.java:147) [ozone-manager-1.3.0-SNAPSHOT.jar:?]
	at org.apache.hadoop.ozone.protocol.proto.OzoneManagerProtocolProtos$OzoneManagerService$2.callBlockingMethod(OzoneManagerProtocolProtos.java) [ozone-interface-client-1.3.0-SNAPSHOT.jar:?]
	at org.apache.hadoop.ipc.ProtobufRpcEngine$Server.processCall(ProtobufRpcEngine.java:466) [hadoop-common-3.3.1.jar:?]
	at org.apache.hadoop.ipc.ProtobufRpcEngine2$Server$ProtoBufRpcInvoker.call(ProtobufRpcEngine2.java:574) [hadoop-common-3.3.1.jar:?]
	at org.apache.hadoop.ipc.ProtobufRpcEngine2$Server$ProtoBufRpcInvoker.call(ProtobufRpcEngine2.java:552) [hadoop-common-3.3.1.jar:?]
	at org.apache.hadoop.ipc.RPC$Server.call(RPC.java:1093) [hadoop-common-3.3.1.jar:?]
	at org.apache.hadoop.ipc.Server$RpcCall.run(Server.java:1035) [hadoop-common-3.3.1.jar:?]
	at org.apache.hadoop.ipc.Server$RpcCall.run(Server.java:963) [hadoop-common-3.3.1.jar:?]
	at java.security.AccessController.doPrivileged(Native Method) ~[?:1.8.0_345]
	at javax.security.auth.Subject.doAs(Subject.java:422) [?:1.8.0_345]
	at org.apache.hadoop.security.UserGroupInformation.doAs(UserGroupInformation.java:1878) [hadoop-common-3.3.1.jar:?]
	at org.apache.hadoop.ipc.Server$Handler.run(Server.java:2966) [hadoop-common-3.3.1.jar:?]
2022-09-28 15:52:03,109 [Time-limited test] WARN  ozone.BasicOzoneFileSystem (BasicOzoneFileSystem.java:getFileStatus(765)) - GetFileStatus failed for path /testBatchDelete/parent/childFolder/child2
java.io.FileNotFoundException: testBatchDelete/parent/childFolder/child2: No such file or directory!
	at org.apache.hadoop.fs.ozone.BasicOzoneClientAdapterImpl.getFileStatus(BasicOzoneClientAdapterImpl.java:369)
	at org.apache.hadoop.fs.ozone.BasicOzoneFileSystem.getFileStatus(BasicOzoneFileSystem.java:757)
	at org.apache.hadoop.fs.FileSystem.exists(FileSystem.java:1760)
	at org.apache.hadoop.fs.ozone.BasicOzoneFileSystem.exists(BasicOzoneFileSystem.java:804)
	at org.apache.hadoop.fs.ozone.TestOzoneFileSystem.testFileDelete(TestOzoneFileSystem.java:541)
	at sun.reflect.NativeMethodAccessorImpl.invoke0(Native Method)
	at sun.reflect.NativeMethodAccessorImpl.invoke(NativeMethodAccessorImpl.java:62)
	at sun.reflect.DelegatingMethodAccessorImpl.invoke(DelegatingMethodAccessorImpl.java:43)
	at java.lang.reflect.Method.invoke(Method.java:498)
	at org.junit.runners.model.FrameworkMethod$1.runReflectiveCall(FrameworkMethod.java:59)
	at org.junit.internal.runners.model.ReflectiveCallable.run(ReflectiveCallable.java:12)
	at org.junit.runners.model.FrameworkMethod.invokeExplosively(FrameworkMethod.java:56)
	at org.junit.internal.runners.statements.InvokeMethod.evaluate(InvokeMethod.java:17)
	at org.junit.internal.runners.statements.RunAfters.evaluate(RunAfters.java:27)
	at org.junit.internal.runners.statements.FailOnTimeout$CallableStatement.call(FailOnTimeout.java:288)
	at org.junit.internal.runners.statements.FailOnTimeout$CallableStatement.call(FailOnTimeout.java:282)
	at java.util.concurrent.FutureTask.run(FutureTask.java:266)
	at java.lang.Thread.run(Thread.java:750)
15:52:03.110 [IPC Server handler 12 on default port 36317] ERROR OMAudit - user=runner | ip=127.0.0.1 | op=GET_FILE_STATUS {volume=volume24312, bucket=bucket55718, key=testBatchDelete/parent/child3, dataSize=0, replicationConfig=null} | ret=FAILURE
org.apache.hadoop.ozone.om.exceptions.OMException: Unable to get file status: volume: volume24312 bucket: bucket55718 key: testBatchDelete/parent/child3
	at org.apache.hadoop.ozone.om.KeyManagerImpl.getOzoneFileStatus(KeyManagerImpl.java:1324) ~[ozone-manager-1.3.0-SNAPSHOT.jar:?]
	at org.apache.hadoop.ozone.om.KeyManagerImpl.getFileStatus(KeyManagerImpl.java:1254) ~[ozone-manager-1.3.0-SNAPSHOT.jar:?]
	at org.apache.hadoop.ozone.om.OzoneManager.getFileStatus(OzoneManager.java:3506) ~[ozone-manager-1.3.0-SNAPSHOT.jar:?]
	at org.apache.hadoop.ozone.protocolPB.OzoneManagerRequestHandler.getOzoneFileStatus(OzoneManagerRequestHandler.java:882) ~[ozone-manager-1.3.0-SNAPSHOT.jar:?]
	at org.apache.hadoop.ozone.protocolPB.OzoneManagerRequestHandler.handleReadRequest(OzoneManagerRequestHandler.java:228) ~[ozone-manager-1.3.0-SNAPSHOT.jar:?]
	at org.apache.hadoop.ozone.protocolPB.OzoneManagerProtocolServerSideTranslatorPB.submitReadRequestToOM(OzoneManagerProtocolServerSideTranslatorPB.java:226) ~[ozone-manager-1.3.0-SNAPSHOT.jar:?]
	at org.apache.hadoop.ozone.protocolPB.OzoneManagerProtocolServerSideTranslatorPB.processRequest(OzoneManagerProtocolServerSideTranslatorPB.java:175) ~[ozone-manager-1.3.0-SNAPSHOT.jar:?]
	at org.apache.hadoop.hdds.server.OzoneProtocolMessageDispatcher.processRequest(OzoneProtocolMessageDispatcher.java:87) [hdds-server-framework-1.3.0-SNAPSHOT.jar:?]
	at org.apache.hadoop.ozone.protocolPB.OzoneManagerProtocolServerSideTranslatorPB.submitRequest(OzoneManagerProtocolServerSideTranslatorPB.java:147) [ozone-manager-1.3.0-SNAPSHOT.jar:?]
	at org.apache.hadoop.ozone.protocol.proto.OzoneManagerProtocolProtos$OzoneManagerService$2.callBlockingMethod(OzoneManagerProtocolProtos.java) [ozone-interface-client-1.3.0-SNAPSHOT.jar:?]
	at org.apache.hadoop.ipc.ProtobufRpcEngine$Server.processCall(ProtobufRpcEngine.java:466) [hadoop-common-3.3.1.jar:?]
	at org.apache.hadoop.ipc.ProtobufRpcEngine2$Server$ProtoBufRpcInvoker.call(ProtobufRpcEngine2.java:574) [hadoop-common-3.3.1.jar:?]
	at org.apache.hadoop.ipc.ProtobufRpcEngine2$Server$ProtoBufRpcInvoker.call(ProtobufRpcEngine2.java:552) [hadoop-common-3.3.1.jar:?]
	at org.apache.hadoop.ipc.RPC$Server.call(RPC.java:1093) [hadoop-common-3.3.1.jar:?]
	at org.apache.hadoop.ipc.Server$RpcCall.run(Server.java:1035) [hadoop-common-3.3.1.jar:?]
	at org.apache.hadoop.ipc.Server$RpcCall.run(Server.java:963) [hadoop-common-3.3.1.jar:?]
	at java.security.AccessController.doPrivileged(Native Method) ~[?:1.8.0_345]
	at javax.security.auth.Subject.doAs(Subject.java:422) [?:1.8.0_345]
	at org.apache.hadoop.security.UserGroupInformation.doAs(UserGroupInformation.java:1878) [hadoop-common-3.3.1.jar:?]
	at org.apache.hadoop.ipc.Server$Handler.run(Server.java:2966) [hadoop-common-3.3.1.jar:?]
2022-09-28 15:52:03,111 [Time-limited test] WARN  ozone.BasicOzoneFileSystem (BasicOzoneFileSystem.java:getFileStatus(765)) - GetFileStatus failed for path /testBatchDelete/parent/child3
java.io.FileNotFoundException: testBatchDelete/parent/child3: No such file or directory!
	at org.apache.hadoop.fs.ozone.BasicOzoneClientAdapterImpl.getFileStatus(BasicOzoneClientAdapterImpl.java:369)
	at org.apache.hadoop.fs.ozone.BasicOzoneFileSystem.getFileStatus(BasicOzoneFileSystem.java:757)
	at org.apache.hadoop.fs.FileSystem.exists(FileSystem.java:1760)
	at org.apache.hadoop.fs.ozone.BasicOzoneFileSystem.exists(BasicOzoneFileSystem.java:804)
	at org.apache.hadoop.fs.ozone.TestOzoneFileSystem.testFileDelete(TestOzoneFileSystem.java:536)
	at sun.reflect.NativeMethodAccessorImpl.invoke0(Native Method)
	at sun.reflect.NativeMethodAccessorImpl.invoke(NativeMethodAccessorImpl.java:62)
	at sun.reflect.DelegatingMethodAccessorImpl.invoke(DelegatingMethodAccessorImpl.java:43)
	at java.lang.reflect.Method.invoke(Method.java:498)
	at org.junit.runners.model.FrameworkMethod$1.runReflectiveCall(FrameworkMethod.java:59)
	at org.junit.internal.runners.model.ReflectiveCallable.run(ReflectiveCallable.java:12)
	at org.junit.runners.model.FrameworkMethod.invokeExplosively(FrameworkMethod.java:56)
	at org.junit.internal.runners.statements.InvokeMethod.evaluate(InvokeMethod.java:17)
	at org.junit.internal.runners.statements.RunAfters.evaluate(RunAfters.java:27)
	at org.junit.internal.runners.statements.FailOnTimeout$CallableStatement.call(FailOnTimeout.java:288)
	at org.junit.internal.runners.statements.FailOnTimeout$CallableStatement.call(FailOnTimeout.java:282)
	at java.util.concurrent.FutureTask.run(FutureTask.java:266)
	at java.lang.Thread.run(Thread.java:750)
15:52:03.111 [IPC Server handler 6 on default port 36317] ERROR OMAudit - user=runner | ip=127.0.0.1 | op=GET_FILE_STATUS {volume=volume24312, bucket=bucket55718, key=testBatchDelete/parent/childFolder/child3, dataSize=0, replicationConfig=null} | ret=FAILURE
org.apache.hadoop.ozone.om.exceptions.OMException: Unable to get file status: volume: volume24312 bucket: bucket55718 key: testBatchDelete/parent/childFolder/child3
	at org.apache.hadoop.ozone.om.KeyManagerImpl.getOzoneFileStatus(KeyManagerImpl.java:1324) ~[ozone-manager-1.3.0-SNAPSHOT.jar:?]
	at org.apache.hadoop.ozone.om.KeyManagerImpl.getFileStatus(KeyManagerImpl.java:1254) ~[ozone-manager-1.3.0-SNAPSHOT.jar:?]
	at org.apache.hadoop.ozone.om.OzoneManager.getFileStatus(OzoneManager.java:3506) ~[ozone-manager-1.3.0-SNAPSHOT.jar:?]
	at org.apache.hadoop.ozone.protocolPB.OzoneManagerRequestHandler.getOzoneFileStatus(OzoneManagerRequestHandler.java:882) ~[ozone-manager-1.3.0-SNAPSHOT.jar:?]
	at org.apache.hadoop.ozone.protocolPB.OzoneManagerRequestHandler.handleReadRequest(OzoneManagerRequestHandler.java:228) ~[ozone-manager-1.3.0-SNAPSHOT.jar:?]
	at org.apache.hadoop.ozone.protocolPB.OzoneManagerProtocolServerSideTranslatorPB.submitReadRequestToOM(OzoneManagerProtocolServerSideTranslatorPB.java:226) ~[ozone-manager-1.3.0-SNAPSHOT.jar:?]
	at org.apache.hadoop.ozone.protocolPB.OzoneManagerProtocolServerSideTranslatorPB.processRequest(OzoneManagerProtocolServerSideTranslatorPB.java:175) ~[ozone-manager-1.3.0-SNAPSHOT.jar:?]
	at org.apache.hadoop.hdds.server.OzoneProtocolMessageDispatcher.processRequest(OzoneProtocolMessageDispatcher.java:87) [hdds-server-framework-1.3.0-SNAPSHOT.jar:?]
	at org.apache.hadoop.ozone.protocolPB.OzoneManagerProtocolServerSideTranslatorPB.submitRequest(OzoneManagerProtocolServerSideTranslatorPB.java:147) [ozone-manager-1.3.0-SNAPSHOT.jar:?]
	at org.apache.hadoop.ozone.protocol.proto.OzoneManagerProtocolProtos$OzoneManagerService$2.callBlockingMethod(OzoneManagerProtocolProtos.java) [ozone-interface-client-1.3.0-SNAPSHOT.jar:?]
	at org.apache.hadoop.ipc.ProtobufRpcEngine$Server.processCall(ProtobufRpcEngine.java:466) [hadoop-common-3.3.1.jar:?]
	at org.apache.hadoop.ipc.ProtobufRpcEngine2$Server$ProtoBufRpcInvoker.call(ProtobufRpcEngine2.java:574) [hadoop-common-3.3.1.jar:?]
	at org.apache.hadoop.ipc.ProtobufRpcEngine2$Server$ProtoBufRpcInvoker.call(ProtobufRpcEngine2.java:552) [hadoop-common-3.3.1.jar:?]
	at org.apache.hadoop.ipc.RPC$Server.call(RPC.java:1093) [hadoop-common-3.3.1.jar:?]
	at org.apache.hadoop.ipc.Server$RpcCall.run(Server.java:1035) [hadoop-common-3.3.1.jar:?]
	at org.apache.hadoop.ipc.Server$RpcCall.run(Server.java:963) [hadoop-common-3.3.1.jar:?]
	at java.security.AccessController.doPrivileged(Native Method) ~[?:1.8.0_345]
	at javax.security.auth.Subject.doAs(Subject.java:422) [?:1.8.0_345]
	at org.apache.hadoop.security.UserGroupInformation.doAs(UserGroupInformation.java:1878) [hadoop-common-3.3.1.jar:?]
	at org.apache.hadoop.ipc.Server$Handler.run(Server.java:2966) [hadoop-common-3.3.1.jar:?]
2022-09-28 15:52:03,112 [Time-limited test] WARN  ozone.BasicOzoneFileSystem (BasicOzoneFileSystem.java:getFileStatus(765)) - GetFileStatus failed for path /testBatchDelete/parent/childFolder/child3
java.io.FileNotFoundException: testBatchDelete/parent/childFolder/child3: No such file or directory!
	at org.apache.hadoop.fs.ozone.BasicOzoneClientAdapterImpl.getFileStatus(BasicOzoneClientAdapterImpl.java:369)
	at org.apache.hadoop.fs.ozone.BasicOzoneFileSystem.getFileStatus(BasicOzoneFileSystem.java:757)
	at org.apache.hadoop.fs.FileSystem.exists(FileSystem.java:1760)
	at org.apache.hadoop.fs.ozone.BasicOzoneFileSystem.exists(BasicOzoneFileSystem.java:804)
	at org.apache.hadoop.fs.ozone.TestOzoneFileSystem.testFileDelete(TestOzoneFileSystem.java:541)
	at sun.reflect.NativeMethodAccessorImpl.invoke0(Native Method)
	at sun.reflect.NativeMethodAccessorImpl.invoke(NativeMethodAccessorImpl.java:62)
	at sun.reflect.DelegatingMethodAccessorImpl.invoke(DelegatingMethodAccessorImpl.java:43)
	at java.lang.reflect.Method.invoke(Method.java:498)
	at org.junit.runners.model.FrameworkMethod$1.runReflectiveCall(FrameworkMethod.java:59)
	at org.junit.internal.runners.model.ReflectiveCallable.run(ReflectiveCallable.java:12)
	at org.junit.runners.model.FrameworkMethod.invokeExplosively(FrameworkMethod.java:56)
	at org.junit.internal.runners.statements.InvokeMethod.evaluate(InvokeMethod.java:17)
	at org.junit.internal.runners.statements.RunAfters.evaluate(RunAfters.java:27)
	at org.junit.internal.runners.statements.FailOnTimeout$CallableStatement.call(FailOnTimeout.java:288)
	at org.junit.internal.runners.statements.FailOnTimeout$CallableStatement.call(FailOnTimeout.java:282)
	at java.util.concurrent.FutureTask.run(FutureTask.java:266)
	at java.lang.Thread.run(Thread.java:750)
15:52:03.113 [IPC Server handler 17 on default port 36317] ERROR OMAudit - user=runner | ip=127.0.0.1 | op=GET_FILE_STATUS {volume=volume24312, bucket=bucket55718, key=testBatchDelete/parent/child4, dataSize=0, replicationConfig=null} | ret=FAILURE
org.apache.hadoop.ozone.om.exceptions.OMException: Unable to get file status: volume: volume24312 bucket: bucket55718 key: testBatchDelete/parent/child4
	at org.apache.hadoop.ozone.om.KeyManagerImpl.getOzoneFileStatus(KeyManagerImpl.java:1324) ~[ozone-manager-1.3.0-SNAPSHOT.jar:?]
	at org.apache.hadoop.ozone.om.KeyManagerImpl.getFileStatus(KeyManagerImpl.java:1254) ~[ozone-manager-1.3.0-SNAPSHOT.jar:?]
	at org.apache.hadoop.ozone.om.OzoneManager.getFileStatus(OzoneManager.java:3506) ~[ozone-manager-1.3.0-SNAPSHOT.jar:?]
	at org.apache.hadoop.ozone.protocolPB.OzoneManagerRequestHandler.getOzoneFileStatus(OzoneManagerRequestHandler.java:882) ~[ozone-manager-1.3.0-SNAPSHOT.jar:?]
	at org.apache.hadoop.ozone.protocolPB.OzoneManagerRequestHandler.handleReadRequest(OzoneManagerRequestHandler.java:228) ~[ozone-manager-1.3.0-SNAPSHOT.jar:?]
	at org.apache.hadoop.ozone.protocolPB.OzoneManagerProtocolServerSideTranslatorPB.submitReadRequestToOM(OzoneManagerProtocolServerSideTranslatorPB.java:226) ~[ozone-manager-1.3.0-SNAPSHOT.jar:?]
	at org.apache.hadoop.ozone.protocolPB.OzoneManagerProtocolServerSideTranslatorPB.processRequest(OzoneManagerProtocolServerSideTranslatorPB.java:175) ~[ozone-manager-1.3.0-SNAPSHOT.jar:?]
	at org.apache.hadoop.hdds.server.OzoneProtocolMessageDispatcher.processRequest(OzoneProtocolMessageDispatcher.java:87) [hdds-server-framework-1.3.0-SNAPSHOT.jar:?]
	at org.apache.hadoop.ozone.protocolPB.OzoneManagerProtocolServerSideTranslatorPB.submitRequest(OzoneManagerProtocolServerSideTranslatorPB.java:147) [ozone-manager-1.3.0-SNAPSHOT.jar:?]
	at org.apache.hadoop.ozone.protocol.proto.OzoneManagerProtocolProtos$OzoneManagerService$2.callBlockingMethod(OzoneManagerProtocolProtos.java) [ozone-interface-client-1.3.0-SNAPSHOT.jar:?]
	at org.apache.hadoop.ipc.ProtobufRpcEngine$Server.processCall(ProtobufRpcEngine.java:466) [hadoop-common-3.3.1.jar:?]
	at org.apache.hadoop.ipc.ProtobufRpcEngine2$Server$ProtoBufRpcInvoker.call(ProtobufRpcEngine2.java:574) [hadoop-common-3.3.1.jar:?]
	at org.apache.hadoop.ipc.ProtobufRpcEngine2$Server$ProtoBufRpcInvoker.call(ProtobufRpcEngine2.java:552) [hadoop-common-3.3.1.jar:?]
	at org.apache.hadoop.ipc.RPC$Server.call(RPC.java:1093) [hadoop-common-3.3.1.jar:?]
	at org.apache.hadoop.ipc.Server$RpcCall.run(Server.java:1035) [hadoop-common-3.3.1.jar:?]
	at org.apache.hadoop.ipc.Server$RpcCall.run(Server.java:963) [hadoop-common-3.3.1.jar:?]
	at java.security.AccessController.doPrivileged(Native Method) ~[?:1.8.0_345]
	at javax.security.auth.Subject.doAs(Subject.java:422) [?:1.8.0_345]
	at org.apache.hadoop.security.UserGroupInformation.doAs(UserGroupInformation.java:1878) [hadoop-common-3.3.1.jar:?]
	at org.apache.hadoop.ipc.Server$Handler.run(Server.java:2966) [hadoop-common-3.3.1.jar:?]
2022-09-28 15:52:03,113 [Time-limited test] WARN  ozone.BasicOzoneFileSystem (BasicOzoneFileSystem.java:getFileStatus(765)) - GetFileStatus failed for path /testBatchDelete/parent/child4
java.io.FileNotFoundException: testBatchDelete/parent/child4: No such file or directory!
	at org.apache.hadoop.fs.ozone.BasicOzoneClientAdapterImpl.getFileStatus(BasicOzoneClientAdapterImpl.java:369)
	at org.apache.hadoop.fs.ozone.BasicOzoneFileSystem.getFileStatus(BasicOzoneFileSystem.java:757)
	at org.apache.hadoop.fs.FileSystem.exists(FileSystem.java:1760)
	at org.apache.hadoop.fs.ozone.BasicOzoneFileSystem.exists(BasicOzoneFileSystem.java:804)
	at org.apache.hadoop.fs.ozone.TestOzoneFileSystem.testFileDelete(TestOzoneFileSystem.java:536)
	at sun.reflect.NativeMethodAccessorImpl.invoke0(Native Method)
	at sun.reflect.NativeMethodAccessorImpl.invoke(NativeMethodAccessorImpl.java:62)
	at sun.reflect.DelegatingMethodAccessorImpl.invoke(DelegatingMethodAccessorImpl.java:43)
	at java.lang.reflect.Method.invoke(Method.java:498)
	at org.junit.runners.model.FrameworkMethod$1.runReflectiveCall(FrameworkMethod.java:59)
	at org.junit.internal.runners.model.ReflectiveCallable.run(ReflectiveCallable.java:12)
	at org.junit.runners.model.FrameworkMethod.invokeExplosively(FrameworkMethod.java:56)
	at org.junit.internal.runners.statements.InvokeMethod.evaluate(InvokeMethod.java:17)
	at org.junit.internal.runners.statements.RunAfters.evaluate(RunAfters.java:27)
	at org.junit.internal.runners.statements.FailOnTimeout$CallableStatement.call(FailOnTimeout.java:288)
	at org.junit.internal.runners.statements.FailOnTimeout$CallableStatement.call(FailOnTimeout.java:282)
	at java.util.concurrent.FutureTask.run(FutureTask.java:266)
	at java.lang.Thread.run(Thread.java:750)
15:52:03.114 [IPC Server handler 7 on default port 36317] ERROR OMAudit - user=runner | ip=127.0.0.1 | op=GET_FILE_STATUS {volume=volume24312, bucket=bucket55718, key=testBatchDelete/parent/childFolder/child4, dataSize=0, replicationConfig=null} | ret=FAILURE
org.apache.hadoop.ozone.om.exceptions.OMException: Unable to get file status: volume: volume24312 bucket: bucket55718 key: testBatchDelete/parent/childFolder/child4
	at org.apache.hadoop.ozone.om.KeyManagerImpl.getOzoneFileStatus(KeyManagerImpl.java:1324) ~[ozone-manager-1.3.0-SNAPSHOT.jar:?]
	at org.apache.hadoop.ozone.om.KeyManagerImpl.getFileStatus(KeyManagerImpl.java:1254) ~[ozone-manager-1.3.0-SNAPSHOT.jar:?]
	at org.apache.hadoop.ozone.om.OzoneManager.getFileStatus(OzoneManager.java:3506) ~[ozone-manager-1.3.0-SNAPSHOT.jar:?]
	at org.apache.hadoop.ozone.protocolPB.OzoneManagerRequestHandler.getOzoneFileStatus(OzoneManagerRequestHandler.java:882) ~[ozone-manager-1.3.0-SNAPSHOT.jar:?]
	at org.apache.hadoop.ozone.protocolPB.OzoneManagerRequestHandler.handleReadRequest(OzoneManagerRequestHandler.java:228) ~[ozone-manager-1.3.0-SNAPSHOT.jar:?]
	at org.apache.hadoop.ozone.protocolPB.OzoneManagerProtocolServerSideTranslatorPB.submitReadRequestToOM(OzoneManagerProtocolServerSideTranslatorPB.java:226) ~[ozone-manager-1.3.0-SNAPSHOT.jar:?]
	at org.apache.hadoop.ozone.protocolPB.OzoneManagerProtocolServerSideTranslatorPB.processRequest(OzoneManagerProtocolServerSideTranslatorPB.java:175) ~[ozone-manager-1.3.0-SNAPSHOT.jar:?]
	at org.apache.hadoop.hdds.server.OzoneProtocolMessageDispatcher.processRequest(OzoneProtocolMessageDispatcher.java:87) [hdds-server-framework-1.3.0-SNAPSHOT.jar:?]
	at org.apache.hadoop.ozone.protocolPB.OzoneManagerProtocolServerSideTranslatorPB.submitRequest(OzoneManagerProtocolServerSideTranslatorPB.java:147) [ozone-manager-1.3.0-SNAPSHOT.jar:?]
	at org.apache.hadoop.ozone.protocol.proto.OzoneManagerProtocolProtos$OzoneManagerService$2.callBlockingMethod(OzoneManagerProtocolProtos.java) [ozone-interface-client-1.3.0-SNAPSHOT.jar:?]
	at org.apache.hadoop.ipc.ProtobufRpcEngine$Server.processCall(ProtobufRpcEngine.java:466) [hadoop-common-3.3.1.jar:?]
	at org.apache.hadoop.ipc.ProtobufRpcEngine2$Server$ProtoBufRpcInvoker.call(ProtobufRpcEngine2.java:574) [hadoop-common-3.3.1.jar:?]
	at org.apache.hadoop.ipc.ProtobufRpcEngine2$Server$ProtoBufRpcInvoker.call(ProtobufRpcEngine2.java:552) [hadoop-common-3.3.1.jar:?]
	at org.apache.hadoop.ipc.RPC$Server.call(RPC.java:1093) [hadoop-common-3.3.1.jar:?]
	at org.apache.hadoop.ipc.Server$RpcCall.run(Server.java:1035) [hadoop-common-3.3.1.jar:?]
	at org.apache.hadoop.ipc.Server$RpcCall.run(Server.java:963) [hadoop-common-3.3.1.jar:?]
	at java.security.AccessController.doPrivileged(Native Method) ~[?:1.8.0_345]
	at javax.security.auth.Subject.doAs(Subject.java:422) [?:1.8.0_345]
	at org.apache.hadoop.security.UserGroupInformation.doAs(UserGroupInformation.java:1878) [hadoop-common-3.3.1.jar:?]
	at org.apache.hadoop.ipc.Server$Handler.run(Server.java:2966) [hadoop-common-3.3.1.jar:?]
2022-09-28 15:52:03,116 [Time-limited test] WARN  ozone.BasicOzoneFileSystem (BasicOzoneFileSystem.java:getFileStatus(765)) - GetFileStatus failed for path /testBatchDelete/parent/childFolder/child4
java.io.FileNotFoundException: testBatchDelete/parent/childFolder/child4: No such file or directory!
	at org.apache.hadoop.fs.ozone.BasicOzoneClientAdapterImpl.getFileStatus(BasicOzoneClientAdapterImpl.java:369)
	at org.apache.hadoop.fs.ozone.BasicOzoneFileSystem.getFileStatus(BasicOzoneFileSystem.java:757)
	at org.apache.hadoop.fs.FileSystem.exists(FileSystem.java:1760)
	at org.apache.hadoop.fs.ozone.BasicOzoneFileSystem.exists(BasicOzoneFileSystem.java:804)
	at org.apache.hadoop.fs.ozone.TestOzoneFileSystem.testFileDelete(TestOzoneFileSystem.java:541)
	at sun.reflect.NativeMethodAccessorImpl.invoke0(Native Method)
	at sun.reflect.NativeMethodAccessorImpl.invoke(NativeMethodAccessorImpl.java:62)
	at sun.reflect.DelegatingMethodAccessorImpl.invoke(DelegatingMethodAccessorImpl.java:43)
	at java.lang.reflect.Method.invoke(Method.java:498)
	at org.junit.runners.model.FrameworkMethod$1.runReflectiveCall(FrameworkMethod.java:59)
	at org.junit.internal.runners.model.ReflectiveCallable.run(ReflectiveCallable.java:12)
	at org.junit.runners.model.FrameworkMethod.invokeExplosively(FrameworkMethod.java:56)
	at org.junit.internal.runners.statements.InvokeMethod.evaluate(InvokeMethod.java:17)
	at org.junit.internal.runners.statements.RunAfters.evaluate(RunAfters.java:27)
	at org.junit.internal.runners.statements.FailOnTimeout$CallableStatement.call(FailOnTimeout.java:288)
	at org.junit.internal.runners.statements.FailOnTimeout$CallableStatement.call(FailOnTimeout.java:282)
	at java.util.concurrent.FutureTask.run(FutureTask.java:266)
	at java.lang.Thread.run(Thread.java:750)
15:52:03.116 [IPC Server handler 1 on default port 36317] ERROR OMAudit - user=runner | ip=127.0.0.1 | op=GET_FILE_STATUS {volume=volume24312, bucket=bucket55718, key=testBatchDelete/parent/child5, dataSize=0, replicationConfig=null} | ret=FAILURE
org.apache.hadoop.ozone.om.exceptions.OMException: Unable to get file status: volume: volume24312 bucket: bucket55718 key: testBatchDelete/parent/child5
	at org.apache.hadoop.ozone.om.KeyManagerImpl.getOzoneFileStatus(KeyManagerImpl.java:1324) ~[ozone-manager-1.3.0-SNAPSHOT.jar:?]
	at org.apache.hadoop.ozone.om.KeyManagerImpl.getFileStatus(KeyManagerImpl.java:1254) ~[ozone-manager-1.3.0-SNAPSHOT.jar:?]
	at org.apache.hadoop.ozone.om.OzoneManager.getFileStatus(OzoneManager.java:3506) ~[ozone-manager-1.3.0-SNAPSHOT.jar:?]
	at org.apache.hadoop.ozone.protocolPB.OzoneManagerRequestHandler.getOzoneFileStatus(OzoneManagerRequestHandler.java:882) ~[ozone-manager-1.3.0-SNAPSHOT.jar:?]
	at org.apache.hadoop.ozone.protocolPB.OzoneManagerRequestHandler.handleReadRequest(OzoneManagerRequestHandler.java:228) ~[ozone-manager-1.3.0-SNAPSHOT.jar:?]
	at org.apache.hadoop.ozone.protocolPB.OzoneManagerProtocolServerSideTranslatorPB.submitReadRequestToOM(OzoneManagerProtocolServerSideTranslatorPB.java:226) ~[ozone-manager-1.3.0-SNAPSHOT.jar:?]
	at org.apache.hadoop.ozone.protocolPB.OzoneManagerProtocolServerSideTranslatorPB.processRequest(OzoneManagerProtocolServerSideTranslatorPB.java:175) ~[ozone-manager-1.3.0-SNAPSHOT.jar:?]
	at org.apache.hadoop.hdds.server.OzoneProtocolMessageDispatcher.processRequest(OzoneProtocolMessageDispatcher.java:87) [hdds-server-framework-1.3.0-SNAPSHOT.jar:?]
	at org.apache.hadoop.ozone.protocolPB.OzoneManagerProtocolServerSideTranslatorPB.submitRequest(OzoneManagerProtocolServerSideTranslatorPB.java:147) [ozone-manager-1.3.0-SNAPSHOT.jar:?]
	at org.apache.hadoop.ozone.protocol.proto.OzoneManagerProtocolProtos$OzoneManagerService$2.callBlockingMethod(OzoneManagerProtocolProtos.java) [ozone-interface-client-1.3.0-SNAPSHOT.jar:?]
	at org.apache.hadoop.ipc.ProtobufRpcEngine$Server.processCall(ProtobufRpcEngine.java:466) [hadoop-common-3.3.1.jar:?]
	at org.apache.hadoop.ipc.ProtobufRpcEngine2$Server$ProtoBufRpcInvoker.call(ProtobufRpcEngine2.java:574) [hadoop-common-3.3.1.jar:?]
	at org.apache.hadoop.ipc.ProtobufRpcEngine2$Server$ProtoBufRpcInvoker.call(ProtobufRpcEngine2.java:552) [hadoop-common-3.3.1.jar:?]
	at org.apache.hadoop.ipc.RPC$Server.call(RPC.java:1093) [hadoop-common-3.3.1.jar:?]
	at org.apache.hadoop.ipc.Server$RpcCall.run(Server.java:1035) [hadoop-common-3.3.1.jar:?]
	at org.apache.hadoop.ipc.Server$RpcCall.run(Server.java:963) [hadoop-common-3.3.1.jar:?]
	at java.security.AccessController.doPrivileged(Native Method) ~[?:1.8.0_345]
	at javax.security.auth.Subject.doAs(Subject.java:422) [?:1.8.0_345]
	at org.apache.hadoop.security.UserGroupInformation.doAs(UserGroupInformation.java:1878) [hadoop-common-3.3.1.jar:?]
	at org.apache.hadoop.ipc.Server$Handler.run(Server.java:2966) [hadoop-common-3.3.1.jar:?]
2022-09-28 15:52:03,117 [Time-limited test] WARN  ozone.BasicOzoneFileSystem (BasicOzoneFileSystem.java:getFileStatus(765)) - GetFileStatus failed for path /testBatchDelete/parent/child5
java.io.FileNotFoundException: testBatchDelete/parent/child5: No such file or directory!
	at org.apache.hadoop.fs.ozone.BasicOzoneClientAdapterImpl.getFileStatus(BasicOzoneClientAdapterImpl.java:369)
	at org.apache.hadoop.fs.ozone.BasicOzoneFileSystem.getFileStatus(BasicOzoneFileSystem.java:757)
	at org.apache.hadoop.fs.FileSystem.exists(FileSystem.java:1760)
	at org.apache.hadoop.fs.ozone.BasicOzoneFileSystem.exists(BasicOzoneFileSystem.java:804)
	at org.apache.hadoop.fs.ozone.TestOzoneFileSystem.testFileDelete(TestOzoneFileSystem.java:536)
	at sun.reflect.NativeMethodAccessorImpl.invoke0(Native Method)
	at sun.reflect.NativeMethodAccessorImpl.invoke(NativeMethodAccessorImpl.java:62)
	at sun.reflect.DelegatingMethodAccessorImpl.invoke(DelegatingMethodAccessorImpl.java:43)
	at java.lang.reflect.Method.invoke(Method.java:498)
	at org.junit.runners.model.FrameworkMethod$1.runReflectiveCall(FrameworkMethod.java:59)
	at org.junit.internal.runners.model.ReflectiveCallable.run(ReflectiveCallable.java:12)
	at org.junit.runners.model.FrameworkMethod.invokeExplosively(FrameworkMethod.java:56)
	at org.junit.internal.runners.statements.InvokeMethod.evaluate(InvokeMethod.java:17)
	at org.junit.internal.runners.statements.RunAfters.evaluate(RunAfters.java:27)
	at org.junit.internal.runners.statements.FailOnTimeout$CallableStatement.call(FailOnTimeout.java:288)
	at org.junit.internal.runners.statements.FailOnTimeout$CallableStatement.call(FailOnTimeout.java:282)
	at java.util.concurrent.FutureTask.run(FutureTask.java:266)
	at java.lang.Thread.run(Thread.java:750)
15:52:03.118 [IPC Server handler 4 on default port 36317] ERROR OMAudit - user=runner | ip=127.0.0.1 | op=GET_FILE_STATUS {volume=volume24312, bucket=bucket55718, key=testBatchDelete/parent/childFolder/child5, dataSize=0, replicationConfig=null} | ret=FAILURE
org.apache.hadoop.ozone.om.exceptions.OMException: Unable to get file status: volume: volume24312 bucket: bucket55718 key: testBatchDelete/parent/childFolder/child5
	at org.apache.hadoop.ozone.om.KeyManagerImpl.getOzoneFileStatus(KeyManagerImpl.java:1324) ~[ozone-manager-1.3.0-SNAPSHOT.jar:?]
	at org.apache.hadoop.ozone.om.KeyManagerImpl.getFileStatus(KeyManagerImpl.java:1254) ~[ozone-manager-1.3.0-SNAPSHOT.jar:?]
	at org.apache.hadoop.ozone.om.OzoneManager.getFileStatus(OzoneManager.java:3506) ~[ozone-manager-1.3.0-SNAPSHOT.jar:?]
	at org.apache.hadoop.ozone.protocolPB.OzoneManagerRequestHandler.getOzoneFileStatus(OzoneManagerRequestHandler.java:882) ~[ozone-manager-1.3.0-SNAPSHOT.jar:?]
	at org.apache.hadoop.ozone.protocolPB.OzoneManagerRequestHandler.handleReadRequest(OzoneManagerRequestHandler.java:228) ~[ozone-manager-1.3.0-SNAPSHOT.jar:?]
	at org.apache.hadoop.ozone.protocolPB.OzoneManagerProtocolServerSideTranslatorPB.submitReadRequestToOM(OzoneManagerProtocolServerSideTranslatorPB.java:226) ~[ozone-manager-1.3.0-SNAPSHOT.jar:?]
	at org.apache.hadoop.ozone.protocolPB.OzoneManagerProtocolServerSideTranslatorPB.processRequest(OzoneManagerProtocolServerSideTranslatorPB.java:175) ~[ozone-manager-1.3.0-SNAPSHOT.jar:?]
	at org.apache.hadoop.hdds.server.OzoneProtocolMessageDispatcher.processRequest(OzoneProtocolMessageDispatcher.java:87) [hdds-server-framework-1.3.0-SNAPSHOT.jar:?]
	at org.apache.hadoop.ozone.protocolPB.OzoneManagerProtocolServerSideTranslatorPB.submitRequest(OzoneManagerProtocolServerSideTranslatorPB.java:147) [ozone-manager-1.3.0-SNAPSHOT.jar:?]
	at org.apache.hadoop.ozone.protocol.proto.OzoneManagerProtocolProtos$OzoneManagerService$2.callBlockingMethod(OzoneManagerProtocolProtos.java) [ozone-interface-client-1.3.0-SNAPSHOT.jar:?]
	at org.apache.hadoop.ipc.ProtobufRpcEngine$Server.processCall(ProtobufRpcEngine.java:466) [hadoop-common-3.3.1.jar:?]
	at org.apache.hadoop.ipc.ProtobufRpcEngine2$Server$ProtoBufRpcInvoker.call(ProtobufRpcEngine2.java:574) [hadoop-common-3.3.1.jar:?]
	at org.apache.hadoop.ipc.ProtobufRpcEngine2$Server$ProtoBufRpcInvoker.call(ProtobufRpcEngine2.java:552) [hadoop-common-3.3.1.jar:?]
	at org.apache.hadoop.ipc.RPC$Server.call(RPC.java:1093) [hadoop-common-3.3.1.jar:?]
	at org.apache.hadoop.ipc.Server$RpcCall.run(Server.java:1035) [hadoop-common-3.3.1.jar:?]
	at org.apache.hadoop.ipc.Server$RpcCall.run(Server.java:963) [hadoop-common-3.3.1.jar:?]
	at java.security.AccessController.doPrivileged(Native Method) ~[?:1.8.0_345]
	at javax.security.auth.Subject.doAs(Subject.java:422) [?:1.8.0_345]
	at org.apache.hadoop.security.UserGroupInformation.doAs(UserGroupInformation.java:1878) [hadoop-common-3.3.1.jar:?]
	at org.apache.hadoop.ipc.Server$Handler.run(Server.java:2966) [hadoop-common-3.3.1.jar:?]
2022-09-28 15:52:03,118 [Time-limited test] WARN  ozone.BasicOzoneFileSystem (BasicOzoneFileSystem.java:getFileStatus(765)) - GetFileStatus failed for path /testBatchDelete/parent/childFolder/child5
java.io.FileNotFoundException: testBatchDelete/parent/childFolder/child5: No such file or directory!
	at org.apache.hadoop.fs.ozone.BasicOzoneClientAdapterImpl.getFileStatus(BasicOzoneClientAdapterImpl.java:369)
	at org.apache.hadoop.fs.ozone.BasicOzoneFileSystem.getFileStatus(BasicOzoneFileSystem.java:757)
	at org.apache.hadoop.fs.FileSystem.exists(FileSystem.java:1760)
	at org.apache.hadoop.fs.ozone.BasicOzoneFileSystem.exists(BasicOzoneFileSystem.java:804)
	at org.apache.hadoop.fs.ozone.TestOzoneFileSystem.testFileDelete(TestOzoneFileSystem.java:541)
	at sun.reflect.NativeMethodAccessorImpl.invoke0(Native Method)
	at sun.reflect.NativeMethodAccessorImpl.invoke(NativeMethodAccessorImpl.java:62)
	at sun.reflect.DelegatingMethodAccessorImpl.invoke(DelegatingMethodAccessorImpl.java:43)
	at java.lang.reflect.Method.invoke(Method.java:498)
	at org.junit.runners.model.FrameworkMethod$1.runReflectiveCall(FrameworkMethod.java:59)
	at org.junit.internal.runners.model.ReflectiveCallable.run(ReflectiveCallable.java:12)
	at org.junit.runners.model.FrameworkMethod.invokeExplosively(FrameworkMethod.java:56)
	at org.junit.internal.runners.statements.InvokeMethod.evaluate(InvokeMethod.java:17)
	at org.junit.internal.runners.statements.RunAfters.evaluate(RunAfters.java:27)
	at org.junit.internal.runners.statements.FailOnTimeout$CallableStatement.call(FailOnTimeout.java:288)
	at org.junit.internal.runners.statements.FailOnTimeout$CallableStatement.call(FailOnTimeout.java:282)
	at java.util.concurrent.FutureTask.run(FutureTask.java:266)
	at java.lang.Thread.run(Thread.java:750)
15:52:03.119 [IPC Server handler 0 on default port 36317] ERROR OMAudit - user=runner | ip=127.0.0.1 | op=GET_FILE_STATUS {volume=volume24312, bucket=bucket55718, key=testBatchDelete/parent/child6, dataSize=0, replicationConfig=null} | ret=FAILURE
org.apache.hadoop.ozone.om.exceptions.OMException: Unable to get file status: volume: volume24312 bucket: bucket55718 key: testBatchDelete/parent/child6
	at org.apache.hadoop.ozone.om.KeyManagerImpl.getOzoneFileStatus(KeyManagerImpl.java:1324) ~[ozone-manager-1.3.0-SNAPSHOT.jar:?]
	at org.apache.hadoop.ozone.om.KeyManagerImpl.getFileStatus(KeyManagerImpl.java:1254) ~[ozone-manager-1.3.0-SNAPSHOT.jar:?]
	at org.apache.hadoop.ozone.om.OzoneManager.getFileStatus(OzoneManager.java:3506) ~[ozone-manager-1.3.0-SNAPSHOT.jar:?]
	at org.apache.hadoop.ozone.protocolPB.OzoneManagerRequestHandler.getOzoneFileStatus(OzoneManagerRequestHandler.java:882) ~[ozone-manager-1.3.0-SNAPSHOT.jar:?]
	at org.apache.hadoop.ozone.protocolPB.OzoneManagerRequestHandler.handleReadRequest(OzoneManagerRequestHandler.java:228) ~[ozone-manager-1.3.0-SNAPSHOT.jar:?]
	at org.apache.hadoop.ozone.protocolPB.OzoneManagerProtocolServerSideTranslatorPB.submitReadRequestToOM(OzoneManagerProtocolServerSideTranslatorPB.java:226) ~[ozone-manager-1.3.0-SNAPSHOT.jar:?]
	at org.apache.hadoop.ozone.protocolPB.OzoneManagerProtocolServerSideTranslatorPB.processRequest(OzoneManagerProtocolServerSideTranslatorPB.java:175) ~[ozone-manager-1.3.0-SNAPSHOT.jar:?]
	at org.apache.hadoop.hdds.server.OzoneProtocolMessageDispatcher.processRequest(OzoneProtocolMessageDispatcher.java:87) [hdds-server-framework-1.3.0-SNAPSHOT.jar:?]
	at org.apache.hadoop.ozone.protocolPB.OzoneManagerProtocolServerSideTranslatorPB.submitRequest(OzoneManagerProtocolServerSideTranslatorPB.java:147) [ozone-manager-1.3.0-SNAPSHOT.jar:?]
	at org.apache.hadoop.ozone.protocol.proto.OzoneManagerProtocolProtos$OzoneManagerService$2.callBlockingMethod(OzoneManagerProtocolProtos.java) [ozone-interface-client-1.3.0-SNAPSHOT.jar:?]
	at org.apache.hadoop.ipc.ProtobufRpcEngine$Server.processCall(ProtobufRpcEngine.java:466) [hadoop-common-3.3.1.jar:?]
	at org.apache.hadoop.ipc.ProtobufRpcEngine2$Server$ProtoBufRpcInvoker.call(ProtobufRpcEngine2.java:574) [hadoop-common-3.3.1.jar:?]
	at org.apache.hadoop.ipc.ProtobufRpcEngine2$Server$ProtoBufRpcInvoker.call(ProtobufRpcEngine2.java:552) [hadoop-common-3.3.1.jar:?]
	at org.apache.hadoop.ipc.RPC$Server.call(RPC.java:1093) [hadoop-common-3.3.1.jar:?]
	at org.apache.hadoop.ipc.Server$RpcCall.run(Server.java:1035) [hadoop-common-3.3.1.jar:?]
	at org.apache.hadoop.ipc.Server$RpcCall.run(Server.java:963) [hadoop-common-3.3.1.jar:?]
	at java.security.AccessController.doPrivileged(Native Method) ~[?:1.8.0_345]
	at javax.security.auth.Subject.doAs(Subject.java:422) [?:1.8.0_345]
	at org.apache.hadoop.security.UserGroupInformation.doAs(UserGroupInformation.java:1878) [hadoop-common-3.3.1.jar:?]
	at org.apache.hadoop.ipc.Server$Handler.run(Server.java:2966) [hadoop-common-3.3.1.jar:?]
2022-09-28 15:52:03,119 [Time-limited test] WARN  ozone.BasicOzoneFileSystem (BasicOzoneFileSystem.java:getFileStatus(765)) - GetFileStatus failed for path /testBatchDelete/parent/child6
java.io.FileNotFoundException: testBatchDelete/parent/child6: No such file or directory!
	at org.apache.hadoop.fs.ozone.BasicOzoneClientAdapterImpl.getFileStatus(BasicOzoneClientAdapterImpl.java:369)
	at org.apache.hadoop.fs.ozone.BasicOzoneFileSystem.getFileStatus(BasicOzoneFileSystem.java:757)
	at org.apache.hadoop.fs.FileSystem.exists(FileSystem.java:1760)
	at org.apache.hadoop.fs.ozone.BasicOzoneFileSystem.exists(BasicOzoneFileSystem.java:804)
	at org.apache.hadoop.fs.ozone.TestOzoneFileSystem.testFileDelete(TestOzoneFileSystem.java:536)
	at sun.reflect.NativeMethodAccessorImpl.invoke0(Native Method)
	at sun.reflect.NativeMethodAccessorImpl.invoke(NativeMethodAccessorImpl.java:62)
	at sun.reflect.DelegatingMethodAccessorImpl.invoke(DelegatingMethodAccessorImpl.java:43)
	at java.lang.reflect.Method.invoke(Method.java:498)
	at org.junit.runners.model.FrameworkMethod$1.runReflectiveCall(FrameworkMethod.java:59)
	at org.junit.internal.runners.model.ReflectiveCallable.run(ReflectiveCallable.java:12)
	at org.junit.runners.model.FrameworkMethod.invokeExplosively(FrameworkMethod.java:56)
	at org.junit.internal.runners.statements.InvokeMethod.evaluate(InvokeMethod.java:17)
	at org.junit.internal.runners.statements.RunAfters.evaluate(RunAfters.java:27)
	at org.junit.internal.runners.statements.FailOnTimeout$CallableStatement.call(FailOnTimeout.java:288)
	at org.junit.internal.runners.statements.FailOnTimeout$CallableStatement.call(FailOnTimeout.java:282)
	at java.util.concurrent.FutureTask.run(FutureTask.java:266)
	at java.lang.Thread.run(Thread.java:750)
15:52:03.120 [IPC Server handler 5 on default port 36317] ERROR OMAudit - user=runner | ip=127.0.0.1 | op=GET_FILE_STATUS {volume=volume24312, bucket=bucket55718, key=testBatchDelete/parent/childFolder/child6, dataSize=0, replicationConfig=null} | ret=FAILURE
org.apache.hadoop.ozone.om.exceptions.OMException: Unable to get file status: volume: volume24312 bucket: bucket55718 key: testBatchDelete/parent/childFolder/child6
	at org.apache.hadoop.ozone.om.KeyManagerImpl.getOzoneFileStatus(KeyManagerImpl.java:1324) ~[ozone-manager-1.3.0-SNAPSHOT.jar:?]
	at org.apache.hadoop.ozone.om.KeyManagerImpl.getFileStatus(KeyManagerImpl.java:1254) ~[ozone-manager-1.3.0-SNAPSHOT.jar:?]
	at org.apache.hadoop.ozone.om.OzoneManager.getFileStatus(OzoneManager.java:3506) ~[ozone-manager-1.3.0-SNAPSHOT.jar:?]
	at org.apache.hadoop.ozone.protocolPB.OzoneManagerRequestHandler.getOzoneFileStatus(OzoneManagerRequestHandler.java:882) ~[ozone-manager-1.3.0-SNAPSHOT.jar:?]
	at org.apache.hadoop.ozone.protocolPB.OzoneManagerRequestHandler.handleReadRequest(OzoneManagerRequestHandler.java:228) ~[ozone-manager-1.3.0-SNAPSHOT.jar:?]
	at org.apache.hadoop.ozone.protocolPB.OzoneManagerProtocolServerSideTranslatorPB.submitReadRequestToOM(OzoneManagerProtocolServerSideTranslatorPB.java:226) ~[ozone-manager-1.3.0-SNAPSHOT.jar:?]
	at org.apache.hadoop.ozone.protocolPB.OzoneManagerProtocolServerSideTranslatorPB.processRequest(OzoneManagerProtocolServerSideTranslatorPB.java:175) ~[ozone-manager-1.3.0-SNAPSHOT.jar:?]
	at org.apache.hadoop.hdds.server.OzoneProtocolMessageDispatcher.processRequest(OzoneProtocolMessageDispatcher.java:87) [hdds-server-framework-1.3.0-SNAPSHOT.jar:?]
	at org.apache.hadoop.ozone.protocolPB.OzoneManagerProtocolServerSideTranslatorPB.submitRequest(OzoneManagerProtocolServerSideTranslatorPB.java:147) [ozone-manager-1.3.0-SNAPSHOT.jar:?]
	at org.apache.hadoop.ozone.protocol.proto.OzoneManagerProtocolProtos$OzoneManagerService$2.callBlockingMethod(OzoneManagerProtocolProtos.java) [ozone-interface-client-1.3.0-SNAPSHOT.jar:?]
	at org.apache.hadoop.ipc.ProtobufRpcEngine$Server.processCall(ProtobufRpcEngine.java:466) [hadoop-common-3.3.1.jar:?]
	at org.apache.hadoop.ipc.ProtobufRpcEngine2$Server$ProtoBufRpcInvoker.call(ProtobufRpcEngine2.java:574) [hadoop-common-3.3.1.jar:?]
	at org.apache.hadoop.ipc.ProtobufRpcEngine2$Server$ProtoBufRpcInvoker.call(ProtobufRpcEngine2.java:552) [hadoop-common-3.3.1.jar:?]
	at org.apache.hadoop.ipc.RPC$Server.call(RPC.java:1093) [hadoop-common-3.3.1.jar:?]
	at org.apache.hadoop.ipc.Server$RpcCall.run(Server.java:1035) [hadoop-common-3.3.1.jar:?]
	at org.apache.hadoop.ipc.Server$RpcCall.run(Server.java:963) [hadoop-common-3.3.1.jar:?]
	at java.security.AccessController.doPrivileged(Native Method) ~[?:1.8.0_345]
	at javax.security.auth.Subject.doAs(Subject.java:422) [?:1.8.0_345]
	at org.apache.hadoop.security.UserGroupInformation.doAs(UserGroupInformation.java:1878) [hadoop-common-3.3.1.jar:?]
	at org.apache.hadoop.ipc.Server$Handler.run(Server.java:2966) [hadoop-common-3.3.1.jar:?]
2022-09-28 15:52:03,120 [Time-limited test] WARN  ozone.BasicOzoneFileSystem (BasicOzoneFileSystem.java:getFileStatus(765)) - GetFileStatus failed for path /testBatchDelete/parent/childFolder/child6
java.io.FileNotFoundException: testBatchDelete/parent/childFolder/child6: No such file or directory!
	at org.apache.hadoop.fs.ozone.BasicOzoneClientAdapterImpl.getFileStatus(BasicOzoneClientAdapterImpl.java:369)
	at org.apache.hadoop.fs.ozone.BasicOzoneFileSystem.getFileStatus(BasicOzoneFileSystem.java:757)
	at org.apache.hadoop.fs.FileSystem.exists(FileSystem.java:1760)
	at org.apache.hadoop.fs.ozone.BasicOzoneFileSystem.exists(BasicOzoneFileSystem.java:804)
	at org.apache.hadoop.fs.ozone.TestOzoneFileSystem.testFileDelete(TestOzoneFileSystem.java:541)
	at sun.reflect.NativeMethodAccessorImpl.invoke0(Native Method)
	at sun.reflect.NativeMethodAccessorImpl.invoke(NativeMethodAccessorImpl.java:62)
	at sun.reflect.DelegatingMethodAccessorImpl.invoke(DelegatingMethodAccessorImpl.java:43)
	at java.lang.reflect.Method.invoke(Method.java:498)
	at org.junit.runners.model.FrameworkMethod$1.runReflectiveCall(FrameworkMethod.java:59)
	at org.junit.internal.runners.model.ReflectiveCallable.run(ReflectiveCallable.java:12)
	at org.junit.runners.model.FrameworkMethod.invokeExplosively(FrameworkMethod.java:56)
	at org.junit.internal.runners.statements.InvokeMethod.evaluate(InvokeMethod.java:17)
	at org.junit.internal.runners.statements.RunAfters.evaluate(RunAfters.java:27)
	at org.junit.internal.runners.statements.FailOnTimeout$CallableStatement.call(FailOnTimeout.java:288)
	at org.junit.internal.runners.statements.FailOnTimeout$CallableStatement.call(FailOnTimeout.java:282)
	at java.util.concurrent.FutureTask.run(FutureTask.java:266)
	at java.lang.Thread.run(Thread.java:750)
15:52:03.121 [IPC Server handler 3 on default port 36317] ERROR OMAudit - user=runner | ip=127.0.0.1 | op=GET_FILE_STATUS {volume=volume24312, bucket=bucket55718, key=testBatchDelete/parent/child7, dataSize=0, replicationConfig=null} | ret=FAILURE
org.apache.hadoop.ozone.om.exceptions.OMException: Unable to get file status: volume: volume24312 bucket: bucket55718 key: testBatchDelete/parent/child7
	at org.apache.hadoop.ozone.om.KeyManagerImpl.getOzoneFileStatus(KeyManagerImpl.java:1324) ~[ozone-manager-1.3.0-SNAPSHOT.jar:?]
	at org.apache.hadoop.ozone.om.KeyManagerImpl.getFileStatus(KeyManagerImpl.java:1254) ~[ozone-manager-1.3.0-SNAPSHOT.jar:?]
	at org.apache.hadoop.ozone.om.OzoneManager.getFileStatus(OzoneManager.java:3506) ~[ozone-manager-1.3.0-SNAPSHOT.jar:?]
	at org.apache.hadoop.ozone.protocolPB.OzoneManagerRequestHandler.getOzoneFileStatus(OzoneManagerRequestHandler.java:882) ~[ozone-manager-1.3.0-SNAPSHOT.jar:?]
	at org.apache.hadoop.ozone.protocolPB.OzoneManagerRequestHandler.handleReadRequest(OzoneManagerRequestHandler.java:228) ~[ozone-manager-1.3.0-SNAPSHOT.jar:?]
	at org.apache.hadoop.ozone.protocolPB.OzoneManagerProtocolServerSideTranslatorPB.submitReadRequestToOM(OzoneManagerProtocolServerSideTranslatorPB.java:226) ~[ozone-manager-1.3.0-SNAPSHOT.jar:?]
	at org.apache.hadoop.ozone.protocolPB.OzoneManagerProtocolServerSideTranslatorPB.processRequest(OzoneManagerProtocolServerSideTranslatorPB.java:175) ~[ozone-manager-1.3.0-SNAPSHOT.jar:?]
	at org.apache.hadoop.hdds.server.OzoneProtocolMessageDispatcher.processRequest(OzoneProtocolMessageDispatcher.java:87) [hdds-server-framework-1.3.0-SNAPSHOT.jar:?]
	at org.apache.hadoop.ozone.protocolPB.OzoneManagerProtocolServerSideTranslatorPB.submitRequest(OzoneManagerProtocolServerSideTranslatorPB.java:147) [ozone-manager-1.3.0-SNAPSHOT.jar:?]
	at org.apache.hadoop.ozone.protocol.proto.OzoneManagerProtocolProtos$OzoneManagerService$2.callBlockingMethod(OzoneManagerProtocolProtos.java) [ozone-interface-client-1.3.0-SNAPSHOT.jar:?]
	at org.apache.hadoop.ipc.ProtobufRpcEngine$Server.processCall(ProtobufRpcEngine.java:466) [hadoop-common-3.3.1.jar:?]
	at org.apache.hadoop.ipc.ProtobufRpcEngine2$Server$ProtoBufRpcInvoker.call(ProtobufRpcEngine2.java:574) [hadoop-common-3.3.1.jar:?]
	at org.apache.hadoop.ipc.ProtobufRpcEngine2$Server$ProtoBufRpcInvoker.call(ProtobufRpcEngine2.java:552) [hadoop-common-3.3.1.jar:?]
	at org.apache.hadoop.ipc.RPC$Server.call(RPC.java:1093) [hadoop-common-3.3.1.jar:?]
	at org.apache.hadoop.ipc.Server$RpcCall.run(Server.java:1035) [hadoop-common-3.3.1.jar:?]
	at org.apache.hadoop.ipc.Server$RpcCall.run(Server.java:963) [hadoop-common-3.3.1.jar:?]
	at java.security.AccessController.doPrivileged(Native Method) ~[?:1.8.0_345]
	at javax.security.auth.Subject.doAs(Subject.java:422) [?:1.8.0_345]
	at org.apache.hadoop.security.UserGroupInformation.doAs(UserGroupInformation.java:1878) [hadoop-common-3.3.1.jar:?]
	at org.apache.hadoop.ipc.Server$Handler.run(Server.java:2966) [hadoop-common-3.3.1.jar:?]
2022-09-28 15:52:03,122 [Time-limited test] WARN  ozone.BasicOzoneFileSystem (BasicOzoneFileSystem.java:getFileStatus(765)) - GetFileStatus failed for path /testBatchDelete/parent/child7
java.io.FileNotFoundException: testBatchDelete/parent/child7: No such file or directory!
	at org.apache.hadoop.fs.ozone.BasicOzoneClientAdapterImpl.getFileStatus(BasicOzoneClientAdapterImpl.java:369)
	at org.apache.hadoop.fs.ozone.BasicOzoneFileSystem.getFileStatus(BasicOzoneFileSystem.java:757)
	at org.apache.hadoop.fs.FileSystem.exists(FileSystem.java:1760)
	at org.apache.hadoop.fs.ozone.BasicOzoneFileSystem.exists(BasicOzoneFileSystem.java:804)
	at org.apache.hadoop.fs.ozone.TestOzoneFileSystem.testFileDelete(TestOzoneFileSystem.java:536)
	at sun.reflect.NativeMethodAccessorImpl.invoke0(Native Method)
	at sun.reflect.NativeMethodAccessorImpl.invoke(NativeMethodAccessorImpl.java:62)
	at sun.reflect.DelegatingMethodAccessorImpl.invoke(DelegatingMethodAccessorImpl.java:43)
	at java.lang.reflect.Method.invoke(Method.java:498)
	at org.junit.runners.model.FrameworkMethod$1.runReflectiveCall(FrameworkMethod.java:59)
	at org.junit.internal.runners.model.ReflectiveCallable.run(ReflectiveCallable.java:12)
	at org.junit.runners.model.FrameworkMethod.invokeExplosively(FrameworkMethod.java:56)
	at org.junit.internal.runners.statements.InvokeMethod.evaluate(InvokeMethod.java:17)
	at org.junit.internal.runners.statements.RunAfters.evaluate(RunAfters.java:27)
	at org.junit.internal.runners.statements.FailOnTimeout$CallableStatement.call(FailOnTimeout.java:288)
	at org.junit.internal.runners.statements.FailOnTimeout$CallableStatement.call(FailOnTimeout.java:282)
	at java.util.concurrent.FutureTask.run(FutureTask.java:266)
	at java.lang.Thread.run(Thread.java:750)
15:52:03.122 [IPC Server handler 18 on default port 36317] ERROR OMAudit - user=runner | ip=127.0.0.1 | op=GET_FILE_STATUS {volume=volume24312, bucket=bucket55718, key=testBatchDelete/parent/childFolder/child7, dataSize=0, replicationConfig=null} | ret=FAILURE
org.apache.hadoop.ozone.om.exceptions.OMException: Unable to get file status: volume: volume24312 bucket: bucket55718 key: testBatchDelete/parent/childFolder/child7
	at org.apache.hadoop.ozone.om.KeyManagerImpl.getOzoneFileStatus(KeyManagerImpl.java:1324) ~[ozone-manager-1.3.0-SNAPSHOT.jar:?]
	at org.apache.hadoop.ozone.om.KeyManagerImpl.getFileStatus(KeyManagerImpl.java:1254) ~[ozone-manager-1.3.0-SNAPSHOT.jar:?]
	at org.apache.hadoop.ozone.om.OzoneManager.getFileStatus(OzoneManager.java:3506) ~[ozone-manager-1.3.0-SNAPSHOT.jar:?]
	at org.apache.hadoop.ozone.protocolPB.OzoneManagerRequestHandler.getOzoneFileStatus(OzoneManagerRequestHandler.java:882) ~[ozone-manager-1.3.0-SNAPSHOT.jar:?]
	at org.apache.hadoop.ozone.protocolPB.OzoneManagerRequestHandler.handleReadRequest(OzoneManagerRequestHandler.java:228) ~[ozone-manager-1.3.0-SNAPSHOT.jar:?]
	at org.apache.hadoop.ozone.protocolPB.OzoneManagerProtocolServerSideTranslatorPB.submitReadRequestToOM(OzoneManagerProtocolServerSideTranslatorPB.java:226) ~[ozone-manager-1.3.0-SNAPSHOT.jar:?]
	at org.apache.hadoop.ozone.protocolPB.OzoneManagerProtocolServerSideTranslatorPB.processRequest(OzoneManagerProtocolServerSideTranslatorPB.java:175) ~[ozone-manager-1.3.0-SNAPSHOT.jar:?]
	at org.apache.hadoop.hdds.server.OzoneProtocolMessageDispatcher.processRequest(OzoneProtocolMessageDispatcher.java:87) [hdds-server-framework-1.3.0-SNAPSHOT.jar:?]
	at org.apache.hadoop.ozone.protocolPB.OzoneManagerProtocolServerSideTranslatorPB.submitRequest(OzoneManagerProtocolServerSideTranslatorPB.java:147) [ozone-manager-1.3.0-SNAPSHOT.jar:?]
	at org.apache.hadoop.ozone.protocol.proto.OzoneManagerProtocolProtos$OzoneManagerService$2.callBlockingMethod(OzoneManagerProtocolProtos.java) [ozone-interface-client-1.3.0-SNAPSHOT.jar:?]
	at org.apache.hadoop.ipc.ProtobufRpcEngine$Server.processCall(ProtobufRpcEngine.java:466) [hadoop-common-3.3.1.jar:?]
	at org.apache.hadoop.ipc.ProtobufRpcEngine2$Server$ProtoBufRpcInvoker.call(ProtobufRpcEngine2.java:574) [hadoop-common-3.3.1.jar:?]
	at org.apache.hadoop.ipc.ProtobufRpcEngine2$Server$ProtoBufRpcInvoker.call(ProtobufRpcEngine2.java:552) [hadoop-common-3.3.1.jar:?]
	at org.apache.hadoop.ipc.RPC$Server.call(RPC.java:1093) [hadoop-common-3.3.1.jar:?]
	at org.apache.hadoop.ipc.Server$RpcCall.run(Server.java:1035) [hadoop-common-3.3.1.jar:?]
	at org.apache.hadoop.ipc.Server$RpcCall.run(Server.java:963) [hadoop-common-3.3.1.jar:?]
	at java.security.AccessController.doPrivileged(Native Method) ~[?:1.8.0_345]
	at javax.security.auth.Subject.doAs(Subject.java:422) [?:1.8.0_345]
	at org.apache.hadoop.security.UserGroupInformation.doAs(UserGroupInformation.java:1878) [hadoop-common-3.3.1.jar:?]
	at org.apache.hadoop.ipc.Server$Handler.run(Server.java:2966) [hadoop-common-3.3.1.jar:?]
2022-09-28 15:52:03,123 [Time-limited test] WARN  ozone.BasicOzoneFileSystem (BasicOzoneFileSystem.java:getFileStatus(765)) - GetFileStatus failed for path /testBatchDelete/parent/childFolder/child7
java.io.FileNotFoundException: testBatchDelete/parent/childFolder/child7: No such file or directory!
	at org.apache.hadoop.fs.ozone.BasicOzoneClientAdapterImpl.getFileStatus(BasicOzoneClientAdapterImpl.java:369)
	at org.apache.hadoop.fs.ozone.BasicOzoneFileSystem.getFileStatus(BasicOzoneFileSystem.java:757)
	at org.apache.hadoop.fs.FileSystem.exists(FileSystem.java:1760)
	at org.apache.hadoop.fs.ozone.BasicOzoneFileSystem.exists(BasicOzoneFileSystem.java:804)
	at org.apache.hadoop.fs.ozone.TestOzoneFileSystem.testFileDelete(TestOzoneFileSystem.java:541)
	at sun.reflect.NativeMethodAccessorImpl.invoke0(Native Method)
	at sun.reflect.NativeMethodAccessorImpl.invoke(NativeMethodAccessorImpl.java:62)
	at sun.reflect.DelegatingMethodAccessorImpl.invoke(DelegatingMethodAccessorImpl.java:43)
	at java.lang.reflect.Method.invoke(Method.java:498)
	at org.junit.runners.model.FrameworkMethod$1.runReflectiveCall(FrameworkMethod.java:59)
	at org.junit.internal.runners.model.ReflectiveCallable.run(ReflectiveCallable.java:12)
	at org.junit.runners.model.FrameworkMethod.invokeExplosively(FrameworkMethod.java:56)
	at org.junit.internal.runners.statements.InvokeMethod.evaluate(InvokeMethod.java:17)
	at org.junit.internal.runners.statements.RunAfters.evaluate(RunAfters.java:27)
	at org.junit.internal.runners.statements.FailOnTimeout$CallableStatement.call(FailOnTimeout.java:288)
	at org.junit.internal.runners.statements.FailOnTimeout$CallableStatement.call(FailOnTimeout.java:282)
	at java.util.concurrent.FutureTask.run(FutureTask.java:266)
	at java.lang.Thread.run(Thread.java:750)
15:52:03.123 [IPC Server handler 2 on default port 36317] ERROR OMAudit - user=runner | ip=127.0.0.1 | op=GET_FILE_STATUS {volume=volume24312, bucket=bucket55718, key=testBatchDelete/parent, dataSize=0, replicationConfig=null} | ret=FAILURE
org.apache.hadoop.ozone.om.exceptions.OMException: Unable to get file status: volume: volume24312 bucket: bucket55718 key: testBatchDelete/parent
	at org.apache.hadoop.ozone.om.KeyManagerImpl.getOzoneFileStatus(KeyManagerImpl.java:1324) ~[ozone-manager-1.3.0-SNAPSHOT.jar:?]
	at org.apache.hadoop.ozone.om.KeyManagerImpl.getFileStatus(KeyManagerImpl.java:1254) ~[ozone-manager-1.3.0-SNAPSHOT.jar:?]
	at org.apache.hadoop.ozone.om.OzoneManager.getFileStatus(OzoneManager.java:3506) ~[ozone-manager-1.3.0-SNAPSHOT.jar:?]
	at org.apache.hadoop.ozone.protocolPB.OzoneManagerRequestHandler.getOzoneFileStatus(OzoneManagerRequestHandler.java:882) ~[ozone-manager-1.3.0-SNAPSHOT.jar:?]
	at org.apache.hadoop.ozone.protocolPB.OzoneManagerRequestHandler.handleReadRequest(OzoneManagerRequestHandler.java:228) ~[ozone-manager-1.3.0-SNAPSHOT.jar:?]
	at org.apache.hadoop.ozone.protocolPB.OzoneManagerProtocolServerSideTranslatorPB.submitReadRequestToOM(OzoneManagerProtocolServerSideTranslatorPB.java:226) ~[ozone-manager-1.3.0-SNAPSHOT.jar:?]
	at org.apache.hadoop.ozone.protocolPB.OzoneManagerProtocolServerSideTranslatorPB.processRequest(OzoneManagerProtocolServerSideTranslatorPB.java:175) ~[ozone-manager-1.3.0-SNAPSHOT.jar:?]
	at org.apache.hadoop.hdds.server.OzoneProtocolMessageDispatcher.processRequest(OzoneProtocolMessageDispatcher.java:87) [hdds-server-framework-1.3.0-SNAPSHOT.jar:?]
	at org.apache.hadoop.ozone.protocolPB.OzoneManagerProtocolServerSideTranslatorPB.submitRequest(OzoneManagerProtocolServerSideTranslatorPB.java:147) [ozone-manager-1.3.0-SNAPSHOT.jar:?]
	at org.apache.hadoop.ozone.protocol.proto.OzoneManagerProtocolProtos$OzoneManagerService$2.callBlockingMethod(OzoneManagerProtocolProtos.java) [ozone-interface-client-1.3.0-SNAPSHOT.jar:?]
	at org.apache.hadoop.ipc.ProtobufRpcEngine$Server.processCall(ProtobufRpcEngine.java:466) [hadoop-common-3.3.1.jar:?]
	at org.apache.hadoop.ipc.ProtobufRpcEngine2$Server$ProtoBufRpcInvoker.call(ProtobufRpcEngine2.java:574) [hadoop-common-3.3.1.jar:?]
	at org.apache.hadoop.ipc.ProtobufRpcEngine2$Server$ProtoBufRpcInvoker.call(ProtobufRpcEngine2.java:552) [hadoop-common-3.3.1.jar:?]
	at org.apache.hadoop.ipc.RPC$Server.call(RPC.java:1093) [hadoop-common-3.3.1.jar:?]
	at org.apache.hadoop.ipc.Server$RpcCall.run(Server.java:1035) [hadoop-common-3.3.1.jar:?]
	at org.apache.hadoop.ipc.Server$RpcCall.run(Server.java:963) [hadoop-common-3.3.1.jar:?]
	at java.security.AccessController.doPrivileged(Native Method) ~[?:1.8.0_345]
	at javax.security.auth.Subject.doAs(Subject.java:422) [?:1.8.0_345]
	at org.apache.hadoop.security.UserGroupInformation.doAs(UserGroupInformation.java:1878) [hadoop-common-3.3.1.jar:?]
	at org.apache.hadoop.ipc.Server$Handler.run(Server.java:2966) [hadoop-common-3.3.1.jar:?]
2022-09-28 15:52:03,124 [Time-limited test] WARN  ozone.BasicOzoneFileSystem (BasicOzoneFileSystem.java:getFileStatus(765)) - GetFileStatus failed for path /testBatchDelete/parent
java.io.FileNotFoundException: testBatchDelete/parent: No such file or directory!
	at org.apache.hadoop.fs.ozone.BasicOzoneClientAdapterImpl.getFileStatus(BasicOzoneClientAdapterImpl.java:369)
	at org.apache.hadoop.fs.ozone.BasicOzoneFileSystem.getFileStatus(BasicOzoneFileSystem.java:757)
	at org.apache.hadoop.fs.ozone.BasicOzoneFileSystem.delete(BasicOzoneFileSystem.java:530)
	at org.apache.hadoop.fs.ozone.TestOzoneFileSystem.testFileDelete(TestOzoneFileSystem.java:545)
	at sun.reflect.NativeMethodAccessorImpl.invoke0(Native Method)
	at sun.reflect.NativeMethodAccessorImpl.invoke(NativeMethodAccessorImpl.java:62)
	at sun.reflect.DelegatingMethodAccessorImpl.invoke(DelegatingMethodAccessorImpl.java:43)
	at java.lang.reflect.Method.invoke(Method.java:498)
	at org.junit.runners.model.FrameworkMethod$1.runReflectiveCall(FrameworkMethod.java:59)
	at org.junit.internal.runners.model.ReflectiveCallable.run(ReflectiveCallable.java:12)
	at org.junit.runners.model.FrameworkMethod.invokeExplosively(FrameworkMethod.java:56)
	at org.junit.internal.runners.statements.InvokeMethod.evaluate(InvokeMethod.java:17)
	at org.junit.internal.runners.statements.RunAfters.evaluate(RunAfters.java:27)
	at org.junit.internal.runners.statements.FailOnTimeout$CallableStatement.call(FailOnTimeout.java:288)
	at org.junit.internal.runners.statements.FailOnTimeout$CallableStatement.call(FailOnTimeout.java:282)
	at java.util.concurrent.FutureTask.run(FutureTask.java:266)
	at java.lang.Thread.run(Thread.java:750)
2022-09-28 15:52:03,124 [Time-limited test] WARN  ozone.BasicOzoneFileSystem (BasicOzoneFileSystem.java:delete(532)) - delete: Path does not exist: /testBatchDelete/parent
]]></system-out>
  </testcase>
  <testcase name="testFileDelete" classname="TestOzoneFileSystem" time="0.131">
    <system-out><![CDATA[15:53:45.227 [IPC Server handler 17 on default port 42319] ERROR OMAudit - user=runner | ip=127.0.0.1 | op=GET_FILE_STATUS {volume=volume00149, bucket=bucket04297, key=testBatchDelete, dataSize=0, replicationConfig=null} | ret=FAILURE
org.apache.hadoop.ozone.om.exceptions.OMException: Unable to get file status: volume: volume00149 bucket: bucket04297 key: testBatchDelete
	at org.apache.hadoop.ozone.om.KeyManagerImpl.getOzoneFileStatus(KeyManagerImpl.java:1324) ~[ozone-manager-1.3.0-SNAPSHOT.jar:?]
	at org.apache.hadoop.ozone.om.KeyManagerImpl.getFileStatus(KeyManagerImpl.java:1254) ~[ozone-manager-1.3.0-SNAPSHOT.jar:?]
	at org.apache.hadoop.ozone.om.OzoneManager.getFileStatus(OzoneManager.java:3506) ~[ozone-manager-1.3.0-SNAPSHOT.jar:?]
	at org.apache.hadoop.ozone.protocolPB.OzoneManagerRequestHandler.getOzoneFileStatus(OzoneManagerRequestHandler.java:882) ~[ozone-manager-1.3.0-SNAPSHOT.jar:?]
	at org.apache.hadoop.ozone.protocolPB.OzoneManagerRequestHandler.handleReadRequest(OzoneManagerRequestHandler.java:228) ~[ozone-manager-1.3.0-SNAPSHOT.jar:?]
	at org.apache.hadoop.ozone.protocolPB.OzoneManagerProtocolServerSideTranslatorPB.submitRequestDirectlyToOM(OzoneManagerProtocolServerSideTranslatorPB.java:276) ~[ozone-manager-1.3.0-SNAPSHOT.jar:?]
	at org.apache.hadoop.ozone.protocolPB.OzoneManagerProtocolServerSideTranslatorPB.processRequest(OzoneManagerProtocolServerSideTranslatorPB.java:205) ~[ozone-manager-1.3.0-SNAPSHOT.jar:?]
	at org.apache.hadoop.hdds.server.OzoneProtocolMessageDispatcher.processRequest(OzoneProtocolMessageDispatcher.java:87) [hdds-server-framework-1.3.0-SNAPSHOT.jar:?]
	at org.apache.hadoop.ozone.protocolPB.OzoneManagerProtocolServerSideTranslatorPB.submitRequest(OzoneManagerProtocolServerSideTranslatorPB.java:147) [ozone-manager-1.3.0-SNAPSHOT.jar:?]
	at org.apache.hadoop.ozone.protocol.proto.OzoneManagerProtocolProtos$OzoneManagerService$2.callBlockingMethod(OzoneManagerProtocolProtos.java) [ozone-interface-client-1.3.0-SNAPSHOT.jar:?]
	at org.apache.hadoop.ipc.ProtobufRpcEngine$Server.processCall(ProtobufRpcEngine.java:466) [hadoop-common-3.3.1.jar:?]
	at org.apache.hadoop.ipc.ProtobufRpcEngine2$Server$ProtoBufRpcInvoker.call(ProtobufRpcEngine2.java:574) [hadoop-common-3.3.1.jar:?]
	at org.apache.hadoop.ipc.ProtobufRpcEngine2$Server$ProtoBufRpcInvoker.call(ProtobufRpcEngine2.java:552) [hadoop-common-3.3.1.jar:?]
	at org.apache.hadoop.ipc.RPC$Server.call(RPC.java:1093) [hadoop-common-3.3.1.jar:?]
	at org.apache.hadoop.ipc.Server$RpcCall.run(Server.java:1035) [hadoop-common-3.3.1.jar:?]
	at org.apache.hadoop.ipc.Server$RpcCall.run(Server.java:963) [hadoop-common-3.3.1.jar:?]
	at java.security.AccessController.doPrivileged(Native Method) ~[?:1.8.0_345]
	at javax.security.auth.Subject.doAs(Subject.java:422) [?:1.8.0_345]
	at org.apache.hadoop.security.UserGroupInformation.doAs(UserGroupInformation.java:1878) [hadoop-common-3.3.1.jar:?]
	at org.apache.hadoop.ipc.Server$Handler.run(Server.java:2966) [hadoop-common-3.3.1.jar:?]
2022-09-28 15:53:45,228 [Time-limited test] WARN  ozone.BasicOzoneFileSystem (BasicOzoneFileSystem.java:getFileStatus(765)) - GetFileStatus failed for path /testBatchDelete
java.io.FileNotFoundException: testBatchDelete: No such file or directory!
	at org.apache.hadoop.fs.ozone.BasicOzoneClientAdapterImpl.getFileStatus(BasicOzoneClientAdapterImpl.java:369)
	at org.apache.hadoop.fs.ozone.BasicOzoneFileSystem.getFileStatus(BasicOzoneFileSystem.java:757)
	at org.apache.hadoop.fs.FileSystem.exists(FileSystem.java:1760)
	at org.apache.hadoop.fs.ozone.BasicOzoneFileSystem.exists(BasicOzoneFileSystem.java:804)
	at org.apache.hadoop.fs.ozone.TestOzoneFileSystem.testFileDelete(TestOzoneFileSystem.java:532)
	at sun.reflect.NativeMethodAccessorImpl.invoke0(Native Method)
	at sun.reflect.NativeMethodAccessorImpl.invoke(NativeMethodAccessorImpl.java:62)
	at sun.reflect.DelegatingMethodAccessorImpl.invoke(DelegatingMethodAccessorImpl.java:43)
	at java.lang.reflect.Method.invoke(Method.java:498)
	at org.junit.runners.model.FrameworkMethod$1.runReflectiveCall(FrameworkMethod.java:59)
	at org.junit.internal.runners.model.ReflectiveCallable.run(ReflectiveCallable.java:12)
	at org.junit.runners.model.FrameworkMethod.invokeExplosively(FrameworkMethod.java:56)
	at org.junit.internal.runners.statements.InvokeMethod.evaluate(InvokeMethod.java:17)
	at org.junit.internal.runners.statements.RunAfters.evaluate(RunAfters.java:27)
	at org.junit.internal.runners.statements.FailOnTimeout$CallableStatement.call(FailOnTimeout.java:288)
	at org.junit.internal.runners.statements.FailOnTimeout$CallableStatement.call(FailOnTimeout.java:282)
	at java.util.concurrent.FutureTask.run(FutureTask.java:266)
	at java.lang.Thread.run(Thread.java:750)
15:53:45.228 [IPC Server handler 18 on default port 42319] ERROR OMAudit - user=runner | ip=127.0.0.1 | op=GET_FILE_STATUS {volume=volume00149, bucket=bucket04297, key=testBatchDelete/parent/child0, dataSize=0, replicationConfig=null} | ret=FAILURE
org.apache.hadoop.ozone.om.exceptions.OMException: Unable to get file status: volume: volume00149 bucket: bucket04297 key: testBatchDelete/parent/child0
	at org.apache.hadoop.ozone.om.KeyManagerImpl.getOzoneFileStatus(KeyManagerImpl.java:1324) ~[ozone-manager-1.3.0-SNAPSHOT.jar:?]
	at org.apache.hadoop.ozone.om.KeyManagerImpl.getFileStatus(KeyManagerImpl.java:1254) ~[ozone-manager-1.3.0-SNAPSHOT.jar:?]
	at org.apache.hadoop.ozone.om.OzoneManager.getFileStatus(OzoneManager.java:3506) ~[ozone-manager-1.3.0-SNAPSHOT.jar:?]
	at org.apache.hadoop.ozone.protocolPB.OzoneManagerRequestHandler.getOzoneFileStatus(OzoneManagerRequestHandler.java:882) ~[ozone-manager-1.3.0-SNAPSHOT.jar:?]
	at org.apache.hadoop.ozone.protocolPB.OzoneManagerRequestHandler.handleReadRequest(OzoneManagerRequestHandler.java:228) ~[ozone-manager-1.3.0-SNAPSHOT.jar:?]
	at org.apache.hadoop.ozone.protocolPB.OzoneManagerProtocolServerSideTranslatorPB.submitRequestDirectlyToOM(OzoneManagerProtocolServerSideTranslatorPB.java:276) ~[ozone-manager-1.3.0-SNAPSHOT.jar:?]
	at org.apache.hadoop.ozone.protocolPB.OzoneManagerProtocolServerSideTranslatorPB.processRequest(OzoneManagerProtocolServerSideTranslatorPB.java:205) ~[ozone-manager-1.3.0-SNAPSHOT.jar:?]
	at org.apache.hadoop.hdds.server.OzoneProtocolMessageDispatcher.processRequest(OzoneProtocolMessageDispatcher.java:87) [hdds-server-framework-1.3.0-SNAPSHOT.jar:?]
	at org.apache.hadoop.ozone.protocolPB.OzoneManagerProtocolServerSideTranslatorPB.submitRequest(OzoneManagerProtocolServerSideTranslatorPB.java:147) [ozone-manager-1.3.0-SNAPSHOT.jar:?]
	at org.apache.hadoop.ozone.protocol.proto.OzoneManagerProtocolProtos$OzoneManagerService$2.callBlockingMethod(OzoneManagerProtocolProtos.java) [ozone-interface-client-1.3.0-SNAPSHOT.jar:?]
	at org.apache.hadoop.ipc.ProtobufRpcEngine$Server.processCall(ProtobufRpcEngine.java:466) [hadoop-common-3.3.1.jar:?]
	at org.apache.hadoop.ipc.ProtobufRpcEngine2$Server$ProtoBufRpcInvoker.call(ProtobufRpcEngine2.java:574) [hadoop-common-3.3.1.jar:?]
	at org.apache.hadoop.ipc.ProtobufRpcEngine2$Server$ProtoBufRpcInvoker.call(ProtobufRpcEngine2.java:552) [hadoop-common-3.3.1.jar:?]
	at org.apache.hadoop.ipc.RPC$Server.call(RPC.java:1093) [hadoop-common-3.3.1.jar:?]
	at org.apache.hadoop.ipc.Server$RpcCall.run(Server.java:1035) [hadoop-common-3.3.1.jar:?]
	at org.apache.hadoop.ipc.Server$RpcCall.run(Server.java:963) [hadoop-common-3.3.1.jar:?]
	at java.security.AccessController.doPrivileged(Native Method) ~[?:1.8.0_345]
	at javax.security.auth.Subject.doAs(Subject.java:422) [?:1.8.0_345]
	at org.apache.hadoop.security.UserGroupInformation.doAs(UserGroupInformation.java:1878) [hadoop-common-3.3.1.jar:?]
	at org.apache.hadoop.ipc.Server$Handler.run(Server.java:2966) [hadoop-common-3.3.1.jar:?]
2022-09-28 15:53:45,229 [Time-limited test] WARN  ozone.BasicOzoneFileSystem (BasicOzoneFileSystem.java:getFileStatus(765)) - GetFileStatus failed for path /testBatchDelete/parent/child0
java.io.FileNotFoundException: testBatchDelete/parent/child0: No such file or directory!
	at org.apache.hadoop.fs.ozone.BasicOzoneClientAdapterImpl.getFileStatus(BasicOzoneClientAdapterImpl.java:369)
	at org.apache.hadoop.fs.ozone.BasicOzoneFileSystem.getFileStatus(BasicOzoneFileSystem.java:757)
	at org.apache.hadoop.fs.FileSystem.exists(FileSystem.java:1760)
	at org.apache.hadoop.fs.ozone.BasicOzoneFileSystem.exists(BasicOzoneFileSystem.java:804)
	at org.apache.hadoop.fs.ozone.TestOzoneFileSystem.testFileDelete(TestOzoneFileSystem.java:536)
	at sun.reflect.NativeMethodAccessorImpl.invoke0(Native Method)
	at sun.reflect.NativeMethodAccessorImpl.invoke(NativeMethodAccessorImpl.java:62)
	at sun.reflect.DelegatingMethodAccessorImpl.invoke(DelegatingMethodAccessorImpl.java:43)
	at java.lang.reflect.Method.invoke(Method.java:498)
	at org.junit.runners.model.FrameworkMethod$1.runReflectiveCall(FrameworkMethod.java:59)
	at org.junit.internal.runners.model.ReflectiveCallable.run(ReflectiveCallable.java:12)
	at org.junit.runners.model.FrameworkMethod.invokeExplosively(FrameworkMethod.java:56)
	at org.junit.internal.runners.statements.InvokeMethod.evaluate(InvokeMethod.java:17)
	at org.junit.internal.runners.statements.RunAfters.evaluate(RunAfters.java:27)
	at org.junit.internal.runners.statements.FailOnTimeout$CallableStatement.call(FailOnTimeout.java:288)
	at org.junit.internal.runners.statements.FailOnTimeout$CallableStatement.call(FailOnTimeout.java:282)
	at java.util.concurrent.FutureTask.run(FutureTask.java:266)
	at java.lang.Thread.run(Thread.java:750)
15:53:45.229 [IPC Server handler 8 on default port 42319] ERROR OMAudit - user=runner | ip=127.0.0.1 | op=GET_FILE_STATUS {volume=volume00149, bucket=bucket04297, key=testBatchDelete/parent/childFolder/child0, dataSize=0, replicationConfig=null} | ret=FAILURE
org.apache.hadoop.ozone.om.exceptions.OMException: Unable to get file status: volume: volume00149 bucket: bucket04297 key: testBatchDelete/parent/childFolder/child0
	at org.apache.hadoop.ozone.om.KeyManagerImpl.getOzoneFileStatus(KeyManagerImpl.java:1324) ~[ozone-manager-1.3.0-SNAPSHOT.jar:?]
	at org.apache.hadoop.ozone.om.KeyManagerImpl.getFileStatus(KeyManagerImpl.java:1254) ~[ozone-manager-1.3.0-SNAPSHOT.jar:?]
	at org.apache.hadoop.ozone.om.OzoneManager.getFileStatus(OzoneManager.java:3506) ~[ozone-manager-1.3.0-SNAPSHOT.jar:?]
	at org.apache.hadoop.ozone.protocolPB.OzoneManagerRequestHandler.getOzoneFileStatus(OzoneManagerRequestHandler.java:882) ~[ozone-manager-1.3.0-SNAPSHOT.jar:?]
	at org.apache.hadoop.ozone.protocolPB.OzoneManagerRequestHandler.handleReadRequest(OzoneManagerRequestHandler.java:228) ~[ozone-manager-1.3.0-SNAPSHOT.jar:?]
	at org.apache.hadoop.ozone.protocolPB.OzoneManagerProtocolServerSideTranslatorPB.submitRequestDirectlyToOM(OzoneManagerProtocolServerSideTranslatorPB.java:276) ~[ozone-manager-1.3.0-SNAPSHOT.jar:?]
	at org.apache.hadoop.ozone.protocolPB.OzoneManagerProtocolServerSideTranslatorPB.processRequest(OzoneManagerProtocolServerSideTranslatorPB.java:205) ~[ozone-manager-1.3.0-SNAPSHOT.jar:?]
	at org.apache.hadoop.hdds.server.OzoneProtocolMessageDispatcher.processRequest(OzoneProtocolMessageDispatcher.java:87) [hdds-server-framework-1.3.0-SNAPSHOT.jar:?]
	at org.apache.hadoop.ozone.protocolPB.OzoneManagerProtocolServerSideTranslatorPB.submitRequest(OzoneManagerProtocolServerSideTranslatorPB.java:147) [ozone-manager-1.3.0-SNAPSHOT.jar:?]
	at org.apache.hadoop.ozone.protocol.proto.OzoneManagerProtocolProtos$OzoneManagerService$2.callBlockingMethod(OzoneManagerProtocolProtos.java) [ozone-interface-client-1.3.0-SNAPSHOT.jar:?]
	at org.apache.hadoop.ipc.ProtobufRpcEngine$Server.processCall(ProtobufRpcEngine.java:466) [hadoop-common-3.3.1.jar:?]
	at org.apache.hadoop.ipc.ProtobufRpcEngine2$Server$ProtoBufRpcInvoker.call(ProtobufRpcEngine2.java:574) [hadoop-common-3.3.1.jar:?]
	at org.apache.hadoop.ipc.ProtobufRpcEngine2$Server$ProtoBufRpcInvoker.call(ProtobufRpcEngine2.java:552) [hadoop-common-3.3.1.jar:?]
	at org.apache.hadoop.ipc.RPC$Server.call(RPC.java:1093) [hadoop-common-3.3.1.jar:?]
	at org.apache.hadoop.ipc.Server$RpcCall.run(Server.java:1035) [hadoop-common-3.3.1.jar:?]
	at org.apache.hadoop.ipc.Server$RpcCall.run(Server.java:963) [hadoop-common-3.3.1.jar:?]
	at java.security.AccessController.doPrivileged(Native Method) ~[?:1.8.0_345]
	at javax.security.auth.Subject.doAs(Subject.java:422) [?:1.8.0_345]
	at org.apache.hadoop.security.UserGroupInformation.doAs(UserGroupInformation.java:1878) [hadoop-common-3.3.1.jar:?]
	at org.apache.hadoop.ipc.Server$Handler.run(Server.java:2966) [hadoop-common-3.3.1.jar:?]
2022-09-28 15:53:45,230 [Time-limited test] WARN  ozone.BasicOzoneFileSystem (BasicOzoneFileSystem.java:getFileStatus(765)) - GetFileStatus failed for path /testBatchDelete/parent/childFolder/child0
java.io.FileNotFoundException: testBatchDelete/parent/childFolder/child0: No such file or directory!
	at org.apache.hadoop.fs.ozone.BasicOzoneClientAdapterImpl.getFileStatus(BasicOzoneClientAdapterImpl.java:369)
	at org.apache.hadoop.fs.ozone.BasicOzoneFileSystem.getFileStatus(BasicOzoneFileSystem.java:757)
	at org.apache.hadoop.fs.FileSystem.exists(FileSystem.java:1760)
	at org.apache.hadoop.fs.ozone.BasicOzoneFileSystem.exists(BasicOzoneFileSystem.java:804)
	at org.apache.hadoop.fs.ozone.TestOzoneFileSystem.testFileDelete(TestOzoneFileSystem.java:541)
	at sun.reflect.NativeMethodAccessorImpl.invoke0(Native Method)
	at sun.reflect.NativeMethodAccessorImpl.invoke(NativeMethodAccessorImpl.java:62)
	at sun.reflect.DelegatingMethodAccessorImpl.invoke(DelegatingMethodAccessorImpl.java:43)
	at java.lang.reflect.Method.invoke(Method.java:498)
	at org.junit.runners.model.FrameworkMethod$1.runReflectiveCall(FrameworkMethod.java:59)
	at org.junit.internal.runners.model.ReflectiveCallable.run(ReflectiveCallable.java:12)
	at org.junit.runners.model.FrameworkMethod.invokeExplosively(FrameworkMethod.java:56)
	at org.junit.internal.runners.statements.InvokeMethod.evaluate(InvokeMethod.java:17)
	at org.junit.internal.runners.statements.RunAfters.evaluate(RunAfters.java:27)
	at org.junit.internal.runners.statements.FailOnTimeout$CallableStatement.call(FailOnTimeout.java:288)
	at org.junit.internal.runners.statements.FailOnTimeout$CallableStatement.call(FailOnTimeout.java:282)
	at java.util.concurrent.FutureTask.run(FutureTask.java:266)
	at java.lang.Thread.run(Thread.java:750)
15:53:45.230 [IPC Server handler 6 on default port 42319] ERROR OMAudit - user=runner | ip=127.0.0.1 | op=GET_FILE_STATUS {volume=volume00149, bucket=bucket04297, key=testBatchDelete/parent/child1, dataSize=0, replicationConfig=null} | ret=FAILURE
org.apache.hadoop.ozone.om.exceptions.OMException: Unable to get file status: volume: volume00149 bucket: bucket04297 key: testBatchDelete/parent/child1
	at org.apache.hadoop.ozone.om.KeyManagerImpl.getOzoneFileStatus(KeyManagerImpl.java:1324) ~[ozone-manager-1.3.0-SNAPSHOT.jar:?]
	at org.apache.hadoop.ozone.om.KeyManagerImpl.getFileStatus(KeyManagerImpl.java:1254) ~[ozone-manager-1.3.0-SNAPSHOT.jar:?]
	at org.apache.hadoop.ozone.om.OzoneManager.getFileStatus(OzoneManager.java:3506) ~[ozone-manager-1.3.0-SNAPSHOT.jar:?]
	at org.apache.hadoop.ozone.protocolPB.OzoneManagerRequestHandler.getOzoneFileStatus(OzoneManagerRequestHandler.java:882) ~[ozone-manager-1.3.0-SNAPSHOT.jar:?]
	at org.apache.hadoop.ozone.protocolPB.OzoneManagerRequestHandler.handleReadRequest(OzoneManagerRequestHandler.java:228) ~[ozone-manager-1.3.0-SNAPSHOT.jar:?]
	at org.apache.hadoop.ozone.protocolPB.OzoneManagerProtocolServerSideTranslatorPB.submitRequestDirectlyToOM(OzoneManagerProtocolServerSideTranslatorPB.java:276) ~[ozone-manager-1.3.0-SNAPSHOT.jar:?]
	at org.apache.hadoop.ozone.protocolPB.OzoneManagerProtocolServerSideTranslatorPB.processRequest(OzoneManagerProtocolServerSideTranslatorPB.java:205) ~[ozone-manager-1.3.0-SNAPSHOT.jar:?]
	at org.apache.hadoop.hdds.server.OzoneProtocolMessageDispatcher.processRequest(OzoneProtocolMessageDispatcher.java:87) [hdds-server-framework-1.3.0-SNAPSHOT.jar:?]
	at org.apache.hadoop.ozone.protocolPB.OzoneManagerProtocolServerSideTranslatorPB.submitRequest(OzoneManagerProtocolServerSideTranslatorPB.java:147) [ozone-manager-1.3.0-SNAPSHOT.jar:?]
	at org.apache.hadoop.ozone.protocol.proto.OzoneManagerProtocolProtos$OzoneManagerService$2.callBlockingMethod(OzoneManagerProtocolProtos.java) [ozone-interface-client-1.3.0-SNAPSHOT.jar:?]
	at org.apache.hadoop.ipc.ProtobufRpcEngine$Server.processCall(ProtobufRpcEngine.java:466) [hadoop-common-3.3.1.jar:?]
	at org.apache.hadoop.ipc.ProtobufRpcEngine2$Server$ProtoBufRpcInvoker.call(ProtobufRpcEngine2.java:574) [hadoop-common-3.3.1.jar:?]
	at org.apache.hadoop.ipc.ProtobufRpcEngine2$Server$ProtoBufRpcInvoker.call(ProtobufRpcEngine2.java:552) [hadoop-common-3.3.1.jar:?]
	at org.apache.hadoop.ipc.RPC$Server.call(RPC.java:1093) [hadoop-common-3.3.1.jar:?]
	at org.apache.hadoop.ipc.Server$RpcCall.run(Server.java:1035) [hadoop-common-3.3.1.jar:?]
	at org.apache.hadoop.ipc.Server$RpcCall.run(Server.java:963) [hadoop-common-3.3.1.jar:?]
	at java.security.AccessController.doPrivileged(Native Method) ~[?:1.8.0_345]
	at javax.security.auth.Subject.doAs(Subject.java:422) [?:1.8.0_345]
	at org.apache.hadoop.security.UserGroupInformation.doAs(UserGroupInformation.java:1878) [hadoop-common-3.3.1.jar:?]
	at org.apache.hadoop.ipc.Server$Handler.run(Server.java:2966) [hadoop-common-3.3.1.jar:?]
2022-09-28 15:53:45,230 [Time-limited test] WARN  ozone.BasicOzoneFileSystem (BasicOzoneFileSystem.java:getFileStatus(765)) - GetFileStatus failed for path /testBatchDelete/parent/child1
java.io.FileNotFoundException: testBatchDelete/parent/child1: No such file or directory!
	at org.apache.hadoop.fs.ozone.BasicOzoneClientAdapterImpl.getFileStatus(BasicOzoneClientAdapterImpl.java:369)
	at org.apache.hadoop.fs.ozone.BasicOzoneFileSystem.getFileStatus(BasicOzoneFileSystem.java:757)
	at org.apache.hadoop.fs.FileSystem.exists(FileSystem.java:1760)
	at org.apache.hadoop.fs.ozone.BasicOzoneFileSystem.exists(BasicOzoneFileSystem.java:804)
	at org.apache.hadoop.fs.ozone.TestOzoneFileSystem.testFileDelete(TestOzoneFileSystem.java:536)
	at sun.reflect.NativeMethodAccessorImpl.invoke0(Native Method)
	at sun.reflect.NativeMethodAccessorImpl.invoke(NativeMethodAccessorImpl.java:62)
	at sun.reflect.DelegatingMethodAccessorImpl.invoke(DelegatingMethodAccessorImpl.java:43)
	at java.lang.reflect.Method.invoke(Method.java:498)
	at org.junit.runners.model.FrameworkMethod$1.runReflectiveCall(FrameworkMethod.java:59)
	at org.junit.internal.runners.model.ReflectiveCallable.run(ReflectiveCallable.java:12)
	at org.junit.runners.model.FrameworkMethod.invokeExplosively(FrameworkMethod.java:56)
	at org.junit.internal.runners.statements.InvokeMethod.evaluate(InvokeMethod.java:17)
	at org.junit.internal.runners.statements.RunAfters.evaluate(RunAfters.java:27)
	at org.junit.internal.runners.statements.FailOnTimeout$CallableStatement.call(FailOnTimeout.java:288)
	at org.junit.internal.runners.statements.FailOnTimeout$CallableStatement.call(FailOnTimeout.java:282)
	at java.util.concurrent.FutureTask.run(FutureTask.java:266)
	at java.lang.Thread.run(Thread.java:750)
15:53:45.231 [IPC Server handler 1 on default port 42319] ERROR OMAudit - user=runner | ip=127.0.0.1 | op=GET_FILE_STATUS {volume=volume00149, bucket=bucket04297, key=testBatchDelete/parent/childFolder/child1, dataSize=0, replicationConfig=null} | ret=FAILURE
org.apache.hadoop.ozone.om.exceptions.OMException: Unable to get file status: volume: volume00149 bucket: bucket04297 key: testBatchDelete/parent/childFolder/child1
	at org.apache.hadoop.ozone.om.KeyManagerImpl.getOzoneFileStatus(KeyManagerImpl.java:1324) ~[ozone-manager-1.3.0-SNAPSHOT.jar:?]
	at org.apache.hadoop.ozone.om.KeyManagerImpl.getFileStatus(KeyManagerImpl.java:1254) ~[ozone-manager-1.3.0-SNAPSHOT.jar:?]
	at org.apache.hadoop.ozone.om.OzoneManager.getFileStatus(OzoneManager.java:3506) ~[ozone-manager-1.3.0-SNAPSHOT.jar:?]
	at org.apache.hadoop.ozone.protocolPB.OzoneManagerRequestHandler.getOzoneFileStatus(OzoneManagerRequestHandler.java:882) ~[ozone-manager-1.3.0-SNAPSHOT.jar:?]
	at org.apache.hadoop.ozone.protocolPB.OzoneManagerRequestHandler.handleReadRequest(OzoneManagerRequestHandler.java:228) ~[ozone-manager-1.3.0-SNAPSHOT.jar:?]
	at org.apache.hadoop.ozone.protocolPB.OzoneManagerProtocolServerSideTranslatorPB.submitRequestDirectlyToOM(OzoneManagerProtocolServerSideTranslatorPB.java:276) ~[ozone-manager-1.3.0-SNAPSHOT.jar:?]
	at org.apache.hadoop.ozone.protocolPB.OzoneManagerProtocolServerSideTranslatorPB.processRequest(OzoneManagerProtocolServerSideTranslatorPB.java:205) ~[ozone-manager-1.3.0-SNAPSHOT.jar:?]
	at org.apache.hadoop.hdds.server.OzoneProtocolMessageDispatcher.processRequest(OzoneProtocolMessageDispatcher.java:87) [hdds-server-framework-1.3.0-SNAPSHOT.jar:?]
	at org.apache.hadoop.ozone.protocolPB.OzoneManagerProtocolServerSideTranslatorPB.submitRequest(OzoneManagerProtocolServerSideTranslatorPB.java:147) [ozone-manager-1.3.0-SNAPSHOT.jar:?]
	at org.apache.hadoop.ozone.protocol.proto.OzoneManagerProtocolProtos$OzoneManagerService$2.callBlockingMethod(OzoneManagerProtocolProtos.java) [ozone-interface-client-1.3.0-SNAPSHOT.jar:?]
	at org.apache.hadoop.ipc.ProtobufRpcEngine$Server.processCall(ProtobufRpcEngine.java:466) [hadoop-common-3.3.1.jar:?]
	at org.apache.hadoop.ipc.ProtobufRpcEngine2$Server$ProtoBufRpcInvoker.call(ProtobufRpcEngine2.java:574) [hadoop-common-3.3.1.jar:?]
	at org.apache.hadoop.ipc.ProtobufRpcEngine2$Server$ProtoBufRpcInvoker.call(ProtobufRpcEngine2.java:552) [hadoop-common-3.3.1.jar:?]
	at org.apache.hadoop.ipc.RPC$Server.call(RPC.java:1093) [hadoop-common-3.3.1.jar:?]
	at org.apache.hadoop.ipc.Server$RpcCall.run(Server.java:1035) [hadoop-common-3.3.1.jar:?]
	at org.apache.hadoop.ipc.Server$RpcCall.run(Server.java:963) [hadoop-common-3.3.1.jar:?]
	at java.security.AccessController.doPrivileged(Native Method) ~[?:1.8.0_345]
	at javax.security.auth.Subject.doAs(Subject.java:422) [?:1.8.0_345]
	at org.apache.hadoop.security.UserGroupInformation.doAs(UserGroupInformation.java:1878) [hadoop-common-3.3.1.jar:?]
	at org.apache.hadoop.ipc.Server$Handler.run(Server.java:2966) [hadoop-common-3.3.1.jar:?]
2022-09-28 15:53:45,231 [Time-limited test] WARN  ozone.BasicOzoneFileSystem (BasicOzoneFileSystem.java:getFileStatus(765)) - GetFileStatus failed for path /testBatchDelete/parent/childFolder/child1
java.io.FileNotFoundException: testBatchDelete/parent/childFolder/child1: No such file or directory!
	at org.apache.hadoop.fs.ozone.BasicOzoneClientAdapterImpl.getFileStatus(BasicOzoneClientAdapterImpl.java:369)
	at org.apache.hadoop.fs.ozone.BasicOzoneFileSystem.getFileStatus(BasicOzoneFileSystem.java:757)
	at org.apache.hadoop.fs.FileSystem.exists(FileSystem.java:1760)
	at org.apache.hadoop.fs.ozone.BasicOzoneFileSystem.exists(BasicOzoneFileSystem.java:804)
	at org.apache.hadoop.fs.ozone.TestOzoneFileSystem.testFileDelete(TestOzoneFileSystem.java:541)
	at sun.reflect.NativeMethodAccessorImpl.invoke0(Native Method)
	at sun.reflect.NativeMethodAccessorImpl.invoke(NativeMethodAccessorImpl.java:62)
	at sun.reflect.DelegatingMethodAccessorImpl.invoke(DelegatingMethodAccessorImpl.java:43)
	at java.lang.reflect.Method.invoke(Method.java:498)
	at org.junit.runners.model.FrameworkMethod$1.runReflectiveCall(FrameworkMethod.java:59)
	at org.junit.internal.runners.model.ReflectiveCallable.run(ReflectiveCallable.java:12)
	at org.junit.runners.model.FrameworkMethod.invokeExplosively(FrameworkMethod.java:56)
	at org.junit.internal.runners.statements.InvokeMethod.evaluate(InvokeMethod.java:17)
	at org.junit.internal.runners.statements.RunAfters.evaluate(RunAfters.java:27)
	at org.junit.internal.runners.statements.FailOnTimeout$CallableStatement.call(FailOnTimeout.java:288)
	at org.junit.internal.runners.statements.FailOnTimeout$CallableStatement.call(FailOnTimeout.java:282)
	at java.util.concurrent.FutureTask.run(FutureTask.java:266)
	at java.lang.Thread.run(Thread.java:750)
15:53:45.232 [IPC Server handler 4 on default port 42319] ERROR OMAudit - user=runner | ip=127.0.0.1 | op=GET_FILE_STATUS {volume=volume00149, bucket=bucket04297, key=testBatchDelete/parent/child2, dataSize=0, replicationConfig=null} | ret=FAILURE
org.apache.hadoop.ozone.om.exceptions.OMException: Unable to get file status: volume: volume00149 bucket: bucket04297 key: testBatchDelete/parent/child2
	at org.apache.hadoop.ozone.om.KeyManagerImpl.getOzoneFileStatus(KeyManagerImpl.java:1324) ~[ozone-manager-1.3.0-SNAPSHOT.jar:?]
	at org.apache.hadoop.ozone.om.KeyManagerImpl.getFileStatus(KeyManagerImpl.java:1254) ~[ozone-manager-1.3.0-SNAPSHOT.jar:?]
	at org.apache.hadoop.ozone.om.OzoneManager.getFileStatus(OzoneManager.java:3506) ~[ozone-manager-1.3.0-SNAPSHOT.jar:?]
	at org.apache.hadoop.ozone.protocolPB.OzoneManagerRequestHandler.getOzoneFileStatus(OzoneManagerRequestHandler.java:882) ~[ozone-manager-1.3.0-SNAPSHOT.jar:?]
	at org.apache.hadoop.ozone.protocolPB.OzoneManagerRequestHandler.handleReadRequest(OzoneManagerRequestHandler.java:228) ~[ozone-manager-1.3.0-SNAPSHOT.jar:?]
	at org.apache.hadoop.ozone.protocolPB.OzoneManagerProtocolServerSideTranslatorPB.submitRequestDirectlyToOM(OzoneManagerProtocolServerSideTranslatorPB.java:276) ~[ozone-manager-1.3.0-SNAPSHOT.jar:?]
	at org.apache.hadoop.ozone.protocolPB.OzoneManagerProtocolServerSideTranslatorPB.processRequest(OzoneManagerProtocolServerSideTranslatorPB.java:205) ~[ozone-manager-1.3.0-SNAPSHOT.jar:?]
	at org.apache.hadoop.hdds.server.OzoneProtocolMessageDispatcher.processRequest(OzoneProtocolMessageDispatcher.java:87) [hdds-server-framework-1.3.0-SNAPSHOT.jar:?]
	at org.apache.hadoop.ozone.protocolPB.OzoneManagerProtocolServerSideTranslatorPB.submitRequest(OzoneManagerProtocolServerSideTranslatorPB.java:147) [ozone-manager-1.3.0-SNAPSHOT.jar:?]
	at org.apache.hadoop.ozone.protocol.proto.OzoneManagerProtocolProtos$OzoneManagerService$2.callBlockingMethod(OzoneManagerProtocolProtos.java) [ozone-interface-client-1.3.0-SNAPSHOT.jar:?]
	at org.apache.hadoop.ipc.ProtobufRpcEngine$Server.processCall(ProtobufRpcEngine.java:466) [hadoop-common-3.3.1.jar:?]
	at org.apache.hadoop.ipc.ProtobufRpcEngine2$Server$ProtoBufRpcInvoker.call(ProtobufRpcEngine2.java:574) [hadoop-common-3.3.1.jar:?]
	at org.apache.hadoop.ipc.ProtobufRpcEngine2$Server$ProtoBufRpcInvoker.call(ProtobufRpcEngine2.java:552) [hadoop-common-3.3.1.jar:?]
	at org.apache.hadoop.ipc.RPC$Server.call(RPC.java:1093) [hadoop-common-3.3.1.jar:?]
	at org.apache.hadoop.ipc.Server$RpcCall.run(Server.java:1035) [hadoop-common-3.3.1.jar:?]
	at org.apache.hadoop.ipc.Server$RpcCall.run(Server.java:963) [hadoop-common-3.3.1.jar:?]
	at java.security.AccessController.doPrivileged(Native Method) ~[?:1.8.0_345]
	at javax.security.auth.Subject.doAs(Subject.java:422) [?:1.8.0_345]
	at org.apache.hadoop.security.UserGroupInformation.doAs(UserGroupInformation.java:1878) [hadoop-common-3.3.1.jar:?]
	at org.apache.hadoop.ipc.Server$Handler.run(Server.java:2966) [hadoop-common-3.3.1.jar:?]
2022-09-28 15:53:45,232 [Time-limited test] WARN  ozone.BasicOzoneFileSystem (BasicOzoneFileSystem.java:getFileStatus(765)) - GetFileStatus failed for path /testBatchDelete/parent/child2
java.io.FileNotFoundException: testBatchDelete/parent/child2: No such file or directory!
	at org.apache.hadoop.fs.ozone.BasicOzoneClientAdapterImpl.getFileStatus(BasicOzoneClientAdapterImpl.java:369)
	at org.apache.hadoop.fs.ozone.BasicOzoneFileSystem.getFileStatus(BasicOzoneFileSystem.java:757)
	at org.apache.hadoop.fs.FileSystem.exists(FileSystem.java:1760)
	at org.apache.hadoop.fs.ozone.BasicOzoneFileSystem.exists(BasicOzoneFileSystem.java:804)
	at org.apache.hadoop.fs.ozone.TestOzoneFileSystem.testFileDelete(TestOzoneFileSystem.java:536)
	at sun.reflect.NativeMethodAccessorImpl.invoke0(Native Method)
	at sun.reflect.NativeMethodAccessorImpl.invoke(NativeMethodAccessorImpl.java:62)
	at sun.reflect.DelegatingMethodAccessorImpl.invoke(DelegatingMethodAccessorImpl.java:43)
	at java.lang.reflect.Method.invoke(Method.java:498)
	at org.junit.runners.model.FrameworkMethod$1.runReflectiveCall(FrameworkMethod.java:59)
	at org.junit.internal.runners.model.ReflectiveCallable.run(ReflectiveCallable.java:12)
	at org.junit.runners.model.FrameworkMethod.invokeExplosively(FrameworkMethod.java:56)
	at org.junit.internal.runners.statements.InvokeMethod.evaluate(InvokeMethod.java:17)
	at org.junit.internal.runners.statements.RunAfters.evaluate(RunAfters.java:27)
	at org.junit.internal.runners.statements.FailOnTimeout$CallableStatement.call(FailOnTimeout.java:288)
	at org.junit.internal.runners.statements.FailOnTimeout$CallableStatement.call(FailOnTimeout.java:282)
	at java.util.concurrent.FutureTask.run(FutureTask.java:266)
	at java.lang.Thread.run(Thread.java:750)
15:53:45.232 [IPC Server handler 5 on default port 42319] ERROR OMAudit - user=runner | ip=127.0.0.1 | op=GET_FILE_STATUS {volume=volume00149, bucket=bucket04297, key=testBatchDelete/parent/childFolder/child2, dataSize=0, replicationConfig=null} | ret=FAILURE
org.apache.hadoop.ozone.om.exceptions.OMException: Unable to get file status: volume: volume00149 bucket: bucket04297 key: testBatchDelete/parent/childFolder/child2
	at org.apache.hadoop.ozone.om.KeyManagerImpl.getOzoneFileStatus(KeyManagerImpl.java:1324) ~[ozone-manager-1.3.0-SNAPSHOT.jar:?]
	at org.apache.hadoop.ozone.om.KeyManagerImpl.getFileStatus(KeyManagerImpl.java:1254) ~[ozone-manager-1.3.0-SNAPSHOT.jar:?]
	at org.apache.hadoop.ozone.om.OzoneManager.getFileStatus(OzoneManager.java:3506) ~[ozone-manager-1.3.0-SNAPSHOT.jar:?]
	at org.apache.hadoop.ozone.protocolPB.OzoneManagerRequestHandler.getOzoneFileStatus(OzoneManagerRequestHandler.java:882) ~[ozone-manager-1.3.0-SNAPSHOT.jar:?]
	at org.apache.hadoop.ozone.protocolPB.OzoneManagerRequestHandler.handleReadRequest(OzoneManagerRequestHandler.java:228) ~[ozone-manager-1.3.0-SNAPSHOT.jar:?]
	at org.apache.hadoop.ozone.protocolPB.OzoneManagerProtocolServerSideTranslatorPB.submitRequestDirectlyToOM(OzoneManagerProtocolServerSideTranslatorPB.java:276) ~[ozone-manager-1.3.0-SNAPSHOT.jar:?]
	at org.apache.hadoop.ozone.protocolPB.OzoneManagerProtocolServerSideTranslatorPB.processRequest(OzoneManagerProtocolServerSideTranslatorPB.java:205) ~[ozone-manager-1.3.0-SNAPSHOT.jar:?]
	at org.apache.hadoop.hdds.server.OzoneProtocolMessageDispatcher.processRequest(OzoneProtocolMessageDispatcher.java:87) [hdds-server-framework-1.3.0-SNAPSHOT.jar:?]
	at org.apache.hadoop.ozone.protocolPB.OzoneManagerProtocolServerSideTranslatorPB.submitRequest(OzoneManagerProtocolServerSideTranslatorPB.java:147) [ozone-manager-1.3.0-SNAPSHOT.jar:?]
	at org.apache.hadoop.ozone.protocol.proto.OzoneManagerProtocolProtos$OzoneManagerService$2.callBlockingMethod(OzoneManagerProtocolProtos.java) [ozone-interface-client-1.3.0-SNAPSHOT.jar:?]
	at org.apache.hadoop.ipc.ProtobufRpcEngine$Server.processCall(ProtobufRpcEngine.java:466) [hadoop-common-3.3.1.jar:?]
	at org.apache.hadoop.ipc.ProtobufRpcEngine2$Server$ProtoBufRpcInvoker.call(ProtobufRpcEngine2.java:574) [hadoop-common-3.3.1.jar:?]
	at org.apache.hadoop.ipc.ProtobufRpcEngine2$Server$ProtoBufRpcInvoker.call(ProtobufRpcEngine2.java:552) [hadoop-common-3.3.1.jar:?]
	at org.apache.hadoop.ipc.RPC$Server.call(RPC.java:1093) [hadoop-common-3.3.1.jar:?]
	at org.apache.hadoop.ipc.Server$RpcCall.run(Server.java:1035) [hadoop-common-3.3.1.jar:?]
	at org.apache.hadoop.ipc.Server$RpcCall.run(Server.java:963) [hadoop-common-3.3.1.jar:?]
	at java.security.AccessController.doPrivileged(Native Method) ~[?:1.8.0_345]
	at javax.security.auth.Subject.doAs(Subject.java:422) [?:1.8.0_345]
	at org.apache.hadoop.security.UserGroupInformation.doAs(UserGroupInformation.java:1878) [hadoop-common-3.3.1.jar:?]
	at org.apache.hadoop.ipc.Server$Handler.run(Server.java:2966) [hadoop-common-3.3.1.jar:?]
2022-09-28 15:53:45,233 [Time-limited test] WARN  ozone.BasicOzoneFileSystem (BasicOzoneFileSystem.java:getFileStatus(765)) - GetFileStatus failed for path /testBatchDelete/parent/childFolder/child2
java.io.FileNotFoundException: testBatchDelete/parent/childFolder/child2: No such file or directory!
	at org.apache.hadoop.fs.ozone.BasicOzoneClientAdapterImpl.getFileStatus(BasicOzoneClientAdapterImpl.java:369)
	at org.apache.hadoop.fs.ozone.BasicOzoneFileSystem.getFileStatus(BasicOzoneFileSystem.java:757)
	at org.apache.hadoop.fs.FileSystem.exists(FileSystem.java:1760)
	at org.apache.hadoop.fs.ozone.BasicOzoneFileSystem.exists(BasicOzoneFileSystem.java:804)
	at org.apache.hadoop.fs.ozone.TestOzoneFileSystem.testFileDelete(TestOzoneFileSystem.java:541)
	at sun.reflect.NativeMethodAccessorImpl.invoke0(Native Method)
	at sun.reflect.NativeMethodAccessorImpl.invoke(NativeMethodAccessorImpl.java:62)
	at sun.reflect.DelegatingMethodAccessorImpl.invoke(DelegatingMethodAccessorImpl.java:43)
	at java.lang.reflect.Method.invoke(Method.java:498)
	at org.junit.runners.model.FrameworkMethod$1.runReflectiveCall(FrameworkMethod.java:59)
	at org.junit.internal.runners.model.ReflectiveCallable.run(ReflectiveCallable.java:12)
	at org.junit.runners.model.FrameworkMethod.invokeExplosively(FrameworkMethod.java:56)
	at org.junit.internal.runners.statements.InvokeMethod.evaluate(InvokeMethod.java:17)
	at org.junit.internal.runners.statements.RunAfters.evaluate(RunAfters.java:27)
	at org.junit.internal.runners.statements.FailOnTimeout$CallableStatement.call(FailOnTimeout.java:288)
	at org.junit.internal.runners.statements.FailOnTimeout$CallableStatement.call(FailOnTimeout.java:282)
	at java.util.concurrent.FutureTask.run(FutureTask.java:266)
	at java.lang.Thread.run(Thread.java:750)
15:53:45.233 [IPC Server handler 0 on default port 42319] ERROR OMAudit - user=runner | ip=127.0.0.1 | op=GET_FILE_STATUS {volume=volume00149, bucket=bucket04297, key=testBatchDelete/parent/child3, dataSize=0, replicationConfig=null} | ret=FAILURE
org.apache.hadoop.ozone.om.exceptions.OMException: Unable to get file status: volume: volume00149 bucket: bucket04297 key: testBatchDelete/parent/child3
	at org.apache.hadoop.ozone.om.KeyManagerImpl.getOzoneFileStatus(KeyManagerImpl.java:1324) ~[ozone-manager-1.3.0-SNAPSHOT.jar:?]
	at org.apache.hadoop.ozone.om.KeyManagerImpl.getFileStatus(KeyManagerImpl.java:1254) ~[ozone-manager-1.3.0-SNAPSHOT.jar:?]
	at org.apache.hadoop.ozone.om.OzoneManager.getFileStatus(OzoneManager.java:3506) ~[ozone-manager-1.3.0-SNAPSHOT.jar:?]
	at org.apache.hadoop.ozone.protocolPB.OzoneManagerRequestHandler.getOzoneFileStatus(OzoneManagerRequestHandler.java:882) ~[ozone-manager-1.3.0-SNAPSHOT.jar:?]
	at org.apache.hadoop.ozone.protocolPB.OzoneManagerRequestHandler.handleReadRequest(OzoneManagerRequestHandler.java:228) ~[ozone-manager-1.3.0-SNAPSHOT.jar:?]
	at org.apache.hadoop.ozone.protocolPB.OzoneManagerProtocolServerSideTranslatorPB.submitRequestDirectlyToOM(OzoneManagerProtocolServerSideTranslatorPB.java:276) ~[ozone-manager-1.3.0-SNAPSHOT.jar:?]
	at org.apache.hadoop.ozone.protocolPB.OzoneManagerProtocolServerSideTranslatorPB.processRequest(OzoneManagerProtocolServerSideTranslatorPB.java:205) ~[ozone-manager-1.3.0-SNAPSHOT.jar:?]
	at org.apache.hadoop.hdds.server.OzoneProtocolMessageDispatcher.processRequest(OzoneProtocolMessageDispatcher.java:87) [hdds-server-framework-1.3.0-SNAPSHOT.jar:?]
	at org.apache.hadoop.ozone.protocolPB.OzoneManagerProtocolServerSideTranslatorPB.submitRequest(OzoneManagerProtocolServerSideTranslatorPB.java:147) [ozone-manager-1.3.0-SNAPSHOT.jar:?]
	at org.apache.hadoop.ozone.protocol.proto.OzoneManagerProtocolProtos$OzoneManagerService$2.callBlockingMethod(OzoneManagerProtocolProtos.java) [ozone-interface-client-1.3.0-SNAPSHOT.jar:?]
	at org.apache.hadoop.ipc.ProtobufRpcEngine$Server.processCall(ProtobufRpcEngine.java:466) [hadoop-common-3.3.1.jar:?]
	at org.apache.hadoop.ipc.ProtobufRpcEngine2$Server$ProtoBufRpcInvoker.call(ProtobufRpcEngine2.java:574) [hadoop-common-3.3.1.jar:?]
	at org.apache.hadoop.ipc.ProtobufRpcEngine2$Server$ProtoBufRpcInvoker.call(ProtobufRpcEngine2.java:552) [hadoop-common-3.3.1.jar:?]
	at org.apache.hadoop.ipc.RPC$Server.call(RPC.java:1093) [hadoop-common-3.3.1.jar:?]
	at org.apache.hadoop.ipc.Server$RpcCall.run(Server.java:1035) [hadoop-common-3.3.1.jar:?]
	at org.apache.hadoop.ipc.Server$RpcCall.run(Server.java:963) [hadoop-common-3.3.1.jar:?]
	at java.security.AccessController.doPrivileged(Native Method) ~[?:1.8.0_345]
	at javax.security.auth.Subject.doAs(Subject.java:422) [?:1.8.0_345]
	at org.apache.hadoop.security.UserGroupInformation.doAs(UserGroupInformation.java:1878) [hadoop-common-3.3.1.jar:?]
	at org.apache.hadoop.ipc.Server$Handler.run(Server.java:2966) [hadoop-common-3.3.1.jar:?]
2022-09-28 15:53:45,235 [Time-limited test] WARN  ozone.BasicOzoneFileSystem (BasicOzoneFileSystem.java:getFileStatus(765)) - GetFileStatus failed for path /testBatchDelete/parent/child3
java.io.FileNotFoundException: testBatchDelete/parent/child3: No such file or directory!
	at org.apache.hadoop.fs.ozone.BasicOzoneClientAdapterImpl.getFileStatus(BasicOzoneClientAdapterImpl.java:369)
	at org.apache.hadoop.fs.ozone.BasicOzoneFileSystem.getFileStatus(BasicOzoneFileSystem.java:757)
	at org.apache.hadoop.fs.FileSystem.exists(FileSystem.java:1760)
	at org.apache.hadoop.fs.ozone.BasicOzoneFileSystem.exists(BasicOzoneFileSystem.java:804)
	at org.apache.hadoop.fs.ozone.TestOzoneFileSystem.testFileDelete(TestOzoneFileSystem.java:536)
	at sun.reflect.NativeMethodAccessorImpl.invoke0(Native Method)
	at sun.reflect.NativeMethodAccessorImpl.invoke(NativeMethodAccessorImpl.java:62)
	at sun.reflect.DelegatingMethodAccessorImpl.invoke(DelegatingMethodAccessorImpl.java:43)
	at java.lang.reflect.Method.invoke(Method.java:498)
	at org.junit.runners.model.FrameworkMethod$1.runReflectiveCall(FrameworkMethod.java:59)
	at org.junit.internal.runners.model.ReflectiveCallable.run(ReflectiveCallable.java:12)
	at org.junit.runners.model.FrameworkMethod.invokeExplosively(FrameworkMethod.java:56)
	at org.junit.internal.runners.statements.InvokeMethod.evaluate(InvokeMethod.java:17)
	at org.junit.internal.runners.statements.RunAfters.evaluate(RunAfters.java:27)
	at org.junit.internal.runners.statements.FailOnTimeout$CallableStatement.call(FailOnTimeout.java:288)
	at org.junit.internal.runners.statements.FailOnTimeout$CallableStatement.call(FailOnTimeout.java:282)
	at java.util.concurrent.FutureTask.run(FutureTask.java:266)
	at java.lang.Thread.run(Thread.java:750)
15:53:45.235 [IPC Server handler 2 on default port 42319] ERROR OMAudit - user=runner | ip=127.0.0.1 | op=GET_FILE_STATUS {volume=volume00149, bucket=bucket04297, key=testBatchDelete/parent/childFolder/child3, dataSize=0, replicationConfig=null} | ret=FAILURE
org.apache.hadoop.ozone.om.exceptions.OMException: Unable to get file status: volume: volume00149 bucket: bucket04297 key: testBatchDelete/parent/childFolder/child3
	at org.apache.hadoop.ozone.om.KeyManagerImpl.getOzoneFileStatus(KeyManagerImpl.java:1324) ~[ozone-manager-1.3.0-SNAPSHOT.jar:?]
	at org.apache.hadoop.ozone.om.KeyManagerImpl.getFileStatus(KeyManagerImpl.java:1254) ~[ozone-manager-1.3.0-SNAPSHOT.jar:?]
	at org.apache.hadoop.ozone.om.OzoneManager.getFileStatus(OzoneManager.java:3506) ~[ozone-manager-1.3.0-SNAPSHOT.jar:?]
	at org.apache.hadoop.ozone.protocolPB.OzoneManagerRequestHandler.getOzoneFileStatus(OzoneManagerRequestHandler.java:882) ~[ozone-manager-1.3.0-SNAPSHOT.jar:?]
	at org.apache.hadoop.ozone.protocolPB.OzoneManagerRequestHandler.handleReadRequest(OzoneManagerRequestHandler.java:228) ~[ozone-manager-1.3.0-SNAPSHOT.jar:?]
	at org.apache.hadoop.ozone.protocolPB.OzoneManagerProtocolServerSideTranslatorPB.submitRequestDirectlyToOM(OzoneManagerProtocolServerSideTranslatorPB.java:276) ~[ozone-manager-1.3.0-SNAPSHOT.jar:?]
	at org.apache.hadoop.ozone.protocolPB.OzoneManagerProtocolServerSideTranslatorPB.processRequest(OzoneManagerProtocolServerSideTranslatorPB.java:205) ~[ozone-manager-1.3.0-SNAPSHOT.jar:?]
	at org.apache.hadoop.hdds.server.OzoneProtocolMessageDispatcher.processRequest(OzoneProtocolMessageDispatcher.java:87) [hdds-server-framework-1.3.0-SNAPSHOT.jar:?]
	at org.apache.hadoop.ozone.protocolPB.OzoneManagerProtocolServerSideTranslatorPB.submitRequest(OzoneManagerProtocolServerSideTranslatorPB.java:147) [ozone-manager-1.3.0-SNAPSHOT.jar:?]
	at org.apache.hadoop.ozone.protocol.proto.OzoneManagerProtocolProtos$OzoneManagerService$2.callBlockingMethod(OzoneManagerProtocolProtos.java) [ozone-interface-client-1.3.0-SNAPSHOT.jar:?]
	at org.apache.hadoop.ipc.ProtobufRpcEngine$Server.processCall(ProtobufRpcEngine.java:466) [hadoop-common-3.3.1.jar:?]
	at org.apache.hadoop.ipc.ProtobufRpcEngine2$Server$ProtoBufRpcInvoker.call(ProtobufRpcEngine2.java:574) [hadoop-common-3.3.1.jar:?]
	at org.apache.hadoop.ipc.ProtobufRpcEngine2$Server$ProtoBufRpcInvoker.call(ProtobufRpcEngine2.java:552) [hadoop-common-3.3.1.jar:?]
	at org.apache.hadoop.ipc.RPC$Server.call(RPC.java:1093) [hadoop-common-3.3.1.jar:?]
	at org.apache.hadoop.ipc.Server$RpcCall.run(Server.java:1035) [hadoop-common-3.3.1.jar:?]
	at org.apache.hadoop.ipc.Server$RpcCall.run(Server.java:963) [hadoop-common-3.3.1.jar:?]
	at java.security.AccessController.doPrivileged(Native Method) ~[?:1.8.0_345]
	at javax.security.auth.Subject.doAs(Subject.java:422) [?:1.8.0_345]
	at org.apache.hadoop.security.UserGroupInformation.doAs(UserGroupInformation.java:1878) [hadoop-common-3.3.1.jar:?]
	at org.apache.hadoop.ipc.Server$Handler.run(Server.java:2966) [hadoop-common-3.3.1.jar:?]
2022-09-28 15:53:45,239 [Time-limited test] WARN  ozone.BasicOzoneFileSystem (BasicOzoneFileSystem.java:getFileStatus(765)) - GetFileStatus failed for path /testBatchDelete/parent/childFolder/child3
java.io.FileNotFoundException: testBatchDelete/parent/childFolder/child3: No such file or directory!
	at org.apache.hadoop.fs.ozone.BasicOzoneClientAdapterImpl.getFileStatus(BasicOzoneClientAdapterImpl.java:369)
	at org.apache.hadoop.fs.ozone.BasicOzoneFileSystem.getFileStatus(BasicOzoneFileSystem.java:757)
	at org.apache.hadoop.fs.FileSystem.exists(FileSystem.java:1760)
	at org.apache.hadoop.fs.ozone.BasicOzoneFileSystem.exists(BasicOzoneFileSystem.java:804)
	at org.apache.hadoop.fs.ozone.TestOzoneFileSystem.testFileDelete(TestOzoneFileSystem.java:541)
	at sun.reflect.NativeMethodAccessorImpl.invoke0(Native Method)
	at sun.reflect.NativeMethodAccessorImpl.invoke(NativeMethodAccessorImpl.java:62)
	at sun.reflect.DelegatingMethodAccessorImpl.invoke(DelegatingMethodAccessorImpl.java:43)
	at java.lang.reflect.Method.invoke(Method.java:498)
	at org.junit.runners.model.FrameworkMethod$1.runReflectiveCall(FrameworkMethod.java:59)
	at org.junit.internal.runners.model.ReflectiveCallable.run(ReflectiveCallable.java:12)
	at org.junit.runners.model.FrameworkMethod.invokeExplosively(FrameworkMethod.java:56)
	at org.junit.internal.runners.statements.InvokeMethod.evaluate(InvokeMethod.java:17)
	at org.junit.internal.runners.statements.RunAfters.evaluate(RunAfters.java:27)
	at org.junit.internal.runners.statements.FailOnTimeout$CallableStatement.call(FailOnTimeout.java:288)
	at org.junit.internal.runners.statements.FailOnTimeout$CallableStatement.call(FailOnTimeout.java:282)
	at java.util.concurrent.FutureTask.run(FutureTask.java:266)
	at java.lang.Thread.run(Thread.java:750)
15:53:45.239 [IPC Server handler 19 on default port 42319] ERROR OMAudit - user=runner | ip=127.0.0.1 | op=GET_FILE_STATUS {volume=volume00149, bucket=bucket04297, key=testBatchDelete/parent/child4, dataSize=0, replicationConfig=null} | ret=FAILURE
org.apache.hadoop.ozone.om.exceptions.OMException: Unable to get file status: volume: volume00149 bucket: bucket04297 key: testBatchDelete/parent/child4
	at org.apache.hadoop.ozone.om.KeyManagerImpl.getOzoneFileStatus(KeyManagerImpl.java:1324) ~[ozone-manager-1.3.0-SNAPSHOT.jar:?]
	at org.apache.hadoop.ozone.om.KeyManagerImpl.getFileStatus(KeyManagerImpl.java:1254) ~[ozone-manager-1.3.0-SNAPSHOT.jar:?]
	at org.apache.hadoop.ozone.om.OzoneManager.getFileStatus(OzoneManager.java:3506) ~[ozone-manager-1.3.0-SNAPSHOT.jar:?]
	at org.apache.hadoop.ozone.protocolPB.OzoneManagerRequestHandler.getOzoneFileStatus(OzoneManagerRequestHandler.java:882) ~[ozone-manager-1.3.0-SNAPSHOT.jar:?]
	at org.apache.hadoop.ozone.protocolPB.OzoneManagerRequestHandler.handleReadRequest(OzoneManagerRequestHandler.java:228) ~[ozone-manager-1.3.0-SNAPSHOT.jar:?]
	at org.apache.hadoop.ozone.protocolPB.OzoneManagerProtocolServerSideTranslatorPB.submitRequestDirectlyToOM(OzoneManagerProtocolServerSideTranslatorPB.java:276) ~[ozone-manager-1.3.0-SNAPSHOT.jar:?]
	at org.apache.hadoop.ozone.protocolPB.OzoneManagerProtocolServerSideTranslatorPB.processRequest(OzoneManagerProtocolServerSideTranslatorPB.java:205) ~[ozone-manager-1.3.0-SNAPSHOT.jar:?]
	at org.apache.hadoop.hdds.server.OzoneProtocolMessageDispatcher.processRequest(OzoneProtocolMessageDispatcher.java:87) [hdds-server-framework-1.3.0-SNAPSHOT.jar:?]
	at org.apache.hadoop.ozone.protocolPB.OzoneManagerProtocolServerSideTranslatorPB.submitRequest(OzoneManagerProtocolServerSideTranslatorPB.java:147) [ozone-manager-1.3.0-SNAPSHOT.jar:?]
	at org.apache.hadoop.ozone.protocol.proto.OzoneManagerProtocolProtos$OzoneManagerService$2.callBlockingMethod(OzoneManagerProtocolProtos.java) [ozone-interface-client-1.3.0-SNAPSHOT.jar:?]
	at org.apache.hadoop.ipc.ProtobufRpcEngine$Server.processCall(ProtobufRpcEngine.java:466) [hadoop-common-3.3.1.jar:?]
	at org.apache.hadoop.ipc.ProtobufRpcEngine2$Server$ProtoBufRpcInvoker.call(ProtobufRpcEngine2.java:574) [hadoop-common-3.3.1.jar:?]
	at org.apache.hadoop.ipc.ProtobufRpcEngine2$Server$ProtoBufRpcInvoker.call(ProtobufRpcEngine2.java:552) [hadoop-common-3.3.1.jar:?]
	at org.apache.hadoop.ipc.RPC$Server.call(RPC.java:1093) [hadoop-common-3.3.1.jar:?]
	at org.apache.hadoop.ipc.Server$RpcCall.run(Server.java:1035) [hadoop-common-3.3.1.jar:?]
	at org.apache.hadoop.ipc.Server$RpcCall.run(Server.java:963) [hadoop-common-3.3.1.jar:?]
	at java.security.AccessController.doPrivileged(Native Method) ~[?:1.8.0_345]
	at javax.security.auth.Subject.doAs(Subject.java:422) [?:1.8.0_345]
	at org.apache.hadoop.security.UserGroupInformation.doAs(UserGroupInformation.java:1878) [hadoop-common-3.3.1.jar:?]
	at org.apache.hadoop.ipc.Server$Handler.run(Server.java:2966) [hadoop-common-3.3.1.jar:?]
2022-09-28 15:53:45,240 [Time-limited test] WARN  ozone.BasicOzoneFileSystem (BasicOzoneFileSystem.java:getFileStatus(765)) - GetFileStatus failed for path /testBatchDelete/parent/child4
java.io.FileNotFoundException: testBatchDelete/parent/child4: No such file or directory!
	at org.apache.hadoop.fs.ozone.BasicOzoneClientAdapterImpl.getFileStatus(BasicOzoneClientAdapterImpl.java:369)
	at org.apache.hadoop.fs.ozone.BasicOzoneFileSystem.getFileStatus(BasicOzoneFileSystem.java:757)
	at org.apache.hadoop.fs.FileSystem.exists(FileSystem.java:1760)
	at org.apache.hadoop.fs.ozone.BasicOzoneFileSystem.exists(BasicOzoneFileSystem.java:804)
	at org.apache.hadoop.fs.ozone.TestOzoneFileSystem.testFileDelete(TestOzoneFileSystem.java:536)
	at sun.reflect.NativeMethodAccessorImpl.invoke0(Native Method)
	at sun.reflect.NativeMethodAccessorImpl.invoke(NativeMethodAccessorImpl.java:62)
	at sun.reflect.DelegatingMethodAccessorImpl.invoke(DelegatingMethodAccessorImpl.java:43)
	at java.lang.reflect.Method.invoke(Method.java:498)
	at org.junit.runners.model.FrameworkMethod$1.runReflectiveCall(FrameworkMethod.java:59)
	at org.junit.internal.runners.model.ReflectiveCallable.run(ReflectiveCallable.java:12)
	at org.junit.runners.model.FrameworkMethod.invokeExplosively(FrameworkMethod.java:56)
	at org.junit.internal.runners.statements.InvokeMethod.evaluate(InvokeMethod.java:17)
	at org.junit.internal.runners.statements.RunAfters.evaluate(RunAfters.java:27)
	at org.junit.internal.runners.statements.FailOnTimeout$CallableStatement.call(FailOnTimeout.java:288)
	at org.junit.internal.runners.statements.FailOnTimeout$CallableStatement.call(FailOnTimeout.java:282)
	at java.util.concurrent.FutureTask.run(FutureTask.java:266)
	at java.lang.Thread.run(Thread.java:750)
15:53:45.240 [IPC Server handler 13 on default port 42319] ERROR OMAudit - user=runner | ip=127.0.0.1 | op=GET_FILE_STATUS {volume=volume00149, bucket=bucket04297, key=testBatchDelete/parent/childFolder/child4, dataSize=0, replicationConfig=null} | ret=FAILURE
org.apache.hadoop.ozone.om.exceptions.OMException: Unable to get file status: volume: volume00149 bucket: bucket04297 key: testBatchDelete/parent/childFolder/child4
	at org.apache.hadoop.ozone.om.KeyManagerImpl.getOzoneFileStatus(KeyManagerImpl.java:1324) ~[ozone-manager-1.3.0-SNAPSHOT.jar:?]
	at org.apache.hadoop.ozone.om.KeyManagerImpl.getFileStatus(KeyManagerImpl.java:1254) ~[ozone-manager-1.3.0-SNAPSHOT.jar:?]
	at org.apache.hadoop.ozone.om.OzoneManager.getFileStatus(OzoneManager.java:3506) ~[ozone-manager-1.3.0-SNAPSHOT.jar:?]
	at org.apache.hadoop.ozone.protocolPB.OzoneManagerRequestHandler.getOzoneFileStatus(OzoneManagerRequestHandler.java:882) ~[ozone-manager-1.3.0-SNAPSHOT.jar:?]
	at org.apache.hadoop.ozone.protocolPB.OzoneManagerRequestHandler.handleReadRequest(OzoneManagerRequestHandler.java:228) ~[ozone-manager-1.3.0-SNAPSHOT.jar:?]
	at org.apache.hadoop.ozone.protocolPB.OzoneManagerProtocolServerSideTranslatorPB.submitRequestDirectlyToOM(OzoneManagerProtocolServerSideTranslatorPB.java:276) ~[ozone-manager-1.3.0-SNAPSHOT.jar:?]
	at org.apache.hadoop.ozone.protocolPB.OzoneManagerProtocolServerSideTranslatorPB.processRequest(OzoneManagerProtocolServerSideTranslatorPB.java:205) ~[ozone-manager-1.3.0-SNAPSHOT.jar:?]
	at org.apache.hadoop.hdds.server.OzoneProtocolMessageDispatcher.processRequest(OzoneProtocolMessageDispatcher.java:87) [hdds-server-framework-1.3.0-SNAPSHOT.jar:?]
	at org.apache.hadoop.ozone.protocolPB.OzoneManagerProtocolServerSideTranslatorPB.submitRequest(OzoneManagerProtocolServerSideTranslatorPB.java:147) [ozone-manager-1.3.0-SNAPSHOT.jar:?]
	at org.apache.hadoop.ozone.protocol.proto.OzoneManagerProtocolProtos$OzoneManagerService$2.callBlockingMethod(OzoneManagerProtocolProtos.java) [ozone-interface-client-1.3.0-SNAPSHOT.jar:?]
	at org.apache.hadoop.ipc.ProtobufRpcEngine$Server.processCall(ProtobufRpcEngine.java:466) [hadoop-common-3.3.1.jar:?]
	at org.apache.hadoop.ipc.ProtobufRpcEngine2$Server$ProtoBufRpcInvoker.call(ProtobufRpcEngine2.java:574) [hadoop-common-3.3.1.jar:?]
	at org.apache.hadoop.ipc.ProtobufRpcEngine2$Server$ProtoBufRpcInvoker.call(ProtobufRpcEngine2.java:552) [hadoop-common-3.3.1.jar:?]
	at org.apache.hadoop.ipc.RPC$Server.call(RPC.java:1093) [hadoop-common-3.3.1.jar:?]
	at org.apache.hadoop.ipc.Server$RpcCall.run(Server.java:1035) [hadoop-common-3.3.1.jar:?]
	at org.apache.hadoop.ipc.Server$RpcCall.run(Server.java:963) [hadoop-common-3.3.1.jar:?]
	at java.security.AccessController.doPrivileged(Native Method) ~[?:1.8.0_345]
	at javax.security.auth.Subject.doAs(Subject.java:422) [?:1.8.0_345]
	at org.apache.hadoop.security.UserGroupInformation.doAs(UserGroupInformation.java:1878) [hadoop-common-3.3.1.jar:?]
	at org.apache.hadoop.ipc.Server$Handler.run(Server.java:2966) [hadoop-common-3.3.1.jar:?]
2022-09-28 15:53:45,242 [Time-limited test] WARN  ozone.BasicOzoneFileSystem (BasicOzoneFileSystem.java:getFileStatus(765)) - GetFileStatus failed for path /testBatchDelete/parent/childFolder/child4
java.io.FileNotFoundException: testBatchDelete/parent/childFolder/child4: No such file or directory!
	at org.apache.hadoop.fs.ozone.BasicOzoneClientAdapterImpl.getFileStatus(BasicOzoneClientAdapterImpl.java:369)
	at org.apache.hadoop.fs.ozone.BasicOzoneFileSystem.getFileStatus(BasicOzoneFileSystem.java:757)
	at org.apache.hadoop.fs.FileSystem.exists(FileSystem.java:1760)
	at org.apache.hadoop.fs.ozone.BasicOzoneFileSystem.exists(BasicOzoneFileSystem.java:804)
	at org.apache.hadoop.fs.ozone.TestOzoneFileSystem.testFileDelete(TestOzoneFileSystem.java:541)
	at sun.reflect.NativeMethodAccessorImpl.invoke0(Native Method)
	at sun.reflect.NativeMethodAccessorImpl.invoke(NativeMethodAccessorImpl.java:62)
	at sun.reflect.DelegatingMethodAccessorImpl.invoke(DelegatingMethodAccessorImpl.java:43)
	at java.lang.reflect.Method.invoke(Method.java:498)
	at org.junit.runners.model.FrameworkMethod$1.runReflectiveCall(FrameworkMethod.java:59)
	at org.junit.internal.runners.model.ReflectiveCallable.run(ReflectiveCallable.java:12)
	at org.junit.runners.model.FrameworkMethod.invokeExplosively(FrameworkMethod.java:56)
	at org.junit.internal.runners.statements.InvokeMethod.evaluate(InvokeMethod.java:17)
	at org.junit.internal.runners.statements.RunAfters.evaluate(RunAfters.java:27)
	at org.junit.internal.runners.statements.FailOnTimeout$CallableStatement.call(FailOnTimeout.java:288)
	at org.junit.internal.runners.statements.FailOnTimeout$CallableStatement.call(FailOnTimeout.java:282)
	at java.util.concurrent.FutureTask.run(FutureTask.java:266)
	at java.lang.Thread.run(Thread.java:750)
15:53:45.243 [IPC Server handler 7 on default port 42319] ERROR OMAudit - user=runner | ip=127.0.0.1 | op=GET_FILE_STATUS {volume=volume00149, bucket=bucket04297, key=testBatchDelete/parent/child5, dataSize=0, replicationConfig=null} | ret=FAILURE
org.apache.hadoop.ozone.om.exceptions.OMException: Unable to get file status: volume: volume00149 bucket: bucket04297 key: testBatchDelete/parent/child5
	at org.apache.hadoop.ozone.om.KeyManagerImpl.getOzoneFileStatus(KeyManagerImpl.java:1324) ~[ozone-manager-1.3.0-SNAPSHOT.jar:?]
	at org.apache.hadoop.ozone.om.KeyManagerImpl.getFileStatus(KeyManagerImpl.java:1254) ~[ozone-manager-1.3.0-SNAPSHOT.jar:?]
	at org.apache.hadoop.ozone.om.OzoneManager.getFileStatus(OzoneManager.java:3506) ~[ozone-manager-1.3.0-SNAPSHOT.jar:?]
	at org.apache.hadoop.ozone.protocolPB.OzoneManagerRequestHandler.getOzoneFileStatus(OzoneManagerRequestHandler.java:882) ~[ozone-manager-1.3.0-SNAPSHOT.jar:?]
	at org.apache.hadoop.ozone.protocolPB.OzoneManagerRequestHandler.handleReadRequest(OzoneManagerRequestHandler.java:228) ~[ozone-manager-1.3.0-SNAPSHOT.jar:?]
	at org.apache.hadoop.ozone.protocolPB.OzoneManagerProtocolServerSideTranslatorPB.submitRequestDirectlyToOM(OzoneManagerProtocolServerSideTranslatorPB.java:276) ~[ozone-manager-1.3.0-SNAPSHOT.jar:?]
	at org.apache.hadoop.ozone.protocolPB.OzoneManagerProtocolServerSideTranslatorPB.processRequest(OzoneManagerProtocolServerSideTranslatorPB.java:205) ~[ozone-manager-1.3.0-SNAPSHOT.jar:?]
	at org.apache.hadoop.hdds.server.OzoneProtocolMessageDispatcher.processRequest(OzoneProtocolMessageDispatcher.java:87) [hdds-server-framework-1.3.0-SNAPSHOT.jar:?]
	at org.apache.hadoop.ozone.protocolPB.OzoneManagerProtocolServerSideTranslatorPB.submitRequest(OzoneManagerProtocolServerSideTranslatorPB.java:147) [ozone-manager-1.3.0-SNAPSHOT.jar:?]
	at org.apache.hadoop.ozone.protocol.proto.OzoneManagerProtocolProtos$OzoneManagerService$2.callBlockingMethod(OzoneManagerProtocolProtos.java) [ozone-interface-client-1.3.0-SNAPSHOT.jar:?]
	at org.apache.hadoop.ipc.ProtobufRpcEngine$Server.processCall(ProtobufRpcEngine.java:466) [hadoop-common-3.3.1.jar:?]
	at org.apache.hadoop.ipc.ProtobufRpcEngine2$Server$ProtoBufRpcInvoker.call(ProtobufRpcEngine2.java:574) [hadoop-common-3.3.1.jar:?]
	at org.apache.hadoop.ipc.ProtobufRpcEngine2$Server$ProtoBufRpcInvoker.call(ProtobufRpcEngine2.java:552) [hadoop-common-3.3.1.jar:?]
	at org.apache.hadoop.ipc.RPC$Server.call(RPC.java:1093) [hadoop-common-3.3.1.jar:?]
	at org.apache.hadoop.ipc.Server$RpcCall.run(Server.java:1035) [hadoop-common-3.3.1.jar:?]
	at org.apache.hadoop.ipc.Server$RpcCall.run(Server.java:963) [hadoop-common-3.3.1.jar:?]
	at java.security.AccessController.doPrivileged(Native Method) ~[?:1.8.0_345]
	at javax.security.auth.Subject.doAs(Subject.java:422) [?:1.8.0_345]
	at org.apache.hadoop.security.UserGroupInformation.doAs(UserGroupInformation.java:1878) [hadoop-common-3.3.1.jar:?]
	at org.apache.hadoop.ipc.Server$Handler.run(Server.java:2966) [hadoop-common-3.3.1.jar:?]
2022-09-28 15:53:45,243 [Time-limited test] WARN  ozone.BasicOzoneFileSystem (BasicOzoneFileSystem.java:getFileStatus(765)) - GetFileStatus failed for path /testBatchDelete/parent/child5
java.io.FileNotFoundException: testBatchDelete/parent/child5: No such file or directory!
	at org.apache.hadoop.fs.ozone.BasicOzoneClientAdapterImpl.getFileStatus(BasicOzoneClientAdapterImpl.java:369)
	at org.apache.hadoop.fs.ozone.BasicOzoneFileSystem.getFileStatus(BasicOzoneFileSystem.java:757)
	at org.apache.hadoop.fs.FileSystem.exists(FileSystem.java:1760)
	at org.apache.hadoop.fs.ozone.BasicOzoneFileSystem.exists(BasicOzoneFileSystem.java:804)
	at org.apache.hadoop.fs.ozone.TestOzoneFileSystem.testFileDelete(TestOzoneFileSystem.java:536)
	at sun.reflect.NativeMethodAccessorImpl.invoke0(Native Method)
	at sun.reflect.NativeMethodAccessorImpl.invoke(NativeMethodAccessorImpl.java:62)
	at sun.reflect.DelegatingMethodAccessorImpl.invoke(DelegatingMethodAccessorImpl.java:43)
	at java.lang.reflect.Method.invoke(Method.java:498)
	at org.junit.runners.model.FrameworkMethod$1.runReflectiveCall(FrameworkMethod.java:59)
	at org.junit.internal.runners.model.ReflectiveCallable.run(ReflectiveCallable.java:12)
	at org.junit.runners.model.FrameworkMethod.invokeExplosively(FrameworkMethod.java:56)
	at org.junit.internal.runners.statements.InvokeMethod.evaluate(InvokeMethod.java:17)
	at org.junit.internal.runners.statements.RunAfters.evaluate(RunAfters.java:27)
	at org.junit.internal.runners.statements.FailOnTimeout$CallableStatement.call(FailOnTimeout.java:288)
	at org.junit.internal.runners.statements.FailOnTimeout$CallableStatement.call(FailOnTimeout.java:282)
	at java.util.concurrent.FutureTask.run(FutureTask.java:266)
	at java.lang.Thread.run(Thread.java:750)
15:53:45.243 [IPC Server handler 3 on default port 42319] ERROR OMAudit - user=runner | ip=127.0.0.1 | op=GET_FILE_STATUS {volume=volume00149, bucket=bucket04297, key=testBatchDelete/parent/childFolder/child5, dataSize=0, replicationConfig=null} | ret=FAILURE
org.apache.hadoop.ozone.om.exceptions.OMException: Unable to get file status: volume: volume00149 bucket: bucket04297 key: testBatchDelete/parent/childFolder/child5
	at org.apache.hadoop.ozone.om.KeyManagerImpl.getOzoneFileStatus(KeyManagerImpl.java:1324) ~[ozone-manager-1.3.0-SNAPSHOT.jar:?]
	at org.apache.hadoop.ozone.om.KeyManagerImpl.getFileStatus(KeyManagerImpl.java:1254) ~[ozone-manager-1.3.0-SNAPSHOT.jar:?]
	at org.apache.hadoop.ozone.om.OzoneManager.getFileStatus(OzoneManager.java:3506) ~[ozone-manager-1.3.0-SNAPSHOT.jar:?]
	at org.apache.hadoop.ozone.protocolPB.OzoneManagerRequestHandler.getOzoneFileStatus(OzoneManagerRequestHandler.java:882) ~[ozone-manager-1.3.0-SNAPSHOT.jar:?]
	at org.apache.hadoop.ozone.protocolPB.OzoneManagerRequestHandler.handleReadRequest(OzoneManagerRequestHandler.java:228) ~[ozone-manager-1.3.0-SNAPSHOT.jar:?]
	at org.apache.hadoop.ozone.protocolPB.OzoneManagerProtocolServerSideTranslatorPB.submitRequestDirectlyToOM(OzoneManagerProtocolServerSideTranslatorPB.java:276) ~[ozone-manager-1.3.0-SNAPSHOT.jar:?]
	at org.apache.hadoop.ozone.protocolPB.OzoneManagerProtocolServerSideTranslatorPB.processRequest(OzoneManagerProtocolServerSideTranslatorPB.java:205) ~[ozone-manager-1.3.0-SNAPSHOT.jar:?]
	at org.apache.hadoop.hdds.server.OzoneProtocolMessageDispatcher.processRequest(OzoneProtocolMessageDispatcher.java:87) [hdds-server-framework-1.3.0-SNAPSHOT.jar:?]
	at org.apache.hadoop.ozone.protocolPB.OzoneManagerProtocolServerSideTranslatorPB.submitRequest(OzoneManagerProtocolServerSideTranslatorPB.java:147) [ozone-manager-1.3.0-SNAPSHOT.jar:?]
	at org.apache.hadoop.ozone.protocol.proto.OzoneManagerProtocolProtos$OzoneManagerService$2.callBlockingMethod(OzoneManagerProtocolProtos.java) [ozone-interface-client-1.3.0-SNAPSHOT.jar:?]
	at org.apache.hadoop.ipc.ProtobufRpcEngine$Server.processCall(ProtobufRpcEngine.java:466) [hadoop-common-3.3.1.jar:?]
	at org.apache.hadoop.ipc.ProtobufRpcEngine2$Server$ProtoBufRpcInvoker.call(ProtobufRpcEngine2.java:574) [hadoop-common-3.3.1.jar:?]
	at org.apache.hadoop.ipc.ProtobufRpcEngine2$Server$ProtoBufRpcInvoker.call(ProtobufRpcEngine2.java:552) [hadoop-common-3.3.1.jar:?]
	at org.apache.hadoop.ipc.RPC$Server.call(RPC.java:1093) [hadoop-common-3.3.1.jar:?]
	at org.apache.hadoop.ipc.Server$RpcCall.run(Server.java:1035) [hadoop-common-3.3.1.jar:?]
	at org.apache.hadoop.ipc.Server$RpcCall.run(Server.java:963) [hadoop-common-3.3.1.jar:?]
	at java.security.AccessController.doPrivileged(Native Method) ~[?:1.8.0_345]
	at javax.security.auth.Subject.doAs(Subject.java:422) [?:1.8.0_345]
	at org.apache.hadoop.security.UserGroupInformation.doAs(UserGroupInformation.java:1878) [hadoop-common-3.3.1.jar:?]
	at org.apache.hadoop.ipc.Server$Handler.run(Server.java:2966) [hadoop-common-3.3.1.jar:?]
2022-09-28 15:53:45,244 [Time-limited test] WARN  ozone.BasicOzoneFileSystem (BasicOzoneFileSystem.java:getFileStatus(765)) - GetFileStatus failed for path /testBatchDelete/parent/childFolder/child5
java.io.FileNotFoundException: testBatchDelete/parent/childFolder/child5: No such file or directory!
	at org.apache.hadoop.fs.ozone.BasicOzoneClientAdapterImpl.getFileStatus(BasicOzoneClientAdapterImpl.java:369)
	at org.apache.hadoop.fs.ozone.BasicOzoneFileSystem.getFileStatus(BasicOzoneFileSystem.java:757)
	at org.apache.hadoop.fs.FileSystem.exists(FileSystem.java:1760)
	at org.apache.hadoop.fs.ozone.BasicOzoneFileSystem.exists(BasicOzoneFileSystem.java:804)
	at org.apache.hadoop.fs.ozone.TestOzoneFileSystem.testFileDelete(TestOzoneFileSystem.java:541)
	at sun.reflect.NativeMethodAccessorImpl.invoke0(Native Method)
	at sun.reflect.NativeMethodAccessorImpl.invoke(NativeMethodAccessorImpl.java:62)
	at sun.reflect.DelegatingMethodAccessorImpl.invoke(DelegatingMethodAccessorImpl.java:43)
	at java.lang.reflect.Method.invoke(Method.java:498)
	at org.junit.runners.model.FrameworkMethod$1.runReflectiveCall(FrameworkMethod.java:59)
	at org.junit.internal.runners.model.ReflectiveCallable.run(ReflectiveCallable.java:12)
	at org.junit.runners.model.FrameworkMethod.invokeExplosively(FrameworkMethod.java:56)
	at org.junit.internal.runners.statements.InvokeMethod.evaluate(InvokeMethod.java:17)
	at org.junit.internal.runners.statements.RunAfters.evaluate(RunAfters.java:27)
	at org.junit.internal.runners.statements.FailOnTimeout$CallableStatement.call(FailOnTimeout.java:288)
	at org.junit.internal.runners.statements.FailOnTimeout$CallableStatement.call(FailOnTimeout.java:282)
	at java.util.concurrent.FutureTask.run(FutureTask.java:266)
	at java.lang.Thread.run(Thread.java:750)
15:53:45.244 [IPC Server handler 10 on default port 42319] ERROR OMAudit - user=runner | ip=127.0.0.1 | op=GET_FILE_STATUS {volume=volume00149, bucket=bucket04297, key=testBatchDelete/parent/child6, dataSize=0, replicationConfig=null} | ret=FAILURE
org.apache.hadoop.ozone.om.exceptions.OMException: Unable to get file status: volume: volume00149 bucket: bucket04297 key: testBatchDelete/parent/child6
	at org.apache.hadoop.ozone.om.KeyManagerImpl.getOzoneFileStatus(KeyManagerImpl.java:1324) ~[ozone-manager-1.3.0-SNAPSHOT.jar:?]
	at org.apache.hadoop.ozone.om.KeyManagerImpl.getFileStatus(KeyManagerImpl.java:1254) ~[ozone-manager-1.3.0-SNAPSHOT.jar:?]
	at org.apache.hadoop.ozone.om.OzoneManager.getFileStatus(OzoneManager.java:3506) ~[ozone-manager-1.3.0-SNAPSHOT.jar:?]
	at org.apache.hadoop.ozone.protocolPB.OzoneManagerRequestHandler.getOzoneFileStatus(OzoneManagerRequestHandler.java:882) ~[ozone-manager-1.3.0-SNAPSHOT.jar:?]
	at org.apache.hadoop.ozone.protocolPB.OzoneManagerRequestHandler.handleReadRequest(OzoneManagerRequestHandler.java:228) ~[ozone-manager-1.3.0-SNAPSHOT.jar:?]
	at org.apache.hadoop.ozone.protocolPB.OzoneManagerProtocolServerSideTranslatorPB.submitRequestDirectlyToOM(OzoneManagerProtocolServerSideTranslatorPB.java:276) ~[ozone-manager-1.3.0-SNAPSHOT.jar:?]
	at org.apache.hadoop.ozone.protocolPB.OzoneManagerProtocolServerSideTranslatorPB.processRequest(OzoneManagerProtocolServerSideTranslatorPB.java:205) ~[ozone-manager-1.3.0-SNAPSHOT.jar:?]
	at org.apache.hadoop.hdds.server.OzoneProtocolMessageDispatcher.processRequest(OzoneProtocolMessageDispatcher.java:87) [hdds-server-framework-1.3.0-SNAPSHOT.jar:?]
	at org.apache.hadoop.ozone.protocolPB.OzoneManagerProtocolServerSideTranslatorPB.submitRequest(OzoneManagerProtocolServerSideTranslatorPB.java:147) [ozone-manager-1.3.0-SNAPSHOT.jar:?]
	at org.apache.hadoop.ozone.protocol.proto.OzoneManagerProtocolProtos$OzoneManagerService$2.callBlockingMethod(OzoneManagerProtocolProtos.java) [ozone-interface-client-1.3.0-SNAPSHOT.jar:?]
	at org.apache.hadoop.ipc.ProtobufRpcEngine$Server.processCall(ProtobufRpcEngine.java:466) [hadoop-common-3.3.1.jar:?]
	at org.apache.hadoop.ipc.ProtobufRpcEngine2$Server$ProtoBufRpcInvoker.call(ProtobufRpcEngine2.java:574) [hadoop-common-3.3.1.jar:?]
	at org.apache.hadoop.ipc.ProtobufRpcEngine2$Server$ProtoBufRpcInvoker.call(ProtobufRpcEngine2.java:552) [hadoop-common-3.3.1.jar:?]
	at org.apache.hadoop.ipc.RPC$Server.call(RPC.java:1093) [hadoop-common-3.3.1.jar:?]
	at org.apache.hadoop.ipc.Server$RpcCall.run(Server.java:1035) [hadoop-common-3.3.1.jar:?]
	at org.apache.hadoop.ipc.Server$RpcCall.run(Server.java:963) [hadoop-common-3.3.1.jar:?]
	at java.security.AccessController.doPrivileged(Native Method) ~[?:1.8.0_345]
	at javax.security.auth.Subject.doAs(Subject.java:422) [?:1.8.0_345]
	at org.apache.hadoop.security.UserGroupInformation.doAs(UserGroupInformation.java:1878) [hadoop-common-3.3.1.jar:?]
	at org.apache.hadoop.ipc.Server$Handler.run(Server.java:2966) [hadoop-common-3.3.1.jar:?]
2022-09-28 15:53:45,245 [Time-limited test] WARN  ozone.BasicOzoneFileSystem (BasicOzoneFileSystem.java:getFileStatus(765)) - GetFileStatus failed for path /testBatchDelete/parent/child6
java.io.FileNotFoundException: testBatchDelete/parent/child6: No such file or directory!
	at org.apache.hadoop.fs.ozone.BasicOzoneClientAdapterImpl.getFileStatus(BasicOzoneClientAdapterImpl.java:369)
	at org.apache.hadoop.fs.ozone.BasicOzoneFileSystem.getFileStatus(BasicOzoneFileSystem.java:757)
	at org.apache.hadoop.fs.FileSystem.exists(FileSystem.java:1760)
	at org.apache.hadoop.fs.ozone.BasicOzoneFileSystem.exists(BasicOzoneFileSystem.java:804)
	at org.apache.hadoop.fs.ozone.TestOzoneFileSystem.testFileDelete(TestOzoneFileSystem.java:536)
	at sun.reflect.NativeMethodAccessorImpl.invoke0(Native Method)
	at sun.reflect.NativeMethodAccessorImpl.invoke(NativeMethodAccessorImpl.java:62)
	at sun.reflect.DelegatingMethodAccessorImpl.invoke(DelegatingMethodAccessorImpl.java:43)
	at java.lang.reflect.Method.invoke(Method.java:498)
	at org.junit.runners.model.FrameworkMethod$1.runReflectiveCall(FrameworkMethod.java:59)
	at org.junit.internal.runners.model.ReflectiveCallable.run(ReflectiveCallable.java:12)
	at org.junit.runners.model.FrameworkMethod.invokeExplosively(FrameworkMethod.java:56)
	at org.junit.internal.runners.statements.InvokeMethod.evaluate(InvokeMethod.java:17)
	at org.junit.internal.runners.statements.RunAfters.evaluate(RunAfters.java:27)
	at org.junit.internal.runners.statements.FailOnTimeout$CallableStatement.call(FailOnTimeout.java:288)
	at org.junit.internal.runners.statements.FailOnTimeout$CallableStatement.call(FailOnTimeout.java:282)
	at java.util.concurrent.FutureTask.run(FutureTask.java:266)
	at java.lang.Thread.run(Thread.java:750)
15:53:45.245 [IPC Server handler 11 on default port 42319] ERROR OMAudit - user=runner | ip=127.0.0.1 | op=GET_FILE_STATUS {volume=volume00149, bucket=bucket04297, key=testBatchDelete/parent/childFolder/child6, dataSize=0, replicationConfig=null} | ret=FAILURE
org.apache.hadoop.ozone.om.exceptions.OMException: Unable to get file status: volume: volume00149 bucket: bucket04297 key: testBatchDelete/parent/childFolder/child6
	at org.apache.hadoop.ozone.om.KeyManagerImpl.getOzoneFileStatus(KeyManagerImpl.java:1324) ~[ozone-manager-1.3.0-SNAPSHOT.jar:?]
	at org.apache.hadoop.ozone.om.KeyManagerImpl.getFileStatus(KeyManagerImpl.java:1254) ~[ozone-manager-1.3.0-SNAPSHOT.jar:?]
	at org.apache.hadoop.ozone.om.OzoneManager.getFileStatus(OzoneManager.java:3506) ~[ozone-manager-1.3.0-SNAPSHOT.jar:?]
	at org.apache.hadoop.ozone.protocolPB.OzoneManagerRequestHandler.getOzoneFileStatus(OzoneManagerRequestHandler.java:882) ~[ozone-manager-1.3.0-SNAPSHOT.jar:?]
	at org.apache.hadoop.ozone.protocolPB.OzoneManagerRequestHandler.handleReadRequest(OzoneManagerRequestHandler.java:228) ~[ozone-manager-1.3.0-SNAPSHOT.jar:?]
	at org.apache.hadoop.ozone.protocolPB.OzoneManagerProtocolServerSideTranslatorPB.submitRequestDirectlyToOM(OzoneManagerProtocolServerSideTranslatorPB.java:276) ~[ozone-manager-1.3.0-SNAPSHOT.jar:?]
	at org.apache.hadoop.ozone.protocolPB.OzoneManagerProtocolServerSideTranslatorPB.processRequest(OzoneManagerProtocolServerSideTranslatorPB.java:205) ~[ozone-manager-1.3.0-SNAPSHOT.jar:?]
	at org.apache.hadoop.hdds.server.OzoneProtocolMessageDispatcher.processRequest(OzoneProtocolMessageDispatcher.java:87) [hdds-server-framework-1.3.0-SNAPSHOT.jar:?]
	at org.apache.hadoop.ozone.protocolPB.OzoneManagerProtocolServerSideTranslatorPB.submitRequest(OzoneManagerProtocolServerSideTranslatorPB.java:147) [ozone-manager-1.3.0-SNAPSHOT.jar:?]
	at org.apache.hadoop.ozone.protocol.proto.OzoneManagerProtocolProtos$OzoneManagerService$2.callBlockingMethod(OzoneManagerProtocolProtos.java) [ozone-interface-client-1.3.0-SNAPSHOT.jar:?]
	at org.apache.hadoop.ipc.ProtobufRpcEngine$Server.processCall(ProtobufRpcEngine.java:466) [hadoop-common-3.3.1.jar:?]
	at org.apache.hadoop.ipc.ProtobufRpcEngine2$Server$ProtoBufRpcInvoker.call(ProtobufRpcEngine2.java:574) [hadoop-common-3.3.1.jar:?]
	at org.apache.hadoop.ipc.ProtobufRpcEngine2$Server$ProtoBufRpcInvoker.call(ProtobufRpcEngine2.java:552) [hadoop-common-3.3.1.jar:?]
	at org.apache.hadoop.ipc.RPC$Server.call(RPC.java:1093) [hadoop-common-3.3.1.jar:?]
	at org.apache.hadoop.ipc.Server$RpcCall.run(Server.java:1035) [hadoop-common-3.3.1.jar:?]
	at org.apache.hadoop.ipc.Server$RpcCall.run(Server.java:963) [hadoop-common-3.3.1.jar:?]
	at java.security.AccessController.doPrivileged(Native Method) ~[?:1.8.0_345]
	at javax.security.auth.Subject.doAs(Subject.java:422) [?:1.8.0_345]
	at org.apache.hadoop.security.UserGroupInformation.doAs(UserGroupInformation.java:1878) [hadoop-common-3.3.1.jar:?]
	at org.apache.hadoop.ipc.Server$Handler.run(Server.java:2966) [hadoop-common-3.3.1.jar:?]
2022-09-28 15:53:45,245 [Time-limited test] WARN  ozone.BasicOzoneFileSystem (BasicOzoneFileSystem.java:getFileStatus(765)) - GetFileStatus failed for path /testBatchDelete/parent/childFolder/child6
java.io.FileNotFoundException: testBatchDelete/parent/childFolder/child6: No such file or directory!
	at org.apache.hadoop.fs.ozone.BasicOzoneClientAdapterImpl.getFileStatus(BasicOzoneClientAdapterImpl.java:369)
	at org.apache.hadoop.fs.ozone.BasicOzoneFileSystem.getFileStatus(BasicOzoneFileSystem.java:757)
	at org.apache.hadoop.fs.FileSystem.exists(FileSystem.java:1760)
	at org.apache.hadoop.fs.ozone.BasicOzoneFileSystem.exists(BasicOzoneFileSystem.java:804)
	at org.apache.hadoop.fs.ozone.TestOzoneFileSystem.testFileDelete(TestOzoneFileSystem.java:541)
	at sun.reflect.NativeMethodAccessorImpl.invoke0(Native Method)
	at sun.reflect.NativeMethodAccessorImpl.invoke(NativeMethodAccessorImpl.java:62)
	at sun.reflect.DelegatingMethodAccessorImpl.invoke(DelegatingMethodAccessorImpl.java:43)
	at java.lang.reflect.Method.invoke(Method.java:498)
	at org.junit.runners.model.FrameworkMethod$1.runReflectiveCall(FrameworkMethod.java:59)
	at org.junit.internal.runners.model.ReflectiveCallable.run(ReflectiveCallable.java:12)
	at org.junit.runners.model.FrameworkMethod.invokeExplosively(FrameworkMethod.java:56)
	at org.junit.internal.runners.statements.InvokeMethod.evaluate(InvokeMethod.java:17)
	at org.junit.internal.runners.statements.RunAfters.evaluate(RunAfters.java:27)
	at org.junit.internal.runners.statements.FailOnTimeout$CallableStatement.call(FailOnTimeout.java:288)
	at org.junit.internal.runners.statements.FailOnTimeout$CallableStatement.call(FailOnTimeout.java:282)
	at java.util.concurrent.FutureTask.run(FutureTask.java:266)
	at java.lang.Thread.run(Thread.java:750)
15:53:45.246 [IPC Server handler 9 on default port 42319] ERROR OMAudit - user=runner | ip=127.0.0.1 | op=GET_FILE_STATUS {volume=volume00149, bucket=bucket04297, key=testBatchDelete/parent/child7, dataSize=0, replicationConfig=null} | ret=FAILURE
org.apache.hadoop.ozone.om.exceptions.OMException: Unable to get file status: volume: volume00149 bucket: bucket04297 key: testBatchDelete/parent/child7
	at org.apache.hadoop.ozone.om.KeyManagerImpl.getOzoneFileStatus(KeyManagerImpl.java:1324) ~[ozone-manager-1.3.0-SNAPSHOT.jar:?]
	at org.apache.hadoop.ozone.om.KeyManagerImpl.getFileStatus(KeyManagerImpl.java:1254) ~[ozone-manager-1.3.0-SNAPSHOT.jar:?]
	at org.apache.hadoop.ozone.om.OzoneManager.getFileStatus(OzoneManager.java:3506) ~[ozone-manager-1.3.0-SNAPSHOT.jar:?]
	at org.apache.hadoop.ozone.protocolPB.OzoneManagerRequestHandler.getOzoneFileStatus(OzoneManagerRequestHandler.java:882) ~[ozone-manager-1.3.0-SNAPSHOT.jar:?]
	at org.apache.hadoop.ozone.protocolPB.OzoneManagerRequestHandler.handleReadRequest(OzoneManagerRequestHandler.java:228) ~[ozone-manager-1.3.0-SNAPSHOT.jar:?]
	at org.apache.hadoop.ozone.protocolPB.OzoneManagerProtocolServerSideTranslatorPB.submitRequestDirectlyToOM(OzoneManagerProtocolServerSideTranslatorPB.java:276) ~[ozone-manager-1.3.0-SNAPSHOT.jar:?]
	at org.apache.hadoop.ozone.protocolPB.OzoneManagerProtocolServerSideTranslatorPB.processRequest(OzoneManagerProtocolServerSideTranslatorPB.java:205) ~[ozone-manager-1.3.0-SNAPSHOT.jar:?]
	at org.apache.hadoop.hdds.server.OzoneProtocolMessageDispatcher.processRequest(OzoneProtocolMessageDispatcher.java:87) [hdds-server-framework-1.3.0-SNAPSHOT.jar:?]
	at org.apache.hadoop.ozone.protocolPB.OzoneManagerProtocolServerSideTranslatorPB.submitRequest(OzoneManagerProtocolServerSideTranslatorPB.java:147) [ozone-manager-1.3.0-SNAPSHOT.jar:?]
	at org.apache.hadoop.ozone.protocol.proto.OzoneManagerProtocolProtos$OzoneManagerService$2.callBlockingMethod(OzoneManagerProtocolProtos.java) [ozone-interface-client-1.3.0-SNAPSHOT.jar:?]
	at org.apache.hadoop.ipc.ProtobufRpcEngine$Server.processCall(ProtobufRpcEngine.java:466) [hadoop-common-3.3.1.jar:?]
	at org.apache.hadoop.ipc.ProtobufRpcEngine2$Server$ProtoBufRpcInvoker.call(ProtobufRpcEngine2.java:574) [hadoop-common-3.3.1.jar:?]
	at org.apache.hadoop.ipc.ProtobufRpcEngine2$Server$ProtoBufRpcInvoker.call(ProtobufRpcEngine2.java:552) [hadoop-common-3.3.1.jar:?]
	at org.apache.hadoop.ipc.RPC$Server.call(RPC.java:1093) [hadoop-common-3.3.1.jar:?]
	at org.apache.hadoop.ipc.Server$RpcCall.run(Server.java:1035) [hadoop-common-3.3.1.jar:?]
	at org.apache.hadoop.ipc.Server$RpcCall.run(Server.java:963) [hadoop-common-3.3.1.jar:?]
	at java.security.AccessController.doPrivileged(Native Method) ~[?:1.8.0_345]
	at javax.security.auth.Subject.doAs(Subject.java:422) [?:1.8.0_345]
	at org.apache.hadoop.security.UserGroupInformation.doAs(UserGroupInformation.java:1878) [hadoop-common-3.3.1.jar:?]
	at org.apache.hadoop.ipc.Server$Handler.run(Server.java:2966) [hadoop-common-3.3.1.jar:?]
2022-09-28 15:53:45,246 [Time-limited test] WARN  ozone.BasicOzoneFileSystem (BasicOzoneFileSystem.java:getFileStatus(765)) - GetFileStatus failed for path /testBatchDelete/parent/child7
java.io.FileNotFoundException: testBatchDelete/parent/child7: No such file or directory!
	at org.apache.hadoop.fs.ozone.BasicOzoneClientAdapterImpl.getFileStatus(BasicOzoneClientAdapterImpl.java:369)
	at org.apache.hadoop.fs.ozone.BasicOzoneFileSystem.getFileStatus(BasicOzoneFileSystem.java:757)
	at org.apache.hadoop.fs.FileSystem.exists(FileSystem.java:1760)
	at org.apache.hadoop.fs.ozone.BasicOzoneFileSystem.exists(BasicOzoneFileSystem.java:804)
	at org.apache.hadoop.fs.ozone.TestOzoneFileSystem.testFileDelete(TestOzoneFileSystem.java:536)
	at sun.reflect.NativeMethodAccessorImpl.invoke0(Native Method)
	at sun.reflect.NativeMethodAccessorImpl.invoke(NativeMethodAccessorImpl.java:62)
	at sun.reflect.DelegatingMethodAccessorImpl.invoke(DelegatingMethodAccessorImpl.java:43)
	at java.lang.reflect.Method.invoke(Method.java:498)
	at org.junit.runners.model.FrameworkMethod$1.runReflectiveCall(FrameworkMethod.java:59)
	at org.junit.internal.runners.model.ReflectiveCallable.run(ReflectiveCallable.java:12)
	at org.junit.runners.model.FrameworkMethod.invokeExplosively(FrameworkMethod.java:56)
	at org.junit.internal.runners.statements.InvokeMethod.evaluate(InvokeMethod.java:17)
	at org.junit.internal.runners.statements.RunAfters.evaluate(RunAfters.java:27)
	at org.junit.internal.runners.statements.FailOnTimeout$CallableStatement.call(FailOnTimeout.java:288)
	at org.junit.internal.runners.statements.FailOnTimeout$CallableStatement.call(FailOnTimeout.java:282)
	at java.util.concurrent.FutureTask.run(FutureTask.java:266)
	at java.lang.Thread.run(Thread.java:750)
15:53:45.248 [IPC Server handler 12 on default port 42319] ERROR OMAudit - user=runner | ip=127.0.0.1 | op=GET_FILE_STATUS {volume=volume00149, bucket=bucket04297, key=testBatchDelete/parent/childFolder/child7, dataSize=0, replicationConfig=null} | ret=FAILURE
org.apache.hadoop.ozone.om.exceptions.OMException: Unable to get file status: volume: volume00149 bucket: bucket04297 key: testBatchDelete/parent/childFolder/child7
	at org.apache.hadoop.ozone.om.KeyManagerImpl.getOzoneFileStatus(KeyManagerImpl.java:1324) ~[ozone-manager-1.3.0-SNAPSHOT.jar:?]
	at org.apache.hadoop.ozone.om.KeyManagerImpl.getFileStatus(KeyManagerImpl.java:1254) ~[ozone-manager-1.3.0-SNAPSHOT.jar:?]
	at org.apache.hadoop.ozone.om.OzoneManager.getFileStatus(OzoneManager.java:3506) ~[ozone-manager-1.3.0-SNAPSHOT.jar:?]
	at org.apache.hadoop.ozone.protocolPB.OzoneManagerRequestHandler.getOzoneFileStatus(OzoneManagerRequestHandler.java:882) ~[ozone-manager-1.3.0-SNAPSHOT.jar:?]
	at org.apache.hadoop.ozone.protocolPB.OzoneManagerRequestHandler.handleReadRequest(OzoneManagerRequestHandler.java:228) ~[ozone-manager-1.3.0-SNAPSHOT.jar:?]
	at org.apache.hadoop.ozone.protocolPB.OzoneManagerProtocolServerSideTranslatorPB.submitRequestDirectlyToOM(OzoneManagerProtocolServerSideTranslatorPB.java:276) ~[ozone-manager-1.3.0-SNAPSHOT.jar:?]
	at org.apache.hadoop.ozone.protocolPB.OzoneManagerProtocolServerSideTranslatorPB.processRequest(OzoneManagerProtocolServerSideTranslatorPB.java:205) ~[ozone-manager-1.3.0-SNAPSHOT.jar:?]
	at org.apache.hadoop.hdds.server.OzoneProtocolMessageDispatcher.processRequest(OzoneProtocolMessageDispatcher.java:87) [hdds-server-framework-1.3.0-SNAPSHOT.jar:?]
	at org.apache.hadoop.ozone.protocolPB.OzoneManagerProtocolServerSideTranslatorPB.submitRequest(OzoneManagerProtocolServerSideTranslatorPB.java:147) [ozone-manager-1.3.0-SNAPSHOT.jar:?]
	at org.apache.hadoop.ozone.protocol.proto.OzoneManagerProtocolProtos$OzoneManagerService$2.callBlockingMethod(OzoneManagerProtocolProtos.java) [ozone-interface-client-1.3.0-SNAPSHOT.jar:?]
	at org.apache.hadoop.ipc.ProtobufRpcEngine$Server.processCall(ProtobufRpcEngine.java:466) [hadoop-common-3.3.1.jar:?]
	at org.apache.hadoop.ipc.ProtobufRpcEngine2$Server$ProtoBufRpcInvoker.call(ProtobufRpcEngine2.java:574) [hadoop-common-3.3.1.jar:?]
	at org.apache.hadoop.ipc.ProtobufRpcEngine2$Server$ProtoBufRpcInvoker.call(ProtobufRpcEngine2.java:552) [hadoop-common-3.3.1.jar:?]
	at org.apache.hadoop.ipc.RPC$Server.call(RPC.java:1093) [hadoop-common-3.3.1.jar:?]
	at org.apache.hadoop.ipc.Server$RpcCall.run(Server.java:1035) [hadoop-common-3.3.1.jar:?]
	at org.apache.hadoop.ipc.Server$RpcCall.run(Server.java:963) [hadoop-common-3.3.1.jar:?]
	at java.security.AccessController.doPrivileged(Native Method) ~[?:1.8.0_345]
	at javax.security.auth.Subject.doAs(Subject.java:422) [?:1.8.0_345]
	at org.apache.hadoop.security.UserGroupInformation.doAs(UserGroupInformation.java:1878) [hadoop-common-3.3.1.jar:?]
	at org.apache.hadoop.ipc.Server$Handler.run(Server.java:2966) [hadoop-common-3.3.1.jar:?]
2022-09-28 15:53:45,248 [Time-limited test] WARN  ozone.BasicOzoneFileSystem (BasicOzoneFileSystem.java:getFileStatus(765)) - GetFileStatus failed for path /testBatchDelete/parent/childFolder/child7
java.io.FileNotFoundException: testBatchDelete/parent/childFolder/child7: No such file or directory!
	at org.apache.hadoop.fs.ozone.BasicOzoneClientAdapterImpl.getFileStatus(BasicOzoneClientAdapterImpl.java:369)
	at org.apache.hadoop.fs.ozone.BasicOzoneFileSystem.getFileStatus(BasicOzoneFileSystem.java:757)
	at org.apache.hadoop.fs.FileSystem.exists(FileSystem.java:1760)
	at org.apache.hadoop.fs.ozone.BasicOzoneFileSystem.exists(BasicOzoneFileSystem.java:804)
	at org.apache.hadoop.fs.ozone.TestOzoneFileSystem.testFileDelete(TestOzoneFileSystem.java:541)
	at sun.reflect.NativeMethodAccessorImpl.invoke0(Native Method)
	at sun.reflect.NativeMethodAccessorImpl.invoke(NativeMethodAccessorImpl.java:62)
	at sun.reflect.DelegatingMethodAccessorImpl.invoke(DelegatingMethodAccessorImpl.java:43)
	at java.lang.reflect.Method.invoke(Method.java:498)
	at org.junit.runners.model.FrameworkMethod$1.runReflectiveCall(FrameworkMethod.java:59)
	at org.junit.internal.runners.model.ReflectiveCallable.run(ReflectiveCallable.java:12)
	at org.junit.runners.model.FrameworkMethod.invokeExplosively(FrameworkMethod.java:56)
	at org.junit.internal.runners.statements.InvokeMethod.evaluate(InvokeMethod.java:17)
	at org.junit.internal.runners.statements.RunAfters.evaluate(RunAfters.java:27)
	at org.junit.internal.runners.statements.FailOnTimeout$CallableStatement.call(FailOnTimeout.java:288)
	at org.junit.internal.runners.statements.FailOnTimeout$CallableStatement.call(FailOnTimeout.java:282)
	at java.util.concurrent.FutureTask.run(FutureTask.java:266)
	at java.lang.Thread.run(Thread.java:750)
15:53:45.249 [IPC Server handler 14 on default port 42319] ERROR OMAudit - user=runner | ip=127.0.0.1 | op=GET_FILE_STATUS {volume=volume00149, bucket=bucket04297, key=testBatchDelete/parent, dataSize=0, replicationConfig=null} | ret=FAILURE
org.apache.hadoop.ozone.om.exceptions.OMException: Unable to get file status: volume: volume00149 bucket: bucket04297 key: testBatchDelete/parent
	at org.apache.hadoop.ozone.om.KeyManagerImpl.getOzoneFileStatus(KeyManagerImpl.java:1324) ~[ozone-manager-1.3.0-SNAPSHOT.jar:?]
	at org.apache.hadoop.ozone.om.KeyManagerImpl.getFileStatus(KeyManagerImpl.java:1254) ~[ozone-manager-1.3.0-SNAPSHOT.jar:?]
	at org.apache.hadoop.ozone.om.OzoneManager.getFileStatus(OzoneManager.java:3506) ~[ozone-manager-1.3.0-SNAPSHOT.jar:?]
	at org.apache.hadoop.ozone.protocolPB.OzoneManagerRequestHandler.getOzoneFileStatus(OzoneManagerRequestHandler.java:882) ~[ozone-manager-1.3.0-SNAPSHOT.jar:?]
	at org.apache.hadoop.ozone.protocolPB.OzoneManagerRequestHandler.handleReadRequest(OzoneManagerRequestHandler.java:228) ~[ozone-manager-1.3.0-SNAPSHOT.jar:?]
	at org.apache.hadoop.ozone.protocolPB.OzoneManagerProtocolServerSideTranslatorPB.submitRequestDirectlyToOM(OzoneManagerProtocolServerSideTranslatorPB.java:276) ~[ozone-manager-1.3.0-SNAPSHOT.jar:?]
	at org.apache.hadoop.ozone.protocolPB.OzoneManagerProtocolServerSideTranslatorPB.processRequest(OzoneManagerProtocolServerSideTranslatorPB.java:205) ~[ozone-manager-1.3.0-SNAPSHOT.jar:?]
	at org.apache.hadoop.hdds.server.OzoneProtocolMessageDispatcher.processRequest(OzoneProtocolMessageDispatcher.java:87) [hdds-server-framework-1.3.0-SNAPSHOT.jar:?]
	at org.apache.hadoop.ozone.protocolPB.OzoneManagerProtocolServerSideTranslatorPB.submitRequest(OzoneManagerProtocolServerSideTranslatorPB.java:147) [ozone-manager-1.3.0-SNAPSHOT.jar:?]
	at org.apache.hadoop.ozone.protocol.proto.OzoneManagerProtocolProtos$OzoneManagerService$2.callBlockingMethod(OzoneManagerProtocolProtos.java) [ozone-interface-client-1.3.0-SNAPSHOT.jar:?]
	at org.apache.hadoop.ipc.ProtobufRpcEngine$Server.processCall(ProtobufRpcEngine.java:466) [hadoop-common-3.3.1.jar:?]
	at org.apache.hadoop.ipc.ProtobufRpcEngine2$Server$ProtoBufRpcInvoker.call(ProtobufRpcEngine2.java:574) [hadoop-common-3.3.1.jar:?]
	at org.apache.hadoop.ipc.ProtobufRpcEngine2$Server$ProtoBufRpcInvoker.call(ProtobufRpcEngine2.java:552) [hadoop-common-3.3.1.jar:?]
	at org.apache.hadoop.ipc.RPC$Server.call(RPC.java:1093) [hadoop-common-3.3.1.jar:?]
	at org.apache.hadoop.ipc.Server$RpcCall.run(Server.java:1035) [hadoop-common-3.3.1.jar:?]
	at org.apache.hadoop.ipc.Server$RpcCall.run(Server.java:963) [hadoop-common-3.3.1.jar:?]
	at java.security.AccessController.doPrivileged(Native Method) ~[?:1.8.0_345]
	at javax.security.auth.Subject.doAs(Subject.java:422) [?:1.8.0_345]
	at org.apache.hadoop.security.UserGroupInformation.doAs(UserGroupInformation.java:1878) [hadoop-common-3.3.1.jar:?]
	at org.apache.hadoop.ipc.Server$Handler.run(Server.java:2966) [hadoop-common-3.3.1.jar:?]
2022-09-28 15:53:45,249 [Time-limited test] WARN  ozone.BasicOzoneFileSystem (BasicOzoneFileSystem.java:getFileStatus(765)) - GetFileStatus failed for path /testBatchDelete/parent
java.io.FileNotFoundException: testBatchDelete/parent: No such file or directory!
	at org.apache.hadoop.fs.ozone.BasicOzoneClientAdapterImpl.getFileStatus(BasicOzoneClientAdapterImpl.java:369)
	at org.apache.hadoop.fs.ozone.BasicOzoneFileSystem.getFileStatus(BasicOzoneFileSystem.java:757)
	at org.apache.hadoop.fs.ozone.BasicOzoneFileSystem.delete(BasicOzoneFileSystem.java:530)
	at org.apache.hadoop.fs.ozone.TestOzoneFileSystem.testFileDelete(TestOzoneFileSystem.java:545)
	at sun.reflect.NativeMethodAccessorImpl.invoke0(Native Method)
	at sun.reflect.NativeMethodAccessorImpl.invoke(NativeMethodAccessorImpl.java:62)
	at sun.reflect.DelegatingMethodAccessorImpl.invoke(DelegatingMethodAccessorImpl.java:43)
	at java.lang.reflect.Method.invoke(Method.java:498)
	at org.junit.runners.model.FrameworkMethod$1.runReflectiveCall(FrameworkMethod.java:59)
	at org.junit.internal.runners.model.ReflectiveCallable.run(ReflectiveCallable.java:12)
	at org.junit.runners.model.FrameworkMethod.invokeExplosively(FrameworkMethod.java:56)
	at org.junit.internal.runners.statements.InvokeMethod.evaluate(InvokeMethod.java:17)
	at org.junit.internal.runners.statements.RunAfters.evaluate(RunAfters.java:27)
	at org.junit.internal.runners.statements.FailOnTimeout$CallableStatement.call(FailOnTimeout.java:288)
	at org.junit.internal.runners.statements.FailOnTimeout$CallableStatement.call(FailOnTimeout.java:282)
	at java.util.concurrent.FutureTask.run(FutureTask.java:266)
	at java.lang.Thread.run(Thread.java:750)
2022-09-28 15:53:45,249 [Time-limited test] WARN  ozone.BasicOzoneFileSystem (BasicOzoneFileSystem.java:delete(532)) - delete: Path does not exist: /testBatchDelete/parent
]]></system-out>
  </testcase>
  <testcase name="testFileDelete" classname="TestOzoneFileSystem" time="0.172">
    <system-out><![CDATA[15:55:10.899 [IPC Server handler 18 on default port 37257] ERROR OMAudit - user=runner | ip=127.0.0.1 | op=GET_FILE_STATUS {volume=volume14467, bucket=bucket64159, key=testBatchDelete, dataSize=0, replicationConfig=null} | ret=FAILURE
org.apache.hadoop.ozone.om.exceptions.OMException: Unable to get file status: volume: volume14467 bucket: bucket64159 key: testBatchDelete
	at org.apache.hadoop.ozone.om.KeyManagerImpl.getOzoneFileStatus(KeyManagerImpl.java:1324) ~[ozone-manager-1.3.0-SNAPSHOT.jar:?]
	at org.apache.hadoop.ozone.om.KeyManagerImpl.getFileStatus(KeyManagerImpl.java:1254) ~[ozone-manager-1.3.0-SNAPSHOT.jar:?]
	at org.apache.hadoop.ozone.om.OzoneManager.getFileStatus(OzoneManager.java:3506) ~[ozone-manager-1.3.0-SNAPSHOT.jar:?]
	at org.apache.hadoop.ozone.protocolPB.OzoneManagerRequestHandler.getOzoneFileStatus(OzoneManagerRequestHandler.java:882) ~[ozone-manager-1.3.0-SNAPSHOT.jar:?]
	at org.apache.hadoop.ozone.protocolPB.OzoneManagerRequestHandler.handleReadRequest(OzoneManagerRequestHandler.java:228) ~[ozone-manager-1.3.0-SNAPSHOT.jar:?]
	at org.apache.hadoop.ozone.protocolPB.OzoneManagerProtocolServerSideTranslatorPB.submitReadRequestToOM(OzoneManagerProtocolServerSideTranslatorPB.java:226) ~[ozone-manager-1.3.0-SNAPSHOT.jar:?]
	at org.apache.hadoop.ozone.protocolPB.OzoneManagerProtocolServerSideTranslatorPB.processRequest(OzoneManagerProtocolServerSideTranslatorPB.java:175) ~[ozone-manager-1.3.0-SNAPSHOT.jar:?]
	at org.apache.hadoop.hdds.server.OzoneProtocolMessageDispatcher.processRequest(OzoneProtocolMessageDispatcher.java:87) [hdds-server-framework-1.3.0-SNAPSHOT.jar:?]
	at org.apache.hadoop.ozone.protocolPB.OzoneManagerProtocolServerSideTranslatorPB.submitRequest(OzoneManagerProtocolServerSideTranslatorPB.java:147) [ozone-manager-1.3.0-SNAPSHOT.jar:?]
	at org.apache.hadoop.ozone.protocol.proto.OzoneManagerProtocolProtos$OzoneManagerService$2.callBlockingMethod(OzoneManagerProtocolProtos.java) [ozone-interface-client-1.3.0-SNAPSHOT.jar:?]
	at org.apache.hadoop.ipc.ProtobufRpcEngine$Server.processCall(ProtobufRpcEngine.java:466) [hadoop-common-3.3.1.jar:?]
	at org.apache.hadoop.ipc.ProtobufRpcEngine2$Server$ProtoBufRpcInvoker.call(ProtobufRpcEngine2.java:574) [hadoop-common-3.3.1.jar:?]
	at org.apache.hadoop.ipc.ProtobufRpcEngine2$Server$ProtoBufRpcInvoker.call(ProtobufRpcEngine2.java:552) [hadoop-common-3.3.1.jar:?]
	at org.apache.hadoop.ipc.RPC$Server.call(RPC.java:1093) [hadoop-common-3.3.1.jar:?]
	at org.apache.hadoop.ipc.Server$RpcCall.run(Server.java:1035) [hadoop-common-3.3.1.jar:?]
	at org.apache.hadoop.ipc.Server$RpcCall.run(Server.java:963) [hadoop-common-3.3.1.jar:?]
	at java.security.AccessController.doPrivileged(Native Method) ~[?:1.8.0_345]
	at javax.security.auth.Subject.doAs(Subject.java:422) [?:1.8.0_345]
	at org.apache.hadoop.security.UserGroupInformation.doAs(UserGroupInformation.java:1878) [hadoop-common-3.3.1.jar:?]
	at org.apache.hadoop.ipc.Server$Handler.run(Server.java:2966) [hadoop-common-3.3.1.jar:?]
2022-09-28 15:55:10,899 [Time-limited test] WARN  ozone.BasicOzoneFileSystem (BasicOzoneFileSystem.java:getFileStatus(765)) - GetFileStatus failed for path /testBatchDelete
java.io.FileNotFoundException: testBatchDelete: No such file or directory!
	at org.apache.hadoop.fs.ozone.BasicOzoneClientAdapterImpl.getFileStatus(BasicOzoneClientAdapterImpl.java:369)
	at org.apache.hadoop.fs.ozone.BasicOzoneFileSystem.getFileStatus(BasicOzoneFileSystem.java:757)
	at org.apache.hadoop.fs.FileSystem.exists(FileSystem.java:1760)
	at org.apache.hadoop.fs.ozone.BasicOzoneFileSystem.exists(BasicOzoneFileSystem.java:804)
	at org.apache.hadoop.fs.ozone.TestOzoneFileSystem.testFileDelete(TestOzoneFileSystem.java:532)
	at sun.reflect.NativeMethodAccessorImpl.invoke0(Native Method)
	at sun.reflect.NativeMethodAccessorImpl.invoke(NativeMethodAccessorImpl.java:62)
	at sun.reflect.DelegatingMethodAccessorImpl.invoke(DelegatingMethodAccessorImpl.java:43)
	at java.lang.reflect.Method.invoke(Method.java:498)
	at org.junit.runners.model.FrameworkMethod$1.runReflectiveCall(FrameworkMethod.java:59)
	at org.junit.internal.runners.model.ReflectiveCallable.run(ReflectiveCallable.java:12)
	at org.junit.runners.model.FrameworkMethod.invokeExplosively(FrameworkMethod.java:56)
	at org.junit.internal.runners.statements.InvokeMethod.evaluate(InvokeMethod.java:17)
	at org.junit.internal.runners.statements.RunAfters.evaluate(RunAfters.java:27)
	at org.junit.internal.runners.statements.FailOnTimeout$CallableStatement.call(FailOnTimeout.java:288)
	at org.junit.internal.runners.statements.FailOnTimeout$CallableStatement.call(FailOnTimeout.java:282)
	at java.util.concurrent.FutureTask.run(FutureTask.java:266)
	at java.lang.Thread.run(Thread.java:750)
15:55:10.900 [IPC Server handler 16 on default port 37257] ERROR OMAudit - user=runner | ip=127.0.0.1 | op=GET_FILE_STATUS {volume=volume14467, bucket=bucket64159, key=testBatchDelete/parent/child0, dataSize=0, replicationConfig=null} | ret=FAILURE
org.apache.hadoop.ozone.om.exceptions.OMException: Unable to get file status: volume: volume14467 bucket: bucket64159 key: testBatchDelete/parent/child0
	at org.apache.hadoop.ozone.om.KeyManagerImpl.getOzoneFileStatus(KeyManagerImpl.java:1324) ~[ozone-manager-1.3.0-SNAPSHOT.jar:?]
	at org.apache.hadoop.ozone.om.KeyManagerImpl.getFileStatus(KeyManagerImpl.java:1254) ~[ozone-manager-1.3.0-SNAPSHOT.jar:?]
	at org.apache.hadoop.ozone.om.OzoneManager.getFileStatus(OzoneManager.java:3506) ~[ozone-manager-1.3.0-SNAPSHOT.jar:?]
	at org.apache.hadoop.ozone.protocolPB.OzoneManagerRequestHandler.getOzoneFileStatus(OzoneManagerRequestHandler.java:882) ~[ozone-manager-1.3.0-SNAPSHOT.jar:?]
	at org.apache.hadoop.ozone.protocolPB.OzoneManagerRequestHandler.handleReadRequest(OzoneManagerRequestHandler.java:228) ~[ozone-manager-1.3.0-SNAPSHOT.jar:?]
	at org.apache.hadoop.ozone.protocolPB.OzoneManagerProtocolServerSideTranslatorPB.submitReadRequestToOM(OzoneManagerProtocolServerSideTranslatorPB.java:226) ~[ozone-manager-1.3.0-SNAPSHOT.jar:?]
	at org.apache.hadoop.ozone.protocolPB.OzoneManagerProtocolServerSideTranslatorPB.processRequest(OzoneManagerProtocolServerSideTranslatorPB.java:175) ~[ozone-manager-1.3.0-SNAPSHOT.jar:?]
	at org.apache.hadoop.hdds.server.OzoneProtocolMessageDispatcher.processRequest(OzoneProtocolMessageDispatcher.java:87) [hdds-server-framework-1.3.0-SNAPSHOT.jar:?]
	at org.apache.hadoop.ozone.protocolPB.OzoneManagerProtocolServerSideTranslatorPB.submitRequest(OzoneManagerProtocolServerSideTranslatorPB.java:147) [ozone-manager-1.3.0-SNAPSHOT.jar:?]
	at org.apache.hadoop.ozone.protocol.proto.OzoneManagerProtocolProtos$OzoneManagerService$2.callBlockingMethod(OzoneManagerProtocolProtos.java) [ozone-interface-client-1.3.0-SNAPSHOT.jar:?]
	at org.apache.hadoop.ipc.ProtobufRpcEngine$Server.processCall(ProtobufRpcEngine.java:466) [hadoop-common-3.3.1.jar:?]
	at org.apache.hadoop.ipc.ProtobufRpcEngine2$Server$ProtoBufRpcInvoker.call(ProtobufRpcEngine2.java:574) [hadoop-common-3.3.1.jar:?]
	at org.apache.hadoop.ipc.ProtobufRpcEngine2$Server$ProtoBufRpcInvoker.call(ProtobufRpcEngine2.java:552) [hadoop-common-3.3.1.jar:?]
	at org.apache.hadoop.ipc.RPC$Server.call(RPC.java:1093) [hadoop-common-3.3.1.jar:?]
	at org.apache.hadoop.ipc.Server$RpcCall.run(Server.java:1035) [hadoop-common-3.3.1.jar:?]
	at org.apache.hadoop.ipc.Server$RpcCall.run(Server.java:963) [hadoop-common-3.3.1.jar:?]
	at java.security.AccessController.doPrivileged(Native Method) ~[?:1.8.0_345]
	at javax.security.auth.Subject.doAs(Subject.java:422) [?:1.8.0_345]
	at org.apache.hadoop.security.UserGroupInformation.doAs(UserGroupInformation.java:1878) [hadoop-common-3.3.1.jar:?]
	at org.apache.hadoop.ipc.Server$Handler.run(Server.java:2966) [hadoop-common-3.3.1.jar:?]
2022-09-28 15:55:10,900 [Time-limited test] WARN  ozone.BasicOzoneFileSystem (BasicOzoneFileSystem.java:getFileStatus(765)) - GetFileStatus failed for path /testBatchDelete/parent/child0
java.io.FileNotFoundException: testBatchDelete/parent/child0: No such file or directory!
	at org.apache.hadoop.fs.ozone.BasicOzoneClientAdapterImpl.getFileStatus(BasicOzoneClientAdapterImpl.java:369)
	at org.apache.hadoop.fs.ozone.BasicOzoneFileSystem.getFileStatus(BasicOzoneFileSystem.java:757)
	at org.apache.hadoop.fs.FileSystem.exists(FileSystem.java:1760)
	at org.apache.hadoop.fs.ozone.BasicOzoneFileSystem.exists(BasicOzoneFileSystem.java:804)
	at org.apache.hadoop.fs.ozone.TestOzoneFileSystem.testFileDelete(TestOzoneFileSystem.java:536)
	at sun.reflect.NativeMethodAccessorImpl.invoke0(Native Method)
	at sun.reflect.NativeMethodAccessorImpl.invoke(NativeMethodAccessorImpl.java:62)
	at sun.reflect.DelegatingMethodAccessorImpl.invoke(DelegatingMethodAccessorImpl.java:43)
	at java.lang.reflect.Method.invoke(Method.java:498)
	at org.junit.runners.model.FrameworkMethod$1.runReflectiveCall(FrameworkMethod.java:59)
	at org.junit.internal.runners.model.ReflectiveCallable.run(ReflectiveCallable.java:12)
	at org.junit.runners.model.FrameworkMethod.invokeExplosively(FrameworkMethod.java:56)
	at org.junit.internal.runners.statements.InvokeMethod.evaluate(InvokeMethod.java:17)
	at org.junit.internal.runners.statements.RunAfters.evaluate(RunAfters.java:27)
	at org.junit.internal.runners.statements.FailOnTimeout$CallableStatement.call(FailOnTimeout.java:288)
	at org.junit.internal.runners.statements.FailOnTimeout$CallableStatement.call(FailOnTimeout.java:282)
	at java.util.concurrent.FutureTask.run(FutureTask.java:266)
	at java.lang.Thread.run(Thread.java:750)
15:55:10.900 [IPC Server handler 12 on default port 37257] ERROR OMAudit - user=runner | ip=127.0.0.1 | op=GET_FILE_STATUS {volume=volume14467, bucket=bucket64159, key=testBatchDelete/parent/childFolder/child0, dataSize=0, replicationConfig=null} | ret=FAILURE
org.apache.hadoop.ozone.om.exceptions.OMException: Unable to get file status: volume: volume14467 bucket: bucket64159 key: testBatchDelete/parent/childFolder/child0
	at org.apache.hadoop.ozone.om.KeyManagerImpl.getOzoneFileStatus(KeyManagerImpl.java:1324) ~[ozone-manager-1.3.0-SNAPSHOT.jar:?]
	at org.apache.hadoop.ozone.om.KeyManagerImpl.getFileStatus(KeyManagerImpl.java:1254) ~[ozone-manager-1.3.0-SNAPSHOT.jar:?]
	at org.apache.hadoop.ozone.om.OzoneManager.getFileStatus(OzoneManager.java:3506) ~[ozone-manager-1.3.0-SNAPSHOT.jar:?]
	at org.apache.hadoop.ozone.protocolPB.OzoneManagerRequestHandler.getOzoneFileStatus(OzoneManagerRequestHandler.java:882) ~[ozone-manager-1.3.0-SNAPSHOT.jar:?]
	at org.apache.hadoop.ozone.protocolPB.OzoneManagerRequestHandler.handleReadRequest(OzoneManagerRequestHandler.java:228) ~[ozone-manager-1.3.0-SNAPSHOT.jar:?]
	at org.apache.hadoop.ozone.protocolPB.OzoneManagerProtocolServerSideTranslatorPB.submitReadRequestToOM(OzoneManagerProtocolServerSideTranslatorPB.java:226) ~[ozone-manager-1.3.0-SNAPSHOT.jar:?]
	at org.apache.hadoop.ozone.protocolPB.OzoneManagerProtocolServerSideTranslatorPB.processRequest(OzoneManagerProtocolServerSideTranslatorPB.java:175) ~[ozone-manager-1.3.0-SNAPSHOT.jar:?]
	at org.apache.hadoop.hdds.server.OzoneProtocolMessageDispatcher.processRequest(OzoneProtocolMessageDispatcher.java:87) [hdds-server-framework-1.3.0-SNAPSHOT.jar:?]
	at org.apache.hadoop.ozone.protocolPB.OzoneManagerProtocolServerSideTranslatorPB.submitRequest(OzoneManagerProtocolServerSideTranslatorPB.java:147) [ozone-manager-1.3.0-SNAPSHOT.jar:?]
	at org.apache.hadoop.ozone.protocol.proto.OzoneManagerProtocolProtos$OzoneManagerService$2.callBlockingMethod(OzoneManagerProtocolProtos.java) [ozone-interface-client-1.3.0-SNAPSHOT.jar:?]
	at org.apache.hadoop.ipc.ProtobufRpcEngine$Server.processCall(ProtobufRpcEngine.java:466) [hadoop-common-3.3.1.jar:?]
	at org.apache.hadoop.ipc.ProtobufRpcEngine2$Server$ProtoBufRpcInvoker.call(ProtobufRpcEngine2.java:574) [hadoop-common-3.3.1.jar:?]
	at org.apache.hadoop.ipc.ProtobufRpcEngine2$Server$ProtoBufRpcInvoker.call(ProtobufRpcEngine2.java:552) [hadoop-common-3.3.1.jar:?]
	at org.apache.hadoop.ipc.RPC$Server.call(RPC.java:1093) [hadoop-common-3.3.1.jar:?]
	at org.apache.hadoop.ipc.Server$RpcCall.run(Server.java:1035) [hadoop-common-3.3.1.jar:?]
	at org.apache.hadoop.ipc.Server$RpcCall.run(Server.java:963) [hadoop-common-3.3.1.jar:?]
	at java.security.AccessController.doPrivileged(Native Method) ~[?:1.8.0_345]
	at javax.security.auth.Subject.doAs(Subject.java:422) [?:1.8.0_345]
	at org.apache.hadoop.security.UserGroupInformation.doAs(UserGroupInformation.java:1878) [hadoop-common-3.3.1.jar:?]
	at org.apache.hadoop.ipc.Server$Handler.run(Server.java:2966) [hadoop-common-3.3.1.jar:?]
2022-09-28 15:55:10,901 [Time-limited test] WARN  ozone.BasicOzoneFileSystem (BasicOzoneFileSystem.java:getFileStatus(765)) - GetFileStatus failed for path /testBatchDelete/parent/childFolder/child0
java.io.FileNotFoundException: testBatchDelete/parent/childFolder/child0: No such file or directory!
	at org.apache.hadoop.fs.ozone.BasicOzoneClientAdapterImpl.getFileStatus(BasicOzoneClientAdapterImpl.java:369)
	at org.apache.hadoop.fs.ozone.BasicOzoneFileSystem.getFileStatus(BasicOzoneFileSystem.java:757)
	at org.apache.hadoop.fs.FileSystem.exists(FileSystem.java:1760)
	at org.apache.hadoop.fs.ozone.BasicOzoneFileSystem.exists(BasicOzoneFileSystem.java:804)
	at org.apache.hadoop.fs.ozone.TestOzoneFileSystem.testFileDelete(TestOzoneFileSystem.java:541)
	at sun.reflect.NativeMethodAccessorImpl.invoke0(Native Method)
	at sun.reflect.NativeMethodAccessorImpl.invoke(NativeMethodAccessorImpl.java:62)
	at sun.reflect.DelegatingMethodAccessorImpl.invoke(DelegatingMethodAccessorImpl.java:43)
	at java.lang.reflect.Method.invoke(Method.java:498)
	at org.junit.runners.model.FrameworkMethod$1.runReflectiveCall(FrameworkMethod.java:59)
	at org.junit.internal.runners.model.ReflectiveCallable.run(ReflectiveCallable.java:12)
	at org.junit.runners.model.FrameworkMethod.invokeExplosively(FrameworkMethod.java:56)
	at org.junit.internal.runners.statements.InvokeMethod.evaluate(InvokeMethod.java:17)
	at org.junit.internal.runners.statements.RunAfters.evaluate(RunAfters.java:27)
	at org.junit.internal.runners.statements.FailOnTimeout$CallableStatement.call(FailOnTimeout.java:288)
	at org.junit.internal.runners.statements.FailOnTimeout$CallableStatement.call(FailOnTimeout.java:282)
	at java.util.concurrent.FutureTask.run(FutureTask.java:266)
	at java.lang.Thread.run(Thread.java:750)
15:55:10.901 [IPC Server handler 5 on default port 37257] ERROR OMAudit - user=runner | ip=127.0.0.1 | op=GET_FILE_STATUS {volume=volume14467, bucket=bucket64159, key=testBatchDelete/parent/child1, dataSize=0, replicationConfig=null} | ret=FAILURE
org.apache.hadoop.ozone.om.exceptions.OMException: Unable to get file status: volume: volume14467 bucket: bucket64159 key: testBatchDelete/parent/child1
	at org.apache.hadoop.ozone.om.KeyManagerImpl.getOzoneFileStatus(KeyManagerImpl.java:1324) ~[ozone-manager-1.3.0-SNAPSHOT.jar:?]
	at org.apache.hadoop.ozone.om.KeyManagerImpl.getFileStatus(KeyManagerImpl.java:1254) ~[ozone-manager-1.3.0-SNAPSHOT.jar:?]
	at org.apache.hadoop.ozone.om.OzoneManager.getFileStatus(OzoneManager.java:3506) ~[ozone-manager-1.3.0-SNAPSHOT.jar:?]
	at org.apache.hadoop.ozone.protocolPB.OzoneManagerRequestHandler.getOzoneFileStatus(OzoneManagerRequestHandler.java:882) ~[ozone-manager-1.3.0-SNAPSHOT.jar:?]
	at org.apache.hadoop.ozone.protocolPB.OzoneManagerRequestHandler.handleReadRequest(OzoneManagerRequestHandler.java:228) ~[ozone-manager-1.3.0-SNAPSHOT.jar:?]
	at org.apache.hadoop.ozone.protocolPB.OzoneManagerProtocolServerSideTranslatorPB.submitReadRequestToOM(OzoneManagerProtocolServerSideTranslatorPB.java:226) ~[ozone-manager-1.3.0-SNAPSHOT.jar:?]
	at org.apache.hadoop.ozone.protocolPB.OzoneManagerProtocolServerSideTranslatorPB.processRequest(OzoneManagerProtocolServerSideTranslatorPB.java:175) ~[ozone-manager-1.3.0-SNAPSHOT.jar:?]
	at org.apache.hadoop.hdds.server.OzoneProtocolMessageDispatcher.processRequest(OzoneProtocolMessageDispatcher.java:87) [hdds-server-framework-1.3.0-SNAPSHOT.jar:?]
	at org.apache.hadoop.ozone.protocolPB.OzoneManagerProtocolServerSideTranslatorPB.submitRequest(OzoneManagerProtocolServerSideTranslatorPB.java:147) [ozone-manager-1.3.0-SNAPSHOT.jar:?]
	at org.apache.hadoop.ozone.protocol.proto.OzoneManagerProtocolProtos$OzoneManagerService$2.callBlockingMethod(OzoneManagerProtocolProtos.java) [ozone-interface-client-1.3.0-SNAPSHOT.jar:?]
	at org.apache.hadoop.ipc.ProtobufRpcEngine$Server.processCall(ProtobufRpcEngine.java:466) [hadoop-common-3.3.1.jar:?]
	at org.apache.hadoop.ipc.ProtobufRpcEngine2$Server$ProtoBufRpcInvoker.call(ProtobufRpcEngine2.java:574) [hadoop-common-3.3.1.jar:?]
	at org.apache.hadoop.ipc.ProtobufRpcEngine2$Server$ProtoBufRpcInvoker.call(ProtobufRpcEngine2.java:552) [hadoop-common-3.3.1.jar:?]
	at org.apache.hadoop.ipc.RPC$Server.call(RPC.java:1093) [hadoop-common-3.3.1.jar:?]
	at org.apache.hadoop.ipc.Server$RpcCall.run(Server.java:1035) [hadoop-common-3.3.1.jar:?]
	at org.apache.hadoop.ipc.Server$RpcCall.run(Server.java:963) [hadoop-common-3.3.1.jar:?]
	at java.security.AccessController.doPrivileged(Native Method) ~[?:1.8.0_345]
	at javax.security.auth.Subject.doAs(Subject.java:422) [?:1.8.0_345]
	at org.apache.hadoop.security.UserGroupInformation.doAs(UserGroupInformation.java:1878) [hadoop-common-3.3.1.jar:?]
	at org.apache.hadoop.ipc.Server$Handler.run(Server.java:2966) [hadoop-common-3.3.1.jar:?]
2022-09-28 15:55:10,901 [Time-limited test] WARN  ozone.BasicOzoneFileSystem (BasicOzoneFileSystem.java:getFileStatus(765)) - GetFileStatus failed for path /testBatchDelete/parent/child1
java.io.FileNotFoundException: testBatchDelete/parent/child1: No such file or directory!
	at org.apache.hadoop.fs.ozone.BasicOzoneClientAdapterImpl.getFileStatus(BasicOzoneClientAdapterImpl.java:369)
	at org.apache.hadoop.fs.ozone.BasicOzoneFileSystem.getFileStatus(BasicOzoneFileSystem.java:757)
	at org.apache.hadoop.fs.FileSystem.exists(FileSystem.java:1760)
	at org.apache.hadoop.fs.ozone.BasicOzoneFileSystem.exists(BasicOzoneFileSystem.java:804)
	at org.apache.hadoop.fs.ozone.TestOzoneFileSystem.testFileDelete(TestOzoneFileSystem.java:536)
	at sun.reflect.NativeMethodAccessorImpl.invoke0(Native Method)
	at sun.reflect.NativeMethodAccessorImpl.invoke(NativeMethodAccessorImpl.java:62)
	at sun.reflect.DelegatingMethodAccessorImpl.invoke(DelegatingMethodAccessorImpl.java:43)
	at java.lang.reflect.Method.invoke(Method.java:498)
	at org.junit.runners.model.FrameworkMethod$1.runReflectiveCall(FrameworkMethod.java:59)
	at org.junit.internal.runners.model.ReflectiveCallable.run(ReflectiveCallable.java:12)
	at org.junit.runners.model.FrameworkMethod.invokeExplosively(FrameworkMethod.java:56)
	at org.junit.internal.runners.statements.InvokeMethod.evaluate(InvokeMethod.java:17)
	at org.junit.internal.runners.statements.RunAfters.evaluate(RunAfters.java:27)
	at org.junit.internal.runners.statements.FailOnTimeout$CallableStatement.call(FailOnTimeout.java:288)
	at org.junit.internal.runners.statements.FailOnTimeout$CallableStatement.call(FailOnTimeout.java:282)
	at java.util.concurrent.FutureTask.run(FutureTask.java:266)
	at java.lang.Thread.run(Thread.java:750)
15:55:10.902 [IPC Server handler 13 on default port 37257] ERROR OMAudit - user=runner | ip=127.0.0.1 | op=GET_FILE_STATUS {volume=volume14467, bucket=bucket64159, key=testBatchDelete/parent/childFolder/child1, dataSize=0, replicationConfig=null} | ret=FAILURE
org.apache.hadoop.ozone.om.exceptions.OMException: Unable to get file status: volume: volume14467 bucket: bucket64159 key: testBatchDelete/parent/childFolder/child1
	at org.apache.hadoop.ozone.om.KeyManagerImpl.getOzoneFileStatus(KeyManagerImpl.java:1324) ~[ozone-manager-1.3.0-SNAPSHOT.jar:?]
	at org.apache.hadoop.ozone.om.KeyManagerImpl.getFileStatus(KeyManagerImpl.java:1254) ~[ozone-manager-1.3.0-SNAPSHOT.jar:?]
	at org.apache.hadoop.ozone.om.OzoneManager.getFileStatus(OzoneManager.java:3506) ~[ozone-manager-1.3.0-SNAPSHOT.jar:?]
	at org.apache.hadoop.ozone.protocolPB.OzoneManagerRequestHandler.getOzoneFileStatus(OzoneManagerRequestHandler.java:882) ~[ozone-manager-1.3.0-SNAPSHOT.jar:?]
	at org.apache.hadoop.ozone.protocolPB.OzoneManagerRequestHandler.handleReadRequest(OzoneManagerRequestHandler.java:228) ~[ozone-manager-1.3.0-SNAPSHOT.jar:?]
	at org.apache.hadoop.ozone.protocolPB.OzoneManagerProtocolServerSideTranslatorPB.submitReadRequestToOM(OzoneManagerProtocolServerSideTranslatorPB.java:226) ~[ozone-manager-1.3.0-SNAPSHOT.jar:?]
	at org.apache.hadoop.ozone.protocolPB.OzoneManagerProtocolServerSideTranslatorPB.processRequest(OzoneManagerProtocolServerSideTranslatorPB.java:175) ~[ozone-manager-1.3.0-SNAPSHOT.jar:?]
	at org.apache.hadoop.hdds.server.OzoneProtocolMessageDispatcher.processRequest(OzoneProtocolMessageDispatcher.java:87) [hdds-server-framework-1.3.0-SNAPSHOT.jar:?]
	at org.apache.hadoop.ozone.protocolPB.OzoneManagerProtocolServerSideTranslatorPB.submitRequest(OzoneManagerProtocolServerSideTranslatorPB.java:147) [ozone-manager-1.3.0-SNAPSHOT.jar:?]
	at org.apache.hadoop.ozone.protocol.proto.OzoneManagerProtocolProtos$OzoneManagerService$2.callBlockingMethod(OzoneManagerProtocolProtos.java) [ozone-interface-client-1.3.0-SNAPSHOT.jar:?]
	at org.apache.hadoop.ipc.ProtobufRpcEngine$Server.processCall(ProtobufRpcEngine.java:466) [hadoop-common-3.3.1.jar:?]
	at org.apache.hadoop.ipc.ProtobufRpcEngine2$Server$ProtoBufRpcInvoker.call(ProtobufRpcEngine2.java:574) [hadoop-common-3.3.1.jar:?]
	at org.apache.hadoop.ipc.ProtobufRpcEngine2$Server$ProtoBufRpcInvoker.call(ProtobufRpcEngine2.java:552) [hadoop-common-3.3.1.jar:?]
	at org.apache.hadoop.ipc.RPC$Server.call(RPC.java:1093) [hadoop-common-3.3.1.jar:?]
	at org.apache.hadoop.ipc.Server$RpcCall.run(Server.java:1035) [hadoop-common-3.3.1.jar:?]
	at org.apache.hadoop.ipc.Server$RpcCall.run(Server.java:963) [hadoop-common-3.3.1.jar:?]
	at java.security.AccessController.doPrivileged(Native Method) ~[?:1.8.0_345]
	at javax.security.auth.Subject.doAs(Subject.java:422) [?:1.8.0_345]
	at org.apache.hadoop.security.UserGroupInformation.doAs(UserGroupInformation.java:1878) [hadoop-common-3.3.1.jar:?]
	at org.apache.hadoop.ipc.Server$Handler.run(Server.java:2966) [hadoop-common-3.3.1.jar:?]
2022-09-28 15:55:10,902 [Time-limited test] WARN  ozone.BasicOzoneFileSystem (BasicOzoneFileSystem.java:getFileStatus(765)) - GetFileStatus failed for path /testBatchDelete/parent/childFolder/child1
java.io.FileNotFoundException: testBatchDelete/parent/childFolder/child1: No such file or directory!
	at org.apache.hadoop.fs.ozone.BasicOzoneClientAdapterImpl.getFileStatus(BasicOzoneClientAdapterImpl.java:369)
	at org.apache.hadoop.fs.ozone.BasicOzoneFileSystem.getFileStatus(BasicOzoneFileSystem.java:757)
	at org.apache.hadoop.fs.FileSystem.exists(FileSystem.java:1760)
	at org.apache.hadoop.fs.ozone.BasicOzoneFileSystem.exists(BasicOzoneFileSystem.java:804)
	at org.apache.hadoop.fs.ozone.TestOzoneFileSystem.testFileDelete(TestOzoneFileSystem.java:541)
	at sun.reflect.NativeMethodAccessorImpl.invoke0(Native Method)
	at sun.reflect.NativeMethodAccessorImpl.invoke(NativeMethodAccessorImpl.java:62)
	at sun.reflect.DelegatingMethodAccessorImpl.invoke(DelegatingMethodAccessorImpl.java:43)
	at java.lang.reflect.Method.invoke(Method.java:498)
	at org.junit.runners.model.FrameworkMethod$1.runReflectiveCall(FrameworkMethod.java:59)
	at org.junit.internal.runners.model.ReflectiveCallable.run(ReflectiveCallable.java:12)
	at org.junit.runners.model.FrameworkMethod.invokeExplosively(FrameworkMethod.java:56)
	at org.junit.internal.runners.statements.InvokeMethod.evaluate(InvokeMethod.java:17)
	at org.junit.internal.runners.statements.RunAfters.evaluate(RunAfters.java:27)
	at org.junit.internal.runners.statements.FailOnTimeout$CallableStatement.call(FailOnTimeout.java:288)
	at org.junit.internal.runners.statements.FailOnTimeout$CallableStatement.call(FailOnTimeout.java:282)
	at java.util.concurrent.FutureTask.run(FutureTask.java:266)
	at java.lang.Thread.run(Thread.java:750)
15:55:10.902 [IPC Server handler 6 on default port 37257] ERROR OMAudit - user=runner | ip=127.0.0.1 | op=GET_FILE_STATUS {volume=volume14467, bucket=bucket64159, key=testBatchDelete/parent/child2, dataSize=0, replicationConfig=null} | ret=FAILURE
org.apache.hadoop.ozone.om.exceptions.OMException: Unable to get file status: volume: volume14467 bucket: bucket64159 key: testBatchDelete/parent/child2
	at org.apache.hadoop.ozone.om.KeyManagerImpl.getOzoneFileStatus(KeyManagerImpl.java:1324) ~[ozone-manager-1.3.0-SNAPSHOT.jar:?]
	at org.apache.hadoop.ozone.om.KeyManagerImpl.getFileStatus(KeyManagerImpl.java:1254) ~[ozone-manager-1.3.0-SNAPSHOT.jar:?]
	at org.apache.hadoop.ozone.om.OzoneManager.getFileStatus(OzoneManager.java:3506) ~[ozone-manager-1.3.0-SNAPSHOT.jar:?]
	at org.apache.hadoop.ozone.protocolPB.OzoneManagerRequestHandler.getOzoneFileStatus(OzoneManagerRequestHandler.java:882) ~[ozone-manager-1.3.0-SNAPSHOT.jar:?]
	at org.apache.hadoop.ozone.protocolPB.OzoneManagerRequestHandler.handleReadRequest(OzoneManagerRequestHandler.java:228) ~[ozone-manager-1.3.0-SNAPSHOT.jar:?]
	at org.apache.hadoop.ozone.protocolPB.OzoneManagerProtocolServerSideTranslatorPB.submitReadRequestToOM(OzoneManagerProtocolServerSideTranslatorPB.java:226) ~[ozone-manager-1.3.0-SNAPSHOT.jar:?]
	at org.apache.hadoop.ozone.protocolPB.OzoneManagerProtocolServerSideTranslatorPB.processRequest(OzoneManagerProtocolServerSideTranslatorPB.java:175) ~[ozone-manager-1.3.0-SNAPSHOT.jar:?]
	at org.apache.hadoop.hdds.server.OzoneProtocolMessageDispatcher.processRequest(OzoneProtocolMessageDispatcher.java:87) [hdds-server-framework-1.3.0-SNAPSHOT.jar:?]
	at org.apache.hadoop.ozone.protocolPB.OzoneManagerProtocolServerSideTranslatorPB.submitRequest(OzoneManagerProtocolServerSideTranslatorPB.java:147) [ozone-manager-1.3.0-SNAPSHOT.jar:?]
	at org.apache.hadoop.ozone.protocol.proto.OzoneManagerProtocolProtos$OzoneManagerService$2.callBlockingMethod(OzoneManagerProtocolProtos.java) [ozone-interface-client-1.3.0-SNAPSHOT.jar:?]
	at org.apache.hadoop.ipc.ProtobufRpcEngine$Server.processCall(ProtobufRpcEngine.java:466) [hadoop-common-3.3.1.jar:?]
	at org.apache.hadoop.ipc.ProtobufRpcEngine2$Server$ProtoBufRpcInvoker.call(ProtobufRpcEngine2.java:574) [hadoop-common-3.3.1.jar:?]
	at org.apache.hadoop.ipc.ProtobufRpcEngine2$Server$ProtoBufRpcInvoker.call(ProtobufRpcEngine2.java:552) [hadoop-common-3.3.1.jar:?]
	at org.apache.hadoop.ipc.RPC$Server.call(RPC.java:1093) [hadoop-common-3.3.1.jar:?]
	at org.apache.hadoop.ipc.Server$RpcCall.run(Server.java:1035) [hadoop-common-3.3.1.jar:?]
	at org.apache.hadoop.ipc.Server$RpcCall.run(Server.java:963) [hadoop-common-3.3.1.jar:?]
	at java.security.AccessController.doPrivileged(Native Method) ~[?:1.8.0_345]
	at javax.security.auth.Subject.doAs(Subject.java:422) [?:1.8.0_345]
	at org.apache.hadoop.security.UserGroupInformation.doAs(UserGroupInformation.java:1878) [hadoop-common-3.3.1.jar:?]
	at org.apache.hadoop.ipc.Server$Handler.run(Server.java:2966) [hadoop-common-3.3.1.jar:?]
2022-09-28 15:55:10,903 [Time-limited test] WARN  ozone.BasicOzoneFileSystem (BasicOzoneFileSystem.java:getFileStatus(765)) - GetFileStatus failed for path /testBatchDelete/parent/child2
java.io.FileNotFoundException: testBatchDelete/parent/child2: No such file or directory!
	at org.apache.hadoop.fs.ozone.BasicOzoneClientAdapterImpl.getFileStatus(BasicOzoneClientAdapterImpl.java:369)
	at org.apache.hadoop.fs.ozone.BasicOzoneFileSystem.getFileStatus(BasicOzoneFileSystem.java:757)
	at org.apache.hadoop.fs.FileSystem.exists(FileSystem.java:1760)
	at org.apache.hadoop.fs.ozone.BasicOzoneFileSystem.exists(BasicOzoneFileSystem.java:804)
	at org.apache.hadoop.fs.ozone.TestOzoneFileSystem.testFileDelete(TestOzoneFileSystem.java:536)
	at sun.reflect.NativeMethodAccessorImpl.invoke0(Native Method)
	at sun.reflect.NativeMethodAccessorImpl.invoke(NativeMethodAccessorImpl.java:62)
	at sun.reflect.DelegatingMethodAccessorImpl.invoke(DelegatingMethodAccessorImpl.java:43)
	at java.lang.reflect.Method.invoke(Method.java:498)
	at org.junit.runners.model.FrameworkMethod$1.runReflectiveCall(FrameworkMethod.java:59)
	at org.junit.internal.runners.model.ReflectiveCallable.run(ReflectiveCallable.java:12)
	at org.junit.runners.model.FrameworkMethod.invokeExplosively(FrameworkMethod.java:56)
	at org.junit.internal.runners.statements.InvokeMethod.evaluate(InvokeMethod.java:17)
	at org.junit.internal.runners.statements.RunAfters.evaluate(RunAfters.java:27)
	at org.junit.internal.runners.statements.FailOnTimeout$CallableStatement.call(FailOnTimeout.java:288)
	at org.junit.internal.runners.statements.FailOnTimeout$CallableStatement.call(FailOnTimeout.java:282)
	at java.util.concurrent.FutureTask.run(FutureTask.java:266)
	at java.lang.Thread.run(Thread.java:750)
15:55:10.903 [IPC Server handler 14 on default port 37257] ERROR OMAudit - user=runner | ip=127.0.0.1 | op=GET_FILE_STATUS {volume=volume14467, bucket=bucket64159, key=testBatchDelete/parent/childFolder/child2, dataSize=0, replicationConfig=null} | ret=FAILURE
org.apache.hadoop.ozone.om.exceptions.OMException: Unable to get file status: volume: volume14467 bucket: bucket64159 key: testBatchDelete/parent/childFolder/child2
	at org.apache.hadoop.ozone.om.KeyManagerImpl.getOzoneFileStatus(KeyManagerImpl.java:1324) ~[ozone-manager-1.3.0-SNAPSHOT.jar:?]
	at org.apache.hadoop.ozone.om.KeyManagerImpl.getFileStatus(KeyManagerImpl.java:1254) ~[ozone-manager-1.3.0-SNAPSHOT.jar:?]
	at org.apache.hadoop.ozone.om.OzoneManager.getFileStatus(OzoneManager.java:3506) ~[ozone-manager-1.3.0-SNAPSHOT.jar:?]
	at org.apache.hadoop.ozone.protocolPB.OzoneManagerRequestHandler.getOzoneFileStatus(OzoneManagerRequestHandler.java:882) ~[ozone-manager-1.3.0-SNAPSHOT.jar:?]
	at org.apache.hadoop.ozone.protocolPB.OzoneManagerRequestHandler.handleReadRequest(OzoneManagerRequestHandler.java:228) ~[ozone-manager-1.3.0-SNAPSHOT.jar:?]
	at org.apache.hadoop.ozone.protocolPB.OzoneManagerProtocolServerSideTranslatorPB.submitReadRequestToOM(OzoneManagerProtocolServerSideTranslatorPB.java:226) ~[ozone-manager-1.3.0-SNAPSHOT.jar:?]
	at org.apache.hadoop.ozone.protocolPB.OzoneManagerProtocolServerSideTranslatorPB.processRequest(OzoneManagerProtocolServerSideTranslatorPB.java:175) ~[ozone-manager-1.3.0-SNAPSHOT.jar:?]
	at org.apache.hadoop.hdds.server.OzoneProtocolMessageDispatcher.processRequest(OzoneProtocolMessageDispatcher.java:87) [hdds-server-framework-1.3.0-SNAPSHOT.jar:?]
	at org.apache.hadoop.ozone.protocolPB.OzoneManagerProtocolServerSideTranslatorPB.submitRequest(OzoneManagerProtocolServerSideTranslatorPB.java:147) [ozone-manager-1.3.0-SNAPSHOT.jar:?]
	at org.apache.hadoop.ozone.protocol.proto.OzoneManagerProtocolProtos$OzoneManagerService$2.callBlockingMethod(OzoneManagerProtocolProtos.java) [ozone-interface-client-1.3.0-SNAPSHOT.jar:?]
	at org.apache.hadoop.ipc.ProtobufRpcEngine$Server.processCall(ProtobufRpcEngine.java:466) [hadoop-common-3.3.1.jar:?]
	at org.apache.hadoop.ipc.ProtobufRpcEngine2$Server$ProtoBufRpcInvoker.call(ProtobufRpcEngine2.java:574) [hadoop-common-3.3.1.jar:?]
	at org.apache.hadoop.ipc.ProtobufRpcEngine2$Server$ProtoBufRpcInvoker.call(ProtobufRpcEngine2.java:552) [hadoop-common-3.3.1.jar:?]
	at org.apache.hadoop.ipc.RPC$Server.call(RPC.java:1093) [hadoop-common-3.3.1.jar:?]
	at org.apache.hadoop.ipc.Server$RpcCall.run(Server.java:1035) [hadoop-common-3.3.1.jar:?]
	at org.apache.hadoop.ipc.Server$RpcCall.run(Server.java:963) [hadoop-common-3.3.1.jar:?]
	at java.security.AccessController.doPrivileged(Native Method) ~[?:1.8.0_345]
	at javax.security.auth.Subject.doAs(Subject.java:422) [?:1.8.0_345]
	at org.apache.hadoop.security.UserGroupInformation.doAs(UserGroupInformation.java:1878) [hadoop-common-3.3.1.jar:?]
	at org.apache.hadoop.ipc.Server$Handler.run(Server.java:2966) [hadoop-common-3.3.1.jar:?]
2022-09-28 15:55:10,904 [Time-limited test] WARN  ozone.BasicOzoneFileSystem (BasicOzoneFileSystem.java:getFileStatus(765)) - GetFileStatus failed for path /testBatchDelete/parent/childFolder/child2
java.io.FileNotFoundException: testBatchDelete/parent/childFolder/child2: No such file or directory!
	at org.apache.hadoop.fs.ozone.BasicOzoneClientAdapterImpl.getFileStatus(BasicOzoneClientAdapterImpl.java:369)
	at org.apache.hadoop.fs.ozone.BasicOzoneFileSystem.getFileStatus(BasicOzoneFileSystem.java:757)
	at org.apache.hadoop.fs.FileSystem.exists(FileSystem.java:1760)
	at org.apache.hadoop.fs.ozone.BasicOzoneFileSystem.exists(BasicOzoneFileSystem.java:804)
	at org.apache.hadoop.fs.ozone.TestOzoneFileSystem.testFileDelete(TestOzoneFileSystem.java:541)
	at sun.reflect.NativeMethodAccessorImpl.invoke0(Native Method)
	at sun.reflect.NativeMethodAccessorImpl.invoke(NativeMethodAccessorImpl.java:62)
	at sun.reflect.DelegatingMethodAccessorImpl.invoke(DelegatingMethodAccessorImpl.java:43)
	at java.lang.reflect.Method.invoke(Method.java:498)
	at org.junit.runners.model.FrameworkMethod$1.runReflectiveCall(FrameworkMethod.java:59)
	at org.junit.internal.runners.model.ReflectiveCallable.run(ReflectiveCallable.java:12)
	at org.junit.runners.model.FrameworkMethod.invokeExplosively(FrameworkMethod.java:56)
	at org.junit.internal.runners.statements.InvokeMethod.evaluate(InvokeMethod.java:17)
	at org.junit.internal.runners.statements.RunAfters.evaluate(RunAfters.java:27)
	at org.junit.internal.runners.statements.FailOnTimeout$CallableStatement.call(FailOnTimeout.java:288)
	at org.junit.internal.runners.statements.FailOnTimeout$CallableStatement.call(FailOnTimeout.java:282)
	at java.util.concurrent.FutureTask.run(FutureTask.java:266)
	at java.lang.Thread.run(Thread.java:750)
15:55:10.904 [IPC Server handler 2 on default port 37257] ERROR OMAudit - user=runner | ip=127.0.0.1 | op=GET_FILE_STATUS {volume=volume14467, bucket=bucket64159, key=testBatchDelete/parent/child3, dataSize=0, replicationConfig=null} | ret=FAILURE
org.apache.hadoop.ozone.om.exceptions.OMException: Unable to get file status: volume: volume14467 bucket: bucket64159 key: testBatchDelete/parent/child3
	at org.apache.hadoop.ozone.om.KeyManagerImpl.getOzoneFileStatus(KeyManagerImpl.java:1324) ~[ozone-manager-1.3.0-SNAPSHOT.jar:?]
	at org.apache.hadoop.ozone.om.KeyManagerImpl.getFileStatus(KeyManagerImpl.java:1254) ~[ozone-manager-1.3.0-SNAPSHOT.jar:?]
	at org.apache.hadoop.ozone.om.OzoneManager.getFileStatus(OzoneManager.java:3506) ~[ozone-manager-1.3.0-SNAPSHOT.jar:?]
	at org.apache.hadoop.ozone.protocolPB.OzoneManagerRequestHandler.getOzoneFileStatus(OzoneManagerRequestHandler.java:882) ~[ozone-manager-1.3.0-SNAPSHOT.jar:?]
	at org.apache.hadoop.ozone.protocolPB.OzoneManagerRequestHandler.handleReadRequest(OzoneManagerRequestHandler.java:228) ~[ozone-manager-1.3.0-SNAPSHOT.jar:?]
	at org.apache.hadoop.ozone.protocolPB.OzoneManagerProtocolServerSideTranslatorPB.submitReadRequestToOM(OzoneManagerProtocolServerSideTranslatorPB.java:226) ~[ozone-manager-1.3.0-SNAPSHOT.jar:?]
	at org.apache.hadoop.ozone.protocolPB.OzoneManagerProtocolServerSideTranslatorPB.processRequest(OzoneManagerProtocolServerSideTranslatorPB.java:175) ~[ozone-manager-1.3.0-SNAPSHOT.jar:?]
	at org.apache.hadoop.hdds.server.OzoneProtocolMessageDispatcher.processRequest(OzoneProtocolMessageDispatcher.java:87) [hdds-server-framework-1.3.0-SNAPSHOT.jar:?]
	at org.apache.hadoop.ozone.protocolPB.OzoneManagerProtocolServerSideTranslatorPB.submitRequest(OzoneManagerProtocolServerSideTranslatorPB.java:147) [ozone-manager-1.3.0-SNAPSHOT.jar:?]
	at org.apache.hadoop.ozone.protocol.proto.OzoneManagerProtocolProtos$OzoneManagerService$2.callBlockingMethod(OzoneManagerProtocolProtos.java) [ozone-interface-client-1.3.0-SNAPSHOT.jar:?]
	at org.apache.hadoop.ipc.ProtobufRpcEngine$Server.processCall(ProtobufRpcEngine.java:466) [hadoop-common-3.3.1.jar:?]
	at org.apache.hadoop.ipc.ProtobufRpcEngine2$Server$ProtoBufRpcInvoker.call(ProtobufRpcEngine2.java:574) [hadoop-common-3.3.1.jar:?]
	at org.apache.hadoop.ipc.ProtobufRpcEngine2$Server$ProtoBufRpcInvoker.call(ProtobufRpcEngine2.java:552) [hadoop-common-3.3.1.jar:?]
	at org.apache.hadoop.ipc.RPC$Server.call(RPC.java:1093) [hadoop-common-3.3.1.jar:?]
	at org.apache.hadoop.ipc.Server$RpcCall.run(Server.java:1035) [hadoop-common-3.3.1.jar:?]
	at org.apache.hadoop.ipc.Server$RpcCall.run(Server.java:963) [hadoop-common-3.3.1.jar:?]
	at java.security.AccessController.doPrivileged(Native Method) ~[?:1.8.0_345]
	at javax.security.auth.Subject.doAs(Subject.java:422) [?:1.8.0_345]
	at org.apache.hadoop.security.UserGroupInformation.doAs(UserGroupInformation.java:1878) [hadoop-common-3.3.1.jar:?]
	at org.apache.hadoop.ipc.Server$Handler.run(Server.java:2966) [hadoop-common-3.3.1.jar:?]
2022-09-28 15:55:10,904 [Time-limited test] WARN  ozone.BasicOzoneFileSystem (BasicOzoneFileSystem.java:getFileStatus(765)) - GetFileStatus failed for path /testBatchDelete/parent/child3
java.io.FileNotFoundException: testBatchDelete/parent/child3: No such file or directory!
	at org.apache.hadoop.fs.ozone.BasicOzoneClientAdapterImpl.getFileStatus(BasicOzoneClientAdapterImpl.java:369)
	at org.apache.hadoop.fs.ozone.BasicOzoneFileSystem.getFileStatus(BasicOzoneFileSystem.java:757)
	at org.apache.hadoop.fs.FileSystem.exists(FileSystem.java:1760)
	at org.apache.hadoop.fs.ozone.BasicOzoneFileSystem.exists(BasicOzoneFileSystem.java:804)
	at org.apache.hadoop.fs.ozone.TestOzoneFileSystem.testFileDelete(TestOzoneFileSystem.java:536)
	at sun.reflect.NativeMethodAccessorImpl.invoke0(Native Method)
	at sun.reflect.NativeMethodAccessorImpl.invoke(NativeMethodAccessorImpl.java:62)
	at sun.reflect.DelegatingMethodAccessorImpl.invoke(DelegatingMethodAccessorImpl.java:43)
	at java.lang.reflect.Method.invoke(Method.java:498)
	at org.junit.runners.model.FrameworkMethod$1.runReflectiveCall(FrameworkMethod.java:59)
	at org.junit.internal.runners.model.ReflectiveCallable.run(ReflectiveCallable.java:12)
	at org.junit.runners.model.FrameworkMethod.invokeExplosively(FrameworkMethod.java:56)
	at org.junit.internal.runners.statements.InvokeMethod.evaluate(InvokeMethod.java:17)
	at org.junit.internal.runners.statements.RunAfters.evaluate(RunAfters.java:27)
	at org.junit.internal.runners.statements.FailOnTimeout$CallableStatement.call(FailOnTimeout.java:288)
	at org.junit.internal.runners.statements.FailOnTimeout$CallableStatement.call(FailOnTimeout.java:282)
	at java.util.concurrent.FutureTask.run(FutureTask.java:266)
	at java.lang.Thread.run(Thread.java:750)
15:55:10.905 [IPC Server handler 0 on default port 37257] ERROR OMAudit - user=runner | ip=127.0.0.1 | op=GET_FILE_STATUS {volume=volume14467, bucket=bucket64159, key=testBatchDelete/parent/childFolder/child3, dataSize=0, replicationConfig=null} | ret=FAILURE
org.apache.hadoop.ozone.om.exceptions.OMException: Unable to get file status: volume: volume14467 bucket: bucket64159 key: testBatchDelete/parent/childFolder/child3
	at org.apache.hadoop.ozone.om.KeyManagerImpl.getOzoneFileStatus(KeyManagerImpl.java:1324) ~[ozone-manager-1.3.0-SNAPSHOT.jar:?]
	at org.apache.hadoop.ozone.om.KeyManagerImpl.getFileStatus(KeyManagerImpl.java:1254) ~[ozone-manager-1.3.0-SNAPSHOT.jar:?]
	at org.apache.hadoop.ozone.om.OzoneManager.getFileStatus(OzoneManager.java:3506) ~[ozone-manager-1.3.0-SNAPSHOT.jar:?]
	at org.apache.hadoop.ozone.protocolPB.OzoneManagerRequestHandler.getOzoneFileStatus(OzoneManagerRequestHandler.java:882) ~[ozone-manager-1.3.0-SNAPSHOT.jar:?]
	at org.apache.hadoop.ozone.protocolPB.OzoneManagerRequestHandler.handleReadRequest(OzoneManagerRequestHandler.java:228) ~[ozone-manager-1.3.0-SNAPSHOT.jar:?]
	at org.apache.hadoop.ozone.protocolPB.OzoneManagerProtocolServerSideTranslatorPB.submitReadRequestToOM(OzoneManagerProtocolServerSideTranslatorPB.java:226) ~[ozone-manager-1.3.0-SNAPSHOT.jar:?]
	at org.apache.hadoop.ozone.protocolPB.OzoneManagerProtocolServerSideTranslatorPB.processRequest(OzoneManagerProtocolServerSideTranslatorPB.java:175) ~[ozone-manager-1.3.0-SNAPSHOT.jar:?]
	at org.apache.hadoop.hdds.server.OzoneProtocolMessageDispatcher.processRequest(OzoneProtocolMessageDispatcher.java:87) [hdds-server-framework-1.3.0-SNAPSHOT.jar:?]
	at org.apache.hadoop.ozone.protocolPB.OzoneManagerProtocolServerSideTranslatorPB.submitRequest(OzoneManagerProtocolServerSideTranslatorPB.java:147) [ozone-manager-1.3.0-SNAPSHOT.jar:?]
	at org.apache.hadoop.ozone.protocol.proto.OzoneManagerProtocolProtos$OzoneManagerService$2.callBlockingMethod(OzoneManagerProtocolProtos.java) [ozone-interface-client-1.3.0-SNAPSHOT.jar:?]
	at org.apache.hadoop.ipc.ProtobufRpcEngine$Server.processCall(ProtobufRpcEngine.java:466) [hadoop-common-3.3.1.jar:?]
	at org.apache.hadoop.ipc.ProtobufRpcEngine2$Server$ProtoBufRpcInvoker.call(ProtobufRpcEngine2.java:574) [hadoop-common-3.3.1.jar:?]
	at org.apache.hadoop.ipc.ProtobufRpcEngine2$Server$ProtoBufRpcInvoker.call(ProtobufRpcEngine2.java:552) [hadoop-common-3.3.1.jar:?]
	at org.apache.hadoop.ipc.RPC$Server.call(RPC.java:1093) [hadoop-common-3.3.1.jar:?]
	at org.apache.hadoop.ipc.Server$RpcCall.run(Server.java:1035) [hadoop-common-3.3.1.jar:?]
	at org.apache.hadoop.ipc.Server$RpcCall.run(Server.java:963) [hadoop-common-3.3.1.jar:?]
	at java.security.AccessController.doPrivileged(Native Method) ~[?:1.8.0_345]
	at javax.security.auth.Subject.doAs(Subject.java:422) [?:1.8.0_345]
	at org.apache.hadoop.security.UserGroupInformation.doAs(UserGroupInformation.java:1878) [hadoop-common-3.3.1.jar:?]
	at org.apache.hadoop.ipc.Server$Handler.run(Server.java:2966) [hadoop-common-3.3.1.jar:?]
2022-09-28 15:55:10,905 [Time-limited test] WARN  ozone.BasicOzoneFileSystem (BasicOzoneFileSystem.java:getFileStatus(765)) - GetFileStatus failed for path /testBatchDelete/parent/childFolder/child3
java.io.FileNotFoundException: testBatchDelete/parent/childFolder/child3: No such file or directory!
	at org.apache.hadoop.fs.ozone.BasicOzoneClientAdapterImpl.getFileStatus(BasicOzoneClientAdapterImpl.java:369)
	at org.apache.hadoop.fs.ozone.BasicOzoneFileSystem.getFileStatus(BasicOzoneFileSystem.java:757)
	at org.apache.hadoop.fs.FileSystem.exists(FileSystem.java:1760)
	at org.apache.hadoop.fs.ozone.BasicOzoneFileSystem.exists(BasicOzoneFileSystem.java:804)
	at org.apache.hadoop.fs.ozone.TestOzoneFileSystem.testFileDelete(TestOzoneFileSystem.java:541)
	at sun.reflect.NativeMethodAccessorImpl.invoke0(Native Method)
	at sun.reflect.NativeMethodAccessorImpl.invoke(NativeMethodAccessorImpl.java:62)
	at sun.reflect.DelegatingMethodAccessorImpl.invoke(DelegatingMethodAccessorImpl.java:43)
	at java.lang.reflect.Method.invoke(Method.java:498)
	at org.junit.runners.model.FrameworkMethod$1.runReflectiveCall(FrameworkMethod.java:59)
	at org.junit.internal.runners.model.ReflectiveCallable.run(ReflectiveCallable.java:12)
	at org.junit.runners.model.FrameworkMethod.invokeExplosively(FrameworkMethod.java:56)
	at org.junit.internal.runners.statements.InvokeMethod.evaluate(InvokeMethod.java:17)
	at org.junit.internal.runners.statements.RunAfters.evaluate(RunAfters.java:27)
	at org.junit.internal.runners.statements.FailOnTimeout$CallableStatement.call(FailOnTimeout.java:288)
	at org.junit.internal.runners.statements.FailOnTimeout$CallableStatement.call(FailOnTimeout.java:282)
	at java.util.concurrent.FutureTask.run(FutureTask.java:266)
	at java.lang.Thread.run(Thread.java:750)
15:55:10.905 [IPC Server handler 7 on default port 37257] ERROR OMAudit - user=runner | ip=127.0.0.1 | op=GET_FILE_STATUS {volume=volume14467, bucket=bucket64159, key=testBatchDelete/parent/child4, dataSize=0, replicationConfig=null} | ret=FAILURE
org.apache.hadoop.ozone.om.exceptions.OMException: Unable to get file status: volume: volume14467 bucket: bucket64159 key: testBatchDelete/parent/child4
	at org.apache.hadoop.ozone.om.KeyManagerImpl.getOzoneFileStatus(KeyManagerImpl.java:1324) ~[ozone-manager-1.3.0-SNAPSHOT.jar:?]
	at org.apache.hadoop.ozone.om.KeyManagerImpl.getFileStatus(KeyManagerImpl.java:1254) ~[ozone-manager-1.3.0-SNAPSHOT.jar:?]
	at org.apache.hadoop.ozone.om.OzoneManager.getFileStatus(OzoneManager.java:3506) ~[ozone-manager-1.3.0-SNAPSHOT.jar:?]
	at org.apache.hadoop.ozone.protocolPB.OzoneManagerRequestHandler.getOzoneFileStatus(OzoneManagerRequestHandler.java:882) ~[ozone-manager-1.3.0-SNAPSHOT.jar:?]
	at org.apache.hadoop.ozone.protocolPB.OzoneManagerRequestHandler.handleReadRequest(OzoneManagerRequestHandler.java:228) ~[ozone-manager-1.3.0-SNAPSHOT.jar:?]
	at org.apache.hadoop.ozone.protocolPB.OzoneManagerProtocolServerSideTranslatorPB.submitReadRequestToOM(OzoneManagerProtocolServerSideTranslatorPB.java:226) ~[ozone-manager-1.3.0-SNAPSHOT.jar:?]
	at org.apache.hadoop.ozone.protocolPB.OzoneManagerProtocolServerSideTranslatorPB.processRequest(OzoneManagerProtocolServerSideTranslatorPB.java:175) ~[ozone-manager-1.3.0-SNAPSHOT.jar:?]
	at org.apache.hadoop.hdds.server.OzoneProtocolMessageDispatcher.processRequest(OzoneProtocolMessageDispatcher.java:87) [hdds-server-framework-1.3.0-SNAPSHOT.jar:?]
	at org.apache.hadoop.ozone.protocolPB.OzoneManagerProtocolServerSideTranslatorPB.submitRequest(OzoneManagerProtocolServerSideTranslatorPB.java:147) [ozone-manager-1.3.0-SNAPSHOT.jar:?]
	at org.apache.hadoop.ozone.protocol.proto.OzoneManagerProtocolProtos$OzoneManagerService$2.callBlockingMethod(OzoneManagerProtocolProtos.java) [ozone-interface-client-1.3.0-SNAPSHOT.jar:?]
	at org.apache.hadoop.ipc.ProtobufRpcEngine$Server.processCall(ProtobufRpcEngine.java:466) [hadoop-common-3.3.1.jar:?]
	at org.apache.hadoop.ipc.ProtobufRpcEngine2$Server$ProtoBufRpcInvoker.call(ProtobufRpcEngine2.java:574) [hadoop-common-3.3.1.jar:?]
	at org.apache.hadoop.ipc.ProtobufRpcEngine2$Server$ProtoBufRpcInvoker.call(ProtobufRpcEngine2.java:552) [hadoop-common-3.3.1.jar:?]
	at org.apache.hadoop.ipc.RPC$Server.call(RPC.java:1093) [hadoop-common-3.3.1.jar:?]
	at org.apache.hadoop.ipc.Server$RpcCall.run(Server.java:1035) [hadoop-common-3.3.1.jar:?]
	at org.apache.hadoop.ipc.Server$RpcCall.run(Server.java:963) [hadoop-common-3.3.1.jar:?]
	at java.security.AccessController.doPrivileged(Native Method) ~[?:1.8.0_345]
	at javax.security.auth.Subject.doAs(Subject.java:422) [?:1.8.0_345]
	at org.apache.hadoop.security.UserGroupInformation.doAs(UserGroupInformation.java:1878) [hadoop-common-3.3.1.jar:?]
	at org.apache.hadoop.ipc.Server$Handler.run(Server.java:2966) [hadoop-common-3.3.1.jar:?]
2022-09-28 15:55:10,905 [Time-limited test] WARN  ozone.BasicOzoneFileSystem (BasicOzoneFileSystem.java:getFileStatus(765)) - GetFileStatus failed for path /testBatchDelete/parent/child4
java.io.FileNotFoundException: testBatchDelete/parent/child4: No such file or directory!
	at org.apache.hadoop.fs.ozone.BasicOzoneClientAdapterImpl.getFileStatus(BasicOzoneClientAdapterImpl.java:369)
	at org.apache.hadoop.fs.ozone.BasicOzoneFileSystem.getFileStatus(BasicOzoneFileSystem.java:757)
	at org.apache.hadoop.fs.FileSystem.exists(FileSystem.java:1760)
	at org.apache.hadoop.fs.ozone.BasicOzoneFileSystem.exists(BasicOzoneFileSystem.java:804)
	at org.apache.hadoop.fs.ozone.TestOzoneFileSystem.testFileDelete(TestOzoneFileSystem.java:536)
	at sun.reflect.NativeMethodAccessorImpl.invoke0(Native Method)
	at sun.reflect.NativeMethodAccessorImpl.invoke(NativeMethodAccessorImpl.java:62)
	at sun.reflect.DelegatingMethodAccessorImpl.invoke(DelegatingMethodAccessorImpl.java:43)
	at java.lang.reflect.Method.invoke(Method.java:498)
	at org.junit.runners.model.FrameworkMethod$1.runReflectiveCall(FrameworkMethod.java:59)
	at org.junit.internal.runners.model.ReflectiveCallable.run(ReflectiveCallable.java:12)
	at org.junit.runners.model.FrameworkMethod.invokeExplosively(FrameworkMethod.java:56)
	at org.junit.internal.runners.statements.InvokeMethod.evaluate(InvokeMethod.java:17)
	at org.junit.internal.runners.statements.RunAfters.evaluate(RunAfters.java:27)
	at org.junit.internal.runners.statements.FailOnTimeout$CallableStatement.call(FailOnTimeout.java:288)
	at org.junit.internal.runners.statements.FailOnTimeout$CallableStatement.call(FailOnTimeout.java:282)
	at java.util.concurrent.FutureTask.run(FutureTask.java:266)
	at java.lang.Thread.run(Thread.java:750)
15:55:10.906 [IPC Server handler 1 on default port 37257] ERROR OMAudit - user=runner | ip=127.0.0.1 | op=GET_FILE_STATUS {volume=volume14467, bucket=bucket64159, key=testBatchDelete/parent/childFolder/child4, dataSize=0, replicationConfig=null} | ret=FAILURE
org.apache.hadoop.ozone.om.exceptions.OMException: Unable to get file status: volume: volume14467 bucket: bucket64159 key: testBatchDelete/parent/childFolder/child4
	at org.apache.hadoop.ozone.om.KeyManagerImpl.getOzoneFileStatus(KeyManagerImpl.java:1324) ~[ozone-manager-1.3.0-SNAPSHOT.jar:?]
	at org.apache.hadoop.ozone.om.KeyManagerImpl.getFileStatus(KeyManagerImpl.java:1254) ~[ozone-manager-1.3.0-SNAPSHOT.jar:?]
	at org.apache.hadoop.ozone.om.OzoneManager.getFileStatus(OzoneManager.java:3506) ~[ozone-manager-1.3.0-SNAPSHOT.jar:?]
	at org.apache.hadoop.ozone.protocolPB.OzoneManagerRequestHandler.getOzoneFileStatus(OzoneManagerRequestHandler.java:882) ~[ozone-manager-1.3.0-SNAPSHOT.jar:?]
	at org.apache.hadoop.ozone.protocolPB.OzoneManagerRequestHandler.handleReadRequest(OzoneManagerRequestHandler.java:228) ~[ozone-manager-1.3.0-SNAPSHOT.jar:?]
	at org.apache.hadoop.ozone.protocolPB.OzoneManagerProtocolServerSideTranslatorPB.submitReadRequestToOM(OzoneManagerProtocolServerSideTranslatorPB.java:226) ~[ozone-manager-1.3.0-SNAPSHOT.jar:?]
	at org.apache.hadoop.ozone.protocolPB.OzoneManagerProtocolServerSideTranslatorPB.processRequest(OzoneManagerProtocolServerSideTranslatorPB.java:175) ~[ozone-manager-1.3.0-SNAPSHOT.jar:?]
	at org.apache.hadoop.hdds.server.OzoneProtocolMessageDispatcher.processRequest(OzoneProtocolMessageDispatcher.java:87) [hdds-server-framework-1.3.0-SNAPSHOT.jar:?]
	at org.apache.hadoop.ozone.protocolPB.OzoneManagerProtocolServerSideTranslatorPB.submitRequest(OzoneManagerProtocolServerSideTranslatorPB.java:147) [ozone-manager-1.3.0-SNAPSHOT.jar:?]
	at org.apache.hadoop.ozone.protocol.proto.OzoneManagerProtocolProtos$OzoneManagerService$2.callBlockingMethod(OzoneManagerProtocolProtos.java) [ozone-interface-client-1.3.0-SNAPSHOT.jar:?]
	at org.apache.hadoop.ipc.ProtobufRpcEngine$Server.processCall(ProtobufRpcEngine.java:466) [hadoop-common-3.3.1.jar:?]
	at org.apache.hadoop.ipc.ProtobufRpcEngine2$Server$ProtoBufRpcInvoker.call(ProtobufRpcEngine2.java:574) [hadoop-common-3.3.1.jar:?]
	at org.apache.hadoop.ipc.ProtobufRpcEngine2$Server$ProtoBufRpcInvoker.call(ProtobufRpcEngine2.java:552) [hadoop-common-3.3.1.jar:?]
	at org.apache.hadoop.ipc.RPC$Server.call(RPC.java:1093) [hadoop-common-3.3.1.jar:?]
	at org.apache.hadoop.ipc.Server$RpcCall.run(Server.java:1035) [hadoop-common-3.3.1.jar:?]
	at org.apache.hadoop.ipc.Server$RpcCall.run(Server.java:963) [hadoop-common-3.3.1.jar:?]
	at java.security.AccessController.doPrivileged(Native Method) ~[?:1.8.0_345]
	at javax.security.auth.Subject.doAs(Subject.java:422) [?:1.8.0_345]
	at org.apache.hadoop.security.UserGroupInformation.doAs(UserGroupInformation.java:1878) [hadoop-common-3.3.1.jar:?]
	at org.apache.hadoop.ipc.Server$Handler.run(Server.java:2966) [hadoop-common-3.3.1.jar:?]
2022-09-28 15:55:10,908 [Time-limited test] WARN  ozone.BasicOzoneFileSystem (BasicOzoneFileSystem.java:getFileStatus(765)) - GetFileStatus failed for path /testBatchDelete/parent/childFolder/child4
java.io.FileNotFoundException: testBatchDelete/parent/childFolder/child4: No such file or directory!
	at org.apache.hadoop.fs.ozone.BasicOzoneClientAdapterImpl.getFileStatus(BasicOzoneClientAdapterImpl.java:369)
	at org.apache.hadoop.fs.ozone.BasicOzoneFileSystem.getFileStatus(BasicOzoneFileSystem.java:757)
	at org.apache.hadoop.fs.FileSystem.exists(FileSystem.java:1760)
	at org.apache.hadoop.fs.ozone.BasicOzoneFileSystem.exists(BasicOzoneFileSystem.java:804)
	at org.apache.hadoop.fs.ozone.TestOzoneFileSystem.testFileDelete(TestOzoneFileSystem.java:541)
	at sun.reflect.NativeMethodAccessorImpl.invoke0(Native Method)
	at sun.reflect.NativeMethodAccessorImpl.invoke(NativeMethodAccessorImpl.java:62)
	at sun.reflect.DelegatingMethodAccessorImpl.invoke(DelegatingMethodAccessorImpl.java:43)
	at java.lang.reflect.Method.invoke(Method.java:498)
	at org.junit.runners.model.FrameworkMethod$1.runReflectiveCall(FrameworkMethod.java:59)
	at org.junit.internal.runners.model.ReflectiveCallable.run(ReflectiveCallable.java:12)
	at org.junit.runners.model.FrameworkMethod.invokeExplosively(FrameworkMethod.java:56)
	at org.junit.internal.runners.statements.InvokeMethod.evaluate(InvokeMethod.java:17)
	at org.junit.internal.runners.statements.RunAfters.evaluate(RunAfters.java:27)
	at org.junit.internal.runners.statements.FailOnTimeout$CallableStatement.call(FailOnTimeout.java:288)
	at org.junit.internal.runners.statements.FailOnTimeout$CallableStatement.call(FailOnTimeout.java:282)
	at java.util.concurrent.FutureTask.run(FutureTask.java:266)
	at java.lang.Thread.run(Thread.java:750)
15:55:10.908 [IPC Server handler 4 on default port 37257] ERROR OMAudit - user=runner | ip=127.0.0.1 | op=GET_FILE_STATUS {volume=volume14467, bucket=bucket64159, key=testBatchDelete/parent/child5, dataSize=0, replicationConfig=null} | ret=FAILURE
org.apache.hadoop.ozone.om.exceptions.OMException: Unable to get file status: volume: volume14467 bucket: bucket64159 key: testBatchDelete/parent/child5
	at org.apache.hadoop.ozone.om.KeyManagerImpl.getOzoneFileStatus(KeyManagerImpl.java:1324) ~[ozone-manager-1.3.0-SNAPSHOT.jar:?]
	at org.apache.hadoop.ozone.om.KeyManagerImpl.getFileStatus(KeyManagerImpl.java:1254) ~[ozone-manager-1.3.0-SNAPSHOT.jar:?]
	at org.apache.hadoop.ozone.om.OzoneManager.getFileStatus(OzoneManager.java:3506) ~[ozone-manager-1.3.0-SNAPSHOT.jar:?]
	at org.apache.hadoop.ozone.protocolPB.OzoneManagerRequestHandler.getOzoneFileStatus(OzoneManagerRequestHandler.java:882) ~[ozone-manager-1.3.0-SNAPSHOT.jar:?]
	at org.apache.hadoop.ozone.protocolPB.OzoneManagerRequestHandler.handleReadRequest(OzoneManagerRequestHandler.java:228) ~[ozone-manager-1.3.0-SNAPSHOT.jar:?]
	at org.apache.hadoop.ozone.protocolPB.OzoneManagerProtocolServerSideTranslatorPB.submitReadRequestToOM(OzoneManagerProtocolServerSideTranslatorPB.java:226) ~[ozone-manager-1.3.0-SNAPSHOT.jar:?]
	at org.apache.hadoop.ozone.protocolPB.OzoneManagerProtocolServerSideTranslatorPB.processRequest(OzoneManagerProtocolServerSideTranslatorPB.java:175) ~[ozone-manager-1.3.0-SNAPSHOT.jar:?]
	at org.apache.hadoop.hdds.server.OzoneProtocolMessageDispatcher.processRequest(OzoneProtocolMessageDispatcher.java:87) [hdds-server-framework-1.3.0-SNAPSHOT.jar:?]
	at org.apache.hadoop.ozone.protocolPB.OzoneManagerProtocolServerSideTranslatorPB.submitRequest(OzoneManagerProtocolServerSideTranslatorPB.java:147) [ozone-manager-1.3.0-SNAPSHOT.jar:?]
	at org.apache.hadoop.ozone.protocol.proto.OzoneManagerProtocolProtos$OzoneManagerService$2.callBlockingMethod(OzoneManagerProtocolProtos.java) [ozone-interface-client-1.3.0-SNAPSHOT.jar:?]
	at org.apache.hadoop.ipc.ProtobufRpcEngine$Server.processCall(ProtobufRpcEngine.java:466) [hadoop-common-3.3.1.jar:?]
	at org.apache.hadoop.ipc.ProtobufRpcEngine2$Server$ProtoBufRpcInvoker.call(ProtobufRpcEngine2.java:574) [hadoop-common-3.3.1.jar:?]
	at org.apache.hadoop.ipc.ProtobufRpcEngine2$Server$ProtoBufRpcInvoker.call(ProtobufRpcEngine2.java:552) [hadoop-common-3.3.1.jar:?]
	at org.apache.hadoop.ipc.RPC$Server.call(RPC.java:1093) [hadoop-common-3.3.1.jar:?]
	at org.apache.hadoop.ipc.Server$RpcCall.run(Server.java:1035) [hadoop-common-3.3.1.jar:?]
	at org.apache.hadoop.ipc.Server$RpcCall.run(Server.java:963) [hadoop-common-3.3.1.jar:?]
	at java.security.AccessController.doPrivileged(Native Method) ~[?:1.8.0_345]
	at javax.security.auth.Subject.doAs(Subject.java:422) [?:1.8.0_345]
	at org.apache.hadoop.security.UserGroupInformation.doAs(UserGroupInformation.java:1878) [hadoop-common-3.3.1.jar:?]
	at org.apache.hadoop.ipc.Server$Handler.run(Server.java:2966) [hadoop-common-3.3.1.jar:?]
2022-09-28 15:55:10,911 [Time-limited test] WARN  ozone.BasicOzoneFileSystem (BasicOzoneFileSystem.java:getFileStatus(765)) - GetFileStatus failed for path /testBatchDelete/parent/child5
java.io.FileNotFoundException: testBatchDelete/parent/child5: No such file or directory!
	at org.apache.hadoop.fs.ozone.BasicOzoneClientAdapterImpl.getFileStatus(BasicOzoneClientAdapterImpl.java:369)
	at org.apache.hadoop.fs.ozone.BasicOzoneFileSystem.getFileStatus(BasicOzoneFileSystem.java:757)
	at org.apache.hadoop.fs.FileSystem.exists(FileSystem.java:1760)
	at org.apache.hadoop.fs.ozone.BasicOzoneFileSystem.exists(BasicOzoneFileSystem.java:804)
	at org.apache.hadoop.fs.ozone.TestOzoneFileSystem.testFileDelete(TestOzoneFileSystem.java:536)
	at sun.reflect.NativeMethodAccessorImpl.invoke0(Native Method)
	at sun.reflect.NativeMethodAccessorImpl.invoke(NativeMethodAccessorImpl.java:62)
	at sun.reflect.DelegatingMethodAccessorImpl.invoke(DelegatingMethodAccessorImpl.java:43)
	at java.lang.reflect.Method.invoke(Method.java:498)
	at org.junit.runners.model.FrameworkMethod$1.runReflectiveCall(FrameworkMethod.java:59)
	at org.junit.internal.runners.model.ReflectiveCallable.run(ReflectiveCallable.java:12)
	at org.junit.runners.model.FrameworkMethod.invokeExplosively(FrameworkMethod.java:56)
	at org.junit.internal.runners.statements.InvokeMethod.evaluate(InvokeMethod.java:17)
	at org.junit.internal.runners.statements.RunAfters.evaluate(RunAfters.java:27)
	at org.junit.internal.runners.statements.FailOnTimeout$CallableStatement.call(FailOnTimeout.java:288)
	at org.junit.internal.runners.statements.FailOnTimeout$CallableStatement.call(FailOnTimeout.java:282)
	at java.util.concurrent.FutureTask.run(FutureTask.java:266)
	at java.lang.Thread.run(Thread.java:750)
15:55:10.911 [IPC Server handler 15 on default port 37257] ERROR OMAudit - user=runner | ip=127.0.0.1 | op=GET_FILE_STATUS {volume=volume14467, bucket=bucket64159, key=testBatchDelete/parent/childFolder/child5, dataSize=0, replicationConfig=null} | ret=FAILURE
org.apache.hadoop.ozone.om.exceptions.OMException: Unable to get file status: volume: volume14467 bucket: bucket64159 key: testBatchDelete/parent/childFolder/child5
	at org.apache.hadoop.ozone.om.KeyManagerImpl.getOzoneFileStatus(KeyManagerImpl.java:1324) ~[ozone-manager-1.3.0-SNAPSHOT.jar:?]
	at org.apache.hadoop.ozone.om.KeyManagerImpl.getFileStatus(KeyManagerImpl.java:1254) ~[ozone-manager-1.3.0-SNAPSHOT.jar:?]
	at org.apache.hadoop.ozone.om.OzoneManager.getFileStatus(OzoneManager.java:3506) ~[ozone-manager-1.3.0-SNAPSHOT.jar:?]
	at org.apache.hadoop.ozone.protocolPB.OzoneManagerRequestHandler.getOzoneFileStatus(OzoneManagerRequestHandler.java:882) ~[ozone-manager-1.3.0-SNAPSHOT.jar:?]
	at org.apache.hadoop.ozone.protocolPB.OzoneManagerRequestHandler.handleReadRequest(OzoneManagerRequestHandler.java:228) ~[ozone-manager-1.3.0-SNAPSHOT.jar:?]
	at org.apache.hadoop.ozone.protocolPB.OzoneManagerProtocolServerSideTranslatorPB.submitReadRequestToOM(OzoneManagerProtocolServerSideTranslatorPB.java:226) ~[ozone-manager-1.3.0-SNAPSHOT.jar:?]
	at org.apache.hadoop.ozone.protocolPB.OzoneManagerProtocolServerSideTranslatorPB.processRequest(OzoneManagerProtocolServerSideTranslatorPB.java:175) ~[ozone-manager-1.3.0-SNAPSHOT.jar:?]
	at org.apache.hadoop.hdds.server.OzoneProtocolMessageDispatcher.processRequest(OzoneProtocolMessageDispatcher.java:87) [hdds-server-framework-1.3.0-SNAPSHOT.jar:?]
	at org.apache.hadoop.ozone.protocolPB.OzoneManagerProtocolServerSideTranslatorPB.submitRequest(OzoneManagerProtocolServerSideTranslatorPB.java:147) [ozone-manager-1.3.0-SNAPSHOT.jar:?]
	at org.apache.hadoop.ozone.protocol.proto.OzoneManagerProtocolProtos$OzoneManagerService$2.callBlockingMethod(OzoneManagerProtocolProtos.java) [ozone-interface-client-1.3.0-SNAPSHOT.jar:?]
	at org.apache.hadoop.ipc.ProtobufRpcEngine$Server.processCall(ProtobufRpcEngine.java:466) [hadoop-common-3.3.1.jar:?]
	at org.apache.hadoop.ipc.ProtobufRpcEngine2$Server$ProtoBufRpcInvoker.call(ProtobufRpcEngine2.java:574) [hadoop-common-3.3.1.jar:?]
	at org.apache.hadoop.ipc.ProtobufRpcEngine2$Server$ProtoBufRpcInvoker.call(ProtobufRpcEngine2.java:552) [hadoop-common-3.3.1.jar:?]
	at org.apache.hadoop.ipc.RPC$Server.call(RPC.java:1093) [hadoop-common-3.3.1.jar:?]
	at org.apache.hadoop.ipc.Server$RpcCall.run(Server.java:1035) [hadoop-common-3.3.1.jar:?]
	at org.apache.hadoop.ipc.Server$RpcCall.run(Server.java:963) [hadoop-common-3.3.1.jar:?]
	at java.security.AccessController.doPrivileged(Native Method) ~[?:1.8.0_345]
	at javax.security.auth.Subject.doAs(Subject.java:422) [?:1.8.0_345]
	at org.apache.hadoop.security.UserGroupInformation.doAs(UserGroupInformation.java:1878) [hadoop-common-3.3.1.jar:?]
	at org.apache.hadoop.ipc.Server$Handler.run(Server.java:2966) [hadoop-common-3.3.1.jar:?]
2022-09-28 15:55:10,911 [Time-limited test] WARN  ozone.BasicOzoneFileSystem (BasicOzoneFileSystem.java:getFileStatus(765)) - GetFileStatus failed for path /testBatchDelete/parent/childFolder/child5
java.io.FileNotFoundException: testBatchDelete/parent/childFolder/child5: No such file or directory!
	at org.apache.hadoop.fs.ozone.BasicOzoneClientAdapterImpl.getFileStatus(BasicOzoneClientAdapterImpl.java:369)
	at org.apache.hadoop.fs.ozone.BasicOzoneFileSystem.getFileStatus(BasicOzoneFileSystem.java:757)
	at org.apache.hadoop.fs.FileSystem.exists(FileSystem.java:1760)
	at org.apache.hadoop.fs.ozone.BasicOzoneFileSystem.exists(BasicOzoneFileSystem.java:804)
	at org.apache.hadoop.fs.ozone.TestOzoneFileSystem.testFileDelete(TestOzoneFileSystem.java:541)
	at sun.reflect.NativeMethodAccessorImpl.invoke0(Native Method)
	at sun.reflect.NativeMethodAccessorImpl.invoke(NativeMethodAccessorImpl.java:62)
	at sun.reflect.DelegatingMethodAccessorImpl.invoke(DelegatingMethodAccessorImpl.java:43)
	at java.lang.reflect.Method.invoke(Method.java:498)
	at org.junit.runners.model.FrameworkMethod$1.runReflectiveCall(FrameworkMethod.java:59)
	at org.junit.internal.runners.model.ReflectiveCallable.run(ReflectiveCallable.java:12)
	at org.junit.runners.model.FrameworkMethod.invokeExplosively(FrameworkMethod.java:56)
	at org.junit.internal.runners.statements.InvokeMethod.evaluate(InvokeMethod.java:17)
	at org.junit.internal.runners.statements.RunAfters.evaluate(RunAfters.java:27)
	at org.junit.internal.runners.statements.FailOnTimeout$CallableStatement.call(FailOnTimeout.java:288)
	at org.junit.internal.runners.statements.FailOnTimeout$CallableStatement.call(FailOnTimeout.java:282)
	at java.util.concurrent.FutureTask.run(FutureTask.java:266)
	at java.lang.Thread.run(Thread.java:750)
15:55:10.912 [IPC Server handler 8 on default port 37257] ERROR OMAudit - user=runner | ip=127.0.0.1 | op=GET_FILE_STATUS {volume=volume14467, bucket=bucket64159, key=testBatchDelete/parent/child6, dataSize=0, replicationConfig=null} | ret=FAILURE
org.apache.hadoop.ozone.om.exceptions.OMException: Unable to get file status: volume: volume14467 bucket: bucket64159 key: testBatchDelete/parent/child6
	at org.apache.hadoop.ozone.om.KeyManagerImpl.getOzoneFileStatus(KeyManagerImpl.java:1324) ~[ozone-manager-1.3.0-SNAPSHOT.jar:?]
	at org.apache.hadoop.ozone.om.KeyManagerImpl.getFileStatus(KeyManagerImpl.java:1254) ~[ozone-manager-1.3.0-SNAPSHOT.jar:?]
	at org.apache.hadoop.ozone.om.OzoneManager.getFileStatus(OzoneManager.java:3506) ~[ozone-manager-1.3.0-SNAPSHOT.jar:?]
	at org.apache.hadoop.ozone.protocolPB.OzoneManagerRequestHandler.getOzoneFileStatus(OzoneManagerRequestHandler.java:882) ~[ozone-manager-1.3.0-SNAPSHOT.jar:?]
	at org.apache.hadoop.ozone.protocolPB.OzoneManagerRequestHandler.handleReadRequest(OzoneManagerRequestHandler.java:228) ~[ozone-manager-1.3.0-SNAPSHOT.jar:?]
	at org.apache.hadoop.ozone.protocolPB.OzoneManagerProtocolServerSideTranslatorPB.submitReadRequestToOM(OzoneManagerProtocolServerSideTranslatorPB.java:226) ~[ozone-manager-1.3.0-SNAPSHOT.jar:?]
	at org.apache.hadoop.ozone.protocolPB.OzoneManagerProtocolServerSideTranslatorPB.processRequest(OzoneManagerProtocolServerSideTranslatorPB.java:175) ~[ozone-manager-1.3.0-SNAPSHOT.jar:?]
	at org.apache.hadoop.hdds.server.OzoneProtocolMessageDispatcher.processRequest(OzoneProtocolMessageDispatcher.java:87) [hdds-server-framework-1.3.0-SNAPSHOT.jar:?]
	at org.apache.hadoop.ozone.protocolPB.OzoneManagerProtocolServerSideTranslatorPB.submitRequest(OzoneManagerProtocolServerSideTranslatorPB.java:147) [ozone-manager-1.3.0-SNAPSHOT.jar:?]
	at org.apache.hadoop.ozone.protocol.proto.OzoneManagerProtocolProtos$OzoneManagerService$2.callBlockingMethod(OzoneManagerProtocolProtos.java) [ozone-interface-client-1.3.0-SNAPSHOT.jar:?]
	at org.apache.hadoop.ipc.ProtobufRpcEngine$Server.processCall(ProtobufRpcEngine.java:466) [hadoop-common-3.3.1.jar:?]
	at org.apache.hadoop.ipc.ProtobufRpcEngine2$Server$ProtoBufRpcInvoker.call(ProtobufRpcEngine2.java:574) [hadoop-common-3.3.1.jar:?]
	at org.apache.hadoop.ipc.ProtobufRpcEngine2$Server$ProtoBufRpcInvoker.call(ProtobufRpcEngine2.java:552) [hadoop-common-3.3.1.jar:?]
	at org.apache.hadoop.ipc.RPC$Server.call(RPC.java:1093) [hadoop-common-3.3.1.jar:?]
	at org.apache.hadoop.ipc.Server$RpcCall.run(Server.java:1035) [hadoop-common-3.3.1.jar:?]
	at org.apache.hadoop.ipc.Server$RpcCall.run(Server.java:963) [hadoop-common-3.3.1.jar:?]
	at java.security.AccessController.doPrivileged(Native Method) ~[?:1.8.0_345]
	at javax.security.auth.Subject.doAs(Subject.java:422) [?:1.8.0_345]
	at org.apache.hadoop.security.UserGroupInformation.doAs(UserGroupInformation.java:1878) [hadoop-common-3.3.1.jar:?]
	at org.apache.hadoop.ipc.Server$Handler.run(Server.java:2966) [hadoop-common-3.3.1.jar:?]
2022-09-28 15:55:10,912 [Time-limited test] WARN  ozone.BasicOzoneFileSystem (BasicOzoneFileSystem.java:getFileStatus(765)) - GetFileStatus failed for path /testBatchDelete/parent/child6
java.io.FileNotFoundException: testBatchDelete/parent/child6: No such file or directory!
	at org.apache.hadoop.fs.ozone.BasicOzoneClientAdapterImpl.getFileStatus(BasicOzoneClientAdapterImpl.java:369)
	at org.apache.hadoop.fs.ozone.BasicOzoneFileSystem.getFileStatus(BasicOzoneFileSystem.java:757)
	at org.apache.hadoop.fs.FileSystem.exists(FileSystem.java:1760)
	at org.apache.hadoop.fs.ozone.BasicOzoneFileSystem.exists(BasicOzoneFileSystem.java:804)
	at org.apache.hadoop.fs.ozone.TestOzoneFileSystem.testFileDelete(TestOzoneFileSystem.java:536)
	at sun.reflect.NativeMethodAccessorImpl.invoke0(Native Method)
	at sun.reflect.NativeMethodAccessorImpl.invoke(NativeMethodAccessorImpl.java:62)
	at sun.reflect.DelegatingMethodAccessorImpl.invoke(DelegatingMethodAccessorImpl.java:43)
	at java.lang.reflect.Method.invoke(Method.java:498)
	at org.junit.runners.model.FrameworkMethod$1.runReflectiveCall(FrameworkMethod.java:59)
	at org.junit.internal.runners.model.ReflectiveCallable.run(ReflectiveCallable.java:12)
	at org.junit.runners.model.FrameworkMethod.invokeExplosively(FrameworkMethod.java:56)
	at org.junit.internal.runners.statements.InvokeMethod.evaluate(InvokeMethod.java:17)
	at org.junit.internal.runners.statements.RunAfters.evaluate(RunAfters.java:27)
	at org.junit.internal.runners.statements.FailOnTimeout$CallableStatement.call(FailOnTimeout.java:288)
	at org.junit.internal.runners.statements.FailOnTimeout$CallableStatement.call(FailOnTimeout.java:282)
	at java.util.concurrent.FutureTask.run(FutureTask.java:266)
	at java.lang.Thread.run(Thread.java:750)
15:55:10.912 [IPC Server handler 3 on default port 37257] ERROR OMAudit - user=runner | ip=127.0.0.1 | op=GET_FILE_STATUS {volume=volume14467, bucket=bucket64159, key=testBatchDelete/parent/childFolder/child6, dataSize=0, replicationConfig=null} | ret=FAILURE
org.apache.hadoop.ozone.om.exceptions.OMException: Unable to get file status: volume: volume14467 bucket: bucket64159 key: testBatchDelete/parent/childFolder/child6
	at org.apache.hadoop.ozone.om.KeyManagerImpl.getOzoneFileStatus(KeyManagerImpl.java:1324) ~[ozone-manager-1.3.0-SNAPSHOT.jar:?]
	at org.apache.hadoop.ozone.om.KeyManagerImpl.getFileStatus(KeyManagerImpl.java:1254) ~[ozone-manager-1.3.0-SNAPSHOT.jar:?]
	at org.apache.hadoop.ozone.om.OzoneManager.getFileStatus(OzoneManager.java:3506) ~[ozone-manager-1.3.0-SNAPSHOT.jar:?]
	at org.apache.hadoop.ozone.protocolPB.OzoneManagerRequestHandler.getOzoneFileStatus(OzoneManagerRequestHandler.java:882) ~[ozone-manager-1.3.0-SNAPSHOT.jar:?]
	at org.apache.hadoop.ozone.protocolPB.OzoneManagerRequestHandler.handleReadRequest(OzoneManagerRequestHandler.java:228) ~[ozone-manager-1.3.0-SNAPSHOT.jar:?]
	at org.apache.hadoop.ozone.protocolPB.OzoneManagerProtocolServerSideTranslatorPB.submitReadRequestToOM(OzoneManagerProtocolServerSideTranslatorPB.java:226) ~[ozone-manager-1.3.0-SNAPSHOT.jar:?]
	at org.apache.hadoop.ozone.protocolPB.OzoneManagerProtocolServerSideTranslatorPB.processRequest(OzoneManagerProtocolServerSideTranslatorPB.java:175) ~[ozone-manager-1.3.0-SNAPSHOT.jar:?]
	at org.apache.hadoop.hdds.server.OzoneProtocolMessageDispatcher.processRequest(OzoneProtocolMessageDispatcher.java:87) [hdds-server-framework-1.3.0-SNAPSHOT.jar:?]
	at org.apache.hadoop.ozone.protocolPB.OzoneManagerProtocolServerSideTranslatorPB.submitRequest(OzoneManagerProtocolServerSideTranslatorPB.java:147) [ozone-manager-1.3.0-SNAPSHOT.jar:?]
	at org.apache.hadoop.ozone.protocol.proto.OzoneManagerProtocolProtos$OzoneManagerService$2.callBlockingMethod(OzoneManagerProtocolProtos.java) [ozone-interface-client-1.3.0-SNAPSHOT.jar:?]
	at org.apache.hadoop.ipc.ProtobufRpcEngine$Server.processCall(ProtobufRpcEngine.java:466) [hadoop-common-3.3.1.jar:?]
	at org.apache.hadoop.ipc.ProtobufRpcEngine2$Server$ProtoBufRpcInvoker.call(ProtobufRpcEngine2.java:574) [hadoop-common-3.3.1.jar:?]
	at org.apache.hadoop.ipc.ProtobufRpcEngine2$Server$ProtoBufRpcInvoker.call(ProtobufRpcEngine2.java:552) [hadoop-common-3.3.1.jar:?]
	at org.apache.hadoop.ipc.RPC$Server.call(RPC.java:1093) [hadoop-common-3.3.1.jar:?]
	at org.apache.hadoop.ipc.Server$RpcCall.run(Server.java:1035) [hadoop-common-3.3.1.jar:?]
	at org.apache.hadoop.ipc.Server$RpcCall.run(Server.java:963) [hadoop-common-3.3.1.jar:?]
	at java.security.AccessController.doPrivileged(Native Method) ~[?:1.8.0_345]
	at javax.security.auth.Subject.doAs(Subject.java:422) [?:1.8.0_345]
	at org.apache.hadoop.security.UserGroupInformation.doAs(UserGroupInformation.java:1878) [hadoop-common-3.3.1.jar:?]
	at org.apache.hadoop.ipc.Server$Handler.run(Server.java:2966) [hadoop-common-3.3.1.jar:?]
2022-09-28 15:55:10,913 [Time-limited test] WARN  ozone.BasicOzoneFileSystem (BasicOzoneFileSystem.java:getFileStatus(765)) - GetFileStatus failed for path /testBatchDelete/parent/childFolder/child6
java.io.FileNotFoundException: testBatchDelete/parent/childFolder/child6: No such file or directory!
	at org.apache.hadoop.fs.ozone.BasicOzoneClientAdapterImpl.getFileStatus(BasicOzoneClientAdapterImpl.java:369)
	at org.apache.hadoop.fs.ozone.BasicOzoneFileSystem.getFileStatus(BasicOzoneFileSystem.java:757)
	at org.apache.hadoop.fs.FileSystem.exists(FileSystem.java:1760)
	at org.apache.hadoop.fs.ozone.BasicOzoneFileSystem.exists(BasicOzoneFileSystem.java:804)
	at org.apache.hadoop.fs.ozone.TestOzoneFileSystem.testFileDelete(TestOzoneFileSystem.java:541)
	at sun.reflect.NativeMethodAccessorImpl.invoke0(Native Method)
	at sun.reflect.NativeMethodAccessorImpl.invoke(NativeMethodAccessorImpl.java:62)
	at sun.reflect.DelegatingMethodAccessorImpl.invoke(DelegatingMethodAccessorImpl.java:43)
	at java.lang.reflect.Method.invoke(Method.java:498)
	at org.junit.runners.model.FrameworkMethod$1.runReflectiveCall(FrameworkMethod.java:59)
	at org.junit.internal.runners.model.ReflectiveCallable.run(ReflectiveCallable.java:12)
	at org.junit.runners.model.FrameworkMethod.invokeExplosively(FrameworkMethod.java:56)
	at org.junit.internal.runners.statements.InvokeMethod.evaluate(InvokeMethod.java:17)
	at org.junit.internal.runners.statements.RunAfters.evaluate(RunAfters.java:27)
	at org.junit.internal.runners.statements.FailOnTimeout$CallableStatement.call(FailOnTimeout.java:288)
	at org.junit.internal.runners.statements.FailOnTimeout$CallableStatement.call(FailOnTimeout.java:282)
	at java.util.concurrent.FutureTask.run(FutureTask.java:266)
	at java.lang.Thread.run(Thread.java:750)
15:55:10.926 [IPC Server handler 17 on default port 37257] ERROR OMAudit - user=runner | ip=127.0.0.1 | op=GET_FILE_STATUS {volume=volume14467, bucket=bucket64159, key=testBatchDelete/parent/child7, dataSize=0, replicationConfig=null} | ret=FAILURE
org.apache.hadoop.ozone.om.exceptions.OMException: Unable to get file status: volume: volume14467 bucket: bucket64159 key: testBatchDelete/parent/child7
	at org.apache.hadoop.ozone.om.KeyManagerImpl.getOzoneFileStatus(KeyManagerImpl.java:1324) ~[ozone-manager-1.3.0-SNAPSHOT.jar:?]
	at org.apache.hadoop.ozone.om.KeyManagerImpl.getFileStatus(KeyManagerImpl.java:1254) ~[ozone-manager-1.3.0-SNAPSHOT.jar:?]
	at org.apache.hadoop.ozone.om.OzoneManager.getFileStatus(OzoneManager.java:3506) ~[ozone-manager-1.3.0-SNAPSHOT.jar:?]
	at org.apache.hadoop.ozone.protocolPB.OzoneManagerRequestHandler.getOzoneFileStatus(OzoneManagerRequestHandler.java:882) ~[ozone-manager-1.3.0-SNAPSHOT.jar:?]
	at org.apache.hadoop.ozone.protocolPB.OzoneManagerRequestHandler.handleReadRequest(OzoneManagerRequestHandler.java:228) ~[ozone-manager-1.3.0-SNAPSHOT.jar:?]
	at org.apache.hadoop.ozone.protocolPB.OzoneManagerProtocolServerSideTranslatorPB.submitReadRequestToOM(OzoneManagerProtocolServerSideTranslatorPB.java:226) ~[ozone-manager-1.3.0-SNAPSHOT.jar:?]
	at org.apache.hadoop.ozone.protocolPB.OzoneManagerProtocolServerSideTranslatorPB.processRequest(OzoneManagerProtocolServerSideTranslatorPB.java:175) ~[ozone-manager-1.3.0-SNAPSHOT.jar:?]
	at org.apache.hadoop.hdds.server.OzoneProtocolMessageDispatcher.processRequest(OzoneProtocolMessageDispatcher.java:87) [hdds-server-framework-1.3.0-SNAPSHOT.jar:?]
	at org.apache.hadoop.ozone.protocolPB.OzoneManagerProtocolServerSideTranslatorPB.submitRequest(OzoneManagerProtocolServerSideTranslatorPB.java:147) [ozone-manager-1.3.0-SNAPSHOT.jar:?]
	at org.apache.hadoop.ozone.protocol.proto.OzoneManagerProtocolProtos$OzoneManagerService$2.callBlockingMethod(OzoneManagerProtocolProtos.java) [ozone-interface-client-1.3.0-SNAPSHOT.jar:?]
	at org.apache.hadoop.ipc.ProtobufRpcEngine$Server.processCall(ProtobufRpcEngine.java:466) [hadoop-common-3.3.1.jar:?]
	at org.apache.hadoop.ipc.ProtobufRpcEngine2$Server$ProtoBufRpcInvoker.call(ProtobufRpcEngine2.java:574) [hadoop-common-3.3.1.jar:?]
	at org.apache.hadoop.ipc.ProtobufRpcEngine2$Server$ProtoBufRpcInvoker.call(ProtobufRpcEngine2.java:552) [hadoop-common-3.3.1.jar:?]
	at org.apache.hadoop.ipc.RPC$Server.call(RPC.java:1093) [hadoop-common-3.3.1.jar:?]
	at org.apache.hadoop.ipc.Server$RpcCall.run(Server.java:1035) [hadoop-common-3.3.1.jar:?]
	at org.apache.hadoop.ipc.Server$RpcCall.run(Server.java:963) [hadoop-common-3.3.1.jar:?]
	at java.security.AccessController.doPrivileged(Native Method) ~[?:1.8.0_345]
	at javax.security.auth.Subject.doAs(Subject.java:422) [?:1.8.0_345]
	at org.apache.hadoop.security.UserGroupInformation.doAs(UserGroupInformation.java:1878) [hadoop-common-3.3.1.jar:?]
	at org.apache.hadoop.ipc.Server$Handler.run(Server.java:2966) [hadoop-common-3.3.1.jar:?]
2022-09-28 15:55:10,927 [Time-limited test] WARN  ozone.BasicOzoneFileSystem (BasicOzoneFileSystem.java:getFileStatus(765)) - GetFileStatus failed for path /testBatchDelete/parent/child7
java.io.FileNotFoundException: testBatchDelete/parent/child7: No such file or directory!
	at org.apache.hadoop.fs.ozone.BasicOzoneClientAdapterImpl.getFileStatus(BasicOzoneClientAdapterImpl.java:369)
	at org.apache.hadoop.fs.ozone.BasicOzoneFileSystem.getFileStatus(BasicOzoneFileSystem.java:757)
	at org.apache.hadoop.fs.FileSystem.exists(FileSystem.java:1760)
	at org.apache.hadoop.fs.ozone.BasicOzoneFileSystem.exists(BasicOzoneFileSystem.java:804)
	at org.apache.hadoop.fs.ozone.TestOzoneFileSystem.testFileDelete(TestOzoneFileSystem.java:536)
	at sun.reflect.NativeMethodAccessorImpl.invoke0(Native Method)
	at sun.reflect.NativeMethodAccessorImpl.invoke(NativeMethodAccessorImpl.java:62)
	at sun.reflect.DelegatingMethodAccessorImpl.invoke(DelegatingMethodAccessorImpl.java:43)
	at java.lang.reflect.Method.invoke(Method.java:498)
	at org.junit.runners.model.FrameworkMethod$1.runReflectiveCall(FrameworkMethod.java:59)
	at org.junit.internal.runners.model.ReflectiveCallable.run(ReflectiveCallable.java:12)
	at org.junit.runners.model.FrameworkMethod.invokeExplosively(FrameworkMethod.java:56)
	at org.junit.internal.runners.statements.InvokeMethod.evaluate(InvokeMethod.java:17)
	at org.junit.internal.runners.statements.RunAfters.evaluate(RunAfters.java:27)
	at org.junit.internal.runners.statements.FailOnTimeout$CallableStatement.call(FailOnTimeout.java:288)
	at org.junit.internal.runners.statements.FailOnTimeout$CallableStatement.call(FailOnTimeout.java:282)
	at java.util.concurrent.FutureTask.run(FutureTask.java:266)
	at java.lang.Thread.run(Thread.java:750)
15:55:10.928 [IPC Server handler 9 on default port 37257] ERROR OMAudit - user=runner | ip=127.0.0.1 | op=GET_FILE_STATUS {volume=volume14467, bucket=bucket64159, key=testBatchDelete/parent/childFolder/child7, dataSize=0, replicationConfig=null} | ret=FAILURE
org.apache.hadoop.ozone.om.exceptions.OMException: Unable to get file status: volume: volume14467 bucket: bucket64159 key: testBatchDelete/parent/childFolder/child7
	at org.apache.hadoop.ozone.om.KeyManagerImpl.getOzoneFileStatus(KeyManagerImpl.java:1324) ~[ozone-manager-1.3.0-SNAPSHOT.jar:?]
	at org.apache.hadoop.ozone.om.KeyManagerImpl.getFileStatus(KeyManagerImpl.java:1254) ~[ozone-manager-1.3.0-SNAPSHOT.jar:?]
	at org.apache.hadoop.ozone.om.OzoneManager.getFileStatus(OzoneManager.java:3506) ~[ozone-manager-1.3.0-SNAPSHOT.jar:?]
	at org.apache.hadoop.ozone.protocolPB.OzoneManagerRequestHandler.getOzoneFileStatus(OzoneManagerRequestHandler.java:882) ~[ozone-manager-1.3.0-SNAPSHOT.jar:?]
	at org.apache.hadoop.ozone.protocolPB.OzoneManagerRequestHandler.handleReadRequest(OzoneManagerRequestHandler.java:228) ~[ozone-manager-1.3.0-SNAPSHOT.jar:?]
	at org.apache.hadoop.ozone.protocolPB.OzoneManagerProtocolServerSideTranslatorPB.submitReadRequestToOM(OzoneManagerProtocolServerSideTranslatorPB.java:226) ~[ozone-manager-1.3.0-SNAPSHOT.jar:?]
	at org.apache.hadoop.ozone.protocolPB.OzoneManagerProtocolServerSideTranslatorPB.processRequest(OzoneManagerProtocolServerSideTranslatorPB.java:175) ~[ozone-manager-1.3.0-SNAPSHOT.jar:?]
	at org.apache.hadoop.hdds.server.OzoneProtocolMessageDispatcher.processRequest(OzoneProtocolMessageDispatcher.java:87) [hdds-server-framework-1.3.0-SNAPSHOT.jar:?]
	at org.apache.hadoop.ozone.protocolPB.OzoneManagerProtocolServerSideTranslatorPB.submitRequest(OzoneManagerProtocolServerSideTranslatorPB.java:147) [ozone-manager-1.3.0-SNAPSHOT.jar:?]
	at org.apache.hadoop.ozone.protocol.proto.OzoneManagerProtocolProtos$OzoneManagerService$2.callBlockingMethod(OzoneManagerProtocolProtos.java) [ozone-interface-client-1.3.0-SNAPSHOT.jar:?]
	at org.apache.hadoop.ipc.ProtobufRpcEngine$Server.processCall(ProtobufRpcEngine.java:466) [hadoop-common-3.3.1.jar:?]
	at org.apache.hadoop.ipc.ProtobufRpcEngine2$Server$ProtoBufRpcInvoker.call(ProtobufRpcEngine2.java:574) [hadoop-common-3.3.1.jar:?]
	at org.apache.hadoop.ipc.ProtobufRpcEngine2$Server$ProtoBufRpcInvoker.call(ProtobufRpcEngine2.java:552) [hadoop-common-3.3.1.jar:?]
	at org.apache.hadoop.ipc.RPC$Server.call(RPC.java:1093) [hadoop-common-3.3.1.jar:?]
	at org.apache.hadoop.ipc.Server$RpcCall.run(Server.java:1035) [hadoop-common-3.3.1.jar:?]
	at org.apache.hadoop.ipc.Server$RpcCall.run(Server.java:963) [hadoop-common-3.3.1.jar:?]
	at java.security.AccessController.doPrivileged(Native Method) ~[?:1.8.0_345]
	at javax.security.auth.Subject.doAs(Subject.java:422) [?:1.8.0_345]
	at org.apache.hadoop.security.UserGroupInformation.doAs(UserGroupInformation.java:1878) [hadoop-common-3.3.1.jar:?]
	at org.apache.hadoop.ipc.Server$Handler.run(Server.java:2966) [hadoop-common-3.3.1.jar:?]
2022-09-28 15:55:10,928 [Time-limited test] WARN  ozone.BasicOzoneFileSystem (BasicOzoneFileSystem.java:getFileStatus(765)) - GetFileStatus failed for path /testBatchDelete/parent/childFolder/child7
java.io.FileNotFoundException: testBatchDelete/parent/childFolder/child7: No such file or directory!
	at org.apache.hadoop.fs.ozone.BasicOzoneClientAdapterImpl.getFileStatus(BasicOzoneClientAdapterImpl.java:369)
	at org.apache.hadoop.fs.ozone.BasicOzoneFileSystem.getFileStatus(BasicOzoneFileSystem.java:757)
	at org.apache.hadoop.fs.FileSystem.exists(FileSystem.java:1760)
	at org.apache.hadoop.fs.ozone.BasicOzoneFileSystem.exists(BasicOzoneFileSystem.java:804)
	at org.apache.hadoop.fs.ozone.TestOzoneFileSystem.testFileDelete(TestOzoneFileSystem.java:541)
	at sun.reflect.NativeMethodAccessorImpl.invoke0(Native Method)
	at sun.reflect.NativeMethodAccessorImpl.invoke(NativeMethodAccessorImpl.java:62)
	at sun.reflect.DelegatingMethodAccessorImpl.invoke(DelegatingMethodAccessorImpl.java:43)
	at java.lang.reflect.Method.invoke(Method.java:498)
	at org.junit.runners.model.FrameworkMethod$1.runReflectiveCall(FrameworkMethod.java:59)
	at org.junit.internal.runners.model.ReflectiveCallable.run(ReflectiveCallable.java:12)
	at org.junit.runners.model.FrameworkMethod.invokeExplosively(FrameworkMethod.java:56)
	at org.junit.internal.runners.statements.InvokeMethod.evaluate(InvokeMethod.java:17)
	at org.junit.internal.runners.statements.RunAfters.evaluate(RunAfters.java:27)
	at org.junit.internal.runners.statements.FailOnTimeout$CallableStatement.call(FailOnTimeout.java:288)
	at org.junit.internal.runners.statements.FailOnTimeout$CallableStatement.call(FailOnTimeout.java:282)
	at java.util.concurrent.FutureTask.run(FutureTask.java:266)
	at java.lang.Thread.run(Thread.java:750)
15:55:10.928 [IPC Server handler 11 on default port 37257] ERROR OMAudit - user=runner | ip=127.0.0.1 | op=GET_FILE_STATUS {volume=volume14467, bucket=bucket64159, key=testBatchDelete/parent, dataSize=0, replicationConfig=null} | ret=FAILURE
org.apache.hadoop.ozone.om.exceptions.OMException: Unable to get file status: volume: volume14467 bucket: bucket64159 key: testBatchDelete/parent
	at org.apache.hadoop.ozone.om.KeyManagerImpl.getOzoneFileStatus(KeyManagerImpl.java:1324) ~[ozone-manager-1.3.0-SNAPSHOT.jar:?]
	at org.apache.hadoop.ozone.om.KeyManagerImpl.getFileStatus(KeyManagerImpl.java:1254) ~[ozone-manager-1.3.0-SNAPSHOT.jar:?]
	at org.apache.hadoop.ozone.om.OzoneManager.getFileStatus(OzoneManager.java:3506) ~[ozone-manager-1.3.0-SNAPSHOT.jar:?]
	at org.apache.hadoop.ozone.protocolPB.OzoneManagerRequestHandler.getOzoneFileStatus(OzoneManagerRequestHandler.java:882) ~[ozone-manager-1.3.0-SNAPSHOT.jar:?]
	at org.apache.hadoop.ozone.protocolPB.OzoneManagerRequestHandler.handleReadRequest(OzoneManagerRequestHandler.java:228) ~[ozone-manager-1.3.0-SNAPSHOT.jar:?]
	at org.apache.hadoop.ozone.protocolPB.OzoneManagerProtocolServerSideTranslatorPB.submitReadRequestToOM(OzoneManagerProtocolServerSideTranslatorPB.java:226) ~[ozone-manager-1.3.0-SNAPSHOT.jar:?]
	at org.apache.hadoop.ozone.protocolPB.OzoneManagerProtocolServerSideTranslatorPB.processRequest(OzoneManagerProtocolServerSideTranslatorPB.java:175) ~[ozone-manager-1.3.0-SNAPSHOT.jar:?]
	at org.apache.hadoop.hdds.server.OzoneProtocolMessageDispatcher.processRequest(OzoneProtocolMessageDispatcher.java:87) [hdds-server-framework-1.3.0-SNAPSHOT.jar:?]
	at org.apache.hadoop.ozone.protocolPB.OzoneManagerProtocolServerSideTranslatorPB.submitRequest(OzoneManagerProtocolServerSideTranslatorPB.java:147) [ozone-manager-1.3.0-SNAPSHOT.jar:?]
	at org.apache.hadoop.ozone.protocol.proto.OzoneManagerProtocolProtos$OzoneManagerService$2.callBlockingMethod(OzoneManagerProtocolProtos.java) [ozone-interface-client-1.3.0-SNAPSHOT.jar:?]
	at org.apache.hadoop.ipc.ProtobufRpcEngine$Server.processCall(ProtobufRpcEngine.java:466) [hadoop-common-3.3.1.jar:?]
	at org.apache.hadoop.ipc.ProtobufRpcEngine2$Server$ProtoBufRpcInvoker.call(ProtobufRpcEngine2.java:574) [hadoop-common-3.3.1.jar:?]
	at org.apache.hadoop.ipc.ProtobufRpcEngine2$Server$ProtoBufRpcInvoker.call(ProtobufRpcEngine2.java:552) [hadoop-common-3.3.1.jar:?]
	at org.apache.hadoop.ipc.RPC$Server.call(RPC.java:1093) [hadoop-common-3.3.1.jar:?]
	at org.apache.hadoop.ipc.Server$RpcCall.run(Server.java:1035) [hadoop-common-3.3.1.jar:?]
	at org.apache.hadoop.ipc.Server$RpcCall.run(Server.java:963) [hadoop-common-3.3.1.jar:?]
	at java.security.AccessController.doPrivileged(Native Method) ~[?:1.8.0_345]
	at javax.security.auth.Subject.doAs(Subject.java:422) [?:1.8.0_345]
	at org.apache.hadoop.security.UserGroupInformation.doAs(UserGroupInformation.java:1878) [hadoop-common-3.3.1.jar:?]
	at org.apache.hadoop.ipc.Server$Handler.run(Server.java:2966) [hadoop-common-3.3.1.jar:?]
2022-09-28 15:55:10,929 [Time-limited test] WARN  ozone.BasicOzoneFileSystem (BasicOzoneFileSystem.java:getFileStatus(765)) - GetFileStatus failed for path /testBatchDelete/parent
java.io.FileNotFoundException: testBatchDelete/parent: No such file or directory!
	at org.apache.hadoop.fs.ozone.BasicOzoneClientAdapterImpl.getFileStatus(BasicOzoneClientAdapterImpl.java:369)
	at org.apache.hadoop.fs.ozone.BasicOzoneFileSystem.getFileStatus(BasicOzoneFileSystem.java:757)
	at org.apache.hadoop.fs.ozone.BasicOzoneFileSystem.delete(BasicOzoneFileSystem.java:530)
	at org.apache.hadoop.fs.ozone.TestOzoneFileSystem.testFileDelete(TestOzoneFileSystem.java:545)
	at sun.reflect.NativeMethodAccessorImpl.invoke0(Native Method)
	at sun.reflect.NativeMethodAccessorImpl.invoke(NativeMethodAccessorImpl.java:62)
	at sun.reflect.DelegatingMethodAccessorImpl.invoke(DelegatingMethodAccessorImpl.java:43)
	at java.lang.reflect.Method.invoke(Method.java:498)
	at org.junit.runners.model.FrameworkMethod$1.runReflectiveCall(FrameworkMethod.java:59)
	at org.junit.internal.runners.model.ReflectiveCallable.run(ReflectiveCallable.java:12)
	at org.junit.runners.model.FrameworkMethod.invokeExplosively(FrameworkMethod.java:56)
	at org.junit.internal.runners.statements.InvokeMethod.evaluate(InvokeMethod.java:17)
	at org.junit.internal.runners.statements.RunAfters.evaluate(RunAfters.java:27)
	at org.junit.internal.runners.statements.FailOnTimeout$CallableStatement.call(FailOnTimeout.java:288)
	at org.junit.internal.runners.statements.FailOnTimeout$CallableStatement.call(FailOnTimeout.java:282)
	at java.util.concurrent.FutureTask.run(FutureTask.java:266)
	at java.lang.Thread.run(Thread.java:750)
2022-09-28 15:55:10,929 [Time-limited test] WARN  ozone.BasicOzoneFileSystem (BasicOzoneFileSystem.java:delete(532)) - delete: Path does not exist: /testBatchDelete/parent
]]></system-out>
  </testcase>
  <testcase name="testFileDelete" classname="TestOzoneFileSystem" time="0.223">
    <system-out><![CDATA[15:57:03.519 [IPC Server handler 9 on default port 41537] ERROR OMAudit - user=runner | ip=127.0.0.1 | op=GET_FILE_STATUS {volume=volume06113, bucket=bucket59830, key=testBatchDelete, dataSize=0, replicationConfig=null} | ret=FAILURE
org.apache.hadoop.ozone.om.exceptions.OMException: Unable to get file status: volume: volume06113 bucket: bucket59830 key: testBatchDelete
	at org.apache.hadoop.ozone.om.KeyManagerImpl.getOzoneFileStatus(KeyManagerImpl.java:1324) ~[ozone-manager-1.3.0-SNAPSHOT.jar:?]
	at org.apache.hadoop.ozone.om.KeyManagerImpl.getFileStatus(KeyManagerImpl.java:1254) ~[ozone-manager-1.3.0-SNAPSHOT.jar:?]
	at org.apache.hadoop.ozone.om.OzoneManager.getFileStatus(OzoneManager.java:3506) ~[ozone-manager-1.3.0-SNAPSHOT.jar:?]
	at org.apache.hadoop.ozone.protocolPB.OzoneManagerRequestHandler.getOzoneFileStatus(OzoneManagerRequestHandler.java:882) ~[ozone-manager-1.3.0-SNAPSHOT.jar:?]
	at org.apache.hadoop.ozone.protocolPB.OzoneManagerRequestHandler.handleReadRequest(OzoneManagerRequestHandler.java:228) ~[ozone-manager-1.3.0-SNAPSHOT.jar:?]
	at org.apache.hadoop.ozone.protocolPB.OzoneManagerProtocolServerSideTranslatorPB.submitRequestDirectlyToOM(OzoneManagerProtocolServerSideTranslatorPB.java:276) ~[ozone-manager-1.3.0-SNAPSHOT.jar:?]
	at org.apache.hadoop.ozone.protocolPB.OzoneManagerProtocolServerSideTranslatorPB.processRequest(OzoneManagerProtocolServerSideTranslatorPB.java:205) ~[ozone-manager-1.3.0-SNAPSHOT.jar:?]
	at org.apache.hadoop.hdds.server.OzoneProtocolMessageDispatcher.processRequest(OzoneProtocolMessageDispatcher.java:87) [hdds-server-framework-1.3.0-SNAPSHOT.jar:?]
	at org.apache.hadoop.ozone.protocolPB.OzoneManagerProtocolServerSideTranslatorPB.submitRequest(OzoneManagerProtocolServerSideTranslatorPB.java:147) [ozone-manager-1.3.0-SNAPSHOT.jar:?]
	at org.apache.hadoop.ozone.protocol.proto.OzoneManagerProtocolProtos$OzoneManagerService$2.callBlockingMethod(OzoneManagerProtocolProtos.java) [ozone-interface-client-1.3.0-SNAPSHOT.jar:?]
	at org.apache.hadoop.ipc.ProtobufRpcEngine$Server.processCall(ProtobufRpcEngine.java:466) [hadoop-common-3.3.1.jar:?]
	at org.apache.hadoop.ipc.ProtobufRpcEngine2$Server$ProtoBufRpcInvoker.call(ProtobufRpcEngine2.java:574) [hadoop-common-3.3.1.jar:?]
	at org.apache.hadoop.ipc.ProtobufRpcEngine2$Server$ProtoBufRpcInvoker.call(ProtobufRpcEngine2.java:552) [hadoop-common-3.3.1.jar:?]
	at org.apache.hadoop.ipc.RPC$Server.call(RPC.java:1093) [hadoop-common-3.3.1.jar:?]
	at org.apache.hadoop.ipc.Server$RpcCall.run(Server.java:1035) [hadoop-common-3.3.1.jar:?]
	at org.apache.hadoop.ipc.Server$RpcCall.run(Server.java:963) [hadoop-common-3.3.1.jar:?]
	at java.security.AccessController.doPrivileged(Native Method) ~[?:1.8.0_345]
	at javax.security.auth.Subject.doAs(Subject.java:422) [?:1.8.0_345]
	at org.apache.hadoop.security.UserGroupInformation.doAs(UserGroupInformation.java:1878) [hadoop-common-3.3.1.jar:?]
	at org.apache.hadoop.ipc.Server$Handler.run(Server.java:2966) [hadoop-common-3.3.1.jar:?]
2022-09-28 15:57:03,519 [Time-limited test] WARN  ozone.BasicOzoneFileSystem (BasicOzoneFileSystem.java:getFileStatus(765)) - GetFileStatus failed for path /testBatchDelete
java.io.FileNotFoundException: testBatchDelete: No such file or directory!
	at org.apache.hadoop.fs.ozone.BasicOzoneClientAdapterImpl.getFileStatus(BasicOzoneClientAdapterImpl.java:369)
	at org.apache.hadoop.fs.ozone.BasicOzoneFileSystem.getFileStatus(BasicOzoneFileSystem.java:757)
	at org.apache.hadoop.fs.FileSystem.exists(FileSystem.java:1760)
	at org.apache.hadoop.fs.ozone.BasicOzoneFileSystem.exists(BasicOzoneFileSystem.java:804)
	at org.apache.hadoop.fs.ozone.TestOzoneFileSystem.testFileDelete(TestOzoneFileSystem.java:532)
	at sun.reflect.NativeMethodAccessorImpl.invoke0(Native Method)
	at sun.reflect.NativeMethodAccessorImpl.invoke(NativeMethodAccessorImpl.java:62)
	at sun.reflect.DelegatingMethodAccessorImpl.invoke(DelegatingMethodAccessorImpl.java:43)
	at java.lang.reflect.Method.invoke(Method.java:498)
	at org.junit.runners.model.FrameworkMethod$1.runReflectiveCall(FrameworkMethod.java:59)
	at org.junit.internal.runners.model.ReflectiveCallable.run(ReflectiveCallable.java:12)
	at org.junit.runners.model.FrameworkMethod.invokeExplosively(FrameworkMethod.java:56)
	at org.junit.internal.runners.statements.InvokeMethod.evaluate(InvokeMethod.java:17)
	at org.junit.internal.runners.statements.RunAfters.evaluate(RunAfters.java:27)
	at org.junit.internal.runners.statements.FailOnTimeout$CallableStatement.call(FailOnTimeout.java:288)
	at org.junit.internal.runners.statements.FailOnTimeout$CallableStatement.call(FailOnTimeout.java:282)
	at java.util.concurrent.FutureTask.run(FutureTask.java:266)
	at java.lang.Thread.run(Thread.java:750)
15:57:03.520 [IPC Server handler 15 on default port 41537] ERROR OMAudit - user=runner | ip=127.0.0.1 | op=GET_FILE_STATUS {volume=volume06113, bucket=bucket59830, key=testBatchDelete/parent/child0, dataSize=0, replicationConfig=null} | ret=FAILURE
org.apache.hadoop.ozone.om.exceptions.OMException: Unable to get file status: volume: volume06113 bucket: bucket59830 key: testBatchDelete/parent/child0
	at org.apache.hadoop.ozone.om.KeyManagerImpl.getOzoneFileStatus(KeyManagerImpl.java:1324) ~[ozone-manager-1.3.0-SNAPSHOT.jar:?]
	at org.apache.hadoop.ozone.om.KeyManagerImpl.getFileStatus(KeyManagerImpl.java:1254) ~[ozone-manager-1.3.0-SNAPSHOT.jar:?]
	at org.apache.hadoop.ozone.om.OzoneManager.getFileStatus(OzoneManager.java:3506) ~[ozone-manager-1.3.0-SNAPSHOT.jar:?]
	at org.apache.hadoop.ozone.protocolPB.OzoneManagerRequestHandler.getOzoneFileStatus(OzoneManagerRequestHandler.java:882) ~[ozone-manager-1.3.0-SNAPSHOT.jar:?]
	at org.apache.hadoop.ozone.protocolPB.OzoneManagerRequestHandler.handleReadRequest(OzoneManagerRequestHandler.java:228) ~[ozone-manager-1.3.0-SNAPSHOT.jar:?]
	at org.apache.hadoop.ozone.protocolPB.OzoneManagerProtocolServerSideTranslatorPB.submitRequestDirectlyToOM(OzoneManagerProtocolServerSideTranslatorPB.java:276) ~[ozone-manager-1.3.0-SNAPSHOT.jar:?]
	at org.apache.hadoop.ozone.protocolPB.OzoneManagerProtocolServerSideTranslatorPB.processRequest(OzoneManagerProtocolServerSideTranslatorPB.java:205) ~[ozone-manager-1.3.0-SNAPSHOT.jar:?]
	at org.apache.hadoop.hdds.server.OzoneProtocolMessageDispatcher.processRequest(OzoneProtocolMessageDispatcher.java:87) [hdds-server-framework-1.3.0-SNAPSHOT.jar:?]
	at org.apache.hadoop.ozone.protocolPB.OzoneManagerProtocolServerSideTranslatorPB.submitRequest(OzoneManagerProtocolServerSideTranslatorPB.java:147) [ozone-manager-1.3.0-SNAPSHOT.jar:?]
	at org.apache.hadoop.ozone.protocol.proto.OzoneManagerProtocolProtos$OzoneManagerService$2.callBlockingMethod(OzoneManagerProtocolProtos.java) [ozone-interface-client-1.3.0-SNAPSHOT.jar:?]
	at org.apache.hadoop.ipc.ProtobufRpcEngine$Server.processCall(ProtobufRpcEngine.java:466) [hadoop-common-3.3.1.jar:?]
	at org.apache.hadoop.ipc.ProtobufRpcEngine2$Server$ProtoBufRpcInvoker.call(ProtobufRpcEngine2.java:574) [hadoop-common-3.3.1.jar:?]
	at org.apache.hadoop.ipc.ProtobufRpcEngine2$Server$ProtoBufRpcInvoker.call(ProtobufRpcEngine2.java:552) [hadoop-common-3.3.1.jar:?]
	at org.apache.hadoop.ipc.RPC$Server.call(RPC.java:1093) [hadoop-common-3.3.1.jar:?]
	at org.apache.hadoop.ipc.Server$RpcCall.run(Server.java:1035) [hadoop-common-3.3.1.jar:?]
	at org.apache.hadoop.ipc.Server$RpcCall.run(Server.java:963) [hadoop-common-3.3.1.jar:?]
	at java.security.AccessController.doPrivileged(Native Method) ~[?:1.8.0_345]
	at javax.security.auth.Subject.doAs(Subject.java:422) [?:1.8.0_345]
	at org.apache.hadoop.security.UserGroupInformation.doAs(UserGroupInformation.java:1878) [hadoop-common-3.3.1.jar:?]
	at org.apache.hadoop.ipc.Server$Handler.run(Server.java:2966) [hadoop-common-3.3.1.jar:?]
2022-09-28 15:57:03,520 [Time-limited test] WARN  ozone.BasicOzoneFileSystem (BasicOzoneFileSystem.java:getFileStatus(765)) - GetFileStatus failed for path /testBatchDelete/parent/child0
java.io.FileNotFoundException: testBatchDelete/parent/child0: No such file or directory!
	at org.apache.hadoop.fs.ozone.BasicOzoneClientAdapterImpl.getFileStatus(BasicOzoneClientAdapterImpl.java:369)
	at org.apache.hadoop.fs.ozone.BasicOzoneFileSystem.getFileStatus(BasicOzoneFileSystem.java:757)
	at org.apache.hadoop.fs.FileSystem.exists(FileSystem.java:1760)
	at org.apache.hadoop.fs.ozone.BasicOzoneFileSystem.exists(BasicOzoneFileSystem.java:804)
	at org.apache.hadoop.fs.ozone.TestOzoneFileSystem.testFileDelete(TestOzoneFileSystem.java:536)
	at sun.reflect.NativeMethodAccessorImpl.invoke0(Native Method)
	at sun.reflect.NativeMethodAccessorImpl.invoke(NativeMethodAccessorImpl.java:62)
	at sun.reflect.DelegatingMethodAccessorImpl.invoke(DelegatingMethodAccessorImpl.java:43)
	at java.lang.reflect.Method.invoke(Method.java:498)
	at org.junit.runners.model.FrameworkMethod$1.runReflectiveCall(FrameworkMethod.java:59)
	at org.junit.internal.runners.model.ReflectiveCallable.run(ReflectiveCallable.java:12)
	at org.junit.runners.model.FrameworkMethod.invokeExplosively(FrameworkMethod.java:56)
	at org.junit.internal.runners.statements.InvokeMethod.evaluate(InvokeMethod.java:17)
	at org.junit.internal.runners.statements.RunAfters.evaluate(RunAfters.java:27)
	at org.junit.internal.runners.statements.FailOnTimeout$CallableStatement.call(FailOnTimeout.java:288)
	at org.junit.internal.runners.statements.FailOnTimeout$CallableStatement.call(FailOnTimeout.java:282)
	at java.util.concurrent.FutureTask.run(FutureTask.java:266)
	at java.lang.Thread.run(Thread.java:750)
15:57:03.520 [IPC Server handler 14 on default port 41537] ERROR OMAudit - user=runner | ip=127.0.0.1 | op=GET_FILE_STATUS {volume=volume06113, bucket=bucket59830, key=testBatchDelete/parent/childFolder/child0, dataSize=0, replicationConfig=null} | ret=FAILURE
org.apache.hadoop.ozone.om.exceptions.OMException: Unable to get file status: volume: volume06113 bucket: bucket59830 key: testBatchDelete/parent/childFolder/child0
	at org.apache.hadoop.ozone.om.KeyManagerImpl.getOzoneFileStatus(KeyManagerImpl.java:1324) ~[ozone-manager-1.3.0-SNAPSHOT.jar:?]
	at org.apache.hadoop.ozone.om.KeyManagerImpl.getFileStatus(KeyManagerImpl.java:1254) ~[ozone-manager-1.3.0-SNAPSHOT.jar:?]
	at org.apache.hadoop.ozone.om.OzoneManager.getFileStatus(OzoneManager.java:3506) ~[ozone-manager-1.3.0-SNAPSHOT.jar:?]
	at org.apache.hadoop.ozone.protocolPB.OzoneManagerRequestHandler.getOzoneFileStatus(OzoneManagerRequestHandler.java:882) ~[ozone-manager-1.3.0-SNAPSHOT.jar:?]
	at org.apache.hadoop.ozone.protocolPB.OzoneManagerRequestHandler.handleReadRequest(OzoneManagerRequestHandler.java:228) ~[ozone-manager-1.3.0-SNAPSHOT.jar:?]
	at org.apache.hadoop.ozone.protocolPB.OzoneManagerProtocolServerSideTranslatorPB.submitRequestDirectlyToOM(OzoneManagerProtocolServerSideTranslatorPB.java:276) ~[ozone-manager-1.3.0-SNAPSHOT.jar:?]
	at org.apache.hadoop.ozone.protocolPB.OzoneManagerProtocolServerSideTranslatorPB.processRequest(OzoneManagerProtocolServerSideTranslatorPB.java:205) ~[ozone-manager-1.3.0-SNAPSHOT.jar:?]
	at org.apache.hadoop.hdds.server.OzoneProtocolMessageDispatcher.processRequest(OzoneProtocolMessageDispatcher.java:87) [hdds-server-framework-1.3.0-SNAPSHOT.jar:?]
	at org.apache.hadoop.ozone.protocolPB.OzoneManagerProtocolServerSideTranslatorPB.submitRequest(OzoneManagerProtocolServerSideTranslatorPB.java:147) [ozone-manager-1.3.0-SNAPSHOT.jar:?]
	at org.apache.hadoop.ozone.protocol.proto.OzoneManagerProtocolProtos$OzoneManagerService$2.callBlockingMethod(OzoneManagerProtocolProtos.java) [ozone-interface-client-1.3.0-SNAPSHOT.jar:?]
	at org.apache.hadoop.ipc.ProtobufRpcEngine$Server.processCall(ProtobufRpcEngine.java:466) [hadoop-common-3.3.1.jar:?]
	at org.apache.hadoop.ipc.ProtobufRpcEngine2$Server$ProtoBufRpcInvoker.call(ProtobufRpcEngine2.java:574) [hadoop-common-3.3.1.jar:?]
	at org.apache.hadoop.ipc.ProtobufRpcEngine2$Server$ProtoBufRpcInvoker.call(ProtobufRpcEngine2.java:552) [hadoop-common-3.3.1.jar:?]
	at org.apache.hadoop.ipc.RPC$Server.call(RPC.java:1093) [hadoop-common-3.3.1.jar:?]
	at org.apache.hadoop.ipc.Server$RpcCall.run(Server.java:1035) [hadoop-common-3.3.1.jar:?]
	at org.apache.hadoop.ipc.Server$RpcCall.run(Server.java:963) [hadoop-common-3.3.1.jar:?]
	at java.security.AccessController.doPrivileged(Native Method) ~[?:1.8.0_345]
	at javax.security.auth.Subject.doAs(Subject.java:422) [?:1.8.0_345]
	at org.apache.hadoop.security.UserGroupInformation.doAs(UserGroupInformation.java:1878) [hadoop-common-3.3.1.jar:?]
	at org.apache.hadoop.ipc.Server$Handler.run(Server.java:2966) [hadoop-common-3.3.1.jar:?]
2022-09-28 15:57:03,521 [Time-limited test] WARN  ozone.BasicOzoneFileSystem (BasicOzoneFileSystem.java:getFileStatus(765)) - GetFileStatus failed for path /testBatchDelete/parent/childFolder/child0
java.io.FileNotFoundException: testBatchDelete/parent/childFolder/child0: No such file or directory!
	at org.apache.hadoop.fs.ozone.BasicOzoneClientAdapterImpl.getFileStatus(BasicOzoneClientAdapterImpl.java:369)
	at org.apache.hadoop.fs.ozone.BasicOzoneFileSystem.getFileStatus(BasicOzoneFileSystem.java:757)
	at org.apache.hadoop.fs.FileSystem.exists(FileSystem.java:1760)
	at org.apache.hadoop.fs.ozone.BasicOzoneFileSystem.exists(BasicOzoneFileSystem.java:804)
	at org.apache.hadoop.fs.ozone.TestOzoneFileSystem.testFileDelete(TestOzoneFileSystem.java:541)
	at sun.reflect.NativeMethodAccessorImpl.invoke0(Native Method)
	at sun.reflect.NativeMethodAccessorImpl.invoke(NativeMethodAccessorImpl.java:62)
	at sun.reflect.DelegatingMethodAccessorImpl.invoke(DelegatingMethodAccessorImpl.java:43)
	at java.lang.reflect.Method.invoke(Method.java:498)
	at org.junit.runners.model.FrameworkMethod$1.runReflectiveCall(FrameworkMethod.java:59)
	at org.junit.internal.runners.model.ReflectiveCallable.run(ReflectiveCallable.java:12)
	at org.junit.runners.model.FrameworkMethod.invokeExplosively(FrameworkMethod.java:56)
	at org.junit.internal.runners.statements.InvokeMethod.evaluate(InvokeMethod.java:17)
	at org.junit.internal.runners.statements.RunAfters.evaluate(RunAfters.java:27)
	at org.junit.internal.runners.statements.FailOnTimeout$CallableStatement.call(FailOnTimeout.java:288)
	at org.junit.internal.runners.statements.FailOnTimeout$CallableStatement.call(FailOnTimeout.java:282)
	at java.util.concurrent.FutureTask.run(FutureTask.java:266)
	at java.lang.Thread.run(Thread.java:750)
15:57:03.521 [IPC Server handler 17 on default port 41537] ERROR OMAudit - user=runner | ip=127.0.0.1 | op=GET_FILE_STATUS {volume=volume06113, bucket=bucket59830, key=testBatchDelete/parent/child1, dataSize=0, replicationConfig=null} | ret=FAILURE
org.apache.hadoop.ozone.om.exceptions.OMException: Unable to get file status: volume: volume06113 bucket: bucket59830 key: testBatchDelete/parent/child1
	at org.apache.hadoop.ozone.om.KeyManagerImpl.getOzoneFileStatus(KeyManagerImpl.java:1324) ~[ozone-manager-1.3.0-SNAPSHOT.jar:?]
	at org.apache.hadoop.ozone.om.KeyManagerImpl.getFileStatus(KeyManagerImpl.java:1254) ~[ozone-manager-1.3.0-SNAPSHOT.jar:?]
	at org.apache.hadoop.ozone.om.OzoneManager.getFileStatus(OzoneManager.java:3506) ~[ozone-manager-1.3.0-SNAPSHOT.jar:?]
	at org.apache.hadoop.ozone.protocolPB.OzoneManagerRequestHandler.getOzoneFileStatus(OzoneManagerRequestHandler.java:882) ~[ozone-manager-1.3.0-SNAPSHOT.jar:?]
	at org.apache.hadoop.ozone.protocolPB.OzoneManagerRequestHandler.handleReadRequest(OzoneManagerRequestHandler.java:228) ~[ozone-manager-1.3.0-SNAPSHOT.jar:?]
	at org.apache.hadoop.ozone.protocolPB.OzoneManagerProtocolServerSideTranslatorPB.submitRequestDirectlyToOM(OzoneManagerProtocolServerSideTranslatorPB.java:276) ~[ozone-manager-1.3.0-SNAPSHOT.jar:?]
	at org.apache.hadoop.ozone.protocolPB.OzoneManagerProtocolServerSideTranslatorPB.processRequest(OzoneManagerProtocolServerSideTranslatorPB.java:205) ~[ozone-manager-1.3.0-SNAPSHOT.jar:?]
	at org.apache.hadoop.hdds.server.OzoneProtocolMessageDispatcher.processRequest(OzoneProtocolMessageDispatcher.java:87) [hdds-server-framework-1.3.0-SNAPSHOT.jar:?]
	at org.apache.hadoop.ozone.protocolPB.OzoneManagerProtocolServerSideTranslatorPB.submitRequest(OzoneManagerProtocolServerSideTranslatorPB.java:147) [ozone-manager-1.3.0-SNAPSHOT.jar:?]
	at org.apache.hadoop.ozone.protocol.proto.OzoneManagerProtocolProtos$OzoneManagerService$2.callBlockingMethod(OzoneManagerProtocolProtos.java) [ozone-interface-client-1.3.0-SNAPSHOT.jar:?]
	at org.apache.hadoop.ipc.ProtobufRpcEngine$Server.processCall(ProtobufRpcEngine.java:466) [hadoop-common-3.3.1.jar:?]
	at org.apache.hadoop.ipc.ProtobufRpcEngine2$Server$ProtoBufRpcInvoker.call(ProtobufRpcEngine2.java:574) [hadoop-common-3.3.1.jar:?]
	at org.apache.hadoop.ipc.ProtobufRpcEngine2$Server$ProtoBufRpcInvoker.call(ProtobufRpcEngine2.java:552) [hadoop-common-3.3.1.jar:?]
	at org.apache.hadoop.ipc.RPC$Server.call(RPC.java:1093) [hadoop-common-3.3.1.jar:?]
	at org.apache.hadoop.ipc.Server$RpcCall.run(Server.java:1035) [hadoop-common-3.3.1.jar:?]
	at org.apache.hadoop.ipc.Server$RpcCall.run(Server.java:963) [hadoop-common-3.3.1.jar:?]
	at java.security.AccessController.doPrivileged(Native Method) ~[?:1.8.0_345]
	at javax.security.auth.Subject.doAs(Subject.java:422) [?:1.8.0_345]
	at org.apache.hadoop.security.UserGroupInformation.doAs(UserGroupInformation.java:1878) [hadoop-common-3.3.1.jar:?]
	at org.apache.hadoop.ipc.Server$Handler.run(Server.java:2966) [hadoop-common-3.3.1.jar:?]
2022-09-28 15:57:03,522 [Time-limited test] WARN  ozone.BasicOzoneFileSystem (BasicOzoneFileSystem.java:getFileStatus(765)) - GetFileStatus failed for path /testBatchDelete/parent/child1
java.io.FileNotFoundException: testBatchDelete/parent/child1: No such file or directory!
	at org.apache.hadoop.fs.ozone.BasicOzoneClientAdapterImpl.getFileStatus(BasicOzoneClientAdapterImpl.java:369)
	at org.apache.hadoop.fs.ozone.BasicOzoneFileSystem.getFileStatus(BasicOzoneFileSystem.java:757)
	at org.apache.hadoop.fs.FileSystem.exists(FileSystem.java:1760)
	at org.apache.hadoop.fs.ozone.BasicOzoneFileSystem.exists(BasicOzoneFileSystem.java:804)
	at org.apache.hadoop.fs.ozone.TestOzoneFileSystem.testFileDelete(TestOzoneFileSystem.java:536)
	at sun.reflect.NativeMethodAccessorImpl.invoke0(Native Method)
	at sun.reflect.NativeMethodAccessorImpl.invoke(NativeMethodAccessorImpl.java:62)
	at sun.reflect.DelegatingMethodAccessorImpl.invoke(DelegatingMethodAccessorImpl.java:43)
	at java.lang.reflect.Method.invoke(Method.java:498)
	at org.junit.runners.model.FrameworkMethod$1.runReflectiveCall(FrameworkMethod.java:59)
	at org.junit.internal.runners.model.ReflectiveCallable.run(ReflectiveCallable.java:12)
	at org.junit.runners.model.FrameworkMethod.invokeExplosively(FrameworkMethod.java:56)
	at org.junit.internal.runners.statements.InvokeMethod.evaluate(InvokeMethod.java:17)
	at org.junit.internal.runners.statements.RunAfters.evaluate(RunAfters.java:27)
	at org.junit.internal.runners.statements.FailOnTimeout$CallableStatement.call(FailOnTimeout.java:288)
	at org.junit.internal.runners.statements.FailOnTimeout$CallableStatement.call(FailOnTimeout.java:282)
	at java.util.concurrent.FutureTask.run(FutureTask.java:266)
	at java.lang.Thread.run(Thread.java:750)
15:57:03.522 [IPC Server handler 12 on default port 41537] ERROR OMAudit - user=runner | ip=127.0.0.1 | op=GET_FILE_STATUS {volume=volume06113, bucket=bucket59830, key=testBatchDelete/parent/childFolder/child1, dataSize=0, replicationConfig=null} | ret=FAILURE
org.apache.hadoop.ozone.om.exceptions.OMException: Unable to get file status: volume: volume06113 bucket: bucket59830 key: testBatchDelete/parent/childFolder/child1
	at org.apache.hadoop.ozone.om.KeyManagerImpl.getOzoneFileStatus(KeyManagerImpl.java:1324) ~[ozone-manager-1.3.0-SNAPSHOT.jar:?]
	at org.apache.hadoop.ozone.om.KeyManagerImpl.getFileStatus(KeyManagerImpl.java:1254) ~[ozone-manager-1.3.0-SNAPSHOT.jar:?]
	at org.apache.hadoop.ozone.om.OzoneManager.getFileStatus(OzoneManager.java:3506) ~[ozone-manager-1.3.0-SNAPSHOT.jar:?]
	at org.apache.hadoop.ozone.protocolPB.OzoneManagerRequestHandler.getOzoneFileStatus(OzoneManagerRequestHandler.java:882) ~[ozone-manager-1.3.0-SNAPSHOT.jar:?]
	at org.apache.hadoop.ozone.protocolPB.OzoneManagerRequestHandler.handleReadRequest(OzoneManagerRequestHandler.java:228) ~[ozone-manager-1.3.0-SNAPSHOT.jar:?]
	at org.apache.hadoop.ozone.protocolPB.OzoneManagerProtocolServerSideTranslatorPB.submitRequestDirectlyToOM(OzoneManagerProtocolServerSideTranslatorPB.java:276) ~[ozone-manager-1.3.0-SNAPSHOT.jar:?]
	at org.apache.hadoop.ozone.protocolPB.OzoneManagerProtocolServerSideTranslatorPB.processRequest(OzoneManagerProtocolServerSideTranslatorPB.java:205) ~[ozone-manager-1.3.0-SNAPSHOT.jar:?]
	at org.apache.hadoop.hdds.server.OzoneProtocolMessageDispatcher.processRequest(OzoneProtocolMessageDispatcher.java:87) [hdds-server-framework-1.3.0-SNAPSHOT.jar:?]
	at org.apache.hadoop.ozone.protocolPB.OzoneManagerProtocolServerSideTranslatorPB.submitRequest(OzoneManagerProtocolServerSideTranslatorPB.java:147) [ozone-manager-1.3.0-SNAPSHOT.jar:?]
	at org.apache.hadoop.ozone.protocol.proto.OzoneManagerProtocolProtos$OzoneManagerService$2.callBlockingMethod(OzoneManagerProtocolProtos.java) [ozone-interface-client-1.3.0-SNAPSHOT.jar:?]
	at org.apache.hadoop.ipc.ProtobufRpcEngine$Server.processCall(ProtobufRpcEngine.java:466) [hadoop-common-3.3.1.jar:?]
	at org.apache.hadoop.ipc.ProtobufRpcEngine2$Server$ProtoBufRpcInvoker.call(ProtobufRpcEngine2.java:574) [hadoop-common-3.3.1.jar:?]
	at org.apache.hadoop.ipc.ProtobufRpcEngine2$Server$ProtoBufRpcInvoker.call(ProtobufRpcEngine2.java:552) [hadoop-common-3.3.1.jar:?]
	at org.apache.hadoop.ipc.RPC$Server.call(RPC.java:1093) [hadoop-common-3.3.1.jar:?]
	at org.apache.hadoop.ipc.Server$RpcCall.run(Server.java:1035) [hadoop-common-3.3.1.jar:?]
	at org.apache.hadoop.ipc.Server$RpcCall.run(Server.java:963) [hadoop-common-3.3.1.jar:?]
	at java.security.AccessController.doPrivileged(Native Method) ~[?:1.8.0_345]
	at javax.security.auth.Subject.doAs(Subject.java:422) [?:1.8.0_345]
	at org.apache.hadoop.security.UserGroupInformation.doAs(UserGroupInformation.java:1878) [hadoop-common-3.3.1.jar:?]
	at org.apache.hadoop.ipc.Server$Handler.run(Server.java:2966) [hadoop-common-3.3.1.jar:?]
2022-09-28 15:57:03,522 [Time-limited test] WARN  ozone.BasicOzoneFileSystem (BasicOzoneFileSystem.java:getFileStatus(765)) - GetFileStatus failed for path /testBatchDelete/parent/childFolder/child1
java.io.FileNotFoundException: testBatchDelete/parent/childFolder/child1: No such file or directory!
	at org.apache.hadoop.fs.ozone.BasicOzoneClientAdapterImpl.getFileStatus(BasicOzoneClientAdapterImpl.java:369)
	at org.apache.hadoop.fs.ozone.BasicOzoneFileSystem.getFileStatus(BasicOzoneFileSystem.java:757)
	at org.apache.hadoop.fs.FileSystem.exists(FileSystem.java:1760)
	at org.apache.hadoop.fs.ozone.BasicOzoneFileSystem.exists(BasicOzoneFileSystem.java:804)
	at org.apache.hadoop.fs.ozone.TestOzoneFileSystem.testFileDelete(TestOzoneFileSystem.java:541)
	at sun.reflect.NativeMethodAccessorImpl.invoke0(Native Method)
	at sun.reflect.NativeMethodAccessorImpl.invoke(NativeMethodAccessorImpl.java:62)
	at sun.reflect.DelegatingMethodAccessorImpl.invoke(DelegatingMethodAccessorImpl.java:43)
	at java.lang.reflect.Method.invoke(Method.java:498)
	at org.junit.runners.model.FrameworkMethod$1.runReflectiveCall(FrameworkMethod.java:59)
	at org.junit.internal.runners.model.ReflectiveCallable.run(ReflectiveCallable.java:12)
	at org.junit.runners.model.FrameworkMethod.invokeExplosively(FrameworkMethod.java:56)
	at org.junit.internal.runners.statements.InvokeMethod.evaluate(InvokeMethod.java:17)
	at org.junit.internal.runners.statements.RunAfters.evaluate(RunAfters.java:27)
	at org.junit.internal.runners.statements.FailOnTimeout$CallableStatement.call(FailOnTimeout.java:288)
	at org.junit.internal.runners.statements.FailOnTimeout$CallableStatement.call(FailOnTimeout.java:282)
	at java.util.concurrent.FutureTask.run(FutureTask.java:266)
	at java.lang.Thread.run(Thread.java:750)
15:57:03.523 [IPC Server handler 18 on default port 41537] ERROR OMAudit - user=runner | ip=127.0.0.1 | op=GET_FILE_STATUS {volume=volume06113, bucket=bucket59830, key=testBatchDelete/parent/child2, dataSize=0, replicationConfig=null} | ret=FAILURE
org.apache.hadoop.ozone.om.exceptions.OMException: Unable to get file status: volume: volume06113 bucket: bucket59830 key: testBatchDelete/parent/child2
	at org.apache.hadoop.ozone.om.KeyManagerImpl.getOzoneFileStatus(KeyManagerImpl.java:1324) ~[ozone-manager-1.3.0-SNAPSHOT.jar:?]
	at org.apache.hadoop.ozone.om.KeyManagerImpl.getFileStatus(KeyManagerImpl.java:1254) ~[ozone-manager-1.3.0-SNAPSHOT.jar:?]
	at org.apache.hadoop.ozone.om.OzoneManager.getFileStatus(OzoneManager.java:3506) ~[ozone-manager-1.3.0-SNAPSHOT.jar:?]
	at org.apache.hadoop.ozone.protocolPB.OzoneManagerRequestHandler.getOzoneFileStatus(OzoneManagerRequestHandler.java:882) ~[ozone-manager-1.3.0-SNAPSHOT.jar:?]
	at org.apache.hadoop.ozone.protocolPB.OzoneManagerRequestHandler.handleReadRequest(OzoneManagerRequestHandler.java:228) ~[ozone-manager-1.3.0-SNAPSHOT.jar:?]
	at org.apache.hadoop.ozone.protocolPB.OzoneManagerProtocolServerSideTranslatorPB.submitRequestDirectlyToOM(OzoneManagerProtocolServerSideTranslatorPB.java:276) ~[ozone-manager-1.3.0-SNAPSHOT.jar:?]
	at org.apache.hadoop.ozone.protocolPB.OzoneManagerProtocolServerSideTranslatorPB.processRequest(OzoneManagerProtocolServerSideTranslatorPB.java:205) ~[ozone-manager-1.3.0-SNAPSHOT.jar:?]
	at org.apache.hadoop.hdds.server.OzoneProtocolMessageDispatcher.processRequest(OzoneProtocolMessageDispatcher.java:87) [hdds-server-framework-1.3.0-SNAPSHOT.jar:?]
	at org.apache.hadoop.ozone.protocolPB.OzoneManagerProtocolServerSideTranslatorPB.submitRequest(OzoneManagerProtocolServerSideTranslatorPB.java:147) [ozone-manager-1.3.0-SNAPSHOT.jar:?]
	at org.apache.hadoop.ozone.protocol.proto.OzoneManagerProtocolProtos$OzoneManagerService$2.callBlockingMethod(OzoneManagerProtocolProtos.java) [ozone-interface-client-1.3.0-SNAPSHOT.jar:?]
	at org.apache.hadoop.ipc.ProtobufRpcEngine$Server.processCall(ProtobufRpcEngine.java:466) [hadoop-common-3.3.1.jar:?]
	at org.apache.hadoop.ipc.ProtobufRpcEngine2$Server$ProtoBufRpcInvoker.call(ProtobufRpcEngine2.java:574) [hadoop-common-3.3.1.jar:?]
	at org.apache.hadoop.ipc.ProtobufRpcEngine2$Server$ProtoBufRpcInvoker.call(ProtobufRpcEngine2.java:552) [hadoop-common-3.3.1.jar:?]
	at org.apache.hadoop.ipc.RPC$Server.call(RPC.java:1093) [hadoop-common-3.3.1.jar:?]
	at org.apache.hadoop.ipc.Server$RpcCall.run(Server.java:1035) [hadoop-common-3.3.1.jar:?]
	at org.apache.hadoop.ipc.Server$RpcCall.run(Server.java:963) [hadoop-common-3.3.1.jar:?]
	at java.security.AccessController.doPrivileged(Native Method) ~[?:1.8.0_345]
	at javax.security.auth.Subject.doAs(Subject.java:422) [?:1.8.0_345]
	at org.apache.hadoop.security.UserGroupInformation.doAs(UserGroupInformation.java:1878) [hadoop-common-3.3.1.jar:?]
	at org.apache.hadoop.ipc.Server$Handler.run(Server.java:2966) [hadoop-common-3.3.1.jar:?]
2022-09-28 15:57:03,523 [Time-limited test] WARN  ozone.BasicOzoneFileSystem (BasicOzoneFileSystem.java:getFileStatus(765)) - GetFileStatus failed for path /testBatchDelete/parent/child2
java.io.FileNotFoundException: testBatchDelete/parent/child2: No such file or directory!
	at org.apache.hadoop.fs.ozone.BasicOzoneClientAdapterImpl.getFileStatus(BasicOzoneClientAdapterImpl.java:369)
	at org.apache.hadoop.fs.ozone.BasicOzoneFileSystem.getFileStatus(BasicOzoneFileSystem.java:757)
	at org.apache.hadoop.fs.FileSystem.exists(FileSystem.java:1760)
	at org.apache.hadoop.fs.ozone.BasicOzoneFileSystem.exists(BasicOzoneFileSystem.java:804)
	at org.apache.hadoop.fs.ozone.TestOzoneFileSystem.testFileDelete(TestOzoneFileSystem.java:536)
	at sun.reflect.NativeMethodAccessorImpl.invoke0(Native Method)
	at sun.reflect.NativeMethodAccessorImpl.invoke(NativeMethodAccessorImpl.java:62)
	at sun.reflect.DelegatingMethodAccessorImpl.invoke(DelegatingMethodAccessorImpl.java:43)
	at java.lang.reflect.Method.invoke(Method.java:498)
	at org.junit.runners.model.FrameworkMethod$1.runReflectiveCall(FrameworkMethod.java:59)
	at org.junit.internal.runners.model.ReflectiveCallable.run(ReflectiveCallable.java:12)
	at org.junit.runners.model.FrameworkMethod.invokeExplosively(FrameworkMethod.java:56)
	at org.junit.internal.runners.statements.InvokeMethod.evaluate(InvokeMethod.java:17)
	at org.junit.internal.runners.statements.RunAfters.evaluate(RunAfters.java:27)
	at org.junit.internal.runners.statements.FailOnTimeout$CallableStatement.call(FailOnTimeout.java:288)
	at org.junit.internal.runners.statements.FailOnTimeout$CallableStatement.call(FailOnTimeout.java:282)
	at java.util.concurrent.FutureTask.run(FutureTask.java:266)
	at java.lang.Thread.run(Thread.java:750)
15:57:03.523 [IPC Server handler 11 on default port 41537] ERROR OMAudit - user=runner | ip=127.0.0.1 | op=GET_FILE_STATUS {volume=volume06113, bucket=bucket59830, key=testBatchDelete/parent/childFolder/child2, dataSize=0, replicationConfig=null} | ret=FAILURE
org.apache.hadoop.ozone.om.exceptions.OMException: Unable to get file status: volume: volume06113 bucket: bucket59830 key: testBatchDelete/parent/childFolder/child2
	at org.apache.hadoop.ozone.om.KeyManagerImpl.getOzoneFileStatus(KeyManagerImpl.java:1324) ~[ozone-manager-1.3.0-SNAPSHOT.jar:?]
	at org.apache.hadoop.ozone.om.KeyManagerImpl.getFileStatus(KeyManagerImpl.java:1254) ~[ozone-manager-1.3.0-SNAPSHOT.jar:?]
	at org.apache.hadoop.ozone.om.OzoneManager.getFileStatus(OzoneManager.java:3506) ~[ozone-manager-1.3.0-SNAPSHOT.jar:?]
	at org.apache.hadoop.ozone.protocolPB.OzoneManagerRequestHandler.getOzoneFileStatus(OzoneManagerRequestHandler.java:882) ~[ozone-manager-1.3.0-SNAPSHOT.jar:?]
	at org.apache.hadoop.ozone.protocolPB.OzoneManagerRequestHandler.handleReadRequest(OzoneManagerRequestHandler.java:228) ~[ozone-manager-1.3.0-SNAPSHOT.jar:?]
	at org.apache.hadoop.ozone.protocolPB.OzoneManagerProtocolServerSideTranslatorPB.submitRequestDirectlyToOM(OzoneManagerProtocolServerSideTranslatorPB.java:276) ~[ozone-manager-1.3.0-SNAPSHOT.jar:?]
	at org.apache.hadoop.ozone.protocolPB.OzoneManagerProtocolServerSideTranslatorPB.processRequest(OzoneManagerProtocolServerSideTranslatorPB.java:205) ~[ozone-manager-1.3.0-SNAPSHOT.jar:?]
	at org.apache.hadoop.hdds.server.OzoneProtocolMessageDispatcher.processRequest(OzoneProtocolMessageDispatcher.java:87) [hdds-server-framework-1.3.0-SNAPSHOT.jar:?]
	at org.apache.hadoop.ozone.protocolPB.OzoneManagerProtocolServerSideTranslatorPB.submitRequest(OzoneManagerProtocolServerSideTranslatorPB.java:147) [ozone-manager-1.3.0-SNAPSHOT.jar:?]
	at org.apache.hadoop.ozone.protocol.proto.OzoneManagerProtocolProtos$OzoneManagerService$2.callBlockingMethod(OzoneManagerProtocolProtos.java) [ozone-interface-client-1.3.0-SNAPSHOT.jar:?]
	at org.apache.hadoop.ipc.ProtobufRpcEngine$Server.processCall(ProtobufRpcEngine.java:466) [hadoop-common-3.3.1.jar:?]
	at org.apache.hadoop.ipc.ProtobufRpcEngine2$Server$ProtoBufRpcInvoker.call(ProtobufRpcEngine2.java:574) [hadoop-common-3.3.1.jar:?]
	at org.apache.hadoop.ipc.ProtobufRpcEngine2$Server$ProtoBufRpcInvoker.call(ProtobufRpcEngine2.java:552) [hadoop-common-3.3.1.jar:?]
	at org.apache.hadoop.ipc.RPC$Server.call(RPC.java:1093) [hadoop-common-3.3.1.jar:?]
	at org.apache.hadoop.ipc.Server$RpcCall.run(Server.java:1035) [hadoop-common-3.3.1.jar:?]
	at org.apache.hadoop.ipc.Server$RpcCall.run(Server.java:963) [hadoop-common-3.3.1.jar:?]
	at java.security.AccessController.doPrivileged(Native Method) ~[?:1.8.0_345]
	at javax.security.auth.Subject.doAs(Subject.java:422) [?:1.8.0_345]
	at org.apache.hadoop.security.UserGroupInformation.doAs(UserGroupInformation.java:1878) [hadoop-common-3.3.1.jar:?]
	at org.apache.hadoop.ipc.Server$Handler.run(Server.java:2966) [hadoop-common-3.3.1.jar:?]
2022-09-28 15:57:03,529 [34248cef-dc81-419d-a997-c38b939b47d3@group-BABD911B9D66-FollowerState] INFO  impl.FollowerState (FollowerState.java:run(143)) - 34248cef-dc81-419d-a997-c38b939b47d3@group-BABD911B9D66-FollowerState: change to CANDIDATE, lastRpcElapsedTime:5123165614ns, electionTimeout:5054ms
2022-09-28 15:57:03,529 [34248cef-dc81-419d-a997-c38b939b47d3@group-BABD911B9D66-FollowerState] INFO  impl.RoleInfo (RoleInfo.java:shutdownFollowerState(110)) - 34248cef-dc81-419d-a997-c38b939b47d3: shutdown 34248cef-dc81-419d-a997-c38b939b47d3@group-BABD911B9D66-FollowerState
2022-09-28 15:57:03,529 [34248cef-dc81-419d-a997-c38b939b47d3@group-BABD911B9D66-FollowerState] INFO  server.RaftServer$Division (RaftServerImpl.java:setRole(299)) - 34248cef-dc81-419d-a997-c38b939b47d3@group-BABD911B9D66: changes role from  FOLLOWER to CANDIDATE at term 3 for changeToCandidate
2022-09-28 15:57:03,529 [34248cef-dc81-419d-a997-c38b939b47d3@group-BABD911B9D66-FollowerState] INFO  server.RaftServerConfigKeys (ConfUtils.java:logGet(46)) - raft.server.leaderelection.pre-vote = false (custom)
2022-09-28 15:57:03,529 [34248cef-dc81-419d-a997-c38b939b47d3@group-BABD911B9D66-FollowerState] INFO  impl.RoleInfo (RoleInfo.java:updateAndGet(139)) - 34248cef-dc81-419d-a997-c38b939b47d3: start 34248cef-dc81-419d-a997-c38b939b47d3@group-BABD911B9D66-LeaderElection53
2022-09-28 15:57:03,535 [Time-limited test] WARN  ozone.BasicOzoneFileSystem (BasicOzoneFileSystem.java:getFileStatus(765)) - GetFileStatus failed for path /testBatchDelete/parent/childFolder/child2
java.io.FileNotFoundException: testBatchDelete/parent/childFolder/child2: No such file or directory!
	at org.apache.hadoop.fs.ozone.BasicOzoneClientAdapterImpl.getFileStatus(BasicOzoneClientAdapterImpl.java:369)
	at org.apache.hadoop.fs.ozone.BasicOzoneFileSystem.getFileStatus(BasicOzoneFileSystem.java:757)
	at org.apache.hadoop.fs.FileSystem.exists(FileSystem.java:1760)
	at org.apache.hadoop.fs.ozone.BasicOzoneFileSystem.exists(BasicOzoneFileSystem.java:804)
	at org.apache.hadoop.fs.ozone.TestOzoneFileSystem.testFileDelete(TestOzoneFileSystem.java:541)
	at sun.reflect.NativeMethodAccessorImpl.invoke0(Native Method)
	at sun.reflect.NativeMethodAccessorImpl.invoke(NativeMethodAccessorImpl.java:62)
	at sun.reflect.DelegatingMethodAccessorImpl.invoke(DelegatingMethodAccessorImpl.java:43)
	at java.lang.reflect.Method.invoke(Method.java:498)
	at org.junit.runners.model.FrameworkMethod$1.runReflectiveCall(FrameworkMethod.java:59)
	at org.junit.internal.runners.model.ReflectiveCallable.run(ReflectiveCallable.java:12)
	at org.junit.runners.model.FrameworkMethod.invokeExplosively(FrameworkMethod.java:56)
	at org.junit.internal.runners.statements.InvokeMethod.evaluate(InvokeMethod.java:17)
	at org.junit.internal.runners.statements.RunAfters.evaluate(RunAfters.java:27)
	at org.junit.internal.runners.statements.FailOnTimeout$CallableStatement.call(FailOnTimeout.java:288)
	at org.junit.internal.runners.statements.FailOnTimeout$CallableStatement.call(FailOnTimeout.java:282)
	at java.util.concurrent.FutureTask.run(FutureTask.java:266)
	at java.lang.Thread.run(Thread.java:750)
15:57:03.536 [IPC Server handler 3 on default port 41537] ERROR OMAudit - user=runner | ip=127.0.0.1 | op=GET_FILE_STATUS {volume=volume06113, bucket=bucket59830, key=testBatchDelete/parent/child3, dataSize=0, replicationConfig=null} | ret=FAILURE
org.apache.hadoop.ozone.om.exceptions.OMException: Unable to get file status: volume: volume06113 bucket: bucket59830 key: testBatchDelete/parent/child3
	at org.apache.hadoop.ozone.om.KeyManagerImpl.getOzoneFileStatus(KeyManagerImpl.java:1324) ~[ozone-manager-1.3.0-SNAPSHOT.jar:?]
	at org.apache.hadoop.ozone.om.KeyManagerImpl.getFileStatus(KeyManagerImpl.java:1254) ~[ozone-manager-1.3.0-SNAPSHOT.jar:?]
	at org.apache.hadoop.ozone.om.OzoneManager.getFileStatus(OzoneManager.java:3506) ~[ozone-manager-1.3.0-SNAPSHOT.jar:?]
	at org.apache.hadoop.ozone.protocolPB.OzoneManagerRequestHandler.getOzoneFileStatus(OzoneManagerRequestHandler.java:882) ~[ozone-manager-1.3.0-SNAPSHOT.jar:?]
	at org.apache.hadoop.ozone.protocolPB.OzoneManagerRequestHandler.handleReadRequest(OzoneManagerRequestHandler.java:228) ~[ozone-manager-1.3.0-SNAPSHOT.jar:?]
	at org.apache.hadoop.ozone.protocolPB.OzoneManagerProtocolServerSideTranslatorPB.submitRequestDirectlyToOM(OzoneManagerProtocolServerSideTranslatorPB.java:276) ~[ozone-manager-1.3.0-SNAPSHOT.jar:?]
	at org.apache.hadoop.ozone.protocolPB.OzoneManagerProtocolServerSideTranslatorPB.processRequest(OzoneManagerProtocolServerSideTranslatorPB.java:205) ~[ozone-manager-1.3.0-SNAPSHOT.jar:?]
	at org.apache.hadoop.hdds.server.OzoneProtocolMessageDispatcher.processRequest(OzoneProtocolMessageDispatcher.java:87) [hdds-server-framework-1.3.0-SNAPSHOT.jar:?]
	at org.apache.hadoop.ozone.protocolPB.OzoneManagerProtocolServerSideTranslatorPB.submitRequest(OzoneManagerProtocolServerSideTranslatorPB.java:147) [ozone-manager-1.3.0-SNAPSHOT.jar:?]
	at org.apache.hadoop.ozone.protocol.proto.OzoneManagerProtocolProtos$OzoneManagerService$2.callBlockingMethod(OzoneManagerProtocolProtos.java) [ozone-interface-client-1.3.0-SNAPSHOT.jar:?]
	at org.apache.hadoop.ipc.ProtobufRpcEngine$Server.processCall(ProtobufRpcEngine.java:466) [hadoop-common-3.3.1.jar:?]
	at org.apache.hadoop.ipc.ProtobufRpcEngine2$Server$ProtoBufRpcInvoker.call(ProtobufRpcEngine2.java:574) [hadoop-common-3.3.1.jar:?]
	at org.apache.hadoop.ipc.ProtobufRpcEngine2$Server$ProtoBufRpcInvoker.call(ProtobufRpcEngine2.java:552) [hadoop-common-3.3.1.jar:?]
	at org.apache.hadoop.ipc.RPC$Server.call(RPC.java:1093) [hadoop-common-3.3.1.jar:?]
	at org.apache.hadoop.ipc.Server$RpcCall.run(Server.java:1035) [hadoop-common-3.3.1.jar:?]
	at org.apache.hadoop.ipc.Server$RpcCall.run(Server.java:963) [hadoop-common-3.3.1.jar:?]
	at java.security.AccessController.doPrivileged(Native Method) ~[?:1.8.0_345]
	at javax.security.auth.Subject.doAs(Subject.java:422) [?:1.8.0_345]
	at org.apache.hadoop.security.UserGroupInformation.doAs(UserGroupInformation.java:1878) [hadoop-common-3.3.1.jar:?]
	at org.apache.hadoop.ipc.Server$Handler.run(Server.java:2966) [hadoop-common-3.3.1.jar:?]
2022-09-28 15:57:03,587 [Time-limited test] WARN  ozone.BasicOzoneFileSystem (BasicOzoneFileSystem.java:getFileStatus(765)) - GetFileStatus failed for path /testBatchDelete/parent/child3
java.io.FileNotFoundException: testBatchDelete/parent/child3: No such file or directory!
	at org.apache.hadoop.fs.ozone.BasicOzoneClientAdapterImpl.getFileStatus(BasicOzoneClientAdapterImpl.java:369)
	at org.apache.hadoop.fs.ozone.BasicOzoneFileSystem.getFileStatus(BasicOzoneFileSystem.java:757)
	at org.apache.hadoop.fs.FileSystem.exists(FileSystem.java:1760)
	at org.apache.hadoop.fs.ozone.BasicOzoneFileSystem.exists(BasicOzoneFileSystem.java:804)
	at org.apache.hadoop.fs.ozone.TestOzoneFileSystem.testFileDelete(TestOzoneFileSystem.java:536)
	at sun.reflect.NativeMethodAccessorImpl.invoke0(Native Method)
	at sun.reflect.NativeMethodAccessorImpl.invoke(NativeMethodAccessorImpl.java:62)
	at sun.reflect.DelegatingMethodAccessorImpl.invoke(DelegatingMethodAccessorImpl.java:43)
	at java.lang.reflect.Method.invoke(Method.java:498)
	at org.junit.runners.model.FrameworkMethod$1.runReflectiveCall(FrameworkMethod.java:59)
	at org.junit.internal.runners.model.ReflectiveCallable.run(ReflectiveCallable.java:12)
	at org.junit.runners.model.FrameworkMethod.invokeExplosively(FrameworkMethod.java:56)
	at org.junit.internal.runners.statements.InvokeMethod.evaluate(InvokeMethod.java:17)
	at org.junit.internal.runners.statements.RunAfters.evaluate(RunAfters.java:27)
	at org.junit.internal.runners.statements.FailOnTimeout$CallableStatement.call(FailOnTimeout.java:288)
	at org.junit.internal.runners.statements.FailOnTimeout$CallableStatement.call(FailOnTimeout.java:282)
	at java.util.concurrent.FutureTask.run(FutureTask.java:266)
	at java.lang.Thread.run(Thread.java:750)
2022-09-28 15:57:03,587 [34248cef-dc81-419d-a997-c38b939b47d3@group-BABD911B9D66-LeaderElection53] INFO  impl.LeaderElection (LeaderElection.java:askForVotes(310)) - 34248cef-dc81-419d-a997-c38b939b47d3@group-BABD911B9D66-LeaderElection53 ELECTION round 0: submit vote requests at term 4 for -1: [8c5cbec5-1e98-45a3-8a83-5527ccbe40ad|rpc:10.1.1.55:44337|dataStream:|priority:0, 34248cef-dc81-419d-a997-c38b939b47d3|rpc:10.1.1.55:45713|dataStream:|priority:1, 0f80ef1a-6e1f-426a-9fb6-49677c19ba92|rpc:10.1.1.55:46649|dataStream:|priority:0], old=null
15:57:03.588 [IPC Server handler 19 on default port 41537] ERROR OMAudit - user=runner | ip=127.0.0.1 | op=GET_FILE_STATUS {volume=volume06113, bucket=bucket59830, key=testBatchDelete/parent/childFolder/child3, dataSize=0, replicationConfig=null} | ret=FAILURE
org.apache.hadoop.ozone.om.exceptions.OMException: Unable to get file status: volume: volume06113 bucket: bucket59830 key: testBatchDelete/parent/childFolder/child3
	at org.apache.hadoop.ozone.om.KeyManagerImpl.getOzoneFileStatus(KeyManagerImpl.java:1324) ~[ozone-manager-1.3.0-SNAPSHOT.jar:?]
	at org.apache.hadoop.ozone.om.KeyManagerImpl.getFileStatus(KeyManagerImpl.java:1254) ~[ozone-manager-1.3.0-SNAPSHOT.jar:?]
	at org.apache.hadoop.ozone.om.OzoneManager.getFileStatus(OzoneManager.java:3506) ~[ozone-manager-1.3.0-SNAPSHOT.jar:?]
	at org.apache.hadoop.ozone.protocolPB.OzoneManagerRequestHandler.getOzoneFileStatus(OzoneManagerRequestHandler.java:882) ~[ozone-manager-1.3.0-SNAPSHOT.jar:?]
	at org.apache.hadoop.ozone.protocolPB.OzoneManagerRequestHandler.handleReadRequest(OzoneManagerRequestHandler.java:228) ~[ozone-manager-1.3.0-SNAPSHOT.jar:?]
	at org.apache.hadoop.ozone.protocolPB.OzoneManagerProtocolServerSideTranslatorPB.submitRequestDirectlyToOM(OzoneManagerProtocolServerSideTranslatorPB.java:276) ~[ozone-manager-1.3.0-SNAPSHOT.jar:?]
	at org.apache.hadoop.ozone.protocolPB.OzoneManagerProtocolServerSideTranslatorPB.processRequest(OzoneManagerProtocolServerSideTranslatorPB.java:205) ~[ozone-manager-1.3.0-SNAPSHOT.jar:?]
	at org.apache.hadoop.hdds.server.OzoneProtocolMessageDispatcher.processRequest(OzoneProtocolMessageDispatcher.java:87) [hdds-server-framework-1.3.0-SNAPSHOT.jar:?]
	at org.apache.hadoop.ozone.protocolPB.OzoneManagerProtocolServerSideTranslatorPB.submitRequest(OzoneManagerProtocolServerSideTranslatorPB.java:147) [ozone-manager-1.3.0-SNAPSHOT.jar:?]
	at org.apache.hadoop.ozone.protocol.proto.OzoneManagerProtocolProtos$OzoneManagerService$2.callBlockingMethod(OzoneManagerProtocolProtos.java) [ozone-interface-client-1.3.0-SNAPSHOT.jar:?]
	at org.apache.hadoop.ipc.ProtobufRpcEngine$Server.processCall(ProtobufRpcEngine.java:466) [hadoop-common-3.3.1.jar:?]
	at org.apache.hadoop.ipc.ProtobufRpcEngine2$Server$ProtoBufRpcInvoker.call(ProtobufRpcEngine2.java:574) [hadoop-common-3.3.1.jar:?]
	at org.apache.hadoop.ipc.ProtobufRpcEngine2$Server$ProtoBufRpcInvoker.call(ProtobufRpcEngine2.java:552) [hadoop-common-3.3.1.jar:?]
	at org.apache.hadoop.ipc.RPC$Server.call(RPC.java:1093) [hadoop-common-3.3.1.jar:?]
	at org.apache.hadoop.ipc.Server$RpcCall.run(Server.java:1035) [hadoop-common-3.3.1.jar:?]
	at org.apache.hadoop.ipc.Server$RpcCall.run(Server.java:963) [hadoop-common-3.3.1.jar:?]
	at java.security.AccessController.doPrivileged(Native Method) ~[?:1.8.0_345]
	at javax.security.auth.Subject.doAs(Subject.java:422) [?:1.8.0_345]
	at org.apache.hadoop.security.UserGroupInformation.doAs(UserGroupInformation.java:1878) [hadoop-common-3.3.1.jar:?]
	at org.apache.hadoop.ipc.Server$Handler.run(Server.java:2966) [hadoop-common-3.3.1.jar:?]
2022-09-28 15:57:03,588 [Time-limited test] WARN  ozone.BasicOzoneFileSystem (BasicOzoneFileSystem.java:getFileStatus(765)) - GetFileStatus failed for path /testBatchDelete/parent/childFolder/child3
java.io.FileNotFoundException: testBatchDelete/parent/childFolder/child3: No such file or directory!
	at org.apache.hadoop.fs.ozone.BasicOzoneClientAdapterImpl.getFileStatus(BasicOzoneClientAdapterImpl.java:369)
	at org.apache.hadoop.fs.ozone.BasicOzoneFileSystem.getFileStatus(BasicOzoneFileSystem.java:757)
	at org.apache.hadoop.fs.FileSystem.exists(FileSystem.java:1760)
	at org.apache.hadoop.fs.ozone.BasicOzoneFileSystem.exists(BasicOzoneFileSystem.java:804)
	at org.apache.hadoop.fs.ozone.TestOzoneFileSystem.testFileDelete(TestOzoneFileSystem.java:541)
	at sun.reflect.NativeMethodAccessorImpl.invoke0(Native Method)
	at sun.reflect.NativeMethodAccessorImpl.invoke(NativeMethodAccessorImpl.java:62)
	at sun.reflect.DelegatingMethodAccessorImpl.invoke(DelegatingMethodAccessorImpl.java:43)
	at java.lang.reflect.Method.invoke(Method.java:498)
	at org.junit.runners.model.FrameworkMethod$1.runReflectiveCall(FrameworkMethod.java:59)
	at org.junit.internal.runners.model.ReflectiveCallable.run(ReflectiveCallable.java:12)
	at org.junit.runners.model.FrameworkMethod.invokeExplosively(FrameworkMethod.java:56)
	at org.junit.internal.runners.statements.InvokeMethod.evaluate(InvokeMethod.java:17)
	at org.junit.internal.runners.statements.RunAfters.evaluate(RunAfters.java:27)
	at org.junit.internal.runners.statements.FailOnTimeout$CallableStatement.call(FailOnTimeout.java:288)
	at org.junit.internal.runners.statements.FailOnTimeout$CallableStatement.call(FailOnTimeout.java:282)
	at java.util.concurrent.FutureTask.run(FutureTask.java:266)
	at java.lang.Thread.run(Thread.java:750)
15:57:03.589 [IPC Server handler 5 on default port 41537] ERROR OMAudit - user=runner | ip=127.0.0.1 | op=GET_FILE_STATUS {volume=volume06113, bucket=bucket59830, key=testBatchDelete/parent/child4, dataSize=0, replicationConfig=null} | ret=FAILURE
org.apache.hadoop.ozone.om.exceptions.OMException: Unable to get file status: volume: volume06113 bucket: bucket59830 key: testBatchDelete/parent/child4
	at org.apache.hadoop.ozone.om.KeyManagerImpl.getOzoneFileStatus(KeyManagerImpl.java:1324) ~[ozone-manager-1.3.0-SNAPSHOT.jar:?]
	at org.apache.hadoop.ozone.om.KeyManagerImpl.getFileStatus(KeyManagerImpl.java:1254) ~[ozone-manager-1.3.0-SNAPSHOT.jar:?]
	at org.apache.hadoop.ozone.om.OzoneManager.getFileStatus(OzoneManager.java:3506) ~[ozone-manager-1.3.0-SNAPSHOT.jar:?]
	at org.apache.hadoop.ozone.protocolPB.OzoneManagerRequestHandler.getOzoneFileStatus(OzoneManagerRequestHandler.java:882) ~[ozone-manager-1.3.0-SNAPSHOT.jar:?]
	at org.apache.hadoop.ozone.protocolPB.OzoneManagerRequestHandler.handleReadRequest(OzoneManagerRequestHandler.java:228) ~[ozone-manager-1.3.0-SNAPSHOT.jar:?]
	at org.apache.hadoop.ozone.protocolPB.OzoneManagerProtocolServerSideTranslatorPB.submitRequestDirectlyToOM(OzoneManagerProtocolServerSideTranslatorPB.java:276) ~[ozone-manager-1.3.0-SNAPSHOT.jar:?]
	at org.apache.hadoop.ozone.protocolPB.OzoneManagerProtocolServerSideTranslatorPB.processRequest(OzoneManagerProtocolServerSideTranslatorPB.java:205) ~[ozone-manager-1.3.0-SNAPSHOT.jar:?]
	at org.apache.hadoop.hdds.server.OzoneProtocolMessageDispatcher.processRequest(OzoneProtocolMessageDispatcher.java:87) [hdds-server-framework-1.3.0-SNAPSHOT.jar:?]
	at org.apache.hadoop.ozone.protocolPB.OzoneManagerProtocolServerSideTranslatorPB.submitRequest(OzoneManagerProtocolServerSideTranslatorPB.java:147) [ozone-manager-1.3.0-SNAPSHOT.jar:?]
	at org.apache.hadoop.ozone.protocol.proto.OzoneManagerProtocolProtos$OzoneManagerService$2.callBlockingMethod(OzoneManagerProtocolProtos.java) [ozone-interface-client-1.3.0-SNAPSHOT.jar:?]
	at org.apache.hadoop.ipc.ProtobufRpcEngine$Server.processCall(ProtobufRpcEngine.java:466) [hadoop-common-3.3.1.jar:?]
	at org.apache.hadoop.ipc.ProtobufRpcEngine2$Server$ProtoBufRpcInvoker.call(ProtobufRpcEngine2.java:574) [hadoop-common-3.3.1.jar:?]
	at org.apache.hadoop.ipc.ProtobufRpcEngine2$Server$ProtoBufRpcInvoker.call(ProtobufRpcEngine2.java:552) [hadoop-common-3.3.1.jar:?]
	at org.apache.hadoop.ipc.RPC$Server.call(RPC.java:1093) [hadoop-common-3.3.1.jar:?]
	at org.apache.hadoop.ipc.Server$RpcCall.run(Server.java:1035) [hadoop-common-3.3.1.jar:?]
	at org.apache.hadoop.ipc.Server$RpcCall.run(Server.java:963) [hadoop-common-3.3.1.jar:?]
	at java.security.AccessController.doPrivileged(Native Method) ~[?:1.8.0_345]
	at javax.security.auth.Subject.doAs(Subject.java:422) [?:1.8.0_345]
	at org.apache.hadoop.security.UserGroupInformation.doAs(UserGroupInformation.java:1878) [hadoop-common-3.3.1.jar:?]
	at org.apache.hadoop.ipc.Server$Handler.run(Server.java:2966) [hadoop-common-3.3.1.jar:?]
2022-09-28 15:57:03,595 [Time-limited test] WARN  ozone.BasicOzoneFileSystem (BasicOzoneFileSystem.java:getFileStatus(765)) - GetFileStatus failed for path /testBatchDelete/parent/child4
java.io.FileNotFoundException: testBatchDelete/parent/child4: No such file or directory!
	at org.apache.hadoop.fs.ozone.BasicOzoneClientAdapterImpl.getFileStatus(BasicOzoneClientAdapterImpl.java:369)
	at org.apache.hadoop.fs.ozone.BasicOzoneFileSystem.getFileStatus(BasicOzoneFileSystem.java:757)
	at org.apache.hadoop.fs.FileSystem.exists(FileSystem.java:1760)
	at org.apache.hadoop.fs.ozone.BasicOzoneFileSystem.exists(BasicOzoneFileSystem.java:804)
	at org.apache.hadoop.fs.ozone.TestOzoneFileSystem.testFileDelete(TestOzoneFileSystem.java:536)
	at sun.reflect.NativeMethodAccessorImpl.invoke0(Native Method)
	at sun.reflect.NativeMethodAccessorImpl.invoke(NativeMethodAccessorImpl.java:62)
	at sun.reflect.DelegatingMethodAccessorImpl.invoke(DelegatingMethodAccessorImpl.java:43)
	at java.lang.reflect.Method.invoke(Method.java:498)
	at org.junit.runners.model.FrameworkMethod$1.runReflectiveCall(FrameworkMethod.java:59)
	at org.junit.internal.runners.model.ReflectiveCallable.run(ReflectiveCallable.java:12)
	at org.junit.runners.model.FrameworkMethod.invokeExplosively(FrameworkMethod.java:56)
	at org.junit.internal.runners.statements.InvokeMethod.evaluate(InvokeMethod.java:17)
	at org.junit.internal.runners.statements.RunAfters.evaluate(RunAfters.java:27)
	at org.junit.internal.runners.statements.FailOnTimeout$CallableStatement.call(FailOnTimeout.java:288)
	at org.junit.internal.runners.statements.FailOnTimeout$CallableStatement.call(FailOnTimeout.java:282)
	at java.util.concurrent.FutureTask.run(FutureTask.java:266)
	at java.lang.Thread.run(Thread.java:750)
15:57:03.595 [IPC Server handler 7 on default port 41537] ERROR OMAudit - user=runner | ip=127.0.0.1 | op=GET_FILE_STATUS {volume=volume06113, bucket=bucket59830, key=testBatchDelete/parent/childFolder/child4, dataSize=0, replicationConfig=null} | ret=FAILURE
org.apache.hadoop.ozone.om.exceptions.OMException: Unable to get file status: volume: volume06113 bucket: bucket59830 key: testBatchDelete/parent/childFolder/child4
	at org.apache.hadoop.ozone.om.KeyManagerImpl.getOzoneFileStatus(KeyManagerImpl.java:1324) ~[ozone-manager-1.3.0-SNAPSHOT.jar:?]
	at org.apache.hadoop.ozone.om.KeyManagerImpl.getFileStatus(KeyManagerImpl.java:1254) ~[ozone-manager-1.3.0-SNAPSHOT.jar:?]
	at org.apache.hadoop.ozone.om.OzoneManager.getFileStatus(OzoneManager.java:3506) ~[ozone-manager-1.3.0-SNAPSHOT.jar:?]
	at org.apache.hadoop.ozone.protocolPB.OzoneManagerRequestHandler.getOzoneFileStatus(OzoneManagerRequestHandler.java:882) ~[ozone-manager-1.3.0-SNAPSHOT.jar:?]
	at org.apache.hadoop.ozone.protocolPB.OzoneManagerRequestHandler.handleReadRequest(OzoneManagerRequestHandler.java:228) ~[ozone-manager-1.3.0-SNAPSHOT.jar:?]
	at org.apache.hadoop.ozone.protocolPB.OzoneManagerProtocolServerSideTranslatorPB.submitRequestDirectlyToOM(OzoneManagerProtocolServerSideTranslatorPB.java:276) ~[ozone-manager-1.3.0-SNAPSHOT.jar:?]
	at org.apache.hadoop.ozone.protocolPB.OzoneManagerProtocolServerSideTranslatorPB.processRequest(OzoneManagerProtocolServerSideTranslatorPB.java:205) ~[ozone-manager-1.3.0-SNAPSHOT.jar:?]
	at org.apache.hadoop.hdds.server.OzoneProtocolMessageDispatcher.processRequest(OzoneProtocolMessageDispatcher.java:87) [hdds-server-framework-1.3.0-SNAPSHOT.jar:?]
	at org.apache.hadoop.ozone.protocolPB.OzoneManagerProtocolServerSideTranslatorPB.submitRequest(OzoneManagerProtocolServerSideTranslatorPB.java:147) [ozone-manager-1.3.0-SNAPSHOT.jar:?]
	at org.apache.hadoop.ozone.protocol.proto.OzoneManagerProtocolProtos$OzoneManagerService$2.callBlockingMethod(OzoneManagerProtocolProtos.java) [ozone-interface-client-1.3.0-SNAPSHOT.jar:?]
	at org.apache.hadoop.ipc.ProtobufRpcEngine$Server.processCall(ProtobufRpcEngine.java:466) [hadoop-common-3.3.1.jar:?]
	at org.apache.hadoop.ipc.ProtobufRpcEngine2$Server$ProtoBufRpcInvoker.call(ProtobufRpcEngine2.java:574) [hadoop-common-3.3.1.jar:?]
	at org.apache.hadoop.ipc.ProtobufRpcEngine2$Server$ProtoBufRpcInvoker.call(ProtobufRpcEngine2.java:552) [hadoop-common-3.3.1.jar:?]
	at org.apache.hadoop.ipc.RPC$Server.call(RPC.java:1093) [hadoop-common-3.3.1.jar:?]
	at org.apache.hadoop.ipc.Server$RpcCall.run(Server.java:1035) [hadoop-common-3.3.1.jar:?]
	at org.apache.hadoop.ipc.Server$RpcCall.run(Server.java:963) [hadoop-common-3.3.1.jar:?]
	at java.security.AccessController.doPrivileged(Native Method) ~[?:1.8.0_345]
	at javax.security.auth.Subject.doAs(Subject.java:422) [?:1.8.0_345]
	at org.apache.hadoop.security.UserGroupInformation.doAs(UserGroupInformation.java:1878) [hadoop-common-3.3.1.jar:?]
	at org.apache.hadoop.ipc.Server$Handler.run(Server.java:2966) [hadoop-common-3.3.1.jar:?]
2022-09-28 15:57:03,596 [Time-limited test] WARN  ozone.BasicOzoneFileSystem (BasicOzoneFileSystem.java:getFileStatus(765)) - GetFileStatus failed for path /testBatchDelete/parent/childFolder/child4
java.io.FileNotFoundException: testBatchDelete/parent/childFolder/child4: No such file or directory!
	at org.apache.hadoop.fs.ozone.BasicOzoneClientAdapterImpl.getFileStatus(BasicOzoneClientAdapterImpl.java:369)
	at org.apache.hadoop.fs.ozone.BasicOzoneFileSystem.getFileStatus(BasicOzoneFileSystem.java:757)
	at org.apache.hadoop.fs.FileSystem.exists(FileSystem.java:1760)
	at org.apache.hadoop.fs.ozone.BasicOzoneFileSystem.exists(BasicOzoneFileSystem.java:804)
	at org.apache.hadoop.fs.ozone.TestOzoneFileSystem.testFileDelete(TestOzoneFileSystem.java:541)
	at sun.reflect.NativeMethodAccessorImpl.invoke0(Native Method)
	at sun.reflect.NativeMethodAccessorImpl.invoke(NativeMethodAccessorImpl.java:62)
	at sun.reflect.DelegatingMethodAccessorImpl.invoke(DelegatingMethodAccessorImpl.java:43)
	at java.lang.reflect.Method.invoke(Method.java:498)
	at org.junit.runners.model.FrameworkMethod$1.runReflectiveCall(FrameworkMethod.java:59)
	at org.junit.internal.runners.model.ReflectiveCallable.run(ReflectiveCallable.java:12)
	at org.junit.runners.model.FrameworkMethod.invokeExplosively(FrameworkMethod.java:56)
	at org.junit.internal.runners.statements.InvokeMethod.evaluate(InvokeMethod.java:17)
	at org.junit.internal.runners.statements.RunAfters.evaluate(RunAfters.java:27)
	at org.junit.internal.runners.statements.FailOnTimeout$CallableStatement.call(FailOnTimeout.java:288)
	at org.junit.internal.runners.statements.FailOnTimeout$CallableStatement.call(FailOnTimeout.java:282)
	at java.util.concurrent.FutureTask.run(FutureTask.java:266)
	at java.lang.Thread.run(Thread.java:750)
15:57:03.596 [IPC Server handler 4 on default port 41537] ERROR OMAudit - user=runner | ip=127.0.0.1 | op=GET_FILE_STATUS {volume=volume06113, bucket=bucket59830, key=testBatchDelete/parent/child5, dataSize=0, replicationConfig=null} | ret=FAILURE
org.apache.hadoop.ozone.om.exceptions.OMException: Unable to get file status: volume: volume06113 bucket: bucket59830 key: testBatchDelete/parent/child5
	at org.apache.hadoop.ozone.om.KeyManagerImpl.getOzoneFileStatus(KeyManagerImpl.java:1324) ~[ozone-manager-1.3.0-SNAPSHOT.jar:?]
	at org.apache.hadoop.ozone.om.KeyManagerImpl.getFileStatus(KeyManagerImpl.java:1254) ~[ozone-manager-1.3.0-SNAPSHOT.jar:?]
	at org.apache.hadoop.ozone.om.OzoneManager.getFileStatus(OzoneManager.java:3506) ~[ozone-manager-1.3.0-SNAPSHOT.jar:?]
	at org.apache.hadoop.ozone.protocolPB.OzoneManagerRequestHandler.getOzoneFileStatus(OzoneManagerRequestHandler.java:882) ~[ozone-manager-1.3.0-SNAPSHOT.jar:?]
	at org.apache.hadoop.ozone.protocolPB.OzoneManagerRequestHandler.handleReadRequest(OzoneManagerRequestHandler.java:228) ~[ozone-manager-1.3.0-SNAPSHOT.jar:?]
	at org.apache.hadoop.ozone.protocolPB.OzoneManagerProtocolServerSideTranslatorPB.submitRequestDirectlyToOM(OzoneManagerProtocolServerSideTranslatorPB.java:276) ~[ozone-manager-1.3.0-SNAPSHOT.jar:?]
	at org.apache.hadoop.ozone.protocolPB.OzoneManagerProtocolServerSideTranslatorPB.processRequest(OzoneManagerProtocolServerSideTranslatorPB.java:205) ~[ozone-manager-1.3.0-SNAPSHOT.jar:?]
	at org.apache.hadoop.hdds.server.OzoneProtocolMessageDispatcher.processRequest(OzoneProtocolMessageDispatcher.java:87) [hdds-server-framework-1.3.0-SNAPSHOT.jar:?]
	at org.apache.hadoop.ozone.protocolPB.OzoneManagerProtocolServerSideTranslatorPB.submitRequest(OzoneManagerProtocolServerSideTranslatorPB.java:147) [ozone-manager-1.3.0-SNAPSHOT.jar:?]
	at org.apache.hadoop.ozone.protocol.proto.OzoneManagerProtocolProtos$OzoneManagerService$2.callBlockingMethod(OzoneManagerProtocolProtos.java) [ozone-interface-client-1.3.0-SNAPSHOT.jar:?]
	at org.apache.hadoop.ipc.ProtobufRpcEngine$Server.processCall(ProtobufRpcEngine.java:466) [hadoop-common-3.3.1.jar:?]
	at org.apache.hadoop.ipc.ProtobufRpcEngine2$Server$ProtoBufRpcInvoker.call(ProtobufRpcEngine2.java:574) [hadoop-common-3.3.1.jar:?]
	at org.apache.hadoop.ipc.ProtobufRpcEngine2$Server$ProtoBufRpcInvoker.call(ProtobufRpcEngine2.java:552) [hadoop-common-3.3.1.jar:?]
	at org.apache.hadoop.ipc.RPC$Server.call(RPC.java:1093) [hadoop-common-3.3.1.jar:?]
	at org.apache.hadoop.ipc.Server$RpcCall.run(Server.java:1035) [hadoop-common-3.3.1.jar:?]
	at org.apache.hadoop.ipc.Server$RpcCall.run(Server.java:963) [hadoop-common-3.3.1.jar:?]
	at java.security.AccessController.doPrivileged(Native Method) ~[?:1.8.0_345]
	at javax.security.auth.Subject.doAs(Subject.java:422) [?:1.8.0_345]
	at org.apache.hadoop.security.UserGroupInformation.doAs(UserGroupInformation.java:1878) [hadoop-common-3.3.1.jar:?]
	at org.apache.hadoop.ipc.Server$Handler.run(Server.java:2966) [hadoop-common-3.3.1.jar:?]
2022-09-28 15:57:03,596 [Time-limited test] WARN  ozone.BasicOzoneFileSystem (BasicOzoneFileSystem.java:getFileStatus(765)) - GetFileStatus failed for path /testBatchDelete/parent/child5
java.io.FileNotFoundException: testBatchDelete/parent/child5: No such file or directory!
	at org.apache.hadoop.fs.ozone.BasicOzoneClientAdapterImpl.getFileStatus(BasicOzoneClientAdapterImpl.java:369)
	at org.apache.hadoop.fs.ozone.BasicOzoneFileSystem.getFileStatus(BasicOzoneFileSystem.java:757)
	at org.apache.hadoop.fs.FileSystem.exists(FileSystem.java:1760)
	at org.apache.hadoop.fs.ozone.BasicOzoneFileSystem.exists(BasicOzoneFileSystem.java:804)
	at org.apache.hadoop.fs.ozone.TestOzoneFileSystem.testFileDelete(TestOzoneFileSystem.java:536)
	at sun.reflect.NativeMethodAccessorImpl.invoke0(Native Method)
	at sun.reflect.NativeMethodAccessorImpl.invoke(NativeMethodAccessorImpl.java:62)
	at sun.reflect.DelegatingMethodAccessorImpl.invoke(DelegatingMethodAccessorImpl.java:43)
	at java.lang.reflect.Method.invoke(Method.java:498)
	at org.junit.runners.model.FrameworkMethod$1.runReflectiveCall(FrameworkMethod.java:59)
	at org.junit.internal.runners.model.ReflectiveCallable.run(ReflectiveCallable.java:12)
	at org.junit.runners.model.FrameworkMethod.invokeExplosively(FrameworkMethod.java:56)
	at org.junit.internal.runners.statements.InvokeMethod.evaluate(InvokeMethod.java:17)
	at org.junit.internal.runners.statements.RunAfters.evaluate(RunAfters.java:27)
	at org.junit.internal.runners.statements.FailOnTimeout$CallableStatement.call(FailOnTimeout.java:288)
	at org.junit.internal.runners.statements.FailOnTimeout$CallableStatement.call(FailOnTimeout.java:282)
	at java.util.concurrent.FutureTask.run(FutureTask.java:266)
	at java.lang.Thread.run(Thread.java:750)
15:57:03.597 [IPC Server handler 6 on default port 41537] ERROR OMAudit - user=runner | ip=127.0.0.1 | op=GET_FILE_STATUS {volume=volume06113, bucket=bucket59830, key=testBatchDelete/parent/childFolder/child5, dataSize=0, replicationConfig=null} | ret=FAILURE
org.apache.hadoop.ozone.om.exceptions.OMException: Unable to get file status: volume: volume06113 bucket: bucket59830 key: testBatchDelete/parent/childFolder/child5
	at org.apache.hadoop.ozone.om.KeyManagerImpl.getOzoneFileStatus(KeyManagerImpl.java:1324) ~[ozone-manager-1.3.0-SNAPSHOT.jar:?]
	at org.apache.hadoop.ozone.om.KeyManagerImpl.getFileStatus(KeyManagerImpl.java:1254) ~[ozone-manager-1.3.0-SNAPSHOT.jar:?]
	at org.apache.hadoop.ozone.om.OzoneManager.getFileStatus(OzoneManager.java:3506) ~[ozone-manager-1.3.0-SNAPSHOT.jar:?]
	at org.apache.hadoop.ozone.protocolPB.OzoneManagerRequestHandler.getOzoneFileStatus(OzoneManagerRequestHandler.java:882) ~[ozone-manager-1.3.0-SNAPSHOT.jar:?]
	at org.apache.hadoop.ozone.protocolPB.OzoneManagerRequestHandler.handleReadRequest(OzoneManagerRequestHandler.java:228) ~[ozone-manager-1.3.0-SNAPSHOT.jar:?]
	at org.apache.hadoop.ozone.protocolPB.OzoneManagerProtocolServerSideTranslatorPB.submitRequestDirectlyToOM(OzoneManagerProtocolServerSideTranslatorPB.java:276) ~[ozone-manager-1.3.0-SNAPSHOT.jar:?]
	at org.apache.hadoop.ozone.protocolPB.OzoneManagerProtocolServerSideTranslatorPB.processRequest(OzoneManagerProtocolServerSideTranslatorPB.java:205) ~[ozone-manager-1.3.0-SNAPSHOT.jar:?]
	at org.apache.hadoop.hdds.server.OzoneProtocolMessageDispatcher.processRequest(OzoneProtocolMessageDispatcher.java:87) [hdds-server-framework-1.3.0-SNAPSHOT.jar:?]
	at org.apache.hadoop.ozone.protocolPB.OzoneManagerProtocolServerSideTranslatorPB.submitRequest(OzoneManagerProtocolServerSideTranslatorPB.java:147) [ozone-manager-1.3.0-SNAPSHOT.jar:?]
	at org.apache.hadoop.ozone.protocol.proto.OzoneManagerProtocolProtos$OzoneManagerService$2.callBlockingMethod(OzoneManagerProtocolProtos.java) [ozone-interface-client-1.3.0-SNAPSHOT.jar:?]
	at org.apache.hadoop.ipc.ProtobufRpcEngine$Server.processCall(ProtobufRpcEngine.java:466) [hadoop-common-3.3.1.jar:?]
	at org.apache.hadoop.ipc.ProtobufRpcEngine2$Server$ProtoBufRpcInvoker.call(ProtobufRpcEngine2.java:574) [hadoop-common-3.3.1.jar:?]
	at org.apache.hadoop.ipc.ProtobufRpcEngine2$Server$ProtoBufRpcInvoker.call(ProtobufRpcEngine2.java:552) [hadoop-common-3.3.1.jar:?]
	at org.apache.hadoop.ipc.RPC$Server.call(RPC.java:1093) [hadoop-common-3.3.1.jar:?]
	at org.apache.hadoop.ipc.Server$RpcCall.run(Server.java:1035) [hadoop-common-3.3.1.jar:?]
	at org.apache.hadoop.ipc.Server$RpcCall.run(Server.java:963) [hadoop-common-3.3.1.jar:?]
	at java.security.AccessController.doPrivileged(Native Method) ~[?:1.8.0_345]
	at javax.security.auth.Subject.doAs(Subject.java:422) [?:1.8.0_345]
	at org.apache.hadoop.security.UserGroupInformation.doAs(UserGroupInformation.java:1878) [hadoop-common-3.3.1.jar:?]
	at org.apache.hadoop.ipc.Server$Handler.run(Server.java:2966) [hadoop-common-3.3.1.jar:?]
2022-09-28 15:57:03,597 [Time-limited test] WARN  ozone.BasicOzoneFileSystem (BasicOzoneFileSystem.java:getFileStatus(765)) - GetFileStatus failed for path /testBatchDelete/parent/childFolder/child5
java.io.FileNotFoundException: testBatchDelete/parent/childFolder/child5: No such file or directory!
	at org.apache.hadoop.fs.ozone.BasicOzoneClientAdapterImpl.getFileStatus(BasicOzoneClientAdapterImpl.java:369)
	at org.apache.hadoop.fs.ozone.BasicOzoneFileSystem.getFileStatus(BasicOzoneFileSystem.java:757)
	at org.apache.hadoop.fs.FileSystem.exists(FileSystem.java:1760)
	at org.apache.hadoop.fs.ozone.BasicOzoneFileSystem.exists(BasicOzoneFileSystem.java:804)
	at org.apache.hadoop.fs.ozone.TestOzoneFileSystem.testFileDelete(TestOzoneFileSystem.java:541)
	at sun.reflect.NativeMethodAccessorImpl.invoke0(Native Method)
	at sun.reflect.NativeMethodAccessorImpl.invoke(NativeMethodAccessorImpl.java:62)
	at sun.reflect.DelegatingMethodAccessorImpl.invoke(DelegatingMethodAccessorImpl.java:43)
	at java.lang.reflect.Method.invoke(Method.java:498)
	at org.junit.runners.model.FrameworkMethod$1.runReflectiveCall(FrameworkMethod.java:59)
	at org.junit.internal.runners.model.ReflectiveCallable.run(ReflectiveCallable.java:12)
	at org.junit.runners.model.FrameworkMethod.invokeExplosively(FrameworkMethod.java:56)
	at org.junit.internal.runners.statements.InvokeMethod.evaluate(InvokeMethod.java:17)
	at org.junit.internal.runners.statements.RunAfters.evaluate(RunAfters.java:27)
	at org.junit.internal.runners.statements.FailOnTimeout$CallableStatement.call(FailOnTimeout.java:288)
	at org.junit.internal.runners.statements.FailOnTimeout$CallableStatement.call(FailOnTimeout.java:282)
	at java.util.concurrent.FutureTask.run(FutureTask.java:266)
	at java.lang.Thread.run(Thread.java:750)
15:57:03.597 [IPC Server handler 8 on default port 41537] ERROR OMAudit - user=runner | ip=127.0.0.1 | op=GET_FILE_STATUS {volume=volume06113, bucket=bucket59830, key=testBatchDelete/parent/child6, dataSize=0, replicationConfig=null} | ret=FAILURE
org.apache.hadoop.ozone.om.exceptions.OMException: Unable to get file status: volume: volume06113 bucket: bucket59830 key: testBatchDelete/parent/child6
	at org.apache.hadoop.ozone.om.KeyManagerImpl.getOzoneFileStatus(KeyManagerImpl.java:1324) ~[ozone-manager-1.3.0-SNAPSHOT.jar:?]
	at org.apache.hadoop.ozone.om.KeyManagerImpl.getFileStatus(KeyManagerImpl.java:1254) ~[ozone-manager-1.3.0-SNAPSHOT.jar:?]
	at org.apache.hadoop.ozone.om.OzoneManager.getFileStatus(OzoneManager.java:3506) ~[ozone-manager-1.3.0-SNAPSHOT.jar:?]
	at org.apache.hadoop.ozone.protocolPB.OzoneManagerRequestHandler.getOzoneFileStatus(OzoneManagerRequestHandler.java:882) ~[ozone-manager-1.3.0-SNAPSHOT.jar:?]
	at org.apache.hadoop.ozone.protocolPB.OzoneManagerRequestHandler.handleReadRequest(OzoneManagerRequestHandler.java:228) ~[ozone-manager-1.3.0-SNAPSHOT.jar:?]
	at org.apache.hadoop.ozone.protocolPB.OzoneManagerProtocolServerSideTranslatorPB.submitRequestDirectlyToOM(OzoneManagerProtocolServerSideTranslatorPB.java:276) ~[ozone-manager-1.3.0-SNAPSHOT.jar:?]
	at org.apache.hadoop.ozone.protocolPB.OzoneManagerProtocolServerSideTranslatorPB.processRequest(OzoneManagerProtocolServerSideTranslatorPB.java:205) ~[ozone-manager-1.3.0-SNAPSHOT.jar:?]
	at org.apache.hadoop.hdds.server.OzoneProtocolMessageDispatcher.processRequest(OzoneProtocolMessageDispatcher.java:87) [hdds-server-framework-1.3.0-SNAPSHOT.jar:?]
	at org.apache.hadoop.ozone.protocolPB.OzoneManagerProtocolServerSideTranslatorPB.submitRequest(OzoneManagerProtocolServerSideTranslatorPB.java:147) [ozone-manager-1.3.0-SNAPSHOT.jar:?]
	at org.apache.hadoop.ozone.protocol.proto.OzoneManagerProtocolProtos$OzoneManagerService$2.callBlockingMethod(OzoneManagerProtocolProtos.java) [ozone-interface-client-1.3.0-SNAPSHOT.jar:?]
	at org.apache.hadoop.ipc.ProtobufRpcEngine$Server.processCall(ProtobufRpcEngine.java:466) [hadoop-common-3.3.1.jar:?]
	at org.apache.hadoop.ipc.ProtobufRpcEngine2$Server$ProtoBufRpcInvoker.call(ProtobufRpcEngine2.java:574) [hadoop-common-3.3.1.jar:?]
	at org.apache.hadoop.ipc.ProtobufRpcEngine2$Server$ProtoBufRpcInvoker.call(ProtobufRpcEngine2.java:552) [hadoop-common-3.3.1.jar:?]
	at org.apache.hadoop.ipc.RPC$Server.call(RPC.java:1093) [hadoop-common-3.3.1.jar:?]
	at org.apache.hadoop.ipc.Server$RpcCall.run(Server.java:1035) [hadoop-common-3.3.1.jar:?]
	at org.apache.hadoop.ipc.Server$RpcCall.run(Server.java:963) [hadoop-common-3.3.1.jar:?]
	at java.security.AccessController.doPrivileged(Native Method) ~[?:1.8.0_345]
	at javax.security.auth.Subject.doAs(Subject.java:422) [?:1.8.0_345]
	at org.apache.hadoop.security.UserGroupInformation.doAs(UserGroupInformation.java:1878) [hadoop-common-3.3.1.jar:?]
	at org.apache.hadoop.ipc.Server$Handler.run(Server.java:2966) [hadoop-common-3.3.1.jar:?]
2022-09-28 15:57:03,597 [Time-limited test] WARN  ozone.BasicOzoneFileSystem (BasicOzoneFileSystem.java:getFileStatus(765)) - GetFileStatus failed for path /testBatchDelete/parent/child6
java.io.FileNotFoundException: testBatchDelete/parent/child6: No such file or directory!
	at org.apache.hadoop.fs.ozone.BasicOzoneClientAdapterImpl.getFileStatus(BasicOzoneClientAdapterImpl.java:369)
	at org.apache.hadoop.fs.ozone.BasicOzoneFileSystem.getFileStatus(BasicOzoneFileSystem.java:757)
	at org.apache.hadoop.fs.FileSystem.exists(FileSystem.java:1760)
	at org.apache.hadoop.fs.ozone.BasicOzoneFileSystem.exists(BasicOzoneFileSystem.java:804)
	at org.apache.hadoop.fs.ozone.TestOzoneFileSystem.testFileDelete(TestOzoneFileSystem.java:536)
	at sun.reflect.NativeMethodAccessorImpl.invoke0(Native Method)
	at sun.reflect.NativeMethodAccessorImpl.invoke(NativeMethodAccessorImpl.java:62)
	at sun.reflect.DelegatingMethodAccessorImpl.invoke(DelegatingMethodAccessorImpl.java:43)
	at java.lang.reflect.Method.invoke(Method.java:498)
	at org.junit.runners.model.FrameworkMethod$1.runReflectiveCall(FrameworkMethod.java:59)
	at org.junit.internal.runners.model.ReflectiveCallable.run(ReflectiveCallable.java:12)
	at org.junit.runners.model.FrameworkMethod.invokeExplosively(FrameworkMethod.java:56)
	at org.junit.internal.runners.statements.InvokeMethod.evaluate(InvokeMethod.java:17)
	at org.junit.internal.runners.statements.RunAfters.evaluate(RunAfters.java:27)
	at org.junit.internal.runners.statements.FailOnTimeout$CallableStatement.call(FailOnTimeout.java:288)
	at org.junit.internal.runners.statements.FailOnTimeout$CallableStatement.call(FailOnTimeout.java:282)
	at java.util.concurrent.FutureTask.run(FutureTask.java:266)
	at java.lang.Thread.run(Thread.java:750)
15:57:03.598 [IPC Server handler 0 on default port 41537] ERROR OMAudit - user=runner | ip=127.0.0.1 | op=GET_FILE_STATUS {volume=volume06113, bucket=bucket59830, key=testBatchDelete/parent/childFolder/child6, dataSize=0, replicationConfig=null} | ret=FAILURE
org.apache.hadoop.ozone.om.exceptions.OMException: Unable to get file status: volume: volume06113 bucket: bucket59830 key: testBatchDelete/parent/childFolder/child6
	at org.apache.hadoop.ozone.om.KeyManagerImpl.getOzoneFileStatus(KeyManagerImpl.java:1324) ~[ozone-manager-1.3.0-SNAPSHOT.jar:?]
	at org.apache.hadoop.ozone.om.KeyManagerImpl.getFileStatus(KeyManagerImpl.java:1254) ~[ozone-manager-1.3.0-SNAPSHOT.jar:?]
	at org.apache.hadoop.ozone.om.OzoneManager.getFileStatus(OzoneManager.java:3506) ~[ozone-manager-1.3.0-SNAPSHOT.jar:?]
	at org.apache.hadoop.ozone.protocolPB.OzoneManagerRequestHandler.getOzoneFileStatus(OzoneManagerRequestHandler.java:882) ~[ozone-manager-1.3.0-SNAPSHOT.jar:?]
	at org.apache.hadoop.ozone.protocolPB.OzoneManagerRequestHandler.handleReadRequest(OzoneManagerRequestHandler.java:228) ~[ozone-manager-1.3.0-SNAPSHOT.jar:?]
	at org.apache.hadoop.ozone.protocolPB.OzoneManagerProtocolServerSideTranslatorPB.submitRequestDirectlyToOM(OzoneManagerProtocolServerSideTranslatorPB.java:276) ~[ozone-manager-1.3.0-SNAPSHOT.jar:?]
	at org.apache.hadoop.ozone.protocolPB.OzoneManagerProtocolServerSideTranslatorPB.processRequest(OzoneManagerProtocolServerSideTranslatorPB.java:205) ~[ozone-manager-1.3.0-SNAPSHOT.jar:?]
	at org.apache.hadoop.hdds.server.OzoneProtocolMessageDispatcher.processRequest(OzoneProtocolMessageDispatcher.java:87) [hdds-server-framework-1.3.0-SNAPSHOT.jar:?]
	at org.apache.hadoop.ozone.protocolPB.OzoneManagerProtocolServerSideTranslatorPB.submitRequest(OzoneManagerProtocolServerSideTranslatorPB.java:147) [ozone-manager-1.3.0-SNAPSHOT.jar:?]
	at org.apache.hadoop.ozone.protocol.proto.OzoneManagerProtocolProtos$OzoneManagerService$2.callBlockingMethod(OzoneManagerProtocolProtos.java) [ozone-interface-client-1.3.0-SNAPSHOT.jar:?]
	at org.apache.hadoop.ipc.ProtobufRpcEngine$Server.processCall(ProtobufRpcEngine.java:466) [hadoop-common-3.3.1.jar:?]
	at org.apache.hadoop.ipc.ProtobufRpcEngine2$Server$ProtoBufRpcInvoker.call(ProtobufRpcEngine2.java:574) [hadoop-common-3.3.1.jar:?]
	at org.apache.hadoop.ipc.ProtobufRpcEngine2$Server$ProtoBufRpcInvoker.call(ProtobufRpcEngine2.java:552) [hadoop-common-3.3.1.jar:?]
	at org.apache.hadoop.ipc.RPC$Server.call(RPC.java:1093) [hadoop-common-3.3.1.jar:?]
	at org.apache.hadoop.ipc.Server$RpcCall.run(Server.java:1035) [hadoop-common-3.3.1.jar:?]
	at org.apache.hadoop.ipc.Server$RpcCall.run(Server.java:963) [hadoop-common-3.3.1.jar:?]
	at java.security.AccessController.doPrivileged(Native Method) ~[?:1.8.0_345]
	at javax.security.auth.Subject.doAs(Subject.java:422) [?:1.8.0_345]
	at org.apache.hadoop.security.UserGroupInformation.doAs(UserGroupInformation.java:1878) [hadoop-common-3.3.1.jar:?]
	at org.apache.hadoop.ipc.Server$Handler.run(Server.java:2966) [hadoop-common-3.3.1.jar:?]
2022-09-28 15:57:03,599 [Time-limited test] WARN  ozone.BasicOzoneFileSystem (BasicOzoneFileSystem.java:getFileStatus(765)) - GetFileStatus failed for path /testBatchDelete/parent/childFolder/child6
java.io.FileNotFoundException: testBatchDelete/parent/childFolder/child6: No such file or directory!
	at org.apache.hadoop.fs.ozone.BasicOzoneClientAdapterImpl.getFileStatus(BasicOzoneClientAdapterImpl.java:369)
	at org.apache.hadoop.fs.ozone.BasicOzoneFileSystem.getFileStatus(BasicOzoneFileSystem.java:757)
	at org.apache.hadoop.fs.FileSystem.exists(FileSystem.java:1760)
	at org.apache.hadoop.fs.ozone.BasicOzoneFileSystem.exists(BasicOzoneFileSystem.java:804)
	at org.apache.hadoop.fs.ozone.TestOzoneFileSystem.testFileDelete(TestOzoneFileSystem.java:541)
	at sun.reflect.NativeMethodAccessorImpl.invoke0(Native Method)
	at sun.reflect.NativeMethodAccessorImpl.invoke(NativeMethodAccessorImpl.java:62)
	at sun.reflect.DelegatingMethodAccessorImpl.invoke(DelegatingMethodAccessorImpl.java:43)
	at java.lang.reflect.Method.invoke(Method.java:498)
	at org.junit.runners.model.FrameworkMethod$1.runReflectiveCall(FrameworkMethod.java:59)
	at org.junit.internal.runners.model.ReflectiveCallable.run(ReflectiveCallable.java:12)
	at org.junit.runners.model.FrameworkMethod.invokeExplosively(FrameworkMethod.java:56)
	at org.junit.internal.runners.statements.InvokeMethod.evaluate(InvokeMethod.java:17)
	at org.junit.internal.runners.statements.RunAfters.evaluate(RunAfters.java:27)
	at org.junit.internal.runners.statements.FailOnTimeout$CallableStatement.call(FailOnTimeout.java:288)
	at org.junit.internal.runners.statements.FailOnTimeout$CallableStatement.call(FailOnTimeout.java:282)
	at java.util.concurrent.FutureTask.run(FutureTask.java:266)
	at java.lang.Thread.run(Thread.java:750)
15:57:03.599 [IPC Server handler 1 on default port 41537] ERROR OMAudit - user=runner | ip=127.0.0.1 | op=GET_FILE_STATUS {volume=volume06113, bucket=bucket59830, key=testBatchDelete/parent/child7, dataSize=0, replicationConfig=null} | ret=FAILURE
org.apache.hadoop.ozone.om.exceptions.OMException: Unable to get file status: volume: volume06113 bucket: bucket59830 key: testBatchDelete/parent/child7
	at org.apache.hadoop.ozone.om.KeyManagerImpl.getOzoneFileStatus(KeyManagerImpl.java:1324) ~[ozone-manager-1.3.0-SNAPSHOT.jar:?]
	at org.apache.hadoop.ozone.om.KeyManagerImpl.getFileStatus(KeyManagerImpl.java:1254) ~[ozone-manager-1.3.0-SNAPSHOT.jar:?]
	at org.apache.hadoop.ozone.om.OzoneManager.getFileStatus(OzoneManager.java:3506) ~[ozone-manager-1.3.0-SNAPSHOT.jar:?]
	at org.apache.hadoop.ozone.protocolPB.OzoneManagerRequestHandler.getOzoneFileStatus(OzoneManagerRequestHandler.java:882) ~[ozone-manager-1.3.0-SNAPSHOT.jar:?]
	at org.apache.hadoop.ozone.protocolPB.OzoneManagerRequestHandler.handleReadRequest(OzoneManagerRequestHandler.java:228) ~[ozone-manager-1.3.0-SNAPSHOT.jar:?]
	at org.apache.hadoop.ozone.protocolPB.OzoneManagerProtocolServerSideTranslatorPB.submitRequestDirectlyToOM(OzoneManagerProtocolServerSideTranslatorPB.java:276) ~[ozone-manager-1.3.0-SNAPSHOT.jar:?]
	at org.apache.hadoop.ozone.protocolPB.OzoneManagerProtocolServerSideTranslatorPB.processRequest(OzoneManagerProtocolServerSideTranslatorPB.java:205) ~[ozone-manager-1.3.0-SNAPSHOT.jar:?]
	at org.apache.hadoop.hdds.server.OzoneProtocolMessageDispatcher.processRequest(OzoneProtocolMessageDispatcher.java:87) [hdds-server-framework-1.3.0-SNAPSHOT.jar:?]
	at org.apache.hadoop.ozone.protocolPB.OzoneManagerProtocolServerSideTranslatorPB.submitRequest(OzoneManagerProtocolServerSideTranslatorPB.java:147) [ozone-manager-1.3.0-SNAPSHOT.jar:?]
	at org.apache.hadoop.ozone.protocol.proto.OzoneManagerProtocolProtos$OzoneManagerService$2.callBlockingMethod(OzoneManagerProtocolProtos.java) [ozone-interface-client-1.3.0-SNAPSHOT.jar:?]
	at org.apache.hadoop.ipc.ProtobufRpcEngine$Server.processCall(ProtobufRpcEngine.java:466) [hadoop-common-3.3.1.jar:?]
	at org.apache.hadoop.ipc.ProtobufRpcEngine2$Server$ProtoBufRpcInvoker.call(ProtobufRpcEngine2.java:574) [hadoop-common-3.3.1.jar:?]
	at org.apache.hadoop.ipc.ProtobufRpcEngine2$Server$ProtoBufRpcInvoker.call(ProtobufRpcEngine2.java:552) [hadoop-common-3.3.1.jar:?]
	at org.apache.hadoop.ipc.RPC$Server.call(RPC.java:1093) [hadoop-common-3.3.1.jar:?]
	at org.apache.hadoop.ipc.Server$RpcCall.run(Server.java:1035) [hadoop-common-3.3.1.jar:?]
	at org.apache.hadoop.ipc.Server$RpcCall.run(Server.java:963) [hadoop-common-3.3.1.jar:?]
	at java.security.AccessController.doPrivileged(Native Method) ~[?:1.8.0_345]
	at javax.security.auth.Subject.doAs(Subject.java:422) [?:1.8.0_345]
	at org.apache.hadoop.security.UserGroupInformation.doAs(UserGroupInformation.java:1878) [hadoop-common-3.3.1.jar:?]
	at org.apache.hadoop.ipc.Server$Handler.run(Server.java:2966) [hadoop-common-3.3.1.jar:?]
2022-09-28 15:57:03,600 [Time-limited test] WARN  ozone.BasicOzoneFileSystem (BasicOzoneFileSystem.java:getFileStatus(765)) - GetFileStatus failed for path /testBatchDelete/parent/child7
java.io.FileNotFoundException: testBatchDelete/parent/child7: No such file or directory!
	at org.apache.hadoop.fs.ozone.BasicOzoneClientAdapterImpl.getFileStatus(BasicOzoneClientAdapterImpl.java:369)
	at org.apache.hadoop.fs.ozone.BasicOzoneFileSystem.getFileStatus(BasicOzoneFileSystem.java:757)
	at org.apache.hadoop.fs.FileSystem.exists(FileSystem.java:1760)
	at org.apache.hadoop.fs.ozone.BasicOzoneFileSystem.exists(BasicOzoneFileSystem.java:804)
	at org.apache.hadoop.fs.ozone.TestOzoneFileSystem.testFileDelete(TestOzoneFileSystem.java:536)
	at sun.reflect.NativeMethodAccessorImpl.invoke0(Native Method)
	at sun.reflect.NativeMethodAccessorImpl.invoke(NativeMethodAccessorImpl.java:62)
	at sun.reflect.DelegatingMethodAccessorImpl.invoke(DelegatingMethodAccessorImpl.java:43)
	at java.lang.reflect.Method.invoke(Method.java:498)
	at org.junit.runners.model.FrameworkMethod$1.runReflectiveCall(FrameworkMethod.java:59)
	at org.junit.internal.runners.model.ReflectiveCallable.run(ReflectiveCallable.java:12)
	at org.junit.runners.model.FrameworkMethod.invokeExplosively(FrameworkMethod.java:56)
	at org.junit.internal.runners.statements.InvokeMethod.evaluate(InvokeMethod.java:17)
	at org.junit.internal.runners.statements.RunAfters.evaluate(RunAfters.java:27)
	at org.junit.internal.runners.statements.FailOnTimeout$CallableStatement.call(FailOnTimeout.java:288)
	at org.junit.internal.runners.statements.FailOnTimeout$CallableStatement.call(FailOnTimeout.java:282)
	at java.util.concurrent.FutureTask.run(FutureTask.java:266)
	at java.lang.Thread.run(Thread.java:750)
15:57:03.600 [IPC Server handler 13 on default port 41537] ERROR OMAudit - user=runner | ip=127.0.0.1 | op=GET_FILE_STATUS {volume=volume06113, bucket=bucket59830, key=testBatchDelete/parent/childFolder/child7, dataSize=0, replicationConfig=null} | ret=FAILURE
org.apache.hadoop.ozone.om.exceptions.OMException: Unable to get file status: volume: volume06113 bucket: bucket59830 key: testBatchDelete/parent/childFolder/child7
	at org.apache.hadoop.ozone.om.KeyManagerImpl.getOzoneFileStatus(KeyManagerImpl.java:1324) ~[ozone-manager-1.3.0-SNAPSHOT.jar:?]
	at org.apache.hadoop.ozone.om.KeyManagerImpl.getFileStatus(KeyManagerImpl.java:1254) ~[ozone-manager-1.3.0-SNAPSHOT.jar:?]
	at org.apache.hadoop.ozone.om.OzoneManager.getFileStatus(OzoneManager.java:3506) ~[ozone-manager-1.3.0-SNAPSHOT.jar:?]
	at org.apache.hadoop.ozone.protocolPB.OzoneManagerRequestHandler.getOzoneFileStatus(OzoneManagerRequestHandler.java:882) ~[ozone-manager-1.3.0-SNAPSHOT.jar:?]
	at org.apache.hadoop.ozone.protocolPB.OzoneManagerRequestHandler.handleReadRequest(OzoneManagerRequestHandler.java:228) ~[ozone-manager-1.3.0-SNAPSHOT.jar:?]
	at org.apache.hadoop.ozone.protocolPB.OzoneManagerProtocolServerSideTranslatorPB.submitRequestDirectlyToOM(OzoneManagerProtocolServerSideTranslatorPB.java:276) ~[ozone-manager-1.3.0-SNAPSHOT.jar:?]
	at org.apache.hadoop.ozone.protocolPB.OzoneManagerProtocolServerSideTranslatorPB.processRequest(OzoneManagerProtocolServerSideTranslatorPB.java:205) ~[ozone-manager-1.3.0-SNAPSHOT.jar:?]
	at org.apache.hadoop.hdds.server.OzoneProtocolMessageDispatcher.processRequest(OzoneProtocolMessageDispatcher.java:87) [hdds-server-framework-1.3.0-SNAPSHOT.jar:?]
	at org.apache.hadoop.ozone.protocolPB.OzoneManagerProtocolServerSideTranslatorPB.submitRequest(OzoneManagerProtocolServerSideTranslatorPB.java:147) [ozone-manager-1.3.0-SNAPSHOT.jar:?]
	at org.apache.hadoop.ozone.protocol.proto.OzoneManagerProtocolProtos$OzoneManagerService$2.callBlockingMethod(OzoneManagerProtocolProtos.java) [ozone-interface-client-1.3.0-SNAPSHOT.jar:?]
	at org.apache.hadoop.ipc.ProtobufRpcEngine$Server.processCall(ProtobufRpcEngine.java:466) [hadoop-common-3.3.1.jar:?]
	at org.apache.hadoop.ipc.ProtobufRpcEngine2$Server$ProtoBufRpcInvoker.call(ProtobufRpcEngine2.java:574) [hadoop-common-3.3.1.jar:?]
	at org.apache.hadoop.ipc.ProtobufRpcEngine2$Server$ProtoBufRpcInvoker.call(ProtobufRpcEngine2.java:552) [hadoop-common-3.3.1.jar:?]
	at org.apache.hadoop.ipc.RPC$Server.call(RPC.java:1093) [hadoop-common-3.3.1.jar:?]
	at org.apache.hadoop.ipc.Server$RpcCall.run(Server.java:1035) [hadoop-common-3.3.1.jar:?]
	at org.apache.hadoop.ipc.Server$RpcCall.run(Server.java:963) [hadoop-common-3.3.1.jar:?]
	at java.security.AccessController.doPrivileged(Native Method) ~[?:1.8.0_345]
	at javax.security.auth.Subject.doAs(Subject.java:422) [?:1.8.0_345]
	at org.apache.hadoop.security.UserGroupInformation.doAs(UserGroupInformation.java:1878) [hadoop-common-3.3.1.jar:?]
	at org.apache.hadoop.ipc.Server$Handler.run(Server.java:2966) [hadoop-common-3.3.1.jar:?]
2022-09-28 15:57:03,601 [Time-limited test] WARN  ozone.BasicOzoneFileSystem (BasicOzoneFileSystem.java:getFileStatus(765)) - GetFileStatus failed for path /testBatchDelete/parent/childFolder/child7
java.io.FileNotFoundException: testBatchDelete/parent/childFolder/child7: No such file or directory!
	at org.apache.hadoop.fs.ozone.BasicOzoneClientAdapterImpl.getFileStatus(BasicOzoneClientAdapterImpl.java:369)
	at org.apache.hadoop.fs.ozone.BasicOzoneFileSystem.getFileStatus(BasicOzoneFileSystem.java:757)
	at org.apache.hadoop.fs.FileSystem.exists(FileSystem.java:1760)
	at org.apache.hadoop.fs.ozone.BasicOzoneFileSystem.exists(BasicOzoneFileSystem.java:804)
	at org.apache.hadoop.fs.ozone.TestOzoneFileSystem.testFileDelete(TestOzoneFileSystem.java:541)
	at sun.reflect.NativeMethodAccessorImpl.invoke0(Native Method)
	at sun.reflect.NativeMethodAccessorImpl.invoke(NativeMethodAccessorImpl.java:62)
	at sun.reflect.DelegatingMethodAccessorImpl.invoke(DelegatingMethodAccessorImpl.java:43)
	at java.lang.reflect.Method.invoke(Method.java:498)
	at org.junit.runners.model.FrameworkMethod$1.runReflectiveCall(FrameworkMethod.java:59)
	at org.junit.internal.runners.model.ReflectiveCallable.run(ReflectiveCallable.java:12)
	at org.junit.runners.model.FrameworkMethod.invokeExplosively(FrameworkMethod.java:56)
	at org.junit.internal.runners.statements.InvokeMethod.evaluate(InvokeMethod.java:17)
	at org.junit.internal.runners.statements.RunAfters.evaluate(RunAfters.java:27)
	at org.junit.internal.runners.statements.FailOnTimeout$CallableStatement.call(FailOnTimeout.java:288)
	at org.junit.internal.runners.statements.FailOnTimeout$CallableStatement.call(FailOnTimeout.java:282)
	at java.util.concurrent.FutureTask.run(FutureTask.java:266)
	at java.lang.Thread.run(Thread.java:750)
15:57:03.601 [IPC Server handler 10 on default port 41537] ERROR OMAudit - user=runner | ip=127.0.0.1 | op=GET_FILE_STATUS {volume=volume06113, bucket=bucket59830, key=testBatchDelete/parent, dataSize=0, replicationConfig=null} | ret=FAILURE
org.apache.hadoop.ozone.om.exceptions.OMException: Unable to get file status: volume: volume06113 bucket: bucket59830 key: testBatchDelete/parent
	at org.apache.hadoop.ozone.om.KeyManagerImpl.getOzoneFileStatus(KeyManagerImpl.java:1324) ~[ozone-manager-1.3.0-SNAPSHOT.jar:?]
	at org.apache.hadoop.ozone.om.KeyManagerImpl.getFileStatus(KeyManagerImpl.java:1254) ~[ozone-manager-1.3.0-SNAPSHOT.jar:?]
	at org.apache.hadoop.ozone.om.OzoneManager.getFileStatus(OzoneManager.java:3506) ~[ozone-manager-1.3.0-SNAPSHOT.jar:?]
	at org.apache.hadoop.ozone.protocolPB.OzoneManagerRequestHandler.getOzoneFileStatus(OzoneManagerRequestHandler.java:882) ~[ozone-manager-1.3.0-SNAPSHOT.jar:?]
	at org.apache.hadoop.ozone.protocolPB.OzoneManagerRequestHandler.handleReadRequest(OzoneManagerRequestHandler.java:228) ~[ozone-manager-1.3.0-SNAPSHOT.jar:?]
	at org.apache.hadoop.ozone.protocolPB.OzoneManagerProtocolServerSideTranslatorPB.submitRequestDirectlyToOM(OzoneManagerProtocolServerSideTranslatorPB.java:276) ~[ozone-manager-1.3.0-SNAPSHOT.jar:?]
	at org.apache.hadoop.ozone.protocolPB.OzoneManagerProtocolServerSideTranslatorPB.processRequest(OzoneManagerProtocolServerSideTranslatorPB.java:205) ~[ozone-manager-1.3.0-SNAPSHOT.jar:?]
	at org.apache.hadoop.hdds.server.OzoneProtocolMessageDispatcher.processRequest(OzoneProtocolMessageDispatcher.java:87) [hdds-server-framework-1.3.0-SNAPSHOT.jar:?]
	at org.apache.hadoop.ozone.protocolPB.OzoneManagerProtocolServerSideTranslatorPB.submitRequest(OzoneManagerProtocolServerSideTranslatorPB.java:147) [ozone-manager-1.3.0-SNAPSHOT.jar:?]
	at org.apache.hadoop.ozone.protocol.proto.OzoneManagerProtocolProtos$OzoneManagerService$2.callBlockingMethod(OzoneManagerProtocolProtos.java) [ozone-interface-client-1.3.0-SNAPSHOT.jar:?]
	at org.apache.hadoop.ipc.ProtobufRpcEngine$Server.processCall(ProtobufRpcEngine.java:466) [hadoop-common-3.3.1.jar:?]
	at org.apache.hadoop.ipc.ProtobufRpcEngine2$Server$ProtoBufRpcInvoker.call(ProtobufRpcEngine2.java:574) [hadoop-common-3.3.1.jar:?]
	at org.apache.hadoop.ipc.ProtobufRpcEngine2$Server$ProtoBufRpcInvoker.call(ProtobufRpcEngine2.java:552) [hadoop-common-3.3.1.jar:?]
	at org.apache.hadoop.ipc.RPC$Server.call(RPC.java:1093) [hadoop-common-3.3.1.jar:?]
	at org.apache.hadoop.ipc.Server$RpcCall.run(Server.java:1035) [hadoop-common-3.3.1.jar:?]
	at org.apache.hadoop.ipc.Server$RpcCall.run(Server.java:963) [hadoop-common-3.3.1.jar:?]
	at java.security.AccessController.doPrivileged(Native Method) ~[?:1.8.0_345]
	at javax.security.auth.Subject.doAs(Subject.java:422) [?:1.8.0_345]
	at org.apache.hadoop.security.UserGroupInformation.doAs(UserGroupInformation.java:1878) [hadoop-common-3.3.1.jar:?]
	at org.apache.hadoop.ipc.Server$Handler.run(Server.java:2966) [hadoop-common-3.3.1.jar:?]
2022-09-28 15:57:03,601 [Time-limited test] WARN  ozone.BasicOzoneFileSystem (BasicOzoneFileSystem.java:getFileStatus(765)) - GetFileStatus failed for path /testBatchDelete/parent
java.io.FileNotFoundException: testBatchDelete/parent: No such file or directory!
	at org.apache.hadoop.fs.ozone.BasicOzoneClientAdapterImpl.getFileStatus(BasicOzoneClientAdapterImpl.java:369)
	at org.apache.hadoop.fs.ozone.BasicOzoneFileSystem.getFileStatus(BasicOzoneFileSystem.java:757)
	at org.apache.hadoop.fs.ozone.BasicOzoneFileSystem.delete(BasicOzoneFileSystem.java:530)
	at org.apache.hadoop.fs.ozone.TestOzoneFileSystem.testFileDelete(TestOzoneFileSystem.java:545)
	at sun.reflect.NativeMethodAccessorImpl.invoke0(Native Method)
	at sun.reflect.NativeMethodAccessorImpl.invoke(NativeMethodAccessorImpl.java:62)
	at sun.reflect.DelegatingMethodAccessorImpl.invoke(DelegatingMethodAccessorImpl.java:43)
	at java.lang.reflect.Method.invoke(Method.java:498)
	at org.junit.runners.model.FrameworkMethod$1.runReflectiveCall(FrameworkMethod.java:59)
	at org.junit.internal.runners.model.ReflectiveCallable.run(ReflectiveCallable.java:12)
	at org.junit.runners.model.FrameworkMethod.invokeExplosively(FrameworkMethod.java:56)
	at org.junit.internal.runners.statements.InvokeMethod.evaluate(InvokeMethod.java:17)
	at org.junit.internal.runners.statements.RunAfters.evaluate(RunAfters.java:27)
	at org.junit.internal.runners.statements.FailOnTimeout$CallableStatement.call(FailOnTimeout.java:288)
	at org.junit.internal.runners.statements.FailOnTimeout$CallableStatement.call(FailOnTimeout.java:282)
	at java.util.concurrent.FutureTask.run(FutureTask.java:266)
	at java.lang.Thread.run(Thread.java:750)
2022-09-28 15:57:03,601 [Time-limited test] WARN  ozone.BasicOzoneFileSystem (BasicOzoneFileSystem.java:delete(532)) - delete: Path does not exist: /testBatchDelete/parent
]]></system-out>
  </testcase>
  <testcase name="testListStatusIteratorOnPageSize" classname="TestOzoneFileSystem" time="28.454">
    <system-out><![CDATA[2022-09-28 15:52:09,064 [Under Replicated Processor] INFO  replication.UnderReplicatedProcessor (UnderReplicatedProcessor.java:processAll(92)) - Processed 0 under replicated containers, failed processing 0
2022-09-28 15:52:09,072 [Over Replicated Processor] INFO  replication.OverReplicatedProcessor (OverReplicatedProcessor.java:processAll(90)) - Processed 0 over replicated containers, failed processing 0
]]></system-out>
  </testcase>
  <testcase name="testListStatusIteratorOnPageSize" classname="TestOzoneFileSystem" time="21.233"/>
  <testcase name="testListStatusIteratorOnPageSize" classname="TestOzoneFileSystem" time="37.633">
    <system-out><![CDATA[2022-09-28 15:55:15,474 [Under Replicated Processor] INFO  replication.UnderReplicatedProcessor (UnderReplicatedProcessor.java:processAll(92)) - Processed 0 under replicated containers, failed processing 0
2022-09-28 15:55:15,492 [Over Replicated Processor] INFO  replication.OverReplicatedProcessor (OverReplicatedProcessor.java:processAll(90)) - Processed 0 over replicated containers, failed processing 0
2022-09-28 15:55:45,475 [Under Replicated Processor] INFO  replication.UnderReplicatedProcessor (UnderReplicatedProcessor.java:processAll(92)) - Processed 0 under replicated containers, failed processing 0
2022-09-28 15:55:45,493 [Over Replicated Processor] INFO  replication.OverReplicatedProcessor (OverReplicatedProcessor.java:processAll(90)) - Processed 0 over replicated containers, failed processing 0
2022-09-28 15:55:47,986 [IPC Server handler 8 on default port 37715] INFO  ha.SequenceIdGenerator (SequenceIdGenerator.java:getNextId(128)) - Allocate a batch for delTxnId, change lastId from 0 to 1000.
]]></system-out>
  </testcase>
  <testcase name="testListStatusIteratorOnPageSize" classname="TestOzoneFileSystem" time="38.684">
    <system-out><![CDATA[2022-09-28 15:57:03,613 [8c5cbec5-1e98-45a3-8a83-5527ccbe40ad@group-BABD911B9D66-FollowerState] INFO  impl.FollowerState (FollowerState.java:run(143)) - 8c5cbec5-1e98-45a3-8a83-5527ccbe40ad@group-BABD911B9D66-FollowerState: change to CANDIDATE, lastRpcElapsedTime:5238645173ns, electionTimeout:5141ms
2022-09-28 15:57:03,613 [8c5cbec5-1e98-45a3-8a83-5527ccbe40ad@group-BABD911B9D66-FollowerState] INFO  impl.RoleInfo (RoleInfo.java:shutdownFollowerState(110)) - 8c5cbec5-1e98-45a3-8a83-5527ccbe40ad: shutdown 8c5cbec5-1e98-45a3-8a83-5527ccbe40ad@group-BABD911B9D66-FollowerState
2022-09-28 15:57:03,613 [8c5cbec5-1e98-45a3-8a83-5527ccbe40ad@group-BABD911B9D66-FollowerState] INFO  server.RaftServer$Division (RaftServerImpl.java:setRole(299)) - 8c5cbec5-1e98-45a3-8a83-5527ccbe40ad@group-BABD911B9D66: changes role from  FOLLOWER to CANDIDATE at term 3 for changeToCandidate
2022-09-28 15:57:03,614 [grpc-default-executor-2] INFO  server.RaftServer$Division (RaftServerImpl.java:requestVote(1152)) - 8c5cbec5-1e98-45a3-8a83-5527ccbe40ad@group-BABD911B9D66: receive requestVote(ELECTION, 34248cef-dc81-419d-a997-c38b939b47d3, group-BABD911B9D66, 4, (t:0, i:0))
2022-09-28 15:57:03,619 [grpc-default-executor-0] INFO  server.RaftServer$Division (RaftServerImpl.java:requestVote(1152)) - 0f80ef1a-6e1f-426a-9fb6-49677c19ba92@group-BABD911B9D66: receive requestVote(ELECTION, 34248cef-dc81-419d-a997-c38b939b47d3, group-BABD911B9D66, 4, (t:0, i:0))
2022-09-28 15:57:03,619 [grpc-default-executor-0] INFO  impl.VoteContext (VoteContext.java:log(48)) - 0f80ef1a-6e1f-426a-9fb6-49677c19ba92@group-BABD911B9D66-FOLLOWER: accept ELECTION from 34248cef-dc81-419d-a997-c38b939b47d3: our priority 0 <= candidate's priority 1
2022-09-28 15:57:03,619 [grpc-default-executor-0] INFO  server.RaftServer$Division (RaftServerImpl.java:setRole(299)) - 0f80ef1a-6e1f-426a-9fb6-49677c19ba92@group-BABD911B9D66: changes role from  FOLLOWER to FOLLOWER at term 4 for candidate:34248cef-dc81-419d-a997-c38b939b47d3
2022-09-28 15:57:03,619 [grpc-default-executor-0] INFO  impl.RoleInfo (RoleInfo.java:shutdownFollowerState(110)) - 0f80ef1a-6e1f-426a-9fb6-49677c19ba92: shutdown 0f80ef1a-6e1f-426a-9fb6-49677c19ba92@group-BABD911B9D66-FollowerState
2022-09-28 15:57:03,619 [grpc-default-executor-0] INFO  impl.RoleInfo (RoleInfo.java:updateAndGet(139)) - 0f80ef1a-6e1f-426a-9fb6-49677c19ba92: start 0f80ef1a-6e1f-426a-9fb6-49677c19ba92@group-BABD911B9D66-FollowerState
2022-09-28 15:57:03,621 [8c5cbec5-1e98-45a3-8a83-5527ccbe40ad@group-BABD911B9D66-FollowerState] INFO  server.RaftServerConfigKeys (ConfUtils.java:logGet(46)) - raft.server.leaderelection.pre-vote = false (custom)
2022-09-28 15:57:03,621 [8c5cbec5-1e98-45a3-8a83-5527ccbe40ad@group-BABD911B9D66-FollowerState] INFO  impl.RoleInfo (RoleInfo.java:updateAndGet(139)) - 8c5cbec5-1e98-45a3-8a83-5527ccbe40ad: start 8c5cbec5-1e98-45a3-8a83-5527ccbe40ad@group-BABD911B9D66-LeaderElection54
2022-09-28 15:57:03,622 [grpc-default-executor-0] INFO  server.RaftServer$Division (RaftServerImpl.java:requestVote(1184)) - 0f80ef1a-6e1f-426a-9fb6-49677c19ba92@group-BABD911B9D66 replies to ELECTION vote request: 34248cef-dc81-419d-a997-c38b939b47d3<-0f80ef1a-6e1f-426a-9fb6-49677c19ba92#0:OK-t4. Peer's state: 0f80ef1a-6e1f-426a-9fb6-49677c19ba92@group-BABD911B9D66:t4, leader=null, voted=34248cef-dc81-419d-a997-c38b939b47d3, raftlog=0f80ef1a-6e1f-426a-9fb6-49677c19ba92@group-BABD911B9D66-SegmentedRaftLog:OPENED:c-1, conf=-1: [8c5cbec5-1e98-45a3-8a83-5527ccbe40ad|rpc:10.1.1.55:44337|dataStream:|priority:0, 34248cef-dc81-419d-a997-c38b939b47d3|rpc:10.1.1.55:45713|dataStream:|priority:1, 0f80ef1a-6e1f-426a-9fb6-49677c19ba92|rpc:10.1.1.55:46649|dataStream:|priority:0], old=null
2022-09-28 15:57:03,660 [grpc-default-executor-2] INFO  impl.VoteContext (VoteContext.java:log(48)) - 8c5cbec5-1e98-45a3-8a83-5527ccbe40ad@group-BABD911B9D66-CANDIDATE: accept ELECTION from 34248cef-dc81-419d-a997-c38b939b47d3: our priority 0 <= candidate's priority 1
2022-09-28 15:57:03,660 [grpc-default-executor-2] INFO  server.RaftServer$Division (RaftServerImpl.java:setRole(299)) - 8c5cbec5-1e98-45a3-8a83-5527ccbe40ad@group-BABD911B9D66: changes role from CANDIDATE to FOLLOWER at term 4 for candidate:34248cef-dc81-419d-a997-c38b939b47d3
2022-09-28 15:57:03,660 [grpc-default-executor-2] INFO  impl.RoleInfo (RoleInfo.java:shutdownLeaderElection(130)) - 8c5cbec5-1e98-45a3-8a83-5527ccbe40ad: shutdown 8c5cbec5-1e98-45a3-8a83-5527ccbe40ad@group-BABD911B9D66-LeaderElection54
2022-09-28 15:57:03,660 [grpc-default-executor-2] INFO  impl.RoleInfo (RoleInfo.java:updateAndGet(139)) - 8c5cbec5-1e98-45a3-8a83-5527ccbe40ad: start 8c5cbec5-1e98-45a3-8a83-5527ccbe40ad@group-BABD911B9D66-FollowerState
2022-09-28 15:57:03,661 [8c5cbec5-1e98-45a3-8a83-5527ccbe40ad@group-BABD911B9D66-LeaderElection54] INFO  impl.LeaderElection (LeaderElection.java:run(231)) - 8c5cbec5-1e98-45a3-8a83-5527ccbe40ad@group-BABD911B9D66-LeaderElection54: skip running since this is already CLOSING
2022-09-28 15:57:03,679 [0f80ef1a-6e1f-426a-9fb6-49677c19ba92@group-BABD911B9D66-FollowerState] INFO  impl.FollowerState (FollowerState.java:run(152)) - 0f80ef1a-6e1f-426a-9fb6-49677c19ba92@group-BABD911B9D66-FollowerState was interrupted
2022-09-28 15:57:03,706 [grpc-default-executor-2] INFO  server.RaftServer$Division (RaftServerImpl.java:requestVote(1184)) - 8c5cbec5-1e98-45a3-8a83-5527ccbe40ad@group-BABD911B9D66 replies to ELECTION vote request: 34248cef-dc81-419d-a997-c38b939b47d3<-8c5cbec5-1e98-45a3-8a83-5527ccbe40ad#0:OK-t4. Peer's state: 8c5cbec5-1e98-45a3-8a83-5527ccbe40ad@group-BABD911B9D66:t4, leader=null, voted=34248cef-dc81-419d-a997-c38b939b47d3, raftlog=8c5cbec5-1e98-45a3-8a83-5527ccbe40ad@group-BABD911B9D66-SegmentedRaftLog:OPENED:c-1, conf=-1: [8c5cbec5-1e98-45a3-8a83-5527ccbe40ad|rpc:10.1.1.55:44337|priority:0, 34248cef-dc81-419d-a997-c38b939b47d3|rpc:10.1.1.55:45713|priority:1, 0f80ef1a-6e1f-426a-9fb6-49677c19ba92|rpc:10.1.1.55:46649|priority:0], old=null
2022-09-28 15:57:03,708 [34248cef-dc81-419d-a997-c38b939b47d3@group-BABD911B9D66-LeaderElection53] INFO  impl.LeaderElection (LeaderElection.java:logAndReturn(90)) - 34248cef-dc81-419d-a997-c38b939b47d3@group-BABD911B9D66-LeaderElection53: ELECTION PASSED received 1 response(s) and 0 exception(s):
2022-09-28 15:57:03,708 [34248cef-dc81-419d-a997-c38b939b47d3@group-BABD911B9D66-LeaderElection53] INFO  impl.LeaderElection (LeaderElection.java:logAndReturn(94)) -   Response 0: 34248cef-dc81-419d-a997-c38b939b47d3<-8c5cbec5-1e98-45a3-8a83-5527ccbe40ad#0:OK-t4
2022-09-28 15:57:03,708 [34248cef-dc81-419d-a997-c38b939b47d3@group-BABD911B9D66-LeaderElection53] INFO  impl.LeaderElection (LeaderElection.java:askForVotes(312)) - 34248cef-dc81-419d-a997-c38b939b47d3@group-BABD911B9D66-LeaderElection53 ELECTION round 0: result PASSED
2022-09-28 15:57:03,708 [34248cef-dc81-419d-a997-c38b939b47d3@group-BABD911B9D66-LeaderElection53] INFO  impl.RoleInfo (RoleInfo.java:shutdownLeaderElection(130)) - 34248cef-dc81-419d-a997-c38b939b47d3: shutdown 34248cef-dc81-419d-a997-c38b939b47d3@group-BABD911B9D66-LeaderElection53
2022-09-28 15:57:03,708 [34248cef-dc81-419d-a997-c38b939b47d3@group-BABD911B9D66-LeaderElection53] INFO  server.RaftServer$Division (RaftServerImpl.java:setRole(299)) - 34248cef-dc81-419d-a997-c38b939b47d3@group-BABD911B9D66: changes role from CANDIDATE to LEADER at term 4 for changeToLeader
2022-09-28 15:57:03,708 [34248cef-dc81-419d-a997-c38b939b47d3@group-BABD911B9D66-LeaderElection53] INFO  ratis.XceiverServerRatis (XceiverServerRatis.java:handleLeaderChangedNotification(863)) - Leader change notification received for group: group-BABD911B9D66 with new leaderId: 34248cef-dc81-419d-a997-c38b939b47d3
2022-09-28 15:57:03,708 [34248cef-dc81-419d-a997-c38b939b47d3@group-BABD911B9D66-LeaderElection53] INFO  server.RaftServer$Division (ServerState.java:setLeader(287)) - 34248cef-dc81-419d-a997-c38b939b47d3@group-BABD911B9D66: change Leader from null to 34248cef-dc81-419d-a997-c38b939b47d3 at term 4 for becomeLeader, leader elected after 20457ms
2022-09-28 15:57:03,708 [34248cef-dc81-419d-a997-c38b939b47d3@group-BABD911B9D66-LeaderElection53] INFO  server.RaftServerConfigKeys (ConfUtils.java:logGet(46)) - raft.server.staging.catchup.gap = 1000 (default)
2022-09-28 15:57:03,708 [34248cef-dc81-419d-a997-c38b939b47d3@group-BABD911B9D66-LeaderElection53] INFO  server.RaftServerConfigKeys (ConfUtils.java:logGet(46)) - raft.server.write.element-limit = 1024 (custom)
2022-09-28 15:57:03,708 [34248cef-dc81-419d-a997-c38b939b47d3@group-BABD911B9D66-LeaderElection53] INFO  server.RaftServerConfigKeys (ConfUtils.java:logGet(46)) - raft.server.write.byte-limit = 1024 M (=1073741824) (custom)
2022-09-28 15:57:03,709 [34248cef-dc81-419d-a997-c38b939b47d3@group-BABD911B9D66-LeaderElection53] INFO  server.RaftServerConfigKeys (ConfUtils.java:logGet(46)) - raft.server.watch.timeout = 180s (custom)
2022-09-28 15:57:03,709 [34248cef-dc81-419d-a997-c38b939b47d3@group-BABD911B9D66-LeaderElection53] INFO  server.RaftServerConfigKeys (ConfUtils.java:logGet(46)) - raft.server.watch.timeout.denomination = 1s (default)
2022-09-28 15:57:03,709 [34248cef-dc81-419d-a997-c38b939b47d3@group-BABD911B9D66-LeaderElection53] INFO  server.RaftServerConfigKeys (ConfUtils.java:logGet(46)) - raft.server.watch.element-limit = 65536 (default)
2022-09-28 15:57:03,709 [34248cef-dc81-419d-a997-c38b939b47d3@group-BABD911B9D66-LeaderElection53] INFO  server.RaftServerConfigKeys (ConfUtils.java:logGet(46)) - raft.server.write.element-limit = 1024 (custom)
2022-09-28 15:57:03,709 [34248cef-dc81-419d-a997-c38b939b47d3@group-BABD911B9D66-LeaderElection53] INFO  server.RaftServerConfigKeys (ConfUtils.java:logGet(46)) - raft.server.write.follower.gap.ratio.max = -1.0 (default)
2022-09-28 15:57:03,709 [34248cef-dc81-419d-a997-c38b939b47d3@group-BABD911B9D66-LeaderElection53] INFO  server.RaftServerConfigKeys (ConfUtils.java:logGet(46)) - raft.server.log.appender.snapshot.chunk.size.max = 16MB (=16777216) (default)
2022-09-28 15:57:03,710 [34248cef-dc81-419d-a997-c38b939b47d3@group-BABD911B9D66-LeaderElection53] INFO  server.RaftServerConfigKeys (ConfUtils.java:logGet(46)) - raft.server.log.appender.buffer.byte-limit = 33554432 (custom)
2022-09-28 15:57:03,710 [34248cef-dc81-419d-a997-c38b939b47d3@group-BABD911B9D66-LeaderElection53] INFO  server.RaftServerConfigKeys (ConfUtils.java:logGet(46)) - raft.server.log.appender.buffer.element-limit = 1 (custom)
2022-09-28 15:57:03,710 [34248cef-dc81-419d-a997-c38b939b47d3@group-BABD911B9D66-LeaderElection53] INFO  grpc.GrpcConfigKeys (ConfUtils.java:logGet(46)) - raft.grpc.server.leader.outstanding.appends.max = 128 (default)
2022-09-28 15:57:03,710 [34248cef-dc81-419d-a997-c38b939b47d3@group-BABD911B9D66-LeaderElection53] INFO  server.RaftServerConfigKeys (ConfUtils.java:logGet(46)) - raft.server.rpc.request.timeout = 60s (custom)
2022-09-28 15:57:03,710 [34248cef-dc81-419d-a997-c38b939b47d3@group-BABD911B9D66-LeaderElection53] INFO  server.RaftServerConfigKeys (ConfUtils.java:logGet(46)) - raft.server.log.appender.install.snapshot.enabled = false (custom)
2022-09-28 15:57:03,713 [EventQueue-PipelineReportForPipelineReportHandler] INFO  pipeline.PipelineManagerImpl (PipelineManagerImpl.java:openPipeline(367)) - Pipeline Pipeline[ Id: ce6d706e-81fa-47fd-a14a-babd911b9d66, Nodes: 0f80ef1a-6e1f-426a-9fb6-49677c19ba92{ip: 10.1.1.55, host: fv-az203-824.ild0l4k5vsluppoevu2oqvhmda.cx.internal.cloudapp.net, ports: [REPLICATION=38103, RATIS=46649, RATIS_ADMIN=46649, RATIS_SERVER=46649, STANDALONE=44263], networkLocation: /default-rack, certSerialId: null, persistedOpState: IN_SERVICE, persistedOpStateExpiryEpochSec: 0}8c5cbec5-1e98-45a3-8a83-5527ccbe40ad{ip: 10.1.1.55, host: fv-az203-824.ild0l4k5vsluppoevu2oqvhmda.cx.internal.cloudapp.net, ports: [REPLICATION=37543, RATIS=44337, RATIS_ADMIN=44337, RATIS_SERVER=44337, STANDALONE=46795], networkLocation: /default-rack, certSerialId: null, persistedOpState: IN_SERVICE, persistedOpStateExpiryEpochSec: 0}34248cef-dc81-419d-a997-c38b939b47d3{ip: 10.1.1.55, host: fv-az203-824.ild0l4k5vsluppoevu2oqvhmda.cx.internal.cloudapp.net, ports: [REPLICATION=33507, RATIS=45713, RATIS_ADMIN=45713, RATIS_SERVER=45713, STANDALONE=46519], networkLocation: /default-rack, certSerialId: null, persistedOpState: IN_SERVICE, persistedOpStateExpiryEpochSec: 0}, ReplicationConfig: RATIS/THREE, State:ALLOCATED, leaderId:34248cef-dc81-419d-a997-c38b939b47d3, CreationTimestamp2022-09-28T15:56:41.184Z[Etc/UTC]] moved to OPEN state
2022-09-28 15:57:03,736 [34248cef-dc81-419d-a997-c38b939b47d3@group-BABD911B9D66-LeaderElection53] INFO  server.RaftServerConfigKeys (ConfUtils.java:logGet(46)) - raft.server.log.appender.snapshot.chunk.size.max = 16MB (=16777216) (default)
2022-09-28 15:57:03,736 [34248cef-dc81-419d-a997-c38b939b47d3@group-BABD911B9D66-LeaderElection53] INFO  server.RaftServerConfigKeys (ConfUtils.java:logGet(46)) - raft.server.log.appender.buffer.byte-limit = 33554432 (custom)
2022-09-28 15:57:03,736 [34248cef-dc81-419d-a997-c38b939b47d3@group-BABD911B9D66-LeaderElection53] INFO  server.RaftServerConfigKeys (ConfUtils.java:logGet(46)) - raft.server.log.appender.buffer.element-limit = 1 (custom)
2022-09-28 15:57:03,736 [34248cef-dc81-419d-a997-c38b939b47d3@group-BABD911B9D66-LeaderElection53] INFO  grpc.GrpcConfigKeys (ConfUtils.java:logGet(46)) - raft.grpc.server.leader.outstanding.appends.max = 128 (default)
2022-09-28 15:57:03,737 [34248cef-dc81-419d-a997-c38b939b47d3@group-BABD911B9D66-LeaderElection53] INFO  server.RaftServerConfigKeys (ConfUtils.java:logGet(46)) - raft.server.rpc.request.timeout = 60s (custom)
2022-09-28 15:57:03,737 [34248cef-dc81-419d-a997-c38b939b47d3@group-BABD911B9D66-LeaderElection53] INFO  server.RaftServerConfigKeys (ConfUtils.java:logGet(46)) - raft.server.log.appender.install.snapshot.enabled = false (custom)
2022-09-28 15:57:03,737 [34248cef-dc81-419d-a997-c38b939b47d3@group-BABD911B9D66-LeaderElection53] INFO  impl.RoleInfo (RoleInfo.java:updateAndGet(139)) - 34248cef-dc81-419d-a997-c38b939b47d3: start 34248cef-dc81-419d-a997-c38b939b47d3@group-BABD911B9D66-LeaderStateImpl
2022-09-28 15:57:03,738 [34248cef-dc81-419d-a997-c38b939b47d3@group-BABD911B9D66-LeaderElection53] INFO  segmented.SegmentedRaftLogWorker (SegmentedRaftLogWorker.java:startLogSegment(425)) - 34248cef-dc81-419d-a997-c38b939b47d3@group-BABD911B9D66-SegmentedRaftLogWorker: Starting segment from index:0
2022-09-28 15:57:03,740 [34248cef-dc81-419d-a997-c38b939b47d3@group-BABD911B9D66-SegmentedRaftLogWorker] INFO  segmented.SegmentedRaftLogWorker (SegmentedRaftLogWorker.java:execute(629)) - 34248cef-dc81-419d-a997-c38b939b47d3@group-BABD911B9D66-SegmentedRaftLogWorker: created new log segment /home/runner/work/ozone/ozone/hadoop-ozone/integration-test/target/test-dir/MiniOzoneClusterImpl-3ec8252f-dc88-4027-b0d7-634db2a11e1f/datanode-1/data/ratis/ce6d706e-81fa-47fd-a14a-babd911b9d66/current/log_inprogress_0
2022-09-28 15:57:03,764 [34248cef-dc81-419d-a997-c38b939b47d3@group-BABD911B9D66-LeaderElection53] INFO  server.RaftServer$Division (ServerState.java:setRaftConf(393)) - 34248cef-dc81-419d-a997-c38b939b47d3@group-BABD911B9D66: set configuration 0: [8c5cbec5-1e98-45a3-8a83-5527ccbe40ad|rpc:10.1.1.55:44337|dataStream:|priority:0, 34248cef-dc81-419d-a997-c38b939b47d3|rpc:10.1.1.55:45713|dataStream:|priority:1, 0f80ef1a-6e1f-426a-9fb6-49677c19ba92|rpc:10.1.1.55:46649|dataStream:|priority:0], old=null
2022-09-28 15:57:03,788 [8c5cbec5-1e98-45a3-8a83-5527ccbe40ad-server-thread1] INFO  ratis.XceiverServerRatis (XceiverServerRatis.java:handleLeaderChangedNotification(863)) - Leader change notification received for group: group-BABD911B9D66 with new leaderId: 34248cef-dc81-419d-a997-c38b939b47d3
2022-09-28 15:57:03,788 [8c5cbec5-1e98-45a3-8a83-5527ccbe40ad-server-thread1] INFO  server.RaftServer$Division (ServerState.java:setLeader(287)) - 8c5cbec5-1e98-45a3-8a83-5527ccbe40ad@group-BABD911B9D66: change Leader from null to 34248cef-dc81-419d-a997-c38b939b47d3 at term 4 for appendEntries, leader elected after 21156ms
2022-09-28 15:57:03,827 [0f80ef1a-6e1f-426a-9fb6-49677c19ba92-server-thread1] INFO  ratis.XceiverServerRatis (XceiverServerRatis.java:handleLeaderChangedNotification(863)) - Leader change notification received for group: group-BABD911B9D66 with new leaderId: 34248cef-dc81-419d-a997-c38b939b47d3
2022-09-28 15:57:03,827 [0f80ef1a-6e1f-426a-9fb6-49677c19ba92-server-thread1] INFO  server.RaftServer$Division (ServerState.java:setLeader(287)) - 0f80ef1a-6e1f-426a-9fb6-49677c19ba92@group-BABD911B9D66: change Leader from null to 34248cef-dc81-419d-a997-c38b939b47d3 at term 4 for appendEntries, leader elected after 20835ms
2022-09-28 15:57:03,866 [0f80ef1a-6e1f-426a-9fb6-49677c19ba92-server-thread2] INFO  server.RaftServer$Division (ServerState.java:setRaftConf(393)) - 0f80ef1a-6e1f-426a-9fb6-49677c19ba92@group-BABD911B9D66: set configuration 0: [8c5cbec5-1e98-45a3-8a83-5527ccbe40ad|rpc:10.1.1.55:44337|dataStream:|priority:0, 34248cef-dc81-419d-a997-c38b939b47d3|rpc:10.1.1.55:45713|dataStream:|priority:1, 0f80ef1a-6e1f-426a-9fb6-49677c19ba92|rpc:10.1.1.55:46649|dataStream:|priority:0], old=null
2022-09-28 15:57:03,887 [8c5cbec5-1e98-45a3-8a83-5527ccbe40ad-server-thread1] INFO  server.RaftServer$Division (ServerState.java:setRaftConf(393)) - 8c5cbec5-1e98-45a3-8a83-5527ccbe40ad@group-BABD911B9D66: set configuration 0: [8c5cbec5-1e98-45a3-8a83-5527ccbe40ad|rpc:10.1.1.55:44337|dataStream:|priority:0, 34248cef-dc81-419d-a997-c38b939b47d3|rpc:10.1.1.55:45713|dataStream:|priority:1, 0f80ef1a-6e1f-426a-9fb6-49677c19ba92|rpc:10.1.1.55:46649|dataStream:|priority:0], old=null
2022-09-28 15:57:03,887 [8c5cbec5-1e98-45a3-8a83-5527ccbe40ad-server-thread1] INFO  segmented.SegmentedRaftLogWorker (SegmentedRaftLogWorker.java:startLogSegment(425)) - 8c5cbec5-1e98-45a3-8a83-5527ccbe40ad@group-BABD911B9D66-SegmentedRaftLogWorker: Starting segment from index:0
2022-09-28 15:57:03,888 [8c5cbec5-1e98-45a3-8a83-5527ccbe40ad@group-BABD911B9D66-SegmentedRaftLogWorker] INFO  segmented.SegmentedRaftLogWorker (SegmentedRaftLogWorker.java:execute(629)) - 8c5cbec5-1e98-45a3-8a83-5527ccbe40ad@group-BABD911B9D66-SegmentedRaftLogWorker: created new log segment /home/runner/work/ozone/ozone/hadoop-ozone/integration-test/target/test-dir/MiniOzoneClusterImpl-3ec8252f-dc88-4027-b0d7-634db2a11e1f/datanode-0/data/ratis/ce6d706e-81fa-47fd-a14a-babd911b9d66/current/log_inprogress_0
2022-09-28 15:57:03,906 [0f80ef1a-6e1f-426a-9fb6-49677c19ba92-server-thread2] INFO  segmented.SegmentedRaftLogWorker (SegmentedRaftLogWorker.java:startLogSegment(425)) - 0f80ef1a-6e1f-426a-9fb6-49677c19ba92@group-BABD911B9D66-SegmentedRaftLogWorker: Starting segment from index:0
2022-09-28 15:57:03,909 [0f80ef1a-6e1f-426a-9fb6-49677c19ba92@group-BABD911B9D66-SegmentedRaftLogWorker] INFO  segmented.SegmentedRaftLogWorker (SegmentedRaftLogWorker.java:execute(629)) - 0f80ef1a-6e1f-426a-9fb6-49677c19ba92@group-BABD911B9D66-SegmentedRaftLogWorker: created new log segment /home/runner/work/ozone/ozone/hadoop-ozone/integration-test/target/test-dir/MiniOzoneClusterImpl-3ec8252f-dc88-4027-b0d7-634db2a11e1f/datanode-2/data/ratis/ce6d706e-81fa-47fd-a14a-babd911b9d66/current/log_inprogress_0
2022-09-28 15:57:32,426 [Under Replicated Processor] INFO  replication.UnderReplicatedProcessor (UnderReplicatedProcessor.java:processAll(92)) - Processed 0 under replicated containers, failed processing 0
2022-09-28 15:57:32,441 [Over Replicated Processor] INFO  replication.OverReplicatedProcessor (OverReplicatedProcessor.java:processAll(90)) - Processed 0 over replicated containers, failed processing 0
2022-09-28 15:57:34,637 [IPC Server handler 9 on default port 43139] INFO  ha.SequenceIdGenerator (SequenceIdGenerator.java:getNextId(128)) - Allocate a batch for delTxnId, change lastId from 0 to 1000.
]]></system-out>
  </testcase>
  <testcase name="testRenameToTrashEnabled" classname="TestOzoneFileSystem" time="0.192">
    <system-out><![CDATA[15:52:31.745 [IPC Server handler 13 on default port 36317] ERROR OMAudit - user=runner | ip=127.0.0.1 | op=GET_FILE_STATUS {volume=volume24312, bucket=bucket55718, key=.Trash/runner/Current/testKey1, dataSize=0, replicationConfig=null} | ret=FAILURE
org.apache.hadoop.ozone.om.exceptions.OMException: Unable to get file status: volume: volume24312 bucket: bucket55718 key: .Trash/runner/Current/testKey1
	at org.apache.hadoop.ozone.om.KeyManagerImpl.getOzoneFileStatus(KeyManagerImpl.java:1324) ~[ozone-manager-1.3.0-SNAPSHOT.jar:?]
	at org.apache.hadoop.ozone.om.KeyManagerImpl.getFileStatus(KeyManagerImpl.java:1254) ~[ozone-manager-1.3.0-SNAPSHOT.jar:?]
	at org.apache.hadoop.ozone.om.OzoneManager.getFileStatus(OzoneManager.java:3506) ~[ozone-manager-1.3.0-SNAPSHOT.jar:?]
	at org.apache.hadoop.ozone.protocolPB.OzoneManagerRequestHandler.getOzoneFileStatus(OzoneManagerRequestHandler.java:882) ~[ozone-manager-1.3.0-SNAPSHOT.jar:?]
	at org.apache.hadoop.ozone.protocolPB.OzoneManagerRequestHandler.handleReadRequest(OzoneManagerRequestHandler.java:228) ~[ozone-manager-1.3.0-SNAPSHOT.jar:?]
	at org.apache.hadoop.ozone.protocolPB.OzoneManagerProtocolServerSideTranslatorPB.submitReadRequestToOM(OzoneManagerProtocolServerSideTranslatorPB.java:226) ~[ozone-manager-1.3.0-SNAPSHOT.jar:?]
	at org.apache.hadoop.ozone.protocolPB.OzoneManagerProtocolServerSideTranslatorPB.processRequest(OzoneManagerProtocolServerSideTranslatorPB.java:175) ~[ozone-manager-1.3.0-SNAPSHOT.jar:?]
	at org.apache.hadoop.hdds.server.OzoneProtocolMessageDispatcher.processRequest(OzoneProtocolMessageDispatcher.java:87) [hdds-server-framework-1.3.0-SNAPSHOT.jar:?]
	at org.apache.hadoop.ozone.protocolPB.OzoneManagerProtocolServerSideTranslatorPB.submitRequest(OzoneManagerProtocolServerSideTranslatorPB.java:147) [ozone-manager-1.3.0-SNAPSHOT.jar:?]
	at org.apache.hadoop.ozone.protocol.proto.OzoneManagerProtocolProtos$OzoneManagerService$2.callBlockingMethod(OzoneManagerProtocolProtos.java) [ozone-interface-client-1.3.0-SNAPSHOT.jar:?]
	at org.apache.hadoop.ipc.ProtobufRpcEngine$Server.processCall(ProtobufRpcEngine.java:466) [hadoop-common-3.3.1.jar:?]
	at org.apache.hadoop.ipc.ProtobufRpcEngine2$Server$ProtoBufRpcInvoker.call(ProtobufRpcEngine2.java:574) [hadoop-common-3.3.1.jar:?]
	at org.apache.hadoop.ipc.ProtobufRpcEngine2$Server$ProtoBufRpcInvoker.call(ProtobufRpcEngine2.java:552) [hadoop-common-3.3.1.jar:?]
	at org.apache.hadoop.ipc.RPC$Server.call(RPC.java:1093) [hadoop-common-3.3.1.jar:?]
	at org.apache.hadoop.ipc.Server$RpcCall.run(Server.java:1035) [hadoop-common-3.3.1.jar:?]
	at org.apache.hadoop.ipc.Server$RpcCall.run(Server.java:963) [hadoop-common-3.3.1.jar:?]
	at java.security.AccessController.doPrivileged(Native Method) ~[?:1.8.0_345]
	at javax.security.auth.Subject.doAs(Subject.java:422) [?:1.8.0_345]
	at org.apache.hadoop.security.UserGroupInformation.doAs(UserGroupInformation.java:1878) [hadoop-common-3.3.1.jar:?]
	at org.apache.hadoop.ipc.Server$Handler.run(Server.java:2966) [hadoop-common-3.3.1.jar:?]
2022-09-28 15:52:31,745 [Time-limited test] WARN  ozone.BasicOzoneFileSystem (BasicOzoneFileSystem.java:getFileStatus(765)) - GetFileStatus failed for path /.Trash/runner/Current/testKey1
java.io.FileNotFoundException: .Trash/runner/Current/testKey1: No such file or directory!
	at org.apache.hadoop.fs.ozone.BasicOzoneClientAdapterImpl.getFileStatus(BasicOzoneClientAdapterImpl.java:369)
	at org.apache.hadoop.fs.ozone.BasicOzoneFileSystem.getFileStatus(BasicOzoneFileSystem.java:757)
	at org.apache.hadoop.fs.FileSystem.exists(FileSystem.java:1760)
	at org.apache.hadoop.fs.ozone.BasicOzoneFileSystem.exists(BasicOzoneFileSystem.java:804)
	at org.apache.hadoop.fs.TrashPolicyDefault.moveToTrash(TrashPolicyDefault.java:181)
	at org.apache.hadoop.fs.Trash.moveToTrash(Trash.java:110)
	at org.apache.hadoop.fs.ozone.TestOzoneFileSystem.testRenameToTrashEnabled(TestOzoneFileSystem.java:1512)
	at sun.reflect.NativeMethodAccessorImpl.invoke0(Native Method)
	at sun.reflect.NativeMethodAccessorImpl.invoke(NativeMethodAccessorImpl.java:62)
	at sun.reflect.DelegatingMethodAccessorImpl.invoke(DelegatingMethodAccessorImpl.java:43)
	at java.lang.reflect.Method.invoke(Method.java:498)
	at org.junit.runners.model.FrameworkMethod$1.runReflectiveCall(FrameworkMethod.java:59)
	at org.junit.internal.runners.model.ReflectiveCallable.run(ReflectiveCallable.java:12)
	at org.junit.runners.model.FrameworkMethod.invokeExplosively(FrameworkMethod.java:56)
	at org.junit.internal.runners.statements.InvokeMethod.evaluate(InvokeMethod.java:17)
	at org.junit.internal.runners.statements.RunAfters.evaluate(RunAfters.java:27)
	at org.junit.internal.runners.statements.FailOnTimeout$CallableStatement.call(FailOnTimeout.java:288)
	at org.junit.internal.runners.statements.FailOnTimeout$CallableStatement.call(FailOnTimeout.java:282)
	at java.util.concurrent.FutureTask.run(FutureTask.java:266)
	at java.lang.Thread.run(Thread.java:750)
15:52:31.754 [IPC Server handler 10 on default port 36317] ERROR OMAudit - user=runner | ip=127.0.0.1 | op=GET_FILE_STATUS {volume=volume24312, bucket=bucket55718, key=.Trash/runner/Current/testKey1, dataSize=0, replicationConfig=null} | ret=FAILURE
org.apache.hadoop.ozone.om.exceptions.OMException: Unable to get file status: volume: volume24312 bucket: bucket55718 key: .Trash/runner/Current/testKey1
	at org.apache.hadoop.ozone.om.KeyManagerImpl.getOzoneFileStatus(KeyManagerImpl.java:1324) ~[ozone-manager-1.3.0-SNAPSHOT.jar:?]
	at org.apache.hadoop.ozone.om.KeyManagerImpl.getFileStatus(KeyManagerImpl.java:1254) ~[ozone-manager-1.3.0-SNAPSHOT.jar:?]
	at org.apache.hadoop.ozone.om.OzoneManager.getFileStatus(OzoneManager.java:3506) ~[ozone-manager-1.3.0-SNAPSHOT.jar:?]
	at org.apache.hadoop.ozone.protocolPB.OzoneManagerRequestHandler.getOzoneFileStatus(OzoneManagerRequestHandler.java:882) ~[ozone-manager-1.3.0-SNAPSHOT.jar:?]
	at org.apache.hadoop.ozone.protocolPB.OzoneManagerRequestHandler.handleReadRequest(OzoneManagerRequestHandler.java:228) ~[ozone-manager-1.3.0-SNAPSHOT.jar:?]
	at org.apache.hadoop.ozone.protocolPB.OzoneManagerProtocolServerSideTranslatorPB.submitReadRequestToOM(OzoneManagerProtocolServerSideTranslatorPB.java:226) ~[ozone-manager-1.3.0-SNAPSHOT.jar:?]
	at org.apache.hadoop.ozone.protocolPB.OzoneManagerProtocolServerSideTranslatorPB.processRequest(OzoneManagerProtocolServerSideTranslatorPB.java:175) ~[ozone-manager-1.3.0-SNAPSHOT.jar:?]
	at org.apache.hadoop.hdds.server.OzoneProtocolMessageDispatcher.processRequest(OzoneProtocolMessageDispatcher.java:87) [hdds-server-framework-1.3.0-SNAPSHOT.jar:?]
	at org.apache.hadoop.ozone.protocolPB.OzoneManagerProtocolServerSideTranslatorPB.submitRequest(OzoneManagerProtocolServerSideTranslatorPB.java:147) [ozone-manager-1.3.0-SNAPSHOT.jar:?]
	at org.apache.hadoop.ozone.protocol.proto.OzoneManagerProtocolProtos$OzoneManagerService$2.callBlockingMethod(OzoneManagerProtocolProtos.java) [ozone-interface-client-1.3.0-SNAPSHOT.jar:?]
	at org.apache.hadoop.ipc.ProtobufRpcEngine$Server.processCall(ProtobufRpcEngine.java:466) [hadoop-common-3.3.1.jar:?]
	at org.apache.hadoop.ipc.ProtobufRpcEngine2$Server$ProtoBufRpcInvoker.call(ProtobufRpcEngine2.java:574) [hadoop-common-3.3.1.jar:?]
	at org.apache.hadoop.ipc.ProtobufRpcEngine2$Server$ProtoBufRpcInvoker.call(ProtobufRpcEngine2.java:552) [hadoop-common-3.3.1.jar:?]
	at org.apache.hadoop.ipc.RPC$Server.call(RPC.java:1093) [hadoop-common-3.3.1.jar:?]
	at org.apache.hadoop.ipc.Server$RpcCall.run(Server.java:1035) [hadoop-common-3.3.1.jar:?]
	at org.apache.hadoop.ipc.Server$RpcCall.run(Server.java:963) [hadoop-common-3.3.1.jar:?]
	at java.security.AccessController.doPrivileged(Native Method) ~[?:1.8.0_345]
	at javax.security.auth.Subject.doAs(Subject.java:422) [?:1.8.0_345]
	at org.apache.hadoop.security.UserGroupInformation.doAs(UserGroupInformation.java:1878) [hadoop-common-3.3.1.jar:?]
	at org.apache.hadoop.ipc.Server$Handler.run(Server.java:2966) [hadoop-common-3.3.1.jar:?]
2022-09-28 15:52:31,754 [Time-limited test] WARN  ozone.BasicOzoneFileSystem (BasicOzoneFileSystem.java:getFileStatus(765)) - GetFileStatus failed for path /.Trash/runner/Current/testKey1
java.io.FileNotFoundException: .Trash/runner/Current/testKey1: No such file or directory!
	at org.apache.hadoop.fs.ozone.BasicOzoneClientAdapterImpl.getFileStatus(BasicOzoneClientAdapterImpl.java:369)
	at org.apache.hadoop.fs.ozone.BasicOzoneFileSystem.getFileStatus(BasicOzoneFileSystem.java:757)
	at org.apache.hadoop.fs.ozone.BasicOzoneFileSystem.rename(BasicOzoneFileSystem.java:357)
	at org.apache.hadoop.fs.ozone.BasicOzoneFileSystem.rename(BasicOzoneFileSystem.java:454)
	at org.apache.hadoop.fs.TrashPolicyDefault.moveToTrash(TrashPolicyDefault.java:186)
	at org.apache.hadoop.fs.Trash.moveToTrash(Trash.java:110)
	at org.apache.hadoop.fs.ozone.TestOzoneFileSystem.testRenameToTrashEnabled(TestOzoneFileSystem.java:1512)
	at sun.reflect.NativeMethodAccessorImpl.invoke0(Native Method)
	at sun.reflect.NativeMethodAccessorImpl.invoke(NativeMethodAccessorImpl.java:62)
	at sun.reflect.DelegatingMethodAccessorImpl.invoke(DelegatingMethodAccessorImpl.java:43)
	at java.lang.reflect.Method.invoke(Method.java:498)
	at org.junit.runners.model.FrameworkMethod$1.runReflectiveCall(FrameworkMethod.java:59)
	at org.junit.internal.runners.model.ReflectiveCallable.run(ReflectiveCallable.java:12)
	at org.junit.runners.model.FrameworkMethod.invokeExplosively(FrameworkMethod.java:56)
	at org.junit.internal.runners.statements.InvokeMethod.evaluate(InvokeMethod.java:17)
	at org.junit.internal.runners.statements.RunAfters.evaluate(RunAfters.java:27)
	at org.junit.internal.runners.statements.FailOnTimeout$CallableStatement.call(FailOnTimeout.java:288)
	at org.junit.internal.runners.statements.FailOnTimeout$CallableStatement.call(FailOnTimeout.java:282)
	at java.util.concurrent.FutureTask.run(FutureTask.java:266)
	at java.lang.Thread.run(Thread.java:750)
2022-09-28 15:52:31,761 [Time-limited test] INFO  fs.TrashPolicyDefault (TrashPolicyDefault.java:moveToTrash(188)) - Moved: '/testKey1' to trash at: /.Trash/runner/Current/testKey1
]]></system-out>
  </testcase>
  <testcase name="testRenameToTrashEnabled" classname="TestOzoneFileSystem" time="0.379">
    <system-out><![CDATA[15:54:06.840 [IPC Server handler 17 on default port 42319] ERROR OMAudit - user=runner | ip=127.0.0.1 | op=GET_FILE_STATUS {volume=volume00149, bucket=bucket04297, key=.Trash/runner/Current/testKey1, dataSize=0, replicationConfig=null} | ret=FAILURE
org.apache.hadoop.ozone.om.exceptions.OMException: Unable to get file status: volume: volume00149 bucket: bucket04297 key: .Trash/runner/Current/testKey1
	at org.apache.hadoop.ozone.om.KeyManagerImpl.getOzoneFileStatus(KeyManagerImpl.java:1324) ~[ozone-manager-1.3.0-SNAPSHOT.jar:?]
	at org.apache.hadoop.ozone.om.KeyManagerImpl.getFileStatus(KeyManagerImpl.java:1254) ~[ozone-manager-1.3.0-SNAPSHOT.jar:?]
	at org.apache.hadoop.ozone.om.OzoneManager.getFileStatus(OzoneManager.java:3506) ~[ozone-manager-1.3.0-SNAPSHOT.jar:?]
	at org.apache.hadoop.ozone.protocolPB.OzoneManagerRequestHandler.getOzoneFileStatus(OzoneManagerRequestHandler.java:882) ~[ozone-manager-1.3.0-SNAPSHOT.jar:?]
	at org.apache.hadoop.ozone.protocolPB.OzoneManagerRequestHandler.handleReadRequest(OzoneManagerRequestHandler.java:228) ~[ozone-manager-1.3.0-SNAPSHOT.jar:?]
	at org.apache.hadoop.ozone.protocolPB.OzoneManagerProtocolServerSideTranslatorPB.submitRequestDirectlyToOM(OzoneManagerProtocolServerSideTranslatorPB.java:276) ~[ozone-manager-1.3.0-SNAPSHOT.jar:?]
	at org.apache.hadoop.ozone.protocolPB.OzoneManagerProtocolServerSideTranslatorPB.processRequest(OzoneManagerProtocolServerSideTranslatorPB.java:205) ~[ozone-manager-1.3.0-SNAPSHOT.jar:?]
	at org.apache.hadoop.hdds.server.OzoneProtocolMessageDispatcher.processRequest(OzoneProtocolMessageDispatcher.java:87) [hdds-server-framework-1.3.0-SNAPSHOT.jar:?]
	at org.apache.hadoop.ozone.protocolPB.OzoneManagerProtocolServerSideTranslatorPB.submitRequest(OzoneManagerProtocolServerSideTranslatorPB.java:147) [ozone-manager-1.3.0-SNAPSHOT.jar:?]
	at org.apache.hadoop.ozone.protocol.proto.OzoneManagerProtocolProtos$OzoneManagerService$2.callBlockingMethod(OzoneManagerProtocolProtos.java) [ozone-interface-client-1.3.0-SNAPSHOT.jar:?]
	at org.apache.hadoop.ipc.ProtobufRpcEngine$Server.processCall(ProtobufRpcEngine.java:466) [hadoop-common-3.3.1.jar:?]
	at org.apache.hadoop.ipc.ProtobufRpcEngine2$Server$ProtoBufRpcInvoker.call(ProtobufRpcEngine2.java:574) [hadoop-common-3.3.1.jar:?]
	at org.apache.hadoop.ipc.ProtobufRpcEngine2$Server$ProtoBufRpcInvoker.call(ProtobufRpcEngine2.java:552) [hadoop-common-3.3.1.jar:?]
	at org.apache.hadoop.ipc.RPC$Server.call(RPC.java:1093) [hadoop-common-3.3.1.jar:?]
	at org.apache.hadoop.ipc.Server$RpcCall.run(Server.java:1035) [hadoop-common-3.3.1.jar:?]
	at org.apache.hadoop.ipc.Server$RpcCall.run(Server.java:963) [hadoop-common-3.3.1.jar:?]
	at java.security.AccessController.doPrivileged(Native Method) ~[?:1.8.0_345]
	at javax.security.auth.Subject.doAs(Subject.java:422) [?:1.8.0_345]
	at org.apache.hadoop.security.UserGroupInformation.doAs(UserGroupInformation.java:1878) [hadoop-common-3.3.1.jar:?]
	at org.apache.hadoop.ipc.Server$Handler.run(Server.java:2966) [hadoop-common-3.3.1.jar:?]
2022-09-28 15:54:06,841 [Time-limited test] WARN  ozone.BasicOzoneFileSystem (BasicOzoneFileSystem.java:getFileStatus(765)) - GetFileStatus failed for path /.Trash/runner/Current/testKey1
java.io.FileNotFoundException: .Trash/runner/Current/testKey1: No such file or directory!
	at org.apache.hadoop.fs.ozone.BasicOzoneClientAdapterImpl.getFileStatus(BasicOzoneClientAdapterImpl.java:369)
	at org.apache.hadoop.fs.ozone.BasicOzoneFileSystem.getFileStatus(BasicOzoneFileSystem.java:757)
	at org.apache.hadoop.fs.FileSystem.exists(FileSystem.java:1760)
	at org.apache.hadoop.fs.ozone.BasicOzoneFileSystem.exists(BasicOzoneFileSystem.java:804)
	at org.apache.hadoop.fs.TrashPolicyDefault.moveToTrash(TrashPolicyDefault.java:181)
	at org.apache.hadoop.fs.Trash.moveToTrash(Trash.java:110)
	at org.apache.hadoop.fs.ozone.TestOzoneFileSystem.testRenameToTrashEnabled(TestOzoneFileSystem.java:1512)
	at sun.reflect.NativeMethodAccessorImpl.invoke0(Native Method)
	at sun.reflect.NativeMethodAccessorImpl.invoke(NativeMethodAccessorImpl.java:62)
	at sun.reflect.DelegatingMethodAccessorImpl.invoke(DelegatingMethodAccessorImpl.java:43)
	at java.lang.reflect.Method.invoke(Method.java:498)
	at org.junit.runners.model.FrameworkMethod$1.runReflectiveCall(FrameworkMethod.java:59)
	at org.junit.internal.runners.model.ReflectiveCallable.run(ReflectiveCallable.java:12)
	at org.junit.runners.model.FrameworkMethod.invokeExplosively(FrameworkMethod.java:56)
	at org.junit.internal.runners.statements.InvokeMethod.evaluate(InvokeMethod.java:17)
	at org.junit.internal.runners.statements.RunAfters.evaluate(RunAfters.java:27)
	at org.junit.internal.runners.statements.FailOnTimeout$CallableStatement.call(FailOnTimeout.java:288)
	at org.junit.internal.runners.statements.FailOnTimeout$CallableStatement.call(FailOnTimeout.java:282)
	at java.util.concurrent.FutureTask.run(FutureTask.java:266)
	at java.lang.Thread.run(Thread.java:750)
15:54:06.844 [IPC Server handler 8 on default port 42319] ERROR OMAudit - user=runner | ip=127.0.0.1 | op=GET_FILE_STATUS {volume=volume00149, bucket=bucket04297, key=.Trash/runner/Current/testKey1, dataSize=0, replicationConfig=null} | ret=FAILURE
org.apache.hadoop.ozone.om.exceptions.OMException: Unable to get file status: volume: volume00149 bucket: bucket04297 key: .Trash/runner/Current/testKey1
	at org.apache.hadoop.ozone.om.KeyManagerImpl.getOzoneFileStatus(KeyManagerImpl.java:1324) ~[ozone-manager-1.3.0-SNAPSHOT.jar:?]
	at org.apache.hadoop.ozone.om.KeyManagerImpl.getFileStatus(KeyManagerImpl.java:1254) ~[ozone-manager-1.3.0-SNAPSHOT.jar:?]
	at org.apache.hadoop.ozone.om.OzoneManager.getFileStatus(OzoneManager.java:3506) ~[ozone-manager-1.3.0-SNAPSHOT.jar:?]
	at org.apache.hadoop.ozone.protocolPB.OzoneManagerRequestHandler.getOzoneFileStatus(OzoneManagerRequestHandler.java:882) ~[ozone-manager-1.3.0-SNAPSHOT.jar:?]
	at org.apache.hadoop.ozone.protocolPB.OzoneManagerRequestHandler.handleReadRequest(OzoneManagerRequestHandler.java:228) ~[ozone-manager-1.3.0-SNAPSHOT.jar:?]
	at org.apache.hadoop.ozone.protocolPB.OzoneManagerProtocolServerSideTranslatorPB.submitRequestDirectlyToOM(OzoneManagerProtocolServerSideTranslatorPB.java:276) ~[ozone-manager-1.3.0-SNAPSHOT.jar:?]
	at org.apache.hadoop.ozone.protocolPB.OzoneManagerProtocolServerSideTranslatorPB.processRequest(OzoneManagerProtocolServerSideTranslatorPB.java:205) ~[ozone-manager-1.3.0-SNAPSHOT.jar:?]
	at org.apache.hadoop.hdds.server.OzoneProtocolMessageDispatcher.processRequest(OzoneProtocolMessageDispatcher.java:87) [hdds-server-framework-1.3.0-SNAPSHOT.jar:?]
	at org.apache.hadoop.ozone.protocolPB.OzoneManagerProtocolServerSideTranslatorPB.submitRequest(OzoneManagerProtocolServerSideTranslatorPB.java:147) [ozone-manager-1.3.0-SNAPSHOT.jar:?]
	at org.apache.hadoop.ozone.protocol.proto.OzoneManagerProtocolProtos$OzoneManagerService$2.callBlockingMethod(OzoneManagerProtocolProtos.java) [ozone-interface-client-1.3.0-SNAPSHOT.jar:?]
	at org.apache.hadoop.ipc.ProtobufRpcEngine$Server.processCall(ProtobufRpcEngine.java:466) [hadoop-common-3.3.1.jar:?]
	at org.apache.hadoop.ipc.ProtobufRpcEngine2$Server$ProtoBufRpcInvoker.call(ProtobufRpcEngine2.java:574) [hadoop-common-3.3.1.jar:?]
	at org.apache.hadoop.ipc.ProtobufRpcEngine2$Server$ProtoBufRpcInvoker.call(ProtobufRpcEngine2.java:552) [hadoop-common-3.3.1.jar:?]
	at org.apache.hadoop.ipc.RPC$Server.call(RPC.java:1093) [hadoop-common-3.3.1.jar:?]
	at org.apache.hadoop.ipc.Server$RpcCall.run(Server.java:1035) [hadoop-common-3.3.1.jar:?]
	at org.apache.hadoop.ipc.Server$RpcCall.run(Server.java:963) [hadoop-common-3.3.1.jar:?]
	at java.security.AccessController.doPrivileged(Native Method) ~[?:1.8.0_345]
	at javax.security.auth.Subject.doAs(Subject.java:422) [?:1.8.0_345]
	at org.apache.hadoop.security.UserGroupInformation.doAs(UserGroupInformation.java:1878) [hadoop-common-3.3.1.jar:?]
	at org.apache.hadoop.ipc.Server$Handler.run(Server.java:2966) [hadoop-common-3.3.1.jar:?]
2022-09-28 15:54:06,847 [Time-limited test] WARN  ozone.BasicOzoneFileSystem (BasicOzoneFileSystem.java:getFileStatus(765)) - GetFileStatus failed for path /.Trash/runner/Current/testKey1
java.io.FileNotFoundException: .Trash/runner/Current/testKey1: No such file or directory!
	at org.apache.hadoop.fs.ozone.BasicOzoneClientAdapterImpl.getFileStatus(BasicOzoneClientAdapterImpl.java:369)
	at org.apache.hadoop.fs.ozone.BasicOzoneFileSystem.getFileStatus(BasicOzoneFileSystem.java:757)
	at org.apache.hadoop.fs.ozone.BasicOzoneFileSystem.rename(BasicOzoneFileSystem.java:357)
	at org.apache.hadoop.fs.ozone.BasicOzoneFileSystem.rename(BasicOzoneFileSystem.java:454)
	at org.apache.hadoop.fs.TrashPolicyDefault.moveToTrash(TrashPolicyDefault.java:186)
	at org.apache.hadoop.fs.Trash.moveToTrash(Trash.java:110)
	at org.apache.hadoop.fs.ozone.TestOzoneFileSystem.testRenameToTrashEnabled(TestOzoneFileSystem.java:1512)
	at sun.reflect.NativeMethodAccessorImpl.invoke0(Native Method)
	at sun.reflect.NativeMethodAccessorImpl.invoke(NativeMethodAccessorImpl.java:62)
	at sun.reflect.DelegatingMethodAccessorImpl.invoke(DelegatingMethodAccessorImpl.java:43)
	at java.lang.reflect.Method.invoke(Method.java:498)
	at org.junit.runners.model.FrameworkMethod$1.runReflectiveCall(FrameworkMethod.java:59)
	at org.junit.internal.runners.model.ReflectiveCallable.run(ReflectiveCallable.java:12)
	at org.junit.runners.model.FrameworkMethod.invokeExplosively(FrameworkMethod.java:56)
	at org.junit.internal.runners.statements.InvokeMethod.evaluate(InvokeMethod.java:17)
	at org.junit.internal.runners.statements.RunAfters.evaluate(RunAfters.java:27)
	at org.junit.internal.runners.statements.FailOnTimeout$CallableStatement.call(FailOnTimeout.java:288)
	at org.junit.internal.runners.statements.FailOnTimeout$CallableStatement.call(FailOnTimeout.java:282)
	at java.util.concurrent.FutureTask.run(FutureTask.java:266)
	at java.lang.Thread.run(Thread.java:750)
2022-09-28 15:54:06,852 [Time-limited test] INFO  fs.TrashPolicyDefault (TrashPolicyDefault.java:moveToTrash(188)) - Moved: '/testKey1' to trash at: /.Trash/runner/Current/testKey1
]]></system-out>
  </testcase>
  <testcase name="testRenameToTrashEnabled" classname="TestOzoneFileSystem" time="0.389">
    <system-out><![CDATA[15:55:48.916 [IPC Server handler 16 on default port 37257] ERROR OMAudit - user=runner | ip=127.0.0.1 | op=GET_FILE_STATUS {volume=volume14467, bucket=bucket64159, key=.Trash/runner/Current/testKey1, dataSize=0, replicationConfig=null} | ret=FAILURE
org.apache.hadoop.ozone.om.exceptions.OMException: Unable to get file status: volume: volume14467 bucket: bucket64159 key: .Trash/runner/Current/testKey1
	at org.apache.hadoop.ozone.om.KeyManagerImpl.getOzoneFileStatus(KeyManagerImpl.java:1324) ~[ozone-manager-1.3.0-SNAPSHOT.jar:?]
	at org.apache.hadoop.ozone.om.KeyManagerImpl.getFileStatus(KeyManagerImpl.java:1254) ~[ozone-manager-1.3.0-SNAPSHOT.jar:?]
	at org.apache.hadoop.ozone.om.OzoneManager.getFileStatus(OzoneManager.java:3506) ~[ozone-manager-1.3.0-SNAPSHOT.jar:?]
	at org.apache.hadoop.ozone.protocolPB.OzoneManagerRequestHandler.getOzoneFileStatus(OzoneManagerRequestHandler.java:882) ~[ozone-manager-1.3.0-SNAPSHOT.jar:?]
	at org.apache.hadoop.ozone.protocolPB.OzoneManagerRequestHandler.handleReadRequest(OzoneManagerRequestHandler.java:228) ~[ozone-manager-1.3.0-SNAPSHOT.jar:?]
	at org.apache.hadoop.ozone.protocolPB.OzoneManagerProtocolServerSideTranslatorPB.submitReadRequestToOM(OzoneManagerProtocolServerSideTranslatorPB.java:226) ~[ozone-manager-1.3.0-SNAPSHOT.jar:?]
	at org.apache.hadoop.ozone.protocolPB.OzoneManagerProtocolServerSideTranslatorPB.processRequest(OzoneManagerProtocolServerSideTranslatorPB.java:175) ~[ozone-manager-1.3.0-SNAPSHOT.jar:?]
	at org.apache.hadoop.hdds.server.OzoneProtocolMessageDispatcher.processRequest(OzoneProtocolMessageDispatcher.java:87) [hdds-server-framework-1.3.0-SNAPSHOT.jar:?]
	at org.apache.hadoop.ozone.protocolPB.OzoneManagerProtocolServerSideTranslatorPB.submitRequest(OzoneManagerProtocolServerSideTranslatorPB.java:147) [ozone-manager-1.3.0-SNAPSHOT.jar:?]
	at org.apache.hadoop.ozone.protocol.proto.OzoneManagerProtocolProtos$OzoneManagerService$2.callBlockingMethod(OzoneManagerProtocolProtos.java) [ozone-interface-client-1.3.0-SNAPSHOT.jar:?]
	at org.apache.hadoop.ipc.ProtobufRpcEngine$Server.processCall(ProtobufRpcEngine.java:466) [hadoop-common-3.3.1.jar:?]
	at org.apache.hadoop.ipc.ProtobufRpcEngine2$Server$ProtoBufRpcInvoker.call(ProtobufRpcEngine2.java:574) [hadoop-common-3.3.1.jar:?]
	at org.apache.hadoop.ipc.ProtobufRpcEngine2$Server$ProtoBufRpcInvoker.call(ProtobufRpcEngine2.java:552) [hadoop-common-3.3.1.jar:?]
	at org.apache.hadoop.ipc.RPC$Server.call(RPC.java:1093) [hadoop-common-3.3.1.jar:?]
	at org.apache.hadoop.ipc.Server$RpcCall.run(Server.java:1035) [hadoop-common-3.3.1.jar:?]
	at org.apache.hadoop.ipc.Server$RpcCall.run(Server.java:963) [hadoop-common-3.3.1.jar:?]
	at java.security.AccessController.doPrivileged(Native Method) ~[?:1.8.0_345]
	at javax.security.auth.Subject.doAs(Subject.java:422) [?:1.8.0_345]
	at org.apache.hadoop.security.UserGroupInformation.doAs(UserGroupInformation.java:1878) [hadoop-common-3.3.1.jar:?]
	at org.apache.hadoop.ipc.Server$Handler.run(Server.java:2966) [hadoop-common-3.3.1.jar:?]
2022-09-28 15:55:48,917 [Time-limited test] WARN  ozone.BasicOzoneFileSystem (BasicOzoneFileSystem.java:getFileStatus(765)) - GetFileStatus failed for path /.Trash/runner/Current/testKey1
java.io.FileNotFoundException: .Trash/runner/Current/testKey1: No such file or directory!
	at org.apache.hadoop.fs.ozone.BasicOzoneClientAdapterImpl.getFileStatus(BasicOzoneClientAdapterImpl.java:369)
	at org.apache.hadoop.fs.ozone.BasicOzoneFileSystem.getFileStatus(BasicOzoneFileSystem.java:757)
	at org.apache.hadoop.fs.FileSystem.exists(FileSystem.java:1760)
	at org.apache.hadoop.fs.ozone.BasicOzoneFileSystem.exists(BasicOzoneFileSystem.java:804)
	at org.apache.hadoop.fs.TrashPolicyDefault.moveToTrash(TrashPolicyDefault.java:181)
	at org.apache.hadoop.fs.Trash.moveToTrash(Trash.java:110)
	at org.apache.hadoop.fs.ozone.TestOzoneFileSystem.testRenameToTrashEnabled(TestOzoneFileSystem.java:1512)
	at sun.reflect.NativeMethodAccessorImpl.invoke0(Native Method)
	at sun.reflect.NativeMethodAccessorImpl.invoke(NativeMethodAccessorImpl.java:62)
	at sun.reflect.DelegatingMethodAccessorImpl.invoke(DelegatingMethodAccessorImpl.java:43)
	at java.lang.reflect.Method.invoke(Method.java:498)
	at org.junit.runners.model.FrameworkMethod$1.runReflectiveCall(FrameworkMethod.java:59)
	at org.junit.internal.runners.model.ReflectiveCallable.run(ReflectiveCallable.java:12)
	at org.junit.runners.model.FrameworkMethod.invokeExplosively(FrameworkMethod.java:56)
	at org.junit.internal.runners.statements.InvokeMethod.evaluate(InvokeMethod.java:17)
	at org.junit.internal.runners.statements.RunAfters.evaluate(RunAfters.java:27)
	at org.junit.internal.runners.statements.FailOnTimeout$CallableStatement.call(FailOnTimeout.java:288)
	at org.junit.internal.runners.statements.FailOnTimeout$CallableStatement.call(FailOnTimeout.java:282)
	at java.util.concurrent.FutureTask.run(FutureTask.java:266)
	at java.lang.Thread.run(Thread.java:750)
15:55:48.924 [IPC Server handler 5 on default port 37257] ERROR OMAudit - user=runner | ip=127.0.0.1 | op=GET_FILE_STATUS {volume=volume14467, bucket=bucket64159, key=.Trash/runner/Current/testKey1, dataSize=0, replicationConfig=null} | ret=FAILURE
org.apache.hadoop.ozone.om.exceptions.OMException: Unable to get file status: volume: volume14467 bucket: bucket64159 key: .Trash/runner/Current/testKey1
	at org.apache.hadoop.ozone.om.KeyManagerImpl.getOzoneFileStatus(KeyManagerImpl.java:1324) ~[ozone-manager-1.3.0-SNAPSHOT.jar:?]
	at org.apache.hadoop.ozone.om.KeyManagerImpl.getFileStatus(KeyManagerImpl.java:1254) ~[ozone-manager-1.3.0-SNAPSHOT.jar:?]
	at org.apache.hadoop.ozone.om.OzoneManager.getFileStatus(OzoneManager.java:3506) ~[ozone-manager-1.3.0-SNAPSHOT.jar:?]
	at org.apache.hadoop.ozone.protocolPB.OzoneManagerRequestHandler.getOzoneFileStatus(OzoneManagerRequestHandler.java:882) ~[ozone-manager-1.3.0-SNAPSHOT.jar:?]
	at org.apache.hadoop.ozone.protocolPB.OzoneManagerRequestHandler.handleReadRequest(OzoneManagerRequestHandler.java:228) ~[ozone-manager-1.3.0-SNAPSHOT.jar:?]
	at org.apache.hadoop.ozone.protocolPB.OzoneManagerProtocolServerSideTranslatorPB.submitReadRequestToOM(OzoneManagerProtocolServerSideTranslatorPB.java:226) ~[ozone-manager-1.3.0-SNAPSHOT.jar:?]
	at org.apache.hadoop.ozone.protocolPB.OzoneManagerProtocolServerSideTranslatorPB.processRequest(OzoneManagerProtocolServerSideTranslatorPB.java:175) ~[ozone-manager-1.3.0-SNAPSHOT.jar:?]
	at org.apache.hadoop.hdds.server.OzoneProtocolMessageDispatcher.processRequest(OzoneProtocolMessageDispatcher.java:87) [hdds-server-framework-1.3.0-SNAPSHOT.jar:?]
	at org.apache.hadoop.ozone.protocolPB.OzoneManagerProtocolServerSideTranslatorPB.submitRequest(OzoneManagerProtocolServerSideTranslatorPB.java:147) [ozone-manager-1.3.0-SNAPSHOT.jar:?]
	at org.apache.hadoop.ozone.protocol.proto.OzoneManagerProtocolProtos$OzoneManagerService$2.callBlockingMethod(OzoneManagerProtocolProtos.java) [ozone-interface-client-1.3.0-SNAPSHOT.jar:?]
	at org.apache.hadoop.ipc.ProtobufRpcEngine$Server.processCall(ProtobufRpcEngine.java:466) [hadoop-common-3.3.1.jar:?]
	at org.apache.hadoop.ipc.ProtobufRpcEngine2$Server$ProtoBufRpcInvoker.call(ProtobufRpcEngine2.java:574) [hadoop-common-3.3.1.jar:?]
	at org.apache.hadoop.ipc.ProtobufRpcEngine2$Server$ProtoBufRpcInvoker.call(ProtobufRpcEngine2.java:552) [hadoop-common-3.3.1.jar:?]
	at org.apache.hadoop.ipc.RPC$Server.call(RPC.java:1093) [hadoop-common-3.3.1.jar:?]
	at org.apache.hadoop.ipc.Server$RpcCall.run(Server.java:1035) [hadoop-common-3.3.1.jar:?]
	at org.apache.hadoop.ipc.Server$RpcCall.run(Server.java:963) [hadoop-common-3.3.1.jar:?]
	at java.security.AccessController.doPrivileged(Native Method) ~[?:1.8.0_345]
	at javax.security.auth.Subject.doAs(Subject.java:422) [?:1.8.0_345]
	at org.apache.hadoop.security.UserGroupInformation.doAs(UserGroupInformation.java:1878) [hadoop-common-3.3.1.jar:?]
	at org.apache.hadoop.ipc.Server$Handler.run(Server.java:2966) [hadoop-common-3.3.1.jar:?]
2022-09-28 15:55:48,925 [Time-limited test] WARN  ozone.BasicOzoneFileSystem (BasicOzoneFileSystem.java:getFileStatus(765)) - GetFileStatus failed for path /.Trash/runner/Current/testKey1
java.io.FileNotFoundException: .Trash/runner/Current/testKey1: No such file or directory!
	at org.apache.hadoop.fs.ozone.BasicOzoneClientAdapterImpl.getFileStatus(BasicOzoneClientAdapterImpl.java:369)
	at org.apache.hadoop.fs.ozone.BasicOzoneFileSystem.getFileStatus(BasicOzoneFileSystem.java:757)
	at org.apache.hadoop.fs.ozone.BasicOzoneFileSystem.rename(BasicOzoneFileSystem.java:357)
	at org.apache.hadoop.fs.ozone.BasicOzoneFileSystem.rename(BasicOzoneFileSystem.java:454)
	at org.apache.hadoop.fs.TrashPolicyDefault.moveToTrash(TrashPolicyDefault.java:186)
	at org.apache.hadoop.fs.Trash.moveToTrash(Trash.java:110)
	at org.apache.hadoop.fs.ozone.TestOzoneFileSystem.testRenameToTrashEnabled(TestOzoneFileSystem.java:1512)
	at sun.reflect.NativeMethodAccessorImpl.invoke0(Native Method)
	at sun.reflect.NativeMethodAccessorImpl.invoke(NativeMethodAccessorImpl.java:62)
	at sun.reflect.DelegatingMethodAccessorImpl.invoke(DelegatingMethodAccessorImpl.java:43)
	at java.lang.reflect.Method.invoke(Method.java:498)
	at org.junit.runners.model.FrameworkMethod$1.runReflectiveCall(FrameworkMethod.java:59)
	at org.junit.internal.runners.model.ReflectiveCallable.run(ReflectiveCallable.java:12)
	at org.junit.runners.model.FrameworkMethod.invokeExplosively(FrameworkMethod.java:56)
	at org.junit.internal.runners.statements.InvokeMethod.evaluate(InvokeMethod.java:17)
	at org.junit.internal.runners.statements.RunAfters.evaluate(RunAfters.java:27)
	at org.junit.internal.runners.statements.FailOnTimeout$CallableStatement.call(FailOnTimeout.java:288)
	at org.junit.internal.runners.statements.FailOnTimeout$CallableStatement.call(FailOnTimeout.java:282)
	at java.util.concurrent.FutureTask.run(FutureTask.java:266)
	at java.lang.Thread.run(Thread.java:750)
2022-09-28 15:55:48,935 [Time-limited test] INFO  fs.TrashPolicyDefault (TrashPolicyDefault.java:moveToTrash(188)) - Moved: '/testKey1' to trash at: /.Trash/runner/Current/testKey1
]]></system-out>
  </testcase>
  <testcase name="testRenameToTrashEnabled" classname="TestOzoneFileSystem" time="0.67">
    <system-out><![CDATA[15:57:42.898 [IPC Server handler 15 on default port 41537] ERROR OMAudit - user=runner | ip=127.0.0.1 | op=GET_FILE_STATUS {volume=volume06113, bucket=bucket59830, key=.Trash/runner/Current/testKey1, dataSize=0, replicationConfig=null} | ret=FAILURE
org.apache.hadoop.ozone.om.exceptions.OMException: Unable to get file status: volume: volume06113 bucket: bucket59830 key: .Trash/runner/Current/testKey1
	at org.apache.hadoop.ozone.om.KeyManagerImpl.getOzoneFileStatus(KeyManagerImpl.java:1324) ~[ozone-manager-1.3.0-SNAPSHOT.jar:?]
	at org.apache.hadoop.ozone.om.KeyManagerImpl.getFileStatus(KeyManagerImpl.java:1254) ~[ozone-manager-1.3.0-SNAPSHOT.jar:?]
	at org.apache.hadoop.ozone.om.OzoneManager.getFileStatus(OzoneManager.java:3506) ~[ozone-manager-1.3.0-SNAPSHOT.jar:?]
	at org.apache.hadoop.ozone.protocolPB.OzoneManagerRequestHandler.getOzoneFileStatus(OzoneManagerRequestHandler.java:882) ~[ozone-manager-1.3.0-SNAPSHOT.jar:?]
	at org.apache.hadoop.ozone.protocolPB.OzoneManagerRequestHandler.handleReadRequest(OzoneManagerRequestHandler.java:228) ~[ozone-manager-1.3.0-SNAPSHOT.jar:?]
	at org.apache.hadoop.ozone.protocolPB.OzoneManagerProtocolServerSideTranslatorPB.submitRequestDirectlyToOM(OzoneManagerProtocolServerSideTranslatorPB.java:276) ~[ozone-manager-1.3.0-SNAPSHOT.jar:?]
	at org.apache.hadoop.ozone.protocolPB.OzoneManagerProtocolServerSideTranslatorPB.processRequest(OzoneManagerProtocolServerSideTranslatorPB.java:205) ~[ozone-manager-1.3.0-SNAPSHOT.jar:?]
	at org.apache.hadoop.hdds.server.OzoneProtocolMessageDispatcher.processRequest(OzoneProtocolMessageDispatcher.java:87) [hdds-server-framework-1.3.0-SNAPSHOT.jar:?]
	at org.apache.hadoop.ozone.protocolPB.OzoneManagerProtocolServerSideTranslatorPB.submitRequest(OzoneManagerProtocolServerSideTranslatorPB.java:147) [ozone-manager-1.3.0-SNAPSHOT.jar:?]
	at org.apache.hadoop.ozone.protocol.proto.OzoneManagerProtocolProtos$OzoneManagerService$2.callBlockingMethod(OzoneManagerProtocolProtos.java) [ozone-interface-client-1.3.0-SNAPSHOT.jar:?]
	at org.apache.hadoop.ipc.ProtobufRpcEngine$Server.processCall(ProtobufRpcEngine.java:466) [hadoop-common-3.3.1.jar:?]
	at org.apache.hadoop.ipc.ProtobufRpcEngine2$Server$ProtoBufRpcInvoker.call(ProtobufRpcEngine2.java:574) [hadoop-common-3.3.1.jar:?]
	at org.apache.hadoop.ipc.ProtobufRpcEngine2$Server$ProtoBufRpcInvoker.call(ProtobufRpcEngine2.java:552) [hadoop-common-3.3.1.jar:?]
	at org.apache.hadoop.ipc.RPC$Server.call(RPC.java:1093) [hadoop-common-3.3.1.jar:?]
	at org.apache.hadoop.ipc.Server$RpcCall.run(Server.java:1035) [hadoop-common-3.3.1.jar:?]
	at org.apache.hadoop.ipc.Server$RpcCall.run(Server.java:963) [hadoop-common-3.3.1.jar:?]
	at java.security.AccessController.doPrivileged(Native Method) ~[?:1.8.0_345]
	at javax.security.auth.Subject.doAs(Subject.java:422) [?:1.8.0_345]
	at org.apache.hadoop.security.UserGroupInformation.doAs(UserGroupInformation.java:1878) [hadoop-common-3.3.1.jar:?]
	at org.apache.hadoop.ipc.Server$Handler.run(Server.java:2966) [hadoop-common-3.3.1.jar:?]
2022-09-28 15:57:42,898 [Time-limited test] WARN  ozone.BasicOzoneFileSystem (BasicOzoneFileSystem.java:getFileStatus(765)) - GetFileStatus failed for path /.Trash/runner/Current/testKey1
java.io.FileNotFoundException: .Trash/runner/Current/testKey1: No such file or directory!
	at org.apache.hadoop.fs.ozone.BasicOzoneClientAdapterImpl.getFileStatus(BasicOzoneClientAdapterImpl.java:369)
	at org.apache.hadoop.fs.ozone.BasicOzoneFileSystem.getFileStatus(BasicOzoneFileSystem.java:757)
	at org.apache.hadoop.fs.FileSystem.exists(FileSystem.java:1760)
	at org.apache.hadoop.fs.ozone.BasicOzoneFileSystem.exists(BasicOzoneFileSystem.java:804)
	at org.apache.hadoop.fs.TrashPolicyDefault.moveToTrash(TrashPolicyDefault.java:181)
	at org.apache.hadoop.fs.Trash.moveToTrash(Trash.java:110)
	at org.apache.hadoop.fs.ozone.TestOzoneFileSystem.testRenameToTrashEnabled(TestOzoneFileSystem.java:1512)
	at sun.reflect.NativeMethodAccessorImpl.invoke0(Native Method)
	at sun.reflect.NativeMethodAccessorImpl.invoke(NativeMethodAccessorImpl.java:62)
	at sun.reflect.DelegatingMethodAccessorImpl.invoke(DelegatingMethodAccessorImpl.java:43)
	at java.lang.reflect.Method.invoke(Method.java:498)
	at org.junit.runners.model.FrameworkMethod$1.runReflectiveCall(FrameworkMethod.java:59)
	at org.junit.internal.runners.model.ReflectiveCallable.run(ReflectiveCallable.java:12)
	at org.junit.runners.model.FrameworkMethod.invokeExplosively(FrameworkMethod.java:56)
	at org.junit.internal.runners.statements.InvokeMethod.evaluate(InvokeMethod.java:17)
	at org.junit.internal.runners.statements.RunAfters.evaluate(RunAfters.java:27)
	at org.junit.internal.runners.statements.FailOnTimeout$CallableStatement.call(FailOnTimeout.java:288)
	at org.junit.internal.runners.statements.FailOnTimeout$CallableStatement.call(FailOnTimeout.java:282)
	at java.util.concurrent.FutureTask.run(FutureTask.java:266)
	at java.lang.Thread.run(Thread.java:750)
15:57:42.912 [IPC Server handler 12 on default port 41537] ERROR OMAudit - user=runner | ip=127.0.0.1 | op=GET_FILE_STATUS {volume=volume06113, bucket=bucket59830, key=.Trash/runner/Current/testKey1, dataSize=0, replicationConfig=null} | ret=FAILURE
org.apache.hadoop.ozone.om.exceptions.OMException: Unable to get file status: volume: volume06113 bucket: bucket59830 key: .Trash/runner/Current/testKey1
	at org.apache.hadoop.ozone.om.KeyManagerImpl.getOzoneFileStatus(KeyManagerImpl.java:1324) ~[ozone-manager-1.3.0-SNAPSHOT.jar:?]
	at org.apache.hadoop.ozone.om.KeyManagerImpl.getFileStatus(KeyManagerImpl.java:1254) ~[ozone-manager-1.3.0-SNAPSHOT.jar:?]
	at org.apache.hadoop.ozone.om.OzoneManager.getFileStatus(OzoneManager.java:3506) ~[ozone-manager-1.3.0-SNAPSHOT.jar:?]
	at org.apache.hadoop.ozone.protocolPB.OzoneManagerRequestHandler.getOzoneFileStatus(OzoneManagerRequestHandler.java:882) ~[ozone-manager-1.3.0-SNAPSHOT.jar:?]
	at org.apache.hadoop.ozone.protocolPB.OzoneManagerRequestHandler.handleReadRequest(OzoneManagerRequestHandler.java:228) ~[ozone-manager-1.3.0-SNAPSHOT.jar:?]
	at org.apache.hadoop.ozone.protocolPB.OzoneManagerProtocolServerSideTranslatorPB.submitRequestDirectlyToOM(OzoneManagerProtocolServerSideTranslatorPB.java:276) ~[ozone-manager-1.3.0-SNAPSHOT.jar:?]
	at org.apache.hadoop.ozone.protocolPB.OzoneManagerProtocolServerSideTranslatorPB.processRequest(OzoneManagerProtocolServerSideTranslatorPB.java:205) ~[ozone-manager-1.3.0-SNAPSHOT.jar:?]
	at org.apache.hadoop.hdds.server.OzoneProtocolMessageDispatcher.processRequest(OzoneProtocolMessageDispatcher.java:87) [hdds-server-framework-1.3.0-SNAPSHOT.jar:?]
	at org.apache.hadoop.ozone.protocolPB.OzoneManagerProtocolServerSideTranslatorPB.submitRequest(OzoneManagerProtocolServerSideTranslatorPB.java:147) [ozone-manager-1.3.0-SNAPSHOT.jar:?]
	at org.apache.hadoop.ozone.protocol.proto.OzoneManagerProtocolProtos$OzoneManagerService$2.callBlockingMethod(OzoneManagerProtocolProtos.java) [ozone-interface-client-1.3.0-SNAPSHOT.jar:?]
	at org.apache.hadoop.ipc.ProtobufRpcEngine$Server.processCall(ProtobufRpcEngine.java:466) [hadoop-common-3.3.1.jar:?]
	at org.apache.hadoop.ipc.ProtobufRpcEngine2$Server$ProtoBufRpcInvoker.call(ProtobufRpcEngine2.java:574) [hadoop-common-3.3.1.jar:?]
	at org.apache.hadoop.ipc.ProtobufRpcEngine2$Server$ProtoBufRpcInvoker.call(ProtobufRpcEngine2.java:552) [hadoop-common-3.3.1.jar:?]
	at org.apache.hadoop.ipc.RPC$Server.call(RPC.java:1093) [hadoop-common-3.3.1.jar:?]
	at org.apache.hadoop.ipc.Server$RpcCall.run(Server.java:1035) [hadoop-common-3.3.1.jar:?]
	at org.apache.hadoop.ipc.Server$RpcCall.run(Server.java:963) [hadoop-common-3.3.1.jar:?]
	at java.security.AccessController.doPrivileged(Native Method) ~[?:1.8.0_345]
	at javax.security.auth.Subject.doAs(Subject.java:422) [?:1.8.0_345]
	at org.apache.hadoop.security.UserGroupInformation.doAs(UserGroupInformation.java:1878) [hadoop-common-3.3.1.jar:?]
	at org.apache.hadoop.ipc.Server$Handler.run(Server.java:2966) [hadoop-common-3.3.1.jar:?]
2022-09-28 15:57:42,913 [Time-limited test] WARN  ozone.BasicOzoneFileSystem (BasicOzoneFileSystem.java:getFileStatus(765)) - GetFileStatus failed for path /.Trash/runner/Current/testKey1
java.io.FileNotFoundException: .Trash/runner/Current/testKey1: No such file or directory!
	at org.apache.hadoop.fs.ozone.BasicOzoneClientAdapterImpl.getFileStatus(BasicOzoneClientAdapterImpl.java:369)
	at org.apache.hadoop.fs.ozone.BasicOzoneFileSystem.getFileStatus(BasicOzoneFileSystem.java:757)
	at org.apache.hadoop.fs.ozone.BasicOzoneFileSystem.rename(BasicOzoneFileSystem.java:357)
	at org.apache.hadoop.fs.ozone.BasicOzoneFileSystem.rename(BasicOzoneFileSystem.java:454)
	at org.apache.hadoop.fs.TrashPolicyDefault.moveToTrash(TrashPolicyDefault.java:186)
	at org.apache.hadoop.fs.Trash.moveToTrash(Trash.java:110)
	at org.apache.hadoop.fs.ozone.TestOzoneFileSystem.testRenameToTrashEnabled(TestOzoneFileSystem.java:1512)
	at sun.reflect.NativeMethodAccessorImpl.invoke0(Native Method)
	at sun.reflect.NativeMethodAccessorImpl.invoke(NativeMethodAccessorImpl.java:62)
	at sun.reflect.DelegatingMethodAccessorImpl.invoke(DelegatingMethodAccessorImpl.java:43)
	at java.lang.reflect.Method.invoke(Method.java:498)
	at org.junit.runners.model.FrameworkMethod$1.runReflectiveCall(FrameworkMethod.java:59)
	at org.junit.internal.runners.model.ReflectiveCallable.run(ReflectiveCallable.java:12)
	at org.junit.runners.model.FrameworkMethod.invokeExplosively(FrameworkMethod.java:56)
	at org.junit.internal.runners.statements.InvokeMethod.evaluate(InvokeMethod.java:17)
	at org.junit.internal.runners.statements.RunAfters.evaluate(RunAfters.java:27)
	at org.junit.internal.runners.statements.FailOnTimeout$CallableStatement.call(FailOnTimeout.java:288)
	at org.junit.internal.runners.statements.FailOnTimeout$CallableStatement.call(FailOnTimeout.java:282)
	at java.util.concurrent.FutureTask.run(FutureTask.java:266)
	at java.lang.Thread.run(Thread.java:750)
2022-09-28 15:57:42,931 [Time-limited test] INFO  fs.TrashPolicyDefault (TrashPolicyDefault.java:moveToTrash(188)) - Moved: '/testKey1' to trash at: /.Trash/runner/Current/testKey1
]]></system-out>
  </testcase>
  <testcase name="testListStatusWithIntermediateDir" classname="TestOzoneFileSystem" time="0.055">
    <system-out><![CDATA[2022-09-28 15:52:31,788 [IPC Server handler 8 on default port 38917] INFO  pipeline.PipelineStateManagerImpl (PipelineStateManagerImpl.java:addPipeline(103)) - Created pipeline Pipeline[ Id: 3e628fe1-2059-4b14-aac4-e8a69d9a9157, Nodes: 1acfca65-6d80-4889-a59c-664a8dc895fd{ip: 10.1.1.55, host: fv-az203-824.ild0l4k5vsluppoevu2oqvhmda.cx.internal.cloudapp.net, ports: [REPLICATION=34881, RATIS=40111, RATIS_ADMIN=40111, RATIS_SERVER=40111, STANDALONE=43681], networkLocation: /default-rack, certSerialId: null, persistedOpState: IN_SERVICE, persistedOpStateExpiryEpochSec: 0}, ReplicationConfig: STANDALONE/ONE, State:OPEN, leaderId:, CreationTimestamp2022-09-28T15:52:31.787Z[Etc/UTC]].
]]></system-out>
  </testcase>
  <testcase name="testListStatusWithIntermediateDir" classname="TestOzoneFileSystem" time="0.113">
    <system-out><![CDATA[2022-09-28 15:54:06,947 [IPC Server handler 14 on default port 44621] INFO  pipeline.PipelineStateManagerImpl (PipelineStateManagerImpl.java:addPipeline(103)) - Created pipeline Pipeline[ Id: e65cf5ff-7df7-4058-a0af-6b9cb1707297, Nodes: 14b40a93-8746-4852-b401-12fc62dc6a20{ip: 10.1.1.55, host: fv-az203-824.ild0l4k5vsluppoevu2oqvhmda.cx.internal.cloudapp.net, ports: [REPLICATION=42933, RATIS=46737, RATIS_ADMIN=46737, RATIS_SERVER=46737, STANDALONE=33593], networkLocation: /default-rack, certSerialId: null, persistedOpState: IN_SERVICE, persistedOpStateExpiryEpochSec: 0}, ReplicationConfig: STANDALONE/ONE, State:OPEN, leaderId:, CreationTimestamp2022-09-28T15:54:06.945Z[Etc/UTC]].
]]></system-out>
  </testcase>
  <testcase name="testListStatusWithIntermediateDir" classname="TestOzoneFileSystem" time="0.094">
    <system-out><![CDATA[2022-09-28 15:55:48,991 [IPC Server handler 5 on default port 37715] INFO  pipeline.PipelineStateManagerImpl (PipelineStateManagerImpl.java:addPipeline(103)) - Created pipeline Pipeline[ Id: e0a08927-9252-4c0f-ad18-989363cceabe, Nodes: efb57e59-7b5e-412f-abe5-c0e716dfec12{ip: 10.1.1.55, host: fv-az203-824.ild0l4k5vsluppoevu2oqvhmda.cx.internal.cloudapp.net, ports: [REPLICATION=35019, RATIS=33495, RATIS_ADMIN=33495, RATIS_SERVER=33495, STANDALONE=36165], networkLocation: /default-rack, certSerialId: null, persistedOpState: IN_SERVICE, persistedOpStateExpiryEpochSec: 0}, ReplicationConfig: STANDALONE/ONE, State:OPEN, leaderId:, CreationTimestamp2022-09-28T15:55:48.988Z[Etc/UTC]].
]]></system-out>
  </testcase>
  <testcase name="testListStatusWithIntermediateDir" classname="TestOzoneFileSystem" time="0.108">
    <system-out><![CDATA[2022-09-28 15:57:42,989 [IPC Server handler 11 on default port 43139] INFO  pipeline.PipelineStateManagerImpl (PipelineStateManagerImpl.java:addPipeline(103)) - Created pipeline Pipeline[ Id: f9605cb4-9d7f-4d3e-b190-fda0edf68bd2, Nodes: 34248cef-dc81-419d-a997-c38b939b47d3{ip: 10.1.1.55, host: fv-az203-824.ild0l4k5vsluppoevu2oqvhmda.cx.internal.cloudapp.net, ports: [REPLICATION=33507, RATIS=45713, RATIS_ADMIN=45713, RATIS_SERVER=45713, STANDALONE=46519], networkLocation: /default-rack, certSerialId: null, persistedOpState: IN_SERVICE, persistedOpStateExpiryEpochSec: 0}, ReplicationConfig: STANDALONE/ONE, State:OPEN, leaderId:, CreationTimestamp2022-09-28T15:57:42.987Z[Etc/UTC]].
]]></system-out>
  </testcase>
  <testcase name="testRenameSourceAndDestinAreSame" classname="TestOzoneFileSystem" time="0.046"/>
  <testcase name="testRenameSourceAndDestinAreSame" classname="TestOzoneFileSystem" time="0.025"/>
  <testcase name="testRenameSourceAndDestinAreSame" classname="TestOzoneFileSystem" time="0.029"/>
  <testcase name="testRenameSourceAndDestinAreSame" classname="TestOzoneFileSystem" time="0.055"/>
  <testcase name="testListStatusIteratorWithDir" classname="TestOzoneFileSystem" time="0.05"/>
  <testcase name="testListStatusIteratorWithDir" classname="TestOzoneFileSystem" time="0.056"/>
  <testcase name="testListStatusIteratorWithDir" classname="TestOzoneFileSystem" time="0.08"/>
  <testcase name="testListStatusIteratorWithDir" classname="TestOzoneFileSystem" time="0.09"/>
  <testcase name="testListStatusOnLargeDirectory" classname="TestOzoneFileSystem" time="5.461"/>
  <testcase name="testListStatusOnLargeDirectory" classname="TestOzoneFileSystem" time="4.059">
    <system-out><![CDATA[2022-09-28 15:54:11,086 [Under Replicated Processor] INFO  replication.UnderReplicatedProcessor (UnderReplicatedProcessor.java:processAll(92)) - Processed 0 under replicated containers, failed processing 0
2022-09-28 15:54:11,099 [Over Replicated Processor] INFO  replication.OverReplicatedProcessor (OverReplicatedProcessor.java:processAll(90)) - Processed 0 over replicated containers, failed processing 0
]]></system-out>
  </testcase>
  <testcase name="testListStatusOnLargeDirectory" classname="TestOzoneFileSystem" time="7.036"/>
  <testcase name="testListStatusOnLargeDirectory" classname="TestOzoneFileSystem" time="7.627"/>
  <testcase name="testCreateKeyShouldUseRefreshedBucketReplicationConfig" classname="TestOzoneFileSystem" time="0.297">
    <system-out><![CDATA[2022-09-28 15:52:37,410 [Time-limited test] INFO  rpc.RpcClient (RpcClient.java:createVolume(471)) - Creating Volume: volume12210, with user17862 as owner and space quota set to -1 bytes, counts quota set to -1
2022-09-28 15:52:37,413 [OM StateMachine ApplyTransaction Thread - 0] INFO  volume.OMVolumeCreateRequest (OMVolumeCreateRequest.java:validateAndUpdateCache(195)) - created volume:volume12210 for user:user17862
2022-09-28 15:52:37,417 [Time-limited test] INFO  rpc.RpcClient (RpcClient.java:createBucket(674)) - Creating Bucket: volume12210/bucket22028, with bucket layout LEGACY, runner as owner, Versioning false, Storage Type set to DISK and Encryption set to false 
2022-09-28 15:52:37,419 [OM StateMachine ApplyTransaction Thread - 0] INFO  bucket.OMBucketCreateRequest (OMBucketCreateRequest.java:validateAndUpdateCache(260)) - created bucket: bucket22028 of layout LEGACY in volume: volume12210
2022-09-28 15:52:37,490 [IPC Server handler 2 on default port 38917] INFO  pipeline.PipelineStateManagerImpl (PipelineStateManagerImpl.java:addPipeline(103)) - Created pipeline Pipeline[ Id: 2207885a-d4fc-47f2-9eae-3e8295553d9c, Nodes: f339b530-8901-434d-bf68-81dd9354474d{ip: 10.1.1.55, host: fv-az203-824.ild0l4k5vsluppoevu2oqvhmda.cx.internal.cloudapp.net, ports: [REPLICATION=39813, RATIS=43271, RATIS_ADMIN=43271, RATIS_SERVER=43271, STANDALONE=35249], networkLocation: /default-rack, certSerialId: null, persistedOpState: null, persistedOpStateExpiryEpochSec: 0}d5a766ab-0838-4788-add0-62384b7c253e{ip: 10.1.1.55, host: fv-az203-824.ild0l4k5vsluppoevu2oqvhmda.cx.internal.cloudapp.net, ports: [REPLICATION=44005, RATIS=44335, RATIS_ADMIN=44335, RATIS_SERVER=44335, STANDALONE=42063], networkLocation: /default-rack, certSerialId: null, persistedOpState: null, persistedOpStateExpiryEpochSec: 0}8d8147bd-34a3-4093-acb2-725bd7232b45{ip: 10.1.1.55, host: fv-az203-824.ild0l4k5vsluppoevu2oqvhmda.cx.internal.cloudapp.net, ports: [REPLICATION=43737, RATIS=42719, RATIS_ADMIN=42719, RATIS_SERVER=42719, STANDALONE=39697], networkLocation: /default-rack, certSerialId: null, persistedOpState: null, persistedOpStateExpiryEpochSec: 0}a57096d8-e38a-49fa-bac6-11df32f34a10{ip: 10.1.1.55, host: fv-az203-824.ild0l4k5vsluppoevu2oqvhmda.cx.internal.cloudapp.net, ports: [REPLICATION=33135, RATIS=35365, RATIS_ADMIN=35365, RATIS_SERVER=35365, STANDALONE=45957], networkLocation: /default-rack, certSerialId: null, persistedOpState: null, persistedOpStateExpiryEpochSec: 0}1acfca65-6d80-4889-a59c-664a8dc895fd{ip: 10.1.1.55, host: fv-az203-824.ild0l4k5vsluppoevu2oqvhmda.cx.internal.cloudapp.net, ports: [REPLICATION=34881, RATIS=40111, RATIS_ADMIN=40111, RATIS_SERVER=40111, STANDALONE=43681], networkLocation: /default-rack, certSerialId: null, persistedOpState: null, persistedOpStateExpiryEpochSec: 0}, ReplicationConfig: EC/ECReplicationConfig{data=3, parity=2, ecChunkSize=1048576, codec=rs}, State:ALLOCATED, leaderId:, CreationTimestamp2022-09-28T15:52:37.489Z[Etc/UTC]].
2022-09-28 15:52:37,490 [IPC Server handler 2 on default port 38917] INFO  pipeline.PipelineManagerImpl (PipelineManagerImpl.java:openPipeline(367)) - Pipeline Pipeline[ Id: 2207885a-d4fc-47f2-9eae-3e8295553d9c, Nodes: f339b530-8901-434d-bf68-81dd9354474d{ip: 10.1.1.55, host: fv-az203-824.ild0l4k5vsluppoevu2oqvhmda.cx.internal.cloudapp.net, ports: [REPLICATION=39813, RATIS=43271, RATIS_ADMIN=43271, RATIS_SERVER=43271, STANDALONE=35249], networkLocation: /default-rack, certSerialId: null, persistedOpState: null, persistedOpStateExpiryEpochSec: 0}d5a766ab-0838-4788-add0-62384b7c253e{ip: 10.1.1.55, host: fv-az203-824.ild0l4k5vsluppoevu2oqvhmda.cx.internal.cloudapp.net, ports: [REPLICATION=44005, RATIS=44335, RATIS_ADMIN=44335, RATIS_SERVER=44335, STANDALONE=42063], networkLocation: /default-rack, certSerialId: null, persistedOpState: null, persistedOpStateExpiryEpochSec: 0}8d8147bd-34a3-4093-acb2-725bd7232b45{ip: 10.1.1.55, host: fv-az203-824.ild0l4k5vsluppoevu2oqvhmda.cx.internal.cloudapp.net, ports: [REPLICATION=43737, RATIS=42719, RATIS_ADMIN=42719, RATIS_SERVER=42719, STANDALONE=39697], networkLocation: /default-rack, certSerialId: null, persistedOpState: null, persistedOpStateExpiryEpochSec: 0}a57096d8-e38a-49fa-bac6-11df32f34a10{ip: 10.1.1.55, host: fv-az203-824.ild0l4k5vsluppoevu2oqvhmda.cx.internal.cloudapp.net, ports: [REPLICATION=33135, RATIS=35365, RATIS_ADMIN=35365, RATIS_SERVER=35365, STANDALONE=45957], networkLocation: /default-rack, certSerialId: null, persistedOpState: null, persistedOpStateExpiryEpochSec: 0}1acfca65-6d80-4889-a59c-664a8dc895fd{ip: 10.1.1.55, host: fv-az203-824.ild0l4k5vsluppoevu2oqvhmda.cx.internal.cloudapp.net, ports: [REPLICATION=34881, RATIS=40111, RATIS_ADMIN=40111, RATIS_SERVER=40111, STANDALONE=43681], networkLocation: /default-rack, certSerialId: null, persistedOpState: null, persistedOpStateExpiryEpochSec: 0}, ReplicationConfig: EC/ECReplicationConfig{data=3, parity=2, ecChunkSize=1048576, codec=rs}, State:ALLOCATED, leaderId:, CreationTimestamp2022-09-28T15:52:37.489Z[Etc/UTC]] moved to OPEN state
2022-09-28 15:52:37,540 [Time-limited test] WARN  erasurecode.ErasureCodeNative (ErasureCodeNative.java:<clinit>(55)) - ISA-L support is not available in your platform... using builtin-java codec where applicable
2022-09-28 15:52:37,648 [IPC Server handler 4 on default port 38917] INFO  pipeline.PipelineStateManagerImpl (PipelineStateManagerImpl.java:addPipeline(103)) - Created pipeline Pipeline[ Id: a89c6408-2384-48bc-86c5-4b9e235a0bc8, Nodes: d5a766ab-0838-4788-add0-62384b7c253e{ip: 10.1.1.55, host: fv-az203-824.ild0l4k5vsluppoevu2oqvhmda.cx.internal.cloudapp.net, ports: [REPLICATION=44005, RATIS=44335, RATIS_ADMIN=44335, RATIS_SERVER=44335, STANDALONE=42063], networkLocation: /default-rack, certSerialId: null, persistedOpState: null, persistedOpStateExpiryEpochSec: 0}1acfca65-6d80-4889-a59c-664a8dc895fd{ip: 10.1.1.55, host: fv-az203-824.ild0l4k5vsluppoevu2oqvhmda.cx.internal.cloudapp.net, ports: [REPLICATION=34881, RATIS=40111, RATIS_ADMIN=40111, RATIS_SERVER=40111, STANDALONE=43681], networkLocation: /default-rack, certSerialId: null, persistedOpState: null, persistedOpStateExpiryEpochSec: 0}8d8147bd-34a3-4093-acb2-725bd7232b45{ip: 10.1.1.55, host: fv-az203-824.ild0l4k5vsluppoevu2oqvhmda.cx.internal.cloudapp.net, ports: [REPLICATION=43737, RATIS=42719, RATIS_ADMIN=42719, RATIS_SERVER=42719, STANDALONE=39697], networkLocation: /default-rack, certSerialId: null, persistedOpState: null, persistedOpStateExpiryEpochSec: 0}a57096d8-e38a-49fa-bac6-11df32f34a10{ip: 10.1.1.55, host: fv-az203-824.ild0l4k5vsluppoevu2oqvhmda.cx.internal.cloudapp.net, ports: [REPLICATION=33135, RATIS=35365, RATIS_ADMIN=35365, RATIS_SERVER=35365, STANDALONE=45957], networkLocation: /default-rack, certSerialId: null, persistedOpState: null, persistedOpStateExpiryEpochSec: 0}f339b530-8901-434d-bf68-81dd9354474d{ip: 10.1.1.55, host: fv-az203-824.ild0l4k5vsluppoevu2oqvhmda.cx.internal.cloudapp.net, ports: [REPLICATION=39813, RATIS=43271, RATIS_ADMIN=43271, RATIS_SERVER=43271, STANDALONE=35249], networkLocation: /default-rack, certSerialId: null, persistedOpState: null, persistedOpStateExpiryEpochSec: 0}, ReplicationConfig: EC/ECReplicationConfig{data=3, parity=2, ecChunkSize=1048576, codec=rs}, State:ALLOCATED, leaderId:, CreationTimestamp2022-09-28T15:52:37.648Z[Etc/UTC]].
2022-09-28 15:52:37,650 [IPC Server handler 4 on default port 38917] INFO  pipeline.PipelineManagerImpl (PipelineManagerImpl.java:openPipeline(367)) - Pipeline Pipeline[ Id: a89c6408-2384-48bc-86c5-4b9e235a0bc8, Nodes: d5a766ab-0838-4788-add0-62384b7c253e{ip: 10.1.1.55, host: fv-az203-824.ild0l4k5vsluppoevu2oqvhmda.cx.internal.cloudapp.net, ports: [REPLICATION=44005, RATIS=44335, RATIS_ADMIN=44335, RATIS_SERVER=44335, STANDALONE=42063], networkLocation: /default-rack, certSerialId: null, persistedOpState: null, persistedOpStateExpiryEpochSec: 0}1acfca65-6d80-4889-a59c-664a8dc895fd{ip: 10.1.1.55, host: fv-az203-824.ild0l4k5vsluppoevu2oqvhmda.cx.internal.cloudapp.net, ports: [REPLICATION=34881, RATIS=40111, RATIS_ADMIN=40111, RATIS_SERVER=40111, STANDALONE=43681], networkLocation: /default-rack, certSerialId: null, persistedOpState: null, persistedOpStateExpiryEpochSec: 0}8d8147bd-34a3-4093-acb2-725bd7232b45{ip: 10.1.1.55, host: fv-az203-824.ild0l4k5vsluppoevu2oqvhmda.cx.internal.cloudapp.net, ports: [REPLICATION=43737, RATIS=42719, RATIS_ADMIN=42719, RATIS_SERVER=42719, STANDALONE=39697], networkLocation: /default-rack, certSerialId: null, persistedOpState: null, persistedOpStateExpiryEpochSec: 0}a57096d8-e38a-49fa-bac6-11df32f34a10{ip: 10.1.1.55, host: fv-az203-824.ild0l4k5vsluppoevu2oqvhmda.cx.internal.cloudapp.net, ports: [REPLICATION=33135, RATIS=35365, RATIS_ADMIN=35365, RATIS_SERVER=35365, STANDALONE=45957], networkLocation: /default-rack, certSerialId: null, persistedOpState: null, persistedOpStateExpiryEpochSec: 0}f339b530-8901-434d-bf68-81dd9354474d{ip: 10.1.1.55, host: fv-az203-824.ild0l4k5vsluppoevu2oqvhmda.cx.internal.cloudapp.net, ports: [REPLICATION=39813, RATIS=43271, RATIS_ADMIN=43271, RATIS_SERVER=43271, STANDALONE=35249], networkLocation: /default-rack, certSerialId: null, persistedOpState: null, persistedOpStateExpiryEpochSec: 0}, ReplicationConfig: EC/ECReplicationConfig{data=3, parity=2, ecChunkSize=1048576, codec=rs}, State:ALLOCATED, leaderId:, CreationTimestamp2022-09-28T15:52:37.648Z[Etc/UTC]] moved to OPEN state
]]></system-out>
  </testcase>
  <testcase name="testCreateKeyShouldUseRefreshedBucketReplicationConfig" classname="TestOzoneFileSystem" time="0.329">
    <system-out><![CDATA[2022-09-28 15:54:11,190 [Time-limited test] INFO  rpc.RpcClient (RpcClient.java:createVolume(471)) - Creating Volume: volume47582, with user90971 as owner and space quota set to -1 bytes, counts quota set to -1
2022-09-28 15:54:11,194 [IPC Server handler 11 on default port 42319] INFO  volume.OMVolumeCreateRequest (OMVolumeCreateRequest.java:validateAndUpdateCache(195)) - created volume:volume47582 for user:user90971
2022-09-28 15:54:11,208 [Time-limited test] INFO  rpc.RpcClient (RpcClient.java:createBucket(674)) - Creating Bucket: volume47582/bucket26756, with bucket layout LEGACY, runner as owner, Versioning false, Storage Type set to DISK and Encryption set to false 
2022-09-28 15:54:11,209 [IPC Server handler 15 on default port 42319] INFO  bucket.OMBucketCreateRequest (OMBucketCreateRequest.java:validateAndUpdateCache(260)) - created bucket: bucket26756 of layout LEGACY in volume: volume47582
2022-09-28 15:54:11,321 [IPC Server handler 10 on default port 44621] INFO  pipeline.PipelineStateManagerImpl (PipelineStateManagerImpl.java:addPipeline(103)) - Created pipeline Pipeline[ Id: f7e80486-1668-4024-9755-85902157c5d7, Nodes: 79199500-620f-41d1-bc3c-c3a003fb4526{ip: 10.1.1.55, host: fv-az203-824.ild0l4k5vsluppoevu2oqvhmda.cx.internal.cloudapp.net, ports: [REPLICATION=37685, RATIS=32861, RATIS_ADMIN=32861, RATIS_SERVER=32861, STANDALONE=33141], networkLocation: /default-rack, certSerialId: null, persistedOpState: null, persistedOpStateExpiryEpochSec: 0}bac3ed17-915a-43dc-90c7-c77b09e81c24{ip: 10.1.1.55, host: fv-az203-824.ild0l4k5vsluppoevu2oqvhmda.cx.internal.cloudapp.net, ports: [REPLICATION=35489, RATIS=35873, RATIS_ADMIN=35873, RATIS_SERVER=35873, STANDALONE=33261], networkLocation: /default-rack, certSerialId: null, persistedOpState: null, persistedOpStateExpiryEpochSec: 0}0274ec44-c511-404a-9072-ead7ce024853{ip: 10.1.1.55, host: fv-az203-824.ild0l4k5vsluppoevu2oqvhmda.cx.internal.cloudapp.net, ports: [REPLICATION=38111, RATIS=37251, RATIS_ADMIN=37251, RATIS_SERVER=37251, STANDALONE=46125], networkLocation: /default-rack, certSerialId: null, persistedOpState: null, persistedOpStateExpiryEpochSec: 0}14b40a93-8746-4852-b401-12fc62dc6a20{ip: 10.1.1.55, host: fv-az203-824.ild0l4k5vsluppoevu2oqvhmda.cx.internal.cloudapp.net, ports: [REPLICATION=42933, RATIS=46737, RATIS_ADMIN=46737, RATIS_SERVER=46737, STANDALONE=33593], networkLocation: /default-rack, certSerialId: null, persistedOpState: null, persistedOpStateExpiryEpochSec: 0}b0c1961e-9fec-49a7-b763-eaf350b3d09d{ip: 10.1.1.55, host: fv-az203-824.ild0l4k5vsluppoevu2oqvhmda.cx.internal.cloudapp.net, ports: [REPLICATION=41311, RATIS=37181, RATIS_ADMIN=37181, RATIS_SERVER=37181, STANDALONE=42863], networkLocation: /default-rack, certSerialId: null, persistedOpState: null, persistedOpStateExpiryEpochSec: 0}, ReplicationConfig: EC/ECReplicationConfig{data=3, parity=2, ecChunkSize=1048576, codec=rs}, State:ALLOCATED, leaderId:, CreationTimestamp2022-09-28T15:54:11.321Z[Etc/UTC]].
2022-09-28 15:54:11,322 [IPC Server handler 10 on default port 44621] INFO  pipeline.PipelineManagerImpl (PipelineManagerImpl.java:openPipeline(367)) - Pipeline Pipeline[ Id: f7e80486-1668-4024-9755-85902157c5d7, Nodes: 79199500-620f-41d1-bc3c-c3a003fb4526{ip: 10.1.1.55, host: fv-az203-824.ild0l4k5vsluppoevu2oqvhmda.cx.internal.cloudapp.net, ports: [REPLICATION=37685, RATIS=32861, RATIS_ADMIN=32861, RATIS_SERVER=32861, STANDALONE=33141], networkLocation: /default-rack, certSerialId: null, persistedOpState: null, persistedOpStateExpiryEpochSec: 0}bac3ed17-915a-43dc-90c7-c77b09e81c24{ip: 10.1.1.55, host: fv-az203-824.ild0l4k5vsluppoevu2oqvhmda.cx.internal.cloudapp.net, ports: [REPLICATION=35489, RATIS=35873, RATIS_ADMIN=35873, RATIS_SERVER=35873, STANDALONE=33261], networkLocation: /default-rack, certSerialId: null, persistedOpState: null, persistedOpStateExpiryEpochSec: 0}0274ec44-c511-404a-9072-ead7ce024853{ip: 10.1.1.55, host: fv-az203-824.ild0l4k5vsluppoevu2oqvhmda.cx.internal.cloudapp.net, ports: [REPLICATION=38111, RATIS=37251, RATIS_ADMIN=37251, RATIS_SERVER=37251, STANDALONE=46125], networkLocation: /default-rack, certSerialId: null, persistedOpState: null, persistedOpStateExpiryEpochSec: 0}14b40a93-8746-4852-b401-12fc62dc6a20{ip: 10.1.1.55, host: fv-az203-824.ild0l4k5vsluppoevu2oqvhmda.cx.internal.cloudapp.net, ports: [REPLICATION=42933, RATIS=46737, RATIS_ADMIN=46737, RATIS_SERVER=46737, STANDALONE=33593], networkLocation: /default-rack, certSerialId: null, persistedOpState: null, persistedOpStateExpiryEpochSec: 0}b0c1961e-9fec-49a7-b763-eaf350b3d09d{ip: 10.1.1.55, host: fv-az203-824.ild0l4k5vsluppoevu2oqvhmda.cx.internal.cloudapp.net, ports: [REPLICATION=41311, RATIS=37181, RATIS_ADMIN=37181, RATIS_SERVER=37181, STANDALONE=42863], networkLocation: /default-rack, certSerialId: null, persistedOpState: null, persistedOpStateExpiryEpochSec: 0}, ReplicationConfig: EC/ECReplicationConfig{data=3, parity=2, ecChunkSize=1048576, codec=rs}, State:ALLOCATED, leaderId:, CreationTimestamp2022-09-28T15:54:11.321Z[Etc/UTC]] moved to OPEN state
2022-09-28 15:54:11,387 [IPC Server handler 11 on default port 44621] INFO  pipeline.PipelineStateManagerImpl (PipelineStateManagerImpl.java:addPipeline(103)) - Created pipeline Pipeline[ Id: b6a633ed-ec7c-4451-9266-a1354b893ac4, Nodes: 79199500-620f-41d1-bc3c-c3a003fb4526{ip: 10.1.1.55, host: fv-az203-824.ild0l4k5vsluppoevu2oqvhmda.cx.internal.cloudapp.net, ports: [REPLICATION=37685, RATIS=32861, RATIS_ADMIN=32861, RATIS_SERVER=32861, STANDALONE=33141], networkLocation: /default-rack, certSerialId: null, persistedOpState: null, persistedOpStateExpiryEpochSec: 0}b0c1961e-9fec-49a7-b763-eaf350b3d09d{ip: 10.1.1.55, host: fv-az203-824.ild0l4k5vsluppoevu2oqvhmda.cx.internal.cloudapp.net, ports: [REPLICATION=41311, RATIS=37181, RATIS_ADMIN=37181, RATIS_SERVER=37181, STANDALONE=42863], networkLocation: /default-rack, certSerialId: null, persistedOpState: null, persistedOpStateExpiryEpochSec: 0}bac3ed17-915a-43dc-90c7-c77b09e81c24{ip: 10.1.1.55, host: fv-az203-824.ild0l4k5vsluppoevu2oqvhmda.cx.internal.cloudapp.net, ports: [REPLICATION=35489, RATIS=35873, RATIS_ADMIN=35873, RATIS_SERVER=35873, STANDALONE=33261], networkLocation: /default-rack, certSerialId: null, persistedOpState: null, persistedOpStateExpiryEpochSec: 0}14b40a93-8746-4852-b401-12fc62dc6a20{ip: 10.1.1.55, host: fv-az203-824.ild0l4k5vsluppoevu2oqvhmda.cx.internal.cloudapp.net, ports: [REPLICATION=42933, RATIS=46737, RATIS_ADMIN=46737, RATIS_SERVER=46737, STANDALONE=33593], networkLocation: /default-rack, certSerialId: null, persistedOpState: null, persistedOpStateExpiryEpochSec: 0}0274ec44-c511-404a-9072-ead7ce024853{ip: 10.1.1.55, host: fv-az203-824.ild0l4k5vsluppoevu2oqvhmda.cx.internal.cloudapp.net, ports: [REPLICATION=38111, RATIS=37251, RATIS_ADMIN=37251, RATIS_SERVER=37251, STANDALONE=46125], networkLocation: /default-rack, certSerialId: null, persistedOpState: null, persistedOpStateExpiryEpochSec: 0}, ReplicationConfig: EC/ECReplicationConfig{data=3, parity=2, ecChunkSize=1048576, codec=rs}, State:ALLOCATED, leaderId:, CreationTimestamp2022-09-28T15:54:11.387Z[Etc/UTC]].
2022-09-28 15:54:11,389 [IPC Server handler 11 on default port 44621] INFO  pipeline.PipelineManagerImpl (PipelineManagerImpl.java:openPipeline(367)) - Pipeline Pipeline[ Id: b6a633ed-ec7c-4451-9266-a1354b893ac4, Nodes: 79199500-620f-41d1-bc3c-c3a003fb4526{ip: 10.1.1.55, host: fv-az203-824.ild0l4k5vsluppoevu2oqvhmda.cx.internal.cloudapp.net, ports: [REPLICATION=37685, RATIS=32861, RATIS_ADMIN=32861, RATIS_SERVER=32861, STANDALONE=33141], networkLocation: /default-rack, certSerialId: null, persistedOpState: null, persistedOpStateExpiryEpochSec: 0}b0c1961e-9fec-49a7-b763-eaf350b3d09d{ip: 10.1.1.55, host: fv-az203-824.ild0l4k5vsluppoevu2oqvhmda.cx.internal.cloudapp.net, ports: [REPLICATION=41311, RATIS=37181, RATIS_ADMIN=37181, RATIS_SERVER=37181, STANDALONE=42863], networkLocation: /default-rack, certSerialId: null, persistedOpState: null, persistedOpStateExpiryEpochSec: 0}bac3ed17-915a-43dc-90c7-c77b09e81c24{ip: 10.1.1.55, host: fv-az203-824.ild0l4k5vsluppoevu2oqvhmda.cx.internal.cloudapp.net, ports: [REPLICATION=35489, RATIS=35873, RATIS_ADMIN=35873, RATIS_SERVER=35873, STANDALONE=33261], networkLocation: /default-rack, certSerialId: null, persistedOpState: null, persistedOpStateExpiryEpochSec: 0}14b40a93-8746-4852-b401-12fc62dc6a20{ip: 10.1.1.55, host: fv-az203-824.ild0l4k5vsluppoevu2oqvhmda.cx.internal.cloudapp.net, ports: [REPLICATION=42933, RATIS=46737, RATIS_ADMIN=46737, RATIS_SERVER=46737, STANDALONE=33593], networkLocation: /default-rack, certSerialId: null, persistedOpState: null, persistedOpStateExpiryEpochSec: 0}0274ec44-c511-404a-9072-ead7ce024853{ip: 10.1.1.55, host: fv-az203-824.ild0l4k5vsluppoevu2oqvhmda.cx.internal.cloudapp.net, ports: [REPLICATION=38111, RATIS=37251, RATIS_ADMIN=37251, RATIS_SERVER=37251, STANDALONE=46125], networkLocation: /default-rack, certSerialId: null, persistedOpState: null, persistedOpStateExpiryEpochSec: 0}, ReplicationConfig: EC/ECReplicationConfig{data=3, parity=2, ecChunkSize=1048576, codec=rs}, State:ALLOCATED, leaderId:, CreationTimestamp2022-09-28T15:54:11.387Z[Etc/UTC]] moved to OPEN state
]]></system-out>
  </testcase>
  <testcase name="testCreateKeyShouldUseRefreshedBucketReplicationConfig" classname="TestOzoneFileSystem" time="0.378">
    <system-out><![CDATA[2022-09-28 15:55:56,255 [Time-limited test] INFO  rpc.RpcClient (RpcClient.java:createVolume(471)) - Creating Volume: volume34715, with user70027 as owner and space quota set to -1 bytes, counts quota set to -1
2022-09-28 15:55:56,259 [OM StateMachine ApplyTransaction Thread - 0] INFO  volume.OMVolumeCreateRequest (OMVolumeCreateRequest.java:validateAndUpdateCache(195)) - created volume:volume34715 for user:user70027
2022-09-28 15:55:56,279 [Time-limited test] INFO  rpc.RpcClient (RpcClient.java:createBucket(674)) - Creating Bucket: volume34715/bucket17529, with bucket layout LEGACY, runner as owner, Versioning false, Storage Type set to DISK and Encryption set to false 
2022-09-28 15:55:56,287 [OM StateMachine ApplyTransaction Thread - 0] INFO  bucket.OMBucketCreateRequest (OMBucketCreateRequest.java:validateAndUpdateCache(260)) - created bucket: bucket17529 of layout LEGACY in volume: volume34715
2022-09-28 15:55:56,368 [IPC Server handler 17 on default port 37715] INFO  pipeline.PipelineStateManagerImpl (PipelineStateManagerImpl.java:addPipeline(103)) - Created pipeline Pipeline[ Id: 3022d3d2-de7d-4624-9e38-02674ed12591, Nodes: 5cf4cd61-878f-4dff-a8f0-3c181111f76f{ip: 10.1.1.55, host: fv-az203-824.ild0l4k5vsluppoevu2oqvhmda.cx.internal.cloudapp.net, ports: [REPLICATION=38069, RATIS=35311, RATIS_ADMIN=35311, RATIS_SERVER=35311, STANDALONE=36205], networkLocation: /default-rack, certSerialId: null, persistedOpState: null, persistedOpStateExpiryEpochSec: 0}d0376a86-4cb7-4dfb-8000-fedb90cb29d8{ip: 10.1.1.55, host: fv-az203-824.ild0l4k5vsluppoevu2oqvhmda.cx.internal.cloudapp.net, ports: [REPLICATION=45605, RATIS=42389, RATIS_ADMIN=42389, RATIS_SERVER=42389, STANDALONE=38431], networkLocation: /default-rack, certSerialId: null, persistedOpState: null, persistedOpStateExpiryEpochSec: 0}efb57e59-7b5e-412f-abe5-c0e716dfec12{ip: 10.1.1.55, host: fv-az203-824.ild0l4k5vsluppoevu2oqvhmda.cx.internal.cloudapp.net, ports: [REPLICATION=35019, RATIS=33495, RATIS_ADMIN=33495, RATIS_SERVER=33495, STANDALONE=36165], networkLocation: /default-rack, certSerialId: null, persistedOpState: null, persistedOpStateExpiryEpochSec: 0}6b2dcef1-f6ed-465a-a116-d89b60e08d93{ip: 10.1.1.55, host: fv-az203-824.ild0l4k5vsluppoevu2oqvhmda.cx.internal.cloudapp.net, ports: [REPLICATION=42815, RATIS=34079, RATIS_ADMIN=34079, RATIS_SERVER=34079, STANDALONE=33269], networkLocation: /default-rack, certSerialId: null, persistedOpState: null, persistedOpStateExpiryEpochSec: 0}50ea5a34-8fbf-4f83-96a7-ee6cc92cfa0a{ip: 10.1.1.55, host: fv-az203-824.ild0l4k5vsluppoevu2oqvhmda.cx.internal.cloudapp.net, ports: [REPLICATION=45483, RATIS=41435, RATIS_ADMIN=41435, RATIS_SERVER=41435, STANDALONE=42267], networkLocation: /default-rack, certSerialId: null, persistedOpState: null, persistedOpStateExpiryEpochSec: 0}, ReplicationConfig: EC/ECReplicationConfig{data=3, parity=2, ecChunkSize=1048576, codec=rs}, State:ALLOCATED, leaderId:, CreationTimestamp2022-09-28T15:55:56.368Z[Etc/UTC]].
2022-09-28 15:55:56,369 [IPC Server handler 17 on default port 37715] INFO  pipeline.PipelineManagerImpl (PipelineManagerImpl.java:openPipeline(367)) - Pipeline Pipeline[ Id: 3022d3d2-de7d-4624-9e38-02674ed12591, Nodes: 5cf4cd61-878f-4dff-a8f0-3c181111f76f{ip: 10.1.1.55, host: fv-az203-824.ild0l4k5vsluppoevu2oqvhmda.cx.internal.cloudapp.net, ports: [REPLICATION=38069, RATIS=35311, RATIS_ADMIN=35311, RATIS_SERVER=35311, STANDALONE=36205], networkLocation: /default-rack, certSerialId: null, persistedOpState: null, persistedOpStateExpiryEpochSec: 0}d0376a86-4cb7-4dfb-8000-fedb90cb29d8{ip: 10.1.1.55, host: fv-az203-824.ild0l4k5vsluppoevu2oqvhmda.cx.internal.cloudapp.net, ports: [REPLICATION=45605, RATIS=42389, RATIS_ADMIN=42389, RATIS_SERVER=42389, STANDALONE=38431], networkLocation: /default-rack, certSerialId: null, persistedOpState: null, persistedOpStateExpiryEpochSec: 0}efb57e59-7b5e-412f-abe5-c0e716dfec12{ip: 10.1.1.55, host: fv-az203-824.ild0l4k5vsluppoevu2oqvhmda.cx.internal.cloudapp.net, ports: [REPLICATION=35019, RATIS=33495, RATIS_ADMIN=33495, RATIS_SERVER=33495, STANDALONE=36165], networkLocation: /default-rack, certSerialId: null, persistedOpState: null, persistedOpStateExpiryEpochSec: 0}6b2dcef1-f6ed-465a-a116-d89b60e08d93{ip: 10.1.1.55, host: fv-az203-824.ild0l4k5vsluppoevu2oqvhmda.cx.internal.cloudapp.net, ports: [REPLICATION=42815, RATIS=34079, RATIS_ADMIN=34079, RATIS_SERVER=34079, STANDALONE=33269], networkLocation: /default-rack, certSerialId: null, persistedOpState: null, persistedOpStateExpiryEpochSec: 0}50ea5a34-8fbf-4f83-96a7-ee6cc92cfa0a{ip: 10.1.1.55, host: fv-az203-824.ild0l4k5vsluppoevu2oqvhmda.cx.internal.cloudapp.net, ports: [REPLICATION=45483, RATIS=41435, RATIS_ADMIN=41435, RATIS_SERVER=41435, STANDALONE=42267], networkLocation: /default-rack, certSerialId: null, persistedOpState: null, persistedOpStateExpiryEpochSec: 0}, ReplicationConfig: EC/ECReplicationConfig{data=3, parity=2, ecChunkSize=1048576, codec=rs}, State:ALLOCATED, leaderId:, CreationTimestamp2022-09-28T15:55:56.368Z[Etc/UTC]] moved to OPEN state
2022-09-28 15:55:56,466 [IPC Server handler 16 on default port 37715] INFO  pipeline.PipelineStateManagerImpl (PipelineStateManagerImpl.java:addPipeline(103)) - Created pipeline Pipeline[ Id: 560e6c90-41bd-4bfa-a7aa-6ddfe3dc7c90, Nodes: efb57e59-7b5e-412f-abe5-c0e716dfec12{ip: 10.1.1.55, host: fv-az203-824.ild0l4k5vsluppoevu2oqvhmda.cx.internal.cloudapp.net, ports: [REPLICATION=35019, RATIS=33495, RATIS_ADMIN=33495, RATIS_SERVER=33495, STANDALONE=36165], networkLocation: /default-rack, certSerialId: null, persistedOpState: null, persistedOpStateExpiryEpochSec: 0}50ea5a34-8fbf-4f83-96a7-ee6cc92cfa0a{ip: 10.1.1.55, host: fv-az203-824.ild0l4k5vsluppoevu2oqvhmda.cx.internal.cloudapp.net, ports: [REPLICATION=45483, RATIS=41435, RATIS_ADMIN=41435, RATIS_SERVER=41435, STANDALONE=42267], networkLocation: /default-rack, certSerialId: null, persistedOpState: null, persistedOpStateExpiryEpochSec: 0}d0376a86-4cb7-4dfb-8000-fedb90cb29d8{ip: 10.1.1.55, host: fv-az203-824.ild0l4k5vsluppoevu2oqvhmda.cx.internal.cloudapp.net, ports: [REPLICATION=45605, RATIS=42389, RATIS_ADMIN=42389, RATIS_SERVER=42389, STANDALONE=38431], networkLocation: /default-rack, certSerialId: null, persistedOpState: null, persistedOpStateExpiryEpochSec: 0}5cf4cd61-878f-4dff-a8f0-3c181111f76f{ip: 10.1.1.55, host: fv-az203-824.ild0l4k5vsluppoevu2oqvhmda.cx.internal.cloudapp.net, ports: [REPLICATION=38069, RATIS=35311, RATIS_ADMIN=35311, RATIS_SERVER=35311, STANDALONE=36205], networkLocation: /default-rack, certSerialId: null, persistedOpState: null, persistedOpStateExpiryEpochSec: 0}6b2dcef1-f6ed-465a-a116-d89b60e08d93{ip: 10.1.1.55, host: fv-az203-824.ild0l4k5vsluppoevu2oqvhmda.cx.internal.cloudapp.net, ports: [REPLICATION=42815, RATIS=34079, RATIS_ADMIN=34079, RATIS_SERVER=34079, STANDALONE=33269], networkLocation: /default-rack, certSerialId: null, persistedOpState: null, persistedOpStateExpiryEpochSec: 0}, ReplicationConfig: EC/ECReplicationConfig{data=3, parity=2, ecChunkSize=1048576, codec=rs}, State:ALLOCATED, leaderId:, CreationTimestamp2022-09-28T15:55:56.466Z[Etc/UTC]].
2022-09-28 15:55:56,473 [IPC Server handler 16 on default port 37715] INFO  pipeline.PipelineManagerImpl (PipelineManagerImpl.java:openPipeline(367)) - Pipeline Pipeline[ Id: 560e6c90-41bd-4bfa-a7aa-6ddfe3dc7c90, Nodes: efb57e59-7b5e-412f-abe5-c0e716dfec12{ip: 10.1.1.55, host: fv-az203-824.ild0l4k5vsluppoevu2oqvhmda.cx.internal.cloudapp.net, ports: [REPLICATION=35019, RATIS=33495, RATIS_ADMIN=33495, RATIS_SERVER=33495, STANDALONE=36165], networkLocation: /default-rack, certSerialId: null, persistedOpState: null, persistedOpStateExpiryEpochSec: 0}50ea5a34-8fbf-4f83-96a7-ee6cc92cfa0a{ip: 10.1.1.55, host: fv-az203-824.ild0l4k5vsluppoevu2oqvhmda.cx.internal.cloudapp.net, ports: [REPLICATION=45483, RATIS=41435, RATIS_ADMIN=41435, RATIS_SERVER=41435, STANDALONE=42267], networkLocation: /default-rack, certSerialId: null, persistedOpState: null, persistedOpStateExpiryEpochSec: 0}d0376a86-4cb7-4dfb-8000-fedb90cb29d8{ip: 10.1.1.55, host: fv-az203-824.ild0l4k5vsluppoevu2oqvhmda.cx.internal.cloudapp.net, ports: [REPLICATION=45605, RATIS=42389, RATIS_ADMIN=42389, RATIS_SERVER=42389, STANDALONE=38431], networkLocation: /default-rack, certSerialId: null, persistedOpState: null, persistedOpStateExpiryEpochSec: 0}5cf4cd61-878f-4dff-a8f0-3c181111f76f{ip: 10.1.1.55, host: fv-az203-824.ild0l4k5vsluppoevu2oqvhmda.cx.internal.cloudapp.net, ports: [REPLICATION=38069, RATIS=35311, RATIS_ADMIN=35311, RATIS_SERVER=35311, STANDALONE=36205], networkLocation: /default-rack, certSerialId: null, persistedOpState: null, persistedOpStateExpiryEpochSec: 0}6b2dcef1-f6ed-465a-a116-d89b60e08d93{ip: 10.1.1.55, host: fv-az203-824.ild0l4k5vsluppoevu2oqvhmda.cx.internal.cloudapp.net, ports: [REPLICATION=42815, RATIS=34079, RATIS_ADMIN=34079, RATIS_SERVER=34079, STANDALONE=33269], networkLocation: /default-rack, certSerialId: null, persistedOpState: null, persistedOpStateExpiryEpochSec: 0}, ReplicationConfig: EC/ECReplicationConfig{data=3, parity=2, ecChunkSize=1048576, codec=rs}, State:ALLOCATED, leaderId:, CreationTimestamp2022-09-28T15:55:56.466Z[Etc/UTC]] moved to OPEN state
]]></system-out>
  </testcase>
  <testcase name="testCreateKeyShouldUseRefreshedBucketReplicationConfig" classname="TestOzoneFileSystem" time="0.444">
    <system-out><![CDATA[2022-09-28 15:57:51,023 [Time-limited test] INFO  rpc.RpcClient (RpcClient.java:createVolume(471)) - Creating Volume: volume67042, with user48915 as owner and space quota set to -1 bytes, counts quota set to -1
2022-09-28 15:57:51,024 [IPC Server handler 8 on default port 41537] INFO  volume.OMVolumeCreateRequest (OMVolumeCreateRequest.java:validateAndUpdateCache(195)) - created volume:volume67042 for user:user48915
2022-09-28 15:57:51,047 [Time-limited test] INFO  rpc.RpcClient (RpcClient.java:createBucket(674)) - Creating Bucket: volume67042/bucket45406, with bucket layout LEGACY, runner as owner, Versioning false, Storage Type set to DISK and Encryption set to false 
2022-09-28 15:57:51,048 [IPC Server handler 1 on default port 41537] INFO  bucket.OMBucketCreateRequest (OMBucketCreateRequest.java:validateAndUpdateCache(260)) - created bucket: bucket45406 of layout LEGACY in volume: volume67042
2022-09-28 15:57:51,133 [IPC Server handler 4 on default port 43139] INFO  pipeline.PipelineStateManagerImpl (PipelineStateManagerImpl.java:addPipeline(103)) - Created pipeline Pipeline[ Id: 14a397e4-f574-4429-963a-12680f093a31, Nodes: 8c5cbec5-1e98-45a3-8a83-5527ccbe40ad{ip: 10.1.1.55, host: fv-az203-824.ild0l4k5vsluppoevu2oqvhmda.cx.internal.cloudapp.net, ports: [REPLICATION=37543, RATIS=44337, RATIS_ADMIN=44337, RATIS_SERVER=44337, STANDALONE=46795], networkLocation: /default-rack, certSerialId: null, persistedOpState: null, persistedOpStateExpiryEpochSec: 0}f69072a2-31e6-4652-a856-983220e9f7b5{ip: 10.1.1.55, host: fv-az203-824.ild0l4k5vsluppoevu2oqvhmda.cx.internal.cloudapp.net, ports: [REPLICATION=46647, RATIS=34017, RATIS_ADMIN=34017, RATIS_SERVER=34017, STANDALONE=44595], networkLocation: /default-rack, certSerialId: null, persistedOpState: null, persistedOpStateExpiryEpochSec: 0}34248cef-dc81-419d-a997-c38b939b47d3{ip: 10.1.1.55, host: fv-az203-824.ild0l4k5vsluppoevu2oqvhmda.cx.internal.cloudapp.net, ports: [REPLICATION=33507, RATIS=45713, RATIS_ADMIN=45713, RATIS_SERVER=45713, STANDALONE=46519], networkLocation: /default-rack, certSerialId: null, persistedOpState: null, persistedOpStateExpiryEpochSec: 0}bfd25c3e-a6b8-4c41-8b51-d3ca9c6ca505{ip: 10.1.1.55, host: fv-az203-824.ild0l4k5vsluppoevu2oqvhmda.cx.internal.cloudapp.net, ports: [REPLICATION=33253, RATIS=40725, RATIS_ADMIN=40725, RATIS_SERVER=40725, STANDALONE=39647], networkLocation: /default-rack, certSerialId: null, persistedOpState: null, persistedOpStateExpiryEpochSec: 0}0f80ef1a-6e1f-426a-9fb6-49677c19ba92{ip: 10.1.1.55, host: fv-az203-824.ild0l4k5vsluppoevu2oqvhmda.cx.internal.cloudapp.net, ports: [REPLICATION=38103, RATIS=46649, RATIS_ADMIN=46649, RATIS_SERVER=46649, STANDALONE=44263], networkLocation: /default-rack, certSerialId: null, persistedOpState: null, persistedOpStateExpiryEpochSec: 0}, ReplicationConfig: EC/ECReplicationConfig{data=3, parity=2, ecChunkSize=1048576, codec=rs}, State:ALLOCATED, leaderId:, CreationTimestamp2022-09-28T15:57:51.132Z[Etc/UTC]].
2022-09-28 15:57:51,133 [IPC Server handler 4 on default port 43139] INFO  pipeline.PipelineManagerImpl (PipelineManagerImpl.java:openPipeline(367)) - Pipeline Pipeline[ Id: 14a397e4-f574-4429-963a-12680f093a31, Nodes: 8c5cbec5-1e98-45a3-8a83-5527ccbe40ad{ip: 10.1.1.55, host: fv-az203-824.ild0l4k5vsluppoevu2oqvhmda.cx.internal.cloudapp.net, ports: [REPLICATION=37543, RATIS=44337, RATIS_ADMIN=44337, RATIS_SERVER=44337, STANDALONE=46795], networkLocation: /default-rack, certSerialId: null, persistedOpState: null, persistedOpStateExpiryEpochSec: 0}f69072a2-31e6-4652-a856-983220e9f7b5{ip: 10.1.1.55, host: fv-az203-824.ild0l4k5vsluppoevu2oqvhmda.cx.internal.cloudapp.net, ports: [REPLICATION=46647, RATIS=34017, RATIS_ADMIN=34017, RATIS_SERVER=34017, STANDALONE=44595], networkLocation: /default-rack, certSerialId: null, persistedOpState: null, persistedOpStateExpiryEpochSec: 0}34248cef-dc81-419d-a997-c38b939b47d3{ip: 10.1.1.55, host: fv-az203-824.ild0l4k5vsluppoevu2oqvhmda.cx.internal.cloudapp.net, ports: [REPLICATION=33507, RATIS=45713, RATIS_ADMIN=45713, RATIS_SERVER=45713, STANDALONE=46519], networkLocation: /default-rack, certSerialId: null, persistedOpState: null, persistedOpStateExpiryEpochSec: 0}bfd25c3e-a6b8-4c41-8b51-d3ca9c6ca505{ip: 10.1.1.55, host: fv-az203-824.ild0l4k5vsluppoevu2oqvhmda.cx.internal.cloudapp.net, ports: [REPLICATION=33253, RATIS=40725, RATIS_ADMIN=40725, RATIS_SERVER=40725, STANDALONE=39647], networkLocation: /default-rack, certSerialId: null, persistedOpState: null, persistedOpStateExpiryEpochSec: 0}0f80ef1a-6e1f-426a-9fb6-49677c19ba92{ip: 10.1.1.55, host: fv-az203-824.ild0l4k5vsluppoevu2oqvhmda.cx.internal.cloudapp.net, ports: [REPLICATION=38103, RATIS=46649, RATIS_ADMIN=46649, RATIS_SERVER=46649, STANDALONE=44263], networkLocation: /default-rack, certSerialId: null, persistedOpState: null, persistedOpStateExpiryEpochSec: 0}, ReplicationConfig: EC/ECReplicationConfig{data=3, parity=2, ecChunkSize=1048576, codec=rs}, State:ALLOCATED, leaderId:, CreationTimestamp2022-09-28T15:57:51.132Z[Etc/UTC]] moved to OPEN state
2022-09-28 15:57:51,193 [IPC Server handler 3 on default port 43139] INFO  pipeline.PipelineStateManagerImpl (PipelineStateManagerImpl.java:addPipeline(103)) - Created pipeline Pipeline[ Id: 4753b867-5a3c-445a-9c85-ca1294d9552e, Nodes: 0f80ef1a-6e1f-426a-9fb6-49677c19ba92{ip: 10.1.1.55, host: fv-az203-824.ild0l4k5vsluppoevu2oqvhmda.cx.internal.cloudapp.net, ports: [REPLICATION=38103, RATIS=46649, RATIS_ADMIN=46649, RATIS_SERVER=46649, STANDALONE=44263], networkLocation: /default-rack, certSerialId: null, persistedOpState: null, persistedOpStateExpiryEpochSec: 0}f69072a2-31e6-4652-a856-983220e9f7b5{ip: 10.1.1.55, host: fv-az203-824.ild0l4k5vsluppoevu2oqvhmda.cx.internal.cloudapp.net, ports: [REPLICATION=46647, RATIS=34017, RATIS_ADMIN=34017, RATIS_SERVER=34017, STANDALONE=44595], networkLocation: /default-rack, certSerialId: null, persistedOpState: null, persistedOpStateExpiryEpochSec: 0}8c5cbec5-1e98-45a3-8a83-5527ccbe40ad{ip: 10.1.1.55, host: fv-az203-824.ild0l4k5vsluppoevu2oqvhmda.cx.internal.cloudapp.net, ports: [REPLICATION=37543, RATIS=44337, RATIS_ADMIN=44337, RATIS_SERVER=44337, STANDALONE=46795], networkLocation: /default-rack, certSerialId: null, persistedOpState: null, persistedOpStateExpiryEpochSec: 0}bfd25c3e-a6b8-4c41-8b51-d3ca9c6ca505{ip: 10.1.1.55, host: fv-az203-824.ild0l4k5vsluppoevu2oqvhmda.cx.internal.cloudapp.net, ports: [REPLICATION=33253, RATIS=40725, RATIS_ADMIN=40725, RATIS_SERVER=40725, STANDALONE=39647], networkLocation: /default-rack, certSerialId: null, persistedOpState: null, persistedOpStateExpiryEpochSec: 0}34248cef-dc81-419d-a997-c38b939b47d3{ip: 10.1.1.55, host: fv-az203-824.ild0l4k5vsluppoevu2oqvhmda.cx.internal.cloudapp.net, ports: [REPLICATION=33507, RATIS=45713, RATIS_ADMIN=45713, RATIS_SERVER=45713, STANDALONE=46519], networkLocation: /default-rack, certSerialId: null, persistedOpState: null, persistedOpStateExpiryEpochSec: 0}, ReplicationConfig: EC/ECReplicationConfig{data=3, parity=2, ecChunkSize=1048576, codec=rs}, State:ALLOCATED, leaderId:, CreationTimestamp2022-09-28T15:57:51.193Z[Etc/UTC]].
2022-09-28 15:57:51,194 [IPC Server handler 3 on default port 43139] INFO  pipeline.PipelineManagerImpl (PipelineManagerImpl.java:openPipeline(367)) - Pipeline Pipeline[ Id: 4753b867-5a3c-445a-9c85-ca1294d9552e, Nodes: 0f80ef1a-6e1f-426a-9fb6-49677c19ba92{ip: 10.1.1.55, host: fv-az203-824.ild0l4k5vsluppoevu2oqvhmda.cx.internal.cloudapp.net, ports: [REPLICATION=38103, RATIS=46649, RATIS_ADMIN=46649, RATIS_SERVER=46649, STANDALONE=44263], networkLocation: /default-rack, certSerialId: null, persistedOpState: null, persistedOpStateExpiryEpochSec: 0}f69072a2-31e6-4652-a856-983220e9f7b5{ip: 10.1.1.55, host: fv-az203-824.ild0l4k5vsluppoevu2oqvhmda.cx.internal.cloudapp.net, ports: [REPLICATION=46647, RATIS=34017, RATIS_ADMIN=34017, RATIS_SERVER=34017, STANDALONE=44595], networkLocation: /default-rack, certSerialId: null, persistedOpState: null, persistedOpStateExpiryEpochSec: 0}8c5cbec5-1e98-45a3-8a83-5527ccbe40ad{ip: 10.1.1.55, host: fv-az203-824.ild0l4k5vsluppoevu2oqvhmda.cx.internal.cloudapp.net, ports: [REPLICATION=37543, RATIS=44337, RATIS_ADMIN=44337, RATIS_SERVER=44337, STANDALONE=46795], networkLocation: /default-rack, certSerialId: null, persistedOpState: null, persistedOpStateExpiryEpochSec: 0}bfd25c3e-a6b8-4c41-8b51-d3ca9c6ca505{ip: 10.1.1.55, host: fv-az203-824.ild0l4k5vsluppoevu2oqvhmda.cx.internal.cloudapp.net, ports: [REPLICATION=33253, RATIS=40725, RATIS_ADMIN=40725, RATIS_SERVER=40725, STANDALONE=39647], networkLocation: /default-rack, certSerialId: null, persistedOpState: null, persistedOpStateExpiryEpochSec: 0}34248cef-dc81-419d-a997-c38b939b47d3{ip: 10.1.1.55, host: fv-az203-824.ild0l4k5vsluppoevu2oqvhmda.cx.internal.cloudapp.net, ports: [REPLICATION=33507, RATIS=45713, RATIS_ADMIN=45713, RATIS_SERVER=45713, STANDALONE=46519], networkLocation: /default-rack, certSerialId: null, persistedOpState: null, persistedOpStateExpiryEpochSec: 0}, ReplicationConfig: EC/ECReplicationConfig{data=3, parity=2, ecChunkSize=1048576, codec=rs}, State:ALLOCATED, leaderId:, CreationTimestamp2022-09-28T15:57:51.193Z[Etc/UTC]] moved to OPEN state
]]></system-out>
  </testcase>
  <testcase name="testListStatusIteratorOnRoot" classname="TestOzoneFileSystem" time="0.029"/>
  <testcase name="testListStatusIteratorOnRoot" classname="TestOzoneFileSystem" time="0.03"/>
  <testcase name="testListStatusIteratorOnRoot" classname="TestOzoneFileSystem" time="0.074"/>
  <testcase name="testListStatusIteratorOnRoot" classname="TestOzoneFileSystem" time="0.06"/>
  <testcase name="testRenameDirToFile" classname="TestOzoneFileSystem" time="0.032">
    <system-out><![CDATA[2022-09-28 15:52:37,729 [Time-limited test] WARN  ozone.BasicOzoneFileSystem (BasicOzoneFileSystem.java:rename(396)) - Failed to rename o3fs://bucket55718.volume24312/a/b/c to o3fs://bucket55718.volume24312/root/file1, file already exists!
]]></system-out>
  </testcase>
  <testcase name="testRenameDirToFile" classname="TestOzoneFileSystem" time="0.041">
    <system-out><![CDATA[2022-09-28 15:54:11,490 [Time-limited test] WARN  ozone.BasicOzoneFileSystem (BasicOzoneFileSystem.java:rename(396)) - Failed to rename o3fs://bucket04297.volume00149/a/b/c to o3fs://bucket04297.volume00149/root/file1, file already exists!
]]></system-out>
  </testcase>
  <testcase name="testRenameDirToFile" classname="TestOzoneFileSystem" time="0.041">
    <system-out><![CDATA[2022-09-28 15:55:56,669 [Time-limited test] WARN  ozone.BasicOzoneFileSystem (BasicOzoneFileSystem.java:rename(396)) - Failed to rename o3fs://bucket64159.volume14467/a/b/c to o3fs://bucket64159.volume14467/root/file1, file already exists!
]]></system-out>
  </testcase>
  <testcase name="testRenameDirToFile" classname="TestOzoneFileSystem" time="0.04">
    <system-out><![CDATA[2022-09-28 15:57:51,370 [Time-limited test] WARN  ozone.BasicOzoneFileSystem (BasicOzoneFileSystem.java:rename(396)) - Failed to rename o3fs://bucket59830.volume06113/a/b/c to o3fs://bucket59830.volume06113/root/file1, file already exists!
]]></system-out>
  </testcase>
  <testcase name="testRenameToNewSubDirShouldNotExist" classname="TestOzoneFileSystem" time="0.049">
    <system-out><![CDATA[2022-09-28 15:52:37,766 [Time-limited test] WARN  ozone.BasicOzoneFileSystem (BasicOzoneFileSystem.java:rename(390)) - Failed to rename o3fs://bucket55718.volume24312/a to o3fs://bucket55718.volume24312/b/a, file already exists or not empty!
2022-09-28 15:52:37,782 [Time-limited test] WARN  ozone.BasicOzoneFileSystem (BasicOzoneFileSystem.java:rename(390)) - Failed to rename o3fs://bucket55718.volume24312/file1 to o3fs://bucket55718.volume24312/a/file1, file already exists or not empty!
]]></system-out>
  </testcase>
  <testcase name="testRenameToNewSubDirShouldNotExist" classname="TestOzoneFileSystem" time="0.055">
    <system-out><![CDATA[2022-09-28 15:54:11,547 [Time-limited test] WARN  ozone.BasicOzoneFileSystem (BasicOzoneFileSystem.java:rename(390)) - Failed to rename o3fs://bucket04297.volume00149/a to o3fs://bucket04297.volume00149/b/a, file already exists or not empty!
2022-09-28 15:54:11,557 [Time-limited test] WARN  ozone.BasicOzoneFileSystem (BasicOzoneFileSystem.java:rename(390)) - Failed to rename o3fs://bucket04297.volume00149/file1 to o3fs://bucket04297.volume00149/a/file1, file already exists or not empty!
]]></system-out>
  </testcase>
  <testcase name="testRenameToNewSubDirShouldNotExist" classname="TestOzoneFileSystem" time="0.125">
    <system-out><![CDATA[2022-09-28 15:55:56,736 [Time-limited test] WARN  ozone.BasicOzoneFileSystem (BasicOzoneFileSystem.java:rename(390)) - Failed to rename o3fs://bucket64159.volume14467/a to o3fs://bucket64159.volume14467/b/a, file already exists or not empty!
2022-09-28 15:55:56,754 [Time-limited test] WARN  ozone.BasicOzoneFileSystem (BasicOzoneFileSystem.java:rename(390)) - Failed to rename o3fs://bucket64159.volume14467/file1 to o3fs://bucket64159.volume14467/a/file1, file already exists or not empty!
]]></system-out>
  </testcase>
  <testcase name="testRenameToNewSubDirShouldNotExist" classname="TestOzoneFileSystem" time="0.063">
    <system-out><![CDATA[2022-09-28 15:57:51,394 [Time-limited test] WARN  ozone.BasicOzoneFileSystem (BasicOzoneFileSystem.java:rename(390)) - Failed to rename o3fs://bucket59830.volume06113/a to o3fs://bucket59830.volume06113/b/a, file already exists or not empty!
2022-09-28 15:57:51,434 [Time-limited test] WARN  ozone.BasicOzoneFileSystem (BasicOzoneFileSystem.java:rename(390)) - Failed to rename o3fs://bucket59830.volume06113/file1 to o3fs://bucket59830.volume06113/a/file1, file already exists or not empty!
]]></system-out>
  </testcase>
  <testcase name="testListStatusOnLargeDirectoryForACLCheck" classname="TestOzoneFileSystem" time="1.93">
    <system-out><![CDATA[2022-09-28 15:52:39,064 [Under Replicated Processor] INFO  replication.UnderReplicatedProcessor (UnderReplicatedProcessor.java:processAll(92)) - Processed 0 under replicated containers, failed processing 0
2022-09-28 15:52:39,072 [Over Replicated Processor] INFO  replication.OverReplicatedProcessor (OverReplicatedProcessor.java:processAll(90)) - Processed 0 over replicated containers, failed processing 0
2022-09-28 15:52:39,689 [om1-client-thread1] INFO  segmented.SegmentedRaftLogWorker (SegmentedRaftLogWorker.java:rollLogSegment(430)) - om1@group-C5BA1605619E-SegmentedRaftLogWorker: Rolling segment log-0_36920 to index:36920
2022-09-28 15:52:39,691 [om1@group-C5BA1605619E-SegmentedRaftLogWorker] INFO  segmented.SegmentedRaftLogWorker (SegmentedRaftLogWorker.java:execute(586)) - om1@group-C5BA1605619E-SegmentedRaftLogWorker: Rolled log segment from /home/runner/work/ozone/ozone/hadoop-ozone/integration-test/target/test-dir/MiniOzoneClusterImpl-30c42134-6f07-4454-8a06-c8ace9e9986b/ozone-meta/ratis/bf265839-605b-3f16-9796-c5ba1605619e/current/log_inprogress_0 to /home/runner/work/ozone/ozone/hadoop-ozone/integration-test/target/test-dir/MiniOzoneClusterImpl-30c42134-6f07-4454-8a06-c8ace9e9986b/ozone-meta/ratis/bf265839-605b-3f16-9796-c5ba1605619e/current/log_0-36920
2022-09-28 15:52:39,701 [om1@group-C5BA1605619E-SegmentedRaftLogWorker] INFO  segmented.SegmentedRaftLogWorker (SegmentedRaftLogWorker.java:execute(629)) - om1@group-C5BA1605619E-SegmentedRaftLogWorker: created new log segment /home/runner/work/ozone/ozone/hadoop-ozone/integration-test/target/test-dir/MiniOzoneClusterImpl-30c42134-6f07-4454-8a06-c8ace9e9986b/ozone-meta/ratis/bf265839-605b-3f16-9796-c5ba1605619e/current/log_inprogress_36921
]]></system-out>
  </testcase>
  <testcase name="testListStatusOnLargeDirectoryForACLCheck" classname="TestOzoneFileSystem" time="2.35">
    <system-out><![CDATA[2022-09-28 15:54:13,104 [IPC Server handler 12 on default port 44621] INFO  ha.SequenceIdGenerator (SequenceIdGenerator.java:getNextId(128)) - Allocate a batch for delTxnId, change lastId from 0 to 1000.
]]></system-out>
  </testcase>
  <testcase name="testListStatusOnLargeDirectoryForACLCheck" classname="TestOzoneFileSystem" time="3.814">
    <system-out><![CDATA[2022-09-28 15:56:00,542 [om1-client-thread1] INFO  segmented.SegmentedRaftLogWorker (SegmentedRaftLogWorker.java:rollLogSegment(430)) - om1@group-C5BA1605619E-SegmentedRaftLogWorker: Rolling segment log-0_36898 to index:36898
2022-09-28 15:56:00,544 [om1@group-C5BA1605619E-SegmentedRaftLogWorker] INFO  segmented.SegmentedRaftLogWorker (SegmentedRaftLogWorker.java:execute(586)) - om1@group-C5BA1605619E-SegmentedRaftLogWorker: Rolled log segment from /home/runner/work/ozone/ozone/hadoop-ozone/integration-test/target/test-dir/MiniOzoneClusterImpl-aff298ea-5285-4275-affb-2c33fd00777e/ozone-meta/ratis/bf265839-605b-3f16-9796-c5ba1605619e/current/log_inprogress_0 to /home/runner/work/ozone/ozone/hadoop-ozone/integration-test/target/test-dir/MiniOzoneClusterImpl-aff298ea-5285-4275-affb-2c33fd00777e/ozone-meta/ratis/bf265839-605b-3f16-9796-c5ba1605619e/current/log_0-36898
2022-09-28 15:56:00,554 [om1@group-C5BA1605619E-SegmentedRaftLogWorker] INFO  segmented.SegmentedRaftLogWorker (SegmentedRaftLogWorker.java:execute(629)) - om1@group-C5BA1605619E-SegmentedRaftLogWorker: created new log segment /home/runner/work/ozone/ozone/hadoop-ozone/integration-test/target/test-dir/MiniOzoneClusterImpl-aff298ea-5285-4275-affb-2c33fd00777e/ozone-meta/ratis/bf265839-605b-3f16-9796-c5ba1605619e/current/log_inprogress_36899
]]></system-out>
  </testcase>
  <testcase name="testListStatusOnLargeDirectoryForACLCheck" classname="TestOzoneFileSystem" time="2.795"/>
  <testcase name="testRenameFileToDir" classname="TestOzoneFileSystem" time="0.039">
    <system-out><![CDATA[15:52:39.741 [IPC Server handler 16 on default port 36317] ERROR OMAudit - user=runner | ip=127.0.0.1 | op=LIST_STATUS {volume=volume24312, bucket=bucket55718, key=a/b/c/file1, dataSize=0, replicationConfig=null} | ret=FAILURE
org.apache.hadoop.ozone.om.exceptions.OMException: Unable to get file status: volume: volume24312 bucket: bucket55718 key: a/b/c/file1
	at org.apache.hadoop.ozone.om.KeyManagerImpl.getOzoneFileStatus(KeyManagerImpl.java:1324) ~[ozone-manager-1.3.0-SNAPSHOT.jar:?]
	at org.apache.hadoop.ozone.om.KeyManagerImpl.getFileStatus(KeyManagerImpl.java:1254) ~[ozone-manager-1.3.0-SNAPSHOT.jar:?]
	at org.apache.hadoop.ozone.om.KeyManagerImpl.listStatus(KeyManagerImpl.java:1578) ~[ozone-manager-1.3.0-SNAPSHOT.jar:?]
	at org.apache.hadoop.ozone.om.OzoneManager.listStatus(OzoneManager.java:3584) ~[ozone-manager-1.3.0-SNAPSHOT.jar:?]
	at org.apache.hadoop.ozone.protocolPB.OzoneManagerRequestHandler.listStatus(OzoneManagerRequestHandler.java:1072) ~[ozone-manager-1.3.0-SNAPSHOT.jar:?]
	at org.apache.hadoop.ozone.protocolPB.OzoneManagerRequestHandler.handleReadRequest(OzoneManagerRequestHandler.java:239) ~[ozone-manager-1.3.0-SNAPSHOT.jar:?]
	at org.apache.hadoop.ozone.protocolPB.OzoneManagerProtocolServerSideTranslatorPB.submitReadRequestToOM(OzoneManagerProtocolServerSideTranslatorPB.java:226) ~[ozone-manager-1.3.0-SNAPSHOT.jar:?]
	at org.apache.hadoop.ozone.protocolPB.OzoneManagerProtocolServerSideTranslatorPB.processRequest(OzoneManagerProtocolServerSideTranslatorPB.java:175) ~[ozone-manager-1.3.0-SNAPSHOT.jar:?]
	at org.apache.hadoop.hdds.server.OzoneProtocolMessageDispatcher.processRequest(OzoneProtocolMessageDispatcher.java:87) [hdds-server-framework-1.3.0-SNAPSHOT.jar:?]
	at org.apache.hadoop.ozone.protocolPB.OzoneManagerProtocolServerSideTranslatorPB.submitRequest(OzoneManagerProtocolServerSideTranslatorPB.java:147) [ozone-manager-1.3.0-SNAPSHOT.jar:?]
	at org.apache.hadoop.ozone.protocol.proto.OzoneManagerProtocolProtos$OzoneManagerService$2.callBlockingMethod(OzoneManagerProtocolProtos.java) [ozone-interface-client-1.3.0-SNAPSHOT.jar:?]
	at org.apache.hadoop.ipc.ProtobufRpcEngine$Server.processCall(ProtobufRpcEngine.java:466) [hadoop-common-3.3.1.jar:?]
	at org.apache.hadoop.ipc.ProtobufRpcEngine2$Server$ProtoBufRpcInvoker.call(ProtobufRpcEngine2.java:574) [hadoop-common-3.3.1.jar:?]
	at org.apache.hadoop.ipc.ProtobufRpcEngine2$Server$ProtoBufRpcInvoker.call(ProtobufRpcEngine2.java:552) [hadoop-common-3.3.1.jar:?]
	at org.apache.hadoop.ipc.RPC$Server.call(RPC.java:1093) [hadoop-common-3.3.1.jar:?]
	at org.apache.hadoop.ipc.Server$RpcCall.run(Server.java:1035) [hadoop-common-3.3.1.jar:?]
	at org.apache.hadoop.ipc.Server$RpcCall.run(Server.java:963) [hadoop-common-3.3.1.jar:?]
	at java.security.AccessController.doPrivileged(Native Method) ~[?:1.8.0_345]
	at javax.security.auth.Subject.doAs(Subject.java:422) [?:1.8.0_345]
	at org.apache.hadoop.security.UserGroupInformation.doAs(UserGroupInformation.java:1878) [hadoop-common-3.3.1.jar:?]
	at org.apache.hadoop.ipc.Server$Handler.run(Server.java:2966) [hadoop-common-3.3.1.jar:?]
]]></system-out>
  </testcase>
  <testcase name="testRenameFileToDir" classname="TestOzoneFileSystem" time="0.043">
    <system-out><![CDATA[15:54:13.946 [IPC Server handler 16 on default port 42319] ERROR OMAudit - user=runner | ip=127.0.0.1 | op=LIST_STATUS {volume=volume00149, bucket=bucket04297, key=a/b/c/file1, dataSize=0, replicationConfig=null} | ret=FAILURE
org.apache.hadoop.ozone.om.exceptions.OMException: Unable to get file status: volume: volume00149 bucket: bucket04297 key: a/b/c/file1
	at org.apache.hadoop.ozone.om.KeyManagerImpl.getOzoneFileStatus(KeyManagerImpl.java:1324) ~[ozone-manager-1.3.0-SNAPSHOT.jar:?]
	at org.apache.hadoop.ozone.om.KeyManagerImpl.getFileStatus(KeyManagerImpl.java:1254) ~[ozone-manager-1.3.0-SNAPSHOT.jar:?]
	at org.apache.hadoop.ozone.om.KeyManagerImpl.listStatus(KeyManagerImpl.java:1578) ~[ozone-manager-1.3.0-SNAPSHOT.jar:?]
	at org.apache.hadoop.ozone.om.OzoneManager.listStatus(OzoneManager.java:3584) ~[ozone-manager-1.3.0-SNAPSHOT.jar:?]
	at org.apache.hadoop.ozone.protocolPB.OzoneManagerRequestHandler.listStatus(OzoneManagerRequestHandler.java:1072) ~[ozone-manager-1.3.0-SNAPSHOT.jar:?]
	at org.apache.hadoop.ozone.protocolPB.OzoneManagerRequestHandler.handleReadRequest(OzoneManagerRequestHandler.java:239) ~[ozone-manager-1.3.0-SNAPSHOT.jar:?]
	at org.apache.hadoop.ozone.protocolPB.OzoneManagerProtocolServerSideTranslatorPB.submitRequestDirectlyToOM(OzoneManagerProtocolServerSideTranslatorPB.java:276) ~[ozone-manager-1.3.0-SNAPSHOT.jar:?]
	at org.apache.hadoop.ozone.protocolPB.OzoneManagerProtocolServerSideTranslatorPB.processRequest(OzoneManagerProtocolServerSideTranslatorPB.java:205) ~[ozone-manager-1.3.0-SNAPSHOT.jar:?]
	at org.apache.hadoop.hdds.server.OzoneProtocolMessageDispatcher.processRequest(OzoneProtocolMessageDispatcher.java:87) [hdds-server-framework-1.3.0-SNAPSHOT.jar:?]
	at org.apache.hadoop.ozone.protocolPB.OzoneManagerProtocolServerSideTranslatorPB.submitRequest(OzoneManagerProtocolServerSideTranslatorPB.java:147) [ozone-manager-1.3.0-SNAPSHOT.jar:?]
	at org.apache.hadoop.ozone.protocol.proto.OzoneManagerProtocolProtos$OzoneManagerService$2.callBlockingMethod(OzoneManagerProtocolProtos.java) [ozone-interface-client-1.3.0-SNAPSHOT.jar:?]
	at org.apache.hadoop.ipc.ProtobufRpcEngine$Server.processCall(ProtobufRpcEngine.java:466) [hadoop-common-3.3.1.jar:?]
	at org.apache.hadoop.ipc.ProtobufRpcEngine2$Server$ProtoBufRpcInvoker.call(ProtobufRpcEngine2.java:574) [hadoop-common-3.3.1.jar:?]
	at org.apache.hadoop.ipc.ProtobufRpcEngine2$Server$ProtoBufRpcInvoker.call(ProtobufRpcEngine2.java:552) [hadoop-common-3.3.1.jar:?]
	at org.apache.hadoop.ipc.RPC$Server.call(RPC.java:1093) [hadoop-common-3.3.1.jar:?]
	at org.apache.hadoop.ipc.Server$RpcCall.run(Server.java:1035) [hadoop-common-3.3.1.jar:?]
	at org.apache.hadoop.ipc.Server$RpcCall.run(Server.java:963) [hadoop-common-3.3.1.jar:?]
	at java.security.AccessController.doPrivileged(Native Method) ~[?:1.8.0_345]
	at javax.security.auth.Subject.doAs(Subject.java:422) [?:1.8.0_345]
	at org.apache.hadoop.security.UserGroupInformation.doAs(UserGroupInformation.java:1878) [hadoop-common-3.3.1.jar:?]
	at org.apache.hadoop.ipc.Server$Handler.run(Server.java:2966) [hadoop-common-3.3.1.jar:?]
]]></system-out>
  </testcase>
  <testcase name="testRenameFileToDir" classname="TestOzoneFileSystem" time="0.076">
    <system-out><![CDATA[15:56:00.654 [IPC Server handler 17 on default port 37257] ERROR OMAudit - user=runner | ip=127.0.0.1 | op=LIST_STATUS {volume=volume14467, bucket=bucket64159, key=a/b/c/file1, dataSize=0, replicationConfig=null} | ret=FAILURE
org.apache.hadoop.ozone.om.exceptions.OMException: Unable to get file status: volume: volume14467 bucket: bucket64159 key: a/b/c/file1
	at org.apache.hadoop.ozone.om.KeyManagerImpl.getOzoneFileStatus(KeyManagerImpl.java:1324) ~[ozone-manager-1.3.0-SNAPSHOT.jar:?]
	at org.apache.hadoop.ozone.om.KeyManagerImpl.getFileStatus(KeyManagerImpl.java:1254) ~[ozone-manager-1.3.0-SNAPSHOT.jar:?]
	at org.apache.hadoop.ozone.om.KeyManagerImpl.listStatus(KeyManagerImpl.java:1578) ~[ozone-manager-1.3.0-SNAPSHOT.jar:?]
	at org.apache.hadoop.ozone.om.OzoneManager.listStatus(OzoneManager.java:3584) ~[ozone-manager-1.3.0-SNAPSHOT.jar:?]
	at org.apache.hadoop.ozone.protocolPB.OzoneManagerRequestHandler.listStatus(OzoneManagerRequestHandler.java:1072) ~[ozone-manager-1.3.0-SNAPSHOT.jar:?]
	at org.apache.hadoop.ozone.protocolPB.OzoneManagerRequestHandler.handleReadRequest(OzoneManagerRequestHandler.java:239) ~[ozone-manager-1.3.0-SNAPSHOT.jar:?]
	at org.apache.hadoop.ozone.protocolPB.OzoneManagerProtocolServerSideTranslatorPB.submitReadRequestToOM(OzoneManagerProtocolServerSideTranslatorPB.java:226) ~[ozone-manager-1.3.0-SNAPSHOT.jar:?]
	at org.apache.hadoop.ozone.protocolPB.OzoneManagerProtocolServerSideTranslatorPB.processRequest(OzoneManagerProtocolServerSideTranslatorPB.java:175) ~[ozone-manager-1.3.0-SNAPSHOT.jar:?]
	at org.apache.hadoop.hdds.server.OzoneProtocolMessageDispatcher.processRequest(OzoneProtocolMessageDispatcher.java:87) [hdds-server-framework-1.3.0-SNAPSHOT.jar:?]
	at org.apache.hadoop.ozone.protocolPB.OzoneManagerProtocolServerSideTranslatorPB.submitRequest(OzoneManagerProtocolServerSideTranslatorPB.java:147) [ozone-manager-1.3.0-SNAPSHOT.jar:?]
	at org.apache.hadoop.ozone.protocol.proto.OzoneManagerProtocolProtos$OzoneManagerService$2.callBlockingMethod(OzoneManagerProtocolProtos.java) [ozone-interface-client-1.3.0-SNAPSHOT.jar:?]
	at org.apache.hadoop.ipc.ProtobufRpcEngine$Server.processCall(ProtobufRpcEngine.java:466) [hadoop-common-3.3.1.jar:?]
	at org.apache.hadoop.ipc.ProtobufRpcEngine2$Server$ProtoBufRpcInvoker.call(ProtobufRpcEngine2.java:574) [hadoop-common-3.3.1.jar:?]
	at org.apache.hadoop.ipc.ProtobufRpcEngine2$Server$ProtoBufRpcInvoker.call(ProtobufRpcEngine2.java:552) [hadoop-common-3.3.1.jar:?]
	at org.apache.hadoop.ipc.RPC$Server.call(RPC.java:1093) [hadoop-common-3.3.1.jar:?]
	at org.apache.hadoop.ipc.Server$RpcCall.run(Server.java:1035) [hadoop-common-3.3.1.jar:?]
	at org.apache.hadoop.ipc.Server$RpcCall.run(Server.java:963) [hadoop-common-3.3.1.jar:?]
	at java.security.AccessController.doPrivileged(Native Method) ~[?:1.8.0_345]
	at javax.security.auth.Subject.doAs(Subject.java:422) [?:1.8.0_345]
	at org.apache.hadoop.security.UserGroupInformation.doAs(UserGroupInformation.java:1878) [hadoop-common-3.3.1.jar:?]
	at org.apache.hadoop.ipc.Server$Handler.run(Server.java:2966) [hadoop-common-3.3.1.jar:?]
]]></system-out>
  </testcase>
  <testcase name="testRenameFileToDir" classname="TestOzoneFileSystem" time="0.046">
    <system-out><![CDATA[15:57:54.249 [IPC Server handler 1 on default port 41537] ERROR OMAudit - user=runner | ip=127.0.0.1 | op=LIST_STATUS {volume=volume06113, bucket=bucket59830, key=a/b/c/file1, dataSize=0, replicationConfig=null} | ret=FAILURE
org.apache.hadoop.ozone.om.exceptions.OMException: Unable to get file status: volume: volume06113 bucket: bucket59830 key: a/b/c/file1
	at org.apache.hadoop.ozone.om.KeyManagerImpl.getOzoneFileStatus(KeyManagerImpl.java:1324) ~[ozone-manager-1.3.0-SNAPSHOT.jar:?]
	at org.apache.hadoop.ozone.om.KeyManagerImpl.getFileStatus(KeyManagerImpl.java:1254) ~[ozone-manager-1.3.0-SNAPSHOT.jar:?]
	at org.apache.hadoop.ozone.om.KeyManagerImpl.listStatus(KeyManagerImpl.java:1578) ~[ozone-manager-1.3.0-SNAPSHOT.jar:?]
	at org.apache.hadoop.ozone.om.OzoneManager.listStatus(OzoneManager.java:3584) ~[ozone-manager-1.3.0-SNAPSHOT.jar:?]
	at org.apache.hadoop.ozone.protocolPB.OzoneManagerRequestHandler.listStatus(OzoneManagerRequestHandler.java:1072) ~[ozone-manager-1.3.0-SNAPSHOT.jar:?]
	at org.apache.hadoop.ozone.protocolPB.OzoneManagerRequestHandler.handleReadRequest(OzoneManagerRequestHandler.java:239) ~[ozone-manager-1.3.0-SNAPSHOT.jar:?]
	at org.apache.hadoop.ozone.protocolPB.OzoneManagerProtocolServerSideTranslatorPB.submitRequestDirectlyToOM(OzoneManagerProtocolServerSideTranslatorPB.java:276) ~[ozone-manager-1.3.0-SNAPSHOT.jar:?]
	at org.apache.hadoop.ozone.protocolPB.OzoneManagerProtocolServerSideTranslatorPB.processRequest(OzoneManagerProtocolServerSideTranslatorPB.java:205) ~[ozone-manager-1.3.0-SNAPSHOT.jar:?]
	at org.apache.hadoop.hdds.server.OzoneProtocolMessageDispatcher.processRequest(OzoneProtocolMessageDispatcher.java:87) [hdds-server-framework-1.3.0-SNAPSHOT.jar:?]
	at org.apache.hadoop.ozone.protocolPB.OzoneManagerProtocolServerSideTranslatorPB.submitRequest(OzoneManagerProtocolServerSideTranslatorPB.java:147) [ozone-manager-1.3.0-SNAPSHOT.jar:?]
	at org.apache.hadoop.ozone.protocol.proto.OzoneManagerProtocolProtos$OzoneManagerService$2.callBlockingMethod(OzoneManagerProtocolProtos.java) [ozone-interface-client-1.3.0-SNAPSHOT.jar:?]
	at org.apache.hadoop.ipc.ProtobufRpcEngine$Server.processCall(ProtobufRpcEngine.java:466) [hadoop-common-3.3.1.jar:?]
	at org.apache.hadoop.ipc.ProtobufRpcEngine2$Server$ProtoBufRpcInvoker.call(ProtobufRpcEngine2.java:574) [hadoop-common-3.3.1.jar:?]
	at org.apache.hadoop.ipc.ProtobufRpcEngine2$Server$ProtoBufRpcInvoker.call(ProtobufRpcEngine2.java:552) [hadoop-common-3.3.1.jar:?]
	at org.apache.hadoop.ipc.RPC$Server.call(RPC.java:1093) [hadoop-common-3.3.1.jar:?]
	at org.apache.hadoop.ipc.Server$RpcCall.run(Server.java:1035) [hadoop-common-3.3.1.jar:?]
	at org.apache.hadoop.ipc.Server$RpcCall.run(Server.java:963) [hadoop-common-3.3.1.jar:?]
	at java.security.AccessController.doPrivileged(Native Method) ~[?:1.8.0_345]
	at javax.security.auth.Subject.doAs(Subject.java:422) [?:1.8.0_345]
	at org.apache.hadoop.security.UserGroupInformation.doAs(UserGroupInformation.java:1878) [hadoop-common-3.3.1.jar:?]
	at org.apache.hadoop.ipc.Server$Handler.run(Server.java:2966) [hadoop-common-3.3.1.jar:?]
]]></system-out>
  </testcase>
  <testcase name="testMakeDirsWithAnExistingDirectoryPath" classname="TestOzoneFileSystem" time="0.017"/>
  <testcase name="testMakeDirsWithAnExistingDirectoryPath" classname="TestOzoneFileSystem" time="0.025"/>
  <testcase name="testMakeDirsWithAnExistingDirectoryPath" classname="TestOzoneFileSystem" time="0.035"/>
  <testcase name="testMakeDirsWithAnExistingDirectoryPath" classname="TestOzoneFileSystem" time="0.039"/>
</testsuite>