<?xml version="1.0" encoding="UTF-8"?>
<testsuite xmlns:xsi="http://www.w3.org/2001/XMLSchema-instance" xsi:noNamespaceSchemaLocation="https://maven.apache.org/surefire/maven-surefire-plugin/xsd/surefire-test-report-3.0.xsd" version="3.0" name="org.apache.hadoop.ozone.client.rpc.TestBlockOutputStream" time="64.101" tests="6" errors="0" skipped="0" failures="1">
  <properties>
    <property name="awt.toolkit" value="sun.awt.X11.XToolkit"/>
    <property name="file.encoding.pkg" value="sun.io"/>
    <property name="java.specification.version" value="1.8"/>
    <property name="sun.cpu.isalist" value=""/>
    <property name="sun.jnu.encoding" value="UTF-8"/>
    <property name="java.class.path" value="/home/runner/work/ozone/ozone/hadoop-ozone/integration-test/target/test-classes:/home/runner/work/ozone/ozone/hadoop-ozone/integration-test/target/classes:/home/runner/.m2/repository/org/apache/ozone/ozone-common/1.3.0-SNAPSHOT/ozone-common-1.3.0-SNAPSHOT.jar:/home/runner/.m2/repository/io/grpc/grpc-netty/1.48.1/grpc-netty-1.48.1.jar:/home/runner/.m2/repository/io/grpc/grpc-core/1.48.1/grpc-core-1.48.1.jar:/home/runner/.m2/repository/com/google/android/annotations/4.1.1.4/annotations-4.1.1.4.jar:/home/runner/.m2/repository/org/codehaus/mojo/animal-sniffer-annotations/1.21/animal-sniffer-annotations-1.21.jar:/home/runner/.m2/repository/com/google/errorprone/error_prone_annotations/2.2.0/error_prone_annotations-2.2.0.jar:/home/runner/.m2/repository/io/perfmark/perfmark-api/0.25.0/perfmark-api-0.25.0.jar:/home/runner/.m2/repository/io/netty/netty-codec-http2/4.1.79.Final/netty-codec-http2-4.1.79.Final.jar:/home/runner/.m2/repository/io/netty/netty-common/4.1.79.Final/netty-common-4.1.79.Final.jar:/home/runner/.m2/repository/io/netty/netty-buffer/4.1.79.Final/netty-buffer-4.1.79.Final.jar:/home/runner/.m2/repository/io/netty/netty-codec-http/4.1.79.Final/netty-codec-http-4.1.79.Final.jar:/home/runner/.m2/repository/io/netty/netty-handler-proxy/4.1.79.Final/netty-handler-proxy-4.1.79.Final.jar:/home/runner/.m2/repository/io/netty/netty-codec-socks/4.1.79.Final/netty-codec-socks-4.1.79.Final.jar:/home/runner/.m2/repository/io/netty/netty-tcnative-boringssl-static/2.0.53.Final/netty-tcnative-boringssl-static-2.0.53.Final.jar:/home/runner/.m2/repository/io/netty/netty-tcnative-classes/2.0.53.Final/netty-tcnative-classes-2.0.53.Final.jar:/home/runner/.m2/repository/io/netty/netty-tcnative-boringssl-static/2.0.53.Final/netty-tcnative-boringssl-static-2.0.53.Final-linux-x86_64.jar:/home/runner/.m2/repository/io/netty/netty-tcnative-boringssl-static/2.0.53.Final/netty-tcnative-boringssl-static-2.0.53.Final-linux-aarch_64.jar:/home/runner/.m2/repository/io/netty/netty-tcnative-boringssl-static/2.0.53.Final/netty-tcnative-boringssl-static-2.0.53.Final-osx-x86_64.jar:/home/runner/.m2/repository/io/netty/netty-tcnative-boringssl-static/2.0.53.Final/netty-tcnative-boringssl-static-2.0.53.Final-osx-aarch_64.jar:/home/runner/.m2/repository/io/netty/netty-tcnative-boringssl-static/2.0.53.Final/netty-tcnative-boringssl-static-2.0.53.Final-windows-x86_64.jar:/home/runner/.m2/repository/org/apache/commons/commons-compress/1.21/commons-compress-1.21.jar:/home/runner/.m2/repository/org/apache/ozone/hdds-common/1.3.0-SNAPSHOT/hdds-common-1.3.0-SNAPSHOT.jar:/home/runner/.m2/repository/org/apache/ozone/hdds-client/1.3.0-SNAPSHOT/hdds-client-1.3.0-SNAPSHOT.jar:/home/runner/.m2/repository/org/apache/ozone/ozone-interface-client/1.3.0-SNAPSHOT/ozone-interface-client-1.3.0-SNAPSHOT.jar:/home/runner/.m2/repository/org/apache/ozone/hdds-test-utils/1.3.0-SNAPSHOT/hdds-test-utils-1.3.0-SNAPSHOT.jar:/home/runner/.m2/repository/com/google/guava/guava/31.1-jre/guava-31.1-jre.jar:/home/runner/.m2/repository/com/google/guava/failureaccess/1.0.1/failureaccess-1.0.1.jar:/home/runner/.m2/repository/com/google/guava/listenablefuture/9999.0-empty-to-avoid-conflict-with-guava/listenablefuture-9999.0-empty-to-avoid-conflict-with-guava.jar:/home/runner/.m2/repository/com/google/code/findbugs/jsr305/3.0.0/jsr305-3.0.0.jar:/home/runner/.m2/repository/org/checkerframework/checker-qual/3.12.0/checker-qual-3.12.0.jar:/home/runner/.m2/repository/com/google/j2objc/j2objc-annotations/1.3/j2objc-annotations-1.3.jar:/home/runner/.m2/repository/commons-io/commons-io/2.11.0/commons-io-2.11.0.jar:/home/runner/.m2/repository/commons-logging/commons-logging/1.2/commons-logging-1.2.jar:/home/runner/.m2/repository/log4j/log4j/1.2.17/log4j-1.2.17.jar:/home/runner/.m2/repository/org/slf4j/slf4j-api/1.7.30/slf4j-api-1.7.30.jar:/home/runner/.m2/repository/org/apache/ozone/hdds-server-scm/1.3.0-SNAPSHOT/hdds-server-scm-1.3.0-SNAPSHOT.jar:/home/runner/.m2/repository/org/apache/ozone/hdds-container-service/1.3.0-SNAPSHOT/hdds-container-service-1.3.0-SNAPSHOT.jar:/home/runner/.m2/repository/org/apache/ozone/hdds-hadoop-dependency-server/1.3.0-SNAPSHOT/hdds-hadoop-dependency-server-1.3.0-SNAPSHOT.jar:/home/runner/.m2/repository/org/apache/hadoop/hadoop-hdfs/3.3.1/hadoop-hdfs-3.3.1.jar:/home/runner/.m2/repository/org/apache/ozone/hdds-server-framework/1.3.0-SNAPSHOT/hdds-server-framework-1.3.0-SNAPSHOT.jar:/home/runner/.m2/repository/org/apache/ozone/hdds-interface-server/1.3.0-SNAPSHOT/hdds-interface-server-1.3.0-SNAPSHOT.jar:/home/runner/.m2/repository/org/apache/logging/log4j/log4j-core/2.17.1/log4j-core-2.17.1.jar:/home/runner/.m2/repository/com/lmax/disruptor/3.4.2/disruptor-3.4.2.jar:/home/runner/.m2/repository/org/eclipse/jetty/jetty-servlet/9.4.43.v20210629/jetty-servlet-9.4.43.v20210629.jar:/home/runner/.m2/repository/org/eclipse/jetty/jetty-security/9.4.43.v20210629/jetty-security-9.4.43.v20210629.jar:/home/runner/.m2/repository/org/rocksdb/rocksdbjni/7.4.5/rocksdbjni-7.4.5.jar:/home/runner/.m2/repository/io/prometheus/simpleclient_dropwizard/0.7.0/simpleclient_dropwizard-0.7.0.jar:/home/runner/.m2/repository/io/prometheus/simpleclient/0.7.0/simpleclient-0.7.0.jar:/home/runner/.m2/repository/io/prometheus/simpleclient_common/0.7.0/simpleclient_common-0.7.0.jar:/home/runner/.m2/repository/io/dropwizard/metrics/metrics-core/3.2.4/metrics-core-3.2.4.jar:/home/runner/.m2/repository/org/apache/hadoop/hadoop-hdfs-client/3.3.1/hadoop-hdfs-client-3.3.1.jar:/home/runner/.m2/repository/org/bouncycastle/bcprov-jdk15on/1.67/bcprov-jdk15on-1.67.jar:/home/runner/.m2/repository/com/google/protobuf/protobuf-java/2.5.0/protobuf-java-2.5.0.jar:/home/runner/.m2/repository/org/apache/ozone/ozone-manager/1.3.0-SNAPSHOT/ozone-manager-1.3.0-SNAPSHOT.jar:/home/runner/.m2/repository/org/aspectj/aspectjrt/1.9.7/aspectjrt-1.9.7.jar:/home/runner/.m2/repository/org/aspectj/aspectjweaver/1.9.7/aspectjweaver-1.9.7.jar:/home/runner/.m2/repository/org/apache/ozone/hdds-interface-client/1.3.0-SNAPSHOT/hdds-interface-client-1.3.0-SNAPSHOT.jar:/home/runner/.m2/repository/org/apache/hadoop/thirdparty/hadoop-shaded-protobuf_3_7/1.1.1/hadoop-shaded-protobuf_3_7-1.1.1.jar:/home/runner/.m2/repository/org/apache/ozone/ozone-interface-storage/1.3.0-SNAPSHOT/ozone-interface-storage-1.3.0-SNAPSHOT.jar:/home/runner/.m2/repository/org/reflections/reflections/0.9.11/reflections-0.9.11.jar:/home/runner/.m2/repository/com/sun/jersey/jersey-client/1.19/jersey-client-1.19.jar:/home/runner/.m2/repository/org/apache/ranger/ranger-intg/2.3.0/ranger-intg-2.3.0.jar:/home/runner/.m2/repository/org/apache/ranger/ranger-plugins-common/2.3.0/ranger-plugins-common-2.3.0.jar:/home/runner/.m2/repository/commons-lang/commons-lang/2.6/commons-lang-2.6.jar:/home/runner/.m2/repository/org/codehaus/jackson/jackson-jaxrs/1.9.13/jackson-jaxrs-1.9.13.jar:/home/runner/.m2/repository/org/apache/ranger/ranger-plugins-cred/2.3.0/ranger-plugins-cred-2.3.0.jar:/home/runner/.m2/repository/org/apache/ranger/ranger-plugins-audit/2.3.0/ranger-plugins-audit-2.3.0.jar:/home/runner/.m2/repository/org/eclipse/jetty/jetty-client/9.4.31.v20200723/jetty-client-9.4.31.v20200723.jar:/home/runner/.m2/repository/org/apache/httpcomponents/httpmime/4.5.6/httpmime-4.5.6.jar:/home/runner/.m2/repository/org/apache/httpcomponents/httpcore-nio/4.4.6/httpcore-nio-4.4.6.jar:/home/runner/.m2/repository/org/apache/httpcomponents/httpasyncclient/4.1.3/httpasyncclient-4.1.3.jar:/home/runner/.m2/repository/com/carrotsearch/hppc/0.8.0/hppc-0.8.0.jar:/home/runner/.m2/repository/org/apache/orc/orc-core/1.5.8/orc-core-1.5.8.jar:/home/runner/.m2/repository/net/java/dev/jna/jna/5.2.0/jna-5.2.0.jar:/home/runner/.m2/repository/net/java/dev/jna/jna-platform/5.2.0/jna-platform-5.2.0.jar:/home/runner/.m2/repository/com/kstruct/gethostname4j/0.0.2/gethostname4j-0.0.2.jar:/home/runner/.m2/repository/org/apache/ranger/ranger-plugin-classloader/2.3.0/ranger-plugin-classloader-2.3.0.jar:/home/runner/.m2/repository/org/apache/hadoop/hadoop-minikdc/3.3.1/hadoop-minikdc-3.3.1.jar:/home/runner/.m2/repository/org/apache/kerby/kerb-simplekdc/1.0.1/kerb-simplekdc-1.0.1.jar:/home/runner/.m2/repository/org/apache/kerby/kerb-client/1.0.1/kerb-client-1.0.1.jar:/home/runner/.m2/repository/org/apache/kerby/kerby-config/1.0.1/kerby-config-1.0.1.jar:/home/runner/.m2/repository/org/apache/kerby/kerb-common/1.0.1/kerb-common-1.0.1.jar:/home/runner/.m2/repository/org/apache/kerby/kerb-crypto/1.0.1/kerb-crypto-1.0.1.jar:/home/runner/.m2/repository/org/apache/kerby/kerb-util/1.0.1/kerb-util-1.0.1.jar:/home/runner/.m2/repository/org/apache/kerby/token-provider/1.0.1/token-provider-1.0.1.jar:/home/runner/.m2/repository/org/apache/kerby/kerb-admin/1.0.1/kerb-admin-1.0.1.jar:/home/runner/.m2/repository/org/apache/kerby/kerb-server/1.0.1/kerb-server-1.0.1.jar:/home/runner/.m2/repository/org/apache/kerby/kerb-identity/1.0.1/kerb-identity-1.0.1.jar:/home/runner/.m2/repository/org/apache/kerby/kerby-xdr/1.0.1/kerby-xdr-1.0.1.jar:/home/runner/.m2/repository/org/slf4j/slf4j-log4j12/1.7.30/slf4j-log4j12-1.7.30.jar:/home/runner/.m2/repository/org/apache/ozone/ozone-s3gateway/1.3.0-SNAPSHOT/ozone-s3gateway-1.3.0-SNAPSHOT.jar:/home/runner/.m2/repository/org/javassist/javassist/3.21.0-GA/javassist-3.21.0-GA.jar:/home/runner/.m2/repository/org/jboss/weld/servlet/weld-servlet/2.4.7.Final/weld-servlet-2.4.7.Final.jar:/home/runner/.m2/repository/org/glassfish/jersey/containers/jersey-container-servlet-core/2.34/jersey-container-servlet-core-2.34.jar:/home/runner/.m2/repository/org/glassfish/hk2/external/jakarta.inject/2.6.1/jakarta.inject-2.6.1.jar:/home/runner/.m2/repository/org/glassfish/jersey/core/jersey-common/2.34/jersey-common-2.34.jar:/home/runner/.m2/repository/jakarta/ws/rs/jakarta.ws.rs-api/2.1.6/jakarta.ws.rs-api-2.1.6.jar:/home/runner/.m2/repository/org/glassfish/jersey/ext/cdi/jersey-cdi1x/2.34/jersey-cdi1x-2.34.jar:/home/runner/.m2/repository/org/glassfish/jersey/inject/jersey-hk2/2.34/jersey-hk2-2.34.jar:/home/runner/.m2/repository/org/glassfish/hk2/hk2-locator/2.6.1/hk2-locator-2.6.1.jar:/home/runner/.m2/repository/org/glassfish/jersey/media/jersey-media-jaxb/2.34/jersey-media-jaxb-2.34.jar:/home/runner/.m2/repository/org/glassfish/hk2/osgi-resource-locator/1.0.3/osgi-resource-locator-1.0.3.jar:/home/runner/.m2/repository/org/glassfish/hk2/hk2-api/2.5.0/hk2-api-2.5.0.jar:/home/runner/.m2/repository/org/glassfish/hk2/hk2-utils/2.5.0/hk2-utils-2.5.0.jar:/home/runner/.m2/repository/org/glassfish/hk2/external/aopalliance-repackaged/2.5.0/aopalliance-repackaged-2.5.0.jar:/home/runner/.m2/repository/com/fasterxml/jackson/dataformat/jackson-dataformat-xml/2.13.2/jackson-dataformat-xml-2.13.2.jar:/home/runner/.m2/repository/com/fasterxml/jackson/core/jackson-core/2.13.2/jackson-core-2.13.2.jar:/home/runner/.m2/repository/org/codehaus/woodstox/stax2-api/3.1.4/stax2-api-3.1.4.jar:/home/runner/.m2/repository/com/fasterxml/woodstox/woodstox-core/5.0.3/woodstox-core-5.0.3.jar:/home/runner/.m2/repository/com/fasterxml/jackson/module/jackson-module-jaxb-annotations/2.13.2/jackson-module-jaxb-annotations-2.13.2.jar:/home/runner/.m2/repository/jakarta/xml/bind/jakarta.xml.bind-api/2.3.3/jakarta.xml.bind-api-2.3.3.jar:/home/runner/.m2/repository/jakarta/activation/jakarta.activation-api/1.2.1/jakarta.activation-api-1.2.1.jar:/home/runner/.m2/repository/javax/enterprise/cdi-api/1.2/cdi-api-1.2.jar:/home/runner/.m2/repository/javax/el/javax.el-api/3.0.0/javax.el-api-3.0.0.jar:/home/runner/.m2/repository/javax/interceptor/javax.interceptor-api/1.2/javax.interceptor-api-1.2.jar:/home/runner/.m2/repository/javax/inject/javax.inject/1/javax.inject-1.jar:/home/runner/.m2/repository/javax/xml/bind/jaxb-api/2.3.0/jaxb-api-2.3.0.jar:/home/runner/.m2/repository/org/glassfish/jaxb/jaxb-runtime/2.3.0.1/jaxb-runtime-2.3.0.1.jar:/home/runner/.m2/repository/org/glassfish/jaxb/jaxb-core/2.3.0.1/jaxb-core-2.3.0.1.jar:/home/runner/.m2/repository/org/glassfish/jaxb/txw2/2.3.0.1/txw2-2.3.0.1.jar:/home/runner/.m2/repository/com/sun/istack/istack-commons-runtime/3.0.5/istack-commons-runtime-3.0.5.jar:/home/runner/.m2/repository/org/jvnet/staxex/stax-ex/1.7.8/stax-ex-1.7.8.jar:/home/runner/.m2/repository/com/sun/xml/fastinfoset/FastInfoset/1.2.13/FastInfoset-1.2.13.jar:/home/runner/.m2/repository/javax/activation/activation/1.1.1/activation-1.1.1.jar:/home/runner/.m2/repository/io/grpc/grpc-protobuf/1.48.1/grpc-protobuf-1.48.1.jar:/home/runner/.m2/repository/io/grpc/grpc-api/1.48.1/grpc-api-1.48.1.jar:/home/runner/.m2/repository/io/grpc/grpc-context/1.48.1/grpc-context-1.48.1.jar:/home/runner/.m2/repository/com/google/api/grpc/proto-google-common-protos/2.9.0/proto-google-common-protos-2.9.0.jar:/home/runner/.m2/repository/io/grpc/grpc-protobuf-lite/1.48.1/grpc-protobuf-lite-1.48.1.jar:/home/runner/.m2/repository/io/grpc/grpc-stub/1.48.1/grpc-stub-1.48.1.jar:/home/runner/.m2/repository/io/netty/netty-transport/4.1.79.Final/netty-transport-4.1.79.Final.jar:/home/runner/.m2/repository/io/netty/netty-resolver/4.1.79.Final/netty-resolver-4.1.79.Final.jar:/home/runner/.m2/repository/org/apache/ozone/ozone-csi/1.3.0-SNAPSHOT/ozone-csi-1.3.0-SNAPSHOT.jar:/home/runner/.m2/repository/com/google/protobuf/protobuf-java-util/3.19.2/protobuf-java-util-3.19.2.jar:/home/runner/.m2/repository/com/google/code/gson/gson/2.9.0/gson-2.9.0.jar:/home/runner/.m2/repository/org/apache/ozone/hdds-config/1.3.0-SNAPSHOT/hdds-config-1.3.0-SNAPSHOT.jar:/home/runner/.m2/repository/io/netty/netty-transport-native-epoll/4.1.79.Final/netty-transport-native-epoll-4.1.79.Final-linux-x86_64.jar:/home/runner/.m2/repository/io/netty/netty-transport-classes-epoll/4.1.79.Final/netty-transport-classes-epoll-4.1.79.Final.jar:/home/runner/.m2/repository/io/netty/netty-transport-native-unix-common/4.1.79.Final/netty-transport-native-unix-common-4.1.79.Final.jar:/home/runner/.m2/repository/org/apache/ozone/ozone-recon/1.3.0-SNAPSHOT/ozone-recon-1.3.0-SNAPSHOT.jar:/home/runner/.m2/repository/org/apache/ozone/ozone-reconcodegen/1.3.0-SNAPSHOT/ozone-reconcodegen-1.3.0-SNAPSHOT.jar:/home/runner/.m2/repository/com/google/inject/extensions/guice-multibindings/4.0/guice-multibindings-4.0.jar:/home/runner/.m2/repository/com/google/inject/guice/4.0/guice-4.0.jar:/home/runner/.m2/repository/aopalliance/aopalliance/1.0/aopalliance-1.0.jar:/home/runner/.m2/repository/com/google/inject/extensions/guice-assistedinject/4.0/guice-assistedinject-4.0.jar:/home/runner/.m2/repository/com/google/inject/extensions/guice-servlet/4.0/guice-servlet-4.0.jar:/home/runner/.m2/repository/org/glassfish/jersey/containers/jersey-container-servlet/2.34/jersey-container-servlet-2.34.jar:/home/runner/.m2/repository/org/glassfish/hk2/guice-bridge/2.5.0/guice-bridge-2.5.0.jar:/home/runner/.m2/repository/org/glassfish/jersey/core/jersey-server/2.34/jersey-server-2.34.jar:/home/runner/.m2/repository/org/glassfish/jersey/core/jersey-client/2.34/jersey-client-2.34.jar:/home/runner/.m2/repository/jakarta/annotation/jakarta.annotation-api/1.3.5/jakarta.annotation-api-1.3.5.jar:/home/runner/.m2/repository/jakarta/validation/jakarta.validation-api/2.0.2/jakarta.validation-api-2.0.2.jar:/home/runner/.m2/repository/org/glassfish/jersey/media/jersey-media-json-jackson/2.34/jersey-media-json-jackson-2.34.jar:/home/runner/.m2/repository/org/glassfish/jersey/ext/jersey-entity-filtering/2.34/jersey-entity-filtering-2.34.jar:/home/runner/.m2/repository/org/jooq/jooq/3.11.10/jooq-3.11.10.jar:/home/runner/.m2/repository/org/jooq/jooq-meta/3.11.10/jooq-meta-3.11.10.jar:/home/runner/.m2/repository/org/jooq/jooq-codegen/3.11.10/jooq-codegen-3.11.10.jar:/home/runner/.m2/repository/com/jolbox/bonecp/0.8.0.RELEASE/bonecp-0.8.0.RELEASE.jar:/home/runner/.m2/repository/org/apache/derby/derby/10.14.2.0/derby-10.14.2.0.jar:/home/runner/.m2/repository/org/xerial/sqlite-jdbc/3.25.2/sqlite-jdbc-3.25.2.jar:/home/runner/.m2/repository/org/springframework/spring-jdbc/5.2.20.RELEASE/spring-jdbc-5.2.20.RELEASE.jar:/home/runner/.m2/repository/org/springframework/spring-beans/5.2.20.RELEASE/spring-beans-5.2.20.RELEASE.jar:/home/runner/.m2/repository/org/springframework/spring-core/5.2.20.RELEASE/spring-core-5.2.20.RELEASE.jar:/home/runner/.m2/repository/org/springframework/spring-jcl/5.2.20.RELEASE/spring-jcl-5.2.20.RELEASE.jar:/home/runner/.m2/repository/org/springframework/spring-tx/5.2.20.RELEASE/spring-tx-5.2.20.RELEASE.jar:/home/runner/.m2/repository/org/apache/ozone/ozone-client/1.3.0-SNAPSHOT/ozone-client-1.3.0-SNAPSHOT.jar:/home/runner/.m2/repository/org/apache/ozone/hdds-erasurecode/1.3.0-SNAPSHOT/hdds-erasurecode-1.3.0-SNAPSHOT.jar:/home/runner/.m2/repository/com/github/spotbugs/spotbugs-annotations/3.1.12/spotbugs-annotations-3.1.12.jar:/home/runner/.m2/repository/org/apache/ozone/ozone-filesystem/1.3.0-SNAPSHOT/ozone-filesystem-1.3.0-SNAPSHOT.jar:/home/runner/.m2/repository/org/apache/ozone/ozone-filesystem-common/1.3.0-SNAPSHOT/ozone-filesystem-common-1.3.0-SNAPSHOT.jar:/home/runner/.m2/repository/org/apache/ozone/ozone-tools/1.3.0-SNAPSHOT/ozone-tools-1.3.0-SNAPSHOT.jar:/home/runner/.m2/repository/org/apache/ratis/ratis-tools/2.3.0/ratis-tools-2.3.0.jar:/home/runner/.m2/repository/com/amazonaws/aws-java-sdk-core/1.12.261/aws-java-sdk-core-1.12.261.jar:/home/runner/.m2/repository/org/apache/httpcomponents/httpclient/4.5.13/httpclient-4.5.13.jar:/home/runner/.m2/repository/org/apache/httpcomponents/httpcore/4.4.13/httpcore-4.4.13.jar:/home/runner/.m2/repository/software/amazon/ion/ion-java/1.0.2/ion-java-1.0.2.jar:/home/runner/.m2/repository/com/fasterxml/jackson/dataformat/jackson-dataformat-cbor/2.13.2/jackson-dataformat-cbor-2.13.2.jar:/home/runner/.m2/repository/joda-time/joda-time/2.8.1/joda-time-2.8.1.jar:/home/runner/.m2/repository/com/amazonaws/aws-java-sdk-s3/1.12.261/aws-java-sdk-s3-1.12.261.jar:/home/runner/.m2/repository/com/amazonaws/aws-java-sdk-kms/1.12.261/aws-java-sdk-kms-1.12.261.jar:/home/runner/.m2/repository/com/amazonaws/jmespath-java/1.12.261/jmespath-java-1.12.261.jar:/home/runner/.m2/repository/org/kohsuke/metainf-services/metainf-services/1.8/metainf-services-1.8.jar:/home/runner/.m2/repository/org/apache/ozone/hdds-tools/1.3.0-SNAPSHOT/hdds-tools-1.3.0-SNAPSHOT.jar:/home/runner/.m2/repository/commons-cli/commons-cli/1.2/commons-cli-1.2.jar:/home/runner/.m2/repository/org/apache/commons/commons-lang3/3.7/commons-lang3-3.7.jar:/home/runner/.m2/repository/org/apache/ozone/ozone-manager/1.3.0-SNAPSHOT/ozone-manager-1.3.0-SNAPSHOT-tests.jar:/home/runner/.m2/repository/org/apache/ozone/hdds-common/1.3.0-SNAPSHOT/hdds-common-1.3.0-SNAPSHOT-tests.jar:/home/runner/.m2/repository/org/apache/ozone/hdds-hadoop-dependency-client/1.3.0-SNAPSHOT/hdds-hadoop-dependency-client-1.3.0-SNAPSHOT.jar:/home/runner/.m2/repository/info/picocli/picocli/4.6.1/picocli-4.6.1.jar:/home/runner/.m2/repository/com/fasterxml/jackson/core/jackson-annotations/2.13.2/jackson-annotations-2.13.2.jar:/home/runner/.m2/repository/com/fasterxml/jackson/datatype/jackson-datatype-jsr310/2.13.2/jackson-datatype-jsr310-2.13.2.jar:/home/runner/.m2/repository/org/apache/ozone/hdds-annotation-processing/1.3.0-SNAPSHOT/hdds-annotation-processing-1.3.0-SNAPSHOT.jar:/home/runner/.m2/repository/javax/annotation/javax.annotation-api/1.2/javax.annotation-api-1.2.jar:/home/runner/.m2/repository/org/apache/ratis/ratis-server/2.3.0/ratis-server-2.3.0.jar:/home/runner/.m2/repository/org/apache/ratis/ratis-client/2.3.0/ratis-client-2.3.0.jar:/home/runner/.m2/repository/org/apache/ratis/ratis-server-api/2.3.0/ratis-server-api-2.3.0.jar:/home/runner/.m2/repository/org/apache/ratis/ratis-metrics/2.3.0/ratis-metrics-2.3.0.jar:/home/runner/.m2/repository/org/apache/ratis/ratis-netty/2.3.0/ratis-netty-2.3.0.jar:/home/runner/.m2/repository/org/apache/ratis/ratis-grpc/2.3.0/ratis-grpc-2.3.0.jar:/home/runner/.m2/repository/org/apache/logging/log4j/log4j-api/2.17.1/log4j-api-2.17.1.jar:/home/runner/.m2/repository/org/apache/commons/commons-pool2/2.6.0/commons-pool2-2.6.0.jar:/home/runner/.m2/repository/org/bouncycastle/bcpkix-jdk15on/1.67/bcpkix-jdk15on-1.67.jar:/home/runner/.m2/repository/commons-validator/commons-validator/1.6/commons-validator-1.6.jar:/home/runner/.m2/repository/commons-beanutils/commons-beanutils/1.9.4/commons-beanutils-1.9.4.jar:/home/runner/.m2/repository/commons-digester/commons-digester/1.8.1/commons-digester-1.8.1.jar:/home/runner/.m2/repository/commons-collections/commons-collections/3.2.2/commons-collections-3.2.2.jar:/home/runner/.m2/repository/io/jaegertracing/jaeger-client/1.6.0/jaeger-client-1.6.0.jar:/home/runner/.m2/repository/io/jaegertracing/jaeger-thrift/1.6.0/jaeger-thrift-1.6.0.jar:/home/runner/.m2/repository/org/apache/thrift/libthrift/0.14.1/libthrift-0.14.1.jar:/home/runner/.m2/repository/com/squareup/okhttp3/okhttp/4.9.0/okhttp-4.9.0.jar:/home/runner/.m2/repository/com/squareup/okio/okio/2.8.0/okio-2.8.0.jar:/home/runner/.m2/repository/io/jaegertracing/jaeger-core/1.6.0/jaeger-core-1.6.0.jar:/home/runner/.m2/repository/io/jaegertracing/jaeger-tracerresolver/1.6.0/jaeger-tracerresolver-1.6.0.jar:/home/runner/.m2/repository/io/opentracing/contrib/opentracing-tracerresolver/0.1.8/opentracing-tracerresolver-0.1.8.jar:/home/runner/.m2/repository/org/jetbrains/kotlin/kotlin-stdlib/1.6.21/kotlin-stdlib-1.6.21.jar:/home/runner/.m2/repository/org/jetbrains/kotlin/kotlin-stdlib-common/1.6.21/kotlin-stdlib-common-1.6.21.jar:/home/runner/.m2/repository/org/jetbrains/annotations/13.0/annotations-13.0.jar:/home/runner/.m2/repository/io/opentracing/opentracing-util/0.33.0/opentracing-util-0.33.0.jar:/home/runner/.m2/repository/io/opentracing/opentracing-api/0.33.0/opentracing-api-0.33.0.jar:/home/runner/.m2/repository/io/opentracing/opentracing-noop/0.33.0/opentracing-noop-0.33.0.jar:/home/runner/.m2/repository/org/yaml/snakeyaml/1.26/snakeyaml-1.26.jar:/home/runner/.m2/repository/org/apache/ozone/hdds-interface-admin/1.3.0-SNAPSHOT/hdds-interface-admin-1.3.0-SNAPSHOT.jar:/home/runner/.m2/repository/junit/junit/4.13.1/junit-4.13.1.jar:/home/runner/.m2/repository/org/hamcrest/hamcrest-core/1.3/hamcrest-core-1.3.jar:/home/runner/.m2/repository/org/junit/jupiter/junit-jupiter-api/5.8.2/junit-jupiter-api-5.8.2.jar:/home/runner/.m2/repository/org/opentest4j/opentest4j/1.2.0/opentest4j-1.2.0.jar:/home/runner/.m2/repository/org/junit/platform/junit-platform-commons/1.8.2/junit-platform-commons-1.8.2.jar:/home/runner/.m2/repository/org/apiguardian/apiguardian-api/1.1.2/apiguardian-api-1.1.2.jar:/home/runner/.m2/repository/org/junit/jupiter/junit-jupiter-params/5.8.2/junit-jupiter-params-5.8.2.jar:/home/runner/.m2/repository/org/junit/jupiter/junit-jupiter-migrationsupport/5.8.2/junit-jupiter-migrationsupport-5.8.2.jar:/home/runner/.m2/repository/org/junit/jupiter/junit-jupiter-engine/5.8.2/junit-jupiter-engine-5.8.2.jar:/home/runner/.m2/repository/org/junit/platform/junit-platform-engine/1.8.2/junit-platform-engine-1.8.2.jar:/home/runner/.m2/repository/org/junit/vintage/junit-vintage-engine/5.8.2/junit-vintage-engine-5.8.2.jar:/home/runner/.m2/repository/org/junit/platform/junit-platform-launcher/1.8.2/junit-platform-launcher-1.8.2.jar:/home/runner/.m2/repository/org/mockito/mockito-core/2.28.2/mockito-core-2.28.2.jar:/home/runner/.m2/repository/net/bytebuddy/byte-buddy/1.9.10/byte-buddy-1.9.10.jar:/home/runner/.m2/repository/net/bytebuddy/byte-buddy-agent/1.9.10/byte-buddy-agent-1.9.10.jar:/home/runner/.m2/repository/org/objenesis/objenesis/1.0/objenesis-1.0.jar:/home/runner/.m2/repository/org/apache/hadoop/hadoop-kms/3.3.1/hadoop-kms-3.3.1.jar:/home/runner/.m2/repository/org/apache/hadoop/hadoop-auth/3.3.1/hadoop-auth-3.3.1.jar:/home/runner/.m2/repository/com/nimbusds/nimbus-jose-jwt/7.9/nimbus-jose-jwt-7.9.jar:/home/runner/.m2/repository/com/github/stephenc/jcip/jcip-annotations/1.0-1/jcip-annotations-1.0-1.jar:/home/runner/.m2/repository/net/minidev/json-smart/2.4.7/json-smart-2.4.7.jar:/home/runner/.m2/repository/net/minidev/accessors-smart/2.4.7/accessors-smart-2.4.7.jar:/home/runner/.m2/repository/org/ow2/asm/asm/5.0.4/asm-5.0.4.jar:/home/runner/.m2/repository/org/apache/zookeeper/zookeeper/3.5.6/zookeeper-3.5.6.jar:/home/runner/.m2/repository/org/apache/zookeeper/zookeeper-jute/3.5.6/zookeeper-jute-3.5.6.jar:/home/runner/.m2/repository/org/apache/yetus/audience-annotations/0.5.0/audience-annotations-0.5.0.jar:/home/runner/.m2/repository/org/apache/curator/curator-framework/4.2.0/curator-framework-4.2.0.jar:/home/runner/.m2/repository/org/apache/hadoop/thirdparty/hadoop-shaded-guava/1.1.1/hadoop-shaded-guava-1.1.1.jar:/home/runner/.m2/repository/com/sun/jersey/jersey-core/1.19/jersey-core-1.19.jar:/home/runner/.m2/repository/javax/ws/rs/jsr311-api/1.1.1/jsr311-api-1.1.1.jar:/home/runner/.m2/repository/com/sun/jersey/jersey-server/1.19/jersey-server-1.19.jar:/home/runner/.m2/repository/javax/servlet/javax.servlet-api/3.1.0/javax.servlet-api-3.1.0.jar:/home/runner/.m2/repository/org/eclipse/jetty/jetty-server/9.4.43.v20210629/jetty-server-9.4.43.v20210629.jar:/home/runner/.m2/repository/org/eclipse/jetty/jetty-http/9.4.43.v20210629/jetty-http-9.4.43.v20210629.jar:/home/runner/.m2/repository/org/eclipse/jetty/jetty-io/9.4.43.v20210629/jetty-io-9.4.43.v20210629.jar:/home/runner/.m2/repository/org/eclipse/jetty/jetty-webapp/9.4.43.v20210629/jetty-webapp-9.4.43.v20210629.jar:/home/runner/.m2/repository/org/eclipse/jetty/jetty-xml/9.4.43.v20210629/jetty-xml-9.4.43.v20210629.jar:/home/runner/.m2/repository/org/apache/hadoop/hadoop-common/3.3.1/hadoop-common-3.3.1.jar:/home/runner/.m2/repository/org/apache/commons/commons-math3/3.1.1/commons-math3-3.1.1.jar:/home/runner/.m2/repository/commons-net/commons-net/3.6/commons-net-3.6.jar:/home/runner/.m2/repository/com/sun/jersey/jersey-servlet/1.19/jersey-servlet-1.19.jar:/home/runner/.m2/repository/com/sun/jersey/jersey-json/1.19/jersey-json-1.19.jar:/home/runner/.m2/repository/org/codehaus/jettison/jettison/1.1/jettison-1.1.jar:/home/runner/.m2/repository/com/sun/xml/bind/jaxb-impl/2.2.3-1/jaxb-impl-2.2.3-1.jar:/home/runner/.m2/repository/org/codehaus/jackson/jackson-xc/1.9.2/jackson-xc-1.9.2.jar:/home/runner/.m2/repository/org/apache/commons/commons-configuration2/2.1.1/commons-configuration2-2.1.1.jar:/home/runner/.m2/repository/org/apache/commons/commons-text/1.4/commons-text-1.4.jar:/home/runner/.m2/repository/com/google/re2j/re2j/1.1/re2j-1.1.jar:/home/runner/.m2/repository/com/jcraft/jsch/0.1.54/jsch-0.1.54.jar:/home/runner/.m2/repository/org/apache/curator/curator-client/4.2.0/curator-client-4.2.0.jar:/home/runner/.m2/repository/org/apache/curator/curator-recipes/4.2.0/curator-recipes-4.2.0.jar:/home/runner/.m2/repository/org/apache/kerby/kerb-core/1.0.1/kerb-core-1.0.1.jar:/home/runner/.m2/repository/org/apache/kerby/kerby-pkix/1.0.1/kerby-pkix-1.0.1.jar:/home/runner/.m2/repository/org/apache/kerby/kerby-asn1/1.0.1/kerby-asn1-1.0.1.jar:/home/runner/.m2/repository/org/apache/kerby/kerby-util/1.0.1/kerby-util-1.0.1.jar:/home/runner/.m2/repository/dnsjava/dnsjava/2.1.7/dnsjava-2.1.7.jar:/home/runner/.m2/repository/org/xerial/snappy/snappy-java/1.1.8.2/snappy-java-1.1.8.2.jar:/home/runner/.m2/repository/org/slf4j/jul-to-slf4j/1.7.30/jul-to-slf4j-1.7.30.jar:/home/runner/.m2/repository/org/eclipse/jetty/jetty-util/9.4.43.v20210629/jetty-util-9.4.43.v20210629.jar:/home/runner/.m2/repository/com/fasterxml/jackson/core/jackson-databind/2.13.2.2/jackson-databind-2.13.2.2.jar:/home/runner/.m2/repository/org/apache/hadoop/hadoop-kms/3.3.1/hadoop-kms-3.3.1-tests.jar:/home/runner/.m2/repository/org/apache/ozone/hdds-server-scm/1.3.0-SNAPSHOT/hdds-server-scm-1.3.0-SNAPSHOT-tests.jar:/home/runner/.m2/repository/org/apache/ozone/hdds-container-service/1.3.0-SNAPSHOT/hdds-container-service-1.3.0-SNAPSHOT-tests.jar:/home/runner/.m2/repository/commons-codec/commons-codec/1.11/commons-codec-1.11.jar:/home/runner/.m2/repository/io/netty/netty-codec/4.1.79.Final/netty-codec-4.1.79.Final.jar:/home/runner/.m2/repository/io/netty/netty-handler/4.1.79.Final/netty-handler-4.1.79.Final.jar:/home/runner/.m2/repository/org/apache/ozone/hdds-hadoop-dependency-test/1.3.0-SNAPSHOT/hdds-hadoop-dependency-test-1.3.0-SNAPSHOT.jar:/home/runner/.m2/repository/org/apache/hadoop/hadoop-common/3.3.1/hadoop-common-3.3.1-tests.jar:/home/runner/.m2/repository/org/assertj/assertj-core/3.12.2/assertj-core-3.12.2.jar:/home/runner/.m2/repository/org/apache/hadoop/hadoop-hdfs/3.3.1/hadoop-hdfs-3.3.1-tests.jar:/home/runner/.m2/repository/org/eclipse/jetty/jetty-util-ajax/9.4.43.v20210629/jetty-util-ajax-9.4.43.v20210629.jar:/home/runner/.m2/repository/commons-daemon/commons-daemon/1.0.13/commons-daemon-1.0.13.jar:/home/runner/.m2/repository/io/netty/netty/3.10.6.Final/netty-3.10.6.Final.jar:/home/runner/.m2/repository/io/netty/netty-all/4.1.79.Final/netty-all-4.1.79.Final.jar:/home/runner/.m2/repository/io/netty/netty-codec-dns/4.1.79.Final/netty-codec-dns-4.1.79.Final.jar:/home/runner/.m2/repository/io/netty/netty-codec-haproxy/4.1.79.Final/netty-codec-haproxy-4.1.79.Final.jar:/home/runner/.m2/repository/io/netty/netty-codec-memcache/4.1.79.Final/netty-codec-memcache-4.1.79.Final.jar:/home/runner/.m2/repository/io/netty/netty-codec-mqtt/4.1.79.Final/netty-codec-mqtt-4.1.79.Final.jar:/home/runner/.m2/repository/io/netty/netty-codec-redis/4.1.79.Final/netty-codec-redis-4.1.79.Final.jar:/home/runner/.m2/repository/io/netty/netty-codec-smtp/4.1.79.Final/netty-codec-smtp-4.1.79.Final.jar:/home/runner/.m2/repository/io/netty/netty-codec-stomp/4.1.79.Final/netty-codec-stomp-4.1.79.Final.jar:/home/runner/.m2/repository/io/netty/netty-codec-xml/4.1.79.Final/netty-codec-xml-4.1.79.Final.jar:/home/runner/.m2/repository/io/netty/netty-resolver-dns/4.1.79.Final/netty-resolver-dns-4.1.79.Final.jar:/home/runner/.m2/repository/io/netty/netty-transport-rxtx/4.1.79.Final/netty-transport-rxtx-4.1.79.Final.jar:/home/runner/.m2/repository/io/netty/netty-transport-sctp/4.1.79.Final/netty-transport-sctp-4.1.79.Final.jar:/home/runner/.m2/repository/io/netty/netty-transport-udt/4.1.79.Final/netty-transport-udt-4.1.79.Final.jar:/home/runner/.m2/repository/io/netty/netty-transport-classes-kqueue/4.1.79.Final/netty-transport-classes-kqueue-4.1.79.Final.jar:/home/runner/.m2/repository/io/netty/netty-resolver-dns-classes-macos/4.1.79.Final/netty-resolver-dns-classes-macos-4.1.79.Final.jar:/home/runner/.m2/repository/io/netty/netty-transport-native-epoll/4.1.79.Final/netty-transport-native-epoll-4.1.79.Final-linux-aarch_64.jar:/home/runner/.m2/repository/io/netty/netty-transport-native-kqueue/4.1.79.Final/netty-transport-native-kqueue-4.1.79.Final-osx-x86_64.jar:/home/runner/.m2/repository/io/netty/netty-transport-native-kqueue/4.1.79.Final/netty-transport-native-kqueue-4.1.79.Final-osx-aarch_64.jar:/home/runner/.m2/repository/io/netty/netty-resolver-dns-native-macos/4.1.79.Final/netty-resolver-dns-native-macos-4.1.79.Final-osx-x86_64.jar:/home/runner/.m2/repository/io/netty/netty-resolver-dns-native-macos/4.1.79.Final/netty-resolver-dns-native-macos-4.1.79.Final-osx-aarch_64.jar:/home/runner/.m2/repository/org/apache/htrace/htrace-core4/4.1.0-incubating/htrace-core4-4.1.0-incubating.jar:/home/runner/.m2/repository/org/fusesource/leveldbjni/leveldbjni-all/1.8/leveldbjni-all-1.8.jar:/home/runner/.m2/repository/org/apache/hadoop/hadoop-distcp/3.3.1/hadoop-distcp-3.3.1.jar:/home/runner/.m2/repository/org/apache/hadoop/hadoop-mapreduce-client-jobclient/3.3.1/hadoop-mapreduce-client-jobclient-3.3.1.jar:/home/runner/.m2/repository/org/apache/hadoop/hadoop-mapreduce-client-common/3.3.1/hadoop-mapreduce-client-common-3.3.1.jar:/home/runner/.m2/repository/org/apache/hadoop/hadoop-yarn-common/3.3.1/hadoop-yarn-common-3.3.1.jar:/home/runner/.m2/repository/org/apache/hadoop/hadoop-yarn-api/3.3.1/hadoop-yarn-api-3.3.1.jar:/home/runner/.m2/repository/com/sun/jersey/contribs/jersey-guice/1.19/jersey-guice-1.19.jar:/home/runner/.m2/repository/com/fasterxml/jackson/jaxrs/jackson-jaxrs-json-provider/2.13.2/jackson-jaxrs-json-provider-2.13.2.jar:/home/runner/.m2/repository/com/fasterxml/jackson/jaxrs/jackson-jaxrs-base/2.13.2/jackson-jaxrs-base-2.13.2.jar:/home/runner/.m2/repository/org/apache/hadoop/hadoop-yarn-client/3.3.1/hadoop-yarn-client-3.3.1.jar:/home/runner/.m2/repository/org/eclipse/jetty/websocket/websocket-client/9.4.40.v20210413/websocket-client-9.4.40.v20210413.jar:/home/runner/.m2/repository/org/eclipse/jetty/websocket/websocket-common/9.4.40.v20210413/websocket-common-9.4.40.v20210413.jar:/home/runner/.m2/repository/org/eclipse/jetty/websocket/websocket-api/9.4.40.v20210413/websocket-api-9.4.40.v20210413.jar:/home/runner/.m2/repository/org/jline/jline/3.9.0/jline-3.9.0.jar:/home/runner/.m2/repository/org/apache/hadoop/hadoop-mapreduce-client-core/3.3.1/hadoop-mapreduce-client-core-3.3.1.jar:/home/runner/.m2/repository/org/apache/avro/avro/1.7.7/avro-1.7.7.jar:/home/runner/.m2/repository/org/codehaus/jackson/jackson-core-asl/1.9.13/jackson-core-asl-1.9.13.jar:/home/runner/.m2/repository/org/codehaus/jackson/jackson-mapper-asl/1.9.13/jackson-mapper-asl-1.9.13.jar:/home/runner/.m2/repository/com/thoughtworks/paranamer/paranamer/2.3/paranamer-2.3.jar:/home/runner/.m2/repository/org/apache/hadoop/hadoop-annotations/3.3.1/hadoop-annotations-3.3.1.jar:/opt/hostedtoolcache/jdk/8.0.345/x64/jre/../lib/tools.jar:/home/runner/.m2/repository/org/apache/hadoop/hadoop-distcp/3.3.1/hadoop-distcp-3.3.1-tests.jar:/home/runner/.m2/repository/org/apache/ratis/ratis-common/2.3.0/ratis-common-2.3.0.jar:/home/runner/.m2/repository/org/apache/ratis/ratis-thirdparty-misc/1.0.0/ratis-thirdparty-misc-1.0.0.jar:/home/runner/.m2/repository/org/apache/ratis/ratis-proto/2.3.0/ratis-proto-2.3.0.jar:"/>
    <property name="java.vm.vendor" value="Azul Systems, Inc."/>
    <property name="sun.arch.data.model" value="64"/>
    <property name="test.build.dir" value="/home/runner/work/ozone/ozone/hadoop-ozone/integration-test/target/test-dir"/>
    <property name="test.cache.data" value=""/>
    <property name="java.vendor.url" value="http://www.azul.com/"/>
    <property name="user.timezone" value="Etc/UTC"/>
    <property name="java.vm.specification.version" value="1.8"/>
    <property name="os.name" value="Linux"/>
    <property name="test.build.data" value="/home/runner/work/ozone/ozone/hadoop-ozone/integration-test/target/test-dir"/>
    <property name="sun.java.launcher" value="SUN_STANDARD"/>
    <property name="sun.boot.library.path" value="/opt/hostedtoolcache/jdk/8.0.345/x64/jre/lib/amd64"/>
    <property name="sun.java.command" value="/home/runner/work/ozone/ozone/hadoop-ozone/integration-test/target/surefire/surefirebooter1368273313854081492.jar /home/runner/work/ozone/ozone/hadoop-ozone/integration-test/target/surefire 2022-09-19T13-03-44_443-jvmRun1 surefire2403134123873772665tmp surefire_226552024949156704656tmp"/>
    <property name="surefire.test.class.path" value="/home/runner/work/ozone/ozone/hadoop-ozone/integration-test/target/test-classes:/home/runner/work/ozone/ozone/hadoop-ozone/integration-test/target/classes:/home/runner/.m2/repository/org/apache/ozone/ozone-common/1.3.0-SNAPSHOT/ozone-common-1.3.0-SNAPSHOT.jar:/home/runner/.m2/repository/io/grpc/grpc-netty/1.48.1/grpc-netty-1.48.1.jar:/home/runner/.m2/repository/io/grpc/grpc-core/1.48.1/grpc-core-1.48.1.jar:/home/runner/.m2/repository/com/google/android/annotations/4.1.1.4/annotations-4.1.1.4.jar:/home/runner/.m2/repository/org/codehaus/mojo/animal-sniffer-annotations/1.21/animal-sniffer-annotations-1.21.jar:/home/runner/.m2/repository/com/google/errorprone/error_prone_annotations/2.2.0/error_prone_annotations-2.2.0.jar:/home/runner/.m2/repository/io/perfmark/perfmark-api/0.25.0/perfmark-api-0.25.0.jar:/home/runner/.m2/repository/io/netty/netty-codec-http2/4.1.79.Final/netty-codec-http2-4.1.79.Final.jar:/home/runner/.m2/repository/io/netty/netty-common/4.1.79.Final/netty-common-4.1.79.Final.jar:/home/runner/.m2/repository/io/netty/netty-buffer/4.1.79.Final/netty-buffer-4.1.79.Final.jar:/home/runner/.m2/repository/io/netty/netty-codec-http/4.1.79.Final/netty-codec-http-4.1.79.Final.jar:/home/runner/.m2/repository/io/netty/netty-handler-proxy/4.1.79.Final/netty-handler-proxy-4.1.79.Final.jar:/home/runner/.m2/repository/io/netty/netty-codec-socks/4.1.79.Final/netty-codec-socks-4.1.79.Final.jar:/home/runner/.m2/repository/io/netty/netty-tcnative-boringssl-static/2.0.53.Final/netty-tcnative-boringssl-static-2.0.53.Final.jar:/home/runner/.m2/repository/io/netty/netty-tcnative-classes/2.0.53.Final/netty-tcnative-classes-2.0.53.Final.jar:/home/runner/.m2/repository/io/netty/netty-tcnative-boringssl-static/2.0.53.Final/netty-tcnative-boringssl-static-2.0.53.Final-linux-x86_64.jar:/home/runner/.m2/repository/io/netty/netty-tcnative-boringssl-static/2.0.53.Final/netty-tcnative-boringssl-static-2.0.53.Final-linux-aarch_64.jar:/home/runner/.m2/repository/io/netty/netty-tcnative-boringssl-static/2.0.53.Final/netty-tcnative-boringssl-static-2.0.53.Final-osx-x86_64.jar:/home/runner/.m2/repository/io/netty/netty-tcnative-boringssl-static/2.0.53.Final/netty-tcnative-boringssl-static-2.0.53.Final-osx-aarch_64.jar:/home/runner/.m2/repository/io/netty/netty-tcnative-boringssl-static/2.0.53.Final/netty-tcnative-boringssl-static-2.0.53.Final-windows-x86_64.jar:/home/runner/.m2/repository/org/apache/commons/commons-compress/1.21/commons-compress-1.21.jar:/home/runner/.m2/repository/org/apache/ozone/hdds-common/1.3.0-SNAPSHOT/hdds-common-1.3.0-SNAPSHOT.jar:/home/runner/.m2/repository/org/apache/ozone/hdds-client/1.3.0-SNAPSHOT/hdds-client-1.3.0-SNAPSHOT.jar:/home/runner/.m2/repository/org/apache/ozone/ozone-interface-client/1.3.0-SNAPSHOT/ozone-interface-client-1.3.0-SNAPSHOT.jar:/home/runner/.m2/repository/org/apache/ozone/hdds-test-utils/1.3.0-SNAPSHOT/hdds-test-utils-1.3.0-SNAPSHOT.jar:/home/runner/.m2/repository/com/google/guava/guava/31.1-jre/guava-31.1-jre.jar:/home/runner/.m2/repository/com/google/guava/failureaccess/1.0.1/failureaccess-1.0.1.jar:/home/runner/.m2/repository/com/google/guava/listenablefuture/9999.0-empty-to-avoid-conflict-with-guava/listenablefuture-9999.0-empty-to-avoid-conflict-with-guava.jar:/home/runner/.m2/repository/com/google/code/findbugs/jsr305/3.0.0/jsr305-3.0.0.jar:/home/runner/.m2/repository/org/checkerframework/checker-qual/3.12.0/checker-qual-3.12.0.jar:/home/runner/.m2/repository/com/google/j2objc/j2objc-annotations/1.3/j2objc-annotations-1.3.jar:/home/runner/.m2/repository/commons-io/commons-io/2.11.0/commons-io-2.11.0.jar:/home/runner/.m2/repository/commons-logging/commons-logging/1.2/commons-logging-1.2.jar:/home/runner/.m2/repository/log4j/log4j/1.2.17/log4j-1.2.17.jar:/home/runner/.m2/repository/org/slf4j/slf4j-api/1.7.30/slf4j-api-1.7.30.jar:/home/runner/.m2/repository/org/apache/ozone/hdds-server-scm/1.3.0-SNAPSHOT/hdds-server-scm-1.3.0-SNAPSHOT.jar:/home/runner/.m2/repository/org/apache/ozone/hdds-container-service/1.3.0-SNAPSHOT/hdds-container-service-1.3.0-SNAPSHOT.jar:/home/runner/.m2/repository/org/apache/ozone/hdds-hadoop-dependency-server/1.3.0-SNAPSHOT/hdds-hadoop-dependency-server-1.3.0-SNAPSHOT.jar:/home/runner/.m2/repository/org/apache/hadoop/hadoop-hdfs/3.3.1/hadoop-hdfs-3.3.1.jar:/home/runner/.m2/repository/org/apache/ozone/hdds-server-framework/1.3.0-SNAPSHOT/hdds-server-framework-1.3.0-SNAPSHOT.jar:/home/runner/.m2/repository/org/apache/ozone/hdds-interface-server/1.3.0-SNAPSHOT/hdds-interface-server-1.3.0-SNAPSHOT.jar:/home/runner/.m2/repository/org/apache/logging/log4j/log4j-core/2.17.1/log4j-core-2.17.1.jar:/home/runner/.m2/repository/com/lmax/disruptor/3.4.2/disruptor-3.4.2.jar:/home/runner/.m2/repository/org/eclipse/jetty/jetty-servlet/9.4.43.v20210629/jetty-servlet-9.4.43.v20210629.jar:/home/runner/.m2/repository/org/eclipse/jetty/jetty-security/9.4.43.v20210629/jetty-security-9.4.43.v20210629.jar:/home/runner/.m2/repository/org/rocksdb/rocksdbjni/7.4.5/rocksdbjni-7.4.5.jar:/home/runner/.m2/repository/io/prometheus/simpleclient_dropwizard/0.7.0/simpleclient_dropwizard-0.7.0.jar:/home/runner/.m2/repository/io/prometheus/simpleclient/0.7.0/simpleclient-0.7.0.jar:/home/runner/.m2/repository/io/prometheus/simpleclient_common/0.7.0/simpleclient_common-0.7.0.jar:/home/runner/.m2/repository/io/dropwizard/metrics/metrics-core/3.2.4/metrics-core-3.2.4.jar:/home/runner/.m2/repository/org/apache/hadoop/hadoop-hdfs-client/3.3.1/hadoop-hdfs-client-3.3.1.jar:/home/runner/.m2/repository/org/bouncycastle/bcprov-jdk15on/1.67/bcprov-jdk15on-1.67.jar:/home/runner/.m2/repository/com/google/protobuf/protobuf-java/2.5.0/protobuf-java-2.5.0.jar:/home/runner/.m2/repository/org/apache/ozone/ozone-manager/1.3.0-SNAPSHOT/ozone-manager-1.3.0-SNAPSHOT.jar:/home/runner/.m2/repository/org/aspectj/aspectjrt/1.9.7/aspectjrt-1.9.7.jar:/home/runner/.m2/repository/org/aspectj/aspectjweaver/1.9.7/aspectjweaver-1.9.7.jar:/home/runner/.m2/repository/org/apache/ozone/hdds-interface-client/1.3.0-SNAPSHOT/hdds-interface-client-1.3.0-SNAPSHOT.jar:/home/runner/.m2/repository/org/apache/hadoop/thirdparty/hadoop-shaded-protobuf_3_7/1.1.1/hadoop-shaded-protobuf_3_7-1.1.1.jar:/home/runner/.m2/repository/org/apache/ozone/ozone-interface-storage/1.3.0-SNAPSHOT/ozone-interface-storage-1.3.0-SNAPSHOT.jar:/home/runner/.m2/repository/org/reflections/reflections/0.9.11/reflections-0.9.11.jar:/home/runner/.m2/repository/com/sun/jersey/jersey-client/1.19/jersey-client-1.19.jar:/home/runner/.m2/repository/org/apache/ranger/ranger-intg/2.3.0/ranger-intg-2.3.0.jar:/home/runner/.m2/repository/org/apache/ranger/ranger-plugins-common/2.3.0/ranger-plugins-common-2.3.0.jar:/home/runner/.m2/repository/commons-lang/commons-lang/2.6/commons-lang-2.6.jar:/home/runner/.m2/repository/org/codehaus/jackson/jackson-jaxrs/1.9.13/jackson-jaxrs-1.9.13.jar:/home/runner/.m2/repository/org/apache/ranger/ranger-plugins-cred/2.3.0/ranger-plugins-cred-2.3.0.jar:/home/runner/.m2/repository/org/apache/ranger/ranger-plugins-audit/2.3.0/ranger-plugins-audit-2.3.0.jar:/home/runner/.m2/repository/org/eclipse/jetty/jetty-client/9.4.31.v20200723/jetty-client-9.4.31.v20200723.jar:/home/runner/.m2/repository/org/apache/httpcomponents/httpmime/4.5.6/httpmime-4.5.6.jar:/home/runner/.m2/repository/org/apache/httpcomponents/httpcore-nio/4.4.6/httpcore-nio-4.4.6.jar:/home/runner/.m2/repository/org/apache/httpcomponents/httpasyncclient/4.1.3/httpasyncclient-4.1.3.jar:/home/runner/.m2/repository/com/carrotsearch/hppc/0.8.0/hppc-0.8.0.jar:/home/runner/.m2/repository/org/apache/orc/orc-core/1.5.8/orc-core-1.5.8.jar:/home/runner/.m2/repository/net/java/dev/jna/jna/5.2.0/jna-5.2.0.jar:/home/runner/.m2/repository/net/java/dev/jna/jna-platform/5.2.0/jna-platform-5.2.0.jar:/home/runner/.m2/repository/com/kstruct/gethostname4j/0.0.2/gethostname4j-0.0.2.jar:/home/runner/.m2/repository/org/apache/ranger/ranger-plugin-classloader/2.3.0/ranger-plugin-classloader-2.3.0.jar:/home/runner/.m2/repository/org/apache/hadoop/hadoop-minikdc/3.3.1/hadoop-minikdc-3.3.1.jar:/home/runner/.m2/repository/org/apache/kerby/kerb-simplekdc/1.0.1/kerb-simplekdc-1.0.1.jar:/home/runner/.m2/repository/org/apache/kerby/kerb-client/1.0.1/kerb-client-1.0.1.jar:/home/runner/.m2/repository/org/apache/kerby/kerby-config/1.0.1/kerby-config-1.0.1.jar:/home/runner/.m2/repository/org/apache/kerby/kerb-common/1.0.1/kerb-common-1.0.1.jar:/home/runner/.m2/repository/org/apache/kerby/kerb-crypto/1.0.1/kerb-crypto-1.0.1.jar:/home/runner/.m2/repository/org/apache/kerby/kerb-util/1.0.1/kerb-util-1.0.1.jar:/home/runner/.m2/repository/org/apache/kerby/token-provider/1.0.1/token-provider-1.0.1.jar:/home/runner/.m2/repository/org/apache/kerby/kerb-admin/1.0.1/kerb-admin-1.0.1.jar:/home/runner/.m2/repository/org/apache/kerby/kerb-server/1.0.1/kerb-server-1.0.1.jar:/home/runner/.m2/repository/org/apache/kerby/kerb-identity/1.0.1/kerb-identity-1.0.1.jar:/home/runner/.m2/repository/org/apache/kerby/kerby-xdr/1.0.1/kerby-xdr-1.0.1.jar:/home/runner/.m2/repository/org/slf4j/slf4j-log4j12/1.7.30/slf4j-log4j12-1.7.30.jar:/home/runner/.m2/repository/org/apache/ozone/ozone-s3gateway/1.3.0-SNAPSHOT/ozone-s3gateway-1.3.0-SNAPSHOT.jar:/home/runner/.m2/repository/org/javassist/javassist/3.21.0-GA/javassist-3.21.0-GA.jar:/home/runner/.m2/repository/org/jboss/weld/servlet/weld-servlet/2.4.7.Final/weld-servlet-2.4.7.Final.jar:/home/runner/.m2/repository/org/glassfish/jersey/containers/jersey-container-servlet-core/2.34/jersey-container-servlet-core-2.34.jar:/home/runner/.m2/repository/org/glassfish/hk2/external/jakarta.inject/2.6.1/jakarta.inject-2.6.1.jar:/home/runner/.m2/repository/org/glassfish/jersey/core/jersey-common/2.34/jersey-common-2.34.jar:/home/runner/.m2/repository/jakarta/ws/rs/jakarta.ws.rs-api/2.1.6/jakarta.ws.rs-api-2.1.6.jar:/home/runner/.m2/repository/org/glassfish/jersey/ext/cdi/jersey-cdi1x/2.34/jersey-cdi1x-2.34.jar:/home/runner/.m2/repository/org/glassfish/jersey/inject/jersey-hk2/2.34/jersey-hk2-2.34.jar:/home/runner/.m2/repository/org/glassfish/hk2/hk2-locator/2.6.1/hk2-locator-2.6.1.jar:/home/runner/.m2/repository/org/glassfish/jersey/media/jersey-media-jaxb/2.34/jersey-media-jaxb-2.34.jar:/home/runner/.m2/repository/org/glassfish/hk2/osgi-resource-locator/1.0.3/osgi-resource-locator-1.0.3.jar:/home/runner/.m2/repository/org/glassfish/hk2/hk2-api/2.5.0/hk2-api-2.5.0.jar:/home/runner/.m2/repository/org/glassfish/hk2/hk2-utils/2.5.0/hk2-utils-2.5.0.jar:/home/runner/.m2/repository/org/glassfish/hk2/external/aopalliance-repackaged/2.5.0/aopalliance-repackaged-2.5.0.jar:/home/runner/.m2/repository/com/fasterxml/jackson/dataformat/jackson-dataformat-xml/2.13.2/jackson-dataformat-xml-2.13.2.jar:/home/runner/.m2/repository/com/fasterxml/jackson/core/jackson-core/2.13.2/jackson-core-2.13.2.jar:/home/runner/.m2/repository/org/codehaus/woodstox/stax2-api/3.1.4/stax2-api-3.1.4.jar:/home/runner/.m2/repository/com/fasterxml/woodstox/woodstox-core/5.0.3/woodstox-core-5.0.3.jar:/home/runner/.m2/repository/com/fasterxml/jackson/module/jackson-module-jaxb-annotations/2.13.2/jackson-module-jaxb-annotations-2.13.2.jar:/home/runner/.m2/repository/jakarta/xml/bind/jakarta.xml.bind-api/2.3.3/jakarta.xml.bind-api-2.3.3.jar:/home/runner/.m2/repository/jakarta/activation/jakarta.activation-api/1.2.1/jakarta.activation-api-1.2.1.jar:/home/runner/.m2/repository/javax/enterprise/cdi-api/1.2/cdi-api-1.2.jar:/home/runner/.m2/repository/javax/el/javax.el-api/3.0.0/javax.el-api-3.0.0.jar:/home/runner/.m2/repository/javax/interceptor/javax.interceptor-api/1.2/javax.interceptor-api-1.2.jar:/home/runner/.m2/repository/javax/inject/javax.inject/1/javax.inject-1.jar:/home/runner/.m2/repository/javax/xml/bind/jaxb-api/2.3.0/jaxb-api-2.3.0.jar:/home/runner/.m2/repository/org/glassfish/jaxb/jaxb-runtime/2.3.0.1/jaxb-runtime-2.3.0.1.jar:/home/runner/.m2/repository/org/glassfish/jaxb/jaxb-core/2.3.0.1/jaxb-core-2.3.0.1.jar:/home/runner/.m2/repository/org/glassfish/jaxb/txw2/2.3.0.1/txw2-2.3.0.1.jar:/home/runner/.m2/repository/com/sun/istack/istack-commons-runtime/3.0.5/istack-commons-runtime-3.0.5.jar:/home/runner/.m2/repository/org/jvnet/staxex/stax-ex/1.7.8/stax-ex-1.7.8.jar:/home/runner/.m2/repository/com/sun/xml/fastinfoset/FastInfoset/1.2.13/FastInfoset-1.2.13.jar:/home/runner/.m2/repository/javax/activation/activation/1.1.1/activation-1.1.1.jar:/home/runner/.m2/repository/io/grpc/grpc-protobuf/1.48.1/grpc-protobuf-1.48.1.jar:/home/runner/.m2/repository/io/grpc/grpc-api/1.48.1/grpc-api-1.48.1.jar:/home/runner/.m2/repository/io/grpc/grpc-context/1.48.1/grpc-context-1.48.1.jar:/home/runner/.m2/repository/com/google/api/grpc/proto-google-common-protos/2.9.0/proto-google-common-protos-2.9.0.jar:/home/runner/.m2/repository/io/grpc/grpc-protobuf-lite/1.48.1/grpc-protobuf-lite-1.48.1.jar:/home/runner/.m2/repository/io/grpc/grpc-stub/1.48.1/grpc-stub-1.48.1.jar:/home/runner/.m2/repository/io/netty/netty-transport/4.1.79.Final/netty-transport-4.1.79.Final.jar:/home/runner/.m2/repository/io/netty/netty-resolver/4.1.79.Final/netty-resolver-4.1.79.Final.jar:/home/runner/.m2/repository/org/apache/ozone/ozone-csi/1.3.0-SNAPSHOT/ozone-csi-1.3.0-SNAPSHOT.jar:/home/runner/.m2/repository/com/google/protobuf/protobuf-java-util/3.19.2/protobuf-java-util-3.19.2.jar:/home/runner/.m2/repository/com/google/code/gson/gson/2.9.0/gson-2.9.0.jar:/home/runner/.m2/repository/org/apache/ozone/hdds-config/1.3.0-SNAPSHOT/hdds-config-1.3.0-SNAPSHOT.jar:/home/runner/.m2/repository/io/netty/netty-transport-native-epoll/4.1.79.Final/netty-transport-native-epoll-4.1.79.Final-linux-x86_64.jar:/home/runner/.m2/repository/io/netty/netty-transport-classes-epoll/4.1.79.Final/netty-transport-classes-epoll-4.1.79.Final.jar:/home/runner/.m2/repository/io/netty/netty-transport-native-unix-common/4.1.79.Final/netty-transport-native-unix-common-4.1.79.Final.jar:/home/runner/.m2/repository/org/apache/ozone/ozone-recon/1.3.0-SNAPSHOT/ozone-recon-1.3.0-SNAPSHOT.jar:/home/runner/.m2/repository/org/apache/ozone/ozone-reconcodegen/1.3.0-SNAPSHOT/ozone-reconcodegen-1.3.0-SNAPSHOT.jar:/home/runner/.m2/repository/com/google/inject/extensions/guice-multibindings/4.0/guice-multibindings-4.0.jar:/home/runner/.m2/repository/com/google/inject/guice/4.0/guice-4.0.jar:/home/runner/.m2/repository/aopalliance/aopalliance/1.0/aopalliance-1.0.jar:/home/runner/.m2/repository/com/google/inject/extensions/guice-assistedinject/4.0/guice-assistedinject-4.0.jar:/home/runner/.m2/repository/com/google/inject/extensions/guice-servlet/4.0/guice-servlet-4.0.jar:/home/runner/.m2/repository/org/glassfish/jersey/containers/jersey-container-servlet/2.34/jersey-container-servlet-2.34.jar:/home/runner/.m2/repository/org/glassfish/hk2/guice-bridge/2.5.0/guice-bridge-2.5.0.jar:/home/runner/.m2/repository/org/glassfish/jersey/core/jersey-server/2.34/jersey-server-2.34.jar:/home/runner/.m2/repository/org/glassfish/jersey/core/jersey-client/2.34/jersey-client-2.34.jar:/home/runner/.m2/repository/jakarta/annotation/jakarta.annotation-api/1.3.5/jakarta.annotation-api-1.3.5.jar:/home/runner/.m2/repository/jakarta/validation/jakarta.validation-api/2.0.2/jakarta.validation-api-2.0.2.jar:/home/runner/.m2/repository/org/glassfish/jersey/media/jersey-media-json-jackson/2.34/jersey-media-json-jackson-2.34.jar:/home/runner/.m2/repository/org/glassfish/jersey/ext/jersey-entity-filtering/2.34/jersey-entity-filtering-2.34.jar:/home/runner/.m2/repository/org/jooq/jooq/3.11.10/jooq-3.11.10.jar:/home/runner/.m2/repository/org/jooq/jooq-meta/3.11.10/jooq-meta-3.11.10.jar:/home/runner/.m2/repository/org/jooq/jooq-codegen/3.11.10/jooq-codegen-3.11.10.jar:/home/runner/.m2/repository/com/jolbox/bonecp/0.8.0.RELEASE/bonecp-0.8.0.RELEASE.jar:/home/runner/.m2/repository/org/apache/derby/derby/10.14.2.0/derby-10.14.2.0.jar:/home/runner/.m2/repository/org/xerial/sqlite-jdbc/3.25.2/sqlite-jdbc-3.25.2.jar:/home/runner/.m2/repository/org/springframework/spring-jdbc/5.2.20.RELEASE/spring-jdbc-5.2.20.RELEASE.jar:/home/runner/.m2/repository/org/springframework/spring-beans/5.2.20.RELEASE/spring-beans-5.2.20.RELEASE.jar:/home/runner/.m2/repository/org/springframework/spring-core/5.2.20.RELEASE/spring-core-5.2.20.RELEASE.jar:/home/runner/.m2/repository/org/springframework/spring-jcl/5.2.20.RELEASE/spring-jcl-5.2.20.RELEASE.jar:/home/runner/.m2/repository/org/springframework/spring-tx/5.2.20.RELEASE/spring-tx-5.2.20.RELEASE.jar:/home/runner/.m2/repository/org/apache/ozone/ozone-client/1.3.0-SNAPSHOT/ozone-client-1.3.0-SNAPSHOT.jar:/home/runner/.m2/repository/org/apache/ozone/hdds-erasurecode/1.3.0-SNAPSHOT/hdds-erasurecode-1.3.0-SNAPSHOT.jar:/home/runner/.m2/repository/com/github/spotbugs/spotbugs-annotations/3.1.12/spotbugs-annotations-3.1.12.jar:/home/runner/.m2/repository/org/apache/ozone/ozone-filesystem/1.3.0-SNAPSHOT/ozone-filesystem-1.3.0-SNAPSHOT.jar:/home/runner/.m2/repository/org/apache/ozone/ozone-filesystem-common/1.3.0-SNAPSHOT/ozone-filesystem-common-1.3.0-SNAPSHOT.jar:/home/runner/.m2/repository/org/apache/ozone/ozone-tools/1.3.0-SNAPSHOT/ozone-tools-1.3.0-SNAPSHOT.jar:/home/runner/.m2/repository/org/apache/ratis/ratis-tools/2.3.0/ratis-tools-2.3.0.jar:/home/runner/.m2/repository/com/amazonaws/aws-java-sdk-core/1.12.261/aws-java-sdk-core-1.12.261.jar:/home/runner/.m2/repository/org/apache/httpcomponents/httpclient/4.5.13/httpclient-4.5.13.jar:/home/runner/.m2/repository/org/apache/httpcomponents/httpcore/4.4.13/httpcore-4.4.13.jar:/home/runner/.m2/repository/software/amazon/ion/ion-java/1.0.2/ion-java-1.0.2.jar:/home/runner/.m2/repository/com/fasterxml/jackson/dataformat/jackson-dataformat-cbor/2.13.2/jackson-dataformat-cbor-2.13.2.jar:/home/runner/.m2/repository/joda-time/joda-time/2.8.1/joda-time-2.8.1.jar:/home/runner/.m2/repository/com/amazonaws/aws-java-sdk-s3/1.12.261/aws-java-sdk-s3-1.12.261.jar:/home/runner/.m2/repository/com/amazonaws/aws-java-sdk-kms/1.12.261/aws-java-sdk-kms-1.12.261.jar:/home/runner/.m2/repository/com/amazonaws/jmespath-java/1.12.261/jmespath-java-1.12.261.jar:/home/runner/.m2/repository/org/kohsuke/metainf-services/metainf-services/1.8/metainf-services-1.8.jar:/home/runner/.m2/repository/org/apache/ozone/hdds-tools/1.3.0-SNAPSHOT/hdds-tools-1.3.0-SNAPSHOT.jar:/home/runner/.m2/repository/commons-cli/commons-cli/1.2/commons-cli-1.2.jar:/home/runner/.m2/repository/org/apache/commons/commons-lang3/3.7/commons-lang3-3.7.jar:/home/runner/.m2/repository/org/apache/ozone/ozone-manager/1.3.0-SNAPSHOT/ozone-manager-1.3.0-SNAPSHOT-tests.jar:/home/runner/.m2/repository/org/apache/ozone/hdds-common/1.3.0-SNAPSHOT/hdds-common-1.3.0-SNAPSHOT-tests.jar:/home/runner/.m2/repository/org/apache/ozone/hdds-hadoop-dependency-client/1.3.0-SNAPSHOT/hdds-hadoop-dependency-client-1.3.0-SNAPSHOT.jar:/home/runner/.m2/repository/info/picocli/picocli/4.6.1/picocli-4.6.1.jar:/home/runner/.m2/repository/com/fasterxml/jackson/core/jackson-annotations/2.13.2/jackson-annotations-2.13.2.jar:/home/runner/.m2/repository/com/fasterxml/jackson/datatype/jackson-datatype-jsr310/2.13.2/jackson-datatype-jsr310-2.13.2.jar:/home/runner/.m2/repository/org/apache/ozone/hdds-annotation-processing/1.3.0-SNAPSHOT/hdds-annotation-processing-1.3.0-SNAPSHOT.jar:/home/runner/.m2/repository/javax/annotation/javax.annotation-api/1.2/javax.annotation-api-1.2.jar:/home/runner/.m2/repository/org/apache/ratis/ratis-server/2.3.0/ratis-server-2.3.0.jar:/home/runner/.m2/repository/org/apache/ratis/ratis-client/2.3.0/ratis-client-2.3.0.jar:/home/runner/.m2/repository/org/apache/ratis/ratis-server-api/2.3.0/ratis-server-api-2.3.0.jar:/home/runner/.m2/repository/org/apache/ratis/ratis-metrics/2.3.0/ratis-metrics-2.3.0.jar:/home/runner/.m2/repository/org/apache/ratis/ratis-netty/2.3.0/ratis-netty-2.3.0.jar:/home/runner/.m2/repository/org/apache/ratis/ratis-grpc/2.3.0/ratis-grpc-2.3.0.jar:/home/runner/.m2/repository/org/apache/logging/log4j/log4j-api/2.17.1/log4j-api-2.17.1.jar:/home/runner/.m2/repository/org/apache/commons/commons-pool2/2.6.0/commons-pool2-2.6.0.jar:/home/runner/.m2/repository/org/bouncycastle/bcpkix-jdk15on/1.67/bcpkix-jdk15on-1.67.jar:/home/runner/.m2/repository/commons-validator/commons-validator/1.6/commons-validator-1.6.jar:/home/runner/.m2/repository/commons-beanutils/commons-beanutils/1.9.4/commons-beanutils-1.9.4.jar:/home/runner/.m2/repository/commons-digester/commons-digester/1.8.1/commons-digester-1.8.1.jar:/home/runner/.m2/repository/commons-collections/commons-collections/3.2.2/commons-collections-3.2.2.jar:/home/runner/.m2/repository/io/jaegertracing/jaeger-client/1.6.0/jaeger-client-1.6.0.jar:/home/runner/.m2/repository/io/jaegertracing/jaeger-thrift/1.6.0/jaeger-thrift-1.6.0.jar:/home/runner/.m2/repository/org/apache/thrift/libthrift/0.14.1/libthrift-0.14.1.jar:/home/runner/.m2/repository/com/squareup/okhttp3/okhttp/4.9.0/okhttp-4.9.0.jar:/home/runner/.m2/repository/com/squareup/okio/okio/2.8.0/okio-2.8.0.jar:/home/runner/.m2/repository/io/jaegertracing/jaeger-core/1.6.0/jaeger-core-1.6.0.jar:/home/runner/.m2/repository/io/jaegertracing/jaeger-tracerresolver/1.6.0/jaeger-tracerresolver-1.6.0.jar:/home/runner/.m2/repository/io/opentracing/contrib/opentracing-tracerresolver/0.1.8/opentracing-tracerresolver-0.1.8.jar:/home/runner/.m2/repository/org/jetbrains/kotlin/kotlin-stdlib/1.6.21/kotlin-stdlib-1.6.21.jar:/home/runner/.m2/repository/org/jetbrains/kotlin/kotlin-stdlib-common/1.6.21/kotlin-stdlib-common-1.6.21.jar:/home/runner/.m2/repository/org/jetbrains/annotations/13.0/annotations-13.0.jar:/home/runner/.m2/repository/io/opentracing/opentracing-util/0.33.0/opentracing-util-0.33.0.jar:/home/runner/.m2/repository/io/opentracing/opentracing-api/0.33.0/opentracing-api-0.33.0.jar:/home/runner/.m2/repository/io/opentracing/opentracing-noop/0.33.0/opentracing-noop-0.33.0.jar:/home/runner/.m2/repository/org/yaml/snakeyaml/1.26/snakeyaml-1.26.jar:/home/runner/.m2/repository/org/apache/ozone/hdds-interface-admin/1.3.0-SNAPSHOT/hdds-interface-admin-1.3.0-SNAPSHOT.jar:/home/runner/.m2/repository/junit/junit/4.13.1/junit-4.13.1.jar:/home/runner/.m2/repository/org/hamcrest/hamcrest-core/1.3/hamcrest-core-1.3.jar:/home/runner/.m2/repository/org/junit/jupiter/junit-jupiter-api/5.8.2/junit-jupiter-api-5.8.2.jar:/home/runner/.m2/repository/org/opentest4j/opentest4j/1.2.0/opentest4j-1.2.0.jar:/home/runner/.m2/repository/org/junit/platform/junit-platform-commons/1.8.2/junit-platform-commons-1.8.2.jar:/home/runner/.m2/repository/org/apiguardian/apiguardian-api/1.1.2/apiguardian-api-1.1.2.jar:/home/runner/.m2/repository/org/junit/jupiter/junit-jupiter-params/5.8.2/junit-jupiter-params-5.8.2.jar:/home/runner/.m2/repository/org/junit/jupiter/junit-jupiter-migrationsupport/5.8.2/junit-jupiter-migrationsupport-5.8.2.jar:/home/runner/.m2/repository/org/junit/jupiter/junit-jupiter-engine/5.8.2/junit-jupiter-engine-5.8.2.jar:/home/runner/.m2/repository/org/junit/platform/junit-platform-engine/1.8.2/junit-platform-engine-1.8.2.jar:/home/runner/.m2/repository/org/junit/vintage/junit-vintage-engine/5.8.2/junit-vintage-engine-5.8.2.jar:/home/runner/.m2/repository/org/junit/platform/junit-platform-launcher/1.8.2/junit-platform-launcher-1.8.2.jar:/home/runner/.m2/repository/org/mockito/mockito-core/2.28.2/mockito-core-2.28.2.jar:/home/runner/.m2/repository/net/bytebuddy/byte-buddy/1.9.10/byte-buddy-1.9.10.jar:/home/runner/.m2/repository/net/bytebuddy/byte-buddy-agent/1.9.10/byte-buddy-agent-1.9.10.jar:/home/runner/.m2/repository/org/objenesis/objenesis/1.0/objenesis-1.0.jar:/home/runner/.m2/repository/org/apache/hadoop/hadoop-kms/3.3.1/hadoop-kms-3.3.1.jar:/home/runner/.m2/repository/org/apache/hadoop/hadoop-auth/3.3.1/hadoop-auth-3.3.1.jar:/home/runner/.m2/repository/com/nimbusds/nimbus-jose-jwt/7.9/nimbus-jose-jwt-7.9.jar:/home/runner/.m2/repository/com/github/stephenc/jcip/jcip-annotations/1.0-1/jcip-annotations-1.0-1.jar:/home/runner/.m2/repository/net/minidev/json-smart/2.4.7/json-smart-2.4.7.jar:/home/runner/.m2/repository/net/minidev/accessors-smart/2.4.7/accessors-smart-2.4.7.jar:/home/runner/.m2/repository/org/ow2/asm/asm/5.0.4/asm-5.0.4.jar:/home/runner/.m2/repository/org/apache/zookeeper/zookeeper/3.5.6/zookeeper-3.5.6.jar:/home/runner/.m2/repository/org/apache/zookeeper/zookeeper-jute/3.5.6/zookeeper-jute-3.5.6.jar:/home/runner/.m2/repository/org/apache/yetus/audience-annotations/0.5.0/audience-annotations-0.5.0.jar:/home/runner/.m2/repository/org/apache/curator/curator-framework/4.2.0/curator-framework-4.2.0.jar:/home/runner/.m2/repository/org/apache/hadoop/thirdparty/hadoop-shaded-guava/1.1.1/hadoop-shaded-guava-1.1.1.jar:/home/runner/.m2/repository/com/sun/jersey/jersey-core/1.19/jersey-core-1.19.jar:/home/runner/.m2/repository/javax/ws/rs/jsr311-api/1.1.1/jsr311-api-1.1.1.jar:/home/runner/.m2/repository/com/sun/jersey/jersey-server/1.19/jersey-server-1.19.jar:/home/runner/.m2/repository/javax/servlet/javax.servlet-api/3.1.0/javax.servlet-api-3.1.0.jar:/home/runner/.m2/repository/org/eclipse/jetty/jetty-server/9.4.43.v20210629/jetty-server-9.4.43.v20210629.jar:/home/runner/.m2/repository/org/eclipse/jetty/jetty-http/9.4.43.v20210629/jetty-http-9.4.43.v20210629.jar:/home/runner/.m2/repository/org/eclipse/jetty/jetty-io/9.4.43.v20210629/jetty-io-9.4.43.v20210629.jar:/home/runner/.m2/repository/org/eclipse/jetty/jetty-webapp/9.4.43.v20210629/jetty-webapp-9.4.43.v20210629.jar:/home/runner/.m2/repository/org/eclipse/jetty/jetty-xml/9.4.43.v20210629/jetty-xml-9.4.43.v20210629.jar:/home/runner/.m2/repository/org/apache/hadoop/hadoop-common/3.3.1/hadoop-common-3.3.1.jar:/home/runner/.m2/repository/org/apache/commons/commons-math3/3.1.1/commons-math3-3.1.1.jar:/home/runner/.m2/repository/commons-net/commons-net/3.6/commons-net-3.6.jar:/home/runner/.m2/repository/com/sun/jersey/jersey-servlet/1.19/jersey-servlet-1.19.jar:/home/runner/.m2/repository/com/sun/jersey/jersey-json/1.19/jersey-json-1.19.jar:/home/runner/.m2/repository/org/codehaus/jettison/jettison/1.1/jettison-1.1.jar:/home/runner/.m2/repository/com/sun/xml/bind/jaxb-impl/2.2.3-1/jaxb-impl-2.2.3-1.jar:/home/runner/.m2/repository/org/codehaus/jackson/jackson-xc/1.9.2/jackson-xc-1.9.2.jar:/home/runner/.m2/repository/org/apache/commons/commons-configuration2/2.1.1/commons-configuration2-2.1.1.jar:/home/runner/.m2/repository/org/apache/commons/commons-text/1.4/commons-text-1.4.jar:/home/runner/.m2/repository/com/google/re2j/re2j/1.1/re2j-1.1.jar:/home/runner/.m2/repository/com/jcraft/jsch/0.1.54/jsch-0.1.54.jar:/home/runner/.m2/repository/org/apache/curator/curator-client/4.2.0/curator-client-4.2.0.jar:/home/runner/.m2/repository/org/apache/curator/curator-recipes/4.2.0/curator-recipes-4.2.0.jar:/home/runner/.m2/repository/org/apache/kerby/kerb-core/1.0.1/kerb-core-1.0.1.jar:/home/runner/.m2/repository/org/apache/kerby/kerby-pkix/1.0.1/kerby-pkix-1.0.1.jar:/home/runner/.m2/repository/org/apache/kerby/kerby-asn1/1.0.1/kerby-asn1-1.0.1.jar:/home/runner/.m2/repository/org/apache/kerby/kerby-util/1.0.1/kerby-util-1.0.1.jar:/home/runner/.m2/repository/dnsjava/dnsjava/2.1.7/dnsjava-2.1.7.jar:/home/runner/.m2/repository/org/xerial/snappy/snappy-java/1.1.8.2/snappy-java-1.1.8.2.jar:/home/runner/.m2/repository/org/slf4j/jul-to-slf4j/1.7.30/jul-to-slf4j-1.7.30.jar:/home/runner/.m2/repository/org/eclipse/jetty/jetty-util/9.4.43.v20210629/jetty-util-9.4.43.v20210629.jar:/home/runner/.m2/repository/com/fasterxml/jackson/core/jackson-databind/2.13.2.2/jackson-databind-2.13.2.2.jar:/home/runner/.m2/repository/org/apache/hadoop/hadoop-kms/3.3.1/hadoop-kms-3.3.1-tests.jar:/home/runner/.m2/repository/org/apache/ozone/hdds-server-scm/1.3.0-SNAPSHOT/hdds-server-scm-1.3.0-SNAPSHOT-tests.jar:/home/runner/.m2/repository/org/apache/ozone/hdds-container-service/1.3.0-SNAPSHOT/hdds-container-service-1.3.0-SNAPSHOT-tests.jar:/home/runner/.m2/repository/commons-codec/commons-codec/1.11/commons-codec-1.11.jar:/home/runner/.m2/repository/io/netty/netty-codec/4.1.79.Final/netty-codec-4.1.79.Final.jar:/home/runner/.m2/repository/io/netty/netty-handler/4.1.79.Final/netty-handler-4.1.79.Final.jar:/home/runner/.m2/repository/org/apache/ozone/hdds-hadoop-dependency-test/1.3.0-SNAPSHOT/hdds-hadoop-dependency-test-1.3.0-SNAPSHOT.jar:/home/runner/.m2/repository/org/apache/hadoop/hadoop-common/3.3.1/hadoop-common-3.3.1-tests.jar:/home/runner/.m2/repository/org/assertj/assertj-core/3.12.2/assertj-core-3.12.2.jar:/home/runner/.m2/repository/org/apache/hadoop/hadoop-hdfs/3.3.1/hadoop-hdfs-3.3.1-tests.jar:/home/runner/.m2/repository/org/eclipse/jetty/jetty-util-ajax/9.4.43.v20210629/jetty-util-ajax-9.4.43.v20210629.jar:/home/runner/.m2/repository/commons-daemon/commons-daemon/1.0.13/commons-daemon-1.0.13.jar:/home/runner/.m2/repository/io/netty/netty/3.10.6.Final/netty-3.10.6.Final.jar:/home/runner/.m2/repository/io/netty/netty-all/4.1.79.Final/netty-all-4.1.79.Final.jar:/home/runner/.m2/repository/io/netty/netty-codec-dns/4.1.79.Final/netty-codec-dns-4.1.79.Final.jar:/home/runner/.m2/repository/io/netty/netty-codec-haproxy/4.1.79.Final/netty-codec-haproxy-4.1.79.Final.jar:/home/runner/.m2/repository/io/netty/netty-codec-memcache/4.1.79.Final/netty-codec-memcache-4.1.79.Final.jar:/home/runner/.m2/repository/io/netty/netty-codec-mqtt/4.1.79.Final/netty-codec-mqtt-4.1.79.Final.jar:/home/runner/.m2/repository/io/netty/netty-codec-redis/4.1.79.Final/netty-codec-redis-4.1.79.Final.jar:/home/runner/.m2/repository/io/netty/netty-codec-smtp/4.1.79.Final/netty-codec-smtp-4.1.79.Final.jar:/home/runner/.m2/repository/io/netty/netty-codec-stomp/4.1.79.Final/netty-codec-stomp-4.1.79.Final.jar:/home/runner/.m2/repository/io/netty/netty-codec-xml/4.1.79.Final/netty-codec-xml-4.1.79.Final.jar:/home/runner/.m2/repository/io/netty/netty-resolver-dns/4.1.79.Final/netty-resolver-dns-4.1.79.Final.jar:/home/runner/.m2/repository/io/netty/netty-transport-rxtx/4.1.79.Final/netty-transport-rxtx-4.1.79.Final.jar:/home/runner/.m2/repository/io/netty/netty-transport-sctp/4.1.79.Final/netty-transport-sctp-4.1.79.Final.jar:/home/runner/.m2/repository/io/netty/netty-transport-udt/4.1.79.Final/netty-transport-udt-4.1.79.Final.jar:/home/runner/.m2/repository/io/netty/netty-transport-classes-kqueue/4.1.79.Final/netty-transport-classes-kqueue-4.1.79.Final.jar:/home/runner/.m2/repository/io/netty/netty-resolver-dns-classes-macos/4.1.79.Final/netty-resolver-dns-classes-macos-4.1.79.Final.jar:/home/runner/.m2/repository/io/netty/netty-transport-native-epoll/4.1.79.Final/netty-transport-native-epoll-4.1.79.Final-linux-aarch_64.jar:/home/runner/.m2/repository/io/netty/netty-transport-native-kqueue/4.1.79.Final/netty-transport-native-kqueue-4.1.79.Final-osx-x86_64.jar:/home/runner/.m2/repository/io/netty/netty-transport-native-kqueue/4.1.79.Final/netty-transport-native-kqueue-4.1.79.Final-osx-aarch_64.jar:/home/runner/.m2/repository/io/netty/netty-resolver-dns-native-macos/4.1.79.Final/netty-resolver-dns-native-macos-4.1.79.Final-osx-x86_64.jar:/home/runner/.m2/repository/io/netty/netty-resolver-dns-native-macos/4.1.79.Final/netty-resolver-dns-native-macos-4.1.79.Final-osx-aarch_64.jar:/home/runner/.m2/repository/org/apache/htrace/htrace-core4/4.1.0-incubating/htrace-core4-4.1.0-incubating.jar:/home/runner/.m2/repository/org/fusesource/leveldbjni/leveldbjni-all/1.8/leveldbjni-all-1.8.jar:/home/runner/.m2/repository/org/apache/hadoop/hadoop-distcp/3.3.1/hadoop-distcp-3.3.1.jar:/home/runner/.m2/repository/org/apache/hadoop/hadoop-mapreduce-client-jobclient/3.3.1/hadoop-mapreduce-client-jobclient-3.3.1.jar:/home/runner/.m2/repository/org/apache/hadoop/hadoop-mapreduce-client-common/3.3.1/hadoop-mapreduce-client-common-3.3.1.jar:/home/runner/.m2/repository/org/apache/hadoop/hadoop-yarn-common/3.3.1/hadoop-yarn-common-3.3.1.jar:/home/runner/.m2/repository/org/apache/hadoop/hadoop-yarn-api/3.3.1/hadoop-yarn-api-3.3.1.jar:/home/runner/.m2/repository/com/sun/jersey/contribs/jersey-guice/1.19/jersey-guice-1.19.jar:/home/runner/.m2/repository/com/fasterxml/jackson/jaxrs/jackson-jaxrs-json-provider/2.13.2/jackson-jaxrs-json-provider-2.13.2.jar:/home/runner/.m2/repository/com/fasterxml/jackson/jaxrs/jackson-jaxrs-base/2.13.2/jackson-jaxrs-base-2.13.2.jar:/home/runner/.m2/repository/org/apache/hadoop/hadoop-yarn-client/3.3.1/hadoop-yarn-client-3.3.1.jar:/home/runner/.m2/repository/org/eclipse/jetty/websocket/websocket-client/9.4.40.v20210413/websocket-client-9.4.40.v20210413.jar:/home/runner/.m2/repository/org/eclipse/jetty/websocket/websocket-common/9.4.40.v20210413/websocket-common-9.4.40.v20210413.jar:/home/runner/.m2/repository/org/eclipse/jetty/websocket/websocket-api/9.4.40.v20210413/websocket-api-9.4.40.v20210413.jar:/home/runner/.m2/repository/org/jline/jline/3.9.0/jline-3.9.0.jar:/home/runner/.m2/repository/org/apache/hadoop/hadoop-mapreduce-client-core/3.3.1/hadoop-mapreduce-client-core-3.3.1.jar:/home/runner/.m2/repository/org/apache/avro/avro/1.7.7/avro-1.7.7.jar:/home/runner/.m2/repository/org/codehaus/jackson/jackson-core-asl/1.9.13/jackson-core-asl-1.9.13.jar:/home/runner/.m2/repository/org/codehaus/jackson/jackson-mapper-asl/1.9.13/jackson-mapper-asl-1.9.13.jar:/home/runner/.m2/repository/com/thoughtworks/paranamer/paranamer/2.3/paranamer-2.3.jar:/home/runner/.m2/repository/org/apache/hadoop/hadoop-annotations/3.3.1/hadoop-annotations-3.3.1.jar:/opt/hostedtoolcache/jdk/8.0.345/x64/jre/../lib/tools.jar:/home/runner/.m2/repository/org/apache/hadoop/hadoop-distcp/3.3.1/hadoop-distcp-3.3.1-tests.jar:/home/runner/.m2/repository/org/apache/ratis/ratis-common/2.3.0/ratis-common-2.3.0.jar:/home/runner/.m2/repository/org/apache/ratis/ratis-thirdparty-misc/1.0.0/ratis-thirdparty-misc-1.0.0.jar:/home/runner/.m2/repository/org/apache/ratis/ratis-proto/2.3.0/ratis-proto-2.3.0.jar:"/>
    <property name="sun.cpu.endian" value="little"/>
    <property name="user.home" value="/home/runner"/>
    <property name="user.language" value="en"/>
    <property name="java.specification.vendor" value="Oracle Corporation"/>
    <property name="java.home" value="/opt/hostedtoolcache/jdk/8.0.345/x64/jre"/>
    <property name="java.security.krb5.conf" value="/home/runner/work/ozone/ozone/hadoop-ozone/integration-test/target/test-classes/krb5.conf"/>
    <property name="basedir" value="/home/runner/work/ozone/ozone/hadoop-ozone/integration-test"/>
    <property name="file.separator" value="/"/>
    <property name="line.separator" value="&#10;"/>
    <property name="jdk.vendor.version" value="Zulu 8.64.0.19-CA-linux64"/>
    <property name="java.vm.specification.vendor" value="Oracle Corporation"/>
    <property name="java.specification.name" value="Java Platform API Specification"/>
    <property name="java.awt.graphicsenv" value="sun.awt.X11GraphicsEnvironment"/>
    <property name="skip.installnpx" value="true"/>
    <property name="surefire.real.class.path" value="/home/runner/work/ozone/ozone/hadoop-ozone/integration-test/target/surefire/surefirebooter1368273313854081492.jar:/home/runner/.m2/repository/org/jacoco/org.jacoco.agent/0.8.5/org.jacoco.agent-0.8.5-runtime.jar"/>
    <property name="hadoop.log.dir" value="/home/runner/work/ozone/ozone/hadoop-ozone/integration-test/target/log"/>
    <property name="sun.boot.class.path" value="/opt/hostedtoolcache/jdk/8.0.345/x64/jre/lib/resources.jar:/opt/hostedtoolcache/jdk/8.0.345/x64/jre/lib/rt.jar:/opt/hostedtoolcache/jdk/8.0.345/x64/jre/lib/sunrsasign.jar:/opt/hostedtoolcache/jdk/8.0.345/x64/jre/lib/jsse.jar:/opt/hostedtoolcache/jdk/8.0.345/x64/jre/lib/jce.jar:/opt/hostedtoolcache/jdk/8.0.345/x64/jre/lib/charsets.jar:/opt/hostedtoolcache/jdk/8.0.345/x64/jre/lib/jfr.jar:/opt/hostedtoolcache/jdk/8.0.345/x64/jre/lib/cat.jar:/opt/hostedtoolcache/jdk/8.0.345/x64/jre/classes"/>
    <property name="sun.management.compiler" value="HotSpot 64-Bit Tiered Compilers"/>
    <property name="skip.npx" value="true"/>
    <property name="java.runtime.version" value="1.8.0_345-b01"/>
    <property name="java.net.preferIPv4Stack" value="true"/>
    <property name="user.name" value="runner"/>
    <property name="path.separator" value=":"/>
    <property name="java.security.egd" value="file:///dev/urandom"/>
    <property name="os.version" value="5.15.0-1019-azure"/>
    <property name="java.endorsed.dirs" value="/opt/hostedtoolcache/jdk/8.0.345/x64/jre/lib/endorsed"/>
    <property name="java.runtime.name" value="OpenJDK Runtime Environment"/>
    <property name="file.encoding" value="UTF-8"/>
    <property name="java.vm.name" value="OpenJDK 64-Bit Server VM"/>
    <property name="test.build.webapps" value=""/>
    <property name="localRepository" value="/home/runner/.m2/repository"/>
    <property name="jetty.git.hash" value="526006ecfa3af7f1a27ef3a288e2bef7ea9dd7e8"/>
    <property name="java.vendor.url.bug" value="http://www.azul.com/support/"/>
    <property name="java.io.tmpdir" value="/tmp"/>
    <property name="require.test.libhadoop" value=""/>
    <property name="java.version" value="1.8.0_345"/>
    <property name="user.dir" value="/home/runner/work/ozone/ozone/hadoop-ozone/integration-test"/>
    <property name="os.arch" value="amd64"/>
    <property name="java.vm.specification.name" value="Java Virtual Machine Specification"/>
    <property name="test.build.classes" value="/home/runner/work/ozone/ozone/hadoop-ozone/integration-test/target/test-classes"/>
    <property name="java.awt.printerjob" value="sun.print.PSPrinterJob"/>
    <property name="sun.os.patch.level" value="unknown"/>
    <property name="hadoop.tmp.dir" value="/home/runner/work/ozone/ozone/hadoop-ozone/integration-test/target/tmp"/>
    <property name="java.library.path" value="/usr/java/packages/lib/amd64:/usr/lib64:/lib64:/lib:/usr/lib"/>
    <property name="java.vm.info" value="mixed mode"/>
    <property name="java.vendor" value="Azul Systems, Inc."/>
    <property name="java.vm.version" value="25.345-b01"/>
    <property name="java.ext.dirs" value="/opt/hostedtoolcache/jdk/8.0.345/x64/jre/lib/ext:/usr/java/packages/lib/ext"/>
    <property name="sun.io.unicode.encoding" value="UnicodeLittle"/>
    <property name="java.class.version" value="52.0"/>
  </properties>
  <testcase name="testFlushChunk" classname="org.apache.hadoop.ozone.client.rpc.TestBlockOutputStream" time="0.943">
    <system-out><![CDATA[2022-09-19 13:50:58,712 [main] WARN  server.ServerUtils (ServerUtils.java:getScmDbDir(148)) - ozone.scm.db.dirs is not configured. We recommend adding this setting. Falling back to ozone.metadata.dirs instead.
2022-09-19 13:50:58,826 [main] WARN  server.ServerUtils (ServerUtils.java:getScmDbDir(148)) - ozone.scm.db.dirs is not configured. We recommend adding this setting. Falling back to ozone.metadata.dirs instead.
2022-09-19 13:50:58,833 [main] INFO  ha.SCMHANodeDetails (SCMHANodeDetails.java:loadSCMHAConfig(209)) - ServiceID for StorageContainerManager is null
2022-09-19 13:50:58,856 [main] WARN  ha.SCMHANodeDetails (SCMHANodeDetails.java:validateSCMHAConfig(182)) - Invalid config ozone.scm.ratis.enable. The config was not specified, but the default value true conflicts with the expected config value false. Falling back to the expected value. Current State of SCM: SCM is running in Non-HA without Ratis Ratis SCM -> Non Ratis SCM or Non HA SCM -> HA SCM is not supported
2022-09-19 13:50:58,856 [main] INFO  ha.SCMHANodeDetails (SCMHANodeDetails.java:loadSCMHAConfig(214)) - ozone.scm.default.service.id is not defined, falling back to ozone.scm.service.ids to find serviceID for StorageContainerManager if it is HA enabled cluster
2022-09-19 13:50:59,400 [main] WARN  utils.HAUtils (HAUtils.java:getMetaDir(342)) - ozone.scm.db.dirs is not configured. We recommend adding this setting. Falling back to ozone.metadata.dirs instead.
2022-09-19 13:50:59,539 [main] WARN  db.DBStoreBuilder (DBStoreBuilder.java:applyDBDefinition(144)) - ozone.scm.db.dirs is not configured. We recommend adding this setting. Falling back to ozone.metadata.dirs instead.
2022-09-19 13:50:59,826 [main] INFO  net.NodeSchemaLoader (NodeSchemaLoader.java:loadSchemaFromFile(129)) - Loading schema from [jar:file:/home/runner/.m2/repository/org/apache/ozone/hdds-common/1.3.0-SNAPSHOT/hdds-common-1.3.0-SNAPSHOT.jar!/network-topology-default.xml]
2022-09-19 13:50:59,828 [main] INFO  net.NodeSchemaLoader (NodeSchemaLoader.java:loadSchema(176)) - Loading network topology layer schema file
2022-09-19 13:50:59,876 [main] INFO  metrics.MetricRegistries (MetricRegistriesLoader.java:load(64)) - Loaded MetricRegistries class org.apache.ratis.metrics.impl.MetricRegistriesImpl
2022-09-19 13:50:59,883 [main] INFO  upgrade.AbstractLayoutVersionManager (AbstractLayoutVersionManager.java:init(83)) - Initializing Layout version manager with metadata layout = DATANODE_SCHEMA_V3 (version = 4), software layout = DATANODE_SCHEMA_V3 (version = 4)
2022-09-19 13:51:00,075 [main] INFO  reflections.Reflections (Reflections.java:scan(232)) - Reflections took 115 ms to scan 7 urls, producing 135 keys and 327 values 
2022-09-19 13:51:00,173 [main] INFO  ha.SequenceIdGenerator (SequenceIdGenerator.java:upgradeToSequenceId(349)) - upgrade localId to 109611004723200000
2022-09-19 13:51:00,173 [main] INFO  ha.SequenceIdGenerator (SequenceIdGenerator.java:upgradeToSequenceId(359)) - upgrade delTxnId to 0
2022-09-19 13:51:00,177 [main] INFO  ha.SequenceIdGenerator (SequenceIdGenerator.java:upgradeToSequenceId(376)) - upgrade containerId to 0
2022-09-19 13:51:00,179 [main] INFO  ha.SequenceIdGenerator (SequenceIdGenerator.java:<init>(220)) - Init the HA SequenceIdGenerator.
2022-09-19 13:51:00,226 [main] INFO  node.SCMNodeManager (SCMNodeManager.java:<init>(149)) - Entering startup safe mode.
2022-09-19 13:51:00,287 [main] INFO  algorithms.ContainerPlacementPolicyFactory (ContainerPlacementPolicyFactory.java:getPolicyInternal(86)) - Create container placement policy of type org.apache.hadoop.hdds.scm.container.placement.algorithms.SCMContainerPlacementRandom
2022-09-19 13:51:00,289 [main] INFO  algorithms.ContainerPlacementPolicyFactory (ContainerPlacementPolicyFactory.java:getPolicyInternal(86)) - Create container placement policy of type org.apache.hadoop.hdds.scm.container.placement.algorithms.SCMContainerPlacementRackScatter
2022-09-19 13:51:00,299 [main] INFO  pipeline.PipelineStateManagerImpl (PipelineStateManagerImpl.java:initialize(78)) - No pipeline exists in current db
2022-09-19 13:51:00,349 [main] INFO  algorithms.LeaderChoosePolicyFactory (LeaderChoosePolicyFactory.java:getPolicy(57)) - Create leader choose policy of type org.apache.hadoop.hdds.scm.pipeline.leader.choose.algorithms.MinLeaderCountChoosePolicy
2022-09-19 13:51:00,349 [main] INFO  algorithms.ContainerPlacementPolicyFactory (ContainerPlacementPolicyFactory.java:getPolicyInternal(86)) - Create container placement policy of type org.apache.hadoop.hdds.scm.container.placement.algorithms.SCMContainerPlacementRackScatter
2022-09-19 13:51:00,355 [main] INFO  ha.SCMServiceManager (SCMServiceManager.java:register(42)) - Registering service BackgroundPipelineCreator.
2022-09-19 13:51:00,355 [main] INFO  pipeline.BackgroundPipelineCreator (BackgroundPipelineCreator.java:start(124)) - Starting RatisPipelineUtilsThread.
2022-09-19 13:51:00,360 [main] INFO  BackgroundPipelineScrubber (BackgroundSCMService.java:start(68)) - Starting BackgroundPipelineScrubber Service.
2022-09-19 13:51:00,365 [main] INFO  ha.SCMServiceManager (SCMServiceManager.java:register(42)) - Registering service BackgroundPipelineScrubber.
2022-09-19 13:51:00,372 [main] INFO  ExpiredContainerReplicaOpScrubber (BackgroundSCMService.java:start(68)) - Starting ExpiredContainerReplicaOpScrubber Service.
2022-09-19 13:51:00,372 [main] INFO  ha.SCMServiceManager (SCMServiceManager.java:register(42)) - Registering service ExpiredContainerReplicaOpScrubber.
2022-09-19 13:51:00,401 [main] INFO  algorithms.PipelineChoosePolicyFactory (PipelineChoosePolicyFactory.java:createPipelineChoosePolicyFromClass(73)) - Create pipeline choose policy of type org.apache.hadoop.hdds.scm.pipeline.choose.algorithms.RandomPipelineChoosePolicy
2022-09-19 13:51:00,420 [main] INFO  ha.SCMServiceManager (SCMServiceManager.java:register(42)) - Registering service SCMBlockDeletingService.
2022-09-19 13:51:00,465 [main] INFO  replication.ReplicationManager (ReplicationManager.java:start(226)) - Starting Replication Monitor Thread.
2022-09-19 13:51:00,472 [main] INFO  ha.SCMServiceManager (SCMServiceManager.java:register(42)) - Registering service ReplicationManager.
2022-09-19 13:51:00,477 [ReplicationMonitor] INFO  replication.ReplicationManager (ReplicationManager.java:processAll(294)) - Replication Manager is not ready to run until 3000ms after safemode exit
2022-09-19 13:51:00,481 [main] INFO  safemode.ContainerSafeModeRule (ContainerSafeModeRule.java:<init>(89)) - containers with one replica threshold count 0
2022-09-19 13:51:00,488 [main] INFO  safemode.HealthyPipelineSafeModeRule (HealthyPipelineSafeModeRule.java:initializeRule(169)) - Total pipeline count is 0, healthy pipeline threshold count is 1
2022-09-19 13:51:00,490 [main] INFO  safemode.OneReplicaPipelineSafeModeRule (OneReplicaPipelineSafeModeRule.java:initializeRule(180)) - Total pipeline count is 0, pipeline's with at least one datanode reported threshold count is 0
2022-09-19 13:51:00,821 [main] INFO  audit.AuditLogger (AuditLogger.java:refreshDebugCmdSet(126)) - Refresh DebugCmdSet for SCMAudit to [].
2022-09-19 13:51:00,853 [main] INFO  ipc.CallQueueManager (CallQueueManager.java:<init>(90)) - Using callQueue: class java.util.concurrent.LinkedBlockingQueue, queueCapacity: 2000, scheduler: class org.apache.hadoop.ipc.DefaultRpcScheduler, ipcBackoff: false.
2022-09-19 13:51:00,895 [Socket Reader #1 for port 0] INFO  ipc.Server (Server.java:run(1265)) - Starting Socket Reader #1 for port 0
2022-09-19 13:51:00,951 [Listener at 0.0.0.0/34877] INFO  audit.AuditLogger (AuditLogger.java:refreshDebugCmdSet(126)) - Refresh DebugCmdSet for SCMAudit to [].
2022-09-19 13:51:00,958 [Listener at 0.0.0.0/34877] INFO  ipc.CallQueueManager (CallQueueManager.java:<init>(90)) - Using callQueue: class java.util.concurrent.LinkedBlockingQueue, queueCapacity: 2000, scheduler: class org.apache.hadoop.ipc.DefaultRpcScheduler, ipcBackoff: false.
2022-09-19 13:51:00,959 [Socket Reader #1 for port 0] INFO  ipc.Server (Server.java:run(1265)) - Starting Socket Reader #1 for port 0
2022-09-19 13:51:00,996 [Listener at 0.0.0.0/36083] INFO  audit.AuditLogger (AuditLogger.java:refreshDebugCmdSet(126)) - Refresh DebugCmdSet for SCMAudit to [].
2022-09-19 13:51:01,012 [Listener at 0.0.0.0/36083] INFO  ipc.CallQueueManager (CallQueueManager.java:<init>(90)) - Using callQueue: class java.util.concurrent.LinkedBlockingQueue, queueCapacity: 2000, scheduler: class org.apache.hadoop.ipc.DefaultRpcScheduler, ipcBackoff: false.
2022-09-19 13:51:01,014 [Socket Reader #1 for port 0] INFO  ipc.Server (Server.java:run(1265)) - Starting Socket Reader #1 for port 0
2022-09-19 13:51:01,069 [Listener at 0.0.0.0/36437] INFO  ha.SCMServiceManager (SCMServiceManager.java:register(42)) - Registering service ContainerBalancer.
2022-09-19 13:51:01,069 [Listener at 0.0.0.0/36437] INFO  server.StorageContainerManager (StorageContainerManager.java:<init>(410)) - 
Container Balancer status:
Key                            Value
Running                        false
Container Balancer Configuration values:
Key                                                Value
Threshold                                          10
Max Datanodes to Involve per Iteration(percent)    20
Max Size to Move per Iteration                     500GB
Max Size Entering Target per Iteration             26GB
Max Size Leaving Source per Iteration              26GB

2022-09-19 13:51:01,070 [Listener at 0.0.0.0/36437] WARN  events.EventQueue (EventQueue.java:fireEvent(216)) - No event handler registered for event TypedEvent{payloadType=SafeModeStatus, name='Safe mode status'}
2022-09-19 13:51:01,070 [Listener at 0.0.0.0/36437] INFO  ha.SCMContext (SCMContext.java:updateSafeModeStatus(228)) - Update SafeModeStatus from SafeModeStatus{safeModeStatus=true, preCheckPassed=false} to SafeModeStatus{safeModeStatus=true, preCheckPassed=false}.
2022-09-19 13:51:01,073 [Listener at 0.0.0.0/36437] INFO  server.StorageContainerManager (StorageContainerManager.java:start(1436)) - StorageContainerLocationProtocol RPC server is listening at /0.0.0.0:36437
2022-09-19 13:51:01,161 [Listener at 0.0.0.0/36437] WARN  impl.MetricsConfig (MetricsConfig.java:loadFirst(136)) - Cannot locate configuration: tried hadoop-metrics2-storagecontainermanager.properties,hadoop-metrics2.properties
2022-09-19 13:51:01,179 [Listener at 0.0.0.0/36437] INFO  impl.MetricsSystemImpl (MetricsSystemImpl.java:startTimer(378)) - Scheduled Metric snapshot period at 10 second(s).
2022-09-19 13:51:01,179 [Listener at 0.0.0.0/36437] INFO  impl.MetricsSystemImpl (MetricsSystemImpl.java:start(191)) - StorageContainerManager metrics system started
2022-09-19 13:51:01,494 [Listener at 0.0.0.0/36437] INFO  server.SCMClientProtocolServer (SCMClientProtocolServer.java:start(170)) - RPC server for Client  is listening at /0.0.0.0:36437
2022-09-19 13:51:01,497 [IPC Server Responder] INFO  ipc.Server (Server.java:run(1507)) - IPC Server Responder: starting
2022-09-19 13:51:01,501 [IPC Server listener on 0] INFO  ipc.Server (Server.java:run(1344)) - IPC Server listener on 0: starting
2022-09-19 13:51:01,504 [Listener at 0.0.0.0/36437] INFO  server.StorageContainerManager (StorageContainerManager.java:start(1451)) - ScmBlockLocationProtocol RPC server is listening at /0.0.0.0:36083
2022-09-19 13:51:01,505 [Listener at 0.0.0.0/36437] INFO  server.SCMBlockProtocolServer (SCMBlockProtocolServer.java:start(152)) - RPC server for Block Protocol is listening at /0.0.0.0:36083
2022-09-19 13:51:01,505 [IPC Server Responder] INFO  ipc.Server (Server.java:run(1507)) - IPC Server Responder: starting
2022-09-19 13:51:01,506 [IPC Server listener on 0] INFO  ipc.Server (Server.java:run(1344)) - IPC Server listener on 0: starting
2022-09-19 13:51:01,508 [Listener at 0.0.0.0/36437] INFO  server.SCMDatanodeProtocolServer (SCMDatanodeProtocolServer.java:start(186)) - ScmDatanodeProtocol RPC server for DataNodes is listening at /0.0.0.0:34877
2022-09-19 13:51:01,509 [IPC Server Responder] INFO  ipc.Server (Server.java:run(1507)) - IPC Server Responder: starting
2022-09-19 13:51:01,509 [IPC Server listener on 0] INFO  ipc.Server (Server.java:run(1344)) - IPC Server listener on 0: starting
2022-09-19 13:51:01,534 [org.apache.hadoop.util.JvmPauseMonitor$Monitor@630e5010] INFO  util.JvmPauseMonitor (JvmPauseMonitor.java:run(188)) - Starting JVM pause monitor
2022-09-19 13:51:01,543 [Listener at 0.0.0.0/36437] INFO  http.BaseHttpServer (BaseHttpServer.java:newHttpServer2BuilderForOzone(213)) - Starting Web-server for scm at: http://0.0.0.0:0
2022-09-19 13:51:01,544 [Listener at 0.0.0.0/36437] INFO  http.BaseHttpServer (BaseHttpServer.java:<init>(108)) - Hadoop Security Enabled: false Ozone Security Enabled: false Ozone HTTP Security Enabled: false 
2022-09-19 13:51:01,572 [Listener at 0.0.0.0/36437] INFO  util.log (Log.java:initialized(170)) - Logging initialized @4262ms to org.eclipse.jetty.util.log.Slf4jLog
2022-09-19 13:51:01,684 [Listener at 0.0.0.0/36437] INFO  server.AuthenticationFilter (AuthenticationFilter.java:constructSecretProvider(240)) - Unable to initialize FileSignerSecretProvider, falling back to use random secrets.
2022-09-19 13:51:01,689 [Listener at 0.0.0.0/36437] WARN  http.HttpRequestLog (HttpRequestLog.java:getRequestLog(103)) - Jetty request log can only be enabled using Log4j
2022-09-19 13:51:01,697 [Listener at 0.0.0.0/36437] INFO  http.HttpServer2 (HttpServer2.java:addGlobalFilter(1029)) - Added global filter 'safety' (class=org.apache.hadoop.hdds.server.http.HttpServer2$QuotingInputFilter)
2022-09-19 13:51:01,699 [Listener at 0.0.0.0/36437] INFO  http.HttpServer2 (HttpServer2.java:addFilter(1005)) - Added filter static_user_filter (class=org.apache.hadoop.http.lib.StaticUserWebFilter$StaticUserFilter) to context scm
2022-09-19 13:51:01,699 [Listener at 0.0.0.0/36437] INFO  http.HttpServer2 (HttpServer2.java:addFilter(1013)) - Added filter static_user_filter (class=org.apache.hadoop.http.lib.StaticUserWebFilter$StaticUserFilter) to context logs
2022-09-19 13:51:01,699 [Listener at 0.0.0.0/36437] INFO  http.HttpServer2 (HttpServer2.java:addFilter(1013)) - Added filter static_user_filter (class=org.apache.hadoop.http.lib.StaticUserWebFilter$StaticUserFilter) to context static
2022-09-19 13:51:01,742 [Listener at 0.0.0.0/36437] INFO  http.HttpServer2 (HttpServer2.java:bindListener(1248)) - Jetty bound to port 33375
2022-09-19 13:51:01,744 [Listener at 0.0.0.0/36437] INFO  server.Server (Server.java:doStart(375)) - jetty-9.4.43.v20210629; built: 2021-06-30T11:07:22.254Z; git: 526006ecfa3af7f1a27ef3a288e2bef7ea9dd7e8; jvm 1.8.0_345-b01
2022-09-19 13:51:01,774 [Listener at 0.0.0.0/36437] INFO  server.session (DefaultSessionIdManager.java:doStart(334)) - DefaultSessionIdManager workerName=node0
2022-09-19 13:51:01,774 [Listener at 0.0.0.0/36437] INFO  server.session (DefaultSessionIdManager.java:doStart(339)) - No SessionScavenger set, using defaults
2022-09-19 13:51:01,776 [Listener at 0.0.0.0/36437] INFO  server.session (HouseKeeper.java:startScavenging(132)) - node0 Scavenging every 600000ms
2022-09-19 13:51:01,793 [Listener at 0.0.0.0/36437] INFO  handler.ContextHandler (ContextHandler.java:doStart(915)) - Started o.e.j.s.ServletContextHandler@750b200b{logs,/logs,file:///home/runner/work/ozone/ozone/hadoop-ozone/integration-test/target/log,AVAILABLE}
2022-09-19 13:51:01,794 [Listener at 0.0.0.0/36437] INFO  handler.ContextHandler (ContextHandler.java:doStart(915)) - Started o.e.j.s.ServletContextHandler@65f36591{static,/static,file:///home/runner/work/ozone/ozone/hadoop-ozone/integration-test/target/test-classes/webapps/static,AVAILABLE}
2022-09-19 13:51:01,850 [Listener at 0.0.0.0/36437] INFO  handler.ContextHandler (ContextHandler.java:doStart(915)) - Started o.e.j.w.WebAppContext@769f6023{scm,/,file:///home/runner/work/ozone/ozone/hadoop-ozone/integration-test/target/test-classes/webapps/scm/,AVAILABLE}{file:/home/runner/work/ozone/ozone/hadoop-ozone/integration-test/target/test-classes/webapps/scm}
2022-09-19 13:51:01,860 [Listener at 0.0.0.0/36437] INFO  server.AbstractConnector (AbstractConnector.java:doStart(331)) - Started ServerConnector@5f7bd970{HTTP/1.1, (http/1.1)}{0.0.0.0:33375}
2022-09-19 13:51:01,861 [Listener at 0.0.0.0/36437] INFO  server.Server (Server.java:doStart(415)) - Started @4550ms
2022-09-19 13:51:01,867 [Listener at 0.0.0.0/36437] INFO  impl.MetricsSinkAdapter (MetricsSinkAdapter.java:start(204)) - Sink prometheus started
2022-09-19 13:51:01,867 [Listener at 0.0.0.0/36437] INFO  impl.MetricsSystemImpl (MetricsSystemImpl.java:registerSink(305)) - Registered sink prometheus
2022-09-19 13:51:01,869 [Listener at 0.0.0.0/36437] INFO  http.BaseHttpServer (BaseHttpServer.java:updateConnectorAddress(333)) - HTTP server of scm listening at http://0.0.0.0:33375
2022-09-19 13:51:01,870 [Listener at 0.0.0.0/36437] WARN  server.ServerUtils (ServerUtils.java:getDBPath(225)) - ozone.om.db.dirs is not configured. We recommend adding this setting. Falling back to ozone.metadata.dirs instead.
2022-09-19 13:51:01,928 [Listener at 0.0.0.0/36437] INFO  audit.AuditLogger (AuditLogger.java:refreshDebugCmdSet(126)) - Refresh DebugCmdSet for OMAudit to [].
2022-09-19 13:51:02,021 [Listener at 0.0.0.0/36437] INFO  ha.OMHANodeDetails (OMHANodeDetails.java:loadOMHAConfig(115)) - ozone.om.internal.service.id is not defined, falling back to ozone.om.service.ids to find serviceID for OzoneManager if it is HA enabled cluster
2022-09-19 13:51:02,024 [Listener at 0.0.0.0/36437] INFO  ha.OMHANodeDetails (OMHANodeDetails.java:loadOMHAConfig(226)) - Configuration does not have ozone.om.address set. Falling back to the default OM address /127.0.0.1:0
2022-09-19 13:51:02,025 [Listener at 0.0.0.0/36437] INFO  ha.OMHANodeDetails (OMHANodeDetails.java:getOMNodeDetailsForNonHA(254)) - OM Service ID is not set. Setting it to the default ID: omServiceIdDefault
2022-09-19 13:51:02,025 [Listener at 0.0.0.0/36437] INFO  ha.OMHANodeDetails (OMHANodeDetails.java:getOMNodeDetailsForNonHA(261)) - OM Node ID is not set. Setting it to the default ID: om1
2022-09-19 13:51:02,032 [Listener at 0.0.0.0/36437] WARN  server.ServerUtils (ServerUtils.java:getDBPath(225)) - ozone.om.db.dirs is not configured. We recommend adding this setting. Falling back to ozone.metadata.dirs instead.
2022-09-19 13:51:02,034 [Listener at 0.0.0.0/36437] INFO  upgrade.AbstractLayoutVersionManager (AbstractLayoutVersionManager.java:init(83)) - Initializing Layout version manager with metadata layout = MULTITENANCY_SCHEMA (version = 3), software layout = MULTITENANCY_SCHEMA (version = 3)
2022-09-19 13:51:02,121 [Listener at 0.0.0.0/36437] INFO  reflections.Reflections (Reflections.java:scan(232)) - Reflections took 82 ms to scan 2 urls, producing 153 keys and 427 values [using 2 cores]
2022-09-19 13:51:02,128 [Listener at 0.0.0.0/36437] INFO  upgrade.OMLayoutVersionManager (OMLayoutVersionManager.java:lambda$0(115)) - Skipping Upgrade Action MockOmUpgradeAction since it has been finalized.
2022-09-19 13:51:02,129 [Listener at 0.0.0.0/36437] WARN  server.ServerUtils (ServerUtils.java:getDBPath(225)) - ozone.om.db.dirs is not configured. We recommend adding this setting. Falling back to ozone.metadata.dirs instead.
2022-09-19 13:51:02,302 [Listener at 0.0.0.0/36437] INFO  proxy.SCMBlockLocationFailoverProxyProvider (SCMBlockLocationFailoverProxyProvider.java:<init>(114)) - Created block location fail-over proxy with 1 nodes: [nodeId=scmNodeId,nodeAddress=/0.0.0.0:36083]
2022-09-19 13:51:02,330 [Listener at 0.0.0.0/36437] INFO  proxy.SCMBlockLocationFailoverProxyProvider (SCMBlockLocationFailoverProxyProvider.java:<init>(114)) - Created block location fail-over proxy with 1 nodes: [nodeId=scmNodeId,nodeAddress=/0.0.0.0:36083]
2022-09-19 13:51:02,549 [Listener at 0.0.0.0/36437] WARN  server.ServerUtils (ServerUtils.java:getDBPath(225)) - ozone.om.db.dirs is not configured. We recommend adding this setting. Falling back to ozone.metadata.dirs instead.
2022-09-19 13:51:02,555 [Listener at 0.0.0.0/36437] INFO  codec.OmKeyInfoCodec (OmKeyInfoCodec.java:<init>(49)) - OmKeyInfoCodec ignorePipeline = true
2022-09-19 13:51:02,556 [Listener at 0.0.0.0/36437] INFO  codec.RepeatedOmKeyInfoCodec (RepeatedOmKeyInfoCodec.java:<init>(41)) - RepeatedOmKeyInfoCodec ignorePipeline = true
2022-09-19 13:51:02,707 [Listener at 0.0.0.0/36437] INFO  om.OzoneManager (OzoneManager.java:instantiateServices(707)) - S3 Multi-Tenancy is disabled
2022-09-19 13:51:02,792 [Listener at 0.0.0.0/36437] INFO  om.OzoneManager (OzoneManager.java:addS3GVolumeToDB(4298)) - Created Volume s3v With Owner runner required for S3Gateway operations.
2022-09-19 13:51:02,853 [Listener at 0.0.0.0/36437] WARN  server.ServerUtils (ServerUtils.java:getDefaultRatisDirectory(237)) - Storage directory for Ratis is not configured. It is a good idea to map this to an SSD disk. Falling back to ozone.metadata.dirs
2022-09-19 13:51:02,853 [Listener at 0.0.0.0/36437] WARN  utils.OzoneManagerRatisUtils (OzoneManagerRatisUtils.java:getOMRatisSnapshotDirectory(434)) - ozone.om.ratis.snapshot.dir is not configured. Falling back to ozone.metadata.dirs config
2022-09-19 13:51:02,875 [Listener at 0.0.0.0/36437] WARN  server.ServerUtils (ServerUtils.java:getDefaultRatisDirectory(237)) - Storage directory for Ratis is not configured. It is a good idea to map this to an SSD disk. Falling back to ozone.metadata.dirs
2022-09-19 13:51:02,904 [Listener at 0.0.0.0/36437] INFO  ratis.OzoneManagerRatisServer (OzoneManagerRatisServer.java:<init>(159)) - Instantiating OM Ratis server with groupID: omServiceIdDefault and peers: localhost:9872
2022-09-19 13:51:02,914 [Listener at 0.0.0.0/36437] INFO  ratis.OzoneManagerStateMachine (OzoneManagerStateMachine.java:loadSnapshotInfoFromDB(632)) - LastAppliedIndex is set from TransactionInfo from OM DB as (t:0, i:~)
2022-09-19 13:51:02,990 [Listener at 0.0.0.0/36437] INFO  server.RaftServer (ConfUtils.java:logGet(46)) - raft.rpc.type = GRPC (default)
2022-09-19 13:51:03,081 [Listener at 0.0.0.0/36437] INFO  grpc.GrpcFactory (GrpcFactory.java:checkPooledByteBufAllocatorUseCacheForAllThreads(48)) - PERFORMANCE WARNING: useCacheForAllThreads is true that may cause Netty to create a lot garbage objects and, as a result, trigger GC.
	It is recommended to disable useCacheForAllThreads by setting -Dorg.apache.ratis.thirdparty.io.netty.allocator.useCacheForAllThreads=false in command line.
2022-09-19 13:51:03,086 [Listener at 0.0.0.0/36437] INFO  grpc.GrpcConfigKeys (ConfUtils.java:logGet(46)) - raft.grpc.admin.port = -1 (default)
2022-09-19 13:51:03,086 [Listener at 0.0.0.0/36437] INFO  grpc.GrpcConfigKeys (ConfUtils.java:logGet(46)) - raft.grpc.server.port = 9872 (custom)
2022-09-19 13:51:03,087 [Listener at 0.0.0.0/36437] INFO  grpc.GrpcConfigKeys (ConfUtils.java:logGet(46)) - raft.grpc.client.port = -1 (default)
2022-09-19 13:51:03,087 [Listener at 0.0.0.0/36437] INFO  grpc.GrpcConfigKeys (ConfUtils.java:logGet(46)) - raft.grpc.server.port = 9872 (custom)
2022-09-19 13:51:03,087 [Listener at 0.0.0.0/36437] INFO  grpc.GrpcConfigKeys (ConfUtils.java:logGet(46)) - raft.grpc.server.port = 9872 (custom)
2022-09-19 13:51:03,088 [Listener at 0.0.0.0/36437] INFO  server.GrpcService (ConfUtils.java:logGet(46)) - raft.grpc.message.size.max = 33554432 (custom)
2022-09-19 13:51:03,089 [Listener at 0.0.0.0/36437] INFO  server.RaftServerConfigKeys (ConfUtils.java:logGet(46)) - raft.server.log.appender.buffer.byte-limit = 33554432 (custom)
2022-09-19 13:51:03,089 [Listener at 0.0.0.0/36437] INFO  server.GrpcService (ConfUtils.java:logGet(46)) - raft.grpc.flow.control.window = 1MB (=1048576) (default)
2022-09-19 13:51:03,090 [Listener at 0.0.0.0/36437] INFO  server.RaftServerConfigKeys (ConfUtils.java:logGet(46)) - raft.server.rpc.request.timeout = 3000ms (default)
2022-09-19 13:51:03,108 [Listener at 0.0.0.0/36437] INFO  grpc.GrpcConfigKeys (ConfUtils.java:logGet(46)) - raft.grpc.server.async.request.thread.pool.cached = true (default)
2022-09-19 13:51:03,109 [Listener at 0.0.0.0/36437] INFO  grpc.GrpcConfigKeys (ConfUtils.java:logGet(46)) - raft.grpc.server.async.request.thread.pool.size = 32 (default)
2022-09-19 13:51:03,435 [Listener at 0.0.0.0/36437] INFO  impl.DataStreamServerImpl (ConfUtils.java:logGet(46)) - raft.datastream.type = DISABLED (default)
2022-09-19 13:51:03,438 [Listener at 0.0.0.0/36437] INFO  server.RaftServerConfigKeys (ConfUtils.java:logGet(46)) - raft.server.threadpool.proxy.cached = true (default)
2022-09-19 13:51:03,439 [Listener at 0.0.0.0/36437] INFO  server.RaftServerConfigKeys (ConfUtils.java:logGet(46)) - raft.server.threadpool.proxy.size = 0 (default)
2022-09-19 13:51:03,439 [Listener at 0.0.0.0/36437] INFO  server.RaftServerConfigKeys (ConfUtils.java:logGet(46)) - raft.server.rpc.slowness.timeout = 120s (custom)
2022-09-19 13:51:03,439 [Listener at 0.0.0.0/36437] INFO  server.RaftServerConfigKeys (ConfUtils.java:logGet(46)) - raft.server.leaderelection.leader.step-down.wait-time = 10s (default)
2022-09-19 13:51:03,442 [Listener at 0.0.0.0/36437] INFO  server.RaftServerConfigKeys (ConfUtils.java:logGet(46)) - raft.server.storage.dir = [/home/runner/work/ozone/ozone/hadoop-ozone/integration-test/target/test-dir/MiniOzoneClusterImpl-dbfde215-b7d4-4534-b4eb-abad1aeb9004/ozone-meta/ratis] (custom)
2022-09-19 13:51:03,454 [Listener at 0.0.0.0/36437] INFO  server.RaftServer (RaftServerProxy.java:addNew(96)) - om1: addNew group-C5BA1605619E:[om1|rpc:localhost:9872|priority:0] returns group-C5BA1605619E:java.util.concurrent.CompletableFuture@16204061[Not completed]
2022-09-19 13:51:03,454 [Listener at 0.0.0.0/36437] INFO  om.OzoneManager (OzoneManager.java:initializeRatisServer(1973)) - OzoneManager Ratis server initialized at port 9872
2022-09-19 13:51:03,472 [Listener at 0.0.0.0/36437] INFO  om.OzoneManager (OzoneManager.java:getRpcServer(1096)) - Creating RPC Server
2022-09-19 13:51:03,483 [pool-55-thread-1] INFO  server.RaftServer$Division (RaftServerImpl.java:<init>(190)) - om1: new RaftServerImpl for group-C5BA1605619E:[om1|rpc:localhost:9872|priority:0] with OzoneManagerStateMachine:uninitialized
2022-09-19 13:51:03,486 [pool-55-thread-1] INFO  server.RaftServerConfigKeys (ConfUtils.java:logGet(46)) - raft.server.rpc.timeout.min = 1s (custom)
2022-09-19 13:51:03,486 [pool-55-thread-1] INFO  server.RaftServerConfigKeys (ConfUtils.java:logGet(46)) - raft.server.rpc.timeout.max = 1200ms (custom)
2022-09-19 13:51:03,486 [pool-55-thread-1] INFO  server.RaftServerConfigKeys (ConfUtils.java:logGet(46)) - raft.server.rpc.sleep.time = 25ms (default)
2022-09-19 13:51:03,486 [pool-55-thread-1] INFO  server.RaftServerConfigKeys (ConfUtils.java:logGet(46)) - raft.server.rpc.slowness.timeout = 120s (custom)
2022-09-19 13:51:03,486 [pool-55-thread-1] INFO  server.RaftServerConfigKeys (ConfUtils.java:logGet(46)) - raft.server.leaderelection.leader.step-down.wait-time = 10s (default)
2022-09-19 13:51:03,486 [pool-55-thread-1] INFO  server.RaftServerConfigKeys (ConfUtils.java:logGet(46)) - raft.server.sleep.deviation.threshold = 300ms (default)
2022-09-19 13:51:03,503 [pool-55-thread-1] INFO  server.RaftServer$Division (ServerState.java:<init>(107)) - om1@group-C5BA1605619E: ConfigurationManager, init=-1: [om1|rpc:localhost:9872|priority:0], old=null, confs=<EMPTY_MAP>
2022-09-19 13:51:03,503 [pool-55-thread-1] INFO  server.RaftServerConfigKeys (ConfUtils.java:logGet(46)) - raft.server.storage.dir = [/home/runner/work/ozone/ozone/hadoop-ozone/integration-test/target/test-dir/MiniOzoneClusterImpl-dbfde215-b7d4-4534-b4eb-abad1aeb9004/ozone-meta/ratis] (custom)
2022-09-19 13:51:03,517 [pool-55-thread-1] INFO  server.RaftServerConfigKeys (ConfUtils.java:logGet(46)) - raft.server.log.corruption.policy = EXCEPTION (default)
2022-09-19 13:51:03,517 [pool-55-thread-1] INFO  server.RaftServerConfigKeys (ConfUtils.java:logGet(46)) - raft.server.storage.free-space.min = 0MB (=0) (default)
2022-09-19 13:51:03,519 [pool-55-thread-1] INFO  storage.RaftStorageDirectory (RaftStorageDirectoryImpl.java:analyzeStorage(135)) - The storage directory /home/runner/work/ozone/ozone/hadoop-ozone/integration-test/target/test-dir/MiniOzoneClusterImpl-dbfde215-b7d4-4534-b4eb-abad1aeb9004/ozone-meta/ratis/bf265839-605b-3f16-9796-c5ba1605619e does not exist. Creating ...
2022-09-19 13:51:03,527 [pool-55-thread-1] INFO  storage.RaftStorageDirectory (RaftStorageDirectoryImpl.java:tryLock(230)) - Lock on /home/runner/work/ozone/ozone/hadoop-ozone/integration-test/target/test-dir/MiniOzoneClusterImpl-dbfde215-b7d4-4534-b4eb-abad1aeb9004/ozone-meta/ratis/bf265839-605b-3f16-9796-c5ba1605619e/in_use.lock acquired by nodename 83439@fv-az196-500
2022-09-19 13:51:03,545 [pool-55-thread-1] INFO  storage.RaftStorage (RaftStorageImpl.java:format(89)) - Storage directory /home/runner/work/ozone/ozone/hadoop-ozone/integration-test/target/test-dir/MiniOzoneClusterImpl-dbfde215-b7d4-4534-b4eb-abad1aeb9004/ozone-meta/ratis/bf265839-605b-3f16-9796-c5ba1605619e has been successfully formatted.
2022-09-19 13:51:03,551 [pool-55-thread-1] INFO  server.RaftServerConfigKeys (ConfUtils.java:logGet(46)) - raft.server.notification.no-leader.timeout = 120s (custom)
2022-09-19 13:51:03,555 [pool-55-thread-1] INFO  server.RaftServerConfigKeys (ConfUtils.java:logGet(46)) - raft.server.log.use.memory = false (default)
2022-09-19 13:51:03,566 [pool-55-thread-1] INFO  server.RaftServerConfigKeys (ConfUtils.java:logGet(46)) - raft.server.log.purge.gap = 1000000 (custom)
2022-09-19 13:51:03,567 [pool-55-thread-1] INFO  server.RaftServerConfigKeys (ConfUtils.java:logGet(46)) - raft.server.log.appender.buffer.byte-limit = 33554432 (custom)
2022-09-19 13:51:03,569 [pool-55-thread-1] INFO  server.RaftServerConfigKeys (ConfUtils.java:logGet(46)) - raft.server.log.statemachine.data.read.timeout = 1000ms (default)
2022-09-19 13:51:03,616 [pool-55-thread-1] INFO  server.RaftServerConfigKeys (ConfUtils.java:logGet(46)) - raft.server.log.segment.size.max = 4194304 (custom)
2022-09-19 13:51:03,639 [pool-55-thread-1] INFO  server.RaftServerConfigKeys (ConfUtils.java:logGet(46)) - raft.server.log.segment.cache.num.max = 2 (custom)
2022-09-19 13:51:03,640 [pool-55-thread-1] INFO  server.RaftServerConfigKeys (ConfUtils.java:logGet(46)) - raft.server.log.segment.cache.size.max = 200MB (=209715200) (default)
2022-09-19 13:51:03,667 [pool-55-thread-1] INFO  segmented.SegmentedRaftLogWorker (SegmentedRaftLogWorker.java:<init>(187)) - new om1@group-C5BA1605619E-SegmentedRaftLogWorker for RaftStorageImpl:Storage Directory /home/runner/work/ozone/ozone/hadoop-ozone/integration-test/target/test-dir/MiniOzoneClusterImpl-dbfde215-b7d4-4534-b4eb-abad1aeb9004/ozone-meta/ratis/bf265839-605b-3f16-9796-c5ba1605619e
2022-09-19 13:51:03,668 [pool-55-thread-1] INFO  server.RaftServerConfigKeys (ConfUtils.java:logGet(46)) - raft.server.log.queue.byte-limit = 64MB (=67108864) (default)
2022-09-19 13:51:03,668 [pool-55-thread-1] INFO  server.RaftServerConfigKeys (ConfUtils.java:logGet(46)) - raft.server.log.queue.element-limit = 4096 (default)
2022-09-19 13:51:03,680 [pool-55-thread-1] INFO  server.RaftServerConfigKeys (ConfUtils.java:logGet(46)) - raft.server.log.segment.size.max = 4194304 (custom)
2022-09-19 13:51:03,681 [pool-55-thread-1] INFO  server.RaftServerConfigKeys (ConfUtils.java:logGet(46)) - raft.server.log.preallocated.size = 4194304 (custom)
2022-09-19 13:51:03,681 [pool-55-thread-1] INFO  server.RaftServerConfigKeys (ConfUtils.java:logGet(46)) - raft.server.log.force.sync.num = 128 (default)
2022-09-19 13:51:03,683 [pool-55-thread-1] INFO  server.RaftServerConfigKeys (ConfUtils.java:logGet(46)) - raft.server.log.statemachine.data.sync = true (default)
2022-09-19 13:51:03,683 [pool-55-thread-1] INFO  server.RaftServerConfigKeys (ConfUtils.java:logGet(46)) - raft.server.log.statemachine.data.sync.timeout = 10s (default)
2022-09-19 13:51:03,683 [pool-55-thread-1] INFO  server.RaftServerConfigKeys (ConfUtils.java:logGet(46)) - raft.server.log.statemachine.data.sync.timeout.retry = -1 (default)
2022-09-19 13:51:03,708 [pool-55-thread-1] INFO  server.RaftServerConfigKeys (ConfUtils.java:logGet(46)) - raft.server.log.write.buffer.size = 64KB (=65536) (default)
2022-09-19 13:51:03,709 [pool-55-thread-1] INFO  server.RaftServerConfigKeys (ConfUtils.java:logGet(46)) - raft.server.log.unsafe-flush.enabled = false (default)
2022-09-19 13:51:03,709 [pool-55-thread-1] INFO  server.RaftServerConfigKeys (ConfUtils.java:logGet(46)) - raft.server.log.statemachine.data.caching.enabled = false (default)
2022-09-19 13:51:03,732 [pool-55-thread-1] INFO  segmented.SegmentedRaftLogWorker (SegmentedRaftLogWorker.java:lambda$new$0(135)) - om1@group-C5BA1605619E-SegmentedRaftLogWorker: flushIndex: setUnconditionally 0 -> -1
2022-09-19 13:51:03,732 [pool-55-thread-1] INFO  segmented.SegmentedRaftLogWorker (SegmentedRaftLogWorker.java:lambda$new$0(135)) - om1@group-C5BA1605619E-SegmentedRaftLogWorker: safeCacheEvictIndex: setUnconditionally 0 -> -1
2022-09-19 13:51:03,744 [pool-55-thread-1] INFO  server.RaftServerConfigKeys (ConfUtils.java:logGet(46)) - raft.server.snapshot.auto.trigger.enabled = true (custom)
2022-09-19 13:51:03,746 [pool-55-thread-1] INFO  server.RaftServerConfigKeys (ConfUtils.java:logGet(46)) - raft.server.snapshot.auto.trigger.threshold = 400000 (default)
2022-09-19 13:51:03,747 [pool-55-thread-1] INFO  server.RaftServerConfigKeys (ConfUtils.java:logGet(46)) - raft.server.snapshot.retention.file.num = -1 (default)
2022-09-19 13:51:03,749 [pool-55-thread-1] INFO  server.RaftServerConfigKeys (ConfUtils.java:logGet(46)) - raft.server.log.purge.upto.snapshot.index = true (custom)
2022-09-19 13:51:03,752 [pool-55-thread-1] INFO  server.RaftServerConfigKeys (ConfUtils.java:logGet(46)) - raft.server.retrycache.expirytime = 300s (custom)
2022-09-19 13:51:03,752 [pool-55-thread-1] INFO  server.RaftServerConfigKeys (ConfUtils.java:logGet(46)) - raft.server.retrycache.statistics.expirytime = 100μs (default)
2022-09-19 13:51:03,937 [pool-55-thread-1] INFO  server.RaftServerConfigKeys (ConfUtils.java:logGet(46)) - raft.server.log.appender.install.snapshot.enabled = false (custom)
2022-09-19 13:51:03,940 [pool-55-thread-1] INFO  server.RaftServerConfigKeys (ConfUtils.java:logGet(46)) - raft.server.threadpool.server.cached = true (default)
2022-09-19 13:51:03,940 [pool-55-thread-1] INFO  server.RaftServerConfigKeys (ConfUtils.java:logGet(46)) - raft.server.threadpool.server.size = 0 (default)
2022-09-19 13:51:03,940 [pool-55-thread-1] INFO  server.RaftServerConfigKeys (ConfUtils.java:logGet(46)) - raft.server.threadpool.client.cached = true (default)
2022-09-19 13:51:03,941 [pool-55-thread-1] INFO  server.RaftServerConfigKeys (ConfUtils.java:logGet(46)) - raft.server.threadpool.client.size = 0 (default)
2022-09-19 13:51:04,220 [Listener at 0.0.0.0/36437] INFO  reflections.Reflections (Reflections.java:scan(232)) - Reflections took 664 ms to scan 19 urls, producing 67 keys and 4186 values [using 2 cores]
2022-09-19 13:51:04,559 [Listener at 0.0.0.0/36437] INFO  ipc.CallQueueManager (CallQueueManager.java:<init>(90)) - Using callQueue: class java.util.concurrent.LinkedBlockingQueue, queueCapacity: 2000, scheduler: class org.apache.hadoop.ipc.DefaultRpcScheduler, ipcBackoff: false.
2022-09-19 13:51:04,560 [Socket Reader #1 for port 0] INFO  ipc.Server (Server.java:run(1265)) - Starting Socket Reader #1 for port 0
2022-09-19 13:51:04,607 [Listener at 127.0.0.1/46843] INFO  impl.MetricsSystemImpl (MetricsSystemImpl.java:init(158)) - OzoneManager metrics system started (again)
2022-09-19 13:51:04,622 [Listener at 127.0.0.1/46843] INFO  om.OzoneManager (OzoneManager.java:start(1480)) - OzoneManager RPC server is listening at localhost/127.0.0.1:46843
2022-09-19 13:51:04,622 [Listener at 127.0.0.1/46843] INFO  ratis.OzoneManagerRatisServer (OzoneManagerRatisServer.java:start(554)) - Starting OzoneManagerRatisServer om1 at port 9872
2022-09-19 13:51:04,625 [om1-impl-thread1] INFO  server.RaftServer$Division (RaftServerImpl.java:start(310)) - om1@group-C5BA1605619E: start as a follower, conf=-1: [om1|rpc:localhost:9872|priority:0], old=null
2022-09-19 13:51:04,626 [om1-impl-thread1] INFO  server.RaftServer$Division (RaftServerImpl.java:setRole(299)) - om1@group-C5BA1605619E: changes role from      null to FOLLOWER at term 0 for startAsFollower
2022-09-19 13:51:04,627 [om1-impl-thread1] INFO  impl.RoleInfo (RoleInfo.java:updateAndGet(139)) - om1: start om1@group-C5BA1605619E-FollowerState
2022-09-19 13:51:04,629 [om1-impl-thread1] INFO  util.JmxRegister (JmxRegister.java:tryRegister(44)) - Successfully registered JMX Bean with object name Ratis:service=RaftServer,group=group-C5BA1605619E,id=om1
2022-09-19 13:51:04,635 [Listener at 127.0.0.1/46843] INFO  server.RaftServer (RaftServerProxy.java:lambda$start$6(382)) - om1: start RPC server
2022-09-19 13:51:04,702 [Listener at 127.0.0.1/46843] INFO  server.GrpcService (GrpcService.java:startImpl(260)) - om1: GrpcService started, listening on 9872
2022-09-19 13:51:04,706 [Listener at 127.0.0.1/46843] INFO  om.OzoneManager (OzoneManager.java:start(1496)) - Version File has different layout version (3) than OM DB (null). That is expected if this OM has never been finalized to a newer layout version.
2022-09-19 13:51:04,708 [org.apache.ratis.util.JvmPauseMonitor$$Lambda$618/1511774092@2560add9] INFO  util.JvmPauseMonitor (JvmPauseMonitor.java:run(103)) - JvmPauseMonitor-om1: Started
2022-09-19 13:51:04,725 [Listener at 127.0.0.1/46843] INFO  http.BaseHttpServer (BaseHttpServer.java:newHttpServer2BuilderForOzone(213)) - Starting Web-server for ozoneManager at: http://0.0.0.0:0
2022-09-19 13:51:04,725 [Listener at 127.0.0.1/46843] INFO  http.BaseHttpServer (BaseHttpServer.java:<init>(108)) - Hadoop Security Enabled: false Ozone Security Enabled: false Ozone HTTP Security Enabled: false 
2022-09-19 13:51:04,727 [Listener at 127.0.0.1/46843] INFO  server.AuthenticationFilter (AuthenticationFilter.java:constructSecretProvider(240)) - Unable to initialize FileSignerSecretProvider, falling back to use random secrets.
2022-09-19 13:51:04,728 [Listener at 127.0.0.1/46843] WARN  http.HttpRequestLog (HttpRequestLog.java:getRequestLog(103)) - Jetty request log can only be enabled using Log4j
2022-09-19 13:51:04,730 [Listener at 127.0.0.1/46843] INFO  http.HttpServer2 (HttpServer2.java:addGlobalFilter(1029)) - Added global filter 'safety' (class=org.apache.hadoop.hdds.server.http.HttpServer2$QuotingInputFilter)
2022-09-19 13:51:04,731 [Listener at 127.0.0.1/46843] INFO  http.HttpServer2 (HttpServer2.java:addFilter(1005)) - Added filter static_user_filter (class=org.apache.hadoop.http.lib.StaticUserWebFilter$StaticUserFilter) to context ozoneManager
2022-09-19 13:51:04,731 [Listener at 127.0.0.1/46843] INFO  http.HttpServer2 (HttpServer2.java:addFilter(1013)) - Added filter static_user_filter (class=org.apache.hadoop.http.lib.StaticUserWebFilter$StaticUserFilter) to context static
2022-09-19 13:51:04,731 [Listener at 127.0.0.1/46843] INFO  http.HttpServer2 (HttpServer2.java:addFilter(1013)) - Added filter static_user_filter (class=org.apache.hadoop.http.lib.StaticUserWebFilter$StaticUserFilter) to context logs
2022-09-19 13:51:04,733 [Listener at 127.0.0.1/46843] INFO  http.HttpServer2 (HttpServer2.java:bindListener(1248)) - Jetty bound to port 46671
2022-09-19 13:51:04,733 [Listener at 127.0.0.1/46843] INFO  server.Server (Server.java:doStart(375)) - jetty-9.4.43.v20210629; built: 2021-06-30T11:07:22.254Z; git: 526006ecfa3af7f1a27ef3a288e2bef7ea9dd7e8; jvm 1.8.0_345-b01
2022-09-19 13:51:04,744 [Listener at 127.0.0.1/46843] INFO  server.session (DefaultSessionIdManager.java:doStart(334)) - DefaultSessionIdManager workerName=node0
2022-09-19 13:51:04,744 [Listener at 127.0.0.1/46843] INFO  server.session (DefaultSessionIdManager.java:doStart(339)) - No SessionScavenger set, using defaults
2022-09-19 13:51:04,744 [Listener at 127.0.0.1/46843] INFO  server.session (HouseKeeper.java:startScavenging(132)) - node0 Scavenging every 660000ms
2022-09-19 13:51:04,745 [Listener at 127.0.0.1/46843] INFO  handler.ContextHandler (ContextHandler.java:doStart(915)) - Started o.e.j.s.ServletContextHandler@41a3a2fd{logs,/logs,file:///home/runner/work/ozone/ozone/hadoop-ozone/integration-test/target/log,AVAILABLE}
2022-09-19 13:51:04,746 [Listener at 127.0.0.1/46843] INFO  handler.ContextHandler (ContextHandler.java:doStart(915)) - Started o.e.j.s.ServletContextHandler@7fef7c55{static,/static,file:///home/runner/work/ozone/ozone/hadoop-ozone/integration-test/target/test-classes/webapps/static,AVAILABLE}
2022-09-19 13:51:04,750 [Listener at 127.0.0.1/46843] INFO  handler.ContextHandler (ContextHandler.java:doStart(915)) - Started o.e.j.w.WebAppContext@1cdb3a1d{ozoneManager,/,file:///home/runner/work/ozone/ozone/hadoop-ozone/integration-test/target/test-classes/webapps/ozoneManager/,AVAILABLE}{file:/home/runner/work/ozone/ozone/hadoop-ozone/integration-test/target/test-classes/webapps/ozoneManager}
2022-09-19 13:51:04,751 [Listener at 127.0.0.1/46843] INFO  server.AbstractConnector (AbstractConnector.java:doStart(331)) - Started ServerConnector@1c93530b{HTTP/1.1, (http/1.1)}{0.0.0.0:46671}
2022-09-19 13:51:04,751 [Listener at 127.0.0.1/46843] INFO  server.Server (Server.java:doStart(415)) - Started @7440ms
2022-09-19 13:51:04,751 [Listener at 127.0.0.1/46843] WARN  impl.MetricsSystemImpl (MetricsSystemImpl.java:register(279)) - Sink prometheus already exists!
2022-09-19 13:51:04,752 [Listener at 127.0.0.1/46843] INFO  http.BaseHttpServer (BaseHttpServer.java:updateConnectorAddress(333)) - HTTP server of ozoneManager listening at http://0.0.0.0:46671
2022-09-19 13:51:04,752 [IPC Server Responder] INFO  ipc.Server (Server.java:run(1507)) - IPC Server Responder: starting
2022-09-19 13:51:04,752 [IPC Server listener on 0] INFO  ipc.Server (Server.java:run(1344)) - IPC Server listener on 0: starting
2022-09-19 13:51:04,755 [Listener at 127.0.0.1/46843] INFO  om.OzoneManager (OzoneManager.java:startTrashEmptier(1917)) - Trash Interval set to 0. Files deleted won't move to trash
2022-09-19 13:51:04,773 [org.apache.hadoop.util.JvmPauseMonitor$Monitor@47a74bd0] INFO  util.JvmPauseMonitor (JvmPauseMonitor.java:run(188)) - Starting JVM pause monitor
2022-09-19 13:51:04,955 [Listener at 127.0.0.1/46843] WARN  impl.MetricRegistriesImpl (MetricRegistriesImpl.java:addReporterRegistration(111)) - New reporters are added after registries were created. Some metrics will be missing from the reporter. Please add reporter before adding any new registry.
2022-09-19 13:51:04,955 [Listener at 127.0.0.1/46843] WARN  impl.MetricRegistriesImpl (MetricRegistriesImpl.java:addReporterRegistration(111)) - New reporters are added after registries were created. Some metrics will be missing from the reporter. Please add reporter before adding any new registry.
2022-09-19 13:51:04,956 [Listener at 127.0.0.1/46843] INFO  impl.MetricsSystemImpl (MetricsSystemImpl.java:init(158)) - HddsDatanode metrics system started (again)
2022-09-19 13:51:04,975 [Listener at 127.0.0.1/46843] INFO  ozone.HddsDatanodeService (HddsDatanodeService.java:start(236)) - HddsDatanodeService host:fv-az196-500.jtpmctcvnzqejnuy0st5dkw3nb.bx.internal.cloudapp.net ip:10.1.0.102
2022-09-19 13:51:05,012 [Listener at 127.0.0.1/46843] INFO  upgrade.AbstractLayoutVersionManager (AbstractLayoutVersionManager.java:init(83)) - Initializing Layout version manager with metadata layout = DATANODE_SCHEMA_V3 (version = 4), software layout = DATANODE_SCHEMA_V3 (version = 4)
2022-09-19 13:51:05,058 [Listener at 127.0.0.1/46843] INFO  reflections.Reflections (Reflections.java:scan(232)) - Reflections took 44 ms to scan 7 urls, producing 135 keys and 327 values 
2022-09-19 13:51:05,065 [Listener at 127.0.0.1/46843] INFO  statemachine.DatanodeStateMachine (DatanodeStateMachine.java:getEndPointTaskThreadPoolSize(237)) - Datanode State Machine Task Thread Pool size 2
2022-09-19 13:51:05,136 [Listener at 127.0.0.1/46843] INFO  volume.HddsVolume (HddsVolume.java:<init>(117)) - Creating HddsVolume: /home/runner/work/ozone/ozone/hadoop-ozone/integration-test/target/test-dir/MiniOzoneClusterImpl-dbfde215-b7d4-4534-b4eb-abad1aeb9004/datanode-0/data-0/containers/hdds of storage type : DISK capacity : 9223372036854775807
2022-09-19 13:51:05,138 [Listener at 127.0.0.1/46843] INFO  volume.MutableVolumeSet (MutableVolumeSet.java:initializeVolumeSet(174)) - Added Volume : /home/runner/work/ozone/ozone/hadoop-ozone/integration-test/target/test-dir/MiniOzoneClusterImpl-dbfde215-b7d4-4534-b4eb-abad1aeb9004/datanode-0/data-0/containers/hdds to VolumeSet
2022-09-19 13:51:05,139 [Listener at 127.0.0.1/46843] INFO  volume.ThrottledAsyncChecker (ThrottledAsyncChecker.java:schedule(141)) - Scheduling a check for /home/runner/work/ozone/ozone/hadoop-ozone/integration-test/target/test-dir/MiniOzoneClusterImpl-dbfde215-b7d4-4534-b4eb-abad1aeb9004/datanode-0/data-0/containers/hdds
2022-09-19 13:51:05,158 [Listener at 127.0.0.1/46843] INFO  volume.StorageVolumeChecker (StorageVolumeChecker.java:checkAllVolumes(202)) - Scheduled health check for volume /home/runner/work/ozone/ozone/hadoop-ozone/integration-test/target/test-dir/MiniOzoneClusterImpl-dbfde215-b7d4-4534-b4eb-abad1aeb9004/datanode-0/data-0/containers/hdds
2022-09-19 13:51:05,175 [Listener at 127.0.0.1/46843] INFO  volume.MutableVolumeSet (MutableVolumeSet.java:initializeVolumeSet(174)) - Added Volume : /home/runner/work/ozone/ozone/hadoop-ozone/integration-test/target/test-dir/MiniOzoneClusterImpl-dbfde215-b7d4-4534-b4eb-abad1aeb9004/datanode-0/data/ratis to VolumeSet
2022-09-19 13:51:05,175 [Listener at 127.0.0.1/46843] INFO  volume.ThrottledAsyncChecker (ThrottledAsyncChecker.java:schedule(141)) - Scheduling a check for /home/runner/work/ozone/ozone/hadoop-ozone/integration-test/target/test-dir/MiniOzoneClusterImpl-dbfde215-b7d4-4534-b4eb-abad1aeb9004/datanode-0/data/ratis
2022-09-19 13:51:05,175 [Listener at 127.0.0.1/46843] INFO  volume.StorageVolumeChecker (StorageVolumeChecker.java:checkAllVolumes(202)) - Scheduled health check for volume /home/runner/work/ozone/ozone/hadoop-ozone/integration-test/target/test-dir/MiniOzoneClusterImpl-dbfde215-b7d4-4534-b4eb-abad1aeb9004/datanode-0/data/ratis
2022-09-19 13:51:05,198 [Thread-136] INFO  ozoneimpl.ContainerReader (ContainerReader.java:readVolume(175)) - Finish verifying containers on volume /home/runner/work/ozone/ozone/hadoop-ozone/integration-test/target/test-dir/MiniOzoneClusterImpl-dbfde215-b7d4-4534-b4eb-abad1aeb9004/datanode-0/data-0/containers/hdds
2022-09-19 13:51:05,199 [Listener at 127.0.0.1/46843] INFO  ozoneimpl.OzoneContainer (OzoneContainer.java:buildContainerSet(300)) - Build ContainerSet costs 0s
2022-09-19 13:51:05,246 [Listener at 127.0.0.1/46843] INFO  audit.AuditLogger (AuditLogger.java:refreshDebugCmdSet(126)) - Refresh DebugCmdSet for DNAudit to [].
2022-09-19 13:51:05,277 [Listener at 127.0.0.1/46843] INFO  server.RaftServer (ConfUtils.java:logGet(46)) - raft.rpc.type = GRPC (default)
2022-09-19 13:51:05,277 [Listener at 127.0.0.1/46843] INFO  grpc.GrpcFactory (GrpcFactory.java:checkPooledByteBufAllocatorUseCacheForAllThreads(48)) - PERFORMANCE WARNING: useCacheForAllThreads is true that may cause Netty to create a lot garbage objects and, as a result, trigger GC.
	It is recommended to disable useCacheForAllThreads by setting -Dorg.apache.ratis.thirdparty.io.netty.allocator.useCacheForAllThreads=false in command line.
2022-09-19 13:51:05,277 [Listener at 127.0.0.1/46843] INFO  grpc.GrpcConfigKeys (ConfUtils.java:logGet(46)) - raft.grpc.admin.port = 0 (custom)
2022-09-19 13:51:05,277 [Listener at 127.0.0.1/46843] INFO  grpc.GrpcConfigKeys (ConfUtils.java:logGet(46)) - raft.grpc.client.port = 0 (custom)
2022-09-19 13:51:05,278 [Listener at 127.0.0.1/46843] INFO  grpc.GrpcConfigKeys (ConfUtils.java:logGet(46)) - raft.grpc.server.port = 0 (default)
2022-09-19 13:51:05,278 [Listener at 127.0.0.1/46843] INFO  server.GrpcService (ConfUtils.java:logGet(46)) - raft.grpc.message.size.max = 32MB (=33554432) (custom)
2022-09-19 13:51:05,278 [Listener at 127.0.0.1/46843] INFO  server.RaftServerConfigKeys (ConfUtils.java:logGet(46)) - raft.server.log.appender.buffer.byte-limit = 33554432 (custom)
2022-09-19 13:51:05,278 [Listener at 127.0.0.1/46843] INFO  server.GrpcService (ConfUtils.java:logGet(46)) - raft.grpc.flow.control.window = 5MB (=5242880) (custom)
2022-09-19 13:51:05,278 [Listener at 127.0.0.1/46843] INFO  server.RaftServerConfigKeys (ConfUtils.java:logGet(46)) - raft.server.rpc.request.timeout = 60s (custom)
2022-09-19 13:51:05,278 [Listener at 127.0.0.1/46843] INFO  grpc.GrpcConfigKeys (ConfUtils.java:logGet(46)) - raft.grpc.server.async.request.thread.pool.cached = true (default)
2022-09-19 13:51:05,278 [Listener at 127.0.0.1/46843] INFO  grpc.GrpcConfigKeys (ConfUtils.java:logGet(46)) - raft.grpc.server.async.request.thread.pool.size = 32 (default)
2022-09-19 13:51:05,280 [Listener at 127.0.0.1/46843] INFO  impl.DataStreamServerImpl (ConfUtils.java:logGet(46)) - raft.datastream.type = DISABLED (default)
2022-09-19 13:51:05,280 [Listener at 127.0.0.1/46843] INFO  server.RaftServerConfigKeys (ConfUtils.java:logGet(46)) - raft.server.threadpool.proxy.cached = true (default)
2022-09-19 13:51:05,280 [Listener at 127.0.0.1/46843] INFO  server.RaftServerConfigKeys (ConfUtils.java:logGet(46)) - raft.server.threadpool.proxy.size = 0 (default)
2022-09-19 13:51:05,280 [Listener at 127.0.0.1/46843] INFO  server.RaftServerConfigKeys (ConfUtils.java:logGet(46)) - raft.server.rpc.slowness.timeout = 300s (custom)
2022-09-19 13:51:05,281 [Listener at 127.0.0.1/46843] INFO  server.RaftServerConfigKeys (ConfUtils.java:logGet(46)) - raft.server.leaderelection.leader.step-down.wait-time = 10s (default)
2022-09-19 13:51:05,281 [Listener at 127.0.0.1/46843] INFO  server.RaftServerConfigKeys (ConfUtils.java:logGet(46)) - raft.server.storage.dir = [/home/runner/work/ozone/ozone/hadoop-ozone/integration-test/target/test-dir/MiniOzoneClusterImpl-dbfde215-b7d4-4534-b4eb-abad1aeb9004/datanode-0/data/ratis] (custom)
2022-09-19 13:51:05,301 [Listener at 127.0.0.1/46843] INFO  server.XceiverServerGrpc (XceiverServerGrpc.java:<init>(132)) - GrpcServer channel type EpollServerSocketChannel
2022-09-19 13:51:05,371 [Listener at 127.0.0.1/46843] INFO  http.BaseHttpServer (BaseHttpServer.java:newHttpServer2BuilderForOzone(213)) - Starting Web-server for hddsDatanode at: http://0.0.0.0:0
2022-09-19 13:51:05,371 [Listener at 127.0.0.1/46843] INFO  http.BaseHttpServer (BaseHttpServer.java:<init>(108)) - Hadoop Security Enabled: false Ozone Security Enabled: false Ozone HTTP Security Enabled: false 
2022-09-19 13:51:05,373 [Listener at 127.0.0.1/46843] INFO  server.AuthenticationFilter (AuthenticationFilter.java:constructSecretProvider(240)) - Unable to initialize FileSignerSecretProvider, falling back to use random secrets.
2022-09-19 13:51:05,377 [Listener at 127.0.0.1/46843] WARN  http.HttpRequestLog (HttpRequestLog.java:getRequestLog(103)) - Jetty request log can only be enabled using Log4j
2022-09-19 13:51:05,379 [Listener at 127.0.0.1/46843] INFO  http.HttpServer2 (HttpServer2.java:addGlobalFilter(1029)) - Added global filter 'safety' (class=org.apache.hadoop.hdds.server.http.HttpServer2$QuotingInputFilter)
2022-09-19 13:51:05,380 [Listener at 127.0.0.1/46843] INFO  http.HttpServer2 (HttpServer2.java:addFilter(1005)) - Added filter static_user_filter (class=org.apache.hadoop.http.lib.StaticUserWebFilter$StaticUserFilter) to context hddsDatanode
2022-09-19 13:51:05,380 [Listener at 127.0.0.1/46843] INFO  http.HttpServer2 (HttpServer2.java:addFilter(1013)) - Added filter static_user_filter (class=org.apache.hadoop.http.lib.StaticUserWebFilter$StaticUserFilter) to context static
2022-09-19 13:51:05,380 [Listener at 127.0.0.1/46843] INFO  http.HttpServer2 (HttpServer2.java:addFilter(1013)) - Added filter static_user_filter (class=org.apache.hadoop.http.lib.StaticUserWebFilter$StaticUserFilter) to context logs
2022-09-19 13:51:05,381 [Listener at 127.0.0.1/46843] INFO  http.HttpServer2 (HttpServer2.java:bindListener(1248)) - Jetty bound to port 42371
2022-09-19 13:51:05,381 [Listener at 127.0.0.1/46843] INFO  server.Server (Server.java:doStart(375)) - jetty-9.4.43.v20210629; built: 2021-06-30T11:07:22.254Z; git: 526006ecfa3af7f1a27ef3a288e2bef7ea9dd7e8; jvm 1.8.0_345-b01
2022-09-19 13:51:05,384 [Listener at 127.0.0.1/46843] INFO  server.session (DefaultSessionIdManager.java:doStart(334)) - DefaultSessionIdManager workerName=node0
2022-09-19 13:51:05,384 [Listener at 127.0.0.1/46843] INFO  server.session (DefaultSessionIdManager.java:doStart(339)) - No SessionScavenger set, using defaults
2022-09-19 13:51:05,384 [Listener at 127.0.0.1/46843] INFO  server.session (HouseKeeper.java:startScavenging(132)) - node0 Scavenging every 660000ms
2022-09-19 13:51:05,386 [Listener at 127.0.0.1/46843] INFO  handler.ContextHandler (ContextHandler.java:doStart(915)) - Started o.e.j.s.ServletContextHandler@4325123b{logs,/logs,file:///home/runner/work/ozone/ozone/hadoop-ozone/integration-test/target/log,AVAILABLE}
2022-09-19 13:51:05,386 [Listener at 127.0.0.1/46843] INFO  handler.ContextHandler (ContextHandler.java:doStart(915)) - Started o.e.j.s.ServletContextHandler@4c96f850{static,/static,jar:file:/home/runner/.m2/repository/org/apache/ozone/hdds-container-service/1.3.0-SNAPSHOT/hdds-container-service-1.3.0-SNAPSHOT.jar!/webapps/static,AVAILABLE}
2022-09-19 13:51:05,578 [Listener at 127.0.0.1/46843] INFO  handler.ContextHandler (ContextHandler.java:doStart(915)) - Started o.e.j.w.WebAppContext@19cc4b7d{hddsDatanode,/,file:///tmp/jetty-0_0_0_0-42371-hdds-container-service-1_3_0-SNAPSHOT_jar-_-any-7121866266529753027/webapp/,AVAILABLE}{jar:file:/home/runner/.m2/repository/org/apache/ozone/hdds-container-service/1.3.0-SNAPSHOT/hdds-container-service-1.3.0-SNAPSHOT.jar!/webapps/hddsDatanode}
2022-09-19 13:51:05,580 [Listener at 127.0.0.1/46843] INFO  server.AbstractConnector (AbstractConnector.java:doStart(331)) - Started ServerConnector@6b19f4b8{HTTP/1.1, (http/1.1)}{0.0.0.0:42371}
2022-09-19 13:51:05,580 [Listener at 127.0.0.1/46843] INFO  server.Server (Server.java:doStart(415)) - Started @8270ms
2022-09-19 13:51:05,580 [Listener at 127.0.0.1/46843] WARN  impl.MetricsSystemImpl (MetricsSystemImpl.java:register(279)) - Sink prometheus already exists!
2022-09-19 13:51:05,582 [Listener at 127.0.0.1/46843] INFO  http.BaseHttpServer (BaseHttpServer.java:updateConnectorAddress(333)) - HTTP server of hddsDatanode listening at http://0.0.0.0:42371
2022-09-19 13:51:05,584 [Datanode State Machine Daemon Thread] INFO  statemachine.DatanodeStateMachine (DatanodeStateMachine.java:lambda$startDaemon$0(492)) - Ozone container server started.
2022-09-19 13:51:05,588 [Listener at 127.0.0.1/46843] WARN  impl.MetricRegistriesImpl (MetricRegistriesImpl.java:addReporterRegistration(111)) - New reporters are added after registries were created. Some metrics will be missing from the reporter. Please add reporter before adding any new registry.
2022-09-19 13:51:05,588 [Listener at 127.0.0.1/46843] WARN  impl.MetricRegistriesImpl (MetricRegistriesImpl.java:addReporterRegistration(111)) - New reporters are added after registries were created. Some metrics will be missing from the reporter. Please add reporter before adding any new registry.
2022-09-19 13:51:05,588 [Listener at 127.0.0.1/46843] INFO  impl.MetricsSystemImpl (MetricsSystemImpl.java:init(158)) - HddsDatanode metrics system started (again)
2022-09-19 13:51:05,616 [org.apache.hadoop.util.JvmPauseMonitor$Monitor@1d7da3b8] INFO  util.JvmPauseMonitor (JvmPauseMonitor.java:run(188)) - Starting JVM pause monitor
2022-09-19 13:51:05,621 [Listener at 127.0.0.1/46843] INFO  ozone.HddsDatanodeService (HddsDatanodeService.java:start(236)) - HddsDatanodeService host:fv-az196-500.jtpmctcvnzqejnuy0st5dkw3nb.bx.internal.cloudapp.net ip:10.1.0.102
2022-09-19 13:51:05,652 [Listener at 127.0.0.1/46843] INFO  upgrade.AbstractLayoutVersionManager (AbstractLayoutVersionManager.java:init(83)) - Initializing Layout version manager with metadata layout = DATANODE_SCHEMA_V3 (version = 4), software layout = DATANODE_SCHEMA_V3 (version = 4)
2022-09-19 13:51:05,727 [Datanode State Machine Task Thread - 0] INFO  datanode.InitDatanodeState (InitDatanodeState.java:persistContainerDatanodeDetails(138)) - DatanodeDetails is persisted to /home/runner/work/ozone/ozone/hadoop-ozone/integration-test/target/test-dir/MiniOzoneClusterImpl-dbfde215-b7d4-4534-b4eb-abad1aeb9004/datanode-0/meta/datanode.id
2022-09-19 13:51:05,732 [Listener at 127.0.0.1/46843] INFO  reflections.Reflections (Reflections.java:scan(232)) - Reflections took 78 ms to scan 7 urls, producing 135 keys and 327 values 
2022-09-19 13:51:05,738 [Listener at 127.0.0.1/46843] INFO  statemachine.DatanodeStateMachine (DatanodeStateMachine.java:getEndPointTaskThreadPoolSize(237)) - Datanode State Machine Task Thread Pool size 2
2022-09-19 13:51:05,741 [Listener at 127.0.0.1/46843] INFO  volume.HddsVolume (HddsVolume.java:<init>(117)) - Creating HddsVolume: /home/runner/work/ozone/ozone/hadoop-ozone/integration-test/target/test-dir/MiniOzoneClusterImpl-dbfde215-b7d4-4534-b4eb-abad1aeb9004/datanode-1/data-0/containers/hdds of storage type : DISK capacity : 9223372036854775807
2022-09-19 13:51:05,741 [Listener at 127.0.0.1/46843] INFO  volume.MutableVolumeSet (MutableVolumeSet.java:initializeVolumeSet(174)) - Added Volume : /home/runner/work/ozone/ozone/hadoop-ozone/integration-test/target/test-dir/MiniOzoneClusterImpl-dbfde215-b7d4-4534-b4eb-abad1aeb9004/datanode-1/data-0/containers/hdds to VolumeSet
2022-09-19 13:51:05,741 [Listener at 127.0.0.1/46843] INFO  volume.ThrottledAsyncChecker (ThrottledAsyncChecker.java:schedule(141)) - Scheduling a check for /home/runner/work/ozone/ozone/hadoop-ozone/integration-test/target/test-dir/MiniOzoneClusterImpl-dbfde215-b7d4-4534-b4eb-abad1aeb9004/datanode-1/data-0/containers/hdds
2022-09-19 13:51:05,744 [Listener at 127.0.0.1/46843] INFO  volume.StorageVolumeChecker (StorageVolumeChecker.java:checkAllVolumes(202)) - Scheduled health check for volume /home/runner/work/ozone/ozone/hadoop-ozone/integration-test/target/test-dir/MiniOzoneClusterImpl-dbfde215-b7d4-4534-b4eb-abad1aeb9004/datanode-1/data-0/containers/hdds
2022-09-19 13:51:05,756 [Listener at 127.0.0.1/46843] INFO  volume.MutableVolumeSet (MutableVolumeSet.java:initializeVolumeSet(174)) - Added Volume : /home/runner/work/ozone/ozone/hadoop-ozone/integration-test/target/test-dir/MiniOzoneClusterImpl-dbfde215-b7d4-4534-b4eb-abad1aeb9004/datanode-1/data/ratis to VolumeSet
2022-09-19 13:51:05,757 [Listener at 127.0.0.1/46843] INFO  volume.ThrottledAsyncChecker (ThrottledAsyncChecker.java:schedule(141)) - Scheduling a check for /home/runner/work/ozone/ozone/hadoop-ozone/integration-test/target/test-dir/MiniOzoneClusterImpl-dbfde215-b7d4-4534-b4eb-abad1aeb9004/datanode-1/data/ratis
2022-09-19 13:51:05,757 [Listener at 127.0.0.1/46843] INFO  volume.StorageVolumeChecker (StorageVolumeChecker.java:checkAllVolumes(202)) - Scheduled health check for volume /home/runner/work/ozone/ozone/hadoop-ozone/integration-test/target/test-dir/MiniOzoneClusterImpl-dbfde215-b7d4-4534-b4eb-abad1aeb9004/datanode-1/data/ratis
2022-09-19 13:51:05,769 [Thread-149] INFO  ozoneimpl.ContainerReader (ContainerReader.java:readVolume(175)) - Finish verifying containers on volume /home/runner/work/ozone/ozone/hadoop-ozone/integration-test/target/test-dir/MiniOzoneClusterImpl-dbfde215-b7d4-4534-b4eb-abad1aeb9004/datanode-1/data-0/containers/hdds
2022-09-19 13:51:05,770 [Listener at 127.0.0.1/46843] INFO  ozoneimpl.OzoneContainer (OzoneContainer.java:buildContainerSet(300)) - Build ContainerSet costs 0s
2022-09-19 13:51:05,774 [Listener at 127.0.0.1/46843] INFO  server.RaftServer (ConfUtils.java:logGet(46)) - raft.rpc.type = GRPC (default)
2022-09-19 13:51:05,775 [Listener at 127.0.0.1/46843] INFO  grpc.GrpcFactory (GrpcFactory.java:checkPooledByteBufAllocatorUseCacheForAllThreads(48)) - PERFORMANCE WARNING: useCacheForAllThreads is true that may cause Netty to create a lot garbage objects and, as a result, trigger GC.
	It is recommended to disable useCacheForAllThreads by setting -Dorg.apache.ratis.thirdparty.io.netty.allocator.useCacheForAllThreads=false in command line.
2022-09-19 13:51:05,775 [Listener at 127.0.0.1/46843] INFO  grpc.GrpcConfigKeys (ConfUtils.java:logGet(46)) - raft.grpc.admin.port = 0 (custom)
2022-09-19 13:51:05,775 [Listener at 127.0.0.1/46843] INFO  grpc.GrpcConfigKeys (ConfUtils.java:logGet(46)) - raft.grpc.client.port = 0 (custom)
2022-09-19 13:51:05,775 [Listener at 127.0.0.1/46843] INFO  grpc.GrpcConfigKeys (ConfUtils.java:logGet(46)) - raft.grpc.server.port = 0 (default)
2022-09-19 13:51:05,775 [Listener at 127.0.0.1/46843] INFO  server.GrpcService (ConfUtils.java:logGet(46)) - raft.grpc.message.size.max = 32MB (=33554432) (custom)
2022-09-19 13:51:05,775 [Listener at 127.0.0.1/46843] INFO  server.RaftServerConfigKeys (ConfUtils.java:logGet(46)) - raft.server.log.appender.buffer.byte-limit = 33554432 (custom)
2022-09-19 13:51:05,775 [Listener at 127.0.0.1/46843] INFO  server.GrpcService (ConfUtils.java:logGet(46)) - raft.grpc.flow.control.window = 5MB (=5242880) (custom)
2022-09-19 13:51:05,776 [Listener at 127.0.0.1/46843] INFO  server.RaftServerConfigKeys (ConfUtils.java:logGet(46)) - raft.server.rpc.request.timeout = 60s (custom)
2022-09-19 13:51:05,776 [Listener at 127.0.0.1/46843] INFO  grpc.GrpcConfigKeys (ConfUtils.java:logGet(46)) - raft.grpc.server.async.request.thread.pool.cached = true (default)
2022-09-19 13:51:05,776 [Listener at 127.0.0.1/46843] INFO  grpc.GrpcConfigKeys (ConfUtils.java:logGet(46)) - raft.grpc.server.async.request.thread.pool.size = 32 (default)
2022-09-19 13:51:05,777 [Listener at 127.0.0.1/46843] INFO  impl.DataStreamServerImpl (ConfUtils.java:logGet(46)) - raft.datastream.type = DISABLED (default)
2022-09-19 13:51:05,778 [Listener at 127.0.0.1/46843] INFO  server.RaftServerConfigKeys (ConfUtils.java:logGet(46)) - raft.server.threadpool.proxy.cached = true (default)
2022-09-19 13:51:05,778 [Listener at 127.0.0.1/46843] INFO  server.RaftServerConfigKeys (ConfUtils.java:logGet(46)) - raft.server.threadpool.proxy.size = 0 (default)
2022-09-19 13:51:05,778 [Listener at 127.0.0.1/46843] INFO  server.RaftServerConfigKeys (ConfUtils.java:logGet(46)) - raft.server.rpc.slowness.timeout = 300s (custom)
2022-09-19 13:51:05,778 [Listener at 127.0.0.1/46843] INFO  server.RaftServerConfigKeys (ConfUtils.java:logGet(46)) - raft.server.leaderelection.leader.step-down.wait-time = 10s (default)
2022-09-19 13:51:05,778 [Listener at 127.0.0.1/46843] INFO  server.RaftServerConfigKeys (ConfUtils.java:logGet(46)) - raft.server.storage.dir = [/home/runner/work/ozone/ozone/hadoop-ozone/integration-test/target/test-dir/MiniOzoneClusterImpl-dbfde215-b7d4-4534-b4eb-abad1aeb9004/datanode-1/data/ratis] (custom)
2022-09-19 13:51:05,780 [Listener at 127.0.0.1/46843] INFO  server.XceiverServerGrpc (XceiverServerGrpc.java:<init>(132)) - GrpcServer channel type EpollServerSocketChannel
2022-09-19 13:51:05,784 [Listener at 127.0.0.1/46843] INFO  http.BaseHttpServer (BaseHttpServer.java:newHttpServer2BuilderForOzone(213)) - Starting Web-server for hddsDatanode at: http://0.0.0.0:0
2022-09-19 13:51:05,784 [Listener at 127.0.0.1/46843] INFO  http.BaseHttpServer (BaseHttpServer.java:<init>(108)) - Hadoop Security Enabled: false Ozone Security Enabled: false Ozone HTTP Security Enabled: false 
2022-09-19 13:51:05,786 [Listener at 127.0.0.1/46843] INFO  server.AuthenticationFilter (AuthenticationFilter.java:constructSecretProvider(240)) - Unable to initialize FileSignerSecretProvider, falling back to use random secrets.
2022-09-19 13:51:05,786 [Listener at 127.0.0.1/46843] WARN  http.HttpRequestLog (HttpRequestLog.java:getRequestLog(103)) - Jetty request log can only be enabled using Log4j
2022-09-19 13:51:05,788 [Listener at 127.0.0.1/46843] INFO  http.HttpServer2 (HttpServer2.java:addGlobalFilter(1029)) - Added global filter 'safety' (class=org.apache.hadoop.hdds.server.http.HttpServer2$QuotingInputFilter)
2022-09-19 13:51:05,789 [Listener at 127.0.0.1/46843] INFO  http.HttpServer2 (HttpServer2.java:addFilter(1005)) - Added filter static_user_filter (class=org.apache.hadoop.http.lib.StaticUserWebFilter$StaticUserFilter) to context hddsDatanode
2022-09-19 13:51:05,789 [Listener at 127.0.0.1/46843] INFO  http.HttpServer2 (HttpServer2.java:addFilter(1013)) - Added filter static_user_filter (class=org.apache.hadoop.http.lib.StaticUserWebFilter$StaticUserFilter) to context static
2022-09-19 13:51:05,789 [Listener at 127.0.0.1/46843] INFO  http.HttpServer2 (HttpServer2.java:addFilter(1013)) - Added filter static_user_filter (class=org.apache.hadoop.http.lib.StaticUserWebFilter$StaticUserFilter) to context logs
2022-09-19 13:51:05,790 [Listener at 127.0.0.1/46843] INFO  http.HttpServer2 (HttpServer2.java:bindListener(1248)) - Jetty bound to port 44763
2022-09-19 13:51:05,790 [Listener at 127.0.0.1/46843] INFO  server.Server (Server.java:doStart(375)) - jetty-9.4.43.v20210629; built: 2021-06-30T11:07:22.254Z; git: 526006ecfa3af7f1a27ef3a288e2bef7ea9dd7e8; jvm 1.8.0_345-b01
2022-09-19 13:51:05,799 [Listener at 127.0.0.1/46843] INFO  server.session (DefaultSessionIdManager.java:doStart(334)) - DefaultSessionIdManager workerName=node0
2022-09-19 13:51:05,799 [Listener at 127.0.0.1/46843] INFO  server.session (DefaultSessionIdManager.java:doStart(339)) - No SessionScavenger set, using defaults
2022-09-19 13:51:05,799 [Listener at 127.0.0.1/46843] INFO  server.session (HouseKeeper.java:startScavenging(132)) - node0 Scavenging every 600000ms
2022-09-19 13:51:05,800 [Listener at 127.0.0.1/46843] INFO  handler.ContextHandler (ContextHandler.java:doStart(915)) - Started o.e.j.s.ServletContextHandler@3729c576{logs,/logs,file:///home/runner/work/ozone/ozone/hadoop-ozone/integration-test/target/log,AVAILABLE}
2022-09-19 13:51:05,801 [Listener at 127.0.0.1/46843] INFO  handler.ContextHandler (ContextHandler.java:doStart(915)) - Started o.e.j.s.ServletContextHandler@7cd577db{static,/static,jar:file:/home/runner/.m2/repository/org/apache/ozone/hdds-container-service/1.3.0-SNAPSHOT/hdds-container-service-1.3.0-SNAPSHOT.jar!/webapps/static,AVAILABLE}
2022-09-19 13:51:05,839 [om1@group-C5BA1605619E-FollowerState] INFO  impl.FollowerState (FollowerState.java:run(143)) - om1@group-C5BA1605619E-FollowerState: change to CANDIDATE, lastRpcElapsedTime:1212158865ns, electionTimeout:1198ms
2022-09-19 13:51:05,840 [om1@group-C5BA1605619E-FollowerState] INFO  impl.RoleInfo (RoleInfo.java:shutdownFollowerState(110)) - om1: shutdown om1@group-C5BA1605619E-FollowerState
2022-09-19 13:51:05,841 [om1@group-C5BA1605619E-FollowerState] INFO  server.RaftServer$Division (RaftServerImpl.java:setRole(299)) - om1@group-C5BA1605619E: changes role from  FOLLOWER to CANDIDATE at term 0 for changeToCandidate
2022-09-19 13:51:05,844 [om1@group-C5BA1605619E-FollowerState] INFO  server.RaftServerConfigKeys (ConfUtils.java:logGet(46)) - raft.server.leaderelection.pre-vote = false (custom)
2022-09-19 13:51:05,845 [om1@group-C5BA1605619E-FollowerState] INFO  impl.RoleInfo (RoleInfo.java:updateAndGet(139)) - om1: start om1@group-C5BA1605619E-LeaderElection1
2022-09-19 13:51:05,852 [om1@group-C5BA1605619E-LeaderElection1] INFO  impl.LeaderElection (LeaderElection.java:askForVotes(310)) - om1@group-C5BA1605619E-LeaderElection1 ELECTION round 0: submit vote requests at term 1 for -1: [om1|rpc:localhost:9872|priority:0], old=null
2022-09-19 13:51:05,853 [om1@group-C5BA1605619E-LeaderElection1] INFO  impl.LeaderElection (LeaderElection.java:askForVotes(312)) - om1@group-C5BA1605619E-LeaderElection1 ELECTION round 0: result PASSED (term=1)
2022-09-19 13:51:05,854 [om1@group-C5BA1605619E-LeaderElection1] INFO  impl.RoleInfo (RoleInfo.java:shutdownLeaderElection(130)) - om1: shutdown om1@group-C5BA1605619E-LeaderElection1
2022-09-19 13:51:05,854 [om1@group-C5BA1605619E-LeaderElection1] INFO  server.RaftServer$Division (RaftServerImpl.java:setRole(299)) - om1@group-C5BA1605619E: changes role from CANDIDATE to LEADER at term 1 for changeToLeader
2022-09-19 13:51:05,854 [om1@group-C5BA1605619E-LeaderElection1] INFO  server.RaftServer$Division (ServerState.java:setLeader(287)) - om1@group-C5BA1605619E: change Leader from null to om1 at term 1 for becomeLeader, leader elected after 2303ms
2022-09-19 13:51:05,860 [om1@group-C5BA1605619E-LeaderElection1] INFO  server.RaftServerConfigKeys (ConfUtils.java:logGet(46)) - raft.server.staging.catchup.gap = 1000 (default)
2022-09-19 13:51:05,865 [om1@group-C5BA1605619E-LeaderElection1] INFO  server.RaftServerConfigKeys (ConfUtils.java:logGet(46)) - raft.server.write.element-limit = 4096 (default)
2022-09-19 13:51:05,866 [om1@group-C5BA1605619E-LeaderElection1] INFO  server.RaftServerConfigKeys (ConfUtils.java:logGet(46)) - raft.server.write.byte-limit = 64MB (=67108864) (default)
2022-09-19 13:51:05,872 [om1@group-C5BA1605619E-LeaderElection1] INFO  server.RaftServerConfigKeys (ConfUtils.java:logGet(46)) - raft.server.watch.timeout = 10s (default)
2022-09-19 13:51:05,872 [om1@group-C5BA1605619E-LeaderElection1] INFO  server.RaftServerConfigKeys (ConfUtils.java:logGet(46)) - raft.server.watch.timeout.denomination = 1s (default)
2022-09-19 13:51:05,872 [om1@group-C5BA1605619E-LeaderElection1] INFO  server.RaftServerConfigKeys (ConfUtils.java:logGet(46)) - raft.server.watch.element-limit = 65536 (default)
2022-09-19 13:51:05,878 [om1@group-C5BA1605619E-LeaderElection1] INFO  server.RaftServerConfigKeys (ConfUtils.java:logGet(46)) - raft.server.write.element-limit = 4096 (default)
2022-09-19 13:51:05,881 [om1@group-C5BA1605619E-LeaderElection1] INFO  server.RaftServerConfigKeys (ConfUtils.java:logGet(46)) - raft.server.write.follower.gap.ratio.max = -1.0 (default)
2022-09-19 13:51:05,883 [om1@group-C5BA1605619E-LeaderElection1] INFO  impl.RoleInfo (RoleInfo.java:updateAndGet(139)) - om1: start om1@group-C5BA1605619E-LeaderStateImpl
2022-09-19 13:51:05,917 [om1@group-C5BA1605619E-LeaderElection1] INFO  segmented.SegmentedRaftLogWorker (SegmentedRaftLogWorker.java:startLogSegment(425)) - om1@group-C5BA1605619E-SegmentedRaftLogWorker: Starting segment from index:0
2022-09-19 13:51:06,029 [om1@group-C5BA1605619E-LeaderElection1] INFO  server.RaftServer$Division (ServerState.java:setRaftConf(393)) - om1@group-C5BA1605619E: set configuration 0: [om1|rpc:localhost:9872|admin:|client:|dataStream:|priority:0], old=null
2022-09-19 13:51:06,046 [Listener at 127.0.0.1/46843] INFO  handler.ContextHandler (ContextHandler.java:doStart(915)) - Started o.e.j.w.WebAppContext@43fa82c1{hddsDatanode,/,file:///tmp/jetty-0_0_0_0-44763-hdds-container-service-1_3_0-SNAPSHOT_jar-_-any-3960406642274537265/webapp/,AVAILABLE}{jar:file:/home/runner/.m2/repository/org/apache/ozone/hdds-container-service/1.3.0-SNAPSHOT/hdds-container-service-1.3.0-SNAPSHOT.jar!/webapps/hddsDatanode}
2022-09-19 13:51:06,051 [Listener at 127.0.0.1/46843] INFO  server.AbstractConnector (AbstractConnector.java:doStart(331)) - Started ServerConnector@511e8b35{HTTP/1.1, (http/1.1)}{0.0.0.0:44763}
2022-09-19 13:51:06,051 [Listener at 127.0.0.1/46843] INFO  server.Server (Server.java:doStart(415)) - Started @8741ms
2022-09-19 13:51:06,051 [Listener at 127.0.0.1/46843] WARN  impl.MetricsSystemImpl (MetricsSystemImpl.java:register(279)) - Sink prometheus already exists!
2022-09-19 13:51:06,052 [Listener at 127.0.0.1/46843] INFO  http.BaseHttpServer (BaseHttpServer.java:updateConnectorAddress(333)) - HTTP server of hddsDatanode listening at http://0.0.0.0:44763
2022-09-19 13:51:06,058 [Listener at 127.0.0.1/46843] WARN  impl.MetricRegistriesImpl (MetricRegistriesImpl.java:addReporterRegistration(111)) - New reporters are added after registries were created. Some metrics will be missing from the reporter. Please add reporter before adding any new registry.
2022-09-19 13:51:06,058 [Listener at 127.0.0.1/46843] WARN  impl.MetricRegistriesImpl (MetricRegistriesImpl.java:addReporterRegistration(111)) - New reporters are added after registries were created. Some metrics will be missing from the reporter. Please add reporter before adding any new registry.
2022-09-19 13:51:06,058 [Listener at 127.0.0.1/46843] INFO  impl.MetricsSystemImpl (MetricsSystemImpl.java:init(158)) - HddsDatanode metrics system started (again)
2022-09-19 13:51:06,069 [Datanode State Machine Daemon Thread] INFO  statemachine.DatanodeStateMachine (DatanodeStateMachine.java:lambda$startDaemon$0(492)) - Ozone container server started.
2022-09-19 13:51:06,073 [om1@group-C5BA1605619E-SegmentedRaftLogWorker] INFO  segmented.SegmentedRaftLogWorker (SegmentedRaftLogWorker.java:execute(629)) - om1@group-C5BA1605619E-SegmentedRaftLogWorker: created new log segment /home/runner/work/ozone/ozone/hadoop-ozone/integration-test/target/test-dir/MiniOzoneClusterImpl-dbfde215-b7d4-4534-b4eb-abad1aeb9004/ozone-meta/ratis/bf265839-605b-3f16-9796-c5ba1605619e/current/log_inprogress_0
2022-09-19 13:51:06,083 [org.apache.hadoop.util.JvmPauseMonitor$Monitor@319be931] INFO  util.JvmPauseMonitor (JvmPauseMonitor.java:run(188)) - Starting JVM pause monitor
2022-09-19 13:51:06,090 [Listener at 127.0.0.1/46843] INFO  ozone.HddsDatanodeService (HddsDatanodeService.java:start(236)) - HddsDatanodeService host:fv-az196-500.jtpmctcvnzqejnuy0st5dkw3nb.bx.internal.cloudapp.net ip:10.1.0.102
2022-09-19 13:51:06,106 [Datanode State Machine Task Thread - 0] INFO  datanode.InitDatanodeState (InitDatanodeState.java:persistContainerDatanodeDetails(138)) - DatanodeDetails is persisted to /home/runner/work/ozone/ozone/hadoop-ozone/integration-test/target/test-dir/MiniOzoneClusterImpl-dbfde215-b7d4-4534-b4eb-abad1aeb9004/datanode-1/meta/datanode.id
2022-09-19 13:51:06,130 [Listener at 127.0.0.1/46843] INFO  upgrade.AbstractLayoutVersionManager (AbstractLayoutVersionManager.java:init(83)) - Initializing Layout version manager with metadata layout = DATANODE_SCHEMA_V3 (version = 4), software layout = DATANODE_SCHEMA_V3 (version = 4)
2022-09-19 13:51:06,210 [om1@group-C5BA1605619E-StateMachineUpdater] INFO  ratis.OzoneManagerStateMachine (OzoneManagerStateMachine.java:notifyConfigurationChanged(192)) - Received Configuration change notification from Ratis. New Peer list:
[id: "om1"
address: "localhost:9872"
]
2022-09-19 13:51:06,217 [Listener at 127.0.0.1/46843] INFO  reflections.Reflections (Reflections.java:scan(232)) - Reflections took 85 ms to scan 7 urls, producing 135 keys and 327 values 
2022-09-19 13:51:06,218 [Listener at 127.0.0.1/46843] INFO  statemachine.DatanodeStateMachine (DatanodeStateMachine.java:getEndPointTaskThreadPoolSize(237)) - Datanode State Machine Task Thread Pool size 2
2022-09-19 13:51:06,221 [Listener at 127.0.0.1/46843] INFO  volume.HddsVolume (HddsVolume.java:<init>(117)) - Creating HddsVolume: /home/runner/work/ozone/ozone/hadoop-ozone/integration-test/target/test-dir/MiniOzoneClusterImpl-dbfde215-b7d4-4534-b4eb-abad1aeb9004/datanode-2/data-0/containers/hdds of storage type : DISK capacity : 9223372036854775807
2022-09-19 13:51:06,221 [Listener at 127.0.0.1/46843] INFO  volume.MutableVolumeSet (MutableVolumeSet.java:initializeVolumeSet(174)) - Added Volume : /home/runner/work/ozone/ozone/hadoop-ozone/integration-test/target/test-dir/MiniOzoneClusterImpl-dbfde215-b7d4-4534-b4eb-abad1aeb9004/datanode-2/data-0/containers/hdds to VolumeSet
2022-09-19 13:51:06,221 [Listener at 127.0.0.1/46843] INFO  volume.ThrottledAsyncChecker (ThrottledAsyncChecker.java:schedule(141)) - Scheduling a check for /home/runner/work/ozone/ozone/hadoop-ozone/integration-test/target/test-dir/MiniOzoneClusterImpl-dbfde215-b7d4-4534-b4eb-abad1aeb9004/datanode-2/data-0/containers/hdds
2022-09-19 13:51:06,222 [Listener at 127.0.0.1/46843] INFO  volume.StorageVolumeChecker (StorageVolumeChecker.java:checkAllVolumes(202)) - Scheduled health check for volume /home/runner/work/ozone/ozone/hadoop-ozone/integration-test/target/test-dir/MiniOzoneClusterImpl-dbfde215-b7d4-4534-b4eb-abad1aeb9004/datanode-2/data-0/containers/hdds
2022-09-19 13:51:06,233 [Listener at 127.0.0.1/46843] INFO  volume.MutableVolumeSet (MutableVolumeSet.java:initializeVolumeSet(174)) - Added Volume : /home/runner/work/ozone/ozone/hadoop-ozone/integration-test/target/test-dir/MiniOzoneClusterImpl-dbfde215-b7d4-4534-b4eb-abad1aeb9004/datanode-2/data/ratis to VolumeSet
2022-09-19 13:51:06,233 [Listener at 127.0.0.1/46843] INFO  volume.ThrottledAsyncChecker (ThrottledAsyncChecker.java:schedule(141)) - Scheduling a check for /home/runner/work/ozone/ozone/hadoop-ozone/integration-test/target/test-dir/MiniOzoneClusterImpl-dbfde215-b7d4-4534-b4eb-abad1aeb9004/datanode-2/data/ratis
2022-09-19 13:51:06,234 [Listener at 127.0.0.1/46843] INFO  volume.StorageVolumeChecker (StorageVolumeChecker.java:checkAllVolumes(202)) - Scheduled health check for volume /home/runner/work/ozone/ozone/hadoop-ozone/integration-test/target/test-dir/MiniOzoneClusterImpl-dbfde215-b7d4-4534-b4eb-abad1aeb9004/datanode-2/data/ratis
2022-09-19 13:51:06,244 [Thread-164] INFO  ozoneimpl.ContainerReader (ContainerReader.java:readVolume(175)) - Finish verifying containers on volume /home/runner/work/ozone/ozone/hadoop-ozone/integration-test/target/test-dir/MiniOzoneClusterImpl-dbfde215-b7d4-4534-b4eb-abad1aeb9004/datanode-2/data-0/containers/hdds
2022-09-19 13:51:06,245 [Listener at 127.0.0.1/46843] INFO  ozoneimpl.OzoneContainer (OzoneContainer.java:buildContainerSet(300)) - Build ContainerSet costs 0s
2022-09-19 13:51:06,248 [Listener at 127.0.0.1/46843] INFO  server.RaftServer (ConfUtils.java:logGet(46)) - raft.rpc.type = GRPC (default)
2022-09-19 13:51:06,248 [Listener at 127.0.0.1/46843] INFO  grpc.GrpcFactory (GrpcFactory.java:checkPooledByteBufAllocatorUseCacheForAllThreads(48)) - PERFORMANCE WARNING: useCacheForAllThreads is true that may cause Netty to create a lot garbage objects and, as a result, trigger GC.
	It is recommended to disable useCacheForAllThreads by setting -Dorg.apache.ratis.thirdparty.io.netty.allocator.useCacheForAllThreads=false in command line.
2022-09-19 13:51:06,248 [Listener at 127.0.0.1/46843] INFO  grpc.GrpcConfigKeys (ConfUtils.java:logGet(46)) - raft.grpc.admin.port = 0 (custom)
2022-09-19 13:51:06,248 [Listener at 127.0.0.1/46843] INFO  grpc.GrpcConfigKeys (ConfUtils.java:logGet(46)) - raft.grpc.client.port = 0 (custom)
2022-09-19 13:51:06,248 [Listener at 127.0.0.1/46843] INFO  grpc.GrpcConfigKeys (ConfUtils.java:logGet(46)) - raft.grpc.server.port = 0 (default)
2022-09-19 13:51:06,248 [Listener at 127.0.0.1/46843] INFO  server.GrpcService (ConfUtils.java:logGet(46)) - raft.grpc.message.size.max = 32MB (=33554432) (custom)
2022-09-19 13:51:06,248 [Listener at 127.0.0.1/46843] INFO  server.RaftServerConfigKeys (ConfUtils.java:logGet(46)) - raft.server.log.appender.buffer.byte-limit = 33554432 (custom)
2022-09-19 13:51:06,249 [Listener at 127.0.0.1/46843] INFO  server.GrpcService (ConfUtils.java:logGet(46)) - raft.grpc.flow.control.window = 5MB (=5242880) (custom)
2022-09-19 13:51:06,249 [Listener at 127.0.0.1/46843] INFO  server.RaftServerConfigKeys (ConfUtils.java:logGet(46)) - raft.server.rpc.request.timeout = 60s (custom)
2022-09-19 13:51:06,249 [Listener at 127.0.0.1/46843] INFO  grpc.GrpcConfigKeys (ConfUtils.java:logGet(46)) - raft.grpc.server.async.request.thread.pool.cached = true (default)
2022-09-19 13:51:06,249 [Listener at 127.0.0.1/46843] INFO  grpc.GrpcConfigKeys (ConfUtils.java:logGet(46)) - raft.grpc.server.async.request.thread.pool.size = 32 (default)
2022-09-19 13:51:06,250 [Listener at 127.0.0.1/46843] INFO  impl.DataStreamServerImpl (ConfUtils.java:logGet(46)) - raft.datastream.type = DISABLED (default)
2022-09-19 13:51:06,250 [Listener at 127.0.0.1/46843] INFO  server.RaftServerConfigKeys (ConfUtils.java:logGet(46)) - raft.server.threadpool.proxy.cached = true (default)
2022-09-19 13:51:06,251 [Listener at 127.0.0.1/46843] INFO  server.RaftServerConfigKeys (ConfUtils.java:logGet(46)) - raft.server.threadpool.proxy.size = 0 (default)
2022-09-19 13:51:06,251 [Listener at 127.0.0.1/46843] INFO  server.RaftServerConfigKeys (ConfUtils.java:logGet(46)) - raft.server.rpc.slowness.timeout = 300s (custom)
2022-09-19 13:51:06,251 [Listener at 127.0.0.1/46843] INFO  server.RaftServerConfigKeys (ConfUtils.java:logGet(46)) - raft.server.leaderelection.leader.step-down.wait-time = 10s (default)
2022-09-19 13:51:06,251 [Listener at 127.0.0.1/46843] INFO  server.RaftServerConfigKeys (ConfUtils.java:logGet(46)) - raft.server.storage.dir = [/home/runner/work/ozone/ozone/hadoop-ozone/integration-test/target/test-dir/MiniOzoneClusterImpl-dbfde215-b7d4-4534-b4eb-abad1aeb9004/datanode-2/data/ratis] (custom)
2022-09-19 13:51:06,260 [Listener at 127.0.0.1/46843] INFO  server.XceiverServerGrpc (XceiverServerGrpc.java:<init>(132)) - GrpcServer channel type EpollServerSocketChannel
2022-09-19 13:51:06,267 [Listener at 127.0.0.1/46843] INFO  http.BaseHttpServer (BaseHttpServer.java:newHttpServer2BuilderForOzone(213)) - Starting Web-server for hddsDatanode at: http://0.0.0.0:0
2022-09-19 13:51:06,267 [Listener at 127.0.0.1/46843] INFO  http.BaseHttpServer (BaseHttpServer.java:<init>(108)) - Hadoop Security Enabled: false Ozone Security Enabled: false Ozone HTTP Security Enabled: false 
2022-09-19 13:51:06,270 [Listener at 127.0.0.1/46843] INFO  server.AuthenticationFilter (AuthenticationFilter.java:constructSecretProvider(240)) - Unable to initialize FileSignerSecretProvider, falling back to use random secrets.
2022-09-19 13:51:06,271 [Listener at 127.0.0.1/46843] WARN  http.HttpRequestLog (HttpRequestLog.java:getRequestLog(103)) - Jetty request log can only be enabled using Log4j
2022-09-19 13:51:06,272 [Listener at 127.0.0.1/46843] INFO  http.HttpServer2 (HttpServer2.java:addGlobalFilter(1029)) - Added global filter 'safety' (class=org.apache.hadoop.hdds.server.http.HttpServer2$QuotingInputFilter)
2022-09-19 13:51:06,273 [Listener at 127.0.0.1/46843] INFO  http.HttpServer2 (HttpServer2.java:addFilter(1005)) - Added filter static_user_filter (class=org.apache.hadoop.http.lib.StaticUserWebFilter$StaticUserFilter) to context hddsDatanode
2022-09-19 13:51:06,273 [Listener at 127.0.0.1/46843] INFO  http.HttpServer2 (HttpServer2.java:addFilter(1013)) - Added filter static_user_filter (class=org.apache.hadoop.http.lib.StaticUserWebFilter$StaticUserFilter) to context logs
2022-09-19 13:51:06,273 [Listener at 127.0.0.1/46843] INFO  http.HttpServer2 (HttpServer2.java:addFilter(1013)) - Added filter static_user_filter (class=org.apache.hadoop.http.lib.StaticUserWebFilter$StaticUserFilter) to context static
2022-09-19 13:51:06,275 [Listener at 127.0.0.1/46843] INFO  http.HttpServer2 (HttpServer2.java:bindListener(1248)) - Jetty bound to port 37577
2022-09-19 13:51:06,276 [Listener at 127.0.0.1/46843] INFO  server.Server (Server.java:doStart(375)) - jetty-9.4.43.v20210629; built: 2021-06-30T11:07:22.254Z; git: 526006ecfa3af7f1a27ef3a288e2bef7ea9dd7e8; jvm 1.8.0_345-b01
2022-09-19 13:51:06,277 [Listener at 127.0.0.1/46843] INFO  server.session (DefaultSessionIdManager.java:doStart(334)) - DefaultSessionIdManager workerName=node0
2022-09-19 13:51:06,278 [Listener at 127.0.0.1/46843] INFO  server.session (DefaultSessionIdManager.java:doStart(339)) - No SessionScavenger set, using defaults
2022-09-19 13:51:06,278 [Listener at 127.0.0.1/46843] INFO  server.session (HouseKeeper.java:startScavenging(132)) - node0 Scavenging every 660000ms
2022-09-19 13:51:06,279 [Listener at 127.0.0.1/46843] INFO  handler.ContextHandler (ContextHandler.java:doStart(915)) - Started o.e.j.s.ServletContextHandler@353b89f0{logs,/logs,file:///home/runner/work/ozone/ozone/hadoop-ozone/integration-test/target/log,AVAILABLE}
2022-09-19 13:51:06,280 [Listener at 127.0.0.1/46843] INFO  handler.ContextHandler (ContextHandler.java:doStart(915)) - Started o.e.j.s.ServletContextHandler@6434c4c9{static,/static,jar:file:/home/runner/.m2/repository/org/apache/ozone/hdds-container-service/1.3.0-SNAPSHOT/hdds-container-service-1.3.0-SNAPSHOT.jar!/webapps/static,AVAILABLE}
2022-09-19 13:51:06,444 [Listener at 127.0.0.1/46843] INFO  handler.ContextHandler (ContextHandler.java:doStart(915)) - Started o.e.j.w.WebAppContext@ca160e0{hddsDatanode,/,file:///tmp/jetty-0_0_0_0-37577-hdds-container-service-1_3_0-SNAPSHOT_jar-_-any-2320193017039568818/webapp/,AVAILABLE}{jar:file:/home/runner/.m2/repository/org/apache/ozone/hdds-container-service/1.3.0-SNAPSHOT/hdds-container-service-1.3.0-SNAPSHOT.jar!/webapps/hddsDatanode}
2022-09-19 13:51:06,445 [Listener at 127.0.0.1/46843] INFO  server.AbstractConnector (AbstractConnector.java:doStart(331)) - Started ServerConnector@25329370{HTTP/1.1, (http/1.1)}{0.0.0.0:37577}
2022-09-19 13:51:06,445 [Listener at 127.0.0.1/46843] INFO  server.Server (Server.java:doStart(415)) - Started @9135ms
2022-09-19 13:51:06,445 [Listener at 127.0.0.1/46843] WARN  impl.MetricsSystemImpl (MetricsSystemImpl.java:register(279)) - Sink prometheus already exists!
2022-09-19 13:51:06,446 [Listener at 127.0.0.1/46843] INFO  http.BaseHttpServer (BaseHttpServer.java:updateConnectorAddress(333)) - HTTP server of hddsDatanode listening at http://0.0.0.0:37577
2022-09-19 13:51:06,450 [Listener at 127.0.0.1/46843] WARN  impl.MetricRegistriesImpl (MetricRegistriesImpl.java:addReporterRegistration(111)) - New reporters are added after registries were created. Some metrics will be missing from the reporter. Please add reporter before adding any new registry.
2022-09-19 13:51:06,450 [Listener at 127.0.0.1/46843] WARN  impl.MetricRegistriesImpl (MetricRegistriesImpl.java:addReporterRegistration(111)) - New reporters are added after registries were created. Some metrics will be missing from the reporter. Please add reporter before adding any new registry.
2022-09-19 13:51:06,450 [Listener at 127.0.0.1/46843] INFO  impl.MetricsSystemImpl (MetricsSystemImpl.java:init(158)) - HddsDatanode metrics system started (again)
2022-09-19 13:51:06,457 [Datanode State Machine Daemon Thread] INFO  statemachine.DatanodeStateMachine (DatanodeStateMachine.java:lambda$startDaemon$0(492)) - Ozone container server started.
2022-09-19 13:51:06,470 [org.apache.hadoop.util.JvmPauseMonitor$Monitor@201a8415] INFO  util.JvmPauseMonitor (JvmPauseMonitor.java:run(188)) - Starting JVM pause monitor
2022-09-19 13:51:06,479 [Datanode State Machine Task Thread - 0] INFO  datanode.InitDatanodeState (InitDatanodeState.java:persistContainerDatanodeDetails(138)) - DatanodeDetails is persisted to /home/runner/work/ozone/ozone/hadoop-ozone/integration-test/target/test-dir/MiniOzoneClusterImpl-dbfde215-b7d4-4534-b4eb-abad1aeb9004/datanode-2/meta/datanode.id
2022-09-19 13:51:06,480 [Listener at 127.0.0.1/46843] INFO  ozone.HddsDatanodeService (HddsDatanodeService.java:start(236)) - HddsDatanodeService host:fv-az196-500.jtpmctcvnzqejnuy0st5dkw3nb.bx.internal.cloudapp.net ip:10.1.0.102
2022-09-19 13:51:06,497 [Listener at 127.0.0.1/46843] INFO  upgrade.AbstractLayoutVersionManager (AbstractLayoutVersionManager.java:init(83)) - Initializing Layout version manager with metadata layout = DATANODE_SCHEMA_V3 (version = 4), software layout = DATANODE_SCHEMA_V3 (version = 4)
2022-09-19 13:51:06,541 [Listener at 127.0.0.1/46843] INFO  reflections.Reflections (Reflections.java:scan(232)) - Reflections took 42 ms to scan 7 urls, producing 135 keys and 327 values 
2022-09-19 13:51:06,542 [Listener at 127.0.0.1/46843] INFO  statemachine.DatanodeStateMachine (DatanodeStateMachine.java:getEndPointTaskThreadPoolSize(237)) - Datanode State Machine Task Thread Pool size 2
2022-09-19 13:51:06,545 [Listener at 127.0.0.1/46843] INFO  volume.HddsVolume (HddsVolume.java:<init>(117)) - Creating HddsVolume: /home/runner/work/ozone/ozone/hadoop-ozone/integration-test/target/test-dir/MiniOzoneClusterImpl-dbfde215-b7d4-4534-b4eb-abad1aeb9004/datanode-3/data-0/containers/hdds of storage type : DISK capacity : 9223372036854775807
2022-09-19 13:51:06,545 [Listener at 127.0.0.1/46843] INFO  volume.MutableVolumeSet (MutableVolumeSet.java:initializeVolumeSet(174)) - Added Volume : /home/runner/work/ozone/ozone/hadoop-ozone/integration-test/target/test-dir/MiniOzoneClusterImpl-dbfde215-b7d4-4534-b4eb-abad1aeb9004/datanode-3/data-0/containers/hdds to VolumeSet
2022-09-19 13:51:06,545 [Listener at 127.0.0.1/46843] INFO  volume.ThrottledAsyncChecker (ThrottledAsyncChecker.java:schedule(141)) - Scheduling a check for /home/runner/work/ozone/ozone/hadoop-ozone/integration-test/target/test-dir/MiniOzoneClusterImpl-dbfde215-b7d4-4534-b4eb-abad1aeb9004/datanode-3/data-0/containers/hdds
2022-09-19 13:51:06,550 [Listener at 127.0.0.1/46843] INFO  volume.StorageVolumeChecker (StorageVolumeChecker.java:checkAllVolumes(202)) - Scheduled health check for volume /home/runner/work/ozone/ozone/hadoop-ozone/integration-test/target/test-dir/MiniOzoneClusterImpl-dbfde215-b7d4-4534-b4eb-abad1aeb9004/datanode-3/data-0/containers/hdds
2022-09-19 13:51:06,561 [Listener at 127.0.0.1/46843] INFO  volume.MutableVolumeSet (MutableVolumeSet.java:initializeVolumeSet(174)) - Added Volume : /home/runner/work/ozone/ozone/hadoop-ozone/integration-test/target/test-dir/MiniOzoneClusterImpl-dbfde215-b7d4-4534-b4eb-abad1aeb9004/datanode-3/data/ratis to VolumeSet
2022-09-19 13:51:06,561 [Listener at 127.0.0.1/46843] INFO  volume.ThrottledAsyncChecker (ThrottledAsyncChecker.java:schedule(141)) - Scheduling a check for /home/runner/work/ozone/ozone/hadoop-ozone/integration-test/target/test-dir/MiniOzoneClusterImpl-dbfde215-b7d4-4534-b4eb-abad1aeb9004/datanode-3/data/ratis
2022-09-19 13:51:06,562 [Listener at 127.0.0.1/46843] INFO  volume.StorageVolumeChecker (StorageVolumeChecker.java:checkAllVolumes(202)) - Scheduled health check for volume /home/runner/work/ozone/ozone/hadoop-ozone/integration-test/target/test-dir/MiniOzoneClusterImpl-dbfde215-b7d4-4534-b4eb-abad1aeb9004/datanode-3/data/ratis
2022-09-19 13:51:06,572 [Thread-177] INFO  ozoneimpl.ContainerReader (ContainerReader.java:readVolume(175)) - Finish verifying containers on volume /home/runner/work/ozone/ozone/hadoop-ozone/integration-test/target/test-dir/MiniOzoneClusterImpl-dbfde215-b7d4-4534-b4eb-abad1aeb9004/datanode-3/data-0/containers/hdds
2022-09-19 13:51:06,573 [Listener at 127.0.0.1/46843] INFO  ozoneimpl.OzoneContainer (OzoneContainer.java:buildContainerSet(300)) - Build ContainerSet costs 0s
2022-09-19 13:51:06,576 [Listener at 127.0.0.1/46843] INFO  server.RaftServer (ConfUtils.java:logGet(46)) - raft.rpc.type = GRPC (default)
2022-09-19 13:51:06,576 [Listener at 127.0.0.1/46843] INFO  grpc.GrpcFactory (GrpcFactory.java:checkPooledByteBufAllocatorUseCacheForAllThreads(48)) - PERFORMANCE WARNING: useCacheForAllThreads is true that may cause Netty to create a lot garbage objects and, as a result, trigger GC.
	It is recommended to disable useCacheForAllThreads by setting -Dorg.apache.ratis.thirdparty.io.netty.allocator.useCacheForAllThreads=false in command line.
2022-09-19 13:51:06,577 [Listener at 127.0.0.1/46843] INFO  grpc.GrpcConfigKeys (ConfUtils.java:logGet(46)) - raft.grpc.admin.port = 0 (custom)
2022-09-19 13:51:06,577 [Listener at 127.0.0.1/46843] INFO  grpc.GrpcConfigKeys (ConfUtils.java:logGet(46)) - raft.grpc.client.port = 0 (custom)
2022-09-19 13:51:06,577 [Listener at 127.0.0.1/46843] INFO  grpc.GrpcConfigKeys (ConfUtils.java:logGet(46)) - raft.grpc.server.port = 0 (default)
2022-09-19 13:51:06,577 [Listener at 127.0.0.1/46843] INFO  server.GrpcService (ConfUtils.java:logGet(46)) - raft.grpc.message.size.max = 32MB (=33554432) (custom)
2022-09-19 13:51:06,577 [Listener at 127.0.0.1/46843] INFO  server.RaftServerConfigKeys (ConfUtils.java:logGet(46)) - raft.server.log.appender.buffer.byte-limit = 33554432 (custom)
2022-09-19 13:51:06,577 [Listener at 127.0.0.1/46843] INFO  server.GrpcService (ConfUtils.java:logGet(46)) - raft.grpc.flow.control.window = 5MB (=5242880) (custom)
2022-09-19 13:51:06,577 [Listener at 127.0.0.1/46843] INFO  server.RaftServerConfigKeys (ConfUtils.java:logGet(46)) - raft.server.rpc.request.timeout = 60s (custom)
2022-09-19 13:51:06,577 [Listener at 127.0.0.1/46843] INFO  grpc.GrpcConfigKeys (ConfUtils.java:logGet(46)) - raft.grpc.server.async.request.thread.pool.cached = true (default)
2022-09-19 13:51:06,578 [Listener at 127.0.0.1/46843] INFO  grpc.GrpcConfigKeys (ConfUtils.java:logGet(46)) - raft.grpc.server.async.request.thread.pool.size = 32 (default)
2022-09-19 13:51:06,579 [Listener at 127.0.0.1/46843] INFO  impl.DataStreamServerImpl (ConfUtils.java:logGet(46)) - raft.datastream.type = DISABLED (default)
2022-09-19 13:51:06,579 [Listener at 127.0.0.1/46843] INFO  server.RaftServerConfigKeys (ConfUtils.java:logGet(46)) - raft.server.threadpool.proxy.cached = true (default)
2022-09-19 13:51:06,579 [Listener at 127.0.0.1/46843] INFO  server.RaftServerConfigKeys (ConfUtils.java:logGet(46)) - raft.server.threadpool.proxy.size = 0 (default)
2022-09-19 13:51:06,579 [Listener at 127.0.0.1/46843] INFO  server.RaftServerConfigKeys (ConfUtils.java:logGet(46)) - raft.server.rpc.slowness.timeout = 300s (custom)
2022-09-19 13:51:06,579 [Listener at 127.0.0.1/46843] INFO  server.RaftServerConfigKeys (ConfUtils.java:logGet(46)) - raft.server.leaderelection.leader.step-down.wait-time = 10s (default)
2022-09-19 13:51:06,580 [Listener at 127.0.0.1/46843] INFO  server.RaftServerConfigKeys (ConfUtils.java:logGet(46)) - raft.server.storage.dir = [/home/runner/work/ozone/ozone/hadoop-ozone/integration-test/target/test-dir/MiniOzoneClusterImpl-dbfde215-b7d4-4534-b4eb-abad1aeb9004/datanode-3/data/ratis] (custom)
2022-09-19 13:51:06,582 [Listener at 127.0.0.1/46843] INFO  server.XceiverServerGrpc (XceiverServerGrpc.java:<init>(132)) - GrpcServer channel type EpollServerSocketChannel
2022-09-19 13:51:06,590 [Listener at 127.0.0.1/46843] INFO  http.BaseHttpServer (BaseHttpServer.java:newHttpServer2BuilderForOzone(213)) - Starting Web-server for hddsDatanode at: http://0.0.0.0:0
2022-09-19 13:51:06,590 [Listener at 127.0.0.1/46843] INFO  http.BaseHttpServer (BaseHttpServer.java:<init>(108)) - Hadoop Security Enabled: false Ozone Security Enabled: false Ozone HTTP Security Enabled: false 
2022-09-19 13:51:06,591 [Listener at 127.0.0.1/46843] INFO  server.AuthenticationFilter (AuthenticationFilter.java:constructSecretProvider(240)) - Unable to initialize FileSignerSecretProvider, falling back to use random secrets.
2022-09-19 13:51:06,592 [Listener at 127.0.0.1/46843] WARN  http.HttpRequestLog (HttpRequestLog.java:getRequestLog(103)) - Jetty request log can only be enabled using Log4j
2022-09-19 13:51:06,593 [Listener at 127.0.0.1/46843] INFO  http.HttpServer2 (HttpServer2.java:addGlobalFilter(1029)) - Added global filter 'safety' (class=org.apache.hadoop.hdds.server.http.HttpServer2$QuotingInputFilter)
2022-09-19 13:51:06,595 [Listener at 127.0.0.1/46843] INFO  http.HttpServer2 (HttpServer2.java:addFilter(1005)) - Added filter static_user_filter (class=org.apache.hadoop.http.lib.StaticUserWebFilter$StaticUserFilter) to context hddsDatanode
2022-09-19 13:51:06,595 [Listener at 127.0.0.1/46843] INFO  http.HttpServer2 (HttpServer2.java:addFilter(1013)) - Added filter static_user_filter (class=org.apache.hadoop.http.lib.StaticUserWebFilter$StaticUserFilter) to context logs
2022-09-19 13:51:06,595 [Listener at 127.0.0.1/46843] INFO  http.HttpServer2 (HttpServer2.java:addFilter(1013)) - Added filter static_user_filter (class=org.apache.hadoop.http.lib.StaticUserWebFilter$StaticUserFilter) to context static
2022-09-19 13:51:06,596 [Listener at 127.0.0.1/46843] INFO  http.HttpServer2 (HttpServer2.java:bindListener(1248)) - Jetty bound to port 40289
2022-09-19 13:51:06,596 [Listener at 127.0.0.1/46843] INFO  server.Server (Server.java:doStart(375)) - jetty-9.4.43.v20210629; built: 2021-06-30T11:07:22.254Z; git: 526006ecfa3af7f1a27ef3a288e2bef7ea9dd7e8; jvm 1.8.0_345-b01
2022-09-19 13:51:06,599 [Listener at 127.0.0.1/46843] INFO  server.session (DefaultSessionIdManager.java:doStart(334)) - DefaultSessionIdManager workerName=node0
2022-09-19 13:51:06,599 [Listener at 127.0.0.1/46843] INFO  server.session (DefaultSessionIdManager.java:doStart(339)) - No SessionScavenger set, using defaults
2022-09-19 13:51:06,599 [Listener at 127.0.0.1/46843] INFO  server.session (HouseKeeper.java:startScavenging(132)) - node0 Scavenging every 600000ms
2022-09-19 13:51:06,600 [Listener at 127.0.0.1/46843] INFO  handler.ContextHandler (ContextHandler.java:doStart(915)) - Started o.e.j.s.ServletContextHandler@71a7ce25{logs,/logs,file:///home/runner/work/ozone/ozone/hadoop-ozone/integration-test/target/log,AVAILABLE}
2022-09-19 13:51:06,601 [Listener at 127.0.0.1/46843] INFO  handler.ContextHandler (ContextHandler.java:doStart(915)) - Started o.e.j.s.ServletContextHandler@40d3f93d{static,/static,jar:file:/home/runner/.m2/repository/org/apache/ozone/hdds-container-service/1.3.0-SNAPSHOT/hdds-container-service-1.3.0-SNAPSHOT.jar!/webapps/static,AVAILABLE}
2022-09-19 13:51:06,765 [Listener at 127.0.0.1/46843] INFO  handler.ContextHandler (ContextHandler.java:doStart(915)) - Started o.e.j.w.WebAppContext@4ebc7918{hddsDatanode,/,file:///tmp/jetty-0_0_0_0-40289-hdds-container-service-1_3_0-SNAPSHOT_jar-_-any-9216016183735237643/webapp/,AVAILABLE}{jar:file:/home/runner/.m2/repository/org/apache/ozone/hdds-container-service/1.3.0-SNAPSHOT/hdds-container-service-1.3.0-SNAPSHOT.jar!/webapps/hddsDatanode}
2022-09-19 13:51:06,767 [Listener at 127.0.0.1/46843] INFO  server.AbstractConnector (AbstractConnector.java:doStart(331)) - Started ServerConnector@23ceb383{HTTP/1.1, (http/1.1)}{0.0.0.0:40289}
2022-09-19 13:51:06,767 [Listener at 127.0.0.1/46843] INFO  server.Server (Server.java:doStart(415)) - Started @9456ms
2022-09-19 13:51:06,767 [Listener at 127.0.0.1/46843] WARN  impl.MetricsSystemImpl (MetricsSystemImpl.java:register(279)) - Sink prometheus already exists!
2022-09-19 13:51:06,768 [Listener at 127.0.0.1/46843] INFO  http.BaseHttpServer (BaseHttpServer.java:updateConnectorAddress(333)) - HTTP server of hddsDatanode listening at http://0.0.0.0:40289
2022-09-19 13:51:06,768 [Datanode State Machine Daemon Thread] INFO  statemachine.DatanodeStateMachine (DatanodeStateMachine.java:lambda$startDaemon$0(492)) - Ozone container server started.
2022-09-19 13:51:06,768 [Listener at 127.0.0.1/46843] WARN  impl.MetricRegistriesImpl (MetricRegistriesImpl.java:addReporterRegistration(111)) - New reporters are added after registries were created. Some metrics will be missing from the reporter. Please add reporter before adding any new registry.
2022-09-19 13:51:06,773 [Listener at 127.0.0.1/46843] WARN  impl.MetricRegistriesImpl (MetricRegistriesImpl.java:addReporterRegistration(111)) - New reporters are added after registries were created. Some metrics will be missing from the reporter. Please add reporter before adding any new registry.
2022-09-19 13:51:06,773 [Listener at 127.0.0.1/46843] INFO  impl.MetricsSystemImpl (MetricsSystemImpl.java:init(158)) - HddsDatanode metrics system started (again)
2022-09-19 13:51:06,785 [org.apache.hadoop.util.JvmPauseMonitor$Monitor@39a67df0] INFO  util.JvmPauseMonitor (JvmPauseMonitor.java:run(188)) - Starting JVM pause monitor
2022-09-19 13:51:06,787 [Datanode State Machine Task Thread - 0] INFO  datanode.InitDatanodeState (InitDatanodeState.java:persistContainerDatanodeDetails(138)) - DatanodeDetails is persisted to /home/runner/work/ozone/ozone/hadoop-ozone/integration-test/target/test-dir/MiniOzoneClusterImpl-dbfde215-b7d4-4534-b4eb-abad1aeb9004/datanode-3/meta/datanode.id
2022-09-19 13:51:06,794 [Listener at 127.0.0.1/46843] INFO  ozone.HddsDatanodeService (HddsDatanodeService.java:start(236)) - HddsDatanodeService host:fv-az196-500.jtpmctcvnzqejnuy0st5dkw3nb.bx.internal.cloudapp.net ip:10.1.0.102
2022-09-19 13:51:06,812 [Listener at 127.0.0.1/46843] INFO  upgrade.AbstractLayoutVersionManager (AbstractLayoutVersionManager.java:init(83)) - Initializing Layout version manager with metadata layout = DATANODE_SCHEMA_V3 (version = 4), software layout = DATANODE_SCHEMA_V3 (version = 4)
2022-09-19 13:51:06,855 [Listener at 127.0.0.1/46843] INFO  reflections.Reflections (Reflections.java:scan(232)) - Reflections took 42 ms to scan 7 urls, producing 135 keys and 327 values 
2022-09-19 13:51:06,856 [Listener at 127.0.0.1/46843] INFO  statemachine.DatanodeStateMachine (DatanodeStateMachine.java:getEndPointTaskThreadPoolSize(237)) - Datanode State Machine Task Thread Pool size 2
2022-09-19 13:51:06,863 [Listener at 127.0.0.1/46843] INFO  volume.HddsVolume (HddsVolume.java:<init>(117)) - Creating HddsVolume: /home/runner/work/ozone/ozone/hadoop-ozone/integration-test/target/test-dir/MiniOzoneClusterImpl-dbfde215-b7d4-4534-b4eb-abad1aeb9004/datanode-4/data-0/containers/hdds of storage type : DISK capacity : 9223372036854775807
2022-09-19 13:51:06,863 [Listener at 127.0.0.1/46843] INFO  volume.MutableVolumeSet (MutableVolumeSet.java:initializeVolumeSet(174)) - Added Volume : /home/runner/work/ozone/ozone/hadoop-ozone/integration-test/target/test-dir/MiniOzoneClusterImpl-dbfde215-b7d4-4534-b4eb-abad1aeb9004/datanode-4/data-0/containers/hdds to VolumeSet
2022-09-19 13:51:06,863 [Listener at 127.0.0.1/46843] INFO  volume.ThrottledAsyncChecker (ThrottledAsyncChecker.java:schedule(141)) - Scheduling a check for /home/runner/work/ozone/ozone/hadoop-ozone/integration-test/target/test-dir/MiniOzoneClusterImpl-dbfde215-b7d4-4534-b4eb-abad1aeb9004/datanode-4/data-0/containers/hdds
2022-09-19 13:51:06,864 [Listener at 127.0.0.1/46843] INFO  volume.StorageVolumeChecker (StorageVolumeChecker.java:checkAllVolumes(202)) - Scheduled health check for volume /home/runner/work/ozone/ozone/hadoop-ozone/integration-test/target/test-dir/MiniOzoneClusterImpl-dbfde215-b7d4-4534-b4eb-abad1aeb9004/datanode-4/data-0/containers/hdds
2022-09-19 13:51:06,875 [Listener at 127.0.0.1/46843] INFO  volume.MutableVolumeSet (MutableVolumeSet.java:initializeVolumeSet(174)) - Added Volume : /home/runner/work/ozone/ozone/hadoop-ozone/integration-test/target/test-dir/MiniOzoneClusterImpl-dbfde215-b7d4-4534-b4eb-abad1aeb9004/datanode-4/data/ratis to VolumeSet
2022-09-19 13:51:06,875 [Listener at 127.0.0.1/46843] INFO  volume.ThrottledAsyncChecker (ThrottledAsyncChecker.java:schedule(141)) - Scheduling a check for /home/runner/work/ozone/ozone/hadoop-ozone/integration-test/target/test-dir/MiniOzoneClusterImpl-dbfde215-b7d4-4534-b4eb-abad1aeb9004/datanode-4/data/ratis
2022-09-19 13:51:06,876 [Listener at 127.0.0.1/46843] INFO  volume.StorageVolumeChecker (StorageVolumeChecker.java:checkAllVolumes(202)) - Scheduled health check for volume /home/runner/work/ozone/ozone/hadoop-ozone/integration-test/target/test-dir/MiniOzoneClusterImpl-dbfde215-b7d4-4534-b4eb-abad1aeb9004/datanode-4/data/ratis
2022-09-19 13:51:06,888 [Thread-190] INFO  ozoneimpl.ContainerReader (ContainerReader.java:readVolume(175)) - Finish verifying containers on volume /home/runner/work/ozone/ozone/hadoop-ozone/integration-test/target/test-dir/MiniOzoneClusterImpl-dbfde215-b7d4-4534-b4eb-abad1aeb9004/datanode-4/data-0/containers/hdds
2022-09-19 13:51:06,889 [Listener at 127.0.0.1/46843] INFO  ozoneimpl.OzoneContainer (OzoneContainer.java:buildContainerSet(300)) - Build ContainerSet costs 0s
2022-09-19 13:51:06,891 [Listener at 127.0.0.1/46843] INFO  server.RaftServer (ConfUtils.java:logGet(46)) - raft.rpc.type = GRPC (default)
2022-09-19 13:51:06,892 [Listener at 127.0.0.1/46843] INFO  grpc.GrpcFactory (GrpcFactory.java:checkPooledByteBufAllocatorUseCacheForAllThreads(48)) - PERFORMANCE WARNING: useCacheForAllThreads is true that may cause Netty to create a lot garbage objects and, as a result, trigger GC.
	It is recommended to disable useCacheForAllThreads by setting -Dorg.apache.ratis.thirdparty.io.netty.allocator.useCacheForAllThreads=false in command line.
2022-09-19 13:51:06,892 [Listener at 127.0.0.1/46843] INFO  grpc.GrpcConfigKeys (ConfUtils.java:logGet(46)) - raft.grpc.admin.port = 0 (custom)
2022-09-19 13:51:06,892 [Listener at 127.0.0.1/46843] INFO  grpc.GrpcConfigKeys (ConfUtils.java:logGet(46)) - raft.grpc.client.port = 0 (custom)
2022-09-19 13:51:06,892 [Listener at 127.0.0.1/46843] INFO  grpc.GrpcConfigKeys (ConfUtils.java:logGet(46)) - raft.grpc.server.port = 0 (default)
2022-09-19 13:51:06,892 [Listener at 127.0.0.1/46843] INFO  server.GrpcService (ConfUtils.java:logGet(46)) - raft.grpc.message.size.max = 32MB (=33554432) (custom)
2022-09-19 13:51:06,892 [Listener at 127.0.0.1/46843] INFO  server.RaftServerConfigKeys (ConfUtils.java:logGet(46)) - raft.server.log.appender.buffer.byte-limit = 33554432 (custom)
2022-09-19 13:51:06,892 [Listener at 127.0.0.1/46843] INFO  server.GrpcService (ConfUtils.java:logGet(46)) - raft.grpc.flow.control.window = 5MB (=5242880) (custom)
2022-09-19 13:51:06,892 [Listener at 127.0.0.1/46843] INFO  server.RaftServerConfigKeys (ConfUtils.java:logGet(46)) - raft.server.rpc.request.timeout = 60s (custom)
2022-09-19 13:51:06,893 [Listener at 127.0.0.1/46843] INFO  grpc.GrpcConfigKeys (ConfUtils.java:logGet(46)) - raft.grpc.server.async.request.thread.pool.cached = true (default)
2022-09-19 13:51:06,893 [Listener at 127.0.0.1/46843] INFO  grpc.GrpcConfigKeys (ConfUtils.java:logGet(46)) - raft.grpc.server.async.request.thread.pool.size = 32 (default)
2022-09-19 13:51:06,894 [Listener at 127.0.0.1/46843] INFO  impl.DataStreamServerImpl (ConfUtils.java:logGet(46)) - raft.datastream.type = DISABLED (default)
2022-09-19 13:51:06,894 [Listener at 127.0.0.1/46843] INFO  server.RaftServerConfigKeys (ConfUtils.java:logGet(46)) - raft.server.threadpool.proxy.cached = true (default)
2022-09-19 13:51:06,894 [Listener at 127.0.0.1/46843] INFO  server.RaftServerConfigKeys (ConfUtils.java:logGet(46)) - raft.server.threadpool.proxy.size = 0 (default)
2022-09-19 13:51:06,894 [Listener at 127.0.0.1/46843] INFO  server.RaftServerConfigKeys (ConfUtils.java:logGet(46)) - raft.server.rpc.slowness.timeout = 300s (custom)
2022-09-19 13:51:06,895 [Listener at 127.0.0.1/46843] INFO  server.RaftServerConfigKeys (ConfUtils.java:logGet(46)) - raft.server.leaderelection.leader.step-down.wait-time = 10s (default)
2022-09-19 13:51:06,895 [Listener at 127.0.0.1/46843] INFO  server.RaftServerConfigKeys (ConfUtils.java:logGet(46)) - raft.server.storage.dir = [/home/runner/work/ozone/ozone/hadoop-ozone/integration-test/target/test-dir/MiniOzoneClusterImpl-dbfde215-b7d4-4534-b4eb-abad1aeb9004/datanode-4/data/ratis] (custom)
2022-09-19 13:51:06,897 [Listener at 127.0.0.1/46843] INFO  server.XceiverServerGrpc (XceiverServerGrpc.java:<init>(132)) - GrpcServer channel type EpollServerSocketChannel
2022-09-19 13:51:06,902 [Listener at 127.0.0.1/46843] INFO  http.BaseHttpServer (BaseHttpServer.java:newHttpServer2BuilderForOzone(213)) - Starting Web-server for hddsDatanode at: http://0.0.0.0:0
2022-09-19 13:51:06,902 [Listener at 127.0.0.1/46843] INFO  http.BaseHttpServer (BaseHttpServer.java:<init>(108)) - Hadoop Security Enabled: false Ozone Security Enabled: false Ozone HTTP Security Enabled: false 
2022-09-19 13:51:06,904 [Listener at 127.0.0.1/46843] INFO  server.AuthenticationFilter (AuthenticationFilter.java:constructSecretProvider(240)) - Unable to initialize FileSignerSecretProvider, falling back to use random secrets.
2022-09-19 13:51:06,905 [Listener at 127.0.0.1/46843] WARN  http.HttpRequestLog (HttpRequestLog.java:getRequestLog(103)) - Jetty request log can only be enabled using Log4j
2022-09-19 13:51:06,907 [Listener at 127.0.0.1/46843] INFO  http.HttpServer2 (HttpServer2.java:addGlobalFilter(1029)) - Added global filter 'safety' (class=org.apache.hadoop.hdds.server.http.HttpServer2$QuotingInputFilter)
2022-09-19 13:51:06,907 [Listener at 127.0.0.1/46843] INFO  http.HttpServer2 (HttpServer2.java:addFilter(1005)) - Added filter static_user_filter (class=org.apache.hadoop.http.lib.StaticUserWebFilter$StaticUserFilter) to context hddsDatanode
2022-09-19 13:51:06,908 [Listener at 127.0.0.1/46843] INFO  http.HttpServer2 (HttpServer2.java:addFilter(1013)) - Added filter static_user_filter (class=org.apache.hadoop.http.lib.StaticUserWebFilter$StaticUserFilter) to context logs
2022-09-19 13:51:06,908 [Listener at 127.0.0.1/46843] INFO  http.HttpServer2 (HttpServer2.java:addFilter(1013)) - Added filter static_user_filter (class=org.apache.hadoop.http.lib.StaticUserWebFilter$StaticUserFilter) to context static
2022-09-19 13:51:06,909 [Listener at 127.0.0.1/46843] INFO  http.HttpServer2 (HttpServer2.java:bindListener(1248)) - Jetty bound to port 35971
2022-09-19 13:51:06,909 [Listener at 127.0.0.1/46843] INFO  server.Server (Server.java:doStart(375)) - jetty-9.4.43.v20210629; built: 2021-06-30T11:07:22.254Z; git: 526006ecfa3af7f1a27ef3a288e2bef7ea9dd7e8; jvm 1.8.0_345-b01
2022-09-19 13:51:06,911 [Listener at 127.0.0.1/46843] INFO  server.session (DefaultSessionIdManager.java:doStart(334)) - DefaultSessionIdManager workerName=node0
2022-09-19 13:51:06,911 [Listener at 127.0.0.1/46843] INFO  server.session (DefaultSessionIdManager.java:doStart(339)) - No SessionScavenger set, using defaults
2022-09-19 13:51:06,911 [Listener at 127.0.0.1/46843] INFO  server.session (HouseKeeper.java:startScavenging(132)) - node0 Scavenging every 600000ms
2022-09-19 13:51:06,912 [Listener at 127.0.0.1/46843] INFO  handler.ContextHandler (ContextHandler.java:doStart(915)) - Started o.e.j.s.ServletContextHandler@420261d2{logs,/logs,file:///home/runner/work/ozone/ozone/hadoop-ozone/integration-test/target/log,AVAILABLE}
2022-09-19 13:51:06,915 [Listener at 127.0.0.1/46843] INFO  handler.ContextHandler (ContextHandler.java:doStart(915)) - Started o.e.j.s.ServletContextHandler@26007a02{static,/static,jar:file:/home/runner/.m2/repository/org/apache/ozone/hdds-container-service/1.3.0-SNAPSHOT/hdds-container-service-1.3.0-SNAPSHOT.jar!/webapps/static,AVAILABLE}
2022-09-19 13:51:07,081 [Listener at 127.0.0.1/46843] INFO  handler.ContextHandler (ContextHandler.java:doStart(915)) - Started o.e.j.w.WebAppContext@b28d8fc{hddsDatanode,/,file:///tmp/jetty-0_0_0_0-35971-hdds-container-service-1_3_0-SNAPSHOT_jar-_-any-103301296770363805/webapp/,AVAILABLE}{jar:file:/home/runner/.m2/repository/org/apache/ozone/hdds-container-service/1.3.0-SNAPSHOT/hdds-container-service-1.3.0-SNAPSHOT.jar!/webapps/hddsDatanode}
2022-09-19 13:51:07,083 [Listener at 127.0.0.1/46843] INFO  server.AbstractConnector (AbstractConnector.java:doStart(331)) - Started ServerConnector@1e0f6ad3{HTTP/1.1, (http/1.1)}{0.0.0.0:35971}
2022-09-19 13:51:07,083 [Listener at 127.0.0.1/46843] INFO  server.Server (Server.java:doStart(415)) - Started @9773ms
2022-09-19 13:51:07,083 [Listener at 127.0.0.1/46843] WARN  impl.MetricsSystemImpl (MetricsSystemImpl.java:register(279)) - Sink prometheus already exists!
2022-09-19 13:51:07,084 [Listener at 127.0.0.1/46843] INFO  http.BaseHttpServer (BaseHttpServer.java:updateConnectorAddress(333)) - HTTP server of hddsDatanode listening at http://0.0.0.0:35971
2022-09-19 13:51:07,084 [Datanode State Machine Daemon Thread] INFO  statemachine.DatanodeStateMachine (DatanodeStateMachine.java:lambda$startDaemon$0(492)) - Ozone container server started.
2022-09-19 13:51:07,085 [Listener at 127.0.0.1/46843] WARN  impl.MetricRegistriesImpl (MetricRegistriesImpl.java:addReporterRegistration(111)) - New reporters are added after registries were created. Some metrics will be missing from the reporter. Please add reporter before adding any new registry.
2022-09-19 13:51:07,086 [Listener at 127.0.0.1/46843] WARN  impl.MetricRegistriesImpl (MetricRegistriesImpl.java:addReporterRegistration(111)) - New reporters are added after registries were created. Some metrics will be missing from the reporter. Please add reporter before adding any new registry.
2022-09-19 13:51:07,086 [Listener at 127.0.0.1/46843] INFO  impl.MetricsSystemImpl (MetricsSystemImpl.java:init(158)) - HddsDatanode metrics system started (again)
2022-09-19 13:51:07,097 [org.apache.hadoop.util.JvmPauseMonitor$Monitor@4f86e2e] INFO  util.JvmPauseMonitor (JvmPauseMonitor.java:run(188)) - Starting JVM pause monitor
2022-09-19 13:51:07,099 [Datanode State Machine Task Thread - 0] INFO  datanode.InitDatanodeState (InitDatanodeState.java:persistContainerDatanodeDetails(138)) - DatanodeDetails is persisted to /home/runner/work/ozone/ozone/hadoop-ozone/integration-test/target/test-dir/MiniOzoneClusterImpl-dbfde215-b7d4-4534-b4eb-abad1aeb9004/datanode-4/meta/datanode.id
2022-09-19 13:51:07,099 [Listener at 127.0.0.1/46843] INFO  ozone.HddsDatanodeService (HddsDatanodeService.java:start(236)) - HddsDatanodeService host:fv-az196-500.jtpmctcvnzqejnuy0st5dkw3nb.bx.internal.cloudapp.net ip:10.1.0.102
2022-09-19 13:51:07,120 [Listener at 127.0.0.1/46843] INFO  upgrade.AbstractLayoutVersionManager (AbstractLayoutVersionManager.java:init(83)) - Initializing Layout version manager with metadata layout = DATANODE_SCHEMA_V3 (version = 4), software layout = DATANODE_SCHEMA_V3 (version = 4)
2022-09-19 13:51:07,162 [Listener at 127.0.0.1/46843] INFO  reflections.Reflections (Reflections.java:scan(232)) - Reflections took 40 ms to scan 7 urls, producing 135 keys and 327 values 
2022-09-19 13:51:07,163 [Listener at 127.0.0.1/46843] INFO  statemachine.DatanodeStateMachine (DatanodeStateMachine.java:getEndPointTaskThreadPoolSize(237)) - Datanode State Machine Task Thread Pool size 2
2022-09-19 13:51:07,167 [Listener at 127.0.0.1/46843] INFO  volume.HddsVolume (HddsVolume.java:<init>(117)) - Creating HddsVolume: /home/runner/work/ozone/ozone/hadoop-ozone/integration-test/target/test-dir/MiniOzoneClusterImpl-dbfde215-b7d4-4534-b4eb-abad1aeb9004/datanode-5/data-0/containers/hdds of storage type : DISK capacity : 9223372036854775807
2022-09-19 13:51:07,167 [Listener at 127.0.0.1/46843] INFO  volume.MutableVolumeSet (MutableVolumeSet.java:initializeVolumeSet(174)) - Added Volume : /home/runner/work/ozone/ozone/hadoop-ozone/integration-test/target/test-dir/MiniOzoneClusterImpl-dbfde215-b7d4-4534-b4eb-abad1aeb9004/datanode-5/data-0/containers/hdds to VolumeSet
2022-09-19 13:51:07,167 [Listener at 127.0.0.1/46843] INFO  volume.ThrottledAsyncChecker (ThrottledAsyncChecker.java:schedule(141)) - Scheduling a check for /home/runner/work/ozone/ozone/hadoop-ozone/integration-test/target/test-dir/MiniOzoneClusterImpl-dbfde215-b7d4-4534-b4eb-abad1aeb9004/datanode-5/data-0/containers/hdds
2022-09-19 13:51:07,170 [Listener at 127.0.0.1/46843] INFO  volume.StorageVolumeChecker (StorageVolumeChecker.java:checkAllVolumes(202)) - Scheduled health check for volume /home/runner/work/ozone/ozone/hadoop-ozone/integration-test/target/test-dir/MiniOzoneClusterImpl-dbfde215-b7d4-4534-b4eb-abad1aeb9004/datanode-5/data-0/containers/hdds
2022-09-19 13:51:07,181 [Listener at 127.0.0.1/46843] INFO  volume.MutableVolumeSet (MutableVolumeSet.java:initializeVolumeSet(174)) - Added Volume : /home/runner/work/ozone/ozone/hadoop-ozone/integration-test/target/test-dir/MiniOzoneClusterImpl-dbfde215-b7d4-4534-b4eb-abad1aeb9004/datanode-5/data/ratis to VolumeSet
2022-09-19 13:51:07,181 [Listener at 127.0.0.1/46843] INFO  volume.ThrottledAsyncChecker (ThrottledAsyncChecker.java:schedule(141)) - Scheduling a check for /home/runner/work/ozone/ozone/hadoop-ozone/integration-test/target/test-dir/MiniOzoneClusterImpl-dbfde215-b7d4-4534-b4eb-abad1aeb9004/datanode-5/data/ratis
2022-09-19 13:51:07,181 [Listener at 127.0.0.1/46843] INFO  volume.StorageVolumeChecker (StorageVolumeChecker.java:checkAllVolumes(202)) - Scheduled health check for volume /home/runner/work/ozone/ozone/hadoop-ozone/integration-test/target/test-dir/MiniOzoneClusterImpl-dbfde215-b7d4-4534-b4eb-abad1aeb9004/datanode-5/data/ratis
2022-09-19 13:51:07,192 [Thread-203] INFO  ozoneimpl.ContainerReader (ContainerReader.java:readVolume(175)) - Finish verifying containers on volume /home/runner/work/ozone/ozone/hadoop-ozone/integration-test/target/test-dir/MiniOzoneClusterImpl-dbfde215-b7d4-4534-b4eb-abad1aeb9004/datanode-5/data-0/containers/hdds
2022-09-19 13:51:07,192 [Listener at 127.0.0.1/46843] INFO  ozoneimpl.OzoneContainer (OzoneContainer.java:buildContainerSet(300)) - Build ContainerSet costs 0s
2022-09-19 13:51:07,195 [Listener at 127.0.0.1/46843] INFO  server.RaftServer (ConfUtils.java:logGet(46)) - raft.rpc.type = GRPC (default)
2022-09-19 13:51:07,195 [Listener at 127.0.0.1/46843] INFO  grpc.GrpcFactory (GrpcFactory.java:checkPooledByteBufAllocatorUseCacheForAllThreads(48)) - PERFORMANCE WARNING: useCacheForAllThreads is true that may cause Netty to create a lot garbage objects and, as a result, trigger GC.
	It is recommended to disable useCacheForAllThreads by setting -Dorg.apache.ratis.thirdparty.io.netty.allocator.useCacheForAllThreads=false in command line.
2022-09-19 13:51:07,195 [Listener at 127.0.0.1/46843] INFO  grpc.GrpcConfigKeys (ConfUtils.java:logGet(46)) - raft.grpc.admin.port = 0 (custom)
2022-09-19 13:51:07,196 [Listener at 127.0.0.1/46843] INFO  grpc.GrpcConfigKeys (ConfUtils.java:logGet(46)) - raft.grpc.client.port = 0 (custom)
2022-09-19 13:51:07,196 [Listener at 127.0.0.1/46843] INFO  grpc.GrpcConfigKeys (ConfUtils.java:logGet(46)) - raft.grpc.server.port = 0 (default)
2022-09-19 13:51:07,196 [Listener at 127.0.0.1/46843] INFO  server.GrpcService (ConfUtils.java:logGet(46)) - raft.grpc.message.size.max = 32MB (=33554432) (custom)
2022-09-19 13:51:07,196 [Listener at 127.0.0.1/46843] INFO  server.RaftServerConfigKeys (ConfUtils.java:logGet(46)) - raft.server.log.appender.buffer.byte-limit = 33554432 (custom)
2022-09-19 13:51:07,196 [Listener at 127.0.0.1/46843] INFO  server.GrpcService (ConfUtils.java:logGet(46)) - raft.grpc.flow.control.window = 5MB (=5242880) (custom)
2022-09-19 13:51:07,196 [Listener at 127.0.0.1/46843] INFO  server.RaftServerConfigKeys (ConfUtils.java:logGet(46)) - raft.server.rpc.request.timeout = 60s (custom)
2022-09-19 13:51:07,196 [Listener at 127.0.0.1/46843] INFO  grpc.GrpcConfigKeys (ConfUtils.java:logGet(46)) - raft.grpc.server.async.request.thread.pool.cached = true (default)
2022-09-19 13:51:07,196 [Listener at 127.0.0.1/46843] INFO  grpc.GrpcConfigKeys (ConfUtils.java:logGet(46)) - raft.grpc.server.async.request.thread.pool.size = 32 (default)
2022-09-19 13:51:07,198 [Listener at 127.0.0.1/46843] INFO  impl.DataStreamServerImpl (ConfUtils.java:logGet(46)) - raft.datastream.type = DISABLED (default)
2022-09-19 13:51:07,198 [Listener at 127.0.0.1/46843] INFO  server.RaftServerConfigKeys (ConfUtils.java:logGet(46)) - raft.server.threadpool.proxy.cached = true (default)
2022-09-19 13:51:07,198 [Listener at 127.0.0.1/46843] INFO  server.RaftServerConfigKeys (ConfUtils.java:logGet(46)) - raft.server.threadpool.proxy.size = 0 (default)
2022-09-19 13:51:07,198 [Listener at 127.0.0.1/46843] INFO  server.RaftServerConfigKeys (ConfUtils.java:logGet(46)) - raft.server.rpc.slowness.timeout = 300s (custom)
2022-09-19 13:51:07,198 [Listener at 127.0.0.1/46843] INFO  server.RaftServerConfigKeys (ConfUtils.java:logGet(46)) - raft.server.leaderelection.leader.step-down.wait-time = 10s (default)
2022-09-19 13:51:07,201 [Listener at 127.0.0.1/46843] INFO  server.RaftServerConfigKeys (ConfUtils.java:logGet(46)) - raft.server.storage.dir = [/home/runner/work/ozone/ozone/hadoop-ozone/integration-test/target/test-dir/MiniOzoneClusterImpl-dbfde215-b7d4-4534-b4eb-abad1aeb9004/datanode-5/data/ratis] (custom)
2022-09-19 13:51:07,202 [Listener at 127.0.0.1/46843] INFO  server.XceiverServerGrpc (XceiverServerGrpc.java:<init>(132)) - GrpcServer channel type EpollServerSocketChannel
2022-09-19 13:51:07,205 [Listener at 127.0.0.1/46843] INFO  http.BaseHttpServer (BaseHttpServer.java:newHttpServer2BuilderForOzone(213)) - Starting Web-server for hddsDatanode at: http://0.0.0.0:0
2022-09-19 13:51:07,205 [Listener at 127.0.0.1/46843] INFO  http.BaseHttpServer (BaseHttpServer.java:<init>(108)) - Hadoop Security Enabled: false Ozone Security Enabled: false Ozone HTTP Security Enabled: false 
2022-09-19 13:51:07,207 [Listener at 127.0.0.1/46843] INFO  server.AuthenticationFilter (AuthenticationFilter.java:constructSecretProvider(240)) - Unable to initialize FileSignerSecretProvider, falling back to use random secrets.
2022-09-19 13:51:07,207 [Listener at 127.0.0.1/46843] WARN  http.HttpRequestLog (HttpRequestLog.java:getRequestLog(103)) - Jetty request log can only be enabled using Log4j
2022-09-19 13:51:07,208 [Listener at 127.0.0.1/46843] INFO  http.HttpServer2 (HttpServer2.java:addGlobalFilter(1029)) - Added global filter 'safety' (class=org.apache.hadoop.hdds.server.http.HttpServer2$QuotingInputFilter)
2022-09-19 13:51:07,209 [Listener at 127.0.0.1/46843] INFO  http.HttpServer2 (HttpServer2.java:addFilter(1005)) - Added filter static_user_filter (class=org.apache.hadoop.http.lib.StaticUserWebFilter$StaticUserFilter) to context hddsDatanode
2022-09-19 13:51:07,209 [Listener at 127.0.0.1/46843] INFO  http.HttpServer2 (HttpServer2.java:addFilter(1013)) - Added filter static_user_filter (class=org.apache.hadoop.http.lib.StaticUserWebFilter$StaticUserFilter) to context logs
2022-09-19 13:51:07,209 [Listener at 127.0.0.1/46843] INFO  http.HttpServer2 (HttpServer2.java:addFilter(1013)) - Added filter static_user_filter (class=org.apache.hadoop.http.lib.StaticUserWebFilter$StaticUserFilter) to context static
2022-09-19 13:51:07,210 [Listener at 127.0.0.1/46843] INFO  http.HttpServer2 (HttpServer2.java:bindListener(1248)) - Jetty bound to port 33803
2022-09-19 13:51:07,210 [Listener at 127.0.0.1/46843] INFO  server.Server (Server.java:doStart(375)) - jetty-9.4.43.v20210629; built: 2021-06-30T11:07:22.254Z; git: 526006ecfa3af7f1a27ef3a288e2bef7ea9dd7e8; jvm 1.8.0_345-b01
2022-09-19 13:51:07,211 [Listener at 127.0.0.1/46843] INFO  server.session (DefaultSessionIdManager.java:doStart(334)) - DefaultSessionIdManager workerName=node0
2022-09-19 13:51:07,211 [Listener at 127.0.0.1/46843] INFO  server.session (DefaultSessionIdManager.java:doStart(339)) - No SessionScavenger set, using defaults
2022-09-19 13:51:07,211 [Listener at 127.0.0.1/46843] INFO  server.session (HouseKeeper.java:startScavenging(132)) - node0 Scavenging every 600000ms
2022-09-19 13:51:07,213 [Listener at 127.0.0.1/46843] INFO  handler.ContextHandler (ContextHandler.java:doStart(915)) - Started o.e.j.s.ServletContextHandler@1e2c25d4{logs,/logs,file:///home/runner/work/ozone/ozone/hadoop-ozone/integration-test/target/log,AVAILABLE}
2022-09-19 13:51:07,214 [Listener at 127.0.0.1/46843] INFO  handler.ContextHandler (ContextHandler.java:doStart(915)) - Started o.e.j.s.ServletContextHandler@cc89be1{static,/static,jar:file:/home/runner/.m2/repository/org/apache/ozone/hdds-container-service/1.3.0-SNAPSHOT/hdds-container-service-1.3.0-SNAPSHOT.jar!/webapps/static,AVAILABLE}
2022-09-19 13:51:07,378 [Listener at 127.0.0.1/46843] INFO  handler.ContextHandler (ContextHandler.java:doStart(915)) - Started o.e.j.w.WebAppContext@501ccde9{hddsDatanode,/,file:///tmp/jetty-0_0_0_0-33803-hdds-container-service-1_3_0-SNAPSHOT_jar-_-any-3701785491345948980/webapp/,AVAILABLE}{jar:file:/home/runner/.m2/repository/org/apache/ozone/hdds-container-service/1.3.0-SNAPSHOT/hdds-container-service-1.3.0-SNAPSHOT.jar!/webapps/hddsDatanode}
2022-09-19 13:51:07,379 [Listener at 127.0.0.1/46843] INFO  server.AbstractConnector (AbstractConnector.java:doStart(331)) - Started ServerConnector@12855c52{HTTP/1.1, (http/1.1)}{0.0.0.0:33803}
2022-09-19 13:51:07,379 [Listener at 127.0.0.1/46843] INFO  server.Server (Server.java:doStart(415)) - Started @10069ms
2022-09-19 13:51:07,379 [Listener at 127.0.0.1/46843] WARN  impl.MetricsSystemImpl (MetricsSystemImpl.java:register(279)) - Sink prometheus already exists!
2022-09-19 13:51:07,380 [Listener at 127.0.0.1/46843] INFO  http.BaseHttpServer (BaseHttpServer.java:updateConnectorAddress(333)) - HTTP server of hddsDatanode listening at http://0.0.0.0:33803
2022-09-19 13:51:07,382 [Listener at 127.0.0.1/46843] WARN  impl.MetricRegistriesImpl (MetricRegistriesImpl.java:addReporterRegistration(111)) - New reporters are added after registries were created. Some metrics will be missing from the reporter. Please add reporter before adding any new registry.
2022-09-19 13:51:07,382 [Listener at 127.0.0.1/46843] WARN  impl.MetricRegistriesImpl (MetricRegistriesImpl.java:addReporterRegistration(111)) - New reporters are added after registries were created. Some metrics will be missing from the reporter. Please add reporter before adding any new registry.
2022-09-19 13:51:07,382 [Listener at 127.0.0.1/46843] INFO  impl.MetricsSystemImpl (MetricsSystemImpl.java:init(158)) - HddsDatanode metrics system started (again)
2022-09-19 13:51:07,382 [Datanode State Machine Daemon Thread] INFO  statemachine.DatanodeStateMachine (DatanodeStateMachine.java:lambda$startDaemon$0(492)) - Ozone container server started.
2022-09-19 13:51:07,394 [org.apache.hadoop.util.JvmPauseMonitor$Monitor@3c67dfb7] INFO  util.JvmPauseMonitor (JvmPauseMonitor.java:run(188)) - Starting JVM pause monitor
2022-09-19 13:51:07,395 [Listener at 127.0.0.1/46843] INFO  ozone.HddsDatanodeService (HddsDatanodeService.java:start(236)) - HddsDatanodeService host:fv-az196-500.jtpmctcvnzqejnuy0st5dkw3nb.bx.internal.cloudapp.net ip:10.1.0.102
2022-09-19 13:51:07,401 [Datanode State Machine Task Thread - 0] INFO  datanode.InitDatanodeState (InitDatanodeState.java:persistContainerDatanodeDetails(138)) - DatanodeDetails is persisted to /home/runner/work/ozone/ozone/hadoop-ozone/integration-test/target/test-dir/MiniOzoneClusterImpl-dbfde215-b7d4-4534-b4eb-abad1aeb9004/datanode-5/meta/datanode.id
2022-09-19 13:51:07,413 [Listener at 127.0.0.1/46843] INFO  upgrade.AbstractLayoutVersionManager (AbstractLayoutVersionManager.java:init(83)) - Initializing Layout version manager with metadata layout = DATANODE_SCHEMA_V3 (version = 4), software layout = DATANODE_SCHEMA_V3 (version = 4)
2022-09-19 13:51:07,455 [Listener at 127.0.0.1/46843] INFO  reflections.Reflections (Reflections.java:scan(232)) - Reflections took 40 ms to scan 7 urls, producing 135 keys and 327 values 
2022-09-19 13:51:07,457 [Listener at 127.0.0.1/46843] INFO  statemachine.DatanodeStateMachine (DatanodeStateMachine.java:getEndPointTaskThreadPoolSize(237)) - Datanode State Machine Task Thread Pool size 2
2022-09-19 13:51:07,459 [Listener at 127.0.0.1/46843] INFO  volume.HddsVolume (HddsVolume.java:<init>(117)) - Creating HddsVolume: /home/runner/work/ozone/ozone/hadoop-ozone/integration-test/target/test-dir/MiniOzoneClusterImpl-dbfde215-b7d4-4534-b4eb-abad1aeb9004/datanode-6/data-0/containers/hdds of storage type : DISK capacity : 9223372036854775807
2022-09-19 13:51:07,459 [Listener at 127.0.0.1/46843] INFO  volume.MutableVolumeSet (MutableVolumeSet.java:initializeVolumeSet(174)) - Added Volume : /home/runner/work/ozone/ozone/hadoop-ozone/integration-test/target/test-dir/MiniOzoneClusterImpl-dbfde215-b7d4-4534-b4eb-abad1aeb9004/datanode-6/data-0/containers/hdds to VolumeSet
2022-09-19 13:51:07,460 [Listener at 127.0.0.1/46843] INFO  volume.ThrottledAsyncChecker (ThrottledAsyncChecker.java:schedule(141)) - Scheduling a check for /home/runner/work/ozone/ozone/hadoop-ozone/integration-test/target/test-dir/MiniOzoneClusterImpl-dbfde215-b7d4-4534-b4eb-abad1aeb9004/datanode-6/data-0/containers/hdds
2022-09-19 13:51:07,461 [Listener at 127.0.0.1/46843] INFO  volume.StorageVolumeChecker (StorageVolumeChecker.java:checkAllVolumes(202)) - Scheduled health check for volume /home/runner/work/ozone/ozone/hadoop-ozone/integration-test/target/test-dir/MiniOzoneClusterImpl-dbfde215-b7d4-4534-b4eb-abad1aeb9004/datanode-6/data-0/containers/hdds
2022-09-19 13:51:07,473 [Listener at 127.0.0.1/46843] INFO  volume.MutableVolumeSet (MutableVolumeSet.java:initializeVolumeSet(174)) - Added Volume : /home/runner/work/ozone/ozone/hadoop-ozone/integration-test/target/test-dir/MiniOzoneClusterImpl-dbfde215-b7d4-4534-b4eb-abad1aeb9004/datanode-6/data/ratis to VolumeSet
2022-09-19 13:51:07,473 [Listener at 127.0.0.1/46843] INFO  volume.ThrottledAsyncChecker (ThrottledAsyncChecker.java:schedule(141)) - Scheduling a check for /home/runner/work/ozone/ozone/hadoop-ozone/integration-test/target/test-dir/MiniOzoneClusterImpl-dbfde215-b7d4-4534-b4eb-abad1aeb9004/datanode-6/data/ratis
2022-09-19 13:51:07,473 [Listener at 127.0.0.1/46843] INFO  volume.StorageVolumeChecker (StorageVolumeChecker.java:checkAllVolumes(202)) - Scheduled health check for volume /home/runner/work/ozone/ozone/hadoop-ozone/integration-test/target/test-dir/MiniOzoneClusterImpl-dbfde215-b7d4-4534-b4eb-abad1aeb9004/datanode-6/data/ratis
2022-09-19 13:51:07,490 [Thread-216] INFO  ozoneimpl.ContainerReader (ContainerReader.java:readVolume(175)) - Finish verifying containers on volume /home/runner/work/ozone/ozone/hadoop-ozone/integration-test/target/test-dir/MiniOzoneClusterImpl-dbfde215-b7d4-4534-b4eb-abad1aeb9004/datanode-6/data-0/containers/hdds
2022-09-19 13:51:07,490 [Listener at 127.0.0.1/46843] INFO  ozoneimpl.OzoneContainer (OzoneContainer.java:buildContainerSet(300)) - Build ContainerSet costs 0s
2022-09-19 13:51:07,493 [Listener at 127.0.0.1/46843] INFO  server.RaftServer (ConfUtils.java:logGet(46)) - raft.rpc.type = GRPC (default)
2022-09-19 13:51:07,493 [Listener at 127.0.0.1/46843] INFO  grpc.GrpcFactory (GrpcFactory.java:checkPooledByteBufAllocatorUseCacheForAllThreads(48)) - PERFORMANCE WARNING: useCacheForAllThreads is true that may cause Netty to create a lot garbage objects and, as a result, trigger GC.
	It is recommended to disable useCacheForAllThreads by setting -Dorg.apache.ratis.thirdparty.io.netty.allocator.useCacheForAllThreads=false in command line.
2022-09-19 13:51:07,493 [Listener at 127.0.0.1/46843] INFO  grpc.GrpcConfigKeys (ConfUtils.java:logGet(46)) - raft.grpc.admin.port = 0 (custom)
2022-09-19 13:51:07,493 [Listener at 127.0.0.1/46843] INFO  grpc.GrpcConfigKeys (ConfUtils.java:logGet(46)) - raft.grpc.client.port = 0 (custom)
2022-09-19 13:51:07,493 [Listener at 127.0.0.1/46843] INFO  grpc.GrpcConfigKeys (ConfUtils.java:logGet(46)) - raft.grpc.server.port = 0 (default)
2022-09-19 13:51:07,493 [Listener at 127.0.0.1/46843] INFO  server.GrpcService (ConfUtils.java:logGet(46)) - raft.grpc.message.size.max = 32MB (=33554432) (custom)
2022-09-19 13:51:07,495 [Listener at 127.0.0.1/46843] INFO  server.RaftServerConfigKeys (ConfUtils.java:logGet(46)) - raft.server.log.appender.buffer.byte-limit = 33554432 (custom)
2022-09-19 13:51:07,495 [Listener at 127.0.0.1/46843] INFO  server.GrpcService (ConfUtils.java:logGet(46)) - raft.grpc.flow.control.window = 5MB (=5242880) (custom)
2022-09-19 13:51:07,496 [Listener at 127.0.0.1/46843] INFO  server.RaftServerConfigKeys (ConfUtils.java:logGet(46)) - raft.server.rpc.request.timeout = 60s (custom)
2022-09-19 13:51:07,496 [Listener at 127.0.0.1/46843] INFO  grpc.GrpcConfigKeys (ConfUtils.java:logGet(46)) - raft.grpc.server.async.request.thread.pool.cached = true (default)
2022-09-19 13:51:07,496 [Listener at 127.0.0.1/46843] INFO  grpc.GrpcConfigKeys (ConfUtils.java:logGet(46)) - raft.grpc.server.async.request.thread.pool.size = 32 (default)
2022-09-19 13:51:07,497 [Listener at 127.0.0.1/46843] INFO  impl.DataStreamServerImpl (ConfUtils.java:logGet(46)) - raft.datastream.type = DISABLED (default)
2022-09-19 13:51:07,498 [Listener at 127.0.0.1/46843] INFO  server.RaftServerConfigKeys (ConfUtils.java:logGet(46)) - raft.server.threadpool.proxy.cached = true (default)
2022-09-19 13:51:07,498 [Listener at 127.0.0.1/46843] INFO  server.RaftServerConfigKeys (ConfUtils.java:logGet(46)) - raft.server.threadpool.proxy.size = 0 (default)
2022-09-19 13:51:07,498 [Listener at 127.0.0.1/46843] INFO  server.RaftServerConfigKeys (ConfUtils.java:logGet(46)) - raft.server.rpc.slowness.timeout = 300s (custom)
2022-09-19 13:51:07,498 [Listener at 127.0.0.1/46843] INFO  server.RaftServerConfigKeys (ConfUtils.java:logGet(46)) - raft.server.leaderelection.leader.step-down.wait-time = 10s (default)
2022-09-19 13:51:07,498 [Listener at 127.0.0.1/46843] INFO  server.RaftServerConfigKeys (ConfUtils.java:logGet(46)) - raft.server.storage.dir = [/home/runner/work/ozone/ozone/hadoop-ozone/integration-test/target/test-dir/MiniOzoneClusterImpl-dbfde215-b7d4-4534-b4eb-abad1aeb9004/datanode-6/data/ratis] (custom)
2022-09-19 13:51:07,500 [Listener at 127.0.0.1/46843] INFO  server.XceiverServerGrpc (XceiverServerGrpc.java:<init>(132)) - GrpcServer channel type EpollServerSocketChannel
2022-09-19 13:51:07,504 [Listener at 127.0.0.1/46843] INFO  http.BaseHttpServer (BaseHttpServer.java:newHttpServer2BuilderForOzone(213)) - Starting Web-server for hddsDatanode at: http://0.0.0.0:0
2022-09-19 13:51:07,504 [Listener at 127.0.0.1/46843] INFO  http.BaseHttpServer (BaseHttpServer.java:<init>(108)) - Hadoop Security Enabled: false Ozone Security Enabled: false Ozone HTTP Security Enabled: false 
2022-09-19 13:51:07,505 [Listener at 127.0.0.1/46843] INFO  server.AuthenticationFilter (AuthenticationFilter.java:constructSecretProvider(240)) - Unable to initialize FileSignerSecretProvider, falling back to use random secrets.
2022-09-19 13:51:07,506 [Listener at 127.0.0.1/46843] WARN  http.HttpRequestLog (HttpRequestLog.java:getRequestLog(103)) - Jetty request log can only be enabled using Log4j
2022-09-19 13:51:07,507 [Listener at 127.0.0.1/46843] INFO  http.HttpServer2 (HttpServer2.java:addGlobalFilter(1029)) - Added global filter 'safety' (class=org.apache.hadoop.hdds.server.http.HttpServer2$QuotingInputFilter)
2022-09-19 13:51:07,508 [Listener at 127.0.0.1/46843] INFO  http.HttpServer2 (HttpServer2.java:addFilter(1005)) - Added filter static_user_filter (class=org.apache.hadoop.http.lib.StaticUserWebFilter$StaticUserFilter) to context hddsDatanode
2022-09-19 13:51:07,508 [Listener at 127.0.0.1/46843] INFO  http.HttpServer2 (HttpServer2.java:addFilter(1013)) - Added filter static_user_filter (class=org.apache.hadoop.http.lib.StaticUserWebFilter$StaticUserFilter) to context logs
2022-09-19 13:51:07,508 [Listener at 127.0.0.1/46843] INFO  http.HttpServer2 (HttpServer2.java:addFilter(1013)) - Added filter static_user_filter (class=org.apache.hadoop.http.lib.StaticUserWebFilter$StaticUserFilter) to context static
2022-09-19 13:51:07,508 [Listener at 127.0.0.1/46843] INFO  http.HttpServer2 (HttpServer2.java:bindListener(1248)) - Jetty bound to port 40311
2022-09-19 13:51:07,508 [Listener at 127.0.0.1/46843] INFO  server.Server (Server.java:doStart(375)) - jetty-9.4.43.v20210629; built: 2021-06-30T11:07:22.254Z; git: 526006ecfa3af7f1a27ef3a288e2bef7ea9dd7e8; jvm 1.8.0_345-b01
2022-09-19 13:51:07,510 [Listener at 127.0.0.1/46843] INFO  server.session (DefaultSessionIdManager.java:doStart(334)) - DefaultSessionIdManager workerName=node0
2022-09-19 13:51:07,510 [Listener at 127.0.0.1/46843] INFO  server.session (DefaultSessionIdManager.java:doStart(339)) - No SessionScavenger set, using defaults
2022-09-19 13:51:07,510 [Listener at 127.0.0.1/46843] INFO  server.session (HouseKeeper.java:startScavenging(132)) - node0 Scavenging every 660000ms
2022-09-19 13:51:07,511 [Listener at 127.0.0.1/46843] INFO  handler.ContextHandler (ContextHandler.java:doStart(915)) - Started o.e.j.s.ServletContextHandler@616becf9{logs,/logs,file:///home/runner/work/ozone/ozone/hadoop-ozone/integration-test/target/log,AVAILABLE}
2022-09-19 13:51:07,511 [Listener at 127.0.0.1/46843] INFO  handler.ContextHandler (ContextHandler.java:doStart(915)) - Started o.e.j.s.ServletContextHandler@5924531f{static,/static,jar:file:/home/runner/.m2/repository/org/apache/ozone/hdds-container-service/1.3.0-SNAPSHOT/hdds-container-service-1.3.0-SNAPSHOT.jar!/webapps/static,AVAILABLE}
2022-09-19 13:51:07,741 [Listener at 127.0.0.1/46843] INFO  handler.ContextHandler (ContextHandler.java:doStart(915)) - Started o.e.j.w.WebAppContext@628f8ac1{hddsDatanode,/,file:///tmp/jetty-0_0_0_0-40311-hdds-container-service-1_3_0-SNAPSHOT_jar-_-any-7211812224981401444/webapp/,AVAILABLE}{jar:file:/home/runner/.m2/repository/org/apache/ozone/hdds-container-service/1.3.0-SNAPSHOT/hdds-container-service-1.3.0-SNAPSHOT.jar!/webapps/hddsDatanode}
2022-09-19 13:51:07,745 [Listener at 127.0.0.1/46843] INFO  server.AbstractConnector (AbstractConnector.java:doStart(331)) - Started ServerConnector@44498af0{HTTP/1.1, (http/1.1)}{0.0.0.0:40311}
2022-09-19 13:51:07,745 [Listener at 127.0.0.1/46843] INFO  server.Server (Server.java:doStart(415)) - Started @10434ms
2022-09-19 13:51:07,745 [Listener at 127.0.0.1/46843] WARN  impl.MetricsSystemImpl (MetricsSystemImpl.java:register(279)) - Sink prometheus already exists!
2022-09-19 13:51:07,746 [Listener at 127.0.0.1/46843] INFO  http.BaseHttpServer (BaseHttpServer.java:updateConnectorAddress(333)) - HTTP server of hddsDatanode listening at http://0.0.0.0:40311
2022-09-19 13:51:07,748 [Listener at 127.0.0.1/46843] INFO  ozone.MiniOzoneClusterImpl (MiniOzoneClusterImpl.java:lambda$waitForClusterToBeReady$0(216)) - Waiting for nodes to be ready. Got 0 of 7 DN Heartbeats.
2022-09-19 13:51:07,748 [Listener at 127.0.0.1/46843] INFO  ozone.MiniOzoneClusterImpl (MiniOzoneClusterImpl.java:lambda$waitForClusterToBeReady$0(219)) - Waiting for cluster to exit safe mode
2022-09-19 13:51:07,748 [Listener at 127.0.0.1/46843] INFO  ozone.MiniOzoneClusterImpl (MiniOzoneClusterImpl.java:lambda$waitForClusterToBeReady$0(221)) - SCM became leader
2022-09-19 13:51:07,749 [Datanode State Machine Daemon Thread] INFO  statemachine.DatanodeStateMachine (DatanodeStateMachine.java:lambda$startDaemon$0(492)) - Ozone container server started.
2022-09-19 13:51:07,769 [org.apache.hadoop.util.JvmPauseMonitor$Monitor@6e9852af] INFO  util.JvmPauseMonitor (JvmPauseMonitor.java:run(188)) - Starting JVM pause monitor
2022-09-19 13:51:07,775 [Datanode State Machine Task Thread - 0] INFO  datanode.InitDatanodeState (InitDatanodeState.java:persistContainerDatanodeDetails(138)) - DatanodeDetails is persisted to /home/runner/work/ozone/ozone/hadoop-ozone/integration-test/target/test-dir/MiniOzoneClusterImpl-dbfde215-b7d4-4534-b4eb-abad1aeb9004/datanode-6/meta/datanode.id
2022-09-19 13:51:07,787 [EndpointStateMachine task thread for /0.0.0.0:34877 - 0 ] INFO  volume.HddsVolume (HddsVolume.java:createDbStore(307)) - SchemaV3 db is created and loaded at /home/runner/work/ozone/ozone/hadoop-ozone/integration-test/target/test-dir/MiniOzoneClusterImpl-dbfde215-b7d4-4534-b4eb-abad1aeb9004/datanode-0/data-0/containers/hdds/dbfde215-b7d4-4534-b4eb-abad1aeb9004/DS-ceaf6584-5a69-44f1-a91d-d8232a7687c4/container.db for volume DS-ceaf6584-5a69-44f1-a91d-d8232a7687c4
2022-09-19 13:51:07,790 [EndpointStateMachine task thread for /0.0.0.0:34877 - 0 ] INFO  volume.HddsVolume (HddsVolume.java:closeDbStore(338)) - SchemaV3 db is stopped at /home/runner/work/ozone/ozone/hadoop-ozone/integration-test/target/test-dir/MiniOzoneClusterImpl-dbfde215-b7d4-4534-b4eb-abad1aeb9004/datanode-0/data-0/containers/hdds/dbfde215-b7d4-4534-b4eb-abad1aeb9004/DS-ceaf6584-5a69-44f1-a91d-d8232a7687c4/container.db for volume DS-ceaf6584-5a69-44f1-a91d-d8232a7687c4
2022-09-19 13:51:07,791 [EndpointStateMachine task thread for /0.0.0.0:34877 - 0 ] INFO  ozoneimpl.OzoneContainer (OzoneContainer.java:start(378)) - Attempting to start container services.
2022-09-19 13:51:07,798 [EndpointStateMachine task thread for /0.0.0.0:34877 - 0 ] INFO  ozoneimpl.OzoneContainer (OzoneContainer.java:startContainerScrub(313)) - Background container scanner has been disabled.
2022-09-19 13:51:07,800 [EndpointStateMachine task thread for /0.0.0.0:34877 - 0 ] INFO  replication.ReplicationServer (ReplicationServer.java:start(111)) - ReplicationServer is started using port 36405
2022-09-19 13:51:07,803 [EndpointStateMachine task thread for /0.0.0.0:34877 - 0 ] INFO  ratis.XceiverServerRatis (XceiverServerRatis.java:start(481)) - Starting XceiverServerRatis 7c10063f-3b8f-4dae-b7c3-dc89125a4637
2022-09-19 13:51:07,809 [EndpointStateMachine task thread for /0.0.0.0:34877 - 0 ] INFO  server.RaftServer (RaftServerProxy.java:lambda$start$6(382)) - 7c10063f-3b8f-4dae-b7c3-dc89125a4637: start RPC server
2022-09-19 13:51:07,818 [EndpointStateMachine task thread for /0.0.0.0:34877 - 0 ] INFO  server.GrpcService (GrpcService.java:startImpl(260)) - 7c10063f-3b8f-4dae-b7c3-dc89125a4637: GrpcService started, listening on 35125
2022-09-19 13:51:07,819 [EndpointStateMachine task thread for /0.0.0.0:34877 - 0 ] INFO  ratis.XceiverServerRatis (XceiverServerRatis.java:getRealPort(502)) - XceiverServerRatis 7c10063f-3b8f-4dae-b7c3-dc89125a4637 is started using port 35125 for RATIS
2022-09-19 13:51:07,819 [EndpointStateMachine task thread for /0.0.0.0:34877 - 0 ] INFO  ratis.XceiverServerRatis (XceiverServerRatis.java:getRealPort(502)) - XceiverServerRatis 7c10063f-3b8f-4dae-b7c3-dc89125a4637 is started using port 35125 for RATIS_ADMIN
2022-09-19 13:51:07,819 [EndpointStateMachine task thread for /0.0.0.0:34877 - 0 ] INFO  ratis.XceiverServerRatis (XceiverServerRatis.java:getRealPort(502)) - XceiverServerRatis 7c10063f-3b8f-4dae-b7c3-dc89125a4637 is started using port 35125 for RATIS_SERVER
2022-09-19 13:51:07,819 [org.apache.ratis.util.JvmPauseMonitor$$Lambda$618/1511774092@117998f2] INFO  util.JvmPauseMonitor (JvmPauseMonitor.java:run(103)) - JvmPauseMonitor-7c10063f-3b8f-4dae-b7c3-dc89125a4637: Started
2022-09-19 13:51:07,827 [EndpointStateMachine task thread for /0.0.0.0:34877 - 0 ] INFO  server.XceiverServerGrpc (XceiverServerGrpc.java:start(180)) - XceiverServerGrpc 7c10063f-3b8f-4dae-b7c3-dc89125a4637 is started using port 36371
2022-09-19 13:51:08,118 [EndpointStateMachine task thread for /0.0.0.0:34877 - 0 ] INFO  volume.HddsVolume (HddsVolume.java:createDbStore(307)) - SchemaV3 db is created and loaded at /home/runner/work/ozone/ozone/hadoop-ozone/integration-test/target/test-dir/MiniOzoneClusterImpl-dbfde215-b7d4-4534-b4eb-abad1aeb9004/datanode-1/data-0/containers/hdds/dbfde215-b7d4-4534-b4eb-abad1aeb9004/DS-6b1b0251-df70-4bc7-861c-36407642e87a/container.db for volume DS-6b1b0251-df70-4bc7-861c-36407642e87a
2022-09-19 13:51:08,119 [EndpointStateMachine task thread for /0.0.0.0:34877 - 0 ] INFO  volume.HddsVolume (HddsVolume.java:closeDbStore(338)) - SchemaV3 db is stopped at /home/runner/work/ozone/ozone/hadoop-ozone/integration-test/target/test-dir/MiniOzoneClusterImpl-dbfde215-b7d4-4534-b4eb-abad1aeb9004/datanode-1/data-0/containers/hdds/dbfde215-b7d4-4534-b4eb-abad1aeb9004/DS-6b1b0251-df70-4bc7-861c-36407642e87a/container.db for volume DS-6b1b0251-df70-4bc7-861c-36407642e87a
2022-09-19 13:51:08,119 [EndpointStateMachine task thread for /0.0.0.0:34877 - 0 ] INFO  ozoneimpl.OzoneContainer (OzoneContainer.java:start(378)) - Attempting to start container services.
2022-09-19 13:51:08,119 [EndpointStateMachine task thread for /0.0.0.0:34877 - 0 ] INFO  ozoneimpl.OzoneContainer (OzoneContainer.java:startContainerScrub(313)) - Background container scanner has been disabled.
2022-09-19 13:51:08,121 [EndpointStateMachine task thread for /0.0.0.0:34877 - 0 ] INFO  replication.ReplicationServer (ReplicationServer.java:start(111)) - ReplicationServer is started using port 37367
2022-09-19 13:51:08,121 [EndpointStateMachine task thread for /0.0.0.0:34877 - 0 ] INFO  ratis.XceiverServerRatis (XceiverServerRatis.java:start(481)) - Starting XceiverServerRatis 71b36113-8e0f-4dd8-8e3f-8d28841b693a
2022-09-19 13:51:08,122 [EndpointStateMachine task thread for /0.0.0.0:34877 - 0 ] INFO  server.RaftServer (RaftServerProxy.java:lambda$start$6(382)) - 71b36113-8e0f-4dd8-8e3f-8d28841b693a: start RPC server
2022-09-19 13:51:08,124 [EndpointStateMachine task thread for /0.0.0.0:34877 - 0 ] INFO  server.GrpcService (GrpcService.java:startImpl(260)) - 71b36113-8e0f-4dd8-8e3f-8d28841b693a: GrpcService started, listening on 34867
2022-09-19 13:51:08,124 [EndpointStateMachine task thread for /0.0.0.0:34877 - 0 ] INFO  ratis.XceiverServerRatis (XceiverServerRatis.java:getRealPort(502)) - XceiverServerRatis 71b36113-8e0f-4dd8-8e3f-8d28841b693a is started using port 34867 for RATIS
2022-09-19 13:51:08,124 [org.apache.ratis.util.JvmPauseMonitor$$Lambda$618/1511774092@3bcddd80] INFO  util.JvmPauseMonitor (JvmPauseMonitor.java:run(103)) - JvmPauseMonitor-71b36113-8e0f-4dd8-8e3f-8d28841b693a: Started
2022-09-19 13:51:08,124 [EndpointStateMachine task thread for /0.0.0.0:34877 - 0 ] INFO  ratis.XceiverServerRatis (XceiverServerRatis.java:getRealPort(502)) - XceiverServerRatis 71b36113-8e0f-4dd8-8e3f-8d28841b693a is started using port 34867 for RATIS_ADMIN
2022-09-19 13:51:08,124 [EndpointStateMachine task thread for /0.0.0.0:34877 - 0 ] INFO  ratis.XceiverServerRatis (XceiverServerRatis.java:getRealPort(502)) - XceiverServerRatis 71b36113-8e0f-4dd8-8e3f-8d28841b693a is started using port 34867 for RATIS_SERVER
2022-09-19 13:51:08,126 [EndpointStateMachine task thread for /0.0.0.0:34877 - 0 ] INFO  server.XceiverServerGrpc (XceiverServerGrpc.java:start(180)) - XceiverServerGrpc 71b36113-8e0f-4dd8-8e3f-8d28841b693a is started using port 45269
2022-09-19 13:51:08,497 [EndpointStateMachine task thread for /0.0.0.0:34877 - 0 ] INFO  volume.HddsVolume (HddsVolume.java:createDbStore(307)) - SchemaV3 db is created and loaded at /home/runner/work/ozone/ozone/hadoop-ozone/integration-test/target/test-dir/MiniOzoneClusterImpl-dbfde215-b7d4-4534-b4eb-abad1aeb9004/datanode-2/data-0/containers/hdds/dbfde215-b7d4-4534-b4eb-abad1aeb9004/DS-a1af9ea2-d6d2-46ca-a6f0-b7c330db4190/container.db for volume DS-a1af9ea2-d6d2-46ca-a6f0-b7c330db4190
2022-09-19 13:51:08,498 [EndpointStateMachine task thread for /0.0.0.0:34877 - 0 ] INFO  volume.HddsVolume (HddsVolume.java:closeDbStore(338)) - SchemaV3 db is stopped at /home/runner/work/ozone/ozone/hadoop-ozone/integration-test/target/test-dir/MiniOzoneClusterImpl-dbfde215-b7d4-4534-b4eb-abad1aeb9004/datanode-2/data-0/containers/hdds/dbfde215-b7d4-4534-b4eb-abad1aeb9004/DS-a1af9ea2-d6d2-46ca-a6f0-b7c330db4190/container.db for volume DS-a1af9ea2-d6d2-46ca-a6f0-b7c330db4190
2022-09-19 13:51:08,498 [EndpointStateMachine task thread for /0.0.0.0:34877 - 0 ] INFO  ozoneimpl.OzoneContainer (OzoneContainer.java:start(378)) - Attempting to start container services.
2022-09-19 13:51:08,498 [EndpointStateMachine task thread for /0.0.0.0:34877 - 0 ] INFO  ozoneimpl.OzoneContainer (OzoneContainer.java:startContainerScrub(313)) - Background container scanner has been disabled.
2022-09-19 13:51:08,500 [EndpointStateMachine task thread for /0.0.0.0:34877 - 0 ] INFO  replication.ReplicationServer (ReplicationServer.java:start(111)) - ReplicationServer is started using port 36579
2022-09-19 13:51:08,501 [EndpointStateMachine task thread for /0.0.0.0:34877 - 0 ] INFO  ratis.XceiverServerRatis (XceiverServerRatis.java:start(481)) - Starting XceiverServerRatis 177f7a3a-c358-4ca7-a586-caf38fdff25d
2022-09-19 13:51:08,501 [EndpointStateMachine task thread for /0.0.0.0:34877 - 0 ] INFO  server.RaftServer (RaftServerProxy.java:lambda$start$6(382)) - 177f7a3a-c358-4ca7-a586-caf38fdff25d: start RPC server
2022-09-19 13:51:08,504 [EndpointStateMachine task thread for /0.0.0.0:34877 - 0 ] INFO  server.GrpcService (GrpcService.java:startImpl(260)) - 177f7a3a-c358-4ca7-a586-caf38fdff25d: GrpcService started, listening on 41369
2022-09-19 13:51:08,504 [EndpointStateMachine task thread for /0.0.0.0:34877 - 0 ] INFO  ratis.XceiverServerRatis (XceiverServerRatis.java:getRealPort(502)) - XceiverServerRatis 177f7a3a-c358-4ca7-a586-caf38fdff25d is started using port 41369 for RATIS
2022-09-19 13:51:08,504 [EndpointStateMachine task thread for /0.0.0.0:34877 - 0 ] INFO  ratis.XceiverServerRatis (XceiverServerRatis.java:getRealPort(502)) - XceiverServerRatis 177f7a3a-c358-4ca7-a586-caf38fdff25d is started using port 41369 for RATIS_ADMIN
2022-09-19 13:51:08,504 [EndpointStateMachine task thread for /0.0.0.0:34877 - 0 ] INFO  ratis.XceiverServerRatis (XceiverServerRatis.java:getRealPort(502)) - XceiverServerRatis 177f7a3a-c358-4ca7-a586-caf38fdff25d is started using port 41369 for RATIS_SERVER
2022-09-19 13:51:08,505 [org.apache.ratis.util.JvmPauseMonitor$$Lambda$618/1511774092@359c1584] INFO  util.JvmPauseMonitor (JvmPauseMonitor.java:run(103)) - JvmPauseMonitor-177f7a3a-c358-4ca7-a586-caf38fdff25d: Started
2022-09-19 13:51:08,509 [EndpointStateMachine task thread for /0.0.0.0:34877 - 0 ] INFO  server.XceiverServerGrpc (XceiverServerGrpc.java:start(180)) - XceiverServerGrpc 177f7a3a-c358-4ca7-a586-caf38fdff25d is started using port 42329
2022-09-19 13:51:08,748 [Listener at 127.0.0.1/46843] INFO  ozone.MiniOzoneClusterImpl (MiniOzoneClusterImpl.java:lambda$waitForClusterToBeReady$0(216)) - Waiting for nodes to be ready. Got 0 of 7 DN Heartbeats.
2022-09-19 13:51:08,749 [Listener at 127.0.0.1/46843] INFO  ozone.MiniOzoneClusterImpl (MiniOzoneClusterImpl.java:lambda$waitForClusterToBeReady$0(219)) - Waiting for cluster to exit safe mode
2022-09-19 13:51:08,749 [Listener at 127.0.0.1/46843] INFO  ozone.MiniOzoneClusterImpl (MiniOzoneClusterImpl.java:lambda$waitForClusterToBeReady$0(221)) - SCM became leader
2022-09-19 13:51:08,815 [EndpointStateMachine task thread for /0.0.0.0:34877 - 0 ] INFO  volume.HddsVolume (HddsVolume.java:createDbStore(307)) - SchemaV3 db is created and loaded at /home/runner/work/ozone/ozone/hadoop-ozone/integration-test/target/test-dir/MiniOzoneClusterImpl-dbfde215-b7d4-4534-b4eb-abad1aeb9004/datanode-3/data-0/containers/hdds/dbfde215-b7d4-4534-b4eb-abad1aeb9004/DS-583e471e-db49-4632-a48c-f174210800d9/container.db for volume DS-583e471e-db49-4632-a48c-f174210800d9
2022-09-19 13:51:08,816 [EndpointStateMachine task thread for /0.0.0.0:34877 - 0 ] INFO  volume.HddsVolume (HddsVolume.java:closeDbStore(338)) - SchemaV3 db is stopped at /home/runner/work/ozone/ozone/hadoop-ozone/integration-test/target/test-dir/MiniOzoneClusterImpl-dbfde215-b7d4-4534-b4eb-abad1aeb9004/datanode-3/data-0/containers/hdds/dbfde215-b7d4-4534-b4eb-abad1aeb9004/DS-583e471e-db49-4632-a48c-f174210800d9/container.db for volume DS-583e471e-db49-4632-a48c-f174210800d9
2022-09-19 13:51:08,816 [EndpointStateMachine task thread for /0.0.0.0:34877 - 0 ] INFO  ozoneimpl.OzoneContainer (OzoneContainer.java:start(378)) - Attempting to start container services.
2022-09-19 13:51:08,816 [EndpointStateMachine task thread for /0.0.0.0:34877 - 0 ] INFO  ozoneimpl.OzoneContainer (OzoneContainer.java:startContainerScrub(313)) - Background container scanner has been disabled.
2022-09-19 13:51:08,820 [EndpointStateMachine task thread for /0.0.0.0:34877 - 0 ] INFO  replication.ReplicationServer (ReplicationServer.java:start(111)) - ReplicationServer is started using port 42675
2022-09-19 13:51:08,820 [EndpointStateMachine task thread for /0.0.0.0:34877 - 0 ] INFO  ratis.XceiverServerRatis (XceiverServerRatis.java:start(481)) - Starting XceiverServerRatis 62a92705-1dba-44af-aa6f-699c94c5895a
2022-09-19 13:51:08,821 [EndpointStateMachine task thread for /0.0.0.0:34877 - 0 ] INFO  server.RaftServer (RaftServerProxy.java:lambda$start$6(382)) - 62a92705-1dba-44af-aa6f-699c94c5895a: start RPC server
2022-09-19 13:51:08,822 [EndpointStateMachine task thread for /0.0.0.0:34877 - 0 ] INFO  server.GrpcService (GrpcService.java:startImpl(260)) - 62a92705-1dba-44af-aa6f-699c94c5895a: GrpcService started, listening on 36607
2022-09-19 13:51:08,822 [EndpointStateMachine task thread for /0.0.0.0:34877 - 0 ] INFO  ratis.XceiverServerRatis (XceiverServerRatis.java:getRealPort(502)) - XceiverServerRatis 62a92705-1dba-44af-aa6f-699c94c5895a is started using port 36607 for RATIS
2022-09-19 13:51:08,823 [org.apache.ratis.util.JvmPauseMonitor$$Lambda$618/1511774092@368f949e] INFO  util.JvmPauseMonitor (JvmPauseMonitor.java:run(103)) - JvmPauseMonitor-62a92705-1dba-44af-aa6f-699c94c5895a: Started
2022-09-19 13:51:08,823 [EndpointStateMachine task thread for /0.0.0.0:34877 - 0 ] INFO  ratis.XceiverServerRatis (XceiverServerRatis.java:getRealPort(502)) - XceiverServerRatis 62a92705-1dba-44af-aa6f-699c94c5895a is started using port 36607 for RATIS_ADMIN
2022-09-19 13:51:08,823 [EndpointStateMachine task thread for /0.0.0.0:34877 - 0 ] INFO  ratis.XceiverServerRatis (XceiverServerRatis.java:getRealPort(502)) - XceiverServerRatis 62a92705-1dba-44af-aa6f-699c94c5895a is started using port 36607 for RATIS_SERVER
2022-09-19 13:51:08,825 [EndpointStateMachine task thread for /0.0.0.0:34877 - 0 ] INFO  server.XceiverServerGrpc (XceiverServerGrpc.java:start(180)) - XceiverServerGrpc 62a92705-1dba-44af-aa6f-699c94c5895a is started using port 38033
2022-09-19 13:51:09,125 [EndpointStateMachine task thread for /0.0.0.0:34877 - 0 ] INFO  volume.HddsVolume (HddsVolume.java:createDbStore(307)) - SchemaV3 db is created and loaded at /home/runner/work/ozone/ozone/hadoop-ozone/integration-test/target/test-dir/MiniOzoneClusterImpl-dbfde215-b7d4-4534-b4eb-abad1aeb9004/datanode-4/data-0/containers/hdds/dbfde215-b7d4-4534-b4eb-abad1aeb9004/DS-d31603cb-2e20-462b-b191-b2fdbe7771b3/container.db for volume DS-d31603cb-2e20-462b-b191-b2fdbe7771b3
2022-09-19 13:51:09,126 [EndpointStateMachine task thread for /0.0.0.0:34877 - 0 ] INFO  volume.HddsVolume (HddsVolume.java:closeDbStore(338)) - SchemaV3 db is stopped at /home/runner/work/ozone/ozone/hadoop-ozone/integration-test/target/test-dir/MiniOzoneClusterImpl-dbfde215-b7d4-4534-b4eb-abad1aeb9004/datanode-4/data-0/containers/hdds/dbfde215-b7d4-4534-b4eb-abad1aeb9004/DS-d31603cb-2e20-462b-b191-b2fdbe7771b3/container.db for volume DS-d31603cb-2e20-462b-b191-b2fdbe7771b3
2022-09-19 13:51:09,126 [EndpointStateMachine task thread for /0.0.0.0:34877 - 0 ] INFO  ozoneimpl.OzoneContainer (OzoneContainer.java:start(378)) - Attempting to start container services.
2022-09-19 13:51:09,126 [EndpointStateMachine task thread for /0.0.0.0:34877 - 0 ] INFO  ozoneimpl.OzoneContainer (OzoneContainer.java:startContainerScrub(313)) - Background container scanner has been disabled.
2022-09-19 13:51:09,129 [EndpointStateMachine task thread for /0.0.0.0:34877 - 0 ] INFO  replication.ReplicationServer (ReplicationServer.java:start(111)) - ReplicationServer is started using port 42219
2022-09-19 13:51:09,129 [EndpointStateMachine task thread for /0.0.0.0:34877 - 0 ] INFO  ratis.XceiverServerRatis (XceiverServerRatis.java:start(481)) - Starting XceiverServerRatis 4256c034-9f31-4e1a-90bf-845fd7eceacb
2022-09-19 13:51:09,130 [EndpointStateMachine task thread for /0.0.0.0:34877 - 0 ] INFO  server.RaftServer (RaftServerProxy.java:lambda$start$6(382)) - 4256c034-9f31-4e1a-90bf-845fd7eceacb: start RPC server
2022-09-19 13:51:09,133 [EndpointStateMachine task thread for /0.0.0.0:34877 - 0 ] INFO  server.GrpcService (GrpcService.java:startImpl(260)) - 4256c034-9f31-4e1a-90bf-845fd7eceacb: GrpcService started, listening on 33073
2022-09-19 13:51:09,133 [EndpointStateMachine task thread for /0.0.0.0:34877 - 0 ] INFO  ratis.XceiverServerRatis (XceiverServerRatis.java:getRealPort(502)) - XceiverServerRatis 4256c034-9f31-4e1a-90bf-845fd7eceacb is started using port 33073 for RATIS
2022-09-19 13:51:09,133 [org.apache.ratis.util.JvmPauseMonitor$$Lambda$618/1511774092@35ee7722] INFO  util.JvmPauseMonitor (JvmPauseMonitor.java:run(103)) - JvmPauseMonitor-4256c034-9f31-4e1a-90bf-845fd7eceacb: Started
2022-09-19 13:51:09,133 [EndpointStateMachine task thread for /0.0.0.0:34877 - 0 ] INFO  ratis.XceiverServerRatis (XceiverServerRatis.java:getRealPort(502)) - XceiverServerRatis 4256c034-9f31-4e1a-90bf-845fd7eceacb is started using port 33073 for RATIS_ADMIN
2022-09-19 13:51:09,133 [EndpointStateMachine task thread for /0.0.0.0:34877 - 0 ] INFO  ratis.XceiverServerRatis (XceiverServerRatis.java:getRealPort(502)) - XceiverServerRatis 4256c034-9f31-4e1a-90bf-845fd7eceacb is started using port 33073 for RATIS_SERVER
2022-09-19 13:51:09,138 [EndpointStateMachine task thread for /0.0.0.0:34877 - 0 ] INFO  server.XceiverServerGrpc (XceiverServerGrpc.java:start(180)) - XceiverServerGrpc 4256c034-9f31-4e1a-90bf-845fd7eceacb is started using port 45125
2022-09-19 13:51:09,429 [EndpointStateMachine task thread for /0.0.0.0:34877 - 0 ] INFO  volume.HddsVolume (HddsVolume.java:createDbStore(307)) - SchemaV3 db is created and loaded at /home/runner/work/ozone/ozone/hadoop-ozone/integration-test/target/test-dir/MiniOzoneClusterImpl-dbfde215-b7d4-4534-b4eb-abad1aeb9004/datanode-5/data-0/containers/hdds/dbfde215-b7d4-4534-b4eb-abad1aeb9004/DS-9737466b-4f43-4d77-b7b4-c0d9337ae142/container.db for volume DS-9737466b-4f43-4d77-b7b4-c0d9337ae142
2022-09-19 13:51:09,429 [EndpointStateMachine task thread for /0.0.0.0:34877 - 0 ] INFO  volume.HddsVolume (HddsVolume.java:closeDbStore(338)) - SchemaV3 db is stopped at /home/runner/work/ozone/ozone/hadoop-ozone/integration-test/target/test-dir/MiniOzoneClusterImpl-dbfde215-b7d4-4534-b4eb-abad1aeb9004/datanode-5/data-0/containers/hdds/dbfde215-b7d4-4534-b4eb-abad1aeb9004/DS-9737466b-4f43-4d77-b7b4-c0d9337ae142/container.db for volume DS-9737466b-4f43-4d77-b7b4-c0d9337ae142
2022-09-19 13:51:09,430 [EndpointStateMachine task thread for /0.0.0.0:34877 - 0 ] INFO  ozoneimpl.OzoneContainer (OzoneContainer.java:start(378)) - Attempting to start container services.
2022-09-19 13:51:09,430 [EndpointStateMachine task thread for /0.0.0.0:34877 - 0 ] INFO  ozoneimpl.OzoneContainer (OzoneContainer.java:startContainerScrub(313)) - Background container scanner has been disabled.
2022-09-19 13:51:09,435 [EndpointStateMachine task thread for /0.0.0.0:34877 - 0 ] INFO  replication.ReplicationServer (ReplicationServer.java:start(111)) - ReplicationServer is started using port 35313
2022-09-19 13:51:09,435 [EndpointStateMachine task thread for /0.0.0.0:34877 - 0 ] INFO  ratis.XceiverServerRatis (XceiverServerRatis.java:start(481)) - Starting XceiverServerRatis 482afb3d-5dff-4b01-b87b-af2a304f0017
2022-09-19 13:51:09,436 [EndpointStateMachine task thread for /0.0.0.0:34877 - 0 ] INFO  server.RaftServer (RaftServerProxy.java:lambda$start$6(382)) - 482afb3d-5dff-4b01-b87b-af2a304f0017: start RPC server
2022-09-19 13:51:09,438 [EndpointStateMachine task thread for /0.0.0.0:34877 - 0 ] INFO  server.GrpcService (GrpcService.java:startImpl(260)) - 482afb3d-5dff-4b01-b87b-af2a304f0017: GrpcService started, listening on 43325
2022-09-19 13:51:09,438 [EndpointStateMachine task thread for /0.0.0.0:34877 - 0 ] INFO  ratis.XceiverServerRatis (XceiverServerRatis.java:getRealPort(502)) - XceiverServerRatis 482afb3d-5dff-4b01-b87b-af2a304f0017 is started using port 43325 for RATIS
2022-09-19 13:51:09,438 [EndpointStateMachine task thread for /0.0.0.0:34877 - 0 ] INFO  ratis.XceiverServerRatis (XceiverServerRatis.java:getRealPort(502)) - XceiverServerRatis 482afb3d-5dff-4b01-b87b-af2a304f0017 is started using port 43325 for RATIS_ADMIN
2022-09-19 13:51:09,438 [EndpointStateMachine task thread for /0.0.0.0:34877 - 0 ] INFO  ratis.XceiverServerRatis (XceiverServerRatis.java:getRealPort(502)) - XceiverServerRatis 482afb3d-5dff-4b01-b87b-af2a304f0017 is started using port 43325 for RATIS_SERVER
2022-09-19 13:51:09,441 [org.apache.ratis.util.JvmPauseMonitor$$Lambda$618/1511774092@412688f1] INFO  util.JvmPauseMonitor (JvmPauseMonitor.java:run(103)) - JvmPauseMonitor-482afb3d-5dff-4b01-b87b-af2a304f0017: Started
2022-09-19 13:51:09,451 [EndpointStateMachine task thread for /0.0.0.0:34877 - 0 ] INFO  server.XceiverServerGrpc (XceiverServerGrpc.java:start(180)) - XceiverServerGrpc 482afb3d-5dff-4b01-b87b-af2a304f0017 is started using port 39843
2022-09-19 13:51:09,639 [IPC Server handler 1 on default port 34877] INFO  net.NetworkTopologyImpl (NetworkTopologyImpl.java:add(112)) - Added a new node: /default-rack/7c10063f-3b8f-4dae-b7c3-dc89125a4637
2022-09-19 13:51:09,641 [IPC Server handler 1 on default port 34877] INFO  node.SCMNodeManager (SCMNodeManager.java:register(397)) - Registered Data node : 7c10063f-3b8f-4dae-b7c3-dc89125a4637{ip: 10.1.0.102, host: fv-az196-500.jtpmctcvnzqejnuy0st5dkw3nb.bx.internal.cloudapp.net, ports: [REPLICATION=36405, RATIS=35125, RATIS_ADMIN=35125, RATIS_SERVER=35125, STANDALONE=36371], networkLocation: /default-rack, certSerialId: null, persistedOpState: null, persistedOpStateExpiryEpochSec: 0}
2022-09-19 13:51:09,646 [EventQueue-NewNodeForNewNodeHandler] INFO  pipeline.BackgroundPipelineCreator (BackgroundPipelineCreator.java:notifyEventTriggered(276)) - trigger a one-shot run on RatisPipelineUtilsThread.
2022-09-19 13:51:09,653 [RatisPipelineUtilsThread - 0] INFO  pipeline.RatisPipelineProvider (RatisPipelineProvider.java:lambda$create$0(195)) - Sending CreatePipelineCommand for pipeline:PipelineID=4d4d6339-5e24-46ec-9b16-9604ee6b3b4c to datanode:7c10063f-3b8f-4dae-b7c3-dc89125a4637
2022-09-19 13:51:09,655 [EventQueue-NodeRegistrationContainerReportForContainerSafeModeRule] INFO  safemode.SCMSafeModeManager (SCMSafeModeManager.java:validateSafeModeExitRules(204)) - ContainerSafeModeRule rule is successfully validated
2022-09-19 13:51:09,655 [EventQueue-NodeRegistrationContainerReportForDataNodeSafeModeRule] INFO  safemode.SCMSafeModeManager (DataNodeSafeModeRule.java:process(71)) - SCM in safe mode. 1 DataNodes registered, 3 required.
2022-09-19 13:51:09,660 [EventQueue-PipelineReportForOneReplicaPipelineSafeModeRule] INFO  safemode.SCMSafeModeManager (SCMSafeModeManager.java:validateSafeModeExitRules(204)) - AtleastOneDatanodeReportedRule rule is successfully validated
2022-09-19 13:51:09,665 [RatisPipelineUtilsThread - 0] INFO  pipeline.PipelineStateManagerImpl (PipelineStateManagerImpl.java:addPipeline(103)) - Created pipeline Pipeline[ Id: 4d4d6339-5e24-46ec-9b16-9604ee6b3b4c, Nodes: 7c10063f-3b8f-4dae-b7c3-dc89125a4637{ip: 10.1.0.102, host: fv-az196-500.jtpmctcvnzqejnuy0st5dkw3nb.bx.internal.cloudapp.net, ports: [REPLICATION=36405, RATIS=35125, RATIS_ADMIN=35125, RATIS_SERVER=35125, STANDALONE=36371], networkLocation: /default-rack, certSerialId: null, persistedOpState: IN_SERVICE, persistedOpStateExpiryEpochSec: 0}, ReplicationConfig: RATIS/ONE, State:ALLOCATED, leaderId:, CreationTimestamp2022-09-19T13:51:09.652Z[Etc/UTC]].
2022-09-19 13:51:09,749 [Listener at 127.0.0.1/46843] INFO  ozone.MiniOzoneClusterImpl (MiniOzoneClusterImpl.java:lambda$waitForClusterToBeReady$0(216)) - Waiting for nodes to be ready. Got 1 of 7 DN Heartbeats.
2022-09-19 13:51:09,749 [Listener at 127.0.0.1/46843] INFO  ozone.MiniOzoneClusterImpl (MiniOzoneClusterImpl.java:lambda$waitForClusterToBeReady$0(219)) - Waiting for cluster to exit safe mode
2022-09-19 13:51:09,750 [Listener at 127.0.0.1/46843] INFO  ozone.MiniOzoneClusterImpl (MiniOzoneClusterImpl.java:lambda$waitForClusterToBeReady$0(221)) - SCM became leader
2022-09-19 13:51:09,803 [EndpointStateMachine task thread for /0.0.0.0:34877 - 0 ] INFO  volume.HddsVolume (HddsVolume.java:createDbStore(307)) - SchemaV3 db is created and loaded at /home/runner/work/ozone/ozone/hadoop-ozone/integration-test/target/test-dir/MiniOzoneClusterImpl-dbfde215-b7d4-4534-b4eb-abad1aeb9004/datanode-6/data-0/containers/hdds/dbfde215-b7d4-4534-b4eb-abad1aeb9004/DS-0a69470c-18b2-4e66-8b3d-71f542356c85/container.db for volume DS-0a69470c-18b2-4e66-8b3d-71f542356c85
2022-09-19 13:51:09,805 [EndpointStateMachine task thread for /0.0.0.0:34877 - 0 ] INFO  volume.HddsVolume (HddsVolume.java:closeDbStore(338)) - SchemaV3 db is stopped at /home/runner/work/ozone/ozone/hadoop-ozone/integration-test/target/test-dir/MiniOzoneClusterImpl-dbfde215-b7d4-4534-b4eb-abad1aeb9004/datanode-6/data-0/containers/hdds/dbfde215-b7d4-4534-b4eb-abad1aeb9004/DS-0a69470c-18b2-4e66-8b3d-71f542356c85/container.db for volume DS-0a69470c-18b2-4e66-8b3d-71f542356c85
2022-09-19 13:51:09,805 [EndpointStateMachine task thread for /0.0.0.0:34877 - 0 ] INFO  ozoneimpl.OzoneContainer (OzoneContainer.java:start(378)) - Attempting to start container services.
2022-09-19 13:51:09,805 [EndpointStateMachine task thread for /0.0.0.0:34877 - 0 ] INFO  ozoneimpl.OzoneContainer (OzoneContainer.java:startContainerScrub(313)) - Background container scanner has been disabled.
2022-09-19 13:51:09,810 [EndpointStateMachine task thread for /0.0.0.0:34877 - 0 ] INFO  replication.ReplicationServer (ReplicationServer.java:start(111)) - ReplicationServer is started using port 40987
2022-09-19 13:51:09,811 [EndpointStateMachine task thread for /0.0.0.0:34877 - 0 ] INFO  ratis.XceiverServerRatis (XceiverServerRatis.java:start(481)) - Starting XceiverServerRatis 0df8fd5a-2015-434e-b54c-98b577502879
2022-09-19 13:51:09,813 [EndpointStateMachine task thread for /0.0.0.0:34877 - 0 ] INFO  server.RaftServer (RaftServerProxy.java:lambda$start$6(382)) - 0df8fd5a-2015-434e-b54c-98b577502879: start RPC server
2022-09-19 13:51:09,820 [EndpointStateMachine task thread for /0.0.0.0:34877 - 0 ] INFO  server.GrpcService (GrpcService.java:startImpl(260)) - 0df8fd5a-2015-434e-b54c-98b577502879: GrpcService started, listening on 37277
2022-09-19 13:51:09,820 [EndpointStateMachine task thread for /0.0.0.0:34877 - 0 ] INFO  ratis.XceiverServerRatis (XceiverServerRatis.java:getRealPort(502)) - XceiverServerRatis 0df8fd5a-2015-434e-b54c-98b577502879 is started using port 37277 for RATIS
2022-09-19 13:51:09,820 [org.apache.ratis.util.JvmPauseMonitor$$Lambda$618/1511774092@599f8337] INFO  util.JvmPauseMonitor (JvmPauseMonitor.java:run(103)) - JvmPauseMonitor-0df8fd5a-2015-434e-b54c-98b577502879: Started
2022-09-19 13:51:09,820 [EndpointStateMachine task thread for /0.0.0.0:34877 - 0 ] INFO  ratis.XceiverServerRatis (XceiverServerRatis.java:getRealPort(502)) - XceiverServerRatis 0df8fd5a-2015-434e-b54c-98b577502879 is started using port 37277 for RATIS_ADMIN
2022-09-19 13:51:09,820 [EndpointStateMachine task thread for /0.0.0.0:34877 - 0 ] INFO  ratis.XceiverServerRatis (XceiverServerRatis.java:getRealPort(502)) - XceiverServerRatis 0df8fd5a-2015-434e-b54c-98b577502879 is started using port 37277 for RATIS_SERVER
2022-09-19 13:51:09,822 [EndpointStateMachine task thread for /0.0.0.0:34877 - 0 ] INFO  server.XceiverServerGrpc (XceiverServerGrpc.java:start(180)) - XceiverServerGrpc 0df8fd5a-2015-434e-b54c-98b577502879 is started using port 36193
2022-09-19 13:51:10,087 [IPC Server handler 2 on default port 34877] INFO  net.NetworkTopologyImpl (NetworkTopologyImpl.java:add(112)) - Added a new node: /default-rack/71b36113-8e0f-4dd8-8e3f-8d28841b693a
2022-09-19 13:51:10,087 [IPC Server handler 2 on default port 34877] INFO  node.SCMNodeManager (SCMNodeManager.java:register(397)) - Registered Data node : 71b36113-8e0f-4dd8-8e3f-8d28841b693a{ip: 10.1.0.102, host: fv-az196-500.jtpmctcvnzqejnuy0st5dkw3nb.bx.internal.cloudapp.net, ports: [REPLICATION=37367, RATIS=34867, RATIS_ADMIN=34867, RATIS_SERVER=34867, STANDALONE=45269], networkLocation: /default-rack, certSerialId: null, persistedOpState: null, persistedOpStateExpiryEpochSec: 0}
2022-09-19 13:51:10,088 [EventQueue-NewNodeForNewNodeHandler] INFO  pipeline.BackgroundPipelineCreator (BackgroundPipelineCreator.java:notifyEventTriggered(276)) - trigger a one-shot run on RatisPipelineUtilsThread.
2022-09-19 13:51:10,088 [EventQueue-NodeRegistrationContainerReportForDataNodeSafeModeRule] INFO  safemode.SCMSafeModeManager (DataNodeSafeModeRule.java:process(71)) - SCM in safe mode. 2 DataNodes registered, 3 required.
2022-09-19 13:51:10,089 [RatisPipelineUtilsThread - 0] INFO  pipeline.RatisPipelineProvider (RatisPipelineProvider.java:lambda$create$0(195)) - Sending CreatePipelineCommand for pipeline:PipelineID=42273650-5aec-434c-a621-39fb3beacc55 to datanode:71b36113-8e0f-4dd8-8e3f-8d28841b693a
2022-09-19 13:51:10,090 [RatisPipelineUtilsThread - 0] INFO  pipeline.PipelineStateManagerImpl (PipelineStateManagerImpl.java:addPipeline(103)) - Created pipeline Pipeline[ Id: 42273650-5aec-434c-a621-39fb3beacc55, Nodes: 71b36113-8e0f-4dd8-8e3f-8d28841b693a{ip: 10.1.0.102, host: fv-az196-500.jtpmctcvnzqejnuy0st5dkw3nb.bx.internal.cloudapp.net, ports: [REPLICATION=37367, RATIS=34867, RATIS_ADMIN=34867, RATIS_SERVER=34867, STANDALONE=45269], networkLocation: /default-rack, certSerialId: null, persistedOpState: IN_SERVICE, persistedOpStateExpiryEpochSec: 0}, ReplicationConfig: RATIS/ONE, State:ALLOCATED, leaderId:, CreationTimestamp2022-09-19T13:51:10.089Z[Etc/UTC]].
2022-09-19 13:51:10,472 [IPC Server handler 4 on default port 34877] INFO  net.NetworkTopologyImpl (NetworkTopologyImpl.java:add(112)) - Added a new node: /default-rack/177f7a3a-c358-4ca7-a586-caf38fdff25d
2022-09-19 13:51:10,473 [IPC Server handler 4 on default port 34877] INFO  node.SCMNodeManager (SCMNodeManager.java:register(397)) - Registered Data node : 177f7a3a-c358-4ca7-a586-caf38fdff25d{ip: 10.1.0.102, host: fv-az196-500.jtpmctcvnzqejnuy0st5dkw3nb.bx.internal.cloudapp.net, ports: [REPLICATION=36579, RATIS=41369, RATIS_ADMIN=41369, RATIS_SERVER=41369, STANDALONE=42329], networkLocation: /default-rack, certSerialId: null, persistedOpState: null, persistedOpStateExpiryEpochSec: 0}
2022-09-19 13:51:10,473 [EventQueue-NewNodeForNewNodeHandler] INFO  pipeline.BackgroundPipelineCreator (BackgroundPipelineCreator.java:notifyEventTriggered(276)) - trigger a one-shot run on RatisPipelineUtilsThread.
2022-09-19 13:51:10,479 [EventQueue-NodeRegistrationContainerReportForDataNodeSafeModeRule] INFO  safemode.SCMSafeModeManager (DataNodeSafeModeRule.java:process(71)) - SCM in safe mode. 3 DataNodes registered, 3 required.
2022-09-19 13:51:10,479 [EventQueue-NodeRegistrationContainerReportForDataNodeSafeModeRule] INFO  safemode.SCMSafeModeManager (SCMSafeModeManager.java:validateSafeModeExitRules(204)) - DataNodeSafeModeRule rule is successfully validated
2022-09-19 13:51:10,479 [EventQueue-NodeRegistrationContainerReportForDataNodeSafeModeRule] INFO  safemode.SCMSafeModeManager (SCMSafeModeManager.java:completePreCheck(233)) - All SCM safe mode pre check rules have passed
2022-09-19 13:51:10,479 [EventQueue-NodeRegistrationContainerReportForDataNodeSafeModeRule] WARN  events.EventQueue (EventQueue.java:fireEvent(216)) - No event handler registered for event TypedEvent{payloadType=SafeModeStatus, name='Safe mode status'}
2022-09-19 13:51:10,479 [EventQueue-NodeRegistrationContainerReportForDataNodeSafeModeRule] INFO  ha.SCMContext (SCMContext.java:updateSafeModeStatus(228)) - Update SafeModeStatus from SafeModeStatus{safeModeStatus=true, preCheckPassed=false} to SafeModeStatus{safeModeStatus=true, preCheckPassed=true}.
2022-09-19 13:51:10,479 [EventQueue-NodeRegistrationContainerReportForDataNodeSafeModeRule] INFO  pipeline.BackgroundPipelineCreator (BackgroundPipelineCreator.java:notifyEventTriggered(276)) - trigger a one-shot run on RatisPipelineUtilsThread.
2022-09-19 13:51:10,480 [RatisPipelineUtilsThread - 0] INFO  pipeline.RatisPipelineProvider (RatisPipelineProvider.java:lambda$create$0(195)) - Sending CreatePipelineCommand for pipeline:PipelineID=40c1ec67-1c0e-4ff9-92b0-38ec75ce757f to datanode:177f7a3a-c358-4ca7-a586-caf38fdff25d
2022-09-19 13:51:10,480 [RatisPipelineUtilsThread - 0] INFO  pipeline.PipelineStateManagerImpl (PipelineStateManagerImpl.java:addPipeline(103)) - Created pipeline Pipeline[ Id: 40c1ec67-1c0e-4ff9-92b0-38ec75ce757f, Nodes: 177f7a3a-c358-4ca7-a586-caf38fdff25d{ip: 10.1.0.102, host: fv-az196-500.jtpmctcvnzqejnuy0st5dkw3nb.bx.internal.cloudapp.net, ports: [REPLICATION=36579, RATIS=41369, RATIS_ADMIN=41369, RATIS_SERVER=41369, STANDALONE=42329], networkLocation: /default-rack, certSerialId: null, persistedOpState: IN_SERVICE, persistedOpStateExpiryEpochSec: 0}, ReplicationConfig: RATIS/ONE, State:ALLOCATED, leaderId:, CreationTimestamp2022-09-19T13:51:10.479Z[Etc/UTC]].
2022-09-19 13:51:10,484 [RatisPipelineUtilsThread - 0] INFO  pipeline.RatisPipelineProvider (RatisPipelineProvider.java:lambda$create$0(195)) - Sending CreatePipelineCommand for pipeline:PipelineID=c76fe0c8-2954-4163-9d13-d3b7d0f535de to datanode:71b36113-8e0f-4dd8-8e3f-8d28841b693a
2022-09-19 13:51:10,484 [RatisPipelineUtilsThread - 0] INFO  pipeline.RatisPipelineProvider (RatisPipelineProvider.java:lambda$create$0(195)) - Sending CreatePipelineCommand for pipeline:PipelineID=c76fe0c8-2954-4163-9d13-d3b7d0f535de to datanode:177f7a3a-c358-4ca7-a586-caf38fdff25d
2022-09-19 13:51:10,484 [RatisPipelineUtilsThread - 0] INFO  pipeline.RatisPipelineProvider (RatisPipelineProvider.java:lambda$create$0(195)) - Sending CreatePipelineCommand for pipeline:PipelineID=c76fe0c8-2954-4163-9d13-d3b7d0f535de to datanode:7c10063f-3b8f-4dae-b7c3-dc89125a4637
2022-09-19 13:51:10,485 [RatisPipelineUtilsThread - 0] INFO  pipeline.PipelineStateManagerImpl (PipelineStateManagerImpl.java:addPipeline(103)) - Created pipeline Pipeline[ Id: c76fe0c8-2954-4163-9d13-d3b7d0f535de, Nodes: 71b36113-8e0f-4dd8-8e3f-8d28841b693a{ip: 10.1.0.102, host: fv-az196-500.jtpmctcvnzqejnuy0st5dkw3nb.bx.internal.cloudapp.net, ports: [REPLICATION=37367, RATIS=34867, RATIS_ADMIN=34867, RATIS_SERVER=34867, STANDALONE=45269], networkLocation: /default-rack, certSerialId: null, persistedOpState: IN_SERVICE, persistedOpStateExpiryEpochSec: 0}177f7a3a-c358-4ca7-a586-caf38fdff25d{ip: 10.1.0.102, host: fv-az196-500.jtpmctcvnzqejnuy0st5dkw3nb.bx.internal.cloudapp.net, ports: [REPLICATION=36579, RATIS=41369, RATIS_ADMIN=41369, RATIS_SERVER=41369, STANDALONE=42329], networkLocation: /default-rack, certSerialId: null, persistedOpState: IN_SERVICE, persistedOpStateExpiryEpochSec: 0}7c10063f-3b8f-4dae-b7c3-dc89125a4637{ip: 10.1.0.102, host: fv-az196-500.jtpmctcvnzqejnuy0st5dkw3nb.bx.internal.cloudapp.net, ports: [REPLICATION=36405, RATIS=35125, RATIS_ADMIN=35125, RATIS_SERVER=35125, STANDALONE=36371], networkLocation: /default-rack, certSerialId: null, persistedOpState: IN_SERVICE, persistedOpStateExpiryEpochSec: 0}, ReplicationConfig: RATIS/THREE, State:ALLOCATED, leaderId:, CreationTimestamp2022-09-19T13:51:10.484Z[Etc/UTC]].
2022-09-19 13:51:10,486 [RatisPipelineUtilsThread - 0] INFO  pipeline.RatisPipelineProvider (RatisPipelineProvider.java:lambda$create$0(195)) - Sending CreatePipelineCommand for pipeline:PipelineID=c8f7bb77-c9b5-4e35-8abd-8512109be02c to datanode:71b36113-8e0f-4dd8-8e3f-8d28841b693a
2022-09-19 13:51:10,486 [RatisPipelineUtilsThread - 0] INFO  pipeline.RatisPipelineProvider (RatisPipelineProvider.java:lambda$create$0(195)) - Sending CreatePipelineCommand for pipeline:PipelineID=c8f7bb77-c9b5-4e35-8abd-8512109be02c to datanode:177f7a3a-c358-4ca7-a586-caf38fdff25d
2022-09-19 13:51:10,486 [RatisPipelineUtilsThread - 0] INFO  pipeline.RatisPipelineProvider (RatisPipelineProvider.java:lambda$create$0(195)) - Sending CreatePipelineCommand for pipeline:PipelineID=c8f7bb77-c9b5-4e35-8abd-8512109be02c to datanode:7c10063f-3b8f-4dae-b7c3-dc89125a4637
2022-09-19 13:51:10,487 [RatisPipelineUtilsThread - 0] INFO  pipeline.PipelineStateManagerImpl (PipelineStateManagerImpl.java:addPipeline(103)) - Created pipeline Pipeline[ Id: c8f7bb77-c9b5-4e35-8abd-8512109be02c, Nodes: 71b36113-8e0f-4dd8-8e3f-8d28841b693a{ip: 10.1.0.102, host: fv-az196-500.jtpmctcvnzqejnuy0st5dkw3nb.bx.internal.cloudapp.net, ports: [REPLICATION=37367, RATIS=34867, RATIS_ADMIN=34867, RATIS_SERVER=34867, STANDALONE=45269], networkLocation: /default-rack, certSerialId: null, persistedOpState: IN_SERVICE, persistedOpStateExpiryEpochSec: 0}177f7a3a-c358-4ca7-a586-caf38fdff25d{ip: 10.1.0.102, host: fv-az196-500.jtpmctcvnzqejnuy0st5dkw3nb.bx.internal.cloudapp.net, ports: [REPLICATION=36579, RATIS=41369, RATIS_ADMIN=41369, RATIS_SERVER=41369, STANDALONE=42329], networkLocation: /default-rack, certSerialId: null, persistedOpState: IN_SERVICE, persistedOpStateExpiryEpochSec: 0}7c10063f-3b8f-4dae-b7c3-dc89125a4637{ip: 10.1.0.102, host: fv-az196-500.jtpmctcvnzqejnuy0st5dkw3nb.bx.internal.cloudapp.net, ports: [REPLICATION=36405, RATIS=35125, RATIS_ADMIN=35125, RATIS_SERVER=35125, STANDALONE=36371], networkLocation: /default-rack, certSerialId: null, persistedOpState: IN_SERVICE, persistedOpStateExpiryEpochSec: 0}, ReplicationConfig: RATIS/THREE, State:ALLOCATED, leaderId:, CreationTimestamp2022-09-19T13:51:10.486Z[Etc/UTC]].
2022-09-19 13:51:10,487 [RatisPipelineUtilsThread - 0] INFO  pipeline.PipelineManagerImpl (PipelineManagerImpl.java:recordMetricsForPipeline(796)) - Pipeline: PipelineID=c8f7bb77-c9b5-4e35-8abd-8512109be02c contains same datanodes as previous pipelines: PipelineID=c76fe0c8-2954-4163-9d13-d3b7d0f535de nodeIds: 71b36113-8e0f-4dd8-8e3f-8d28841b693a, 177f7a3a-c358-4ca7-a586-caf38fdff25d, 7c10063f-3b8f-4dae-b7c3-dc89125a4637
2022-09-19 13:51:10,750 [Listener at 127.0.0.1/46843] INFO  ozone.MiniOzoneClusterImpl (MiniOzoneClusterImpl.java:lambda$waitForClusterToBeReady$0(216)) - Waiting for nodes to be ready. Got 3 of 7 DN Heartbeats.
2022-09-19 13:51:10,751 [Listener at 127.0.0.1/46843] INFO  ozone.MiniOzoneClusterImpl (MiniOzoneClusterImpl.java:lambda$waitForClusterToBeReady$0(219)) - Waiting for cluster to exit safe mode
2022-09-19 13:51:10,751 [Listener at 127.0.0.1/46843] INFO  ozone.MiniOzoneClusterImpl (MiniOzoneClusterImpl.java:lambda$waitForClusterToBeReady$0(221)) - SCM became leader
2022-09-19 13:51:10,789 [IPC Server handler 2 on default port 34877] INFO  net.NetworkTopologyImpl (NetworkTopologyImpl.java:add(112)) - Added a new node: /default-rack/62a92705-1dba-44af-aa6f-699c94c5895a
2022-09-19 13:51:10,789 [IPC Server handler 2 on default port 34877] INFO  node.SCMNodeManager (SCMNodeManager.java:register(397)) - Registered Data node : 62a92705-1dba-44af-aa6f-699c94c5895a{ip: 10.1.0.102, host: fv-az196-500.jtpmctcvnzqejnuy0st5dkw3nb.bx.internal.cloudapp.net, ports: [REPLICATION=42675, RATIS=36607, RATIS_ADMIN=36607, RATIS_SERVER=36607, STANDALONE=38033], networkLocation: /default-rack, certSerialId: null, persistedOpState: null, persistedOpStateExpiryEpochSec: 0}
2022-09-19 13:51:10,790 [EventQueue-NewNodeForNewNodeHandler] INFO  pipeline.BackgroundPipelineCreator (BackgroundPipelineCreator.java:notifyEventTriggered(276)) - trigger a one-shot run on RatisPipelineUtilsThread.
2022-09-19 13:51:10,790 [RatisPipelineUtilsThread - 0] INFO  pipeline.RatisPipelineProvider (RatisPipelineProvider.java:lambda$create$0(195)) - Sending CreatePipelineCommand for pipeline:PipelineID=b7ddc58b-50f7-4f49-a699-d7d882983a82 to datanode:62a92705-1dba-44af-aa6f-699c94c5895a
2022-09-19 13:51:10,791 [RatisPipelineUtilsThread - 0] INFO  pipeline.PipelineStateManagerImpl (PipelineStateManagerImpl.java:addPipeline(103)) - Created pipeline Pipeline[ Id: b7ddc58b-50f7-4f49-a699-d7d882983a82, Nodes: 62a92705-1dba-44af-aa6f-699c94c5895a{ip: 10.1.0.102, host: fv-az196-500.jtpmctcvnzqejnuy0st5dkw3nb.bx.internal.cloudapp.net, ports: [REPLICATION=42675, RATIS=36607, RATIS_ADMIN=36607, RATIS_SERVER=36607, STANDALONE=38033], networkLocation: /default-rack, certSerialId: null, persistedOpState: IN_SERVICE, persistedOpStateExpiryEpochSec: 0}, ReplicationConfig: RATIS/ONE, State:ALLOCATED, leaderId:, CreationTimestamp2022-09-19T13:51:10.790Z[Etc/UTC]].
2022-09-19 13:51:11,101 [IPC Server handler 3 on default port 34877] INFO  net.NetworkTopologyImpl (NetworkTopologyImpl.java:add(112)) - Added a new node: /default-rack/4256c034-9f31-4e1a-90bf-845fd7eceacb
2022-09-19 13:51:11,101 [IPC Server handler 3 on default port 34877] INFO  node.SCMNodeManager (SCMNodeManager.java:register(397)) - Registered Data node : 4256c034-9f31-4e1a-90bf-845fd7eceacb{ip: 10.1.0.102, host: fv-az196-500.jtpmctcvnzqejnuy0st5dkw3nb.bx.internal.cloudapp.net, ports: [REPLICATION=42219, RATIS=33073, RATIS_ADMIN=33073, RATIS_SERVER=33073, STANDALONE=45125], networkLocation: /default-rack, certSerialId: null, persistedOpState: null, persistedOpStateExpiryEpochSec: 0}
2022-09-19 13:51:11,102 [EventQueue-NewNodeForNewNodeHandler] INFO  pipeline.BackgroundPipelineCreator (BackgroundPipelineCreator.java:notifyEventTriggered(276)) - trigger a one-shot run on RatisPipelineUtilsThread.
2022-09-19 13:51:11,104 [RatisPipelineUtilsThread - 0] INFO  pipeline.RatisPipelineProvider (RatisPipelineProvider.java:lambda$create$0(195)) - Sending CreatePipelineCommand for pipeline:PipelineID=55bf502b-23be-4d6a-9950-57e71fd1f2aa to datanode:4256c034-9f31-4e1a-90bf-845fd7eceacb
2022-09-19 13:51:11,105 [RatisPipelineUtilsThread - 0] INFO  pipeline.PipelineStateManagerImpl (PipelineStateManagerImpl.java:addPipeline(103)) - Created pipeline Pipeline[ Id: 55bf502b-23be-4d6a-9950-57e71fd1f2aa, Nodes: 4256c034-9f31-4e1a-90bf-845fd7eceacb{ip: 10.1.0.102, host: fv-az196-500.jtpmctcvnzqejnuy0st5dkw3nb.bx.internal.cloudapp.net, ports: [REPLICATION=42219, RATIS=33073, RATIS_ADMIN=33073, RATIS_SERVER=33073, STANDALONE=45125], networkLocation: /default-rack, certSerialId: null, persistedOpState: IN_SERVICE, persistedOpStateExpiryEpochSec: 0}, ReplicationConfig: RATIS/ONE, State:ALLOCATED, leaderId:, CreationTimestamp2022-09-19T13:51:11.104Z[Etc/UTC]].
2022-09-19 13:51:11,397 [IPC Server handler 4 on default port 34877] INFO  net.NetworkTopologyImpl (NetworkTopologyImpl.java:add(112)) - Added a new node: /default-rack/482afb3d-5dff-4b01-b87b-af2a304f0017
2022-09-19 13:51:11,397 [IPC Server handler 4 on default port 34877] INFO  node.SCMNodeManager (SCMNodeManager.java:register(397)) - Registered Data node : 482afb3d-5dff-4b01-b87b-af2a304f0017{ip: 10.1.0.102, host: fv-az196-500.jtpmctcvnzqejnuy0st5dkw3nb.bx.internal.cloudapp.net, ports: [REPLICATION=35313, RATIS=43325, RATIS_ADMIN=43325, RATIS_SERVER=43325, STANDALONE=39843], networkLocation: /default-rack, certSerialId: null, persistedOpState: null, persistedOpStateExpiryEpochSec: 0}
2022-09-19 13:51:11,398 [EventQueue-NewNodeForNewNodeHandler] INFO  pipeline.BackgroundPipelineCreator (BackgroundPipelineCreator.java:notifyEventTriggered(276)) - trigger a one-shot run on RatisPipelineUtilsThread.
2022-09-19 13:51:11,399 [RatisPipelineUtilsThread - 0] INFO  pipeline.RatisPipelineProvider (RatisPipelineProvider.java:lambda$create$0(195)) - Sending CreatePipelineCommand for pipeline:PipelineID=80d7d334-3fea-44f5-9193-2a4bb4ec8ae1 to datanode:482afb3d-5dff-4b01-b87b-af2a304f0017
2022-09-19 13:51:11,400 [RatisPipelineUtilsThread - 0] INFO  pipeline.PipelineStateManagerImpl (PipelineStateManagerImpl.java:addPipeline(103)) - Created pipeline Pipeline[ Id: 80d7d334-3fea-44f5-9193-2a4bb4ec8ae1, Nodes: 482afb3d-5dff-4b01-b87b-af2a304f0017{ip: 10.1.0.102, host: fv-az196-500.jtpmctcvnzqejnuy0st5dkw3nb.bx.internal.cloudapp.net, ports: [REPLICATION=35313, RATIS=43325, RATIS_ADMIN=43325, RATIS_SERVER=43325, STANDALONE=39843], networkLocation: /default-rack, certSerialId: null, persistedOpState: IN_SERVICE, persistedOpStateExpiryEpochSec: 0}, ReplicationConfig: RATIS/ONE, State:ALLOCATED, leaderId:, CreationTimestamp2022-09-19T13:51:11.399Z[Etc/UTC]].
2022-09-19 13:51:11,401 [RatisPipelineUtilsThread - 0] INFO  pipeline.RatisPipelineProvider (RatisPipelineProvider.java:lambda$create$0(195)) - Sending CreatePipelineCommand for pipeline:PipelineID=f3716a32-eed7-4bc7-8547-bf2fbd2002a0 to datanode:482afb3d-5dff-4b01-b87b-af2a304f0017
2022-09-19 13:51:11,401 [RatisPipelineUtilsThread - 0] INFO  pipeline.RatisPipelineProvider (RatisPipelineProvider.java:lambda$create$0(195)) - Sending CreatePipelineCommand for pipeline:PipelineID=f3716a32-eed7-4bc7-8547-bf2fbd2002a0 to datanode:62a92705-1dba-44af-aa6f-699c94c5895a
2022-09-19 13:51:11,401 [RatisPipelineUtilsThread - 0] INFO  pipeline.RatisPipelineProvider (RatisPipelineProvider.java:lambda$create$0(195)) - Sending CreatePipelineCommand for pipeline:PipelineID=f3716a32-eed7-4bc7-8547-bf2fbd2002a0 to datanode:4256c034-9f31-4e1a-90bf-845fd7eceacb
2022-09-19 13:51:11,402 [RatisPipelineUtilsThread - 0] INFO  pipeline.PipelineStateManagerImpl (PipelineStateManagerImpl.java:addPipeline(103)) - Created pipeline Pipeline[ Id: f3716a32-eed7-4bc7-8547-bf2fbd2002a0, Nodes: 482afb3d-5dff-4b01-b87b-af2a304f0017{ip: 10.1.0.102, host: fv-az196-500.jtpmctcvnzqejnuy0st5dkw3nb.bx.internal.cloudapp.net, ports: [REPLICATION=35313, RATIS=43325, RATIS_ADMIN=43325, RATIS_SERVER=43325, STANDALONE=39843], networkLocation: /default-rack, certSerialId: null, persistedOpState: IN_SERVICE, persistedOpStateExpiryEpochSec: 0}62a92705-1dba-44af-aa6f-699c94c5895a{ip: 10.1.0.102, host: fv-az196-500.jtpmctcvnzqejnuy0st5dkw3nb.bx.internal.cloudapp.net, ports: [REPLICATION=42675, RATIS=36607, RATIS_ADMIN=36607, RATIS_SERVER=36607, STANDALONE=38033], networkLocation: /default-rack, certSerialId: null, persistedOpState: IN_SERVICE, persistedOpStateExpiryEpochSec: 0}4256c034-9f31-4e1a-90bf-845fd7eceacb{ip: 10.1.0.102, host: fv-az196-500.jtpmctcvnzqejnuy0st5dkw3nb.bx.internal.cloudapp.net, ports: [REPLICATION=42219, RATIS=33073, RATIS_ADMIN=33073, RATIS_SERVER=33073, STANDALONE=45125], networkLocation: /default-rack, certSerialId: null, persistedOpState: IN_SERVICE, persistedOpStateExpiryEpochSec: 0}, ReplicationConfig: RATIS/THREE, State:ALLOCATED, leaderId:, CreationTimestamp2022-09-19T13:51:11.401Z[Etc/UTC]].
2022-09-19 13:51:11,403 [RatisPipelineUtilsThread - 0] INFO  pipeline.RatisPipelineProvider (RatisPipelineProvider.java:lambda$create$0(195)) - Sending CreatePipelineCommand for pipeline:PipelineID=1d9f76bf-8606-42a4-b110-92d9d7995fe9 to datanode:62a92705-1dba-44af-aa6f-699c94c5895a
2022-09-19 13:51:11,403 [RatisPipelineUtilsThread - 0] INFO  pipeline.RatisPipelineProvider (RatisPipelineProvider.java:lambda$create$0(195)) - Sending CreatePipelineCommand for pipeline:PipelineID=1d9f76bf-8606-42a4-b110-92d9d7995fe9 to datanode:4256c034-9f31-4e1a-90bf-845fd7eceacb
2022-09-19 13:51:11,403 [RatisPipelineUtilsThread - 0] INFO  pipeline.RatisPipelineProvider (RatisPipelineProvider.java:lambda$create$0(195)) - Sending CreatePipelineCommand for pipeline:PipelineID=1d9f76bf-8606-42a4-b110-92d9d7995fe9 to datanode:482afb3d-5dff-4b01-b87b-af2a304f0017
2022-09-19 13:51:11,404 [RatisPipelineUtilsThread - 0] INFO  pipeline.PipelineStateManagerImpl (PipelineStateManagerImpl.java:addPipeline(103)) - Created pipeline Pipeline[ Id: 1d9f76bf-8606-42a4-b110-92d9d7995fe9, Nodes: 62a92705-1dba-44af-aa6f-699c94c5895a{ip: 10.1.0.102, host: fv-az196-500.jtpmctcvnzqejnuy0st5dkw3nb.bx.internal.cloudapp.net, ports: [REPLICATION=42675, RATIS=36607, RATIS_ADMIN=36607, RATIS_SERVER=36607, STANDALONE=38033], networkLocation: /default-rack, certSerialId: null, persistedOpState: IN_SERVICE, persistedOpStateExpiryEpochSec: 0}4256c034-9f31-4e1a-90bf-845fd7eceacb{ip: 10.1.0.102, host: fv-az196-500.jtpmctcvnzqejnuy0st5dkw3nb.bx.internal.cloudapp.net, ports: [REPLICATION=42219, RATIS=33073, RATIS_ADMIN=33073, RATIS_SERVER=33073, STANDALONE=45125], networkLocation: /default-rack, certSerialId: null, persistedOpState: IN_SERVICE, persistedOpStateExpiryEpochSec: 0}482afb3d-5dff-4b01-b87b-af2a304f0017{ip: 10.1.0.102, host: fv-az196-500.jtpmctcvnzqejnuy0st5dkw3nb.bx.internal.cloudapp.net, ports: [REPLICATION=35313, RATIS=43325, RATIS_ADMIN=43325, RATIS_SERVER=43325, STANDALONE=39843], networkLocation: /default-rack, certSerialId: null, persistedOpState: IN_SERVICE, persistedOpStateExpiryEpochSec: 0}, ReplicationConfig: RATIS/THREE, State:ALLOCATED, leaderId:, CreationTimestamp2022-09-19T13:51:11.403Z[Etc/UTC]].
2022-09-19 13:51:11,404 [RatisPipelineUtilsThread - 0] INFO  pipeline.PipelineManagerImpl (PipelineManagerImpl.java:recordMetricsForPipeline(796)) - Pipeline: PipelineID=1d9f76bf-8606-42a4-b110-92d9d7995fe9 contains same datanodes as previous pipelines: PipelineID=f3716a32-eed7-4bc7-8547-bf2fbd2002a0 nodeIds: 62a92705-1dba-44af-aa6f-699c94c5895a, 4256c034-9f31-4e1a-90bf-845fd7eceacb, 482afb3d-5dff-4b01-b87b-af2a304f0017
2022-09-19 13:51:11,752 [Listener at 127.0.0.1/46843] INFO  ozone.MiniOzoneClusterImpl (MiniOzoneClusterImpl.java:lambda$waitForClusterToBeReady$0(216)) - Waiting for nodes to be ready. Got 6 of 7 DN Heartbeats.
2022-09-19 13:51:11,753 [Listener at 127.0.0.1/46843] INFO  ozone.MiniOzoneClusterImpl (MiniOzoneClusterImpl.java:lambda$waitForClusterToBeReady$0(219)) - Waiting for cluster to exit safe mode
2022-09-19 13:51:11,753 [Listener at 127.0.0.1/46843] INFO  ozone.MiniOzoneClusterImpl (MiniOzoneClusterImpl.java:lambda$waitForClusterToBeReady$0(221)) - SCM became leader
2022-09-19 13:51:11,773 [IPC Server handler 0 on default port 34877] INFO  net.NetworkTopologyImpl (NetworkTopologyImpl.java:add(112)) - Added a new node: /default-rack/0df8fd5a-2015-434e-b54c-98b577502879
2022-09-19 13:51:11,773 [IPC Server handler 0 on default port 34877] INFO  node.SCMNodeManager (SCMNodeManager.java:register(397)) - Registered Data node : 0df8fd5a-2015-434e-b54c-98b577502879{ip: 10.1.0.102, host: fv-az196-500.jtpmctcvnzqejnuy0st5dkw3nb.bx.internal.cloudapp.net, ports: [REPLICATION=40987, RATIS=37277, RATIS_ADMIN=37277, RATIS_SERVER=37277, STANDALONE=36193], networkLocation: /default-rack, certSerialId: null, persistedOpState: null, persistedOpStateExpiryEpochSec: 0}
2022-09-19 13:51:11,774 [EventQueue-NewNodeForNewNodeHandler] INFO  pipeline.BackgroundPipelineCreator (BackgroundPipelineCreator.java:notifyEventTriggered(276)) - trigger a one-shot run on RatisPipelineUtilsThread.
2022-09-19 13:51:11,774 [RatisPipelineUtilsThread - 0] INFO  pipeline.RatisPipelineProvider (RatisPipelineProvider.java:lambda$create$0(195)) - Sending CreatePipelineCommand for pipeline:PipelineID=ffa33198-4a08-48c1-b7a0-1ca8c05b0168 to datanode:0df8fd5a-2015-434e-b54c-98b577502879
2022-09-19 13:51:11,775 [RatisPipelineUtilsThread - 0] INFO  pipeline.PipelineStateManagerImpl (PipelineStateManagerImpl.java:addPipeline(103)) - Created pipeline Pipeline[ Id: ffa33198-4a08-48c1-b7a0-1ca8c05b0168, Nodes: 0df8fd5a-2015-434e-b54c-98b577502879{ip: 10.1.0.102, host: fv-az196-500.jtpmctcvnzqejnuy0st5dkw3nb.bx.internal.cloudapp.net, ports: [REPLICATION=40987, RATIS=37277, RATIS_ADMIN=37277, RATIS_SERVER=37277, STANDALONE=36193], networkLocation: /default-rack, certSerialId: null, persistedOpState: IN_SERVICE, persistedOpStateExpiryEpochSec: 0}, ReplicationConfig: RATIS/ONE, State:ALLOCATED, leaderId:, CreationTimestamp2022-09-19T13:51:11.774Z[Etc/UTC]].
2022-09-19 13:51:12,638 [Command processor thread] INFO  server.RaftServer (RaftServerProxy.java:addNew(96)) - 7c10063f-3b8f-4dae-b7c3-dc89125a4637: addNew group-9604EE6B3B4C:[7c10063f-3b8f-4dae-b7c3-dc89125a4637|rpc:10.1.0.102:35125|priority:1] returns group-9604EE6B3B4C:java.util.concurrent.CompletableFuture@4fa5a921[Not completed]
2022-09-19 13:51:12,649 [pool-72-thread-1] INFO  server.RaftServer$Division (RaftServerImpl.java:<init>(190)) - 7c10063f-3b8f-4dae-b7c3-dc89125a4637: new RaftServerImpl for group-9604EE6B3B4C:[7c10063f-3b8f-4dae-b7c3-dc89125a4637|rpc:10.1.0.102:35125|priority:1] with ContainerStateMachine:uninitialized
2022-09-19 13:51:12,650 [pool-72-thread-1] INFO  server.RaftServerConfigKeys (ConfUtils.java:logGet(46)) - raft.server.rpc.timeout.min = 5s (custom)
2022-09-19 13:51:12,650 [pool-72-thread-1] INFO  server.RaftServerConfigKeys (ConfUtils.java:logGet(46)) - raft.server.rpc.timeout.max = 5200ms (custom)
2022-09-19 13:51:12,650 [pool-72-thread-1] INFO  server.RaftServerConfigKeys (ConfUtils.java:logGet(46)) - raft.server.rpc.sleep.time = 25ms (default)
2022-09-19 13:51:12,650 [pool-72-thread-1] INFO  server.RaftServerConfigKeys (ConfUtils.java:logGet(46)) - raft.server.rpc.slowness.timeout = 300s (custom)
2022-09-19 13:51:12,650 [pool-72-thread-1] INFO  server.RaftServerConfigKeys (ConfUtils.java:logGet(46)) - raft.server.leaderelection.leader.step-down.wait-time = 10s (default)
2022-09-19 13:51:12,650 [pool-72-thread-1] INFO  server.RaftServerConfigKeys (ConfUtils.java:logGet(46)) - raft.server.sleep.deviation.threshold = 300ms (default)
2022-09-19 13:51:12,650 [pool-72-thread-1] INFO  server.RaftServer$Division (ServerState.java:<init>(107)) - 7c10063f-3b8f-4dae-b7c3-dc89125a4637@group-9604EE6B3B4C: ConfigurationManager, init=-1: [7c10063f-3b8f-4dae-b7c3-dc89125a4637|rpc:10.1.0.102:35125|priority:1], old=null, confs=<EMPTY_MAP>
2022-09-19 13:51:12,650 [pool-72-thread-1] INFO  server.RaftServerConfigKeys (ConfUtils.java:logGet(46)) - raft.server.storage.dir = [/home/runner/work/ozone/ozone/hadoop-ozone/integration-test/target/test-dir/MiniOzoneClusterImpl-dbfde215-b7d4-4534-b4eb-abad1aeb9004/datanode-0/data/ratis] (custom)
2022-09-19 13:51:12,651 [pool-72-thread-1] INFO  server.RaftServerConfigKeys (ConfUtils.java:logGet(46)) - raft.server.log.corruption.policy = EXCEPTION (default)
2022-09-19 13:51:12,651 [pool-72-thread-1] INFO  server.RaftServerConfigKeys (ConfUtils.java:logGet(46)) - raft.server.storage.free-space.min = 0MB (=0) (default)
2022-09-19 13:51:12,651 [pool-72-thread-1] INFO  storage.RaftStorageDirectory (RaftStorageDirectoryImpl.java:analyzeStorage(135)) - The storage directory /home/runner/work/ozone/ozone/hadoop-ozone/integration-test/target/test-dir/MiniOzoneClusterImpl-dbfde215-b7d4-4534-b4eb-abad1aeb9004/datanode-0/data/ratis/4d4d6339-5e24-46ec-9b16-9604ee6b3b4c does not exist. Creating ...
2022-09-19 13:51:12,653 [pool-72-thread-1] INFO  storage.RaftStorageDirectory (RaftStorageDirectoryImpl.java:tryLock(230)) - Lock on /home/runner/work/ozone/ozone/hadoop-ozone/integration-test/target/test-dir/MiniOzoneClusterImpl-dbfde215-b7d4-4534-b4eb-abad1aeb9004/datanode-0/data/ratis/4d4d6339-5e24-46ec-9b16-9604ee6b3b4c/in_use.lock acquired by nodename 83439@fv-az196-500
2022-09-19 13:51:12,654 [pool-72-thread-1] INFO  storage.RaftStorage (RaftStorageImpl.java:format(89)) - Storage directory /home/runner/work/ozone/ozone/hadoop-ozone/integration-test/target/test-dir/MiniOzoneClusterImpl-dbfde215-b7d4-4534-b4eb-abad1aeb9004/datanode-0/data/ratis/4d4d6339-5e24-46ec-9b16-9604ee6b3b4c has been successfully formatted.
2022-09-19 13:51:12,659 [pool-72-thread-1] INFO  ratis.ContainerStateMachine (ContainerStateMachine.java:loadSnapshot(236)) - group-9604EE6B3B4C: The snapshot info is null. Setting the last applied indexto:(t:0, i:~)
2022-09-19 13:51:12,659 [pool-72-thread-1] INFO  server.RaftServerConfigKeys (ConfUtils.java:logGet(46)) - raft.server.notification.no-leader.timeout = 300s (custom)
2022-09-19 13:51:12,659 [pool-72-thread-1] INFO  server.RaftServerConfigKeys (ConfUtils.java:logGet(46)) - raft.server.log.use.memory = false (default)
2022-09-19 13:51:12,659 [pool-72-thread-1] INFO  server.RaftServerConfigKeys (ConfUtils.java:logGet(46)) - raft.server.log.purge.gap = 1000000 (custom)
2022-09-19 13:51:12,659 [pool-72-thread-1] INFO  server.RaftServerConfigKeys (ConfUtils.java:logGet(46)) - raft.server.log.appender.buffer.byte-limit = 33554432 (custom)
2022-09-19 13:51:12,659 [pool-72-thread-1] INFO  server.RaftServerConfigKeys (ConfUtils.java:logGet(46)) - raft.server.log.statemachine.data.read.timeout = 1000ms (default)
2022-09-19 13:51:12,659 [pool-72-thread-1] INFO  server.RaftServerConfigKeys (ConfUtils.java:logGet(46)) - raft.server.log.segment.size.max = 1048576 (custom)
2022-09-19 13:51:12,660 [pool-72-thread-1] INFO  server.RaftServerConfigKeys (ConfUtils.java:logGet(46)) - raft.server.log.segment.cache.num.max = 2 (custom)
2022-09-19 13:51:12,660 [pool-72-thread-1] INFO  server.RaftServerConfigKeys (ConfUtils.java:logGet(46)) - raft.server.log.segment.cache.size.max = 200MB (=209715200) (default)
2022-09-19 13:51:12,660 [pool-72-thread-1] INFO  segmented.SegmentedRaftLogWorker (SegmentedRaftLogWorker.java:<init>(187)) - new 7c10063f-3b8f-4dae-b7c3-dc89125a4637@group-9604EE6B3B4C-SegmentedRaftLogWorker for RaftStorageImpl:Storage Directory /home/runner/work/ozone/ozone/hadoop-ozone/integration-test/target/test-dir/MiniOzoneClusterImpl-dbfde215-b7d4-4534-b4eb-abad1aeb9004/datanode-0/data/ratis/4d4d6339-5e24-46ec-9b16-9604ee6b3b4c
2022-09-19 13:51:12,661 [pool-72-thread-1] INFO  server.RaftServerConfigKeys (ConfUtils.java:logGet(46)) - raft.server.log.queue.byte-limit = 4294967296 (custom)
2022-09-19 13:51:12,661 [pool-72-thread-1] INFO  server.RaftServerConfigKeys (ConfUtils.java:logGet(46)) - raft.server.log.queue.element-limit = 1024 (custom)
2022-09-19 13:51:12,661 [pool-72-thread-1] INFO  server.RaftServerConfigKeys (ConfUtils.java:logGet(46)) - raft.server.log.segment.size.max = 1048576 (custom)
2022-09-19 13:51:12,661 [pool-72-thread-1] INFO  server.RaftServerConfigKeys (ConfUtils.java:logGet(46)) - raft.server.log.preallocated.size = 16384 (custom)
2022-09-19 13:51:12,661 [pool-72-thread-1] INFO  server.RaftServerConfigKeys (ConfUtils.java:logGet(46)) - raft.server.log.force.sync.num = 128 (default)
2022-09-19 13:51:12,661 [pool-72-thread-1] INFO  server.RaftServerConfigKeys (ConfUtils.java:logGet(46)) - raft.server.log.statemachine.data.sync = true (default)
2022-09-19 13:51:12,661 [pool-72-thread-1] INFO  server.RaftServerConfigKeys (ConfUtils.java:logGet(46)) - raft.server.log.statemachine.data.sync.timeout = 10s (default)
2022-09-19 13:51:12,661 [pool-72-thread-1] INFO  server.RaftServerConfigKeys (ConfUtils.java:logGet(46)) - raft.server.log.statemachine.data.sync.timeout.retry = -1 (default)
2022-09-19 13:51:12,663 [pool-72-thread-1] INFO  server.RaftServerConfigKeys (ConfUtils.java:logGet(46)) - raft.server.log.write.buffer.size = 1048576 (custom)
2022-09-19 13:51:12,664 [pool-72-thread-1] INFO  server.RaftServerConfigKeys (ConfUtils.java:logGet(46)) - raft.server.log.unsafe-flush.enabled = false (default)
2022-09-19 13:51:12,664 [pool-72-thread-1] INFO  server.RaftServerConfigKeys (ConfUtils.java:logGet(46)) - raft.server.log.statemachine.data.caching.enabled = true (custom)
2022-09-19 13:51:12,664 [pool-72-thread-1] INFO  segmented.SegmentedRaftLogWorker (SegmentedRaftLogWorker.java:lambda$new$0(135)) - 7c10063f-3b8f-4dae-b7c3-dc89125a4637@group-9604EE6B3B4C-SegmentedRaftLogWorker: flushIndex: setUnconditionally 0 -> -1
2022-09-19 13:51:12,664 [pool-72-thread-1] INFO  segmented.SegmentedRaftLogWorker (SegmentedRaftLogWorker.java:lambda$new$0(135)) - 7c10063f-3b8f-4dae-b7c3-dc89125a4637@group-9604EE6B3B4C-SegmentedRaftLogWorker: safeCacheEvictIndex: setUnconditionally 0 -> -1
2022-09-19 13:51:12,664 [pool-72-thread-1] INFO  server.RaftServerConfigKeys (ConfUtils.java:logGet(46)) - raft.server.snapshot.auto.trigger.enabled = true (custom)
2022-09-19 13:51:12,664 [pool-72-thread-1] INFO  server.RaftServerConfigKeys (ConfUtils.java:logGet(46)) - raft.server.snapshot.auto.trigger.threshold = 10000 (custom)
2022-09-19 13:51:12,664 [pool-72-thread-1] INFO  server.RaftServerConfigKeys (ConfUtils.java:logGet(46)) - raft.server.snapshot.retention.file.num = 5 (custom)
2022-09-19 13:51:12,664 [pool-72-thread-1] INFO  server.RaftServerConfigKeys (ConfUtils.java:logGet(46)) - raft.server.log.purge.upto.snapshot.index = false (default)
2022-09-19 13:51:12,664 [pool-72-thread-1] INFO  server.RaftServerConfigKeys (ConfUtils.java:logGet(46)) - raft.server.retrycache.expirytime = 600000ms (custom)
2022-09-19 13:51:12,664 [pool-72-thread-1] INFO  server.RaftServerConfigKeys (ConfUtils.java:logGet(46)) - raft.server.retrycache.statistics.expirytime = 100μs (default)
2022-09-19 13:51:12,667 [pool-72-thread-1] INFO  server.RaftServerConfigKeys (ConfUtils.java:logGet(46)) - raft.server.log.appender.install.snapshot.enabled = false (custom)
2022-09-19 13:51:12,667 [pool-72-thread-1] INFO  server.RaftServerConfigKeys (ConfUtils.java:logGet(46)) - raft.server.threadpool.server.cached = true (default)
2022-09-19 13:51:12,667 [pool-72-thread-1] INFO  server.RaftServerConfigKeys (ConfUtils.java:logGet(46)) - raft.server.threadpool.server.size = 0 (default)
2022-09-19 13:51:12,667 [pool-72-thread-1] INFO  server.RaftServerConfigKeys (ConfUtils.java:logGet(46)) - raft.server.threadpool.client.cached = true (default)
2022-09-19 13:51:12,667 [pool-72-thread-1] INFO  server.RaftServerConfigKeys (ConfUtils.java:logGet(46)) - raft.server.threadpool.client.size = 0 (default)
2022-09-19 13:51:12,668 [pool-72-thread-1] INFO  server.RaftServer$Division (RaftServerImpl.java:start(310)) - 7c10063f-3b8f-4dae-b7c3-dc89125a4637@group-9604EE6B3B4C: start as a follower, conf=-1: [7c10063f-3b8f-4dae-b7c3-dc89125a4637|rpc:10.1.0.102:35125|priority:1], old=null
2022-09-19 13:51:12,668 [pool-72-thread-1] INFO  server.RaftServer$Division (RaftServerImpl.java:setRole(299)) - 7c10063f-3b8f-4dae-b7c3-dc89125a4637@group-9604EE6B3B4C: changes role from      null to FOLLOWER at term 0 for startAsFollower
2022-09-19 13:51:12,668 [pool-72-thread-1] INFO  impl.RoleInfo (RoleInfo.java:updateAndGet(139)) - 7c10063f-3b8f-4dae-b7c3-dc89125a4637: start 7c10063f-3b8f-4dae-b7c3-dc89125a4637@group-9604EE6B3B4C-FollowerState
2022-09-19 13:51:12,676 [pool-72-thread-1] INFO  util.JmxRegister (JmxRegister.java:tryRegister(44)) - Successfully registered JMX Bean with object name Ratis:service=RaftServer,group=group-9604EE6B3B4C,id=7c10063f-3b8f-4dae-b7c3-dc89125a4637
2022-09-19 13:51:12,707 [Command processor thread] INFO  ratis.XceiverServerRatis (XceiverServerRatis.java:addGroup(765)) - Created group PipelineID=4d4d6339-5e24-46ec-9b16-9604ee6b3b4c
2022-09-19 13:51:12,708 [Command processor thread] INFO  commandhandler.CreatePipelineCommandHandler (CreatePipelineCommandHandler.java:handle(113)) - Created Pipeline RATIS ONE PipelineID=4d4d6339-5e24-46ec-9b16-9604ee6b3b4c.
2022-09-19 13:51:12,708 [Command processor thread] INFO  server.RaftServer (RaftServerProxy.java:addNew(96)) - 7c10063f-3b8f-4dae-b7c3-dc89125a4637: addNew group-D3B7D0F535DE:[7c10063f-3b8f-4dae-b7c3-dc89125a4637|rpc:10.1.0.102:35125|priority:0, 177f7a3a-c358-4ca7-a586-caf38fdff25d|rpc:10.1.0.102:41369|priority:0, 71b36113-8e0f-4dd8-8e3f-8d28841b693a|rpc:10.1.0.102:34867|priority:1] returns group-D3B7D0F535DE:java.util.concurrent.CompletableFuture@212385a1[Not completed]
2022-09-19 13:51:12,709 [pool-72-thread-1] INFO  server.RaftServer$Division (RaftServerImpl.java:<init>(190)) - 7c10063f-3b8f-4dae-b7c3-dc89125a4637: new RaftServerImpl for group-D3B7D0F535DE:[7c10063f-3b8f-4dae-b7c3-dc89125a4637|rpc:10.1.0.102:35125|priority:0, 177f7a3a-c358-4ca7-a586-caf38fdff25d|rpc:10.1.0.102:41369|priority:0, 71b36113-8e0f-4dd8-8e3f-8d28841b693a|rpc:10.1.0.102:34867|priority:1] with ContainerStateMachine:uninitialized
2022-09-19 13:51:12,710 [pool-72-thread-1] INFO  server.RaftServerConfigKeys (ConfUtils.java:logGet(46)) - raft.server.rpc.timeout.min = 5s (custom)
2022-09-19 13:51:12,710 [pool-72-thread-1] INFO  server.RaftServerConfigKeys (ConfUtils.java:logGet(46)) - raft.server.rpc.timeout.max = 5200ms (custom)
2022-09-19 13:51:12,710 [pool-72-thread-1] INFO  server.RaftServerConfigKeys (ConfUtils.java:logGet(46)) - raft.server.rpc.sleep.time = 25ms (default)
2022-09-19 13:51:12,710 [pool-72-thread-1] INFO  server.RaftServerConfigKeys (ConfUtils.java:logGet(46)) - raft.server.rpc.slowness.timeout = 300s (custom)
2022-09-19 13:51:12,710 [pool-72-thread-1] INFO  server.RaftServerConfigKeys (ConfUtils.java:logGet(46)) - raft.server.leaderelection.leader.step-down.wait-time = 10s (default)
2022-09-19 13:51:12,710 [pool-72-thread-1] INFO  server.RaftServerConfigKeys (ConfUtils.java:logGet(46)) - raft.server.sleep.deviation.threshold = 300ms (default)
2022-09-19 13:51:12,710 [pool-72-thread-1] INFO  server.RaftServer$Division (ServerState.java:<init>(107)) - 7c10063f-3b8f-4dae-b7c3-dc89125a4637@group-D3B7D0F535DE: ConfigurationManager, init=-1: [7c10063f-3b8f-4dae-b7c3-dc89125a4637|rpc:10.1.0.102:35125|priority:0, 177f7a3a-c358-4ca7-a586-caf38fdff25d|rpc:10.1.0.102:41369|priority:0, 71b36113-8e0f-4dd8-8e3f-8d28841b693a|rpc:10.1.0.102:34867|priority:1], old=null, confs=<EMPTY_MAP>
2022-09-19 13:51:12,710 [pool-72-thread-1] INFO  server.RaftServerConfigKeys (ConfUtils.java:logGet(46)) - raft.server.storage.dir = [/home/runner/work/ozone/ozone/hadoop-ozone/integration-test/target/test-dir/MiniOzoneClusterImpl-dbfde215-b7d4-4534-b4eb-abad1aeb9004/datanode-0/data/ratis] (custom)
2022-09-19 13:51:12,710 [pool-72-thread-1] INFO  server.RaftServerConfigKeys (ConfUtils.java:logGet(46)) - raft.server.log.corruption.policy = EXCEPTION (default)
2022-09-19 13:51:12,710 [pool-72-thread-1] INFO  server.RaftServerConfigKeys (ConfUtils.java:logGet(46)) - raft.server.storage.free-space.min = 0MB (=0) (default)
2022-09-19 13:51:12,710 [pool-72-thread-1] INFO  storage.RaftStorageDirectory (RaftStorageDirectoryImpl.java:analyzeStorage(135)) - The storage directory /home/runner/work/ozone/ozone/hadoop-ozone/integration-test/target/test-dir/MiniOzoneClusterImpl-dbfde215-b7d4-4534-b4eb-abad1aeb9004/datanode-0/data/ratis/c76fe0c8-2954-4163-9d13-d3b7d0f535de does not exist. Creating ...
2022-09-19 13:51:12,710 [EventQueue-PipelineReportForPipelineReportHandler] INFO  pipeline.PipelineManagerImpl (PipelineManagerImpl.java:openPipeline(367)) - Pipeline Pipeline[ Id: 4d4d6339-5e24-46ec-9b16-9604ee6b3b4c, Nodes: 7c10063f-3b8f-4dae-b7c3-dc89125a4637{ip: 10.1.0.102, host: fv-az196-500.jtpmctcvnzqejnuy0st5dkw3nb.bx.internal.cloudapp.net, ports: [REPLICATION=36405, RATIS=35125, RATIS_ADMIN=35125, RATIS_SERVER=35125, STANDALONE=36371], networkLocation: /default-rack, certSerialId: null, persistedOpState: IN_SERVICE, persistedOpStateExpiryEpochSec: 0}, ReplicationConfig: RATIS/ONE, State:ALLOCATED, leaderId:7c10063f-3b8f-4dae-b7c3-dc89125a4637, CreationTimestamp2022-09-19T13:51:09.652Z[Etc/UTC]] moved to OPEN state
2022-09-19 13:51:12,711 [pool-72-thread-1] INFO  storage.RaftStorageDirectory (RaftStorageDirectoryImpl.java:tryLock(230)) - Lock on /home/runner/work/ozone/ozone/hadoop-ozone/integration-test/target/test-dir/MiniOzoneClusterImpl-dbfde215-b7d4-4534-b4eb-abad1aeb9004/datanode-0/data/ratis/c76fe0c8-2954-4163-9d13-d3b7d0f535de/in_use.lock acquired by nodename 83439@fv-az196-500
2022-09-19 13:51:12,712 [pool-72-thread-1] INFO  storage.RaftStorage (RaftStorageImpl.java:format(89)) - Storage directory /home/runner/work/ozone/ozone/hadoop-ozone/integration-test/target/test-dir/MiniOzoneClusterImpl-dbfde215-b7d4-4534-b4eb-abad1aeb9004/datanode-0/data/ratis/c76fe0c8-2954-4163-9d13-d3b7d0f535de has been successfully formatted.
2022-09-19 13:51:12,713 [pool-72-thread-1] INFO  ratis.ContainerStateMachine (ContainerStateMachine.java:loadSnapshot(236)) - group-D3B7D0F535DE: The snapshot info is null. Setting the last applied indexto:(t:0, i:~)
2022-09-19 13:51:12,713 [pool-72-thread-1] INFO  server.RaftServerConfigKeys (ConfUtils.java:logGet(46)) - raft.server.notification.no-leader.timeout = 300s (custom)
2022-09-19 13:51:12,713 [pool-72-thread-1] INFO  server.RaftServerConfigKeys (ConfUtils.java:logGet(46)) - raft.server.log.use.memory = false (default)
2022-09-19 13:51:12,713 [pool-72-thread-1] INFO  server.RaftServerConfigKeys (ConfUtils.java:logGet(46)) - raft.server.log.purge.gap = 1000000 (custom)
2022-09-19 13:51:12,713 [pool-72-thread-1] INFO  server.RaftServerConfigKeys (ConfUtils.java:logGet(46)) - raft.server.log.appender.buffer.byte-limit = 33554432 (custom)
2022-09-19 13:51:12,713 [pool-72-thread-1] INFO  server.RaftServerConfigKeys (ConfUtils.java:logGet(46)) - raft.server.log.statemachine.data.read.timeout = 1000ms (default)
2022-09-19 13:51:12,713 [pool-72-thread-1] INFO  server.RaftServerConfigKeys (ConfUtils.java:logGet(46)) - raft.server.log.segment.size.max = 1048576 (custom)
2022-09-19 13:51:12,714 [pool-72-thread-1] INFO  server.RaftServerConfigKeys (ConfUtils.java:logGet(46)) - raft.server.log.segment.cache.num.max = 2 (custom)
2022-09-19 13:51:12,719 [pool-72-thread-1] INFO  server.RaftServerConfigKeys (ConfUtils.java:logGet(46)) - raft.server.log.segment.cache.size.max = 200MB (=209715200) (default)
2022-09-19 13:51:12,719 [pool-72-thread-1] INFO  segmented.SegmentedRaftLogWorker (SegmentedRaftLogWorker.java:<init>(187)) - new 7c10063f-3b8f-4dae-b7c3-dc89125a4637@group-D3B7D0F535DE-SegmentedRaftLogWorker for RaftStorageImpl:Storage Directory /home/runner/work/ozone/ozone/hadoop-ozone/integration-test/target/test-dir/MiniOzoneClusterImpl-dbfde215-b7d4-4534-b4eb-abad1aeb9004/datanode-0/data/ratis/c76fe0c8-2954-4163-9d13-d3b7d0f535de
2022-09-19 13:51:12,719 [EventQueue-OpenPipelineForHealthyPipelineSafeModeRule] INFO  safemode.SCMSafeModeManager (HealthyPipelineSafeModeRule.java:process(137)) - SCM in safe mode. Healthy pipelines reported count is 0, required healthy pipeline reported count is 1
2022-09-19 13:51:12,719 [pool-72-thread-1] INFO  server.RaftServerConfigKeys (ConfUtils.java:logGet(46)) - raft.server.log.queue.byte-limit = 4294967296 (custom)
2022-09-19 13:51:12,720 [EventQueue-OpenPipelineForHealthyPipelineSafeModeRule] INFO  safemode.SCMSafeModeManager (HealthyPipelineSafeModeRule.java:process(137)) - SCM in safe mode. Healthy pipelines reported count is 0, required healthy pipeline reported count is 1
2022-09-19 13:51:12,720 [pool-72-thread-1] INFO  server.RaftServerConfigKeys (ConfUtils.java:logGet(46)) - raft.server.log.queue.element-limit = 1024 (custom)
2022-09-19 13:51:12,720 [pool-72-thread-1] INFO  server.RaftServerConfigKeys (ConfUtils.java:logGet(46)) - raft.server.log.segment.size.max = 1048576 (custom)
2022-09-19 13:51:12,720 [pool-72-thread-1] INFO  server.RaftServerConfigKeys (ConfUtils.java:logGet(46)) - raft.server.log.preallocated.size = 16384 (custom)
2022-09-19 13:51:12,720 [pool-72-thread-1] INFO  server.RaftServerConfigKeys (ConfUtils.java:logGet(46)) - raft.server.log.force.sync.num = 128 (default)
2022-09-19 13:51:12,720 [pool-72-thread-1] INFO  server.RaftServerConfigKeys (ConfUtils.java:logGet(46)) - raft.server.log.statemachine.data.sync = true (default)
2022-09-19 13:51:12,720 [pool-72-thread-1] INFO  server.RaftServerConfigKeys (ConfUtils.java:logGet(46)) - raft.server.log.statemachine.data.sync.timeout = 10s (default)
2022-09-19 13:51:12,720 [pool-72-thread-1] INFO  server.RaftServerConfigKeys (ConfUtils.java:logGet(46)) - raft.server.log.statemachine.data.sync.timeout.retry = -1 (default)
2022-09-19 13:51:12,723 [pool-72-thread-1] INFO  server.RaftServerConfigKeys (ConfUtils.java:logGet(46)) - raft.server.log.write.buffer.size = 1048576 (custom)
2022-09-19 13:51:12,724 [pool-72-thread-1] INFO  server.RaftServerConfigKeys (ConfUtils.java:logGet(46)) - raft.server.log.unsafe-flush.enabled = false (default)
2022-09-19 13:51:12,724 [pool-72-thread-1] INFO  server.RaftServerConfigKeys (ConfUtils.java:logGet(46)) - raft.server.log.statemachine.data.caching.enabled = true (custom)
2022-09-19 13:51:12,724 [pool-72-thread-1] INFO  segmented.SegmentedRaftLogWorker (SegmentedRaftLogWorker.java:lambda$new$0(135)) - 7c10063f-3b8f-4dae-b7c3-dc89125a4637@group-D3B7D0F535DE-SegmentedRaftLogWorker: flushIndex: setUnconditionally 0 -> -1
2022-09-19 13:51:12,724 [pool-72-thread-1] INFO  segmented.SegmentedRaftLogWorker (SegmentedRaftLogWorker.java:lambda$new$0(135)) - 7c10063f-3b8f-4dae-b7c3-dc89125a4637@group-D3B7D0F535DE-SegmentedRaftLogWorker: safeCacheEvictIndex: setUnconditionally 0 -> -1
2022-09-19 13:51:12,725 [pool-72-thread-1] INFO  server.RaftServerConfigKeys (ConfUtils.java:logGet(46)) - raft.server.snapshot.auto.trigger.enabled = true (custom)
2022-09-19 13:51:12,726 [pool-72-thread-1] INFO  server.RaftServerConfigKeys (ConfUtils.java:logGet(46)) - raft.server.snapshot.auto.trigger.threshold = 10000 (custom)
2022-09-19 13:51:12,726 [pool-72-thread-1] INFO  server.RaftServerConfigKeys (ConfUtils.java:logGet(46)) - raft.server.snapshot.retention.file.num = 5 (custom)
2022-09-19 13:51:12,726 [pool-72-thread-1] INFO  server.RaftServerConfigKeys (ConfUtils.java:logGet(46)) - raft.server.log.purge.upto.snapshot.index = false (default)
2022-09-19 13:51:12,726 [pool-72-thread-1] INFO  server.RaftServerConfigKeys (ConfUtils.java:logGet(46)) - raft.server.retrycache.expirytime = 600000ms (custom)
2022-09-19 13:51:12,726 [pool-72-thread-1] INFO  server.RaftServerConfigKeys (ConfUtils.java:logGet(46)) - raft.server.retrycache.statistics.expirytime = 100μs (default)
2022-09-19 13:51:12,729 [pool-72-thread-1] INFO  server.RaftServerConfigKeys (ConfUtils.java:logGet(46)) - raft.server.log.appender.install.snapshot.enabled = false (custom)
2022-09-19 13:51:12,729 [pool-72-thread-1] INFO  server.RaftServerConfigKeys (ConfUtils.java:logGet(46)) - raft.server.threadpool.server.cached = true (default)
2022-09-19 13:51:12,729 [pool-72-thread-1] INFO  server.RaftServerConfigKeys (ConfUtils.java:logGet(46)) - raft.server.threadpool.server.size = 0 (default)
2022-09-19 13:51:12,733 [pool-72-thread-1] INFO  server.RaftServerConfigKeys (ConfUtils.java:logGet(46)) - raft.server.threadpool.client.cached = true (default)
2022-09-19 13:51:12,734 [pool-72-thread-1] INFO  server.RaftServerConfigKeys (ConfUtils.java:logGet(46)) - raft.server.threadpool.client.size = 0 (default)
2022-09-19 13:51:12,734 [pool-72-thread-1] INFO  server.RaftServer$Division (RaftServerImpl.java:start(310)) - 7c10063f-3b8f-4dae-b7c3-dc89125a4637@group-D3B7D0F535DE: start as a follower, conf=-1: [7c10063f-3b8f-4dae-b7c3-dc89125a4637|rpc:10.1.0.102:35125|priority:0, 177f7a3a-c358-4ca7-a586-caf38fdff25d|rpc:10.1.0.102:41369|priority:0, 71b36113-8e0f-4dd8-8e3f-8d28841b693a|rpc:10.1.0.102:34867|priority:1], old=null
2022-09-19 13:51:12,734 [pool-72-thread-1] INFO  server.RaftServer$Division (RaftServerImpl.java:setRole(299)) - 7c10063f-3b8f-4dae-b7c3-dc89125a4637@group-D3B7D0F535DE: changes role from      null to FOLLOWER at term 0 for startAsFollower
2022-09-19 13:51:12,734 [pool-72-thread-1] INFO  impl.RoleInfo (RoleInfo.java:updateAndGet(139)) - 7c10063f-3b8f-4dae-b7c3-dc89125a4637: start 7c10063f-3b8f-4dae-b7c3-dc89125a4637@group-D3B7D0F535DE-FollowerState
2022-09-19 13:51:12,737 [pool-72-thread-1] INFO  util.JmxRegister (JmxRegister.java:tryRegister(44)) - Successfully registered JMX Bean with object name Ratis:service=RaftServer,group=group-D3B7D0F535DE,id=7c10063f-3b8f-4dae-b7c3-dc89125a4637
2022-09-19 13:51:12,740 [Command processor thread] INFO  ratis.XceiverServerRatis (XceiverServerRatis.java:addGroup(765)) - Created group PipelineID=c76fe0c8-2954-4163-9d13-d3b7d0f535de
2022-09-19 13:51:12,753 [Listener at 127.0.0.1/46843] INFO  ozone.MiniOzoneClusterImpl (MiniOzoneClusterImpl.java:lambda$waitForClusterToBeReady$0(216)) - Nodes are ready. Got 7 of 7 DN Heartbeats.
2022-09-19 13:51:12,754 [Listener at 127.0.0.1/46843] INFO  ozone.MiniOzoneClusterImpl (MiniOzoneClusterImpl.java:lambda$waitForClusterToBeReady$0(219)) - Waiting for cluster to exit safe mode
2022-09-19 13:51:12,754 [Listener at 127.0.0.1/46843] INFO  ozone.MiniOzoneClusterImpl (MiniOzoneClusterImpl.java:lambda$waitForClusterToBeReady$0(221)) - SCM became leader
2022-09-19 13:51:13,089 [Command processor thread] INFO  server.RaftServer (RaftServerProxy.java:addNew(96)) - 71b36113-8e0f-4dd8-8e3f-8d28841b693a: addNew group-39FB3BEACC55:[71b36113-8e0f-4dd8-8e3f-8d28841b693a|rpc:10.1.0.102:34867|priority:1] returns group-39FB3BEACC55:java.util.concurrent.CompletableFuture@e2a0e6a[Not completed]
2022-09-19 13:51:13,095 [pool-95-thread-1] INFO  server.RaftServer$Division (RaftServerImpl.java:<init>(190)) - 71b36113-8e0f-4dd8-8e3f-8d28841b693a: new RaftServerImpl for group-39FB3BEACC55:[71b36113-8e0f-4dd8-8e3f-8d28841b693a|rpc:10.1.0.102:34867|priority:1] with ContainerStateMachine:uninitialized
2022-09-19 13:51:13,095 [pool-95-thread-1] INFO  server.RaftServerConfigKeys (ConfUtils.java:logGet(46)) - raft.server.rpc.timeout.min = 5s (custom)
2022-09-19 13:51:13,095 [pool-95-thread-1] INFO  server.RaftServerConfigKeys (ConfUtils.java:logGet(46)) - raft.server.rpc.timeout.max = 5200ms (custom)
2022-09-19 13:51:13,095 [pool-95-thread-1] INFO  server.RaftServerConfigKeys (ConfUtils.java:logGet(46)) - raft.server.rpc.sleep.time = 25ms (default)
2022-09-19 13:51:13,095 [pool-95-thread-1] INFO  server.RaftServerConfigKeys (ConfUtils.java:logGet(46)) - raft.server.rpc.slowness.timeout = 300s (custom)
2022-09-19 13:51:13,095 [pool-95-thread-1] INFO  server.RaftServerConfigKeys (ConfUtils.java:logGet(46)) - raft.server.leaderelection.leader.step-down.wait-time = 10s (default)
2022-09-19 13:51:13,095 [pool-95-thread-1] INFO  server.RaftServerConfigKeys (ConfUtils.java:logGet(46)) - raft.server.sleep.deviation.threshold = 300ms (default)
2022-09-19 13:51:13,095 [pool-95-thread-1] INFO  server.RaftServer$Division (ServerState.java:<init>(107)) - 71b36113-8e0f-4dd8-8e3f-8d28841b693a@group-39FB3BEACC55: ConfigurationManager, init=-1: [71b36113-8e0f-4dd8-8e3f-8d28841b693a|rpc:10.1.0.102:34867|priority:1], old=null, confs=<EMPTY_MAP>
2022-09-19 13:51:13,095 [pool-95-thread-1] INFO  server.RaftServerConfigKeys (ConfUtils.java:logGet(46)) - raft.server.storage.dir = [/home/runner/work/ozone/ozone/hadoop-ozone/integration-test/target/test-dir/MiniOzoneClusterImpl-dbfde215-b7d4-4534-b4eb-abad1aeb9004/datanode-1/data/ratis] (custom)
2022-09-19 13:51:13,095 [pool-95-thread-1] INFO  server.RaftServerConfigKeys (ConfUtils.java:logGet(46)) - raft.server.log.corruption.policy = EXCEPTION (default)
2022-09-19 13:51:13,096 [pool-95-thread-1] INFO  server.RaftServerConfigKeys (ConfUtils.java:logGet(46)) - raft.server.storage.free-space.min = 0MB (=0) (default)
2022-09-19 13:51:13,096 [pool-95-thread-1] INFO  storage.RaftStorageDirectory (RaftStorageDirectoryImpl.java:analyzeStorage(135)) - The storage directory /home/runner/work/ozone/ozone/hadoop-ozone/integration-test/target/test-dir/MiniOzoneClusterImpl-dbfde215-b7d4-4534-b4eb-abad1aeb9004/datanode-1/data/ratis/42273650-5aec-434c-a621-39fb3beacc55 does not exist. Creating ...
2022-09-19 13:51:13,100 [pool-95-thread-1] INFO  storage.RaftStorageDirectory (RaftStorageDirectoryImpl.java:tryLock(230)) - Lock on /home/runner/work/ozone/ozone/hadoop-ozone/integration-test/target/test-dir/MiniOzoneClusterImpl-dbfde215-b7d4-4534-b4eb-abad1aeb9004/datanode-1/data/ratis/42273650-5aec-434c-a621-39fb3beacc55/in_use.lock acquired by nodename 83439@fv-az196-500
2022-09-19 13:51:13,102 [pool-95-thread-1] INFO  storage.RaftStorage (RaftStorageImpl.java:format(89)) - Storage directory /home/runner/work/ozone/ozone/hadoop-ozone/integration-test/target/test-dir/MiniOzoneClusterImpl-dbfde215-b7d4-4534-b4eb-abad1aeb9004/datanode-1/data/ratis/42273650-5aec-434c-a621-39fb3beacc55 has been successfully formatted.
2022-09-19 13:51:13,103 [pool-95-thread-1] INFO  ratis.ContainerStateMachine (ContainerStateMachine.java:loadSnapshot(236)) - group-39FB3BEACC55: The snapshot info is null. Setting the last applied indexto:(t:0, i:~)
2022-09-19 13:51:13,105 [pool-95-thread-1] INFO  server.RaftServerConfigKeys (ConfUtils.java:logGet(46)) - raft.server.notification.no-leader.timeout = 300s (custom)
2022-09-19 13:51:13,105 [pool-95-thread-1] INFO  server.RaftServerConfigKeys (ConfUtils.java:logGet(46)) - raft.server.log.use.memory = false (default)
2022-09-19 13:51:13,105 [pool-95-thread-1] INFO  server.RaftServerConfigKeys (ConfUtils.java:logGet(46)) - raft.server.log.purge.gap = 1000000 (custom)
2022-09-19 13:51:13,106 [pool-95-thread-1] INFO  server.RaftServerConfigKeys (ConfUtils.java:logGet(46)) - raft.server.log.appender.buffer.byte-limit = 33554432 (custom)
2022-09-19 13:51:13,106 [pool-95-thread-1] INFO  server.RaftServerConfigKeys (ConfUtils.java:logGet(46)) - raft.server.log.statemachine.data.read.timeout = 1000ms (default)
2022-09-19 13:51:13,109 [EventQueue-PipelineReportForPipelineReportHandler] INFO  pipeline.PipelineManagerImpl (PipelineManagerImpl.java:openPipeline(367)) - Pipeline Pipeline[ Id: 42273650-5aec-434c-a621-39fb3beacc55, Nodes: 71b36113-8e0f-4dd8-8e3f-8d28841b693a{ip: 10.1.0.102, host: fv-az196-500.jtpmctcvnzqejnuy0st5dkw3nb.bx.internal.cloudapp.net, ports: [REPLICATION=37367, RATIS=34867, RATIS_ADMIN=34867, RATIS_SERVER=34867, STANDALONE=45269], networkLocation: /default-rack, certSerialId: null, persistedOpState: IN_SERVICE, persistedOpStateExpiryEpochSec: 0}, ReplicationConfig: RATIS/ONE, State:ALLOCATED, leaderId:71b36113-8e0f-4dd8-8e3f-8d28841b693a, CreationTimestamp2022-09-19T13:51:10.089Z[Etc/UTC]] moved to OPEN state
2022-09-19 13:51:13,109 [EventQueue-OpenPipelineForHealthyPipelineSafeModeRule] INFO  safemode.SCMSafeModeManager (HealthyPipelineSafeModeRule.java:process(137)) - SCM in safe mode. Healthy pipelines reported count is 0, required healthy pipeline reported count is 1
2022-09-19 13:51:13,118 [pool-95-thread-1] INFO  server.RaftServerConfigKeys (ConfUtils.java:logGet(46)) - raft.server.log.segment.size.max = 1048576 (custom)
2022-09-19 13:51:13,122 [pool-95-thread-1] INFO  server.RaftServerConfigKeys (ConfUtils.java:logGet(46)) - raft.server.log.segment.cache.num.max = 2 (custom)
2022-09-19 13:51:13,122 [pool-95-thread-1] INFO  server.RaftServerConfigKeys (ConfUtils.java:logGet(46)) - raft.server.log.segment.cache.size.max = 200MB (=209715200) (default)
2022-09-19 13:51:13,122 [pool-95-thread-1] INFO  segmented.SegmentedRaftLogWorker (SegmentedRaftLogWorker.java:<init>(187)) - new 71b36113-8e0f-4dd8-8e3f-8d28841b693a@group-39FB3BEACC55-SegmentedRaftLogWorker for RaftStorageImpl:Storage Directory /home/runner/work/ozone/ozone/hadoop-ozone/integration-test/target/test-dir/MiniOzoneClusterImpl-dbfde215-b7d4-4534-b4eb-abad1aeb9004/datanode-1/data/ratis/42273650-5aec-434c-a621-39fb3beacc55
2022-09-19 13:51:13,122 [pool-95-thread-1] INFO  server.RaftServerConfigKeys (ConfUtils.java:logGet(46)) - raft.server.log.queue.byte-limit = 4294967296 (custom)
2022-09-19 13:51:13,122 [pool-95-thread-1] INFO  server.RaftServerConfigKeys (ConfUtils.java:logGet(46)) - raft.server.log.queue.element-limit = 1024 (custom)
2022-09-19 13:51:13,122 [pool-95-thread-1] INFO  server.RaftServerConfigKeys (ConfUtils.java:logGet(46)) - raft.server.log.segment.size.max = 1048576 (custom)
2022-09-19 13:51:13,122 [pool-95-thread-1] INFO  server.RaftServerConfigKeys (ConfUtils.java:logGet(46)) - raft.server.log.preallocated.size = 16384 (custom)
2022-09-19 13:51:13,122 [pool-95-thread-1] INFO  server.RaftServerConfigKeys (ConfUtils.java:logGet(46)) - raft.server.log.force.sync.num = 128 (default)
2022-09-19 13:51:13,122 [pool-95-thread-1] INFO  server.RaftServerConfigKeys (ConfUtils.java:logGet(46)) - raft.server.log.statemachine.data.sync = true (default)
2022-09-19 13:51:13,122 [pool-95-thread-1] INFO  server.RaftServerConfigKeys (ConfUtils.java:logGet(46)) - raft.server.log.statemachine.data.sync.timeout = 10s (default)
2022-09-19 13:51:13,122 [pool-95-thread-1] INFO  server.RaftServerConfigKeys (ConfUtils.java:logGet(46)) - raft.server.log.statemachine.data.sync.timeout.retry = -1 (default)
2022-09-19 13:51:13,128 [pool-95-thread-1] INFO  server.RaftServerConfigKeys (ConfUtils.java:logGet(46)) - raft.server.log.write.buffer.size = 1048576 (custom)
2022-09-19 13:51:13,129 [pool-95-thread-1] INFO  server.RaftServerConfigKeys (ConfUtils.java:logGet(46)) - raft.server.log.unsafe-flush.enabled = false (default)
2022-09-19 13:51:13,129 [pool-95-thread-1] INFO  server.RaftServerConfigKeys (ConfUtils.java:logGet(46)) - raft.server.log.statemachine.data.caching.enabled = true (custom)
2022-09-19 13:51:13,129 [pool-95-thread-1] INFO  segmented.SegmentedRaftLogWorker (SegmentedRaftLogWorker.java:lambda$new$0(135)) - 71b36113-8e0f-4dd8-8e3f-8d28841b693a@group-39FB3BEACC55-SegmentedRaftLogWorker: flushIndex: setUnconditionally 0 -> -1
2022-09-19 13:51:13,129 [pool-95-thread-1] INFO  segmented.SegmentedRaftLogWorker (SegmentedRaftLogWorker.java:lambda$new$0(135)) - 71b36113-8e0f-4dd8-8e3f-8d28841b693a@group-39FB3BEACC55-SegmentedRaftLogWorker: safeCacheEvictIndex: setUnconditionally 0 -> -1
2022-09-19 13:51:13,133 [pool-95-thread-1] INFO  server.RaftServerConfigKeys (ConfUtils.java:logGet(46)) - raft.server.snapshot.auto.trigger.enabled = true (custom)
2022-09-19 13:51:13,133 [pool-95-thread-1] INFO  server.RaftServerConfigKeys (ConfUtils.java:logGet(46)) - raft.server.snapshot.auto.trigger.threshold = 10000 (custom)
2022-09-19 13:51:13,133 [pool-95-thread-1] INFO  server.RaftServerConfigKeys (ConfUtils.java:logGet(46)) - raft.server.snapshot.retention.file.num = 5 (custom)
2022-09-19 13:51:13,134 [pool-95-thread-1] INFO  server.RaftServerConfigKeys (ConfUtils.java:logGet(46)) - raft.server.log.purge.upto.snapshot.index = false (default)
2022-09-19 13:51:13,134 [pool-95-thread-1] INFO  server.RaftServerConfigKeys (ConfUtils.java:logGet(46)) - raft.server.retrycache.expirytime = 600000ms (custom)
2022-09-19 13:51:13,134 [pool-95-thread-1] INFO  server.RaftServerConfigKeys (ConfUtils.java:logGet(46)) - raft.server.retrycache.statistics.expirytime = 100μs (default)
2022-09-19 13:51:13,135 [pool-95-thread-1] INFO  server.RaftServerConfigKeys (ConfUtils.java:logGet(46)) - raft.server.log.appender.install.snapshot.enabled = false (custom)
2022-09-19 13:51:13,136 [pool-95-thread-1] INFO  server.RaftServerConfigKeys (ConfUtils.java:logGet(46)) - raft.server.threadpool.server.cached = true (default)
2022-09-19 13:51:13,136 [pool-95-thread-1] INFO  server.RaftServerConfigKeys (ConfUtils.java:logGet(46)) - raft.server.threadpool.server.size = 0 (default)
2022-09-19 13:51:13,136 [pool-95-thread-1] INFO  server.RaftServerConfigKeys (ConfUtils.java:logGet(46)) - raft.server.threadpool.client.cached = true (default)
2022-09-19 13:51:13,136 [pool-95-thread-1] INFO  server.RaftServerConfigKeys (ConfUtils.java:logGet(46)) - raft.server.threadpool.client.size = 0 (default)
2022-09-19 13:51:13,136 [pool-95-thread-1] INFO  server.RaftServer$Division (RaftServerImpl.java:start(310)) - 71b36113-8e0f-4dd8-8e3f-8d28841b693a@group-39FB3BEACC55: start as a follower, conf=-1: [71b36113-8e0f-4dd8-8e3f-8d28841b693a|rpc:10.1.0.102:34867|priority:1], old=null
2022-09-19 13:51:13,136 [pool-95-thread-1] INFO  server.RaftServer$Division (RaftServerImpl.java:setRole(299)) - 71b36113-8e0f-4dd8-8e3f-8d28841b693a@group-39FB3BEACC55: changes role from      null to FOLLOWER at term 0 for startAsFollower
2022-09-19 13:51:13,136 [pool-95-thread-1] INFO  impl.RoleInfo (RoleInfo.java:updateAndGet(139)) - 71b36113-8e0f-4dd8-8e3f-8d28841b693a: start 71b36113-8e0f-4dd8-8e3f-8d28841b693a@group-39FB3BEACC55-FollowerState
2022-09-19 13:51:13,143 [pool-95-thread-1] INFO  util.JmxRegister (JmxRegister.java:tryRegister(44)) - Successfully registered JMX Bean with object name Ratis:service=RaftServer,group=group-39FB3BEACC55,id=71b36113-8e0f-4dd8-8e3f-8d28841b693a
2022-09-19 13:51:13,154 [Command processor thread] INFO  ratis.XceiverServerRatis (XceiverServerRatis.java:addGroup(765)) - Created group PipelineID=42273650-5aec-434c-a621-39fb3beacc55
2022-09-19 13:51:13,154 [Command processor thread] INFO  commandhandler.CreatePipelineCommandHandler (CreatePipelineCommandHandler.java:handle(113)) - Created Pipeline RATIS ONE PipelineID=42273650-5aec-434c-a621-39fb3beacc55.
2022-09-19 13:51:13,154 [Command processor thread] INFO  server.RaftServer (RaftServerProxy.java:addNew(96)) - 71b36113-8e0f-4dd8-8e3f-8d28841b693a: addNew group-D3B7D0F535DE:[7c10063f-3b8f-4dae-b7c3-dc89125a4637|rpc:10.1.0.102:35125|priority:0, 177f7a3a-c358-4ca7-a586-caf38fdff25d|rpc:10.1.0.102:41369|priority:0, 71b36113-8e0f-4dd8-8e3f-8d28841b693a|rpc:10.1.0.102:34867|priority:1] returns group-D3B7D0F535DE:java.util.concurrent.CompletableFuture@a158b77[Not completed]
2022-09-19 13:51:13,157 [pool-95-thread-1] INFO  server.RaftServer$Division (RaftServerImpl.java:<init>(190)) - 71b36113-8e0f-4dd8-8e3f-8d28841b693a: new RaftServerImpl for group-D3B7D0F535DE:[7c10063f-3b8f-4dae-b7c3-dc89125a4637|rpc:10.1.0.102:35125|priority:0, 177f7a3a-c358-4ca7-a586-caf38fdff25d|rpc:10.1.0.102:41369|priority:0, 71b36113-8e0f-4dd8-8e3f-8d28841b693a|rpc:10.1.0.102:34867|priority:1] with ContainerStateMachine:uninitialized
2022-09-19 13:51:13,157 [pool-95-thread-1] INFO  server.RaftServerConfigKeys (ConfUtils.java:logGet(46)) - raft.server.rpc.timeout.min = 5s (custom)
2022-09-19 13:51:13,157 [pool-95-thread-1] INFO  server.RaftServerConfigKeys (ConfUtils.java:logGet(46)) - raft.server.rpc.timeout.max = 5200ms (custom)
2022-09-19 13:51:13,158 [pool-95-thread-1] INFO  server.RaftServerConfigKeys (ConfUtils.java:logGet(46)) - raft.server.rpc.sleep.time = 25ms (default)
2022-09-19 13:51:13,158 [pool-95-thread-1] INFO  server.RaftServerConfigKeys (ConfUtils.java:logGet(46)) - raft.server.rpc.slowness.timeout = 300s (custom)
2022-09-19 13:51:13,158 [pool-95-thread-1] INFO  server.RaftServerConfigKeys (ConfUtils.java:logGet(46)) - raft.server.leaderelection.leader.step-down.wait-time = 10s (default)
2022-09-19 13:51:13,158 [pool-95-thread-1] INFO  server.RaftServerConfigKeys (ConfUtils.java:logGet(46)) - raft.server.sleep.deviation.threshold = 300ms (default)
2022-09-19 13:51:13,158 [pool-95-thread-1] INFO  server.RaftServer$Division (ServerState.java:<init>(107)) - 71b36113-8e0f-4dd8-8e3f-8d28841b693a@group-D3B7D0F535DE: ConfigurationManager, init=-1: [7c10063f-3b8f-4dae-b7c3-dc89125a4637|rpc:10.1.0.102:35125|priority:0, 177f7a3a-c358-4ca7-a586-caf38fdff25d|rpc:10.1.0.102:41369|priority:0, 71b36113-8e0f-4dd8-8e3f-8d28841b693a|rpc:10.1.0.102:34867|priority:1], old=null, confs=<EMPTY_MAP>
2022-09-19 13:51:13,158 [pool-95-thread-1] INFO  server.RaftServerConfigKeys (ConfUtils.java:logGet(46)) - raft.server.storage.dir = [/home/runner/work/ozone/ozone/hadoop-ozone/integration-test/target/test-dir/MiniOzoneClusterImpl-dbfde215-b7d4-4534-b4eb-abad1aeb9004/datanode-1/data/ratis] (custom)
2022-09-19 13:51:13,158 [pool-95-thread-1] INFO  server.RaftServerConfigKeys (ConfUtils.java:logGet(46)) - raft.server.log.corruption.policy = EXCEPTION (default)
2022-09-19 13:51:13,158 [pool-95-thread-1] INFO  server.RaftServerConfigKeys (ConfUtils.java:logGet(46)) - raft.server.storage.free-space.min = 0MB (=0) (default)
2022-09-19 13:51:13,158 [pool-95-thread-1] INFO  storage.RaftStorageDirectory (RaftStorageDirectoryImpl.java:analyzeStorage(135)) - The storage directory /home/runner/work/ozone/ozone/hadoop-ozone/integration-test/target/test-dir/MiniOzoneClusterImpl-dbfde215-b7d4-4534-b4eb-abad1aeb9004/datanode-1/data/ratis/c76fe0c8-2954-4163-9d13-d3b7d0f535de does not exist. Creating ...
2022-09-19 13:51:13,159 [pool-95-thread-1] INFO  storage.RaftStorageDirectory (RaftStorageDirectoryImpl.java:tryLock(230)) - Lock on /home/runner/work/ozone/ozone/hadoop-ozone/integration-test/target/test-dir/MiniOzoneClusterImpl-dbfde215-b7d4-4534-b4eb-abad1aeb9004/datanode-1/data/ratis/c76fe0c8-2954-4163-9d13-d3b7d0f535de/in_use.lock acquired by nodename 83439@fv-az196-500
2022-09-19 13:51:13,160 [pool-95-thread-1] INFO  storage.RaftStorage (RaftStorageImpl.java:format(89)) - Storage directory /home/runner/work/ozone/ozone/hadoop-ozone/integration-test/target/test-dir/MiniOzoneClusterImpl-dbfde215-b7d4-4534-b4eb-abad1aeb9004/datanode-1/data/ratis/c76fe0c8-2954-4163-9d13-d3b7d0f535de has been successfully formatted.
2022-09-19 13:51:13,160 [pool-95-thread-1] INFO  ratis.ContainerStateMachine (ContainerStateMachine.java:loadSnapshot(236)) - group-D3B7D0F535DE: The snapshot info is null. Setting the last applied indexto:(t:0, i:~)
2022-09-19 13:51:13,161 [pool-95-thread-1] INFO  server.RaftServerConfigKeys (ConfUtils.java:logGet(46)) - raft.server.notification.no-leader.timeout = 300s (custom)
2022-09-19 13:51:13,161 [pool-95-thread-1] INFO  server.RaftServerConfigKeys (ConfUtils.java:logGet(46)) - raft.server.log.use.memory = false (default)
2022-09-19 13:51:13,161 [pool-95-thread-1] INFO  server.RaftServerConfigKeys (ConfUtils.java:logGet(46)) - raft.server.log.purge.gap = 1000000 (custom)
2022-09-19 13:51:13,161 [pool-95-thread-1] INFO  server.RaftServerConfigKeys (ConfUtils.java:logGet(46)) - raft.server.log.appender.buffer.byte-limit = 33554432 (custom)
2022-09-19 13:51:13,161 [pool-95-thread-1] INFO  server.RaftServerConfigKeys (ConfUtils.java:logGet(46)) - raft.server.log.statemachine.data.read.timeout = 1000ms (default)
2022-09-19 13:51:13,162 [pool-95-thread-1] INFO  server.RaftServerConfigKeys (ConfUtils.java:logGet(46)) - raft.server.log.segment.size.max = 1048576 (custom)
2022-09-19 13:51:13,163 [pool-95-thread-1] INFO  server.RaftServerConfigKeys (ConfUtils.java:logGet(46)) - raft.server.log.segment.cache.num.max = 2 (custom)
2022-09-19 13:51:13,163 [pool-95-thread-1] INFO  server.RaftServerConfigKeys (ConfUtils.java:logGet(46)) - raft.server.log.segment.cache.size.max = 200MB (=209715200) (default)
2022-09-19 13:51:13,163 [pool-95-thread-1] INFO  segmented.SegmentedRaftLogWorker (SegmentedRaftLogWorker.java:<init>(187)) - new 71b36113-8e0f-4dd8-8e3f-8d28841b693a@group-D3B7D0F535DE-SegmentedRaftLogWorker for RaftStorageImpl:Storage Directory /home/runner/work/ozone/ozone/hadoop-ozone/integration-test/target/test-dir/MiniOzoneClusterImpl-dbfde215-b7d4-4534-b4eb-abad1aeb9004/datanode-1/data/ratis/c76fe0c8-2954-4163-9d13-d3b7d0f535de
2022-09-19 13:51:13,163 [pool-95-thread-1] INFO  server.RaftServerConfigKeys (ConfUtils.java:logGet(46)) - raft.server.log.queue.byte-limit = 4294967296 (custom)
2022-09-19 13:51:13,163 [pool-95-thread-1] INFO  server.RaftServerConfigKeys (ConfUtils.java:logGet(46)) - raft.server.log.queue.element-limit = 1024 (custom)
2022-09-19 13:51:13,163 [pool-95-thread-1] INFO  server.RaftServerConfigKeys (ConfUtils.java:logGet(46)) - raft.server.log.segment.size.max = 1048576 (custom)
2022-09-19 13:51:13,164 [pool-95-thread-1] INFO  server.RaftServerConfigKeys (ConfUtils.java:logGet(46)) - raft.server.log.preallocated.size = 16384 (custom)
2022-09-19 13:51:13,164 [pool-95-thread-1] INFO  server.RaftServerConfigKeys (ConfUtils.java:logGet(46)) - raft.server.log.force.sync.num = 128 (default)
2022-09-19 13:51:13,164 [pool-95-thread-1] INFO  server.RaftServerConfigKeys (ConfUtils.java:logGet(46)) - raft.server.log.statemachine.data.sync = true (default)
2022-09-19 13:51:13,164 [pool-95-thread-1] INFO  server.RaftServerConfigKeys (ConfUtils.java:logGet(46)) - raft.server.log.statemachine.data.sync.timeout = 10s (default)
2022-09-19 13:51:13,164 [pool-95-thread-1] INFO  server.RaftServerConfigKeys (ConfUtils.java:logGet(46)) - raft.server.log.statemachine.data.sync.timeout.retry = -1 (default)
2022-09-19 13:51:13,164 [EventQueue-OpenPipelineForHealthyPipelineSafeModeRule] INFO  safemode.SCMSafeModeManager (HealthyPipelineSafeModeRule.java:process(137)) - SCM in safe mode. Healthy pipelines reported count is 0, required healthy pipeline reported count is 1
2022-09-19 13:51:13,170 [pool-95-thread-1] INFO  server.RaftServerConfigKeys (ConfUtils.java:logGet(46)) - raft.server.log.write.buffer.size = 1048576 (custom)
2022-09-19 13:51:13,171 [pool-95-thread-1] INFO  server.RaftServerConfigKeys (ConfUtils.java:logGet(46)) - raft.server.log.unsafe-flush.enabled = false (default)
2022-09-19 13:51:13,171 [pool-95-thread-1] INFO  server.RaftServerConfigKeys (ConfUtils.java:logGet(46)) - raft.server.log.statemachine.data.caching.enabled = true (custom)
2022-09-19 13:51:13,171 [pool-95-thread-1] INFO  segmented.SegmentedRaftLogWorker (SegmentedRaftLogWorker.java:lambda$new$0(135)) - 71b36113-8e0f-4dd8-8e3f-8d28841b693a@group-D3B7D0F535DE-SegmentedRaftLogWorker: flushIndex: setUnconditionally 0 -> -1
2022-09-19 13:51:13,171 [pool-95-thread-1] INFO  segmented.SegmentedRaftLogWorker (SegmentedRaftLogWorker.java:lambda$new$0(135)) - 71b36113-8e0f-4dd8-8e3f-8d28841b693a@group-D3B7D0F535DE-SegmentedRaftLogWorker: safeCacheEvictIndex: setUnconditionally 0 -> -1
2022-09-19 13:51:13,176 [pool-95-thread-1] INFO  server.RaftServerConfigKeys (ConfUtils.java:logGet(46)) - raft.server.snapshot.auto.trigger.enabled = true (custom)
2022-09-19 13:51:13,176 [pool-95-thread-1] INFO  server.RaftServerConfigKeys (ConfUtils.java:logGet(46)) - raft.server.snapshot.auto.trigger.threshold = 10000 (custom)
2022-09-19 13:51:13,176 [pool-95-thread-1] INFO  server.RaftServerConfigKeys (ConfUtils.java:logGet(46)) - raft.server.snapshot.retention.file.num = 5 (custom)
2022-09-19 13:51:13,177 [pool-95-thread-1] INFO  server.RaftServerConfigKeys (ConfUtils.java:logGet(46)) - raft.server.log.purge.upto.snapshot.index = false (default)
2022-09-19 13:51:13,177 [pool-95-thread-1] INFO  server.RaftServerConfigKeys (ConfUtils.java:logGet(46)) - raft.server.retrycache.expirytime = 600000ms (custom)
2022-09-19 13:51:13,177 [pool-95-thread-1] INFO  server.RaftServerConfigKeys (ConfUtils.java:logGet(46)) - raft.server.retrycache.statistics.expirytime = 100μs (default)
2022-09-19 13:51:13,181 [pool-95-thread-1] INFO  server.RaftServerConfigKeys (ConfUtils.java:logGet(46)) - raft.server.log.appender.install.snapshot.enabled = false (custom)
2022-09-19 13:51:13,181 [pool-95-thread-1] INFO  server.RaftServerConfigKeys (ConfUtils.java:logGet(46)) - raft.server.threadpool.server.cached = true (default)
2022-09-19 13:51:13,181 [pool-95-thread-1] INFO  server.RaftServerConfigKeys (ConfUtils.java:logGet(46)) - raft.server.threadpool.server.size = 0 (default)
2022-09-19 13:51:13,181 [pool-95-thread-1] INFO  server.RaftServerConfigKeys (ConfUtils.java:logGet(46)) - raft.server.threadpool.client.cached = true (default)
2022-09-19 13:51:13,181 [pool-95-thread-1] INFO  server.RaftServerConfigKeys (ConfUtils.java:logGet(46)) - raft.server.threadpool.client.size = 0 (default)
2022-09-19 13:51:13,181 [pool-95-thread-1] INFO  server.RaftServer$Division (RaftServerImpl.java:start(310)) - 71b36113-8e0f-4dd8-8e3f-8d28841b693a@group-D3B7D0F535DE: start as a follower, conf=-1: [7c10063f-3b8f-4dae-b7c3-dc89125a4637|rpc:10.1.0.102:35125|priority:0, 177f7a3a-c358-4ca7-a586-caf38fdff25d|rpc:10.1.0.102:41369|priority:0, 71b36113-8e0f-4dd8-8e3f-8d28841b693a|rpc:10.1.0.102:34867|priority:1], old=null
2022-09-19 13:51:13,181 [pool-95-thread-1] INFO  server.RaftServer$Division (RaftServerImpl.java:setRole(299)) - 71b36113-8e0f-4dd8-8e3f-8d28841b693a@group-D3B7D0F535DE: changes role from      null to FOLLOWER at term 0 for startAsFollower
2022-09-19 13:51:13,181 [pool-95-thread-1] INFO  impl.RoleInfo (RoleInfo.java:updateAndGet(139)) - 71b36113-8e0f-4dd8-8e3f-8d28841b693a: start 71b36113-8e0f-4dd8-8e3f-8d28841b693a@group-D3B7D0F535DE-FollowerState
2022-09-19 13:51:13,189 [pool-95-thread-1] INFO  util.JmxRegister (JmxRegister.java:tryRegister(44)) - Successfully registered JMX Bean with object name Ratis:service=RaftServer,group=group-D3B7D0F535DE,id=71b36113-8e0f-4dd8-8e3f-8d28841b693a
2022-09-19 13:51:13,190 [Command processor thread] INFO  ratis.XceiverServerRatis (XceiverServerRatis.java:addGroup(765)) - Created group PipelineID=c76fe0c8-2954-4163-9d13-d3b7d0f535de
2022-09-19 13:51:13,346 [grpc-default-executor-1] INFO  server.RaftServer (RaftServerProxy.java:addNew(96)) - 177f7a3a-c358-4ca7-a586-caf38fdff25d: addNew group-D3B7D0F535DE:[7c10063f-3b8f-4dae-b7c3-dc89125a4637|rpc:10.1.0.102:35125|dataStream:|priority:0, 177f7a3a-c358-4ca7-a586-caf38fdff25d|rpc:10.1.0.102:41369|dataStream:|priority:0, 71b36113-8e0f-4dd8-8e3f-8d28841b693a|rpc:10.1.0.102:34867|dataStream:|priority:1] returns group-D3B7D0F535DE:java.util.concurrent.CompletableFuture@179f35ed[Not completed]
2022-09-19 13:51:13,348 [pool-118-thread-1] INFO  server.RaftServer$Division (RaftServerImpl.java:<init>(190)) - 177f7a3a-c358-4ca7-a586-caf38fdff25d: new RaftServerImpl for group-D3B7D0F535DE:[7c10063f-3b8f-4dae-b7c3-dc89125a4637|rpc:10.1.0.102:35125|dataStream:|priority:0, 177f7a3a-c358-4ca7-a586-caf38fdff25d|rpc:10.1.0.102:41369|dataStream:|priority:0, 71b36113-8e0f-4dd8-8e3f-8d28841b693a|rpc:10.1.0.102:34867|dataStream:|priority:1] with ContainerStateMachine:uninitialized
2022-09-19 13:51:13,348 [pool-118-thread-1] INFO  server.RaftServerConfigKeys (ConfUtils.java:logGet(46)) - raft.server.rpc.timeout.min = 5s (custom)
2022-09-19 13:51:13,348 [pool-118-thread-1] INFO  server.RaftServerConfigKeys (ConfUtils.java:logGet(46)) - raft.server.rpc.timeout.max = 5200ms (custom)
2022-09-19 13:51:13,348 [pool-118-thread-1] INFO  server.RaftServerConfigKeys (ConfUtils.java:logGet(46)) - raft.server.rpc.sleep.time = 25ms (default)
2022-09-19 13:51:13,348 [pool-118-thread-1] INFO  server.RaftServerConfigKeys (ConfUtils.java:logGet(46)) - raft.server.rpc.slowness.timeout = 300s (custom)
2022-09-19 13:51:13,348 [pool-118-thread-1] INFO  server.RaftServerConfigKeys (ConfUtils.java:logGet(46)) - raft.server.leaderelection.leader.step-down.wait-time = 10s (default)
2022-09-19 13:51:13,348 [pool-118-thread-1] INFO  server.RaftServerConfigKeys (ConfUtils.java:logGet(46)) - raft.server.sleep.deviation.threshold = 300ms (default)
2022-09-19 13:51:13,349 [pool-118-thread-1] INFO  server.RaftServer$Division (ServerState.java:<init>(107)) - 177f7a3a-c358-4ca7-a586-caf38fdff25d@group-D3B7D0F535DE: ConfigurationManager, init=-1: [7c10063f-3b8f-4dae-b7c3-dc89125a4637|rpc:10.1.0.102:35125|dataStream:|priority:0, 177f7a3a-c358-4ca7-a586-caf38fdff25d|rpc:10.1.0.102:41369|dataStream:|priority:0, 71b36113-8e0f-4dd8-8e3f-8d28841b693a|rpc:10.1.0.102:34867|dataStream:|priority:1], old=null, confs=<EMPTY_MAP>
2022-09-19 13:51:13,349 [pool-118-thread-1] INFO  server.RaftServerConfigKeys (ConfUtils.java:logGet(46)) - raft.server.storage.dir = [/home/runner/work/ozone/ozone/hadoop-ozone/integration-test/target/test-dir/MiniOzoneClusterImpl-dbfde215-b7d4-4534-b4eb-abad1aeb9004/datanode-2/data/ratis] (custom)
2022-09-19 13:51:13,349 [pool-118-thread-1] INFO  server.RaftServerConfigKeys (ConfUtils.java:logGet(46)) - raft.server.log.corruption.policy = EXCEPTION (default)
2022-09-19 13:51:13,349 [pool-118-thread-1] INFO  server.RaftServerConfigKeys (ConfUtils.java:logGet(46)) - raft.server.storage.free-space.min = 0MB (=0) (default)
2022-09-19 13:51:13,349 [pool-118-thread-1] INFO  storage.RaftStorageDirectory (RaftStorageDirectoryImpl.java:analyzeStorage(135)) - The storage directory /home/runner/work/ozone/ozone/hadoop-ozone/integration-test/target/test-dir/MiniOzoneClusterImpl-dbfde215-b7d4-4534-b4eb-abad1aeb9004/datanode-2/data/ratis/c76fe0c8-2954-4163-9d13-d3b7d0f535de does not exist. Creating ...
2022-09-19 13:51:13,350 [pool-118-thread-1] INFO  storage.RaftStorageDirectory (RaftStorageDirectoryImpl.java:tryLock(230)) - Lock on /home/runner/work/ozone/ozone/hadoop-ozone/integration-test/target/test-dir/MiniOzoneClusterImpl-dbfde215-b7d4-4534-b4eb-abad1aeb9004/datanode-2/data/ratis/c76fe0c8-2954-4163-9d13-d3b7d0f535de/in_use.lock acquired by nodename 83439@fv-az196-500
2022-09-19 13:51:13,351 [pool-118-thread-1] INFO  storage.RaftStorage (RaftStorageImpl.java:format(89)) - Storage directory /home/runner/work/ozone/ozone/hadoop-ozone/integration-test/target/test-dir/MiniOzoneClusterImpl-dbfde215-b7d4-4534-b4eb-abad1aeb9004/datanode-2/data/ratis/c76fe0c8-2954-4163-9d13-d3b7d0f535de has been successfully formatted.
2022-09-19 13:51:13,356 [pool-118-thread-1] INFO  ratis.ContainerStateMachine (ContainerStateMachine.java:loadSnapshot(236)) - group-D3B7D0F535DE: The snapshot info is null. Setting the last applied indexto:(t:0, i:~)
2022-09-19 13:51:13,358 [pool-118-thread-1] INFO  server.RaftServerConfigKeys (ConfUtils.java:logGet(46)) - raft.server.notification.no-leader.timeout = 300s (custom)
2022-09-19 13:51:13,358 [pool-118-thread-1] INFO  server.RaftServerConfigKeys (ConfUtils.java:logGet(46)) - raft.server.log.use.memory = false (default)
2022-09-19 13:51:13,358 [pool-118-thread-1] INFO  server.RaftServerConfigKeys (ConfUtils.java:logGet(46)) - raft.server.log.purge.gap = 1000000 (custom)
2022-09-19 13:51:13,358 [pool-118-thread-1] INFO  server.RaftServerConfigKeys (ConfUtils.java:logGet(46)) - raft.server.log.appender.buffer.byte-limit = 33554432 (custom)
2022-09-19 13:51:13,358 [pool-118-thread-1] INFO  server.RaftServerConfigKeys (ConfUtils.java:logGet(46)) - raft.server.log.statemachine.data.read.timeout = 1000ms (default)
2022-09-19 13:51:13,360 [pool-118-thread-1] INFO  server.RaftServerConfigKeys (ConfUtils.java:logGet(46)) - raft.server.log.segment.size.max = 1048576 (custom)
2022-09-19 13:51:13,362 [pool-118-thread-1] INFO  server.RaftServerConfigKeys (ConfUtils.java:logGet(46)) - raft.server.log.segment.cache.num.max = 2 (custom)
2022-09-19 13:51:13,362 [pool-118-thread-1] INFO  server.RaftServerConfigKeys (ConfUtils.java:logGet(46)) - raft.server.log.segment.cache.size.max = 200MB (=209715200) (default)
2022-09-19 13:51:13,362 [pool-118-thread-1] INFO  segmented.SegmentedRaftLogWorker (SegmentedRaftLogWorker.java:<init>(187)) - new 177f7a3a-c358-4ca7-a586-caf38fdff25d@group-D3B7D0F535DE-SegmentedRaftLogWorker for RaftStorageImpl:Storage Directory /home/runner/work/ozone/ozone/hadoop-ozone/integration-test/target/test-dir/MiniOzoneClusterImpl-dbfde215-b7d4-4534-b4eb-abad1aeb9004/datanode-2/data/ratis/c76fe0c8-2954-4163-9d13-d3b7d0f535de
2022-09-19 13:51:13,362 [pool-118-thread-1] INFO  server.RaftServerConfigKeys (ConfUtils.java:logGet(46)) - raft.server.log.queue.byte-limit = 4294967296 (custom)
2022-09-19 13:51:13,362 [pool-118-thread-1] INFO  server.RaftServerConfigKeys (ConfUtils.java:logGet(46)) - raft.server.log.queue.element-limit = 1024 (custom)
2022-09-19 13:51:13,362 [pool-118-thread-1] INFO  server.RaftServerConfigKeys (ConfUtils.java:logGet(46)) - raft.server.log.segment.size.max = 1048576 (custom)
2022-09-19 13:51:13,362 [pool-118-thread-1] INFO  server.RaftServerConfigKeys (ConfUtils.java:logGet(46)) - raft.server.log.preallocated.size = 16384 (custom)
2022-09-19 13:51:13,362 [pool-118-thread-1] INFO  server.RaftServerConfigKeys (ConfUtils.java:logGet(46)) - raft.server.log.force.sync.num = 128 (default)
2022-09-19 13:51:13,362 [pool-118-thread-1] INFO  server.RaftServerConfigKeys (ConfUtils.java:logGet(46)) - raft.server.log.statemachine.data.sync = true (default)
2022-09-19 13:51:13,362 [pool-118-thread-1] INFO  server.RaftServerConfigKeys (ConfUtils.java:logGet(46)) - raft.server.log.statemachine.data.sync.timeout = 10s (default)
2022-09-19 13:51:13,362 [pool-118-thread-1] INFO  server.RaftServerConfigKeys (ConfUtils.java:logGet(46)) - raft.server.log.statemachine.data.sync.timeout.retry = -1 (default)
2022-09-19 13:51:13,363 [pool-118-thread-1] INFO  server.RaftServerConfigKeys (ConfUtils.java:logGet(46)) - raft.server.log.write.buffer.size = 1048576 (custom)
2022-09-19 13:51:13,364 [pool-118-thread-1] INFO  server.RaftServerConfigKeys (ConfUtils.java:logGet(46)) - raft.server.log.unsafe-flush.enabled = false (default)
2022-09-19 13:51:13,364 [pool-118-thread-1] INFO  server.RaftServerConfigKeys (ConfUtils.java:logGet(46)) - raft.server.log.statemachine.data.caching.enabled = true (custom)
2022-09-19 13:51:13,364 [pool-118-thread-1] INFO  segmented.SegmentedRaftLogWorker (SegmentedRaftLogWorker.java:lambda$new$0(135)) - 177f7a3a-c358-4ca7-a586-caf38fdff25d@group-D3B7D0F535DE-SegmentedRaftLogWorker: flushIndex: setUnconditionally 0 -> -1
2022-09-19 13:51:13,364 [pool-118-thread-1] INFO  segmented.SegmentedRaftLogWorker (SegmentedRaftLogWorker.java:lambda$new$0(135)) - 177f7a3a-c358-4ca7-a586-caf38fdff25d@group-D3B7D0F535DE-SegmentedRaftLogWorker: safeCacheEvictIndex: setUnconditionally 0 -> -1
2022-09-19 13:51:13,365 [pool-118-thread-1] INFO  server.RaftServerConfigKeys (ConfUtils.java:logGet(46)) - raft.server.snapshot.auto.trigger.enabled = true (custom)
2022-09-19 13:51:13,365 [pool-118-thread-1] INFO  server.RaftServerConfigKeys (ConfUtils.java:logGet(46)) - raft.server.snapshot.auto.trigger.threshold = 10000 (custom)
2022-09-19 13:51:13,365 [pool-118-thread-1] INFO  server.RaftServerConfigKeys (ConfUtils.java:logGet(46)) - raft.server.snapshot.retention.file.num = 5 (custom)
2022-09-19 13:51:13,366 [pool-118-thread-1] INFO  server.RaftServerConfigKeys (ConfUtils.java:logGet(46)) - raft.server.log.purge.upto.snapshot.index = false (default)
2022-09-19 13:51:13,366 [pool-118-thread-1] INFO  server.RaftServerConfigKeys (ConfUtils.java:logGet(46)) - raft.server.retrycache.expirytime = 600000ms (custom)
2022-09-19 13:51:13,366 [pool-118-thread-1] INFO  server.RaftServerConfigKeys (ConfUtils.java:logGet(46)) - raft.server.retrycache.statistics.expirytime = 100μs (default)
2022-09-19 13:51:13,368 [pool-118-thread-1] INFO  server.RaftServerConfigKeys (ConfUtils.java:logGet(46)) - raft.server.log.appender.install.snapshot.enabled = false (custom)
2022-09-19 13:51:13,368 [pool-118-thread-1] INFO  server.RaftServerConfigKeys (ConfUtils.java:logGet(46)) - raft.server.threadpool.server.cached = true (default)
2022-09-19 13:51:13,372 [pool-118-thread-1] INFO  server.RaftServerConfigKeys (ConfUtils.java:logGet(46)) - raft.server.threadpool.server.size = 0 (default)
2022-09-19 13:51:13,373 [pool-118-thread-1] INFO  server.RaftServerConfigKeys (ConfUtils.java:logGet(46)) - raft.server.threadpool.client.cached = true (default)
2022-09-19 13:51:13,373 [pool-118-thread-1] INFO  server.RaftServerConfigKeys (ConfUtils.java:logGet(46)) - raft.server.threadpool.client.size = 0 (default)
2022-09-19 13:51:13,373 [pool-118-thread-1] INFO  server.RaftServer$Division (RaftServerImpl.java:start(310)) - 177f7a3a-c358-4ca7-a586-caf38fdff25d@group-D3B7D0F535DE: start as a follower, conf=-1: [7c10063f-3b8f-4dae-b7c3-dc89125a4637|rpc:10.1.0.102:35125|dataStream:|priority:0, 177f7a3a-c358-4ca7-a586-caf38fdff25d|rpc:10.1.0.102:41369|dataStream:|priority:0, 71b36113-8e0f-4dd8-8e3f-8d28841b693a|rpc:10.1.0.102:34867|dataStream:|priority:1], old=null
2022-09-19 13:51:13,373 [pool-118-thread-1] INFO  server.RaftServer$Division (RaftServerImpl.java:setRole(299)) - 177f7a3a-c358-4ca7-a586-caf38fdff25d@group-D3B7D0F535DE: changes role from      null to FOLLOWER at term 0 for startAsFollower
2022-09-19 13:51:13,374 [pool-118-thread-1] INFO  impl.RoleInfo (RoleInfo.java:updateAndGet(139)) - 177f7a3a-c358-4ca7-a586-caf38fdff25d: start 177f7a3a-c358-4ca7-a586-caf38fdff25d@group-D3B7D0F535DE-FollowerState
2022-09-19 13:51:13,379 [pool-118-thread-1] INFO  util.JmxRegister (JmxRegister.java:tryRegister(44)) - Successfully registered JMX Bean with object name Ratis:service=RaftServer,group=group-D3B7D0F535DE,id=177f7a3a-c358-4ca7-a586-caf38fdff25d
2022-09-19 13:51:13,470 [Command processor thread] INFO  server.RaftServer (RaftServerProxy.java:addNew(96)) - 177f7a3a-c358-4ca7-a586-caf38fdff25d: addNew group-38EC75CE757F:[177f7a3a-c358-4ca7-a586-caf38fdff25d|rpc:10.1.0.102:41369|priority:1] returns group-38EC75CE757F:java.util.concurrent.CompletableFuture@5f31dbf2[Not completed]
2022-09-19 13:51:13,474 [pool-118-thread-1] INFO  server.RaftServer$Division (RaftServerImpl.java:<init>(190)) - 177f7a3a-c358-4ca7-a586-caf38fdff25d: new RaftServerImpl for group-38EC75CE757F:[177f7a3a-c358-4ca7-a586-caf38fdff25d|rpc:10.1.0.102:41369|priority:1] with ContainerStateMachine:uninitialized
2022-09-19 13:51:13,474 [pool-118-thread-1] INFO  server.RaftServerConfigKeys (ConfUtils.java:logGet(46)) - raft.server.rpc.timeout.min = 5s (custom)
2022-09-19 13:51:13,474 [pool-118-thread-1] INFO  server.RaftServerConfigKeys (ConfUtils.java:logGet(46)) - raft.server.rpc.timeout.max = 5200ms (custom)
2022-09-19 13:51:13,474 [pool-118-thread-1] INFO  server.RaftServerConfigKeys (ConfUtils.java:logGet(46)) - raft.server.rpc.sleep.time = 25ms (default)
2022-09-19 13:51:13,474 [pool-118-thread-1] INFO  server.RaftServerConfigKeys (ConfUtils.java:logGet(46)) - raft.server.rpc.slowness.timeout = 300s (custom)
2022-09-19 13:51:13,474 [pool-118-thread-1] INFO  server.RaftServerConfigKeys (ConfUtils.java:logGet(46)) - raft.server.leaderelection.leader.step-down.wait-time = 10s (default)
2022-09-19 13:51:13,474 [pool-118-thread-1] INFO  server.RaftServerConfigKeys (ConfUtils.java:logGet(46)) - raft.server.sleep.deviation.threshold = 300ms (default)
2022-09-19 13:51:13,474 [pool-118-thread-1] INFO  server.RaftServer$Division (ServerState.java:<init>(107)) - 177f7a3a-c358-4ca7-a586-caf38fdff25d@group-38EC75CE757F: ConfigurationManager, init=-1: [177f7a3a-c358-4ca7-a586-caf38fdff25d|rpc:10.1.0.102:41369|priority:1], old=null, confs=<EMPTY_MAP>
2022-09-19 13:51:13,474 [pool-118-thread-1] INFO  server.RaftServerConfigKeys (ConfUtils.java:logGet(46)) - raft.server.storage.dir = [/home/runner/work/ozone/ozone/hadoop-ozone/integration-test/target/test-dir/MiniOzoneClusterImpl-dbfde215-b7d4-4534-b4eb-abad1aeb9004/datanode-2/data/ratis] (custom)
2022-09-19 13:51:13,475 [pool-118-thread-1] INFO  server.RaftServerConfigKeys (ConfUtils.java:logGet(46)) - raft.server.log.corruption.policy = EXCEPTION (default)
2022-09-19 13:51:13,475 [pool-118-thread-1] INFO  server.RaftServerConfigKeys (ConfUtils.java:logGet(46)) - raft.server.storage.free-space.min = 0MB (=0) (default)
2022-09-19 13:51:13,475 [pool-118-thread-1] INFO  storage.RaftStorageDirectory (RaftStorageDirectoryImpl.java:analyzeStorage(135)) - The storage directory /home/runner/work/ozone/ozone/hadoop-ozone/integration-test/target/test-dir/MiniOzoneClusterImpl-dbfde215-b7d4-4534-b4eb-abad1aeb9004/datanode-2/data/ratis/40c1ec67-1c0e-4ff9-92b0-38ec75ce757f does not exist. Creating ...
2022-09-19 13:51:13,476 [pool-118-thread-1] INFO  storage.RaftStorageDirectory (RaftStorageDirectoryImpl.java:tryLock(230)) - Lock on /home/runner/work/ozone/ozone/hadoop-ozone/integration-test/target/test-dir/MiniOzoneClusterImpl-dbfde215-b7d4-4534-b4eb-abad1aeb9004/datanode-2/data/ratis/40c1ec67-1c0e-4ff9-92b0-38ec75ce757f/in_use.lock acquired by nodename 83439@fv-az196-500
2022-09-19 13:51:13,477 [pool-118-thread-1] INFO  storage.RaftStorage (RaftStorageImpl.java:format(89)) - Storage directory /home/runner/work/ozone/ozone/hadoop-ozone/integration-test/target/test-dir/MiniOzoneClusterImpl-dbfde215-b7d4-4534-b4eb-abad1aeb9004/datanode-2/data/ratis/40c1ec67-1c0e-4ff9-92b0-38ec75ce757f has been successfully formatted.
2022-09-19 13:51:13,477 [pool-118-thread-1] INFO  ratis.ContainerStateMachine (ContainerStateMachine.java:loadSnapshot(236)) - group-38EC75CE757F: The snapshot info is null. Setting the last applied indexto:(t:0, i:~)
2022-09-19 13:51:13,477 [pool-118-thread-1] INFO  server.RaftServerConfigKeys (ConfUtils.java:logGet(46)) - raft.server.notification.no-leader.timeout = 300s (custom)
2022-09-19 13:51:13,478 [Command processor thread] INFO  commandhandler.CreatePipelineCommandHandler (CreatePipelineCommandHandler.java:handle(113)) - Created Pipeline RATIS THREE PipelineID=c76fe0c8-2954-4163-9d13-d3b7d0f535de.
2022-09-19 13:51:13,484 [Command processor thread] INFO  server.RaftServer (RaftServerProxy.java:addNew(96)) - 7c10063f-3b8f-4dae-b7c3-dc89125a4637: addNew group-8512109BE02C:[7c10063f-3b8f-4dae-b7c3-dc89125a4637|rpc:10.1.0.102:35125|priority:1, 177f7a3a-c358-4ca7-a586-caf38fdff25d|rpc:10.1.0.102:41369|priority:0, 71b36113-8e0f-4dd8-8e3f-8d28841b693a|rpc:10.1.0.102:34867|priority:0] returns group-8512109BE02C:java.util.concurrent.CompletableFuture@7576768a[Not completed]
2022-09-19 13:51:13,483 [EventQueue-PipelineReportForPipelineReportHandler] INFO  pipeline.PipelineManagerImpl (PipelineManagerImpl.java:openPipeline(367)) - Pipeline Pipeline[ Id: 40c1ec67-1c0e-4ff9-92b0-38ec75ce757f, Nodes: 177f7a3a-c358-4ca7-a586-caf38fdff25d{ip: 10.1.0.102, host: fv-az196-500.jtpmctcvnzqejnuy0st5dkw3nb.bx.internal.cloudapp.net, ports: [REPLICATION=36579, RATIS=41369, RATIS_ADMIN=41369, RATIS_SERVER=41369, STANDALONE=42329], networkLocation: /default-rack, certSerialId: null, persistedOpState: IN_SERVICE, persistedOpStateExpiryEpochSec: 0}, ReplicationConfig: RATIS/ONE, State:ALLOCATED, leaderId:177f7a3a-c358-4ca7-a586-caf38fdff25d, CreationTimestamp2022-09-19T13:51:10.479Z[Etc/UTC]] moved to OPEN state
2022-09-19 13:51:13,487 [pool-118-thread-1] INFO  server.RaftServerConfigKeys (ConfUtils.java:logGet(46)) - raft.server.log.use.memory = false (default)
2022-09-19 13:51:13,488 [pool-118-thread-1] INFO  server.RaftServerConfigKeys (ConfUtils.java:logGet(46)) - raft.server.log.purge.gap = 1000000 (custom)
2022-09-19 13:51:13,488 [pool-118-thread-1] INFO  server.RaftServerConfigKeys (ConfUtils.java:logGet(46)) - raft.server.log.appender.buffer.byte-limit = 33554432 (custom)
2022-09-19 13:51:13,488 [pool-118-thread-1] INFO  server.RaftServerConfigKeys (ConfUtils.java:logGet(46)) - raft.server.log.statemachine.data.read.timeout = 1000ms (default)
2022-09-19 13:51:13,489 [EventQueue-OpenPipelineForHealthyPipelineSafeModeRule] INFO  safemode.SCMSafeModeManager (HealthyPipelineSafeModeRule.java:process(137)) - SCM in safe mode. Healthy pipelines reported count is 0, required healthy pipeline reported count is 1
2022-09-19 13:51:13,489 [pool-72-thread-1] INFO  server.RaftServer$Division (RaftServerImpl.java:<init>(190)) - 7c10063f-3b8f-4dae-b7c3-dc89125a4637: new RaftServerImpl for group-8512109BE02C:[7c10063f-3b8f-4dae-b7c3-dc89125a4637|rpc:10.1.0.102:35125|priority:1, 177f7a3a-c358-4ca7-a586-caf38fdff25d|rpc:10.1.0.102:41369|priority:0, 71b36113-8e0f-4dd8-8e3f-8d28841b693a|rpc:10.1.0.102:34867|priority:0] with ContainerStateMachine:uninitialized
2022-09-19 13:51:13,490 [pool-72-thread-1] INFO  server.RaftServerConfigKeys (ConfUtils.java:logGet(46)) - raft.server.rpc.timeout.min = 5s (custom)
2022-09-19 13:51:13,490 [pool-72-thread-1] INFO  server.RaftServerConfigKeys (ConfUtils.java:logGet(46)) - raft.server.rpc.timeout.max = 5200ms (custom)
2022-09-19 13:51:13,490 [pool-72-thread-1] INFO  server.RaftServerConfigKeys (ConfUtils.java:logGet(46)) - raft.server.rpc.sleep.time = 25ms (default)
2022-09-19 13:51:13,490 [pool-72-thread-1] INFO  server.RaftServerConfigKeys (ConfUtils.java:logGet(46)) - raft.server.rpc.slowness.timeout = 300s (custom)
2022-09-19 13:51:13,490 [pool-72-thread-1] INFO  server.RaftServerConfigKeys (ConfUtils.java:logGet(46)) - raft.server.leaderelection.leader.step-down.wait-time = 10s (default)
2022-09-19 13:51:13,490 [pool-72-thread-1] INFO  server.RaftServerConfigKeys (ConfUtils.java:logGet(46)) - raft.server.sleep.deviation.threshold = 300ms (default)
2022-09-19 13:51:13,490 [pool-72-thread-1] INFO  server.RaftServer$Division (ServerState.java:<init>(107)) - 7c10063f-3b8f-4dae-b7c3-dc89125a4637@group-8512109BE02C: ConfigurationManager, init=-1: [7c10063f-3b8f-4dae-b7c3-dc89125a4637|rpc:10.1.0.102:35125|priority:1, 177f7a3a-c358-4ca7-a586-caf38fdff25d|rpc:10.1.0.102:41369|priority:0, 71b36113-8e0f-4dd8-8e3f-8d28841b693a|rpc:10.1.0.102:34867|priority:0], old=null, confs=<EMPTY_MAP>
2022-09-19 13:51:13,489 [pool-118-thread-1] INFO  server.RaftServerConfigKeys (ConfUtils.java:logGet(46)) - raft.server.log.segment.size.max = 1048576 (custom)
2022-09-19 13:51:13,490 [pool-118-thread-1] INFO  server.RaftServerConfigKeys (ConfUtils.java:logGet(46)) - raft.server.log.segment.cache.num.max = 2 (custom)
2022-09-19 13:51:13,491 [pool-118-thread-1] INFO  server.RaftServerConfigKeys (ConfUtils.java:logGet(46)) - raft.server.log.segment.cache.size.max = 200MB (=209715200) (default)
2022-09-19 13:51:13,491 [pool-118-thread-1] INFO  segmented.SegmentedRaftLogWorker (SegmentedRaftLogWorker.java:<init>(187)) - new 177f7a3a-c358-4ca7-a586-caf38fdff25d@group-38EC75CE757F-SegmentedRaftLogWorker for RaftStorageImpl:Storage Directory /home/runner/work/ozone/ozone/hadoop-ozone/integration-test/target/test-dir/MiniOzoneClusterImpl-dbfde215-b7d4-4534-b4eb-abad1aeb9004/datanode-2/data/ratis/40c1ec67-1c0e-4ff9-92b0-38ec75ce757f
2022-09-19 13:51:13,490 [pool-72-thread-1] INFO  server.RaftServerConfigKeys (ConfUtils.java:logGet(46)) - raft.server.storage.dir = [/home/runner/work/ozone/ozone/hadoop-ozone/integration-test/target/test-dir/MiniOzoneClusterImpl-dbfde215-b7d4-4534-b4eb-abad1aeb9004/datanode-0/data/ratis] (custom)
2022-09-19 13:51:13,491 [pool-72-thread-1] INFO  server.RaftServerConfigKeys (ConfUtils.java:logGet(46)) - raft.server.log.corruption.policy = EXCEPTION (default)
2022-09-19 13:51:13,491 [pool-72-thread-1] INFO  server.RaftServerConfigKeys (ConfUtils.java:logGet(46)) - raft.server.storage.free-space.min = 0MB (=0) (default)
2022-09-19 13:51:13,491 [pool-72-thread-1] INFO  storage.RaftStorageDirectory (RaftStorageDirectoryImpl.java:analyzeStorage(135)) - The storage directory /home/runner/work/ozone/ozone/hadoop-ozone/integration-test/target/test-dir/MiniOzoneClusterImpl-dbfde215-b7d4-4534-b4eb-abad1aeb9004/datanode-0/data/ratis/c8f7bb77-c9b5-4e35-8abd-8512109be02c does not exist. Creating ...
2022-09-19 13:51:13,491 [pool-118-thread-1] INFO  server.RaftServerConfigKeys (ConfUtils.java:logGet(46)) - raft.server.log.queue.byte-limit = 4294967296 (custom)
2022-09-19 13:51:13,492 [pool-118-thread-1] INFO  server.RaftServerConfigKeys (ConfUtils.java:logGet(46)) - raft.server.log.queue.element-limit = 1024 (custom)
2022-09-19 13:51:13,492 [pool-118-thread-1] INFO  server.RaftServerConfigKeys (ConfUtils.java:logGet(46)) - raft.server.log.segment.size.max = 1048576 (custom)
2022-09-19 13:51:13,492 [pool-118-thread-1] INFO  server.RaftServerConfigKeys (ConfUtils.java:logGet(46)) - raft.server.log.preallocated.size = 16384 (custom)
2022-09-19 13:51:13,492 [pool-118-thread-1] INFO  server.RaftServerConfigKeys (ConfUtils.java:logGet(46)) - raft.server.log.force.sync.num = 128 (default)
2022-09-19 13:51:13,492 [pool-118-thread-1] INFO  server.RaftServerConfigKeys (ConfUtils.java:logGet(46)) - raft.server.log.statemachine.data.sync = true (default)
2022-09-19 13:51:13,492 [pool-118-thread-1] INFO  server.RaftServerConfigKeys (ConfUtils.java:logGet(46)) - raft.server.log.statemachine.data.sync.timeout = 10s (default)
2022-09-19 13:51:13,492 [pool-118-thread-1] INFO  server.RaftServerConfigKeys (ConfUtils.java:logGet(46)) - raft.server.log.statemachine.data.sync.timeout.retry = -1 (default)
2022-09-19 13:51:13,493 [pool-118-thread-1] INFO  server.RaftServerConfigKeys (ConfUtils.java:logGet(46)) - raft.server.log.write.buffer.size = 1048576 (custom)
2022-09-19 13:51:13,494 [pool-118-thread-1] INFO  server.RaftServerConfigKeys (ConfUtils.java:logGet(46)) - raft.server.log.unsafe-flush.enabled = false (default)
2022-09-19 13:51:13,494 [pool-118-thread-1] INFO  server.RaftServerConfigKeys (ConfUtils.java:logGet(46)) - raft.server.log.statemachine.data.caching.enabled = true (custom)
2022-09-19 13:51:13,494 [pool-118-thread-1] INFO  segmented.SegmentedRaftLogWorker (SegmentedRaftLogWorker.java:lambda$new$0(135)) - 177f7a3a-c358-4ca7-a586-caf38fdff25d@group-38EC75CE757F-SegmentedRaftLogWorker: flushIndex: setUnconditionally 0 -> -1
2022-09-19 13:51:13,494 [pool-118-thread-1] INFO  segmented.SegmentedRaftLogWorker (SegmentedRaftLogWorker.java:lambda$new$0(135)) - 177f7a3a-c358-4ca7-a586-caf38fdff25d@group-38EC75CE757F-SegmentedRaftLogWorker: safeCacheEvictIndex: setUnconditionally 0 -> -1
2022-09-19 13:51:13,495 [pool-118-thread-1] INFO  server.RaftServerConfigKeys (ConfUtils.java:logGet(46)) - raft.server.snapshot.auto.trigger.enabled = true (custom)
2022-09-19 13:51:13,495 [pool-118-thread-1] INFO  server.RaftServerConfigKeys (ConfUtils.java:logGet(46)) - raft.server.snapshot.auto.trigger.threshold = 10000 (custom)
2022-09-19 13:51:13,495 [pool-118-thread-1] INFO  server.RaftServerConfigKeys (ConfUtils.java:logGet(46)) - raft.server.snapshot.retention.file.num = 5 (custom)
2022-09-19 13:51:13,495 [pool-118-thread-1] INFO  server.RaftServerConfigKeys (ConfUtils.java:logGet(46)) - raft.server.log.purge.upto.snapshot.index = false (default)
2022-09-19 13:51:13,495 [pool-118-thread-1] INFO  server.RaftServerConfigKeys (ConfUtils.java:logGet(46)) - raft.server.retrycache.expirytime = 600000ms (custom)
2022-09-19 13:51:13,495 [pool-118-thread-1] INFO  server.RaftServerConfigKeys (ConfUtils.java:logGet(46)) - raft.server.retrycache.statistics.expirytime = 100μs (default)
2022-09-19 13:51:13,495 [pool-72-thread-1] INFO  storage.RaftStorageDirectory (RaftStorageDirectoryImpl.java:tryLock(230)) - Lock on /home/runner/work/ozone/ozone/hadoop-ozone/integration-test/target/test-dir/MiniOzoneClusterImpl-dbfde215-b7d4-4534-b4eb-abad1aeb9004/datanode-0/data/ratis/c8f7bb77-c9b5-4e35-8abd-8512109be02c/in_use.lock acquired by nodename 83439@fv-az196-500
2022-09-19 13:51:13,496 [pool-118-thread-1] INFO  server.RaftServerConfigKeys (ConfUtils.java:logGet(46)) - raft.server.log.appender.install.snapshot.enabled = false (custom)
2022-09-19 13:51:13,496 [pool-118-thread-1] INFO  server.RaftServerConfigKeys (ConfUtils.java:logGet(46)) - raft.server.threadpool.server.cached = true (default)
2022-09-19 13:51:13,496 [pool-118-thread-1] INFO  server.RaftServerConfigKeys (ConfUtils.java:logGet(46)) - raft.server.threadpool.server.size = 0 (default)
2022-09-19 13:51:13,496 [pool-118-thread-1] INFO  server.RaftServerConfigKeys (ConfUtils.java:logGet(46)) - raft.server.threadpool.client.cached = true (default)
2022-09-19 13:51:13,496 [pool-118-thread-1] INFO  server.RaftServerConfigKeys (ConfUtils.java:logGet(46)) - raft.server.threadpool.client.size = 0 (default)
2022-09-19 13:51:13,496 [pool-72-thread-1] INFO  storage.RaftStorage (RaftStorageImpl.java:format(89)) - Storage directory /home/runner/work/ozone/ozone/hadoop-ozone/integration-test/target/test-dir/MiniOzoneClusterImpl-dbfde215-b7d4-4534-b4eb-abad1aeb9004/datanode-0/data/ratis/c8f7bb77-c9b5-4e35-8abd-8512109be02c has been successfully formatted.
2022-09-19 13:51:13,501 [pool-118-thread-1] INFO  server.RaftServer$Division (RaftServerImpl.java:start(310)) - 177f7a3a-c358-4ca7-a586-caf38fdff25d@group-38EC75CE757F: start as a follower, conf=-1: [177f7a3a-c358-4ca7-a586-caf38fdff25d|rpc:10.1.0.102:41369|priority:1], old=null
2022-09-19 13:51:13,502 [pool-118-thread-1] INFO  server.RaftServer$Division (RaftServerImpl.java:setRole(299)) - 177f7a3a-c358-4ca7-a586-caf38fdff25d@group-38EC75CE757F: changes role from      null to FOLLOWER at term 0 for startAsFollower
2022-09-19 13:51:13,502 [pool-118-thread-1] INFO  impl.RoleInfo (RoleInfo.java:updateAndGet(139)) - 177f7a3a-c358-4ca7-a586-caf38fdff25d: start 177f7a3a-c358-4ca7-a586-caf38fdff25d@group-38EC75CE757F-FollowerState
2022-09-19 13:51:13,502 [pool-72-thread-1] INFO  ratis.ContainerStateMachine (ContainerStateMachine.java:loadSnapshot(236)) - group-8512109BE02C: The snapshot info is null. Setting the last applied indexto:(t:0, i:~)
2022-09-19 13:51:13,503 [pool-72-thread-1] INFO  server.RaftServerConfigKeys (ConfUtils.java:logGet(46)) - raft.server.notification.no-leader.timeout = 300s (custom)
2022-09-19 13:51:13,504 [pool-72-thread-1] INFO  server.RaftServerConfigKeys (ConfUtils.java:logGet(46)) - raft.server.log.use.memory = false (default)
2022-09-19 13:51:13,504 [pool-72-thread-1] INFO  server.RaftServerConfigKeys (ConfUtils.java:logGet(46)) - raft.server.log.purge.gap = 1000000 (custom)
2022-09-19 13:51:13,504 [pool-72-thread-1] INFO  server.RaftServerConfigKeys (ConfUtils.java:logGet(46)) - raft.server.log.appender.buffer.byte-limit = 33554432 (custom)
2022-09-19 13:51:13,504 [pool-72-thread-1] INFO  server.RaftServerConfigKeys (ConfUtils.java:logGet(46)) - raft.server.log.statemachine.data.read.timeout = 1000ms (default)
2022-09-19 13:51:13,504 [pool-72-thread-1] INFO  server.RaftServerConfigKeys (ConfUtils.java:logGet(46)) - raft.server.log.segment.size.max = 1048576 (custom)
2022-09-19 13:51:13,504 [pool-72-thread-1] INFO  server.RaftServerConfigKeys (ConfUtils.java:logGet(46)) - raft.server.log.segment.cache.num.max = 2 (custom)
2022-09-19 13:51:13,505 [pool-72-thread-1] INFO  server.RaftServerConfigKeys (ConfUtils.java:logGet(46)) - raft.server.log.segment.cache.size.max = 200MB (=209715200) (default)
2022-09-19 13:51:13,505 [pool-72-thread-1] INFO  segmented.SegmentedRaftLogWorker (SegmentedRaftLogWorker.java:<init>(187)) - new 7c10063f-3b8f-4dae-b7c3-dc89125a4637@group-8512109BE02C-SegmentedRaftLogWorker for RaftStorageImpl:Storage Directory /home/runner/work/ozone/ozone/hadoop-ozone/integration-test/target/test-dir/MiniOzoneClusterImpl-dbfde215-b7d4-4534-b4eb-abad1aeb9004/datanode-0/data/ratis/c8f7bb77-c9b5-4e35-8abd-8512109be02c
2022-09-19 13:51:13,505 [pool-72-thread-1] INFO  server.RaftServerConfigKeys (ConfUtils.java:logGet(46)) - raft.server.log.queue.byte-limit = 4294967296 (custom)
2022-09-19 13:51:13,505 [pool-72-thread-1] INFO  server.RaftServerConfigKeys (ConfUtils.java:logGet(46)) - raft.server.log.queue.element-limit = 1024 (custom)
2022-09-19 13:51:13,505 [pool-72-thread-1] INFO  server.RaftServerConfigKeys (ConfUtils.java:logGet(46)) - raft.server.log.segment.size.max = 1048576 (custom)
2022-09-19 13:51:13,505 [pool-72-thread-1] INFO  server.RaftServerConfigKeys (ConfUtils.java:logGet(46)) - raft.server.log.preallocated.size = 16384 (custom)
2022-09-19 13:51:13,505 [pool-72-thread-1] INFO  server.RaftServerConfigKeys (ConfUtils.java:logGet(46)) - raft.server.log.force.sync.num = 128 (default)
2022-09-19 13:51:13,505 [pool-72-thread-1] INFO  server.RaftServerConfigKeys (ConfUtils.java:logGet(46)) - raft.server.log.statemachine.data.sync = true (default)
2022-09-19 13:51:13,505 [pool-72-thread-1] INFO  server.RaftServerConfigKeys (ConfUtils.java:logGet(46)) - raft.server.log.statemachine.data.sync.timeout = 10s (default)
2022-09-19 13:51:13,505 [pool-72-thread-1] INFO  server.RaftServerConfigKeys (ConfUtils.java:logGet(46)) - raft.server.log.statemachine.data.sync.timeout.retry = -1 (default)
2022-09-19 13:51:13,508 [pool-118-thread-1] INFO  util.JmxRegister (JmxRegister.java:tryRegister(44)) - Successfully registered JMX Bean with object name Ratis:service=RaftServer,group=group-38EC75CE757F,id=177f7a3a-c358-4ca7-a586-caf38fdff25d
2022-09-19 13:51:13,518 [EventQueue-OpenPipelineForHealthyPipelineSafeModeRule] INFO  safemode.SCMSafeModeManager (HealthyPipelineSafeModeRule.java:process(137)) - SCM in safe mode. Healthy pipelines reported count is 0, required healthy pipeline reported count is 1
2022-09-19 13:51:13,518 [pool-72-thread-1] INFO  server.RaftServerConfigKeys (ConfUtils.java:logGet(46)) - raft.server.log.write.buffer.size = 1048576 (custom)
2022-09-19 13:51:13,519 [pool-72-thread-1] INFO  server.RaftServerConfigKeys (ConfUtils.java:logGet(46)) - raft.server.log.unsafe-flush.enabled = false (default)
2022-09-19 13:51:13,519 [pool-72-thread-1] INFO  server.RaftServerConfigKeys (ConfUtils.java:logGet(46)) - raft.server.log.statemachine.data.caching.enabled = true (custom)
2022-09-19 13:51:13,519 [pool-72-thread-1] INFO  segmented.SegmentedRaftLogWorker (SegmentedRaftLogWorker.java:lambda$new$0(135)) - 7c10063f-3b8f-4dae-b7c3-dc89125a4637@group-8512109BE02C-SegmentedRaftLogWorker: flushIndex: setUnconditionally 0 -> -1
2022-09-19 13:51:13,520 [pool-72-thread-1] INFO  segmented.SegmentedRaftLogWorker (SegmentedRaftLogWorker.java:lambda$new$0(135)) - 7c10063f-3b8f-4dae-b7c3-dc89125a4637@group-8512109BE02C-SegmentedRaftLogWorker: safeCacheEvictIndex: setUnconditionally 0 -> -1
2022-09-19 13:51:13,529 [pool-72-thread-1] INFO  server.RaftServerConfigKeys (ConfUtils.java:logGet(46)) - raft.server.snapshot.auto.trigger.enabled = true (custom)
2022-09-19 13:51:13,529 [Command processor thread] INFO  commandhandler.CreatePipelineCommandHandler (CreatePipelineCommandHandler.java:handle(113)) - Created Pipeline RATIS THREE PipelineID=c76fe0c8-2954-4163-9d13-d3b7d0f535de.
2022-09-19 13:51:13,529 [Command processor thread] INFO  ratis.XceiverServerRatis (XceiverServerRatis.java:addGroup(765)) - Created group PipelineID=40c1ec67-1c0e-4ff9-92b0-38ec75ce757f
2022-09-19 13:51:13,529 [Command processor thread] INFO  commandhandler.CreatePipelineCommandHandler (CreatePipelineCommandHandler.java:handle(113)) - Created Pipeline RATIS ONE PipelineID=40c1ec67-1c0e-4ff9-92b0-38ec75ce757f.
2022-09-19 13:51:13,529 [Command processor thread] INFO  server.RaftServer (RaftServerProxy.java:addNew(96)) - 71b36113-8e0f-4dd8-8e3f-8d28841b693a: addNew group-8512109BE02C:[7c10063f-3b8f-4dae-b7c3-dc89125a4637|rpc:10.1.0.102:35125|priority:1, 177f7a3a-c358-4ca7-a586-caf38fdff25d|rpc:10.1.0.102:41369|priority:0, 71b36113-8e0f-4dd8-8e3f-8d28841b693a|rpc:10.1.0.102:34867|priority:0] returns group-8512109BE02C:java.util.concurrent.CompletableFuture@79040326[Not completed]
2022-09-19 13:51:13,529 [Command processor thread] INFO  server.RaftServer (RaftServerProxy.java:addNew(96)) - 177f7a3a-c358-4ca7-a586-caf38fdff25d: addNew group-8512109BE02C:[7c10063f-3b8f-4dae-b7c3-dc89125a4637|rpc:10.1.0.102:35125|priority:1, 177f7a3a-c358-4ca7-a586-caf38fdff25d|rpc:10.1.0.102:41369|priority:0, 71b36113-8e0f-4dd8-8e3f-8d28841b693a|rpc:10.1.0.102:34867|priority:0] returns group-8512109BE02C:java.util.concurrent.CompletableFuture@51f63e64[Not completed]
2022-09-19 13:51:13,529 [pool-72-thread-1] INFO  server.RaftServerConfigKeys (ConfUtils.java:logGet(46)) - raft.server.snapshot.auto.trigger.threshold = 10000 (custom)
2022-09-19 13:51:13,530 [pool-72-thread-1] INFO  server.RaftServerConfigKeys (ConfUtils.java:logGet(46)) - raft.server.snapshot.retention.file.num = 5 (custom)
2022-09-19 13:51:13,530 [pool-72-thread-1] INFO  server.RaftServerConfigKeys (ConfUtils.java:logGet(46)) - raft.server.log.purge.upto.snapshot.index = false (default)
2022-09-19 13:51:13,530 [pool-72-thread-1] INFO  server.RaftServerConfigKeys (ConfUtils.java:logGet(46)) - raft.server.retrycache.expirytime = 600000ms (custom)
2022-09-19 13:51:13,530 [pool-72-thread-1] INFO  server.RaftServerConfigKeys (ConfUtils.java:logGet(46)) - raft.server.retrycache.statistics.expirytime = 100μs (default)
2022-09-19 13:51:13,531 [pool-95-thread-1] INFO  server.RaftServer$Division (RaftServerImpl.java:<init>(190)) - 71b36113-8e0f-4dd8-8e3f-8d28841b693a: new RaftServerImpl for group-8512109BE02C:[7c10063f-3b8f-4dae-b7c3-dc89125a4637|rpc:10.1.0.102:35125|priority:1, 177f7a3a-c358-4ca7-a586-caf38fdff25d|rpc:10.1.0.102:41369|priority:0, 71b36113-8e0f-4dd8-8e3f-8d28841b693a|rpc:10.1.0.102:34867|priority:0] with ContainerStateMachine:uninitialized
2022-09-19 13:51:13,531 [pool-95-thread-1] INFO  server.RaftServerConfigKeys (ConfUtils.java:logGet(46)) - raft.server.rpc.timeout.min = 5s (custom)
2022-09-19 13:51:13,531 [pool-95-thread-1] INFO  server.RaftServerConfigKeys (ConfUtils.java:logGet(46)) - raft.server.rpc.timeout.max = 5200ms (custom)
2022-09-19 13:51:13,531 [pool-95-thread-1] INFO  server.RaftServerConfigKeys (ConfUtils.java:logGet(46)) - raft.server.rpc.sleep.time = 25ms (default)
2022-09-19 13:51:13,531 [pool-95-thread-1] INFO  server.RaftServerConfigKeys (ConfUtils.java:logGet(46)) - raft.server.rpc.slowness.timeout = 300s (custom)
2022-09-19 13:51:13,531 [pool-72-thread-1] INFO  server.RaftServerConfigKeys (ConfUtils.java:logGet(46)) - raft.server.log.appender.install.snapshot.enabled = false (custom)
2022-09-19 13:51:13,531 [pool-72-thread-1] INFO  server.RaftServerConfigKeys (ConfUtils.java:logGet(46)) - raft.server.threadpool.server.cached = true (default)
2022-09-19 13:51:13,531 [pool-72-thread-1] INFO  server.RaftServerConfigKeys (ConfUtils.java:logGet(46)) - raft.server.threadpool.server.size = 0 (default)
2022-09-19 13:51:13,531 [pool-72-thread-1] INFO  server.RaftServerConfigKeys (ConfUtils.java:logGet(46)) - raft.server.threadpool.client.cached = true (default)
2022-09-19 13:51:13,531 [pool-72-thread-1] INFO  server.RaftServerConfigKeys (ConfUtils.java:logGet(46)) - raft.server.threadpool.client.size = 0 (default)
2022-09-19 13:51:13,531 [pool-72-thread-1] INFO  server.RaftServer$Division (RaftServerImpl.java:start(310)) - 7c10063f-3b8f-4dae-b7c3-dc89125a4637@group-8512109BE02C: start as a follower, conf=-1: [7c10063f-3b8f-4dae-b7c3-dc89125a4637|rpc:10.1.0.102:35125|priority:1, 177f7a3a-c358-4ca7-a586-caf38fdff25d|rpc:10.1.0.102:41369|priority:0, 71b36113-8e0f-4dd8-8e3f-8d28841b693a|rpc:10.1.0.102:34867|priority:0], old=null
2022-09-19 13:51:13,531 [pool-72-thread-1] INFO  server.RaftServer$Division (RaftServerImpl.java:setRole(299)) - 7c10063f-3b8f-4dae-b7c3-dc89125a4637@group-8512109BE02C: changes role from      null to FOLLOWER at term 0 for startAsFollower
2022-09-19 13:51:13,531 [pool-72-thread-1] INFO  impl.RoleInfo (RoleInfo.java:updateAndGet(139)) - 7c10063f-3b8f-4dae-b7c3-dc89125a4637: start 7c10063f-3b8f-4dae-b7c3-dc89125a4637@group-8512109BE02C-FollowerState
2022-09-19 13:51:13,531 [pool-95-thread-1] INFO  server.RaftServerConfigKeys (ConfUtils.java:logGet(46)) - raft.server.leaderelection.leader.step-down.wait-time = 10s (default)
2022-09-19 13:51:13,532 [pool-95-thread-1] INFO  server.RaftServerConfigKeys (ConfUtils.java:logGet(46)) - raft.server.sleep.deviation.threshold = 300ms (default)
2022-09-19 13:51:13,532 [pool-95-thread-1] INFO  server.RaftServer$Division (ServerState.java:<init>(107)) - 71b36113-8e0f-4dd8-8e3f-8d28841b693a@group-8512109BE02C: ConfigurationManager, init=-1: [7c10063f-3b8f-4dae-b7c3-dc89125a4637|rpc:10.1.0.102:35125|priority:1, 177f7a3a-c358-4ca7-a586-caf38fdff25d|rpc:10.1.0.102:41369|priority:0, 71b36113-8e0f-4dd8-8e3f-8d28841b693a|rpc:10.1.0.102:34867|priority:0], old=null, confs=<EMPTY_MAP>
2022-09-19 13:51:13,532 [pool-95-thread-1] INFO  server.RaftServerConfigKeys (ConfUtils.java:logGet(46)) - raft.server.storage.dir = [/home/runner/work/ozone/ozone/hadoop-ozone/integration-test/target/test-dir/MiniOzoneClusterImpl-dbfde215-b7d4-4534-b4eb-abad1aeb9004/datanode-1/data/ratis] (custom)
2022-09-19 13:51:13,532 [pool-118-thread-1] INFO  server.RaftServer$Division (RaftServerImpl.java:<init>(190)) - 177f7a3a-c358-4ca7-a586-caf38fdff25d: new RaftServerImpl for group-8512109BE02C:[7c10063f-3b8f-4dae-b7c3-dc89125a4637|rpc:10.1.0.102:35125|priority:1, 177f7a3a-c358-4ca7-a586-caf38fdff25d|rpc:10.1.0.102:41369|priority:0, 71b36113-8e0f-4dd8-8e3f-8d28841b693a|rpc:10.1.0.102:34867|priority:0] with ContainerStateMachine:uninitialized
2022-09-19 13:51:13,532 [pool-118-thread-1] INFO  server.RaftServerConfigKeys (ConfUtils.java:logGet(46)) - raft.server.rpc.timeout.min = 5s (custom)
2022-09-19 13:51:13,532 [pool-118-thread-1] INFO  server.RaftServerConfigKeys (ConfUtils.java:logGet(46)) - raft.server.rpc.timeout.max = 5200ms (custom)
2022-09-19 13:51:13,532 [pool-118-thread-1] INFO  server.RaftServerConfigKeys (ConfUtils.java:logGet(46)) - raft.server.rpc.sleep.time = 25ms (default)
2022-09-19 13:51:13,532 [pool-118-thread-1] INFO  server.RaftServerConfigKeys (ConfUtils.java:logGet(46)) - raft.server.rpc.slowness.timeout = 300s (custom)
2022-09-19 13:51:13,532 [pool-72-thread-1] INFO  util.JmxRegister (JmxRegister.java:tryRegister(44)) - Successfully registered JMX Bean with object name Ratis:service=RaftServer,group=group-8512109BE02C,id=7c10063f-3b8f-4dae-b7c3-dc89125a4637
2022-09-19 13:51:13,532 [pool-95-thread-1] INFO  server.RaftServerConfigKeys (ConfUtils.java:logGet(46)) - raft.server.log.corruption.policy = EXCEPTION (default)
2022-09-19 13:51:13,532 [pool-95-thread-1] INFO  server.RaftServerConfigKeys (ConfUtils.java:logGet(46)) - raft.server.storage.free-space.min = 0MB (=0) (default)
2022-09-19 13:51:13,533 [pool-95-thread-1] INFO  storage.RaftStorageDirectory (RaftStorageDirectoryImpl.java:analyzeStorage(135)) - The storage directory /home/runner/work/ozone/ozone/hadoop-ozone/integration-test/target/test-dir/MiniOzoneClusterImpl-dbfde215-b7d4-4534-b4eb-abad1aeb9004/datanode-1/data/ratis/c8f7bb77-c9b5-4e35-8abd-8512109be02c does not exist. Creating ...
2022-09-19 13:51:13,532 [pool-118-thread-1] INFO  server.RaftServerConfigKeys (ConfUtils.java:logGet(46)) - raft.server.leaderelection.leader.step-down.wait-time = 10s (default)
2022-09-19 13:51:13,533 [pool-118-thread-1] INFO  server.RaftServerConfigKeys (ConfUtils.java:logGet(46)) - raft.server.sleep.deviation.threshold = 300ms (default)
2022-09-19 13:51:13,533 [pool-118-thread-1] INFO  server.RaftServer$Division (ServerState.java:<init>(107)) - 177f7a3a-c358-4ca7-a586-caf38fdff25d@group-8512109BE02C: ConfigurationManager, init=-1: [7c10063f-3b8f-4dae-b7c3-dc89125a4637|rpc:10.1.0.102:35125|priority:1, 177f7a3a-c358-4ca7-a586-caf38fdff25d|rpc:10.1.0.102:41369|priority:0, 71b36113-8e0f-4dd8-8e3f-8d28841b693a|rpc:10.1.0.102:34867|priority:0], old=null, confs=<EMPTY_MAP>
2022-09-19 13:51:13,533 [pool-118-thread-1] INFO  server.RaftServerConfigKeys (ConfUtils.java:logGet(46)) - raft.server.storage.dir = [/home/runner/work/ozone/ozone/hadoop-ozone/integration-test/target/test-dir/MiniOzoneClusterImpl-dbfde215-b7d4-4534-b4eb-abad1aeb9004/datanode-2/data/ratis] (custom)
2022-09-19 13:51:13,533 [Command processor thread] INFO  ratis.XceiverServerRatis (XceiverServerRatis.java:addGroup(765)) - Created group PipelineID=c8f7bb77-c9b5-4e35-8abd-8512109be02c
2022-09-19 13:51:13,537 [pool-118-thread-1] INFO  server.RaftServerConfigKeys (ConfUtils.java:logGet(46)) - raft.server.log.corruption.policy = EXCEPTION (default)
2022-09-19 13:51:13,537 [pool-118-thread-1] INFO  server.RaftServerConfigKeys (ConfUtils.java:logGet(46)) - raft.server.storage.free-space.min = 0MB (=0) (default)
2022-09-19 13:51:13,537 [pool-118-thread-1] INFO  storage.RaftStorageDirectory (RaftStorageDirectoryImpl.java:analyzeStorage(135)) - The storage directory /home/runner/work/ozone/ozone/hadoop-ozone/integration-test/target/test-dir/MiniOzoneClusterImpl-dbfde215-b7d4-4534-b4eb-abad1aeb9004/datanode-2/data/ratis/c8f7bb77-c9b5-4e35-8abd-8512109be02c does not exist. Creating ...
2022-09-19 13:51:13,537 [pool-95-thread-1] INFO  storage.RaftStorageDirectory (RaftStorageDirectoryImpl.java:tryLock(230)) - Lock on /home/runner/work/ozone/ozone/hadoop-ozone/integration-test/target/test-dir/MiniOzoneClusterImpl-dbfde215-b7d4-4534-b4eb-abad1aeb9004/datanode-1/data/ratis/c8f7bb77-c9b5-4e35-8abd-8512109be02c/in_use.lock acquired by nodename 83439@fv-az196-500
2022-09-19 13:51:13,539 [pool-95-thread-1] INFO  storage.RaftStorage (RaftStorageImpl.java:format(89)) - Storage directory /home/runner/work/ozone/ozone/hadoop-ozone/integration-test/target/test-dir/MiniOzoneClusterImpl-dbfde215-b7d4-4534-b4eb-abad1aeb9004/datanode-1/data/ratis/c8f7bb77-c9b5-4e35-8abd-8512109be02c has been successfully formatted.
2022-09-19 13:51:13,539 [pool-95-thread-1] INFO  ratis.ContainerStateMachine (ContainerStateMachine.java:loadSnapshot(236)) - group-8512109BE02C: The snapshot info is null. Setting the last applied indexto:(t:0, i:~)
2022-09-19 13:51:13,539 [pool-95-thread-1] INFO  server.RaftServerConfigKeys (ConfUtils.java:logGet(46)) - raft.server.notification.no-leader.timeout = 300s (custom)
2022-09-19 13:51:13,539 [pool-95-thread-1] INFO  server.RaftServerConfigKeys (ConfUtils.java:logGet(46)) - raft.server.log.use.memory = false (default)
2022-09-19 13:51:13,539 [pool-95-thread-1] INFO  server.RaftServerConfigKeys (ConfUtils.java:logGet(46)) - raft.server.log.purge.gap = 1000000 (custom)
2022-09-19 13:51:13,539 [pool-95-thread-1] INFO  server.RaftServerConfigKeys (ConfUtils.java:logGet(46)) - raft.server.log.appender.buffer.byte-limit = 33554432 (custom)
2022-09-19 13:51:13,539 [pool-95-thread-1] INFO  server.RaftServerConfigKeys (ConfUtils.java:logGet(46)) - raft.server.log.statemachine.data.read.timeout = 1000ms (default)
2022-09-19 13:51:13,540 [pool-95-thread-1] INFO  server.RaftServerConfigKeys (ConfUtils.java:logGet(46)) - raft.server.log.segment.size.max = 1048576 (custom)
2022-09-19 13:51:13,540 [pool-95-thread-1] INFO  server.RaftServerConfigKeys (ConfUtils.java:logGet(46)) - raft.server.log.segment.cache.num.max = 2 (custom)
2022-09-19 13:51:13,540 [pool-95-thread-1] INFO  server.RaftServerConfigKeys (ConfUtils.java:logGet(46)) - raft.server.log.segment.cache.size.max = 200MB (=209715200) (default)
2022-09-19 13:51:13,540 [pool-95-thread-1] INFO  segmented.SegmentedRaftLogWorker (SegmentedRaftLogWorker.java:<init>(187)) - new 71b36113-8e0f-4dd8-8e3f-8d28841b693a@group-8512109BE02C-SegmentedRaftLogWorker for RaftStorageImpl:Storage Directory /home/runner/work/ozone/ozone/hadoop-ozone/integration-test/target/test-dir/MiniOzoneClusterImpl-dbfde215-b7d4-4534-b4eb-abad1aeb9004/datanode-1/data/ratis/c8f7bb77-c9b5-4e35-8abd-8512109be02c
2022-09-19 13:51:13,540 [pool-95-thread-1] INFO  server.RaftServerConfigKeys (ConfUtils.java:logGet(46)) - raft.server.log.queue.byte-limit = 4294967296 (custom)
2022-09-19 13:51:13,540 [pool-95-thread-1] INFO  server.RaftServerConfigKeys (ConfUtils.java:logGet(46)) - raft.server.log.queue.element-limit = 1024 (custom)
2022-09-19 13:51:13,540 [pool-95-thread-1] INFO  server.RaftServerConfigKeys (ConfUtils.java:logGet(46)) - raft.server.log.segment.size.max = 1048576 (custom)
2022-09-19 13:51:13,540 [pool-95-thread-1] INFO  server.RaftServerConfigKeys (ConfUtils.java:logGet(46)) - raft.server.log.preallocated.size = 16384 (custom)
2022-09-19 13:51:13,540 [pool-95-thread-1] INFO  server.RaftServerConfigKeys (ConfUtils.java:logGet(46)) - raft.server.log.force.sync.num = 128 (default)
2022-09-19 13:51:13,540 [pool-95-thread-1] INFO  server.RaftServerConfigKeys (ConfUtils.java:logGet(46)) - raft.server.log.statemachine.data.sync = true (default)
2022-09-19 13:51:13,540 [pool-95-thread-1] INFO  server.RaftServerConfigKeys (ConfUtils.java:logGet(46)) - raft.server.log.statemachine.data.sync.timeout = 10s (default)
2022-09-19 13:51:13,540 [pool-95-thread-1] INFO  server.RaftServerConfigKeys (ConfUtils.java:logGet(46)) - raft.server.log.statemachine.data.sync.timeout.retry = -1 (default)
2022-09-19 13:51:13,541 [pool-95-thread-1] INFO  server.RaftServerConfigKeys (ConfUtils.java:logGet(46)) - raft.server.log.write.buffer.size = 1048576 (custom)
2022-09-19 13:51:13,541 [pool-118-thread-1] INFO  storage.RaftStorageDirectory (RaftStorageDirectoryImpl.java:tryLock(230)) - Lock on /home/runner/work/ozone/ozone/hadoop-ozone/integration-test/target/test-dir/MiniOzoneClusterImpl-dbfde215-b7d4-4534-b4eb-abad1aeb9004/datanode-2/data/ratis/c8f7bb77-c9b5-4e35-8abd-8512109be02c/in_use.lock acquired by nodename 83439@fv-az196-500
2022-09-19 13:51:13,545 [pool-95-thread-1] INFO  server.RaftServerConfigKeys (ConfUtils.java:logGet(46)) - raft.server.log.unsafe-flush.enabled = false (default)
2022-09-19 13:51:13,545 [pool-95-thread-1] INFO  server.RaftServerConfigKeys (ConfUtils.java:logGet(46)) - raft.server.log.statemachine.data.caching.enabled = true (custom)
2022-09-19 13:51:13,546 [EventQueue-OpenPipelineForHealthyPipelineSafeModeRule] INFO  safemode.SCMSafeModeManager (HealthyPipelineSafeModeRule.java:process(137)) - SCM in safe mode. Healthy pipelines reported count is 0, required healthy pipeline reported count is 1
2022-09-19 13:51:13,548 [pool-95-thread-1] INFO  segmented.SegmentedRaftLogWorker (SegmentedRaftLogWorker.java:lambda$new$0(135)) - 71b36113-8e0f-4dd8-8e3f-8d28841b693a@group-8512109BE02C-SegmentedRaftLogWorker: flushIndex: setUnconditionally 0 -> -1
2022-09-19 13:51:13,548 [pool-95-thread-1] INFO  segmented.SegmentedRaftLogWorker (SegmentedRaftLogWorker.java:lambda$new$0(135)) - 71b36113-8e0f-4dd8-8e3f-8d28841b693a@group-8512109BE02C-SegmentedRaftLogWorker: safeCacheEvictIndex: setUnconditionally 0 -> -1
2022-09-19 13:51:13,548 [pool-95-thread-1] INFO  server.RaftServerConfigKeys (ConfUtils.java:logGet(46)) - raft.server.snapshot.auto.trigger.enabled = true (custom)
2022-09-19 13:51:13,548 [pool-95-thread-1] INFO  server.RaftServerConfigKeys (ConfUtils.java:logGet(46)) - raft.server.snapshot.auto.trigger.threshold = 10000 (custom)
2022-09-19 13:51:13,548 [pool-95-thread-1] INFO  server.RaftServerConfigKeys (ConfUtils.java:logGet(46)) - raft.server.snapshot.retention.file.num = 5 (custom)
2022-09-19 13:51:13,548 [pool-95-thread-1] INFO  server.RaftServerConfigKeys (ConfUtils.java:logGet(46)) - raft.server.log.purge.upto.snapshot.index = false (default)
2022-09-19 13:51:13,548 [pool-95-thread-1] INFO  server.RaftServerConfigKeys (ConfUtils.java:logGet(46)) - raft.server.retrycache.expirytime = 600000ms (custom)
2022-09-19 13:51:13,548 [pool-95-thread-1] INFO  server.RaftServerConfigKeys (ConfUtils.java:logGet(46)) - raft.server.retrycache.statistics.expirytime = 100μs (default)
2022-09-19 13:51:13,554 [pool-118-thread-1] INFO  storage.RaftStorage (RaftStorageImpl.java:format(89)) - Storage directory /home/runner/work/ozone/ozone/hadoop-ozone/integration-test/target/test-dir/MiniOzoneClusterImpl-dbfde215-b7d4-4534-b4eb-abad1aeb9004/datanode-2/data/ratis/c8f7bb77-c9b5-4e35-8abd-8512109be02c has been successfully formatted.
2022-09-19 13:51:13,554 [pool-118-thread-1] INFO  ratis.ContainerStateMachine (ContainerStateMachine.java:loadSnapshot(236)) - group-8512109BE02C: The snapshot info is null. Setting the last applied indexto:(t:0, i:~)
2022-09-19 13:51:13,554 [pool-118-thread-1] INFO  server.RaftServerConfigKeys (ConfUtils.java:logGet(46)) - raft.server.notification.no-leader.timeout = 300s (custom)
2022-09-19 13:51:13,554 [pool-118-thread-1] INFO  server.RaftServerConfigKeys (ConfUtils.java:logGet(46)) - raft.server.log.use.memory = false (default)
2022-09-19 13:51:13,555 [pool-118-thread-1] INFO  server.RaftServerConfigKeys (ConfUtils.java:logGet(46)) - raft.server.log.purge.gap = 1000000 (custom)
2022-09-19 13:51:13,555 [pool-95-thread-1] INFO  server.RaftServerConfigKeys (ConfUtils.java:logGet(46)) - raft.server.log.appender.install.snapshot.enabled = false (custom)
2022-09-19 13:51:13,555 [pool-95-thread-1] INFO  server.RaftServerConfigKeys (ConfUtils.java:logGet(46)) - raft.server.threadpool.server.cached = true (default)
2022-09-19 13:51:13,555 [pool-95-thread-1] INFO  server.RaftServerConfigKeys (ConfUtils.java:logGet(46)) - raft.server.threadpool.server.size = 0 (default)
2022-09-19 13:51:13,555 [pool-95-thread-1] INFO  server.RaftServerConfigKeys (ConfUtils.java:logGet(46)) - raft.server.threadpool.client.cached = true (default)
2022-09-19 13:51:13,555 [pool-95-thread-1] INFO  server.RaftServerConfigKeys (ConfUtils.java:logGet(46)) - raft.server.threadpool.client.size = 0 (default)
2022-09-19 13:51:13,556 [pool-95-thread-1] INFO  server.RaftServer$Division (RaftServerImpl.java:start(310)) - 71b36113-8e0f-4dd8-8e3f-8d28841b693a@group-8512109BE02C: start as a follower, conf=-1: [7c10063f-3b8f-4dae-b7c3-dc89125a4637|rpc:10.1.0.102:35125|priority:1, 177f7a3a-c358-4ca7-a586-caf38fdff25d|rpc:10.1.0.102:41369|priority:0, 71b36113-8e0f-4dd8-8e3f-8d28841b693a|rpc:10.1.0.102:34867|priority:0], old=null
2022-09-19 13:51:13,556 [pool-95-thread-1] INFO  server.RaftServer$Division (RaftServerImpl.java:setRole(299)) - 71b36113-8e0f-4dd8-8e3f-8d28841b693a@group-8512109BE02C: changes role from      null to FOLLOWER at term 0 for startAsFollower
2022-09-19 13:51:13,556 [pool-95-thread-1] INFO  impl.RoleInfo (RoleInfo.java:updateAndGet(139)) - 71b36113-8e0f-4dd8-8e3f-8d28841b693a: start 71b36113-8e0f-4dd8-8e3f-8d28841b693a@group-8512109BE02C-FollowerState
2022-09-19 13:51:13,557 [pool-118-thread-1] INFO  server.RaftServerConfigKeys (ConfUtils.java:logGet(46)) - raft.server.log.appender.buffer.byte-limit = 33554432 (custom)
2022-09-19 13:51:13,557 [pool-118-thread-1] INFO  server.RaftServerConfigKeys (ConfUtils.java:logGet(46)) - raft.server.log.statemachine.data.read.timeout = 1000ms (default)
2022-09-19 13:51:13,557 [pool-95-thread-1] INFO  util.JmxRegister (JmxRegister.java:tryRegister(44)) - Successfully registered JMX Bean with object name Ratis:service=RaftServer,group=group-8512109BE02C,id=71b36113-8e0f-4dd8-8e3f-8d28841b693a
2022-09-19 13:51:13,557 [pool-118-thread-1] INFO  server.RaftServerConfigKeys (ConfUtils.java:logGet(46)) - raft.server.log.segment.size.max = 1048576 (custom)
2022-09-19 13:51:13,563 [EventQueue-OpenPipelineForHealthyPipelineSafeModeRule] INFO  safemode.SCMSafeModeManager (HealthyPipelineSafeModeRule.java:process(137)) - SCM in safe mode. Healthy pipelines reported count is 0, required healthy pipeline reported count is 1
2022-09-19 13:51:13,563 [pool-118-thread-1] INFO  server.RaftServerConfigKeys (ConfUtils.java:logGet(46)) - raft.server.log.segment.cache.num.max = 2 (custom)
2022-09-19 13:51:13,563 [pool-118-thread-1] INFO  server.RaftServerConfigKeys (ConfUtils.java:logGet(46)) - raft.server.log.segment.cache.size.max = 200MB (=209715200) (default)
2022-09-19 13:51:13,563 [pool-118-thread-1] INFO  segmented.SegmentedRaftLogWorker (SegmentedRaftLogWorker.java:<init>(187)) - new 177f7a3a-c358-4ca7-a586-caf38fdff25d@group-8512109BE02C-SegmentedRaftLogWorker for RaftStorageImpl:Storage Directory /home/runner/work/ozone/ozone/hadoop-ozone/integration-test/target/test-dir/MiniOzoneClusterImpl-dbfde215-b7d4-4534-b4eb-abad1aeb9004/datanode-2/data/ratis/c8f7bb77-c9b5-4e35-8abd-8512109be02c
2022-09-19 13:51:13,564 [pool-118-thread-1] INFO  server.RaftServerConfigKeys (ConfUtils.java:logGet(46)) - raft.server.log.queue.byte-limit = 4294967296 (custom)
2022-09-19 13:51:13,564 [pool-118-thread-1] INFO  server.RaftServerConfigKeys (ConfUtils.java:logGet(46)) - raft.server.log.queue.element-limit = 1024 (custom)
2022-09-19 13:51:13,564 [pool-118-thread-1] INFO  server.RaftServerConfigKeys (ConfUtils.java:logGet(46)) - raft.server.log.segment.size.max = 1048576 (custom)
2022-09-19 13:51:13,564 [pool-118-thread-1] INFO  server.RaftServerConfigKeys (ConfUtils.java:logGet(46)) - raft.server.log.preallocated.size = 16384 (custom)
2022-09-19 13:51:13,564 [pool-118-thread-1] INFO  server.RaftServerConfigKeys (ConfUtils.java:logGet(46)) - raft.server.log.force.sync.num = 128 (default)
2022-09-19 13:51:13,564 [pool-118-thread-1] INFO  server.RaftServerConfigKeys (ConfUtils.java:logGet(46)) - raft.server.log.statemachine.data.sync = true (default)
2022-09-19 13:51:13,564 [pool-118-thread-1] INFO  server.RaftServerConfigKeys (ConfUtils.java:logGet(46)) - raft.server.log.statemachine.data.sync.timeout = 10s (default)
2022-09-19 13:51:13,564 [pool-118-thread-1] INFO  server.RaftServerConfigKeys (ConfUtils.java:logGet(46)) - raft.server.log.statemachine.data.sync.timeout.retry = -1 (default)
2022-09-19 13:51:13,564 [Command processor thread] INFO  ratis.XceiverServerRatis (XceiverServerRatis.java:addGroup(765)) - Created group PipelineID=c8f7bb77-c9b5-4e35-8abd-8512109be02c
2022-09-19 13:51:13,572 [pool-118-thread-1] INFO  server.RaftServerConfigKeys (ConfUtils.java:logGet(46)) - raft.server.log.write.buffer.size = 1048576 (custom)
2022-09-19 13:51:13,572 [pool-118-thread-1] INFO  server.RaftServerConfigKeys (ConfUtils.java:logGet(46)) - raft.server.log.unsafe-flush.enabled = false (default)
2022-09-19 13:51:13,572 [pool-118-thread-1] INFO  server.RaftServerConfigKeys (ConfUtils.java:logGet(46)) - raft.server.log.statemachine.data.caching.enabled = true (custom)
2022-09-19 13:51:13,573 [pool-118-thread-1] INFO  segmented.SegmentedRaftLogWorker (SegmentedRaftLogWorker.java:lambda$new$0(135)) - 177f7a3a-c358-4ca7-a586-caf38fdff25d@group-8512109BE02C-SegmentedRaftLogWorker: flushIndex: setUnconditionally 0 -> -1
2022-09-19 13:51:13,573 [pool-118-thread-1] INFO  segmented.SegmentedRaftLogWorker (SegmentedRaftLogWorker.java:lambda$new$0(135)) - 177f7a3a-c358-4ca7-a586-caf38fdff25d@group-8512109BE02C-SegmentedRaftLogWorker: safeCacheEvictIndex: setUnconditionally 0 -> -1
2022-09-19 13:51:13,573 [pool-118-thread-1] INFO  server.RaftServerConfigKeys (ConfUtils.java:logGet(46)) - raft.server.snapshot.auto.trigger.enabled = true (custom)
2022-09-19 13:51:13,573 [pool-118-thread-1] INFO  server.RaftServerConfigKeys (ConfUtils.java:logGet(46)) - raft.server.snapshot.auto.trigger.threshold = 10000 (custom)
2022-09-19 13:51:13,573 [pool-118-thread-1] INFO  server.RaftServerConfigKeys (ConfUtils.java:logGet(46)) - raft.server.snapshot.retention.file.num = 5 (custom)
2022-09-19 13:51:13,573 [pool-118-thread-1] INFO  server.RaftServerConfigKeys (ConfUtils.java:logGet(46)) - raft.server.log.purge.upto.snapshot.index = false (default)
2022-09-19 13:51:13,573 [pool-118-thread-1] INFO  server.RaftServerConfigKeys (ConfUtils.java:logGet(46)) - raft.server.retrycache.expirytime = 600000ms (custom)
2022-09-19 13:51:13,573 [pool-118-thread-1] INFO  server.RaftServerConfigKeys (ConfUtils.java:logGet(46)) - raft.server.retrycache.statistics.expirytime = 100μs (default)
2022-09-19 13:51:13,574 [pool-118-thread-1] INFO  server.RaftServerConfigKeys (ConfUtils.java:logGet(46)) - raft.server.log.appender.install.snapshot.enabled = false (custom)
2022-09-19 13:51:13,574 [pool-118-thread-1] INFO  server.RaftServerConfigKeys (ConfUtils.java:logGet(46)) - raft.server.threadpool.server.cached = true (default)
2022-09-19 13:51:13,574 [pool-118-thread-1] INFO  server.RaftServerConfigKeys (ConfUtils.java:logGet(46)) - raft.server.threadpool.server.size = 0 (default)
2022-09-19 13:51:13,574 [pool-118-thread-1] INFO  server.RaftServerConfigKeys (ConfUtils.java:logGet(46)) - raft.server.threadpool.client.cached = true (default)
2022-09-19 13:51:13,574 [pool-118-thread-1] INFO  server.RaftServerConfigKeys (ConfUtils.java:logGet(46)) - raft.server.threadpool.client.size = 0 (default)
2022-09-19 13:51:13,574 [pool-118-thread-1] INFO  server.RaftServer$Division (RaftServerImpl.java:start(310)) - 177f7a3a-c358-4ca7-a586-caf38fdff25d@group-8512109BE02C: start as a follower, conf=-1: [7c10063f-3b8f-4dae-b7c3-dc89125a4637|rpc:10.1.0.102:35125|priority:1, 177f7a3a-c358-4ca7-a586-caf38fdff25d|rpc:10.1.0.102:41369|priority:0, 71b36113-8e0f-4dd8-8e3f-8d28841b693a|rpc:10.1.0.102:34867|priority:0], old=null
2022-09-19 13:51:13,574 [pool-118-thread-1] INFO  server.RaftServer$Division (RaftServerImpl.java:setRole(299)) - 177f7a3a-c358-4ca7-a586-caf38fdff25d@group-8512109BE02C: changes role from      null to FOLLOWER at term 0 for startAsFollower
2022-09-19 13:51:13,575 [pool-118-thread-1] INFO  impl.RoleInfo (RoleInfo.java:updateAndGet(139)) - 177f7a3a-c358-4ca7-a586-caf38fdff25d: start 177f7a3a-c358-4ca7-a586-caf38fdff25d@group-8512109BE02C-FollowerState
2022-09-19 13:51:13,575 [pool-118-thread-1] INFO  util.JmxRegister (JmxRegister.java:tryRegister(44)) - Successfully registered JMX Bean with object name Ratis:service=RaftServer,group=group-8512109BE02C,id=177f7a3a-c358-4ca7-a586-caf38fdff25d
2022-09-19 13:51:13,582 [Command processor thread] INFO  ratis.XceiverServerRatis (XceiverServerRatis.java:addGroup(765)) - Created group PipelineID=c8f7bb77-c9b5-4e35-8abd-8512109be02c
2022-09-19 13:51:13,668 [Command processor thread] INFO  commandhandler.CreatePipelineCommandHandler (CreatePipelineCommandHandler.java:handle(113)) - Created Pipeline RATIS THREE PipelineID=c8f7bb77-c9b5-4e35-8abd-8512109be02c.
2022-09-19 13:51:13,682 [Command processor thread] INFO  commandhandler.CreatePipelineCommandHandler (CreatePipelineCommandHandler.java:handle(113)) - Created Pipeline RATIS THREE PipelineID=c8f7bb77-c9b5-4e35-8abd-8512109be02c.
2022-09-19 13:51:13,687 [Command processor thread] INFO  commandhandler.CreatePipelineCommandHandler (CreatePipelineCommandHandler.java:handle(113)) - Created Pipeline RATIS THREE PipelineID=c8f7bb77-c9b5-4e35-8abd-8512109be02c.
2022-09-19 13:51:13,754 [Listener at 127.0.0.1/46843] INFO  ozone.MiniOzoneClusterImpl (MiniOzoneClusterImpl.java:lambda$waitForClusterToBeReady$0(216)) - Nodes are ready. Got 7 of 7 DN Heartbeats.
2022-09-19 13:51:13,754 [Listener at 127.0.0.1/46843] INFO  ozone.MiniOzoneClusterImpl (MiniOzoneClusterImpl.java:lambda$waitForClusterToBeReady$0(219)) - Waiting for cluster to exit safe mode
2022-09-19 13:51:13,754 [Listener at 127.0.0.1/46843] INFO  ozone.MiniOzoneClusterImpl (MiniOzoneClusterImpl.java:lambda$waitForClusterToBeReady$0(221)) - SCM became leader
2022-09-19 13:51:13,788 [Command processor thread] INFO  server.RaftServer (RaftServerProxy.java:addNew(96)) - 62a92705-1dba-44af-aa6f-699c94c5895a: addNew group-D7D882983A82:[62a92705-1dba-44af-aa6f-699c94c5895a|rpc:10.1.0.102:36607|priority:1] returns group-D7D882983A82:java.util.concurrent.CompletableFuture@89dbc4e[Not completed]
2022-09-19 13:51:13,794 [pool-141-thread-1] INFO  server.RaftServer$Division (RaftServerImpl.java:<init>(190)) - 62a92705-1dba-44af-aa6f-699c94c5895a: new RaftServerImpl for group-D7D882983A82:[62a92705-1dba-44af-aa6f-699c94c5895a|rpc:10.1.0.102:36607|priority:1] with ContainerStateMachine:uninitialized
2022-09-19 13:51:13,794 [pool-141-thread-1] INFO  server.RaftServerConfigKeys (ConfUtils.java:logGet(46)) - raft.server.rpc.timeout.min = 5s (custom)
2022-09-19 13:51:13,794 [pool-141-thread-1] INFO  server.RaftServerConfigKeys (ConfUtils.java:logGet(46)) - raft.server.rpc.timeout.max = 5200ms (custom)
2022-09-19 13:51:13,794 [pool-141-thread-1] INFO  server.RaftServerConfigKeys (ConfUtils.java:logGet(46)) - raft.server.rpc.sleep.time = 25ms (default)
2022-09-19 13:51:13,794 [pool-141-thread-1] INFO  server.RaftServerConfigKeys (ConfUtils.java:logGet(46)) - raft.server.rpc.slowness.timeout = 300s (custom)
2022-09-19 13:51:13,794 [pool-141-thread-1] INFO  server.RaftServerConfigKeys (ConfUtils.java:logGet(46)) - raft.server.leaderelection.leader.step-down.wait-time = 10s (default)
2022-09-19 13:51:13,794 [pool-141-thread-1] INFO  server.RaftServerConfigKeys (ConfUtils.java:logGet(46)) - raft.server.sleep.deviation.threshold = 300ms (default)
2022-09-19 13:51:13,794 [pool-141-thread-1] INFO  server.RaftServer$Division (ServerState.java:<init>(107)) - 62a92705-1dba-44af-aa6f-699c94c5895a@group-D7D882983A82: ConfigurationManager, init=-1: [62a92705-1dba-44af-aa6f-699c94c5895a|rpc:10.1.0.102:36607|priority:1], old=null, confs=<EMPTY_MAP>
2022-09-19 13:51:13,794 [pool-141-thread-1] INFO  server.RaftServerConfigKeys (ConfUtils.java:logGet(46)) - raft.server.storage.dir = [/home/runner/work/ozone/ozone/hadoop-ozone/integration-test/target/test-dir/MiniOzoneClusterImpl-dbfde215-b7d4-4534-b4eb-abad1aeb9004/datanode-3/data/ratis] (custom)
2022-09-19 13:51:13,794 [pool-141-thread-1] INFO  server.RaftServerConfigKeys (ConfUtils.java:logGet(46)) - raft.server.log.corruption.policy = EXCEPTION (default)
2022-09-19 13:51:13,794 [pool-141-thread-1] INFO  server.RaftServerConfigKeys (ConfUtils.java:logGet(46)) - raft.server.storage.free-space.min = 0MB (=0) (default)
2022-09-19 13:51:13,795 [pool-141-thread-1] INFO  storage.RaftStorageDirectory (RaftStorageDirectoryImpl.java:analyzeStorage(135)) - The storage directory /home/runner/work/ozone/ozone/hadoop-ozone/integration-test/target/test-dir/MiniOzoneClusterImpl-dbfde215-b7d4-4534-b4eb-abad1aeb9004/datanode-3/data/ratis/b7ddc58b-50f7-4f49-a699-d7d882983a82 does not exist. Creating ...
2022-09-19 13:51:13,796 [pool-141-thread-1] INFO  storage.RaftStorageDirectory (RaftStorageDirectoryImpl.java:tryLock(230)) - Lock on /home/runner/work/ozone/ozone/hadoop-ozone/integration-test/target/test-dir/MiniOzoneClusterImpl-dbfde215-b7d4-4534-b4eb-abad1aeb9004/datanode-3/data/ratis/b7ddc58b-50f7-4f49-a699-d7d882983a82/in_use.lock acquired by nodename 83439@fv-az196-500
2022-09-19 13:51:13,797 [pool-141-thread-1] INFO  storage.RaftStorage (RaftStorageImpl.java:format(89)) - Storage directory /home/runner/work/ozone/ozone/hadoop-ozone/integration-test/target/test-dir/MiniOzoneClusterImpl-dbfde215-b7d4-4534-b4eb-abad1aeb9004/datanode-3/data/ratis/b7ddc58b-50f7-4f49-a699-d7d882983a82 has been successfully formatted.
2022-09-19 13:51:13,801 [pool-141-thread-1] INFO  ratis.ContainerStateMachine (ContainerStateMachine.java:loadSnapshot(236)) - group-D7D882983A82: The snapshot info is null. Setting the last applied indexto:(t:0, i:~)
2022-09-19 13:51:13,801 [pool-141-thread-1] INFO  server.RaftServerConfigKeys (ConfUtils.java:logGet(46)) - raft.server.notification.no-leader.timeout = 300s (custom)
2022-09-19 13:51:13,801 [pool-141-thread-1] INFO  server.RaftServerConfigKeys (ConfUtils.java:logGet(46)) - raft.server.log.use.memory = false (default)
2022-09-19 13:51:13,801 [pool-141-thread-1] INFO  server.RaftServerConfigKeys (ConfUtils.java:logGet(46)) - raft.server.log.purge.gap = 1000000 (custom)
2022-09-19 13:51:13,801 [pool-141-thread-1] INFO  server.RaftServerConfigKeys (ConfUtils.java:logGet(46)) - raft.server.log.appender.buffer.byte-limit = 33554432 (custom)
2022-09-19 13:51:13,802 [pool-141-thread-1] INFO  server.RaftServerConfigKeys (ConfUtils.java:logGet(46)) - raft.server.log.statemachine.data.read.timeout = 1000ms (default)
2022-09-19 13:51:13,802 [pool-141-thread-1] INFO  server.RaftServerConfigKeys (ConfUtils.java:logGet(46)) - raft.server.log.segment.size.max = 1048576 (custom)
2022-09-19 13:51:13,803 [pool-141-thread-1] INFO  server.RaftServerConfigKeys (ConfUtils.java:logGet(46)) - raft.server.log.segment.cache.num.max = 2 (custom)
2022-09-19 13:51:13,803 [pool-141-thread-1] INFO  server.RaftServerConfigKeys (ConfUtils.java:logGet(46)) - raft.server.log.segment.cache.size.max = 200MB (=209715200) (default)
2022-09-19 13:51:13,803 [pool-141-thread-1] INFO  segmented.SegmentedRaftLogWorker (SegmentedRaftLogWorker.java:<init>(187)) - new 62a92705-1dba-44af-aa6f-699c94c5895a@group-D7D882983A82-SegmentedRaftLogWorker for RaftStorageImpl:Storage Directory /home/runner/work/ozone/ozone/hadoop-ozone/integration-test/target/test-dir/MiniOzoneClusterImpl-dbfde215-b7d4-4534-b4eb-abad1aeb9004/datanode-3/data/ratis/b7ddc58b-50f7-4f49-a699-d7d882983a82
2022-09-19 13:51:13,803 [pool-141-thread-1] INFO  server.RaftServerConfigKeys (ConfUtils.java:logGet(46)) - raft.server.log.queue.byte-limit = 4294967296 (custom)
2022-09-19 13:51:13,803 [pool-141-thread-1] INFO  server.RaftServerConfigKeys (ConfUtils.java:logGet(46)) - raft.server.log.queue.element-limit = 1024 (custom)
2022-09-19 13:51:13,803 [pool-141-thread-1] INFO  server.RaftServerConfigKeys (ConfUtils.java:logGet(46)) - raft.server.log.segment.size.max = 1048576 (custom)
2022-09-19 13:51:13,803 [pool-141-thread-1] INFO  server.RaftServerConfigKeys (ConfUtils.java:logGet(46)) - raft.server.log.preallocated.size = 16384 (custom)
2022-09-19 13:51:13,803 [pool-141-thread-1] INFO  server.RaftServerConfigKeys (ConfUtils.java:logGet(46)) - raft.server.log.force.sync.num = 128 (default)
2022-09-19 13:51:13,803 [pool-141-thread-1] INFO  server.RaftServerConfigKeys (ConfUtils.java:logGet(46)) - raft.server.log.statemachine.data.sync = true (default)
2022-09-19 13:51:13,803 [pool-141-thread-1] INFO  server.RaftServerConfigKeys (ConfUtils.java:logGet(46)) - raft.server.log.statemachine.data.sync.timeout = 10s (default)
2022-09-19 13:51:13,803 [pool-141-thread-1] INFO  server.RaftServerConfigKeys (ConfUtils.java:logGet(46)) - raft.server.log.statemachine.data.sync.timeout.retry = -1 (default)
2022-09-19 13:51:13,803 [EventQueue-PipelineReportForPipelineReportHandler] INFO  pipeline.PipelineManagerImpl (PipelineManagerImpl.java:openPipeline(367)) - Pipeline Pipeline[ Id: b7ddc58b-50f7-4f49-a699-d7d882983a82, Nodes: 62a92705-1dba-44af-aa6f-699c94c5895a{ip: 10.1.0.102, host: fv-az196-500.jtpmctcvnzqejnuy0st5dkw3nb.bx.internal.cloudapp.net, ports: [REPLICATION=42675, RATIS=36607, RATIS_ADMIN=36607, RATIS_SERVER=36607, STANDALONE=38033], networkLocation: /default-rack, certSerialId: null, persistedOpState: IN_SERVICE, persistedOpStateExpiryEpochSec: 0}, ReplicationConfig: RATIS/ONE, State:ALLOCATED, leaderId:62a92705-1dba-44af-aa6f-699c94c5895a, CreationTimestamp2022-09-19T13:51:10.790Z[Etc/UTC]] moved to OPEN state
2022-09-19 13:51:13,804 [EventQueue-OpenPipelineForHealthyPipelineSafeModeRule] INFO  safemode.SCMSafeModeManager (HealthyPipelineSafeModeRule.java:process(137)) - SCM in safe mode. Healthy pipelines reported count is 0, required healthy pipeline reported count is 1
2022-09-19 13:51:13,804 [pool-141-thread-1] INFO  server.RaftServerConfigKeys (ConfUtils.java:logGet(46)) - raft.server.log.write.buffer.size = 1048576 (custom)
2022-09-19 13:51:13,805 [pool-141-thread-1] INFO  server.RaftServerConfigKeys (ConfUtils.java:logGet(46)) - raft.server.log.unsafe-flush.enabled = false (default)
2022-09-19 13:51:13,805 [pool-141-thread-1] INFO  server.RaftServerConfigKeys (ConfUtils.java:logGet(46)) - raft.server.log.statemachine.data.caching.enabled = true (custom)
2022-09-19 13:51:13,805 [pool-141-thread-1] INFO  segmented.SegmentedRaftLogWorker (SegmentedRaftLogWorker.java:lambda$new$0(135)) - 62a92705-1dba-44af-aa6f-699c94c5895a@group-D7D882983A82-SegmentedRaftLogWorker: flushIndex: setUnconditionally 0 -> -1
2022-09-19 13:51:13,805 [pool-141-thread-1] INFO  segmented.SegmentedRaftLogWorker (SegmentedRaftLogWorker.java:lambda$new$0(135)) - 62a92705-1dba-44af-aa6f-699c94c5895a@group-D7D882983A82-SegmentedRaftLogWorker: safeCacheEvictIndex: setUnconditionally 0 -> -1
2022-09-19 13:51:13,805 [pool-141-thread-1] INFO  server.RaftServerConfigKeys (ConfUtils.java:logGet(46)) - raft.server.snapshot.auto.trigger.enabled = true (custom)
2022-09-19 13:51:13,806 [pool-141-thread-1] INFO  server.RaftServerConfigKeys (ConfUtils.java:logGet(46)) - raft.server.snapshot.auto.trigger.threshold = 10000 (custom)
2022-09-19 13:51:13,806 [pool-141-thread-1] INFO  server.RaftServerConfigKeys (ConfUtils.java:logGet(46)) - raft.server.snapshot.retention.file.num = 5 (custom)
2022-09-19 13:51:13,806 [pool-141-thread-1] INFO  server.RaftServerConfigKeys (ConfUtils.java:logGet(46)) - raft.server.log.purge.upto.snapshot.index = false (default)
2022-09-19 13:51:13,806 [pool-141-thread-1] INFO  server.RaftServerConfigKeys (ConfUtils.java:logGet(46)) - raft.server.retrycache.expirytime = 600000ms (custom)
2022-09-19 13:51:13,806 [pool-141-thread-1] INFO  server.RaftServerConfigKeys (ConfUtils.java:logGet(46)) - raft.server.retrycache.statistics.expirytime = 100μs (default)
2022-09-19 13:51:13,807 [pool-141-thread-1] INFO  server.RaftServerConfigKeys (ConfUtils.java:logGet(46)) - raft.server.log.appender.install.snapshot.enabled = false (custom)
2022-09-19 13:51:13,807 [pool-141-thread-1] INFO  server.RaftServerConfigKeys (ConfUtils.java:logGet(46)) - raft.server.threadpool.server.cached = true (default)
2022-09-19 13:51:13,807 [pool-141-thread-1] INFO  server.RaftServerConfigKeys (ConfUtils.java:logGet(46)) - raft.server.threadpool.server.size = 0 (default)
2022-09-19 13:51:13,807 [pool-141-thread-1] INFO  server.RaftServerConfigKeys (ConfUtils.java:logGet(46)) - raft.server.threadpool.client.cached = true (default)
2022-09-19 13:51:13,807 [pool-141-thread-1] INFO  server.RaftServerConfigKeys (ConfUtils.java:logGet(46)) - raft.server.threadpool.client.size = 0 (default)
2022-09-19 13:51:13,807 [pool-141-thread-1] INFO  server.RaftServer$Division (RaftServerImpl.java:start(310)) - 62a92705-1dba-44af-aa6f-699c94c5895a@group-D7D882983A82: start as a follower, conf=-1: [62a92705-1dba-44af-aa6f-699c94c5895a|rpc:10.1.0.102:36607|priority:1], old=null
2022-09-19 13:51:13,807 [pool-141-thread-1] INFO  server.RaftServer$Division (RaftServerImpl.java:setRole(299)) - 62a92705-1dba-44af-aa6f-699c94c5895a@group-D7D882983A82: changes role from      null to FOLLOWER at term 0 for startAsFollower
2022-09-19 13:51:13,807 [pool-141-thread-1] INFO  impl.RoleInfo (RoleInfo.java:updateAndGet(139)) - 62a92705-1dba-44af-aa6f-699c94c5895a: start 62a92705-1dba-44af-aa6f-699c94c5895a@group-D7D882983A82-FollowerState
2022-09-19 13:51:13,807 [pool-141-thread-1] INFO  util.JmxRegister (JmxRegister.java:tryRegister(44)) - Successfully registered JMX Bean with object name Ratis:service=RaftServer,group=group-D7D882983A82,id=62a92705-1dba-44af-aa6f-699c94c5895a
2022-09-19 13:51:13,809 [Command processor thread] INFO  ratis.XceiverServerRatis (XceiverServerRatis.java:addGroup(765)) - Created group PipelineID=b7ddc58b-50f7-4f49-a699-d7d882983a82
2022-09-19 13:51:13,809 [Command processor thread] INFO  commandhandler.CreatePipelineCommandHandler (CreatePipelineCommandHandler.java:handle(113)) - Created Pipeline RATIS ONE PipelineID=b7ddc58b-50f7-4f49-a699-d7d882983a82.
2022-09-19 13:51:13,809 [Command processor thread] INFO  server.RaftServer (RaftServerProxy.java:addNew(96)) - 62a92705-1dba-44af-aa6f-699c94c5895a: addNew group-BF2FBD2002A0:[4256c034-9f31-4e1a-90bf-845fd7eceacb|rpc:10.1.0.102:33073|priority:0, 62a92705-1dba-44af-aa6f-699c94c5895a|rpc:10.1.0.102:36607|priority:0, 482afb3d-5dff-4b01-b87b-af2a304f0017|rpc:10.1.0.102:43325|priority:1] returns group-BF2FBD2002A0:java.util.concurrent.CompletableFuture@ca23985[Not completed]
2022-09-19 13:51:13,810 [pool-141-thread-1] INFO  server.RaftServer$Division (RaftServerImpl.java:<init>(190)) - 62a92705-1dba-44af-aa6f-699c94c5895a: new RaftServerImpl for group-BF2FBD2002A0:[4256c034-9f31-4e1a-90bf-845fd7eceacb|rpc:10.1.0.102:33073|priority:0, 62a92705-1dba-44af-aa6f-699c94c5895a|rpc:10.1.0.102:36607|priority:0, 482afb3d-5dff-4b01-b87b-af2a304f0017|rpc:10.1.0.102:43325|priority:1] with ContainerStateMachine:uninitialized
2022-09-19 13:51:13,810 [pool-141-thread-1] INFO  server.RaftServerConfigKeys (ConfUtils.java:logGet(46)) - raft.server.rpc.timeout.min = 5s (custom)
2022-09-19 13:51:13,810 [pool-141-thread-1] INFO  server.RaftServerConfigKeys (ConfUtils.java:logGet(46)) - raft.server.rpc.timeout.max = 5200ms (custom)
2022-09-19 13:51:13,810 [pool-141-thread-1] INFO  server.RaftServerConfigKeys (ConfUtils.java:logGet(46)) - raft.server.rpc.sleep.time = 25ms (default)
2022-09-19 13:51:13,810 [pool-141-thread-1] INFO  server.RaftServerConfigKeys (ConfUtils.java:logGet(46)) - raft.server.rpc.slowness.timeout = 300s (custom)
2022-09-19 13:51:13,810 [pool-141-thread-1] INFO  server.RaftServerConfigKeys (ConfUtils.java:logGet(46)) - raft.server.leaderelection.leader.step-down.wait-time = 10s (default)
2022-09-19 13:51:13,810 [pool-141-thread-1] INFO  server.RaftServerConfigKeys (ConfUtils.java:logGet(46)) - raft.server.sleep.deviation.threshold = 300ms (default)
2022-09-19 13:51:13,811 [pool-141-thread-1] INFO  server.RaftServer$Division (ServerState.java:<init>(107)) - 62a92705-1dba-44af-aa6f-699c94c5895a@group-BF2FBD2002A0: ConfigurationManager, init=-1: [4256c034-9f31-4e1a-90bf-845fd7eceacb|rpc:10.1.0.102:33073|priority:0, 62a92705-1dba-44af-aa6f-699c94c5895a|rpc:10.1.0.102:36607|priority:0, 482afb3d-5dff-4b01-b87b-af2a304f0017|rpc:10.1.0.102:43325|priority:1], old=null, confs=<EMPTY_MAP>
2022-09-19 13:51:13,811 [pool-141-thread-1] INFO  server.RaftServerConfigKeys (ConfUtils.java:logGet(46)) - raft.server.storage.dir = [/home/runner/work/ozone/ozone/hadoop-ozone/integration-test/target/test-dir/MiniOzoneClusterImpl-dbfde215-b7d4-4534-b4eb-abad1aeb9004/datanode-3/data/ratis] (custom)
2022-09-19 13:51:13,811 [pool-141-thread-1] INFO  server.RaftServerConfigKeys (ConfUtils.java:logGet(46)) - raft.server.log.corruption.policy = EXCEPTION (default)
2022-09-19 13:51:13,811 [pool-141-thread-1] INFO  server.RaftServerConfigKeys (ConfUtils.java:logGet(46)) - raft.server.storage.free-space.min = 0MB (=0) (default)
2022-09-19 13:51:13,811 [pool-141-thread-1] INFO  storage.RaftStorageDirectory (RaftStorageDirectoryImpl.java:analyzeStorage(135)) - The storage directory /home/runner/work/ozone/ozone/hadoop-ozone/integration-test/target/test-dir/MiniOzoneClusterImpl-dbfde215-b7d4-4534-b4eb-abad1aeb9004/datanode-3/data/ratis/f3716a32-eed7-4bc7-8547-bf2fbd2002a0 does not exist. Creating ...
2022-09-19 13:51:13,814 [pool-141-thread-1] INFO  storage.RaftStorageDirectory (RaftStorageDirectoryImpl.java:tryLock(230)) - Lock on /home/runner/work/ozone/ozone/hadoop-ozone/integration-test/target/test-dir/MiniOzoneClusterImpl-dbfde215-b7d4-4534-b4eb-abad1aeb9004/datanode-3/data/ratis/f3716a32-eed7-4bc7-8547-bf2fbd2002a0/in_use.lock acquired by nodename 83439@fv-az196-500
2022-09-19 13:51:13,815 [pool-141-thread-1] INFO  storage.RaftStorage (RaftStorageImpl.java:format(89)) - Storage directory /home/runner/work/ozone/ozone/hadoop-ozone/integration-test/target/test-dir/MiniOzoneClusterImpl-dbfde215-b7d4-4534-b4eb-abad1aeb9004/datanode-3/data/ratis/f3716a32-eed7-4bc7-8547-bf2fbd2002a0 has been successfully formatted.
2022-09-19 13:51:13,819 [pool-141-thread-1] INFO  ratis.ContainerStateMachine (ContainerStateMachine.java:loadSnapshot(236)) - group-BF2FBD2002A0: The snapshot info is null. Setting the last applied indexto:(t:0, i:~)
2022-09-19 13:51:13,819 [pool-141-thread-1] INFO  server.RaftServerConfigKeys (ConfUtils.java:logGet(46)) - raft.server.notification.no-leader.timeout = 300s (custom)
2022-09-19 13:51:13,819 [pool-141-thread-1] INFO  server.RaftServerConfigKeys (ConfUtils.java:logGet(46)) - raft.server.log.use.memory = false (default)
2022-09-19 13:51:13,819 [pool-141-thread-1] INFO  server.RaftServerConfigKeys (ConfUtils.java:logGet(46)) - raft.server.log.purge.gap = 1000000 (custom)
2022-09-19 13:51:13,819 [pool-141-thread-1] INFO  server.RaftServerConfigKeys (ConfUtils.java:logGet(46)) - raft.server.log.appender.buffer.byte-limit = 33554432 (custom)
2022-09-19 13:51:13,820 [pool-141-thread-1] INFO  server.RaftServerConfigKeys (ConfUtils.java:logGet(46)) - raft.server.log.statemachine.data.read.timeout = 1000ms (default)
2022-09-19 13:51:13,820 [pool-141-thread-1] INFO  server.RaftServerConfigKeys (ConfUtils.java:logGet(46)) - raft.server.log.segment.size.max = 1048576 (custom)
2022-09-19 13:51:13,820 [EventQueue-OpenPipelineForHealthyPipelineSafeModeRule] INFO  safemode.SCMSafeModeManager (HealthyPipelineSafeModeRule.java:process(137)) - SCM in safe mode. Healthy pipelines reported count is 0, required healthy pipeline reported count is 1
2022-09-19 13:51:13,820 [pool-141-thread-1] INFO  server.RaftServerConfigKeys (ConfUtils.java:logGet(46)) - raft.server.log.segment.cache.num.max = 2 (custom)
2022-09-19 13:51:13,820 [pool-141-thread-1] INFO  server.RaftServerConfigKeys (ConfUtils.java:logGet(46)) - raft.server.log.segment.cache.size.max = 200MB (=209715200) (default)
2022-09-19 13:51:13,820 [pool-141-thread-1] INFO  segmented.SegmentedRaftLogWorker (SegmentedRaftLogWorker.java:<init>(187)) - new 62a92705-1dba-44af-aa6f-699c94c5895a@group-BF2FBD2002A0-SegmentedRaftLogWorker for RaftStorageImpl:Storage Directory /home/runner/work/ozone/ozone/hadoop-ozone/integration-test/target/test-dir/MiniOzoneClusterImpl-dbfde215-b7d4-4534-b4eb-abad1aeb9004/datanode-3/data/ratis/f3716a32-eed7-4bc7-8547-bf2fbd2002a0
2022-09-19 13:51:13,821 [pool-141-thread-1] INFO  server.RaftServerConfigKeys (ConfUtils.java:logGet(46)) - raft.server.log.queue.byte-limit = 4294967296 (custom)
2022-09-19 13:51:13,821 [pool-141-thread-1] INFO  server.RaftServerConfigKeys (ConfUtils.java:logGet(46)) - raft.server.log.queue.element-limit = 1024 (custom)
2022-09-19 13:51:13,821 [pool-141-thread-1] INFO  server.RaftServerConfigKeys (ConfUtils.java:logGet(46)) - raft.server.log.segment.size.max = 1048576 (custom)
2022-09-19 13:51:13,821 [pool-141-thread-1] INFO  server.RaftServerConfigKeys (ConfUtils.java:logGet(46)) - raft.server.log.preallocated.size = 16384 (custom)
2022-09-19 13:51:13,821 [pool-141-thread-1] INFO  server.RaftServerConfigKeys (ConfUtils.java:logGet(46)) - raft.server.log.force.sync.num = 128 (default)
2022-09-19 13:51:13,821 [pool-141-thread-1] INFO  server.RaftServerConfigKeys (ConfUtils.java:logGet(46)) - raft.server.log.statemachine.data.sync = true (default)
2022-09-19 13:51:13,821 [pool-141-thread-1] INFO  server.RaftServerConfigKeys (ConfUtils.java:logGet(46)) - raft.server.log.statemachine.data.sync.timeout = 10s (default)
2022-09-19 13:51:13,821 [pool-141-thread-1] INFO  server.RaftServerConfigKeys (ConfUtils.java:logGet(46)) - raft.server.log.statemachine.data.sync.timeout.retry = -1 (default)
2022-09-19 13:51:13,822 [pool-141-thread-1] INFO  server.RaftServerConfigKeys (ConfUtils.java:logGet(46)) - raft.server.log.write.buffer.size = 1048576 (custom)
2022-09-19 13:51:13,822 [pool-141-thread-1] INFO  server.RaftServerConfigKeys (ConfUtils.java:logGet(46)) - raft.server.log.unsafe-flush.enabled = false (default)
2022-09-19 13:51:13,822 [pool-141-thread-1] INFO  server.RaftServerConfigKeys (ConfUtils.java:logGet(46)) - raft.server.log.statemachine.data.caching.enabled = true (custom)
2022-09-19 13:51:13,822 [pool-141-thread-1] INFO  segmented.SegmentedRaftLogWorker (SegmentedRaftLogWorker.java:lambda$new$0(135)) - 62a92705-1dba-44af-aa6f-699c94c5895a@group-BF2FBD2002A0-SegmentedRaftLogWorker: flushIndex: setUnconditionally 0 -> -1
2022-09-19 13:51:13,822 [pool-141-thread-1] INFO  segmented.SegmentedRaftLogWorker (SegmentedRaftLogWorker.java:lambda$new$0(135)) - 62a92705-1dba-44af-aa6f-699c94c5895a@group-BF2FBD2002A0-SegmentedRaftLogWorker: safeCacheEvictIndex: setUnconditionally 0 -> -1
2022-09-19 13:51:13,822 [pool-141-thread-1] INFO  server.RaftServerConfigKeys (ConfUtils.java:logGet(46)) - raft.server.snapshot.auto.trigger.enabled = true (custom)
2022-09-19 13:51:13,823 [pool-141-thread-1] INFO  server.RaftServerConfigKeys (ConfUtils.java:logGet(46)) - raft.server.snapshot.auto.trigger.threshold = 10000 (custom)
2022-09-19 13:51:13,823 [pool-141-thread-1] INFO  server.RaftServerConfigKeys (ConfUtils.java:logGet(46)) - raft.server.snapshot.retention.file.num = 5 (custom)
2022-09-19 13:51:13,823 [pool-141-thread-1] INFO  server.RaftServerConfigKeys (ConfUtils.java:logGet(46)) - raft.server.log.purge.upto.snapshot.index = false (default)
2022-09-19 13:51:13,823 [pool-141-thread-1] INFO  server.RaftServerConfigKeys (ConfUtils.java:logGet(46)) - raft.server.retrycache.expirytime = 600000ms (custom)
2022-09-19 13:51:13,823 [pool-141-thread-1] INFO  server.RaftServerConfigKeys (ConfUtils.java:logGet(46)) - raft.server.retrycache.statistics.expirytime = 100μs (default)
2022-09-19 13:51:13,824 [pool-141-thread-1] INFO  server.RaftServerConfigKeys (ConfUtils.java:logGet(46)) - raft.server.log.appender.install.snapshot.enabled = false (custom)
2022-09-19 13:51:13,824 [pool-141-thread-1] INFO  server.RaftServerConfigKeys (ConfUtils.java:logGet(46)) - raft.server.threadpool.server.cached = true (default)
2022-09-19 13:51:13,824 [pool-141-thread-1] INFO  server.RaftServerConfigKeys (ConfUtils.java:logGet(46)) - raft.server.threadpool.server.size = 0 (default)
2022-09-19 13:51:13,824 [pool-141-thread-1] INFO  server.RaftServerConfigKeys (ConfUtils.java:logGet(46)) - raft.server.threadpool.client.cached = true (default)
2022-09-19 13:51:13,824 [pool-141-thread-1] INFO  server.RaftServerConfigKeys (ConfUtils.java:logGet(46)) - raft.server.threadpool.client.size = 0 (default)
2022-09-19 13:51:13,824 [pool-141-thread-1] INFO  server.RaftServer$Division (RaftServerImpl.java:start(310)) - 62a92705-1dba-44af-aa6f-699c94c5895a@group-BF2FBD2002A0: start as a follower, conf=-1: [4256c034-9f31-4e1a-90bf-845fd7eceacb|rpc:10.1.0.102:33073|priority:0, 62a92705-1dba-44af-aa6f-699c94c5895a|rpc:10.1.0.102:36607|priority:0, 482afb3d-5dff-4b01-b87b-af2a304f0017|rpc:10.1.0.102:43325|priority:1], old=null
2022-09-19 13:51:13,824 [pool-141-thread-1] INFO  server.RaftServer$Division (RaftServerImpl.java:setRole(299)) - 62a92705-1dba-44af-aa6f-699c94c5895a@group-BF2FBD2002A0: changes role from      null to FOLLOWER at term 0 for startAsFollower
2022-09-19 13:51:13,824 [pool-141-thread-1] INFO  impl.RoleInfo (RoleInfo.java:updateAndGet(139)) - 62a92705-1dba-44af-aa6f-699c94c5895a: start 62a92705-1dba-44af-aa6f-699c94c5895a@group-BF2FBD2002A0-FollowerState
2022-09-19 13:51:13,829 [pool-141-thread-1] INFO  util.JmxRegister (JmxRegister.java:tryRegister(44)) - Successfully registered JMX Bean with object name Ratis:service=RaftServer,group=group-BF2FBD2002A0,id=62a92705-1dba-44af-aa6f-699c94c5895a
2022-09-19 13:51:13,830 [Command processor thread] INFO  ratis.XceiverServerRatis (XceiverServerRatis.java:addGroup(765)) - Created group PipelineID=f3716a32-eed7-4bc7-8547-bf2fbd2002a0
2022-09-19 13:51:13,850 [grpc-default-executor-0] INFO  server.RaftServer (RaftServerProxy.java:addNew(96)) - 482afb3d-5dff-4b01-b87b-af2a304f0017: addNew group-BF2FBD2002A0:[4256c034-9f31-4e1a-90bf-845fd7eceacb|rpc:10.1.0.102:33073|dataStream:|priority:0, 62a92705-1dba-44af-aa6f-699c94c5895a|rpc:10.1.0.102:36607|dataStream:|priority:0, 482afb3d-5dff-4b01-b87b-af2a304f0017|rpc:10.1.0.102:43325|dataStream:|priority:1] returns group-BF2FBD2002A0:java.util.concurrent.CompletableFuture@1dfea27b[Not completed]
2022-09-19 13:51:13,851 [pool-187-thread-1] INFO  server.RaftServer$Division (RaftServerImpl.java:<init>(190)) - 482afb3d-5dff-4b01-b87b-af2a304f0017: new RaftServerImpl for group-BF2FBD2002A0:[4256c034-9f31-4e1a-90bf-845fd7eceacb|rpc:10.1.0.102:33073|dataStream:|priority:0, 62a92705-1dba-44af-aa6f-699c94c5895a|rpc:10.1.0.102:36607|dataStream:|priority:0, 482afb3d-5dff-4b01-b87b-af2a304f0017|rpc:10.1.0.102:43325|dataStream:|priority:1] with ContainerStateMachine:uninitialized
2022-09-19 13:51:13,851 [pool-187-thread-1] INFO  server.RaftServerConfigKeys (ConfUtils.java:logGet(46)) - raft.server.rpc.timeout.min = 5s (custom)
2022-09-19 13:51:13,851 [pool-187-thread-1] INFO  server.RaftServerConfigKeys (ConfUtils.java:logGet(46)) - raft.server.rpc.timeout.max = 5200ms (custom)
2022-09-19 13:51:13,851 [pool-187-thread-1] INFO  server.RaftServerConfigKeys (ConfUtils.java:logGet(46)) - raft.server.rpc.sleep.time = 25ms (default)
2022-09-19 13:51:13,851 [pool-187-thread-1] INFO  server.RaftServerConfigKeys (ConfUtils.java:logGet(46)) - raft.server.rpc.slowness.timeout = 300s (custom)
2022-09-19 13:51:13,851 [pool-187-thread-1] INFO  server.RaftServerConfigKeys (ConfUtils.java:logGet(46)) - raft.server.leaderelection.leader.step-down.wait-time = 10s (default)
2022-09-19 13:51:13,851 [pool-187-thread-1] INFO  server.RaftServerConfigKeys (ConfUtils.java:logGet(46)) - raft.server.sleep.deviation.threshold = 300ms (default)
2022-09-19 13:51:13,851 [pool-187-thread-1] INFO  server.RaftServer$Division (ServerState.java:<init>(107)) - 482afb3d-5dff-4b01-b87b-af2a304f0017@group-BF2FBD2002A0: ConfigurationManager, init=-1: [4256c034-9f31-4e1a-90bf-845fd7eceacb|rpc:10.1.0.102:33073|dataStream:|priority:0, 62a92705-1dba-44af-aa6f-699c94c5895a|rpc:10.1.0.102:36607|dataStream:|priority:0, 482afb3d-5dff-4b01-b87b-af2a304f0017|rpc:10.1.0.102:43325|dataStream:|priority:1], old=null, confs=<EMPTY_MAP>
2022-09-19 13:51:13,852 [pool-187-thread-1] INFO  server.RaftServerConfigKeys (ConfUtils.java:logGet(46)) - raft.server.storage.dir = [/home/runner/work/ozone/ozone/hadoop-ozone/integration-test/target/test-dir/MiniOzoneClusterImpl-dbfde215-b7d4-4534-b4eb-abad1aeb9004/datanode-5/data/ratis] (custom)
2022-09-19 13:51:13,852 [pool-187-thread-1] INFO  server.RaftServerConfigKeys (ConfUtils.java:logGet(46)) - raft.server.log.corruption.policy = EXCEPTION (default)
2022-09-19 13:51:13,852 [pool-187-thread-1] INFO  server.RaftServerConfigKeys (ConfUtils.java:logGet(46)) - raft.server.storage.free-space.min = 0MB (=0) (default)
2022-09-19 13:51:13,852 [pool-187-thread-1] INFO  storage.RaftStorageDirectory (RaftStorageDirectoryImpl.java:analyzeStorage(135)) - The storage directory /home/runner/work/ozone/ozone/hadoop-ozone/integration-test/target/test-dir/MiniOzoneClusterImpl-dbfde215-b7d4-4534-b4eb-abad1aeb9004/datanode-5/data/ratis/f3716a32-eed7-4bc7-8547-bf2fbd2002a0 does not exist. Creating ...
2022-09-19 13:51:13,853 [pool-187-thread-1] INFO  storage.RaftStorageDirectory (RaftStorageDirectoryImpl.java:tryLock(230)) - Lock on /home/runner/work/ozone/ozone/hadoop-ozone/integration-test/target/test-dir/MiniOzoneClusterImpl-dbfde215-b7d4-4534-b4eb-abad1aeb9004/datanode-5/data/ratis/f3716a32-eed7-4bc7-8547-bf2fbd2002a0/in_use.lock acquired by nodename 83439@fv-az196-500
2022-09-19 13:51:13,854 [pool-187-thread-1] INFO  storage.RaftStorage (RaftStorageImpl.java:format(89)) - Storage directory /home/runner/work/ozone/ozone/hadoop-ozone/integration-test/target/test-dir/MiniOzoneClusterImpl-dbfde215-b7d4-4534-b4eb-abad1aeb9004/datanode-5/data/ratis/f3716a32-eed7-4bc7-8547-bf2fbd2002a0 has been successfully formatted.
2022-09-19 13:51:13,856 [pool-187-thread-1] INFO  ratis.ContainerStateMachine (ContainerStateMachine.java:loadSnapshot(236)) - group-BF2FBD2002A0: The snapshot info is null. Setting the last applied indexto:(t:0, i:~)
2022-09-19 13:51:13,856 [pool-187-thread-1] INFO  server.RaftServerConfigKeys (ConfUtils.java:logGet(46)) - raft.server.notification.no-leader.timeout = 300s (custom)
2022-09-19 13:51:13,856 [pool-187-thread-1] INFO  server.RaftServerConfigKeys (ConfUtils.java:logGet(46)) - raft.server.log.use.memory = false (default)
2022-09-19 13:51:13,856 [pool-187-thread-1] INFO  server.RaftServerConfigKeys (ConfUtils.java:logGet(46)) - raft.server.log.purge.gap = 1000000 (custom)
2022-09-19 13:51:13,856 [pool-187-thread-1] INFO  server.RaftServerConfigKeys (ConfUtils.java:logGet(46)) - raft.server.log.appender.buffer.byte-limit = 33554432 (custom)
2022-09-19 13:51:13,856 [pool-187-thread-1] INFO  server.RaftServerConfigKeys (ConfUtils.java:logGet(46)) - raft.server.log.statemachine.data.read.timeout = 1000ms (default)
2022-09-19 13:51:13,856 [pool-187-thread-1] INFO  server.RaftServerConfigKeys (ConfUtils.java:logGet(46)) - raft.server.log.segment.size.max = 1048576 (custom)
2022-09-19 13:51:13,857 [pool-187-thread-1] INFO  server.RaftServerConfigKeys (ConfUtils.java:logGet(46)) - raft.server.log.segment.cache.num.max = 2 (custom)
2022-09-19 13:51:13,857 [pool-187-thread-1] INFO  server.RaftServerConfigKeys (ConfUtils.java:logGet(46)) - raft.server.log.segment.cache.size.max = 200MB (=209715200) (default)
2022-09-19 13:51:13,857 [pool-187-thread-1] INFO  segmented.SegmentedRaftLogWorker (SegmentedRaftLogWorker.java:<init>(187)) - new 482afb3d-5dff-4b01-b87b-af2a304f0017@group-BF2FBD2002A0-SegmentedRaftLogWorker for RaftStorageImpl:Storage Directory /home/runner/work/ozone/ozone/hadoop-ozone/integration-test/target/test-dir/MiniOzoneClusterImpl-dbfde215-b7d4-4534-b4eb-abad1aeb9004/datanode-5/data/ratis/f3716a32-eed7-4bc7-8547-bf2fbd2002a0
2022-09-19 13:51:13,857 [pool-187-thread-1] INFO  server.RaftServerConfigKeys (ConfUtils.java:logGet(46)) - raft.server.log.queue.byte-limit = 4294967296 (custom)
2022-09-19 13:51:13,857 [pool-187-thread-1] INFO  server.RaftServerConfigKeys (ConfUtils.java:logGet(46)) - raft.server.log.queue.element-limit = 1024 (custom)
2022-09-19 13:51:13,857 [pool-187-thread-1] INFO  server.RaftServerConfigKeys (ConfUtils.java:logGet(46)) - raft.server.log.segment.size.max = 1048576 (custom)
2022-09-19 13:51:13,858 [pool-187-thread-1] INFO  server.RaftServerConfigKeys (ConfUtils.java:logGet(46)) - raft.server.log.preallocated.size = 16384 (custom)
2022-09-19 13:51:13,858 [pool-187-thread-1] INFO  server.RaftServerConfigKeys (ConfUtils.java:logGet(46)) - raft.server.log.force.sync.num = 128 (default)
2022-09-19 13:51:13,858 [pool-187-thread-1] INFO  server.RaftServerConfigKeys (ConfUtils.java:logGet(46)) - raft.server.log.statemachine.data.sync = true (default)
2022-09-19 13:51:13,858 [pool-187-thread-1] INFO  server.RaftServerConfigKeys (ConfUtils.java:logGet(46)) - raft.server.log.statemachine.data.sync.timeout = 10s (default)
2022-09-19 13:51:13,860 [pool-187-thread-1] INFO  server.RaftServerConfigKeys (ConfUtils.java:logGet(46)) - raft.server.log.statemachine.data.sync.timeout.retry = -1 (default)
2022-09-19 13:51:13,861 [pool-187-thread-1] INFO  server.RaftServerConfigKeys (ConfUtils.java:logGet(46)) - raft.server.log.write.buffer.size = 1048576 (custom)
2022-09-19 13:51:13,862 [pool-187-thread-1] INFO  server.RaftServerConfigKeys (ConfUtils.java:logGet(46)) - raft.server.log.unsafe-flush.enabled = false (default)
2022-09-19 13:51:13,862 [pool-187-thread-1] INFO  server.RaftServerConfigKeys (ConfUtils.java:logGet(46)) - raft.server.log.statemachine.data.caching.enabled = true (custom)
2022-09-19 13:51:13,862 [pool-187-thread-1] INFO  segmented.SegmentedRaftLogWorker (SegmentedRaftLogWorker.java:lambda$new$0(135)) - 482afb3d-5dff-4b01-b87b-af2a304f0017@group-BF2FBD2002A0-SegmentedRaftLogWorker: flushIndex: setUnconditionally 0 -> -1
2022-09-19 13:51:13,862 [pool-187-thread-1] INFO  segmented.SegmentedRaftLogWorker (SegmentedRaftLogWorker.java:lambda$new$0(135)) - 482afb3d-5dff-4b01-b87b-af2a304f0017@group-BF2FBD2002A0-SegmentedRaftLogWorker: safeCacheEvictIndex: setUnconditionally 0 -> -1
2022-09-19 13:51:13,862 [pool-187-thread-1] INFO  server.RaftServerConfigKeys (ConfUtils.java:logGet(46)) - raft.server.snapshot.auto.trigger.enabled = true (custom)
2022-09-19 13:51:13,862 [pool-187-thread-1] INFO  server.RaftServerConfigKeys (ConfUtils.java:logGet(46)) - raft.server.snapshot.auto.trigger.threshold = 10000 (custom)
2022-09-19 13:51:13,862 [pool-187-thread-1] INFO  server.RaftServerConfigKeys (ConfUtils.java:logGet(46)) - raft.server.snapshot.retention.file.num = 5 (custom)
2022-09-19 13:51:13,862 [pool-187-thread-1] INFO  server.RaftServerConfigKeys (ConfUtils.java:logGet(46)) - raft.server.log.purge.upto.snapshot.index = false (default)
2022-09-19 13:51:13,863 [pool-187-thread-1] INFO  server.RaftServerConfigKeys (ConfUtils.java:logGet(46)) - raft.server.retrycache.expirytime = 600000ms (custom)
2022-09-19 13:51:13,863 [pool-187-thread-1] INFO  server.RaftServerConfigKeys (ConfUtils.java:logGet(46)) - raft.server.retrycache.statistics.expirytime = 100μs (default)
2022-09-19 13:51:13,864 [pool-187-thread-1] INFO  server.RaftServerConfigKeys (ConfUtils.java:logGet(46)) - raft.server.log.appender.install.snapshot.enabled = false (custom)
2022-09-19 13:51:13,864 [pool-187-thread-1] INFO  server.RaftServerConfigKeys (ConfUtils.java:logGet(46)) - raft.server.threadpool.server.cached = true (default)
2022-09-19 13:51:13,864 [pool-187-thread-1] INFO  server.RaftServerConfigKeys (ConfUtils.java:logGet(46)) - raft.server.threadpool.server.size = 0 (default)
2022-09-19 13:51:13,864 [pool-187-thread-1] INFO  server.RaftServerConfigKeys (ConfUtils.java:logGet(46)) - raft.server.threadpool.client.cached = true (default)
2022-09-19 13:51:13,864 [pool-187-thread-1] INFO  server.RaftServerConfigKeys (ConfUtils.java:logGet(46)) - raft.server.threadpool.client.size = 0 (default)
2022-09-19 13:51:13,864 [pool-187-thread-1] INFO  server.RaftServer$Division (RaftServerImpl.java:start(310)) - 482afb3d-5dff-4b01-b87b-af2a304f0017@group-BF2FBD2002A0: start as a follower, conf=-1: [4256c034-9f31-4e1a-90bf-845fd7eceacb|rpc:10.1.0.102:33073|dataStream:|priority:0, 62a92705-1dba-44af-aa6f-699c94c5895a|rpc:10.1.0.102:36607|dataStream:|priority:0, 482afb3d-5dff-4b01-b87b-af2a304f0017|rpc:10.1.0.102:43325|dataStream:|priority:1], old=null
2022-09-19 13:51:13,864 [pool-187-thread-1] INFO  server.RaftServer$Division (RaftServerImpl.java:setRole(299)) - 482afb3d-5dff-4b01-b87b-af2a304f0017@group-BF2FBD2002A0: changes role from      null to FOLLOWER at term 0 for startAsFollower
2022-09-19 13:51:13,864 [pool-187-thread-1] INFO  impl.RoleInfo (RoleInfo.java:updateAndGet(139)) - 482afb3d-5dff-4b01-b87b-af2a304f0017: start 482afb3d-5dff-4b01-b87b-af2a304f0017@group-BF2FBD2002A0-FollowerState
2022-09-19 13:51:13,864 [pool-187-thread-1] INFO  util.JmxRegister (JmxRegister.java:tryRegister(44)) - Successfully registered JMX Bean with object name Ratis:service=RaftServer,group=group-BF2FBD2002A0,id=482afb3d-5dff-4b01-b87b-af2a304f0017
2022-09-19 13:51:13,884 [grpc-default-executor-0] INFO  server.RaftServer (RaftServerProxy.java:addNew(96)) - 4256c034-9f31-4e1a-90bf-845fd7eceacb: addNew group-BF2FBD2002A0:[4256c034-9f31-4e1a-90bf-845fd7eceacb|rpc:10.1.0.102:33073|dataStream:|priority:0, 62a92705-1dba-44af-aa6f-699c94c5895a|rpc:10.1.0.102:36607|dataStream:|priority:0, 482afb3d-5dff-4b01-b87b-af2a304f0017|rpc:10.1.0.102:43325|dataStream:|priority:1] returns group-BF2FBD2002A0:java.util.concurrent.CompletableFuture@59bb8f42[Not completed]
2022-09-19 13:51:13,885 [pool-164-thread-1] INFO  server.RaftServer$Division (RaftServerImpl.java:<init>(190)) - 4256c034-9f31-4e1a-90bf-845fd7eceacb: new RaftServerImpl for group-BF2FBD2002A0:[4256c034-9f31-4e1a-90bf-845fd7eceacb|rpc:10.1.0.102:33073|dataStream:|priority:0, 62a92705-1dba-44af-aa6f-699c94c5895a|rpc:10.1.0.102:36607|dataStream:|priority:0, 482afb3d-5dff-4b01-b87b-af2a304f0017|rpc:10.1.0.102:43325|dataStream:|priority:1] with ContainerStateMachine:uninitialized
2022-09-19 13:51:13,885 [pool-164-thread-1] INFO  server.RaftServerConfigKeys (ConfUtils.java:logGet(46)) - raft.server.rpc.timeout.min = 5s (custom)
2022-09-19 13:51:13,885 [pool-164-thread-1] INFO  server.RaftServerConfigKeys (ConfUtils.java:logGet(46)) - raft.server.rpc.timeout.max = 5200ms (custom)
2022-09-19 13:51:13,885 [pool-164-thread-1] INFO  server.RaftServerConfigKeys (ConfUtils.java:logGet(46)) - raft.server.rpc.sleep.time = 25ms (default)
2022-09-19 13:51:13,885 [pool-164-thread-1] INFO  server.RaftServerConfigKeys (ConfUtils.java:logGet(46)) - raft.server.rpc.slowness.timeout = 300s (custom)
2022-09-19 13:51:13,885 [pool-164-thread-1] INFO  server.RaftServerConfigKeys (ConfUtils.java:logGet(46)) - raft.server.leaderelection.leader.step-down.wait-time = 10s (default)
2022-09-19 13:51:13,885 [pool-164-thread-1] INFO  server.RaftServerConfigKeys (ConfUtils.java:logGet(46)) - raft.server.sleep.deviation.threshold = 300ms (default)
2022-09-19 13:51:13,885 [pool-164-thread-1] INFO  server.RaftServer$Division (ServerState.java:<init>(107)) - 4256c034-9f31-4e1a-90bf-845fd7eceacb@group-BF2FBD2002A0: ConfigurationManager, init=-1: [4256c034-9f31-4e1a-90bf-845fd7eceacb|rpc:10.1.0.102:33073|dataStream:|priority:0, 62a92705-1dba-44af-aa6f-699c94c5895a|rpc:10.1.0.102:36607|dataStream:|priority:0, 482afb3d-5dff-4b01-b87b-af2a304f0017|rpc:10.1.0.102:43325|dataStream:|priority:1], old=null, confs=<EMPTY_MAP>
2022-09-19 13:51:13,885 [pool-164-thread-1] INFO  server.RaftServerConfigKeys (ConfUtils.java:logGet(46)) - raft.server.storage.dir = [/home/runner/work/ozone/ozone/hadoop-ozone/integration-test/target/test-dir/MiniOzoneClusterImpl-dbfde215-b7d4-4534-b4eb-abad1aeb9004/datanode-4/data/ratis] (custom)
2022-09-19 13:51:13,886 [pool-164-thread-1] INFO  server.RaftServerConfigKeys (ConfUtils.java:logGet(46)) - raft.server.log.corruption.policy = EXCEPTION (default)
2022-09-19 13:51:13,886 [pool-164-thread-1] INFO  server.RaftServerConfigKeys (ConfUtils.java:logGet(46)) - raft.server.storage.free-space.min = 0MB (=0) (default)
2022-09-19 13:51:13,886 [pool-164-thread-1] INFO  storage.RaftStorageDirectory (RaftStorageDirectoryImpl.java:analyzeStorage(135)) - The storage directory /home/runner/work/ozone/ozone/hadoop-ozone/integration-test/target/test-dir/MiniOzoneClusterImpl-dbfde215-b7d4-4534-b4eb-abad1aeb9004/datanode-4/data/ratis/f3716a32-eed7-4bc7-8547-bf2fbd2002a0 does not exist. Creating ...
2022-09-19 13:51:13,887 [pool-164-thread-1] INFO  storage.RaftStorageDirectory (RaftStorageDirectoryImpl.java:tryLock(230)) - Lock on /home/runner/work/ozone/ozone/hadoop-ozone/integration-test/target/test-dir/MiniOzoneClusterImpl-dbfde215-b7d4-4534-b4eb-abad1aeb9004/datanode-4/data/ratis/f3716a32-eed7-4bc7-8547-bf2fbd2002a0/in_use.lock acquired by nodename 83439@fv-az196-500
2022-09-19 13:51:13,888 [pool-164-thread-1] INFO  storage.RaftStorage (RaftStorageImpl.java:format(89)) - Storage directory /home/runner/work/ozone/ozone/hadoop-ozone/integration-test/target/test-dir/MiniOzoneClusterImpl-dbfde215-b7d4-4534-b4eb-abad1aeb9004/datanode-4/data/ratis/f3716a32-eed7-4bc7-8547-bf2fbd2002a0 has been successfully formatted.
2022-09-19 13:51:13,889 [pool-164-thread-1] INFO  ratis.ContainerStateMachine (ContainerStateMachine.java:loadSnapshot(236)) - group-BF2FBD2002A0: The snapshot info is null. Setting the last applied indexto:(t:0, i:~)
2022-09-19 13:51:13,889 [pool-164-thread-1] INFO  server.RaftServerConfigKeys (ConfUtils.java:logGet(46)) - raft.server.notification.no-leader.timeout = 300s (custom)
2022-09-19 13:51:13,889 [pool-164-thread-1] INFO  server.RaftServerConfigKeys (ConfUtils.java:logGet(46)) - raft.server.log.use.memory = false (default)
2022-09-19 13:51:13,889 [pool-164-thread-1] INFO  server.RaftServerConfigKeys (ConfUtils.java:logGet(46)) - raft.server.log.purge.gap = 1000000 (custom)
2022-09-19 13:51:13,889 [pool-164-thread-1] INFO  server.RaftServerConfigKeys (ConfUtils.java:logGet(46)) - raft.server.log.appender.buffer.byte-limit = 33554432 (custom)
2022-09-19 13:51:13,890 [pool-164-thread-1] INFO  server.RaftServerConfigKeys (ConfUtils.java:logGet(46)) - raft.server.log.statemachine.data.read.timeout = 1000ms (default)
2022-09-19 13:51:13,891 [pool-164-thread-1] INFO  server.RaftServerConfigKeys (ConfUtils.java:logGet(46)) - raft.server.log.segment.size.max = 1048576 (custom)
2022-09-19 13:51:13,891 [pool-164-thread-1] INFO  server.RaftServerConfigKeys (ConfUtils.java:logGet(46)) - raft.server.log.segment.cache.num.max = 2 (custom)
2022-09-19 13:51:13,891 [pool-164-thread-1] INFO  server.RaftServerConfigKeys (ConfUtils.java:logGet(46)) - raft.server.log.segment.cache.size.max = 200MB (=209715200) (default)
2022-09-19 13:51:13,891 [pool-164-thread-1] INFO  segmented.SegmentedRaftLogWorker (SegmentedRaftLogWorker.java:<init>(187)) - new 4256c034-9f31-4e1a-90bf-845fd7eceacb@group-BF2FBD2002A0-SegmentedRaftLogWorker for RaftStorageImpl:Storage Directory /home/runner/work/ozone/ozone/hadoop-ozone/integration-test/target/test-dir/MiniOzoneClusterImpl-dbfde215-b7d4-4534-b4eb-abad1aeb9004/datanode-4/data/ratis/f3716a32-eed7-4bc7-8547-bf2fbd2002a0
2022-09-19 13:51:13,891 [pool-164-thread-1] INFO  server.RaftServerConfigKeys (ConfUtils.java:logGet(46)) - raft.server.log.queue.byte-limit = 4294967296 (custom)
2022-09-19 13:51:13,891 [pool-164-thread-1] INFO  server.RaftServerConfigKeys (ConfUtils.java:logGet(46)) - raft.server.log.queue.element-limit = 1024 (custom)
2022-09-19 13:51:13,891 [pool-164-thread-1] INFO  server.RaftServerConfigKeys (ConfUtils.java:logGet(46)) - raft.server.log.segment.size.max = 1048576 (custom)
2022-09-19 13:51:13,891 [pool-164-thread-1] INFO  server.RaftServerConfigKeys (ConfUtils.java:logGet(46)) - raft.server.log.preallocated.size = 16384 (custom)
2022-09-19 13:51:13,891 [pool-164-thread-1] INFO  server.RaftServerConfigKeys (ConfUtils.java:logGet(46)) - raft.server.log.force.sync.num = 128 (default)
2022-09-19 13:51:13,891 [pool-164-thread-1] INFO  server.RaftServerConfigKeys (ConfUtils.java:logGet(46)) - raft.server.log.statemachine.data.sync = true (default)
2022-09-19 13:51:13,891 [pool-164-thread-1] INFO  server.RaftServerConfigKeys (ConfUtils.java:logGet(46)) - raft.server.log.statemachine.data.sync.timeout = 10s (default)
2022-09-19 13:51:13,891 [pool-164-thread-1] INFO  server.RaftServerConfigKeys (ConfUtils.java:logGet(46)) - raft.server.log.statemachine.data.sync.timeout.retry = -1 (default)
2022-09-19 13:51:13,892 [pool-164-thread-1] INFO  server.RaftServerConfigKeys (ConfUtils.java:logGet(46)) - raft.server.log.write.buffer.size = 1048576 (custom)
2022-09-19 13:51:13,892 [pool-164-thread-1] INFO  server.RaftServerConfigKeys (ConfUtils.java:logGet(46)) - raft.server.log.unsafe-flush.enabled = false (default)
2022-09-19 13:51:13,892 [pool-164-thread-1] INFO  server.RaftServerConfigKeys (ConfUtils.java:logGet(46)) - raft.server.log.statemachine.data.caching.enabled = true (custom)
2022-09-19 13:51:13,893 [pool-164-thread-1] INFO  segmented.SegmentedRaftLogWorker (SegmentedRaftLogWorker.java:lambda$new$0(135)) - 4256c034-9f31-4e1a-90bf-845fd7eceacb@group-BF2FBD2002A0-SegmentedRaftLogWorker: flushIndex: setUnconditionally 0 -> -1
2022-09-19 13:51:13,893 [pool-164-thread-1] INFO  segmented.SegmentedRaftLogWorker (SegmentedRaftLogWorker.java:lambda$new$0(135)) - 4256c034-9f31-4e1a-90bf-845fd7eceacb@group-BF2FBD2002A0-SegmentedRaftLogWorker: safeCacheEvictIndex: setUnconditionally 0 -> -1
2022-09-19 13:51:13,893 [pool-164-thread-1] INFO  server.RaftServerConfigKeys (ConfUtils.java:logGet(46)) - raft.server.snapshot.auto.trigger.enabled = true (custom)
2022-09-19 13:51:13,893 [pool-164-thread-1] INFO  server.RaftServerConfigKeys (ConfUtils.java:logGet(46)) - raft.server.snapshot.auto.trigger.threshold = 10000 (custom)
2022-09-19 13:51:13,893 [pool-164-thread-1] INFO  server.RaftServerConfigKeys (ConfUtils.java:logGet(46)) - raft.server.snapshot.retention.file.num = 5 (custom)
2022-09-19 13:51:13,893 [pool-164-thread-1] INFO  server.RaftServerConfigKeys (ConfUtils.java:logGet(46)) - raft.server.log.purge.upto.snapshot.index = false (default)
2022-09-19 13:51:13,893 [pool-164-thread-1] INFO  server.RaftServerConfigKeys (ConfUtils.java:logGet(46)) - raft.server.retrycache.expirytime = 600000ms (custom)
2022-09-19 13:51:13,893 [pool-164-thread-1] INFO  server.RaftServerConfigKeys (ConfUtils.java:logGet(46)) - raft.server.retrycache.statistics.expirytime = 100μs (default)
2022-09-19 13:51:13,895 [pool-164-thread-1] INFO  server.RaftServerConfigKeys (ConfUtils.java:logGet(46)) - raft.server.log.appender.install.snapshot.enabled = false (custom)
2022-09-19 13:51:13,895 [pool-164-thread-1] INFO  server.RaftServerConfigKeys (ConfUtils.java:logGet(46)) - raft.server.threadpool.server.cached = true (default)
2022-09-19 13:51:13,895 [pool-164-thread-1] INFO  server.RaftServerConfigKeys (ConfUtils.java:logGet(46)) - raft.server.threadpool.server.size = 0 (default)
2022-09-19 13:51:13,896 [pool-164-thread-1] INFO  server.RaftServerConfigKeys (ConfUtils.java:logGet(46)) - raft.server.threadpool.client.cached = true (default)
2022-09-19 13:51:13,896 [pool-164-thread-1] INFO  server.RaftServerConfigKeys (ConfUtils.java:logGet(46)) - raft.server.threadpool.client.size = 0 (default)
2022-09-19 13:51:13,896 [pool-164-thread-1] INFO  server.RaftServer$Division (RaftServerImpl.java:start(310)) - 4256c034-9f31-4e1a-90bf-845fd7eceacb@group-BF2FBD2002A0: start as a follower, conf=-1: [4256c034-9f31-4e1a-90bf-845fd7eceacb|rpc:10.1.0.102:33073|dataStream:|priority:0, 62a92705-1dba-44af-aa6f-699c94c5895a|rpc:10.1.0.102:36607|dataStream:|priority:0, 482afb3d-5dff-4b01-b87b-af2a304f0017|rpc:10.1.0.102:43325|dataStream:|priority:1], old=null
2022-09-19 13:51:13,896 [pool-164-thread-1] INFO  server.RaftServer$Division (RaftServerImpl.java:setRole(299)) - 4256c034-9f31-4e1a-90bf-845fd7eceacb@group-BF2FBD2002A0: changes role from      null to FOLLOWER at term 0 for startAsFollower
2022-09-19 13:51:13,896 [pool-164-thread-1] INFO  impl.RoleInfo (RoleInfo.java:updateAndGet(139)) - 4256c034-9f31-4e1a-90bf-845fd7eceacb: start 4256c034-9f31-4e1a-90bf-845fd7eceacb@group-BF2FBD2002A0-FollowerState
2022-09-19 13:51:13,896 [pool-164-thread-1] INFO  util.JmxRegister (JmxRegister.java:tryRegister(44)) - Successfully registered JMX Bean with object name Ratis:service=RaftServer,group=group-BF2FBD2002A0,id=4256c034-9f31-4e1a-90bf-845fd7eceacb
2022-09-19 13:51:13,913 [Command processor thread] INFO  commandhandler.CreatePipelineCommandHandler (CreatePipelineCommandHandler.java:handle(113)) - Created Pipeline RATIS THREE PipelineID=f3716a32-eed7-4bc7-8547-bf2fbd2002a0.
2022-09-19 13:51:13,913 [Command processor thread] INFO  server.RaftServer (RaftServerProxy.java:addNew(96)) - 62a92705-1dba-44af-aa6f-699c94c5895a: addNew group-92D9D7995FE9:[4256c034-9f31-4e1a-90bf-845fd7eceacb|rpc:10.1.0.102:33073|priority:0, 62a92705-1dba-44af-aa6f-699c94c5895a|rpc:10.1.0.102:36607|priority:1, 482afb3d-5dff-4b01-b87b-af2a304f0017|rpc:10.1.0.102:43325|priority:0] returns group-92D9D7995FE9:java.util.concurrent.CompletableFuture@509fbec4[Not completed]
2022-09-19 13:51:13,915 [pool-141-thread-1] INFO  server.RaftServer$Division (RaftServerImpl.java:<init>(190)) - 62a92705-1dba-44af-aa6f-699c94c5895a: new RaftServerImpl for group-92D9D7995FE9:[4256c034-9f31-4e1a-90bf-845fd7eceacb|rpc:10.1.0.102:33073|priority:0, 62a92705-1dba-44af-aa6f-699c94c5895a|rpc:10.1.0.102:36607|priority:1, 482afb3d-5dff-4b01-b87b-af2a304f0017|rpc:10.1.0.102:43325|priority:0] with ContainerStateMachine:uninitialized
2022-09-19 13:51:13,915 [pool-141-thread-1] INFO  server.RaftServerConfigKeys (ConfUtils.java:logGet(46)) - raft.server.rpc.timeout.min = 5s (custom)
2022-09-19 13:51:13,915 [pool-141-thread-1] INFO  server.RaftServerConfigKeys (ConfUtils.java:logGet(46)) - raft.server.rpc.timeout.max = 5200ms (custom)
2022-09-19 13:51:13,915 [pool-141-thread-1] INFO  server.RaftServerConfigKeys (ConfUtils.java:logGet(46)) - raft.server.rpc.sleep.time = 25ms (default)
2022-09-19 13:51:13,915 [pool-141-thread-1] INFO  server.RaftServerConfigKeys (ConfUtils.java:logGet(46)) - raft.server.rpc.slowness.timeout = 300s (custom)
2022-09-19 13:51:13,915 [pool-141-thread-1] INFO  server.RaftServerConfigKeys (ConfUtils.java:logGet(46)) - raft.server.leaderelection.leader.step-down.wait-time = 10s (default)
2022-09-19 13:51:13,915 [pool-141-thread-1] INFO  server.RaftServerConfigKeys (ConfUtils.java:logGet(46)) - raft.server.sleep.deviation.threshold = 300ms (default)
2022-09-19 13:51:13,915 [pool-141-thread-1] INFO  server.RaftServer$Division (ServerState.java:<init>(107)) - 62a92705-1dba-44af-aa6f-699c94c5895a@group-92D9D7995FE9: ConfigurationManager, init=-1: [4256c034-9f31-4e1a-90bf-845fd7eceacb|rpc:10.1.0.102:33073|priority:0, 62a92705-1dba-44af-aa6f-699c94c5895a|rpc:10.1.0.102:36607|priority:1, 482afb3d-5dff-4b01-b87b-af2a304f0017|rpc:10.1.0.102:43325|priority:0], old=null, confs=<EMPTY_MAP>
2022-09-19 13:51:13,915 [pool-141-thread-1] INFO  server.RaftServerConfigKeys (ConfUtils.java:logGet(46)) - raft.server.storage.dir = [/home/runner/work/ozone/ozone/hadoop-ozone/integration-test/target/test-dir/MiniOzoneClusterImpl-dbfde215-b7d4-4534-b4eb-abad1aeb9004/datanode-3/data/ratis] (custom)
2022-09-19 13:51:13,915 [pool-141-thread-1] INFO  server.RaftServerConfigKeys (ConfUtils.java:logGet(46)) - raft.server.log.corruption.policy = EXCEPTION (default)
2022-09-19 13:51:13,916 [pool-141-thread-1] INFO  server.RaftServerConfigKeys (ConfUtils.java:logGet(46)) - raft.server.storage.free-space.min = 0MB (=0) (default)
2022-09-19 13:51:13,916 [pool-141-thread-1] INFO  storage.RaftStorageDirectory (RaftStorageDirectoryImpl.java:analyzeStorage(135)) - The storage directory /home/runner/work/ozone/ozone/hadoop-ozone/integration-test/target/test-dir/MiniOzoneClusterImpl-dbfde215-b7d4-4534-b4eb-abad1aeb9004/datanode-3/data/ratis/1d9f76bf-8606-42a4-b110-92d9d7995fe9 does not exist. Creating ...
2022-09-19 13:51:13,917 [pool-141-thread-1] INFO  storage.RaftStorageDirectory (RaftStorageDirectoryImpl.java:tryLock(230)) - Lock on /home/runner/work/ozone/ozone/hadoop-ozone/integration-test/target/test-dir/MiniOzoneClusterImpl-dbfde215-b7d4-4534-b4eb-abad1aeb9004/datanode-3/data/ratis/1d9f76bf-8606-42a4-b110-92d9d7995fe9/in_use.lock acquired by nodename 83439@fv-az196-500
2022-09-19 13:51:13,918 [pool-141-thread-1] INFO  storage.RaftStorage (RaftStorageImpl.java:format(89)) - Storage directory /home/runner/work/ozone/ozone/hadoop-ozone/integration-test/target/test-dir/MiniOzoneClusterImpl-dbfde215-b7d4-4534-b4eb-abad1aeb9004/datanode-3/data/ratis/1d9f76bf-8606-42a4-b110-92d9d7995fe9 has been successfully formatted.
2022-09-19 13:51:13,918 [pool-141-thread-1] INFO  ratis.ContainerStateMachine (ContainerStateMachine.java:loadSnapshot(236)) - group-92D9D7995FE9: The snapshot info is null. Setting the last applied indexto:(t:0, i:~)
2022-09-19 13:51:13,918 [pool-141-thread-1] INFO  server.RaftServerConfigKeys (ConfUtils.java:logGet(46)) - raft.server.notification.no-leader.timeout = 300s (custom)
2022-09-19 13:51:13,918 [pool-141-thread-1] INFO  server.RaftServerConfigKeys (ConfUtils.java:logGet(46)) - raft.server.log.use.memory = false (default)
2022-09-19 13:51:13,918 [pool-141-thread-1] INFO  server.RaftServerConfigKeys (ConfUtils.java:logGet(46)) - raft.server.log.purge.gap = 1000000 (custom)
2022-09-19 13:51:13,918 [pool-141-thread-1] INFO  server.RaftServerConfigKeys (ConfUtils.java:logGet(46)) - raft.server.log.appender.buffer.byte-limit = 33554432 (custom)
2022-09-19 13:51:13,918 [pool-141-thread-1] INFO  server.RaftServerConfigKeys (ConfUtils.java:logGet(46)) - raft.server.log.statemachine.data.read.timeout = 1000ms (default)
2022-09-19 13:51:13,922 [pool-141-thread-1] INFO  server.RaftServerConfigKeys (ConfUtils.java:logGet(46)) - raft.server.log.segment.size.max = 1048576 (custom)
2022-09-19 13:51:13,922 [pool-141-thread-1] INFO  server.RaftServerConfigKeys (ConfUtils.java:logGet(46)) - raft.server.log.segment.cache.num.max = 2 (custom)
2022-09-19 13:51:13,922 [pool-141-thread-1] INFO  server.RaftServerConfigKeys (ConfUtils.java:logGet(46)) - raft.server.log.segment.cache.size.max = 200MB (=209715200) (default)
2022-09-19 13:51:13,923 [pool-141-thread-1] INFO  segmented.SegmentedRaftLogWorker (SegmentedRaftLogWorker.java:<init>(187)) - new 62a92705-1dba-44af-aa6f-699c94c5895a@group-92D9D7995FE9-SegmentedRaftLogWorker for RaftStorageImpl:Storage Directory /home/runner/work/ozone/ozone/hadoop-ozone/integration-test/target/test-dir/MiniOzoneClusterImpl-dbfde215-b7d4-4534-b4eb-abad1aeb9004/datanode-3/data/ratis/1d9f76bf-8606-42a4-b110-92d9d7995fe9
2022-09-19 13:51:13,923 [pool-141-thread-1] INFO  server.RaftServerConfigKeys (ConfUtils.java:logGet(46)) - raft.server.log.queue.byte-limit = 4294967296 (custom)
2022-09-19 13:51:13,923 [pool-141-thread-1] INFO  server.RaftServerConfigKeys (ConfUtils.java:logGet(46)) - raft.server.log.queue.element-limit = 1024 (custom)
2022-09-19 13:51:13,923 [pool-141-thread-1] INFO  server.RaftServerConfigKeys (ConfUtils.java:logGet(46)) - raft.server.log.segment.size.max = 1048576 (custom)
2022-09-19 13:51:13,923 [pool-141-thread-1] INFO  server.RaftServerConfigKeys (ConfUtils.java:logGet(46)) - raft.server.log.preallocated.size = 16384 (custom)
2022-09-19 13:51:13,923 [pool-141-thread-1] INFO  server.RaftServerConfigKeys (ConfUtils.java:logGet(46)) - raft.server.log.force.sync.num = 128 (default)
2022-09-19 13:51:13,923 [pool-141-thread-1] INFO  server.RaftServerConfigKeys (ConfUtils.java:logGet(46)) - raft.server.log.statemachine.data.sync = true (default)
2022-09-19 13:51:13,923 [pool-141-thread-1] INFO  server.RaftServerConfigKeys (ConfUtils.java:logGet(46)) - raft.server.log.statemachine.data.sync.timeout = 10s (default)
2022-09-19 13:51:13,923 [pool-141-thread-1] INFO  server.RaftServerConfigKeys (ConfUtils.java:logGet(46)) - raft.server.log.statemachine.data.sync.timeout.retry = -1 (default)
2022-09-19 13:51:13,924 [pool-141-thread-1] INFO  server.RaftServerConfigKeys (ConfUtils.java:logGet(46)) - raft.server.log.write.buffer.size = 1048576 (custom)
2022-09-19 13:51:13,924 [pool-141-thread-1] INFO  server.RaftServerConfigKeys (ConfUtils.java:logGet(46)) - raft.server.log.unsafe-flush.enabled = false (default)
2022-09-19 13:51:13,924 [pool-141-thread-1] INFO  server.RaftServerConfigKeys (ConfUtils.java:logGet(46)) - raft.server.log.statemachine.data.caching.enabled = true (custom)
2022-09-19 13:51:13,924 [EventQueue-OpenPipelineForHealthyPipelineSafeModeRule] INFO  safemode.SCMSafeModeManager (HealthyPipelineSafeModeRule.java:process(137)) - SCM in safe mode. Healthy pipelines reported count is 0, required healthy pipeline reported count is 1
2022-09-19 13:51:13,924 [pool-141-thread-1] INFO  segmented.SegmentedRaftLogWorker (SegmentedRaftLogWorker.java:lambda$new$0(135)) - 62a92705-1dba-44af-aa6f-699c94c5895a@group-92D9D7995FE9-SegmentedRaftLogWorker: flushIndex: setUnconditionally 0 -> -1
2022-09-19 13:51:13,924 [pool-141-thread-1] INFO  segmented.SegmentedRaftLogWorker (SegmentedRaftLogWorker.java:lambda$new$0(135)) - 62a92705-1dba-44af-aa6f-699c94c5895a@group-92D9D7995FE9-SegmentedRaftLogWorker: safeCacheEvictIndex: setUnconditionally 0 -> -1
2022-09-19 13:51:13,925 [pool-141-thread-1] INFO  server.RaftServerConfigKeys (ConfUtils.java:logGet(46)) - raft.server.snapshot.auto.trigger.enabled = true (custom)
2022-09-19 13:51:13,928 [pool-141-thread-1] INFO  server.RaftServerConfigKeys (ConfUtils.java:logGet(46)) - raft.server.snapshot.auto.trigger.threshold = 10000 (custom)
2022-09-19 13:51:13,928 [pool-141-thread-1] INFO  server.RaftServerConfigKeys (ConfUtils.java:logGet(46)) - raft.server.snapshot.retention.file.num = 5 (custom)
2022-09-19 13:51:13,928 [pool-141-thread-1] INFO  server.RaftServerConfigKeys (ConfUtils.java:logGet(46)) - raft.server.log.purge.upto.snapshot.index = false (default)
2022-09-19 13:51:13,928 [pool-141-thread-1] INFO  server.RaftServerConfigKeys (ConfUtils.java:logGet(46)) - raft.server.retrycache.expirytime = 600000ms (custom)
2022-09-19 13:51:13,928 [pool-141-thread-1] INFO  server.RaftServerConfigKeys (ConfUtils.java:logGet(46)) - raft.server.retrycache.statistics.expirytime = 100μs (default)
2022-09-19 13:51:13,929 [pool-141-thread-1] INFO  server.RaftServerConfigKeys (ConfUtils.java:logGet(46)) - raft.server.log.appender.install.snapshot.enabled = false (custom)
2022-09-19 13:51:13,930 [pool-141-thread-1] INFO  server.RaftServerConfigKeys (ConfUtils.java:logGet(46)) - raft.server.threadpool.server.cached = true (default)
2022-09-19 13:51:13,930 [pool-141-thread-1] INFO  server.RaftServerConfigKeys (ConfUtils.java:logGet(46)) - raft.server.threadpool.server.size = 0 (default)
2022-09-19 13:51:13,930 [pool-141-thread-1] INFO  server.RaftServerConfigKeys (ConfUtils.java:logGet(46)) - raft.server.threadpool.client.cached = true (default)
2022-09-19 13:51:13,930 [pool-141-thread-1] INFO  server.RaftServerConfigKeys (ConfUtils.java:logGet(46)) - raft.server.threadpool.client.size = 0 (default)
2022-09-19 13:51:13,930 [pool-141-thread-1] INFO  server.RaftServer$Division (RaftServerImpl.java:start(310)) - 62a92705-1dba-44af-aa6f-699c94c5895a@group-92D9D7995FE9: start as a follower, conf=-1: [4256c034-9f31-4e1a-90bf-845fd7eceacb|rpc:10.1.0.102:33073|priority:0, 62a92705-1dba-44af-aa6f-699c94c5895a|rpc:10.1.0.102:36607|priority:1, 482afb3d-5dff-4b01-b87b-af2a304f0017|rpc:10.1.0.102:43325|priority:0], old=null
2022-09-19 13:51:13,930 [pool-141-thread-1] INFO  server.RaftServer$Division (RaftServerImpl.java:setRole(299)) - 62a92705-1dba-44af-aa6f-699c94c5895a@group-92D9D7995FE9: changes role from      null to FOLLOWER at term 0 for startAsFollower
2022-09-19 13:51:13,930 [pool-141-thread-1] INFO  impl.RoleInfo (RoleInfo.java:updateAndGet(139)) - 62a92705-1dba-44af-aa6f-699c94c5895a: start 62a92705-1dba-44af-aa6f-699c94c5895a@group-92D9D7995FE9-FollowerState
2022-09-19 13:51:13,930 [pool-141-thread-1] INFO  util.JmxRegister (JmxRegister.java:tryRegister(44)) - Successfully registered JMX Bean with object name Ratis:service=RaftServer,group=group-92D9D7995FE9,id=62a92705-1dba-44af-aa6f-699c94c5895a
2022-09-19 13:51:13,931 [Command processor thread] INFO  ratis.XceiverServerRatis (XceiverServerRatis.java:addGroup(765)) - Created group PipelineID=1d9f76bf-8606-42a4-b110-92d9d7995fe9
2022-09-19 13:51:13,945 [grpc-default-executor-0] INFO  server.RaftServer (RaftServerProxy.java:addNew(96)) - 4256c034-9f31-4e1a-90bf-845fd7eceacb: addNew group-92D9D7995FE9:[4256c034-9f31-4e1a-90bf-845fd7eceacb|rpc:10.1.0.102:33073|dataStream:|priority:0, 62a92705-1dba-44af-aa6f-699c94c5895a|rpc:10.1.0.102:36607|dataStream:|priority:1, 482afb3d-5dff-4b01-b87b-af2a304f0017|rpc:10.1.0.102:43325|dataStream:|priority:0] returns group-92D9D7995FE9:java.util.concurrent.CompletableFuture@71dd92c9[Not completed]
2022-09-19 13:51:13,947 [pool-164-thread-1] INFO  server.RaftServer$Division (RaftServerImpl.java:<init>(190)) - 4256c034-9f31-4e1a-90bf-845fd7eceacb: new RaftServerImpl for group-92D9D7995FE9:[4256c034-9f31-4e1a-90bf-845fd7eceacb|rpc:10.1.0.102:33073|dataStream:|priority:0, 62a92705-1dba-44af-aa6f-699c94c5895a|rpc:10.1.0.102:36607|dataStream:|priority:1, 482afb3d-5dff-4b01-b87b-af2a304f0017|rpc:10.1.0.102:43325|dataStream:|priority:0] with ContainerStateMachine:uninitialized
2022-09-19 13:51:13,947 [pool-164-thread-1] INFO  server.RaftServerConfigKeys (ConfUtils.java:logGet(46)) - raft.server.rpc.timeout.min = 5s (custom)
2022-09-19 13:51:13,947 [pool-164-thread-1] INFO  server.RaftServerConfigKeys (ConfUtils.java:logGet(46)) - raft.server.rpc.timeout.max = 5200ms (custom)
2022-09-19 13:51:13,947 [pool-164-thread-1] INFO  server.RaftServerConfigKeys (ConfUtils.java:logGet(46)) - raft.server.rpc.sleep.time = 25ms (default)
2022-09-19 13:51:13,947 [pool-164-thread-1] INFO  server.RaftServerConfigKeys (ConfUtils.java:logGet(46)) - raft.server.rpc.slowness.timeout = 300s (custom)
2022-09-19 13:51:13,947 [pool-164-thread-1] INFO  server.RaftServerConfigKeys (ConfUtils.java:logGet(46)) - raft.server.leaderelection.leader.step-down.wait-time = 10s (default)
2022-09-19 13:51:13,947 [pool-164-thread-1] INFO  server.RaftServerConfigKeys (ConfUtils.java:logGet(46)) - raft.server.sleep.deviation.threshold = 300ms (default)
2022-09-19 13:51:13,947 [pool-164-thread-1] INFO  server.RaftServer$Division (ServerState.java:<init>(107)) - 4256c034-9f31-4e1a-90bf-845fd7eceacb@group-92D9D7995FE9: ConfigurationManager, init=-1: [4256c034-9f31-4e1a-90bf-845fd7eceacb|rpc:10.1.0.102:33073|dataStream:|priority:0, 62a92705-1dba-44af-aa6f-699c94c5895a|rpc:10.1.0.102:36607|dataStream:|priority:1, 482afb3d-5dff-4b01-b87b-af2a304f0017|rpc:10.1.0.102:43325|dataStream:|priority:0], old=null, confs=<EMPTY_MAP>
2022-09-19 13:51:13,947 [pool-164-thread-1] INFO  server.RaftServerConfigKeys (ConfUtils.java:logGet(46)) - raft.server.storage.dir = [/home/runner/work/ozone/ozone/hadoop-ozone/integration-test/target/test-dir/MiniOzoneClusterImpl-dbfde215-b7d4-4534-b4eb-abad1aeb9004/datanode-4/data/ratis] (custom)
2022-09-19 13:51:13,947 [pool-164-thread-1] INFO  server.RaftServerConfigKeys (ConfUtils.java:logGet(46)) - raft.server.log.corruption.policy = EXCEPTION (default)
2022-09-19 13:51:13,947 [pool-164-thread-1] INFO  server.RaftServerConfigKeys (ConfUtils.java:logGet(46)) - raft.server.storage.free-space.min = 0MB (=0) (default)
2022-09-19 13:51:13,947 [pool-164-thread-1] INFO  storage.RaftStorageDirectory (RaftStorageDirectoryImpl.java:analyzeStorage(135)) - The storage directory /home/runner/work/ozone/ozone/hadoop-ozone/integration-test/target/test-dir/MiniOzoneClusterImpl-dbfde215-b7d4-4534-b4eb-abad1aeb9004/datanode-4/data/ratis/1d9f76bf-8606-42a4-b110-92d9d7995fe9 does not exist. Creating ...
2022-09-19 13:51:13,948 [pool-164-thread-1] INFO  storage.RaftStorageDirectory (RaftStorageDirectoryImpl.java:tryLock(230)) - Lock on /home/runner/work/ozone/ozone/hadoop-ozone/integration-test/target/test-dir/MiniOzoneClusterImpl-dbfde215-b7d4-4534-b4eb-abad1aeb9004/datanode-4/data/ratis/1d9f76bf-8606-42a4-b110-92d9d7995fe9/in_use.lock acquired by nodename 83439@fv-az196-500
2022-09-19 13:51:13,949 [pool-164-thread-1] INFO  storage.RaftStorage (RaftStorageImpl.java:format(89)) - Storage directory /home/runner/work/ozone/ozone/hadoop-ozone/integration-test/target/test-dir/MiniOzoneClusterImpl-dbfde215-b7d4-4534-b4eb-abad1aeb9004/datanode-4/data/ratis/1d9f76bf-8606-42a4-b110-92d9d7995fe9 has been successfully formatted.
2022-09-19 13:51:13,950 [pool-164-thread-1] INFO  ratis.ContainerStateMachine (ContainerStateMachine.java:loadSnapshot(236)) - group-92D9D7995FE9: The snapshot info is null. Setting the last applied indexto:(t:0, i:~)
2022-09-19 13:51:13,950 [pool-164-thread-1] INFO  server.RaftServerConfigKeys (ConfUtils.java:logGet(46)) - raft.server.notification.no-leader.timeout = 300s (custom)
2022-09-19 13:51:13,950 [pool-164-thread-1] INFO  server.RaftServerConfigKeys (ConfUtils.java:logGet(46)) - raft.server.log.use.memory = false (default)
2022-09-19 13:51:13,950 [pool-164-thread-1] INFO  server.RaftServerConfigKeys (ConfUtils.java:logGet(46)) - raft.server.log.purge.gap = 1000000 (custom)
2022-09-19 13:51:13,950 [pool-164-thread-1] INFO  server.RaftServerConfigKeys (ConfUtils.java:logGet(46)) - raft.server.log.appender.buffer.byte-limit = 33554432 (custom)
2022-09-19 13:51:13,950 [pool-164-thread-1] INFO  server.RaftServerConfigKeys (ConfUtils.java:logGet(46)) - raft.server.log.statemachine.data.read.timeout = 1000ms (default)
2022-09-19 13:51:13,950 [pool-164-thread-1] INFO  server.RaftServerConfigKeys (ConfUtils.java:logGet(46)) - raft.server.log.segment.size.max = 1048576 (custom)
2022-09-19 13:51:13,953 [pool-164-thread-1] INFO  server.RaftServerConfigKeys (ConfUtils.java:logGet(46)) - raft.server.log.segment.cache.num.max = 2 (custom)
2022-09-19 13:51:13,953 [pool-164-thread-1] INFO  server.RaftServerConfigKeys (ConfUtils.java:logGet(46)) - raft.server.log.segment.cache.size.max = 200MB (=209715200) (default)
2022-09-19 13:51:13,953 [pool-164-thread-1] INFO  segmented.SegmentedRaftLogWorker (SegmentedRaftLogWorker.java:<init>(187)) - new 4256c034-9f31-4e1a-90bf-845fd7eceacb@group-92D9D7995FE9-SegmentedRaftLogWorker for RaftStorageImpl:Storage Directory /home/runner/work/ozone/ozone/hadoop-ozone/integration-test/target/test-dir/MiniOzoneClusterImpl-dbfde215-b7d4-4534-b4eb-abad1aeb9004/datanode-4/data/ratis/1d9f76bf-8606-42a4-b110-92d9d7995fe9
2022-09-19 13:51:13,953 [pool-164-thread-1] INFO  server.RaftServerConfigKeys (ConfUtils.java:logGet(46)) - raft.server.log.queue.byte-limit = 4294967296 (custom)
2022-09-19 13:51:13,955 [pool-164-thread-1] INFO  server.RaftServerConfigKeys (ConfUtils.java:logGet(46)) - raft.server.log.queue.element-limit = 1024 (custom)
2022-09-19 13:51:13,955 [pool-164-thread-1] INFO  server.RaftServerConfigKeys (ConfUtils.java:logGet(46)) - raft.server.log.segment.size.max = 1048576 (custom)
2022-09-19 13:51:13,955 [pool-164-thread-1] INFO  server.RaftServerConfigKeys (ConfUtils.java:logGet(46)) - raft.server.log.preallocated.size = 16384 (custom)
2022-09-19 13:51:13,955 [pool-164-thread-1] INFO  server.RaftServerConfigKeys (ConfUtils.java:logGet(46)) - raft.server.log.force.sync.num = 128 (default)
2022-09-19 13:51:13,955 [pool-164-thread-1] INFO  server.RaftServerConfigKeys (ConfUtils.java:logGet(46)) - raft.server.log.statemachine.data.sync = true (default)
2022-09-19 13:51:13,955 [pool-164-thread-1] INFO  server.RaftServerConfigKeys (ConfUtils.java:logGet(46)) - raft.server.log.statemachine.data.sync.timeout = 10s (default)
2022-09-19 13:51:13,955 [pool-164-thread-1] INFO  server.RaftServerConfigKeys (ConfUtils.java:logGet(46)) - raft.server.log.statemachine.data.sync.timeout.retry = -1 (default)
2022-09-19 13:51:13,956 [pool-164-thread-1] INFO  server.RaftServerConfigKeys (ConfUtils.java:logGet(46)) - raft.server.log.write.buffer.size = 1048576 (custom)
2022-09-19 13:51:13,956 [pool-164-thread-1] INFO  server.RaftServerConfigKeys (ConfUtils.java:logGet(46)) - raft.server.log.unsafe-flush.enabled = false (default)
2022-09-19 13:51:13,956 [pool-164-thread-1] INFO  server.RaftServerConfigKeys (ConfUtils.java:logGet(46)) - raft.server.log.statemachine.data.caching.enabled = true (custom)
2022-09-19 13:51:13,956 [pool-164-thread-1] INFO  segmented.SegmentedRaftLogWorker (SegmentedRaftLogWorker.java:lambda$new$0(135)) - 4256c034-9f31-4e1a-90bf-845fd7eceacb@group-92D9D7995FE9-SegmentedRaftLogWorker: flushIndex: setUnconditionally 0 -> -1
2022-09-19 13:51:13,956 [pool-164-thread-1] INFO  segmented.SegmentedRaftLogWorker (SegmentedRaftLogWorker.java:lambda$new$0(135)) - 4256c034-9f31-4e1a-90bf-845fd7eceacb@group-92D9D7995FE9-SegmentedRaftLogWorker: safeCacheEvictIndex: setUnconditionally 0 -> -1
2022-09-19 13:51:13,957 [pool-164-thread-1] INFO  server.RaftServerConfigKeys (ConfUtils.java:logGet(46)) - raft.server.snapshot.auto.trigger.enabled = true (custom)
2022-09-19 13:51:13,957 [pool-164-thread-1] INFO  server.RaftServerConfigKeys (ConfUtils.java:logGet(46)) - raft.server.snapshot.auto.trigger.threshold = 10000 (custom)
2022-09-19 13:51:13,957 [pool-164-thread-1] INFO  server.RaftServerConfigKeys (ConfUtils.java:logGet(46)) - raft.server.snapshot.retention.file.num = 5 (custom)
2022-09-19 13:51:13,957 [pool-164-thread-1] INFO  server.RaftServerConfigKeys (ConfUtils.java:logGet(46)) - raft.server.log.purge.upto.snapshot.index = false (default)
2022-09-19 13:51:13,958 [pool-164-thread-1] INFO  server.RaftServerConfigKeys (ConfUtils.java:logGet(46)) - raft.server.retrycache.expirytime = 600000ms (custom)
2022-09-19 13:51:13,958 [pool-164-thread-1] INFO  server.RaftServerConfigKeys (ConfUtils.java:logGet(46)) - raft.server.retrycache.statistics.expirytime = 100μs (default)
2022-09-19 13:51:13,961 [pool-164-thread-1] INFO  server.RaftServerConfigKeys (ConfUtils.java:logGet(46)) - raft.server.log.appender.install.snapshot.enabled = false (custom)
2022-09-19 13:51:13,961 [pool-164-thread-1] INFO  server.RaftServerConfigKeys (ConfUtils.java:logGet(46)) - raft.server.threadpool.server.cached = true (default)
2022-09-19 13:51:13,961 [pool-164-thread-1] INFO  server.RaftServerConfigKeys (ConfUtils.java:logGet(46)) - raft.server.threadpool.server.size = 0 (default)
2022-09-19 13:51:13,961 [pool-164-thread-1] INFO  server.RaftServerConfigKeys (ConfUtils.java:logGet(46)) - raft.server.threadpool.client.cached = true (default)
2022-09-19 13:51:13,961 [pool-164-thread-1] INFO  server.RaftServerConfigKeys (ConfUtils.java:logGet(46)) - raft.server.threadpool.client.size = 0 (default)
2022-09-19 13:51:13,963 [pool-164-thread-1] INFO  server.RaftServer$Division (RaftServerImpl.java:start(310)) - 4256c034-9f31-4e1a-90bf-845fd7eceacb@group-92D9D7995FE9: start as a follower, conf=-1: [4256c034-9f31-4e1a-90bf-845fd7eceacb|rpc:10.1.0.102:33073|dataStream:|priority:0, 62a92705-1dba-44af-aa6f-699c94c5895a|rpc:10.1.0.102:36607|dataStream:|priority:1, 482afb3d-5dff-4b01-b87b-af2a304f0017|rpc:10.1.0.102:43325|dataStream:|priority:0], old=null
2022-09-19 13:51:13,964 [pool-164-thread-1] INFO  server.RaftServer$Division (RaftServerImpl.java:setRole(299)) - 4256c034-9f31-4e1a-90bf-845fd7eceacb@group-92D9D7995FE9: changes role from      null to FOLLOWER at term 0 for startAsFollower
2022-09-19 13:51:13,964 [pool-164-thread-1] INFO  impl.RoleInfo (RoleInfo.java:updateAndGet(139)) - 4256c034-9f31-4e1a-90bf-845fd7eceacb: start 4256c034-9f31-4e1a-90bf-845fd7eceacb@group-92D9D7995FE9-FollowerState
2022-09-19 13:51:13,965 [pool-164-thread-1] INFO  util.JmxRegister (JmxRegister.java:tryRegister(44)) - Successfully registered JMX Bean with object name Ratis:service=RaftServer,group=group-92D9D7995FE9,id=4256c034-9f31-4e1a-90bf-845fd7eceacb
2022-09-19 13:51:13,985 [grpc-default-executor-0] INFO  server.RaftServer (RaftServerProxy.java:addNew(96)) - 482afb3d-5dff-4b01-b87b-af2a304f0017: addNew group-92D9D7995FE9:[4256c034-9f31-4e1a-90bf-845fd7eceacb|rpc:10.1.0.102:33073|dataStream:|priority:0, 62a92705-1dba-44af-aa6f-699c94c5895a|rpc:10.1.0.102:36607|dataStream:|priority:1, 482afb3d-5dff-4b01-b87b-af2a304f0017|rpc:10.1.0.102:43325|dataStream:|priority:0] returns group-92D9D7995FE9:java.util.concurrent.CompletableFuture@7499c22f[Not completed]
2022-09-19 13:51:13,986 [pool-187-thread-1] INFO  server.RaftServer$Division (RaftServerImpl.java:<init>(190)) - 482afb3d-5dff-4b01-b87b-af2a304f0017: new RaftServerImpl for group-92D9D7995FE9:[4256c034-9f31-4e1a-90bf-845fd7eceacb|rpc:10.1.0.102:33073|dataStream:|priority:0, 62a92705-1dba-44af-aa6f-699c94c5895a|rpc:10.1.0.102:36607|dataStream:|priority:1, 482afb3d-5dff-4b01-b87b-af2a304f0017|rpc:10.1.0.102:43325|dataStream:|priority:0] with ContainerStateMachine:uninitialized
2022-09-19 13:51:13,986 [pool-187-thread-1] INFO  server.RaftServerConfigKeys (ConfUtils.java:logGet(46)) - raft.server.rpc.timeout.min = 5s (custom)
2022-09-19 13:51:13,986 [pool-187-thread-1] INFO  server.RaftServerConfigKeys (ConfUtils.java:logGet(46)) - raft.server.rpc.timeout.max = 5200ms (custom)
2022-09-19 13:51:13,986 [pool-187-thread-1] INFO  server.RaftServerConfigKeys (ConfUtils.java:logGet(46)) - raft.server.rpc.sleep.time = 25ms (default)
2022-09-19 13:51:13,986 [pool-187-thread-1] INFO  server.RaftServerConfigKeys (ConfUtils.java:logGet(46)) - raft.server.rpc.slowness.timeout = 300s (custom)
2022-09-19 13:51:13,986 [pool-187-thread-1] INFO  server.RaftServerConfigKeys (ConfUtils.java:logGet(46)) - raft.server.leaderelection.leader.step-down.wait-time = 10s (default)
2022-09-19 13:51:13,986 [pool-187-thread-1] INFO  server.RaftServerConfigKeys (ConfUtils.java:logGet(46)) - raft.server.sleep.deviation.threshold = 300ms (default)
2022-09-19 13:51:13,986 [pool-187-thread-1] INFO  server.RaftServer$Division (ServerState.java:<init>(107)) - 482afb3d-5dff-4b01-b87b-af2a304f0017@group-92D9D7995FE9: ConfigurationManager, init=-1: [4256c034-9f31-4e1a-90bf-845fd7eceacb|rpc:10.1.0.102:33073|dataStream:|priority:0, 62a92705-1dba-44af-aa6f-699c94c5895a|rpc:10.1.0.102:36607|dataStream:|priority:1, 482afb3d-5dff-4b01-b87b-af2a304f0017|rpc:10.1.0.102:43325|dataStream:|priority:0], old=null, confs=<EMPTY_MAP>
2022-09-19 13:51:13,986 [pool-187-thread-1] INFO  server.RaftServerConfigKeys (ConfUtils.java:logGet(46)) - raft.server.storage.dir = [/home/runner/work/ozone/ozone/hadoop-ozone/integration-test/target/test-dir/MiniOzoneClusterImpl-dbfde215-b7d4-4534-b4eb-abad1aeb9004/datanode-5/data/ratis] (custom)
2022-09-19 13:51:13,987 [pool-187-thread-1] INFO  server.RaftServerConfigKeys (ConfUtils.java:logGet(46)) - raft.server.log.corruption.policy = EXCEPTION (default)
2022-09-19 13:51:13,987 [pool-187-thread-1] INFO  server.RaftServerConfigKeys (ConfUtils.java:logGet(46)) - raft.server.storage.free-space.min = 0MB (=0) (default)
2022-09-19 13:51:13,987 [pool-187-thread-1] INFO  storage.RaftStorageDirectory (RaftStorageDirectoryImpl.java:analyzeStorage(135)) - The storage directory /home/runner/work/ozone/ozone/hadoop-ozone/integration-test/target/test-dir/MiniOzoneClusterImpl-dbfde215-b7d4-4534-b4eb-abad1aeb9004/datanode-5/data/ratis/1d9f76bf-8606-42a4-b110-92d9d7995fe9 does not exist. Creating ...
2022-09-19 13:51:13,989 [pool-187-thread-1] INFO  storage.RaftStorageDirectory (RaftStorageDirectoryImpl.java:tryLock(230)) - Lock on /home/runner/work/ozone/ozone/hadoop-ozone/integration-test/target/test-dir/MiniOzoneClusterImpl-dbfde215-b7d4-4534-b4eb-abad1aeb9004/datanode-5/data/ratis/1d9f76bf-8606-42a4-b110-92d9d7995fe9/in_use.lock acquired by nodename 83439@fv-az196-500
2022-09-19 13:51:13,990 [pool-187-thread-1] INFO  storage.RaftStorage (RaftStorageImpl.java:format(89)) - Storage directory /home/runner/work/ozone/ozone/hadoop-ozone/integration-test/target/test-dir/MiniOzoneClusterImpl-dbfde215-b7d4-4534-b4eb-abad1aeb9004/datanode-5/data/ratis/1d9f76bf-8606-42a4-b110-92d9d7995fe9 has been successfully formatted.
2022-09-19 13:51:13,991 [pool-187-thread-1] INFO  ratis.ContainerStateMachine (ContainerStateMachine.java:loadSnapshot(236)) - group-92D9D7995FE9: The snapshot info is null. Setting the last applied indexto:(t:0, i:~)
2022-09-19 13:51:13,992 [pool-187-thread-1] INFO  server.RaftServerConfigKeys (ConfUtils.java:logGet(46)) - raft.server.notification.no-leader.timeout = 300s (custom)
2022-09-19 13:51:13,993 [pool-187-thread-1] INFO  server.RaftServerConfigKeys (ConfUtils.java:logGet(46)) - raft.server.log.use.memory = false (default)
2022-09-19 13:51:13,993 [pool-187-thread-1] INFO  server.RaftServerConfigKeys (ConfUtils.java:logGet(46)) - raft.server.log.purge.gap = 1000000 (custom)
2022-09-19 13:51:13,993 [pool-187-thread-1] INFO  server.RaftServerConfigKeys (ConfUtils.java:logGet(46)) - raft.server.log.appender.buffer.byte-limit = 33554432 (custom)
2022-09-19 13:51:13,993 [pool-187-thread-1] INFO  server.RaftServerConfigKeys (ConfUtils.java:logGet(46)) - raft.server.log.statemachine.data.read.timeout = 1000ms (default)
2022-09-19 13:51:13,993 [pool-187-thread-1] INFO  server.RaftServerConfigKeys (ConfUtils.java:logGet(46)) - raft.server.log.segment.size.max = 1048576 (custom)
2022-09-19 13:51:13,994 [pool-187-thread-1] INFO  server.RaftServerConfigKeys (ConfUtils.java:logGet(46)) - raft.server.log.segment.cache.num.max = 2 (custom)
2022-09-19 13:51:13,994 [pool-187-thread-1] INFO  server.RaftServerConfigKeys (ConfUtils.java:logGet(46)) - raft.server.log.segment.cache.size.max = 200MB (=209715200) (default)
2022-09-19 13:51:13,994 [pool-187-thread-1] INFO  segmented.SegmentedRaftLogWorker (SegmentedRaftLogWorker.java:<init>(187)) - new 482afb3d-5dff-4b01-b87b-af2a304f0017@group-92D9D7995FE9-SegmentedRaftLogWorker for RaftStorageImpl:Storage Directory /home/runner/work/ozone/ozone/hadoop-ozone/integration-test/target/test-dir/MiniOzoneClusterImpl-dbfde215-b7d4-4534-b4eb-abad1aeb9004/datanode-5/data/ratis/1d9f76bf-8606-42a4-b110-92d9d7995fe9
2022-09-19 13:51:13,994 [pool-187-thread-1] INFO  server.RaftServerConfigKeys (ConfUtils.java:logGet(46)) - raft.server.log.queue.byte-limit = 4294967296 (custom)
2022-09-19 13:51:13,994 [pool-187-thread-1] INFO  server.RaftServerConfigKeys (ConfUtils.java:logGet(46)) - raft.server.log.queue.element-limit = 1024 (custom)
2022-09-19 13:51:13,994 [pool-187-thread-1] INFO  server.RaftServerConfigKeys (ConfUtils.java:logGet(46)) - raft.server.log.segment.size.max = 1048576 (custom)
2022-09-19 13:51:13,994 [pool-187-thread-1] INFO  server.RaftServerConfigKeys (ConfUtils.java:logGet(46)) - raft.server.log.preallocated.size = 16384 (custom)
2022-09-19 13:51:13,994 [pool-187-thread-1] INFO  server.RaftServerConfigKeys (ConfUtils.java:logGet(46)) - raft.server.log.force.sync.num = 128 (default)
2022-09-19 13:51:13,994 [pool-187-thread-1] INFO  server.RaftServerConfigKeys (ConfUtils.java:logGet(46)) - raft.server.log.statemachine.data.sync = true (default)
2022-09-19 13:51:13,994 [pool-187-thread-1] INFO  server.RaftServerConfigKeys (ConfUtils.java:logGet(46)) - raft.server.log.statemachine.data.sync.timeout = 10s (default)
2022-09-19 13:51:13,994 [pool-187-thread-1] INFO  server.RaftServerConfigKeys (ConfUtils.java:logGet(46)) - raft.server.log.statemachine.data.sync.timeout.retry = -1 (default)
2022-09-19 13:51:13,995 [pool-187-thread-1] INFO  server.RaftServerConfigKeys (ConfUtils.java:logGet(46)) - raft.server.log.write.buffer.size = 1048576 (custom)
2022-09-19 13:51:13,996 [pool-187-thread-1] INFO  server.RaftServerConfigKeys (ConfUtils.java:logGet(46)) - raft.server.log.unsafe-flush.enabled = false (default)
2022-09-19 13:51:13,996 [pool-187-thread-1] INFO  server.RaftServerConfigKeys (ConfUtils.java:logGet(46)) - raft.server.log.statemachine.data.caching.enabled = true (custom)
2022-09-19 13:51:13,996 [pool-187-thread-1] INFO  segmented.SegmentedRaftLogWorker (SegmentedRaftLogWorker.java:lambda$new$0(135)) - 482afb3d-5dff-4b01-b87b-af2a304f0017@group-92D9D7995FE9-SegmentedRaftLogWorker: flushIndex: setUnconditionally 0 -> -1
2022-09-19 13:51:13,996 [pool-187-thread-1] INFO  segmented.SegmentedRaftLogWorker (SegmentedRaftLogWorker.java:lambda$new$0(135)) - 482afb3d-5dff-4b01-b87b-af2a304f0017@group-92D9D7995FE9-SegmentedRaftLogWorker: safeCacheEvictIndex: setUnconditionally 0 -> -1
2022-09-19 13:51:14,001 [pool-187-thread-1] INFO  server.RaftServerConfigKeys (ConfUtils.java:logGet(46)) - raft.server.snapshot.auto.trigger.enabled = true (custom)
2022-09-19 13:51:14,001 [pool-187-thread-1] INFO  server.RaftServerConfigKeys (ConfUtils.java:logGet(46)) - raft.server.snapshot.auto.trigger.threshold = 10000 (custom)
2022-09-19 13:51:14,001 [pool-187-thread-1] INFO  server.RaftServerConfigKeys (ConfUtils.java:logGet(46)) - raft.server.snapshot.retention.file.num = 5 (custom)
2022-09-19 13:51:14,001 [pool-187-thread-1] INFO  server.RaftServerConfigKeys (ConfUtils.java:logGet(46)) - raft.server.log.purge.upto.snapshot.index = false (default)
2022-09-19 13:51:14,002 [pool-187-thread-1] INFO  server.RaftServerConfigKeys (ConfUtils.java:logGet(46)) - raft.server.retrycache.expirytime = 600000ms (custom)
2022-09-19 13:51:14,002 [pool-187-thread-1] INFO  server.RaftServerConfigKeys (ConfUtils.java:logGet(46)) - raft.server.retrycache.statistics.expirytime = 100μs (default)
2022-09-19 13:51:14,002 [pool-187-thread-1] INFO  server.RaftServerConfigKeys (ConfUtils.java:logGet(46)) - raft.server.log.appender.install.snapshot.enabled = false (custom)
2022-09-19 13:51:14,003 [pool-187-thread-1] INFO  server.RaftServerConfigKeys (ConfUtils.java:logGet(46)) - raft.server.threadpool.server.cached = true (default)
2022-09-19 13:51:14,003 [pool-187-thread-1] INFO  server.RaftServerConfigKeys (ConfUtils.java:logGet(46)) - raft.server.threadpool.server.size = 0 (default)
2022-09-19 13:51:14,003 [pool-187-thread-1] INFO  server.RaftServerConfigKeys (ConfUtils.java:logGet(46)) - raft.server.threadpool.client.cached = true (default)
2022-09-19 13:51:14,003 [pool-187-thread-1] INFO  server.RaftServerConfigKeys (ConfUtils.java:logGet(46)) - raft.server.threadpool.client.size = 0 (default)
2022-09-19 13:51:14,003 [pool-187-thread-1] INFO  server.RaftServer$Division (RaftServerImpl.java:start(310)) - 482afb3d-5dff-4b01-b87b-af2a304f0017@group-92D9D7995FE9: start as a follower, conf=-1: [4256c034-9f31-4e1a-90bf-845fd7eceacb|rpc:10.1.0.102:33073|dataStream:|priority:0, 62a92705-1dba-44af-aa6f-699c94c5895a|rpc:10.1.0.102:36607|dataStream:|priority:1, 482afb3d-5dff-4b01-b87b-af2a304f0017|rpc:10.1.0.102:43325|dataStream:|priority:0], old=null
2022-09-19 13:51:14,003 [pool-187-thread-1] INFO  server.RaftServer$Division (RaftServerImpl.java:setRole(299)) - 482afb3d-5dff-4b01-b87b-af2a304f0017@group-92D9D7995FE9: changes role from      null to FOLLOWER at term 0 for startAsFollower
2022-09-19 13:51:14,003 [pool-187-thread-1] INFO  impl.RoleInfo (RoleInfo.java:updateAndGet(139)) - 482afb3d-5dff-4b01-b87b-af2a304f0017: start 482afb3d-5dff-4b01-b87b-af2a304f0017@group-92D9D7995FE9-FollowerState
2022-09-19 13:51:14,005 [pool-187-thread-1] INFO  util.JmxRegister (JmxRegister.java:tryRegister(44)) - Successfully registered JMX Bean with object name Ratis:service=RaftServer,group=group-92D9D7995FE9,id=482afb3d-5dff-4b01-b87b-af2a304f0017
2022-09-19 13:51:14,014 [Command processor thread] INFO  commandhandler.CreatePipelineCommandHandler (CreatePipelineCommandHandler.java:handle(113)) - Created Pipeline RATIS THREE PipelineID=1d9f76bf-8606-42a4-b110-92d9d7995fe9.
2022-09-19 13:51:14,099 [Command processor thread] INFO  server.RaftServer (RaftServerProxy.java:addNew(96)) - 4256c034-9f31-4e1a-90bf-845fd7eceacb: addNew group-57E71FD1F2AA:[4256c034-9f31-4e1a-90bf-845fd7eceacb|rpc:10.1.0.102:33073|priority:1] returns group-57E71FD1F2AA:java.util.concurrent.CompletableFuture@59007321[Not completed]
2022-09-19 13:51:14,101 [pool-164-thread-1] INFO  server.RaftServer$Division (RaftServerImpl.java:<init>(190)) - 4256c034-9f31-4e1a-90bf-845fd7eceacb: new RaftServerImpl for group-57E71FD1F2AA:[4256c034-9f31-4e1a-90bf-845fd7eceacb|rpc:10.1.0.102:33073|priority:1] with ContainerStateMachine:uninitialized
2022-09-19 13:51:14,101 [pool-164-thread-1] INFO  server.RaftServerConfigKeys (ConfUtils.java:logGet(46)) - raft.server.rpc.timeout.min = 5s (custom)
2022-09-19 13:51:14,101 [pool-164-thread-1] INFO  server.RaftServerConfigKeys (ConfUtils.java:logGet(46)) - raft.server.rpc.timeout.max = 5200ms (custom)
2022-09-19 13:51:14,101 [pool-164-thread-1] INFO  server.RaftServerConfigKeys (ConfUtils.java:logGet(46)) - raft.server.rpc.sleep.time = 25ms (default)
2022-09-19 13:51:14,101 [pool-164-thread-1] INFO  server.RaftServerConfigKeys (ConfUtils.java:logGet(46)) - raft.server.rpc.slowness.timeout = 300s (custom)
2022-09-19 13:51:14,101 [pool-164-thread-1] INFO  server.RaftServerConfigKeys (ConfUtils.java:logGet(46)) - raft.server.leaderelection.leader.step-down.wait-time = 10s (default)
2022-09-19 13:51:14,101 [pool-164-thread-1] INFO  server.RaftServerConfigKeys (ConfUtils.java:logGet(46)) - raft.server.sleep.deviation.threshold = 300ms (default)
2022-09-19 13:51:14,101 [pool-164-thread-1] INFO  server.RaftServer$Division (ServerState.java:<init>(107)) - 4256c034-9f31-4e1a-90bf-845fd7eceacb@group-57E71FD1F2AA: ConfigurationManager, init=-1: [4256c034-9f31-4e1a-90bf-845fd7eceacb|rpc:10.1.0.102:33073|priority:1], old=null, confs=<EMPTY_MAP>
2022-09-19 13:51:14,101 [pool-164-thread-1] INFO  server.RaftServerConfigKeys (ConfUtils.java:logGet(46)) - raft.server.storage.dir = [/home/runner/work/ozone/ozone/hadoop-ozone/integration-test/target/test-dir/MiniOzoneClusterImpl-dbfde215-b7d4-4534-b4eb-abad1aeb9004/datanode-4/data/ratis] (custom)
2022-09-19 13:51:14,102 [pool-164-thread-1] INFO  server.RaftServerConfigKeys (ConfUtils.java:logGet(46)) - raft.server.log.corruption.policy = EXCEPTION (default)
2022-09-19 13:51:14,102 [pool-164-thread-1] INFO  server.RaftServerConfigKeys (ConfUtils.java:logGet(46)) - raft.server.storage.free-space.min = 0MB (=0) (default)
2022-09-19 13:51:14,102 [pool-164-thread-1] INFO  storage.RaftStorageDirectory (RaftStorageDirectoryImpl.java:analyzeStorage(135)) - The storage directory /home/runner/work/ozone/ozone/hadoop-ozone/integration-test/target/test-dir/MiniOzoneClusterImpl-dbfde215-b7d4-4534-b4eb-abad1aeb9004/datanode-4/data/ratis/55bf502b-23be-4d6a-9950-57e71fd1f2aa does not exist. Creating ...
2022-09-19 13:51:14,103 [pool-164-thread-1] INFO  storage.RaftStorageDirectory (RaftStorageDirectoryImpl.java:tryLock(230)) - Lock on /home/runner/work/ozone/ozone/hadoop-ozone/integration-test/target/test-dir/MiniOzoneClusterImpl-dbfde215-b7d4-4534-b4eb-abad1aeb9004/datanode-4/data/ratis/55bf502b-23be-4d6a-9950-57e71fd1f2aa/in_use.lock acquired by nodename 83439@fv-az196-500
2022-09-19 13:51:14,104 [pool-164-thread-1] INFO  storage.RaftStorage (RaftStorageImpl.java:format(89)) - Storage directory /home/runner/work/ozone/ozone/hadoop-ozone/integration-test/target/test-dir/MiniOzoneClusterImpl-dbfde215-b7d4-4534-b4eb-abad1aeb9004/datanode-4/data/ratis/55bf502b-23be-4d6a-9950-57e71fd1f2aa has been successfully formatted.
2022-09-19 13:51:14,104 [pool-164-thread-1] INFO  ratis.ContainerStateMachine (ContainerStateMachine.java:loadSnapshot(236)) - group-57E71FD1F2AA: The snapshot info is null. Setting the last applied indexto:(t:0, i:~)
2022-09-19 13:51:14,104 [pool-164-thread-1] INFO  server.RaftServerConfigKeys (ConfUtils.java:logGet(46)) - raft.server.notification.no-leader.timeout = 300s (custom)
2022-09-19 13:51:14,105 [pool-164-thread-1] INFO  server.RaftServerConfigKeys (ConfUtils.java:logGet(46)) - raft.server.log.use.memory = false (default)
2022-09-19 13:51:14,105 [pool-164-thread-1] INFO  server.RaftServerConfigKeys (ConfUtils.java:logGet(46)) - raft.server.log.purge.gap = 1000000 (custom)
2022-09-19 13:51:14,105 [pool-164-thread-1] INFO  server.RaftServerConfigKeys (ConfUtils.java:logGet(46)) - raft.server.log.appender.buffer.byte-limit = 33554432 (custom)
2022-09-19 13:51:14,105 [pool-164-thread-1] INFO  server.RaftServerConfigKeys (ConfUtils.java:logGet(46)) - raft.server.log.statemachine.data.read.timeout = 1000ms (default)
2022-09-19 13:51:14,105 [pool-164-thread-1] INFO  server.RaftServerConfigKeys (ConfUtils.java:logGet(46)) - raft.server.log.segment.size.max = 1048576 (custom)
2022-09-19 13:51:14,106 [EventQueue-PipelineReportForPipelineReportHandler] INFO  pipeline.PipelineManagerImpl (PipelineManagerImpl.java:openPipeline(367)) - Pipeline Pipeline[ Id: 55bf502b-23be-4d6a-9950-57e71fd1f2aa, Nodes: 4256c034-9f31-4e1a-90bf-845fd7eceacb{ip: 10.1.0.102, host: fv-az196-500.jtpmctcvnzqejnuy0st5dkw3nb.bx.internal.cloudapp.net, ports: [REPLICATION=42219, RATIS=33073, RATIS_ADMIN=33073, RATIS_SERVER=33073, STANDALONE=45125], networkLocation: /default-rack, certSerialId: null, persistedOpState: IN_SERVICE, persistedOpStateExpiryEpochSec: 0}, ReplicationConfig: RATIS/ONE, State:ALLOCATED, leaderId:4256c034-9f31-4e1a-90bf-845fd7eceacb, CreationTimestamp2022-09-19T13:51:11.104Z[Etc/UTC]] moved to OPEN state
2022-09-19 13:51:14,107 [pool-164-thread-1] INFO  server.RaftServerConfigKeys (ConfUtils.java:logGet(46)) - raft.server.log.segment.cache.num.max = 2 (custom)
2022-09-19 13:51:14,107 [pool-164-thread-1] INFO  server.RaftServerConfigKeys (ConfUtils.java:logGet(46)) - raft.server.log.segment.cache.size.max = 200MB (=209715200) (default)
2022-09-19 13:51:14,107 [pool-164-thread-1] INFO  segmented.SegmentedRaftLogWorker (SegmentedRaftLogWorker.java:<init>(187)) - new 4256c034-9f31-4e1a-90bf-845fd7eceacb@group-57E71FD1F2AA-SegmentedRaftLogWorker for RaftStorageImpl:Storage Directory /home/runner/work/ozone/ozone/hadoop-ozone/integration-test/target/test-dir/MiniOzoneClusterImpl-dbfde215-b7d4-4534-b4eb-abad1aeb9004/datanode-4/data/ratis/55bf502b-23be-4d6a-9950-57e71fd1f2aa
2022-09-19 13:51:14,107 [pool-164-thread-1] INFO  server.RaftServerConfigKeys (ConfUtils.java:logGet(46)) - raft.server.log.queue.byte-limit = 4294967296 (custom)
2022-09-19 13:51:14,107 [pool-164-thread-1] INFO  server.RaftServerConfigKeys (ConfUtils.java:logGet(46)) - raft.server.log.queue.element-limit = 1024 (custom)
2022-09-19 13:51:14,107 [pool-164-thread-1] INFO  server.RaftServerConfigKeys (ConfUtils.java:logGet(46)) - raft.server.log.segment.size.max = 1048576 (custom)
2022-09-19 13:51:14,107 [pool-164-thread-1] INFO  server.RaftServerConfigKeys (ConfUtils.java:logGet(46)) - raft.server.log.preallocated.size = 16384 (custom)
2022-09-19 13:51:14,107 [EventQueue-OpenPipelineForHealthyPipelineSafeModeRule] INFO  safemode.SCMSafeModeManager (HealthyPipelineSafeModeRule.java:process(137)) - SCM in safe mode. Healthy pipelines reported count is 0, required healthy pipeline reported count is 1
2022-09-19 13:51:14,107 [pool-164-thread-1] INFO  server.RaftServerConfigKeys (ConfUtils.java:logGet(46)) - raft.server.log.force.sync.num = 128 (default)
2022-09-19 13:51:14,108 [pool-164-thread-1] INFO  server.RaftServerConfigKeys (ConfUtils.java:logGet(46)) - raft.server.log.statemachine.data.sync = true (default)
2022-09-19 13:51:14,108 [pool-164-thread-1] INFO  server.RaftServerConfigKeys (ConfUtils.java:logGet(46)) - raft.server.log.statemachine.data.sync.timeout = 10s (default)
2022-09-19 13:51:14,108 [pool-164-thread-1] INFO  server.RaftServerConfigKeys (ConfUtils.java:logGet(46)) - raft.server.log.statemachine.data.sync.timeout.retry = -1 (default)
2022-09-19 13:51:14,109 [pool-164-thread-1] INFO  server.RaftServerConfigKeys (ConfUtils.java:logGet(46)) - raft.server.log.write.buffer.size = 1048576 (custom)
2022-09-19 13:51:14,109 [pool-164-thread-1] INFO  server.RaftServerConfigKeys (ConfUtils.java:logGet(46)) - raft.server.log.unsafe-flush.enabled = false (default)
2022-09-19 13:51:14,109 [pool-164-thread-1] INFO  server.RaftServerConfigKeys (ConfUtils.java:logGet(46)) - raft.server.log.statemachine.data.caching.enabled = true (custom)
2022-09-19 13:51:14,110 [pool-164-thread-1] INFO  segmented.SegmentedRaftLogWorker (SegmentedRaftLogWorker.java:lambda$new$0(135)) - 4256c034-9f31-4e1a-90bf-845fd7eceacb@group-57E71FD1F2AA-SegmentedRaftLogWorker: flushIndex: setUnconditionally 0 -> -1
2022-09-19 13:51:14,110 [pool-164-thread-1] INFO  segmented.SegmentedRaftLogWorker (SegmentedRaftLogWorker.java:lambda$new$0(135)) - 4256c034-9f31-4e1a-90bf-845fd7eceacb@group-57E71FD1F2AA-SegmentedRaftLogWorker: safeCacheEvictIndex: setUnconditionally 0 -> -1
2022-09-19 13:51:14,110 [pool-164-thread-1] INFO  server.RaftServerConfigKeys (ConfUtils.java:logGet(46)) - raft.server.snapshot.auto.trigger.enabled = true (custom)
2022-09-19 13:51:14,110 [pool-164-thread-1] INFO  server.RaftServerConfigKeys (ConfUtils.java:logGet(46)) - raft.server.snapshot.auto.trigger.threshold = 10000 (custom)
2022-09-19 13:51:14,110 [pool-164-thread-1] INFO  server.RaftServerConfigKeys (ConfUtils.java:logGet(46)) - raft.server.snapshot.retention.file.num = 5 (custom)
2022-09-19 13:51:14,110 [pool-164-thread-1] INFO  server.RaftServerConfigKeys (ConfUtils.java:logGet(46)) - raft.server.log.purge.upto.snapshot.index = false (default)
2022-09-19 13:51:14,110 [pool-164-thread-1] INFO  server.RaftServerConfigKeys (ConfUtils.java:logGet(46)) - raft.server.retrycache.expirytime = 600000ms (custom)
2022-09-19 13:51:14,110 [pool-164-thread-1] INFO  server.RaftServerConfigKeys (ConfUtils.java:logGet(46)) - raft.server.retrycache.statistics.expirytime = 100μs (default)
2022-09-19 13:51:14,111 [pool-164-thread-1] INFO  server.RaftServerConfigKeys (ConfUtils.java:logGet(46)) - raft.server.log.appender.install.snapshot.enabled = false (custom)
2022-09-19 13:51:14,111 [pool-164-thread-1] INFO  server.RaftServerConfigKeys (ConfUtils.java:logGet(46)) - raft.server.threadpool.server.cached = true (default)
2022-09-19 13:51:14,111 [pool-164-thread-1] INFO  server.RaftServerConfigKeys (ConfUtils.java:logGet(46)) - raft.server.threadpool.server.size = 0 (default)
2022-09-19 13:51:14,111 [pool-164-thread-1] INFO  server.RaftServerConfigKeys (ConfUtils.java:logGet(46)) - raft.server.threadpool.client.cached = true (default)
2022-09-19 13:51:14,111 [pool-164-thread-1] INFO  server.RaftServerConfigKeys (ConfUtils.java:logGet(46)) - raft.server.threadpool.client.size = 0 (default)
2022-09-19 13:51:14,111 [pool-164-thread-1] INFO  server.RaftServer$Division (RaftServerImpl.java:start(310)) - 4256c034-9f31-4e1a-90bf-845fd7eceacb@group-57E71FD1F2AA: start as a follower, conf=-1: [4256c034-9f31-4e1a-90bf-845fd7eceacb|rpc:10.1.0.102:33073|priority:1], old=null
2022-09-19 13:51:14,111 [pool-164-thread-1] INFO  server.RaftServer$Division (RaftServerImpl.java:setRole(299)) - 4256c034-9f31-4e1a-90bf-845fd7eceacb@group-57E71FD1F2AA: changes role from      null to FOLLOWER at term 0 for startAsFollower
2022-09-19 13:51:14,111 [pool-164-thread-1] INFO  impl.RoleInfo (RoleInfo.java:updateAndGet(139)) - 4256c034-9f31-4e1a-90bf-845fd7eceacb: start 4256c034-9f31-4e1a-90bf-845fd7eceacb@group-57E71FD1F2AA-FollowerState
2022-09-19 13:51:14,112 [pool-164-thread-1] INFO  util.JmxRegister (JmxRegister.java:tryRegister(44)) - Successfully registered JMX Bean with object name Ratis:service=RaftServer,group=group-57E71FD1F2AA,id=4256c034-9f31-4e1a-90bf-845fd7eceacb
2022-09-19 13:51:14,113 [Command processor thread] INFO  ratis.XceiverServerRatis (XceiverServerRatis.java:addGroup(765)) - Created group PipelineID=55bf502b-23be-4d6a-9950-57e71fd1f2aa
2022-09-19 13:51:14,113 [Command processor thread] INFO  commandhandler.CreatePipelineCommandHandler (CreatePipelineCommandHandler.java:handle(113)) - Created Pipeline RATIS ONE PipelineID=55bf502b-23be-4d6a-9950-57e71fd1f2aa.
2022-09-19 13:51:14,394 [Command processor thread] INFO  server.RaftServer (RaftServerProxy.java:addNew(96)) - 482afb3d-5dff-4b01-b87b-af2a304f0017: addNew group-2A4BB4EC8AE1:[482afb3d-5dff-4b01-b87b-af2a304f0017|rpc:10.1.0.102:43325|priority:1] returns group-2A4BB4EC8AE1:java.util.concurrent.CompletableFuture@62680c5b[Not completed]
2022-09-19 13:51:14,396 [pool-187-thread-1] INFO  server.RaftServer$Division (RaftServerImpl.java:<init>(190)) - 482afb3d-5dff-4b01-b87b-af2a304f0017: new RaftServerImpl for group-2A4BB4EC8AE1:[482afb3d-5dff-4b01-b87b-af2a304f0017|rpc:10.1.0.102:43325|priority:1] with ContainerStateMachine:uninitialized
2022-09-19 13:51:14,396 [pool-187-thread-1] INFO  server.RaftServerConfigKeys (ConfUtils.java:logGet(46)) - raft.server.rpc.timeout.min = 5s (custom)
2022-09-19 13:51:14,396 [pool-187-thread-1] INFO  server.RaftServerConfigKeys (ConfUtils.java:logGet(46)) - raft.server.rpc.timeout.max = 5200ms (custom)
2022-09-19 13:51:14,396 [pool-187-thread-1] INFO  server.RaftServerConfigKeys (ConfUtils.java:logGet(46)) - raft.server.rpc.sleep.time = 25ms (default)
2022-09-19 13:51:14,396 [pool-187-thread-1] INFO  server.RaftServerConfigKeys (ConfUtils.java:logGet(46)) - raft.server.rpc.slowness.timeout = 300s (custom)
2022-09-19 13:51:14,396 [pool-187-thread-1] INFO  server.RaftServerConfigKeys (ConfUtils.java:logGet(46)) - raft.server.leaderelection.leader.step-down.wait-time = 10s (default)
2022-09-19 13:51:14,396 [pool-187-thread-1] INFO  server.RaftServerConfigKeys (ConfUtils.java:logGet(46)) - raft.server.sleep.deviation.threshold = 300ms (default)
2022-09-19 13:51:14,396 [pool-187-thread-1] INFO  server.RaftServer$Division (ServerState.java:<init>(107)) - 482afb3d-5dff-4b01-b87b-af2a304f0017@group-2A4BB4EC8AE1: ConfigurationManager, init=-1: [482afb3d-5dff-4b01-b87b-af2a304f0017|rpc:10.1.0.102:43325|priority:1], old=null, confs=<EMPTY_MAP>
2022-09-19 13:51:14,396 [pool-187-thread-1] INFO  server.RaftServerConfigKeys (ConfUtils.java:logGet(46)) - raft.server.storage.dir = [/home/runner/work/ozone/ozone/hadoop-ozone/integration-test/target/test-dir/MiniOzoneClusterImpl-dbfde215-b7d4-4534-b4eb-abad1aeb9004/datanode-5/data/ratis] (custom)
2022-09-19 13:51:14,397 [pool-187-thread-1] INFO  server.RaftServerConfigKeys (ConfUtils.java:logGet(46)) - raft.server.log.corruption.policy = EXCEPTION (default)
2022-09-19 13:51:14,397 [pool-187-thread-1] INFO  server.RaftServerConfigKeys (ConfUtils.java:logGet(46)) - raft.server.storage.free-space.min = 0MB (=0) (default)
2022-09-19 13:51:14,397 [pool-187-thread-1] INFO  storage.RaftStorageDirectory (RaftStorageDirectoryImpl.java:analyzeStorage(135)) - The storage directory /home/runner/work/ozone/ozone/hadoop-ozone/integration-test/target/test-dir/MiniOzoneClusterImpl-dbfde215-b7d4-4534-b4eb-abad1aeb9004/datanode-5/data/ratis/80d7d334-3fea-44f5-9193-2a4bb4ec8ae1 does not exist. Creating ...
2022-09-19 13:51:14,398 [pool-187-thread-1] INFO  storage.RaftStorageDirectory (RaftStorageDirectoryImpl.java:tryLock(230)) - Lock on /home/runner/work/ozone/ozone/hadoop-ozone/integration-test/target/test-dir/MiniOzoneClusterImpl-dbfde215-b7d4-4534-b4eb-abad1aeb9004/datanode-5/data/ratis/80d7d334-3fea-44f5-9193-2a4bb4ec8ae1/in_use.lock acquired by nodename 83439@fv-az196-500
2022-09-19 13:51:14,399 [pool-187-thread-1] INFO  storage.RaftStorage (RaftStorageImpl.java:format(89)) - Storage directory /home/runner/work/ozone/ozone/hadoop-ozone/integration-test/target/test-dir/MiniOzoneClusterImpl-dbfde215-b7d4-4534-b4eb-abad1aeb9004/datanode-5/data/ratis/80d7d334-3fea-44f5-9193-2a4bb4ec8ae1 has been successfully formatted.
2022-09-19 13:51:14,399 [pool-187-thread-1] INFO  ratis.ContainerStateMachine (ContainerStateMachine.java:loadSnapshot(236)) - group-2A4BB4EC8AE1: The snapshot info is null. Setting the last applied indexto:(t:0, i:~)
2022-09-19 13:51:14,400 [pool-187-thread-1] INFO  server.RaftServerConfigKeys (ConfUtils.java:logGet(46)) - raft.server.notification.no-leader.timeout = 300s (custom)
2022-09-19 13:51:14,400 [pool-187-thread-1] INFO  server.RaftServerConfigKeys (ConfUtils.java:logGet(46)) - raft.server.log.use.memory = false (default)
2022-09-19 13:51:14,400 [pool-187-thread-1] INFO  server.RaftServerConfigKeys (ConfUtils.java:logGet(46)) - raft.server.log.purge.gap = 1000000 (custom)
2022-09-19 13:51:14,401 [pool-187-thread-1] INFO  server.RaftServerConfigKeys (ConfUtils.java:logGet(46)) - raft.server.log.appender.buffer.byte-limit = 33554432 (custom)
2022-09-19 13:51:14,401 [pool-187-thread-1] INFO  server.RaftServerConfigKeys (ConfUtils.java:logGet(46)) - raft.server.log.statemachine.data.read.timeout = 1000ms (default)
2022-09-19 13:51:14,401 [EventQueue-PipelineReportForPipelineReportHandler] INFO  pipeline.PipelineManagerImpl (PipelineManagerImpl.java:openPipeline(367)) - Pipeline Pipeline[ Id: 80d7d334-3fea-44f5-9193-2a4bb4ec8ae1, Nodes: 482afb3d-5dff-4b01-b87b-af2a304f0017{ip: 10.1.0.102, host: fv-az196-500.jtpmctcvnzqejnuy0st5dkw3nb.bx.internal.cloudapp.net, ports: [REPLICATION=35313, RATIS=43325, RATIS_ADMIN=43325, RATIS_SERVER=43325, STANDALONE=39843], networkLocation: /default-rack, certSerialId: null, persistedOpState: IN_SERVICE, persistedOpStateExpiryEpochSec: 0}, ReplicationConfig: RATIS/ONE, State:ALLOCATED, leaderId:482afb3d-5dff-4b01-b87b-af2a304f0017, CreationTimestamp2022-09-19T13:51:11.399Z[Etc/UTC]] moved to OPEN state
2022-09-19 13:51:14,402 [EventQueue-OpenPipelineForHealthyPipelineSafeModeRule] INFO  safemode.SCMSafeModeManager (HealthyPipelineSafeModeRule.java:process(137)) - SCM in safe mode. Healthy pipelines reported count is 0, required healthy pipeline reported count is 1
2022-09-19 13:51:14,402 [pool-187-thread-1] INFO  server.RaftServerConfigKeys (ConfUtils.java:logGet(46)) - raft.server.log.segment.size.max = 1048576 (custom)
2022-09-19 13:51:14,404 [pool-187-thread-1] INFO  server.RaftServerConfigKeys (ConfUtils.java:logGet(46)) - raft.server.log.segment.cache.num.max = 2 (custom)
2022-09-19 13:51:14,404 [pool-187-thread-1] INFO  server.RaftServerConfigKeys (ConfUtils.java:logGet(46)) - raft.server.log.segment.cache.size.max = 200MB (=209715200) (default)
2022-09-19 13:51:14,404 [pool-187-thread-1] INFO  segmented.SegmentedRaftLogWorker (SegmentedRaftLogWorker.java:<init>(187)) - new 482afb3d-5dff-4b01-b87b-af2a304f0017@group-2A4BB4EC8AE1-SegmentedRaftLogWorker for RaftStorageImpl:Storage Directory /home/runner/work/ozone/ozone/hadoop-ozone/integration-test/target/test-dir/MiniOzoneClusterImpl-dbfde215-b7d4-4534-b4eb-abad1aeb9004/datanode-5/data/ratis/80d7d334-3fea-44f5-9193-2a4bb4ec8ae1
2022-09-19 13:51:14,404 [pool-187-thread-1] INFO  server.RaftServerConfigKeys (ConfUtils.java:logGet(46)) - raft.server.log.queue.byte-limit = 4294967296 (custom)
2022-09-19 13:51:14,404 [pool-187-thread-1] INFO  server.RaftServerConfigKeys (ConfUtils.java:logGet(46)) - raft.server.log.queue.element-limit = 1024 (custom)
2022-09-19 13:51:14,404 [pool-187-thread-1] INFO  server.RaftServerConfigKeys (ConfUtils.java:logGet(46)) - raft.server.log.segment.size.max = 1048576 (custom)
2022-09-19 13:51:14,404 [pool-187-thread-1] INFO  server.RaftServerConfigKeys (ConfUtils.java:logGet(46)) - raft.server.log.preallocated.size = 16384 (custom)
2022-09-19 13:51:14,404 [pool-187-thread-1] INFO  server.RaftServerConfigKeys (ConfUtils.java:logGet(46)) - raft.server.log.force.sync.num = 128 (default)
2022-09-19 13:51:14,404 [pool-187-thread-1] INFO  server.RaftServerConfigKeys (ConfUtils.java:logGet(46)) - raft.server.log.statemachine.data.sync = true (default)
2022-09-19 13:51:14,404 [pool-187-thread-1] INFO  server.RaftServerConfigKeys (ConfUtils.java:logGet(46)) - raft.server.log.statemachine.data.sync.timeout = 10s (default)
2022-09-19 13:51:14,404 [pool-187-thread-1] INFO  server.RaftServerConfigKeys (ConfUtils.java:logGet(46)) - raft.server.log.statemachine.data.sync.timeout.retry = -1 (default)
2022-09-19 13:51:14,405 [pool-187-thread-1] INFO  server.RaftServerConfigKeys (ConfUtils.java:logGet(46)) - raft.server.log.write.buffer.size = 1048576 (custom)
2022-09-19 13:51:14,406 [pool-187-thread-1] INFO  server.RaftServerConfigKeys (ConfUtils.java:logGet(46)) - raft.server.log.unsafe-flush.enabled = false (default)
2022-09-19 13:51:14,406 [pool-187-thread-1] INFO  server.RaftServerConfigKeys (ConfUtils.java:logGet(46)) - raft.server.log.statemachine.data.caching.enabled = true (custom)
2022-09-19 13:51:14,406 [pool-187-thread-1] INFO  segmented.SegmentedRaftLogWorker (SegmentedRaftLogWorker.java:lambda$new$0(135)) - 482afb3d-5dff-4b01-b87b-af2a304f0017@group-2A4BB4EC8AE1-SegmentedRaftLogWorker: flushIndex: setUnconditionally 0 -> -1
2022-09-19 13:51:14,406 [pool-187-thread-1] INFO  segmented.SegmentedRaftLogWorker (SegmentedRaftLogWorker.java:lambda$new$0(135)) - 482afb3d-5dff-4b01-b87b-af2a304f0017@group-2A4BB4EC8AE1-SegmentedRaftLogWorker: safeCacheEvictIndex: setUnconditionally 0 -> -1
2022-09-19 13:51:14,406 [pool-187-thread-1] INFO  server.RaftServerConfigKeys (ConfUtils.java:logGet(46)) - raft.server.snapshot.auto.trigger.enabled = true (custom)
2022-09-19 13:51:14,406 [pool-187-thread-1] INFO  server.RaftServerConfigKeys (ConfUtils.java:logGet(46)) - raft.server.snapshot.auto.trigger.threshold = 10000 (custom)
2022-09-19 13:51:14,406 [pool-187-thread-1] INFO  server.RaftServerConfigKeys (ConfUtils.java:logGet(46)) - raft.server.snapshot.retention.file.num = 5 (custom)
2022-09-19 13:51:14,406 [pool-187-thread-1] INFO  server.RaftServerConfigKeys (ConfUtils.java:logGet(46)) - raft.server.log.purge.upto.snapshot.index = false (default)
2022-09-19 13:51:14,406 [pool-187-thread-1] INFO  server.RaftServerConfigKeys (ConfUtils.java:logGet(46)) - raft.server.retrycache.expirytime = 600000ms (custom)
2022-09-19 13:51:14,406 [pool-187-thread-1] INFO  server.RaftServerConfigKeys (ConfUtils.java:logGet(46)) - raft.server.retrycache.statistics.expirytime = 100μs (default)
2022-09-19 13:51:14,407 [pool-187-thread-1] INFO  server.RaftServerConfigKeys (ConfUtils.java:logGet(46)) - raft.server.log.appender.install.snapshot.enabled = false (custom)
2022-09-19 13:51:14,407 [pool-187-thread-1] INFO  server.RaftServerConfigKeys (ConfUtils.java:logGet(46)) - raft.server.threadpool.server.cached = true (default)
2022-09-19 13:51:14,407 [pool-187-thread-1] INFO  server.RaftServerConfigKeys (ConfUtils.java:logGet(46)) - raft.server.threadpool.server.size = 0 (default)
2022-09-19 13:51:14,407 [pool-187-thread-1] INFO  server.RaftServerConfigKeys (ConfUtils.java:logGet(46)) - raft.server.threadpool.client.cached = true (default)
2022-09-19 13:51:14,407 [pool-187-thread-1] INFO  server.RaftServerConfigKeys (ConfUtils.java:logGet(46)) - raft.server.threadpool.client.size = 0 (default)
2022-09-19 13:51:14,408 [pool-187-thread-1] INFO  server.RaftServer$Division (RaftServerImpl.java:start(310)) - 482afb3d-5dff-4b01-b87b-af2a304f0017@group-2A4BB4EC8AE1: start as a follower, conf=-1: [482afb3d-5dff-4b01-b87b-af2a304f0017|rpc:10.1.0.102:43325|priority:1], old=null
2022-09-19 13:51:14,408 [pool-187-thread-1] INFO  server.RaftServer$Division (RaftServerImpl.java:setRole(299)) - 482afb3d-5dff-4b01-b87b-af2a304f0017@group-2A4BB4EC8AE1: changes role from      null to FOLLOWER at term 0 for startAsFollower
2022-09-19 13:51:14,408 [pool-187-thread-1] INFO  impl.RoleInfo (RoleInfo.java:updateAndGet(139)) - 482afb3d-5dff-4b01-b87b-af2a304f0017: start 482afb3d-5dff-4b01-b87b-af2a304f0017@group-2A4BB4EC8AE1-FollowerState
2022-09-19 13:51:14,408 [pool-187-thread-1] INFO  util.JmxRegister (JmxRegister.java:tryRegister(44)) - Successfully registered JMX Bean with object name Ratis:service=RaftServer,group=group-2A4BB4EC8AE1,id=482afb3d-5dff-4b01-b87b-af2a304f0017
2022-09-19 13:51:14,409 [Command processor thread] INFO  ratis.XceiverServerRatis (XceiverServerRatis.java:addGroup(765)) - Created group PipelineID=80d7d334-3fea-44f5-9193-2a4bb4ec8ae1
2022-09-19 13:51:14,409 [Command processor thread] INFO  commandhandler.CreatePipelineCommandHandler (CreatePipelineCommandHandler.java:handle(113)) - Created Pipeline RATIS ONE PipelineID=80d7d334-3fea-44f5-9193-2a4bb4ec8ae1.
2022-09-19 13:51:14,754 [Listener at 127.0.0.1/46843] INFO  ozone.MiniOzoneClusterImpl (MiniOzoneClusterImpl.java:lambda$waitForClusterToBeReady$0(216)) - Nodes are ready. Got 7 of 7 DN Heartbeats.
2022-09-19 13:51:14,755 [Listener at 127.0.0.1/46843] INFO  ozone.MiniOzoneClusterImpl (MiniOzoneClusterImpl.java:lambda$waitForClusterToBeReady$0(219)) - Waiting for cluster to exit safe mode
2022-09-19 13:51:14,755 [Listener at 127.0.0.1/46843] INFO  ozone.MiniOzoneClusterImpl (MiniOzoneClusterImpl.java:lambda$waitForClusterToBeReady$0(221)) - SCM became leader
2022-09-19 13:51:14,771 [Command processor thread] INFO  server.RaftServer (RaftServerProxy.java:addNew(96)) - 0df8fd5a-2015-434e-b54c-98b577502879: addNew group-1CA8C05B0168:[0df8fd5a-2015-434e-b54c-98b577502879|rpc:10.1.0.102:37277|priority:1] returns group-1CA8C05B0168:java.util.concurrent.CompletableFuture@2ac39efd[Not completed]
2022-09-19 13:51:14,773 [pool-210-thread-1] INFO  server.RaftServer$Division (RaftServerImpl.java:<init>(190)) - 0df8fd5a-2015-434e-b54c-98b577502879: new RaftServerImpl for group-1CA8C05B0168:[0df8fd5a-2015-434e-b54c-98b577502879|rpc:10.1.0.102:37277|priority:1] with ContainerStateMachine:uninitialized
2022-09-19 13:51:14,774 [pool-210-thread-1] INFO  server.RaftServerConfigKeys (ConfUtils.java:logGet(46)) - raft.server.rpc.timeout.min = 5s (custom)
2022-09-19 13:51:14,774 [pool-210-thread-1] INFO  server.RaftServerConfigKeys (ConfUtils.java:logGet(46)) - raft.server.rpc.timeout.max = 5200ms (custom)
2022-09-19 13:51:14,774 [pool-210-thread-1] INFO  server.RaftServerConfigKeys (ConfUtils.java:logGet(46)) - raft.server.rpc.sleep.time = 25ms (default)
2022-09-19 13:51:14,774 [pool-210-thread-1] INFO  server.RaftServerConfigKeys (ConfUtils.java:logGet(46)) - raft.server.rpc.slowness.timeout = 300s (custom)
2022-09-19 13:51:14,774 [pool-210-thread-1] INFO  server.RaftServerConfigKeys (ConfUtils.java:logGet(46)) - raft.server.leaderelection.leader.step-down.wait-time = 10s (default)
2022-09-19 13:51:14,774 [pool-210-thread-1] INFO  server.RaftServerConfigKeys (ConfUtils.java:logGet(46)) - raft.server.sleep.deviation.threshold = 300ms (default)
2022-09-19 13:51:14,774 [pool-210-thread-1] INFO  server.RaftServer$Division (ServerState.java:<init>(107)) - 0df8fd5a-2015-434e-b54c-98b577502879@group-1CA8C05B0168: ConfigurationManager, init=-1: [0df8fd5a-2015-434e-b54c-98b577502879|rpc:10.1.0.102:37277|priority:1], old=null, confs=<EMPTY_MAP>
2022-09-19 13:51:14,774 [pool-210-thread-1] INFO  server.RaftServerConfigKeys (ConfUtils.java:logGet(46)) - raft.server.storage.dir = [/home/runner/work/ozone/ozone/hadoop-ozone/integration-test/target/test-dir/MiniOzoneClusterImpl-dbfde215-b7d4-4534-b4eb-abad1aeb9004/datanode-6/data/ratis] (custom)
2022-09-19 13:51:14,774 [pool-210-thread-1] INFO  server.RaftServerConfigKeys (ConfUtils.java:logGet(46)) - raft.server.log.corruption.policy = EXCEPTION (default)
2022-09-19 13:51:14,774 [pool-210-thread-1] INFO  server.RaftServerConfigKeys (ConfUtils.java:logGet(46)) - raft.server.storage.free-space.min = 0MB (=0) (default)
2022-09-19 13:51:14,774 [pool-210-thread-1] INFO  storage.RaftStorageDirectory (RaftStorageDirectoryImpl.java:analyzeStorage(135)) - The storage directory /home/runner/work/ozone/ozone/hadoop-ozone/integration-test/target/test-dir/MiniOzoneClusterImpl-dbfde215-b7d4-4534-b4eb-abad1aeb9004/datanode-6/data/ratis/ffa33198-4a08-48c1-b7a0-1ca8c05b0168 does not exist. Creating ...
2022-09-19 13:51:14,776 [pool-210-thread-1] INFO  storage.RaftStorageDirectory (RaftStorageDirectoryImpl.java:tryLock(230)) - Lock on /home/runner/work/ozone/ozone/hadoop-ozone/integration-test/target/test-dir/MiniOzoneClusterImpl-dbfde215-b7d4-4534-b4eb-abad1aeb9004/datanode-6/data/ratis/ffa33198-4a08-48c1-b7a0-1ca8c05b0168/in_use.lock acquired by nodename 83439@fv-az196-500
2022-09-19 13:51:14,777 [pool-210-thread-1] INFO  storage.RaftStorage (RaftStorageImpl.java:format(89)) - Storage directory /home/runner/work/ozone/ozone/hadoop-ozone/integration-test/target/test-dir/MiniOzoneClusterImpl-dbfde215-b7d4-4534-b4eb-abad1aeb9004/datanode-6/data/ratis/ffa33198-4a08-48c1-b7a0-1ca8c05b0168 has been successfully formatted.
2022-09-19 13:51:14,778 [pool-210-thread-1] INFO  ratis.ContainerStateMachine (ContainerStateMachine.java:loadSnapshot(236)) - group-1CA8C05B0168: The snapshot info is null. Setting the last applied indexto:(t:0, i:~)
2022-09-19 13:51:14,779 [pool-210-thread-1] INFO  server.RaftServerConfigKeys (ConfUtils.java:logGet(46)) - raft.server.notification.no-leader.timeout = 300s (custom)
2022-09-19 13:51:14,779 [pool-210-thread-1] INFO  server.RaftServerConfigKeys (ConfUtils.java:logGet(46)) - raft.server.log.use.memory = false (default)
2022-09-19 13:51:14,779 [pool-210-thread-1] INFO  server.RaftServerConfigKeys (ConfUtils.java:logGet(46)) - raft.server.log.purge.gap = 1000000 (custom)
2022-09-19 13:51:14,779 [pool-210-thread-1] INFO  server.RaftServerConfigKeys (ConfUtils.java:logGet(46)) - raft.server.log.appender.buffer.byte-limit = 33554432 (custom)
2022-09-19 13:51:14,779 [pool-210-thread-1] INFO  server.RaftServerConfigKeys (ConfUtils.java:logGet(46)) - raft.server.log.statemachine.data.read.timeout = 1000ms (default)
2022-09-19 13:51:14,779 [pool-210-thread-1] INFO  server.RaftServerConfigKeys (ConfUtils.java:logGet(46)) - raft.server.log.segment.size.max = 1048576 (custom)
2022-09-19 13:51:14,780 [EventQueue-PipelineReportForPipelineReportHandler] INFO  pipeline.PipelineManagerImpl (PipelineManagerImpl.java:openPipeline(367)) - Pipeline Pipeline[ Id: ffa33198-4a08-48c1-b7a0-1ca8c05b0168, Nodes: 0df8fd5a-2015-434e-b54c-98b577502879{ip: 10.1.0.102, host: fv-az196-500.jtpmctcvnzqejnuy0st5dkw3nb.bx.internal.cloudapp.net, ports: [REPLICATION=40987, RATIS=37277, RATIS_ADMIN=37277, RATIS_SERVER=37277, STANDALONE=36193], networkLocation: /default-rack, certSerialId: null, persistedOpState: IN_SERVICE, persistedOpStateExpiryEpochSec: 0}, ReplicationConfig: RATIS/ONE, State:ALLOCATED, leaderId:0df8fd5a-2015-434e-b54c-98b577502879, CreationTimestamp2022-09-19T13:51:11.774Z[Etc/UTC]] moved to OPEN state
2022-09-19 13:51:14,781 [EventQueue-OpenPipelineForHealthyPipelineSafeModeRule] INFO  safemode.SCMSafeModeManager (HealthyPipelineSafeModeRule.java:process(137)) - SCM in safe mode. Healthy pipelines reported count is 0, required healthy pipeline reported count is 1
2022-09-19 13:51:14,782 [pool-210-thread-1] INFO  server.RaftServerConfigKeys (ConfUtils.java:logGet(46)) - raft.server.log.segment.cache.num.max = 2 (custom)
2022-09-19 13:51:14,783 [pool-210-thread-1] INFO  server.RaftServerConfigKeys (ConfUtils.java:logGet(46)) - raft.server.log.segment.cache.size.max = 200MB (=209715200) (default)
2022-09-19 13:51:14,783 [pool-210-thread-1] INFO  segmented.SegmentedRaftLogWorker (SegmentedRaftLogWorker.java:<init>(187)) - new 0df8fd5a-2015-434e-b54c-98b577502879@group-1CA8C05B0168-SegmentedRaftLogWorker for RaftStorageImpl:Storage Directory /home/runner/work/ozone/ozone/hadoop-ozone/integration-test/target/test-dir/MiniOzoneClusterImpl-dbfde215-b7d4-4534-b4eb-abad1aeb9004/datanode-6/data/ratis/ffa33198-4a08-48c1-b7a0-1ca8c05b0168
2022-09-19 13:51:14,785 [pool-210-thread-1] INFO  server.RaftServerConfigKeys (ConfUtils.java:logGet(46)) - raft.server.log.queue.byte-limit = 4294967296 (custom)
2022-09-19 13:51:14,785 [pool-210-thread-1] INFO  server.RaftServerConfigKeys (ConfUtils.java:logGet(46)) - raft.server.log.queue.element-limit = 1024 (custom)
2022-09-19 13:51:14,785 [pool-210-thread-1] INFO  server.RaftServerConfigKeys (ConfUtils.java:logGet(46)) - raft.server.log.segment.size.max = 1048576 (custom)
2022-09-19 13:51:14,785 [pool-210-thread-1] INFO  server.RaftServerConfigKeys (ConfUtils.java:logGet(46)) - raft.server.log.preallocated.size = 16384 (custom)
2022-09-19 13:51:14,785 [pool-210-thread-1] INFO  server.RaftServerConfigKeys (ConfUtils.java:logGet(46)) - raft.server.log.force.sync.num = 128 (default)
2022-09-19 13:51:14,785 [pool-210-thread-1] INFO  server.RaftServerConfigKeys (ConfUtils.java:logGet(46)) - raft.server.log.statemachine.data.sync = true (default)
2022-09-19 13:51:14,785 [pool-210-thread-1] INFO  server.RaftServerConfigKeys (ConfUtils.java:logGet(46)) - raft.server.log.statemachine.data.sync.timeout = 10s (default)
2022-09-19 13:51:14,785 [pool-210-thread-1] INFO  server.RaftServerConfigKeys (ConfUtils.java:logGet(46)) - raft.server.log.statemachine.data.sync.timeout.retry = -1 (default)
2022-09-19 13:51:14,787 [pool-210-thread-1] INFO  server.RaftServerConfigKeys (ConfUtils.java:logGet(46)) - raft.server.log.write.buffer.size = 1048576 (custom)
2022-09-19 13:51:14,787 [pool-210-thread-1] INFO  server.RaftServerConfigKeys (ConfUtils.java:logGet(46)) - raft.server.log.unsafe-flush.enabled = false (default)
2022-09-19 13:51:14,788 [pool-210-thread-1] INFO  server.RaftServerConfigKeys (ConfUtils.java:logGet(46)) - raft.server.log.statemachine.data.caching.enabled = true (custom)
2022-09-19 13:51:14,788 [pool-210-thread-1] INFO  segmented.SegmentedRaftLogWorker (SegmentedRaftLogWorker.java:lambda$new$0(135)) - 0df8fd5a-2015-434e-b54c-98b577502879@group-1CA8C05B0168-SegmentedRaftLogWorker: flushIndex: setUnconditionally 0 -> -1
2022-09-19 13:51:14,788 [pool-210-thread-1] INFO  segmented.SegmentedRaftLogWorker (SegmentedRaftLogWorker.java:lambda$new$0(135)) - 0df8fd5a-2015-434e-b54c-98b577502879@group-1CA8C05B0168-SegmentedRaftLogWorker: safeCacheEvictIndex: setUnconditionally 0 -> -1
2022-09-19 13:51:14,788 [pool-210-thread-1] INFO  server.RaftServerConfigKeys (ConfUtils.java:logGet(46)) - raft.server.snapshot.auto.trigger.enabled = true (custom)
2022-09-19 13:51:14,788 [pool-210-thread-1] INFO  server.RaftServerConfigKeys (ConfUtils.java:logGet(46)) - raft.server.snapshot.auto.trigger.threshold = 10000 (custom)
2022-09-19 13:51:14,788 [pool-210-thread-1] INFO  server.RaftServerConfigKeys (ConfUtils.java:logGet(46)) - raft.server.snapshot.retention.file.num = 5 (custom)
2022-09-19 13:51:14,788 [pool-210-thread-1] INFO  server.RaftServerConfigKeys (ConfUtils.java:logGet(46)) - raft.server.log.purge.upto.snapshot.index = false (default)
2022-09-19 13:51:14,788 [pool-210-thread-1] INFO  server.RaftServerConfigKeys (ConfUtils.java:logGet(46)) - raft.server.retrycache.expirytime = 600000ms (custom)
2022-09-19 13:51:14,789 [pool-210-thread-1] INFO  server.RaftServerConfigKeys (ConfUtils.java:logGet(46)) - raft.server.retrycache.statistics.expirytime = 100μs (default)
2022-09-19 13:51:14,790 [pool-210-thread-1] INFO  server.RaftServerConfigKeys (ConfUtils.java:logGet(46)) - raft.server.log.appender.install.snapshot.enabled = false (custom)
2022-09-19 13:51:14,790 [pool-210-thread-1] INFO  server.RaftServerConfigKeys (ConfUtils.java:logGet(46)) - raft.server.threadpool.server.cached = true (default)
2022-09-19 13:51:14,790 [pool-210-thread-1] INFO  server.RaftServerConfigKeys (ConfUtils.java:logGet(46)) - raft.server.threadpool.server.size = 0 (default)
2022-09-19 13:51:14,790 [pool-210-thread-1] INFO  server.RaftServerConfigKeys (ConfUtils.java:logGet(46)) - raft.server.threadpool.client.cached = true (default)
2022-09-19 13:51:14,790 [pool-210-thread-1] INFO  server.RaftServerConfigKeys (ConfUtils.java:logGet(46)) - raft.server.threadpool.client.size = 0 (default)
2022-09-19 13:51:14,790 [pool-210-thread-1] INFO  server.RaftServer$Division (RaftServerImpl.java:start(310)) - 0df8fd5a-2015-434e-b54c-98b577502879@group-1CA8C05B0168: start as a follower, conf=-1: [0df8fd5a-2015-434e-b54c-98b577502879|rpc:10.1.0.102:37277|priority:1], old=null
2022-09-19 13:51:14,790 [pool-210-thread-1] INFO  server.RaftServer$Division (RaftServerImpl.java:setRole(299)) - 0df8fd5a-2015-434e-b54c-98b577502879@group-1CA8C05B0168: changes role from      null to FOLLOWER at term 0 for startAsFollower
2022-09-19 13:51:14,790 [pool-210-thread-1] INFO  impl.RoleInfo (RoleInfo.java:updateAndGet(139)) - 0df8fd5a-2015-434e-b54c-98b577502879: start 0df8fd5a-2015-434e-b54c-98b577502879@group-1CA8C05B0168-FollowerState
2022-09-19 13:51:14,794 [pool-210-thread-1] INFO  util.JmxRegister (JmxRegister.java:tryRegister(44)) - Successfully registered JMX Bean with object name Ratis:service=RaftServer,group=group-1CA8C05B0168,id=0df8fd5a-2015-434e-b54c-98b577502879
2022-09-19 13:51:14,794 [Command processor thread] INFO  ratis.XceiverServerRatis (XceiverServerRatis.java:addGroup(765)) - Created group PipelineID=ffa33198-4a08-48c1-b7a0-1ca8c05b0168
2022-09-19 13:51:14,794 [Command processor thread] INFO  commandhandler.CreatePipelineCommandHandler (CreatePipelineCommandHandler.java:handle(113)) - Created Pipeline RATIS ONE PipelineID=ffa33198-4a08-48c1-b7a0-1ca8c05b0168.
2022-09-19 13:51:15,755 [Listener at 127.0.0.1/46843] INFO  ozone.MiniOzoneClusterImpl (MiniOzoneClusterImpl.java:lambda$waitForClusterToBeReady$0(216)) - Nodes are ready. Got 7 of 7 DN Heartbeats.
2022-09-19 13:51:15,755 [Listener at 127.0.0.1/46843] INFO  ozone.MiniOzoneClusterImpl (MiniOzoneClusterImpl.java:lambda$waitForClusterToBeReady$0(219)) - Waiting for cluster to exit safe mode
2022-09-19 13:51:15,755 [Listener at 127.0.0.1/46843] INFO  ozone.MiniOzoneClusterImpl (MiniOzoneClusterImpl.java:lambda$waitForClusterToBeReady$0(221)) - SCM became leader
2022-09-19 13:51:16,756 [Listener at 127.0.0.1/46843] INFO  ozone.MiniOzoneClusterImpl (MiniOzoneClusterImpl.java:lambda$waitForClusterToBeReady$0(216)) - Nodes are ready. Got 7 of 7 DN Heartbeats.
2022-09-19 13:51:16,756 [Listener at 127.0.0.1/46843] INFO  ozone.MiniOzoneClusterImpl (MiniOzoneClusterImpl.java:lambda$waitForClusterToBeReady$0(219)) - Waiting for cluster to exit safe mode
2022-09-19 13:51:16,756 [Listener at 127.0.0.1/46843] INFO  ozone.MiniOzoneClusterImpl (MiniOzoneClusterImpl.java:lambda$waitForClusterToBeReady$0(221)) - SCM became leader
2022-09-19 13:51:17,756 [Listener at 127.0.0.1/46843] INFO  ozone.MiniOzoneClusterImpl (MiniOzoneClusterImpl.java:lambda$waitForClusterToBeReady$0(216)) - Nodes are ready. Got 7 of 7 DN Heartbeats.
2022-09-19 13:51:17,757 [Listener at 127.0.0.1/46843] INFO  ozone.MiniOzoneClusterImpl (MiniOzoneClusterImpl.java:lambda$waitForClusterToBeReady$0(219)) - Waiting for cluster to exit safe mode
2022-09-19 13:51:17,757 [Listener at 127.0.0.1/46843] INFO  ozone.MiniOzoneClusterImpl (MiniOzoneClusterImpl.java:lambda$waitForClusterToBeReady$0(221)) - SCM became leader
2022-09-19 13:51:17,812 [7c10063f-3b8f-4dae-b7c3-dc89125a4637@group-D3B7D0F535DE-FollowerState] INFO  impl.FollowerState (FollowerState.java:run(143)) - 7c10063f-3b8f-4dae-b7c3-dc89125a4637@group-D3B7D0F535DE-FollowerState: change to CANDIDATE, lastRpcElapsedTime:5078433651ns, electionTimeout:5074ms
2022-09-19 13:51:17,813 [7c10063f-3b8f-4dae-b7c3-dc89125a4637@group-D3B7D0F535DE-FollowerState] INFO  impl.RoleInfo (RoleInfo.java:shutdownFollowerState(110)) - 7c10063f-3b8f-4dae-b7c3-dc89125a4637: shutdown 7c10063f-3b8f-4dae-b7c3-dc89125a4637@group-D3B7D0F535DE-FollowerState
2022-09-19 13:51:17,813 [7c10063f-3b8f-4dae-b7c3-dc89125a4637@group-D3B7D0F535DE-FollowerState] INFO  server.RaftServer$Division (RaftServerImpl.java:setRole(299)) - 7c10063f-3b8f-4dae-b7c3-dc89125a4637@group-D3B7D0F535DE: changes role from  FOLLOWER to CANDIDATE at term 0 for changeToCandidate
2022-09-19 13:51:17,813 [7c10063f-3b8f-4dae-b7c3-dc89125a4637@group-D3B7D0F535DE-FollowerState] INFO  server.RaftServerConfigKeys (ConfUtils.java:logGet(46)) - raft.server.leaderelection.pre-vote = false (custom)
2022-09-19 13:51:17,813 [7c10063f-3b8f-4dae-b7c3-dc89125a4637@group-D3B7D0F535DE-FollowerState] INFO  impl.RoleInfo (RoleInfo.java:updateAndGet(139)) - 7c10063f-3b8f-4dae-b7c3-dc89125a4637: start 7c10063f-3b8f-4dae-b7c3-dc89125a4637@group-D3B7D0F535DE-LeaderElection2
2022-09-19 13:51:17,820 [7c10063f-3b8f-4dae-b7c3-dc89125a4637@group-D3B7D0F535DE-LeaderElection2] INFO  impl.LeaderElection (LeaderElection.java:askForVotes(310)) - 7c10063f-3b8f-4dae-b7c3-dc89125a4637@group-D3B7D0F535DE-LeaderElection2 ELECTION round 0: submit vote requests at term 1 for -1: [7c10063f-3b8f-4dae-b7c3-dc89125a4637|rpc:10.1.0.102:35125|priority:0, 177f7a3a-c358-4ca7-a586-caf38fdff25d|rpc:10.1.0.102:41369|priority:0, 71b36113-8e0f-4dd8-8e3f-8d28841b693a|rpc:10.1.0.102:34867|priority:1], old=null
2022-09-19 13:51:17,821 [7c10063f-3b8f-4dae-b7c3-dc89125a4637@group-9604EE6B3B4C-FollowerState] INFO  impl.FollowerState (FollowerState.java:run(143)) - 7c10063f-3b8f-4dae-b7c3-dc89125a4637@group-9604EE6B3B4C-FollowerState: change to CANDIDATE, lastRpcElapsedTime:5153166799ns, electionTimeout:5136ms
2022-09-19 13:51:17,822 [7c10063f-3b8f-4dae-b7c3-dc89125a4637@group-9604EE6B3B4C-FollowerState] INFO  impl.RoleInfo (RoleInfo.java:shutdownFollowerState(110)) - 7c10063f-3b8f-4dae-b7c3-dc89125a4637: shutdown 7c10063f-3b8f-4dae-b7c3-dc89125a4637@group-9604EE6B3B4C-FollowerState
2022-09-19 13:51:17,822 [7c10063f-3b8f-4dae-b7c3-dc89125a4637@group-9604EE6B3B4C-FollowerState] INFO  server.RaftServer$Division (RaftServerImpl.java:setRole(299)) - 7c10063f-3b8f-4dae-b7c3-dc89125a4637@group-9604EE6B3B4C: changes role from  FOLLOWER to CANDIDATE at term 0 for changeToCandidate
2022-09-19 13:51:17,822 [7c10063f-3b8f-4dae-b7c3-dc89125a4637@group-9604EE6B3B4C-FollowerState] INFO  server.RaftServerConfigKeys (ConfUtils.java:logGet(46)) - raft.server.leaderelection.pre-vote = false (custom)
2022-09-19 13:51:17,822 [7c10063f-3b8f-4dae-b7c3-dc89125a4637@group-9604EE6B3B4C-FollowerState] INFO  impl.RoleInfo (RoleInfo.java:updateAndGet(139)) - 7c10063f-3b8f-4dae-b7c3-dc89125a4637: start 7c10063f-3b8f-4dae-b7c3-dc89125a4637@group-9604EE6B3B4C-LeaderElection3
2022-09-19 13:51:17,828 [7c10063f-3b8f-4dae-b7c3-dc89125a4637@group-9604EE6B3B4C-LeaderElection3] INFO  impl.LeaderElection (LeaderElection.java:askForVotes(310)) - 7c10063f-3b8f-4dae-b7c3-dc89125a4637@group-9604EE6B3B4C-LeaderElection3 ELECTION round 0: submit vote requests at term 1 for -1: [7c10063f-3b8f-4dae-b7c3-dc89125a4637|rpc:10.1.0.102:35125|priority:1], old=null
2022-09-19 13:51:17,830 [7c10063f-3b8f-4dae-b7c3-dc89125a4637@group-9604EE6B3B4C-LeaderElection3] INFO  impl.LeaderElection (LeaderElection.java:askForVotes(312)) - 7c10063f-3b8f-4dae-b7c3-dc89125a4637@group-9604EE6B3B4C-LeaderElection3 ELECTION round 0: result PASSED (term=1)
2022-09-19 13:51:17,830 [7c10063f-3b8f-4dae-b7c3-dc89125a4637@group-9604EE6B3B4C-LeaderElection3] INFO  impl.RoleInfo (RoleInfo.java:shutdownLeaderElection(130)) - 7c10063f-3b8f-4dae-b7c3-dc89125a4637: shutdown 7c10063f-3b8f-4dae-b7c3-dc89125a4637@group-9604EE6B3B4C-LeaderElection3
2022-09-19 13:51:17,830 [7c10063f-3b8f-4dae-b7c3-dc89125a4637@group-9604EE6B3B4C-LeaderElection3] INFO  server.RaftServer$Division (RaftServerImpl.java:setRole(299)) - 7c10063f-3b8f-4dae-b7c3-dc89125a4637@group-9604EE6B3B4C: changes role from CANDIDATE to LEADER at term 1 for changeToLeader
2022-09-19 13:51:17,830 [7c10063f-3b8f-4dae-b7c3-dc89125a4637@group-9604EE6B3B4C-LeaderElection3] INFO  ratis.XceiverServerRatis (XceiverServerRatis.java:handleLeaderChangedNotification(863)) - Leader change notification received for group: group-9604EE6B3B4C with new leaderId: 7c10063f-3b8f-4dae-b7c3-dc89125a4637
2022-09-19 13:51:17,833 [7c10063f-3b8f-4dae-b7c3-dc89125a4637@group-9604EE6B3B4C-LeaderElection3] INFO  server.RaftServer$Division (ServerState.java:setLeader(287)) - 7c10063f-3b8f-4dae-b7c3-dc89125a4637@group-9604EE6B3B4C: change Leader from null to 7c10063f-3b8f-4dae-b7c3-dc89125a4637 at term 1 for becomeLeader, leader elected after 5171ms
2022-09-19 13:51:17,834 [7c10063f-3b8f-4dae-b7c3-dc89125a4637@group-9604EE6B3B4C-LeaderElection3] INFO  server.RaftServerConfigKeys (ConfUtils.java:logGet(46)) - raft.server.staging.catchup.gap = 1000 (default)
2022-09-19 13:51:17,834 [7c10063f-3b8f-4dae-b7c3-dc89125a4637@group-9604EE6B3B4C-LeaderElection3] INFO  server.RaftServerConfigKeys (ConfUtils.java:logGet(46)) - raft.server.write.element-limit = 1024 (custom)
2022-09-19 13:51:17,834 [7c10063f-3b8f-4dae-b7c3-dc89125a4637@group-9604EE6B3B4C-LeaderElection3] INFO  server.RaftServerConfigKeys (ConfUtils.java:logGet(46)) - raft.server.write.byte-limit = 1024 M (=1073741824) (custom)
2022-09-19 13:51:17,834 [7c10063f-3b8f-4dae-b7c3-dc89125a4637@group-9604EE6B3B4C-LeaderElection3] INFO  server.RaftServerConfigKeys (ConfUtils.java:logGet(46)) - raft.server.watch.timeout = 180s (custom)
2022-09-19 13:51:17,834 [7c10063f-3b8f-4dae-b7c3-dc89125a4637@group-9604EE6B3B4C-LeaderElection3] INFO  server.RaftServerConfigKeys (ConfUtils.java:logGet(46)) - raft.server.watch.timeout.denomination = 1s (default)
2022-09-19 13:51:17,834 [7c10063f-3b8f-4dae-b7c3-dc89125a4637@group-9604EE6B3B4C-LeaderElection3] INFO  server.RaftServerConfigKeys (ConfUtils.java:logGet(46)) - raft.server.watch.element-limit = 65536 (default)
2022-09-19 13:51:17,835 [7c10063f-3b8f-4dae-b7c3-dc89125a4637@group-9604EE6B3B4C-LeaderElection3] INFO  server.RaftServerConfigKeys (ConfUtils.java:logGet(46)) - raft.server.write.element-limit = 1024 (custom)
2022-09-19 13:51:17,835 [7c10063f-3b8f-4dae-b7c3-dc89125a4637@group-9604EE6B3B4C-LeaderElection3] INFO  server.RaftServerConfigKeys (ConfUtils.java:logGet(46)) - raft.server.write.follower.gap.ratio.max = -1.0 (default)
2022-09-19 13:51:17,835 [7c10063f-3b8f-4dae-b7c3-dc89125a4637@group-9604EE6B3B4C-LeaderElection3] INFO  impl.RoleInfo (RoleInfo.java:updateAndGet(139)) - 7c10063f-3b8f-4dae-b7c3-dc89125a4637: start 7c10063f-3b8f-4dae-b7c3-dc89125a4637@group-9604EE6B3B4C-LeaderStateImpl
2022-09-19 13:51:17,835 [7c10063f-3b8f-4dae-b7c3-dc89125a4637@group-9604EE6B3B4C-LeaderElection3] INFO  segmented.SegmentedRaftLogWorker (SegmentedRaftLogWorker.java:startLogSegment(425)) - 7c10063f-3b8f-4dae-b7c3-dc89125a4637@group-9604EE6B3B4C-SegmentedRaftLogWorker: Starting segment from index:0
2022-09-19 13:51:17,837 [EventQueue-OpenPipelineForHealthyPipelineSafeModeRule] INFO  safemode.SCMSafeModeManager (HealthyPipelineSafeModeRule.java:process(137)) - SCM in safe mode. Healthy pipelines reported count is 0, required healthy pipeline reported count is 1
2022-09-19 13:51:17,837 [7c10063f-3b8f-4dae-b7c3-dc89125a4637@group-9604EE6B3B4C-SegmentedRaftLogWorker] INFO  segmented.SegmentedRaftLogWorker (SegmentedRaftLogWorker.java:execute(629)) - 7c10063f-3b8f-4dae-b7c3-dc89125a4637@group-9604EE6B3B4C-SegmentedRaftLogWorker: created new log segment /home/runner/work/ozone/ozone/hadoop-ozone/integration-test/target/test-dir/MiniOzoneClusterImpl-dbfde215-b7d4-4534-b4eb-abad1aeb9004/datanode-0/data/ratis/4d4d6339-5e24-46ec-9b16-9604ee6b3b4c/current/log_inprogress_0
2022-09-19 13:51:17,846 [7c10063f-3b8f-4dae-b7c3-dc89125a4637@group-9604EE6B3B4C-LeaderElection3] INFO  server.RaftServer$Division (ServerState.java:setRaftConf(393)) - 7c10063f-3b8f-4dae-b7c3-dc89125a4637@group-9604EE6B3B4C: set configuration 0: [7c10063f-3b8f-4dae-b7c3-dc89125a4637|rpc:10.1.0.102:35125|dataStream:|priority:1], old=null
2022-09-19 13:51:17,858 [grpc-default-executor-0] INFO  server.RaftServer$Division (RaftServerImpl.java:requestVote(1152)) - 71b36113-8e0f-4dd8-8e3f-8d28841b693a@group-D3B7D0F535DE: receive requestVote(ELECTION, 7c10063f-3b8f-4dae-b7c3-dc89125a4637, group-D3B7D0F535DE, 1, (t:0, i:0))
2022-09-19 13:51:17,859 [grpc-default-executor-2] INFO  server.RaftServer$Division (RaftServerImpl.java:requestVote(1152)) - 177f7a3a-c358-4ca7-a586-caf38fdff25d@group-D3B7D0F535DE: receive requestVote(ELECTION, 7c10063f-3b8f-4dae-b7c3-dc89125a4637, group-D3B7D0F535DE, 1, (t:0, i:0))
2022-09-19 13:51:17,862 [grpc-default-executor-0] INFO  impl.VoteContext (VoteContext.java:log(48)) - 71b36113-8e0f-4dd8-8e3f-8d28841b693a@group-D3B7D0F535DE-FOLLOWER: reject ELECTION from 7c10063f-3b8f-4dae-b7c3-dc89125a4637: our priority 1 > candidate's priority 0
2022-09-19 13:51:17,862 [grpc-default-executor-0] INFO  server.RaftServer$Division (RaftServerImpl.java:setRole(299)) - 71b36113-8e0f-4dd8-8e3f-8d28841b693a@group-D3B7D0F535DE: changes role from  FOLLOWER to FOLLOWER at term 1 for candidate:7c10063f-3b8f-4dae-b7c3-dc89125a4637
2022-09-19 13:51:17,862 [grpc-default-executor-0] INFO  impl.RoleInfo (RoleInfo.java:shutdownFollowerState(110)) - 71b36113-8e0f-4dd8-8e3f-8d28841b693a: shutdown 71b36113-8e0f-4dd8-8e3f-8d28841b693a@group-D3B7D0F535DE-FollowerState
2022-09-19 13:51:17,862 [71b36113-8e0f-4dd8-8e3f-8d28841b693a@group-D3B7D0F535DE-FollowerState] INFO  impl.FollowerState (FollowerState.java:run(152)) - 71b36113-8e0f-4dd8-8e3f-8d28841b693a@group-D3B7D0F535DE-FollowerState was interrupted
2022-09-19 13:51:17,862 [grpc-default-executor-0] INFO  impl.RoleInfo (RoleInfo.java:updateAndGet(139)) - 71b36113-8e0f-4dd8-8e3f-8d28841b693a: start 71b36113-8e0f-4dd8-8e3f-8d28841b693a@group-D3B7D0F535DE-FollowerState
2022-09-19 13:51:17,862 [grpc-default-executor-2] INFO  impl.VoteContext (VoteContext.java:log(48)) - 177f7a3a-c358-4ca7-a586-caf38fdff25d@group-D3B7D0F535DE-FOLLOWER: accept ELECTION from 7c10063f-3b8f-4dae-b7c3-dc89125a4637: our priority 0 <= candidate's priority 0
2022-09-19 13:51:17,865 [grpc-default-executor-2] INFO  server.RaftServer$Division (RaftServerImpl.java:setRole(299)) - 177f7a3a-c358-4ca7-a586-caf38fdff25d@group-D3B7D0F535DE: changes role from  FOLLOWER to FOLLOWER at term 1 for candidate:7c10063f-3b8f-4dae-b7c3-dc89125a4637
2022-09-19 13:51:17,865 [grpc-default-executor-2] INFO  impl.RoleInfo (RoleInfo.java:shutdownFollowerState(110)) - 177f7a3a-c358-4ca7-a586-caf38fdff25d: shutdown 177f7a3a-c358-4ca7-a586-caf38fdff25d@group-D3B7D0F535DE-FollowerState
2022-09-19 13:51:17,866 [grpc-default-executor-2] INFO  impl.RoleInfo (RoleInfo.java:updateAndGet(139)) - 177f7a3a-c358-4ca7-a586-caf38fdff25d: start 177f7a3a-c358-4ca7-a586-caf38fdff25d@group-D3B7D0F535DE-FollowerState
2022-09-19 13:51:17,866 [177f7a3a-c358-4ca7-a586-caf38fdff25d@group-D3B7D0F535DE-FollowerState] INFO  impl.FollowerState (FollowerState.java:run(152)) - 177f7a3a-c358-4ca7-a586-caf38fdff25d@group-D3B7D0F535DE-FollowerState was interrupted
2022-09-19 13:51:17,868 [grpc-default-executor-0] INFO  server.RaftServer$Division (RaftServerImpl.java:requestVote(1184)) - 71b36113-8e0f-4dd8-8e3f-8d28841b693a@group-D3B7D0F535DE replies to ELECTION vote request: 7c10063f-3b8f-4dae-b7c3-dc89125a4637<-71b36113-8e0f-4dd8-8e3f-8d28841b693a#0:FAIL-t1. Peer's state: 71b36113-8e0f-4dd8-8e3f-8d28841b693a@group-D3B7D0F535DE:t1, leader=null, voted=null, raftlog=71b36113-8e0f-4dd8-8e3f-8d28841b693a@group-D3B7D0F535DE-SegmentedRaftLog:OPENED:c-1, conf=-1: [7c10063f-3b8f-4dae-b7c3-dc89125a4637|rpc:10.1.0.102:35125|priority:0, 177f7a3a-c358-4ca7-a586-caf38fdff25d|rpc:10.1.0.102:41369|priority:0, 71b36113-8e0f-4dd8-8e3f-8d28841b693a|rpc:10.1.0.102:34867|priority:1], old=null
2022-09-19 13:51:17,869 [grpc-default-executor-2] INFO  server.RaftServer$Division (RaftServerImpl.java:requestVote(1184)) - 177f7a3a-c358-4ca7-a586-caf38fdff25d@group-D3B7D0F535DE replies to ELECTION vote request: 7c10063f-3b8f-4dae-b7c3-dc89125a4637<-177f7a3a-c358-4ca7-a586-caf38fdff25d#0:OK-t1. Peer's state: 177f7a3a-c358-4ca7-a586-caf38fdff25d@group-D3B7D0F535DE:t1, leader=null, voted=7c10063f-3b8f-4dae-b7c3-dc89125a4637, raftlog=177f7a3a-c358-4ca7-a586-caf38fdff25d@group-D3B7D0F535DE-SegmentedRaftLog:OPENED:c-1, conf=-1: [7c10063f-3b8f-4dae-b7c3-dc89125a4637|rpc:10.1.0.102:35125|dataStream:|priority:0, 177f7a3a-c358-4ca7-a586-caf38fdff25d|rpc:10.1.0.102:41369|dataStream:|priority:0, 71b36113-8e0f-4dd8-8e3f-8d28841b693a|rpc:10.1.0.102:34867|dataStream:|priority:1], old=null
2022-09-19 13:51:17,873 [7c10063f-3b8f-4dae-b7c3-dc89125a4637@group-D3B7D0F535DE-LeaderElection2] INFO  impl.LeaderElection (LeaderElection.java:logAndReturn(90)) - 7c10063f-3b8f-4dae-b7c3-dc89125a4637@group-D3B7D0F535DE-LeaderElection2: ELECTION REJECTED received 2 response(s) and 0 exception(s):
2022-09-19 13:51:17,873 [7c10063f-3b8f-4dae-b7c3-dc89125a4637@group-D3B7D0F535DE-LeaderElection2] INFO  impl.LeaderElection (LeaderElection.java:logAndReturn(94)) -   Response 0: 7c10063f-3b8f-4dae-b7c3-dc89125a4637<-177f7a3a-c358-4ca7-a586-caf38fdff25d#0:OK-t1
2022-09-19 13:51:17,873 [7c10063f-3b8f-4dae-b7c3-dc89125a4637@group-D3B7D0F535DE-LeaderElection2] INFO  impl.LeaderElection (LeaderElection.java:logAndReturn(94)) -   Response 1: 7c10063f-3b8f-4dae-b7c3-dc89125a4637<-71b36113-8e0f-4dd8-8e3f-8d28841b693a#0:FAIL-t1
2022-09-19 13:51:17,873 [7c10063f-3b8f-4dae-b7c3-dc89125a4637@group-D3B7D0F535DE-LeaderElection2] INFO  impl.LeaderElection (LeaderElection.java:askForVotes(312)) - 7c10063f-3b8f-4dae-b7c3-dc89125a4637@group-D3B7D0F535DE-LeaderElection2 ELECTION round 0: result REJECTED
2022-09-19 13:51:17,873 [7c10063f-3b8f-4dae-b7c3-dc89125a4637@group-D3B7D0F535DE-LeaderElection2] INFO  server.RaftServer$Division (RaftServerImpl.java:setRole(299)) - 7c10063f-3b8f-4dae-b7c3-dc89125a4637@group-D3B7D0F535DE: changes role from CANDIDATE to FOLLOWER at term 1 for REJECTED
2022-09-19 13:51:17,874 [7c10063f-3b8f-4dae-b7c3-dc89125a4637@group-D3B7D0F535DE-LeaderElection2] INFO  impl.RoleInfo (RoleInfo.java:shutdownLeaderElection(130)) - 7c10063f-3b8f-4dae-b7c3-dc89125a4637: shutdown 7c10063f-3b8f-4dae-b7c3-dc89125a4637@group-D3B7D0F535DE-LeaderElection2
2022-09-19 13:51:17,874 [7c10063f-3b8f-4dae-b7c3-dc89125a4637@group-D3B7D0F535DE-LeaderElection2] INFO  impl.RoleInfo (RoleInfo.java:updateAndGet(139)) - 7c10063f-3b8f-4dae-b7c3-dc89125a4637: start 7c10063f-3b8f-4dae-b7c3-dc89125a4637@group-D3B7D0F535DE-FollowerState
2022-09-19 13:51:18,252 [71b36113-8e0f-4dd8-8e3f-8d28841b693a@group-39FB3BEACC55-FollowerState] INFO  impl.FollowerState (FollowerState.java:run(143)) - 71b36113-8e0f-4dd8-8e3f-8d28841b693a@group-39FB3BEACC55-FollowerState: change to CANDIDATE, lastRpcElapsedTime:5116380849ns, electionTimeout:5108ms
2022-09-19 13:51:18,254 [71b36113-8e0f-4dd8-8e3f-8d28841b693a@group-39FB3BEACC55-FollowerState] INFO  impl.RoleInfo (RoleInfo.java:shutdownFollowerState(110)) - 71b36113-8e0f-4dd8-8e3f-8d28841b693a: shutdown 71b36113-8e0f-4dd8-8e3f-8d28841b693a@group-39FB3BEACC55-FollowerState
2022-09-19 13:51:18,254 [71b36113-8e0f-4dd8-8e3f-8d28841b693a@group-39FB3BEACC55-FollowerState] INFO  server.RaftServer$Division (RaftServerImpl.java:setRole(299)) - 71b36113-8e0f-4dd8-8e3f-8d28841b693a@group-39FB3BEACC55: changes role from  FOLLOWER to CANDIDATE at term 0 for changeToCandidate
2022-09-19 13:51:18,254 [71b36113-8e0f-4dd8-8e3f-8d28841b693a@group-39FB3BEACC55-FollowerState] INFO  server.RaftServerConfigKeys (ConfUtils.java:logGet(46)) - raft.server.leaderelection.pre-vote = false (custom)
2022-09-19 13:51:18,254 [71b36113-8e0f-4dd8-8e3f-8d28841b693a@group-39FB3BEACC55-FollowerState] INFO  impl.RoleInfo (RoleInfo.java:updateAndGet(139)) - 71b36113-8e0f-4dd8-8e3f-8d28841b693a: start 71b36113-8e0f-4dd8-8e3f-8d28841b693a@group-39FB3BEACC55-LeaderElection4
2022-09-19 13:51:18,258 [71b36113-8e0f-4dd8-8e3f-8d28841b693a@group-39FB3BEACC55-LeaderElection4] INFO  impl.LeaderElection (LeaderElection.java:askForVotes(310)) - 71b36113-8e0f-4dd8-8e3f-8d28841b693a@group-39FB3BEACC55-LeaderElection4 ELECTION round 0: submit vote requests at term 1 for -1: [71b36113-8e0f-4dd8-8e3f-8d28841b693a|rpc:10.1.0.102:34867|priority:1], old=null
2022-09-19 13:51:18,258 [71b36113-8e0f-4dd8-8e3f-8d28841b693a@group-39FB3BEACC55-LeaderElection4] INFO  impl.LeaderElection (LeaderElection.java:askForVotes(312)) - 71b36113-8e0f-4dd8-8e3f-8d28841b693a@group-39FB3BEACC55-LeaderElection4 ELECTION round 0: result PASSED (term=1)
2022-09-19 13:51:18,258 [71b36113-8e0f-4dd8-8e3f-8d28841b693a@group-39FB3BEACC55-LeaderElection4] INFO  impl.RoleInfo (RoleInfo.java:shutdownLeaderElection(130)) - 71b36113-8e0f-4dd8-8e3f-8d28841b693a: shutdown 71b36113-8e0f-4dd8-8e3f-8d28841b693a@group-39FB3BEACC55-LeaderElection4
2022-09-19 13:51:18,258 [71b36113-8e0f-4dd8-8e3f-8d28841b693a@group-39FB3BEACC55-LeaderElection4] INFO  server.RaftServer$Division (RaftServerImpl.java:setRole(299)) - 71b36113-8e0f-4dd8-8e3f-8d28841b693a@group-39FB3BEACC55: changes role from CANDIDATE to LEADER at term 1 for changeToLeader
2022-09-19 13:51:18,258 [71b36113-8e0f-4dd8-8e3f-8d28841b693a@group-39FB3BEACC55-LeaderElection4] INFO  ratis.XceiverServerRatis (XceiverServerRatis.java:handleLeaderChangedNotification(863)) - Leader change notification received for group: group-39FB3BEACC55 with new leaderId: 71b36113-8e0f-4dd8-8e3f-8d28841b693a
2022-09-19 13:51:18,258 [71b36113-8e0f-4dd8-8e3f-8d28841b693a@group-39FB3BEACC55-LeaderElection4] INFO  server.RaftServer$Division (ServerState.java:setLeader(287)) - 71b36113-8e0f-4dd8-8e3f-8d28841b693a@group-39FB3BEACC55: change Leader from null to 71b36113-8e0f-4dd8-8e3f-8d28841b693a at term 1 for becomeLeader, leader elected after 5152ms
2022-09-19 13:51:18,258 [71b36113-8e0f-4dd8-8e3f-8d28841b693a@group-39FB3BEACC55-LeaderElection4] INFO  server.RaftServerConfigKeys (ConfUtils.java:logGet(46)) - raft.server.staging.catchup.gap = 1000 (default)
2022-09-19 13:51:18,259 [71b36113-8e0f-4dd8-8e3f-8d28841b693a@group-39FB3BEACC55-LeaderElection4] INFO  server.RaftServerConfigKeys (ConfUtils.java:logGet(46)) - raft.server.write.element-limit = 1024 (custom)
2022-09-19 13:51:18,259 [71b36113-8e0f-4dd8-8e3f-8d28841b693a@group-39FB3BEACC55-LeaderElection4] INFO  server.RaftServerConfigKeys (ConfUtils.java:logGet(46)) - raft.server.write.byte-limit = 1024 M (=1073741824) (custom)
2022-09-19 13:51:18,260 [71b36113-8e0f-4dd8-8e3f-8d28841b693a@group-39FB3BEACC55-LeaderElection4] INFO  server.RaftServerConfigKeys (ConfUtils.java:logGet(46)) - raft.server.watch.timeout = 180s (custom)
2022-09-19 13:51:18,260 [71b36113-8e0f-4dd8-8e3f-8d28841b693a@group-39FB3BEACC55-LeaderElection4] INFO  server.RaftServerConfigKeys (ConfUtils.java:logGet(46)) - raft.server.watch.timeout.denomination = 1s (default)
2022-09-19 13:51:18,260 [71b36113-8e0f-4dd8-8e3f-8d28841b693a@group-39FB3BEACC55-LeaderElection4] INFO  server.RaftServerConfigKeys (ConfUtils.java:logGet(46)) - raft.server.watch.element-limit = 65536 (default)
2022-09-19 13:51:18,260 [71b36113-8e0f-4dd8-8e3f-8d28841b693a@group-39FB3BEACC55-LeaderElection4] INFO  server.RaftServerConfigKeys (ConfUtils.java:logGet(46)) - raft.server.write.element-limit = 1024 (custom)
2022-09-19 13:51:18,260 [71b36113-8e0f-4dd8-8e3f-8d28841b693a@group-39FB3BEACC55-LeaderElection4] INFO  server.RaftServerConfigKeys (ConfUtils.java:logGet(46)) - raft.server.write.follower.gap.ratio.max = -1.0 (default)
2022-09-19 13:51:18,260 [71b36113-8e0f-4dd8-8e3f-8d28841b693a@group-39FB3BEACC55-LeaderElection4] INFO  impl.RoleInfo (RoleInfo.java:updateAndGet(139)) - 71b36113-8e0f-4dd8-8e3f-8d28841b693a: start 71b36113-8e0f-4dd8-8e3f-8d28841b693a@group-39FB3BEACC55-LeaderStateImpl
2022-09-19 13:51:18,260 [71b36113-8e0f-4dd8-8e3f-8d28841b693a@group-39FB3BEACC55-LeaderElection4] INFO  segmented.SegmentedRaftLogWorker (SegmentedRaftLogWorker.java:startLogSegment(425)) - 71b36113-8e0f-4dd8-8e3f-8d28841b693a@group-39FB3BEACC55-SegmentedRaftLogWorker: Starting segment from index:0
2022-09-19 13:51:18,261 [EventQueue-OpenPipelineForHealthyPipelineSafeModeRule] INFO  safemode.SCMSafeModeManager (HealthyPipelineSafeModeRule.java:process(137)) - SCM in safe mode. Healthy pipelines reported count is 0, required healthy pipeline reported count is 1
2022-09-19 13:51:18,264 [71b36113-8e0f-4dd8-8e3f-8d28841b693a@group-39FB3BEACC55-LeaderElection4] INFO  server.RaftServer$Division (ServerState.java:setRaftConf(393)) - 71b36113-8e0f-4dd8-8e3f-8d28841b693a@group-39FB3BEACC55: set configuration 0: [71b36113-8e0f-4dd8-8e3f-8d28841b693a|rpc:10.1.0.102:34867|dataStream:|priority:1], old=null
2022-09-19 13:51:18,263 [71b36113-8e0f-4dd8-8e3f-8d28841b693a@group-39FB3BEACC55-SegmentedRaftLogWorker] INFO  segmented.SegmentedRaftLogWorker (SegmentedRaftLogWorker.java:execute(629)) - 71b36113-8e0f-4dd8-8e3f-8d28841b693a@group-39FB3BEACC55-SegmentedRaftLogWorker: created new log segment /home/runner/work/ozone/ozone/hadoop-ozone/integration-test/target/test-dir/MiniOzoneClusterImpl-dbfde215-b7d4-4534-b4eb-abad1aeb9004/datanode-1/data/ratis/42273650-5aec-434c-a621-39fb3beacc55/current/log_inprogress_0
2022-09-19 13:51:18,621 [177f7a3a-c358-4ca7-a586-caf38fdff25d@group-38EC75CE757F-FollowerState] INFO  impl.FollowerState (FollowerState.java:run(143)) - 177f7a3a-c358-4ca7-a586-caf38fdff25d@group-38EC75CE757F-FollowerState: change to CANDIDATE, lastRpcElapsedTime:5118330485ns, electionTimeout:5104ms
2022-09-19 13:51:18,621 [177f7a3a-c358-4ca7-a586-caf38fdff25d@group-38EC75CE757F-FollowerState] INFO  impl.RoleInfo (RoleInfo.java:shutdownFollowerState(110)) - 177f7a3a-c358-4ca7-a586-caf38fdff25d: shutdown 177f7a3a-c358-4ca7-a586-caf38fdff25d@group-38EC75CE757F-FollowerState
2022-09-19 13:51:18,621 [177f7a3a-c358-4ca7-a586-caf38fdff25d@group-38EC75CE757F-FollowerState] INFO  server.RaftServer$Division (RaftServerImpl.java:setRole(299)) - 177f7a3a-c358-4ca7-a586-caf38fdff25d@group-38EC75CE757F: changes role from  FOLLOWER to CANDIDATE at term 0 for changeToCandidate
2022-09-19 13:51:18,621 [177f7a3a-c358-4ca7-a586-caf38fdff25d@group-38EC75CE757F-FollowerState] INFO  server.RaftServerConfigKeys (ConfUtils.java:logGet(46)) - raft.server.leaderelection.pre-vote = false (custom)
2022-09-19 13:51:18,621 [177f7a3a-c358-4ca7-a586-caf38fdff25d@group-38EC75CE757F-FollowerState] INFO  impl.RoleInfo (RoleInfo.java:updateAndGet(139)) - 177f7a3a-c358-4ca7-a586-caf38fdff25d: start 177f7a3a-c358-4ca7-a586-caf38fdff25d@group-38EC75CE757F-LeaderElection5
2022-09-19 13:51:18,623 [7c10063f-3b8f-4dae-b7c3-dc89125a4637@group-8512109BE02C-FollowerState] INFO  impl.FollowerState (FollowerState.java:run(143)) - 7c10063f-3b8f-4dae-b7c3-dc89125a4637@group-8512109BE02C-FollowerState: change to CANDIDATE, lastRpcElapsedTime:5091719919ns, electionTimeout:5090ms
2022-09-19 13:51:18,623 [7c10063f-3b8f-4dae-b7c3-dc89125a4637@group-8512109BE02C-FollowerState] INFO  impl.RoleInfo (RoleInfo.java:shutdownFollowerState(110)) - 7c10063f-3b8f-4dae-b7c3-dc89125a4637: shutdown 7c10063f-3b8f-4dae-b7c3-dc89125a4637@group-8512109BE02C-FollowerState
2022-09-19 13:51:18,623 [7c10063f-3b8f-4dae-b7c3-dc89125a4637@group-8512109BE02C-FollowerState] INFO  server.RaftServer$Division (RaftServerImpl.java:setRole(299)) - 7c10063f-3b8f-4dae-b7c3-dc89125a4637@group-8512109BE02C: changes role from  FOLLOWER to CANDIDATE at term 0 for changeToCandidate
2022-09-19 13:51:18,624 [7c10063f-3b8f-4dae-b7c3-dc89125a4637@group-8512109BE02C-FollowerState] INFO  server.RaftServerConfigKeys (ConfUtils.java:logGet(46)) - raft.server.leaderelection.pre-vote = false (custom)
2022-09-19 13:51:18,624 [7c10063f-3b8f-4dae-b7c3-dc89125a4637@group-8512109BE02C-FollowerState] INFO  impl.RoleInfo (RoleInfo.java:updateAndGet(139)) - 7c10063f-3b8f-4dae-b7c3-dc89125a4637: start 7c10063f-3b8f-4dae-b7c3-dc89125a4637@group-8512109BE02C-LeaderElection6
2022-09-19 13:51:18,627 [177f7a3a-c358-4ca7-a586-caf38fdff25d@group-38EC75CE757F-LeaderElection5] INFO  impl.LeaderElection (LeaderElection.java:askForVotes(310)) - 177f7a3a-c358-4ca7-a586-caf38fdff25d@group-38EC75CE757F-LeaderElection5 ELECTION round 0: submit vote requests at term 1 for -1: [177f7a3a-c358-4ca7-a586-caf38fdff25d|rpc:10.1.0.102:41369|priority:1], old=null
2022-09-19 13:51:18,627 [177f7a3a-c358-4ca7-a586-caf38fdff25d@group-38EC75CE757F-LeaderElection5] INFO  impl.LeaderElection (LeaderElection.java:askForVotes(312)) - 177f7a3a-c358-4ca7-a586-caf38fdff25d@group-38EC75CE757F-LeaderElection5 ELECTION round 0: result PASSED (term=1)
2022-09-19 13:51:18,627 [177f7a3a-c358-4ca7-a586-caf38fdff25d@group-38EC75CE757F-LeaderElection5] INFO  impl.RoleInfo (RoleInfo.java:shutdownLeaderElection(130)) - 177f7a3a-c358-4ca7-a586-caf38fdff25d: shutdown 177f7a3a-c358-4ca7-a586-caf38fdff25d@group-38EC75CE757F-LeaderElection5
2022-09-19 13:51:18,627 [177f7a3a-c358-4ca7-a586-caf38fdff25d@group-38EC75CE757F-LeaderElection5] INFO  server.RaftServer$Division (RaftServerImpl.java:setRole(299)) - 177f7a3a-c358-4ca7-a586-caf38fdff25d@group-38EC75CE757F: changes role from CANDIDATE to LEADER at term 1 for changeToLeader
2022-09-19 13:51:18,627 [177f7a3a-c358-4ca7-a586-caf38fdff25d@group-38EC75CE757F-LeaderElection5] INFO  ratis.XceiverServerRatis (XceiverServerRatis.java:handleLeaderChangedNotification(863)) - Leader change notification received for group: group-38EC75CE757F with new leaderId: 177f7a3a-c358-4ca7-a586-caf38fdff25d
2022-09-19 13:51:18,628 [177f7a3a-c358-4ca7-a586-caf38fdff25d@group-38EC75CE757F-LeaderElection5] INFO  server.RaftServer$Division (ServerState.java:setLeader(287)) - 177f7a3a-c358-4ca7-a586-caf38fdff25d@group-38EC75CE757F: change Leader from null to 177f7a3a-c358-4ca7-a586-caf38fdff25d at term 1 for becomeLeader, leader elected after 5150ms
2022-09-19 13:51:18,628 [177f7a3a-c358-4ca7-a586-caf38fdff25d@group-38EC75CE757F-LeaderElection5] INFO  server.RaftServerConfigKeys (ConfUtils.java:logGet(46)) - raft.server.staging.catchup.gap = 1000 (default)
2022-09-19 13:51:18,629 [7c10063f-3b8f-4dae-b7c3-dc89125a4637@group-8512109BE02C-LeaderElection6] INFO  impl.LeaderElection (LeaderElection.java:askForVotes(310)) - 7c10063f-3b8f-4dae-b7c3-dc89125a4637@group-8512109BE02C-LeaderElection6 ELECTION round 0: submit vote requests at term 1 for -1: [7c10063f-3b8f-4dae-b7c3-dc89125a4637|rpc:10.1.0.102:35125|priority:1, 177f7a3a-c358-4ca7-a586-caf38fdff25d|rpc:10.1.0.102:41369|priority:0, 71b36113-8e0f-4dd8-8e3f-8d28841b693a|rpc:10.1.0.102:34867|priority:0], old=null
2022-09-19 13:51:18,630 [177f7a3a-c358-4ca7-a586-caf38fdff25d@group-38EC75CE757F-LeaderElection5] INFO  server.RaftServerConfigKeys (ConfUtils.java:logGet(46)) - raft.server.write.element-limit = 1024 (custom)
2022-09-19 13:51:18,630 [177f7a3a-c358-4ca7-a586-caf38fdff25d@group-38EC75CE757F-LeaderElection5] INFO  server.RaftServerConfigKeys (ConfUtils.java:logGet(46)) - raft.server.write.byte-limit = 1024 M (=1073741824) (custom)
2022-09-19 13:51:18,631 [EventQueue-OpenPipelineForHealthyPipelineSafeModeRule] INFO  safemode.SCMSafeModeManager (HealthyPipelineSafeModeRule.java:process(137)) - SCM in safe mode. Healthy pipelines reported count is 0, required healthy pipeline reported count is 1
2022-09-19 13:51:18,642 [grpc-default-executor-0] INFO  server.RaftServer$Division (RaftServerImpl.java:requestVote(1152)) - 177f7a3a-c358-4ca7-a586-caf38fdff25d@group-8512109BE02C: receive requestVote(ELECTION, 7c10063f-3b8f-4dae-b7c3-dc89125a4637, group-8512109BE02C, 1, (t:0, i:0))
2022-09-19 13:51:18,643 [grpc-default-executor-0] INFO  impl.VoteContext (VoteContext.java:log(48)) - 177f7a3a-c358-4ca7-a586-caf38fdff25d@group-8512109BE02C-FOLLOWER: accept ELECTION from 7c10063f-3b8f-4dae-b7c3-dc89125a4637: our priority 0 <= candidate's priority 1
2022-09-19 13:51:18,645 [grpc-default-executor-0] INFO  server.RaftServer$Division (RaftServerImpl.java:setRole(299)) - 177f7a3a-c358-4ca7-a586-caf38fdff25d@group-8512109BE02C: changes role from  FOLLOWER to FOLLOWER at term 1 for candidate:7c10063f-3b8f-4dae-b7c3-dc89125a4637
2022-09-19 13:51:18,645 [grpc-default-executor-0] INFO  impl.RoleInfo (RoleInfo.java:shutdownFollowerState(110)) - 177f7a3a-c358-4ca7-a586-caf38fdff25d: shutdown 177f7a3a-c358-4ca7-a586-caf38fdff25d@group-8512109BE02C-FollowerState
2022-09-19 13:51:18,646 [grpc-default-executor-0] INFO  impl.RoleInfo (RoleInfo.java:updateAndGet(139)) - 177f7a3a-c358-4ca7-a586-caf38fdff25d: start 177f7a3a-c358-4ca7-a586-caf38fdff25d@group-8512109BE02C-FollowerState
2022-09-19 13:51:18,646 [177f7a3a-c358-4ca7-a586-caf38fdff25d@group-8512109BE02C-FollowerState] INFO  impl.FollowerState (FollowerState.java:run(152)) - 177f7a3a-c358-4ca7-a586-caf38fdff25d@group-8512109BE02C-FollowerState was interrupted
2022-09-19 13:51:18,649 [177f7a3a-c358-4ca7-a586-caf38fdff25d@group-38EC75CE757F-LeaderElection5] INFO  server.RaftServerConfigKeys (ConfUtils.java:logGet(46)) - raft.server.watch.timeout = 180s (custom)
2022-09-19 13:51:18,649 [177f7a3a-c358-4ca7-a586-caf38fdff25d@group-38EC75CE757F-LeaderElection5] INFO  server.RaftServerConfigKeys (ConfUtils.java:logGet(46)) - raft.server.watch.timeout.denomination = 1s (default)
2022-09-19 13:51:18,649 [177f7a3a-c358-4ca7-a586-caf38fdff25d@group-38EC75CE757F-LeaderElection5] INFO  server.RaftServerConfigKeys (ConfUtils.java:logGet(46)) - raft.server.watch.element-limit = 65536 (default)
2022-09-19 13:51:18,649 [177f7a3a-c358-4ca7-a586-caf38fdff25d@group-38EC75CE757F-LeaderElection5] INFO  server.RaftServerConfigKeys (ConfUtils.java:logGet(46)) - raft.server.write.element-limit = 1024 (custom)
2022-09-19 13:51:18,649 [177f7a3a-c358-4ca7-a586-caf38fdff25d@group-38EC75CE757F-LeaderElection5] INFO  server.RaftServerConfigKeys (ConfUtils.java:logGet(46)) - raft.server.write.follower.gap.ratio.max = -1.0 (default)
2022-09-19 13:51:18,649 [177f7a3a-c358-4ca7-a586-caf38fdff25d@group-38EC75CE757F-LeaderElection5] INFO  impl.RoleInfo (RoleInfo.java:updateAndGet(139)) - 177f7a3a-c358-4ca7-a586-caf38fdff25d: start 177f7a3a-c358-4ca7-a586-caf38fdff25d@group-38EC75CE757F-LeaderStateImpl
2022-09-19 13:51:18,649 [177f7a3a-c358-4ca7-a586-caf38fdff25d@group-38EC75CE757F-LeaderElection5] INFO  segmented.SegmentedRaftLogWorker (SegmentedRaftLogWorker.java:startLogSegment(425)) - 177f7a3a-c358-4ca7-a586-caf38fdff25d@group-38EC75CE757F-SegmentedRaftLogWorker: Starting segment from index:0
2022-09-19 13:51:18,651 [177f7a3a-c358-4ca7-a586-caf38fdff25d@group-38EC75CE757F-SegmentedRaftLogWorker] INFO  segmented.SegmentedRaftLogWorker (SegmentedRaftLogWorker.java:execute(629)) - 177f7a3a-c358-4ca7-a586-caf38fdff25d@group-38EC75CE757F-SegmentedRaftLogWorker: created new log segment /home/runner/work/ozone/ozone/hadoop-ozone/integration-test/target/test-dir/MiniOzoneClusterImpl-dbfde215-b7d4-4534-b4eb-abad1aeb9004/datanode-2/data/ratis/40c1ec67-1c0e-4ff9-92b0-38ec75ce757f/current/log_inprogress_0
2022-09-19 13:51:18,651 [grpc-default-executor-2] INFO  server.RaftServer$Division (RaftServerImpl.java:requestVote(1152)) - 71b36113-8e0f-4dd8-8e3f-8d28841b693a@group-8512109BE02C: receive requestVote(ELECTION, 7c10063f-3b8f-4dae-b7c3-dc89125a4637, group-8512109BE02C, 1, (t:0, i:0))
2022-09-19 13:51:18,651 [grpc-default-executor-0] INFO  server.RaftServer$Division (RaftServerImpl.java:requestVote(1184)) - 177f7a3a-c358-4ca7-a586-caf38fdff25d@group-8512109BE02C replies to ELECTION vote request: 7c10063f-3b8f-4dae-b7c3-dc89125a4637<-177f7a3a-c358-4ca7-a586-caf38fdff25d#0:OK-t1. Peer's state: 177f7a3a-c358-4ca7-a586-caf38fdff25d@group-8512109BE02C:t1, leader=null, voted=7c10063f-3b8f-4dae-b7c3-dc89125a4637, raftlog=177f7a3a-c358-4ca7-a586-caf38fdff25d@group-8512109BE02C-SegmentedRaftLog:OPENED:c-1, conf=-1: [7c10063f-3b8f-4dae-b7c3-dc89125a4637|rpc:10.1.0.102:35125|priority:1, 177f7a3a-c358-4ca7-a586-caf38fdff25d|rpc:10.1.0.102:41369|priority:0, 71b36113-8e0f-4dd8-8e3f-8d28841b693a|rpc:10.1.0.102:34867|priority:0], old=null
2022-09-19 13:51:18,651 [grpc-default-executor-2] INFO  impl.VoteContext (VoteContext.java:log(48)) - 71b36113-8e0f-4dd8-8e3f-8d28841b693a@group-8512109BE02C-FOLLOWER: accept ELECTION from 7c10063f-3b8f-4dae-b7c3-dc89125a4637: our priority 0 <= candidate's priority 1
2022-09-19 13:51:18,652 [grpc-default-executor-2] INFO  server.RaftServer$Division (RaftServerImpl.java:setRole(299)) - 71b36113-8e0f-4dd8-8e3f-8d28841b693a@group-8512109BE02C: changes role from  FOLLOWER to FOLLOWER at term 1 for candidate:7c10063f-3b8f-4dae-b7c3-dc89125a4637
2022-09-19 13:51:18,652 [grpc-default-executor-2] INFO  impl.RoleInfo (RoleInfo.java:shutdownFollowerState(110)) - 71b36113-8e0f-4dd8-8e3f-8d28841b693a: shutdown 71b36113-8e0f-4dd8-8e3f-8d28841b693a@group-8512109BE02C-FollowerState
2022-09-19 13:51:18,653 [grpc-default-executor-2] INFO  impl.RoleInfo (RoleInfo.java:updateAndGet(139)) - 71b36113-8e0f-4dd8-8e3f-8d28841b693a: start 71b36113-8e0f-4dd8-8e3f-8d28841b693a@group-8512109BE02C-FollowerState
2022-09-19 13:51:18,653 [71b36113-8e0f-4dd8-8e3f-8d28841b693a@group-8512109BE02C-FollowerState] INFO  impl.FollowerState (FollowerState.java:run(152)) - 71b36113-8e0f-4dd8-8e3f-8d28841b693a@group-8512109BE02C-FollowerState was interrupted
2022-09-19 13:51:18,660 [177f7a3a-c358-4ca7-a586-caf38fdff25d@group-38EC75CE757F-LeaderElection5] INFO  server.RaftServer$Division (ServerState.java:setRaftConf(393)) - 177f7a3a-c358-4ca7-a586-caf38fdff25d@group-38EC75CE757F: set configuration 0: [177f7a3a-c358-4ca7-a586-caf38fdff25d|rpc:10.1.0.102:41369|dataStream:|priority:1], old=null
2022-09-19 13:51:18,660 [grpc-default-executor-2] INFO  server.RaftServer$Division (RaftServerImpl.java:requestVote(1184)) - 71b36113-8e0f-4dd8-8e3f-8d28841b693a@group-8512109BE02C replies to ELECTION vote request: 7c10063f-3b8f-4dae-b7c3-dc89125a4637<-71b36113-8e0f-4dd8-8e3f-8d28841b693a#0:OK-t1. Peer's state: 71b36113-8e0f-4dd8-8e3f-8d28841b693a@group-8512109BE02C:t1, leader=null, voted=7c10063f-3b8f-4dae-b7c3-dc89125a4637, raftlog=71b36113-8e0f-4dd8-8e3f-8d28841b693a@group-8512109BE02C-SegmentedRaftLog:OPENED:c-1, conf=-1: [7c10063f-3b8f-4dae-b7c3-dc89125a4637|rpc:10.1.0.102:35125|priority:1, 177f7a3a-c358-4ca7-a586-caf38fdff25d|rpc:10.1.0.102:41369|priority:0, 71b36113-8e0f-4dd8-8e3f-8d28841b693a|rpc:10.1.0.102:34867|priority:0], old=null
2022-09-19 13:51:18,662 [7c10063f-3b8f-4dae-b7c3-dc89125a4637@group-8512109BE02C-LeaderElection6] INFO  impl.LeaderElection (LeaderElection.java:logAndReturn(90)) - 7c10063f-3b8f-4dae-b7c3-dc89125a4637@group-8512109BE02C-LeaderElection6: ELECTION PASSED received 1 response(s) and 0 exception(s):
2022-09-19 13:51:18,662 [7c10063f-3b8f-4dae-b7c3-dc89125a4637@group-8512109BE02C-LeaderElection6] INFO  impl.LeaderElection (LeaderElection.java:logAndReturn(94)) -   Response 0: 7c10063f-3b8f-4dae-b7c3-dc89125a4637<-177f7a3a-c358-4ca7-a586-caf38fdff25d#0:OK-t1
2022-09-19 13:51:18,663 [7c10063f-3b8f-4dae-b7c3-dc89125a4637@group-8512109BE02C-LeaderElection6] INFO  impl.LeaderElection (LeaderElection.java:askForVotes(312)) - 7c10063f-3b8f-4dae-b7c3-dc89125a4637@group-8512109BE02C-LeaderElection6 ELECTION round 0: result PASSED
2022-09-19 13:51:18,663 [7c10063f-3b8f-4dae-b7c3-dc89125a4637@group-8512109BE02C-LeaderElection6] INFO  impl.RoleInfo (RoleInfo.java:shutdownLeaderElection(130)) - 7c10063f-3b8f-4dae-b7c3-dc89125a4637: shutdown 7c10063f-3b8f-4dae-b7c3-dc89125a4637@group-8512109BE02C-LeaderElection6
2022-09-19 13:51:18,663 [7c10063f-3b8f-4dae-b7c3-dc89125a4637@group-8512109BE02C-LeaderElection6] INFO  server.RaftServer$Division (RaftServerImpl.java:setRole(299)) - 7c10063f-3b8f-4dae-b7c3-dc89125a4637@group-8512109BE02C: changes role from CANDIDATE to LEADER at term 1 for changeToLeader
2022-09-19 13:51:18,663 [7c10063f-3b8f-4dae-b7c3-dc89125a4637@group-8512109BE02C-LeaderElection6] INFO  ratis.XceiverServerRatis (XceiverServerRatis.java:handleLeaderChangedNotification(863)) - Leader change notification received for group: group-8512109BE02C with new leaderId: 7c10063f-3b8f-4dae-b7c3-dc89125a4637
2022-09-19 13:51:18,663 [7c10063f-3b8f-4dae-b7c3-dc89125a4637@group-8512109BE02C-LeaderElection6] INFO  server.RaftServer$Division (ServerState.java:setLeader(287)) - 7c10063f-3b8f-4dae-b7c3-dc89125a4637@group-8512109BE02C: change Leader from null to 7c10063f-3b8f-4dae-b7c3-dc89125a4637 at term 1 for becomeLeader, leader elected after 5159ms
2022-09-19 13:51:18,663 [7c10063f-3b8f-4dae-b7c3-dc89125a4637@group-8512109BE02C-LeaderElection6] INFO  server.RaftServerConfigKeys (ConfUtils.java:logGet(46)) - raft.server.staging.catchup.gap = 1000 (default)
2022-09-19 13:51:18,663 [7c10063f-3b8f-4dae-b7c3-dc89125a4637@group-8512109BE02C-LeaderElection6] INFO  server.RaftServerConfigKeys (ConfUtils.java:logGet(46)) - raft.server.write.element-limit = 1024 (custom)
2022-09-19 13:51:18,663 [7c10063f-3b8f-4dae-b7c3-dc89125a4637@group-8512109BE02C-LeaderElection6] INFO  server.RaftServerConfigKeys (ConfUtils.java:logGet(46)) - raft.server.write.byte-limit = 1024 M (=1073741824) (custom)
2022-09-19 13:51:18,664 [7c10063f-3b8f-4dae-b7c3-dc89125a4637@group-8512109BE02C-LeaderElection6] INFO  server.RaftServerConfigKeys (ConfUtils.java:logGet(46)) - raft.server.watch.timeout = 180s (custom)
2022-09-19 13:51:18,664 [7c10063f-3b8f-4dae-b7c3-dc89125a4637@group-8512109BE02C-LeaderElection6] INFO  server.RaftServerConfigKeys (ConfUtils.java:logGet(46)) - raft.server.watch.timeout.denomination = 1s (default)
2022-09-19 13:51:18,664 [7c10063f-3b8f-4dae-b7c3-dc89125a4637@group-8512109BE02C-LeaderElection6] INFO  server.RaftServerConfigKeys (ConfUtils.java:logGet(46)) - raft.server.watch.element-limit = 65536 (default)
2022-09-19 13:51:18,664 [7c10063f-3b8f-4dae-b7c3-dc89125a4637@group-8512109BE02C-LeaderElection6] INFO  server.RaftServerConfigKeys (ConfUtils.java:logGet(46)) - raft.server.write.element-limit = 1024 (custom)
2022-09-19 13:51:18,664 [7c10063f-3b8f-4dae-b7c3-dc89125a4637@group-8512109BE02C-LeaderElection6] INFO  server.RaftServerConfigKeys (ConfUtils.java:logGet(46)) - raft.server.write.follower.gap.ratio.max = -1.0 (default)
2022-09-19 13:51:18,670 [EventQueue-PipelineReportForPipelineReportHandler] INFO  pipeline.PipelineManagerImpl (PipelineManagerImpl.java:openPipeline(367)) - Pipeline Pipeline[ Id: c8f7bb77-c9b5-4e35-8abd-8512109be02c, Nodes: 71b36113-8e0f-4dd8-8e3f-8d28841b693a{ip: 10.1.0.102, host: fv-az196-500.jtpmctcvnzqejnuy0st5dkw3nb.bx.internal.cloudapp.net, ports: [REPLICATION=37367, RATIS=34867, RATIS_ADMIN=34867, RATIS_SERVER=34867, STANDALONE=45269], networkLocation: /default-rack, certSerialId: null, persistedOpState: IN_SERVICE, persistedOpStateExpiryEpochSec: 0}177f7a3a-c358-4ca7-a586-caf38fdff25d{ip: 10.1.0.102, host: fv-az196-500.jtpmctcvnzqejnuy0st5dkw3nb.bx.internal.cloudapp.net, ports: [REPLICATION=36579, RATIS=41369, RATIS_ADMIN=41369, RATIS_SERVER=41369, STANDALONE=42329], networkLocation: /default-rack, certSerialId: null, persistedOpState: IN_SERVICE, persistedOpStateExpiryEpochSec: 0}7c10063f-3b8f-4dae-b7c3-dc89125a4637{ip: 10.1.0.102, host: fv-az196-500.jtpmctcvnzqejnuy0st5dkw3nb.bx.internal.cloudapp.net, ports: [REPLICATION=36405, RATIS=35125, RATIS_ADMIN=35125, RATIS_SERVER=35125, STANDALONE=36371], networkLocation: /default-rack, certSerialId: null, persistedOpState: IN_SERVICE, persistedOpStateExpiryEpochSec: 0}, ReplicationConfig: RATIS/THREE, State:ALLOCATED, leaderId:7c10063f-3b8f-4dae-b7c3-dc89125a4637, CreationTimestamp2022-09-19T13:51:10.486Z[Etc/UTC]] moved to OPEN state
2022-09-19 13:51:18,674 [EventQueue-OpenPipelineForHealthyPipelineSafeModeRule] INFO  safemode.SCMSafeModeManager (HealthyPipelineSafeModeRule.java:process(137)) - SCM in safe mode. Healthy pipelines reported count is 1, required healthy pipeline reported count is 1
2022-09-19 13:51:18,675 [EventQueue-OpenPipelineForHealthyPipelineSafeModeRule] INFO  safemode.SCMSafeModeManager (SCMSafeModeManager.java:validateSafeModeExitRules(204)) - HealthyPipelineSafeModeRule rule is successfully validated
2022-09-19 13:51:18,675 [EventQueue-OpenPipelineForHealthyPipelineSafeModeRule] INFO  safemode.SCMSafeModeManager (SCMSafeModeManager.java:validateSafeModeExitRules(219)) - ScmSafeModeManager, all rules are successfully validated
2022-09-19 13:51:18,675 [EventQueue-OpenPipelineForHealthyPipelineSafeModeRule] INFO  safemode.SCMSafeModeManager (SCMSafeModeManager.java:exitSafeMode(248)) - SCM exiting safe mode.
2022-09-19 13:51:18,675 [EventQueue-OpenPipelineForHealthyPipelineSafeModeRule] WARN  events.EventQueue (EventQueue.java:fireEvent(216)) - No event handler registered for event TypedEvent{payloadType=SafeModeStatus, name='Safe mode status'}
2022-09-19 13:51:18,675 [EventQueue-OpenPipelineForHealthyPipelineSafeModeRule] INFO  ha.SCMContext (SCMContext.java:updateSafeModeStatus(228)) - Update SafeModeStatus from SafeModeStatus{safeModeStatus=true, preCheckPassed=true} to SafeModeStatus{safeModeStatus=false, preCheckPassed=true}.
2022-09-19 13:51:18,675 [EventQueue-OpenPipelineForHealthyPipelineSafeModeRule] INFO  pipeline.BackgroundPipelineCreator (BackgroundPipelineCreator.java:notifyStatusChanged(254)) - Service BackgroundPipelineCreator transitions to RUNNING.
2022-09-19 13:51:18,675 [EventQueue-OpenPipelineForHealthyPipelineSafeModeRule] INFO  BackgroundPipelineScrubber (BackgroundSCMService.java:notifyStatusChanged(82)) - Service BackgroundPipelineScrubber transitions to RUNNING.
2022-09-19 13:51:18,675 [EventQueue-OpenPipelineForHealthyPipelineSafeModeRule] INFO  ExpiredContainerReplicaOpScrubber (BackgroundSCMService.java:notifyStatusChanged(82)) - Service ExpiredContainerReplicaOpScrubber transitions to RUNNING.
2022-09-19 13:51:18,675 [EventQueue-OpenPipelineForHealthyPipelineSafeModeRule] INFO  replication.ReplicationManager (ReplicationManager.java:notifyStatusChanged(753)) - Service ReplicationManager transitions to RUNNING.
2022-09-19 13:51:18,679 [EventQueue-OpenPipelineForHealthyPipelineSafeModeRule] WARN  balancer.ContainerBalancer (ContainerBalancer.java:shouldRun(925)) - Could not find persisted configuration for ContainerBalancer when checking if ContainerBalancer should run. ContainerBalancer should not run now.
2022-09-19 13:51:18,683 [7c10063f-3b8f-4dae-b7c3-dc89125a4637@group-8512109BE02C-LeaderElection6] INFO  server.RaftServerConfigKeys (ConfUtils.java:logGet(46)) - raft.server.log.appender.snapshot.chunk.size.max = 16MB (=16777216) (default)
2022-09-19 13:51:18,683 [7c10063f-3b8f-4dae-b7c3-dc89125a4637@group-8512109BE02C-LeaderElection6] INFO  server.RaftServerConfigKeys (ConfUtils.java:logGet(46)) - raft.server.log.appender.buffer.byte-limit = 33554432 (custom)
2022-09-19 13:51:18,684 [7c10063f-3b8f-4dae-b7c3-dc89125a4637@group-8512109BE02C-LeaderElection6] INFO  server.RaftServerConfigKeys (ConfUtils.java:logGet(46)) - raft.server.log.appender.buffer.element-limit = 1 (custom)
2022-09-19 13:51:18,686 [7c10063f-3b8f-4dae-b7c3-dc89125a4637@group-8512109BE02C-LeaderElection6] INFO  grpc.GrpcConfigKeys (ConfUtils.java:logGet(46)) - raft.grpc.server.leader.outstanding.appends.max = 128 (default)
2022-09-19 13:51:18,686 [7c10063f-3b8f-4dae-b7c3-dc89125a4637@group-8512109BE02C-LeaderElection6] INFO  server.RaftServerConfigKeys (ConfUtils.java:logGet(46)) - raft.server.rpc.request.timeout = 60s (custom)
2022-09-19 13:51:18,686 [7c10063f-3b8f-4dae-b7c3-dc89125a4637@group-8512109BE02C-LeaderElection6] INFO  server.RaftServerConfigKeys (ConfUtils.java:logGet(46)) - raft.server.log.appender.install.snapshot.enabled = false (custom)
2022-09-19 13:51:18,688 [7c10063f-3b8f-4dae-b7c3-dc89125a4637@group-8512109BE02C-LeaderElection6] INFO  server.RaftServerConfigKeys (ConfUtils.java:logGet(46)) - raft.server.log.appender.snapshot.chunk.size.max = 16MB (=16777216) (default)
2022-09-19 13:51:18,688 [7c10063f-3b8f-4dae-b7c3-dc89125a4637@group-8512109BE02C-LeaderElection6] INFO  server.RaftServerConfigKeys (ConfUtils.java:logGet(46)) - raft.server.log.appender.buffer.byte-limit = 33554432 (custom)
2022-09-19 13:51:18,688 [7c10063f-3b8f-4dae-b7c3-dc89125a4637@group-8512109BE02C-LeaderElection6] INFO  server.RaftServerConfigKeys (ConfUtils.java:logGet(46)) - raft.server.log.appender.buffer.element-limit = 1 (custom)
2022-09-19 13:51:18,688 [7c10063f-3b8f-4dae-b7c3-dc89125a4637@group-8512109BE02C-LeaderElection6] INFO  grpc.GrpcConfigKeys (ConfUtils.java:logGet(46)) - raft.grpc.server.leader.outstanding.appends.max = 128 (default)
2022-09-19 13:51:18,688 [7c10063f-3b8f-4dae-b7c3-dc89125a4637@group-8512109BE02C-LeaderElection6] INFO  server.RaftServerConfigKeys (ConfUtils.java:logGet(46)) - raft.server.rpc.request.timeout = 60s (custom)
2022-09-19 13:51:18,688 [7c10063f-3b8f-4dae-b7c3-dc89125a4637@group-8512109BE02C-LeaderElection6] INFO  server.RaftServerConfigKeys (ConfUtils.java:logGet(46)) - raft.server.log.appender.install.snapshot.enabled = false (custom)
2022-09-19 13:51:18,689 [7c10063f-3b8f-4dae-b7c3-dc89125a4637@group-8512109BE02C-LeaderElection6] INFO  impl.RoleInfo (RoleInfo.java:updateAndGet(139)) - 7c10063f-3b8f-4dae-b7c3-dc89125a4637: start 7c10063f-3b8f-4dae-b7c3-dc89125a4637@group-8512109BE02C-LeaderStateImpl
2022-09-19 13:51:18,689 [7c10063f-3b8f-4dae-b7c3-dc89125a4637@group-8512109BE02C-LeaderElection6] INFO  segmented.SegmentedRaftLogWorker (SegmentedRaftLogWorker.java:startLogSegment(425)) - 7c10063f-3b8f-4dae-b7c3-dc89125a4637@group-8512109BE02C-SegmentedRaftLogWorker: Starting segment from index:0
2022-09-19 13:51:18,691 [7c10063f-3b8f-4dae-b7c3-dc89125a4637@group-8512109BE02C-SegmentedRaftLogWorker] INFO  segmented.SegmentedRaftLogWorker (SegmentedRaftLogWorker.java:execute(629)) - 7c10063f-3b8f-4dae-b7c3-dc89125a4637@group-8512109BE02C-SegmentedRaftLogWorker: created new log segment /home/runner/work/ozone/ozone/hadoop-ozone/integration-test/target/test-dir/MiniOzoneClusterImpl-dbfde215-b7d4-4534-b4eb-abad1aeb9004/datanode-0/data/ratis/c8f7bb77-c9b5-4e35-8abd-8512109be02c/current/log_inprogress_0
2022-09-19 13:51:18,700 [7c10063f-3b8f-4dae-b7c3-dc89125a4637@group-8512109BE02C-LeaderElection6] INFO  server.RaftServer$Division (ServerState.java:setRaftConf(393)) - 7c10063f-3b8f-4dae-b7c3-dc89125a4637@group-8512109BE02C: set configuration 0: [7c10063f-3b8f-4dae-b7c3-dc89125a4637|rpc:10.1.0.102:35125|dataStream:|priority:1, 177f7a3a-c358-4ca7-a586-caf38fdff25d|rpc:10.1.0.102:41369|dataStream:|priority:0, 71b36113-8e0f-4dd8-8e3f-8d28841b693a|rpc:10.1.0.102:34867|dataStream:|priority:0], old=null
2022-09-19 13:51:18,723 [71b36113-8e0f-4dd8-8e3f-8d28841b693a-server-thread1] INFO  ratis.XceiverServerRatis (XceiverServerRatis.java:handleLeaderChangedNotification(863)) - Leader change notification received for group: group-8512109BE02C with new leaderId: 7c10063f-3b8f-4dae-b7c3-dc89125a4637
2022-09-19 13:51:18,723 [71b36113-8e0f-4dd8-8e3f-8d28841b693a-server-thread1] INFO  server.RaftServer$Division (ServerState.java:setLeader(287)) - 71b36113-8e0f-4dd8-8e3f-8d28841b693a@group-8512109BE02C: change Leader from null to 7c10063f-3b8f-4dae-b7c3-dc89125a4637 at term 1 for appendEntries, leader elected after 5184ms
2022-09-19 13:51:18,730 [177f7a3a-c358-4ca7-a586-caf38fdff25d-server-thread1] INFO  ratis.XceiverServerRatis (XceiverServerRatis.java:handleLeaderChangedNotification(863)) - Leader change notification received for group: group-8512109BE02C with new leaderId: 7c10063f-3b8f-4dae-b7c3-dc89125a4637
2022-09-19 13:51:18,730 [177f7a3a-c358-4ca7-a586-caf38fdff25d-server-thread1] INFO  server.RaftServer$Division (ServerState.java:setLeader(287)) - 177f7a3a-c358-4ca7-a586-caf38fdff25d@group-8512109BE02C: change Leader from null to 7c10063f-3b8f-4dae-b7c3-dc89125a4637 at term 1 for appendEntries, leader elected after 5175ms
2022-09-19 13:51:18,735 [177f7a3a-c358-4ca7-a586-caf38fdff25d-server-thread1] INFO  server.RaftServer$Division (ServerState.java:setRaftConf(393)) - 177f7a3a-c358-4ca7-a586-caf38fdff25d@group-8512109BE02C: set configuration 0: [7c10063f-3b8f-4dae-b7c3-dc89125a4637|rpc:10.1.0.102:35125|dataStream:|priority:1, 177f7a3a-c358-4ca7-a586-caf38fdff25d|rpc:10.1.0.102:41369|dataStream:|priority:0, 71b36113-8e0f-4dd8-8e3f-8d28841b693a|rpc:10.1.0.102:34867|dataStream:|priority:0], old=null
2022-09-19 13:51:18,735 [177f7a3a-c358-4ca7-a586-caf38fdff25d-server-thread1] INFO  segmented.SegmentedRaftLogWorker (SegmentedRaftLogWorker.java:startLogSegment(425)) - 177f7a3a-c358-4ca7-a586-caf38fdff25d@group-8512109BE02C-SegmentedRaftLogWorker: Starting segment from index:0
2022-09-19 13:51:18,737 [177f7a3a-c358-4ca7-a586-caf38fdff25d@group-8512109BE02C-SegmentedRaftLogWorker] INFO  segmented.SegmentedRaftLogWorker (SegmentedRaftLogWorker.java:execute(629)) - 177f7a3a-c358-4ca7-a586-caf38fdff25d@group-8512109BE02C-SegmentedRaftLogWorker: created new log segment /home/runner/work/ozone/ozone/hadoop-ozone/integration-test/target/test-dir/MiniOzoneClusterImpl-dbfde215-b7d4-4534-b4eb-abad1aeb9004/datanode-2/data/ratis/c8f7bb77-c9b5-4e35-8abd-8512109be02c/current/log_inprogress_0
2022-09-19 13:51:18,746 [71b36113-8e0f-4dd8-8e3f-8d28841b693a-server-thread1] INFO  server.RaftServer$Division (ServerState.java:setRaftConf(393)) - 71b36113-8e0f-4dd8-8e3f-8d28841b693a@group-8512109BE02C: set configuration 0: [7c10063f-3b8f-4dae-b7c3-dc89125a4637|rpc:10.1.0.102:35125|dataStream:|priority:1, 177f7a3a-c358-4ca7-a586-caf38fdff25d|rpc:10.1.0.102:41369|dataStream:|priority:0, 71b36113-8e0f-4dd8-8e3f-8d28841b693a|rpc:10.1.0.102:34867|dataStream:|priority:0], old=null
2022-09-19 13:51:18,746 [71b36113-8e0f-4dd8-8e3f-8d28841b693a-server-thread1] INFO  segmented.SegmentedRaftLogWorker (SegmentedRaftLogWorker.java:startLogSegment(425)) - 71b36113-8e0f-4dd8-8e3f-8d28841b693a@group-8512109BE02C-SegmentedRaftLogWorker: Starting segment from index:0
2022-09-19 13:51:18,748 [71b36113-8e0f-4dd8-8e3f-8d28841b693a@group-8512109BE02C-SegmentedRaftLogWorker] INFO  segmented.SegmentedRaftLogWorker (SegmentedRaftLogWorker.java:execute(629)) - 71b36113-8e0f-4dd8-8e3f-8d28841b693a@group-8512109BE02C-SegmentedRaftLogWorker: created new log segment /home/runner/work/ozone/ozone/hadoop-ozone/integration-test/target/test-dir/MiniOzoneClusterImpl-dbfde215-b7d4-4534-b4eb-abad1aeb9004/datanode-1/data/ratis/c8f7bb77-c9b5-4e35-8abd-8512109be02c/current/log_inprogress_0
2022-09-19 13:51:18,757 [Listener at 127.0.0.1/46843] INFO  ozone.MiniOzoneClusterImpl (MiniOzoneClusterImpl.java:lambda$waitForClusterToBeReady$0(216)) - Nodes are ready. Got 7 of 7 DN Heartbeats.
2022-09-19 13:51:18,757 [Listener at 127.0.0.1/46843] INFO  ozone.MiniOzoneClusterImpl (MiniOzoneClusterImpl.java:lambda$waitForClusterToBeReady$0(219)) - Cluster exits safe mode
2022-09-19 13:51:18,757 [Listener at 127.0.0.1/46843] INFO  ozone.MiniOzoneClusterImpl (MiniOzoneClusterImpl.java:lambda$waitForClusterToBeReady$0(221)) - SCM became leader
2022-09-19 13:51:18,890 [62a92705-1dba-44af-aa6f-699c94c5895a@group-BF2FBD2002A0-FollowerState] INFO  impl.FollowerState (FollowerState.java:run(143)) - 62a92705-1dba-44af-aa6f-699c94c5895a@group-BF2FBD2002A0-FollowerState: change to CANDIDATE, lastRpcElapsedTime:5065958373ns, electionTimeout:5061ms
2022-09-19 13:51:18,891 [62a92705-1dba-44af-aa6f-699c94c5895a@group-BF2FBD2002A0-FollowerState] INFO  impl.RoleInfo (RoleInfo.java:shutdownFollowerState(110)) - 62a92705-1dba-44af-aa6f-699c94c5895a: shutdown 62a92705-1dba-44af-aa6f-699c94c5895a@group-BF2FBD2002A0-FollowerState
2022-09-19 13:51:18,891 [62a92705-1dba-44af-aa6f-699c94c5895a@group-BF2FBD2002A0-FollowerState] INFO  server.RaftServer$Division (RaftServerImpl.java:setRole(299)) - 62a92705-1dba-44af-aa6f-699c94c5895a@group-BF2FBD2002A0: changes role from  FOLLOWER to CANDIDATE at term 0 for changeToCandidate
2022-09-19 13:51:18,891 [62a92705-1dba-44af-aa6f-699c94c5895a@group-BF2FBD2002A0-FollowerState] INFO  server.RaftServerConfigKeys (ConfUtils.java:logGet(46)) - raft.server.leaderelection.pre-vote = false (custom)
2022-09-19 13:51:18,891 [62a92705-1dba-44af-aa6f-699c94c5895a@group-BF2FBD2002A0-FollowerState] INFO  impl.RoleInfo (RoleInfo.java:updateAndGet(139)) - 62a92705-1dba-44af-aa6f-699c94c5895a: start 62a92705-1dba-44af-aa6f-699c94c5895a@group-BF2FBD2002A0-LeaderElection7
2022-09-19 13:51:18,903 [62a92705-1dba-44af-aa6f-699c94c5895a@group-BF2FBD2002A0-LeaderElection7] INFO  impl.LeaderElection (LeaderElection.java:askForVotes(310)) - 62a92705-1dba-44af-aa6f-699c94c5895a@group-BF2FBD2002A0-LeaderElection7 ELECTION round 0: submit vote requests at term 1 for -1: [4256c034-9f31-4e1a-90bf-845fd7eceacb|rpc:10.1.0.102:33073|priority:0, 62a92705-1dba-44af-aa6f-699c94c5895a|rpc:10.1.0.102:36607|priority:0, 482afb3d-5dff-4b01-b87b-af2a304f0017|rpc:10.1.0.102:43325|priority:1], old=null
2022-09-19 13:51:18,921 [62a92705-1dba-44af-aa6f-699c94c5895a@group-D7D882983A82-FollowerState] INFO  impl.FollowerState (FollowerState.java:run(143)) - 62a92705-1dba-44af-aa6f-699c94c5895a@group-D7D882983A82-FollowerState: change to CANDIDATE, lastRpcElapsedTime:5114009355ns, electionTimeout:5113ms
2022-09-19 13:51:18,921 [62a92705-1dba-44af-aa6f-699c94c5895a@group-D7D882983A82-FollowerState] INFO  impl.RoleInfo (RoleInfo.java:shutdownFollowerState(110)) - 62a92705-1dba-44af-aa6f-699c94c5895a: shutdown 62a92705-1dba-44af-aa6f-699c94c5895a@group-D7D882983A82-FollowerState
2022-09-19 13:51:18,921 [62a92705-1dba-44af-aa6f-699c94c5895a@group-D7D882983A82-FollowerState] INFO  server.RaftServer$Division (RaftServerImpl.java:setRole(299)) - 62a92705-1dba-44af-aa6f-699c94c5895a@group-D7D882983A82: changes role from  FOLLOWER to CANDIDATE at term 0 for changeToCandidate
2022-09-19 13:51:18,922 [62a92705-1dba-44af-aa6f-699c94c5895a@group-D7D882983A82-FollowerState] INFO  server.RaftServerConfigKeys (ConfUtils.java:logGet(46)) - raft.server.leaderelection.pre-vote = false (custom)
2022-09-19 13:51:18,922 [62a92705-1dba-44af-aa6f-699c94c5895a@group-D7D882983A82-FollowerState] INFO  impl.RoleInfo (RoleInfo.java:updateAndGet(139)) - 62a92705-1dba-44af-aa6f-699c94c5895a: start 62a92705-1dba-44af-aa6f-699c94c5895a@group-D7D882983A82-LeaderElection8
2022-09-19 13:51:18,926 [grpc-default-executor-2] INFO  server.RaftServer$Division (RaftServerImpl.java:requestVote(1152)) - 4256c034-9f31-4e1a-90bf-845fd7eceacb@group-BF2FBD2002A0: receive requestVote(ELECTION, 62a92705-1dba-44af-aa6f-699c94c5895a, group-BF2FBD2002A0, 1, (t:0, i:0))
2022-09-19 13:51:18,927 [4256c034-9f31-4e1a-90bf-845fd7eceacb@group-BF2FBD2002A0-FollowerState] INFO  impl.FollowerState (FollowerState.java:run(143)) - 4256c034-9f31-4e1a-90bf-845fd7eceacb@group-BF2FBD2002A0-FollowerState: change to CANDIDATE, lastRpcElapsedTime:5031385028ns, electionTimeout:5030ms
2022-09-19 13:51:18,927 [4256c034-9f31-4e1a-90bf-845fd7eceacb@group-BF2FBD2002A0-FollowerState] INFO  impl.RoleInfo (RoleInfo.java:shutdownFollowerState(110)) - 4256c034-9f31-4e1a-90bf-845fd7eceacb: shutdown 4256c034-9f31-4e1a-90bf-845fd7eceacb@group-BF2FBD2002A0-FollowerState
2022-09-19 13:51:18,927 [4256c034-9f31-4e1a-90bf-845fd7eceacb@group-BF2FBD2002A0-FollowerState] INFO  server.RaftServer$Division (RaftServerImpl.java:setRole(299)) - 4256c034-9f31-4e1a-90bf-845fd7eceacb@group-BF2FBD2002A0: changes role from  FOLLOWER to CANDIDATE at term 0 for changeToCandidate
2022-09-19 13:51:18,928 [4256c034-9f31-4e1a-90bf-845fd7eceacb@group-BF2FBD2002A0-FollowerState] INFO  server.RaftServerConfigKeys (ConfUtils.java:logGet(46)) - raft.server.leaderelection.pre-vote = false (custom)
2022-09-19 13:51:18,928 [4256c034-9f31-4e1a-90bf-845fd7eceacb@group-BF2FBD2002A0-FollowerState] INFO  impl.RoleInfo (RoleInfo.java:updateAndGet(139)) - 4256c034-9f31-4e1a-90bf-845fd7eceacb: start 4256c034-9f31-4e1a-90bf-845fd7eceacb@group-BF2FBD2002A0-LeaderElection9
2022-09-19 13:51:18,934 [grpc-default-executor-2] INFO  impl.VoteContext (VoteContext.java:log(48)) - 4256c034-9f31-4e1a-90bf-845fd7eceacb@group-BF2FBD2002A0-CANDIDATE: accept ELECTION from 62a92705-1dba-44af-aa6f-699c94c5895a: our priority 0 <= candidate's priority 0
2022-09-19 13:51:18,934 [grpc-default-executor-2] INFO  server.RaftServer$Division (RaftServerImpl.java:setRole(299)) - 4256c034-9f31-4e1a-90bf-845fd7eceacb@group-BF2FBD2002A0: changes role from CANDIDATE to FOLLOWER at term 1 for candidate:62a92705-1dba-44af-aa6f-699c94c5895a
2022-09-19 13:51:18,934 [grpc-default-executor-2] INFO  impl.RoleInfo (RoleInfo.java:shutdownLeaderElection(130)) - 4256c034-9f31-4e1a-90bf-845fd7eceacb: shutdown 4256c034-9f31-4e1a-90bf-845fd7eceacb@group-BF2FBD2002A0-LeaderElection9
2022-09-19 13:51:18,934 [grpc-default-executor-2] INFO  impl.RoleInfo (RoleInfo.java:updateAndGet(139)) - 4256c034-9f31-4e1a-90bf-845fd7eceacb: start 4256c034-9f31-4e1a-90bf-845fd7eceacb@group-BF2FBD2002A0-FollowerState
2022-09-19 13:51:18,936 [grpc-default-executor-2] INFO  server.RaftServer$Division (RaftServerImpl.java:requestVote(1184)) - 4256c034-9f31-4e1a-90bf-845fd7eceacb@group-BF2FBD2002A0 replies to ELECTION vote request: 62a92705-1dba-44af-aa6f-699c94c5895a<-4256c034-9f31-4e1a-90bf-845fd7eceacb#0:OK-t1. Peer's state: 4256c034-9f31-4e1a-90bf-845fd7eceacb@group-BF2FBD2002A0:t1, leader=null, voted=62a92705-1dba-44af-aa6f-699c94c5895a, raftlog=4256c034-9f31-4e1a-90bf-845fd7eceacb@group-BF2FBD2002A0-SegmentedRaftLog:OPENED:c-1, conf=-1: [4256c034-9f31-4e1a-90bf-845fd7eceacb|rpc:10.1.0.102:33073|dataStream:|priority:0, 62a92705-1dba-44af-aa6f-699c94c5895a|rpc:10.1.0.102:36607|dataStream:|priority:0, 482afb3d-5dff-4b01-b87b-af2a304f0017|rpc:10.1.0.102:43325|dataStream:|priority:1], old=null
2022-09-19 13:51:18,939 [4256c034-9f31-4e1a-90bf-845fd7eceacb@group-BF2FBD2002A0-LeaderElection9] INFO  impl.LeaderElection (LeaderElection.java:run(231)) - 4256c034-9f31-4e1a-90bf-845fd7eceacb@group-BF2FBD2002A0-LeaderElection9: skip running since this is already CLOSING
2022-09-19 13:51:18,942 [grpc-default-executor-0] INFO  server.RaftServer$Division (RaftServerImpl.java:requestVote(1152)) - 482afb3d-5dff-4b01-b87b-af2a304f0017@group-BF2FBD2002A0: receive requestVote(ELECTION, 62a92705-1dba-44af-aa6f-699c94c5895a, group-BF2FBD2002A0, 1, (t:0, i:0))
2022-09-19 13:51:18,945 [grpc-default-executor-0] INFO  impl.VoteContext (VoteContext.java:log(48)) - 482afb3d-5dff-4b01-b87b-af2a304f0017@group-BF2FBD2002A0-FOLLOWER: reject ELECTION from 62a92705-1dba-44af-aa6f-699c94c5895a: our priority 1 > candidate's priority 0
2022-09-19 13:51:18,945 [grpc-default-executor-0] INFO  server.RaftServer$Division (RaftServerImpl.java:setRole(299)) - 482afb3d-5dff-4b01-b87b-af2a304f0017@group-BF2FBD2002A0: changes role from  FOLLOWER to FOLLOWER at term 1 for candidate:62a92705-1dba-44af-aa6f-699c94c5895a
2022-09-19 13:51:18,945 [grpc-default-executor-0] INFO  impl.RoleInfo (RoleInfo.java:shutdownFollowerState(110)) - 482afb3d-5dff-4b01-b87b-af2a304f0017: shutdown 482afb3d-5dff-4b01-b87b-af2a304f0017@group-BF2FBD2002A0-FollowerState
2022-09-19 13:51:18,945 [grpc-default-executor-0] INFO  impl.RoleInfo (RoleInfo.java:updateAndGet(139)) - 482afb3d-5dff-4b01-b87b-af2a304f0017: start 482afb3d-5dff-4b01-b87b-af2a304f0017@group-BF2FBD2002A0-FollowerState
2022-09-19 13:51:18,945 [482afb3d-5dff-4b01-b87b-af2a304f0017@group-BF2FBD2002A0-FollowerState] INFO  impl.FollowerState (FollowerState.java:run(152)) - 482afb3d-5dff-4b01-b87b-af2a304f0017@group-BF2FBD2002A0-FollowerState was interrupted
2022-09-19 13:51:18,946 [62a92705-1dba-44af-aa6f-699c94c5895a@group-D7D882983A82-LeaderElection8] INFO  impl.LeaderElection (LeaderElection.java:askForVotes(310)) - 62a92705-1dba-44af-aa6f-699c94c5895a@group-D7D882983A82-LeaderElection8 ELECTION round 0: submit vote requests at term 1 for -1: [62a92705-1dba-44af-aa6f-699c94c5895a|rpc:10.1.0.102:36607|priority:1], old=null
2022-09-19 13:51:18,946 [62a92705-1dba-44af-aa6f-699c94c5895a@group-D7D882983A82-LeaderElection8] INFO  impl.LeaderElection (LeaderElection.java:askForVotes(312)) - 62a92705-1dba-44af-aa6f-699c94c5895a@group-D7D882983A82-LeaderElection8 ELECTION round 0: result PASSED (term=1)
2022-09-19 13:51:18,946 [62a92705-1dba-44af-aa6f-699c94c5895a@group-D7D882983A82-LeaderElection8] INFO  impl.RoleInfo (RoleInfo.java:shutdownLeaderElection(130)) - 62a92705-1dba-44af-aa6f-699c94c5895a: shutdown 62a92705-1dba-44af-aa6f-699c94c5895a@group-D7D882983A82-LeaderElection8
2022-09-19 13:51:18,946 [62a92705-1dba-44af-aa6f-699c94c5895a@group-D7D882983A82-LeaderElection8] INFO  server.RaftServer$Division (RaftServerImpl.java:setRole(299)) - 62a92705-1dba-44af-aa6f-699c94c5895a@group-D7D882983A82: changes role from CANDIDATE to LEADER at term 1 for changeToLeader
2022-09-19 13:51:18,946 [62a92705-1dba-44af-aa6f-699c94c5895a@group-D7D882983A82-LeaderElection8] INFO  ratis.XceiverServerRatis (XceiverServerRatis.java:handleLeaderChangedNotification(863)) - Leader change notification received for group: group-D7D882983A82 with new leaderId: 62a92705-1dba-44af-aa6f-699c94c5895a
2022-09-19 13:51:18,947 [62a92705-1dba-44af-aa6f-699c94c5895a@group-D7D882983A82-LeaderElection8] INFO  server.RaftServer$Division (ServerState.java:setLeader(287)) - 62a92705-1dba-44af-aa6f-699c94c5895a@group-D7D882983A82: change Leader from null to 62a92705-1dba-44af-aa6f-699c94c5895a at term 1 for becomeLeader, leader elected after 5145ms
2022-09-19 13:51:18,947 [62a92705-1dba-44af-aa6f-699c94c5895a@group-D7D882983A82-LeaderElection8] INFO  server.RaftServerConfigKeys (ConfUtils.java:logGet(46)) - raft.server.staging.catchup.gap = 1000 (default)
2022-09-19 13:51:18,947 [62a92705-1dba-44af-aa6f-699c94c5895a@group-D7D882983A82-LeaderElection8] INFO  server.RaftServerConfigKeys (ConfUtils.java:logGet(46)) - raft.server.write.element-limit = 1024 (custom)
2022-09-19 13:51:18,947 [62a92705-1dba-44af-aa6f-699c94c5895a@group-D7D882983A82-LeaderElection8] INFO  server.RaftServerConfigKeys (ConfUtils.java:logGet(46)) - raft.server.write.byte-limit = 1024 M (=1073741824) (custom)
2022-09-19 13:51:18,948 [62a92705-1dba-44af-aa6f-699c94c5895a@group-D7D882983A82-LeaderElection8] INFO  server.RaftServerConfigKeys (ConfUtils.java:logGet(46)) - raft.server.watch.timeout = 180s (custom)
2022-09-19 13:51:18,948 [62a92705-1dba-44af-aa6f-699c94c5895a@group-D7D882983A82-LeaderElection8] INFO  server.RaftServerConfigKeys (ConfUtils.java:logGet(46)) - raft.server.watch.timeout.denomination = 1s (default)
2022-09-19 13:51:18,948 [62a92705-1dba-44af-aa6f-699c94c5895a@group-D7D882983A82-LeaderElection8] INFO  server.RaftServerConfigKeys (ConfUtils.java:logGet(46)) - raft.server.watch.element-limit = 65536 (default)
2022-09-19 13:51:18,948 [62a92705-1dba-44af-aa6f-699c94c5895a@group-D7D882983A82-LeaderElection8] INFO  server.RaftServerConfigKeys (ConfUtils.java:logGet(46)) - raft.server.write.element-limit = 1024 (custom)
2022-09-19 13:51:18,948 [62a92705-1dba-44af-aa6f-699c94c5895a@group-D7D882983A82-LeaderElection8] INFO  server.RaftServerConfigKeys (ConfUtils.java:logGet(46)) - raft.server.write.follower.gap.ratio.max = -1.0 (default)
2022-09-19 13:51:18,948 [62a92705-1dba-44af-aa6f-699c94c5895a@group-D7D882983A82-LeaderElection8] INFO  impl.RoleInfo (RoleInfo.java:updateAndGet(139)) - 62a92705-1dba-44af-aa6f-699c94c5895a: start 62a92705-1dba-44af-aa6f-699c94c5895a@group-D7D882983A82-LeaderStateImpl
2022-09-19 13:51:18,948 [62a92705-1dba-44af-aa6f-699c94c5895a@group-D7D882983A82-LeaderElection8] INFO  segmented.SegmentedRaftLogWorker (SegmentedRaftLogWorker.java:startLogSegment(425)) - 62a92705-1dba-44af-aa6f-699c94c5895a@group-D7D882983A82-SegmentedRaftLogWorker: Starting segment from index:0
2022-09-19 13:51:18,951 [grpc-default-executor-0] INFO  server.RaftServer$Division (RaftServerImpl.java:requestVote(1184)) - 482afb3d-5dff-4b01-b87b-af2a304f0017@group-BF2FBD2002A0 replies to ELECTION vote request: 62a92705-1dba-44af-aa6f-699c94c5895a<-482afb3d-5dff-4b01-b87b-af2a304f0017#0:FAIL-t1. Peer's state: 482afb3d-5dff-4b01-b87b-af2a304f0017@group-BF2FBD2002A0:t1, leader=null, voted=null, raftlog=482afb3d-5dff-4b01-b87b-af2a304f0017@group-BF2FBD2002A0-SegmentedRaftLog:OPENED:c-1, conf=-1: [4256c034-9f31-4e1a-90bf-845fd7eceacb|rpc:10.1.0.102:33073|dataStream:|priority:0, 62a92705-1dba-44af-aa6f-699c94c5895a|rpc:10.1.0.102:36607|dataStream:|priority:0, 482afb3d-5dff-4b01-b87b-af2a304f0017|rpc:10.1.0.102:43325|dataStream:|priority:1], old=null
2022-09-19 13:51:18,952 [62a92705-1dba-44af-aa6f-699c94c5895a@group-D7D882983A82-SegmentedRaftLogWorker] INFO  segmented.SegmentedRaftLogWorker (SegmentedRaftLogWorker.java:execute(629)) - 62a92705-1dba-44af-aa6f-699c94c5895a@group-D7D882983A82-SegmentedRaftLogWorker: created new log segment /home/runner/work/ozone/ozone/hadoop-ozone/integration-test/target/test-dir/MiniOzoneClusterImpl-dbfde215-b7d4-4534-b4eb-abad1aeb9004/datanode-3/data/ratis/b7ddc58b-50f7-4f49-a699-d7d882983a82/current/log_inprogress_0
2022-09-19 13:51:18,958 [62a92705-1dba-44af-aa6f-699c94c5895a@group-BF2FBD2002A0-LeaderElection7] INFO  impl.LeaderElection (LeaderElection.java:logAndReturn(90)) - 62a92705-1dba-44af-aa6f-699c94c5895a@group-BF2FBD2002A0-LeaderElection7: ELECTION REJECTED received 2 response(s) and 0 exception(s):
2022-09-19 13:51:18,959 [62a92705-1dba-44af-aa6f-699c94c5895a@group-BF2FBD2002A0-LeaderElection7] INFO  impl.LeaderElection (LeaderElection.java:logAndReturn(94)) -   Response 0: 62a92705-1dba-44af-aa6f-699c94c5895a<-4256c034-9f31-4e1a-90bf-845fd7eceacb#0:OK-t1
2022-09-19 13:51:18,959 [62a92705-1dba-44af-aa6f-699c94c5895a@group-BF2FBD2002A0-LeaderElection7] INFO  impl.LeaderElection (LeaderElection.java:logAndReturn(94)) -   Response 1: 62a92705-1dba-44af-aa6f-699c94c5895a<-482afb3d-5dff-4b01-b87b-af2a304f0017#0:FAIL-t1
2022-09-19 13:51:18,959 [62a92705-1dba-44af-aa6f-699c94c5895a@group-BF2FBD2002A0-LeaderElection7] INFO  impl.LeaderElection (LeaderElection.java:askForVotes(312)) - 62a92705-1dba-44af-aa6f-699c94c5895a@group-BF2FBD2002A0-LeaderElection7 ELECTION round 0: result REJECTED
2022-09-19 13:51:18,959 [62a92705-1dba-44af-aa6f-699c94c5895a@group-BF2FBD2002A0-LeaderElection7] INFO  server.RaftServer$Division (RaftServerImpl.java:setRole(299)) - 62a92705-1dba-44af-aa6f-699c94c5895a@group-BF2FBD2002A0: changes role from CANDIDATE to FOLLOWER at term 1 for REJECTED
2022-09-19 13:51:18,959 [62a92705-1dba-44af-aa6f-699c94c5895a@group-BF2FBD2002A0-LeaderElection7] INFO  impl.RoleInfo (RoleInfo.java:shutdownLeaderElection(130)) - 62a92705-1dba-44af-aa6f-699c94c5895a: shutdown 62a92705-1dba-44af-aa6f-699c94c5895a@group-BF2FBD2002A0-LeaderElection7
2022-09-19 13:51:18,959 [62a92705-1dba-44af-aa6f-699c94c5895a@group-BF2FBD2002A0-LeaderElection7] INFO  impl.RoleInfo (RoleInfo.java:updateAndGet(139)) - 62a92705-1dba-44af-aa6f-699c94c5895a: start 62a92705-1dba-44af-aa6f-699c94c5895a@group-BF2FBD2002A0-FollowerState
2022-09-19 13:51:18,958 [62a92705-1dba-44af-aa6f-699c94c5895a@group-D7D882983A82-LeaderElection8] INFO  server.RaftServer$Division (ServerState.java:setRaftConf(393)) - 62a92705-1dba-44af-aa6f-699c94c5895a@group-D7D882983A82: set configuration 0: [62a92705-1dba-44af-aa6f-699c94c5895a|rpc:10.1.0.102:36607|dataStream:|priority:1], old=null
2022-09-19 13:51:19,075 [4256c034-9f31-4e1a-90bf-845fd7eceacb@group-92D9D7995FE9-FollowerState] INFO  impl.FollowerState (FollowerState.java:run(143)) - 4256c034-9f31-4e1a-90bf-845fd7eceacb@group-92D9D7995FE9-FollowerState: change to CANDIDATE, lastRpcElapsedTime:5111549131ns, electionTimeout:5109ms
2022-09-19 13:51:19,076 [4256c034-9f31-4e1a-90bf-845fd7eceacb@group-92D9D7995FE9-FollowerState] INFO  impl.RoleInfo (RoleInfo.java:shutdownFollowerState(110)) - 4256c034-9f31-4e1a-90bf-845fd7eceacb: shutdown 4256c034-9f31-4e1a-90bf-845fd7eceacb@group-92D9D7995FE9-FollowerState
2022-09-19 13:51:19,076 [4256c034-9f31-4e1a-90bf-845fd7eceacb@group-92D9D7995FE9-FollowerState] INFO  server.RaftServer$Division (RaftServerImpl.java:setRole(299)) - 4256c034-9f31-4e1a-90bf-845fd7eceacb@group-92D9D7995FE9: changes role from  FOLLOWER to CANDIDATE at term 0 for changeToCandidate
2022-09-19 13:51:19,076 [4256c034-9f31-4e1a-90bf-845fd7eceacb@group-92D9D7995FE9-FollowerState] INFO  server.RaftServerConfigKeys (ConfUtils.java:logGet(46)) - raft.server.leaderelection.pre-vote = false (custom)
2022-09-19 13:51:19,076 [4256c034-9f31-4e1a-90bf-845fd7eceacb@group-92D9D7995FE9-FollowerState] INFO  impl.RoleInfo (RoleInfo.java:updateAndGet(139)) - 4256c034-9f31-4e1a-90bf-845fd7eceacb: start 4256c034-9f31-4e1a-90bf-845fd7eceacb@group-92D9D7995FE9-LeaderElection10
2022-09-19 13:51:19,088 [4256c034-9f31-4e1a-90bf-845fd7eceacb@group-92D9D7995FE9-LeaderElection10] INFO  impl.LeaderElection (LeaderElection.java:askForVotes(310)) - 4256c034-9f31-4e1a-90bf-845fd7eceacb@group-92D9D7995FE9-LeaderElection10 ELECTION round 0: submit vote requests at term 1 for -1: [4256c034-9f31-4e1a-90bf-845fd7eceacb|rpc:10.1.0.102:33073|dataStream:|priority:0, 62a92705-1dba-44af-aa6f-699c94c5895a|rpc:10.1.0.102:36607|dataStream:|priority:1, 482afb3d-5dff-4b01-b87b-af2a304f0017|rpc:10.1.0.102:43325|dataStream:|priority:0], old=null
2022-09-19 13:51:19,116 [grpc-default-executor-0] INFO  server.RaftServer$Division (RaftServerImpl.java:requestVote(1152)) - 62a92705-1dba-44af-aa6f-699c94c5895a@group-92D9D7995FE9: receive requestVote(ELECTION, 4256c034-9f31-4e1a-90bf-845fd7eceacb, group-92D9D7995FE9, 1, (t:0, i:0))
2022-09-19 13:51:19,116 [grpc-default-executor-0] INFO  impl.VoteContext (VoteContext.java:log(48)) - 62a92705-1dba-44af-aa6f-699c94c5895a@group-92D9D7995FE9-FOLLOWER: reject ELECTION from 4256c034-9f31-4e1a-90bf-845fd7eceacb: our priority 1 > candidate's priority 0
2022-09-19 13:51:19,116 [grpc-default-executor-0] INFO  server.RaftServer$Division (RaftServerImpl.java:setRole(299)) - 62a92705-1dba-44af-aa6f-699c94c5895a@group-92D9D7995FE9: changes role from  FOLLOWER to FOLLOWER at term 1 for candidate:4256c034-9f31-4e1a-90bf-845fd7eceacb
2022-09-19 13:51:19,116 [grpc-default-executor-0] INFO  impl.RoleInfo (RoleInfo.java:shutdownFollowerState(110)) - 62a92705-1dba-44af-aa6f-699c94c5895a: shutdown 62a92705-1dba-44af-aa6f-699c94c5895a@group-92D9D7995FE9-FollowerState
2022-09-19 13:51:19,116 [grpc-default-executor-0] INFO  impl.RoleInfo (RoleInfo.java:updateAndGet(139)) - 62a92705-1dba-44af-aa6f-699c94c5895a: start 62a92705-1dba-44af-aa6f-699c94c5895a@group-92D9D7995FE9-FollowerState
2022-09-19 13:51:19,116 [62a92705-1dba-44af-aa6f-699c94c5895a@group-92D9D7995FE9-FollowerState] INFO  impl.FollowerState (FollowerState.java:run(152)) - 62a92705-1dba-44af-aa6f-699c94c5895a@group-92D9D7995FE9-FollowerState was interrupted
2022-09-19 13:51:19,122 [grpc-default-executor-0] INFO  server.RaftServer$Division (RaftServerImpl.java:requestVote(1184)) - 62a92705-1dba-44af-aa6f-699c94c5895a@group-92D9D7995FE9 replies to ELECTION vote request: 4256c034-9f31-4e1a-90bf-845fd7eceacb<-62a92705-1dba-44af-aa6f-699c94c5895a#0:FAIL-t1. Peer's state: 62a92705-1dba-44af-aa6f-699c94c5895a@group-92D9D7995FE9:t1, leader=null, voted=null, raftlog=62a92705-1dba-44af-aa6f-699c94c5895a@group-92D9D7995FE9-SegmentedRaftLog:OPENED:c-1, conf=-1: [4256c034-9f31-4e1a-90bf-845fd7eceacb|rpc:10.1.0.102:33073|priority:0, 62a92705-1dba-44af-aa6f-699c94c5895a|rpc:10.1.0.102:36607|priority:1, 482afb3d-5dff-4b01-b87b-af2a304f0017|rpc:10.1.0.102:43325|priority:0], old=null
2022-09-19 13:51:19,126 [grpc-default-executor-0] INFO  server.RaftServer$Division (RaftServerImpl.java:requestVote(1152)) - 482afb3d-5dff-4b01-b87b-af2a304f0017@group-92D9D7995FE9: receive requestVote(ELECTION, 4256c034-9f31-4e1a-90bf-845fd7eceacb, group-92D9D7995FE9, 1, (t:0, i:0))
2022-09-19 13:51:19,127 [grpc-default-executor-0] INFO  impl.VoteContext (VoteContext.java:log(48)) - 482afb3d-5dff-4b01-b87b-af2a304f0017@group-92D9D7995FE9-FOLLOWER: accept ELECTION from 4256c034-9f31-4e1a-90bf-845fd7eceacb: our priority 0 <= candidate's priority 0
2022-09-19 13:51:19,127 [grpc-default-executor-0] INFO  server.RaftServer$Division (RaftServerImpl.java:setRole(299)) - 482afb3d-5dff-4b01-b87b-af2a304f0017@group-92D9D7995FE9: changes role from  FOLLOWER to FOLLOWER at term 1 for candidate:4256c034-9f31-4e1a-90bf-845fd7eceacb
2022-09-19 13:51:19,127 [grpc-default-executor-0] INFO  impl.RoleInfo (RoleInfo.java:shutdownFollowerState(110)) - 482afb3d-5dff-4b01-b87b-af2a304f0017: shutdown 482afb3d-5dff-4b01-b87b-af2a304f0017@group-92D9D7995FE9-FollowerState
2022-09-19 13:51:19,127 [482afb3d-5dff-4b01-b87b-af2a304f0017@group-92D9D7995FE9-FollowerState] INFO  impl.FollowerState (FollowerState.java:run(152)) - 482afb3d-5dff-4b01-b87b-af2a304f0017@group-92D9D7995FE9-FollowerState was interrupted
2022-09-19 13:51:19,127 [grpc-default-executor-0] INFO  impl.RoleInfo (RoleInfo.java:updateAndGet(139)) - 482afb3d-5dff-4b01-b87b-af2a304f0017: start 482afb3d-5dff-4b01-b87b-af2a304f0017@group-92D9D7995FE9-FollowerState
2022-09-19 13:51:19,134 [grpc-default-executor-0] INFO  server.RaftServer$Division (RaftServerImpl.java:requestVote(1184)) - 482afb3d-5dff-4b01-b87b-af2a304f0017@group-92D9D7995FE9 replies to ELECTION vote request: 4256c034-9f31-4e1a-90bf-845fd7eceacb<-482afb3d-5dff-4b01-b87b-af2a304f0017#0:OK-t1. Peer's state: 482afb3d-5dff-4b01-b87b-af2a304f0017@group-92D9D7995FE9:t1, leader=null, voted=4256c034-9f31-4e1a-90bf-845fd7eceacb, raftlog=482afb3d-5dff-4b01-b87b-af2a304f0017@group-92D9D7995FE9-SegmentedRaftLog:OPENED:c-1, conf=-1: [4256c034-9f31-4e1a-90bf-845fd7eceacb|rpc:10.1.0.102:33073|dataStream:|priority:0, 62a92705-1dba-44af-aa6f-699c94c5895a|rpc:10.1.0.102:36607|dataStream:|priority:1, 482afb3d-5dff-4b01-b87b-af2a304f0017|rpc:10.1.0.102:43325|dataStream:|priority:0], old=null
2022-09-19 13:51:19,142 [4256c034-9f31-4e1a-90bf-845fd7eceacb@group-92D9D7995FE9-LeaderElection10] INFO  impl.LeaderElection (LeaderElection.java:logAndReturn(90)) - 4256c034-9f31-4e1a-90bf-845fd7eceacb@group-92D9D7995FE9-LeaderElection10: ELECTION REJECTED received 1 response(s) and 0 exception(s):
2022-09-19 13:51:19,143 [4256c034-9f31-4e1a-90bf-845fd7eceacb@group-92D9D7995FE9-LeaderElection10] INFO  impl.LeaderElection (LeaderElection.java:logAndReturn(94)) -   Response 0: 4256c034-9f31-4e1a-90bf-845fd7eceacb<-62a92705-1dba-44af-aa6f-699c94c5895a#0:FAIL-t1
2022-09-19 13:51:19,143 [4256c034-9f31-4e1a-90bf-845fd7eceacb@group-92D9D7995FE9-LeaderElection10] INFO  impl.LeaderElection (LeaderElection.java:askForVotes(312)) - 4256c034-9f31-4e1a-90bf-845fd7eceacb@group-92D9D7995FE9-LeaderElection10 ELECTION round 0: result REJECTED
2022-09-19 13:51:19,144 [4256c034-9f31-4e1a-90bf-845fd7eceacb@group-92D9D7995FE9-LeaderElection10] INFO  server.RaftServer$Division (RaftServerImpl.java:setRole(299)) - 4256c034-9f31-4e1a-90bf-845fd7eceacb@group-92D9D7995FE9: changes role from CANDIDATE to FOLLOWER at term 1 for REJECTED
2022-09-19 13:51:19,144 [4256c034-9f31-4e1a-90bf-845fd7eceacb@group-92D9D7995FE9-LeaderElection10] INFO  impl.RoleInfo (RoleInfo.java:shutdownLeaderElection(130)) - 4256c034-9f31-4e1a-90bf-845fd7eceacb: shutdown 4256c034-9f31-4e1a-90bf-845fd7eceacb@group-92D9D7995FE9-LeaderElection10
2022-09-19 13:51:19,144 [4256c034-9f31-4e1a-90bf-845fd7eceacb@group-92D9D7995FE9-LeaderElection10] INFO  impl.RoleInfo (RoleInfo.java:updateAndGet(139)) - 4256c034-9f31-4e1a-90bf-845fd7eceacb: start 4256c034-9f31-4e1a-90bf-845fd7eceacb@group-92D9D7995FE9-FollowerState
2022-09-19 13:51:19,268 [4256c034-9f31-4e1a-90bf-845fd7eceacb@group-57E71FD1F2AA-FollowerState] INFO  impl.FollowerState (FollowerState.java:run(143)) - 4256c034-9f31-4e1a-90bf-845fd7eceacb@group-57E71FD1F2AA-FollowerState: change to CANDIDATE, lastRpcElapsedTime:5156978287ns, electionTimeout:5156ms
2022-09-19 13:51:19,270 [4256c034-9f31-4e1a-90bf-845fd7eceacb@group-57E71FD1F2AA-FollowerState] INFO  impl.RoleInfo (RoleInfo.java:shutdownFollowerState(110)) - 4256c034-9f31-4e1a-90bf-845fd7eceacb: shutdown 4256c034-9f31-4e1a-90bf-845fd7eceacb@group-57E71FD1F2AA-FollowerState
2022-09-19 13:51:19,270 [4256c034-9f31-4e1a-90bf-845fd7eceacb@group-57E71FD1F2AA-FollowerState] INFO  server.RaftServer$Division (RaftServerImpl.java:setRole(299)) - 4256c034-9f31-4e1a-90bf-845fd7eceacb@group-57E71FD1F2AA: changes role from  FOLLOWER to CANDIDATE at term 0 for changeToCandidate
2022-09-19 13:51:19,270 [4256c034-9f31-4e1a-90bf-845fd7eceacb@group-57E71FD1F2AA-FollowerState] INFO  server.RaftServerConfigKeys (ConfUtils.java:logGet(46)) - raft.server.leaderelection.pre-vote = false (custom)
2022-09-19 13:51:19,270 [4256c034-9f31-4e1a-90bf-845fd7eceacb@group-57E71FD1F2AA-FollowerState] INFO  impl.RoleInfo (RoleInfo.java:updateAndGet(139)) - 4256c034-9f31-4e1a-90bf-845fd7eceacb: start 4256c034-9f31-4e1a-90bf-845fd7eceacb@group-57E71FD1F2AA-LeaderElection11
2022-09-19 13:51:19,276 [4256c034-9f31-4e1a-90bf-845fd7eceacb@group-57E71FD1F2AA-LeaderElection11] INFO  impl.LeaderElection (LeaderElection.java:askForVotes(310)) - 4256c034-9f31-4e1a-90bf-845fd7eceacb@group-57E71FD1F2AA-LeaderElection11 ELECTION round 0: submit vote requests at term 1 for -1: [4256c034-9f31-4e1a-90bf-845fd7eceacb|rpc:10.1.0.102:33073|priority:1], old=null
2022-09-19 13:51:19,277 [4256c034-9f31-4e1a-90bf-845fd7eceacb@group-57E71FD1F2AA-LeaderElection11] INFO  impl.LeaderElection (LeaderElection.java:askForVotes(312)) - 4256c034-9f31-4e1a-90bf-845fd7eceacb@group-57E71FD1F2AA-LeaderElection11 ELECTION round 0: result PASSED (term=1)
2022-09-19 13:51:19,277 [4256c034-9f31-4e1a-90bf-845fd7eceacb@group-57E71FD1F2AA-LeaderElection11] INFO  impl.RoleInfo (RoleInfo.java:shutdownLeaderElection(130)) - 4256c034-9f31-4e1a-90bf-845fd7eceacb: shutdown 4256c034-9f31-4e1a-90bf-845fd7eceacb@group-57E71FD1F2AA-LeaderElection11
2022-09-19 13:51:19,277 [4256c034-9f31-4e1a-90bf-845fd7eceacb@group-57E71FD1F2AA-LeaderElection11] INFO  server.RaftServer$Division (RaftServerImpl.java:setRole(299)) - 4256c034-9f31-4e1a-90bf-845fd7eceacb@group-57E71FD1F2AA: changes role from CANDIDATE to LEADER at term 1 for changeToLeader
2022-09-19 13:51:19,277 [4256c034-9f31-4e1a-90bf-845fd7eceacb@group-57E71FD1F2AA-LeaderElection11] INFO  ratis.XceiverServerRatis (XceiverServerRatis.java:handleLeaderChangedNotification(863)) - Leader change notification received for group: group-57E71FD1F2AA with new leaderId: 4256c034-9f31-4e1a-90bf-845fd7eceacb
2022-09-19 13:51:19,278 [4256c034-9f31-4e1a-90bf-845fd7eceacb@group-57E71FD1F2AA-LeaderElection11] INFO  server.RaftServer$Division (ServerState.java:setLeader(287)) - 4256c034-9f31-4e1a-90bf-845fd7eceacb@group-57E71FD1F2AA: change Leader from null to 4256c034-9f31-4e1a-90bf-845fd7eceacb at term 1 for becomeLeader, leader elected after 5172ms
2022-09-19 13:51:19,278 [4256c034-9f31-4e1a-90bf-845fd7eceacb@group-57E71FD1F2AA-LeaderElection11] INFO  server.RaftServerConfigKeys (ConfUtils.java:logGet(46)) - raft.server.staging.catchup.gap = 1000 (default)
2022-09-19 13:51:19,278 [4256c034-9f31-4e1a-90bf-845fd7eceacb@group-57E71FD1F2AA-LeaderElection11] INFO  server.RaftServerConfigKeys (ConfUtils.java:logGet(46)) - raft.server.write.element-limit = 1024 (custom)
2022-09-19 13:51:19,279 [4256c034-9f31-4e1a-90bf-845fd7eceacb@group-57E71FD1F2AA-LeaderElection11] INFO  server.RaftServerConfigKeys (ConfUtils.java:logGet(46)) - raft.server.write.byte-limit = 1024 M (=1073741824) (custom)
2022-09-19 13:51:19,289 [4256c034-9f31-4e1a-90bf-845fd7eceacb@group-57E71FD1F2AA-LeaderElection11] INFO  server.RaftServerConfigKeys (ConfUtils.java:logGet(46)) - raft.server.watch.timeout = 180s (custom)
2022-09-19 13:51:19,289 [4256c034-9f31-4e1a-90bf-845fd7eceacb@group-57E71FD1F2AA-LeaderElection11] INFO  server.RaftServerConfigKeys (ConfUtils.java:logGet(46)) - raft.server.watch.timeout.denomination = 1s (default)
2022-09-19 13:51:19,289 [4256c034-9f31-4e1a-90bf-845fd7eceacb@group-57E71FD1F2AA-LeaderElection11] INFO  server.RaftServerConfigKeys (ConfUtils.java:logGet(46)) - raft.server.watch.element-limit = 65536 (default)
2022-09-19 13:51:19,289 [4256c034-9f31-4e1a-90bf-845fd7eceacb@group-57E71FD1F2AA-LeaderElection11] INFO  server.RaftServerConfigKeys (ConfUtils.java:logGet(46)) - raft.server.write.element-limit = 1024 (custom)
2022-09-19 13:51:19,290 [4256c034-9f31-4e1a-90bf-845fd7eceacb@group-57E71FD1F2AA-LeaderElection11] INFO  server.RaftServerConfigKeys (ConfUtils.java:logGet(46)) - raft.server.write.follower.gap.ratio.max = -1.0 (default)
2022-09-19 13:51:19,291 [4256c034-9f31-4e1a-90bf-845fd7eceacb@group-57E71FD1F2AA-LeaderElection11] INFO  impl.RoleInfo (RoleInfo.java:updateAndGet(139)) - 4256c034-9f31-4e1a-90bf-845fd7eceacb: start 4256c034-9f31-4e1a-90bf-845fd7eceacb@group-57E71FD1F2AA-LeaderStateImpl
2022-09-19 13:51:19,292 [4256c034-9f31-4e1a-90bf-845fd7eceacb@group-57E71FD1F2AA-LeaderElection11] INFO  segmented.SegmentedRaftLogWorker (SegmentedRaftLogWorker.java:startLogSegment(425)) - 4256c034-9f31-4e1a-90bf-845fd7eceacb@group-57E71FD1F2AA-SegmentedRaftLogWorker: Starting segment from index:0
2022-09-19 13:51:19,298 [4256c034-9f31-4e1a-90bf-845fd7eceacb@group-57E71FD1F2AA-LeaderElection11] INFO  server.RaftServer$Division (ServerState.java:setRaftConf(393)) - 4256c034-9f31-4e1a-90bf-845fd7eceacb@group-57E71FD1F2AA: set configuration 0: [4256c034-9f31-4e1a-90bf-845fd7eceacb|rpc:10.1.0.102:33073|dataStream:|priority:1], old=null
2022-09-19 13:51:19,298 [4256c034-9f31-4e1a-90bf-845fd7eceacb@group-57E71FD1F2AA-SegmentedRaftLogWorker] INFO  segmented.SegmentedRaftLogWorker (SegmentedRaftLogWorker.java:execute(629)) - 4256c034-9f31-4e1a-90bf-845fd7eceacb@group-57E71FD1F2AA-SegmentedRaftLogWorker: created new log segment /home/runner/work/ozone/ozone/hadoop-ozone/integration-test/target/test-dir/MiniOzoneClusterImpl-dbfde215-b7d4-4534-b4eb-abad1aeb9004/datanode-4/data/ratis/55bf502b-23be-4d6a-9950-57e71fd1f2aa/current/log_inprogress_0
2022-09-19 13:51:19,342 [Listener at 127.0.0.1/46843] INFO  rpc.RpcClient (RpcClient.java:createVolume(471)) - Creating Volume: testblockoutputstream, with runner as owner and space quota set to -1 bytes, counts quota set to -1
2022-09-19 13:51:19,386 [OM StateMachine ApplyTransaction Thread - 0] INFO  volume.OMVolumeCreateRequest (OMVolumeCreateRequest.java:validateAndUpdateCache(195)) - created volume:testblockoutputstream for user:runner
2022-09-19 13:51:19,406 [Listener at 127.0.0.1/46843] INFO  rpc.RpcClient (RpcClient.java:createBucket(674)) - Creating Bucket: testblockoutputstream/testblockoutputstream, with server-side default bucket layout, runner as owner, Versioning false, Storage Type set to DISK and Encryption set to false 
2022-09-19 13:51:19,424 [OM StateMachine ApplyTransaction Thread - 0] INFO  bucket.OMBucketCreateRequest (OMBucketCreateRequest.java:validateAndUpdateCache(260)) - created bucket: testblockoutputstream of layout LEGACY in volume: testblockoutputstream
2022-09-19 13:51:19,438 [Time-limited test] INFO  impl.MetricsSystemImpl (MetricsSystemImpl.java:init(158)) - XceiverClientMetrics metrics system started (again)
2022-09-19 13:51:19,501 [IPC Server handler 7 on default port 36083] INFO  ha.SequenceIdGenerator (SequenceIdGenerator.java:getNextId(128)) - Allocate a batch for containerId, change lastId from 0 to 1000.
2022-09-19 13:51:19,512 [IPC Server handler 7 on default port 36083] WARN  ha.SequenceIdGenerator (SequenceIdGenerator.java:allocateBatch(237)) - Failed to allocate a batch for localId, expected lastId is 0, actual lastId is 109611004723200000.
2022-09-19 13:51:19,513 [IPC Server handler 7 on default port 36083] INFO  ha.SequenceIdGenerator (SequenceIdGenerator.java:getNextId(128)) - Allocate a batch for localId, change lastId from 109611004723200000 to 109611004723201000.
2022-09-19 13:51:19,569 [482afb3d-5dff-4b01-b87b-af2a304f0017@group-2A4BB4EC8AE1-FollowerState] INFO  impl.FollowerState (FollowerState.java:run(143)) - 482afb3d-5dff-4b01-b87b-af2a304f0017@group-2A4BB4EC8AE1-FollowerState: change to CANDIDATE, lastRpcElapsedTime:5161499740ns, electionTimeout:5155ms
2022-09-19 13:51:19,570 [482afb3d-5dff-4b01-b87b-af2a304f0017@group-2A4BB4EC8AE1-FollowerState] INFO  impl.RoleInfo (RoleInfo.java:shutdownFollowerState(110)) - 482afb3d-5dff-4b01-b87b-af2a304f0017: shutdown 482afb3d-5dff-4b01-b87b-af2a304f0017@group-2A4BB4EC8AE1-FollowerState
2022-09-19 13:51:19,570 [482afb3d-5dff-4b01-b87b-af2a304f0017@group-2A4BB4EC8AE1-FollowerState] INFO  server.RaftServer$Division (RaftServerImpl.java:setRole(299)) - 482afb3d-5dff-4b01-b87b-af2a304f0017@group-2A4BB4EC8AE1: changes role from  FOLLOWER to CANDIDATE at term 0 for changeToCandidate
2022-09-19 13:51:19,570 [482afb3d-5dff-4b01-b87b-af2a304f0017@group-2A4BB4EC8AE1-FollowerState] INFO  server.RaftServerConfigKeys (ConfUtils.java:logGet(46)) - raft.server.leaderelection.pre-vote = false (custom)
2022-09-19 13:51:19,570 [482afb3d-5dff-4b01-b87b-af2a304f0017@group-2A4BB4EC8AE1-FollowerState] INFO  impl.RoleInfo (RoleInfo.java:updateAndGet(139)) - 482afb3d-5dff-4b01-b87b-af2a304f0017: start 482afb3d-5dff-4b01-b87b-af2a304f0017@group-2A4BB4EC8AE1-LeaderElection12
2022-09-19 13:51:19,592 [482afb3d-5dff-4b01-b87b-af2a304f0017@group-2A4BB4EC8AE1-LeaderElection12] INFO  impl.LeaderElection (LeaderElection.java:askForVotes(310)) - 482afb3d-5dff-4b01-b87b-af2a304f0017@group-2A4BB4EC8AE1-LeaderElection12 ELECTION round 0: submit vote requests at term 1 for -1: [482afb3d-5dff-4b01-b87b-af2a304f0017|rpc:10.1.0.102:43325|priority:1], old=null
2022-09-19 13:51:19,592 [482afb3d-5dff-4b01-b87b-af2a304f0017@group-2A4BB4EC8AE1-LeaderElection12] INFO  impl.LeaderElection (LeaderElection.java:askForVotes(312)) - 482afb3d-5dff-4b01-b87b-af2a304f0017@group-2A4BB4EC8AE1-LeaderElection12 ELECTION round 0: result PASSED (term=1)
2022-09-19 13:51:19,592 [482afb3d-5dff-4b01-b87b-af2a304f0017@group-2A4BB4EC8AE1-LeaderElection12] INFO  impl.RoleInfo (RoleInfo.java:shutdownLeaderElection(130)) - 482afb3d-5dff-4b01-b87b-af2a304f0017: shutdown 482afb3d-5dff-4b01-b87b-af2a304f0017@group-2A4BB4EC8AE1-LeaderElection12
2022-09-19 13:51:19,592 [482afb3d-5dff-4b01-b87b-af2a304f0017@group-2A4BB4EC8AE1-LeaderElection12] INFO  server.RaftServer$Division (RaftServerImpl.java:setRole(299)) - 482afb3d-5dff-4b01-b87b-af2a304f0017@group-2A4BB4EC8AE1: changes role from CANDIDATE to LEADER at term 1 for changeToLeader
2022-09-19 13:51:19,592 [482afb3d-5dff-4b01-b87b-af2a304f0017@group-2A4BB4EC8AE1-LeaderElection12] INFO  ratis.XceiverServerRatis (XceiverServerRatis.java:handleLeaderChangedNotification(863)) - Leader change notification received for group: group-2A4BB4EC8AE1 with new leaderId: 482afb3d-5dff-4b01-b87b-af2a304f0017
2022-09-19 13:51:19,592 [482afb3d-5dff-4b01-b87b-af2a304f0017@group-2A4BB4EC8AE1-LeaderElection12] INFO  server.RaftServer$Division (ServerState.java:setLeader(287)) - 482afb3d-5dff-4b01-b87b-af2a304f0017@group-2A4BB4EC8AE1: change Leader from null to 482afb3d-5dff-4b01-b87b-af2a304f0017 at term 1 for becomeLeader, leader elected after 5191ms
2022-09-19 13:51:19,592 [482afb3d-5dff-4b01-b87b-af2a304f0017@group-2A4BB4EC8AE1-LeaderElection12] INFO  server.RaftServerConfigKeys (ConfUtils.java:logGet(46)) - raft.server.staging.catchup.gap = 1000 (default)
2022-09-19 13:51:19,592 [482afb3d-5dff-4b01-b87b-af2a304f0017@group-2A4BB4EC8AE1-LeaderElection12] INFO  server.RaftServerConfigKeys (ConfUtils.java:logGet(46)) - raft.server.write.element-limit = 1024 (custom)
2022-09-19 13:51:19,592 [482afb3d-5dff-4b01-b87b-af2a304f0017@group-2A4BB4EC8AE1-LeaderElection12] INFO  server.RaftServerConfigKeys (ConfUtils.java:logGet(46)) - raft.server.write.byte-limit = 1024 M (=1073741824) (custom)
2022-09-19 13:51:19,593 [482afb3d-5dff-4b01-b87b-af2a304f0017@group-2A4BB4EC8AE1-LeaderElection12] INFO  server.RaftServerConfigKeys (ConfUtils.java:logGet(46)) - raft.server.watch.timeout = 180s (custom)
2022-09-19 13:51:19,593 [482afb3d-5dff-4b01-b87b-af2a304f0017@group-2A4BB4EC8AE1-LeaderElection12] INFO  server.RaftServerConfigKeys (ConfUtils.java:logGet(46)) - raft.server.watch.timeout.denomination = 1s (default)
2022-09-19 13:51:19,593 [482afb3d-5dff-4b01-b87b-af2a304f0017@group-2A4BB4EC8AE1-LeaderElection12] INFO  server.RaftServerConfigKeys (ConfUtils.java:logGet(46)) - raft.server.watch.element-limit = 65536 (default)
2022-09-19 13:51:19,593 [482afb3d-5dff-4b01-b87b-af2a304f0017@group-2A4BB4EC8AE1-LeaderElection12] INFO  server.RaftServerConfigKeys (ConfUtils.java:logGet(46)) - raft.server.write.element-limit = 1024 (custom)
2022-09-19 13:51:19,593 [482afb3d-5dff-4b01-b87b-af2a304f0017@group-2A4BB4EC8AE1-LeaderElection12] INFO  server.RaftServerConfigKeys (ConfUtils.java:logGet(46)) - raft.server.write.follower.gap.ratio.max = -1.0 (default)
2022-09-19 13:51:19,593 [482afb3d-5dff-4b01-b87b-af2a304f0017@group-2A4BB4EC8AE1-LeaderElection12] INFO  impl.RoleInfo (RoleInfo.java:updateAndGet(139)) - 482afb3d-5dff-4b01-b87b-af2a304f0017: start 482afb3d-5dff-4b01-b87b-af2a304f0017@group-2A4BB4EC8AE1-LeaderStateImpl
2022-09-19 13:51:19,593 [482afb3d-5dff-4b01-b87b-af2a304f0017@group-2A4BB4EC8AE1-LeaderElection12] INFO  segmented.SegmentedRaftLogWorker (SegmentedRaftLogWorker.java:startLogSegment(425)) - 482afb3d-5dff-4b01-b87b-af2a304f0017@group-2A4BB4EC8AE1-SegmentedRaftLogWorker: Starting segment from index:0
2022-09-19 13:51:19,597 [482afb3d-5dff-4b01-b87b-af2a304f0017@group-2A4BB4EC8AE1-SegmentedRaftLogWorker] INFO  segmented.SegmentedRaftLogWorker (SegmentedRaftLogWorker.java:execute(629)) - 482afb3d-5dff-4b01-b87b-af2a304f0017@group-2A4BB4EC8AE1-SegmentedRaftLogWorker: created new log segment /home/runner/work/ozone/ozone/hadoop-ozone/integration-test/target/test-dir/MiniOzoneClusterImpl-dbfde215-b7d4-4534-b4eb-abad1aeb9004/datanode-5/data/ratis/80d7d334-3fea-44f5-9193-2a4bb4ec8ae1/current/log_inprogress_0
2022-09-19 13:51:19,613 [482afb3d-5dff-4b01-b87b-af2a304f0017@group-2A4BB4EC8AE1-LeaderElection12] INFO  server.RaftServer$Division (ServerState.java:setRaftConf(393)) - 482afb3d-5dff-4b01-b87b-af2a304f0017@group-2A4BB4EC8AE1: set configuration 0: [482afb3d-5dff-4b01-b87b-af2a304f0017|rpc:10.1.0.102:43325|dataStream:|priority:1], old=null
2022-09-19 13:51:19,897 [0df8fd5a-2015-434e-b54c-98b577502879@group-1CA8C05B0168-FollowerState] INFO  impl.FollowerState (FollowerState.java:run(143)) - 0df8fd5a-2015-434e-b54c-98b577502879@group-1CA8C05B0168-FollowerState: change to CANDIDATE, lastRpcElapsedTime:5107383819ns, electionTimeout:5103ms
2022-09-19 13:51:19,898 [0df8fd5a-2015-434e-b54c-98b577502879@group-1CA8C05B0168-FollowerState] INFO  impl.RoleInfo (RoleInfo.java:shutdownFollowerState(110)) - 0df8fd5a-2015-434e-b54c-98b577502879: shutdown 0df8fd5a-2015-434e-b54c-98b577502879@group-1CA8C05B0168-FollowerState
2022-09-19 13:51:19,898 [0df8fd5a-2015-434e-b54c-98b577502879@group-1CA8C05B0168-FollowerState] INFO  server.RaftServer$Division (RaftServerImpl.java:setRole(299)) - 0df8fd5a-2015-434e-b54c-98b577502879@group-1CA8C05B0168: changes role from  FOLLOWER to CANDIDATE at term 0 for changeToCandidate
2022-09-19 13:51:19,898 [0df8fd5a-2015-434e-b54c-98b577502879@group-1CA8C05B0168-FollowerState] INFO  server.RaftServerConfigKeys (ConfUtils.java:logGet(46)) - raft.server.leaderelection.pre-vote = false (custom)
2022-09-19 13:51:19,898 [0df8fd5a-2015-434e-b54c-98b577502879@group-1CA8C05B0168-FollowerState] INFO  impl.RoleInfo (RoleInfo.java:updateAndGet(139)) - 0df8fd5a-2015-434e-b54c-98b577502879: start 0df8fd5a-2015-434e-b54c-98b577502879@group-1CA8C05B0168-LeaderElection13
2022-09-19 13:51:19,912 [0df8fd5a-2015-434e-b54c-98b577502879@group-1CA8C05B0168-LeaderElection13] INFO  impl.LeaderElection (LeaderElection.java:askForVotes(310)) - 0df8fd5a-2015-434e-b54c-98b577502879@group-1CA8C05B0168-LeaderElection13 ELECTION round 0: submit vote requests at term 1 for -1: [0df8fd5a-2015-434e-b54c-98b577502879|rpc:10.1.0.102:37277|priority:1], old=null
2022-09-19 13:51:19,912 [0df8fd5a-2015-434e-b54c-98b577502879@group-1CA8C05B0168-LeaderElection13] INFO  impl.LeaderElection (LeaderElection.java:askForVotes(312)) - 0df8fd5a-2015-434e-b54c-98b577502879@group-1CA8C05B0168-LeaderElection13 ELECTION round 0: result PASSED (term=1)
2022-09-19 13:51:19,912 [0df8fd5a-2015-434e-b54c-98b577502879@group-1CA8C05B0168-LeaderElection13] INFO  impl.RoleInfo (RoleInfo.java:shutdownLeaderElection(130)) - 0df8fd5a-2015-434e-b54c-98b577502879: shutdown 0df8fd5a-2015-434e-b54c-98b577502879@group-1CA8C05B0168-LeaderElection13
2022-09-19 13:51:19,912 [0df8fd5a-2015-434e-b54c-98b577502879@group-1CA8C05B0168-LeaderElection13] INFO  server.RaftServer$Division (RaftServerImpl.java:setRole(299)) - 0df8fd5a-2015-434e-b54c-98b577502879@group-1CA8C05B0168: changes role from CANDIDATE to LEADER at term 1 for changeToLeader
2022-09-19 13:51:19,912 [0df8fd5a-2015-434e-b54c-98b577502879@group-1CA8C05B0168-LeaderElection13] INFO  ratis.XceiverServerRatis (XceiverServerRatis.java:handleLeaderChangedNotification(863)) - Leader change notification received for group: group-1CA8C05B0168 with new leaderId: 0df8fd5a-2015-434e-b54c-98b577502879
2022-09-19 13:51:19,913 [0df8fd5a-2015-434e-b54c-98b577502879@group-1CA8C05B0168-LeaderElection13] INFO  server.RaftServer$Division (ServerState.java:setLeader(287)) - 0df8fd5a-2015-434e-b54c-98b577502879@group-1CA8C05B0168: change Leader from null to 0df8fd5a-2015-434e-b54c-98b577502879 at term 1 for becomeLeader, leader elected after 5133ms
2022-09-19 13:51:19,913 [0df8fd5a-2015-434e-b54c-98b577502879@group-1CA8C05B0168-LeaderElection13] INFO  server.RaftServerConfigKeys (ConfUtils.java:logGet(46)) - raft.server.staging.catchup.gap = 1000 (default)
2022-09-19 13:51:19,913 [0df8fd5a-2015-434e-b54c-98b577502879@group-1CA8C05B0168-LeaderElection13] INFO  server.RaftServerConfigKeys (ConfUtils.java:logGet(46)) - raft.server.write.element-limit = 1024 (custom)
2022-09-19 13:51:19,913 [0df8fd5a-2015-434e-b54c-98b577502879@group-1CA8C05B0168-LeaderElection13] INFO  server.RaftServerConfigKeys (ConfUtils.java:logGet(46)) - raft.server.write.byte-limit = 1024 M (=1073741824) (custom)
2022-09-19 13:51:19,915 [0df8fd5a-2015-434e-b54c-98b577502879@group-1CA8C05B0168-LeaderElection13] INFO  server.RaftServerConfigKeys (ConfUtils.java:logGet(46)) - raft.server.watch.timeout = 180s (custom)
2022-09-19 13:51:19,915 [0df8fd5a-2015-434e-b54c-98b577502879@group-1CA8C05B0168-LeaderElection13] INFO  server.RaftServerConfigKeys (ConfUtils.java:logGet(46)) - raft.server.watch.timeout.denomination = 1s (default)
2022-09-19 13:51:19,915 [0df8fd5a-2015-434e-b54c-98b577502879@group-1CA8C05B0168-LeaderElection13] INFO  server.RaftServerConfigKeys (ConfUtils.java:logGet(46)) - raft.server.watch.element-limit = 65536 (default)
2022-09-19 13:51:19,915 [0df8fd5a-2015-434e-b54c-98b577502879@group-1CA8C05B0168-LeaderElection13] INFO  server.RaftServerConfigKeys (ConfUtils.java:logGet(46)) - raft.server.write.element-limit = 1024 (custom)
2022-09-19 13:51:19,916 [0df8fd5a-2015-434e-b54c-98b577502879@group-1CA8C05B0168-LeaderElection13] INFO  server.RaftServerConfigKeys (ConfUtils.java:logGet(46)) - raft.server.write.follower.gap.ratio.max = -1.0 (default)
2022-09-19 13:51:19,916 [0df8fd5a-2015-434e-b54c-98b577502879@group-1CA8C05B0168-LeaderElection13] INFO  impl.RoleInfo (RoleInfo.java:updateAndGet(139)) - 0df8fd5a-2015-434e-b54c-98b577502879: start 0df8fd5a-2015-434e-b54c-98b577502879@group-1CA8C05B0168-LeaderStateImpl
2022-09-19 13:51:19,916 [0df8fd5a-2015-434e-b54c-98b577502879@group-1CA8C05B0168-LeaderElection13] INFO  segmented.SegmentedRaftLogWorker (SegmentedRaftLogWorker.java:startLogSegment(425)) - 0df8fd5a-2015-434e-b54c-98b577502879@group-1CA8C05B0168-SegmentedRaftLogWorker: Starting segment from index:0
2022-09-19 13:51:19,917 [0df8fd5a-2015-434e-b54c-98b577502879@group-1CA8C05B0168-SegmentedRaftLogWorker] INFO  segmented.SegmentedRaftLogWorker (SegmentedRaftLogWorker.java:execute(629)) - 0df8fd5a-2015-434e-b54c-98b577502879@group-1CA8C05B0168-SegmentedRaftLogWorker: created new log segment /home/runner/work/ozone/ozone/hadoop-ozone/integration-test/target/test-dir/MiniOzoneClusterImpl-dbfde215-b7d4-4534-b4eb-abad1aeb9004/datanode-6/data/ratis/ffa33198-4a08-48c1-b7a0-1ca8c05b0168/current/log_inprogress_0
2022-09-19 13:51:19,926 [0df8fd5a-2015-434e-b54c-98b577502879@group-1CA8C05B0168-LeaderElection13] INFO  server.RaftServer$Division (ServerState.java:setRaftConf(393)) - 0df8fd5a-2015-434e-b54c-98b577502879@group-1CA8C05B0168: set configuration 0: [0df8fd5a-2015-434e-b54c-98b577502879|rpc:10.1.0.102:37277|dataStream:|priority:1], old=null
]]></system-out>
  </testcase>
  <testcase name="testMultiChunkWrite2" classname="org.apache.hadoop.ozone.client.rpc.TestBlockOutputStream" time="0.205"/>
  <testcase name="testMultiChunkWrite" classname="org.apache.hadoop.ozone.client.rpc.TestBlockOutputStream" time="0.049">
    <failure type="java.lang.AssertionError"><![CDATA[java.lang.AssertionError: expected:<1> but was:<0>
	at org.junit.Assert.fail(Assert.java:89)
	at org.junit.Assert.failNotEquals(Assert.java:835)
	at org.junit.Assert.assertEquals(Assert.java:647)
	at org.junit.Assert.assertEquals(Assert.java:633)
	at org.apache.hadoop.ozone.client.rpc.TestBlockOutputStream.testMultiChunkWrite(TestBlockOutputStream.java:351)
	at sun.reflect.NativeMethodAccessorImpl.invoke0(Native Method)
	at sun.reflect.NativeMethodAccessorImpl.invoke(NativeMethodAccessorImpl.java:62)
	at sun.reflect.DelegatingMethodAccessorImpl.invoke(DelegatingMethodAccessorImpl.java:43)
	at java.lang.reflect.Method.invoke(Method.java:498)
	at org.junit.runners.model.FrameworkMethod$1.runReflectiveCall(FrameworkMethod.java:59)
	at org.junit.internal.runners.model.ReflectiveCallable.run(ReflectiveCallable.java:12)
	at org.junit.runners.model.FrameworkMethod.invokeExplosively(FrameworkMethod.java:56)
	at org.junit.internal.runners.statements.InvokeMethod.evaluate(InvokeMethod.java:17)
	at org.junit.internal.runners.statements.FailOnTimeout$CallableStatement.call(FailOnTimeout.java:288)
	at org.junit.internal.runners.statements.FailOnTimeout$CallableStatement.call(FailOnTimeout.java:282)
	at java.util.concurrent.FutureTask.run(FutureTask.java:266)
	at java.lang.Thread.run(Thread.java:750)
]]></failure>
  </testcase>
  <testcase name="testFullBufferCondition" classname="org.apache.hadoop.ozone.client.rpc.TestBlockOutputStream" time="0.17"/>
  <testcase name="testBufferCaching" classname="org.apache.hadoop.ozone.client.rpc.TestBlockOutputStream" time="0.134"/>
  <testcase name="testWriteWithExceedingMaxBufferLimit" classname="org.apache.hadoop.ozone.client.rpc.TestBlockOutputStream" time="0.225"/>
</testsuite>