<?xml version="1.0" encoding="UTF-8"?>
<testsuite xmlns:xsi="http://www.w3.org/2001/XMLSchema-instance" xsi:noNamespaceSchemaLocation="https://maven.apache.org/surefire/maven-surefire-plugin/xsd/surefire-test-report-3.0.xsd" version="3.0" name="org.apache.hadoop.ozone.client.rpc.TestContainerStateMachineFailures" time="162.022" tests="7" errors="0" skipped="0" failures="1">
  <properties>
    <property name="awt.toolkit" value="sun.awt.X11.XToolkit"/>
    <property name="file.encoding.pkg" value="sun.io"/>
    <property name="java.specification.version" value="1.8"/>
    <property name="sun.cpu.isalist" value=""/>
    <property name="sun.jnu.encoding" value="UTF-8"/>
    <property name="java.class.path" value="/home/runner/work/ozone/ozone/hadoop-ozone/integration-test/target/test-classes:/home/runner/work/ozone/ozone/hadoop-ozone/integration-test/target/classes:/home/runner/.m2/repository/org/apache/ozone/ozone-common/1.3.0-SNAPSHOT/ozone-common-1.3.0-SNAPSHOT.jar:/home/runner/.m2/repository/io/grpc/grpc-netty/1.44.0/grpc-netty-1.44.0.jar:/home/runner/.m2/repository/io/grpc/grpc-core/1.44.0/grpc-core-1.44.0.jar:/home/runner/.m2/repository/com/google/android/annotations/4.1.1.4/annotations-4.1.1.4.jar:/home/runner/.m2/repository/org/codehaus/mojo/animal-sniffer-annotations/1.19/animal-sniffer-annotations-1.19.jar:/home/runner/.m2/repository/com/google/errorprone/error_prone_annotations/2.2.0/error_prone_annotations-2.2.0.jar:/home/runner/.m2/repository/io/perfmark/perfmark-api/0.23.0/perfmark-api-0.23.0.jar:/home/runner/.m2/repository/io/netty/netty-codec-http2/4.1.74.Final/netty-codec-http2-4.1.74.Final.jar:/home/runner/.m2/repository/io/netty/netty-common/4.1.74.Final/netty-common-4.1.74.Final.jar:/home/runner/.m2/repository/io/netty/netty-buffer/4.1.74.Final/netty-buffer-4.1.74.Final.jar:/home/runner/.m2/repository/io/netty/netty-codec-http/4.1.74.Final/netty-codec-http-4.1.74.Final.jar:/home/runner/.m2/repository/io/netty/netty-handler-proxy/4.1.74.Final/netty-handler-proxy-4.1.74.Final.jar:/home/runner/.m2/repository/io/netty/netty-codec-socks/4.1.74.Final/netty-codec-socks-4.1.74.Final.jar:/home/runner/.m2/repository/io/netty/netty-tcnative-boringssl-static/2.0.48.Final/netty-tcnative-boringssl-static-2.0.48.Final.jar:/home/runner/.m2/repository/io/netty/netty-tcnative-classes/2.0.48.Final/netty-tcnative-classes-2.0.48.Final.jar:/home/runner/.m2/repository/io/netty/netty-tcnative/2.0.48.Final/netty-tcnative-2.0.48.Final.jar:/home/runner/.m2/repository/org/apache/commons/commons-compress/1.21/commons-compress-1.21.jar:/home/runner/.m2/repository/org/apache/ozone/hdds-common/1.3.0-SNAPSHOT/hdds-common-1.3.0-SNAPSHOT.jar:/home/runner/.m2/repository/org/apache/ozone/hdds-client/1.3.0-SNAPSHOT/hdds-client-1.3.0-SNAPSHOT.jar:/home/runner/.m2/repository/org/apache/ozone/ozone-interface-client/1.3.0-SNAPSHOT/ozone-interface-client-1.3.0-SNAPSHOT.jar:/home/runner/.m2/repository/org/apache/ozone/hdds-test-utils/1.3.0-SNAPSHOT/hdds-test-utils-1.3.0-SNAPSHOT.jar:/home/runner/.m2/repository/com/google/guava/guava/31.1-jre/guava-31.1-jre.jar:/home/runner/.m2/repository/com/google/guava/failureaccess/1.0.1/failureaccess-1.0.1.jar:/home/runner/.m2/repository/com/google/guava/listenablefuture/9999.0-empty-to-avoid-conflict-with-guava/listenablefuture-9999.0-empty-to-avoid-conflict-with-guava.jar:/home/runner/.m2/repository/com/google/code/findbugs/jsr305/3.0.0/jsr305-3.0.0.jar:/home/runner/.m2/repository/org/checkerframework/checker-qual/3.12.0/checker-qual-3.12.0.jar:/home/runner/.m2/repository/com/google/j2objc/j2objc-annotations/1.3/j2objc-annotations-1.3.jar:/home/runner/.m2/repository/commons-io/commons-io/2.11.0/commons-io-2.11.0.jar:/home/runner/.m2/repository/commons-logging/commons-logging/1.2/commons-logging-1.2.jar:/home/runner/.m2/repository/log4j/log4j/1.2.17/log4j-1.2.17.jar:/home/runner/.m2/repository/org/slf4j/slf4j-api/1.7.30/slf4j-api-1.7.30.jar:/home/runner/.m2/repository/org/apache/ozone/hdds-server-scm/1.3.0-SNAPSHOT/hdds-server-scm-1.3.0-SNAPSHOT.jar:/home/runner/.m2/repository/org/apache/ozone/hdds-container-service/1.3.0-SNAPSHOT/hdds-container-service-1.3.0-SNAPSHOT.jar:/home/runner/.m2/repository/org/apache/ozone/hdds-hadoop-dependency-server/1.3.0-SNAPSHOT/hdds-hadoop-dependency-server-1.3.0-SNAPSHOT.jar:/home/runner/.m2/repository/org/apache/hadoop/hadoop-hdfs/3.3.1/hadoop-hdfs-3.3.1.jar:/home/runner/.m2/repository/org/apache/ozone/hdds-server-framework/1.3.0-SNAPSHOT/hdds-server-framework-1.3.0-SNAPSHOT.jar:/home/runner/.m2/repository/org/apache/ozone/hdds-interface-server/1.3.0-SNAPSHOT/hdds-interface-server-1.3.0-SNAPSHOT.jar:/home/runner/.m2/repository/org/apache/logging/log4j/log4j-core/2.17.1/log4j-core-2.17.1.jar:/home/runner/.m2/repository/com/lmax/disruptor/3.4.2/disruptor-3.4.2.jar:/home/runner/.m2/repository/org/eclipse/jetty/jetty-servlet/9.4.43.v20210629/jetty-servlet-9.4.43.v20210629.jar:/home/runner/.m2/repository/org/eclipse/jetty/jetty-security/9.4.43.v20210629/jetty-security-9.4.43.v20210629.jar:/home/runner/.m2/repository/org/rocksdb/rocksdbjni/6.29.5/rocksdbjni-6.29.5.jar:/home/runner/.m2/repository/io/prometheus/simpleclient_dropwizard/0.7.0/simpleclient_dropwizard-0.7.0.jar:/home/runner/.m2/repository/io/prometheus/simpleclient/0.7.0/simpleclient-0.7.0.jar:/home/runner/.m2/repository/io/prometheus/simpleclient_common/0.7.0/simpleclient_common-0.7.0.jar:/home/runner/.m2/repository/io/dropwizard/metrics/metrics-core/3.2.4/metrics-core-3.2.4.jar:/home/runner/.m2/repository/org/apache/hadoop/hadoop-hdfs-client/3.3.1/hadoop-hdfs-client-3.3.1.jar:/home/runner/.m2/repository/org/bouncycastle/bcprov-jdk15on/1.67/bcprov-jdk15on-1.67.jar:/home/runner/.m2/repository/com/google/protobuf/protobuf-java/2.5.0/protobuf-java-2.5.0.jar:/home/runner/.m2/repository/org/apache/ozone/ozone-manager/1.3.0-SNAPSHOT/ozone-manager-1.3.0-SNAPSHOT.jar:/home/runner/.m2/repository/org/aspectj/aspectjrt/1.9.7/aspectjrt-1.9.7.jar:/home/runner/.m2/repository/org/aspectj/aspectjweaver/1.9.7/aspectjweaver-1.9.7.jar:/home/runner/.m2/repository/org/apache/ozone/hdds-interface-client/1.3.0-SNAPSHOT/hdds-interface-client-1.3.0-SNAPSHOT.jar:/home/runner/.m2/repository/org/apache/hadoop/thirdparty/hadoop-shaded-protobuf_3_7/1.1.1/hadoop-shaded-protobuf_3_7-1.1.1.jar:/home/runner/.m2/repository/org/apache/ozone/ozone-interface-storage/1.3.0-SNAPSHOT/ozone-interface-storage-1.3.0-SNAPSHOT.jar:/home/runner/.m2/repository/org/reflections/reflections/0.9.11/reflections-0.9.11.jar:/home/runner/.m2/repository/com/sun/jersey/jersey-client/1.19/jersey-client-1.19.jar:/home/runner/.m2/repository/org/apache/ranger/ranger-intg/3.0.0-SNAPSHOT/ranger-intg-3.0.0-SNAPSHOT.jar:/home/runner/.m2/repository/org/apache/ranger/ranger-plugins-common/3.0.0-SNAPSHOT/ranger-plugins-common-3.0.0-SNAPSHOT.jar:/home/runner/.m2/repository/commons-lang/commons-lang/2.6/commons-lang-2.6.jar:/home/runner/.m2/repository/org/codehaus/jackson/jackson-jaxrs/1.9.13/jackson-jaxrs-1.9.13.jar:/home/runner/.m2/repository/org/apache/ranger/ranger-plugins-cred/3.0.0-SNAPSHOT/ranger-plugins-cred-3.0.0-SNAPSHOT.jar:/home/runner/.m2/repository/org/apache/ranger/ranger-plugins-audit/3.0.0-SNAPSHOT/ranger-plugins-audit-3.0.0-SNAPSHOT.jar:/home/runner/.m2/repository/org/apache/kafka/kafka-clients/2.8.1/kafka-clients-2.8.1.jar:/home/runner/.m2/repository/com/github/luben/zstd-jni/1.4.9-1/zstd-jni-1.4.9-1.jar:/home/runner/.m2/repository/org/apache/solr/solr-solrj/8.6.3/solr-solrj-8.6.3.jar:/home/runner/.m2/repository/org/eclipse/jetty/jetty-client/9.4.44.v20210927/jetty-client-9.4.44.v20210927.jar:/home/runner/.m2/repository/org/apache/httpcomponents/httpmime/4.5.13/httpmime-4.5.13.jar:/home/runner/.m2/repository/org/apache/httpcomponents/httpcore-nio/4.4.14/httpcore-nio-4.4.14.jar:/home/runner/.m2/repository/org/apache/httpcomponents/httpasyncclient/4.1.4/httpasyncclient-4.1.4.jar:/home/runner/.m2/repository/com/carrotsearch/hppc/0.8.0/hppc-0.8.0.jar:/home/runner/.m2/repository/org/apache/hive/hive-storage-api/2.7.2/hive-storage-api-2.7.2.jar:/home/runner/.m2/repository/org/apache/orc/orc-core/1.5.8/orc-core-1.5.8.jar:/home/runner/.m2/repository/com/amazonaws/aws-java-sdk-bundle/1.12.125/aws-java-sdk-bundle-1.12.125.jar:/home/runner/.m2/repository/net/java/dev/jna/jna/5.2.0/jna-5.2.0.jar:/home/runner/.m2/repository/net/java/dev/jna/jna-platform/5.2.0/jna-platform-5.2.0.jar:/home/runner/.m2/repository/com/kstruct/gethostname4j/0.0.2/gethostname4j-0.0.2.jar:/home/runner/.m2/repository/org/apache/ranger/ranger-plugin-classloader/3.0.0-SNAPSHOT/ranger-plugin-classloader-3.0.0-SNAPSHOT.jar:/home/runner/.m2/repository/org/apache/hadoop/hadoop-minikdc/3.3.1/hadoop-minikdc-3.3.1.jar:/home/runner/.m2/repository/org/apache/kerby/kerb-simplekdc/1.0.1/kerb-simplekdc-1.0.1.jar:/home/runner/.m2/repository/org/apache/kerby/kerb-client/1.0.1/kerb-client-1.0.1.jar:/home/runner/.m2/repository/org/apache/kerby/kerby-config/1.0.1/kerby-config-1.0.1.jar:/home/runner/.m2/repository/org/apache/kerby/kerb-common/1.0.1/kerb-common-1.0.1.jar:/home/runner/.m2/repository/org/apache/kerby/kerb-crypto/1.0.1/kerb-crypto-1.0.1.jar:/home/runner/.m2/repository/org/apache/kerby/kerb-util/1.0.1/kerb-util-1.0.1.jar:/home/runner/.m2/repository/org/apache/kerby/token-provider/1.0.1/token-provider-1.0.1.jar:/home/runner/.m2/repository/org/apache/kerby/kerb-admin/1.0.1/kerb-admin-1.0.1.jar:/home/runner/.m2/repository/org/apache/kerby/kerb-server/1.0.1/kerb-server-1.0.1.jar:/home/runner/.m2/repository/org/apache/kerby/kerb-identity/1.0.1/kerb-identity-1.0.1.jar:/home/runner/.m2/repository/org/apache/kerby/kerby-xdr/1.0.1/kerby-xdr-1.0.1.jar:/home/runner/.m2/repository/org/slf4j/slf4j-log4j12/1.7.30/slf4j-log4j12-1.7.30.jar:/home/runner/.m2/repository/org/apache/ozone/ozone-s3gateway/1.3.0-SNAPSHOT/ozone-s3gateway-1.3.0-SNAPSHOT.jar:/home/runner/.m2/repository/org/javassist/javassist/3.21.0-GA/javassist-3.21.0-GA.jar:/home/runner/.m2/repository/org/jboss/weld/servlet/weld-servlet/2.4.7.Final/weld-servlet-2.4.7.Final.jar:/home/runner/.m2/repository/org/glassfish/jersey/containers/jersey-container-servlet-core/2.33/jersey-container-servlet-core-2.33.jar:/home/runner/.m2/repository/org/glassfish/hk2/external/jakarta.inject/2.6.1/jakarta.inject-2.6.1.jar:/home/runner/.m2/repository/org/glassfish/jersey/core/jersey-common/2.33/jersey-common-2.33.jar:/home/runner/.m2/repository/jakarta/ws/rs/jakarta.ws.rs-api/2.1.6/jakarta.ws.rs-api-2.1.6.jar:/home/runner/.m2/repository/org/glassfish/jersey/ext/cdi/jersey-cdi1x/2.33/jersey-cdi1x-2.33.jar:/home/runner/.m2/repository/org/glassfish/jersey/inject/jersey-hk2/2.33/jersey-hk2-2.33.jar:/home/runner/.m2/repository/org/glassfish/hk2/hk2-locator/2.6.1/hk2-locator-2.6.1.jar:/home/runner/.m2/repository/org/glassfish/jersey/media/jersey-media-jaxb/2.33/jersey-media-jaxb-2.33.jar:/home/runner/.m2/repository/org/glassfish/hk2/osgi-resource-locator/1.0.3/osgi-resource-locator-1.0.3.jar:/home/runner/.m2/repository/org/glassfish/hk2/hk2-api/2.5.0/hk2-api-2.5.0.jar:/home/runner/.m2/repository/org/glassfish/hk2/hk2-utils/2.5.0/hk2-utils-2.5.0.jar:/home/runner/.m2/repository/org/glassfish/hk2/external/aopalliance-repackaged/2.5.0/aopalliance-repackaged-2.5.0.jar:/home/runner/.m2/repository/com/fasterxml/jackson/dataformat/jackson-dataformat-xml/2.13.2/jackson-dataformat-xml-2.13.2.jar:/home/runner/.m2/repository/com/fasterxml/jackson/core/jackson-core/2.13.2/jackson-core-2.13.2.jar:/home/runner/.m2/repository/org/codehaus/woodstox/stax2-api/3.1.4/stax2-api-3.1.4.jar:/home/runner/.m2/repository/com/fasterxml/woodstox/woodstox-core/5.0.3/woodstox-core-5.0.3.jar:/home/runner/.m2/repository/com/fasterxml/jackson/module/jackson-module-jaxb-annotations/2.13.2/jackson-module-jaxb-annotations-2.13.2.jar:/home/runner/.m2/repository/jakarta/xml/bind/jakarta.xml.bind-api/2.3.3/jakarta.xml.bind-api-2.3.3.jar:/home/runner/.m2/repository/jakarta/activation/jakarta.activation-api/1.2.1/jakarta.activation-api-1.2.1.jar:/home/runner/.m2/repository/javax/enterprise/cdi-api/1.2/cdi-api-1.2.jar:/home/runner/.m2/repository/javax/el/javax.el-api/3.0.0/javax.el-api-3.0.0.jar:/home/runner/.m2/repository/javax/interceptor/javax.interceptor-api/1.2/javax.interceptor-api-1.2.jar:/home/runner/.m2/repository/javax/inject/javax.inject/1/javax.inject-1.jar:/home/runner/.m2/repository/javax/xml/bind/jaxb-api/2.3.0/jaxb-api-2.3.0.jar:/home/runner/.m2/repository/org/glassfish/jaxb/jaxb-runtime/2.3.0.1/jaxb-runtime-2.3.0.1.jar:/home/runner/.m2/repository/org/glassfish/jaxb/jaxb-core/2.3.0.1/jaxb-core-2.3.0.1.jar:/home/runner/.m2/repository/org/glassfish/jaxb/txw2/2.3.0.1/txw2-2.3.0.1.jar:/home/runner/.m2/repository/com/sun/istack/istack-commons-runtime/3.0.5/istack-commons-runtime-3.0.5.jar:/home/runner/.m2/repository/org/jvnet/staxex/stax-ex/1.7.8/stax-ex-1.7.8.jar:/home/runner/.m2/repository/com/sun/xml/fastinfoset/FastInfoset/1.2.13/FastInfoset-1.2.13.jar:/home/runner/.m2/repository/javax/activation/activation/1.1.1/activation-1.1.1.jar:/home/runner/.m2/repository/io/grpc/grpc-protobuf/1.44.0/grpc-protobuf-1.44.0.jar:/home/runner/.m2/repository/io/grpc/grpc-api/1.44.0/grpc-api-1.44.0.jar:/home/runner/.m2/repository/io/grpc/grpc-context/1.44.0/grpc-context-1.44.0.jar:/home/runner/.m2/repository/com/google/api/grpc/proto-google-common-protos/2.0.1/proto-google-common-protos-2.0.1.jar:/home/runner/.m2/repository/io/grpc/grpc-protobuf-lite/1.44.0/grpc-protobuf-lite-1.44.0.jar:/home/runner/.m2/repository/io/grpc/grpc-stub/1.44.0/grpc-stub-1.44.0.jar:/home/runner/.m2/repository/io/netty/netty-transport/4.1.74.Final/netty-transport-4.1.74.Final.jar:/home/runner/.m2/repository/io/netty/netty-resolver/4.1.74.Final/netty-resolver-4.1.74.Final.jar:/home/runner/.m2/repository/org/apache/ozone/ozone-csi/1.3.0-SNAPSHOT/ozone-csi-1.3.0-SNAPSHOT.jar:/home/runner/.m2/repository/com/google/protobuf/protobuf-java-util/3.19.2/protobuf-java-util-3.19.2.jar:/home/runner/.m2/repository/com/google/code/gson/gson/2.8.9/gson-2.8.9.jar:/home/runner/.m2/repository/org/apache/ozone/hdds-config/1.3.0-SNAPSHOT/hdds-config-1.3.0-SNAPSHOT.jar:/home/runner/.m2/repository/io/netty/netty-transport-native-epoll/4.1.74.Final/netty-transport-native-epoll-4.1.74.Final-linux-x86_64.jar:/home/runner/.m2/repository/io/netty/netty-transport-classes-epoll/4.1.74.Final/netty-transport-classes-epoll-4.1.74.Final.jar:/home/runner/.m2/repository/io/netty/netty-transport-native-unix-common/4.1.74.Final/netty-transport-native-unix-common-4.1.74.Final.jar:/home/runner/.m2/repository/org/apache/ozone/ozone-recon/1.3.0-SNAPSHOT/ozone-recon-1.3.0-SNAPSHOT.jar:/home/runner/.m2/repository/org/apache/ozone/ozone-reconcodegen/1.3.0-SNAPSHOT/ozone-reconcodegen-1.3.0-SNAPSHOT.jar:/home/runner/.m2/repository/com/google/inject/extensions/guice-multibindings/4.0/guice-multibindings-4.0.jar:/home/runner/.m2/repository/com/google/inject/guice/4.0/guice-4.0.jar:/home/runner/.m2/repository/aopalliance/aopalliance/1.0/aopalliance-1.0.jar:/home/runner/.m2/repository/com/google/inject/extensions/guice-assistedinject/4.0/guice-assistedinject-4.0.jar:/home/runner/.m2/repository/com/google/inject/extensions/guice-servlet/4.0/guice-servlet-4.0.jar:/home/runner/.m2/repository/org/glassfish/jersey/containers/jersey-container-servlet/2.33/jersey-container-servlet-2.33.jar:/home/runner/.m2/repository/org/glassfish/hk2/guice-bridge/2.5.0/guice-bridge-2.5.0.jar:/home/runner/.m2/repository/org/glassfish/jersey/core/jersey-server/2.33/jersey-server-2.33.jar:/home/runner/.m2/repository/org/glassfish/jersey/core/jersey-client/2.33/jersey-client-2.33.jar:/home/runner/.m2/repository/jakarta/annotation/jakarta.annotation-api/1.3.5/jakarta.annotation-api-1.3.5.jar:/home/runner/.m2/repository/jakarta/validation/jakarta.validation-api/2.0.2/jakarta.validation-api-2.0.2.jar:/home/runner/.m2/repository/org/glassfish/jersey/media/jersey-media-json-jackson/2.33/jersey-media-json-jackson-2.33.jar:/home/runner/.m2/repository/org/glassfish/jersey/ext/jersey-entity-filtering/2.33/jersey-entity-filtering-2.33.jar:/home/runner/.m2/repository/org/jooq/jooq/3.11.10/jooq-3.11.10.jar:/home/runner/.m2/repository/org/jooq/jooq-meta/3.11.10/jooq-meta-3.11.10.jar:/home/runner/.m2/repository/org/jooq/jooq-codegen/3.11.10/jooq-codegen-3.11.10.jar:/home/runner/.m2/repository/com/jolbox/bonecp/0.8.0.RELEASE/bonecp-0.8.0.RELEASE.jar:/home/runner/.m2/repository/org/apache/derby/derby/10.14.2.0/derby-10.14.2.0.jar:/home/runner/.m2/repository/org/xerial/sqlite-jdbc/3.25.2/sqlite-jdbc-3.25.2.jar:/home/runner/.m2/repository/org/springframework/spring-jdbc/5.2.20.RELEASE/spring-jdbc-5.2.20.RELEASE.jar:/home/runner/.m2/repository/org/springframework/spring-beans/5.2.20.RELEASE/spring-beans-5.2.20.RELEASE.jar:/home/runner/.m2/repository/org/springframework/spring-core/5.2.20.RELEASE/spring-core-5.2.20.RELEASE.jar:/home/runner/.m2/repository/org/springframework/spring-jcl/5.2.20.RELEASE/spring-jcl-5.2.20.RELEASE.jar:/home/runner/.m2/repository/org/springframework/spring-tx/5.2.20.RELEASE/spring-tx-5.2.20.RELEASE.jar:/home/runner/.m2/repository/org/apache/ozone/ozone-client/1.3.0-SNAPSHOT/ozone-client-1.3.0-SNAPSHOT.jar:/home/runner/.m2/repository/org/apache/ozone/hdds-erasurecode/1.3.0-SNAPSHOT/hdds-erasurecode-1.3.0-SNAPSHOT.jar:/home/runner/.m2/repository/com/github/spotbugs/spotbugs-annotations/3.1.12/spotbugs-annotations-3.1.12.jar:/home/runner/.m2/repository/org/apache/ozone/ozone-filesystem/1.3.0-SNAPSHOT/ozone-filesystem-1.3.0-SNAPSHOT.jar:/home/runner/.m2/repository/org/apache/ozone/ozone-filesystem-common/1.3.0-SNAPSHOT/ozone-filesystem-common-1.3.0-SNAPSHOT.jar:/home/runner/.m2/repository/org/apache/ozone/ozone-tools/1.3.0-SNAPSHOT/ozone-tools-1.3.0-SNAPSHOT.jar:/home/runner/.m2/repository/org/apache/ratis/ratis-tools/2.3.0/ratis-tools-2.3.0.jar:/home/runner/.m2/repository/com/amazonaws/aws-java-sdk-core/1.12.124/aws-java-sdk-core-1.12.124.jar:/home/runner/.m2/repository/org/apache/httpcomponents/httpclient/4.5.13/httpclient-4.5.13.jar:/home/runner/.m2/repository/org/apache/httpcomponents/httpcore/4.4.13/httpcore-4.4.13.jar:/home/runner/.m2/repository/software/amazon/ion/ion-java/1.0.2/ion-java-1.0.2.jar:/home/runner/.m2/repository/com/fasterxml/jackson/dataformat/jackson-dataformat-cbor/2.13.2/jackson-dataformat-cbor-2.13.2.jar:/home/runner/.m2/repository/joda-time/joda-time/2.8.1/joda-time-2.8.1.jar:/home/runner/.m2/repository/com/amazonaws/aws-java-sdk-s3/1.12.124/aws-java-sdk-s3-1.12.124.jar:/home/runner/.m2/repository/com/amazonaws/aws-java-sdk-kms/1.12.124/aws-java-sdk-kms-1.12.124.jar:/home/runner/.m2/repository/com/amazonaws/jmespath-java/1.12.124/jmespath-java-1.12.124.jar:/home/runner/.m2/repository/org/kohsuke/metainf-services/metainf-services/1.8/metainf-services-1.8.jar:/home/runner/.m2/repository/org/apache/ozone/hdds-tools/1.3.0-SNAPSHOT/hdds-tools-1.3.0-SNAPSHOT.jar:/home/runner/.m2/repository/commons-cli/commons-cli/1.2/commons-cli-1.2.jar:/home/runner/.m2/repository/org/apache/commons/commons-lang3/3.7/commons-lang3-3.7.jar:/home/runner/.m2/repository/org/apache/ozone/ozone-manager/1.3.0-SNAPSHOT/ozone-manager-1.3.0-SNAPSHOT-tests.jar:/home/runner/.m2/repository/org/apache/ozone/hdds-common/1.3.0-SNAPSHOT/hdds-common-1.3.0-SNAPSHOT-tests.jar:/home/runner/.m2/repository/org/apache/ozone/hdds-hadoop-dependency-client/1.3.0-SNAPSHOT/hdds-hadoop-dependency-client-1.3.0-SNAPSHOT.jar:/home/runner/.m2/repository/info/picocli/picocli/4.6.1/picocli-4.6.1.jar:/home/runner/.m2/repository/com/fasterxml/jackson/core/jackson-annotations/2.13.2/jackson-annotations-2.13.2.jar:/home/runner/.m2/repository/com/fasterxml/jackson/datatype/jackson-datatype-jsr310/2.13.2/jackson-datatype-jsr310-2.13.2.jar:/home/runner/.m2/repository/javax/annotation/javax.annotation-api/1.2/javax.annotation-api-1.2.jar:/home/runner/.m2/repository/org/apache/ratis/ratis-server/2.3.0/ratis-server-2.3.0.jar:/home/runner/.m2/repository/org/apache/ratis/ratis-client/2.3.0/ratis-client-2.3.0.jar:/home/runner/.m2/repository/org/apache/ratis/ratis-server-api/2.3.0/ratis-server-api-2.3.0.jar:/home/runner/.m2/repository/org/apache/ratis/ratis-metrics/2.3.0/ratis-metrics-2.3.0.jar:/home/runner/.m2/repository/org/apache/ratis/ratis-netty/2.3.0/ratis-netty-2.3.0.jar:/home/runner/.m2/repository/org/apache/ratis/ratis-grpc/2.3.0/ratis-grpc-2.3.0.jar:/home/runner/.m2/repository/org/apache/logging/log4j/log4j-api/2.17.1/log4j-api-2.17.1.jar:/home/runner/.m2/repository/org/apache/commons/commons-pool2/2.6.0/commons-pool2-2.6.0.jar:/home/runner/.m2/repository/org/bouncycastle/bcpkix-jdk15on/1.67/bcpkix-jdk15on-1.67.jar:/home/runner/.m2/repository/commons-validator/commons-validator/1.6/commons-validator-1.6.jar:/home/runner/.m2/repository/commons-beanutils/commons-beanutils/1.9.4/commons-beanutils-1.9.4.jar:/home/runner/.m2/repository/commons-digester/commons-digester/1.8.1/commons-digester-1.8.1.jar:/home/runner/.m2/repository/commons-collections/commons-collections/3.2.2/commons-collections-3.2.2.jar:/home/runner/.m2/repository/io/jaegertracing/jaeger-client/1.6.0/jaeger-client-1.6.0.jar:/home/runner/.m2/repository/io/jaegertracing/jaeger-thrift/1.6.0/jaeger-thrift-1.6.0.jar:/home/runner/.m2/repository/org/apache/thrift/libthrift/0.14.1/libthrift-0.14.1.jar:/home/runner/.m2/repository/com/squareup/okhttp3/okhttp/4.9.0/okhttp-4.9.0.jar:/home/runner/.m2/repository/com/squareup/okio/okio/2.8.0/okio-2.8.0.jar:/home/runner/.m2/repository/io/jaegertracing/jaeger-core/1.6.0/jaeger-core-1.6.0.jar:/home/runner/.m2/repository/io/jaegertracing/jaeger-tracerresolver/1.6.0/jaeger-tracerresolver-1.6.0.jar:/home/runner/.m2/repository/io/opentracing/contrib/opentracing-tracerresolver/0.1.8/opentracing-tracerresolver-0.1.8.jar:/home/runner/.m2/repository/org/jetbrains/kotlin/kotlin-stdlib/1.6.21/kotlin-stdlib-1.6.21.jar:/home/runner/.m2/repository/org/jetbrains/kotlin/kotlin-stdlib-common/1.6.21/kotlin-stdlib-common-1.6.21.jar:/home/runner/.m2/repository/org/jetbrains/annotations/13.0/annotations-13.0.jar:/home/runner/.m2/repository/io/opentracing/opentracing-util/0.33.0/opentracing-util-0.33.0.jar:/home/runner/.m2/repository/io/opentracing/opentracing-api/0.33.0/opentracing-api-0.33.0.jar:/home/runner/.m2/repository/io/opentracing/opentracing-noop/0.33.0/opentracing-noop-0.33.0.jar:/home/runner/.m2/repository/org/yaml/snakeyaml/1.26/snakeyaml-1.26.jar:/home/runner/.m2/repository/org/apache/ozone/hdds-interface-admin/1.3.0-SNAPSHOT/hdds-interface-admin-1.3.0-SNAPSHOT.jar:/home/runner/.m2/repository/junit/junit/4.13.1/junit-4.13.1.jar:/home/runner/.m2/repository/org/hamcrest/hamcrest-core/1.3/hamcrest-core-1.3.jar:/home/runner/.m2/repository/org/junit/jupiter/junit-jupiter-api/5.8.2/junit-jupiter-api-5.8.2.jar:/home/runner/.m2/repository/org/opentest4j/opentest4j/1.2.0/opentest4j-1.2.0.jar:/home/runner/.m2/repository/org/junit/platform/junit-platform-commons/1.8.2/junit-platform-commons-1.8.2.jar:/home/runner/.m2/repository/org/apiguardian/apiguardian-api/1.1.2/apiguardian-api-1.1.2.jar:/home/runner/.m2/repository/org/junit/jupiter/junit-jupiter-params/5.8.2/junit-jupiter-params-5.8.2.jar:/home/runner/.m2/repository/org/junit/jupiter/junit-jupiter-migrationsupport/5.8.2/junit-jupiter-migrationsupport-5.8.2.jar:/home/runner/.m2/repository/org/junit/jupiter/junit-jupiter-engine/5.8.2/junit-jupiter-engine-5.8.2.jar:/home/runner/.m2/repository/org/junit/platform/junit-platform-engine/1.8.2/junit-platform-engine-1.8.2.jar:/home/runner/.m2/repository/org/junit/vintage/junit-vintage-engine/5.8.2/junit-vintage-engine-5.8.2.jar:/home/runner/.m2/repository/org/junit/platform/junit-platform-launcher/1.8.2/junit-platform-launcher-1.8.2.jar:/home/runner/.m2/repository/org/mockito/mockito-core/2.28.2/mockito-core-2.28.2.jar:/home/runner/.m2/repository/net/bytebuddy/byte-buddy/1.9.10/byte-buddy-1.9.10.jar:/home/runner/.m2/repository/net/bytebuddy/byte-buddy-agent/1.9.10/byte-buddy-agent-1.9.10.jar:/home/runner/.m2/repository/org/objenesis/objenesis/1.0/objenesis-1.0.jar:/home/runner/.m2/repository/org/apache/hadoop/hadoop-kms/3.3.1/hadoop-kms-3.3.1.jar:/home/runner/.m2/repository/org/apache/hadoop/hadoop-auth/3.3.1/hadoop-auth-3.3.1.jar:/home/runner/.m2/repository/com/nimbusds/nimbus-jose-jwt/7.9/nimbus-jose-jwt-7.9.jar:/home/runner/.m2/repository/com/github/stephenc/jcip/jcip-annotations/1.0-1/jcip-annotations-1.0-1.jar:/home/runner/.m2/repository/net/minidev/json-smart/2.4.7/json-smart-2.4.7.jar:/home/runner/.m2/repository/net/minidev/accessors-smart/2.4.7/accessors-smart-2.4.7.jar:/home/runner/.m2/repository/org/ow2/asm/asm/5.0.4/asm-5.0.4.jar:/home/runner/.m2/repository/org/apache/zookeeper/zookeeper/3.5.6/zookeeper-3.5.6.jar:/home/runner/.m2/repository/org/apache/zookeeper/zookeeper-jute/3.5.6/zookeeper-jute-3.5.6.jar:/home/runner/.m2/repository/org/apache/yetus/audience-annotations/0.5.0/audience-annotations-0.5.0.jar:/home/runner/.m2/repository/org/apache/curator/curator-framework/4.2.0/curator-framework-4.2.0.jar:/home/runner/.m2/repository/org/apache/hadoop/thirdparty/hadoop-shaded-guava/1.1.1/hadoop-shaded-guava-1.1.1.jar:/home/runner/.m2/repository/com/sun/jersey/jersey-core/1.19/jersey-core-1.19.jar:/home/runner/.m2/repository/javax/ws/rs/jsr311-api/1.1.1/jsr311-api-1.1.1.jar:/home/runner/.m2/repository/com/sun/jersey/jersey-server/1.19/jersey-server-1.19.jar:/home/runner/.m2/repository/javax/servlet/javax.servlet-api/3.1.0/javax.servlet-api-3.1.0.jar:/home/runner/.m2/repository/org/eclipse/jetty/jetty-server/9.4.43.v20210629/jetty-server-9.4.43.v20210629.jar:/home/runner/.m2/repository/org/eclipse/jetty/jetty-http/9.4.43.v20210629/jetty-http-9.4.43.v20210629.jar:/home/runner/.m2/repository/org/eclipse/jetty/jetty-io/9.4.43.v20210629/jetty-io-9.4.43.v20210629.jar:/home/runner/.m2/repository/org/eclipse/jetty/jetty-webapp/9.4.43.v20210629/jetty-webapp-9.4.43.v20210629.jar:/home/runner/.m2/repository/org/eclipse/jetty/jetty-xml/9.4.43.v20210629/jetty-xml-9.4.43.v20210629.jar:/home/runner/.m2/repository/org/apache/hadoop/hadoop-common/3.3.1/hadoop-common-3.3.1.jar:/home/runner/.m2/repository/org/apache/commons/commons-math3/3.1.1/commons-math3-3.1.1.jar:/home/runner/.m2/repository/commons-net/commons-net/3.6/commons-net-3.6.jar:/home/runner/.m2/repository/com/sun/jersey/jersey-servlet/1.19/jersey-servlet-1.19.jar:/home/runner/.m2/repository/com/sun/jersey/jersey-json/1.19/jersey-json-1.19.jar:/home/runner/.m2/repository/org/codehaus/jettison/jettison/1.1/jettison-1.1.jar:/home/runner/.m2/repository/com/sun/xml/bind/jaxb-impl/2.2.3-1/jaxb-impl-2.2.3-1.jar:/home/runner/.m2/repository/org/codehaus/jackson/jackson-xc/1.9.2/jackson-xc-1.9.2.jar:/home/runner/.m2/repository/org/apache/commons/commons-configuration2/2.1.1/commons-configuration2-2.1.1.jar:/home/runner/.m2/repository/org/apache/commons/commons-text/1.4/commons-text-1.4.jar:/home/runner/.m2/repository/com/google/re2j/re2j/1.1/re2j-1.1.jar:/home/runner/.m2/repository/com/jcraft/jsch/0.1.54/jsch-0.1.54.jar:/home/runner/.m2/repository/org/apache/curator/curator-client/4.2.0/curator-client-4.2.0.jar:/home/runner/.m2/repository/org/apache/curator/curator-recipes/4.2.0/curator-recipes-4.2.0.jar:/home/runner/.m2/repository/org/apache/kerby/kerb-core/1.0.1/kerb-core-1.0.1.jar:/home/runner/.m2/repository/org/apache/kerby/kerby-pkix/1.0.1/kerby-pkix-1.0.1.jar:/home/runner/.m2/repository/org/apache/kerby/kerby-asn1/1.0.1/kerby-asn1-1.0.1.jar:/home/runner/.m2/repository/org/apache/kerby/kerby-util/1.0.1/kerby-util-1.0.1.jar:/home/runner/.m2/repository/dnsjava/dnsjava/2.1.7/dnsjava-2.1.7.jar:/home/runner/.m2/repository/org/xerial/snappy/snappy-java/1.1.8.2/snappy-java-1.1.8.2.jar:/home/runner/.m2/repository/org/slf4j/jul-to-slf4j/1.7.30/jul-to-slf4j-1.7.30.jar:/home/runner/.m2/repository/org/eclipse/jetty/jetty-util/9.4.43.v20210629/jetty-util-9.4.43.v20210629.jar:/home/runner/.m2/repository/com/fasterxml/jackson/core/jackson-databind/2.13.2.2/jackson-databind-2.13.2.2.jar:/home/runner/.m2/repository/org/apache/hadoop/hadoop-kms/3.3.1/hadoop-kms-3.3.1-tests.jar:/home/runner/.m2/repository/org/apache/ozone/hdds-server-scm/1.3.0-SNAPSHOT/hdds-server-scm-1.3.0-SNAPSHOT-tests.jar:/home/runner/.m2/repository/org/apache/ozone/hdds-container-service/1.3.0-SNAPSHOT/hdds-container-service-1.3.0-SNAPSHOT-tests.jar:/home/runner/.m2/repository/commons-codec/commons-codec/1.11/commons-codec-1.11.jar:/home/runner/.m2/repository/io/netty/netty-codec/4.1.74.Final/netty-codec-4.1.74.Final.jar:/home/runner/.m2/repository/io/netty/netty-handler/4.1.74.Final/netty-handler-4.1.74.Final.jar:/home/runner/.m2/repository/org/apache/ozone/hdds-hadoop-dependency-test/1.3.0-SNAPSHOT/hdds-hadoop-dependency-test-1.3.0-SNAPSHOT.jar:/home/runner/.m2/repository/org/apache/hadoop/hadoop-common/3.3.1/hadoop-common-3.3.1-tests.jar:/home/runner/.m2/repository/org/assertj/assertj-core/3.12.2/assertj-core-3.12.2.jar:/home/runner/.m2/repository/org/apache/hadoop/hadoop-hdfs/3.3.1/hadoop-hdfs-3.3.1-tests.jar:/home/runner/.m2/repository/org/eclipse/jetty/jetty-util-ajax/9.4.43.v20210629/jetty-util-ajax-9.4.43.v20210629.jar:/home/runner/.m2/repository/commons-daemon/commons-daemon/1.0.13/commons-daemon-1.0.13.jar:/home/runner/.m2/repository/io/netty/netty/3.10.6.Final/netty-3.10.6.Final.jar:/home/runner/.m2/repository/io/netty/netty-all/4.1.74.Final/netty-all-4.1.74.Final.jar:/home/runner/.m2/repository/io/netty/netty-codec-dns/4.1.74.Final/netty-codec-dns-4.1.74.Final.jar:/home/runner/.m2/repository/io/netty/netty-codec-haproxy/4.1.74.Final/netty-codec-haproxy-4.1.74.Final.jar:/home/runner/.m2/repository/io/netty/netty-codec-memcache/4.1.74.Final/netty-codec-memcache-4.1.74.Final.jar:/home/runner/.m2/repository/io/netty/netty-codec-mqtt/4.1.74.Final/netty-codec-mqtt-4.1.74.Final.jar:/home/runner/.m2/repository/io/netty/netty-codec-redis/4.1.74.Final/netty-codec-redis-4.1.74.Final.jar:/home/runner/.m2/repository/io/netty/netty-codec-smtp/4.1.74.Final/netty-codec-smtp-4.1.74.Final.jar:/home/runner/.m2/repository/io/netty/netty-codec-stomp/4.1.74.Final/netty-codec-stomp-4.1.74.Final.jar:/home/runner/.m2/repository/io/netty/netty-codec-xml/4.1.74.Final/netty-codec-xml-4.1.74.Final.jar:/home/runner/.m2/repository/io/netty/netty-resolver-dns/4.1.74.Final/netty-resolver-dns-4.1.74.Final.jar:/home/runner/.m2/repository/io/netty/netty-transport-rxtx/4.1.74.Final/netty-transport-rxtx-4.1.74.Final.jar:/home/runner/.m2/repository/io/netty/netty-transport-sctp/4.1.74.Final/netty-transport-sctp-4.1.74.Final.jar:/home/runner/.m2/repository/io/netty/netty-transport-udt/4.1.74.Final/netty-transport-udt-4.1.74.Final.jar:/home/runner/.m2/repository/io/netty/netty-transport-classes-kqueue/4.1.74.Final/netty-transport-classes-kqueue-4.1.74.Final.jar:/home/runner/.m2/repository/io/netty/netty-resolver-dns-classes-macos/4.1.74.Final/netty-resolver-dns-classes-macos-4.1.74.Final.jar:/home/runner/.m2/repository/io/netty/netty-transport-native-epoll/4.1.74.Final/netty-transport-native-epoll-4.1.74.Final-linux-aarch_64.jar:/home/runner/.m2/repository/io/netty/netty-transport-native-kqueue/4.1.74.Final/netty-transport-native-kqueue-4.1.74.Final-osx-x86_64.jar:/home/runner/.m2/repository/io/netty/netty-transport-native-kqueue/4.1.74.Final/netty-transport-native-kqueue-4.1.74.Final-osx-aarch_64.jar:/home/runner/.m2/repository/io/netty/netty-resolver-dns-native-macos/4.1.74.Final/netty-resolver-dns-native-macos-4.1.74.Final-osx-x86_64.jar:/home/runner/.m2/repository/io/netty/netty-resolver-dns-native-macos/4.1.74.Final/netty-resolver-dns-native-macos-4.1.74.Final-osx-aarch_64.jar:/home/runner/.m2/repository/org/apache/htrace/htrace-core4/4.1.0-incubating/htrace-core4-4.1.0-incubating.jar:/home/runner/.m2/repository/org/fusesource/leveldbjni/leveldbjni-all/1.8/leveldbjni-all-1.8.jar:/home/runner/.m2/repository/org/apache/hadoop/hadoop-distcp/3.3.1/hadoop-distcp-3.3.1.jar:/home/runner/.m2/repository/org/apache/hadoop/hadoop-mapreduce-client-jobclient/3.3.1/hadoop-mapreduce-client-jobclient-3.3.1.jar:/home/runner/.m2/repository/org/apache/hadoop/hadoop-mapreduce-client-common/3.3.1/hadoop-mapreduce-client-common-3.3.1.jar:/home/runner/.m2/repository/org/apache/hadoop/hadoop-yarn-common/3.3.1/hadoop-yarn-common-3.3.1.jar:/home/runner/.m2/repository/org/apache/hadoop/hadoop-yarn-api/3.3.1/hadoop-yarn-api-3.3.1.jar:/home/runner/.m2/repository/com/sun/jersey/contribs/jersey-guice/1.19/jersey-guice-1.19.jar:/home/runner/.m2/repository/com/fasterxml/jackson/jaxrs/jackson-jaxrs-json-provider/2.13.2/jackson-jaxrs-json-provider-2.13.2.jar:/home/runner/.m2/repository/com/fasterxml/jackson/jaxrs/jackson-jaxrs-base/2.13.2/jackson-jaxrs-base-2.13.2.jar:/home/runner/.m2/repository/org/apache/hadoop/hadoop-yarn-client/3.3.1/hadoop-yarn-client-3.3.1.jar:/home/runner/.m2/repository/org/eclipse/jetty/websocket/websocket-client/9.4.40.v20210413/websocket-client-9.4.40.v20210413.jar:/home/runner/.m2/repository/org/eclipse/jetty/websocket/websocket-common/9.4.40.v20210413/websocket-common-9.4.40.v20210413.jar:/home/runner/.m2/repository/org/eclipse/jetty/websocket/websocket-api/9.4.40.v20210413/websocket-api-9.4.40.v20210413.jar:/home/runner/.m2/repository/org/jline/jline/3.9.0/jline-3.9.0.jar:/home/runner/.m2/repository/org/apache/hadoop/hadoop-mapreduce-client-core/3.3.1/hadoop-mapreduce-client-core-3.3.1.jar:/home/runner/.m2/repository/org/apache/avro/avro/1.7.7/avro-1.7.7.jar:/home/runner/.m2/repository/org/codehaus/jackson/jackson-core-asl/1.9.13/jackson-core-asl-1.9.13.jar:/home/runner/.m2/repository/org/codehaus/jackson/jackson-mapper-asl/1.9.13/jackson-mapper-asl-1.9.13.jar:/home/runner/.m2/repository/com/thoughtworks/paranamer/paranamer/2.3/paranamer-2.3.jar:/home/runner/.m2/repository/org/apache/hadoop/hadoop-annotations/3.3.1/hadoop-annotations-3.3.1.jar:/usr/lib/jvm/temurin-8-jdk-amd64/jre/../lib/tools.jar:/home/runner/.m2/repository/org/apache/hadoop/hadoop-distcp/3.3.1/hadoop-distcp-3.3.1-tests.jar:/home/runner/.m2/repository/org/apache/ratis/ratis-common/2.3.0/ratis-common-2.3.0.jar:/home/runner/.m2/repository/org/apache/ratis/ratis-thirdparty-misc/1.0.0/ratis-thirdparty-misc-1.0.0.jar:/home/runner/.m2/repository/org/apache/ratis/ratis-proto/2.3.0/ratis-proto-2.3.0.jar:/home/runner/.m2/repository/org/apache/ozone/ozone-annotation-processing/1.3.0-SNAPSHOT/ozone-annotation-processing-1.3.0-SNAPSHOT.jar:"/>
    <property name="java.vm.vendor" value="Temurin"/>
    <property name="sun.arch.data.model" value="64"/>
    <property name="test.build.dir" value="/home/runner/work/ozone/ozone/hadoop-ozone/integration-test/target/test-dir"/>
    <property name="test.cache.data" value=""/>
    <property name="java.vendor.url" value="https://adoptium.net/"/>
    <property name="user.timezone" value="Etc/UTC"/>
    <property name="java.vm.specification.version" value="1.8"/>
    <property name="os.name" value="Linux"/>
    <property name="test.build.data" value="/home/runner/work/ozone/ozone/hadoop-ozone/integration-test/target/test-dir"/>
    <property name="sun.java.launcher" value="SUN_STANDARD"/>
    <property name="sun.boot.library.path" value="/usr/lib/jvm/temurin-8-jdk-amd64/jre/lib/amd64"/>
    <property name="sun.java.command" value="/home/runner/work/ozone/ozone/hadoop-ozone/integration-test/target/surefire/surefirebooter8833552442483736453.jar /home/runner/work/ozone/ozone/hadoop-ozone/integration-test/target/surefire 2022-06-15T06-47-51_425-jvmRun1 surefire4266157708374779040tmp surefire_253281465948939295838tmp"/>
    <property name="surefire.test.class.path" value="/home/runner/work/ozone/ozone/hadoop-ozone/integration-test/target/test-classes:/home/runner/work/ozone/ozone/hadoop-ozone/integration-test/target/classes:/home/runner/.m2/repository/org/apache/ozone/ozone-common/1.3.0-SNAPSHOT/ozone-common-1.3.0-SNAPSHOT.jar:/home/runner/.m2/repository/io/grpc/grpc-netty/1.44.0/grpc-netty-1.44.0.jar:/home/runner/.m2/repository/io/grpc/grpc-core/1.44.0/grpc-core-1.44.0.jar:/home/runner/.m2/repository/com/google/android/annotations/4.1.1.4/annotations-4.1.1.4.jar:/home/runner/.m2/repository/org/codehaus/mojo/animal-sniffer-annotations/1.19/animal-sniffer-annotations-1.19.jar:/home/runner/.m2/repository/com/google/errorprone/error_prone_annotations/2.2.0/error_prone_annotations-2.2.0.jar:/home/runner/.m2/repository/io/perfmark/perfmark-api/0.23.0/perfmark-api-0.23.0.jar:/home/runner/.m2/repository/io/netty/netty-codec-http2/4.1.74.Final/netty-codec-http2-4.1.74.Final.jar:/home/runner/.m2/repository/io/netty/netty-common/4.1.74.Final/netty-common-4.1.74.Final.jar:/home/runner/.m2/repository/io/netty/netty-buffer/4.1.74.Final/netty-buffer-4.1.74.Final.jar:/home/runner/.m2/repository/io/netty/netty-codec-http/4.1.74.Final/netty-codec-http-4.1.74.Final.jar:/home/runner/.m2/repository/io/netty/netty-handler-proxy/4.1.74.Final/netty-handler-proxy-4.1.74.Final.jar:/home/runner/.m2/repository/io/netty/netty-codec-socks/4.1.74.Final/netty-codec-socks-4.1.74.Final.jar:/home/runner/.m2/repository/io/netty/netty-tcnative-boringssl-static/2.0.48.Final/netty-tcnative-boringssl-static-2.0.48.Final.jar:/home/runner/.m2/repository/io/netty/netty-tcnative-classes/2.0.48.Final/netty-tcnative-classes-2.0.48.Final.jar:/home/runner/.m2/repository/io/netty/netty-tcnative/2.0.48.Final/netty-tcnative-2.0.48.Final.jar:/home/runner/.m2/repository/org/apache/commons/commons-compress/1.21/commons-compress-1.21.jar:/home/runner/.m2/repository/org/apache/ozone/hdds-common/1.3.0-SNAPSHOT/hdds-common-1.3.0-SNAPSHOT.jar:/home/runner/.m2/repository/org/apache/ozone/hdds-client/1.3.0-SNAPSHOT/hdds-client-1.3.0-SNAPSHOT.jar:/home/runner/.m2/repository/org/apache/ozone/ozone-interface-client/1.3.0-SNAPSHOT/ozone-interface-client-1.3.0-SNAPSHOT.jar:/home/runner/.m2/repository/org/apache/ozone/hdds-test-utils/1.3.0-SNAPSHOT/hdds-test-utils-1.3.0-SNAPSHOT.jar:/home/runner/.m2/repository/com/google/guava/guava/31.1-jre/guava-31.1-jre.jar:/home/runner/.m2/repository/com/google/guava/failureaccess/1.0.1/failureaccess-1.0.1.jar:/home/runner/.m2/repository/com/google/guava/listenablefuture/9999.0-empty-to-avoid-conflict-with-guava/listenablefuture-9999.0-empty-to-avoid-conflict-with-guava.jar:/home/runner/.m2/repository/com/google/code/findbugs/jsr305/3.0.0/jsr305-3.0.0.jar:/home/runner/.m2/repository/org/checkerframework/checker-qual/3.12.0/checker-qual-3.12.0.jar:/home/runner/.m2/repository/com/google/j2objc/j2objc-annotations/1.3/j2objc-annotations-1.3.jar:/home/runner/.m2/repository/commons-io/commons-io/2.11.0/commons-io-2.11.0.jar:/home/runner/.m2/repository/commons-logging/commons-logging/1.2/commons-logging-1.2.jar:/home/runner/.m2/repository/log4j/log4j/1.2.17/log4j-1.2.17.jar:/home/runner/.m2/repository/org/slf4j/slf4j-api/1.7.30/slf4j-api-1.7.30.jar:/home/runner/.m2/repository/org/apache/ozone/hdds-server-scm/1.3.0-SNAPSHOT/hdds-server-scm-1.3.0-SNAPSHOT.jar:/home/runner/.m2/repository/org/apache/ozone/hdds-container-service/1.3.0-SNAPSHOT/hdds-container-service-1.3.0-SNAPSHOT.jar:/home/runner/.m2/repository/org/apache/ozone/hdds-hadoop-dependency-server/1.3.0-SNAPSHOT/hdds-hadoop-dependency-server-1.3.0-SNAPSHOT.jar:/home/runner/.m2/repository/org/apache/hadoop/hadoop-hdfs/3.3.1/hadoop-hdfs-3.3.1.jar:/home/runner/.m2/repository/org/apache/ozone/hdds-server-framework/1.3.0-SNAPSHOT/hdds-server-framework-1.3.0-SNAPSHOT.jar:/home/runner/.m2/repository/org/apache/ozone/hdds-interface-server/1.3.0-SNAPSHOT/hdds-interface-server-1.3.0-SNAPSHOT.jar:/home/runner/.m2/repository/org/apache/logging/log4j/log4j-core/2.17.1/log4j-core-2.17.1.jar:/home/runner/.m2/repository/com/lmax/disruptor/3.4.2/disruptor-3.4.2.jar:/home/runner/.m2/repository/org/eclipse/jetty/jetty-servlet/9.4.43.v20210629/jetty-servlet-9.4.43.v20210629.jar:/home/runner/.m2/repository/org/eclipse/jetty/jetty-security/9.4.43.v20210629/jetty-security-9.4.43.v20210629.jar:/home/runner/.m2/repository/org/rocksdb/rocksdbjni/6.29.5/rocksdbjni-6.29.5.jar:/home/runner/.m2/repository/io/prometheus/simpleclient_dropwizard/0.7.0/simpleclient_dropwizard-0.7.0.jar:/home/runner/.m2/repository/io/prometheus/simpleclient/0.7.0/simpleclient-0.7.0.jar:/home/runner/.m2/repository/io/prometheus/simpleclient_common/0.7.0/simpleclient_common-0.7.0.jar:/home/runner/.m2/repository/io/dropwizard/metrics/metrics-core/3.2.4/metrics-core-3.2.4.jar:/home/runner/.m2/repository/org/apache/hadoop/hadoop-hdfs-client/3.3.1/hadoop-hdfs-client-3.3.1.jar:/home/runner/.m2/repository/org/bouncycastle/bcprov-jdk15on/1.67/bcprov-jdk15on-1.67.jar:/home/runner/.m2/repository/com/google/protobuf/protobuf-java/2.5.0/protobuf-java-2.5.0.jar:/home/runner/.m2/repository/org/apache/ozone/ozone-manager/1.3.0-SNAPSHOT/ozone-manager-1.3.0-SNAPSHOT.jar:/home/runner/.m2/repository/org/aspectj/aspectjrt/1.9.7/aspectjrt-1.9.7.jar:/home/runner/.m2/repository/org/aspectj/aspectjweaver/1.9.7/aspectjweaver-1.9.7.jar:/home/runner/.m2/repository/org/apache/ozone/hdds-interface-client/1.3.0-SNAPSHOT/hdds-interface-client-1.3.0-SNAPSHOT.jar:/home/runner/.m2/repository/org/apache/hadoop/thirdparty/hadoop-shaded-protobuf_3_7/1.1.1/hadoop-shaded-protobuf_3_7-1.1.1.jar:/home/runner/.m2/repository/org/apache/ozone/ozone-interface-storage/1.3.0-SNAPSHOT/ozone-interface-storage-1.3.0-SNAPSHOT.jar:/home/runner/.m2/repository/org/reflections/reflections/0.9.11/reflections-0.9.11.jar:/home/runner/.m2/repository/com/sun/jersey/jersey-client/1.19/jersey-client-1.19.jar:/home/runner/.m2/repository/org/apache/ranger/ranger-intg/3.0.0-SNAPSHOT/ranger-intg-3.0.0-SNAPSHOT.jar:/home/runner/.m2/repository/org/apache/ranger/ranger-plugins-common/3.0.0-SNAPSHOT/ranger-plugins-common-3.0.0-SNAPSHOT.jar:/home/runner/.m2/repository/commons-lang/commons-lang/2.6/commons-lang-2.6.jar:/home/runner/.m2/repository/org/codehaus/jackson/jackson-jaxrs/1.9.13/jackson-jaxrs-1.9.13.jar:/home/runner/.m2/repository/org/apache/ranger/ranger-plugins-cred/3.0.0-SNAPSHOT/ranger-plugins-cred-3.0.0-SNAPSHOT.jar:/home/runner/.m2/repository/org/apache/ranger/ranger-plugins-audit/3.0.0-SNAPSHOT/ranger-plugins-audit-3.0.0-SNAPSHOT.jar:/home/runner/.m2/repository/org/apache/kafka/kafka-clients/2.8.1/kafka-clients-2.8.1.jar:/home/runner/.m2/repository/com/github/luben/zstd-jni/1.4.9-1/zstd-jni-1.4.9-1.jar:/home/runner/.m2/repository/org/apache/solr/solr-solrj/8.6.3/solr-solrj-8.6.3.jar:/home/runner/.m2/repository/org/eclipse/jetty/jetty-client/9.4.44.v20210927/jetty-client-9.4.44.v20210927.jar:/home/runner/.m2/repository/org/apache/httpcomponents/httpmime/4.5.13/httpmime-4.5.13.jar:/home/runner/.m2/repository/org/apache/httpcomponents/httpcore-nio/4.4.14/httpcore-nio-4.4.14.jar:/home/runner/.m2/repository/org/apache/httpcomponents/httpasyncclient/4.1.4/httpasyncclient-4.1.4.jar:/home/runner/.m2/repository/com/carrotsearch/hppc/0.8.0/hppc-0.8.0.jar:/home/runner/.m2/repository/org/apache/hive/hive-storage-api/2.7.2/hive-storage-api-2.7.2.jar:/home/runner/.m2/repository/org/apache/orc/orc-core/1.5.8/orc-core-1.5.8.jar:/home/runner/.m2/repository/com/amazonaws/aws-java-sdk-bundle/1.12.125/aws-java-sdk-bundle-1.12.125.jar:/home/runner/.m2/repository/net/java/dev/jna/jna/5.2.0/jna-5.2.0.jar:/home/runner/.m2/repository/net/java/dev/jna/jna-platform/5.2.0/jna-platform-5.2.0.jar:/home/runner/.m2/repository/com/kstruct/gethostname4j/0.0.2/gethostname4j-0.0.2.jar:/home/runner/.m2/repository/org/apache/ranger/ranger-plugin-classloader/3.0.0-SNAPSHOT/ranger-plugin-classloader-3.0.0-SNAPSHOT.jar:/home/runner/.m2/repository/org/apache/hadoop/hadoop-minikdc/3.3.1/hadoop-minikdc-3.3.1.jar:/home/runner/.m2/repository/org/apache/kerby/kerb-simplekdc/1.0.1/kerb-simplekdc-1.0.1.jar:/home/runner/.m2/repository/org/apache/kerby/kerb-client/1.0.1/kerb-client-1.0.1.jar:/home/runner/.m2/repository/org/apache/kerby/kerby-config/1.0.1/kerby-config-1.0.1.jar:/home/runner/.m2/repository/org/apache/kerby/kerb-common/1.0.1/kerb-common-1.0.1.jar:/home/runner/.m2/repository/org/apache/kerby/kerb-crypto/1.0.1/kerb-crypto-1.0.1.jar:/home/runner/.m2/repository/org/apache/kerby/kerb-util/1.0.1/kerb-util-1.0.1.jar:/home/runner/.m2/repository/org/apache/kerby/token-provider/1.0.1/token-provider-1.0.1.jar:/home/runner/.m2/repository/org/apache/kerby/kerb-admin/1.0.1/kerb-admin-1.0.1.jar:/home/runner/.m2/repository/org/apache/kerby/kerb-server/1.0.1/kerb-server-1.0.1.jar:/home/runner/.m2/repository/org/apache/kerby/kerb-identity/1.0.1/kerb-identity-1.0.1.jar:/home/runner/.m2/repository/org/apache/kerby/kerby-xdr/1.0.1/kerby-xdr-1.0.1.jar:/home/runner/.m2/repository/org/slf4j/slf4j-log4j12/1.7.30/slf4j-log4j12-1.7.30.jar:/home/runner/.m2/repository/org/apache/ozone/ozone-s3gateway/1.3.0-SNAPSHOT/ozone-s3gateway-1.3.0-SNAPSHOT.jar:/home/runner/.m2/repository/org/javassist/javassist/3.21.0-GA/javassist-3.21.0-GA.jar:/home/runner/.m2/repository/org/jboss/weld/servlet/weld-servlet/2.4.7.Final/weld-servlet-2.4.7.Final.jar:/home/runner/.m2/repository/org/glassfish/jersey/containers/jersey-container-servlet-core/2.33/jersey-container-servlet-core-2.33.jar:/home/runner/.m2/repository/org/glassfish/hk2/external/jakarta.inject/2.6.1/jakarta.inject-2.6.1.jar:/home/runner/.m2/repository/org/glassfish/jersey/core/jersey-common/2.33/jersey-common-2.33.jar:/home/runner/.m2/repository/jakarta/ws/rs/jakarta.ws.rs-api/2.1.6/jakarta.ws.rs-api-2.1.6.jar:/home/runner/.m2/repository/org/glassfish/jersey/ext/cdi/jersey-cdi1x/2.33/jersey-cdi1x-2.33.jar:/home/runner/.m2/repository/org/glassfish/jersey/inject/jersey-hk2/2.33/jersey-hk2-2.33.jar:/home/runner/.m2/repository/org/glassfish/hk2/hk2-locator/2.6.1/hk2-locator-2.6.1.jar:/home/runner/.m2/repository/org/glassfish/jersey/media/jersey-media-jaxb/2.33/jersey-media-jaxb-2.33.jar:/home/runner/.m2/repository/org/glassfish/hk2/osgi-resource-locator/1.0.3/osgi-resource-locator-1.0.3.jar:/home/runner/.m2/repository/org/glassfish/hk2/hk2-api/2.5.0/hk2-api-2.5.0.jar:/home/runner/.m2/repository/org/glassfish/hk2/hk2-utils/2.5.0/hk2-utils-2.5.0.jar:/home/runner/.m2/repository/org/glassfish/hk2/external/aopalliance-repackaged/2.5.0/aopalliance-repackaged-2.5.0.jar:/home/runner/.m2/repository/com/fasterxml/jackson/dataformat/jackson-dataformat-xml/2.13.2/jackson-dataformat-xml-2.13.2.jar:/home/runner/.m2/repository/com/fasterxml/jackson/core/jackson-core/2.13.2/jackson-core-2.13.2.jar:/home/runner/.m2/repository/org/codehaus/woodstox/stax2-api/3.1.4/stax2-api-3.1.4.jar:/home/runner/.m2/repository/com/fasterxml/woodstox/woodstox-core/5.0.3/woodstox-core-5.0.3.jar:/home/runner/.m2/repository/com/fasterxml/jackson/module/jackson-module-jaxb-annotations/2.13.2/jackson-module-jaxb-annotations-2.13.2.jar:/home/runner/.m2/repository/jakarta/xml/bind/jakarta.xml.bind-api/2.3.3/jakarta.xml.bind-api-2.3.3.jar:/home/runner/.m2/repository/jakarta/activation/jakarta.activation-api/1.2.1/jakarta.activation-api-1.2.1.jar:/home/runner/.m2/repository/javax/enterprise/cdi-api/1.2/cdi-api-1.2.jar:/home/runner/.m2/repository/javax/el/javax.el-api/3.0.0/javax.el-api-3.0.0.jar:/home/runner/.m2/repository/javax/interceptor/javax.interceptor-api/1.2/javax.interceptor-api-1.2.jar:/home/runner/.m2/repository/javax/inject/javax.inject/1/javax.inject-1.jar:/home/runner/.m2/repository/javax/xml/bind/jaxb-api/2.3.0/jaxb-api-2.3.0.jar:/home/runner/.m2/repository/org/glassfish/jaxb/jaxb-runtime/2.3.0.1/jaxb-runtime-2.3.0.1.jar:/home/runner/.m2/repository/org/glassfish/jaxb/jaxb-core/2.3.0.1/jaxb-core-2.3.0.1.jar:/home/runner/.m2/repository/org/glassfish/jaxb/txw2/2.3.0.1/txw2-2.3.0.1.jar:/home/runner/.m2/repository/com/sun/istack/istack-commons-runtime/3.0.5/istack-commons-runtime-3.0.5.jar:/home/runner/.m2/repository/org/jvnet/staxex/stax-ex/1.7.8/stax-ex-1.7.8.jar:/home/runner/.m2/repository/com/sun/xml/fastinfoset/FastInfoset/1.2.13/FastInfoset-1.2.13.jar:/home/runner/.m2/repository/javax/activation/activation/1.1.1/activation-1.1.1.jar:/home/runner/.m2/repository/io/grpc/grpc-protobuf/1.44.0/grpc-protobuf-1.44.0.jar:/home/runner/.m2/repository/io/grpc/grpc-api/1.44.0/grpc-api-1.44.0.jar:/home/runner/.m2/repository/io/grpc/grpc-context/1.44.0/grpc-context-1.44.0.jar:/home/runner/.m2/repository/com/google/api/grpc/proto-google-common-protos/2.0.1/proto-google-common-protos-2.0.1.jar:/home/runner/.m2/repository/io/grpc/grpc-protobuf-lite/1.44.0/grpc-protobuf-lite-1.44.0.jar:/home/runner/.m2/repository/io/grpc/grpc-stub/1.44.0/grpc-stub-1.44.0.jar:/home/runner/.m2/repository/io/netty/netty-transport/4.1.74.Final/netty-transport-4.1.74.Final.jar:/home/runner/.m2/repository/io/netty/netty-resolver/4.1.74.Final/netty-resolver-4.1.74.Final.jar:/home/runner/.m2/repository/org/apache/ozone/ozone-csi/1.3.0-SNAPSHOT/ozone-csi-1.3.0-SNAPSHOT.jar:/home/runner/.m2/repository/com/google/protobuf/protobuf-java-util/3.19.2/protobuf-java-util-3.19.2.jar:/home/runner/.m2/repository/com/google/code/gson/gson/2.8.9/gson-2.8.9.jar:/home/runner/.m2/repository/org/apache/ozone/hdds-config/1.3.0-SNAPSHOT/hdds-config-1.3.0-SNAPSHOT.jar:/home/runner/.m2/repository/io/netty/netty-transport-native-epoll/4.1.74.Final/netty-transport-native-epoll-4.1.74.Final-linux-x86_64.jar:/home/runner/.m2/repository/io/netty/netty-transport-classes-epoll/4.1.74.Final/netty-transport-classes-epoll-4.1.74.Final.jar:/home/runner/.m2/repository/io/netty/netty-transport-native-unix-common/4.1.74.Final/netty-transport-native-unix-common-4.1.74.Final.jar:/home/runner/.m2/repository/org/apache/ozone/ozone-recon/1.3.0-SNAPSHOT/ozone-recon-1.3.0-SNAPSHOT.jar:/home/runner/.m2/repository/org/apache/ozone/ozone-reconcodegen/1.3.0-SNAPSHOT/ozone-reconcodegen-1.3.0-SNAPSHOT.jar:/home/runner/.m2/repository/com/google/inject/extensions/guice-multibindings/4.0/guice-multibindings-4.0.jar:/home/runner/.m2/repository/com/google/inject/guice/4.0/guice-4.0.jar:/home/runner/.m2/repository/aopalliance/aopalliance/1.0/aopalliance-1.0.jar:/home/runner/.m2/repository/com/google/inject/extensions/guice-assistedinject/4.0/guice-assistedinject-4.0.jar:/home/runner/.m2/repository/com/google/inject/extensions/guice-servlet/4.0/guice-servlet-4.0.jar:/home/runner/.m2/repository/org/glassfish/jersey/containers/jersey-container-servlet/2.33/jersey-container-servlet-2.33.jar:/home/runner/.m2/repository/org/glassfish/hk2/guice-bridge/2.5.0/guice-bridge-2.5.0.jar:/home/runner/.m2/repository/org/glassfish/jersey/core/jersey-server/2.33/jersey-server-2.33.jar:/home/runner/.m2/repository/org/glassfish/jersey/core/jersey-client/2.33/jersey-client-2.33.jar:/home/runner/.m2/repository/jakarta/annotation/jakarta.annotation-api/1.3.5/jakarta.annotation-api-1.3.5.jar:/home/runner/.m2/repository/jakarta/validation/jakarta.validation-api/2.0.2/jakarta.validation-api-2.0.2.jar:/home/runner/.m2/repository/org/glassfish/jersey/media/jersey-media-json-jackson/2.33/jersey-media-json-jackson-2.33.jar:/home/runner/.m2/repository/org/glassfish/jersey/ext/jersey-entity-filtering/2.33/jersey-entity-filtering-2.33.jar:/home/runner/.m2/repository/org/jooq/jooq/3.11.10/jooq-3.11.10.jar:/home/runner/.m2/repository/org/jooq/jooq-meta/3.11.10/jooq-meta-3.11.10.jar:/home/runner/.m2/repository/org/jooq/jooq-codegen/3.11.10/jooq-codegen-3.11.10.jar:/home/runner/.m2/repository/com/jolbox/bonecp/0.8.0.RELEASE/bonecp-0.8.0.RELEASE.jar:/home/runner/.m2/repository/org/apache/derby/derby/10.14.2.0/derby-10.14.2.0.jar:/home/runner/.m2/repository/org/xerial/sqlite-jdbc/3.25.2/sqlite-jdbc-3.25.2.jar:/home/runner/.m2/repository/org/springframework/spring-jdbc/5.2.20.RELEASE/spring-jdbc-5.2.20.RELEASE.jar:/home/runner/.m2/repository/org/springframework/spring-beans/5.2.20.RELEASE/spring-beans-5.2.20.RELEASE.jar:/home/runner/.m2/repository/org/springframework/spring-core/5.2.20.RELEASE/spring-core-5.2.20.RELEASE.jar:/home/runner/.m2/repository/org/springframework/spring-jcl/5.2.20.RELEASE/spring-jcl-5.2.20.RELEASE.jar:/home/runner/.m2/repository/org/springframework/spring-tx/5.2.20.RELEASE/spring-tx-5.2.20.RELEASE.jar:/home/runner/.m2/repository/org/apache/ozone/ozone-client/1.3.0-SNAPSHOT/ozone-client-1.3.0-SNAPSHOT.jar:/home/runner/.m2/repository/org/apache/ozone/hdds-erasurecode/1.3.0-SNAPSHOT/hdds-erasurecode-1.3.0-SNAPSHOT.jar:/home/runner/.m2/repository/com/github/spotbugs/spotbugs-annotations/3.1.12/spotbugs-annotations-3.1.12.jar:/home/runner/.m2/repository/org/apache/ozone/ozone-filesystem/1.3.0-SNAPSHOT/ozone-filesystem-1.3.0-SNAPSHOT.jar:/home/runner/.m2/repository/org/apache/ozone/ozone-filesystem-common/1.3.0-SNAPSHOT/ozone-filesystem-common-1.3.0-SNAPSHOT.jar:/home/runner/.m2/repository/org/apache/ozone/ozone-tools/1.3.0-SNAPSHOT/ozone-tools-1.3.0-SNAPSHOT.jar:/home/runner/.m2/repository/org/apache/ratis/ratis-tools/2.3.0/ratis-tools-2.3.0.jar:/home/runner/.m2/repository/com/amazonaws/aws-java-sdk-core/1.12.124/aws-java-sdk-core-1.12.124.jar:/home/runner/.m2/repository/org/apache/httpcomponents/httpclient/4.5.13/httpclient-4.5.13.jar:/home/runner/.m2/repository/org/apache/httpcomponents/httpcore/4.4.13/httpcore-4.4.13.jar:/home/runner/.m2/repository/software/amazon/ion/ion-java/1.0.2/ion-java-1.0.2.jar:/home/runner/.m2/repository/com/fasterxml/jackson/dataformat/jackson-dataformat-cbor/2.13.2/jackson-dataformat-cbor-2.13.2.jar:/home/runner/.m2/repository/joda-time/joda-time/2.8.1/joda-time-2.8.1.jar:/home/runner/.m2/repository/com/amazonaws/aws-java-sdk-s3/1.12.124/aws-java-sdk-s3-1.12.124.jar:/home/runner/.m2/repository/com/amazonaws/aws-java-sdk-kms/1.12.124/aws-java-sdk-kms-1.12.124.jar:/home/runner/.m2/repository/com/amazonaws/jmespath-java/1.12.124/jmespath-java-1.12.124.jar:/home/runner/.m2/repository/org/kohsuke/metainf-services/metainf-services/1.8/metainf-services-1.8.jar:/home/runner/.m2/repository/org/apache/ozone/hdds-tools/1.3.0-SNAPSHOT/hdds-tools-1.3.0-SNAPSHOT.jar:/home/runner/.m2/repository/commons-cli/commons-cli/1.2/commons-cli-1.2.jar:/home/runner/.m2/repository/org/apache/commons/commons-lang3/3.7/commons-lang3-3.7.jar:/home/runner/.m2/repository/org/apache/ozone/ozone-manager/1.3.0-SNAPSHOT/ozone-manager-1.3.0-SNAPSHOT-tests.jar:/home/runner/.m2/repository/org/apache/ozone/hdds-common/1.3.0-SNAPSHOT/hdds-common-1.3.0-SNAPSHOT-tests.jar:/home/runner/.m2/repository/org/apache/ozone/hdds-hadoop-dependency-client/1.3.0-SNAPSHOT/hdds-hadoop-dependency-client-1.3.0-SNAPSHOT.jar:/home/runner/.m2/repository/info/picocli/picocli/4.6.1/picocli-4.6.1.jar:/home/runner/.m2/repository/com/fasterxml/jackson/core/jackson-annotations/2.13.2/jackson-annotations-2.13.2.jar:/home/runner/.m2/repository/com/fasterxml/jackson/datatype/jackson-datatype-jsr310/2.13.2/jackson-datatype-jsr310-2.13.2.jar:/home/runner/.m2/repository/javax/annotation/javax.annotation-api/1.2/javax.annotation-api-1.2.jar:/home/runner/.m2/repository/org/apache/ratis/ratis-server/2.3.0/ratis-server-2.3.0.jar:/home/runner/.m2/repository/org/apache/ratis/ratis-client/2.3.0/ratis-client-2.3.0.jar:/home/runner/.m2/repository/org/apache/ratis/ratis-server-api/2.3.0/ratis-server-api-2.3.0.jar:/home/runner/.m2/repository/org/apache/ratis/ratis-metrics/2.3.0/ratis-metrics-2.3.0.jar:/home/runner/.m2/repository/org/apache/ratis/ratis-netty/2.3.0/ratis-netty-2.3.0.jar:/home/runner/.m2/repository/org/apache/ratis/ratis-grpc/2.3.0/ratis-grpc-2.3.0.jar:/home/runner/.m2/repository/org/apache/logging/log4j/log4j-api/2.17.1/log4j-api-2.17.1.jar:/home/runner/.m2/repository/org/apache/commons/commons-pool2/2.6.0/commons-pool2-2.6.0.jar:/home/runner/.m2/repository/org/bouncycastle/bcpkix-jdk15on/1.67/bcpkix-jdk15on-1.67.jar:/home/runner/.m2/repository/commons-validator/commons-validator/1.6/commons-validator-1.6.jar:/home/runner/.m2/repository/commons-beanutils/commons-beanutils/1.9.4/commons-beanutils-1.9.4.jar:/home/runner/.m2/repository/commons-digester/commons-digester/1.8.1/commons-digester-1.8.1.jar:/home/runner/.m2/repository/commons-collections/commons-collections/3.2.2/commons-collections-3.2.2.jar:/home/runner/.m2/repository/io/jaegertracing/jaeger-client/1.6.0/jaeger-client-1.6.0.jar:/home/runner/.m2/repository/io/jaegertracing/jaeger-thrift/1.6.0/jaeger-thrift-1.6.0.jar:/home/runner/.m2/repository/org/apache/thrift/libthrift/0.14.1/libthrift-0.14.1.jar:/home/runner/.m2/repository/com/squareup/okhttp3/okhttp/4.9.0/okhttp-4.9.0.jar:/home/runner/.m2/repository/com/squareup/okio/okio/2.8.0/okio-2.8.0.jar:/home/runner/.m2/repository/io/jaegertracing/jaeger-core/1.6.0/jaeger-core-1.6.0.jar:/home/runner/.m2/repository/io/jaegertracing/jaeger-tracerresolver/1.6.0/jaeger-tracerresolver-1.6.0.jar:/home/runner/.m2/repository/io/opentracing/contrib/opentracing-tracerresolver/0.1.8/opentracing-tracerresolver-0.1.8.jar:/home/runner/.m2/repository/org/jetbrains/kotlin/kotlin-stdlib/1.6.21/kotlin-stdlib-1.6.21.jar:/home/runner/.m2/repository/org/jetbrains/kotlin/kotlin-stdlib-common/1.6.21/kotlin-stdlib-common-1.6.21.jar:/home/runner/.m2/repository/org/jetbrains/annotations/13.0/annotations-13.0.jar:/home/runner/.m2/repository/io/opentracing/opentracing-util/0.33.0/opentracing-util-0.33.0.jar:/home/runner/.m2/repository/io/opentracing/opentracing-api/0.33.0/opentracing-api-0.33.0.jar:/home/runner/.m2/repository/io/opentracing/opentracing-noop/0.33.0/opentracing-noop-0.33.0.jar:/home/runner/.m2/repository/org/yaml/snakeyaml/1.26/snakeyaml-1.26.jar:/home/runner/.m2/repository/org/apache/ozone/hdds-interface-admin/1.3.0-SNAPSHOT/hdds-interface-admin-1.3.0-SNAPSHOT.jar:/home/runner/.m2/repository/junit/junit/4.13.1/junit-4.13.1.jar:/home/runner/.m2/repository/org/hamcrest/hamcrest-core/1.3/hamcrest-core-1.3.jar:/home/runner/.m2/repository/org/junit/jupiter/junit-jupiter-api/5.8.2/junit-jupiter-api-5.8.2.jar:/home/runner/.m2/repository/org/opentest4j/opentest4j/1.2.0/opentest4j-1.2.0.jar:/home/runner/.m2/repository/org/junit/platform/junit-platform-commons/1.8.2/junit-platform-commons-1.8.2.jar:/home/runner/.m2/repository/org/apiguardian/apiguardian-api/1.1.2/apiguardian-api-1.1.2.jar:/home/runner/.m2/repository/org/junit/jupiter/junit-jupiter-params/5.8.2/junit-jupiter-params-5.8.2.jar:/home/runner/.m2/repository/org/junit/jupiter/junit-jupiter-migrationsupport/5.8.2/junit-jupiter-migrationsupport-5.8.2.jar:/home/runner/.m2/repository/org/junit/jupiter/junit-jupiter-engine/5.8.2/junit-jupiter-engine-5.8.2.jar:/home/runner/.m2/repository/org/junit/platform/junit-platform-engine/1.8.2/junit-platform-engine-1.8.2.jar:/home/runner/.m2/repository/org/junit/vintage/junit-vintage-engine/5.8.2/junit-vintage-engine-5.8.2.jar:/home/runner/.m2/repository/org/junit/platform/junit-platform-launcher/1.8.2/junit-platform-launcher-1.8.2.jar:/home/runner/.m2/repository/org/mockito/mockito-core/2.28.2/mockito-core-2.28.2.jar:/home/runner/.m2/repository/net/bytebuddy/byte-buddy/1.9.10/byte-buddy-1.9.10.jar:/home/runner/.m2/repository/net/bytebuddy/byte-buddy-agent/1.9.10/byte-buddy-agent-1.9.10.jar:/home/runner/.m2/repository/org/objenesis/objenesis/1.0/objenesis-1.0.jar:/home/runner/.m2/repository/org/apache/hadoop/hadoop-kms/3.3.1/hadoop-kms-3.3.1.jar:/home/runner/.m2/repository/org/apache/hadoop/hadoop-auth/3.3.1/hadoop-auth-3.3.1.jar:/home/runner/.m2/repository/com/nimbusds/nimbus-jose-jwt/7.9/nimbus-jose-jwt-7.9.jar:/home/runner/.m2/repository/com/github/stephenc/jcip/jcip-annotations/1.0-1/jcip-annotations-1.0-1.jar:/home/runner/.m2/repository/net/minidev/json-smart/2.4.7/json-smart-2.4.7.jar:/home/runner/.m2/repository/net/minidev/accessors-smart/2.4.7/accessors-smart-2.4.7.jar:/home/runner/.m2/repository/org/ow2/asm/asm/5.0.4/asm-5.0.4.jar:/home/runner/.m2/repository/org/apache/zookeeper/zookeeper/3.5.6/zookeeper-3.5.6.jar:/home/runner/.m2/repository/org/apache/zookeeper/zookeeper-jute/3.5.6/zookeeper-jute-3.5.6.jar:/home/runner/.m2/repository/org/apache/yetus/audience-annotations/0.5.0/audience-annotations-0.5.0.jar:/home/runner/.m2/repository/org/apache/curator/curator-framework/4.2.0/curator-framework-4.2.0.jar:/home/runner/.m2/repository/org/apache/hadoop/thirdparty/hadoop-shaded-guava/1.1.1/hadoop-shaded-guava-1.1.1.jar:/home/runner/.m2/repository/com/sun/jersey/jersey-core/1.19/jersey-core-1.19.jar:/home/runner/.m2/repository/javax/ws/rs/jsr311-api/1.1.1/jsr311-api-1.1.1.jar:/home/runner/.m2/repository/com/sun/jersey/jersey-server/1.19/jersey-server-1.19.jar:/home/runner/.m2/repository/javax/servlet/javax.servlet-api/3.1.0/javax.servlet-api-3.1.0.jar:/home/runner/.m2/repository/org/eclipse/jetty/jetty-server/9.4.43.v20210629/jetty-server-9.4.43.v20210629.jar:/home/runner/.m2/repository/org/eclipse/jetty/jetty-http/9.4.43.v20210629/jetty-http-9.4.43.v20210629.jar:/home/runner/.m2/repository/org/eclipse/jetty/jetty-io/9.4.43.v20210629/jetty-io-9.4.43.v20210629.jar:/home/runner/.m2/repository/org/eclipse/jetty/jetty-webapp/9.4.43.v20210629/jetty-webapp-9.4.43.v20210629.jar:/home/runner/.m2/repository/org/eclipse/jetty/jetty-xml/9.4.43.v20210629/jetty-xml-9.4.43.v20210629.jar:/home/runner/.m2/repository/org/apache/hadoop/hadoop-common/3.3.1/hadoop-common-3.3.1.jar:/home/runner/.m2/repository/org/apache/commons/commons-math3/3.1.1/commons-math3-3.1.1.jar:/home/runner/.m2/repository/commons-net/commons-net/3.6/commons-net-3.6.jar:/home/runner/.m2/repository/com/sun/jersey/jersey-servlet/1.19/jersey-servlet-1.19.jar:/home/runner/.m2/repository/com/sun/jersey/jersey-json/1.19/jersey-json-1.19.jar:/home/runner/.m2/repository/org/codehaus/jettison/jettison/1.1/jettison-1.1.jar:/home/runner/.m2/repository/com/sun/xml/bind/jaxb-impl/2.2.3-1/jaxb-impl-2.2.3-1.jar:/home/runner/.m2/repository/org/codehaus/jackson/jackson-xc/1.9.2/jackson-xc-1.9.2.jar:/home/runner/.m2/repository/org/apache/commons/commons-configuration2/2.1.1/commons-configuration2-2.1.1.jar:/home/runner/.m2/repository/org/apache/commons/commons-text/1.4/commons-text-1.4.jar:/home/runner/.m2/repository/com/google/re2j/re2j/1.1/re2j-1.1.jar:/home/runner/.m2/repository/com/jcraft/jsch/0.1.54/jsch-0.1.54.jar:/home/runner/.m2/repository/org/apache/curator/curator-client/4.2.0/curator-client-4.2.0.jar:/home/runner/.m2/repository/org/apache/curator/curator-recipes/4.2.0/curator-recipes-4.2.0.jar:/home/runner/.m2/repository/org/apache/kerby/kerb-core/1.0.1/kerb-core-1.0.1.jar:/home/runner/.m2/repository/org/apache/kerby/kerby-pkix/1.0.1/kerby-pkix-1.0.1.jar:/home/runner/.m2/repository/org/apache/kerby/kerby-asn1/1.0.1/kerby-asn1-1.0.1.jar:/home/runner/.m2/repository/org/apache/kerby/kerby-util/1.0.1/kerby-util-1.0.1.jar:/home/runner/.m2/repository/dnsjava/dnsjava/2.1.7/dnsjava-2.1.7.jar:/home/runner/.m2/repository/org/xerial/snappy/snappy-java/1.1.8.2/snappy-java-1.1.8.2.jar:/home/runner/.m2/repository/org/slf4j/jul-to-slf4j/1.7.30/jul-to-slf4j-1.7.30.jar:/home/runner/.m2/repository/org/eclipse/jetty/jetty-util/9.4.43.v20210629/jetty-util-9.4.43.v20210629.jar:/home/runner/.m2/repository/com/fasterxml/jackson/core/jackson-databind/2.13.2.2/jackson-databind-2.13.2.2.jar:/home/runner/.m2/repository/org/apache/hadoop/hadoop-kms/3.3.1/hadoop-kms-3.3.1-tests.jar:/home/runner/.m2/repository/org/apache/ozone/hdds-server-scm/1.3.0-SNAPSHOT/hdds-server-scm-1.3.0-SNAPSHOT-tests.jar:/home/runner/.m2/repository/org/apache/ozone/hdds-container-service/1.3.0-SNAPSHOT/hdds-container-service-1.3.0-SNAPSHOT-tests.jar:/home/runner/.m2/repository/commons-codec/commons-codec/1.11/commons-codec-1.11.jar:/home/runner/.m2/repository/io/netty/netty-codec/4.1.74.Final/netty-codec-4.1.74.Final.jar:/home/runner/.m2/repository/io/netty/netty-handler/4.1.74.Final/netty-handler-4.1.74.Final.jar:/home/runner/.m2/repository/org/apache/ozone/hdds-hadoop-dependency-test/1.3.0-SNAPSHOT/hdds-hadoop-dependency-test-1.3.0-SNAPSHOT.jar:/home/runner/.m2/repository/org/apache/hadoop/hadoop-common/3.3.1/hadoop-common-3.3.1-tests.jar:/home/runner/.m2/repository/org/assertj/assertj-core/3.12.2/assertj-core-3.12.2.jar:/home/runner/.m2/repository/org/apache/hadoop/hadoop-hdfs/3.3.1/hadoop-hdfs-3.3.1-tests.jar:/home/runner/.m2/repository/org/eclipse/jetty/jetty-util-ajax/9.4.43.v20210629/jetty-util-ajax-9.4.43.v20210629.jar:/home/runner/.m2/repository/commons-daemon/commons-daemon/1.0.13/commons-daemon-1.0.13.jar:/home/runner/.m2/repository/io/netty/netty/3.10.6.Final/netty-3.10.6.Final.jar:/home/runner/.m2/repository/io/netty/netty-all/4.1.74.Final/netty-all-4.1.74.Final.jar:/home/runner/.m2/repository/io/netty/netty-codec-dns/4.1.74.Final/netty-codec-dns-4.1.74.Final.jar:/home/runner/.m2/repository/io/netty/netty-codec-haproxy/4.1.74.Final/netty-codec-haproxy-4.1.74.Final.jar:/home/runner/.m2/repository/io/netty/netty-codec-memcache/4.1.74.Final/netty-codec-memcache-4.1.74.Final.jar:/home/runner/.m2/repository/io/netty/netty-codec-mqtt/4.1.74.Final/netty-codec-mqtt-4.1.74.Final.jar:/home/runner/.m2/repository/io/netty/netty-codec-redis/4.1.74.Final/netty-codec-redis-4.1.74.Final.jar:/home/runner/.m2/repository/io/netty/netty-codec-smtp/4.1.74.Final/netty-codec-smtp-4.1.74.Final.jar:/home/runner/.m2/repository/io/netty/netty-codec-stomp/4.1.74.Final/netty-codec-stomp-4.1.74.Final.jar:/home/runner/.m2/repository/io/netty/netty-codec-xml/4.1.74.Final/netty-codec-xml-4.1.74.Final.jar:/home/runner/.m2/repository/io/netty/netty-resolver-dns/4.1.74.Final/netty-resolver-dns-4.1.74.Final.jar:/home/runner/.m2/repository/io/netty/netty-transport-rxtx/4.1.74.Final/netty-transport-rxtx-4.1.74.Final.jar:/home/runner/.m2/repository/io/netty/netty-transport-sctp/4.1.74.Final/netty-transport-sctp-4.1.74.Final.jar:/home/runner/.m2/repository/io/netty/netty-transport-udt/4.1.74.Final/netty-transport-udt-4.1.74.Final.jar:/home/runner/.m2/repository/io/netty/netty-transport-classes-kqueue/4.1.74.Final/netty-transport-classes-kqueue-4.1.74.Final.jar:/home/runner/.m2/repository/io/netty/netty-resolver-dns-classes-macos/4.1.74.Final/netty-resolver-dns-classes-macos-4.1.74.Final.jar:/home/runner/.m2/repository/io/netty/netty-transport-native-epoll/4.1.74.Final/netty-transport-native-epoll-4.1.74.Final-linux-aarch_64.jar:/home/runner/.m2/repository/io/netty/netty-transport-native-kqueue/4.1.74.Final/netty-transport-native-kqueue-4.1.74.Final-osx-x86_64.jar:/home/runner/.m2/repository/io/netty/netty-transport-native-kqueue/4.1.74.Final/netty-transport-native-kqueue-4.1.74.Final-osx-aarch_64.jar:/home/runner/.m2/repository/io/netty/netty-resolver-dns-native-macos/4.1.74.Final/netty-resolver-dns-native-macos-4.1.74.Final-osx-x86_64.jar:/home/runner/.m2/repository/io/netty/netty-resolver-dns-native-macos/4.1.74.Final/netty-resolver-dns-native-macos-4.1.74.Final-osx-aarch_64.jar:/home/runner/.m2/repository/org/apache/htrace/htrace-core4/4.1.0-incubating/htrace-core4-4.1.0-incubating.jar:/home/runner/.m2/repository/org/fusesource/leveldbjni/leveldbjni-all/1.8/leveldbjni-all-1.8.jar:/home/runner/.m2/repository/org/apache/hadoop/hadoop-distcp/3.3.1/hadoop-distcp-3.3.1.jar:/home/runner/.m2/repository/org/apache/hadoop/hadoop-mapreduce-client-jobclient/3.3.1/hadoop-mapreduce-client-jobclient-3.3.1.jar:/home/runner/.m2/repository/org/apache/hadoop/hadoop-mapreduce-client-common/3.3.1/hadoop-mapreduce-client-common-3.3.1.jar:/home/runner/.m2/repository/org/apache/hadoop/hadoop-yarn-common/3.3.1/hadoop-yarn-common-3.3.1.jar:/home/runner/.m2/repository/org/apache/hadoop/hadoop-yarn-api/3.3.1/hadoop-yarn-api-3.3.1.jar:/home/runner/.m2/repository/com/sun/jersey/contribs/jersey-guice/1.19/jersey-guice-1.19.jar:/home/runner/.m2/repository/com/fasterxml/jackson/jaxrs/jackson-jaxrs-json-provider/2.13.2/jackson-jaxrs-json-provider-2.13.2.jar:/home/runner/.m2/repository/com/fasterxml/jackson/jaxrs/jackson-jaxrs-base/2.13.2/jackson-jaxrs-base-2.13.2.jar:/home/runner/.m2/repository/org/apache/hadoop/hadoop-yarn-client/3.3.1/hadoop-yarn-client-3.3.1.jar:/home/runner/.m2/repository/org/eclipse/jetty/websocket/websocket-client/9.4.40.v20210413/websocket-client-9.4.40.v20210413.jar:/home/runner/.m2/repository/org/eclipse/jetty/websocket/websocket-common/9.4.40.v20210413/websocket-common-9.4.40.v20210413.jar:/home/runner/.m2/repository/org/eclipse/jetty/websocket/websocket-api/9.4.40.v20210413/websocket-api-9.4.40.v20210413.jar:/home/runner/.m2/repository/org/jline/jline/3.9.0/jline-3.9.0.jar:/home/runner/.m2/repository/org/apache/hadoop/hadoop-mapreduce-client-core/3.3.1/hadoop-mapreduce-client-core-3.3.1.jar:/home/runner/.m2/repository/org/apache/avro/avro/1.7.7/avro-1.7.7.jar:/home/runner/.m2/repository/org/codehaus/jackson/jackson-core-asl/1.9.13/jackson-core-asl-1.9.13.jar:/home/runner/.m2/repository/org/codehaus/jackson/jackson-mapper-asl/1.9.13/jackson-mapper-asl-1.9.13.jar:/home/runner/.m2/repository/com/thoughtworks/paranamer/paranamer/2.3/paranamer-2.3.jar:/home/runner/.m2/repository/org/apache/hadoop/hadoop-annotations/3.3.1/hadoop-annotations-3.3.1.jar:/usr/lib/jvm/temurin-8-jdk-amd64/jre/../lib/tools.jar:/home/runner/.m2/repository/org/apache/hadoop/hadoop-distcp/3.3.1/hadoop-distcp-3.3.1-tests.jar:/home/runner/.m2/repository/org/apache/ratis/ratis-common/2.3.0/ratis-common-2.3.0.jar:/home/runner/.m2/repository/org/apache/ratis/ratis-thirdparty-misc/1.0.0/ratis-thirdparty-misc-1.0.0.jar:/home/runner/.m2/repository/org/apache/ratis/ratis-proto/2.3.0/ratis-proto-2.3.0.jar:/home/runner/.m2/repository/org/apache/ozone/ozone-annotation-processing/1.3.0-SNAPSHOT/ozone-annotation-processing-1.3.0-SNAPSHOT.jar:"/>
    <property name="sun.cpu.endian" value="little"/>
    <property name="user.home" value="/home/runner"/>
    <property name="user.language" value="en"/>
    <property name="java.specification.vendor" value="Oracle Corporation"/>
    <property name="java.home" value="/usr/lib/jvm/temurin-8-jdk-amd64/jre"/>
    <property name="java.security.krb5.conf" value="/home/runner/work/ozone/ozone/hadoop-ozone/integration-test/target/test-classes/krb5.conf"/>
    <property name="basedir" value="/home/runner/work/ozone/ozone/hadoop-ozone/integration-test"/>
    <property name="file.separator" value="/"/>
    <property name="line.separator" value="&#10;"/>
    <property name="java.vm.specification.vendor" value="Oracle Corporation"/>
    <property name="java.specification.name" value="Java Platform API Specification"/>
    <property name="java.awt.graphicsenv" value="sun.awt.X11GraphicsEnvironment"/>
    <property name="skip.installnpx" value="true"/>
    <property name="surefire.real.class.path" value="/home/runner/work/ozone/ozone/hadoop-ozone/integration-test/target/surefire/surefirebooter8833552442483736453.jar:/home/runner/.m2/repository/org/jacoco/org.jacoco.agent/0.8.5/org.jacoco.agent-0.8.5-runtime.jar"/>
    <property name="hadoop.log.dir" value="/home/runner/work/ozone/ozone/hadoop-ozone/integration-test/target/log"/>
    <property name="sun.boot.class.path" value="/usr/lib/jvm/temurin-8-jdk-amd64/jre/lib/resources.jar:/usr/lib/jvm/temurin-8-jdk-amd64/jre/lib/rt.jar:/usr/lib/jvm/temurin-8-jdk-amd64/jre/lib/sunrsasign.jar:/usr/lib/jvm/temurin-8-jdk-amd64/jre/lib/jsse.jar:/usr/lib/jvm/temurin-8-jdk-amd64/jre/lib/jce.jar:/usr/lib/jvm/temurin-8-jdk-amd64/jre/lib/charsets.jar:/usr/lib/jvm/temurin-8-jdk-amd64/jre/lib/jfr.jar:/usr/lib/jvm/temurin-8-jdk-amd64/jre/classes"/>
    <property name="sun.management.compiler" value="HotSpot 64-Bit Tiered Compilers"/>
    <property name="skip.npx" value="true"/>
    <property name="java.runtime.version" value="1.8.0_332-b09"/>
    <property name="java.net.preferIPv4Stack" value="true"/>
    <property name="user.name" value="runner"/>
    <property name="path.separator" value=":"/>
    <property name="java.security.egd" value="file:///dev/urandom"/>
    <property name="os.version" value="5.4.0-1080-azure"/>
    <property name="java.endorsed.dirs" value="/usr/lib/jvm/temurin-8-jdk-amd64/jre/lib/endorsed"/>
    <property name="java.runtime.name" value="OpenJDK Runtime Environment"/>
    <property name="file.encoding" value="UTF-8"/>
    <property name="java.vm.name" value="OpenJDK 64-Bit Server VM"/>
    <property name="test.build.webapps" value=""/>
    <property name="localRepository" value="/home/runner/.m2/repository"/>
    <property name="jetty.git.hash" value="526006ecfa3af7f1a27ef3a288e2bef7ea9dd7e8"/>
    <property name="java.vendor.url.bug" value="https://github.com/adoptium/adoptium-support/issues"/>
    <property name="java.io.tmpdir" value="/tmp"/>
    <property name="require.test.libhadoop" value=""/>
    <property name="java.version" value="1.8.0_332"/>
    <property name="user.dir" value="/home/runner/work/ozone/ozone/hadoop-ozone/integration-test"/>
    <property name="os.arch" value="amd64"/>
    <property name="java.vm.specification.name" value="Java Virtual Machine Specification"/>
    <property name="test.build.classes" value="/home/runner/work/ozone/ozone/hadoop-ozone/integration-test/target/test-classes"/>
    <property name="java.awt.printerjob" value="sun.print.PSPrinterJob"/>
    <property name="sun.os.patch.level" value="unknown"/>
    <property name="hadoop.tmp.dir" value="/home/runner/work/ozone/ozone/hadoop-ozone/integration-test/target/tmp"/>
    <property name="java.library.path" value="/usr/java/packages/lib/amd64:/usr/lib64:/lib64:/lib:/usr/lib"/>
    <property name="java.vm.info" value="mixed mode"/>
    <property name="java.vendor" value="Temurin"/>
    <property name="java.vm.version" value="25.332-b09"/>
    <property name="java.ext.dirs" value="/usr/lib/jvm/temurin-8-jdk-amd64/jre/lib/ext:/usr/java/packages/lib/ext"/>
    <property name="sun.io.unicode.encoding" value="UnicodeLittle"/>
    <property name="java.class.version" value="52.0"/>
  </properties>
  <testcase name="testContainerStateMachineCloseOnMissingPipeline" classname="org.apache.hadoop.ozone.client.rpc.TestContainerStateMachineFailures" time="1.807">
    <system-out><![CDATA[2022-06-15 07:33:43,115 [main] WARN  server.ServerUtils (ServerUtils.java:getScmDbDir(148)) - ozone.scm.db.dirs is not configured. We recommend adding this setting. Falling back to ozone.metadata.dirs instead.
2022-06-15 07:33:43,205 [main] INFO  ha.SCMHANodeDetails (SCMHANodeDetails.java:loadSCMHAConfig(160)) - ServiceID for StorageContainerManager is null
2022-06-15 07:33:43,205 [main] INFO  ha.SCMHANodeDetails (SCMHANodeDetails.java:loadSCMHAConfig(165)) - ozone.scm.default.service.id is not defined, falling back to ozone.scm.service.ids to find serviceID for StorageContainerManager if it is HA enabled cluster
2022-06-15 07:33:43,302 [main] WARN  server.ServerUtils (ServerUtils.java:getScmDbDir(148)) - ozone.scm.db.dirs is not configured. We recommend adding this setting. Falling back to ozone.metadata.dirs instead.
2022-06-15 07:33:43,673 [main] WARN  utils.HAUtils (HAUtils.java:getMetaDir(342)) - ozone.scm.db.dirs is not configured. We recommend adding this setting. Falling back to ozone.metadata.dirs instead.
2022-06-15 07:33:43,801 [main] WARN  db.DBStoreBuilder (DBStoreBuilder.java:applyDBDefinition(145)) - ozone.scm.db.dirs is not configured. We recommend adding this setting. Falling back to ozone.metadata.dirs instead.
2022-06-15 07:33:44,055 [main] INFO  net.NodeSchemaLoader (NodeSchemaLoader.java:loadSchemaFromFile(129)) - Loading schema from [jar:file:/home/runner/.m2/repository/org/apache/ozone/hdds-common/1.3.0-SNAPSHOT/hdds-common-1.3.0-SNAPSHOT.jar!/network-topology-default.xml]
2022-06-15 07:33:44,057 [main] INFO  net.NodeSchemaLoader (NodeSchemaLoader.java:loadSchema(176)) - Loading network topology layer schema file
2022-06-15 07:33:44,098 [main] INFO  metrics.MetricRegistries (MetricRegistriesLoader.java:load(64)) - Loaded MetricRegistries class org.apache.ratis.metrics.impl.MetricRegistriesImpl
2022-06-15 07:33:44,104 [main] INFO  upgrade.AbstractLayoutVersionManager (AbstractLayoutVersionManager.java:init(82)) - Initializing Layout version manager with metadata layout = DATANODE_SCHEMA_V3 (version = 4), software layout = DATANODE_SCHEMA_V3 (version = 4)
2022-06-15 07:33:44,280 [main] INFO  reflections.Reflections (Reflections.java:scan(232)) - Reflections took 112 ms to scan 7 urls, producing 131 keys and 311 values 
2022-06-15 07:33:44,367 [main] INFO  ha.SequenceIdGenerator (SequenceIdGenerator.java:upgradeToSequenceId(347)) - upgrade localId to 109611004723200000
2022-06-15 07:33:44,368 [main] INFO  ha.SequenceIdGenerator (SequenceIdGenerator.java:upgradeToSequenceId(357)) - upgrade delTxnId to 0
2022-06-15 07:33:44,371 [main] INFO  ha.SequenceIdGenerator (SequenceIdGenerator.java:upgradeToSequenceId(374)) - upgrade containerId to 0
2022-06-15 07:33:44,373 [main] INFO  ha.SequenceIdGenerator (SequenceIdGenerator.java:<init>(218)) - Init the HA SequenceIdGenerator.
2022-06-15 07:33:44,415 [main] INFO  node.SCMNodeManager (SCMNodeManager.java:<init>(149)) - Entering startup safe mode.
2022-06-15 07:33:44,474 [main] INFO  algorithms.ContainerPlacementPolicyFactory (ContainerPlacementPolicyFactory.java:getPolicyInternal(86)) - Create container placement policy of type org.apache.hadoop.hdds.scm.container.placement.algorithms.SCMContainerPlacementRandom
2022-06-15 07:33:44,483 [main] INFO  pipeline.PipelineStateManagerImpl (PipelineStateManagerImpl.java:initialize(78)) - No pipeline exists in current db
2022-06-15 07:33:44,537 [main] INFO  algorithms.LeaderChoosePolicyFactory (LeaderChoosePolicyFactory.java:getPolicy(57)) - Create leader choose policy of type org.apache.hadoop.hdds.scm.pipeline.leader.choose.algorithms.MinLeaderCountChoosePolicy
2022-06-15 07:33:44,538 [main] INFO  algorithms.ContainerPlacementPolicyFactory (ContainerPlacementPolicyFactory.java:getPolicyInternal(86)) - Create container placement policy of type org.apache.hadoop.hdds.scm.container.placement.algorithms.SCMContainerPlacementRackScatter
2022-06-15 07:33:44,544 [main] INFO  pipeline.BackgroundPipelineCreator (BackgroundPipelineCreator.java:start(125)) - Starting RatisPipelineUtilsThread.
2022-06-15 07:33:44,548 [main] INFO  BackgroundPipelineScrubber (BackgroundSCMService.java:start(68)) - Starting BackgroundPipelineScrubber Service.
2022-06-15 07:33:44,551 [main] INFO  ha.SCMServiceManager (SCMServiceManager.java:register(42)) - Registering service BackgroundPipelineCreator.
2022-06-15 07:33:44,551 [main] INFO  ha.SCMServiceManager (SCMServiceManager.java:register(42)) - Registering service BackgroundPipelineScrubber.
2022-06-15 07:33:44,558 [main] INFO  ExpiredContainerReplicaOpScrubber (BackgroundSCMService.java:start(68)) - Starting ExpiredContainerReplicaOpScrubber Service.
2022-06-15 07:33:44,559 [main] INFO  ha.SCMServiceManager (SCMServiceManager.java:register(42)) - Registering service ExpiredContainerReplicaOpScrubber.
2022-06-15 07:33:44,584 [main] INFO  algorithms.PipelineChoosePolicyFactory (PipelineChoosePolicyFactory.java:createPipelineChoosePolicyFromClass(73)) - Create pipeline choose policy of type org.apache.hadoop.hdds.scm.pipeline.choose.algorithms.RandomPipelineChoosePolicy
2022-06-15 07:33:44,601 [main] INFO  ha.SCMServiceManager (SCMServiceManager.java:register(42)) - Registering service SCMBlockDeletingService.
2022-06-15 07:33:44,624 [main] INFO  ha.SCMServiceManager (SCMServiceManager.java:register(42)) - Registering service ReplicationManager.
2022-06-15 07:33:44,625 [main] INFO  replication.ReplicationManager (ReplicationManager.java:start(179)) - Starting Replication Monitor Thread.
2022-06-15 07:33:44,638 [main] INFO  safemode.ContainerSafeModeRule (ContainerSafeModeRule.java:<init>(89)) - containers with one replica threshold count 0
2022-06-15 07:33:44,639 [ReplicationMonitor] INFO  replication.ReplicationManager (ReplicationManager.java:processAll(228)) - Replication Manager is not ready to run until 3000ms after safemode exit
2022-06-15 07:33:44,642 [main] INFO  safemode.HealthyPipelineSafeModeRule (HealthyPipelineSafeModeRule.java:initializeRule(156)) - Total pipeline count is 0, healthy pipeline threshold count is 1
2022-06-15 07:33:44,644 [main] INFO  safemode.OneReplicaPipelineSafeModeRule (OneReplicaPipelineSafeModeRule.java:initializeRule(180)) - Total pipeline count is 0, pipeline's with at least one datanode reported threshold count is 0
2022-06-15 07:33:44,970 [main] INFO  audit.AuditLogger (AuditLogger.java:refreshDebugCmdSet(120)) - Refresh DebugCmdSet for SCMAudit to [].
2022-06-15 07:33:45,000 [main] INFO  ipc.CallQueueManager (CallQueueManager.java:<init>(90)) - Using callQueue: class java.util.concurrent.LinkedBlockingQueue, queueCapacity: 2000, scheduler: class org.apache.hadoop.ipc.DefaultRpcScheduler, ipcBackoff: false.
2022-06-15 07:33:45,040 [Socket Reader #1 for port 0] INFO  ipc.Server (Server.java:run(1265)) - Starting Socket Reader #1 for port 0
2022-06-15 07:33:45,099 [Listener at 0.0.0.0/42631] INFO  audit.AuditLogger (AuditLogger.java:refreshDebugCmdSet(120)) - Refresh DebugCmdSet for SCMAudit to [].
2022-06-15 07:33:45,105 [Listener at 0.0.0.0/42631] INFO  ipc.CallQueueManager (CallQueueManager.java:<init>(90)) - Using callQueue: class java.util.concurrent.LinkedBlockingQueue, queueCapacity: 2000, scheduler: class org.apache.hadoop.ipc.DefaultRpcScheduler, ipcBackoff: false.
2022-06-15 07:33:45,105 [Socket Reader #1 for port 0] INFO  ipc.Server (Server.java:run(1265)) - Starting Socket Reader #1 for port 0
2022-06-15 07:33:45,135 [Listener at 0.0.0.0/39011] INFO  audit.AuditLogger (AuditLogger.java:refreshDebugCmdSet(120)) - Refresh DebugCmdSet for SCMAudit to [].
2022-06-15 07:33:45,147 [Listener at 0.0.0.0/39011] INFO  ipc.CallQueueManager (CallQueueManager.java:<init>(90)) - Using callQueue: class java.util.concurrent.LinkedBlockingQueue, queueCapacity: 2000, scheduler: class org.apache.hadoop.ipc.DefaultRpcScheduler, ipcBackoff: false.
2022-06-15 07:33:45,151 [Socket Reader #1 for port 0] INFO  ipc.Server (Server.java:run(1265)) - Starting Socket Reader #1 for port 0
2022-06-15 07:33:45,222 [Listener at 0.0.0.0/40285] INFO  ha.SCMServiceManager (SCMServiceManager.java:register(42)) - Registering service ContainerBalancer.
2022-06-15 07:33:45,223 [Listener at 0.0.0.0/40285] INFO  server.StorageContainerManager (StorageContainerManager.java:<init>(398)) - 
Container Balancer status:
Key                            Value
Running                        false
Container Balancer Configuration values:
Key                                                Value
Threshold                                          10
Max Datanodes to Involve per Iteration(percent)    20
Max Size to Move per Iteration                     500GB
Max Size Entering Target per Iteration             26GB
Max Size Leaving Source per Iteration              26GB

2022-06-15 07:33:45,223 [Listener at 0.0.0.0/40285] WARN  events.EventQueue (EventQueue.java:fireEvent(194)) - No event handler registered for event TypedEvent{payloadType=SafeModeStatus, name='Safe mode status'}
2022-06-15 07:33:45,224 [Listener at 0.0.0.0/40285] INFO  ha.SCMContext (SCMContext.java:updateSafeModeStatus(228)) - Update SafeModeStatus from SafeModeStatus{safeModeStatus=true, preCheckPassed=false} to SafeModeStatus{safeModeStatus=true, preCheckPassed=false}.
2022-06-15 07:33:45,230 [Listener at 0.0.0.0/40285] INFO  server.StorageContainerManager (StorageContainerManager.java:start(1409)) - StorageContainerLocationProtocol RPC server is listening at /0.0.0.0:40285
2022-06-15 07:33:45,323 [Listener at 0.0.0.0/40285] WARN  impl.MetricsConfig (MetricsConfig.java:loadFirst(136)) - Cannot locate configuration: tried hadoop-metrics2-storagecontainermanager.properties,hadoop-metrics2.properties
2022-06-15 07:33:45,341 [Listener at 0.0.0.0/40285] INFO  impl.MetricsSystemImpl (MetricsSystemImpl.java:startTimer(378)) - Scheduled Metric snapshot period at 10 second(s).
2022-06-15 07:33:45,342 [Listener at 0.0.0.0/40285] INFO  impl.MetricsSystemImpl (MetricsSystemImpl.java:start(191)) - StorageContainerManager metrics system started
2022-06-15 07:33:45,669 [Listener at 0.0.0.0/40285] INFO  server.SCMClientProtocolServer (SCMClientProtocolServer.java:start(169)) - RPC server for Client  is listening at /0.0.0.0:40285
2022-06-15 07:33:45,670 [IPC Server Responder] INFO  ipc.Server (Server.java:run(1507)) - IPC Server Responder: starting
2022-06-15 07:33:45,671 [IPC Server listener on 0] INFO  ipc.Server (Server.java:run(1344)) - IPC Server listener on 0: starting
2022-06-15 07:33:45,674 [Listener at 0.0.0.0/40285] INFO  server.StorageContainerManager (StorageContainerManager.java:start(1424)) - ScmBlockLocationProtocol RPC server is listening at /0.0.0.0:39011
2022-06-15 07:33:45,675 [Listener at 0.0.0.0/40285] INFO  server.SCMBlockProtocolServer (SCMBlockProtocolServer.java:start(151)) - RPC server for Block Protocol is listening at /0.0.0.0:39011
2022-06-15 07:33:45,676 [IPC Server Responder] INFO  ipc.Server (Server.java:run(1507)) - IPC Server Responder: starting
2022-06-15 07:33:45,676 [IPC Server listener on 0] INFO  ipc.Server (Server.java:run(1344)) - IPC Server listener on 0: starting
2022-06-15 07:33:45,681 [Listener at 0.0.0.0/40285] INFO  server.SCMDatanodeProtocolServer (SCMDatanodeProtocolServer.java:start(183)) - ScmDatanodeProtocol RPC server for DataNodes is listening at /0.0.0.0:42631
2022-06-15 07:33:45,683 [IPC Server Responder] INFO  ipc.Server (Server.java:run(1507)) - IPC Server Responder: starting
2022-06-15 07:33:45,683 [IPC Server listener on 0] INFO  ipc.Server (Server.java:run(1344)) - IPC Server listener on 0: starting
2022-06-15 07:33:45,706 [org.apache.hadoop.util.JvmPauseMonitor$Monitor@37393dab] INFO  util.JvmPauseMonitor (JvmPauseMonitor.java:run(188)) - Starting JVM pause monitor
2022-06-15 07:33:45,719 [Listener at 0.0.0.0/40285] INFO  http.BaseHttpServer (BaseHttpServer.java:newHttpServer2BuilderForOzone(209)) - Starting Web-server for scm at: http://0.0.0.0:0
2022-06-15 07:33:45,719 [Listener at 0.0.0.0/40285] INFO  http.BaseHttpServer (BaseHttpServer.java:<init>(107)) - Hadoop Security Enabled: false Ozone Security Enabled: false Ozone HTTP Security Enabled: false 
2022-06-15 07:33:45,749 [Listener at 0.0.0.0/40285] INFO  util.log (Log.java:initialized(170)) - Logging initialized @4119ms to org.eclipse.jetty.util.log.Slf4jLog
2022-06-15 07:33:45,865 [Listener at 0.0.0.0/40285] INFO  server.AuthenticationFilter (AuthenticationFilter.java:constructSecretProvider(240)) - Unable to initialize FileSignerSecretProvider, falling back to use random secrets.
2022-06-15 07:33:45,870 [Listener at 0.0.0.0/40285] WARN  http.HttpRequestLog (HttpRequestLog.java:getRequestLog(103)) - Jetty request log can only be enabled using Log4j
2022-06-15 07:33:45,880 [Listener at 0.0.0.0/40285] INFO  http.HttpServer2 (HttpServer2.java:addGlobalFilter(1029)) - Added global filter 'safety' (class=org.apache.hadoop.hdds.server.http.HttpServer2$QuotingInputFilter)
2022-06-15 07:33:45,882 [Listener at 0.0.0.0/40285] INFO  http.HttpServer2 (HttpServer2.java:addFilter(1005)) - Added filter static_user_filter (class=org.apache.hadoop.http.lib.StaticUserWebFilter$StaticUserFilter) to context scm
2022-06-15 07:33:45,882 [Listener at 0.0.0.0/40285] INFO  http.HttpServer2 (HttpServer2.java:addFilter(1013)) - Added filter static_user_filter (class=org.apache.hadoop.http.lib.StaticUserWebFilter$StaticUserFilter) to context logs
2022-06-15 07:33:45,882 [Listener at 0.0.0.0/40285] INFO  http.HttpServer2 (HttpServer2.java:addFilter(1013)) - Added filter static_user_filter (class=org.apache.hadoop.http.lib.StaticUserWebFilter$StaticUserFilter) to context static
2022-06-15 07:33:45,929 [Listener at 0.0.0.0/40285] INFO  http.HttpServer2 (HttpServer2.java:bindListener(1248)) - Jetty bound to port 46695
2022-06-15 07:33:45,931 [Listener at 0.0.0.0/40285] INFO  server.Server (Server.java:doStart(375)) - jetty-9.4.43.v20210629; built: 2021-06-30T11:07:22.254Z; git: 526006ecfa3af7f1a27ef3a288e2bef7ea9dd7e8; jvm 1.8.0_332-b09
2022-06-15 07:33:45,965 [Listener at 0.0.0.0/40285] INFO  server.session (DefaultSessionIdManager.java:doStart(334)) - DefaultSessionIdManager workerName=node0
2022-06-15 07:33:45,966 [Listener at 0.0.0.0/40285] INFO  server.session (DefaultSessionIdManager.java:doStart(339)) - No SessionScavenger set, using defaults
2022-06-15 07:33:45,967 [Listener at 0.0.0.0/40285] INFO  server.session (HouseKeeper.java:startScavenging(132)) - node0 Scavenging every 600000ms
2022-06-15 07:33:45,982 [Listener at 0.0.0.0/40285] INFO  handler.ContextHandler (ContextHandler.java:doStart(915)) - Started o.e.j.s.ServletContextHandler@4a0ee0ba{logs,/logs,file:///home/runner/work/ozone/ozone/hadoop-ozone/integration-test/target/log,AVAILABLE}
2022-06-15 07:33:45,982 [Listener at 0.0.0.0/40285] INFO  handler.ContextHandler (ContextHandler.java:doStart(915)) - Started o.e.j.s.ServletContextHandler@28dd8786{static,/static,file:///home/runner/work/ozone/ozone/hadoop-ozone/integration-test/target/test-classes/webapps/static,AVAILABLE}
2022-06-15 07:33:46,036 [Listener at 0.0.0.0/40285] INFO  handler.ContextHandler (ContextHandler.java:doStart(915)) - Started o.e.j.w.WebAppContext@360d3f47{scm,/,file:///home/runner/work/ozone/ozone/hadoop-ozone/integration-test/target/test-classes/webapps/scm/,AVAILABLE}{file:/home/runner/work/ozone/ozone/hadoop-ozone/integration-test/target/test-classes/webapps/scm}
2022-06-15 07:33:46,049 [Listener at 0.0.0.0/40285] INFO  server.AbstractConnector (AbstractConnector.java:doStart(331)) - Started ServerConnector@b9c9bf5{HTTP/1.1, (http/1.1)}{0.0.0.0:46695}
2022-06-15 07:33:46,050 [Listener at 0.0.0.0/40285] INFO  server.Server (Server.java:doStart(415)) - Started @4420ms
2022-06-15 07:33:46,052 [Listener at 0.0.0.0/40285] INFO  impl.MetricsSinkAdapter (MetricsSinkAdapter.java:start(204)) - Sink prometheus started
2022-06-15 07:33:46,053 [Listener at 0.0.0.0/40285] INFO  impl.MetricsSystemImpl (MetricsSystemImpl.java:registerSink(305)) - Registered sink prometheus
2022-06-15 07:33:46,054 [Listener at 0.0.0.0/40285] INFO  http.BaseHttpServer (BaseHttpServer.java:updateConnectorAddress(329)) - HTTP server of scm listening at http://0.0.0.0:46695
2022-06-15 07:33:46,056 [Listener at 0.0.0.0/40285] WARN  server.ServerUtils (ServerUtils.java:getDBPath(225)) - ozone.om.db.dirs is not configured. We recommend adding this setting. Falling back to ozone.metadata.dirs instead.
2022-06-15 07:33:46,126 [Listener at 0.0.0.0/40285] INFO  audit.AuditLogger (AuditLogger.java:refreshDebugCmdSet(120)) - Refresh DebugCmdSet for OMAudit to [].
2022-06-15 07:33:46,230 [Listener at 0.0.0.0/40285] INFO  ha.OMHANodeDetails (OMHANodeDetails.java:loadOMHAConfig(115)) - ozone.om.internal.service.id is not defined, falling back to ozone.om.service.ids to find serviceID for OzoneManager if it is HA enabled cluster
2022-06-15 07:33:46,233 [Listener at 0.0.0.0/40285] INFO  ha.OMHANodeDetails (OMHANodeDetails.java:loadOMHAConfig(226)) - Configuration does not have ozone.om.address set. Falling back to the default OM address /127.0.0.1:0
2022-06-15 07:33:46,234 [Listener at 0.0.0.0/40285] INFO  ha.OMHANodeDetails (OMHANodeDetails.java:getOMNodeDetailsForNonHA(254)) - OM Service ID is not set. Setting it to the default ID: omServiceIdDefault
2022-06-15 07:33:46,234 [Listener at 0.0.0.0/40285] INFO  ha.OMHANodeDetails (OMHANodeDetails.java:getOMNodeDetailsForNonHA(261)) - OM Node ID is not set. Setting it to the default ID: om1
2022-06-15 07:33:46,238 [Listener at 0.0.0.0/40285] WARN  server.ServerUtils (ServerUtils.java:getDBPath(225)) - ozone.om.db.dirs is not configured. We recommend adding this setting. Falling back to ozone.metadata.dirs instead.
2022-06-15 07:33:46,240 [Listener at 0.0.0.0/40285] INFO  upgrade.AbstractLayoutVersionManager (AbstractLayoutVersionManager.java:init(82)) - Initializing Layout version manager with metadata layout = MULTITENANCY_SCHEMA (version = 3), software layout = MULTITENANCY_SCHEMA (version = 3)
2022-06-15 07:33:46,322 [Listener at 0.0.0.0/40285] INFO  reflections.Reflections (Reflections.java:scan(232)) - Reflections took 77 ms to scan 2 urls, producing 153 keys and 431 values [using 2 cores]
2022-06-15 07:33:46,327 [Listener at 0.0.0.0/40285] INFO  upgrade.OMLayoutVersionManager (OMLayoutVersionManager.java:lambda$0(115)) - Skipping Upgrade Action MockOmUpgradeAction since it has been finalized.
2022-06-15 07:33:46,328 [Listener at 0.0.0.0/40285] WARN  server.ServerUtils (ServerUtils.java:getDBPath(225)) - ozone.om.db.dirs is not configured. We recommend adding this setting. Falling back to ozone.metadata.dirs instead.
2022-06-15 07:33:46,489 [Listener at 0.0.0.0/40285] INFO  proxy.SCMBlockLocationFailoverProxyProvider (SCMBlockLocationFailoverProxyProvider.java:<init>(114)) - Created block location fail-over proxy with 1 nodes: [nodeId=scmNodeId,nodeAddress=/0.0.0.0:39011]
2022-06-15 07:33:46,515 [Listener at 0.0.0.0/40285] INFO  proxy.SCMBlockLocationFailoverProxyProvider (SCMBlockLocationFailoverProxyProvider.java:<init>(114)) - Created block location fail-over proxy with 1 nodes: [nodeId=scmNodeId,nodeAddress=/0.0.0.0:39011]
2022-06-15 07:33:46,760 [Listener at 0.0.0.0/40285] WARN  server.ServerUtils (ServerUtils.java:getDBPath(225)) - ozone.om.db.dirs is not configured. We recommend adding this setting. Falling back to ozone.metadata.dirs instead.
2022-06-15 07:33:46,771 [Listener at 0.0.0.0/40285] INFO  codec.OmKeyInfoCodec (OmKeyInfoCodec.java:<init>(49)) - OmKeyInfoCodec ignorePipeline = true
2022-06-15 07:33:46,773 [Listener at 0.0.0.0/40285] INFO  codec.RepeatedOmKeyInfoCodec (RepeatedOmKeyInfoCodec.java:<init>(41)) - RepeatedOmKeyInfoCodec ignorePipeline = true
2022-06-15 07:33:46,933 [Listener at 0.0.0.0/40285] INFO  om.OzoneManager (OzoneManager.java:instantiateServices(692)) - S3 Multi-Tenancy is disabled
2022-06-15 07:33:47,013 [Listener at 0.0.0.0/40285] INFO  om.OzoneManager (OzoneManager.java:addS3GVolumeToDB(4258)) - Created Volume s3v With Owner runner required for S3Gateway operations.
2022-06-15 07:33:47,092 [Listener at 0.0.0.0/40285] WARN  server.ServerUtils (ServerUtils.java:getDefaultRatisDirectory(237)) - Storage directory for Ratis is not configured. It is a good idea to map this to an SSD disk. Falling back to ozone.metadata.dirs
2022-06-15 07:33:47,094 [Listener at 0.0.0.0/40285] WARN  utils.OzoneManagerRatisUtils (OzoneManagerRatisUtils.java:getOMRatisSnapshotDirectory(423)) - ozone.om.ratis.snapshot.dir is not configured. Falling back to ozone.metadata.dirs config
2022-06-15 07:33:47,117 [Listener at 0.0.0.0/40285] WARN  server.ServerUtils (ServerUtils.java:getDefaultRatisDirectory(237)) - Storage directory for Ratis is not configured. It is a good idea to map this to an SSD disk. Falling back to ozone.metadata.dirs
2022-06-15 07:33:47,148 [Listener at 0.0.0.0/40285] INFO  ratis.OzoneManagerRatisServer (OzoneManagerRatisServer.java:<init>(159)) - Instantiating OM Ratis server with groupID: omServiceIdDefault and peers: localhost:9872
2022-06-15 07:33:47,157 [Listener at 0.0.0.0/40285] INFO  ratis.OzoneManagerStateMachine (OzoneManagerStateMachine.java:loadSnapshotInfoFromDB(627)) - LastAppliedIndex is set from TransactionInfo from OM DB as (t:0, i:~)
2022-06-15 07:33:47,213 [Listener at 0.0.0.0/40285] INFO  server.RaftServer (ConfUtils.java:logGet(46)) - raft.rpc.type = GRPC (default)
2022-06-15 07:33:47,299 [Listener at 0.0.0.0/40285] INFO  grpc.GrpcFactory (GrpcFactory.java:checkPooledByteBufAllocatorUseCacheForAllThreads(48)) - PERFORMANCE WARNING: useCacheForAllThreads is true that may cause Netty to create a lot garbage objects and, as a result, trigger GC.
	It is recommended to disable useCacheForAllThreads by setting -Dorg.apache.ratis.thirdparty.io.netty.allocator.useCacheForAllThreads=false in command line.
2022-06-15 07:33:47,304 [Listener at 0.0.0.0/40285] INFO  grpc.GrpcConfigKeys (ConfUtils.java:logGet(46)) - raft.grpc.admin.port = -1 (default)
2022-06-15 07:33:47,304 [Listener at 0.0.0.0/40285] INFO  grpc.GrpcConfigKeys (ConfUtils.java:logGet(46)) - raft.grpc.server.port = 9872 (custom)
2022-06-15 07:33:47,310 [Listener at 0.0.0.0/40285] INFO  grpc.GrpcConfigKeys (ConfUtils.java:logGet(46)) - raft.grpc.client.port = -1 (default)
2022-06-15 07:33:47,310 [Listener at 0.0.0.0/40285] INFO  grpc.GrpcConfigKeys (ConfUtils.java:logGet(46)) - raft.grpc.server.port = 9872 (custom)
2022-06-15 07:33:47,310 [Listener at 0.0.0.0/40285] INFO  grpc.GrpcConfigKeys (ConfUtils.java:logGet(46)) - raft.grpc.server.port = 9872 (custom)
2022-06-15 07:33:47,311 [Listener at 0.0.0.0/40285] INFO  server.GrpcService (ConfUtils.java:logGet(46)) - raft.grpc.message.size.max = 33554432 (custom)
2022-06-15 07:33:47,312 [Listener at 0.0.0.0/40285] INFO  server.RaftServerConfigKeys (ConfUtils.java:logGet(46)) - raft.server.log.appender.buffer.byte-limit = 33554432 (custom)
2022-06-15 07:33:47,313 [Listener at 0.0.0.0/40285] INFO  server.GrpcService (ConfUtils.java:logGet(46)) - raft.grpc.flow.control.window = 1MB (=1048576) (default)
2022-06-15 07:33:47,313 [Listener at 0.0.0.0/40285] INFO  server.RaftServerConfigKeys (ConfUtils.java:logGet(46)) - raft.server.rpc.request.timeout = 3000ms (default)
2022-06-15 07:33:47,336 [Listener at 0.0.0.0/40285] INFO  grpc.GrpcConfigKeys (ConfUtils.java:logGet(46)) - raft.grpc.server.async.request.thread.pool.cached = true (default)
2022-06-15 07:33:47,337 [Listener at 0.0.0.0/40285] INFO  grpc.GrpcConfigKeys (ConfUtils.java:logGet(46)) - raft.grpc.server.async.request.thread.pool.size = 32 (default)
2022-06-15 07:33:47,669 [Listener at 0.0.0.0/40285] INFO  impl.DataStreamServerImpl (ConfUtils.java:logGet(46)) - raft.datastream.type = DISABLED (default)
2022-06-15 07:33:47,673 [Listener at 0.0.0.0/40285] INFO  server.RaftServerConfigKeys (ConfUtils.java:logGet(46)) - raft.server.threadpool.proxy.cached = true (default)
2022-06-15 07:33:47,674 [Listener at 0.0.0.0/40285] INFO  server.RaftServerConfigKeys (ConfUtils.java:logGet(46)) - raft.server.threadpool.proxy.size = 0 (default)
2022-06-15 07:33:47,674 [Listener at 0.0.0.0/40285] INFO  server.RaftServerConfigKeys (ConfUtils.java:logGet(46)) - raft.server.rpc.slowness.timeout = 120s (custom)
2022-06-15 07:33:47,676 [Listener at 0.0.0.0/40285] INFO  server.RaftServerConfigKeys (ConfUtils.java:logGet(46)) - raft.server.leaderelection.leader.step-down.wait-time = 10s (default)
2022-06-15 07:33:47,681 [Listener at 0.0.0.0/40285] INFO  server.RaftServerConfigKeys (ConfUtils.java:logGet(46)) - raft.server.storage.dir = [/home/runner/work/ozone/ozone/hadoop-ozone/integration-test/target/test-dir/MiniOzoneClusterImpl-589494f2-24de-4a8c-8650-9a890bc48d46/ozone-meta/ratis] (custom)
2022-06-15 07:33:47,696 [Listener at 0.0.0.0/40285] INFO  server.RaftServer (RaftServerProxy.java:addNew(96)) - om1: addNew group-C5BA1605619E:[om1|rpc:localhost:9872|priority:0] returns group-C5BA1605619E:java.util.concurrent.CompletableFuture@788c0028[Not completed]
2022-06-15 07:33:47,698 [Listener at 0.0.0.0/40285] INFO  om.OzoneManager (OzoneManager.java:initializeRatisServer(1961)) - OzoneManager Ratis server initialized at port 9872
2022-06-15 07:33:47,720 [pool-55-thread-1] INFO  server.RaftServer$Division (RaftServerImpl.java:<init>(190)) - om1: new RaftServerImpl for group-C5BA1605619E:[om1|rpc:localhost:9872|priority:0] with OzoneManagerStateMachine:uninitialized
2022-06-15 07:33:47,720 [Listener at 0.0.0.0/40285] INFO  om.OzoneManager (OzoneManager.java:getRpcServer(1081)) - Creating RPC Server
2022-06-15 07:33:47,726 [pool-55-thread-1] INFO  server.RaftServerConfigKeys (ConfUtils.java:logGet(46)) - raft.server.rpc.timeout.min = 1s (custom)
2022-06-15 07:33:47,728 [pool-55-thread-1] INFO  server.RaftServerConfigKeys (ConfUtils.java:logGet(46)) - raft.server.rpc.timeout.max = 1200ms (custom)
2022-06-15 07:33:47,728 [pool-55-thread-1] INFO  server.RaftServerConfigKeys (ConfUtils.java:logGet(46)) - raft.server.rpc.sleep.time = 25ms (default)
2022-06-15 07:33:47,728 [pool-55-thread-1] INFO  server.RaftServerConfigKeys (ConfUtils.java:logGet(46)) - raft.server.rpc.slowness.timeout = 120s (custom)
2022-06-15 07:33:47,729 [pool-55-thread-1] INFO  server.RaftServerConfigKeys (ConfUtils.java:logGet(46)) - raft.server.leaderelection.leader.step-down.wait-time = 10s (default)
2022-06-15 07:33:47,729 [pool-55-thread-1] INFO  server.RaftServerConfigKeys (ConfUtils.java:logGet(46)) - raft.server.sleep.deviation.threshold = 300ms (default)
2022-06-15 07:33:47,747 [pool-55-thread-1] INFO  server.RaftServer$Division (ServerState.java:<init>(107)) - om1@group-C5BA1605619E: ConfigurationManager, init=-1: [om1|rpc:localhost:9872|priority:0], old=null, confs=<EMPTY_MAP>
2022-06-15 07:33:47,747 [pool-55-thread-1] INFO  server.RaftServerConfigKeys (ConfUtils.java:logGet(46)) - raft.server.storage.dir = [/home/runner/work/ozone/ozone/hadoop-ozone/integration-test/target/test-dir/MiniOzoneClusterImpl-589494f2-24de-4a8c-8650-9a890bc48d46/ozone-meta/ratis] (custom)
2022-06-15 07:33:47,758 [pool-55-thread-1] INFO  server.RaftServerConfigKeys (ConfUtils.java:logGet(46)) - raft.server.log.corruption.policy = EXCEPTION (default)
2022-06-15 07:33:47,759 [pool-55-thread-1] INFO  server.RaftServerConfigKeys (ConfUtils.java:logGet(46)) - raft.server.storage.free-space.min = 0MB (=0) (default)
2022-06-15 07:33:47,760 [pool-55-thread-1] INFO  storage.RaftStorageDirectory (RaftStorageDirectoryImpl.java:analyzeStorage(135)) - The storage directory /home/runner/work/ozone/ozone/hadoop-ozone/integration-test/target/test-dir/MiniOzoneClusterImpl-589494f2-24de-4a8c-8650-9a890bc48d46/ozone-meta/ratis/bf265839-605b-3f16-9796-c5ba1605619e does not exist. Creating ...
2022-06-15 07:33:47,780 [pool-55-thread-1] INFO  storage.RaftStorageDirectory (RaftStorageDirectoryImpl.java:tryLock(230)) - Lock on /home/runner/work/ozone/ozone/hadoop-ozone/integration-test/target/test-dir/MiniOzoneClusterImpl-589494f2-24de-4a8c-8650-9a890bc48d46/ozone-meta/ratis/bf265839-605b-3f16-9796-c5ba1605619e/in_use.lock acquired by nodename 5140@fv-az121-418
2022-06-15 07:33:47,794 [pool-55-thread-1] INFO  storage.RaftStorage (RaftStorageImpl.java:format(89)) - Storage directory /home/runner/work/ozone/ozone/hadoop-ozone/integration-test/target/test-dir/MiniOzoneClusterImpl-589494f2-24de-4a8c-8650-9a890bc48d46/ozone-meta/ratis/bf265839-605b-3f16-9796-c5ba1605619e has been successfully formatted.
2022-06-15 07:33:47,797 [pool-55-thread-1] INFO  server.RaftServerConfigKeys (ConfUtils.java:logGet(46)) - raft.server.notification.no-leader.timeout = 120s (custom)
2022-06-15 07:33:47,799 [pool-55-thread-1] INFO  server.RaftServerConfigKeys (ConfUtils.java:logGet(46)) - raft.server.log.use.memory = false (default)
2022-06-15 07:33:47,815 [pool-55-thread-1] INFO  server.RaftServerConfigKeys (ConfUtils.java:logGet(46)) - raft.server.log.purge.gap = 1000000 (custom)
2022-06-15 07:33:47,821 [pool-55-thread-1] INFO  server.RaftServerConfigKeys (ConfUtils.java:logGet(46)) - raft.server.log.appender.buffer.byte-limit = 33554432 (custom)
2022-06-15 07:33:47,823 [pool-55-thread-1] INFO  server.RaftServerConfigKeys (ConfUtils.java:logGet(46)) - raft.server.log.statemachine.data.read.timeout = 1000ms (default)
2022-06-15 07:33:47,862 [pool-55-thread-1] INFO  server.RaftServerConfigKeys (ConfUtils.java:logGet(46)) - raft.server.log.segment.size.max = 4194304 (custom)
2022-06-15 07:33:47,887 [pool-55-thread-1] INFO  server.RaftServerConfigKeys (ConfUtils.java:logGet(46)) - raft.server.log.segment.cache.num.max = 2 (custom)
2022-06-15 07:33:47,888 [pool-55-thread-1] INFO  server.RaftServerConfigKeys (ConfUtils.java:logGet(46)) - raft.server.log.segment.cache.size.max = 200MB (=209715200) (default)
2022-06-15 07:33:47,907 [pool-55-thread-1] INFO  segmented.SegmentedRaftLogWorker (SegmentedRaftLogWorker.java:<init>(187)) - new om1@group-C5BA1605619E-SegmentedRaftLogWorker for RaftStorageImpl:Storage Directory /home/runner/work/ozone/ozone/hadoop-ozone/integration-test/target/test-dir/MiniOzoneClusterImpl-589494f2-24de-4a8c-8650-9a890bc48d46/ozone-meta/ratis/bf265839-605b-3f16-9796-c5ba1605619e
2022-06-15 07:33:47,908 [pool-55-thread-1] INFO  server.RaftServerConfigKeys (ConfUtils.java:logGet(46)) - raft.server.log.queue.byte-limit = 64MB (=67108864) (default)
2022-06-15 07:33:47,908 [pool-55-thread-1] INFO  server.RaftServerConfigKeys (ConfUtils.java:logGet(46)) - raft.server.log.queue.element-limit = 4096 (default)
2022-06-15 07:33:47,915 [pool-55-thread-1] INFO  server.RaftServerConfigKeys (ConfUtils.java:logGet(46)) - raft.server.log.segment.size.max = 4194304 (custom)
2022-06-15 07:33:47,915 [pool-55-thread-1] INFO  server.RaftServerConfigKeys (ConfUtils.java:logGet(46)) - raft.server.log.preallocated.size = 4194304 (custom)
2022-06-15 07:33:47,916 [pool-55-thread-1] INFO  server.RaftServerConfigKeys (ConfUtils.java:logGet(46)) - raft.server.log.force.sync.num = 128 (default)
2022-06-15 07:33:47,917 [pool-55-thread-1] INFO  server.RaftServerConfigKeys (ConfUtils.java:logGet(46)) - raft.server.log.statemachine.data.sync = true (default)
2022-06-15 07:33:47,917 [pool-55-thread-1] INFO  server.RaftServerConfigKeys (ConfUtils.java:logGet(46)) - raft.server.log.statemachine.data.sync.timeout = 10s (default)
2022-06-15 07:33:47,918 [pool-55-thread-1] INFO  server.RaftServerConfigKeys (ConfUtils.java:logGet(46)) - raft.server.log.statemachine.data.sync.timeout.retry = -1 (default)
2022-06-15 07:33:47,948 [pool-55-thread-1] INFO  server.RaftServerConfigKeys (ConfUtils.java:logGet(46)) - raft.server.log.write.buffer.size = 64KB (=65536) (default)
2022-06-15 07:33:47,948 [pool-55-thread-1] INFO  server.RaftServerConfigKeys (ConfUtils.java:logGet(46)) - raft.server.log.unsafe-flush.enabled = false (default)
2022-06-15 07:33:47,949 [pool-55-thread-1] INFO  server.RaftServerConfigKeys (ConfUtils.java:logGet(46)) - raft.server.log.statemachine.data.caching.enabled = false (default)
2022-06-15 07:33:47,997 [pool-55-thread-1] INFO  segmented.SegmentedRaftLogWorker (SegmentedRaftLogWorker.java:lambda$new$0(135)) - om1@group-C5BA1605619E-SegmentedRaftLogWorker: flushIndex: setUnconditionally 0 -> -1
2022-06-15 07:33:47,998 [pool-55-thread-1] INFO  segmented.SegmentedRaftLogWorker (SegmentedRaftLogWorker.java:lambda$new$0(135)) - om1@group-C5BA1605619E-SegmentedRaftLogWorker: safeCacheEvictIndex: setUnconditionally 0 -> -1
2022-06-15 07:33:48,014 [pool-55-thread-1] INFO  server.RaftServerConfigKeys (ConfUtils.java:logGet(46)) - raft.server.snapshot.auto.trigger.enabled = true (custom)
2022-06-15 07:33:48,015 [pool-55-thread-1] INFO  server.RaftServerConfigKeys (ConfUtils.java:logGet(46)) - raft.server.snapshot.auto.trigger.threshold = 400000 (default)
2022-06-15 07:33:48,016 [pool-55-thread-1] INFO  server.RaftServerConfigKeys (ConfUtils.java:logGet(46)) - raft.server.snapshot.retention.file.num = -1 (default)
2022-06-15 07:33:48,017 [pool-55-thread-1] INFO  server.RaftServerConfigKeys (ConfUtils.java:logGet(46)) - raft.server.log.purge.upto.snapshot.index = true (custom)
2022-06-15 07:33:48,019 [pool-55-thread-1] INFO  server.RaftServerConfigKeys (ConfUtils.java:logGet(46)) - raft.server.retrycache.expirytime = 300s (custom)
2022-06-15 07:33:48,019 [pool-55-thread-1] INFO  server.RaftServerConfigKeys (ConfUtils.java:logGet(46)) - raft.server.retrycache.statistics.expirytime = 100μs (default)
2022-06-15 07:33:48,157 [pool-55-thread-1] INFO  server.RaftServerConfigKeys (ConfUtils.java:logGet(46)) - raft.server.log.appender.install.snapshot.enabled = false (custom)
2022-06-15 07:33:48,158 [pool-55-thread-1] INFO  server.RaftServerConfigKeys (ConfUtils.java:logGet(46)) - raft.server.threadpool.server.cached = true (default)
2022-06-15 07:33:48,158 [pool-55-thread-1] INFO  server.RaftServerConfigKeys (ConfUtils.java:logGet(46)) - raft.server.threadpool.server.size = 0 (default)
2022-06-15 07:33:48,158 [pool-55-thread-1] INFO  server.RaftServerConfigKeys (ConfUtils.java:logGet(46)) - raft.server.threadpool.client.cached = true (default)
2022-06-15 07:33:48,167 [pool-55-thread-1] INFO  server.RaftServerConfigKeys (ConfUtils.java:logGet(46)) - raft.server.threadpool.client.size = 0 (default)
2022-06-15 07:33:48,358 [Listener at 0.0.0.0/40285] INFO  reflections.Reflections (Reflections.java:scan(232)) - Reflections took 575 ms to scan 19 urls, producing 66 keys and 4007 values [using 2 cores]
2022-06-15 07:33:48,683 [Listener at 0.0.0.0/40285] INFO  ipc.CallQueueManager (CallQueueManager.java:<init>(90)) - Using callQueue: class java.util.concurrent.LinkedBlockingQueue, queueCapacity: 2000, scheduler: class org.apache.hadoop.ipc.DefaultRpcScheduler, ipcBackoff: false.
2022-06-15 07:33:48,687 [Socket Reader #1 for port 0] INFO  ipc.Server (Server.java:run(1265)) - Starting Socket Reader #1 for port 0
2022-06-15 07:33:48,725 [Listener at 127.0.0.1/34461] INFO  impl.MetricsSystemImpl (MetricsSystemImpl.java:init(158)) - OzoneManager metrics system started (again)
2022-06-15 07:33:48,740 [Listener at 127.0.0.1/34461] INFO  om.OzoneManager (OzoneManager.java:start(1465)) - OzoneManager RPC server is listening at localhost/127.0.0.1:34461
2022-06-15 07:33:48,740 [Listener at 127.0.0.1/34461] INFO  ratis.OzoneManagerRatisServer (OzoneManagerRatisServer.java:start(554)) - Starting OzoneManagerRatisServer om1 at port 9872
2022-06-15 07:33:48,744 [om1-impl-thread1] INFO  server.RaftServer$Division (RaftServerImpl.java:start(310)) - om1@group-C5BA1605619E: start as a follower, conf=-1: [om1|rpc:localhost:9872|priority:0], old=null
2022-06-15 07:33:48,745 [om1-impl-thread1] INFO  server.RaftServer$Division (RaftServerImpl.java:setRole(299)) - om1@group-C5BA1605619E: changes role from      null to FOLLOWER at term 0 for startAsFollower
2022-06-15 07:33:48,746 [om1-impl-thread1] INFO  impl.RoleInfo (RoleInfo.java:updateAndGet(139)) - om1: start om1@group-C5BA1605619E-FollowerState
2022-06-15 07:33:48,748 [om1-impl-thread1] INFO  util.JmxRegister (JmxRegister.java:tryRegister(44)) - Successfully registered JMX Bean with object name Ratis:service=RaftServer,group=group-C5BA1605619E,id=om1
2022-06-15 07:33:48,755 [Listener at 127.0.0.1/34461] INFO  server.RaftServer (RaftServerProxy.java:lambda$start$6(382)) - om1: start RPC server
2022-06-15 07:33:48,828 [Listener at 127.0.0.1/34461] INFO  server.GrpcService (GrpcService.java:startImpl(260)) - om1: GrpcService started, listening on 9872
2022-06-15 07:33:48,834 [Listener at 127.0.0.1/34461] INFO  om.OzoneManager (OzoneManager.java:start(1481)) - Version File has different layout version (3) than OM DB (null). That is expected if this OM has never been finalized to a newer layout version.
2022-06-15 07:33:48,837 [org.apache.ratis.util.JvmPauseMonitor$$Lambda$681/1621678294@278427d] INFO  util.JvmPauseMonitor (JvmPauseMonitor.java:run(103)) - JvmPauseMonitor-om1: Started
2022-06-15 07:33:48,858 [Listener at 127.0.0.1/34461] INFO  http.BaseHttpServer (BaseHttpServer.java:newHttpServer2BuilderForOzone(209)) - Starting Web-server for ozoneManager at: http://0.0.0.0:0
2022-06-15 07:33:48,858 [Listener at 127.0.0.1/34461] INFO  http.BaseHttpServer (BaseHttpServer.java:<init>(107)) - Hadoop Security Enabled: false Ozone Security Enabled: false Ozone HTTP Security Enabled: false 
2022-06-15 07:33:48,860 [Listener at 127.0.0.1/34461] INFO  server.AuthenticationFilter (AuthenticationFilter.java:constructSecretProvider(240)) - Unable to initialize FileSignerSecretProvider, falling back to use random secrets.
2022-06-15 07:33:48,862 [Listener at 127.0.0.1/34461] WARN  http.HttpRequestLog (HttpRequestLog.java:getRequestLog(103)) - Jetty request log can only be enabled using Log4j
2022-06-15 07:33:48,864 [Listener at 127.0.0.1/34461] INFO  http.HttpServer2 (HttpServer2.java:addGlobalFilter(1029)) - Added global filter 'safety' (class=org.apache.hadoop.hdds.server.http.HttpServer2$QuotingInputFilter)
2022-06-15 07:33:48,865 [Listener at 127.0.0.1/34461] INFO  http.HttpServer2 (HttpServer2.java:addFilter(1005)) - Added filter static_user_filter (class=org.apache.hadoop.http.lib.StaticUserWebFilter$StaticUserFilter) to context ozoneManager
2022-06-15 07:33:48,865 [Listener at 127.0.0.1/34461] INFO  http.HttpServer2 (HttpServer2.java:addFilter(1013)) - Added filter static_user_filter (class=org.apache.hadoop.http.lib.StaticUserWebFilter$StaticUserFilter) to context static
2022-06-15 07:33:48,865 [Listener at 127.0.0.1/34461] INFO  http.HttpServer2 (HttpServer2.java:addFilter(1013)) - Added filter static_user_filter (class=org.apache.hadoop.http.lib.StaticUserWebFilter$StaticUserFilter) to context logs
2022-06-15 07:33:48,869 [Listener at 127.0.0.1/34461] INFO  http.HttpServer2 (HttpServer2.java:bindListener(1248)) - Jetty bound to port 40333
2022-06-15 07:33:48,869 [Listener at 127.0.0.1/34461] INFO  server.Server (Server.java:doStart(375)) - jetty-9.4.43.v20210629; built: 2021-06-30T11:07:22.254Z; git: 526006ecfa3af7f1a27ef3a288e2bef7ea9dd7e8; jvm 1.8.0_332-b09
2022-06-15 07:33:48,871 [Listener at 127.0.0.1/34461] INFO  server.session (DefaultSessionIdManager.java:doStart(334)) - DefaultSessionIdManager workerName=node0
2022-06-15 07:33:48,871 [Listener at 127.0.0.1/34461] INFO  server.session (DefaultSessionIdManager.java:doStart(339)) - No SessionScavenger set, using defaults
2022-06-15 07:33:48,871 [Listener at 127.0.0.1/34461] INFO  server.session (HouseKeeper.java:startScavenging(132)) - node0 Scavenging every 600000ms
2022-06-15 07:33:48,872 [Listener at 127.0.0.1/34461] INFO  handler.ContextHandler (ContextHandler.java:doStart(915)) - Started o.e.j.s.ServletContextHandler@8aa70fd{logs,/logs,file:///home/runner/work/ozone/ozone/hadoop-ozone/integration-test/target/log,AVAILABLE}
2022-06-15 07:33:48,873 [Listener at 127.0.0.1/34461] INFO  handler.ContextHandler (ContextHandler.java:doStart(915)) - Started o.e.j.s.ServletContextHandler@41c9df5c{static,/static,file:///home/runner/work/ozone/ozone/hadoop-ozone/integration-test/target/test-classes/webapps/static,AVAILABLE}
2022-06-15 07:33:48,876 [Listener at 127.0.0.1/34461] INFO  handler.ContextHandler (ContextHandler.java:doStart(915)) - Started o.e.j.w.WebAppContext@47157ec7{ozoneManager,/,file:///home/runner/work/ozone/ozone/hadoop-ozone/integration-test/target/test-classes/webapps/ozoneManager/,AVAILABLE}{file:/home/runner/work/ozone/ozone/hadoop-ozone/integration-test/target/test-classes/webapps/ozoneManager}
2022-06-15 07:33:48,887 [Listener at 127.0.0.1/34461] INFO  server.AbstractConnector (AbstractConnector.java:doStart(331)) - Started ServerConnector@332fac2e{HTTP/1.1, (http/1.1)}{0.0.0.0:40333}
2022-06-15 07:33:48,887 [Listener at 127.0.0.1/34461] INFO  server.Server (Server.java:doStart(415)) - Started @7258ms
2022-06-15 07:33:48,888 [Listener at 127.0.0.1/34461] WARN  impl.MetricsSystemImpl (MetricsSystemImpl.java:register(279)) - Sink prometheus already exists!
2022-06-15 07:33:48,888 [Listener at 127.0.0.1/34461] INFO  http.BaseHttpServer (BaseHttpServer.java:updateConnectorAddress(329)) - HTTP server of ozoneManager listening at http://0.0.0.0:40333
2022-06-15 07:33:48,889 [IPC Server Responder] INFO  ipc.Server (Server.java:run(1507)) - IPC Server Responder: starting
2022-06-15 07:33:48,890 [IPC Server listener on 0] INFO  ipc.Server (Server.java:run(1344)) - IPC Server listener on 0: starting
2022-06-15 07:33:48,894 [Listener at 127.0.0.1/34461] INFO  om.OzoneManager (OzoneManager.java:startTrashEmptier(1905)) - Trash Interval set to 0. Files deleted won't move to trash
2022-06-15 07:33:48,908 [org.apache.hadoop.util.JvmPauseMonitor$Monitor@11f63b10] INFO  util.JvmPauseMonitor (JvmPauseMonitor.java:run(188)) - Starting JVM pause monitor
2022-06-15 07:33:49,069 [Listener at 127.0.0.1/34461] WARN  impl.MetricRegistriesImpl (MetricRegistriesImpl.java:addReporterRegistration(111)) - New reporters are added after registries were created. Some metrics will be missing from the reporter. Please add reporter before adding any new registry.
2022-06-15 07:33:49,070 [Listener at 127.0.0.1/34461] WARN  impl.MetricRegistriesImpl (MetricRegistriesImpl.java:addReporterRegistration(111)) - New reporters are added after registries were created. Some metrics will be missing from the reporter. Please add reporter before adding any new registry.
2022-06-15 07:33:49,070 [Listener at 127.0.0.1/34461] INFO  impl.MetricsSystemImpl (MetricsSystemImpl.java:init(158)) - HddsDatanode metrics system started (again)
2022-06-15 07:33:49,088 [Listener at 127.0.0.1/34461] INFO  ozone.HddsDatanodeService (HddsDatanodeService.java:start(236)) - HddsDatanodeService host:fv-az121-418.xhy4bhhdincepo0av04agjzkjc.cx.internal.cloudapp.net ip:10.1.0.11
2022-06-15 07:33:49,117 [Listener at 127.0.0.1/34461] INFO  upgrade.AbstractLayoutVersionManager (AbstractLayoutVersionManager.java:init(82)) - Initializing Layout version manager with metadata layout = DATANODE_SCHEMA_V3 (version = 4), software layout = DATANODE_SCHEMA_V3 (version = 4)
2022-06-15 07:33:49,160 [Listener at 127.0.0.1/34461] INFO  reflections.Reflections (Reflections.java:scan(232)) - Reflections took 41 ms to scan 7 urls, producing 131 keys and 311 values 
2022-06-15 07:33:49,163 [Listener at 127.0.0.1/34461] INFO  statemachine.DatanodeStateMachine (DatanodeStateMachine.java:getEndPointTaskThreadPoolSize(233)) - Datanode State Machine Task Thread Pool size 2
2022-06-15 07:33:49,220 [Listener at 127.0.0.1/34461] INFO  volume.HddsVolume (HddsVolume.java:<init>(116)) - Creating HddsVolume: /home/runner/work/ozone/ozone/hadoop-ozone/integration-test/target/test-dir/MiniOzoneClusterImpl-589494f2-24de-4a8c-8650-9a890bc48d46/datanode-0/data-0/containers/hdds of storage type : DISK capacity : 9223372036854775807
2022-06-15 07:33:49,222 [Listener at 127.0.0.1/34461] INFO  volume.MutableVolumeSet (MutableVolumeSet.java:initializeVolumeSet(174)) - Added Volume : /home/runner/work/ozone/ozone/hadoop-ozone/integration-test/target/test-dir/MiniOzoneClusterImpl-589494f2-24de-4a8c-8650-9a890bc48d46/datanode-0/data-0/containers/hdds to VolumeSet
2022-06-15 07:33:49,223 [Listener at 127.0.0.1/34461] INFO  volume.ThrottledAsyncChecker (ThrottledAsyncChecker.java:schedule(141)) - Scheduling a check for /home/runner/work/ozone/ozone/hadoop-ozone/integration-test/target/test-dir/MiniOzoneClusterImpl-589494f2-24de-4a8c-8650-9a890bc48d46/datanode-0/data-0/containers/hdds
2022-06-15 07:33:49,245 [Listener at 127.0.0.1/34461] INFO  volume.StorageVolumeChecker (StorageVolumeChecker.java:checkAllVolumes(202)) - Scheduled health check for volume /home/runner/work/ozone/ozone/hadoop-ozone/integration-test/target/test-dir/MiniOzoneClusterImpl-589494f2-24de-4a8c-8650-9a890bc48d46/datanode-0/data-0/containers/hdds
2022-06-15 07:33:49,263 [Listener at 127.0.0.1/34461] INFO  volume.MutableVolumeSet (MutableVolumeSet.java:initializeVolumeSet(174)) - Added Volume : /home/runner/work/ozone/ozone/hadoop-ozone/integration-test/target/test-dir/MiniOzoneClusterImpl-589494f2-24de-4a8c-8650-9a890bc48d46/datanode-0/data/ratis to VolumeSet
2022-06-15 07:33:49,263 [Listener at 127.0.0.1/34461] INFO  volume.ThrottledAsyncChecker (ThrottledAsyncChecker.java:schedule(141)) - Scheduling a check for /home/runner/work/ozone/ozone/hadoop-ozone/integration-test/target/test-dir/MiniOzoneClusterImpl-589494f2-24de-4a8c-8650-9a890bc48d46/datanode-0/data/ratis
2022-06-15 07:33:49,263 [Listener at 127.0.0.1/34461] INFO  volume.StorageVolumeChecker (StorageVolumeChecker.java:checkAllVolumes(202)) - Scheduled health check for volume /home/runner/work/ozone/ozone/hadoop-ozone/integration-test/target/test-dir/MiniOzoneClusterImpl-589494f2-24de-4a8c-8650-9a890bc48d46/datanode-0/data/ratis
2022-06-15 07:33:49,286 [Thread-133] INFO  ozoneimpl.ContainerReader (ContainerReader.java:readVolume(172)) - Finish verifying containers on volume /home/runner/work/ozone/ozone/hadoop-ozone/integration-test/target/test-dir/MiniOzoneClusterImpl-589494f2-24de-4a8c-8650-9a890bc48d46/datanode-0/data-0/containers/hdds
2022-06-15 07:33:49,286 [Listener at 127.0.0.1/34461] INFO  ozoneimpl.OzoneContainer (OzoneContainer.java:buildContainerSet(266)) - Build ContainerSet costs 0s
2022-06-15 07:33:49,330 [Listener at 127.0.0.1/34461] INFO  audit.AuditLogger (AuditLogger.java:refreshDebugCmdSet(120)) - Refresh DebugCmdSet for DNAudit to [].
2022-06-15 07:33:49,358 [Listener at 127.0.0.1/34461] INFO  server.RaftServer (ConfUtils.java:logGet(46)) - raft.rpc.type = GRPC (default)
2022-06-15 07:33:49,358 [Listener at 127.0.0.1/34461] INFO  grpc.GrpcFactory (GrpcFactory.java:checkPooledByteBufAllocatorUseCacheForAllThreads(48)) - PERFORMANCE WARNING: useCacheForAllThreads is true that may cause Netty to create a lot garbage objects and, as a result, trigger GC.
	It is recommended to disable useCacheForAllThreads by setting -Dorg.apache.ratis.thirdparty.io.netty.allocator.useCacheForAllThreads=false in command line.
2022-06-15 07:33:49,358 [Listener at 127.0.0.1/34461] INFO  grpc.GrpcConfigKeys (ConfUtils.java:logGet(46)) - raft.grpc.admin.port = 0 (custom)
2022-06-15 07:33:49,359 [Listener at 127.0.0.1/34461] INFO  grpc.GrpcConfigKeys (ConfUtils.java:logGet(46)) - raft.grpc.client.port = 0 (custom)
2022-06-15 07:33:49,359 [Listener at 127.0.0.1/34461] INFO  grpc.GrpcConfigKeys (ConfUtils.java:logGet(46)) - raft.grpc.server.port = 0 (default)
2022-06-15 07:33:49,359 [Listener at 127.0.0.1/34461] INFO  server.GrpcService (ConfUtils.java:logGet(46)) - raft.grpc.message.size.max = 32MB (=33554432) (custom)
2022-06-15 07:33:49,359 [Listener at 127.0.0.1/34461] INFO  server.RaftServerConfigKeys (ConfUtils.java:logGet(46)) - raft.server.log.appender.buffer.byte-limit = 33554432 (custom)
2022-06-15 07:33:49,359 [Listener at 127.0.0.1/34461] INFO  server.GrpcService (ConfUtils.java:logGet(46)) - raft.grpc.flow.control.window = 5MB (=5242880) (custom)
2022-06-15 07:33:49,360 [Listener at 127.0.0.1/34461] INFO  server.RaftServerConfigKeys (ConfUtils.java:logGet(46)) - raft.server.rpc.request.timeout = 3000ms (default)
2022-06-15 07:33:49,360 [Listener at 127.0.0.1/34461] INFO  grpc.GrpcConfigKeys (ConfUtils.java:logGet(46)) - raft.grpc.server.async.request.thread.pool.cached = true (default)
2022-06-15 07:33:49,360 [Listener at 127.0.0.1/34461] INFO  grpc.GrpcConfigKeys (ConfUtils.java:logGet(46)) - raft.grpc.server.async.request.thread.pool.size = 32 (default)
2022-06-15 07:33:49,361 [Listener at 127.0.0.1/34461] INFO  impl.DataStreamServerImpl (ConfUtils.java:logGet(46)) - raft.datastream.type = DISABLED (default)
2022-06-15 07:33:49,361 [Listener at 127.0.0.1/34461] INFO  server.RaftServerConfigKeys (ConfUtils.java:logGet(46)) - raft.server.threadpool.proxy.cached = true (default)
2022-06-15 07:33:49,362 [Listener at 127.0.0.1/34461] INFO  server.RaftServerConfigKeys (ConfUtils.java:logGet(46)) - raft.server.threadpool.proxy.size = 0 (default)
2022-06-15 07:33:49,362 [Listener at 127.0.0.1/34461] INFO  server.RaftServerConfigKeys (ConfUtils.java:logGet(46)) - raft.server.rpc.slowness.timeout = 300000ms (custom)
2022-06-15 07:33:49,362 [Listener at 127.0.0.1/34461] INFO  server.RaftServerConfigKeys (ConfUtils.java:logGet(46)) - raft.server.leaderelection.leader.step-down.wait-time = 10s (default)
2022-06-15 07:33:49,362 [Listener at 127.0.0.1/34461] INFO  server.RaftServerConfigKeys (ConfUtils.java:logGet(46)) - raft.server.storage.dir = [/home/runner/work/ozone/ozone/hadoop-ozone/integration-test/target/test-dir/MiniOzoneClusterImpl-589494f2-24de-4a8c-8650-9a890bc48d46/datanode-0/data/ratis] (custom)
2022-06-15 07:33:49,380 [Listener at 127.0.0.1/34461] INFO  server.XceiverServerGrpc (XceiverServerGrpc.java:<init>(132)) - GrpcServer channel type EpollServerSocketChannel
2022-06-15 07:33:49,426 [Listener at 127.0.0.1/34461] INFO  http.BaseHttpServer (BaseHttpServer.java:newHttpServer2BuilderForOzone(209)) - Starting Web-server for hddsDatanode at: http://0.0.0.0:0
2022-06-15 07:33:49,426 [Listener at 127.0.0.1/34461] INFO  http.BaseHttpServer (BaseHttpServer.java:<init>(107)) - Hadoop Security Enabled: false Ozone Security Enabled: false Ozone HTTP Security Enabled: false 
2022-06-15 07:33:49,428 [Listener at 127.0.0.1/34461] INFO  server.AuthenticationFilter (AuthenticationFilter.java:constructSecretProvider(240)) - Unable to initialize FileSignerSecretProvider, falling back to use random secrets.
2022-06-15 07:33:49,428 [Listener at 127.0.0.1/34461] WARN  http.HttpRequestLog (HttpRequestLog.java:getRequestLog(103)) - Jetty request log can only be enabled using Log4j
2022-06-15 07:33:49,430 [Listener at 127.0.0.1/34461] INFO  http.HttpServer2 (HttpServer2.java:addGlobalFilter(1029)) - Added global filter 'safety' (class=org.apache.hadoop.hdds.server.http.HttpServer2$QuotingInputFilter)
2022-06-15 07:33:49,431 [Listener at 127.0.0.1/34461] INFO  http.HttpServer2 (HttpServer2.java:addFilter(1005)) - Added filter static_user_filter (class=org.apache.hadoop.http.lib.StaticUserWebFilter$StaticUserFilter) to context hddsDatanode
2022-06-15 07:33:49,431 [Listener at 127.0.0.1/34461] INFO  http.HttpServer2 (HttpServer2.java:addFilter(1013)) - Added filter static_user_filter (class=org.apache.hadoop.http.lib.StaticUserWebFilter$StaticUserFilter) to context logs
2022-06-15 07:33:49,431 [Listener at 127.0.0.1/34461] INFO  http.HttpServer2 (HttpServer2.java:addFilter(1013)) - Added filter static_user_filter (class=org.apache.hadoop.http.lib.StaticUserWebFilter$StaticUserFilter) to context static
2022-06-15 07:33:49,432 [Listener at 127.0.0.1/34461] INFO  http.HttpServer2 (HttpServer2.java:bindListener(1248)) - Jetty bound to port 46821
2022-06-15 07:33:49,432 [Listener at 127.0.0.1/34461] INFO  server.Server (Server.java:doStart(375)) - jetty-9.4.43.v20210629; built: 2021-06-30T11:07:22.254Z; git: 526006ecfa3af7f1a27ef3a288e2bef7ea9dd7e8; jvm 1.8.0_332-b09
2022-06-15 07:33:49,435 [Listener at 127.0.0.1/34461] INFO  server.session (DefaultSessionIdManager.java:doStart(334)) - DefaultSessionIdManager workerName=node0
2022-06-15 07:33:49,436 [Listener at 127.0.0.1/34461] INFO  server.session (DefaultSessionIdManager.java:doStart(339)) - No SessionScavenger set, using defaults
2022-06-15 07:33:49,436 [Listener at 127.0.0.1/34461] INFO  server.session (HouseKeeper.java:startScavenging(132)) - node0 Scavenging every 660000ms
2022-06-15 07:33:49,437 [Listener at 127.0.0.1/34461] INFO  handler.ContextHandler (ContextHandler.java:doStart(915)) - Started o.e.j.s.ServletContextHandler@4b66a923{logs,/logs,file:///home/runner/work/ozone/ozone/hadoop-ozone/integration-test/target/log,AVAILABLE}
2022-06-15 07:33:49,437 [Listener at 127.0.0.1/34461] INFO  handler.ContextHandler (ContextHandler.java:doStart(915)) - Started o.e.j.s.ServletContextHandler@4c57051a{static,/static,jar:file:/home/runner/.m2/repository/org/apache/ozone/hdds-container-service/1.3.0-SNAPSHOT/hdds-container-service-1.3.0-SNAPSHOT.jar!/webapps/static,AVAILABLE}
2022-06-15 07:33:49,624 [Listener at 127.0.0.1/34461] INFO  handler.ContextHandler (ContextHandler.java:doStart(915)) - Started o.e.j.w.WebAppContext@32dd05af{hddsDatanode,/,file:///tmp/jetty-0_0_0_0-46821-hdds-container-service-1_3_0-SNAPSHOT_jar-_-any-4617610067382507189/webapp/,AVAILABLE}{jar:file:/home/runner/.m2/repository/org/apache/ozone/hdds-container-service/1.3.0-SNAPSHOT/hdds-container-service-1.3.0-SNAPSHOT.jar!/webapps/hddsDatanode}
2022-06-15 07:33:49,625 [Listener at 127.0.0.1/34461] INFO  server.AbstractConnector (AbstractConnector.java:doStart(331)) - Started ServerConnector@4f80c511{HTTP/1.1, (http/1.1)}{0.0.0.0:46821}
2022-06-15 07:33:49,625 [Listener at 127.0.0.1/34461] INFO  server.Server (Server.java:doStart(415)) - Started @7995ms
2022-06-15 07:33:49,625 [Listener at 127.0.0.1/34461] WARN  impl.MetricsSystemImpl (MetricsSystemImpl.java:register(279)) - Sink prometheus already exists!
2022-06-15 07:33:49,626 [Listener at 127.0.0.1/34461] INFO  http.BaseHttpServer (BaseHttpServer.java:updateConnectorAddress(329)) - HTTP server of hddsDatanode listening at http://0.0.0.0:46821
2022-06-15 07:33:49,628 [Datanode State Machine Daemon Thread] INFO  statemachine.DatanodeStateMachine (DatanodeStateMachine.java:lambda$startDaemon$0(484)) - Ozone container server started.
2022-06-15 07:33:49,631 [Listener at 127.0.0.1/34461] WARN  impl.MetricRegistriesImpl (MetricRegistriesImpl.java:addReporterRegistration(111)) - New reporters are added after registries were created. Some metrics will be missing from the reporter. Please add reporter before adding any new registry.
2022-06-15 07:33:49,631 [Listener at 127.0.0.1/34461] WARN  impl.MetricRegistriesImpl (MetricRegistriesImpl.java:addReporterRegistration(111)) - New reporters are added after registries were created. Some metrics will be missing from the reporter. Please add reporter before adding any new registry.
2022-06-15 07:33:49,632 [Listener at 127.0.0.1/34461] INFO  impl.MetricsSystemImpl (MetricsSystemImpl.java:init(158)) - HddsDatanode metrics system started (again)
2022-06-15 07:33:49,644 [Listener at 127.0.0.1/34461] INFO  ozone.HddsDatanodeService (HddsDatanodeService.java:start(236)) - HddsDatanodeService host:fv-az121-418.xhy4bhhdincepo0av04agjzkjc.cx.internal.cloudapp.net ip:10.1.0.11
2022-06-15 07:33:49,659 [org.apache.hadoop.util.JvmPauseMonitor$Monitor@24c590dd] INFO  util.JvmPauseMonitor (JvmPauseMonitor.java:run(188)) - Starting JVM pause monitor
2022-06-15 07:33:49,678 [Listener at 127.0.0.1/34461] INFO  upgrade.AbstractLayoutVersionManager (AbstractLayoutVersionManager.java:init(82)) - Initializing Layout version manager with metadata layout = DATANODE_SCHEMA_V3 (version = 4), software layout = DATANODE_SCHEMA_V3 (version = 4)
2022-06-15 07:33:49,771 [Listener at 127.0.0.1/34461] INFO  reflections.Reflections (Reflections.java:scan(232)) - Reflections took 90 ms to scan 7 urls, producing 131 keys and 311 values 
2022-06-15 07:33:49,773 [Listener at 127.0.0.1/34461] INFO  statemachine.DatanodeStateMachine (DatanodeStateMachine.java:getEndPointTaskThreadPoolSize(233)) - Datanode State Machine Task Thread Pool size 2
2022-06-15 07:33:49,787 [Listener at 127.0.0.1/34461] INFO  volume.HddsVolume (HddsVolume.java:<init>(116)) - Creating HddsVolume: /home/runner/work/ozone/ozone/hadoop-ozone/integration-test/target/test-dir/MiniOzoneClusterImpl-589494f2-24de-4a8c-8650-9a890bc48d46/datanode-1/data-0/containers/hdds of storage type : DISK capacity : 9223372036854775807
2022-06-15 07:33:49,788 [Listener at 127.0.0.1/34461] INFO  volume.MutableVolumeSet (MutableVolumeSet.java:initializeVolumeSet(174)) - Added Volume : /home/runner/work/ozone/ozone/hadoop-ozone/integration-test/target/test-dir/MiniOzoneClusterImpl-589494f2-24de-4a8c-8650-9a890bc48d46/datanode-1/data-0/containers/hdds to VolumeSet
2022-06-15 07:33:49,788 [Listener at 127.0.0.1/34461] INFO  volume.ThrottledAsyncChecker (ThrottledAsyncChecker.java:schedule(141)) - Scheduling a check for /home/runner/work/ozone/ozone/hadoop-ozone/integration-test/target/test-dir/MiniOzoneClusterImpl-589494f2-24de-4a8c-8650-9a890bc48d46/datanode-1/data-0/containers/hdds
2022-06-15 07:33:49,801 [Listener at 127.0.0.1/34461] INFO  volume.StorageVolumeChecker (StorageVolumeChecker.java:checkAllVolumes(202)) - Scheduled health check for volume /home/runner/work/ozone/ozone/hadoop-ozone/integration-test/target/test-dir/MiniOzoneClusterImpl-589494f2-24de-4a8c-8650-9a890bc48d46/datanode-1/data-0/containers/hdds
2022-06-15 07:33:49,814 [Listener at 127.0.0.1/34461] INFO  volume.MutableVolumeSet (MutableVolumeSet.java:initializeVolumeSet(174)) - Added Volume : /home/runner/work/ozone/ozone/hadoop-ozone/integration-test/target/test-dir/MiniOzoneClusterImpl-589494f2-24de-4a8c-8650-9a890bc48d46/datanode-1/data/ratis to VolumeSet
2022-06-15 07:33:49,814 [Listener at 127.0.0.1/34461] INFO  volume.ThrottledAsyncChecker (ThrottledAsyncChecker.java:schedule(141)) - Scheduling a check for /home/runner/work/ozone/ozone/hadoop-ozone/integration-test/target/test-dir/MiniOzoneClusterImpl-589494f2-24de-4a8c-8650-9a890bc48d46/datanode-1/data/ratis
2022-06-15 07:33:49,814 [Listener at 127.0.0.1/34461] INFO  volume.StorageVolumeChecker (StorageVolumeChecker.java:checkAllVolumes(202)) - Scheduled health check for volume /home/runner/work/ozone/ozone/hadoop-ozone/integration-test/target/test-dir/MiniOzoneClusterImpl-589494f2-24de-4a8c-8650-9a890bc48d46/datanode-1/data/ratis
2022-06-15 07:33:49,839 [om1@group-C5BA1605619E-FollowerState] INFO  impl.FollowerState (FollowerState.java:run(143)) - om1@group-C5BA1605619E-FollowerState: change to CANDIDATE, lastRpcElapsedTime:1093859417ns, electionTimeout:1078ms
2022-06-15 07:33:49,841 [om1@group-C5BA1605619E-FollowerState] INFO  impl.RoleInfo (RoleInfo.java:shutdownFollowerState(110)) - om1: shutdown om1@group-C5BA1605619E-FollowerState
2022-06-15 07:33:49,842 [om1@group-C5BA1605619E-FollowerState] INFO  server.RaftServer$Division (RaftServerImpl.java:setRole(299)) - om1@group-C5BA1605619E: changes role from  FOLLOWER to CANDIDATE at term 0 for changeToCandidate
2022-06-15 07:33:49,845 [om1@group-C5BA1605619E-FollowerState] INFO  server.RaftServerConfigKeys (ConfUtils.java:logGet(46)) - raft.server.leaderelection.pre-vote = false (custom)
2022-06-15 07:33:49,845 [om1@group-C5BA1605619E-FollowerState] INFO  impl.RoleInfo (RoleInfo.java:updateAndGet(139)) - om1: start om1@group-C5BA1605619E-LeaderElection1
2022-06-15 07:33:49,852 [Datanode State Machine Task Thread - 0] INFO  datanode.InitDatanodeState (InitDatanodeState.java:persistContainerDatanodeDetails(138)) - DatanodeDetails is persisted to /home/runner/work/ozone/ozone/hadoop-ozone/integration-test/target/test-dir/MiniOzoneClusterImpl-589494f2-24de-4a8c-8650-9a890bc48d46/datanode-0/meta/datanode.id
2022-06-15 07:33:49,863 [om1@group-C5BA1605619E-LeaderElection1] INFO  impl.LeaderElection (LeaderElection.java:askForVotes(310)) - om1@group-C5BA1605619E-LeaderElection1 ELECTION round 0: submit vote requests at term 1 for -1: [om1|rpc:localhost:9872|priority:0], old=null
2022-06-15 07:33:49,864 [om1@group-C5BA1605619E-LeaderElection1] INFO  impl.LeaderElection (LeaderElection.java:askForVotes(312)) - om1@group-C5BA1605619E-LeaderElection1 ELECTION round 0: result PASSED (term=1)
2022-06-15 07:33:49,864 [om1@group-C5BA1605619E-LeaderElection1] INFO  impl.RoleInfo (RoleInfo.java:shutdownLeaderElection(130)) - om1: shutdown om1@group-C5BA1605619E-LeaderElection1
2022-06-15 07:33:49,865 [om1@group-C5BA1605619E-LeaderElection1] INFO  server.RaftServer$Division (RaftServerImpl.java:setRole(299)) - om1@group-C5BA1605619E: changes role from CANDIDATE to LEADER at term 1 for changeToLeader
2022-06-15 07:33:49,865 [om1@group-C5BA1605619E-LeaderElection1] INFO  server.RaftServer$Division (ServerState.java:setLeader(287)) - om1@group-C5BA1605619E: change Leader from null to om1 at term 1 for becomeLeader, leader elected after 2067ms
2022-06-15 07:33:49,873 [om1@group-C5BA1605619E-LeaderElection1] INFO  server.RaftServerConfigKeys (ConfUtils.java:logGet(46)) - raft.server.staging.catchup.gap = 1000 (default)
2022-06-15 07:33:49,875 [Thread-147] INFO  ozoneimpl.ContainerReader (ContainerReader.java:readVolume(172)) - Finish verifying containers on volume /home/runner/work/ozone/ozone/hadoop-ozone/integration-test/target/test-dir/MiniOzoneClusterImpl-589494f2-24de-4a8c-8650-9a890bc48d46/datanode-1/data-0/containers/hdds
2022-06-15 07:33:49,876 [Listener at 127.0.0.1/34461] INFO  ozoneimpl.OzoneContainer (OzoneContainer.java:buildContainerSet(266)) - Build ContainerSet costs 0s
2022-06-15 07:33:49,879 [Listener at 127.0.0.1/34461] INFO  server.RaftServer (ConfUtils.java:logGet(46)) - raft.rpc.type = GRPC (default)
2022-06-15 07:33:49,879 [Listener at 127.0.0.1/34461] INFO  grpc.GrpcFactory (GrpcFactory.java:checkPooledByteBufAllocatorUseCacheForAllThreads(48)) - PERFORMANCE WARNING: useCacheForAllThreads is true that may cause Netty to create a lot garbage objects and, as a result, trigger GC.
	It is recommended to disable useCacheForAllThreads by setting -Dorg.apache.ratis.thirdparty.io.netty.allocator.useCacheForAllThreads=false in command line.
2022-06-15 07:33:49,880 [Listener at 127.0.0.1/34461] INFO  grpc.GrpcConfigKeys (ConfUtils.java:logGet(46)) - raft.grpc.admin.port = 0 (custom)
2022-06-15 07:33:49,880 [Listener at 127.0.0.1/34461] INFO  grpc.GrpcConfigKeys (ConfUtils.java:logGet(46)) - raft.grpc.client.port = 0 (custom)
2022-06-15 07:33:49,880 [Listener at 127.0.0.1/34461] INFO  grpc.GrpcConfigKeys (ConfUtils.java:logGet(46)) - raft.grpc.server.port = 0 (default)
2022-06-15 07:33:49,880 [Listener at 127.0.0.1/34461] INFO  server.GrpcService (ConfUtils.java:logGet(46)) - raft.grpc.message.size.max = 32MB (=33554432) (custom)
2022-06-15 07:33:49,881 [Listener at 127.0.0.1/34461] INFO  server.RaftServerConfigKeys (ConfUtils.java:logGet(46)) - raft.server.log.appender.buffer.byte-limit = 33554432 (custom)
2022-06-15 07:33:49,881 [Listener at 127.0.0.1/34461] INFO  server.GrpcService (ConfUtils.java:logGet(46)) - raft.grpc.flow.control.window = 5MB (=5242880) (custom)
2022-06-15 07:33:49,881 [Listener at 127.0.0.1/34461] INFO  server.RaftServerConfigKeys (ConfUtils.java:logGet(46)) - raft.server.rpc.request.timeout = 3000ms (default)
2022-06-15 07:33:49,881 [Listener at 127.0.0.1/34461] INFO  grpc.GrpcConfigKeys (ConfUtils.java:logGet(46)) - raft.grpc.server.async.request.thread.pool.cached = true (default)
2022-06-15 07:33:49,881 [Listener at 127.0.0.1/34461] INFO  grpc.GrpcConfigKeys (ConfUtils.java:logGet(46)) - raft.grpc.server.async.request.thread.pool.size = 32 (default)
2022-06-15 07:33:49,882 [om1@group-C5BA1605619E-LeaderElection1] INFO  server.RaftServerConfigKeys (ConfUtils.java:logGet(46)) - raft.server.write.element-limit = 4096 (default)
2022-06-15 07:33:49,882 [om1@group-C5BA1605619E-LeaderElection1] INFO  server.RaftServerConfigKeys (ConfUtils.java:logGet(46)) - raft.server.write.byte-limit = 64MB (=67108864) (default)
2022-06-15 07:33:49,883 [Listener at 127.0.0.1/34461] INFO  impl.DataStreamServerImpl (ConfUtils.java:logGet(46)) - raft.datastream.type = DISABLED (default)
2022-06-15 07:33:49,891 [Listener at 127.0.0.1/34461] INFO  server.RaftServerConfigKeys (ConfUtils.java:logGet(46)) - raft.server.threadpool.proxy.cached = true (default)
2022-06-15 07:33:49,890 [om1@group-C5BA1605619E-LeaderElection1] INFO  server.RaftServerConfigKeys (ConfUtils.java:logGet(46)) - raft.server.watch.timeout = 10s (default)
2022-06-15 07:33:49,892 [om1@group-C5BA1605619E-LeaderElection1] INFO  server.RaftServerConfigKeys (ConfUtils.java:logGet(46)) - raft.server.watch.timeout.denomination = 1s (default)
2022-06-15 07:33:49,893 [Listener at 127.0.0.1/34461] INFO  server.RaftServerConfigKeys (ConfUtils.java:logGet(46)) - raft.server.threadpool.proxy.size = 0 (default)
2022-06-15 07:33:49,893 [Listener at 127.0.0.1/34461] INFO  server.RaftServerConfigKeys (ConfUtils.java:logGet(46)) - raft.server.rpc.slowness.timeout = 300000ms (custom)
2022-06-15 07:33:49,893 [Listener at 127.0.0.1/34461] INFO  server.RaftServerConfigKeys (ConfUtils.java:logGet(46)) - raft.server.leaderelection.leader.step-down.wait-time = 10s (default)
2022-06-15 07:33:49,894 [om1@group-C5BA1605619E-LeaderElection1] INFO  server.RaftServerConfigKeys (ConfUtils.java:logGet(46)) - raft.server.watch.element-limit = 65536 (default)
2022-06-15 07:33:49,897 [Listener at 127.0.0.1/34461] INFO  server.RaftServerConfigKeys (ConfUtils.java:logGet(46)) - raft.server.storage.dir = [/home/runner/work/ozone/ozone/hadoop-ozone/integration-test/target/test-dir/MiniOzoneClusterImpl-589494f2-24de-4a8c-8650-9a890bc48d46/datanode-1/data/ratis] (custom)
2022-06-15 07:33:49,900 [om1@group-C5BA1605619E-LeaderElection1] INFO  server.RaftServerConfigKeys (ConfUtils.java:logGet(46)) - raft.server.write.element-limit = 4096 (default)
2022-06-15 07:33:49,902 [om1@group-C5BA1605619E-LeaderElection1] INFO  server.RaftServerConfigKeys (ConfUtils.java:logGet(46)) - raft.server.write.follower.gap.ratio.max = -1.0 (default)
2022-06-15 07:33:49,905 [om1@group-C5BA1605619E-LeaderElection1] INFO  impl.RoleInfo (RoleInfo.java:updateAndGet(139)) - om1: start om1@group-C5BA1605619E-LeaderStateImpl
2022-06-15 07:33:49,909 [Listener at 127.0.0.1/34461] INFO  server.XceiverServerGrpc (XceiverServerGrpc.java:<init>(132)) - GrpcServer channel type EpollServerSocketChannel
2022-06-15 07:33:49,920 [Listener at 127.0.0.1/34461] INFO  http.BaseHttpServer (BaseHttpServer.java:newHttpServer2BuilderForOzone(209)) - Starting Web-server for hddsDatanode at: http://0.0.0.0:0
2022-06-15 07:33:49,921 [Listener at 127.0.0.1/34461] INFO  http.BaseHttpServer (BaseHttpServer.java:<init>(107)) - Hadoop Security Enabled: false Ozone Security Enabled: false Ozone HTTP Security Enabled: false 
2022-06-15 07:33:49,922 [Listener at 127.0.0.1/34461] INFO  server.AuthenticationFilter (AuthenticationFilter.java:constructSecretProvider(240)) - Unable to initialize FileSignerSecretProvider, falling back to use random secrets.
2022-06-15 07:33:49,927 [Listener at 127.0.0.1/34461] WARN  http.HttpRequestLog (HttpRequestLog.java:getRequestLog(103)) - Jetty request log can only be enabled using Log4j
2022-06-15 07:33:49,928 [Listener at 127.0.0.1/34461] INFO  http.HttpServer2 (HttpServer2.java:addGlobalFilter(1029)) - Added global filter 'safety' (class=org.apache.hadoop.hdds.server.http.HttpServer2$QuotingInputFilter)
2022-06-15 07:33:49,929 [Listener at 127.0.0.1/34461] INFO  http.HttpServer2 (HttpServer2.java:addFilter(1005)) - Added filter static_user_filter (class=org.apache.hadoop.http.lib.StaticUserWebFilter$StaticUserFilter) to context hddsDatanode
2022-06-15 07:33:49,931 [Listener at 127.0.0.1/34461] INFO  http.HttpServer2 (HttpServer2.java:addFilter(1013)) - Added filter static_user_filter (class=org.apache.hadoop.http.lib.StaticUserWebFilter$StaticUserFilter) to context logs
2022-06-15 07:33:49,931 [Listener at 127.0.0.1/34461] INFO  http.HttpServer2 (HttpServer2.java:addFilter(1013)) - Added filter static_user_filter (class=org.apache.hadoop.http.lib.StaticUserWebFilter$StaticUserFilter) to context static
2022-06-15 07:33:49,931 [Listener at 127.0.0.1/34461] INFO  http.HttpServer2 (HttpServer2.java:bindListener(1248)) - Jetty bound to port 45195
2022-06-15 07:33:49,931 [Listener at 127.0.0.1/34461] INFO  server.Server (Server.java:doStart(375)) - jetty-9.4.43.v20210629; built: 2021-06-30T11:07:22.254Z; git: 526006ecfa3af7f1a27ef3a288e2bef7ea9dd7e8; jvm 1.8.0_332-b09
2022-06-15 07:33:49,959 [Listener at 127.0.0.1/34461] INFO  server.session (DefaultSessionIdManager.java:doStart(334)) - DefaultSessionIdManager workerName=node0
2022-06-15 07:33:49,959 [Listener at 127.0.0.1/34461] INFO  server.session (DefaultSessionIdManager.java:doStart(339)) - No SessionScavenger set, using defaults
2022-06-15 07:33:49,960 [Listener at 127.0.0.1/34461] INFO  server.session (HouseKeeper.java:startScavenging(132)) - node0 Scavenging every 660000ms
2022-06-15 07:33:49,956 [om1@group-C5BA1605619E-LeaderElection1] INFO  segmented.SegmentedRaftLogWorker (SegmentedRaftLogWorker.java:startLogSegment(425)) - om1@group-C5BA1605619E-SegmentedRaftLogWorker: Starting segment from index:0
2022-06-15 07:33:49,989 [Listener at 127.0.0.1/34461] INFO  handler.ContextHandler (ContextHandler.java:doStart(915)) - Started o.e.j.s.ServletContextHandler@435b1b38{logs,/logs,file:///home/runner/work/ozone/ozone/hadoop-ozone/integration-test/target/log,AVAILABLE}
2022-06-15 07:33:49,989 [Listener at 127.0.0.1/34461] INFO  handler.ContextHandler (ContextHandler.java:doStart(915)) - Started o.e.j.s.ServletContextHandler@2abbc8ae{static,/static,jar:file:/home/runner/.m2/repository/org/apache/ozone/hdds-container-service/1.3.0-SNAPSHOT/hdds-container-service-1.3.0-SNAPSHOT.jar!/webapps/static,AVAILABLE}
2022-06-15 07:33:50,058 [om1@group-C5BA1605619E-LeaderElection1] INFO  server.RaftServer$Division (ServerState.java:setRaftConf(393)) - om1@group-C5BA1605619E: set configuration 0: [om1|rpc:localhost:9872|admin:|client:|dataStream:|priority:0], old=null
2022-06-15 07:33:50,135 [om1@group-C5BA1605619E-SegmentedRaftLogWorker] INFO  segmented.SegmentedRaftLogWorker (SegmentedRaftLogWorker.java:execute(629)) - om1@group-C5BA1605619E-SegmentedRaftLogWorker: created new log segment /home/runner/work/ozone/ozone/hadoop-ozone/integration-test/target/test-dir/MiniOzoneClusterImpl-589494f2-24de-4a8c-8650-9a890bc48d46/ozone-meta/ratis/bf265839-605b-3f16-9796-c5ba1605619e/current/log_inprogress_0
2022-06-15 07:33:50,237 [Listener at 127.0.0.1/34461] INFO  handler.ContextHandler (ContextHandler.java:doStart(915)) - Started o.e.j.w.WebAppContext@437a84d1{hddsDatanode,/,file:///tmp/jetty-0_0_0_0-45195-hdds-container-service-1_3_0-SNAPSHOT_jar-_-any-7997395271478638567/webapp/,AVAILABLE}{jar:file:/home/runner/.m2/repository/org/apache/ozone/hdds-container-service/1.3.0-SNAPSHOT/hdds-container-service-1.3.0-SNAPSHOT.jar!/webapps/hddsDatanode}
2022-06-15 07:33:50,243 [Listener at 127.0.0.1/34461] INFO  server.AbstractConnector (AbstractConnector.java:doStart(331)) - Started ServerConnector@7cc87859{HTTP/1.1, (http/1.1)}{0.0.0.0:45195}
2022-06-15 07:33:50,244 [Listener at 127.0.0.1/34461] INFO  server.Server (Server.java:doStart(415)) - Started @8614ms
2022-06-15 07:33:50,244 [Listener at 127.0.0.1/34461] WARN  impl.MetricsSystemImpl (MetricsSystemImpl.java:register(279)) - Sink prometheus already exists!
2022-06-15 07:33:50,245 [Listener at 127.0.0.1/34461] INFO  http.BaseHttpServer (BaseHttpServer.java:updateConnectorAddress(329)) - HTTP server of hddsDatanode listening at http://0.0.0.0:45195
2022-06-15 07:33:50,252 [om1@group-C5BA1605619E-StateMachineUpdater] INFO  ratis.OzoneManagerStateMachine (OzoneManagerStateMachine.java:notifyConfigurationChanged(191)) - Received Configuration change notification from Ratis. New Peer list:
[id: "om1"
address: "localhost:9872"
]
2022-06-15 07:33:50,255 [Listener at 127.0.0.1/34461] WARN  impl.MetricRegistriesImpl (MetricRegistriesImpl.java:addReporterRegistration(111)) - New reporters are added after registries were created. Some metrics will be missing from the reporter. Please add reporter before adding any new registry.
2022-06-15 07:33:50,256 [Listener at 127.0.0.1/34461] WARN  impl.MetricRegistriesImpl (MetricRegistriesImpl.java:addReporterRegistration(111)) - New reporters are added after registries were created. Some metrics will be missing from the reporter. Please add reporter before adding any new registry.
2022-06-15 07:33:50,256 [Listener at 127.0.0.1/34461] INFO  impl.MetricsSystemImpl (MetricsSystemImpl.java:init(158)) - HddsDatanode metrics system started (again)
2022-06-15 07:33:50,261 [Datanode State Machine Daemon Thread] INFO  statemachine.DatanodeStateMachine (DatanodeStateMachine.java:lambda$startDaemon$0(484)) - Ozone container server started.
2022-06-15 07:33:50,268 [Listener at 127.0.0.1/34461] INFO  ozone.HddsDatanodeService (HddsDatanodeService.java:start(236)) - HddsDatanodeService host:fv-az121-418.xhy4bhhdincepo0av04agjzkjc.cx.internal.cloudapp.net ip:10.1.0.11
2022-06-15 07:33:50,280 [org.apache.hadoop.util.JvmPauseMonitor$Monitor@3c816a40] INFO  util.JvmPauseMonitor (JvmPauseMonitor.java:run(188)) - Starting JVM pause monitor
2022-06-15 07:33:50,289 [Datanode State Machine Task Thread - 0] INFO  datanode.InitDatanodeState (InitDatanodeState.java:persistContainerDatanodeDetails(138)) - DatanodeDetails is persisted to /home/runner/work/ozone/ozone/hadoop-ozone/integration-test/target/test-dir/MiniOzoneClusterImpl-589494f2-24de-4a8c-8650-9a890bc48d46/datanode-1/meta/datanode.id
2022-06-15 07:33:50,292 [Listener at 127.0.0.1/34461] INFO  upgrade.AbstractLayoutVersionManager (AbstractLayoutVersionManager.java:init(82)) - Initializing Layout version manager with metadata layout = DATANODE_SCHEMA_V3 (version = 4), software layout = DATANODE_SCHEMA_V3 (version = 4)
2022-06-15 07:33:50,340 [Listener at 127.0.0.1/34461] INFO  reflections.Reflections (Reflections.java:scan(232)) - Reflections took 47 ms to scan 7 urls, producing 131 keys and 311 values 
2022-06-15 07:33:50,342 [Listener at 127.0.0.1/34461] INFO  statemachine.DatanodeStateMachine (DatanodeStateMachine.java:getEndPointTaskThreadPoolSize(233)) - Datanode State Machine Task Thread Pool size 2
2022-06-15 07:33:50,346 [Listener at 127.0.0.1/34461] INFO  volume.HddsVolume (HddsVolume.java:<init>(116)) - Creating HddsVolume: /home/runner/work/ozone/ozone/hadoop-ozone/integration-test/target/test-dir/MiniOzoneClusterImpl-589494f2-24de-4a8c-8650-9a890bc48d46/datanode-2/data-0/containers/hdds of storage type : DISK capacity : 9223372036854775807
2022-06-15 07:33:50,347 [Listener at 127.0.0.1/34461] INFO  volume.MutableVolumeSet (MutableVolumeSet.java:initializeVolumeSet(174)) - Added Volume : /home/runner/work/ozone/ozone/hadoop-ozone/integration-test/target/test-dir/MiniOzoneClusterImpl-589494f2-24de-4a8c-8650-9a890bc48d46/datanode-2/data-0/containers/hdds to VolumeSet
2022-06-15 07:33:50,347 [Listener at 127.0.0.1/34461] INFO  volume.ThrottledAsyncChecker (ThrottledAsyncChecker.java:schedule(141)) - Scheduling a check for /home/runner/work/ozone/ozone/hadoop-ozone/integration-test/target/test-dir/MiniOzoneClusterImpl-589494f2-24de-4a8c-8650-9a890bc48d46/datanode-2/data-0/containers/hdds
2022-06-15 07:33:50,351 [Listener at 127.0.0.1/34461] INFO  volume.StorageVolumeChecker (StorageVolumeChecker.java:checkAllVolumes(202)) - Scheduled health check for volume /home/runner/work/ozone/ozone/hadoop-ozone/integration-test/target/test-dir/MiniOzoneClusterImpl-589494f2-24de-4a8c-8650-9a890bc48d46/datanode-2/data-0/containers/hdds
2022-06-15 07:33:50,363 [Listener at 127.0.0.1/34461] INFO  volume.MutableVolumeSet (MutableVolumeSet.java:initializeVolumeSet(174)) - Added Volume : /home/runner/work/ozone/ozone/hadoop-ozone/integration-test/target/test-dir/MiniOzoneClusterImpl-589494f2-24de-4a8c-8650-9a890bc48d46/datanode-2/data/ratis to VolumeSet
2022-06-15 07:33:50,363 [Listener at 127.0.0.1/34461] INFO  volume.ThrottledAsyncChecker (ThrottledAsyncChecker.java:schedule(141)) - Scheduling a check for /home/runner/work/ozone/ozone/hadoop-ozone/integration-test/target/test-dir/MiniOzoneClusterImpl-589494f2-24de-4a8c-8650-9a890bc48d46/datanode-2/data/ratis
2022-06-15 07:33:50,364 [Listener at 127.0.0.1/34461] INFO  volume.StorageVolumeChecker (StorageVolumeChecker.java:checkAllVolumes(202)) - Scheduled health check for volume /home/runner/work/ozone/ozone/hadoop-ozone/integration-test/target/test-dir/MiniOzoneClusterImpl-589494f2-24de-4a8c-8650-9a890bc48d46/datanode-2/data/ratis
2022-06-15 07:33:50,375 [Thread-161] INFO  ozoneimpl.ContainerReader (ContainerReader.java:readVolume(172)) - Finish verifying containers on volume /home/runner/work/ozone/ozone/hadoop-ozone/integration-test/target/test-dir/MiniOzoneClusterImpl-589494f2-24de-4a8c-8650-9a890bc48d46/datanode-2/data-0/containers/hdds
2022-06-15 07:33:50,375 [Listener at 127.0.0.1/34461] INFO  ozoneimpl.OzoneContainer (OzoneContainer.java:buildContainerSet(266)) - Build ContainerSet costs 0s
2022-06-15 07:33:50,378 [Listener at 127.0.0.1/34461] INFO  server.RaftServer (ConfUtils.java:logGet(46)) - raft.rpc.type = GRPC (default)
2022-06-15 07:33:50,378 [Listener at 127.0.0.1/34461] INFO  grpc.GrpcFactory (GrpcFactory.java:checkPooledByteBufAllocatorUseCacheForAllThreads(48)) - PERFORMANCE WARNING: useCacheForAllThreads is true that may cause Netty to create a lot garbage objects and, as a result, trigger GC.
	It is recommended to disable useCacheForAllThreads by setting -Dorg.apache.ratis.thirdparty.io.netty.allocator.useCacheForAllThreads=false in command line.
2022-06-15 07:33:50,378 [Listener at 127.0.0.1/34461] INFO  grpc.GrpcConfigKeys (ConfUtils.java:logGet(46)) - raft.grpc.admin.port = 0 (custom)
2022-06-15 07:33:50,379 [Listener at 127.0.0.1/34461] INFO  grpc.GrpcConfigKeys (ConfUtils.java:logGet(46)) - raft.grpc.client.port = 0 (custom)
2022-06-15 07:33:50,379 [Listener at 127.0.0.1/34461] INFO  grpc.GrpcConfigKeys (ConfUtils.java:logGet(46)) - raft.grpc.server.port = 0 (default)
2022-06-15 07:33:50,379 [Listener at 127.0.0.1/34461] INFO  server.GrpcService (ConfUtils.java:logGet(46)) - raft.grpc.message.size.max = 32MB (=33554432) (custom)
2022-06-15 07:33:50,379 [Listener at 127.0.0.1/34461] INFO  server.RaftServerConfigKeys (ConfUtils.java:logGet(46)) - raft.server.log.appender.buffer.byte-limit = 33554432 (custom)
2022-06-15 07:33:50,379 [Listener at 127.0.0.1/34461] INFO  server.GrpcService (ConfUtils.java:logGet(46)) - raft.grpc.flow.control.window = 5MB (=5242880) (custom)
2022-06-15 07:33:50,379 [Listener at 127.0.0.1/34461] INFO  server.RaftServerConfigKeys (ConfUtils.java:logGet(46)) - raft.server.rpc.request.timeout = 3000ms (default)
2022-06-15 07:33:50,380 [Listener at 127.0.0.1/34461] INFO  grpc.GrpcConfigKeys (ConfUtils.java:logGet(46)) - raft.grpc.server.async.request.thread.pool.cached = true (default)
2022-06-15 07:33:50,380 [Listener at 127.0.0.1/34461] INFO  grpc.GrpcConfigKeys (ConfUtils.java:logGet(46)) - raft.grpc.server.async.request.thread.pool.size = 32 (default)
2022-06-15 07:33:50,381 [Listener at 127.0.0.1/34461] INFO  impl.DataStreamServerImpl (ConfUtils.java:logGet(46)) - raft.datastream.type = DISABLED (default)
2022-06-15 07:33:50,381 [Listener at 127.0.0.1/34461] INFO  server.RaftServerConfigKeys (ConfUtils.java:logGet(46)) - raft.server.threadpool.proxy.cached = true (default)
2022-06-15 07:33:50,381 [Listener at 127.0.0.1/34461] INFO  server.RaftServerConfigKeys (ConfUtils.java:logGet(46)) - raft.server.threadpool.proxy.size = 0 (default)
2022-06-15 07:33:50,382 [Listener at 127.0.0.1/34461] INFO  server.RaftServerConfigKeys (ConfUtils.java:logGet(46)) - raft.server.rpc.slowness.timeout = 300000ms (custom)
2022-06-15 07:33:50,382 [Listener at 127.0.0.1/34461] INFO  server.RaftServerConfigKeys (ConfUtils.java:logGet(46)) - raft.server.leaderelection.leader.step-down.wait-time = 10s (default)
2022-06-15 07:33:50,382 [Listener at 127.0.0.1/34461] INFO  server.RaftServerConfigKeys (ConfUtils.java:logGet(46)) - raft.server.storage.dir = [/home/runner/work/ozone/ozone/hadoop-ozone/integration-test/target/test-dir/MiniOzoneClusterImpl-589494f2-24de-4a8c-8650-9a890bc48d46/datanode-2/data/ratis] (custom)
2022-06-15 07:33:50,388 [Listener at 127.0.0.1/34461] INFO  server.XceiverServerGrpc (XceiverServerGrpc.java:<init>(132)) - GrpcServer channel type EpollServerSocketChannel
2022-06-15 07:33:50,395 [Listener at 127.0.0.1/34461] INFO  http.BaseHttpServer (BaseHttpServer.java:newHttpServer2BuilderForOzone(209)) - Starting Web-server for hddsDatanode at: http://0.0.0.0:0
2022-06-15 07:33:50,395 [Listener at 127.0.0.1/34461] INFO  http.BaseHttpServer (BaseHttpServer.java:<init>(107)) - Hadoop Security Enabled: false Ozone Security Enabled: false Ozone HTTP Security Enabled: false 
2022-06-15 07:33:50,397 [Listener at 127.0.0.1/34461] INFO  server.AuthenticationFilter (AuthenticationFilter.java:constructSecretProvider(240)) - Unable to initialize FileSignerSecretProvider, falling back to use random secrets.
2022-06-15 07:33:50,400 [Listener at 127.0.0.1/34461] WARN  http.HttpRequestLog (HttpRequestLog.java:getRequestLog(103)) - Jetty request log can only be enabled using Log4j
2022-06-15 07:33:50,402 [Listener at 127.0.0.1/34461] INFO  http.HttpServer2 (HttpServer2.java:addGlobalFilter(1029)) - Added global filter 'safety' (class=org.apache.hadoop.hdds.server.http.HttpServer2$QuotingInputFilter)
2022-06-15 07:33:50,405 [Listener at 127.0.0.1/34461] INFO  http.HttpServer2 (HttpServer2.java:addFilter(1005)) - Added filter static_user_filter (class=org.apache.hadoop.http.lib.StaticUserWebFilter$StaticUserFilter) to context hddsDatanode
2022-06-15 07:33:50,405 [Listener at 127.0.0.1/34461] INFO  http.HttpServer2 (HttpServer2.java:addFilter(1013)) - Added filter static_user_filter (class=org.apache.hadoop.http.lib.StaticUserWebFilter$StaticUserFilter) to context static
2022-06-15 07:33:50,405 [Listener at 127.0.0.1/34461] INFO  http.HttpServer2 (HttpServer2.java:addFilter(1013)) - Added filter static_user_filter (class=org.apache.hadoop.http.lib.StaticUserWebFilter$StaticUserFilter) to context logs
2022-06-15 07:33:50,406 [Listener at 127.0.0.1/34461] INFO  http.HttpServer2 (HttpServer2.java:bindListener(1248)) - Jetty bound to port 37571
2022-06-15 07:33:50,406 [Listener at 127.0.0.1/34461] INFO  server.Server (Server.java:doStart(375)) - jetty-9.4.43.v20210629; built: 2021-06-30T11:07:22.254Z; git: 526006ecfa3af7f1a27ef3a288e2bef7ea9dd7e8; jvm 1.8.0_332-b09
2022-06-15 07:33:50,418 [Listener at 127.0.0.1/34461] INFO  server.session (DefaultSessionIdManager.java:doStart(334)) - DefaultSessionIdManager workerName=node0
2022-06-15 07:33:50,418 [Listener at 127.0.0.1/34461] INFO  server.session (DefaultSessionIdManager.java:doStart(339)) - No SessionScavenger set, using defaults
2022-06-15 07:33:50,419 [Listener at 127.0.0.1/34461] INFO  server.session (HouseKeeper.java:startScavenging(132)) - node0 Scavenging every 660000ms
2022-06-15 07:33:50,421 [Listener at 127.0.0.1/34461] INFO  handler.ContextHandler (ContextHandler.java:doStart(915)) - Started o.e.j.s.ServletContextHandler@2daa7bf3{logs,/logs,file:///home/runner/work/ozone/ozone/hadoop-ozone/integration-test/target/log,AVAILABLE}
2022-06-15 07:33:50,422 [Listener at 127.0.0.1/34461] INFO  handler.ContextHandler (ContextHandler.java:doStart(915)) - Started o.e.j.s.ServletContextHandler@50e43637{static,/static,jar:file:/home/runner/.m2/repository/org/apache/ozone/hdds-container-service/1.3.0-SNAPSHOT/hdds-container-service-1.3.0-SNAPSHOT.jar!/webapps/static,AVAILABLE}
2022-06-15 07:33:50,585 [Listener at 127.0.0.1/34461] INFO  handler.ContextHandler (ContextHandler.java:doStart(915)) - Started o.e.j.w.WebAppContext@5612716{hddsDatanode,/,file:///tmp/jetty-0_0_0_0-37571-hdds-container-service-1_3_0-SNAPSHOT_jar-_-any-585943900086256081/webapp/,AVAILABLE}{jar:file:/home/runner/.m2/repository/org/apache/ozone/hdds-container-service/1.3.0-SNAPSHOT/hdds-container-service-1.3.0-SNAPSHOT.jar!/webapps/hddsDatanode}
2022-06-15 07:33:50,586 [Listener at 127.0.0.1/34461] INFO  server.AbstractConnector (AbstractConnector.java:doStart(331)) - Started ServerConnector@4669fdba{HTTP/1.1, (http/1.1)}{0.0.0.0:37571}
2022-06-15 07:33:50,586 [Listener at 127.0.0.1/34461] INFO  server.Server (Server.java:doStart(415)) - Started @8957ms
2022-06-15 07:33:50,586 [Listener at 127.0.0.1/34461] WARN  impl.MetricsSystemImpl (MetricsSystemImpl.java:register(279)) - Sink prometheus already exists!
2022-06-15 07:33:50,587 [Listener at 127.0.0.1/34461] INFO  http.BaseHttpServer (BaseHttpServer.java:updateConnectorAddress(329)) - HTTP server of hddsDatanode listening at http://0.0.0.0:37571
2022-06-15 07:33:50,590 [Datanode State Machine Daemon Thread] INFO  statemachine.DatanodeStateMachine (DatanodeStateMachine.java:lambda$startDaemon$0(484)) - Ozone container server started.
2022-06-15 07:33:50,591 [Listener at 127.0.0.1/34461] WARN  impl.MetricRegistriesImpl (MetricRegistriesImpl.java:addReporterRegistration(111)) - New reporters are added after registries were created. Some metrics will be missing from the reporter. Please add reporter before adding any new registry.
2022-06-15 07:33:50,592 [Listener at 127.0.0.1/34461] WARN  impl.MetricRegistriesImpl (MetricRegistriesImpl.java:addReporterRegistration(111)) - New reporters are added after registries were created. Some metrics will be missing from the reporter. Please add reporter before adding any new registry.
2022-06-15 07:33:50,592 [Listener at 127.0.0.1/34461] INFO  impl.MetricsSystemImpl (MetricsSystemImpl.java:init(158)) - HddsDatanode metrics system started (again)
2022-06-15 07:33:50,599 [org.apache.hadoop.util.JvmPauseMonitor$Monitor@26600dc2] INFO  util.JvmPauseMonitor (JvmPauseMonitor.java:run(188)) - Starting JVM pause monitor
2022-06-15 07:33:50,604 [Listener at 127.0.0.1/34461] INFO  ozone.HddsDatanodeService (HddsDatanodeService.java:start(236)) - HddsDatanodeService host:fv-az121-418.xhy4bhhdincepo0av04agjzkjc.cx.internal.cloudapp.net ip:10.1.0.11
2022-06-15 07:33:50,606 [Datanode State Machine Task Thread - 0] INFO  datanode.InitDatanodeState (InitDatanodeState.java:persistContainerDatanodeDetails(138)) - DatanodeDetails is persisted to /home/runner/work/ozone/ozone/hadoop-ozone/integration-test/target/test-dir/MiniOzoneClusterImpl-589494f2-24de-4a8c-8650-9a890bc48d46/datanode-2/meta/datanode.id
2022-06-15 07:33:50,626 [Listener at 127.0.0.1/34461] INFO  upgrade.AbstractLayoutVersionManager (AbstractLayoutVersionManager.java:init(82)) - Initializing Layout version manager with metadata layout = DATANODE_SCHEMA_V3 (version = 4), software layout = DATANODE_SCHEMA_V3 (version = 4)
2022-06-15 07:33:50,667 [Listener at 127.0.0.1/34461] INFO  reflections.Reflections (Reflections.java:scan(232)) - Reflections took 40 ms to scan 7 urls, producing 131 keys and 311 values 
2022-06-15 07:33:50,669 [Listener at 127.0.0.1/34461] INFO  statemachine.DatanodeStateMachine (DatanodeStateMachine.java:getEndPointTaskThreadPoolSize(233)) - Datanode State Machine Task Thread Pool size 2
2022-06-15 07:33:50,674 [Listener at 127.0.0.1/34461] INFO  volume.HddsVolume (HddsVolume.java:<init>(116)) - Creating HddsVolume: /home/runner/work/ozone/ozone/hadoop-ozone/integration-test/target/test-dir/MiniOzoneClusterImpl-589494f2-24de-4a8c-8650-9a890bc48d46/datanode-3/data-0/containers/hdds of storage type : DISK capacity : 9223372036854775807
2022-06-15 07:33:50,674 [Listener at 127.0.0.1/34461] INFO  volume.MutableVolumeSet (MutableVolumeSet.java:initializeVolumeSet(174)) - Added Volume : /home/runner/work/ozone/ozone/hadoop-ozone/integration-test/target/test-dir/MiniOzoneClusterImpl-589494f2-24de-4a8c-8650-9a890bc48d46/datanode-3/data-0/containers/hdds to VolumeSet
2022-06-15 07:33:50,674 [Listener at 127.0.0.1/34461] INFO  volume.ThrottledAsyncChecker (ThrottledAsyncChecker.java:schedule(141)) - Scheduling a check for /home/runner/work/ozone/ozone/hadoop-ozone/integration-test/target/test-dir/MiniOzoneClusterImpl-589494f2-24de-4a8c-8650-9a890bc48d46/datanode-3/data-0/containers/hdds
2022-06-15 07:33:50,677 [Listener at 127.0.0.1/34461] INFO  volume.StorageVolumeChecker (StorageVolumeChecker.java:checkAllVolumes(202)) - Scheduled health check for volume /home/runner/work/ozone/ozone/hadoop-ozone/integration-test/target/test-dir/MiniOzoneClusterImpl-589494f2-24de-4a8c-8650-9a890bc48d46/datanode-3/data-0/containers/hdds
2022-06-15 07:33:50,690 [Listener at 127.0.0.1/34461] INFO  volume.MutableVolumeSet (MutableVolumeSet.java:initializeVolumeSet(174)) - Added Volume : /home/runner/work/ozone/ozone/hadoop-ozone/integration-test/target/test-dir/MiniOzoneClusterImpl-589494f2-24de-4a8c-8650-9a890bc48d46/datanode-3/data/ratis to VolumeSet
2022-06-15 07:33:50,690 [Listener at 127.0.0.1/34461] INFO  volume.ThrottledAsyncChecker (ThrottledAsyncChecker.java:schedule(141)) - Scheduling a check for /home/runner/work/ozone/ozone/hadoop-ozone/integration-test/target/test-dir/MiniOzoneClusterImpl-589494f2-24de-4a8c-8650-9a890bc48d46/datanode-3/data/ratis
2022-06-15 07:33:50,690 [Listener at 127.0.0.1/34461] INFO  volume.StorageVolumeChecker (StorageVolumeChecker.java:checkAllVolumes(202)) - Scheduled health check for volume /home/runner/work/ozone/ozone/hadoop-ozone/integration-test/target/test-dir/MiniOzoneClusterImpl-589494f2-24de-4a8c-8650-9a890bc48d46/datanode-3/data/ratis
2022-06-15 07:33:50,701 [Thread-174] INFO  ozoneimpl.ContainerReader (ContainerReader.java:readVolume(172)) - Finish verifying containers on volume /home/runner/work/ozone/ozone/hadoop-ozone/integration-test/target/test-dir/MiniOzoneClusterImpl-589494f2-24de-4a8c-8650-9a890bc48d46/datanode-3/data-0/containers/hdds
2022-06-15 07:33:50,701 [Listener at 127.0.0.1/34461] INFO  ozoneimpl.OzoneContainer (OzoneContainer.java:buildContainerSet(266)) - Build ContainerSet costs 0s
2022-06-15 07:33:50,704 [Listener at 127.0.0.1/34461] INFO  server.RaftServer (ConfUtils.java:logGet(46)) - raft.rpc.type = GRPC (default)
2022-06-15 07:33:50,704 [Listener at 127.0.0.1/34461] INFO  grpc.GrpcFactory (GrpcFactory.java:checkPooledByteBufAllocatorUseCacheForAllThreads(48)) - PERFORMANCE WARNING: useCacheForAllThreads is true that may cause Netty to create a lot garbage objects and, as a result, trigger GC.
	It is recommended to disable useCacheForAllThreads by setting -Dorg.apache.ratis.thirdparty.io.netty.allocator.useCacheForAllThreads=false in command line.
2022-06-15 07:33:50,704 [Listener at 127.0.0.1/34461] INFO  grpc.GrpcConfigKeys (ConfUtils.java:logGet(46)) - raft.grpc.admin.port = 0 (custom)
2022-06-15 07:33:50,704 [Listener at 127.0.0.1/34461] INFO  grpc.GrpcConfigKeys (ConfUtils.java:logGet(46)) - raft.grpc.client.port = 0 (custom)
2022-06-15 07:33:50,705 [Listener at 127.0.0.1/34461] INFO  grpc.GrpcConfigKeys (ConfUtils.java:logGet(46)) - raft.grpc.server.port = 0 (default)
2022-06-15 07:33:50,705 [Listener at 127.0.0.1/34461] INFO  server.GrpcService (ConfUtils.java:logGet(46)) - raft.grpc.message.size.max = 32MB (=33554432) (custom)
2022-06-15 07:33:50,705 [Listener at 127.0.0.1/34461] INFO  server.RaftServerConfigKeys (ConfUtils.java:logGet(46)) - raft.server.log.appender.buffer.byte-limit = 33554432 (custom)
2022-06-15 07:33:50,705 [Listener at 127.0.0.1/34461] INFO  server.GrpcService (ConfUtils.java:logGet(46)) - raft.grpc.flow.control.window = 5MB (=5242880) (custom)
2022-06-15 07:33:50,705 [Listener at 127.0.0.1/34461] INFO  server.RaftServerConfigKeys (ConfUtils.java:logGet(46)) - raft.server.rpc.request.timeout = 3000ms (default)
2022-06-15 07:33:50,705 [Listener at 127.0.0.1/34461] INFO  grpc.GrpcConfigKeys (ConfUtils.java:logGet(46)) - raft.grpc.server.async.request.thread.pool.cached = true (default)
2022-06-15 07:33:50,705 [Listener at 127.0.0.1/34461] INFO  grpc.GrpcConfigKeys (ConfUtils.java:logGet(46)) - raft.grpc.server.async.request.thread.pool.size = 32 (default)
2022-06-15 07:33:50,707 [Listener at 127.0.0.1/34461] INFO  impl.DataStreamServerImpl (ConfUtils.java:logGet(46)) - raft.datastream.type = DISABLED (default)
2022-06-15 07:33:50,707 [Listener at 127.0.0.1/34461] INFO  server.RaftServerConfigKeys (ConfUtils.java:logGet(46)) - raft.server.threadpool.proxy.cached = true (default)
2022-06-15 07:33:50,707 [Listener at 127.0.0.1/34461] INFO  server.RaftServerConfigKeys (ConfUtils.java:logGet(46)) - raft.server.threadpool.proxy.size = 0 (default)
2022-06-15 07:33:50,707 [Listener at 127.0.0.1/34461] INFO  server.RaftServerConfigKeys (ConfUtils.java:logGet(46)) - raft.server.rpc.slowness.timeout = 300000ms (custom)
2022-06-15 07:33:50,707 [Listener at 127.0.0.1/34461] INFO  server.RaftServerConfigKeys (ConfUtils.java:logGet(46)) - raft.server.leaderelection.leader.step-down.wait-time = 10s (default)
2022-06-15 07:33:50,707 [Listener at 127.0.0.1/34461] INFO  server.RaftServerConfigKeys (ConfUtils.java:logGet(46)) - raft.server.storage.dir = [/home/runner/work/ozone/ozone/hadoop-ozone/integration-test/target/test-dir/MiniOzoneClusterImpl-589494f2-24de-4a8c-8650-9a890bc48d46/datanode-3/data/ratis] (custom)
2022-06-15 07:33:50,709 [Listener at 127.0.0.1/34461] INFO  server.XceiverServerGrpc (XceiverServerGrpc.java:<init>(132)) - GrpcServer channel type EpollServerSocketChannel
2022-06-15 07:33:50,716 [Listener at 127.0.0.1/34461] INFO  http.BaseHttpServer (BaseHttpServer.java:newHttpServer2BuilderForOzone(209)) - Starting Web-server for hddsDatanode at: http://0.0.0.0:0
2022-06-15 07:33:50,716 [Listener at 127.0.0.1/34461] INFO  http.BaseHttpServer (BaseHttpServer.java:<init>(107)) - Hadoop Security Enabled: false Ozone Security Enabled: false Ozone HTTP Security Enabled: false 
2022-06-15 07:33:50,718 [Listener at 127.0.0.1/34461] INFO  server.AuthenticationFilter (AuthenticationFilter.java:constructSecretProvider(240)) - Unable to initialize FileSignerSecretProvider, falling back to use random secrets.
2022-06-15 07:33:50,718 [Listener at 127.0.0.1/34461] WARN  http.HttpRequestLog (HttpRequestLog.java:getRequestLog(103)) - Jetty request log can only be enabled using Log4j
2022-06-15 07:33:50,721 [Listener at 127.0.0.1/34461] INFO  http.HttpServer2 (HttpServer2.java:addGlobalFilter(1029)) - Added global filter 'safety' (class=org.apache.hadoop.hdds.server.http.HttpServer2$QuotingInputFilter)
2022-06-15 07:33:50,721 [Listener at 127.0.0.1/34461] INFO  http.HttpServer2 (HttpServer2.java:addFilter(1005)) - Added filter static_user_filter (class=org.apache.hadoop.http.lib.StaticUserWebFilter$StaticUserFilter) to context hddsDatanode
2022-06-15 07:33:50,727 [Listener at 127.0.0.1/34461] INFO  http.HttpServer2 (HttpServer2.java:addFilter(1013)) - Added filter static_user_filter (class=org.apache.hadoop.http.lib.StaticUserWebFilter$StaticUserFilter) to context static
2022-06-15 07:33:50,728 [Listener at 127.0.0.1/34461] INFO  http.HttpServer2 (HttpServer2.java:addFilter(1013)) - Added filter static_user_filter (class=org.apache.hadoop.http.lib.StaticUserWebFilter$StaticUserFilter) to context logs
2022-06-15 07:33:50,728 [Listener at 127.0.0.1/34461] INFO  http.HttpServer2 (HttpServer2.java:bindListener(1248)) - Jetty bound to port 46867
2022-06-15 07:33:50,728 [Listener at 127.0.0.1/34461] INFO  server.Server (Server.java:doStart(375)) - jetty-9.4.43.v20210629; built: 2021-06-30T11:07:22.254Z; git: 526006ecfa3af7f1a27ef3a288e2bef7ea9dd7e8; jvm 1.8.0_332-b09
2022-06-15 07:33:50,733 [Listener at 127.0.0.1/34461] INFO  server.session (DefaultSessionIdManager.java:doStart(334)) - DefaultSessionIdManager workerName=node0
2022-06-15 07:33:50,734 [Listener at 127.0.0.1/34461] INFO  server.session (DefaultSessionIdManager.java:doStart(339)) - No SessionScavenger set, using defaults
2022-06-15 07:33:50,734 [Listener at 127.0.0.1/34461] INFO  server.session (HouseKeeper.java:startScavenging(132)) - node0 Scavenging every 660000ms
2022-06-15 07:33:50,735 [Listener at 127.0.0.1/34461] INFO  handler.ContextHandler (ContextHandler.java:doStart(915)) - Started o.e.j.s.ServletContextHandler@16d229bf{logs,/logs,file:///home/runner/work/ozone/ozone/hadoop-ozone/integration-test/target/log,AVAILABLE}
2022-06-15 07:33:50,735 [Listener at 127.0.0.1/34461] INFO  handler.ContextHandler (ContextHandler.java:doStart(915)) - Started o.e.j.s.ServletContextHandler@6aa4b9ae{static,/static,jar:file:/home/runner/.m2/repository/org/apache/ozone/hdds-container-service/1.3.0-SNAPSHOT/hdds-container-service-1.3.0-SNAPSHOT.jar!/webapps/static,AVAILABLE}
2022-06-15 07:33:50,898 [Listener at 127.0.0.1/34461] INFO  handler.ContextHandler (ContextHandler.java:doStart(915)) - Started o.e.j.w.WebAppContext@337eb1b4{hddsDatanode,/,file:///tmp/jetty-0_0_0_0-46867-hdds-container-service-1_3_0-SNAPSHOT_jar-_-any-9043759046557019152/webapp/,AVAILABLE}{jar:file:/home/runner/.m2/repository/org/apache/ozone/hdds-container-service/1.3.0-SNAPSHOT/hdds-container-service-1.3.0-SNAPSHOT.jar!/webapps/hddsDatanode}
2022-06-15 07:33:50,900 [Listener at 127.0.0.1/34461] INFO  server.AbstractConnector (AbstractConnector.java:doStart(331)) - Started ServerConnector@4087fff9{HTTP/1.1, (http/1.1)}{0.0.0.0:46867}
2022-06-15 07:33:50,900 [Listener at 127.0.0.1/34461] INFO  server.Server (Server.java:doStart(415)) - Started @9271ms
2022-06-15 07:33:50,901 [Listener at 127.0.0.1/34461] WARN  impl.MetricsSystemImpl (MetricsSystemImpl.java:register(279)) - Sink prometheus already exists!
2022-06-15 07:33:50,901 [Listener at 127.0.0.1/34461] INFO  http.BaseHttpServer (BaseHttpServer.java:updateConnectorAddress(329)) - HTTP server of hddsDatanode listening at http://0.0.0.0:46867
2022-06-15 07:33:50,902 [Datanode State Machine Daemon Thread] INFO  statemachine.DatanodeStateMachine (DatanodeStateMachine.java:lambda$startDaemon$0(484)) - Ozone container server started.
2022-06-15 07:33:50,902 [Listener at 127.0.0.1/34461] WARN  impl.MetricRegistriesImpl (MetricRegistriesImpl.java:addReporterRegistration(111)) - New reporters are added after registries were created. Some metrics will be missing from the reporter. Please add reporter before adding any new registry.
2022-06-15 07:33:50,902 [Listener at 127.0.0.1/34461] WARN  impl.MetricRegistriesImpl (MetricRegistriesImpl.java:addReporterRegistration(111)) - New reporters are added after registries were created. Some metrics will be missing from the reporter. Please add reporter before adding any new registry.
2022-06-15 07:33:50,903 [Listener at 127.0.0.1/34461] INFO  impl.MetricsSystemImpl (MetricsSystemImpl.java:init(158)) - HddsDatanode metrics system started (again)
2022-06-15 07:33:50,915 [Listener at 127.0.0.1/34461] INFO  ozone.HddsDatanodeService (HddsDatanodeService.java:start(236)) - HddsDatanodeService host:fv-az121-418.xhy4bhhdincepo0av04agjzkjc.cx.internal.cloudapp.net ip:10.1.0.11
2022-06-15 07:33:50,935 [org.apache.hadoop.util.JvmPauseMonitor$Monitor@1ccc1192] INFO  util.JvmPauseMonitor (JvmPauseMonitor.java:run(188)) - Starting JVM pause monitor
2022-06-15 07:33:50,937 [Datanode State Machine Task Thread - 0] INFO  datanode.InitDatanodeState (InitDatanodeState.java:persistContainerDatanodeDetails(138)) - DatanodeDetails is persisted to /home/runner/work/ozone/ozone/hadoop-ozone/integration-test/target/test-dir/MiniOzoneClusterImpl-589494f2-24de-4a8c-8650-9a890bc48d46/datanode-3/meta/datanode.id
2022-06-15 07:33:50,941 [Listener at 127.0.0.1/34461] INFO  upgrade.AbstractLayoutVersionManager (AbstractLayoutVersionManager.java:init(82)) - Initializing Layout version manager with metadata layout = DATANODE_SCHEMA_V3 (version = 4), software layout = DATANODE_SCHEMA_V3 (version = 4)
2022-06-15 07:33:50,982 [Listener at 127.0.0.1/34461] INFO  reflections.Reflections (Reflections.java:scan(232)) - Reflections took 40 ms to scan 7 urls, producing 131 keys and 311 values 
2022-06-15 07:33:50,985 [Listener at 127.0.0.1/34461] INFO  statemachine.DatanodeStateMachine (DatanodeStateMachine.java:getEndPointTaskThreadPoolSize(233)) - Datanode State Machine Task Thread Pool size 2
2022-06-15 07:33:50,988 [Listener at 127.0.0.1/34461] INFO  volume.HddsVolume (HddsVolume.java:<init>(116)) - Creating HddsVolume: /home/runner/work/ozone/ozone/hadoop-ozone/integration-test/target/test-dir/MiniOzoneClusterImpl-589494f2-24de-4a8c-8650-9a890bc48d46/datanode-4/data-0/containers/hdds of storage type : DISK capacity : 9223372036854775807
2022-06-15 07:33:50,988 [Listener at 127.0.0.1/34461] INFO  volume.MutableVolumeSet (MutableVolumeSet.java:initializeVolumeSet(174)) - Added Volume : /home/runner/work/ozone/ozone/hadoop-ozone/integration-test/target/test-dir/MiniOzoneClusterImpl-589494f2-24de-4a8c-8650-9a890bc48d46/datanode-4/data-0/containers/hdds to VolumeSet
2022-06-15 07:33:50,988 [Listener at 127.0.0.1/34461] INFO  volume.ThrottledAsyncChecker (ThrottledAsyncChecker.java:schedule(141)) - Scheduling a check for /home/runner/work/ozone/ozone/hadoop-ozone/integration-test/target/test-dir/MiniOzoneClusterImpl-589494f2-24de-4a8c-8650-9a890bc48d46/datanode-4/data-0/containers/hdds
2022-06-15 07:33:50,989 [Listener at 127.0.0.1/34461] INFO  volume.StorageVolumeChecker (StorageVolumeChecker.java:checkAllVolumes(202)) - Scheduled health check for volume /home/runner/work/ozone/ozone/hadoop-ozone/integration-test/target/test-dir/MiniOzoneClusterImpl-589494f2-24de-4a8c-8650-9a890bc48d46/datanode-4/data-0/containers/hdds
2022-06-15 07:33:51,001 [Listener at 127.0.0.1/34461] INFO  volume.MutableVolumeSet (MutableVolumeSet.java:initializeVolumeSet(174)) - Added Volume : /home/runner/work/ozone/ozone/hadoop-ozone/integration-test/target/test-dir/MiniOzoneClusterImpl-589494f2-24de-4a8c-8650-9a890bc48d46/datanode-4/data/ratis to VolumeSet
2022-06-15 07:33:51,001 [Listener at 127.0.0.1/34461] INFO  volume.ThrottledAsyncChecker (ThrottledAsyncChecker.java:schedule(141)) - Scheduling a check for /home/runner/work/ozone/ozone/hadoop-ozone/integration-test/target/test-dir/MiniOzoneClusterImpl-589494f2-24de-4a8c-8650-9a890bc48d46/datanode-4/data/ratis
2022-06-15 07:33:51,002 [Listener at 127.0.0.1/34461] INFO  volume.StorageVolumeChecker (StorageVolumeChecker.java:checkAllVolumes(202)) - Scheduled health check for volume /home/runner/work/ozone/ozone/hadoop-ozone/integration-test/target/test-dir/MiniOzoneClusterImpl-589494f2-24de-4a8c-8650-9a890bc48d46/datanode-4/data/ratis
2022-06-15 07:33:51,012 [Thread-187] INFO  ozoneimpl.ContainerReader (ContainerReader.java:readVolume(172)) - Finish verifying containers on volume /home/runner/work/ozone/ozone/hadoop-ozone/integration-test/target/test-dir/MiniOzoneClusterImpl-589494f2-24de-4a8c-8650-9a890bc48d46/datanode-4/data-0/containers/hdds
2022-06-15 07:33:51,012 [Listener at 127.0.0.1/34461] INFO  ozoneimpl.OzoneContainer (OzoneContainer.java:buildContainerSet(266)) - Build ContainerSet costs 0s
2022-06-15 07:33:51,016 [Listener at 127.0.0.1/34461] INFO  server.RaftServer (ConfUtils.java:logGet(46)) - raft.rpc.type = GRPC (default)
2022-06-15 07:33:51,016 [Listener at 127.0.0.1/34461] INFO  grpc.GrpcFactory (GrpcFactory.java:checkPooledByteBufAllocatorUseCacheForAllThreads(48)) - PERFORMANCE WARNING: useCacheForAllThreads is true that may cause Netty to create a lot garbage objects and, as a result, trigger GC.
	It is recommended to disable useCacheForAllThreads by setting -Dorg.apache.ratis.thirdparty.io.netty.allocator.useCacheForAllThreads=false in command line.
2022-06-15 07:33:51,016 [Listener at 127.0.0.1/34461] INFO  grpc.GrpcConfigKeys (ConfUtils.java:logGet(46)) - raft.grpc.admin.port = 0 (custom)
2022-06-15 07:33:51,016 [Listener at 127.0.0.1/34461] INFO  grpc.GrpcConfigKeys (ConfUtils.java:logGet(46)) - raft.grpc.client.port = 0 (custom)
2022-06-15 07:33:51,016 [Listener at 127.0.0.1/34461] INFO  grpc.GrpcConfigKeys (ConfUtils.java:logGet(46)) - raft.grpc.server.port = 0 (default)
2022-06-15 07:33:51,016 [Listener at 127.0.0.1/34461] INFO  server.GrpcService (ConfUtils.java:logGet(46)) - raft.grpc.message.size.max = 32MB (=33554432) (custom)
2022-06-15 07:33:51,017 [Listener at 127.0.0.1/34461] INFO  server.RaftServerConfigKeys (ConfUtils.java:logGet(46)) - raft.server.log.appender.buffer.byte-limit = 33554432 (custom)
2022-06-15 07:33:51,017 [Listener at 127.0.0.1/34461] INFO  server.GrpcService (ConfUtils.java:logGet(46)) - raft.grpc.flow.control.window = 5MB (=5242880) (custom)
2022-06-15 07:33:51,017 [Listener at 127.0.0.1/34461] INFO  server.RaftServerConfigKeys (ConfUtils.java:logGet(46)) - raft.server.rpc.request.timeout = 3000ms (default)
2022-06-15 07:33:51,017 [Listener at 127.0.0.1/34461] INFO  grpc.GrpcConfigKeys (ConfUtils.java:logGet(46)) - raft.grpc.server.async.request.thread.pool.cached = true (default)
2022-06-15 07:33:51,017 [Listener at 127.0.0.1/34461] INFO  grpc.GrpcConfigKeys (ConfUtils.java:logGet(46)) - raft.grpc.server.async.request.thread.pool.size = 32 (default)
2022-06-15 07:33:51,018 [Listener at 127.0.0.1/34461] INFO  impl.DataStreamServerImpl (ConfUtils.java:logGet(46)) - raft.datastream.type = DISABLED (default)
2022-06-15 07:33:51,018 [Listener at 127.0.0.1/34461] INFO  server.RaftServerConfigKeys (ConfUtils.java:logGet(46)) - raft.server.threadpool.proxy.cached = true (default)
2022-06-15 07:33:51,019 [Listener at 127.0.0.1/34461] INFO  server.RaftServerConfigKeys (ConfUtils.java:logGet(46)) - raft.server.threadpool.proxy.size = 0 (default)
2022-06-15 07:33:51,019 [Listener at 127.0.0.1/34461] INFO  server.RaftServerConfigKeys (ConfUtils.java:logGet(46)) - raft.server.rpc.slowness.timeout = 300000ms (custom)
2022-06-15 07:33:51,019 [Listener at 127.0.0.1/34461] INFO  server.RaftServerConfigKeys (ConfUtils.java:logGet(46)) - raft.server.leaderelection.leader.step-down.wait-time = 10s (default)
2022-06-15 07:33:51,019 [Listener at 127.0.0.1/34461] INFO  server.RaftServerConfigKeys (ConfUtils.java:logGet(46)) - raft.server.storage.dir = [/home/runner/work/ozone/ozone/hadoop-ozone/integration-test/target/test-dir/MiniOzoneClusterImpl-589494f2-24de-4a8c-8650-9a890bc48d46/datanode-4/data/ratis] (custom)
2022-06-15 07:33:51,021 [Listener at 127.0.0.1/34461] INFO  server.XceiverServerGrpc (XceiverServerGrpc.java:<init>(132)) - GrpcServer channel type EpollServerSocketChannel
2022-06-15 07:33:51,023 [Listener at 127.0.0.1/34461] INFO  http.BaseHttpServer (BaseHttpServer.java:newHttpServer2BuilderForOzone(209)) - Starting Web-server for hddsDatanode at: http://0.0.0.0:0
2022-06-15 07:33:51,024 [Listener at 127.0.0.1/34461] INFO  http.BaseHttpServer (BaseHttpServer.java:<init>(107)) - Hadoop Security Enabled: false Ozone Security Enabled: false Ozone HTTP Security Enabled: false 
2022-06-15 07:33:51,025 [Listener at 127.0.0.1/34461] INFO  server.AuthenticationFilter (AuthenticationFilter.java:constructSecretProvider(240)) - Unable to initialize FileSignerSecretProvider, falling back to use random secrets.
2022-06-15 07:33:51,025 [Listener at 127.0.0.1/34461] WARN  http.HttpRequestLog (HttpRequestLog.java:getRequestLog(103)) - Jetty request log can only be enabled using Log4j
2022-06-15 07:33:51,027 [Listener at 127.0.0.1/34461] INFO  http.HttpServer2 (HttpServer2.java:addGlobalFilter(1029)) - Added global filter 'safety' (class=org.apache.hadoop.hdds.server.http.HttpServer2$QuotingInputFilter)
2022-06-15 07:33:51,027 [Listener at 127.0.0.1/34461] INFO  http.HttpServer2 (HttpServer2.java:addFilter(1005)) - Added filter static_user_filter (class=org.apache.hadoop.http.lib.StaticUserWebFilter$StaticUserFilter) to context hddsDatanode
2022-06-15 07:33:51,028 [Listener at 127.0.0.1/34461] INFO  http.HttpServer2 (HttpServer2.java:addFilter(1013)) - Added filter static_user_filter (class=org.apache.hadoop.http.lib.StaticUserWebFilter$StaticUserFilter) to context logs
2022-06-15 07:33:51,028 [Listener at 127.0.0.1/34461] INFO  http.HttpServer2 (HttpServer2.java:addFilter(1013)) - Added filter static_user_filter (class=org.apache.hadoop.http.lib.StaticUserWebFilter$StaticUserFilter) to context static
2022-06-15 07:33:51,028 [Listener at 127.0.0.1/34461] INFO  http.HttpServer2 (HttpServer2.java:bindListener(1248)) - Jetty bound to port 33373
2022-06-15 07:33:51,028 [Listener at 127.0.0.1/34461] INFO  server.Server (Server.java:doStart(375)) - jetty-9.4.43.v20210629; built: 2021-06-30T11:07:22.254Z; git: 526006ecfa3af7f1a27ef3a288e2bef7ea9dd7e8; jvm 1.8.0_332-b09
2022-06-15 07:33:51,030 [Listener at 127.0.0.1/34461] INFO  server.session (DefaultSessionIdManager.java:doStart(334)) - DefaultSessionIdManager workerName=node0
2022-06-15 07:33:51,030 [Listener at 127.0.0.1/34461] INFO  server.session (DefaultSessionIdManager.java:doStart(339)) - No SessionScavenger set, using defaults
2022-06-15 07:33:51,030 [Listener at 127.0.0.1/34461] INFO  server.session (HouseKeeper.java:startScavenging(132)) - node0 Scavenging every 660000ms
2022-06-15 07:33:51,031 [Listener at 127.0.0.1/34461] INFO  handler.ContextHandler (ContextHandler.java:doStart(915)) - Started o.e.j.s.ServletContextHandler@3e971bd5{logs,/logs,file:///home/runner/work/ozone/ozone/hadoop-ozone/integration-test/target/log,AVAILABLE}
2022-06-15 07:33:51,032 [Listener at 127.0.0.1/34461] INFO  handler.ContextHandler (ContextHandler.java:doStart(915)) - Started o.e.j.s.ServletContextHandler@7fa36d64{static,/static,jar:file:/home/runner/.m2/repository/org/apache/ozone/hdds-container-service/1.3.0-SNAPSHOT/hdds-container-service-1.3.0-SNAPSHOT.jar!/webapps/static,AVAILABLE}
2022-06-15 07:33:51,194 [Listener at 127.0.0.1/34461] INFO  handler.ContextHandler (ContextHandler.java:doStart(915)) - Started o.e.j.w.WebAppContext@3112da58{hddsDatanode,/,file:///tmp/jetty-0_0_0_0-33373-hdds-container-service-1_3_0-SNAPSHOT_jar-_-any-7670207603242766265/webapp/,AVAILABLE}{jar:file:/home/runner/.m2/repository/org/apache/ozone/hdds-container-service/1.3.0-SNAPSHOT/hdds-container-service-1.3.0-SNAPSHOT.jar!/webapps/hddsDatanode}
2022-06-15 07:33:51,197 [Listener at 127.0.0.1/34461] INFO  server.AbstractConnector (AbstractConnector.java:doStart(331)) - Started ServerConnector@76a89ffa{HTTP/1.1, (http/1.1)}{0.0.0.0:33373}
2022-06-15 07:33:51,198 [Listener at 127.0.0.1/34461] INFO  server.Server (Server.java:doStart(415)) - Started @9568ms
2022-06-15 07:33:51,198 [Listener at 127.0.0.1/34461] WARN  impl.MetricsSystemImpl (MetricsSystemImpl.java:register(279)) - Sink prometheus already exists!
2022-06-15 07:33:51,199 [Listener at 127.0.0.1/34461] INFO  http.BaseHttpServer (BaseHttpServer.java:updateConnectorAddress(329)) - HTTP server of hddsDatanode listening at http://0.0.0.0:33373
2022-06-15 07:33:51,199 [Datanode State Machine Daemon Thread] INFO  statemachine.DatanodeStateMachine (DatanodeStateMachine.java:lambda$startDaemon$0(484)) - Ozone container server started.
2022-06-15 07:33:51,203 [Listener at 127.0.0.1/34461] WARN  impl.MetricRegistriesImpl (MetricRegistriesImpl.java:addReporterRegistration(111)) - New reporters are added after registries were created. Some metrics will be missing from the reporter. Please add reporter before adding any new registry.
2022-06-15 07:33:51,203 [Listener at 127.0.0.1/34461] WARN  impl.MetricRegistriesImpl (MetricRegistriesImpl.java:addReporterRegistration(111)) - New reporters are added after registries were created. Some metrics will be missing from the reporter. Please add reporter before adding any new registry.
2022-06-15 07:33:51,203 [Listener at 127.0.0.1/34461] INFO  impl.MetricsSystemImpl (MetricsSystemImpl.java:init(158)) - HddsDatanode metrics system started (again)
2022-06-15 07:33:51,218 [org.apache.hadoop.util.JvmPauseMonitor$Monitor@39ef9cc9] INFO  util.JvmPauseMonitor (JvmPauseMonitor.java:run(188)) - Starting JVM pause monitor
2022-06-15 07:33:51,225 [Listener at 127.0.0.1/34461] INFO  ozone.HddsDatanodeService (HddsDatanodeService.java:start(236)) - HddsDatanodeService host:fv-az121-418.xhy4bhhdincepo0av04agjzkjc.cx.internal.cloudapp.net ip:10.1.0.11
2022-06-15 07:33:51,235 [Datanode State Machine Task Thread - 0] INFO  datanode.InitDatanodeState (InitDatanodeState.java:persistContainerDatanodeDetails(138)) - DatanodeDetails is persisted to /home/runner/work/ozone/ozone/hadoop-ozone/integration-test/target/test-dir/MiniOzoneClusterImpl-589494f2-24de-4a8c-8650-9a890bc48d46/datanode-4/meta/datanode.id
2022-06-15 07:33:51,247 [Listener at 127.0.0.1/34461] INFO  upgrade.AbstractLayoutVersionManager (AbstractLayoutVersionManager.java:init(82)) - Initializing Layout version manager with metadata layout = DATANODE_SCHEMA_V3 (version = 4), software layout = DATANODE_SCHEMA_V3 (version = 4)
2022-06-15 07:33:51,292 [Listener at 127.0.0.1/34461] INFO  reflections.Reflections (Reflections.java:scan(232)) - Reflections took 43 ms to scan 7 urls, producing 131 keys and 311 values 
2022-06-15 07:33:51,294 [Listener at 127.0.0.1/34461] INFO  statemachine.DatanodeStateMachine (DatanodeStateMachine.java:getEndPointTaskThreadPoolSize(233)) - Datanode State Machine Task Thread Pool size 2
2022-06-15 07:33:51,296 [Listener at 127.0.0.1/34461] INFO  volume.HddsVolume (HddsVolume.java:<init>(116)) - Creating HddsVolume: /home/runner/work/ozone/ozone/hadoop-ozone/integration-test/target/test-dir/MiniOzoneClusterImpl-589494f2-24de-4a8c-8650-9a890bc48d46/datanode-5/data-0/containers/hdds of storage type : DISK capacity : 9223372036854775807
2022-06-15 07:33:51,297 [Listener at 127.0.0.1/34461] INFO  volume.MutableVolumeSet (MutableVolumeSet.java:initializeVolumeSet(174)) - Added Volume : /home/runner/work/ozone/ozone/hadoop-ozone/integration-test/target/test-dir/MiniOzoneClusterImpl-589494f2-24de-4a8c-8650-9a890bc48d46/datanode-5/data-0/containers/hdds to VolumeSet
2022-06-15 07:33:51,297 [Listener at 127.0.0.1/34461] INFO  volume.ThrottledAsyncChecker (ThrottledAsyncChecker.java:schedule(141)) - Scheduling a check for /home/runner/work/ozone/ozone/hadoop-ozone/integration-test/target/test-dir/MiniOzoneClusterImpl-589494f2-24de-4a8c-8650-9a890bc48d46/datanode-5/data-0/containers/hdds
2022-06-15 07:33:51,297 [Listener at 127.0.0.1/34461] INFO  volume.StorageVolumeChecker (StorageVolumeChecker.java:checkAllVolumes(202)) - Scheduled health check for volume /home/runner/work/ozone/ozone/hadoop-ozone/integration-test/target/test-dir/MiniOzoneClusterImpl-589494f2-24de-4a8c-8650-9a890bc48d46/datanode-5/data-0/containers/hdds
2022-06-15 07:33:51,308 [Listener at 127.0.0.1/34461] INFO  volume.MutableVolumeSet (MutableVolumeSet.java:initializeVolumeSet(174)) - Added Volume : /home/runner/work/ozone/ozone/hadoop-ozone/integration-test/target/test-dir/MiniOzoneClusterImpl-589494f2-24de-4a8c-8650-9a890bc48d46/datanode-5/data/ratis to VolumeSet
2022-06-15 07:33:51,308 [Listener at 127.0.0.1/34461] INFO  volume.ThrottledAsyncChecker (ThrottledAsyncChecker.java:schedule(141)) - Scheduling a check for /home/runner/work/ozone/ozone/hadoop-ozone/integration-test/target/test-dir/MiniOzoneClusterImpl-589494f2-24de-4a8c-8650-9a890bc48d46/datanode-5/data/ratis
2022-06-15 07:33:51,308 [Listener at 127.0.0.1/34461] INFO  volume.StorageVolumeChecker (StorageVolumeChecker.java:checkAllVolumes(202)) - Scheduled health check for volume /home/runner/work/ozone/ozone/hadoop-ozone/integration-test/target/test-dir/MiniOzoneClusterImpl-589494f2-24de-4a8c-8650-9a890bc48d46/datanode-5/data/ratis
2022-06-15 07:33:51,322 [Thread-200] INFO  ozoneimpl.ContainerReader (ContainerReader.java:readVolume(172)) - Finish verifying containers on volume /home/runner/work/ozone/ozone/hadoop-ozone/integration-test/target/test-dir/MiniOzoneClusterImpl-589494f2-24de-4a8c-8650-9a890bc48d46/datanode-5/data-0/containers/hdds
2022-06-15 07:33:51,322 [Listener at 127.0.0.1/34461] INFO  ozoneimpl.OzoneContainer (OzoneContainer.java:buildContainerSet(266)) - Build ContainerSet costs 0s
2022-06-15 07:33:51,325 [Listener at 127.0.0.1/34461] INFO  server.RaftServer (ConfUtils.java:logGet(46)) - raft.rpc.type = GRPC (default)
2022-06-15 07:33:51,325 [Listener at 127.0.0.1/34461] INFO  grpc.GrpcFactory (GrpcFactory.java:checkPooledByteBufAllocatorUseCacheForAllThreads(48)) - PERFORMANCE WARNING: useCacheForAllThreads is true that may cause Netty to create a lot garbage objects and, as a result, trigger GC.
	It is recommended to disable useCacheForAllThreads by setting -Dorg.apache.ratis.thirdparty.io.netty.allocator.useCacheForAllThreads=false in command line.
2022-06-15 07:33:51,325 [Listener at 127.0.0.1/34461] INFO  grpc.GrpcConfigKeys (ConfUtils.java:logGet(46)) - raft.grpc.admin.port = 0 (custom)
2022-06-15 07:33:51,325 [Listener at 127.0.0.1/34461] INFO  grpc.GrpcConfigKeys (ConfUtils.java:logGet(46)) - raft.grpc.client.port = 0 (custom)
2022-06-15 07:33:51,325 [Listener at 127.0.0.1/34461] INFO  grpc.GrpcConfigKeys (ConfUtils.java:logGet(46)) - raft.grpc.server.port = 0 (default)
2022-06-15 07:33:51,325 [Listener at 127.0.0.1/34461] INFO  server.GrpcService (ConfUtils.java:logGet(46)) - raft.grpc.message.size.max = 32MB (=33554432) (custom)
2022-06-15 07:33:51,326 [Listener at 127.0.0.1/34461] INFO  server.RaftServerConfigKeys (ConfUtils.java:logGet(46)) - raft.server.log.appender.buffer.byte-limit = 33554432 (custom)
2022-06-15 07:33:51,326 [Listener at 127.0.0.1/34461] INFO  server.GrpcService (ConfUtils.java:logGet(46)) - raft.grpc.flow.control.window = 5MB (=5242880) (custom)
2022-06-15 07:33:51,326 [Listener at 127.0.0.1/34461] INFO  server.RaftServerConfigKeys (ConfUtils.java:logGet(46)) - raft.server.rpc.request.timeout = 3000ms (default)
2022-06-15 07:33:51,326 [Listener at 127.0.0.1/34461] INFO  grpc.GrpcConfigKeys (ConfUtils.java:logGet(46)) - raft.grpc.server.async.request.thread.pool.cached = true (default)
2022-06-15 07:33:51,326 [Listener at 127.0.0.1/34461] INFO  grpc.GrpcConfigKeys (ConfUtils.java:logGet(46)) - raft.grpc.server.async.request.thread.pool.size = 32 (default)
2022-06-15 07:33:51,327 [Listener at 127.0.0.1/34461] INFO  impl.DataStreamServerImpl (ConfUtils.java:logGet(46)) - raft.datastream.type = DISABLED (default)
2022-06-15 07:33:51,327 [Listener at 127.0.0.1/34461] INFO  server.RaftServerConfigKeys (ConfUtils.java:logGet(46)) - raft.server.threadpool.proxy.cached = true (default)
2022-06-15 07:33:51,328 [Listener at 127.0.0.1/34461] INFO  server.RaftServerConfigKeys (ConfUtils.java:logGet(46)) - raft.server.threadpool.proxy.size = 0 (default)
2022-06-15 07:33:51,328 [Listener at 127.0.0.1/34461] INFO  server.RaftServerConfigKeys (ConfUtils.java:logGet(46)) - raft.server.rpc.slowness.timeout = 300000ms (custom)
2022-06-15 07:33:51,328 [Listener at 127.0.0.1/34461] INFO  server.RaftServerConfigKeys (ConfUtils.java:logGet(46)) - raft.server.leaderelection.leader.step-down.wait-time = 10s (default)
2022-06-15 07:33:51,328 [Listener at 127.0.0.1/34461] INFO  server.RaftServerConfigKeys (ConfUtils.java:logGet(46)) - raft.server.storage.dir = [/home/runner/work/ozone/ozone/hadoop-ozone/integration-test/target/test-dir/MiniOzoneClusterImpl-589494f2-24de-4a8c-8650-9a890bc48d46/datanode-5/data/ratis] (custom)
2022-06-15 07:33:51,330 [Listener at 127.0.0.1/34461] INFO  server.XceiverServerGrpc (XceiverServerGrpc.java:<init>(132)) - GrpcServer channel type EpollServerSocketChannel
2022-06-15 07:33:51,332 [Listener at 127.0.0.1/34461] INFO  http.BaseHttpServer (BaseHttpServer.java:newHttpServer2BuilderForOzone(209)) - Starting Web-server for hddsDatanode at: http://0.0.0.0:0
2022-06-15 07:33:51,332 [Listener at 127.0.0.1/34461] INFO  http.BaseHttpServer (BaseHttpServer.java:<init>(107)) - Hadoop Security Enabled: false Ozone Security Enabled: false Ozone HTTP Security Enabled: false 
2022-06-15 07:33:51,334 [Listener at 127.0.0.1/34461] INFO  server.AuthenticationFilter (AuthenticationFilter.java:constructSecretProvider(240)) - Unable to initialize FileSignerSecretProvider, falling back to use random secrets.
2022-06-15 07:33:51,334 [Listener at 127.0.0.1/34461] WARN  http.HttpRequestLog (HttpRequestLog.java:getRequestLog(103)) - Jetty request log can only be enabled using Log4j
2022-06-15 07:33:51,336 [Listener at 127.0.0.1/34461] INFO  http.HttpServer2 (HttpServer2.java:addGlobalFilter(1029)) - Added global filter 'safety' (class=org.apache.hadoop.hdds.server.http.HttpServer2$QuotingInputFilter)
2022-06-15 07:33:51,336 [Listener at 127.0.0.1/34461] INFO  http.HttpServer2 (HttpServer2.java:addFilter(1005)) - Added filter static_user_filter (class=org.apache.hadoop.http.lib.StaticUserWebFilter$StaticUserFilter) to context hddsDatanode
2022-06-15 07:33:51,336 [Listener at 127.0.0.1/34461] INFO  http.HttpServer2 (HttpServer2.java:addFilter(1013)) - Added filter static_user_filter (class=org.apache.hadoop.http.lib.StaticUserWebFilter$StaticUserFilter) to context static
2022-06-15 07:33:51,337 [Listener at 127.0.0.1/34461] INFO  http.HttpServer2 (HttpServer2.java:addFilter(1013)) - Added filter static_user_filter (class=org.apache.hadoop.http.lib.StaticUserWebFilter$StaticUserFilter) to context logs
2022-06-15 07:33:51,337 [Listener at 127.0.0.1/34461] INFO  http.HttpServer2 (HttpServer2.java:bindListener(1248)) - Jetty bound to port 40167
2022-06-15 07:33:51,337 [Listener at 127.0.0.1/34461] INFO  server.Server (Server.java:doStart(375)) - jetty-9.4.43.v20210629; built: 2021-06-30T11:07:22.254Z; git: 526006ecfa3af7f1a27ef3a288e2bef7ea9dd7e8; jvm 1.8.0_332-b09
2022-06-15 07:33:51,340 [Listener at 127.0.0.1/34461] INFO  server.session (DefaultSessionIdManager.java:doStart(334)) - DefaultSessionIdManager workerName=node0
2022-06-15 07:33:51,340 [Listener at 127.0.0.1/34461] INFO  server.session (DefaultSessionIdManager.java:doStart(339)) - No SessionScavenger set, using defaults
2022-06-15 07:33:51,340 [Listener at 127.0.0.1/34461] INFO  server.session (HouseKeeper.java:startScavenging(132)) - node0 Scavenging every 660000ms
2022-06-15 07:33:51,341 [Listener at 127.0.0.1/34461] INFO  handler.ContextHandler (ContextHandler.java:doStart(915)) - Started o.e.j.s.ServletContextHandler@2b9bb2c2{logs,/logs,file:///home/runner/work/ozone/ozone/hadoop-ozone/integration-test/target/log,AVAILABLE}
2022-06-15 07:33:51,342 [Listener at 127.0.0.1/34461] INFO  handler.ContextHandler (ContextHandler.java:doStart(915)) - Started o.e.j.s.ServletContextHandler@31f656e6{static,/static,jar:file:/home/runner/.m2/repository/org/apache/ozone/hdds-container-service/1.3.0-SNAPSHOT/hdds-container-service-1.3.0-SNAPSHOT.jar!/webapps/static,AVAILABLE}
2022-06-15 07:33:51,505 [Listener at 127.0.0.1/34461] INFO  handler.ContextHandler (ContextHandler.java:doStart(915)) - Started o.e.j.w.WebAppContext@10ecd658{hddsDatanode,/,file:///tmp/jetty-0_0_0_0-40167-hdds-container-service-1_3_0-SNAPSHOT_jar-_-any-8349825100376753523/webapp/,AVAILABLE}{jar:file:/home/runner/.m2/repository/org/apache/ozone/hdds-container-service/1.3.0-SNAPSHOT/hdds-container-service-1.3.0-SNAPSHOT.jar!/webapps/hddsDatanode}
2022-06-15 07:33:51,508 [Listener at 127.0.0.1/34461] INFO  server.AbstractConnector (AbstractConnector.java:doStart(331)) - Started ServerConnector@3cea2750{HTTP/1.1, (http/1.1)}{0.0.0.0:40167}
2022-06-15 07:33:51,508 [Listener at 127.0.0.1/34461] INFO  server.Server (Server.java:doStart(415)) - Started @9878ms
2022-06-15 07:33:51,508 [Listener at 127.0.0.1/34461] WARN  impl.MetricsSystemImpl (MetricsSystemImpl.java:register(279)) - Sink prometheus already exists!
2022-06-15 07:33:51,509 [Listener at 127.0.0.1/34461] INFO  http.BaseHttpServer (BaseHttpServer.java:updateConnectorAddress(329)) - HTTP server of hddsDatanode listening at http://0.0.0.0:40167
2022-06-15 07:33:51,509 [Datanode State Machine Daemon Thread] INFO  statemachine.DatanodeStateMachine (DatanodeStateMachine.java:lambda$startDaemon$0(484)) - Ozone container server started.
2022-06-15 07:33:51,511 [Listener at 127.0.0.1/34461] WARN  impl.MetricRegistriesImpl (MetricRegistriesImpl.java:addReporterRegistration(111)) - New reporters are added after registries were created. Some metrics will be missing from the reporter. Please add reporter before adding any new registry.
2022-06-15 07:33:51,511 [Listener at 127.0.0.1/34461] WARN  impl.MetricRegistriesImpl (MetricRegistriesImpl.java:addReporterRegistration(111)) - New reporters are added after registries were created. Some metrics will be missing from the reporter. Please add reporter before adding any new registry.
2022-06-15 07:33:51,511 [Listener at 127.0.0.1/34461] INFO  impl.MetricsSystemImpl (MetricsSystemImpl.java:init(158)) - HddsDatanode metrics system started (again)
2022-06-15 07:33:51,524 [Listener at 127.0.0.1/34461] INFO  ozone.HddsDatanodeService (HddsDatanodeService.java:start(236)) - HddsDatanodeService host:fv-az121-418.xhy4bhhdincepo0av04agjzkjc.cx.internal.cloudapp.net ip:10.1.0.11
2022-06-15 07:33:51,524 [org.apache.hadoop.util.JvmPauseMonitor$Monitor@1c818d67] INFO  util.JvmPauseMonitor (JvmPauseMonitor.java:run(188)) - Starting JVM pause monitor
2022-06-15 07:33:51,526 [Datanode State Machine Task Thread - 0] INFO  datanode.InitDatanodeState (InitDatanodeState.java:persistContainerDatanodeDetails(138)) - DatanodeDetails is persisted to /home/runner/work/ozone/ozone/hadoop-ozone/integration-test/target/test-dir/MiniOzoneClusterImpl-589494f2-24de-4a8c-8650-9a890bc48d46/datanode-5/meta/datanode.id
2022-06-15 07:33:51,543 [Listener at 127.0.0.1/34461] INFO  upgrade.AbstractLayoutVersionManager (AbstractLayoutVersionManager.java:init(82)) - Initializing Layout version manager with metadata layout = DATANODE_SCHEMA_V3 (version = 4), software layout = DATANODE_SCHEMA_V3 (version = 4)
2022-06-15 07:33:51,583 [Listener at 127.0.0.1/34461] INFO  reflections.Reflections (Reflections.java:scan(232)) - Reflections took 39 ms to scan 7 urls, producing 131 keys and 311 values 
2022-06-15 07:33:51,585 [Listener at 127.0.0.1/34461] INFO  statemachine.DatanodeStateMachine (DatanodeStateMachine.java:getEndPointTaskThreadPoolSize(233)) - Datanode State Machine Task Thread Pool size 2
2022-06-15 07:33:51,592 [Listener at 127.0.0.1/34461] INFO  volume.HddsVolume (HddsVolume.java:<init>(116)) - Creating HddsVolume: /home/runner/work/ozone/ozone/hadoop-ozone/integration-test/target/test-dir/MiniOzoneClusterImpl-589494f2-24de-4a8c-8650-9a890bc48d46/datanode-6/data-0/containers/hdds of storage type : DISK capacity : 9223372036854775807
2022-06-15 07:33:51,592 [Listener at 127.0.0.1/34461] INFO  volume.MutableVolumeSet (MutableVolumeSet.java:initializeVolumeSet(174)) - Added Volume : /home/runner/work/ozone/ozone/hadoop-ozone/integration-test/target/test-dir/MiniOzoneClusterImpl-589494f2-24de-4a8c-8650-9a890bc48d46/datanode-6/data-0/containers/hdds to VolumeSet
2022-06-15 07:33:51,592 [Listener at 127.0.0.1/34461] INFO  volume.ThrottledAsyncChecker (ThrottledAsyncChecker.java:schedule(141)) - Scheduling a check for /home/runner/work/ozone/ozone/hadoop-ozone/integration-test/target/test-dir/MiniOzoneClusterImpl-589494f2-24de-4a8c-8650-9a890bc48d46/datanode-6/data-0/containers/hdds
2022-06-15 07:33:51,593 [Listener at 127.0.0.1/34461] INFO  volume.StorageVolumeChecker (StorageVolumeChecker.java:checkAllVolumes(202)) - Scheduled health check for volume /home/runner/work/ozone/ozone/hadoop-ozone/integration-test/target/test-dir/MiniOzoneClusterImpl-589494f2-24de-4a8c-8650-9a890bc48d46/datanode-6/data-0/containers/hdds
2022-06-15 07:33:51,604 [Listener at 127.0.0.1/34461] INFO  volume.MutableVolumeSet (MutableVolumeSet.java:initializeVolumeSet(174)) - Added Volume : /home/runner/work/ozone/ozone/hadoop-ozone/integration-test/target/test-dir/MiniOzoneClusterImpl-589494f2-24de-4a8c-8650-9a890bc48d46/datanode-6/data/ratis to VolumeSet
2022-06-15 07:33:51,604 [Listener at 127.0.0.1/34461] INFO  volume.ThrottledAsyncChecker (ThrottledAsyncChecker.java:schedule(141)) - Scheduling a check for /home/runner/work/ozone/ozone/hadoop-ozone/integration-test/target/test-dir/MiniOzoneClusterImpl-589494f2-24de-4a8c-8650-9a890bc48d46/datanode-6/data/ratis
2022-06-15 07:33:51,604 [Listener at 127.0.0.1/34461] INFO  volume.StorageVolumeChecker (StorageVolumeChecker.java:checkAllVolumes(202)) - Scheduled health check for volume /home/runner/work/ozone/ozone/hadoop-ozone/integration-test/target/test-dir/MiniOzoneClusterImpl-589494f2-24de-4a8c-8650-9a890bc48d46/datanode-6/data/ratis
2022-06-15 07:33:51,617 [Thread-213] INFO  ozoneimpl.ContainerReader (ContainerReader.java:readVolume(172)) - Finish verifying containers on volume /home/runner/work/ozone/ozone/hadoop-ozone/integration-test/target/test-dir/MiniOzoneClusterImpl-589494f2-24de-4a8c-8650-9a890bc48d46/datanode-6/data-0/containers/hdds
2022-06-15 07:33:51,617 [Listener at 127.0.0.1/34461] INFO  ozoneimpl.OzoneContainer (OzoneContainer.java:buildContainerSet(266)) - Build ContainerSet costs 0s
2022-06-15 07:33:51,619 [Listener at 127.0.0.1/34461] INFO  server.RaftServer (ConfUtils.java:logGet(46)) - raft.rpc.type = GRPC (default)
2022-06-15 07:33:51,620 [Listener at 127.0.0.1/34461] INFO  grpc.GrpcFactory (GrpcFactory.java:checkPooledByteBufAllocatorUseCacheForAllThreads(48)) - PERFORMANCE WARNING: useCacheForAllThreads is true that may cause Netty to create a lot garbage objects and, as a result, trigger GC.
	It is recommended to disable useCacheForAllThreads by setting -Dorg.apache.ratis.thirdparty.io.netty.allocator.useCacheForAllThreads=false in command line.
2022-06-15 07:33:51,620 [Listener at 127.0.0.1/34461] INFO  grpc.GrpcConfigKeys (ConfUtils.java:logGet(46)) - raft.grpc.admin.port = 0 (custom)
2022-06-15 07:33:51,620 [Listener at 127.0.0.1/34461] INFO  grpc.GrpcConfigKeys (ConfUtils.java:logGet(46)) - raft.grpc.client.port = 0 (custom)
2022-06-15 07:33:51,620 [Listener at 127.0.0.1/34461] INFO  grpc.GrpcConfigKeys (ConfUtils.java:logGet(46)) - raft.grpc.server.port = 0 (default)
2022-06-15 07:33:51,620 [Listener at 127.0.0.1/34461] INFO  server.GrpcService (ConfUtils.java:logGet(46)) - raft.grpc.message.size.max = 32MB (=33554432) (custom)
2022-06-15 07:33:51,620 [Listener at 127.0.0.1/34461] INFO  server.RaftServerConfigKeys (ConfUtils.java:logGet(46)) - raft.server.log.appender.buffer.byte-limit = 33554432 (custom)
2022-06-15 07:33:51,620 [Listener at 127.0.0.1/34461] INFO  server.GrpcService (ConfUtils.java:logGet(46)) - raft.grpc.flow.control.window = 5MB (=5242880) (custom)
2022-06-15 07:33:51,621 [Listener at 127.0.0.1/34461] INFO  server.RaftServerConfigKeys (ConfUtils.java:logGet(46)) - raft.server.rpc.request.timeout = 3000ms (default)
2022-06-15 07:33:51,621 [Listener at 127.0.0.1/34461] INFO  grpc.GrpcConfigKeys (ConfUtils.java:logGet(46)) - raft.grpc.server.async.request.thread.pool.cached = true (default)
2022-06-15 07:33:51,621 [Listener at 127.0.0.1/34461] INFO  grpc.GrpcConfigKeys (ConfUtils.java:logGet(46)) - raft.grpc.server.async.request.thread.pool.size = 32 (default)
2022-06-15 07:33:51,622 [Listener at 127.0.0.1/34461] INFO  impl.DataStreamServerImpl (ConfUtils.java:logGet(46)) - raft.datastream.type = DISABLED (default)
2022-06-15 07:33:51,622 [Listener at 127.0.0.1/34461] INFO  server.RaftServerConfigKeys (ConfUtils.java:logGet(46)) - raft.server.threadpool.proxy.cached = true (default)
2022-06-15 07:33:51,622 [Listener at 127.0.0.1/34461] INFO  server.RaftServerConfigKeys (ConfUtils.java:logGet(46)) - raft.server.threadpool.proxy.size = 0 (default)
2022-06-15 07:33:51,622 [Listener at 127.0.0.1/34461] INFO  server.RaftServerConfigKeys (ConfUtils.java:logGet(46)) - raft.server.rpc.slowness.timeout = 300000ms (custom)
2022-06-15 07:33:51,623 [Listener at 127.0.0.1/34461] INFO  server.RaftServerConfigKeys (ConfUtils.java:logGet(46)) - raft.server.leaderelection.leader.step-down.wait-time = 10s (default)
2022-06-15 07:33:51,623 [Listener at 127.0.0.1/34461] INFO  server.RaftServerConfigKeys (ConfUtils.java:logGet(46)) - raft.server.storage.dir = [/home/runner/work/ozone/ozone/hadoop-ozone/integration-test/target/test-dir/MiniOzoneClusterImpl-589494f2-24de-4a8c-8650-9a890bc48d46/datanode-6/data/ratis] (custom)
2022-06-15 07:33:51,625 [Listener at 127.0.0.1/34461] INFO  server.XceiverServerGrpc (XceiverServerGrpc.java:<init>(132)) - GrpcServer channel type EpollServerSocketChannel
2022-06-15 07:33:51,628 [Listener at 127.0.0.1/34461] INFO  http.BaseHttpServer (BaseHttpServer.java:newHttpServer2BuilderForOzone(209)) - Starting Web-server for hddsDatanode at: http://0.0.0.0:0
2022-06-15 07:33:51,628 [Listener at 127.0.0.1/34461] INFO  http.BaseHttpServer (BaseHttpServer.java:<init>(107)) - Hadoop Security Enabled: false Ozone Security Enabled: false Ozone HTTP Security Enabled: false 
2022-06-15 07:33:51,629 [Listener at 127.0.0.1/34461] INFO  server.AuthenticationFilter (AuthenticationFilter.java:constructSecretProvider(240)) - Unable to initialize FileSignerSecretProvider, falling back to use random secrets.
2022-06-15 07:33:51,630 [Listener at 127.0.0.1/34461] WARN  http.HttpRequestLog (HttpRequestLog.java:getRequestLog(103)) - Jetty request log can only be enabled using Log4j
2022-06-15 07:33:51,631 [Listener at 127.0.0.1/34461] INFO  http.HttpServer2 (HttpServer2.java:addGlobalFilter(1029)) - Added global filter 'safety' (class=org.apache.hadoop.hdds.server.http.HttpServer2$QuotingInputFilter)
2022-06-15 07:33:51,632 [Listener at 127.0.0.1/34461] INFO  http.HttpServer2 (HttpServer2.java:addFilter(1005)) - Added filter static_user_filter (class=org.apache.hadoop.http.lib.StaticUserWebFilter$StaticUserFilter) to context hddsDatanode
2022-06-15 07:33:51,632 [Listener at 127.0.0.1/34461] INFO  http.HttpServer2 (HttpServer2.java:addFilter(1013)) - Added filter static_user_filter (class=org.apache.hadoop.http.lib.StaticUserWebFilter$StaticUserFilter) to context logs
2022-06-15 07:33:51,632 [Listener at 127.0.0.1/34461] INFO  http.HttpServer2 (HttpServer2.java:addFilter(1013)) - Added filter static_user_filter (class=org.apache.hadoop.http.lib.StaticUserWebFilter$StaticUserFilter) to context static
2022-06-15 07:33:51,633 [Listener at 127.0.0.1/34461] INFO  http.HttpServer2 (HttpServer2.java:bindListener(1248)) - Jetty bound to port 44679
2022-06-15 07:33:51,633 [Listener at 127.0.0.1/34461] INFO  server.Server (Server.java:doStart(375)) - jetty-9.4.43.v20210629; built: 2021-06-30T11:07:22.254Z; git: 526006ecfa3af7f1a27ef3a288e2bef7ea9dd7e8; jvm 1.8.0_332-b09
2022-06-15 07:33:51,638 [Listener at 127.0.0.1/34461] INFO  server.session (DefaultSessionIdManager.java:doStart(334)) - DefaultSessionIdManager workerName=node0
2022-06-15 07:33:51,638 [Listener at 127.0.0.1/34461] INFO  server.session (DefaultSessionIdManager.java:doStart(339)) - No SessionScavenger set, using defaults
2022-06-15 07:33:51,638 [Listener at 127.0.0.1/34461] INFO  server.session (HouseKeeper.java:startScavenging(132)) - node0 Scavenging every 660000ms
2022-06-15 07:33:51,639 [Listener at 127.0.0.1/34461] INFO  handler.ContextHandler (ContextHandler.java:doStart(915)) - Started o.e.j.s.ServletContextHandler@23d5ada9{logs,/logs,file:///home/runner/work/ozone/ozone/hadoop-ozone/integration-test/target/log,AVAILABLE}
2022-06-15 07:33:51,640 [Listener at 127.0.0.1/34461] INFO  handler.ContextHandler (ContextHandler.java:doStart(915)) - Started o.e.j.s.ServletContextHandler@32aed633{static,/static,jar:file:/home/runner/.m2/repository/org/apache/ozone/hdds-container-service/1.3.0-SNAPSHOT/hdds-container-service-1.3.0-SNAPSHOT.jar!/webapps/static,AVAILABLE}
2022-06-15 07:33:51,840 [EndpointStateMachine task thread for /0.0.0.0:42631 - 0 ] INFO  volume.HddsVolume (HddsVolume.java:createDbStore(309)) - SchemaV3 db is created and loaded at /home/runner/work/ozone/ozone/hadoop-ozone/integration-test/target/test-dir/MiniOzoneClusterImpl-589494f2-24de-4a8c-8650-9a890bc48d46/datanode-0/data-0/containers/hdds/589494f2-24de-4a8c-8650-9a890bc48d46/DS-aa92f2ba-cae6-49f1-b25c-82d3ee320298/container.db for volume DS-aa92f2ba-cae6-49f1-b25c-82d3ee320298
2022-06-15 07:33:51,850 [EndpointStateMachine task thread for /0.0.0.0:42631 - 0 ] INFO  volume.HddsVolume (HddsVolume.java:closeDbStore(340)) - SchemaV3 db is stopped at /home/runner/work/ozone/ozone/hadoop-ozone/integration-test/target/test-dir/MiniOzoneClusterImpl-589494f2-24de-4a8c-8650-9a890bc48d46/datanode-0/data-0/containers/hdds/589494f2-24de-4a8c-8650-9a890bc48d46/DS-aa92f2ba-cae6-49f1-b25c-82d3ee320298/container.db for volume DS-aa92f2ba-cae6-49f1-b25c-82d3ee320298
2022-06-15 07:33:51,850 [EndpointStateMachine task thread for /0.0.0.0:42631 - 0 ] INFO  ozoneimpl.OzoneContainer (OzoneContainer.java:start(344)) - Attempting to start container services.
2022-06-15 07:33:51,863 [EndpointStateMachine task thread for /0.0.0.0:42631 - 0 ] INFO  ozoneimpl.OzoneContainer (OzoneContainer.java:startContainerScrub(279)) - Background container scanner has been disabled.
2022-06-15 07:33:51,865 [EndpointStateMachine task thread for /0.0.0.0:42631 - 0 ] INFO  replication.ReplicationServer (ReplicationServer.java:start(111)) - ReplicationServer is started using port 36317
2022-06-15 07:33:51,868 [EndpointStateMachine task thread for /0.0.0.0:42631 - 0 ] INFO  ratis.XceiverServerRatis (XceiverServerRatis.java:start(481)) - Starting XceiverServerRatis 543aeec3-c74a-41c2-8a93-8d529b3aabc8
2022-06-15 07:33:51,873 [EndpointStateMachine task thread for /0.0.0.0:42631 - 0 ] INFO  server.RaftServer (RaftServerProxy.java:lambda$start$6(382)) - 543aeec3-c74a-41c2-8a93-8d529b3aabc8: start RPC server
2022-06-15 07:33:51,875 [EndpointStateMachine task thread for /0.0.0.0:42631 - 0 ] INFO  server.GrpcService (GrpcService.java:startImpl(260)) - 543aeec3-c74a-41c2-8a93-8d529b3aabc8: GrpcService started, listening on 41193
2022-06-15 07:33:51,878 [EndpointStateMachine task thread for /0.0.0.0:42631 - 0 ] INFO  ratis.XceiverServerRatis (XceiverServerRatis.java:getRealPort(502)) - XceiverServerRatis 543aeec3-c74a-41c2-8a93-8d529b3aabc8 is started using port 41193 for RATIS
2022-06-15 07:33:51,878 [EndpointStateMachine task thread for /0.0.0.0:42631 - 0 ] INFO  ratis.XceiverServerRatis (XceiverServerRatis.java:getRealPort(502)) - XceiverServerRatis 543aeec3-c74a-41c2-8a93-8d529b3aabc8 is started using port 41193 for RATIS_ADMIN
2022-06-15 07:33:51,878 [EndpointStateMachine task thread for /0.0.0.0:42631 - 0 ] INFO  ratis.XceiverServerRatis (XceiverServerRatis.java:getRealPort(502)) - XceiverServerRatis 543aeec3-c74a-41c2-8a93-8d529b3aabc8 is started using port 41193 for RATIS_SERVER
2022-06-15 07:33:51,878 [org.apache.ratis.util.JvmPauseMonitor$$Lambda$681/1621678294@495ff77a] INFO  util.JvmPauseMonitor (JvmPauseMonitor.java:run(103)) - JvmPauseMonitor-543aeec3-c74a-41c2-8a93-8d529b3aabc8: Started
2022-06-15 07:33:51,891 [EndpointStateMachine task thread for /0.0.0.0:42631 - 0 ] INFO  server.XceiverServerGrpc (XceiverServerGrpc.java:start(180)) - XceiverServerGrpc 543aeec3-c74a-41c2-8a93-8d529b3aabc8 is started using port 38087
2022-06-15 07:33:51,911 [Listener at 127.0.0.1/34461] INFO  handler.ContextHandler (ContextHandler.java:doStart(915)) - Started o.e.j.w.WebAppContext@59a09a27{hddsDatanode,/,file:///tmp/jetty-0_0_0_0-44679-hdds-container-service-1_3_0-SNAPSHOT_jar-_-any-8059038394039856049/webapp/,AVAILABLE}{jar:file:/home/runner/.m2/repository/org/apache/ozone/hdds-container-service/1.3.0-SNAPSHOT/hdds-container-service-1.3.0-SNAPSHOT.jar!/webapps/hddsDatanode}
2022-06-15 07:33:51,912 [Listener at 127.0.0.1/34461] INFO  server.AbstractConnector (AbstractConnector.java:doStart(331)) - Started ServerConnector@2557ceb0{HTTP/1.1, (http/1.1)}{0.0.0.0:44679}
2022-06-15 07:33:51,913 [Listener at 127.0.0.1/34461] INFO  server.Server (Server.java:doStart(415)) - Started @10283ms
2022-06-15 07:33:51,913 [Listener at 127.0.0.1/34461] WARN  impl.MetricsSystemImpl (MetricsSystemImpl.java:register(279)) - Sink prometheus already exists!
2022-06-15 07:33:51,913 [Listener at 127.0.0.1/34461] INFO  http.BaseHttpServer (BaseHttpServer.java:updateConnectorAddress(329)) - HTTP server of hddsDatanode listening at http://0.0.0.0:44679
2022-06-15 07:33:51,914 [Listener at 127.0.0.1/34461] WARN  impl.MetricRegistriesImpl (MetricRegistriesImpl.java:addReporterRegistration(111)) - New reporters are added after registries were created. Some metrics will be missing from the reporter. Please add reporter before adding any new registry.
2022-06-15 07:33:51,914 [Listener at 127.0.0.1/34461] WARN  impl.MetricRegistriesImpl (MetricRegistriesImpl.java:addReporterRegistration(111)) - New reporters are added after registries were created. Some metrics will be missing from the reporter. Please add reporter before adding any new registry.
2022-06-15 07:33:51,914 [Datanode State Machine Daemon Thread] INFO  statemachine.DatanodeStateMachine (DatanodeStateMachine.java:lambda$startDaemon$0(484)) - Ozone container server started.
2022-06-15 07:33:51,914 [Listener at 127.0.0.1/34461] INFO  impl.MetricsSystemImpl (MetricsSystemImpl.java:init(158)) - HddsDatanode metrics system started (again)
2022-06-15 07:33:51,926 [Listener at 127.0.0.1/34461] INFO  ozone.HddsDatanodeService (HddsDatanodeService.java:start(236)) - HddsDatanodeService host:fv-az121-418.xhy4bhhdincepo0av04agjzkjc.cx.internal.cloudapp.net ip:10.1.0.11
2022-06-15 07:33:51,927 [org.apache.hadoop.util.JvmPauseMonitor$Monitor@2875c192] INFO  util.JvmPauseMonitor (JvmPauseMonitor.java:run(188)) - Starting JVM pause monitor
2022-06-15 07:33:51,929 [Datanode State Machine Task Thread - 0] INFO  datanode.InitDatanodeState (InitDatanodeState.java:persistContainerDatanodeDetails(138)) - DatanodeDetails is persisted to /home/runner/work/ozone/ozone/hadoop-ozone/integration-test/target/test-dir/MiniOzoneClusterImpl-589494f2-24de-4a8c-8650-9a890bc48d46/datanode-6/meta/datanode.id
2022-06-15 07:33:51,947 [Listener at 127.0.0.1/34461] INFO  upgrade.AbstractLayoutVersionManager (AbstractLayoutVersionManager.java:init(82)) - Initializing Layout version manager with metadata layout = DATANODE_SCHEMA_V3 (version = 4), software layout = DATANODE_SCHEMA_V3 (version = 4)
2022-06-15 07:33:51,987 [Listener at 127.0.0.1/34461] INFO  reflections.Reflections (Reflections.java:scan(232)) - Reflections took 39 ms to scan 7 urls, producing 131 keys and 311 values 
2022-06-15 07:33:51,989 [Listener at 127.0.0.1/34461] INFO  statemachine.DatanodeStateMachine (DatanodeStateMachine.java:getEndPointTaskThreadPoolSize(233)) - Datanode State Machine Task Thread Pool size 2
2022-06-15 07:33:51,994 [Listener at 127.0.0.1/34461] INFO  volume.HddsVolume (HddsVolume.java:<init>(116)) - Creating HddsVolume: /home/runner/work/ozone/ozone/hadoop-ozone/integration-test/target/test-dir/MiniOzoneClusterImpl-589494f2-24de-4a8c-8650-9a890bc48d46/datanode-7/data-0/containers/hdds of storage type : DISK capacity : 9223372036854775807
2022-06-15 07:33:51,995 [Listener at 127.0.0.1/34461] INFO  volume.MutableVolumeSet (MutableVolumeSet.java:initializeVolumeSet(174)) - Added Volume : /home/runner/work/ozone/ozone/hadoop-ozone/integration-test/target/test-dir/MiniOzoneClusterImpl-589494f2-24de-4a8c-8650-9a890bc48d46/datanode-7/data-0/containers/hdds to VolumeSet
2022-06-15 07:33:51,995 [Listener at 127.0.0.1/34461] INFO  volume.ThrottledAsyncChecker (ThrottledAsyncChecker.java:schedule(141)) - Scheduling a check for /home/runner/work/ozone/ozone/hadoop-ozone/integration-test/target/test-dir/MiniOzoneClusterImpl-589494f2-24de-4a8c-8650-9a890bc48d46/datanode-7/data-0/containers/hdds
2022-06-15 07:33:51,996 [Listener at 127.0.0.1/34461] INFO  volume.StorageVolumeChecker (StorageVolumeChecker.java:checkAllVolumes(202)) - Scheduled health check for volume /home/runner/work/ozone/ozone/hadoop-ozone/integration-test/target/test-dir/MiniOzoneClusterImpl-589494f2-24de-4a8c-8650-9a890bc48d46/datanode-7/data-0/containers/hdds
2022-06-15 07:33:52,009 [Listener at 127.0.0.1/34461] INFO  volume.MutableVolumeSet (MutableVolumeSet.java:initializeVolumeSet(174)) - Added Volume : /home/runner/work/ozone/ozone/hadoop-ozone/integration-test/target/test-dir/MiniOzoneClusterImpl-589494f2-24de-4a8c-8650-9a890bc48d46/datanode-7/data/ratis to VolumeSet
2022-06-15 07:33:52,009 [Listener at 127.0.0.1/34461] INFO  volume.ThrottledAsyncChecker (ThrottledAsyncChecker.java:schedule(141)) - Scheduling a check for /home/runner/work/ozone/ozone/hadoop-ozone/integration-test/target/test-dir/MiniOzoneClusterImpl-589494f2-24de-4a8c-8650-9a890bc48d46/datanode-7/data/ratis
2022-06-15 07:33:52,009 [Listener at 127.0.0.1/34461] INFO  volume.StorageVolumeChecker (StorageVolumeChecker.java:checkAllVolumes(202)) - Scheduled health check for volume /home/runner/work/ozone/ozone/hadoop-ozone/integration-test/target/test-dir/MiniOzoneClusterImpl-589494f2-24de-4a8c-8650-9a890bc48d46/datanode-7/data/ratis
2022-06-15 07:33:52,020 [Thread-230] INFO  ozoneimpl.ContainerReader (ContainerReader.java:readVolume(172)) - Finish verifying containers on volume /home/runner/work/ozone/ozone/hadoop-ozone/integration-test/target/test-dir/MiniOzoneClusterImpl-589494f2-24de-4a8c-8650-9a890bc48d46/datanode-7/data-0/containers/hdds
2022-06-15 07:33:52,020 [Listener at 127.0.0.1/34461] INFO  ozoneimpl.OzoneContainer (OzoneContainer.java:buildContainerSet(266)) - Build ContainerSet costs 0s
2022-06-15 07:33:52,022 [Listener at 127.0.0.1/34461] INFO  server.RaftServer (ConfUtils.java:logGet(46)) - raft.rpc.type = GRPC (default)
2022-06-15 07:33:52,023 [Listener at 127.0.0.1/34461] INFO  grpc.GrpcFactory (GrpcFactory.java:checkPooledByteBufAllocatorUseCacheForAllThreads(48)) - PERFORMANCE WARNING: useCacheForAllThreads is true that may cause Netty to create a lot garbage objects and, as a result, trigger GC.
	It is recommended to disable useCacheForAllThreads by setting -Dorg.apache.ratis.thirdparty.io.netty.allocator.useCacheForAllThreads=false in command line.
2022-06-15 07:33:52,023 [Listener at 127.0.0.1/34461] INFO  grpc.GrpcConfigKeys (ConfUtils.java:logGet(46)) - raft.grpc.admin.port = 0 (custom)
2022-06-15 07:33:52,023 [Listener at 127.0.0.1/34461] INFO  grpc.GrpcConfigKeys (ConfUtils.java:logGet(46)) - raft.grpc.client.port = 0 (custom)
2022-06-15 07:33:52,023 [Listener at 127.0.0.1/34461] INFO  grpc.GrpcConfigKeys (ConfUtils.java:logGet(46)) - raft.grpc.server.port = 0 (default)
2022-06-15 07:33:52,023 [Listener at 127.0.0.1/34461] INFO  server.GrpcService (ConfUtils.java:logGet(46)) - raft.grpc.message.size.max = 32MB (=33554432) (custom)
2022-06-15 07:33:52,023 [Listener at 127.0.0.1/34461] INFO  server.RaftServerConfigKeys (ConfUtils.java:logGet(46)) - raft.server.log.appender.buffer.byte-limit = 33554432 (custom)
2022-06-15 07:33:52,023 [Listener at 127.0.0.1/34461] INFO  server.GrpcService (ConfUtils.java:logGet(46)) - raft.grpc.flow.control.window = 5MB (=5242880) (custom)
2022-06-15 07:33:52,024 [Listener at 127.0.0.1/34461] INFO  server.RaftServerConfigKeys (ConfUtils.java:logGet(46)) - raft.server.rpc.request.timeout = 3000ms (default)
2022-06-15 07:33:52,024 [Listener at 127.0.0.1/34461] INFO  grpc.GrpcConfigKeys (ConfUtils.java:logGet(46)) - raft.grpc.server.async.request.thread.pool.cached = true (default)
2022-06-15 07:33:52,024 [Listener at 127.0.0.1/34461] INFO  grpc.GrpcConfigKeys (ConfUtils.java:logGet(46)) - raft.grpc.server.async.request.thread.pool.size = 32 (default)
2022-06-15 07:33:52,025 [Listener at 127.0.0.1/34461] INFO  impl.DataStreamServerImpl (ConfUtils.java:logGet(46)) - raft.datastream.type = DISABLED (default)
2022-06-15 07:33:52,025 [Listener at 127.0.0.1/34461] INFO  server.RaftServerConfigKeys (ConfUtils.java:logGet(46)) - raft.server.threadpool.proxy.cached = true (default)
2022-06-15 07:33:52,025 [Listener at 127.0.0.1/34461] INFO  server.RaftServerConfigKeys (ConfUtils.java:logGet(46)) - raft.server.threadpool.proxy.size = 0 (default)
2022-06-15 07:33:52,026 [Listener at 127.0.0.1/34461] INFO  server.RaftServerConfigKeys (ConfUtils.java:logGet(46)) - raft.server.rpc.slowness.timeout = 300000ms (custom)
2022-06-15 07:33:52,026 [Listener at 127.0.0.1/34461] INFO  server.RaftServerConfigKeys (ConfUtils.java:logGet(46)) - raft.server.leaderelection.leader.step-down.wait-time = 10s (default)
2022-06-15 07:33:52,026 [Listener at 127.0.0.1/34461] INFO  server.RaftServerConfigKeys (ConfUtils.java:logGet(46)) - raft.server.storage.dir = [/home/runner/work/ozone/ozone/hadoop-ozone/integration-test/target/test-dir/MiniOzoneClusterImpl-589494f2-24de-4a8c-8650-9a890bc48d46/datanode-7/data/ratis] (custom)
2022-06-15 07:33:52,028 [Listener at 127.0.0.1/34461] INFO  server.XceiverServerGrpc (XceiverServerGrpc.java:<init>(132)) - GrpcServer channel type EpollServerSocketChannel
2022-06-15 07:33:52,032 [Listener at 127.0.0.1/34461] INFO  http.BaseHttpServer (BaseHttpServer.java:newHttpServer2BuilderForOzone(209)) - Starting Web-server for hddsDatanode at: http://0.0.0.0:0
2022-06-15 07:33:52,032 [Listener at 127.0.0.1/34461] INFO  http.BaseHttpServer (BaseHttpServer.java:<init>(107)) - Hadoop Security Enabled: false Ozone Security Enabled: false Ozone HTTP Security Enabled: false 
2022-06-15 07:33:52,033 [Listener at 127.0.0.1/34461] INFO  server.AuthenticationFilter (AuthenticationFilter.java:constructSecretProvider(240)) - Unable to initialize FileSignerSecretProvider, falling back to use random secrets.
2022-06-15 07:33:52,034 [Listener at 127.0.0.1/34461] WARN  http.HttpRequestLog (HttpRequestLog.java:getRequestLog(103)) - Jetty request log can only be enabled using Log4j
2022-06-15 07:33:52,035 [Listener at 127.0.0.1/34461] INFO  http.HttpServer2 (HttpServer2.java:addGlobalFilter(1029)) - Added global filter 'safety' (class=org.apache.hadoop.hdds.server.http.HttpServer2$QuotingInputFilter)
2022-06-15 07:33:52,036 [Listener at 127.0.0.1/34461] INFO  http.HttpServer2 (HttpServer2.java:addFilter(1005)) - Added filter static_user_filter (class=org.apache.hadoop.http.lib.StaticUserWebFilter$StaticUserFilter) to context hddsDatanode
2022-06-15 07:33:52,036 [Listener at 127.0.0.1/34461] INFO  http.HttpServer2 (HttpServer2.java:addFilter(1013)) - Added filter static_user_filter (class=org.apache.hadoop.http.lib.StaticUserWebFilter$StaticUserFilter) to context logs
2022-06-15 07:33:52,036 [Listener at 127.0.0.1/34461] INFO  http.HttpServer2 (HttpServer2.java:addFilter(1013)) - Added filter static_user_filter (class=org.apache.hadoop.http.lib.StaticUserWebFilter$StaticUserFilter) to context static
2022-06-15 07:33:52,037 [Listener at 127.0.0.1/34461] INFO  http.HttpServer2 (HttpServer2.java:bindListener(1248)) - Jetty bound to port 43591
2022-06-15 07:33:52,037 [Listener at 127.0.0.1/34461] INFO  server.Server (Server.java:doStart(375)) - jetty-9.4.43.v20210629; built: 2021-06-30T11:07:22.254Z; git: 526006ecfa3af7f1a27ef3a288e2bef7ea9dd7e8; jvm 1.8.0_332-b09
2022-06-15 07:33:52,038 [Listener at 127.0.0.1/34461] INFO  server.session (DefaultSessionIdManager.java:doStart(334)) - DefaultSessionIdManager workerName=node0
2022-06-15 07:33:52,038 [Listener at 127.0.0.1/34461] INFO  server.session (DefaultSessionIdManager.java:doStart(339)) - No SessionScavenger set, using defaults
2022-06-15 07:33:52,038 [Listener at 127.0.0.1/34461] INFO  server.session (HouseKeeper.java:startScavenging(132)) - node0 Scavenging every 660000ms
2022-06-15 07:33:52,039 [Listener at 127.0.0.1/34461] INFO  handler.ContextHandler (ContextHandler.java:doStart(915)) - Started o.e.j.s.ServletContextHandler@2aeb8c7f{logs,/logs,file:///home/runner/work/ozone/ozone/hadoop-ozone/integration-test/target/log,AVAILABLE}
2022-06-15 07:33:52,040 [Listener at 127.0.0.1/34461] INFO  handler.ContextHandler (ContextHandler.java:doStart(915)) - Started o.e.j.s.ServletContextHandler@4f413b4c{static,/static,jar:file:/home/runner/.m2/repository/org/apache/ozone/hdds-container-service/1.3.0-SNAPSHOT/hdds-container-service-1.3.0-SNAPSHOT.jar!/webapps/static,AVAILABLE}
2022-06-15 07:33:52,202 [Listener at 127.0.0.1/34461] INFO  handler.ContextHandler (ContextHandler.java:doStart(915)) - Started o.e.j.w.WebAppContext@e0dd692{hddsDatanode,/,file:///tmp/jetty-0_0_0_0-43591-hdds-container-service-1_3_0-SNAPSHOT_jar-_-any-3047990927681327009/webapp/,AVAILABLE}{jar:file:/home/runner/.m2/repository/org/apache/ozone/hdds-container-service/1.3.0-SNAPSHOT/hdds-container-service-1.3.0-SNAPSHOT.jar!/webapps/hddsDatanode}
2022-06-15 07:33:52,204 [Listener at 127.0.0.1/34461] INFO  server.AbstractConnector (AbstractConnector.java:doStart(331)) - Started ServerConnector@4536cfd3{HTTP/1.1, (http/1.1)}{0.0.0.0:43591}
2022-06-15 07:33:52,204 [Listener at 127.0.0.1/34461] INFO  server.Server (Server.java:doStart(415)) - Started @10575ms
2022-06-15 07:33:52,205 [Listener at 127.0.0.1/34461] WARN  impl.MetricsSystemImpl (MetricsSystemImpl.java:register(279)) - Sink prometheus already exists!
2022-06-15 07:33:52,205 [Listener at 127.0.0.1/34461] INFO  http.BaseHttpServer (BaseHttpServer.java:updateConnectorAddress(329)) - HTTP server of hddsDatanode listening at http://0.0.0.0:43591
2022-06-15 07:33:52,209 [Listener at 127.0.0.1/34461] WARN  impl.MetricRegistriesImpl (MetricRegistriesImpl.java:addReporterRegistration(111)) - New reporters are added after registries were created. Some metrics will be missing from the reporter. Please add reporter before adding any new registry.
2022-06-15 07:33:52,209 [Listener at 127.0.0.1/34461] WARN  impl.MetricRegistriesImpl (MetricRegistriesImpl.java:addReporterRegistration(111)) - New reporters are added after registries were created. Some metrics will be missing from the reporter. Please add reporter before adding any new registry.
2022-06-15 07:33:52,209 [Listener at 127.0.0.1/34461] INFO  impl.MetricsSystemImpl (MetricsSystemImpl.java:init(158)) - HddsDatanode metrics system started (again)
2022-06-15 07:33:52,212 [Datanode State Machine Daemon Thread] INFO  statemachine.DatanodeStateMachine (DatanodeStateMachine.java:lambda$startDaemon$0(484)) - Ozone container server started.
2022-06-15 07:33:52,226 [Listener at 127.0.0.1/34461] INFO  ozone.HddsDatanodeService (HddsDatanodeService.java:start(236)) - HddsDatanodeService host:fv-az121-418.xhy4bhhdincepo0av04agjzkjc.cx.internal.cloudapp.net ip:10.1.0.11
2022-06-15 07:33:52,235 [org.apache.hadoop.util.JvmPauseMonitor$Monitor@2ca824c9] INFO  util.JvmPauseMonitor (JvmPauseMonitor.java:run(188)) - Starting JVM pause monitor
2022-06-15 07:33:52,245 [Datanode State Machine Task Thread - 0] INFO  datanode.InitDatanodeState (InitDatanodeState.java:persistContainerDatanodeDetails(138)) - DatanodeDetails is persisted to /home/runner/work/ozone/ozone/hadoop-ozone/integration-test/target/test-dir/MiniOzoneClusterImpl-589494f2-24de-4a8c-8650-9a890bc48d46/datanode-7/meta/datanode.id
2022-06-15 07:33:52,251 [Listener at 127.0.0.1/34461] INFO  upgrade.AbstractLayoutVersionManager (AbstractLayoutVersionManager.java:init(82)) - Initializing Layout version manager with metadata layout = DATANODE_SCHEMA_V3 (version = 4), software layout = DATANODE_SCHEMA_V3 (version = 4)
2022-06-15 07:33:52,297 [Listener at 127.0.0.1/34461] INFO  reflections.Reflections (Reflections.java:scan(232)) - Reflections took 45 ms to scan 7 urls, producing 131 keys and 311 values 
2022-06-15 07:33:52,298 [Listener at 127.0.0.1/34461] INFO  statemachine.DatanodeStateMachine (DatanodeStateMachine.java:getEndPointTaskThreadPoolSize(233)) - Datanode State Machine Task Thread Pool size 2
2022-06-15 07:33:52,300 [Listener at 127.0.0.1/34461] INFO  volume.HddsVolume (HddsVolume.java:<init>(116)) - Creating HddsVolume: /home/runner/work/ozone/ozone/hadoop-ozone/integration-test/target/test-dir/MiniOzoneClusterImpl-589494f2-24de-4a8c-8650-9a890bc48d46/datanode-8/data-0/containers/hdds of storage type : DISK capacity : 9223372036854775807
2022-06-15 07:33:52,301 [Listener at 127.0.0.1/34461] INFO  volume.MutableVolumeSet (MutableVolumeSet.java:initializeVolumeSet(174)) - Added Volume : /home/runner/work/ozone/ozone/hadoop-ozone/integration-test/target/test-dir/MiniOzoneClusterImpl-589494f2-24de-4a8c-8650-9a890bc48d46/datanode-8/data-0/containers/hdds to VolumeSet
2022-06-15 07:33:52,301 [Listener at 127.0.0.1/34461] INFO  volume.ThrottledAsyncChecker (ThrottledAsyncChecker.java:schedule(141)) - Scheduling a check for /home/runner/work/ozone/ozone/hadoop-ozone/integration-test/target/test-dir/MiniOzoneClusterImpl-589494f2-24de-4a8c-8650-9a890bc48d46/datanode-8/data-0/containers/hdds
2022-06-15 07:33:52,301 [Listener at 127.0.0.1/34461] INFO  volume.StorageVolumeChecker (StorageVolumeChecker.java:checkAllVolumes(202)) - Scheduled health check for volume /home/runner/work/ozone/ozone/hadoop-ozone/integration-test/target/test-dir/MiniOzoneClusterImpl-589494f2-24de-4a8c-8650-9a890bc48d46/datanode-8/data-0/containers/hdds
2022-06-15 07:33:52,313 [Listener at 127.0.0.1/34461] INFO  volume.MutableVolumeSet (MutableVolumeSet.java:initializeVolumeSet(174)) - Added Volume : /home/runner/work/ozone/ozone/hadoop-ozone/integration-test/target/test-dir/MiniOzoneClusterImpl-589494f2-24de-4a8c-8650-9a890bc48d46/datanode-8/data/ratis to VolumeSet
2022-06-15 07:33:52,314 [Listener at 127.0.0.1/34461] INFO  volume.ThrottledAsyncChecker (ThrottledAsyncChecker.java:schedule(141)) - Scheduling a check for /home/runner/work/ozone/ozone/hadoop-ozone/integration-test/target/test-dir/MiniOzoneClusterImpl-589494f2-24de-4a8c-8650-9a890bc48d46/datanode-8/data/ratis
2022-06-15 07:33:52,314 [Listener at 127.0.0.1/34461] INFO  volume.StorageVolumeChecker (StorageVolumeChecker.java:checkAllVolumes(202)) - Scheduled health check for volume /home/runner/work/ozone/ozone/hadoop-ozone/integration-test/target/test-dir/MiniOzoneClusterImpl-589494f2-24de-4a8c-8650-9a890bc48d46/datanode-8/data/ratis
2022-06-15 07:33:52,332 [Thread-243] INFO  ozoneimpl.ContainerReader (ContainerReader.java:readVolume(172)) - Finish verifying containers on volume /home/runner/work/ozone/ozone/hadoop-ozone/integration-test/target/test-dir/MiniOzoneClusterImpl-589494f2-24de-4a8c-8650-9a890bc48d46/datanode-8/data-0/containers/hdds
2022-06-15 07:33:52,339 [Listener at 127.0.0.1/34461] INFO  ozoneimpl.OzoneContainer (OzoneContainer.java:buildContainerSet(266)) - Build ContainerSet costs 0s
2022-06-15 07:33:52,342 [Listener at 127.0.0.1/34461] INFO  server.RaftServer (ConfUtils.java:logGet(46)) - raft.rpc.type = GRPC (default)
2022-06-15 07:33:52,342 [Listener at 127.0.0.1/34461] INFO  grpc.GrpcFactory (GrpcFactory.java:checkPooledByteBufAllocatorUseCacheForAllThreads(48)) - PERFORMANCE WARNING: useCacheForAllThreads is true that may cause Netty to create a lot garbage objects and, as a result, trigger GC.
	It is recommended to disable useCacheForAllThreads by setting -Dorg.apache.ratis.thirdparty.io.netty.allocator.useCacheForAllThreads=false in command line.
2022-06-15 07:33:52,342 [Listener at 127.0.0.1/34461] INFO  grpc.GrpcConfigKeys (ConfUtils.java:logGet(46)) - raft.grpc.admin.port = 0 (custom)
2022-06-15 07:33:52,342 [Listener at 127.0.0.1/34461] INFO  grpc.GrpcConfigKeys (ConfUtils.java:logGet(46)) - raft.grpc.client.port = 0 (custom)
2022-06-15 07:33:52,342 [Listener at 127.0.0.1/34461] INFO  grpc.GrpcConfigKeys (ConfUtils.java:logGet(46)) - raft.grpc.server.port = 0 (default)
2022-06-15 07:33:52,342 [Listener at 127.0.0.1/34461] INFO  server.GrpcService (ConfUtils.java:logGet(46)) - raft.grpc.message.size.max = 32MB (=33554432) (custom)
2022-06-15 07:33:52,343 [Listener at 127.0.0.1/34461] INFO  server.RaftServerConfigKeys (ConfUtils.java:logGet(46)) - raft.server.log.appender.buffer.byte-limit = 33554432 (custom)
2022-06-15 07:33:52,343 [Listener at 127.0.0.1/34461] INFO  server.GrpcService (ConfUtils.java:logGet(46)) - raft.grpc.flow.control.window = 5MB (=5242880) (custom)
2022-06-15 07:33:52,343 [Listener at 127.0.0.1/34461] INFO  server.RaftServerConfigKeys (ConfUtils.java:logGet(46)) - raft.server.rpc.request.timeout = 3000ms (default)
2022-06-15 07:33:52,343 [Listener at 127.0.0.1/34461] INFO  grpc.GrpcConfigKeys (ConfUtils.java:logGet(46)) - raft.grpc.server.async.request.thread.pool.cached = true (default)
2022-06-15 07:33:52,343 [Listener at 127.0.0.1/34461] INFO  grpc.GrpcConfigKeys (ConfUtils.java:logGet(46)) - raft.grpc.server.async.request.thread.pool.size = 32 (default)
2022-06-15 07:33:52,344 [Listener at 127.0.0.1/34461] INFO  impl.DataStreamServerImpl (ConfUtils.java:logGet(46)) - raft.datastream.type = DISABLED (default)
2022-06-15 07:33:52,345 [Listener at 127.0.0.1/34461] INFO  server.RaftServerConfigKeys (ConfUtils.java:logGet(46)) - raft.server.threadpool.proxy.cached = true (default)
2022-06-15 07:33:52,345 [Listener at 127.0.0.1/34461] INFO  server.RaftServerConfigKeys (ConfUtils.java:logGet(46)) - raft.server.threadpool.proxy.size = 0 (default)
2022-06-15 07:33:52,345 [Listener at 127.0.0.1/34461] INFO  server.RaftServerConfigKeys (ConfUtils.java:logGet(46)) - raft.server.rpc.slowness.timeout = 300000ms (custom)
2022-06-15 07:33:52,345 [Listener at 127.0.0.1/34461] INFO  server.RaftServerConfigKeys (ConfUtils.java:logGet(46)) - raft.server.leaderelection.leader.step-down.wait-time = 10s (default)
2022-06-15 07:33:52,345 [Listener at 127.0.0.1/34461] INFO  server.RaftServerConfigKeys (ConfUtils.java:logGet(46)) - raft.server.storage.dir = [/home/runner/work/ozone/ozone/hadoop-ozone/integration-test/target/test-dir/MiniOzoneClusterImpl-589494f2-24de-4a8c-8650-9a890bc48d46/datanode-8/data/ratis] (custom)
2022-06-15 07:33:52,345 [EndpointStateMachine task thread for /0.0.0.0:42631 - 0 ] INFO  volume.HddsVolume (HddsVolume.java:createDbStore(309)) - SchemaV3 db is created and loaded at /home/runner/work/ozone/ozone/hadoop-ozone/integration-test/target/test-dir/MiniOzoneClusterImpl-589494f2-24de-4a8c-8650-9a890bc48d46/datanode-1/data-0/containers/hdds/589494f2-24de-4a8c-8650-9a890bc48d46/DS-ef6bdb5d-dcb9-4ab5-82b4-c06f6621e4ad/container.db for volume DS-ef6bdb5d-dcb9-4ab5-82b4-c06f6621e4ad
2022-06-15 07:33:52,352 [EndpointStateMachine task thread for /0.0.0.0:42631 - 0 ] INFO  volume.HddsVolume (HddsVolume.java:closeDbStore(340)) - SchemaV3 db is stopped at /home/runner/work/ozone/ozone/hadoop-ozone/integration-test/target/test-dir/MiniOzoneClusterImpl-589494f2-24de-4a8c-8650-9a890bc48d46/datanode-1/data-0/containers/hdds/589494f2-24de-4a8c-8650-9a890bc48d46/DS-ef6bdb5d-dcb9-4ab5-82b4-c06f6621e4ad/container.db for volume DS-ef6bdb5d-dcb9-4ab5-82b4-c06f6621e4ad
2022-06-15 07:33:52,352 [EndpointStateMachine task thread for /0.0.0.0:42631 - 0 ] INFO  ozoneimpl.OzoneContainer (OzoneContainer.java:start(344)) - Attempting to start container services.
2022-06-15 07:33:52,352 [EndpointStateMachine task thread for /0.0.0.0:42631 - 0 ] INFO  ozoneimpl.OzoneContainer (OzoneContainer.java:startContainerScrub(279)) - Background container scanner has been disabled.
2022-06-15 07:33:52,354 [Listener at 127.0.0.1/34461] INFO  server.XceiverServerGrpc (XceiverServerGrpc.java:<init>(132)) - GrpcServer channel type EpollServerSocketChannel
2022-06-15 07:33:52,356 [EndpointStateMachine task thread for /0.0.0.0:42631 - 0 ] INFO  replication.ReplicationServer (ReplicationServer.java:start(111)) - ReplicationServer is started using port 45673
2022-06-15 07:33:52,357 [EndpointStateMachine task thread for /0.0.0.0:42631 - 0 ] INFO  ratis.XceiverServerRatis (XceiverServerRatis.java:start(481)) - Starting XceiverServerRatis b0a9d56e-b544-41cd-b2b1-b34d126127d5
2022-06-15 07:33:52,359 [EndpointStateMachine task thread for /0.0.0.0:42631 - 0 ] INFO  server.RaftServer (RaftServerProxy.java:lambda$start$6(382)) - b0a9d56e-b544-41cd-b2b1-b34d126127d5: start RPC server
2022-06-15 07:33:52,361 [EndpointStateMachine task thread for /0.0.0.0:42631 - 0 ] INFO  server.GrpcService (GrpcService.java:startImpl(260)) - b0a9d56e-b544-41cd-b2b1-b34d126127d5: GrpcService started, listening on 34765
2022-06-15 07:33:52,361 [EndpointStateMachine task thread for /0.0.0.0:42631 - 0 ] INFO  ratis.XceiverServerRatis (XceiverServerRatis.java:getRealPort(502)) - XceiverServerRatis b0a9d56e-b544-41cd-b2b1-b34d126127d5 is started using port 34765 for RATIS
2022-06-15 07:33:52,361 [EndpointStateMachine task thread for /0.0.0.0:42631 - 0 ] INFO  ratis.XceiverServerRatis (XceiverServerRatis.java:getRealPort(502)) - XceiverServerRatis b0a9d56e-b544-41cd-b2b1-b34d126127d5 is started using port 34765 for RATIS_ADMIN
2022-06-15 07:33:52,361 [EndpointStateMachine task thread for /0.0.0.0:42631 - 0 ] INFO  ratis.XceiverServerRatis (XceiverServerRatis.java:getRealPort(502)) - XceiverServerRatis b0a9d56e-b544-41cd-b2b1-b34d126127d5 is started using port 34765 for RATIS_SERVER
2022-06-15 07:33:52,363 [org.apache.ratis.util.JvmPauseMonitor$$Lambda$681/1621678294@56bc91d1] INFO  util.JvmPauseMonitor (JvmPauseMonitor.java:run(103)) - JvmPauseMonitor-b0a9d56e-b544-41cd-b2b1-b34d126127d5: Started
2022-06-15 07:33:52,364 [Listener at 127.0.0.1/34461] INFO  http.BaseHttpServer (BaseHttpServer.java:newHttpServer2BuilderForOzone(209)) - Starting Web-server for hddsDatanode at: http://0.0.0.0:0
2022-06-15 07:33:52,364 [Listener at 127.0.0.1/34461] INFO  http.BaseHttpServer (BaseHttpServer.java:<init>(107)) - Hadoop Security Enabled: false Ozone Security Enabled: false Ozone HTTP Security Enabled: false 
2022-06-15 07:33:52,366 [Listener at 127.0.0.1/34461] INFO  server.AuthenticationFilter (AuthenticationFilter.java:constructSecretProvider(240)) - Unable to initialize FileSignerSecretProvider, falling back to use random secrets.
2022-06-15 07:33:52,366 [Listener at 127.0.0.1/34461] WARN  http.HttpRequestLog (HttpRequestLog.java:getRequestLog(103)) - Jetty request log can only be enabled using Log4j
2022-06-15 07:33:52,368 [Listener at 127.0.0.1/34461] INFO  http.HttpServer2 (HttpServer2.java:addGlobalFilter(1029)) - Added global filter 'safety' (class=org.apache.hadoop.hdds.server.http.HttpServer2$QuotingInputFilter)
2022-06-15 07:33:52,369 [Listener at 127.0.0.1/34461] INFO  http.HttpServer2 (HttpServer2.java:addFilter(1005)) - Added filter static_user_filter (class=org.apache.hadoop.http.lib.StaticUserWebFilter$StaticUserFilter) to context hddsDatanode
2022-06-15 07:33:52,369 [Listener at 127.0.0.1/34461] INFO  http.HttpServer2 (HttpServer2.java:addFilter(1013)) - Added filter static_user_filter (class=org.apache.hadoop.http.lib.StaticUserWebFilter$StaticUserFilter) to context logs
2022-06-15 07:33:52,369 [Listener at 127.0.0.1/34461] INFO  http.HttpServer2 (HttpServer2.java:addFilter(1013)) - Added filter static_user_filter (class=org.apache.hadoop.http.lib.StaticUserWebFilter$StaticUserFilter) to context static
2022-06-15 07:33:52,369 [Listener at 127.0.0.1/34461] INFO  http.HttpServer2 (HttpServer2.java:bindListener(1248)) - Jetty bound to port 38177
2022-06-15 07:33:52,370 [Listener at 127.0.0.1/34461] INFO  server.Server (Server.java:doStart(375)) - jetty-9.4.43.v20210629; built: 2021-06-30T11:07:22.254Z; git: 526006ecfa3af7f1a27ef3a288e2bef7ea9dd7e8; jvm 1.8.0_332-b09
2022-06-15 07:33:52,375 [EndpointStateMachine task thread for /0.0.0.0:42631 - 0 ] INFO  server.XceiverServerGrpc (XceiverServerGrpc.java:start(180)) - XceiverServerGrpc b0a9d56e-b544-41cd-b2b1-b34d126127d5 is started using port 46291
2022-06-15 07:33:52,382 [Listener at 127.0.0.1/34461] INFO  server.session (DefaultSessionIdManager.java:doStart(334)) - DefaultSessionIdManager workerName=node0
2022-06-15 07:33:52,383 [Listener at 127.0.0.1/34461] INFO  server.session (DefaultSessionIdManager.java:doStart(339)) - No SessionScavenger set, using defaults
2022-06-15 07:33:52,383 [Listener at 127.0.0.1/34461] INFO  server.session (HouseKeeper.java:startScavenging(132)) - node0 Scavenging every 600000ms
2022-06-15 07:33:52,384 [Listener at 127.0.0.1/34461] INFO  handler.ContextHandler (ContextHandler.java:doStart(915)) - Started o.e.j.s.ServletContextHandler@1c393e6a{logs,/logs,file:///home/runner/work/ozone/ozone/hadoop-ozone/integration-test/target/log,AVAILABLE}
2022-06-15 07:33:52,384 [Listener at 127.0.0.1/34461] INFO  handler.ContextHandler (ContextHandler.java:doStart(915)) - Started o.e.j.s.ServletContextHandler@6eb9b722{static,/static,jar:file:/home/runner/.m2/repository/org/apache/ozone/hdds-container-service/1.3.0-SNAPSHOT/hdds-container-service-1.3.0-SNAPSHOT.jar!/webapps/static,AVAILABLE}
2022-06-15 07:33:52,549 [Listener at 127.0.0.1/34461] INFO  handler.ContextHandler (ContextHandler.java:doStart(915)) - Started o.e.j.w.WebAppContext@79a81a4f{hddsDatanode,/,file:///tmp/jetty-0_0_0_0-38177-hdds-container-service-1_3_0-SNAPSHOT_jar-_-any-7416761713557326432/webapp/,AVAILABLE}{jar:file:/home/runner/.m2/repository/org/apache/ozone/hdds-container-service/1.3.0-SNAPSHOT/hdds-container-service-1.3.0-SNAPSHOT.jar!/webapps/hddsDatanode}
2022-06-15 07:33:52,551 [Listener at 127.0.0.1/34461] INFO  server.AbstractConnector (AbstractConnector.java:doStart(331)) - Started ServerConnector@3755b8da{HTTP/1.1, (http/1.1)}{0.0.0.0:38177}
2022-06-15 07:33:52,551 [Listener at 127.0.0.1/34461] INFO  server.Server (Server.java:doStart(415)) - Started @10921ms
2022-06-15 07:33:52,551 [Listener at 127.0.0.1/34461] WARN  impl.MetricsSystemImpl (MetricsSystemImpl.java:register(279)) - Sink prometheus already exists!
2022-06-15 07:33:52,552 [Listener at 127.0.0.1/34461] INFO  http.BaseHttpServer (BaseHttpServer.java:updateConnectorAddress(329)) - HTTP server of hddsDatanode listening at http://0.0.0.0:38177
2022-06-15 07:33:52,559 [Datanode State Machine Daemon Thread] INFO  statemachine.DatanodeStateMachine (DatanodeStateMachine.java:lambda$startDaemon$0(484)) - Ozone container server started.
2022-06-15 07:33:52,560 [Listener at 127.0.0.1/34461] WARN  impl.MetricRegistriesImpl (MetricRegistriesImpl.java:addReporterRegistration(111)) - New reporters are added after registries were created. Some metrics will be missing from the reporter. Please add reporter before adding any new registry.
2022-06-15 07:33:52,560 [Listener at 127.0.0.1/34461] WARN  impl.MetricRegistriesImpl (MetricRegistriesImpl.java:addReporterRegistration(111)) - New reporters are added after registries were created. Some metrics will be missing from the reporter. Please add reporter before adding any new registry.
2022-06-15 07:33:52,560 [Listener at 127.0.0.1/34461] INFO  impl.MetricsSystemImpl (MetricsSystemImpl.java:init(158)) - HddsDatanode metrics system started (again)
2022-06-15 07:33:52,567 [org.apache.hadoop.util.JvmPauseMonitor$Monitor@4a32a826] INFO  util.JvmPauseMonitor (JvmPauseMonitor.java:run(188)) - Starting JVM pause monitor
2022-06-15 07:33:52,572 [Datanode State Machine Task Thread - 0] INFO  datanode.InitDatanodeState (InitDatanodeState.java:persistContainerDatanodeDetails(138)) - DatanodeDetails is persisted to /home/runner/work/ozone/ozone/hadoop-ozone/integration-test/target/test-dir/MiniOzoneClusterImpl-589494f2-24de-4a8c-8650-9a890bc48d46/datanode-8/meta/datanode.id
2022-06-15 07:33:52,574 [Listener at 127.0.0.1/34461] INFO  ozone.HddsDatanodeService (HddsDatanodeService.java:start(236)) - HddsDatanodeService host:fv-az121-418.xhy4bhhdincepo0av04agjzkjc.cx.internal.cloudapp.net ip:10.1.0.11
2022-06-15 07:33:52,592 [Listener at 127.0.0.1/34461] INFO  upgrade.AbstractLayoutVersionManager (AbstractLayoutVersionManager.java:init(82)) - Initializing Layout version manager with metadata layout = DATANODE_SCHEMA_V3 (version = 4), software layout = DATANODE_SCHEMA_V3 (version = 4)
2022-06-15 07:33:52,640 [Listener at 127.0.0.1/34461] INFO  reflections.Reflections (Reflections.java:scan(232)) - Reflections took 47 ms to scan 7 urls, producing 131 keys and 311 values 
2022-06-15 07:33:52,641 [Listener at 127.0.0.1/34461] INFO  statemachine.DatanodeStateMachine (DatanodeStateMachine.java:getEndPointTaskThreadPoolSize(233)) - Datanode State Machine Task Thread Pool size 2
2022-06-15 07:33:52,643 [Listener at 127.0.0.1/34461] INFO  volume.HddsVolume (HddsVolume.java:<init>(116)) - Creating HddsVolume: /home/runner/work/ozone/ozone/hadoop-ozone/integration-test/target/test-dir/MiniOzoneClusterImpl-589494f2-24de-4a8c-8650-9a890bc48d46/datanode-9/data-0/containers/hdds of storage type : DISK capacity : 9223372036854775807
2022-06-15 07:33:52,644 [Listener at 127.0.0.1/34461] INFO  volume.MutableVolumeSet (MutableVolumeSet.java:initializeVolumeSet(174)) - Added Volume : /home/runner/work/ozone/ozone/hadoop-ozone/integration-test/target/test-dir/MiniOzoneClusterImpl-589494f2-24de-4a8c-8650-9a890bc48d46/datanode-9/data-0/containers/hdds to VolumeSet
2022-06-15 07:33:52,644 [Listener at 127.0.0.1/34461] INFO  volume.ThrottledAsyncChecker (ThrottledAsyncChecker.java:schedule(141)) - Scheduling a check for /home/runner/work/ozone/ozone/hadoop-ozone/integration-test/target/test-dir/MiniOzoneClusterImpl-589494f2-24de-4a8c-8650-9a890bc48d46/datanode-9/data-0/containers/hdds
2022-06-15 07:33:52,655 [Listener at 127.0.0.1/34461] INFO  volume.StorageVolumeChecker (StorageVolumeChecker.java:checkAllVolumes(202)) - Scheduled health check for volume /home/runner/work/ozone/ozone/hadoop-ozone/integration-test/target/test-dir/MiniOzoneClusterImpl-589494f2-24de-4a8c-8650-9a890bc48d46/datanode-9/data-0/containers/hdds
2022-06-15 07:33:52,669 [Listener at 127.0.0.1/34461] INFO  volume.MutableVolumeSet (MutableVolumeSet.java:initializeVolumeSet(174)) - Added Volume : /home/runner/work/ozone/ozone/hadoop-ozone/integration-test/target/test-dir/MiniOzoneClusterImpl-589494f2-24de-4a8c-8650-9a890bc48d46/datanode-9/data/ratis to VolumeSet
2022-06-15 07:33:52,670 [Listener at 127.0.0.1/34461] INFO  volume.ThrottledAsyncChecker (ThrottledAsyncChecker.java:schedule(141)) - Scheduling a check for /home/runner/work/ozone/ozone/hadoop-ozone/integration-test/target/test-dir/MiniOzoneClusterImpl-589494f2-24de-4a8c-8650-9a890bc48d46/datanode-9/data/ratis
2022-06-15 07:33:52,670 [Listener at 127.0.0.1/34461] INFO  volume.StorageVolumeChecker (StorageVolumeChecker.java:checkAllVolumes(202)) - Scheduled health check for volume /home/runner/work/ozone/ozone/hadoop-ozone/integration-test/target/test-dir/MiniOzoneClusterImpl-589494f2-24de-4a8c-8650-9a890bc48d46/datanode-9/data/ratis
2022-06-15 07:33:52,674 [EndpointStateMachine task thread for /0.0.0.0:42631 - 0 ] INFO  volume.HddsVolume (HddsVolume.java:createDbStore(309)) - SchemaV3 db is created and loaded at /home/runner/work/ozone/ozone/hadoop-ozone/integration-test/target/test-dir/MiniOzoneClusterImpl-589494f2-24de-4a8c-8650-9a890bc48d46/datanode-2/data-0/containers/hdds/589494f2-24de-4a8c-8650-9a890bc48d46/DS-13fcb4dd-0c96-48f4-9c56-d8eefdb60312/container.db for volume DS-13fcb4dd-0c96-48f4-9c56-d8eefdb60312
2022-06-15 07:33:52,675 [EndpointStateMachine task thread for /0.0.0.0:42631 - 0 ] INFO  volume.HddsVolume (HddsVolume.java:closeDbStore(340)) - SchemaV3 db is stopped at /home/runner/work/ozone/ozone/hadoop-ozone/integration-test/target/test-dir/MiniOzoneClusterImpl-589494f2-24de-4a8c-8650-9a890bc48d46/datanode-2/data-0/containers/hdds/589494f2-24de-4a8c-8650-9a890bc48d46/DS-13fcb4dd-0c96-48f4-9c56-d8eefdb60312/container.db for volume DS-13fcb4dd-0c96-48f4-9c56-d8eefdb60312
2022-06-15 07:33:52,676 [EndpointStateMachine task thread for /0.0.0.0:42631 - 0 ] INFO  ozoneimpl.OzoneContainer (OzoneContainer.java:start(344)) - Attempting to start container services.
2022-06-15 07:33:52,676 [EndpointStateMachine task thread for /0.0.0.0:42631 - 0 ] INFO  ozoneimpl.OzoneContainer (OzoneContainer.java:startContainerScrub(279)) - Background container scanner has been disabled.
2022-06-15 07:33:52,679 [EndpointStateMachine task thread for /0.0.0.0:42631 - 0 ] INFO  replication.ReplicationServer (ReplicationServer.java:start(111)) - ReplicationServer is started using port 36157
2022-06-15 07:33:52,694 [EndpointStateMachine task thread for /0.0.0.0:42631 - 0 ] INFO  ratis.XceiverServerRatis (XceiverServerRatis.java:start(481)) - Starting XceiverServerRatis 657a5ecd-0fe1-496e-aa3e-85dbaec35512
2022-06-15 07:33:52,694 [Thread-259] INFO  ozoneimpl.ContainerReader (ContainerReader.java:readVolume(172)) - Finish verifying containers on volume /home/runner/work/ozone/ozone/hadoop-ozone/integration-test/target/test-dir/MiniOzoneClusterImpl-589494f2-24de-4a8c-8650-9a890bc48d46/datanode-9/data-0/containers/hdds
2022-06-15 07:33:52,694 [Listener at 127.0.0.1/34461] INFO  ozoneimpl.OzoneContainer (OzoneContainer.java:buildContainerSet(266)) - Build ContainerSet costs 0s
2022-06-15 07:33:52,697 [Listener at 127.0.0.1/34461] INFO  server.RaftServer (ConfUtils.java:logGet(46)) - raft.rpc.type = GRPC (default)
2022-06-15 07:33:52,697 [Listener at 127.0.0.1/34461] INFO  grpc.GrpcFactory (GrpcFactory.java:checkPooledByteBufAllocatorUseCacheForAllThreads(48)) - PERFORMANCE WARNING: useCacheForAllThreads is true that may cause Netty to create a lot garbage objects and, as a result, trigger GC.
	It is recommended to disable useCacheForAllThreads by setting -Dorg.apache.ratis.thirdparty.io.netty.allocator.useCacheForAllThreads=false in command line.
2022-06-15 07:33:52,698 [Listener at 127.0.0.1/34461] INFO  grpc.GrpcConfigKeys (ConfUtils.java:logGet(46)) - raft.grpc.admin.port = 0 (custom)
2022-06-15 07:33:52,698 [Listener at 127.0.0.1/34461] INFO  grpc.GrpcConfigKeys (ConfUtils.java:logGet(46)) - raft.grpc.client.port = 0 (custom)
2022-06-15 07:33:52,698 [Listener at 127.0.0.1/34461] INFO  grpc.GrpcConfigKeys (ConfUtils.java:logGet(46)) - raft.grpc.server.port = 0 (default)
2022-06-15 07:33:52,698 [Listener at 127.0.0.1/34461] INFO  server.GrpcService (ConfUtils.java:logGet(46)) - raft.grpc.message.size.max = 32MB (=33554432) (custom)
2022-06-15 07:33:52,698 [Listener at 127.0.0.1/34461] INFO  server.RaftServerConfigKeys (ConfUtils.java:logGet(46)) - raft.server.log.appender.buffer.byte-limit = 33554432 (custom)
2022-06-15 07:33:52,698 [Listener at 127.0.0.1/34461] INFO  server.GrpcService (ConfUtils.java:logGet(46)) - raft.grpc.flow.control.window = 5MB (=5242880) (custom)
2022-06-15 07:33:52,698 [Listener at 127.0.0.1/34461] INFO  server.RaftServerConfigKeys (ConfUtils.java:logGet(46)) - raft.server.rpc.request.timeout = 3000ms (default)
2022-06-15 07:33:52,698 [Listener at 127.0.0.1/34461] INFO  grpc.GrpcConfigKeys (ConfUtils.java:logGet(46)) - raft.grpc.server.async.request.thread.pool.cached = true (default)
2022-06-15 07:33:52,699 [Listener at 127.0.0.1/34461] INFO  grpc.GrpcConfigKeys (ConfUtils.java:logGet(46)) - raft.grpc.server.async.request.thread.pool.size = 32 (default)
2022-06-15 07:33:52,700 [Listener at 127.0.0.1/34461] INFO  impl.DataStreamServerImpl (ConfUtils.java:logGet(46)) - raft.datastream.type = DISABLED (default)
2022-06-15 07:33:52,700 [Listener at 127.0.0.1/34461] INFO  server.RaftServerConfigKeys (ConfUtils.java:logGet(46)) - raft.server.threadpool.proxy.cached = true (default)
2022-06-15 07:33:52,700 [Listener at 127.0.0.1/34461] INFO  server.RaftServerConfigKeys (ConfUtils.java:logGet(46)) - raft.server.threadpool.proxy.size = 0 (default)
2022-06-15 07:33:52,700 [Listener at 127.0.0.1/34461] INFO  server.RaftServerConfigKeys (ConfUtils.java:logGet(46)) - raft.server.rpc.slowness.timeout = 300000ms (custom)
2022-06-15 07:33:52,701 [Listener at 127.0.0.1/34461] INFO  server.RaftServerConfigKeys (ConfUtils.java:logGet(46)) - raft.server.leaderelection.leader.step-down.wait-time = 10s (default)
2022-06-15 07:33:52,701 [Listener at 127.0.0.1/34461] INFO  server.RaftServerConfigKeys (ConfUtils.java:logGet(46)) - raft.server.storage.dir = [/home/runner/work/ozone/ozone/hadoop-ozone/integration-test/target/test-dir/MiniOzoneClusterImpl-589494f2-24de-4a8c-8650-9a890bc48d46/datanode-9/data/ratis] (custom)
2022-06-15 07:33:52,704 [Listener at 127.0.0.1/34461] INFO  server.XceiverServerGrpc (XceiverServerGrpc.java:<init>(132)) - GrpcServer channel type EpollServerSocketChannel
2022-06-15 07:33:52,707 [EndpointStateMachine task thread for /0.0.0.0:42631 - 0 ] INFO  server.RaftServer (RaftServerProxy.java:lambda$start$6(382)) - 657a5ecd-0fe1-496e-aa3e-85dbaec35512: start RPC server
2022-06-15 07:33:52,709 [Listener at 127.0.0.1/34461] INFO  http.BaseHttpServer (BaseHttpServer.java:newHttpServer2BuilderForOzone(209)) - Starting Web-server for hddsDatanode at: http://0.0.0.0:0
2022-06-15 07:33:52,709 [Listener at 127.0.0.1/34461] INFO  http.BaseHttpServer (BaseHttpServer.java:<init>(107)) - Hadoop Security Enabled: false Ozone Security Enabled: false Ozone HTTP Security Enabled: false 
2022-06-15 07:33:52,711 [Listener at 127.0.0.1/34461] INFO  server.AuthenticationFilter (AuthenticationFilter.java:constructSecretProvider(240)) - Unable to initialize FileSignerSecretProvider, falling back to use random secrets.
2022-06-15 07:33:52,715 [Listener at 127.0.0.1/34461] WARN  http.HttpRequestLog (HttpRequestLog.java:getRequestLog(103)) - Jetty request log can only be enabled using Log4j
2022-06-15 07:33:52,716 [Listener at 127.0.0.1/34461] INFO  http.HttpServer2 (HttpServer2.java:addGlobalFilter(1029)) - Added global filter 'safety' (class=org.apache.hadoop.hdds.server.http.HttpServer2$QuotingInputFilter)
2022-06-15 07:33:52,717 [EndpointStateMachine task thread for /0.0.0.0:42631 - 0 ] INFO  server.GrpcService (GrpcService.java:startImpl(260)) - 657a5ecd-0fe1-496e-aa3e-85dbaec35512: GrpcService started, listening on 33757
2022-06-15 07:33:52,718 [Listener at 127.0.0.1/34461] INFO  http.HttpServer2 (HttpServer2.java:addFilter(1005)) - Added filter static_user_filter (class=org.apache.hadoop.http.lib.StaticUserWebFilter$StaticUserFilter) to context hddsDatanode
2022-06-15 07:33:52,718 [Listener at 127.0.0.1/34461] INFO  http.HttpServer2 (HttpServer2.java:addFilter(1013)) - Added filter static_user_filter (class=org.apache.hadoop.http.lib.StaticUserWebFilter$StaticUserFilter) to context static
2022-06-15 07:33:52,718 [Listener at 127.0.0.1/34461] INFO  http.HttpServer2 (HttpServer2.java:addFilter(1013)) - Added filter static_user_filter (class=org.apache.hadoop.http.lib.StaticUserWebFilter$StaticUserFilter) to context logs
2022-06-15 07:33:52,719 [Listener at 127.0.0.1/34461] INFO  http.HttpServer2 (HttpServer2.java:bindListener(1248)) - Jetty bound to port 42703
2022-06-15 07:33:52,719 [Listener at 127.0.0.1/34461] INFO  server.Server (Server.java:doStart(375)) - jetty-9.4.43.v20210629; built: 2021-06-30T11:07:22.254Z; git: 526006ecfa3af7f1a27ef3a288e2bef7ea9dd7e8; jvm 1.8.0_332-b09
2022-06-15 07:33:52,720 [EndpointStateMachine task thread for /0.0.0.0:42631 - 0 ] INFO  ratis.XceiverServerRatis (XceiverServerRatis.java:getRealPort(502)) - XceiverServerRatis 657a5ecd-0fe1-496e-aa3e-85dbaec35512 is started using port 33757 for RATIS
2022-06-15 07:33:52,720 [EndpointStateMachine task thread for /0.0.0.0:42631 - 0 ] INFO  ratis.XceiverServerRatis (XceiverServerRatis.java:getRealPort(502)) - XceiverServerRatis 657a5ecd-0fe1-496e-aa3e-85dbaec35512 is started using port 33757 for RATIS_ADMIN
2022-06-15 07:33:52,720 [EndpointStateMachine task thread for /0.0.0.0:42631 - 0 ] INFO  ratis.XceiverServerRatis (XceiverServerRatis.java:getRealPort(502)) - XceiverServerRatis 657a5ecd-0fe1-496e-aa3e-85dbaec35512 is started using port 33757 for RATIS_SERVER
2022-06-15 07:33:52,720 [org.apache.ratis.util.JvmPauseMonitor$$Lambda$681/1621678294@3ec9fb85] INFO  util.JvmPauseMonitor (JvmPauseMonitor.java:run(103)) - JvmPauseMonitor-657a5ecd-0fe1-496e-aa3e-85dbaec35512: Started
2022-06-15 07:33:52,731 [EndpointStateMachine task thread for /0.0.0.0:42631 - 0 ] INFO  server.XceiverServerGrpc (XceiverServerGrpc.java:start(180)) - XceiverServerGrpc 657a5ecd-0fe1-496e-aa3e-85dbaec35512 is started using port 41369
2022-06-15 07:33:52,741 [Listener at 127.0.0.1/34461] INFO  server.session (DefaultSessionIdManager.java:doStart(334)) - DefaultSessionIdManager workerName=node0
2022-06-15 07:33:52,741 [Listener at 127.0.0.1/34461] INFO  server.session (DefaultSessionIdManager.java:doStart(339)) - No SessionScavenger set, using defaults
2022-06-15 07:33:52,741 [Listener at 127.0.0.1/34461] INFO  server.session (HouseKeeper.java:startScavenging(132)) - node0 Scavenging every 600000ms
2022-06-15 07:33:52,742 [Listener at 127.0.0.1/34461] INFO  handler.ContextHandler (ContextHandler.java:doStart(915)) - Started o.e.j.s.ServletContextHandler@67a4a5b0{logs,/logs,file:///home/runner/work/ozone/ozone/hadoop-ozone/integration-test/target/log,AVAILABLE}
2022-06-15 07:33:52,743 [Listener at 127.0.0.1/34461] INFO  handler.ContextHandler (ContextHandler.java:doStart(915)) - Started o.e.j.s.ServletContextHandler@6ca590e6{static,/static,jar:file:/home/runner/.m2/repository/org/apache/ozone/hdds-container-service/1.3.0-SNAPSHOT/hdds-container-service-1.3.0-SNAPSHOT.jar!/webapps/static,AVAILABLE}
2022-06-15 07:33:52,912 [Listener at 127.0.0.1/34461] INFO  handler.ContextHandler (ContextHandler.java:doStart(915)) - Started o.e.j.w.WebAppContext@38030c7c{hddsDatanode,/,file:///tmp/jetty-0_0_0_0-42703-hdds-container-service-1_3_0-SNAPSHOT_jar-_-any-3294074967845375664/webapp/,AVAILABLE}{jar:file:/home/runner/.m2/repository/org/apache/ozone/hdds-container-service/1.3.0-SNAPSHOT/hdds-container-service-1.3.0-SNAPSHOT.jar!/webapps/hddsDatanode}
2022-06-15 07:33:52,914 [Listener at 127.0.0.1/34461] INFO  server.AbstractConnector (AbstractConnector.java:doStart(331)) - Started ServerConnector@33665e66{HTTP/1.1, (http/1.1)}{0.0.0.0:42703}
2022-06-15 07:33:52,914 [Listener at 127.0.0.1/34461] INFO  server.Server (Server.java:doStart(415)) - Started @11284ms
2022-06-15 07:33:52,914 [Listener at 127.0.0.1/34461] WARN  impl.MetricsSystemImpl (MetricsSystemImpl.java:register(279)) - Sink prometheus already exists!
2022-06-15 07:33:52,915 [Listener at 127.0.0.1/34461] INFO  http.BaseHttpServer (BaseHttpServer.java:updateConnectorAddress(329)) - HTTP server of hddsDatanode listening at http://0.0.0.0:42703
2022-06-15 07:33:52,925 [Listener at 127.0.0.1/34461] INFO  ozone.MiniOzoneClusterImpl (MiniOzoneClusterImpl.java:lambda$waitForClusterToBeReady$0(221)) - Waiting for nodes to be ready. Got 0 of 10 DN Heartbeats.
2022-06-15 07:33:52,925 [Listener at 127.0.0.1/34461] INFO  ozone.MiniOzoneClusterImpl (MiniOzoneClusterImpl.java:lambda$waitForClusterToBeReady$0(224)) - Waiting for cluster to exit safe mode
2022-06-15 07:33:52,925 [Listener at 127.0.0.1/34461] INFO  ozone.MiniOzoneClusterImpl (MiniOzoneClusterImpl.java:lambda$waitForClusterToBeReady$0(226)) - SCM became leader
2022-06-15 07:33:52,926 [Datanode State Machine Daemon Thread] INFO  statemachine.DatanodeStateMachine (DatanodeStateMachine.java:lambda$startDaemon$0(484)) - Ozone container server started.
2022-06-15 07:33:52,951 [org.apache.hadoop.util.JvmPauseMonitor$Monitor@7f7ac49c] INFO  util.JvmPauseMonitor (JvmPauseMonitor.java:run(188)) - Starting JVM pause monitor
2022-06-15 07:33:52,957 [Datanode State Machine Task Thread - 0] INFO  datanode.InitDatanodeState (InitDatanodeState.java:persistContainerDatanodeDetails(138)) - DatanodeDetails is persisted to /home/runner/work/ozone/ozone/hadoop-ozone/integration-test/target/test-dir/MiniOzoneClusterImpl-589494f2-24de-4a8c-8650-9a890bc48d46/datanode-9/meta/datanode.id
2022-06-15 07:33:52,981 [EndpointStateMachine task thread for /0.0.0.0:42631 - 0 ] INFO  volume.HddsVolume (HddsVolume.java:createDbStore(309)) - SchemaV3 db is created and loaded at /home/runner/work/ozone/ozone/hadoop-ozone/integration-test/target/test-dir/MiniOzoneClusterImpl-589494f2-24de-4a8c-8650-9a890bc48d46/datanode-3/data-0/containers/hdds/589494f2-24de-4a8c-8650-9a890bc48d46/DS-a5107d5f-2cd0-4075-84b2-ca2228c65cc8/container.db for volume DS-a5107d5f-2cd0-4075-84b2-ca2228c65cc8
2022-06-15 07:33:52,982 [EndpointStateMachine task thread for /0.0.0.0:42631 - 0 ] INFO  volume.HddsVolume (HddsVolume.java:closeDbStore(340)) - SchemaV3 db is stopped at /home/runner/work/ozone/ozone/hadoop-ozone/integration-test/target/test-dir/MiniOzoneClusterImpl-589494f2-24de-4a8c-8650-9a890bc48d46/datanode-3/data-0/containers/hdds/589494f2-24de-4a8c-8650-9a890bc48d46/DS-a5107d5f-2cd0-4075-84b2-ca2228c65cc8/container.db for volume DS-a5107d5f-2cd0-4075-84b2-ca2228c65cc8
2022-06-15 07:33:52,982 [EndpointStateMachine task thread for /0.0.0.0:42631 - 0 ] INFO  ozoneimpl.OzoneContainer (OzoneContainer.java:start(344)) - Attempting to start container services.
2022-06-15 07:33:52,982 [EndpointStateMachine task thread for /0.0.0.0:42631 - 0 ] INFO  ozoneimpl.OzoneContainer (OzoneContainer.java:startContainerScrub(279)) - Background container scanner has been disabled.
2022-06-15 07:33:52,984 [EndpointStateMachine task thread for /0.0.0.0:42631 - 0 ] INFO  replication.ReplicationServer (ReplicationServer.java:start(111)) - ReplicationServer is started using port 38917
2022-06-15 07:33:52,985 [EndpointStateMachine task thread for /0.0.0.0:42631 - 0 ] INFO  ratis.XceiverServerRatis (XceiverServerRatis.java:start(481)) - Starting XceiverServerRatis e547bcb9-eced-475a-8c61-963b1a05d208
2022-06-15 07:33:52,986 [EndpointStateMachine task thread for /0.0.0.0:42631 - 0 ] INFO  server.RaftServer (RaftServerProxy.java:lambda$start$6(382)) - e547bcb9-eced-475a-8c61-963b1a05d208: start RPC server
2022-06-15 07:33:52,987 [EndpointStateMachine task thread for /0.0.0.0:42631 - 0 ] INFO  server.GrpcService (GrpcService.java:startImpl(260)) - e547bcb9-eced-475a-8c61-963b1a05d208: GrpcService started, listening on 40217
2022-06-15 07:33:52,988 [EndpointStateMachine task thread for /0.0.0.0:42631 - 0 ] INFO  ratis.XceiverServerRatis (XceiverServerRatis.java:getRealPort(502)) - XceiverServerRatis e547bcb9-eced-475a-8c61-963b1a05d208 is started using port 40217 for RATIS
2022-06-15 07:33:52,988 [EndpointStateMachine task thread for /0.0.0.0:42631 - 0 ] INFO  ratis.XceiverServerRatis (XceiverServerRatis.java:getRealPort(502)) - XceiverServerRatis e547bcb9-eced-475a-8c61-963b1a05d208 is started using port 40217 for RATIS_ADMIN
2022-06-15 07:33:52,988 [EndpointStateMachine task thread for /0.0.0.0:42631 - 0 ] INFO  ratis.XceiverServerRatis (XceiverServerRatis.java:getRealPort(502)) - XceiverServerRatis e547bcb9-eced-475a-8c61-963b1a05d208 is started using port 40217 for RATIS_SERVER
2022-06-15 07:33:52,988 [org.apache.ratis.util.JvmPauseMonitor$$Lambda$681/1621678294@7a3a9e50] INFO  util.JvmPauseMonitor (JvmPauseMonitor.java:run(103)) - JvmPauseMonitor-e547bcb9-eced-475a-8c61-963b1a05d208: Started
2022-06-15 07:33:52,992 [EndpointStateMachine task thread for /0.0.0.0:42631 - 0 ] INFO  server.XceiverServerGrpc (XceiverServerGrpc.java:start(180)) - XceiverServerGrpc e547bcb9-eced-475a-8c61-963b1a05d208 is started using port 39049
2022-06-15 07:33:53,251 [EndpointStateMachine task thread for /0.0.0.0:42631 - 0 ] INFO  volume.HddsVolume (HddsVolume.java:createDbStore(309)) - SchemaV3 db is created and loaded at /home/runner/work/ozone/ozone/hadoop-ozone/integration-test/target/test-dir/MiniOzoneClusterImpl-589494f2-24de-4a8c-8650-9a890bc48d46/datanode-4/data-0/containers/hdds/589494f2-24de-4a8c-8650-9a890bc48d46/DS-82f21ff8-e143-4607-827f-56c877cb6723/container.db for volume DS-82f21ff8-e143-4607-827f-56c877cb6723
2022-06-15 07:33:53,252 [EndpointStateMachine task thread for /0.0.0.0:42631 - 0 ] INFO  volume.HddsVolume (HddsVolume.java:closeDbStore(340)) - SchemaV3 db is stopped at /home/runner/work/ozone/ozone/hadoop-ozone/integration-test/target/test-dir/MiniOzoneClusterImpl-589494f2-24de-4a8c-8650-9a890bc48d46/datanode-4/data-0/containers/hdds/589494f2-24de-4a8c-8650-9a890bc48d46/DS-82f21ff8-e143-4607-827f-56c877cb6723/container.db for volume DS-82f21ff8-e143-4607-827f-56c877cb6723
2022-06-15 07:33:53,252 [EndpointStateMachine task thread for /0.0.0.0:42631 - 0 ] INFO  ozoneimpl.OzoneContainer (OzoneContainer.java:start(344)) - Attempting to start container services.
2022-06-15 07:33:53,252 [EndpointStateMachine task thread for /0.0.0.0:42631 - 0 ] INFO  ozoneimpl.OzoneContainer (OzoneContainer.java:startContainerScrub(279)) - Background container scanner has been disabled.
2022-06-15 07:33:53,255 [EndpointStateMachine task thread for /0.0.0.0:42631 - 0 ] INFO  replication.ReplicationServer (ReplicationServer.java:start(111)) - ReplicationServer is started using port 40617
2022-06-15 07:33:53,255 [EndpointStateMachine task thread for /0.0.0.0:42631 - 0 ] INFO  ratis.XceiverServerRatis (XceiverServerRatis.java:start(481)) - Starting XceiverServerRatis 7bb1eb80-c113-41fd-8e62-543e67410fa1
2022-06-15 07:33:53,256 [EndpointStateMachine task thread for /0.0.0.0:42631 - 0 ] INFO  server.RaftServer (RaftServerProxy.java:lambda$start$6(382)) - 7bb1eb80-c113-41fd-8e62-543e67410fa1: start RPC server
2022-06-15 07:33:53,257 [EndpointStateMachine task thread for /0.0.0.0:42631 - 0 ] INFO  server.GrpcService (GrpcService.java:startImpl(260)) - 7bb1eb80-c113-41fd-8e62-543e67410fa1: GrpcService started, listening on 37245
2022-06-15 07:33:53,258 [EndpointStateMachine task thread for /0.0.0.0:42631 - 0 ] INFO  ratis.XceiverServerRatis (XceiverServerRatis.java:getRealPort(502)) - XceiverServerRatis 7bb1eb80-c113-41fd-8e62-543e67410fa1 is started using port 37245 for RATIS
2022-06-15 07:33:53,258 [EndpointStateMachine task thread for /0.0.0.0:42631 - 0 ] INFO  ratis.XceiverServerRatis (XceiverServerRatis.java:getRealPort(502)) - XceiverServerRatis 7bb1eb80-c113-41fd-8e62-543e67410fa1 is started using port 37245 for RATIS_ADMIN
2022-06-15 07:33:53,258 [EndpointStateMachine task thread for /0.0.0.0:42631 - 0 ] INFO  ratis.XceiverServerRatis (XceiverServerRatis.java:getRealPort(502)) - XceiverServerRatis 7bb1eb80-c113-41fd-8e62-543e67410fa1 is started using port 37245 for RATIS_SERVER
2022-06-15 07:33:53,259 [org.apache.ratis.util.JvmPauseMonitor$$Lambda$681/1621678294@15591a3d] INFO  util.JvmPauseMonitor (JvmPauseMonitor.java:run(103)) - JvmPauseMonitor-7bb1eb80-c113-41fd-8e62-543e67410fa1: Started
2022-06-15 07:33:53,262 [EndpointStateMachine task thread for /0.0.0.0:42631 - 0 ] INFO  server.XceiverServerGrpc (XceiverServerGrpc.java:start(180)) - XceiverServerGrpc 7bb1eb80-c113-41fd-8e62-543e67410fa1 is started using port 41679
2022-06-15 07:33:53,555 [EndpointStateMachine task thread for /0.0.0.0:42631 - 0 ] INFO  volume.HddsVolume (HddsVolume.java:createDbStore(309)) - SchemaV3 db is created and loaded at /home/runner/work/ozone/ozone/hadoop-ozone/integration-test/target/test-dir/MiniOzoneClusterImpl-589494f2-24de-4a8c-8650-9a890bc48d46/datanode-5/data-0/containers/hdds/589494f2-24de-4a8c-8650-9a890bc48d46/DS-47060449-3930-4f64-a54a-06f0d156eae9/container.db for volume DS-47060449-3930-4f64-a54a-06f0d156eae9
2022-06-15 07:33:53,555 [EndpointStateMachine task thread for /0.0.0.0:42631 - 0 ] INFO  volume.HddsVolume (HddsVolume.java:closeDbStore(340)) - SchemaV3 db is stopped at /home/runner/work/ozone/ozone/hadoop-ozone/integration-test/target/test-dir/MiniOzoneClusterImpl-589494f2-24de-4a8c-8650-9a890bc48d46/datanode-5/data-0/containers/hdds/589494f2-24de-4a8c-8650-9a890bc48d46/DS-47060449-3930-4f64-a54a-06f0d156eae9/container.db for volume DS-47060449-3930-4f64-a54a-06f0d156eae9
2022-06-15 07:33:53,555 [EndpointStateMachine task thread for /0.0.0.0:42631 - 0 ] INFO  ozoneimpl.OzoneContainer (OzoneContainer.java:start(344)) - Attempting to start container services.
2022-06-15 07:33:53,556 [EndpointStateMachine task thread for /0.0.0.0:42631 - 0 ] INFO  ozoneimpl.OzoneContainer (OzoneContainer.java:startContainerScrub(279)) - Background container scanner has been disabled.
2022-06-15 07:33:53,560 [EndpointStateMachine task thread for /0.0.0.0:42631 - 0 ] INFO  replication.ReplicationServer (ReplicationServer.java:start(111)) - ReplicationServer is started using port 36423
2022-06-15 07:33:53,560 [EndpointStateMachine task thread for /0.0.0.0:42631 - 0 ] INFO  ratis.XceiverServerRatis (XceiverServerRatis.java:start(481)) - Starting XceiverServerRatis b4f5d82c-04a6-4c81-89bd-99aee48f7148
2022-06-15 07:33:53,561 [EndpointStateMachine task thread for /0.0.0.0:42631 - 0 ] INFO  server.RaftServer (RaftServerProxy.java:lambda$start$6(382)) - b4f5d82c-04a6-4c81-89bd-99aee48f7148: start RPC server
2022-06-15 07:33:53,567 [EndpointStateMachine task thread for /0.0.0.0:42631 - 0 ] INFO  server.GrpcService (GrpcService.java:startImpl(260)) - b4f5d82c-04a6-4c81-89bd-99aee48f7148: GrpcService started, listening on 43229
2022-06-15 07:33:53,568 [EndpointStateMachine task thread for /0.0.0.0:42631 - 0 ] INFO  ratis.XceiverServerRatis (XceiverServerRatis.java:getRealPort(502)) - XceiverServerRatis b4f5d82c-04a6-4c81-89bd-99aee48f7148 is started using port 43229 for RATIS
2022-06-15 07:33:53,568 [org.apache.ratis.util.JvmPauseMonitor$$Lambda$681/1621678294@48762ea6] INFO  util.JvmPauseMonitor (JvmPauseMonitor.java:run(103)) - JvmPauseMonitor-b4f5d82c-04a6-4c81-89bd-99aee48f7148: Started
2022-06-15 07:33:53,568 [EndpointStateMachine task thread for /0.0.0.0:42631 - 0 ] INFO  ratis.XceiverServerRatis (XceiverServerRatis.java:getRealPort(502)) - XceiverServerRatis b4f5d82c-04a6-4c81-89bd-99aee48f7148 is started using port 43229 for RATIS_ADMIN
2022-06-15 07:33:53,568 [EndpointStateMachine task thread for /0.0.0.0:42631 - 0 ] INFO  ratis.XceiverServerRatis (XceiverServerRatis.java:getRealPort(502)) - XceiverServerRatis b4f5d82c-04a6-4c81-89bd-99aee48f7148 is started using port 43229 for RATIS_SERVER
2022-06-15 07:33:53,570 [EndpointStateMachine task thread for /0.0.0.0:42631 - 0 ] INFO  server.XceiverServerGrpc (XceiverServerGrpc.java:start(180)) - XceiverServerGrpc b4f5d82c-04a6-4c81-89bd-99aee48f7148 is started using port 35685
2022-06-15 07:33:53,684 [IPC Server handler 14 on default port 42631] INFO  net.NetworkTopologyImpl (NetworkTopologyImpl.java:add(112)) - Added a new node: /default-rack/543aeec3-c74a-41c2-8a93-8d529b3aabc8
2022-06-15 07:33:53,686 [IPC Server handler 14 on default port 42631] INFO  node.SCMNodeManager (SCMNodeManager.java:register(394)) - Registered Data node : 543aeec3-c74a-41c2-8a93-8d529b3aabc8{ip: 10.1.0.11, host: fv-az121-418.xhy4bhhdincepo0av04agjzkjc.cx.internal.cloudapp.net, ports: [REPLICATION=36317, RATIS=41193, RATIS_ADMIN=41193, RATIS_SERVER=41193, STANDALONE=38087], networkLocation: /default-rack, certSerialId: null, persistedOpState: null, persistedOpStateExpiryEpochSec: 0}
2022-06-15 07:33:53,691 [EventQueue-NewNodeForNewNodeHandler] INFO  pipeline.BackgroundPipelineCreator (BackgroundPipelineCreator.java:notifyEventTriggered(272)) - trigger a one-shot run on RatisPipelineUtilsThread.
2022-06-15 07:33:53,700 [RatisPipelineUtilsThread - 0] INFO  pipeline.RatisPipelineProvider (RatisPipelineProvider.java:lambda$create$0(195)) - Sending CreatePipelineCommand for pipeline:PipelineID=7dacce43-4f31-4a97-b5bc-268205d479e0 to datanode:543aeec3-c74a-41c2-8a93-8d529b3aabc8
2022-06-15 07:33:53,703 [EventQueue-NodeRegistrationContainerReportForDataNodeSafeModeRule] INFO  safemode.SCMSafeModeManager (DataNodeSafeModeRule.java:process(71)) - SCM in safe mode. 1 DataNodes registered, 3 required.
2022-06-15 07:33:53,703 [EventQueue-NodeRegistrationContainerReportForContainerSafeModeRule] INFO  safemode.SCMSafeModeManager (SCMSafeModeManager.java:validateSafeModeExitRules(204)) - ContainerSafeModeRule rule is successfully validated
2022-06-15 07:33:53,710 [EventQueue-PipelineReportForOneReplicaPipelineSafeModeRule] INFO  safemode.SCMSafeModeManager (SCMSafeModeManager.java:validateSafeModeExitRules(204)) - AtleastOneDatanodeReportedRule rule is successfully validated
2022-06-15 07:33:53,718 [RatisPipelineUtilsThread - 0] INFO  pipeline.PipelineStateManagerImpl (PipelineStateManagerImpl.java:addPipeline(101)) - Created pipeline Pipeline[ Id: 7dacce43-4f31-4a97-b5bc-268205d479e0, Nodes: 543aeec3-c74a-41c2-8a93-8d529b3aabc8{ip: 10.1.0.11, host: fv-az121-418.xhy4bhhdincepo0av04agjzkjc.cx.internal.cloudapp.net, ports: [REPLICATION=36317, RATIS=41193, RATIS_ADMIN=41193, RATIS_SERVER=41193, STANDALONE=38087], networkLocation: /default-rack, certSerialId: null, persistedOpState: IN_SERVICE, persistedOpStateExpiryEpochSec: 0}, ReplicationConfig: RATIS/ONE, State:ALLOCATED, leaderId:, CreationTimestamp2022-06-15T07:33:53.697Z[Etc/UTC]].
2022-06-15 07:33:53,925 [Listener at 127.0.0.1/34461] INFO  ozone.MiniOzoneClusterImpl (MiniOzoneClusterImpl.java:lambda$waitForClusterToBeReady$0(221)) - Waiting for nodes to be ready. Got 1 of 10 DN Heartbeats.
2022-06-15 07:33:53,926 [Listener at 127.0.0.1/34461] INFO  ozone.MiniOzoneClusterImpl (MiniOzoneClusterImpl.java:lambda$waitForClusterToBeReady$0(224)) - Waiting for cluster to exit safe mode
2022-06-15 07:33:53,926 [Listener at 127.0.0.1/34461] INFO  ozone.MiniOzoneClusterImpl (MiniOzoneClusterImpl.java:lambda$waitForClusterToBeReady$0(226)) - SCM became leader
2022-06-15 07:33:53,956 [EndpointStateMachine task thread for /0.0.0.0:42631 - 0 ] INFO  volume.HddsVolume (HddsVolume.java:createDbStore(309)) - SchemaV3 db is created and loaded at /home/runner/work/ozone/ozone/hadoop-ozone/integration-test/target/test-dir/MiniOzoneClusterImpl-589494f2-24de-4a8c-8650-9a890bc48d46/datanode-6/data-0/containers/hdds/589494f2-24de-4a8c-8650-9a890bc48d46/DS-02f277a2-0290-447d-9fa2-22e210a391f6/container.db for volume DS-02f277a2-0290-447d-9fa2-22e210a391f6
2022-06-15 07:33:53,958 [EndpointStateMachine task thread for /0.0.0.0:42631 - 0 ] INFO  volume.HddsVolume (HddsVolume.java:closeDbStore(340)) - SchemaV3 db is stopped at /home/runner/work/ozone/ozone/hadoop-ozone/integration-test/target/test-dir/MiniOzoneClusterImpl-589494f2-24de-4a8c-8650-9a890bc48d46/datanode-6/data-0/containers/hdds/589494f2-24de-4a8c-8650-9a890bc48d46/DS-02f277a2-0290-447d-9fa2-22e210a391f6/container.db for volume DS-02f277a2-0290-447d-9fa2-22e210a391f6
2022-06-15 07:33:53,958 [EndpointStateMachine task thread for /0.0.0.0:42631 - 0 ] INFO  ozoneimpl.OzoneContainer (OzoneContainer.java:start(344)) - Attempting to start container services.
2022-06-15 07:33:53,958 [EndpointStateMachine task thread for /0.0.0.0:42631 - 0 ] INFO  ozoneimpl.OzoneContainer (OzoneContainer.java:startContainerScrub(279)) - Background container scanner has been disabled.
2022-06-15 07:33:53,964 [EndpointStateMachine task thread for /0.0.0.0:42631 - 0 ] INFO  replication.ReplicationServer (ReplicationServer.java:start(111)) - ReplicationServer is started using port 36929
2022-06-15 07:33:53,965 [EndpointStateMachine task thread for /0.0.0.0:42631 - 0 ] INFO  ratis.XceiverServerRatis (XceiverServerRatis.java:start(481)) - Starting XceiverServerRatis a73ef743-905e-425d-956f-6fe1cf0283a9
2022-06-15 07:33:53,965 [EndpointStateMachine task thread for /0.0.0.0:42631 - 0 ] INFO  server.RaftServer (RaftServerProxy.java:lambda$start$6(382)) - a73ef743-905e-425d-956f-6fe1cf0283a9: start RPC server
2022-06-15 07:33:53,968 [EndpointStateMachine task thread for /0.0.0.0:42631 - 0 ] INFO  server.GrpcService (GrpcService.java:startImpl(260)) - a73ef743-905e-425d-956f-6fe1cf0283a9: GrpcService started, listening on 34113
2022-06-15 07:33:53,968 [EndpointStateMachine task thread for /0.0.0.0:42631 - 0 ] INFO  ratis.XceiverServerRatis (XceiverServerRatis.java:getRealPort(502)) - XceiverServerRatis a73ef743-905e-425d-956f-6fe1cf0283a9 is started using port 34113 for RATIS
2022-06-15 07:33:53,968 [org.apache.ratis.util.JvmPauseMonitor$$Lambda$681/1621678294@fc3c40d] INFO  util.JvmPauseMonitor (JvmPauseMonitor.java:run(103)) - JvmPauseMonitor-a73ef743-905e-425d-956f-6fe1cf0283a9: Started
2022-06-15 07:33:53,968 [EndpointStateMachine task thread for /0.0.0.0:42631 - 0 ] INFO  ratis.XceiverServerRatis (XceiverServerRatis.java:getRealPort(502)) - XceiverServerRatis a73ef743-905e-425d-956f-6fe1cf0283a9 is started using port 34113 for RATIS_ADMIN
2022-06-15 07:33:53,971 [EndpointStateMachine task thread for /0.0.0.0:42631 - 0 ] INFO  ratis.XceiverServerRatis (XceiverServerRatis.java:getRealPort(502)) - XceiverServerRatis a73ef743-905e-425d-956f-6fe1cf0283a9 is started using port 34113 for RATIS_SERVER
2022-06-15 07:33:53,972 [EndpointStateMachine task thread for /0.0.0.0:42631 - 0 ] INFO  server.XceiverServerGrpc (XceiverServerGrpc.java:start(180)) - XceiverServerGrpc a73ef743-905e-425d-956f-6fe1cf0283a9 is started using port 44513
2022-06-15 07:33:54,265 [EndpointStateMachine task thread for /0.0.0.0:42631 - 0 ] INFO  volume.HddsVolume (HddsVolume.java:createDbStore(309)) - SchemaV3 db is created and loaded at /home/runner/work/ozone/ozone/hadoop-ozone/integration-test/target/test-dir/MiniOzoneClusterImpl-589494f2-24de-4a8c-8650-9a890bc48d46/datanode-7/data-0/containers/hdds/589494f2-24de-4a8c-8650-9a890bc48d46/DS-a1663613-4efd-442c-a132-11a89d5b5e8d/container.db for volume DS-a1663613-4efd-442c-a132-11a89d5b5e8d
2022-06-15 07:33:54,266 [EndpointStateMachine task thread for /0.0.0.0:42631 - 0 ] INFO  volume.HddsVolume (HddsVolume.java:closeDbStore(340)) - SchemaV3 db is stopped at /home/runner/work/ozone/ozone/hadoop-ozone/integration-test/target/test-dir/MiniOzoneClusterImpl-589494f2-24de-4a8c-8650-9a890bc48d46/datanode-7/data-0/containers/hdds/589494f2-24de-4a8c-8650-9a890bc48d46/DS-a1663613-4efd-442c-a132-11a89d5b5e8d/container.db for volume DS-a1663613-4efd-442c-a132-11a89d5b5e8d
2022-06-15 07:33:54,266 [EndpointStateMachine task thread for /0.0.0.0:42631 - 0 ] INFO  ozoneimpl.OzoneContainer (OzoneContainer.java:start(344)) - Attempting to start container services.
2022-06-15 07:33:54,266 [EndpointStateMachine task thread for /0.0.0.0:42631 - 0 ] INFO  ozoneimpl.OzoneContainer (OzoneContainer.java:startContainerScrub(279)) - Background container scanner has been disabled.
2022-06-15 07:33:54,268 [EndpointStateMachine task thread for /0.0.0.0:42631 - 0 ] INFO  replication.ReplicationServer (ReplicationServer.java:start(111)) - ReplicationServer is started using port 43041
2022-06-15 07:33:54,269 [EndpointStateMachine task thread for /0.0.0.0:42631 - 0 ] INFO  ratis.XceiverServerRatis (XceiverServerRatis.java:start(481)) - Starting XceiverServerRatis 2ba0c2a5-1748-4da9-81e4-5266296b4b8f
2022-06-15 07:33:54,269 [EndpointStateMachine task thread for /0.0.0.0:42631 - 0 ] INFO  server.RaftServer (RaftServerProxy.java:lambda$start$6(382)) - 2ba0c2a5-1748-4da9-81e4-5266296b4b8f: start RPC server
2022-06-15 07:33:54,270 [EndpointStateMachine task thread for /0.0.0.0:42631 - 0 ] INFO  server.GrpcService (GrpcService.java:startImpl(260)) - 2ba0c2a5-1748-4da9-81e4-5266296b4b8f: GrpcService started, listening on 43465
2022-06-15 07:33:54,270 [EndpointStateMachine task thread for /0.0.0.0:42631 - 0 ] INFO  ratis.XceiverServerRatis (XceiverServerRatis.java:getRealPort(502)) - XceiverServerRatis 2ba0c2a5-1748-4da9-81e4-5266296b4b8f is started using port 43465 for RATIS
2022-06-15 07:33:54,270 [EndpointStateMachine task thread for /0.0.0.0:42631 - 0 ] INFO  ratis.XceiverServerRatis (XceiverServerRatis.java:getRealPort(502)) - XceiverServerRatis 2ba0c2a5-1748-4da9-81e4-5266296b4b8f is started using port 43465 for RATIS_ADMIN
2022-06-15 07:33:54,270 [EndpointStateMachine task thread for /0.0.0.0:42631 - 0 ] INFO  ratis.XceiverServerRatis (XceiverServerRatis.java:getRealPort(502)) - XceiverServerRatis 2ba0c2a5-1748-4da9-81e4-5266296b4b8f is started using port 43465 for RATIS_SERVER
2022-06-15 07:33:54,271 [org.apache.ratis.util.JvmPauseMonitor$$Lambda$681/1621678294@3722408] INFO  util.JvmPauseMonitor (JvmPauseMonitor.java:run(103)) - JvmPauseMonitor-2ba0c2a5-1748-4da9-81e4-5266296b4b8f: Started
2022-06-15 07:33:54,273 [EndpointStateMachine task thread for /0.0.0.0:42631 - 0 ] INFO  server.XceiverServerGrpc (XceiverServerGrpc.java:start(180)) - XceiverServerGrpc 2ba0c2a5-1748-4da9-81e4-5266296b4b8f is started using port 43919
2022-06-15 07:33:54,282 [IPC Server handler 8 on default port 42631] INFO  net.NetworkTopologyImpl (NetworkTopologyImpl.java:add(112)) - Added a new node: /default-rack/b0a9d56e-b544-41cd-b2b1-b34d126127d5
2022-06-15 07:33:54,282 [IPC Server handler 8 on default port 42631] INFO  node.SCMNodeManager (SCMNodeManager.java:register(394)) - Registered Data node : b0a9d56e-b544-41cd-b2b1-b34d126127d5{ip: 10.1.0.11, host: fv-az121-418.xhy4bhhdincepo0av04agjzkjc.cx.internal.cloudapp.net, ports: [REPLICATION=45673, RATIS=34765, RATIS_ADMIN=34765, RATIS_SERVER=34765, STANDALONE=46291], networkLocation: /default-rack, certSerialId: null, persistedOpState: null, persistedOpStateExpiryEpochSec: 0}
2022-06-15 07:33:54,283 [EventQueue-NewNodeForNewNodeHandler] INFO  pipeline.BackgroundPipelineCreator (BackgroundPipelineCreator.java:notifyEventTriggered(272)) - trigger a one-shot run on RatisPipelineUtilsThread.
2022-06-15 07:33:54,283 [EventQueue-NodeRegistrationContainerReportForDataNodeSafeModeRule] INFO  safemode.SCMSafeModeManager (DataNodeSafeModeRule.java:process(71)) - SCM in safe mode. 2 DataNodes registered, 3 required.
2022-06-15 07:33:54,284 [RatisPipelineUtilsThread - 0] INFO  pipeline.RatisPipelineProvider (RatisPipelineProvider.java:lambda$create$0(195)) - Sending CreatePipelineCommand for pipeline:PipelineID=14bec593-f120-4695-8110-94329fde023d to datanode:b0a9d56e-b544-41cd-b2b1-b34d126127d5
2022-06-15 07:33:54,284 [RatisPipelineUtilsThread - 0] INFO  pipeline.PipelineStateManagerImpl (PipelineStateManagerImpl.java:addPipeline(101)) - Created pipeline Pipeline[ Id: 14bec593-f120-4695-8110-94329fde023d, Nodes: b0a9d56e-b544-41cd-b2b1-b34d126127d5{ip: 10.1.0.11, host: fv-az121-418.xhy4bhhdincepo0av04agjzkjc.cx.internal.cloudapp.net, ports: [REPLICATION=45673, RATIS=34765, RATIS_ADMIN=34765, RATIS_SERVER=34765, STANDALONE=46291], networkLocation: /default-rack, certSerialId: null, persistedOpState: IN_SERVICE, persistedOpStateExpiryEpochSec: 0}, ReplicationConfig: RATIS/ONE, State:ALLOCATED, leaderId:, CreationTimestamp2022-06-15T07:33:54.284Z[Etc/UTC]].
2022-06-15 07:33:54,596 [EndpointStateMachine task thread for /0.0.0.0:42631 - 0 ] INFO  volume.HddsVolume (HddsVolume.java:createDbStore(309)) - SchemaV3 db is created and loaded at /home/runner/work/ozone/ozone/hadoop-ozone/integration-test/target/test-dir/MiniOzoneClusterImpl-589494f2-24de-4a8c-8650-9a890bc48d46/datanode-8/data-0/containers/hdds/589494f2-24de-4a8c-8650-9a890bc48d46/DS-41f352c5-28f7-40e2-bbc4-24964c8433d8/container.db for volume DS-41f352c5-28f7-40e2-bbc4-24964c8433d8
2022-06-15 07:33:54,597 [EndpointStateMachine task thread for /0.0.0.0:42631 - 0 ] INFO  volume.HddsVolume (HddsVolume.java:closeDbStore(340)) - SchemaV3 db is stopped at /home/runner/work/ozone/ozone/hadoop-ozone/integration-test/target/test-dir/MiniOzoneClusterImpl-589494f2-24de-4a8c-8650-9a890bc48d46/datanode-8/data-0/containers/hdds/589494f2-24de-4a8c-8650-9a890bc48d46/DS-41f352c5-28f7-40e2-bbc4-24964c8433d8/container.db for volume DS-41f352c5-28f7-40e2-bbc4-24964c8433d8
2022-06-15 07:33:54,597 [EndpointStateMachine task thread for /0.0.0.0:42631 - 0 ] INFO  ozoneimpl.OzoneContainer (OzoneContainer.java:start(344)) - Attempting to start container services.
2022-06-15 07:33:54,597 [EndpointStateMachine task thread for /0.0.0.0:42631 - 0 ] INFO  ozoneimpl.OzoneContainer (OzoneContainer.java:startContainerScrub(279)) - Background container scanner has been disabled.
2022-06-15 07:33:54,599 [EndpointStateMachine task thread for /0.0.0.0:42631 - 0 ] INFO  replication.ReplicationServer (ReplicationServer.java:start(111)) - ReplicationServer is started using port 40979
2022-06-15 07:33:54,600 [EndpointStateMachine task thread for /0.0.0.0:42631 - 0 ] INFO  ratis.XceiverServerRatis (XceiverServerRatis.java:start(481)) - Starting XceiverServerRatis 309b0a9a-ca0d-4cb3-b4c4-40bf1bc4f3ac
2022-06-15 07:33:54,603 [EndpointStateMachine task thread for /0.0.0.0:42631 - 0 ] INFO  server.RaftServer (RaftServerProxy.java:lambda$start$6(382)) - 309b0a9a-ca0d-4cb3-b4c4-40bf1bc4f3ac: start RPC server
2022-06-15 07:33:54,604 [IPC Server handler 6 on default port 42631] INFO  net.NetworkTopologyImpl (NetworkTopologyImpl.java:add(112)) - Added a new node: /default-rack/657a5ecd-0fe1-496e-aa3e-85dbaec35512
2022-06-15 07:33:54,605 [EndpointStateMachine task thread for /0.0.0.0:42631 - 0 ] INFO  server.GrpcService (GrpcService.java:startImpl(260)) - 309b0a9a-ca0d-4cb3-b4c4-40bf1bc4f3ac: GrpcService started, listening on 44617
2022-06-15 07:33:54,605 [IPC Server handler 6 on default port 42631] INFO  node.SCMNodeManager (SCMNodeManager.java:register(394)) - Registered Data node : 657a5ecd-0fe1-496e-aa3e-85dbaec35512{ip: 10.1.0.11, host: fv-az121-418.xhy4bhhdincepo0av04agjzkjc.cx.internal.cloudapp.net, ports: [REPLICATION=36157, RATIS=33757, RATIS_ADMIN=33757, RATIS_SERVER=33757, STANDALONE=41369], networkLocation: /default-rack, certSerialId: null, persistedOpState: null, persistedOpStateExpiryEpochSec: 0}
2022-06-15 07:33:54,605 [EventQueue-NewNodeForNewNodeHandler] INFO  pipeline.BackgroundPipelineCreator (BackgroundPipelineCreator.java:notifyEventTriggered(272)) - trigger a one-shot run on RatisPipelineUtilsThread.
2022-06-15 07:33:54,606 [EndpointStateMachine task thread for /0.0.0.0:42631 - 0 ] INFO  ratis.XceiverServerRatis (XceiverServerRatis.java:getRealPort(502)) - XceiverServerRatis 309b0a9a-ca0d-4cb3-b4c4-40bf1bc4f3ac is started using port 44617 for RATIS
2022-06-15 07:33:54,606 [EndpointStateMachine task thread for /0.0.0.0:42631 - 0 ] INFO  ratis.XceiverServerRatis (XceiverServerRatis.java:getRealPort(502)) - XceiverServerRatis 309b0a9a-ca0d-4cb3-b4c4-40bf1bc4f3ac is started using port 44617 for RATIS_ADMIN
2022-06-15 07:33:54,606 [EndpointStateMachine task thread for /0.0.0.0:42631 - 0 ] INFO  ratis.XceiverServerRatis (XceiverServerRatis.java:getRealPort(502)) - XceiverServerRatis 309b0a9a-ca0d-4cb3-b4c4-40bf1bc4f3ac is started using port 44617 for RATIS_SERVER
2022-06-15 07:33:54,606 [RatisPipelineUtilsThread - 0] INFO  pipeline.RatisPipelineProvider (RatisPipelineProvider.java:lambda$create$0(195)) - Sending CreatePipelineCommand for pipeline:PipelineID=499f634c-e1b9-41ad-ac9d-95eddbe0049e to datanode:657a5ecd-0fe1-496e-aa3e-85dbaec35512
2022-06-15 07:33:54,606 [RatisPipelineUtilsThread - 0] INFO  pipeline.PipelineStateManagerImpl (PipelineStateManagerImpl.java:addPipeline(101)) - Created pipeline Pipeline[ Id: 499f634c-e1b9-41ad-ac9d-95eddbe0049e, Nodes: 657a5ecd-0fe1-496e-aa3e-85dbaec35512{ip: 10.1.0.11, host: fv-az121-418.xhy4bhhdincepo0av04agjzkjc.cx.internal.cloudapp.net, ports: [REPLICATION=36157, RATIS=33757, RATIS_ADMIN=33757, RATIS_SERVER=33757, STANDALONE=41369], networkLocation: /default-rack, certSerialId: null, persistedOpState: IN_SERVICE, persistedOpStateExpiryEpochSec: 0}, ReplicationConfig: RATIS/ONE, State:ALLOCATED, leaderId:, CreationTimestamp2022-06-15T07:33:54.606Z[Etc/UTC]].
2022-06-15 07:33:54,607 [EndpointStateMachine task thread for /0.0.0.0:42631 - 0 ] INFO  server.XceiverServerGrpc (XceiverServerGrpc.java:start(180)) - XceiverServerGrpc 309b0a9a-ca0d-4cb3-b4c4-40bf1bc4f3ac is started using port 41363
2022-06-15 07:33:54,608 [org.apache.ratis.util.JvmPauseMonitor$$Lambda$681/1621678294@1451adf4] INFO  util.JvmPauseMonitor (JvmPauseMonitor.java:run(103)) - JvmPauseMonitor-309b0a9a-ca0d-4cb3-b4c4-40bf1bc4f3ac: Started
2022-06-15 07:33:54,613 [EventQueue-NodeRegistrationContainerReportForDataNodeSafeModeRule] INFO  safemode.SCMSafeModeManager (DataNodeSafeModeRule.java:process(71)) - SCM in safe mode. 3 DataNodes registered, 3 required.
2022-06-15 07:33:54,613 [EventQueue-NodeRegistrationContainerReportForDataNodeSafeModeRule] INFO  safemode.SCMSafeModeManager (SCMSafeModeManager.java:validateSafeModeExitRules(204)) - DataNodeSafeModeRule rule is successfully validated
2022-06-15 07:33:54,613 [EventQueue-NodeRegistrationContainerReportForDataNodeSafeModeRule] INFO  safemode.SCMSafeModeManager (SCMSafeModeManager.java:completePreCheck(233)) - All SCM safe mode pre check rules have passed
2022-06-15 07:33:54,613 [EventQueue-NodeRegistrationContainerReportForDataNodeSafeModeRule] WARN  events.EventQueue (EventQueue.java:fireEvent(194)) - No event handler registered for event TypedEvent{payloadType=SafeModeStatus, name='Safe mode status'}
2022-06-15 07:33:54,613 [EventQueue-NodeRegistrationContainerReportForDataNodeSafeModeRule] INFO  ha.SCMContext (SCMContext.java:updateSafeModeStatus(228)) - Update SafeModeStatus from SafeModeStatus{safeModeStatus=true, preCheckPassed=false} to SafeModeStatus{safeModeStatus=true, preCheckPassed=true}.
2022-06-15 07:33:54,613 [EventQueue-NodeRegistrationContainerReportForDataNodeSafeModeRule] INFO  pipeline.BackgroundPipelineCreator (BackgroundPipelineCreator.java:notifyEventTriggered(272)) - trigger a one-shot run on RatisPipelineUtilsThread.
2022-06-15 07:33:54,617 [RatisPipelineUtilsThread - 0] INFO  pipeline.RatisPipelineProvider (RatisPipelineProvider.java:lambda$create$0(195)) - Sending CreatePipelineCommand for pipeline:PipelineID=83aa0ae5-c647-4842-ba01-114df2e904af to datanode:b0a9d56e-b544-41cd-b2b1-b34d126127d5
2022-06-15 07:33:54,618 [RatisPipelineUtilsThread - 0] INFO  pipeline.RatisPipelineProvider (RatisPipelineProvider.java:lambda$create$0(195)) - Sending CreatePipelineCommand for pipeline:PipelineID=83aa0ae5-c647-4842-ba01-114df2e904af to datanode:657a5ecd-0fe1-496e-aa3e-85dbaec35512
2022-06-15 07:33:54,618 [RatisPipelineUtilsThread - 0] INFO  pipeline.RatisPipelineProvider (RatisPipelineProvider.java:lambda$create$0(195)) - Sending CreatePipelineCommand for pipeline:PipelineID=83aa0ae5-c647-4842-ba01-114df2e904af to datanode:543aeec3-c74a-41c2-8a93-8d529b3aabc8
2022-06-15 07:33:54,618 [RatisPipelineUtilsThread - 0] INFO  pipeline.PipelineStateManagerImpl (PipelineStateManagerImpl.java:addPipeline(101)) - Created pipeline Pipeline[ Id: 83aa0ae5-c647-4842-ba01-114df2e904af, Nodes: b0a9d56e-b544-41cd-b2b1-b34d126127d5{ip: 10.1.0.11, host: fv-az121-418.xhy4bhhdincepo0av04agjzkjc.cx.internal.cloudapp.net, ports: [REPLICATION=45673, RATIS=34765, RATIS_ADMIN=34765, RATIS_SERVER=34765, STANDALONE=46291], networkLocation: /default-rack, certSerialId: null, persistedOpState: IN_SERVICE, persistedOpStateExpiryEpochSec: 0}657a5ecd-0fe1-496e-aa3e-85dbaec35512{ip: 10.1.0.11, host: fv-az121-418.xhy4bhhdincepo0av04agjzkjc.cx.internal.cloudapp.net, ports: [REPLICATION=36157, RATIS=33757, RATIS_ADMIN=33757, RATIS_SERVER=33757, STANDALONE=41369], networkLocation: /default-rack, certSerialId: null, persistedOpState: IN_SERVICE, persistedOpStateExpiryEpochSec: 0}543aeec3-c74a-41c2-8a93-8d529b3aabc8{ip: 10.1.0.11, host: fv-az121-418.xhy4bhhdincepo0av04agjzkjc.cx.internal.cloudapp.net, ports: [REPLICATION=36317, RATIS=41193, RATIS_ADMIN=41193, RATIS_SERVER=41193, STANDALONE=38087], networkLocation: /default-rack, certSerialId: null, persistedOpState: IN_SERVICE, persistedOpStateExpiryEpochSec: 0}, ReplicationConfig: RATIS/THREE, State:ALLOCATED, leaderId:, CreationTimestamp2022-06-15T07:33:54.617Z[Etc/UTC]].
2022-06-15 07:33:54,619 [RatisPipelineUtilsThread - 0] INFO  pipeline.RatisPipelineProvider (RatisPipelineProvider.java:lambda$create$0(195)) - Sending CreatePipelineCommand for pipeline:PipelineID=6e098c5d-76b7-4aec-8106-dedc8eeb63da to datanode:543aeec3-c74a-41c2-8a93-8d529b3aabc8
2022-06-15 07:33:54,619 [RatisPipelineUtilsThread - 0] INFO  pipeline.RatisPipelineProvider (RatisPipelineProvider.java:lambda$create$0(195)) - Sending CreatePipelineCommand for pipeline:PipelineID=6e098c5d-76b7-4aec-8106-dedc8eeb63da to datanode:657a5ecd-0fe1-496e-aa3e-85dbaec35512
2022-06-15 07:33:54,619 [RatisPipelineUtilsThread - 0] INFO  pipeline.RatisPipelineProvider (RatisPipelineProvider.java:lambda$create$0(195)) - Sending CreatePipelineCommand for pipeline:PipelineID=6e098c5d-76b7-4aec-8106-dedc8eeb63da to datanode:b0a9d56e-b544-41cd-b2b1-b34d126127d5
2022-06-15 07:33:54,620 [RatisPipelineUtilsThread - 0] INFO  pipeline.PipelineStateManagerImpl (PipelineStateManagerImpl.java:addPipeline(101)) - Created pipeline Pipeline[ Id: 6e098c5d-76b7-4aec-8106-dedc8eeb63da, Nodes: 543aeec3-c74a-41c2-8a93-8d529b3aabc8{ip: 10.1.0.11, host: fv-az121-418.xhy4bhhdincepo0av04agjzkjc.cx.internal.cloudapp.net, ports: [REPLICATION=36317, RATIS=41193, RATIS_ADMIN=41193, RATIS_SERVER=41193, STANDALONE=38087], networkLocation: /default-rack, certSerialId: null, persistedOpState: IN_SERVICE, persistedOpStateExpiryEpochSec: 0}657a5ecd-0fe1-496e-aa3e-85dbaec35512{ip: 10.1.0.11, host: fv-az121-418.xhy4bhhdincepo0av04agjzkjc.cx.internal.cloudapp.net, ports: [REPLICATION=36157, RATIS=33757, RATIS_ADMIN=33757, RATIS_SERVER=33757, STANDALONE=41369], networkLocation: /default-rack, certSerialId: null, persistedOpState: IN_SERVICE, persistedOpStateExpiryEpochSec: 0}b0a9d56e-b544-41cd-b2b1-b34d126127d5{ip: 10.1.0.11, host: fv-az121-418.xhy4bhhdincepo0av04agjzkjc.cx.internal.cloudapp.net, ports: [REPLICATION=45673, RATIS=34765, RATIS_ADMIN=34765, RATIS_SERVER=34765, STANDALONE=46291], networkLocation: /default-rack, certSerialId: null, persistedOpState: IN_SERVICE, persistedOpStateExpiryEpochSec: 0}, ReplicationConfig: RATIS/THREE, State:ALLOCATED, leaderId:, CreationTimestamp2022-06-15T07:33:54.619Z[Etc/UTC]].
2022-06-15 07:33:54,620 [RatisPipelineUtilsThread - 0] INFO  pipeline.PipelineManagerImpl (PipelineManagerImpl.java:recordMetricsForPipeline(715)) - Pipeline: PipelineID=6e098c5d-76b7-4aec-8106-dedc8eeb63da contains same datanodes as previous pipelines: PipelineID=83aa0ae5-c647-4842-ba01-114df2e904af nodeIds: 543aeec3-c74a-41c2-8a93-8d529b3aabc8, 657a5ecd-0fe1-496e-aa3e-85dbaec35512, b0a9d56e-b544-41cd-b2b1-b34d126127d5
2022-06-15 07:33:54,926 [Listener at 127.0.0.1/34461] INFO  ozone.MiniOzoneClusterImpl (MiniOzoneClusterImpl.java:lambda$waitForClusterToBeReady$0(221)) - Waiting for nodes to be ready. Got 3 of 10 DN Heartbeats.
2022-06-15 07:33:54,928 [Listener at 127.0.0.1/34461] INFO  ozone.MiniOzoneClusterImpl (MiniOzoneClusterImpl.java:lambda$waitForClusterToBeReady$0(224)) - Waiting for cluster to exit safe mode
2022-06-15 07:33:54,928 [Listener at 127.0.0.1/34461] INFO  ozone.MiniOzoneClusterImpl (MiniOzoneClusterImpl.java:lambda$waitForClusterToBeReady$0(226)) - SCM became leader
2022-06-15 07:33:54,939 [IPC Server handler 17 on default port 42631] INFO  net.NetworkTopologyImpl (NetworkTopologyImpl.java:add(112)) - Added a new node: /default-rack/e547bcb9-eced-475a-8c61-963b1a05d208
2022-06-15 07:33:54,939 [IPC Server handler 17 on default port 42631] INFO  node.SCMNodeManager (SCMNodeManager.java:register(394)) - Registered Data node : e547bcb9-eced-475a-8c61-963b1a05d208{ip: 10.1.0.11, host: fv-az121-418.xhy4bhhdincepo0av04agjzkjc.cx.internal.cloudapp.net, ports: [REPLICATION=38917, RATIS=40217, RATIS_ADMIN=40217, RATIS_SERVER=40217, STANDALONE=39049], networkLocation: /default-rack, certSerialId: null, persistedOpState: null, persistedOpStateExpiryEpochSec: 0}
2022-06-15 07:33:54,940 [EventQueue-NewNodeForNewNodeHandler] INFO  pipeline.BackgroundPipelineCreator (BackgroundPipelineCreator.java:notifyEventTriggered(272)) - trigger a one-shot run on RatisPipelineUtilsThread.
2022-06-15 07:33:54,941 [RatisPipelineUtilsThread - 0] INFO  pipeline.RatisPipelineProvider (RatisPipelineProvider.java:lambda$create$0(195)) - Sending CreatePipelineCommand for pipeline:PipelineID=ff55ee45-48bd-4359-af8c-2ce7181c3859 to datanode:e547bcb9-eced-475a-8c61-963b1a05d208
2022-06-15 07:33:54,943 [RatisPipelineUtilsThread - 0] INFO  pipeline.PipelineStateManagerImpl (PipelineStateManagerImpl.java:addPipeline(101)) - Created pipeline Pipeline[ Id: ff55ee45-48bd-4359-af8c-2ce7181c3859, Nodes: e547bcb9-eced-475a-8c61-963b1a05d208{ip: 10.1.0.11, host: fv-az121-418.xhy4bhhdincepo0av04agjzkjc.cx.internal.cloudapp.net, ports: [REPLICATION=38917, RATIS=40217, RATIS_ADMIN=40217, RATIS_SERVER=40217, STANDALONE=39049], networkLocation: /default-rack, certSerialId: null, persistedOpState: IN_SERVICE, persistedOpStateExpiryEpochSec: 0}, ReplicationConfig: RATIS/ONE, State:ALLOCATED, leaderId:, CreationTimestamp2022-06-15T07:33:54.941Z[Etc/UTC]].
2022-06-15 07:33:54,970 [EndpointStateMachine task thread for /0.0.0.0:42631 - 0 ] INFO  volume.HddsVolume (HddsVolume.java:createDbStore(309)) - SchemaV3 db is created and loaded at /home/runner/work/ozone/ozone/hadoop-ozone/integration-test/target/test-dir/MiniOzoneClusterImpl-589494f2-24de-4a8c-8650-9a890bc48d46/datanode-9/data-0/containers/hdds/589494f2-24de-4a8c-8650-9a890bc48d46/DS-49060d61-a953-4fbd-a2ec-22b92dc7c7ad/container.db for volume DS-49060d61-a953-4fbd-a2ec-22b92dc7c7ad
2022-06-15 07:33:54,971 [EndpointStateMachine task thread for /0.0.0.0:42631 - 0 ] INFO  volume.HddsVolume (HddsVolume.java:closeDbStore(340)) - SchemaV3 db is stopped at /home/runner/work/ozone/ozone/hadoop-ozone/integration-test/target/test-dir/MiniOzoneClusterImpl-589494f2-24de-4a8c-8650-9a890bc48d46/datanode-9/data-0/containers/hdds/589494f2-24de-4a8c-8650-9a890bc48d46/DS-49060d61-a953-4fbd-a2ec-22b92dc7c7ad/container.db for volume DS-49060d61-a953-4fbd-a2ec-22b92dc7c7ad
2022-06-15 07:33:54,971 [EndpointStateMachine task thread for /0.0.0.0:42631 - 0 ] INFO  ozoneimpl.OzoneContainer (OzoneContainer.java:start(344)) - Attempting to start container services.
2022-06-15 07:33:54,971 [EndpointStateMachine task thread for /0.0.0.0:42631 - 0 ] INFO  ozoneimpl.OzoneContainer (OzoneContainer.java:startContainerScrub(279)) - Background container scanner has been disabled.
2022-06-15 07:33:54,972 [EndpointStateMachine task thread for /0.0.0.0:42631 - 0 ] INFO  replication.ReplicationServer (ReplicationServer.java:start(111)) - ReplicationServer is started using port 35039
2022-06-15 07:33:54,973 [EndpointStateMachine task thread for /0.0.0.0:42631 - 0 ] INFO  ratis.XceiverServerRatis (XceiverServerRatis.java:start(481)) - Starting XceiverServerRatis 3d9a943e-75ca-4968-a0ac-53e99e58ea83
2022-06-15 07:33:54,973 [EndpointStateMachine task thread for /0.0.0.0:42631 - 0 ] INFO  server.RaftServer (RaftServerProxy.java:lambda$start$6(382)) - 3d9a943e-75ca-4968-a0ac-53e99e58ea83: start RPC server
2022-06-15 07:33:54,974 [EndpointStateMachine task thread for /0.0.0.0:42631 - 0 ] INFO  server.GrpcService (GrpcService.java:startImpl(260)) - 3d9a943e-75ca-4968-a0ac-53e99e58ea83: GrpcService started, listening on 34335
2022-06-15 07:33:54,975 [EndpointStateMachine task thread for /0.0.0.0:42631 - 0 ] INFO  ratis.XceiverServerRatis (XceiverServerRatis.java:getRealPort(502)) - XceiverServerRatis 3d9a943e-75ca-4968-a0ac-53e99e58ea83 is started using port 34335 for RATIS
2022-06-15 07:33:54,975 [org.apache.ratis.util.JvmPauseMonitor$$Lambda$681/1621678294@259ac918] INFO  util.JvmPauseMonitor (JvmPauseMonitor.java:run(103)) - JvmPauseMonitor-3d9a943e-75ca-4968-a0ac-53e99e58ea83: Started
2022-06-15 07:33:54,975 [EndpointStateMachine task thread for /0.0.0.0:42631 - 0 ] INFO  ratis.XceiverServerRatis (XceiverServerRatis.java:getRealPort(502)) - XceiverServerRatis 3d9a943e-75ca-4968-a0ac-53e99e58ea83 is started using port 34335 for RATIS_ADMIN
2022-06-15 07:33:54,975 [EndpointStateMachine task thread for /0.0.0.0:42631 - 0 ] INFO  ratis.XceiverServerRatis (XceiverServerRatis.java:getRealPort(502)) - XceiverServerRatis 3d9a943e-75ca-4968-a0ac-53e99e58ea83 is started using port 34335 for RATIS_SERVER
2022-06-15 07:33:54,976 [EndpointStateMachine task thread for /0.0.0.0:42631 - 0 ] INFO  server.XceiverServerGrpc (XceiverServerGrpc.java:start(180)) - XceiverServerGrpc 3d9a943e-75ca-4968-a0ac-53e99e58ea83 is started using port 44631
2022-06-15 07:33:55,222 [IPC Server handler 8 on default port 42631] INFO  net.NetworkTopologyImpl (NetworkTopologyImpl.java:add(112)) - Added a new node: /default-rack/7bb1eb80-c113-41fd-8e62-543e67410fa1
2022-06-15 07:33:55,222 [IPC Server handler 8 on default port 42631] INFO  node.SCMNodeManager (SCMNodeManager.java:register(394)) - Registered Data node : 7bb1eb80-c113-41fd-8e62-543e67410fa1{ip: 10.1.0.11, host: fv-az121-418.xhy4bhhdincepo0av04agjzkjc.cx.internal.cloudapp.net, ports: [REPLICATION=40617, RATIS=37245, RATIS_ADMIN=37245, RATIS_SERVER=37245, STANDALONE=41679], networkLocation: /default-rack, certSerialId: null, persistedOpState: null, persistedOpStateExpiryEpochSec: 0}
2022-06-15 07:33:55,223 [EventQueue-NewNodeForNewNodeHandler] INFO  pipeline.BackgroundPipelineCreator (BackgroundPipelineCreator.java:notifyEventTriggered(272)) - trigger a one-shot run on RatisPipelineUtilsThread.
2022-06-15 07:33:55,223 [RatisPipelineUtilsThread - 0] INFO  pipeline.RatisPipelineProvider (RatisPipelineProvider.java:lambda$create$0(195)) - Sending CreatePipelineCommand for pipeline:PipelineID=15bcf9bc-3b70-440f-bba8-3b2f8c1d572f to datanode:7bb1eb80-c113-41fd-8e62-543e67410fa1
2022-06-15 07:33:55,224 [RatisPipelineUtilsThread - 0] INFO  pipeline.PipelineStateManagerImpl (PipelineStateManagerImpl.java:addPipeline(101)) - Created pipeline Pipeline[ Id: 15bcf9bc-3b70-440f-bba8-3b2f8c1d572f, Nodes: 7bb1eb80-c113-41fd-8e62-543e67410fa1{ip: 10.1.0.11, host: fv-az121-418.xhy4bhhdincepo0av04agjzkjc.cx.internal.cloudapp.net, ports: [REPLICATION=40617, RATIS=37245, RATIS_ADMIN=37245, RATIS_SERVER=37245, STANDALONE=41679], networkLocation: /default-rack, certSerialId: null, persistedOpState: IN_SERVICE, persistedOpStateExpiryEpochSec: 0}, ReplicationConfig: RATIS/ONE, State:ALLOCATED, leaderId:, CreationTimestamp2022-06-15T07:33:55.223Z[Etc/UTC]].
2022-06-15 07:33:55,528 [IPC Server handler 11 on default port 42631] INFO  net.NetworkTopologyImpl (NetworkTopologyImpl.java:add(112)) - Added a new node: /default-rack/b4f5d82c-04a6-4c81-89bd-99aee48f7148
2022-06-15 07:33:55,528 [IPC Server handler 11 on default port 42631] INFO  node.SCMNodeManager (SCMNodeManager.java:register(394)) - Registered Data node : b4f5d82c-04a6-4c81-89bd-99aee48f7148{ip: 10.1.0.11, host: fv-az121-418.xhy4bhhdincepo0av04agjzkjc.cx.internal.cloudapp.net, ports: [REPLICATION=36423, RATIS=43229, RATIS_ADMIN=43229, RATIS_SERVER=43229, STANDALONE=35685], networkLocation: /default-rack, certSerialId: null, persistedOpState: null, persistedOpStateExpiryEpochSec: 0}
2022-06-15 07:33:55,528 [EventQueue-NewNodeForNewNodeHandler] INFO  pipeline.BackgroundPipelineCreator (BackgroundPipelineCreator.java:notifyEventTriggered(272)) - trigger a one-shot run on RatisPipelineUtilsThread.
2022-06-15 07:33:55,531 [RatisPipelineUtilsThread - 0] INFO  pipeline.RatisPipelineProvider (RatisPipelineProvider.java:lambda$create$0(195)) - Sending CreatePipelineCommand for pipeline:PipelineID=be7de8d6-b261-4375-91ae-2d4117255111 to datanode:b4f5d82c-04a6-4c81-89bd-99aee48f7148
2022-06-15 07:33:55,532 [RatisPipelineUtilsThread - 0] INFO  pipeline.PipelineStateManagerImpl (PipelineStateManagerImpl.java:addPipeline(101)) - Created pipeline Pipeline[ Id: be7de8d6-b261-4375-91ae-2d4117255111, Nodes: b4f5d82c-04a6-4c81-89bd-99aee48f7148{ip: 10.1.0.11, host: fv-az121-418.xhy4bhhdincepo0av04agjzkjc.cx.internal.cloudapp.net, ports: [REPLICATION=36423, RATIS=43229, RATIS_ADMIN=43229, RATIS_SERVER=43229, STANDALONE=35685], networkLocation: /default-rack, certSerialId: null, persistedOpState: IN_SERVICE, persistedOpStateExpiryEpochSec: 0}, ReplicationConfig: RATIS/ONE, State:ALLOCATED, leaderId:, CreationTimestamp2022-06-15T07:33:55.531Z[Etc/UTC]].
2022-06-15 07:33:55,533 [RatisPipelineUtilsThread - 0] INFO  pipeline.RatisPipelineProvider (RatisPipelineProvider.java:lambda$create$0(195)) - Sending CreatePipelineCommand for pipeline:PipelineID=23d08045-b382-4fa8-b6c5-f5409a33ef3a to datanode:b4f5d82c-04a6-4c81-89bd-99aee48f7148
2022-06-15 07:33:55,533 [RatisPipelineUtilsThread - 0] INFO  pipeline.RatisPipelineProvider (RatisPipelineProvider.java:lambda$create$0(195)) - Sending CreatePipelineCommand for pipeline:PipelineID=23d08045-b382-4fa8-b6c5-f5409a33ef3a to datanode:e547bcb9-eced-475a-8c61-963b1a05d208
2022-06-15 07:33:55,533 [RatisPipelineUtilsThread - 0] INFO  pipeline.RatisPipelineProvider (RatisPipelineProvider.java:lambda$create$0(195)) - Sending CreatePipelineCommand for pipeline:PipelineID=23d08045-b382-4fa8-b6c5-f5409a33ef3a to datanode:7bb1eb80-c113-41fd-8e62-543e67410fa1
2022-06-15 07:33:55,533 [RatisPipelineUtilsThread - 0] INFO  pipeline.PipelineStateManagerImpl (PipelineStateManagerImpl.java:addPipeline(101)) - Created pipeline Pipeline[ Id: 23d08045-b382-4fa8-b6c5-f5409a33ef3a, Nodes: b4f5d82c-04a6-4c81-89bd-99aee48f7148{ip: 10.1.0.11, host: fv-az121-418.xhy4bhhdincepo0av04agjzkjc.cx.internal.cloudapp.net, ports: [REPLICATION=36423, RATIS=43229, RATIS_ADMIN=43229, RATIS_SERVER=43229, STANDALONE=35685], networkLocation: /default-rack, certSerialId: null, persistedOpState: IN_SERVICE, persistedOpStateExpiryEpochSec: 0}e547bcb9-eced-475a-8c61-963b1a05d208{ip: 10.1.0.11, host: fv-az121-418.xhy4bhhdincepo0av04agjzkjc.cx.internal.cloudapp.net, ports: [REPLICATION=38917, RATIS=40217, RATIS_ADMIN=40217, RATIS_SERVER=40217, STANDALONE=39049], networkLocation: /default-rack, certSerialId: null, persistedOpState: IN_SERVICE, persistedOpStateExpiryEpochSec: 0}7bb1eb80-c113-41fd-8e62-543e67410fa1{ip: 10.1.0.11, host: fv-az121-418.xhy4bhhdincepo0av04agjzkjc.cx.internal.cloudapp.net, ports: [REPLICATION=40617, RATIS=37245, RATIS_ADMIN=37245, RATIS_SERVER=37245, STANDALONE=41679], networkLocation: /default-rack, certSerialId: null, persistedOpState: IN_SERVICE, persistedOpStateExpiryEpochSec: 0}, ReplicationConfig: RATIS/THREE, State:ALLOCATED, leaderId:, CreationTimestamp2022-06-15T07:33:55.533Z[Etc/UTC]].
2022-06-15 07:33:55,534 [RatisPipelineUtilsThread - 0] INFO  pipeline.RatisPipelineProvider (RatisPipelineProvider.java:lambda$create$0(195)) - Sending CreatePipelineCommand for pipeline:PipelineID=4a922a5f-5b4b-4c8b-80dd-61c79976014f to datanode:b4f5d82c-04a6-4c81-89bd-99aee48f7148
2022-06-15 07:33:55,534 [RatisPipelineUtilsThread - 0] INFO  pipeline.RatisPipelineProvider (RatisPipelineProvider.java:lambda$create$0(195)) - Sending CreatePipelineCommand for pipeline:PipelineID=4a922a5f-5b4b-4c8b-80dd-61c79976014f to datanode:e547bcb9-eced-475a-8c61-963b1a05d208
2022-06-15 07:33:55,534 [RatisPipelineUtilsThread - 0] INFO  pipeline.RatisPipelineProvider (RatisPipelineProvider.java:lambda$create$0(195)) - Sending CreatePipelineCommand for pipeline:PipelineID=4a922a5f-5b4b-4c8b-80dd-61c79976014f to datanode:7bb1eb80-c113-41fd-8e62-543e67410fa1
2022-06-15 07:33:55,536 [RatisPipelineUtilsThread - 0] INFO  pipeline.PipelineStateManagerImpl (PipelineStateManagerImpl.java:addPipeline(101)) - Created pipeline Pipeline[ Id: 4a922a5f-5b4b-4c8b-80dd-61c79976014f, Nodes: b4f5d82c-04a6-4c81-89bd-99aee48f7148{ip: 10.1.0.11, host: fv-az121-418.xhy4bhhdincepo0av04agjzkjc.cx.internal.cloudapp.net, ports: [REPLICATION=36423, RATIS=43229, RATIS_ADMIN=43229, RATIS_SERVER=43229, STANDALONE=35685], networkLocation: /default-rack, certSerialId: null, persistedOpState: IN_SERVICE, persistedOpStateExpiryEpochSec: 0}e547bcb9-eced-475a-8c61-963b1a05d208{ip: 10.1.0.11, host: fv-az121-418.xhy4bhhdincepo0av04agjzkjc.cx.internal.cloudapp.net, ports: [REPLICATION=38917, RATIS=40217, RATIS_ADMIN=40217, RATIS_SERVER=40217, STANDALONE=39049], networkLocation: /default-rack, certSerialId: null, persistedOpState: IN_SERVICE, persistedOpStateExpiryEpochSec: 0}7bb1eb80-c113-41fd-8e62-543e67410fa1{ip: 10.1.0.11, host: fv-az121-418.xhy4bhhdincepo0av04agjzkjc.cx.internal.cloudapp.net, ports: [REPLICATION=40617, RATIS=37245, RATIS_ADMIN=37245, RATIS_SERVER=37245, STANDALONE=41679], networkLocation: /default-rack, certSerialId: null, persistedOpState: IN_SERVICE, persistedOpStateExpiryEpochSec: 0}, ReplicationConfig: RATIS/THREE, State:ALLOCATED, leaderId:, CreationTimestamp2022-06-15T07:33:55.534Z[Etc/UTC]].
2022-06-15 07:33:55,537 [RatisPipelineUtilsThread - 0] INFO  pipeline.PipelineManagerImpl (PipelineManagerImpl.java:recordMetricsForPipeline(715)) - Pipeline: PipelineID=4a922a5f-5b4b-4c8b-80dd-61c79976014f contains same datanodes as previous pipelines: PipelineID=23d08045-b382-4fa8-b6c5-f5409a33ef3a nodeIds: b4f5d82c-04a6-4c81-89bd-99aee48f7148, e547bcb9-eced-475a-8c61-963b1a05d208, 7bb1eb80-c113-41fd-8e62-543e67410fa1
2022-06-15 07:33:55,931 [Listener at 127.0.0.1/34461] INFO  ozone.MiniOzoneClusterImpl (MiniOzoneClusterImpl.java:lambda$waitForClusterToBeReady$0(221)) - Waiting for nodes to be ready. Got 6 of 10 DN Heartbeats.
2022-06-15 07:33:55,931 [Listener at 127.0.0.1/34461] INFO  ozone.MiniOzoneClusterImpl (MiniOzoneClusterImpl.java:lambda$waitForClusterToBeReady$0(224)) - Waiting for cluster to exit safe mode
2022-06-15 07:33:55,932 [Listener at 127.0.0.1/34461] INFO  ozone.MiniOzoneClusterImpl (MiniOzoneClusterImpl.java:lambda$waitForClusterToBeReady$0(226)) - SCM became leader
2022-06-15 07:33:55,934 [IPC Server handler 17 on default port 42631] INFO  net.NetworkTopologyImpl (NetworkTopologyImpl.java:add(112)) - Added a new node: /default-rack/a73ef743-905e-425d-956f-6fe1cf0283a9
2022-06-15 07:33:55,935 [IPC Server handler 17 on default port 42631] INFO  node.SCMNodeManager (SCMNodeManager.java:register(394)) - Registered Data node : a73ef743-905e-425d-956f-6fe1cf0283a9{ip: 10.1.0.11, host: fv-az121-418.xhy4bhhdincepo0av04agjzkjc.cx.internal.cloudapp.net, ports: [REPLICATION=36929, RATIS=34113, RATIS_ADMIN=34113, RATIS_SERVER=34113, STANDALONE=44513], networkLocation: /default-rack, certSerialId: null, persistedOpState: null, persistedOpStateExpiryEpochSec: 0}
2022-06-15 07:33:55,935 [EventQueue-NewNodeForNewNodeHandler] INFO  pipeline.BackgroundPipelineCreator (BackgroundPipelineCreator.java:notifyEventTriggered(272)) - trigger a one-shot run on RatisPipelineUtilsThread.
2022-06-15 07:33:55,936 [RatisPipelineUtilsThread - 0] INFO  pipeline.RatisPipelineProvider (RatisPipelineProvider.java:lambda$create$0(195)) - Sending CreatePipelineCommand for pipeline:PipelineID=30eb1841-1c0d-45f5-b929-f776353cd424 to datanode:a73ef743-905e-425d-956f-6fe1cf0283a9
2022-06-15 07:33:55,936 [RatisPipelineUtilsThread - 0] INFO  pipeline.PipelineStateManagerImpl (PipelineStateManagerImpl.java:addPipeline(101)) - Created pipeline Pipeline[ Id: 30eb1841-1c0d-45f5-b929-f776353cd424, Nodes: a73ef743-905e-425d-956f-6fe1cf0283a9{ip: 10.1.0.11, host: fv-az121-418.xhy4bhhdincepo0av04agjzkjc.cx.internal.cloudapp.net, ports: [REPLICATION=36929, RATIS=34113, RATIS_ADMIN=34113, RATIS_SERVER=34113, STANDALONE=44513], networkLocation: /default-rack, certSerialId: null, persistedOpState: IN_SERVICE, persistedOpStateExpiryEpochSec: 0}, ReplicationConfig: RATIS/ONE, State:ALLOCATED, leaderId:, CreationTimestamp2022-06-15T07:33:55.936Z[Etc/UTC]].
2022-06-15 07:33:56,237 [IPC Server handler 11 on default port 42631] INFO  net.NetworkTopologyImpl (NetworkTopologyImpl.java:add(112)) - Added a new node: /default-rack/2ba0c2a5-1748-4da9-81e4-5266296b4b8f
2022-06-15 07:33:56,238 [IPC Server handler 11 on default port 42631] INFO  node.SCMNodeManager (SCMNodeManager.java:register(394)) - Registered Data node : 2ba0c2a5-1748-4da9-81e4-5266296b4b8f{ip: 10.1.0.11, host: fv-az121-418.xhy4bhhdincepo0av04agjzkjc.cx.internal.cloudapp.net, ports: [REPLICATION=43041, RATIS=43465, RATIS_ADMIN=43465, RATIS_SERVER=43465, STANDALONE=43919], networkLocation: /default-rack, certSerialId: null, persistedOpState: null, persistedOpStateExpiryEpochSec: 0}
2022-06-15 07:33:56,238 [EventQueue-NewNodeForNewNodeHandler] INFO  pipeline.BackgroundPipelineCreator (BackgroundPipelineCreator.java:notifyEventTriggered(272)) - trigger a one-shot run on RatisPipelineUtilsThread.
2022-06-15 07:33:56,240 [RatisPipelineUtilsThread - 0] INFO  pipeline.RatisPipelineProvider (RatisPipelineProvider.java:lambda$create$0(195)) - Sending CreatePipelineCommand for pipeline:PipelineID=639a3190-d0d5-4fb1-a295-df65fae17c66 to datanode:2ba0c2a5-1748-4da9-81e4-5266296b4b8f
2022-06-15 07:33:56,241 [RatisPipelineUtilsThread - 0] INFO  pipeline.PipelineStateManagerImpl (PipelineStateManagerImpl.java:addPipeline(101)) - Created pipeline Pipeline[ Id: 639a3190-d0d5-4fb1-a295-df65fae17c66, Nodes: 2ba0c2a5-1748-4da9-81e4-5266296b4b8f{ip: 10.1.0.11, host: fv-az121-418.xhy4bhhdincepo0av04agjzkjc.cx.internal.cloudapp.net, ports: [REPLICATION=43041, RATIS=43465, RATIS_ADMIN=43465, RATIS_SERVER=43465, STANDALONE=43919], networkLocation: /default-rack, certSerialId: null, persistedOpState: IN_SERVICE, persistedOpStateExpiryEpochSec: 0}, ReplicationConfig: RATIS/ONE, State:ALLOCATED, leaderId:, CreationTimestamp2022-06-15T07:33:56.240Z[Etc/UTC]].
2022-06-15 07:33:56,568 [IPC Server handler 15 on default port 42631] INFO  net.NetworkTopologyImpl (NetworkTopologyImpl.java:add(112)) - Added a new node: /default-rack/309b0a9a-ca0d-4cb3-b4c4-40bf1bc4f3ac
2022-06-15 07:33:56,568 [IPC Server handler 15 on default port 42631] INFO  node.SCMNodeManager (SCMNodeManager.java:register(394)) - Registered Data node : 309b0a9a-ca0d-4cb3-b4c4-40bf1bc4f3ac{ip: 10.1.0.11, host: fv-az121-418.xhy4bhhdincepo0av04agjzkjc.cx.internal.cloudapp.net, ports: [REPLICATION=40979, RATIS=44617, RATIS_ADMIN=44617, RATIS_SERVER=44617, STANDALONE=41363], networkLocation: /default-rack, certSerialId: null, persistedOpState: null, persistedOpStateExpiryEpochSec: 0}
2022-06-15 07:33:56,568 [EventQueue-NewNodeForNewNodeHandler] INFO  pipeline.BackgroundPipelineCreator (BackgroundPipelineCreator.java:notifyEventTriggered(272)) - trigger a one-shot run on RatisPipelineUtilsThread.
2022-06-15 07:33:56,570 [RatisPipelineUtilsThread - 0] INFO  pipeline.RatisPipelineProvider (RatisPipelineProvider.java:lambda$create$0(195)) - Sending CreatePipelineCommand for pipeline:PipelineID=883a3cac-f40e-471e-8fc5-70e9283827d5 to datanode:309b0a9a-ca0d-4cb3-b4c4-40bf1bc4f3ac
2022-06-15 07:33:56,571 [RatisPipelineUtilsThread - 0] INFO  pipeline.PipelineStateManagerImpl (PipelineStateManagerImpl.java:addPipeline(101)) - Created pipeline Pipeline[ Id: 883a3cac-f40e-471e-8fc5-70e9283827d5, Nodes: 309b0a9a-ca0d-4cb3-b4c4-40bf1bc4f3ac{ip: 10.1.0.11, host: fv-az121-418.xhy4bhhdincepo0av04agjzkjc.cx.internal.cloudapp.net, ports: [REPLICATION=40979, RATIS=44617, RATIS_ADMIN=44617, RATIS_SERVER=44617, STANDALONE=41363], networkLocation: /default-rack, certSerialId: null, persistedOpState: IN_SERVICE, persistedOpStateExpiryEpochSec: 0}, ReplicationConfig: RATIS/ONE, State:ALLOCATED, leaderId:, CreationTimestamp2022-06-15T07:33:56.570Z[Etc/UTC]].
2022-06-15 07:33:56,571 [RatisPipelineUtilsThread - 0] INFO  pipeline.RatisPipelineProvider (RatisPipelineProvider.java:lambda$create$0(195)) - Sending CreatePipelineCommand for pipeline:PipelineID=684fd514-47d7-4728-984b-01dbee4f6c09 to datanode:309b0a9a-ca0d-4cb3-b4c4-40bf1bc4f3ac
2022-06-15 07:33:56,571 [RatisPipelineUtilsThread - 0] INFO  pipeline.RatisPipelineProvider (RatisPipelineProvider.java:lambda$create$0(195)) - Sending CreatePipelineCommand for pipeline:PipelineID=684fd514-47d7-4728-984b-01dbee4f6c09 to datanode:2ba0c2a5-1748-4da9-81e4-5266296b4b8f
2022-06-15 07:33:56,572 [RatisPipelineUtilsThread - 0] INFO  pipeline.RatisPipelineProvider (RatisPipelineProvider.java:lambda$create$0(195)) - Sending CreatePipelineCommand for pipeline:PipelineID=684fd514-47d7-4728-984b-01dbee4f6c09 to datanode:a73ef743-905e-425d-956f-6fe1cf0283a9
2022-06-15 07:33:56,572 [RatisPipelineUtilsThread - 0] INFO  pipeline.PipelineStateManagerImpl (PipelineStateManagerImpl.java:addPipeline(101)) - Created pipeline Pipeline[ Id: 684fd514-47d7-4728-984b-01dbee4f6c09, Nodes: 309b0a9a-ca0d-4cb3-b4c4-40bf1bc4f3ac{ip: 10.1.0.11, host: fv-az121-418.xhy4bhhdincepo0av04agjzkjc.cx.internal.cloudapp.net, ports: [REPLICATION=40979, RATIS=44617, RATIS_ADMIN=44617, RATIS_SERVER=44617, STANDALONE=41363], networkLocation: /default-rack, certSerialId: null, persistedOpState: IN_SERVICE, persistedOpStateExpiryEpochSec: 0}2ba0c2a5-1748-4da9-81e4-5266296b4b8f{ip: 10.1.0.11, host: fv-az121-418.xhy4bhhdincepo0av04agjzkjc.cx.internal.cloudapp.net, ports: [REPLICATION=43041, RATIS=43465, RATIS_ADMIN=43465, RATIS_SERVER=43465, STANDALONE=43919], networkLocation: /default-rack, certSerialId: null, persistedOpState: IN_SERVICE, persistedOpStateExpiryEpochSec: 0}a73ef743-905e-425d-956f-6fe1cf0283a9{ip: 10.1.0.11, host: fv-az121-418.xhy4bhhdincepo0av04agjzkjc.cx.internal.cloudapp.net, ports: [REPLICATION=36929, RATIS=34113, RATIS_ADMIN=34113, RATIS_SERVER=34113, STANDALONE=44513], networkLocation: /default-rack, certSerialId: null, persistedOpState: IN_SERVICE, persistedOpStateExpiryEpochSec: 0}, ReplicationConfig: RATIS/THREE, State:ALLOCATED, leaderId:, CreationTimestamp2022-06-15T07:33:56.571Z[Etc/UTC]].
2022-06-15 07:33:56,573 [RatisPipelineUtilsThread - 0] INFO  pipeline.RatisPipelineProvider (RatisPipelineProvider.java:lambda$create$0(195)) - Sending CreatePipelineCommand for pipeline:PipelineID=b5a8a24c-6c15-456e-926e-1cd1852b66c7 to datanode:2ba0c2a5-1748-4da9-81e4-5266296b4b8f
2022-06-15 07:33:56,573 [RatisPipelineUtilsThread - 0] INFO  pipeline.RatisPipelineProvider (RatisPipelineProvider.java:lambda$create$0(195)) - Sending CreatePipelineCommand for pipeline:PipelineID=b5a8a24c-6c15-456e-926e-1cd1852b66c7 to datanode:309b0a9a-ca0d-4cb3-b4c4-40bf1bc4f3ac
2022-06-15 07:33:56,573 [RatisPipelineUtilsThread - 0] INFO  pipeline.RatisPipelineProvider (RatisPipelineProvider.java:lambda$create$0(195)) - Sending CreatePipelineCommand for pipeline:PipelineID=b5a8a24c-6c15-456e-926e-1cd1852b66c7 to datanode:a73ef743-905e-425d-956f-6fe1cf0283a9
2022-06-15 07:33:56,574 [RatisPipelineUtilsThread - 0] INFO  pipeline.PipelineStateManagerImpl (PipelineStateManagerImpl.java:addPipeline(101)) - Created pipeline Pipeline[ Id: b5a8a24c-6c15-456e-926e-1cd1852b66c7, Nodes: 2ba0c2a5-1748-4da9-81e4-5266296b4b8f{ip: 10.1.0.11, host: fv-az121-418.xhy4bhhdincepo0av04agjzkjc.cx.internal.cloudapp.net, ports: [REPLICATION=43041, RATIS=43465, RATIS_ADMIN=43465, RATIS_SERVER=43465, STANDALONE=43919], networkLocation: /default-rack, certSerialId: null, persistedOpState: IN_SERVICE, persistedOpStateExpiryEpochSec: 0}309b0a9a-ca0d-4cb3-b4c4-40bf1bc4f3ac{ip: 10.1.0.11, host: fv-az121-418.xhy4bhhdincepo0av04agjzkjc.cx.internal.cloudapp.net, ports: [REPLICATION=40979, RATIS=44617, RATIS_ADMIN=44617, RATIS_SERVER=44617, STANDALONE=41363], networkLocation: /default-rack, certSerialId: null, persistedOpState: IN_SERVICE, persistedOpStateExpiryEpochSec: 0}a73ef743-905e-425d-956f-6fe1cf0283a9{ip: 10.1.0.11, host: fv-az121-418.xhy4bhhdincepo0av04agjzkjc.cx.internal.cloudapp.net, ports: [REPLICATION=36929, RATIS=34113, RATIS_ADMIN=34113, RATIS_SERVER=34113, STANDALONE=44513], networkLocation: /default-rack, certSerialId: null, persistedOpState: IN_SERVICE, persistedOpStateExpiryEpochSec: 0}, ReplicationConfig: RATIS/THREE, State:ALLOCATED, leaderId:, CreationTimestamp2022-06-15T07:33:56.573Z[Etc/UTC]].
2022-06-15 07:33:56,574 [RatisPipelineUtilsThread - 0] INFO  pipeline.PipelineManagerImpl (PipelineManagerImpl.java:recordMetricsForPipeline(715)) - Pipeline: PipelineID=b5a8a24c-6c15-456e-926e-1cd1852b66c7 contains same datanodes as previous pipelines: PipelineID=684fd514-47d7-4728-984b-01dbee4f6c09 nodeIds: 2ba0c2a5-1748-4da9-81e4-5266296b4b8f, 309b0a9a-ca0d-4cb3-b4c4-40bf1bc4f3ac, a73ef743-905e-425d-956f-6fe1cf0283a9
2022-06-15 07:33:56,676 [Command processor thread] INFO  server.RaftServer (RaftServerProxy.java:addNew(96)) - 543aeec3-c74a-41c2-8a93-8d529b3aabc8: addNew group-268205D479E0:[543aeec3-c74a-41c2-8a93-8d529b3aabc8|rpc:10.1.0.11:41193|priority:1] returns group-268205D479E0:java.util.concurrent.CompletableFuture@11fdbb88[Not completed]
2022-06-15 07:33:56,692 [pool-72-thread-1] INFO  server.RaftServer$Division (RaftServerImpl.java:<init>(190)) - 543aeec3-c74a-41c2-8a93-8d529b3aabc8: new RaftServerImpl for group-268205D479E0:[543aeec3-c74a-41c2-8a93-8d529b3aabc8|rpc:10.1.0.11:41193|priority:1] with ContainerStateMachine:uninitialized
2022-06-15 07:33:56,692 [pool-72-thread-1] INFO  server.RaftServerConfigKeys (ConfUtils.java:logGet(46)) - raft.server.rpc.timeout.min = 5s (custom)
2022-06-15 07:33:56,692 [pool-72-thread-1] INFO  server.RaftServerConfigKeys (ConfUtils.java:logGet(46)) - raft.server.rpc.timeout.max = 5200ms (custom)
2022-06-15 07:33:56,693 [pool-72-thread-1] INFO  server.RaftServerConfigKeys (ConfUtils.java:logGet(46)) - raft.server.rpc.sleep.time = 25ms (default)
2022-06-15 07:33:56,693 [pool-72-thread-1] INFO  server.RaftServerConfigKeys (ConfUtils.java:logGet(46)) - raft.server.rpc.slowness.timeout = 300000ms (custom)
2022-06-15 07:33:56,693 [pool-72-thread-1] INFO  server.RaftServerConfigKeys (ConfUtils.java:logGet(46)) - raft.server.leaderelection.leader.step-down.wait-time = 10s (default)
2022-06-15 07:33:56,693 [pool-72-thread-1] INFO  server.RaftServerConfigKeys (ConfUtils.java:logGet(46)) - raft.server.sleep.deviation.threshold = 300ms (default)
2022-06-15 07:33:56,693 [pool-72-thread-1] INFO  server.RaftServer$Division (ServerState.java:<init>(107)) - 543aeec3-c74a-41c2-8a93-8d529b3aabc8@group-268205D479E0: ConfigurationManager, init=-1: [543aeec3-c74a-41c2-8a93-8d529b3aabc8|rpc:10.1.0.11:41193|priority:1], old=null, confs=<EMPTY_MAP>
2022-06-15 07:33:56,693 [pool-72-thread-1] INFO  server.RaftServerConfigKeys (ConfUtils.java:logGet(46)) - raft.server.storage.dir = [/home/runner/work/ozone/ozone/hadoop-ozone/integration-test/target/test-dir/MiniOzoneClusterImpl-589494f2-24de-4a8c-8650-9a890bc48d46/datanode-0/data/ratis] (custom)
2022-06-15 07:33:56,693 [pool-72-thread-1] INFO  server.RaftServerConfigKeys (ConfUtils.java:logGet(46)) - raft.server.log.corruption.policy = EXCEPTION (default)
2022-06-15 07:33:56,693 [pool-72-thread-1] INFO  server.RaftServerConfigKeys (ConfUtils.java:logGet(46)) - raft.server.storage.free-space.min = 0MB (=0) (default)
2022-06-15 07:33:56,693 [pool-72-thread-1] INFO  storage.RaftStorageDirectory (RaftStorageDirectoryImpl.java:analyzeStorage(135)) - The storage directory /home/runner/work/ozone/ozone/hadoop-ozone/integration-test/target/test-dir/MiniOzoneClusterImpl-589494f2-24de-4a8c-8650-9a890bc48d46/datanode-0/data/ratis/7dacce43-4f31-4a97-b5bc-268205d479e0 does not exist. Creating ...
2022-06-15 07:33:56,695 [pool-72-thread-1] INFO  storage.RaftStorageDirectory (RaftStorageDirectoryImpl.java:tryLock(230)) - Lock on /home/runner/work/ozone/ozone/hadoop-ozone/integration-test/target/test-dir/MiniOzoneClusterImpl-589494f2-24de-4a8c-8650-9a890bc48d46/datanode-0/data/ratis/7dacce43-4f31-4a97-b5bc-268205d479e0/in_use.lock acquired by nodename 5140@fv-az121-418
2022-06-15 07:33:56,696 [pool-72-thread-1] INFO  storage.RaftStorage (RaftStorageImpl.java:format(89)) - Storage directory /home/runner/work/ozone/ozone/hadoop-ozone/integration-test/target/test-dir/MiniOzoneClusterImpl-589494f2-24de-4a8c-8650-9a890bc48d46/datanode-0/data/ratis/7dacce43-4f31-4a97-b5bc-268205d479e0 has been successfully formatted.
2022-06-15 07:33:56,698 [pool-72-thread-1] INFO  ratis.ContainerStateMachine (ContainerStateMachine.java:loadSnapshot(236)) - group-268205D479E0: The snapshot info is null. Setting the last applied indexto:(t:0, i:~)
2022-06-15 07:33:56,698 [pool-72-thread-1] INFO  server.RaftServerConfigKeys (ConfUtils.java:logGet(46)) - raft.server.notification.no-leader.timeout = 300000ms (custom)
2022-06-15 07:33:56,699 [pool-72-thread-1] INFO  server.RaftServerConfigKeys (ConfUtils.java:logGet(46)) - raft.server.log.use.memory = false (default)
2022-06-15 07:33:56,700 [EventQueue-PipelineReportForPipelineReportHandler] INFO  pipeline.PipelineManagerImpl (PipelineManagerImpl.java:openPipeline(356)) - Pipeline Pipeline[ Id: 7dacce43-4f31-4a97-b5bc-268205d479e0, Nodes: 543aeec3-c74a-41c2-8a93-8d529b3aabc8{ip: 10.1.0.11, host: fv-az121-418.xhy4bhhdincepo0av04agjzkjc.cx.internal.cloudapp.net, ports: [REPLICATION=36317, RATIS=41193, RATIS_ADMIN=41193, RATIS_SERVER=41193, STANDALONE=38087], networkLocation: /default-rack, certSerialId: null, persistedOpState: IN_SERVICE, persistedOpStateExpiryEpochSec: 0}, ReplicationConfig: RATIS/ONE, State:ALLOCATED, leaderId:543aeec3-c74a-41c2-8a93-8d529b3aabc8, CreationTimestamp2022-06-15T07:33:53.697Z[Etc/UTC]] moved to OPEN state
2022-06-15 07:33:56,701 [pool-72-thread-1] INFO  server.RaftServerConfigKeys (ConfUtils.java:logGet(46)) - raft.server.log.purge.gap = 1000000 (custom)
2022-06-15 07:33:56,702 [pool-72-thread-1] INFO  server.RaftServerConfigKeys (ConfUtils.java:logGet(46)) - raft.server.log.appender.buffer.byte-limit = 33554432 (custom)
2022-06-15 07:33:56,703 [pool-72-thread-1] INFO  server.RaftServerConfigKeys (ConfUtils.java:logGet(46)) - raft.server.log.statemachine.data.read.timeout = 1000ms (default)
2022-06-15 07:33:56,707 [EventQueue-OpenPipelineForHealthyPipelineSafeModeRule] INFO  safemode.SCMSafeModeManager (HealthyPipelineSafeModeRule.java:process(124)) - SCM in safe mode. Healthy pipelines reported count is 0, required healthy pipeline reported count is 1
2022-06-15 07:33:56,708 [pool-72-thread-1] INFO  server.RaftServerConfigKeys (ConfUtils.java:logGet(46)) - raft.server.log.segment.size.max = 1048576 (custom)
2022-06-15 07:33:56,709 [pool-72-thread-1] INFO  server.RaftServerConfigKeys (ConfUtils.java:logGet(46)) - raft.server.log.segment.cache.num.max = 2 (custom)
2022-06-15 07:33:56,709 [pool-72-thread-1] INFO  server.RaftServerConfigKeys (ConfUtils.java:logGet(46)) - raft.server.log.segment.cache.size.max = 200MB (=209715200) (default)
2022-06-15 07:33:56,709 [pool-72-thread-1] INFO  segmented.SegmentedRaftLogWorker (SegmentedRaftLogWorker.java:<init>(187)) - new 543aeec3-c74a-41c2-8a93-8d529b3aabc8@group-268205D479E0-SegmentedRaftLogWorker for RaftStorageImpl:Storage Directory /home/runner/work/ozone/ozone/hadoop-ozone/integration-test/target/test-dir/MiniOzoneClusterImpl-589494f2-24de-4a8c-8650-9a890bc48d46/datanode-0/data/ratis/7dacce43-4f31-4a97-b5bc-268205d479e0
2022-06-15 07:33:56,709 [pool-72-thread-1] INFO  server.RaftServerConfigKeys (ConfUtils.java:logGet(46)) - raft.server.log.queue.byte-limit = 4294967296 (custom)
2022-06-15 07:33:56,709 [pool-72-thread-1] INFO  server.RaftServerConfigKeys (ConfUtils.java:logGet(46)) - raft.server.log.queue.element-limit = 1024 (custom)
2022-06-15 07:33:56,709 [pool-72-thread-1] INFO  server.RaftServerConfigKeys (ConfUtils.java:logGet(46)) - raft.server.log.segment.size.max = 1048576 (custom)
2022-06-15 07:33:56,709 [pool-72-thread-1] INFO  server.RaftServerConfigKeys (ConfUtils.java:logGet(46)) - raft.server.log.preallocated.size = 16384 (custom)
2022-06-15 07:33:56,710 [pool-72-thread-1] INFO  server.RaftServerConfigKeys (ConfUtils.java:logGet(46)) - raft.server.log.force.sync.num = 128 (default)
2022-06-15 07:33:56,710 [pool-72-thread-1] INFO  server.RaftServerConfigKeys (ConfUtils.java:logGet(46)) - raft.server.log.statemachine.data.sync = true (default)
2022-06-15 07:33:56,710 [pool-72-thread-1] INFO  server.RaftServerConfigKeys (ConfUtils.java:logGet(46)) - raft.server.log.statemachine.data.sync.timeout = 10s (default)
2022-06-15 07:33:56,710 [pool-72-thread-1] INFO  server.RaftServerConfigKeys (ConfUtils.java:logGet(46)) - raft.server.log.statemachine.data.sync.timeout.retry = -1 (default)
2022-06-15 07:33:56,712 [pool-72-thread-1] INFO  server.RaftServerConfigKeys (ConfUtils.java:logGet(46)) - raft.server.log.write.buffer.size = 1048576 (custom)
2022-06-15 07:33:56,713 [pool-72-thread-1] INFO  server.RaftServerConfigKeys (ConfUtils.java:logGet(46)) - raft.server.log.unsafe-flush.enabled = false (default)
2022-06-15 07:33:56,713 [pool-72-thread-1] INFO  server.RaftServerConfigKeys (ConfUtils.java:logGet(46)) - raft.server.log.statemachine.data.caching.enabled = true (custom)
2022-06-15 07:33:56,713 [pool-72-thread-1] INFO  segmented.SegmentedRaftLogWorker (SegmentedRaftLogWorker.java:lambda$new$0(135)) - 543aeec3-c74a-41c2-8a93-8d529b3aabc8@group-268205D479E0-SegmentedRaftLogWorker: flushIndex: setUnconditionally 0 -> -1
2022-06-15 07:33:56,713 [pool-72-thread-1] INFO  segmented.SegmentedRaftLogWorker (SegmentedRaftLogWorker.java:lambda$new$0(135)) - 543aeec3-c74a-41c2-8a93-8d529b3aabc8@group-268205D479E0-SegmentedRaftLogWorker: safeCacheEvictIndex: setUnconditionally 0 -> -1
2022-06-15 07:33:56,715 [pool-72-thread-1] INFO  server.RaftServerConfigKeys (ConfUtils.java:logGet(46)) - raft.server.snapshot.auto.trigger.enabled = true (custom)
2022-06-15 07:33:56,715 [pool-72-thread-1] INFO  server.RaftServerConfigKeys (ConfUtils.java:logGet(46)) - raft.server.snapshot.auto.trigger.threshold = 1 (custom)
2022-06-15 07:33:56,715 [pool-72-thread-1] INFO  server.RaftServerConfigKeys (ConfUtils.java:logGet(46)) - raft.server.snapshot.retention.file.num = 5 (custom)
2022-06-15 07:33:56,715 [pool-72-thread-1] INFO  server.RaftServerConfigKeys (ConfUtils.java:logGet(46)) - raft.server.log.purge.upto.snapshot.index = false (default)
2022-06-15 07:33:56,715 [pool-72-thread-1] INFO  server.RaftServerConfigKeys (ConfUtils.java:logGet(46)) - raft.server.retrycache.expirytime = 600000ms (custom)
2022-06-15 07:33:56,715 [pool-72-thread-1] INFO  server.RaftServerConfigKeys (ConfUtils.java:logGet(46)) - raft.server.retrycache.statistics.expirytime = 100μs (default)
2022-06-15 07:33:56,718 [pool-72-thread-1] INFO  server.RaftServerConfigKeys (ConfUtils.java:logGet(46)) - raft.server.log.appender.install.snapshot.enabled = false (custom)
2022-06-15 07:33:56,719 [pool-72-thread-1] INFO  server.RaftServerConfigKeys (ConfUtils.java:logGet(46)) - raft.server.threadpool.server.cached = true (default)
2022-06-15 07:33:56,719 [pool-72-thread-1] INFO  server.RaftServerConfigKeys (ConfUtils.java:logGet(46)) - raft.server.threadpool.server.size = 0 (default)
2022-06-15 07:33:56,719 [pool-72-thread-1] INFO  server.RaftServerConfigKeys (ConfUtils.java:logGet(46)) - raft.server.threadpool.client.cached = true (default)
2022-06-15 07:33:56,719 [pool-72-thread-1] INFO  server.RaftServerConfigKeys (ConfUtils.java:logGet(46)) - raft.server.threadpool.client.size = 0 (default)
2022-06-15 07:33:56,719 [pool-72-thread-1] INFO  server.RaftServer$Division (RaftServerImpl.java:start(310)) - 543aeec3-c74a-41c2-8a93-8d529b3aabc8@group-268205D479E0: start as a follower, conf=-1: [543aeec3-c74a-41c2-8a93-8d529b3aabc8|rpc:10.1.0.11:41193|priority:1], old=null
2022-06-15 07:33:56,719 [pool-72-thread-1] INFO  server.RaftServer$Division (RaftServerImpl.java:setRole(299)) - 543aeec3-c74a-41c2-8a93-8d529b3aabc8@group-268205D479E0: changes role from      null to FOLLOWER at term 0 for startAsFollower
2022-06-15 07:33:56,719 [pool-72-thread-1] INFO  impl.RoleInfo (RoleInfo.java:updateAndGet(139)) - 543aeec3-c74a-41c2-8a93-8d529b3aabc8: start 543aeec3-c74a-41c2-8a93-8d529b3aabc8@group-268205D479E0-FollowerState
2022-06-15 07:33:56,719 [pool-72-thread-1] INFO  util.JmxRegister (JmxRegister.java:tryRegister(44)) - Successfully registered JMX Bean with object name Ratis:service=RaftServer,group=group-268205D479E0,id=543aeec3-c74a-41c2-8a93-8d529b3aabc8
2022-06-15 07:33:56,736 [Command processor thread] INFO  ratis.XceiverServerRatis (XceiverServerRatis.java:addGroup(765)) - Created group PipelineID=7dacce43-4f31-4a97-b5bc-268205d479e0
2022-06-15 07:33:56,737 [Command processor thread] INFO  commandhandler.CreatePipelineCommandHandler (CreatePipelineCommandHandler.java:handle(113)) - Created Pipeline RATIS ONE PipelineID=7dacce43-4f31-4a97-b5bc-268205d479e0.
2022-06-15 07:33:56,737 [Command processor thread] INFO  server.RaftServer (RaftServerProxy.java:addNew(96)) - 543aeec3-c74a-41c2-8a93-8d529b3aabc8: addNew group-114DF2E904AF:[b0a9d56e-b544-41cd-b2b1-b34d126127d5|rpc:10.1.0.11:34765|priority:0, 657a5ecd-0fe1-496e-aa3e-85dbaec35512|rpc:10.1.0.11:33757|priority:0, 543aeec3-c74a-41c2-8a93-8d529b3aabc8|rpc:10.1.0.11:41193|priority:1] returns group-114DF2E904AF:java.util.concurrent.CompletableFuture@79f777b1[Not completed]
2022-06-15 07:33:56,738 [pool-72-thread-1] INFO  server.RaftServer$Division (RaftServerImpl.java:<init>(190)) - 543aeec3-c74a-41c2-8a93-8d529b3aabc8: new RaftServerImpl for group-114DF2E904AF:[b0a9d56e-b544-41cd-b2b1-b34d126127d5|rpc:10.1.0.11:34765|priority:0, 657a5ecd-0fe1-496e-aa3e-85dbaec35512|rpc:10.1.0.11:33757|priority:0, 543aeec3-c74a-41c2-8a93-8d529b3aabc8|rpc:10.1.0.11:41193|priority:1] with ContainerStateMachine:uninitialized
2022-06-15 07:33:56,738 [pool-72-thread-1] INFO  server.RaftServerConfigKeys (ConfUtils.java:logGet(46)) - raft.server.rpc.timeout.min = 5s (custom)
2022-06-15 07:33:56,738 [pool-72-thread-1] INFO  server.RaftServerConfigKeys (ConfUtils.java:logGet(46)) - raft.server.rpc.timeout.max = 5200ms (custom)
2022-06-15 07:33:56,738 [pool-72-thread-1] INFO  server.RaftServerConfigKeys (ConfUtils.java:logGet(46)) - raft.server.rpc.sleep.time = 25ms (default)
2022-06-15 07:33:56,739 [pool-72-thread-1] INFO  server.RaftServerConfigKeys (ConfUtils.java:logGet(46)) - raft.server.rpc.slowness.timeout = 300000ms (custom)
2022-06-15 07:33:56,739 [pool-72-thread-1] INFO  server.RaftServerConfigKeys (ConfUtils.java:logGet(46)) - raft.server.leaderelection.leader.step-down.wait-time = 10s (default)
2022-06-15 07:33:56,739 [pool-72-thread-1] INFO  server.RaftServerConfigKeys (ConfUtils.java:logGet(46)) - raft.server.sleep.deviation.threshold = 300ms (default)
2022-06-15 07:33:56,739 [pool-72-thread-1] INFO  server.RaftServer$Division (ServerState.java:<init>(107)) - 543aeec3-c74a-41c2-8a93-8d529b3aabc8@group-114DF2E904AF: ConfigurationManager, init=-1: [b0a9d56e-b544-41cd-b2b1-b34d126127d5|rpc:10.1.0.11:34765|priority:0, 657a5ecd-0fe1-496e-aa3e-85dbaec35512|rpc:10.1.0.11:33757|priority:0, 543aeec3-c74a-41c2-8a93-8d529b3aabc8|rpc:10.1.0.11:41193|priority:1], old=null, confs=<EMPTY_MAP>
2022-06-15 07:33:56,739 [pool-72-thread-1] INFO  server.RaftServerConfigKeys (ConfUtils.java:logGet(46)) - raft.server.storage.dir = [/home/runner/work/ozone/ozone/hadoop-ozone/integration-test/target/test-dir/MiniOzoneClusterImpl-589494f2-24de-4a8c-8650-9a890bc48d46/datanode-0/data/ratis] (custom)
2022-06-15 07:33:56,739 [pool-72-thread-1] INFO  server.RaftServerConfigKeys (ConfUtils.java:logGet(46)) - raft.server.log.corruption.policy = EXCEPTION (default)
2022-06-15 07:33:56,739 [pool-72-thread-1] INFO  server.RaftServerConfigKeys (ConfUtils.java:logGet(46)) - raft.server.storage.free-space.min = 0MB (=0) (default)
2022-06-15 07:33:56,739 [pool-72-thread-1] INFO  storage.RaftStorageDirectory (RaftStorageDirectoryImpl.java:analyzeStorage(135)) - The storage directory /home/runner/work/ozone/ozone/hadoop-ozone/integration-test/target/test-dir/MiniOzoneClusterImpl-589494f2-24de-4a8c-8650-9a890bc48d46/datanode-0/data/ratis/83aa0ae5-c647-4842-ba01-114df2e904af does not exist. Creating ...
2022-06-15 07:33:56,740 [pool-72-thread-1] INFO  storage.RaftStorageDirectory (RaftStorageDirectoryImpl.java:tryLock(230)) - Lock on /home/runner/work/ozone/ozone/hadoop-ozone/integration-test/target/test-dir/MiniOzoneClusterImpl-589494f2-24de-4a8c-8650-9a890bc48d46/datanode-0/data/ratis/83aa0ae5-c647-4842-ba01-114df2e904af/in_use.lock acquired by nodename 5140@fv-az121-418
2022-06-15 07:33:56,741 [pool-72-thread-1] INFO  storage.RaftStorage (RaftStorageImpl.java:format(89)) - Storage directory /home/runner/work/ozone/ozone/hadoop-ozone/integration-test/target/test-dir/MiniOzoneClusterImpl-589494f2-24de-4a8c-8650-9a890bc48d46/datanode-0/data/ratis/83aa0ae5-c647-4842-ba01-114df2e904af has been successfully formatted.
2022-06-15 07:33:56,741 [pool-72-thread-1] INFO  ratis.ContainerStateMachine (ContainerStateMachine.java:loadSnapshot(236)) - group-114DF2E904AF: The snapshot info is null. Setting the last applied indexto:(t:0, i:~)
2022-06-15 07:33:56,742 [pool-72-thread-1] INFO  server.RaftServerConfigKeys (ConfUtils.java:logGet(46)) - raft.server.notification.no-leader.timeout = 300000ms (custom)
2022-06-15 07:33:56,742 [pool-72-thread-1] INFO  server.RaftServerConfigKeys (ConfUtils.java:logGet(46)) - raft.server.log.use.memory = false (default)
2022-06-15 07:33:56,743 [pool-72-thread-1] INFO  server.RaftServerConfigKeys (ConfUtils.java:logGet(46)) - raft.server.log.purge.gap = 1000000 (custom)
2022-06-15 07:33:56,743 [pool-72-thread-1] INFO  server.RaftServerConfigKeys (ConfUtils.java:logGet(46)) - raft.server.log.appender.buffer.byte-limit = 33554432 (custom)
2022-06-15 07:33:56,743 [pool-72-thread-1] INFO  server.RaftServerConfigKeys (ConfUtils.java:logGet(46)) - raft.server.log.statemachine.data.read.timeout = 1000ms (default)
2022-06-15 07:33:56,744 [EventQueue-OpenPipelineForHealthyPipelineSafeModeRule] INFO  safemode.SCMSafeModeManager (HealthyPipelineSafeModeRule.java:process(124)) - SCM in safe mode. Healthy pipelines reported count is 0, required healthy pipeline reported count is 1
2022-06-15 07:33:56,745 [pool-72-thread-1] INFO  server.RaftServerConfigKeys (ConfUtils.java:logGet(46)) - raft.server.log.segment.size.max = 1048576 (custom)
2022-06-15 07:33:56,746 [pool-72-thread-1] INFO  server.RaftServerConfigKeys (ConfUtils.java:logGet(46)) - raft.server.log.segment.cache.num.max = 2 (custom)
2022-06-15 07:33:56,746 [pool-72-thread-1] INFO  server.RaftServerConfigKeys (ConfUtils.java:logGet(46)) - raft.server.log.segment.cache.size.max = 200MB (=209715200) (default)
2022-06-15 07:33:56,746 [pool-72-thread-1] INFO  segmented.SegmentedRaftLogWorker (SegmentedRaftLogWorker.java:<init>(187)) - new 543aeec3-c74a-41c2-8a93-8d529b3aabc8@group-114DF2E904AF-SegmentedRaftLogWorker for RaftStorageImpl:Storage Directory /home/runner/work/ozone/ozone/hadoop-ozone/integration-test/target/test-dir/MiniOzoneClusterImpl-589494f2-24de-4a8c-8650-9a890bc48d46/datanode-0/data/ratis/83aa0ae5-c647-4842-ba01-114df2e904af
2022-06-15 07:33:56,746 [pool-72-thread-1] INFO  server.RaftServerConfigKeys (ConfUtils.java:logGet(46)) - raft.server.log.queue.byte-limit = 4294967296 (custom)
2022-06-15 07:33:56,746 [pool-72-thread-1] INFO  server.RaftServerConfigKeys (ConfUtils.java:logGet(46)) - raft.server.log.queue.element-limit = 1024 (custom)
2022-06-15 07:33:56,746 [pool-72-thread-1] INFO  server.RaftServerConfigKeys (ConfUtils.java:logGet(46)) - raft.server.log.segment.size.max = 1048576 (custom)
2022-06-15 07:33:56,746 [pool-72-thread-1] INFO  server.RaftServerConfigKeys (ConfUtils.java:logGet(46)) - raft.server.log.preallocated.size = 16384 (custom)
2022-06-15 07:33:56,746 [pool-72-thread-1] INFO  server.RaftServerConfigKeys (ConfUtils.java:logGet(46)) - raft.server.log.force.sync.num = 128 (default)
2022-06-15 07:33:56,746 [pool-72-thread-1] INFO  server.RaftServerConfigKeys (ConfUtils.java:logGet(46)) - raft.server.log.statemachine.data.sync = true (default)
2022-06-15 07:33:56,746 [pool-72-thread-1] INFO  server.RaftServerConfigKeys (ConfUtils.java:logGet(46)) - raft.server.log.statemachine.data.sync.timeout = 10s (default)
2022-06-15 07:33:56,746 [pool-72-thread-1] INFO  server.RaftServerConfigKeys (ConfUtils.java:logGet(46)) - raft.server.log.statemachine.data.sync.timeout.retry = -1 (default)
2022-06-15 07:33:56,748 [pool-72-thread-1] INFO  server.RaftServerConfigKeys (ConfUtils.java:logGet(46)) - raft.server.log.write.buffer.size = 1048576 (custom)
2022-06-15 07:33:56,749 [pool-72-thread-1] INFO  server.RaftServerConfigKeys (ConfUtils.java:logGet(46)) - raft.server.log.unsafe-flush.enabled = false (default)
2022-06-15 07:33:56,749 [pool-72-thread-1] INFO  server.RaftServerConfigKeys (ConfUtils.java:logGet(46)) - raft.server.log.statemachine.data.caching.enabled = true (custom)
2022-06-15 07:33:56,749 [pool-72-thread-1] INFO  segmented.SegmentedRaftLogWorker (SegmentedRaftLogWorker.java:lambda$new$0(135)) - 543aeec3-c74a-41c2-8a93-8d529b3aabc8@group-114DF2E904AF-SegmentedRaftLogWorker: flushIndex: setUnconditionally 0 -> -1
2022-06-15 07:33:56,749 [pool-72-thread-1] INFO  segmented.SegmentedRaftLogWorker (SegmentedRaftLogWorker.java:lambda$new$0(135)) - 543aeec3-c74a-41c2-8a93-8d529b3aabc8@group-114DF2E904AF-SegmentedRaftLogWorker: safeCacheEvictIndex: setUnconditionally 0 -> -1
2022-06-15 07:33:56,749 [pool-72-thread-1] INFO  server.RaftServerConfigKeys (ConfUtils.java:logGet(46)) - raft.server.snapshot.auto.trigger.enabled = true (custom)
2022-06-15 07:33:56,750 [pool-72-thread-1] INFO  server.RaftServerConfigKeys (ConfUtils.java:logGet(46)) - raft.server.snapshot.auto.trigger.threshold = 1 (custom)
2022-06-15 07:33:56,750 [pool-72-thread-1] INFO  server.RaftServerConfigKeys (ConfUtils.java:logGet(46)) - raft.server.snapshot.retention.file.num = 5 (custom)
2022-06-15 07:33:56,750 [pool-72-thread-1] INFO  server.RaftServerConfigKeys (ConfUtils.java:logGet(46)) - raft.server.log.purge.upto.snapshot.index = false (default)
2022-06-15 07:33:56,750 [pool-72-thread-1] INFO  server.RaftServerConfigKeys (ConfUtils.java:logGet(46)) - raft.server.retrycache.expirytime = 600000ms (custom)
2022-06-15 07:33:56,750 [pool-72-thread-1] INFO  server.RaftServerConfigKeys (ConfUtils.java:logGet(46)) - raft.server.retrycache.statistics.expirytime = 100μs (default)
2022-06-15 07:33:56,752 [pool-72-thread-1] INFO  server.RaftServerConfigKeys (ConfUtils.java:logGet(46)) - raft.server.log.appender.install.snapshot.enabled = false (custom)
2022-06-15 07:33:56,753 [pool-72-thread-1] INFO  server.RaftServerConfigKeys (ConfUtils.java:logGet(46)) - raft.server.threadpool.server.cached = true (default)
2022-06-15 07:33:56,753 [pool-72-thread-1] INFO  server.RaftServerConfigKeys (ConfUtils.java:logGet(46)) - raft.server.threadpool.server.size = 0 (default)
2022-06-15 07:33:56,753 [pool-72-thread-1] INFO  server.RaftServerConfigKeys (ConfUtils.java:logGet(46)) - raft.server.threadpool.client.cached = true (default)
2022-06-15 07:33:56,753 [pool-72-thread-1] INFO  server.RaftServerConfigKeys (ConfUtils.java:logGet(46)) - raft.server.threadpool.client.size = 0 (default)
2022-06-15 07:33:56,753 [pool-72-thread-1] INFO  server.RaftServer$Division (RaftServerImpl.java:start(310)) - 543aeec3-c74a-41c2-8a93-8d529b3aabc8@group-114DF2E904AF: start as a follower, conf=-1: [b0a9d56e-b544-41cd-b2b1-b34d126127d5|rpc:10.1.0.11:34765|priority:0, 657a5ecd-0fe1-496e-aa3e-85dbaec35512|rpc:10.1.0.11:33757|priority:0, 543aeec3-c74a-41c2-8a93-8d529b3aabc8|rpc:10.1.0.11:41193|priority:1], old=null
2022-06-15 07:33:56,753 [pool-72-thread-1] INFO  server.RaftServer$Division (RaftServerImpl.java:setRole(299)) - 543aeec3-c74a-41c2-8a93-8d529b3aabc8@group-114DF2E904AF: changes role from      null to FOLLOWER at term 0 for startAsFollower
2022-06-15 07:33:56,753 [pool-72-thread-1] INFO  impl.RoleInfo (RoleInfo.java:updateAndGet(139)) - 543aeec3-c74a-41c2-8a93-8d529b3aabc8: start 543aeec3-c74a-41c2-8a93-8d529b3aabc8@group-114DF2E904AF-FollowerState
2022-06-15 07:33:56,755 [pool-72-thread-1] INFO  util.JmxRegister (JmxRegister.java:tryRegister(44)) - Successfully registered JMX Bean with object name Ratis:service=RaftServer,group=group-114DF2E904AF,id=543aeec3-c74a-41c2-8a93-8d529b3aabc8
2022-06-15 07:33:56,757 [Command processor thread] INFO  ratis.XceiverServerRatis (XceiverServerRatis.java:addGroup(765)) - Created group PipelineID=83aa0ae5-c647-4842-ba01-114df2e904af
2022-06-15 07:33:56,932 [Listener at 127.0.0.1/34461] INFO  ozone.MiniOzoneClusterImpl (MiniOzoneClusterImpl.java:lambda$waitForClusterToBeReady$0(221)) - Waiting for nodes to be ready. Got 9 of 10 DN Heartbeats.
2022-06-15 07:33:56,932 [Listener at 127.0.0.1/34461] INFO  ozone.MiniOzoneClusterImpl (MiniOzoneClusterImpl.java:lambda$waitForClusterToBeReady$0(224)) - Waiting for cluster to exit safe mode
2022-06-15 07:33:56,932 [Listener at 127.0.0.1/34461] INFO  ozone.MiniOzoneClusterImpl (MiniOzoneClusterImpl.java:lambda$waitForClusterToBeReady$0(226)) - SCM became leader
2022-06-15 07:33:56,946 [IPC Server handler 8 on default port 42631] INFO  net.NetworkTopologyImpl (NetworkTopologyImpl.java:add(112)) - Added a new node: /default-rack/3d9a943e-75ca-4968-a0ac-53e99e58ea83
2022-06-15 07:33:56,947 [IPC Server handler 8 on default port 42631] INFO  node.SCMNodeManager (SCMNodeManager.java:register(394)) - Registered Data node : 3d9a943e-75ca-4968-a0ac-53e99e58ea83{ip: 10.1.0.11, host: fv-az121-418.xhy4bhhdincepo0av04agjzkjc.cx.internal.cloudapp.net, ports: [REPLICATION=35039, RATIS=34335, RATIS_ADMIN=34335, RATIS_SERVER=34335, STANDALONE=44631], networkLocation: /default-rack, certSerialId: null, persistedOpState: null, persistedOpStateExpiryEpochSec: 0}
2022-06-15 07:33:56,947 [EventQueue-NewNodeForNewNodeHandler] INFO  pipeline.BackgroundPipelineCreator (BackgroundPipelineCreator.java:notifyEventTriggered(272)) - trigger a one-shot run on RatisPipelineUtilsThread.
2022-06-15 07:33:56,948 [EventQueue-OpenPipelineForHealthyPipelineSafeModeRule] INFO  safemode.SCMSafeModeManager (HealthyPipelineSafeModeRule.java:process(124)) - SCM in safe mode. Healthy pipelines reported count is 0, required healthy pipeline reported count is 1
2022-06-15 07:33:56,948 [RatisPipelineUtilsThread - 0] INFO  pipeline.RatisPipelineProvider (RatisPipelineProvider.java:lambda$create$0(195)) - Sending CreatePipelineCommand for pipeline:PipelineID=5fe5c341-0cdc-40b8-95f1-9c2df2b4915e to datanode:3d9a943e-75ca-4968-a0ac-53e99e58ea83
2022-06-15 07:33:56,949 [RatisPipelineUtilsThread - 0] INFO  pipeline.PipelineStateManagerImpl (PipelineStateManagerImpl.java:addPipeline(101)) - Created pipeline Pipeline[ Id: 5fe5c341-0cdc-40b8-95f1-9c2df2b4915e, Nodes: 3d9a943e-75ca-4968-a0ac-53e99e58ea83{ip: 10.1.0.11, host: fv-az121-418.xhy4bhhdincepo0av04agjzkjc.cx.internal.cloudapp.net, ports: [REPLICATION=35039, RATIS=34335, RATIS_ADMIN=34335, RATIS_SERVER=34335, STANDALONE=44631], networkLocation: /default-rack, certSerialId: null, persistedOpState: IN_SERVICE, persistedOpStateExpiryEpochSec: 0}, ReplicationConfig: RATIS/ONE, State:ALLOCATED, leaderId:, CreationTimestamp2022-06-15T07:33:56.948Z[Etc/UTC]].
2022-06-15 07:33:57,282 [Command processor thread] INFO  server.RaftServer (RaftServerProxy.java:addNew(96)) - b0a9d56e-b544-41cd-b2b1-b34d126127d5: addNew group-94329FDE023D:[b0a9d56e-b544-41cd-b2b1-b34d126127d5|rpc:10.1.0.11:34765|priority:1] returns group-94329FDE023D:java.util.concurrent.CompletableFuture@a11ae27[Not completed]
2022-06-15 07:33:57,289 [pool-94-thread-1] INFO  server.RaftServer$Division (RaftServerImpl.java:<init>(190)) - b0a9d56e-b544-41cd-b2b1-b34d126127d5: new RaftServerImpl for group-94329FDE023D:[b0a9d56e-b544-41cd-b2b1-b34d126127d5|rpc:10.1.0.11:34765|priority:1] with ContainerStateMachine:uninitialized
2022-06-15 07:33:57,290 [pool-94-thread-1] INFO  server.RaftServerConfigKeys (ConfUtils.java:logGet(46)) - raft.server.rpc.timeout.min = 5s (custom)
2022-06-15 07:33:57,290 [pool-94-thread-1] INFO  server.RaftServerConfigKeys (ConfUtils.java:logGet(46)) - raft.server.rpc.timeout.max = 5200ms (custom)
2022-06-15 07:33:57,290 [pool-94-thread-1] INFO  server.RaftServerConfigKeys (ConfUtils.java:logGet(46)) - raft.server.rpc.sleep.time = 25ms (default)
2022-06-15 07:33:57,290 [pool-94-thread-1] INFO  server.RaftServerConfigKeys (ConfUtils.java:logGet(46)) - raft.server.rpc.slowness.timeout = 300000ms (custom)
2022-06-15 07:33:57,290 [pool-94-thread-1] INFO  server.RaftServerConfigKeys (ConfUtils.java:logGet(46)) - raft.server.leaderelection.leader.step-down.wait-time = 10s (default)
2022-06-15 07:33:57,290 [pool-94-thread-1] INFO  server.RaftServerConfigKeys (ConfUtils.java:logGet(46)) - raft.server.sleep.deviation.threshold = 300ms (default)
2022-06-15 07:33:57,290 [pool-94-thread-1] INFO  server.RaftServer$Division (ServerState.java:<init>(107)) - b0a9d56e-b544-41cd-b2b1-b34d126127d5@group-94329FDE023D: ConfigurationManager, init=-1: [b0a9d56e-b544-41cd-b2b1-b34d126127d5|rpc:10.1.0.11:34765|priority:1], old=null, confs=<EMPTY_MAP>
2022-06-15 07:33:57,290 [pool-94-thread-1] INFO  server.RaftServerConfigKeys (ConfUtils.java:logGet(46)) - raft.server.storage.dir = [/home/runner/work/ozone/ozone/hadoop-ozone/integration-test/target/test-dir/MiniOzoneClusterImpl-589494f2-24de-4a8c-8650-9a890bc48d46/datanode-1/data/ratis] (custom)
2022-06-15 07:33:57,291 [pool-94-thread-1] INFO  server.RaftServerConfigKeys (ConfUtils.java:logGet(46)) - raft.server.log.corruption.policy = EXCEPTION (default)
2022-06-15 07:33:57,291 [pool-94-thread-1] INFO  server.RaftServerConfigKeys (ConfUtils.java:logGet(46)) - raft.server.storage.free-space.min = 0MB (=0) (default)
2022-06-15 07:33:57,291 [pool-94-thread-1] INFO  storage.RaftStorageDirectory (RaftStorageDirectoryImpl.java:analyzeStorage(135)) - The storage directory /home/runner/work/ozone/ozone/hadoop-ozone/integration-test/target/test-dir/MiniOzoneClusterImpl-589494f2-24de-4a8c-8650-9a890bc48d46/datanode-1/data/ratis/14bec593-f120-4695-8110-94329fde023d does not exist. Creating ...
2022-06-15 07:33:57,292 [pool-94-thread-1] INFO  storage.RaftStorageDirectory (RaftStorageDirectoryImpl.java:tryLock(230)) - Lock on /home/runner/work/ozone/ozone/hadoop-ozone/integration-test/target/test-dir/MiniOzoneClusterImpl-589494f2-24de-4a8c-8650-9a890bc48d46/datanode-1/data/ratis/14bec593-f120-4695-8110-94329fde023d/in_use.lock acquired by nodename 5140@fv-az121-418
2022-06-15 07:33:57,293 [pool-94-thread-1] INFO  storage.RaftStorage (RaftStorageImpl.java:format(89)) - Storage directory /home/runner/work/ozone/ozone/hadoop-ozone/integration-test/target/test-dir/MiniOzoneClusterImpl-589494f2-24de-4a8c-8650-9a890bc48d46/datanode-1/data/ratis/14bec593-f120-4695-8110-94329fde023d has been successfully formatted.
2022-06-15 07:33:57,296 [EventQueue-PipelineReportForPipelineReportHandler] INFO  pipeline.PipelineManagerImpl (PipelineManagerImpl.java:openPipeline(356)) - Pipeline Pipeline[ Id: 14bec593-f120-4695-8110-94329fde023d, Nodes: b0a9d56e-b544-41cd-b2b1-b34d126127d5{ip: 10.1.0.11, host: fv-az121-418.xhy4bhhdincepo0av04agjzkjc.cx.internal.cloudapp.net, ports: [REPLICATION=45673, RATIS=34765, RATIS_ADMIN=34765, RATIS_SERVER=34765, STANDALONE=46291], networkLocation: /default-rack, certSerialId: null, persistedOpState: IN_SERVICE, persistedOpStateExpiryEpochSec: 0}, ReplicationConfig: RATIS/ONE, State:ALLOCATED, leaderId:b0a9d56e-b544-41cd-b2b1-b34d126127d5, CreationTimestamp2022-06-15T07:33:54.284Z[Etc/UTC]] moved to OPEN state
2022-06-15 07:33:57,296 [EventQueue-OpenPipelineForHealthyPipelineSafeModeRule] INFO  safemode.SCMSafeModeManager (HealthyPipelineSafeModeRule.java:process(124)) - SCM in safe mode. Healthy pipelines reported count is 0, required healthy pipeline reported count is 1
2022-06-15 07:33:57,297 [pool-94-thread-1] INFO  ratis.ContainerStateMachine (ContainerStateMachine.java:loadSnapshot(236)) - group-94329FDE023D: The snapshot info is null. Setting the last applied indexto:(t:0, i:~)
2022-06-15 07:33:57,301 [pool-94-thread-1] INFO  server.RaftServerConfigKeys (ConfUtils.java:logGet(46)) - raft.server.notification.no-leader.timeout = 300000ms (custom)
2022-06-15 07:33:57,301 [pool-94-thread-1] INFO  server.RaftServerConfigKeys (ConfUtils.java:logGet(46)) - raft.server.log.use.memory = false (default)
2022-06-15 07:33:57,301 [pool-94-thread-1] INFO  server.RaftServerConfigKeys (ConfUtils.java:logGet(46)) - raft.server.log.purge.gap = 1000000 (custom)
2022-06-15 07:33:57,301 [pool-94-thread-1] INFO  server.RaftServerConfigKeys (ConfUtils.java:logGet(46)) - raft.server.log.appender.buffer.byte-limit = 33554432 (custom)
2022-06-15 07:33:57,301 [pool-94-thread-1] INFO  server.RaftServerConfigKeys (ConfUtils.java:logGet(46)) - raft.server.log.statemachine.data.read.timeout = 1000ms (default)
2022-06-15 07:33:57,303 [pool-94-thread-1] INFO  server.RaftServerConfigKeys (ConfUtils.java:logGet(46)) - raft.server.log.segment.size.max = 1048576 (custom)
2022-06-15 07:33:57,310 [pool-94-thread-1] INFO  server.RaftServerConfigKeys (ConfUtils.java:logGet(46)) - raft.server.log.segment.cache.num.max = 2 (custom)
2022-06-15 07:33:57,310 [pool-94-thread-1] INFO  server.RaftServerConfigKeys (ConfUtils.java:logGet(46)) - raft.server.log.segment.cache.size.max = 200MB (=209715200) (default)
2022-06-15 07:33:57,310 [pool-94-thread-1] INFO  segmented.SegmentedRaftLogWorker (SegmentedRaftLogWorker.java:<init>(187)) - new b0a9d56e-b544-41cd-b2b1-b34d126127d5@group-94329FDE023D-SegmentedRaftLogWorker for RaftStorageImpl:Storage Directory /home/runner/work/ozone/ozone/hadoop-ozone/integration-test/target/test-dir/MiniOzoneClusterImpl-589494f2-24de-4a8c-8650-9a890bc48d46/datanode-1/data/ratis/14bec593-f120-4695-8110-94329fde023d
2022-06-15 07:33:57,310 [pool-94-thread-1] INFO  server.RaftServerConfigKeys (ConfUtils.java:logGet(46)) - raft.server.log.queue.byte-limit = 4294967296 (custom)
2022-06-15 07:33:57,310 [pool-94-thread-1] INFO  server.RaftServerConfigKeys (ConfUtils.java:logGet(46)) - raft.server.log.queue.element-limit = 1024 (custom)
2022-06-15 07:33:57,310 [pool-94-thread-1] INFO  server.RaftServerConfigKeys (ConfUtils.java:logGet(46)) - raft.server.log.segment.size.max = 1048576 (custom)
2022-06-15 07:33:57,310 [pool-94-thread-1] INFO  server.RaftServerConfigKeys (ConfUtils.java:logGet(46)) - raft.server.log.preallocated.size = 16384 (custom)
2022-06-15 07:33:57,311 [pool-94-thread-1] INFO  server.RaftServerConfigKeys (ConfUtils.java:logGet(46)) - raft.server.log.force.sync.num = 128 (default)
2022-06-15 07:33:57,311 [pool-94-thread-1] INFO  server.RaftServerConfigKeys (ConfUtils.java:logGet(46)) - raft.server.log.statemachine.data.sync = true (default)
2022-06-15 07:33:57,311 [pool-94-thread-1] INFO  server.RaftServerConfigKeys (ConfUtils.java:logGet(46)) - raft.server.log.statemachine.data.sync.timeout = 10s (default)
2022-06-15 07:33:57,311 [pool-94-thread-1] INFO  server.RaftServerConfigKeys (ConfUtils.java:logGet(46)) - raft.server.log.statemachine.data.sync.timeout.retry = -1 (default)
2022-06-15 07:33:57,322 [pool-94-thread-1] INFO  server.RaftServerConfigKeys (ConfUtils.java:logGet(46)) - raft.server.log.write.buffer.size = 1048576 (custom)
2022-06-15 07:33:57,323 [pool-94-thread-1] INFO  server.RaftServerConfigKeys (ConfUtils.java:logGet(46)) - raft.server.log.unsafe-flush.enabled = false (default)
2022-06-15 07:33:57,323 [pool-94-thread-1] INFO  server.RaftServerConfigKeys (ConfUtils.java:logGet(46)) - raft.server.log.statemachine.data.caching.enabled = true (custom)
2022-06-15 07:33:57,323 [pool-94-thread-1] INFO  segmented.SegmentedRaftLogWorker (SegmentedRaftLogWorker.java:lambda$new$0(135)) - b0a9d56e-b544-41cd-b2b1-b34d126127d5@group-94329FDE023D-SegmentedRaftLogWorker: flushIndex: setUnconditionally 0 -> -1
2022-06-15 07:33:57,323 [pool-94-thread-1] INFO  segmented.SegmentedRaftLogWorker (SegmentedRaftLogWorker.java:lambda$new$0(135)) - b0a9d56e-b544-41cd-b2b1-b34d126127d5@group-94329FDE023D-SegmentedRaftLogWorker: safeCacheEvictIndex: setUnconditionally 0 -> -1
2022-06-15 07:33:57,330 [pool-94-thread-1] INFO  server.RaftServerConfigKeys (ConfUtils.java:logGet(46)) - raft.server.snapshot.auto.trigger.enabled = true (custom)
2022-06-15 07:33:57,330 [pool-94-thread-1] INFO  server.RaftServerConfigKeys (ConfUtils.java:logGet(46)) - raft.server.snapshot.auto.trigger.threshold = 1 (custom)
2022-06-15 07:33:57,330 [pool-94-thread-1] INFO  server.RaftServerConfigKeys (ConfUtils.java:logGet(46)) - raft.server.snapshot.retention.file.num = 5 (custom)
2022-06-15 07:33:57,330 [pool-94-thread-1] INFO  server.RaftServerConfigKeys (ConfUtils.java:logGet(46)) - raft.server.log.purge.upto.snapshot.index = false (default)
2022-06-15 07:33:57,330 [pool-94-thread-1] INFO  server.RaftServerConfigKeys (ConfUtils.java:logGet(46)) - raft.server.retrycache.expirytime = 600000ms (custom)
2022-06-15 07:33:57,330 [pool-94-thread-1] INFO  server.RaftServerConfigKeys (ConfUtils.java:logGet(46)) - raft.server.retrycache.statistics.expirytime = 100μs (default)
2022-06-15 07:33:57,340 [pool-94-thread-1] INFO  server.RaftServerConfigKeys (ConfUtils.java:logGet(46)) - raft.server.log.appender.install.snapshot.enabled = false (custom)
2022-06-15 07:33:57,340 [pool-94-thread-1] INFO  server.RaftServerConfigKeys (ConfUtils.java:logGet(46)) - raft.server.threadpool.server.cached = true (default)
2022-06-15 07:33:57,340 [pool-94-thread-1] INFO  server.RaftServerConfigKeys (ConfUtils.java:logGet(46)) - raft.server.threadpool.server.size = 0 (default)
2022-06-15 07:33:57,340 [pool-94-thread-1] INFO  server.RaftServerConfigKeys (ConfUtils.java:logGet(46)) - raft.server.threadpool.client.cached = true (default)
2022-06-15 07:33:57,340 [pool-94-thread-1] INFO  server.RaftServerConfigKeys (ConfUtils.java:logGet(46)) - raft.server.threadpool.client.size = 0 (default)
2022-06-15 07:33:57,340 [pool-94-thread-1] INFO  server.RaftServer$Division (RaftServerImpl.java:start(310)) - b0a9d56e-b544-41cd-b2b1-b34d126127d5@group-94329FDE023D: start as a follower, conf=-1: [b0a9d56e-b544-41cd-b2b1-b34d126127d5|rpc:10.1.0.11:34765|priority:1], old=null
2022-06-15 07:33:57,340 [pool-94-thread-1] INFO  server.RaftServer$Division (RaftServerImpl.java:setRole(299)) - b0a9d56e-b544-41cd-b2b1-b34d126127d5@group-94329FDE023D: changes role from      null to FOLLOWER at term 0 for startAsFollower
2022-06-15 07:33:57,340 [pool-94-thread-1] INFO  impl.RoleInfo (RoleInfo.java:updateAndGet(139)) - b0a9d56e-b544-41cd-b2b1-b34d126127d5: start b0a9d56e-b544-41cd-b2b1-b34d126127d5@group-94329FDE023D-FollowerState
2022-06-15 07:33:57,349 [pool-94-thread-1] INFO  util.JmxRegister (JmxRegister.java:tryRegister(44)) - Successfully registered JMX Bean with object name Ratis:service=RaftServer,group=group-94329FDE023D,id=b0a9d56e-b544-41cd-b2b1-b34d126127d5
2022-06-15 07:33:57,351 [EventQueue-OpenPipelineForHealthyPipelineSafeModeRule] INFO  safemode.SCMSafeModeManager (HealthyPipelineSafeModeRule.java:process(124)) - SCM in safe mode. Healthy pipelines reported count is 0, required healthy pipeline reported count is 1
2022-06-15 07:33:57,353 [Command processor thread] INFO  ratis.XceiverServerRatis (XceiverServerRatis.java:addGroup(765)) - Created group PipelineID=14bec593-f120-4695-8110-94329fde023d
2022-06-15 07:33:57,353 [Command processor thread] INFO  commandhandler.CreatePipelineCommandHandler (CreatePipelineCommandHandler.java:handle(113)) - Created Pipeline RATIS ONE PipelineID=14bec593-f120-4695-8110-94329fde023d.
2022-06-15 07:33:57,353 [Command processor thread] INFO  server.RaftServer (RaftServerProxy.java:addNew(96)) - b0a9d56e-b544-41cd-b2b1-b34d126127d5: addNew group-114DF2E904AF:[b0a9d56e-b544-41cd-b2b1-b34d126127d5|rpc:10.1.0.11:34765|priority:0, 657a5ecd-0fe1-496e-aa3e-85dbaec35512|rpc:10.1.0.11:33757|priority:0, 543aeec3-c74a-41c2-8a93-8d529b3aabc8|rpc:10.1.0.11:41193|priority:1] returns group-114DF2E904AF:java.util.concurrent.CompletableFuture@e2e2bbd[Not completed]
2022-06-15 07:33:57,354 [pool-94-thread-1] INFO  server.RaftServer$Division (RaftServerImpl.java:<init>(190)) - b0a9d56e-b544-41cd-b2b1-b34d126127d5: new RaftServerImpl for group-114DF2E904AF:[b0a9d56e-b544-41cd-b2b1-b34d126127d5|rpc:10.1.0.11:34765|priority:0, 657a5ecd-0fe1-496e-aa3e-85dbaec35512|rpc:10.1.0.11:33757|priority:0, 543aeec3-c74a-41c2-8a93-8d529b3aabc8|rpc:10.1.0.11:41193|priority:1] with ContainerStateMachine:uninitialized
2022-06-15 07:33:57,354 [pool-94-thread-1] INFO  server.RaftServerConfigKeys (ConfUtils.java:logGet(46)) - raft.server.rpc.timeout.min = 5s (custom)
2022-06-15 07:33:57,354 [pool-94-thread-1] INFO  server.RaftServerConfigKeys (ConfUtils.java:logGet(46)) - raft.server.rpc.timeout.max = 5200ms (custom)
2022-06-15 07:33:57,354 [pool-94-thread-1] INFO  server.RaftServerConfigKeys (ConfUtils.java:logGet(46)) - raft.server.rpc.sleep.time = 25ms (default)
2022-06-15 07:33:57,354 [pool-94-thread-1] INFO  server.RaftServerConfigKeys (ConfUtils.java:logGet(46)) - raft.server.rpc.slowness.timeout = 300000ms (custom)
2022-06-15 07:33:57,354 [pool-94-thread-1] INFO  server.RaftServerConfigKeys (ConfUtils.java:logGet(46)) - raft.server.leaderelection.leader.step-down.wait-time = 10s (default)
2022-06-15 07:33:57,354 [pool-94-thread-1] INFO  server.RaftServerConfigKeys (ConfUtils.java:logGet(46)) - raft.server.sleep.deviation.threshold = 300ms (default)
2022-06-15 07:33:57,355 [pool-94-thread-1] INFO  server.RaftServer$Division (ServerState.java:<init>(107)) - b0a9d56e-b544-41cd-b2b1-b34d126127d5@group-114DF2E904AF: ConfigurationManager, init=-1: [b0a9d56e-b544-41cd-b2b1-b34d126127d5|rpc:10.1.0.11:34765|priority:0, 657a5ecd-0fe1-496e-aa3e-85dbaec35512|rpc:10.1.0.11:33757|priority:0, 543aeec3-c74a-41c2-8a93-8d529b3aabc8|rpc:10.1.0.11:41193|priority:1], old=null, confs=<EMPTY_MAP>
2022-06-15 07:33:57,355 [pool-94-thread-1] INFO  server.RaftServerConfigKeys (ConfUtils.java:logGet(46)) - raft.server.storage.dir = [/home/runner/work/ozone/ozone/hadoop-ozone/integration-test/target/test-dir/MiniOzoneClusterImpl-589494f2-24de-4a8c-8650-9a890bc48d46/datanode-1/data/ratis] (custom)
2022-06-15 07:33:57,355 [pool-94-thread-1] INFO  server.RaftServerConfigKeys (ConfUtils.java:logGet(46)) - raft.server.log.corruption.policy = EXCEPTION (default)
2022-06-15 07:33:57,355 [pool-94-thread-1] INFO  server.RaftServerConfigKeys (ConfUtils.java:logGet(46)) - raft.server.storage.free-space.min = 0MB (=0) (default)
2022-06-15 07:33:57,355 [pool-94-thread-1] INFO  storage.RaftStorageDirectory (RaftStorageDirectoryImpl.java:analyzeStorage(135)) - The storage directory /home/runner/work/ozone/ozone/hadoop-ozone/integration-test/target/test-dir/MiniOzoneClusterImpl-589494f2-24de-4a8c-8650-9a890bc48d46/datanode-1/data/ratis/83aa0ae5-c647-4842-ba01-114df2e904af does not exist. Creating ...
2022-06-15 07:33:57,357 [pool-94-thread-1] INFO  storage.RaftStorageDirectory (RaftStorageDirectoryImpl.java:tryLock(230)) - Lock on /home/runner/work/ozone/ozone/hadoop-ozone/integration-test/target/test-dir/MiniOzoneClusterImpl-589494f2-24de-4a8c-8650-9a890bc48d46/datanode-1/data/ratis/83aa0ae5-c647-4842-ba01-114df2e904af/in_use.lock acquired by nodename 5140@fv-az121-418
2022-06-15 07:33:57,358 [pool-94-thread-1] INFO  storage.RaftStorage (RaftStorageImpl.java:format(89)) - Storage directory /home/runner/work/ozone/ozone/hadoop-ozone/integration-test/target/test-dir/MiniOzoneClusterImpl-589494f2-24de-4a8c-8650-9a890bc48d46/datanode-1/data/ratis/83aa0ae5-c647-4842-ba01-114df2e904af has been successfully formatted.
2022-06-15 07:33:57,359 [pool-94-thread-1] INFO  ratis.ContainerStateMachine (ContainerStateMachine.java:loadSnapshot(236)) - group-114DF2E904AF: The snapshot info is null. Setting the last applied indexto:(t:0, i:~)
2022-06-15 07:33:57,360 [EventQueue-OpenPipelineForHealthyPipelineSafeModeRule] INFO  safemode.SCMSafeModeManager (HealthyPipelineSafeModeRule.java:process(124)) - SCM in safe mode. Healthy pipelines reported count is 0, required healthy pipeline reported count is 1
2022-06-15 07:33:57,361 [pool-94-thread-1] INFO  server.RaftServerConfigKeys (ConfUtils.java:logGet(46)) - raft.server.notification.no-leader.timeout = 300000ms (custom)
2022-06-15 07:33:57,361 [pool-94-thread-1] INFO  server.RaftServerConfigKeys (ConfUtils.java:logGet(46)) - raft.server.log.use.memory = false (default)
2022-06-15 07:33:57,361 [pool-94-thread-1] INFO  server.RaftServerConfigKeys (ConfUtils.java:logGet(46)) - raft.server.log.purge.gap = 1000000 (custom)
2022-06-15 07:33:57,361 [pool-94-thread-1] INFO  server.RaftServerConfigKeys (ConfUtils.java:logGet(46)) - raft.server.log.appender.buffer.byte-limit = 33554432 (custom)
2022-06-15 07:33:57,361 [pool-94-thread-1] INFO  server.RaftServerConfigKeys (ConfUtils.java:logGet(46)) - raft.server.log.statemachine.data.read.timeout = 1000ms (default)
2022-06-15 07:33:57,361 [pool-94-thread-1] INFO  server.RaftServerConfigKeys (ConfUtils.java:logGet(46)) - raft.server.log.segment.size.max = 1048576 (custom)
2022-06-15 07:33:57,362 [pool-94-thread-1] INFO  server.RaftServerConfigKeys (ConfUtils.java:logGet(46)) - raft.server.log.segment.cache.num.max = 2 (custom)
2022-06-15 07:33:57,362 [pool-94-thread-1] INFO  server.RaftServerConfigKeys (ConfUtils.java:logGet(46)) - raft.server.log.segment.cache.size.max = 200MB (=209715200) (default)
2022-06-15 07:33:57,362 [pool-94-thread-1] INFO  segmented.SegmentedRaftLogWorker (SegmentedRaftLogWorker.java:<init>(187)) - new b0a9d56e-b544-41cd-b2b1-b34d126127d5@group-114DF2E904AF-SegmentedRaftLogWorker for RaftStorageImpl:Storage Directory /home/runner/work/ozone/ozone/hadoop-ozone/integration-test/target/test-dir/MiniOzoneClusterImpl-589494f2-24de-4a8c-8650-9a890bc48d46/datanode-1/data/ratis/83aa0ae5-c647-4842-ba01-114df2e904af
2022-06-15 07:33:57,362 [pool-94-thread-1] INFO  server.RaftServerConfigKeys (ConfUtils.java:logGet(46)) - raft.server.log.queue.byte-limit = 4294967296 (custom)
2022-06-15 07:33:57,362 [pool-94-thread-1] INFO  server.RaftServerConfigKeys (ConfUtils.java:logGet(46)) - raft.server.log.queue.element-limit = 1024 (custom)
2022-06-15 07:33:57,362 [pool-94-thread-1] INFO  server.RaftServerConfigKeys (ConfUtils.java:logGet(46)) - raft.server.log.segment.size.max = 1048576 (custom)
2022-06-15 07:33:57,362 [pool-94-thread-1] INFO  server.RaftServerConfigKeys (ConfUtils.java:logGet(46)) - raft.server.log.preallocated.size = 16384 (custom)
2022-06-15 07:33:57,362 [pool-94-thread-1] INFO  server.RaftServerConfigKeys (ConfUtils.java:logGet(46)) - raft.server.log.force.sync.num = 128 (default)
2022-06-15 07:33:57,362 [pool-94-thread-1] INFO  server.RaftServerConfigKeys (ConfUtils.java:logGet(46)) - raft.server.log.statemachine.data.sync = true (default)
2022-06-15 07:33:57,362 [pool-94-thread-1] INFO  server.RaftServerConfigKeys (ConfUtils.java:logGet(46)) - raft.server.log.statemachine.data.sync.timeout = 10s (default)
2022-06-15 07:33:57,362 [pool-94-thread-1] INFO  server.RaftServerConfigKeys (ConfUtils.java:logGet(46)) - raft.server.log.statemachine.data.sync.timeout.retry = -1 (default)
2022-06-15 07:33:57,376 [pool-94-thread-1] INFO  server.RaftServerConfigKeys (ConfUtils.java:logGet(46)) - raft.server.log.write.buffer.size = 1048576 (custom)
2022-06-15 07:33:57,377 [pool-94-thread-1] INFO  server.RaftServerConfigKeys (ConfUtils.java:logGet(46)) - raft.server.log.unsafe-flush.enabled = false (default)
2022-06-15 07:33:57,377 [pool-94-thread-1] INFO  server.RaftServerConfigKeys (ConfUtils.java:logGet(46)) - raft.server.log.statemachine.data.caching.enabled = true (custom)
2022-06-15 07:33:57,377 [pool-94-thread-1] INFO  segmented.SegmentedRaftLogWorker (SegmentedRaftLogWorker.java:lambda$new$0(135)) - b0a9d56e-b544-41cd-b2b1-b34d126127d5@group-114DF2E904AF-SegmentedRaftLogWorker: flushIndex: setUnconditionally 0 -> -1
2022-06-15 07:33:57,377 [pool-94-thread-1] INFO  segmented.SegmentedRaftLogWorker (SegmentedRaftLogWorker.java:lambda$new$0(135)) - b0a9d56e-b544-41cd-b2b1-b34d126127d5@group-114DF2E904AF-SegmentedRaftLogWorker: safeCacheEvictIndex: setUnconditionally 0 -> -1
2022-06-15 07:33:57,378 [pool-94-thread-1] INFO  server.RaftServerConfigKeys (ConfUtils.java:logGet(46)) - raft.server.snapshot.auto.trigger.enabled = true (custom)
2022-06-15 07:33:57,378 [pool-94-thread-1] INFO  server.RaftServerConfigKeys (ConfUtils.java:logGet(46)) - raft.server.snapshot.auto.trigger.threshold = 1 (custom)
2022-06-15 07:33:57,378 [pool-94-thread-1] INFO  server.RaftServerConfigKeys (ConfUtils.java:logGet(46)) - raft.server.snapshot.retention.file.num = 5 (custom)
2022-06-15 07:33:57,379 [pool-94-thread-1] INFO  server.RaftServerConfigKeys (ConfUtils.java:logGet(46)) - raft.server.log.purge.upto.snapshot.index = false (default)
2022-06-15 07:33:57,379 [pool-94-thread-1] INFO  server.RaftServerConfigKeys (ConfUtils.java:logGet(46)) - raft.server.retrycache.expirytime = 600000ms (custom)
2022-06-15 07:33:57,379 [pool-94-thread-1] INFO  server.RaftServerConfigKeys (ConfUtils.java:logGet(46)) - raft.server.retrycache.statistics.expirytime = 100μs (default)
2022-06-15 07:33:57,380 [pool-94-thread-1] INFO  server.RaftServerConfigKeys (ConfUtils.java:logGet(46)) - raft.server.log.appender.install.snapshot.enabled = false (custom)
2022-06-15 07:33:57,380 [pool-94-thread-1] INFO  server.RaftServerConfigKeys (ConfUtils.java:logGet(46)) - raft.server.threadpool.server.cached = true (default)
2022-06-15 07:33:57,380 [pool-94-thread-1] INFO  server.RaftServerConfigKeys (ConfUtils.java:logGet(46)) - raft.server.threadpool.server.size = 0 (default)
2022-06-15 07:33:57,380 [pool-94-thread-1] INFO  server.RaftServerConfigKeys (ConfUtils.java:logGet(46)) - raft.server.threadpool.client.cached = true (default)
2022-06-15 07:33:57,380 [pool-94-thread-1] INFO  server.RaftServerConfigKeys (ConfUtils.java:logGet(46)) - raft.server.threadpool.client.size = 0 (default)
2022-06-15 07:33:57,380 [pool-94-thread-1] INFO  server.RaftServer$Division (RaftServerImpl.java:start(310)) - b0a9d56e-b544-41cd-b2b1-b34d126127d5@group-114DF2E904AF: start as a follower, conf=-1: [b0a9d56e-b544-41cd-b2b1-b34d126127d5|rpc:10.1.0.11:34765|priority:0, 657a5ecd-0fe1-496e-aa3e-85dbaec35512|rpc:10.1.0.11:33757|priority:0, 543aeec3-c74a-41c2-8a93-8d529b3aabc8|rpc:10.1.0.11:41193|priority:1], old=null
2022-06-15 07:33:57,380 [pool-94-thread-1] INFO  server.RaftServer$Division (RaftServerImpl.java:setRole(299)) - b0a9d56e-b544-41cd-b2b1-b34d126127d5@group-114DF2E904AF: changes role from      null to FOLLOWER at term 0 for startAsFollower
2022-06-15 07:33:57,381 [pool-94-thread-1] INFO  impl.RoleInfo (RoleInfo.java:updateAndGet(139)) - b0a9d56e-b544-41cd-b2b1-b34d126127d5: start b0a9d56e-b544-41cd-b2b1-b34d126127d5@group-114DF2E904AF-FollowerState
2022-06-15 07:33:57,383 [pool-94-thread-1] INFO  util.JmxRegister (JmxRegister.java:tryRegister(44)) - Successfully registered JMX Bean with object name Ratis:service=RaftServer,group=group-114DF2E904AF,id=b0a9d56e-b544-41cd-b2b1-b34d126127d5
2022-06-15 07:33:57,384 [Command processor thread] INFO  ratis.XceiverServerRatis (XceiverServerRatis.java:addGroup(765)) - Created group PipelineID=83aa0ae5-c647-4842-ba01-114df2e904af
2022-06-15 07:33:57,408 [grpc-default-executor-1] INFO  server.RaftServer (RaftServerProxy.java:addNew(96)) - 657a5ecd-0fe1-496e-aa3e-85dbaec35512: addNew group-114DF2E904AF:[b0a9d56e-b544-41cd-b2b1-b34d126127d5|rpc:10.1.0.11:34765|dataStream:|priority:0, 657a5ecd-0fe1-496e-aa3e-85dbaec35512|rpc:10.1.0.11:33757|dataStream:|priority:0, 543aeec3-c74a-41c2-8a93-8d529b3aabc8|rpc:10.1.0.11:41193|dataStream:|priority:1] returns group-114DF2E904AF:java.util.concurrent.CompletableFuture@18bb15f8[Not completed]
2022-06-15 07:33:57,418 [pool-116-thread-1] INFO  server.RaftServer$Division (RaftServerImpl.java:<init>(190)) - 657a5ecd-0fe1-496e-aa3e-85dbaec35512: new RaftServerImpl for group-114DF2E904AF:[b0a9d56e-b544-41cd-b2b1-b34d126127d5|rpc:10.1.0.11:34765|dataStream:|priority:0, 657a5ecd-0fe1-496e-aa3e-85dbaec35512|rpc:10.1.0.11:33757|dataStream:|priority:0, 543aeec3-c74a-41c2-8a93-8d529b3aabc8|rpc:10.1.0.11:41193|dataStream:|priority:1] with ContainerStateMachine:uninitialized
2022-06-15 07:33:57,418 [pool-116-thread-1] INFO  server.RaftServerConfigKeys (ConfUtils.java:logGet(46)) - raft.server.rpc.timeout.min = 5s (custom)
2022-06-15 07:33:57,418 [pool-116-thread-1] INFO  server.RaftServerConfigKeys (ConfUtils.java:logGet(46)) - raft.server.rpc.timeout.max = 5200ms (custom)
2022-06-15 07:33:57,418 [pool-116-thread-1] INFO  server.RaftServerConfigKeys (ConfUtils.java:logGet(46)) - raft.server.rpc.sleep.time = 25ms (default)
2022-06-15 07:33:57,418 [pool-116-thread-1] INFO  server.RaftServerConfigKeys (ConfUtils.java:logGet(46)) - raft.server.rpc.slowness.timeout = 300000ms (custom)
2022-06-15 07:33:57,418 [pool-116-thread-1] INFO  server.RaftServerConfigKeys (ConfUtils.java:logGet(46)) - raft.server.leaderelection.leader.step-down.wait-time = 10s (default)
2022-06-15 07:33:57,418 [pool-116-thread-1] INFO  server.RaftServerConfigKeys (ConfUtils.java:logGet(46)) - raft.server.sleep.deviation.threshold = 300ms (default)
2022-06-15 07:33:57,418 [pool-116-thread-1] INFO  server.RaftServer$Division (ServerState.java:<init>(107)) - 657a5ecd-0fe1-496e-aa3e-85dbaec35512@group-114DF2E904AF: ConfigurationManager, init=-1: [b0a9d56e-b544-41cd-b2b1-b34d126127d5|rpc:10.1.0.11:34765|dataStream:|priority:0, 657a5ecd-0fe1-496e-aa3e-85dbaec35512|rpc:10.1.0.11:33757|dataStream:|priority:0, 543aeec3-c74a-41c2-8a93-8d529b3aabc8|rpc:10.1.0.11:41193|dataStream:|priority:1], old=null, confs=<EMPTY_MAP>
2022-06-15 07:33:57,418 [pool-116-thread-1] INFO  server.RaftServerConfigKeys (ConfUtils.java:logGet(46)) - raft.server.storage.dir = [/home/runner/work/ozone/ozone/hadoop-ozone/integration-test/target/test-dir/MiniOzoneClusterImpl-589494f2-24de-4a8c-8650-9a890bc48d46/datanode-2/data/ratis] (custom)
2022-06-15 07:33:57,418 [pool-116-thread-1] INFO  server.RaftServerConfigKeys (ConfUtils.java:logGet(46)) - raft.server.log.corruption.policy = EXCEPTION (default)
2022-06-15 07:33:57,418 [pool-116-thread-1] INFO  server.RaftServerConfigKeys (ConfUtils.java:logGet(46)) - raft.server.storage.free-space.min = 0MB (=0) (default)
2022-06-15 07:33:57,419 [pool-116-thread-1] INFO  storage.RaftStorageDirectory (RaftStorageDirectoryImpl.java:analyzeStorage(135)) - The storage directory /home/runner/work/ozone/ozone/hadoop-ozone/integration-test/target/test-dir/MiniOzoneClusterImpl-589494f2-24de-4a8c-8650-9a890bc48d46/datanode-2/data/ratis/83aa0ae5-c647-4842-ba01-114df2e904af does not exist. Creating ...
2022-06-15 07:33:57,423 [pool-116-thread-1] INFO  storage.RaftStorageDirectory (RaftStorageDirectoryImpl.java:tryLock(230)) - Lock on /home/runner/work/ozone/ozone/hadoop-ozone/integration-test/target/test-dir/MiniOzoneClusterImpl-589494f2-24de-4a8c-8650-9a890bc48d46/datanode-2/data/ratis/83aa0ae5-c647-4842-ba01-114df2e904af/in_use.lock acquired by nodename 5140@fv-az121-418
2022-06-15 07:33:57,424 [pool-116-thread-1] INFO  storage.RaftStorage (RaftStorageImpl.java:format(89)) - Storage directory /home/runner/work/ozone/ozone/hadoop-ozone/integration-test/target/test-dir/MiniOzoneClusterImpl-589494f2-24de-4a8c-8650-9a890bc48d46/datanode-2/data/ratis/83aa0ae5-c647-4842-ba01-114df2e904af has been successfully formatted.
2022-06-15 07:33:57,425 [pool-116-thread-1] INFO  ratis.ContainerStateMachine (ContainerStateMachine.java:loadSnapshot(236)) - group-114DF2E904AF: The snapshot info is null. Setting the last applied indexto:(t:0, i:~)
2022-06-15 07:33:57,427 [pool-116-thread-1] INFO  server.RaftServerConfigKeys (ConfUtils.java:logGet(46)) - raft.server.notification.no-leader.timeout = 300000ms (custom)
2022-06-15 07:33:57,427 [pool-116-thread-1] INFO  server.RaftServerConfigKeys (ConfUtils.java:logGet(46)) - raft.server.log.use.memory = false (default)
2022-06-15 07:33:57,427 [pool-116-thread-1] INFO  server.RaftServerConfigKeys (ConfUtils.java:logGet(46)) - raft.server.log.purge.gap = 1000000 (custom)
2022-06-15 07:33:57,427 [pool-116-thread-1] INFO  server.RaftServerConfigKeys (ConfUtils.java:logGet(46)) - raft.server.log.appender.buffer.byte-limit = 33554432 (custom)
2022-06-15 07:33:57,427 [pool-116-thread-1] INFO  server.RaftServerConfigKeys (ConfUtils.java:logGet(46)) - raft.server.log.statemachine.data.read.timeout = 1000ms (default)
2022-06-15 07:33:57,428 [pool-116-thread-1] INFO  server.RaftServerConfigKeys (ConfUtils.java:logGet(46)) - raft.server.log.segment.size.max = 1048576 (custom)
2022-06-15 07:33:57,428 [pool-116-thread-1] INFO  server.RaftServerConfigKeys (ConfUtils.java:logGet(46)) - raft.server.log.segment.cache.num.max = 2 (custom)
2022-06-15 07:33:57,428 [pool-116-thread-1] INFO  server.RaftServerConfigKeys (ConfUtils.java:logGet(46)) - raft.server.log.segment.cache.size.max = 200MB (=209715200) (default)
2022-06-15 07:33:57,428 [pool-116-thread-1] INFO  segmented.SegmentedRaftLogWorker (SegmentedRaftLogWorker.java:<init>(187)) - new 657a5ecd-0fe1-496e-aa3e-85dbaec35512@group-114DF2E904AF-SegmentedRaftLogWorker for RaftStorageImpl:Storage Directory /home/runner/work/ozone/ozone/hadoop-ozone/integration-test/target/test-dir/MiniOzoneClusterImpl-589494f2-24de-4a8c-8650-9a890bc48d46/datanode-2/data/ratis/83aa0ae5-c647-4842-ba01-114df2e904af
2022-06-15 07:33:57,428 [pool-116-thread-1] INFO  server.RaftServerConfigKeys (ConfUtils.java:logGet(46)) - raft.server.log.queue.byte-limit = 4294967296 (custom)
2022-06-15 07:33:57,428 [pool-116-thread-1] INFO  server.RaftServerConfigKeys (ConfUtils.java:logGet(46)) - raft.server.log.queue.element-limit = 1024 (custom)
2022-06-15 07:33:57,428 [pool-116-thread-1] INFO  server.RaftServerConfigKeys (ConfUtils.java:logGet(46)) - raft.server.log.segment.size.max = 1048576 (custom)
2022-06-15 07:33:57,428 [pool-116-thread-1] INFO  server.RaftServerConfigKeys (ConfUtils.java:logGet(46)) - raft.server.log.preallocated.size = 16384 (custom)
2022-06-15 07:33:57,428 [pool-116-thread-1] INFO  server.RaftServerConfigKeys (ConfUtils.java:logGet(46)) - raft.server.log.force.sync.num = 128 (default)
2022-06-15 07:33:57,428 [pool-116-thread-1] INFO  server.RaftServerConfigKeys (ConfUtils.java:logGet(46)) - raft.server.log.statemachine.data.sync = true (default)
2022-06-15 07:33:57,428 [pool-116-thread-1] INFO  server.RaftServerConfigKeys (ConfUtils.java:logGet(46)) - raft.server.log.statemachine.data.sync.timeout = 10s (default)
2022-06-15 07:33:57,428 [pool-116-thread-1] INFO  server.RaftServerConfigKeys (ConfUtils.java:logGet(46)) - raft.server.log.statemachine.data.sync.timeout.retry = -1 (default)
2022-06-15 07:33:57,429 [pool-116-thread-1] INFO  server.RaftServerConfigKeys (ConfUtils.java:logGet(46)) - raft.server.log.write.buffer.size = 1048576 (custom)
2022-06-15 07:33:57,430 [pool-116-thread-1] INFO  server.RaftServerConfigKeys (ConfUtils.java:logGet(46)) - raft.server.log.unsafe-flush.enabled = false (default)
2022-06-15 07:33:57,430 [pool-116-thread-1] INFO  server.RaftServerConfigKeys (ConfUtils.java:logGet(46)) - raft.server.log.statemachine.data.caching.enabled = true (custom)
2022-06-15 07:33:57,430 [pool-116-thread-1] INFO  segmented.SegmentedRaftLogWorker (SegmentedRaftLogWorker.java:lambda$new$0(135)) - 657a5ecd-0fe1-496e-aa3e-85dbaec35512@group-114DF2E904AF-SegmentedRaftLogWorker: flushIndex: setUnconditionally 0 -> -1
2022-06-15 07:33:57,430 [pool-116-thread-1] INFO  segmented.SegmentedRaftLogWorker (SegmentedRaftLogWorker.java:lambda$new$0(135)) - 657a5ecd-0fe1-496e-aa3e-85dbaec35512@group-114DF2E904AF-SegmentedRaftLogWorker: safeCacheEvictIndex: setUnconditionally 0 -> -1
2022-06-15 07:33:57,435 [pool-116-thread-1] INFO  server.RaftServerConfigKeys (ConfUtils.java:logGet(46)) - raft.server.snapshot.auto.trigger.enabled = true (custom)
2022-06-15 07:33:57,435 [pool-116-thread-1] INFO  server.RaftServerConfigKeys (ConfUtils.java:logGet(46)) - raft.server.snapshot.auto.trigger.threshold = 1 (custom)
2022-06-15 07:33:57,435 [pool-116-thread-1] INFO  server.RaftServerConfigKeys (ConfUtils.java:logGet(46)) - raft.server.snapshot.retention.file.num = 5 (custom)
2022-06-15 07:33:57,435 [pool-116-thread-1] INFO  server.RaftServerConfigKeys (ConfUtils.java:logGet(46)) - raft.server.log.purge.upto.snapshot.index = false (default)
2022-06-15 07:33:57,435 [pool-116-thread-1] INFO  server.RaftServerConfigKeys (ConfUtils.java:logGet(46)) - raft.server.retrycache.expirytime = 600000ms (custom)
2022-06-15 07:33:57,435 [pool-116-thread-1] INFO  server.RaftServerConfigKeys (ConfUtils.java:logGet(46)) - raft.server.retrycache.statistics.expirytime = 100μs (default)
2022-06-15 07:33:57,444 [pool-116-thread-1] INFO  server.RaftServerConfigKeys (ConfUtils.java:logGet(46)) - raft.server.log.appender.install.snapshot.enabled = false (custom)
2022-06-15 07:33:57,444 [pool-116-thread-1] INFO  server.RaftServerConfigKeys (ConfUtils.java:logGet(46)) - raft.server.threadpool.server.cached = true (default)
2022-06-15 07:33:57,444 [pool-116-thread-1] INFO  server.RaftServerConfigKeys (ConfUtils.java:logGet(46)) - raft.server.threadpool.server.size = 0 (default)
2022-06-15 07:33:57,444 [pool-116-thread-1] INFO  server.RaftServerConfigKeys (ConfUtils.java:logGet(46)) - raft.server.threadpool.client.cached = true (default)
2022-06-15 07:33:57,444 [pool-116-thread-1] INFO  server.RaftServerConfigKeys (ConfUtils.java:logGet(46)) - raft.server.threadpool.client.size = 0 (default)
2022-06-15 07:33:57,444 [pool-116-thread-1] INFO  server.RaftServer$Division (RaftServerImpl.java:start(310)) - 657a5ecd-0fe1-496e-aa3e-85dbaec35512@group-114DF2E904AF: start as a follower, conf=-1: [b0a9d56e-b544-41cd-b2b1-b34d126127d5|rpc:10.1.0.11:34765|dataStream:|priority:0, 657a5ecd-0fe1-496e-aa3e-85dbaec35512|rpc:10.1.0.11:33757|dataStream:|priority:0, 543aeec3-c74a-41c2-8a93-8d529b3aabc8|rpc:10.1.0.11:41193|dataStream:|priority:1], old=null
2022-06-15 07:33:57,444 [pool-116-thread-1] INFO  server.RaftServer$Division (RaftServerImpl.java:setRole(299)) - 657a5ecd-0fe1-496e-aa3e-85dbaec35512@group-114DF2E904AF: changes role from      null to FOLLOWER at term 0 for startAsFollower
2022-06-15 07:33:57,444 [pool-116-thread-1] INFO  impl.RoleInfo (RoleInfo.java:updateAndGet(139)) - 657a5ecd-0fe1-496e-aa3e-85dbaec35512: start 657a5ecd-0fe1-496e-aa3e-85dbaec35512@group-114DF2E904AF-FollowerState
2022-06-15 07:33:57,445 [pool-116-thread-1] INFO  util.JmxRegister (JmxRegister.java:tryRegister(44)) - Successfully registered JMX Bean with object name Ratis:service=RaftServer,group=group-114DF2E904AF,id=657a5ecd-0fe1-496e-aa3e-85dbaec35512
2022-06-15 07:33:57,543 [EventQueue-OpenPipelineForHealthyPipelineSafeModeRule] INFO  safemode.SCMSafeModeManager (HealthyPipelineSafeModeRule.java:process(124)) - SCM in safe mode. Healthy pipelines reported count is 0, required healthy pipeline reported count is 1
2022-06-15 07:33:57,558 [Command processor thread] INFO  commandhandler.CreatePipelineCommandHandler (CreatePipelineCommandHandler.java:handle(113)) - Created Pipeline RATIS THREE PipelineID=83aa0ae5-c647-4842-ba01-114df2e904af.
2022-06-15 07:33:57,559 [Command processor thread] INFO  server.RaftServer (RaftServerProxy.java:addNew(96)) - b0a9d56e-b544-41cd-b2b1-b34d126127d5: addNew group-DEDC8EEB63DA:[b0a9d56e-b544-41cd-b2b1-b34d126127d5|rpc:10.1.0.11:34765|priority:1, 657a5ecd-0fe1-496e-aa3e-85dbaec35512|rpc:10.1.0.11:33757|priority:0, 543aeec3-c74a-41c2-8a93-8d529b3aabc8|rpc:10.1.0.11:41193|priority:0] returns group-DEDC8EEB63DA:java.util.concurrent.CompletableFuture@2aec2315[Not completed]
2022-06-15 07:33:57,560 [pool-94-thread-1] INFO  server.RaftServer$Division (RaftServerImpl.java:<init>(190)) - b0a9d56e-b544-41cd-b2b1-b34d126127d5: new RaftServerImpl for group-DEDC8EEB63DA:[b0a9d56e-b544-41cd-b2b1-b34d126127d5|rpc:10.1.0.11:34765|priority:1, 657a5ecd-0fe1-496e-aa3e-85dbaec35512|rpc:10.1.0.11:33757|priority:0, 543aeec3-c74a-41c2-8a93-8d529b3aabc8|rpc:10.1.0.11:41193|priority:0] with ContainerStateMachine:uninitialized
2022-06-15 07:33:57,560 [pool-94-thread-1] INFO  server.RaftServerConfigKeys (ConfUtils.java:logGet(46)) - raft.server.rpc.timeout.min = 5s (custom)
2022-06-15 07:33:57,560 [pool-94-thread-1] INFO  server.RaftServerConfigKeys (ConfUtils.java:logGet(46)) - raft.server.rpc.timeout.max = 5200ms (custom)
2022-06-15 07:33:57,560 [pool-94-thread-1] INFO  server.RaftServerConfigKeys (ConfUtils.java:logGet(46)) - raft.server.rpc.sleep.time = 25ms (default)
2022-06-15 07:33:57,560 [pool-94-thread-1] INFO  server.RaftServerConfigKeys (ConfUtils.java:logGet(46)) - raft.server.rpc.slowness.timeout = 300000ms (custom)
2022-06-15 07:33:57,560 [pool-94-thread-1] INFO  server.RaftServerConfigKeys (ConfUtils.java:logGet(46)) - raft.server.leaderelection.leader.step-down.wait-time = 10s (default)
2022-06-15 07:33:57,560 [pool-94-thread-1] INFO  server.RaftServerConfigKeys (ConfUtils.java:logGet(46)) - raft.server.sleep.deviation.threshold = 300ms (default)
2022-06-15 07:33:57,560 [pool-94-thread-1] INFO  server.RaftServer$Division (ServerState.java:<init>(107)) - b0a9d56e-b544-41cd-b2b1-b34d126127d5@group-DEDC8EEB63DA: ConfigurationManager, init=-1: [b0a9d56e-b544-41cd-b2b1-b34d126127d5|rpc:10.1.0.11:34765|priority:1, 657a5ecd-0fe1-496e-aa3e-85dbaec35512|rpc:10.1.0.11:33757|priority:0, 543aeec3-c74a-41c2-8a93-8d529b3aabc8|rpc:10.1.0.11:41193|priority:0], old=null, confs=<EMPTY_MAP>
2022-06-15 07:33:57,560 [pool-94-thread-1] INFO  server.RaftServerConfigKeys (ConfUtils.java:logGet(46)) - raft.server.storage.dir = [/home/runner/work/ozone/ozone/hadoop-ozone/integration-test/target/test-dir/MiniOzoneClusterImpl-589494f2-24de-4a8c-8650-9a890bc48d46/datanode-1/data/ratis] (custom)
2022-06-15 07:33:57,560 [pool-94-thread-1] INFO  server.RaftServerConfigKeys (ConfUtils.java:logGet(46)) - raft.server.log.corruption.policy = EXCEPTION (default)
2022-06-15 07:33:57,560 [pool-94-thread-1] INFO  server.RaftServerConfigKeys (ConfUtils.java:logGet(46)) - raft.server.storage.free-space.min = 0MB (=0) (default)
2022-06-15 07:33:57,561 [pool-94-thread-1] INFO  storage.RaftStorageDirectory (RaftStorageDirectoryImpl.java:analyzeStorage(135)) - The storage directory /home/runner/work/ozone/ozone/hadoop-ozone/integration-test/target/test-dir/MiniOzoneClusterImpl-589494f2-24de-4a8c-8650-9a890bc48d46/datanode-1/data/ratis/6e098c5d-76b7-4aec-8106-dedc8eeb63da does not exist. Creating ...
2022-06-15 07:33:57,562 [pool-94-thread-1] INFO  storage.RaftStorageDirectory (RaftStorageDirectoryImpl.java:tryLock(230)) - Lock on /home/runner/work/ozone/ozone/hadoop-ozone/integration-test/target/test-dir/MiniOzoneClusterImpl-589494f2-24de-4a8c-8650-9a890bc48d46/datanode-1/data/ratis/6e098c5d-76b7-4aec-8106-dedc8eeb63da/in_use.lock acquired by nodename 5140@fv-az121-418
2022-06-15 07:33:57,562 [Command processor thread] INFO  commandhandler.CreatePipelineCommandHandler (CreatePipelineCommandHandler.java:handle(113)) - Created Pipeline RATIS THREE PipelineID=83aa0ae5-c647-4842-ba01-114df2e904af.
2022-06-15 07:33:57,563 [Command processor thread] INFO  server.RaftServer (RaftServerProxy.java:addNew(96)) - 543aeec3-c74a-41c2-8a93-8d529b3aabc8: addNew group-DEDC8EEB63DA:[b0a9d56e-b544-41cd-b2b1-b34d126127d5|rpc:10.1.0.11:34765|priority:1, 657a5ecd-0fe1-496e-aa3e-85dbaec35512|rpc:10.1.0.11:33757|priority:0, 543aeec3-c74a-41c2-8a93-8d529b3aabc8|rpc:10.1.0.11:41193|priority:0] returns group-DEDC8EEB63DA:java.util.concurrent.CompletableFuture@7270fa37[Not completed]
2022-06-15 07:33:57,564 [pool-72-thread-1] INFO  server.RaftServer$Division (RaftServerImpl.java:<init>(190)) - 543aeec3-c74a-41c2-8a93-8d529b3aabc8: new RaftServerImpl for group-DEDC8EEB63DA:[b0a9d56e-b544-41cd-b2b1-b34d126127d5|rpc:10.1.0.11:34765|priority:1, 657a5ecd-0fe1-496e-aa3e-85dbaec35512|rpc:10.1.0.11:33757|priority:0, 543aeec3-c74a-41c2-8a93-8d529b3aabc8|rpc:10.1.0.11:41193|priority:0] with ContainerStateMachine:uninitialized
2022-06-15 07:33:57,564 [pool-72-thread-1] INFO  server.RaftServerConfigKeys (ConfUtils.java:logGet(46)) - raft.server.rpc.timeout.min = 5s (custom)
2022-06-15 07:33:57,564 [pool-72-thread-1] INFO  server.RaftServerConfigKeys (ConfUtils.java:logGet(46)) - raft.server.rpc.timeout.max = 5200ms (custom)
2022-06-15 07:33:57,564 [pool-72-thread-1] INFO  server.RaftServerConfigKeys (ConfUtils.java:logGet(46)) - raft.server.rpc.sleep.time = 25ms (default)
2022-06-15 07:33:57,564 [pool-72-thread-1] INFO  server.RaftServerConfigKeys (ConfUtils.java:logGet(46)) - raft.server.rpc.slowness.timeout = 300000ms (custom)
2022-06-15 07:33:57,564 [pool-72-thread-1] INFO  server.RaftServerConfigKeys (ConfUtils.java:logGet(46)) - raft.server.leaderelection.leader.step-down.wait-time = 10s (default)
2022-06-15 07:33:57,564 [pool-72-thread-1] INFO  server.RaftServerConfigKeys (ConfUtils.java:logGet(46)) - raft.server.sleep.deviation.threshold = 300ms (default)
2022-06-15 07:33:57,564 [pool-72-thread-1] INFO  server.RaftServer$Division (ServerState.java:<init>(107)) - 543aeec3-c74a-41c2-8a93-8d529b3aabc8@group-DEDC8EEB63DA: ConfigurationManager, init=-1: [b0a9d56e-b544-41cd-b2b1-b34d126127d5|rpc:10.1.0.11:34765|priority:1, 657a5ecd-0fe1-496e-aa3e-85dbaec35512|rpc:10.1.0.11:33757|priority:0, 543aeec3-c74a-41c2-8a93-8d529b3aabc8|rpc:10.1.0.11:41193|priority:0], old=null, confs=<EMPTY_MAP>
2022-06-15 07:33:57,564 [pool-72-thread-1] INFO  server.RaftServerConfigKeys (ConfUtils.java:logGet(46)) - raft.server.storage.dir = [/home/runner/work/ozone/ozone/hadoop-ozone/integration-test/target/test-dir/MiniOzoneClusterImpl-589494f2-24de-4a8c-8650-9a890bc48d46/datanode-0/data/ratis] (custom)
2022-06-15 07:33:57,564 [pool-72-thread-1] INFO  server.RaftServerConfigKeys (ConfUtils.java:logGet(46)) - raft.server.log.corruption.policy = EXCEPTION (default)
2022-06-15 07:33:57,564 [pool-72-thread-1] INFO  server.RaftServerConfigKeys (ConfUtils.java:logGet(46)) - raft.server.storage.free-space.min = 0MB (=0) (default)
2022-06-15 07:33:57,565 [pool-72-thread-1] INFO  storage.RaftStorageDirectory (RaftStorageDirectoryImpl.java:analyzeStorage(135)) - The storage directory /home/runner/work/ozone/ozone/hadoop-ozone/integration-test/target/test-dir/MiniOzoneClusterImpl-589494f2-24de-4a8c-8650-9a890bc48d46/datanode-0/data/ratis/6e098c5d-76b7-4aec-8106-dedc8eeb63da does not exist. Creating ...
2022-06-15 07:33:57,562 [EventQueue-OpenPipelineForHealthyPipelineSafeModeRule] INFO  safemode.SCMSafeModeManager (HealthyPipelineSafeModeRule.java:process(124)) - SCM in safe mode. Healthy pipelines reported count is 0, required healthy pipeline reported count is 1
2022-06-15 07:33:57,565 [pool-72-thread-1] INFO  storage.RaftStorageDirectory (RaftStorageDirectoryImpl.java:tryLock(230)) - Lock on /home/runner/work/ozone/ozone/hadoop-ozone/integration-test/target/test-dir/MiniOzoneClusterImpl-589494f2-24de-4a8c-8650-9a890bc48d46/datanode-0/data/ratis/6e098c5d-76b7-4aec-8106-dedc8eeb63da/in_use.lock acquired by nodename 5140@fv-az121-418
2022-06-15 07:33:57,566 [pool-94-thread-1] INFO  storage.RaftStorage (RaftStorageImpl.java:format(89)) - Storage directory /home/runner/work/ozone/ozone/hadoop-ozone/integration-test/target/test-dir/MiniOzoneClusterImpl-589494f2-24de-4a8c-8650-9a890bc48d46/datanode-1/data/ratis/6e098c5d-76b7-4aec-8106-dedc8eeb63da has been successfully formatted.
2022-06-15 07:33:57,566 [pool-94-thread-1] INFO  ratis.ContainerStateMachine (ContainerStateMachine.java:loadSnapshot(236)) - group-DEDC8EEB63DA: The snapshot info is null. Setting the last applied indexto:(t:0, i:~)
2022-06-15 07:33:57,566 [pool-94-thread-1] INFO  server.RaftServerConfigKeys (ConfUtils.java:logGet(46)) - raft.server.notification.no-leader.timeout = 300000ms (custom)
2022-06-15 07:33:57,566 [pool-94-thread-1] INFO  server.RaftServerConfigKeys (ConfUtils.java:logGet(46)) - raft.server.log.use.memory = false (default)
2022-06-15 07:33:57,566 [pool-94-thread-1] INFO  server.RaftServerConfigKeys (ConfUtils.java:logGet(46)) - raft.server.log.purge.gap = 1000000 (custom)
2022-06-15 07:33:57,567 [pool-94-thread-1] INFO  server.RaftServerConfigKeys (ConfUtils.java:logGet(46)) - raft.server.log.appender.buffer.byte-limit = 33554432 (custom)
2022-06-15 07:33:57,567 [pool-94-thread-1] INFO  server.RaftServerConfigKeys (ConfUtils.java:logGet(46)) - raft.server.log.statemachine.data.read.timeout = 1000ms (default)
2022-06-15 07:33:57,568 [EventQueue-OpenPipelineForHealthyPipelineSafeModeRule] INFO  safemode.SCMSafeModeManager (HealthyPipelineSafeModeRule.java:process(124)) - SCM in safe mode. Healthy pipelines reported count is 0, required healthy pipeline reported count is 1
2022-06-15 07:33:57,568 [pool-94-thread-1] INFO  server.RaftServerConfigKeys (ConfUtils.java:logGet(46)) - raft.server.log.segment.size.max = 1048576 (custom)
2022-06-15 07:33:57,568 [pool-94-thread-1] INFO  server.RaftServerConfigKeys (ConfUtils.java:logGet(46)) - raft.server.log.segment.cache.num.max = 2 (custom)
2022-06-15 07:33:57,568 [pool-94-thread-1] INFO  server.RaftServerConfigKeys (ConfUtils.java:logGet(46)) - raft.server.log.segment.cache.size.max = 200MB (=209715200) (default)
2022-06-15 07:33:57,568 [pool-94-thread-1] INFO  segmented.SegmentedRaftLogWorker (SegmentedRaftLogWorker.java:<init>(187)) - new b0a9d56e-b544-41cd-b2b1-b34d126127d5@group-DEDC8EEB63DA-SegmentedRaftLogWorker for RaftStorageImpl:Storage Directory /home/runner/work/ozone/ozone/hadoop-ozone/integration-test/target/test-dir/MiniOzoneClusterImpl-589494f2-24de-4a8c-8650-9a890bc48d46/datanode-1/data/ratis/6e098c5d-76b7-4aec-8106-dedc8eeb63da
2022-06-15 07:33:57,568 [pool-94-thread-1] INFO  server.RaftServerConfigKeys (ConfUtils.java:logGet(46)) - raft.server.log.queue.byte-limit = 4294967296 (custom)
2022-06-15 07:33:57,569 [pool-94-thread-1] INFO  server.RaftServerConfigKeys (ConfUtils.java:logGet(46)) - raft.server.log.queue.element-limit = 1024 (custom)
2022-06-15 07:33:57,569 [pool-94-thread-1] INFO  server.RaftServerConfigKeys (ConfUtils.java:logGet(46)) - raft.server.log.segment.size.max = 1048576 (custom)
2022-06-15 07:33:57,569 [pool-94-thread-1] INFO  server.RaftServerConfigKeys (ConfUtils.java:logGet(46)) - raft.server.log.preallocated.size = 16384 (custom)
2022-06-15 07:33:57,569 [pool-94-thread-1] INFO  server.RaftServerConfigKeys (ConfUtils.java:logGet(46)) - raft.server.log.force.sync.num = 128 (default)
2022-06-15 07:33:57,569 [pool-94-thread-1] INFO  server.RaftServerConfigKeys (ConfUtils.java:logGet(46)) - raft.server.log.statemachine.data.sync = true (default)
2022-06-15 07:33:57,569 [pool-94-thread-1] INFO  server.RaftServerConfigKeys (ConfUtils.java:logGet(46)) - raft.server.log.statemachine.data.sync.timeout = 10s (default)
2022-06-15 07:33:57,569 [pool-72-thread-1] INFO  storage.RaftStorage (RaftStorageImpl.java:format(89)) - Storage directory /home/runner/work/ozone/ozone/hadoop-ozone/integration-test/target/test-dir/MiniOzoneClusterImpl-589494f2-24de-4a8c-8650-9a890bc48d46/datanode-0/data/ratis/6e098c5d-76b7-4aec-8106-dedc8eeb63da has been successfully formatted.
2022-06-15 07:33:57,569 [pool-72-thread-1] INFO  ratis.ContainerStateMachine (ContainerStateMachine.java:loadSnapshot(236)) - group-DEDC8EEB63DA: The snapshot info is null. Setting the last applied indexto:(t:0, i:~)
2022-06-15 07:33:57,570 [pool-72-thread-1] INFO  server.RaftServerConfigKeys (ConfUtils.java:logGet(46)) - raft.server.notification.no-leader.timeout = 300000ms (custom)
2022-06-15 07:33:57,570 [pool-72-thread-1] INFO  server.RaftServerConfigKeys (ConfUtils.java:logGet(46)) - raft.server.log.use.memory = false (default)
2022-06-15 07:33:57,570 [pool-72-thread-1] INFO  server.RaftServerConfigKeys (ConfUtils.java:logGet(46)) - raft.server.log.purge.gap = 1000000 (custom)
2022-06-15 07:33:57,570 [pool-72-thread-1] INFO  server.RaftServerConfigKeys (ConfUtils.java:logGet(46)) - raft.server.log.appender.buffer.byte-limit = 33554432 (custom)
2022-06-15 07:33:57,570 [pool-72-thread-1] INFO  server.RaftServerConfigKeys (ConfUtils.java:logGet(46)) - raft.server.log.statemachine.data.read.timeout = 1000ms (default)
2022-06-15 07:33:57,570 [pool-72-thread-1] INFO  server.RaftServerConfigKeys (ConfUtils.java:logGet(46)) - raft.server.log.segment.size.max = 1048576 (custom)
2022-06-15 07:33:57,571 [EventQueue-OpenPipelineForHealthyPipelineSafeModeRule] INFO  safemode.SCMSafeModeManager (HealthyPipelineSafeModeRule.java:process(124)) - SCM in safe mode. Healthy pipelines reported count is 0, required healthy pipeline reported count is 1
2022-06-15 07:33:57,571 [pool-72-thread-1] INFO  server.RaftServerConfigKeys (ConfUtils.java:logGet(46)) - raft.server.log.segment.cache.num.max = 2 (custom)
2022-06-15 07:33:57,571 [pool-72-thread-1] INFO  server.RaftServerConfigKeys (ConfUtils.java:logGet(46)) - raft.server.log.segment.cache.size.max = 200MB (=209715200) (default)
2022-06-15 07:33:57,571 [pool-72-thread-1] INFO  segmented.SegmentedRaftLogWorker (SegmentedRaftLogWorker.java:<init>(187)) - new 543aeec3-c74a-41c2-8a93-8d529b3aabc8@group-DEDC8EEB63DA-SegmentedRaftLogWorker for RaftStorageImpl:Storage Directory /home/runner/work/ozone/ozone/hadoop-ozone/integration-test/target/test-dir/MiniOzoneClusterImpl-589494f2-24de-4a8c-8650-9a890bc48d46/datanode-0/data/ratis/6e098c5d-76b7-4aec-8106-dedc8eeb63da
2022-06-15 07:33:57,571 [pool-72-thread-1] INFO  server.RaftServerConfigKeys (ConfUtils.java:logGet(46)) - raft.server.log.queue.byte-limit = 4294967296 (custom)
2022-06-15 07:33:57,571 [pool-72-thread-1] INFO  server.RaftServerConfigKeys (ConfUtils.java:logGet(46)) - raft.server.log.queue.element-limit = 1024 (custom)
2022-06-15 07:33:57,571 [pool-72-thread-1] INFO  server.RaftServerConfigKeys (ConfUtils.java:logGet(46)) - raft.server.log.segment.size.max = 1048576 (custom)
2022-06-15 07:33:57,571 [pool-72-thread-1] INFO  server.RaftServerConfigKeys (ConfUtils.java:logGet(46)) - raft.server.log.preallocated.size = 16384 (custom)
2022-06-15 07:33:57,572 [pool-72-thread-1] INFO  server.RaftServerConfigKeys (ConfUtils.java:logGet(46)) - raft.server.log.force.sync.num = 128 (default)
2022-06-15 07:33:57,572 [pool-72-thread-1] INFO  server.RaftServerConfigKeys (ConfUtils.java:logGet(46)) - raft.server.log.statemachine.data.sync = true (default)
2022-06-15 07:33:57,572 [pool-72-thread-1] INFO  server.RaftServerConfigKeys (ConfUtils.java:logGet(46)) - raft.server.log.statemachine.data.sync.timeout = 10s (default)
2022-06-15 07:33:57,572 [pool-72-thread-1] INFO  server.RaftServerConfigKeys (ConfUtils.java:logGet(46)) - raft.server.log.statemachine.data.sync.timeout.retry = -1 (default)
2022-06-15 07:33:57,573 [pool-72-thread-1] INFO  server.RaftServerConfigKeys (ConfUtils.java:logGet(46)) - raft.server.log.write.buffer.size = 1048576 (custom)
2022-06-15 07:33:57,573 [pool-72-thread-1] INFO  server.RaftServerConfigKeys (ConfUtils.java:logGet(46)) - raft.server.log.unsafe-flush.enabled = false (default)
2022-06-15 07:33:57,573 [pool-72-thread-1] INFO  server.RaftServerConfigKeys (ConfUtils.java:logGet(46)) - raft.server.log.statemachine.data.caching.enabled = true (custom)
2022-06-15 07:33:57,574 [pool-72-thread-1] INFO  segmented.SegmentedRaftLogWorker (SegmentedRaftLogWorker.java:lambda$new$0(135)) - 543aeec3-c74a-41c2-8a93-8d529b3aabc8@group-DEDC8EEB63DA-SegmentedRaftLogWorker: flushIndex: setUnconditionally 0 -> -1
2022-06-15 07:33:57,574 [pool-72-thread-1] INFO  segmented.SegmentedRaftLogWorker (SegmentedRaftLogWorker.java:lambda$new$0(135)) - 543aeec3-c74a-41c2-8a93-8d529b3aabc8@group-DEDC8EEB63DA-SegmentedRaftLogWorker: safeCacheEvictIndex: setUnconditionally 0 -> -1
2022-06-15 07:33:57,574 [pool-94-thread-1] INFO  server.RaftServerConfigKeys (ConfUtils.java:logGet(46)) - raft.server.log.statemachine.data.sync.timeout.retry = -1 (default)
2022-06-15 07:33:57,574 [pool-72-thread-1] INFO  server.RaftServerConfigKeys (ConfUtils.java:logGet(46)) - raft.server.snapshot.auto.trigger.enabled = true (custom)
2022-06-15 07:33:57,574 [pool-72-thread-1] INFO  server.RaftServerConfigKeys (ConfUtils.java:logGet(46)) - raft.server.snapshot.auto.trigger.threshold = 1 (custom)
2022-06-15 07:33:57,574 [pool-72-thread-1] INFO  server.RaftServerConfigKeys (ConfUtils.java:logGet(46)) - raft.server.snapshot.retention.file.num = 5 (custom)
2022-06-15 07:33:57,574 [pool-72-thread-1] INFO  server.RaftServerConfigKeys (ConfUtils.java:logGet(46)) - raft.server.log.purge.upto.snapshot.index = false (default)
2022-06-15 07:33:57,574 [pool-72-thread-1] INFO  server.RaftServerConfigKeys (ConfUtils.java:logGet(46)) - raft.server.retrycache.expirytime = 600000ms (custom)
2022-06-15 07:33:57,574 [pool-72-thread-1] INFO  server.RaftServerConfigKeys (ConfUtils.java:logGet(46)) - raft.server.retrycache.statistics.expirytime = 100μs (default)
2022-06-15 07:33:57,575 [pool-94-thread-1] INFO  server.RaftServerConfigKeys (ConfUtils.java:logGet(46)) - raft.server.log.write.buffer.size = 1048576 (custom)
2022-06-15 07:33:57,576 [pool-94-thread-1] INFO  server.RaftServerConfigKeys (ConfUtils.java:logGet(46)) - raft.server.log.unsafe-flush.enabled = false (default)
2022-06-15 07:33:57,576 [pool-94-thread-1] INFO  server.RaftServerConfigKeys (ConfUtils.java:logGet(46)) - raft.server.log.statemachine.data.caching.enabled = true (custom)
2022-06-15 07:33:57,576 [pool-94-thread-1] INFO  segmented.SegmentedRaftLogWorker (SegmentedRaftLogWorker.java:lambda$new$0(135)) - b0a9d56e-b544-41cd-b2b1-b34d126127d5@group-DEDC8EEB63DA-SegmentedRaftLogWorker: flushIndex: setUnconditionally 0 -> -1
2022-06-15 07:33:57,576 [pool-94-thread-1] INFO  segmented.SegmentedRaftLogWorker (SegmentedRaftLogWorker.java:lambda$new$0(135)) - b0a9d56e-b544-41cd-b2b1-b34d126127d5@group-DEDC8EEB63DA-SegmentedRaftLogWorker: safeCacheEvictIndex: setUnconditionally 0 -> -1
2022-06-15 07:33:57,577 [pool-72-thread-1] INFO  server.RaftServerConfigKeys (ConfUtils.java:logGet(46)) - raft.server.log.appender.install.snapshot.enabled = false (custom)
2022-06-15 07:33:57,577 [pool-72-thread-1] INFO  server.RaftServerConfigKeys (ConfUtils.java:logGet(46)) - raft.server.threadpool.server.cached = true (default)
2022-06-15 07:33:57,577 [pool-72-thread-1] INFO  server.RaftServerConfigKeys (ConfUtils.java:logGet(46)) - raft.server.threadpool.server.size = 0 (default)
2022-06-15 07:33:57,577 [pool-72-thread-1] INFO  server.RaftServerConfigKeys (ConfUtils.java:logGet(46)) - raft.server.threadpool.client.cached = true (default)
2022-06-15 07:33:57,577 [pool-72-thread-1] INFO  server.RaftServerConfigKeys (ConfUtils.java:logGet(46)) - raft.server.threadpool.client.size = 0 (default)
2022-06-15 07:33:57,578 [pool-72-thread-1] INFO  server.RaftServer$Division (RaftServerImpl.java:start(310)) - 543aeec3-c74a-41c2-8a93-8d529b3aabc8@group-DEDC8EEB63DA: start as a follower, conf=-1: [b0a9d56e-b544-41cd-b2b1-b34d126127d5|rpc:10.1.0.11:34765|priority:1, 657a5ecd-0fe1-496e-aa3e-85dbaec35512|rpc:10.1.0.11:33757|priority:0, 543aeec3-c74a-41c2-8a93-8d529b3aabc8|rpc:10.1.0.11:41193|priority:0], old=null
2022-06-15 07:33:57,578 [pool-72-thread-1] INFO  server.RaftServer$Division (RaftServerImpl.java:setRole(299)) - 543aeec3-c74a-41c2-8a93-8d529b3aabc8@group-DEDC8EEB63DA: changes role from      null to FOLLOWER at term 0 for startAsFollower
2022-06-15 07:33:57,583 [pool-94-thread-1] INFO  server.RaftServerConfigKeys (ConfUtils.java:logGet(46)) - raft.server.snapshot.auto.trigger.enabled = true (custom)
2022-06-15 07:33:57,583 [pool-94-thread-1] INFO  server.RaftServerConfigKeys (ConfUtils.java:logGet(46)) - raft.server.snapshot.auto.trigger.threshold = 1 (custom)
2022-06-15 07:33:57,583 [pool-94-thread-1] INFO  server.RaftServerConfigKeys (ConfUtils.java:logGet(46)) - raft.server.snapshot.retention.file.num = 5 (custom)
2022-06-15 07:33:57,583 [pool-94-thread-1] INFO  server.RaftServerConfigKeys (ConfUtils.java:logGet(46)) - raft.server.log.purge.upto.snapshot.index = false (default)
2022-06-15 07:33:57,583 [pool-94-thread-1] INFO  server.RaftServerConfigKeys (ConfUtils.java:logGet(46)) - raft.server.retrycache.expirytime = 600000ms (custom)
2022-06-15 07:33:57,583 [pool-94-thread-1] INFO  server.RaftServerConfigKeys (ConfUtils.java:logGet(46)) - raft.server.retrycache.statistics.expirytime = 100μs (default)
2022-06-15 07:33:57,585 [pool-72-thread-1] INFO  impl.RoleInfo (RoleInfo.java:updateAndGet(139)) - 543aeec3-c74a-41c2-8a93-8d529b3aabc8: start 543aeec3-c74a-41c2-8a93-8d529b3aabc8@group-DEDC8EEB63DA-FollowerState
2022-06-15 07:33:57,587 [pool-94-thread-1] INFO  server.RaftServerConfigKeys (ConfUtils.java:logGet(46)) - raft.server.log.appender.install.snapshot.enabled = false (custom)
2022-06-15 07:33:57,587 [pool-94-thread-1] INFO  server.RaftServerConfigKeys (ConfUtils.java:logGet(46)) - raft.server.threadpool.server.cached = true (default)
2022-06-15 07:33:57,587 [pool-94-thread-1] INFO  server.RaftServerConfigKeys (ConfUtils.java:logGet(46)) - raft.server.threadpool.server.size = 0 (default)
2022-06-15 07:33:57,587 [pool-94-thread-1] INFO  server.RaftServerConfigKeys (ConfUtils.java:logGet(46)) - raft.server.threadpool.client.cached = true (default)
2022-06-15 07:33:57,587 [pool-94-thread-1] INFO  server.RaftServerConfigKeys (ConfUtils.java:logGet(46)) - raft.server.threadpool.client.size = 0 (default)
2022-06-15 07:33:57,587 [pool-94-thread-1] INFO  server.RaftServer$Division (RaftServerImpl.java:start(310)) - b0a9d56e-b544-41cd-b2b1-b34d126127d5@group-DEDC8EEB63DA: start as a follower, conf=-1: [b0a9d56e-b544-41cd-b2b1-b34d126127d5|rpc:10.1.0.11:34765|priority:1, 657a5ecd-0fe1-496e-aa3e-85dbaec35512|rpc:10.1.0.11:33757|priority:0, 543aeec3-c74a-41c2-8a93-8d529b3aabc8|rpc:10.1.0.11:41193|priority:0], old=null
2022-06-15 07:33:57,589 [pool-94-thread-1] INFO  server.RaftServer$Division (RaftServerImpl.java:setRole(299)) - b0a9d56e-b544-41cd-b2b1-b34d126127d5@group-DEDC8EEB63DA: changes role from      null to FOLLOWER at term 0 for startAsFollower
2022-06-15 07:33:57,589 [pool-72-thread-1] INFO  util.JmxRegister (JmxRegister.java:tryRegister(44)) - Successfully registered JMX Bean with object name Ratis:service=RaftServer,group=group-DEDC8EEB63DA,id=543aeec3-c74a-41c2-8a93-8d529b3aabc8
2022-06-15 07:33:57,590 [pool-94-thread-1] INFO  impl.RoleInfo (RoleInfo.java:updateAndGet(139)) - b0a9d56e-b544-41cd-b2b1-b34d126127d5: start b0a9d56e-b544-41cd-b2b1-b34d126127d5@group-DEDC8EEB63DA-FollowerState
2022-06-15 07:33:57,590 [Command processor thread] INFO  ratis.XceiverServerRatis (XceiverServerRatis.java:addGroup(765)) - Created group PipelineID=6e098c5d-76b7-4aec-8106-dedc8eeb63da
2022-06-15 07:33:57,591 [pool-94-thread-1] INFO  util.JmxRegister (JmxRegister.java:tryRegister(44)) - Successfully registered JMX Bean with object name Ratis:service=RaftServer,group=group-DEDC8EEB63DA,id=b0a9d56e-b544-41cd-b2b1-b34d126127d5
2022-06-15 07:33:57,598 [Command processor thread] INFO  ratis.XceiverServerRatis (XceiverServerRatis.java:addGroup(765)) - Created group PipelineID=6e098c5d-76b7-4aec-8106-dedc8eeb63da
2022-06-15 07:33:57,600 [Command processor thread] INFO  server.RaftServer (RaftServerProxy.java:addNew(96)) - 657a5ecd-0fe1-496e-aa3e-85dbaec35512: addNew group-95EDDBE0049E:[657a5ecd-0fe1-496e-aa3e-85dbaec35512|rpc:10.1.0.11:33757|priority:1] returns group-95EDDBE0049E:java.util.concurrent.CompletableFuture@48869ff1[Not completed]
2022-06-15 07:33:57,601 [pool-116-thread-1] INFO  server.RaftServer$Division (RaftServerImpl.java:<init>(190)) - 657a5ecd-0fe1-496e-aa3e-85dbaec35512: new RaftServerImpl for group-95EDDBE0049E:[657a5ecd-0fe1-496e-aa3e-85dbaec35512|rpc:10.1.0.11:33757|priority:1] with ContainerStateMachine:uninitialized
2022-06-15 07:33:57,601 [pool-116-thread-1] INFO  server.RaftServerConfigKeys (ConfUtils.java:logGet(46)) - raft.server.rpc.timeout.min = 5s (custom)
2022-06-15 07:33:57,601 [pool-116-thread-1] INFO  server.RaftServerConfigKeys (ConfUtils.java:logGet(46)) - raft.server.rpc.timeout.max = 5200ms (custom)
2022-06-15 07:33:57,602 [pool-116-thread-1] INFO  server.RaftServerConfigKeys (ConfUtils.java:logGet(46)) - raft.server.rpc.sleep.time = 25ms (default)
2022-06-15 07:33:57,602 [pool-116-thread-1] INFO  server.RaftServerConfigKeys (ConfUtils.java:logGet(46)) - raft.server.rpc.slowness.timeout = 300000ms (custom)
2022-06-15 07:33:57,602 [pool-116-thread-1] INFO  server.RaftServerConfigKeys (ConfUtils.java:logGet(46)) - raft.server.leaderelection.leader.step-down.wait-time = 10s (default)
2022-06-15 07:33:57,602 [pool-116-thread-1] INFO  server.RaftServerConfigKeys (ConfUtils.java:logGet(46)) - raft.server.sleep.deviation.threshold = 300ms (default)
2022-06-15 07:33:57,602 [pool-116-thread-1] INFO  server.RaftServer$Division (ServerState.java:<init>(107)) - 657a5ecd-0fe1-496e-aa3e-85dbaec35512@group-95EDDBE0049E: ConfigurationManager, init=-1: [657a5ecd-0fe1-496e-aa3e-85dbaec35512|rpc:10.1.0.11:33757|priority:1], old=null, confs=<EMPTY_MAP>
2022-06-15 07:33:57,602 [pool-116-thread-1] INFO  server.RaftServerConfigKeys (ConfUtils.java:logGet(46)) - raft.server.storage.dir = [/home/runner/work/ozone/ozone/hadoop-ozone/integration-test/target/test-dir/MiniOzoneClusterImpl-589494f2-24de-4a8c-8650-9a890bc48d46/datanode-2/data/ratis] (custom)
2022-06-15 07:33:57,602 [pool-116-thread-1] INFO  server.RaftServerConfigKeys (ConfUtils.java:logGet(46)) - raft.server.log.corruption.policy = EXCEPTION (default)
2022-06-15 07:33:57,602 [pool-116-thread-1] INFO  server.RaftServerConfigKeys (ConfUtils.java:logGet(46)) - raft.server.storage.free-space.min = 0MB (=0) (default)
2022-06-15 07:33:57,602 [pool-116-thread-1] INFO  storage.RaftStorageDirectory (RaftStorageDirectoryImpl.java:analyzeStorage(135)) - The storage directory /home/runner/work/ozone/ozone/hadoop-ozone/integration-test/target/test-dir/MiniOzoneClusterImpl-589494f2-24de-4a8c-8650-9a890bc48d46/datanode-2/data/ratis/499f634c-e1b9-41ad-ac9d-95eddbe0049e does not exist. Creating ...
2022-06-15 07:33:57,604 [pool-116-thread-1] INFO  storage.RaftStorageDirectory (RaftStorageDirectoryImpl.java:tryLock(230)) - Lock on /home/runner/work/ozone/ozone/hadoop-ozone/integration-test/target/test-dir/MiniOzoneClusterImpl-589494f2-24de-4a8c-8650-9a890bc48d46/datanode-2/data/ratis/499f634c-e1b9-41ad-ac9d-95eddbe0049e/in_use.lock acquired by nodename 5140@fv-az121-418
2022-06-15 07:33:57,606 [pool-116-thread-1] INFO  storage.RaftStorage (RaftStorageImpl.java:format(89)) - Storage directory /home/runner/work/ozone/ozone/hadoop-ozone/integration-test/target/test-dir/MiniOzoneClusterImpl-589494f2-24de-4a8c-8650-9a890bc48d46/datanode-2/data/ratis/499f634c-e1b9-41ad-ac9d-95eddbe0049e has been successfully formatted.
2022-06-15 07:33:57,607 [pool-116-thread-1] INFO  ratis.ContainerStateMachine (ContainerStateMachine.java:loadSnapshot(236)) - group-95EDDBE0049E: The snapshot info is null. Setting the last applied indexto:(t:0, i:~)
2022-06-15 07:33:57,607 [pool-116-thread-1] INFO  server.RaftServerConfigKeys (ConfUtils.java:logGet(46)) - raft.server.notification.no-leader.timeout = 300000ms (custom)
2022-06-15 07:33:57,607 [pool-116-thread-1] INFO  server.RaftServerConfigKeys (ConfUtils.java:logGet(46)) - raft.server.log.use.memory = false (default)
2022-06-15 07:33:57,607 [pool-116-thread-1] INFO  server.RaftServerConfigKeys (ConfUtils.java:logGet(46)) - raft.server.log.purge.gap = 1000000 (custom)
2022-06-15 07:33:57,607 [pool-116-thread-1] INFO  server.RaftServerConfigKeys (ConfUtils.java:logGet(46)) - raft.server.log.appender.buffer.byte-limit = 33554432 (custom)
2022-06-15 07:33:57,607 [pool-116-thread-1] INFO  server.RaftServerConfigKeys (ConfUtils.java:logGet(46)) - raft.server.log.statemachine.data.read.timeout = 1000ms (default)
2022-06-15 07:33:57,608 [EventQueue-PipelineReportForPipelineReportHandler] INFO  pipeline.PipelineManagerImpl (PipelineManagerImpl.java:openPipeline(356)) - Pipeline Pipeline[ Id: 499f634c-e1b9-41ad-ac9d-95eddbe0049e, Nodes: 657a5ecd-0fe1-496e-aa3e-85dbaec35512{ip: 10.1.0.11, host: fv-az121-418.xhy4bhhdincepo0av04agjzkjc.cx.internal.cloudapp.net, ports: [REPLICATION=36157, RATIS=33757, RATIS_ADMIN=33757, RATIS_SERVER=33757, STANDALONE=41369], networkLocation: /default-rack, certSerialId: null, persistedOpState: IN_SERVICE, persistedOpStateExpiryEpochSec: 0}, ReplicationConfig: RATIS/ONE, State:ALLOCATED, leaderId:657a5ecd-0fe1-496e-aa3e-85dbaec35512, CreationTimestamp2022-06-15T07:33:54.606Z[Etc/UTC]] moved to OPEN state
2022-06-15 07:33:57,610 [pool-116-thread-1] INFO  server.RaftServerConfigKeys (ConfUtils.java:logGet(46)) - raft.server.log.segment.size.max = 1048576 (custom)
2022-06-15 07:33:57,610 [EventQueue-OpenPipelineForHealthyPipelineSafeModeRule] INFO  safemode.SCMSafeModeManager (HealthyPipelineSafeModeRule.java:process(124)) - SCM in safe mode. Healthy pipelines reported count is 0, required healthy pipeline reported count is 1
2022-06-15 07:33:57,610 [pool-116-thread-1] INFO  server.RaftServerConfigKeys (ConfUtils.java:logGet(46)) - raft.server.log.segment.cache.num.max = 2 (custom)
2022-06-15 07:33:57,616 [pool-116-thread-1] INFO  server.RaftServerConfigKeys (ConfUtils.java:logGet(46)) - raft.server.log.segment.cache.size.max = 200MB (=209715200) (default)
2022-06-15 07:33:57,616 [pool-116-thread-1] INFO  segmented.SegmentedRaftLogWorker (SegmentedRaftLogWorker.java:<init>(187)) - new 657a5ecd-0fe1-496e-aa3e-85dbaec35512@group-95EDDBE0049E-SegmentedRaftLogWorker for RaftStorageImpl:Storage Directory /home/runner/work/ozone/ozone/hadoop-ozone/integration-test/target/test-dir/MiniOzoneClusterImpl-589494f2-24de-4a8c-8650-9a890bc48d46/datanode-2/data/ratis/499f634c-e1b9-41ad-ac9d-95eddbe0049e
2022-06-15 07:33:57,616 [pool-116-thread-1] INFO  server.RaftServerConfigKeys (ConfUtils.java:logGet(46)) - raft.server.log.queue.byte-limit = 4294967296 (custom)
2022-06-15 07:33:57,616 [pool-116-thread-1] INFO  server.RaftServerConfigKeys (ConfUtils.java:logGet(46)) - raft.server.log.queue.element-limit = 1024 (custom)
2022-06-15 07:33:57,616 [pool-116-thread-1] INFO  server.RaftServerConfigKeys (ConfUtils.java:logGet(46)) - raft.server.log.segment.size.max = 1048576 (custom)
2022-06-15 07:33:57,616 [pool-116-thread-1] INFO  server.RaftServerConfigKeys (ConfUtils.java:logGet(46)) - raft.server.log.preallocated.size = 16384 (custom)
2022-06-15 07:33:57,616 [pool-116-thread-1] INFO  server.RaftServerConfigKeys (ConfUtils.java:logGet(46)) - raft.server.log.force.sync.num = 128 (default)
2022-06-15 07:33:57,616 [pool-116-thread-1] INFO  server.RaftServerConfigKeys (ConfUtils.java:logGet(46)) - raft.server.log.statemachine.data.sync = true (default)
2022-06-15 07:33:57,616 [grpc-default-executor-0] INFO  server.RaftServer (RaftServerProxy.java:addNew(96)) - 657a5ecd-0fe1-496e-aa3e-85dbaec35512: addNew group-DEDC8EEB63DA:[b0a9d56e-b544-41cd-b2b1-b34d126127d5|rpc:10.1.0.11:34765|dataStream:|priority:1, 657a5ecd-0fe1-496e-aa3e-85dbaec35512|rpc:10.1.0.11:33757|dataStream:|priority:0, 543aeec3-c74a-41c2-8a93-8d529b3aabc8|rpc:10.1.0.11:41193|dataStream:|priority:0] returns group-DEDC8EEB63DA:java.util.concurrent.CompletableFuture@563e210a[Not completed]
2022-06-15 07:33:57,616 [pool-116-thread-1] INFO  server.RaftServerConfigKeys (ConfUtils.java:logGet(46)) - raft.server.log.statemachine.data.sync.timeout = 10s (default)
2022-06-15 07:33:57,619 [pool-116-thread-1] INFO  server.RaftServerConfigKeys (ConfUtils.java:logGet(46)) - raft.server.log.statemachine.data.sync.timeout.retry = -1 (default)
2022-06-15 07:33:57,620 [pool-116-thread-1] INFO  server.RaftServerConfigKeys (ConfUtils.java:logGet(46)) - raft.server.log.write.buffer.size = 1048576 (custom)
2022-06-15 07:33:57,623 [pool-116-thread-1] INFO  server.RaftServerConfigKeys (ConfUtils.java:logGet(46)) - raft.server.log.unsafe-flush.enabled = false (default)
2022-06-15 07:33:57,623 [pool-116-thread-1] INFO  server.RaftServerConfigKeys (ConfUtils.java:logGet(46)) - raft.server.log.statemachine.data.caching.enabled = true (custom)
2022-06-15 07:33:57,626 [pool-116-thread-1] INFO  segmented.SegmentedRaftLogWorker (SegmentedRaftLogWorker.java:lambda$new$0(135)) - 657a5ecd-0fe1-496e-aa3e-85dbaec35512@group-95EDDBE0049E-SegmentedRaftLogWorker: flushIndex: setUnconditionally 0 -> -1
2022-06-15 07:33:57,627 [pool-116-thread-1] INFO  segmented.SegmentedRaftLogWorker (SegmentedRaftLogWorker.java:lambda$new$0(135)) - 657a5ecd-0fe1-496e-aa3e-85dbaec35512@group-95EDDBE0049E-SegmentedRaftLogWorker: safeCacheEvictIndex: setUnconditionally 0 -> -1
2022-06-15 07:33:57,631 [pool-116-thread-1] INFO  server.RaftServerConfigKeys (ConfUtils.java:logGet(46)) - raft.server.snapshot.auto.trigger.enabled = true (custom)
2022-06-15 07:33:57,631 [pool-116-thread-1] INFO  server.RaftServerConfigKeys (ConfUtils.java:logGet(46)) - raft.server.snapshot.auto.trigger.threshold = 1 (custom)
2022-06-15 07:33:57,631 [pool-116-thread-1] INFO  server.RaftServerConfigKeys (ConfUtils.java:logGet(46)) - raft.server.snapshot.retention.file.num = 5 (custom)
2022-06-15 07:33:57,631 [pool-116-thread-1] INFO  server.RaftServerConfigKeys (ConfUtils.java:logGet(46)) - raft.server.log.purge.upto.snapshot.index = false (default)
2022-06-15 07:33:57,631 [pool-116-thread-1] INFO  server.RaftServerConfigKeys (ConfUtils.java:logGet(46)) - raft.server.retrycache.expirytime = 600000ms (custom)
2022-06-15 07:33:57,631 [pool-116-thread-1] INFO  server.RaftServerConfigKeys (ConfUtils.java:logGet(46)) - raft.server.retrycache.statistics.expirytime = 100μs (default)
2022-06-15 07:33:57,632 [pool-116-thread-1] INFO  server.RaftServerConfigKeys (ConfUtils.java:logGet(46)) - raft.server.log.appender.install.snapshot.enabled = false (custom)
2022-06-15 07:33:57,636 [pool-116-thread-1] INFO  server.RaftServerConfigKeys (ConfUtils.java:logGet(46)) - raft.server.threadpool.server.cached = true (default)
2022-06-15 07:33:57,636 [pool-116-thread-1] INFO  server.RaftServerConfigKeys (ConfUtils.java:logGet(46)) - raft.server.threadpool.server.size = 0 (default)
2022-06-15 07:33:57,636 [pool-116-thread-1] INFO  server.RaftServerConfigKeys (ConfUtils.java:logGet(46)) - raft.server.threadpool.client.cached = true (default)
2022-06-15 07:33:57,636 [pool-116-thread-1] INFO  server.RaftServerConfigKeys (ConfUtils.java:logGet(46)) - raft.server.threadpool.client.size = 0 (default)
2022-06-15 07:33:57,637 [pool-116-thread-1] INFO  server.RaftServer$Division (RaftServerImpl.java:<init>(190)) - 657a5ecd-0fe1-496e-aa3e-85dbaec35512: new RaftServerImpl for group-DEDC8EEB63DA:[b0a9d56e-b544-41cd-b2b1-b34d126127d5|rpc:10.1.0.11:34765|dataStream:|priority:1, 657a5ecd-0fe1-496e-aa3e-85dbaec35512|rpc:10.1.0.11:33757|dataStream:|priority:0, 543aeec3-c74a-41c2-8a93-8d529b3aabc8|rpc:10.1.0.11:41193|dataStream:|priority:0] with ContainerStateMachine:uninitialized
2022-06-15 07:33:57,637 [pool-116-thread-1] INFO  server.RaftServerConfigKeys (ConfUtils.java:logGet(46)) - raft.server.rpc.timeout.min = 5s (custom)
2022-06-15 07:33:57,637 [pool-116-thread-1] INFO  server.RaftServerConfigKeys (ConfUtils.java:logGet(46)) - raft.server.rpc.timeout.max = 5200ms (custom)
2022-06-15 07:33:57,637 [pool-116-thread-1] INFO  server.RaftServerConfigKeys (ConfUtils.java:logGet(46)) - raft.server.rpc.sleep.time = 25ms (default)
2022-06-15 07:33:57,637 [pool-116-thread-1] INFO  server.RaftServerConfigKeys (ConfUtils.java:logGet(46)) - raft.server.rpc.slowness.timeout = 300000ms (custom)
2022-06-15 07:33:57,637 [pool-116-thread-1] INFO  server.RaftServerConfigKeys (ConfUtils.java:logGet(46)) - raft.server.leaderelection.leader.step-down.wait-time = 10s (default)
2022-06-15 07:33:57,637 [pool-116-thread-1] INFO  server.RaftServerConfigKeys (ConfUtils.java:logGet(46)) - raft.server.sleep.deviation.threshold = 300ms (default)
2022-06-15 07:33:57,637 [pool-116-thread-1] INFO  server.RaftServer$Division (ServerState.java:<init>(107)) - 657a5ecd-0fe1-496e-aa3e-85dbaec35512@group-DEDC8EEB63DA: ConfigurationManager, init=-1: [b0a9d56e-b544-41cd-b2b1-b34d126127d5|rpc:10.1.0.11:34765|dataStream:|priority:1, 657a5ecd-0fe1-496e-aa3e-85dbaec35512|rpc:10.1.0.11:33757|dataStream:|priority:0, 543aeec3-c74a-41c2-8a93-8d529b3aabc8|rpc:10.1.0.11:41193|dataStream:|priority:0], old=null, confs=<EMPTY_MAP>
2022-06-15 07:33:57,637 [pool-116-thread-1] INFO  server.RaftServerConfigKeys (ConfUtils.java:logGet(46)) - raft.server.storage.dir = [/home/runner/work/ozone/ozone/hadoop-ozone/integration-test/target/test-dir/MiniOzoneClusterImpl-589494f2-24de-4a8c-8650-9a890bc48d46/datanode-2/data/ratis] (custom)
2022-06-15 07:33:57,637 [pool-116-thread-1] INFO  server.RaftServerConfigKeys (ConfUtils.java:logGet(46)) - raft.server.log.corruption.policy = EXCEPTION (default)
2022-06-15 07:33:57,638 [pool-116-thread-1] INFO  server.RaftServerConfigKeys (ConfUtils.java:logGet(46)) - raft.server.storage.free-space.min = 0MB (=0) (default)
2022-06-15 07:33:57,638 [pool-116-thread-1] INFO  storage.RaftStorageDirectory (RaftStorageDirectoryImpl.java:analyzeStorage(135)) - The storage directory /home/runner/work/ozone/ozone/hadoop-ozone/integration-test/target/test-dir/MiniOzoneClusterImpl-589494f2-24de-4a8c-8650-9a890bc48d46/datanode-2/data/ratis/6e098c5d-76b7-4aec-8106-dedc8eeb63da does not exist. Creating ...
2022-06-15 07:33:57,643 [pool-116-thread-1] INFO  storage.RaftStorageDirectory (RaftStorageDirectoryImpl.java:tryLock(230)) - Lock on /home/runner/work/ozone/ozone/hadoop-ozone/integration-test/target/test-dir/MiniOzoneClusterImpl-589494f2-24de-4a8c-8650-9a890bc48d46/datanode-2/data/ratis/6e098c5d-76b7-4aec-8106-dedc8eeb63da/in_use.lock acquired by nodename 5140@fv-az121-418
2022-06-15 07:33:57,644 [pool-116-thread-1] INFO  storage.RaftStorage (RaftStorageImpl.java:format(89)) - Storage directory /home/runner/work/ozone/ozone/hadoop-ozone/integration-test/target/test-dir/MiniOzoneClusterImpl-589494f2-24de-4a8c-8650-9a890bc48d46/datanode-2/data/ratis/6e098c5d-76b7-4aec-8106-dedc8eeb63da has been successfully formatted.
2022-06-15 07:33:57,645 [pool-116-thread-1] INFO  ratis.ContainerStateMachine (ContainerStateMachine.java:loadSnapshot(236)) - group-DEDC8EEB63DA: The snapshot info is null. Setting the last applied indexto:(t:0, i:~)
2022-06-15 07:33:57,646 [pool-116-thread-1] INFO  server.RaftServerConfigKeys (ConfUtils.java:logGet(46)) - raft.server.notification.no-leader.timeout = 300000ms (custom)
2022-06-15 07:33:57,646 [pool-116-thread-1] INFO  server.RaftServerConfigKeys (ConfUtils.java:logGet(46)) - raft.server.log.use.memory = false (default)
2022-06-15 07:33:57,646 [pool-116-thread-1] INFO  server.RaftServerConfigKeys (ConfUtils.java:logGet(46)) - raft.server.log.purge.gap = 1000000 (custom)
2022-06-15 07:33:57,646 [pool-116-thread-1] INFO  server.RaftServerConfigKeys (ConfUtils.java:logGet(46)) - raft.server.log.appender.buffer.byte-limit = 33554432 (custom)
2022-06-15 07:33:57,646 [pool-116-thread-1] INFO  server.RaftServerConfigKeys (ConfUtils.java:logGet(46)) - raft.server.log.statemachine.data.read.timeout = 1000ms (default)
2022-06-15 07:33:57,646 [EventQueue-OpenPipelineForHealthyPipelineSafeModeRule] INFO  safemode.SCMSafeModeManager (HealthyPipelineSafeModeRule.java:process(124)) - SCM in safe mode. Healthy pipelines reported count is 0, required healthy pipeline reported count is 1
2022-06-15 07:33:57,651 [pool-116-thread-1] INFO  server.RaftServerConfigKeys (ConfUtils.java:logGet(46)) - raft.server.log.segment.size.max = 1048576 (custom)
2022-06-15 07:33:57,652 [pool-116-thread-1] INFO  server.RaftServerConfigKeys (ConfUtils.java:logGet(46)) - raft.server.log.segment.cache.num.max = 2 (custom)
2022-06-15 07:33:57,652 [pool-116-thread-1] INFO  server.RaftServerConfigKeys (ConfUtils.java:logGet(46)) - raft.server.log.segment.cache.size.max = 200MB (=209715200) (default)
2022-06-15 07:33:57,652 [pool-116-thread-1] INFO  segmented.SegmentedRaftLogWorker (SegmentedRaftLogWorker.java:<init>(187)) - new 657a5ecd-0fe1-496e-aa3e-85dbaec35512@group-DEDC8EEB63DA-SegmentedRaftLogWorker for RaftStorageImpl:Storage Directory /home/runner/work/ozone/ozone/hadoop-ozone/integration-test/target/test-dir/MiniOzoneClusterImpl-589494f2-24de-4a8c-8650-9a890bc48d46/datanode-2/data/ratis/6e098c5d-76b7-4aec-8106-dedc8eeb63da
2022-06-15 07:33:57,652 [pool-116-thread-1] INFO  server.RaftServerConfigKeys (ConfUtils.java:logGet(46)) - raft.server.log.queue.byte-limit = 4294967296 (custom)
2022-06-15 07:33:57,652 [pool-116-thread-1] INFO  server.RaftServerConfigKeys (ConfUtils.java:logGet(46)) - raft.server.log.queue.element-limit = 1024 (custom)
2022-06-15 07:33:57,652 [pool-116-thread-1] INFO  server.RaftServerConfigKeys (ConfUtils.java:logGet(46)) - raft.server.log.segment.size.max = 1048576 (custom)
2022-06-15 07:33:57,652 [pool-116-thread-1] INFO  server.RaftServerConfigKeys (ConfUtils.java:logGet(46)) - raft.server.log.preallocated.size = 16384 (custom)
2022-06-15 07:33:57,652 [pool-116-thread-1] INFO  server.RaftServerConfigKeys (ConfUtils.java:logGet(46)) - raft.server.log.force.sync.num = 128 (default)
2022-06-15 07:33:57,652 [pool-116-thread-1] INFO  server.RaftServerConfigKeys (ConfUtils.java:logGet(46)) - raft.server.log.statemachine.data.sync = true (default)
2022-06-15 07:33:57,652 [pool-116-thread-1] INFO  server.RaftServerConfigKeys (ConfUtils.java:logGet(46)) - raft.server.log.statemachine.data.sync.timeout = 10s (default)
2022-06-15 07:33:57,652 [pool-116-thread-1] INFO  server.RaftServerConfigKeys (ConfUtils.java:logGet(46)) - raft.server.log.statemachine.data.sync.timeout.retry = -1 (default)
2022-06-15 07:33:57,653 [pool-116-thread-1] INFO  server.RaftServerConfigKeys (ConfUtils.java:logGet(46)) - raft.server.log.write.buffer.size = 1048576 (custom)
2022-06-15 07:33:57,654 [pool-116-thread-1] INFO  server.RaftServerConfigKeys (ConfUtils.java:logGet(46)) - raft.server.log.unsafe-flush.enabled = false (default)
2022-06-15 07:33:57,654 [pool-116-thread-1] INFO  server.RaftServerConfigKeys (ConfUtils.java:logGet(46)) - raft.server.log.statemachine.data.caching.enabled = true (custom)
2022-06-15 07:33:57,654 [pool-116-thread-1] INFO  segmented.SegmentedRaftLogWorker (SegmentedRaftLogWorker.java:lambda$new$0(135)) - 657a5ecd-0fe1-496e-aa3e-85dbaec35512@group-DEDC8EEB63DA-SegmentedRaftLogWorker: flushIndex: setUnconditionally 0 -> -1
2022-06-15 07:33:57,654 [pool-116-thread-1] INFO  segmented.SegmentedRaftLogWorker (SegmentedRaftLogWorker.java:lambda$new$0(135)) - 657a5ecd-0fe1-496e-aa3e-85dbaec35512@group-DEDC8EEB63DA-SegmentedRaftLogWorker: safeCacheEvictIndex: setUnconditionally 0 -> -1
2022-06-15 07:33:57,668 [pool-116-thread-1] INFO  server.RaftServerConfigKeys (ConfUtils.java:logGet(46)) - raft.server.snapshot.auto.trigger.enabled = true (custom)
2022-06-15 07:33:57,671 [pool-116-thread-1] INFO  server.RaftServerConfigKeys (ConfUtils.java:logGet(46)) - raft.server.snapshot.auto.trigger.threshold = 1 (custom)
2022-06-15 07:33:57,672 [pool-116-thread-1] INFO  server.RaftServerConfigKeys (ConfUtils.java:logGet(46)) - raft.server.snapshot.retention.file.num = 5 (custom)
2022-06-15 07:33:57,672 [pool-116-thread-1] INFO  server.RaftServerConfigKeys (ConfUtils.java:logGet(46)) - raft.server.log.purge.upto.snapshot.index = false (default)
2022-06-15 07:33:57,672 [pool-116-thread-1] INFO  server.RaftServerConfigKeys (ConfUtils.java:logGet(46)) - raft.server.retrycache.expirytime = 600000ms (custom)
2022-06-15 07:33:57,672 [pool-116-thread-1] INFO  server.RaftServerConfigKeys (ConfUtils.java:logGet(46)) - raft.server.retrycache.statistics.expirytime = 100μs (default)
2022-06-15 07:33:57,673 [pool-116-thread-1] INFO  server.RaftServerConfigKeys (ConfUtils.java:logGet(46)) - raft.server.log.appender.install.snapshot.enabled = false (custom)
2022-06-15 07:33:57,673 [pool-116-thread-1] INFO  server.RaftServerConfigKeys (ConfUtils.java:logGet(46)) - raft.server.threadpool.server.cached = true (default)
2022-06-15 07:33:57,673 [pool-116-thread-1] INFO  server.RaftServerConfigKeys (ConfUtils.java:logGet(46)) - raft.server.threadpool.server.size = 0 (default)
2022-06-15 07:33:57,673 [pool-116-thread-1] INFO  server.RaftServerConfigKeys (ConfUtils.java:logGet(46)) - raft.server.threadpool.client.cached = true (default)
2022-06-15 07:33:57,673 [pool-116-thread-1] INFO  server.RaftServerConfigKeys (ConfUtils.java:logGet(46)) - raft.server.threadpool.client.size = 0 (default)
2022-06-15 07:33:57,676 [pool-116-thread-1] INFO  server.RaftServer$Division (RaftServerImpl.java:start(310)) - 657a5ecd-0fe1-496e-aa3e-85dbaec35512@group-95EDDBE0049E: start as a follower, conf=-1: [657a5ecd-0fe1-496e-aa3e-85dbaec35512|rpc:10.1.0.11:33757|priority:1], old=null
2022-06-15 07:33:57,676 [pool-116-thread-1] INFO  server.RaftServer$Division (RaftServerImpl.java:setRole(299)) - 657a5ecd-0fe1-496e-aa3e-85dbaec35512@group-95EDDBE0049E: changes role from      null to FOLLOWER at term 0 for startAsFollower
2022-06-15 07:33:57,676 [pool-116-thread-1] INFO  impl.RoleInfo (RoleInfo.java:updateAndGet(139)) - 657a5ecd-0fe1-496e-aa3e-85dbaec35512: start 657a5ecd-0fe1-496e-aa3e-85dbaec35512@group-95EDDBE0049E-FollowerState
2022-06-15 07:33:57,678 [pool-116-thread-1] INFO  util.JmxRegister (JmxRegister.java:tryRegister(44)) - Successfully registered JMX Bean with object name Ratis:service=RaftServer,group=group-95EDDBE0049E,id=657a5ecd-0fe1-496e-aa3e-85dbaec35512
2022-06-15 07:33:57,681 [pool-116-thread-1] INFO  server.RaftServer$Division (RaftServerImpl.java:start(310)) - 657a5ecd-0fe1-496e-aa3e-85dbaec35512@group-DEDC8EEB63DA: start as a follower, conf=-1: [b0a9d56e-b544-41cd-b2b1-b34d126127d5|rpc:10.1.0.11:34765|dataStream:|priority:1, 657a5ecd-0fe1-496e-aa3e-85dbaec35512|rpc:10.1.0.11:33757|dataStream:|priority:0, 543aeec3-c74a-41c2-8a93-8d529b3aabc8|rpc:10.1.0.11:41193|dataStream:|priority:0], old=null
2022-06-15 07:33:57,681 [pool-116-thread-1] INFO  server.RaftServer$Division (RaftServerImpl.java:setRole(299)) - 657a5ecd-0fe1-496e-aa3e-85dbaec35512@group-DEDC8EEB63DA: changes role from      null to FOLLOWER at term 0 for startAsFollower
2022-06-15 07:33:57,681 [pool-116-thread-1] INFO  impl.RoleInfo (RoleInfo.java:updateAndGet(139)) - 657a5ecd-0fe1-496e-aa3e-85dbaec35512: start 657a5ecd-0fe1-496e-aa3e-85dbaec35512@group-DEDC8EEB63DA-FollowerState
2022-06-15 07:33:57,681 [Command processor thread] INFO  ratis.XceiverServerRatis (XceiverServerRatis.java:addGroup(765)) - Created group PipelineID=499f634c-e1b9-41ad-ac9d-95eddbe0049e
2022-06-15 07:33:57,681 [Command processor thread] INFO  commandhandler.CreatePipelineCommandHandler (CreatePipelineCommandHandler.java:handle(113)) - Created Pipeline RATIS ONE PipelineID=499f634c-e1b9-41ad-ac9d-95eddbe0049e.
2022-06-15 07:33:57,682 [pool-116-thread-1] INFO  util.JmxRegister (JmxRegister.java:tryRegister(44)) - Successfully registered JMX Bean with object name Ratis:service=RaftServer,group=group-DEDC8EEB63DA,id=657a5ecd-0fe1-496e-aa3e-85dbaec35512
2022-06-15 07:33:57,720 [Command processor thread] INFO  commandhandler.CreatePipelineCommandHandler (CreatePipelineCommandHandler.java:handle(113)) - Created Pipeline RATIS THREE PipelineID=6e098c5d-76b7-4aec-8106-dedc8eeb63da.
2022-06-15 07:33:57,740 [Command processor thread] INFO  commandhandler.CreatePipelineCommandHandler (CreatePipelineCommandHandler.java:handle(113)) - Created Pipeline RATIS THREE PipelineID=6e098c5d-76b7-4aec-8106-dedc8eeb63da.
2022-06-15 07:33:57,769 [EventQueue-OpenPipelineForHealthyPipelineSafeModeRule] INFO  safemode.SCMSafeModeManager (HealthyPipelineSafeModeRule.java:process(124)) - SCM in safe mode. Healthy pipelines reported count is 0, required healthy pipeline reported count is 1
2022-06-15 07:33:57,847 [EventQueue-OpenPipelineForHealthyPipelineSafeModeRule] INFO  safemode.SCMSafeModeManager (HealthyPipelineSafeModeRule.java:process(124)) - SCM in safe mode. Healthy pipelines reported count is 0, required healthy pipeline reported count is 1
2022-06-15 07:33:57,932 [Listener at 127.0.0.1/34461] INFO  ozone.MiniOzoneClusterImpl (MiniOzoneClusterImpl.java:lambda$waitForClusterToBeReady$0(221)) - Nodes are ready. Got 10 of 10 DN Heartbeats.
2022-06-15 07:33:57,933 [Listener at 127.0.0.1/34461] INFO  ozone.MiniOzoneClusterImpl (MiniOzoneClusterImpl.java:lambda$waitForClusterToBeReady$0(224)) - Waiting for cluster to exit safe mode
2022-06-15 07:33:57,933 [Listener at 127.0.0.1/34461] INFO  ozone.MiniOzoneClusterImpl (MiniOzoneClusterImpl.java:lambda$waitForClusterToBeReady$0(226)) - SCM became leader
2022-06-15 07:33:57,937 [Command processor thread] INFO  server.RaftServer (RaftServerProxy.java:addNew(96)) - e547bcb9-eced-475a-8c61-963b1a05d208: addNew group-2CE7181C3859:[e547bcb9-eced-475a-8c61-963b1a05d208|rpc:10.1.0.11:40217|priority:1] returns group-2CE7181C3859:java.util.concurrent.CompletableFuture@445efb1c[Not completed]
2022-06-15 07:33:57,938 [pool-138-thread-1] INFO  server.RaftServer$Division (RaftServerImpl.java:<init>(190)) - e547bcb9-eced-475a-8c61-963b1a05d208: new RaftServerImpl for group-2CE7181C3859:[e547bcb9-eced-475a-8c61-963b1a05d208|rpc:10.1.0.11:40217|priority:1] with ContainerStateMachine:uninitialized
2022-06-15 07:33:57,939 [pool-138-thread-1] INFO  server.RaftServerConfigKeys (ConfUtils.java:logGet(46)) - raft.server.rpc.timeout.min = 5s (custom)
2022-06-15 07:33:57,942 [pool-138-thread-1] INFO  server.RaftServerConfigKeys (ConfUtils.java:logGet(46)) - raft.server.rpc.timeout.max = 5200ms (custom)
2022-06-15 07:33:57,942 [pool-138-thread-1] INFO  server.RaftServerConfigKeys (ConfUtils.java:logGet(46)) - raft.server.rpc.sleep.time = 25ms (default)
2022-06-15 07:33:57,942 [pool-138-thread-1] INFO  server.RaftServerConfigKeys (ConfUtils.java:logGet(46)) - raft.server.rpc.slowness.timeout = 300000ms (custom)
2022-06-15 07:33:57,942 [pool-138-thread-1] INFO  server.RaftServerConfigKeys (ConfUtils.java:logGet(46)) - raft.server.leaderelection.leader.step-down.wait-time = 10s (default)
2022-06-15 07:33:57,942 [pool-138-thread-1] INFO  server.RaftServerConfigKeys (ConfUtils.java:logGet(46)) - raft.server.sleep.deviation.threshold = 300ms (default)
2022-06-15 07:33:57,944 [pool-138-thread-1] INFO  server.RaftServer$Division (ServerState.java:<init>(107)) - e547bcb9-eced-475a-8c61-963b1a05d208@group-2CE7181C3859: ConfigurationManager, init=-1: [e547bcb9-eced-475a-8c61-963b1a05d208|rpc:10.1.0.11:40217|priority:1], old=null, confs=<EMPTY_MAP>
2022-06-15 07:33:57,944 [pool-138-thread-1] INFO  server.RaftServerConfigKeys (ConfUtils.java:logGet(46)) - raft.server.storage.dir = [/home/runner/work/ozone/ozone/hadoop-ozone/integration-test/target/test-dir/MiniOzoneClusterImpl-589494f2-24de-4a8c-8650-9a890bc48d46/datanode-3/data/ratis] (custom)
2022-06-15 07:33:57,944 [pool-138-thread-1] INFO  server.RaftServerConfigKeys (ConfUtils.java:logGet(46)) - raft.server.log.corruption.policy = EXCEPTION (default)
2022-06-15 07:33:57,944 [pool-138-thread-1] INFO  server.RaftServerConfigKeys (ConfUtils.java:logGet(46)) - raft.server.storage.free-space.min = 0MB (=0) (default)
2022-06-15 07:33:57,944 [pool-138-thread-1] INFO  storage.RaftStorageDirectory (RaftStorageDirectoryImpl.java:analyzeStorage(135)) - The storage directory /home/runner/work/ozone/ozone/hadoop-ozone/integration-test/target/test-dir/MiniOzoneClusterImpl-589494f2-24de-4a8c-8650-9a890bc48d46/datanode-3/data/ratis/ff55ee45-48bd-4359-af8c-2ce7181c3859 does not exist. Creating ...
2022-06-15 07:33:57,945 [pool-138-thread-1] INFO  storage.RaftStorageDirectory (RaftStorageDirectoryImpl.java:tryLock(230)) - Lock on /home/runner/work/ozone/ozone/hadoop-ozone/integration-test/target/test-dir/MiniOzoneClusterImpl-589494f2-24de-4a8c-8650-9a890bc48d46/datanode-3/data/ratis/ff55ee45-48bd-4359-af8c-2ce7181c3859/in_use.lock acquired by nodename 5140@fv-az121-418
2022-06-15 07:33:57,951 [pool-138-thread-1] INFO  storage.RaftStorage (RaftStorageImpl.java:format(89)) - Storage directory /home/runner/work/ozone/ozone/hadoop-ozone/integration-test/target/test-dir/MiniOzoneClusterImpl-589494f2-24de-4a8c-8650-9a890bc48d46/datanode-3/data/ratis/ff55ee45-48bd-4359-af8c-2ce7181c3859 has been successfully formatted.
2022-06-15 07:33:57,952 [pool-138-thread-1] INFO  ratis.ContainerStateMachine (ContainerStateMachine.java:loadSnapshot(236)) - group-2CE7181C3859: The snapshot info is null. Setting the last applied indexto:(t:0, i:~)
2022-06-15 07:33:57,952 [pool-138-thread-1] INFO  server.RaftServerConfigKeys (ConfUtils.java:logGet(46)) - raft.server.notification.no-leader.timeout = 300000ms (custom)
2022-06-15 07:33:57,952 [pool-138-thread-1] INFO  server.RaftServerConfigKeys (ConfUtils.java:logGet(46)) - raft.server.log.use.memory = false (default)
2022-06-15 07:33:57,952 [pool-138-thread-1] INFO  server.RaftServerConfigKeys (ConfUtils.java:logGet(46)) - raft.server.log.purge.gap = 1000000 (custom)
2022-06-15 07:33:57,952 [pool-138-thread-1] INFO  server.RaftServerConfigKeys (ConfUtils.java:logGet(46)) - raft.server.log.appender.buffer.byte-limit = 33554432 (custom)
2022-06-15 07:33:57,952 [pool-138-thread-1] INFO  server.RaftServerConfigKeys (ConfUtils.java:logGet(46)) - raft.server.log.statemachine.data.read.timeout = 1000ms (default)
2022-06-15 07:33:57,953 [pool-138-thread-1] INFO  server.RaftServerConfigKeys (ConfUtils.java:logGet(46)) - raft.server.log.segment.size.max = 1048576 (custom)
2022-06-15 07:33:57,953 [pool-138-thread-1] INFO  server.RaftServerConfigKeys (ConfUtils.java:logGet(46)) - raft.server.log.segment.cache.num.max = 2 (custom)
2022-06-15 07:33:57,953 [pool-138-thread-1] INFO  server.RaftServerConfigKeys (ConfUtils.java:logGet(46)) - raft.server.log.segment.cache.size.max = 200MB (=209715200) (default)
2022-06-15 07:33:57,953 [pool-138-thread-1] INFO  segmented.SegmentedRaftLogWorker (SegmentedRaftLogWorker.java:<init>(187)) - new e547bcb9-eced-475a-8c61-963b1a05d208@group-2CE7181C3859-SegmentedRaftLogWorker for RaftStorageImpl:Storage Directory /home/runner/work/ozone/ozone/hadoop-ozone/integration-test/target/test-dir/MiniOzoneClusterImpl-589494f2-24de-4a8c-8650-9a890bc48d46/datanode-3/data/ratis/ff55ee45-48bd-4359-af8c-2ce7181c3859
2022-06-15 07:33:57,953 [pool-138-thread-1] INFO  server.RaftServerConfigKeys (ConfUtils.java:logGet(46)) - raft.server.log.queue.byte-limit = 4294967296 (custom)
2022-06-15 07:33:57,953 [pool-138-thread-1] INFO  server.RaftServerConfigKeys (ConfUtils.java:logGet(46)) - raft.server.log.queue.element-limit = 1024 (custom)
2022-06-15 07:33:57,953 [pool-138-thread-1] INFO  server.RaftServerConfigKeys (ConfUtils.java:logGet(46)) - raft.server.log.segment.size.max = 1048576 (custom)
2022-06-15 07:33:57,953 [EventQueue-PipelineReportForPipelineReportHandler] INFO  pipeline.PipelineManagerImpl (PipelineManagerImpl.java:openPipeline(356)) - Pipeline Pipeline[ Id: ff55ee45-48bd-4359-af8c-2ce7181c3859, Nodes: e547bcb9-eced-475a-8c61-963b1a05d208{ip: 10.1.0.11, host: fv-az121-418.xhy4bhhdincepo0av04agjzkjc.cx.internal.cloudapp.net, ports: [REPLICATION=38917, RATIS=40217, RATIS_ADMIN=40217, RATIS_SERVER=40217, STANDALONE=39049], networkLocation: /default-rack, certSerialId: null, persistedOpState: IN_SERVICE, persistedOpStateExpiryEpochSec: 0}, ReplicationConfig: RATIS/ONE, State:ALLOCATED, leaderId:e547bcb9-eced-475a-8c61-963b1a05d208, CreationTimestamp2022-06-15T07:33:54.941Z[Etc/UTC]] moved to OPEN state
2022-06-15 07:33:57,953 [pool-138-thread-1] INFO  server.RaftServerConfigKeys (ConfUtils.java:logGet(46)) - raft.server.log.preallocated.size = 16384 (custom)
2022-06-15 07:33:57,953 [pool-138-thread-1] INFO  server.RaftServerConfigKeys (ConfUtils.java:logGet(46)) - raft.server.log.force.sync.num = 128 (default)
2022-06-15 07:33:57,953 [pool-138-thread-1] INFO  server.RaftServerConfigKeys (ConfUtils.java:logGet(46)) - raft.server.log.statemachine.data.sync = true (default)
2022-06-15 07:33:57,954 [pool-138-thread-1] INFO  server.RaftServerConfigKeys (ConfUtils.java:logGet(46)) - raft.server.log.statemachine.data.sync.timeout = 10s (default)
2022-06-15 07:33:57,954 [pool-138-thread-1] INFO  server.RaftServerConfigKeys (ConfUtils.java:logGet(46)) - raft.server.log.statemachine.data.sync.timeout.retry = -1 (default)
2022-06-15 07:33:57,954 [EventQueue-OpenPipelineForHealthyPipelineSafeModeRule] INFO  safemode.SCMSafeModeManager (HealthyPipelineSafeModeRule.java:process(124)) - SCM in safe mode. Healthy pipelines reported count is 0, required healthy pipeline reported count is 1
2022-06-15 07:33:57,958 [pool-138-thread-1] INFO  server.RaftServerConfigKeys (ConfUtils.java:logGet(46)) - raft.server.log.write.buffer.size = 1048576 (custom)
2022-06-15 07:33:57,959 [pool-138-thread-1] INFO  server.RaftServerConfigKeys (ConfUtils.java:logGet(46)) - raft.server.log.unsafe-flush.enabled = false (default)
2022-06-15 07:33:57,959 [pool-138-thread-1] INFO  server.RaftServerConfigKeys (ConfUtils.java:logGet(46)) - raft.server.log.statemachine.data.caching.enabled = true (custom)
2022-06-15 07:33:57,959 [pool-138-thread-1] INFO  segmented.SegmentedRaftLogWorker (SegmentedRaftLogWorker.java:lambda$new$0(135)) - e547bcb9-eced-475a-8c61-963b1a05d208@group-2CE7181C3859-SegmentedRaftLogWorker: flushIndex: setUnconditionally 0 -> -1
2022-06-15 07:33:57,959 [pool-138-thread-1] INFO  segmented.SegmentedRaftLogWorker (SegmentedRaftLogWorker.java:lambda$new$0(135)) - e547bcb9-eced-475a-8c61-963b1a05d208@group-2CE7181C3859-SegmentedRaftLogWorker: safeCacheEvictIndex: setUnconditionally 0 -> -1
2022-06-15 07:33:57,959 [pool-138-thread-1] INFO  server.RaftServerConfigKeys (ConfUtils.java:logGet(46)) - raft.server.snapshot.auto.trigger.enabled = true (custom)
2022-06-15 07:33:57,959 [pool-138-thread-1] INFO  server.RaftServerConfigKeys (ConfUtils.java:logGet(46)) - raft.server.snapshot.auto.trigger.threshold = 1 (custom)
2022-06-15 07:33:57,959 [pool-138-thread-1] INFO  server.RaftServerConfigKeys (ConfUtils.java:logGet(46)) - raft.server.snapshot.retention.file.num = 5 (custom)
2022-06-15 07:33:57,959 [pool-138-thread-1] INFO  server.RaftServerConfigKeys (ConfUtils.java:logGet(46)) - raft.server.log.purge.upto.snapshot.index = false (default)
2022-06-15 07:33:57,960 [pool-138-thread-1] INFO  server.RaftServerConfigKeys (ConfUtils.java:logGet(46)) - raft.server.retrycache.expirytime = 600000ms (custom)
2022-06-15 07:33:57,960 [pool-138-thread-1] INFO  server.RaftServerConfigKeys (ConfUtils.java:logGet(46)) - raft.server.retrycache.statistics.expirytime = 100μs (default)
2022-06-15 07:33:57,961 [pool-138-thread-1] INFO  server.RaftServerConfigKeys (ConfUtils.java:logGet(46)) - raft.server.log.appender.install.snapshot.enabled = false (custom)
2022-06-15 07:33:57,961 [pool-138-thread-1] INFO  server.RaftServerConfigKeys (ConfUtils.java:logGet(46)) - raft.server.threadpool.server.cached = true (default)
2022-06-15 07:33:57,961 [pool-138-thread-1] INFO  server.RaftServerConfigKeys (ConfUtils.java:logGet(46)) - raft.server.threadpool.server.size = 0 (default)
2022-06-15 07:33:57,961 [pool-138-thread-1] INFO  server.RaftServerConfigKeys (ConfUtils.java:logGet(46)) - raft.server.threadpool.client.cached = true (default)
2022-06-15 07:33:57,961 [pool-138-thread-1] INFO  server.RaftServerConfigKeys (ConfUtils.java:logGet(46)) - raft.server.threadpool.client.size = 0 (default)
2022-06-15 07:33:57,961 [pool-138-thread-1] INFO  server.RaftServer$Division (RaftServerImpl.java:start(310)) - e547bcb9-eced-475a-8c61-963b1a05d208@group-2CE7181C3859: start as a follower, conf=-1: [e547bcb9-eced-475a-8c61-963b1a05d208|rpc:10.1.0.11:40217|priority:1], old=null
2022-06-15 07:33:57,961 [pool-138-thread-1] INFO  server.RaftServer$Division (RaftServerImpl.java:setRole(299)) - e547bcb9-eced-475a-8c61-963b1a05d208@group-2CE7181C3859: changes role from      null to FOLLOWER at term 0 for startAsFollower
2022-06-15 07:33:57,961 [pool-138-thread-1] INFO  impl.RoleInfo (RoleInfo.java:updateAndGet(139)) - e547bcb9-eced-475a-8c61-963b1a05d208: start e547bcb9-eced-475a-8c61-963b1a05d208@group-2CE7181C3859-FollowerState
2022-06-15 07:33:57,963 [pool-138-thread-1] INFO  util.JmxRegister (JmxRegister.java:tryRegister(44)) - Successfully registered JMX Bean with object name Ratis:service=RaftServer,group=group-2CE7181C3859,id=e547bcb9-eced-475a-8c61-963b1a05d208
2022-06-15 07:33:57,964 [Command processor thread] INFO  ratis.XceiverServerRatis (XceiverServerRatis.java:addGroup(765)) - Created group PipelineID=ff55ee45-48bd-4359-af8c-2ce7181c3859
2022-06-15 07:33:57,964 [Command processor thread] INFO  commandhandler.CreatePipelineCommandHandler (CreatePipelineCommandHandler.java:handle(113)) - Created Pipeline RATIS ONE PipelineID=ff55ee45-48bd-4359-af8c-2ce7181c3859.
2022-06-15 07:33:57,964 [Command processor thread] INFO  server.RaftServer (RaftServerProxy.java:addNew(96)) - e547bcb9-eced-475a-8c61-963b1a05d208: addNew group-F5409A33EF3A:[e547bcb9-eced-475a-8c61-963b1a05d208|rpc:10.1.0.11:40217|priority:0, b4f5d82c-04a6-4c81-89bd-99aee48f7148|rpc:10.1.0.11:43229|priority:0, 7bb1eb80-c113-41fd-8e62-543e67410fa1|rpc:10.1.0.11:37245|priority:1] returns group-F5409A33EF3A:java.util.concurrent.CompletableFuture@4061774f[Not completed]
2022-06-15 07:33:57,965 [pool-138-thread-1] INFO  server.RaftServer$Division (RaftServerImpl.java:<init>(190)) - e547bcb9-eced-475a-8c61-963b1a05d208: new RaftServerImpl for group-F5409A33EF3A:[e547bcb9-eced-475a-8c61-963b1a05d208|rpc:10.1.0.11:40217|priority:0, b4f5d82c-04a6-4c81-89bd-99aee48f7148|rpc:10.1.0.11:43229|priority:0, 7bb1eb80-c113-41fd-8e62-543e67410fa1|rpc:10.1.0.11:37245|priority:1] with ContainerStateMachine:uninitialized
2022-06-15 07:33:57,965 [pool-138-thread-1] INFO  server.RaftServerConfigKeys (ConfUtils.java:logGet(46)) - raft.server.rpc.timeout.min = 5s (custom)
2022-06-15 07:33:57,966 [pool-138-thread-1] INFO  server.RaftServerConfigKeys (ConfUtils.java:logGet(46)) - raft.server.rpc.timeout.max = 5200ms (custom)
2022-06-15 07:33:57,966 [pool-138-thread-1] INFO  server.RaftServerConfigKeys (ConfUtils.java:logGet(46)) - raft.server.rpc.sleep.time = 25ms (default)
2022-06-15 07:33:57,966 [pool-138-thread-1] INFO  server.RaftServerConfigKeys (ConfUtils.java:logGet(46)) - raft.server.rpc.slowness.timeout = 300000ms (custom)
2022-06-15 07:33:57,966 [pool-138-thread-1] INFO  server.RaftServerConfigKeys (ConfUtils.java:logGet(46)) - raft.server.leaderelection.leader.step-down.wait-time = 10s (default)
2022-06-15 07:33:57,966 [pool-138-thread-1] INFO  server.RaftServerConfigKeys (ConfUtils.java:logGet(46)) - raft.server.sleep.deviation.threshold = 300ms (default)
2022-06-15 07:33:57,966 [pool-138-thread-1] INFO  server.RaftServer$Division (ServerState.java:<init>(107)) - e547bcb9-eced-475a-8c61-963b1a05d208@group-F5409A33EF3A: ConfigurationManager, init=-1: [e547bcb9-eced-475a-8c61-963b1a05d208|rpc:10.1.0.11:40217|priority:0, b4f5d82c-04a6-4c81-89bd-99aee48f7148|rpc:10.1.0.11:43229|priority:0, 7bb1eb80-c113-41fd-8e62-543e67410fa1|rpc:10.1.0.11:37245|priority:1], old=null, confs=<EMPTY_MAP>
2022-06-15 07:33:57,966 [pool-138-thread-1] INFO  server.RaftServerConfigKeys (ConfUtils.java:logGet(46)) - raft.server.storage.dir = [/home/runner/work/ozone/ozone/hadoop-ozone/integration-test/target/test-dir/MiniOzoneClusterImpl-589494f2-24de-4a8c-8650-9a890bc48d46/datanode-3/data/ratis] (custom)
2022-06-15 07:33:57,966 [pool-138-thread-1] INFO  server.RaftServerConfigKeys (ConfUtils.java:logGet(46)) - raft.server.log.corruption.policy = EXCEPTION (default)
2022-06-15 07:33:57,966 [pool-138-thread-1] INFO  server.RaftServerConfigKeys (ConfUtils.java:logGet(46)) - raft.server.storage.free-space.min = 0MB (=0) (default)
2022-06-15 07:33:57,966 [pool-138-thread-1] INFO  storage.RaftStorageDirectory (RaftStorageDirectoryImpl.java:analyzeStorage(135)) - The storage directory /home/runner/work/ozone/ozone/hadoop-ozone/integration-test/target/test-dir/MiniOzoneClusterImpl-589494f2-24de-4a8c-8650-9a890bc48d46/datanode-3/data/ratis/23d08045-b382-4fa8-b6c5-f5409a33ef3a does not exist. Creating ...
2022-06-15 07:33:57,968 [pool-138-thread-1] INFO  storage.RaftStorageDirectory (RaftStorageDirectoryImpl.java:tryLock(230)) - Lock on /home/runner/work/ozone/ozone/hadoop-ozone/integration-test/target/test-dir/MiniOzoneClusterImpl-589494f2-24de-4a8c-8650-9a890bc48d46/datanode-3/data/ratis/23d08045-b382-4fa8-b6c5-f5409a33ef3a/in_use.lock acquired by nodename 5140@fv-az121-418
2022-06-15 07:33:57,969 [pool-138-thread-1] INFO  storage.RaftStorage (RaftStorageImpl.java:format(89)) - Storage directory /home/runner/work/ozone/ozone/hadoop-ozone/integration-test/target/test-dir/MiniOzoneClusterImpl-589494f2-24de-4a8c-8650-9a890bc48d46/datanode-3/data/ratis/23d08045-b382-4fa8-b6c5-f5409a33ef3a has been successfully formatted.
2022-06-15 07:33:57,970 [pool-138-thread-1] INFO  ratis.ContainerStateMachine (ContainerStateMachine.java:loadSnapshot(236)) - group-F5409A33EF3A: The snapshot info is null. Setting the last applied indexto:(t:0, i:~)
2022-06-15 07:33:57,970 [EventQueue-OpenPipelineForHealthyPipelineSafeModeRule] INFO  safemode.SCMSafeModeManager (HealthyPipelineSafeModeRule.java:process(124)) - SCM in safe mode. Healthy pipelines reported count is 0, required healthy pipeline reported count is 1
2022-06-15 07:33:57,971 [EventQueue-OpenPipelineForHealthyPipelineSafeModeRule] INFO  safemode.SCMSafeModeManager (HealthyPipelineSafeModeRule.java:process(124)) - SCM in safe mode. Healthy pipelines reported count is 0, required healthy pipeline reported count is 1
2022-06-15 07:33:57,971 [pool-138-thread-1] INFO  server.RaftServerConfigKeys (ConfUtils.java:logGet(46)) - raft.server.notification.no-leader.timeout = 300000ms (custom)
2022-06-15 07:33:57,971 [pool-138-thread-1] INFO  server.RaftServerConfigKeys (ConfUtils.java:logGet(46)) - raft.server.log.use.memory = false (default)
2022-06-15 07:33:57,971 [pool-138-thread-1] INFO  server.RaftServerConfigKeys (ConfUtils.java:logGet(46)) - raft.server.log.purge.gap = 1000000 (custom)
2022-06-15 07:33:57,971 [pool-138-thread-1] INFO  server.RaftServerConfigKeys (ConfUtils.java:logGet(46)) - raft.server.log.appender.buffer.byte-limit = 33554432 (custom)
2022-06-15 07:33:57,972 [pool-138-thread-1] INFO  server.RaftServerConfigKeys (ConfUtils.java:logGet(46)) - raft.server.log.statemachine.data.read.timeout = 1000ms (default)
2022-06-15 07:33:57,972 [pool-138-thread-1] INFO  server.RaftServerConfigKeys (ConfUtils.java:logGet(46)) - raft.server.log.segment.size.max = 1048576 (custom)
2022-06-15 07:33:57,972 [pool-138-thread-1] INFO  server.RaftServerConfigKeys (ConfUtils.java:logGet(46)) - raft.server.log.segment.cache.num.max = 2 (custom)
2022-06-15 07:33:57,972 [pool-138-thread-1] INFO  server.RaftServerConfigKeys (ConfUtils.java:logGet(46)) - raft.server.log.segment.cache.size.max = 200MB (=209715200) (default)
2022-06-15 07:33:57,972 [pool-138-thread-1] INFO  segmented.SegmentedRaftLogWorker (SegmentedRaftLogWorker.java:<init>(187)) - new e547bcb9-eced-475a-8c61-963b1a05d208@group-F5409A33EF3A-SegmentedRaftLogWorker for RaftStorageImpl:Storage Directory /home/runner/work/ozone/ozone/hadoop-ozone/integration-test/target/test-dir/MiniOzoneClusterImpl-589494f2-24de-4a8c-8650-9a890bc48d46/datanode-3/data/ratis/23d08045-b382-4fa8-b6c5-f5409a33ef3a
2022-06-15 07:33:57,972 [pool-138-thread-1] INFO  server.RaftServerConfigKeys (ConfUtils.java:logGet(46)) - raft.server.log.queue.byte-limit = 4294967296 (custom)
2022-06-15 07:33:57,972 [pool-138-thread-1] INFO  server.RaftServerConfigKeys (ConfUtils.java:logGet(46)) - raft.server.log.queue.element-limit = 1024 (custom)
2022-06-15 07:33:57,972 [pool-138-thread-1] INFO  server.RaftServerConfigKeys (ConfUtils.java:logGet(46)) - raft.server.log.segment.size.max = 1048576 (custom)
2022-06-15 07:33:57,972 [pool-138-thread-1] INFO  server.RaftServerConfigKeys (ConfUtils.java:logGet(46)) - raft.server.log.preallocated.size = 16384 (custom)
2022-06-15 07:33:57,972 [pool-138-thread-1] INFO  server.RaftServerConfigKeys (ConfUtils.java:logGet(46)) - raft.server.log.force.sync.num = 128 (default)
2022-06-15 07:33:57,972 [pool-138-thread-1] INFO  server.RaftServerConfigKeys (ConfUtils.java:logGet(46)) - raft.server.log.statemachine.data.sync = true (default)
2022-06-15 07:33:57,973 [pool-138-thread-1] INFO  server.RaftServerConfigKeys (ConfUtils.java:logGet(46)) - raft.server.log.statemachine.data.sync.timeout = 10s (default)
2022-06-15 07:33:57,973 [pool-138-thread-1] INFO  server.RaftServerConfigKeys (ConfUtils.java:logGet(46)) - raft.server.log.statemachine.data.sync.timeout.retry = -1 (default)
2022-06-15 07:33:57,973 [pool-138-thread-1] INFO  server.RaftServerConfigKeys (ConfUtils.java:logGet(46)) - raft.server.log.write.buffer.size = 1048576 (custom)
2022-06-15 07:33:57,974 [pool-138-thread-1] INFO  server.RaftServerConfigKeys (ConfUtils.java:logGet(46)) - raft.server.log.unsafe-flush.enabled = false (default)
2022-06-15 07:33:57,974 [pool-138-thread-1] INFO  server.RaftServerConfigKeys (ConfUtils.java:logGet(46)) - raft.server.log.statemachine.data.caching.enabled = true (custom)
2022-06-15 07:33:57,974 [pool-138-thread-1] INFO  segmented.SegmentedRaftLogWorker (SegmentedRaftLogWorker.java:lambda$new$0(135)) - e547bcb9-eced-475a-8c61-963b1a05d208@group-F5409A33EF3A-SegmentedRaftLogWorker: flushIndex: setUnconditionally 0 -> -1
2022-06-15 07:33:57,975 [pool-138-thread-1] INFO  segmented.SegmentedRaftLogWorker (SegmentedRaftLogWorker.java:lambda$new$0(135)) - e547bcb9-eced-475a-8c61-963b1a05d208@group-F5409A33EF3A-SegmentedRaftLogWorker: safeCacheEvictIndex: setUnconditionally 0 -> -1
2022-06-15 07:33:57,975 [pool-138-thread-1] INFO  server.RaftServerConfigKeys (ConfUtils.java:logGet(46)) - raft.server.snapshot.auto.trigger.enabled = true (custom)
2022-06-15 07:33:57,975 [pool-138-thread-1] INFO  server.RaftServerConfigKeys (ConfUtils.java:logGet(46)) - raft.server.snapshot.auto.trigger.threshold = 1 (custom)
2022-06-15 07:33:57,975 [pool-138-thread-1] INFO  server.RaftServerConfigKeys (ConfUtils.java:logGet(46)) - raft.server.snapshot.retention.file.num = 5 (custom)
2022-06-15 07:33:57,975 [pool-138-thread-1] INFO  server.RaftServerConfigKeys (ConfUtils.java:logGet(46)) - raft.server.log.purge.upto.snapshot.index = false (default)
2022-06-15 07:33:57,975 [pool-138-thread-1] INFO  server.RaftServerConfigKeys (ConfUtils.java:logGet(46)) - raft.server.retrycache.expirytime = 600000ms (custom)
2022-06-15 07:33:57,975 [pool-138-thread-1] INFO  server.RaftServerConfigKeys (ConfUtils.java:logGet(46)) - raft.server.retrycache.statistics.expirytime = 100μs (default)
2022-06-15 07:33:57,976 [pool-138-thread-1] INFO  server.RaftServerConfigKeys (ConfUtils.java:logGet(46)) - raft.server.log.appender.install.snapshot.enabled = false (custom)
2022-06-15 07:33:57,976 [pool-138-thread-1] INFO  server.RaftServerConfigKeys (ConfUtils.java:logGet(46)) - raft.server.threadpool.server.cached = true (default)
2022-06-15 07:33:57,976 [pool-138-thread-1] INFO  server.RaftServerConfigKeys (ConfUtils.java:logGet(46)) - raft.server.threadpool.server.size = 0 (default)
2022-06-15 07:33:57,976 [pool-138-thread-1] INFO  server.RaftServerConfigKeys (ConfUtils.java:logGet(46)) - raft.server.threadpool.client.cached = true (default)
2022-06-15 07:33:57,976 [pool-138-thread-1] INFO  server.RaftServerConfigKeys (ConfUtils.java:logGet(46)) - raft.server.threadpool.client.size = 0 (default)
2022-06-15 07:33:57,976 [pool-138-thread-1] INFO  server.RaftServer$Division (RaftServerImpl.java:start(310)) - e547bcb9-eced-475a-8c61-963b1a05d208@group-F5409A33EF3A: start as a follower, conf=-1: [e547bcb9-eced-475a-8c61-963b1a05d208|rpc:10.1.0.11:40217|priority:0, b4f5d82c-04a6-4c81-89bd-99aee48f7148|rpc:10.1.0.11:43229|priority:0, 7bb1eb80-c113-41fd-8e62-543e67410fa1|rpc:10.1.0.11:37245|priority:1], old=null
2022-06-15 07:33:57,977 [pool-138-thread-1] INFO  server.RaftServer$Division (RaftServerImpl.java:setRole(299)) - e547bcb9-eced-475a-8c61-963b1a05d208@group-F5409A33EF3A: changes role from      null to FOLLOWER at term 0 for startAsFollower
2022-06-15 07:33:57,977 [pool-138-thread-1] INFO  impl.RoleInfo (RoleInfo.java:updateAndGet(139)) - e547bcb9-eced-475a-8c61-963b1a05d208: start e547bcb9-eced-475a-8c61-963b1a05d208@group-F5409A33EF3A-FollowerState
2022-06-15 07:33:57,977 [pool-138-thread-1] INFO  util.JmxRegister (JmxRegister.java:tryRegister(44)) - Successfully registered JMX Bean with object name Ratis:service=RaftServer,group=group-F5409A33EF3A,id=e547bcb9-eced-475a-8c61-963b1a05d208
2022-06-15 07:33:57,978 [Command processor thread] INFO  ratis.XceiverServerRatis (XceiverServerRatis.java:addGroup(765)) - Created group PipelineID=23d08045-b382-4fa8-b6c5-f5409a33ef3a
2022-06-15 07:33:57,994 [grpc-default-executor-0] INFO  server.RaftServer (RaftServerProxy.java:addNew(96)) - b4f5d82c-04a6-4c81-89bd-99aee48f7148: addNew group-F5409A33EF3A:[e547bcb9-eced-475a-8c61-963b1a05d208|rpc:10.1.0.11:40217|dataStream:|priority:0, b4f5d82c-04a6-4c81-89bd-99aee48f7148|rpc:10.1.0.11:43229|dataStream:|priority:0, 7bb1eb80-c113-41fd-8e62-543e67410fa1|rpc:10.1.0.11:37245|dataStream:|priority:1] returns group-F5409A33EF3A:java.util.concurrent.CompletableFuture@6fbcbe6b[Not completed]
2022-06-15 07:33:57,997 [pool-182-thread-1] INFO  server.RaftServer$Division (RaftServerImpl.java:<init>(190)) - b4f5d82c-04a6-4c81-89bd-99aee48f7148: new RaftServerImpl for group-F5409A33EF3A:[e547bcb9-eced-475a-8c61-963b1a05d208|rpc:10.1.0.11:40217|dataStream:|priority:0, b4f5d82c-04a6-4c81-89bd-99aee48f7148|rpc:10.1.0.11:43229|dataStream:|priority:0, 7bb1eb80-c113-41fd-8e62-543e67410fa1|rpc:10.1.0.11:37245|dataStream:|priority:1] with ContainerStateMachine:uninitialized
2022-06-15 07:33:57,997 [pool-182-thread-1] INFO  server.RaftServerConfigKeys (ConfUtils.java:logGet(46)) - raft.server.rpc.timeout.min = 5s (custom)
2022-06-15 07:33:57,997 [pool-182-thread-1] INFO  server.RaftServerConfigKeys (ConfUtils.java:logGet(46)) - raft.server.rpc.timeout.max = 5200ms (custom)
2022-06-15 07:33:57,997 [pool-182-thread-1] INFO  server.RaftServerConfigKeys (ConfUtils.java:logGet(46)) - raft.server.rpc.sleep.time = 25ms (default)
2022-06-15 07:33:57,997 [pool-182-thread-1] INFO  server.RaftServerConfigKeys (ConfUtils.java:logGet(46)) - raft.server.rpc.slowness.timeout = 300000ms (custom)
2022-06-15 07:33:57,997 [pool-182-thread-1] INFO  server.RaftServerConfigKeys (ConfUtils.java:logGet(46)) - raft.server.leaderelection.leader.step-down.wait-time = 10s (default)
2022-06-15 07:33:57,997 [pool-182-thread-1] INFO  server.RaftServerConfigKeys (ConfUtils.java:logGet(46)) - raft.server.sleep.deviation.threshold = 300ms (default)
2022-06-15 07:33:57,997 [pool-182-thread-1] INFO  server.RaftServer$Division (ServerState.java:<init>(107)) - b4f5d82c-04a6-4c81-89bd-99aee48f7148@group-F5409A33EF3A: ConfigurationManager, init=-1: [e547bcb9-eced-475a-8c61-963b1a05d208|rpc:10.1.0.11:40217|dataStream:|priority:0, b4f5d82c-04a6-4c81-89bd-99aee48f7148|rpc:10.1.0.11:43229|dataStream:|priority:0, 7bb1eb80-c113-41fd-8e62-543e67410fa1|rpc:10.1.0.11:37245|dataStream:|priority:1], old=null, confs=<EMPTY_MAP>
2022-06-15 07:33:57,997 [pool-182-thread-1] INFO  server.RaftServerConfigKeys (ConfUtils.java:logGet(46)) - raft.server.storage.dir = [/home/runner/work/ozone/ozone/hadoop-ozone/integration-test/target/test-dir/MiniOzoneClusterImpl-589494f2-24de-4a8c-8650-9a890bc48d46/datanode-5/data/ratis] (custom)
2022-06-15 07:33:57,997 [pool-182-thread-1] INFO  server.RaftServerConfigKeys (ConfUtils.java:logGet(46)) - raft.server.log.corruption.policy = EXCEPTION (default)
2022-06-15 07:33:57,997 [pool-182-thread-1] INFO  server.RaftServerConfigKeys (ConfUtils.java:logGet(46)) - raft.server.storage.free-space.min = 0MB (=0) (default)
2022-06-15 07:33:57,997 [pool-182-thread-1] INFO  storage.RaftStorageDirectory (RaftStorageDirectoryImpl.java:analyzeStorage(135)) - The storage directory /home/runner/work/ozone/ozone/hadoop-ozone/integration-test/target/test-dir/MiniOzoneClusterImpl-589494f2-24de-4a8c-8650-9a890bc48d46/datanode-5/data/ratis/23d08045-b382-4fa8-b6c5-f5409a33ef3a does not exist. Creating ...
2022-06-15 07:33:57,999 [pool-182-thread-1] INFO  storage.RaftStorageDirectory (RaftStorageDirectoryImpl.java:tryLock(230)) - Lock on /home/runner/work/ozone/ozone/hadoop-ozone/integration-test/target/test-dir/MiniOzoneClusterImpl-589494f2-24de-4a8c-8650-9a890bc48d46/datanode-5/data/ratis/23d08045-b382-4fa8-b6c5-f5409a33ef3a/in_use.lock acquired by nodename 5140@fv-az121-418
2022-06-15 07:33:58,000 [pool-182-thread-1] INFO  storage.RaftStorage (RaftStorageImpl.java:format(89)) - Storage directory /home/runner/work/ozone/ozone/hadoop-ozone/integration-test/target/test-dir/MiniOzoneClusterImpl-589494f2-24de-4a8c-8650-9a890bc48d46/datanode-5/data/ratis/23d08045-b382-4fa8-b6c5-f5409a33ef3a has been successfully formatted.
2022-06-15 07:33:58,000 [pool-182-thread-1] INFO  ratis.ContainerStateMachine (ContainerStateMachine.java:loadSnapshot(236)) - group-F5409A33EF3A: The snapshot info is null. Setting the last applied indexto:(t:0, i:~)
2022-06-15 07:33:58,000 [pool-182-thread-1] INFO  server.RaftServerConfigKeys (ConfUtils.java:logGet(46)) - raft.server.notification.no-leader.timeout = 300000ms (custom)
2022-06-15 07:33:58,000 [pool-182-thread-1] INFO  server.RaftServerConfigKeys (ConfUtils.java:logGet(46)) - raft.server.log.use.memory = false (default)
2022-06-15 07:33:58,000 [pool-182-thread-1] INFO  server.RaftServerConfigKeys (ConfUtils.java:logGet(46)) - raft.server.log.purge.gap = 1000000 (custom)
2022-06-15 07:33:58,000 [pool-182-thread-1] INFO  server.RaftServerConfigKeys (ConfUtils.java:logGet(46)) - raft.server.log.appender.buffer.byte-limit = 33554432 (custom)
2022-06-15 07:33:58,000 [pool-182-thread-1] INFO  server.RaftServerConfigKeys (ConfUtils.java:logGet(46)) - raft.server.log.statemachine.data.read.timeout = 1000ms (default)
2022-06-15 07:33:58,001 [pool-182-thread-1] INFO  server.RaftServerConfigKeys (ConfUtils.java:logGet(46)) - raft.server.log.segment.size.max = 1048576 (custom)
2022-06-15 07:33:58,001 [pool-182-thread-1] INFO  server.RaftServerConfigKeys (ConfUtils.java:logGet(46)) - raft.server.log.segment.cache.num.max = 2 (custom)
2022-06-15 07:33:58,001 [pool-182-thread-1] INFO  server.RaftServerConfigKeys (ConfUtils.java:logGet(46)) - raft.server.log.segment.cache.size.max = 200MB (=209715200) (default)
2022-06-15 07:33:58,001 [pool-182-thread-1] INFO  segmented.SegmentedRaftLogWorker (SegmentedRaftLogWorker.java:<init>(187)) - new b4f5d82c-04a6-4c81-89bd-99aee48f7148@group-F5409A33EF3A-SegmentedRaftLogWorker for RaftStorageImpl:Storage Directory /home/runner/work/ozone/ozone/hadoop-ozone/integration-test/target/test-dir/MiniOzoneClusterImpl-589494f2-24de-4a8c-8650-9a890bc48d46/datanode-5/data/ratis/23d08045-b382-4fa8-b6c5-f5409a33ef3a
2022-06-15 07:33:58,001 [pool-182-thread-1] INFO  server.RaftServerConfigKeys (ConfUtils.java:logGet(46)) - raft.server.log.queue.byte-limit = 4294967296 (custom)
2022-06-15 07:33:58,001 [pool-182-thread-1] INFO  server.RaftServerConfigKeys (ConfUtils.java:logGet(46)) - raft.server.log.queue.element-limit = 1024 (custom)
2022-06-15 07:33:58,001 [pool-182-thread-1] INFO  server.RaftServerConfigKeys (ConfUtils.java:logGet(46)) - raft.server.log.segment.size.max = 1048576 (custom)
2022-06-15 07:33:58,001 [pool-182-thread-1] INFO  server.RaftServerConfigKeys (ConfUtils.java:logGet(46)) - raft.server.log.preallocated.size = 16384 (custom)
2022-06-15 07:33:58,001 [pool-182-thread-1] INFO  server.RaftServerConfigKeys (ConfUtils.java:logGet(46)) - raft.server.log.force.sync.num = 128 (default)
2022-06-15 07:33:58,002 [pool-182-thread-1] INFO  server.RaftServerConfigKeys (ConfUtils.java:logGet(46)) - raft.server.log.statemachine.data.sync = true (default)
2022-06-15 07:33:58,002 [pool-182-thread-1] INFO  server.RaftServerConfigKeys (ConfUtils.java:logGet(46)) - raft.server.log.statemachine.data.sync.timeout = 10s (default)
2022-06-15 07:33:58,002 [pool-182-thread-1] INFO  server.RaftServerConfigKeys (ConfUtils.java:logGet(46)) - raft.server.log.statemachine.data.sync.timeout.retry = -1 (default)
2022-06-15 07:33:58,004 [pool-182-thread-1] INFO  server.RaftServerConfigKeys (ConfUtils.java:logGet(46)) - raft.server.log.write.buffer.size = 1048576 (custom)
2022-06-15 07:33:58,004 [pool-182-thread-1] INFO  server.RaftServerConfigKeys (ConfUtils.java:logGet(46)) - raft.server.log.unsafe-flush.enabled = false (default)
2022-06-15 07:33:58,004 [pool-182-thread-1] INFO  server.RaftServerConfigKeys (ConfUtils.java:logGet(46)) - raft.server.log.statemachine.data.caching.enabled = true (custom)
2022-06-15 07:33:58,004 [pool-182-thread-1] INFO  segmented.SegmentedRaftLogWorker (SegmentedRaftLogWorker.java:lambda$new$0(135)) - b4f5d82c-04a6-4c81-89bd-99aee48f7148@group-F5409A33EF3A-SegmentedRaftLogWorker: flushIndex: setUnconditionally 0 -> -1
2022-06-15 07:33:58,005 [pool-182-thread-1] INFO  segmented.SegmentedRaftLogWorker (SegmentedRaftLogWorker.java:lambda$new$0(135)) - b4f5d82c-04a6-4c81-89bd-99aee48f7148@group-F5409A33EF3A-SegmentedRaftLogWorker: safeCacheEvictIndex: setUnconditionally 0 -> -1
2022-06-15 07:33:58,005 [pool-182-thread-1] INFO  server.RaftServerConfigKeys (ConfUtils.java:logGet(46)) - raft.server.snapshot.auto.trigger.enabled = true (custom)
2022-06-15 07:33:58,005 [pool-182-thread-1] INFO  server.RaftServerConfigKeys (ConfUtils.java:logGet(46)) - raft.server.snapshot.auto.trigger.threshold = 1 (custom)
2022-06-15 07:33:58,005 [pool-182-thread-1] INFO  server.RaftServerConfigKeys (ConfUtils.java:logGet(46)) - raft.server.snapshot.retention.file.num = 5 (custom)
2022-06-15 07:33:58,005 [pool-182-thread-1] INFO  server.RaftServerConfigKeys (ConfUtils.java:logGet(46)) - raft.server.log.purge.upto.snapshot.index = false (default)
2022-06-15 07:33:58,005 [pool-182-thread-1] INFO  server.RaftServerConfigKeys (ConfUtils.java:logGet(46)) - raft.server.retrycache.expirytime = 600000ms (custom)
2022-06-15 07:33:58,005 [pool-182-thread-1] INFO  server.RaftServerConfigKeys (ConfUtils.java:logGet(46)) - raft.server.retrycache.statistics.expirytime = 100μs (default)
2022-06-15 07:33:58,013 [pool-182-thread-1] INFO  server.RaftServerConfigKeys (ConfUtils.java:logGet(46)) - raft.server.log.appender.install.snapshot.enabled = false (custom)
2022-06-15 07:33:58,013 [pool-182-thread-1] INFO  server.RaftServerConfigKeys (ConfUtils.java:logGet(46)) - raft.server.threadpool.server.cached = true (default)
2022-06-15 07:33:58,013 [pool-182-thread-1] INFO  server.RaftServerConfigKeys (ConfUtils.java:logGet(46)) - raft.server.threadpool.server.size = 0 (default)
2022-06-15 07:33:58,013 [pool-182-thread-1] INFO  server.RaftServerConfigKeys (ConfUtils.java:logGet(46)) - raft.server.threadpool.client.cached = true (default)
2022-06-15 07:33:58,013 [pool-182-thread-1] INFO  server.RaftServerConfigKeys (ConfUtils.java:logGet(46)) - raft.server.threadpool.client.size = 0 (default)
2022-06-15 07:33:58,013 [pool-182-thread-1] INFO  server.RaftServer$Division (RaftServerImpl.java:start(310)) - b4f5d82c-04a6-4c81-89bd-99aee48f7148@group-F5409A33EF3A: start as a follower, conf=-1: [e547bcb9-eced-475a-8c61-963b1a05d208|rpc:10.1.0.11:40217|dataStream:|priority:0, b4f5d82c-04a6-4c81-89bd-99aee48f7148|rpc:10.1.0.11:43229|dataStream:|priority:0, 7bb1eb80-c113-41fd-8e62-543e67410fa1|rpc:10.1.0.11:37245|dataStream:|priority:1], old=null
2022-06-15 07:33:58,013 [pool-182-thread-1] INFO  server.RaftServer$Division (RaftServerImpl.java:setRole(299)) - b4f5d82c-04a6-4c81-89bd-99aee48f7148@group-F5409A33EF3A: changes role from      null to FOLLOWER at term 0 for startAsFollower
2022-06-15 07:33:58,013 [pool-182-thread-1] INFO  impl.RoleInfo (RoleInfo.java:updateAndGet(139)) - b4f5d82c-04a6-4c81-89bd-99aee48f7148: start b4f5d82c-04a6-4c81-89bd-99aee48f7148@group-F5409A33EF3A-FollowerState
2022-06-15 07:33:58,014 [pool-182-thread-1] INFO  util.JmxRegister (JmxRegister.java:tryRegister(44)) - Successfully registered JMX Bean with object name Ratis:service=RaftServer,group=group-F5409A33EF3A,id=b4f5d82c-04a6-4c81-89bd-99aee48f7148
2022-06-15 07:33:58,040 [grpc-default-executor-0] INFO  server.RaftServer (RaftServerProxy.java:addNew(96)) - 7bb1eb80-c113-41fd-8e62-543e67410fa1: addNew group-F5409A33EF3A:[e547bcb9-eced-475a-8c61-963b1a05d208|rpc:10.1.0.11:40217|dataStream:|priority:0, b4f5d82c-04a6-4c81-89bd-99aee48f7148|rpc:10.1.0.11:43229|dataStream:|priority:0, 7bb1eb80-c113-41fd-8e62-543e67410fa1|rpc:10.1.0.11:37245|dataStream:|priority:1] returns group-F5409A33EF3A:java.util.concurrent.CompletableFuture@1adeecce[Not completed]
2022-06-15 07:33:58,043 [pool-160-thread-1] INFO  server.RaftServer$Division (RaftServerImpl.java:<init>(190)) - 7bb1eb80-c113-41fd-8e62-543e67410fa1: new RaftServerImpl for group-F5409A33EF3A:[e547bcb9-eced-475a-8c61-963b1a05d208|rpc:10.1.0.11:40217|dataStream:|priority:0, b4f5d82c-04a6-4c81-89bd-99aee48f7148|rpc:10.1.0.11:43229|dataStream:|priority:0, 7bb1eb80-c113-41fd-8e62-543e67410fa1|rpc:10.1.0.11:37245|dataStream:|priority:1] with ContainerStateMachine:uninitialized
2022-06-15 07:33:58,043 [pool-160-thread-1] INFO  server.RaftServerConfigKeys (ConfUtils.java:logGet(46)) - raft.server.rpc.timeout.min = 5s (custom)
2022-06-15 07:33:58,043 [pool-160-thread-1] INFO  server.RaftServerConfigKeys (ConfUtils.java:logGet(46)) - raft.server.rpc.timeout.max = 5200ms (custom)
2022-06-15 07:33:58,043 [pool-160-thread-1] INFO  server.RaftServerConfigKeys (ConfUtils.java:logGet(46)) - raft.server.rpc.sleep.time = 25ms (default)
2022-06-15 07:33:58,043 [pool-160-thread-1] INFO  server.RaftServerConfigKeys (ConfUtils.java:logGet(46)) - raft.server.rpc.slowness.timeout = 300000ms (custom)
2022-06-15 07:33:58,043 [pool-160-thread-1] INFO  server.RaftServerConfigKeys (ConfUtils.java:logGet(46)) - raft.server.leaderelection.leader.step-down.wait-time = 10s (default)
2022-06-15 07:33:58,043 [pool-160-thread-1] INFO  server.RaftServerConfigKeys (ConfUtils.java:logGet(46)) - raft.server.sleep.deviation.threshold = 300ms (default)
2022-06-15 07:33:58,043 [pool-160-thread-1] INFO  server.RaftServer$Division (ServerState.java:<init>(107)) - 7bb1eb80-c113-41fd-8e62-543e67410fa1@group-F5409A33EF3A: ConfigurationManager, init=-1: [e547bcb9-eced-475a-8c61-963b1a05d208|rpc:10.1.0.11:40217|dataStream:|priority:0, b4f5d82c-04a6-4c81-89bd-99aee48f7148|rpc:10.1.0.11:43229|dataStream:|priority:0, 7bb1eb80-c113-41fd-8e62-543e67410fa1|rpc:10.1.0.11:37245|dataStream:|priority:1], old=null, confs=<EMPTY_MAP>
2022-06-15 07:33:58,043 [pool-160-thread-1] INFO  server.RaftServerConfigKeys (ConfUtils.java:logGet(46)) - raft.server.storage.dir = [/home/runner/work/ozone/ozone/hadoop-ozone/integration-test/target/test-dir/MiniOzoneClusterImpl-589494f2-24de-4a8c-8650-9a890bc48d46/datanode-4/data/ratis] (custom)
2022-06-15 07:33:58,044 [pool-160-thread-1] INFO  server.RaftServerConfigKeys (ConfUtils.java:logGet(46)) - raft.server.log.corruption.policy = EXCEPTION (default)
2022-06-15 07:33:58,044 [pool-160-thread-1] INFO  server.RaftServerConfigKeys (ConfUtils.java:logGet(46)) - raft.server.storage.free-space.min = 0MB (=0) (default)
2022-06-15 07:33:58,044 [pool-160-thread-1] INFO  storage.RaftStorageDirectory (RaftStorageDirectoryImpl.java:analyzeStorage(135)) - The storage directory /home/runner/work/ozone/ozone/hadoop-ozone/integration-test/target/test-dir/MiniOzoneClusterImpl-589494f2-24de-4a8c-8650-9a890bc48d46/datanode-4/data/ratis/23d08045-b382-4fa8-b6c5-f5409a33ef3a does not exist. Creating ...
2022-06-15 07:33:58,048 [pool-160-thread-1] INFO  storage.RaftStorageDirectory (RaftStorageDirectoryImpl.java:tryLock(230)) - Lock on /home/runner/work/ozone/ozone/hadoop-ozone/integration-test/target/test-dir/MiniOzoneClusterImpl-589494f2-24de-4a8c-8650-9a890bc48d46/datanode-4/data/ratis/23d08045-b382-4fa8-b6c5-f5409a33ef3a/in_use.lock acquired by nodename 5140@fv-az121-418
2022-06-15 07:33:58,050 [pool-160-thread-1] INFO  storage.RaftStorage (RaftStorageImpl.java:format(89)) - Storage directory /home/runner/work/ozone/ozone/hadoop-ozone/integration-test/target/test-dir/MiniOzoneClusterImpl-589494f2-24de-4a8c-8650-9a890bc48d46/datanode-4/data/ratis/23d08045-b382-4fa8-b6c5-f5409a33ef3a has been successfully formatted.
2022-06-15 07:33:58,050 [pool-160-thread-1] INFO  ratis.ContainerStateMachine (ContainerStateMachine.java:loadSnapshot(236)) - group-F5409A33EF3A: The snapshot info is null. Setting the last applied indexto:(t:0, i:~)
2022-06-15 07:33:58,050 [pool-160-thread-1] INFO  server.RaftServerConfigKeys (ConfUtils.java:logGet(46)) - raft.server.notification.no-leader.timeout = 300000ms (custom)
2022-06-15 07:33:58,050 [pool-160-thread-1] INFO  server.RaftServerConfigKeys (ConfUtils.java:logGet(46)) - raft.server.log.use.memory = false (default)
2022-06-15 07:33:58,050 [pool-160-thread-1] INFO  server.RaftServerConfigKeys (ConfUtils.java:logGet(46)) - raft.server.log.purge.gap = 1000000 (custom)
2022-06-15 07:33:58,050 [pool-160-thread-1] INFO  server.RaftServerConfigKeys (ConfUtils.java:logGet(46)) - raft.server.log.appender.buffer.byte-limit = 33554432 (custom)
2022-06-15 07:33:58,050 [pool-160-thread-1] INFO  server.RaftServerConfigKeys (ConfUtils.java:logGet(46)) - raft.server.log.statemachine.data.read.timeout = 1000ms (default)
2022-06-15 07:33:58,050 [pool-160-thread-1] INFO  server.RaftServerConfigKeys (ConfUtils.java:logGet(46)) - raft.server.log.segment.size.max = 1048576 (custom)
2022-06-15 07:33:58,051 [pool-160-thread-1] INFO  server.RaftServerConfigKeys (ConfUtils.java:logGet(46)) - raft.server.log.segment.cache.num.max = 2 (custom)
2022-06-15 07:33:58,051 [pool-160-thread-1] INFO  server.RaftServerConfigKeys (ConfUtils.java:logGet(46)) - raft.server.log.segment.cache.size.max = 200MB (=209715200) (default)
2022-06-15 07:33:58,051 [pool-160-thread-1] INFO  segmented.SegmentedRaftLogWorker (SegmentedRaftLogWorker.java:<init>(187)) - new 7bb1eb80-c113-41fd-8e62-543e67410fa1@group-F5409A33EF3A-SegmentedRaftLogWorker for RaftStorageImpl:Storage Directory /home/runner/work/ozone/ozone/hadoop-ozone/integration-test/target/test-dir/MiniOzoneClusterImpl-589494f2-24de-4a8c-8650-9a890bc48d46/datanode-4/data/ratis/23d08045-b382-4fa8-b6c5-f5409a33ef3a
2022-06-15 07:33:58,051 [pool-160-thread-1] INFO  server.RaftServerConfigKeys (ConfUtils.java:logGet(46)) - raft.server.log.queue.byte-limit = 4294967296 (custom)
2022-06-15 07:33:58,051 [pool-160-thread-1] INFO  server.RaftServerConfigKeys (ConfUtils.java:logGet(46)) - raft.server.log.queue.element-limit = 1024 (custom)
2022-06-15 07:33:58,051 [pool-160-thread-1] INFO  server.RaftServerConfigKeys (ConfUtils.java:logGet(46)) - raft.server.log.segment.size.max = 1048576 (custom)
2022-06-15 07:33:58,051 [pool-160-thread-1] INFO  server.RaftServerConfigKeys (ConfUtils.java:logGet(46)) - raft.server.log.preallocated.size = 16384 (custom)
2022-06-15 07:33:58,051 [pool-160-thread-1] INFO  server.RaftServerConfigKeys (ConfUtils.java:logGet(46)) - raft.server.log.force.sync.num = 128 (default)
2022-06-15 07:33:58,051 [pool-160-thread-1] INFO  server.RaftServerConfigKeys (ConfUtils.java:logGet(46)) - raft.server.log.statemachine.data.sync = true (default)
2022-06-15 07:33:58,051 [pool-160-thread-1] INFO  server.RaftServerConfigKeys (ConfUtils.java:logGet(46)) - raft.server.log.statemachine.data.sync.timeout = 10s (default)
2022-06-15 07:33:58,051 [pool-160-thread-1] INFO  server.RaftServerConfigKeys (ConfUtils.java:logGet(46)) - raft.server.log.statemachine.data.sync.timeout.retry = -1 (default)
2022-06-15 07:33:58,052 [pool-160-thread-1] INFO  server.RaftServerConfigKeys (ConfUtils.java:logGet(46)) - raft.server.log.write.buffer.size = 1048576 (custom)
2022-06-15 07:33:58,053 [pool-160-thread-1] INFO  server.RaftServerConfigKeys (ConfUtils.java:logGet(46)) - raft.server.log.unsafe-flush.enabled = false (default)
2022-06-15 07:33:58,053 [pool-160-thread-1] INFO  server.RaftServerConfigKeys (ConfUtils.java:logGet(46)) - raft.server.log.statemachine.data.caching.enabled = true (custom)
2022-06-15 07:33:58,053 [pool-160-thread-1] INFO  segmented.SegmentedRaftLogWorker (SegmentedRaftLogWorker.java:lambda$new$0(135)) - 7bb1eb80-c113-41fd-8e62-543e67410fa1@group-F5409A33EF3A-SegmentedRaftLogWorker: flushIndex: setUnconditionally 0 -> -1
2022-06-15 07:33:58,053 [pool-160-thread-1] INFO  segmented.SegmentedRaftLogWorker (SegmentedRaftLogWorker.java:lambda$new$0(135)) - 7bb1eb80-c113-41fd-8e62-543e67410fa1@group-F5409A33EF3A-SegmentedRaftLogWorker: safeCacheEvictIndex: setUnconditionally 0 -> -1
2022-06-15 07:33:58,055 [pool-160-thread-1] INFO  server.RaftServerConfigKeys (ConfUtils.java:logGet(46)) - raft.server.snapshot.auto.trigger.enabled = true (custom)
2022-06-15 07:33:58,055 [pool-160-thread-1] INFO  server.RaftServerConfigKeys (ConfUtils.java:logGet(46)) - raft.server.snapshot.auto.trigger.threshold = 1 (custom)
2022-06-15 07:33:58,055 [pool-160-thread-1] INFO  server.RaftServerConfigKeys (ConfUtils.java:logGet(46)) - raft.server.snapshot.retention.file.num = 5 (custom)
2022-06-15 07:33:58,055 [pool-160-thread-1] INFO  server.RaftServerConfigKeys (ConfUtils.java:logGet(46)) - raft.server.log.purge.upto.snapshot.index = false (default)
2022-06-15 07:33:58,056 [pool-160-thread-1] INFO  server.RaftServerConfigKeys (ConfUtils.java:logGet(46)) - raft.server.retrycache.expirytime = 600000ms (custom)
2022-06-15 07:33:58,056 [pool-160-thread-1] INFO  server.RaftServerConfigKeys (ConfUtils.java:logGet(46)) - raft.server.retrycache.statistics.expirytime = 100μs (default)
2022-06-15 07:33:58,057 [pool-160-thread-1] INFO  server.RaftServerConfigKeys (ConfUtils.java:logGet(46)) - raft.server.log.appender.install.snapshot.enabled = false (custom)
2022-06-15 07:33:58,057 [pool-160-thread-1] INFO  server.RaftServerConfigKeys (ConfUtils.java:logGet(46)) - raft.server.threadpool.server.cached = true (default)
2022-06-15 07:33:58,057 [pool-160-thread-1] INFO  server.RaftServerConfigKeys (ConfUtils.java:logGet(46)) - raft.server.threadpool.server.size = 0 (default)
2022-06-15 07:33:58,057 [pool-160-thread-1] INFO  server.RaftServerConfigKeys (ConfUtils.java:logGet(46)) - raft.server.threadpool.client.cached = true (default)
2022-06-15 07:33:58,057 [pool-160-thread-1] INFO  server.RaftServerConfigKeys (ConfUtils.java:logGet(46)) - raft.server.threadpool.client.size = 0 (default)
2022-06-15 07:33:58,057 [pool-160-thread-1] INFO  server.RaftServer$Division (RaftServerImpl.java:start(310)) - 7bb1eb80-c113-41fd-8e62-543e67410fa1@group-F5409A33EF3A: start as a follower, conf=-1: [e547bcb9-eced-475a-8c61-963b1a05d208|rpc:10.1.0.11:40217|dataStream:|priority:0, b4f5d82c-04a6-4c81-89bd-99aee48f7148|rpc:10.1.0.11:43229|dataStream:|priority:0, 7bb1eb80-c113-41fd-8e62-543e67410fa1|rpc:10.1.0.11:37245|dataStream:|priority:1], old=null
2022-06-15 07:33:58,057 [pool-160-thread-1] INFO  server.RaftServer$Division (RaftServerImpl.java:setRole(299)) - 7bb1eb80-c113-41fd-8e62-543e67410fa1@group-F5409A33EF3A: changes role from      null to FOLLOWER at term 0 for startAsFollower
2022-06-15 07:33:58,057 [pool-160-thread-1] INFO  impl.RoleInfo (RoleInfo.java:updateAndGet(139)) - 7bb1eb80-c113-41fd-8e62-543e67410fa1: start 7bb1eb80-c113-41fd-8e62-543e67410fa1@group-F5409A33EF3A-FollowerState
2022-06-15 07:33:58,059 [pool-160-thread-1] INFO  util.JmxRegister (JmxRegister.java:tryRegister(44)) - Successfully registered JMX Bean with object name Ratis:service=RaftServer,group=group-F5409A33EF3A,id=7bb1eb80-c113-41fd-8e62-543e67410fa1
2022-06-15 07:33:58,068 [Command processor thread] INFO  commandhandler.CreatePipelineCommandHandler (CreatePipelineCommandHandler.java:handle(113)) - Created Pipeline RATIS THREE PipelineID=23d08045-b382-4fa8-b6c5-f5409a33ef3a.
2022-06-15 07:33:58,069 [Command processor thread] INFO  server.RaftServer (RaftServerProxy.java:addNew(96)) - e547bcb9-eced-475a-8c61-963b1a05d208: addNew group-61C79976014F:[e547bcb9-eced-475a-8c61-963b1a05d208|rpc:10.1.0.11:40217|priority:0, b4f5d82c-04a6-4c81-89bd-99aee48f7148|rpc:10.1.0.11:43229|priority:1, 7bb1eb80-c113-41fd-8e62-543e67410fa1|rpc:10.1.0.11:37245|priority:0] returns group-61C79976014F:java.util.concurrent.CompletableFuture@55483198[Not completed]
2022-06-15 07:33:58,070 [pool-138-thread-1] INFO  server.RaftServer$Division (RaftServerImpl.java:<init>(190)) - e547bcb9-eced-475a-8c61-963b1a05d208: new RaftServerImpl for group-61C79976014F:[e547bcb9-eced-475a-8c61-963b1a05d208|rpc:10.1.0.11:40217|priority:0, b4f5d82c-04a6-4c81-89bd-99aee48f7148|rpc:10.1.0.11:43229|priority:1, 7bb1eb80-c113-41fd-8e62-543e67410fa1|rpc:10.1.0.11:37245|priority:0] with ContainerStateMachine:uninitialized
2022-06-15 07:33:58,070 [pool-138-thread-1] INFO  server.RaftServerConfigKeys (ConfUtils.java:logGet(46)) - raft.server.rpc.timeout.min = 5s (custom)
2022-06-15 07:33:58,070 [pool-138-thread-1] INFO  server.RaftServerConfigKeys (ConfUtils.java:logGet(46)) - raft.server.rpc.timeout.max = 5200ms (custom)
2022-06-15 07:33:58,070 [pool-138-thread-1] INFO  server.RaftServerConfigKeys (ConfUtils.java:logGet(46)) - raft.server.rpc.sleep.time = 25ms (default)
2022-06-15 07:33:58,070 [pool-138-thread-1] INFO  server.RaftServerConfigKeys (ConfUtils.java:logGet(46)) - raft.server.rpc.slowness.timeout = 300000ms (custom)
2022-06-15 07:33:58,070 [pool-138-thread-1] INFO  server.RaftServerConfigKeys (ConfUtils.java:logGet(46)) - raft.server.leaderelection.leader.step-down.wait-time = 10s (default)
2022-06-15 07:33:58,070 [pool-138-thread-1] INFO  server.RaftServerConfigKeys (ConfUtils.java:logGet(46)) - raft.server.sleep.deviation.threshold = 300ms (default)
2022-06-15 07:33:58,070 [pool-138-thread-1] INFO  server.RaftServer$Division (ServerState.java:<init>(107)) - e547bcb9-eced-475a-8c61-963b1a05d208@group-61C79976014F: ConfigurationManager, init=-1: [e547bcb9-eced-475a-8c61-963b1a05d208|rpc:10.1.0.11:40217|priority:0, b4f5d82c-04a6-4c81-89bd-99aee48f7148|rpc:10.1.0.11:43229|priority:1, 7bb1eb80-c113-41fd-8e62-543e67410fa1|rpc:10.1.0.11:37245|priority:0], old=null, confs=<EMPTY_MAP>
2022-06-15 07:33:58,070 [pool-138-thread-1] INFO  server.RaftServerConfigKeys (ConfUtils.java:logGet(46)) - raft.server.storage.dir = [/home/runner/work/ozone/ozone/hadoop-ozone/integration-test/target/test-dir/MiniOzoneClusterImpl-589494f2-24de-4a8c-8650-9a890bc48d46/datanode-3/data/ratis] (custom)
2022-06-15 07:33:58,070 [pool-138-thread-1] INFO  server.RaftServerConfigKeys (ConfUtils.java:logGet(46)) - raft.server.log.corruption.policy = EXCEPTION (default)
2022-06-15 07:33:58,070 [pool-138-thread-1] INFO  server.RaftServerConfigKeys (ConfUtils.java:logGet(46)) - raft.server.storage.free-space.min = 0MB (=0) (default)
2022-06-15 07:33:58,071 [pool-138-thread-1] INFO  storage.RaftStorageDirectory (RaftStorageDirectoryImpl.java:analyzeStorage(135)) - The storage directory /home/runner/work/ozone/ozone/hadoop-ozone/integration-test/target/test-dir/MiniOzoneClusterImpl-589494f2-24de-4a8c-8650-9a890bc48d46/datanode-3/data/ratis/4a922a5f-5b4b-4c8b-80dd-61c79976014f does not exist. Creating ...
2022-06-15 07:33:58,072 [pool-138-thread-1] INFO  storage.RaftStorageDirectory (RaftStorageDirectoryImpl.java:tryLock(230)) - Lock on /home/runner/work/ozone/ozone/hadoop-ozone/integration-test/target/test-dir/MiniOzoneClusterImpl-589494f2-24de-4a8c-8650-9a890bc48d46/datanode-3/data/ratis/4a922a5f-5b4b-4c8b-80dd-61c79976014f/in_use.lock acquired by nodename 5140@fv-az121-418
2022-06-15 07:33:58,076 [pool-138-thread-1] INFO  storage.RaftStorage (RaftStorageImpl.java:format(89)) - Storage directory /home/runner/work/ozone/ozone/hadoop-ozone/integration-test/target/test-dir/MiniOzoneClusterImpl-589494f2-24de-4a8c-8650-9a890bc48d46/datanode-3/data/ratis/4a922a5f-5b4b-4c8b-80dd-61c79976014f has been successfully formatted.
2022-06-15 07:33:58,077 [pool-138-thread-1] INFO  ratis.ContainerStateMachine (ContainerStateMachine.java:loadSnapshot(236)) - group-61C79976014F: The snapshot info is null. Setting the last applied indexto:(t:0, i:~)
2022-06-15 07:33:58,077 [pool-138-thread-1] INFO  server.RaftServerConfigKeys (ConfUtils.java:logGet(46)) - raft.server.notification.no-leader.timeout = 300000ms (custom)
2022-06-15 07:33:58,077 [pool-138-thread-1] INFO  server.RaftServerConfigKeys (ConfUtils.java:logGet(46)) - raft.server.log.use.memory = false (default)
2022-06-15 07:33:58,077 [pool-138-thread-1] INFO  server.RaftServerConfigKeys (ConfUtils.java:logGet(46)) - raft.server.log.purge.gap = 1000000 (custom)
2022-06-15 07:33:58,077 [pool-138-thread-1] INFO  server.RaftServerConfigKeys (ConfUtils.java:logGet(46)) - raft.server.log.appender.buffer.byte-limit = 33554432 (custom)
2022-06-15 07:33:58,077 [pool-138-thread-1] INFO  server.RaftServerConfigKeys (ConfUtils.java:logGet(46)) - raft.server.log.statemachine.data.read.timeout = 1000ms (default)
2022-06-15 07:33:58,078 [pool-138-thread-1] INFO  server.RaftServerConfigKeys (ConfUtils.java:logGet(46)) - raft.server.log.segment.size.max = 1048576 (custom)
2022-06-15 07:33:58,078 [EventQueue-OpenPipelineForHealthyPipelineSafeModeRule] INFO  safemode.SCMSafeModeManager (HealthyPipelineSafeModeRule.java:process(124)) - SCM in safe mode. Healthy pipelines reported count is 0, required healthy pipeline reported count is 1
2022-06-15 07:33:58,079 [pool-138-thread-1] INFO  server.RaftServerConfigKeys (ConfUtils.java:logGet(46)) - raft.server.log.segment.cache.num.max = 2 (custom)
2022-06-15 07:33:58,079 [pool-138-thread-1] INFO  server.RaftServerConfigKeys (ConfUtils.java:logGet(46)) - raft.server.log.segment.cache.size.max = 200MB (=209715200) (default)
2022-06-15 07:33:58,079 [pool-138-thread-1] INFO  segmented.SegmentedRaftLogWorker (SegmentedRaftLogWorker.java:<init>(187)) - new e547bcb9-eced-475a-8c61-963b1a05d208@group-61C79976014F-SegmentedRaftLogWorker for RaftStorageImpl:Storage Directory /home/runner/work/ozone/ozone/hadoop-ozone/integration-test/target/test-dir/MiniOzoneClusterImpl-589494f2-24de-4a8c-8650-9a890bc48d46/datanode-3/data/ratis/4a922a5f-5b4b-4c8b-80dd-61c79976014f
2022-06-15 07:33:58,079 [pool-138-thread-1] INFO  server.RaftServerConfigKeys (ConfUtils.java:logGet(46)) - raft.server.log.queue.byte-limit = 4294967296 (custom)
2022-06-15 07:33:58,079 [pool-138-thread-1] INFO  server.RaftServerConfigKeys (ConfUtils.java:logGet(46)) - raft.server.log.queue.element-limit = 1024 (custom)
2022-06-15 07:33:58,079 [pool-138-thread-1] INFO  server.RaftServerConfigKeys (ConfUtils.java:logGet(46)) - raft.server.log.segment.size.max = 1048576 (custom)
2022-06-15 07:33:58,079 [pool-138-thread-1] INFO  server.RaftServerConfigKeys (ConfUtils.java:logGet(46)) - raft.server.log.preallocated.size = 16384 (custom)
2022-06-15 07:33:58,079 [pool-138-thread-1] INFO  server.RaftServerConfigKeys (ConfUtils.java:logGet(46)) - raft.server.log.force.sync.num = 128 (default)
2022-06-15 07:33:58,079 [pool-138-thread-1] INFO  server.RaftServerConfigKeys (ConfUtils.java:logGet(46)) - raft.server.log.statemachine.data.sync = true (default)
2022-06-15 07:33:58,079 [pool-138-thread-1] INFO  server.RaftServerConfigKeys (ConfUtils.java:logGet(46)) - raft.server.log.statemachine.data.sync.timeout = 10s (default)
2022-06-15 07:33:58,079 [pool-138-thread-1] INFO  server.RaftServerConfigKeys (ConfUtils.java:logGet(46)) - raft.server.log.statemachine.data.sync.timeout.retry = -1 (default)
2022-06-15 07:33:58,081 [pool-138-thread-1] INFO  server.RaftServerConfigKeys (ConfUtils.java:logGet(46)) - raft.server.log.write.buffer.size = 1048576 (custom)
2022-06-15 07:33:58,084 [pool-138-thread-1] INFO  server.RaftServerConfigKeys (ConfUtils.java:logGet(46)) - raft.server.log.unsafe-flush.enabled = false (default)
2022-06-15 07:33:58,084 [pool-138-thread-1] INFO  server.RaftServerConfigKeys (ConfUtils.java:logGet(46)) - raft.server.log.statemachine.data.caching.enabled = true (custom)
2022-06-15 07:33:58,085 [pool-138-thread-1] INFO  segmented.SegmentedRaftLogWorker (SegmentedRaftLogWorker.java:lambda$new$0(135)) - e547bcb9-eced-475a-8c61-963b1a05d208@group-61C79976014F-SegmentedRaftLogWorker: flushIndex: setUnconditionally 0 -> -1
2022-06-15 07:33:58,085 [pool-138-thread-1] INFO  segmented.SegmentedRaftLogWorker (SegmentedRaftLogWorker.java:lambda$new$0(135)) - e547bcb9-eced-475a-8c61-963b1a05d208@group-61C79976014F-SegmentedRaftLogWorker: safeCacheEvictIndex: setUnconditionally 0 -> -1
2022-06-15 07:33:58,085 [pool-138-thread-1] INFO  server.RaftServerConfigKeys (ConfUtils.java:logGet(46)) - raft.server.snapshot.auto.trigger.enabled = true (custom)
2022-06-15 07:33:58,085 [pool-138-thread-1] INFO  server.RaftServerConfigKeys (ConfUtils.java:logGet(46)) - raft.server.snapshot.auto.trigger.threshold = 1 (custom)
2022-06-15 07:33:58,085 [pool-138-thread-1] INFO  server.RaftServerConfigKeys (ConfUtils.java:logGet(46)) - raft.server.snapshot.retention.file.num = 5 (custom)
2022-06-15 07:33:58,085 [pool-138-thread-1] INFO  server.RaftServerConfigKeys (ConfUtils.java:logGet(46)) - raft.server.log.purge.upto.snapshot.index = false (default)
2022-06-15 07:33:58,085 [pool-138-thread-1] INFO  server.RaftServerConfigKeys (ConfUtils.java:logGet(46)) - raft.server.retrycache.expirytime = 600000ms (custom)
2022-06-15 07:33:58,085 [pool-138-thread-1] INFO  server.RaftServerConfigKeys (ConfUtils.java:logGet(46)) - raft.server.retrycache.statistics.expirytime = 100μs (default)
2022-06-15 07:33:58,086 [pool-138-thread-1] INFO  server.RaftServerConfigKeys (ConfUtils.java:logGet(46)) - raft.server.log.appender.install.snapshot.enabled = false (custom)
2022-06-15 07:33:58,086 [pool-138-thread-1] INFO  server.RaftServerConfigKeys (ConfUtils.java:logGet(46)) - raft.server.threadpool.server.cached = true (default)
2022-06-15 07:33:58,086 [pool-138-thread-1] INFO  server.RaftServerConfigKeys (ConfUtils.java:logGet(46)) - raft.server.threadpool.server.size = 0 (default)
2022-06-15 07:33:58,086 [pool-138-thread-1] INFO  server.RaftServerConfigKeys (ConfUtils.java:logGet(46)) - raft.server.threadpool.client.cached = true (default)
2022-06-15 07:33:58,086 [pool-138-thread-1] INFO  server.RaftServerConfigKeys (ConfUtils.java:logGet(46)) - raft.server.threadpool.client.size = 0 (default)
2022-06-15 07:33:58,086 [pool-138-thread-1] INFO  server.RaftServer$Division (RaftServerImpl.java:start(310)) - e547bcb9-eced-475a-8c61-963b1a05d208@group-61C79976014F: start as a follower, conf=-1: [e547bcb9-eced-475a-8c61-963b1a05d208|rpc:10.1.0.11:40217|priority:0, b4f5d82c-04a6-4c81-89bd-99aee48f7148|rpc:10.1.0.11:43229|priority:1, 7bb1eb80-c113-41fd-8e62-543e67410fa1|rpc:10.1.0.11:37245|priority:0], old=null
2022-06-15 07:33:58,086 [pool-138-thread-1] INFO  server.RaftServer$Division (RaftServerImpl.java:setRole(299)) - e547bcb9-eced-475a-8c61-963b1a05d208@group-61C79976014F: changes role from      null to FOLLOWER at term 0 for startAsFollower
2022-06-15 07:33:58,087 [pool-138-thread-1] INFO  impl.RoleInfo (RoleInfo.java:updateAndGet(139)) - e547bcb9-eced-475a-8c61-963b1a05d208: start e547bcb9-eced-475a-8c61-963b1a05d208@group-61C79976014F-FollowerState
2022-06-15 07:33:58,087 [pool-138-thread-1] INFO  util.JmxRegister (JmxRegister.java:tryRegister(44)) - Successfully registered JMX Bean with object name Ratis:service=RaftServer,group=group-61C79976014F,id=e547bcb9-eced-475a-8c61-963b1a05d208
2022-06-15 07:33:58,091 [Command processor thread] INFO  ratis.XceiverServerRatis (XceiverServerRatis.java:addGroup(765)) - Created group PipelineID=4a922a5f-5b4b-4c8b-80dd-61c79976014f
2022-06-15 07:33:58,104 [grpc-default-executor-0] INFO  server.RaftServer (RaftServerProxy.java:addNew(96)) - b4f5d82c-04a6-4c81-89bd-99aee48f7148: addNew group-61C79976014F:[e547bcb9-eced-475a-8c61-963b1a05d208|rpc:10.1.0.11:40217|dataStream:|priority:0, b4f5d82c-04a6-4c81-89bd-99aee48f7148|rpc:10.1.0.11:43229|dataStream:|priority:1, 7bb1eb80-c113-41fd-8e62-543e67410fa1|rpc:10.1.0.11:37245|dataStream:|priority:0] returns group-61C79976014F:java.util.concurrent.CompletableFuture@6f581916[Not completed]
2022-06-15 07:33:58,105 [pool-182-thread-1] INFO  server.RaftServer$Division (RaftServerImpl.java:<init>(190)) - b4f5d82c-04a6-4c81-89bd-99aee48f7148: new RaftServerImpl for group-61C79976014F:[e547bcb9-eced-475a-8c61-963b1a05d208|rpc:10.1.0.11:40217|dataStream:|priority:0, b4f5d82c-04a6-4c81-89bd-99aee48f7148|rpc:10.1.0.11:43229|dataStream:|priority:1, 7bb1eb80-c113-41fd-8e62-543e67410fa1|rpc:10.1.0.11:37245|dataStream:|priority:0] with ContainerStateMachine:uninitialized
2022-06-15 07:33:58,105 [pool-182-thread-1] INFO  server.RaftServerConfigKeys (ConfUtils.java:logGet(46)) - raft.server.rpc.timeout.min = 5s (custom)
2022-06-15 07:33:58,105 [pool-182-thread-1] INFO  server.RaftServerConfigKeys (ConfUtils.java:logGet(46)) - raft.server.rpc.timeout.max = 5200ms (custom)
2022-06-15 07:33:58,105 [pool-182-thread-1] INFO  server.RaftServerConfigKeys (ConfUtils.java:logGet(46)) - raft.server.rpc.sleep.time = 25ms (default)
2022-06-15 07:33:58,105 [pool-182-thread-1] INFO  server.RaftServerConfigKeys (ConfUtils.java:logGet(46)) - raft.server.rpc.slowness.timeout = 300000ms (custom)
2022-06-15 07:33:58,105 [pool-182-thread-1] INFO  server.RaftServerConfigKeys (ConfUtils.java:logGet(46)) - raft.server.leaderelection.leader.step-down.wait-time = 10s (default)
2022-06-15 07:33:58,105 [pool-182-thread-1] INFO  server.RaftServerConfigKeys (ConfUtils.java:logGet(46)) - raft.server.sleep.deviation.threshold = 300ms (default)
2022-06-15 07:33:58,105 [pool-182-thread-1] INFO  server.RaftServer$Division (ServerState.java:<init>(107)) - b4f5d82c-04a6-4c81-89bd-99aee48f7148@group-61C79976014F: ConfigurationManager, init=-1: [e547bcb9-eced-475a-8c61-963b1a05d208|rpc:10.1.0.11:40217|dataStream:|priority:0, b4f5d82c-04a6-4c81-89bd-99aee48f7148|rpc:10.1.0.11:43229|dataStream:|priority:1, 7bb1eb80-c113-41fd-8e62-543e67410fa1|rpc:10.1.0.11:37245|dataStream:|priority:0], old=null, confs=<EMPTY_MAP>
2022-06-15 07:33:58,105 [pool-182-thread-1] INFO  server.RaftServerConfigKeys (ConfUtils.java:logGet(46)) - raft.server.storage.dir = [/home/runner/work/ozone/ozone/hadoop-ozone/integration-test/target/test-dir/MiniOzoneClusterImpl-589494f2-24de-4a8c-8650-9a890bc48d46/datanode-5/data/ratis] (custom)
2022-06-15 07:33:58,106 [pool-182-thread-1] INFO  server.RaftServerConfigKeys (ConfUtils.java:logGet(46)) - raft.server.log.corruption.policy = EXCEPTION (default)
2022-06-15 07:33:58,106 [pool-182-thread-1] INFO  server.RaftServerConfigKeys (ConfUtils.java:logGet(46)) - raft.server.storage.free-space.min = 0MB (=0) (default)
2022-06-15 07:33:58,106 [pool-182-thread-1] INFO  storage.RaftStorageDirectory (RaftStorageDirectoryImpl.java:analyzeStorage(135)) - The storage directory /home/runner/work/ozone/ozone/hadoop-ozone/integration-test/target/test-dir/MiniOzoneClusterImpl-589494f2-24de-4a8c-8650-9a890bc48d46/datanode-5/data/ratis/4a922a5f-5b4b-4c8b-80dd-61c79976014f does not exist. Creating ...
2022-06-15 07:33:58,107 [pool-182-thread-1] INFO  storage.RaftStorageDirectory (RaftStorageDirectoryImpl.java:tryLock(230)) - Lock on /home/runner/work/ozone/ozone/hadoop-ozone/integration-test/target/test-dir/MiniOzoneClusterImpl-589494f2-24de-4a8c-8650-9a890bc48d46/datanode-5/data/ratis/4a922a5f-5b4b-4c8b-80dd-61c79976014f/in_use.lock acquired by nodename 5140@fv-az121-418
2022-06-15 07:33:58,108 [pool-182-thread-1] INFO  storage.RaftStorage (RaftStorageImpl.java:format(89)) - Storage directory /home/runner/work/ozone/ozone/hadoop-ozone/integration-test/target/test-dir/MiniOzoneClusterImpl-589494f2-24de-4a8c-8650-9a890bc48d46/datanode-5/data/ratis/4a922a5f-5b4b-4c8b-80dd-61c79976014f has been successfully formatted.
2022-06-15 07:33:58,108 [pool-182-thread-1] INFO  ratis.ContainerStateMachine (ContainerStateMachine.java:loadSnapshot(236)) - group-61C79976014F: The snapshot info is null. Setting the last applied indexto:(t:0, i:~)
2022-06-15 07:33:58,108 [pool-182-thread-1] INFO  server.RaftServerConfigKeys (ConfUtils.java:logGet(46)) - raft.server.notification.no-leader.timeout = 300000ms (custom)
2022-06-15 07:33:58,108 [pool-182-thread-1] INFO  server.RaftServerConfigKeys (ConfUtils.java:logGet(46)) - raft.server.log.use.memory = false (default)
2022-06-15 07:33:58,108 [pool-182-thread-1] INFO  server.RaftServerConfigKeys (ConfUtils.java:logGet(46)) - raft.server.log.purge.gap = 1000000 (custom)
2022-06-15 07:33:58,108 [pool-182-thread-1] INFO  server.RaftServerConfigKeys (ConfUtils.java:logGet(46)) - raft.server.log.appender.buffer.byte-limit = 33554432 (custom)
2022-06-15 07:33:58,108 [pool-182-thread-1] INFO  server.RaftServerConfigKeys (ConfUtils.java:logGet(46)) - raft.server.log.statemachine.data.read.timeout = 1000ms (default)
2022-06-15 07:33:58,108 [pool-182-thread-1] INFO  server.RaftServerConfigKeys (ConfUtils.java:logGet(46)) - raft.server.log.segment.size.max = 1048576 (custom)
2022-06-15 07:33:58,109 [pool-182-thread-1] INFO  server.RaftServerConfigKeys (ConfUtils.java:logGet(46)) - raft.server.log.segment.cache.num.max = 2 (custom)
2022-06-15 07:33:58,110 [pool-182-thread-1] INFO  server.RaftServerConfigKeys (ConfUtils.java:logGet(46)) - raft.server.log.segment.cache.size.max = 200MB (=209715200) (default)
2022-06-15 07:33:58,111 [pool-182-thread-1] INFO  segmented.SegmentedRaftLogWorker (SegmentedRaftLogWorker.java:<init>(187)) - new b4f5d82c-04a6-4c81-89bd-99aee48f7148@group-61C79976014F-SegmentedRaftLogWorker for RaftStorageImpl:Storage Directory /home/runner/work/ozone/ozone/hadoop-ozone/integration-test/target/test-dir/MiniOzoneClusterImpl-589494f2-24de-4a8c-8650-9a890bc48d46/datanode-5/data/ratis/4a922a5f-5b4b-4c8b-80dd-61c79976014f
2022-06-15 07:33:58,111 [pool-182-thread-1] INFO  server.RaftServerConfigKeys (ConfUtils.java:logGet(46)) - raft.server.log.queue.byte-limit = 4294967296 (custom)
2022-06-15 07:33:58,111 [pool-182-thread-1] INFO  server.RaftServerConfigKeys (ConfUtils.java:logGet(46)) - raft.server.log.queue.element-limit = 1024 (custom)
2022-06-15 07:33:58,111 [pool-182-thread-1] INFO  server.RaftServerConfigKeys (ConfUtils.java:logGet(46)) - raft.server.log.segment.size.max = 1048576 (custom)
2022-06-15 07:33:58,111 [pool-182-thread-1] INFO  server.RaftServerConfigKeys (ConfUtils.java:logGet(46)) - raft.server.log.preallocated.size = 16384 (custom)
2022-06-15 07:33:58,111 [pool-182-thread-1] INFO  server.RaftServerConfigKeys (ConfUtils.java:logGet(46)) - raft.server.log.force.sync.num = 128 (default)
2022-06-15 07:33:58,111 [pool-182-thread-1] INFO  server.RaftServerConfigKeys (ConfUtils.java:logGet(46)) - raft.server.log.statemachine.data.sync = true (default)
2022-06-15 07:33:58,111 [pool-182-thread-1] INFO  server.RaftServerConfigKeys (ConfUtils.java:logGet(46)) - raft.server.log.statemachine.data.sync.timeout = 10s (default)
2022-06-15 07:33:58,111 [pool-182-thread-1] INFO  server.RaftServerConfigKeys (ConfUtils.java:logGet(46)) - raft.server.log.statemachine.data.sync.timeout.retry = -1 (default)
2022-06-15 07:33:58,112 [pool-182-thread-1] INFO  server.RaftServerConfigKeys (ConfUtils.java:logGet(46)) - raft.server.log.write.buffer.size = 1048576 (custom)
2022-06-15 07:33:58,112 [pool-182-thread-1] INFO  server.RaftServerConfigKeys (ConfUtils.java:logGet(46)) - raft.server.log.unsafe-flush.enabled = false (default)
2022-06-15 07:33:58,112 [pool-182-thread-1] INFO  server.RaftServerConfigKeys (ConfUtils.java:logGet(46)) - raft.server.log.statemachine.data.caching.enabled = true (custom)
2022-06-15 07:33:58,113 [pool-182-thread-1] INFO  segmented.SegmentedRaftLogWorker (SegmentedRaftLogWorker.java:lambda$new$0(135)) - b4f5d82c-04a6-4c81-89bd-99aee48f7148@group-61C79976014F-SegmentedRaftLogWorker: flushIndex: setUnconditionally 0 -> -1
2022-06-15 07:33:58,113 [pool-182-thread-1] INFO  segmented.SegmentedRaftLogWorker (SegmentedRaftLogWorker.java:lambda$new$0(135)) - b4f5d82c-04a6-4c81-89bd-99aee48f7148@group-61C79976014F-SegmentedRaftLogWorker: safeCacheEvictIndex: setUnconditionally 0 -> -1
2022-06-15 07:33:58,115 [pool-182-thread-1] INFO  server.RaftServerConfigKeys (ConfUtils.java:logGet(46)) - raft.server.snapshot.auto.trigger.enabled = true (custom)
2022-06-15 07:33:58,115 [pool-182-thread-1] INFO  server.RaftServerConfigKeys (ConfUtils.java:logGet(46)) - raft.server.snapshot.auto.trigger.threshold = 1 (custom)
2022-06-15 07:33:58,115 [pool-182-thread-1] INFO  server.RaftServerConfigKeys (ConfUtils.java:logGet(46)) - raft.server.snapshot.retention.file.num = 5 (custom)
2022-06-15 07:33:58,115 [pool-182-thread-1] INFO  server.RaftServerConfigKeys (ConfUtils.java:logGet(46)) - raft.server.log.purge.upto.snapshot.index = false (default)
2022-06-15 07:33:58,115 [pool-182-thread-1] INFO  server.RaftServerConfigKeys (ConfUtils.java:logGet(46)) - raft.server.retrycache.expirytime = 600000ms (custom)
2022-06-15 07:33:58,115 [pool-182-thread-1] INFO  server.RaftServerConfigKeys (ConfUtils.java:logGet(46)) - raft.server.retrycache.statistics.expirytime = 100μs (default)
2022-06-15 07:33:58,117 [pool-182-thread-1] INFO  server.RaftServerConfigKeys (ConfUtils.java:logGet(46)) - raft.server.log.appender.install.snapshot.enabled = false (custom)
2022-06-15 07:33:58,117 [pool-182-thread-1] INFO  server.RaftServerConfigKeys (ConfUtils.java:logGet(46)) - raft.server.threadpool.server.cached = true (default)
2022-06-15 07:33:58,118 [pool-182-thread-1] INFO  server.RaftServerConfigKeys (ConfUtils.java:logGet(46)) - raft.server.threadpool.server.size = 0 (default)
2022-06-15 07:33:58,118 [pool-182-thread-1] INFO  server.RaftServerConfigKeys (ConfUtils.java:logGet(46)) - raft.server.threadpool.client.cached = true (default)
2022-06-15 07:33:58,118 [pool-182-thread-1] INFO  server.RaftServerConfigKeys (ConfUtils.java:logGet(46)) - raft.server.threadpool.client.size = 0 (default)
2022-06-15 07:33:58,118 [pool-182-thread-1] INFO  server.RaftServer$Division (RaftServerImpl.java:start(310)) - b4f5d82c-04a6-4c81-89bd-99aee48f7148@group-61C79976014F: start as a follower, conf=-1: [e547bcb9-eced-475a-8c61-963b1a05d208|rpc:10.1.0.11:40217|dataStream:|priority:0, b4f5d82c-04a6-4c81-89bd-99aee48f7148|rpc:10.1.0.11:43229|dataStream:|priority:1, 7bb1eb80-c113-41fd-8e62-543e67410fa1|rpc:10.1.0.11:37245|dataStream:|priority:0], old=null
2022-06-15 07:33:58,118 [pool-182-thread-1] INFO  server.RaftServer$Division (RaftServerImpl.java:setRole(299)) - b4f5d82c-04a6-4c81-89bd-99aee48f7148@group-61C79976014F: changes role from      null to FOLLOWER at term 0 for startAsFollower
2022-06-15 07:33:58,118 [pool-182-thread-1] INFO  impl.RoleInfo (RoleInfo.java:updateAndGet(139)) - b4f5d82c-04a6-4c81-89bd-99aee48f7148: start b4f5d82c-04a6-4c81-89bd-99aee48f7148@group-61C79976014F-FollowerState
2022-06-15 07:33:58,119 [pool-182-thread-1] INFO  util.JmxRegister (JmxRegister.java:tryRegister(44)) - Successfully registered JMX Bean with object name Ratis:service=RaftServer,group=group-61C79976014F,id=b4f5d82c-04a6-4c81-89bd-99aee48f7148
2022-06-15 07:33:58,160 [grpc-default-executor-0] INFO  server.RaftServer (RaftServerProxy.java:addNew(96)) - 7bb1eb80-c113-41fd-8e62-543e67410fa1: addNew group-61C79976014F:[e547bcb9-eced-475a-8c61-963b1a05d208|rpc:10.1.0.11:40217|dataStream:|priority:0, b4f5d82c-04a6-4c81-89bd-99aee48f7148|rpc:10.1.0.11:43229|dataStream:|priority:1, 7bb1eb80-c113-41fd-8e62-543e67410fa1|rpc:10.1.0.11:37245|dataStream:|priority:0] returns group-61C79976014F:java.util.concurrent.CompletableFuture@61ae3994[Not completed]
2022-06-15 07:33:58,161 [pool-160-thread-1] INFO  server.RaftServer$Division (RaftServerImpl.java:<init>(190)) - 7bb1eb80-c113-41fd-8e62-543e67410fa1: new RaftServerImpl for group-61C79976014F:[e547bcb9-eced-475a-8c61-963b1a05d208|rpc:10.1.0.11:40217|dataStream:|priority:0, b4f5d82c-04a6-4c81-89bd-99aee48f7148|rpc:10.1.0.11:43229|dataStream:|priority:1, 7bb1eb80-c113-41fd-8e62-543e67410fa1|rpc:10.1.0.11:37245|dataStream:|priority:0] with ContainerStateMachine:uninitialized
2022-06-15 07:33:58,161 [pool-160-thread-1] INFO  server.RaftServerConfigKeys (ConfUtils.java:logGet(46)) - raft.server.rpc.timeout.min = 5s (custom)
2022-06-15 07:33:58,161 [pool-160-thread-1] INFO  server.RaftServerConfigKeys (ConfUtils.java:logGet(46)) - raft.server.rpc.timeout.max = 5200ms (custom)
2022-06-15 07:33:58,161 [pool-160-thread-1] INFO  server.RaftServerConfigKeys (ConfUtils.java:logGet(46)) - raft.server.rpc.sleep.time = 25ms (default)
2022-06-15 07:33:58,162 [pool-160-thread-1] INFO  server.RaftServerConfigKeys (ConfUtils.java:logGet(46)) - raft.server.rpc.slowness.timeout = 300000ms (custom)
2022-06-15 07:33:58,162 [pool-160-thread-1] INFO  server.RaftServerConfigKeys (ConfUtils.java:logGet(46)) - raft.server.leaderelection.leader.step-down.wait-time = 10s (default)
2022-06-15 07:33:58,162 [pool-160-thread-1] INFO  server.RaftServerConfigKeys (ConfUtils.java:logGet(46)) - raft.server.sleep.deviation.threshold = 300ms (default)
2022-06-15 07:33:58,162 [pool-160-thread-1] INFO  server.RaftServer$Division (ServerState.java:<init>(107)) - 7bb1eb80-c113-41fd-8e62-543e67410fa1@group-61C79976014F: ConfigurationManager, init=-1: [e547bcb9-eced-475a-8c61-963b1a05d208|rpc:10.1.0.11:40217|dataStream:|priority:0, b4f5d82c-04a6-4c81-89bd-99aee48f7148|rpc:10.1.0.11:43229|dataStream:|priority:1, 7bb1eb80-c113-41fd-8e62-543e67410fa1|rpc:10.1.0.11:37245|dataStream:|priority:0], old=null, confs=<EMPTY_MAP>
2022-06-15 07:33:58,162 [pool-160-thread-1] INFO  server.RaftServerConfigKeys (ConfUtils.java:logGet(46)) - raft.server.storage.dir = [/home/runner/work/ozone/ozone/hadoop-ozone/integration-test/target/test-dir/MiniOzoneClusterImpl-589494f2-24de-4a8c-8650-9a890bc48d46/datanode-4/data/ratis] (custom)
2022-06-15 07:33:58,162 [pool-160-thread-1] INFO  server.RaftServerConfigKeys (ConfUtils.java:logGet(46)) - raft.server.log.corruption.policy = EXCEPTION (default)
2022-06-15 07:33:58,162 [pool-160-thread-1] INFO  server.RaftServerConfigKeys (ConfUtils.java:logGet(46)) - raft.server.storage.free-space.min = 0MB (=0) (default)
2022-06-15 07:33:58,162 [pool-160-thread-1] INFO  storage.RaftStorageDirectory (RaftStorageDirectoryImpl.java:analyzeStorage(135)) - The storage directory /home/runner/work/ozone/ozone/hadoop-ozone/integration-test/target/test-dir/MiniOzoneClusterImpl-589494f2-24de-4a8c-8650-9a890bc48d46/datanode-4/data/ratis/4a922a5f-5b4b-4c8b-80dd-61c79976014f does not exist. Creating ...
2022-06-15 07:33:58,163 [pool-160-thread-1] INFO  storage.RaftStorageDirectory (RaftStorageDirectoryImpl.java:tryLock(230)) - Lock on /home/runner/work/ozone/ozone/hadoop-ozone/integration-test/target/test-dir/MiniOzoneClusterImpl-589494f2-24de-4a8c-8650-9a890bc48d46/datanode-4/data/ratis/4a922a5f-5b4b-4c8b-80dd-61c79976014f/in_use.lock acquired by nodename 5140@fv-az121-418
2022-06-15 07:33:58,164 [pool-160-thread-1] INFO  storage.RaftStorage (RaftStorageImpl.java:format(89)) - Storage directory /home/runner/work/ozone/ozone/hadoop-ozone/integration-test/target/test-dir/MiniOzoneClusterImpl-589494f2-24de-4a8c-8650-9a890bc48d46/datanode-4/data/ratis/4a922a5f-5b4b-4c8b-80dd-61c79976014f has been successfully formatted.
2022-06-15 07:33:58,164 [pool-160-thread-1] INFO  ratis.ContainerStateMachine (ContainerStateMachine.java:loadSnapshot(236)) - group-61C79976014F: The snapshot info is null. Setting the last applied indexto:(t:0, i:~)
2022-06-15 07:33:58,165 [pool-160-thread-1] INFO  server.RaftServerConfigKeys (ConfUtils.java:logGet(46)) - raft.server.notification.no-leader.timeout = 300000ms (custom)
2022-06-15 07:33:58,165 [pool-160-thread-1] INFO  server.RaftServerConfigKeys (ConfUtils.java:logGet(46)) - raft.server.log.use.memory = false (default)
2022-06-15 07:33:58,165 [pool-160-thread-1] INFO  server.RaftServerConfigKeys (ConfUtils.java:logGet(46)) - raft.server.log.purge.gap = 1000000 (custom)
2022-06-15 07:33:58,165 [pool-160-thread-1] INFO  server.RaftServerConfigKeys (ConfUtils.java:logGet(46)) - raft.server.log.appender.buffer.byte-limit = 33554432 (custom)
2022-06-15 07:33:58,165 [pool-160-thread-1] INFO  server.RaftServerConfigKeys (ConfUtils.java:logGet(46)) - raft.server.log.statemachine.data.read.timeout = 1000ms (default)
2022-06-15 07:33:58,165 [pool-160-thread-1] INFO  server.RaftServerConfigKeys (ConfUtils.java:logGet(46)) - raft.server.log.segment.size.max = 1048576 (custom)
2022-06-15 07:33:58,165 [pool-160-thread-1] INFO  server.RaftServerConfigKeys (ConfUtils.java:logGet(46)) - raft.server.log.segment.cache.num.max = 2 (custom)
2022-06-15 07:33:58,165 [pool-160-thread-1] INFO  server.RaftServerConfigKeys (ConfUtils.java:logGet(46)) - raft.server.log.segment.cache.size.max = 200MB (=209715200) (default)
2022-06-15 07:33:58,165 [pool-160-thread-1] INFO  segmented.SegmentedRaftLogWorker (SegmentedRaftLogWorker.java:<init>(187)) - new 7bb1eb80-c113-41fd-8e62-543e67410fa1@group-61C79976014F-SegmentedRaftLogWorker for RaftStorageImpl:Storage Directory /home/runner/work/ozone/ozone/hadoop-ozone/integration-test/target/test-dir/MiniOzoneClusterImpl-589494f2-24de-4a8c-8650-9a890bc48d46/datanode-4/data/ratis/4a922a5f-5b4b-4c8b-80dd-61c79976014f
2022-06-15 07:33:58,165 [pool-160-thread-1] INFO  server.RaftServerConfigKeys (ConfUtils.java:logGet(46)) - raft.server.log.queue.byte-limit = 4294967296 (custom)
2022-06-15 07:33:58,166 [pool-160-thread-1] INFO  server.RaftServerConfigKeys (ConfUtils.java:logGet(46)) - raft.server.log.queue.element-limit = 1024 (custom)
2022-06-15 07:33:58,166 [pool-160-thread-1] INFO  server.RaftServerConfigKeys (ConfUtils.java:logGet(46)) - raft.server.log.segment.size.max = 1048576 (custom)
2022-06-15 07:33:58,166 [pool-160-thread-1] INFO  server.RaftServerConfigKeys (ConfUtils.java:logGet(46)) - raft.server.log.preallocated.size = 16384 (custom)
2022-06-15 07:33:58,166 [pool-160-thread-1] INFO  server.RaftServerConfigKeys (ConfUtils.java:logGet(46)) - raft.server.log.force.sync.num = 128 (default)
2022-06-15 07:33:58,166 [pool-160-thread-1] INFO  server.RaftServerConfigKeys (ConfUtils.java:logGet(46)) - raft.server.log.statemachine.data.sync = true (default)
2022-06-15 07:33:58,166 [pool-160-thread-1] INFO  server.RaftServerConfigKeys (ConfUtils.java:logGet(46)) - raft.server.log.statemachine.data.sync.timeout = 10s (default)
2022-06-15 07:33:58,166 [pool-160-thread-1] INFO  server.RaftServerConfigKeys (ConfUtils.java:logGet(46)) - raft.server.log.statemachine.data.sync.timeout.retry = -1 (default)
2022-06-15 07:33:58,167 [pool-160-thread-1] INFO  server.RaftServerConfigKeys (ConfUtils.java:logGet(46)) - raft.server.log.write.buffer.size = 1048576 (custom)
2022-06-15 07:33:58,168 [EventQueue-OpenPipelineForHealthyPipelineSafeModeRule] INFO  safemode.SCMSafeModeManager (HealthyPipelineSafeModeRule.java:process(124)) - SCM in safe mode. Healthy pipelines reported count is 0, required healthy pipeline reported count is 1
2022-06-15 07:33:58,169 [pool-160-thread-1] INFO  server.RaftServerConfigKeys (ConfUtils.java:logGet(46)) - raft.server.log.unsafe-flush.enabled = false (default)
2022-06-15 07:33:58,169 [pool-160-thread-1] INFO  server.RaftServerConfigKeys (ConfUtils.java:logGet(46)) - raft.server.log.statemachine.data.caching.enabled = true (custom)
2022-06-15 07:33:58,169 [pool-160-thread-1] INFO  segmented.SegmentedRaftLogWorker (SegmentedRaftLogWorker.java:lambda$new$0(135)) - 7bb1eb80-c113-41fd-8e62-543e67410fa1@group-61C79976014F-SegmentedRaftLogWorker: flushIndex: setUnconditionally 0 -> -1
2022-06-15 07:33:58,169 [pool-160-thread-1] INFO  segmented.SegmentedRaftLogWorker (SegmentedRaftLogWorker.java:lambda$new$0(135)) - 7bb1eb80-c113-41fd-8e62-543e67410fa1@group-61C79976014F-SegmentedRaftLogWorker: safeCacheEvictIndex: setUnconditionally 0 -> -1
2022-06-15 07:33:58,169 [pool-160-thread-1] INFO  server.RaftServerConfigKeys (ConfUtils.java:logGet(46)) - raft.server.snapshot.auto.trigger.enabled = true (custom)
2022-06-15 07:33:58,169 [pool-160-thread-1] INFO  server.RaftServerConfigKeys (ConfUtils.java:logGet(46)) - raft.server.snapshot.auto.trigger.threshold = 1 (custom)
2022-06-15 07:33:58,169 [pool-160-thread-1] INFO  server.RaftServerConfigKeys (ConfUtils.java:logGet(46)) - raft.server.snapshot.retention.file.num = 5 (custom)
2022-06-15 07:33:58,169 [pool-160-thread-1] INFO  server.RaftServerConfigKeys (ConfUtils.java:logGet(46)) - raft.server.log.purge.upto.snapshot.index = false (default)
2022-06-15 07:33:58,169 [pool-160-thread-1] INFO  server.RaftServerConfigKeys (ConfUtils.java:logGet(46)) - raft.server.retrycache.expirytime = 600000ms (custom)
2022-06-15 07:33:58,169 [pool-160-thread-1] INFO  server.RaftServerConfigKeys (ConfUtils.java:logGet(46)) - raft.server.retrycache.statistics.expirytime = 100μs (default)
2022-06-15 07:33:58,170 [pool-160-thread-1] INFO  server.RaftServerConfigKeys (ConfUtils.java:logGet(46)) - raft.server.log.appender.install.snapshot.enabled = false (custom)
2022-06-15 07:33:58,170 [pool-160-thread-1] INFO  server.RaftServerConfigKeys (ConfUtils.java:logGet(46)) - raft.server.threadpool.server.cached = true (default)
2022-06-15 07:33:58,170 [pool-160-thread-1] INFO  server.RaftServerConfigKeys (ConfUtils.java:logGet(46)) - raft.server.threadpool.server.size = 0 (default)
2022-06-15 07:33:58,171 [pool-160-thread-1] INFO  server.RaftServerConfigKeys (ConfUtils.java:logGet(46)) - raft.server.threadpool.client.cached = true (default)
2022-06-15 07:33:58,171 [pool-160-thread-1] INFO  server.RaftServerConfigKeys (ConfUtils.java:logGet(46)) - raft.server.threadpool.client.size = 0 (default)
2022-06-15 07:33:58,171 [pool-160-thread-1] INFO  server.RaftServer$Division (RaftServerImpl.java:start(310)) - 7bb1eb80-c113-41fd-8e62-543e67410fa1@group-61C79976014F: start as a follower, conf=-1: [e547bcb9-eced-475a-8c61-963b1a05d208|rpc:10.1.0.11:40217|dataStream:|priority:0, b4f5d82c-04a6-4c81-89bd-99aee48f7148|rpc:10.1.0.11:43229|dataStream:|priority:1, 7bb1eb80-c113-41fd-8e62-543e67410fa1|rpc:10.1.0.11:37245|dataStream:|priority:0], old=null
2022-06-15 07:33:58,171 [pool-160-thread-1] INFO  server.RaftServer$Division (RaftServerImpl.java:setRole(299)) - 7bb1eb80-c113-41fd-8e62-543e67410fa1@group-61C79976014F: changes role from      null to FOLLOWER at term 0 for startAsFollower
2022-06-15 07:33:58,171 [pool-160-thread-1] INFO  impl.RoleInfo (RoleInfo.java:updateAndGet(139)) - 7bb1eb80-c113-41fd-8e62-543e67410fa1: start 7bb1eb80-c113-41fd-8e62-543e67410fa1@group-61C79976014F-FollowerState
2022-06-15 07:33:58,175 [pool-160-thread-1] INFO  util.JmxRegister (JmxRegister.java:tryRegister(44)) - Successfully registered JMX Bean with object name Ratis:service=RaftServer,group=group-61C79976014F,id=7bb1eb80-c113-41fd-8e62-543e67410fa1
2022-06-15 07:33:58,184 [Command processor thread] INFO  commandhandler.CreatePipelineCommandHandler (CreatePipelineCommandHandler.java:handle(113)) - Created Pipeline RATIS THREE PipelineID=4a922a5f-5b4b-4c8b-80dd-61c79976014f.
2022-06-15 07:33:58,219 [Command processor thread] INFO  server.RaftServer (RaftServerProxy.java:addNew(96)) - 7bb1eb80-c113-41fd-8e62-543e67410fa1: addNew group-3B2F8C1D572F:[7bb1eb80-c113-41fd-8e62-543e67410fa1|rpc:10.1.0.11:37245|priority:1] returns group-3B2F8C1D572F:java.util.concurrent.CompletableFuture@43c26b5c[Not completed]
2022-06-15 07:33:58,220 [pool-160-thread-1] INFO  server.RaftServer$Division (RaftServerImpl.java:<init>(190)) - 7bb1eb80-c113-41fd-8e62-543e67410fa1: new RaftServerImpl for group-3B2F8C1D572F:[7bb1eb80-c113-41fd-8e62-543e67410fa1|rpc:10.1.0.11:37245|priority:1] with ContainerStateMachine:uninitialized
2022-06-15 07:33:58,220 [pool-160-thread-1] INFO  server.RaftServerConfigKeys (ConfUtils.java:logGet(46)) - raft.server.rpc.timeout.min = 5s (custom)
2022-06-15 07:33:58,220 [pool-160-thread-1] INFO  server.RaftServerConfigKeys (ConfUtils.java:logGet(46)) - raft.server.rpc.timeout.max = 5200ms (custom)
2022-06-15 07:33:58,220 [pool-160-thread-1] INFO  server.RaftServerConfigKeys (ConfUtils.java:logGet(46)) - raft.server.rpc.sleep.time = 25ms (default)
2022-06-15 07:33:58,221 [pool-160-thread-1] INFO  server.RaftServerConfigKeys (ConfUtils.java:logGet(46)) - raft.server.rpc.slowness.timeout = 300000ms (custom)
2022-06-15 07:33:58,221 [pool-160-thread-1] INFO  server.RaftServerConfigKeys (ConfUtils.java:logGet(46)) - raft.server.leaderelection.leader.step-down.wait-time = 10s (default)
2022-06-15 07:33:58,221 [pool-160-thread-1] INFO  server.RaftServerConfigKeys (ConfUtils.java:logGet(46)) - raft.server.sleep.deviation.threshold = 300ms (default)
2022-06-15 07:33:58,221 [pool-160-thread-1] INFO  server.RaftServer$Division (ServerState.java:<init>(107)) - 7bb1eb80-c113-41fd-8e62-543e67410fa1@group-3B2F8C1D572F: ConfigurationManager, init=-1: [7bb1eb80-c113-41fd-8e62-543e67410fa1|rpc:10.1.0.11:37245|priority:1], old=null, confs=<EMPTY_MAP>
2022-06-15 07:33:58,221 [pool-160-thread-1] INFO  server.RaftServerConfigKeys (ConfUtils.java:logGet(46)) - raft.server.storage.dir = [/home/runner/work/ozone/ozone/hadoop-ozone/integration-test/target/test-dir/MiniOzoneClusterImpl-589494f2-24de-4a8c-8650-9a890bc48d46/datanode-4/data/ratis] (custom)
2022-06-15 07:33:58,221 [pool-160-thread-1] INFO  server.RaftServerConfigKeys (ConfUtils.java:logGet(46)) - raft.server.log.corruption.policy = EXCEPTION (default)
2022-06-15 07:33:58,221 [pool-160-thread-1] INFO  server.RaftServerConfigKeys (ConfUtils.java:logGet(46)) - raft.server.storage.free-space.min = 0MB (=0) (default)
2022-06-15 07:33:58,221 [pool-160-thread-1] INFO  storage.RaftStorageDirectory (RaftStorageDirectoryImpl.java:analyzeStorage(135)) - The storage directory /home/runner/work/ozone/ozone/hadoop-ozone/integration-test/target/test-dir/MiniOzoneClusterImpl-589494f2-24de-4a8c-8650-9a890bc48d46/datanode-4/data/ratis/15bcf9bc-3b70-440f-bba8-3b2f8c1d572f does not exist. Creating ...
2022-06-15 07:33:58,222 [pool-160-thread-1] INFO  storage.RaftStorageDirectory (RaftStorageDirectoryImpl.java:tryLock(230)) - Lock on /home/runner/work/ozone/ozone/hadoop-ozone/integration-test/target/test-dir/MiniOzoneClusterImpl-589494f2-24de-4a8c-8650-9a890bc48d46/datanode-4/data/ratis/15bcf9bc-3b70-440f-bba8-3b2f8c1d572f/in_use.lock acquired by nodename 5140@fv-az121-418
2022-06-15 07:33:58,223 [pool-160-thread-1] INFO  storage.RaftStorage (RaftStorageImpl.java:format(89)) - Storage directory /home/runner/work/ozone/ozone/hadoop-ozone/integration-test/target/test-dir/MiniOzoneClusterImpl-589494f2-24de-4a8c-8650-9a890bc48d46/datanode-4/data/ratis/15bcf9bc-3b70-440f-bba8-3b2f8c1d572f has been successfully formatted.
2022-06-15 07:33:58,225 [EventQueue-PipelineReportForPipelineReportHandler] INFO  pipeline.PipelineManagerImpl (PipelineManagerImpl.java:openPipeline(356)) - Pipeline Pipeline[ Id: 15bcf9bc-3b70-440f-bba8-3b2f8c1d572f, Nodes: 7bb1eb80-c113-41fd-8e62-543e67410fa1{ip: 10.1.0.11, host: fv-az121-418.xhy4bhhdincepo0av04agjzkjc.cx.internal.cloudapp.net, ports: [REPLICATION=40617, RATIS=37245, RATIS_ADMIN=37245, RATIS_SERVER=37245, STANDALONE=41679], networkLocation: /default-rack, certSerialId: null, persistedOpState: IN_SERVICE, persistedOpStateExpiryEpochSec: 0}, ReplicationConfig: RATIS/ONE, State:ALLOCATED, leaderId:7bb1eb80-c113-41fd-8e62-543e67410fa1, CreationTimestamp2022-06-15T07:33:55.223Z[Etc/UTC]] moved to OPEN state
2022-06-15 07:33:58,225 [pool-160-thread-1] INFO  ratis.ContainerStateMachine (ContainerStateMachine.java:loadSnapshot(236)) - group-3B2F8C1D572F: The snapshot info is null. Setting the last applied indexto:(t:0, i:~)
2022-06-15 07:33:58,225 [pool-160-thread-1] INFO  server.RaftServerConfigKeys (ConfUtils.java:logGet(46)) - raft.server.notification.no-leader.timeout = 300000ms (custom)
2022-06-15 07:33:58,225 [pool-160-thread-1] INFO  server.RaftServerConfigKeys (ConfUtils.java:logGet(46)) - raft.server.log.use.memory = false (default)
2022-06-15 07:33:58,226 [pool-160-thread-1] INFO  server.RaftServerConfigKeys (ConfUtils.java:logGet(46)) - raft.server.log.purge.gap = 1000000 (custom)
2022-06-15 07:33:58,226 [pool-160-thread-1] INFO  server.RaftServerConfigKeys (ConfUtils.java:logGet(46)) - raft.server.log.appender.buffer.byte-limit = 33554432 (custom)
2022-06-15 07:33:58,226 [EventQueue-OpenPipelineForHealthyPipelineSafeModeRule] INFO  safemode.SCMSafeModeManager (HealthyPipelineSafeModeRule.java:process(124)) - SCM in safe mode. Healthy pipelines reported count is 0, required healthy pipeline reported count is 1
2022-06-15 07:33:58,226 [pool-160-thread-1] INFO  server.RaftServerConfigKeys (ConfUtils.java:logGet(46)) - raft.server.log.statemachine.data.read.timeout = 1000ms (default)
2022-06-15 07:33:58,227 [pool-160-thread-1] INFO  server.RaftServerConfigKeys (ConfUtils.java:logGet(46)) - raft.server.log.segment.size.max = 1048576 (custom)
2022-06-15 07:33:58,227 [pool-160-thread-1] INFO  server.RaftServerConfigKeys (ConfUtils.java:logGet(46)) - raft.server.log.segment.cache.num.max = 2 (custom)
2022-06-15 07:33:58,227 [pool-160-thread-1] INFO  server.RaftServerConfigKeys (ConfUtils.java:logGet(46)) - raft.server.log.segment.cache.size.max = 200MB (=209715200) (default)
2022-06-15 07:33:58,227 [pool-160-thread-1] INFO  segmented.SegmentedRaftLogWorker (SegmentedRaftLogWorker.java:<init>(187)) - new 7bb1eb80-c113-41fd-8e62-543e67410fa1@group-3B2F8C1D572F-SegmentedRaftLogWorker for RaftStorageImpl:Storage Directory /home/runner/work/ozone/ozone/hadoop-ozone/integration-test/target/test-dir/MiniOzoneClusterImpl-589494f2-24de-4a8c-8650-9a890bc48d46/datanode-4/data/ratis/15bcf9bc-3b70-440f-bba8-3b2f8c1d572f
2022-06-15 07:33:58,227 [pool-160-thread-1] INFO  server.RaftServerConfigKeys (ConfUtils.java:logGet(46)) - raft.server.log.queue.byte-limit = 4294967296 (custom)
2022-06-15 07:33:58,228 [pool-160-thread-1] INFO  server.RaftServerConfigKeys (ConfUtils.java:logGet(46)) - raft.server.log.queue.element-limit = 1024 (custom)
2022-06-15 07:33:58,228 [pool-160-thread-1] INFO  server.RaftServerConfigKeys (ConfUtils.java:logGet(46)) - raft.server.log.segment.size.max = 1048576 (custom)
2022-06-15 07:33:58,228 [pool-160-thread-1] INFO  server.RaftServerConfigKeys (ConfUtils.java:logGet(46)) - raft.server.log.preallocated.size = 16384 (custom)
2022-06-15 07:33:58,228 [pool-160-thread-1] INFO  server.RaftServerConfigKeys (ConfUtils.java:logGet(46)) - raft.server.log.force.sync.num = 128 (default)
2022-06-15 07:33:58,228 [pool-160-thread-1] INFO  server.RaftServerConfigKeys (ConfUtils.java:logGet(46)) - raft.server.log.statemachine.data.sync = true (default)
2022-06-15 07:33:58,228 [pool-160-thread-1] INFO  server.RaftServerConfigKeys (ConfUtils.java:logGet(46)) - raft.server.log.statemachine.data.sync.timeout = 10s (default)
2022-06-15 07:33:58,228 [pool-160-thread-1] INFO  server.RaftServerConfigKeys (ConfUtils.java:logGet(46)) - raft.server.log.statemachine.data.sync.timeout.retry = -1 (default)
2022-06-15 07:33:58,229 [pool-160-thread-1] INFO  server.RaftServerConfigKeys (ConfUtils.java:logGet(46)) - raft.server.log.write.buffer.size = 1048576 (custom)
2022-06-15 07:33:58,230 [pool-160-thread-1] INFO  server.RaftServerConfigKeys (ConfUtils.java:logGet(46)) - raft.server.log.unsafe-flush.enabled = false (default)
2022-06-15 07:33:58,230 [pool-160-thread-1] INFO  server.RaftServerConfigKeys (ConfUtils.java:logGet(46)) - raft.server.log.statemachine.data.caching.enabled = true (custom)
2022-06-15 07:33:58,230 [pool-160-thread-1] INFO  segmented.SegmentedRaftLogWorker (SegmentedRaftLogWorker.java:lambda$new$0(135)) - 7bb1eb80-c113-41fd-8e62-543e67410fa1@group-3B2F8C1D572F-SegmentedRaftLogWorker: flushIndex: setUnconditionally 0 -> -1
2022-06-15 07:33:58,230 [pool-160-thread-1] INFO  segmented.SegmentedRaftLogWorker (SegmentedRaftLogWorker.java:lambda$new$0(135)) - 7bb1eb80-c113-41fd-8e62-543e67410fa1@group-3B2F8C1D572F-SegmentedRaftLogWorker: safeCacheEvictIndex: setUnconditionally 0 -> -1
2022-06-15 07:33:58,230 [pool-160-thread-1] INFO  server.RaftServerConfigKeys (ConfUtils.java:logGet(46)) - raft.server.snapshot.auto.trigger.enabled = true (custom)
2022-06-15 07:33:58,230 [pool-160-thread-1] INFO  server.RaftServerConfigKeys (ConfUtils.java:logGet(46)) - raft.server.snapshot.auto.trigger.threshold = 1 (custom)
2022-06-15 07:33:58,230 [pool-160-thread-1] INFO  server.RaftServerConfigKeys (ConfUtils.java:logGet(46)) - raft.server.snapshot.retention.file.num = 5 (custom)
2022-06-15 07:33:58,230 [pool-160-thread-1] INFO  server.RaftServerConfigKeys (ConfUtils.java:logGet(46)) - raft.server.log.purge.upto.snapshot.index = false (default)
2022-06-15 07:33:58,230 [pool-160-thread-1] INFO  server.RaftServerConfigKeys (ConfUtils.java:logGet(46)) - raft.server.retrycache.expirytime = 600000ms (custom)
2022-06-15 07:33:58,230 [pool-160-thread-1] INFO  server.RaftServerConfigKeys (ConfUtils.java:logGet(46)) - raft.server.retrycache.statistics.expirytime = 100μs (default)
2022-06-15 07:33:58,231 [pool-160-thread-1] INFO  server.RaftServerConfigKeys (ConfUtils.java:logGet(46)) - raft.server.log.appender.install.snapshot.enabled = false (custom)
2022-06-15 07:33:58,232 [pool-160-thread-1] INFO  server.RaftServerConfigKeys (ConfUtils.java:logGet(46)) - raft.server.threadpool.server.cached = true (default)
2022-06-15 07:33:58,232 [pool-160-thread-1] INFO  server.RaftServerConfigKeys (ConfUtils.java:logGet(46)) - raft.server.threadpool.server.size = 0 (default)
2022-06-15 07:33:58,232 [pool-160-thread-1] INFO  server.RaftServerConfigKeys (ConfUtils.java:logGet(46)) - raft.server.threadpool.client.cached = true (default)
2022-06-15 07:33:58,232 [pool-160-thread-1] INFO  server.RaftServerConfigKeys (ConfUtils.java:logGet(46)) - raft.server.threadpool.client.size = 0 (default)
2022-06-15 07:33:58,232 [pool-160-thread-1] INFO  server.RaftServer$Division (RaftServerImpl.java:start(310)) - 7bb1eb80-c113-41fd-8e62-543e67410fa1@group-3B2F8C1D572F: start as a follower, conf=-1: [7bb1eb80-c113-41fd-8e62-543e67410fa1|rpc:10.1.0.11:37245|priority:1], old=null
2022-06-15 07:33:58,232 [pool-160-thread-1] INFO  server.RaftServer$Division (RaftServerImpl.java:setRole(299)) - 7bb1eb80-c113-41fd-8e62-543e67410fa1@group-3B2F8C1D572F: changes role from      null to FOLLOWER at term 0 for startAsFollower
2022-06-15 07:33:58,232 [pool-160-thread-1] INFO  impl.RoleInfo (RoleInfo.java:updateAndGet(139)) - 7bb1eb80-c113-41fd-8e62-543e67410fa1: start 7bb1eb80-c113-41fd-8e62-543e67410fa1@group-3B2F8C1D572F-FollowerState
2022-06-15 07:33:58,232 [pool-160-thread-1] INFO  util.JmxRegister (JmxRegister.java:tryRegister(44)) - Successfully registered JMX Bean with object name Ratis:service=RaftServer,group=group-3B2F8C1D572F,id=7bb1eb80-c113-41fd-8e62-543e67410fa1
2022-06-15 07:33:58,233 [Command processor thread] INFO  ratis.XceiverServerRatis (XceiverServerRatis.java:addGroup(765)) - Created group PipelineID=15bcf9bc-3b70-440f-bba8-3b2f8c1d572f
2022-06-15 07:33:58,233 [Command processor thread] INFO  commandhandler.CreatePipelineCommandHandler (CreatePipelineCommandHandler.java:handle(113)) - Created Pipeline RATIS ONE PipelineID=15bcf9bc-3b70-440f-bba8-3b2f8c1d572f.
2022-06-15 07:33:58,247 [EventQueue-OpenPipelineForHealthyPipelineSafeModeRule] INFO  safemode.SCMSafeModeManager (HealthyPipelineSafeModeRule.java:process(124)) - SCM in safe mode. Healthy pipelines reported count is 0, required healthy pipeline reported count is 1
2022-06-15 07:33:58,279 [EventQueue-OpenPipelineForHealthyPipelineSafeModeRule] INFO  safemode.SCMSafeModeManager (HealthyPipelineSafeModeRule.java:process(124)) - SCM in safe mode. Healthy pipelines reported count is 0, required healthy pipeline reported count is 1
2022-06-15 07:33:58,370 [EventQueue-OpenPipelineForHealthyPipelineSafeModeRule] INFO  safemode.SCMSafeModeManager (HealthyPipelineSafeModeRule.java:process(124)) - SCM in safe mode. Healthy pipelines reported count is 0, required healthy pipeline reported count is 1
2022-06-15 07:33:58,371 [EventQueue-OpenPipelineForHealthyPipelineSafeModeRule] INFO  safemode.SCMSafeModeManager (HealthyPipelineSafeModeRule.java:process(124)) - SCM in safe mode. Healthy pipelines reported count is 0, required healthy pipeline reported count is 1
2022-06-15 07:33:58,426 [EventQueue-OpenPipelineForHealthyPipelineSafeModeRule] INFO  safemode.SCMSafeModeManager (HealthyPipelineSafeModeRule.java:process(124)) - SCM in safe mode. Healthy pipelines reported count is 0, required healthy pipeline reported count is 1
2022-06-15 07:33:58,449 [EventQueue-OpenPipelineForHealthyPipelineSafeModeRule] INFO  safemode.SCMSafeModeManager (HealthyPipelineSafeModeRule.java:process(124)) - SCM in safe mode. Healthy pipelines reported count is 0, required healthy pipeline reported count is 1
2022-06-15 07:33:58,478 [EventQueue-OpenPipelineForHealthyPipelineSafeModeRule] INFO  safemode.SCMSafeModeManager (HealthyPipelineSafeModeRule.java:process(124)) - SCM in safe mode. Healthy pipelines reported count is 0, required healthy pipeline reported count is 1
2022-06-15 07:33:58,525 [Command processor thread] INFO  server.RaftServer (RaftServerProxy.java:addNew(96)) - b4f5d82c-04a6-4c81-89bd-99aee48f7148: addNew group-2D4117255111:[b4f5d82c-04a6-4c81-89bd-99aee48f7148|rpc:10.1.0.11:43229|priority:1] returns group-2D4117255111:java.util.concurrent.CompletableFuture@157bf742[Not completed]
2022-06-15 07:33:58,526 [pool-182-thread-1] INFO  server.RaftServer$Division (RaftServerImpl.java:<init>(190)) - b4f5d82c-04a6-4c81-89bd-99aee48f7148: new RaftServerImpl for group-2D4117255111:[b4f5d82c-04a6-4c81-89bd-99aee48f7148|rpc:10.1.0.11:43229|priority:1] with ContainerStateMachine:uninitialized
2022-06-15 07:33:58,526 [pool-182-thread-1] INFO  server.RaftServerConfigKeys (ConfUtils.java:logGet(46)) - raft.server.rpc.timeout.min = 5s (custom)
2022-06-15 07:33:58,526 [pool-182-thread-1] INFO  server.RaftServerConfigKeys (ConfUtils.java:logGet(46)) - raft.server.rpc.timeout.max = 5200ms (custom)
2022-06-15 07:33:58,526 [pool-182-thread-1] INFO  server.RaftServerConfigKeys (ConfUtils.java:logGet(46)) - raft.server.rpc.sleep.time = 25ms (default)
2022-06-15 07:33:58,526 [pool-182-thread-1] INFO  server.RaftServerConfigKeys (ConfUtils.java:logGet(46)) - raft.server.rpc.slowness.timeout = 300000ms (custom)
2022-06-15 07:33:58,526 [pool-182-thread-1] INFO  server.RaftServerConfigKeys (ConfUtils.java:logGet(46)) - raft.server.leaderelection.leader.step-down.wait-time = 10s (default)
2022-06-15 07:33:58,526 [pool-182-thread-1] INFO  server.RaftServerConfigKeys (ConfUtils.java:logGet(46)) - raft.server.sleep.deviation.threshold = 300ms (default)
2022-06-15 07:33:58,526 [pool-182-thread-1] INFO  server.RaftServer$Division (ServerState.java:<init>(107)) - b4f5d82c-04a6-4c81-89bd-99aee48f7148@group-2D4117255111: ConfigurationManager, init=-1: [b4f5d82c-04a6-4c81-89bd-99aee48f7148|rpc:10.1.0.11:43229|priority:1], old=null, confs=<EMPTY_MAP>
2022-06-15 07:33:58,526 [pool-182-thread-1] INFO  server.RaftServerConfigKeys (ConfUtils.java:logGet(46)) - raft.server.storage.dir = [/home/runner/work/ozone/ozone/hadoop-ozone/integration-test/target/test-dir/MiniOzoneClusterImpl-589494f2-24de-4a8c-8650-9a890bc48d46/datanode-5/data/ratis] (custom)
2022-06-15 07:33:58,527 [pool-182-thread-1] INFO  server.RaftServerConfigKeys (ConfUtils.java:logGet(46)) - raft.server.log.corruption.policy = EXCEPTION (default)
2022-06-15 07:33:58,527 [pool-182-thread-1] INFO  server.RaftServerConfigKeys (ConfUtils.java:logGet(46)) - raft.server.storage.free-space.min = 0MB (=0) (default)
2022-06-15 07:33:58,527 [pool-182-thread-1] INFO  storage.RaftStorageDirectory (RaftStorageDirectoryImpl.java:analyzeStorage(135)) - The storage directory /home/runner/work/ozone/ozone/hadoop-ozone/integration-test/target/test-dir/MiniOzoneClusterImpl-589494f2-24de-4a8c-8650-9a890bc48d46/datanode-5/data/ratis/be7de8d6-b261-4375-91ae-2d4117255111 does not exist. Creating ...
2022-06-15 07:33:58,528 [pool-182-thread-1] INFO  storage.RaftStorageDirectory (RaftStorageDirectoryImpl.java:tryLock(230)) - Lock on /home/runner/work/ozone/ozone/hadoop-ozone/integration-test/target/test-dir/MiniOzoneClusterImpl-589494f2-24de-4a8c-8650-9a890bc48d46/datanode-5/data/ratis/be7de8d6-b261-4375-91ae-2d4117255111/in_use.lock acquired by nodename 5140@fv-az121-418
2022-06-15 07:33:58,531 [pool-182-thread-1] INFO  storage.RaftStorage (RaftStorageImpl.java:format(89)) - Storage directory /home/runner/work/ozone/ozone/hadoop-ozone/integration-test/target/test-dir/MiniOzoneClusterImpl-589494f2-24de-4a8c-8650-9a890bc48d46/datanode-5/data/ratis/be7de8d6-b261-4375-91ae-2d4117255111 has been successfully formatted.
2022-06-15 07:33:58,531 [pool-182-thread-1] INFO  ratis.ContainerStateMachine (ContainerStateMachine.java:loadSnapshot(236)) - group-2D4117255111: The snapshot info is null. Setting the last applied indexto:(t:0, i:~)
2022-06-15 07:33:58,531 [pool-182-thread-1] INFO  server.RaftServerConfigKeys (ConfUtils.java:logGet(46)) - raft.server.notification.no-leader.timeout = 300000ms (custom)
2022-06-15 07:33:58,531 [pool-182-thread-1] INFO  server.RaftServerConfigKeys (ConfUtils.java:logGet(46)) - raft.server.log.use.memory = false (default)
2022-06-15 07:33:58,531 [pool-182-thread-1] INFO  server.RaftServerConfigKeys (ConfUtils.java:logGet(46)) - raft.server.log.purge.gap = 1000000 (custom)
2022-06-15 07:33:58,531 [pool-182-thread-1] INFO  server.RaftServerConfigKeys (ConfUtils.java:logGet(46)) - raft.server.log.appender.buffer.byte-limit = 33554432 (custom)
2022-06-15 07:33:58,532 [pool-182-thread-1] INFO  server.RaftServerConfigKeys (ConfUtils.java:logGet(46)) - raft.server.log.statemachine.data.read.timeout = 1000ms (default)
2022-06-15 07:33:58,532 [EventQueue-PipelineReportForPipelineReportHandler] INFO  pipeline.PipelineManagerImpl (PipelineManagerImpl.java:openPipeline(356)) - Pipeline Pipeline[ Id: be7de8d6-b261-4375-91ae-2d4117255111, Nodes: b4f5d82c-04a6-4c81-89bd-99aee48f7148{ip: 10.1.0.11, host: fv-az121-418.xhy4bhhdincepo0av04agjzkjc.cx.internal.cloudapp.net, ports: [REPLICATION=36423, RATIS=43229, RATIS_ADMIN=43229, RATIS_SERVER=43229, STANDALONE=35685], networkLocation: /default-rack, certSerialId: null, persistedOpState: IN_SERVICE, persistedOpStateExpiryEpochSec: 0}, ReplicationConfig: RATIS/ONE, State:ALLOCATED, leaderId:b4f5d82c-04a6-4c81-89bd-99aee48f7148, CreationTimestamp2022-06-15T07:33:55.531Z[Etc/UTC]] moved to OPEN state
2022-06-15 07:33:58,533 [EventQueue-OpenPipelineForHealthyPipelineSafeModeRule] INFO  safemode.SCMSafeModeManager (HealthyPipelineSafeModeRule.java:process(124)) - SCM in safe mode. Healthy pipelines reported count is 0, required healthy pipeline reported count is 1
2022-06-15 07:33:58,534 [pool-182-thread-1] INFO  server.RaftServerConfigKeys (ConfUtils.java:logGet(46)) - raft.server.log.segment.size.max = 1048576 (custom)
2022-06-15 07:33:58,535 [pool-182-thread-1] INFO  server.RaftServerConfigKeys (ConfUtils.java:logGet(46)) - raft.server.log.segment.cache.num.max = 2 (custom)
2022-06-15 07:33:58,535 [pool-182-thread-1] INFO  server.RaftServerConfigKeys (ConfUtils.java:logGet(46)) - raft.server.log.segment.cache.size.max = 200MB (=209715200) (default)
2022-06-15 07:33:58,535 [pool-182-thread-1] INFO  segmented.SegmentedRaftLogWorker (SegmentedRaftLogWorker.java:<init>(187)) - new b4f5d82c-04a6-4c81-89bd-99aee48f7148@group-2D4117255111-SegmentedRaftLogWorker for RaftStorageImpl:Storage Directory /home/runner/work/ozone/ozone/hadoop-ozone/integration-test/target/test-dir/MiniOzoneClusterImpl-589494f2-24de-4a8c-8650-9a890bc48d46/datanode-5/data/ratis/be7de8d6-b261-4375-91ae-2d4117255111
2022-06-15 07:33:58,536 [pool-182-thread-1] INFO  server.RaftServerConfigKeys (ConfUtils.java:logGet(46)) - raft.server.log.queue.byte-limit = 4294967296 (custom)
2022-06-15 07:33:58,536 [pool-182-thread-1] INFO  server.RaftServerConfigKeys (ConfUtils.java:logGet(46)) - raft.server.log.queue.element-limit = 1024 (custom)
2022-06-15 07:33:58,536 [pool-182-thread-1] INFO  server.RaftServerConfigKeys (ConfUtils.java:logGet(46)) - raft.server.log.segment.size.max = 1048576 (custom)
2022-06-15 07:33:58,536 [pool-182-thread-1] INFO  server.RaftServerConfigKeys (ConfUtils.java:logGet(46)) - raft.server.log.preallocated.size = 16384 (custom)
2022-06-15 07:33:58,536 [pool-182-thread-1] INFO  server.RaftServerConfigKeys (ConfUtils.java:logGet(46)) - raft.server.log.force.sync.num = 128 (default)
2022-06-15 07:33:58,536 [pool-182-thread-1] INFO  server.RaftServerConfigKeys (ConfUtils.java:logGet(46)) - raft.server.log.statemachine.data.sync = true (default)
2022-06-15 07:33:58,536 [pool-182-thread-1] INFO  server.RaftServerConfigKeys (ConfUtils.java:logGet(46)) - raft.server.log.statemachine.data.sync.timeout = 10s (default)
2022-06-15 07:33:58,536 [pool-182-thread-1] INFO  server.RaftServerConfigKeys (ConfUtils.java:logGet(46)) - raft.server.log.statemachine.data.sync.timeout.retry = -1 (default)
2022-06-15 07:33:58,537 [pool-182-thread-1] INFO  server.RaftServerConfigKeys (ConfUtils.java:logGet(46)) - raft.server.log.write.buffer.size = 1048576 (custom)
2022-06-15 07:33:58,537 [pool-182-thread-1] INFO  server.RaftServerConfigKeys (ConfUtils.java:logGet(46)) - raft.server.log.unsafe-flush.enabled = false (default)
2022-06-15 07:33:58,537 [pool-182-thread-1] INFO  server.RaftServerConfigKeys (ConfUtils.java:logGet(46)) - raft.server.log.statemachine.data.caching.enabled = true (custom)
2022-06-15 07:33:58,537 [pool-182-thread-1] INFO  segmented.SegmentedRaftLogWorker (SegmentedRaftLogWorker.java:lambda$new$0(135)) - b4f5d82c-04a6-4c81-89bd-99aee48f7148@group-2D4117255111-SegmentedRaftLogWorker: flushIndex: setUnconditionally 0 -> -1
2022-06-15 07:33:58,538 [pool-182-thread-1] INFO  segmented.SegmentedRaftLogWorker (SegmentedRaftLogWorker.java:lambda$new$0(135)) - b4f5d82c-04a6-4c81-89bd-99aee48f7148@group-2D4117255111-SegmentedRaftLogWorker: safeCacheEvictIndex: setUnconditionally 0 -> -1
2022-06-15 07:33:58,541 [pool-182-thread-1] INFO  server.RaftServerConfigKeys (ConfUtils.java:logGet(46)) - raft.server.snapshot.auto.trigger.enabled = true (custom)
2022-06-15 07:33:58,542 [pool-182-thread-1] INFO  server.RaftServerConfigKeys (ConfUtils.java:logGet(46)) - raft.server.snapshot.auto.trigger.threshold = 1 (custom)
2022-06-15 07:33:58,542 [pool-182-thread-1] INFO  server.RaftServerConfigKeys (ConfUtils.java:logGet(46)) - raft.server.snapshot.retention.file.num = 5 (custom)
2022-06-15 07:33:58,542 [pool-182-thread-1] INFO  server.RaftServerConfigKeys (ConfUtils.java:logGet(46)) - raft.server.log.purge.upto.snapshot.index = false (default)
2022-06-15 07:33:58,542 [pool-182-thread-1] INFO  server.RaftServerConfigKeys (ConfUtils.java:logGet(46)) - raft.server.retrycache.expirytime = 600000ms (custom)
2022-06-15 07:33:58,542 [pool-182-thread-1] INFO  server.RaftServerConfigKeys (ConfUtils.java:logGet(46)) - raft.server.retrycache.statistics.expirytime = 100μs (default)
2022-06-15 07:33:58,543 [pool-182-thread-1] INFO  server.RaftServerConfigKeys (ConfUtils.java:logGet(46)) - raft.server.log.appender.install.snapshot.enabled = false (custom)
2022-06-15 07:33:58,543 [pool-182-thread-1] INFO  server.RaftServerConfigKeys (ConfUtils.java:logGet(46)) - raft.server.threadpool.server.cached = true (default)
2022-06-15 07:33:58,543 [pool-182-thread-1] INFO  server.RaftServerConfigKeys (ConfUtils.java:logGet(46)) - raft.server.threadpool.server.size = 0 (default)
2022-06-15 07:33:58,543 [pool-182-thread-1] INFO  server.RaftServerConfigKeys (ConfUtils.java:logGet(46)) - raft.server.threadpool.client.cached = true (default)
2022-06-15 07:33:58,544 [pool-182-thread-1] INFO  server.RaftServerConfigKeys (ConfUtils.java:logGet(46)) - raft.server.threadpool.client.size = 0 (default)
2022-06-15 07:33:58,545 [pool-182-thread-1] INFO  server.RaftServer$Division (RaftServerImpl.java:start(310)) - b4f5d82c-04a6-4c81-89bd-99aee48f7148@group-2D4117255111: start as a follower, conf=-1: [b4f5d82c-04a6-4c81-89bd-99aee48f7148|rpc:10.1.0.11:43229|priority:1], old=null
2022-06-15 07:33:58,545 [pool-182-thread-1] INFO  server.RaftServer$Division (RaftServerImpl.java:setRole(299)) - b4f5d82c-04a6-4c81-89bd-99aee48f7148@group-2D4117255111: changes role from      null to FOLLOWER at term 0 for startAsFollower
2022-06-15 07:33:58,545 [pool-182-thread-1] INFO  impl.RoleInfo (RoleInfo.java:updateAndGet(139)) - b4f5d82c-04a6-4c81-89bd-99aee48f7148: start b4f5d82c-04a6-4c81-89bd-99aee48f7148@group-2D4117255111-FollowerState
2022-06-15 07:33:58,545 [pool-182-thread-1] INFO  util.JmxRegister (JmxRegister.java:tryRegister(44)) - Successfully registered JMX Bean with object name Ratis:service=RaftServer,group=group-2D4117255111,id=b4f5d82c-04a6-4c81-89bd-99aee48f7148
2022-06-15 07:33:58,546 [Command processor thread] INFO  ratis.XceiverServerRatis (XceiverServerRatis.java:addGroup(765)) - Created group PipelineID=be7de8d6-b261-4375-91ae-2d4117255111
2022-06-15 07:33:58,546 [Command processor thread] INFO  commandhandler.CreatePipelineCommandHandler (CreatePipelineCommandHandler.java:handle(113)) - Created Pipeline RATIS ONE PipelineID=be7de8d6-b261-4375-91ae-2d4117255111.
2022-06-15 07:33:58,572 [EventQueue-OpenPipelineForHealthyPipelineSafeModeRule] INFO  safemode.SCMSafeModeManager (HealthyPipelineSafeModeRule.java:process(124)) - SCM in safe mode. Healthy pipelines reported count is 0, required healthy pipeline reported count is 1
2022-06-15 07:33:58,648 [EventQueue-OpenPipelineForHealthyPipelineSafeModeRule] INFO  safemode.SCMSafeModeManager (HealthyPipelineSafeModeRule.java:process(124)) - SCM in safe mode. Healthy pipelines reported count is 0, required healthy pipeline reported count is 1
2022-06-15 07:33:58,678 [EventQueue-OpenPipelineForHealthyPipelineSafeModeRule] INFO  safemode.SCMSafeModeManager (HealthyPipelineSafeModeRule.java:process(124)) - SCM in safe mode. Healthy pipelines reported count is 0, required healthy pipeline reported count is 1
2022-06-15 07:33:58,769 [EventQueue-OpenPipelineForHealthyPipelineSafeModeRule] INFO  safemode.SCMSafeModeManager (HealthyPipelineSafeModeRule.java:process(124)) - SCM in safe mode. Healthy pipelines reported count is 0, required healthy pipeline reported count is 1
2022-06-15 07:33:58,826 [EventQueue-OpenPipelineForHealthyPipelineSafeModeRule] INFO  safemode.SCMSafeModeManager (HealthyPipelineSafeModeRule.java:process(124)) - SCM in safe mode. Healthy pipelines reported count is 0, required healthy pipeline reported count is 1
2022-06-15 07:33:58,927 [Command processor thread] INFO  server.RaftServer (RaftServerProxy.java:addNew(96)) - a73ef743-905e-425d-956f-6fe1cf0283a9: addNew group-F776353CD424:[a73ef743-905e-425d-956f-6fe1cf0283a9|rpc:10.1.0.11:34113|priority:1] returns group-F776353CD424:java.util.concurrent.CompletableFuture@2f6dc568[Not completed]
2022-06-15 07:33:58,928 [pool-204-thread-1] INFO  server.RaftServer$Division (RaftServerImpl.java:<init>(190)) - a73ef743-905e-425d-956f-6fe1cf0283a9: new RaftServerImpl for group-F776353CD424:[a73ef743-905e-425d-956f-6fe1cf0283a9|rpc:10.1.0.11:34113|priority:1] with ContainerStateMachine:uninitialized
2022-06-15 07:33:58,928 [pool-204-thread-1] INFO  server.RaftServerConfigKeys (ConfUtils.java:logGet(46)) - raft.server.rpc.timeout.min = 5s (custom)
2022-06-15 07:33:58,929 [pool-204-thread-1] INFO  server.RaftServerConfigKeys (ConfUtils.java:logGet(46)) - raft.server.rpc.timeout.max = 5200ms (custom)
2022-06-15 07:33:58,929 [pool-204-thread-1] INFO  server.RaftServerConfigKeys (ConfUtils.java:logGet(46)) - raft.server.rpc.sleep.time = 25ms (default)
2022-06-15 07:33:58,929 [pool-204-thread-1] INFO  server.RaftServerConfigKeys (ConfUtils.java:logGet(46)) - raft.server.rpc.slowness.timeout = 300000ms (custom)
2022-06-15 07:33:58,929 [pool-204-thread-1] INFO  server.RaftServerConfigKeys (ConfUtils.java:logGet(46)) - raft.server.leaderelection.leader.step-down.wait-time = 10s (default)
2022-06-15 07:33:58,929 [pool-204-thread-1] INFO  server.RaftServerConfigKeys (ConfUtils.java:logGet(46)) - raft.server.sleep.deviation.threshold = 300ms (default)
2022-06-15 07:33:58,929 [pool-204-thread-1] INFO  server.RaftServer$Division (ServerState.java:<init>(107)) - a73ef743-905e-425d-956f-6fe1cf0283a9@group-F776353CD424: ConfigurationManager, init=-1: [a73ef743-905e-425d-956f-6fe1cf0283a9|rpc:10.1.0.11:34113|priority:1], old=null, confs=<EMPTY_MAP>
2022-06-15 07:33:58,929 [pool-204-thread-1] INFO  server.RaftServerConfigKeys (ConfUtils.java:logGet(46)) - raft.server.storage.dir = [/home/runner/work/ozone/ozone/hadoop-ozone/integration-test/target/test-dir/MiniOzoneClusterImpl-589494f2-24de-4a8c-8650-9a890bc48d46/datanode-6/data/ratis] (custom)
2022-06-15 07:33:58,929 [pool-204-thread-1] INFO  server.RaftServerConfigKeys (ConfUtils.java:logGet(46)) - raft.server.log.corruption.policy = EXCEPTION (default)
2022-06-15 07:33:58,929 [pool-204-thread-1] INFO  server.RaftServerConfigKeys (ConfUtils.java:logGet(46)) - raft.server.storage.free-space.min = 0MB (=0) (default)
2022-06-15 07:33:58,929 [pool-204-thread-1] INFO  storage.RaftStorageDirectory (RaftStorageDirectoryImpl.java:analyzeStorage(135)) - The storage directory /home/runner/work/ozone/ozone/hadoop-ozone/integration-test/target/test-dir/MiniOzoneClusterImpl-589494f2-24de-4a8c-8650-9a890bc48d46/datanode-6/data/ratis/30eb1841-1c0d-45f5-b929-f776353cd424 does not exist. Creating ...
2022-06-15 07:33:58,931 [pool-204-thread-1] INFO  storage.RaftStorageDirectory (RaftStorageDirectoryImpl.java:tryLock(230)) - Lock on /home/runner/work/ozone/ozone/hadoop-ozone/integration-test/target/test-dir/MiniOzoneClusterImpl-589494f2-24de-4a8c-8650-9a890bc48d46/datanode-6/data/ratis/30eb1841-1c0d-45f5-b929-f776353cd424/in_use.lock acquired by nodename 5140@fv-az121-418
2022-06-15 07:33:58,932 [pool-204-thread-1] INFO  storage.RaftStorage (RaftStorageImpl.java:format(89)) - Storage directory /home/runner/work/ozone/ozone/hadoop-ozone/integration-test/target/test-dir/MiniOzoneClusterImpl-589494f2-24de-4a8c-8650-9a890bc48d46/datanode-6/data/ratis/30eb1841-1c0d-45f5-b929-f776353cd424 has been successfully formatted.
2022-06-15 07:33:58,933 [EventQueue-OpenPipelineForHealthyPipelineSafeModeRule] INFO  safemode.SCMSafeModeManager (HealthyPipelineSafeModeRule.java:process(124)) - SCM in safe mode. Healthy pipelines reported count is 0, required healthy pipeline reported count is 1
2022-06-15 07:33:58,933 [Listener at 127.0.0.1/34461] INFO  ozone.MiniOzoneClusterImpl (MiniOzoneClusterImpl.java:lambda$waitForClusterToBeReady$0(221)) - Nodes are ready. Got 10 of 10 DN Heartbeats.
2022-06-15 07:33:58,933 [Listener at 127.0.0.1/34461] INFO  ozone.MiniOzoneClusterImpl (MiniOzoneClusterImpl.java:lambda$waitForClusterToBeReady$0(224)) - Waiting for cluster to exit safe mode
2022-06-15 07:33:58,933 [pool-204-thread-1] INFO  ratis.ContainerStateMachine (ContainerStateMachine.java:loadSnapshot(236)) - group-F776353CD424: The snapshot info is null. Setting the last applied indexto:(t:0, i:~)
2022-06-15 07:33:58,934 [pool-204-thread-1] INFO  server.RaftServerConfigKeys (ConfUtils.java:logGet(46)) - raft.server.notification.no-leader.timeout = 300000ms (custom)
2022-06-15 07:33:58,934 [pool-204-thread-1] INFO  server.RaftServerConfigKeys (ConfUtils.java:logGet(46)) - raft.server.log.use.memory = false (default)
2022-06-15 07:33:58,934 [pool-204-thread-1] INFO  server.RaftServerConfigKeys (ConfUtils.java:logGet(46)) - raft.server.log.purge.gap = 1000000 (custom)
2022-06-15 07:33:58,934 [pool-204-thread-1] INFO  server.RaftServerConfigKeys (ConfUtils.java:logGet(46)) - raft.server.log.appender.buffer.byte-limit = 33554432 (custom)
2022-06-15 07:33:58,934 [EventQueue-PipelineReportForPipelineReportHandler] INFO  pipeline.PipelineManagerImpl (PipelineManagerImpl.java:openPipeline(356)) - Pipeline Pipeline[ Id: 30eb1841-1c0d-45f5-b929-f776353cd424, Nodes: a73ef743-905e-425d-956f-6fe1cf0283a9{ip: 10.1.0.11, host: fv-az121-418.xhy4bhhdincepo0av04agjzkjc.cx.internal.cloudapp.net, ports: [REPLICATION=36929, RATIS=34113, RATIS_ADMIN=34113, RATIS_SERVER=34113, STANDALONE=44513], networkLocation: /default-rack, certSerialId: null, persistedOpState: IN_SERVICE, persistedOpStateExpiryEpochSec: 0}, ReplicationConfig: RATIS/ONE, State:ALLOCATED, leaderId:a73ef743-905e-425d-956f-6fe1cf0283a9, CreationTimestamp2022-06-15T07:33:55.936Z[Etc/UTC]] moved to OPEN state
2022-06-15 07:33:58,933 [Listener at 127.0.0.1/34461] INFO  ozone.MiniOzoneClusterImpl (MiniOzoneClusterImpl.java:lambda$waitForClusterToBeReady$0(226)) - SCM became leader
2022-06-15 07:33:58,934 [pool-204-thread-1] INFO  server.RaftServerConfigKeys (ConfUtils.java:logGet(46)) - raft.server.log.statemachine.data.read.timeout = 1000ms (default)
2022-06-15 07:33:58,936 [EventQueue-OpenPipelineForHealthyPipelineSafeModeRule] INFO  safemode.SCMSafeModeManager (HealthyPipelineSafeModeRule.java:process(124)) - SCM in safe mode. Healthy pipelines reported count is 0, required healthy pipeline reported count is 1
2022-06-15 07:33:58,936 [pool-204-thread-1] INFO  server.RaftServerConfigKeys (ConfUtils.java:logGet(46)) - raft.server.log.segment.size.max = 1048576 (custom)
2022-06-15 07:33:58,936 [pool-204-thread-1] INFO  server.RaftServerConfigKeys (ConfUtils.java:logGet(46)) - raft.server.log.segment.cache.num.max = 2 (custom)
2022-06-15 07:33:58,936 [pool-204-thread-1] INFO  server.RaftServerConfigKeys (ConfUtils.java:logGet(46)) - raft.server.log.segment.cache.size.max = 200MB (=209715200) (default)
2022-06-15 07:33:58,937 [pool-204-thread-1] INFO  segmented.SegmentedRaftLogWorker (SegmentedRaftLogWorker.java:<init>(187)) - new a73ef743-905e-425d-956f-6fe1cf0283a9@group-F776353CD424-SegmentedRaftLogWorker for RaftStorageImpl:Storage Directory /home/runner/work/ozone/ozone/hadoop-ozone/integration-test/target/test-dir/MiniOzoneClusterImpl-589494f2-24de-4a8c-8650-9a890bc48d46/datanode-6/data/ratis/30eb1841-1c0d-45f5-b929-f776353cd424
2022-06-15 07:33:58,937 [pool-204-thread-1] INFO  server.RaftServerConfigKeys (ConfUtils.java:logGet(46)) - raft.server.log.queue.byte-limit = 4294967296 (custom)
2022-06-15 07:33:58,937 [pool-204-thread-1] INFO  server.RaftServerConfigKeys (ConfUtils.java:logGet(46)) - raft.server.log.queue.element-limit = 1024 (custom)
2022-06-15 07:33:58,937 [pool-204-thread-1] INFO  server.RaftServerConfigKeys (ConfUtils.java:logGet(46)) - raft.server.log.segment.size.max = 1048576 (custom)
2022-06-15 07:33:58,937 [pool-204-thread-1] INFO  server.RaftServerConfigKeys (ConfUtils.java:logGet(46)) - raft.server.log.preallocated.size = 16384 (custom)
2022-06-15 07:33:58,937 [pool-204-thread-1] INFO  server.RaftServerConfigKeys (ConfUtils.java:logGet(46)) - raft.server.log.force.sync.num = 128 (default)
2022-06-15 07:33:58,937 [pool-204-thread-1] INFO  server.RaftServerConfigKeys (ConfUtils.java:logGet(46)) - raft.server.log.statemachine.data.sync = true (default)
2022-06-15 07:33:58,937 [pool-204-thread-1] INFO  server.RaftServerConfigKeys (ConfUtils.java:logGet(46)) - raft.server.log.statemachine.data.sync.timeout = 10s (default)
2022-06-15 07:33:58,937 [pool-204-thread-1] INFO  server.RaftServerConfigKeys (ConfUtils.java:logGet(46)) - raft.server.log.statemachine.data.sync.timeout.retry = -1 (default)
2022-06-15 07:33:58,938 [pool-204-thread-1] INFO  server.RaftServerConfigKeys (ConfUtils.java:logGet(46)) - raft.server.log.write.buffer.size = 1048576 (custom)
2022-06-15 07:33:58,938 [pool-204-thread-1] INFO  server.RaftServerConfigKeys (ConfUtils.java:logGet(46)) - raft.server.log.unsafe-flush.enabled = false (default)
2022-06-15 07:33:58,938 [pool-204-thread-1] INFO  server.RaftServerConfigKeys (ConfUtils.java:logGet(46)) - raft.server.log.statemachine.data.caching.enabled = true (custom)
2022-06-15 07:33:58,938 [pool-204-thread-1] INFO  segmented.SegmentedRaftLogWorker (SegmentedRaftLogWorker.java:lambda$new$0(135)) - a73ef743-905e-425d-956f-6fe1cf0283a9@group-F776353CD424-SegmentedRaftLogWorker: flushIndex: setUnconditionally 0 -> -1
2022-06-15 07:33:58,938 [pool-204-thread-1] INFO  segmented.SegmentedRaftLogWorker (SegmentedRaftLogWorker.java:lambda$new$0(135)) - a73ef743-905e-425d-956f-6fe1cf0283a9@group-F776353CD424-SegmentedRaftLogWorker: safeCacheEvictIndex: setUnconditionally 0 -> -1
2022-06-15 07:33:58,940 [pool-204-thread-1] INFO  server.RaftServerConfigKeys (ConfUtils.java:logGet(46)) - raft.server.snapshot.auto.trigger.enabled = true (custom)
2022-06-15 07:33:58,940 [pool-204-thread-1] INFO  server.RaftServerConfigKeys (ConfUtils.java:logGet(46)) - raft.server.snapshot.auto.trigger.threshold = 1 (custom)
2022-06-15 07:33:58,940 [pool-204-thread-1] INFO  server.RaftServerConfigKeys (ConfUtils.java:logGet(46)) - raft.server.snapshot.retention.file.num = 5 (custom)
2022-06-15 07:33:58,940 [pool-204-thread-1] INFO  server.RaftServerConfigKeys (ConfUtils.java:logGet(46)) - raft.server.log.purge.upto.snapshot.index = false (default)
2022-06-15 07:33:58,940 [pool-204-thread-1] INFO  server.RaftServerConfigKeys (ConfUtils.java:logGet(46)) - raft.server.retrycache.expirytime = 600000ms (custom)
2022-06-15 07:33:58,940 [pool-204-thread-1] INFO  server.RaftServerConfigKeys (ConfUtils.java:logGet(46)) - raft.server.retrycache.statistics.expirytime = 100μs (default)
2022-06-15 07:33:58,941 [pool-204-thread-1] INFO  server.RaftServerConfigKeys (ConfUtils.java:logGet(46)) - raft.server.log.appender.install.snapshot.enabled = false (custom)
2022-06-15 07:33:58,942 [pool-204-thread-1] INFO  server.RaftServerConfigKeys (ConfUtils.java:logGet(46)) - raft.server.threadpool.server.cached = true (default)
2022-06-15 07:33:58,942 [pool-204-thread-1] INFO  server.RaftServerConfigKeys (ConfUtils.java:logGet(46)) - raft.server.threadpool.server.size = 0 (default)
2022-06-15 07:33:58,942 [pool-204-thread-1] INFO  server.RaftServerConfigKeys (ConfUtils.java:logGet(46)) - raft.server.threadpool.client.cached = true (default)
2022-06-15 07:33:58,942 [pool-204-thread-1] INFO  server.RaftServerConfigKeys (ConfUtils.java:logGet(46)) - raft.server.threadpool.client.size = 0 (default)
2022-06-15 07:33:58,942 [pool-204-thread-1] INFO  server.RaftServer$Division (RaftServerImpl.java:start(310)) - a73ef743-905e-425d-956f-6fe1cf0283a9@group-F776353CD424: start as a follower, conf=-1: [a73ef743-905e-425d-956f-6fe1cf0283a9|rpc:10.1.0.11:34113|priority:1], old=null
2022-06-15 07:33:58,942 [pool-204-thread-1] INFO  server.RaftServer$Division (RaftServerImpl.java:setRole(299)) - a73ef743-905e-425d-956f-6fe1cf0283a9@group-F776353CD424: changes role from      null to FOLLOWER at term 0 for startAsFollower
2022-06-15 07:33:58,942 [pool-204-thread-1] INFO  impl.RoleInfo (RoleInfo.java:updateAndGet(139)) - a73ef743-905e-425d-956f-6fe1cf0283a9: start a73ef743-905e-425d-956f-6fe1cf0283a9@group-F776353CD424-FollowerState
2022-06-15 07:33:58,949 [pool-204-thread-1] INFO  util.JmxRegister (JmxRegister.java:tryRegister(44)) - Successfully registered JMX Bean with object name Ratis:service=RaftServer,group=group-F776353CD424,id=a73ef743-905e-425d-956f-6fe1cf0283a9
2022-06-15 07:33:58,952 [Command processor thread] INFO  ratis.XceiverServerRatis (XceiverServerRatis.java:addGroup(765)) - Created group PipelineID=30eb1841-1c0d-45f5-b929-f776353cd424
2022-06-15 07:33:58,952 [Command processor thread] INFO  commandhandler.CreatePipelineCommandHandler (CreatePipelineCommandHandler.java:handle(113)) - Created Pipeline RATIS ONE PipelineID=30eb1841-1c0d-45f5-b929-f776353cd424.
2022-06-15 07:33:58,952 [Command processor thread] INFO  server.RaftServer (RaftServerProxy.java:addNew(96)) - a73ef743-905e-425d-956f-6fe1cf0283a9: addNew group-01DBEE4F6C09:[2ba0c2a5-1748-4da9-81e4-5266296b4b8f|rpc:10.1.0.11:43465|priority:1, a73ef743-905e-425d-956f-6fe1cf0283a9|rpc:10.1.0.11:34113|priority:0, 309b0a9a-ca0d-4cb3-b4c4-40bf1bc4f3ac|rpc:10.1.0.11:44617|priority:0] returns group-01DBEE4F6C09:java.util.concurrent.CompletableFuture@2b52445d[Not completed]
2022-06-15 07:33:58,953 [pool-204-thread-1] INFO  server.RaftServer$Division (RaftServerImpl.java:<init>(190)) - a73ef743-905e-425d-956f-6fe1cf0283a9: new RaftServerImpl for group-01DBEE4F6C09:[2ba0c2a5-1748-4da9-81e4-5266296b4b8f|rpc:10.1.0.11:43465|priority:1, a73ef743-905e-425d-956f-6fe1cf0283a9|rpc:10.1.0.11:34113|priority:0, 309b0a9a-ca0d-4cb3-b4c4-40bf1bc4f3ac|rpc:10.1.0.11:44617|priority:0] with ContainerStateMachine:uninitialized
2022-06-15 07:33:58,954 [pool-204-thread-1] INFO  server.RaftServerConfigKeys (ConfUtils.java:logGet(46)) - raft.server.rpc.timeout.min = 5s (custom)
2022-06-15 07:33:58,954 [pool-204-thread-1] INFO  server.RaftServerConfigKeys (ConfUtils.java:logGet(46)) - raft.server.rpc.timeout.max = 5200ms (custom)
2022-06-15 07:33:58,954 [pool-204-thread-1] INFO  server.RaftServerConfigKeys (ConfUtils.java:logGet(46)) - raft.server.rpc.sleep.time = 25ms (default)
2022-06-15 07:33:58,954 [pool-204-thread-1] INFO  server.RaftServerConfigKeys (ConfUtils.java:logGet(46)) - raft.server.rpc.slowness.timeout = 300000ms (custom)
2022-06-15 07:33:58,954 [pool-204-thread-1] INFO  server.RaftServerConfigKeys (ConfUtils.java:logGet(46)) - raft.server.leaderelection.leader.step-down.wait-time = 10s (default)
2022-06-15 07:33:58,954 [pool-204-thread-1] INFO  server.RaftServerConfigKeys (ConfUtils.java:logGet(46)) - raft.server.sleep.deviation.threshold = 300ms (default)
2022-06-15 07:33:58,954 [pool-204-thread-1] INFO  server.RaftServer$Division (ServerState.java:<init>(107)) - a73ef743-905e-425d-956f-6fe1cf0283a9@group-01DBEE4F6C09: ConfigurationManager, init=-1: [2ba0c2a5-1748-4da9-81e4-5266296b4b8f|rpc:10.1.0.11:43465|priority:1, a73ef743-905e-425d-956f-6fe1cf0283a9|rpc:10.1.0.11:34113|priority:0, 309b0a9a-ca0d-4cb3-b4c4-40bf1bc4f3ac|rpc:10.1.0.11:44617|priority:0], old=null, confs=<EMPTY_MAP>
2022-06-15 07:33:58,954 [pool-204-thread-1] INFO  server.RaftServerConfigKeys (ConfUtils.java:logGet(46)) - raft.server.storage.dir = [/home/runner/work/ozone/ozone/hadoop-ozone/integration-test/target/test-dir/MiniOzoneClusterImpl-589494f2-24de-4a8c-8650-9a890bc48d46/datanode-6/data/ratis] (custom)
2022-06-15 07:33:58,954 [pool-204-thread-1] INFO  server.RaftServerConfigKeys (ConfUtils.java:logGet(46)) - raft.server.log.corruption.policy = EXCEPTION (default)
2022-06-15 07:33:58,954 [pool-204-thread-1] INFO  server.RaftServerConfigKeys (ConfUtils.java:logGet(46)) - raft.server.storage.free-space.min = 0MB (=0) (default)
2022-06-15 07:33:58,954 [pool-204-thread-1] INFO  storage.RaftStorageDirectory (RaftStorageDirectoryImpl.java:analyzeStorage(135)) - The storage directory /home/runner/work/ozone/ozone/hadoop-ozone/integration-test/target/test-dir/MiniOzoneClusterImpl-589494f2-24de-4a8c-8650-9a890bc48d46/datanode-6/data/ratis/684fd514-47d7-4728-984b-01dbee4f6c09 does not exist. Creating ...
2022-06-15 07:33:58,957 [pool-204-thread-1] INFO  storage.RaftStorageDirectory (RaftStorageDirectoryImpl.java:tryLock(230)) - Lock on /home/runner/work/ozone/ozone/hadoop-ozone/integration-test/target/test-dir/MiniOzoneClusterImpl-589494f2-24de-4a8c-8650-9a890bc48d46/datanode-6/data/ratis/684fd514-47d7-4728-984b-01dbee4f6c09/in_use.lock acquired by nodename 5140@fv-az121-418
2022-06-15 07:33:58,958 [pool-204-thread-1] INFO  storage.RaftStorage (RaftStorageImpl.java:format(89)) - Storage directory /home/runner/work/ozone/ozone/hadoop-ozone/integration-test/target/test-dir/MiniOzoneClusterImpl-589494f2-24de-4a8c-8650-9a890bc48d46/datanode-6/data/ratis/684fd514-47d7-4728-984b-01dbee4f6c09 has been successfully formatted.
2022-06-15 07:33:58,958 [pool-204-thread-1] INFO  ratis.ContainerStateMachine (ContainerStateMachine.java:loadSnapshot(236)) - group-01DBEE4F6C09: The snapshot info is null. Setting the last applied indexto:(t:0, i:~)
2022-06-15 07:33:58,959 [pool-204-thread-1] INFO  server.RaftServerConfigKeys (ConfUtils.java:logGet(46)) - raft.server.notification.no-leader.timeout = 300000ms (custom)
2022-06-15 07:33:58,959 [pool-204-thread-1] INFO  server.RaftServerConfigKeys (ConfUtils.java:logGet(46)) - raft.server.log.use.memory = false (default)
2022-06-15 07:33:58,959 [pool-204-thread-1] INFO  server.RaftServerConfigKeys (ConfUtils.java:logGet(46)) - raft.server.log.purge.gap = 1000000 (custom)
2022-06-15 07:33:58,959 [pool-204-thread-1] INFO  server.RaftServerConfigKeys (ConfUtils.java:logGet(46)) - raft.server.log.appender.buffer.byte-limit = 33554432 (custom)
2022-06-15 07:33:58,959 [pool-204-thread-1] INFO  server.RaftServerConfigKeys (ConfUtils.java:logGet(46)) - raft.server.log.statemachine.data.read.timeout = 1000ms (default)
2022-06-15 07:33:58,959 [pool-204-thread-1] INFO  server.RaftServerConfigKeys (ConfUtils.java:logGet(46)) - raft.server.log.segment.size.max = 1048576 (custom)
2022-06-15 07:33:58,959 [pool-204-thread-1] INFO  server.RaftServerConfigKeys (ConfUtils.java:logGet(46)) - raft.server.log.segment.cache.num.max = 2 (custom)
2022-06-15 07:33:58,959 [pool-204-thread-1] INFO  server.RaftServerConfigKeys (ConfUtils.java:logGet(46)) - raft.server.log.segment.cache.size.max = 200MB (=209715200) (default)
2022-06-15 07:33:58,959 [pool-204-thread-1] INFO  segmented.SegmentedRaftLogWorker (SegmentedRaftLogWorker.java:<init>(187)) - new a73ef743-905e-425d-956f-6fe1cf0283a9@group-01DBEE4F6C09-SegmentedRaftLogWorker for RaftStorageImpl:Storage Directory /home/runner/work/ozone/ozone/hadoop-ozone/integration-test/target/test-dir/MiniOzoneClusterImpl-589494f2-24de-4a8c-8650-9a890bc48d46/datanode-6/data/ratis/684fd514-47d7-4728-984b-01dbee4f6c09
2022-06-15 07:33:58,960 [pool-204-thread-1] INFO  server.RaftServerConfigKeys (ConfUtils.java:logGet(46)) - raft.server.log.queue.byte-limit = 4294967296 (custom)
2022-06-15 07:33:58,960 [pool-204-thread-1] INFO  server.RaftServerConfigKeys (ConfUtils.java:logGet(46)) - raft.server.log.queue.element-limit = 1024 (custom)
2022-06-15 07:33:58,960 [pool-204-thread-1] INFO  server.RaftServerConfigKeys (ConfUtils.java:logGet(46)) - raft.server.log.segment.size.max = 1048576 (custom)
2022-06-15 07:33:58,960 [pool-204-thread-1] INFO  server.RaftServerConfigKeys (ConfUtils.java:logGet(46)) - raft.server.log.preallocated.size = 16384 (custom)
2022-06-15 07:33:58,960 [pool-204-thread-1] INFO  server.RaftServerConfigKeys (ConfUtils.java:logGet(46)) - raft.server.log.force.sync.num = 128 (default)
2022-06-15 07:33:58,960 [pool-204-thread-1] INFO  server.RaftServerConfigKeys (ConfUtils.java:logGet(46)) - raft.server.log.statemachine.data.sync = true (default)
2022-06-15 07:33:58,960 [EventQueue-OpenPipelineForHealthyPipelineSafeModeRule] INFO  safemode.SCMSafeModeManager (HealthyPipelineSafeModeRule.java:process(124)) - SCM in safe mode. Healthy pipelines reported count is 0, required healthy pipeline reported count is 1
2022-06-15 07:33:58,960 [pool-204-thread-1] INFO  server.RaftServerConfigKeys (ConfUtils.java:logGet(46)) - raft.server.log.statemachine.data.sync.timeout = 10s (default)
2022-06-15 07:33:58,960 [pool-204-thread-1] INFO  server.RaftServerConfigKeys (ConfUtils.java:logGet(46)) - raft.server.log.statemachine.data.sync.timeout.retry = -1 (default)
2022-06-15 07:33:58,961 [pool-204-thread-1] INFO  server.RaftServerConfigKeys (ConfUtils.java:logGet(46)) - raft.server.log.write.buffer.size = 1048576 (custom)
2022-06-15 07:33:58,961 [pool-204-thread-1] INFO  server.RaftServerConfigKeys (ConfUtils.java:logGet(46)) - raft.server.log.unsafe-flush.enabled = false (default)
2022-06-15 07:33:58,961 [pool-204-thread-1] INFO  server.RaftServerConfigKeys (ConfUtils.java:logGet(46)) - raft.server.log.statemachine.data.caching.enabled = true (custom)
2022-06-15 07:33:58,961 [pool-204-thread-1] INFO  segmented.SegmentedRaftLogWorker (SegmentedRaftLogWorker.java:lambda$new$0(135)) - a73ef743-905e-425d-956f-6fe1cf0283a9@group-01DBEE4F6C09-SegmentedRaftLogWorker: flushIndex: setUnconditionally 0 -> -1
2022-06-15 07:33:58,961 [pool-204-thread-1] INFO  segmented.SegmentedRaftLogWorker (SegmentedRaftLogWorker.java:lambda$new$0(135)) - a73ef743-905e-425d-956f-6fe1cf0283a9@group-01DBEE4F6C09-SegmentedRaftLogWorker: safeCacheEvictIndex: setUnconditionally 0 -> -1
2022-06-15 07:33:58,962 [pool-204-thread-1] INFO  server.RaftServerConfigKeys (ConfUtils.java:logGet(46)) - raft.server.snapshot.auto.trigger.enabled = true (custom)
2022-06-15 07:33:58,962 [pool-204-thread-1] INFO  server.RaftServerConfigKeys (ConfUtils.java:logGet(46)) - raft.server.snapshot.auto.trigger.threshold = 1 (custom)
2022-06-15 07:33:58,962 [pool-204-thread-1] INFO  server.RaftServerConfigKeys (ConfUtils.java:logGet(46)) - raft.server.snapshot.retention.file.num = 5 (custom)
2022-06-15 07:33:58,962 [pool-204-thread-1] INFO  server.RaftServerConfigKeys (ConfUtils.java:logGet(46)) - raft.server.log.purge.upto.snapshot.index = false (default)
2022-06-15 07:33:58,962 [pool-204-thread-1] INFO  server.RaftServerConfigKeys (ConfUtils.java:logGet(46)) - raft.server.retrycache.expirytime = 600000ms (custom)
2022-06-15 07:33:58,962 [pool-204-thread-1] INFO  server.RaftServerConfigKeys (ConfUtils.java:logGet(46)) - raft.server.retrycache.statistics.expirytime = 100μs (default)
2022-06-15 07:33:58,963 [pool-204-thread-1] INFO  server.RaftServerConfigKeys (ConfUtils.java:logGet(46)) - raft.server.log.appender.install.snapshot.enabled = false (custom)
2022-06-15 07:33:58,963 [pool-204-thread-1] INFO  server.RaftServerConfigKeys (ConfUtils.java:logGet(46)) - raft.server.threadpool.server.cached = true (default)
2022-06-15 07:33:58,963 [pool-204-thread-1] INFO  server.RaftServerConfigKeys (ConfUtils.java:logGet(46)) - raft.server.threadpool.server.size = 0 (default)
2022-06-15 07:33:58,963 [pool-204-thread-1] INFO  server.RaftServerConfigKeys (ConfUtils.java:logGet(46)) - raft.server.threadpool.client.cached = true (default)
2022-06-15 07:33:58,963 [pool-204-thread-1] INFO  server.RaftServerConfigKeys (ConfUtils.java:logGet(46)) - raft.server.threadpool.client.size = 0 (default)
2022-06-15 07:33:58,963 [pool-204-thread-1] INFO  server.RaftServer$Division (RaftServerImpl.java:start(310)) - a73ef743-905e-425d-956f-6fe1cf0283a9@group-01DBEE4F6C09: start as a follower, conf=-1: [2ba0c2a5-1748-4da9-81e4-5266296b4b8f|rpc:10.1.0.11:43465|priority:1, a73ef743-905e-425d-956f-6fe1cf0283a9|rpc:10.1.0.11:34113|priority:0, 309b0a9a-ca0d-4cb3-b4c4-40bf1bc4f3ac|rpc:10.1.0.11:44617|priority:0], old=null
2022-06-15 07:33:58,963 [pool-204-thread-1] INFO  server.RaftServer$Division (RaftServerImpl.java:setRole(299)) - a73ef743-905e-425d-956f-6fe1cf0283a9@group-01DBEE4F6C09: changes role from      null to FOLLOWER at term 0 for startAsFollower
2022-06-15 07:33:58,963 [pool-204-thread-1] INFO  impl.RoleInfo (RoleInfo.java:updateAndGet(139)) - a73ef743-905e-425d-956f-6fe1cf0283a9: start a73ef743-905e-425d-956f-6fe1cf0283a9@group-01DBEE4F6C09-FollowerState
2022-06-15 07:33:58,964 [pool-204-thread-1] INFO  util.JmxRegister (JmxRegister.java:tryRegister(44)) - Successfully registered JMX Bean with object name Ratis:service=RaftServer,group=group-01DBEE4F6C09,id=a73ef743-905e-425d-956f-6fe1cf0283a9
2022-06-15 07:33:58,965 [Command processor thread] INFO  ratis.XceiverServerRatis (XceiverServerRatis.java:addGroup(765)) - Created group PipelineID=684fd514-47d7-4728-984b-01dbee4f6c09
2022-06-15 07:33:58,970 [EventQueue-OpenPipelineForHealthyPipelineSafeModeRule] INFO  safemode.SCMSafeModeManager (HealthyPipelineSafeModeRule.java:process(124)) - SCM in safe mode. Healthy pipelines reported count is 0, required healthy pipeline reported count is 1
2022-06-15 07:33:58,972 [EventQueue-OpenPipelineForHealthyPipelineSafeModeRule] INFO  safemode.SCMSafeModeManager (HealthyPipelineSafeModeRule.java:process(124)) - SCM in safe mode. Healthy pipelines reported count is 0, required healthy pipeline reported count is 1
2022-06-15 07:33:58,990 [grpc-default-executor-0] INFO  server.RaftServer (RaftServerProxy.java:addNew(96)) - 309b0a9a-ca0d-4cb3-b4c4-40bf1bc4f3ac: addNew group-01DBEE4F6C09:[2ba0c2a5-1748-4da9-81e4-5266296b4b8f|rpc:10.1.0.11:43465|dataStream:|priority:1, a73ef743-905e-425d-956f-6fe1cf0283a9|rpc:10.1.0.11:34113|dataStream:|priority:0, 309b0a9a-ca0d-4cb3-b4c4-40bf1bc4f3ac|rpc:10.1.0.11:44617|dataStream:|priority:0] returns group-01DBEE4F6C09:java.util.concurrent.CompletableFuture@4283636c[Not completed]
2022-06-15 07:33:58,992 [pool-256-thread-1] INFO  server.RaftServer$Division (RaftServerImpl.java:<init>(190)) - 309b0a9a-ca0d-4cb3-b4c4-40bf1bc4f3ac: new RaftServerImpl for group-01DBEE4F6C09:[2ba0c2a5-1748-4da9-81e4-5266296b4b8f|rpc:10.1.0.11:43465|dataStream:|priority:1, a73ef743-905e-425d-956f-6fe1cf0283a9|rpc:10.1.0.11:34113|dataStream:|priority:0, 309b0a9a-ca0d-4cb3-b4c4-40bf1bc4f3ac|rpc:10.1.0.11:44617|dataStream:|priority:0] with ContainerStateMachine:uninitialized
2022-06-15 07:33:58,992 [pool-256-thread-1] INFO  server.RaftServerConfigKeys (ConfUtils.java:logGet(46)) - raft.server.rpc.timeout.min = 5s (custom)
2022-06-15 07:33:58,992 [pool-256-thread-1] INFO  server.RaftServerConfigKeys (ConfUtils.java:logGet(46)) - raft.server.rpc.timeout.max = 5200ms (custom)
2022-06-15 07:33:58,992 [pool-256-thread-1] INFO  server.RaftServerConfigKeys (ConfUtils.java:logGet(46)) - raft.server.rpc.sleep.time = 25ms (default)
2022-06-15 07:33:58,992 [pool-256-thread-1] INFO  server.RaftServerConfigKeys (ConfUtils.java:logGet(46)) - raft.server.rpc.slowness.timeout = 300000ms (custom)
2022-06-15 07:33:58,992 [pool-256-thread-1] INFO  server.RaftServerConfigKeys (ConfUtils.java:logGet(46)) - raft.server.leaderelection.leader.step-down.wait-time = 10s (default)
2022-06-15 07:33:58,992 [pool-256-thread-1] INFO  server.RaftServerConfigKeys (ConfUtils.java:logGet(46)) - raft.server.sleep.deviation.threshold = 300ms (default)
2022-06-15 07:33:58,992 [pool-256-thread-1] INFO  server.RaftServer$Division (ServerState.java:<init>(107)) - 309b0a9a-ca0d-4cb3-b4c4-40bf1bc4f3ac@group-01DBEE4F6C09: ConfigurationManager, init=-1: [2ba0c2a5-1748-4da9-81e4-5266296b4b8f|rpc:10.1.0.11:43465|dataStream:|priority:1, a73ef743-905e-425d-956f-6fe1cf0283a9|rpc:10.1.0.11:34113|dataStream:|priority:0, 309b0a9a-ca0d-4cb3-b4c4-40bf1bc4f3ac|rpc:10.1.0.11:44617|dataStream:|priority:0], old=null, confs=<EMPTY_MAP>
2022-06-15 07:33:58,993 [pool-256-thread-1] INFO  server.RaftServerConfigKeys (ConfUtils.java:logGet(46)) - raft.server.storage.dir = [/home/runner/work/ozone/ozone/hadoop-ozone/integration-test/target/test-dir/MiniOzoneClusterImpl-589494f2-24de-4a8c-8650-9a890bc48d46/datanode-8/data/ratis] (custom)
2022-06-15 07:33:58,994 [pool-256-thread-1] INFO  server.RaftServerConfigKeys (ConfUtils.java:logGet(46)) - raft.server.log.corruption.policy = EXCEPTION (default)
2022-06-15 07:33:58,994 [pool-256-thread-1] INFO  server.RaftServerConfigKeys (ConfUtils.java:logGet(46)) - raft.server.storage.free-space.min = 0MB (=0) (default)
2022-06-15 07:33:58,994 [pool-256-thread-1] INFO  storage.RaftStorageDirectory (RaftStorageDirectoryImpl.java:analyzeStorage(135)) - The storage directory /home/runner/work/ozone/ozone/hadoop-ozone/integration-test/target/test-dir/MiniOzoneClusterImpl-589494f2-24de-4a8c-8650-9a890bc48d46/datanode-8/data/ratis/684fd514-47d7-4728-984b-01dbee4f6c09 does not exist. Creating ...
2022-06-15 07:33:58,995 [pool-256-thread-1] INFO  storage.RaftStorageDirectory (RaftStorageDirectoryImpl.java:tryLock(230)) - Lock on /home/runner/work/ozone/ozone/hadoop-ozone/integration-test/target/test-dir/MiniOzoneClusterImpl-589494f2-24de-4a8c-8650-9a890bc48d46/datanode-8/data/ratis/684fd514-47d7-4728-984b-01dbee4f6c09/in_use.lock acquired by nodename 5140@fv-az121-418
2022-06-15 07:33:58,996 [pool-256-thread-1] INFO  storage.RaftStorage (RaftStorageImpl.java:format(89)) - Storage directory /home/runner/work/ozone/ozone/hadoop-ozone/integration-test/target/test-dir/MiniOzoneClusterImpl-589494f2-24de-4a8c-8650-9a890bc48d46/datanode-8/data/ratis/684fd514-47d7-4728-984b-01dbee4f6c09 has been successfully formatted.
2022-06-15 07:33:58,997 [pool-256-thread-1] INFO  ratis.ContainerStateMachine (ContainerStateMachine.java:loadSnapshot(236)) - group-01DBEE4F6C09: The snapshot info is null. Setting the last applied indexto:(t:0, i:~)
2022-06-15 07:33:58,998 [pool-256-thread-1] INFO  server.RaftServerConfigKeys (ConfUtils.java:logGet(46)) - raft.server.notification.no-leader.timeout = 300000ms (custom)
2022-06-15 07:33:58,998 [pool-256-thread-1] INFO  server.RaftServerConfigKeys (ConfUtils.java:logGet(46)) - raft.server.log.use.memory = false (default)
2022-06-15 07:33:58,999 [pool-256-thread-1] INFO  server.RaftServerConfigKeys (ConfUtils.java:logGet(46)) - raft.server.log.purge.gap = 1000000 (custom)
2022-06-15 07:33:58,999 [pool-256-thread-1] INFO  server.RaftServerConfigKeys (ConfUtils.java:logGet(46)) - raft.server.log.appender.buffer.byte-limit = 33554432 (custom)
2022-06-15 07:33:58,999 [pool-256-thread-1] INFO  server.RaftServerConfigKeys (ConfUtils.java:logGet(46)) - raft.server.log.statemachine.data.read.timeout = 1000ms (default)
2022-06-15 07:33:58,999 [pool-256-thread-1] INFO  server.RaftServerConfigKeys (ConfUtils.java:logGet(46)) - raft.server.log.segment.size.max = 1048576 (custom)
2022-06-15 07:33:58,999 [pool-256-thread-1] INFO  server.RaftServerConfigKeys (ConfUtils.java:logGet(46)) - raft.server.log.segment.cache.num.max = 2 (custom)
2022-06-15 07:33:58,999 [pool-256-thread-1] INFO  server.RaftServerConfigKeys (ConfUtils.java:logGet(46)) - raft.server.log.segment.cache.size.max = 200MB (=209715200) (default)
2022-06-15 07:33:58,999 [pool-256-thread-1] INFO  segmented.SegmentedRaftLogWorker (SegmentedRaftLogWorker.java:<init>(187)) - new 309b0a9a-ca0d-4cb3-b4c4-40bf1bc4f3ac@group-01DBEE4F6C09-SegmentedRaftLogWorker for RaftStorageImpl:Storage Directory /home/runner/work/ozone/ozone/hadoop-ozone/integration-test/target/test-dir/MiniOzoneClusterImpl-589494f2-24de-4a8c-8650-9a890bc48d46/datanode-8/data/ratis/684fd514-47d7-4728-984b-01dbee4f6c09
2022-06-15 07:33:58,999 [pool-256-thread-1] INFO  server.RaftServerConfigKeys (ConfUtils.java:logGet(46)) - raft.server.log.queue.byte-limit = 4294967296 (custom)
2022-06-15 07:33:59,000 [pool-256-thread-1] INFO  server.RaftServerConfigKeys (ConfUtils.java:logGet(46)) - raft.server.log.queue.element-limit = 1024 (custom)
2022-06-15 07:33:59,000 [pool-256-thread-1] INFO  server.RaftServerConfigKeys (ConfUtils.java:logGet(46)) - raft.server.log.segment.size.max = 1048576 (custom)
2022-06-15 07:33:59,000 [pool-256-thread-1] INFO  server.RaftServerConfigKeys (ConfUtils.java:logGet(46)) - raft.server.log.preallocated.size = 16384 (custom)
2022-06-15 07:33:59,000 [pool-256-thread-1] INFO  server.RaftServerConfigKeys (ConfUtils.java:logGet(46)) - raft.server.log.force.sync.num = 128 (default)
2022-06-15 07:33:59,000 [pool-256-thread-1] INFO  server.RaftServerConfigKeys (ConfUtils.java:logGet(46)) - raft.server.log.statemachine.data.sync = true (default)
2022-06-15 07:33:59,000 [pool-256-thread-1] INFO  server.RaftServerConfigKeys (ConfUtils.java:logGet(46)) - raft.server.log.statemachine.data.sync.timeout = 10s (default)
2022-06-15 07:33:59,000 [pool-256-thread-1] INFO  server.RaftServerConfigKeys (ConfUtils.java:logGet(46)) - raft.server.log.statemachine.data.sync.timeout.retry = -1 (default)
2022-06-15 07:33:59,001 [pool-256-thread-1] INFO  server.RaftServerConfigKeys (ConfUtils.java:logGet(46)) - raft.server.log.write.buffer.size = 1048576 (custom)
2022-06-15 07:33:59,001 [pool-256-thread-1] INFO  server.RaftServerConfigKeys (ConfUtils.java:logGet(46)) - raft.server.log.unsafe-flush.enabled = false (default)
2022-06-15 07:33:59,001 [pool-256-thread-1] INFO  server.RaftServerConfigKeys (ConfUtils.java:logGet(46)) - raft.server.log.statemachine.data.caching.enabled = true (custom)
2022-06-15 07:33:59,002 [pool-256-thread-1] INFO  segmented.SegmentedRaftLogWorker (SegmentedRaftLogWorker.java:lambda$new$0(135)) - 309b0a9a-ca0d-4cb3-b4c4-40bf1bc4f3ac@group-01DBEE4F6C09-SegmentedRaftLogWorker: flushIndex: setUnconditionally 0 -> -1
2022-06-15 07:33:59,002 [pool-256-thread-1] INFO  segmented.SegmentedRaftLogWorker (SegmentedRaftLogWorker.java:lambda$new$0(135)) - 309b0a9a-ca0d-4cb3-b4c4-40bf1bc4f3ac@group-01DBEE4F6C09-SegmentedRaftLogWorker: safeCacheEvictIndex: setUnconditionally 0 -> -1
2022-06-15 07:33:59,002 [pool-256-thread-1] INFO  server.RaftServerConfigKeys (ConfUtils.java:logGet(46)) - raft.server.snapshot.auto.trigger.enabled = true (custom)
2022-06-15 07:33:59,002 [pool-256-thread-1] INFO  server.RaftServerConfigKeys (ConfUtils.java:logGet(46)) - raft.server.snapshot.auto.trigger.threshold = 1 (custom)
2022-06-15 07:33:59,002 [pool-256-thread-1] INFO  server.RaftServerConfigKeys (ConfUtils.java:logGet(46)) - raft.server.snapshot.retention.file.num = 5 (custom)
2022-06-15 07:33:59,002 [pool-256-thread-1] INFO  server.RaftServerConfigKeys (ConfUtils.java:logGet(46)) - raft.server.log.purge.upto.snapshot.index = false (default)
2022-06-15 07:33:59,002 [pool-256-thread-1] INFO  server.RaftServerConfigKeys (ConfUtils.java:logGet(46)) - raft.server.retrycache.expirytime = 600000ms (custom)
2022-06-15 07:33:59,002 [pool-256-thread-1] INFO  server.RaftServerConfigKeys (ConfUtils.java:logGet(46)) - raft.server.retrycache.statistics.expirytime = 100μs (default)
2022-06-15 07:33:59,003 [pool-256-thread-1] INFO  server.RaftServerConfigKeys (ConfUtils.java:logGet(46)) - raft.server.log.appender.install.snapshot.enabled = false (custom)
2022-06-15 07:33:59,003 [pool-256-thread-1] INFO  server.RaftServerConfigKeys (ConfUtils.java:logGet(46)) - raft.server.threadpool.server.cached = true (default)
2022-06-15 07:33:59,003 [pool-256-thread-1] INFO  server.RaftServerConfigKeys (ConfUtils.java:logGet(46)) - raft.server.threadpool.server.size = 0 (default)
2022-06-15 07:33:59,003 [pool-256-thread-1] INFO  server.RaftServerConfigKeys (ConfUtils.java:logGet(46)) - raft.server.threadpool.client.cached = true (default)
2022-06-15 07:33:59,003 [pool-256-thread-1] INFO  server.RaftServerConfigKeys (ConfUtils.java:logGet(46)) - raft.server.threadpool.client.size = 0 (default)
2022-06-15 07:33:59,003 [pool-256-thread-1] INFO  server.RaftServer$Division (RaftServerImpl.java:start(310)) - 309b0a9a-ca0d-4cb3-b4c4-40bf1bc4f3ac@group-01DBEE4F6C09: start as a follower, conf=-1: [2ba0c2a5-1748-4da9-81e4-5266296b4b8f|rpc:10.1.0.11:43465|dataStream:|priority:1, a73ef743-905e-425d-956f-6fe1cf0283a9|rpc:10.1.0.11:34113|dataStream:|priority:0, 309b0a9a-ca0d-4cb3-b4c4-40bf1bc4f3ac|rpc:10.1.0.11:44617|dataStream:|priority:0], old=null
2022-06-15 07:33:59,003 [pool-256-thread-1] INFO  server.RaftServer$Division (RaftServerImpl.java:setRole(299)) - 309b0a9a-ca0d-4cb3-b4c4-40bf1bc4f3ac@group-01DBEE4F6C09: changes role from      null to FOLLOWER at term 0 for startAsFollower
2022-06-15 07:33:59,004 [pool-256-thread-1] INFO  impl.RoleInfo (RoleInfo.java:updateAndGet(139)) - 309b0a9a-ca0d-4cb3-b4c4-40bf1bc4f3ac: start 309b0a9a-ca0d-4cb3-b4c4-40bf1bc4f3ac@group-01DBEE4F6C09-FollowerState
2022-06-15 07:33:59,004 [pool-256-thread-1] INFO  util.JmxRegister (JmxRegister.java:tryRegister(44)) - Successfully registered JMX Bean with object name Ratis:service=RaftServer,group=group-01DBEE4F6C09,id=309b0a9a-ca0d-4cb3-b4c4-40bf1bc4f3ac
2022-06-15 07:33:59,027 [grpc-default-executor-0] INFO  server.RaftServer (RaftServerProxy.java:addNew(96)) - 2ba0c2a5-1748-4da9-81e4-5266296b4b8f: addNew group-01DBEE4F6C09:[2ba0c2a5-1748-4da9-81e4-5266296b4b8f|rpc:10.1.0.11:43465|dataStream:|priority:1, a73ef743-905e-425d-956f-6fe1cf0283a9|rpc:10.1.0.11:34113|dataStream:|priority:0, 309b0a9a-ca0d-4cb3-b4c4-40bf1bc4f3ac|rpc:10.1.0.11:44617|dataStream:|priority:0] returns group-01DBEE4F6C09:java.util.concurrent.CompletableFuture@2430647e[Not completed]
2022-06-15 07:33:59,032 [pool-230-thread-1] INFO  server.RaftServer$Division (RaftServerImpl.java:<init>(190)) - 2ba0c2a5-1748-4da9-81e4-5266296b4b8f: new RaftServerImpl for group-01DBEE4F6C09:[2ba0c2a5-1748-4da9-81e4-5266296b4b8f|rpc:10.1.0.11:43465|dataStream:|priority:1, a73ef743-905e-425d-956f-6fe1cf0283a9|rpc:10.1.0.11:34113|dataStream:|priority:0, 309b0a9a-ca0d-4cb3-b4c4-40bf1bc4f3ac|rpc:10.1.0.11:44617|dataStream:|priority:0] with ContainerStateMachine:uninitialized
2022-06-15 07:33:59,032 [pool-230-thread-1] INFO  server.RaftServerConfigKeys (ConfUtils.java:logGet(46)) - raft.server.rpc.timeout.min = 5s (custom)
2022-06-15 07:33:59,032 [pool-230-thread-1] INFO  server.RaftServerConfigKeys (ConfUtils.java:logGet(46)) - raft.server.rpc.timeout.max = 5200ms (custom)
2022-06-15 07:33:59,032 [pool-230-thread-1] INFO  server.RaftServerConfigKeys (ConfUtils.java:logGet(46)) - raft.server.rpc.sleep.time = 25ms (default)
2022-06-15 07:33:59,032 [pool-230-thread-1] INFO  server.RaftServerConfigKeys (ConfUtils.java:logGet(46)) - raft.server.rpc.slowness.timeout = 300000ms (custom)
2022-06-15 07:33:59,032 [pool-230-thread-1] INFO  server.RaftServerConfigKeys (ConfUtils.java:logGet(46)) - raft.server.leaderelection.leader.step-down.wait-time = 10s (default)
2022-06-15 07:33:59,032 [pool-230-thread-1] INFO  server.RaftServerConfigKeys (ConfUtils.java:logGet(46)) - raft.server.sleep.deviation.threshold = 300ms (default)
2022-06-15 07:33:59,032 [pool-230-thread-1] INFO  server.RaftServer$Division (ServerState.java:<init>(107)) - 2ba0c2a5-1748-4da9-81e4-5266296b4b8f@group-01DBEE4F6C09: ConfigurationManager, init=-1: [2ba0c2a5-1748-4da9-81e4-5266296b4b8f|rpc:10.1.0.11:43465|dataStream:|priority:1, a73ef743-905e-425d-956f-6fe1cf0283a9|rpc:10.1.0.11:34113|dataStream:|priority:0, 309b0a9a-ca0d-4cb3-b4c4-40bf1bc4f3ac|rpc:10.1.0.11:44617|dataStream:|priority:0], old=null, confs=<EMPTY_MAP>
2022-06-15 07:33:59,032 [pool-230-thread-1] INFO  server.RaftServerConfigKeys (ConfUtils.java:logGet(46)) - raft.server.storage.dir = [/home/runner/work/ozone/ozone/hadoop-ozone/integration-test/target/test-dir/MiniOzoneClusterImpl-589494f2-24de-4a8c-8650-9a890bc48d46/datanode-7/data/ratis] (custom)
2022-06-15 07:33:59,033 [pool-230-thread-1] INFO  server.RaftServerConfigKeys (ConfUtils.java:logGet(46)) - raft.server.log.corruption.policy = EXCEPTION (default)
2022-06-15 07:33:59,033 [pool-230-thread-1] INFO  server.RaftServerConfigKeys (ConfUtils.java:logGet(46)) - raft.server.storage.free-space.min = 0MB (=0) (default)
2022-06-15 07:33:59,033 [pool-230-thread-1] INFO  storage.RaftStorageDirectory (RaftStorageDirectoryImpl.java:analyzeStorage(135)) - The storage directory /home/runner/work/ozone/ozone/hadoop-ozone/integration-test/target/test-dir/MiniOzoneClusterImpl-589494f2-24de-4a8c-8650-9a890bc48d46/datanode-7/data/ratis/684fd514-47d7-4728-984b-01dbee4f6c09 does not exist. Creating ...
2022-06-15 07:33:59,034 [pool-230-thread-1] INFO  storage.RaftStorageDirectory (RaftStorageDirectoryImpl.java:tryLock(230)) - Lock on /home/runner/work/ozone/ozone/hadoop-ozone/integration-test/target/test-dir/MiniOzoneClusterImpl-589494f2-24de-4a8c-8650-9a890bc48d46/datanode-7/data/ratis/684fd514-47d7-4728-984b-01dbee4f6c09/in_use.lock acquired by nodename 5140@fv-az121-418
2022-06-15 07:33:59,038 [pool-230-thread-1] INFO  storage.RaftStorage (RaftStorageImpl.java:format(89)) - Storage directory /home/runner/work/ozone/ozone/hadoop-ozone/integration-test/target/test-dir/MiniOzoneClusterImpl-589494f2-24de-4a8c-8650-9a890bc48d46/datanode-7/data/ratis/684fd514-47d7-4728-984b-01dbee4f6c09 has been successfully formatted.
2022-06-15 07:33:59,038 [pool-230-thread-1] INFO  ratis.ContainerStateMachine (ContainerStateMachine.java:loadSnapshot(236)) - group-01DBEE4F6C09: The snapshot info is null. Setting the last applied indexto:(t:0, i:~)
2022-06-15 07:33:59,039 [pool-230-thread-1] INFO  server.RaftServerConfigKeys (ConfUtils.java:logGet(46)) - raft.server.notification.no-leader.timeout = 300000ms (custom)
2022-06-15 07:33:59,039 [pool-230-thread-1] INFO  server.RaftServerConfigKeys (ConfUtils.java:logGet(46)) - raft.server.log.use.memory = false (default)
2022-06-15 07:33:59,039 [pool-230-thread-1] INFO  server.RaftServerConfigKeys (ConfUtils.java:logGet(46)) - raft.server.log.purge.gap = 1000000 (custom)
2022-06-15 07:33:59,039 [pool-230-thread-1] INFO  server.RaftServerConfigKeys (ConfUtils.java:logGet(46)) - raft.server.log.appender.buffer.byte-limit = 33554432 (custom)
2022-06-15 07:33:59,041 [pool-230-thread-1] INFO  server.RaftServerConfigKeys (ConfUtils.java:logGet(46)) - raft.server.log.statemachine.data.read.timeout = 1000ms (default)
2022-06-15 07:33:59,041 [pool-230-thread-1] INFO  server.RaftServerConfigKeys (ConfUtils.java:logGet(46)) - raft.server.log.segment.size.max = 1048576 (custom)
2022-06-15 07:33:59,042 [pool-230-thread-1] INFO  server.RaftServerConfigKeys (ConfUtils.java:logGet(46)) - raft.server.log.segment.cache.num.max = 2 (custom)
2022-06-15 07:33:59,042 [pool-230-thread-1] INFO  server.RaftServerConfigKeys (ConfUtils.java:logGet(46)) - raft.server.log.segment.cache.size.max = 200MB (=209715200) (default)
2022-06-15 07:33:59,042 [pool-230-thread-1] INFO  segmented.SegmentedRaftLogWorker (SegmentedRaftLogWorker.java:<init>(187)) - new 2ba0c2a5-1748-4da9-81e4-5266296b4b8f@group-01DBEE4F6C09-SegmentedRaftLogWorker for RaftStorageImpl:Storage Directory /home/runner/work/ozone/ozone/hadoop-ozone/integration-test/target/test-dir/MiniOzoneClusterImpl-589494f2-24de-4a8c-8650-9a890bc48d46/datanode-7/data/ratis/684fd514-47d7-4728-984b-01dbee4f6c09
2022-06-15 07:33:59,042 [pool-230-thread-1] INFO  server.RaftServerConfigKeys (ConfUtils.java:logGet(46)) - raft.server.log.queue.byte-limit = 4294967296 (custom)
2022-06-15 07:33:59,042 [pool-230-thread-1] INFO  server.RaftServerConfigKeys (ConfUtils.java:logGet(46)) - raft.server.log.queue.element-limit = 1024 (custom)
2022-06-15 07:33:59,042 [pool-230-thread-1] INFO  server.RaftServerConfigKeys (ConfUtils.java:logGet(46)) - raft.server.log.segment.size.max = 1048576 (custom)
2022-06-15 07:33:59,042 [pool-230-thread-1] INFO  server.RaftServerConfigKeys (ConfUtils.java:logGet(46)) - raft.server.log.preallocated.size = 16384 (custom)
2022-06-15 07:33:59,042 [pool-230-thread-1] INFO  server.RaftServerConfigKeys (ConfUtils.java:logGet(46)) - raft.server.log.force.sync.num = 128 (default)
2022-06-15 07:33:59,042 [pool-230-thread-1] INFO  server.RaftServerConfigKeys (ConfUtils.java:logGet(46)) - raft.server.log.statemachine.data.sync = true (default)
2022-06-15 07:33:59,042 [pool-230-thread-1] INFO  server.RaftServerConfigKeys (ConfUtils.java:logGet(46)) - raft.server.log.statemachine.data.sync.timeout = 10s (default)
2022-06-15 07:33:59,042 [pool-230-thread-1] INFO  server.RaftServerConfigKeys (ConfUtils.java:logGet(46)) - raft.server.log.statemachine.data.sync.timeout.retry = -1 (default)
2022-06-15 07:33:59,043 [pool-230-thread-1] INFO  server.RaftServerConfigKeys (ConfUtils.java:logGet(46)) - raft.server.log.write.buffer.size = 1048576 (custom)
2022-06-15 07:33:59,043 [pool-230-thread-1] INFO  server.RaftServerConfigKeys (ConfUtils.java:logGet(46)) - raft.server.log.unsafe-flush.enabled = false (default)
2022-06-15 07:33:59,043 [pool-230-thread-1] INFO  server.RaftServerConfigKeys (ConfUtils.java:logGet(46)) - raft.server.log.statemachine.data.caching.enabled = true (custom)
2022-06-15 07:33:59,043 [pool-230-thread-1] INFO  segmented.SegmentedRaftLogWorker (SegmentedRaftLogWorker.java:lambda$new$0(135)) - 2ba0c2a5-1748-4da9-81e4-5266296b4b8f@group-01DBEE4F6C09-SegmentedRaftLogWorker: flushIndex: setUnconditionally 0 -> -1
2022-06-15 07:33:59,043 [pool-230-thread-1] INFO  segmented.SegmentedRaftLogWorker (SegmentedRaftLogWorker.java:lambda$new$0(135)) - 2ba0c2a5-1748-4da9-81e4-5266296b4b8f@group-01DBEE4F6C09-SegmentedRaftLogWorker: safeCacheEvictIndex: setUnconditionally 0 -> -1
2022-06-15 07:33:59,048 [EventQueue-OpenPipelineForHealthyPipelineSafeModeRule] INFO  safemode.SCMSafeModeManager (HealthyPipelineSafeModeRule.java:process(124)) - SCM in safe mode. Healthy pipelines reported count is 0, required healthy pipeline reported count is 1
2022-06-15 07:33:59,050 [pool-230-thread-1] INFO  server.RaftServerConfigKeys (ConfUtils.java:logGet(46)) - raft.server.snapshot.auto.trigger.enabled = true (custom)
2022-06-15 07:33:59,050 [pool-230-thread-1] INFO  server.RaftServerConfigKeys (ConfUtils.java:logGet(46)) - raft.server.snapshot.auto.trigger.threshold = 1 (custom)
2022-06-15 07:33:59,050 [pool-230-thread-1] INFO  server.RaftServerConfigKeys (ConfUtils.java:logGet(46)) - raft.server.snapshot.retention.file.num = 5 (custom)
2022-06-15 07:33:59,050 [pool-230-thread-1] INFO  server.RaftServerConfigKeys (ConfUtils.java:logGet(46)) - raft.server.log.purge.upto.snapshot.index = false (default)
2022-06-15 07:33:59,050 [pool-230-thread-1] INFO  server.RaftServerConfigKeys (ConfUtils.java:logGet(46)) - raft.server.retrycache.expirytime = 600000ms (custom)
2022-06-15 07:33:59,050 [pool-230-thread-1] INFO  server.RaftServerConfigKeys (ConfUtils.java:logGet(46)) - raft.server.retrycache.statistics.expirytime = 100μs (default)
2022-06-15 07:33:59,052 [pool-230-thread-1] INFO  server.RaftServerConfigKeys (ConfUtils.java:logGet(46)) - raft.server.log.appender.install.snapshot.enabled = false (custom)
2022-06-15 07:33:59,052 [pool-230-thread-1] INFO  server.RaftServerConfigKeys (ConfUtils.java:logGet(46)) - raft.server.threadpool.server.cached = true (default)
2022-06-15 07:33:59,052 [pool-230-thread-1] INFO  server.RaftServerConfigKeys (ConfUtils.java:logGet(46)) - raft.server.threadpool.server.size = 0 (default)
2022-06-15 07:33:59,052 [pool-230-thread-1] INFO  server.RaftServerConfigKeys (ConfUtils.java:logGet(46)) - raft.server.threadpool.client.cached = true (default)
2022-06-15 07:33:59,052 [pool-230-thread-1] INFO  server.RaftServerConfigKeys (ConfUtils.java:logGet(46)) - raft.server.threadpool.client.size = 0 (default)
2022-06-15 07:33:59,052 [pool-230-thread-1] INFO  server.RaftServer$Division (RaftServerImpl.java:start(310)) - 2ba0c2a5-1748-4da9-81e4-5266296b4b8f@group-01DBEE4F6C09: start as a follower, conf=-1: [2ba0c2a5-1748-4da9-81e4-5266296b4b8f|rpc:10.1.0.11:43465|dataStream:|priority:1, a73ef743-905e-425d-956f-6fe1cf0283a9|rpc:10.1.0.11:34113|dataStream:|priority:0, 309b0a9a-ca0d-4cb3-b4c4-40bf1bc4f3ac|rpc:10.1.0.11:44617|dataStream:|priority:0], old=null
2022-06-15 07:33:59,052 [pool-230-thread-1] INFO  server.RaftServer$Division (RaftServerImpl.java:setRole(299)) - 2ba0c2a5-1748-4da9-81e4-5266296b4b8f@group-01DBEE4F6C09: changes role from      null to FOLLOWER at term 0 for startAsFollower
2022-06-15 07:33:59,052 [pool-230-thread-1] INFO  impl.RoleInfo (RoleInfo.java:updateAndGet(139)) - 2ba0c2a5-1748-4da9-81e4-5266296b4b8f: start 2ba0c2a5-1748-4da9-81e4-5266296b4b8f@group-01DBEE4F6C09-FollowerState
2022-06-15 07:33:59,055 [pool-230-thread-1] INFO  util.JmxRegister (JmxRegister.java:tryRegister(44)) - Successfully registered JMX Bean with object name Ratis:service=RaftServer,group=group-01DBEE4F6C09,id=2ba0c2a5-1748-4da9-81e4-5266296b4b8f
2022-06-15 07:33:59,062 [Command processor thread] INFO  commandhandler.CreatePipelineCommandHandler (CreatePipelineCommandHandler.java:handle(113)) - Created Pipeline RATIS THREE PipelineID=684fd514-47d7-4728-984b-01dbee4f6c09.
2022-06-15 07:33:59,062 [Command processor thread] INFO  server.RaftServer (RaftServerProxy.java:addNew(96)) - a73ef743-905e-425d-956f-6fe1cf0283a9: addNew group-1CD1852B66C7:[2ba0c2a5-1748-4da9-81e4-5266296b4b8f|rpc:10.1.0.11:43465|priority:0, a73ef743-905e-425d-956f-6fe1cf0283a9|rpc:10.1.0.11:34113|priority:1, 309b0a9a-ca0d-4cb3-b4c4-40bf1bc4f3ac|rpc:10.1.0.11:44617|priority:0] returns group-1CD1852B66C7:java.util.concurrent.CompletableFuture@2d090dd3[Not completed]
2022-06-15 07:33:59,063 [pool-204-thread-1] INFO  server.RaftServer$Division (RaftServerImpl.java:<init>(190)) - a73ef743-905e-425d-956f-6fe1cf0283a9: new RaftServerImpl for group-1CD1852B66C7:[2ba0c2a5-1748-4da9-81e4-5266296b4b8f|rpc:10.1.0.11:43465|priority:0, a73ef743-905e-425d-956f-6fe1cf0283a9|rpc:10.1.0.11:34113|priority:1, 309b0a9a-ca0d-4cb3-b4c4-40bf1bc4f3ac|rpc:10.1.0.11:44617|priority:0] with ContainerStateMachine:uninitialized
2022-06-15 07:33:59,063 [pool-204-thread-1] INFO  server.RaftServerConfigKeys (ConfUtils.java:logGet(46)) - raft.server.rpc.timeout.min = 5s (custom)
2022-06-15 07:33:59,063 [pool-204-thread-1] INFO  server.RaftServerConfigKeys (ConfUtils.java:logGet(46)) - raft.server.rpc.timeout.max = 5200ms (custom)
2022-06-15 07:33:59,063 [pool-204-thread-1] INFO  server.RaftServerConfigKeys (ConfUtils.java:logGet(46)) - raft.server.rpc.sleep.time = 25ms (default)
2022-06-15 07:33:59,063 [pool-204-thread-1] INFO  server.RaftServerConfigKeys (ConfUtils.java:logGet(46)) - raft.server.rpc.slowness.timeout = 300000ms (custom)
2022-06-15 07:33:59,063 [pool-204-thread-1] INFO  server.RaftServerConfigKeys (ConfUtils.java:logGet(46)) - raft.server.leaderelection.leader.step-down.wait-time = 10s (default)
2022-06-15 07:33:59,063 [pool-204-thread-1] INFO  server.RaftServerConfigKeys (ConfUtils.java:logGet(46)) - raft.server.sleep.deviation.threshold = 300ms (default)
2022-06-15 07:33:59,063 [pool-204-thread-1] INFO  server.RaftServer$Division (ServerState.java:<init>(107)) - a73ef743-905e-425d-956f-6fe1cf0283a9@group-1CD1852B66C7: ConfigurationManager, init=-1: [2ba0c2a5-1748-4da9-81e4-5266296b4b8f|rpc:10.1.0.11:43465|priority:0, a73ef743-905e-425d-956f-6fe1cf0283a9|rpc:10.1.0.11:34113|priority:1, 309b0a9a-ca0d-4cb3-b4c4-40bf1bc4f3ac|rpc:10.1.0.11:44617|priority:0], old=null, confs=<EMPTY_MAP>
2022-06-15 07:33:59,063 [pool-204-thread-1] INFO  server.RaftServerConfigKeys (ConfUtils.java:logGet(46)) - raft.server.storage.dir = [/home/runner/work/ozone/ozone/hadoop-ozone/integration-test/target/test-dir/MiniOzoneClusterImpl-589494f2-24de-4a8c-8650-9a890bc48d46/datanode-6/data/ratis] (custom)
2022-06-15 07:33:59,064 [pool-204-thread-1] INFO  server.RaftServerConfigKeys (ConfUtils.java:logGet(46)) - raft.server.log.corruption.policy = EXCEPTION (default)
2022-06-15 07:33:59,064 [pool-204-thread-1] INFO  server.RaftServerConfigKeys (ConfUtils.java:logGet(46)) - raft.server.storage.free-space.min = 0MB (=0) (default)
2022-06-15 07:33:59,064 [pool-204-thread-1] INFO  storage.RaftStorageDirectory (RaftStorageDirectoryImpl.java:analyzeStorage(135)) - The storage directory /home/runner/work/ozone/ozone/hadoop-ozone/integration-test/target/test-dir/MiniOzoneClusterImpl-589494f2-24de-4a8c-8650-9a890bc48d46/datanode-6/data/ratis/b5a8a24c-6c15-456e-926e-1cd1852b66c7 does not exist. Creating ...
2022-06-15 07:33:59,065 [pool-204-thread-1] INFO  storage.RaftStorageDirectory (RaftStorageDirectoryImpl.java:tryLock(230)) - Lock on /home/runner/work/ozone/ozone/hadoop-ozone/integration-test/target/test-dir/MiniOzoneClusterImpl-589494f2-24de-4a8c-8650-9a890bc48d46/datanode-6/data/ratis/b5a8a24c-6c15-456e-926e-1cd1852b66c7/in_use.lock acquired by nodename 5140@fv-az121-418
2022-06-15 07:33:59,066 [pool-204-thread-1] INFO  storage.RaftStorage (RaftStorageImpl.java:format(89)) - Storage directory /home/runner/work/ozone/ozone/hadoop-ozone/integration-test/target/test-dir/MiniOzoneClusterImpl-589494f2-24de-4a8c-8650-9a890bc48d46/datanode-6/data/ratis/b5a8a24c-6c15-456e-926e-1cd1852b66c7 has been successfully formatted.
2022-06-15 07:33:59,066 [pool-204-thread-1] INFO  ratis.ContainerStateMachine (ContainerStateMachine.java:loadSnapshot(236)) - group-1CD1852B66C7: The snapshot info is null. Setting the last applied indexto:(t:0, i:~)
2022-06-15 07:33:59,066 [pool-204-thread-1] INFO  server.RaftServerConfigKeys (ConfUtils.java:logGet(46)) - raft.server.notification.no-leader.timeout = 300000ms (custom)
2022-06-15 07:33:59,066 [pool-204-thread-1] INFO  server.RaftServerConfigKeys (ConfUtils.java:logGet(46)) - raft.server.log.use.memory = false (default)
2022-06-15 07:33:59,066 [pool-204-thread-1] INFO  server.RaftServerConfigKeys (ConfUtils.java:logGet(46)) - raft.server.log.purge.gap = 1000000 (custom)
2022-06-15 07:33:59,066 [pool-204-thread-1] INFO  server.RaftServerConfigKeys (ConfUtils.java:logGet(46)) - raft.server.log.appender.buffer.byte-limit = 33554432 (custom)
2022-06-15 07:33:59,067 [pool-204-thread-1] INFO  server.RaftServerConfigKeys (ConfUtils.java:logGet(46)) - raft.server.log.statemachine.data.read.timeout = 1000ms (default)
2022-06-15 07:33:59,067 [pool-204-thread-1] INFO  server.RaftServerConfigKeys (ConfUtils.java:logGet(46)) - raft.server.log.segment.size.max = 1048576 (custom)
2022-06-15 07:33:59,067 [pool-204-thread-1] INFO  server.RaftServerConfigKeys (ConfUtils.java:logGet(46)) - raft.server.log.segment.cache.num.max = 2 (custom)
2022-06-15 07:33:59,067 [pool-204-thread-1] INFO  server.RaftServerConfigKeys (ConfUtils.java:logGet(46)) - raft.server.log.segment.cache.size.max = 200MB (=209715200) (default)
2022-06-15 07:33:59,067 [pool-204-thread-1] INFO  segmented.SegmentedRaftLogWorker (SegmentedRaftLogWorker.java:<init>(187)) - new a73ef743-905e-425d-956f-6fe1cf0283a9@group-1CD1852B66C7-SegmentedRaftLogWorker for RaftStorageImpl:Storage Directory /home/runner/work/ozone/ozone/hadoop-ozone/integration-test/target/test-dir/MiniOzoneClusterImpl-589494f2-24de-4a8c-8650-9a890bc48d46/datanode-6/data/ratis/b5a8a24c-6c15-456e-926e-1cd1852b66c7
2022-06-15 07:33:59,068 [pool-204-thread-1] INFO  server.RaftServerConfigKeys (ConfUtils.java:logGet(46)) - raft.server.log.queue.byte-limit = 4294967296 (custom)
2022-06-15 07:33:59,068 [pool-204-thread-1] INFO  server.RaftServerConfigKeys (ConfUtils.java:logGet(46)) - raft.server.log.queue.element-limit = 1024 (custom)
2022-06-15 07:33:59,068 [pool-204-thread-1] INFO  server.RaftServerConfigKeys (ConfUtils.java:logGet(46)) - raft.server.log.segment.size.max = 1048576 (custom)
2022-06-15 07:33:59,068 [pool-204-thread-1] INFO  server.RaftServerConfigKeys (ConfUtils.java:logGet(46)) - raft.server.log.preallocated.size = 16384 (custom)
2022-06-15 07:33:59,068 [pool-204-thread-1] INFO  server.RaftServerConfigKeys (ConfUtils.java:logGet(46)) - raft.server.log.force.sync.num = 128 (default)
2022-06-15 07:33:59,068 [pool-204-thread-1] INFO  server.RaftServerConfigKeys (ConfUtils.java:logGet(46)) - raft.server.log.statemachine.data.sync = true (default)
2022-06-15 07:33:59,068 [pool-204-thread-1] INFO  server.RaftServerConfigKeys (ConfUtils.java:logGet(46)) - raft.server.log.statemachine.data.sync.timeout = 10s (default)
2022-06-15 07:33:59,068 [pool-204-thread-1] INFO  server.RaftServerConfigKeys (ConfUtils.java:logGet(46)) - raft.server.log.statemachine.data.sync.timeout.retry = -1 (default)
2022-06-15 07:33:59,069 [pool-204-thread-1] INFO  server.RaftServerConfigKeys (ConfUtils.java:logGet(46)) - raft.server.log.write.buffer.size = 1048576 (custom)
2022-06-15 07:33:59,069 [pool-204-thread-1] INFO  server.RaftServerConfigKeys (ConfUtils.java:logGet(46)) - raft.server.log.unsafe-flush.enabled = false (default)
2022-06-15 07:33:59,069 [pool-204-thread-1] INFO  server.RaftServerConfigKeys (ConfUtils.java:logGet(46)) - raft.server.log.statemachine.data.caching.enabled = true (custom)
2022-06-15 07:33:59,069 [pool-204-thread-1] INFO  segmented.SegmentedRaftLogWorker (SegmentedRaftLogWorker.java:lambda$new$0(135)) - a73ef743-905e-425d-956f-6fe1cf0283a9@group-1CD1852B66C7-SegmentedRaftLogWorker: flushIndex: setUnconditionally 0 -> -1
2022-06-15 07:33:59,069 [pool-204-thread-1] INFO  segmented.SegmentedRaftLogWorker (SegmentedRaftLogWorker.java:lambda$new$0(135)) - a73ef743-905e-425d-956f-6fe1cf0283a9@group-1CD1852B66C7-SegmentedRaftLogWorker: safeCacheEvictIndex: setUnconditionally 0 -> -1
2022-06-15 07:33:59,069 [pool-204-thread-1] INFO  server.RaftServerConfigKeys (ConfUtils.java:logGet(46)) - raft.server.snapshot.auto.trigger.enabled = true (custom)
2022-06-15 07:33:59,069 [pool-204-thread-1] INFO  server.RaftServerConfigKeys (ConfUtils.java:logGet(46)) - raft.server.snapshot.auto.trigger.threshold = 1 (custom)
2022-06-15 07:33:59,069 [pool-204-thread-1] INFO  server.RaftServerConfigKeys (ConfUtils.java:logGet(46)) - raft.server.snapshot.retention.file.num = 5 (custom)
2022-06-15 07:33:59,069 [pool-204-thread-1] INFO  server.RaftServerConfigKeys (ConfUtils.java:logGet(46)) - raft.server.log.purge.upto.snapshot.index = false (default)
2022-06-15 07:33:59,069 [pool-204-thread-1] INFO  server.RaftServerConfigKeys (ConfUtils.java:logGet(46)) - raft.server.retrycache.expirytime = 600000ms (custom)
2022-06-15 07:33:59,070 [pool-204-thread-1] INFO  server.RaftServerConfigKeys (ConfUtils.java:logGet(46)) - raft.server.retrycache.statistics.expirytime = 100μs (default)
2022-06-15 07:33:59,070 [EventQueue-OpenPipelineForHealthyPipelineSafeModeRule] INFO  safemode.SCMSafeModeManager (HealthyPipelineSafeModeRule.java:process(124)) - SCM in safe mode. Healthy pipelines reported count is 0, required healthy pipeline reported count is 1
2022-06-15 07:33:59,070 [pool-204-thread-1] INFO  server.RaftServerConfigKeys (ConfUtils.java:logGet(46)) - raft.server.log.appender.install.snapshot.enabled = false (custom)
2022-06-15 07:33:59,071 [pool-204-thread-1] INFO  server.RaftServerConfigKeys (ConfUtils.java:logGet(46)) - raft.server.threadpool.server.cached = true (default)
2022-06-15 07:33:59,071 [pool-204-thread-1] INFO  server.RaftServerConfigKeys (ConfUtils.java:logGet(46)) - raft.server.threadpool.server.size = 0 (default)
2022-06-15 07:33:59,071 [pool-204-thread-1] INFO  server.RaftServerConfigKeys (ConfUtils.java:logGet(46)) - raft.server.threadpool.client.cached = true (default)
2022-06-15 07:33:59,071 [pool-204-thread-1] INFO  server.RaftServerConfigKeys (ConfUtils.java:logGet(46)) - raft.server.threadpool.client.size = 0 (default)
2022-06-15 07:33:59,071 [pool-204-thread-1] INFO  server.RaftServer$Division (RaftServerImpl.java:start(310)) - a73ef743-905e-425d-956f-6fe1cf0283a9@group-1CD1852B66C7: start as a follower, conf=-1: [2ba0c2a5-1748-4da9-81e4-5266296b4b8f|rpc:10.1.0.11:43465|priority:0, a73ef743-905e-425d-956f-6fe1cf0283a9|rpc:10.1.0.11:34113|priority:1, 309b0a9a-ca0d-4cb3-b4c4-40bf1bc4f3ac|rpc:10.1.0.11:44617|priority:0], old=null
2022-06-15 07:33:59,071 [pool-204-thread-1] INFO  server.RaftServer$Division (RaftServerImpl.java:setRole(299)) - a73ef743-905e-425d-956f-6fe1cf0283a9@group-1CD1852B66C7: changes role from      null to FOLLOWER at term 0 for startAsFollower
2022-06-15 07:33:59,071 [pool-204-thread-1] INFO  impl.RoleInfo (RoleInfo.java:updateAndGet(139)) - a73ef743-905e-425d-956f-6fe1cf0283a9: start a73ef743-905e-425d-956f-6fe1cf0283a9@group-1CD1852B66C7-FollowerState
2022-06-15 07:33:59,072 [pool-204-thread-1] INFO  util.JmxRegister (JmxRegister.java:tryRegister(44)) - Successfully registered JMX Bean with object name Ratis:service=RaftServer,group=group-1CD1852B66C7,id=a73ef743-905e-425d-956f-6fe1cf0283a9
2022-06-15 07:33:59,072 [Command processor thread] INFO  ratis.XceiverServerRatis (XceiverServerRatis.java:addGroup(765)) - Created group PipelineID=b5a8a24c-6c15-456e-926e-1cd1852b66c7
2022-06-15 07:33:59,079 [EventQueue-OpenPipelineForHealthyPipelineSafeModeRule] INFO  safemode.SCMSafeModeManager (HealthyPipelineSafeModeRule.java:process(124)) - SCM in safe mode. Healthy pipelines reported count is 0, required healthy pipeline reported count is 1
2022-06-15 07:33:59,094 [grpc-default-executor-0] INFO  server.RaftServer (RaftServerProxy.java:addNew(96)) - 2ba0c2a5-1748-4da9-81e4-5266296b4b8f: addNew group-1CD1852B66C7:[2ba0c2a5-1748-4da9-81e4-5266296b4b8f|rpc:10.1.0.11:43465|dataStream:|priority:0, a73ef743-905e-425d-956f-6fe1cf0283a9|rpc:10.1.0.11:34113|dataStream:|priority:1, 309b0a9a-ca0d-4cb3-b4c4-40bf1bc4f3ac|rpc:10.1.0.11:44617|dataStream:|priority:0] returns group-1CD1852B66C7:java.util.concurrent.CompletableFuture@4afcd60c[Not completed]
2022-06-15 07:33:59,095 [pool-230-thread-1] INFO  server.RaftServer$Division (RaftServerImpl.java:<init>(190)) - 2ba0c2a5-1748-4da9-81e4-5266296b4b8f: new RaftServerImpl for group-1CD1852B66C7:[2ba0c2a5-1748-4da9-81e4-5266296b4b8f|rpc:10.1.0.11:43465|dataStream:|priority:0, a73ef743-905e-425d-956f-6fe1cf0283a9|rpc:10.1.0.11:34113|dataStream:|priority:1, 309b0a9a-ca0d-4cb3-b4c4-40bf1bc4f3ac|rpc:10.1.0.11:44617|dataStream:|priority:0] with ContainerStateMachine:uninitialized
2022-06-15 07:33:59,095 [pool-230-thread-1] INFO  server.RaftServerConfigKeys (ConfUtils.java:logGet(46)) - raft.server.rpc.timeout.min = 5s (custom)
2022-06-15 07:33:59,095 [pool-230-thread-1] INFO  server.RaftServerConfigKeys (ConfUtils.java:logGet(46)) - raft.server.rpc.timeout.max = 5200ms (custom)
2022-06-15 07:33:59,095 [pool-230-thread-1] INFO  server.RaftServerConfigKeys (ConfUtils.java:logGet(46)) - raft.server.rpc.sleep.time = 25ms (default)
2022-06-15 07:33:59,095 [pool-230-thread-1] INFO  server.RaftServerConfigKeys (ConfUtils.java:logGet(46)) - raft.server.rpc.slowness.timeout = 300000ms (custom)
2022-06-15 07:33:59,096 [pool-230-thread-1] INFO  server.RaftServerConfigKeys (ConfUtils.java:logGet(46)) - raft.server.leaderelection.leader.step-down.wait-time = 10s (default)
2022-06-15 07:33:59,096 [pool-230-thread-1] INFO  server.RaftServerConfigKeys (ConfUtils.java:logGet(46)) - raft.server.sleep.deviation.threshold = 300ms (default)
2022-06-15 07:33:59,096 [pool-230-thread-1] INFO  server.RaftServer$Division (ServerState.java:<init>(107)) - 2ba0c2a5-1748-4da9-81e4-5266296b4b8f@group-1CD1852B66C7: ConfigurationManager, init=-1: [2ba0c2a5-1748-4da9-81e4-5266296b4b8f|rpc:10.1.0.11:43465|dataStream:|priority:0, a73ef743-905e-425d-956f-6fe1cf0283a9|rpc:10.1.0.11:34113|dataStream:|priority:1, 309b0a9a-ca0d-4cb3-b4c4-40bf1bc4f3ac|rpc:10.1.0.11:44617|dataStream:|priority:0], old=null, confs=<EMPTY_MAP>
2022-06-15 07:33:59,096 [pool-230-thread-1] INFO  server.RaftServerConfigKeys (ConfUtils.java:logGet(46)) - raft.server.storage.dir = [/home/runner/work/ozone/ozone/hadoop-ozone/integration-test/target/test-dir/MiniOzoneClusterImpl-589494f2-24de-4a8c-8650-9a890bc48d46/datanode-7/data/ratis] (custom)
2022-06-15 07:33:59,096 [pool-230-thread-1] INFO  server.RaftServerConfigKeys (ConfUtils.java:logGet(46)) - raft.server.log.corruption.policy = EXCEPTION (default)
2022-06-15 07:33:59,096 [pool-230-thread-1] INFO  server.RaftServerConfigKeys (ConfUtils.java:logGet(46)) - raft.server.storage.free-space.min = 0MB (=0) (default)
2022-06-15 07:33:59,096 [pool-230-thread-1] INFO  storage.RaftStorageDirectory (RaftStorageDirectoryImpl.java:analyzeStorage(135)) - The storage directory /home/runner/work/ozone/ozone/hadoop-ozone/integration-test/target/test-dir/MiniOzoneClusterImpl-589494f2-24de-4a8c-8650-9a890bc48d46/datanode-7/data/ratis/b5a8a24c-6c15-456e-926e-1cd1852b66c7 does not exist. Creating ...
2022-06-15 07:33:59,097 [pool-230-thread-1] INFO  storage.RaftStorageDirectory (RaftStorageDirectoryImpl.java:tryLock(230)) - Lock on /home/runner/work/ozone/ozone/hadoop-ozone/integration-test/target/test-dir/MiniOzoneClusterImpl-589494f2-24de-4a8c-8650-9a890bc48d46/datanode-7/data/ratis/b5a8a24c-6c15-456e-926e-1cd1852b66c7/in_use.lock acquired by nodename 5140@fv-az121-418
2022-06-15 07:33:59,098 [pool-230-thread-1] INFO  storage.RaftStorage (RaftStorageImpl.java:format(89)) - Storage directory /home/runner/work/ozone/ozone/hadoop-ozone/integration-test/target/test-dir/MiniOzoneClusterImpl-589494f2-24de-4a8c-8650-9a890bc48d46/datanode-7/data/ratis/b5a8a24c-6c15-456e-926e-1cd1852b66c7 has been successfully formatted.
2022-06-15 07:33:59,098 [pool-230-thread-1] INFO  ratis.ContainerStateMachine (ContainerStateMachine.java:loadSnapshot(236)) - group-1CD1852B66C7: The snapshot info is null. Setting the last applied indexto:(t:0, i:~)
2022-06-15 07:33:59,098 [pool-230-thread-1] INFO  server.RaftServerConfigKeys (ConfUtils.java:logGet(46)) - raft.server.notification.no-leader.timeout = 300000ms (custom)
2022-06-15 07:33:59,099 [pool-230-thread-1] INFO  server.RaftServerConfigKeys (ConfUtils.java:logGet(46)) - raft.server.log.use.memory = false (default)
2022-06-15 07:33:59,099 [pool-230-thread-1] INFO  server.RaftServerConfigKeys (ConfUtils.java:logGet(46)) - raft.server.log.purge.gap = 1000000 (custom)
2022-06-15 07:33:59,099 [pool-230-thread-1] INFO  server.RaftServerConfigKeys (ConfUtils.java:logGet(46)) - raft.server.log.appender.buffer.byte-limit = 33554432 (custom)
2022-06-15 07:33:59,099 [pool-230-thread-1] INFO  server.RaftServerConfigKeys (ConfUtils.java:logGet(46)) - raft.server.log.statemachine.data.read.timeout = 1000ms (default)
2022-06-15 07:33:59,099 [pool-230-thread-1] INFO  server.RaftServerConfigKeys (ConfUtils.java:logGet(46)) - raft.server.log.segment.size.max = 1048576 (custom)
2022-06-15 07:33:59,100 [pool-230-thread-1] INFO  server.RaftServerConfigKeys (ConfUtils.java:logGet(46)) - raft.server.log.segment.cache.num.max = 2 (custom)
2022-06-15 07:33:59,100 [pool-230-thread-1] INFO  server.RaftServerConfigKeys (ConfUtils.java:logGet(46)) - raft.server.log.segment.cache.size.max = 200MB (=209715200) (default)
2022-06-15 07:33:59,100 [pool-230-thread-1] INFO  segmented.SegmentedRaftLogWorker (SegmentedRaftLogWorker.java:<init>(187)) - new 2ba0c2a5-1748-4da9-81e4-5266296b4b8f@group-1CD1852B66C7-SegmentedRaftLogWorker for RaftStorageImpl:Storage Directory /home/runner/work/ozone/ozone/hadoop-ozone/integration-test/target/test-dir/MiniOzoneClusterImpl-589494f2-24de-4a8c-8650-9a890bc48d46/datanode-7/data/ratis/b5a8a24c-6c15-456e-926e-1cd1852b66c7
2022-06-15 07:33:59,101 [pool-230-thread-1] INFO  server.RaftServerConfigKeys (ConfUtils.java:logGet(46)) - raft.server.log.queue.byte-limit = 4294967296 (custom)
2022-06-15 07:33:59,101 [pool-230-thread-1] INFO  server.RaftServerConfigKeys (ConfUtils.java:logGet(46)) - raft.server.log.queue.element-limit = 1024 (custom)
2022-06-15 07:33:59,101 [pool-230-thread-1] INFO  server.RaftServerConfigKeys (ConfUtils.java:logGet(46)) - raft.server.log.segment.size.max = 1048576 (custom)
2022-06-15 07:33:59,101 [pool-230-thread-1] INFO  server.RaftServerConfigKeys (ConfUtils.java:logGet(46)) - raft.server.log.preallocated.size = 16384 (custom)
2022-06-15 07:33:59,101 [pool-230-thread-1] INFO  server.RaftServerConfigKeys (ConfUtils.java:logGet(46)) - raft.server.log.force.sync.num = 128 (default)
2022-06-15 07:33:59,101 [pool-230-thread-1] INFO  server.RaftServerConfigKeys (ConfUtils.java:logGet(46)) - raft.server.log.statemachine.data.sync = true (default)
2022-06-15 07:33:59,101 [pool-230-thread-1] INFO  server.RaftServerConfigKeys (ConfUtils.java:logGet(46)) - raft.server.log.statemachine.data.sync.timeout = 10s (default)
2022-06-15 07:33:59,101 [pool-230-thread-1] INFO  server.RaftServerConfigKeys (ConfUtils.java:logGet(46)) - raft.server.log.statemachine.data.sync.timeout.retry = -1 (default)
2022-06-15 07:33:59,102 [pool-230-thread-1] INFO  server.RaftServerConfigKeys (ConfUtils.java:logGet(46)) - raft.server.log.write.buffer.size = 1048576 (custom)
2022-06-15 07:33:59,102 [pool-230-thread-1] INFO  server.RaftServerConfigKeys (ConfUtils.java:logGet(46)) - raft.server.log.unsafe-flush.enabled = false (default)
2022-06-15 07:33:59,103 [pool-230-thread-1] INFO  server.RaftServerConfigKeys (ConfUtils.java:logGet(46)) - raft.server.log.statemachine.data.caching.enabled = true (custom)
2022-06-15 07:33:59,104 [pool-230-thread-1] INFO  segmented.SegmentedRaftLogWorker (SegmentedRaftLogWorker.java:lambda$new$0(135)) - 2ba0c2a5-1748-4da9-81e4-5266296b4b8f@group-1CD1852B66C7-SegmentedRaftLogWorker: flushIndex: setUnconditionally 0 -> -1
2022-06-15 07:33:59,104 [pool-230-thread-1] INFO  segmented.SegmentedRaftLogWorker (SegmentedRaftLogWorker.java:lambda$new$0(135)) - 2ba0c2a5-1748-4da9-81e4-5266296b4b8f@group-1CD1852B66C7-SegmentedRaftLogWorker: safeCacheEvictIndex: setUnconditionally 0 -> -1
2022-06-15 07:33:59,104 [pool-230-thread-1] INFO  server.RaftServerConfigKeys (ConfUtils.java:logGet(46)) - raft.server.snapshot.auto.trigger.enabled = true (custom)
2022-06-15 07:33:59,104 [pool-230-thread-1] INFO  server.RaftServerConfigKeys (ConfUtils.java:logGet(46)) - raft.server.snapshot.auto.trigger.threshold = 1 (custom)
2022-06-15 07:33:59,104 [pool-230-thread-1] INFO  server.RaftServerConfigKeys (ConfUtils.java:logGet(46)) - raft.server.snapshot.retention.file.num = 5 (custom)
2022-06-15 07:33:59,104 [pool-230-thread-1] INFO  server.RaftServerConfigKeys (ConfUtils.java:logGet(46)) - raft.server.log.purge.upto.snapshot.index = false (default)
2022-06-15 07:33:59,104 [pool-230-thread-1] INFO  server.RaftServerConfigKeys (ConfUtils.java:logGet(46)) - raft.server.retrycache.expirytime = 600000ms (custom)
2022-06-15 07:33:59,104 [pool-230-thread-1] INFO  server.RaftServerConfigKeys (ConfUtils.java:logGet(46)) - raft.server.retrycache.statistics.expirytime = 100μs (default)
2022-06-15 07:33:59,105 [pool-230-thread-1] INFO  server.RaftServerConfigKeys (ConfUtils.java:logGet(46)) - raft.server.log.appender.install.snapshot.enabled = false (custom)
2022-06-15 07:33:59,106 [pool-230-thread-1] INFO  server.RaftServerConfigKeys (ConfUtils.java:logGet(46)) - raft.server.threadpool.server.cached = true (default)
2022-06-15 07:33:59,106 [pool-230-thread-1] INFO  server.RaftServerConfigKeys (ConfUtils.java:logGet(46)) - raft.server.threadpool.server.size = 0 (default)
2022-06-15 07:33:59,106 [pool-230-thread-1] INFO  server.RaftServerConfigKeys (ConfUtils.java:logGet(46)) - raft.server.threadpool.client.cached = true (default)
2022-06-15 07:33:59,106 [pool-230-thread-1] INFO  server.RaftServerConfigKeys (ConfUtils.java:logGet(46)) - raft.server.threadpool.client.size = 0 (default)
2022-06-15 07:33:59,106 [pool-230-thread-1] INFO  server.RaftServer$Division (RaftServerImpl.java:start(310)) - 2ba0c2a5-1748-4da9-81e4-5266296b4b8f@group-1CD1852B66C7: start as a follower, conf=-1: [2ba0c2a5-1748-4da9-81e4-5266296b4b8f|rpc:10.1.0.11:43465|dataStream:|priority:0, a73ef743-905e-425d-956f-6fe1cf0283a9|rpc:10.1.0.11:34113|dataStream:|priority:1, 309b0a9a-ca0d-4cb3-b4c4-40bf1bc4f3ac|rpc:10.1.0.11:44617|dataStream:|priority:0], old=null
2022-06-15 07:33:59,106 [pool-230-thread-1] INFO  server.RaftServer$Division (RaftServerImpl.java:setRole(299)) - 2ba0c2a5-1748-4da9-81e4-5266296b4b8f@group-1CD1852B66C7: changes role from      null to FOLLOWER at term 0 for startAsFollower
2022-06-15 07:33:59,106 [pool-230-thread-1] INFO  impl.RoleInfo (RoleInfo.java:updateAndGet(139)) - 2ba0c2a5-1748-4da9-81e4-5266296b4b8f: start 2ba0c2a5-1748-4da9-81e4-5266296b4b8f@group-1CD1852B66C7-FollowerState
2022-06-15 07:33:59,106 [pool-230-thread-1] INFO  util.JmxRegister (JmxRegister.java:tryRegister(44)) - Successfully registered JMX Bean with object name Ratis:service=RaftServer,group=group-1CD1852B66C7,id=2ba0c2a5-1748-4da9-81e4-5266296b4b8f
2022-06-15 07:33:59,124 [grpc-default-executor-0] INFO  server.RaftServer (RaftServerProxy.java:addNew(96)) - 309b0a9a-ca0d-4cb3-b4c4-40bf1bc4f3ac: addNew group-1CD1852B66C7:[2ba0c2a5-1748-4da9-81e4-5266296b4b8f|rpc:10.1.0.11:43465|dataStream:|priority:0, a73ef743-905e-425d-956f-6fe1cf0283a9|rpc:10.1.0.11:34113|dataStream:|priority:1, 309b0a9a-ca0d-4cb3-b4c4-40bf1bc4f3ac|rpc:10.1.0.11:44617|dataStream:|priority:0] returns group-1CD1852B66C7:java.util.concurrent.CompletableFuture@6ce5098c[Not completed]
2022-06-15 07:33:59,125 [pool-256-thread-1] INFO  server.RaftServer$Division (RaftServerImpl.java:<init>(190)) - 309b0a9a-ca0d-4cb3-b4c4-40bf1bc4f3ac: new RaftServerImpl for group-1CD1852B66C7:[2ba0c2a5-1748-4da9-81e4-5266296b4b8f|rpc:10.1.0.11:43465|dataStream:|priority:0, a73ef743-905e-425d-956f-6fe1cf0283a9|rpc:10.1.0.11:34113|dataStream:|priority:1, 309b0a9a-ca0d-4cb3-b4c4-40bf1bc4f3ac|rpc:10.1.0.11:44617|dataStream:|priority:0] with ContainerStateMachine:uninitialized
2022-06-15 07:33:59,125 [pool-256-thread-1] INFO  server.RaftServerConfigKeys (ConfUtils.java:logGet(46)) - raft.server.rpc.timeout.min = 5s (custom)
2022-06-15 07:33:59,125 [pool-256-thread-1] INFO  server.RaftServerConfigKeys (ConfUtils.java:logGet(46)) - raft.server.rpc.timeout.max = 5200ms (custom)
2022-06-15 07:33:59,125 [pool-256-thread-1] INFO  server.RaftServerConfigKeys (ConfUtils.java:logGet(46)) - raft.server.rpc.sleep.time = 25ms (default)
2022-06-15 07:33:59,125 [pool-256-thread-1] INFO  server.RaftServerConfigKeys (ConfUtils.java:logGet(46)) - raft.server.rpc.slowness.timeout = 300000ms (custom)
2022-06-15 07:33:59,125 [pool-256-thread-1] INFO  server.RaftServerConfigKeys (ConfUtils.java:logGet(46)) - raft.server.leaderelection.leader.step-down.wait-time = 10s (default)
2022-06-15 07:33:59,125 [pool-256-thread-1] INFO  server.RaftServerConfigKeys (ConfUtils.java:logGet(46)) - raft.server.sleep.deviation.threshold = 300ms (default)
2022-06-15 07:33:59,125 [pool-256-thread-1] INFO  server.RaftServer$Division (ServerState.java:<init>(107)) - 309b0a9a-ca0d-4cb3-b4c4-40bf1bc4f3ac@group-1CD1852B66C7: ConfigurationManager, init=-1: [2ba0c2a5-1748-4da9-81e4-5266296b4b8f|rpc:10.1.0.11:43465|dataStream:|priority:0, a73ef743-905e-425d-956f-6fe1cf0283a9|rpc:10.1.0.11:34113|dataStream:|priority:1, 309b0a9a-ca0d-4cb3-b4c4-40bf1bc4f3ac|rpc:10.1.0.11:44617|dataStream:|priority:0], old=null, confs=<EMPTY_MAP>
2022-06-15 07:33:59,125 [pool-256-thread-1] INFO  server.RaftServerConfigKeys (ConfUtils.java:logGet(46)) - raft.server.storage.dir = [/home/runner/work/ozone/ozone/hadoop-ozone/integration-test/target/test-dir/MiniOzoneClusterImpl-589494f2-24de-4a8c-8650-9a890bc48d46/datanode-8/data/ratis] (custom)
2022-06-15 07:33:59,126 [pool-256-thread-1] INFO  server.RaftServerConfigKeys (ConfUtils.java:logGet(46)) - raft.server.log.corruption.policy = EXCEPTION (default)
2022-06-15 07:33:59,126 [pool-256-thread-1] INFO  server.RaftServerConfigKeys (ConfUtils.java:logGet(46)) - raft.server.storage.free-space.min = 0MB (=0) (default)
2022-06-15 07:33:59,126 [pool-256-thread-1] INFO  storage.RaftStorageDirectory (RaftStorageDirectoryImpl.java:analyzeStorage(135)) - The storage directory /home/runner/work/ozone/ozone/hadoop-ozone/integration-test/target/test-dir/MiniOzoneClusterImpl-589494f2-24de-4a8c-8650-9a890bc48d46/datanode-8/data/ratis/b5a8a24c-6c15-456e-926e-1cd1852b66c7 does not exist. Creating ...
2022-06-15 07:33:59,127 [pool-256-thread-1] INFO  storage.RaftStorageDirectory (RaftStorageDirectoryImpl.java:tryLock(230)) - Lock on /home/runner/work/ozone/ozone/hadoop-ozone/integration-test/target/test-dir/MiniOzoneClusterImpl-589494f2-24de-4a8c-8650-9a890bc48d46/datanode-8/data/ratis/b5a8a24c-6c15-456e-926e-1cd1852b66c7/in_use.lock acquired by nodename 5140@fv-az121-418
2022-06-15 07:33:59,128 [pool-256-thread-1] INFO  storage.RaftStorage (RaftStorageImpl.java:format(89)) - Storage directory /home/runner/work/ozone/ozone/hadoop-ozone/integration-test/target/test-dir/MiniOzoneClusterImpl-589494f2-24de-4a8c-8650-9a890bc48d46/datanode-8/data/ratis/b5a8a24c-6c15-456e-926e-1cd1852b66c7 has been successfully formatted.
2022-06-15 07:33:59,129 [pool-256-thread-1] INFO  ratis.ContainerStateMachine (ContainerStateMachine.java:loadSnapshot(236)) - group-1CD1852B66C7: The snapshot info is null. Setting the last applied indexto:(t:0, i:~)
2022-06-15 07:33:59,129 [pool-256-thread-1] INFO  server.RaftServerConfigKeys (ConfUtils.java:logGet(46)) - raft.server.notification.no-leader.timeout = 300000ms (custom)
2022-06-15 07:33:59,129 [pool-256-thread-1] INFO  server.RaftServerConfigKeys (ConfUtils.java:logGet(46)) - raft.server.log.use.memory = false (default)
2022-06-15 07:33:59,129 [pool-256-thread-1] INFO  server.RaftServerConfigKeys (ConfUtils.java:logGet(46)) - raft.server.log.purge.gap = 1000000 (custom)
2022-06-15 07:33:59,129 [pool-256-thread-1] INFO  server.RaftServerConfigKeys (ConfUtils.java:logGet(46)) - raft.server.log.appender.buffer.byte-limit = 33554432 (custom)
2022-06-15 07:33:59,129 [pool-256-thread-1] INFO  server.RaftServerConfigKeys (ConfUtils.java:logGet(46)) - raft.server.log.statemachine.data.read.timeout = 1000ms (default)
2022-06-15 07:33:59,129 [pool-256-thread-1] INFO  server.RaftServerConfigKeys (ConfUtils.java:logGet(46)) - raft.server.log.segment.size.max = 1048576 (custom)
2022-06-15 07:33:59,130 [pool-256-thread-1] INFO  server.RaftServerConfigKeys (ConfUtils.java:logGet(46)) - raft.server.log.segment.cache.num.max = 2 (custom)
2022-06-15 07:33:59,130 [pool-256-thread-1] INFO  server.RaftServerConfigKeys (ConfUtils.java:logGet(46)) - raft.server.log.segment.cache.size.max = 200MB (=209715200) (default)
2022-06-15 07:33:59,130 [pool-256-thread-1] INFO  segmented.SegmentedRaftLogWorker (SegmentedRaftLogWorker.java:<init>(187)) - new 309b0a9a-ca0d-4cb3-b4c4-40bf1bc4f3ac@group-1CD1852B66C7-SegmentedRaftLogWorker for RaftStorageImpl:Storage Directory /home/runner/work/ozone/ozone/hadoop-ozone/integration-test/target/test-dir/MiniOzoneClusterImpl-589494f2-24de-4a8c-8650-9a890bc48d46/datanode-8/data/ratis/b5a8a24c-6c15-456e-926e-1cd1852b66c7
2022-06-15 07:33:59,130 [pool-256-thread-1] INFO  server.RaftServerConfigKeys (ConfUtils.java:logGet(46)) - raft.server.log.queue.byte-limit = 4294967296 (custom)
2022-06-15 07:33:59,130 [pool-256-thread-1] INFO  server.RaftServerConfigKeys (ConfUtils.java:logGet(46)) - raft.server.log.queue.element-limit = 1024 (custom)
2022-06-15 07:33:59,130 [pool-256-thread-1] INFO  server.RaftServerConfigKeys (ConfUtils.java:logGet(46)) - raft.server.log.segment.size.max = 1048576 (custom)
2022-06-15 07:33:59,130 [pool-256-thread-1] INFO  server.RaftServerConfigKeys (ConfUtils.java:logGet(46)) - raft.server.log.preallocated.size = 16384 (custom)
2022-06-15 07:33:59,130 [pool-256-thread-1] INFO  server.RaftServerConfigKeys (ConfUtils.java:logGet(46)) - raft.server.log.force.sync.num = 128 (default)
2022-06-15 07:33:59,131 [pool-256-thread-1] INFO  server.RaftServerConfigKeys (ConfUtils.java:logGet(46)) - raft.server.log.statemachine.data.sync = true (default)
2022-06-15 07:33:59,131 [pool-256-thread-1] INFO  server.RaftServerConfigKeys (ConfUtils.java:logGet(46)) - raft.server.log.statemachine.data.sync.timeout = 10s (default)
2022-06-15 07:33:59,131 [pool-256-thread-1] INFO  server.RaftServerConfigKeys (ConfUtils.java:logGet(46)) - raft.server.log.statemachine.data.sync.timeout.retry = -1 (default)
2022-06-15 07:33:59,132 [pool-256-thread-1] INFO  server.RaftServerConfigKeys (ConfUtils.java:logGet(46)) - raft.server.log.write.buffer.size = 1048576 (custom)
2022-06-15 07:33:59,133 [pool-256-thread-1] INFO  server.RaftServerConfigKeys (ConfUtils.java:logGet(46)) - raft.server.log.unsafe-flush.enabled = false (default)
2022-06-15 07:33:59,134 [pool-256-thread-1] INFO  server.RaftServerConfigKeys (ConfUtils.java:logGet(46)) - raft.server.log.statemachine.data.caching.enabled = true (custom)
2022-06-15 07:33:59,134 [pool-256-thread-1] INFO  segmented.SegmentedRaftLogWorker (SegmentedRaftLogWorker.java:lambda$new$0(135)) - 309b0a9a-ca0d-4cb3-b4c4-40bf1bc4f3ac@group-1CD1852B66C7-SegmentedRaftLogWorker: flushIndex: setUnconditionally 0 -> -1
2022-06-15 07:33:59,134 [pool-256-thread-1] INFO  segmented.SegmentedRaftLogWorker (SegmentedRaftLogWorker.java:lambda$new$0(135)) - 309b0a9a-ca0d-4cb3-b4c4-40bf1bc4f3ac@group-1CD1852B66C7-SegmentedRaftLogWorker: safeCacheEvictIndex: setUnconditionally 0 -> -1
2022-06-15 07:33:59,135 [pool-256-thread-1] INFO  server.RaftServerConfigKeys (ConfUtils.java:logGet(46)) - raft.server.snapshot.auto.trigger.enabled = true (custom)
2022-06-15 07:33:59,135 [pool-256-thread-1] INFO  server.RaftServerConfigKeys (ConfUtils.java:logGet(46)) - raft.server.snapshot.auto.trigger.threshold = 1 (custom)
2022-06-15 07:33:59,135 [pool-256-thread-1] INFO  server.RaftServerConfigKeys (ConfUtils.java:logGet(46)) - raft.server.snapshot.retention.file.num = 5 (custom)
2022-06-15 07:33:59,135 [pool-256-thread-1] INFO  server.RaftServerConfigKeys (ConfUtils.java:logGet(46)) - raft.server.log.purge.upto.snapshot.index = false (default)
2022-06-15 07:33:59,135 [pool-256-thread-1] INFO  server.RaftServerConfigKeys (ConfUtils.java:logGet(46)) - raft.server.retrycache.expirytime = 600000ms (custom)
2022-06-15 07:33:59,135 [pool-256-thread-1] INFO  server.RaftServerConfigKeys (ConfUtils.java:logGet(46)) - raft.server.retrycache.statistics.expirytime = 100μs (default)
2022-06-15 07:33:59,136 [pool-256-thread-1] INFO  server.RaftServerConfigKeys (ConfUtils.java:logGet(46)) - raft.server.log.appender.install.snapshot.enabled = false (custom)
2022-06-15 07:33:59,136 [pool-256-thread-1] INFO  server.RaftServerConfigKeys (ConfUtils.java:logGet(46)) - raft.server.threadpool.server.cached = true (default)
2022-06-15 07:33:59,136 [pool-256-thread-1] INFO  server.RaftServerConfigKeys (ConfUtils.java:logGet(46)) - raft.server.threadpool.server.size = 0 (default)
2022-06-15 07:33:59,136 [pool-256-thread-1] INFO  server.RaftServerConfigKeys (ConfUtils.java:logGet(46)) - raft.server.threadpool.client.cached = true (default)
2022-06-15 07:33:59,136 [pool-256-thread-1] INFO  server.RaftServerConfigKeys (ConfUtils.java:logGet(46)) - raft.server.threadpool.client.size = 0 (default)
2022-06-15 07:33:59,136 [pool-256-thread-1] INFO  server.RaftServer$Division (RaftServerImpl.java:start(310)) - 309b0a9a-ca0d-4cb3-b4c4-40bf1bc4f3ac@group-1CD1852B66C7: start as a follower, conf=-1: [2ba0c2a5-1748-4da9-81e4-5266296b4b8f|rpc:10.1.0.11:43465|dataStream:|priority:0, a73ef743-905e-425d-956f-6fe1cf0283a9|rpc:10.1.0.11:34113|dataStream:|priority:1, 309b0a9a-ca0d-4cb3-b4c4-40bf1bc4f3ac|rpc:10.1.0.11:44617|dataStream:|priority:0], old=null
2022-06-15 07:33:59,137 [pool-256-thread-1] INFO  server.RaftServer$Division (RaftServerImpl.java:setRole(299)) - 309b0a9a-ca0d-4cb3-b4c4-40bf1bc4f3ac@group-1CD1852B66C7: changes role from      null to FOLLOWER at term 0 for startAsFollower
2022-06-15 07:33:59,137 [pool-256-thread-1] INFO  impl.RoleInfo (RoleInfo.java:updateAndGet(139)) - 309b0a9a-ca0d-4cb3-b4c4-40bf1bc4f3ac: start 309b0a9a-ca0d-4cb3-b4c4-40bf1bc4f3ac@group-1CD1852B66C7-FollowerState
2022-06-15 07:33:59,139 [pool-256-thread-1] INFO  util.JmxRegister (JmxRegister.java:tryRegister(44)) - Successfully registered JMX Bean with object name Ratis:service=RaftServer,group=group-1CD1852B66C7,id=309b0a9a-ca0d-4cb3-b4c4-40bf1bc4f3ac
2022-06-15 07:33:59,148 [Command processor thread] INFO  commandhandler.CreatePipelineCommandHandler (CreatePipelineCommandHandler.java:handle(113)) - Created Pipeline RATIS THREE PipelineID=b5a8a24c-6c15-456e-926e-1cd1852b66c7.
2022-06-15 07:33:59,172 [EventQueue-OpenPipelineForHealthyPipelineSafeModeRule] INFO  safemode.SCMSafeModeManager (HealthyPipelineSafeModeRule.java:process(124)) - SCM in safe mode. Healthy pipelines reported count is 0, required healthy pipeline reported count is 1
2022-06-15 07:33:59,226 [EventQueue-OpenPipelineForHealthyPipelineSafeModeRule] INFO  safemode.SCMSafeModeManager (HealthyPipelineSafeModeRule.java:process(124)) - SCM in safe mode. Healthy pipelines reported count is 0, required healthy pipeline reported count is 1
2022-06-15 07:33:59,235 [Command processor thread] INFO  server.RaftServer (RaftServerProxy.java:addNew(96)) - 2ba0c2a5-1748-4da9-81e4-5266296b4b8f: addNew group-DF65FAE17C66:[2ba0c2a5-1748-4da9-81e4-5266296b4b8f|rpc:10.1.0.11:43465|priority:1] returns group-DF65FAE17C66:java.util.concurrent.CompletableFuture@6ebcf088[Not completed]
2022-06-15 07:33:59,236 [pool-230-thread-1] INFO  server.RaftServer$Division (RaftServerImpl.java:<init>(190)) - 2ba0c2a5-1748-4da9-81e4-5266296b4b8f: new RaftServerImpl for group-DF65FAE17C66:[2ba0c2a5-1748-4da9-81e4-5266296b4b8f|rpc:10.1.0.11:43465|priority:1] with ContainerStateMachine:uninitialized
2022-06-15 07:33:59,236 [pool-230-thread-1] INFO  server.RaftServerConfigKeys (ConfUtils.java:logGet(46)) - raft.server.rpc.timeout.min = 5s (custom)
2022-06-15 07:33:59,236 [pool-230-thread-1] INFO  server.RaftServerConfigKeys (ConfUtils.java:logGet(46)) - raft.server.rpc.timeout.max = 5200ms (custom)
2022-06-15 07:33:59,236 [pool-230-thread-1] INFO  server.RaftServerConfigKeys (ConfUtils.java:logGet(46)) - raft.server.rpc.sleep.time = 25ms (default)
2022-06-15 07:33:59,236 [pool-230-thread-1] INFO  server.RaftServerConfigKeys (ConfUtils.java:logGet(46)) - raft.server.rpc.slowness.timeout = 300000ms (custom)
2022-06-15 07:33:59,236 [pool-230-thread-1] INFO  server.RaftServerConfigKeys (ConfUtils.java:logGet(46)) - raft.server.leaderelection.leader.step-down.wait-time = 10s (default)
2022-06-15 07:33:59,236 [pool-230-thread-1] INFO  server.RaftServerConfigKeys (ConfUtils.java:logGet(46)) - raft.server.sleep.deviation.threshold = 300ms (default)
2022-06-15 07:33:59,236 [pool-230-thread-1] INFO  server.RaftServer$Division (ServerState.java:<init>(107)) - 2ba0c2a5-1748-4da9-81e4-5266296b4b8f@group-DF65FAE17C66: ConfigurationManager, init=-1: [2ba0c2a5-1748-4da9-81e4-5266296b4b8f|rpc:10.1.0.11:43465|priority:1], old=null, confs=<EMPTY_MAP>
2022-06-15 07:33:59,237 [pool-230-thread-1] INFO  server.RaftServerConfigKeys (ConfUtils.java:logGet(46)) - raft.server.storage.dir = [/home/runner/work/ozone/ozone/hadoop-ozone/integration-test/target/test-dir/MiniOzoneClusterImpl-589494f2-24de-4a8c-8650-9a890bc48d46/datanode-7/data/ratis] (custom)
2022-06-15 07:33:59,237 [pool-230-thread-1] INFO  server.RaftServerConfigKeys (ConfUtils.java:logGet(46)) - raft.server.log.corruption.policy = EXCEPTION (default)
2022-06-15 07:33:59,237 [pool-230-thread-1] INFO  server.RaftServerConfigKeys (ConfUtils.java:logGet(46)) - raft.server.storage.free-space.min = 0MB (=0) (default)
2022-06-15 07:33:59,237 [pool-230-thread-1] INFO  storage.RaftStorageDirectory (RaftStorageDirectoryImpl.java:analyzeStorage(135)) - The storage directory /home/runner/work/ozone/ozone/hadoop-ozone/integration-test/target/test-dir/MiniOzoneClusterImpl-589494f2-24de-4a8c-8650-9a890bc48d46/datanode-7/data/ratis/639a3190-d0d5-4fb1-a295-df65fae17c66 does not exist. Creating ...
2022-06-15 07:33:59,238 [pool-230-thread-1] INFO  storage.RaftStorageDirectory (RaftStorageDirectoryImpl.java:tryLock(230)) - Lock on /home/runner/work/ozone/ozone/hadoop-ozone/integration-test/target/test-dir/MiniOzoneClusterImpl-589494f2-24de-4a8c-8650-9a890bc48d46/datanode-7/data/ratis/639a3190-d0d5-4fb1-a295-df65fae17c66/in_use.lock acquired by nodename 5140@fv-az121-418
2022-06-15 07:33:59,239 [pool-230-thread-1] INFO  storage.RaftStorage (RaftStorageImpl.java:format(89)) - Storage directory /home/runner/work/ozone/ozone/hadoop-ozone/integration-test/target/test-dir/MiniOzoneClusterImpl-589494f2-24de-4a8c-8650-9a890bc48d46/datanode-7/data/ratis/639a3190-d0d5-4fb1-a295-df65fae17c66 has been successfully formatted.
2022-06-15 07:33:59,239 [pool-230-thread-1] INFO  ratis.ContainerStateMachine (ContainerStateMachine.java:loadSnapshot(236)) - group-DF65FAE17C66: The snapshot info is null. Setting the last applied indexto:(t:0, i:~)
2022-06-15 07:33:59,240 [pool-230-thread-1] INFO  server.RaftServerConfigKeys (ConfUtils.java:logGet(46)) - raft.server.notification.no-leader.timeout = 300000ms (custom)
2022-06-15 07:33:59,240 [pool-230-thread-1] INFO  server.RaftServerConfigKeys (ConfUtils.java:logGet(46)) - raft.server.log.use.memory = false (default)
2022-06-15 07:33:59,240 [pool-230-thread-1] INFO  server.RaftServerConfigKeys (ConfUtils.java:logGet(46)) - raft.server.log.purge.gap = 1000000 (custom)
2022-06-15 07:33:59,240 [pool-230-thread-1] INFO  server.RaftServerConfigKeys (ConfUtils.java:logGet(46)) - raft.server.log.appender.buffer.byte-limit = 33554432 (custom)
2022-06-15 07:33:59,240 [pool-230-thread-1] INFO  server.RaftServerConfigKeys (ConfUtils.java:logGet(46)) - raft.server.log.statemachine.data.read.timeout = 1000ms (default)
2022-06-15 07:33:59,240 [pool-230-thread-1] INFO  server.RaftServerConfigKeys (ConfUtils.java:logGet(46)) - raft.server.log.segment.size.max = 1048576 (custom)
2022-06-15 07:33:59,241 [pool-230-thread-1] INFO  server.RaftServerConfigKeys (ConfUtils.java:logGet(46)) - raft.server.log.segment.cache.num.max = 2 (custom)
2022-06-15 07:33:59,241 [pool-230-thread-1] INFO  server.RaftServerConfigKeys (ConfUtils.java:logGet(46)) - raft.server.log.segment.cache.size.max = 200MB (=209715200) (default)
2022-06-15 07:33:59,241 [pool-230-thread-1] INFO  segmented.SegmentedRaftLogWorker (SegmentedRaftLogWorker.java:<init>(187)) - new 2ba0c2a5-1748-4da9-81e4-5266296b4b8f@group-DF65FAE17C66-SegmentedRaftLogWorker for RaftStorageImpl:Storage Directory /home/runner/work/ozone/ozone/hadoop-ozone/integration-test/target/test-dir/MiniOzoneClusterImpl-589494f2-24de-4a8c-8650-9a890bc48d46/datanode-7/data/ratis/639a3190-d0d5-4fb1-a295-df65fae17c66
2022-06-15 07:33:59,241 [pool-230-thread-1] INFO  server.RaftServerConfigKeys (ConfUtils.java:logGet(46)) - raft.server.log.queue.byte-limit = 4294967296 (custom)
2022-06-15 07:33:59,241 [EventQueue-PipelineReportForPipelineReportHandler] INFO  pipeline.PipelineManagerImpl (PipelineManagerImpl.java:openPipeline(356)) - Pipeline Pipeline[ Id: 639a3190-d0d5-4fb1-a295-df65fae17c66, Nodes: 2ba0c2a5-1748-4da9-81e4-5266296b4b8f{ip: 10.1.0.11, host: fv-az121-418.xhy4bhhdincepo0av04agjzkjc.cx.internal.cloudapp.net, ports: [REPLICATION=43041, RATIS=43465, RATIS_ADMIN=43465, RATIS_SERVER=43465, STANDALONE=43919], networkLocation: /default-rack, certSerialId: null, persistedOpState: IN_SERVICE, persistedOpStateExpiryEpochSec: 0}, ReplicationConfig: RATIS/ONE, State:ALLOCATED, leaderId:2ba0c2a5-1748-4da9-81e4-5266296b4b8f, CreationTimestamp2022-06-15T07:33:56.240Z[Etc/UTC]] moved to OPEN state
2022-06-15 07:33:59,241 [pool-230-thread-1] INFO  server.RaftServerConfigKeys (ConfUtils.java:logGet(46)) - raft.server.log.queue.element-limit = 1024 (custom)
2022-06-15 07:33:59,241 [pool-230-thread-1] INFO  server.RaftServerConfigKeys (ConfUtils.java:logGet(46)) - raft.server.log.segment.size.max = 1048576 (custom)
2022-06-15 07:33:59,241 [pool-230-thread-1] INFO  server.RaftServerConfigKeys (ConfUtils.java:logGet(46)) - raft.server.log.preallocated.size = 16384 (custom)
2022-06-15 07:33:59,241 [pool-230-thread-1] INFO  server.RaftServerConfigKeys (ConfUtils.java:logGet(46)) - raft.server.log.force.sync.num = 128 (default)
2022-06-15 07:33:59,241 [pool-230-thread-1] INFO  server.RaftServerConfigKeys (ConfUtils.java:logGet(46)) - raft.server.log.statemachine.data.sync = true (default)
2022-06-15 07:33:59,241 [pool-230-thread-1] INFO  server.RaftServerConfigKeys (ConfUtils.java:logGet(46)) - raft.server.log.statemachine.data.sync.timeout = 10s (default)
2022-06-15 07:33:59,241 [EventQueue-OpenPipelineForHealthyPipelineSafeModeRule] INFO  safemode.SCMSafeModeManager (HealthyPipelineSafeModeRule.java:process(124)) - SCM in safe mode. Healthy pipelines reported count is 0, required healthy pipeline reported count is 1
2022-06-15 07:33:59,241 [pool-230-thread-1] INFO  server.RaftServerConfigKeys (ConfUtils.java:logGet(46)) - raft.server.log.statemachine.data.sync.timeout.retry = -1 (default)
2022-06-15 07:33:59,244 [pool-230-thread-1] INFO  server.RaftServerConfigKeys (ConfUtils.java:logGet(46)) - raft.server.log.write.buffer.size = 1048576 (custom)
2022-06-15 07:33:59,245 [pool-230-thread-1] INFO  server.RaftServerConfigKeys (ConfUtils.java:logGet(46)) - raft.server.log.unsafe-flush.enabled = false (default)
2022-06-15 07:33:59,245 [pool-230-thread-1] INFO  server.RaftServerConfigKeys (ConfUtils.java:logGet(46)) - raft.server.log.statemachine.data.caching.enabled = true (custom)
2022-06-15 07:33:59,245 [pool-230-thread-1] INFO  segmented.SegmentedRaftLogWorker (SegmentedRaftLogWorker.java:lambda$new$0(135)) - 2ba0c2a5-1748-4da9-81e4-5266296b4b8f@group-DF65FAE17C66-SegmentedRaftLogWorker: flushIndex: setUnconditionally 0 -> -1
2022-06-15 07:33:59,245 [pool-230-thread-1] INFO  segmented.SegmentedRaftLogWorker (SegmentedRaftLogWorker.java:lambda$new$0(135)) - 2ba0c2a5-1748-4da9-81e4-5266296b4b8f@group-DF65FAE17C66-SegmentedRaftLogWorker: safeCacheEvictIndex: setUnconditionally 0 -> -1
2022-06-15 07:33:59,245 [pool-230-thread-1] INFO  server.RaftServerConfigKeys (ConfUtils.java:logGet(46)) - raft.server.snapshot.auto.trigger.enabled = true (custom)
2022-06-15 07:33:59,245 [pool-230-thread-1] INFO  server.RaftServerConfigKeys (ConfUtils.java:logGet(46)) - raft.server.snapshot.auto.trigger.threshold = 1 (custom)
2022-06-15 07:33:59,246 [pool-230-thread-1] INFO  server.RaftServerConfigKeys (ConfUtils.java:logGet(46)) - raft.server.snapshot.retention.file.num = 5 (custom)
2022-06-15 07:33:59,246 [pool-230-thread-1] INFO  server.RaftServerConfigKeys (ConfUtils.java:logGet(46)) - raft.server.log.purge.upto.snapshot.index = false (default)
2022-06-15 07:33:59,246 [pool-230-thread-1] INFO  server.RaftServerConfigKeys (ConfUtils.java:logGet(46)) - raft.server.retrycache.expirytime = 600000ms (custom)
2022-06-15 07:33:59,246 [pool-230-thread-1] INFO  server.RaftServerConfigKeys (ConfUtils.java:logGet(46)) - raft.server.retrycache.statistics.expirytime = 100μs (default)
2022-06-15 07:33:59,247 [pool-230-thread-1] INFO  server.RaftServerConfigKeys (ConfUtils.java:logGet(46)) - raft.server.log.appender.install.snapshot.enabled = false (custom)
2022-06-15 07:33:59,247 [pool-230-thread-1] INFO  server.RaftServerConfigKeys (ConfUtils.java:logGet(46)) - raft.server.threadpool.server.cached = true (default)
2022-06-15 07:33:59,247 [pool-230-thread-1] INFO  server.RaftServerConfigKeys (ConfUtils.java:logGet(46)) - raft.server.threadpool.server.size = 0 (default)
2022-06-15 07:33:59,247 [pool-230-thread-1] INFO  server.RaftServerConfigKeys (ConfUtils.java:logGet(46)) - raft.server.threadpool.client.cached = true (default)
2022-06-15 07:33:59,247 [pool-230-thread-1] INFO  server.RaftServerConfigKeys (ConfUtils.java:logGet(46)) - raft.server.threadpool.client.size = 0 (default)
2022-06-15 07:33:59,247 [pool-230-thread-1] INFO  server.RaftServer$Division (RaftServerImpl.java:start(310)) - 2ba0c2a5-1748-4da9-81e4-5266296b4b8f@group-DF65FAE17C66: start as a follower, conf=-1: [2ba0c2a5-1748-4da9-81e4-5266296b4b8f|rpc:10.1.0.11:43465|priority:1], old=null
2022-06-15 07:33:59,247 [pool-230-thread-1] INFO  server.RaftServer$Division (RaftServerImpl.java:setRole(299)) - 2ba0c2a5-1748-4da9-81e4-5266296b4b8f@group-DF65FAE17C66: changes role from      null to FOLLOWER at term 0 for startAsFollower
2022-06-15 07:33:59,247 [pool-230-thread-1] INFO  impl.RoleInfo (RoleInfo.java:updateAndGet(139)) - 2ba0c2a5-1748-4da9-81e4-5266296b4b8f: start 2ba0c2a5-1748-4da9-81e4-5266296b4b8f@group-DF65FAE17C66-FollowerState
2022-06-15 07:33:59,248 [EventQueue-OpenPipelineForHealthyPipelineSafeModeRule] INFO  safemode.SCMSafeModeManager (HealthyPipelineSafeModeRule.java:process(124)) - SCM in safe mode. Healthy pipelines reported count is 0, required healthy pipeline reported count is 1
2022-06-15 07:33:59,248 [pool-230-thread-1] INFO  util.JmxRegister (JmxRegister.java:tryRegister(44)) - Successfully registered JMX Bean with object name Ratis:service=RaftServer,group=group-DF65FAE17C66,id=2ba0c2a5-1748-4da9-81e4-5266296b4b8f
2022-06-15 07:33:59,251 [Command processor thread] INFO  ratis.XceiverServerRatis (XceiverServerRatis.java:addGroup(765)) - Created group PipelineID=639a3190-d0d5-4fb1-a295-df65fae17c66
2022-06-15 07:33:59,251 [Command processor thread] INFO  commandhandler.CreatePipelineCommandHandler (CreatePipelineCommandHandler.java:handle(113)) - Created Pipeline RATIS ONE PipelineID=639a3190-d0d5-4fb1-a295-df65fae17c66.
2022-06-15 07:33:59,268 [EventQueue-OpenPipelineForHealthyPipelineSafeModeRule] INFO  safemode.SCMSafeModeManager (HealthyPipelineSafeModeRule.java:process(124)) - SCM in safe mode. Healthy pipelines reported count is 0, required healthy pipeline reported count is 1
2022-06-15 07:33:59,333 [EventQueue-OpenPipelineForHealthyPipelineSafeModeRule] INFO  safemode.SCMSafeModeManager (HealthyPipelineSafeModeRule.java:process(124)) - SCM in safe mode. Healthy pipelines reported count is 0, required healthy pipeline reported count is 1
2022-06-15 07:33:59,371 [EventQueue-OpenPipelineForHealthyPipelineSafeModeRule] INFO  safemode.SCMSafeModeManager (HealthyPipelineSafeModeRule.java:process(124)) - SCM in safe mode. Healthy pipelines reported count is 0, required healthy pipeline reported count is 1
2022-06-15 07:33:59,425 [EventQueue-OpenPipelineForHealthyPipelineSafeModeRule] INFO  safemode.SCMSafeModeManager (HealthyPipelineSafeModeRule.java:process(124)) - SCM in safe mode. Healthy pipelines reported count is 0, required healthy pipeline reported count is 1
2022-06-15 07:33:59,447 [EventQueue-OpenPipelineForHealthyPipelineSafeModeRule] INFO  safemode.SCMSafeModeManager (HealthyPipelineSafeModeRule.java:process(124)) - SCM in safe mode. Healthy pipelines reported count is 0, required healthy pipeline reported count is 1
2022-06-15 07:33:59,479 [EventQueue-OpenPipelineForHealthyPipelineSafeModeRule] INFO  safemode.SCMSafeModeManager (HealthyPipelineSafeModeRule.java:process(124)) - SCM in safe mode. Healthy pipelines reported count is 0, required healthy pipeline reported count is 1
2022-06-15 07:33:59,566 [Command processor thread] INFO  server.RaftServer (RaftServerProxy.java:addNew(96)) - 309b0a9a-ca0d-4cb3-b4c4-40bf1bc4f3ac: addNew group-70E9283827D5:[309b0a9a-ca0d-4cb3-b4c4-40bf1bc4f3ac|rpc:10.1.0.11:44617|priority:1] returns group-70E9283827D5:java.util.concurrent.CompletableFuture@7b9536c9[Not completed]
2022-06-15 07:33:59,567 [pool-256-thread-1] INFO  server.RaftServer$Division (RaftServerImpl.java:<init>(190)) - 309b0a9a-ca0d-4cb3-b4c4-40bf1bc4f3ac: new RaftServerImpl for group-70E9283827D5:[309b0a9a-ca0d-4cb3-b4c4-40bf1bc4f3ac|rpc:10.1.0.11:44617|priority:1] with ContainerStateMachine:uninitialized
2022-06-15 07:33:59,567 [pool-256-thread-1] INFO  server.RaftServerConfigKeys (ConfUtils.java:logGet(46)) - raft.server.rpc.timeout.min = 5s (custom)
2022-06-15 07:33:59,567 [pool-256-thread-1] INFO  server.RaftServerConfigKeys (ConfUtils.java:logGet(46)) - raft.server.rpc.timeout.max = 5200ms (custom)
2022-06-15 07:33:59,567 [pool-256-thread-1] INFO  server.RaftServerConfigKeys (ConfUtils.java:logGet(46)) - raft.server.rpc.sleep.time = 25ms (default)
2022-06-15 07:33:59,567 [pool-256-thread-1] INFO  server.RaftServerConfigKeys (ConfUtils.java:logGet(46)) - raft.server.rpc.slowness.timeout = 300000ms (custom)
2022-06-15 07:33:59,567 [pool-256-thread-1] INFO  server.RaftServerConfigKeys (ConfUtils.java:logGet(46)) - raft.server.leaderelection.leader.step-down.wait-time = 10s (default)
2022-06-15 07:33:59,568 [pool-256-thread-1] INFO  server.RaftServerConfigKeys (ConfUtils.java:logGet(46)) - raft.server.sleep.deviation.threshold = 300ms (default)
2022-06-15 07:33:59,568 [pool-256-thread-1] INFO  server.RaftServer$Division (ServerState.java:<init>(107)) - 309b0a9a-ca0d-4cb3-b4c4-40bf1bc4f3ac@group-70E9283827D5: ConfigurationManager, init=-1: [309b0a9a-ca0d-4cb3-b4c4-40bf1bc4f3ac|rpc:10.1.0.11:44617|priority:1], old=null, confs=<EMPTY_MAP>
2022-06-15 07:33:59,568 [pool-256-thread-1] INFO  server.RaftServerConfigKeys (ConfUtils.java:logGet(46)) - raft.server.storage.dir = [/home/runner/work/ozone/ozone/hadoop-ozone/integration-test/target/test-dir/MiniOzoneClusterImpl-589494f2-24de-4a8c-8650-9a890bc48d46/datanode-8/data/ratis] (custom)
2022-06-15 07:33:59,568 [pool-256-thread-1] INFO  server.RaftServerConfigKeys (ConfUtils.java:logGet(46)) - raft.server.log.corruption.policy = EXCEPTION (default)
2022-06-15 07:33:59,568 [pool-256-thread-1] INFO  server.RaftServerConfigKeys (ConfUtils.java:logGet(46)) - raft.server.storage.free-space.min = 0MB (=0) (default)
2022-06-15 07:33:59,568 [pool-256-thread-1] INFO  storage.RaftStorageDirectory (RaftStorageDirectoryImpl.java:analyzeStorage(135)) - The storage directory /home/runner/work/ozone/ozone/hadoop-ozone/integration-test/target/test-dir/MiniOzoneClusterImpl-589494f2-24de-4a8c-8650-9a890bc48d46/datanode-8/data/ratis/883a3cac-f40e-471e-8fc5-70e9283827d5 does not exist. Creating ...
2022-06-15 07:33:59,569 [pool-256-thread-1] INFO  storage.RaftStorageDirectory (RaftStorageDirectoryImpl.java:tryLock(230)) - Lock on /home/runner/work/ozone/ozone/hadoop-ozone/integration-test/target/test-dir/MiniOzoneClusterImpl-589494f2-24de-4a8c-8650-9a890bc48d46/datanode-8/data/ratis/883a3cac-f40e-471e-8fc5-70e9283827d5/in_use.lock acquired by nodename 5140@fv-az121-418
2022-06-15 07:33:59,571 [pool-256-thread-1] INFO  storage.RaftStorage (RaftStorageImpl.java:format(89)) - Storage directory /home/runner/work/ozone/ozone/hadoop-ozone/integration-test/target/test-dir/MiniOzoneClusterImpl-589494f2-24de-4a8c-8650-9a890bc48d46/datanode-8/data/ratis/883a3cac-f40e-471e-8fc5-70e9283827d5 has been successfully formatted.
2022-06-15 07:33:59,571 [EventQueue-OpenPipelineForHealthyPipelineSafeModeRule] INFO  safemode.SCMSafeModeManager (HealthyPipelineSafeModeRule.java:process(124)) - SCM in safe mode. Healthy pipelines reported count is 0, required healthy pipeline reported count is 1
2022-06-15 07:33:59,571 [pool-256-thread-1] INFO  ratis.ContainerStateMachine (ContainerStateMachine.java:loadSnapshot(236)) - group-70E9283827D5: The snapshot info is null. Setting the last applied indexto:(t:0, i:~)
2022-06-15 07:33:59,572 [pool-256-thread-1] INFO  server.RaftServerConfigKeys (ConfUtils.java:logGet(46)) - raft.server.notification.no-leader.timeout = 300000ms (custom)
2022-06-15 07:33:59,572 [pool-256-thread-1] INFO  server.RaftServerConfigKeys (ConfUtils.java:logGet(46)) - raft.server.log.use.memory = false (default)
2022-06-15 07:33:59,572 [pool-256-thread-1] INFO  server.RaftServerConfigKeys (ConfUtils.java:logGet(46)) - raft.server.log.purge.gap = 1000000 (custom)
2022-06-15 07:33:59,572 [pool-256-thread-1] INFO  server.RaftServerConfigKeys (ConfUtils.java:logGet(46)) - raft.server.log.appender.buffer.byte-limit = 33554432 (custom)
2022-06-15 07:33:59,572 [pool-256-thread-1] INFO  server.RaftServerConfigKeys (ConfUtils.java:logGet(46)) - raft.server.log.statemachine.data.read.timeout = 1000ms (default)
2022-06-15 07:33:59,573 [pool-256-thread-1] INFO  server.RaftServerConfigKeys (ConfUtils.java:logGet(46)) - raft.server.log.segment.size.max = 1048576 (custom)
2022-06-15 07:33:59,574 [pool-256-thread-1] INFO  server.RaftServerConfigKeys (ConfUtils.java:logGet(46)) - raft.server.log.segment.cache.num.max = 2 (custom)
2022-06-15 07:33:59,574 [pool-256-thread-1] INFO  server.RaftServerConfigKeys (ConfUtils.java:logGet(46)) - raft.server.log.segment.cache.size.max = 200MB (=209715200) (default)
2022-06-15 07:33:59,574 [EventQueue-OpenPipelineForHealthyPipelineSafeModeRule] INFO  safemode.SCMSafeModeManager (HealthyPipelineSafeModeRule.java:process(124)) - SCM in safe mode. Healthy pipelines reported count is 0, required healthy pipeline reported count is 1
2022-06-15 07:33:59,574 [pool-256-thread-1] INFO  segmented.SegmentedRaftLogWorker (SegmentedRaftLogWorker.java:<init>(187)) - new 309b0a9a-ca0d-4cb3-b4c4-40bf1bc4f3ac@group-70E9283827D5-SegmentedRaftLogWorker for RaftStorageImpl:Storage Directory /home/runner/work/ozone/ozone/hadoop-ozone/integration-test/target/test-dir/MiniOzoneClusterImpl-589494f2-24de-4a8c-8650-9a890bc48d46/datanode-8/data/ratis/883a3cac-f40e-471e-8fc5-70e9283827d5
2022-06-15 07:33:59,574 [pool-256-thread-1] INFO  server.RaftServerConfigKeys (ConfUtils.java:logGet(46)) - raft.server.log.queue.byte-limit = 4294967296 (custom)
2022-06-15 07:33:59,574 [pool-256-thread-1] INFO  server.RaftServerConfigKeys (ConfUtils.java:logGet(46)) - raft.server.log.queue.element-limit = 1024 (custom)
2022-06-15 07:33:59,574 [pool-256-thread-1] INFO  server.RaftServerConfigKeys (ConfUtils.java:logGet(46)) - raft.server.log.segment.size.max = 1048576 (custom)
2022-06-15 07:33:59,574 [pool-256-thread-1] INFO  server.RaftServerConfigKeys (ConfUtils.java:logGet(46)) - raft.server.log.preallocated.size = 16384 (custom)
2022-06-15 07:33:59,574 [pool-256-thread-1] INFO  server.RaftServerConfigKeys (ConfUtils.java:logGet(46)) - raft.server.log.force.sync.num = 128 (default)
2022-06-15 07:33:59,574 [pool-256-thread-1] INFO  server.RaftServerConfigKeys (ConfUtils.java:logGet(46)) - raft.server.log.statemachine.data.sync = true (default)
2022-06-15 07:33:59,574 [pool-256-thread-1] INFO  server.RaftServerConfigKeys (ConfUtils.java:logGet(46)) - raft.server.log.statemachine.data.sync.timeout = 10s (default)
2022-06-15 07:33:59,574 [pool-256-thread-1] INFO  server.RaftServerConfigKeys (ConfUtils.java:logGet(46)) - raft.server.log.statemachine.data.sync.timeout.retry = -1 (default)
2022-06-15 07:33:59,575 [EventQueue-PipelineReportForPipelineReportHandler] INFO  pipeline.PipelineManagerImpl (PipelineManagerImpl.java:openPipeline(356)) - Pipeline Pipeline[ Id: 883a3cac-f40e-471e-8fc5-70e9283827d5, Nodes: 309b0a9a-ca0d-4cb3-b4c4-40bf1bc4f3ac{ip: 10.1.0.11, host: fv-az121-418.xhy4bhhdincepo0av04agjzkjc.cx.internal.cloudapp.net, ports: [REPLICATION=40979, RATIS=44617, RATIS_ADMIN=44617, RATIS_SERVER=44617, STANDALONE=41363], networkLocation: /default-rack, certSerialId: null, persistedOpState: IN_SERVICE, persistedOpStateExpiryEpochSec: 0}, ReplicationConfig: RATIS/ONE, State:ALLOCATED, leaderId:309b0a9a-ca0d-4cb3-b4c4-40bf1bc4f3ac, CreationTimestamp2022-06-15T07:33:56.570Z[Etc/UTC]] moved to OPEN state
2022-06-15 07:33:59,575 [pool-256-thread-1] INFO  server.RaftServerConfigKeys (ConfUtils.java:logGet(46)) - raft.server.log.write.buffer.size = 1048576 (custom)
2022-06-15 07:33:59,576 [EventQueue-OpenPipelineForHealthyPipelineSafeModeRule] INFO  safemode.SCMSafeModeManager (HealthyPipelineSafeModeRule.java:process(124)) - SCM in safe mode. Healthy pipelines reported count is 0, required healthy pipeline reported count is 1
2022-06-15 07:33:59,581 [pool-256-thread-1] INFO  server.RaftServerConfigKeys (ConfUtils.java:logGet(46)) - raft.server.log.unsafe-flush.enabled = false (default)
2022-06-15 07:33:59,583 [pool-256-thread-1] INFO  server.RaftServerConfigKeys (ConfUtils.java:logGet(46)) - raft.server.log.statemachine.data.caching.enabled = true (custom)
2022-06-15 07:33:59,583 [pool-256-thread-1] INFO  segmented.SegmentedRaftLogWorker (SegmentedRaftLogWorker.java:lambda$new$0(135)) - 309b0a9a-ca0d-4cb3-b4c4-40bf1bc4f3ac@group-70E9283827D5-SegmentedRaftLogWorker: flushIndex: setUnconditionally 0 -> -1
2022-06-15 07:33:59,583 [pool-256-thread-1] INFO  segmented.SegmentedRaftLogWorker (SegmentedRaftLogWorker.java:lambda$new$0(135)) - 309b0a9a-ca0d-4cb3-b4c4-40bf1bc4f3ac@group-70E9283827D5-SegmentedRaftLogWorker: safeCacheEvictIndex: setUnconditionally 0 -> -1
2022-06-15 07:33:59,584 [pool-256-thread-1] INFO  server.RaftServerConfigKeys (ConfUtils.java:logGet(46)) - raft.server.snapshot.auto.trigger.enabled = true (custom)
2022-06-15 07:33:59,585 [pool-256-thread-1] INFO  server.RaftServerConfigKeys (ConfUtils.java:logGet(46)) - raft.server.snapshot.auto.trigger.threshold = 1 (custom)
2022-06-15 07:33:59,585 [pool-256-thread-1] INFO  server.RaftServerConfigKeys (ConfUtils.java:logGet(46)) - raft.server.snapshot.retention.file.num = 5 (custom)
2022-06-15 07:33:59,585 [pool-256-thread-1] INFO  server.RaftServerConfigKeys (ConfUtils.java:logGet(46)) - raft.server.log.purge.upto.snapshot.index = false (default)
2022-06-15 07:33:59,585 [pool-256-thread-1] INFO  server.RaftServerConfigKeys (ConfUtils.java:logGet(46)) - raft.server.retrycache.expirytime = 600000ms (custom)
2022-06-15 07:33:59,585 [pool-256-thread-1] INFO  server.RaftServerConfigKeys (ConfUtils.java:logGet(46)) - raft.server.retrycache.statistics.expirytime = 100μs (default)
2022-06-15 07:33:59,586 [pool-256-thread-1] INFO  server.RaftServerConfigKeys (ConfUtils.java:logGet(46)) - raft.server.log.appender.install.snapshot.enabled = false (custom)
2022-06-15 07:33:59,586 [pool-256-thread-1] INFO  server.RaftServerConfigKeys (ConfUtils.java:logGet(46)) - raft.server.threadpool.server.cached = true (default)
2022-06-15 07:33:59,586 [pool-256-thread-1] INFO  server.RaftServerConfigKeys (ConfUtils.java:logGet(46)) - raft.server.threadpool.server.size = 0 (default)
2022-06-15 07:33:59,586 [pool-256-thread-1] INFO  server.RaftServerConfigKeys (ConfUtils.java:logGet(46)) - raft.server.threadpool.client.cached = true (default)
2022-06-15 07:33:59,587 [pool-256-thread-1] INFO  server.RaftServerConfigKeys (ConfUtils.java:logGet(46)) - raft.server.threadpool.client.size = 0 (default)
2022-06-15 07:33:59,587 [pool-256-thread-1] INFO  server.RaftServer$Division (RaftServerImpl.java:start(310)) - 309b0a9a-ca0d-4cb3-b4c4-40bf1bc4f3ac@group-70E9283827D5: start as a follower, conf=-1: [309b0a9a-ca0d-4cb3-b4c4-40bf1bc4f3ac|rpc:10.1.0.11:44617|priority:1], old=null
2022-06-15 07:33:59,587 [pool-256-thread-1] INFO  server.RaftServer$Division (RaftServerImpl.java:setRole(299)) - 309b0a9a-ca0d-4cb3-b4c4-40bf1bc4f3ac@group-70E9283827D5: changes role from      null to FOLLOWER at term 0 for startAsFollower
2022-06-15 07:33:59,587 [pool-256-thread-1] INFO  impl.RoleInfo (RoleInfo.java:updateAndGet(139)) - 309b0a9a-ca0d-4cb3-b4c4-40bf1bc4f3ac: start 309b0a9a-ca0d-4cb3-b4c4-40bf1bc4f3ac@group-70E9283827D5-FollowerState
2022-06-15 07:33:59,588 [pool-256-thread-1] INFO  util.JmxRegister (JmxRegister.java:tryRegister(44)) - Successfully registered JMX Bean with object name Ratis:service=RaftServer,group=group-70E9283827D5,id=309b0a9a-ca0d-4cb3-b4c4-40bf1bc4f3ac
2022-06-15 07:33:59,589 [Command processor thread] INFO  ratis.XceiverServerRatis (XceiverServerRatis.java:addGroup(765)) - Created group PipelineID=883a3cac-f40e-471e-8fc5-70e9283827d5
2022-06-15 07:33:59,589 [Command processor thread] INFO  commandhandler.CreatePipelineCommandHandler (CreatePipelineCommandHandler.java:handle(113)) - Created Pipeline RATIS ONE PipelineID=883a3cac-f40e-471e-8fc5-70e9283827d5.
2022-06-15 07:33:59,641 [EventQueue-OpenPipelineForHealthyPipelineSafeModeRule] INFO  safemode.SCMSafeModeManager (HealthyPipelineSafeModeRule.java:process(124)) - SCM in safe mode. Healthy pipelines reported count is 0, required healthy pipeline reported count is 1
2022-06-15 07:33:59,648 [EventQueue-OpenPipelineForHealthyPipelineSafeModeRule] INFO  safemode.SCMSafeModeManager (HealthyPipelineSafeModeRule.java:process(124)) - SCM in safe mode. Healthy pipelines reported count is 0, required healthy pipeline reported count is 1
2022-06-15 07:33:59,668 [EventQueue-OpenPipelineForHealthyPipelineSafeModeRule] INFO  safemode.SCMSafeModeManager (HealthyPipelineSafeModeRule.java:process(124)) - SCM in safe mode. Healthy pipelines reported count is 0, required healthy pipeline reported count is 1
2022-06-15 07:33:59,678 [EventQueue-OpenPipelineForHealthyPipelineSafeModeRule] INFO  safemode.SCMSafeModeManager (HealthyPipelineSafeModeRule.java:process(124)) - SCM in safe mode. Healthy pipelines reported count is 0, required healthy pipeline reported count is 1
2022-06-15 07:33:59,733 [EventQueue-OpenPipelineForHealthyPipelineSafeModeRule] INFO  safemode.SCMSafeModeManager (HealthyPipelineSafeModeRule.java:process(124)) - SCM in safe mode. Healthy pipelines reported count is 0, required healthy pipeline reported count is 1
2022-06-15 07:33:59,773 [EventQueue-OpenPipelineForHealthyPipelineSafeModeRule] INFO  safemode.SCMSafeModeManager (HealthyPipelineSafeModeRule.java:process(124)) - SCM in safe mode. Healthy pipelines reported count is 0, required healthy pipeline reported count is 1
2022-06-15 07:33:59,825 [EventQueue-OpenPipelineForHealthyPipelineSafeModeRule] INFO  safemode.SCMSafeModeManager (HealthyPipelineSafeModeRule.java:process(124)) - SCM in safe mode. Healthy pipelines reported count is 0, required healthy pipeline reported count is 1
2022-06-15 07:33:59,841 [EventQueue-OpenPipelineForHealthyPipelineSafeModeRule] INFO  safemode.SCMSafeModeManager (HealthyPipelineSafeModeRule.java:process(124)) - SCM in safe mode. Healthy pipelines reported count is 0, required healthy pipeline reported count is 1
2022-06-15 07:33:59,869 [EventQueue-OpenPipelineForHealthyPipelineSafeModeRule] INFO  safemode.SCMSafeModeManager (HealthyPipelineSafeModeRule.java:process(124)) - SCM in safe mode. Healthy pipelines reported count is 0, required healthy pipeline reported count is 1
2022-06-15 07:33:59,879 [EventQueue-OpenPipelineForHealthyPipelineSafeModeRule] INFO  safemode.SCMSafeModeManager (HealthyPipelineSafeModeRule.java:process(124)) - SCM in safe mode. Healthy pipelines reported count is 0, required healthy pipeline reported count is 1
2022-06-15 07:33:59,934 [EventQueue-OpenPipelineForHealthyPipelineSafeModeRule] INFO  safemode.SCMSafeModeManager (HealthyPipelineSafeModeRule.java:process(124)) - SCM in safe mode. Healthy pipelines reported count is 0, required healthy pipeline reported count is 1
2022-06-15 07:33:59,935 [Listener at 127.0.0.1/34461] INFO  ozone.MiniOzoneClusterImpl (MiniOzoneClusterImpl.java:lambda$waitForClusterToBeReady$0(221)) - Nodes are ready. Got 10 of 10 DN Heartbeats.
2022-06-15 07:33:59,935 [Listener at 127.0.0.1/34461] INFO  ozone.MiniOzoneClusterImpl (MiniOzoneClusterImpl.java:lambda$waitForClusterToBeReady$0(224)) - Waiting for cluster to exit safe mode
2022-06-15 07:33:59,935 [Listener at 127.0.0.1/34461] INFO  ozone.MiniOzoneClusterImpl (MiniOzoneClusterImpl.java:lambda$waitForClusterToBeReady$0(226)) - SCM became leader
2022-06-15 07:33:59,943 [Command processor thread] INFO  server.RaftServer (RaftServerProxy.java:addNew(96)) - 3d9a943e-75ca-4968-a0ac-53e99e58ea83: addNew group-9C2DF2B4915E:[3d9a943e-75ca-4968-a0ac-53e99e58ea83|rpc:10.1.0.11:34335|priority:1] returns group-9C2DF2B4915E:java.util.concurrent.CompletableFuture@6a09d188[Not completed]
2022-06-15 07:33:59,944 [pool-282-thread-1] INFO  server.RaftServer$Division (RaftServerImpl.java:<init>(190)) - 3d9a943e-75ca-4968-a0ac-53e99e58ea83: new RaftServerImpl for group-9C2DF2B4915E:[3d9a943e-75ca-4968-a0ac-53e99e58ea83|rpc:10.1.0.11:34335|priority:1] with ContainerStateMachine:uninitialized
2022-06-15 07:33:59,945 [pool-282-thread-1] INFO  server.RaftServerConfigKeys (ConfUtils.java:logGet(46)) - raft.server.rpc.timeout.min = 5s (custom)
2022-06-15 07:33:59,945 [pool-282-thread-1] INFO  server.RaftServerConfigKeys (ConfUtils.java:logGet(46)) - raft.server.rpc.timeout.max = 5200ms (custom)
2022-06-15 07:33:59,945 [pool-282-thread-1] INFO  server.RaftServerConfigKeys (ConfUtils.java:logGet(46)) - raft.server.rpc.sleep.time = 25ms (default)
2022-06-15 07:33:59,945 [pool-282-thread-1] INFO  server.RaftServerConfigKeys (ConfUtils.java:logGet(46)) - raft.server.rpc.slowness.timeout = 300000ms (custom)
2022-06-15 07:33:59,945 [pool-282-thread-1] INFO  server.RaftServerConfigKeys (ConfUtils.java:logGet(46)) - raft.server.leaderelection.leader.step-down.wait-time = 10s (default)
2022-06-15 07:33:59,945 [pool-282-thread-1] INFO  server.RaftServerConfigKeys (ConfUtils.java:logGet(46)) - raft.server.sleep.deviation.threshold = 300ms (default)
2022-06-15 07:33:59,945 [pool-282-thread-1] INFO  server.RaftServer$Division (ServerState.java:<init>(107)) - 3d9a943e-75ca-4968-a0ac-53e99e58ea83@group-9C2DF2B4915E: ConfigurationManager, init=-1: [3d9a943e-75ca-4968-a0ac-53e99e58ea83|rpc:10.1.0.11:34335|priority:1], old=null, confs=<EMPTY_MAP>
2022-06-15 07:33:59,945 [pool-282-thread-1] INFO  server.RaftServerConfigKeys (ConfUtils.java:logGet(46)) - raft.server.storage.dir = [/home/runner/work/ozone/ozone/hadoop-ozone/integration-test/target/test-dir/MiniOzoneClusterImpl-589494f2-24de-4a8c-8650-9a890bc48d46/datanode-9/data/ratis] (custom)
2022-06-15 07:33:59,945 [pool-282-thread-1] INFO  server.RaftServerConfigKeys (ConfUtils.java:logGet(46)) - raft.server.log.corruption.policy = EXCEPTION (default)
2022-06-15 07:33:59,945 [pool-282-thread-1] INFO  server.RaftServerConfigKeys (ConfUtils.java:logGet(46)) - raft.server.storage.free-space.min = 0MB (=0) (default)
2022-06-15 07:33:59,945 [pool-282-thread-1] INFO  storage.RaftStorageDirectory (RaftStorageDirectoryImpl.java:analyzeStorage(135)) - The storage directory /home/runner/work/ozone/ozone/hadoop-ozone/integration-test/target/test-dir/MiniOzoneClusterImpl-589494f2-24de-4a8c-8650-9a890bc48d46/datanode-9/data/ratis/5fe5c341-0cdc-40b8-95f1-9c2df2b4915e does not exist. Creating ...
2022-06-15 07:33:59,946 [pool-282-thread-1] INFO  storage.RaftStorageDirectory (RaftStorageDirectoryImpl.java:tryLock(230)) - Lock on /home/runner/work/ozone/ozone/hadoop-ozone/integration-test/target/test-dir/MiniOzoneClusterImpl-589494f2-24de-4a8c-8650-9a890bc48d46/datanode-9/data/ratis/5fe5c341-0cdc-40b8-95f1-9c2df2b4915e/in_use.lock acquired by nodename 5140@fv-az121-418
2022-06-15 07:33:59,947 [pool-282-thread-1] INFO  storage.RaftStorage (RaftStorageImpl.java:format(89)) - Storage directory /home/runner/work/ozone/ozone/hadoop-ozone/integration-test/target/test-dir/MiniOzoneClusterImpl-589494f2-24de-4a8c-8650-9a890bc48d46/datanode-9/data/ratis/5fe5c341-0cdc-40b8-95f1-9c2df2b4915e has been successfully formatted.
2022-06-15 07:33:59,948 [pool-282-thread-1] INFO  ratis.ContainerStateMachine (ContainerStateMachine.java:loadSnapshot(236)) - group-9C2DF2B4915E: The snapshot info is null. Setting the last applied indexto:(t:0, i:~)
2022-06-15 07:33:59,948 [pool-282-thread-1] INFO  server.RaftServerConfigKeys (ConfUtils.java:logGet(46)) - raft.server.notification.no-leader.timeout = 300000ms (custom)
2022-06-15 07:33:59,948 [pool-282-thread-1] INFO  server.RaftServerConfigKeys (ConfUtils.java:logGet(46)) - raft.server.log.use.memory = false (default)
2022-06-15 07:33:59,948 [pool-282-thread-1] INFO  server.RaftServerConfigKeys (ConfUtils.java:logGet(46)) - raft.server.log.purge.gap = 1000000 (custom)
2022-06-15 07:33:59,948 [pool-282-thread-1] INFO  server.RaftServerConfigKeys (ConfUtils.java:logGet(46)) - raft.server.log.appender.buffer.byte-limit = 33554432 (custom)
2022-06-15 07:33:59,949 [pool-282-thread-1] INFO  server.RaftServerConfigKeys (ConfUtils.java:logGet(46)) - raft.server.log.statemachine.data.read.timeout = 1000ms (default)
2022-06-15 07:33:59,949 [pool-282-thread-1] INFO  server.RaftServerConfigKeys (ConfUtils.java:logGet(46)) - raft.server.log.segment.size.max = 1048576 (custom)
2022-06-15 07:33:59,949 [EventQueue-PipelineReportForPipelineReportHandler] INFO  pipeline.PipelineManagerImpl (PipelineManagerImpl.java:openPipeline(356)) - Pipeline Pipeline[ Id: 5fe5c341-0cdc-40b8-95f1-9c2df2b4915e, Nodes: 3d9a943e-75ca-4968-a0ac-53e99e58ea83{ip: 10.1.0.11, host: fv-az121-418.xhy4bhhdincepo0av04agjzkjc.cx.internal.cloudapp.net, ports: [REPLICATION=35039, RATIS=34335, RATIS_ADMIN=34335, RATIS_SERVER=34335, STANDALONE=44631], networkLocation: /default-rack, certSerialId: null, persistedOpState: IN_SERVICE, persistedOpStateExpiryEpochSec: 0}, ReplicationConfig: RATIS/ONE, State:ALLOCATED, leaderId:3d9a943e-75ca-4968-a0ac-53e99e58ea83, CreationTimestamp2022-06-15T07:33:56.948Z[Etc/UTC]] moved to OPEN state
2022-06-15 07:33:59,949 [pool-282-thread-1] INFO  server.RaftServerConfigKeys (ConfUtils.java:logGet(46)) - raft.server.log.segment.cache.num.max = 2 (custom)
2022-06-15 07:33:59,949 [pool-282-thread-1] INFO  server.RaftServerConfigKeys (ConfUtils.java:logGet(46)) - raft.server.log.segment.cache.size.max = 200MB (=209715200) (default)
2022-06-15 07:33:59,949 [pool-282-thread-1] INFO  segmented.SegmentedRaftLogWorker (SegmentedRaftLogWorker.java:<init>(187)) - new 3d9a943e-75ca-4968-a0ac-53e99e58ea83@group-9C2DF2B4915E-SegmentedRaftLogWorker for RaftStorageImpl:Storage Directory /home/runner/work/ozone/ozone/hadoop-ozone/integration-test/target/test-dir/MiniOzoneClusterImpl-589494f2-24de-4a8c-8650-9a890bc48d46/datanode-9/data/ratis/5fe5c341-0cdc-40b8-95f1-9c2df2b4915e
2022-06-15 07:33:59,949 [pool-282-thread-1] INFO  server.RaftServerConfigKeys (ConfUtils.java:logGet(46)) - raft.server.log.queue.byte-limit = 4294967296 (custom)
2022-06-15 07:33:59,949 [EventQueue-OpenPipelineForHealthyPipelineSafeModeRule] INFO  safemode.SCMSafeModeManager (HealthyPipelineSafeModeRule.java:process(124)) - SCM in safe mode. Healthy pipelines reported count is 0, required healthy pipeline reported count is 1
2022-06-15 07:33:59,949 [pool-282-thread-1] INFO  server.RaftServerConfigKeys (ConfUtils.java:logGet(46)) - raft.server.log.queue.element-limit = 1024 (custom)
2022-06-15 07:33:59,951 [pool-282-thread-1] INFO  server.RaftServerConfigKeys (ConfUtils.java:logGet(46)) - raft.server.log.segment.size.max = 1048576 (custom)
2022-06-15 07:33:59,951 [pool-282-thread-1] INFO  server.RaftServerConfigKeys (ConfUtils.java:logGet(46)) - raft.server.log.preallocated.size = 16384 (custom)
2022-06-15 07:33:59,951 [pool-282-thread-1] INFO  server.RaftServerConfigKeys (ConfUtils.java:logGet(46)) - raft.server.log.force.sync.num = 128 (default)
2022-06-15 07:33:59,951 [pool-282-thread-1] INFO  server.RaftServerConfigKeys (ConfUtils.java:logGet(46)) - raft.server.log.statemachine.data.sync = true (default)
2022-06-15 07:33:59,951 [pool-282-thread-1] INFO  server.RaftServerConfigKeys (ConfUtils.java:logGet(46)) - raft.server.log.statemachine.data.sync.timeout = 10s (default)
2022-06-15 07:33:59,951 [pool-282-thread-1] INFO  server.RaftServerConfigKeys (ConfUtils.java:logGet(46)) - raft.server.log.statemachine.data.sync.timeout.retry = -1 (default)
2022-06-15 07:33:59,952 [pool-282-thread-1] INFO  server.RaftServerConfigKeys (ConfUtils.java:logGet(46)) - raft.server.log.write.buffer.size = 1048576 (custom)
2022-06-15 07:33:59,953 [pool-282-thread-1] INFO  server.RaftServerConfigKeys (ConfUtils.java:logGet(46)) - raft.server.log.unsafe-flush.enabled = false (default)
2022-06-15 07:33:59,953 [pool-282-thread-1] INFO  server.RaftServerConfigKeys (ConfUtils.java:logGet(46)) - raft.server.log.statemachine.data.caching.enabled = true (custom)
2022-06-15 07:33:59,953 [pool-282-thread-1] INFO  segmented.SegmentedRaftLogWorker (SegmentedRaftLogWorker.java:lambda$new$0(135)) - 3d9a943e-75ca-4968-a0ac-53e99e58ea83@group-9C2DF2B4915E-SegmentedRaftLogWorker: flushIndex: setUnconditionally 0 -> -1
2022-06-15 07:33:59,953 [pool-282-thread-1] INFO  segmented.SegmentedRaftLogWorker (SegmentedRaftLogWorker.java:lambda$new$0(135)) - 3d9a943e-75ca-4968-a0ac-53e99e58ea83@group-9C2DF2B4915E-SegmentedRaftLogWorker: safeCacheEvictIndex: setUnconditionally 0 -> -1
2022-06-15 07:33:59,957 [pool-282-thread-1] INFO  server.RaftServerConfigKeys (ConfUtils.java:logGet(46)) - raft.server.snapshot.auto.trigger.enabled = true (custom)
2022-06-15 07:33:59,957 [pool-282-thread-1] INFO  server.RaftServerConfigKeys (ConfUtils.java:logGet(46)) - raft.server.snapshot.auto.trigger.threshold = 1 (custom)
2022-06-15 07:33:59,957 [pool-282-thread-1] INFO  server.RaftServerConfigKeys (ConfUtils.java:logGet(46)) - raft.server.snapshot.retention.file.num = 5 (custom)
2022-06-15 07:33:59,957 [pool-282-thread-1] INFO  server.RaftServerConfigKeys (ConfUtils.java:logGet(46)) - raft.server.log.purge.upto.snapshot.index = false (default)
2022-06-15 07:33:59,957 [pool-282-thread-1] INFO  server.RaftServerConfigKeys (ConfUtils.java:logGet(46)) - raft.server.retrycache.expirytime = 600000ms (custom)
2022-06-15 07:33:59,957 [pool-282-thread-1] INFO  server.RaftServerConfigKeys (ConfUtils.java:logGet(46)) - raft.server.retrycache.statistics.expirytime = 100μs (default)
2022-06-15 07:33:59,958 [pool-282-thread-1] INFO  server.RaftServerConfigKeys (ConfUtils.java:logGet(46)) - raft.server.log.appender.install.snapshot.enabled = false (custom)
2022-06-15 07:33:59,959 [pool-282-thread-1] INFO  server.RaftServerConfigKeys (ConfUtils.java:logGet(46)) - raft.server.threadpool.server.cached = true (default)
2022-06-15 07:33:59,959 [pool-282-thread-1] INFO  server.RaftServerConfigKeys (ConfUtils.java:logGet(46)) - raft.server.threadpool.server.size = 0 (default)
2022-06-15 07:33:59,959 [pool-282-thread-1] INFO  server.RaftServerConfigKeys (ConfUtils.java:logGet(46)) - raft.server.threadpool.client.cached = true (default)
2022-06-15 07:33:59,959 [pool-282-thread-1] INFO  server.RaftServerConfigKeys (ConfUtils.java:logGet(46)) - raft.server.threadpool.client.size = 0 (default)
2022-06-15 07:33:59,959 [pool-282-thread-1] INFO  server.RaftServer$Division (RaftServerImpl.java:start(310)) - 3d9a943e-75ca-4968-a0ac-53e99e58ea83@group-9C2DF2B4915E: start as a follower, conf=-1: [3d9a943e-75ca-4968-a0ac-53e99e58ea83|rpc:10.1.0.11:34335|priority:1], old=null
2022-06-15 07:33:59,959 [pool-282-thread-1] INFO  server.RaftServer$Division (RaftServerImpl.java:setRole(299)) - 3d9a943e-75ca-4968-a0ac-53e99e58ea83@group-9C2DF2B4915E: changes role from      null to FOLLOWER at term 0 for startAsFollower
2022-06-15 07:33:59,959 [pool-282-thread-1] INFO  impl.RoleInfo (RoleInfo.java:updateAndGet(139)) - 3d9a943e-75ca-4968-a0ac-53e99e58ea83: start 3d9a943e-75ca-4968-a0ac-53e99e58ea83@group-9C2DF2B4915E-FollowerState
2022-06-15 07:33:59,959 [pool-282-thread-1] INFO  util.JmxRegister (JmxRegister.java:tryRegister(44)) - Successfully registered JMX Bean with object name Ratis:service=RaftServer,group=group-9C2DF2B4915E,id=3d9a943e-75ca-4968-a0ac-53e99e58ea83
2022-06-15 07:33:59,960 [Command processor thread] INFO  ratis.XceiverServerRatis (XceiverServerRatis.java:addGroup(765)) - Created group PipelineID=5fe5c341-0cdc-40b8-95f1-9c2df2b4915e
2022-06-15 07:33:59,960 [Command processor thread] INFO  commandhandler.CreatePipelineCommandHandler (CreatePipelineCommandHandler.java:handle(113)) - Created Pipeline RATIS ONE PipelineID=5fe5c341-0cdc-40b8-95f1-9c2df2b4915e.
2022-06-15 07:33:59,971 [EventQueue-OpenPipelineForHealthyPipelineSafeModeRule] INFO  safemode.SCMSafeModeManager (HealthyPipelineSafeModeRule.java:process(124)) - SCM in safe mode. Healthy pipelines reported count is 0, required healthy pipeline reported count is 1
2022-06-15 07:33:59,973 [EventQueue-OpenPipelineForHealthyPipelineSafeModeRule] INFO  safemode.SCMSafeModeManager (HealthyPipelineSafeModeRule.java:process(124)) - SCM in safe mode. Healthy pipelines reported count is 0, required healthy pipeline reported count is 1
2022-06-15 07:34:00,048 [EventQueue-OpenPipelineForHealthyPipelineSafeModeRule] INFO  safemode.SCMSafeModeManager (HealthyPipelineSafeModeRule.java:process(124)) - SCM in safe mode. Healthy pipelines reported count is 0, required healthy pipeline reported count is 1
2022-06-15 07:34:00,069 [EventQueue-OpenPipelineForHealthyPipelineSafeModeRule] INFO  safemode.SCMSafeModeManager (HealthyPipelineSafeModeRule.java:process(124)) - SCM in safe mode. Healthy pipelines reported count is 0, required healthy pipeline reported count is 1
2022-06-15 07:34:00,149 [EventQueue-OpenPipelineForHealthyPipelineSafeModeRule] INFO  safemode.SCMSafeModeManager (HealthyPipelineSafeModeRule.java:process(124)) - SCM in safe mode. Healthy pipelines reported count is 0, required healthy pipeline reported count is 1
2022-06-15 07:34:00,173 [EventQueue-OpenPipelineForHealthyPipelineSafeModeRule] INFO  safemode.SCMSafeModeManager (HealthyPipelineSafeModeRule.java:process(124)) - SCM in safe mode. Healthy pipelines reported count is 0, required healthy pipeline reported count is 1
2022-06-15 07:34:00,174 [EventQueue-OpenPipelineForHealthyPipelineSafeModeRule] INFO  safemode.SCMSafeModeManager (HealthyPipelineSafeModeRule.java:process(124)) - SCM in safe mode. Healthy pipelines reported count is 0, required healthy pipeline reported count is 1
2022-06-15 07:34:00,225 [EventQueue-OpenPipelineForHealthyPipelineSafeModeRule] INFO  safemode.SCMSafeModeManager (HealthyPipelineSafeModeRule.java:process(124)) - SCM in safe mode. Healthy pipelines reported count is 0, required healthy pipeline reported count is 1
2022-06-15 07:34:00,240 [EventQueue-OpenPipelineForHealthyPipelineSafeModeRule] INFO  safemode.SCMSafeModeManager (HealthyPipelineSafeModeRule.java:process(124)) - SCM in safe mode. Healthy pipelines reported count is 0, required healthy pipeline reported count is 1
2022-06-15 07:34:00,247 [EventQueue-OpenPipelineForHealthyPipelineSafeModeRule] INFO  safemode.SCMSafeModeManager (HealthyPipelineSafeModeRule.java:process(124)) - SCM in safe mode. Healthy pipelines reported count is 0, required healthy pipeline reported count is 1
2022-06-15 07:34:00,279 [EventQueue-OpenPipelineForHealthyPipelineSafeModeRule] INFO  safemode.SCMSafeModeManager (HealthyPipelineSafeModeRule.java:process(124)) - SCM in safe mode. Healthy pipelines reported count is 0, required healthy pipeline reported count is 1
2022-06-15 07:34:00,333 [EventQueue-OpenPipelineForHealthyPipelineSafeModeRule] INFO  safemode.SCMSafeModeManager (HealthyPipelineSafeModeRule.java:process(124)) - SCM in safe mode. Healthy pipelines reported count is 0, required healthy pipeline reported count is 1
2022-06-15 07:34:00,372 [EventQueue-OpenPipelineForHealthyPipelineSafeModeRule] INFO  safemode.SCMSafeModeManager (HealthyPipelineSafeModeRule.java:process(124)) - SCM in safe mode. Healthy pipelines reported count is 0, required healthy pipeline reported count is 1
2022-06-15 07:34:00,373 [EventQueue-OpenPipelineForHealthyPipelineSafeModeRule] INFO  safemode.SCMSafeModeManager (HealthyPipelineSafeModeRule.java:process(124)) - SCM in safe mode. Healthy pipelines reported count is 0, required healthy pipeline reported count is 1
2022-06-15 07:34:00,374 [EventQueue-OpenPipelineForHealthyPipelineSafeModeRule] INFO  safemode.SCMSafeModeManager (HealthyPipelineSafeModeRule.java:process(124)) - SCM in safe mode. Healthy pipelines reported count is 0, required healthy pipeline reported count is 1
2022-06-15 07:34:00,441 [EventQueue-OpenPipelineForHealthyPipelineSafeModeRule] INFO  safemode.SCMSafeModeManager (HealthyPipelineSafeModeRule.java:process(124)) - SCM in safe mode. Healthy pipelines reported count is 0, required healthy pipeline reported count is 1
2022-06-15 07:34:00,469 [EventQueue-OpenPipelineForHealthyPipelineSafeModeRule] INFO  safemode.SCMSafeModeManager (HealthyPipelineSafeModeRule.java:process(124)) - SCM in safe mode. Healthy pipelines reported count is 0, required healthy pipeline reported count is 1
2022-06-15 07:34:00,479 [EventQueue-OpenPipelineForHealthyPipelineSafeModeRule] INFO  safemode.SCMSafeModeManager (HealthyPipelineSafeModeRule.java:process(124)) - SCM in safe mode. Healthy pipelines reported count is 0, required healthy pipeline reported count is 1
2022-06-15 07:34:00,533 [EventQueue-OpenPipelineForHealthyPipelineSafeModeRule] INFO  safemode.SCMSafeModeManager (HealthyPipelineSafeModeRule.java:process(124)) - SCM in safe mode. Healthy pipelines reported count is 0, required healthy pipeline reported count is 1
2022-06-15 07:34:00,550 [EventQueue-OpenPipelineForHealthyPipelineSafeModeRule] INFO  safemode.SCMSafeModeManager (HealthyPipelineSafeModeRule.java:process(124)) - SCM in safe mode. Healthy pipelines reported count is 0, required healthy pipeline reported count is 1
2022-06-15 07:34:00,572 [EventQueue-OpenPipelineForHealthyPipelineSafeModeRule] INFO  safemode.SCMSafeModeManager (HealthyPipelineSafeModeRule.java:process(124)) - SCM in safe mode. Healthy pipelines reported count is 0, required healthy pipeline reported count is 1
2022-06-15 07:34:00,574 [EventQueue-OpenPipelineForHealthyPipelineSafeModeRule] INFO  safemode.SCMSafeModeManager (HealthyPipelineSafeModeRule.java:process(124)) - SCM in safe mode. Healthy pipelines reported count is 0, required healthy pipeline reported count is 1
2022-06-15 07:34:00,625 [EventQueue-OpenPipelineForHealthyPipelineSafeModeRule] INFO  safemode.SCMSafeModeManager (HealthyPipelineSafeModeRule.java:process(124)) - SCM in safe mode. Healthy pipelines reported count is 0, required healthy pipeline reported count is 1
2022-06-15 07:34:00,641 [EventQueue-OpenPipelineForHealthyPipelineSafeModeRule] INFO  safemode.SCMSafeModeManager (HealthyPipelineSafeModeRule.java:process(124)) - SCM in safe mode. Healthy pipelines reported count is 0, required healthy pipeline reported count is 1
2022-06-15 07:34:00,648 [EventQueue-OpenPipelineForHealthyPipelineSafeModeRule] INFO  safemode.SCMSafeModeManager (HealthyPipelineSafeModeRule.java:process(124)) - SCM in safe mode. Healthy pipelines reported count is 0, required healthy pipeline reported count is 1
2022-06-15 07:34:00,751 [EventQueue-OpenPipelineForHealthyPipelineSafeModeRule] INFO  safemode.SCMSafeModeManager (HealthyPipelineSafeModeRule.java:process(124)) - SCM in safe mode. Healthy pipelines reported count is 0, required healthy pipeline reported count is 1
2022-06-15 07:34:00,772 [EventQueue-OpenPipelineForHealthyPipelineSafeModeRule] INFO  safemode.SCMSafeModeManager (HealthyPipelineSafeModeRule.java:process(124)) - SCM in safe mode. Healthy pipelines reported count is 0, required healthy pipeline reported count is 1
2022-06-15 07:34:00,772 [EventQueue-OpenPipelineForHealthyPipelineSafeModeRule] INFO  safemode.SCMSafeModeManager (HealthyPipelineSafeModeRule.java:process(124)) - SCM in safe mode. Healthy pipelines reported count is 0, required healthy pipeline reported count is 1
2022-06-15 07:34:00,825 [EventQueue-OpenPipelineForHealthyPipelineSafeModeRule] INFO  safemode.SCMSafeModeManager (HealthyPipelineSafeModeRule.java:process(124)) - SCM in safe mode. Healthy pipelines reported count is 0, required healthy pipeline reported count is 1
2022-06-15 07:34:00,868 [EventQueue-OpenPipelineForHealthyPipelineSafeModeRule] INFO  safemode.SCMSafeModeManager (HealthyPipelineSafeModeRule.java:process(124)) - SCM in safe mode. Healthy pipelines reported count is 0, required healthy pipeline reported count is 1
2022-06-15 07:34:00,879 [EventQueue-OpenPipelineForHealthyPipelineSafeModeRule] INFO  safemode.SCMSafeModeManager (HealthyPipelineSafeModeRule.java:process(124)) - SCM in safe mode. Healthy pipelines reported count is 0, required healthy pipeline reported count is 1
2022-06-15 07:34:00,933 [EventQueue-OpenPipelineForHealthyPipelineSafeModeRule] INFO  safemode.SCMSafeModeManager (HealthyPipelineSafeModeRule.java:process(124)) - SCM in safe mode. Healthy pipelines reported count is 0, required healthy pipeline reported count is 1
2022-06-15 07:34:00,935 [Listener at 127.0.0.1/34461] INFO  ozone.MiniOzoneClusterImpl (MiniOzoneClusterImpl.java:lambda$waitForClusterToBeReady$0(221)) - Nodes are ready. Got 10 of 10 DN Heartbeats.
2022-06-15 07:34:00,935 [Listener at 127.0.0.1/34461] INFO  ozone.MiniOzoneClusterImpl (MiniOzoneClusterImpl.java:lambda$waitForClusterToBeReady$0(224)) - Waiting for cluster to exit safe mode
2022-06-15 07:34:00,935 [Listener at 127.0.0.1/34461] INFO  ozone.MiniOzoneClusterImpl (MiniOzoneClusterImpl.java:lambda$waitForClusterToBeReady$0(226)) - SCM became leader
2022-06-15 07:34:00,974 [EventQueue-OpenPipelineForHealthyPipelineSafeModeRule] INFO  safemode.SCMSafeModeManager (HealthyPipelineSafeModeRule.java:process(124)) - SCM in safe mode. Healthy pipelines reported count is 0, required healthy pipeline reported count is 1
2022-06-15 07:34:01,041 [EventQueue-OpenPipelineForHealthyPipelineSafeModeRule] INFO  safemode.SCMSafeModeManager (HealthyPipelineSafeModeRule.java:process(124)) - SCM in safe mode. Healthy pipelines reported count is 0, required healthy pipeline reported count is 1
2022-06-15 07:34:01,048 [EventQueue-OpenPipelineForHealthyPipelineSafeModeRule] INFO  safemode.SCMSafeModeManager (HealthyPipelineSafeModeRule.java:process(124)) - SCM in safe mode. Healthy pipelines reported count is 0, required healthy pipeline reported count is 1
2022-06-15 07:34:01,069 [EventQueue-OpenPipelineForHealthyPipelineSafeModeRule] INFO  safemode.SCMSafeModeManager (HealthyPipelineSafeModeRule.java:process(124)) - SCM in safe mode. Healthy pipelines reported count is 0, required healthy pipeline reported count is 1
2022-06-15 07:34:01,079 [EventQueue-OpenPipelineForHealthyPipelineSafeModeRule] INFO  safemode.SCMSafeModeManager (HealthyPipelineSafeModeRule.java:process(124)) - SCM in safe mode. Healthy pipelines reported count is 0, required healthy pipeline reported count is 1
2022-06-15 07:34:01,133 [EventQueue-OpenPipelineForHealthyPipelineSafeModeRule] INFO  safemode.SCMSafeModeManager (HealthyPipelineSafeModeRule.java:process(124)) - SCM in safe mode. Healthy pipelines reported count is 0, required healthy pipeline reported count is 1
2022-06-15 07:34:01,152 [EventQueue-OpenPipelineForHealthyPipelineSafeModeRule] INFO  safemode.SCMSafeModeManager (HealthyPipelineSafeModeRule.java:process(124)) - SCM in safe mode. Healthy pipelines reported count is 0, required healthy pipeline reported count is 1
2022-06-15 07:34:01,173 [EventQueue-OpenPipelineForHealthyPipelineSafeModeRule] INFO  safemode.SCMSafeModeManager (HealthyPipelineSafeModeRule.java:process(124)) - SCM in safe mode. Healthy pipelines reported count is 0, required healthy pipeline reported count is 1
2022-06-15 07:34:01,174 [EventQueue-OpenPipelineForHealthyPipelineSafeModeRule] INFO  safemode.SCMSafeModeManager (HealthyPipelineSafeModeRule.java:process(124)) - SCM in safe mode. Healthy pipelines reported count is 0, required healthy pipeline reported count is 1
2022-06-15 07:34:01,225 [EventQueue-OpenPipelineForHealthyPipelineSafeModeRule] INFO  safemode.SCMSafeModeManager (HealthyPipelineSafeModeRule.java:process(124)) - SCM in safe mode. Healthy pipelines reported count is 0, required healthy pipeline reported count is 1
2022-06-15 07:34:01,247 [EventQueue-OpenPipelineForHealthyPipelineSafeModeRule] INFO  safemode.SCMSafeModeManager (HealthyPipelineSafeModeRule.java:process(124)) - SCM in safe mode. Healthy pipelines reported count is 0, required healthy pipeline reported count is 1
2022-06-15 07:34:01,333 [EventQueue-OpenPipelineForHealthyPipelineSafeModeRule] INFO  safemode.SCMSafeModeManager (HealthyPipelineSafeModeRule.java:process(124)) - SCM in safe mode. Healthy pipelines reported count is 0, required healthy pipeline reported count is 1
2022-06-15 07:34:01,373 [EventQueue-OpenPipelineForHealthyPipelineSafeModeRule] INFO  safemode.SCMSafeModeManager (HealthyPipelineSafeModeRule.java:process(124)) - SCM in safe mode. Healthy pipelines reported count is 0, required healthy pipeline reported count is 1
2022-06-15 07:34:01,373 [EventQueue-OpenPipelineForHealthyPipelineSafeModeRule] INFO  safemode.SCMSafeModeManager (HealthyPipelineSafeModeRule.java:process(124)) - SCM in safe mode. Healthy pipelines reported count is 0, required healthy pipeline reported count is 1
2022-06-15 07:34:01,375 [EventQueue-OpenPipelineForHealthyPipelineSafeModeRule] INFO  safemode.SCMSafeModeManager (HealthyPipelineSafeModeRule.java:process(124)) - SCM in safe mode. Healthy pipelines reported count is 0, required healthy pipeline reported count is 1
2022-06-15 07:34:01,441 [EventQueue-OpenPipelineForHealthyPipelineSafeModeRule] INFO  safemode.SCMSafeModeManager (HealthyPipelineSafeModeRule.java:process(124)) - SCM in safe mode. Healthy pipelines reported count is 0, required healthy pipeline reported count is 1
2022-06-15 07:34:01,470 [EventQueue-OpenPipelineForHealthyPipelineSafeModeRule] INFO  safemode.SCMSafeModeManager (HealthyPipelineSafeModeRule.java:process(124)) - SCM in safe mode. Healthy pipelines reported count is 0, required healthy pipeline reported count is 1
2022-06-15 07:34:01,479 [EventQueue-OpenPipelineForHealthyPipelineSafeModeRule] INFO  safemode.SCMSafeModeManager (HealthyPipelineSafeModeRule.java:process(124)) - SCM in safe mode. Healthy pipelines reported count is 0, required healthy pipeline reported count is 1
2022-06-15 07:34:01,553 [EventQueue-OpenPipelineForHealthyPipelineSafeModeRule] INFO  safemode.SCMSafeModeManager (HealthyPipelineSafeModeRule.java:process(124)) - SCM in safe mode. Healthy pipelines reported count is 0, required healthy pipeline reported count is 1
2022-06-15 07:34:01,573 [EventQueue-OpenPipelineForHealthyPipelineSafeModeRule] INFO  safemode.SCMSafeModeManager (HealthyPipelineSafeModeRule.java:process(124)) - SCM in safe mode. Healthy pipelines reported count is 0, required healthy pipeline reported count is 1
2022-06-15 07:34:01,576 [EventQueue-OpenPipelineForHealthyPipelineSafeModeRule] INFO  safemode.SCMSafeModeManager (HealthyPipelineSafeModeRule.java:process(124)) - SCM in safe mode. Healthy pipelines reported count is 0, required healthy pipeline reported count is 1
2022-06-15 07:34:01,625 [EventQueue-OpenPipelineForHealthyPipelineSafeModeRule] INFO  safemode.SCMSafeModeManager (HealthyPipelineSafeModeRule.java:process(124)) - SCM in safe mode. Healthy pipelines reported count is 0, required healthy pipeline reported count is 1
2022-06-15 07:34:01,641 [EventQueue-OpenPipelineForHealthyPipelineSafeModeRule] INFO  safemode.SCMSafeModeManager (HealthyPipelineSafeModeRule.java:process(124)) - SCM in safe mode. Healthy pipelines reported count is 0, required healthy pipeline reported count is 1
2022-06-15 07:34:01,648 [EventQueue-OpenPipelineForHealthyPipelineSafeModeRule] INFO  safemode.SCMSafeModeManager (HealthyPipelineSafeModeRule.java:process(124)) - SCM in safe mode. Healthy pipelines reported count is 0, required healthy pipeline reported count is 1
2022-06-15 07:34:01,669 [EventQueue-OpenPipelineForHealthyPipelineSafeModeRule] INFO  safemode.SCMSafeModeManager (HealthyPipelineSafeModeRule.java:process(124)) - SCM in safe mode. Healthy pipelines reported count is 0, required healthy pipeline reported count is 1
2022-06-15 07:34:01,734 [EventQueue-OpenPipelineForHealthyPipelineSafeModeRule] INFO  safemode.SCMSafeModeManager (HealthyPipelineSafeModeRule.java:process(124)) - SCM in safe mode. Healthy pipelines reported count is 0, required healthy pipeline reported count is 1
2022-06-15 07:34:01,753 [EventQueue-OpenPipelineForHealthyPipelineSafeModeRule] INFO  safemode.SCMSafeModeManager (HealthyPipelineSafeModeRule.java:process(124)) - SCM in safe mode. Healthy pipelines reported count is 0, required healthy pipeline reported count is 1
2022-06-15 07:34:01,773 [EventQueue-OpenPipelineForHealthyPipelineSafeModeRule] INFO  safemode.SCMSafeModeManager (HealthyPipelineSafeModeRule.java:process(124)) - SCM in safe mode. Healthy pipelines reported count is 0, required healthy pipeline reported count is 1
2022-06-15 07:34:01,775 [EventQueue-OpenPipelineForHealthyPipelineSafeModeRule] INFO  safemode.SCMSafeModeManager (HealthyPipelineSafeModeRule.java:process(124)) - SCM in safe mode. Healthy pipelines reported count is 0, required healthy pipeline reported count is 1
2022-06-15 07:34:01,825 [EventQueue-OpenPipelineForHealthyPipelineSafeModeRule] INFO  safemode.SCMSafeModeManager (HealthyPipelineSafeModeRule.java:process(124)) - SCM in safe mode. Healthy pipelines reported count is 0, required healthy pipeline reported count is 1
2022-06-15 07:34:01,838 [543aeec3-c74a-41c2-8a93-8d529b3aabc8@group-114DF2E904AF-FollowerState] INFO  impl.FollowerState (FollowerState.java:run(143)) - 543aeec3-c74a-41c2-8a93-8d529b3aabc8@group-114DF2E904AF-FollowerState: change to CANDIDATE, lastRpcElapsedTime:5085175158ns, electionTimeout:5082ms
2022-06-15 07:34:01,838 [543aeec3-c74a-41c2-8a93-8d529b3aabc8@group-114DF2E904AF-FollowerState] INFO  impl.RoleInfo (RoleInfo.java:shutdownFollowerState(110)) - 543aeec3-c74a-41c2-8a93-8d529b3aabc8: shutdown 543aeec3-c74a-41c2-8a93-8d529b3aabc8@group-114DF2E904AF-FollowerState
2022-06-15 07:34:01,839 [543aeec3-c74a-41c2-8a93-8d529b3aabc8@group-114DF2E904AF-FollowerState] INFO  server.RaftServer$Division (RaftServerImpl.java:setRole(299)) - 543aeec3-c74a-41c2-8a93-8d529b3aabc8@group-114DF2E904AF: changes role from  FOLLOWER to CANDIDATE at term 0 for changeToCandidate
2022-06-15 07:34:01,839 [543aeec3-c74a-41c2-8a93-8d529b3aabc8@group-114DF2E904AF-FollowerState] INFO  server.RaftServerConfigKeys (ConfUtils.java:logGet(46)) - raft.server.leaderelection.pre-vote = false (custom)
2022-06-15 07:34:01,839 [543aeec3-c74a-41c2-8a93-8d529b3aabc8@group-114DF2E904AF-FollowerState] INFO  impl.RoleInfo (RoleInfo.java:updateAndGet(139)) - 543aeec3-c74a-41c2-8a93-8d529b3aabc8: start 543aeec3-c74a-41c2-8a93-8d529b3aabc8@group-114DF2E904AF-LeaderElection2
2022-06-15 07:34:01,842 [543aeec3-c74a-41c2-8a93-8d529b3aabc8@group-114DF2E904AF-LeaderElection2] INFO  impl.LeaderElection (LeaderElection.java:askForVotes(310)) - 543aeec3-c74a-41c2-8a93-8d529b3aabc8@group-114DF2E904AF-LeaderElection2 ELECTION round 0: submit vote requests at term 1 for -1: [b0a9d56e-b544-41cd-b2b1-b34d126127d5|rpc:10.1.0.11:34765|priority:0, 657a5ecd-0fe1-496e-aa3e-85dbaec35512|rpc:10.1.0.11:33757|priority:0, 543aeec3-c74a-41c2-8a93-8d529b3aabc8|rpc:10.1.0.11:41193|priority:1], old=null
2022-06-15 07:34:01,869 [grpc-default-executor-0] INFO  server.RaftServer$Division (RaftServerImpl.java:requestVote(1152)) - 657a5ecd-0fe1-496e-aa3e-85dbaec35512@group-114DF2E904AF: receive requestVote(ELECTION, 543aeec3-c74a-41c2-8a93-8d529b3aabc8, group-114DF2E904AF, 1, (t:0, i:0))
2022-06-15 07:34:01,871 [grpc-default-executor-0] INFO  impl.VoteContext (VoteContext.java:log(48)) - 657a5ecd-0fe1-496e-aa3e-85dbaec35512@group-114DF2E904AF-FOLLOWER: accept ELECTION from 543aeec3-c74a-41c2-8a93-8d529b3aabc8: our priority 0 <= candidate's priority 1
2022-06-15 07:34:01,871 [grpc-default-executor-0] INFO  server.RaftServer$Division (RaftServerImpl.java:setRole(299)) - 657a5ecd-0fe1-496e-aa3e-85dbaec35512@group-114DF2E904AF: changes role from  FOLLOWER to FOLLOWER at term 1 for candidate:543aeec3-c74a-41c2-8a93-8d529b3aabc8
2022-06-15 07:34:01,872 [grpc-default-executor-0] INFO  impl.RoleInfo (RoleInfo.java:shutdownFollowerState(110)) - 657a5ecd-0fe1-496e-aa3e-85dbaec35512: shutdown 657a5ecd-0fe1-496e-aa3e-85dbaec35512@group-114DF2E904AF-FollowerState
2022-06-15 07:34:01,872 [grpc-default-executor-0] INFO  impl.RoleInfo (RoleInfo.java:updateAndGet(139)) - 657a5ecd-0fe1-496e-aa3e-85dbaec35512: start 657a5ecd-0fe1-496e-aa3e-85dbaec35512@group-114DF2E904AF-FollowerState
2022-06-15 07:34:01,872 [grpc-default-executor-1] INFO  server.RaftServer$Division (RaftServerImpl.java:requestVote(1152)) - b0a9d56e-b544-41cd-b2b1-b34d126127d5@group-114DF2E904AF: receive requestVote(ELECTION, 543aeec3-c74a-41c2-8a93-8d529b3aabc8, group-114DF2E904AF, 1, (t:0, i:0))
2022-06-15 07:34:01,872 [657a5ecd-0fe1-496e-aa3e-85dbaec35512@group-114DF2E904AF-FollowerState] INFO  impl.FollowerState (FollowerState.java:run(152)) - 657a5ecd-0fe1-496e-aa3e-85dbaec35512@group-114DF2E904AF-FollowerState was interrupted
2022-06-15 07:34:01,873 [grpc-default-executor-1] INFO  impl.VoteContext (VoteContext.java:log(48)) - b0a9d56e-b544-41cd-b2b1-b34d126127d5@group-114DF2E904AF-FOLLOWER: accept ELECTION from 543aeec3-c74a-41c2-8a93-8d529b3aabc8: our priority 0 <= candidate's priority 1
2022-06-15 07:34:01,876 [grpc-default-executor-1] INFO  server.RaftServer$Division (RaftServerImpl.java:setRole(299)) - b0a9d56e-b544-41cd-b2b1-b34d126127d5@group-114DF2E904AF: changes role from  FOLLOWER to FOLLOWER at term 1 for candidate:543aeec3-c74a-41c2-8a93-8d529b3aabc8
2022-06-15 07:34:01,876 [grpc-default-executor-1] INFO  impl.RoleInfo (RoleInfo.java:shutdownFollowerState(110)) - b0a9d56e-b544-41cd-b2b1-b34d126127d5: shutdown b0a9d56e-b544-41cd-b2b1-b34d126127d5@group-114DF2E904AF-FollowerState
2022-06-15 07:34:01,876 [grpc-default-executor-1] INFO  impl.RoleInfo (RoleInfo.java:updateAndGet(139)) - b0a9d56e-b544-41cd-b2b1-b34d126127d5: start b0a9d56e-b544-41cd-b2b1-b34d126127d5@group-114DF2E904AF-FollowerState
2022-06-15 07:34:01,876 [b0a9d56e-b544-41cd-b2b1-b34d126127d5@group-114DF2E904AF-FollowerState] INFO  impl.FollowerState (FollowerState.java:run(152)) - b0a9d56e-b544-41cd-b2b1-b34d126127d5@group-114DF2E904AF-FollowerState was interrupted
2022-06-15 07:34:01,880 [EventQueue-OpenPipelineForHealthyPipelineSafeModeRule] INFO  safemode.SCMSafeModeManager (HealthyPipelineSafeModeRule.java:process(124)) - SCM in safe mode. Healthy pipelines reported count is 0, required healthy pipeline reported count is 1
2022-06-15 07:34:01,882 [grpc-default-executor-1] INFO  server.RaftServer$Division (RaftServerImpl.java:requestVote(1184)) - b0a9d56e-b544-41cd-b2b1-b34d126127d5@group-114DF2E904AF replies to ELECTION vote request: 543aeec3-c74a-41c2-8a93-8d529b3aabc8<-b0a9d56e-b544-41cd-b2b1-b34d126127d5#0:OK-t1. Peer's state: b0a9d56e-b544-41cd-b2b1-b34d126127d5@group-114DF2E904AF:t1, leader=null, voted=543aeec3-c74a-41c2-8a93-8d529b3aabc8, raftlog=b0a9d56e-b544-41cd-b2b1-b34d126127d5@group-114DF2E904AF-SegmentedRaftLog:OPENED:c-1, conf=-1: [b0a9d56e-b544-41cd-b2b1-b34d126127d5|rpc:10.1.0.11:34765|priority:0, 657a5ecd-0fe1-496e-aa3e-85dbaec35512|rpc:10.1.0.11:33757|priority:0, 543aeec3-c74a-41c2-8a93-8d529b3aabc8|rpc:10.1.0.11:41193|priority:1], old=null
2022-06-15 07:34:01,882 [grpc-default-executor-0] INFO  server.RaftServer$Division (RaftServerImpl.java:requestVote(1184)) - 657a5ecd-0fe1-496e-aa3e-85dbaec35512@group-114DF2E904AF replies to ELECTION vote request: 543aeec3-c74a-41c2-8a93-8d529b3aabc8<-657a5ecd-0fe1-496e-aa3e-85dbaec35512#0:OK-t1. Peer's state: 657a5ecd-0fe1-496e-aa3e-85dbaec35512@group-114DF2E904AF:t1, leader=null, voted=543aeec3-c74a-41c2-8a93-8d529b3aabc8, raftlog=657a5ecd-0fe1-496e-aa3e-85dbaec35512@group-114DF2E904AF-SegmentedRaftLog:OPENED:c-1, conf=-1: [b0a9d56e-b544-41cd-b2b1-b34d126127d5|rpc:10.1.0.11:34765|dataStream:|priority:0, 657a5ecd-0fe1-496e-aa3e-85dbaec35512|rpc:10.1.0.11:33757|dataStream:|priority:0, 543aeec3-c74a-41c2-8a93-8d529b3aabc8|rpc:10.1.0.11:41193|dataStream:|priority:1], old=null
2022-06-15 07:34:01,884 [543aeec3-c74a-41c2-8a93-8d529b3aabc8@group-114DF2E904AF-LeaderElection2] INFO  impl.LeaderElection (LeaderElection.java:logAndReturn(90)) - 543aeec3-c74a-41c2-8a93-8d529b3aabc8@group-114DF2E904AF-LeaderElection2: ELECTION PASSED received 1 response(s) and 0 exception(s):
2022-06-15 07:34:01,888 [543aeec3-c74a-41c2-8a93-8d529b3aabc8@group-114DF2E904AF-LeaderElection2] INFO  impl.LeaderElection (LeaderElection.java:logAndReturn(94)) -   Response 0: 543aeec3-c74a-41c2-8a93-8d529b3aabc8<-657a5ecd-0fe1-496e-aa3e-85dbaec35512#0:OK-t1
2022-06-15 07:34:01,888 [543aeec3-c74a-41c2-8a93-8d529b3aabc8@group-114DF2E904AF-LeaderElection2] INFO  impl.LeaderElection (LeaderElection.java:askForVotes(312)) - 543aeec3-c74a-41c2-8a93-8d529b3aabc8@group-114DF2E904AF-LeaderElection2 ELECTION round 0: result PASSED
2022-06-15 07:34:01,888 [543aeec3-c74a-41c2-8a93-8d529b3aabc8@group-114DF2E904AF-LeaderElection2] INFO  impl.RoleInfo (RoleInfo.java:shutdownLeaderElection(130)) - 543aeec3-c74a-41c2-8a93-8d529b3aabc8: shutdown 543aeec3-c74a-41c2-8a93-8d529b3aabc8@group-114DF2E904AF-LeaderElection2
2022-06-15 07:34:01,888 [543aeec3-c74a-41c2-8a93-8d529b3aabc8@group-114DF2E904AF-LeaderElection2] INFO  server.RaftServer$Division (RaftServerImpl.java:setRole(299)) - 543aeec3-c74a-41c2-8a93-8d529b3aabc8@group-114DF2E904AF: changes role from CANDIDATE to LEADER at term 1 for changeToLeader
2022-06-15 07:34:01,889 [543aeec3-c74a-41c2-8a93-8d529b3aabc8@group-114DF2E904AF-LeaderElection2] INFO  ratis.XceiverServerRatis (XceiverServerRatis.java:handleLeaderChangedNotification(863)) - Leader change notification received for group: group-114DF2E904AF with new leaderId: 543aeec3-c74a-41c2-8a93-8d529b3aabc8
2022-06-15 07:34:01,891 [543aeec3-c74a-41c2-8a93-8d529b3aabc8@group-114DF2E904AF-LeaderElection2] INFO  server.RaftServer$Division (ServerState.java:setLeader(287)) - 543aeec3-c74a-41c2-8a93-8d529b3aabc8@group-114DF2E904AF: change Leader from null to 543aeec3-c74a-41c2-8a93-8d529b3aabc8 at term 1 for becomeLeader, leader elected after 5146ms
2022-06-15 07:34:01,891 [543aeec3-c74a-41c2-8a93-8d529b3aabc8@group-114DF2E904AF-LeaderElection2] INFO  server.RaftServerConfigKeys (ConfUtils.java:logGet(46)) - raft.server.staging.catchup.gap = 1000 (default)
2022-06-15 07:34:01,891 [543aeec3-c74a-41c2-8a93-8d529b3aabc8@group-114DF2E904AF-LeaderElection2] INFO  server.RaftServerConfigKeys (ConfUtils.java:logGet(46)) - raft.server.write.element-limit = 1024 (custom)
2022-06-15 07:34:01,891 [543aeec3-c74a-41c2-8a93-8d529b3aabc8@group-114DF2E904AF-LeaderElection2] INFO  server.RaftServerConfigKeys (ConfUtils.java:logGet(46)) - raft.server.write.byte-limit = 1024 M (=1073741824) (custom)
2022-06-15 07:34:01,891 [543aeec3-c74a-41c2-8a93-8d529b3aabc8@group-114DF2E904AF-LeaderElection2] INFO  server.RaftServerConfigKeys (ConfUtils.java:logGet(46)) - raft.server.watch.timeout = 10000ms (default)
2022-06-15 07:34:01,892 [543aeec3-c74a-41c2-8a93-8d529b3aabc8@group-114DF2E904AF-LeaderElection2] INFO  server.RaftServerConfigKeys (ConfUtils.java:logGet(46)) - raft.server.watch.timeout.denomination = 1s (default)
2022-06-15 07:34:01,892 [543aeec3-c74a-41c2-8a93-8d529b3aabc8@group-114DF2E904AF-LeaderElection2] INFO  server.RaftServerConfigKeys (ConfUtils.java:logGet(46)) - raft.server.watch.element-limit = 65536 (default)
2022-06-15 07:34:01,892 [543aeec3-c74a-41c2-8a93-8d529b3aabc8@group-114DF2E904AF-LeaderElection2] INFO  server.RaftServerConfigKeys (ConfUtils.java:logGet(46)) - raft.server.write.element-limit = 1024 (custom)
2022-06-15 07:34:01,892 [543aeec3-c74a-41c2-8a93-8d529b3aabc8@group-114DF2E904AF-LeaderElection2] INFO  server.RaftServerConfigKeys (ConfUtils.java:logGet(46)) - raft.server.write.follower.gap.ratio.max = -1.0 (default)
2022-06-15 07:34:01,894 [EventQueue-PipelineReportForPipelineReportHandler] INFO  pipeline.PipelineManagerImpl (PipelineManagerImpl.java:openPipeline(356)) - Pipeline Pipeline[ Id: 83aa0ae5-c647-4842-ba01-114df2e904af, Nodes: b0a9d56e-b544-41cd-b2b1-b34d126127d5{ip: 10.1.0.11, host: fv-az121-418.xhy4bhhdincepo0av04agjzkjc.cx.internal.cloudapp.net, ports: [REPLICATION=45673, RATIS=34765, RATIS_ADMIN=34765, RATIS_SERVER=34765, STANDALONE=46291], networkLocation: /default-rack, certSerialId: null, persistedOpState: IN_SERVICE, persistedOpStateExpiryEpochSec: 0}657a5ecd-0fe1-496e-aa3e-85dbaec35512{ip: 10.1.0.11, host: fv-az121-418.xhy4bhhdincepo0av04agjzkjc.cx.internal.cloudapp.net, ports: [REPLICATION=36157, RATIS=33757, RATIS_ADMIN=33757, RATIS_SERVER=33757, STANDALONE=41369], networkLocation: /default-rack, certSerialId: null, persistedOpState: IN_SERVICE, persistedOpStateExpiryEpochSec: 0}543aeec3-c74a-41c2-8a93-8d529b3aabc8{ip: 10.1.0.11, host: fv-az121-418.xhy4bhhdincepo0av04agjzkjc.cx.internal.cloudapp.net, ports: [REPLICATION=36317, RATIS=41193, RATIS_ADMIN=41193, RATIS_SERVER=41193, STANDALONE=38087], networkLocation: /default-rack, certSerialId: null, persistedOpState: IN_SERVICE, persistedOpStateExpiryEpochSec: 0}, ReplicationConfig: RATIS/THREE, State:ALLOCATED, leaderId:543aeec3-c74a-41c2-8a93-8d529b3aabc8, CreationTimestamp2022-06-15T07:33:54.617Z[Etc/UTC]] moved to OPEN state
2022-06-15 07:34:01,901 [EventQueue-OpenPipelineForHealthyPipelineSafeModeRule] INFO  safemode.SCMSafeModeManager (HealthyPipelineSafeModeRule.java:process(124)) - SCM in safe mode. Healthy pipelines reported count is 1, required healthy pipeline reported count is 1
2022-06-15 07:34:01,901 [EventQueue-OpenPipelineForHealthyPipelineSafeModeRule] INFO  safemode.SCMSafeModeManager (SCMSafeModeManager.java:validateSafeModeExitRules(204)) - HealthyPipelineSafeModeRule rule is successfully validated
2022-06-15 07:34:01,901 [EventQueue-OpenPipelineForHealthyPipelineSafeModeRule] INFO  safemode.SCMSafeModeManager (SCMSafeModeManager.java:validateSafeModeExitRules(219)) - ScmSafeModeManager, all rules are successfully validated
2022-06-15 07:34:01,901 [EventQueue-OpenPipelineForHealthyPipelineSafeModeRule] INFO  safemode.SCMSafeModeManager (SCMSafeModeManager.java:exitSafeMode(248)) - SCM exiting safe mode.
2022-06-15 07:34:01,901 [EventQueue-OpenPipelineForHealthyPipelineSafeModeRule] WARN  events.EventQueue (EventQueue.java:fireEvent(194)) - No event handler registered for event TypedEvent{payloadType=SafeModeStatus, name='Safe mode status'}
2022-06-15 07:34:01,901 [EventQueue-OpenPipelineForHealthyPipelineSafeModeRule] INFO  ha.SCMContext (SCMContext.java:updateSafeModeStatus(228)) - Update SafeModeStatus from SafeModeStatus{safeModeStatus=true, preCheckPassed=true} to SafeModeStatus{safeModeStatus=false, preCheckPassed=true}.
2022-06-15 07:34:01,901 [EventQueue-OpenPipelineForHealthyPipelineSafeModeRule] INFO  pipeline.BackgroundPipelineCreator (BackgroundPipelineCreator.java:notifyStatusChanged(251)) - Service BackgroundPipelineCreator transitions to RUNNING.
2022-06-15 07:34:01,901 [EventQueue-OpenPipelineForHealthyPipelineSafeModeRule] INFO  BackgroundPipelineScrubber (BackgroundSCMService.java:notifyStatusChanged(82)) - Service BackgroundPipelineScrubber transitions to RUNNING.
2022-06-15 07:34:01,901 [EventQueue-OpenPipelineForHealthyPipelineSafeModeRule] INFO  ExpiredContainerReplicaOpScrubber (BackgroundSCMService.java:notifyStatusChanged(82)) - Service ExpiredContainerReplicaOpScrubber transitions to RUNNING.
2022-06-15 07:34:01,901 [EventQueue-OpenPipelineForHealthyPipelineSafeModeRule] INFO  replication.ReplicationManager (ReplicationManager.java:notifyStatusChanged(372)) - Service ReplicationManager transitions to RUNNING.
2022-06-15 07:34:01,902 [EventQueue-OpenPipelineForHealthyPipelineSafeModeRule] WARN  balancer.ContainerBalancer (ContainerBalancer.java:shouldRun(875)) - Could not find persisted configuration for ContainerBalancer when checking if ContainerBalancer should run. ContainerBalancer should not run now.
2022-06-15 07:34:01,904 [543aeec3-c74a-41c2-8a93-8d529b3aabc8@group-114DF2E904AF-LeaderElection2] INFO  server.RaftServerConfigKeys (ConfUtils.java:logGet(46)) - raft.server.log.appender.snapshot.chunk.size.max = 16MB (=16777216) (default)
2022-06-15 07:34:01,905 [543aeec3-c74a-41c2-8a93-8d529b3aabc8@group-114DF2E904AF-LeaderElection2] INFO  server.RaftServerConfigKeys (ConfUtils.java:logGet(46)) - raft.server.log.appender.buffer.byte-limit = 33554432 (custom)
2022-06-15 07:34:01,905 [543aeec3-c74a-41c2-8a93-8d529b3aabc8@group-114DF2E904AF-LeaderElection2] INFO  server.RaftServerConfigKeys (ConfUtils.java:logGet(46)) - raft.server.log.appender.buffer.element-limit = 1 (custom)
2022-06-15 07:34:01,908 [543aeec3-c74a-41c2-8a93-8d529b3aabc8@group-114DF2E904AF-LeaderElection2] INFO  grpc.GrpcConfigKeys (ConfUtils.java:logGet(46)) - raft.grpc.server.leader.outstanding.appends.max = 128 (default)
2022-06-15 07:34:01,908 [543aeec3-c74a-41c2-8a93-8d529b3aabc8@group-114DF2E904AF-LeaderElection2] INFO  server.RaftServerConfigKeys (ConfUtils.java:logGet(46)) - raft.server.rpc.request.timeout = 3000ms (default)
2022-06-15 07:34:01,908 [543aeec3-c74a-41c2-8a93-8d529b3aabc8@group-114DF2E904AF-LeaderElection2] INFO  server.RaftServerConfigKeys (ConfUtils.java:logGet(46)) - raft.server.log.appender.install.snapshot.enabled = false (custom)
2022-06-15 07:34:01,910 [543aeec3-c74a-41c2-8a93-8d529b3aabc8@group-114DF2E904AF-LeaderElection2] INFO  server.RaftServerConfigKeys (ConfUtils.java:logGet(46)) - raft.server.log.appender.snapshot.chunk.size.max = 16MB (=16777216) (default)
2022-06-15 07:34:01,910 [543aeec3-c74a-41c2-8a93-8d529b3aabc8@group-114DF2E904AF-LeaderElection2] INFO  server.RaftServerConfigKeys (ConfUtils.java:logGet(46)) - raft.server.log.appender.buffer.byte-limit = 33554432 (custom)
2022-06-15 07:34:01,910 [543aeec3-c74a-41c2-8a93-8d529b3aabc8@group-114DF2E904AF-LeaderElection2] INFO  server.RaftServerConfigKeys (ConfUtils.java:logGet(46)) - raft.server.log.appender.buffer.element-limit = 1 (custom)
2022-06-15 07:34:01,910 [543aeec3-c74a-41c2-8a93-8d529b3aabc8@group-114DF2E904AF-LeaderElection2] INFO  grpc.GrpcConfigKeys (ConfUtils.java:logGet(46)) - raft.grpc.server.leader.outstanding.appends.max = 128 (default)
2022-06-15 07:34:01,910 [543aeec3-c74a-41c2-8a93-8d529b3aabc8@group-114DF2E904AF-LeaderElection2] INFO  server.RaftServerConfigKeys (ConfUtils.java:logGet(46)) - raft.server.rpc.request.timeout = 3000ms (default)
2022-06-15 07:34:01,910 [543aeec3-c74a-41c2-8a93-8d529b3aabc8@group-114DF2E904AF-LeaderElection2] INFO  server.RaftServerConfigKeys (ConfUtils.java:logGet(46)) - raft.server.log.appender.install.snapshot.enabled = false (custom)
2022-06-15 07:34:01,911 [543aeec3-c74a-41c2-8a93-8d529b3aabc8@group-114DF2E904AF-LeaderElection2] INFO  impl.RoleInfo (RoleInfo.java:updateAndGet(139)) - 543aeec3-c74a-41c2-8a93-8d529b3aabc8: start 543aeec3-c74a-41c2-8a93-8d529b3aabc8@group-114DF2E904AF-LeaderStateImpl
2022-06-15 07:34:01,912 [543aeec3-c74a-41c2-8a93-8d529b3aabc8@group-114DF2E904AF-LeaderElection2] INFO  segmented.SegmentedRaftLogWorker (SegmentedRaftLogWorker.java:startLogSegment(425)) - 543aeec3-c74a-41c2-8a93-8d529b3aabc8@group-114DF2E904AF-SegmentedRaftLogWorker: Starting segment from index:0
2022-06-15 07:34:01,913 [543aeec3-c74a-41c2-8a93-8d529b3aabc8@group-114DF2E904AF-SegmentedRaftLogWorker] INFO  segmented.SegmentedRaftLogWorker (SegmentedRaftLogWorker.java:execute(629)) - 543aeec3-c74a-41c2-8a93-8d529b3aabc8@group-114DF2E904AF-SegmentedRaftLogWorker: created new log segment /home/runner/work/ozone/ozone/hadoop-ozone/integration-test/target/test-dir/MiniOzoneClusterImpl-589494f2-24de-4a8c-8650-9a890bc48d46/datanode-0/data/ratis/83aa0ae5-c647-4842-ba01-114df2e904af/current/log_inprogress_0
2022-06-15 07:34:01,920 [543aeec3-c74a-41c2-8a93-8d529b3aabc8@group-114DF2E904AF-LeaderElection2] INFO  server.RaftServer$Division (ServerState.java:setRaftConf(393)) - 543aeec3-c74a-41c2-8a93-8d529b3aabc8@group-114DF2E904AF: set configuration 0: [b0a9d56e-b544-41cd-b2b1-b34d126127d5|rpc:10.1.0.11:34765|dataStream:|priority:0, 657a5ecd-0fe1-496e-aa3e-85dbaec35512|rpc:10.1.0.11:33757|dataStream:|priority:0, 543aeec3-c74a-41c2-8a93-8d529b3aabc8|rpc:10.1.0.11:41193|dataStream:|priority:1], old=null
2022-06-15 07:34:01,923 [543aeec3-c74a-41c2-8a93-8d529b3aabc8@group-114DF2E904AF-StateMachineUpdater] INFO  ratis.ContainerStateMachine (ContainerStateMachine.java:takeSnapshot(304)) - group-114DF2E904AF: Taking a snapshot at:(t:1, i:0) file /home/runner/work/ozone/ozone/hadoop-ozone/integration-test/target/test-dir/MiniOzoneClusterImpl-589494f2-24de-4a8c-8650-9a890bc48d46/datanode-0/data/ratis/83aa0ae5-c647-4842-ba01-114df2e904af/sm/snapshot.1_0
2022-06-15 07:34:01,926 [543aeec3-c74a-41c2-8a93-8d529b3aabc8@group-268205D479E0-FollowerState] INFO  impl.FollowerState (FollowerState.java:run(143)) - 543aeec3-c74a-41c2-8a93-8d529b3aabc8@group-268205D479E0-FollowerState: change to CANDIDATE, lastRpcElapsedTime:5207228385ns, electionTimeout:5193ms
2022-06-15 07:34:01,926 [543aeec3-c74a-41c2-8a93-8d529b3aabc8@group-268205D479E0-FollowerState] INFO  impl.RoleInfo (RoleInfo.java:shutdownFollowerState(110)) - 543aeec3-c74a-41c2-8a93-8d529b3aabc8: shutdown 543aeec3-c74a-41c2-8a93-8d529b3aabc8@group-268205D479E0-FollowerState
2022-06-15 07:34:01,926 [543aeec3-c74a-41c2-8a93-8d529b3aabc8@group-268205D479E0-FollowerState] INFO  server.RaftServer$Division (RaftServerImpl.java:setRole(299)) - 543aeec3-c74a-41c2-8a93-8d529b3aabc8@group-268205D479E0: changes role from  FOLLOWER to CANDIDATE at term 0 for changeToCandidate
2022-06-15 07:34:01,927 [543aeec3-c74a-41c2-8a93-8d529b3aabc8@group-268205D479E0-FollowerState] INFO  server.RaftServerConfigKeys (ConfUtils.java:logGet(46)) - raft.server.leaderelection.pre-vote = false (custom)
2022-06-15 07:34:01,927 [543aeec3-c74a-41c2-8a93-8d529b3aabc8@group-268205D479E0-FollowerState] INFO  impl.RoleInfo (RoleInfo.java:updateAndGet(139)) - 543aeec3-c74a-41c2-8a93-8d529b3aabc8: start 543aeec3-c74a-41c2-8a93-8d529b3aabc8@group-268205D479E0-LeaderElection3
2022-06-15 07:34:01,936 [Listener at 127.0.0.1/34461] INFO  ozone.MiniOzoneClusterImpl (MiniOzoneClusterImpl.java:lambda$waitForClusterToBeReady$0(221)) - Nodes are ready. Got 10 of 10 DN Heartbeats.
2022-06-15 07:34:01,936 [Listener at 127.0.0.1/34461] INFO  ozone.MiniOzoneClusterImpl (MiniOzoneClusterImpl.java:lambda$waitForClusterToBeReady$0(224)) - Cluster exits safe mode
2022-06-15 07:34:01,936 [Listener at 127.0.0.1/34461] INFO  ozone.MiniOzoneClusterImpl (MiniOzoneClusterImpl.java:lambda$waitForClusterToBeReady$0(226)) - SCM became leader
2022-06-15 07:34:01,944 [543aeec3-c74a-41c2-8a93-8d529b3aabc8@group-268205D479E0-LeaderElection3] INFO  impl.LeaderElection (LeaderElection.java:askForVotes(310)) - 543aeec3-c74a-41c2-8a93-8d529b3aabc8@group-268205D479E0-LeaderElection3 ELECTION round 0: submit vote requests at term 1 for -1: [543aeec3-c74a-41c2-8a93-8d529b3aabc8|rpc:10.1.0.11:41193|priority:1], old=null
2022-06-15 07:34:01,947 [543aeec3-c74a-41c2-8a93-8d529b3aabc8@group-268205D479E0-LeaderElection3] INFO  impl.LeaderElection (LeaderElection.java:askForVotes(312)) - 543aeec3-c74a-41c2-8a93-8d529b3aabc8@group-268205D479E0-LeaderElection3 ELECTION round 0: result PASSED (term=1)
2022-06-15 07:34:01,947 [543aeec3-c74a-41c2-8a93-8d529b3aabc8@group-268205D479E0-LeaderElection3] INFO  impl.RoleInfo (RoleInfo.java:shutdownLeaderElection(130)) - 543aeec3-c74a-41c2-8a93-8d529b3aabc8: shutdown 543aeec3-c74a-41c2-8a93-8d529b3aabc8@group-268205D479E0-LeaderElection3
2022-06-15 07:34:01,947 [543aeec3-c74a-41c2-8a93-8d529b3aabc8@group-268205D479E0-LeaderElection3] INFO  server.RaftServer$Division (RaftServerImpl.java:setRole(299)) - 543aeec3-c74a-41c2-8a93-8d529b3aabc8@group-268205D479E0: changes role from CANDIDATE to LEADER at term 1 for changeToLeader
2022-06-15 07:34:01,947 [543aeec3-c74a-41c2-8a93-8d529b3aabc8@group-268205D479E0-LeaderElection3] INFO  ratis.XceiverServerRatis (XceiverServerRatis.java:handleLeaderChangedNotification(863)) - Leader change notification received for group: group-268205D479E0 with new leaderId: 543aeec3-c74a-41c2-8a93-8d529b3aabc8
2022-06-15 07:34:01,950 [543aeec3-c74a-41c2-8a93-8d529b3aabc8@group-268205D479E0-LeaderElection3] INFO  server.RaftServer$Division (ServerState.java:setLeader(287)) - 543aeec3-c74a-41c2-8a93-8d529b3aabc8@group-268205D479E0: change Leader from null to 543aeec3-c74a-41c2-8a93-8d529b3aabc8 at term 1 for becomeLeader, leader elected after 5249ms
2022-06-15 07:34:01,950 [543aeec3-c74a-41c2-8a93-8d529b3aabc8@group-268205D479E0-LeaderElection3] INFO  server.RaftServerConfigKeys (ConfUtils.java:logGet(46)) - raft.server.staging.catchup.gap = 1000 (default)
2022-06-15 07:34:01,950 [543aeec3-c74a-41c2-8a93-8d529b3aabc8@group-268205D479E0-LeaderElection3] INFO  server.RaftServerConfigKeys (ConfUtils.java:logGet(46)) - raft.server.write.element-limit = 1024 (custom)
2022-06-15 07:34:01,950 [543aeec3-c74a-41c2-8a93-8d529b3aabc8@group-268205D479E0-LeaderElection3] INFO  server.RaftServerConfigKeys (ConfUtils.java:logGet(46)) - raft.server.write.byte-limit = 1024 M (=1073741824) (custom)
2022-06-15 07:34:01,950 [543aeec3-c74a-41c2-8a93-8d529b3aabc8@group-268205D479E0-LeaderElection3] INFO  server.RaftServerConfigKeys (ConfUtils.java:logGet(46)) - raft.server.watch.timeout = 10000ms (default)
2022-06-15 07:34:01,951 [543aeec3-c74a-41c2-8a93-8d529b3aabc8@group-268205D479E0-LeaderElection3] INFO  server.RaftServerConfigKeys (ConfUtils.java:logGet(46)) - raft.server.watch.timeout.denomination = 1s (default)
2022-06-15 07:34:01,951 [543aeec3-c74a-41c2-8a93-8d529b3aabc8@group-268205D479E0-LeaderElection3] INFO  server.RaftServerConfigKeys (ConfUtils.java:logGet(46)) - raft.server.watch.element-limit = 65536 (default)
2022-06-15 07:34:01,951 [543aeec3-c74a-41c2-8a93-8d529b3aabc8@group-268205D479E0-LeaderElection3] INFO  server.RaftServerConfigKeys (ConfUtils.java:logGet(46)) - raft.server.write.element-limit = 1024 (custom)
2022-06-15 07:34:01,951 [543aeec3-c74a-41c2-8a93-8d529b3aabc8@group-268205D479E0-LeaderElection3] INFO  server.RaftServerConfigKeys (ConfUtils.java:logGet(46)) - raft.server.write.follower.gap.ratio.max = -1.0 (default)
2022-06-15 07:34:01,951 [543aeec3-c74a-41c2-8a93-8d529b3aabc8@group-268205D479E0-LeaderElection3] INFO  impl.RoleInfo (RoleInfo.java:updateAndGet(139)) - 543aeec3-c74a-41c2-8a93-8d529b3aabc8: start 543aeec3-c74a-41c2-8a93-8d529b3aabc8@group-268205D479E0-LeaderStateImpl
2022-06-15 07:34:01,951 [543aeec3-c74a-41c2-8a93-8d529b3aabc8@group-268205D479E0-LeaderElection3] INFO  segmented.SegmentedRaftLogWorker (SegmentedRaftLogWorker.java:startLogSegment(425)) - 543aeec3-c74a-41c2-8a93-8d529b3aabc8@group-268205D479E0-SegmentedRaftLogWorker: Starting segment from index:0
2022-06-15 07:34:01,954 [543aeec3-c74a-41c2-8a93-8d529b3aabc8@group-268205D479E0-SegmentedRaftLogWorker] INFO  segmented.SegmentedRaftLogWorker (SegmentedRaftLogWorker.java:execute(629)) - 543aeec3-c74a-41c2-8a93-8d529b3aabc8@group-268205D479E0-SegmentedRaftLogWorker: created new log segment /home/runner/work/ozone/ozone/hadoop-ozone/integration-test/target/test-dir/MiniOzoneClusterImpl-589494f2-24de-4a8c-8650-9a890bc48d46/datanode-0/data/ratis/7dacce43-4f31-4a97-b5bc-268205d479e0/current/log_inprogress_0
2022-06-15 07:34:01,956 [543aeec3-c74a-41c2-8a93-8d529b3aabc8@group-268205D479E0-LeaderElection3] INFO  server.RaftServer$Division (ServerState.java:setRaftConf(393)) - 543aeec3-c74a-41c2-8a93-8d529b3aabc8@group-268205D479E0: set configuration 0: [543aeec3-c74a-41c2-8a93-8d529b3aabc8|rpc:10.1.0.11:41193|dataStream:|priority:1], old=null
2022-06-15 07:34:01,968 [543aeec3-c74a-41c2-8a93-8d529b3aabc8@group-268205D479E0-StateMachineUpdater] INFO  ratis.ContainerStateMachine (ContainerStateMachine.java:takeSnapshot(304)) - group-268205D479E0: Taking a snapshot at:(t:1, i:0) file /home/runner/work/ozone/ozone/hadoop-ozone/integration-test/target/test-dir/MiniOzoneClusterImpl-589494f2-24de-4a8c-8650-9a890bc48d46/datanode-0/data/ratis/7dacce43-4f31-4a97-b5bc-268205d479e0/sm/snapshot.1_0
2022-06-15 07:34:01,969 [b0a9d56e-b544-41cd-b2b1-b34d126127d5-server-thread1] INFO  ratis.XceiverServerRatis (XceiverServerRatis.java:handleLeaderChangedNotification(863)) - Leader change notification received for group: group-114DF2E904AF with new leaderId: 543aeec3-c74a-41c2-8a93-8d529b3aabc8
2022-06-15 07:34:01,969 [b0a9d56e-b544-41cd-b2b1-b34d126127d5-server-thread1] INFO  server.RaftServer$Division (ServerState.java:setLeader(287)) - b0a9d56e-b544-41cd-b2b1-b34d126127d5@group-114DF2E904AF: change Leader from null to 543aeec3-c74a-41c2-8a93-8d529b3aabc8 at term 1 for appendEntries, leader elected after 4608ms
2022-06-15 07:34:02,000 [657a5ecd-0fe1-496e-aa3e-85dbaec35512-server-thread1] INFO  ratis.XceiverServerRatis (XceiverServerRatis.java:handleLeaderChangedNotification(863)) - Leader change notification received for group: group-114DF2E904AF with new leaderId: 543aeec3-c74a-41c2-8a93-8d529b3aabc8
2022-06-15 07:34:02,001 [657a5ecd-0fe1-496e-aa3e-85dbaec35512-server-thread1] INFO  server.RaftServer$Division (ServerState.java:setLeader(287)) - 657a5ecd-0fe1-496e-aa3e-85dbaec35512@group-114DF2E904AF: change Leader from null to 543aeec3-c74a-41c2-8a93-8d529b3aabc8 at term 1 for appendEntries, leader elected after 4573ms
2022-06-15 07:34:02,006 [b0a9d56e-b544-41cd-b2b1-b34d126127d5-server-thread1] INFO  server.RaftServer$Division (ServerState.java:setRaftConf(393)) - b0a9d56e-b544-41cd-b2b1-b34d126127d5@group-114DF2E904AF: set configuration 0: [b0a9d56e-b544-41cd-b2b1-b34d126127d5|rpc:10.1.0.11:34765|dataStream:|priority:0, 657a5ecd-0fe1-496e-aa3e-85dbaec35512|rpc:10.1.0.11:33757|dataStream:|priority:0, 543aeec3-c74a-41c2-8a93-8d529b3aabc8|rpc:10.1.0.11:41193|dataStream:|priority:1], old=null
2022-06-15 07:34:02,006 [657a5ecd-0fe1-496e-aa3e-85dbaec35512-server-thread1] INFO  server.RaftServer$Division (ServerState.java:setRaftConf(393)) - 657a5ecd-0fe1-496e-aa3e-85dbaec35512@group-114DF2E904AF: set configuration 0: [b0a9d56e-b544-41cd-b2b1-b34d126127d5|rpc:10.1.0.11:34765|dataStream:|priority:0, 657a5ecd-0fe1-496e-aa3e-85dbaec35512|rpc:10.1.0.11:33757|dataStream:|priority:0, 543aeec3-c74a-41c2-8a93-8d529b3aabc8|rpc:10.1.0.11:41193|dataStream:|priority:1], old=null
2022-06-15 07:34:02,007 [657a5ecd-0fe1-496e-aa3e-85dbaec35512-server-thread1] INFO  segmented.SegmentedRaftLogWorker (SegmentedRaftLogWorker.java:startLogSegment(425)) - 657a5ecd-0fe1-496e-aa3e-85dbaec35512@group-114DF2E904AF-SegmentedRaftLogWorker: Starting segment from index:0
2022-06-15 07:34:02,010 [b0a9d56e-b544-41cd-b2b1-b34d126127d5-server-thread1] INFO  segmented.SegmentedRaftLogWorker (SegmentedRaftLogWorker.java:startLogSegment(425)) - b0a9d56e-b544-41cd-b2b1-b34d126127d5@group-114DF2E904AF-SegmentedRaftLogWorker: Starting segment from index:0
2022-06-15 07:34:02,011 [657a5ecd-0fe1-496e-aa3e-85dbaec35512@group-114DF2E904AF-SegmentedRaftLogWorker] INFO  segmented.SegmentedRaftLogWorker (SegmentedRaftLogWorker.java:execute(629)) - 657a5ecd-0fe1-496e-aa3e-85dbaec35512@group-114DF2E904AF-SegmentedRaftLogWorker: created new log segment /home/runner/work/ozone/ozone/hadoop-ozone/integration-test/target/test-dir/MiniOzoneClusterImpl-589494f2-24de-4a8c-8650-9a890bc48d46/datanode-2/data/ratis/83aa0ae5-c647-4842-ba01-114df2e904af/current/log_inprogress_0
2022-06-15 07:34:02,012 [b0a9d56e-b544-41cd-b2b1-b34d126127d5@group-114DF2E904AF-SegmentedRaftLogWorker] INFO  segmented.SegmentedRaftLogWorker (SegmentedRaftLogWorker.java:execute(629)) - b0a9d56e-b544-41cd-b2b1-b34d126127d5@group-114DF2E904AF-SegmentedRaftLogWorker: created new log segment /home/runner/work/ozone/ozone/hadoop-ozone/integration-test/target/test-dir/MiniOzoneClusterImpl-589494f2-24de-4a8c-8650-9a890bc48d46/datanode-1/data/ratis/83aa0ae5-c647-4842-ba01-114df2e904af/current/log_inprogress_0
2022-06-15 07:34:02,026 [543aeec3-c74a-41c2-8a93-8d529b3aabc8@group-268205D479E0-StateMachineUpdater] INFO  ratis.ContainerStateMachine (ContainerStateMachine.java:takeSnapshot(315)) - group-268205D479E0: Finished taking a snapshot at:(t:1, i:0) file:/home/runner/work/ozone/ozone/hadoop-ozone/integration-test/target/test-dir/MiniOzoneClusterImpl-589494f2-24de-4a8c-8650-9a890bc48d46/datanode-0/data/ratis/7dacce43-4f31-4a97-b5bc-268205d479e0/sm/snapshot.1_0 took: 59 ms
2022-06-15 07:34:02,028 [543aeec3-c74a-41c2-8a93-8d529b3aabc8@group-268205D479E0-StateMachineUpdater] INFO  impl.StateMachineUpdater (StateMachineUpdater.java:takeSnapshot(287)) - 543aeec3-c74a-41c2-8a93-8d529b3aabc8@group-268205D479E0-StateMachineUpdater: Took a snapshot at index 0
2022-06-15 07:34:02,028 [543aeec3-c74a-41c2-8a93-8d529b3aabc8@group-268205D479E0-StateMachineUpdater] INFO  impl.StateMachineUpdater (StateMachineUpdater.java:lambda$new$0(92)) - 543aeec3-c74a-41c2-8a93-8d529b3aabc8@group-268205D479E0-StateMachineUpdater: snapshotIndex: updateIncreasingly -1 -> 0
2022-06-15 07:34:02,028 [543aeec3-c74a-41c2-8a93-8d529b3aabc8@group-114DF2E904AF-StateMachineUpdater] INFO  ratis.ContainerStateMachine (ContainerStateMachine.java:takeSnapshot(315)) - group-114DF2E904AF: Finished taking a snapshot at:(t:1, i:0) file:/home/runner/work/ozone/ozone/hadoop-ozone/integration-test/target/test-dir/MiniOzoneClusterImpl-589494f2-24de-4a8c-8650-9a890bc48d46/datanode-0/data/ratis/83aa0ae5-c647-4842-ba01-114df2e904af/sm/snapshot.1_0 took: 106 ms
2022-06-15 07:34:02,033 [657a5ecd-0fe1-496e-aa3e-85dbaec35512@group-114DF2E904AF-StateMachineUpdater] INFO  ratis.ContainerStateMachine (ContainerStateMachine.java:takeSnapshot(304)) - group-114DF2E904AF: Taking a snapshot at:(t:1, i:0) file /home/runner/work/ozone/ozone/hadoop-ozone/integration-test/target/test-dir/MiniOzoneClusterImpl-589494f2-24de-4a8c-8650-9a890bc48d46/datanode-2/data/ratis/83aa0ae5-c647-4842-ba01-114df2e904af/sm/snapshot.1_0
2022-06-15 07:34:02,029 [543aeec3-c74a-41c2-8a93-8d529b3aabc8@group-114DF2E904AF-StateMachineUpdater] INFO  impl.StateMachineUpdater (StateMachineUpdater.java:takeSnapshot(287)) - 543aeec3-c74a-41c2-8a93-8d529b3aabc8@group-114DF2E904AF-StateMachineUpdater: Took a snapshot at index 0
2022-06-15 07:34:02,033 [543aeec3-c74a-41c2-8a93-8d529b3aabc8@group-114DF2E904AF-StateMachineUpdater] INFO  impl.StateMachineUpdater (StateMachineUpdater.java:lambda$new$0(92)) - 543aeec3-c74a-41c2-8a93-8d529b3aabc8@group-114DF2E904AF-StateMachineUpdater: snapshotIndex: updateIncreasingly -1 -> 0
2022-06-15 07:34:02,034 [657a5ecd-0fe1-496e-aa3e-85dbaec35512@group-114DF2E904AF-StateMachineUpdater] INFO  ratis.ContainerStateMachine (ContainerStateMachine.java:takeSnapshot(315)) - group-114DF2E904AF: Finished taking a snapshot at:(t:1, i:0) file:/home/runner/work/ozone/ozone/hadoop-ozone/integration-test/target/test-dir/MiniOzoneClusterImpl-589494f2-24de-4a8c-8650-9a890bc48d46/datanode-2/data/ratis/83aa0ae5-c647-4842-ba01-114df2e904af/sm/snapshot.1_0 took: 1 ms
2022-06-15 07:34:02,034 [657a5ecd-0fe1-496e-aa3e-85dbaec35512@group-114DF2E904AF-StateMachineUpdater] INFO  impl.StateMachineUpdater (StateMachineUpdater.java:takeSnapshot(287)) - 657a5ecd-0fe1-496e-aa3e-85dbaec35512@group-114DF2E904AF-StateMachineUpdater: Took a snapshot at index 0
2022-06-15 07:34:02,034 [657a5ecd-0fe1-496e-aa3e-85dbaec35512@group-114DF2E904AF-StateMachineUpdater] INFO  impl.StateMachineUpdater (StateMachineUpdater.java:lambda$new$0(92)) - 657a5ecd-0fe1-496e-aa3e-85dbaec35512@group-114DF2E904AF-StateMachineUpdater: snapshotIndex: updateIncreasingly -1 -> 0
2022-06-15 07:34:02,042 [b0a9d56e-b544-41cd-b2b1-b34d126127d5@group-114DF2E904AF-StateMachineUpdater] INFO  ratis.ContainerStateMachine (ContainerStateMachine.java:takeSnapshot(304)) - group-114DF2E904AF: Taking a snapshot at:(t:1, i:0) file /home/runner/work/ozone/ozone/hadoop-ozone/integration-test/target/test-dir/MiniOzoneClusterImpl-589494f2-24de-4a8c-8650-9a890bc48d46/datanode-1/data/ratis/83aa0ae5-c647-4842-ba01-114df2e904af/sm/snapshot.1_0
2022-06-15 07:34:02,044 [b0a9d56e-b544-41cd-b2b1-b34d126127d5@group-114DF2E904AF-StateMachineUpdater] INFO  ratis.ContainerStateMachine (ContainerStateMachine.java:takeSnapshot(315)) - group-114DF2E904AF: Finished taking a snapshot at:(t:1, i:0) file:/home/runner/work/ozone/ozone/hadoop-ozone/integration-test/target/test-dir/MiniOzoneClusterImpl-589494f2-24de-4a8c-8650-9a890bc48d46/datanode-1/data/ratis/83aa0ae5-c647-4842-ba01-114df2e904af/sm/snapshot.1_0 took: 1 ms
2022-06-15 07:34:02,044 [b0a9d56e-b544-41cd-b2b1-b34d126127d5@group-114DF2E904AF-StateMachineUpdater] INFO  impl.StateMachineUpdater (StateMachineUpdater.java:takeSnapshot(287)) - b0a9d56e-b544-41cd-b2b1-b34d126127d5@group-114DF2E904AF-StateMachineUpdater: Took a snapshot at index 0
2022-06-15 07:34:02,044 [b0a9d56e-b544-41cd-b2b1-b34d126127d5@group-114DF2E904AF-StateMachineUpdater] INFO  impl.StateMachineUpdater (StateMachineUpdater.java:lambda$new$0(92)) - b0a9d56e-b544-41cd-b2b1-b34d126127d5@group-114DF2E904AF-StateMachineUpdater: snapshotIndex: updateIncreasingly -1 -> 0
2022-06-15 07:34:02,396 [b0a9d56e-b544-41cd-b2b1-b34d126127d5@group-94329FDE023D-FollowerState] INFO  impl.FollowerState (FollowerState.java:run(143)) - b0a9d56e-b544-41cd-b2b1-b34d126127d5@group-94329FDE023D-FollowerState: change to CANDIDATE, lastRpcElapsedTime:5056136886ns, electionTimeout:5047ms
2022-06-15 07:34:02,397 [b0a9d56e-b544-41cd-b2b1-b34d126127d5@group-94329FDE023D-FollowerState] INFO  impl.RoleInfo (RoleInfo.java:shutdownFollowerState(110)) - b0a9d56e-b544-41cd-b2b1-b34d126127d5: shutdown b0a9d56e-b544-41cd-b2b1-b34d126127d5@group-94329FDE023D-FollowerState
2022-06-15 07:34:02,397 [b0a9d56e-b544-41cd-b2b1-b34d126127d5@group-94329FDE023D-FollowerState] INFO  server.RaftServer$Division (RaftServerImpl.java:setRole(299)) - b0a9d56e-b544-41cd-b2b1-b34d126127d5@group-94329FDE023D: changes role from  FOLLOWER to CANDIDATE at term 0 for changeToCandidate
2022-06-15 07:34:02,397 [b0a9d56e-b544-41cd-b2b1-b34d126127d5@group-94329FDE023D-FollowerState] INFO  server.RaftServerConfigKeys (ConfUtils.java:logGet(46)) - raft.server.leaderelection.pre-vote = false (custom)
2022-06-15 07:34:02,397 [b0a9d56e-b544-41cd-b2b1-b34d126127d5@group-94329FDE023D-FollowerState] INFO  impl.RoleInfo (RoleInfo.java:updateAndGet(139)) - b0a9d56e-b544-41cd-b2b1-b34d126127d5: start b0a9d56e-b544-41cd-b2b1-b34d126127d5@group-94329FDE023D-LeaderElection4
2022-06-15 07:34:02,411 [b0a9d56e-b544-41cd-b2b1-b34d126127d5@group-94329FDE023D-LeaderElection4] INFO  impl.LeaderElection (LeaderElection.java:askForVotes(310)) - b0a9d56e-b544-41cd-b2b1-b34d126127d5@group-94329FDE023D-LeaderElection4 ELECTION round 0: submit vote requests at term 1 for -1: [b0a9d56e-b544-41cd-b2b1-b34d126127d5|rpc:10.1.0.11:34765|priority:1], old=null
2022-06-15 07:34:02,411 [b0a9d56e-b544-41cd-b2b1-b34d126127d5@group-94329FDE023D-LeaderElection4] INFO  impl.LeaderElection (LeaderElection.java:askForVotes(312)) - b0a9d56e-b544-41cd-b2b1-b34d126127d5@group-94329FDE023D-LeaderElection4 ELECTION round 0: result PASSED (term=1)
2022-06-15 07:34:02,411 [b0a9d56e-b544-41cd-b2b1-b34d126127d5@group-94329FDE023D-LeaderElection4] INFO  impl.RoleInfo (RoleInfo.java:shutdownLeaderElection(130)) - b0a9d56e-b544-41cd-b2b1-b34d126127d5: shutdown b0a9d56e-b544-41cd-b2b1-b34d126127d5@group-94329FDE023D-LeaderElection4
2022-06-15 07:34:02,411 [b0a9d56e-b544-41cd-b2b1-b34d126127d5@group-94329FDE023D-LeaderElection4] INFO  server.RaftServer$Division (RaftServerImpl.java:setRole(299)) - b0a9d56e-b544-41cd-b2b1-b34d126127d5@group-94329FDE023D: changes role from CANDIDATE to LEADER at term 1 for changeToLeader
2022-06-15 07:34:02,411 [b0a9d56e-b544-41cd-b2b1-b34d126127d5@group-94329FDE023D-LeaderElection4] INFO  ratis.XceiverServerRatis (XceiverServerRatis.java:handleLeaderChangedNotification(863)) - Leader change notification received for group: group-94329FDE023D with new leaderId: b0a9d56e-b544-41cd-b2b1-b34d126127d5
2022-06-15 07:34:02,411 [b0a9d56e-b544-41cd-b2b1-b34d126127d5@group-94329FDE023D-LeaderElection4] INFO  server.RaftServer$Division (ServerState.java:setLeader(287)) - b0a9d56e-b544-41cd-b2b1-b34d126127d5@group-94329FDE023D: change Leader from null to b0a9d56e-b544-41cd-b2b1-b34d126127d5 at term 1 for becomeLeader, leader elected after 5110ms
2022-06-15 07:34:02,412 [b0a9d56e-b544-41cd-b2b1-b34d126127d5@group-94329FDE023D-LeaderElection4] INFO  server.RaftServerConfigKeys (ConfUtils.java:logGet(46)) - raft.server.staging.catchup.gap = 1000 (default)
2022-06-15 07:34:02,413 [b0a9d56e-b544-41cd-b2b1-b34d126127d5@group-94329FDE023D-LeaderElection4] INFO  server.RaftServerConfigKeys (ConfUtils.java:logGet(46)) - raft.server.write.element-limit = 1024 (custom)
2022-06-15 07:34:02,413 [b0a9d56e-b544-41cd-b2b1-b34d126127d5@group-94329FDE023D-LeaderElection4] INFO  server.RaftServerConfigKeys (ConfUtils.java:logGet(46)) - raft.server.write.byte-limit = 1024 M (=1073741824) (custom)
2022-06-15 07:34:02,413 [b0a9d56e-b544-41cd-b2b1-b34d126127d5@group-94329FDE023D-LeaderElection4] INFO  server.RaftServerConfigKeys (ConfUtils.java:logGet(46)) - raft.server.watch.timeout = 10000ms (default)
2022-06-15 07:34:02,413 [b0a9d56e-b544-41cd-b2b1-b34d126127d5@group-94329FDE023D-LeaderElection4] INFO  server.RaftServerConfigKeys (ConfUtils.java:logGet(46)) - raft.server.watch.timeout.denomination = 1s (default)
2022-06-15 07:34:02,414 [b0a9d56e-b544-41cd-b2b1-b34d126127d5@group-94329FDE023D-LeaderElection4] INFO  server.RaftServerConfigKeys (ConfUtils.java:logGet(46)) - raft.server.watch.element-limit = 65536 (default)
2022-06-15 07:34:02,414 [b0a9d56e-b544-41cd-b2b1-b34d126127d5@group-94329FDE023D-LeaderElection4] INFO  server.RaftServerConfigKeys (ConfUtils.java:logGet(46)) - raft.server.write.element-limit = 1024 (custom)
2022-06-15 07:34:02,414 [b0a9d56e-b544-41cd-b2b1-b34d126127d5@group-94329FDE023D-LeaderElection4] INFO  server.RaftServerConfigKeys (ConfUtils.java:logGet(46)) - raft.server.write.follower.gap.ratio.max = -1.0 (default)
2022-06-15 07:34:02,414 [b0a9d56e-b544-41cd-b2b1-b34d126127d5@group-94329FDE023D-LeaderElection4] INFO  impl.RoleInfo (RoleInfo.java:updateAndGet(139)) - b0a9d56e-b544-41cd-b2b1-b34d126127d5: start b0a9d56e-b544-41cd-b2b1-b34d126127d5@group-94329FDE023D-LeaderStateImpl
2022-06-15 07:34:02,414 [b0a9d56e-b544-41cd-b2b1-b34d126127d5@group-94329FDE023D-LeaderElection4] INFO  segmented.SegmentedRaftLogWorker (SegmentedRaftLogWorker.java:startLogSegment(425)) - b0a9d56e-b544-41cd-b2b1-b34d126127d5@group-94329FDE023D-SegmentedRaftLogWorker: Starting segment from index:0
2022-06-15 07:34:02,420 [b0a9d56e-b544-41cd-b2b1-b34d126127d5@group-94329FDE023D-LeaderElection4] INFO  server.RaftServer$Division (ServerState.java:setRaftConf(393)) - b0a9d56e-b544-41cd-b2b1-b34d126127d5@group-94329FDE023D: set configuration 0: [b0a9d56e-b544-41cd-b2b1-b34d126127d5|rpc:10.1.0.11:34765|dataStream:|priority:1], old=null
2022-06-15 07:34:02,421 [b0a9d56e-b544-41cd-b2b1-b34d126127d5@group-94329FDE023D-SegmentedRaftLogWorker] INFO  segmented.SegmentedRaftLogWorker (SegmentedRaftLogWorker.java:execute(629)) - b0a9d56e-b544-41cd-b2b1-b34d126127d5@group-94329FDE023D-SegmentedRaftLogWorker: created new log segment /home/runner/work/ozone/ozone/hadoop-ozone/integration-test/target/test-dir/MiniOzoneClusterImpl-589494f2-24de-4a8c-8650-9a890bc48d46/datanode-1/data/ratis/14bec593-f120-4695-8110-94329fde023d/current/log_inprogress_0
2022-06-15 07:34:02,423 [b0a9d56e-b544-41cd-b2b1-b34d126127d5@group-94329FDE023D-StateMachineUpdater] INFO  ratis.ContainerStateMachine (ContainerStateMachine.java:takeSnapshot(304)) - group-94329FDE023D: Taking a snapshot at:(t:1, i:0) file /home/runner/work/ozone/ozone/hadoop-ozone/integration-test/target/test-dir/MiniOzoneClusterImpl-589494f2-24de-4a8c-8650-9a890bc48d46/datanode-1/data/ratis/14bec593-f120-4695-8110-94329fde023d/sm/snapshot.1_0
2022-06-15 07:34:02,423 [b0a9d56e-b544-41cd-b2b1-b34d126127d5@group-94329FDE023D-StateMachineUpdater] INFO  ratis.ContainerStateMachine (ContainerStateMachine.java:takeSnapshot(315)) - group-94329FDE023D: Finished taking a snapshot at:(t:1, i:0) file:/home/runner/work/ozone/ozone/hadoop-ozone/integration-test/target/test-dir/MiniOzoneClusterImpl-589494f2-24de-4a8c-8650-9a890bc48d46/datanode-1/data/ratis/14bec593-f120-4695-8110-94329fde023d/sm/snapshot.1_0 took: 1 ms
2022-06-15 07:34:02,424 [b0a9d56e-b544-41cd-b2b1-b34d126127d5@group-94329FDE023D-StateMachineUpdater] INFO  impl.StateMachineUpdater (StateMachineUpdater.java:takeSnapshot(287)) - b0a9d56e-b544-41cd-b2b1-b34d126127d5@group-94329FDE023D-StateMachineUpdater: Took a snapshot at index 0
2022-06-15 07:34:02,424 [b0a9d56e-b544-41cd-b2b1-b34d126127d5@group-94329FDE023D-StateMachineUpdater] INFO  impl.StateMachineUpdater (StateMachineUpdater.java:lambda$new$0(92)) - b0a9d56e-b544-41cd-b2b1-b34d126127d5@group-94329FDE023D-StateMachineUpdater: snapshotIndex: updateIncreasingly -1 -> 0
2022-06-15 07:34:02,518 [Listener at 127.0.0.1/34461] INFO  rpc.RpcClient (RpcClient.java:createVolume(466)) - Creating Volume: testcontainerstatemachinefailures, with runner as owner and space quota set to -1 bytes, counts quota set to -1
2022-06-15 07:34:02,572 [OM StateMachine ApplyTransaction Thread - 0] INFO  volume.OMVolumeCreateRequest (OMVolumeCreateRequest.java:validateAndUpdateCache(195)) - created volume:testcontainerstatemachinefailures for user:runner
2022-06-15 07:34:02,599 [Listener at 127.0.0.1/34461] INFO  rpc.RpcClient (RpcClient.java:createBucket(666)) - Creating Bucket: testcontainerstatemachinefailures/testcontainerstatemachinefailures, with the Bucket Layout null, runner as owner, Versioning false, Storage Type set to DISK and Encryption set to false 
2022-06-15 07:34:02,605 [543aeec3-c74a-41c2-8a93-8d529b3aabc8@group-DEDC8EEB63DA-FollowerState] INFO  impl.FollowerState (FollowerState.java:run(143)) - 543aeec3-c74a-41c2-8a93-8d529b3aabc8@group-DEDC8EEB63DA-FollowerState: change to CANDIDATE, lastRpcElapsedTime:5019732248ns, electionTimeout:5015ms
2022-06-15 07:34:02,605 [543aeec3-c74a-41c2-8a93-8d529b3aabc8@group-DEDC8EEB63DA-FollowerState] INFO  impl.RoleInfo (RoleInfo.java:shutdownFollowerState(110)) - 543aeec3-c74a-41c2-8a93-8d529b3aabc8: shutdown 543aeec3-c74a-41c2-8a93-8d529b3aabc8@group-DEDC8EEB63DA-FollowerState
2022-06-15 07:34:02,606 [543aeec3-c74a-41c2-8a93-8d529b3aabc8@group-DEDC8EEB63DA-FollowerState] INFO  server.RaftServer$Division (RaftServerImpl.java:setRole(299)) - 543aeec3-c74a-41c2-8a93-8d529b3aabc8@group-DEDC8EEB63DA: changes role from  FOLLOWER to CANDIDATE at term 0 for changeToCandidate
2022-06-15 07:34:02,606 [543aeec3-c74a-41c2-8a93-8d529b3aabc8@group-DEDC8EEB63DA-FollowerState] INFO  server.RaftServerConfigKeys (ConfUtils.java:logGet(46)) - raft.server.leaderelection.pre-vote = false (custom)
2022-06-15 07:34:02,606 [543aeec3-c74a-41c2-8a93-8d529b3aabc8@group-DEDC8EEB63DA-FollowerState] INFO  impl.RoleInfo (RoleInfo.java:updateAndGet(139)) - 543aeec3-c74a-41c2-8a93-8d529b3aabc8: start 543aeec3-c74a-41c2-8a93-8d529b3aabc8@group-DEDC8EEB63DA-LeaderElection5
2022-06-15 07:34:02,622 [543aeec3-c74a-41c2-8a93-8d529b3aabc8@group-DEDC8EEB63DA-LeaderElection5] INFO  impl.LeaderElection (LeaderElection.java:askForVotes(310)) - 543aeec3-c74a-41c2-8a93-8d529b3aabc8@group-DEDC8EEB63DA-LeaderElection5 ELECTION round 0: submit vote requests at term 1 for -1: [b0a9d56e-b544-41cd-b2b1-b34d126127d5|rpc:10.1.0.11:34765|priority:1, 657a5ecd-0fe1-496e-aa3e-85dbaec35512|rpc:10.1.0.11:33757|priority:0, 543aeec3-c74a-41c2-8a93-8d529b3aabc8|rpc:10.1.0.11:41193|priority:0], old=null
2022-06-15 07:34:02,625 [OM StateMachine ApplyTransaction Thread - 0] INFO  bucket.OMBucketCreateRequest (OMBucketCreateRequest.java:validateAndUpdateCache(260)) - created bucket: testcontainerstatemachinefailures of layout LEGACY in volume: testcontainerstatemachinefailures
2022-06-15 07:34:02,643 [grpc-default-executor-2] INFO  server.RaftServer$Division (RaftServerImpl.java:requestVote(1152)) - b0a9d56e-b544-41cd-b2b1-b34d126127d5@group-DEDC8EEB63DA: receive requestVote(ELECTION, 543aeec3-c74a-41c2-8a93-8d529b3aabc8, group-DEDC8EEB63DA, 1, (t:0, i:0))
2022-06-15 07:34:02,643 [grpc-default-executor-2] INFO  impl.VoteContext (VoteContext.java:log(48)) - b0a9d56e-b544-41cd-b2b1-b34d126127d5@group-DEDC8EEB63DA-FOLLOWER: reject ELECTION from 543aeec3-c74a-41c2-8a93-8d529b3aabc8: our priority 1 > candidate's priority 0
2022-06-15 07:34:02,643 [grpc-default-executor-2] INFO  server.RaftServer$Division (RaftServerImpl.java:setRole(299)) - b0a9d56e-b544-41cd-b2b1-b34d126127d5@group-DEDC8EEB63DA: changes role from  FOLLOWER to FOLLOWER at term 1 for candidate:543aeec3-c74a-41c2-8a93-8d529b3aabc8
2022-06-15 07:34:02,643 [grpc-default-executor-2] INFO  impl.RoleInfo (RoleInfo.java:shutdownFollowerState(110)) - b0a9d56e-b544-41cd-b2b1-b34d126127d5: shutdown b0a9d56e-b544-41cd-b2b1-b34d126127d5@group-DEDC8EEB63DA-FollowerState
2022-06-15 07:34:02,643 [grpc-default-executor-2] INFO  impl.RoleInfo (RoleInfo.java:updateAndGet(139)) - b0a9d56e-b544-41cd-b2b1-b34d126127d5: start b0a9d56e-b544-41cd-b2b1-b34d126127d5@group-DEDC8EEB63DA-FollowerState
2022-06-15 07:34:02,643 [b0a9d56e-b544-41cd-b2b1-b34d126127d5@group-DEDC8EEB63DA-FollowerState] INFO  impl.FollowerState (FollowerState.java:run(152)) - b0a9d56e-b544-41cd-b2b1-b34d126127d5@group-DEDC8EEB63DA-FollowerState was interrupted
2022-06-15 07:34:02,658 [grpc-default-executor-2] INFO  server.RaftServer$Division (RaftServerImpl.java:requestVote(1184)) - b0a9d56e-b544-41cd-b2b1-b34d126127d5@group-DEDC8EEB63DA replies to ELECTION vote request: 543aeec3-c74a-41c2-8a93-8d529b3aabc8<-b0a9d56e-b544-41cd-b2b1-b34d126127d5#0:FAIL-t1. Peer's state: b0a9d56e-b544-41cd-b2b1-b34d126127d5@group-DEDC8EEB63DA:t1, leader=null, voted=null, raftlog=b0a9d56e-b544-41cd-b2b1-b34d126127d5@group-DEDC8EEB63DA-SegmentedRaftLog:OPENED:c-1, conf=-1: [b0a9d56e-b544-41cd-b2b1-b34d126127d5|rpc:10.1.0.11:34765|priority:1, 657a5ecd-0fe1-496e-aa3e-85dbaec35512|rpc:10.1.0.11:33757|priority:0, 543aeec3-c74a-41c2-8a93-8d529b3aabc8|rpc:10.1.0.11:41193|priority:0], old=null
2022-06-15 07:34:02,663 [543aeec3-c74a-41c2-8a93-8d529b3aabc8@group-DEDC8EEB63DA-LeaderElection5] INFO  impl.LeaderElection (LeaderElection.java:logAndReturn(90)) - 543aeec3-c74a-41c2-8a93-8d529b3aabc8@group-DEDC8EEB63DA-LeaderElection5: ELECTION REJECTED received 1 response(s) and 0 exception(s):
2022-06-15 07:34:02,663 [543aeec3-c74a-41c2-8a93-8d529b3aabc8@group-DEDC8EEB63DA-LeaderElection5] INFO  impl.LeaderElection (LeaderElection.java:logAndReturn(94)) -   Response 0: 543aeec3-c74a-41c2-8a93-8d529b3aabc8<-b0a9d56e-b544-41cd-b2b1-b34d126127d5#0:FAIL-t1
2022-06-15 07:34:02,663 [543aeec3-c74a-41c2-8a93-8d529b3aabc8@group-DEDC8EEB63DA-LeaderElection5] INFO  impl.LeaderElection (LeaderElection.java:askForVotes(312)) - 543aeec3-c74a-41c2-8a93-8d529b3aabc8@group-DEDC8EEB63DA-LeaderElection5 ELECTION round 0: result REJECTED
2022-06-15 07:34:02,663 [543aeec3-c74a-41c2-8a93-8d529b3aabc8@group-DEDC8EEB63DA-LeaderElection5] INFO  server.RaftServer$Division (RaftServerImpl.java:setRole(299)) - 543aeec3-c74a-41c2-8a93-8d529b3aabc8@group-DEDC8EEB63DA: changes role from CANDIDATE to FOLLOWER at term 1 for REJECTED
2022-06-15 07:34:02,663 [543aeec3-c74a-41c2-8a93-8d529b3aabc8@group-DEDC8EEB63DA-LeaderElection5] INFO  impl.RoleInfo (RoleInfo.java:shutdownLeaderElection(130)) - 543aeec3-c74a-41c2-8a93-8d529b3aabc8: shutdown 543aeec3-c74a-41c2-8a93-8d529b3aabc8@group-DEDC8EEB63DA-LeaderElection5
2022-06-15 07:34:02,663 [543aeec3-c74a-41c2-8a93-8d529b3aabc8@group-DEDC8EEB63DA-LeaderElection5] INFO  impl.RoleInfo (RoleInfo.java:updateAndGet(139)) - 543aeec3-c74a-41c2-8a93-8d529b3aabc8: start 543aeec3-c74a-41c2-8a93-8d529b3aabc8@group-DEDC8EEB63DA-FollowerState
2022-06-15 07:34:02,672 [grpc-default-executor-1] INFO  server.RaftServer$Division (RaftServerImpl.java:requestVote(1152)) - 657a5ecd-0fe1-496e-aa3e-85dbaec35512@group-DEDC8EEB63DA: receive requestVote(ELECTION, 543aeec3-c74a-41c2-8a93-8d529b3aabc8, group-DEDC8EEB63DA, 1, (t:0, i:0))
2022-06-15 07:34:02,677 [grpc-default-executor-1] INFO  impl.VoteContext (VoteContext.java:log(48)) - 657a5ecd-0fe1-496e-aa3e-85dbaec35512@group-DEDC8EEB63DA-FOLLOWER: accept ELECTION from 543aeec3-c74a-41c2-8a93-8d529b3aabc8: our priority 0 <= candidate's priority 0
2022-06-15 07:34:02,677 [grpc-default-executor-1] INFO  server.RaftServer$Division (RaftServerImpl.java:setRole(299)) - 657a5ecd-0fe1-496e-aa3e-85dbaec35512@group-DEDC8EEB63DA: changes role from  FOLLOWER to FOLLOWER at term 1 for candidate:543aeec3-c74a-41c2-8a93-8d529b3aabc8
2022-06-15 07:34:02,677 [grpc-default-executor-1] INFO  impl.RoleInfo (RoleInfo.java:shutdownFollowerState(110)) - 657a5ecd-0fe1-496e-aa3e-85dbaec35512: shutdown 657a5ecd-0fe1-496e-aa3e-85dbaec35512@group-DEDC8EEB63DA-FollowerState
2022-06-15 07:34:02,677 [grpc-default-executor-1] INFO  impl.RoleInfo (RoleInfo.java:updateAndGet(139)) - 657a5ecd-0fe1-496e-aa3e-85dbaec35512: start 657a5ecd-0fe1-496e-aa3e-85dbaec35512@group-DEDC8EEB63DA-FollowerState
2022-06-15 07:34:02,677 [657a5ecd-0fe1-496e-aa3e-85dbaec35512@group-DEDC8EEB63DA-FollowerState] INFO  impl.FollowerState (FollowerState.java:run(152)) - 657a5ecd-0fe1-496e-aa3e-85dbaec35512@group-DEDC8EEB63DA-FollowerState was interrupted
2022-06-15 07:34:02,685 [grpc-default-executor-1] INFO  server.RaftServer$Division (RaftServerImpl.java:requestVote(1184)) - 657a5ecd-0fe1-496e-aa3e-85dbaec35512@group-DEDC8EEB63DA replies to ELECTION vote request: 543aeec3-c74a-41c2-8a93-8d529b3aabc8<-657a5ecd-0fe1-496e-aa3e-85dbaec35512#0:OK-t1. Peer's state: 657a5ecd-0fe1-496e-aa3e-85dbaec35512@group-DEDC8EEB63DA:t1, leader=null, voted=543aeec3-c74a-41c2-8a93-8d529b3aabc8, raftlog=657a5ecd-0fe1-496e-aa3e-85dbaec35512@group-DEDC8EEB63DA-SegmentedRaftLog:OPENED:c-1, conf=-1: [b0a9d56e-b544-41cd-b2b1-b34d126127d5|rpc:10.1.0.11:34765|dataStream:|priority:1, 657a5ecd-0fe1-496e-aa3e-85dbaec35512|rpc:10.1.0.11:33757|dataStream:|priority:0, 543aeec3-c74a-41c2-8a93-8d529b3aabc8|rpc:10.1.0.11:41193|dataStream:|priority:0], old=null
2022-06-15 07:34:02,749 [IPC Server handler 5 on default port 39011] INFO  ha.SequenceIdGenerator (SequenceIdGenerator.java:getNextId(127)) - Allocate a batch for containerId, change lastId from 0 to 1000.
2022-06-15 07:34:02,760 [IPC Server handler 5 on default port 39011] WARN  ha.SequenceIdGenerator (SequenceIdGenerator.java:allocateBatch(235)) - Failed to allocate a batch for localId, expected lastId is 0, actual lastId is 109611004723200000.
2022-06-15 07:34:02,760 [IPC Server handler 5 on default port 39011] INFO  ha.SequenceIdGenerator (SequenceIdGenerator.java:getNextId(127)) - Allocate a batch for localId, change lastId from 109611004723200000 to 109611004723201000.
2022-06-15 07:34:02,837 [657a5ecd-0fe1-496e-aa3e-85dbaec35512@group-95EDDBE0049E-FollowerState] INFO  impl.FollowerState (FollowerState.java:run(143)) - 657a5ecd-0fe1-496e-aa3e-85dbaec35512@group-95EDDBE0049E-FollowerState: change to CANDIDATE, lastRpcElapsedTime:5160968751ns, electionTimeout:5158ms
2022-06-15 07:34:02,839 [657a5ecd-0fe1-496e-aa3e-85dbaec35512@group-95EDDBE0049E-FollowerState] INFO  impl.RoleInfo (RoleInfo.java:shutdownFollowerState(110)) - 657a5ecd-0fe1-496e-aa3e-85dbaec35512: shutdown 657a5ecd-0fe1-496e-aa3e-85dbaec35512@group-95EDDBE0049E-FollowerState
2022-06-15 07:34:02,839 [Listener at 127.0.0.1/34461] INFO  impl.MetricsSystemImpl (MetricsSystemImpl.java:init(158)) - XceiverClientMetrics metrics system started (again)
2022-06-15 07:34:02,839 [657a5ecd-0fe1-496e-aa3e-85dbaec35512@group-95EDDBE0049E-FollowerState] INFO  server.RaftServer$Division (RaftServerImpl.java:setRole(299)) - 657a5ecd-0fe1-496e-aa3e-85dbaec35512@group-95EDDBE0049E: changes role from  FOLLOWER to CANDIDATE at term 0 for changeToCandidate
2022-06-15 07:34:02,839 [657a5ecd-0fe1-496e-aa3e-85dbaec35512@group-95EDDBE0049E-FollowerState] INFO  server.RaftServerConfigKeys (ConfUtils.java:logGet(46)) - raft.server.leaderelection.pre-vote = false (custom)
2022-06-15 07:34:02,839 [657a5ecd-0fe1-496e-aa3e-85dbaec35512@group-95EDDBE0049E-FollowerState] INFO  impl.RoleInfo (RoleInfo.java:updateAndGet(139)) - 657a5ecd-0fe1-496e-aa3e-85dbaec35512: start 657a5ecd-0fe1-496e-aa3e-85dbaec35512@group-95EDDBE0049E-LeaderElection6
2022-06-15 07:34:02,846 [657a5ecd-0fe1-496e-aa3e-85dbaec35512@group-95EDDBE0049E-LeaderElection6] INFO  impl.LeaderElection (LeaderElection.java:askForVotes(310)) - 657a5ecd-0fe1-496e-aa3e-85dbaec35512@group-95EDDBE0049E-LeaderElection6 ELECTION round 0: submit vote requests at term 1 for -1: [657a5ecd-0fe1-496e-aa3e-85dbaec35512|rpc:10.1.0.11:33757|priority:1], old=null
2022-06-15 07:34:02,846 [657a5ecd-0fe1-496e-aa3e-85dbaec35512@group-95EDDBE0049E-LeaderElection6] INFO  impl.LeaderElection (LeaderElection.java:askForVotes(312)) - 657a5ecd-0fe1-496e-aa3e-85dbaec35512@group-95EDDBE0049E-LeaderElection6 ELECTION round 0: result PASSED (term=1)
2022-06-15 07:34:02,846 [657a5ecd-0fe1-496e-aa3e-85dbaec35512@group-95EDDBE0049E-LeaderElection6] INFO  impl.RoleInfo (RoleInfo.java:shutdownLeaderElection(130)) - 657a5ecd-0fe1-496e-aa3e-85dbaec35512: shutdown 657a5ecd-0fe1-496e-aa3e-85dbaec35512@group-95EDDBE0049E-LeaderElection6
2022-06-15 07:34:02,846 [657a5ecd-0fe1-496e-aa3e-85dbaec35512@group-95EDDBE0049E-LeaderElection6] INFO  server.RaftServer$Division (RaftServerImpl.java:setRole(299)) - 657a5ecd-0fe1-496e-aa3e-85dbaec35512@group-95EDDBE0049E: changes role from CANDIDATE to LEADER at term 1 for changeToLeader
2022-06-15 07:34:02,846 [657a5ecd-0fe1-496e-aa3e-85dbaec35512@group-95EDDBE0049E-LeaderElection6] INFO  ratis.XceiverServerRatis (XceiverServerRatis.java:handleLeaderChangedNotification(863)) - Leader change notification received for group: group-95EDDBE0049E with new leaderId: 657a5ecd-0fe1-496e-aa3e-85dbaec35512
2022-06-15 07:34:02,846 [657a5ecd-0fe1-496e-aa3e-85dbaec35512@group-95EDDBE0049E-LeaderElection6] INFO  server.RaftServer$Division (ServerState.java:setLeader(287)) - 657a5ecd-0fe1-496e-aa3e-85dbaec35512@group-95EDDBE0049E: change Leader from null to 657a5ecd-0fe1-496e-aa3e-85dbaec35512 at term 1 for becomeLeader, leader elected after 5239ms
2022-06-15 07:34:02,846 [657a5ecd-0fe1-496e-aa3e-85dbaec35512@group-95EDDBE0049E-LeaderElection6] INFO  server.RaftServerConfigKeys (ConfUtils.java:logGet(46)) - raft.server.staging.catchup.gap = 1000 (default)
2022-06-15 07:34:02,850 [657a5ecd-0fe1-496e-aa3e-85dbaec35512@group-95EDDBE0049E-LeaderElection6] INFO  server.RaftServerConfigKeys (ConfUtils.java:logGet(46)) - raft.server.write.element-limit = 1024 (custom)
2022-06-15 07:34:02,850 [657a5ecd-0fe1-496e-aa3e-85dbaec35512@group-95EDDBE0049E-LeaderElection6] INFO  server.RaftServerConfigKeys (ConfUtils.java:logGet(46)) - raft.server.write.byte-limit = 1024 M (=1073741824) (custom)
2022-06-15 07:34:02,851 [657a5ecd-0fe1-496e-aa3e-85dbaec35512@group-95EDDBE0049E-LeaderElection6] INFO  server.RaftServerConfigKeys (ConfUtils.java:logGet(46)) - raft.server.watch.timeout = 10000ms (default)
2022-06-15 07:34:02,851 [657a5ecd-0fe1-496e-aa3e-85dbaec35512@group-95EDDBE0049E-LeaderElection6] INFO  server.RaftServerConfigKeys (ConfUtils.java:logGet(46)) - raft.server.watch.timeout.denomination = 1s (default)
2022-06-15 07:34:02,851 [657a5ecd-0fe1-496e-aa3e-85dbaec35512@group-95EDDBE0049E-LeaderElection6] INFO  server.RaftServerConfigKeys (ConfUtils.java:logGet(46)) - raft.server.watch.element-limit = 65536 (default)
2022-06-15 07:34:02,851 [657a5ecd-0fe1-496e-aa3e-85dbaec35512@group-95EDDBE0049E-LeaderElection6] INFO  server.RaftServerConfigKeys (ConfUtils.java:logGet(46)) - raft.server.write.element-limit = 1024 (custom)
2022-06-15 07:34:02,851 [657a5ecd-0fe1-496e-aa3e-85dbaec35512@group-95EDDBE0049E-LeaderElection6] INFO  server.RaftServerConfigKeys (ConfUtils.java:logGet(46)) - raft.server.write.follower.gap.ratio.max = -1.0 (default)
2022-06-15 07:34:02,851 [657a5ecd-0fe1-496e-aa3e-85dbaec35512@group-95EDDBE0049E-LeaderElection6] INFO  impl.RoleInfo (RoleInfo.java:updateAndGet(139)) - 657a5ecd-0fe1-496e-aa3e-85dbaec35512: start 657a5ecd-0fe1-496e-aa3e-85dbaec35512@group-95EDDBE0049E-LeaderStateImpl
2022-06-15 07:34:02,852 [657a5ecd-0fe1-496e-aa3e-85dbaec35512@group-95EDDBE0049E-LeaderElection6] INFO  segmented.SegmentedRaftLogWorker (SegmentedRaftLogWorker.java:startLogSegment(425)) - 657a5ecd-0fe1-496e-aa3e-85dbaec35512@group-95EDDBE0049E-SegmentedRaftLogWorker: Starting segment from index:0
2022-06-15 07:34:02,859 [657a5ecd-0fe1-496e-aa3e-85dbaec35512@group-95EDDBE0049E-SegmentedRaftLogWorker] INFO  segmented.SegmentedRaftLogWorker (SegmentedRaftLogWorker.java:execute(629)) - 657a5ecd-0fe1-496e-aa3e-85dbaec35512@group-95EDDBE0049E-SegmentedRaftLogWorker: created new log segment /home/runner/work/ozone/ozone/hadoop-ozone/integration-test/target/test-dir/MiniOzoneClusterImpl-589494f2-24de-4a8c-8650-9a890bc48d46/datanode-2/data/ratis/499f634c-e1b9-41ad-ac9d-95eddbe0049e/current/log_inprogress_0
2022-06-15 07:34:02,862 [657a5ecd-0fe1-496e-aa3e-85dbaec35512@group-95EDDBE0049E-LeaderElection6] INFO  server.RaftServer$Division (ServerState.java:setRaftConf(393)) - 657a5ecd-0fe1-496e-aa3e-85dbaec35512@group-95EDDBE0049E: set configuration 0: [657a5ecd-0fe1-496e-aa3e-85dbaec35512|rpc:10.1.0.11:33757|dataStream:|priority:1], old=null
2022-06-15 07:34:02,863 [657a5ecd-0fe1-496e-aa3e-85dbaec35512@group-95EDDBE0049E-StateMachineUpdater] INFO  ratis.ContainerStateMachine (ContainerStateMachine.java:takeSnapshot(304)) - group-95EDDBE0049E: Taking a snapshot at:(t:1, i:0) file /home/runner/work/ozone/ozone/hadoop-ozone/integration-test/target/test-dir/MiniOzoneClusterImpl-589494f2-24de-4a8c-8650-9a890bc48d46/datanode-2/data/ratis/499f634c-e1b9-41ad-ac9d-95eddbe0049e/sm/snapshot.1_0
2022-06-15 07:34:02,864 [657a5ecd-0fe1-496e-aa3e-85dbaec35512@group-95EDDBE0049E-StateMachineUpdater] INFO  ratis.ContainerStateMachine (ContainerStateMachine.java:takeSnapshot(315)) - group-95EDDBE0049E: Finished taking a snapshot at:(t:1, i:0) file:/home/runner/work/ozone/ozone/hadoop-ozone/integration-test/target/test-dir/MiniOzoneClusterImpl-589494f2-24de-4a8c-8650-9a890bc48d46/datanode-2/data/ratis/499f634c-e1b9-41ad-ac9d-95eddbe0049e/sm/snapshot.1_0 took: 1 ms
2022-06-15 07:34:02,864 [657a5ecd-0fe1-496e-aa3e-85dbaec35512@group-95EDDBE0049E-StateMachineUpdater] INFO  impl.StateMachineUpdater (StateMachineUpdater.java:takeSnapshot(287)) - 657a5ecd-0fe1-496e-aa3e-85dbaec35512@group-95EDDBE0049E-StateMachineUpdater: Took a snapshot at index 0
2022-06-15 07:34:02,864 [657a5ecd-0fe1-496e-aa3e-85dbaec35512@group-95EDDBE0049E-StateMachineUpdater] INFO  impl.StateMachineUpdater (StateMachineUpdater.java:lambda$new$0(92)) - 657a5ecd-0fe1-496e-aa3e-85dbaec35512@group-95EDDBE0049E-StateMachineUpdater: snapshotIndex: updateIncreasingly -1 -> 0
2022-06-15 07:34:03,011 [e547bcb9-eced-475a-8c61-963b1a05d208@group-F5409A33EF3A-FollowerState] INFO  impl.FollowerState (FollowerState.java:run(143)) - e547bcb9-eced-475a-8c61-963b1a05d208@group-F5409A33EF3A-FollowerState: change to CANDIDATE, lastRpcElapsedTime:5034689884ns, electionTimeout:5033ms
2022-06-15 07:34:03,012 [e547bcb9-eced-475a-8c61-963b1a05d208@group-F5409A33EF3A-FollowerState] INFO  impl.RoleInfo (RoleInfo.java:shutdownFollowerState(110)) - e547bcb9-eced-475a-8c61-963b1a05d208: shutdown e547bcb9-eced-475a-8c61-963b1a05d208@group-F5409A33EF3A-FollowerState
2022-06-15 07:34:03,012 [e547bcb9-eced-475a-8c61-963b1a05d208@group-F5409A33EF3A-FollowerState] INFO  server.RaftServer$Division (RaftServerImpl.java:setRole(299)) - e547bcb9-eced-475a-8c61-963b1a05d208@group-F5409A33EF3A: changes role from  FOLLOWER to CANDIDATE at term 0 for changeToCandidate
2022-06-15 07:34:03,012 [e547bcb9-eced-475a-8c61-963b1a05d208@group-F5409A33EF3A-FollowerState] INFO  server.RaftServerConfigKeys (ConfUtils.java:logGet(46)) - raft.server.leaderelection.pre-vote = false (custom)
2022-06-15 07:34:03,012 [e547bcb9-eced-475a-8c61-963b1a05d208@group-F5409A33EF3A-FollowerState] INFO  impl.RoleInfo (RoleInfo.java:updateAndGet(139)) - e547bcb9-eced-475a-8c61-963b1a05d208: start e547bcb9-eced-475a-8c61-963b1a05d208@group-F5409A33EF3A-LeaderElection7
2022-06-15 07:34:03,039 [e547bcb9-eced-475a-8c61-963b1a05d208@group-2CE7181C3859-FollowerState] INFO  impl.FollowerState (FollowerState.java:run(143)) - e547bcb9-eced-475a-8c61-963b1a05d208@group-2CE7181C3859-FollowerState: change to CANDIDATE, lastRpcElapsedTime:5077611280ns, electionTimeout:5056ms
2022-06-15 07:34:03,044 [e547bcb9-eced-475a-8c61-963b1a05d208@group-2CE7181C3859-FollowerState] INFO  impl.RoleInfo (RoleInfo.java:shutdownFollowerState(110)) - e547bcb9-eced-475a-8c61-963b1a05d208: shutdown e547bcb9-eced-475a-8c61-963b1a05d208@group-2CE7181C3859-FollowerState
2022-06-15 07:34:03,044 [e547bcb9-eced-475a-8c61-963b1a05d208@group-2CE7181C3859-FollowerState] INFO  server.RaftServer$Division (RaftServerImpl.java:setRole(299)) - e547bcb9-eced-475a-8c61-963b1a05d208@group-2CE7181C3859: changes role from  FOLLOWER to CANDIDATE at term 0 for changeToCandidate
2022-06-15 07:34:03,044 [e547bcb9-eced-475a-8c61-963b1a05d208@group-2CE7181C3859-FollowerState] INFO  server.RaftServerConfigKeys (ConfUtils.java:logGet(46)) - raft.server.leaderelection.pre-vote = false (custom)
2022-06-15 07:34:03,045 [e547bcb9-eced-475a-8c61-963b1a05d208@group-2CE7181C3859-FollowerState] INFO  impl.RoleInfo (RoleInfo.java:updateAndGet(139)) - e547bcb9-eced-475a-8c61-963b1a05d208: start e547bcb9-eced-475a-8c61-963b1a05d208@group-2CE7181C3859-LeaderElection8
2022-06-15 07:34:03,045 [e547bcb9-eced-475a-8c61-963b1a05d208@group-F5409A33EF3A-LeaderElection7] INFO  impl.LeaderElection (LeaderElection.java:askForVotes(310)) - e547bcb9-eced-475a-8c61-963b1a05d208@group-F5409A33EF3A-LeaderElection7 ELECTION round 0: submit vote requests at term 1 for -1: [e547bcb9-eced-475a-8c61-963b1a05d208|rpc:10.1.0.11:40217|priority:0, b4f5d82c-04a6-4c81-89bd-99aee48f7148|rpc:10.1.0.11:43229|priority:0, 7bb1eb80-c113-41fd-8e62-543e67410fa1|rpc:10.1.0.11:37245|priority:1], old=null
2022-06-15 07:34:03,063 [e547bcb9-eced-475a-8c61-963b1a05d208@group-2CE7181C3859-LeaderElection8] INFO  impl.LeaderElection (LeaderElection.java:askForVotes(310)) - e547bcb9-eced-475a-8c61-963b1a05d208@group-2CE7181C3859-LeaderElection8 ELECTION round 0: submit vote requests at term 1 for -1: [e547bcb9-eced-475a-8c61-963b1a05d208|rpc:10.1.0.11:40217|priority:1], old=null
2022-06-15 07:34:03,063 [e547bcb9-eced-475a-8c61-963b1a05d208@group-2CE7181C3859-LeaderElection8] INFO  impl.LeaderElection (LeaderElection.java:askForVotes(312)) - e547bcb9-eced-475a-8c61-963b1a05d208@group-2CE7181C3859-LeaderElection8 ELECTION round 0: result PASSED (term=1)
2022-06-15 07:34:03,063 [e547bcb9-eced-475a-8c61-963b1a05d208@group-2CE7181C3859-LeaderElection8] INFO  impl.RoleInfo (RoleInfo.java:shutdownLeaderElection(130)) - e547bcb9-eced-475a-8c61-963b1a05d208: shutdown e547bcb9-eced-475a-8c61-963b1a05d208@group-2CE7181C3859-LeaderElection8
2022-06-15 07:34:03,063 [e547bcb9-eced-475a-8c61-963b1a05d208@group-2CE7181C3859-LeaderElection8] INFO  server.RaftServer$Division (RaftServerImpl.java:setRole(299)) - e547bcb9-eced-475a-8c61-963b1a05d208@group-2CE7181C3859: changes role from CANDIDATE to LEADER at term 1 for changeToLeader
2022-06-15 07:34:03,063 [e547bcb9-eced-475a-8c61-963b1a05d208@group-2CE7181C3859-LeaderElection8] INFO  ratis.XceiverServerRatis (XceiverServerRatis.java:handleLeaderChangedNotification(863)) - Leader change notification received for group: group-2CE7181C3859 with new leaderId: e547bcb9-eced-475a-8c61-963b1a05d208
2022-06-15 07:34:03,064 [e547bcb9-eced-475a-8c61-963b1a05d208@group-2CE7181C3859-LeaderElection8] INFO  server.RaftServer$Division (ServerState.java:setLeader(287)) - e547bcb9-eced-475a-8c61-963b1a05d208@group-2CE7181C3859: change Leader from null to e547bcb9-eced-475a-8c61-963b1a05d208 at term 1 for becomeLeader, leader elected after 5111ms
2022-06-15 07:34:03,064 [e547bcb9-eced-475a-8c61-963b1a05d208@group-2CE7181C3859-LeaderElection8] INFO  server.RaftServerConfigKeys (ConfUtils.java:logGet(46)) - raft.server.staging.catchup.gap = 1000 (default)
2022-06-15 07:34:03,064 [e547bcb9-eced-475a-8c61-963b1a05d208@group-2CE7181C3859-LeaderElection8] INFO  server.RaftServerConfigKeys (ConfUtils.java:logGet(46)) - raft.server.write.element-limit = 1024 (custom)
2022-06-15 07:34:03,064 [e547bcb9-eced-475a-8c61-963b1a05d208@group-2CE7181C3859-LeaderElection8] INFO  server.RaftServerConfigKeys (ConfUtils.java:logGet(46)) - raft.server.write.byte-limit = 1024 M (=1073741824) (custom)
2022-06-15 07:34:03,065 [e547bcb9-eced-475a-8c61-963b1a05d208@group-2CE7181C3859-LeaderElection8] INFO  server.RaftServerConfigKeys (ConfUtils.java:logGet(46)) - raft.server.watch.timeout = 10000ms (default)
2022-06-15 07:34:03,065 [e547bcb9-eced-475a-8c61-963b1a05d208@group-2CE7181C3859-LeaderElection8] INFO  server.RaftServerConfigKeys (ConfUtils.java:logGet(46)) - raft.server.watch.timeout.denomination = 1s (default)
2022-06-15 07:34:03,065 [e547bcb9-eced-475a-8c61-963b1a05d208@group-2CE7181C3859-LeaderElection8] INFO  server.RaftServerConfigKeys (ConfUtils.java:logGet(46)) - raft.server.watch.element-limit = 65536 (default)
2022-06-15 07:34:03,065 [e547bcb9-eced-475a-8c61-963b1a05d208@group-2CE7181C3859-LeaderElection8] INFO  server.RaftServerConfigKeys (ConfUtils.java:logGet(46)) - raft.server.write.element-limit = 1024 (custom)
2022-06-15 07:34:03,065 [e547bcb9-eced-475a-8c61-963b1a05d208@group-2CE7181C3859-LeaderElection8] INFO  server.RaftServerConfigKeys (ConfUtils.java:logGet(46)) - raft.server.write.follower.gap.ratio.max = -1.0 (default)
2022-06-15 07:34:03,065 [e547bcb9-eced-475a-8c61-963b1a05d208@group-2CE7181C3859-LeaderElection8] INFO  impl.RoleInfo (RoleInfo.java:updateAndGet(139)) - e547bcb9-eced-475a-8c61-963b1a05d208: start e547bcb9-eced-475a-8c61-963b1a05d208@group-2CE7181C3859-LeaderStateImpl
2022-06-15 07:34:03,067 [e547bcb9-eced-475a-8c61-963b1a05d208@group-2CE7181C3859-LeaderElection8] INFO  segmented.SegmentedRaftLogWorker (SegmentedRaftLogWorker.java:startLogSegment(425)) - e547bcb9-eced-475a-8c61-963b1a05d208@group-2CE7181C3859-SegmentedRaftLogWorker: Starting segment from index:0
2022-06-15 07:34:03,068 [e547bcb9-eced-475a-8c61-963b1a05d208@group-2CE7181C3859-SegmentedRaftLogWorker] INFO  segmented.SegmentedRaftLogWorker (SegmentedRaftLogWorker.java:execute(629)) - e547bcb9-eced-475a-8c61-963b1a05d208@group-2CE7181C3859-SegmentedRaftLogWorker: created new log segment /home/runner/work/ozone/ozone/hadoop-ozone/integration-test/target/test-dir/MiniOzoneClusterImpl-589494f2-24de-4a8c-8650-9a890bc48d46/datanode-3/data/ratis/ff55ee45-48bd-4359-af8c-2ce7181c3859/current/log_inprogress_0
2022-06-15 07:34:03,078 [e547bcb9-eced-475a-8c61-963b1a05d208@group-2CE7181C3859-LeaderElection8] INFO  server.RaftServer$Division (ServerState.java:setRaftConf(393)) - e547bcb9-eced-475a-8c61-963b1a05d208@group-2CE7181C3859: set configuration 0: [e547bcb9-eced-475a-8c61-963b1a05d208|rpc:10.1.0.11:40217|dataStream:|priority:1], old=null
2022-06-15 07:34:03,085 [grpc-default-executor-2] INFO  server.RaftServer$Division (RaftServerImpl.java:requestVote(1152)) - b4f5d82c-04a6-4c81-89bd-99aee48f7148@group-F5409A33EF3A: receive requestVote(ELECTION, e547bcb9-eced-475a-8c61-963b1a05d208, group-F5409A33EF3A, 1, (t:0, i:0))
2022-06-15 07:34:03,085 [grpc-default-executor-2] INFO  impl.VoteContext (VoteContext.java:log(48)) - b4f5d82c-04a6-4c81-89bd-99aee48f7148@group-F5409A33EF3A-FOLLOWER: accept ELECTION from e547bcb9-eced-475a-8c61-963b1a05d208: our priority 0 <= candidate's priority 0
2022-06-15 07:34:03,085 [grpc-default-executor-2] INFO  server.RaftServer$Division (RaftServerImpl.java:setRole(299)) - b4f5d82c-04a6-4c81-89bd-99aee48f7148@group-F5409A33EF3A: changes role from  FOLLOWER to FOLLOWER at term 1 for candidate:e547bcb9-eced-475a-8c61-963b1a05d208
2022-06-15 07:34:03,085 [grpc-default-executor-2] INFO  impl.RoleInfo (RoleInfo.java:shutdownFollowerState(110)) - b4f5d82c-04a6-4c81-89bd-99aee48f7148: shutdown b4f5d82c-04a6-4c81-89bd-99aee48f7148@group-F5409A33EF3A-FollowerState
2022-06-15 07:34:03,085 [grpc-default-executor-2] INFO  impl.RoleInfo (RoleInfo.java:updateAndGet(139)) - b4f5d82c-04a6-4c81-89bd-99aee48f7148: start b4f5d82c-04a6-4c81-89bd-99aee48f7148@group-F5409A33EF3A-FollowerState
2022-06-15 07:34:03,085 [b4f5d82c-04a6-4c81-89bd-99aee48f7148@group-F5409A33EF3A-FollowerState] INFO  impl.FollowerState (FollowerState.java:run(152)) - b4f5d82c-04a6-4c81-89bd-99aee48f7148@group-F5409A33EF3A-FollowerState was interrupted
2022-06-15 07:34:03,092 [grpc-default-executor-2] INFO  server.RaftServer$Division (RaftServerImpl.java:requestVote(1184)) - b4f5d82c-04a6-4c81-89bd-99aee48f7148@group-F5409A33EF3A replies to ELECTION vote request: e547bcb9-eced-475a-8c61-963b1a05d208<-b4f5d82c-04a6-4c81-89bd-99aee48f7148#0:OK-t1. Peer's state: b4f5d82c-04a6-4c81-89bd-99aee48f7148@group-F5409A33EF3A:t1, leader=null, voted=e547bcb9-eced-475a-8c61-963b1a05d208, raftlog=b4f5d82c-04a6-4c81-89bd-99aee48f7148@group-F5409A33EF3A-SegmentedRaftLog:OPENED:c-1, conf=-1: [e547bcb9-eced-475a-8c61-963b1a05d208|rpc:10.1.0.11:40217|dataStream:|priority:0, b4f5d82c-04a6-4c81-89bd-99aee48f7148|rpc:10.1.0.11:43229|dataStream:|priority:0, 7bb1eb80-c113-41fd-8e62-543e67410fa1|rpc:10.1.0.11:37245|dataStream:|priority:1], old=null
2022-06-15 07:34:03,101 [e547bcb9-eced-475a-8c61-963b1a05d208@group-2CE7181C3859-StateMachineUpdater] INFO  ratis.ContainerStateMachine (ContainerStateMachine.java:takeSnapshot(304)) - group-2CE7181C3859: Taking a snapshot at:(t:1, i:0) file /home/runner/work/ozone/ozone/hadoop-ozone/integration-test/target/test-dir/MiniOzoneClusterImpl-589494f2-24de-4a8c-8650-9a890bc48d46/datanode-3/data/ratis/ff55ee45-48bd-4359-af8c-2ce7181c3859/sm/snapshot.1_0
2022-06-15 07:34:03,102 [e547bcb9-eced-475a-8c61-963b1a05d208@group-2CE7181C3859-StateMachineUpdater] INFO  ratis.ContainerStateMachine (ContainerStateMachine.java:takeSnapshot(315)) - group-2CE7181C3859: Finished taking a snapshot at:(t:1, i:0) file:/home/runner/work/ozone/ozone/hadoop-ozone/integration-test/target/test-dir/MiniOzoneClusterImpl-589494f2-24de-4a8c-8650-9a890bc48d46/datanode-3/data/ratis/ff55ee45-48bd-4359-af8c-2ce7181c3859/sm/snapshot.1_0 took: 2 ms
2022-06-15 07:34:03,103 [e547bcb9-eced-475a-8c61-963b1a05d208@group-2CE7181C3859-StateMachineUpdater] INFO  impl.StateMachineUpdater (StateMachineUpdater.java:takeSnapshot(287)) - e547bcb9-eced-475a-8c61-963b1a05d208@group-2CE7181C3859-StateMachineUpdater: Took a snapshot at index 0
2022-06-15 07:34:03,103 [e547bcb9-eced-475a-8c61-963b1a05d208@group-2CE7181C3859-StateMachineUpdater] INFO  impl.StateMachineUpdater (StateMachineUpdater.java:lambda$new$0(92)) - e547bcb9-eced-475a-8c61-963b1a05d208@group-2CE7181C3859-StateMachineUpdater: snapshotIndex: updateIncreasingly -1 -> 0
2022-06-15 07:34:03,105 [grpc-default-executor-2] INFO  server.RaftServer$Division (RaftServerImpl.java:requestVote(1152)) - 7bb1eb80-c113-41fd-8e62-543e67410fa1@group-F5409A33EF3A: receive requestVote(ELECTION, e547bcb9-eced-475a-8c61-963b1a05d208, group-F5409A33EF3A, 1, (t:0, i:0))
2022-06-15 07:34:03,106 [grpc-default-executor-2] INFO  impl.VoteContext (VoteContext.java:log(48)) - 7bb1eb80-c113-41fd-8e62-543e67410fa1@group-F5409A33EF3A-FOLLOWER: reject ELECTION from e547bcb9-eced-475a-8c61-963b1a05d208: our priority 1 > candidate's priority 0
2022-06-15 07:34:03,106 [grpc-default-executor-2] INFO  server.RaftServer$Division (RaftServerImpl.java:setRole(299)) - 7bb1eb80-c113-41fd-8e62-543e67410fa1@group-F5409A33EF3A: changes role from  FOLLOWER to FOLLOWER at term 1 for candidate:e547bcb9-eced-475a-8c61-963b1a05d208
2022-06-15 07:34:03,106 [grpc-default-executor-2] INFO  impl.RoleInfo (RoleInfo.java:shutdownFollowerState(110)) - 7bb1eb80-c113-41fd-8e62-543e67410fa1: shutdown 7bb1eb80-c113-41fd-8e62-543e67410fa1@group-F5409A33EF3A-FollowerState
2022-06-15 07:34:03,106 [grpc-default-executor-2] INFO  impl.RoleInfo (RoleInfo.java:updateAndGet(139)) - 7bb1eb80-c113-41fd-8e62-543e67410fa1: start 7bb1eb80-c113-41fd-8e62-543e67410fa1@group-F5409A33EF3A-FollowerState
2022-06-15 07:34:03,106 [7bb1eb80-c113-41fd-8e62-543e67410fa1@group-F5409A33EF3A-FollowerState] INFO  impl.FollowerState (FollowerState.java:run(152)) - 7bb1eb80-c113-41fd-8e62-543e67410fa1@group-F5409A33EF3A-FollowerState was interrupted
2022-06-15 07:34:03,120 [e547bcb9-eced-475a-8c61-963b1a05d208@group-61C79976014F-FollowerState] INFO  impl.FollowerState (FollowerState.java:run(143)) - e547bcb9-eced-475a-8c61-963b1a05d208@group-61C79976014F-FollowerState: change to CANDIDATE, lastRpcElapsedTime:5033066467ns, electionTimeout:5017ms
2022-06-15 07:34:03,120 [e547bcb9-eced-475a-8c61-963b1a05d208@group-61C79976014F-FollowerState] INFO  impl.RoleInfo (RoleInfo.java:shutdownFollowerState(110)) - e547bcb9-eced-475a-8c61-963b1a05d208: shutdown e547bcb9-eced-475a-8c61-963b1a05d208@group-61C79976014F-FollowerState
2022-06-15 07:34:03,120 [e547bcb9-eced-475a-8c61-963b1a05d208@group-61C79976014F-FollowerState] INFO  server.RaftServer$Division (RaftServerImpl.java:setRole(299)) - e547bcb9-eced-475a-8c61-963b1a05d208@group-61C79976014F: changes role from  FOLLOWER to CANDIDATE at term 0 for changeToCandidate
2022-06-15 07:34:03,120 [e547bcb9-eced-475a-8c61-963b1a05d208@group-61C79976014F-FollowerState] INFO  server.RaftServerConfigKeys (ConfUtils.java:logGet(46)) - raft.server.leaderelection.pre-vote = false (custom)
2022-06-15 07:34:03,120 [e547bcb9-eced-475a-8c61-963b1a05d208@group-61C79976014F-FollowerState] INFO  impl.RoleInfo (RoleInfo.java:updateAndGet(139)) - e547bcb9-eced-475a-8c61-963b1a05d208: start e547bcb9-eced-475a-8c61-963b1a05d208@group-61C79976014F-LeaderElection9
2022-06-15 07:34:03,126 [grpc-default-executor-2] INFO  server.RaftServer$Division (RaftServerImpl.java:requestVote(1184)) - 7bb1eb80-c113-41fd-8e62-543e67410fa1@group-F5409A33EF3A replies to ELECTION vote request: e547bcb9-eced-475a-8c61-963b1a05d208<-7bb1eb80-c113-41fd-8e62-543e67410fa1#0:FAIL-t1. Peer's state: 7bb1eb80-c113-41fd-8e62-543e67410fa1@group-F5409A33EF3A:t1, leader=null, voted=null, raftlog=7bb1eb80-c113-41fd-8e62-543e67410fa1@group-F5409A33EF3A-SegmentedRaftLog:OPENED:c-1, conf=-1: [e547bcb9-eced-475a-8c61-963b1a05d208|rpc:10.1.0.11:40217|dataStream:|priority:0, b4f5d82c-04a6-4c81-89bd-99aee48f7148|rpc:10.1.0.11:43229|dataStream:|priority:0, 7bb1eb80-c113-41fd-8e62-543e67410fa1|rpc:10.1.0.11:37245|dataStream:|priority:1], old=null
2022-06-15 07:34:03,128 [e547bcb9-eced-475a-8c61-963b1a05d208@group-F5409A33EF3A-LeaderElection7] INFO  impl.LeaderElection (LeaderElection.java:logAndReturn(90)) - e547bcb9-eced-475a-8c61-963b1a05d208@group-F5409A33EF3A-LeaderElection7: ELECTION REJECTED received 2 response(s) and 0 exception(s):
2022-06-15 07:34:03,128 [e547bcb9-eced-475a-8c61-963b1a05d208@group-F5409A33EF3A-LeaderElection7] INFO  impl.LeaderElection (LeaderElection.java:logAndReturn(94)) -   Response 0: e547bcb9-eced-475a-8c61-963b1a05d208<-b4f5d82c-04a6-4c81-89bd-99aee48f7148#0:OK-t1
2022-06-15 07:34:03,128 [e547bcb9-eced-475a-8c61-963b1a05d208@group-F5409A33EF3A-LeaderElection7] INFO  impl.LeaderElection (LeaderElection.java:logAndReturn(94)) -   Response 1: e547bcb9-eced-475a-8c61-963b1a05d208<-7bb1eb80-c113-41fd-8e62-543e67410fa1#0:FAIL-t1
2022-06-15 07:34:03,128 [e547bcb9-eced-475a-8c61-963b1a05d208@group-F5409A33EF3A-LeaderElection7] INFO  impl.LeaderElection (LeaderElection.java:askForVotes(312)) - e547bcb9-eced-475a-8c61-963b1a05d208@group-F5409A33EF3A-LeaderElection7 ELECTION round 0: result REJECTED
2022-06-15 07:34:03,128 [e547bcb9-eced-475a-8c61-963b1a05d208@group-F5409A33EF3A-LeaderElection7] INFO  server.RaftServer$Division (RaftServerImpl.java:setRole(299)) - e547bcb9-eced-475a-8c61-963b1a05d208@group-F5409A33EF3A: changes role from CANDIDATE to FOLLOWER at term 1 for REJECTED
2022-06-15 07:34:03,128 [e547bcb9-eced-475a-8c61-963b1a05d208@group-F5409A33EF3A-LeaderElection7] INFO  impl.RoleInfo (RoleInfo.java:shutdownLeaderElection(130)) - e547bcb9-eced-475a-8c61-963b1a05d208: shutdown e547bcb9-eced-475a-8c61-963b1a05d208@group-F5409A33EF3A-LeaderElection7
2022-06-15 07:34:03,128 [e547bcb9-eced-475a-8c61-963b1a05d208@group-F5409A33EF3A-LeaderElection7] INFO  impl.RoleInfo (RoleInfo.java:updateAndGet(139)) - e547bcb9-eced-475a-8c61-963b1a05d208: start e547bcb9-eced-475a-8c61-963b1a05d208@group-F5409A33EF3A-FollowerState
2022-06-15 07:34:03,142 [e547bcb9-eced-475a-8c61-963b1a05d208@group-61C79976014F-LeaderElection9] INFO  impl.LeaderElection (LeaderElection.java:askForVotes(310)) - e547bcb9-eced-475a-8c61-963b1a05d208@group-61C79976014F-LeaderElection9 ELECTION round 0: submit vote requests at term 1 for -1: [e547bcb9-eced-475a-8c61-963b1a05d208|rpc:10.1.0.11:40217|priority:0, b4f5d82c-04a6-4c81-89bd-99aee48f7148|rpc:10.1.0.11:43229|priority:1, 7bb1eb80-c113-41fd-8e62-543e67410fa1|rpc:10.1.0.11:37245|priority:0], old=null
2022-06-15 07:34:03,177 [grpc-default-executor-2] INFO  server.RaftServer$Division (RaftServerImpl.java:requestVote(1152)) - b4f5d82c-04a6-4c81-89bd-99aee48f7148@group-61C79976014F: receive requestVote(ELECTION, e547bcb9-eced-475a-8c61-963b1a05d208, group-61C79976014F, 1, (t:0, i:0))
2022-06-15 07:34:03,177 [grpc-default-executor-2] INFO  impl.VoteContext (VoteContext.java:log(48)) - b4f5d82c-04a6-4c81-89bd-99aee48f7148@group-61C79976014F-FOLLOWER: reject ELECTION from e547bcb9-eced-475a-8c61-963b1a05d208: our priority 1 > candidate's priority 0
2022-06-15 07:34:03,177 [grpc-default-executor-2] INFO  server.RaftServer$Division (RaftServerImpl.java:setRole(299)) - b4f5d82c-04a6-4c81-89bd-99aee48f7148@group-61C79976014F: changes role from  FOLLOWER to FOLLOWER at term 1 for candidate:e547bcb9-eced-475a-8c61-963b1a05d208
2022-06-15 07:34:03,177 [grpc-default-executor-2] INFO  impl.RoleInfo (RoleInfo.java:shutdownFollowerState(110)) - b4f5d82c-04a6-4c81-89bd-99aee48f7148: shutdown b4f5d82c-04a6-4c81-89bd-99aee48f7148@group-61C79976014F-FollowerState
2022-06-15 07:34:03,177 [grpc-default-executor-2] INFO  impl.RoleInfo (RoleInfo.java:updateAndGet(139)) - b4f5d82c-04a6-4c81-89bd-99aee48f7148: start b4f5d82c-04a6-4c81-89bd-99aee48f7148@group-61C79976014F-FollowerState
2022-06-15 07:34:03,177 [b4f5d82c-04a6-4c81-89bd-99aee48f7148@group-61C79976014F-FollowerState] INFO  impl.FollowerState (FollowerState.java:run(152)) - b4f5d82c-04a6-4c81-89bd-99aee48f7148@group-61C79976014F-FollowerState was interrupted
2022-06-15 07:34:03,189 [grpc-default-executor-0] INFO  server.RaftServer$Division (RaftServerImpl.java:requestVote(1152)) - 7bb1eb80-c113-41fd-8e62-543e67410fa1@group-61C79976014F: receive requestVote(ELECTION, e547bcb9-eced-475a-8c61-963b1a05d208, group-61C79976014F, 1, (t:0, i:0))
2022-06-15 07:34:03,189 [grpc-default-executor-0] INFO  impl.VoteContext (VoteContext.java:log(48)) - 7bb1eb80-c113-41fd-8e62-543e67410fa1@group-61C79976014F-FOLLOWER: accept ELECTION from e547bcb9-eced-475a-8c61-963b1a05d208: our priority 0 <= candidate's priority 0
2022-06-15 07:34:03,189 [grpc-default-executor-0] INFO  server.RaftServer$Division (RaftServerImpl.java:setRole(299)) - 7bb1eb80-c113-41fd-8e62-543e67410fa1@group-61C79976014F: changes role from  FOLLOWER to FOLLOWER at term 1 for candidate:e547bcb9-eced-475a-8c61-963b1a05d208
2022-06-15 07:34:03,190 [grpc-default-executor-0] INFO  impl.RoleInfo (RoleInfo.java:shutdownFollowerState(110)) - 7bb1eb80-c113-41fd-8e62-543e67410fa1: shutdown 7bb1eb80-c113-41fd-8e62-543e67410fa1@group-61C79976014F-FollowerState
2022-06-15 07:34:03,190 [grpc-default-executor-0] INFO  impl.RoleInfo (RoleInfo.java:updateAndGet(139)) - 7bb1eb80-c113-41fd-8e62-543e67410fa1: start 7bb1eb80-c113-41fd-8e62-543e67410fa1@group-61C79976014F-FollowerState
2022-06-15 07:34:03,190 [7bb1eb80-c113-41fd-8e62-543e67410fa1@group-61C79976014F-FollowerState] INFO  impl.FollowerState (FollowerState.java:run(152)) - 7bb1eb80-c113-41fd-8e62-543e67410fa1@group-61C79976014F-FollowerState was interrupted
2022-06-15 07:34:03,190 [grpc-default-executor-2] INFO  server.RaftServer$Division (RaftServerImpl.java:requestVote(1184)) - b4f5d82c-04a6-4c81-89bd-99aee48f7148@group-61C79976014F replies to ELECTION vote request: e547bcb9-eced-475a-8c61-963b1a05d208<-b4f5d82c-04a6-4c81-89bd-99aee48f7148#0:FAIL-t1. Peer's state: b4f5d82c-04a6-4c81-89bd-99aee48f7148@group-61C79976014F:t1, leader=null, voted=null, raftlog=b4f5d82c-04a6-4c81-89bd-99aee48f7148@group-61C79976014F-SegmentedRaftLog:OPENED:c-1, conf=-1: [e547bcb9-eced-475a-8c61-963b1a05d208|rpc:10.1.0.11:40217|dataStream:|priority:0, b4f5d82c-04a6-4c81-89bd-99aee48f7148|rpc:10.1.0.11:43229|dataStream:|priority:1, 7bb1eb80-c113-41fd-8e62-543e67410fa1|rpc:10.1.0.11:37245|dataStream:|priority:0], old=null
2022-06-15 07:34:03,192 [e547bcb9-eced-475a-8c61-963b1a05d208@group-61C79976014F-LeaderElection9] INFO  impl.LeaderElection (LeaderElection.java:logAndReturn(90)) - e547bcb9-eced-475a-8c61-963b1a05d208@group-61C79976014F-LeaderElection9: ELECTION REJECTED received 1 response(s) and 0 exception(s):
2022-06-15 07:34:03,192 [e547bcb9-eced-475a-8c61-963b1a05d208@group-61C79976014F-LeaderElection9] INFO  impl.LeaderElection (LeaderElection.java:logAndReturn(94)) -   Response 0: e547bcb9-eced-475a-8c61-963b1a05d208<-b4f5d82c-04a6-4c81-89bd-99aee48f7148#0:FAIL-t1
2022-06-15 07:34:03,193 [e547bcb9-eced-475a-8c61-963b1a05d208@group-61C79976014F-LeaderElection9] INFO  impl.LeaderElection (LeaderElection.java:askForVotes(312)) - e547bcb9-eced-475a-8c61-963b1a05d208@group-61C79976014F-LeaderElection9 ELECTION round 0: result REJECTED
2022-06-15 07:34:03,193 [e547bcb9-eced-475a-8c61-963b1a05d208@group-61C79976014F-LeaderElection9] INFO  server.RaftServer$Division (RaftServerImpl.java:setRole(299)) - e547bcb9-eced-475a-8c61-963b1a05d208@group-61C79976014F: changes role from CANDIDATE to FOLLOWER at term 1 for REJECTED
2022-06-15 07:34:03,193 [e547bcb9-eced-475a-8c61-963b1a05d208@group-61C79976014F-LeaderElection9] INFO  impl.RoleInfo (RoleInfo.java:shutdownLeaderElection(130)) - e547bcb9-eced-475a-8c61-963b1a05d208: shutdown e547bcb9-eced-475a-8c61-963b1a05d208@group-61C79976014F-LeaderElection9
2022-06-15 07:34:03,193 [e547bcb9-eced-475a-8c61-963b1a05d208@group-61C79976014F-LeaderElection9] INFO  impl.RoleInfo (RoleInfo.java:updateAndGet(139)) - e547bcb9-eced-475a-8c61-963b1a05d208: start e547bcb9-eced-475a-8c61-963b1a05d208@group-61C79976014F-FollowerState
2022-06-15 07:34:03,201 [grpc-default-executor-0] INFO  server.RaftServer$Division (RaftServerImpl.java:requestVote(1184)) - 7bb1eb80-c113-41fd-8e62-543e67410fa1@group-61C79976014F replies to ELECTION vote request: e547bcb9-eced-475a-8c61-963b1a05d208<-7bb1eb80-c113-41fd-8e62-543e67410fa1#0:OK-t1. Peer's state: 7bb1eb80-c113-41fd-8e62-543e67410fa1@group-61C79976014F:t1, leader=null, voted=e547bcb9-eced-475a-8c61-963b1a05d208, raftlog=7bb1eb80-c113-41fd-8e62-543e67410fa1@group-61C79976014F-SegmentedRaftLog:OPENED:c-1, conf=-1: [e547bcb9-eced-475a-8c61-963b1a05d208|rpc:10.1.0.11:40217|dataStream:|priority:0, b4f5d82c-04a6-4c81-89bd-99aee48f7148|rpc:10.1.0.11:43229|dataStream:|priority:1, 7bb1eb80-c113-41fd-8e62-543e67410fa1|rpc:10.1.0.11:37245|dataStream:|priority:0], old=null
2022-06-15 07:34:03,398 [7bb1eb80-c113-41fd-8e62-543e67410fa1@group-3B2F8C1D572F-FollowerState] INFO  impl.FollowerState (FollowerState.java:run(143)) - 7bb1eb80-c113-41fd-8e62-543e67410fa1@group-3B2F8C1D572F-FollowerState: change to CANDIDATE, lastRpcElapsedTime:5166394897ns, electionTimeout:5165ms
2022-06-15 07:34:03,399 [7bb1eb80-c113-41fd-8e62-543e67410fa1@group-3B2F8C1D572F-FollowerState] INFO  impl.RoleInfo (RoleInfo.java:shutdownFollowerState(110)) - 7bb1eb80-c113-41fd-8e62-543e67410fa1: shutdown 7bb1eb80-c113-41fd-8e62-543e67410fa1@group-3B2F8C1D572F-FollowerState
2022-06-15 07:34:03,399 [7bb1eb80-c113-41fd-8e62-543e67410fa1@group-3B2F8C1D572F-FollowerState] INFO  server.RaftServer$Division (RaftServerImpl.java:setRole(299)) - 7bb1eb80-c113-41fd-8e62-543e67410fa1@group-3B2F8C1D572F: changes role from  FOLLOWER to CANDIDATE at term 0 for changeToCandidate
2022-06-15 07:34:03,399 [7bb1eb80-c113-41fd-8e62-543e67410fa1@group-3B2F8C1D572F-FollowerState] INFO  server.RaftServerConfigKeys (ConfUtils.java:logGet(46)) - raft.server.leaderelection.pre-vote = false (custom)
2022-06-15 07:34:03,399 [7bb1eb80-c113-41fd-8e62-543e67410fa1@group-3B2F8C1D572F-FollowerState] INFO  impl.RoleInfo (RoleInfo.java:updateAndGet(139)) - 7bb1eb80-c113-41fd-8e62-543e67410fa1: start 7bb1eb80-c113-41fd-8e62-543e67410fa1@group-3B2F8C1D572F-LeaderElection10
2022-06-15 07:34:03,404 [7bb1eb80-c113-41fd-8e62-543e67410fa1@group-3B2F8C1D572F-LeaderElection10] INFO  impl.LeaderElection (LeaderElection.java:askForVotes(310)) - 7bb1eb80-c113-41fd-8e62-543e67410fa1@group-3B2F8C1D572F-LeaderElection10 ELECTION round 0: submit vote requests at term 1 for -1: [7bb1eb80-c113-41fd-8e62-543e67410fa1|rpc:10.1.0.11:37245|priority:1], old=null
2022-06-15 07:34:03,405 [7bb1eb80-c113-41fd-8e62-543e67410fa1@group-3B2F8C1D572F-LeaderElection10] INFO  impl.LeaderElection (LeaderElection.java:askForVotes(312)) - 7bb1eb80-c113-41fd-8e62-543e67410fa1@group-3B2F8C1D572F-LeaderElection10 ELECTION round 0: result PASSED (term=1)
2022-06-15 07:34:03,405 [7bb1eb80-c113-41fd-8e62-543e67410fa1@group-3B2F8C1D572F-LeaderElection10] INFO  impl.RoleInfo (RoleInfo.java:shutdownLeaderElection(130)) - 7bb1eb80-c113-41fd-8e62-543e67410fa1: shutdown 7bb1eb80-c113-41fd-8e62-543e67410fa1@group-3B2F8C1D572F-LeaderElection10
2022-06-15 07:34:03,405 [7bb1eb80-c113-41fd-8e62-543e67410fa1@group-3B2F8C1D572F-LeaderElection10] INFO  server.RaftServer$Division (RaftServerImpl.java:setRole(299)) - 7bb1eb80-c113-41fd-8e62-543e67410fa1@group-3B2F8C1D572F: changes role from CANDIDATE to LEADER at term 1 for changeToLeader
2022-06-15 07:34:03,405 [7bb1eb80-c113-41fd-8e62-543e67410fa1@group-3B2F8C1D572F-LeaderElection10] INFO  ratis.XceiverServerRatis (XceiverServerRatis.java:handleLeaderChangedNotification(863)) - Leader change notification received for group: group-3B2F8C1D572F with new leaderId: 7bb1eb80-c113-41fd-8e62-543e67410fa1
2022-06-15 07:34:03,405 [7bb1eb80-c113-41fd-8e62-543e67410fa1@group-3B2F8C1D572F-LeaderElection10] INFO  server.RaftServer$Division (ServerState.java:setLeader(287)) - 7bb1eb80-c113-41fd-8e62-543e67410fa1@group-3B2F8C1D572F: change Leader from null to 7bb1eb80-c113-41fd-8e62-543e67410fa1 at term 1 for becomeLeader, leader elected after 5179ms
2022-06-15 07:34:03,405 [7bb1eb80-c113-41fd-8e62-543e67410fa1@group-3B2F8C1D572F-LeaderElection10] INFO  server.RaftServerConfigKeys (ConfUtils.java:logGet(46)) - raft.server.staging.catchup.gap = 1000 (default)
2022-06-15 07:34:03,405 [7bb1eb80-c113-41fd-8e62-543e67410fa1@group-3B2F8C1D572F-LeaderElection10] INFO  server.RaftServerConfigKeys (ConfUtils.java:logGet(46)) - raft.server.write.element-limit = 1024 (custom)
2022-06-15 07:34:03,406 [7bb1eb80-c113-41fd-8e62-543e67410fa1@group-3B2F8C1D572F-LeaderElection10] INFO  server.RaftServerConfigKeys (ConfUtils.java:logGet(46)) - raft.server.write.byte-limit = 1024 M (=1073741824) (custom)
2022-06-15 07:34:03,406 [7bb1eb80-c113-41fd-8e62-543e67410fa1@group-3B2F8C1D572F-LeaderElection10] INFO  server.RaftServerConfigKeys (ConfUtils.java:logGet(46)) - raft.server.watch.timeout = 10000ms (default)
2022-06-15 07:34:03,406 [7bb1eb80-c113-41fd-8e62-543e67410fa1@group-3B2F8C1D572F-LeaderElection10] INFO  server.RaftServerConfigKeys (ConfUtils.java:logGet(46)) - raft.server.watch.timeout.denomination = 1s (default)
2022-06-15 07:34:03,406 [7bb1eb80-c113-41fd-8e62-543e67410fa1@group-3B2F8C1D572F-LeaderElection10] INFO  server.RaftServerConfigKeys (ConfUtils.java:logGet(46)) - raft.server.watch.element-limit = 65536 (default)
2022-06-15 07:34:03,406 [7bb1eb80-c113-41fd-8e62-543e67410fa1@group-3B2F8C1D572F-LeaderElection10] INFO  server.RaftServerConfigKeys (ConfUtils.java:logGet(46)) - raft.server.write.element-limit = 1024 (custom)
2022-06-15 07:34:03,406 [7bb1eb80-c113-41fd-8e62-543e67410fa1@group-3B2F8C1D572F-LeaderElection10] INFO  server.RaftServerConfigKeys (ConfUtils.java:logGet(46)) - raft.server.write.follower.gap.ratio.max = -1.0 (default)
2022-06-15 07:34:03,406 [7bb1eb80-c113-41fd-8e62-543e67410fa1@group-3B2F8C1D572F-LeaderElection10] INFO  impl.RoleInfo (RoleInfo.java:updateAndGet(139)) - 7bb1eb80-c113-41fd-8e62-543e67410fa1: start 7bb1eb80-c113-41fd-8e62-543e67410fa1@group-3B2F8C1D572F-LeaderStateImpl
2022-06-15 07:34:03,411 [7bb1eb80-c113-41fd-8e62-543e67410fa1@group-3B2F8C1D572F-LeaderElection10] INFO  segmented.SegmentedRaftLogWorker (SegmentedRaftLogWorker.java:startLogSegment(425)) - 7bb1eb80-c113-41fd-8e62-543e67410fa1@group-3B2F8C1D572F-SegmentedRaftLogWorker: Starting segment from index:0
2022-06-15 07:34:03,420 [7bb1eb80-c113-41fd-8e62-543e67410fa1@group-3B2F8C1D572F-SegmentedRaftLogWorker] INFO  segmented.SegmentedRaftLogWorker (SegmentedRaftLogWorker.java:execute(629)) - 7bb1eb80-c113-41fd-8e62-543e67410fa1@group-3B2F8C1D572F-SegmentedRaftLogWorker: created new log segment /home/runner/work/ozone/ozone/hadoop-ozone/integration-test/target/test-dir/MiniOzoneClusterImpl-589494f2-24de-4a8c-8650-9a890bc48d46/datanode-4/data/ratis/15bcf9bc-3b70-440f-bba8-3b2f8c1d572f/current/log_inprogress_0
2022-06-15 07:34:03,420 [7bb1eb80-c113-41fd-8e62-543e67410fa1@group-3B2F8C1D572F-LeaderElection10] INFO  server.RaftServer$Division (ServerState.java:setRaftConf(393)) - 7bb1eb80-c113-41fd-8e62-543e67410fa1@group-3B2F8C1D572F: set configuration 0: [7bb1eb80-c113-41fd-8e62-543e67410fa1|rpc:10.1.0.11:37245|dataStream:|priority:1], old=null
2022-06-15 07:34:03,422 [7bb1eb80-c113-41fd-8e62-543e67410fa1@group-3B2F8C1D572F-StateMachineUpdater] INFO  ratis.ContainerStateMachine (ContainerStateMachine.java:takeSnapshot(304)) - group-3B2F8C1D572F: Taking a snapshot at:(t:1, i:0) file /home/runner/work/ozone/ozone/hadoop-ozone/integration-test/target/test-dir/MiniOzoneClusterImpl-589494f2-24de-4a8c-8650-9a890bc48d46/datanode-4/data/ratis/15bcf9bc-3b70-440f-bba8-3b2f8c1d572f/sm/snapshot.1_0
2022-06-15 07:34:03,422 [7bb1eb80-c113-41fd-8e62-543e67410fa1@group-3B2F8C1D572F-StateMachineUpdater] INFO  ratis.ContainerStateMachine (ContainerStateMachine.java:takeSnapshot(315)) - group-3B2F8C1D572F: Finished taking a snapshot at:(t:1, i:0) file:/home/runner/work/ozone/ozone/hadoop-ozone/integration-test/target/test-dir/MiniOzoneClusterImpl-589494f2-24de-4a8c-8650-9a890bc48d46/datanode-4/data/ratis/15bcf9bc-3b70-440f-bba8-3b2f8c1d572f/sm/snapshot.1_0 took: 1 ms
2022-06-15 07:34:03,423 [7bb1eb80-c113-41fd-8e62-543e67410fa1@group-3B2F8C1D572F-StateMachineUpdater] INFO  impl.StateMachineUpdater (StateMachineUpdater.java:takeSnapshot(287)) - 7bb1eb80-c113-41fd-8e62-543e67410fa1@group-3B2F8C1D572F-StateMachineUpdater: Took a snapshot at index 0
2022-06-15 07:34:03,423 [7bb1eb80-c113-41fd-8e62-543e67410fa1@group-3B2F8C1D572F-StateMachineUpdater] INFO  impl.StateMachineUpdater (StateMachineUpdater.java:lambda$new$0(92)) - 7bb1eb80-c113-41fd-8e62-543e67410fa1@group-3B2F8C1D572F-StateMachineUpdater: snapshotIndex: updateIncreasingly -1 -> 0
2022-06-15 07:34:03,453 [FixedThreadPoolWithAffinityExecutor-0-0] WARN  container.IncrementalContainerReportHandler (AbstractContainerReportHandler.java:updateContainerState(255)) - Container #1 is in OPEN state, but the datanode 657a5ecd-0fe1-496e-aa3e-85dbaec35512{ip: 10.1.0.11, host: fv-az121-418.xhy4bhhdincepo0av04agjzkjc.cx.internal.cloudapp.net, ports: [REPLICATION=36157, RATIS=33757, RATIS_ADMIN=33757, RATIS_SERVER=33757, STANDALONE=41369], networkLocation: /default-rack, certSerialId: null, persistedOpState: IN_SERVICE, persistedOpStateExpiryEpochSec: 0} reports an CLOSING replica.
2022-06-15 07:34:03,457 [Command processor thread] INFO  keyvalue.KeyValueContainer (KeyValueContainer.java:flushAndSyncDB(431)) - Container 1 is synced with bcsId 2.
2022-06-15 07:34:03,457 [Command processor thread] INFO  keyvalue.KeyValueContainer (KeyValueContainer.java:flushAndSyncDB(431)) - Container 1 is synced with bcsId 2.
2022-06-15 07:34:03,461 [Command processor thread] INFO  commandhandler.CloseContainerCommandHandler (CloseContainerCommandHandler.java:handle(112)) - Marking Container 1 quasi closed
2022-06-15 07:34:03,461 [FixedThreadPoolWithAffinityExecutor-1-0] WARN  container.IncrementalContainerReportHandler (AbstractContainerReportHandler.java:updateContainerState(255)) - Container #1 is in OPEN state, but the datanode 657a5ecd-0fe1-496e-aa3e-85dbaec35512{ip: 10.1.0.11, host: fv-az121-418.xhy4bhhdincepo0av04agjzkjc.cx.internal.cloudapp.net, ports: [REPLICATION=36157, RATIS=33757, RATIS_ADMIN=33757, RATIS_SERVER=33757, STANDALONE=41369], networkLocation: /default-rack, certSerialId: null, persistedOpState: IN_SERVICE, persistedOpStateExpiryEpochSec: 0} reports an QUASI_CLOSED replica.
2022-06-15 07:34:03,597 [b4f5d82c-04a6-4c81-89bd-99aee48f7148@group-2D4117255111-FollowerState] INFO  impl.FollowerState (FollowerState.java:run(143)) - b4f5d82c-04a6-4c81-89bd-99aee48f7148@group-2D4117255111-FollowerState: change to CANDIDATE, lastRpcElapsedTime:5052404443ns, electionTimeout:5052ms
2022-06-15 07:34:03,597 [b4f5d82c-04a6-4c81-89bd-99aee48f7148@group-2D4117255111-FollowerState] INFO  impl.RoleInfo (RoleInfo.java:shutdownFollowerState(110)) - b4f5d82c-04a6-4c81-89bd-99aee48f7148: shutdown b4f5d82c-04a6-4c81-89bd-99aee48f7148@group-2D4117255111-FollowerState
2022-06-15 07:34:03,598 [b4f5d82c-04a6-4c81-89bd-99aee48f7148@group-2D4117255111-FollowerState] INFO  server.RaftServer$Division (RaftServerImpl.java:setRole(299)) - b4f5d82c-04a6-4c81-89bd-99aee48f7148@group-2D4117255111: changes role from  FOLLOWER to CANDIDATE at term 0 for changeToCandidate
2022-06-15 07:34:03,598 [b4f5d82c-04a6-4c81-89bd-99aee48f7148@group-2D4117255111-FollowerState] INFO  server.RaftServerConfigKeys (ConfUtils.java:logGet(46)) - raft.server.leaderelection.pre-vote = false (custom)
2022-06-15 07:34:03,598 [b4f5d82c-04a6-4c81-89bd-99aee48f7148@group-2D4117255111-FollowerState] INFO  impl.RoleInfo (RoleInfo.java:updateAndGet(139)) - b4f5d82c-04a6-4c81-89bd-99aee48f7148: start b4f5d82c-04a6-4c81-89bd-99aee48f7148@group-2D4117255111-LeaderElection11
2022-06-15 07:34:03,604 [b4f5d82c-04a6-4c81-89bd-99aee48f7148@group-2D4117255111-LeaderElection11] INFO  impl.LeaderElection (LeaderElection.java:askForVotes(310)) - b4f5d82c-04a6-4c81-89bd-99aee48f7148@group-2D4117255111-LeaderElection11 ELECTION round 0: submit vote requests at term 1 for -1: [b4f5d82c-04a6-4c81-89bd-99aee48f7148|rpc:10.1.0.11:43229|priority:1], old=null
2022-06-15 07:34:03,605 [b4f5d82c-04a6-4c81-89bd-99aee48f7148@group-2D4117255111-LeaderElection11] INFO  impl.LeaderElection (LeaderElection.java:askForVotes(312)) - b4f5d82c-04a6-4c81-89bd-99aee48f7148@group-2D4117255111-LeaderElection11 ELECTION round 0: result PASSED (term=1)
2022-06-15 07:34:03,605 [b4f5d82c-04a6-4c81-89bd-99aee48f7148@group-2D4117255111-LeaderElection11] INFO  impl.RoleInfo (RoleInfo.java:shutdownLeaderElection(130)) - b4f5d82c-04a6-4c81-89bd-99aee48f7148: shutdown b4f5d82c-04a6-4c81-89bd-99aee48f7148@group-2D4117255111-LeaderElection11
2022-06-15 07:34:03,605 [b4f5d82c-04a6-4c81-89bd-99aee48f7148@group-2D4117255111-LeaderElection11] INFO  server.RaftServer$Division (RaftServerImpl.java:setRole(299)) - b4f5d82c-04a6-4c81-89bd-99aee48f7148@group-2D4117255111: changes role from CANDIDATE to LEADER at term 1 for changeToLeader
2022-06-15 07:34:03,605 [b4f5d82c-04a6-4c81-89bd-99aee48f7148@group-2D4117255111-LeaderElection11] INFO  ratis.XceiverServerRatis (XceiverServerRatis.java:handleLeaderChangedNotification(863)) - Leader change notification received for group: group-2D4117255111 with new leaderId: b4f5d82c-04a6-4c81-89bd-99aee48f7148
2022-06-15 07:34:03,605 [b4f5d82c-04a6-4c81-89bd-99aee48f7148@group-2D4117255111-LeaderElection11] INFO  server.RaftServer$Division (ServerState.java:setLeader(287)) - b4f5d82c-04a6-4c81-89bd-99aee48f7148@group-2D4117255111: change Leader from null to b4f5d82c-04a6-4c81-89bd-99aee48f7148 at term 1 for becomeLeader, leader elected after 5073ms
2022-06-15 07:34:03,605 [b4f5d82c-04a6-4c81-89bd-99aee48f7148@group-2D4117255111-LeaderElection11] INFO  server.RaftServerConfigKeys (ConfUtils.java:logGet(46)) - raft.server.staging.catchup.gap = 1000 (default)
2022-06-15 07:34:03,606 [b4f5d82c-04a6-4c81-89bd-99aee48f7148@group-2D4117255111-LeaderElection11] INFO  server.RaftServerConfigKeys (ConfUtils.java:logGet(46)) - raft.server.write.element-limit = 1024 (custom)
2022-06-15 07:34:03,606 [b4f5d82c-04a6-4c81-89bd-99aee48f7148@group-2D4117255111-LeaderElection11] INFO  server.RaftServerConfigKeys (ConfUtils.java:logGet(46)) - raft.server.write.byte-limit = 1024 M (=1073741824) (custom)
2022-06-15 07:34:03,607 [b4f5d82c-04a6-4c81-89bd-99aee48f7148@group-2D4117255111-LeaderElection11] INFO  server.RaftServerConfigKeys (ConfUtils.java:logGet(46)) - raft.server.watch.timeout = 10000ms (default)
2022-06-15 07:34:03,607 [b4f5d82c-04a6-4c81-89bd-99aee48f7148@group-2D4117255111-LeaderElection11] INFO  server.RaftServerConfigKeys (ConfUtils.java:logGet(46)) - raft.server.watch.timeout.denomination = 1s (default)
2022-06-15 07:34:03,607 [b4f5d82c-04a6-4c81-89bd-99aee48f7148@group-2D4117255111-LeaderElection11] INFO  server.RaftServerConfigKeys (ConfUtils.java:logGet(46)) - raft.server.watch.element-limit = 65536 (default)
2022-06-15 07:34:03,608 [b4f5d82c-04a6-4c81-89bd-99aee48f7148@group-2D4117255111-LeaderElection11] INFO  server.RaftServerConfigKeys (ConfUtils.java:logGet(46)) - raft.server.write.element-limit = 1024 (custom)
2022-06-15 07:34:03,608 [b4f5d82c-04a6-4c81-89bd-99aee48f7148@group-2D4117255111-LeaderElection11] INFO  server.RaftServerConfigKeys (ConfUtils.java:logGet(46)) - raft.server.write.follower.gap.ratio.max = -1.0 (default)
2022-06-15 07:34:03,608 [b4f5d82c-04a6-4c81-89bd-99aee48f7148@group-2D4117255111-LeaderElection11] INFO  impl.RoleInfo (RoleInfo.java:updateAndGet(139)) - b4f5d82c-04a6-4c81-89bd-99aee48f7148: start b4f5d82c-04a6-4c81-89bd-99aee48f7148@group-2D4117255111-LeaderStateImpl
2022-06-15 07:34:03,608 [b4f5d82c-04a6-4c81-89bd-99aee48f7148@group-2D4117255111-LeaderElection11] INFO  segmented.SegmentedRaftLogWorker (SegmentedRaftLogWorker.java:startLogSegment(425)) - b4f5d82c-04a6-4c81-89bd-99aee48f7148@group-2D4117255111-SegmentedRaftLogWorker: Starting segment from index:0
2022-06-15 07:34:03,610 [b4f5d82c-04a6-4c81-89bd-99aee48f7148@group-2D4117255111-SegmentedRaftLogWorker] INFO  segmented.SegmentedRaftLogWorker (SegmentedRaftLogWorker.java:execute(629)) - b4f5d82c-04a6-4c81-89bd-99aee48f7148@group-2D4117255111-SegmentedRaftLogWorker: created new log segment /home/runner/work/ozone/ozone/hadoop-ozone/integration-test/target/test-dir/MiniOzoneClusterImpl-589494f2-24de-4a8c-8650-9a890bc48d46/datanode-5/data/ratis/be7de8d6-b261-4375-91ae-2d4117255111/current/log_inprogress_0
2022-06-15 07:34:03,610 [b4f5d82c-04a6-4c81-89bd-99aee48f7148@group-2D4117255111-LeaderElection11] INFO  server.RaftServer$Division (ServerState.java:setRaftConf(393)) - b4f5d82c-04a6-4c81-89bd-99aee48f7148@group-2D4117255111: set configuration 0: [b4f5d82c-04a6-4c81-89bd-99aee48f7148|rpc:10.1.0.11:43229|dataStream:|priority:1], old=null
2022-06-15 07:34:03,623 [b4f5d82c-04a6-4c81-89bd-99aee48f7148@group-2D4117255111-StateMachineUpdater] INFO  ratis.ContainerStateMachine (ContainerStateMachine.java:takeSnapshot(304)) - group-2D4117255111: Taking a snapshot at:(t:1, i:0) file /home/runner/work/ozone/ozone/hadoop-ozone/integration-test/target/test-dir/MiniOzoneClusterImpl-589494f2-24de-4a8c-8650-9a890bc48d46/datanode-5/data/ratis/be7de8d6-b261-4375-91ae-2d4117255111/sm/snapshot.1_0
2022-06-15 07:34:03,624 [b4f5d82c-04a6-4c81-89bd-99aee48f7148@group-2D4117255111-StateMachineUpdater] INFO  ratis.ContainerStateMachine (ContainerStateMachine.java:takeSnapshot(315)) - group-2D4117255111: Finished taking a snapshot at:(t:1, i:0) file:/home/runner/work/ozone/ozone/hadoop-ozone/integration-test/target/test-dir/MiniOzoneClusterImpl-589494f2-24de-4a8c-8650-9a890bc48d46/datanode-5/data/ratis/be7de8d6-b261-4375-91ae-2d4117255111/sm/snapshot.1_0 took: 0 ms
2022-06-15 07:34:03,624 [b4f5d82c-04a6-4c81-89bd-99aee48f7148@group-2D4117255111-StateMachineUpdater] INFO  impl.StateMachineUpdater (StateMachineUpdater.java:takeSnapshot(287)) - b4f5d82c-04a6-4c81-89bd-99aee48f7148@group-2D4117255111-StateMachineUpdater: Took a snapshot at index 0
2022-06-15 07:34:03,624 [b4f5d82c-04a6-4c81-89bd-99aee48f7148@group-2D4117255111-StateMachineUpdater] INFO  impl.StateMachineUpdater (StateMachineUpdater.java:lambda$new$0(92)) - b4f5d82c-04a6-4c81-89bd-99aee48f7148@group-2D4117255111-StateMachineUpdater: snapshotIndex: updateIncreasingly -1 -> 0
2022-06-15 07:34:03,818 [FixedThreadPoolWithAffinityExecutor-0-0] WARN  container.IncrementalContainerReportHandler (AbstractContainerReportHandler.java:updateContainerState(255)) - Container #1 is in OPEN state, but the datanode b0a9d56e-b544-41cd-b2b1-b34d126127d5{ip: 10.1.0.11, host: fv-az121-418.xhy4bhhdincepo0av04agjzkjc.cx.internal.cloudapp.net, ports: [REPLICATION=45673, RATIS=34765, RATIS_ADMIN=34765, RATIS_SERVER=34765, STANDALONE=46291], networkLocation: /default-rack, certSerialId: null, persistedOpState: IN_SERVICE, persistedOpStateExpiryEpochSec: 0} reports an CLOSING replica.
2022-06-15 07:34:03,819 [Command processor thread] INFO  keyvalue.KeyValueContainer (KeyValueContainer.java:flushAndSyncDB(431)) - Container 1 is synced with bcsId 2.
2022-06-15 07:34:03,820 [Command processor thread] INFO  keyvalue.KeyValueContainer (KeyValueContainer.java:flushAndSyncDB(431)) - Container 1 is synced with bcsId 2.
2022-06-15 07:34:03,823 [FixedThreadPoolWithAffinityExecutor-9-0] WARN  container.IncrementalContainerReportHandler (AbstractContainerReportHandler.java:updateContainerState(255)) - Container #1 is in OPEN state, but the datanode b0a9d56e-b544-41cd-b2b1-b34d126127d5{ip: 10.1.0.11, host: fv-az121-418.xhy4bhhdincepo0av04agjzkjc.cx.internal.cloudapp.net, ports: [REPLICATION=45673, RATIS=34765, RATIS_ADMIN=34765, RATIS_SERVER=34765, STANDALONE=46291], networkLocation: /default-rack, certSerialId: null, persistedOpState: IN_SERVICE, persistedOpStateExpiryEpochSec: 0} reports an QUASI_CLOSED replica.
2022-06-15 07:34:03,823 [Command processor thread] INFO  commandhandler.CloseContainerCommandHandler (CloseContainerCommandHandler.java:handle(112)) - Marking Container 1 quasi closed
2022-06-15 07:34:03,862 [FixedThreadPoolWithAffinityExecutor-8-0] WARN  container.ContainerReportHandler (AbstractContainerReportHandler.java:updateContainerState(255)) - Container #1 is in OPEN state, but the datanode 657a5ecd-0fe1-496e-aa3e-85dbaec35512{ip: 10.1.0.11, host: fv-az121-418.xhy4bhhdincepo0av04agjzkjc.cx.internal.cloudapp.net, ports: [REPLICATION=36157, RATIS=33757, RATIS_ADMIN=33757, RATIS_SERVER=33757, STANDALONE=41369], networkLocation: /default-rack, certSerialId: null, persistedOpState: IN_SERVICE, persistedOpStateExpiryEpochSec: 0} reports an QUASI_CLOSED replica.
2022-06-15 07:34:04,023 [FixedThreadPoolWithAffinityExecutor-0-0] WARN  container.ContainerReportHandler (AbstractContainerReportHandler.java:updateContainerState(255)) - Container #1 is in OPEN state, but the datanode b0a9d56e-b544-41cd-b2b1-b34d126127d5{ip: 10.1.0.11, host: fv-az121-418.xhy4bhhdincepo0av04agjzkjc.cx.internal.cloudapp.net, ports: [REPLICATION=45673, RATIS=34765, RATIS_ADMIN=34765, RATIS_SERVER=34765, STANDALONE=46291], networkLocation: /default-rack, certSerialId: null, persistedOpState: IN_SERVICE, persistedOpStateExpiryEpochSec: 0} reports an QUASI_CLOSED replica.
2022-06-15 07:34:04,027 [a73ef743-905e-425d-956f-6fe1cf0283a9@group-01DBEE4F6C09-FollowerState] INFO  impl.FollowerState (FollowerState.java:run(143)) - a73ef743-905e-425d-956f-6fe1cf0283a9@group-01DBEE4F6C09-FollowerState: change to CANDIDATE, lastRpcElapsedTime:5063824745ns, electionTimeout:5063ms
2022-06-15 07:34:04,029 [a73ef743-905e-425d-956f-6fe1cf0283a9@group-01DBEE4F6C09-FollowerState] INFO  impl.RoleInfo (RoleInfo.java:shutdownFollowerState(110)) - a73ef743-905e-425d-956f-6fe1cf0283a9: shutdown a73ef743-905e-425d-956f-6fe1cf0283a9@group-01DBEE4F6C09-FollowerState
2022-06-15 07:34:04,029 [a73ef743-905e-425d-956f-6fe1cf0283a9@group-01DBEE4F6C09-FollowerState] INFO  server.RaftServer$Division (RaftServerImpl.java:setRole(299)) - a73ef743-905e-425d-956f-6fe1cf0283a9@group-01DBEE4F6C09: changes role from  FOLLOWER to CANDIDATE at term 0 for changeToCandidate
2022-06-15 07:34:04,029 [a73ef743-905e-425d-956f-6fe1cf0283a9@group-01DBEE4F6C09-FollowerState] INFO  server.RaftServerConfigKeys (ConfUtils.java:logGet(46)) - raft.server.leaderelection.pre-vote = false (custom)
2022-06-15 07:34:04,029 [a73ef743-905e-425d-956f-6fe1cf0283a9@group-01DBEE4F6C09-FollowerState] INFO  impl.RoleInfo (RoleInfo.java:updateAndGet(139)) - a73ef743-905e-425d-956f-6fe1cf0283a9: start a73ef743-905e-425d-956f-6fe1cf0283a9@group-01DBEE4F6C09-LeaderElection12
2022-06-15 07:34:04,035 [a73ef743-905e-425d-956f-6fe1cf0283a9@group-01DBEE4F6C09-LeaderElection12] INFO  impl.LeaderElection (LeaderElection.java:askForVotes(310)) - a73ef743-905e-425d-956f-6fe1cf0283a9@group-01DBEE4F6C09-LeaderElection12 ELECTION round 0: submit vote requests at term 1 for -1: [2ba0c2a5-1748-4da9-81e4-5266296b4b8f|rpc:10.1.0.11:43465|priority:1, a73ef743-905e-425d-956f-6fe1cf0283a9|rpc:10.1.0.11:34113|priority:0, 309b0a9a-ca0d-4cb3-b4c4-40bf1bc4f3ac|rpc:10.1.0.11:44617|priority:0], old=null
2022-06-15 07:34:04,044 [grpc-default-executor-2] INFO  server.RaftServer$Division (RaftServerImpl.java:requestVote(1152)) - 2ba0c2a5-1748-4da9-81e4-5266296b4b8f@group-01DBEE4F6C09: receive requestVote(ELECTION, a73ef743-905e-425d-956f-6fe1cf0283a9, group-01DBEE4F6C09, 1, (t:0, i:0))
2022-06-15 07:34:04,044 [grpc-default-executor-2] INFO  impl.VoteContext (VoteContext.java:log(48)) - 2ba0c2a5-1748-4da9-81e4-5266296b4b8f@group-01DBEE4F6C09-FOLLOWER: reject ELECTION from a73ef743-905e-425d-956f-6fe1cf0283a9: our priority 1 > candidate's priority 0
2022-06-15 07:34:04,044 [grpc-default-executor-2] INFO  server.RaftServer$Division (RaftServerImpl.java:setRole(299)) - 2ba0c2a5-1748-4da9-81e4-5266296b4b8f@group-01DBEE4F6C09: changes role from  FOLLOWER to FOLLOWER at term 1 for candidate:a73ef743-905e-425d-956f-6fe1cf0283a9
2022-06-15 07:34:04,044 [grpc-default-executor-2] INFO  impl.RoleInfo (RoleInfo.java:shutdownFollowerState(110)) - 2ba0c2a5-1748-4da9-81e4-5266296b4b8f: shutdown 2ba0c2a5-1748-4da9-81e4-5266296b4b8f@group-01DBEE4F6C09-FollowerState
2022-06-15 07:34:04,044 [grpc-default-executor-2] INFO  impl.RoleInfo (RoleInfo.java:updateAndGet(139)) - 2ba0c2a5-1748-4da9-81e4-5266296b4b8f: start 2ba0c2a5-1748-4da9-81e4-5266296b4b8f@group-01DBEE4F6C09-FollowerState
2022-06-15 07:34:04,044 [2ba0c2a5-1748-4da9-81e4-5266296b4b8f@group-01DBEE4F6C09-FollowerState] INFO  impl.FollowerState (FollowerState.java:run(152)) - 2ba0c2a5-1748-4da9-81e4-5266296b4b8f@group-01DBEE4F6C09-FollowerState was interrupted
2022-06-15 07:34:04,053 [309b0a9a-ca0d-4cb3-b4c4-40bf1bc4f3ac@group-01DBEE4F6C09-FollowerState] INFO  impl.FollowerState (FollowerState.java:run(143)) - 309b0a9a-ca0d-4cb3-b4c4-40bf1bc4f3ac@group-01DBEE4F6C09-FollowerState: change to CANDIDATE, lastRpcElapsedTime:5049533213ns, electionTimeout:5047ms
2022-06-15 07:34:04,053 [309b0a9a-ca0d-4cb3-b4c4-40bf1bc4f3ac@group-01DBEE4F6C09-FollowerState] INFO  impl.RoleInfo (RoleInfo.java:shutdownFollowerState(110)) - 309b0a9a-ca0d-4cb3-b4c4-40bf1bc4f3ac: shutdown 309b0a9a-ca0d-4cb3-b4c4-40bf1bc4f3ac@group-01DBEE4F6C09-FollowerState
2022-06-15 07:34:04,053 [309b0a9a-ca0d-4cb3-b4c4-40bf1bc4f3ac@group-01DBEE4F6C09-FollowerState] INFO  server.RaftServer$Division (RaftServerImpl.java:setRole(299)) - 309b0a9a-ca0d-4cb3-b4c4-40bf1bc4f3ac@group-01DBEE4F6C09: changes role from  FOLLOWER to CANDIDATE at term 0 for changeToCandidate
2022-06-15 07:34:04,053 [grpc-default-executor-2] INFO  server.RaftServer$Division (RaftServerImpl.java:requestVote(1184)) - 2ba0c2a5-1748-4da9-81e4-5266296b4b8f@group-01DBEE4F6C09 replies to ELECTION vote request: a73ef743-905e-425d-956f-6fe1cf0283a9<-2ba0c2a5-1748-4da9-81e4-5266296b4b8f#0:FAIL-t1. Peer's state: 2ba0c2a5-1748-4da9-81e4-5266296b4b8f@group-01DBEE4F6C09:t1, leader=null, voted=null, raftlog=2ba0c2a5-1748-4da9-81e4-5266296b4b8f@group-01DBEE4F6C09-SegmentedRaftLog:OPENED:c-1, conf=-1: [2ba0c2a5-1748-4da9-81e4-5266296b4b8f|rpc:10.1.0.11:43465|dataStream:|priority:1, a73ef743-905e-425d-956f-6fe1cf0283a9|rpc:10.1.0.11:34113|dataStream:|priority:0, 309b0a9a-ca0d-4cb3-b4c4-40bf1bc4f3ac|rpc:10.1.0.11:44617|dataStream:|priority:0], old=null
2022-06-15 07:34:04,053 [309b0a9a-ca0d-4cb3-b4c4-40bf1bc4f3ac@group-01DBEE4F6C09-FollowerState] INFO  server.RaftServerConfigKeys (ConfUtils.java:logGet(46)) - raft.server.leaderelection.pre-vote = false (custom)
2022-06-15 07:34:04,054 [309b0a9a-ca0d-4cb3-b4c4-40bf1bc4f3ac@group-01DBEE4F6C09-FollowerState] INFO  impl.RoleInfo (RoleInfo.java:updateAndGet(139)) - 309b0a9a-ca0d-4cb3-b4c4-40bf1bc4f3ac: start 309b0a9a-ca0d-4cb3-b4c4-40bf1bc4f3ac@group-01DBEE4F6C09-LeaderElection13
2022-06-15 07:34:04,054 [a73ef743-905e-425d-956f-6fe1cf0283a9@group-F776353CD424-FollowerState] INFO  impl.FollowerState (FollowerState.java:run(143)) - a73ef743-905e-425d-956f-6fe1cf0283a9@group-F776353CD424-FollowerState: change to CANDIDATE, lastRpcElapsedTime:5112478894ns, electionTimeout:5092ms
2022-06-15 07:34:04,069 [a73ef743-905e-425d-956f-6fe1cf0283a9@group-F776353CD424-FollowerState] INFO  impl.RoleInfo (RoleInfo.java:shutdownFollowerState(110)) - a73ef743-905e-425d-956f-6fe1cf0283a9: shutdown a73ef743-905e-425d-956f-6fe1cf0283a9@group-F776353CD424-FollowerState
2022-06-15 07:34:04,069 [a73ef743-905e-425d-956f-6fe1cf0283a9@group-F776353CD424-FollowerState] INFO  server.RaftServer$Division (RaftServerImpl.java:setRole(299)) - a73ef743-905e-425d-956f-6fe1cf0283a9@group-F776353CD424: changes role from  FOLLOWER to CANDIDATE at term 0 for changeToCandidate
2022-06-15 07:34:04,069 [a73ef743-905e-425d-956f-6fe1cf0283a9@group-F776353CD424-FollowerState] INFO  server.RaftServerConfigKeys (ConfUtils.java:logGet(46)) - raft.server.leaderelection.pre-vote = false (custom)
2022-06-15 07:34:04,069 [a73ef743-905e-425d-956f-6fe1cf0283a9@group-F776353CD424-FollowerState] INFO  impl.RoleInfo (RoleInfo.java:updateAndGet(139)) - a73ef743-905e-425d-956f-6fe1cf0283a9: start a73ef743-905e-425d-956f-6fe1cf0283a9@group-F776353CD424-LeaderElection14
2022-06-15 07:34:04,068 [FixedThreadPoolWithAffinityExecutor-9-0] WARN  container.ContainerReportHandler (AbstractContainerReportHandler.java:updateContainerState(255)) - Container #1 is in OPEN state, but the datanode 657a5ecd-0fe1-496e-aa3e-85dbaec35512{ip: 10.1.0.11, host: fv-az121-418.xhy4bhhdincepo0av04agjzkjc.cx.internal.cloudapp.net, ports: [REPLICATION=36157, RATIS=33757, RATIS_ADMIN=33757, RATIS_SERVER=33757, STANDALONE=41369], networkLocation: /default-rack, certSerialId: null, persistedOpState: IN_SERVICE, persistedOpStateExpiryEpochSec: 0} reports an QUASI_CLOSED replica.
2022-06-15 07:34:04,077 [a73ef743-905e-425d-956f-6fe1cf0283a9@group-01DBEE4F6C09-LeaderElection12] INFO  impl.LeaderElection (LeaderElection.java:logAndReturn(90)) - a73ef743-905e-425d-956f-6fe1cf0283a9@group-01DBEE4F6C09-LeaderElection12: ELECTION REJECTED received 1 response(s) and 0 exception(s):
2022-06-15 07:34:04,077 [a73ef743-905e-425d-956f-6fe1cf0283a9@group-01DBEE4F6C09-LeaderElection12] INFO  impl.LeaderElection (LeaderElection.java:logAndReturn(94)) -   Response 0: a73ef743-905e-425d-956f-6fe1cf0283a9<-2ba0c2a5-1748-4da9-81e4-5266296b4b8f#0:FAIL-t1
2022-06-15 07:34:04,077 [a73ef743-905e-425d-956f-6fe1cf0283a9@group-01DBEE4F6C09-LeaderElection12] INFO  impl.LeaderElection (LeaderElection.java:askForVotes(312)) - a73ef743-905e-425d-956f-6fe1cf0283a9@group-01DBEE4F6C09-LeaderElection12 ELECTION round 0: result REJECTED
2022-06-15 07:34:04,077 [a73ef743-905e-425d-956f-6fe1cf0283a9@group-01DBEE4F6C09-LeaderElection12] INFO  server.RaftServer$Division (RaftServerImpl.java:setRole(299)) - a73ef743-905e-425d-956f-6fe1cf0283a9@group-01DBEE4F6C09: changes role from CANDIDATE to FOLLOWER at term 1 for REJECTED
2022-06-15 07:34:04,077 [a73ef743-905e-425d-956f-6fe1cf0283a9@group-01DBEE4F6C09-LeaderElection12] INFO  impl.RoleInfo (RoleInfo.java:shutdownLeaderElection(130)) - a73ef743-905e-425d-956f-6fe1cf0283a9: shutdown a73ef743-905e-425d-956f-6fe1cf0283a9@group-01DBEE4F6C09-LeaderElection12
2022-06-15 07:34:04,077 [a73ef743-905e-425d-956f-6fe1cf0283a9@group-01DBEE4F6C09-LeaderElection12] INFO  impl.RoleInfo (RoleInfo.java:updateAndGet(139)) - a73ef743-905e-425d-956f-6fe1cf0283a9: start a73ef743-905e-425d-956f-6fe1cf0283a9@group-01DBEE4F6C09-FollowerState
2022-06-15 07:34:04,077 [grpc-default-executor-2] INFO  server.RaftServer$Division (RaftServerImpl.java:requestVote(1152)) - 309b0a9a-ca0d-4cb3-b4c4-40bf1bc4f3ac@group-01DBEE4F6C09: receive requestVote(ELECTION, a73ef743-905e-425d-956f-6fe1cf0283a9, group-01DBEE4F6C09, 1, (t:0, i:0))
2022-06-15 07:34:04,080 [309b0a9a-ca0d-4cb3-b4c4-40bf1bc4f3ac@group-01DBEE4F6C09-LeaderElection13] INFO  impl.LeaderElection (LeaderElection.java:askForVotes(310)) - 309b0a9a-ca0d-4cb3-b4c4-40bf1bc4f3ac@group-01DBEE4F6C09-LeaderElection13 ELECTION round 0: submit vote requests at term 1 for -1: [2ba0c2a5-1748-4da9-81e4-5266296b4b8f|rpc:10.1.0.11:43465|dataStream:|priority:1, a73ef743-905e-425d-956f-6fe1cf0283a9|rpc:10.1.0.11:34113|dataStream:|priority:0, 309b0a9a-ca0d-4cb3-b4c4-40bf1bc4f3ac|rpc:10.1.0.11:44617|dataStream:|priority:0], old=null
2022-06-15 07:34:04,080 [grpc-default-executor-2] INFO  impl.VoteContext (VoteContext.java:log(48)) - 309b0a9a-ca0d-4cb3-b4c4-40bf1bc4f3ac@group-01DBEE4F6C09-CANDIDATE: reject ELECTION from a73ef743-905e-425d-956f-6fe1cf0283a9: already has voted for 309b0a9a-ca0d-4cb3-b4c4-40bf1bc4f3ac at current term 1
2022-06-15 07:34:04,081 [grpc-default-executor-2] INFO  server.RaftServer$Division (RaftServerImpl.java:requestVote(1184)) - 309b0a9a-ca0d-4cb3-b4c4-40bf1bc4f3ac@group-01DBEE4F6C09 replies to ELECTION vote request: a73ef743-905e-425d-956f-6fe1cf0283a9<-309b0a9a-ca0d-4cb3-b4c4-40bf1bc4f3ac#0:FAIL-t1. Peer's state: 309b0a9a-ca0d-4cb3-b4c4-40bf1bc4f3ac@group-01DBEE4F6C09:t1, leader=null, voted=309b0a9a-ca0d-4cb3-b4c4-40bf1bc4f3ac, raftlog=309b0a9a-ca0d-4cb3-b4c4-40bf1bc4f3ac@group-01DBEE4F6C09-SegmentedRaftLog:OPENED:c-1, conf=-1: [2ba0c2a5-1748-4da9-81e4-5266296b4b8f|rpc:10.1.0.11:43465|dataStream:|priority:1, a73ef743-905e-425d-956f-6fe1cf0283a9|rpc:10.1.0.11:34113|dataStream:|priority:0, 309b0a9a-ca0d-4cb3-b4c4-40bf1bc4f3ac|rpc:10.1.0.11:44617|dataStream:|priority:0], old=null
2022-06-15 07:34:04,082 [a73ef743-905e-425d-956f-6fe1cf0283a9@group-F776353CD424-LeaderElection14] INFO  impl.LeaderElection (LeaderElection.java:askForVotes(310)) - a73ef743-905e-425d-956f-6fe1cf0283a9@group-F776353CD424-LeaderElection14 ELECTION round 0: submit vote requests at term 1 for -1: [a73ef743-905e-425d-956f-6fe1cf0283a9|rpc:10.1.0.11:34113|priority:1], old=null
2022-06-15 07:34:04,093 [a73ef743-905e-425d-956f-6fe1cf0283a9@group-F776353CD424-LeaderElection14] INFO  impl.LeaderElection (LeaderElection.java:askForVotes(312)) - a73ef743-905e-425d-956f-6fe1cf0283a9@group-F776353CD424-LeaderElection14 ELECTION round 0: result PASSED (term=1)
2022-06-15 07:34:04,094 [a73ef743-905e-425d-956f-6fe1cf0283a9@group-F776353CD424-LeaderElection14] INFO  impl.RoleInfo (RoleInfo.java:shutdownLeaderElection(130)) - a73ef743-905e-425d-956f-6fe1cf0283a9: shutdown a73ef743-905e-425d-956f-6fe1cf0283a9@group-F776353CD424-LeaderElection14
2022-06-15 07:34:04,094 [a73ef743-905e-425d-956f-6fe1cf0283a9@group-F776353CD424-LeaderElection14] INFO  server.RaftServer$Division (RaftServerImpl.java:setRole(299)) - a73ef743-905e-425d-956f-6fe1cf0283a9@group-F776353CD424: changes role from CANDIDATE to LEADER at term 1 for changeToLeader
2022-06-15 07:34:04,095 [a73ef743-905e-425d-956f-6fe1cf0283a9@group-F776353CD424-LeaderElection14] INFO  ratis.XceiverServerRatis (XceiverServerRatis.java:handleLeaderChangedNotification(863)) - Leader change notification received for group: group-F776353CD424 with new leaderId: a73ef743-905e-425d-956f-6fe1cf0283a9
2022-06-15 07:34:04,095 [a73ef743-905e-425d-956f-6fe1cf0283a9@group-F776353CD424-LeaderElection14] INFO  server.RaftServer$Division (ServerState.java:setLeader(287)) - a73ef743-905e-425d-956f-6fe1cf0283a9@group-F776353CD424: change Leader from null to a73ef743-905e-425d-956f-6fe1cf0283a9 at term 1 for becomeLeader, leader elected after 5161ms
2022-06-15 07:34:04,095 [a73ef743-905e-425d-956f-6fe1cf0283a9@group-F776353CD424-LeaderElection14] INFO  server.RaftServerConfigKeys (ConfUtils.java:logGet(46)) - raft.server.staging.catchup.gap = 1000 (default)
2022-06-15 07:34:04,097 [a73ef743-905e-425d-956f-6fe1cf0283a9@group-F776353CD424-LeaderElection14] INFO  server.RaftServerConfigKeys (ConfUtils.java:logGet(46)) - raft.server.write.element-limit = 1024 (custom)
2022-06-15 07:34:04,097 [a73ef743-905e-425d-956f-6fe1cf0283a9@group-F776353CD424-LeaderElection14] INFO  server.RaftServerConfigKeys (ConfUtils.java:logGet(46)) - raft.server.write.byte-limit = 1024 M (=1073741824) (custom)
2022-06-15 07:34:04,097 [a73ef743-905e-425d-956f-6fe1cf0283a9@group-F776353CD424-LeaderElection14] INFO  server.RaftServerConfigKeys (ConfUtils.java:logGet(46)) - raft.server.watch.timeout = 10000ms (default)
2022-06-15 07:34:04,097 [a73ef743-905e-425d-956f-6fe1cf0283a9@group-F776353CD424-LeaderElection14] INFO  server.RaftServerConfigKeys (ConfUtils.java:logGet(46)) - raft.server.watch.timeout.denomination = 1s (default)
2022-06-15 07:34:04,097 [a73ef743-905e-425d-956f-6fe1cf0283a9@group-F776353CD424-LeaderElection14] INFO  server.RaftServerConfigKeys (ConfUtils.java:logGet(46)) - raft.server.watch.element-limit = 65536 (default)
2022-06-15 07:34:04,097 [a73ef743-905e-425d-956f-6fe1cf0283a9@group-F776353CD424-LeaderElection14] INFO  server.RaftServerConfigKeys (ConfUtils.java:logGet(46)) - raft.server.write.element-limit = 1024 (custom)
2022-06-15 07:34:04,097 [a73ef743-905e-425d-956f-6fe1cf0283a9@group-F776353CD424-LeaderElection14] INFO  server.RaftServerConfigKeys (ConfUtils.java:logGet(46)) - raft.server.write.follower.gap.ratio.max = -1.0 (default)
2022-06-15 07:34:04,097 [a73ef743-905e-425d-956f-6fe1cf0283a9@group-F776353CD424-LeaderElection14] INFO  impl.RoleInfo (RoleInfo.java:updateAndGet(139)) - a73ef743-905e-425d-956f-6fe1cf0283a9: start a73ef743-905e-425d-956f-6fe1cf0283a9@group-F776353CD424-LeaderStateImpl
2022-06-15 07:34:04,098 [a73ef743-905e-425d-956f-6fe1cf0283a9@group-F776353CD424-LeaderElection14] INFO  segmented.SegmentedRaftLogWorker (SegmentedRaftLogWorker.java:startLogSegment(425)) - a73ef743-905e-425d-956f-6fe1cf0283a9@group-F776353CD424-SegmentedRaftLogWorker: Starting segment from index:0
2022-06-15 07:34:04,099 [a73ef743-905e-425d-956f-6fe1cf0283a9@group-F776353CD424-SegmentedRaftLogWorker] INFO  segmented.SegmentedRaftLogWorker (SegmentedRaftLogWorker.java:execute(629)) - a73ef743-905e-425d-956f-6fe1cf0283a9@group-F776353CD424-SegmentedRaftLogWorker: created new log segment /home/runner/work/ozone/ozone/hadoop-ozone/integration-test/target/test-dir/MiniOzoneClusterImpl-589494f2-24de-4a8c-8650-9a890bc48d46/datanode-6/data/ratis/30eb1841-1c0d-45f5-b929-f776353cd424/current/log_inprogress_0
2022-06-15 07:34:04,147 [grpc-default-executor-2] INFO  server.RaftServer$Division (RaftServerImpl.java:requestVote(1152)) - 2ba0c2a5-1748-4da9-81e4-5266296b4b8f@group-01DBEE4F6C09: receive requestVote(ELECTION, 309b0a9a-ca0d-4cb3-b4c4-40bf1bc4f3ac, group-01DBEE4F6C09, 1, (t:0, i:0))
2022-06-15 07:34:04,147 [grpc-default-executor-2] INFO  impl.VoteContext (VoteContext.java:log(48)) - 2ba0c2a5-1748-4da9-81e4-5266296b4b8f@group-01DBEE4F6C09-FOLLOWER: reject ELECTION from 309b0a9a-ca0d-4cb3-b4c4-40bf1bc4f3ac: our priority 1 > candidate's priority 0
2022-06-15 07:34:04,147 [grpc-default-executor-2] INFO  server.RaftServer$Division (RaftServerImpl.java:setRole(299)) - 2ba0c2a5-1748-4da9-81e4-5266296b4b8f@group-01DBEE4F6C09: changes role from  FOLLOWER to FOLLOWER at term 1 for candidate:309b0a9a-ca0d-4cb3-b4c4-40bf1bc4f3ac
2022-06-15 07:34:04,147 [grpc-default-executor-2] INFO  impl.RoleInfo (RoleInfo.java:shutdownFollowerState(110)) - 2ba0c2a5-1748-4da9-81e4-5266296b4b8f: shutdown 2ba0c2a5-1748-4da9-81e4-5266296b4b8f@group-01DBEE4F6C09-FollowerState
2022-06-15 07:34:04,147 [grpc-default-executor-2] INFO  impl.RoleInfo (RoleInfo.java:updateAndGet(139)) - 2ba0c2a5-1748-4da9-81e4-5266296b4b8f: start 2ba0c2a5-1748-4da9-81e4-5266296b4b8f@group-01DBEE4F6C09-FollowerState
2022-06-15 07:34:04,147 [2ba0c2a5-1748-4da9-81e4-5266296b4b8f@group-01DBEE4F6C09-FollowerState] INFO  impl.FollowerState (FollowerState.java:run(152)) - 2ba0c2a5-1748-4da9-81e4-5266296b4b8f@group-01DBEE4F6C09-FollowerState was interrupted
2022-06-15 07:34:04,147 [grpc-default-executor-2] INFO  server.RaftServer$Division (RaftServerImpl.java:requestVote(1184)) - 2ba0c2a5-1748-4da9-81e4-5266296b4b8f@group-01DBEE4F6C09 replies to ELECTION vote request: 309b0a9a-ca0d-4cb3-b4c4-40bf1bc4f3ac<-2ba0c2a5-1748-4da9-81e4-5266296b4b8f#0:FAIL-t1. Peer's state: 2ba0c2a5-1748-4da9-81e4-5266296b4b8f@group-01DBEE4F6C09:t1, leader=null, voted=null, raftlog=2ba0c2a5-1748-4da9-81e4-5266296b4b8f@group-01DBEE4F6C09-SegmentedRaftLog:OPENED:c-1, conf=-1: [2ba0c2a5-1748-4da9-81e4-5266296b4b8f|rpc:10.1.0.11:43465|dataStream:|priority:1, a73ef743-905e-425d-956f-6fe1cf0283a9|rpc:10.1.0.11:34113|dataStream:|priority:0, 309b0a9a-ca0d-4cb3-b4c4-40bf1bc4f3ac|rpc:10.1.0.11:44617|dataStream:|priority:0], old=null
2022-06-15 07:34:04,149 [309b0a9a-ca0d-4cb3-b4c4-40bf1bc4f3ac@group-01DBEE4F6C09-LeaderElection13] INFO  impl.LeaderElection (LeaderElection.java:logAndReturn(90)) - 309b0a9a-ca0d-4cb3-b4c4-40bf1bc4f3ac@group-01DBEE4F6C09-LeaderElection13: ELECTION REJECTED received 1 response(s) and 0 exception(s):
2022-06-15 07:34:04,149 [309b0a9a-ca0d-4cb3-b4c4-40bf1bc4f3ac@group-01DBEE4F6C09-LeaderElection13] INFO  impl.LeaderElection (LeaderElection.java:logAndReturn(94)) -   Response 0: 309b0a9a-ca0d-4cb3-b4c4-40bf1bc4f3ac<-2ba0c2a5-1748-4da9-81e4-5266296b4b8f#0:FAIL-t1
2022-06-15 07:34:04,149 [309b0a9a-ca0d-4cb3-b4c4-40bf1bc4f3ac@group-01DBEE4F6C09-LeaderElection13] INFO  impl.LeaderElection (LeaderElection.java:askForVotes(312)) - 309b0a9a-ca0d-4cb3-b4c4-40bf1bc4f3ac@group-01DBEE4F6C09-LeaderElection13 ELECTION round 0: result REJECTED
2022-06-15 07:34:04,149 [309b0a9a-ca0d-4cb3-b4c4-40bf1bc4f3ac@group-01DBEE4F6C09-LeaderElection13] INFO  server.RaftServer$Division (RaftServerImpl.java:setRole(299)) - 309b0a9a-ca0d-4cb3-b4c4-40bf1bc4f3ac@group-01DBEE4F6C09: changes role from CANDIDATE to FOLLOWER at term 1 for REJECTED
2022-06-15 07:34:04,149 [309b0a9a-ca0d-4cb3-b4c4-40bf1bc4f3ac@group-01DBEE4F6C09-LeaderElection13] INFO  impl.RoleInfo (RoleInfo.java:shutdownLeaderElection(130)) - 309b0a9a-ca0d-4cb3-b4c4-40bf1bc4f3ac: shutdown 309b0a9a-ca0d-4cb3-b4c4-40bf1bc4f3ac@group-01DBEE4F6C09-LeaderElection13
2022-06-15 07:34:04,149 [309b0a9a-ca0d-4cb3-b4c4-40bf1bc4f3ac@group-01DBEE4F6C09-LeaderElection13] INFO  impl.RoleInfo (RoleInfo.java:updateAndGet(139)) - 309b0a9a-ca0d-4cb3-b4c4-40bf1bc4f3ac: start 309b0a9a-ca0d-4cb3-b4c4-40bf1bc4f3ac@group-01DBEE4F6C09-FollowerState
2022-06-15 07:34:04,152 [grpc-default-executor-0] INFO  server.RaftServer$Division (RaftServerImpl.java:requestVote(1152)) - a73ef743-905e-425d-956f-6fe1cf0283a9@group-01DBEE4F6C09: receive requestVote(ELECTION, 309b0a9a-ca0d-4cb3-b4c4-40bf1bc4f3ac, group-01DBEE4F6C09, 1, (t:0, i:0))
2022-06-15 07:34:04,152 [grpc-default-executor-0] INFO  impl.VoteContext (VoteContext.java:log(48)) - a73ef743-905e-425d-956f-6fe1cf0283a9@group-01DBEE4F6C09-FOLLOWER: reject ELECTION from 309b0a9a-ca0d-4cb3-b4c4-40bf1bc4f3ac: already has voted for a73ef743-905e-425d-956f-6fe1cf0283a9 at current term 1
2022-06-15 07:34:04,153 [grpc-default-executor-0] INFO  server.RaftServer$Division (RaftServerImpl.java:requestVote(1184)) - a73ef743-905e-425d-956f-6fe1cf0283a9@group-01DBEE4F6C09 replies to ELECTION vote request: 309b0a9a-ca0d-4cb3-b4c4-40bf1bc4f3ac<-a73ef743-905e-425d-956f-6fe1cf0283a9#0:FAIL-t1. Peer's state: a73ef743-905e-425d-956f-6fe1cf0283a9@group-01DBEE4F6C09:t1, leader=null, voted=a73ef743-905e-425d-956f-6fe1cf0283a9, raftlog=a73ef743-905e-425d-956f-6fe1cf0283a9@group-01DBEE4F6C09-SegmentedRaftLog:OPENED:c-1, conf=-1: [2ba0c2a5-1748-4da9-81e4-5266296b4b8f|rpc:10.1.0.11:43465|priority:1, a73ef743-905e-425d-956f-6fe1cf0283a9|rpc:10.1.0.11:34113|priority:0, 309b0a9a-ca0d-4cb3-b4c4-40bf1bc4f3ac|rpc:10.1.0.11:44617|priority:0], old=null
2022-06-15 07:34:04,155 [a73ef743-905e-425d-956f-6fe1cf0283a9@group-F776353CD424-LeaderElection14] INFO  server.RaftServer$Division (ServerState.java:setRaftConf(393)) - a73ef743-905e-425d-956f-6fe1cf0283a9@group-F776353CD424: set configuration 0: [a73ef743-905e-425d-956f-6fe1cf0283a9|rpc:10.1.0.11:34113|dataStream:|priority:1], old=null
2022-06-15 07:34:04,156 [a73ef743-905e-425d-956f-6fe1cf0283a9@group-F776353CD424-StateMachineUpdater] INFO  ratis.ContainerStateMachine (ContainerStateMachine.java:takeSnapshot(304)) - group-F776353CD424: Taking a snapshot at:(t:1, i:0) file /home/runner/work/ozone/ozone/hadoop-ozone/integration-test/target/test-dir/MiniOzoneClusterImpl-589494f2-24de-4a8c-8650-9a890bc48d46/datanode-6/data/ratis/30eb1841-1c0d-45f5-b929-f776353cd424/sm/snapshot.1_0
2022-06-15 07:34:04,158 [a73ef743-905e-425d-956f-6fe1cf0283a9@group-F776353CD424-StateMachineUpdater] INFO  ratis.ContainerStateMachine (ContainerStateMachine.java:takeSnapshot(315)) - group-F776353CD424: Finished taking a snapshot at:(t:1, i:0) file:/home/runner/work/ozone/ozone/hadoop-ozone/integration-test/target/test-dir/MiniOzoneClusterImpl-589494f2-24de-4a8c-8650-9a890bc48d46/datanode-6/data/ratis/30eb1841-1c0d-45f5-b929-f776353cd424/sm/snapshot.1_0 took: 2 ms
2022-06-15 07:34:04,158 [a73ef743-905e-425d-956f-6fe1cf0283a9@group-F776353CD424-StateMachineUpdater] INFO  impl.StateMachineUpdater (StateMachineUpdater.java:takeSnapshot(287)) - a73ef743-905e-425d-956f-6fe1cf0283a9@group-F776353CD424-StateMachineUpdater: Took a snapshot at index 0
2022-06-15 07:34:04,158 [a73ef743-905e-425d-956f-6fe1cf0283a9@group-F776353CD424-StateMachineUpdater] INFO  impl.StateMachineUpdater (StateMachineUpdater.java:lambda$new$0(92)) - a73ef743-905e-425d-956f-6fe1cf0283a9@group-F776353CD424-StateMachineUpdater: snapshotIndex: updateIncreasingly -1 -> 0
2022-06-15 07:34:04,192 [2ba0c2a5-1748-4da9-81e4-5266296b4b8f@group-1CD1852B66C7-FollowerState] INFO  impl.FollowerState (FollowerState.java:run(143)) - 2ba0c2a5-1748-4da9-81e4-5266296b4b8f@group-1CD1852B66C7-FollowerState: change to CANDIDATE, lastRpcElapsedTime:5086020249ns, electionTimeout:5085ms
2022-06-15 07:34:04,192 [2ba0c2a5-1748-4da9-81e4-5266296b4b8f@group-1CD1852B66C7-FollowerState] INFO  impl.RoleInfo (RoleInfo.java:shutdownFollowerState(110)) - 2ba0c2a5-1748-4da9-81e4-5266296b4b8f: shutdown 2ba0c2a5-1748-4da9-81e4-5266296b4b8f@group-1CD1852B66C7-FollowerState
2022-06-15 07:34:04,192 [2ba0c2a5-1748-4da9-81e4-5266296b4b8f@group-1CD1852B66C7-FollowerState] INFO  server.RaftServer$Division (RaftServerImpl.java:setRole(299)) - 2ba0c2a5-1748-4da9-81e4-5266296b4b8f@group-1CD1852B66C7: changes role from  FOLLOWER to CANDIDATE at term 0 for changeToCandidate
2022-06-15 07:34:04,192 [2ba0c2a5-1748-4da9-81e4-5266296b4b8f@group-1CD1852B66C7-FollowerState] INFO  server.RaftServerConfigKeys (ConfUtils.java:logGet(46)) - raft.server.leaderelection.pre-vote = false (custom)
2022-06-15 07:34:04,192 [2ba0c2a5-1748-4da9-81e4-5266296b4b8f@group-1CD1852B66C7-FollowerState] INFO  impl.RoleInfo (RoleInfo.java:updateAndGet(139)) - 2ba0c2a5-1748-4da9-81e4-5266296b4b8f: start 2ba0c2a5-1748-4da9-81e4-5266296b4b8f@group-1CD1852B66C7-LeaderElection15
2022-06-15 07:34:04,195 [2ba0c2a5-1748-4da9-81e4-5266296b4b8f@group-1CD1852B66C7-LeaderElection15] INFO  impl.LeaderElection (LeaderElection.java:askForVotes(310)) - 2ba0c2a5-1748-4da9-81e4-5266296b4b8f@group-1CD1852B66C7-LeaderElection15 ELECTION round 0: submit vote requests at term 1 for -1: [2ba0c2a5-1748-4da9-81e4-5266296b4b8f|rpc:10.1.0.11:43465|dataStream:|priority:0, a73ef743-905e-425d-956f-6fe1cf0283a9|rpc:10.1.0.11:34113|dataStream:|priority:1, 309b0a9a-ca0d-4cb3-b4c4-40bf1bc4f3ac|rpc:10.1.0.11:44617|dataStream:|priority:0], old=null
2022-06-15 07:34:04,205 [grpc-default-executor-0] INFO  server.RaftServer$Division (RaftServerImpl.java:requestVote(1152)) - a73ef743-905e-425d-956f-6fe1cf0283a9@group-1CD1852B66C7: receive requestVote(ELECTION, 2ba0c2a5-1748-4da9-81e4-5266296b4b8f, group-1CD1852B66C7, 1, (t:0, i:0))
2022-06-15 07:34:04,205 [grpc-default-executor-0] INFO  impl.VoteContext (VoteContext.java:log(48)) - a73ef743-905e-425d-956f-6fe1cf0283a9@group-1CD1852B66C7-FOLLOWER: reject ELECTION from 2ba0c2a5-1748-4da9-81e4-5266296b4b8f: our priority 1 > candidate's priority 0
2022-06-15 07:34:04,205 [grpc-default-executor-0] INFO  server.RaftServer$Division (RaftServerImpl.java:setRole(299)) - a73ef743-905e-425d-956f-6fe1cf0283a9@group-1CD1852B66C7: changes role from  FOLLOWER to FOLLOWER at term 1 for candidate:2ba0c2a5-1748-4da9-81e4-5266296b4b8f
2022-06-15 07:34:04,205 [grpc-default-executor-0] INFO  impl.RoleInfo (RoleInfo.java:shutdownFollowerState(110)) - a73ef743-905e-425d-956f-6fe1cf0283a9: shutdown a73ef743-905e-425d-956f-6fe1cf0283a9@group-1CD1852B66C7-FollowerState
2022-06-15 07:34:04,205 [grpc-default-executor-0] INFO  impl.RoleInfo (RoleInfo.java:updateAndGet(139)) - a73ef743-905e-425d-956f-6fe1cf0283a9: start a73ef743-905e-425d-956f-6fe1cf0283a9@group-1CD1852B66C7-FollowerState
2022-06-15 07:34:04,205 [a73ef743-905e-425d-956f-6fe1cf0283a9@group-1CD1852B66C7-FollowerState] INFO  impl.FollowerState (FollowerState.java:run(152)) - a73ef743-905e-425d-956f-6fe1cf0283a9@group-1CD1852B66C7-FollowerState was interrupted
2022-06-15 07:34:04,207 [grpc-default-executor-0] INFO  server.RaftServer$Division (RaftServerImpl.java:requestVote(1184)) - a73ef743-905e-425d-956f-6fe1cf0283a9@group-1CD1852B66C7 replies to ELECTION vote request: 2ba0c2a5-1748-4da9-81e4-5266296b4b8f<-a73ef743-905e-425d-956f-6fe1cf0283a9#0:FAIL-t1. Peer's state: a73ef743-905e-425d-956f-6fe1cf0283a9@group-1CD1852B66C7:t1, leader=null, voted=null, raftlog=a73ef743-905e-425d-956f-6fe1cf0283a9@group-1CD1852B66C7-SegmentedRaftLog:OPENED:c-1, conf=-1: [2ba0c2a5-1748-4da9-81e4-5266296b4b8f|rpc:10.1.0.11:43465|priority:0, a73ef743-905e-425d-956f-6fe1cf0283a9|rpc:10.1.0.11:34113|priority:1, 309b0a9a-ca0d-4cb3-b4c4-40bf1bc4f3ac|rpc:10.1.0.11:44617|priority:0], old=null
2022-06-15 07:34:04,207 [grpc-default-executor-2] INFO  server.RaftServer$Division (RaftServerImpl.java:requestVote(1152)) - 309b0a9a-ca0d-4cb3-b4c4-40bf1bc4f3ac@group-1CD1852B66C7: receive requestVote(ELECTION, 2ba0c2a5-1748-4da9-81e4-5266296b4b8f, group-1CD1852B66C7, 1, (t:0, i:0))
2022-06-15 07:34:04,209 [grpc-default-executor-2] INFO  impl.VoteContext (VoteContext.java:log(48)) - 309b0a9a-ca0d-4cb3-b4c4-40bf1bc4f3ac@group-1CD1852B66C7-FOLLOWER: accept ELECTION from 2ba0c2a5-1748-4da9-81e4-5266296b4b8f: our priority 0 <= candidate's priority 0
2022-06-15 07:34:04,209 [grpc-default-executor-2] INFO  server.RaftServer$Division (RaftServerImpl.java:setRole(299)) - 309b0a9a-ca0d-4cb3-b4c4-40bf1bc4f3ac@group-1CD1852B66C7: changes role from  FOLLOWER to FOLLOWER at term 1 for candidate:2ba0c2a5-1748-4da9-81e4-5266296b4b8f
2022-06-15 07:34:04,209 [grpc-default-executor-2] INFO  impl.RoleInfo (RoleInfo.java:shutdownFollowerState(110)) - 309b0a9a-ca0d-4cb3-b4c4-40bf1bc4f3ac: shutdown 309b0a9a-ca0d-4cb3-b4c4-40bf1bc4f3ac@group-1CD1852B66C7-FollowerState
2022-06-15 07:34:04,209 [grpc-default-executor-2] INFO  impl.RoleInfo (RoleInfo.java:updateAndGet(139)) - 309b0a9a-ca0d-4cb3-b4c4-40bf1bc4f3ac: start 309b0a9a-ca0d-4cb3-b4c4-40bf1bc4f3ac@group-1CD1852B66C7-FollowerState
2022-06-15 07:34:04,209 [309b0a9a-ca0d-4cb3-b4c4-40bf1bc4f3ac@group-1CD1852B66C7-FollowerState] INFO  impl.FollowerState (FollowerState.java:run(152)) - 309b0a9a-ca0d-4cb3-b4c4-40bf1bc4f3ac@group-1CD1852B66C7-FollowerState was interrupted
2022-06-15 07:34:04,211 [grpc-default-executor-2] INFO  server.RaftServer$Division (RaftServerImpl.java:requestVote(1184)) - 309b0a9a-ca0d-4cb3-b4c4-40bf1bc4f3ac@group-1CD1852B66C7 replies to ELECTION vote request: 2ba0c2a5-1748-4da9-81e4-5266296b4b8f<-309b0a9a-ca0d-4cb3-b4c4-40bf1bc4f3ac#0:OK-t1. Peer's state: 309b0a9a-ca0d-4cb3-b4c4-40bf1bc4f3ac@group-1CD1852B66C7:t1, leader=null, voted=2ba0c2a5-1748-4da9-81e4-5266296b4b8f, raftlog=309b0a9a-ca0d-4cb3-b4c4-40bf1bc4f3ac@group-1CD1852B66C7-SegmentedRaftLog:OPENED:c-1, conf=-1: [2ba0c2a5-1748-4da9-81e4-5266296b4b8f|rpc:10.1.0.11:43465|dataStream:|priority:0, a73ef743-905e-425d-956f-6fe1cf0283a9|rpc:10.1.0.11:34113|dataStream:|priority:1, 309b0a9a-ca0d-4cb3-b4c4-40bf1bc4f3ac|rpc:10.1.0.11:44617|dataStream:|priority:0], old=null
2022-06-15 07:34:04,213 [2ba0c2a5-1748-4da9-81e4-5266296b4b8f@group-1CD1852B66C7-LeaderElection15] INFO  impl.LeaderElection (LeaderElection.java:logAndReturn(90)) - 2ba0c2a5-1748-4da9-81e4-5266296b4b8f@group-1CD1852B66C7-LeaderElection15: ELECTION REJECTED received 1 response(s) and 0 exception(s):
2022-06-15 07:34:04,213 [2ba0c2a5-1748-4da9-81e4-5266296b4b8f@group-1CD1852B66C7-LeaderElection15] INFO  impl.LeaderElection (LeaderElection.java:logAndReturn(94)) -   Response 0: 2ba0c2a5-1748-4da9-81e4-5266296b4b8f<-a73ef743-905e-425d-956f-6fe1cf0283a9#0:FAIL-t1
2022-06-15 07:34:04,213 [2ba0c2a5-1748-4da9-81e4-5266296b4b8f@group-1CD1852B66C7-LeaderElection15] INFO  impl.LeaderElection (LeaderElection.java:askForVotes(312)) - 2ba0c2a5-1748-4da9-81e4-5266296b4b8f@group-1CD1852B66C7-LeaderElection15 ELECTION round 0: result REJECTED
2022-06-15 07:34:04,213 [2ba0c2a5-1748-4da9-81e4-5266296b4b8f@group-1CD1852B66C7-LeaderElection15] INFO  server.RaftServer$Division (RaftServerImpl.java:setRole(299)) - 2ba0c2a5-1748-4da9-81e4-5266296b4b8f@group-1CD1852B66C7: changes role from CANDIDATE to FOLLOWER at term 1 for REJECTED
2022-06-15 07:34:04,213 [2ba0c2a5-1748-4da9-81e4-5266296b4b8f@group-1CD1852B66C7-LeaderElection15] INFO  impl.RoleInfo (RoleInfo.java:shutdownLeaderElection(130)) - 2ba0c2a5-1748-4da9-81e4-5266296b4b8f: shutdown 2ba0c2a5-1748-4da9-81e4-5266296b4b8f@group-1CD1852B66C7-LeaderElection15
2022-06-15 07:34:04,213 [2ba0c2a5-1748-4da9-81e4-5266296b4b8f@group-1CD1852B66C7-LeaderElection15] INFO  impl.RoleInfo (RoleInfo.java:updateAndGet(139)) - 2ba0c2a5-1748-4da9-81e4-5266296b4b8f: start 2ba0c2a5-1748-4da9-81e4-5266296b4b8f@group-1CD1852B66C7-FollowerState
2022-06-15 07:34:04,224 [FixedThreadPoolWithAffinityExecutor-0-0] WARN  container.ContainerReportHandler (AbstractContainerReportHandler.java:updateContainerState(255)) - Container #1 is in OPEN state, but the datanode b0a9d56e-b544-41cd-b2b1-b34d126127d5{ip: 10.1.0.11, host: fv-az121-418.xhy4bhhdincepo0av04agjzkjc.cx.internal.cloudapp.net, ports: [REPLICATION=45673, RATIS=34765, RATIS_ADMIN=34765, RATIS_SERVER=34765, STANDALONE=46291], networkLocation: /default-rack, certSerialId: null, persistedOpState: IN_SERVICE, persistedOpStateExpiryEpochSec: 0} reports an QUASI_CLOSED replica.
2022-06-15 07:34:04,262 [FixedThreadPoolWithAffinityExecutor-1-0] WARN  container.ContainerReportHandler (AbstractContainerReportHandler.java:updateContainerState(255)) - Container #1 is in OPEN state, but the datanode 657a5ecd-0fe1-496e-aa3e-85dbaec35512{ip: 10.1.0.11, host: fv-az121-418.xhy4bhhdincepo0av04agjzkjc.cx.internal.cloudapp.net, ports: [REPLICATION=36157, RATIS=33757, RATIS_ADMIN=33757, RATIS_SERVER=33757, STANDALONE=41369], networkLocation: /default-rack, certSerialId: null, persistedOpState: IN_SERVICE, persistedOpStateExpiryEpochSec: 0} reports an QUASI_CLOSED replica.
2022-06-15 07:34:04,365 [FixedThreadPoolWithAffinityExecutor-0-0] WARN  container.IncrementalContainerReportHandler (AbstractContainerReportHandler.java:updateContainerState(255)) - Container #1 is in OPEN state, but the datanode 543aeec3-c74a-41c2-8a93-8d529b3aabc8{ip: 10.1.0.11, host: fv-az121-418.xhy4bhhdincepo0av04agjzkjc.cx.internal.cloudapp.net, ports: [REPLICATION=36317, RATIS=41193, RATIS_ADMIN=41193, RATIS_SERVER=41193, STANDALONE=38087], networkLocation: /default-rack, certSerialId: null, persistedOpState: IN_SERVICE, persistedOpStateExpiryEpochSec: 0} reports an CLOSING replica.
2022-06-15 07:34:04,366 [Command processor thread] INFO  keyvalue.KeyValueContainer (KeyValueContainer.java:flushAndSyncDB(431)) - Container 1 is synced with bcsId 2.
2022-06-15 07:34:04,366 [Command processor thread] INFO  keyvalue.KeyValueContainer (KeyValueContainer.java:flushAndSyncDB(431)) - Container 1 is synced with bcsId 2.
2022-06-15 07:34:04,368 [Command processor thread] INFO  commandhandler.CloseContainerCommandHandler (CloseContainerCommandHandler.java:handle(112)) - Marking Container 1 quasi closed
2022-06-15 07:34:04,372 [FixedThreadPoolWithAffinityExecutor-9-0] WARN  container.IncrementalContainerReportHandler (AbstractContainerReportHandler.java:updateContainerState(255)) - Container #1 is in OPEN state, but the datanode 543aeec3-c74a-41c2-8a93-8d529b3aabc8{ip: 10.1.0.11, host: fv-az121-418.xhy4bhhdincepo0av04agjzkjc.cx.internal.cloudapp.net, ports: [REPLICATION=36317, RATIS=41193, RATIS_ADMIN=41193, RATIS_SERVER=41193, STANDALONE=38087], networkLocation: /default-rack, certSerialId: null, persistedOpState: IN_SERVICE, persistedOpStateExpiryEpochSec: 0} reports an QUASI_CLOSED replica.
07:34:04.370 [543aeec3-c74a-41c2-8a93-8d529b3aabc8-client-thread2] ERROR DNAudit - user=null | ip=null | op=PUT_BLOCK {blockData=[blockId=conID: 1 locID: 109611004723200001 bcsId: 0, size=5]} | ret=FAILURE
org.apache.hadoop.hdds.scm.container.common.helpers.ContainerNotOpenException: Container 1 in QUASI_CLOSED state
	at org.apache.hadoop.ozone.container.common.impl.HddsDispatcher.validateContainerCommand(HddsDispatcher.java:489) ~[hdds-container-service-1.3.0-SNAPSHOT.jar:?]
	at org.apache.hadoop.ozone.container.common.transport.server.ratis.ContainerStateMachine.startTransaction(ContainerStateMachine.java:330) ~[hdds-container-service-1.3.0-SNAPSHOT.jar:?]
	at org.apache.ratis.server.impl.RaftServerImpl.submitClientRequestAsync(RaftServerImpl.java:839) ~[ratis-server-2.3.0.jar:2.3.0]
	at org.apache.ratis.server.impl.RaftServerImpl.lambda$null$12(RaftServerImpl.java:783) ~[ratis-server-2.3.0.jar:2.3.0]
	at org.apache.ratis.util.JavaUtils.callAsUnchecked(JavaUtils.java:115) ~[ratis-common-2.3.0.jar:2.3.0]
	at org.apache.ratis.server.impl.RaftServerImpl.lambda$executeSubmitClientRequestAsync$13(RaftServerImpl.java:783) ~[ratis-server-2.3.0.jar:2.3.0]
	at java.util.concurrent.CompletableFuture$AsyncSupply.run(CompletableFuture.java:1604) [?:1.8.0_332]
	at java.util.concurrent.ThreadPoolExecutor.runWorker(ThreadPoolExecutor.java:1149) [?:1.8.0_332]
	at java.util.concurrent.ThreadPoolExecutor$Worker.run(ThreadPoolExecutor.java:624) [?:1.8.0_332]
	at java.lang.Thread.run(Thread.java:750) [?:1.8.0_332]
2022-06-15 07:34:04,432 [grpc-default-executor-2] ERROR impl.OrderedAsync (OrderedAsync.java:lambda$send$4(175)) - Failed to send request, message=cmdType: PutBlock
traceID: ""
containerID: 1
datanodeUuid: "b0a9d56e-b544-41cd-b2b1-b34d126127d5"
putBlock {
  blockData {
    blockID {
      containerID: 1
      localID: 109611004723200001
      blockCommitSequenceId: 0
    }
    metadata {
      key: "TYPE"
      value: "KEY"
    }
    chunks {
      chunkName: "109611004723200001_chunk_1"
      offset: 0
      len: 5
      checksumData {
        type: CRC32
        bytesPerChecksum: 1048576
        checksums: "\350a\3440"
      }
    }
  }
  eof: true
}
, data.size=0
java.util.concurrent.CompletionException: org.apache.ratis.protocol.exceptions.StateMachineException: org.apache.hadoop.hdds.scm.container.common.helpers.ContainerNotOpenException from Server 543aeec3-c74a-41c2-8a93-8d529b3aabc8@group-114DF2E904AF: Container 1 in QUASI_CLOSED state
	at org.apache.ratis.client.impl.RaftClientImpl.handleRaftException(RaftClientImpl.java:310)
	at org.apache.ratis.client.impl.OrderedAsync.lambda$send$3(OrderedAsync.java:172)
	at java.util.concurrent.CompletableFuture.uniApply(CompletableFuture.java:616)
	at java.util.concurrent.CompletableFuture$UniApply.tryFire(CompletableFuture.java:591)
	at java.util.concurrent.CompletableFuture.postComplete(CompletableFuture.java:488)
	at java.util.concurrent.CompletableFuture.complete(CompletableFuture.java:1975)
	at org.apache.ratis.client.impl.OrderedAsync$PendingOrderedRequest.setReply(OrderedAsync.java:98)
	at org.apache.ratis.client.impl.OrderedAsync$PendingOrderedRequest.setReply(OrderedAsync.java:59)
	at org.apache.ratis.util.SlidingWindow$RequestMap.setReply(SlidingWindow.java:144)
	at org.apache.ratis.util.SlidingWindow$Client.receiveReply(SlidingWindow.java:316)
	at org.apache.ratis.client.impl.OrderedAsync.lambda$sendRequest$9(OrderedAsync.java:244)
	at java.util.concurrent.CompletableFuture.uniApply(CompletableFuture.java:616)
	at java.util.concurrent.CompletableFuture$UniApply.tryFire(CompletableFuture.java:591)
	at java.util.concurrent.CompletableFuture.postComplete(CompletableFuture.java:488)
	at java.util.concurrent.CompletableFuture.complete(CompletableFuture.java:1975)
	at org.apache.ratis.grpc.client.GrpcClientProtocolClient$AsyncStreamObservers$1.lambda$onNext$0(GrpcClientProtocolClient.java:333)
	at java.util.Optional.ifPresent(Optional.java:159)
	at org.apache.ratis.grpc.client.GrpcClientProtocolClient$AsyncStreamObservers.handleReplyFuture(GrpcClientProtocolClient.java:389)
	at org.apache.ratis.grpc.client.GrpcClientProtocolClient$AsyncStreamObservers.access$100(GrpcClientProtocolClient.java:311)
	at org.apache.ratis.grpc.client.GrpcClientProtocolClient$AsyncStreamObservers$1.onNext(GrpcClientProtocolClient.java:333)
	at org.apache.ratis.grpc.client.GrpcClientProtocolClient$AsyncStreamObservers$1.onNext(GrpcClientProtocolClient.java:316)
	at org.apache.ratis.thirdparty.io.grpc.stub.ClientCalls$StreamObserverToCallListenerAdapter.onMessage(ClientCalls.java:466)
	at org.apache.ratis.thirdparty.io.grpc.ForwardingClientCallListener.onMessage(ForwardingClientCallListener.java:33)
	at org.apache.ratis.thirdparty.io.grpc.internal.ClientCallImpl$ClientStreamListenerImpl$1MessagesAvailable.runInternal(ClientCallImpl.java:661)
	at org.apache.ratis.thirdparty.io.grpc.internal.ClientCallImpl$ClientStreamListenerImpl$1MessagesAvailable.runInContext(ClientCallImpl.java:646)
	at org.apache.ratis.thirdparty.io.grpc.internal.ContextRunnable.run(ContextRunnable.java:37)
	at org.apache.ratis.thirdparty.io.grpc.internal.SerializingExecutor.run(SerializingExecutor.java:133)
	at java.util.concurrent.ThreadPoolExecutor.runWorker(ThreadPoolExecutor.java:1149)
	at java.util.concurrent.ThreadPoolExecutor$Worker.run(ThreadPoolExecutor.java:624)
	at java.lang.Thread.run(Thread.java:750)
Caused by: org.apache.ratis.protocol.exceptions.StateMachineException: org.apache.hadoop.hdds.scm.container.common.helpers.ContainerNotOpenException from Server 543aeec3-c74a-41c2-8a93-8d529b3aabc8@group-114DF2E904AF: Container 1 in QUASI_CLOSED state
	at org.apache.hadoop.ozone.container.common.impl.HddsDispatcher.validateContainerCommand(HddsDispatcher.java:489)
	at org.apache.hadoop.ozone.container.common.transport.server.ratis.ContainerStateMachine.startTransaction(ContainerStateMachine.java:330)
	at org.apache.ratis.server.impl.RaftServerImpl.submitClientRequestAsync(RaftServerImpl.java:839)
	at org.apache.ratis.server.impl.RaftServerImpl.lambda$null$12(RaftServerImpl.java:783)
	at org.apache.ratis.util.JavaUtils.callAsUnchecked(JavaUtils.java:115)
	at org.apache.ratis.server.impl.RaftServerImpl.lambda$executeSubmitClientRequestAsync$13(RaftServerImpl.java:783)
	at java.util.concurrent.CompletableFuture$AsyncSupply.run(CompletableFuture.java:1604)
	... 3 more
Caused by: org.apache.hadoop.hdds.scm.container.common.helpers.ContainerNotOpenException: Container 1 in QUASI_CLOSED state
	at sun.reflect.NativeConstructorAccessorImpl.newInstance0(Native Method)
	at sun.reflect.NativeConstructorAccessorImpl.newInstance(NativeConstructorAccessorImpl.java:62)
	at sun.reflect.DelegatingConstructorAccessorImpl.newInstance(DelegatingConstructorAccessorImpl.java:45)
	at java.lang.reflect.Constructor.newInstance(Constructor.java:423)
	at org.apache.ratis.util.ReflectionUtils.instantiateException(ReflectionUtils.java:259)
	at org.apache.ratis.client.impl.ClientProtoUtils.toStateMachineException(ClientProtoUtils.java:426)
	at org.apache.ratis.client.impl.ClientProtoUtils.toStateMachineException(ClientProtoUtils.java:412)
	at org.apache.ratis.client.impl.ClientProtoUtils.toRaftClientReply(ClientProtoUtils.java:383)
	at org.apache.ratis.grpc.client.GrpcClientProtocolClient$AsyncStreamObservers$1.onNext(GrpcClientProtocolClient.java:321)
	at org.apache.ratis.grpc.client.GrpcClientProtocolClient$AsyncStreamObservers$1.onNext(GrpcClientProtocolClient.java:316)
	at org.apache.ratis.thirdparty.io.grpc.stub.ClientCalls$StreamObserverToCallListenerAdapter.onMessage(ClientCalls.java:466)
	at org.apache.ratis.thirdparty.io.grpc.ForwardingClientCallListener.onMessage(ForwardingClientCallListener.java:33)
	at org.apache.ratis.thirdparty.io.grpc.internal.ClientCallImpl$ClientStreamListenerImpl$1MessagesAvailable.runInternal(ClientCallImpl.java:661)
	at org.apache.ratis.thirdparty.io.grpc.internal.ClientCallImpl$ClientStreamListenerImpl$1MessagesAvailable.runInContext(ClientCallImpl.java:646)
	at org.apache.ratis.thirdparty.io.grpc.internal.ContextRunnable.run(ContextRunnable.java:37)
	at org.apache.ratis.thirdparty.io.grpc.internal.SerializingExecutor.run(SerializingExecutor.java:133)
	... 3 more
2022-06-15 07:34:04,447 [2ba0c2a5-1748-4da9-81e4-5266296b4b8f@group-DF65FAE17C66-FollowerState] INFO  impl.FollowerState (FollowerState.java:run(143)) - 2ba0c2a5-1748-4da9-81e4-5266296b4b8f@group-DF65FAE17C66-FollowerState: change to CANDIDATE, lastRpcElapsedTime:5200042599ns, electionTimeout:5198ms
2022-06-15 07:34:04,448 [2ba0c2a5-1748-4da9-81e4-5266296b4b8f@group-DF65FAE17C66-FollowerState] INFO  impl.RoleInfo (RoleInfo.java:shutdownFollowerState(110)) - 2ba0c2a5-1748-4da9-81e4-5266296b4b8f: shutdown 2ba0c2a5-1748-4da9-81e4-5266296b4b8f@group-DF65FAE17C66-FollowerState
2022-06-15 07:34:04,448 [2ba0c2a5-1748-4da9-81e4-5266296b4b8f@group-DF65FAE17C66-FollowerState] INFO  server.RaftServer$Division (RaftServerImpl.java:setRole(299)) - 2ba0c2a5-1748-4da9-81e4-5266296b4b8f@group-DF65FAE17C66: changes role from  FOLLOWER to CANDIDATE at term 0 for changeToCandidate
2022-06-15 07:34:04,450 [2ba0c2a5-1748-4da9-81e4-5266296b4b8f@group-DF65FAE17C66-FollowerState] INFO  server.RaftServerConfigKeys (ConfUtils.java:logGet(46)) - raft.server.leaderelection.pre-vote = false (custom)
2022-06-15 07:34:04,451 [2ba0c2a5-1748-4da9-81e4-5266296b4b8f@group-DF65FAE17C66-FollowerState] INFO  impl.RoleInfo (RoleInfo.java:updateAndGet(139)) - 2ba0c2a5-1748-4da9-81e4-5266296b4b8f: start 2ba0c2a5-1748-4da9-81e4-5266296b4b8f@group-DF65FAE17C66-LeaderElection16
2022-06-15 07:34:04,453 [2ba0c2a5-1748-4da9-81e4-5266296b4b8f@group-DF65FAE17C66-LeaderElection16] INFO  impl.LeaderElection (LeaderElection.java:askForVotes(310)) - 2ba0c2a5-1748-4da9-81e4-5266296b4b8f@group-DF65FAE17C66-LeaderElection16 ELECTION round 0: submit vote requests at term 1 for -1: [2ba0c2a5-1748-4da9-81e4-5266296b4b8f|rpc:10.1.0.11:43465|priority:1], old=null
2022-06-15 07:34:04,453 [2ba0c2a5-1748-4da9-81e4-5266296b4b8f@group-DF65FAE17C66-LeaderElection16] INFO  impl.LeaderElection (LeaderElection.java:askForVotes(312)) - 2ba0c2a5-1748-4da9-81e4-5266296b4b8f@group-DF65FAE17C66-LeaderElection16 ELECTION round 0: result PASSED (term=1)
2022-06-15 07:34:04,453 [2ba0c2a5-1748-4da9-81e4-5266296b4b8f@group-DF65FAE17C66-LeaderElection16] INFO  impl.RoleInfo (RoleInfo.java:shutdownLeaderElection(130)) - 2ba0c2a5-1748-4da9-81e4-5266296b4b8f: shutdown 2ba0c2a5-1748-4da9-81e4-5266296b4b8f@group-DF65FAE17C66-LeaderElection16
2022-06-15 07:34:04,453 [2ba0c2a5-1748-4da9-81e4-5266296b4b8f@group-DF65FAE17C66-LeaderElection16] INFO  server.RaftServer$Division (RaftServerImpl.java:setRole(299)) - 2ba0c2a5-1748-4da9-81e4-5266296b4b8f@group-DF65FAE17C66: changes role from CANDIDATE to LEADER at term 1 for changeToLeader
2022-06-15 07:34:04,453 [2ba0c2a5-1748-4da9-81e4-5266296b4b8f@group-DF65FAE17C66-LeaderElection16] INFO  ratis.XceiverServerRatis (XceiverServerRatis.java:handleLeaderChangedNotification(863)) - Leader change notification received for group: group-DF65FAE17C66 with new leaderId: 2ba0c2a5-1748-4da9-81e4-5266296b4b8f
2022-06-15 07:34:04,454 [2ba0c2a5-1748-4da9-81e4-5266296b4b8f@group-DF65FAE17C66-LeaderElection16] INFO  server.RaftServer$Division (ServerState.java:setLeader(287)) - 2ba0c2a5-1748-4da9-81e4-5266296b4b8f@group-DF65FAE17C66: change Leader from null to 2ba0c2a5-1748-4da9-81e4-5266296b4b8f at term 1 for becomeLeader, leader elected after 5213ms
2022-06-15 07:34:04,454 [2ba0c2a5-1748-4da9-81e4-5266296b4b8f@group-DF65FAE17C66-LeaderElection16] INFO  server.RaftServerConfigKeys (ConfUtils.java:logGet(46)) - raft.server.staging.catchup.gap = 1000 (default)
2022-06-15 07:34:04,455 [2ba0c2a5-1748-4da9-81e4-5266296b4b8f@group-DF65FAE17C66-LeaderElection16] INFO  server.RaftServerConfigKeys (ConfUtils.java:logGet(46)) - raft.server.write.element-limit = 1024 (custom)
2022-06-15 07:34:04,455 [2ba0c2a5-1748-4da9-81e4-5266296b4b8f@group-DF65FAE17C66-LeaderElection16] INFO  server.RaftServerConfigKeys (ConfUtils.java:logGet(46)) - raft.server.write.byte-limit = 1024 M (=1073741824) (custom)
2022-06-15 07:34:04,456 [2ba0c2a5-1748-4da9-81e4-5266296b4b8f@group-DF65FAE17C66-LeaderElection16] INFO  server.RaftServerConfigKeys (ConfUtils.java:logGet(46)) - raft.server.watch.timeout = 10000ms (default)
2022-06-15 07:34:04,456 [2ba0c2a5-1748-4da9-81e4-5266296b4b8f@group-DF65FAE17C66-LeaderElection16] INFO  server.RaftServerConfigKeys (ConfUtils.java:logGet(46)) - raft.server.watch.timeout.denomination = 1s (default)
2022-06-15 07:34:04,456 [2ba0c2a5-1748-4da9-81e4-5266296b4b8f@group-DF65FAE17C66-LeaderElection16] INFO  server.RaftServerConfigKeys (ConfUtils.java:logGet(46)) - raft.server.watch.element-limit = 65536 (default)
2022-06-15 07:34:04,456 [2ba0c2a5-1748-4da9-81e4-5266296b4b8f@group-DF65FAE17C66-LeaderElection16] INFO  server.RaftServerConfigKeys (ConfUtils.java:logGet(46)) - raft.server.write.element-limit = 1024 (custom)
2022-06-15 07:34:04,456 [2ba0c2a5-1748-4da9-81e4-5266296b4b8f@group-DF65FAE17C66-LeaderElection16] INFO  server.RaftServerConfigKeys (ConfUtils.java:logGet(46)) - raft.server.write.follower.gap.ratio.max = -1.0 (default)
2022-06-15 07:34:04,456 [2ba0c2a5-1748-4da9-81e4-5266296b4b8f@group-DF65FAE17C66-LeaderElection16] INFO  impl.RoleInfo (RoleInfo.java:updateAndGet(139)) - 2ba0c2a5-1748-4da9-81e4-5266296b4b8f: start 2ba0c2a5-1748-4da9-81e4-5266296b4b8f@group-DF65FAE17C66-LeaderStateImpl
2022-06-15 07:34:04,457 [2ba0c2a5-1748-4da9-81e4-5266296b4b8f@group-DF65FAE17C66-LeaderElection16] INFO  segmented.SegmentedRaftLogWorker (SegmentedRaftLogWorker.java:startLogSegment(425)) - 2ba0c2a5-1748-4da9-81e4-5266296b4b8f@group-DF65FAE17C66-SegmentedRaftLogWorker: Starting segment from index:0
2022-06-15 07:34:04,459 [2ba0c2a5-1748-4da9-81e4-5266296b4b8f@group-DF65FAE17C66-SegmentedRaftLogWorker] INFO  segmented.SegmentedRaftLogWorker (SegmentedRaftLogWorker.java:execute(629)) - 2ba0c2a5-1748-4da9-81e4-5266296b4b8f@group-DF65FAE17C66-SegmentedRaftLogWorker: created new log segment /home/runner/work/ozone/ozone/hadoop-ozone/integration-test/target/test-dir/MiniOzoneClusterImpl-589494f2-24de-4a8c-8650-9a890bc48d46/datanode-7/data/ratis/639a3190-d0d5-4fb1-a295-df65fae17c66/current/log_inprogress_0
]]></system-out>
  </testcase>
  <testcase name="testContainerStateMachineSingleFailureRetry" classname="org.apache.hadoop.ozone.client.rpc.TestContainerStateMachineFailures" time="22.909">
    <system-out><![CDATA[2022-06-15 07:34:04,467 [FixedThreadPoolWithAffinityExecutor-9-0] WARN  container.ContainerReportHandler (AbstractContainerReportHandler.java:updateContainerState(255)) - Container #1 is in OPEN state, but the datanode 657a5ecd-0fe1-496e-aa3e-85dbaec35512{ip: 10.1.0.11, host: fv-az121-418.xhy4bhhdincepo0av04agjzkjc.cx.internal.cloudapp.net, ports: [REPLICATION=36157, RATIS=33757, RATIS_ADMIN=33757, RATIS_SERVER=33757, STANDALONE=41369], networkLocation: /default-rack, certSerialId: null, persistedOpState: IN_SERVICE, persistedOpStateExpiryEpochSec: 0} reports an QUASI_CLOSED replica.
2022-06-15 07:34:04,467 [2ba0c2a5-1748-4da9-81e4-5266296b4b8f@group-DF65FAE17C66-LeaderElection16] INFO  server.RaftServer$Division (ServerState.java:setRaftConf(393)) - 2ba0c2a5-1748-4da9-81e4-5266296b4b8f@group-DF65FAE17C66: set configuration 0: [2ba0c2a5-1748-4da9-81e4-5266296b4b8f|rpc:10.1.0.11:43465|dataStream:|priority:1], old=null
2022-06-15 07:34:04,468 [2ba0c2a5-1748-4da9-81e4-5266296b4b8f@group-DF65FAE17C66-StateMachineUpdater] INFO  ratis.ContainerStateMachine (ContainerStateMachine.java:takeSnapshot(304)) - group-DF65FAE17C66: Taking a snapshot at:(t:1, i:0) file /home/runner/work/ozone/ozone/hadoop-ozone/integration-test/target/test-dir/MiniOzoneClusterImpl-589494f2-24de-4a8c-8650-9a890bc48d46/datanode-7/data/ratis/639a3190-d0d5-4fb1-a295-df65fae17c66/sm/snapshot.1_0
2022-06-15 07:34:04,469 [2ba0c2a5-1748-4da9-81e4-5266296b4b8f@group-DF65FAE17C66-StateMachineUpdater] INFO  ratis.ContainerStateMachine (ContainerStateMachine.java:takeSnapshot(315)) - group-DF65FAE17C66: Finished taking a snapshot at:(t:1, i:0) file:/home/runner/work/ozone/ozone/hadoop-ozone/integration-test/target/test-dir/MiniOzoneClusterImpl-589494f2-24de-4a8c-8650-9a890bc48d46/datanode-7/data/ratis/639a3190-d0d5-4fb1-a295-df65fae17c66/sm/snapshot.1_0 took: 0 ms
2022-06-15 07:34:04,469 [2ba0c2a5-1748-4da9-81e4-5266296b4b8f@group-DF65FAE17C66-StateMachineUpdater] INFO  impl.StateMachineUpdater (StateMachineUpdater.java:takeSnapshot(287)) - 2ba0c2a5-1748-4da9-81e4-5266296b4b8f@group-DF65FAE17C66-StateMachineUpdater: Took a snapshot at index 0
2022-06-15 07:34:04,469 [2ba0c2a5-1748-4da9-81e4-5266296b4b8f@group-DF65FAE17C66-StateMachineUpdater] INFO  impl.StateMachineUpdater (StateMachineUpdater.java:lambda$new$0(92)) - 2ba0c2a5-1748-4da9-81e4-5266296b4b8f@group-DF65FAE17C66-StateMachineUpdater: snapshotIndex: updateIncreasingly -1 -> 0
2022-06-15 07:34:04,536 [b0a9d56e-b544-41cd-b2b1-b34d126127d5@group-114DF2E904AF-StateMachineUpdater] INFO  ratis.ContainerStateMachine (ContainerStateMachine.java:takeSnapshot(304)) - group-114DF2E904AF: Taking a snapshot at:(t:1, i:4) file /home/runner/work/ozone/ozone/hadoop-ozone/integration-test/target/test-dir/MiniOzoneClusterImpl-589494f2-24de-4a8c-8650-9a890bc48d46/datanode-1/data/ratis/83aa0ae5-c647-4842-ba01-114df2e904af/sm/snapshot.1_4
2022-06-15 07:34:04,542 [FixedThreadPoolWithAffinityExecutor-0-0] WARN  container.ContainerReportHandler (AbstractContainerReportHandler.java:updateContainerState(255)) - Container #1 is in OPEN state, but the datanode 543aeec3-c74a-41c2-8a93-8d529b3aabc8{ip: 10.1.0.11, host: fv-az121-418.xhy4bhhdincepo0av04agjzkjc.cx.internal.cloudapp.net, ports: [REPLICATION=36317, RATIS=41193, RATIS_ADMIN=41193, RATIS_SERVER=41193, STANDALONE=38087], networkLocation: /default-rack, certSerialId: null, persistedOpState: IN_SERVICE, persistedOpStateExpiryEpochSec: 0} reports an QUASI_CLOSED replica.
2022-06-15 07:34:04,544 [b0a9d56e-b544-41cd-b2b1-b34d126127d5@group-114DF2E904AF-StateMachineUpdater] INFO  ratis.ContainerStateMachine (ContainerStateMachine.java:takeSnapshot(315)) - group-114DF2E904AF: Finished taking a snapshot at:(t:1, i:4) file:/home/runner/work/ozone/ozone/hadoop-ozone/integration-test/target/test-dir/MiniOzoneClusterImpl-589494f2-24de-4a8c-8650-9a890bc48d46/datanode-1/data/ratis/83aa0ae5-c647-4842-ba01-114df2e904af/sm/snapshot.1_4 took: 9 ms
2022-06-15 07:34:04,544 [b0a9d56e-b544-41cd-b2b1-b34d126127d5@group-114DF2E904AF-StateMachineUpdater] INFO  impl.StateMachineUpdater (StateMachineUpdater.java:takeSnapshot(287)) - b0a9d56e-b544-41cd-b2b1-b34d126127d5@group-114DF2E904AF-StateMachineUpdater: Took a snapshot at index 4
2022-06-15 07:34:04,545 [b0a9d56e-b544-41cd-b2b1-b34d126127d5@group-114DF2E904AF-StateMachineUpdater] INFO  impl.StateMachineUpdater (StateMachineUpdater.java:lambda$new$0(92)) - b0a9d56e-b544-41cd-b2b1-b34d126127d5@group-114DF2E904AF-StateMachineUpdater: snapshotIndex: updateIncreasingly 0 -> 4
2022-06-15 07:34:04,562 [543aeec3-c74a-41c2-8a93-8d529b3aabc8@group-114DF2E904AF-StateMachineUpdater] INFO  ratis.ContainerStateMachine (ContainerStateMachine.java:takeSnapshot(304)) - group-114DF2E904AF: Taking a snapshot at:(t:1, i:4) file /home/runner/work/ozone/ozone/hadoop-ozone/integration-test/target/test-dir/MiniOzoneClusterImpl-589494f2-24de-4a8c-8650-9a890bc48d46/datanode-0/data/ratis/83aa0ae5-c647-4842-ba01-114df2e904af/sm/snapshot.1_4
2022-06-15 07:34:04,568 [543aeec3-c74a-41c2-8a93-8d529b3aabc8@group-114DF2E904AF-StateMachineUpdater] INFO  ratis.ContainerStateMachine (ContainerStateMachine.java:takeSnapshot(315)) - group-114DF2E904AF: Finished taking a snapshot at:(t:1, i:4) file:/home/runner/work/ozone/ozone/hadoop-ozone/integration-test/target/test-dir/MiniOzoneClusterImpl-589494f2-24de-4a8c-8650-9a890bc48d46/datanode-0/data/ratis/83aa0ae5-c647-4842-ba01-114df2e904af/sm/snapshot.1_4 took: 6 ms
2022-06-15 07:34:04,568 [543aeec3-c74a-41c2-8a93-8d529b3aabc8@group-114DF2E904AF-StateMachineUpdater] INFO  impl.StateMachineUpdater (StateMachineUpdater.java:takeSnapshot(287)) - 543aeec3-c74a-41c2-8a93-8d529b3aabc8@group-114DF2E904AF-StateMachineUpdater: Took a snapshot at index 4
2022-06-15 07:34:04,568 [543aeec3-c74a-41c2-8a93-8d529b3aabc8@group-114DF2E904AF-StateMachineUpdater] INFO  impl.StateMachineUpdater (StateMachineUpdater.java:lambda$new$0(92)) - 543aeec3-c74a-41c2-8a93-8d529b3aabc8@group-114DF2E904AF-StateMachineUpdater: snapshotIndex: updateIncreasingly 0 -> 4
2022-06-15 07:34:04,574 [543aeec3-c74a-41c2-8a93-8d529b3aabc8@group-114DF2E904AF-StateMachineUpdater] INFO  ratis.ContainerStateMachine (ContainerStateMachine.java:takeSnapshot(304)) - group-114DF2E904AF: Taking a snapshot at:(t:1, i:8) file /home/runner/work/ozone/ozone/hadoop-ozone/integration-test/target/test-dir/MiniOzoneClusterImpl-589494f2-24de-4a8c-8650-9a890bc48d46/datanode-0/data/ratis/83aa0ae5-c647-4842-ba01-114df2e904af/sm/snapshot.1_8
2022-06-15 07:34:04,575 [543aeec3-c74a-41c2-8a93-8d529b3aabc8@group-114DF2E904AF-StateMachineUpdater] INFO  ratis.ContainerStateMachine (ContainerStateMachine.java:takeSnapshot(315)) - group-114DF2E904AF: Finished taking a snapshot at:(t:1, i:8) file:/home/runner/work/ozone/ozone/hadoop-ozone/integration-test/target/test-dir/MiniOzoneClusterImpl-589494f2-24de-4a8c-8650-9a890bc48d46/datanode-0/data/ratis/83aa0ae5-c647-4842-ba01-114df2e904af/sm/snapshot.1_8 took: 1 ms
2022-06-15 07:34:04,575 [543aeec3-c74a-41c2-8a93-8d529b3aabc8@group-114DF2E904AF-StateMachineUpdater] INFO  impl.StateMachineUpdater (StateMachineUpdater.java:takeSnapshot(287)) - 543aeec3-c74a-41c2-8a93-8d529b3aabc8@group-114DF2E904AF-StateMachineUpdater: Took a snapshot at index 8
2022-06-15 07:34:04,575 [543aeec3-c74a-41c2-8a93-8d529b3aabc8@group-114DF2E904AF-StateMachineUpdater] INFO  impl.StateMachineUpdater (StateMachineUpdater.java:lambda$new$0(92)) - 543aeec3-c74a-41c2-8a93-8d529b3aabc8@group-114DF2E904AF-StateMachineUpdater: snapshotIndex: updateIncreasingly 4 -> 8
2022-06-15 07:34:04,576 [657a5ecd-0fe1-496e-aa3e-85dbaec35512@group-114DF2E904AF-StateMachineUpdater] INFO  ratis.ContainerStateMachine (ContainerStateMachine.java:takeSnapshot(304)) - group-114DF2E904AF: Taking a snapshot at:(t:1, i:4) file /home/runner/work/ozone/ozone/hadoop-ozone/integration-test/target/test-dir/MiniOzoneClusterImpl-589494f2-24de-4a8c-8650-9a890bc48d46/datanode-2/data/ratis/83aa0ae5-c647-4842-ba01-114df2e904af/sm/snapshot.1_4
2022-06-15 07:34:04,576 [657a5ecd-0fe1-496e-aa3e-85dbaec35512@group-114DF2E904AF-StateMachineUpdater] INFO  ratis.ContainerStateMachine (ContainerStateMachine.java:takeSnapshot(315)) - group-114DF2E904AF: Finished taking a snapshot at:(t:1, i:4) file:/home/runner/work/ozone/ozone/hadoop-ozone/integration-test/target/test-dir/MiniOzoneClusterImpl-589494f2-24de-4a8c-8650-9a890bc48d46/datanode-2/data/ratis/83aa0ae5-c647-4842-ba01-114df2e904af/sm/snapshot.1_4 took: 1 ms
2022-06-15 07:34:04,584 [657a5ecd-0fe1-496e-aa3e-85dbaec35512@group-114DF2E904AF-StateMachineUpdater] INFO  impl.StateMachineUpdater (StateMachineUpdater.java:takeSnapshot(287)) - 657a5ecd-0fe1-496e-aa3e-85dbaec35512@group-114DF2E904AF-StateMachineUpdater: Took a snapshot at index 4
2022-06-15 07:34:04,584 [657a5ecd-0fe1-496e-aa3e-85dbaec35512@group-114DF2E904AF-StateMachineUpdater] INFO  impl.StateMachineUpdater (StateMachineUpdater.java:lambda$new$0(92)) - 657a5ecd-0fe1-496e-aa3e-85dbaec35512@group-114DF2E904AF-StateMachineUpdater: snapshotIndex: updateIncreasingly 0 -> 4
2022-06-15 07:34:04,604 [ChunkWriter-2-0] ERROR impl.ContainerLayoutVersion (ContainerLayoutVersion.java:getChunkDir(148)) - Chunks dir /home/runner/work/ozone/ozone/hadoop-ozone/integration-test/target/test-dir/MiniOzoneClusterImpl-589494f2-24de-4a8c-8650-9a890bc48d46/datanode-1/data-0/containers/hdds/589494f2-24de-4a8c-8650-9a890bc48d46/current/containerDir0/2/chunks does not exist
2022-06-15 07:34:04,604 [ChunkWriter-2-0] INFO  keyvalue.KeyValueHandler (ContainerUtils.java:logAndReturnError(88)) - Operation: WriteChunk , Trace ID:  , Message: Chunks directory /home/runner/work/ozone/ozone/hadoop-ozone/integration-test/target/test-dir/MiniOzoneClusterImpl-589494f2-24de-4a8c-8650-9a890bc48d46/datanode-1/data-0/containers/hdds/589494f2-24de-4a8c-8650-9a890bc48d46/current/containerDir0/2/chunks does not exist. , Result: UNABLE_TO_FIND_DATA_DIR , StorageContainerException Occurred.
org.apache.hadoop.hdds.scm.container.common.helpers.StorageContainerException: Chunks directory /home/runner/work/ozone/ozone/hadoop-ozone/integration-test/target/test-dir/MiniOzoneClusterImpl-589494f2-24de-4a8c-8650-9a890bc48d46/datanode-1/data-0/containers/hdds/589494f2-24de-4a8c-8650-9a890bc48d46/current/containerDir0/2/chunks does not exist.
	at org.apache.hadoop.ozone.container.common.impl.ContainerLayoutVersion.getChunkDir(ContainerLayoutVersion.java:150)
	at org.apache.hadoop.ozone.container.common.impl.ContainerLayoutVersion.getChunkFile(ContainerLayoutVersion.java:126)
	at org.apache.hadoop.ozone.container.keyvalue.impl.FilePerBlockStrategy.getChunkFile(FilePerBlockStrategy.java:237)
	at org.apache.hadoop.ozone.container.keyvalue.impl.FilePerBlockStrategy.writeChunk(FilePerBlockStrategy.java:119)
	at org.apache.hadoop.ozone.container.keyvalue.impl.ChunkManagerDispatcher.writeChunk(ChunkManagerDispatcher.java:73)
	at org.apache.hadoop.ozone.container.keyvalue.KeyValueHandler.handleWriteChunk(KeyValueHandler.java:750)
	at org.apache.hadoop.ozone.container.keyvalue.KeyValueHandler.dispatchRequest(KeyValueHandler.java:229)
	at org.apache.hadoop.ozone.container.keyvalue.KeyValueHandler.handle(KeyValueHandler.java:193)
	at org.apache.hadoop.ozone.container.common.impl.HddsDispatcher.dispatchRequest(HddsDispatcher.java:307)
	at org.apache.hadoop.ozone.container.common.impl.HddsDispatcher.lambda$dispatch$0(HddsDispatcher.java:169)
	at org.apache.hadoop.hdds.server.OzoneProtocolMessageDispatcher.processRequest(OzoneProtocolMessageDispatcher.java:87)
	at org.apache.hadoop.ozone.container.common.impl.HddsDispatcher.dispatch(HddsDispatcher.java:168)
	at org.apache.hadoop.ozone.container.common.transport.server.ratis.ContainerStateMachine.dispatchCommand(ContainerStateMachine.java:413)
	at org.apache.hadoop.ozone.container.common.transport.server.ratis.ContainerStateMachine.runCommand(ContainerStateMachine.java:423)
	at org.apache.hadoop.ozone.container.common.transport.server.ratis.ContainerStateMachine.lambda$handleWriteChunk$1(ContainerStateMachine.java:455)
	at java.util.concurrent.CompletableFuture$AsyncSupply.run(CompletableFuture.java:1604)
	at java.util.concurrent.ThreadPoolExecutor.runWorker(ThreadPoolExecutor.java:1149)
	at java.util.concurrent.ThreadPoolExecutor$Worker.run(ThreadPoolExecutor.java:624)
	at java.lang.Thread.run(Thread.java:750)
2022-06-15 07:34:04,605 [ChunkWriter-2-0] ERROR impl.ContainerLayoutVersion (ContainerLayoutVersion.java:getChunkDir(148)) - Chunks dir /home/runner/work/ozone/ozone/hadoop-ozone/integration-test/target/test-dir/MiniOzoneClusterImpl-589494f2-24de-4a8c-8650-9a890bc48d46/datanode-2/data-0/containers/hdds/589494f2-24de-4a8c-8650-9a890bc48d46/current/containerDir0/2/chunks does not exist
2022-06-15 07:34:04,607 [ChunkWriter-2-0] INFO  keyvalue.KeyValueHandler (ContainerUtils.java:logAndReturnError(88)) - Operation: WriteChunk , Trace ID:  , Message: Chunks directory /home/runner/work/ozone/ozone/hadoop-ozone/integration-test/target/test-dir/MiniOzoneClusterImpl-589494f2-24de-4a8c-8650-9a890bc48d46/datanode-2/data-0/containers/hdds/589494f2-24de-4a8c-8650-9a890bc48d46/current/containerDir0/2/chunks does not exist. , Result: UNABLE_TO_FIND_DATA_DIR , StorageContainerException Occurred.
org.apache.hadoop.hdds.scm.container.common.helpers.StorageContainerException: Chunks directory /home/runner/work/ozone/ozone/hadoop-ozone/integration-test/target/test-dir/MiniOzoneClusterImpl-589494f2-24de-4a8c-8650-9a890bc48d46/datanode-2/data-0/containers/hdds/589494f2-24de-4a8c-8650-9a890bc48d46/current/containerDir0/2/chunks does not exist.
	at org.apache.hadoop.ozone.container.common.impl.ContainerLayoutVersion.getChunkDir(ContainerLayoutVersion.java:150)
	at org.apache.hadoop.ozone.container.common.impl.ContainerLayoutVersion.getChunkFile(ContainerLayoutVersion.java:126)
	at org.apache.hadoop.ozone.container.keyvalue.impl.FilePerBlockStrategy.getChunkFile(FilePerBlockStrategy.java:237)
	at org.apache.hadoop.ozone.container.keyvalue.impl.FilePerBlockStrategy.writeChunk(FilePerBlockStrategy.java:119)
	at org.apache.hadoop.ozone.container.keyvalue.impl.ChunkManagerDispatcher.writeChunk(ChunkManagerDispatcher.java:73)
	at org.apache.hadoop.ozone.container.keyvalue.KeyValueHandler.handleWriteChunk(KeyValueHandler.java:750)
	at org.apache.hadoop.ozone.container.keyvalue.KeyValueHandler.dispatchRequest(KeyValueHandler.java:229)
	at org.apache.hadoop.ozone.container.keyvalue.KeyValueHandler.handle(KeyValueHandler.java:193)
	at org.apache.hadoop.ozone.container.common.impl.HddsDispatcher.dispatchRequest(HddsDispatcher.java:307)
	at org.apache.hadoop.ozone.container.common.impl.HddsDispatcher.lambda$dispatch$0(HddsDispatcher.java:169)
	at org.apache.hadoop.hdds.server.OzoneProtocolMessageDispatcher.processRequest(OzoneProtocolMessageDispatcher.java:87)
	at org.apache.hadoop.ozone.container.common.impl.HddsDispatcher.dispatch(HddsDispatcher.java:168)
	at org.apache.hadoop.ozone.container.common.transport.server.ratis.ContainerStateMachine.dispatchCommand(ContainerStateMachine.java:413)
	at org.apache.hadoop.ozone.container.common.transport.server.ratis.ContainerStateMachine.runCommand(ContainerStateMachine.java:423)
	at org.apache.hadoop.ozone.container.common.transport.server.ratis.ContainerStateMachine.lambda$handleWriteChunk$1(ContainerStateMachine.java:455)
	at java.util.concurrent.CompletableFuture$AsyncSupply.run(CompletableFuture.java:1604)
	at java.util.concurrent.ThreadPoolExecutor.runWorker(ThreadPoolExecutor.java:1149)
	at java.util.concurrent.ThreadPoolExecutor$Worker.run(ThreadPoolExecutor.java:624)
	at java.lang.Thread.run(Thread.java:750)
2022-06-15 07:34:04,612 [ChunkWriter-2-0] WARN  keyvalue.KeyValueContainer (KeyValueContainer.java:markContainerUnhealthy(333)) - Moving container /home/runner/work/ozone/ozone/hadoop-ozone/integration-test/target/test-dir/MiniOzoneClusterImpl-589494f2-24de-4a8c-8650-9a890bc48d46/datanode-2/data-0/containers/hdds/589494f2-24de-4a8c-8650-9a890bc48d46/current/containerDir0/2 to state UNHEALTHY from state:UNHEALTHY Trace:java.lang.Thread.getStackTrace(Thread.java:1564)
org.apache.hadoop.util.StringUtils.getStackTrace(StringUtils.java:1060)
org.apache.hadoop.ozone.container.keyvalue.KeyValueContainer.markContainerUnhealthy(KeyValueContainer.java:335)
org.apache.hadoop.ozone.container.keyvalue.KeyValueHandler.markContainerUnhealthy(KeyValueHandler.java:998)
org.apache.hadoop.ozone.container.common.impl.HddsDispatcher.dispatchRequest(HddsDispatcher.java:352)
org.apache.hadoop.ozone.container.common.impl.HddsDispatcher.lambda$dispatch$0(HddsDispatcher.java:169)
org.apache.hadoop.hdds.server.OzoneProtocolMessageDispatcher.processRequest(OzoneProtocolMessageDispatcher.java:87)
org.apache.hadoop.ozone.container.common.impl.HddsDispatcher.dispatch(HddsDispatcher.java:168)
org.apache.hadoop.ozone.container.common.transport.server.ratis.ContainerStateMachine.dispatchCommand(ContainerStateMachine.java:413)
org.apache.hadoop.ozone.container.common.transport.server.ratis.ContainerStateMachine.runCommand(ContainerStateMachine.java:423)
org.apache.hadoop.ozone.container.common.transport.server.ratis.ContainerStateMachine.lambda$handleWriteChunk$1(ContainerStateMachine.java:455)
java.util.concurrent.CompletableFuture$AsyncSupply.run(CompletableFuture.java:1604)
java.util.concurrent.ThreadPoolExecutor.runWorker(ThreadPoolExecutor.java:1149)
java.util.concurrent.ThreadPoolExecutor$Worker.run(ThreadPoolExecutor.java:624)
java.lang.Thread.run(Thread.java:750)

2022-06-15 07:34:04,612 [ChunkWriter-2-0] INFO  impl.HddsDispatcher (HddsDispatcher.java:dispatchRequest(353)) - Marked Container UNHEALTHY, ContainerID: 2
2022-06-15 07:34:04,613 [FixedThreadPoolWithAffinityExecutor-8-0] WARN  container.ContainerReportHandler (AbstractContainerReportHandler.java:updateContainerState(255)) - Container #1 is in OPEN state, but the datanode 657a5ecd-0fe1-496e-aa3e-85dbaec35512{ip: 10.1.0.11, host: fv-az121-418.xhy4bhhdincepo0av04agjzkjc.cx.internal.cloudapp.net, ports: [REPLICATION=36157, RATIS=33757, RATIS_ADMIN=33757, RATIS_SERVER=33757, STANDALONE=41369], networkLocation: /default-rack, certSerialId: null, persistedOpState: IN_SERVICE, persistedOpStateExpiryEpochSec: 0} reports an QUASI_CLOSED replica.
2022-06-15 07:34:04,615 [FixedThreadPoolWithAffinityExecutor-0-0] WARN  container.IncrementalContainerReportHandler (AbstractContainerReportHandler.java:updateContainerState(255)) - Container #2 is in OPEN state, but the datanode 657a5ecd-0fe1-496e-aa3e-85dbaec35512{ip: 10.1.0.11, host: fv-az121-418.xhy4bhhdincepo0av04agjzkjc.cx.internal.cloudapp.net, ports: [REPLICATION=36157, RATIS=33757, RATIS_ADMIN=33757, RATIS_SERVER=33757, STANDALONE=41369], networkLocation: /default-rack, certSerialId: null, persistedOpState: IN_SERVICE, persistedOpStateExpiryEpochSec: 0} reports an UNHEALTHY replica.
2022-06-15 07:34:04,616 [ChunkWriter-2-0] WARN  keyvalue.KeyValueContainer (KeyValueContainer.java:markContainerUnhealthy(333)) - Moving container /home/runner/work/ozone/ozone/hadoop-ozone/integration-test/target/test-dir/MiniOzoneClusterImpl-589494f2-24de-4a8c-8650-9a890bc48d46/datanode-1/data-0/containers/hdds/589494f2-24de-4a8c-8650-9a890bc48d46/current/containerDir0/2 to state UNHEALTHY from state:UNHEALTHY Trace:java.lang.Thread.getStackTrace(Thread.java:1564)
org.apache.hadoop.util.StringUtils.getStackTrace(StringUtils.java:1060)
org.apache.hadoop.ozone.container.keyvalue.KeyValueContainer.markContainerUnhealthy(KeyValueContainer.java:335)
org.apache.hadoop.ozone.container.keyvalue.KeyValueHandler.markContainerUnhealthy(KeyValueHandler.java:998)
org.apache.hadoop.ozone.container.common.impl.HddsDispatcher.dispatchRequest(HddsDispatcher.java:352)
org.apache.hadoop.ozone.container.common.impl.HddsDispatcher.lambda$dispatch$0(HddsDispatcher.java:169)
org.apache.hadoop.hdds.server.OzoneProtocolMessageDispatcher.processRequest(OzoneProtocolMessageDispatcher.java:87)
org.apache.hadoop.ozone.container.common.impl.HddsDispatcher.dispatch(HddsDispatcher.java:168)
org.apache.hadoop.ozone.container.common.transport.server.ratis.ContainerStateMachine.dispatchCommand(ContainerStateMachine.java:413)
org.apache.hadoop.ozone.container.common.transport.server.ratis.ContainerStateMachine.runCommand(ContainerStateMachine.java:423)
org.apache.hadoop.ozone.container.common.transport.server.ratis.ContainerStateMachine.lambda$handleWriteChunk$1(ContainerStateMachine.java:455)
java.util.concurrent.CompletableFuture$AsyncSupply.run(CompletableFuture.java:1604)
java.util.concurrent.ThreadPoolExecutor.runWorker(ThreadPoolExecutor.java:1149)
java.util.concurrent.ThreadPoolExecutor$Worker.run(ThreadPoolExecutor.java:624)
java.lang.Thread.run(Thread.java:750)

2022-06-15 07:34:04,616 [309b0a9a-ca0d-4cb3-b4c4-40bf1bc4f3ac@group-70E9283827D5-FollowerState] INFO  impl.FollowerState (FollowerState.java:run(143)) - 309b0a9a-ca0d-4cb3-b4c4-40bf1bc4f3ac@group-70E9283827D5-FollowerState: change to CANDIDATE, lastRpcElapsedTime:5029636025ns, electionTimeout:5028ms
2022-06-15 07:34:04,618 [309b0a9a-ca0d-4cb3-b4c4-40bf1bc4f3ac@group-70E9283827D5-FollowerState] INFO  impl.RoleInfo (RoleInfo.java:shutdownFollowerState(110)) - 309b0a9a-ca0d-4cb3-b4c4-40bf1bc4f3ac: shutdown 309b0a9a-ca0d-4cb3-b4c4-40bf1bc4f3ac@group-70E9283827D5-FollowerState
2022-06-15 07:34:04,618 [309b0a9a-ca0d-4cb3-b4c4-40bf1bc4f3ac@group-70E9283827D5-FollowerState] INFO  server.RaftServer$Division (RaftServerImpl.java:setRole(299)) - 309b0a9a-ca0d-4cb3-b4c4-40bf1bc4f3ac@group-70E9283827D5: changes role from  FOLLOWER to CANDIDATE at term 0 for changeToCandidate
2022-06-15 07:34:04,618 [309b0a9a-ca0d-4cb3-b4c4-40bf1bc4f3ac@group-70E9283827D5-FollowerState] INFO  server.RaftServerConfigKeys (ConfUtils.java:logGet(46)) - raft.server.leaderelection.pre-vote = false (custom)
2022-06-15 07:34:04,618 [309b0a9a-ca0d-4cb3-b4c4-40bf1bc4f3ac@group-70E9283827D5-FollowerState] INFO  impl.RoleInfo (RoleInfo.java:updateAndGet(139)) - 309b0a9a-ca0d-4cb3-b4c4-40bf1bc4f3ac: start 309b0a9a-ca0d-4cb3-b4c4-40bf1bc4f3ac@group-70E9283827D5-LeaderElection17
2022-06-15 07:34:04,616 [ChunkWriter-2-0] INFO  impl.HddsDispatcher (HddsDispatcher.java:dispatchRequest(353)) - Marked Container UNHEALTHY, ContainerID: 2
2022-06-15 07:34:04,622 [309b0a9a-ca0d-4cb3-b4c4-40bf1bc4f3ac@group-70E9283827D5-LeaderElection17] INFO  impl.LeaderElection (LeaderElection.java:askForVotes(310)) - 309b0a9a-ca0d-4cb3-b4c4-40bf1bc4f3ac@group-70E9283827D5-LeaderElection17 ELECTION round 0: submit vote requests at term 1 for -1: [309b0a9a-ca0d-4cb3-b4c4-40bf1bc4f3ac|rpc:10.1.0.11:44617|priority:1], old=null
2022-06-15 07:34:04,622 [309b0a9a-ca0d-4cb3-b4c4-40bf1bc4f3ac@group-70E9283827D5-LeaderElection17] INFO  impl.LeaderElection (LeaderElection.java:askForVotes(312)) - 309b0a9a-ca0d-4cb3-b4c4-40bf1bc4f3ac@group-70E9283827D5-LeaderElection17 ELECTION round 0: result PASSED (term=1)
2022-06-15 07:34:04,622 [309b0a9a-ca0d-4cb3-b4c4-40bf1bc4f3ac@group-70E9283827D5-LeaderElection17] INFO  impl.RoleInfo (RoleInfo.java:shutdownLeaderElection(130)) - 309b0a9a-ca0d-4cb3-b4c4-40bf1bc4f3ac: shutdown 309b0a9a-ca0d-4cb3-b4c4-40bf1bc4f3ac@group-70E9283827D5-LeaderElection17
2022-06-15 07:34:04,622 [309b0a9a-ca0d-4cb3-b4c4-40bf1bc4f3ac@group-70E9283827D5-LeaderElection17] INFO  server.RaftServer$Division (RaftServerImpl.java:setRole(299)) - 309b0a9a-ca0d-4cb3-b4c4-40bf1bc4f3ac@group-70E9283827D5: changes role from CANDIDATE to LEADER at term 1 for changeToLeader
2022-06-15 07:34:04,622 [309b0a9a-ca0d-4cb3-b4c4-40bf1bc4f3ac@group-70E9283827D5-LeaderElection17] INFO  ratis.XceiverServerRatis (XceiverServerRatis.java:handleLeaderChangedNotification(863)) - Leader change notification received for group: group-70E9283827D5 with new leaderId: 309b0a9a-ca0d-4cb3-b4c4-40bf1bc4f3ac
2022-06-15 07:34:04,622 [309b0a9a-ca0d-4cb3-b4c4-40bf1bc4f3ac@group-70E9283827D5-LeaderElection17] INFO  server.RaftServer$Division (ServerState.java:setLeader(287)) - 309b0a9a-ca0d-4cb3-b4c4-40bf1bc4f3ac@group-70E9283827D5: change Leader from null to 309b0a9a-ca0d-4cb3-b4c4-40bf1bc4f3ac at term 1 for becomeLeader, leader elected after 5050ms
2022-06-15 07:34:04,622 [309b0a9a-ca0d-4cb3-b4c4-40bf1bc4f3ac@group-70E9283827D5-LeaderElection17] INFO  server.RaftServerConfigKeys (ConfUtils.java:logGet(46)) - raft.server.staging.catchup.gap = 1000 (default)
2022-06-15 07:34:04,623 [309b0a9a-ca0d-4cb3-b4c4-40bf1bc4f3ac@group-70E9283827D5-LeaderElection17] INFO  server.RaftServerConfigKeys (ConfUtils.java:logGet(46)) - raft.server.write.element-limit = 1024 (custom)
2022-06-15 07:34:04,623 [309b0a9a-ca0d-4cb3-b4c4-40bf1bc4f3ac@group-70E9283827D5-LeaderElection17] INFO  server.RaftServerConfigKeys (ConfUtils.java:logGet(46)) - raft.server.write.byte-limit = 1024 M (=1073741824) (custom)
2022-06-15 07:34:04,623 [FixedThreadPoolWithAffinityExecutor-9-0] WARN  container.ContainerReportHandler (AbstractContainerReportHandler.java:updateContainerState(255)) - Container #1 is in OPEN state, but the datanode b0a9d56e-b544-41cd-b2b1-b34d126127d5{ip: 10.1.0.11, host: fv-az121-418.xhy4bhhdincepo0av04agjzkjc.cx.internal.cloudapp.net, ports: [REPLICATION=45673, RATIS=34765, RATIS_ADMIN=34765, RATIS_SERVER=34765, STANDALONE=46291], networkLocation: /default-rack, certSerialId: null, persistedOpState: IN_SERVICE, persistedOpStateExpiryEpochSec: 0} reports an QUASI_CLOSED replica.
2022-06-15 07:34:04,624 [FixedThreadPoolWithAffinityExecutor-1-0] WARN  container.IncrementalContainerReportHandler (AbstractContainerReportHandler.java:updateContainerState(255)) - Container #2 is in OPEN state, but the datanode b0a9d56e-b544-41cd-b2b1-b34d126127d5{ip: 10.1.0.11, host: fv-az121-418.xhy4bhhdincepo0av04agjzkjc.cx.internal.cloudapp.net, ports: [REPLICATION=45673, RATIS=34765, RATIS_ADMIN=34765, RATIS_SERVER=34765, STANDALONE=46291], networkLocation: /default-rack, certSerialId: null, persistedOpState: IN_SERVICE, persistedOpStateExpiryEpochSec: 0} reports an UNHEALTHY replica.
2022-06-15 07:34:04,624 [309b0a9a-ca0d-4cb3-b4c4-40bf1bc4f3ac@group-70E9283827D5-LeaderElection17] INFO  server.RaftServerConfigKeys (ConfUtils.java:logGet(46)) - raft.server.watch.timeout = 10000ms (default)
2022-06-15 07:34:04,624 [309b0a9a-ca0d-4cb3-b4c4-40bf1bc4f3ac@group-70E9283827D5-LeaderElection17] INFO  server.RaftServerConfigKeys (ConfUtils.java:logGet(46)) - raft.server.watch.timeout.denomination = 1s (default)
2022-06-15 07:34:04,624 [309b0a9a-ca0d-4cb3-b4c4-40bf1bc4f3ac@group-70E9283827D5-LeaderElection17] INFO  server.RaftServerConfigKeys (ConfUtils.java:logGet(46)) - raft.server.watch.element-limit = 65536 (default)
2022-06-15 07:34:04,624 [309b0a9a-ca0d-4cb3-b4c4-40bf1bc4f3ac@group-70E9283827D5-LeaderElection17] INFO  server.RaftServerConfigKeys (ConfUtils.java:logGet(46)) - raft.server.write.element-limit = 1024 (custom)
2022-06-15 07:34:04,624 [309b0a9a-ca0d-4cb3-b4c4-40bf1bc4f3ac@group-70E9283827D5-LeaderElection17] INFO  server.RaftServerConfigKeys (ConfUtils.java:logGet(46)) - raft.server.write.follower.gap.ratio.max = -1.0 (default)
2022-06-15 07:34:04,624 [309b0a9a-ca0d-4cb3-b4c4-40bf1bc4f3ac@group-70E9283827D5-LeaderElection17] INFO  impl.RoleInfo (RoleInfo.java:updateAndGet(139)) - 309b0a9a-ca0d-4cb3-b4c4-40bf1bc4f3ac: start 309b0a9a-ca0d-4cb3-b4c4-40bf1bc4f3ac@group-70E9283827D5-LeaderStateImpl
2022-06-15 07:34:04,625 [309b0a9a-ca0d-4cb3-b4c4-40bf1bc4f3ac@group-70E9283827D5-LeaderElection17] INFO  segmented.SegmentedRaftLogWorker (SegmentedRaftLogWorker.java:startLogSegment(425)) - 309b0a9a-ca0d-4cb3-b4c4-40bf1bc4f3ac@group-70E9283827D5-SegmentedRaftLogWorker: Starting segment from index:0
2022-06-15 07:34:04,628 [309b0a9a-ca0d-4cb3-b4c4-40bf1bc4f3ac@group-70E9283827D5-LeaderElection17] INFO  server.RaftServer$Division (ServerState.java:setRaftConf(393)) - 309b0a9a-ca0d-4cb3-b4c4-40bf1bc4f3ac@group-70E9283827D5: set configuration 0: [309b0a9a-ca0d-4cb3-b4c4-40bf1bc4f3ac|rpc:10.1.0.11:44617|dataStream:|priority:1], old=null
2022-06-15 07:34:04,628 [309b0a9a-ca0d-4cb3-b4c4-40bf1bc4f3ac@group-70E9283827D5-SegmentedRaftLogWorker] INFO  segmented.SegmentedRaftLogWorker (SegmentedRaftLogWorker.java:execute(629)) - 309b0a9a-ca0d-4cb3-b4c4-40bf1bc4f3ac@group-70E9283827D5-SegmentedRaftLogWorker: created new log segment /home/runner/work/ozone/ozone/hadoop-ozone/integration-test/target/test-dir/MiniOzoneClusterImpl-589494f2-24de-4a8c-8650-9a890bc48d46/datanode-8/data/ratis/883a3cac-f40e-471e-8fc5-70e9283827d5/current/log_inprogress_0
07:34:04.636 [ChunkWriter-2-0] ERROR DNAudit - user=null | ip=null | op=WRITE_CHUNK {blockData=conID: 2 locID: 109611004723200002 bcsId: 6} | ret=FAILURE
java.lang.Exception: Chunks directory /home/runner/work/ozone/ozone/hadoop-ozone/integration-test/target/test-dir/MiniOzoneClusterImpl-589494f2-24de-4a8c-8650-9a890bc48d46/datanode-1/data-0/containers/hdds/589494f2-24de-4a8c-8650-9a890bc48d46/current/containerDir0/2/chunks does not exist.
	at org.apache.hadoop.ozone.container.common.impl.HddsDispatcher.dispatchRequest(HddsDispatcher.java:371) ~[hdds-container-service-1.3.0-SNAPSHOT.jar:?]
	at org.apache.hadoop.ozone.container.common.impl.HddsDispatcher.lambda$dispatch$0(HddsDispatcher.java:169) ~[hdds-container-service-1.3.0-SNAPSHOT.jar:?]
	at org.apache.hadoop.hdds.server.OzoneProtocolMessageDispatcher.processRequest(OzoneProtocolMessageDispatcher.java:87) ~[hdds-server-framework-1.3.0-SNAPSHOT.jar:?]
	at org.apache.hadoop.ozone.container.common.impl.HddsDispatcher.dispatch(HddsDispatcher.java:168) ~[hdds-container-service-1.3.0-SNAPSHOT.jar:?]
	at org.apache.hadoop.ozone.container.common.transport.server.ratis.ContainerStateMachine.dispatchCommand(ContainerStateMachine.java:413) ~[hdds-container-service-1.3.0-SNAPSHOT.jar:?]
	at org.apache.hadoop.ozone.container.common.transport.server.ratis.ContainerStateMachine.runCommand(ContainerStateMachine.java:423) ~[hdds-container-service-1.3.0-SNAPSHOT.jar:?]
	at org.apache.hadoop.ozone.container.common.transport.server.ratis.ContainerStateMachine.lambda$handleWriteChunk$1(ContainerStateMachine.java:455) ~[hdds-container-service-1.3.0-SNAPSHOT.jar:?]
	at java.util.concurrent.CompletableFuture$AsyncSupply.run(CompletableFuture.java:1604) [?:1.8.0_332]
	at java.util.concurrent.ThreadPoolExecutor.runWorker(ThreadPoolExecutor.java:1149) [?:1.8.0_332]
	at java.util.concurrent.ThreadPoolExecutor$Worker.run(ThreadPoolExecutor.java:624) [?:1.8.0_332]
	at java.lang.Thread.run(Thread.java:750) [?:1.8.0_332]
2022-06-15 07:34:04,636 [ChunkWriter-2-0] ERROR ratis.ContainerStateMachine (ContainerStateMachine.java:lambda$handleWriteChunk$2(483)) - group-114DF2E904AF: writeChunk writeStateMachineData failed: blockIdcontainerID: 2
localID: 109611004723200002
blockCommitSequenceId: 6
replicaIndex: 0
 logIndex 9 chunkName 109611004723200002_chunk_2 Error message: Chunks directory /home/runner/work/ozone/ozone/hadoop-ozone/integration-test/target/test-dir/MiniOzoneClusterImpl-589494f2-24de-4a8c-8650-9a890bc48d46/datanode-1/data-0/containers/hdds/589494f2-24de-4a8c-8650-9a890bc48d46/current/containerDir0/2/chunks does not exist. Container Result: UNABLE_TO_FIND_DATA_DIR
07:34:04.640 [ChunkWriter-2-0] ERROR DNAudit - user=null | ip=null | op=WRITE_CHUNK {blockData=conID: 2 locID: 109611004723200002 bcsId: 6} | ret=FAILURE
java.lang.Exception: Chunks directory /home/runner/work/ozone/ozone/hadoop-ozone/integration-test/target/test-dir/MiniOzoneClusterImpl-589494f2-24de-4a8c-8650-9a890bc48d46/datanode-2/data-0/containers/hdds/589494f2-24de-4a8c-8650-9a890bc48d46/current/containerDir0/2/chunks does not exist.
	at org.apache.hadoop.ozone.container.common.impl.HddsDispatcher.dispatchRequest(HddsDispatcher.java:371) ~[hdds-container-service-1.3.0-SNAPSHOT.jar:?]
	at org.apache.hadoop.ozone.container.common.impl.HddsDispatcher.lambda$dispatch$0(HddsDispatcher.java:169) ~[hdds-container-service-1.3.0-SNAPSHOT.jar:?]
	at org.apache.hadoop.hdds.server.OzoneProtocolMessageDispatcher.processRequest(OzoneProtocolMessageDispatcher.java:87) ~[hdds-server-framework-1.3.0-SNAPSHOT.jar:?]
	at org.apache.hadoop.ozone.container.common.impl.HddsDispatcher.dispatch(HddsDispatcher.java:168) ~[hdds-container-service-1.3.0-SNAPSHOT.jar:?]
	at org.apache.hadoop.ozone.container.common.transport.server.ratis.ContainerStateMachine.dispatchCommand(ContainerStateMachine.java:413) ~[hdds-container-service-1.3.0-SNAPSHOT.jar:?]
	at org.apache.hadoop.ozone.container.common.transport.server.ratis.ContainerStateMachine.runCommand(ContainerStateMachine.java:423) ~[hdds-container-service-1.3.0-SNAPSHOT.jar:?]
	at org.apache.hadoop.ozone.container.common.transport.server.ratis.ContainerStateMachine.lambda$handleWriteChunk$1(ContainerStateMachine.java:455) ~[hdds-container-service-1.3.0-SNAPSHOT.jar:?]
	at java.util.concurrent.CompletableFuture$AsyncSupply.run(CompletableFuture.java:1604) [?:1.8.0_332]
	at java.util.concurrent.ThreadPoolExecutor.runWorker(ThreadPoolExecutor.java:1149) [?:1.8.0_332]
	at java.util.concurrent.ThreadPoolExecutor$Worker.run(ThreadPoolExecutor.java:624) [?:1.8.0_332]
	at java.lang.Thread.run(Thread.java:750) [?:1.8.0_332]
2022-06-15 07:34:04,640 [ChunkWriter-2-0] ERROR ratis.ContainerStateMachine (ContainerStateMachine.java:lambda$handleWriteChunk$2(483)) - group-114DF2E904AF: writeChunk writeStateMachineData failed: blockIdcontainerID: 2
localID: 109611004723200002
blockCommitSequenceId: 6
replicaIndex: 0
 logIndex 9 chunkName 109611004723200002_chunk_2 Error message: Chunks directory /home/runner/work/ozone/ozone/hadoop-ozone/integration-test/target/test-dir/MiniOzoneClusterImpl-589494f2-24de-4a8c-8650-9a890bc48d46/datanode-2/data-0/containers/hdds/589494f2-24de-4a8c-8650-9a890bc48d46/current/containerDir0/2/chunks does not exist. Container Result: UNABLE_TO_FIND_DATA_DIR
2022-06-15 07:34:04,649 [309b0a9a-ca0d-4cb3-b4c4-40bf1bc4f3ac@group-70E9283827D5-StateMachineUpdater] INFO  ratis.ContainerStateMachine (ContainerStateMachine.java:takeSnapshot(304)) - group-70E9283827D5: Taking a snapshot at:(t:1, i:0) file /home/runner/work/ozone/ozone/hadoop-ozone/integration-test/target/test-dir/MiniOzoneClusterImpl-589494f2-24de-4a8c-8650-9a890bc48d46/datanode-8/data/ratis/883a3cac-f40e-471e-8fc5-70e9283827d5/sm/snapshot.1_0
2022-06-15 07:34:04,651 [309b0a9a-ca0d-4cb3-b4c4-40bf1bc4f3ac@group-70E9283827D5-StateMachineUpdater] INFO  ratis.ContainerStateMachine (ContainerStateMachine.java:takeSnapshot(315)) - group-70E9283827D5: Finished taking a snapshot at:(t:1, i:0) file:/home/runner/work/ozone/ozone/hadoop-ozone/integration-test/target/test-dir/MiniOzoneClusterImpl-589494f2-24de-4a8c-8650-9a890bc48d46/datanode-8/data/ratis/883a3cac-f40e-471e-8fc5-70e9283827d5/sm/snapshot.1_0 took: 2 ms
2022-06-15 07:34:04,651 [309b0a9a-ca0d-4cb3-b4c4-40bf1bc4f3ac@group-70E9283827D5-StateMachineUpdater] INFO  impl.StateMachineUpdater (StateMachineUpdater.java:takeSnapshot(287)) - 309b0a9a-ca0d-4cb3-b4c4-40bf1bc4f3ac@group-70E9283827D5-StateMachineUpdater: Took a snapshot at index 0
2022-06-15 07:34:04,651 [309b0a9a-ca0d-4cb3-b4c4-40bf1bc4f3ac@group-70E9283827D5-StateMachineUpdater] INFO  impl.StateMachineUpdater (StateMachineUpdater.java:lambda$new$0(92)) - 309b0a9a-ca0d-4cb3-b4c4-40bf1bc4f3ac@group-70E9283827D5-StateMachineUpdater: snapshotIndex: updateIncreasingly -1 -> 0
2022-06-15 07:34:04,653 [657a5ecd-0fe1-496e-aa3e-85dbaec35512@group-114DF2E904AF-SegmentedRaftLogWorker] ERROR ratis.XceiverServerRatis (XceiverServerRatis.java:triggerPipelineClose(678)) - pipeline Action CLOSE on pipeline PipelineID=83aa0ae5-c647-4842-ba01-114df2e904af.Reason : Chunks directory /home/runner/work/ozone/ozone/hadoop-ozone/integration-test/target/test-dir/MiniOzoneClusterImpl-589494f2-24de-4a8c-8650-9a890bc48d46/datanode-2/data-0/containers/hdds/589494f2-24de-4a8c-8650-9a890bc48d46/current/containerDir0/2/chunks does not exist.
2022-06-15 07:34:04,663 [b0a9d56e-b544-41cd-b2b1-b34d126127d5@group-114DF2E904AF-SegmentedRaftLogWorker] ERROR ratis.XceiverServerRatis (XceiverServerRatis.java:triggerPipelineClose(678)) - pipeline Action CLOSE on pipeline PipelineID=83aa0ae5-c647-4842-ba01-114df2e904af.Reason : Chunks directory /home/runner/work/ozone/ozone/hadoop-ozone/integration-test/target/test-dir/MiniOzoneClusterImpl-589494f2-24de-4a8c-8650-9a890bc48d46/datanode-1/data-0/containers/hdds/589494f2-24de-4a8c-8650-9a890bc48d46/current/containerDir0/2/chunks does not exist.
2022-06-15 07:34:04,665 [EventQueue-PipelineActionsForPipelineActionHandler] INFO  pipeline.PipelineActionHandler (PipelineActionHandler.java:processPipelineAction(82)) - Received pipeline action CLOSE for PipelineID=83aa0ae5-c647-4842-ba01-114df2e904af from datanode 657a5ecd-0fe1-496e-aa3e-85dbaec35512. Reason : Chunks directory /home/runner/work/ozone/ozone/hadoop-ozone/integration-test/target/test-dir/MiniOzoneClusterImpl-589494f2-24de-4a8c-8650-9a890bc48d46/datanode-2/data-0/containers/hdds/589494f2-24de-4a8c-8650-9a890bc48d46/current/containerDir0/2/chunks does not exist.
2022-06-15 07:34:04,669 [657a5ecd-0fe1-496e-aa3e-85dbaec35512@group-114DF2E904AF-SegmentedRaftLogWorker] ERROR ratis.XceiverServerRatis (XceiverServerRatis.java:triggerPipelineClose(678)) - pipeline Action CLOSE on pipeline PipelineID=83aa0ae5-c647-4842-ba01-114df2e904af.Reason : Log already failed at index 9 for task WriteLog:9: (t:1, i:9), STATEMACHINELOGENTRY, cmdType: WriteChunk traceID: "" containerID: 2 datanodeUuid: "b0a9d56e-b544-41cd-b2b1-b34d126127d5" pipelineID: "83aa0ae5-c647-4842-ba01-114df2e904af" writeChunk { blockID { containerID: 2 localID: 109611004723200002 blockCommitSequenceId: 6 replicaIndex: 0 } chunkData { chunkName: "109611004723200002_chunk_2" offset: 5 len: 10 checksumData { type: CRC32 bytesPerChecksum: 1048576 checksums: "\317\357R*" } } }, container path=/home/runner/work/ozone/ozone/hadoop-ozone/integration-test/target/test-dir/MiniOzoneClusterImpl-589494f2-24de-4a8c-8650-9a890bc48d46/datanode-2/data-0/containers/hdds/589494f2-24de-4a8c-8650-9a890bc48d46/current/containerDir0/2
2022-06-15 07:34:04,670 [b0a9d56e-b544-41cd-b2b1-b34d126127d5@group-114DF2E904AF-SegmentedRaftLogWorker] ERROR ratis.XceiverServerRatis (XceiverServerRatis.java:triggerPipelineClose(678)) - pipeline Action CLOSE on pipeline PipelineID=83aa0ae5-c647-4842-ba01-114df2e904af.Reason : Log already failed at index 9 for task WriteLog:9: (t:1, i:9), STATEMACHINELOGENTRY, cmdType: WriteChunk traceID: "" containerID: 2 datanodeUuid: "b0a9d56e-b544-41cd-b2b1-b34d126127d5" pipelineID: "83aa0ae5-c647-4842-ba01-114df2e904af" writeChunk { blockID { containerID: 2 localID: 109611004723200002 blockCommitSequenceId: 6 replicaIndex: 0 } chunkData { chunkName: "109611004723200002_chunk_2" offset: 5 len: 10 checksumData { type: CRC32 bytesPerChecksum: 1048576 checksums: "\317\357R*" } } }, container path=/home/runner/work/ozone/ozone/hadoop-ozone/integration-test/target/test-dir/MiniOzoneClusterImpl-589494f2-24de-4a8c-8650-9a890bc48d46/datanode-1/data-0/containers/hdds/589494f2-24de-4a8c-8650-9a890bc48d46/current/containerDir0/2
2022-06-15 07:34:04,672 [EventQueue-CloseContainerForCloseContainerEventHandler] INFO  container.CloseContainerEventHandler (CloseContainerEventHandler.java:onMessage(70)) - Close container Event triggered for container : #2
2022-06-15 07:34:04,673 [EventQueue-PipelineActionsForPipelineActionHandler] INFO  pipeline.PipelineManagerImpl (PipelineManagerImpl.java:closeContainersForPipeline(409)) - Container #1 closed for pipeline=PipelineID=83aa0ae5-c647-4842-ba01-114df2e904af
2022-06-15 07:34:04,673 [EventQueue-PipelineActionsForPipelineActionHandler] INFO  pipeline.PipelineManagerImpl (PipelineManagerImpl.java:closeContainersForPipeline(409)) - Container #2 closed for pipeline=PipelineID=83aa0ae5-c647-4842-ba01-114df2e904af
2022-06-15 07:34:04,674 [EventQueue-PipelineActionsForPipelineActionHandler] INFO  pipeline.PipelineManagerImpl (PipelineManagerImpl.java:closePipeline(430)) - Pipeline Pipeline[ Id: 83aa0ae5-c647-4842-ba01-114df2e904af, Nodes: b0a9d56e-b544-41cd-b2b1-b34d126127d5{ip: 10.1.0.11, host: fv-az121-418.xhy4bhhdincepo0av04agjzkjc.cx.internal.cloudapp.net, ports: [REPLICATION=45673, RATIS=34765, RATIS_ADMIN=34765, RATIS_SERVER=34765, STANDALONE=46291], networkLocation: /default-rack, certSerialId: null, persistedOpState: IN_SERVICE, persistedOpStateExpiryEpochSec: 0}657a5ecd-0fe1-496e-aa3e-85dbaec35512{ip: 10.1.0.11, host: fv-az121-418.xhy4bhhdincepo0av04agjzkjc.cx.internal.cloudapp.net, ports: [REPLICATION=36157, RATIS=33757, RATIS_ADMIN=33757, RATIS_SERVER=33757, STANDALONE=41369], networkLocation: /default-rack, certSerialId: null, persistedOpState: IN_SERVICE, persistedOpStateExpiryEpochSec: 0}543aeec3-c74a-41c2-8a93-8d529b3aabc8{ip: 10.1.0.11, host: fv-az121-418.xhy4bhhdincepo0av04agjzkjc.cx.internal.cloudapp.net, ports: [REPLICATION=36317, RATIS=41193, RATIS_ADMIN=41193, RATIS_SERVER=41193, STANDALONE=38087], networkLocation: /default-rack, certSerialId: null, persistedOpState: IN_SERVICE, persistedOpStateExpiryEpochSec: 0}, ReplicationConfig: RATIS/THREE, State:OPEN, leaderId:543aeec3-c74a-41c2-8a93-8d529b3aabc8, CreationTimestamp2022-06-15T07:33:54.617Z[Etc/UTC]] moved to CLOSED state
2022-06-15 07:34:04,674 [EventQueue-PipelineActionsForPipelineActionHandler] INFO  pipeline.RatisPipelineProvider (RatisPipelineProvider.java:lambda$close$1(244)) - Send pipeline:PipelineID=83aa0ae5-c647-4842-ba01-114df2e904af close command to datanode b0a9d56e-b544-41cd-b2b1-b34d126127d5
2022-06-15 07:34:04,675 [EventQueue-PipelineActionsForPipelineActionHandler] INFO  pipeline.RatisPipelineProvider (RatisPipelineProvider.java:lambda$close$1(244)) - Send pipeline:PipelineID=83aa0ae5-c647-4842-ba01-114df2e904af close command to datanode 657a5ecd-0fe1-496e-aa3e-85dbaec35512
2022-06-15 07:34:04,675 [EventQueue-PipelineActionsForPipelineActionHandler] INFO  pipeline.RatisPipelineProvider (RatisPipelineProvider.java:lambda$close$1(244)) - Send pipeline:PipelineID=83aa0ae5-c647-4842-ba01-114df2e904af close command to datanode 543aeec3-c74a-41c2-8a93-8d529b3aabc8
2022-06-15 07:34:04,676 [EventQueue-PipelineActionsForPipelineActionHandler] INFO  pipeline.PipelineStateManagerImpl (PipelineStateManagerImpl.java:removePipeline(243)) - Pipeline Pipeline[ Id: 83aa0ae5-c647-4842-ba01-114df2e904af, Nodes: b0a9d56e-b544-41cd-b2b1-b34d126127d5{ip: 10.1.0.11, host: fv-az121-418.xhy4bhhdincepo0av04agjzkjc.cx.internal.cloudapp.net, ports: [REPLICATION=45673, RATIS=34765, RATIS_ADMIN=34765, RATIS_SERVER=34765, STANDALONE=46291], networkLocation: /default-rack, certSerialId: null, persistedOpState: IN_SERVICE, persistedOpStateExpiryEpochSec: 0}657a5ecd-0fe1-496e-aa3e-85dbaec35512{ip: 10.1.0.11, host: fv-az121-418.xhy4bhhdincepo0av04agjzkjc.cx.internal.cloudapp.net, ports: [REPLICATION=36157, RATIS=33757, RATIS_ADMIN=33757, RATIS_SERVER=33757, STANDALONE=41369], networkLocation: /default-rack, certSerialId: null, persistedOpState: IN_SERVICE, persistedOpStateExpiryEpochSec: 0}543aeec3-c74a-41c2-8a93-8d529b3aabc8{ip: 10.1.0.11, host: fv-az121-418.xhy4bhhdincepo0av04agjzkjc.cx.internal.cloudapp.net, ports: [REPLICATION=36317, RATIS=41193, RATIS_ADMIN=41193, RATIS_SERVER=41193, STANDALONE=38087], networkLocation: /default-rack, certSerialId: null, persistedOpState: IN_SERVICE, persistedOpStateExpiryEpochSec: 0}, ReplicationConfig: RATIS/THREE, State:CLOSED, leaderId:543aeec3-c74a-41c2-8a93-8d529b3aabc8, CreationTimestamp2022-06-15T07:33:54.617Z[Etc/UTC]] removed.
2022-06-15 07:34:04,676 [EventQueue-PipelineActionsForPipelineActionHandler] INFO  pipeline.PipelineActionHandler (PipelineActionHandler.java:processPipelineAction(82)) - Received pipeline action CLOSE for PipelineID=83aa0ae5-c647-4842-ba01-114df2e904af from datanode b0a9d56e-b544-41cd-b2b1-b34d126127d5. Reason : Chunks directory /home/runner/work/ozone/ozone/hadoop-ozone/integration-test/target/test-dir/MiniOzoneClusterImpl-589494f2-24de-4a8c-8650-9a890bc48d46/datanode-1/data-0/containers/hdds/589494f2-24de-4a8c-8650-9a890bc48d46/current/containerDir0/2/chunks does not exist.
2022-06-15 07:34:04,676 [EventQueue-PipelineActionsForPipelineActionHandler] WARN  pipeline.PipelineActionHandler (PipelineActionHandler.java:processPipelineAction(93)) - Pipeline action CLOSE received for unknown pipeline PipelineID=83aa0ae5-c647-4842-ba01-114df2e904af, firing close pipeline event.
2022-06-15 07:34:04,677 [EventQueue-PipelineActionsForPipelineActionHandler] INFO  pipeline.PipelineActionHandler (PipelineActionHandler.java:processPipelineAction(82)) - Received pipeline action CLOSE for PipelineID=83aa0ae5-c647-4842-ba01-114df2e904af from datanode 657a5ecd-0fe1-496e-aa3e-85dbaec35512. Reason : Log already failed at index 9 for task WriteLog:9: (t:1, i:9), STATEMACHINELOGENTRY, cmdType: WriteChunk traceID: "" containerID: 2 datanodeUuid: "b0a9d56e-b544-41cd-b2b1-b34d126127d5" pipelineID: "83aa0ae5-c647-4842-ba01-114df2e904af" writeChunk { blockID { containerID: 2 localID: 109611004723200002 blockCommitSequenceId: 6 replicaIndex: 0 } chunkData { chunkName: "109611004723200002_chunk_2" offset: 5 len: 10 checksumData { type: CRC32 bytesPerChecksum: 1048576 checksums: "\317\357R*" } } }, container path=/home/runner/work/ozone/ozone/hadoop-ozone/integration-test/target/test-dir/MiniOzoneClusterImpl-589494f2-24de-4a8c-8650-9a890bc48d46/datanode-2/data-0/containers/hdds/589494f2-24de-4a8c-8650-9a890bc48d46/current/containerDir0/2
2022-06-15 07:34:04,677 [EventQueue-PipelineActionsForPipelineActionHandler] WARN  pipeline.PipelineActionHandler (PipelineActionHandler.java:processPipelineAction(93)) - Pipeline action CLOSE received for unknown pipeline PipelineID=83aa0ae5-c647-4842-ba01-114df2e904af, firing close pipeline event.
2022-06-15 07:34:04,677 [EventQueue-PipelineActionsForPipelineActionHandler] INFO  pipeline.PipelineActionHandler (PipelineActionHandler.java:processPipelineAction(82)) - Received pipeline action CLOSE for PipelineID=83aa0ae5-c647-4842-ba01-114df2e904af from datanode b0a9d56e-b544-41cd-b2b1-b34d126127d5. Reason : Log already failed at index 9 for task WriteLog:9: (t:1, i:9), STATEMACHINELOGENTRY, cmdType: WriteChunk traceID: "" containerID: 2 datanodeUuid: "b0a9d56e-b544-41cd-b2b1-b34d126127d5" pipelineID: "83aa0ae5-c647-4842-ba01-114df2e904af" writeChunk { blockID { containerID: 2 localID: 109611004723200002 blockCommitSequenceId: 6 replicaIndex: 0 } chunkData { chunkName: "109611004723200002_chunk_2" offset: 5 len: 10 checksumData { type: CRC32 bytesPerChecksum: 1048576 checksums: "\317\357R*" } } }, container path=/home/runner/work/ozone/ozone/hadoop-ozone/integration-test/target/test-dir/MiniOzoneClusterImpl-589494f2-24de-4a8c-8650-9a890bc48d46/datanode-1/data-0/containers/hdds/589494f2-24de-4a8c-8650-9a890bc48d46/current/containerDir0/2
2022-06-15 07:34:04,677 [EventQueue-PipelineActionsForPipelineActionHandler] WARN  pipeline.PipelineActionHandler (PipelineActionHandler.java:processPipelineAction(93)) - Pipeline action CLOSE received for unknown pipeline PipelineID=83aa0ae5-c647-4842-ba01-114df2e904af, firing close pipeline event.
2022-06-15 07:34:04,679 [EventQueue-CloseContainerForCloseContainerEventHandler] INFO  container.CloseContainerEventHandler (CloseContainerEventHandler.java:onMessage(70)) - Close container Event triggered for container : #2
2022-06-15 07:34:04,680 [EventQueue-CloseContainerForCloseContainerEventHandler] INFO  container.CloseContainerEventHandler (CloseContainerEventHandler.java:onMessage(70)) - Close container Event triggered for container : #1
2022-06-15 07:34:04,680 [EventQueue-CloseContainerForCloseContainerEventHandler] INFO  container.CloseContainerEventHandler (CloseContainerEventHandler.java:onMessage(70)) - Close container Event triggered for container : #2
2022-06-15 07:34:04,741 [EventQueue-PipelineReportForPipelineReportHandler] INFO  pipeline.PipelineReportHandler (PipelineReportHandler.java:processPipelineReport(113)) - Reported pipeline PipelineID=83aa0ae5-c647-4842-ba01-114df2e904af is not found
2022-06-15 07:34:04,741 [FixedThreadPoolWithAffinityExecutor-9-0] INFO  container.ContainerReportHandler (AbstractContainerReportHandler.java:updateContainerState(281)) - Moving container #1 to QUASI_CLOSED state, datanode 543aeec3-c74a-41c2-8a93-8d529b3aabc8{ip: 10.1.0.11, host: fv-az121-418.xhy4bhhdincepo0av04agjzkjc.cx.internal.cloudapp.net, ports: [REPLICATION=36317, RATIS=41193, RATIS_ADMIN=41193, RATIS_SERVER=41193, STANDALONE=38087], networkLocation: /default-rack, certSerialId: null, persistedOpState: IN_SERVICE, persistedOpStateExpiryEpochSec: 0} reported QUASI_CLOSED replica.
2022-06-15 07:34:04,870 [EventQueue-PipelineReportForPipelineReportHandler] INFO  pipeline.PipelineReportHandler (PipelineReportHandler.java:processPipelineReport(113)) - Reported pipeline PipelineID=83aa0ae5-c647-4842-ba01-114df2e904af is not found
2022-06-15 07:34:04,871 [EventQueue-PipelineReportForPipelineReportHandler] INFO  pipeline.PipelineReportHandler (PipelineReportHandler.java:processPipelineReport(113)) - Reported pipeline PipelineID=83aa0ae5-c647-4842-ba01-114df2e904af is not found
2022-06-15 07:34:05,070 [EventQueue-PipelineReportForPipelineReportHandler] INFO  pipeline.PipelineReportHandler (PipelineReportHandler.java:processPipelineReport(113)) - Reported pipeline PipelineID=83aa0ae5-c647-4842-ba01-114df2e904af is not found
2022-06-15 07:34:05,141 [EventQueue-PipelineReportForPipelineReportHandler] INFO  pipeline.PipelineReportHandler (PipelineReportHandler.java:processPipelineReport(113)) - Reported pipeline PipelineID=83aa0ae5-c647-4842-ba01-114df2e904af is not found
2022-06-15 07:34:05,142 [3d9a943e-75ca-4968-a0ac-53e99e58ea83@group-9C2DF2B4915E-FollowerState] INFO  impl.FollowerState (FollowerState.java:run(143)) - 3d9a943e-75ca-4968-a0ac-53e99e58ea83@group-9C2DF2B4915E-FollowerState: change to CANDIDATE, lastRpcElapsedTime:5183044638ns, electionTimeout:5182ms
2022-06-15 07:34:05,142 [3d9a943e-75ca-4968-a0ac-53e99e58ea83@group-9C2DF2B4915E-FollowerState] INFO  impl.RoleInfo (RoleInfo.java:shutdownFollowerState(110)) - 3d9a943e-75ca-4968-a0ac-53e99e58ea83: shutdown 3d9a943e-75ca-4968-a0ac-53e99e58ea83@group-9C2DF2B4915E-FollowerState
2022-06-15 07:34:05,142 [3d9a943e-75ca-4968-a0ac-53e99e58ea83@group-9C2DF2B4915E-FollowerState] INFO  server.RaftServer$Division (RaftServerImpl.java:setRole(299)) - 3d9a943e-75ca-4968-a0ac-53e99e58ea83@group-9C2DF2B4915E: changes role from  FOLLOWER to CANDIDATE at term 0 for changeToCandidate
2022-06-15 07:34:05,142 [3d9a943e-75ca-4968-a0ac-53e99e58ea83@group-9C2DF2B4915E-FollowerState] INFO  server.RaftServerConfigKeys (ConfUtils.java:logGet(46)) - raft.server.leaderelection.pre-vote = false (custom)
2022-06-15 07:34:05,142 [3d9a943e-75ca-4968-a0ac-53e99e58ea83@group-9C2DF2B4915E-FollowerState] INFO  impl.RoleInfo (RoleInfo.java:updateAndGet(139)) - 3d9a943e-75ca-4968-a0ac-53e99e58ea83: start 3d9a943e-75ca-4968-a0ac-53e99e58ea83@group-9C2DF2B4915E-LeaderElection18
2022-06-15 07:34:05,148 [3d9a943e-75ca-4968-a0ac-53e99e58ea83@group-9C2DF2B4915E-LeaderElection18] INFO  impl.LeaderElection (LeaderElection.java:askForVotes(310)) - 3d9a943e-75ca-4968-a0ac-53e99e58ea83@group-9C2DF2B4915E-LeaderElection18 ELECTION round 0: submit vote requests at term 1 for -1: [3d9a943e-75ca-4968-a0ac-53e99e58ea83|rpc:10.1.0.11:34335|priority:1], old=null
2022-06-15 07:34:05,148 [3d9a943e-75ca-4968-a0ac-53e99e58ea83@group-9C2DF2B4915E-LeaderElection18] INFO  impl.LeaderElection (LeaderElection.java:askForVotes(312)) - 3d9a943e-75ca-4968-a0ac-53e99e58ea83@group-9C2DF2B4915E-LeaderElection18 ELECTION round 0: result PASSED (term=1)
2022-06-15 07:34:05,148 [3d9a943e-75ca-4968-a0ac-53e99e58ea83@group-9C2DF2B4915E-LeaderElection18] INFO  impl.RoleInfo (RoleInfo.java:shutdownLeaderElection(130)) - 3d9a943e-75ca-4968-a0ac-53e99e58ea83: shutdown 3d9a943e-75ca-4968-a0ac-53e99e58ea83@group-9C2DF2B4915E-LeaderElection18
2022-06-15 07:34:05,148 [3d9a943e-75ca-4968-a0ac-53e99e58ea83@group-9C2DF2B4915E-LeaderElection18] INFO  server.RaftServer$Division (RaftServerImpl.java:setRole(299)) - 3d9a943e-75ca-4968-a0ac-53e99e58ea83@group-9C2DF2B4915E: changes role from CANDIDATE to LEADER at term 1 for changeToLeader
2022-06-15 07:34:05,148 [3d9a943e-75ca-4968-a0ac-53e99e58ea83@group-9C2DF2B4915E-LeaderElection18] INFO  ratis.XceiverServerRatis (XceiverServerRatis.java:handleLeaderChangedNotification(863)) - Leader change notification received for group: group-9C2DF2B4915E with new leaderId: 3d9a943e-75ca-4968-a0ac-53e99e58ea83
2022-06-15 07:34:05,148 [3d9a943e-75ca-4968-a0ac-53e99e58ea83@group-9C2DF2B4915E-LeaderElection18] INFO  server.RaftServer$Division (ServerState.java:setLeader(287)) - 3d9a943e-75ca-4968-a0ac-53e99e58ea83@group-9C2DF2B4915E: change Leader from null to 3d9a943e-75ca-4968-a0ac-53e99e58ea83 at term 1 for becomeLeader, leader elected after 5200ms
2022-06-15 07:34:05,149 [3d9a943e-75ca-4968-a0ac-53e99e58ea83@group-9C2DF2B4915E-LeaderElection18] INFO  server.RaftServerConfigKeys (ConfUtils.java:logGet(46)) - raft.server.staging.catchup.gap = 1000 (default)
2022-06-15 07:34:05,149 [3d9a943e-75ca-4968-a0ac-53e99e58ea83@group-9C2DF2B4915E-LeaderElection18] INFO  server.RaftServerConfigKeys (ConfUtils.java:logGet(46)) - raft.server.write.element-limit = 1024 (custom)
2022-06-15 07:34:05,149 [3d9a943e-75ca-4968-a0ac-53e99e58ea83@group-9C2DF2B4915E-LeaderElection18] INFO  server.RaftServerConfigKeys (ConfUtils.java:logGet(46)) - raft.server.write.byte-limit = 1024 M (=1073741824) (custom)
2022-06-15 07:34:05,149 [3d9a943e-75ca-4968-a0ac-53e99e58ea83@group-9C2DF2B4915E-LeaderElection18] INFO  server.RaftServerConfigKeys (ConfUtils.java:logGet(46)) - raft.server.watch.timeout = 10000ms (default)
2022-06-15 07:34:05,149 [3d9a943e-75ca-4968-a0ac-53e99e58ea83@group-9C2DF2B4915E-LeaderElection18] INFO  server.RaftServerConfigKeys (ConfUtils.java:logGet(46)) - raft.server.watch.timeout.denomination = 1s (default)
2022-06-15 07:34:05,149 [3d9a943e-75ca-4968-a0ac-53e99e58ea83@group-9C2DF2B4915E-LeaderElection18] INFO  server.RaftServerConfigKeys (ConfUtils.java:logGet(46)) - raft.server.watch.element-limit = 65536 (default)
2022-06-15 07:34:05,149 [3d9a943e-75ca-4968-a0ac-53e99e58ea83@group-9C2DF2B4915E-LeaderElection18] INFO  server.RaftServerConfigKeys (ConfUtils.java:logGet(46)) - raft.server.write.element-limit = 1024 (custom)
2022-06-15 07:34:05,149 [3d9a943e-75ca-4968-a0ac-53e99e58ea83@group-9C2DF2B4915E-LeaderElection18] INFO  server.RaftServerConfigKeys (ConfUtils.java:logGet(46)) - raft.server.write.follower.gap.ratio.max = -1.0 (default)
2022-06-15 07:34:05,149 [3d9a943e-75ca-4968-a0ac-53e99e58ea83@group-9C2DF2B4915E-LeaderElection18] INFO  impl.RoleInfo (RoleInfo.java:updateAndGet(139)) - 3d9a943e-75ca-4968-a0ac-53e99e58ea83: start 3d9a943e-75ca-4968-a0ac-53e99e58ea83@group-9C2DF2B4915E-LeaderStateImpl
2022-06-15 07:34:05,150 [3d9a943e-75ca-4968-a0ac-53e99e58ea83@group-9C2DF2B4915E-LeaderElection18] INFO  segmented.SegmentedRaftLogWorker (SegmentedRaftLogWorker.java:startLogSegment(425)) - 3d9a943e-75ca-4968-a0ac-53e99e58ea83@group-9C2DF2B4915E-SegmentedRaftLogWorker: Starting segment from index:0
2022-06-15 07:34:05,152 [3d9a943e-75ca-4968-a0ac-53e99e58ea83@group-9C2DF2B4915E-SegmentedRaftLogWorker] INFO  segmented.SegmentedRaftLogWorker (SegmentedRaftLogWorker.java:execute(629)) - 3d9a943e-75ca-4968-a0ac-53e99e58ea83@group-9C2DF2B4915E-SegmentedRaftLogWorker: created new log segment /home/runner/work/ozone/ozone/hadoop-ozone/integration-test/target/test-dir/MiniOzoneClusterImpl-589494f2-24de-4a8c-8650-9a890bc48d46/datanode-9/data/ratis/5fe5c341-0cdc-40b8-95f1-9c2df2b4915e/current/log_inprogress_0
2022-06-15 07:34:05,159 [3d9a943e-75ca-4968-a0ac-53e99e58ea83@group-9C2DF2B4915E-LeaderElection18] INFO  server.RaftServer$Division (ServerState.java:setRaftConf(393)) - 3d9a943e-75ca-4968-a0ac-53e99e58ea83@group-9C2DF2B4915E: set configuration 0: [3d9a943e-75ca-4968-a0ac-53e99e58ea83|rpc:10.1.0.11:34335|dataStream:|priority:1], old=null
2022-06-15 07:34:05,162 [3d9a943e-75ca-4968-a0ac-53e99e58ea83@group-9C2DF2B4915E-StateMachineUpdater] INFO  ratis.ContainerStateMachine (ContainerStateMachine.java:takeSnapshot(304)) - group-9C2DF2B4915E: Taking a snapshot at:(t:1, i:0) file /home/runner/work/ozone/ozone/hadoop-ozone/integration-test/target/test-dir/MiniOzoneClusterImpl-589494f2-24de-4a8c-8650-9a890bc48d46/datanode-9/data/ratis/5fe5c341-0cdc-40b8-95f1-9c2df2b4915e/sm/snapshot.1_0
2022-06-15 07:34:05,163 [3d9a943e-75ca-4968-a0ac-53e99e58ea83@group-9C2DF2B4915E-StateMachineUpdater] INFO  ratis.ContainerStateMachine (ContainerStateMachine.java:takeSnapshot(315)) - group-9C2DF2B4915E: Finished taking a snapshot at:(t:1, i:0) file:/home/runner/work/ozone/ozone/hadoop-ozone/integration-test/target/test-dir/MiniOzoneClusterImpl-589494f2-24de-4a8c-8650-9a890bc48d46/datanode-9/data/ratis/5fe5c341-0cdc-40b8-95f1-9c2df2b4915e/sm/snapshot.1_0 took: 0 ms
2022-06-15 07:34:05,163 [3d9a943e-75ca-4968-a0ac-53e99e58ea83@group-9C2DF2B4915E-StateMachineUpdater] INFO  impl.StateMachineUpdater (StateMachineUpdater.java:takeSnapshot(287)) - 3d9a943e-75ca-4968-a0ac-53e99e58ea83@group-9C2DF2B4915E-StateMachineUpdater: Took a snapshot at index 0
2022-06-15 07:34:05,163 [3d9a943e-75ca-4968-a0ac-53e99e58ea83@group-9C2DF2B4915E-StateMachineUpdater] INFO  impl.StateMachineUpdater (StateMachineUpdater.java:lambda$new$0(92)) - 3d9a943e-75ca-4968-a0ac-53e99e58ea83@group-9C2DF2B4915E-StateMachineUpdater: snapshotIndex: updateIncreasingly -1 -> 0
2022-06-15 07:34:05,270 [EventQueue-PipelineReportForPipelineReportHandler] INFO  pipeline.PipelineReportHandler (PipelineReportHandler.java:processPipelineReport(113)) - Reported pipeline PipelineID=83aa0ae5-c647-4842-ba01-114df2e904af is not found
2022-06-15 07:34:05,271 [EventQueue-PipelineReportForPipelineReportHandler] INFO  pipeline.PipelineReportHandler (PipelineReportHandler.java:processPipelineReport(113)) - Reported pipeline PipelineID=83aa0ae5-c647-4842-ba01-114df2e904af is not found
2022-06-15 07:34:05,343 [EventQueue-PipelineReportForPipelineReportHandler] INFO  pipeline.PipelineReportHandler (PipelineReportHandler.java:processPipelineReport(113)) - Reported pipeline PipelineID=83aa0ae5-c647-4842-ba01-114df2e904af is not found
2022-06-15 07:34:05,472 [EventQueue-PipelineReportForPipelineReportHandler] INFO  pipeline.PipelineReportHandler (PipelineReportHandler.java:processPipelineReport(113)) - Reported pipeline PipelineID=83aa0ae5-c647-4842-ba01-114df2e904af is not found
2022-06-15 07:34:05,568 [Command processor thread] INFO  keyvalue.KeyValueContainer (KeyValueContainer.java:flushAndSyncDB(431)) - Container 2 is synced with bcsId 6.
2022-06-15 07:34:05,568 [Command processor thread] INFO  keyvalue.KeyValueContainer (KeyValueContainer.java:flushAndSyncDB(431)) - Container 2 is synced with bcsId 6.
2022-06-15 07:34:05,571 [Command processor thread] INFO  commandhandler.CloseContainerCommandHandler (CloseContainerCommandHandler.java:handle(112)) - Marking Container 2 quasi closed
2022-06-15 07:34:05,572 [FixedThreadPoolWithAffinityExecutor-9-0] INFO  container.IncrementalContainerReportHandler (AbstractContainerReportHandler.java:updateContainerState(281)) - Moving container #2 to QUASI_CLOSED state, datanode 543aeec3-c74a-41c2-8a93-8d529b3aabc8{ip: 10.1.0.11, host: fv-az121-418.xhy4bhhdincepo0av04agjzkjc.cx.internal.cloudapp.net, ports: [REPLICATION=36317, RATIS=41193, RATIS_ADMIN=41193, RATIS_SERVER=41193, STANDALONE=38087], networkLocation: /default-rack, certSerialId: null, persistedOpState: IN_SERVICE, persistedOpStateExpiryEpochSec: 0} reported QUASI_CLOSED replica.
2022-06-15 07:34:05,670 [EventQueue-PipelineReportForPipelineReportHandler] INFO  pipeline.PipelineReportHandler (PipelineReportHandler.java:processPipelineReport(113)) - Reported pipeline PipelineID=83aa0ae5-c647-4842-ba01-114df2e904af is not found
2022-06-15 07:34:05,772 [EventQueue-PipelineReportForPipelineReportHandler] INFO  pipeline.PipelineReportHandler (PipelineReportHandler.java:processPipelineReport(113)) - Reported pipeline PipelineID=83aa0ae5-c647-4842-ba01-114df2e904af is not found
2022-06-15 07:34:05,869 [EventQueue-PipelineReportForPipelineReportHandler] INFO  pipeline.PipelineReportHandler (PipelineReportHandler.java:processPipelineReport(113)) - Reported pipeline PipelineID=83aa0ae5-c647-4842-ba01-114df2e904af is not found
2022-06-15 07:34:05,873 [EventQueue-PipelineReportForPipelineReportHandler] INFO  pipeline.PipelineReportHandler (PipelineReportHandler.java:processPipelineReport(113)) - Reported pipeline PipelineID=83aa0ae5-c647-4842-ba01-114df2e904af is not found
2022-06-15 07:34:05,971 [EventQueue-PipelineReportForPipelineReportHandler] INFO  pipeline.PipelineReportHandler (PipelineReportHandler.java:processPipelineReport(113)) - Reported pipeline PipelineID=83aa0ae5-c647-4842-ba01-114df2e904af is not found
2022-06-15 07:34:06,070 [EventQueue-PipelineReportForPipelineReportHandler] INFO  pipeline.PipelineReportHandler (PipelineReportHandler.java:processPipelineReport(113)) - Reported pipeline PipelineID=83aa0ae5-c647-4842-ba01-114df2e904af is not found
2022-06-15 07:34:06,074 [EventQueue-PipelineReportForPipelineReportHandler] INFO  pipeline.PipelineReportHandler (PipelineReportHandler.java:processPipelineReport(113)) - Reported pipeline PipelineID=83aa0ae5-c647-4842-ba01-114df2e904af is not found
2022-06-15 07:34:06,172 [EventQueue-PipelineReportForPipelineReportHandler] INFO  pipeline.PipelineReportHandler (PipelineReportHandler.java:processPipelineReport(113)) - Reported pipeline PipelineID=83aa0ae5-c647-4842-ba01-114df2e904af is not found
2022-06-15 07:34:06,277 [EventQueue-PipelineReportForPipelineReportHandler] INFO  pipeline.PipelineReportHandler (PipelineReportHandler.java:processPipelineReport(113)) - Reported pipeline PipelineID=83aa0ae5-c647-4842-ba01-114df2e904af is not found
2022-06-15 07:34:06,469 [EventQueue-PipelineReportForPipelineReportHandler] INFO  pipeline.PipelineReportHandler (PipelineReportHandler.java:processPipelineReport(113)) - Reported pipeline PipelineID=83aa0ae5-c647-4842-ba01-114df2e904af is not found
2022-06-15 07:34:06,571 [EventQueue-PipelineReportForPipelineReportHandler] INFO  pipeline.PipelineReportHandler (PipelineReportHandler.java:processPipelineReport(113)) - Reported pipeline PipelineID=83aa0ae5-c647-4842-ba01-114df2e904af is not found
2022-06-15 07:34:06,676 [EventQueue-PipelineReportForPipelineReportHandler] INFO  pipeline.PipelineReportHandler (PipelineReportHandler.java:processPipelineReport(113)) - Reported pipeline PipelineID=83aa0ae5-c647-4842-ba01-114df2e904af is not found
2022-06-15 07:34:06,869 [EventQueue-PipelineReportForPipelineReportHandler] INFO  pipeline.PipelineReportHandler (PipelineReportHandler.java:processPipelineReport(113)) - Reported pipeline PipelineID=83aa0ae5-c647-4842-ba01-114df2e904af is not found
2022-06-15 07:34:06,876 [EventQueue-PipelineReportForPipelineReportHandler] INFO  pipeline.PipelineReportHandler (PipelineReportHandler.java:processPipelineReport(113)) - Reported pipeline PipelineID=83aa0ae5-c647-4842-ba01-114df2e904af is not found
2022-06-15 07:34:06,972 [EventQueue-PipelineReportForPipelineReportHandler] INFO  pipeline.PipelineReportHandler (PipelineReportHandler.java:processPipelineReport(113)) - Reported pipeline PipelineID=83aa0ae5-c647-4842-ba01-114df2e904af is not found
2022-06-15 07:34:07,064 [b0a9d56e-b544-41cd-b2b1-b34d126127d5@group-114DF2E904AF-StateMachineUpdater] ERROR ratis.ContainerStateMachine (ContainerStateMachine.java:takeSnapshot(298)) - Failed to take snapshot  for group-114DF2E904AF as the stateMachine is unhealthy. The last applied index is at (t:1, i:8)
2022-06-15 07:34:07,064 [b0a9d56e-b544-41cd-b2b1-b34d126127d5@group-114DF2E904AF-StateMachineUpdater] ERROR impl.StateMachineUpdater (StateMachineUpdater.java:takeSnapshot(282)) - b0a9d56e-b544-41cd-b2b1-b34d126127d5@group-114DF2E904AF-StateMachineUpdater: Failed to take snapshot
org.apache.ratis.protocol.exceptions.StateMachineException: Failed to take snapshot  for group-114DF2E904AF as the stateMachine is unhealthy. The last applied index is at (t:1, i:8)
	at org.apache.hadoop.ozone.container.common.transport.server.ratis.ContainerStateMachine.takeSnapshot(ContainerStateMachine.java:297)
	at org.apache.ratis.server.impl.StateMachineUpdater.takeSnapshot(StateMachineUpdater.java:270)
	at org.apache.ratis.server.impl.StateMachineUpdater.checkAndTakeSnapshot(StateMachineUpdater.java:262)
	at org.apache.ratis.server.impl.StateMachineUpdater.run(StateMachineUpdater.java:183)
	at java.lang.Thread.run(Thread.java:750)
2022-06-15 07:34:07,070 [EventQueue-PipelineReportForPipelineReportHandler] INFO  pipeline.PipelineReportHandler (PipelineReportHandler.java:processPipelineReport(113)) - Reported pipeline PipelineID=83aa0ae5-c647-4842-ba01-114df2e904af is not found
2022-06-15 07:34:07,089 [657a5ecd-0fe1-496e-aa3e-85dbaec35512@group-114DF2E904AF-StateMachineUpdater] ERROR ratis.ContainerStateMachine (ContainerStateMachine.java:takeSnapshot(298)) - Failed to take snapshot  for group-114DF2E904AF as the stateMachine is unhealthy. The last applied index is at (t:1, i:8)
2022-06-15 07:34:07,089 [657a5ecd-0fe1-496e-aa3e-85dbaec35512@group-114DF2E904AF-StateMachineUpdater] ERROR impl.StateMachineUpdater (StateMachineUpdater.java:takeSnapshot(282)) - 657a5ecd-0fe1-496e-aa3e-85dbaec35512@group-114DF2E904AF-StateMachineUpdater: Failed to take snapshot
org.apache.ratis.protocol.exceptions.StateMachineException: Failed to take snapshot  for group-114DF2E904AF as the stateMachine is unhealthy. The last applied index is at (t:1, i:8)
	at org.apache.hadoop.ozone.container.common.transport.server.ratis.ContainerStateMachine.takeSnapshot(ContainerStateMachine.java:297)
	at org.apache.ratis.server.impl.StateMachineUpdater.takeSnapshot(StateMachineUpdater.java:270)
	at org.apache.ratis.server.impl.StateMachineUpdater.checkAndTakeSnapshot(StateMachineUpdater.java:262)
	at org.apache.ratis.server.impl.StateMachineUpdater.run(StateMachineUpdater.java:183)
	at java.lang.Thread.run(Thread.java:750)
2022-06-15 07:34:07,277 [EventQueue-PipelineReportForPipelineReportHandler] INFO  pipeline.PipelineReportHandler (PipelineReportHandler.java:processPipelineReport(113)) - Reported pipeline PipelineID=83aa0ae5-c647-4842-ba01-114df2e904af is not found
2022-06-15 07:34:07,373 [EventQueue-PipelineReportForPipelineReportHandler] INFO  pipeline.PipelineReportHandler (PipelineReportHandler.java:processPipelineReport(113)) - Reported pipeline PipelineID=83aa0ae5-c647-4842-ba01-114df2e904af is not found
2022-06-15 07:34:07,470 [EventQueue-PipelineReportForPipelineReportHandler] INFO  pipeline.PipelineReportHandler (PipelineReportHandler.java:processPipelineReport(113)) - Reported pipeline PipelineID=83aa0ae5-c647-4842-ba01-114df2e904af is not found
2022-06-15 07:34:07,477 [EventQueue-PipelineReportForPipelineReportHandler] INFO  pipeline.PipelineReportHandler (PipelineReportHandler.java:processPipelineReport(113)) - Reported pipeline PipelineID=83aa0ae5-c647-4842-ba01-114df2e904af is not found
2022-06-15 07:34:07,575 [EventQueue-PipelineReportForPipelineReportHandler] INFO  pipeline.PipelineReportHandler (PipelineReportHandler.java:processPipelineReport(113)) - Reported pipeline PipelineID=83aa0ae5-c647-4842-ba01-114df2e904af is not found
2022-06-15 07:34:07,669 [EventQueue-PipelineReportForPipelineReportHandler] INFO  pipeline.PipelineReportHandler (PipelineReportHandler.java:processPipelineReport(113)) - Reported pipeline PipelineID=83aa0ae5-c647-4842-ba01-114df2e904af is not found
2022-06-15 07:34:07,677 [543aeec3-c74a-41c2-8a93-8d529b3aabc8@group-DEDC8EEB63DA-FollowerState] INFO  impl.FollowerState (FollowerState.java:run(143)) - 543aeec3-c74a-41c2-8a93-8d529b3aabc8@group-DEDC8EEB63DA-FollowerState: change to CANDIDATE, lastRpcElapsedTime:5014206661ns, electionTimeout:5004ms
2022-06-15 07:34:07,677 [543aeec3-c74a-41c2-8a93-8d529b3aabc8@group-DEDC8EEB63DA-FollowerState] INFO  impl.RoleInfo (RoleInfo.java:shutdownFollowerState(110)) - 543aeec3-c74a-41c2-8a93-8d529b3aabc8: shutdown 543aeec3-c74a-41c2-8a93-8d529b3aabc8@group-DEDC8EEB63DA-FollowerState
2022-06-15 07:34:07,678 [543aeec3-c74a-41c2-8a93-8d529b3aabc8@group-DEDC8EEB63DA-FollowerState] INFO  server.RaftServer$Division (RaftServerImpl.java:setRole(299)) - 543aeec3-c74a-41c2-8a93-8d529b3aabc8@group-DEDC8EEB63DA: changes role from  FOLLOWER to CANDIDATE at term 1 for changeToCandidate
2022-06-15 07:34:07,678 [543aeec3-c74a-41c2-8a93-8d529b3aabc8@group-DEDC8EEB63DA-FollowerState] INFO  server.RaftServerConfigKeys (ConfUtils.java:logGet(46)) - raft.server.leaderelection.pre-vote = false (custom)
2022-06-15 07:34:07,678 [543aeec3-c74a-41c2-8a93-8d529b3aabc8@group-DEDC8EEB63DA-FollowerState] INFO  impl.RoleInfo (RoleInfo.java:updateAndGet(139)) - 543aeec3-c74a-41c2-8a93-8d529b3aabc8: start 543aeec3-c74a-41c2-8a93-8d529b3aabc8@group-DEDC8EEB63DA-LeaderElection19
2022-06-15 07:34:07,679 [EventQueue-PipelineReportForPipelineReportHandler] INFO  pipeline.PipelineReportHandler (PipelineReportHandler.java:processPipelineReport(113)) - Reported pipeline PipelineID=83aa0ae5-c647-4842-ba01-114df2e904af is not found
2022-06-15 07:34:07,680 [543aeec3-c74a-41c2-8a93-8d529b3aabc8@group-DEDC8EEB63DA-LeaderElection19] INFO  impl.LeaderElection (LeaderElection.java:askForVotes(310)) - 543aeec3-c74a-41c2-8a93-8d529b3aabc8@group-DEDC8EEB63DA-LeaderElection19 ELECTION round 0: submit vote requests at term 2 for -1: [b0a9d56e-b544-41cd-b2b1-b34d126127d5|rpc:10.1.0.11:34765|priority:1, 657a5ecd-0fe1-496e-aa3e-85dbaec35512|rpc:10.1.0.11:33757|priority:0, 543aeec3-c74a-41c2-8a93-8d529b3aabc8|rpc:10.1.0.11:41193|priority:0], old=null
2022-06-15 07:34:07,684 [grpc-default-executor-0] INFO  server.RaftServer$Division (RaftServerImpl.java:requestVote(1152)) - b0a9d56e-b544-41cd-b2b1-b34d126127d5@group-DEDC8EEB63DA: receive requestVote(ELECTION, 543aeec3-c74a-41c2-8a93-8d529b3aabc8, group-DEDC8EEB63DA, 2, (t:0, i:0))
2022-06-15 07:34:07,684 [grpc-default-executor-0] INFO  impl.VoteContext (VoteContext.java:log(48)) - b0a9d56e-b544-41cd-b2b1-b34d126127d5@group-DEDC8EEB63DA-FOLLOWER: reject ELECTION from 543aeec3-c74a-41c2-8a93-8d529b3aabc8: our priority 1 > candidate's priority 0
2022-06-15 07:34:07,685 [grpc-default-executor-0] INFO  server.RaftServer$Division (RaftServerImpl.java:setRole(299)) - b0a9d56e-b544-41cd-b2b1-b34d126127d5@group-DEDC8EEB63DA: changes role from  FOLLOWER to FOLLOWER at term 2 for candidate:543aeec3-c74a-41c2-8a93-8d529b3aabc8
2022-06-15 07:34:07,685 [grpc-default-executor-0] INFO  impl.RoleInfo (RoleInfo.java:shutdownFollowerState(110)) - b0a9d56e-b544-41cd-b2b1-b34d126127d5: shutdown b0a9d56e-b544-41cd-b2b1-b34d126127d5@group-DEDC8EEB63DA-FollowerState
2022-06-15 07:34:07,685 [grpc-default-executor-0] INFO  impl.RoleInfo (RoleInfo.java:updateAndGet(139)) - b0a9d56e-b544-41cd-b2b1-b34d126127d5: start b0a9d56e-b544-41cd-b2b1-b34d126127d5@group-DEDC8EEB63DA-FollowerState
2022-06-15 07:34:07,685 [b0a9d56e-b544-41cd-b2b1-b34d126127d5@group-DEDC8EEB63DA-FollowerState] INFO  impl.FollowerState (FollowerState.java:run(152)) - b0a9d56e-b544-41cd-b2b1-b34d126127d5@group-DEDC8EEB63DA-FollowerState was interrupted
2022-06-15 07:34:07,687 [grpc-default-executor-2] INFO  server.RaftServer$Division (RaftServerImpl.java:requestVote(1152)) - 657a5ecd-0fe1-496e-aa3e-85dbaec35512@group-DEDC8EEB63DA: receive requestVote(ELECTION, 543aeec3-c74a-41c2-8a93-8d529b3aabc8, group-DEDC8EEB63DA, 2, (t:0, i:0))
2022-06-15 07:34:07,687 [grpc-default-executor-2] INFO  impl.VoteContext (VoteContext.java:log(48)) - 657a5ecd-0fe1-496e-aa3e-85dbaec35512@group-DEDC8EEB63DA-FOLLOWER: accept ELECTION from 543aeec3-c74a-41c2-8a93-8d529b3aabc8: our priority 0 <= candidate's priority 0
2022-06-15 07:34:07,687 [grpc-default-executor-2] INFO  server.RaftServer$Division (RaftServerImpl.java:setRole(299)) - 657a5ecd-0fe1-496e-aa3e-85dbaec35512@group-DEDC8EEB63DA: changes role from  FOLLOWER to FOLLOWER at term 2 for candidate:543aeec3-c74a-41c2-8a93-8d529b3aabc8
2022-06-15 07:34:07,687 [grpc-default-executor-2] INFO  impl.RoleInfo (RoleInfo.java:shutdownFollowerState(110)) - 657a5ecd-0fe1-496e-aa3e-85dbaec35512: shutdown 657a5ecd-0fe1-496e-aa3e-85dbaec35512@group-DEDC8EEB63DA-FollowerState
2022-06-15 07:34:07,687 [grpc-default-executor-2] INFO  impl.RoleInfo (RoleInfo.java:updateAndGet(139)) - 657a5ecd-0fe1-496e-aa3e-85dbaec35512: start 657a5ecd-0fe1-496e-aa3e-85dbaec35512@group-DEDC8EEB63DA-FollowerState
2022-06-15 07:34:07,687 [657a5ecd-0fe1-496e-aa3e-85dbaec35512@group-DEDC8EEB63DA-FollowerState] INFO  impl.FollowerState (FollowerState.java:run(152)) - 657a5ecd-0fe1-496e-aa3e-85dbaec35512@group-DEDC8EEB63DA-FollowerState was interrupted
2022-06-15 07:34:07,690 [grpc-default-executor-0] INFO  server.RaftServer$Division (RaftServerImpl.java:requestVote(1184)) - b0a9d56e-b544-41cd-b2b1-b34d126127d5@group-DEDC8EEB63DA replies to ELECTION vote request: 543aeec3-c74a-41c2-8a93-8d529b3aabc8<-b0a9d56e-b544-41cd-b2b1-b34d126127d5#0:FAIL-t2. Peer's state: b0a9d56e-b544-41cd-b2b1-b34d126127d5@group-DEDC8EEB63DA:t2, leader=null, voted=null, raftlog=b0a9d56e-b544-41cd-b2b1-b34d126127d5@group-DEDC8EEB63DA-SegmentedRaftLog:OPENED:c-1, conf=-1: [b0a9d56e-b544-41cd-b2b1-b34d126127d5|rpc:10.1.0.11:34765|priority:1, 657a5ecd-0fe1-496e-aa3e-85dbaec35512|rpc:10.1.0.11:33757|priority:0, 543aeec3-c74a-41c2-8a93-8d529b3aabc8|rpc:10.1.0.11:41193|priority:0], old=null
2022-06-15 07:34:07,691 [543aeec3-c74a-41c2-8a93-8d529b3aabc8@group-DEDC8EEB63DA-LeaderElection19] INFO  impl.LeaderElection (LeaderElection.java:logAndReturn(90)) - 543aeec3-c74a-41c2-8a93-8d529b3aabc8@group-DEDC8EEB63DA-LeaderElection19: ELECTION REJECTED received 1 response(s) and 0 exception(s):
2022-06-15 07:34:07,691 [543aeec3-c74a-41c2-8a93-8d529b3aabc8@group-DEDC8EEB63DA-LeaderElection19] INFO  impl.LeaderElection (LeaderElection.java:logAndReturn(94)) -   Response 0: 543aeec3-c74a-41c2-8a93-8d529b3aabc8<-b0a9d56e-b544-41cd-b2b1-b34d126127d5#0:FAIL-t2
2022-06-15 07:34:07,691 [543aeec3-c74a-41c2-8a93-8d529b3aabc8@group-DEDC8EEB63DA-LeaderElection19] INFO  impl.LeaderElection (LeaderElection.java:askForVotes(312)) - 543aeec3-c74a-41c2-8a93-8d529b3aabc8@group-DEDC8EEB63DA-LeaderElection19 ELECTION round 0: result REJECTED
2022-06-15 07:34:07,691 [543aeec3-c74a-41c2-8a93-8d529b3aabc8@group-DEDC8EEB63DA-LeaderElection19] INFO  server.RaftServer$Division (RaftServerImpl.java:setRole(299)) - 543aeec3-c74a-41c2-8a93-8d529b3aabc8@group-DEDC8EEB63DA: changes role from CANDIDATE to FOLLOWER at term 2 for REJECTED
2022-06-15 07:34:07,691 [543aeec3-c74a-41c2-8a93-8d529b3aabc8@group-DEDC8EEB63DA-LeaderElection19] INFO  impl.RoleInfo (RoleInfo.java:shutdownLeaderElection(130)) - 543aeec3-c74a-41c2-8a93-8d529b3aabc8: shutdown 543aeec3-c74a-41c2-8a93-8d529b3aabc8@group-DEDC8EEB63DA-LeaderElection19
2022-06-15 07:34:07,691 [543aeec3-c74a-41c2-8a93-8d529b3aabc8@group-DEDC8EEB63DA-LeaderElection19] INFO  impl.RoleInfo (RoleInfo.java:updateAndGet(139)) - 543aeec3-c74a-41c2-8a93-8d529b3aabc8: start 543aeec3-c74a-41c2-8a93-8d529b3aabc8@group-DEDC8EEB63DA-FollowerState
2022-06-15 07:34:07,696 [grpc-default-executor-2] INFO  server.RaftServer$Division (RaftServerImpl.java:requestVote(1184)) - 657a5ecd-0fe1-496e-aa3e-85dbaec35512@group-DEDC8EEB63DA replies to ELECTION vote request: 543aeec3-c74a-41c2-8a93-8d529b3aabc8<-657a5ecd-0fe1-496e-aa3e-85dbaec35512#0:OK-t2. Peer's state: 657a5ecd-0fe1-496e-aa3e-85dbaec35512@group-DEDC8EEB63DA:t2, leader=null, voted=543aeec3-c74a-41c2-8a93-8d529b3aabc8, raftlog=657a5ecd-0fe1-496e-aa3e-85dbaec35512@group-DEDC8EEB63DA-SegmentedRaftLog:OPENED:c-1, conf=-1: [b0a9d56e-b544-41cd-b2b1-b34d126127d5|rpc:10.1.0.11:34765|dataStream:|priority:1, 657a5ecd-0fe1-496e-aa3e-85dbaec35512|rpc:10.1.0.11:33757|dataStream:|priority:0, 543aeec3-c74a-41c2-8a93-8d529b3aabc8|rpc:10.1.0.11:41193|dataStream:|priority:0], old=null
2022-06-15 07:34:07,974 [EventQueue-PipelineReportForPipelineReportHandler] INFO  pipeline.PipelineReportHandler (PipelineReportHandler.java:processPipelineReport(113)) - Reported pipeline PipelineID=83aa0ae5-c647-4842-ba01-114df2e904af is not found
2022-06-15 07:34:08,071 [EventQueue-PipelineReportForPipelineReportHandler] INFO  pipeline.PipelineReportHandler (PipelineReportHandler.java:processPipelineReport(113)) - Reported pipeline PipelineID=83aa0ae5-c647-4842-ba01-114df2e904af is not found
2022-06-15 07:34:08,079 [EventQueue-PipelineReportForPipelineReportHandler] INFO  pipeline.PipelineReportHandler (PipelineReportHandler.java:processPipelineReport(113)) - Reported pipeline PipelineID=83aa0ae5-c647-4842-ba01-114df2e904af is not found
2022-06-15 07:34:08,157 [7bb1eb80-c113-41fd-8e62-543e67410fa1@group-F5409A33EF3A-FollowerState] INFO  impl.FollowerState (FollowerState.java:run(143)) - 7bb1eb80-c113-41fd-8e62-543e67410fa1@group-F5409A33EF3A-FollowerState: change to CANDIDATE, lastRpcElapsedTime:5050582393ns, electionTimeout:5029ms
2022-06-15 07:34:08,157 [7bb1eb80-c113-41fd-8e62-543e67410fa1@group-F5409A33EF3A-FollowerState] INFO  impl.RoleInfo (RoleInfo.java:shutdownFollowerState(110)) - 7bb1eb80-c113-41fd-8e62-543e67410fa1: shutdown 7bb1eb80-c113-41fd-8e62-543e67410fa1@group-F5409A33EF3A-FollowerState
2022-06-15 07:34:08,157 [7bb1eb80-c113-41fd-8e62-543e67410fa1@group-F5409A33EF3A-FollowerState] INFO  server.RaftServer$Division (RaftServerImpl.java:setRole(299)) - 7bb1eb80-c113-41fd-8e62-543e67410fa1@group-F5409A33EF3A: changes role from  FOLLOWER to CANDIDATE at term 1 for changeToCandidate
2022-06-15 07:34:08,158 [7bb1eb80-c113-41fd-8e62-543e67410fa1@group-F5409A33EF3A-FollowerState] INFO  server.RaftServerConfigKeys (ConfUtils.java:logGet(46)) - raft.server.leaderelection.pre-vote = false (custom)
2022-06-15 07:34:08,158 [7bb1eb80-c113-41fd-8e62-543e67410fa1@group-F5409A33EF3A-FollowerState] INFO  impl.RoleInfo (RoleInfo.java:updateAndGet(139)) - 7bb1eb80-c113-41fd-8e62-543e67410fa1: start 7bb1eb80-c113-41fd-8e62-543e67410fa1@group-F5409A33EF3A-LeaderElection20
2022-06-15 07:34:08,162 [7bb1eb80-c113-41fd-8e62-543e67410fa1@group-F5409A33EF3A-LeaderElection20] INFO  impl.LeaderElection (LeaderElection.java:askForVotes(310)) - 7bb1eb80-c113-41fd-8e62-543e67410fa1@group-F5409A33EF3A-LeaderElection20 ELECTION round 0: submit vote requests at term 2 for -1: [e547bcb9-eced-475a-8c61-963b1a05d208|rpc:10.1.0.11:40217|dataStream:|priority:0, b4f5d82c-04a6-4c81-89bd-99aee48f7148|rpc:10.1.0.11:43229|dataStream:|priority:0, 7bb1eb80-c113-41fd-8e62-543e67410fa1|rpc:10.1.0.11:37245|dataStream:|priority:1], old=null
2022-06-15 07:34:08,171 [grpc-default-executor-2] INFO  server.RaftServer$Division (RaftServerImpl.java:requestVote(1152)) - e547bcb9-eced-475a-8c61-963b1a05d208@group-F5409A33EF3A: receive requestVote(ELECTION, 7bb1eb80-c113-41fd-8e62-543e67410fa1, group-F5409A33EF3A, 2, (t:0, i:0))
2022-06-15 07:34:08,171 [grpc-default-executor-2] INFO  impl.VoteContext (VoteContext.java:log(48)) - e547bcb9-eced-475a-8c61-963b1a05d208@group-F5409A33EF3A-FOLLOWER: accept ELECTION from 7bb1eb80-c113-41fd-8e62-543e67410fa1: our priority 0 <= candidate's priority 1
2022-06-15 07:34:08,171 [grpc-default-executor-2] INFO  server.RaftServer$Division (RaftServerImpl.java:setRole(299)) - e547bcb9-eced-475a-8c61-963b1a05d208@group-F5409A33EF3A: changes role from  FOLLOWER to FOLLOWER at term 2 for candidate:7bb1eb80-c113-41fd-8e62-543e67410fa1
2022-06-15 07:34:08,171 [grpc-default-executor-2] INFO  impl.RoleInfo (RoleInfo.java:shutdownFollowerState(110)) - e547bcb9-eced-475a-8c61-963b1a05d208: shutdown e547bcb9-eced-475a-8c61-963b1a05d208@group-F5409A33EF3A-FollowerState
2022-06-15 07:34:08,171 [grpc-default-executor-2] INFO  impl.RoleInfo (RoleInfo.java:updateAndGet(139)) - e547bcb9-eced-475a-8c61-963b1a05d208: start e547bcb9-eced-475a-8c61-963b1a05d208@group-F5409A33EF3A-FollowerState
2022-06-15 07:34:08,171 [e547bcb9-eced-475a-8c61-963b1a05d208@group-F5409A33EF3A-FollowerState] INFO  impl.FollowerState (FollowerState.java:run(152)) - e547bcb9-eced-475a-8c61-963b1a05d208@group-F5409A33EF3A-FollowerState was interrupted
2022-06-15 07:34:08,179 [grpc-default-executor-0] INFO  server.RaftServer$Division (RaftServerImpl.java:requestVote(1152)) - b4f5d82c-04a6-4c81-89bd-99aee48f7148@group-F5409A33EF3A: receive requestVote(ELECTION, 7bb1eb80-c113-41fd-8e62-543e67410fa1, group-F5409A33EF3A, 2, (t:0, i:0))
2022-06-15 07:34:08,179 [grpc-default-executor-2] INFO  server.RaftServer$Division (RaftServerImpl.java:requestVote(1184)) - e547bcb9-eced-475a-8c61-963b1a05d208@group-F5409A33EF3A replies to ELECTION vote request: 7bb1eb80-c113-41fd-8e62-543e67410fa1<-e547bcb9-eced-475a-8c61-963b1a05d208#0:OK-t2. Peer's state: e547bcb9-eced-475a-8c61-963b1a05d208@group-F5409A33EF3A:t2, leader=null, voted=7bb1eb80-c113-41fd-8e62-543e67410fa1, raftlog=e547bcb9-eced-475a-8c61-963b1a05d208@group-F5409A33EF3A-SegmentedRaftLog:OPENED:c-1, conf=-1: [e547bcb9-eced-475a-8c61-963b1a05d208|rpc:10.1.0.11:40217|priority:0, b4f5d82c-04a6-4c81-89bd-99aee48f7148|rpc:10.1.0.11:43229|priority:0, 7bb1eb80-c113-41fd-8e62-543e67410fa1|rpc:10.1.0.11:37245|priority:1], old=null
2022-06-15 07:34:08,179 [grpc-default-executor-0] INFO  impl.VoteContext (VoteContext.java:log(48)) - b4f5d82c-04a6-4c81-89bd-99aee48f7148@group-F5409A33EF3A-FOLLOWER: accept ELECTION from 7bb1eb80-c113-41fd-8e62-543e67410fa1: our priority 0 <= candidate's priority 1
2022-06-15 07:34:08,181 [grpc-default-executor-0] INFO  server.RaftServer$Division (RaftServerImpl.java:setRole(299)) - b4f5d82c-04a6-4c81-89bd-99aee48f7148@group-F5409A33EF3A: changes role from  FOLLOWER to FOLLOWER at term 2 for candidate:7bb1eb80-c113-41fd-8e62-543e67410fa1
2022-06-15 07:34:08,181 [grpc-default-executor-0] INFO  impl.RoleInfo (RoleInfo.java:shutdownFollowerState(110)) - b4f5d82c-04a6-4c81-89bd-99aee48f7148: shutdown b4f5d82c-04a6-4c81-89bd-99aee48f7148@group-F5409A33EF3A-FollowerState
2022-06-15 07:34:08,181 [grpc-default-executor-0] INFO  impl.RoleInfo (RoleInfo.java:updateAndGet(139)) - b4f5d82c-04a6-4c81-89bd-99aee48f7148: start b4f5d82c-04a6-4c81-89bd-99aee48f7148@group-F5409A33EF3A-FollowerState
2022-06-15 07:34:08,181 [b4f5d82c-04a6-4c81-89bd-99aee48f7148@group-F5409A33EF3A-FollowerState] INFO  impl.FollowerState (FollowerState.java:run(152)) - b4f5d82c-04a6-4c81-89bd-99aee48f7148@group-F5409A33EF3A-FollowerState was interrupted
2022-06-15 07:34:08,183 [grpc-default-executor-0] INFO  server.RaftServer$Division (RaftServerImpl.java:requestVote(1184)) - b4f5d82c-04a6-4c81-89bd-99aee48f7148@group-F5409A33EF3A replies to ELECTION vote request: 7bb1eb80-c113-41fd-8e62-543e67410fa1<-b4f5d82c-04a6-4c81-89bd-99aee48f7148#0:OK-t2. Peer's state: b4f5d82c-04a6-4c81-89bd-99aee48f7148@group-F5409A33EF3A:t2, leader=null, voted=7bb1eb80-c113-41fd-8e62-543e67410fa1, raftlog=b4f5d82c-04a6-4c81-89bd-99aee48f7148@group-F5409A33EF3A-SegmentedRaftLog:OPENED:c-1, conf=-1: [e547bcb9-eced-475a-8c61-963b1a05d208|rpc:10.1.0.11:40217|dataStream:|priority:0, b4f5d82c-04a6-4c81-89bd-99aee48f7148|rpc:10.1.0.11:43229|dataStream:|priority:0, 7bb1eb80-c113-41fd-8e62-543e67410fa1|rpc:10.1.0.11:37245|dataStream:|priority:1], old=null
2022-06-15 07:34:08,183 [7bb1eb80-c113-41fd-8e62-543e67410fa1@group-F5409A33EF3A-LeaderElection20] INFO  impl.LeaderElection (LeaderElection.java:logAndReturn(90)) - 7bb1eb80-c113-41fd-8e62-543e67410fa1@group-F5409A33EF3A-LeaderElection20: ELECTION PASSED received 1 response(s) and 0 exception(s):
2022-06-15 07:34:08,184 [7bb1eb80-c113-41fd-8e62-543e67410fa1@group-F5409A33EF3A-LeaderElection20] INFO  impl.LeaderElection (LeaderElection.java:logAndReturn(94)) -   Response 0: 7bb1eb80-c113-41fd-8e62-543e67410fa1<-e547bcb9-eced-475a-8c61-963b1a05d208#0:OK-t2
2022-06-15 07:34:08,184 [7bb1eb80-c113-41fd-8e62-543e67410fa1@group-F5409A33EF3A-LeaderElection20] INFO  impl.LeaderElection (LeaderElection.java:askForVotes(312)) - 7bb1eb80-c113-41fd-8e62-543e67410fa1@group-F5409A33EF3A-LeaderElection20 ELECTION round 0: result PASSED
2022-06-15 07:34:08,184 [7bb1eb80-c113-41fd-8e62-543e67410fa1@group-F5409A33EF3A-LeaderElection20] INFO  impl.RoleInfo (RoleInfo.java:shutdownLeaderElection(130)) - 7bb1eb80-c113-41fd-8e62-543e67410fa1: shutdown 7bb1eb80-c113-41fd-8e62-543e67410fa1@group-F5409A33EF3A-LeaderElection20
2022-06-15 07:34:08,184 [7bb1eb80-c113-41fd-8e62-543e67410fa1@group-F5409A33EF3A-LeaderElection20] INFO  server.RaftServer$Division (RaftServerImpl.java:setRole(299)) - 7bb1eb80-c113-41fd-8e62-543e67410fa1@group-F5409A33EF3A: changes role from CANDIDATE to LEADER at term 2 for changeToLeader
2022-06-15 07:34:08,184 [7bb1eb80-c113-41fd-8e62-543e67410fa1@group-F5409A33EF3A-LeaderElection20] INFO  ratis.XceiverServerRatis (XceiverServerRatis.java:handleLeaderChangedNotification(863)) - Leader change notification received for group: group-F5409A33EF3A with new leaderId: 7bb1eb80-c113-41fd-8e62-543e67410fa1
2022-06-15 07:34:08,184 [7bb1eb80-c113-41fd-8e62-543e67410fa1@group-F5409A33EF3A-LeaderElection20] INFO  server.RaftServer$Division (ServerState.java:setLeader(287)) - 7bb1eb80-c113-41fd-8e62-543e67410fa1@group-F5409A33EF3A: change Leader from null to 7bb1eb80-c113-41fd-8e62-543e67410fa1 at term 2 for becomeLeader, leader elected after 10133ms
2022-06-15 07:34:08,184 [7bb1eb80-c113-41fd-8e62-543e67410fa1@group-F5409A33EF3A-LeaderElection20] INFO  server.RaftServerConfigKeys (ConfUtils.java:logGet(46)) - raft.server.staging.catchup.gap = 1000 (default)
2022-06-15 07:34:08,184 [7bb1eb80-c113-41fd-8e62-543e67410fa1@group-F5409A33EF3A-LeaderElection20] INFO  server.RaftServerConfigKeys (ConfUtils.java:logGet(46)) - raft.server.write.element-limit = 1024 (custom)
2022-06-15 07:34:08,185 [7bb1eb80-c113-41fd-8e62-543e67410fa1@group-F5409A33EF3A-LeaderElection20] INFO  server.RaftServerConfigKeys (ConfUtils.java:logGet(46)) - raft.server.write.byte-limit = 1024 M (=1073741824) (custom)
2022-06-15 07:34:08,186 [EventQueue-PipelineReportForPipelineReportHandler] INFO  pipeline.PipelineManagerImpl (PipelineManagerImpl.java:openPipeline(356)) - Pipeline Pipeline[ Id: 23d08045-b382-4fa8-b6c5-f5409a33ef3a, Nodes: b4f5d82c-04a6-4c81-89bd-99aee48f7148{ip: 10.1.0.11, host: fv-az121-418.xhy4bhhdincepo0av04agjzkjc.cx.internal.cloudapp.net, ports: [REPLICATION=36423, RATIS=43229, RATIS_ADMIN=43229, RATIS_SERVER=43229, STANDALONE=35685], networkLocation: /default-rack, certSerialId: null, persistedOpState: IN_SERVICE, persistedOpStateExpiryEpochSec: 0}e547bcb9-eced-475a-8c61-963b1a05d208{ip: 10.1.0.11, host: fv-az121-418.xhy4bhhdincepo0av04agjzkjc.cx.internal.cloudapp.net, ports: [REPLICATION=38917, RATIS=40217, RATIS_ADMIN=40217, RATIS_SERVER=40217, STANDALONE=39049], networkLocation: /default-rack, certSerialId: null, persistedOpState: IN_SERVICE, persistedOpStateExpiryEpochSec: 0}7bb1eb80-c113-41fd-8e62-543e67410fa1{ip: 10.1.0.11, host: fv-az121-418.xhy4bhhdincepo0av04agjzkjc.cx.internal.cloudapp.net, ports: [REPLICATION=40617, RATIS=37245, RATIS_ADMIN=37245, RATIS_SERVER=37245, STANDALONE=41679], networkLocation: /default-rack, certSerialId: null, persistedOpState: IN_SERVICE, persistedOpStateExpiryEpochSec: 0}, ReplicationConfig: RATIS/THREE, State:ALLOCATED, leaderId:7bb1eb80-c113-41fd-8e62-543e67410fa1, CreationTimestamp2022-06-15T07:33:55.533Z[Etc/UTC]] moved to OPEN state
2022-06-15 07:34:08,186 [7bb1eb80-c113-41fd-8e62-543e67410fa1@group-F5409A33EF3A-LeaderElection20] INFO  server.RaftServerConfigKeys (ConfUtils.java:logGet(46)) - raft.server.watch.timeout = 10000ms (default)
2022-06-15 07:34:08,186 [7bb1eb80-c113-41fd-8e62-543e67410fa1@group-F5409A33EF3A-LeaderElection20] INFO  server.RaftServerConfigKeys (ConfUtils.java:logGet(46)) - raft.server.watch.timeout.denomination = 1s (default)
2022-06-15 07:34:08,186 [7bb1eb80-c113-41fd-8e62-543e67410fa1@group-F5409A33EF3A-LeaderElection20] INFO  server.RaftServerConfigKeys (ConfUtils.java:logGet(46)) - raft.server.watch.element-limit = 65536 (default)
2022-06-15 07:34:08,187 [7bb1eb80-c113-41fd-8e62-543e67410fa1@group-F5409A33EF3A-LeaderElection20] INFO  server.RaftServerConfigKeys (ConfUtils.java:logGet(46)) - raft.server.write.element-limit = 1024 (custom)
2022-06-15 07:34:08,187 [7bb1eb80-c113-41fd-8e62-543e67410fa1@group-F5409A33EF3A-LeaderElection20] INFO  server.RaftServerConfigKeys (ConfUtils.java:logGet(46)) - raft.server.write.follower.gap.ratio.max = -1.0 (default)
2022-06-15 07:34:08,187 [7bb1eb80-c113-41fd-8e62-543e67410fa1@group-F5409A33EF3A-LeaderElection20] INFO  server.RaftServerConfigKeys (ConfUtils.java:logGet(46)) - raft.server.log.appender.snapshot.chunk.size.max = 16MB (=16777216) (default)
2022-06-15 07:34:08,187 [7bb1eb80-c113-41fd-8e62-543e67410fa1@group-F5409A33EF3A-LeaderElection20] INFO  server.RaftServerConfigKeys (ConfUtils.java:logGet(46)) - raft.server.log.appender.buffer.byte-limit = 33554432 (custom)
2022-06-15 07:34:08,187 [7bb1eb80-c113-41fd-8e62-543e67410fa1@group-F5409A33EF3A-LeaderElection20] INFO  server.RaftServerConfigKeys (ConfUtils.java:logGet(46)) - raft.server.log.appender.buffer.element-limit = 1 (custom)
2022-06-15 07:34:08,187 [7bb1eb80-c113-41fd-8e62-543e67410fa1@group-F5409A33EF3A-LeaderElection20] INFO  grpc.GrpcConfigKeys (ConfUtils.java:logGet(46)) - raft.grpc.server.leader.outstanding.appends.max = 128 (default)
2022-06-15 07:34:08,191 [7bb1eb80-c113-41fd-8e62-543e67410fa1@group-F5409A33EF3A-LeaderElection20] INFO  server.RaftServerConfigKeys (ConfUtils.java:logGet(46)) - raft.server.rpc.request.timeout = 3000ms (default)
2022-06-15 07:34:08,191 [7bb1eb80-c113-41fd-8e62-543e67410fa1@group-F5409A33EF3A-LeaderElection20] INFO  server.RaftServerConfigKeys (ConfUtils.java:logGet(46)) - raft.server.log.appender.install.snapshot.enabled = false (custom)
2022-06-15 07:34:08,191 [7bb1eb80-c113-41fd-8e62-543e67410fa1@group-F5409A33EF3A-LeaderElection20] INFO  server.RaftServerConfigKeys (ConfUtils.java:logGet(46)) - raft.server.log.appender.snapshot.chunk.size.max = 16MB (=16777216) (default)
2022-06-15 07:34:08,191 [7bb1eb80-c113-41fd-8e62-543e67410fa1@group-F5409A33EF3A-LeaderElection20] INFO  server.RaftServerConfigKeys (ConfUtils.java:logGet(46)) - raft.server.log.appender.buffer.byte-limit = 33554432 (custom)
2022-06-15 07:34:08,192 [7bb1eb80-c113-41fd-8e62-543e67410fa1@group-F5409A33EF3A-LeaderElection20] INFO  server.RaftServerConfigKeys (ConfUtils.java:logGet(46)) - raft.server.log.appender.buffer.element-limit = 1 (custom)
2022-06-15 07:34:08,192 [7bb1eb80-c113-41fd-8e62-543e67410fa1@group-F5409A33EF3A-LeaderElection20] INFO  grpc.GrpcConfigKeys (ConfUtils.java:logGet(46)) - raft.grpc.server.leader.outstanding.appends.max = 128 (default)
2022-06-15 07:34:08,192 [7bb1eb80-c113-41fd-8e62-543e67410fa1@group-F5409A33EF3A-LeaderElection20] INFO  server.RaftServerConfigKeys (ConfUtils.java:logGet(46)) - raft.server.rpc.request.timeout = 3000ms (default)
2022-06-15 07:34:08,192 [7bb1eb80-c113-41fd-8e62-543e67410fa1@group-F5409A33EF3A-LeaderElection20] INFO  server.RaftServerConfigKeys (ConfUtils.java:logGet(46)) - raft.server.log.appender.install.snapshot.enabled = false (custom)
2022-06-15 07:34:08,192 [7bb1eb80-c113-41fd-8e62-543e67410fa1@group-F5409A33EF3A-LeaderElection20] INFO  impl.RoleInfo (RoleInfo.java:updateAndGet(139)) - 7bb1eb80-c113-41fd-8e62-543e67410fa1: start 7bb1eb80-c113-41fd-8e62-543e67410fa1@group-F5409A33EF3A-LeaderStateImpl
2022-06-15 07:34:08,192 [7bb1eb80-c113-41fd-8e62-543e67410fa1@group-F5409A33EF3A-LeaderElection20] INFO  segmented.SegmentedRaftLogWorker (SegmentedRaftLogWorker.java:startLogSegment(425)) - 7bb1eb80-c113-41fd-8e62-543e67410fa1@group-F5409A33EF3A-SegmentedRaftLogWorker: Starting segment from index:0
2022-06-15 07:34:08,195 [7bb1eb80-c113-41fd-8e62-543e67410fa1@group-F5409A33EF3A-SegmentedRaftLogWorker] INFO  segmented.SegmentedRaftLogWorker (SegmentedRaftLogWorker.java:execute(629)) - 7bb1eb80-c113-41fd-8e62-543e67410fa1@group-F5409A33EF3A-SegmentedRaftLogWorker: created new log segment /home/runner/work/ozone/ozone/hadoop-ozone/integration-test/target/test-dir/MiniOzoneClusterImpl-589494f2-24de-4a8c-8650-9a890bc48d46/datanode-4/data/ratis/23d08045-b382-4fa8-b6c5-f5409a33ef3a/current/log_inprogress_0
2022-06-15 07:34:08,200 [7bb1eb80-c113-41fd-8e62-543e67410fa1@group-F5409A33EF3A-LeaderElection20] INFO  server.RaftServer$Division (ServerState.java:setRaftConf(393)) - 7bb1eb80-c113-41fd-8e62-543e67410fa1@group-F5409A33EF3A: set configuration 0: [e547bcb9-eced-475a-8c61-963b1a05d208|rpc:10.1.0.11:40217|dataStream:|priority:0, b4f5d82c-04a6-4c81-89bd-99aee48f7148|rpc:10.1.0.11:43229|dataStream:|priority:0, 7bb1eb80-c113-41fd-8e62-543e67410fa1|rpc:10.1.0.11:37245|dataStream:|priority:1], old=null
2022-06-15 07:34:08,203 [7bb1eb80-c113-41fd-8e62-543e67410fa1@group-F5409A33EF3A-StateMachineUpdater] INFO  ratis.ContainerStateMachine (ContainerStateMachine.java:takeSnapshot(304)) - group-F5409A33EF3A: Taking a snapshot at:(t:2, i:0) file /home/runner/work/ozone/ozone/hadoop-ozone/integration-test/target/test-dir/MiniOzoneClusterImpl-589494f2-24de-4a8c-8650-9a890bc48d46/datanode-4/data/ratis/23d08045-b382-4fa8-b6c5-f5409a33ef3a/sm/snapshot.2_0
2022-06-15 07:34:08,203 [e547bcb9-eced-475a-8c61-963b1a05d208-server-thread1] INFO  ratis.XceiverServerRatis (XceiverServerRatis.java:handleLeaderChangedNotification(863)) - Leader change notification received for group: group-F5409A33EF3A with new leaderId: 7bb1eb80-c113-41fd-8e62-543e67410fa1
2022-06-15 07:34:08,203 [e547bcb9-eced-475a-8c61-963b1a05d208-server-thread1] INFO  server.RaftServer$Division (ServerState.java:setLeader(287)) - e547bcb9-eced-475a-8c61-963b1a05d208@group-F5409A33EF3A: change Leader from null to 7bb1eb80-c113-41fd-8e62-543e67410fa1 at term 2 for appendEntries, leader elected after 10231ms
2022-06-15 07:34:08,203 [7bb1eb80-c113-41fd-8e62-543e67410fa1@group-F5409A33EF3A-StateMachineUpdater] INFO  ratis.ContainerStateMachine (ContainerStateMachine.java:takeSnapshot(315)) - group-F5409A33EF3A: Finished taking a snapshot at:(t:2, i:0) file:/home/runner/work/ozone/ozone/hadoop-ozone/integration-test/target/test-dir/MiniOzoneClusterImpl-589494f2-24de-4a8c-8650-9a890bc48d46/datanode-4/data/ratis/23d08045-b382-4fa8-b6c5-f5409a33ef3a/sm/snapshot.2_0 took: 1 ms
2022-06-15 07:34:08,203 [7bb1eb80-c113-41fd-8e62-543e67410fa1@group-F5409A33EF3A-StateMachineUpdater] INFO  impl.StateMachineUpdater (StateMachineUpdater.java:takeSnapshot(287)) - 7bb1eb80-c113-41fd-8e62-543e67410fa1@group-F5409A33EF3A-StateMachineUpdater: Took a snapshot at index 0
2022-06-15 07:34:08,203 [7bb1eb80-c113-41fd-8e62-543e67410fa1@group-F5409A33EF3A-StateMachineUpdater] INFO  impl.StateMachineUpdater (StateMachineUpdater.java:lambda$new$0(92)) - 7bb1eb80-c113-41fd-8e62-543e67410fa1@group-F5409A33EF3A-StateMachineUpdater: snapshotIndex: updateIncreasingly -1 -> 0
2022-06-15 07:34:08,208 [e547bcb9-eced-475a-8c61-963b1a05d208-server-thread1] INFO  server.RaftServer$Division (ServerState.java:setRaftConf(393)) - e547bcb9-eced-475a-8c61-963b1a05d208@group-F5409A33EF3A: set configuration 0: [e547bcb9-eced-475a-8c61-963b1a05d208|rpc:10.1.0.11:40217|dataStream:|priority:0, b4f5d82c-04a6-4c81-89bd-99aee48f7148|rpc:10.1.0.11:43229|dataStream:|priority:0, 7bb1eb80-c113-41fd-8e62-543e67410fa1|rpc:10.1.0.11:37245|dataStream:|priority:1], old=null
2022-06-15 07:34:08,208 [e547bcb9-eced-475a-8c61-963b1a05d208-server-thread1] INFO  segmented.SegmentedRaftLogWorker (SegmentedRaftLogWorker.java:startLogSegment(425)) - e547bcb9-eced-475a-8c61-963b1a05d208@group-F5409A33EF3A-SegmentedRaftLogWorker: Starting segment from index:0
2022-06-15 07:34:08,209 [e547bcb9-eced-475a-8c61-963b1a05d208@group-F5409A33EF3A-SegmentedRaftLogWorker] INFO  segmented.SegmentedRaftLogWorker (SegmentedRaftLogWorker.java:execute(629)) - e547bcb9-eced-475a-8c61-963b1a05d208@group-F5409A33EF3A-SegmentedRaftLogWorker: created new log segment /home/runner/work/ozone/ozone/hadoop-ozone/integration-test/target/test-dir/MiniOzoneClusterImpl-589494f2-24de-4a8c-8650-9a890bc48d46/datanode-3/data/ratis/23d08045-b382-4fa8-b6c5-f5409a33ef3a/current/log_inprogress_0
2022-06-15 07:34:08,214 [b4f5d82c-04a6-4c81-89bd-99aee48f7148-server-thread1] INFO  ratis.XceiverServerRatis (XceiverServerRatis.java:handleLeaderChangedNotification(863)) - Leader change notification received for group: group-F5409A33EF3A with new leaderId: 7bb1eb80-c113-41fd-8e62-543e67410fa1
2022-06-15 07:34:08,214 [b4f5d82c-04a6-4c81-89bd-99aee48f7148-server-thread1] INFO  server.RaftServer$Division (ServerState.java:setLeader(287)) - b4f5d82c-04a6-4c81-89bd-99aee48f7148@group-F5409A33EF3A: change Leader from null to 7bb1eb80-c113-41fd-8e62-543e67410fa1 at term 2 for appendEntries, leader elected after 10213ms
2022-06-15 07:34:08,218 [7bb1eb80-c113-41fd-8e62-543e67410fa1@group-61C79976014F-FollowerState] INFO  impl.FollowerState (FollowerState.java:run(143)) - 7bb1eb80-c113-41fd-8e62-543e67410fa1@group-61C79976014F-FollowerState: change to CANDIDATE, lastRpcElapsedTime:5016666379ns, electionTimeout:5013ms
2022-06-15 07:34:08,218 [7bb1eb80-c113-41fd-8e62-543e67410fa1@group-61C79976014F-FollowerState] INFO  impl.RoleInfo (RoleInfo.java:shutdownFollowerState(110)) - 7bb1eb80-c113-41fd-8e62-543e67410fa1: shutdown 7bb1eb80-c113-41fd-8e62-543e67410fa1@group-61C79976014F-FollowerState
2022-06-15 07:34:08,218 [7bb1eb80-c113-41fd-8e62-543e67410fa1@group-61C79976014F-FollowerState] INFO  server.RaftServer$Division (RaftServerImpl.java:setRole(299)) - 7bb1eb80-c113-41fd-8e62-543e67410fa1@group-61C79976014F: changes role from  FOLLOWER to CANDIDATE at term 1 for changeToCandidate
2022-06-15 07:34:08,218 [7bb1eb80-c113-41fd-8e62-543e67410fa1@group-61C79976014F-FollowerState] INFO  server.RaftServerConfigKeys (ConfUtils.java:logGet(46)) - raft.server.leaderelection.pre-vote = false (custom)
2022-06-15 07:34:08,218 [7bb1eb80-c113-41fd-8e62-543e67410fa1@group-61C79976014F-FollowerState] INFO  impl.RoleInfo (RoleInfo.java:updateAndGet(139)) - 7bb1eb80-c113-41fd-8e62-543e67410fa1: start 7bb1eb80-c113-41fd-8e62-543e67410fa1@group-61C79976014F-LeaderElection21
2022-06-15 07:34:08,218 [b4f5d82c-04a6-4c81-89bd-99aee48f7148-server-thread1] INFO  server.RaftServer$Division (ServerState.java:setRaftConf(393)) - b4f5d82c-04a6-4c81-89bd-99aee48f7148@group-F5409A33EF3A: set configuration 0: [e547bcb9-eced-475a-8c61-963b1a05d208|rpc:10.1.0.11:40217|dataStream:|priority:0, b4f5d82c-04a6-4c81-89bd-99aee48f7148|rpc:10.1.0.11:43229|dataStream:|priority:0, 7bb1eb80-c113-41fd-8e62-543e67410fa1|rpc:10.1.0.11:37245|dataStream:|priority:1], old=null
2022-06-15 07:34:08,219 [b4f5d82c-04a6-4c81-89bd-99aee48f7148-server-thread1] INFO  segmented.SegmentedRaftLogWorker (SegmentedRaftLogWorker.java:startLogSegment(425)) - b4f5d82c-04a6-4c81-89bd-99aee48f7148@group-F5409A33EF3A-SegmentedRaftLogWorker: Starting segment from index:0
2022-06-15 07:34:08,222 [b4f5d82c-04a6-4c81-89bd-99aee48f7148@group-F5409A33EF3A-SegmentedRaftLogWorker] INFO  segmented.SegmentedRaftLogWorker (SegmentedRaftLogWorker.java:execute(629)) - b4f5d82c-04a6-4c81-89bd-99aee48f7148@group-F5409A33EF3A-SegmentedRaftLogWorker: created new log segment /home/runner/work/ozone/ozone/hadoop-ozone/integration-test/target/test-dir/MiniOzoneClusterImpl-589494f2-24de-4a8c-8650-9a890bc48d46/datanode-5/data/ratis/23d08045-b382-4fa8-b6c5-f5409a33ef3a/current/log_inprogress_0
2022-06-15 07:34:08,222 [7bb1eb80-c113-41fd-8e62-543e67410fa1@group-61C79976014F-LeaderElection21] INFO  impl.LeaderElection (LeaderElection.java:askForVotes(310)) - 7bb1eb80-c113-41fd-8e62-543e67410fa1@group-61C79976014F-LeaderElection21 ELECTION round 0: submit vote requests at term 2 for -1: [e547bcb9-eced-475a-8c61-963b1a05d208|rpc:10.1.0.11:40217|dataStream:|priority:0, b4f5d82c-04a6-4c81-89bd-99aee48f7148|rpc:10.1.0.11:43229|dataStream:|priority:1, 7bb1eb80-c113-41fd-8e62-543e67410fa1|rpc:10.1.0.11:37245|dataStream:|priority:0], old=null
2022-06-15 07:34:08,228 [b4f5d82c-04a6-4c81-89bd-99aee48f7148@group-F5409A33EF3A-StateMachineUpdater] INFO  ratis.ContainerStateMachine (ContainerStateMachine.java:takeSnapshot(304)) - group-F5409A33EF3A: Taking a snapshot at:(t:2, i:0) file /home/runner/work/ozone/ozone/hadoop-ozone/integration-test/target/test-dir/MiniOzoneClusterImpl-589494f2-24de-4a8c-8650-9a890bc48d46/datanode-5/data/ratis/23d08045-b382-4fa8-b6c5-f5409a33ef3a/sm/snapshot.2_0
2022-06-15 07:34:08,231 [b4f5d82c-04a6-4c81-89bd-99aee48f7148@group-F5409A33EF3A-StateMachineUpdater] INFO  ratis.ContainerStateMachine (ContainerStateMachine.java:takeSnapshot(315)) - group-F5409A33EF3A: Finished taking a snapshot at:(t:2, i:0) file:/home/runner/work/ozone/ozone/hadoop-ozone/integration-test/target/test-dir/MiniOzoneClusterImpl-589494f2-24de-4a8c-8650-9a890bc48d46/datanode-5/data/ratis/23d08045-b382-4fa8-b6c5-f5409a33ef3a/sm/snapshot.2_0 took: 4 ms
2022-06-15 07:34:08,232 [b4f5d82c-04a6-4c81-89bd-99aee48f7148@group-F5409A33EF3A-StateMachineUpdater] INFO  impl.StateMachineUpdater (StateMachineUpdater.java:takeSnapshot(287)) - b4f5d82c-04a6-4c81-89bd-99aee48f7148@group-F5409A33EF3A-StateMachineUpdater: Took a snapshot at index 0
2022-06-15 07:34:08,232 [b4f5d82c-04a6-4c81-89bd-99aee48f7148@group-F5409A33EF3A-StateMachineUpdater] INFO  impl.StateMachineUpdater (StateMachineUpdater.java:lambda$new$0(92)) - b4f5d82c-04a6-4c81-89bd-99aee48f7148@group-F5409A33EF3A-StateMachineUpdater: snapshotIndex: updateIncreasingly -1 -> 0
2022-06-15 07:34:08,234 [grpc-default-executor-1] INFO  server.RaftServer$Division (RaftServerImpl.java:requestVote(1152)) - b4f5d82c-04a6-4c81-89bd-99aee48f7148@group-61C79976014F: receive requestVote(ELECTION, 7bb1eb80-c113-41fd-8e62-543e67410fa1, group-61C79976014F, 2, (t:0, i:0))
2022-06-15 07:34:08,234 [grpc-default-executor-1] INFO  impl.VoteContext (VoteContext.java:log(48)) - b4f5d82c-04a6-4c81-89bd-99aee48f7148@group-61C79976014F-FOLLOWER: reject ELECTION from 7bb1eb80-c113-41fd-8e62-543e67410fa1: our priority 1 > candidate's priority 0
2022-06-15 07:34:08,234 [grpc-default-executor-1] INFO  server.RaftServer$Division (RaftServerImpl.java:setRole(299)) - b4f5d82c-04a6-4c81-89bd-99aee48f7148@group-61C79976014F: changes role from  FOLLOWER to FOLLOWER at term 2 for candidate:7bb1eb80-c113-41fd-8e62-543e67410fa1
2022-06-15 07:34:08,234 [grpc-default-executor-1] INFO  impl.RoleInfo (RoleInfo.java:shutdownFollowerState(110)) - b4f5d82c-04a6-4c81-89bd-99aee48f7148: shutdown b4f5d82c-04a6-4c81-89bd-99aee48f7148@group-61C79976014F-FollowerState
2022-06-15 07:34:08,234 [grpc-default-executor-1] INFO  impl.RoleInfo (RoleInfo.java:updateAndGet(139)) - b4f5d82c-04a6-4c81-89bd-99aee48f7148: start b4f5d82c-04a6-4c81-89bd-99aee48f7148@group-61C79976014F-FollowerState
2022-06-15 07:34:08,234 [b4f5d82c-04a6-4c81-89bd-99aee48f7148@group-61C79976014F-FollowerState] INFO  impl.FollowerState (FollowerState.java:run(152)) - b4f5d82c-04a6-4c81-89bd-99aee48f7148@group-61C79976014F-FollowerState was interrupted
2022-06-15 07:34:08,241 [grpc-default-executor-2] INFO  server.RaftServer$Division (RaftServerImpl.java:requestVote(1152)) - e547bcb9-eced-475a-8c61-963b1a05d208@group-61C79976014F: receive requestVote(ELECTION, 7bb1eb80-c113-41fd-8e62-543e67410fa1, group-61C79976014F, 2, (t:0, i:0))
2022-06-15 07:34:08,241 [grpc-default-executor-2] INFO  impl.VoteContext (VoteContext.java:log(48)) - e547bcb9-eced-475a-8c61-963b1a05d208@group-61C79976014F-FOLLOWER: accept ELECTION from 7bb1eb80-c113-41fd-8e62-543e67410fa1: our priority 0 <= candidate's priority 0
2022-06-15 07:34:08,241 [grpc-default-executor-2] INFO  server.RaftServer$Division (RaftServerImpl.java:setRole(299)) - e547bcb9-eced-475a-8c61-963b1a05d208@group-61C79976014F: changes role from  FOLLOWER to FOLLOWER at term 2 for candidate:7bb1eb80-c113-41fd-8e62-543e67410fa1
2022-06-15 07:34:08,241 [grpc-default-executor-2] INFO  impl.RoleInfo (RoleInfo.java:shutdownFollowerState(110)) - e547bcb9-eced-475a-8c61-963b1a05d208: shutdown e547bcb9-eced-475a-8c61-963b1a05d208@group-61C79976014F-FollowerState
2022-06-15 07:34:08,242 [grpc-default-executor-2] INFO  impl.RoleInfo (RoleInfo.java:updateAndGet(139)) - e547bcb9-eced-475a-8c61-963b1a05d208: start e547bcb9-eced-475a-8c61-963b1a05d208@group-61C79976014F-FollowerState
2022-06-15 07:34:08,242 [e547bcb9-eced-475a-8c61-963b1a05d208@group-61C79976014F-FollowerState] INFO  impl.FollowerState (FollowerState.java:run(152)) - e547bcb9-eced-475a-8c61-963b1a05d208@group-61C79976014F-FollowerState was interrupted
2022-06-15 07:34:08,241 [grpc-default-executor-1] INFO  server.RaftServer$Division (RaftServerImpl.java:requestVote(1184)) - b4f5d82c-04a6-4c81-89bd-99aee48f7148@group-61C79976014F replies to ELECTION vote request: 7bb1eb80-c113-41fd-8e62-543e67410fa1<-b4f5d82c-04a6-4c81-89bd-99aee48f7148#0:FAIL-t2. Peer's state: b4f5d82c-04a6-4c81-89bd-99aee48f7148@group-61C79976014F:t2, leader=null, voted=null, raftlog=b4f5d82c-04a6-4c81-89bd-99aee48f7148@group-61C79976014F-SegmentedRaftLog:OPENED:c-1, conf=-1: [e547bcb9-eced-475a-8c61-963b1a05d208|rpc:10.1.0.11:40217|dataStream:|priority:0, b4f5d82c-04a6-4c81-89bd-99aee48f7148|rpc:10.1.0.11:43229|dataStream:|priority:1, 7bb1eb80-c113-41fd-8e62-543e67410fa1|rpc:10.1.0.11:37245|dataStream:|priority:0], old=null
2022-06-15 07:34:08,245 [7bb1eb80-c113-41fd-8e62-543e67410fa1@group-61C79976014F-LeaderElection21] INFO  impl.LeaderElection (LeaderElection.java:logAndReturn(90)) - 7bb1eb80-c113-41fd-8e62-543e67410fa1@group-61C79976014F-LeaderElection21: ELECTION REJECTED received 1 response(s) and 0 exception(s):
2022-06-15 07:34:08,245 [7bb1eb80-c113-41fd-8e62-543e67410fa1@group-61C79976014F-LeaderElection21] INFO  impl.LeaderElection (LeaderElection.java:logAndReturn(94)) -   Response 0: 7bb1eb80-c113-41fd-8e62-543e67410fa1<-b4f5d82c-04a6-4c81-89bd-99aee48f7148#0:FAIL-t2
2022-06-15 07:34:08,245 [7bb1eb80-c113-41fd-8e62-543e67410fa1@group-61C79976014F-LeaderElection21] INFO  impl.LeaderElection (LeaderElection.java:askForVotes(312)) - 7bb1eb80-c113-41fd-8e62-543e67410fa1@group-61C79976014F-LeaderElection21 ELECTION round 0: result REJECTED
2022-06-15 07:34:08,245 [7bb1eb80-c113-41fd-8e62-543e67410fa1@group-61C79976014F-LeaderElection21] INFO  server.RaftServer$Division (RaftServerImpl.java:setRole(299)) - 7bb1eb80-c113-41fd-8e62-543e67410fa1@group-61C79976014F: changes role from CANDIDATE to FOLLOWER at term 2 for REJECTED
2022-06-15 07:34:08,245 [7bb1eb80-c113-41fd-8e62-543e67410fa1@group-61C79976014F-LeaderElection21] INFO  impl.RoleInfo (RoleInfo.java:shutdownLeaderElection(130)) - 7bb1eb80-c113-41fd-8e62-543e67410fa1: shutdown 7bb1eb80-c113-41fd-8e62-543e67410fa1@group-61C79976014F-LeaderElection21
2022-06-15 07:34:08,245 [7bb1eb80-c113-41fd-8e62-543e67410fa1@group-61C79976014F-LeaderElection21] INFO  impl.RoleInfo (RoleInfo.java:updateAndGet(139)) - 7bb1eb80-c113-41fd-8e62-543e67410fa1: start 7bb1eb80-c113-41fd-8e62-543e67410fa1@group-61C79976014F-FollowerState
2022-06-15 07:34:08,249 [grpc-default-executor-2] INFO  server.RaftServer$Division (RaftServerImpl.java:requestVote(1184)) - e547bcb9-eced-475a-8c61-963b1a05d208@group-61C79976014F replies to ELECTION vote request: 7bb1eb80-c113-41fd-8e62-543e67410fa1<-e547bcb9-eced-475a-8c61-963b1a05d208#0:OK-t2. Peer's state: e547bcb9-eced-475a-8c61-963b1a05d208@group-61C79976014F:t2, leader=null, voted=7bb1eb80-c113-41fd-8e62-543e67410fa1, raftlog=e547bcb9-eced-475a-8c61-963b1a05d208@group-61C79976014F-SegmentedRaftLog:OPENED:c-1, conf=-1: [e547bcb9-eced-475a-8c61-963b1a05d208|rpc:10.1.0.11:40217|priority:0, b4f5d82c-04a6-4c81-89bd-99aee48f7148|rpc:10.1.0.11:43229|priority:1, 7bb1eb80-c113-41fd-8e62-543e67410fa1|rpc:10.1.0.11:37245|priority:0], old=null
2022-06-15 07:34:08,270 [EventQueue-PipelineReportForPipelineReportHandler] INFO  pipeline.PipelineReportHandler (PipelineReportHandler.java:processPipelineReport(113)) - Reported pipeline PipelineID=83aa0ae5-c647-4842-ba01-114df2e904af is not found
2022-06-15 07:34:08,375 [EventQueue-PipelineReportForPipelineReportHandler] INFO  pipeline.PipelineReportHandler (PipelineReportHandler.java:processPipelineReport(113)) - Reported pipeline PipelineID=83aa0ae5-c647-4842-ba01-114df2e904af is not found
2022-06-15 07:34:08,479 [EventQueue-PipelineReportForPipelineReportHandler] INFO  pipeline.PipelineReportHandler (PipelineReportHandler.java:processPipelineReport(113)) - Reported pipeline PipelineID=83aa0ae5-c647-4842-ba01-114df2e904af is not found
2022-06-15 07:34:08,574 [EventQueue-PipelineReportForPipelineReportHandler] INFO  pipeline.PipelineReportHandler (PipelineReportHandler.java:processPipelineReport(113)) - Reported pipeline PipelineID=83aa0ae5-c647-4842-ba01-114df2e904af is not found
2022-06-15 07:34:08,671 [EventQueue-PipelineReportForPipelineReportHandler] INFO  pipeline.PipelineReportHandler (PipelineReportHandler.java:processPipelineReport(113)) - Reported pipeline PipelineID=83aa0ae5-c647-4842-ba01-114df2e904af is not found
2022-06-15 07:34:08,775 [EventQueue-PipelineReportForPipelineReportHandler] INFO  pipeline.PipelineReportHandler (PipelineReportHandler.java:processPipelineReport(113)) - Reported pipeline PipelineID=83aa0ae5-c647-4842-ba01-114df2e904af is not found
2022-06-15 07:34:08,872 [EventQueue-PipelineReportForPipelineReportHandler] INFO  pipeline.PipelineReportHandler (PipelineReportHandler.java:processPipelineReport(113)) - Reported pipeline PipelineID=83aa0ae5-c647-4842-ba01-114df2e904af is not found
2022-06-15 07:34:08,878 [EventQueue-PipelineReportForPipelineReportHandler] INFO  pipeline.PipelineReportHandler (PipelineReportHandler.java:processPipelineReport(113)) - Reported pipeline PipelineID=83aa0ae5-c647-4842-ba01-114df2e904af is not found
2022-06-15 07:34:09,071 [EventQueue-PipelineReportForPipelineReportHandler] INFO  pipeline.PipelineReportHandler (PipelineReportHandler.java:processPipelineReport(113)) - Reported pipeline PipelineID=83aa0ae5-c647-4842-ba01-114df2e904af is not found
2022-06-15 07:34:09,079 [EventQueue-PipelineReportForPipelineReportHandler] INFO  pipeline.PipelineReportHandler (PipelineReportHandler.java:processPipelineReport(113)) - Reported pipeline PipelineID=83aa0ae5-c647-4842-ba01-114df2e904af is not found
2022-06-15 07:34:09,175 [EventQueue-PipelineReportForPipelineReportHandler] INFO  pipeline.PipelineReportHandler (PipelineReportHandler.java:processPipelineReport(113)) - Reported pipeline PipelineID=83aa0ae5-c647-4842-ba01-114df2e904af is not found
2022-06-15 07:34:09,232 [a73ef743-905e-425d-956f-6fe1cf0283a9@group-01DBEE4F6C09-FollowerState] INFO  impl.FollowerState (FollowerState.java:run(143)) - a73ef743-905e-425d-956f-6fe1cf0283a9@group-01DBEE4F6C09-FollowerState: change to CANDIDATE, lastRpcElapsedTime:5154912949ns, electionTimeout:5152ms
2022-06-15 07:34:09,232 [a73ef743-905e-425d-956f-6fe1cf0283a9@group-01DBEE4F6C09-FollowerState] INFO  impl.RoleInfo (RoleInfo.java:shutdownFollowerState(110)) - a73ef743-905e-425d-956f-6fe1cf0283a9: shutdown a73ef743-905e-425d-956f-6fe1cf0283a9@group-01DBEE4F6C09-FollowerState
2022-06-15 07:34:09,232 [a73ef743-905e-425d-956f-6fe1cf0283a9@group-01DBEE4F6C09-FollowerState] INFO  server.RaftServer$Division (RaftServerImpl.java:setRole(299)) - a73ef743-905e-425d-956f-6fe1cf0283a9@group-01DBEE4F6C09: changes role from  FOLLOWER to CANDIDATE at term 1 for changeToCandidate
2022-06-15 07:34:09,232 [a73ef743-905e-425d-956f-6fe1cf0283a9@group-01DBEE4F6C09-FollowerState] INFO  server.RaftServerConfigKeys (ConfUtils.java:logGet(46)) - raft.server.leaderelection.pre-vote = false (custom)
2022-06-15 07:34:09,232 [a73ef743-905e-425d-956f-6fe1cf0283a9@group-01DBEE4F6C09-FollowerState] INFO  impl.RoleInfo (RoleInfo.java:updateAndGet(139)) - a73ef743-905e-425d-956f-6fe1cf0283a9: start a73ef743-905e-425d-956f-6fe1cf0283a9@group-01DBEE4F6C09-LeaderElection22
2022-06-15 07:34:09,236 [a73ef743-905e-425d-956f-6fe1cf0283a9@group-01DBEE4F6C09-LeaderElection22] INFO  impl.LeaderElection (LeaderElection.java:askForVotes(310)) - a73ef743-905e-425d-956f-6fe1cf0283a9@group-01DBEE4F6C09-LeaderElection22 ELECTION round 0: submit vote requests at term 2 for -1: [2ba0c2a5-1748-4da9-81e4-5266296b4b8f|rpc:10.1.0.11:43465|priority:1, a73ef743-905e-425d-956f-6fe1cf0283a9|rpc:10.1.0.11:34113|priority:0, 309b0a9a-ca0d-4cb3-b4c4-40bf1bc4f3ac|rpc:10.1.0.11:44617|priority:0], old=null
2022-06-15 07:34:09,242 [grpc-default-executor-2] INFO  server.RaftServer$Division (RaftServerImpl.java:requestVote(1152)) - 2ba0c2a5-1748-4da9-81e4-5266296b4b8f@group-01DBEE4F6C09: receive requestVote(ELECTION, a73ef743-905e-425d-956f-6fe1cf0283a9, group-01DBEE4F6C09, 2, (t:0, i:0))
2022-06-15 07:34:09,242 [grpc-default-executor-2] INFO  impl.VoteContext (VoteContext.java:log(48)) - 2ba0c2a5-1748-4da9-81e4-5266296b4b8f@group-01DBEE4F6C09-FOLLOWER: reject ELECTION from a73ef743-905e-425d-956f-6fe1cf0283a9: our priority 1 > candidate's priority 0
2022-06-15 07:34:09,242 [grpc-default-executor-2] INFO  server.RaftServer$Division (RaftServerImpl.java:setRole(299)) - 2ba0c2a5-1748-4da9-81e4-5266296b4b8f@group-01DBEE4F6C09: changes role from  FOLLOWER to FOLLOWER at term 2 for candidate:a73ef743-905e-425d-956f-6fe1cf0283a9
2022-06-15 07:34:09,242 [grpc-default-executor-2] INFO  impl.RoleInfo (RoleInfo.java:shutdownFollowerState(110)) - 2ba0c2a5-1748-4da9-81e4-5266296b4b8f: shutdown 2ba0c2a5-1748-4da9-81e4-5266296b4b8f@group-01DBEE4F6C09-FollowerState
2022-06-15 07:34:09,242 [grpc-default-executor-2] INFO  impl.RoleInfo (RoleInfo.java:updateAndGet(139)) - 2ba0c2a5-1748-4da9-81e4-5266296b4b8f: start 2ba0c2a5-1748-4da9-81e4-5266296b4b8f@group-01DBEE4F6C09-FollowerState
2022-06-15 07:34:09,242 [2ba0c2a5-1748-4da9-81e4-5266296b4b8f@group-01DBEE4F6C09-FollowerState] INFO  impl.FollowerState (FollowerState.java:run(152)) - 2ba0c2a5-1748-4da9-81e4-5266296b4b8f@group-01DBEE4F6C09-FollowerState was interrupted
2022-06-15 07:34:09,244 [grpc-default-executor-2] INFO  server.RaftServer$Division (RaftServerImpl.java:requestVote(1184)) - 2ba0c2a5-1748-4da9-81e4-5266296b4b8f@group-01DBEE4F6C09 replies to ELECTION vote request: a73ef743-905e-425d-956f-6fe1cf0283a9<-2ba0c2a5-1748-4da9-81e4-5266296b4b8f#0:FAIL-t2. Peer's state: 2ba0c2a5-1748-4da9-81e4-5266296b4b8f@group-01DBEE4F6C09:t2, leader=null, voted=null, raftlog=2ba0c2a5-1748-4da9-81e4-5266296b4b8f@group-01DBEE4F6C09-SegmentedRaftLog:OPENED:c-1, conf=-1: [2ba0c2a5-1748-4da9-81e4-5266296b4b8f|rpc:10.1.0.11:43465|dataStream:|priority:1, a73ef743-905e-425d-956f-6fe1cf0283a9|rpc:10.1.0.11:34113|dataStream:|priority:0, 309b0a9a-ca0d-4cb3-b4c4-40bf1bc4f3ac|rpc:10.1.0.11:44617|dataStream:|priority:0], old=null
2022-06-15 07:34:09,247 [a73ef743-905e-425d-956f-6fe1cf0283a9@group-01DBEE4F6C09-LeaderElection22] INFO  impl.LeaderElection (LeaderElection.java:logAndReturn(90)) - a73ef743-905e-425d-956f-6fe1cf0283a9@group-01DBEE4F6C09-LeaderElection22: ELECTION REJECTED received 1 response(s) and 0 exception(s):
2022-06-15 07:34:09,247 [a73ef743-905e-425d-956f-6fe1cf0283a9@group-01DBEE4F6C09-LeaderElection22] INFO  impl.LeaderElection (LeaderElection.java:logAndReturn(94)) -   Response 0: a73ef743-905e-425d-956f-6fe1cf0283a9<-2ba0c2a5-1748-4da9-81e4-5266296b4b8f#0:FAIL-t2
2022-06-15 07:34:09,247 [a73ef743-905e-425d-956f-6fe1cf0283a9@group-01DBEE4F6C09-LeaderElection22] INFO  impl.LeaderElection (LeaderElection.java:askForVotes(312)) - a73ef743-905e-425d-956f-6fe1cf0283a9@group-01DBEE4F6C09-LeaderElection22 ELECTION round 0: result REJECTED
2022-06-15 07:34:09,247 [a73ef743-905e-425d-956f-6fe1cf0283a9@group-01DBEE4F6C09-LeaderElection22] INFO  server.RaftServer$Division (RaftServerImpl.java:setRole(299)) - a73ef743-905e-425d-956f-6fe1cf0283a9@group-01DBEE4F6C09: changes role from CANDIDATE to FOLLOWER at term 2 for REJECTED
2022-06-15 07:34:09,247 [a73ef743-905e-425d-956f-6fe1cf0283a9@group-01DBEE4F6C09-LeaderElection22] INFO  impl.RoleInfo (RoleInfo.java:shutdownLeaderElection(130)) - a73ef743-905e-425d-956f-6fe1cf0283a9: shutdown a73ef743-905e-425d-956f-6fe1cf0283a9@group-01DBEE4F6C09-LeaderElection22
2022-06-15 07:34:09,247 [a73ef743-905e-425d-956f-6fe1cf0283a9@group-01DBEE4F6C09-LeaderElection22] INFO  impl.RoleInfo (RoleInfo.java:updateAndGet(139)) - a73ef743-905e-425d-956f-6fe1cf0283a9: start a73ef743-905e-425d-956f-6fe1cf0283a9@group-01DBEE4F6C09-FollowerState
2022-06-15 07:34:09,250 [309b0a9a-ca0d-4cb3-b4c4-40bf1bc4f3ac@group-01DBEE4F6C09-FollowerState] INFO  impl.FollowerState (FollowerState.java:run(143)) - 309b0a9a-ca0d-4cb3-b4c4-40bf1bc4f3ac@group-01DBEE4F6C09-FollowerState: change to CANDIDATE, lastRpcElapsedTime:5100751448ns, electionTimeout:5100ms
2022-06-15 07:34:09,250 [309b0a9a-ca0d-4cb3-b4c4-40bf1bc4f3ac@group-01DBEE4F6C09-FollowerState] INFO  impl.RoleInfo (RoleInfo.java:shutdownFollowerState(110)) - 309b0a9a-ca0d-4cb3-b4c4-40bf1bc4f3ac: shutdown 309b0a9a-ca0d-4cb3-b4c4-40bf1bc4f3ac@group-01DBEE4F6C09-FollowerState
2022-06-15 07:34:09,250 [309b0a9a-ca0d-4cb3-b4c4-40bf1bc4f3ac@group-01DBEE4F6C09-FollowerState] INFO  server.RaftServer$Division (RaftServerImpl.java:setRole(299)) - 309b0a9a-ca0d-4cb3-b4c4-40bf1bc4f3ac@group-01DBEE4F6C09: changes role from  FOLLOWER to CANDIDATE at term 1 for changeToCandidate
2022-06-15 07:34:09,253 [309b0a9a-ca0d-4cb3-b4c4-40bf1bc4f3ac@group-01DBEE4F6C09-FollowerState] INFO  server.RaftServerConfigKeys (ConfUtils.java:logGet(46)) - raft.server.leaderelection.pre-vote = false (custom)
2022-06-15 07:34:09,253 [309b0a9a-ca0d-4cb3-b4c4-40bf1bc4f3ac@group-01DBEE4F6C09-FollowerState] INFO  impl.RoleInfo (RoleInfo.java:updateAndGet(139)) - 309b0a9a-ca0d-4cb3-b4c4-40bf1bc4f3ac: start 309b0a9a-ca0d-4cb3-b4c4-40bf1bc4f3ac@group-01DBEE4F6C09-LeaderElection23
2022-06-15 07:34:09,253 [grpc-default-executor-2] INFO  server.RaftServer$Division (RaftServerImpl.java:requestVote(1152)) - 309b0a9a-ca0d-4cb3-b4c4-40bf1bc4f3ac@group-01DBEE4F6C09: receive requestVote(ELECTION, a73ef743-905e-425d-956f-6fe1cf0283a9, group-01DBEE4F6C09, 2, (t:0, i:0))
2022-06-15 07:34:09,259 [grpc-default-executor-2] INFO  impl.VoteContext (VoteContext.java:log(48)) - 309b0a9a-ca0d-4cb3-b4c4-40bf1bc4f3ac@group-01DBEE4F6C09-CANDIDATE: accept ELECTION from a73ef743-905e-425d-956f-6fe1cf0283a9: our priority 0 <= candidate's priority 0
2022-06-15 07:34:09,259 [grpc-default-executor-2] INFO  server.RaftServer$Division (RaftServerImpl.java:setRole(299)) - 309b0a9a-ca0d-4cb3-b4c4-40bf1bc4f3ac@group-01DBEE4F6C09: changes role from CANDIDATE to FOLLOWER at term 2 for candidate:a73ef743-905e-425d-956f-6fe1cf0283a9
2022-06-15 07:34:09,259 [grpc-default-executor-2] INFO  impl.RoleInfo (RoleInfo.java:shutdownLeaderElection(130)) - 309b0a9a-ca0d-4cb3-b4c4-40bf1bc4f3ac: shutdown 309b0a9a-ca0d-4cb3-b4c4-40bf1bc4f3ac@group-01DBEE4F6C09-LeaderElection23
2022-06-15 07:34:09,259 [grpc-default-executor-2] INFO  impl.RoleInfo (RoleInfo.java:updateAndGet(139)) - 309b0a9a-ca0d-4cb3-b4c4-40bf1bc4f3ac: start 309b0a9a-ca0d-4cb3-b4c4-40bf1bc4f3ac@group-01DBEE4F6C09-FollowerState
2022-06-15 07:34:09,261 [grpc-default-executor-2] INFO  server.RaftServer$Division (RaftServerImpl.java:requestVote(1184)) - 309b0a9a-ca0d-4cb3-b4c4-40bf1bc4f3ac@group-01DBEE4F6C09 replies to ELECTION vote request: a73ef743-905e-425d-956f-6fe1cf0283a9<-309b0a9a-ca0d-4cb3-b4c4-40bf1bc4f3ac#0:OK-t2. Peer's state: 309b0a9a-ca0d-4cb3-b4c4-40bf1bc4f3ac@group-01DBEE4F6C09:t2, leader=null, voted=a73ef743-905e-425d-956f-6fe1cf0283a9, raftlog=309b0a9a-ca0d-4cb3-b4c4-40bf1bc4f3ac@group-01DBEE4F6C09-SegmentedRaftLog:OPENED:c-1, conf=-1: [2ba0c2a5-1748-4da9-81e4-5266296b4b8f|rpc:10.1.0.11:43465|dataStream:|priority:1, a73ef743-905e-425d-956f-6fe1cf0283a9|rpc:10.1.0.11:34113|dataStream:|priority:0, 309b0a9a-ca0d-4cb3-b4c4-40bf1bc4f3ac|rpc:10.1.0.11:44617|dataStream:|priority:0], old=null
2022-06-15 07:34:09,274 [a73ef743-905e-425d-956f-6fe1cf0283a9@group-1CD1852B66C7-FollowerState] INFO  impl.FollowerState (FollowerState.java:run(143)) - a73ef743-905e-425d-956f-6fe1cf0283a9@group-1CD1852B66C7-FollowerState: change to CANDIDATE, lastRpcElapsedTime:5068545251ns, electionTimeout:5064ms
2022-06-15 07:34:09,274 [a73ef743-905e-425d-956f-6fe1cf0283a9@group-1CD1852B66C7-FollowerState] INFO  impl.RoleInfo (RoleInfo.java:shutdownFollowerState(110)) - a73ef743-905e-425d-956f-6fe1cf0283a9: shutdown a73ef743-905e-425d-956f-6fe1cf0283a9@group-1CD1852B66C7-FollowerState
2022-06-15 07:34:09,274 [a73ef743-905e-425d-956f-6fe1cf0283a9@group-1CD1852B66C7-FollowerState] INFO  server.RaftServer$Division (RaftServerImpl.java:setRole(299)) - a73ef743-905e-425d-956f-6fe1cf0283a9@group-1CD1852B66C7: changes role from  FOLLOWER to CANDIDATE at term 1 for changeToCandidate
2022-06-15 07:34:09,274 [a73ef743-905e-425d-956f-6fe1cf0283a9@group-1CD1852B66C7-FollowerState] INFO  server.RaftServerConfigKeys (ConfUtils.java:logGet(46)) - raft.server.leaderelection.pre-vote = false (custom)
2022-06-15 07:34:09,274 [a73ef743-905e-425d-956f-6fe1cf0283a9@group-1CD1852B66C7-FollowerState] INFO  impl.RoleInfo (RoleInfo.java:updateAndGet(139)) - a73ef743-905e-425d-956f-6fe1cf0283a9: start a73ef743-905e-425d-956f-6fe1cf0283a9@group-1CD1852B66C7-LeaderElection24
2022-06-15 07:34:09,279 [EventQueue-PipelineReportForPipelineReportHandler] INFO  pipeline.PipelineReportHandler (PipelineReportHandler.java:processPipelineReport(113)) - Reported pipeline PipelineID=83aa0ae5-c647-4842-ba01-114df2e904af is not found
2022-06-15 07:34:09,280 [a73ef743-905e-425d-956f-6fe1cf0283a9@group-1CD1852B66C7-LeaderElection24] INFO  impl.LeaderElection (LeaderElection.java:askForVotes(310)) - a73ef743-905e-425d-956f-6fe1cf0283a9@group-1CD1852B66C7-LeaderElection24 ELECTION round 0: submit vote requests at term 2 for -1: [2ba0c2a5-1748-4da9-81e4-5266296b4b8f|rpc:10.1.0.11:43465|priority:0, a73ef743-905e-425d-956f-6fe1cf0283a9|rpc:10.1.0.11:34113|priority:1, 309b0a9a-ca0d-4cb3-b4c4-40bf1bc4f3ac|rpc:10.1.0.11:44617|priority:0], old=null
2022-06-15 07:34:09,284 [grpc-default-executor-1] INFO  server.RaftServer$Division (RaftServerImpl.java:requestVote(1152)) - 2ba0c2a5-1748-4da9-81e4-5266296b4b8f@group-1CD1852B66C7: receive requestVote(ELECTION, a73ef743-905e-425d-956f-6fe1cf0283a9, group-1CD1852B66C7, 2, (t:0, i:0))
2022-06-15 07:34:09,284 [grpc-default-executor-1] INFO  impl.VoteContext (VoteContext.java:log(48)) - 2ba0c2a5-1748-4da9-81e4-5266296b4b8f@group-1CD1852B66C7-FOLLOWER: accept ELECTION from a73ef743-905e-425d-956f-6fe1cf0283a9: our priority 0 <= candidate's priority 1
2022-06-15 07:34:09,284 [grpc-default-executor-1] INFO  server.RaftServer$Division (RaftServerImpl.java:setRole(299)) - 2ba0c2a5-1748-4da9-81e4-5266296b4b8f@group-1CD1852B66C7: changes role from  FOLLOWER to FOLLOWER at term 2 for candidate:a73ef743-905e-425d-956f-6fe1cf0283a9
2022-06-15 07:34:09,284 [grpc-default-executor-1] INFO  impl.RoleInfo (RoleInfo.java:shutdownFollowerState(110)) - 2ba0c2a5-1748-4da9-81e4-5266296b4b8f: shutdown 2ba0c2a5-1748-4da9-81e4-5266296b4b8f@group-1CD1852B66C7-FollowerState
2022-06-15 07:34:09,284 [grpc-default-executor-1] INFO  impl.RoleInfo (RoleInfo.java:updateAndGet(139)) - 2ba0c2a5-1748-4da9-81e4-5266296b4b8f: start 2ba0c2a5-1748-4da9-81e4-5266296b4b8f@group-1CD1852B66C7-FollowerState
2022-06-15 07:34:09,284 [2ba0c2a5-1748-4da9-81e4-5266296b4b8f@group-1CD1852B66C7-FollowerState] INFO  impl.FollowerState (FollowerState.java:run(152)) - 2ba0c2a5-1748-4da9-81e4-5266296b4b8f@group-1CD1852B66C7-FollowerState was interrupted
2022-06-15 07:34:09,288 [grpc-default-executor-1] INFO  server.RaftServer$Division (RaftServerImpl.java:requestVote(1184)) - 2ba0c2a5-1748-4da9-81e4-5266296b4b8f@group-1CD1852B66C7 replies to ELECTION vote request: a73ef743-905e-425d-956f-6fe1cf0283a9<-2ba0c2a5-1748-4da9-81e4-5266296b4b8f#0:OK-t2. Peer's state: 2ba0c2a5-1748-4da9-81e4-5266296b4b8f@group-1CD1852B66C7:t2, leader=null, voted=a73ef743-905e-425d-956f-6fe1cf0283a9, raftlog=2ba0c2a5-1748-4da9-81e4-5266296b4b8f@group-1CD1852B66C7-SegmentedRaftLog:OPENED:c-1, conf=-1: [2ba0c2a5-1748-4da9-81e4-5266296b4b8f|rpc:10.1.0.11:43465|dataStream:|priority:0, a73ef743-905e-425d-956f-6fe1cf0283a9|rpc:10.1.0.11:34113|dataStream:|priority:1, 309b0a9a-ca0d-4cb3-b4c4-40bf1bc4f3ac|rpc:10.1.0.11:44617|dataStream:|priority:0], old=null
2022-06-15 07:34:09,289 [grpc-default-executor-2] INFO  server.RaftServer$Division (RaftServerImpl.java:requestVote(1152)) - 309b0a9a-ca0d-4cb3-b4c4-40bf1bc4f3ac@group-1CD1852B66C7: receive requestVote(ELECTION, a73ef743-905e-425d-956f-6fe1cf0283a9, group-1CD1852B66C7, 2, (t:0, i:0))
2022-06-15 07:34:09,291 [grpc-default-executor-2] INFO  impl.VoteContext (VoteContext.java:log(48)) - 309b0a9a-ca0d-4cb3-b4c4-40bf1bc4f3ac@group-1CD1852B66C7-FOLLOWER: accept ELECTION from a73ef743-905e-425d-956f-6fe1cf0283a9: our priority 0 <= candidate's priority 1
2022-06-15 07:34:09,291 [grpc-default-executor-2] INFO  server.RaftServer$Division (RaftServerImpl.java:setRole(299)) - 309b0a9a-ca0d-4cb3-b4c4-40bf1bc4f3ac@group-1CD1852B66C7: changes role from  FOLLOWER to FOLLOWER at term 2 for candidate:a73ef743-905e-425d-956f-6fe1cf0283a9
2022-06-15 07:34:09,291 [grpc-default-executor-2] INFO  impl.RoleInfo (RoleInfo.java:shutdownFollowerState(110)) - 309b0a9a-ca0d-4cb3-b4c4-40bf1bc4f3ac: shutdown 309b0a9a-ca0d-4cb3-b4c4-40bf1bc4f3ac@group-1CD1852B66C7-FollowerState
2022-06-15 07:34:09,291 [grpc-default-executor-2] INFO  impl.RoleInfo (RoleInfo.java:updateAndGet(139)) - 309b0a9a-ca0d-4cb3-b4c4-40bf1bc4f3ac: start 309b0a9a-ca0d-4cb3-b4c4-40bf1bc4f3ac@group-1CD1852B66C7-FollowerState
2022-06-15 07:34:09,291 [309b0a9a-ca0d-4cb3-b4c4-40bf1bc4f3ac@group-1CD1852B66C7-FollowerState] INFO  impl.FollowerState (FollowerState.java:run(152)) - 309b0a9a-ca0d-4cb3-b4c4-40bf1bc4f3ac@group-1CD1852B66C7-FollowerState was interrupted
2022-06-15 07:34:09,292 [a73ef743-905e-425d-956f-6fe1cf0283a9@group-1CD1852B66C7-LeaderElection24] INFO  impl.LeaderElection (LeaderElection.java:logAndReturn(90)) - a73ef743-905e-425d-956f-6fe1cf0283a9@group-1CD1852B66C7-LeaderElection24: ELECTION PASSED received 1 response(s) and 0 exception(s):
2022-06-15 07:34:09,293 [a73ef743-905e-425d-956f-6fe1cf0283a9@group-1CD1852B66C7-LeaderElection24] INFO  impl.LeaderElection (LeaderElection.java:logAndReturn(94)) -   Response 0: a73ef743-905e-425d-956f-6fe1cf0283a9<-2ba0c2a5-1748-4da9-81e4-5266296b4b8f#0:OK-t2
2022-06-15 07:34:09,294 [a73ef743-905e-425d-956f-6fe1cf0283a9@group-1CD1852B66C7-LeaderElection24] INFO  impl.LeaderElection (LeaderElection.java:askForVotes(312)) - a73ef743-905e-425d-956f-6fe1cf0283a9@group-1CD1852B66C7-LeaderElection24 ELECTION round 0: result PASSED
2022-06-15 07:34:09,294 [a73ef743-905e-425d-956f-6fe1cf0283a9@group-1CD1852B66C7-LeaderElection24] INFO  impl.RoleInfo (RoleInfo.java:shutdownLeaderElection(130)) - a73ef743-905e-425d-956f-6fe1cf0283a9: shutdown a73ef743-905e-425d-956f-6fe1cf0283a9@group-1CD1852B66C7-LeaderElection24
2022-06-15 07:34:09,294 [a73ef743-905e-425d-956f-6fe1cf0283a9@group-1CD1852B66C7-LeaderElection24] INFO  server.RaftServer$Division (RaftServerImpl.java:setRole(299)) - a73ef743-905e-425d-956f-6fe1cf0283a9@group-1CD1852B66C7: changes role from CANDIDATE to LEADER at term 2 for changeToLeader
2022-06-15 07:34:09,294 [a73ef743-905e-425d-956f-6fe1cf0283a9@group-1CD1852B66C7-LeaderElection24] INFO  ratis.XceiverServerRatis (XceiverServerRatis.java:handleLeaderChangedNotification(863)) - Leader change notification received for group: group-1CD1852B66C7 with new leaderId: a73ef743-905e-425d-956f-6fe1cf0283a9
2022-06-15 07:34:09,294 [a73ef743-905e-425d-956f-6fe1cf0283a9@group-1CD1852B66C7-LeaderElection24] INFO  server.RaftServer$Division (ServerState.java:setLeader(287)) - a73ef743-905e-425d-956f-6fe1cf0283a9@group-1CD1852B66C7: change Leader from null to a73ef743-905e-425d-956f-6fe1cf0283a9 at term 2 for becomeLeader, leader elected after 10227ms
2022-06-15 07:34:09,294 [a73ef743-905e-425d-956f-6fe1cf0283a9@group-1CD1852B66C7-LeaderElection24] INFO  server.RaftServerConfigKeys (ConfUtils.java:logGet(46)) - raft.server.staging.catchup.gap = 1000 (default)
2022-06-15 07:34:09,294 [a73ef743-905e-425d-956f-6fe1cf0283a9@group-1CD1852B66C7-LeaderElection24] INFO  server.RaftServerConfigKeys (ConfUtils.java:logGet(46)) - raft.server.write.element-limit = 1024 (custom)
2022-06-15 07:34:09,294 [a73ef743-905e-425d-956f-6fe1cf0283a9@group-1CD1852B66C7-LeaderElection24] INFO  server.RaftServerConfigKeys (ConfUtils.java:logGet(46)) - raft.server.write.byte-limit = 1024 M (=1073741824) (custom)
2022-06-15 07:34:09,294 [a73ef743-905e-425d-956f-6fe1cf0283a9@group-1CD1852B66C7-LeaderElection24] INFO  server.RaftServerConfigKeys (ConfUtils.java:logGet(46)) - raft.server.watch.timeout = 10000ms (default)
2022-06-15 07:34:09,294 [a73ef743-905e-425d-956f-6fe1cf0283a9@group-1CD1852B66C7-LeaderElection24] INFO  server.RaftServerConfigKeys (ConfUtils.java:logGet(46)) - raft.server.watch.timeout.denomination = 1s (default)
2022-06-15 07:34:09,294 [a73ef743-905e-425d-956f-6fe1cf0283a9@group-1CD1852B66C7-LeaderElection24] INFO  server.RaftServerConfigKeys (ConfUtils.java:logGet(46)) - raft.server.watch.element-limit = 65536 (default)
2022-06-15 07:34:09,294 [a73ef743-905e-425d-956f-6fe1cf0283a9@group-1CD1852B66C7-LeaderElection24] INFO  server.RaftServerConfigKeys (ConfUtils.java:logGet(46)) - raft.server.write.element-limit = 1024 (custom)
2022-06-15 07:34:09,295 [a73ef743-905e-425d-956f-6fe1cf0283a9@group-1CD1852B66C7-LeaderElection24] INFO  server.RaftServerConfigKeys (ConfUtils.java:logGet(46)) - raft.server.write.follower.gap.ratio.max = -1.0 (default)
2022-06-15 07:34:09,295 [a73ef743-905e-425d-956f-6fe1cf0283a9@group-1CD1852B66C7-LeaderElection24] INFO  server.RaftServerConfigKeys (ConfUtils.java:logGet(46)) - raft.server.log.appender.snapshot.chunk.size.max = 16MB (=16777216) (default)
2022-06-15 07:34:09,295 [a73ef743-905e-425d-956f-6fe1cf0283a9@group-1CD1852B66C7-LeaderElection24] INFO  server.RaftServerConfigKeys (ConfUtils.java:logGet(46)) - raft.server.log.appender.buffer.byte-limit = 33554432 (custom)
2022-06-15 07:34:09,295 [a73ef743-905e-425d-956f-6fe1cf0283a9@group-1CD1852B66C7-LeaderElection24] INFO  server.RaftServerConfigKeys (ConfUtils.java:logGet(46)) - raft.server.log.appender.buffer.element-limit = 1 (custom)
2022-06-15 07:34:09,295 [a73ef743-905e-425d-956f-6fe1cf0283a9@group-1CD1852B66C7-LeaderElection24] INFO  grpc.GrpcConfigKeys (ConfUtils.java:logGet(46)) - raft.grpc.server.leader.outstanding.appends.max = 128 (default)
2022-06-15 07:34:09,295 [a73ef743-905e-425d-956f-6fe1cf0283a9@group-1CD1852B66C7-LeaderElection24] INFO  server.RaftServerConfigKeys (ConfUtils.java:logGet(46)) - raft.server.rpc.request.timeout = 3000ms (default)
2022-06-15 07:34:09,295 [a73ef743-905e-425d-956f-6fe1cf0283a9@group-1CD1852B66C7-LeaderElection24] INFO  server.RaftServerConfigKeys (ConfUtils.java:logGet(46)) - raft.server.log.appender.install.snapshot.enabled = false (custom)
2022-06-15 07:34:09,296 [EventQueue-PipelineReportForPipelineReportHandler] INFO  pipeline.PipelineManagerImpl (PipelineManagerImpl.java:openPipeline(356)) - Pipeline Pipeline[ Id: b5a8a24c-6c15-456e-926e-1cd1852b66c7, Nodes: 2ba0c2a5-1748-4da9-81e4-5266296b4b8f{ip: 10.1.0.11, host: fv-az121-418.xhy4bhhdincepo0av04agjzkjc.cx.internal.cloudapp.net, ports: [REPLICATION=43041, RATIS=43465, RATIS_ADMIN=43465, RATIS_SERVER=43465, STANDALONE=43919], networkLocation: /default-rack, certSerialId: null, persistedOpState: IN_SERVICE, persistedOpStateExpiryEpochSec: 0}309b0a9a-ca0d-4cb3-b4c4-40bf1bc4f3ac{ip: 10.1.0.11, host: fv-az121-418.xhy4bhhdincepo0av04agjzkjc.cx.internal.cloudapp.net, ports: [REPLICATION=40979, RATIS=44617, RATIS_ADMIN=44617, RATIS_SERVER=44617, STANDALONE=41363], networkLocation: /default-rack, certSerialId: null, persistedOpState: IN_SERVICE, persistedOpStateExpiryEpochSec: 0}a73ef743-905e-425d-956f-6fe1cf0283a9{ip: 10.1.0.11, host: fv-az121-418.xhy4bhhdincepo0av04agjzkjc.cx.internal.cloudapp.net, ports: [REPLICATION=36929, RATIS=34113, RATIS_ADMIN=34113, RATIS_SERVER=34113, STANDALONE=44513], networkLocation: /default-rack, certSerialId: null, persistedOpState: IN_SERVICE, persistedOpStateExpiryEpochSec: 0}, ReplicationConfig: RATIS/THREE, State:ALLOCATED, leaderId:a73ef743-905e-425d-956f-6fe1cf0283a9, CreationTimestamp2022-06-15T07:33:56.573Z[Etc/UTC]] moved to OPEN state
2022-06-15 07:34:09,299 [a73ef743-905e-425d-956f-6fe1cf0283a9@group-1CD1852B66C7-LeaderElection24] INFO  server.RaftServerConfigKeys (ConfUtils.java:logGet(46)) - raft.server.log.appender.snapshot.chunk.size.max = 16MB (=16777216) (default)
2022-06-15 07:34:09,299 [grpc-default-executor-2] INFO  server.RaftServer$Division (RaftServerImpl.java:requestVote(1184)) - 309b0a9a-ca0d-4cb3-b4c4-40bf1bc4f3ac@group-1CD1852B66C7 replies to ELECTION vote request: a73ef743-905e-425d-956f-6fe1cf0283a9<-309b0a9a-ca0d-4cb3-b4c4-40bf1bc4f3ac#0:OK-t2. Peer's state: 309b0a9a-ca0d-4cb3-b4c4-40bf1bc4f3ac@group-1CD1852B66C7:t2, leader=null, voted=a73ef743-905e-425d-956f-6fe1cf0283a9, raftlog=309b0a9a-ca0d-4cb3-b4c4-40bf1bc4f3ac@group-1CD1852B66C7-SegmentedRaftLog:OPENED:c-1, conf=-1: [2ba0c2a5-1748-4da9-81e4-5266296b4b8f|rpc:10.1.0.11:43465|dataStream:|priority:0, a73ef743-905e-425d-956f-6fe1cf0283a9|rpc:10.1.0.11:34113|dataStream:|priority:1, 309b0a9a-ca0d-4cb3-b4c4-40bf1bc4f3ac|rpc:10.1.0.11:44617|dataStream:|priority:0], old=null
2022-06-15 07:34:09,303 [a73ef743-905e-425d-956f-6fe1cf0283a9@group-1CD1852B66C7-LeaderElection24] INFO  server.RaftServerConfigKeys (ConfUtils.java:logGet(46)) - raft.server.log.appender.buffer.byte-limit = 33554432 (custom)
2022-06-15 07:34:09,303 [a73ef743-905e-425d-956f-6fe1cf0283a9@group-1CD1852B66C7-LeaderElection24] INFO  server.RaftServerConfigKeys (ConfUtils.java:logGet(46)) - raft.server.log.appender.buffer.element-limit = 1 (custom)
2022-06-15 07:34:09,303 [a73ef743-905e-425d-956f-6fe1cf0283a9@group-1CD1852B66C7-LeaderElection24] INFO  grpc.GrpcConfigKeys (ConfUtils.java:logGet(46)) - raft.grpc.server.leader.outstanding.appends.max = 128 (default)
2022-06-15 07:34:09,303 [a73ef743-905e-425d-956f-6fe1cf0283a9@group-1CD1852B66C7-LeaderElection24] INFO  server.RaftServerConfigKeys (ConfUtils.java:logGet(46)) - raft.server.rpc.request.timeout = 3000ms (default)
2022-06-15 07:34:09,303 [a73ef743-905e-425d-956f-6fe1cf0283a9@group-1CD1852B66C7-LeaderElection24] INFO  server.RaftServerConfigKeys (ConfUtils.java:logGet(46)) - raft.server.log.appender.install.snapshot.enabled = false (custom)
2022-06-15 07:34:09,303 [a73ef743-905e-425d-956f-6fe1cf0283a9@group-1CD1852B66C7-LeaderElection24] INFO  impl.RoleInfo (RoleInfo.java:updateAndGet(139)) - a73ef743-905e-425d-956f-6fe1cf0283a9: start a73ef743-905e-425d-956f-6fe1cf0283a9@group-1CD1852B66C7-LeaderStateImpl
2022-06-15 07:34:09,303 [a73ef743-905e-425d-956f-6fe1cf0283a9@group-1CD1852B66C7-LeaderElection24] INFO  segmented.SegmentedRaftLogWorker (SegmentedRaftLogWorker.java:startLogSegment(425)) - a73ef743-905e-425d-956f-6fe1cf0283a9@group-1CD1852B66C7-SegmentedRaftLogWorker: Starting segment from index:0
2022-06-15 07:34:09,305 [a73ef743-905e-425d-956f-6fe1cf0283a9@group-1CD1852B66C7-SegmentedRaftLogWorker] INFO  segmented.SegmentedRaftLogWorker (SegmentedRaftLogWorker.java:execute(629)) - a73ef743-905e-425d-956f-6fe1cf0283a9@group-1CD1852B66C7-SegmentedRaftLogWorker: created new log segment /home/runner/work/ozone/ozone/hadoop-ozone/integration-test/target/test-dir/MiniOzoneClusterImpl-589494f2-24de-4a8c-8650-9a890bc48d46/datanode-6/data/ratis/b5a8a24c-6c15-456e-926e-1cd1852b66c7/current/log_inprogress_0
2022-06-15 07:34:09,316 [a73ef743-905e-425d-956f-6fe1cf0283a9@group-1CD1852B66C7-LeaderElection24] INFO  server.RaftServer$Division (ServerState.java:setRaftConf(393)) - a73ef743-905e-425d-956f-6fe1cf0283a9@group-1CD1852B66C7: set configuration 0: [2ba0c2a5-1748-4da9-81e4-5266296b4b8f|rpc:10.1.0.11:43465|dataStream:|priority:0, a73ef743-905e-425d-956f-6fe1cf0283a9|rpc:10.1.0.11:34113|dataStream:|priority:1, 309b0a9a-ca0d-4cb3-b4c4-40bf1bc4f3ac|rpc:10.1.0.11:44617|dataStream:|priority:0], old=null
2022-06-15 07:34:09,317 [2ba0c2a5-1748-4da9-81e4-5266296b4b8f-server-thread1] INFO  ratis.XceiverServerRatis (XceiverServerRatis.java:handleLeaderChangedNotification(863)) - Leader change notification received for group: group-1CD1852B66C7 with new leaderId: a73ef743-905e-425d-956f-6fe1cf0283a9
2022-06-15 07:34:09,318 [2ba0c2a5-1748-4da9-81e4-5266296b4b8f-server-thread1] INFO  server.RaftServer$Division (ServerState.java:setLeader(287)) - 2ba0c2a5-1748-4da9-81e4-5266296b4b8f@group-1CD1852B66C7: change Leader from null to a73ef743-905e-425d-956f-6fe1cf0283a9 at term 2 for appendEntries, leader elected after 10218ms
2022-06-15 07:34:09,318 [a73ef743-905e-425d-956f-6fe1cf0283a9@group-1CD1852B66C7-StateMachineUpdater] INFO  ratis.ContainerStateMachine (ContainerStateMachine.java:takeSnapshot(304)) - group-1CD1852B66C7: Taking a snapshot at:(t:2, i:0) file /home/runner/work/ozone/ozone/hadoop-ozone/integration-test/target/test-dir/MiniOzoneClusterImpl-589494f2-24de-4a8c-8650-9a890bc48d46/datanode-6/data/ratis/b5a8a24c-6c15-456e-926e-1cd1852b66c7/sm/snapshot.2_0
2022-06-15 07:34:09,319 [a73ef743-905e-425d-956f-6fe1cf0283a9@group-1CD1852B66C7-StateMachineUpdater] INFO  ratis.ContainerStateMachine (ContainerStateMachine.java:takeSnapshot(315)) - group-1CD1852B66C7: Finished taking a snapshot at:(t:2, i:0) file:/home/runner/work/ozone/ozone/hadoop-ozone/integration-test/target/test-dir/MiniOzoneClusterImpl-589494f2-24de-4a8c-8650-9a890bc48d46/datanode-6/data/ratis/b5a8a24c-6c15-456e-926e-1cd1852b66c7/sm/snapshot.2_0 took: 1 ms
2022-06-15 07:34:09,319 [a73ef743-905e-425d-956f-6fe1cf0283a9@group-1CD1852B66C7-StateMachineUpdater] INFO  impl.StateMachineUpdater (StateMachineUpdater.java:takeSnapshot(287)) - a73ef743-905e-425d-956f-6fe1cf0283a9@group-1CD1852B66C7-StateMachineUpdater: Took a snapshot at index 0
2022-06-15 07:34:09,319 [a73ef743-905e-425d-956f-6fe1cf0283a9@group-1CD1852B66C7-StateMachineUpdater] INFO  impl.StateMachineUpdater (StateMachineUpdater.java:lambda$new$0(92)) - a73ef743-905e-425d-956f-6fe1cf0283a9@group-1CD1852B66C7-StateMachineUpdater: snapshotIndex: updateIncreasingly -1 -> 0
2022-06-15 07:34:09,328 [2ba0c2a5-1748-4da9-81e4-5266296b4b8f-server-thread1] INFO  server.RaftServer$Division (ServerState.java:setRaftConf(393)) - 2ba0c2a5-1748-4da9-81e4-5266296b4b8f@group-1CD1852B66C7: set configuration 0: [2ba0c2a5-1748-4da9-81e4-5266296b4b8f|rpc:10.1.0.11:43465|dataStream:|priority:0, a73ef743-905e-425d-956f-6fe1cf0283a9|rpc:10.1.0.11:34113|dataStream:|priority:1, 309b0a9a-ca0d-4cb3-b4c4-40bf1bc4f3ac|rpc:10.1.0.11:44617|dataStream:|priority:0], old=null
2022-06-15 07:34:09,328 [2ba0c2a5-1748-4da9-81e4-5266296b4b8f-server-thread1] INFO  segmented.SegmentedRaftLogWorker (SegmentedRaftLogWorker.java:startLogSegment(425)) - 2ba0c2a5-1748-4da9-81e4-5266296b4b8f@group-1CD1852B66C7-SegmentedRaftLogWorker: Starting segment from index:0
2022-06-15 07:34:09,330 [2ba0c2a5-1748-4da9-81e4-5266296b4b8f@group-1CD1852B66C7-SegmentedRaftLogWorker] INFO  segmented.SegmentedRaftLogWorker (SegmentedRaftLogWorker.java:execute(629)) - 2ba0c2a5-1748-4da9-81e4-5266296b4b8f@group-1CD1852B66C7-SegmentedRaftLogWorker: created new log segment /home/runner/work/ozone/ozone/hadoop-ozone/integration-test/target/test-dir/MiniOzoneClusterImpl-589494f2-24de-4a8c-8650-9a890bc48d46/datanode-7/data/ratis/b5a8a24c-6c15-456e-926e-1cd1852b66c7/current/log_inprogress_0
2022-06-15 07:34:09,330 [309b0a9a-ca0d-4cb3-b4c4-40bf1bc4f3ac-server-thread1] INFO  ratis.XceiverServerRatis (XceiverServerRatis.java:handleLeaderChangedNotification(863)) - Leader change notification received for group: group-1CD1852B66C7 with new leaderId: a73ef743-905e-425d-956f-6fe1cf0283a9
2022-06-15 07:34:09,330 [309b0a9a-ca0d-4cb3-b4c4-40bf1bc4f3ac-server-thread1] INFO  server.RaftServer$Division (ServerState.java:setLeader(287)) - 309b0a9a-ca0d-4cb3-b4c4-40bf1bc4f3ac@group-1CD1852B66C7: change Leader from null to a73ef743-905e-425d-956f-6fe1cf0283a9 at term 2 for appendEntries, leader elected after 10200ms
2022-06-15 07:34:09,332 [2ba0c2a5-1748-4da9-81e4-5266296b4b8f@group-1CD1852B66C7-StateMachineUpdater] INFO  ratis.ContainerStateMachine (ContainerStateMachine.java:takeSnapshot(304)) - group-1CD1852B66C7: Taking a snapshot at:(t:2, i:0) file /home/runner/work/ozone/ozone/hadoop-ozone/integration-test/target/test-dir/MiniOzoneClusterImpl-589494f2-24de-4a8c-8650-9a890bc48d46/datanode-7/data/ratis/b5a8a24c-6c15-456e-926e-1cd1852b66c7/sm/snapshot.2_0
2022-06-15 07:34:09,338 [309b0a9a-ca0d-4cb3-b4c4-40bf1bc4f3ac-server-thread1] INFO  server.RaftServer$Division (ServerState.java:setRaftConf(393)) - 309b0a9a-ca0d-4cb3-b4c4-40bf1bc4f3ac@group-1CD1852B66C7: set configuration 0: [2ba0c2a5-1748-4da9-81e4-5266296b4b8f|rpc:10.1.0.11:43465|dataStream:|priority:0, a73ef743-905e-425d-956f-6fe1cf0283a9|rpc:10.1.0.11:34113|dataStream:|priority:1, 309b0a9a-ca0d-4cb3-b4c4-40bf1bc4f3ac|rpc:10.1.0.11:44617|dataStream:|priority:0], old=null
2022-06-15 07:34:09,338 [309b0a9a-ca0d-4cb3-b4c4-40bf1bc4f3ac-server-thread1] INFO  segmented.SegmentedRaftLogWorker (SegmentedRaftLogWorker.java:startLogSegment(425)) - 309b0a9a-ca0d-4cb3-b4c4-40bf1bc4f3ac@group-1CD1852B66C7-SegmentedRaftLogWorker: Starting segment from index:0
2022-06-15 07:34:09,339 [309b0a9a-ca0d-4cb3-b4c4-40bf1bc4f3ac@group-1CD1852B66C7-SegmentedRaftLogWorker] INFO  segmented.SegmentedRaftLogWorker (SegmentedRaftLogWorker.java:execute(629)) - 309b0a9a-ca0d-4cb3-b4c4-40bf1bc4f3ac@group-1CD1852B66C7-SegmentedRaftLogWorker: created new log segment /home/runner/work/ozone/ozone/hadoop-ozone/integration-test/target/test-dir/MiniOzoneClusterImpl-589494f2-24de-4a8c-8650-9a890bc48d46/datanode-8/data/ratis/b5a8a24c-6c15-456e-926e-1cd1852b66c7/current/log_inprogress_0
2022-06-15 07:34:09,340 [2ba0c2a5-1748-4da9-81e4-5266296b4b8f@group-1CD1852B66C7-StateMachineUpdater] INFO  ratis.ContainerStateMachine (ContainerStateMachine.java:takeSnapshot(315)) - group-1CD1852B66C7: Finished taking a snapshot at:(t:2, i:0) file:/home/runner/work/ozone/ozone/hadoop-ozone/integration-test/target/test-dir/MiniOzoneClusterImpl-589494f2-24de-4a8c-8650-9a890bc48d46/datanode-7/data/ratis/b5a8a24c-6c15-456e-926e-1cd1852b66c7/sm/snapshot.2_0 took: 8 ms
2022-06-15 07:34:09,340 [2ba0c2a5-1748-4da9-81e4-5266296b4b8f@group-1CD1852B66C7-StateMachineUpdater] INFO  impl.StateMachineUpdater (StateMachineUpdater.java:takeSnapshot(287)) - 2ba0c2a5-1748-4da9-81e4-5266296b4b8f@group-1CD1852B66C7-StateMachineUpdater: Took a snapshot at index 0
2022-06-15 07:34:09,340 [2ba0c2a5-1748-4da9-81e4-5266296b4b8f@group-1CD1852B66C7-StateMachineUpdater] INFO  impl.StateMachineUpdater (StateMachineUpdater.java:lambda$new$0(92)) - 2ba0c2a5-1748-4da9-81e4-5266296b4b8f@group-1CD1852B66C7-StateMachineUpdater: snapshotIndex: updateIncreasingly -1 -> 0
2022-06-15 07:34:09,341 [309b0a9a-ca0d-4cb3-b4c4-40bf1bc4f3ac@group-1CD1852B66C7-StateMachineUpdater] INFO  ratis.ContainerStateMachine (ContainerStateMachine.java:takeSnapshot(304)) - group-1CD1852B66C7: Taking a snapshot at:(t:2, i:0) file /home/runner/work/ozone/ozone/hadoop-ozone/integration-test/target/test-dir/MiniOzoneClusterImpl-589494f2-24de-4a8c-8650-9a890bc48d46/datanode-8/data/ratis/b5a8a24c-6c15-456e-926e-1cd1852b66c7/sm/snapshot.2_0
2022-06-15 07:34:09,341 [309b0a9a-ca0d-4cb3-b4c4-40bf1bc4f3ac@group-1CD1852B66C7-StateMachineUpdater] INFO  ratis.ContainerStateMachine (ContainerStateMachine.java:takeSnapshot(315)) - group-1CD1852B66C7: Finished taking a snapshot at:(t:2, i:0) file:/home/runner/work/ozone/ozone/hadoop-ozone/integration-test/target/test-dir/MiniOzoneClusterImpl-589494f2-24de-4a8c-8650-9a890bc48d46/datanode-8/data/ratis/b5a8a24c-6c15-456e-926e-1cd1852b66c7/sm/snapshot.2_0 took: 1 ms
2022-06-15 07:34:09,342 [309b0a9a-ca0d-4cb3-b4c4-40bf1bc4f3ac@group-1CD1852B66C7-StateMachineUpdater] INFO  impl.StateMachineUpdater (StateMachineUpdater.java:takeSnapshot(287)) - 309b0a9a-ca0d-4cb3-b4c4-40bf1bc4f3ac@group-1CD1852B66C7-StateMachineUpdater: Took a snapshot at index 0
2022-06-15 07:34:09,342 [309b0a9a-ca0d-4cb3-b4c4-40bf1bc4f3ac@group-1CD1852B66C7-StateMachineUpdater] INFO  impl.StateMachineUpdater (StateMachineUpdater.java:lambda$new$0(92)) - 309b0a9a-ca0d-4cb3-b4c4-40bf1bc4f3ac@group-1CD1852B66C7-StateMachineUpdater: snapshotIndex: updateIncreasingly -1 -> 0
2022-06-15 07:34:09,375 [EventQueue-PipelineReportForPipelineReportHandler] INFO  pipeline.PipelineReportHandler (PipelineReportHandler.java:processPipelineReport(113)) - Reported pipeline PipelineID=83aa0ae5-c647-4842-ba01-114df2e904af is not found
2022-06-15 07:34:09,471 [EventQueue-PipelineReportForPipelineReportHandler] INFO  pipeline.PipelineReportHandler (PipelineReportHandler.java:processPipelineReport(113)) - Reported pipeline PipelineID=83aa0ae5-c647-4842-ba01-114df2e904af is not found
2022-06-15 07:34:09,672 [EventQueue-PipelineReportForPipelineReportHandler] INFO  pipeline.PipelineReportHandler (PipelineReportHandler.java:processPipelineReport(113)) - Reported pipeline PipelineID=83aa0ae5-c647-4842-ba01-114df2e904af is not found
2022-06-15 07:34:09,680 [EventQueue-PipelineReportForPipelineReportHandler] INFO  pipeline.PipelineReportHandler (PipelineReportHandler.java:processPipelineReport(113)) - Reported pipeline PipelineID=83aa0ae5-c647-4842-ba01-114df2e904af is not found
2022-06-15 07:34:09,775 [EventQueue-PipelineReportForPipelineReportHandler] INFO  pipeline.PipelineReportHandler (PipelineReportHandler.java:processPipelineReport(113)) - Reported pipeline PipelineID=83aa0ae5-c647-4842-ba01-114df2e904af is not found
2022-06-15 07:34:09,872 [EventQueue-PipelineReportForPipelineReportHandler] INFO  pipeline.PipelineReportHandler (PipelineReportHandler.java:processPipelineReport(113)) - Reported pipeline PipelineID=83aa0ae5-c647-4842-ba01-114df2e904af is not found
2022-06-15 07:34:09,879 [EventQueue-PipelineReportForPipelineReportHandler] INFO  pipeline.PipelineReportHandler (PipelineReportHandler.java:processPipelineReport(113)) - Reported pipeline PipelineID=83aa0ae5-c647-4842-ba01-114df2e904af is not found
2022-06-15 07:34:09,976 [EventQueue-PipelineReportForPipelineReportHandler] INFO  pipeline.PipelineReportHandler (PipelineReportHandler.java:processPipelineReport(113)) - Reported pipeline PipelineID=83aa0ae5-c647-4842-ba01-114df2e904af is not found
2022-06-15 07:34:10,272 [EventQueue-PipelineReportForPipelineReportHandler] INFO  pipeline.PipelineReportHandler (PipelineReportHandler.java:processPipelineReport(113)) - Reported pipeline PipelineID=83aa0ae5-c647-4842-ba01-114df2e904af is not found
2022-06-15 07:34:10,279 [EventQueue-PipelineReportForPipelineReportHandler] INFO  pipeline.PipelineReportHandler (PipelineReportHandler.java:processPipelineReport(113)) - Reported pipeline PipelineID=83aa0ae5-c647-4842-ba01-114df2e904af is not found
2022-06-15 07:34:10,376 [EventQueue-PipelineReportForPipelineReportHandler] INFO  pipeline.PipelineReportHandler (PipelineReportHandler.java:processPipelineReport(113)) - Reported pipeline PipelineID=83aa0ae5-c647-4842-ba01-114df2e904af is not found
2022-06-15 07:34:10,479 [EventQueue-PipelineReportForPipelineReportHandler] INFO  pipeline.PipelineReportHandler (PipelineReportHandler.java:processPipelineReport(113)) - Reported pipeline PipelineID=83aa0ae5-c647-4842-ba01-114df2e904af is not found
2022-06-15 07:34:10,576 [EventQueue-PipelineReportForPipelineReportHandler] INFO  pipeline.PipelineReportHandler (PipelineReportHandler.java:processPipelineReport(113)) - Reported pipeline PipelineID=83aa0ae5-c647-4842-ba01-114df2e904af is not found
2022-06-15 07:34:10,612 [java.util.concurrent.ThreadPoolExecutor$Worker@7252680f[State = -1, empty queue]] WARN  grpc.GrpcUtil (GrpcUtil.java:shutdownManagedChannel(216)) - Timed out gracefully shutting down connection: ManagedChannelOrphanWrapper{delegate=ManagedChannelImpl{logId=184, target=10.1.0.11:41193}}. 
2022-06-15 07:34:10,624 [java.util.concurrent.ThreadPoolExecutor$Worker@7252680f[State = -1, empty queue]] WARN  server.GrpcLogAppender (GrpcLogAppender.java:timeoutAppendRequest(239)) - 543aeec3-c74a-41c2-8a93-8d529b3aabc8@group-114DF2E904AF->b0a9d56e-b544-41cd-b2b1-b34d126127d5-GrpcLogAppender:  appendEntries Timeout, request=AppendEntriesRequest:cid=137,entriesCount=1,lastEntry=(t:1, i:9)
2022-06-15 07:34:10,624 [java.util.concurrent.ThreadPoolExecutor$Worker@7252680f[State = -1, empty queue]] WARN  server.GrpcLogAppender (GrpcLogAppender.java:timeoutAppendRequest(239)) - 543aeec3-c74a-41c2-8a93-8d529b3aabc8@group-114DF2E904AF->657a5ecd-0fe1-496e-aa3e-85dbaec35512-GrpcLogAppender:  appendEntries Timeout, request=AppendEntriesRequest:cid=138,entriesCount=1,lastEntry=(t:1, i:9)
2022-06-15 07:34:10,624 [java.util.concurrent.ThreadPoolExecutor$Worker@7252680f[State = -1, empty queue]] WARN  server.GrpcLogAppender (GrpcLogAppender.java:timeoutAppendRequest(239)) - 543aeec3-c74a-41c2-8a93-8d529b3aabc8@group-114DF2E904AF->657a5ecd-0fe1-496e-aa3e-85dbaec35512-GrpcLogAppender:  appendEntries Timeout, request=AppendEntriesRequest:cid=139,entriesCount=1,lastEntry=(t:1, i:10)
2022-06-15 07:34:10,624 [java.util.concurrent.ThreadPoolExecutor$Worker@7252680f[State = -1, empty queue]] WARN  server.GrpcLogAppender (GrpcLogAppender.java:timeoutAppendRequest(239)) - 543aeec3-c74a-41c2-8a93-8d529b3aabc8@group-114DF2E904AF->b0a9d56e-b544-41cd-b2b1-b34d126127d5-GrpcLogAppender:  appendEntries Timeout, request=AppendEntriesRequest:cid=138,entriesCount=1,lastEntry=(t:1, i:10)
2022-06-15 07:34:10,672 [EventQueue-PipelineReportForPipelineReportHandler] INFO  pipeline.PipelineReportHandler (PipelineReportHandler.java:processPipelineReport(113)) - Reported pipeline PipelineID=83aa0ae5-c647-4842-ba01-114df2e904af is not found
2022-06-15 07:34:10,718 [e547bcb9-eced-475a-8c61-963b1a05d208@group-F5409A33EF3A-StateMachineUpdater] INFO  ratis.ContainerStateMachine (ContainerStateMachine.java:takeSnapshot(304)) - group-F5409A33EF3A: Taking a snapshot at:(t:2, i:0) file /home/runner/work/ozone/ozone/hadoop-ozone/integration-test/target/test-dir/MiniOzoneClusterImpl-589494f2-24de-4a8c-8650-9a890bc48d46/datanode-3/data/ratis/23d08045-b382-4fa8-b6c5-f5409a33ef3a/sm/snapshot.2_0
2022-06-15 07:34:10,719 [e547bcb9-eced-475a-8c61-963b1a05d208@group-F5409A33EF3A-StateMachineUpdater] INFO  ratis.ContainerStateMachine (ContainerStateMachine.java:takeSnapshot(315)) - group-F5409A33EF3A: Finished taking a snapshot at:(t:2, i:0) file:/home/runner/work/ozone/ozone/hadoop-ozone/integration-test/target/test-dir/MiniOzoneClusterImpl-589494f2-24de-4a8c-8650-9a890bc48d46/datanode-3/data/ratis/23d08045-b382-4fa8-b6c5-f5409a33ef3a/sm/snapshot.2_0 took: 1 ms
2022-06-15 07:34:10,719 [e547bcb9-eced-475a-8c61-963b1a05d208@group-F5409A33EF3A-StateMachineUpdater] INFO  impl.StateMachineUpdater (StateMachineUpdater.java:takeSnapshot(287)) - e547bcb9-eced-475a-8c61-963b1a05d208@group-F5409A33EF3A-StateMachineUpdater: Took a snapshot at index 0
2022-06-15 07:34:10,719 [e547bcb9-eced-475a-8c61-963b1a05d208@group-F5409A33EF3A-StateMachineUpdater] INFO  impl.StateMachineUpdater (StateMachineUpdater.java:lambda$new$0(92)) - e547bcb9-eced-475a-8c61-963b1a05d208@group-F5409A33EF3A-StateMachineUpdater: snapshotIndex: updateIncreasingly -1 -> 0
2022-06-15 07:34:10,871 [EventQueue-PipelineReportForPipelineReportHandler] INFO  pipeline.PipelineReportHandler (PipelineReportHandler.java:processPipelineReport(113)) - Reported pipeline PipelineID=83aa0ae5-c647-4842-ba01-114df2e904af is not found
2022-06-15 07:34:10,880 [EventQueue-PipelineReportForPipelineReportHandler] INFO  pipeline.PipelineReportHandler (PipelineReportHandler.java:processPipelineReport(113)) - Reported pipeline PipelineID=83aa0ae5-c647-4842-ba01-114df2e904af is not found
2022-06-15 07:34:10,976 [EventQueue-PipelineReportForPipelineReportHandler] INFO  pipeline.PipelineReportHandler (PipelineReportHandler.java:processPipelineReport(113)) - Reported pipeline PipelineID=83aa0ae5-c647-4842-ba01-114df2e904af is not found
2022-06-15 07:34:11,080 [EventQueue-PipelineReportForPipelineReportHandler] INFO  pipeline.PipelineReportHandler (PipelineReportHandler.java:processPipelineReport(113)) - Reported pipeline PipelineID=83aa0ae5-c647-4842-ba01-114df2e904af is not found
2022-06-15 07:34:11,271 [EventQueue-PipelineReportForPipelineReportHandler] INFO  pipeline.PipelineReportHandler (PipelineReportHandler.java:processPipelineReport(113)) - Reported pipeline PipelineID=83aa0ae5-c647-4842-ba01-114df2e904af is not found
2022-06-15 07:34:11,376 [EventQueue-PipelineReportForPipelineReportHandler] INFO  pipeline.PipelineReportHandler (PipelineReportHandler.java:processPipelineReport(113)) - Reported pipeline PipelineID=83aa0ae5-c647-4842-ba01-114df2e904af is not found
2022-06-15 07:34:11,472 [EventQueue-PipelineReportForPipelineReportHandler] INFO  pipeline.PipelineReportHandler (PipelineReportHandler.java:processPipelineReport(113)) - Reported pipeline PipelineID=83aa0ae5-c647-4842-ba01-114df2e904af is not found
2022-06-15 07:34:11,480 [EventQueue-PipelineReportForPipelineReportHandler] INFO  pipeline.PipelineReportHandler (PipelineReportHandler.java:processPipelineReport(113)) - Reported pipeline PipelineID=83aa0ae5-c647-4842-ba01-114df2e904af is not found
2022-06-15 07:34:11,576 [EventQueue-PipelineReportForPipelineReportHandler] INFO  pipeline.PipelineReportHandler (PipelineReportHandler.java:processPipelineReport(113)) - Reported pipeline PipelineID=83aa0ae5-c647-4842-ba01-114df2e904af is not found
2022-06-15 07:34:11,874 [EventQueue-PipelineReportForPipelineReportHandler] INFO  pipeline.PipelineReportHandler (PipelineReportHandler.java:processPipelineReport(113)) - Reported pipeline PipelineID=83aa0ae5-c647-4842-ba01-114df2e904af is not found
2022-06-15 07:34:11,880 [EventQueue-PipelineReportForPipelineReportHandler] INFO  pipeline.PipelineReportHandler (PipelineReportHandler.java:processPipelineReport(113)) - Reported pipeline PipelineID=83aa0ae5-c647-4842-ba01-114df2e904af is not found
2022-06-15 07:34:11,977 [EventQueue-PipelineReportForPipelineReportHandler] INFO  pipeline.PipelineReportHandler (PipelineReportHandler.java:processPipelineReport(113)) - Reported pipeline PipelineID=83aa0ae5-c647-4842-ba01-114df2e904af is not found
2022-06-15 07:34:12,177 [EventQueue-PipelineReportForPipelineReportHandler] INFO  pipeline.PipelineReportHandler (PipelineReportHandler.java:processPipelineReport(113)) - Reported pipeline PipelineID=83aa0ae5-c647-4842-ba01-114df2e904af is not found
2022-06-15 07:34:12,272 [EventQueue-PipelineReportForPipelineReportHandler] INFO  pipeline.PipelineReportHandler (PipelineReportHandler.java:processPipelineReport(113)) - Reported pipeline PipelineID=83aa0ae5-c647-4842-ba01-114df2e904af is not found
2022-06-15 07:34:12,280 [EventQueue-PipelineReportForPipelineReportHandler] INFO  pipeline.PipelineReportHandler (PipelineReportHandler.java:processPipelineReport(113)) - Reported pipeline PipelineID=83aa0ae5-c647-4842-ba01-114df2e904af is not found
2022-06-15 07:34:12,472 [EventQueue-PipelineReportForPipelineReportHandler] INFO  pipeline.PipelineReportHandler (PipelineReportHandler.java:processPipelineReport(113)) - Reported pipeline PipelineID=83aa0ae5-c647-4842-ba01-114df2e904af is not found
2022-06-15 07:34:12,480 [EventQueue-PipelineReportForPipelineReportHandler] INFO  pipeline.PipelineReportHandler (PipelineReportHandler.java:processPipelineReport(113)) - Reported pipeline PipelineID=83aa0ae5-c647-4842-ba01-114df2e904af is not found
2022-06-15 07:34:12,578 [EventQueue-PipelineReportForPipelineReportHandler] INFO  pipeline.PipelineReportHandler (PipelineReportHandler.java:processPipelineReport(113)) - Reported pipeline PipelineID=83aa0ae5-c647-4842-ba01-114df2e904af is not found
2022-06-15 07:34:12,671 [EventQueue-PipelineReportForPipelineReportHandler] INFO  pipeline.PipelineReportHandler (PipelineReportHandler.java:processPipelineReport(113)) - Reported pipeline PipelineID=83aa0ae5-c647-4842-ba01-114df2e904af is not found
2022-06-15 07:34:12,680 [EventQueue-PipelineReportForPipelineReportHandler] INFO  pipeline.PipelineReportHandler (PipelineReportHandler.java:processPipelineReport(113)) - Reported pipeline PipelineID=83aa0ae5-c647-4842-ba01-114df2e904af is not found
2022-06-15 07:34:12,715 [b0a9d56e-b544-41cd-b2b1-b34d126127d5@group-DEDC8EEB63DA-FollowerState] INFO  impl.FollowerState (FollowerState.java:run(143)) - b0a9d56e-b544-41cd-b2b1-b34d126127d5@group-DEDC8EEB63DA-FollowerState: change to CANDIDATE, lastRpcElapsedTime:5030307174ns, electionTimeout:5028ms
2022-06-15 07:34:12,715 [b0a9d56e-b544-41cd-b2b1-b34d126127d5@group-DEDC8EEB63DA-FollowerState] INFO  impl.RoleInfo (RoleInfo.java:shutdownFollowerState(110)) - b0a9d56e-b544-41cd-b2b1-b34d126127d5: shutdown b0a9d56e-b544-41cd-b2b1-b34d126127d5@group-DEDC8EEB63DA-FollowerState
2022-06-15 07:34:12,715 [b0a9d56e-b544-41cd-b2b1-b34d126127d5@group-DEDC8EEB63DA-FollowerState] INFO  server.RaftServer$Division (RaftServerImpl.java:setRole(299)) - b0a9d56e-b544-41cd-b2b1-b34d126127d5@group-DEDC8EEB63DA: changes role from  FOLLOWER to CANDIDATE at term 2 for changeToCandidate
2022-06-15 07:34:12,715 [b0a9d56e-b544-41cd-b2b1-b34d126127d5@group-DEDC8EEB63DA-FollowerState] INFO  server.RaftServerConfigKeys (ConfUtils.java:logGet(46)) - raft.server.leaderelection.pre-vote = false (custom)
2022-06-15 07:34:12,715 [b0a9d56e-b544-41cd-b2b1-b34d126127d5@group-DEDC8EEB63DA-FollowerState] INFO  impl.RoleInfo (RoleInfo.java:updateAndGet(139)) - b0a9d56e-b544-41cd-b2b1-b34d126127d5: start b0a9d56e-b544-41cd-b2b1-b34d126127d5@group-DEDC8EEB63DA-LeaderElection25
2022-06-15 07:34:12,718 [b0a9d56e-b544-41cd-b2b1-b34d126127d5@group-DEDC8EEB63DA-LeaderElection25] INFO  impl.LeaderElection (LeaderElection.java:askForVotes(310)) - b0a9d56e-b544-41cd-b2b1-b34d126127d5@group-DEDC8EEB63DA-LeaderElection25 ELECTION round 0: submit vote requests at term 3 for -1: [b0a9d56e-b544-41cd-b2b1-b34d126127d5|rpc:10.1.0.11:34765|priority:1, 657a5ecd-0fe1-496e-aa3e-85dbaec35512|rpc:10.1.0.11:33757|priority:0, 543aeec3-c74a-41c2-8a93-8d529b3aabc8|rpc:10.1.0.11:41193|priority:0], old=null
2022-06-15 07:34:12,725 [grpc-default-executor-1] INFO  server.RaftServer$Division (RaftServerImpl.java:requestVote(1152)) - 657a5ecd-0fe1-496e-aa3e-85dbaec35512@group-DEDC8EEB63DA: receive requestVote(ELECTION, b0a9d56e-b544-41cd-b2b1-b34d126127d5, group-DEDC8EEB63DA, 3, (t:0, i:0))
2022-06-15 07:34:12,726 [grpc-default-executor-1] INFO  impl.VoteContext (VoteContext.java:log(48)) - 657a5ecd-0fe1-496e-aa3e-85dbaec35512@group-DEDC8EEB63DA-FOLLOWER: accept ELECTION from b0a9d56e-b544-41cd-b2b1-b34d126127d5: our priority 0 <= candidate's priority 1
2022-06-15 07:34:12,727 [grpc-default-executor-1] INFO  server.RaftServer$Division (RaftServerImpl.java:setRole(299)) - 657a5ecd-0fe1-496e-aa3e-85dbaec35512@group-DEDC8EEB63DA: changes role from  FOLLOWER to FOLLOWER at term 3 for candidate:b0a9d56e-b544-41cd-b2b1-b34d126127d5
2022-06-15 07:34:12,727 [grpc-default-executor-1] INFO  impl.RoleInfo (RoleInfo.java:shutdownFollowerState(110)) - 657a5ecd-0fe1-496e-aa3e-85dbaec35512: shutdown 657a5ecd-0fe1-496e-aa3e-85dbaec35512@group-DEDC8EEB63DA-FollowerState
2022-06-15 07:34:12,727 [grpc-default-executor-1] INFO  impl.RoleInfo (RoleInfo.java:updateAndGet(139)) - 657a5ecd-0fe1-496e-aa3e-85dbaec35512: start 657a5ecd-0fe1-496e-aa3e-85dbaec35512@group-DEDC8EEB63DA-FollowerState
2022-06-15 07:34:12,727 [657a5ecd-0fe1-496e-aa3e-85dbaec35512@group-DEDC8EEB63DA-FollowerState] INFO  impl.FollowerState (FollowerState.java:run(152)) - 657a5ecd-0fe1-496e-aa3e-85dbaec35512@group-DEDC8EEB63DA-FollowerState was interrupted
2022-06-15 07:34:12,728 [grpc-default-executor-1] INFO  server.RaftServer$Division (RaftServerImpl.java:requestVote(1184)) - 657a5ecd-0fe1-496e-aa3e-85dbaec35512@group-DEDC8EEB63DA replies to ELECTION vote request: b0a9d56e-b544-41cd-b2b1-b34d126127d5<-657a5ecd-0fe1-496e-aa3e-85dbaec35512#0:OK-t3. Peer's state: 657a5ecd-0fe1-496e-aa3e-85dbaec35512@group-DEDC8EEB63DA:t3, leader=null, voted=b0a9d56e-b544-41cd-b2b1-b34d126127d5, raftlog=657a5ecd-0fe1-496e-aa3e-85dbaec35512@group-DEDC8EEB63DA-SegmentedRaftLog:OPENED:c-1, conf=-1: [b0a9d56e-b544-41cd-b2b1-b34d126127d5|rpc:10.1.0.11:34765|dataStream:|priority:1, 657a5ecd-0fe1-496e-aa3e-85dbaec35512|rpc:10.1.0.11:33757|dataStream:|priority:0, 543aeec3-c74a-41c2-8a93-8d529b3aabc8|rpc:10.1.0.11:41193|dataStream:|priority:0], old=null
2022-06-15 07:34:12,730 [b0a9d56e-b544-41cd-b2b1-b34d126127d5@group-DEDC8EEB63DA-LeaderElection25] INFO  impl.LeaderElection (LeaderElection.java:logAndReturn(90)) - b0a9d56e-b544-41cd-b2b1-b34d126127d5@group-DEDC8EEB63DA-LeaderElection25: ELECTION PASSED received 1 response(s) and 0 exception(s):
2022-06-15 07:34:12,730 [b0a9d56e-b544-41cd-b2b1-b34d126127d5@group-DEDC8EEB63DA-LeaderElection25] INFO  impl.LeaderElection (LeaderElection.java:logAndReturn(94)) -   Response 0: b0a9d56e-b544-41cd-b2b1-b34d126127d5<-657a5ecd-0fe1-496e-aa3e-85dbaec35512#0:OK-t3
2022-06-15 07:34:12,730 [b0a9d56e-b544-41cd-b2b1-b34d126127d5@group-DEDC8EEB63DA-LeaderElection25] INFO  impl.LeaderElection (LeaderElection.java:askForVotes(312)) - b0a9d56e-b544-41cd-b2b1-b34d126127d5@group-DEDC8EEB63DA-LeaderElection25 ELECTION round 0: result PASSED
2022-06-15 07:34:12,730 [b0a9d56e-b544-41cd-b2b1-b34d126127d5@group-DEDC8EEB63DA-LeaderElection25] INFO  impl.RoleInfo (RoleInfo.java:shutdownLeaderElection(130)) - b0a9d56e-b544-41cd-b2b1-b34d126127d5: shutdown b0a9d56e-b544-41cd-b2b1-b34d126127d5@group-DEDC8EEB63DA-LeaderElection25
2022-06-15 07:34:12,731 [b0a9d56e-b544-41cd-b2b1-b34d126127d5@group-DEDC8EEB63DA-LeaderElection25] INFO  server.RaftServer$Division (RaftServerImpl.java:setRole(299)) - b0a9d56e-b544-41cd-b2b1-b34d126127d5@group-DEDC8EEB63DA: changes role from CANDIDATE to LEADER at term 3 for changeToLeader
2022-06-15 07:34:12,731 [b0a9d56e-b544-41cd-b2b1-b34d126127d5@group-DEDC8EEB63DA-LeaderElection25] INFO  ratis.XceiverServerRatis (XceiverServerRatis.java:handleLeaderChangedNotification(863)) - Leader change notification received for group: group-DEDC8EEB63DA with new leaderId: b0a9d56e-b544-41cd-b2b1-b34d126127d5
2022-06-15 07:34:12,731 [b0a9d56e-b544-41cd-b2b1-b34d126127d5@group-DEDC8EEB63DA-LeaderElection25] INFO  server.RaftServer$Division (ServerState.java:setLeader(287)) - b0a9d56e-b544-41cd-b2b1-b34d126127d5@group-DEDC8EEB63DA: change Leader from null to b0a9d56e-b544-41cd-b2b1-b34d126127d5 at term 3 for becomeLeader, leader elected after 15164ms
2022-06-15 07:34:12,732 [b0a9d56e-b544-41cd-b2b1-b34d126127d5@group-DEDC8EEB63DA-LeaderElection25] INFO  server.RaftServerConfigKeys (ConfUtils.java:logGet(46)) - raft.server.staging.catchup.gap = 1000 (default)
2022-06-15 07:34:12,732 [b0a9d56e-b544-41cd-b2b1-b34d126127d5@group-DEDC8EEB63DA-LeaderElection25] INFO  server.RaftServerConfigKeys (ConfUtils.java:logGet(46)) - raft.server.write.element-limit = 1024 (custom)
2022-06-15 07:34:12,732 [b0a9d56e-b544-41cd-b2b1-b34d126127d5@group-DEDC8EEB63DA-LeaderElection25] INFO  server.RaftServerConfigKeys (ConfUtils.java:logGet(46)) - raft.server.write.byte-limit = 1024 M (=1073741824) (custom)
2022-06-15 07:34:12,732 [b0a9d56e-b544-41cd-b2b1-b34d126127d5@group-DEDC8EEB63DA-LeaderElection25] INFO  server.RaftServerConfigKeys (ConfUtils.java:logGet(46)) - raft.server.watch.timeout = 10000ms (default)
2022-06-15 07:34:12,733 [b0a9d56e-b544-41cd-b2b1-b34d126127d5@group-DEDC8EEB63DA-LeaderElection25] INFO  server.RaftServerConfigKeys (ConfUtils.java:logGet(46)) - raft.server.watch.timeout.denomination = 1s (default)
2022-06-15 07:34:12,733 [b0a9d56e-b544-41cd-b2b1-b34d126127d5@group-DEDC8EEB63DA-LeaderElection25] INFO  server.RaftServerConfigKeys (ConfUtils.java:logGet(46)) - raft.server.watch.element-limit = 65536 (default)
2022-06-15 07:34:12,733 [b0a9d56e-b544-41cd-b2b1-b34d126127d5@group-DEDC8EEB63DA-LeaderElection25] INFO  server.RaftServerConfigKeys (ConfUtils.java:logGet(46)) - raft.server.write.element-limit = 1024 (custom)
2022-06-15 07:34:12,733 [b0a9d56e-b544-41cd-b2b1-b34d126127d5@group-DEDC8EEB63DA-LeaderElection25] INFO  server.RaftServerConfigKeys (ConfUtils.java:logGet(46)) - raft.server.write.follower.gap.ratio.max = -1.0 (default)
2022-06-15 07:34:12,733 [b0a9d56e-b544-41cd-b2b1-b34d126127d5@group-DEDC8EEB63DA-LeaderElection25] INFO  server.RaftServerConfigKeys (ConfUtils.java:logGet(46)) - raft.server.log.appender.snapshot.chunk.size.max = 16MB (=16777216) (default)
2022-06-15 07:34:12,733 [b0a9d56e-b544-41cd-b2b1-b34d126127d5@group-DEDC8EEB63DA-LeaderElection25] INFO  server.RaftServerConfigKeys (ConfUtils.java:logGet(46)) - raft.server.log.appender.buffer.byte-limit = 33554432 (custom)
2022-06-15 07:34:12,733 [b0a9d56e-b544-41cd-b2b1-b34d126127d5@group-DEDC8EEB63DA-LeaderElection25] INFO  server.RaftServerConfigKeys (ConfUtils.java:logGet(46)) - raft.server.log.appender.buffer.element-limit = 1 (custom)
2022-06-15 07:34:12,733 [b0a9d56e-b544-41cd-b2b1-b34d126127d5@group-DEDC8EEB63DA-LeaderElection25] INFO  grpc.GrpcConfigKeys (ConfUtils.java:logGet(46)) - raft.grpc.server.leader.outstanding.appends.max = 128 (default)
2022-06-15 07:34:12,734 [b0a9d56e-b544-41cd-b2b1-b34d126127d5@group-DEDC8EEB63DA-LeaderElection25] INFO  server.RaftServerConfigKeys (ConfUtils.java:logGet(46)) - raft.server.rpc.request.timeout = 3000ms (default)
2022-06-15 07:34:12,734 [b0a9d56e-b544-41cd-b2b1-b34d126127d5@group-DEDC8EEB63DA-LeaderElection25] INFO  server.RaftServerConfigKeys (ConfUtils.java:logGet(46)) - raft.server.log.appender.install.snapshot.enabled = false (custom)
2022-06-15 07:34:12,734 [EventQueue-PipelineReportForPipelineReportHandler] INFO  pipeline.PipelineReportHandler (PipelineReportHandler.java:processPipelineReport(113)) - Reported pipeline PipelineID=83aa0ae5-c647-4842-ba01-114df2e904af is not found
2022-06-15 07:34:12,735 [EventQueue-PipelineReportForPipelineReportHandler] INFO  pipeline.PipelineManagerImpl (PipelineManagerImpl.java:openPipeline(356)) - Pipeline Pipeline[ Id: 6e098c5d-76b7-4aec-8106-dedc8eeb63da, Nodes: 543aeec3-c74a-41c2-8a93-8d529b3aabc8{ip: 10.1.0.11, host: fv-az121-418.xhy4bhhdincepo0av04agjzkjc.cx.internal.cloudapp.net, ports: [REPLICATION=36317, RATIS=41193, RATIS_ADMIN=41193, RATIS_SERVER=41193, STANDALONE=38087], networkLocation: /default-rack, certSerialId: null, persistedOpState: IN_SERVICE, persistedOpStateExpiryEpochSec: 0}657a5ecd-0fe1-496e-aa3e-85dbaec35512{ip: 10.1.0.11, host: fv-az121-418.xhy4bhhdincepo0av04agjzkjc.cx.internal.cloudapp.net, ports: [REPLICATION=36157, RATIS=33757, RATIS_ADMIN=33757, RATIS_SERVER=33757, STANDALONE=41369], networkLocation: /default-rack, certSerialId: null, persistedOpState: IN_SERVICE, persistedOpStateExpiryEpochSec: 0}b0a9d56e-b544-41cd-b2b1-b34d126127d5{ip: 10.1.0.11, host: fv-az121-418.xhy4bhhdincepo0av04agjzkjc.cx.internal.cloudapp.net, ports: [REPLICATION=45673, RATIS=34765, RATIS_ADMIN=34765, RATIS_SERVER=34765, STANDALONE=46291], networkLocation: /default-rack, certSerialId: null, persistedOpState: IN_SERVICE, persistedOpStateExpiryEpochSec: 0}, ReplicationConfig: RATIS/THREE, State:ALLOCATED, leaderId:b0a9d56e-b544-41cd-b2b1-b34d126127d5, CreationTimestamp2022-06-15T07:33:54.619Z[Etc/UTC]] moved to OPEN state
2022-06-15 07:34:12,735 [b0a9d56e-b544-41cd-b2b1-b34d126127d5@group-DEDC8EEB63DA-LeaderElection25] INFO  server.RaftServerConfigKeys (ConfUtils.java:logGet(46)) - raft.server.log.appender.snapshot.chunk.size.max = 16MB (=16777216) (default)
2022-06-15 07:34:12,735 [b0a9d56e-b544-41cd-b2b1-b34d126127d5@group-DEDC8EEB63DA-LeaderElection25] INFO  server.RaftServerConfigKeys (ConfUtils.java:logGet(46)) - raft.server.log.appender.buffer.byte-limit = 33554432 (custom)
2022-06-15 07:34:12,735 [b0a9d56e-b544-41cd-b2b1-b34d126127d5@group-DEDC8EEB63DA-LeaderElection25] INFO  server.RaftServerConfigKeys (ConfUtils.java:logGet(46)) - raft.server.log.appender.buffer.element-limit = 1 (custom)
2022-06-15 07:34:12,735 [b0a9d56e-b544-41cd-b2b1-b34d126127d5@group-DEDC8EEB63DA-LeaderElection25] INFO  grpc.GrpcConfigKeys (ConfUtils.java:logGet(46)) - raft.grpc.server.leader.outstanding.appends.max = 128 (default)
2022-06-15 07:34:12,736 [b0a9d56e-b544-41cd-b2b1-b34d126127d5@group-DEDC8EEB63DA-LeaderElection25] INFO  server.RaftServerConfigKeys (ConfUtils.java:logGet(46)) - raft.server.rpc.request.timeout = 3000ms (default)
2022-06-15 07:34:12,736 [b0a9d56e-b544-41cd-b2b1-b34d126127d5@group-DEDC8EEB63DA-LeaderElection25] INFO  server.RaftServerConfigKeys (ConfUtils.java:logGet(46)) - raft.server.log.appender.install.snapshot.enabled = false (custom)
2022-06-15 07:34:12,736 [b0a9d56e-b544-41cd-b2b1-b34d126127d5@group-DEDC8EEB63DA-LeaderElection25] INFO  impl.RoleInfo (RoleInfo.java:updateAndGet(139)) - b0a9d56e-b544-41cd-b2b1-b34d126127d5: start b0a9d56e-b544-41cd-b2b1-b34d126127d5@group-DEDC8EEB63DA-LeaderStateImpl
2022-06-15 07:34:12,737 [b0a9d56e-b544-41cd-b2b1-b34d126127d5@group-DEDC8EEB63DA-LeaderElection25] INFO  segmented.SegmentedRaftLogWorker (SegmentedRaftLogWorker.java:startLogSegment(425)) - b0a9d56e-b544-41cd-b2b1-b34d126127d5@group-DEDC8EEB63DA-SegmentedRaftLogWorker: Starting segment from index:0
2022-06-15 07:34:12,738 [grpc-default-executor-1] INFO  server.RaftServer$Division (RaftServerImpl.java:requestVote(1152)) - 543aeec3-c74a-41c2-8a93-8d529b3aabc8@group-DEDC8EEB63DA: receive requestVote(ELECTION, b0a9d56e-b544-41cd-b2b1-b34d126127d5, group-DEDC8EEB63DA, 3, (t:0, i:0))
2022-06-15 07:34:12,738 [grpc-default-executor-1] INFO  impl.VoteContext (VoteContext.java:log(48)) - 543aeec3-c74a-41c2-8a93-8d529b3aabc8@group-DEDC8EEB63DA-FOLLOWER: accept ELECTION from b0a9d56e-b544-41cd-b2b1-b34d126127d5: our priority 0 <= candidate's priority 1
2022-06-15 07:34:12,738 [grpc-default-executor-1] INFO  server.RaftServer$Division (RaftServerImpl.java:setRole(299)) - 543aeec3-c74a-41c2-8a93-8d529b3aabc8@group-DEDC8EEB63DA: changes role from  FOLLOWER to FOLLOWER at term 3 for candidate:b0a9d56e-b544-41cd-b2b1-b34d126127d5
2022-06-15 07:34:12,738 [grpc-default-executor-1] INFO  impl.RoleInfo (RoleInfo.java:shutdownFollowerState(110)) - 543aeec3-c74a-41c2-8a93-8d529b3aabc8: shutdown 543aeec3-c74a-41c2-8a93-8d529b3aabc8@group-DEDC8EEB63DA-FollowerState
2022-06-15 07:34:12,739 [b0a9d56e-b544-41cd-b2b1-b34d126127d5@group-DEDC8EEB63DA-SegmentedRaftLogWorker] INFO  segmented.SegmentedRaftLogWorker (SegmentedRaftLogWorker.java:execute(629)) - b0a9d56e-b544-41cd-b2b1-b34d126127d5@group-DEDC8EEB63DA-SegmentedRaftLogWorker: created new log segment /home/runner/work/ozone/ozone/hadoop-ozone/integration-test/target/test-dir/MiniOzoneClusterImpl-589494f2-24de-4a8c-8650-9a890bc48d46/datanode-1/data/ratis/6e098c5d-76b7-4aec-8106-dedc8eeb63da/current/log_inprogress_0
2022-06-15 07:34:12,742 [543aeec3-c74a-41c2-8a93-8d529b3aabc8@group-DEDC8EEB63DA-FollowerState] INFO  impl.FollowerState (FollowerState.java:run(152)) - 543aeec3-c74a-41c2-8a93-8d529b3aabc8@group-DEDC8EEB63DA-FollowerState was interrupted
2022-06-15 07:34:12,745 [b0a9d56e-b544-41cd-b2b1-b34d126127d5@group-DEDC8EEB63DA-LeaderElection25] INFO  server.RaftServer$Division (ServerState.java:setRaftConf(393)) - b0a9d56e-b544-41cd-b2b1-b34d126127d5@group-DEDC8EEB63DA: set configuration 0: [b0a9d56e-b544-41cd-b2b1-b34d126127d5|rpc:10.1.0.11:34765|dataStream:|priority:1, 657a5ecd-0fe1-496e-aa3e-85dbaec35512|rpc:10.1.0.11:33757|dataStream:|priority:0, 543aeec3-c74a-41c2-8a93-8d529b3aabc8|rpc:10.1.0.11:41193|dataStream:|priority:0], old=null
2022-06-15 07:34:12,745 [grpc-default-executor-1] INFO  impl.RoleInfo (RoleInfo.java:updateAndGet(139)) - 543aeec3-c74a-41c2-8a93-8d529b3aabc8: start 543aeec3-c74a-41c2-8a93-8d529b3aabc8@group-DEDC8EEB63DA-FollowerState
2022-06-15 07:34:12,755 [grpc-default-executor-1] INFO  server.RaftServer$Division (RaftServerImpl.java:requestVote(1184)) - 543aeec3-c74a-41c2-8a93-8d529b3aabc8@group-DEDC8EEB63DA replies to ELECTION vote request: b0a9d56e-b544-41cd-b2b1-b34d126127d5<-543aeec3-c74a-41c2-8a93-8d529b3aabc8#0:OK-t3. Peer's state: 543aeec3-c74a-41c2-8a93-8d529b3aabc8@group-DEDC8EEB63DA:t3, leader=null, voted=b0a9d56e-b544-41cd-b2b1-b34d126127d5, raftlog=543aeec3-c74a-41c2-8a93-8d529b3aabc8@group-DEDC8EEB63DA-SegmentedRaftLog:OPENED:c-1, conf=-1: [b0a9d56e-b544-41cd-b2b1-b34d126127d5|rpc:10.1.0.11:34765|priority:1, 657a5ecd-0fe1-496e-aa3e-85dbaec35512|rpc:10.1.0.11:33757|priority:0, 543aeec3-c74a-41c2-8a93-8d529b3aabc8|rpc:10.1.0.11:41193|priority:0], old=null
2022-06-15 07:34:12,757 [b0a9d56e-b544-41cd-b2b1-b34d126127d5@group-DEDC8EEB63DA-StateMachineUpdater] INFO  ratis.ContainerStateMachine (ContainerStateMachine.java:takeSnapshot(304)) - group-DEDC8EEB63DA: Taking a snapshot at:(t:3, i:0) file /home/runner/work/ozone/ozone/hadoop-ozone/integration-test/target/test-dir/MiniOzoneClusterImpl-589494f2-24de-4a8c-8650-9a890bc48d46/datanode-1/data/ratis/6e098c5d-76b7-4aec-8106-dedc8eeb63da/sm/snapshot.3_0
2022-06-15 07:34:12,758 [b0a9d56e-b544-41cd-b2b1-b34d126127d5@group-DEDC8EEB63DA-StateMachineUpdater] INFO  ratis.ContainerStateMachine (ContainerStateMachine.java:takeSnapshot(315)) - group-DEDC8EEB63DA: Finished taking a snapshot at:(t:3, i:0) file:/home/runner/work/ozone/ozone/hadoop-ozone/integration-test/target/test-dir/MiniOzoneClusterImpl-589494f2-24de-4a8c-8650-9a890bc48d46/datanode-1/data/ratis/6e098c5d-76b7-4aec-8106-dedc8eeb63da/sm/snapshot.3_0 took: 0 ms
2022-06-15 07:34:12,758 [b0a9d56e-b544-41cd-b2b1-b34d126127d5@group-DEDC8EEB63DA-StateMachineUpdater] INFO  impl.StateMachineUpdater (StateMachineUpdater.java:takeSnapshot(287)) - b0a9d56e-b544-41cd-b2b1-b34d126127d5@group-DEDC8EEB63DA-StateMachineUpdater: Took a snapshot at index 0
2022-06-15 07:34:12,758 [b0a9d56e-b544-41cd-b2b1-b34d126127d5@group-DEDC8EEB63DA-StateMachineUpdater] INFO  impl.StateMachineUpdater (StateMachineUpdater.java:lambda$new$0(92)) - b0a9d56e-b544-41cd-b2b1-b34d126127d5@group-DEDC8EEB63DA-StateMachineUpdater: snapshotIndex: updateIncreasingly -1 -> 0
2022-06-15 07:34:12,759 [543aeec3-c74a-41c2-8a93-8d529b3aabc8-server-thread1] INFO  ratis.XceiverServerRatis (XceiverServerRatis.java:handleLeaderChangedNotification(863)) - Leader change notification received for group: group-DEDC8EEB63DA with new leaderId: b0a9d56e-b544-41cd-b2b1-b34d126127d5
2022-06-15 07:34:12,761 [543aeec3-c74a-41c2-8a93-8d529b3aabc8-server-thread1] INFO  server.RaftServer$Division (ServerState.java:setLeader(287)) - 543aeec3-c74a-41c2-8a93-8d529b3aabc8@group-DEDC8EEB63DA: change Leader from null to b0a9d56e-b544-41cd-b2b1-b34d126127d5 at term 3 for appendEntries, leader elected after 15189ms
2022-06-15 07:34:12,763 [657a5ecd-0fe1-496e-aa3e-85dbaec35512-server-thread1] INFO  ratis.XceiverServerRatis (XceiverServerRatis.java:handleLeaderChangedNotification(863)) - Leader change notification received for group: group-DEDC8EEB63DA with new leaderId: b0a9d56e-b544-41cd-b2b1-b34d126127d5
2022-06-15 07:34:12,763 [657a5ecd-0fe1-496e-aa3e-85dbaec35512-server-thread1] INFO  server.RaftServer$Division (ServerState.java:setLeader(287)) - 657a5ecd-0fe1-496e-aa3e-85dbaec35512@group-DEDC8EEB63DA: change Leader from null to b0a9d56e-b544-41cd-b2b1-b34d126127d5 at term 3 for appendEntries, leader elected after 15117ms
2022-06-15 07:34:12,766 [543aeec3-c74a-41c2-8a93-8d529b3aabc8-server-thread1] INFO  server.RaftServer$Division (ServerState.java:setRaftConf(393)) - 543aeec3-c74a-41c2-8a93-8d529b3aabc8@group-DEDC8EEB63DA: set configuration 0: [b0a9d56e-b544-41cd-b2b1-b34d126127d5|rpc:10.1.0.11:34765|dataStream:|priority:1, 657a5ecd-0fe1-496e-aa3e-85dbaec35512|rpc:10.1.0.11:33757|dataStream:|priority:0, 543aeec3-c74a-41c2-8a93-8d529b3aabc8|rpc:10.1.0.11:41193|dataStream:|priority:0], old=null
2022-06-15 07:34:12,767 [543aeec3-c74a-41c2-8a93-8d529b3aabc8-server-thread1] INFO  segmented.SegmentedRaftLogWorker (SegmentedRaftLogWorker.java:startLogSegment(425)) - 543aeec3-c74a-41c2-8a93-8d529b3aabc8@group-DEDC8EEB63DA-SegmentedRaftLogWorker: Starting segment from index:0
2022-06-15 07:34:12,770 [657a5ecd-0fe1-496e-aa3e-85dbaec35512-server-thread1] INFO  server.RaftServer$Division (ServerState.java:setRaftConf(393)) - 657a5ecd-0fe1-496e-aa3e-85dbaec35512@group-DEDC8EEB63DA: set configuration 0: [b0a9d56e-b544-41cd-b2b1-b34d126127d5|rpc:10.1.0.11:34765|dataStream:|priority:1, 657a5ecd-0fe1-496e-aa3e-85dbaec35512|rpc:10.1.0.11:33757|dataStream:|priority:0, 543aeec3-c74a-41c2-8a93-8d529b3aabc8|rpc:10.1.0.11:41193|dataStream:|priority:0], old=null
2022-06-15 07:34:12,770 [657a5ecd-0fe1-496e-aa3e-85dbaec35512-server-thread1] INFO  segmented.SegmentedRaftLogWorker (SegmentedRaftLogWorker.java:startLogSegment(425)) - 657a5ecd-0fe1-496e-aa3e-85dbaec35512@group-DEDC8EEB63DA-SegmentedRaftLogWorker: Starting segment from index:0
2022-06-15 07:34:12,770 [543aeec3-c74a-41c2-8a93-8d529b3aabc8@group-DEDC8EEB63DA-SegmentedRaftLogWorker] INFO  segmented.SegmentedRaftLogWorker (SegmentedRaftLogWorker.java:execute(629)) - 543aeec3-c74a-41c2-8a93-8d529b3aabc8@group-DEDC8EEB63DA-SegmentedRaftLogWorker: created new log segment /home/runner/work/ozone/ozone/hadoop-ozone/integration-test/target/test-dir/MiniOzoneClusterImpl-589494f2-24de-4a8c-8650-9a890bc48d46/datanode-0/data/ratis/6e098c5d-76b7-4aec-8106-dedc8eeb63da/current/log_inprogress_0
2022-06-15 07:34:12,772 [543aeec3-c74a-41c2-8a93-8d529b3aabc8@group-DEDC8EEB63DA-StateMachineUpdater] INFO  ratis.ContainerStateMachine (ContainerStateMachine.java:takeSnapshot(304)) - group-DEDC8EEB63DA: Taking a snapshot at:(t:3, i:0) file /home/runner/work/ozone/ozone/hadoop-ozone/integration-test/target/test-dir/MiniOzoneClusterImpl-589494f2-24de-4a8c-8650-9a890bc48d46/datanode-0/data/ratis/6e098c5d-76b7-4aec-8106-dedc8eeb63da/sm/snapshot.3_0
2022-06-15 07:34:12,774 [543aeec3-c74a-41c2-8a93-8d529b3aabc8@group-DEDC8EEB63DA-StateMachineUpdater] INFO  ratis.ContainerStateMachine (ContainerStateMachine.java:takeSnapshot(315)) - group-DEDC8EEB63DA: Finished taking a snapshot at:(t:3, i:0) file:/home/runner/work/ozone/ozone/hadoop-ozone/integration-test/target/test-dir/MiniOzoneClusterImpl-589494f2-24de-4a8c-8650-9a890bc48d46/datanode-0/data/ratis/6e098c5d-76b7-4aec-8106-dedc8eeb63da/sm/snapshot.3_0 took: 3 ms
2022-06-15 07:34:12,775 [543aeec3-c74a-41c2-8a93-8d529b3aabc8@group-DEDC8EEB63DA-StateMachineUpdater] INFO  impl.StateMachineUpdater (StateMachineUpdater.java:takeSnapshot(287)) - 543aeec3-c74a-41c2-8a93-8d529b3aabc8@group-DEDC8EEB63DA-StateMachineUpdater: Took a snapshot at index 0
2022-06-15 07:34:12,775 [543aeec3-c74a-41c2-8a93-8d529b3aabc8@group-DEDC8EEB63DA-StateMachineUpdater] INFO  impl.StateMachineUpdater (StateMachineUpdater.java:lambda$new$0(92)) - 543aeec3-c74a-41c2-8a93-8d529b3aabc8@group-DEDC8EEB63DA-StateMachineUpdater: snapshotIndex: updateIncreasingly -1 -> 0
2022-06-15 07:34:12,775 [657a5ecd-0fe1-496e-aa3e-85dbaec35512@group-DEDC8EEB63DA-SegmentedRaftLogWorker] INFO  segmented.SegmentedRaftLogWorker (SegmentedRaftLogWorker.java:execute(629)) - 657a5ecd-0fe1-496e-aa3e-85dbaec35512@group-DEDC8EEB63DA-SegmentedRaftLogWorker: created new log segment /home/runner/work/ozone/ozone/hadoop-ozone/integration-test/target/test-dir/MiniOzoneClusterImpl-589494f2-24de-4a8c-8650-9a890bc48d46/datanode-2/data/ratis/6e098c5d-76b7-4aec-8106-dedc8eeb63da/current/log_inprogress_0
2022-06-15 07:34:12,778 [EventQueue-PipelineReportForPipelineReportHandler] INFO  pipeline.PipelineReportHandler (PipelineReportHandler.java:processPipelineReport(113)) - Reported pipeline PipelineID=83aa0ae5-c647-4842-ba01-114df2e904af is not found
2022-06-15 07:34:12,789 [657a5ecd-0fe1-496e-aa3e-85dbaec35512@group-DEDC8EEB63DA-StateMachineUpdater] INFO  ratis.ContainerStateMachine (ContainerStateMachine.java:takeSnapshot(304)) - group-DEDC8EEB63DA: Taking a snapshot at:(t:3, i:0) file /home/runner/work/ozone/ozone/hadoop-ozone/integration-test/target/test-dir/MiniOzoneClusterImpl-589494f2-24de-4a8c-8650-9a890bc48d46/datanode-2/data/ratis/6e098c5d-76b7-4aec-8106-dedc8eeb63da/sm/snapshot.3_0
2022-06-15 07:34:12,791 [657a5ecd-0fe1-496e-aa3e-85dbaec35512@group-DEDC8EEB63DA-StateMachineUpdater] INFO  ratis.ContainerStateMachine (ContainerStateMachine.java:takeSnapshot(315)) - group-DEDC8EEB63DA: Finished taking a snapshot at:(t:3, i:0) file:/home/runner/work/ozone/ozone/hadoop-ozone/integration-test/target/test-dir/MiniOzoneClusterImpl-589494f2-24de-4a8c-8650-9a890bc48d46/datanode-2/data/ratis/6e098c5d-76b7-4aec-8106-dedc8eeb63da/sm/snapshot.3_0 took: 2 ms
2022-06-15 07:34:12,791 [657a5ecd-0fe1-496e-aa3e-85dbaec35512@group-DEDC8EEB63DA-StateMachineUpdater] INFO  impl.StateMachineUpdater (StateMachineUpdater.java:takeSnapshot(287)) - 657a5ecd-0fe1-496e-aa3e-85dbaec35512@group-DEDC8EEB63DA-StateMachineUpdater: Took a snapshot at index 0
2022-06-15 07:34:12,791 [657a5ecd-0fe1-496e-aa3e-85dbaec35512@group-DEDC8EEB63DA-StateMachineUpdater] INFO  impl.StateMachineUpdater (StateMachineUpdater.java:lambda$new$0(92)) - 657a5ecd-0fe1-496e-aa3e-85dbaec35512@group-DEDC8EEB63DA-StateMachineUpdater: snapshotIndex: updateIncreasingly -1 -> 0
2022-06-15 07:34:13,072 [EventQueue-PipelineReportForPipelineReportHandler] INFO  pipeline.PipelineReportHandler (PipelineReportHandler.java:processPipelineReport(113)) - Reported pipeline PipelineID=83aa0ae5-c647-4842-ba01-114df2e904af is not found
2022-06-15 07:34:13,132 [EventQueue-PipelineReportForPipelineReportHandler] INFO  pipeline.PipelineReportHandler (PipelineReportHandler.java:processPipelineReport(113)) - Reported pipeline PipelineID=83aa0ae5-c647-4842-ba01-114df2e904af is not found
2022-06-15 07:34:13,177 [EventQueue-PipelineReportForPipelineReportHandler] INFO  pipeline.PipelineReportHandler (PipelineReportHandler.java:processPipelineReport(113)) - Reported pipeline PipelineID=83aa0ae5-c647-4842-ba01-114df2e904af is not found
2022-06-15 07:34:13,272 [EventQueue-PipelineReportForPipelineReportHandler] INFO  pipeline.PipelineReportHandler (PipelineReportHandler.java:processPipelineReport(113)) - Reported pipeline PipelineID=83aa0ae5-c647-4842-ba01-114df2e904af is not found
2022-06-15 07:34:13,281 [b4f5d82c-04a6-4c81-89bd-99aee48f7148@group-61C79976014F-FollowerState] INFO  impl.FollowerState (FollowerState.java:run(143)) - b4f5d82c-04a6-4c81-89bd-99aee48f7148@group-61C79976014F-FollowerState: change to CANDIDATE, lastRpcElapsedTime:5046980724ns, electionTimeout:5041ms
2022-06-15 07:34:13,282 [b4f5d82c-04a6-4c81-89bd-99aee48f7148@group-61C79976014F-FollowerState] INFO  impl.RoleInfo (RoleInfo.java:shutdownFollowerState(110)) - b4f5d82c-04a6-4c81-89bd-99aee48f7148: shutdown b4f5d82c-04a6-4c81-89bd-99aee48f7148@group-61C79976014F-FollowerState
2022-06-15 07:34:13,282 [b4f5d82c-04a6-4c81-89bd-99aee48f7148@group-61C79976014F-FollowerState] INFO  server.RaftServer$Division (RaftServerImpl.java:setRole(299)) - b4f5d82c-04a6-4c81-89bd-99aee48f7148@group-61C79976014F: changes role from  FOLLOWER to CANDIDATE at term 2 for changeToCandidate
2022-06-15 07:34:13,282 [b4f5d82c-04a6-4c81-89bd-99aee48f7148@group-61C79976014F-FollowerState] INFO  server.RaftServerConfigKeys (ConfUtils.java:logGet(46)) - raft.server.leaderelection.pre-vote = false (custom)
2022-06-15 07:34:13,282 [b4f5d82c-04a6-4c81-89bd-99aee48f7148@group-61C79976014F-FollowerState] INFO  impl.RoleInfo (RoleInfo.java:updateAndGet(139)) - b4f5d82c-04a6-4c81-89bd-99aee48f7148: start b4f5d82c-04a6-4c81-89bd-99aee48f7148@group-61C79976014F-LeaderElection26
2022-06-15 07:34:13,284 [b4f5d82c-04a6-4c81-89bd-99aee48f7148@group-61C79976014F-LeaderElection26] INFO  impl.LeaderElection (LeaderElection.java:askForVotes(310)) - b4f5d82c-04a6-4c81-89bd-99aee48f7148@group-61C79976014F-LeaderElection26 ELECTION round 0: submit vote requests at term 3 for -1: [e547bcb9-eced-475a-8c61-963b1a05d208|rpc:10.1.0.11:40217|dataStream:|priority:0, b4f5d82c-04a6-4c81-89bd-99aee48f7148|rpc:10.1.0.11:43229|dataStream:|priority:1, 7bb1eb80-c113-41fd-8e62-543e67410fa1|rpc:10.1.0.11:37245|dataStream:|priority:0], old=null
2022-06-15 07:34:13,292 [grpc-default-executor-2] INFO  server.RaftServer$Division (RaftServerImpl.java:requestVote(1152)) - e547bcb9-eced-475a-8c61-963b1a05d208@group-61C79976014F: receive requestVote(ELECTION, b4f5d82c-04a6-4c81-89bd-99aee48f7148, group-61C79976014F, 3, (t:0, i:0))
2022-06-15 07:34:13,293 [grpc-default-executor-2] INFO  impl.VoteContext (VoteContext.java:log(48)) - e547bcb9-eced-475a-8c61-963b1a05d208@group-61C79976014F-FOLLOWER: accept ELECTION from b4f5d82c-04a6-4c81-89bd-99aee48f7148: our priority 0 <= candidate's priority 1
2022-06-15 07:34:13,293 [grpc-default-executor-2] INFO  server.RaftServer$Division (RaftServerImpl.java:setRole(299)) - e547bcb9-eced-475a-8c61-963b1a05d208@group-61C79976014F: changes role from  FOLLOWER to FOLLOWER at term 3 for candidate:b4f5d82c-04a6-4c81-89bd-99aee48f7148
2022-06-15 07:34:13,293 [grpc-default-executor-2] INFO  impl.RoleInfo (RoleInfo.java:shutdownFollowerState(110)) - e547bcb9-eced-475a-8c61-963b1a05d208: shutdown e547bcb9-eced-475a-8c61-963b1a05d208@group-61C79976014F-FollowerState
2022-06-15 07:34:13,293 [grpc-default-executor-2] INFO  impl.RoleInfo (RoleInfo.java:updateAndGet(139)) - e547bcb9-eced-475a-8c61-963b1a05d208: start e547bcb9-eced-475a-8c61-963b1a05d208@group-61C79976014F-FollowerState
2022-06-15 07:34:13,293 [e547bcb9-eced-475a-8c61-963b1a05d208@group-61C79976014F-FollowerState] INFO  impl.FollowerState (FollowerState.java:run(152)) - e547bcb9-eced-475a-8c61-963b1a05d208@group-61C79976014F-FollowerState was interrupted
2022-06-15 07:34:13,300 [grpc-default-executor-2] INFO  server.RaftServer$Division (RaftServerImpl.java:requestVote(1184)) - e547bcb9-eced-475a-8c61-963b1a05d208@group-61C79976014F replies to ELECTION vote request: b4f5d82c-04a6-4c81-89bd-99aee48f7148<-e547bcb9-eced-475a-8c61-963b1a05d208#0:OK-t3. Peer's state: e547bcb9-eced-475a-8c61-963b1a05d208@group-61C79976014F:t3, leader=null, voted=b4f5d82c-04a6-4c81-89bd-99aee48f7148, raftlog=e547bcb9-eced-475a-8c61-963b1a05d208@group-61C79976014F-SegmentedRaftLog:OPENED:c-1, conf=-1: [e547bcb9-eced-475a-8c61-963b1a05d208|rpc:10.1.0.11:40217|priority:0, b4f5d82c-04a6-4c81-89bd-99aee48f7148|rpc:10.1.0.11:43229|priority:1, 7bb1eb80-c113-41fd-8e62-543e67410fa1|rpc:10.1.0.11:37245|priority:0], old=null
2022-06-15 07:34:13,301 [b4f5d82c-04a6-4c81-89bd-99aee48f7148@group-61C79976014F-LeaderElection26] INFO  impl.LeaderElection (LeaderElection.java:logAndReturn(90)) - b4f5d82c-04a6-4c81-89bd-99aee48f7148@group-61C79976014F-LeaderElection26: ELECTION PASSED received 1 response(s) and 0 exception(s):
2022-06-15 07:34:13,301 [b4f5d82c-04a6-4c81-89bd-99aee48f7148@group-61C79976014F-LeaderElection26] INFO  impl.LeaderElection (LeaderElection.java:logAndReturn(94)) -   Response 0: b4f5d82c-04a6-4c81-89bd-99aee48f7148<-e547bcb9-eced-475a-8c61-963b1a05d208#0:OK-t3
2022-06-15 07:34:13,302 [b4f5d82c-04a6-4c81-89bd-99aee48f7148@group-61C79976014F-LeaderElection26] INFO  impl.LeaderElection (LeaderElection.java:askForVotes(312)) - b4f5d82c-04a6-4c81-89bd-99aee48f7148@group-61C79976014F-LeaderElection26 ELECTION round 0: result PASSED
2022-06-15 07:34:13,302 [b4f5d82c-04a6-4c81-89bd-99aee48f7148@group-61C79976014F-LeaderElection26] INFO  impl.RoleInfo (RoleInfo.java:shutdownLeaderElection(130)) - b4f5d82c-04a6-4c81-89bd-99aee48f7148: shutdown b4f5d82c-04a6-4c81-89bd-99aee48f7148@group-61C79976014F-LeaderElection26
2022-06-15 07:34:13,302 [b4f5d82c-04a6-4c81-89bd-99aee48f7148@group-61C79976014F-LeaderElection26] INFO  server.RaftServer$Division (RaftServerImpl.java:setRole(299)) - b4f5d82c-04a6-4c81-89bd-99aee48f7148@group-61C79976014F: changes role from CANDIDATE to LEADER at term 3 for changeToLeader
2022-06-15 07:34:13,302 [b4f5d82c-04a6-4c81-89bd-99aee48f7148@group-61C79976014F-LeaderElection26] INFO  ratis.XceiverServerRatis (XceiverServerRatis.java:handleLeaderChangedNotification(863)) - Leader change notification received for group: group-61C79976014F with new leaderId: b4f5d82c-04a6-4c81-89bd-99aee48f7148
2022-06-15 07:34:13,303 [b4f5d82c-04a6-4c81-89bd-99aee48f7148@group-61C79976014F-LeaderElection26] INFO  server.RaftServer$Division (ServerState.java:setLeader(287)) - b4f5d82c-04a6-4c81-89bd-99aee48f7148@group-61C79976014F: change Leader from null to b4f5d82c-04a6-4c81-89bd-99aee48f7148 at term 3 for becomeLeader, leader elected after 15194ms
2022-06-15 07:34:13,303 [EventQueue-PipelineReportForPipelineReportHandler] INFO  pipeline.PipelineManagerImpl (PipelineManagerImpl.java:openPipeline(356)) - Pipeline Pipeline[ Id: 4a922a5f-5b4b-4c8b-80dd-61c79976014f, Nodes: b4f5d82c-04a6-4c81-89bd-99aee48f7148{ip: 10.1.0.11, host: fv-az121-418.xhy4bhhdincepo0av04agjzkjc.cx.internal.cloudapp.net, ports: [REPLICATION=36423, RATIS=43229, RATIS_ADMIN=43229, RATIS_SERVER=43229, STANDALONE=35685], networkLocation: /default-rack, certSerialId: null, persistedOpState: IN_SERVICE, persistedOpStateExpiryEpochSec: 0}e547bcb9-eced-475a-8c61-963b1a05d208{ip: 10.1.0.11, host: fv-az121-418.xhy4bhhdincepo0av04agjzkjc.cx.internal.cloudapp.net, ports: [REPLICATION=38917, RATIS=40217, RATIS_ADMIN=40217, RATIS_SERVER=40217, STANDALONE=39049], networkLocation: /default-rack, certSerialId: null, persistedOpState: IN_SERVICE, persistedOpStateExpiryEpochSec: 0}7bb1eb80-c113-41fd-8e62-543e67410fa1{ip: 10.1.0.11, host: fv-az121-418.xhy4bhhdincepo0av04agjzkjc.cx.internal.cloudapp.net, ports: [REPLICATION=40617, RATIS=37245, RATIS_ADMIN=37245, RATIS_SERVER=37245, STANDALONE=41679], networkLocation: /default-rack, certSerialId: null, persistedOpState: IN_SERVICE, persistedOpStateExpiryEpochSec: 0}, ReplicationConfig: RATIS/THREE, State:ALLOCATED, leaderId:b4f5d82c-04a6-4c81-89bd-99aee48f7148, CreationTimestamp2022-06-15T07:33:55.534Z[Etc/UTC]] moved to OPEN state
2022-06-15 07:34:13,304 [b4f5d82c-04a6-4c81-89bd-99aee48f7148@group-61C79976014F-LeaderElection26] INFO  server.RaftServerConfigKeys (ConfUtils.java:logGet(46)) - raft.server.staging.catchup.gap = 1000 (default)
2022-06-15 07:34:13,305 [b4f5d82c-04a6-4c81-89bd-99aee48f7148@group-61C79976014F-LeaderElection26] INFO  server.RaftServerConfigKeys (ConfUtils.java:logGet(46)) - raft.server.write.element-limit = 1024 (custom)
2022-06-15 07:34:13,305 [b4f5d82c-04a6-4c81-89bd-99aee48f7148@group-61C79976014F-LeaderElection26] INFO  server.RaftServerConfigKeys (ConfUtils.java:logGet(46)) - raft.server.write.byte-limit = 1024 M (=1073741824) (custom)
2022-06-15 07:34:13,305 [b4f5d82c-04a6-4c81-89bd-99aee48f7148@group-61C79976014F-LeaderElection26] INFO  server.RaftServerConfigKeys (ConfUtils.java:logGet(46)) - raft.server.watch.timeout = 10000ms (default)
2022-06-15 07:34:13,305 [b4f5d82c-04a6-4c81-89bd-99aee48f7148@group-61C79976014F-LeaderElection26] INFO  server.RaftServerConfigKeys (ConfUtils.java:logGet(46)) - raft.server.watch.timeout.denomination = 1s (default)
2022-06-15 07:34:13,305 [b4f5d82c-04a6-4c81-89bd-99aee48f7148@group-61C79976014F-LeaderElection26] INFO  server.RaftServerConfigKeys (ConfUtils.java:logGet(46)) - raft.server.watch.element-limit = 65536 (default)
2022-06-15 07:34:13,305 [b4f5d82c-04a6-4c81-89bd-99aee48f7148@group-61C79976014F-LeaderElection26] INFO  server.RaftServerConfigKeys (ConfUtils.java:logGet(46)) - raft.server.write.element-limit = 1024 (custom)
2022-06-15 07:34:13,305 [b4f5d82c-04a6-4c81-89bd-99aee48f7148@group-61C79976014F-LeaderElection26] INFO  server.RaftServerConfigKeys (ConfUtils.java:logGet(46)) - raft.server.write.follower.gap.ratio.max = -1.0 (default)
2022-06-15 07:34:13,305 [b4f5d82c-04a6-4c81-89bd-99aee48f7148@group-61C79976014F-LeaderElection26] INFO  server.RaftServerConfigKeys (ConfUtils.java:logGet(46)) - raft.server.log.appender.snapshot.chunk.size.max = 16MB (=16777216) (default)
2022-06-15 07:34:13,306 [b4f5d82c-04a6-4c81-89bd-99aee48f7148@group-61C79976014F-LeaderElection26] INFO  server.RaftServerConfigKeys (ConfUtils.java:logGet(46)) - raft.server.log.appender.buffer.byte-limit = 33554432 (custom)
2022-06-15 07:34:13,306 [b4f5d82c-04a6-4c81-89bd-99aee48f7148@group-61C79976014F-LeaderElection26] INFO  server.RaftServerConfigKeys (ConfUtils.java:logGet(46)) - raft.server.log.appender.buffer.element-limit = 1 (custom)
2022-06-15 07:34:13,306 [b4f5d82c-04a6-4c81-89bd-99aee48f7148@group-61C79976014F-LeaderElection26] INFO  grpc.GrpcConfigKeys (ConfUtils.java:logGet(46)) - raft.grpc.server.leader.outstanding.appends.max = 128 (default)
2022-06-15 07:34:13,306 [b4f5d82c-04a6-4c81-89bd-99aee48f7148@group-61C79976014F-LeaderElection26] INFO  server.RaftServerConfigKeys (ConfUtils.java:logGet(46)) - raft.server.rpc.request.timeout = 3000ms (default)
2022-06-15 07:34:13,306 [b4f5d82c-04a6-4c81-89bd-99aee48f7148@group-61C79976014F-LeaderElection26] INFO  server.RaftServerConfigKeys (ConfUtils.java:logGet(46)) - raft.server.log.appender.install.snapshot.enabled = false (custom)
2022-06-15 07:34:13,307 [b4f5d82c-04a6-4c81-89bd-99aee48f7148@group-61C79976014F-LeaderElection26] INFO  server.RaftServerConfigKeys (ConfUtils.java:logGet(46)) - raft.server.log.appender.snapshot.chunk.size.max = 16MB (=16777216) (default)
2022-06-15 07:34:13,307 [b4f5d82c-04a6-4c81-89bd-99aee48f7148@group-61C79976014F-LeaderElection26] INFO  server.RaftServerConfigKeys (ConfUtils.java:logGet(46)) - raft.server.log.appender.buffer.byte-limit = 33554432 (custom)
2022-06-15 07:34:13,307 [b4f5d82c-04a6-4c81-89bd-99aee48f7148@group-61C79976014F-LeaderElection26] INFO  server.RaftServerConfigKeys (ConfUtils.java:logGet(46)) - raft.server.log.appender.buffer.element-limit = 1 (custom)
2022-06-15 07:34:13,307 [b4f5d82c-04a6-4c81-89bd-99aee48f7148@group-61C79976014F-LeaderElection26] INFO  grpc.GrpcConfigKeys (ConfUtils.java:logGet(46)) - raft.grpc.server.leader.outstanding.appends.max = 128 (default)
2022-06-15 07:34:13,307 [b4f5d82c-04a6-4c81-89bd-99aee48f7148@group-61C79976014F-LeaderElection26] INFO  server.RaftServerConfigKeys (ConfUtils.java:logGet(46)) - raft.server.rpc.request.timeout = 3000ms (default)
2022-06-15 07:34:13,308 [b4f5d82c-04a6-4c81-89bd-99aee48f7148@group-61C79976014F-LeaderElection26] INFO  server.RaftServerConfigKeys (ConfUtils.java:logGet(46)) - raft.server.log.appender.install.snapshot.enabled = false (custom)
2022-06-15 07:34:13,308 [grpc-default-executor-2] INFO  server.RaftServer$Division (RaftServerImpl.java:requestVote(1152)) - 7bb1eb80-c113-41fd-8e62-543e67410fa1@group-61C79976014F: receive requestVote(ELECTION, b4f5d82c-04a6-4c81-89bd-99aee48f7148, group-61C79976014F, 3, (t:0, i:0))
2022-06-15 07:34:13,308 [grpc-default-executor-2] INFO  impl.VoteContext (VoteContext.java:log(48)) - 7bb1eb80-c113-41fd-8e62-543e67410fa1@group-61C79976014F-FOLLOWER: accept ELECTION from b4f5d82c-04a6-4c81-89bd-99aee48f7148: our priority 0 <= candidate's priority 1
2022-06-15 07:34:13,308 [grpc-default-executor-2] INFO  server.RaftServer$Division (RaftServerImpl.java:setRole(299)) - 7bb1eb80-c113-41fd-8e62-543e67410fa1@group-61C79976014F: changes role from  FOLLOWER to FOLLOWER at term 3 for candidate:b4f5d82c-04a6-4c81-89bd-99aee48f7148
2022-06-15 07:34:13,309 [grpc-default-executor-2] INFO  impl.RoleInfo (RoleInfo.java:shutdownFollowerState(110)) - 7bb1eb80-c113-41fd-8e62-543e67410fa1: shutdown 7bb1eb80-c113-41fd-8e62-543e67410fa1@group-61C79976014F-FollowerState
2022-06-15 07:34:13,309 [grpc-default-executor-2] INFO  impl.RoleInfo (RoleInfo.java:updateAndGet(139)) - 7bb1eb80-c113-41fd-8e62-543e67410fa1: start 7bb1eb80-c113-41fd-8e62-543e67410fa1@group-61C79976014F-FollowerState
2022-06-15 07:34:13,309 [7bb1eb80-c113-41fd-8e62-543e67410fa1@group-61C79976014F-FollowerState] INFO  impl.FollowerState (FollowerState.java:run(152)) - 7bb1eb80-c113-41fd-8e62-543e67410fa1@group-61C79976014F-FollowerState was interrupted
2022-06-15 07:34:13,309 [b4f5d82c-04a6-4c81-89bd-99aee48f7148@group-61C79976014F-LeaderElection26] INFO  impl.RoleInfo (RoleInfo.java:updateAndGet(139)) - b4f5d82c-04a6-4c81-89bd-99aee48f7148: start b4f5d82c-04a6-4c81-89bd-99aee48f7148@group-61C79976014F-LeaderStateImpl
2022-06-15 07:34:13,309 [b4f5d82c-04a6-4c81-89bd-99aee48f7148@group-61C79976014F-LeaderElection26] INFO  segmented.SegmentedRaftLogWorker (SegmentedRaftLogWorker.java:startLogSegment(425)) - b4f5d82c-04a6-4c81-89bd-99aee48f7148@group-61C79976014F-SegmentedRaftLogWorker: Starting segment from index:0
2022-06-15 07:34:13,315 [grpc-default-executor-2] INFO  server.RaftServer$Division (RaftServerImpl.java:requestVote(1184)) - 7bb1eb80-c113-41fd-8e62-543e67410fa1@group-61C79976014F replies to ELECTION vote request: b4f5d82c-04a6-4c81-89bd-99aee48f7148<-7bb1eb80-c113-41fd-8e62-543e67410fa1#0:OK-t3. Peer's state: 7bb1eb80-c113-41fd-8e62-543e67410fa1@group-61C79976014F:t3, leader=null, voted=b4f5d82c-04a6-4c81-89bd-99aee48f7148, raftlog=7bb1eb80-c113-41fd-8e62-543e67410fa1@group-61C79976014F-SegmentedRaftLog:OPENED:c-1, conf=-1: [e547bcb9-eced-475a-8c61-963b1a05d208|rpc:10.1.0.11:40217|dataStream:|priority:0, b4f5d82c-04a6-4c81-89bd-99aee48f7148|rpc:10.1.0.11:43229|dataStream:|priority:1, 7bb1eb80-c113-41fd-8e62-543e67410fa1|rpc:10.1.0.11:37245|dataStream:|priority:0], old=null
2022-06-15 07:34:13,315 [b4f5d82c-04a6-4c81-89bd-99aee48f7148@group-61C79976014F-SegmentedRaftLogWorker] INFO  segmented.SegmentedRaftLogWorker (SegmentedRaftLogWorker.java:execute(629)) - b4f5d82c-04a6-4c81-89bd-99aee48f7148@group-61C79976014F-SegmentedRaftLogWorker: created new log segment /home/runner/work/ozone/ozone/hadoop-ozone/integration-test/target/test-dir/MiniOzoneClusterImpl-589494f2-24de-4a8c-8650-9a890bc48d46/datanode-5/data/ratis/4a922a5f-5b4b-4c8b-80dd-61c79976014f/current/log_inprogress_0
2022-06-15 07:34:13,318 [b4f5d82c-04a6-4c81-89bd-99aee48f7148@group-61C79976014F-LeaderElection26] INFO  server.RaftServer$Division (ServerState.java:setRaftConf(393)) - b4f5d82c-04a6-4c81-89bd-99aee48f7148@group-61C79976014F: set configuration 0: [e547bcb9-eced-475a-8c61-963b1a05d208|rpc:10.1.0.11:40217|dataStream:|priority:0, b4f5d82c-04a6-4c81-89bd-99aee48f7148|rpc:10.1.0.11:43229|dataStream:|priority:1, 7bb1eb80-c113-41fd-8e62-543e67410fa1|rpc:10.1.0.11:37245|dataStream:|priority:0], old=null
2022-06-15 07:34:13,324 [b4f5d82c-04a6-4c81-89bd-99aee48f7148@group-61C79976014F-StateMachineUpdater] INFO  ratis.ContainerStateMachine (ContainerStateMachine.java:takeSnapshot(304)) - group-61C79976014F: Taking a snapshot at:(t:3, i:0) file /home/runner/work/ozone/ozone/hadoop-ozone/integration-test/target/test-dir/MiniOzoneClusterImpl-589494f2-24de-4a8c-8650-9a890bc48d46/datanode-5/data/ratis/4a922a5f-5b4b-4c8b-80dd-61c79976014f/sm/snapshot.3_0
2022-06-15 07:34:13,326 [b4f5d82c-04a6-4c81-89bd-99aee48f7148@group-61C79976014F-StateMachineUpdater] INFO  ratis.ContainerStateMachine (ContainerStateMachine.java:takeSnapshot(315)) - group-61C79976014F: Finished taking a snapshot at:(t:3, i:0) file:/home/runner/work/ozone/ozone/hadoop-ozone/integration-test/target/test-dir/MiniOzoneClusterImpl-589494f2-24de-4a8c-8650-9a890bc48d46/datanode-5/data/ratis/4a922a5f-5b4b-4c8b-80dd-61c79976014f/sm/snapshot.3_0 took: 1 ms
2022-06-15 07:34:13,326 [b4f5d82c-04a6-4c81-89bd-99aee48f7148@group-61C79976014F-StateMachineUpdater] INFO  impl.StateMachineUpdater (StateMachineUpdater.java:takeSnapshot(287)) - b4f5d82c-04a6-4c81-89bd-99aee48f7148@group-61C79976014F-StateMachineUpdater: Took a snapshot at index 0
2022-06-15 07:34:13,326 [b4f5d82c-04a6-4c81-89bd-99aee48f7148@group-61C79976014F-StateMachineUpdater] INFO  impl.StateMachineUpdater (StateMachineUpdater.java:lambda$new$0(92)) - b4f5d82c-04a6-4c81-89bd-99aee48f7148@group-61C79976014F-StateMachineUpdater: snapshotIndex: updateIncreasingly -1 -> 0
2022-06-15 07:34:13,329 [e547bcb9-eced-475a-8c61-963b1a05d208-server-thread1] INFO  ratis.XceiverServerRatis (XceiverServerRatis.java:handleLeaderChangedNotification(863)) - Leader change notification received for group: group-61C79976014F with new leaderId: b4f5d82c-04a6-4c81-89bd-99aee48f7148
2022-06-15 07:34:13,329 [e547bcb9-eced-475a-8c61-963b1a05d208-server-thread1] INFO  server.RaftServer$Division (ServerState.java:setLeader(287)) - e547bcb9-eced-475a-8c61-963b1a05d208@group-61C79976014F: change Leader from null to b4f5d82c-04a6-4c81-89bd-99aee48f7148 at term 3 for appendEntries, leader elected after 15251ms
2022-06-15 07:34:13,329 [7bb1eb80-c113-41fd-8e62-543e67410fa1-server-thread1] INFO  ratis.XceiverServerRatis (XceiverServerRatis.java:handleLeaderChangedNotification(863)) - Leader change notification received for group: group-61C79976014F with new leaderId: b4f5d82c-04a6-4c81-89bd-99aee48f7148
2022-06-15 07:34:13,330 [7bb1eb80-c113-41fd-8e62-543e67410fa1-server-thread1] INFO  server.RaftServer$Division (ServerState.java:setLeader(287)) - 7bb1eb80-c113-41fd-8e62-543e67410fa1@group-61C79976014F: change Leader from null to b4f5d82c-04a6-4c81-89bd-99aee48f7148 at term 3 for appendEntries, leader elected after 15164ms
2022-06-15 07:34:13,333 [EventQueue-PipelineReportForPipelineReportHandler] INFO  pipeline.PipelineReportHandler (PipelineReportHandler.java:processPipelineReport(113)) - Reported pipeline PipelineID=83aa0ae5-c647-4842-ba01-114df2e904af is not found
2022-06-15 07:34:13,334 [7bb1eb80-c113-41fd-8e62-543e67410fa1-server-thread2] INFO  server.RaftServer$Division (ServerState.java:setRaftConf(393)) - 7bb1eb80-c113-41fd-8e62-543e67410fa1@group-61C79976014F: set configuration 0: [e547bcb9-eced-475a-8c61-963b1a05d208|rpc:10.1.0.11:40217|dataStream:|priority:0, b4f5d82c-04a6-4c81-89bd-99aee48f7148|rpc:10.1.0.11:43229|dataStream:|priority:1, 7bb1eb80-c113-41fd-8e62-543e67410fa1|rpc:10.1.0.11:37245|dataStream:|priority:0], old=null
2022-06-15 07:34:13,334 [e547bcb9-eced-475a-8c61-963b1a05d208-server-thread2] INFO  server.RaftServer$Division (ServerState.java:setRaftConf(393)) - e547bcb9-eced-475a-8c61-963b1a05d208@group-61C79976014F: set configuration 0: [e547bcb9-eced-475a-8c61-963b1a05d208|rpc:10.1.0.11:40217|dataStream:|priority:0, b4f5d82c-04a6-4c81-89bd-99aee48f7148|rpc:10.1.0.11:43229|dataStream:|priority:1, 7bb1eb80-c113-41fd-8e62-543e67410fa1|rpc:10.1.0.11:37245|dataStream:|priority:0], old=null
2022-06-15 07:34:13,334 [7bb1eb80-c113-41fd-8e62-543e67410fa1-server-thread2] INFO  segmented.SegmentedRaftLogWorker (SegmentedRaftLogWorker.java:startLogSegment(425)) - 7bb1eb80-c113-41fd-8e62-543e67410fa1@group-61C79976014F-SegmentedRaftLogWorker: Starting segment from index:0
2022-06-15 07:34:13,334 [e547bcb9-eced-475a-8c61-963b1a05d208-server-thread2] INFO  segmented.SegmentedRaftLogWorker (SegmentedRaftLogWorker.java:startLogSegment(425)) - e547bcb9-eced-475a-8c61-963b1a05d208@group-61C79976014F-SegmentedRaftLogWorker: Starting segment from index:0
2022-06-15 07:34:13,335 [e547bcb9-eced-475a-8c61-963b1a05d208@group-61C79976014F-SegmentedRaftLogWorker] INFO  segmented.SegmentedRaftLogWorker (SegmentedRaftLogWorker.java:execute(629)) - e547bcb9-eced-475a-8c61-963b1a05d208@group-61C79976014F-SegmentedRaftLogWorker: created new log segment /home/runner/work/ozone/ozone/hadoop-ozone/integration-test/target/test-dir/MiniOzoneClusterImpl-589494f2-24de-4a8c-8650-9a890bc48d46/datanode-3/data/ratis/4a922a5f-5b4b-4c8b-80dd-61c79976014f/current/log_inprogress_0
2022-06-15 07:34:13,336 [7bb1eb80-c113-41fd-8e62-543e67410fa1@group-61C79976014F-SegmentedRaftLogWorker] INFO  segmented.SegmentedRaftLogWorker (SegmentedRaftLogWorker.java:execute(629)) - 7bb1eb80-c113-41fd-8e62-543e67410fa1@group-61C79976014F-SegmentedRaftLogWorker: created new log segment /home/runner/work/ozone/ozone/hadoop-ozone/integration-test/target/test-dir/MiniOzoneClusterImpl-589494f2-24de-4a8c-8650-9a890bc48d46/datanode-4/data/ratis/4a922a5f-5b4b-4c8b-80dd-61c79976014f/current/log_inprogress_0
2022-06-15 07:34:13,340 [e547bcb9-eced-475a-8c61-963b1a05d208@group-61C79976014F-StateMachineUpdater] INFO  ratis.ContainerStateMachine (ContainerStateMachine.java:takeSnapshot(304)) - group-61C79976014F: Taking a snapshot at:(t:3, i:0) file /home/runner/work/ozone/ozone/hadoop-ozone/integration-test/target/test-dir/MiniOzoneClusterImpl-589494f2-24de-4a8c-8650-9a890bc48d46/datanode-3/data/ratis/4a922a5f-5b4b-4c8b-80dd-61c79976014f/sm/snapshot.3_0
2022-06-15 07:34:13,341 [e547bcb9-eced-475a-8c61-963b1a05d208@group-61C79976014F-StateMachineUpdater] INFO  ratis.ContainerStateMachine (ContainerStateMachine.java:takeSnapshot(315)) - group-61C79976014F: Finished taking a snapshot at:(t:3, i:0) file:/home/runner/work/ozone/ozone/hadoop-ozone/integration-test/target/test-dir/MiniOzoneClusterImpl-589494f2-24de-4a8c-8650-9a890bc48d46/datanode-3/data/ratis/4a922a5f-5b4b-4c8b-80dd-61c79976014f/sm/snapshot.3_0 took: 1 ms
2022-06-15 07:34:13,341 [e547bcb9-eced-475a-8c61-963b1a05d208@group-61C79976014F-StateMachineUpdater] INFO  impl.StateMachineUpdater (StateMachineUpdater.java:takeSnapshot(287)) - e547bcb9-eced-475a-8c61-963b1a05d208@group-61C79976014F-StateMachineUpdater: Took a snapshot at index 0
2022-06-15 07:34:13,341 [e547bcb9-eced-475a-8c61-963b1a05d208@group-61C79976014F-StateMachineUpdater] INFO  impl.StateMachineUpdater (StateMachineUpdater.java:lambda$new$0(92)) - e547bcb9-eced-475a-8c61-963b1a05d208@group-61C79976014F-StateMachineUpdater: snapshotIndex: updateIncreasingly -1 -> 0
2022-06-15 07:34:13,342 [7bb1eb80-c113-41fd-8e62-543e67410fa1@group-61C79976014F-StateMachineUpdater] INFO  ratis.ContainerStateMachine (ContainerStateMachine.java:takeSnapshot(304)) - group-61C79976014F: Taking a snapshot at:(t:3, i:0) file /home/runner/work/ozone/ozone/hadoop-ozone/integration-test/target/test-dir/MiniOzoneClusterImpl-589494f2-24de-4a8c-8650-9a890bc48d46/datanode-4/data/ratis/4a922a5f-5b4b-4c8b-80dd-61c79976014f/sm/snapshot.3_0
2022-06-15 07:34:13,343 [7bb1eb80-c113-41fd-8e62-543e67410fa1@group-61C79976014F-StateMachineUpdater] INFO  ratis.ContainerStateMachine (ContainerStateMachine.java:takeSnapshot(315)) - group-61C79976014F: Finished taking a snapshot at:(t:3, i:0) file:/home/runner/work/ozone/ozone/hadoop-ozone/integration-test/target/test-dir/MiniOzoneClusterImpl-589494f2-24de-4a8c-8650-9a890bc48d46/datanode-4/data/ratis/4a922a5f-5b4b-4c8b-80dd-61c79976014f/sm/snapshot.3_0 took: 1 ms
2022-06-15 07:34:13,344 [7bb1eb80-c113-41fd-8e62-543e67410fa1@group-61C79976014F-StateMachineUpdater] INFO  impl.StateMachineUpdater (StateMachineUpdater.java:takeSnapshot(287)) - 7bb1eb80-c113-41fd-8e62-543e67410fa1@group-61C79976014F-StateMachineUpdater: Took a snapshot at index 0
2022-06-15 07:34:13,344 [7bb1eb80-c113-41fd-8e62-543e67410fa1@group-61C79976014F-StateMachineUpdater] INFO  impl.StateMachineUpdater (StateMachineUpdater.java:lambda$new$0(92)) - 7bb1eb80-c113-41fd-8e62-543e67410fa1@group-61C79976014F-StateMachineUpdater: snapshotIndex: updateIncreasingly -1 -> 0
2022-06-15 07:34:13,578 [EventQueue-PipelineReportForPipelineReportHandler] INFO  pipeline.PipelineReportHandler (PipelineReportHandler.java:processPipelineReport(113)) - Reported pipeline PipelineID=83aa0ae5-c647-4842-ba01-114df2e904af is not found
2022-06-15 07:34:13,675 [EventQueue-PipelineReportForPipelineReportHandler] INFO  pipeline.PipelineReportHandler (PipelineReportHandler.java:processPipelineReport(113)) - Reported pipeline PipelineID=83aa0ae5-c647-4842-ba01-114df2e904af is not found
2022-06-15 07:34:13,735 [EventQueue-PipelineReportForPipelineReportHandler] INFO  pipeline.PipelineReportHandler (PipelineReportHandler.java:processPipelineReport(113)) - Reported pipeline PipelineID=83aa0ae5-c647-4842-ba01-114df2e904af is not found
2022-06-15 07:34:13,933 [EventQueue-PipelineReportForPipelineReportHandler] INFO  pipeline.PipelineReportHandler (PipelineReportHandler.java:processPipelineReport(113)) - Reported pipeline PipelineID=83aa0ae5-c647-4842-ba01-114df2e904af is not found
2022-06-15 07:34:13,978 [EventQueue-PipelineReportForPipelineReportHandler] INFO  pipeline.PipelineReportHandler (PipelineReportHandler.java:processPipelineReport(113)) - Reported pipeline PipelineID=83aa0ae5-c647-4842-ba01-114df2e904af is not found
2022-06-15 07:34:14,075 [EventQueue-PipelineReportForPipelineReportHandler] INFO  pipeline.PipelineReportHandler (PipelineReportHandler.java:processPipelineReport(113)) - Reported pipeline PipelineID=83aa0ae5-c647-4842-ba01-114df2e904af is not found
2022-06-15 07:34:14,177 [EventQueue-PipelineReportForPipelineReportHandler] INFO  pipeline.PipelineReportHandler (PipelineReportHandler.java:processPipelineReport(113)) - Reported pipeline PipelineID=83aa0ae5-c647-4842-ba01-114df2e904af is not found
2022-06-15 07:34:14,275 [EventQueue-PipelineReportForPipelineReportHandler] INFO  pipeline.PipelineReportHandler (PipelineReportHandler.java:processPipelineReport(113)) - Reported pipeline PipelineID=83aa0ae5-c647-4842-ba01-114df2e904af is not found
2022-06-15 07:34:14,303 [2ba0c2a5-1748-4da9-81e4-5266296b4b8f@group-01DBEE4F6C09-FollowerState] INFO  impl.FollowerState (FollowerState.java:run(143)) - 2ba0c2a5-1748-4da9-81e4-5266296b4b8f@group-01DBEE4F6C09-FollowerState: change to CANDIDATE, lastRpcElapsedTime:5061273148ns, electionTimeout:5049ms
2022-06-15 07:34:14,304 [2ba0c2a5-1748-4da9-81e4-5266296b4b8f@group-01DBEE4F6C09-FollowerState] INFO  impl.RoleInfo (RoleInfo.java:shutdownFollowerState(110)) - 2ba0c2a5-1748-4da9-81e4-5266296b4b8f: shutdown 2ba0c2a5-1748-4da9-81e4-5266296b4b8f@group-01DBEE4F6C09-FollowerState
2022-06-15 07:34:14,304 [2ba0c2a5-1748-4da9-81e4-5266296b4b8f@group-01DBEE4F6C09-FollowerState] INFO  server.RaftServer$Division (RaftServerImpl.java:setRole(299)) - 2ba0c2a5-1748-4da9-81e4-5266296b4b8f@group-01DBEE4F6C09: changes role from  FOLLOWER to CANDIDATE at term 2 for changeToCandidate
2022-06-15 07:34:14,304 [2ba0c2a5-1748-4da9-81e4-5266296b4b8f@group-01DBEE4F6C09-FollowerState] INFO  server.RaftServerConfigKeys (ConfUtils.java:logGet(46)) - raft.server.leaderelection.pre-vote = false (custom)
2022-06-15 07:34:14,304 [2ba0c2a5-1748-4da9-81e4-5266296b4b8f@group-01DBEE4F6C09-FollowerState] INFO  impl.RoleInfo (RoleInfo.java:updateAndGet(139)) - 2ba0c2a5-1748-4da9-81e4-5266296b4b8f: start 2ba0c2a5-1748-4da9-81e4-5266296b4b8f@group-01DBEE4F6C09-LeaderElection27
2022-06-15 07:34:14,309 [2ba0c2a5-1748-4da9-81e4-5266296b4b8f@group-01DBEE4F6C09-LeaderElection27] INFO  impl.LeaderElection (LeaderElection.java:askForVotes(310)) - 2ba0c2a5-1748-4da9-81e4-5266296b4b8f@group-01DBEE4F6C09-LeaderElection27 ELECTION round 0: submit vote requests at term 3 for -1: [2ba0c2a5-1748-4da9-81e4-5266296b4b8f|rpc:10.1.0.11:43465|dataStream:|priority:1, a73ef743-905e-425d-956f-6fe1cf0283a9|rpc:10.1.0.11:34113|dataStream:|priority:0, 309b0a9a-ca0d-4cb3-b4c4-40bf1bc4f3ac|rpc:10.1.0.11:44617|dataStream:|priority:0], old=null
2022-06-15 07:34:14,312 [grpc-default-executor-3] INFO  server.RaftServer$Division (RaftServerImpl.java:requestVote(1152)) - a73ef743-905e-425d-956f-6fe1cf0283a9@group-01DBEE4F6C09: receive requestVote(ELECTION, 2ba0c2a5-1748-4da9-81e4-5266296b4b8f, group-01DBEE4F6C09, 3, (t:0, i:0))
2022-06-15 07:34:14,312 [grpc-default-executor-3] INFO  impl.VoteContext (VoteContext.java:log(48)) - a73ef743-905e-425d-956f-6fe1cf0283a9@group-01DBEE4F6C09-FOLLOWER: accept ELECTION from 2ba0c2a5-1748-4da9-81e4-5266296b4b8f: our priority 0 <= candidate's priority 1
2022-06-15 07:34:14,312 [grpc-default-executor-3] INFO  server.RaftServer$Division (RaftServerImpl.java:setRole(299)) - a73ef743-905e-425d-956f-6fe1cf0283a9@group-01DBEE4F6C09: changes role from  FOLLOWER to FOLLOWER at term 3 for candidate:2ba0c2a5-1748-4da9-81e4-5266296b4b8f
2022-06-15 07:34:14,312 [grpc-default-executor-3] INFO  impl.RoleInfo (RoleInfo.java:shutdownFollowerState(110)) - a73ef743-905e-425d-956f-6fe1cf0283a9: shutdown a73ef743-905e-425d-956f-6fe1cf0283a9@group-01DBEE4F6C09-FollowerState
2022-06-15 07:34:14,312 [grpc-default-executor-3] INFO  impl.RoleInfo (RoleInfo.java:updateAndGet(139)) - a73ef743-905e-425d-956f-6fe1cf0283a9: start a73ef743-905e-425d-956f-6fe1cf0283a9@group-01DBEE4F6C09-FollowerState
2022-06-15 07:34:14,312 [a73ef743-905e-425d-956f-6fe1cf0283a9@group-01DBEE4F6C09-FollowerState] INFO  impl.FollowerState (FollowerState.java:run(152)) - a73ef743-905e-425d-956f-6fe1cf0283a9@group-01DBEE4F6C09-FollowerState was interrupted
2022-06-15 07:34:14,316 [grpc-default-executor-3] INFO  server.RaftServer$Division (RaftServerImpl.java:requestVote(1184)) - a73ef743-905e-425d-956f-6fe1cf0283a9@group-01DBEE4F6C09 replies to ELECTION vote request: 2ba0c2a5-1748-4da9-81e4-5266296b4b8f<-a73ef743-905e-425d-956f-6fe1cf0283a9#0:OK-t3. Peer's state: a73ef743-905e-425d-956f-6fe1cf0283a9@group-01DBEE4F6C09:t3, leader=null, voted=2ba0c2a5-1748-4da9-81e4-5266296b4b8f, raftlog=a73ef743-905e-425d-956f-6fe1cf0283a9@group-01DBEE4F6C09-SegmentedRaftLog:OPENED:c-1, conf=-1: [2ba0c2a5-1748-4da9-81e4-5266296b4b8f|rpc:10.1.0.11:43465|priority:1, a73ef743-905e-425d-956f-6fe1cf0283a9|rpc:10.1.0.11:34113|priority:0, 309b0a9a-ca0d-4cb3-b4c4-40bf1bc4f3ac|rpc:10.1.0.11:44617|priority:0], old=null
2022-06-15 07:34:14,318 [grpc-default-executor-3] INFO  server.RaftServer$Division (RaftServerImpl.java:requestVote(1152)) - 309b0a9a-ca0d-4cb3-b4c4-40bf1bc4f3ac@group-01DBEE4F6C09: receive requestVote(ELECTION, 2ba0c2a5-1748-4da9-81e4-5266296b4b8f, group-01DBEE4F6C09, 3, (t:0, i:0))
2022-06-15 07:34:14,318 [grpc-default-executor-3] INFO  impl.VoteContext (VoteContext.java:log(48)) - 309b0a9a-ca0d-4cb3-b4c4-40bf1bc4f3ac@group-01DBEE4F6C09-FOLLOWER: accept ELECTION from 2ba0c2a5-1748-4da9-81e4-5266296b4b8f: our priority 0 <= candidate's priority 1
2022-06-15 07:34:14,318 [grpc-default-executor-3] INFO  server.RaftServer$Division (RaftServerImpl.java:setRole(299)) - 309b0a9a-ca0d-4cb3-b4c4-40bf1bc4f3ac@group-01DBEE4F6C09: changes role from  FOLLOWER to FOLLOWER at term 3 for candidate:2ba0c2a5-1748-4da9-81e4-5266296b4b8f
2022-06-15 07:34:14,318 [grpc-default-executor-3] INFO  impl.RoleInfo (RoleInfo.java:shutdownFollowerState(110)) - 309b0a9a-ca0d-4cb3-b4c4-40bf1bc4f3ac: shutdown 309b0a9a-ca0d-4cb3-b4c4-40bf1bc4f3ac@group-01DBEE4F6C09-FollowerState
2022-06-15 07:34:14,318 [309b0a9a-ca0d-4cb3-b4c4-40bf1bc4f3ac@group-01DBEE4F6C09-FollowerState] INFO  impl.FollowerState (FollowerState.java:run(152)) - 309b0a9a-ca0d-4cb3-b4c4-40bf1bc4f3ac@group-01DBEE4F6C09-FollowerState was interrupted
2022-06-15 07:34:14,318 [grpc-default-executor-3] INFO  impl.RoleInfo (RoleInfo.java:updateAndGet(139)) - 309b0a9a-ca0d-4cb3-b4c4-40bf1bc4f3ac: start 309b0a9a-ca0d-4cb3-b4c4-40bf1bc4f3ac@group-01DBEE4F6C09-FollowerState
2022-06-15 07:34:14,320 [2ba0c2a5-1748-4da9-81e4-5266296b4b8f@group-01DBEE4F6C09-LeaderElection27] INFO  impl.LeaderElection (LeaderElection.java:logAndReturn(90)) - 2ba0c2a5-1748-4da9-81e4-5266296b4b8f@group-01DBEE4F6C09-LeaderElection27: ELECTION PASSED received 1 response(s) and 0 exception(s):
2022-06-15 07:34:14,320 [2ba0c2a5-1748-4da9-81e4-5266296b4b8f@group-01DBEE4F6C09-LeaderElection27] INFO  impl.LeaderElection (LeaderElection.java:logAndReturn(94)) -   Response 0: 2ba0c2a5-1748-4da9-81e4-5266296b4b8f<-a73ef743-905e-425d-956f-6fe1cf0283a9#0:OK-t3
2022-06-15 07:34:14,326 [2ba0c2a5-1748-4da9-81e4-5266296b4b8f@group-01DBEE4F6C09-LeaderElection27] INFO  impl.LeaderElection (LeaderElection.java:askForVotes(312)) - 2ba0c2a5-1748-4da9-81e4-5266296b4b8f@group-01DBEE4F6C09-LeaderElection27 ELECTION round 0: result PASSED
2022-06-15 07:34:14,326 [2ba0c2a5-1748-4da9-81e4-5266296b4b8f@group-01DBEE4F6C09-LeaderElection27] INFO  impl.RoleInfo (RoleInfo.java:shutdownLeaderElection(130)) - 2ba0c2a5-1748-4da9-81e4-5266296b4b8f: shutdown 2ba0c2a5-1748-4da9-81e4-5266296b4b8f@group-01DBEE4F6C09-LeaderElection27
2022-06-15 07:34:14,326 [2ba0c2a5-1748-4da9-81e4-5266296b4b8f@group-01DBEE4F6C09-LeaderElection27] INFO  server.RaftServer$Division (RaftServerImpl.java:setRole(299)) - 2ba0c2a5-1748-4da9-81e4-5266296b4b8f@group-01DBEE4F6C09: changes role from CANDIDATE to LEADER at term 3 for changeToLeader
2022-06-15 07:34:14,326 [2ba0c2a5-1748-4da9-81e4-5266296b4b8f@group-01DBEE4F6C09-LeaderElection27] INFO  ratis.XceiverServerRatis (XceiverServerRatis.java:handleLeaderChangedNotification(863)) - Leader change notification received for group: group-01DBEE4F6C09 with new leaderId: 2ba0c2a5-1748-4da9-81e4-5266296b4b8f
2022-06-15 07:34:14,326 [2ba0c2a5-1748-4da9-81e4-5266296b4b8f@group-01DBEE4F6C09-LeaderElection27] INFO  server.RaftServer$Division (ServerState.java:setLeader(287)) - 2ba0c2a5-1748-4da9-81e4-5266296b4b8f@group-01DBEE4F6C09: change Leader from null to 2ba0c2a5-1748-4da9-81e4-5266296b4b8f at term 3 for becomeLeader, leader elected after 15287ms
2022-06-15 07:34:14,326 [2ba0c2a5-1748-4da9-81e4-5266296b4b8f@group-01DBEE4F6C09-LeaderElection27] INFO  server.RaftServerConfigKeys (ConfUtils.java:logGet(46)) - raft.server.staging.catchup.gap = 1000 (default)
2022-06-15 07:34:14,327 [2ba0c2a5-1748-4da9-81e4-5266296b4b8f@group-01DBEE4F6C09-LeaderElection27] INFO  server.RaftServerConfigKeys (ConfUtils.java:logGet(46)) - raft.server.write.element-limit = 1024 (custom)
2022-06-15 07:34:14,327 [2ba0c2a5-1748-4da9-81e4-5266296b4b8f@group-01DBEE4F6C09-LeaderElection27] INFO  server.RaftServerConfigKeys (ConfUtils.java:logGet(46)) - raft.server.write.byte-limit = 1024 M (=1073741824) (custom)
2022-06-15 07:34:14,327 [2ba0c2a5-1748-4da9-81e4-5266296b4b8f@group-01DBEE4F6C09-LeaderElection27] INFO  server.RaftServerConfigKeys (ConfUtils.java:logGet(46)) - raft.server.watch.timeout = 10000ms (default)
2022-06-15 07:34:14,327 [2ba0c2a5-1748-4da9-81e4-5266296b4b8f@group-01DBEE4F6C09-LeaderElection27] INFO  server.RaftServerConfigKeys (ConfUtils.java:logGet(46)) - raft.server.watch.timeout.denomination = 1s (default)
2022-06-15 07:34:14,327 [2ba0c2a5-1748-4da9-81e4-5266296b4b8f@group-01DBEE4F6C09-LeaderElection27] INFO  server.RaftServerConfigKeys (ConfUtils.java:logGet(46)) - raft.server.watch.element-limit = 65536 (default)
2022-06-15 07:34:14,327 [2ba0c2a5-1748-4da9-81e4-5266296b4b8f@group-01DBEE4F6C09-LeaderElection27] INFO  server.RaftServerConfigKeys (ConfUtils.java:logGet(46)) - raft.server.write.element-limit = 1024 (custom)
2022-06-15 07:34:14,327 [EventQueue-PipelineReportForPipelineReportHandler] INFO  pipeline.PipelineManagerImpl (PipelineManagerImpl.java:openPipeline(356)) - Pipeline Pipeline[ Id: 684fd514-47d7-4728-984b-01dbee4f6c09, Nodes: 309b0a9a-ca0d-4cb3-b4c4-40bf1bc4f3ac{ip: 10.1.0.11, host: fv-az121-418.xhy4bhhdincepo0av04agjzkjc.cx.internal.cloudapp.net, ports: [REPLICATION=40979, RATIS=44617, RATIS_ADMIN=44617, RATIS_SERVER=44617, STANDALONE=41363], networkLocation: /default-rack, certSerialId: null, persistedOpState: IN_SERVICE, persistedOpStateExpiryEpochSec: 0}2ba0c2a5-1748-4da9-81e4-5266296b4b8f{ip: 10.1.0.11, host: fv-az121-418.xhy4bhhdincepo0av04agjzkjc.cx.internal.cloudapp.net, ports: [REPLICATION=43041, RATIS=43465, RATIS_ADMIN=43465, RATIS_SERVER=43465, STANDALONE=43919], networkLocation: /default-rack, certSerialId: null, persistedOpState: IN_SERVICE, persistedOpStateExpiryEpochSec: 0}a73ef743-905e-425d-956f-6fe1cf0283a9{ip: 10.1.0.11, host: fv-az121-418.xhy4bhhdincepo0av04agjzkjc.cx.internal.cloudapp.net, ports: [REPLICATION=36929, RATIS=34113, RATIS_ADMIN=34113, RATIS_SERVER=34113, STANDALONE=44513], networkLocation: /default-rack, certSerialId: null, persistedOpState: IN_SERVICE, persistedOpStateExpiryEpochSec: 0}, ReplicationConfig: RATIS/THREE, State:ALLOCATED, leaderId:2ba0c2a5-1748-4da9-81e4-5266296b4b8f, CreationTimestamp2022-06-15T07:33:56.571Z[Etc/UTC]] moved to OPEN state
2022-06-15 07:34:14,331 [2ba0c2a5-1748-4da9-81e4-5266296b4b8f@group-01DBEE4F6C09-LeaderElection27] INFO  server.RaftServerConfigKeys (ConfUtils.java:logGet(46)) - raft.server.write.follower.gap.ratio.max = -1.0 (default)
2022-06-15 07:34:14,331 [2ba0c2a5-1748-4da9-81e4-5266296b4b8f@group-01DBEE4F6C09-LeaderElection27] INFO  server.RaftServerConfigKeys (ConfUtils.java:logGet(46)) - raft.server.log.appender.snapshot.chunk.size.max = 16MB (=16777216) (default)
2022-06-15 07:34:14,331 [2ba0c2a5-1748-4da9-81e4-5266296b4b8f@group-01DBEE4F6C09-LeaderElection27] INFO  server.RaftServerConfigKeys (ConfUtils.java:logGet(46)) - raft.server.log.appender.buffer.byte-limit = 33554432 (custom)
2022-06-15 07:34:14,331 [grpc-default-executor-3] INFO  server.RaftServer$Division (RaftServerImpl.java:requestVote(1184)) - 309b0a9a-ca0d-4cb3-b4c4-40bf1bc4f3ac@group-01DBEE4F6C09 replies to ELECTION vote request: 2ba0c2a5-1748-4da9-81e4-5266296b4b8f<-309b0a9a-ca0d-4cb3-b4c4-40bf1bc4f3ac#0:OK-t3. Peer's state: 309b0a9a-ca0d-4cb3-b4c4-40bf1bc4f3ac@group-01DBEE4F6C09:t3, leader=null, voted=2ba0c2a5-1748-4da9-81e4-5266296b4b8f, raftlog=309b0a9a-ca0d-4cb3-b4c4-40bf1bc4f3ac@group-01DBEE4F6C09-SegmentedRaftLog:OPENED:c-1, conf=-1: [2ba0c2a5-1748-4da9-81e4-5266296b4b8f|rpc:10.1.0.11:43465|dataStream:|priority:1, a73ef743-905e-425d-956f-6fe1cf0283a9|rpc:10.1.0.11:34113|dataStream:|priority:0, 309b0a9a-ca0d-4cb3-b4c4-40bf1bc4f3ac|rpc:10.1.0.11:44617|dataStream:|priority:0], old=null
2022-06-15 07:34:14,331 [2ba0c2a5-1748-4da9-81e4-5266296b4b8f@group-01DBEE4F6C09-LeaderElection27] INFO  server.RaftServerConfigKeys (ConfUtils.java:logGet(46)) - raft.server.log.appender.buffer.element-limit = 1 (custom)
2022-06-15 07:34:14,334 [EventQueue-PipelineReportForPipelineReportHandler] INFO  pipeline.PipelineReportHandler (PipelineReportHandler.java:processPipelineReport(113)) - Reported pipeline PipelineID=83aa0ae5-c647-4842-ba01-114df2e904af is not found
2022-06-15 07:34:14,334 [2ba0c2a5-1748-4da9-81e4-5266296b4b8f@group-01DBEE4F6C09-LeaderElection27] INFO  grpc.GrpcConfigKeys (ConfUtils.java:logGet(46)) - raft.grpc.server.leader.outstanding.appends.max = 128 (default)
2022-06-15 07:34:14,334 [2ba0c2a5-1748-4da9-81e4-5266296b4b8f@group-01DBEE4F6C09-LeaderElection27] INFO  server.RaftServerConfigKeys (ConfUtils.java:logGet(46)) - raft.server.rpc.request.timeout = 3000ms (default)
2022-06-15 07:34:14,334 [2ba0c2a5-1748-4da9-81e4-5266296b4b8f@group-01DBEE4F6C09-LeaderElection27] INFO  server.RaftServerConfigKeys (ConfUtils.java:logGet(46)) - raft.server.log.appender.install.snapshot.enabled = false (custom)
2022-06-15 07:34:14,335 [2ba0c2a5-1748-4da9-81e4-5266296b4b8f@group-01DBEE4F6C09-LeaderElection27] INFO  server.RaftServerConfigKeys (ConfUtils.java:logGet(46)) - raft.server.log.appender.snapshot.chunk.size.max = 16MB (=16777216) (default)
2022-06-15 07:34:14,335 [2ba0c2a5-1748-4da9-81e4-5266296b4b8f@group-01DBEE4F6C09-LeaderElection27] INFO  server.RaftServerConfigKeys (ConfUtils.java:logGet(46)) - raft.server.log.appender.buffer.byte-limit = 33554432 (custom)
2022-06-15 07:34:14,335 [2ba0c2a5-1748-4da9-81e4-5266296b4b8f@group-01DBEE4F6C09-LeaderElection27] INFO  server.RaftServerConfigKeys (ConfUtils.java:logGet(46)) - raft.server.log.appender.buffer.element-limit = 1 (custom)
2022-06-15 07:34:14,335 [2ba0c2a5-1748-4da9-81e4-5266296b4b8f@group-01DBEE4F6C09-LeaderElection27] INFO  grpc.GrpcConfigKeys (ConfUtils.java:logGet(46)) - raft.grpc.server.leader.outstanding.appends.max = 128 (default)
2022-06-15 07:34:14,335 [2ba0c2a5-1748-4da9-81e4-5266296b4b8f@group-01DBEE4F6C09-LeaderElection27] INFO  server.RaftServerConfigKeys (ConfUtils.java:logGet(46)) - raft.server.rpc.request.timeout = 3000ms (default)
2022-06-15 07:34:14,335 [2ba0c2a5-1748-4da9-81e4-5266296b4b8f@group-01DBEE4F6C09-LeaderElection27] INFO  server.RaftServerConfigKeys (ConfUtils.java:logGet(46)) - raft.server.log.appender.install.snapshot.enabled = false (custom)
2022-06-15 07:34:14,335 [2ba0c2a5-1748-4da9-81e4-5266296b4b8f@group-01DBEE4F6C09-LeaderElection27] INFO  impl.RoleInfo (RoleInfo.java:updateAndGet(139)) - 2ba0c2a5-1748-4da9-81e4-5266296b4b8f: start 2ba0c2a5-1748-4da9-81e4-5266296b4b8f@group-01DBEE4F6C09-LeaderStateImpl
2022-06-15 07:34:14,336 [2ba0c2a5-1748-4da9-81e4-5266296b4b8f@group-01DBEE4F6C09-LeaderElection27] INFO  segmented.SegmentedRaftLogWorker (SegmentedRaftLogWorker.java:startLogSegment(425)) - 2ba0c2a5-1748-4da9-81e4-5266296b4b8f@group-01DBEE4F6C09-SegmentedRaftLogWorker: Starting segment from index:0
2022-06-15 07:34:14,337 [2ba0c2a5-1748-4da9-81e4-5266296b4b8f@group-01DBEE4F6C09-SegmentedRaftLogWorker] INFO  segmented.SegmentedRaftLogWorker (SegmentedRaftLogWorker.java:execute(629)) - 2ba0c2a5-1748-4da9-81e4-5266296b4b8f@group-01DBEE4F6C09-SegmentedRaftLogWorker: created new log segment /home/runner/work/ozone/ozone/hadoop-ozone/integration-test/target/test-dir/MiniOzoneClusterImpl-589494f2-24de-4a8c-8650-9a890bc48d46/datanode-7/data/ratis/684fd514-47d7-4728-984b-01dbee4f6c09/current/log_inprogress_0
2022-06-15 07:34:14,343 [2ba0c2a5-1748-4da9-81e4-5266296b4b8f@group-01DBEE4F6C09-LeaderElection27] INFO  server.RaftServer$Division (ServerState.java:setRaftConf(393)) - 2ba0c2a5-1748-4da9-81e4-5266296b4b8f@group-01DBEE4F6C09: set configuration 0: [2ba0c2a5-1748-4da9-81e4-5266296b4b8f|rpc:10.1.0.11:43465|dataStream:|priority:1, a73ef743-905e-425d-956f-6fe1cf0283a9|rpc:10.1.0.11:34113|dataStream:|priority:0, 309b0a9a-ca0d-4cb3-b4c4-40bf1bc4f3ac|rpc:10.1.0.11:44617|dataStream:|priority:0], old=null
2022-06-15 07:34:14,345 [a73ef743-905e-425d-956f-6fe1cf0283a9-server-thread1] INFO  ratis.XceiverServerRatis (XceiverServerRatis.java:handleLeaderChangedNotification(863)) - Leader change notification received for group: group-01DBEE4F6C09 with new leaderId: 2ba0c2a5-1748-4da9-81e4-5266296b4b8f
2022-06-15 07:34:14,345 [a73ef743-905e-425d-956f-6fe1cf0283a9-server-thread1] INFO  server.RaftServer$Division (ServerState.java:setLeader(287)) - a73ef743-905e-425d-956f-6fe1cf0283a9@group-01DBEE4F6C09: change Leader from null to 2ba0c2a5-1748-4da9-81e4-5266296b4b8f at term 3 for appendEntries, leader elected after 15386ms
2022-06-15 07:34:14,346 [309b0a9a-ca0d-4cb3-b4c4-40bf1bc4f3ac-server-thread1] INFO  ratis.XceiverServerRatis (XceiverServerRatis.java:handleLeaderChangedNotification(863)) - Leader change notification received for group: group-01DBEE4F6C09 with new leaderId: 2ba0c2a5-1748-4da9-81e4-5266296b4b8f
2022-06-15 07:34:14,346 [309b0a9a-ca0d-4cb3-b4c4-40bf1bc4f3ac-server-thread1] INFO  server.RaftServer$Division (ServerState.java:setLeader(287)) - 309b0a9a-ca0d-4cb3-b4c4-40bf1bc4f3ac@group-01DBEE4F6C09: change Leader from null to 2ba0c2a5-1748-4da9-81e4-5266296b4b8f at term 3 for appendEntries, leader elected after 15347ms
2022-06-15 07:34:14,347 [a73ef743-905e-425d-956f-6fe1cf0283a9-server-thread1] INFO  server.RaftServer$Division (ServerState.java:setRaftConf(393)) - a73ef743-905e-425d-956f-6fe1cf0283a9@group-01DBEE4F6C09: set configuration 0: [2ba0c2a5-1748-4da9-81e4-5266296b4b8f|rpc:10.1.0.11:43465|dataStream:|priority:1, a73ef743-905e-425d-956f-6fe1cf0283a9|rpc:10.1.0.11:34113|dataStream:|priority:0, 309b0a9a-ca0d-4cb3-b4c4-40bf1bc4f3ac|rpc:10.1.0.11:44617|dataStream:|priority:0], old=null
2022-06-15 07:34:14,350 [a73ef743-905e-425d-956f-6fe1cf0283a9-server-thread1] INFO  segmented.SegmentedRaftLogWorker (SegmentedRaftLogWorker.java:startLogSegment(425)) - a73ef743-905e-425d-956f-6fe1cf0283a9@group-01DBEE4F6C09-SegmentedRaftLogWorker: Starting segment from index:0
2022-06-15 07:34:14,350 [2ba0c2a5-1748-4da9-81e4-5266296b4b8f@group-01DBEE4F6C09-StateMachineUpdater] INFO  ratis.ContainerStateMachine (ContainerStateMachine.java:takeSnapshot(304)) - group-01DBEE4F6C09: Taking a snapshot at:(t:3, i:0) file /home/runner/work/ozone/ozone/hadoop-ozone/integration-test/target/test-dir/MiniOzoneClusterImpl-589494f2-24de-4a8c-8650-9a890bc48d46/datanode-7/data/ratis/684fd514-47d7-4728-984b-01dbee4f6c09/sm/snapshot.3_0
2022-06-15 07:34:14,351 [2ba0c2a5-1748-4da9-81e4-5266296b4b8f@group-01DBEE4F6C09-StateMachineUpdater] INFO  ratis.ContainerStateMachine (ContainerStateMachine.java:takeSnapshot(315)) - group-01DBEE4F6C09: Finished taking a snapshot at:(t:3, i:0) file:/home/runner/work/ozone/ozone/hadoop-ozone/integration-test/target/test-dir/MiniOzoneClusterImpl-589494f2-24de-4a8c-8650-9a890bc48d46/datanode-7/data/ratis/684fd514-47d7-4728-984b-01dbee4f6c09/sm/snapshot.3_0 took: 1 ms
2022-06-15 07:34:14,351 [2ba0c2a5-1748-4da9-81e4-5266296b4b8f@group-01DBEE4F6C09-StateMachineUpdater] INFO  impl.StateMachineUpdater (StateMachineUpdater.java:takeSnapshot(287)) - 2ba0c2a5-1748-4da9-81e4-5266296b4b8f@group-01DBEE4F6C09-StateMachineUpdater: Took a snapshot at index 0
2022-06-15 07:34:14,351 [2ba0c2a5-1748-4da9-81e4-5266296b4b8f@group-01DBEE4F6C09-StateMachineUpdater] INFO  impl.StateMachineUpdater (StateMachineUpdater.java:lambda$new$0(92)) - 2ba0c2a5-1748-4da9-81e4-5266296b4b8f@group-01DBEE4F6C09-StateMachineUpdater: snapshotIndex: updateIncreasingly -1 -> 0
2022-06-15 07:34:14,352 [a73ef743-905e-425d-956f-6fe1cf0283a9@group-01DBEE4F6C09-SegmentedRaftLogWorker] INFO  segmented.SegmentedRaftLogWorker (SegmentedRaftLogWorker.java:execute(629)) - a73ef743-905e-425d-956f-6fe1cf0283a9@group-01DBEE4F6C09-SegmentedRaftLogWorker: created new log segment /home/runner/work/ozone/ozone/hadoop-ozone/integration-test/target/test-dir/MiniOzoneClusterImpl-589494f2-24de-4a8c-8650-9a890bc48d46/datanode-6/data/ratis/684fd514-47d7-4728-984b-01dbee4f6c09/current/log_inprogress_0
2022-06-15 07:34:14,361 [a73ef743-905e-425d-956f-6fe1cf0283a9@group-01DBEE4F6C09-StateMachineUpdater] INFO  ratis.ContainerStateMachine (ContainerStateMachine.java:takeSnapshot(304)) - group-01DBEE4F6C09: Taking a snapshot at:(t:3, i:0) file /home/runner/work/ozone/ozone/hadoop-ozone/integration-test/target/test-dir/MiniOzoneClusterImpl-589494f2-24de-4a8c-8650-9a890bc48d46/datanode-6/data/ratis/684fd514-47d7-4728-984b-01dbee4f6c09/sm/snapshot.3_0
2022-06-15 07:34:14,362 [a73ef743-905e-425d-956f-6fe1cf0283a9@group-01DBEE4F6C09-StateMachineUpdater] INFO  ratis.ContainerStateMachine (ContainerStateMachine.java:takeSnapshot(315)) - group-01DBEE4F6C09: Finished taking a snapshot at:(t:3, i:0) file:/home/runner/work/ozone/ozone/hadoop-ozone/integration-test/target/test-dir/MiniOzoneClusterImpl-589494f2-24de-4a8c-8650-9a890bc48d46/datanode-6/data/ratis/684fd514-47d7-4728-984b-01dbee4f6c09/sm/snapshot.3_0 took: 1 ms
2022-06-15 07:34:14,362 [a73ef743-905e-425d-956f-6fe1cf0283a9@group-01DBEE4F6C09-StateMachineUpdater] INFO  impl.StateMachineUpdater (StateMachineUpdater.java:takeSnapshot(287)) - a73ef743-905e-425d-956f-6fe1cf0283a9@group-01DBEE4F6C09-StateMachineUpdater: Took a snapshot at index 0
2022-06-15 07:34:14,362 [a73ef743-905e-425d-956f-6fe1cf0283a9@group-01DBEE4F6C09-StateMachineUpdater] INFO  impl.StateMachineUpdater (StateMachineUpdater.java:lambda$new$0(92)) - a73ef743-905e-425d-956f-6fe1cf0283a9@group-01DBEE4F6C09-StateMachineUpdater: snapshotIndex: updateIncreasingly -1 -> 0
2022-06-15 07:34:14,366 [309b0a9a-ca0d-4cb3-b4c4-40bf1bc4f3ac-server-thread2] INFO  server.RaftServer$Division (ServerState.java:setRaftConf(393)) - 309b0a9a-ca0d-4cb3-b4c4-40bf1bc4f3ac@group-01DBEE4F6C09: set configuration 0: [2ba0c2a5-1748-4da9-81e4-5266296b4b8f|rpc:10.1.0.11:43465|dataStream:|priority:1, a73ef743-905e-425d-956f-6fe1cf0283a9|rpc:10.1.0.11:34113|dataStream:|priority:0, 309b0a9a-ca0d-4cb3-b4c4-40bf1bc4f3ac|rpc:10.1.0.11:44617|dataStream:|priority:0], old=null
2022-06-15 07:34:14,366 [309b0a9a-ca0d-4cb3-b4c4-40bf1bc4f3ac-server-thread2] INFO  segmented.SegmentedRaftLogWorker (SegmentedRaftLogWorker.java:startLogSegment(425)) - 309b0a9a-ca0d-4cb3-b4c4-40bf1bc4f3ac@group-01DBEE4F6C09-SegmentedRaftLogWorker: Starting segment from index:0
2022-06-15 07:34:14,367 [309b0a9a-ca0d-4cb3-b4c4-40bf1bc4f3ac@group-01DBEE4F6C09-SegmentedRaftLogWorker] INFO  segmented.SegmentedRaftLogWorker (SegmentedRaftLogWorker.java:execute(629)) - 309b0a9a-ca0d-4cb3-b4c4-40bf1bc4f3ac@group-01DBEE4F6C09-SegmentedRaftLogWorker: created new log segment /home/runner/work/ozone/ozone/hadoop-ozone/integration-test/target/test-dir/MiniOzoneClusterImpl-589494f2-24de-4a8c-8650-9a890bc48d46/datanode-8/data/ratis/684fd514-47d7-4728-984b-01dbee4f6c09/current/log_inprogress_0
2022-06-15 07:34:14,369 [309b0a9a-ca0d-4cb3-b4c4-40bf1bc4f3ac@group-01DBEE4F6C09-StateMachineUpdater] INFO  ratis.ContainerStateMachine (ContainerStateMachine.java:takeSnapshot(304)) - group-01DBEE4F6C09: Taking a snapshot at:(t:3, i:0) file /home/runner/work/ozone/ozone/hadoop-ozone/integration-test/target/test-dir/MiniOzoneClusterImpl-589494f2-24de-4a8c-8650-9a890bc48d46/datanode-8/data/ratis/684fd514-47d7-4728-984b-01dbee4f6c09/sm/snapshot.3_0
2022-06-15 07:34:14,370 [309b0a9a-ca0d-4cb3-b4c4-40bf1bc4f3ac@group-01DBEE4F6C09-StateMachineUpdater] INFO  ratis.ContainerStateMachine (ContainerStateMachine.java:takeSnapshot(315)) - group-01DBEE4F6C09: Finished taking a snapshot at:(t:3, i:0) file:/home/runner/work/ozone/ozone/hadoop-ozone/integration-test/target/test-dir/MiniOzoneClusterImpl-589494f2-24de-4a8c-8650-9a890bc48d46/datanode-8/data/ratis/684fd514-47d7-4728-984b-01dbee4f6c09/sm/snapshot.3_0 took: 1 ms
2022-06-15 07:34:14,371 [309b0a9a-ca0d-4cb3-b4c4-40bf1bc4f3ac@group-01DBEE4F6C09-StateMachineUpdater] INFO  impl.StateMachineUpdater (StateMachineUpdater.java:takeSnapshot(287)) - 309b0a9a-ca0d-4cb3-b4c4-40bf1bc4f3ac@group-01DBEE4F6C09-StateMachineUpdater: Took a snapshot at index 0
2022-06-15 07:34:14,371 [309b0a9a-ca0d-4cb3-b4c4-40bf1bc4f3ac@group-01DBEE4F6C09-StateMachineUpdater] INFO  impl.StateMachineUpdater (StateMachineUpdater.java:lambda$new$0(92)) - 309b0a9a-ca0d-4cb3-b4c4-40bf1bc4f3ac@group-01DBEE4F6C09-StateMachineUpdater: snapshotIndex: updateIncreasingly -1 -> 0
2022-06-15 07:34:14,474 [EventQueue-PipelineReportForPipelineReportHandler] INFO  pipeline.PipelineReportHandler (PipelineReportHandler.java:processPipelineReport(113)) - Reported pipeline PipelineID=83aa0ae5-c647-4842-ba01-114df2e904af is not found
2022-06-15 07:34:14,534 [EventQueue-PipelineReportForPipelineReportHandler] INFO  pipeline.PipelineReportHandler (PipelineReportHandler.java:processPipelineReport(113)) - Reported pipeline PipelineID=83aa0ae5-c647-4842-ba01-114df2e904af is not found
2022-06-15 07:34:14,578 [EventQueue-PipelineReportForPipelineReportHandler] INFO  pipeline.PipelineReportHandler (PipelineReportHandler.java:processPipelineReport(113)) - Reported pipeline PipelineID=83aa0ae5-c647-4842-ba01-114df2e904af is not found
2022-06-15 07:34:14,777 [EventQueue-PipelineReportForPipelineReportHandler] INFO  pipeline.PipelineReportHandler (PipelineReportHandler.java:processPipelineReport(113)) - Reported pipeline PipelineID=83aa0ae5-c647-4842-ba01-114df2e904af is not found
2022-06-15 07:34:14,876 [EventQueue-PipelineReportForPipelineReportHandler] INFO  pipeline.PipelineReportHandler (PipelineReportHandler.java:processPipelineReport(113)) - Reported pipeline PipelineID=83aa0ae5-c647-4842-ba01-114df2e904af is not found
2022-06-15 07:34:14,934 [EventQueue-PipelineReportForPipelineReportHandler] INFO  pipeline.PipelineReportHandler (PipelineReportHandler.java:processPipelineReport(113)) - Reported pipeline PipelineID=83aa0ae5-c647-4842-ba01-114df2e904af is not found
2022-06-15 07:34:15,076 [EventQueue-PipelineReportForPipelineReportHandler] INFO  pipeline.PipelineReportHandler (PipelineReportHandler.java:processPipelineReport(113)) - Reported pipeline PipelineID=83aa0ae5-c647-4842-ba01-114df2e904af is not found
2022-06-15 07:34:15,178 [EventQueue-PipelineReportForPipelineReportHandler] INFO  pipeline.PipelineReportHandler (PipelineReportHandler.java:processPipelineReport(113)) - Reported pipeline PipelineID=83aa0ae5-c647-4842-ba01-114df2e904af is not found
2022-06-15 07:34:15,276 [EventQueue-PipelineReportForPipelineReportHandler] INFO  pipeline.PipelineReportHandler (PipelineReportHandler.java:processPipelineReport(113)) - Reported pipeline PipelineID=83aa0ae5-c647-4842-ba01-114df2e904af is not found
2022-06-15 07:34:15,334 [EventQueue-PipelineReportForPipelineReportHandler] INFO  pipeline.PipelineReportHandler (PipelineReportHandler.java:processPipelineReport(113)) - Reported pipeline PipelineID=83aa0ae5-c647-4842-ba01-114df2e904af is not found
2022-06-15 07:34:15,381 [EventQueue-PipelineReportForPipelineReportHandler] INFO  pipeline.PipelineReportHandler (PipelineReportHandler.java:processPipelineReport(113)) - Reported pipeline PipelineID=83aa0ae5-c647-4842-ba01-114df2e904af is not found
2022-06-15 07:34:15,582 [EventQueue-PipelineReportForPipelineReportHandler] INFO  pipeline.PipelineReportHandler (PipelineReportHandler.java:processPipelineReport(113)) - Reported pipeline PipelineID=83aa0ae5-c647-4842-ba01-114df2e904af is not found
2022-06-15 07:34:15,676 [EventQueue-PipelineReportForPipelineReportHandler] INFO  pipeline.PipelineReportHandler (PipelineReportHandler.java:processPipelineReport(113)) - Reported pipeline PipelineID=83aa0ae5-c647-4842-ba01-114df2e904af is not found
2022-06-15 07:34:15,734 [EventQueue-PipelineReportForPipelineReportHandler] INFO  pipeline.PipelineReportHandler (PipelineReportHandler.java:processPipelineReport(113)) - Reported pipeline PipelineID=83aa0ae5-c647-4842-ba01-114df2e904af is not found
2022-06-15 07:34:15,781 [EventQueue-PipelineReportForPipelineReportHandler] INFO  pipeline.PipelineReportHandler (PipelineReportHandler.java:processPipelineReport(113)) - Reported pipeline PipelineID=83aa0ae5-c647-4842-ba01-114df2e904af is not found
2022-06-15 07:34:15,934 [EventQueue-PipelineReportForPipelineReportHandler] INFO  pipeline.PipelineReportHandler (PipelineReportHandler.java:processPipelineReport(113)) - Reported pipeline PipelineID=83aa0ae5-c647-4842-ba01-114df2e904af is not found
2022-06-15 07:34:15,982 [EventQueue-PipelineReportForPipelineReportHandler] INFO  pipeline.PipelineReportHandler (PipelineReportHandler.java:processPipelineReport(113)) - Reported pipeline PipelineID=83aa0ae5-c647-4842-ba01-114df2e904af is not found
2022-06-15 07:34:16,077 [EventQueue-PipelineReportForPipelineReportHandler] INFO  pipeline.PipelineReportHandler (PipelineReportHandler.java:processPipelineReport(113)) - Reported pipeline PipelineID=83aa0ae5-c647-4842-ba01-114df2e904af is not found
2022-06-15 07:34:16,134 [EventQueue-PipelineReportForPipelineReportHandler] INFO  pipeline.PipelineReportHandler (PipelineReportHandler.java:processPipelineReport(113)) - Reported pipeline PipelineID=83aa0ae5-c647-4842-ba01-114df2e904af is not found
2022-06-15 07:34:16,277 [EventQueue-PipelineReportForPipelineReportHandler] INFO  pipeline.PipelineReportHandler (PipelineReportHandler.java:processPipelineReport(113)) - Reported pipeline PipelineID=83aa0ae5-c647-4842-ba01-114df2e904af is not found
2022-06-15 07:34:16,383 [EventQueue-PipelineReportForPipelineReportHandler] INFO  pipeline.PipelineReportHandler (PipelineReportHandler.java:processPipelineReport(113)) - Reported pipeline PipelineID=83aa0ae5-c647-4842-ba01-114df2e904af is not found
2022-06-15 07:34:16,477 [EventQueue-PipelineReportForPipelineReportHandler] INFO  pipeline.PipelineReportHandler (PipelineReportHandler.java:processPipelineReport(113)) - Reported pipeline PipelineID=83aa0ae5-c647-4842-ba01-114df2e904af is not found
2022-06-15 07:34:16,534 [EventQueue-PipelineReportForPipelineReportHandler] INFO  pipeline.PipelineReportHandler (PipelineReportHandler.java:processPipelineReport(113)) - Reported pipeline PipelineID=83aa0ae5-c647-4842-ba01-114df2e904af is not found
2022-06-15 07:34:16,583 [EventQueue-PipelineReportForPipelineReportHandler] INFO  pipeline.PipelineReportHandler (PipelineReportHandler.java:processPipelineReport(113)) - Reported pipeline PipelineID=83aa0ae5-c647-4842-ba01-114df2e904af is not found
2022-06-15 07:34:16,734 [EventQueue-PipelineReportForPipelineReportHandler] INFO  pipeline.PipelineReportHandler (PipelineReportHandler.java:processPipelineReport(113)) - Reported pipeline PipelineID=83aa0ae5-c647-4842-ba01-114df2e904af is not found
2022-06-15 07:34:16,783 [EventQueue-PipelineReportForPipelineReportHandler] INFO  pipeline.PipelineReportHandler (PipelineReportHandler.java:processPipelineReport(113)) - Reported pipeline PipelineID=83aa0ae5-c647-4842-ba01-114df2e904af is not found
2022-06-15 07:34:16,877 [EventQueue-PipelineReportForPipelineReportHandler] INFO  pipeline.PipelineReportHandler (PipelineReportHandler.java:processPipelineReport(113)) - Reported pipeline PipelineID=83aa0ae5-c647-4842-ba01-114df2e904af is not found
2022-06-15 07:34:16,934 [EventQueue-PipelineReportForPipelineReportHandler] INFO  pipeline.PipelineReportHandler (PipelineReportHandler.java:processPipelineReport(113)) - Reported pipeline PipelineID=83aa0ae5-c647-4842-ba01-114df2e904af is not found
2022-06-15 07:34:17,079 [EventQueue-PipelineReportForPipelineReportHandler] INFO  pipeline.PipelineReportHandler (PipelineReportHandler.java:processPipelineReport(113)) - Reported pipeline PipelineID=83aa0ae5-c647-4842-ba01-114df2e904af is not found
2022-06-15 07:34:17,134 [EventQueue-PipelineReportForPipelineReportHandler] INFO  pipeline.PipelineReportHandler (PipelineReportHandler.java:processPipelineReport(113)) - Reported pipeline PipelineID=83aa0ae5-c647-4842-ba01-114df2e904af is not found
2022-06-15 07:34:17,183 [EventQueue-PipelineReportForPipelineReportHandler] INFO  pipeline.PipelineReportHandler (PipelineReportHandler.java:processPipelineReport(113)) - Reported pipeline PipelineID=83aa0ae5-c647-4842-ba01-114df2e904af is not found
2022-06-15 07:34:17,279 [EventQueue-PipelineReportForPipelineReportHandler] INFO  pipeline.PipelineReportHandler (PipelineReportHandler.java:processPipelineReport(113)) - Reported pipeline PipelineID=83aa0ae5-c647-4842-ba01-114df2e904af is not found
2022-06-15 07:34:17,534 [EventQueue-PipelineReportForPipelineReportHandler] INFO  pipeline.PipelineReportHandler (PipelineReportHandler.java:processPipelineReport(113)) - Reported pipeline PipelineID=83aa0ae5-c647-4842-ba01-114df2e904af is not found
2022-06-15 07:34:17,585 [EventQueue-PipelineReportForPipelineReportHandler] INFO  pipeline.PipelineReportHandler (PipelineReportHandler.java:processPipelineReport(113)) - Reported pipeline PipelineID=83aa0ae5-c647-4842-ba01-114df2e904af is not found
2022-06-15 07:34:17,679 [EventQueue-PipelineReportForPipelineReportHandler] INFO  pipeline.PipelineReportHandler (PipelineReportHandler.java:processPipelineReport(113)) - Reported pipeline PipelineID=83aa0ae5-c647-4842-ba01-114df2e904af is not found
2022-06-15 07:34:17,735 [EventQueue-PipelineReportForPipelineReportHandler] INFO  pipeline.PipelineReportHandler (PipelineReportHandler.java:processPipelineReport(113)) - Reported pipeline PipelineID=83aa0ae5-c647-4842-ba01-114df2e904af is not found
2022-06-15 07:34:17,785 [EventQueue-PipelineReportForPipelineReportHandler] INFO  pipeline.PipelineReportHandler (PipelineReportHandler.java:processPipelineReport(113)) - Reported pipeline PipelineID=83aa0ae5-c647-4842-ba01-114df2e904af is not found
2022-06-15 07:34:18,078 [EventQueue-PipelineReportForPipelineReportHandler] INFO  pipeline.PipelineReportHandler (PipelineReportHandler.java:processPipelineReport(113)) - Reported pipeline PipelineID=83aa0ae5-c647-4842-ba01-114df2e904af is not found
2022-06-15 07:34:18,135 [EventQueue-PipelineReportForPipelineReportHandler] INFO  pipeline.PipelineReportHandler (PipelineReportHandler.java:processPipelineReport(113)) - Reported pipeline PipelineID=83aa0ae5-c647-4842-ba01-114df2e904af is not found
2022-06-15 07:34:18,184 [EventQueue-PipelineReportForPipelineReportHandler] INFO  pipeline.PipelineReportHandler (PipelineReportHandler.java:processPipelineReport(113)) - Reported pipeline PipelineID=83aa0ae5-c647-4842-ba01-114df2e904af is not found
2022-06-15 07:34:18,335 [EventQueue-PipelineReportForPipelineReportHandler] INFO  pipeline.PipelineReportHandler (PipelineReportHandler.java:processPipelineReport(113)) - Reported pipeline PipelineID=83aa0ae5-c647-4842-ba01-114df2e904af is not found
2022-06-15 07:34:18,386 [EventQueue-PipelineReportForPipelineReportHandler] INFO  pipeline.PipelineReportHandler (PipelineReportHandler.java:processPipelineReport(113)) - Reported pipeline PipelineID=83aa0ae5-c647-4842-ba01-114df2e904af is not found
2022-06-15 07:34:18,479 [EventQueue-PipelineReportForPipelineReportHandler] INFO  pipeline.PipelineReportHandler (PipelineReportHandler.java:processPipelineReport(113)) - Reported pipeline PipelineID=83aa0ae5-c647-4842-ba01-114df2e904af is not found
2022-06-15 07:34:18,536 [EventQueue-PipelineReportForPipelineReportHandler] INFO  pipeline.PipelineReportHandler (PipelineReportHandler.java:processPipelineReport(113)) - Reported pipeline PipelineID=83aa0ae5-c647-4842-ba01-114df2e904af is not found
2022-06-15 07:34:18,586 [EventQueue-PipelineReportForPipelineReportHandler] INFO  pipeline.PipelineReportHandler (PipelineReportHandler.java:processPipelineReport(113)) - Reported pipeline PipelineID=83aa0ae5-c647-4842-ba01-114df2e904af is not found
2022-06-15 07:34:18,879 [EventQueue-PipelineReportForPipelineReportHandler] INFO  pipeline.PipelineReportHandler (PipelineReportHandler.java:processPipelineReport(113)) - Reported pipeline PipelineID=83aa0ae5-c647-4842-ba01-114df2e904af is not found
2022-06-15 07:34:18,937 [EventQueue-PipelineReportForPipelineReportHandler] INFO  pipeline.PipelineReportHandler (PipelineReportHandler.java:processPipelineReport(113)) - Reported pipeline PipelineID=83aa0ae5-c647-4842-ba01-114df2e904af is not found
2022-06-15 07:34:18,987 [EventQueue-PipelineReportForPipelineReportHandler] INFO  pipeline.PipelineReportHandler (PipelineReportHandler.java:processPipelineReport(113)) - Reported pipeline PipelineID=83aa0ae5-c647-4842-ba01-114df2e904af is not found
2022-06-15 07:34:19,078 [EventQueue-PipelineReportForPipelineReportHandler] INFO  pipeline.PipelineReportHandler (PipelineReportHandler.java:processPipelineReport(113)) - Reported pipeline PipelineID=83aa0ae5-c647-4842-ba01-114df2e904af is not found
2022-06-15 07:34:19,279 [EventQueue-PipelineReportForPipelineReportHandler] INFO  pipeline.PipelineReportHandler (PipelineReportHandler.java:processPipelineReport(113)) - Reported pipeline PipelineID=83aa0ae5-c647-4842-ba01-114df2e904af is not found
2022-06-15 07:34:19,336 [EventQueue-PipelineReportForPipelineReportHandler] INFO  pipeline.PipelineReportHandler (PipelineReportHandler.java:processPipelineReport(113)) - Reported pipeline PipelineID=83aa0ae5-c647-4842-ba01-114df2e904af is not found
2022-06-15 07:34:19,387 [EventQueue-PipelineReportForPipelineReportHandler] INFO  pipeline.PipelineReportHandler (PipelineReportHandler.java:processPipelineReport(113)) - Reported pipeline PipelineID=83aa0ae5-c647-4842-ba01-114df2e904af is not found
2022-06-15 07:34:19,537 [EventQueue-PipelineReportForPipelineReportHandler] INFO  pipeline.PipelineReportHandler (PipelineReportHandler.java:processPipelineReport(113)) - Reported pipeline PipelineID=83aa0ae5-c647-4842-ba01-114df2e904af is not found
2022-06-15 07:34:19,588 [EventQueue-PipelineReportForPipelineReportHandler] INFO  pipeline.PipelineReportHandler (PipelineReportHandler.java:processPipelineReport(113)) - Reported pipeline PipelineID=83aa0ae5-c647-4842-ba01-114df2e904af is not found
2022-06-15 07:34:19,680 [EventQueue-PipelineReportForPipelineReportHandler] INFO  pipeline.PipelineReportHandler (PipelineReportHandler.java:processPipelineReport(113)) - Reported pipeline PipelineID=83aa0ae5-c647-4842-ba01-114df2e904af is not found
2022-06-15 07:34:19,879 [EventQueue-PipelineReportForPipelineReportHandler] INFO  pipeline.PipelineReportHandler (PipelineReportHandler.java:processPipelineReport(113)) - Reported pipeline PipelineID=83aa0ae5-c647-4842-ba01-114df2e904af is not found
2022-06-15 07:34:19,938 [EventQueue-PipelineReportForPipelineReportHandler] INFO  pipeline.PipelineReportHandler (PipelineReportHandler.java:processPipelineReport(113)) - Reported pipeline PipelineID=83aa0ae5-c647-4842-ba01-114df2e904af is not found
2022-06-15 07:34:19,988 [EventQueue-PipelineReportForPipelineReportHandler] INFO  pipeline.PipelineReportHandler (PipelineReportHandler.java:processPipelineReport(113)) - Reported pipeline PipelineID=83aa0ae5-c647-4842-ba01-114df2e904af is not found
2022-06-15 07:34:20,188 [EventQueue-PipelineReportForPipelineReportHandler] INFO  pipeline.PipelineReportHandler (PipelineReportHandler.java:processPipelineReport(113)) - Reported pipeline PipelineID=83aa0ae5-c647-4842-ba01-114df2e904af is not found
2022-06-15 07:34:20,280 [EventQueue-PipelineReportForPipelineReportHandler] INFO  pipeline.PipelineReportHandler (PipelineReportHandler.java:processPipelineReport(113)) - Reported pipeline PipelineID=83aa0ae5-c647-4842-ba01-114df2e904af is not found
2022-06-15 07:34:20,340 [EventQueue-PipelineReportForPipelineReportHandler] INFO  pipeline.PipelineReportHandler (PipelineReportHandler.java:processPipelineReport(113)) - Reported pipeline PipelineID=83aa0ae5-c647-4842-ba01-114df2e904af is not found
2022-06-15 07:34:20,481 [EventQueue-PipelineReportForPipelineReportHandler] INFO  pipeline.PipelineReportHandler (PipelineReportHandler.java:processPipelineReport(113)) - Reported pipeline PipelineID=83aa0ae5-c647-4842-ba01-114df2e904af is not found
2022-06-15 07:34:20,589 [EventQueue-PipelineReportForPipelineReportHandler] INFO  pipeline.PipelineReportHandler (PipelineReportHandler.java:processPipelineReport(113)) - Reported pipeline PipelineID=83aa0ae5-c647-4842-ba01-114df2e904af is not found
2022-06-15 07:34:20,681 [EventQueue-PipelineReportForPipelineReportHandler] INFO  pipeline.PipelineReportHandler (PipelineReportHandler.java:processPipelineReport(113)) - Reported pipeline PipelineID=83aa0ae5-c647-4842-ba01-114df2e904af is not found
2022-06-15 07:34:20,741 [EventQueue-PipelineReportForPipelineReportHandler] INFO  pipeline.PipelineReportHandler (PipelineReportHandler.java:processPipelineReport(113)) - Reported pipeline PipelineID=83aa0ae5-c647-4842-ba01-114df2e904af is not found
2022-06-15 07:34:20,789 [EventQueue-PipelineReportForPipelineReportHandler] INFO  pipeline.PipelineReportHandler (PipelineReportHandler.java:processPipelineReport(113)) - Reported pipeline PipelineID=83aa0ae5-c647-4842-ba01-114df2e904af is not found
2022-06-15 07:34:20,941 [EventQueue-PipelineReportForPipelineReportHandler] INFO  pipeline.PipelineReportHandler (PipelineReportHandler.java:processPipelineReport(113)) - Reported pipeline PipelineID=83aa0ae5-c647-4842-ba01-114df2e904af is not found
2022-06-15 07:34:20,990 [EventQueue-PipelineReportForPipelineReportHandler] INFO  pipeline.PipelineReportHandler (PipelineReportHandler.java:processPipelineReport(113)) - Reported pipeline PipelineID=83aa0ae5-c647-4842-ba01-114df2e904af is not found
2022-06-15 07:34:21,082 [EventQueue-PipelineReportForPipelineReportHandler] INFO  pipeline.PipelineReportHandler (PipelineReportHandler.java:processPipelineReport(113)) - Reported pipeline PipelineID=83aa0ae5-c647-4842-ba01-114df2e904af is not found
2022-06-15 07:34:21,341 [EventQueue-PipelineReportForPipelineReportHandler] INFO  pipeline.PipelineReportHandler (PipelineReportHandler.java:processPipelineReport(113)) - Reported pipeline PipelineID=83aa0ae5-c647-4842-ba01-114df2e904af is not found
2022-06-15 07:34:21,391 [EventQueue-PipelineReportForPipelineReportHandler] INFO  pipeline.PipelineReportHandler (PipelineReportHandler.java:processPipelineReport(113)) - Reported pipeline PipelineID=83aa0ae5-c647-4842-ba01-114df2e904af is not found
2022-06-15 07:34:21,482 [EventQueue-PipelineReportForPipelineReportHandler] INFO  pipeline.PipelineReportHandler (PipelineReportHandler.java:processPipelineReport(113)) - Reported pipeline PipelineID=83aa0ae5-c647-4842-ba01-114df2e904af is not found
2022-06-15 07:34:21,541 [EventQueue-PipelineReportForPipelineReportHandler] INFO  pipeline.PipelineReportHandler (PipelineReportHandler.java:processPipelineReport(113)) - Reported pipeline PipelineID=83aa0ae5-c647-4842-ba01-114df2e904af is not found
2022-06-15 07:34:21,591 [EventQueue-PipelineReportForPipelineReportHandler] INFO  pipeline.PipelineReportHandler (PipelineReportHandler.java:processPipelineReport(113)) - Reported pipeline PipelineID=83aa0ae5-c647-4842-ba01-114df2e904af is not found
2022-06-15 07:34:21,682 [EventQueue-PipelineReportForPipelineReportHandler] INFO  pipeline.PipelineReportHandler (PipelineReportHandler.java:processPipelineReport(113)) - Reported pipeline PipelineID=83aa0ae5-c647-4842-ba01-114df2e904af is not found
2022-06-15 07:34:21,792 [EventQueue-PipelineReportForPipelineReportHandler] INFO  pipeline.PipelineReportHandler (PipelineReportHandler.java:processPipelineReport(113)) - Reported pipeline PipelineID=83aa0ae5-c647-4842-ba01-114df2e904af is not found
2022-06-15 07:34:21,882 [EventQueue-PipelineReportForPipelineReportHandler] INFO  pipeline.PipelineReportHandler (PipelineReportHandler.java:processPipelineReport(113)) - Reported pipeline PipelineID=83aa0ae5-c647-4842-ba01-114df2e904af is not found
2022-06-15 07:34:21,941 [EventQueue-PipelineReportForPipelineReportHandler] INFO  pipeline.PipelineReportHandler (PipelineReportHandler.java:processPipelineReport(113)) - Reported pipeline PipelineID=83aa0ae5-c647-4842-ba01-114df2e904af is not found
2022-06-15 07:34:22,192 [EventQueue-PipelineReportForPipelineReportHandler] INFO  pipeline.PipelineReportHandler (PipelineReportHandler.java:processPipelineReport(113)) - Reported pipeline PipelineID=83aa0ae5-c647-4842-ba01-114df2e904af is not found
2022-06-15 07:34:22,282 [EventQueue-PipelineReportForPipelineReportHandler] INFO  pipeline.PipelineReportHandler (PipelineReportHandler.java:processPipelineReport(113)) - Reported pipeline PipelineID=83aa0ae5-c647-4842-ba01-114df2e904af is not found
2022-06-15 07:34:22,341 [EventQueue-PipelineReportForPipelineReportHandler] INFO  pipeline.PipelineReportHandler (PipelineReportHandler.java:processPipelineReport(113)) - Reported pipeline PipelineID=83aa0ae5-c647-4842-ba01-114df2e904af is not found
2022-06-15 07:34:22,542 [EventQueue-PipelineReportForPipelineReportHandler] INFO  pipeline.PipelineReportHandler (PipelineReportHandler.java:processPipelineReport(113)) - Reported pipeline PipelineID=83aa0ae5-c647-4842-ba01-114df2e904af is not found
2022-06-15 07:34:22,592 [EventQueue-PipelineReportForPipelineReportHandler] INFO  pipeline.PipelineReportHandler (PipelineReportHandler.java:processPipelineReport(113)) - Reported pipeline PipelineID=83aa0ae5-c647-4842-ba01-114df2e904af is not found
2022-06-15 07:34:22,682 [EventQueue-PipelineReportForPipelineReportHandler] INFO  pipeline.PipelineReportHandler (PipelineReportHandler.java:processPipelineReport(113)) - Reported pipeline PipelineID=83aa0ae5-c647-4842-ba01-114df2e904af is not found
2022-06-15 07:34:22,743 [EventQueue-PipelineReportForPipelineReportHandler] INFO  pipeline.PipelineReportHandler (PipelineReportHandler.java:processPipelineReport(113)) - Reported pipeline PipelineID=83aa0ae5-c647-4842-ba01-114df2e904af is not found
2022-06-15 07:34:22,882 [EventQueue-PipelineReportForPipelineReportHandler] INFO  pipeline.PipelineReportHandler (PipelineReportHandler.java:processPipelineReport(113)) - Reported pipeline PipelineID=83aa0ae5-c647-4842-ba01-114df2e904af is not found
2022-06-15 07:34:22,991 [EventQueue-PipelineReportForPipelineReportHandler] INFO  pipeline.PipelineReportHandler (PipelineReportHandler.java:processPipelineReport(113)) - Reported pipeline PipelineID=83aa0ae5-c647-4842-ba01-114df2e904af is not found
2022-06-15 07:34:23,142 [EventQueue-PipelineReportForPipelineReportHandler] INFO  pipeline.PipelineReportHandler (PipelineReportHandler.java:processPipelineReport(113)) - Reported pipeline PipelineID=83aa0ae5-c647-4842-ba01-114df2e904af is not found
2022-06-15 07:34:23,191 [EventQueue-PipelineReportForPipelineReportHandler] INFO  pipeline.PipelineReportHandler (PipelineReportHandler.java:processPipelineReport(113)) - Reported pipeline PipelineID=83aa0ae5-c647-4842-ba01-114df2e904af is not found
2022-06-15 07:34:23,281 [EventQueue-PipelineReportForPipelineReportHandler] INFO  pipeline.PipelineReportHandler (PipelineReportHandler.java:processPipelineReport(113)) - Reported pipeline PipelineID=83aa0ae5-c647-4842-ba01-114df2e904af is not found
2022-06-15 07:34:23,342 [EventQueue-PipelineReportForPipelineReportHandler] INFO  pipeline.PipelineReportHandler (PipelineReportHandler.java:processPipelineReport(113)) - Reported pipeline PipelineID=83aa0ae5-c647-4842-ba01-114df2e904af is not found
2022-06-15 07:34:23,392 [EventQueue-PipelineReportForPipelineReportHandler] INFO  pipeline.PipelineReportHandler (PipelineReportHandler.java:processPipelineReport(113)) - Reported pipeline PipelineID=83aa0ae5-c647-4842-ba01-114df2e904af is not found
2022-06-15 07:34:23,481 [EventQueue-PipelineReportForPipelineReportHandler] INFO  pipeline.PipelineReportHandler (PipelineReportHandler.java:processPipelineReport(113)) - Reported pipeline PipelineID=83aa0ae5-c647-4842-ba01-114df2e904af is not found
2022-06-15 07:34:23,591 [EventQueue-PipelineReportForPipelineReportHandler] INFO  pipeline.PipelineReportHandler (PipelineReportHandler.java:processPipelineReport(113)) - Reported pipeline PipelineID=83aa0ae5-c647-4842-ba01-114df2e904af is not found
2022-06-15 07:34:23,682 [EventQueue-PipelineReportForPipelineReportHandler] INFO  pipeline.PipelineReportHandler (PipelineReportHandler.java:processPipelineReport(113)) - Reported pipeline PipelineID=83aa0ae5-c647-4842-ba01-114df2e904af is not found
2022-06-15 07:34:23,742 [EventQueue-PipelineReportForPipelineReportHandler] INFO  pipeline.PipelineReportHandler (PipelineReportHandler.java:processPipelineReport(113)) - Reported pipeline PipelineID=83aa0ae5-c647-4842-ba01-114df2e904af is not found
2022-06-15 07:34:23,881 [EventQueue-PipelineReportForPipelineReportHandler] INFO  pipeline.PipelineReportHandler (PipelineReportHandler.java:processPipelineReport(113)) - Reported pipeline PipelineID=83aa0ae5-c647-4842-ba01-114df2e904af is not found
2022-06-15 07:34:23,991 [EventQueue-PipelineReportForPipelineReportHandler] INFO  pipeline.PipelineReportHandler (PipelineReportHandler.java:processPipelineReport(113)) - Reported pipeline PipelineID=83aa0ae5-c647-4842-ba01-114df2e904af is not found
2022-06-15 07:34:24,142 [EventQueue-PipelineReportForPipelineReportHandler] INFO  pipeline.PipelineReportHandler (PipelineReportHandler.java:processPipelineReport(113)) - Reported pipeline PipelineID=83aa0ae5-c647-4842-ba01-114df2e904af is not found
2022-06-15 07:34:24,192 [EventQueue-PipelineReportForPipelineReportHandler] INFO  pipeline.PipelineReportHandler (PipelineReportHandler.java:processPipelineReport(113)) - Reported pipeline PipelineID=83aa0ae5-c647-4842-ba01-114df2e904af is not found
2022-06-15 07:34:24,281 [EventQueue-PipelineReportForPipelineReportHandler] INFO  pipeline.PipelineReportHandler (PipelineReportHandler.java:processPipelineReport(113)) - Reported pipeline PipelineID=83aa0ae5-c647-4842-ba01-114df2e904af is not found
2022-06-15 07:34:24,542 [EventQueue-PipelineReportForPipelineReportHandler] INFO  pipeline.PipelineReportHandler (PipelineReportHandler.java:processPipelineReport(113)) - Reported pipeline PipelineID=83aa0ae5-c647-4842-ba01-114df2e904af is not found
2022-06-15 07:34:24,591 [EventQueue-PipelineReportForPipelineReportHandler] INFO  pipeline.PipelineReportHandler (PipelineReportHandler.java:processPipelineReport(113)) - Reported pipeline PipelineID=83aa0ae5-c647-4842-ba01-114df2e904af is not found
2022-06-15 07:34:24,681 [EventQueue-PipelineReportForPipelineReportHandler] INFO  pipeline.PipelineReportHandler (PipelineReportHandler.java:processPipelineReport(113)) - Reported pipeline PipelineID=83aa0ae5-c647-4842-ba01-114df2e904af is not found
2022-06-15 07:34:24,743 [EventQueue-PipelineReportForPipelineReportHandler] INFO  pipeline.PipelineReportHandler (PipelineReportHandler.java:processPipelineReport(113)) - Reported pipeline PipelineID=83aa0ae5-c647-4842-ba01-114df2e904af is not found
2022-06-15 07:34:24,791 [EventQueue-PipelineReportForPipelineReportHandler] INFO  pipeline.PipelineReportHandler (PipelineReportHandler.java:processPipelineReport(113)) - Reported pipeline PipelineID=83aa0ae5-c647-4842-ba01-114df2e904af is not found
2022-06-15 07:34:24,882 [EventQueue-PipelineReportForPipelineReportHandler] INFO  pipeline.PipelineReportHandler (PipelineReportHandler.java:processPipelineReport(113)) - Reported pipeline PipelineID=83aa0ae5-c647-4842-ba01-114df2e904af is not found
2022-06-15 07:34:25,082 [EventQueue-PipelineReportForPipelineReportHandler] INFO  pipeline.PipelineReportHandler (PipelineReportHandler.java:processPipelineReport(113)) - Reported pipeline PipelineID=83aa0ae5-c647-4842-ba01-114df2e904af is not found
2022-06-15 07:34:25,143 [EventQueue-PipelineReportForPipelineReportHandler] INFO  pipeline.PipelineReportHandler (PipelineReportHandler.java:processPipelineReport(113)) - Reported pipeline PipelineID=83aa0ae5-c647-4842-ba01-114df2e904af is not found
2022-06-15 07:34:25,191 [EventQueue-PipelineReportForPipelineReportHandler] INFO  pipeline.PipelineReportHandler (PipelineReportHandler.java:processPipelineReport(113)) - Reported pipeline PipelineID=83aa0ae5-c647-4842-ba01-114df2e904af is not found
2022-06-15 07:34:25,392 [EventQueue-PipelineReportForPipelineReportHandler] INFO  pipeline.PipelineReportHandler (PipelineReportHandler.java:processPipelineReport(113)) - Reported pipeline PipelineID=83aa0ae5-c647-4842-ba01-114df2e904af is not found
2022-06-15 07:34:25,482 [EventQueue-PipelineReportForPipelineReportHandler] INFO  pipeline.PipelineReportHandler (PipelineReportHandler.java:processPipelineReport(113)) - Reported pipeline PipelineID=83aa0ae5-c647-4842-ba01-114df2e904af is not found
2022-06-15 07:34:25,543 [EventQueue-PipelineReportForPipelineReportHandler] INFO  pipeline.PipelineReportHandler (PipelineReportHandler.java:processPipelineReport(113)) - Reported pipeline PipelineID=83aa0ae5-c647-4842-ba01-114df2e904af is not found
2022-06-15 07:34:25,592 [EventQueue-PipelineReportForPipelineReportHandler] INFO  pipeline.PipelineReportHandler (PipelineReportHandler.java:processPipelineReport(113)) - Reported pipeline PipelineID=83aa0ae5-c647-4842-ba01-114df2e904af is not found
2022-06-15 07:34:25,742 [EventQueue-PipelineReportForPipelineReportHandler] INFO  pipeline.PipelineReportHandler (PipelineReportHandler.java:processPipelineReport(113)) - Reported pipeline PipelineID=83aa0ae5-c647-4842-ba01-114df2e904af is not found
2022-06-15 07:34:25,792 [EventQueue-PipelineReportForPipelineReportHandler] INFO  pipeline.PipelineReportHandler (PipelineReportHandler.java:processPipelineReport(113)) - Reported pipeline PipelineID=83aa0ae5-c647-4842-ba01-114df2e904af is not found
2022-06-15 07:34:25,881 [EventQueue-PipelineReportForPipelineReportHandler] INFO  pipeline.PipelineReportHandler (PipelineReportHandler.java:processPipelineReport(113)) - Reported pipeline PipelineID=83aa0ae5-c647-4842-ba01-114df2e904af is not found
2022-06-15 07:34:26,082 [EventQueue-PipelineReportForPipelineReportHandler] INFO  pipeline.PipelineReportHandler (PipelineReportHandler.java:processPipelineReport(113)) - Reported pipeline PipelineID=83aa0ae5-c647-4842-ba01-114df2e904af is not found
2022-06-15 07:34:26,143 [EventQueue-PipelineReportForPipelineReportHandler] INFO  pipeline.PipelineReportHandler (PipelineReportHandler.java:processPipelineReport(113)) - Reported pipeline PipelineID=83aa0ae5-c647-4842-ba01-114df2e904af is not found
2022-06-15 07:34:26,193 [EventQueue-PipelineReportForPipelineReportHandler] INFO  pipeline.PipelineReportHandler (PipelineReportHandler.java:processPipelineReport(113)) - Reported pipeline PipelineID=83aa0ae5-c647-4842-ba01-114df2e904af is not found
2022-06-15 07:34:26,282 [EventQueue-PipelineReportForPipelineReportHandler] INFO  pipeline.PipelineReportHandler (PipelineReportHandler.java:processPipelineReport(113)) - Reported pipeline PipelineID=83aa0ae5-c647-4842-ba01-114df2e904af is not found
2022-06-15 07:34:26,343 [EventQueue-PipelineReportForPipelineReportHandler] INFO  pipeline.PipelineReportHandler (PipelineReportHandler.java:processPipelineReport(113)) - Reported pipeline PipelineID=83aa0ae5-c647-4842-ba01-114df2e904af is not found
2022-06-15 07:34:26,482 [EventQueue-PipelineReportForPipelineReportHandler] INFO  pipeline.PipelineReportHandler (PipelineReportHandler.java:processPipelineReport(113)) - Reported pipeline PipelineID=83aa0ae5-c647-4842-ba01-114df2e904af is not found
2022-06-15 07:34:26,543 [EventQueue-PipelineReportForPipelineReportHandler] INFO  pipeline.PipelineReportHandler (PipelineReportHandler.java:processPipelineReport(113)) - Reported pipeline PipelineID=83aa0ae5-c647-4842-ba01-114df2e904af is not found
2022-06-15 07:34:26,593 [EventQueue-PipelineReportForPipelineReportHandler] INFO  pipeline.PipelineReportHandler (PipelineReportHandler.java:processPipelineReport(113)) - Reported pipeline PipelineID=83aa0ae5-c647-4842-ba01-114df2e904af is not found
2022-06-15 07:34:26,743 [EventQueue-PipelineReportForPipelineReportHandler] INFO  pipeline.PipelineReportHandler (PipelineReportHandler.java:processPipelineReport(113)) - Reported pipeline PipelineID=83aa0ae5-c647-4842-ba01-114df2e904af is not found
2022-06-15 07:34:26,793 [EventQueue-PipelineReportForPipelineReportHandler] INFO  pipeline.PipelineReportHandler (PipelineReportHandler.java:processPipelineReport(113)) - Reported pipeline PipelineID=83aa0ae5-c647-4842-ba01-114df2e904af is not found
2022-06-15 07:34:26,822 [java.util.concurrent.ThreadPoolExecutor$Worker@4611ec78[State = -1, empty queue]] WARN  grpc.GrpcUtil (GrpcUtil.java:shutdownManagedChannel(216)) - Timed out gracefully shutting down connection: ManagedChannelOrphanWrapper{delegate=ManagedChannelImpl{logId=264, target=10.1.0.11:41193}}. 
2022-06-15 07:34:26,845 [grpc-default-executor-3] ERROR impl.OrderedAsync (OrderedAsync.java:lambda$send$4(175)) - Failed to send request, message=cmdType: WriteChunk
traceID: ""
containerID: 2
datanodeUuid: "b0a9d56e-b544-41cd-b2b1-b34d126127d5"
writeChunk {
  blockID {
    containerID: 2
    localID: 109611004723200002
    blockCommitSequenceId: 6
    replicaIndex: 0
  }
  chunkData {
    chunkName: "109611004723200002_chunk_2"
    offset: 5
    len: 10
    checksumData {
      type: CRC32
      bytesPerChecksum: 1048576
      checksums: "\317\357R*"
    }
  }
}
, data.size=10
java.util.concurrent.CompletionException: org.apache.ratis.protocol.exceptions.RaftRetryFailureException: Failed RaftClientRequest:client-63DEB0143E96->657a5ecd-0fe1-496e-aa3e-85dbaec35512@group-114DF2E904AF, cid=24, seq=7*, RW, cmdType: WriteChunk
traceID: ""
containerID: 2
datanodeUuid: "b0a9d56e-b544-41cd-b2b1-b34d126127d5"
writeChunk {
  blockID {
    containerID: 2
    localID: 109611004723200002
    blockCommitSequenceId: 6
    replicaIndex: 0
  }
  chunkData {
    chunkName: "109611004723200002_chunk_2"
    offset: 5
    len: 10
    checksumData {
      type: CRC32
      bytesPerChecksum: 1048576
      checksums: "\317\357R*"
    }
  }
}
, data.size=10 for 4 attempts with RequestTypeDependentRetryPolicy{WRITE->ExceptionDependentRetry(maxAttempts=2147483647; defaultPolicy=MultipleLinearRandomRetry[5x5s, 5x10s, 5x15s, 5x20s, 5x25s, 10x60s]; map={org.apache.ratis.protocol.exceptions.GroupMismatchException->NoRetry, org.apache.ratis.protocol.exceptions.NotReplicatedException->NoRetry, org.apache.ratis.protocol.exceptions.ResourceUnavailableException->org.apache.ratis.retry.ExponentialBackoffRetry@5ec21f7d, org.apache.ratis.protocol.exceptions.StateMachineException->NoRetry, org.apache.ratis.protocol.exceptions.TimeoutIOException->org.apache.ratis.retry.ExponentialBackoffRetry@5ec21f7d}), WATCH->ExceptionDependentRetry(maxAttempts=2147483647; defaultPolicy=MultipleLinearRandomRetry[5x5s, 5x10s, 5x15s, 5x20s, 5x25s, 10x60s]; map={org.apache.ratis.protocol.exceptions.GroupMismatchException->NoRetry, org.apache.ratis.protocol.exceptions.NotReplicatedException->NoRetry, org.apache.ratis.protocol.exceptions.ResourceUnavailableException->org.apache.ratis.retry.ExponentialBackoffRetry@5ec21f7d, org.apache.ratis.protocol.exceptions.StateMachineException->NoRetry, org.apache.ratis.protocol.exceptions.TimeoutIOException->NoRetry})}
	at java.util.concurrent.CompletableFuture.encodeThrowable(CompletableFuture.java:292)
	at java.util.concurrent.CompletableFuture.completeThrowable(CompletableFuture.java:308)
	at java.util.concurrent.CompletableFuture.uniApply(CompletableFuture.java:607)
	at java.util.concurrent.CompletableFuture$UniApply.tryFire(CompletableFuture.java:591)
	at java.util.concurrent.CompletableFuture.postComplete(CompletableFuture.java:488)
	at java.util.concurrent.CompletableFuture.completeExceptionally(CompletableFuture.java:1990)
	at org.apache.ratis.client.impl.OrderedAsync$PendingOrderedRequest.fail(OrderedAsync.java:104)
	at org.apache.ratis.util.SlidingWindow$Client.fail(SlidingWindow.java:364)
	at org.apache.ratis.client.impl.OrderedAsync.failAllAsyncRequests(OrderedAsync.java:148)
	at org.apache.ratis.client.impl.OrderedAsync.handleAsyncRetryFailure(OrderedAsync.java:152)
	at org.apache.ratis.client.impl.OrderedAsync.lambda$sendRequest$10(OrderedAsync.java:258)
	at java.util.concurrent.CompletableFuture.uniExceptionally(CompletableFuture.java:884)
	at java.util.concurrent.CompletableFuture$UniExceptionally.tryFire(CompletableFuture.java:866)
	at java.util.concurrent.CompletableFuture.postComplete(CompletableFuture.java:488)
	at java.util.concurrent.CompletableFuture.completeExceptionally(CompletableFuture.java:1990)
	at org.apache.ratis.grpc.client.GrpcClientProtocolClient$AsyncStreamObservers.completeReplyExceptionally(GrpcClientProtocolClient.java:405)
	at org.apache.ratis.grpc.client.GrpcClientProtocolClient$AsyncStreamObservers.access$000(GrpcClientProtocolClient.java:311)
	at org.apache.ratis.grpc.client.GrpcClientProtocolClient$AsyncStreamObservers$1.onNext(GrpcClientProtocolClient.java:325)
	at org.apache.ratis.grpc.client.GrpcClientProtocolClient$AsyncStreamObservers$1.onNext(GrpcClientProtocolClient.java:316)
	at org.apache.ratis.thirdparty.io.grpc.stub.ClientCalls$StreamObserverToCallListenerAdapter.onMessage(ClientCalls.java:466)
	at org.apache.ratis.thirdparty.io.grpc.ForwardingClientCallListener.onMessage(ForwardingClientCallListener.java:33)
	at org.apache.ratis.thirdparty.io.grpc.internal.DelayedClientCall$DelayedListener.onMessage(DelayedClientCall.java:447)
	at org.apache.ratis.thirdparty.io.grpc.internal.ClientCallImpl$ClientStreamListenerImpl$1MessagesAvailable.runInternal(ClientCallImpl.java:661)
	at org.apache.ratis.thirdparty.io.grpc.internal.ClientCallImpl$ClientStreamListenerImpl$1MessagesAvailable.runInContext(ClientCallImpl.java:646)
	at org.apache.ratis.thirdparty.io.grpc.internal.ContextRunnable.run(ContextRunnable.java:37)
	at org.apache.ratis.thirdparty.io.grpc.internal.SerializingExecutor.run(SerializingExecutor.java:133)
	at java.util.concurrent.ThreadPoolExecutor.runWorker(ThreadPoolExecutor.java:1149)
	at java.util.concurrent.ThreadPoolExecutor$Worker.run(ThreadPoolExecutor.java:624)
	at java.lang.Thread.run(Thread.java:750)
Caused by: org.apache.ratis.protocol.exceptions.RaftRetryFailureException: Failed RaftClientRequest:client-63DEB0143E96->657a5ecd-0fe1-496e-aa3e-85dbaec35512@group-114DF2E904AF, cid=24, seq=7*, RW, cmdType: WriteChunk
traceID: ""
containerID: 2
datanodeUuid: "b0a9d56e-b544-41cd-b2b1-b34d126127d5"
writeChunk {
  blockID {
    containerID: 2
    localID: 109611004723200002
    blockCommitSequenceId: 6
    replicaIndex: 0
  }
  chunkData {
    chunkName: "109611004723200002_chunk_2"
    offset: 5
    len: 10
    checksumData {
      type: CRC32
      bytesPerChecksum: 1048576
      checksums: "\317\357R*"
    }
  }
}
, data.size=10 for 4 attempts with RequestTypeDependentRetryPolicy{WRITE->ExceptionDependentRetry(maxAttempts=2147483647; defaultPolicy=MultipleLinearRandomRetry[5x5s, 5x10s, 5x15s, 5x20s, 5x25s, 10x60s]; map={org.apache.ratis.protocol.exceptions.GroupMismatchException->NoRetry, org.apache.ratis.protocol.exceptions.NotReplicatedException->NoRetry, org.apache.ratis.protocol.exceptions.ResourceUnavailableException->org.apache.ratis.retry.ExponentialBackoffRetry@5ec21f7d, org.apache.ratis.protocol.exceptions.StateMachineException->NoRetry, org.apache.ratis.protocol.exceptions.TimeoutIOException->org.apache.ratis.retry.ExponentialBackoffRetry@5ec21f7d}), WATCH->ExceptionDependentRetry(maxAttempts=2147483647; defaultPolicy=MultipleLinearRandomRetry[5x5s, 5x10s, 5x15s, 5x20s, 5x25s, 10x60s]; map={org.apache.ratis.protocol.exceptions.GroupMismatchException->NoRetry, org.apache.ratis.protocol.exceptions.NotReplicatedException->NoRetry, org.apache.ratis.protocol.exceptions.ResourceUnavailableException->org.apache.ratis.retry.ExponentialBackoffRetry@5ec21f7d, org.apache.ratis.protocol.exceptions.StateMachineException->NoRetry, org.apache.ratis.protocol.exceptions.TimeoutIOException->NoRetry})}
	at org.apache.ratis.client.impl.RaftClientImpl.noMoreRetries(RaftClientImpl.java:295)
	... 20 more
Caused by: org.apache.ratis.protocol.exceptions.NotLeaderException: Server 657a5ecd-0fe1-496e-aa3e-85dbaec35512@group-114DF2E904AF is not the leader 543aeec3-c74a-41c2-8a93-8d529b3aabc8|rpc:10.1.0.11:41193|dataStream:|priority:1
	at org.apache.ratis.client.impl.ClientProtoUtils.toRaftClientReply(ClientProtoUtils.java:378)
	at org.apache.ratis.grpc.client.GrpcClientProtocolClient$AsyncStreamObservers$1.onNext(GrpcClientProtocolClient.java:321)
	... 11 more
2022-06-15 07:34:26,849 [grpc-default-executor-3] ERROR impl.OrderedAsync (OrderedAsync.java:lambda$send$4(175)) - Failed to send request, message=cmdType: PutBlock
traceID: ""
containerID: 2
datanodeUuid: "b0a9d56e-b544-41cd-b2b1-b34d126127d5"
putBlock {
  blockData {
    blockID {
      containerID: 2
      localID: 109611004723200002
      blockCommitSequenceId: 0
    }
    metadata {
      key: "TYPE"
      value: "KEY"
    }
    chunks {
      chunkName: "109611004723200002_chunk_1"
      offset: 0
      len: 5
      checksumData {
        type: CRC32
        bytesPerChecksum: 1048576
        checksums: "\350a\3440"
      }
    }
    chunks {
      chunkName: "109611004723200002_chunk_2"
      offset: 5
      len: 10
      checksumData {
        type: CRC32
        bytesPerChecksum: 1048576
        checksums: "\317\357R*"
      }
    }
  }
  eof: false
}
, data.size=0
java.util.concurrent.CompletionException: org.apache.ratis.protocol.exceptions.AlreadyClosedException: SlidingWindow$Client:client-63DEB0143E96->RAFT is closed.
	at java.util.concurrent.CompletableFuture.encodeThrowable(CompletableFuture.java:292)
	at java.util.concurrent.CompletableFuture.completeThrowable(CompletableFuture.java:308)
	at java.util.concurrent.CompletableFuture.uniApply(CompletableFuture.java:607)
	at java.util.concurrent.CompletableFuture$UniApply.tryFire(CompletableFuture.java:591)
	at java.util.concurrent.CompletableFuture.postComplete(CompletableFuture.java:488)
	at java.util.concurrent.CompletableFuture.completeExceptionally(CompletableFuture.java:1990)
	at org.apache.ratis.client.impl.OrderedAsync$PendingOrderedRequest.fail(OrderedAsync.java:104)
	at org.apache.ratis.util.SlidingWindow$Client.alreadyClosed(SlidingWindow.java:378)
	at org.apache.ratis.util.SlidingWindow$Client.fail(SlidingWindow.java:366)
	at org.apache.ratis.client.impl.OrderedAsync.failAllAsyncRequests(OrderedAsync.java:148)
	at org.apache.ratis.client.impl.OrderedAsync.handleAsyncRetryFailure(OrderedAsync.java:152)
	at org.apache.ratis.client.impl.OrderedAsync.lambda$sendRequest$10(OrderedAsync.java:258)
	at java.util.concurrent.CompletableFuture.uniExceptionally(CompletableFuture.java:884)
	at java.util.concurrent.CompletableFuture$UniExceptionally.tryFire(CompletableFuture.java:866)
	at java.util.concurrent.CompletableFuture.postComplete(CompletableFuture.java:488)
	at java.util.concurrent.CompletableFuture.completeExceptionally(CompletableFuture.java:1990)
	at org.apache.ratis.grpc.client.GrpcClientProtocolClient$AsyncStreamObservers.completeReplyExceptionally(GrpcClientProtocolClient.java:405)
	at org.apache.ratis.grpc.client.GrpcClientProtocolClient$AsyncStreamObservers.access$000(GrpcClientProtocolClient.java:311)
	at org.apache.ratis.grpc.client.GrpcClientProtocolClient$AsyncStreamObservers$1.onNext(GrpcClientProtocolClient.java:325)
	at org.apache.ratis.grpc.client.GrpcClientProtocolClient$AsyncStreamObservers$1.onNext(GrpcClientProtocolClient.java:316)
	at org.apache.ratis.thirdparty.io.grpc.stub.ClientCalls$StreamObserverToCallListenerAdapter.onMessage(ClientCalls.java:466)
	at org.apache.ratis.thirdparty.io.grpc.ForwardingClientCallListener.onMessage(ForwardingClientCallListener.java:33)
	at org.apache.ratis.thirdparty.io.grpc.internal.DelayedClientCall$DelayedListener.onMessage(DelayedClientCall.java:447)
	at org.apache.ratis.thirdparty.io.grpc.internal.ClientCallImpl$ClientStreamListenerImpl$1MessagesAvailable.runInternal(ClientCallImpl.java:661)
	at org.apache.ratis.thirdparty.io.grpc.internal.ClientCallImpl$ClientStreamListenerImpl$1MessagesAvailable.runInContext(ClientCallImpl.java:646)
	at org.apache.ratis.thirdparty.io.grpc.internal.ContextRunnable.run(ContextRunnable.java:37)
	at org.apache.ratis.thirdparty.io.grpc.internal.SerializingExecutor.run(SerializingExecutor.java:133)
	at java.util.concurrent.ThreadPoolExecutor.runWorker(ThreadPoolExecutor.java:1149)
	at java.util.concurrent.ThreadPoolExecutor$Worker.run(ThreadPoolExecutor.java:624)
	at java.lang.Thread.run(Thread.java:750)
Caused by: org.apache.ratis.protocol.exceptions.AlreadyClosedException: SlidingWindow$Client:client-63DEB0143E96->RAFT is closed.
	... 23 more
Caused by: org.apache.ratis.protocol.exceptions.RaftRetryFailureException: Failed RaftClientRequest:client-63DEB0143E96->657a5ecd-0fe1-496e-aa3e-85dbaec35512@group-114DF2E904AF, cid=24, seq=7*, RW, cmdType: WriteChunk
traceID: ""
containerID: 2
datanodeUuid: "b0a9d56e-b544-41cd-b2b1-b34d126127d5"
writeChunk {
  blockID {
    containerID: 2
    localID: 109611004723200002
    blockCommitSequenceId: 6
    replicaIndex: 0
  }
  chunkData {
    chunkName: "109611004723200002_chunk_2"
    offset: 5
    len: 10
    checksumData {
      type: CRC32
      bytesPerChecksum: 1048576
      checksums: "\317\357R*"
    }
  }
}
, data.size=10 for 4 attempts with RequestTypeDependentRetryPolicy{WRITE->ExceptionDependentRetry(maxAttempts=2147483647; defaultPolicy=MultipleLinearRandomRetry[5x5s, 5x10s, 5x15s, 5x20s, 5x25s, 10x60s]; map={org.apache.ratis.protocol.exceptions.GroupMismatchException->NoRetry, org.apache.ratis.protocol.exceptions.NotReplicatedException->NoRetry, org.apache.ratis.protocol.exceptions.ResourceUnavailableException->org.apache.ratis.retry.ExponentialBackoffRetry@5ec21f7d, org.apache.ratis.protocol.exceptions.StateMachineException->NoRetry, org.apache.ratis.protocol.exceptions.TimeoutIOException->org.apache.ratis.retry.ExponentialBackoffRetry@5ec21f7d}), WATCH->ExceptionDependentRetry(maxAttempts=2147483647; defaultPolicy=MultipleLinearRandomRetry[5x5s, 5x10s, 5x15s, 5x20s, 5x25s, 10x60s]; map={org.apache.ratis.protocol.exceptions.GroupMismatchException->NoRetry, org.apache.ratis.protocol.exceptions.NotReplicatedException->NoRetry, org.apache.ratis.protocol.exceptions.ResourceUnavailableException->org.apache.ratis.retry.ExponentialBackoffRetry@5ec21f7d, org.apache.ratis.protocol.exceptions.StateMachineException->NoRetry, org.apache.ratis.protocol.exceptions.TimeoutIOException->NoRetry})}
	at org.apache.ratis.client.impl.RaftClientImpl.noMoreRetries(RaftClientImpl.java:295)
	... 20 more
Caused by: org.apache.ratis.protocol.exceptions.NotLeaderException: Server 657a5ecd-0fe1-496e-aa3e-85dbaec35512@group-114DF2E904AF is not the leader 543aeec3-c74a-41c2-8a93-8d529b3aabc8|rpc:10.1.0.11:41193|dataStream:|priority:1
	at org.apache.ratis.client.impl.ClientProtoUtils.toRaftClientReply(ClientProtoUtils.java:378)
	at org.apache.ratis.grpc.client.GrpcClientProtocolClient$AsyncStreamObservers$1.onNext(GrpcClientProtocolClient.java:321)
	... 11 more
2022-06-15 07:34:26,864 [Listener at 127.0.0.1/34461] WARN  io.KeyOutputStream (KeyOutputStream.java:handleException(309)) - Encountered exception java.io.IOException: Unexpected Storage Container Exception: java.util.concurrent.CompletionException: Failed to write chunk 109611004723200002_chunk_2 into block conID: 2 locID: 109611004723200002 bcsId: 6 on the pipeline Pipeline[ Id: 83aa0ae5-c647-4842-ba01-114df2e904af, Nodes: b0a9d56e-b544-41cd-b2b1-b34d126127d5{ip: 10.1.0.11, host: fv-az121-418.xhy4bhhdincepo0av04agjzkjc.cx.internal.cloudapp.net, ports: [REPLICATION=45673, RATIS=34765, RATIS_ADMIN=34765, RATIS_SERVER=34765, STANDALONE=46291], networkLocation: /default-rack, certSerialId: null, persistedOpState: IN_SERVICE, persistedOpStateExpiryEpochSec: 0}657a5ecd-0fe1-496e-aa3e-85dbaec35512{ip: 10.1.0.11, host: fv-az121-418.xhy4bhhdincepo0av04agjzkjc.cx.internal.cloudapp.net, ports: [REPLICATION=36157, RATIS=33757, RATIS_ADMIN=33757, RATIS_SERVER=33757, STANDALONE=41369], networkLocation: /default-rack, certSerialId: null, persistedOpState: IN_SERVICE, persistedOpStateExpiryEpochSec: 0}543aeec3-c74a-41c2-8a93-8d529b3aabc8{ip: 10.1.0.11, host: fv-az121-418.xhy4bhhdincepo0av04agjzkjc.cx.internal.cloudapp.net, ports: [REPLICATION=36317, RATIS=41193, RATIS_ADMIN=41193, RATIS_SERVER=41193, STANDALONE=38087], networkLocation: /default-rack, certSerialId: null, persistedOpState: IN_SERVICE, persistedOpStateExpiryEpochSec: 0}, ReplicationConfig: RATIS/THREE, State:OPEN, leaderId:543aeec3-c74a-41c2-8a93-8d529b3aabc8, CreationTimestamp2022-06-15T07:33:54.617Z[Etc/UTC]]. The last committed block length is 5, uncommitted data length is 10 retry count 0
2022-06-15 07:34:26,881 [EventQueue-PipelineReportForPipelineReportHandler] INFO  pipeline.PipelineReportHandler (PipelineReportHandler.java:processPipelineReport(113)) - Reported pipeline PipelineID=83aa0ae5-c647-4842-ba01-114df2e904af is not found
2022-06-15 07:34:27,051 [309b0a9a-ca0d-4cb3-b4c4-40bf1bc4f3ac@group-1CD1852B66C7-StateMachineUpdater] INFO  ratis.ContainerStateMachine (ContainerStateMachine.java:takeSnapshot(304)) - group-1CD1852B66C7: Taking a snapshot at:(t:2, i:4) file /home/runner/work/ozone/ozone/hadoop-ozone/integration-test/target/test-dir/MiniOzoneClusterImpl-589494f2-24de-4a8c-8650-9a890bc48d46/datanode-8/data/ratis/b5a8a24c-6c15-456e-926e-1cd1852b66c7/sm/snapshot.2_4
2022-06-15 07:34:27,052 [309b0a9a-ca0d-4cb3-b4c4-40bf1bc4f3ac@group-1CD1852B66C7-StateMachineUpdater] INFO  ratis.ContainerStateMachine (ContainerStateMachine.java:takeSnapshot(315)) - group-1CD1852B66C7: Finished taking a snapshot at:(t:2, i:4) file:/home/runner/work/ozone/ozone/hadoop-ozone/integration-test/target/test-dir/MiniOzoneClusterImpl-589494f2-24de-4a8c-8650-9a890bc48d46/datanode-8/data/ratis/b5a8a24c-6c15-456e-926e-1cd1852b66c7/sm/snapshot.2_4 took: 2 ms
2022-06-15 07:34:27,053 [309b0a9a-ca0d-4cb3-b4c4-40bf1bc4f3ac@group-1CD1852B66C7-StateMachineUpdater] INFO  impl.StateMachineUpdater (StateMachineUpdater.java:takeSnapshot(287)) - 309b0a9a-ca0d-4cb3-b4c4-40bf1bc4f3ac@group-1CD1852B66C7-StateMachineUpdater: Took a snapshot at index 4
2022-06-15 07:34:27,053 [309b0a9a-ca0d-4cb3-b4c4-40bf1bc4f3ac@group-1CD1852B66C7-StateMachineUpdater] INFO  impl.StateMachineUpdater (StateMachineUpdater.java:lambda$new$0(92)) - 309b0a9a-ca0d-4cb3-b4c4-40bf1bc4f3ac@group-1CD1852B66C7-StateMachineUpdater: snapshotIndex: updateIncreasingly 0 -> 4
2022-06-15 07:34:27,053 [2ba0c2a5-1748-4da9-81e4-5266296b4b8f@group-1CD1852B66C7-StateMachineUpdater] INFO  ratis.ContainerStateMachine (ContainerStateMachine.java:takeSnapshot(304)) - group-1CD1852B66C7: Taking a snapshot at:(t:2, i:4) file /home/runner/work/ozone/ozone/hadoop-ozone/integration-test/target/test-dir/MiniOzoneClusterImpl-589494f2-24de-4a8c-8650-9a890bc48d46/datanode-7/data/ratis/b5a8a24c-6c15-456e-926e-1cd1852b66c7/sm/snapshot.2_4
2022-06-15 07:34:27,055 [2ba0c2a5-1748-4da9-81e4-5266296b4b8f@group-1CD1852B66C7-StateMachineUpdater] INFO  ratis.ContainerStateMachine (ContainerStateMachine.java:takeSnapshot(315)) - group-1CD1852B66C7: Finished taking a snapshot at:(t:2, i:4) file:/home/runner/work/ozone/ozone/hadoop-ozone/integration-test/target/test-dir/MiniOzoneClusterImpl-589494f2-24de-4a8c-8650-9a890bc48d46/datanode-7/data/ratis/b5a8a24c-6c15-456e-926e-1cd1852b66c7/sm/snapshot.2_4 took: 2 ms
2022-06-15 07:34:27,055 [2ba0c2a5-1748-4da9-81e4-5266296b4b8f@group-1CD1852B66C7-StateMachineUpdater] INFO  impl.StateMachineUpdater (StateMachineUpdater.java:takeSnapshot(287)) - 2ba0c2a5-1748-4da9-81e4-5266296b4b8f@group-1CD1852B66C7-StateMachineUpdater: Took a snapshot at index 4
2022-06-15 07:34:27,055 [2ba0c2a5-1748-4da9-81e4-5266296b4b8f@group-1CD1852B66C7-StateMachineUpdater] INFO  impl.StateMachineUpdater (StateMachineUpdater.java:lambda$new$0(92)) - 2ba0c2a5-1748-4da9-81e4-5266296b4b8f@group-1CD1852B66C7-StateMachineUpdater: snapshotIndex: updateIncreasingly 0 -> 4
2022-06-15 07:34:27,059 [a73ef743-905e-425d-956f-6fe1cf0283a9@group-1CD1852B66C7-StateMachineUpdater] INFO  ratis.ContainerStateMachine (ContainerStateMachine.java:takeSnapshot(304)) - group-1CD1852B66C7: Taking a snapshot at:(t:2, i:4) file /home/runner/work/ozone/ozone/hadoop-ozone/integration-test/target/test-dir/MiniOzoneClusterImpl-589494f2-24de-4a8c-8650-9a890bc48d46/datanode-6/data/ratis/b5a8a24c-6c15-456e-926e-1cd1852b66c7/sm/snapshot.2_4
2022-06-15 07:34:27,061 [a73ef743-905e-425d-956f-6fe1cf0283a9@group-1CD1852B66C7-StateMachineUpdater] INFO  ratis.ContainerStateMachine (ContainerStateMachine.java:takeSnapshot(315)) - group-1CD1852B66C7: Finished taking a snapshot at:(t:2, i:4) file:/home/runner/work/ozone/ozone/hadoop-ozone/integration-test/target/test-dir/MiniOzoneClusterImpl-589494f2-24de-4a8c-8650-9a890bc48d46/datanode-6/data/ratis/b5a8a24c-6c15-456e-926e-1cd1852b66c7/sm/snapshot.2_4 took: 1 ms
2022-06-15 07:34:27,061 [a73ef743-905e-425d-956f-6fe1cf0283a9@group-1CD1852B66C7-StateMachineUpdater] INFO  impl.StateMachineUpdater (StateMachineUpdater.java:takeSnapshot(287)) - a73ef743-905e-425d-956f-6fe1cf0283a9@group-1CD1852B66C7-StateMachineUpdater: Took a snapshot at index 4
2022-06-15 07:34:27,061 [a73ef743-905e-425d-956f-6fe1cf0283a9@group-1CD1852B66C7-StateMachineUpdater] INFO  impl.StateMachineUpdater (StateMachineUpdater.java:lambda$new$0(92)) - a73ef743-905e-425d-956f-6fe1cf0283a9@group-1CD1852B66C7-StateMachineUpdater: snapshotIndex: updateIncreasingly 0 -> 4
2022-06-15 07:34:27,076 [a73ef743-905e-425d-956f-6fe1cf0283a9@group-1CD1852B66C7-StateMachineUpdater] INFO  ratis.ContainerStateMachine (ContainerStateMachine.java:takeSnapshot(304)) - group-1CD1852B66C7: Taking a snapshot at:(t:2, i:5) file /home/runner/work/ozone/ozone/hadoop-ozone/integration-test/target/test-dir/MiniOzoneClusterImpl-589494f2-24de-4a8c-8650-9a890bc48d46/datanode-6/data/ratis/b5a8a24c-6c15-456e-926e-1cd1852b66c7/sm/snapshot.2_5
2022-06-15 07:34:27,077 [a73ef743-905e-425d-956f-6fe1cf0283a9@group-1CD1852B66C7-StateMachineUpdater] INFO  ratis.ContainerStateMachine (ContainerStateMachine.java:takeSnapshot(315)) - group-1CD1852B66C7: Finished taking a snapshot at:(t:2, i:5) file:/home/runner/work/ozone/ozone/hadoop-ozone/integration-test/target/test-dir/MiniOzoneClusterImpl-589494f2-24de-4a8c-8650-9a890bc48d46/datanode-6/data/ratis/b5a8a24c-6c15-456e-926e-1cd1852b66c7/sm/snapshot.2_5 took: 1 ms
2022-06-15 07:34:27,077 [a73ef743-905e-425d-956f-6fe1cf0283a9@group-1CD1852B66C7-StateMachineUpdater] INFO  impl.StateMachineUpdater (StateMachineUpdater.java:takeSnapshot(287)) - a73ef743-905e-425d-956f-6fe1cf0283a9@group-1CD1852B66C7-StateMachineUpdater: Took a snapshot at index 5
2022-06-15 07:34:27,077 [a73ef743-905e-425d-956f-6fe1cf0283a9@group-1CD1852B66C7-StateMachineUpdater] INFO  impl.StateMachineUpdater (StateMachineUpdater.java:lambda$new$0(92)) - a73ef743-905e-425d-956f-6fe1cf0283a9@group-1CD1852B66C7-StateMachineUpdater: snapshotIndex: updateIncreasingly 4 -> 5
2022-06-15 07:34:27,077 [a73ef743-905e-425d-956f-6fe1cf0283a9@group-1CD1852B66C7-StateMachineUpdater] INFO  ratis.ContainerStateMachine (ContainerStateMachine.java:takeSnapshot(304)) - group-1CD1852B66C7: Taking a snapshot at:(t:2, i:8) file /home/runner/work/ozone/ozone/hadoop-ozone/integration-test/target/test-dir/MiniOzoneClusterImpl-589494f2-24de-4a8c-8650-9a890bc48d46/datanode-6/data/ratis/b5a8a24c-6c15-456e-926e-1cd1852b66c7/sm/snapshot.2_8
2022-06-15 07:34:27,078 [a73ef743-905e-425d-956f-6fe1cf0283a9@group-1CD1852B66C7-StateMachineUpdater] INFO  ratis.ContainerStateMachine (ContainerStateMachine.java:takeSnapshot(315)) - group-1CD1852B66C7: Finished taking a snapshot at:(t:2, i:8) file:/home/runner/work/ozone/ozone/hadoop-ozone/integration-test/target/test-dir/MiniOzoneClusterImpl-589494f2-24de-4a8c-8650-9a890bc48d46/datanode-6/data/ratis/b5a8a24c-6c15-456e-926e-1cd1852b66c7/sm/snapshot.2_8 took: 0 ms
2022-06-15 07:34:27,078 [a73ef743-905e-425d-956f-6fe1cf0283a9@group-1CD1852B66C7-StateMachineUpdater] INFO  impl.StateMachineUpdater (StateMachineUpdater.java:takeSnapshot(287)) - a73ef743-905e-425d-956f-6fe1cf0283a9@group-1CD1852B66C7-StateMachineUpdater: Took a snapshot at index 8
2022-06-15 07:34:27,078 [a73ef743-905e-425d-956f-6fe1cf0283a9@group-1CD1852B66C7-StateMachineUpdater] INFO  impl.StateMachineUpdater (StateMachineUpdater.java:lambda$new$0(92)) - a73ef743-905e-425d-956f-6fe1cf0283a9@group-1CD1852B66C7-StateMachineUpdater: snapshotIndex: updateIncreasingly 5 -> 8
2022-06-15 07:34:27,084 [2ba0c2a5-1748-4da9-81e4-5266296b4b8f@group-1CD1852B66C7-StateMachineUpdater] INFO  ratis.ContainerStateMachine (ContainerStateMachine.java:takeSnapshot(304)) - group-1CD1852B66C7: Taking a snapshot at:(t:2, i:5) file /home/runner/work/ozone/ozone/hadoop-ozone/integration-test/target/test-dir/MiniOzoneClusterImpl-589494f2-24de-4a8c-8650-9a890bc48d46/datanode-7/data/ratis/b5a8a24c-6c15-456e-926e-1cd1852b66c7/sm/snapshot.2_5
2022-06-15 07:34:27,090 [309b0a9a-ca0d-4cb3-b4c4-40bf1bc4f3ac@group-1CD1852B66C7-StateMachineUpdater] INFO  ratis.ContainerStateMachine (ContainerStateMachine.java:takeSnapshot(304)) - group-1CD1852B66C7: Taking a snapshot at:(t:2, i:8) file /home/runner/work/ozone/ozone/hadoop-ozone/integration-test/target/test-dir/MiniOzoneClusterImpl-589494f2-24de-4a8c-8650-9a890bc48d46/datanode-8/data/ratis/b5a8a24c-6c15-456e-926e-1cd1852b66c7/sm/snapshot.2_8
2022-06-15 07:34:27,091 [2ba0c2a5-1748-4da9-81e4-5266296b4b8f@group-1CD1852B66C7-StateMachineUpdater] INFO  ratis.ContainerStateMachine (ContainerStateMachine.java:takeSnapshot(315)) - group-1CD1852B66C7: Finished taking a snapshot at:(t:2, i:5) file:/home/runner/work/ozone/ozone/hadoop-ozone/integration-test/target/test-dir/MiniOzoneClusterImpl-589494f2-24de-4a8c-8650-9a890bc48d46/datanode-7/data/ratis/b5a8a24c-6c15-456e-926e-1cd1852b66c7/sm/snapshot.2_5 took: 7 ms
2022-06-15 07:34:27,091 [2ba0c2a5-1748-4da9-81e4-5266296b4b8f@group-1CD1852B66C7-StateMachineUpdater] INFO  impl.StateMachineUpdater (StateMachineUpdater.java:takeSnapshot(287)) - 2ba0c2a5-1748-4da9-81e4-5266296b4b8f@group-1CD1852B66C7-StateMachineUpdater: Took a snapshot at index 5
2022-06-15 07:34:27,091 [2ba0c2a5-1748-4da9-81e4-5266296b4b8f@group-1CD1852B66C7-StateMachineUpdater] INFO  impl.StateMachineUpdater (StateMachineUpdater.java:lambda$new$0(92)) - 2ba0c2a5-1748-4da9-81e4-5266296b4b8f@group-1CD1852B66C7-StateMachineUpdater: snapshotIndex: updateIncreasingly 4 -> 5
2022-06-15 07:34:27,091 [309b0a9a-ca0d-4cb3-b4c4-40bf1bc4f3ac@group-1CD1852B66C7-StateMachineUpdater] INFO  ratis.ContainerStateMachine (ContainerStateMachine.java:takeSnapshot(315)) - group-1CD1852B66C7: Finished taking a snapshot at:(t:2, i:8) file:/home/runner/work/ozone/ozone/hadoop-ozone/integration-test/target/test-dir/MiniOzoneClusterImpl-589494f2-24de-4a8c-8650-9a890bc48d46/datanode-8/data/ratis/b5a8a24c-6c15-456e-926e-1cd1852b66c7/sm/snapshot.2_8 took: 2 ms
2022-06-15 07:34:27,092 [309b0a9a-ca0d-4cb3-b4c4-40bf1bc4f3ac@group-1CD1852B66C7-StateMachineUpdater] INFO  impl.StateMachineUpdater (StateMachineUpdater.java:takeSnapshot(287)) - 309b0a9a-ca0d-4cb3-b4c4-40bf1bc4f3ac@group-1CD1852B66C7-StateMachineUpdater: Took a snapshot at index 8
2022-06-15 07:34:27,092 [309b0a9a-ca0d-4cb3-b4c4-40bf1bc4f3ac@group-1CD1852B66C7-StateMachineUpdater] INFO  impl.StateMachineUpdater (StateMachineUpdater.java:lambda$new$0(92)) - 309b0a9a-ca0d-4cb3-b4c4-40bf1bc4f3ac@group-1CD1852B66C7-StateMachineUpdater: snapshotIndex: updateIncreasingly 4 -> 8
2022-06-15 07:34:27,103 [a73ef743-905e-425d-956f-6fe1cf0283a9@group-1CD1852B66C7-StateMachineUpdater] INFO  ratis.ContainerStateMachine (ContainerStateMachine.java:takeSnapshot(304)) - group-1CD1852B66C7: Taking a snapshot at:(t:2, i:10) file /home/runner/work/ozone/ozone/hadoop-ozone/integration-test/target/test-dir/MiniOzoneClusterImpl-589494f2-24de-4a8c-8650-9a890bc48d46/datanode-6/data/ratis/b5a8a24c-6c15-456e-926e-1cd1852b66c7/sm/snapshot.2_10
2022-06-15 07:34:27,104 [a73ef743-905e-425d-956f-6fe1cf0283a9@group-1CD1852B66C7-StateMachineUpdater] INFO  ratis.ContainerStateMachine (ContainerStateMachine.java:takeSnapshot(315)) - group-1CD1852B66C7: Finished taking a snapshot at:(t:2, i:10) file:/home/runner/work/ozone/ozone/hadoop-ozone/integration-test/target/test-dir/MiniOzoneClusterImpl-589494f2-24de-4a8c-8650-9a890bc48d46/datanode-6/data/ratis/b5a8a24c-6c15-456e-926e-1cd1852b66c7/sm/snapshot.2_10 took: 2 ms
2022-06-15 07:34:27,105 [a73ef743-905e-425d-956f-6fe1cf0283a9@group-1CD1852B66C7-StateMachineUpdater] INFO  impl.StateMachineUpdater (StateMachineUpdater.java:takeSnapshot(287)) - a73ef743-905e-425d-956f-6fe1cf0283a9@group-1CD1852B66C7-StateMachineUpdater: Took a snapshot at index 10
2022-06-15 07:34:27,105 [a73ef743-905e-425d-956f-6fe1cf0283a9@group-1CD1852B66C7-StateMachineUpdater] INFO  impl.StateMachineUpdater (StateMachineUpdater.java:lambda$new$0(92)) - a73ef743-905e-425d-956f-6fe1cf0283a9@group-1CD1852B66C7-StateMachineUpdater: snapshotIndex: updateIncreasingly 8 -> 10
2022-06-15 07:34:27,138 [2ba0c2a5-1748-4da9-81e4-5266296b4b8f@group-1CD1852B66C7-StateMachineUpdater] INFO  ratis.ContainerStateMachine (ContainerStateMachine.java:takeSnapshot(304)) - group-1CD1852B66C7: Taking a snapshot at:(t:2, i:9) file /home/runner/work/ozone/ozone/hadoop-ozone/integration-test/target/test-dir/MiniOzoneClusterImpl-589494f2-24de-4a8c-8650-9a890bc48d46/datanode-7/data/ratis/b5a8a24c-6c15-456e-926e-1cd1852b66c7/sm/snapshot.2_9
2022-06-15 07:34:27,139 [2ba0c2a5-1748-4da9-81e4-5266296b4b8f@group-1CD1852B66C7-StateMachineUpdater] INFO  ratis.ContainerStateMachine (ContainerStateMachine.java:takeSnapshot(315)) - group-1CD1852B66C7: Finished taking a snapshot at:(t:2, i:9) file:/home/runner/work/ozone/ozone/hadoop-ozone/integration-test/target/test-dir/MiniOzoneClusterImpl-589494f2-24de-4a8c-8650-9a890bc48d46/datanode-7/data/ratis/b5a8a24c-6c15-456e-926e-1cd1852b66c7/sm/snapshot.2_9 took: 1 ms
2022-06-15 07:34:27,139 [2ba0c2a5-1748-4da9-81e4-5266296b4b8f@group-1CD1852B66C7-StateMachineUpdater] INFO  impl.StateMachineUpdater (StateMachineUpdater.java:takeSnapshot(287)) - 2ba0c2a5-1748-4da9-81e4-5266296b4b8f@group-1CD1852B66C7-StateMachineUpdater: Took a snapshot at index 9
2022-06-15 07:34:27,139 [2ba0c2a5-1748-4da9-81e4-5266296b4b8f@group-1CD1852B66C7-StateMachineUpdater] INFO  impl.StateMachineUpdater (StateMachineUpdater.java:lambda$new$0(92)) - 2ba0c2a5-1748-4da9-81e4-5266296b4b8f@group-1CD1852B66C7-StateMachineUpdater: snapshotIndex: updateIncreasingly 5 -> 9
2022-06-15 07:34:27,143 [EventQueue-PipelineReportForPipelineReportHandler] INFO  pipeline.PipelineReportHandler (PipelineReportHandler.java:processPipelineReport(113)) - Reported pipeline PipelineID=83aa0ae5-c647-4842-ba01-114df2e904af is not found
2022-06-15 07:34:27,192 [EventQueue-PipelineReportForPipelineReportHandler] INFO  pipeline.PipelineReportHandler (PipelineReportHandler.java:processPipelineReport(113)) - Reported pipeline PipelineID=83aa0ae5-c647-4842-ba01-114df2e904af is not found
2022-06-15 07:34:27,284 [EventQueue-PipelineReportForPipelineReportHandler] INFO  pipeline.PipelineReportHandler (PipelineReportHandler.java:processPipelineReport(113)) - Reported pipeline PipelineID=83aa0ae5-c647-4842-ba01-114df2e904af is not found
]]></system-out>
  </testcase>
  <testcase name="testWriteStateMachineDataIdempotencyWithClosedContainer" classname="org.apache.hadoop.ozone.client.rpc.TestContainerStateMachineFailures" time="0.455">
    <system-out><![CDATA[2022-06-15 07:34:27,452 [2ba0c2a5-1748-4da9-81e4-5266296b4b8f@group-DF65FAE17C66-StateMachineUpdater] INFO  ratis.ContainerStateMachine (ContainerStateMachine.java:takeSnapshot(304)) - group-DF65FAE17C66: Taking a snapshot at:(t:1, i:4) file /home/runner/work/ozone/ozone/hadoop-ozone/integration-test/target/test-dir/MiniOzoneClusterImpl-589494f2-24de-4a8c-8650-9a890bc48d46/datanode-7/data/ratis/639a3190-d0d5-4fb1-a295-df65fae17c66/sm/snapshot.1_4
2022-06-15 07:34:27,452 [2ba0c2a5-1748-4da9-81e4-5266296b4b8f@group-DF65FAE17C66-StateMachineUpdater] INFO  ratis.ContainerStateMachine (ContainerStateMachine.java:takeSnapshot(315)) - group-DF65FAE17C66: Finished taking a snapshot at:(t:1, i:4) file:/home/runner/work/ozone/ozone/hadoop-ozone/integration-test/target/test-dir/MiniOzoneClusterImpl-589494f2-24de-4a8c-8650-9a890bc48d46/datanode-7/data/ratis/639a3190-d0d5-4fb1-a295-df65fae17c66/sm/snapshot.1_4 took: 1 ms
2022-06-15 07:34:27,453 [2ba0c2a5-1748-4da9-81e4-5266296b4b8f@group-DF65FAE17C66-StateMachineUpdater] INFO  impl.StateMachineUpdater (StateMachineUpdater.java:takeSnapshot(287)) - 2ba0c2a5-1748-4da9-81e4-5266296b4b8f@group-DF65FAE17C66-StateMachineUpdater: Took a snapshot at index 4
2022-06-15 07:34:27,453 [2ba0c2a5-1748-4da9-81e4-5266296b4b8f@group-DF65FAE17C66-StateMachineUpdater] INFO  impl.StateMachineUpdater (StateMachineUpdater.java:lambda$new$0(92)) - 2ba0c2a5-1748-4da9-81e4-5266296b4b8f@group-DF65FAE17C66-StateMachineUpdater: snapshotIndex: updateIncreasingly 0 -> 4
2022-06-15 07:34:27,465 [2ba0c2a5-1748-4da9-81e4-5266296b4b8f@group-DF65FAE17C66-StateMachineUpdater] INFO  ratis.ContainerStateMachine (ContainerStateMachine.java:takeSnapshot(304)) - group-DF65FAE17C66: Taking a snapshot at:(t:1, i:7) file /home/runner/work/ozone/ozone/hadoop-ozone/integration-test/target/test-dir/MiniOzoneClusterImpl-589494f2-24de-4a8c-8650-9a890bc48d46/datanode-7/data/ratis/639a3190-d0d5-4fb1-a295-df65fae17c66/sm/snapshot.1_7
2022-06-15 07:34:27,467 [2ba0c2a5-1748-4da9-81e4-5266296b4b8f@group-DF65FAE17C66-StateMachineUpdater] INFO  ratis.ContainerStateMachine (ContainerStateMachine.java:takeSnapshot(315)) - group-DF65FAE17C66: Finished taking a snapshot at:(t:1, i:7) file:/home/runner/work/ozone/ozone/hadoop-ozone/integration-test/target/test-dir/MiniOzoneClusterImpl-589494f2-24de-4a8c-8650-9a890bc48d46/datanode-7/data/ratis/639a3190-d0d5-4fb1-a295-df65fae17c66/sm/snapshot.1_7 took: 1 ms
2022-06-15 07:34:27,467 [2ba0c2a5-1748-4da9-81e4-5266296b4b8f@group-DF65FAE17C66-StateMachineUpdater] INFO  impl.StateMachineUpdater (StateMachineUpdater.java:takeSnapshot(287)) - 2ba0c2a5-1748-4da9-81e4-5266296b4b8f@group-DF65FAE17C66-StateMachineUpdater: Took a snapshot at index 7
2022-06-15 07:34:27,467 [2ba0c2a5-1748-4da9-81e4-5266296b4b8f@group-DF65FAE17C66-StateMachineUpdater] INFO  impl.StateMachineUpdater (StateMachineUpdater.java:lambda$new$0(92)) - 2ba0c2a5-1748-4da9-81e4-5266296b4b8f@group-DF65FAE17C66-StateMachineUpdater: snapshotIndex: updateIncreasingly 4 -> 7
2022-06-15 07:34:27,474 [Listener at 127.0.0.1/34461] INFO  ratis.ContainerStateMachine (ContainerStateMachine.java:takeSnapshot(304)) - group-DF65FAE17C66: Taking a snapshot at:(t:1, i:7) file /home/runner/work/ozone/ozone/hadoop-ozone/integration-test/target/test-dir/MiniOzoneClusterImpl-589494f2-24de-4a8c-8650-9a890bc48d46/datanode-7/data/ratis/639a3190-d0d5-4fb1-a295-df65fae17c66/sm/snapshot.1_7
2022-06-15 07:34:27,475 [Listener at 127.0.0.1/34461] INFO  ratis.ContainerStateMachine (ContainerStateMachine.java:takeSnapshot(315)) - group-DF65FAE17C66: Finished taking a snapshot at:(t:1, i:7) file:/home/runner/work/ozone/ozone/hadoop-ozone/integration-test/target/test-dir/MiniOzoneClusterImpl-589494f2-24de-4a8c-8650-9a890bc48d46/datanode-7/data/ratis/639a3190-d0d5-4fb1-a295-df65fae17c66/sm/snapshot.1_7 took: 1 ms
2022-06-15 07:34:27,475 [Listener at 127.0.0.1/34461] INFO  ozone.MiniOzoneClusterImpl (MiniOzoneClusterImpl.java:getStorageContainerLocationClient(344)) - Creating StorageContainerLocationProtocol RPC client with address /0.0.0.0:40285
2022-06-15 07:34:27,485 [EventQueue-PipelineReportForPipelineReportHandler] INFO  pipeline.PipelineReportHandler (PipelineReportHandler.java:processPipelineReport(113)) - Reported pipeline PipelineID=83aa0ae5-c647-4842-ba01-114df2e904af is not found
2022-06-15 07:34:27,516 [ChunkWriter-0-0] WARN  helpers.ChunkUtils (ChunkUtils.java:validateChunkForOverwrite(240)) - Duplicate write chunk request. Chunk overwrite without explicit request. ChunkInfo{chunkName='109611004723200004.data.-565185539, offset=0, len=5}
2022-06-15 07:34:27,539 [ChunkWriter-0-0] WARN  helpers.ChunkUtils (ChunkUtils.java:validateChunkForOverwrite(240)) - Duplicate write chunk request. Chunk overwrite without explicit request. ChunkInfo{chunkName='109611004723200004.data.2031491158, offset=0, len=5}
2022-06-15 07:34:27,542 [ChunkWriter-0-0] WARN  helpers.ChunkUtils (ChunkUtils.java:validateChunkForOverwrite(240)) - Duplicate write chunk request. Chunk overwrite without explicit request. ChunkInfo{chunkName='109611004723200004.data.931930798, offset=0, len=5}
2022-06-15 07:34:27,546 [EventQueue-PipelineReportForPipelineReportHandler] INFO  pipeline.PipelineReportHandler (PipelineReportHandler.java:processPipelineReport(113)) - Reported pipeline PipelineID=83aa0ae5-c647-4842-ba01-114df2e904af is not found
2022-06-15 07:34:27,548 [ChunkWriter-0-0] WARN  helpers.ChunkUtils (ChunkUtils.java:validateChunkForOverwrite(240)) - Duplicate write chunk request. Chunk overwrite without explicit request. ChunkInfo{chunkName='109611004723200004.data.1070387263, offset=0, len=5}
2022-06-15 07:34:27,550 [ChunkWriter-0-0] WARN  helpers.ChunkUtils (ChunkUtils.java:validateChunkForOverwrite(240)) - Duplicate write chunk request. Chunk overwrite without explicit request. ChunkInfo{chunkName='109611004723200004.data.-296496282, offset=0, len=5}
2022-06-15 07:34:27,551 [ChunkWriter-0-0] WARN  helpers.ChunkUtils (ChunkUtils.java:validateChunkForOverwrite(240)) - Duplicate write chunk request. Chunk overwrite without explicit request. ChunkInfo{chunkName='109611004723200004.data.1283444304, offset=0, len=5}
2022-06-15 07:34:27,569 [ChunkWriter-0-0] WARN  helpers.ChunkUtils (ChunkUtils.java:validateChunkForOverwrite(240)) - Duplicate write chunk request. Chunk overwrite without explicit request. ChunkInfo{chunkName='109611004723200004.data.467708768, offset=0, len=5}
2022-06-15 07:34:27,590 [ChunkWriter-0-0] WARN  helpers.ChunkUtils (ChunkUtils.java:validateChunkForOverwrite(240)) - Duplicate write chunk request. Chunk overwrite without explicit request. ChunkInfo{chunkName='109611004723200004.data.691757198, offset=0, len=5}
2022-06-15 07:34:27,592 [EventQueue-PipelineReportForPipelineReportHandler] INFO  pipeline.PipelineReportHandler (PipelineReportHandler.java:processPipelineReport(113)) - Reported pipeline PipelineID=83aa0ae5-c647-4842-ba01-114df2e904af is not found
2022-06-15 07:34:27,593 [ChunkWriter-0-0] WARN  helpers.ChunkUtils (ChunkUtils.java:validateChunkForOverwrite(240)) - Duplicate write chunk request. Chunk overwrite without explicit request. ChunkInfo{chunkName='109611004723200004.data.1918945021, offset=0, len=5}
2022-06-15 07:34:27,595 [ChunkWriter-0-0] WARN  helpers.ChunkUtils (ChunkUtils.java:validateChunkForOverwrite(240)) - Duplicate write chunk request. Chunk overwrite without explicit request. ChunkInfo{chunkName='109611004723200004.data.129788134, offset=0, len=5}
2022-06-15 07:34:27,596 [ChunkWriter-0-0] WARN  helpers.ChunkUtils (ChunkUtils.java:validateChunkForOverwrite(240)) - Duplicate write chunk request. Chunk overwrite without explicit request. ChunkInfo{chunkName='109611004723200004.data.-1648483515, offset=0, len=5}
2022-06-15 07:34:27,597 [ChunkWriter-0-0] WARN  helpers.ChunkUtils (ChunkUtils.java:validateChunkForOverwrite(240)) - Duplicate write chunk request. Chunk overwrite without explicit request. ChunkInfo{chunkName='109611004723200004.data.-1485698773, offset=0, len=5}
2022-06-15 07:34:27,598 [ChunkWriter-0-0] WARN  helpers.ChunkUtils (ChunkUtils.java:validateChunkForOverwrite(240)) - Duplicate write chunk request. Chunk overwrite without explicit request. ChunkInfo{chunkName='109611004723200004.data.-1782025828, offset=0, len=5}
2022-06-15 07:34:27,600 [ChunkWriter-0-0] WARN  helpers.ChunkUtils (ChunkUtils.java:validateChunkForOverwrite(240)) - Duplicate write chunk request. Chunk overwrite without explicit request. ChunkInfo{chunkName='109611004723200004.data.-1678853888, offset=0, len=5}
2022-06-15 07:34:27,601 [ChunkWriter-0-0] WARN  helpers.ChunkUtils (ChunkUtils.java:validateChunkForOverwrite(240)) - Duplicate write chunk request. Chunk overwrite without explicit request. ChunkInfo{chunkName='109611004723200004.data.-496326479, offset=0, len=5}
2022-06-15 07:34:27,601 [ChunkWriter-0-0] WARN  helpers.ChunkUtils (ChunkUtils.java:validateChunkForOverwrite(240)) - Duplicate write chunk request. Chunk overwrite without explicit request. ChunkInfo{chunkName='109611004723200004.data.1173164807, offset=0, len=5}
2022-06-15 07:34:27,602 [ChunkWriter-0-0] WARN  helpers.ChunkUtils (ChunkUtils.java:validateChunkForOverwrite(240)) - Duplicate write chunk request. Chunk overwrite without explicit request. ChunkInfo{chunkName='109611004723200004.data.-1550853120, offset=0, len=5}
2022-06-15 07:34:27,603 [ChunkWriter-0-0] WARN  helpers.ChunkUtils (ChunkUtils.java:validateChunkForOverwrite(240)) - Duplicate write chunk request. Chunk overwrite without explicit request. ChunkInfo{chunkName='109611004723200004.data.-468302589, offset=0, len=5}
2022-06-15 07:34:27,604 [ChunkWriter-0-0] WARN  helpers.ChunkUtils (ChunkUtils.java:validateChunkForOverwrite(240)) - Duplicate write chunk request. Chunk overwrite without explicit request. ChunkInfo{chunkName='109611004723200004.data.1319744218, offset=0, len=5}
2022-06-15 07:34:27,606 [ChunkWriter-0-0] WARN  helpers.ChunkUtils (ChunkUtils.java:validateChunkForOverwrite(240)) - Duplicate write chunk request. Chunk overwrite without explicit request. ChunkInfo{chunkName='109611004723200004.data.-821942915, offset=0, len=5}
2022-06-15 07:34:27,606 [ChunkWriter-0-0] WARN  helpers.ChunkUtils (ChunkUtils.java:validateChunkForOverwrite(240)) - Duplicate write chunk request. Chunk overwrite without explicit request. ChunkInfo{chunkName='109611004723200004.data.-532988655, offset=0, len=5}
2022-06-15 07:34:27,607 [ChunkWriter-0-0] WARN  helpers.ChunkUtils (ChunkUtils.java:validateChunkForOverwrite(240)) - Duplicate write chunk request. Chunk overwrite without explicit request. ChunkInfo{chunkName='109611004723200004.data.128321524, offset=0, len=5}
2022-06-15 07:34:27,608 [ChunkWriter-0-0] WARN  helpers.ChunkUtils (ChunkUtils.java:validateChunkForOverwrite(240)) - Duplicate write chunk request. Chunk overwrite without explicit request. ChunkInfo{chunkName='109611004723200004.data.1259949237, offset=0, len=5}
2022-06-15 07:34:27,609 [ChunkWriter-0-0] WARN  helpers.ChunkUtils (ChunkUtils.java:validateChunkForOverwrite(240)) - Duplicate write chunk request. Chunk overwrite without explicit request. ChunkInfo{chunkName='109611004723200004.data.-1495647302, offset=0, len=5}
2022-06-15 07:34:27,610 [ChunkWriter-0-0] WARN  helpers.ChunkUtils (ChunkUtils.java:validateChunkForOverwrite(240)) - Duplicate write chunk request. Chunk overwrite without explicit request. ChunkInfo{chunkName='109611004723200004.data.1294533193, offset=0, len=5}
2022-06-15 07:34:27,614 [ChunkWriter-0-0] WARN  helpers.ChunkUtils (ChunkUtils.java:validateChunkForOverwrite(240)) - Duplicate write chunk request. Chunk overwrite without explicit request. ChunkInfo{chunkName='109611004723200004.data.-751411549, offset=0, len=5}
2022-06-15 07:34:27,616 [ChunkWriter-0-0] WARN  helpers.ChunkUtils (ChunkUtils.java:validateChunkForOverwrite(240)) - Duplicate write chunk request. Chunk overwrite without explicit request. ChunkInfo{chunkName='109611004723200004.data.-1882650877, offset=0, len=5}
2022-06-15 07:34:27,617 [ChunkWriter-0-0] WARN  helpers.ChunkUtils (ChunkUtils.java:validateChunkForOverwrite(240)) - Duplicate write chunk request. Chunk overwrite without explicit request. ChunkInfo{chunkName='109611004723200004.data.-1225785836, offset=0, len=5}
2022-06-15 07:34:27,618 [ChunkWriter-0-0] WARN  helpers.ChunkUtils (ChunkUtils.java:validateChunkForOverwrite(240)) - Duplicate write chunk request. Chunk overwrite without explicit request. ChunkInfo{chunkName='109611004723200004.data.-569388021, offset=0, len=5}
2022-06-15 07:34:27,620 [ChunkWriter-0-0] WARN  helpers.ChunkUtils (ChunkUtils.java:validateChunkForOverwrite(240)) - Duplicate write chunk request. Chunk overwrite without explicit request. ChunkInfo{chunkName='109611004723200004.data.-859751098, offset=0, len=5}
2022-06-15 07:34:27,621 [ChunkWriter-0-0] WARN  helpers.ChunkUtils (ChunkUtils.java:validateChunkForOverwrite(240)) - Duplicate write chunk request. Chunk overwrite without explicit request. ChunkInfo{chunkName='109611004723200004.data.-1823216274, offset=0, len=5}
2022-06-15 07:34:27,622 [ChunkWriter-0-0] WARN  helpers.ChunkUtils (ChunkUtils.java:validateChunkForOverwrite(240)) - Duplicate write chunk request. Chunk overwrite without explicit request. ChunkInfo{chunkName='109611004723200004.data.641813378, offset=0, len=5}
2022-06-15 07:34:27,623 [ChunkWriter-0-0] WARN  helpers.ChunkUtils (ChunkUtils.java:validateChunkForOverwrite(240)) - Duplicate write chunk request. Chunk overwrite without explicit request. ChunkInfo{chunkName='109611004723200004.data.-737748207, offset=0, len=5}
2022-06-15 07:34:27,624 [ChunkWriter-0-0] WARN  helpers.ChunkUtils (ChunkUtils.java:validateChunkForOverwrite(240)) - Duplicate write chunk request. Chunk overwrite without explicit request. ChunkInfo{chunkName='109611004723200004.data.509967184, offset=0, len=5}
2022-06-15 07:34:27,625 [ChunkWriter-0-0] WARN  helpers.ChunkUtils (ChunkUtils.java:validateChunkForOverwrite(240)) - Duplicate write chunk request. Chunk overwrite without explicit request. ChunkInfo{chunkName='109611004723200004.data.2009405115, offset=0, len=5}
2022-06-15 07:34:27,628 [ChunkWriter-0-0] WARN  helpers.ChunkUtils (ChunkUtils.java:validateChunkForOverwrite(240)) - Duplicate write chunk request. Chunk overwrite without explicit request. ChunkInfo{chunkName='109611004723200004.data.355532708, offset=0, len=5}
2022-06-15 07:34:27,630 [ChunkWriter-0-0] WARN  helpers.ChunkUtils (ChunkUtils.java:validateChunkForOverwrite(240)) - Duplicate write chunk request. Chunk overwrite without explicit request. ChunkInfo{chunkName='109611004723200004.data.-1685026905, offset=0, len=5}
2022-06-15 07:34:27,631 [2ba0c2a5-1748-4da9-81e4-5266296b4b8f@group-DF65FAE17C66-StateMachineUpdater] INFO  ratis.ContainerStateMachine (ContainerStateMachine.java:takeSnapshot(304)) - group-DF65FAE17C66: Taking a snapshot at:(t:1, i:15) file /home/runner/work/ozone/ozone/hadoop-ozone/integration-test/target/test-dir/MiniOzoneClusterImpl-589494f2-24de-4a8c-8650-9a890bc48d46/datanode-7/data/ratis/639a3190-d0d5-4fb1-a295-df65fae17c66/sm/snapshot.1_15
2022-06-15 07:34:27,632 [2ba0c2a5-1748-4da9-81e4-5266296b4b8f@group-DF65FAE17C66-StateMachineUpdater] INFO  ratis.ContainerStateMachine (ContainerStateMachine.java:takeSnapshot(315)) - group-DF65FAE17C66: Finished taking a snapshot at:(t:1, i:15) file:/home/runner/work/ozone/ozone/hadoop-ozone/integration-test/target/test-dir/MiniOzoneClusterImpl-589494f2-24de-4a8c-8650-9a890bc48d46/datanode-7/data/ratis/639a3190-d0d5-4fb1-a295-df65fae17c66/sm/snapshot.1_15 took: 1 ms
2022-06-15 07:34:27,632 [2ba0c2a5-1748-4da9-81e4-5266296b4b8f@group-DF65FAE17C66-StateMachineUpdater] INFO  impl.StateMachineUpdater (StateMachineUpdater.java:takeSnapshot(287)) - 2ba0c2a5-1748-4da9-81e4-5266296b4b8f@group-DF65FAE17C66-StateMachineUpdater: Took a snapshot at index 15
2022-06-15 07:34:27,632 [2ba0c2a5-1748-4da9-81e4-5266296b4b8f@group-DF65FAE17C66-StateMachineUpdater] INFO  impl.StateMachineUpdater (StateMachineUpdater.java:lambda$new$0(92)) - 2ba0c2a5-1748-4da9-81e4-5266296b4b8f@group-DF65FAE17C66-StateMachineUpdater: snapshotIndex: updateIncreasingly 7 -> 15
2022-06-15 07:34:27,639 [ChunkWriter-0-0] WARN  helpers.ChunkUtils (ChunkUtils.java:validateChunkForOverwrite(240)) - Duplicate write chunk request. Chunk overwrite without explicit request. ChunkInfo{chunkName='109611004723200004.data.-543372591, offset=0, len=5}
2022-06-15 07:34:27,643 [ChunkWriter-0-0] WARN  helpers.ChunkUtils (ChunkUtils.java:validateChunkForOverwrite(240)) - Duplicate write chunk request. Chunk overwrite without explicit request. ChunkInfo{chunkName='109611004723200004.data.-1757904638, offset=0, len=5}
2022-06-15 07:34:27,648 [ChunkWriter-0-0] WARN  helpers.ChunkUtils (ChunkUtils.java:validateChunkForOverwrite(240)) - Duplicate write chunk request. Chunk overwrite without explicit request. ChunkInfo{chunkName='109611004723200004.data.1485170292, offset=0, len=5}
2022-06-15 07:34:27,657 [ChunkWriter-0-0] WARN  helpers.ChunkUtils (ChunkUtils.java:validateChunkForOverwrite(240)) - Duplicate write chunk request. Chunk overwrite without explicit request. ChunkInfo{chunkName='109611004723200004.data.-1386566122, offset=0, len=5}
2022-06-15 07:34:27,659 [ChunkWriter-0-0] WARN  helpers.ChunkUtils (ChunkUtils.java:validateChunkForOverwrite(240)) - Duplicate write chunk request. Chunk overwrite without explicit request. ChunkInfo{chunkName='109611004723200004.data.-1080920521, offset=0, len=5}
2022-06-15 07:34:27,660 [ChunkWriter-0-0] WARN  helpers.ChunkUtils (ChunkUtils.java:validateChunkForOverwrite(240)) - Duplicate write chunk request. Chunk overwrite without explicit request. ChunkInfo{chunkName='109611004723200004.data.-887926151, offset=0, len=5}
2022-06-15 07:34:27,661 [ChunkWriter-0-0] WARN  helpers.ChunkUtils (ChunkUtils.java:validateChunkForOverwrite(240)) - Duplicate write chunk request. Chunk overwrite without explicit request. ChunkInfo{chunkName='109611004723200004.data.298432079, offset=0, len=5}
2022-06-15 07:34:27,663 [2ba0c2a5-1748-4da9-81e4-5266296b4b8f@group-DF65FAE17C66-StateMachineUpdater] INFO  ratis.ContainerStateMachine (ContainerStateMachine.java:takeSnapshot(304)) - group-DF65FAE17C66: Taking a snapshot at:(t:1, i:69) file /home/runner/work/ozone/ozone/hadoop-ozone/integration-test/target/test-dir/MiniOzoneClusterImpl-589494f2-24de-4a8c-8650-9a890bc48d46/datanode-7/data/ratis/639a3190-d0d5-4fb1-a295-df65fae17c66/sm/snapshot.1_69
2022-06-15 07:34:27,664 [2ba0c2a5-1748-4da9-81e4-5266296b4b8f@group-DF65FAE17C66-StateMachineUpdater] INFO  ratis.ContainerStateMachine (ContainerStateMachine.java:takeSnapshot(315)) - group-DF65FAE17C66: Finished taking a snapshot at:(t:1, i:69) file:/home/runner/work/ozone/ozone/hadoop-ozone/integration-test/target/test-dir/MiniOzoneClusterImpl-589494f2-24de-4a8c-8650-9a890bc48d46/datanode-7/data/ratis/639a3190-d0d5-4fb1-a295-df65fae17c66/sm/snapshot.1_69 took: 1 ms
2022-06-15 07:34:27,664 [2ba0c2a5-1748-4da9-81e4-5266296b4b8f@group-DF65FAE17C66-StateMachineUpdater] INFO  impl.StateMachineUpdater (StateMachineUpdater.java:takeSnapshot(287)) - 2ba0c2a5-1748-4da9-81e4-5266296b4b8f@group-DF65FAE17C66-StateMachineUpdater: Took a snapshot at index 69
2022-06-15 07:34:27,664 [2ba0c2a5-1748-4da9-81e4-5266296b4b8f@group-DF65FAE17C66-StateMachineUpdater] INFO  impl.StateMachineUpdater (StateMachineUpdater.java:lambda$new$0(92)) - 2ba0c2a5-1748-4da9-81e4-5266296b4b8f@group-DF65FAE17C66-StateMachineUpdater: snapshotIndex: updateIncreasingly 15 -> 69
2022-06-15 07:34:27,664 [ChunkWriter-0-0] WARN  helpers.ChunkUtils (ChunkUtils.java:validateChunkForOverwrite(240)) - Duplicate write chunk request. Chunk overwrite without explicit request. ChunkInfo{chunkName='109611004723200004.data.-110099406, offset=0, len=5}
2022-06-15 07:34:27,666 [ChunkWriter-0-0] WARN  helpers.ChunkUtils (ChunkUtils.java:validateChunkForOverwrite(240)) - Duplicate write chunk request. Chunk overwrite without explicit request. ChunkInfo{chunkName='109611004723200004.data.903424994, offset=0, len=5}
2022-06-15 07:34:27,666 [ChunkWriter-0-0] WARN  helpers.ChunkUtils (ChunkUtils.java:validateChunkForOverwrite(240)) - Duplicate write chunk request. Chunk overwrite without explicit request. ChunkInfo{chunkName='109611004723200004.data.-1056660032, offset=0, len=5}
2022-06-15 07:34:27,669 [ChunkWriter-0-0] WARN  helpers.ChunkUtils (ChunkUtils.java:validateChunkForOverwrite(240)) - Duplicate write chunk request. Chunk overwrite without explicit request. ChunkInfo{chunkName='109611004723200004.data.1894766867, offset=0, len=5}
2022-06-15 07:34:27,670 [ChunkWriter-0-0] WARN  helpers.ChunkUtils (ChunkUtils.java:validateChunkForOverwrite(240)) - Duplicate write chunk request. Chunk overwrite without explicit request. ChunkInfo{chunkName='109611004723200004.data.-2011329450, offset=0, len=5}
2022-06-15 07:34:27,670 [ChunkWriter-0-0] WARN  helpers.ChunkUtils (ChunkUtils.java:validateChunkForOverwrite(240)) - Duplicate write chunk request. Chunk overwrite without explicit request. ChunkInfo{chunkName='109611004723200004.data.-1140506742, offset=0, len=5}
2022-06-15 07:34:27,670 [ChunkWriter-0-0] WARN  helpers.ChunkUtils (ChunkUtils.java:validateChunkForOverwrite(240)) - Duplicate write chunk request. Chunk overwrite without explicit request. ChunkInfo{chunkName='109611004723200004.data.-471003579, offset=0, len=5}
2022-06-15 07:34:27,673 [2ba0c2a5-1748-4da9-81e4-5266296b4b8f@group-DF65FAE17C66-StateMachineUpdater] INFO  ratis.ContainerStateMachine (ContainerStateMachine.java:takeSnapshot(304)) - group-DF65FAE17C66: Taking a snapshot at:(t:1, i:79) file /home/runner/work/ozone/ozone/hadoop-ozone/integration-test/target/test-dir/MiniOzoneClusterImpl-589494f2-24de-4a8c-8650-9a890bc48d46/datanode-7/data/ratis/639a3190-d0d5-4fb1-a295-df65fae17c66/sm/snapshot.1_79
2022-06-15 07:34:27,674 [2ba0c2a5-1748-4da9-81e4-5266296b4b8f@group-DF65FAE17C66-StateMachineUpdater] INFO  ratis.ContainerStateMachine (ContainerStateMachine.java:takeSnapshot(315)) - group-DF65FAE17C66: Finished taking a snapshot at:(t:1, i:79) file:/home/runner/work/ozone/ozone/hadoop-ozone/integration-test/target/test-dir/MiniOzoneClusterImpl-589494f2-24de-4a8c-8650-9a890bc48d46/datanode-7/data/ratis/639a3190-d0d5-4fb1-a295-df65fae17c66/sm/snapshot.1_79 took: 1 ms
2022-06-15 07:34:27,675 [2ba0c2a5-1748-4da9-81e4-5266296b4b8f@group-DF65FAE17C66-StateMachineUpdater] INFO  impl.SimpleStateMachineStorage (SimpleStateMachineStorage.java:cleanupOldSnapshots(102)) - Deleting old snapshot at /home/runner/work/ozone/ozone/hadoop-ozone/integration-test/target/test-dir/MiniOzoneClusterImpl-589494f2-24de-4a8c-8650-9a890bc48d46/datanode-7/data/ratis/639a3190-d0d5-4fb1-a295-df65fae17c66/sm/snapshot.1_0
2022-06-15 07:34:27,676 [ChunkWriter-0-0] WARN  helpers.ChunkUtils (ChunkUtils.java:validateChunkForOverwrite(240)) - Duplicate write chunk request. Chunk overwrite without explicit request. ChunkInfo{chunkName='109611004723200004.data.541401599, offset=0, len=5}
2022-06-15 07:34:27,678 [ChunkWriter-0-0] WARN  helpers.ChunkUtils (ChunkUtils.java:validateChunkForOverwrite(240)) - Duplicate write chunk request. Chunk overwrite without explicit request. ChunkInfo{chunkName='109611004723200004.data.-1800428354, offset=0, len=5}
2022-06-15 07:34:27,680 [2ba0c2a5-1748-4da9-81e4-5266296b4b8f@group-DF65FAE17C66-StateMachineUpdater] INFO  impl.StateMachineUpdater (StateMachineUpdater.java:takeSnapshot(287)) - 2ba0c2a5-1748-4da9-81e4-5266296b4b8f@group-DF65FAE17C66-StateMachineUpdater: Took a snapshot at index 79
2022-06-15 07:34:27,681 [2ba0c2a5-1748-4da9-81e4-5266296b4b8f@group-DF65FAE17C66-StateMachineUpdater] INFO  impl.StateMachineUpdater (StateMachineUpdater.java:lambda$new$0(92)) - 2ba0c2a5-1748-4da9-81e4-5266296b4b8f@group-DF65FAE17C66-StateMachineUpdater: snapshotIndex: updateIncreasingly 69 -> 79
2022-06-15 07:34:27,685 [ChunkWriter-0-0] WARN  helpers.ChunkUtils (ChunkUtils.java:validateChunkForOverwrite(240)) - Duplicate write chunk request. Chunk overwrite without explicit request. ChunkInfo{chunkName='109611004723200004.data.-89211658, offset=0, len=5}
2022-06-15 07:34:27,686 [ChunkWriter-0-0] WARN  helpers.ChunkUtils (ChunkUtils.java:validateChunkForOverwrite(240)) - Duplicate write chunk request. Chunk overwrite without explicit request. ChunkInfo{chunkName='109611004723200004.data.88104649, offset=0, len=5}
2022-06-15 07:34:27,695 [ChunkWriter-0-0] WARN  helpers.ChunkUtils (ChunkUtils.java:validateChunkForOverwrite(240)) - Duplicate write chunk request. Chunk overwrite without explicit request. ChunkInfo{chunkName='109611004723200004.data.-2036616211, offset=0, len=5}
2022-06-15 07:34:27,699 [2ba0c2a5-1748-4da9-81e4-5266296b4b8f@group-DF65FAE17C66-StateMachineUpdater] INFO  ratis.ContainerStateMachine (ContainerStateMachine.java:takeSnapshot(304)) - group-DF65FAE17C66: Taking a snapshot at:(t:1, i:96) file /home/runner/work/ozone/ozone/hadoop-ozone/integration-test/target/test-dir/MiniOzoneClusterImpl-589494f2-24de-4a8c-8650-9a890bc48d46/datanode-7/data/ratis/639a3190-d0d5-4fb1-a295-df65fae17c66/sm/snapshot.1_96
2022-06-15 07:34:27,700 [2ba0c2a5-1748-4da9-81e4-5266296b4b8f@group-DF65FAE17C66-StateMachineUpdater] INFO  ratis.ContainerStateMachine (ContainerStateMachine.java:takeSnapshot(315)) - group-DF65FAE17C66: Finished taking a snapshot at:(t:1, i:96) file:/home/runner/work/ozone/ozone/hadoop-ozone/integration-test/target/test-dir/MiniOzoneClusterImpl-589494f2-24de-4a8c-8650-9a890bc48d46/datanode-7/data/ratis/639a3190-d0d5-4fb1-a295-df65fae17c66/sm/snapshot.1_96 took: 1 ms
2022-06-15 07:34:27,701 [2ba0c2a5-1748-4da9-81e4-5266296b4b8f@group-DF65FAE17C66-StateMachineUpdater] INFO  impl.SimpleStateMachineStorage (SimpleStateMachineStorage.java:cleanupOldSnapshots(102)) - Deleting old snapshot at /home/runner/work/ozone/ozone/hadoop-ozone/integration-test/target/test-dir/MiniOzoneClusterImpl-589494f2-24de-4a8c-8650-9a890bc48d46/datanode-7/data/ratis/639a3190-d0d5-4fb1-a295-df65fae17c66/sm/snapshot.1_4
2022-06-15 07:34:27,701 [2ba0c2a5-1748-4da9-81e4-5266296b4b8f@group-DF65FAE17C66-StateMachineUpdater] INFO  impl.StateMachineUpdater (StateMachineUpdater.java:takeSnapshot(287)) - 2ba0c2a5-1748-4da9-81e4-5266296b4b8f@group-DF65FAE17C66-StateMachineUpdater: Took a snapshot at index 96
2022-06-15 07:34:27,701 [2ba0c2a5-1748-4da9-81e4-5266296b4b8f@group-DF65FAE17C66-StateMachineUpdater] INFO  impl.StateMachineUpdater (StateMachineUpdater.java:lambda$new$0(92)) - 2ba0c2a5-1748-4da9-81e4-5266296b4b8f@group-DF65FAE17C66-StateMachineUpdater: snapshotIndex: updateIncreasingly 79 -> 96
2022-06-15 07:34:27,701 [2ba0c2a5-1748-4da9-81e4-5266296b4b8f@group-DF65FAE17C66-StateMachineUpdater] INFO  ratis.ContainerStateMachine (ContainerStateMachine.java:takeSnapshot(304)) - group-DF65FAE17C66: Taking a snapshot at:(t:1, i:97) file /home/runner/work/ozone/ozone/hadoop-ozone/integration-test/target/test-dir/MiniOzoneClusterImpl-589494f2-24de-4a8c-8650-9a890bc48d46/datanode-7/data/ratis/639a3190-d0d5-4fb1-a295-df65fae17c66/sm/snapshot.1_97
2022-06-15 07:34:27,702 [2ba0c2a5-1748-4da9-81e4-5266296b4b8f@group-DF65FAE17C66-StateMachineUpdater] INFO  ratis.ContainerStateMachine (ContainerStateMachine.java:takeSnapshot(315)) - group-DF65FAE17C66: Finished taking a snapshot at:(t:1, i:97) file:/home/runner/work/ozone/ozone/hadoop-ozone/integration-test/target/test-dir/MiniOzoneClusterImpl-589494f2-24de-4a8c-8650-9a890bc48d46/datanode-7/data/ratis/639a3190-d0d5-4fb1-a295-df65fae17c66/sm/snapshot.1_97 took: 0 ms
2022-06-15 07:34:27,702 [2ba0c2a5-1748-4da9-81e4-5266296b4b8f@group-DF65FAE17C66-StateMachineUpdater] INFO  impl.SimpleStateMachineStorage (SimpleStateMachineStorage.java:cleanupOldSnapshots(102)) - Deleting old snapshot at /home/runner/work/ozone/ozone/hadoop-ozone/integration-test/target/test-dir/MiniOzoneClusterImpl-589494f2-24de-4a8c-8650-9a890bc48d46/datanode-7/data/ratis/639a3190-d0d5-4fb1-a295-df65fae17c66/sm/snapshot.1_7
2022-06-15 07:34:27,702 [2ba0c2a5-1748-4da9-81e4-5266296b4b8f@group-DF65FAE17C66-StateMachineUpdater] INFO  impl.StateMachineUpdater (StateMachineUpdater.java:takeSnapshot(287)) - 2ba0c2a5-1748-4da9-81e4-5266296b4b8f@group-DF65FAE17C66-StateMachineUpdater: Took a snapshot at index 97
2022-06-15 07:34:27,702 [2ba0c2a5-1748-4da9-81e4-5266296b4b8f@group-DF65FAE17C66-StateMachineUpdater] INFO  impl.StateMachineUpdater (StateMachineUpdater.java:lambda$new$0(92)) - 2ba0c2a5-1748-4da9-81e4-5266296b4b8f@group-DF65FAE17C66-StateMachineUpdater: snapshotIndex: updateIncreasingly 96 -> 97
2022-06-15 07:34:27,705 [ChunkWriter-0-0] WARN  helpers.ChunkUtils (ChunkUtils.java:validateChunkForOverwrite(240)) - Duplicate write chunk request. Chunk overwrite without explicit request. ChunkInfo{chunkName='109611004723200004.data.-1529498341, offset=0, len=5}
2022-06-15 07:34:27,706 [ChunkWriter-0-0] WARN  helpers.ChunkUtils (ChunkUtils.java:validateChunkForOverwrite(240)) - Duplicate write chunk request. Chunk overwrite without explicit request. ChunkInfo{chunkName='109611004723200004.data.143077616, offset=0, len=5}
2022-06-15 07:34:27,710 [ChunkWriter-0-0] WARN  helpers.ChunkUtils (ChunkUtils.java:validateChunkForOverwrite(240)) - Duplicate write chunk request. Chunk overwrite without explicit request. ChunkInfo{chunkName='109611004723200004.data.880185567, offset=0, len=5}
2022-06-15 07:34:27,712 [2ba0c2a5-1748-4da9-81e4-5266296b4b8f@group-DF65FAE17C66-StateMachineUpdater] INFO  ratis.ContainerStateMachine (ContainerStateMachine.java:takeSnapshot(304)) - group-DF65FAE17C66: Taking a snapshot at:(t:1, i:100) file /home/runner/work/ozone/ozone/hadoop-ozone/integration-test/target/test-dir/MiniOzoneClusterImpl-589494f2-24de-4a8c-8650-9a890bc48d46/datanode-7/data/ratis/639a3190-d0d5-4fb1-a295-df65fae17c66/sm/snapshot.1_100
2022-06-15 07:34:27,714 [2ba0c2a5-1748-4da9-81e4-5266296b4b8f@group-DF65FAE17C66-StateMachineUpdater] INFO  ratis.ContainerStateMachine (ContainerStateMachine.java:takeSnapshot(315)) - group-DF65FAE17C66: Finished taking a snapshot at:(t:1, i:100) file:/home/runner/work/ozone/ozone/hadoop-ozone/integration-test/target/test-dir/MiniOzoneClusterImpl-589494f2-24de-4a8c-8650-9a890bc48d46/datanode-7/data/ratis/639a3190-d0d5-4fb1-a295-df65fae17c66/sm/snapshot.1_100 took: 2 ms
2022-06-15 07:34:27,714 [ChunkWriter-0-0] WARN  helpers.ChunkUtils (ChunkUtils.java:validateChunkForOverwrite(240)) - Duplicate write chunk request. Chunk overwrite without explicit request. ChunkInfo{chunkName='109611004723200004.data.520200604, offset=0, len=5}
2022-06-15 07:34:27,714 [2ba0c2a5-1748-4da9-81e4-5266296b4b8f@group-DF65FAE17C66-StateMachineUpdater] INFO  impl.SimpleStateMachineStorage (SimpleStateMachineStorage.java:cleanupOldSnapshots(102)) - Deleting old snapshot at /home/runner/work/ozone/ozone/hadoop-ozone/integration-test/target/test-dir/MiniOzoneClusterImpl-589494f2-24de-4a8c-8650-9a890bc48d46/datanode-7/data/ratis/639a3190-d0d5-4fb1-a295-df65fae17c66/sm/snapshot.1_15
2022-06-15 07:34:27,715 [2ba0c2a5-1748-4da9-81e4-5266296b4b8f@group-DF65FAE17C66-StateMachineUpdater] INFO  impl.StateMachineUpdater (StateMachineUpdater.java:takeSnapshot(287)) - 2ba0c2a5-1748-4da9-81e4-5266296b4b8f@group-DF65FAE17C66-StateMachineUpdater: Took a snapshot at index 100
2022-06-15 07:34:27,715 [2ba0c2a5-1748-4da9-81e4-5266296b4b8f@group-DF65FAE17C66-StateMachineUpdater] INFO  impl.StateMachineUpdater (StateMachineUpdater.java:lambda$new$0(92)) - 2ba0c2a5-1748-4da9-81e4-5266296b4b8f@group-DF65FAE17C66-StateMachineUpdater: snapshotIndex: updateIncreasingly 97 -> 100
2022-06-15 07:34:27,718 [ChunkWriter-0-0] WARN  helpers.ChunkUtils (ChunkUtils.java:validateChunkForOverwrite(240)) - Duplicate write chunk request. Chunk overwrite without explicit request. ChunkInfo{chunkName='109611004723200004.data.291129335, offset=0, len=5}
2022-06-15 07:34:27,718 [ChunkWriter-0-0] WARN  helpers.ChunkUtils (ChunkUtils.java:validateChunkForOverwrite(240)) - Duplicate write chunk request. Chunk overwrite without explicit request. ChunkInfo{chunkName='109611004723200004.data.653739987, offset=0, len=5}
2022-06-15 07:34:27,718 [ChunkWriter-0-0] WARN  helpers.ChunkUtils (ChunkUtils.java:validateChunkForOverwrite(240)) - Duplicate write chunk request. Chunk overwrite without explicit request. ChunkInfo{chunkName='109611004723200004.data.1151163208, offset=0, len=5}
2022-06-15 07:34:27,719 [ChunkWriter-0-0] WARN  helpers.ChunkUtils (ChunkUtils.java:validateChunkForOverwrite(240)) - Duplicate write chunk request. Chunk overwrite without explicit request. ChunkInfo{chunkName='109611004723200004.data.1897181616, offset=0, len=5}
2022-06-15 07:34:27,719 [ChunkWriter-0-0] WARN  helpers.ChunkUtils (ChunkUtils.java:validateChunkForOverwrite(240)) - Duplicate write chunk request. Chunk overwrite without explicit request. ChunkInfo{chunkName='109611004723200004.data.-1934723079, offset=0, len=5}
2022-06-15 07:34:27,720 [ChunkWriter-0-0] WARN  helpers.ChunkUtils (ChunkUtils.java:validateChunkForOverwrite(240)) - Duplicate write chunk request. Chunk overwrite without explicit request. ChunkInfo{chunkName='109611004723200004.data.39283585, offset=0, len=5}
2022-06-15 07:34:27,721 [ChunkWriter-0-0] WARN  helpers.ChunkUtils (ChunkUtils.java:validateChunkForOverwrite(240)) - Duplicate write chunk request. Chunk overwrite without explicit request. ChunkInfo{chunkName='109611004723200004.data.927771359, offset=0, len=5}
2022-06-15 07:34:27,721 [ChunkWriter-0-0] WARN  helpers.ChunkUtils (ChunkUtils.java:validateChunkForOverwrite(240)) - Duplicate write chunk request. Chunk overwrite without explicit request. ChunkInfo{chunkName='109611004723200004.data.1776725960, offset=0, len=5}
2022-06-15 07:34:27,722 [ChunkWriter-0-0] WARN  helpers.ChunkUtils (ChunkUtils.java:validateChunkForOverwrite(240)) - Duplicate write chunk request. Chunk overwrite without explicit request. ChunkInfo{chunkName='109611004723200004.data.862481768, offset=0, len=5}
2022-06-15 07:34:27,724 [ChunkWriter-0-0] WARN  helpers.ChunkUtils (ChunkUtils.java:validateChunkForOverwrite(240)) - Duplicate write chunk request. Chunk overwrite without explicit request. ChunkInfo{chunkName='109611004723200004.data.-1975530342, offset=0, len=5}
2022-06-15 07:34:27,725 [ChunkWriter-0-0] WARN  helpers.ChunkUtils (ChunkUtils.java:validateChunkForOverwrite(240)) - Duplicate write chunk request. Chunk overwrite without explicit request. ChunkInfo{chunkName='109611004723200004.data.-756070983, offset=0, len=5}
2022-06-15 07:34:27,725 [ChunkWriter-0-0] WARN  helpers.ChunkUtils (ChunkUtils.java:validateChunkForOverwrite(240)) - Duplicate write chunk request. Chunk overwrite without explicit request. ChunkInfo{chunkName='109611004723200004.data.950876880, offset=0, len=5}
2022-06-15 07:34:27,732 [ChunkWriter-0-0] WARN  helpers.ChunkUtils (ChunkUtils.java:validateChunkForOverwrite(240)) - Duplicate write chunk request. Chunk overwrite without explicit request. ChunkInfo{chunkName='109611004723200004.data.-2081574931, offset=0, len=5}
2022-06-15 07:34:27,733 [ChunkWriter-0-0] WARN  helpers.ChunkUtils (ChunkUtils.java:validateChunkForOverwrite(240)) - Duplicate write chunk request. Chunk overwrite without explicit request. ChunkInfo{chunkName='109611004723200004.data.-1020048662, offset=0, len=5}
2022-06-15 07:34:27,733 [ChunkWriter-0-0] WARN  helpers.ChunkUtils (ChunkUtils.java:validateChunkForOverwrite(240)) - Duplicate write chunk request. Chunk overwrite without explicit request. ChunkInfo{chunkName='109611004723200004.data.1481637000, offset=0, len=5}
2022-06-15 07:34:27,733 [ChunkWriter-0-0] WARN  helpers.ChunkUtils (ChunkUtils.java:validateChunkForOverwrite(240)) - Duplicate write chunk request. Chunk overwrite without explicit request. ChunkInfo{chunkName='109611004723200004.data.-1234197357, offset=0, len=5}
2022-06-15 07:34:27,739 [2ba0c2a5-1748-4da9-81e4-5266296b4b8f@group-DF65FAE17C66-StateMachineUpdater] INFO  ratis.ContainerStateMachine (ContainerStateMachine.java:takeSnapshot(304)) - group-DF65FAE17C66: Taking a snapshot at:(t:1, i:120) file /home/runner/work/ozone/ozone/hadoop-ozone/integration-test/target/test-dir/MiniOzoneClusterImpl-589494f2-24de-4a8c-8650-9a890bc48d46/datanode-7/data/ratis/639a3190-d0d5-4fb1-a295-df65fae17c66/sm/snapshot.1_120
2022-06-15 07:34:27,740 [ChunkWriter-0-0] WARN  helpers.ChunkUtils (ChunkUtils.java:validateChunkForOverwrite(240)) - Duplicate write chunk request. Chunk overwrite without explicit request. ChunkInfo{chunkName='109611004723200004.data.785010844, offset=0, len=5}
2022-06-15 07:34:27,740 [2ba0c2a5-1748-4da9-81e4-5266296b4b8f@group-DF65FAE17C66-StateMachineUpdater] INFO  ratis.ContainerStateMachine (ContainerStateMachine.java:takeSnapshot(315)) - group-DF65FAE17C66: Finished taking a snapshot at:(t:1, i:120) file:/home/runner/work/ozone/ozone/hadoop-ozone/integration-test/target/test-dir/MiniOzoneClusterImpl-589494f2-24de-4a8c-8650-9a890bc48d46/datanode-7/data/ratis/639a3190-d0d5-4fb1-a295-df65fae17c66/sm/snapshot.1_120 took: 0 ms
2022-06-15 07:34:27,740 [2ba0c2a5-1748-4da9-81e4-5266296b4b8f@group-DF65FAE17C66-StateMachineUpdater] INFO  impl.SimpleStateMachineStorage (SimpleStateMachineStorage.java:cleanupOldSnapshots(102)) - Deleting old snapshot at /home/runner/work/ozone/ozone/hadoop-ozone/integration-test/target/test-dir/MiniOzoneClusterImpl-589494f2-24de-4a8c-8650-9a890bc48d46/datanode-7/data/ratis/639a3190-d0d5-4fb1-a295-df65fae17c66/sm/snapshot.1_69
2022-06-15 07:34:27,740 [2ba0c2a5-1748-4da9-81e4-5266296b4b8f@group-DF65FAE17C66-StateMachineUpdater] INFO  impl.StateMachineUpdater (StateMachineUpdater.java:takeSnapshot(287)) - 2ba0c2a5-1748-4da9-81e4-5266296b4b8f@group-DF65FAE17C66-StateMachineUpdater: Took a snapshot at index 120
2022-06-15 07:34:27,740 [2ba0c2a5-1748-4da9-81e4-5266296b4b8f@group-DF65FAE17C66-StateMachineUpdater] INFO  impl.StateMachineUpdater (StateMachineUpdater.java:lambda$new$0(92)) - 2ba0c2a5-1748-4da9-81e4-5266296b4b8f@group-DF65FAE17C66-StateMachineUpdater: snapshotIndex: updateIncreasingly 100 -> 120
2022-06-15 07:34:27,741 [2ba0c2a5-1748-4da9-81e4-5266296b4b8f@group-DF65FAE17C66-StateMachineUpdater] INFO  ratis.ContainerStateMachine (ContainerStateMachine.java:takeSnapshot(304)) - group-DF65FAE17C66: Taking a snapshot at:(t:1, i:121) file /home/runner/work/ozone/ozone/hadoop-ozone/integration-test/target/test-dir/MiniOzoneClusterImpl-589494f2-24de-4a8c-8650-9a890bc48d46/datanode-7/data/ratis/639a3190-d0d5-4fb1-a295-df65fae17c66/sm/snapshot.1_121
2022-06-15 07:34:27,742 [2ba0c2a5-1748-4da9-81e4-5266296b4b8f@group-DF65FAE17C66-StateMachineUpdater] INFO  ratis.ContainerStateMachine (ContainerStateMachine.java:takeSnapshot(315)) - group-DF65FAE17C66: Finished taking a snapshot at:(t:1, i:121) file:/home/runner/work/ozone/ozone/hadoop-ozone/integration-test/target/test-dir/MiniOzoneClusterImpl-589494f2-24de-4a8c-8650-9a890bc48d46/datanode-7/data/ratis/639a3190-d0d5-4fb1-a295-df65fae17c66/sm/snapshot.1_121 took: 1 ms
2022-06-15 07:34:27,742 [ChunkWriter-0-0] WARN  helpers.ChunkUtils (ChunkUtils.java:validateChunkForOverwrite(240)) - Duplicate write chunk request. Chunk overwrite without explicit request. ChunkInfo{chunkName='109611004723200004.data.-13897438, offset=0, len=5}
2022-06-15 07:34:27,745 [EventQueue-PipelineReportForPipelineReportHandler] INFO  pipeline.PipelineReportHandler (PipelineReportHandler.java:processPipelineReport(113)) - Reported pipeline PipelineID=83aa0ae5-c647-4842-ba01-114df2e904af is not found
2022-06-15 07:34:27,745 [ChunkWriter-0-0] WARN  helpers.ChunkUtils (ChunkUtils.java:validateChunkForOverwrite(240)) - Duplicate write chunk request. Chunk overwrite without explicit request. ChunkInfo{chunkName='109611004723200004.data.-276951489, offset=0, len=5}
2022-06-15 07:34:27,745 [2ba0c2a5-1748-4da9-81e4-5266296b4b8f@group-DF65FAE17C66-StateMachineUpdater] INFO  impl.SimpleStateMachineStorage (SimpleStateMachineStorage.java:cleanupOldSnapshots(102)) - Deleting old snapshot at /home/runner/work/ozone/ozone/hadoop-ozone/integration-test/target/test-dir/MiniOzoneClusterImpl-589494f2-24de-4a8c-8650-9a890bc48d46/datanode-7/data/ratis/639a3190-d0d5-4fb1-a295-df65fae17c66/sm/snapshot.1_79
2022-06-15 07:34:27,746 [2ba0c2a5-1748-4da9-81e4-5266296b4b8f@group-DF65FAE17C66-StateMachineUpdater] INFO  impl.StateMachineUpdater (StateMachineUpdater.java:takeSnapshot(287)) - 2ba0c2a5-1748-4da9-81e4-5266296b4b8f@group-DF65FAE17C66-StateMachineUpdater: Took a snapshot at index 121
2022-06-15 07:34:27,746 [2ba0c2a5-1748-4da9-81e4-5266296b4b8f@group-DF65FAE17C66-StateMachineUpdater] INFO  impl.StateMachineUpdater (StateMachineUpdater.java:lambda$new$0(92)) - 2ba0c2a5-1748-4da9-81e4-5266296b4b8f@group-DF65FAE17C66-StateMachineUpdater: snapshotIndex: updateIncreasingly 120 -> 121
2022-06-15 07:34:27,749 [ChunkWriter-0-0] WARN  helpers.ChunkUtils (ChunkUtils.java:validateChunkForOverwrite(240)) - Duplicate write chunk request. Chunk overwrite without explicit request. ChunkInfo{chunkName='109611004723200004.data.133871251, offset=0, len=5}
2022-06-15 07:34:27,750 [ChunkWriter-0-0] WARN  helpers.ChunkUtils (ChunkUtils.java:validateChunkForOverwrite(240)) - Duplicate write chunk request. Chunk overwrite without explicit request. ChunkInfo{chunkName='109611004723200004.data.1505898549, offset=0, len=5}
2022-06-15 07:34:27,752 [ChunkWriter-0-0] WARN  helpers.ChunkUtils (ChunkUtils.java:validateChunkForOverwrite(240)) - Duplicate write chunk request. Chunk overwrite without explicit request. ChunkInfo{chunkName='109611004723200004.data.-1345914934, offset=0, len=5}
2022-06-15 07:34:27,755 [2ba0c2a5-1748-4da9-81e4-5266296b4b8f@group-DF65FAE17C66-StateMachineUpdater] INFO  ratis.ContainerStateMachine (ContainerStateMachine.java:takeSnapshot(304)) - group-DF65FAE17C66: Taking a snapshot at:(t:1, i:127) file /home/runner/work/ozone/ozone/hadoop-ozone/integration-test/target/test-dir/MiniOzoneClusterImpl-589494f2-24de-4a8c-8650-9a890bc48d46/datanode-7/data/ratis/639a3190-d0d5-4fb1-a295-df65fae17c66/sm/snapshot.1_127
2022-06-15 07:34:27,756 [2ba0c2a5-1748-4da9-81e4-5266296b4b8f@group-DF65FAE17C66-StateMachineUpdater] INFO  ratis.ContainerStateMachine (ContainerStateMachine.java:takeSnapshot(315)) - group-DF65FAE17C66: Finished taking a snapshot at:(t:1, i:127) file:/home/runner/work/ozone/ozone/hadoop-ozone/integration-test/target/test-dir/MiniOzoneClusterImpl-589494f2-24de-4a8c-8650-9a890bc48d46/datanode-7/data/ratis/639a3190-d0d5-4fb1-a295-df65fae17c66/sm/snapshot.1_127 took: 1 ms
2022-06-15 07:34:27,757 [2ba0c2a5-1748-4da9-81e4-5266296b4b8f@group-DF65FAE17C66-StateMachineUpdater] INFO  impl.SimpleStateMachineStorage (SimpleStateMachineStorage.java:cleanupOldSnapshots(102)) - Deleting old snapshot at /home/runner/work/ozone/ozone/hadoop-ozone/integration-test/target/test-dir/MiniOzoneClusterImpl-589494f2-24de-4a8c-8650-9a890bc48d46/datanode-7/data/ratis/639a3190-d0d5-4fb1-a295-df65fae17c66/sm/snapshot.1_96
2022-06-15 07:34:27,757 [2ba0c2a5-1748-4da9-81e4-5266296b4b8f@group-DF65FAE17C66-StateMachineUpdater] INFO  impl.StateMachineUpdater (StateMachineUpdater.java:takeSnapshot(287)) - 2ba0c2a5-1748-4da9-81e4-5266296b4b8f@group-DF65FAE17C66-StateMachineUpdater: Took a snapshot at index 127
2022-06-15 07:34:27,757 [2ba0c2a5-1748-4da9-81e4-5266296b4b8f@group-DF65FAE17C66-StateMachineUpdater] INFO  impl.StateMachineUpdater (StateMachineUpdater.java:lambda$new$0(92)) - 2ba0c2a5-1748-4da9-81e4-5266296b4b8f@group-DF65FAE17C66-StateMachineUpdater: snapshotIndex: updateIncreasingly 121 -> 127
2022-06-15 07:34:27,759 [ChunkWriter-0-0] WARN  helpers.ChunkUtils (ChunkUtils.java:validateChunkForOverwrite(240)) - Duplicate write chunk request. Chunk overwrite without explicit request. ChunkInfo{chunkName='109611004723200004.data.2204155, offset=0, len=5}
2022-06-15 07:34:27,761 [2ba0c2a5-1748-4da9-81e4-5266296b4b8f@group-DF65FAE17C66-StateMachineUpdater] INFO  ratis.ContainerStateMachine (ContainerStateMachine.java:takeSnapshot(304)) - group-DF65FAE17C66: Taking a snapshot at:(t:1, i:130) file /home/runner/work/ozone/ozone/hadoop-ozone/integration-test/target/test-dir/MiniOzoneClusterImpl-589494f2-24de-4a8c-8650-9a890bc48d46/datanode-7/data/ratis/639a3190-d0d5-4fb1-a295-df65fae17c66/sm/snapshot.1_130
2022-06-15 07:34:27,763 [2ba0c2a5-1748-4da9-81e4-5266296b4b8f@group-DF65FAE17C66-StateMachineUpdater] INFO  ratis.ContainerStateMachine (ContainerStateMachine.java:takeSnapshot(315)) - group-DF65FAE17C66: Finished taking a snapshot at:(t:1, i:130) file:/home/runner/work/ozone/ozone/hadoop-ozone/integration-test/target/test-dir/MiniOzoneClusterImpl-589494f2-24de-4a8c-8650-9a890bc48d46/datanode-7/data/ratis/639a3190-d0d5-4fb1-a295-df65fae17c66/sm/snapshot.1_130 took: 2 ms
2022-06-15 07:34:27,764 [2ba0c2a5-1748-4da9-81e4-5266296b4b8f@group-DF65FAE17C66-StateMachineUpdater] INFO  impl.SimpleStateMachineStorage (SimpleStateMachineStorage.java:cleanupOldSnapshots(102)) - Deleting old snapshot at /home/runner/work/ozone/ozone/hadoop-ozone/integration-test/target/test-dir/MiniOzoneClusterImpl-589494f2-24de-4a8c-8650-9a890bc48d46/datanode-7/data/ratis/639a3190-d0d5-4fb1-a295-df65fae17c66/sm/snapshot.1_97
2022-06-15 07:34:27,764 [2ba0c2a5-1748-4da9-81e4-5266296b4b8f@group-DF65FAE17C66-StateMachineUpdater] INFO  impl.StateMachineUpdater (StateMachineUpdater.java:takeSnapshot(287)) - 2ba0c2a5-1748-4da9-81e4-5266296b4b8f@group-DF65FAE17C66-StateMachineUpdater: Took a snapshot at index 130
2022-06-15 07:34:27,764 [2ba0c2a5-1748-4da9-81e4-5266296b4b8f@group-DF65FAE17C66-StateMachineUpdater] INFO  impl.StateMachineUpdater (StateMachineUpdater.java:lambda$new$0(92)) - 2ba0c2a5-1748-4da9-81e4-5266296b4b8f@group-DF65FAE17C66-StateMachineUpdater: snapshotIndex: updateIncreasingly 127 -> 130
2022-06-15 07:34:27,764 [ChunkWriter-0-0] WARN  helpers.ChunkUtils (ChunkUtils.java:validateChunkForOverwrite(240)) - Duplicate write chunk request. Chunk overwrite without explicit request. ChunkInfo{chunkName='109611004723200004.data.898330652, offset=0, len=5}
2022-06-15 07:34:27,764 [2ba0c2a5-1748-4da9-81e4-5266296b4b8f@group-DF65FAE17C66-StateMachineUpdater] INFO  ratis.ContainerStateMachine (ContainerStateMachine.java:takeSnapshot(304)) - group-DF65FAE17C66: Taking a snapshot at:(t:1, i:131) file /home/runner/work/ozone/ozone/hadoop-ozone/integration-test/target/test-dir/MiniOzoneClusterImpl-589494f2-24de-4a8c-8650-9a890bc48d46/datanode-7/data/ratis/639a3190-d0d5-4fb1-a295-df65fae17c66/sm/snapshot.1_131
2022-06-15 07:34:27,764 [ChunkWriter-0-0] WARN  helpers.ChunkUtils (ChunkUtils.java:validateChunkForOverwrite(240)) - Duplicate write chunk request. Chunk overwrite without explicit request. ChunkInfo{chunkName='109611004723200004.data.750380454, offset=0, len=5}
2022-06-15 07:34:27,767 [ChunkWriter-0-0] WARN  helpers.ChunkUtils (ChunkUtils.java:validateChunkForOverwrite(240)) - Duplicate write chunk request. Chunk overwrite without explicit request. ChunkInfo{chunkName='109611004723200004.data.-1640397962, offset=0, len=5}
2022-06-15 07:34:27,767 [ChunkWriter-0-0] WARN  helpers.ChunkUtils (ChunkUtils.java:validateChunkForOverwrite(240)) - Duplicate write chunk request. Chunk overwrite without explicit request. ChunkInfo{chunkName='109611004723200004.data.1468234529, offset=0, len=5}
2022-06-15 07:34:27,767 [ChunkWriter-0-0] WARN  helpers.ChunkUtils (ChunkUtils.java:validateChunkForOverwrite(240)) - Duplicate write chunk request. Chunk overwrite without explicit request. ChunkInfo{chunkName='109611004723200004.data.-1860234858, offset=0, len=5}
2022-06-15 07:34:27,768 [ChunkWriter-0-0] WARN  helpers.ChunkUtils (ChunkUtils.java:validateChunkForOverwrite(240)) - Duplicate write chunk request. Chunk overwrite without explicit request. ChunkInfo{chunkName='109611004723200004.data.-1788278572, offset=0, len=5}
2022-06-15 07:34:27,771 [ChunkWriter-0-0] WARN  helpers.ChunkUtils (ChunkUtils.java:validateChunkForOverwrite(240)) - Duplicate write chunk request. Chunk overwrite without explicit request. ChunkInfo{chunkName='109611004723200004.data.1377210935, offset=0, len=5}
2022-06-15 07:34:27,772 [ChunkWriter-0-0] WARN  helpers.ChunkUtils (ChunkUtils.java:validateChunkForOverwrite(240)) - Duplicate write chunk request. Chunk overwrite without explicit request. ChunkInfo{chunkName='109611004723200004.data.1025067971, offset=0, len=5}
2022-06-15 07:34:27,765 [2ba0c2a5-1748-4da9-81e4-5266296b4b8f@group-DF65FAE17C66-StateMachineUpdater] INFO  ratis.ContainerStateMachine (ContainerStateMachine.java:takeSnapshot(315)) - group-DF65FAE17C66: Finished taking a snapshot at:(t:1, i:131) file:/home/runner/work/ozone/ozone/hadoop-ozone/integration-test/target/test-dir/MiniOzoneClusterImpl-589494f2-24de-4a8c-8650-9a890bc48d46/datanode-7/data/ratis/639a3190-d0d5-4fb1-a295-df65fae17c66/sm/snapshot.1_131 took: 0 ms
2022-06-15 07:34:27,772 [2ba0c2a5-1748-4da9-81e4-5266296b4b8f@group-DF65FAE17C66-StateMachineUpdater] INFO  impl.SimpleStateMachineStorage (SimpleStateMachineStorage.java:cleanupOldSnapshots(102)) - Deleting old snapshot at /home/runner/work/ozone/ozone/hadoop-ozone/integration-test/target/test-dir/MiniOzoneClusterImpl-589494f2-24de-4a8c-8650-9a890bc48d46/datanode-7/data/ratis/639a3190-d0d5-4fb1-a295-df65fae17c66/sm/snapshot.1_100
2022-06-15 07:34:27,773 [2ba0c2a5-1748-4da9-81e4-5266296b4b8f@group-DF65FAE17C66-StateMachineUpdater] INFO  impl.StateMachineUpdater (StateMachineUpdater.java:takeSnapshot(287)) - 2ba0c2a5-1748-4da9-81e4-5266296b4b8f@group-DF65FAE17C66-StateMachineUpdater: Took a snapshot at index 131
2022-06-15 07:34:27,773 [2ba0c2a5-1748-4da9-81e4-5266296b4b8f@group-DF65FAE17C66-StateMachineUpdater] INFO  impl.StateMachineUpdater (StateMachineUpdater.java:lambda$new$0(92)) - 2ba0c2a5-1748-4da9-81e4-5266296b4b8f@group-DF65FAE17C66-StateMachineUpdater: snapshotIndex: updateIncreasingly 130 -> 131
2022-06-15 07:34:27,773 [ChunkWriter-0-0] WARN  helpers.ChunkUtils (ChunkUtils.java:validateChunkForOverwrite(240)) - Duplicate write chunk request. Chunk overwrite without explicit request. ChunkInfo{chunkName='109611004723200004.data.879233307, offset=0, len=5}
2022-06-15 07:34:27,773 [ChunkWriter-0-0] WARN  helpers.ChunkUtils (ChunkUtils.java:validateChunkForOverwrite(240)) - Duplicate write chunk request. Chunk overwrite without explicit request. ChunkInfo{chunkName='109611004723200004.data.1704977818, offset=0, len=5}
2022-06-15 07:34:27,779 [ChunkWriter-0-0] WARN  helpers.ChunkUtils (ChunkUtils.java:validateChunkForOverwrite(240)) - Duplicate write chunk request. Chunk overwrite without explicit request. ChunkInfo{chunkName='109611004723200004.data.327273556, offset=0, len=5}
2022-06-15 07:34:27,780 [ChunkWriter-0-0] WARN  helpers.ChunkUtils (ChunkUtils.java:validateChunkForOverwrite(240)) - Duplicate write chunk request. Chunk overwrite without explicit request. ChunkInfo{chunkName='109611004723200004.data.-1219718071, offset=0, len=5}
2022-06-15 07:34:27,780 [ChunkWriter-0-0] WARN  helpers.ChunkUtils (ChunkUtils.java:validateChunkForOverwrite(240)) - Duplicate write chunk request. Chunk overwrite without explicit request. ChunkInfo{chunkName='109611004723200004.data.-2019931833, offset=0, len=5}
2022-06-15 07:34:27,781 [ChunkWriter-0-0] WARN  helpers.ChunkUtils (ChunkUtils.java:validateChunkForOverwrite(240)) - Duplicate write chunk request. Chunk overwrite without explicit request. ChunkInfo{chunkName='109611004723200004.data.1995582522, offset=0, len=5}
2022-06-15 07:34:27,781 [ChunkWriter-0-0] WARN  helpers.ChunkUtils (ChunkUtils.java:validateChunkForOverwrite(240)) - Duplicate write chunk request. Chunk overwrite without explicit request. ChunkInfo{chunkName='109611004723200004.data.1857414986, offset=0, len=5}
2022-06-15 07:34:27,781 [ChunkWriter-0-0] WARN  helpers.ChunkUtils (ChunkUtils.java:validateChunkForOverwrite(240)) - Duplicate write chunk request. Chunk overwrite without explicit request. ChunkInfo{chunkName='109611004723200004.data.-1462949032, offset=0, len=5}
2022-06-15 07:34:27,781 [ChunkWriter-0-0] WARN  helpers.ChunkUtils (ChunkUtils.java:validateChunkForOverwrite(240)) - Duplicate write chunk request. Chunk overwrite without explicit request. ChunkInfo{chunkName='109611004723200004.data.148761361, offset=0, len=5}
2022-06-15 07:34:27,790 [2ba0c2a5-1748-4da9-81e4-5266296b4b8f@group-DF65FAE17C66-StateMachineUpdater] INFO  ratis.ContainerStateMachine (ContainerStateMachine.java:takeSnapshot(304)) - group-DF65FAE17C66: Taking a snapshot at:(t:1, i:137) file /home/runner/work/ozone/ozone/hadoop-ozone/integration-test/target/test-dir/MiniOzoneClusterImpl-589494f2-24de-4a8c-8650-9a890bc48d46/datanode-7/data/ratis/639a3190-d0d5-4fb1-a295-df65fae17c66/sm/snapshot.1_137
2022-06-15 07:34:27,791 [2ba0c2a5-1748-4da9-81e4-5266296b4b8f@group-DF65FAE17C66-StateMachineUpdater] INFO  ratis.ContainerStateMachine (ContainerStateMachine.java:takeSnapshot(315)) - group-DF65FAE17C66: Finished taking a snapshot at:(t:1, i:137) file:/home/runner/work/ozone/ozone/hadoop-ozone/integration-test/target/test-dir/MiniOzoneClusterImpl-589494f2-24de-4a8c-8650-9a890bc48d46/datanode-7/data/ratis/639a3190-d0d5-4fb1-a295-df65fae17c66/sm/snapshot.1_137 took: 1 ms
2022-06-15 07:34:27,791 [2ba0c2a5-1748-4da9-81e4-5266296b4b8f@group-DF65FAE17C66-StateMachineUpdater] INFO  impl.SimpleStateMachineStorage (SimpleStateMachineStorage.java:cleanupOldSnapshots(102)) - Deleting old snapshot at /home/runner/work/ozone/ozone/hadoop-ozone/integration-test/target/test-dir/MiniOzoneClusterImpl-589494f2-24de-4a8c-8650-9a890bc48d46/datanode-7/data/ratis/639a3190-d0d5-4fb1-a295-df65fae17c66/sm/snapshot.1_120
2022-06-15 07:34:27,791 [2ba0c2a5-1748-4da9-81e4-5266296b4b8f@group-DF65FAE17C66-StateMachineUpdater] INFO  impl.StateMachineUpdater (StateMachineUpdater.java:takeSnapshot(287)) - 2ba0c2a5-1748-4da9-81e4-5266296b4b8f@group-DF65FAE17C66-StateMachineUpdater: Took a snapshot at index 137
2022-06-15 07:34:27,791 [2ba0c2a5-1748-4da9-81e4-5266296b4b8f@group-DF65FAE17C66-StateMachineUpdater] INFO  impl.StateMachineUpdater (StateMachineUpdater.java:lambda$new$0(92)) - 2ba0c2a5-1748-4da9-81e4-5266296b4b8f@group-DF65FAE17C66-StateMachineUpdater: snapshotIndex: updateIncreasingly 131 -> 137
2022-06-15 07:34:27,803 [FixedThreadPoolWithAffinityExecutor-1-0] WARN  container.IncrementalContainerReportHandler (AbstractContainerReportHandler.java:updateContainerState(255)) - Container #4 is in OPEN state, but the datanode 2ba0c2a5-1748-4da9-81e4-5266296b4b8f{ip: 10.1.0.11, host: fv-az121-418.xhy4bhhdincepo0av04agjzkjc.cx.internal.cloudapp.net, ports: [REPLICATION=43041, RATIS=43465, RATIS_ADMIN=43465, RATIS_SERVER=43465, STANDALONE=43919], networkLocation: /default-rack, certSerialId: null, persistedOpState: IN_SERVICE, persistedOpStateExpiryEpochSec: 0} reports an CLOSING replica.
2022-06-15 07:34:27,804 [ContainerOp-639a3190-d0d5-4fb1-a295-df65fae17c66-7] INFO  keyvalue.KeyValueContainer (KeyValueContainer.java:flushAndSyncDB(431)) - Container 4 is synced with bcsId 6.
2022-06-15 07:34:27,804 [ContainerOp-639a3190-d0d5-4fb1-a295-df65fae17c66-7] INFO  keyvalue.KeyValueContainer (KeyValueContainer.java:flushAndSyncDB(431)) - Container 4 is synced with bcsId 6.
2022-06-15 07:34:27,806 [ContainerOp-639a3190-d0d5-4fb1-a295-df65fae17c66-7] INFO  keyvalue.KeyValueContainer (KeyValueContainer.java:close(346)) - Container 4 is closed with bcsId 6.
2022-06-15 07:34:27,807 [FixedThreadPoolWithAffinityExecutor-8-0] WARN  container.IncrementalContainerReportHandler (AbstractContainerReportHandler.java:updateContainerState(255)) - Container #4 is in OPEN state, but the datanode 2ba0c2a5-1748-4da9-81e4-5266296b4b8f{ip: 10.1.0.11, host: fv-az121-418.xhy4bhhdincepo0av04agjzkjc.cx.internal.cloudapp.net, ports: [REPLICATION=43041, RATIS=43465, RATIS_ADMIN=43465, RATIS_SERVER=43465, STANDALONE=43919], networkLocation: /default-rack, certSerialId: null, persistedOpState: IN_SERVICE, persistedOpStateExpiryEpochSec: 0} reports an CLOSED replica.
2022-06-15 07:34:27,808 [Listener at 127.0.0.1/34461] INFO  ratis.ContainerStateMachine (ContainerStateMachine.java:takeSnapshot(304)) - group-DF65FAE17C66: Taking a snapshot at:(t:1, i:151) file /home/runner/work/ozone/ozone/hadoop-ozone/integration-test/target/test-dir/MiniOzoneClusterImpl-589494f2-24de-4a8c-8650-9a890bc48d46/datanode-7/data/ratis/639a3190-d0d5-4fb1-a295-df65fae17c66/sm/snapshot.1_151
2022-06-15 07:34:27,809 [Listener at 127.0.0.1/34461] INFO  ratis.ContainerStateMachine (ContainerStateMachine.java:takeSnapshot(315)) - group-DF65FAE17C66: Finished taking a snapshot at:(t:1, i:151) file:/home/runner/work/ozone/ozone/hadoop-ozone/integration-test/target/test-dir/MiniOzoneClusterImpl-589494f2-24de-4a8c-8650-9a890bc48d46/datanode-7/data/ratis/639a3190-d0d5-4fb1-a295-df65fae17c66/sm/snapshot.1_151 took: 1 ms
07:34:27.811 [2ba0c2a5-1748-4da9-81e4-5266296b4b8f-client-thread2] ERROR DNAudit - user=null | ip=null | op=WRITE_CHUNK {blockData=conID: 4 locID: 109611004723200004 bcsId: 0} | ret=FAILURE
org.apache.hadoop.hdds.scm.container.common.helpers.ContainerNotOpenException: Container 4 in CLOSED state
	at org.apache.hadoop.ozone.container.common.impl.HddsDispatcher.validateContainerCommand(HddsDispatcher.java:489) ~[hdds-container-service-1.3.0-SNAPSHOT.jar:?]
	at org.apache.hadoop.ozone.container.common.transport.server.ratis.ContainerStateMachine.startTransaction(ContainerStateMachine.java:330) ~[hdds-container-service-1.3.0-SNAPSHOT.jar:?]
	at org.apache.ratis.server.impl.RaftServerImpl.submitClientRequestAsync(RaftServerImpl.java:839) ~[ratis-server-2.3.0.jar:2.3.0]
	at org.apache.ratis.server.impl.RaftServerImpl.lambda$null$12(RaftServerImpl.java:783) ~[ratis-server-2.3.0.jar:2.3.0]
	at org.apache.ratis.util.JavaUtils.callAsUnchecked(JavaUtils.java:115) ~[ratis-common-2.3.0.jar:2.3.0]
	at org.apache.ratis.server.impl.RaftServerImpl.lambda$executeSubmitClientRequestAsync$13(RaftServerImpl.java:783) ~[ratis-server-2.3.0.jar:2.3.0]
	at java.util.concurrent.CompletableFuture$AsyncSupply.run(CompletableFuture.java:1604) [?:1.8.0_332]
	at java.util.concurrent.ThreadPoolExecutor.runWorker(ThreadPoolExecutor.java:1149) [?:1.8.0_332]
	at java.util.concurrent.ThreadPoolExecutor$Worker.run(ThreadPoolExecutor.java:624) [?:1.8.0_332]
	at java.lang.Thread.run(Thread.java:750) [?:1.8.0_332]
2022-06-15 07:34:27,826 [grpc-default-executor-4] ERROR impl.OrderedAsync (OrderedAsync.java:lambda$send$4(175)) - Failed to send request, message=cmdType: WriteChunk
traceID: ""
containerID: 4
datanodeUuid: "2ba0c2a5-1748-4da9-81e4-5266296b4b8f"
writeChunk {
  blockID {
    containerID: 4
    localID: 109611004723200004
    blockCommitSequenceId: 0
  }
  chunkData {
    chunkName: "109611004723200004.data.727888304"
    offset: 0
    len: 5
    checksumData {
      type: CRC32
      bytesPerChecksum: 1048576
      checksums: "\2434\336U"
    }
  }
}
, data.size=5
java.util.concurrent.CompletionException: org.apache.ratis.protocol.exceptions.StateMachineException: org.apache.hadoop.hdds.scm.container.common.helpers.ContainerNotOpenException from Server 2ba0c2a5-1748-4da9-81e4-5266296b4b8f@group-DF65FAE17C66: Container 4 in CLOSED state
	at org.apache.ratis.client.impl.RaftClientImpl.handleRaftException(RaftClientImpl.java:310)
	at org.apache.ratis.client.impl.OrderedAsync.lambda$send$3(OrderedAsync.java:172)
	at java.util.concurrent.CompletableFuture.uniApply(CompletableFuture.java:616)
	at java.util.concurrent.CompletableFuture$UniApply.tryFire(CompletableFuture.java:591)
	at java.util.concurrent.CompletableFuture.postComplete(CompletableFuture.java:488)
	at java.util.concurrent.CompletableFuture.complete(CompletableFuture.java:1975)
	at org.apache.ratis.client.impl.OrderedAsync$PendingOrderedRequest.setReply(OrderedAsync.java:98)
	at org.apache.ratis.client.impl.OrderedAsync$PendingOrderedRequest.setReply(OrderedAsync.java:59)
	at org.apache.ratis.util.SlidingWindow$RequestMap.setReply(SlidingWindow.java:144)
	at org.apache.ratis.util.SlidingWindow$Client.receiveReply(SlidingWindow.java:316)
	at org.apache.ratis.client.impl.OrderedAsync.lambda$sendRequest$9(OrderedAsync.java:244)
	at java.util.concurrent.CompletableFuture.uniApply(CompletableFuture.java:616)
	at java.util.concurrent.CompletableFuture$UniApply.tryFire(CompletableFuture.java:591)
	at java.util.concurrent.CompletableFuture.postComplete(CompletableFuture.java:488)
	at java.util.concurrent.CompletableFuture.complete(CompletableFuture.java:1975)
	at org.apache.ratis.grpc.client.GrpcClientProtocolClient$AsyncStreamObservers$1.lambda$onNext$0(GrpcClientProtocolClient.java:333)
	at java.util.Optional.ifPresent(Optional.java:159)
	at org.apache.ratis.grpc.client.GrpcClientProtocolClient$AsyncStreamObservers.handleReplyFuture(GrpcClientProtocolClient.java:389)
	at org.apache.ratis.grpc.client.GrpcClientProtocolClient$AsyncStreamObservers.access$100(GrpcClientProtocolClient.java:311)
	at org.apache.ratis.grpc.client.GrpcClientProtocolClient$AsyncStreamObservers$1.onNext(GrpcClientProtocolClient.java:333)
	at org.apache.ratis.grpc.client.GrpcClientProtocolClient$AsyncStreamObservers$1.onNext(GrpcClientProtocolClient.java:316)
	at org.apache.ratis.thirdparty.io.grpc.stub.ClientCalls$StreamObserverToCallListenerAdapter.onMessage(ClientCalls.java:466)
	at org.apache.ratis.thirdparty.io.grpc.ForwardingClientCallListener.onMessage(ForwardingClientCallListener.java:33)
	at org.apache.ratis.thirdparty.io.grpc.internal.ClientCallImpl$ClientStreamListenerImpl$1MessagesAvailable.runInternal(ClientCallImpl.java:661)
	at org.apache.ratis.thirdparty.io.grpc.internal.ClientCallImpl$ClientStreamListenerImpl$1MessagesAvailable.runInContext(ClientCallImpl.java:646)
	at org.apache.ratis.thirdparty.io.grpc.internal.ContextRunnable.run(ContextRunnable.java:37)
	at org.apache.ratis.thirdparty.io.grpc.internal.SerializingExecutor.run(SerializingExecutor.java:133)
	at java.util.concurrent.ThreadPoolExecutor.runWorker(ThreadPoolExecutor.java:1149)
	at java.util.concurrent.ThreadPoolExecutor$Worker.run(ThreadPoolExecutor.java:624)
	at java.lang.Thread.run(Thread.java:750)
Caused by: org.apache.ratis.protocol.exceptions.StateMachineException: org.apache.hadoop.hdds.scm.container.common.helpers.ContainerNotOpenException from Server 2ba0c2a5-1748-4da9-81e4-5266296b4b8f@group-DF65FAE17C66: Container 4 in CLOSED state
	at org.apache.hadoop.ozone.container.common.impl.HddsDispatcher.validateContainerCommand(HddsDispatcher.java:489)
	at org.apache.hadoop.ozone.container.common.transport.server.ratis.ContainerStateMachine.startTransaction(ContainerStateMachine.java:330)
	at org.apache.ratis.server.impl.RaftServerImpl.submitClientRequestAsync(RaftServerImpl.java:839)
	at org.apache.ratis.server.impl.RaftServerImpl.lambda$null$12(RaftServerImpl.java:783)
	at org.apache.ratis.util.JavaUtils.callAsUnchecked(JavaUtils.java:115)
	at org.apache.ratis.server.impl.RaftServerImpl.lambda$executeSubmitClientRequestAsync$13(RaftServerImpl.java:783)
	at java.util.concurrent.CompletableFuture$AsyncSupply.run(CompletableFuture.java:1604)
	... 3 more
Caused by: org.apache.hadoop.hdds.scm.container.common.helpers.ContainerNotOpenException: Container 4 in CLOSED state
	at sun.reflect.NativeConstructorAccessorImpl.newInstance0(Native Method)
	at sun.reflect.NativeConstructorAccessorImpl.newInstance(NativeConstructorAccessorImpl.java:62)
	at sun.reflect.DelegatingConstructorAccessorImpl.newInstance(DelegatingConstructorAccessorImpl.java:45)
	at java.lang.reflect.Constructor.newInstance(Constructor.java:423)
	at org.apache.ratis.util.ReflectionUtils.instantiateException(ReflectionUtils.java:259)
	at org.apache.ratis.client.impl.ClientProtoUtils.toStateMachineException(ClientProtoUtils.java:426)
	at org.apache.ratis.client.impl.ClientProtoUtils.toStateMachineException(ClientProtoUtils.java:412)
	at org.apache.ratis.client.impl.ClientProtoUtils.toRaftClientReply(ClientProtoUtils.java:383)
	at org.apache.ratis.grpc.client.GrpcClientProtocolClient$AsyncStreamObservers$1.onNext(GrpcClientProtocolClient.java:321)
	at org.apache.ratis.grpc.client.GrpcClientProtocolClient$AsyncStreamObservers$1.onNext(GrpcClientProtocolClient.java:316)
	at org.apache.ratis.thirdparty.io.grpc.stub.ClientCalls$StreamObserverToCallListenerAdapter.onMessage(ClientCalls.java:466)
	at org.apache.ratis.thirdparty.io.grpc.ForwardingClientCallListener.onMessage(ForwardingClientCallListener.java:33)
	at org.apache.ratis.thirdparty.io.grpc.internal.ClientCallImpl$ClientStreamListenerImpl$1MessagesAvailable.runInternal(ClientCallImpl.java:661)
	at org.apache.ratis.thirdparty.io.grpc.internal.ClientCallImpl$ClientStreamListenerImpl$1MessagesAvailable.runInContext(ClientCallImpl.java:646)
	at org.apache.ratis.thirdparty.io.grpc.internal.ContextRunnable.run(ContextRunnable.java:37)
	at org.apache.ratis.thirdparty.io.grpc.internal.SerializingExecutor.run(SerializingExecutor.java:133)
	... 3 more
]]></system-out>
  </testcase>
  <testcase name="testContainerStateMachineFailures" classname="org.apache.hadoop.ozone.client.rpc.TestContainerStateMachineFailures" time="21.826">
    <system-out><![CDATA[2022-06-15 07:34:27,887 [EventQueue-PipelineReportForPipelineReportHandler] INFO  pipeline.PipelineReportHandler (PipelineReportHandler.java:processPipelineReport(113)) - Reported pipeline PipelineID=83aa0ae5-c647-4842-ba01-114df2e904af is not found
2022-06-15 07:34:27,889 [EventQueue-PipelineReportForPipelineReportHandler] INFO  pipeline.PipelineReportHandler (PipelineReportHandler.java:processPipelineReport(113)) - Reported pipeline PipelineID=83aa0ae5-c647-4842-ba01-114df2e904af is not found
2022-06-15 07:34:27,899 [ChunkWriter-1-0] ERROR impl.ContainerLayoutVersion (ContainerLayoutVersion.java:getChunkDir(148)) - Chunks dir /home/runner/work/ozone/ozone/hadoop-ozone/integration-test/target/test-dir/MiniOzoneClusterImpl-589494f2-24de-4a8c-8650-9a890bc48d46/datanode-0/data-0/containers/hdds/589494f2-24de-4a8c-8650-9a890bc48d46/current/containerDir0/5/chunks does not exist
2022-06-15 07:34:27,899 [ChunkWriter-1-0] INFO  keyvalue.KeyValueHandler (ContainerUtils.java:logAndReturnError(88)) - Operation: WriteChunk , Trace ID:  , Message: Chunks directory /home/runner/work/ozone/ozone/hadoop-ozone/integration-test/target/test-dir/MiniOzoneClusterImpl-589494f2-24de-4a8c-8650-9a890bc48d46/datanode-0/data-0/containers/hdds/589494f2-24de-4a8c-8650-9a890bc48d46/current/containerDir0/5/chunks does not exist. , Result: UNABLE_TO_FIND_DATA_DIR , StorageContainerException Occurred.
org.apache.hadoop.hdds.scm.container.common.helpers.StorageContainerException: Chunks directory /home/runner/work/ozone/ozone/hadoop-ozone/integration-test/target/test-dir/MiniOzoneClusterImpl-589494f2-24de-4a8c-8650-9a890bc48d46/datanode-0/data-0/containers/hdds/589494f2-24de-4a8c-8650-9a890bc48d46/current/containerDir0/5/chunks does not exist.
	at org.apache.hadoop.ozone.container.common.impl.ContainerLayoutVersion.getChunkDir(ContainerLayoutVersion.java:150)
	at org.apache.hadoop.ozone.container.common.impl.ContainerLayoutVersion.getChunkFile(ContainerLayoutVersion.java:126)
	at org.apache.hadoop.ozone.container.keyvalue.impl.FilePerBlockStrategy.getChunkFile(FilePerBlockStrategy.java:237)
	at org.apache.hadoop.ozone.container.keyvalue.impl.FilePerBlockStrategy.writeChunk(FilePerBlockStrategy.java:119)
	at org.apache.hadoop.ozone.container.keyvalue.impl.ChunkManagerDispatcher.writeChunk(ChunkManagerDispatcher.java:73)
	at org.apache.hadoop.ozone.container.keyvalue.KeyValueHandler.handleWriteChunk(KeyValueHandler.java:750)
	at org.apache.hadoop.ozone.container.keyvalue.KeyValueHandler.dispatchRequest(KeyValueHandler.java:229)
	at org.apache.hadoop.ozone.container.keyvalue.KeyValueHandler.handle(KeyValueHandler.java:193)
	at org.apache.hadoop.ozone.container.common.impl.HddsDispatcher.dispatchRequest(HddsDispatcher.java:307)
	at org.apache.hadoop.ozone.container.common.impl.HddsDispatcher.lambda$dispatch$0(HddsDispatcher.java:169)
	at org.apache.hadoop.hdds.server.OzoneProtocolMessageDispatcher.processRequest(OzoneProtocolMessageDispatcher.java:87)
	at org.apache.hadoop.ozone.container.common.impl.HddsDispatcher.dispatch(HddsDispatcher.java:168)
	at org.apache.hadoop.ozone.container.common.transport.server.ratis.ContainerStateMachine.dispatchCommand(ContainerStateMachine.java:413)
	at org.apache.hadoop.ozone.container.common.transport.server.ratis.ContainerStateMachine.runCommand(ContainerStateMachine.java:423)
	at org.apache.hadoop.ozone.container.common.transport.server.ratis.ContainerStateMachine.lambda$handleWriteChunk$1(ContainerStateMachine.java:455)
	at java.util.concurrent.CompletableFuture$AsyncSupply.run(CompletableFuture.java:1604)
	at java.util.concurrent.ThreadPoolExecutor.runWorker(ThreadPoolExecutor.java:1149)
	at java.util.concurrent.ThreadPoolExecutor$Worker.run(ThreadPoolExecutor.java:624)
	at java.lang.Thread.run(Thread.java:750)
2022-06-15 07:34:27,900 [ChunkWriter-1-0] WARN  keyvalue.KeyValueHandler (KeyValueHandler.java:markContainerUnhealthy(1003)) - Unexpected error while marking container 5 as unhealthy
org.apache.hadoop.hdds.scm.container.common.helpers.StorageContainerException: Error while creating/ updating .container file. ContainerID: 5
	at org.apache.hadoop.ozone.container.keyvalue.KeyValueContainer.writeToContainerFile(KeyValueContainer.java:262)
	at org.apache.hadoop.ozone.container.keyvalue.KeyValueContainer.updateContainerFile(KeyValueContainer.java:282)
	at org.apache.hadoop.ozone.container.keyvalue.KeyValueContainer.updateContainerData(KeyValueContainer.java:400)
	at org.apache.hadoop.ozone.container.keyvalue.KeyValueContainer.markContainerUnhealthy(KeyValueContainer.java:327)
	at org.apache.hadoop.ozone.container.keyvalue.KeyValueHandler.markContainerUnhealthy(KeyValueHandler.java:998)
	at org.apache.hadoop.ozone.container.common.impl.HddsDispatcher.dispatchRequest(HddsDispatcher.java:352)
	at org.apache.hadoop.ozone.container.common.impl.HddsDispatcher.lambda$dispatch$0(HddsDispatcher.java:169)
	at org.apache.hadoop.hdds.server.OzoneProtocolMessageDispatcher.processRequest(OzoneProtocolMessageDispatcher.java:87)
	at org.apache.hadoop.ozone.container.common.impl.HddsDispatcher.dispatch(HddsDispatcher.java:168)
	at org.apache.hadoop.ozone.container.common.transport.server.ratis.ContainerStateMachine.dispatchCommand(ContainerStateMachine.java:413)
	at org.apache.hadoop.ozone.container.common.transport.server.ratis.ContainerStateMachine.runCommand(ContainerStateMachine.java:423)
	at org.apache.hadoop.ozone.container.common.transport.server.ratis.ContainerStateMachine.lambda$handleWriteChunk$1(ContainerStateMachine.java:455)
	at java.util.concurrent.CompletableFuture$AsyncSupply.run(CompletableFuture.java:1604)
	at java.util.concurrent.ThreadPoolExecutor.runWorker(ThreadPoolExecutor.java:1149)
	at java.util.concurrent.ThreadPoolExecutor$Worker.run(ThreadPoolExecutor.java:624)
	at java.lang.Thread.run(Thread.java:750)
Caused by: java.io.IOException: No such file or directory
	at java.io.UnixFileSystem.createFileExclusively(Native Method)
	at java.io.File.createTempFile(File.java:2063)
	at org.apache.hadoop.ozone.container.keyvalue.KeyValueContainer.createTempFile(KeyValueContainer.java:863)
	at org.apache.hadoop.ozone.container.keyvalue.KeyValueContainer.writeToContainerFile(KeyValueContainer.java:246)
	... 15 more
2022-06-15 07:34:27,900 [ChunkWriter-1-0] INFO  impl.HddsDispatcher (HddsDispatcher.java:dispatchRequest(353)) - Marked Container UNHEALTHY, ContainerID: 5
07:34:27.901 [543aeec3-c74a-41c2-8a93-8d529b3aabc8-client-thread2] ERROR DNAudit - user=null | ip=null | op=PUT_BLOCK {blockData=[blockId=conID: 5 locID: 109611004723200005 bcsId: 0, size=10]} | ret=FAILURE
org.apache.hadoop.hdds.scm.container.common.helpers.ContainerNotOpenException: Container 5 in UNHEALTHY state
	at org.apache.hadoop.ozone.container.common.impl.HddsDispatcher.validateContainerCommand(HddsDispatcher.java:489) ~[hdds-container-service-1.3.0-SNAPSHOT.jar:?]
	at org.apache.hadoop.ozone.container.common.transport.server.ratis.ContainerStateMachine.startTransaction(ContainerStateMachine.java:330) ~[hdds-container-service-1.3.0-SNAPSHOT.jar:?]
	at org.apache.ratis.server.impl.RaftServerImpl.submitClientRequestAsync(RaftServerImpl.java:839) ~[ratis-server-2.3.0.jar:2.3.0]
	at org.apache.ratis.server.impl.RaftServerImpl.lambda$null$12(RaftServerImpl.java:783) ~[ratis-server-2.3.0.jar:2.3.0]
	at org.apache.ratis.util.JavaUtils.callAsUnchecked(JavaUtils.java:115) ~[ratis-common-2.3.0.jar:2.3.0]
	at org.apache.ratis.server.impl.RaftServerImpl.lambda$executeSubmitClientRequestAsync$13(RaftServerImpl.java:783) ~[ratis-server-2.3.0.jar:2.3.0]
	at java.util.concurrent.CompletableFuture$AsyncSupply.run(CompletableFuture.java:1604) [?:1.8.0_332]
	at java.util.concurrent.ThreadPoolExecutor.runWorker(ThreadPoolExecutor.java:1149) [?:1.8.0_332]
	at java.util.concurrent.ThreadPoolExecutor$Worker.run(ThreadPoolExecutor.java:624) [?:1.8.0_332]
	at java.lang.Thread.run(Thread.java:750) [?:1.8.0_332]
07:34:27.904 [ChunkWriter-1-0] ERROR DNAudit - user=null | ip=null | op=WRITE_CHUNK {blockData=conID: 5 locID: 109611004723200005 bcsId: 2} | ret=FAILURE
java.lang.Exception: Chunks directory /home/runner/work/ozone/ozone/hadoop-ozone/integration-test/target/test-dir/MiniOzoneClusterImpl-589494f2-24de-4a8c-8650-9a890bc48d46/datanode-0/data-0/containers/hdds/589494f2-24de-4a8c-8650-9a890bc48d46/current/containerDir0/5/chunks does not exist.
	at org.apache.hadoop.ozone.container.common.impl.HddsDispatcher.dispatchRequest(HddsDispatcher.java:371) ~[hdds-container-service-1.3.0-SNAPSHOT.jar:?]
	at org.apache.hadoop.ozone.container.common.impl.HddsDispatcher.lambda$dispatch$0(HddsDispatcher.java:169) ~[hdds-container-service-1.3.0-SNAPSHOT.jar:?]
	at org.apache.hadoop.hdds.server.OzoneProtocolMessageDispatcher.processRequest(OzoneProtocolMessageDispatcher.java:87) ~[hdds-server-framework-1.3.0-SNAPSHOT.jar:?]
	at org.apache.hadoop.ozone.container.common.impl.HddsDispatcher.dispatch(HddsDispatcher.java:168) ~[hdds-container-service-1.3.0-SNAPSHOT.jar:?]
	at org.apache.hadoop.ozone.container.common.transport.server.ratis.ContainerStateMachine.dispatchCommand(ContainerStateMachine.java:413) ~[hdds-container-service-1.3.0-SNAPSHOT.jar:?]
	at org.apache.hadoop.ozone.container.common.transport.server.ratis.ContainerStateMachine.runCommand(ContainerStateMachine.java:423) ~[hdds-container-service-1.3.0-SNAPSHOT.jar:?]
	at org.apache.hadoop.ozone.container.common.transport.server.ratis.ContainerStateMachine.lambda$handleWriteChunk$1(ContainerStateMachine.java:455) ~[hdds-container-service-1.3.0-SNAPSHOT.jar:?]
	at java.util.concurrent.CompletableFuture$AsyncSupply.run(CompletableFuture.java:1604) [?:1.8.0_332]
	at java.util.concurrent.ThreadPoolExecutor.runWorker(ThreadPoolExecutor.java:1149) [?:1.8.0_332]
	at java.util.concurrent.ThreadPoolExecutor$Worker.run(ThreadPoolExecutor.java:624) [?:1.8.0_332]
	at java.lang.Thread.run(Thread.java:750) [?:1.8.0_332]
2022-06-15 07:34:27,905 [ChunkWriter-1-0] ERROR ratis.ContainerStateMachine (ContainerStateMachine.java:lambda$handleWriteChunk$2(483)) - group-268205D479E0: writeChunk writeStateMachineData failed: blockIdcontainerID: 5
localID: 109611004723200005
blockCommitSequenceId: 2
replicaIndex: 0
 logIndex 4 chunkName 109611004723200005_chunk_2 Error message: Chunks directory /home/runner/work/ozone/ozone/hadoop-ozone/integration-test/target/test-dir/MiniOzoneClusterImpl-589494f2-24de-4a8c-8650-9a890bc48d46/datanode-0/data-0/containers/hdds/589494f2-24de-4a8c-8650-9a890bc48d46/current/containerDir0/5/chunks does not exist. Container Result: UNABLE_TO_FIND_DATA_DIR
2022-06-15 07:34:27,906 [543aeec3-c74a-41c2-8a93-8d529b3aabc8@group-268205D479E0-SegmentedRaftLogWorker] ERROR ratis.XceiverServerRatis (XceiverServerRatis.java:triggerPipelineClose(678)) - pipeline Action CLOSE on pipeline PipelineID=7dacce43-4f31-4a97-b5bc-268205d479e0.Reason : Chunks directory /home/runner/work/ozone/ozone/hadoop-ozone/integration-test/target/test-dir/MiniOzoneClusterImpl-589494f2-24de-4a8c-8650-9a890bc48d46/datanode-0/data-0/containers/hdds/589494f2-24de-4a8c-8650-9a890bc48d46/current/containerDir0/5/chunks does not exist.
2022-06-15 07:34:27,907 [EventQueue-PipelineActionsForPipelineActionHandler] INFO  pipeline.PipelineActionHandler (PipelineActionHandler.java:processPipelineAction(82)) - Received pipeline action CLOSE for PipelineID=7dacce43-4f31-4a97-b5bc-268205d479e0 from datanode 543aeec3-c74a-41c2-8a93-8d529b3aabc8. Reason : Chunks directory /home/runner/work/ozone/ozone/hadoop-ozone/integration-test/target/test-dir/MiniOzoneClusterImpl-589494f2-24de-4a8c-8650-9a890bc48d46/datanode-0/data-0/containers/hdds/589494f2-24de-4a8c-8650-9a890bc48d46/current/containerDir0/5/chunks does not exist.
2022-06-15 07:34:27,908 [EventQueue-PipelineActionsForPipelineActionHandler] INFO  pipeline.PipelineManagerImpl (PipelineManagerImpl.java:closeContainersForPipeline(409)) - Container #5 closed for pipeline=PipelineID=7dacce43-4f31-4a97-b5bc-268205d479e0
2022-06-15 07:34:27,908 [EventQueue-PipelineActionsForPipelineActionHandler] INFO  pipeline.PipelineManagerImpl (PipelineManagerImpl.java:closePipeline(430)) - Pipeline Pipeline[ Id: 7dacce43-4f31-4a97-b5bc-268205d479e0, Nodes: 543aeec3-c74a-41c2-8a93-8d529b3aabc8{ip: 10.1.0.11, host: fv-az121-418.xhy4bhhdincepo0av04agjzkjc.cx.internal.cloudapp.net, ports: [REPLICATION=36317, RATIS=41193, RATIS_ADMIN=41193, RATIS_SERVER=41193, STANDALONE=38087], networkLocation: /default-rack, certSerialId: null, persistedOpState: IN_SERVICE, persistedOpStateExpiryEpochSec: 0}, ReplicationConfig: RATIS/ONE, State:OPEN, leaderId:543aeec3-c74a-41c2-8a93-8d529b3aabc8, CreationTimestamp2022-06-15T07:33:53.697Z[Etc/UTC]] moved to CLOSED state
2022-06-15 07:34:27,908 [EventQueue-PipelineActionsForPipelineActionHandler] INFO  pipeline.RatisPipelineProvider (RatisPipelineProvider.java:lambda$close$1(244)) - Send pipeline:PipelineID=7dacce43-4f31-4a97-b5bc-268205d479e0 close command to datanode 543aeec3-c74a-41c2-8a93-8d529b3aabc8
2022-06-15 07:34:27,908 [EventQueue-PipelineActionsForPipelineActionHandler] INFO  pipeline.PipelineStateManagerImpl (PipelineStateManagerImpl.java:removePipeline(243)) - Pipeline Pipeline[ Id: 7dacce43-4f31-4a97-b5bc-268205d479e0, Nodes: 543aeec3-c74a-41c2-8a93-8d529b3aabc8{ip: 10.1.0.11, host: fv-az121-418.xhy4bhhdincepo0av04agjzkjc.cx.internal.cloudapp.net, ports: [REPLICATION=36317, RATIS=41193, RATIS_ADMIN=41193, RATIS_SERVER=41193, STANDALONE=38087], networkLocation: /default-rack, certSerialId: null, persistedOpState: IN_SERVICE, persistedOpStateExpiryEpochSec: 0}, ReplicationConfig: RATIS/ONE, State:CLOSED, leaderId:543aeec3-c74a-41c2-8a93-8d529b3aabc8, CreationTimestamp2022-06-15T07:33:53.697Z[Etc/UTC]] removed.
2022-06-15 07:34:27,908 [EventQueue-CloseContainerForCloseContainerEventHandler] INFO  container.CloseContainerEventHandler (CloseContainerEventHandler.java:onMessage(70)) - Close container Event triggered for container : #5
2022-06-15 07:34:27,908 [EventQueue-CloseContainerForCloseContainerEventHandler] INFO  container.CloseContainerEventHandler (CloseContainerEventHandler.java:onMessage(70)) - Close container Event triggered for container : #5
2022-06-15 07:34:27,944 [EventQueue-PipelineReportForPipelineReportHandler] INFO  pipeline.PipelineReportHandler (PipelineReportHandler.java:processPipelineReport(113)) - Reported pipeline PipelineID=83aa0ae5-c647-4842-ba01-114df2e904af is not found
2022-06-15 07:34:28,086 [EventQueue-PipelineReportForPipelineReportHandler] INFO  pipeline.PipelineReportHandler (PipelineReportHandler.java:processPipelineReport(113)) - Reported pipeline PipelineID=83aa0ae5-c647-4842-ba01-114df2e904af is not found
2022-06-15 07:34:28,107 [EventQueue-PipelineReportForPipelineReportHandler] INFO  pipeline.PipelineReportHandler (PipelineReportHandler.java:processPipelineReport(113)) - Reported pipeline PipelineID=83aa0ae5-c647-4842-ba01-114df2e904af is not found
2022-06-15 07:34:28,108 [EventQueue-PipelineReportForPipelineReportHandler] INFO  pipeline.PipelineReportHandler (PipelineReportHandler.java:processPipelineReport(113)) - Reported pipeline PipelineID=7dacce43-4f31-4a97-b5bc-268205d479e0 is not found
2022-06-15 07:34:28,144 [EventQueue-PipelineReportForPipelineReportHandler] INFO  pipeline.PipelineReportHandler (PipelineReportHandler.java:processPipelineReport(113)) - Reported pipeline PipelineID=83aa0ae5-c647-4842-ba01-114df2e904af is not found
2022-06-15 07:34:28,208 [FixedThreadPoolWithAffinityExecutor-0-0] WARN  container.ContainerReportHandler (AbstractContainerReportHandler.java:updateContainerState(255)) - Container #4 is in OPEN state, but the datanode 2ba0c2a5-1748-4da9-81e4-5266296b4b8f{ip: 10.1.0.11, host: fv-az121-418.xhy4bhhdincepo0av04agjzkjc.cx.internal.cloudapp.net, ports: [REPLICATION=43041, RATIS=43465, RATIS_ADMIN=43465, RATIS_SERVER=43465, STANDALONE=43919], networkLocation: /default-rack, certSerialId: null, persistedOpState: IN_SERVICE, persistedOpStateExpiryEpochSec: 0} reports an CLOSED replica.
2022-06-15 07:34:28,287 [EventQueue-PipelineReportForPipelineReportHandler] INFO  pipeline.PipelineReportHandler (PipelineReportHandler.java:processPipelineReport(113)) - Reported pipeline PipelineID=83aa0ae5-c647-4842-ba01-114df2e904af is not found
2022-06-15 07:34:28,486 [EventQueue-PipelineReportForPipelineReportHandler] INFO  pipeline.PipelineReportHandler (PipelineReportHandler.java:processPipelineReport(113)) - Reported pipeline PipelineID=83aa0ae5-c647-4842-ba01-114df2e904af is not found
2022-06-15 07:34:28,507 [EventQueue-PipelineReportForPipelineReportHandler] INFO  pipeline.PipelineReportHandler (PipelineReportHandler.java:processPipelineReport(113)) - Reported pipeline PipelineID=83aa0ae5-c647-4842-ba01-114df2e904af is not found
2022-06-15 07:34:28,507 [EventQueue-PipelineReportForPipelineReportHandler] INFO  pipeline.PipelineReportHandler (PipelineReportHandler.java:processPipelineReport(113)) - Reported pipeline PipelineID=7dacce43-4f31-4a97-b5bc-268205d479e0 is not found
2022-06-15 07:34:28,545 [EventQueue-PipelineReportForPipelineReportHandler] INFO  pipeline.PipelineReportHandler (PipelineReportHandler.java:processPipelineReport(113)) - Reported pipeline PipelineID=83aa0ae5-c647-4842-ba01-114df2e904af is not found
2022-06-15 07:34:28,592 [Command processor thread] INFO  server.RaftServer (RaftServerProxy.java:remove(107)) - 543aeec3-c74a-41c2-8a93-8d529b3aabc8: remove    LEADER 543aeec3-c74a-41c2-8a93-8d529b3aabc8@group-268205D479E0:t1, leader=543aeec3-c74a-41c2-8a93-8d529b3aabc8, voted=543aeec3-c74a-41c2-8a93-8d529b3aabc8, raftlog=543aeec3-c74a-41c2-8a93-8d529b3aabc8@group-268205D479E0-SegmentedRaftLog:OPENED:c3, conf=0: [543aeec3-c74a-41c2-8a93-8d529b3aabc8|rpc:10.1.0.11:41193|dataStream:|priority:1], old=null RUNNING
2022-06-15 07:34:28,594 [Command processor thread] INFO  server.RaftServer$Division (RaftServerImpl.java:lambda$close$4(434)) - 543aeec3-c74a-41c2-8a93-8d529b3aabc8@group-268205D479E0: shutdown
2022-06-15 07:34:28,595 [Command processor thread] INFO  util.JmxRegister (JmxRegister.java:unregister(73)) - Successfully un-registered JMX Bean with object name Ratis:service=RaftServer,group=group-268205D479E0,id=543aeec3-c74a-41c2-8a93-8d529b3aabc8
2022-06-15 07:34:28,595 [Command processor thread] INFO  impl.RoleInfo (RoleInfo.java:shutdownLeaderState(93)) - 543aeec3-c74a-41c2-8a93-8d529b3aabc8: shutdown 543aeec3-c74a-41c2-8a93-8d529b3aabc8@group-268205D479E0-LeaderStateImpl
2022-06-15 07:34:28,595 [Command processor thread] INFO  impl.PendingRequests (PendingRequests.java:sendNotLeaderResponses(282)) - 543aeec3-c74a-41c2-8a93-8d529b3aabc8@group-268205D479E0-PendingRequests: sendNotLeaderResponses
2022-06-15 07:34:28,608 [FixedThreadPoolWithAffinityExecutor-9-0] WARN  container.ContainerReportHandler (AbstractContainerReportHandler.java:updateContainerState(255)) - Container #4 is in OPEN state, but the datanode 2ba0c2a5-1748-4da9-81e4-5266296b4b8f{ip: 10.1.0.11, host: fv-az121-418.xhy4bhhdincepo0av04agjzkjc.cx.internal.cloudapp.net, ports: [REPLICATION=43041, RATIS=43465, RATIS_ADMIN=43465, RATIS_SERVER=43465, STANDALONE=43919], networkLocation: /default-rack, certSerialId: null, persistedOpState: IN_SERVICE, persistedOpStateExpiryEpochSec: 0} reports an CLOSED replica.
2022-06-15 07:34:28,610 [543aeec3-c74a-41c2-8a93-8d529b3aabc8@group-268205D479E0-StateMachineUpdater] ERROR ratis.ContainerStateMachine (ContainerStateMachine.java:takeSnapshot(298)) - Failed to take snapshot  for group-268205D479E0 as the stateMachine is unhealthy. The last applied index is at (t:1, i:3)
2022-06-15 07:34:28,610 [543aeec3-c74a-41c2-8a93-8d529b3aabc8@group-268205D479E0-StateMachineUpdater] ERROR impl.StateMachineUpdater (StateMachineUpdater.java:takeSnapshot(282)) - 543aeec3-c74a-41c2-8a93-8d529b3aabc8@group-268205D479E0-StateMachineUpdater: Failed to take snapshot
org.apache.ratis.protocol.exceptions.StateMachineException: Failed to take snapshot  for group-268205D479E0 as the stateMachine is unhealthy. The last applied index is at (t:1, i:3)
	at org.apache.hadoop.ozone.container.common.transport.server.ratis.ContainerStateMachine.takeSnapshot(ContainerStateMachine.java:297)
	at org.apache.ratis.server.impl.StateMachineUpdater.takeSnapshot(StateMachineUpdater.java:270)
	at org.apache.ratis.server.impl.StateMachineUpdater.checkAndTakeSnapshot(StateMachineUpdater.java:262)
	at org.apache.ratis.server.impl.StateMachineUpdater.run(StateMachineUpdater.java:183)
	at java.lang.Thread.run(Thread.java:750)
2022-06-15 07:34:28,610 [543aeec3-c74a-41c2-8a93-8d529b3aabc8@group-268205D479E0-StateMachineUpdater] ERROR ratis.ContainerStateMachine (ContainerStateMachine.java:takeSnapshot(298)) - Failed to take snapshot  for group-268205D479E0 as the stateMachine is unhealthy. The last applied index is at (t:1, i:3)
2022-06-15 07:34:28,610 [543aeec3-c74a-41c2-8a93-8d529b3aabc8@group-268205D479E0-StateMachineUpdater] ERROR impl.StateMachineUpdater (StateMachineUpdater.java:takeSnapshot(282)) - 543aeec3-c74a-41c2-8a93-8d529b3aabc8@group-268205D479E0-StateMachineUpdater: Failed to take snapshot
org.apache.ratis.protocol.exceptions.StateMachineException: Failed to take snapshot  for group-268205D479E0 as the stateMachine is unhealthy. The last applied index is at (t:1, i:3)
	at org.apache.hadoop.ozone.container.common.transport.server.ratis.ContainerStateMachine.takeSnapshot(ContainerStateMachine.java:297)
	at org.apache.ratis.server.impl.StateMachineUpdater.takeSnapshot(StateMachineUpdater.java:270)
	at org.apache.ratis.server.impl.StateMachineUpdater.checkAndTakeSnapshot(StateMachineUpdater.java:262)
	at org.apache.ratis.server.impl.StateMachineUpdater.run(StateMachineUpdater.java:186)
	at java.lang.Thread.run(Thread.java:750)
2022-06-15 07:34:28,610 [Command processor thread] INFO  impl.StateMachineUpdater (StateMachineUpdater.java:stopAndJoin(153)) - 543aeec3-c74a-41c2-8a93-8d529b3aabc8@group-268205D479E0-StateMachineUpdater: set stopIndex = 3
2022-06-15 07:34:28,610 [Command processor thread] INFO  server.RaftServer$Division (ServerState.java:close(429)) - 543aeec3-c74a-41c2-8a93-8d529b3aabc8@group-268205D479E0: closes. applyIndex: 3
2022-06-15 07:34:28,613 [543aeec3-c74a-41c2-8a93-8d529b3aabc8@group-268205D479E0-SegmentedRaftLogWorker] INFO  segmented.SegmentedRaftLogWorker (SegmentedRaftLogWorker.java:run(336)) - 543aeec3-c74a-41c2-8a93-8d529b3aabc8@group-268205D479E0-SegmentedRaftLogWorker was interrupted, exiting. There are 0 tasks remaining in the queue.
2022-06-15 07:34:28,615 [Command processor thread] INFO  segmented.SegmentedRaftLogWorker (SegmentedRaftLogWorker.java:close(246)) - 543aeec3-c74a-41c2-8a93-8d529b3aabc8@group-268205D479E0-SegmentedRaftLogWorker close()
2022-06-15 07:34:28,620 [Command processor thread] INFO  server.RaftServer$Division (RaftServerImpl.java:groupRemove(404)) - 543aeec3-c74a-41c2-8a93-8d529b3aabc8@group-268205D479E0: Succeed to remove RaftStorageDirectory Storage Directory /home/runner/work/ozone/ozone/hadoop-ozone/integration-test/target/test-dir/MiniOzoneClusterImpl-589494f2-24de-4a8c-8650-9a890bc48d46/datanode-0/data/ratis/7dacce43-4f31-4a97-b5bc-268205d479e0
2022-06-15 07:34:28,620 [Command processor thread] INFO  commandhandler.ClosePipelineCommandHandler (ClosePipelineCommandHandler.java:handle(78)) - Close Pipeline PipelineID=7dacce43-4f31-4a97-b5bc-268205d479e0 command on datanode 543aeec3-c74a-41c2-8a93-8d529b3aabc8.
2022-06-15 07:34:28,687 [EventQueue-PipelineReportForPipelineReportHandler] INFO  pipeline.PipelineReportHandler (PipelineReportHandler.java:processPipelineReport(113)) - Reported pipeline PipelineID=83aa0ae5-c647-4842-ba01-114df2e904af is not found
2022-06-15 07:34:28,745 [EventQueue-PipelineReportForPipelineReportHandler] INFO  pipeline.PipelineReportHandler (PipelineReportHandler.java:processPipelineReport(113)) - Reported pipeline PipelineID=83aa0ae5-c647-4842-ba01-114df2e904af is not found
2022-06-15 07:34:28,808 [FixedThreadPoolWithAffinityExecutor-8-0] WARN  container.ContainerReportHandler (AbstractContainerReportHandler.java:updateContainerState(255)) - Container #4 is in OPEN state, but the datanode 2ba0c2a5-1748-4da9-81e4-5266296b4b8f{ip: 10.1.0.11, host: fv-az121-418.xhy4bhhdincepo0av04agjzkjc.cx.internal.cloudapp.net, ports: [REPLICATION=43041, RATIS=43465, RATIS_ADMIN=43465, RATIS_SERVER=43465, STANDALONE=43919], networkLocation: /default-rack, certSerialId: null, persistedOpState: IN_SERVICE, persistedOpStateExpiryEpochSec: 0} reports an CLOSED replica.
2022-06-15 07:34:28,887 [EventQueue-PipelineReportForPipelineReportHandler] INFO  pipeline.PipelineReportHandler (PipelineReportHandler.java:processPipelineReport(113)) - Reported pipeline PipelineID=83aa0ae5-c647-4842-ba01-114df2e904af is not found
2022-06-15 07:34:28,907 [EventQueue-PipelineReportForPipelineReportHandler] INFO  pipeline.PipelineReportHandler (PipelineReportHandler.java:processPipelineReport(113)) - Reported pipeline PipelineID=83aa0ae5-c647-4842-ba01-114df2e904af is not found
2022-06-15 07:34:29,107 [EventQueue-PipelineReportForPipelineReportHandler] INFO  pipeline.PipelineReportHandler (PipelineReportHandler.java:processPipelineReport(113)) - Reported pipeline PipelineID=83aa0ae5-c647-4842-ba01-114df2e904af is not found
2022-06-15 07:34:29,144 [EventQueue-PipelineReportForPipelineReportHandler] INFO  pipeline.PipelineReportHandler (PipelineReportHandler.java:processPipelineReport(113)) - Reported pipeline PipelineID=83aa0ae5-c647-4842-ba01-114df2e904af is not found
2022-06-15 07:34:29,207 [FixedThreadPoolWithAffinityExecutor-8-0] WARN  container.ContainerReportHandler (AbstractContainerReportHandler.java:updateContainerState(255)) - Container #4 is in OPEN state, but the datanode 2ba0c2a5-1748-4da9-81e4-5266296b4b8f{ip: 10.1.0.11, host: fv-az121-418.xhy4bhhdincepo0av04agjzkjc.cx.internal.cloudapp.net, ports: [REPLICATION=43041, RATIS=43465, RATIS_ADMIN=43465, RATIS_SERVER=43465, STANDALONE=43919], networkLocation: /default-rack, certSerialId: null, persistedOpState: IN_SERVICE, persistedOpStateExpiryEpochSec: 0} reports an CLOSED replica.
2022-06-15 07:34:29,286 [EventQueue-PipelineReportForPipelineReportHandler] INFO  pipeline.PipelineReportHandler (PipelineReportHandler.java:processPipelineReport(113)) - Reported pipeline PipelineID=83aa0ae5-c647-4842-ba01-114df2e904af is not found
2022-06-15 07:34:29,307 [EventQueue-PipelineReportForPipelineReportHandler] INFO  pipeline.PipelineReportHandler (PipelineReportHandler.java:processPipelineReport(113)) - Reported pipeline PipelineID=83aa0ae5-c647-4842-ba01-114df2e904af is not found
2022-06-15 07:34:29,407 [FixedThreadPoolWithAffinityExecutor-8-0] WARN  container.ContainerReportHandler (AbstractContainerReportHandler.java:updateContainerState(255)) - Container #4 is in OPEN state, but the datanode 2ba0c2a5-1748-4da9-81e4-5266296b4b8f{ip: 10.1.0.11, host: fv-az121-418.xhy4bhhdincepo0av04agjzkjc.cx.internal.cloudapp.net, ports: [REPLICATION=43041, RATIS=43465, RATIS_ADMIN=43465, RATIS_SERVER=43465, STANDALONE=43919], networkLocation: /default-rack, certSerialId: null, persistedOpState: IN_SERVICE, persistedOpStateExpiryEpochSec: 0} reports an CLOSED replica.
2022-06-15 07:34:29,487 [EventQueue-PipelineReportForPipelineReportHandler] INFO  pipeline.PipelineReportHandler (PipelineReportHandler.java:processPipelineReport(113)) - Reported pipeline PipelineID=83aa0ae5-c647-4842-ba01-114df2e904af is not found
2022-06-15 07:34:29,507 [EventQueue-PipelineReportForPipelineReportHandler] INFO  pipeline.PipelineReportHandler (PipelineReportHandler.java:processPipelineReport(113)) - Reported pipeline PipelineID=83aa0ae5-c647-4842-ba01-114df2e904af is not found
2022-06-15 07:34:29,545 [EventQueue-PipelineReportForPipelineReportHandler] INFO  pipeline.PipelineReportHandler (PipelineReportHandler.java:processPipelineReport(113)) - Reported pipeline PipelineID=83aa0ae5-c647-4842-ba01-114df2e904af is not found
2022-06-15 07:34:29,604 [2ba0c2a5-1748-4da9-81e4-5266296b4b8f@group-1CD1852B66C7-StateMachineUpdater] INFO  ratis.ContainerStateMachine (ContainerStateMachine.java:takeSnapshot(304)) - group-1CD1852B66C7: Taking a snapshot at:(t:2, i:10) file /home/runner/work/ozone/ozone/hadoop-ozone/integration-test/target/test-dir/MiniOzoneClusterImpl-589494f2-24de-4a8c-8650-9a890bc48d46/datanode-7/data/ratis/b5a8a24c-6c15-456e-926e-1cd1852b66c7/sm/snapshot.2_10
2022-06-15 07:34:29,608 [2ba0c2a5-1748-4da9-81e4-5266296b4b8f@group-1CD1852B66C7-StateMachineUpdater] INFO  ratis.ContainerStateMachine (ContainerStateMachine.java:takeSnapshot(315)) - group-1CD1852B66C7: Finished taking a snapshot at:(t:2, i:10) file:/home/runner/work/ozone/ozone/hadoop-ozone/integration-test/target/test-dir/MiniOzoneClusterImpl-589494f2-24de-4a8c-8650-9a890bc48d46/datanode-7/data/ratis/b5a8a24c-6c15-456e-926e-1cd1852b66c7/sm/snapshot.2_10 took: 3 ms
2022-06-15 07:34:29,608 [309b0a9a-ca0d-4cb3-b4c4-40bf1bc4f3ac@group-1CD1852B66C7-StateMachineUpdater] INFO  ratis.ContainerStateMachine (ContainerStateMachine.java:takeSnapshot(304)) - group-1CD1852B66C7: Taking a snapshot at:(t:2, i:10) file /home/runner/work/ozone/ozone/hadoop-ozone/integration-test/target/test-dir/MiniOzoneClusterImpl-589494f2-24de-4a8c-8650-9a890bc48d46/datanode-8/data/ratis/b5a8a24c-6c15-456e-926e-1cd1852b66c7/sm/snapshot.2_10
2022-06-15 07:34:29,609 [2ba0c2a5-1748-4da9-81e4-5266296b4b8f@group-1CD1852B66C7-StateMachineUpdater] INFO  impl.StateMachineUpdater (StateMachineUpdater.java:takeSnapshot(287)) - 2ba0c2a5-1748-4da9-81e4-5266296b4b8f@group-1CD1852B66C7-StateMachineUpdater: Took a snapshot at index 10
2022-06-15 07:34:29,609 [2ba0c2a5-1748-4da9-81e4-5266296b4b8f@group-1CD1852B66C7-StateMachineUpdater] INFO  impl.StateMachineUpdater (StateMachineUpdater.java:lambda$new$0(92)) - 2ba0c2a5-1748-4da9-81e4-5266296b4b8f@group-1CD1852B66C7-StateMachineUpdater: snapshotIndex: updateIncreasingly 9 -> 10
2022-06-15 07:34:29,609 [309b0a9a-ca0d-4cb3-b4c4-40bf1bc4f3ac@group-1CD1852B66C7-StateMachineUpdater] INFO  ratis.ContainerStateMachine (ContainerStateMachine.java:takeSnapshot(315)) - group-1CD1852B66C7: Finished taking a snapshot at:(t:2, i:10) file:/home/runner/work/ozone/ozone/hadoop-ozone/integration-test/target/test-dir/MiniOzoneClusterImpl-589494f2-24de-4a8c-8650-9a890bc48d46/datanode-8/data/ratis/b5a8a24c-6c15-456e-926e-1cd1852b66c7/sm/snapshot.2_10 took: 1 ms
2022-06-15 07:34:29,609 [309b0a9a-ca0d-4cb3-b4c4-40bf1bc4f3ac@group-1CD1852B66C7-StateMachineUpdater] INFO  impl.StateMachineUpdater (StateMachineUpdater.java:takeSnapshot(287)) - 309b0a9a-ca0d-4cb3-b4c4-40bf1bc4f3ac@group-1CD1852B66C7-StateMachineUpdater: Took a snapshot at index 10
2022-06-15 07:34:29,609 [309b0a9a-ca0d-4cb3-b4c4-40bf1bc4f3ac@group-1CD1852B66C7-StateMachineUpdater] INFO  impl.StateMachineUpdater (StateMachineUpdater.java:lambda$new$0(92)) - 309b0a9a-ca0d-4cb3-b4c4-40bf1bc4f3ac@group-1CD1852B66C7-StateMachineUpdater: snapshotIndex: updateIncreasingly 8 -> 10
2022-06-15 07:34:29,745 [EventQueue-PipelineReportForPipelineReportHandler] INFO  pipeline.PipelineReportHandler (PipelineReportHandler.java:processPipelineReport(113)) - Reported pipeline PipelineID=83aa0ae5-c647-4842-ba01-114df2e904af is not found
2022-06-15 07:34:29,807 [FixedThreadPoolWithAffinityExecutor-9-0] WARN  container.ContainerReportHandler (AbstractContainerReportHandler.java:updateContainerState(255)) - Container #4 is in OPEN state, but the datanode 2ba0c2a5-1748-4da9-81e4-5266296b4b8f{ip: 10.1.0.11, host: fv-az121-418.xhy4bhhdincepo0av04agjzkjc.cx.internal.cloudapp.net, ports: [REPLICATION=43041, RATIS=43465, RATIS_ADMIN=43465, RATIS_SERVER=43465, STANDALONE=43919], networkLocation: /default-rack, certSerialId: null, persistedOpState: IN_SERVICE, persistedOpStateExpiryEpochSec: 0} reports an CLOSED replica.
2022-06-15 07:34:29,886 [EventQueue-PipelineReportForPipelineReportHandler] INFO  pipeline.PipelineReportHandler (PipelineReportHandler.java:processPipelineReport(113)) - Reported pipeline PipelineID=83aa0ae5-c647-4842-ba01-114df2e904af is not found
2022-06-15 07:34:29,909 [EventQueue-PipelineReportForPipelineReportHandler] INFO  pipeline.PipelineReportHandler (PipelineReportHandler.java:processPipelineReport(113)) - Reported pipeline PipelineID=83aa0ae5-c647-4842-ba01-114df2e904af is not found
2022-06-15 07:34:30,087 [EventQueue-PipelineReportForPipelineReportHandler] INFO  pipeline.PipelineReportHandler (PipelineReportHandler.java:processPipelineReport(113)) - Reported pipeline PipelineID=83aa0ae5-c647-4842-ba01-114df2e904af is not found
2022-06-15 07:34:30,109 [EventQueue-PipelineReportForPipelineReportHandler] INFO  pipeline.PipelineReportHandler (PipelineReportHandler.java:processPipelineReport(113)) - Reported pipeline PipelineID=83aa0ae5-c647-4842-ba01-114df2e904af is not found
2022-06-15 07:34:30,146 [EventQueue-PipelineReportForPipelineReportHandler] INFO  pipeline.PipelineReportHandler (PipelineReportHandler.java:processPipelineReport(113)) - Reported pipeline PipelineID=83aa0ae5-c647-4842-ba01-114df2e904af is not found
2022-06-15 07:34:30,207 [FixedThreadPoolWithAffinityExecutor-0-0] WARN  container.ContainerReportHandler (AbstractContainerReportHandler.java:updateContainerState(255)) - Container #4 is in OPEN state, but the datanode 2ba0c2a5-1748-4da9-81e4-5266296b4b8f{ip: 10.1.0.11, host: fv-az121-418.xhy4bhhdincepo0av04agjzkjc.cx.internal.cloudapp.net, ports: [REPLICATION=43041, RATIS=43465, RATIS_ADMIN=43465, RATIS_SERVER=43465, STANDALONE=43919], networkLocation: /default-rack, certSerialId: null, persistedOpState: IN_SERVICE, persistedOpStateExpiryEpochSec: 0} reports an CLOSED replica.
2022-06-15 07:34:30,310 [EventQueue-PipelineReportForPipelineReportHandler] INFO  pipeline.PipelineReportHandler (PipelineReportHandler.java:processPipelineReport(113)) - Reported pipeline PipelineID=83aa0ae5-c647-4842-ba01-114df2e904af is not found
2022-06-15 07:34:30,407 [FixedThreadPoolWithAffinityExecutor-0-0] WARN  container.ContainerReportHandler (AbstractContainerReportHandler.java:updateContainerState(255)) - Container #4 is in OPEN state, but the datanode 2ba0c2a5-1748-4da9-81e4-5266296b4b8f{ip: 10.1.0.11, host: fv-az121-418.xhy4bhhdincepo0av04agjzkjc.cx.internal.cloudapp.net, ports: [REPLICATION=43041, RATIS=43465, RATIS_ADMIN=43465, RATIS_SERVER=43465, STANDALONE=43919], networkLocation: /default-rack, certSerialId: null, persistedOpState: IN_SERVICE, persistedOpStateExpiryEpochSec: 0} reports an CLOSED replica.
2022-06-15 07:34:30,487 [EventQueue-PipelineReportForPipelineReportHandler] INFO  pipeline.PipelineReportHandler (PipelineReportHandler.java:processPipelineReport(113)) - Reported pipeline PipelineID=83aa0ae5-c647-4842-ba01-114df2e904af is not found
2022-06-15 07:34:30,546 [EventQueue-PipelineReportForPipelineReportHandler] INFO  pipeline.PipelineReportHandler (PipelineReportHandler.java:processPipelineReport(113)) - Reported pipeline PipelineID=83aa0ae5-c647-4842-ba01-114df2e904af is not found
2022-06-15 07:34:30,607 [FixedThreadPoolWithAffinityExecutor-0-0] WARN  container.ContainerReportHandler (AbstractContainerReportHandler.java:updateContainerState(255)) - Container #4 is in OPEN state, but the datanode 2ba0c2a5-1748-4da9-81e4-5266296b4b8f{ip: 10.1.0.11, host: fv-az121-418.xhy4bhhdincepo0av04agjzkjc.cx.internal.cloudapp.net, ports: [REPLICATION=43041, RATIS=43465, RATIS_ADMIN=43465, RATIS_SERVER=43465, STANDALONE=43919], networkLocation: /default-rack, certSerialId: null, persistedOpState: IN_SERVICE, persistedOpStateExpiryEpochSec: 0} reports an CLOSED replica.
2022-06-15 07:34:30,687 [EventQueue-PipelineReportForPipelineReportHandler] INFO  pipeline.PipelineReportHandler (PipelineReportHandler.java:processPipelineReport(113)) - Reported pipeline PipelineID=83aa0ae5-c647-4842-ba01-114df2e904af is not found
2022-06-15 07:34:30,709 [EventQueue-PipelineReportForPipelineReportHandler] INFO  pipeline.PipelineReportHandler (PipelineReportHandler.java:processPipelineReport(113)) - Reported pipeline PipelineID=83aa0ae5-c647-4842-ba01-114df2e904af is not found
2022-06-15 07:34:30,808 [FixedThreadPoolWithAffinityExecutor-1-0] WARN  container.ContainerReportHandler (AbstractContainerReportHandler.java:updateContainerState(255)) - Container #4 is in OPEN state, but the datanode 2ba0c2a5-1748-4da9-81e4-5266296b4b8f{ip: 10.1.0.11, host: fv-az121-418.xhy4bhhdincepo0av04agjzkjc.cx.internal.cloudapp.net, ports: [REPLICATION=43041, RATIS=43465, RATIS_ADMIN=43465, RATIS_SERVER=43465, STANDALONE=43919], networkLocation: /default-rack, certSerialId: null, persistedOpState: IN_SERVICE, persistedOpStateExpiryEpochSec: 0} reports an CLOSED replica.
2022-06-15 07:34:30,947 [EventQueue-PipelineReportForPipelineReportHandler] INFO  pipeline.PipelineReportHandler (PipelineReportHandler.java:processPipelineReport(113)) - Reported pipeline PipelineID=83aa0ae5-c647-4842-ba01-114df2e904af is not found
2022-06-15 07:34:31,087 [EventQueue-PipelineReportForPipelineReportHandler] INFO  pipeline.PipelineReportHandler (PipelineReportHandler.java:processPipelineReport(113)) - Reported pipeline PipelineID=83aa0ae5-c647-4842-ba01-114df2e904af is not found
2022-06-15 07:34:31,111 [EventQueue-PipelineReportForPipelineReportHandler] INFO  pipeline.PipelineReportHandler (PipelineReportHandler.java:processPipelineReport(113)) - Reported pipeline PipelineID=83aa0ae5-c647-4842-ba01-114df2e904af is not found
2022-06-15 07:34:31,147 [EventQueue-PipelineReportForPipelineReportHandler] INFO  pipeline.PipelineReportHandler (PipelineReportHandler.java:processPipelineReport(113)) - Reported pipeline PipelineID=83aa0ae5-c647-4842-ba01-114df2e904af is not found
2022-06-15 07:34:31,208 [FixedThreadPoolWithAffinityExecutor-1-0] WARN  container.ContainerReportHandler (AbstractContainerReportHandler.java:updateContainerState(255)) - Container #4 is in OPEN state, but the datanode 2ba0c2a5-1748-4da9-81e4-5266296b4b8f{ip: 10.1.0.11, host: fv-az121-418.xhy4bhhdincepo0av04agjzkjc.cx.internal.cloudapp.net, ports: [REPLICATION=43041, RATIS=43465, RATIS_ADMIN=43465, RATIS_SERVER=43465, STANDALONE=43919], networkLocation: /default-rack, certSerialId: null, persistedOpState: IN_SERVICE, persistedOpStateExpiryEpochSec: 0} reports an CLOSED replica.
2022-06-15 07:34:31,310 [EventQueue-PipelineReportForPipelineReportHandler] INFO  pipeline.PipelineReportHandler (PipelineReportHandler.java:processPipelineReport(113)) - Reported pipeline PipelineID=83aa0ae5-c647-4842-ba01-114df2e904af is not found
2022-06-15 07:34:31,348 [EventQueue-PipelineReportForPipelineReportHandler] INFO  pipeline.PipelineReportHandler (PipelineReportHandler.java:processPipelineReport(113)) - Reported pipeline PipelineID=83aa0ae5-c647-4842-ba01-114df2e904af is not found
2022-06-15 07:34:31,408 [FixedThreadPoolWithAffinityExecutor-8-0] WARN  container.ContainerReportHandler (AbstractContainerReportHandler.java:updateContainerState(255)) - Container #4 is in OPEN state, but the datanode 2ba0c2a5-1748-4da9-81e4-5266296b4b8f{ip: 10.1.0.11, host: fv-az121-418.xhy4bhhdincepo0av04agjzkjc.cx.internal.cloudapp.net, ports: [REPLICATION=43041, RATIS=43465, RATIS_ADMIN=43465, RATIS_SERVER=43465, STANDALONE=43919], networkLocation: /default-rack, certSerialId: null, persistedOpState: IN_SERVICE, persistedOpStateExpiryEpochSec: 0} reports an CLOSED replica.
2022-06-15 07:34:31,488 [EventQueue-PipelineReportForPipelineReportHandler] INFO  pipeline.PipelineReportHandler (PipelineReportHandler.java:processPipelineReport(113)) - Reported pipeline PipelineID=83aa0ae5-c647-4842-ba01-114df2e904af is not found
2022-06-15 07:34:31,608 [FixedThreadPoolWithAffinityExecutor-1-0] WARN  container.ContainerReportHandler (AbstractContainerReportHandler.java:updateContainerState(255)) - Container #4 is in OPEN state, but the datanode 2ba0c2a5-1748-4da9-81e4-5266296b4b8f{ip: 10.1.0.11, host: fv-az121-418.xhy4bhhdincepo0av04agjzkjc.cx.internal.cloudapp.net, ports: [REPLICATION=43041, RATIS=43465, RATIS_ADMIN=43465, RATIS_SERVER=43465, STANDALONE=43919], networkLocation: /default-rack, certSerialId: null, persistedOpState: IN_SERVICE, persistedOpStateExpiryEpochSec: 0} reports an CLOSED replica.
2022-06-15 07:34:31,710 [EventQueue-PipelineReportForPipelineReportHandler] INFO  pipeline.PipelineReportHandler (PipelineReportHandler.java:processPipelineReport(113)) - Reported pipeline PipelineID=83aa0ae5-c647-4842-ba01-114df2e904af is not found
2022-06-15 07:34:31,748 [EventQueue-PipelineReportForPipelineReportHandler] INFO  pipeline.PipelineReportHandler (PipelineReportHandler.java:processPipelineReport(113)) - Reported pipeline PipelineID=83aa0ae5-c647-4842-ba01-114df2e904af is not found
2022-06-15 07:34:31,891 [EventQueue-PipelineReportForPipelineReportHandler] INFO  pipeline.PipelineReportHandler (PipelineReportHandler.java:processPipelineReport(113)) - Reported pipeline PipelineID=83aa0ae5-c647-4842-ba01-114df2e904af is not found
2022-06-15 07:34:31,912 [EventQueue-PipelineReportForPipelineReportHandler] INFO  pipeline.PipelineReportHandler (PipelineReportHandler.java:processPipelineReport(113)) - Reported pipeline PipelineID=83aa0ae5-c647-4842-ba01-114df2e904af is not found
2022-06-15 07:34:32,008 [FixedThreadPoolWithAffinityExecutor-8-0] WARN  container.ContainerReportHandler (AbstractContainerReportHandler.java:updateContainerState(255)) - Container #4 is in OPEN state, but the datanode 2ba0c2a5-1748-4da9-81e4-5266296b4b8f{ip: 10.1.0.11, host: fv-az121-418.xhy4bhhdincepo0av04agjzkjc.cx.internal.cloudapp.net, ports: [REPLICATION=43041, RATIS=43465, RATIS_ADMIN=43465, RATIS_SERVER=43465, STANDALONE=43919], networkLocation: /default-rack, certSerialId: null, persistedOpState: IN_SERVICE, persistedOpStateExpiryEpochSec: 0} reports an CLOSED replica.
2022-06-15 07:34:32,090 [EventQueue-PipelineReportForPipelineReportHandler] INFO  pipeline.PipelineReportHandler (PipelineReportHandler.java:processPipelineReport(113)) - Reported pipeline PipelineID=83aa0ae5-c647-4842-ba01-114df2e904af is not found
2022-06-15 07:34:32,111 [EventQueue-PipelineReportForPipelineReportHandler] INFO  pipeline.PipelineReportHandler (PipelineReportHandler.java:processPipelineReport(113)) - Reported pipeline PipelineID=83aa0ae5-c647-4842-ba01-114df2e904af is not found
2022-06-15 07:34:32,148 [EventQueue-PipelineReportForPipelineReportHandler] INFO  pipeline.PipelineReportHandler (PipelineReportHandler.java:processPipelineReport(113)) - Reported pipeline PipelineID=83aa0ae5-c647-4842-ba01-114df2e904af is not found
2022-06-15 07:34:32,208 [FixedThreadPoolWithAffinityExecutor-0-0] WARN  container.ContainerReportHandler (AbstractContainerReportHandler.java:updateContainerState(255)) - Container #4 is in OPEN state, but the datanode 2ba0c2a5-1748-4da9-81e4-5266296b4b8f{ip: 10.1.0.11, host: fv-az121-418.xhy4bhhdincepo0av04agjzkjc.cx.internal.cloudapp.net, ports: [REPLICATION=43041, RATIS=43465, RATIS_ADMIN=43465, RATIS_SERVER=43465, STANDALONE=43919], networkLocation: /default-rack, certSerialId: null, persistedOpState: IN_SERVICE, persistedOpStateExpiryEpochSec: 0} reports an CLOSED replica.
2022-06-15 07:34:32,290 [EventQueue-PipelineReportForPipelineReportHandler] INFO  pipeline.PipelineReportHandler (PipelineReportHandler.java:processPipelineReport(113)) - Reported pipeline PipelineID=83aa0ae5-c647-4842-ba01-114df2e904af is not found
2022-06-15 07:34:32,409 [FixedThreadPoolWithAffinityExecutor-9-0] WARN  container.ContainerReportHandler (AbstractContainerReportHandler.java:updateContainerState(255)) - Container #4 is in OPEN state, but the datanode 2ba0c2a5-1748-4da9-81e4-5266296b4b8f{ip: 10.1.0.11, host: fv-az121-418.xhy4bhhdincepo0av04agjzkjc.cx.internal.cloudapp.net, ports: [REPLICATION=43041, RATIS=43465, RATIS_ADMIN=43465, RATIS_SERVER=43465, STANDALONE=43919], networkLocation: /default-rack, certSerialId: null, persistedOpState: IN_SERVICE, persistedOpStateExpiryEpochSec: 0} reports an CLOSED replica.
2022-06-15 07:34:32,490 [EventQueue-PipelineReportForPipelineReportHandler] INFO  pipeline.PipelineReportHandler (PipelineReportHandler.java:processPipelineReport(113)) - Reported pipeline PipelineID=83aa0ae5-c647-4842-ba01-114df2e904af is not found
2022-06-15 07:34:32,512 [EventQueue-PipelineReportForPipelineReportHandler] INFO  pipeline.PipelineReportHandler (PipelineReportHandler.java:processPipelineReport(113)) - Reported pipeline PipelineID=83aa0ae5-c647-4842-ba01-114df2e904af is not found
2022-06-15 07:34:32,547 [EventQueue-PipelineReportForPipelineReportHandler] INFO  pipeline.PipelineReportHandler (PipelineReportHandler.java:processPipelineReport(113)) - Reported pipeline PipelineID=83aa0ae5-c647-4842-ba01-114df2e904af is not found
2022-06-15 07:34:32,712 [EventQueue-PipelineReportForPipelineReportHandler] INFO  pipeline.PipelineReportHandler (PipelineReportHandler.java:processPipelineReport(113)) - Reported pipeline PipelineID=83aa0ae5-c647-4842-ba01-114df2e904af is not found
2022-06-15 07:34:32,748 [EventQueue-PipelineReportForPipelineReportHandler] INFO  pipeline.PipelineReportHandler (PipelineReportHandler.java:processPipelineReport(113)) - Reported pipeline PipelineID=83aa0ae5-c647-4842-ba01-114df2e904af is not found
2022-06-15 07:34:32,809 [FixedThreadPoolWithAffinityExecutor-9-0] WARN  container.ContainerReportHandler (AbstractContainerReportHandler.java:updateContainerState(255)) - Container #4 is in OPEN state, but the datanode 2ba0c2a5-1748-4da9-81e4-5266296b4b8f{ip: 10.1.0.11, host: fv-az121-418.xhy4bhhdincepo0av04agjzkjc.cx.internal.cloudapp.net, ports: [REPLICATION=43041, RATIS=43465, RATIS_ADMIN=43465, RATIS_SERVER=43465, STANDALONE=43919], networkLocation: /default-rack, certSerialId: null, persistedOpState: IN_SERVICE, persistedOpStateExpiryEpochSec: 0} reports an CLOSED replica.
2022-06-15 07:34:32,890 [EventQueue-PipelineReportForPipelineReportHandler] INFO  pipeline.PipelineReportHandler (PipelineReportHandler.java:processPipelineReport(113)) - Reported pipeline PipelineID=83aa0ae5-c647-4842-ba01-114df2e904af is not found
2022-06-15 07:34:32,911 [EventQueue-PipelineReportForPipelineReportHandler] INFO  pipeline.PipelineReportHandler (PipelineReportHandler.java:processPipelineReport(113)) - Reported pipeline PipelineID=83aa0ae5-c647-4842-ba01-114df2e904af is not found
2022-06-15 07:34:33,008 [FixedThreadPoolWithAffinityExecutor-9-0] WARN  container.ContainerReportHandler (AbstractContainerReportHandler.java:updateContainerState(255)) - Container #4 is in OPEN state, but the datanode 2ba0c2a5-1748-4da9-81e4-5266296b4b8f{ip: 10.1.0.11, host: fv-az121-418.xhy4bhhdincepo0av04agjzkjc.cx.internal.cloudapp.net, ports: [REPLICATION=43041, RATIS=43465, RATIS_ADMIN=43465, RATIS_SERVER=43465, STANDALONE=43919], networkLocation: /default-rack, certSerialId: null, persistedOpState: IN_SERVICE, persistedOpStateExpiryEpochSec: 0} reports an CLOSED replica.
2022-06-15 07:34:33,092 [EventQueue-PipelineReportForPipelineReportHandler] INFO  pipeline.PipelineReportHandler (PipelineReportHandler.java:processPipelineReport(113)) - Reported pipeline PipelineID=83aa0ae5-c647-4842-ba01-114df2e904af is not found
2022-06-15 07:34:33,148 [EventQueue-PipelineReportForPipelineReportHandler] INFO  pipeline.PipelineReportHandler (PipelineReportHandler.java:processPipelineReport(113)) - Reported pipeline PipelineID=83aa0ae5-c647-4842-ba01-114df2e904af is not found
2022-06-15 07:34:33,314 [EventQueue-PipelineReportForPipelineReportHandler] INFO  pipeline.PipelineReportHandler (PipelineReportHandler.java:processPipelineReport(113)) - Reported pipeline PipelineID=83aa0ae5-c647-4842-ba01-114df2e904af is not found
2022-06-15 07:34:33,348 [EventQueue-PipelineReportForPipelineReportHandler] INFO  pipeline.PipelineReportHandler (PipelineReportHandler.java:processPipelineReport(113)) - Reported pipeline PipelineID=83aa0ae5-c647-4842-ba01-114df2e904af is not found
2022-06-15 07:34:33,409 [FixedThreadPoolWithAffinityExecutor-9-0] WARN  container.ContainerReportHandler (AbstractContainerReportHandler.java:updateContainerState(255)) - Container #4 is in OPEN state, but the datanode 2ba0c2a5-1748-4da9-81e4-5266296b4b8f{ip: 10.1.0.11, host: fv-az121-418.xhy4bhhdincepo0av04agjzkjc.cx.internal.cloudapp.net, ports: [REPLICATION=43041, RATIS=43465, RATIS_ADMIN=43465, RATIS_SERVER=43465, STANDALONE=43919], networkLocation: /default-rack, certSerialId: null, persistedOpState: IN_SERVICE, persistedOpStateExpiryEpochSec: 0} reports an CLOSED replica.
2022-06-15 07:34:33,492 [EventQueue-PipelineReportForPipelineReportHandler] INFO  pipeline.PipelineReportHandler (PipelineReportHandler.java:processPipelineReport(113)) - Reported pipeline PipelineID=83aa0ae5-c647-4842-ba01-114df2e904af is not found
2022-06-15 07:34:33,610 [FixedThreadPoolWithAffinityExecutor-9-0] WARN  container.ContainerReportHandler (AbstractContainerReportHandler.java:updateContainerState(255)) - Container #4 is in OPEN state, but the datanode 2ba0c2a5-1748-4da9-81e4-5266296b4b8f{ip: 10.1.0.11, host: fv-az121-418.xhy4bhhdincepo0av04agjzkjc.cx.internal.cloudapp.net, ports: [REPLICATION=43041, RATIS=43465, RATIS_ADMIN=43465, RATIS_SERVER=43465, STANDALONE=43919], networkLocation: /default-rack, certSerialId: null, persistedOpState: IN_SERVICE, persistedOpStateExpiryEpochSec: 0} reports an CLOSED replica.
2022-06-15 07:34:33,714 [EventQueue-PipelineReportForPipelineReportHandler] INFO  pipeline.PipelineReportHandler (PipelineReportHandler.java:processPipelineReport(113)) - Reported pipeline PipelineID=83aa0ae5-c647-4842-ba01-114df2e904af is not found
2022-06-15 07:34:33,748 [EventQueue-PipelineReportForPipelineReportHandler] INFO  pipeline.PipelineReportHandler (PipelineReportHandler.java:processPipelineReport(113)) - Reported pipeline PipelineID=83aa0ae5-c647-4842-ba01-114df2e904af is not found
2022-06-15 07:34:33,893 [EventQueue-PipelineReportForPipelineReportHandler] INFO  pipeline.PipelineReportHandler (PipelineReportHandler.java:processPipelineReport(113)) - Reported pipeline PipelineID=83aa0ae5-c647-4842-ba01-114df2e904af is not found
2022-06-15 07:34:33,914 [EventQueue-PipelineReportForPipelineReportHandler] INFO  pipeline.PipelineReportHandler (PipelineReportHandler.java:processPipelineReport(113)) - Reported pipeline PipelineID=83aa0ae5-c647-4842-ba01-114df2e904af is not found
2022-06-15 07:34:33,948 [EventQueue-PipelineReportForPipelineReportHandler] INFO  pipeline.PipelineReportHandler (PipelineReportHandler.java:processPipelineReport(113)) - Reported pipeline PipelineID=83aa0ae5-c647-4842-ba01-114df2e904af is not found
2022-06-15 07:34:34,011 [FixedThreadPoolWithAffinityExecutor-9-0] WARN  container.ContainerReportHandler (AbstractContainerReportHandler.java:updateContainerState(255)) - Container #4 is in OPEN state, but the datanode 2ba0c2a5-1748-4da9-81e4-5266296b4b8f{ip: 10.1.0.11, host: fv-az121-418.xhy4bhhdincepo0av04agjzkjc.cx.internal.cloudapp.net, ports: [REPLICATION=43041, RATIS=43465, RATIS_ADMIN=43465, RATIS_SERVER=43465, STANDALONE=43919], networkLocation: /default-rack, certSerialId: null, persistedOpState: IN_SERVICE, persistedOpStateExpiryEpochSec: 0} reports an CLOSED replica.
2022-06-15 07:34:34,093 [EventQueue-PipelineReportForPipelineReportHandler] INFO  pipeline.PipelineReportHandler (PipelineReportHandler.java:processPipelineReport(113)) - Reported pipeline PipelineID=83aa0ae5-c647-4842-ba01-114df2e904af is not found
2022-06-15 07:34:34,115 [EventQueue-PipelineReportForPipelineReportHandler] INFO  pipeline.PipelineReportHandler (PipelineReportHandler.java:processPipelineReport(113)) - Reported pipeline PipelineID=83aa0ae5-c647-4842-ba01-114df2e904af is not found
2022-06-15 07:34:34,149 [EventQueue-PipelineReportForPipelineReportHandler] INFO  pipeline.PipelineReportHandler (PipelineReportHandler.java:processPipelineReport(113)) - Reported pipeline PipelineID=83aa0ae5-c647-4842-ba01-114df2e904af is not found
2022-06-15 07:34:34,212 [FixedThreadPoolWithAffinityExecutor-9-0] WARN  container.ContainerReportHandler (AbstractContainerReportHandler.java:updateContainerState(255)) - Container #4 is in OPEN state, but the datanode 2ba0c2a5-1748-4da9-81e4-5266296b4b8f{ip: 10.1.0.11, host: fv-az121-418.xhy4bhhdincepo0av04agjzkjc.cx.internal.cloudapp.net, ports: [REPLICATION=43041, RATIS=43465, RATIS_ADMIN=43465, RATIS_SERVER=43465, STANDALONE=43919], networkLocation: /default-rack, certSerialId: null, persistedOpState: IN_SERVICE, persistedOpStateExpiryEpochSec: 0} reports an CLOSED replica.
2022-06-15 07:34:34,492 [EventQueue-PipelineReportForPipelineReportHandler] INFO  pipeline.PipelineReportHandler (PipelineReportHandler.java:processPipelineReport(113)) - Reported pipeline PipelineID=83aa0ae5-c647-4842-ba01-114df2e904af is not found
2022-06-15 07:34:34,514 [EventQueue-PipelineReportForPipelineReportHandler] INFO  pipeline.PipelineReportHandler (PipelineReportHandler.java:processPipelineReport(113)) - Reported pipeline PipelineID=83aa0ae5-c647-4842-ba01-114df2e904af is not found
2022-06-15 07:34:34,548 [EventQueue-PipelineReportForPipelineReportHandler] INFO  pipeline.PipelineReportHandler (PipelineReportHandler.java:processPipelineReport(113)) - Reported pipeline PipelineID=83aa0ae5-c647-4842-ba01-114df2e904af is not found
2022-06-15 07:34:34,612 [FixedThreadPoolWithAffinityExecutor-0-0] WARN  container.ContainerReportHandler (AbstractContainerReportHandler.java:updateContainerState(255)) - Container #4 is in OPEN state, but the datanode 2ba0c2a5-1748-4da9-81e4-5266296b4b8f{ip: 10.1.0.11, host: fv-az121-418.xhy4bhhdincepo0av04agjzkjc.cx.internal.cloudapp.net, ports: [REPLICATION=43041, RATIS=43465, RATIS_ADMIN=43465, RATIS_SERVER=43465, STANDALONE=43919], networkLocation: /default-rack, certSerialId: null, persistedOpState: IN_SERVICE, persistedOpStateExpiryEpochSec: 0} reports an CLOSED replica.
2022-06-15 07:34:34,693 [EventQueue-PipelineReportForPipelineReportHandler] INFO  pipeline.PipelineReportHandler (PipelineReportHandler.java:processPipelineReport(113)) - Reported pipeline PipelineID=83aa0ae5-c647-4842-ba01-114df2e904af is not found
2022-06-15 07:34:34,715 [EventQueue-PipelineReportForPipelineReportHandler] INFO  pipeline.PipelineReportHandler (PipelineReportHandler.java:processPipelineReport(113)) - Reported pipeline PipelineID=83aa0ae5-c647-4842-ba01-114df2e904af is not found
2022-06-15 07:34:34,948 [EventQueue-PipelineReportForPipelineReportHandler] INFO  pipeline.PipelineReportHandler (PipelineReportHandler.java:processPipelineReport(113)) - Reported pipeline PipelineID=83aa0ae5-c647-4842-ba01-114df2e904af is not found
2022-06-15 07:34:35,011 [FixedThreadPoolWithAffinityExecutor-9-0] WARN  container.ContainerReportHandler (AbstractContainerReportHandler.java:updateContainerState(255)) - Container #4 is in OPEN state, but the datanode 2ba0c2a5-1748-4da9-81e4-5266296b4b8f{ip: 10.1.0.11, host: fv-az121-418.xhy4bhhdincepo0av04agjzkjc.cx.internal.cloudapp.net, ports: [REPLICATION=43041, RATIS=43465, RATIS_ADMIN=43465, RATIS_SERVER=43465, STANDALONE=43919], networkLocation: /default-rack, certSerialId: null, persistedOpState: IN_SERVICE, persistedOpStateExpiryEpochSec: 0} reports an CLOSED replica.
2022-06-15 07:34:35,092 [EventQueue-PipelineReportForPipelineReportHandler] INFO  pipeline.PipelineReportHandler (PipelineReportHandler.java:processPipelineReport(113)) - Reported pipeline PipelineID=83aa0ae5-c647-4842-ba01-114df2e904af is not found
2022-06-15 07:34:35,115 [EventQueue-PipelineReportForPipelineReportHandler] INFO  pipeline.PipelineReportHandler (PipelineReportHandler.java:processPipelineReport(113)) - Reported pipeline PipelineID=83aa0ae5-c647-4842-ba01-114df2e904af is not found
2022-06-15 07:34:35,211 [FixedThreadPoolWithAffinityExecutor-0-0] WARN  container.ContainerReportHandler (AbstractContainerReportHandler.java:updateContainerState(255)) - Container #4 is in OPEN state, but the datanode 2ba0c2a5-1748-4da9-81e4-5266296b4b8f{ip: 10.1.0.11, host: fv-az121-418.xhy4bhhdincepo0av04agjzkjc.cx.internal.cloudapp.net, ports: [REPLICATION=43041, RATIS=43465, RATIS_ADMIN=43465, RATIS_SERVER=43465, STANDALONE=43919], networkLocation: /default-rack, certSerialId: null, persistedOpState: IN_SERVICE, persistedOpStateExpiryEpochSec: 0} reports an CLOSED replica.
2022-06-15 07:34:35,355 [EventQueue-PipelineReportForPipelineReportHandler] INFO  pipeline.PipelineReportHandler (PipelineReportHandler.java:processPipelineReport(113)) - Reported pipeline PipelineID=83aa0ae5-c647-4842-ba01-114df2e904af is not found
2022-06-15 07:34:35,493 [EventQueue-PipelineReportForPipelineReportHandler] INFO  pipeline.PipelineReportHandler (PipelineReportHandler.java:processPipelineReport(113)) - Reported pipeline PipelineID=83aa0ae5-c647-4842-ba01-114df2e904af is not found
2022-06-15 07:34:35,515 [EventQueue-PipelineReportForPipelineReportHandler] INFO  pipeline.PipelineReportHandler (PipelineReportHandler.java:processPipelineReport(113)) - Reported pipeline PipelineID=83aa0ae5-c647-4842-ba01-114df2e904af is not found
2022-06-15 07:34:35,550 [EventQueue-PipelineReportForPipelineReportHandler] INFO  pipeline.PipelineReportHandler (PipelineReportHandler.java:processPipelineReport(113)) - Reported pipeline PipelineID=83aa0ae5-c647-4842-ba01-114df2e904af is not found
2022-06-15 07:34:35,611 [FixedThreadPoolWithAffinityExecutor-8-0] WARN  container.ContainerReportHandler (AbstractContainerReportHandler.java:updateContainerState(255)) - Container #4 is in OPEN state, but the datanode 2ba0c2a5-1748-4da9-81e4-5266296b4b8f{ip: 10.1.0.11, host: fv-az121-418.xhy4bhhdincepo0av04agjzkjc.cx.internal.cloudapp.net, ports: [REPLICATION=43041, RATIS=43465, RATIS_ADMIN=43465, RATIS_SERVER=43465, STANDALONE=43919], networkLocation: /default-rack, certSerialId: null, persistedOpState: IN_SERVICE, persistedOpStateExpiryEpochSec: 0} reports an CLOSED replica.
2022-06-15 07:34:35,694 [EventQueue-PipelineReportForPipelineReportHandler] INFO  pipeline.PipelineReportHandler (PipelineReportHandler.java:processPipelineReport(113)) - Reported pipeline PipelineID=83aa0ae5-c647-4842-ba01-114df2e904af is not found
2022-06-15 07:34:35,714 [EventQueue-PipelineReportForPipelineReportHandler] INFO  pipeline.PipelineReportHandler (PipelineReportHandler.java:processPipelineReport(113)) - Reported pipeline PipelineID=83aa0ae5-c647-4842-ba01-114df2e904af is not found
2022-06-15 07:34:35,749 [EventQueue-PipelineReportForPipelineReportHandler] INFO  pipeline.PipelineReportHandler (PipelineReportHandler.java:processPipelineReport(113)) - Reported pipeline PipelineID=83aa0ae5-c647-4842-ba01-114df2e904af is not found
2022-06-15 07:34:36,011 [FixedThreadPoolWithAffinityExecutor-9-0] WARN  container.ContainerReportHandler (AbstractContainerReportHandler.java:updateContainerState(255)) - Container #4 is in OPEN state, but the datanode 2ba0c2a5-1748-4da9-81e4-5266296b4b8f{ip: 10.1.0.11, host: fv-az121-418.xhy4bhhdincepo0av04agjzkjc.cx.internal.cloudapp.net, ports: [REPLICATION=43041, RATIS=43465, RATIS_ADMIN=43465, RATIS_SERVER=43465, STANDALONE=43919], networkLocation: /default-rack, certSerialId: null, persistedOpState: IN_SERVICE, persistedOpStateExpiryEpochSec: 0} reports an CLOSED replica.
2022-06-15 07:34:36,093 [EventQueue-PipelineReportForPipelineReportHandler] INFO  pipeline.PipelineReportHandler (PipelineReportHandler.java:processPipelineReport(113)) - Reported pipeline PipelineID=83aa0ae5-c647-4842-ba01-114df2e904af is not found
2022-06-15 07:34:36,114 [EventQueue-PipelineReportForPipelineReportHandler] INFO  pipeline.PipelineReportHandler (PipelineReportHandler.java:processPipelineReport(113)) - Reported pipeline PipelineID=83aa0ae5-c647-4842-ba01-114df2e904af is not found
2022-06-15 07:34:36,150 [EventQueue-PipelineReportForPipelineReportHandler] INFO  pipeline.PipelineReportHandler (PipelineReportHandler.java:processPipelineReport(113)) - Reported pipeline PipelineID=83aa0ae5-c647-4842-ba01-114df2e904af is not found
2022-06-15 07:34:36,214 [FixedThreadPoolWithAffinityExecutor-8-0] WARN  container.ContainerReportHandler (AbstractContainerReportHandler.java:updateContainerState(255)) - Container #4 is in OPEN state, but the datanode 2ba0c2a5-1748-4da9-81e4-5266296b4b8f{ip: 10.1.0.11, host: fv-az121-418.xhy4bhhdincepo0av04agjzkjc.cx.internal.cloudapp.net, ports: [REPLICATION=43041, RATIS=43465, RATIS_ADMIN=43465, RATIS_SERVER=43465, STANDALONE=43919], networkLocation: /default-rack, certSerialId: null, persistedOpState: IN_SERVICE, persistedOpStateExpiryEpochSec: 0} reports an CLOSED replica.
2022-06-15 07:34:36,493 [EventQueue-PipelineReportForPipelineReportHandler] INFO  pipeline.PipelineReportHandler (PipelineReportHandler.java:processPipelineReport(113)) - Reported pipeline PipelineID=83aa0ae5-c647-4842-ba01-114df2e904af is not found
2022-06-15 07:34:36,515 [EventQueue-PipelineReportForPipelineReportHandler] INFO  pipeline.PipelineReportHandler (PipelineReportHandler.java:processPipelineReport(113)) - Reported pipeline PipelineID=83aa0ae5-c647-4842-ba01-114df2e904af is not found
2022-06-15 07:34:36,551 [EventQueue-PipelineReportForPipelineReportHandler] INFO  pipeline.PipelineReportHandler (PipelineReportHandler.java:processPipelineReport(113)) - Reported pipeline PipelineID=83aa0ae5-c647-4842-ba01-114df2e904af is not found
2022-06-15 07:34:36,614 [FixedThreadPoolWithAffinityExecutor-8-0] WARN  container.ContainerReportHandler (AbstractContainerReportHandler.java:updateContainerState(255)) - Container #4 is in OPEN state, but the datanode 2ba0c2a5-1748-4da9-81e4-5266296b4b8f{ip: 10.1.0.11, host: fv-az121-418.xhy4bhhdincepo0av04agjzkjc.cx.internal.cloudapp.net, ports: [REPLICATION=43041, RATIS=43465, RATIS_ADMIN=43465, RATIS_SERVER=43465, STANDALONE=43919], networkLocation: /default-rack, certSerialId: null, persistedOpState: IN_SERVICE, persistedOpStateExpiryEpochSec: 0} reports an CLOSED replica.
2022-06-15 07:34:36,715 [EventQueue-PipelineReportForPipelineReportHandler] INFO  pipeline.PipelineReportHandler (PipelineReportHandler.java:processPipelineReport(113)) - Reported pipeline PipelineID=83aa0ae5-c647-4842-ba01-114df2e904af is not found
2022-06-15 07:34:36,814 [FixedThreadPoolWithAffinityExecutor-9-0] WARN  container.ContainerReportHandler (AbstractContainerReportHandler.java:updateContainerState(255)) - Container #4 is in OPEN state, but the datanode 2ba0c2a5-1748-4da9-81e4-5266296b4b8f{ip: 10.1.0.11, host: fv-az121-418.xhy4bhhdincepo0av04agjzkjc.cx.internal.cloudapp.net, ports: [REPLICATION=43041, RATIS=43465, RATIS_ADMIN=43465, RATIS_SERVER=43465, STANDALONE=43919], networkLocation: /default-rack, certSerialId: null, persistedOpState: IN_SERVICE, persistedOpStateExpiryEpochSec: 0} reports an CLOSED replica.
2022-06-15 07:34:36,898 [EventQueue-PipelineReportForPipelineReportHandler] INFO  pipeline.PipelineReportHandler (PipelineReportHandler.java:processPipelineReport(113)) - Reported pipeline PipelineID=83aa0ae5-c647-4842-ba01-114df2e904af is not found
2022-06-15 07:34:36,916 [EventQueue-PipelineReportForPipelineReportHandler] INFO  pipeline.PipelineReportHandler (PipelineReportHandler.java:processPipelineReport(113)) - Reported pipeline PipelineID=83aa0ae5-c647-4842-ba01-114df2e904af is not found
2022-06-15 07:34:36,953 [EventQueue-PipelineReportForPipelineReportHandler] INFO  pipeline.PipelineReportHandler (PipelineReportHandler.java:processPipelineReport(113)) - Reported pipeline PipelineID=83aa0ae5-c647-4842-ba01-114df2e904af is not found
2022-06-15 07:34:37,098 [EventQueue-PipelineReportForPipelineReportHandler] INFO  pipeline.PipelineReportHandler (PipelineReportHandler.java:processPipelineReport(113)) - Reported pipeline PipelineID=83aa0ae5-c647-4842-ba01-114df2e904af is not found
2022-06-15 07:34:37,118 [EventQueue-PipelineReportForPipelineReportHandler] INFO  pipeline.PipelineReportHandler (PipelineReportHandler.java:processPipelineReport(113)) - Reported pipeline PipelineID=83aa0ae5-c647-4842-ba01-114df2e904af is not found
2022-06-15 07:34:37,153 [EventQueue-PipelineReportForPipelineReportHandler] INFO  pipeline.PipelineReportHandler (PipelineReportHandler.java:processPipelineReport(113)) - Reported pipeline PipelineID=83aa0ae5-c647-4842-ba01-114df2e904af is not found
2022-06-15 07:34:37,215 [FixedThreadPoolWithAffinityExecutor-0-0] WARN  container.ContainerReportHandler (AbstractContainerReportHandler.java:updateContainerState(255)) - Container #4 is in OPEN state, but the datanode 2ba0c2a5-1748-4da9-81e4-5266296b4b8f{ip: 10.1.0.11, host: fv-az121-418.xhy4bhhdincepo0av04agjzkjc.cx.internal.cloudapp.net, ports: [REPLICATION=43041, RATIS=43465, RATIS_ADMIN=43465, RATIS_SERVER=43465, STANDALONE=43919], networkLocation: /default-rack, certSerialId: null, persistedOpState: IN_SERVICE, persistedOpStateExpiryEpochSec: 0} reports an CLOSED replica.
2022-06-15 07:34:37,298 [EventQueue-PipelineReportForPipelineReportHandler] INFO  pipeline.PipelineReportHandler (PipelineReportHandler.java:processPipelineReport(113)) - Reported pipeline PipelineID=83aa0ae5-c647-4842-ba01-114df2e904af is not found
2022-06-15 07:34:37,516 [EventQueue-PipelineReportForPipelineReportHandler] INFO  pipeline.PipelineReportHandler (PipelineReportHandler.java:processPipelineReport(113)) - Reported pipeline PipelineID=83aa0ae5-c647-4842-ba01-114df2e904af is not found
2022-06-15 07:34:37,553 [EventQueue-PipelineReportForPipelineReportHandler] INFO  pipeline.PipelineReportHandler (PipelineReportHandler.java:processPipelineReport(113)) - Reported pipeline PipelineID=83aa0ae5-c647-4842-ba01-114df2e904af is not found
2022-06-15 07:34:37,614 [FixedThreadPoolWithAffinityExecutor-8-0] WARN  container.ContainerReportHandler (AbstractContainerReportHandler.java:updateContainerState(255)) - Container #4 is in OPEN state, but the datanode 2ba0c2a5-1748-4da9-81e4-5266296b4b8f{ip: 10.1.0.11, host: fv-az121-418.xhy4bhhdincepo0av04agjzkjc.cx.internal.cloudapp.net, ports: [REPLICATION=43041, RATIS=43465, RATIS_ADMIN=43465, RATIS_SERVER=43465, STANDALONE=43919], networkLocation: /default-rack, certSerialId: null, persistedOpState: IN_SERVICE, persistedOpStateExpiryEpochSec: 0} reports an CLOSED replica.
2022-06-15 07:34:37,698 [EventQueue-PipelineReportForPipelineReportHandler] INFO  pipeline.PipelineReportHandler (PipelineReportHandler.java:processPipelineReport(113)) - Reported pipeline PipelineID=83aa0ae5-c647-4842-ba01-114df2e904af is not found
2022-06-15 07:34:37,815 [FixedThreadPoolWithAffinityExecutor-9-0] WARN  container.ContainerReportHandler (AbstractContainerReportHandler.java:updateContainerState(255)) - Container #4 is in OPEN state, but the datanode 2ba0c2a5-1748-4da9-81e4-5266296b4b8f{ip: 10.1.0.11, host: fv-az121-418.xhy4bhhdincepo0av04agjzkjc.cx.internal.cloudapp.net, ports: [REPLICATION=43041, RATIS=43465, RATIS_ADMIN=43465, RATIS_SERVER=43465, STANDALONE=43919], networkLocation: /default-rack, certSerialId: null, persistedOpState: IN_SERVICE, persistedOpStateExpiryEpochSec: 0} reports an CLOSED replica.
2022-06-15 07:34:37,899 [EventQueue-PipelineReportForPipelineReportHandler] INFO  pipeline.PipelineReportHandler (PipelineReportHandler.java:processPipelineReport(113)) - Reported pipeline PipelineID=83aa0ae5-c647-4842-ba01-114df2e904af is not found
2022-06-15 07:34:37,916 [EventQueue-PipelineReportForPipelineReportHandler] INFO  pipeline.PipelineReportHandler (PipelineReportHandler.java:processPipelineReport(113)) - Reported pipeline PipelineID=83aa0ae5-c647-4842-ba01-114df2e904af is not found
2022-06-15 07:34:37,953 [EventQueue-PipelineReportForPipelineReportHandler] INFO  pipeline.PipelineReportHandler (PipelineReportHandler.java:processPipelineReport(113)) - Reported pipeline PipelineID=83aa0ae5-c647-4842-ba01-114df2e904af is not found
2022-06-15 07:34:38,099 [EventQueue-PipelineReportForPipelineReportHandler] INFO  pipeline.PipelineReportHandler (PipelineReportHandler.java:processPipelineReport(113)) - Reported pipeline PipelineID=83aa0ae5-c647-4842-ba01-114df2e904af is not found
2022-06-15 07:34:38,116 [EventQueue-PipelineReportForPipelineReportHandler] INFO  pipeline.PipelineReportHandler (PipelineReportHandler.java:processPipelineReport(113)) - Reported pipeline PipelineID=83aa0ae5-c647-4842-ba01-114df2e904af is not found
2022-06-15 07:34:38,154 [EventQueue-PipelineReportForPipelineReportHandler] INFO  pipeline.PipelineReportHandler (PipelineReportHandler.java:processPipelineReport(113)) - Reported pipeline PipelineID=83aa0ae5-c647-4842-ba01-114df2e904af is not found
2022-06-15 07:34:38,215 [FixedThreadPoolWithAffinityExecutor-0-0] WARN  container.ContainerReportHandler (AbstractContainerReportHandler.java:updateContainerState(255)) - Container #4 is in OPEN state, but the datanode 2ba0c2a5-1748-4da9-81e4-5266296b4b8f{ip: 10.1.0.11, host: fv-az121-418.xhy4bhhdincepo0av04agjzkjc.cx.internal.cloudapp.net, ports: [REPLICATION=43041, RATIS=43465, RATIS_ADMIN=43465, RATIS_SERVER=43465, STANDALONE=43919], networkLocation: /default-rack, certSerialId: null, persistedOpState: IN_SERVICE, persistedOpStateExpiryEpochSec: 0} reports an CLOSED replica.
2022-06-15 07:34:38,242 [grpc-default-executor-4] ERROR impl.OrderedAsync (OrderedAsync.java:lambda$send$4(175)) - Failed to send request, message=cmdType: WriteChunk
traceID: ""
containerID: 5
datanodeUuid: "543aeec3-c74a-41c2-8a93-8d529b3aabc8"
writeChunk {
  blockID {
    containerID: 5
    localID: 109611004723200005
    blockCommitSequenceId: 2
    replicaIndex: 0
  }
  chunkData {
    chunkName: "109611004723200005_chunk_2"
    offset: 5
    len: 5
    checksumData {
      type: CRC32
      bytesPerChecksum: 1048576
      checksums: "\350a\3440"
    }
  }
}
, data.size=5
java.util.concurrent.CompletionException: org.apache.ratis.protocol.exceptions.GroupMismatchException: 543aeec3-c74a-41c2-8a93-8d529b3aabc8: group-268205D479E0 not found.
	at java.util.concurrent.CompletableFuture.encodeThrowable(CompletableFuture.java:292)
	at java.util.concurrent.CompletableFuture.completeThrowable(CompletableFuture.java:308)
	at java.util.concurrent.CompletableFuture.uniApply(CompletableFuture.java:607)
	at java.util.concurrent.CompletableFuture$UniApply.tryFire(CompletableFuture.java:591)
	at java.util.concurrent.CompletableFuture.postComplete(CompletableFuture.java:488)
	at java.util.concurrent.CompletableFuture.completeExceptionally(CompletableFuture.java:1990)
	at org.apache.ratis.client.impl.OrderedAsync$PendingOrderedRequest.fail(OrderedAsync.java:104)
	at org.apache.ratis.util.SlidingWindow$Client.fail(SlidingWindow.java:364)
	at org.apache.ratis.client.impl.OrderedAsync.failAllAsyncRequests(OrderedAsync.java:148)
	at org.apache.ratis.client.impl.OrderedAsync.lambda$sendRequest$10(OrderedAsync.java:269)
	at java.util.concurrent.CompletableFuture.uniExceptionally(CompletableFuture.java:884)
	at java.util.concurrent.CompletableFuture$UniExceptionally.tryFire(CompletableFuture.java:866)
	at java.util.concurrent.CompletableFuture.postComplete(CompletableFuture.java:488)
	at java.util.concurrent.CompletableFuture.completeExceptionally(CompletableFuture.java:1990)
	at org.apache.ratis.grpc.client.GrpcClientProtocolClient$AsyncStreamObservers.completeReplyExceptionally(GrpcClientProtocolClient.java:405)
	at org.apache.ratis.grpc.client.GrpcClientProtocolClient$AsyncStreamObservers.access$000(GrpcClientProtocolClient.java:311)
	at org.apache.ratis.grpc.client.GrpcClientProtocolClient$AsyncStreamObservers$1.onError(GrpcClientProtocolClient.java:342)
	at org.apache.ratis.thirdparty.io.grpc.stub.ClientCalls$StreamObserverToCallListenerAdapter.onClose(ClientCalls.java:479)
	at org.apache.ratis.thirdparty.io.grpc.PartialForwardingClientCallListener.onClose(PartialForwardingClientCallListener.java:39)
	at org.apache.ratis.thirdparty.io.grpc.ForwardingClientCallListener.onClose(ForwardingClientCallListener.java:23)
	at org.apache.ratis.grpc.metrics.intercept.client.MetricClientCallListener.onClose(MetricClientCallListener.java:47)
	at org.apache.ratis.thirdparty.io.grpc.internal.DelayedClientCall$DelayedListener$3.run(DelayedClientCall.java:463)
	at org.apache.ratis.thirdparty.io.grpc.internal.DelayedClientCall$DelayedListener.delayOrExecute(DelayedClientCall.java:427)
	at org.apache.ratis.thirdparty.io.grpc.internal.DelayedClientCall$DelayedListener.onClose(DelayedClientCall.java:460)
	at org.apache.ratis.thirdparty.io.grpc.internal.ClientCallImpl.closeObserver(ClientCallImpl.java:562)
	at org.apache.ratis.thirdparty.io.grpc.internal.ClientCallImpl.access$300(ClientCallImpl.java:70)
	at org.apache.ratis.thirdparty.io.grpc.internal.ClientCallImpl$ClientStreamListenerImpl$1StreamClosed.runInternal(ClientCallImpl.java:743)
	at org.apache.ratis.thirdparty.io.grpc.internal.ClientCallImpl$ClientStreamListenerImpl$1StreamClosed.runInContext(ClientCallImpl.java:722)
	at org.apache.ratis.thirdparty.io.grpc.internal.ContextRunnable.run(ContextRunnable.java:37)
	at org.apache.ratis.thirdparty.io.grpc.internal.SerializingExecutor.run(SerializingExecutor.java:133)
	at java.util.concurrent.ThreadPoolExecutor.runWorker(ThreadPoolExecutor.java:1149)
	at java.util.concurrent.ThreadPoolExecutor$Worker.run(ThreadPoolExecutor.java:624)
	at java.lang.Thread.run(Thread.java:750)
Caused by: org.apache.ratis.protocol.exceptions.GroupMismatchException: 543aeec3-c74a-41c2-8a93-8d529b3aabc8: group-268205D479E0 not found.
	at org.apache.ratis.server.impl.RaftServerProxy$ImplMap.get(RaftServerProxy.java:148)
	at org.apache.ratis.server.impl.RaftServerProxy.getImplFuture(RaftServerProxy.java:347)
	at org.apache.ratis.server.impl.RaftServerProxy.submitClientRequestAsync(RaftServerProxy.java:424)
	at org.apache.ratis.grpc.server.GrpcClientProtocolService$RequestStreamObserver.processClientRequest(GrpcClientProtocolService.java:226)
	at org.apache.ratis.grpc.server.GrpcClientProtocolService$OrderedRequestStreamObserver.processClientRequest(GrpcClientProtocolService.java:332)
	at org.apache.ratis.util.SlidingWindow$Server.processRequestsFromHead(SlidingWindow.java:431)
	at org.apache.ratis.util.SlidingWindow$Server.receivedRequest(SlidingWindow.java:423)
	at org.apache.ratis.grpc.server.GrpcClientProtocolService$OrderedRequestStreamObserver.processClientRequest(GrpcClientProtocolService.java:356)
	at org.apache.ratis.grpc.server.GrpcClientProtocolService$RequestStreamObserver.onNext(GrpcClientProtocolService.java:246)
	at org.apache.ratis.grpc.server.GrpcClientProtocolService$RequestStreamObserver.onNext(GrpcClientProtocolService.java:169)
	at org.apache.ratis.thirdparty.io.grpc.stub.ServerCalls$StreamingServerCallHandler$StreamingServerCallListener.onMessage(ServerCalls.java:262)
	at org.apache.ratis.thirdparty.io.grpc.ForwardingServerCallListener.onMessage(ForwardingServerCallListener.java:33)
	at org.apache.ratis.thirdparty.io.grpc.internal.ServerCallImpl$ServerStreamListenerImpl.messagesAvailableInternal(ServerCallImpl.java:318)
	at org.apache.ratis.thirdparty.io.grpc.internal.ServerCallImpl$ServerStreamListenerImpl.messagesAvailable(ServerCallImpl.java:301)
	at org.apache.ratis.thirdparty.io.grpc.internal.ServerImpl$JumpToApplicationThreadServerStreamListener$1MessagesAvailable.runInContext(ServerImpl.java:834)
	... 5 more
2022-06-15 07:34:38,247 [grpc-default-executor-4] ERROR impl.OrderedAsync (OrderedAsync.java:lambda$send$4(175)) - Failed to send request, message=cmdType: PutBlock
traceID: ""
containerID: 5
datanodeUuid: "543aeec3-c74a-41c2-8a93-8d529b3aabc8"
putBlock {
  blockData {
    blockID {
      containerID: 5
      localID: 109611004723200005
      blockCommitSequenceId: 0
    }
    metadata {
      key: "TYPE"
      value: "KEY"
    }
    chunks {
      chunkName: "109611004723200005_chunk_1"
      offset: 0
      len: 5
      checksumData {
        type: CRC32
        bytesPerChecksum: 1048576
        checksums: "\350a\3440"
      }
    }
    chunks {
      chunkName: "109611004723200005_chunk_2"
      offset: 5
      len: 5
      checksumData {
        type: CRC32
        bytesPerChecksum: 1048576
        checksums: "\350a\3440"
      }
    }
  }
  eof: true
}
, data.size=0
java.util.concurrent.CompletionException: org.apache.ratis.protocol.exceptions.AlreadyClosedException: SlidingWindow$Client:client-2424C9904791->RAFT is closed.
	at java.util.concurrent.CompletableFuture.encodeThrowable(CompletableFuture.java:292)
	at java.util.concurrent.CompletableFuture.completeThrowable(CompletableFuture.java:308)
	at java.util.concurrent.CompletableFuture.uniApply(CompletableFuture.java:607)
	at java.util.concurrent.CompletableFuture$UniApply.tryFire(CompletableFuture.java:591)
	at java.util.concurrent.CompletableFuture.postComplete(CompletableFuture.java:488)
	at java.util.concurrent.CompletableFuture.completeExceptionally(CompletableFuture.java:1990)
	at org.apache.ratis.client.impl.OrderedAsync$PendingOrderedRequest.fail(OrderedAsync.java:104)
	at org.apache.ratis.util.SlidingWindow$Client.alreadyClosed(SlidingWindow.java:378)
	at org.apache.ratis.util.SlidingWindow$Client.fail(SlidingWindow.java:366)
	at org.apache.ratis.client.impl.OrderedAsync.failAllAsyncRequests(OrderedAsync.java:148)
	at org.apache.ratis.client.impl.OrderedAsync.lambda$sendRequest$10(OrderedAsync.java:269)
	at java.util.concurrent.CompletableFuture.uniExceptionally(CompletableFuture.java:884)
	at java.util.concurrent.CompletableFuture$UniExceptionally.tryFire(CompletableFuture.java:866)
	at java.util.concurrent.CompletableFuture.postComplete(CompletableFuture.java:488)
	at java.util.concurrent.CompletableFuture.completeExceptionally(CompletableFuture.java:1990)
	at org.apache.ratis.grpc.client.GrpcClientProtocolClient$AsyncStreamObservers.completeReplyExceptionally(GrpcClientProtocolClient.java:405)
	at org.apache.ratis.grpc.client.GrpcClientProtocolClient$AsyncStreamObservers.access$000(GrpcClientProtocolClient.java:311)
	at org.apache.ratis.grpc.client.GrpcClientProtocolClient$AsyncStreamObservers$1.onError(GrpcClientProtocolClient.java:342)
	at org.apache.ratis.thirdparty.io.grpc.stub.ClientCalls$StreamObserverToCallListenerAdapter.onClose(ClientCalls.java:479)
	at org.apache.ratis.thirdparty.io.grpc.PartialForwardingClientCallListener.onClose(PartialForwardingClientCallListener.java:39)
	at org.apache.ratis.thirdparty.io.grpc.ForwardingClientCallListener.onClose(ForwardingClientCallListener.java:23)
	at org.apache.ratis.grpc.metrics.intercept.client.MetricClientCallListener.onClose(MetricClientCallListener.java:47)
	at org.apache.ratis.thirdparty.io.grpc.internal.DelayedClientCall$DelayedListener$3.run(DelayedClientCall.java:463)
	at org.apache.ratis.thirdparty.io.grpc.internal.DelayedClientCall$DelayedListener.delayOrExecute(DelayedClientCall.java:427)
	at org.apache.ratis.thirdparty.io.grpc.internal.DelayedClientCall$DelayedListener.onClose(DelayedClientCall.java:460)
	at org.apache.ratis.thirdparty.io.grpc.internal.ClientCallImpl.closeObserver(ClientCallImpl.java:562)
	at org.apache.ratis.thirdparty.io.grpc.internal.ClientCallImpl.access$300(ClientCallImpl.java:70)
	at org.apache.ratis.thirdparty.io.grpc.internal.ClientCallImpl$ClientStreamListenerImpl$1StreamClosed.runInternal(ClientCallImpl.java:743)
	at org.apache.ratis.thirdparty.io.grpc.internal.ClientCallImpl$ClientStreamListenerImpl$1StreamClosed.runInContext(ClientCallImpl.java:722)
	at org.apache.ratis.thirdparty.io.grpc.internal.ContextRunnable.run(ContextRunnable.java:37)
	at org.apache.ratis.thirdparty.io.grpc.internal.SerializingExecutor.run(SerializingExecutor.java:133)
	at java.util.concurrent.ThreadPoolExecutor.runWorker(ThreadPoolExecutor.java:1149)
	at java.util.concurrent.ThreadPoolExecutor$Worker.run(ThreadPoolExecutor.java:624)
	at java.lang.Thread.run(Thread.java:750)
Caused by: org.apache.ratis.protocol.exceptions.AlreadyClosedException: SlidingWindow$Client:client-2424C9904791->RAFT is closed.
	... 27 more
Caused by: org.apache.ratis.protocol.exceptions.GroupMismatchException: 543aeec3-c74a-41c2-8a93-8d529b3aabc8: group-268205D479E0 not found.
	at org.apache.ratis.server.impl.RaftServerProxy$ImplMap.get(RaftServerProxy.java:148)
	at org.apache.ratis.server.impl.RaftServerProxy.getImplFuture(RaftServerProxy.java:347)
	at org.apache.ratis.server.impl.RaftServerProxy.submitClientRequestAsync(RaftServerProxy.java:424)
	at org.apache.ratis.grpc.server.GrpcClientProtocolService$RequestStreamObserver.processClientRequest(GrpcClientProtocolService.java:226)
	at org.apache.ratis.grpc.server.GrpcClientProtocolService$OrderedRequestStreamObserver.processClientRequest(GrpcClientProtocolService.java:332)
	at org.apache.ratis.util.SlidingWindow$Server.processRequestsFromHead(SlidingWindow.java:431)
	at org.apache.ratis.util.SlidingWindow$Server.receivedRequest(SlidingWindow.java:423)
	at org.apache.ratis.grpc.server.GrpcClientProtocolService$OrderedRequestStreamObserver.processClientRequest(GrpcClientProtocolService.java:356)
	at org.apache.ratis.grpc.server.GrpcClientProtocolService$RequestStreamObserver.onNext(GrpcClientProtocolService.java:246)
	at org.apache.ratis.grpc.server.GrpcClientProtocolService$RequestStreamObserver.onNext(GrpcClientProtocolService.java:169)
	at org.apache.ratis.thirdparty.io.grpc.stub.ServerCalls$StreamingServerCallHandler$StreamingServerCallListener.onMessage(ServerCalls.java:262)
	at org.apache.ratis.thirdparty.io.grpc.ForwardingServerCallListener.onMessage(ForwardingServerCallListener.java:33)
	at org.apache.ratis.thirdparty.io.grpc.internal.ServerCallImpl$ServerStreamListenerImpl.messagesAvailableInternal(ServerCallImpl.java:318)
	at org.apache.ratis.thirdparty.io.grpc.internal.ServerCallImpl$ServerStreamListenerImpl.messagesAvailable(ServerCallImpl.java:301)
	at org.apache.ratis.thirdparty.io.grpc.internal.ServerImpl$JumpToApplicationThreadServerStreamListener$1MessagesAvailable.runInContext(ServerImpl.java:834)
	... 5 more
2022-06-15 07:34:38,252 [Listener at 127.0.0.1/34461] WARN  io.KeyOutputStream (KeyOutputStream.java:handleException(309)) - Encountered exception java.io.IOException: Unexpected Storage Container Exception: java.util.concurrent.CompletionException: Failed to write chunk 109611004723200005_chunk_2 into block conID: 5 locID: 109611004723200005 bcsId: 2 on the pipeline Pipeline[ Id: 7dacce43-4f31-4a97-b5bc-268205d479e0, Nodes: 543aeec3-c74a-41c2-8a93-8d529b3aabc8{ip: 10.1.0.11, host: fv-az121-418.xhy4bhhdincepo0av04agjzkjc.cx.internal.cloudapp.net, ports: [REPLICATION=36317, RATIS=41193, RATIS_ADMIN=41193, RATIS_SERVER=41193, STANDALONE=38087], networkLocation: /default-rack, certSerialId: null, persistedOpState: IN_SERVICE, persistedOpStateExpiryEpochSec: 0}, ReplicationConfig: RATIS/ONE, State:OPEN, leaderId:543aeec3-c74a-41c2-8a93-8d529b3aabc8, CreationTimestamp2022-06-15T07:33:53.697Z[Etc/UTC]]. The last committed block length is 5, uncommitted data length is 5 retry count 0
2022-06-15 07:34:38,353 [EventQueue-PipelineReportForPipelineReportHandler] INFO  pipeline.PipelineReportHandler (PipelineReportHandler.java:processPipelineReport(113)) - Reported pipeline PipelineID=83aa0ae5-c647-4842-ba01-114df2e904af is not found
2022-06-15 07:34:38,415 [FixedThreadPoolWithAffinityExecutor-0-0] WARN  container.ContainerReportHandler (AbstractContainerReportHandler.java:updateContainerState(255)) - Container #4 is in OPEN state, but the datanode 2ba0c2a5-1748-4da9-81e4-5266296b4b8f{ip: 10.1.0.11, host: fv-az121-418.xhy4bhhdincepo0av04agjzkjc.cx.internal.cloudapp.net, ports: [REPLICATION=43041, RATIS=43465, RATIS_ADMIN=43465, RATIS_SERVER=43465, STANDALONE=43919], networkLocation: /default-rack, certSerialId: null, persistedOpState: IN_SERVICE, persistedOpStateExpiryEpochSec: 0} reports an CLOSED replica.
2022-06-15 07:34:38,499 [EventQueue-PipelineReportForPipelineReportHandler] INFO  pipeline.PipelineReportHandler (PipelineReportHandler.java:processPipelineReport(113)) - Reported pipeline PipelineID=83aa0ae5-c647-4842-ba01-114df2e904af is not found
2022-06-15 07:34:38,615 [FixedThreadPoolWithAffinityExecutor-8-0] WARN  container.ContainerReportHandler (AbstractContainerReportHandler.java:updateContainerState(255)) - Container #4 is in OPEN state, but the datanode 2ba0c2a5-1748-4da9-81e4-5266296b4b8f{ip: 10.1.0.11, host: fv-az121-418.xhy4bhhdincepo0av04agjzkjc.cx.internal.cloudapp.net, ports: [REPLICATION=43041, RATIS=43465, RATIS_ADMIN=43465, RATIS_SERVER=43465, STANDALONE=43919], networkLocation: /default-rack, certSerialId: null, persistedOpState: IN_SERVICE, persistedOpStateExpiryEpochSec: 0} reports an CLOSED replica.
2022-06-15 07:34:38,699 [EventQueue-PipelineReportForPipelineReportHandler] INFO  pipeline.PipelineReportHandler (PipelineReportHandler.java:processPipelineReport(113)) - Reported pipeline PipelineID=83aa0ae5-c647-4842-ba01-114df2e904af is not found
2022-06-15 07:34:38,754 [EventQueue-PipelineReportForPipelineReportHandler] INFO  pipeline.PipelineReportHandler (PipelineReportHandler.java:processPipelineReport(113)) - Reported pipeline PipelineID=83aa0ae5-c647-4842-ba01-114df2e904af is not found
2022-06-15 07:34:38,899 [EventQueue-PipelineReportForPipelineReportHandler] INFO  pipeline.PipelineReportHandler (PipelineReportHandler.java:processPipelineReport(113)) - Reported pipeline PipelineID=83aa0ae5-c647-4842-ba01-114df2e904af is not found
2022-06-15 07:34:39,016 [FixedThreadPoolWithAffinityExecutor-8-0] WARN  container.ContainerReportHandler (AbstractContainerReportHandler.java:updateContainerState(255)) - Container #4 is in OPEN state, but the datanode 2ba0c2a5-1748-4da9-81e4-5266296b4b8f{ip: 10.1.0.11, host: fv-az121-418.xhy4bhhdincepo0av04agjzkjc.cx.internal.cloudapp.net, ports: [REPLICATION=43041, RATIS=43465, RATIS_ADMIN=43465, RATIS_SERVER=43465, STANDALONE=43919], networkLocation: /default-rack, certSerialId: null, persistedOpState: IN_SERVICE, persistedOpStateExpiryEpochSec: 0} reports an CLOSED replica.
2022-06-15 07:34:39,154 [EventQueue-PipelineReportForPipelineReportHandler] INFO  pipeline.PipelineReportHandler (PipelineReportHandler.java:processPipelineReport(113)) - Reported pipeline PipelineID=83aa0ae5-c647-4842-ba01-114df2e904af is not found
2022-06-15 07:34:39,215 [FixedThreadPoolWithAffinityExecutor-0-0] WARN  container.ContainerReportHandler (AbstractContainerReportHandler.java:updateContainerState(255)) - Container #4 is in OPEN state, but the datanode 2ba0c2a5-1748-4da9-81e4-5266296b4b8f{ip: 10.1.0.11, host: fv-az121-418.xhy4bhhdincepo0av04agjzkjc.cx.internal.cloudapp.net, ports: [REPLICATION=43041, RATIS=43465, RATIS_ADMIN=43465, RATIS_SERVER=43465, STANDALONE=43919], networkLocation: /default-rack, certSerialId: null, persistedOpState: IN_SERVICE, persistedOpStateExpiryEpochSec: 0} reports an CLOSED replica.
2022-06-15 07:34:39,299 [EventQueue-PipelineReportForPipelineReportHandler] INFO  pipeline.PipelineReportHandler (PipelineReportHandler.java:processPipelineReport(113)) - Reported pipeline PipelineID=83aa0ae5-c647-4842-ba01-114df2e904af is not found
2022-06-15 07:34:39,416 [FixedThreadPoolWithAffinityExecutor-8-0] WARN  container.ContainerReportHandler (AbstractContainerReportHandler.java:updateContainerState(255)) - Container #4 is in OPEN state, but the datanode 2ba0c2a5-1748-4da9-81e4-5266296b4b8f{ip: 10.1.0.11, host: fv-az121-418.xhy4bhhdincepo0av04agjzkjc.cx.internal.cloudapp.net, ports: [REPLICATION=43041, RATIS=43465, RATIS_ADMIN=43465, RATIS_SERVER=43465, STANDALONE=43919], networkLocation: /default-rack, certSerialId: null, persistedOpState: IN_SERVICE, persistedOpStateExpiryEpochSec: 0} reports an CLOSED replica.
2022-06-15 07:34:39,499 [EventQueue-PipelineReportForPipelineReportHandler] INFO  pipeline.PipelineReportHandler (PipelineReportHandler.java:processPipelineReport(113)) - Reported pipeline PipelineID=83aa0ae5-c647-4842-ba01-114df2e904af is not found
2022-06-15 07:34:39,555 [EventQueue-PipelineReportForPipelineReportHandler] INFO  pipeline.PipelineReportHandler (PipelineReportHandler.java:processPipelineReport(113)) - Reported pipeline PipelineID=83aa0ae5-c647-4842-ba01-114df2e904af is not found
2022-06-15 07:34:39,756 [EventQueue-PipelineReportForPipelineReportHandler] INFO  pipeline.PipelineReportHandler (PipelineReportHandler.java:processPipelineReport(113)) - Reported pipeline PipelineID=83aa0ae5-c647-4842-ba01-114df2e904af is not found
2022-06-15 07:34:39,816 [FixedThreadPoolWithAffinityExecutor-8-0] WARN  container.ContainerReportHandler (AbstractContainerReportHandler.java:updateContainerState(255)) - Container #4 is in OPEN state, but the datanode 2ba0c2a5-1748-4da9-81e4-5266296b4b8f{ip: 10.1.0.11, host: fv-az121-418.xhy4bhhdincepo0av04agjzkjc.cx.internal.cloudapp.net, ports: [REPLICATION=43041, RATIS=43465, RATIS_ADMIN=43465, RATIS_SERVER=43465, STANDALONE=43919], networkLocation: /default-rack, certSerialId: null, persistedOpState: IN_SERVICE, persistedOpStateExpiryEpochSec: 0} reports an CLOSED replica.
2022-06-15 07:34:39,899 [EventQueue-PipelineReportForPipelineReportHandler] INFO  pipeline.PipelineReportHandler (PipelineReportHandler.java:processPipelineReport(113)) - Reported pipeline PipelineID=83aa0ae5-c647-4842-ba01-114df2e904af is not found
2022-06-15 07:34:40,017 [FixedThreadPoolWithAffinityExecutor-9-0] WARN  container.ContainerReportHandler (AbstractContainerReportHandler.java:updateContainerState(255)) - Container #4 is in OPEN state, but the datanode 2ba0c2a5-1748-4da9-81e4-5266296b4b8f{ip: 10.1.0.11, host: fv-az121-418.xhy4bhhdincepo0av04agjzkjc.cx.internal.cloudapp.net, ports: [REPLICATION=43041, RATIS=43465, RATIS_ADMIN=43465, RATIS_SERVER=43465, STANDALONE=43919], networkLocation: /default-rack, certSerialId: null, persistedOpState: IN_SERVICE, persistedOpStateExpiryEpochSec: 0} reports an CLOSED replica.
2022-06-15 07:34:40,099 [EventQueue-PipelineReportForPipelineReportHandler] INFO  pipeline.PipelineReportHandler (PipelineReportHandler.java:processPipelineReport(113)) - Reported pipeline PipelineID=83aa0ae5-c647-4842-ba01-114df2e904af is not found
2022-06-15 07:34:40,155 [EventQueue-PipelineReportForPipelineReportHandler] INFO  pipeline.PipelineReportHandler (PipelineReportHandler.java:processPipelineReport(113)) - Reported pipeline PipelineID=83aa0ae5-c647-4842-ba01-114df2e904af is not found
2022-06-15 07:34:40,299 [EventQueue-PipelineReportForPipelineReportHandler] INFO  pipeline.PipelineReportHandler (PipelineReportHandler.java:processPipelineReport(113)) - Reported pipeline PipelineID=83aa0ae5-c647-4842-ba01-114df2e904af is not found
2022-06-15 07:34:40,417 [FixedThreadPoolWithAffinityExecutor-8-0] WARN  container.ContainerReportHandler (AbstractContainerReportHandler.java:updateContainerState(255)) - Container #4 is in OPEN state, but the datanode 2ba0c2a5-1748-4da9-81e4-5266296b4b8f{ip: 10.1.0.11, host: fv-az121-418.xhy4bhhdincepo0av04agjzkjc.cx.internal.cloudapp.net, ports: [REPLICATION=43041, RATIS=43465, RATIS_ADMIN=43465, RATIS_SERVER=43465, STANDALONE=43919], networkLocation: /default-rack, certSerialId: null, persistedOpState: IN_SERVICE, persistedOpStateExpiryEpochSec: 0} reports an CLOSED replica.
2022-06-15 07:34:40,556 [EventQueue-PipelineReportForPipelineReportHandler] INFO  pipeline.PipelineReportHandler (PipelineReportHandler.java:processPipelineReport(113)) - Reported pipeline PipelineID=83aa0ae5-c647-4842-ba01-114df2e904af is not found
2022-06-15 07:34:40,701 [EventQueue-PipelineReportForPipelineReportHandler] INFO  pipeline.PipelineReportHandler (PipelineReportHandler.java:processPipelineReport(113)) - Reported pipeline PipelineID=83aa0ae5-c647-4842-ba01-114df2e904af is not found
2022-06-15 07:34:40,818 [FixedThreadPoolWithAffinityExecutor-0-0] WARN  container.ContainerReportHandler (AbstractContainerReportHandler.java:updateContainerState(255)) - Container #4 is in OPEN state, but the datanode 2ba0c2a5-1748-4da9-81e4-5266296b4b8f{ip: 10.1.0.11, host: fv-az121-418.xhy4bhhdincepo0av04agjzkjc.cx.internal.cloudapp.net, ports: [REPLICATION=43041, RATIS=43465, RATIS_ADMIN=43465, RATIS_SERVER=43465, STANDALONE=43919], networkLocation: /default-rack, certSerialId: null, persistedOpState: IN_SERVICE, persistedOpStateExpiryEpochSec: 0} reports an CLOSED replica.
2022-06-15 07:34:40,901 [EventQueue-PipelineReportForPipelineReportHandler] INFO  pipeline.PipelineReportHandler (PipelineReportHandler.java:processPipelineReport(113)) - Reported pipeline PipelineID=83aa0ae5-c647-4842-ba01-114df2e904af is not found
2022-06-15 07:34:40,955 [EventQueue-PipelineReportForPipelineReportHandler] INFO  pipeline.PipelineReportHandler (PipelineReportHandler.java:processPipelineReport(113)) - Reported pipeline PipelineID=83aa0ae5-c647-4842-ba01-114df2e904af is not found
2022-06-15 07:34:41,101 [EventQueue-PipelineReportForPipelineReportHandler] INFO  pipeline.PipelineReportHandler (PipelineReportHandler.java:processPipelineReport(113)) - Reported pipeline PipelineID=83aa0ae5-c647-4842-ba01-114df2e904af is not found
2022-06-15 07:34:41,156 [EventQueue-PipelineReportForPipelineReportHandler] INFO  pipeline.PipelineReportHandler (PipelineReportHandler.java:processPipelineReport(113)) - Reported pipeline PipelineID=83aa0ae5-c647-4842-ba01-114df2e904af is not found
2022-06-15 07:34:41,218 [FixedThreadPoolWithAffinityExecutor-0-0] WARN  container.ContainerReportHandler (AbstractContainerReportHandler.java:updateContainerState(255)) - Container #4 is in OPEN state, but the datanode 2ba0c2a5-1748-4da9-81e4-5266296b4b8f{ip: 10.1.0.11, host: fv-az121-418.xhy4bhhdincepo0av04agjzkjc.cx.internal.cloudapp.net, ports: [REPLICATION=43041, RATIS=43465, RATIS_ADMIN=43465, RATIS_SERVER=43465, STANDALONE=43919], networkLocation: /default-rack, certSerialId: null, persistedOpState: IN_SERVICE, persistedOpStateExpiryEpochSec: 0} reports an CLOSED replica.
2022-06-15 07:34:41,418 [FixedThreadPoolWithAffinityExecutor-8-0] WARN  container.ContainerReportHandler (AbstractContainerReportHandler.java:updateContainerState(255)) - Container #4 is in OPEN state, but the datanode 2ba0c2a5-1748-4da9-81e4-5266296b4b8f{ip: 10.1.0.11, host: fv-az121-418.xhy4bhhdincepo0av04agjzkjc.cx.internal.cloudapp.net, ports: [REPLICATION=43041, RATIS=43465, RATIS_ADMIN=43465, RATIS_SERVER=43465, STANDALONE=43919], networkLocation: /default-rack, certSerialId: null, persistedOpState: IN_SERVICE, persistedOpStateExpiryEpochSec: 0} reports an CLOSED replica.
2022-06-15 07:34:41,502 [EventQueue-PipelineReportForPipelineReportHandler] INFO  pipeline.PipelineReportHandler (PipelineReportHandler.java:processPipelineReport(113)) - Reported pipeline PipelineID=83aa0ae5-c647-4842-ba01-114df2e904af is not found
2022-06-15 07:34:41,556 [EventQueue-PipelineReportForPipelineReportHandler] INFO  pipeline.PipelineReportHandler (PipelineReportHandler.java:processPipelineReport(113)) - Reported pipeline PipelineID=83aa0ae5-c647-4842-ba01-114df2e904af is not found
2022-06-15 07:34:41,702 [EventQueue-PipelineReportForPipelineReportHandler] INFO  pipeline.PipelineReportHandler (PipelineReportHandler.java:processPipelineReport(113)) - Reported pipeline PipelineID=83aa0ae5-c647-4842-ba01-114df2e904af is not found
2022-06-15 07:34:41,756 [EventQueue-PipelineReportForPipelineReportHandler] INFO  pipeline.PipelineReportHandler (PipelineReportHandler.java:processPipelineReport(113)) - Reported pipeline PipelineID=83aa0ae5-c647-4842-ba01-114df2e904af is not found
2022-06-15 07:34:41,818 [FixedThreadPoolWithAffinityExecutor-1-0] WARN  container.ContainerReportHandler (AbstractContainerReportHandler.java:updateContainerState(255)) - Container #4 is in OPEN state, but the datanode 2ba0c2a5-1748-4da9-81e4-5266296b4b8f{ip: 10.1.0.11, host: fv-az121-418.xhy4bhhdincepo0av04agjzkjc.cx.internal.cloudapp.net, ports: [REPLICATION=43041, RATIS=43465, RATIS_ADMIN=43465, RATIS_SERVER=43465, STANDALONE=43919], networkLocation: /default-rack, certSerialId: null, persistedOpState: IN_SERVICE, persistedOpStateExpiryEpochSec: 0} reports an CLOSED replica.
2022-06-15 07:34:41,901 [EventQueue-PipelineReportForPipelineReportHandler] INFO  pipeline.PipelineReportHandler (PipelineReportHandler.java:processPipelineReport(113)) - Reported pipeline PipelineID=83aa0ae5-c647-4842-ba01-114df2e904af is not found
2022-06-15 07:34:41,957 [EventQueue-PipelineReportForPipelineReportHandler] INFO  pipeline.PipelineReportHandler (PipelineReportHandler.java:processPipelineReport(113)) - Reported pipeline PipelineID=83aa0ae5-c647-4842-ba01-114df2e904af is not found
2022-06-15 07:34:42,018 [FixedThreadPoolWithAffinityExecutor-0-0] WARN  container.ContainerReportHandler (AbstractContainerReportHandler.java:updateContainerState(255)) - Container #4 is in OPEN state, but the datanode 2ba0c2a5-1748-4da9-81e4-5266296b4b8f{ip: 10.1.0.11, host: fv-az121-418.xhy4bhhdincepo0av04agjzkjc.cx.internal.cloudapp.net, ports: [REPLICATION=43041, RATIS=43465, RATIS_ADMIN=43465, RATIS_SERVER=43465, STANDALONE=43919], networkLocation: /default-rack, certSerialId: null, persistedOpState: IN_SERVICE, persistedOpStateExpiryEpochSec: 0} reports an CLOSED replica.
2022-06-15 07:34:42,101 [EventQueue-PipelineReportForPipelineReportHandler] INFO  pipeline.PipelineReportHandler (PipelineReportHandler.java:processPipelineReport(113)) - Reported pipeline PipelineID=83aa0ae5-c647-4842-ba01-114df2e904af is not found
2022-06-15 07:34:42,219 [FixedThreadPoolWithAffinityExecutor-0-0] WARN  container.ContainerReportHandler (AbstractContainerReportHandler.java:updateContainerState(255)) - Container #4 is in OPEN state, but the datanode 2ba0c2a5-1748-4da9-81e4-5266296b4b8f{ip: 10.1.0.11, host: fv-az121-418.xhy4bhhdincepo0av04agjzkjc.cx.internal.cloudapp.net, ports: [REPLICATION=43041, RATIS=43465, RATIS_ADMIN=43465, RATIS_SERVER=43465, STANDALONE=43919], networkLocation: /default-rack, certSerialId: null, persistedOpState: IN_SERVICE, persistedOpStateExpiryEpochSec: 0} reports an CLOSED replica.
2022-06-15 07:34:42,357 [EventQueue-PipelineReportForPipelineReportHandler] INFO  pipeline.PipelineReportHandler (PipelineReportHandler.java:processPipelineReport(113)) - Reported pipeline PipelineID=83aa0ae5-c647-4842-ba01-114df2e904af is not found
2022-06-15 07:34:42,501 [EventQueue-PipelineReportForPipelineReportHandler] INFO  pipeline.PipelineReportHandler (PipelineReportHandler.java:processPipelineReport(113)) - Reported pipeline PipelineID=83aa0ae5-c647-4842-ba01-114df2e904af is not found
2022-06-15 07:34:42,557 [EventQueue-PipelineReportForPipelineReportHandler] INFO  pipeline.PipelineReportHandler (PipelineReportHandler.java:processPipelineReport(113)) - Reported pipeline PipelineID=83aa0ae5-c647-4842-ba01-114df2e904af is not found
2022-06-15 07:34:42,619 [FixedThreadPoolWithAffinityExecutor-0-0] WARN  container.ContainerReportHandler (AbstractContainerReportHandler.java:updateContainerState(255)) - Container #4 is in OPEN state, but the datanode 2ba0c2a5-1748-4da9-81e4-5266296b4b8f{ip: 10.1.0.11, host: fv-az121-418.xhy4bhhdincepo0av04agjzkjc.cx.internal.cloudapp.net, ports: [REPLICATION=43041, RATIS=43465, RATIS_ADMIN=43465, RATIS_SERVER=43465, STANDALONE=43919], networkLocation: /default-rack, certSerialId: null, persistedOpState: IN_SERVICE, persistedOpStateExpiryEpochSec: 0} reports an CLOSED replica.
2022-06-15 07:34:42,701 [EventQueue-PipelineReportForPipelineReportHandler] INFO  pipeline.PipelineReportHandler (PipelineReportHandler.java:processPipelineReport(113)) - Reported pipeline PipelineID=83aa0ae5-c647-4842-ba01-114df2e904af is not found
2022-06-15 07:34:42,756 [EventQueue-PipelineReportForPipelineReportHandler] INFO  pipeline.PipelineReportHandler (PipelineReportHandler.java:processPipelineReport(113)) - Reported pipeline PipelineID=83aa0ae5-c647-4842-ba01-114df2e904af is not found
2022-06-15 07:34:42,901 [EventQueue-PipelineReportForPipelineReportHandler] INFO  pipeline.PipelineReportHandler (PipelineReportHandler.java:processPipelineReport(113)) - Reported pipeline PipelineID=83aa0ae5-c647-4842-ba01-114df2e904af is not found
2022-06-15 07:34:43,019 [FixedThreadPoolWithAffinityExecutor-8-0] WARN  container.ContainerReportHandler (AbstractContainerReportHandler.java:updateContainerState(255)) - Container #4 is in OPEN state, but the datanode 2ba0c2a5-1748-4da9-81e4-5266296b4b8f{ip: 10.1.0.11, host: fv-az121-418.xhy4bhhdincepo0av04agjzkjc.cx.internal.cloudapp.net, ports: [REPLICATION=43041, RATIS=43465, RATIS_ADMIN=43465, RATIS_SERVER=43465, STANDALONE=43919], networkLocation: /default-rack, certSerialId: null, persistedOpState: IN_SERVICE, persistedOpStateExpiryEpochSec: 0} reports an CLOSED replica.
2022-06-15 07:34:43,156 [EventQueue-PipelineReportForPipelineReportHandler] INFO  pipeline.PipelineReportHandler (PipelineReportHandler.java:processPipelineReport(113)) - Reported pipeline PipelineID=83aa0ae5-c647-4842-ba01-114df2e904af is not found
2022-06-15 07:34:43,219 [FixedThreadPoolWithAffinityExecutor-1-0] WARN  container.ContainerReportHandler (AbstractContainerReportHandler.java:updateContainerState(255)) - Container #4 is in OPEN state, but the datanode 2ba0c2a5-1748-4da9-81e4-5266296b4b8f{ip: 10.1.0.11, host: fv-az121-418.xhy4bhhdincepo0av04agjzkjc.cx.internal.cloudapp.net, ports: [REPLICATION=43041, RATIS=43465, RATIS_ADMIN=43465, RATIS_SERVER=43465, STANDALONE=43919], networkLocation: /default-rack, certSerialId: null, persistedOpState: IN_SERVICE, persistedOpStateExpiryEpochSec: 0} reports an CLOSED replica.
2022-06-15 07:34:43,301 [EventQueue-PipelineReportForPipelineReportHandler] INFO  pipeline.PipelineReportHandler (PipelineReportHandler.java:processPipelineReport(113)) - Reported pipeline PipelineID=83aa0ae5-c647-4842-ba01-114df2e904af is not found
2022-06-15 07:34:43,353 [Listener at 127.0.0.1/34461] INFO  ozoneimpl.OzoneContainer (OzoneContainer.java:stop(365)) - Attempting to stop container services.
2022-06-15 07:34:43,368 [Listener at 127.0.0.1/34461] INFO  server.RaftServer (RaftServerProxy.java:lambda$close$7(398)) - 543aeec3-c74a-41c2-8a93-8d529b3aabc8: close
2022-06-15 07:34:43,369 [Listener at 127.0.0.1/34461] INFO  server.RaftServer$Division (RaftServerImpl.java:lambda$close$4(434)) - 543aeec3-c74a-41c2-8a93-8d529b3aabc8@group-114DF2E904AF: shutdown
2022-06-15 07:34:43,369 [Listener at 127.0.0.1/34461] INFO  util.JmxRegister (JmxRegister.java:unregister(73)) - Successfully un-registered JMX Bean with object name Ratis:service=RaftServer,group=group-114DF2E904AF,id=543aeec3-c74a-41c2-8a93-8d529b3aabc8
2022-06-15 07:34:43,369 [Listener at 127.0.0.1/34461] INFO  impl.RoleInfo (RoleInfo.java:shutdownLeaderState(93)) - 543aeec3-c74a-41c2-8a93-8d529b3aabc8: shutdown 543aeec3-c74a-41c2-8a93-8d529b3aabc8@group-114DF2E904AF-LeaderStateImpl
2022-06-15 07:34:43,370 [Listener at 127.0.0.1/34461] INFO  impl.PendingRequests (PendingRequests.java:sendNotLeaderResponses(282)) - 543aeec3-c74a-41c2-8a93-8d529b3aabc8@group-114DF2E904AF-PendingRequests: sendNotLeaderResponses
2022-06-15 07:34:43,371 [543aeec3-c74a-41c2-8a93-8d529b3aabc8@group-114DF2E904AF->b0a9d56e-b544-41cd-b2b1-b34d126127d5-GrpcLogAppender-LogAppenderDaemon] WARN  server.GrpcLogAppender (GrpcLogAppender.java:mayWait(171)) - 543aeec3-c74a-41c2-8a93-8d529b3aabc8@group-114DF2E904AF->b0a9d56e-b544-41cd-b2b1-b34d126127d5-GrpcLogAppender: Wait interrupted by java.lang.InterruptedException
2022-06-15 07:34:43,372 [543aeec3-c74a-41c2-8a93-8d529b3aabc8@group-114DF2E904AF->657a5ecd-0fe1-496e-aa3e-85dbaec35512-GrpcLogAppender-LogAppenderDaemon] WARN  server.GrpcLogAppender (GrpcLogAppender.java:mayWait(171)) - 543aeec3-c74a-41c2-8a93-8d529b3aabc8@group-114DF2E904AF->657a5ecd-0fe1-496e-aa3e-85dbaec35512-GrpcLogAppender: Wait interrupted by java.lang.InterruptedException
2022-06-15 07:34:43,379 [grpc-default-executor-4] INFO  server.GrpcServerProtocolService (GrpcServerProtocolService.java:onCompleted(140)) - b0a9d56e-b544-41cd-b2b1-b34d126127d5: Completed APPEND_ENTRIES, lastRequest: 543aeec3-c74a-41c2-8a93-8d529b3aabc8->b0a9d56e-b544-41cd-b2b1-b34d126127d5#138-t1,previous=(t:1, i:9),leaderCommit=8,initializing? true,entries: size=1, first=(t:1, i:10), STATEMACHINELOGENTRY, 25@client-63DEB0143E96
2022-06-15 07:34:43,379 [grpc-default-executor-3] INFO  server.GrpcServerProtocolService (GrpcServerProtocolService.java:onCompleted(140)) - 657a5ecd-0fe1-496e-aa3e-85dbaec35512: Completed APPEND_ENTRIES, lastRequest: 543aeec3-c74a-41c2-8a93-8d529b3aabc8->657a5ecd-0fe1-496e-aa3e-85dbaec35512#139-t1,previous=(t:1, i:9),leaderCommit=8,initializing? true,entries: size=1, first=(t:1, i:10), STATEMACHINELOGENTRY, 25@client-63DEB0143E96
2022-06-15 07:34:43,384 [Listener at 127.0.0.1/34461] INFO  impl.StateMachineUpdater (StateMachineUpdater.java:stopAndJoin(153)) - 543aeec3-c74a-41c2-8a93-8d529b3aabc8@group-114DF2E904AF-StateMachineUpdater: set stopIndex = 8
2022-06-15 07:34:43,384 [Listener at 127.0.0.1/34461] INFO  server.RaftServer$Division (ServerState.java:close(429)) - 543aeec3-c74a-41c2-8a93-8d529b3aabc8@group-114DF2E904AF: closes. applyIndex: 8
2022-06-15 07:34:43,384 [543aeec3-c74a-41c2-8a93-8d529b3aabc8@group-114DF2E904AF-SegmentedRaftLogWorker] INFO  segmented.SegmentedRaftLogWorker (SegmentedRaftLogWorker.java:run(336)) - 543aeec3-c74a-41c2-8a93-8d529b3aabc8@group-114DF2E904AF-SegmentedRaftLogWorker was interrupted, exiting. There are 0 tasks remaining in the queue.
2022-06-15 07:34:43,387 [grpc-default-executor-3] INFO  server.GrpcLogAppender (GrpcLogAppender.java:onCompleted(339)) - 543aeec3-c74a-41c2-8a93-8d529b3aabc8@group-114DF2E904AF->b0a9d56e-b544-41cd-b2b1-b34d126127d5-AppendLogResponseHandler: follower responses appendEntries COMPLETED
2022-06-15 07:34:43,390 [grpc-default-executor-2] INFO  server.GrpcLogAppender (GrpcLogAppender.java:onCompleted(339)) - 543aeec3-c74a-41c2-8a93-8d529b3aabc8@group-114DF2E904AF->657a5ecd-0fe1-496e-aa3e-85dbaec35512-AppendLogResponseHandler: follower responses appendEntries COMPLETED
2022-06-15 07:34:43,398 [Listener at 127.0.0.1/34461] INFO  segmented.SegmentedRaftLogWorker (SegmentedRaftLogWorker.java:close(246)) - 543aeec3-c74a-41c2-8a93-8d529b3aabc8@group-114DF2E904AF-SegmentedRaftLogWorker close()
2022-06-15 07:34:43,401 [Listener at 127.0.0.1/34461] INFO  server.RaftServer$Division (RaftServerImpl.java:lambda$close$4(434)) - 543aeec3-c74a-41c2-8a93-8d529b3aabc8@group-DEDC8EEB63DA: shutdown
2022-06-15 07:34:43,401 [Listener at 127.0.0.1/34461] INFO  util.JmxRegister (JmxRegister.java:unregister(73)) - Successfully un-registered JMX Bean with object name Ratis:service=RaftServer,group=group-DEDC8EEB63DA,id=543aeec3-c74a-41c2-8a93-8d529b3aabc8
2022-06-15 07:34:43,401 [Listener at 127.0.0.1/34461] INFO  impl.RoleInfo (RoleInfo.java:shutdownFollowerState(110)) - 543aeec3-c74a-41c2-8a93-8d529b3aabc8: shutdown 543aeec3-c74a-41c2-8a93-8d529b3aabc8@group-DEDC8EEB63DA-FollowerState
2022-06-15 07:34:43,401 [Listener at 127.0.0.1/34461] INFO  impl.StateMachineUpdater (StateMachineUpdater.java:stopAndJoin(153)) - 543aeec3-c74a-41c2-8a93-8d529b3aabc8@group-DEDC8EEB63DA-StateMachineUpdater: set stopIndex = 0
2022-06-15 07:34:43,401 [543aeec3-c74a-41c2-8a93-8d529b3aabc8@group-DEDC8EEB63DA-FollowerState] INFO  impl.FollowerState (FollowerState.java:run(152)) - 543aeec3-c74a-41c2-8a93-8d529b3aabc8@group-DEDC8EEB63DA-FollowerState was interrupted
2022-06-15 07:34:43,403 [Listener at 127.0.0.1/34461] INFO  server.RaftServer$Division (ServerState.java:close(429)) - 543aeec3-c74a-41c2-8a93-8d529b3aabc8@group-DEDC8EEB63DA: closes. applyIndex: 0
2022-06-15 07:34:43,404 [543aeec3-c74a-41c2-8a93-8d529b3aabc8@group-DEDC8EEB63DA-SegmentedRaftLogWorker] INFO  segmented.SegmentedRaftLogWorker (SegmentedRaftLogWorker.java:run(336)) - 543aeec3-c74a-41c2-8a93-8d529b3aabc8@group-DEDC8EEB63DA-SegmentedRaftLogWorker was interrupted, exiting. There are 0 tasks remaining in the queue.
2022-06-15 07:34:43,406 [Listener at 127.0.0.1/34461] INFO  segmented.SegmentedRaftLogWorker (SegmentedRaftLogWorker.java:close(246)) - 543aeec3-c74a-41c2-8a93-8d529b3aabc8@group-DEDC8EEB63DA-SegmentedRaftLogWorker close()
2022-06-15 07:34:43,409 [grpc-default-executor-2] INFO  leader.FollowerInfo (FollowerInfoImpl.java:lambda$new$0(48)) - 543aeec3-c74a-41c2-8a93-8d529b3aabc8@group-114DF2E904AF->657a5ecd-0fe1-496e-aa3e-85dbaec35512: nextIndex: updateUnconditionally 11 -> 9
2022-06-15 07:34:43,410 [Listener at 127.0.0.1/34461] INFO  server.GrpcService (GrpcService.java:closeImpl(269)) - 543aeec3-c74a-41c2-8a93-8d529b3aabc8: shutdown server with port 41193 now
2022-06-15 07:34:43,409 [grpc-default-executor-3] INFO  leader.FollowerInfo (FollowerInfoImpl.java:lambda$new$0(48)) - 543aeec3-c74a-41c2-8a93-8d529b3aabc8@group-114DF2E904AF->b0a9d56e-b544-41cd-b2b1-b34d126127d5: nextIndex: updateUnconditionally 11 -> 9
2022-06-15 07:34:43,421 [FixedThreadPoolWithAffinityExecutor-9-0] WARN  container.ContainerReportHandler (AbstractContainerReportHandler.java:updateContainerState(255)) - Container #4 is in OPEN state, but the datanode 2ba0c2a5-1748-4da9-81e4-5266296b4b8f{ip: 10.1.0.11, host: fv-az121-418.xhy4bhhdincepo0av04agjzkjc.cx.internal.cloudapp.net, ports: [REPLICATION=43041, RATIS=43465, RATIS_ADMIN=43465, RATIS_SERVER=43465, STANDALONE=43919], networkLocation: /default-rack, certSerialId: null, persistedOpState: IN_SERVICE, persistedOpStateExpiryEpochSec: 0} reports an CLOSED replica.
2022-06-15 07:34:43,423 [grpc-default-executor-3] WARN  server.GrpcServerProtocolService (LogUtils.java:warn(122)) - 543aeec3-c74a-41c2-8a93-8d529b3aabc8: installSnapshot onError, lastRequest: b0a9d56e-b544-41cd-b2b1-b34d126127d5->543aeec3-c74a-41c2-8a93-8d529b3aabc8#1-t3,previous=(t:0, i:0),leaderCommit=0,initializing? true,entries: size=1, first=(t:3, i:0), CONFIGURATIONENTRY: org.apache.ratis.thirdparty.io.grpc.StatusRuntimeException: CANCELLED: client cancelled
2022-06-15 07:34:43,424 [Listener at 127.0.0.1/34461] INFO  server.GrpcService (GrpcService.java:closeImpl(278)) - 543aeec3-c74a-41c2-8a93-8d529b3aabc8: shutdown server with port 41193 successfully
2022-06-15 07:34:43,424 [org.apache.ratis.util.JvmPauseMonitor$$Lambda$681/1621678294@495ff77a] INFO  util.JvmPauseMonitor (JvmPauseMonitor.java:run(109)) - JvmPauseMonitor-543aeec3-c74a-41c2-8a93-8d529b3aabc8: Stopped
2022-06-15 07:34:43,429 [grpc-default-executor-2] WARN  server.GrpcLogAppender (LogUtils.java:warn(122)) - b0a9d56e-b544-41cd-b2b1-b34d126127d5@group-DEDC8EEB63DA->543aeec3-c74a-41c2-8a93-8d529b3aabc8-AppendLogResponseHandler: Failed appendEntries: org.apache.ratis.thirdparty.io.grpc.StatusRuntimeException: CANCELLED: RST_STREAM closed stream. HTTP/2 error code: CANCEL
2022-06-15 07:34:43,429 [grpc-default-executor-2] WARN  server.GrpcLogAppender (GrpcLogAppender.java:resetClient(111)) - b0a9d56e-b544-41cd-b2b1-b34d126127d5@group-DEDC8EEB63DA->543aeec3-c74a-41c2-8a93-8d529b3aabc8-GrpcLogAppender: Leader has not got in touch with Follower b0a9d56e-b544-41cd-b2b1-b34d126127d5@group-DEDC8EEB63DA->543aeec3-c74a-41c2-8a93-8d529b3aabc8(c0,m0,n1, attendVote=true, lastRpcSendTime=608, lastRpcResponseTime=607) yet, just keep nextIndex unchanged and retry.
2022-06-15 07:34:43,557 [EventQueue-PipelineReportForPipelineReportHandler] INFO  pipeline.PipelineReportHandler (PipelineReportHandler.java:processPipelineReport(113)) - Reported pipeline PipelineID=83aa0ae5-c647-4842-ba01-114df2e904af is not found
2022-06-15 07:34:43,619 [FixedThreadPoolWithAffinityExecutor-1-0] WARN  container.ContainerReportHandler (AbstractContainerReportHandler.java:updateContainerState(255)) - Container #4 is in OPEN state, but the datanode 2ba0c2a5-1748-4da9-81e4-5266296b4b8f{ip: 10.1.0.11, host: fv-az121-418.xhy4bhhdincepo0av04agjzkjc.cx.internal.cloudapp.net, ports: [REPLICATION=43041, RATIS=43465, RATIS_ADMIN=43465, RATIS_SERVER=43465, STANDALONE=43919], networkLocation: /default-rack, certSerialId: null, persistedOpState: IN_SERVICE, persistedOpStateExpiryEpochSec: 0} reports an CLOSED replica.
2022-06-15 07:34:43,701 [EventQueue-PipelineReportForPipelineReportHandler] INFO  pipeline.PipelineReportHandler (PipelineReportHandler.java:processPipelineReport(113)) - Reported pipeline PipelineID=83aa0ae5-c647-4842-ba01-114df2e904af is not found
2022-06-15 07:34:43,801 [EventQueue-PipelineReportForPipelineReportHandler] INFO  pipeline.PipelineReportHandler (PipelineReportHandler.java:processPipelineReport(113)) - Reported pipeline PipelineID=83aa0ae5-c647-4842-ba01-114df2e904af is not found
2022-06-15 07:34:43,901 [EventQueue-PipelineReportForPipelineReportHandler] INFO  pipeline.PipelineReportHandler (PipelineReportHandler.java:processPipelineReport(113)) - Reported pipeline PipelineID=83aa0ae5-c647-4842-ba01-114df2e904af is not found
2022-06-15 07:34:44,019 [FixedThreadPoolWithAffinityExecutor-9-0] WARN  container.ContainerReportHandler (AbstractContainerReportHandler.java:updateContainerState(255)) - Container #4 is in OPEN state, but the datanode 2ba0c2a5-1748-4da9-81e4-5266296b4b8f{ip: 10.1.0.11, host: fv-az121-418.xhy4bhhdincepo0av04agjzkjc.cx.internal.cloudapp.net, ports: [REPLICATION=43041, RATIS=43465, RATIS_ADMIN=43465, RATIS_SERVER=43465, STANDALONE=43919], networkLocation: /default-rack, certSerialId: null, persistedOpState: IN_SERVICE, persistedOpStateExpiryEpochSec: 0} reports an CLOSED replica.
2022-06-15 07:34:44,199 [EventQueue-PipelineReportForPipelineReportHandler] INFO  pipeline.PipelineReportHandler (PipelineReportHandler.java:processPipelineReport(113)) - Reported pipeline PipelineID=83aa0ae5-c647-4842-ba01-114df2e904af is not found
2022-06-15 07:34:44,304 [EventQueue-PipelineReportForPipelineReportHandler] INFO  pipeline.PipelineReportHandler (PipelineReportHandler.java:processPipelineReport(113)) - Reported pipeline PipelineID=83aa0ae5-c647-4842-ba01-114df2e904af is not found
2022-06-15 07:34:44,400 [EventQueue-PipelineReportForPipelineReportHandler] INFO  pipeline.PipelineReportHandler (PipelineReportHandler.java:processPipelineReport(113)) - Reported pipeline PipelineID=83aa0ae5-c647-4842-ba01-114df2e904af is not found
2022-06-15 07:34:44,419 [FixedThreadPoolWithAffinityExecutor-8-0] WARN  container.ContainerReportHandler (AbstractContainerReportHandler.java:updateContainerState(255)) - Container #4 is in OPEN state, but the datanode 2ba0c2a5-1748-4da9-81e4-5266296b4b8f{ip: 10.1.0.11, host: fv-az121-418.xhy4bhhdincepo0av04agjzkjc.cx.internal.cloudapp.net, ports: [REPLICATION=43041, RATIS=43465, RATIS_ADMIN=43465, RATIS_SERVER=43465, STANDALONE=43919], networkLocation: /default-rack, certSerialId: null, persistedOpState: IN_SERVICE, persistedOpStateExpiryEpochSec: 0} reports an CLOSED replica.
2022-06-15 07:34:44,503 [EventQueue-PipelineReportForPipelineReportHandler] INFO  pipeline.PipelineReportHandler (PipelineReportHandler.java:processPipelineReport(113)) - Reported pipeline PipelineID=83aa0ae5-c647-4842-ba01-114df2e904af is not found
2022-06-15 07:34:44,801 [EventQueue-PipelineReportForPipelineReportHandler] INFO  pipeline.PipelineReportHandler (PipelineReportHandler.java:processPipelineReport(113)) - Reported pipeline PipelineID=83aa0ae5-c647-4842-ba01-114df2e904af is not found
2022-06-15 07:34:44,819 [FixedThreadPoolWithAffinityExecutor-1-0] WARN  container.ContainerReportHandler (AbstractContainerReportHandler.java:updateContainerState(255)) - Container #4 is in OPEN state, but the datanode 2ba0c2a5-1748-4da9-81e4-5266296b4b8f{ip: 10.1.0.11, host: fv-az121-418.xhy4bhhdincepo0av04agjzkjc.cx.internal.cloudapp.net, ports: [REPLICATION=43041, RATIS=43465, RATIS_ADMIN=43465, RATIS_SERVER=43465, STANDALONE=43919], networkLocation: /default-rack, certSerialId: null, persistedOpState: IN_SERVICE, persistedOpStateExpiryEpochSec: 0} reports an CLOSED replica.
2022-06-15 07:34:44,903 [EventQueue-PipelineReportForPipelineReportHandler] INFO  pipeline.PipelineReportHandler (PipelineReportHandler.java:processPipelineReport(113)) - Reported pipeline PipelineID=83aa0ae5-c647-4842-ba01-114df2e904af is not found
2022-06-15 07:34:45,019 [FixedThreadPoolWithAffinityExecutor-9-0] WARN  container.ContainerReportHandler (AbstractContainerReportHandler.java:updateContainerState(255)) - Container #4 is in OPEN state, but the datanode 2ba0c2a5-1748-4da9-81e4-5266296b4b8f{ip: 10.1.0.11, host: fv-az121-418.xhy4bhhdincepo0av04agjzkjc.cx.internal.cloudapp.net, ports: [REPLICATION=43041, RATIS=43465, RATIS_ADMIN=43465, RATIS_SERVER=43465, STANDALONE=43919], networkLocation: /default-rack, certSerialId: null, persistedOpState: IN_SERVICE, persistedOpStateExpiryEpochSec: 0} reports an CLOSED replica.
2022-06-15 07:34:45,202 [EventQueue-PipelineReportForPipelineReportHandler] INFO  pipeline.PipelineReportHandler (PipelineReportHandler.java:processPipelineReport(113)) - Reported pipeline PipelineID=83aa0ae5-c647-4842-ba01-114df2e904af is not found
2022-06-15 07:34:45,303 [EventQueue-PipelineReportForPipelineReportHandler] INFO  pipeline.PipelineReportHandler (PipelineReportHandler.java:processPipelineReport(113)) - Reported pipeline PipelineID=83aa0ae5-c647-4842-ba01-114df2e904af is not found
2022-06-15 07:34:45,339 [grpc-default-executor-3] WARN  server.GrpcLogAppender (LogUtils.java:warn(122)) - b0a9d56e-b544-41cd-b2b1-b34d126127d5@group-DEDC8EEB63DA->543aeec3-c74a-41c2-8a93-8d529b3aabc8-AppendLogResponseHandler: Failed appendEntries: org.apache.ratis.thirdparty.io.grpc.StatusRuntimeException: UNAVAILABLE: io exception
2022-06-15 07:34:45,339 [grpc-default-executor-3] WARN  server.GrpcLogAppender (GrpcLogAppender.java:resetClient(111)) - b0a9d56e-b544-41cd-b2b1-b34d126127d5@group-DEDC8EEB63DA->543aeec3-c74a-41c2-8a93-8d529b3aabc8-GrpcLogAppender: Leader has not got in touch with Follower b0a9d56e-b544-41cd-b2b1-b34d126127d5@group-DEDC8EEB63DA->543aeec3-c74a-41c2-8a93-8d529b3aabc8(c0,m0,n1, attendVote=true, lastRpcSendTime=14, lastRpcResponseTime=2517) yet, just keep nextIndex unchanged and retry.
2022-06-15 07:34:45,401 [EventQueue-PipelineReportForPipelineReportHandler] INFO  pipeline.PipelineReportHandler (PipelineReportHandler.java:processPipelineReport(113)) - Reported pipeline PipelineID=83aa0ae5-c647-4842-ba01-114df2e904af is not found
2022-06-15 07:34:45,419 [FixedThreadPoolWithAffinityExecutor-0-0] WARN  container.ContainerReportHandler (AbstractContainerReportHandler.java:updateContainerState(255)) - Container #4 is in OPEN state, but the datanode 2ba0c2a5-1748-4da9-81e4-5266296b4b8f{ip: 10.1.0.11, host: fv-az121-418.xhy4bhhdincepo0av04agjzkjc.cx.internal.cloudapp.net, ports: [REPLICATION=43041, RATIS=43465, RATIS_ADMIN=43465, RATIS_SERVER=43465, STANDALONE=43919], networkLocation: /default-rack, certSerialId: null, persistedOpState: IN_SERVICE, persistedOpStateExpiryEpochSec: 0} reports an CLOSED replica.
2022-06-15 07:34:45,530 [Listener at 127.0.0.1/34461] INFO  utils.BackgroundService (BackgroundService.java:shutdown(132)) - Shutting down service BlockDeletingService
2022-06-15 07:34:45,620 [FixedThreadPoolWithAffinityExecutor-8-0] WARN  container.ContainerReportHandler (AbstractContainerReportHandler.java:updateContainerState(255)) - Container #4 is in OPEN state, but the datanode 2ba0c2a5-1748-4da9-81e4-5266296b4b8f{ip: 10.1.0.11, host: fv-az121-418.xhy4bhhdincepo0av04agjzkjc.cx.internal.cloudapp.net, ports: [REPLICATION=43041, RATIS=43465, RATIS_ADMIN=43465, RATIS_SERVER=43465, STANDALONE=43919], networkLocation: /default-rack, certSerialId: null, persistedOpState: IN_SERVICE, persistedOpStateExpiryEpochSec: 0} reports an CLOSED replica.
2022-06-15 07:34:45,703 [EventQueue-PipelineReportForPipelineReportHandler] INFO  pipeline.PipelineReportHandler (PipelineReportHandler.java:processPipelineReport(113)) - Reported pipeline PipelineID=83aa0ae5-c647-4842-ba01-114df2e904af is not found
2022-06-15 07:34:45,801 [EventQueue-PipelineReportForPipelineReportHandler] INFO  pipeline.PipelineReportHandler (PipelineReportHandler.java:processPipelineReport(113)) - Reported pipeline PipelineID=83aa0ae5-c647-4842-ba01-114df2e904af is not found
2022-06-15 07:34:45,820 [FixedThreadPoolWithAffinityExecutor-0-0] WARN  container.ContainerReportHandler (AbstractContainerReportHandler.java:updateContainerState(255)) - Container #4 is in OPEN state, but the datanode 2ba0c2a5-1748-4da9-81e4-5266296b4b8f{ip: 10.1.0.11, host: fv-az121-418.xhy4bhhdincepo0av04agjzkjc.cx.internal.cloudapp.net, ports: [REPLICATION=43041, RATIS=43465, RATIS_ADMIN=43465, RATIS_SERVER=43465, STANDALONE=43919], networkLocation: /default-rack, certSerialId: null, persistedOpState: IN_SERVICE, persistedOpStateExpiryEpochSec: 0} reports an CLOSED replica.
2022-06-15 07:34:45,904 [EventQueue-PipelineReportForPipelineReportHandler] INFO  pipeline.PipelineReportHandler (PipelineReportHandler.java:processPipelineReport(113)) - Reported pipeline PipelineID=83aa0ae5-c647-4842-ba01-114df2e904af is not found
2022-06-15 07:34:46,002 [EventQueue-PipelineReportForPipelineReportHandler] INFO  pipeline.PipelineReportHandler (PipelineReportHandler.java:processPipelineReport(113)) - Reported pipeline PipelineID=83aa0ae5-c647-4842-ba01-114df2e904af is not found
2022-06-15 07:34:46,220 [FixedThreadPoolWithAffinityExecutor-1-0] WARN  container.ContainerReportHandler (AbstractContainerReportHandler.java:updateContainerState(255)) - Container #4 is in OPEN state, but the datanode 2ba0c2a5-1748-4da9-81e4-5266296b4b8f{ip: 10.1.0.11, host: fv-az121-418.xhy4bhhdincepo0av04agjzkjc.cx.internal.cloudapp.net, ports: [REPLICATION=43041, RATIS=43465, RATIS_ADMIN=43465, RATIS_SERVER=43465, STANDALONE=43919], networkLocation: /default-rack, certSerialId: null, persistedOpState: IN_SERVICE, persistedOpStateExpiryEpochSec: 0} reports an CLOSED replica.
2022-06-15 07:34:46,306 [EventQueue-PipelineReportForPipelineReportHandler] INFO  pipeline.PipelineReportHandler (PipelineReportHandler.java:processPipelineReport(113)) - Reported pipeline PipelineID=83aa0ae5-c647-4842-ba01-114df2e904af is not found
2022-06-15 07:34:46,403 [EventQueue-PipelineReportForPipelineReportHandler] INFO  pipeline.PipelineReportHandler (PipelineReportHandler.java:processPipelineReport(113)) - Reported pipeline PipelineID=83aa0ae5-c647-4842-ba01-114df2e904af is not found
2022-06-15 07:34:46,420 [FixedThreadPoolWithAffinityExecutor-1-0] WARN  container.ContainerReportHandler (AbstractContainerReportHandler.java:updateContainerState(255)) - Container #4 is in OPEN state, but the datanode 2ba0c2a5-1748-4da9-81e4-5266296b4b8f{ip: 10.1.0.11, host: fv-az121-418.xhy4bhhdincepo0av04agjzkjc.cx.internal.cloudapp.net, ports: [REPLICATION=43041, RATIS=43465, RATIS_ADMIN=43465, RATIS_SERVER=43465, STANDALONE=43919], networkLocation: /default-rack, certSerialId: null, persistedOpState: IN_SERVICE, persistedOpStateExpiryEpochSec: 0} reports an CLOSED replica.
2022-06-15 07:34:46,506 [EventQueue-PipelineReportForPipelineReportHandler] INFO  pipeline.PipelineReportHandler (PipelineReportHandler.java:processPipelineReport(113)) - Reported pipeline PipelineID=83aa0ae5-c647-4842-ba01-114df2e904af is not found
2022-06-15 07:34:46,575 [grpc-default-executor-2] WARN  server.GrpcLogAppender (LogUtils.java:warn(122)) - b0a9d56e-b544-41cd-b2b1-b34d126127d5@group-DEDC8EEB63DA->543aeec3-c74a-41c2-8a93-8d529b3aabc8-AppendLogResponseHandler: Failed appendEntries: org.apache.ratis.thirdparty.io.grpc.StatusRuntimeException: UNAVAILABLE: io exception
2022-06-15 07:34:46,576 [grpc-default-executor-2] WARN  server.GrpcLogAppender (GrpcLogAppender.java:resetClient(111)) - b0a9d56e-b544-41cd-b2b1-b34d126127d5@group-DEDC8EEB63DA->543aeec3-c74a-41c2-8a93-8d529b3aabc8-GrpcLogAppender: Leader has not got in touch with Follower b0a9d56e-b544-41cd-b2b1-b34d126127d5@group-DEDC8EEB63DA->543aeec3-c74a-41c2-8a93-8d529b3aabc8(c0,m0,n1, attendVote=true, lastRpcSendTime=0, lastRpcResponseTime=3753) yet, just keep nextIndex unchanged and retry.
2022-06-15 07:34:46,803 [EventQueue-PipelineReportForPipelineReportHandler] INFO  pipeline.PipelineReportHandler (PipelineReportHandler.java:processPipelineReport(113)) - Reported pipeline PipelineID=83aa0ae5-c647-4842-ba01-114df2e904af is not found
2022-06-15 07:34:46,820 [FixedThreadPoolWithAffinityExecutor-8-0] WARN  container.ContainerReportHandler (AbstractContainerReportHandler.java:updateContainerState(255)) - Container #4 is in OPEN state, but the datanode 2ba0c2a5-1748-4da9-81e4-5266296b4b8f{ip: 10.1.0.11, host: fv-az121-418.xhy4bhhdincepo0av04agjzkjc.cx.internal.cloudapp.net, ports: [REPLICATION=43041, RATIS=43465, RATIS_ADMIN=43465, RATIS_SERVER=43465, STANDALONE=43919], networkLocation: /default-rack, certSerialId: null, persistedOpState: IN_SERVICE, persistedOpStateExpiryEpochSec: 0} reports an CLOSED replica.
2022-06-15 07:34:46,906 [EventQueue-PipelineReportForPipelineReportHandler] INFO  pipeline.PipelineReportHandler (PipelineReportHandler.java:processPipelineReport(113)) - Reported pipeline PipelineID=83aa0ae5-c647-4842-ba01-114df2e904af is not found
2022-06-15 07:34:47,106 [EventQueue-PipelineReportForPipelineReportHandler] INFO  pipeline.PipelineReportHandler (PipelineReportHandler.java:processPipelineReport(113)) - Reported pipeline PipelineID=83aa0ae5-c647-4842-ba01-114df2e904af is not found
2022-06-15 07:34:47,204 [EventQueue-PipelineReportForPipelineReportHandler] INFO  pipeline.PipelineReportHandler (PipelineReportHandler.java:processPipelineReport(113)) - Reported pipeline PipelineID=83aa0ae5-c647-4842-ba01-114df2e904af is not found
2022-06-15 07:34:47,223 [FixedThreadPoolWithAffinityExecutor-9-0] WARN  container.ContainerReportHandler (AbstractContainerReportHandler.java:updateContainerState(255)) - Container #4 is in OPEN state, but the datanode 2ba0c2a5-1748-4da9-81e4-5266296b4b8f{ip: 10.1.0.11, host: fv-az121-418.xhy4bhhdincepo0av04agjzkjc.cx.internal.cloudapp.net, ports: [REPLICATION=43041, RATIS=43465, RATIS_ADMIN=43465, RATIS_SERVER=43465, STANDALONE=43919], networkLocation: /default-rack, certSerialId: null, persistedOpState: IN_SERVICE, persistedOpStateExpiryEpochSec: 0} reports an CLOSED replica.
2022-06-15 07:34:47,404 [EventQueue-PipelineReportForPipelineReportHandler] INFO  pipeline.PipelineReportHandler (PipelineReportHandler.java:processPipelineReport(113)) - Reported pipeline PipelineID=83aa0ae5-c647-4842-ba01-114df2e904af is not found
2022-06-15 07:34:47,420 [FixedThreadPoolWithAffinityExecutor-0-0] WARN  container.ContainerReportHandler (AbstractContainerReportHandler.java:updateContainerState(255)) - Container #4 is in OPEN state, but the datanode 2ba0c2a5-1748-4da9-81e4-5266296b4b8f{ip: 10.1.0.11, host: fv-az121-418.xhy4bhhdincepo0av04agjzkjc.cx.internal.cloudapp.net, ports: [REPLICATION=43041, RATIS=43465, RATIS_ADMIN=43465, RATIS_SERVER=43465, STANDALONE=43919], networkLocation: /default-rack, certSerialId: null, persistedOpState: IN_SERVICE, persistedOpStateExpiryEpochSec: 0} reports an CLOSED replica.
2022-06-15 07:34:47,505 [EventQueue-PipelineReportForPipelineReportHandler] INFO  pipeline.PipelineReportHandler (PipelineReportHandler.java:processPipelineReport(113)) - Reported pipeline PipelineID=83aa0ae5-c647-4842-ba01-114df2e904af is not found
2022-06-15 07:34:47,708 [EventQueue-PipelineReportForPipelineReportHandler] INFO  pipeline.PipelineReportHandler (PipelineReportHandler.java:processPipelineReport(113)) - Reported pipeline PipelineID=83aa0ae5-c647-4842-ba01-114df2e904af is not found
2022-06-15 07:34:47,803 [EventQueue-PipelineReportForPipelineReportHandler] INFO  pipeline.PipelineReportHandler (PipelineReportHandler.java:processPipelineReport(113)) - Reported pipeline PipelineID=83aa0ae5-c647-4842-ba01-114df2e904af is not found
2022-06-15 07:34:47,820 [FixedThreadPoolWithAffinityExecutor-1-0] WARN  container.ContainerReportHandler (AbstractContainerReportHandler.java:updateContainerState(255)) - Container #4 is in OPEN state, but the datanode 2ba0c2a5-1748-4da9-81e4-5266296b4b8f{ip: 10.1.0.11, host: fv-az121-418.xhy4bhhdincepo0av04agjzkjc.cx.internal.cloudapp.net, ports: [REPLICATION=43041, RATIS=43465, RATIS_ADMIN=43465, RATIS_SERVER=43465, STANDALONE=43919], networkLocation: /default-rack, certSerialId: null, persistedOpState: IN_SERVICE, persistedOpStateExpiryEpochSec: 0} reports an CLOSED replica.
2022-06-15 07:34:47,826 [grpc-default-executor-2] WARN  server.GrpcLogAppender (LogUtils.java:warn(122)) - b0a9d56e-b544-41cd-b2b1-b34d126127d5@group-DEDC8EEB63DA->543aeec3-c74a-41c2-8a93-8d529b3aabc8-AppendLogResponseHandler: Failed appendEntries: org.apache.ratis.thirdparty.io.grpc.StatusRuntimeException: UNAVAILABLE: io exception
2022-06-15 07:34:47,826 [grpc-default-executor-2] WARN  server.GrpcLogAppender (GrpcLogAppender.java:resetClient(111)) - b0a9d56e-b544-41cd-b2b1-b34d126127d5@group-DEDC8EEB63DA->543aeec3-c74a-41c2-8a93-8d529b3aabc8-GrpcLogAppender: Leader has not got in touch with Follower b0a9d56e-b544-41cd-b2b1-b34d126127d5@group-DEDC8EEB63DA->543aeec3-c74a-41c2-8a93-8d529b3aabc8(c0,m0,n1, attendVote=true, lastRpcSendTime=0, lastRpcResponseTime=5004) yet, just keep nextIndex unchanged and retry.
2022-06-15 07:34:47,836 [b0a9d56e-b544-41cd-b2b1-b34d126127d5@group-114DF2E904AF-FollowerState] INFO  impl.FollowerState (FollowerState.java:run(143)) - b0a9d56e-b544-41cd-b2b1-b34d126127d5@group-114DF2E904AF-FollowerState: change to CANDIDATE, lastRpcElapsedTime:5717696843ns, electionTimeout:5012ms
2022-06-15 07:34:47,836 [b0a9d56e-b544-41cd-b2b1-b34d126127d5@group-114DF2E904AF-FollowerState] INFO  impl.RoleInfo (RoleInfo.java:shutdownFollowerState(110)) - b0a9d56e-b544-41cd-b2b1-b34d126127d5: shutdown b0a9d56e-b544-41cd-b2b1-b34d126127d5@group-114DF2E904AF-FollowerState
2022-06-15 07:34:47,836 [b0a9d56e-b544-41cd-b2b1-b34d126127d5@group-114DF2E904AF-FollowerState] INFO  server.RaftServer$Division (RaftServerImpl.java:setRole(299)) - b0a9d56e-b544-41cd-b2b1-b34d126127d5@group-114DF2E904AF: changes role from  FOLLOWER to CANDIDATE at term 1 for changeToCandidate
2022-06-15 07:34:47,836 [b0a9d56e-b544-41cd-b2b1-b34d126127d5@group-114DF2E904AF-FollowerState] INFO  server.RaftServerConfigKeys (ConfUtils.java:logGet(46)) - raft.server.leaderelection.pre-vote = false (custom)
2022-06-15 07:34:47,836 [b0a9d56e-b544-41cd-b2b1-b34d126127d5@group-114DF2E904AF-FollowerState] INFO  impl.RoleInfo (RoleInfo.java:updateAndGet(139)) - b0a9d56e-b544-41cd-b2b1-b34d126127d5: start b0a9d56e-b544-41cd-b2b1-b34d126127d5@group-114DF2E904AF-LeaderElection28
2022-06-15 07:34:47,840 [b0a9d56e-b544-41cd-b2b1-b34d126127d5@group-114DF2E904AF-LeaderElection28] INFO  server.RaftServer$Division (ServerState.java:setLeader(287)) - b0a9d56e-b544-41cd-b2b1-b34d126127d5@group-114DF2E904AF: change Leader from 543aeec3-c74a-41c2-8a93-8d529b3aabc8 to null at term 1 for ELECTION
2022-06-15 07:34:47,846 [b0a9d56e-b544-41cd-b2b1-b34d126127d5@group-114DF2E904AF-LeaderElection28] INFO  impl.LeaderElection (LeaderElection.java:askForVotes(310)) - b0a9d56e-b544-41cd-b2b1-b34d126127d5@group-114DF2E904AF-LeaderElection28 ELECTION round 0: submit vote requests at term 2 for 0: [b0a9d56e-b544-41cd-b2b1-b34d126127d5|rpc:10.1.0.11:34765|dataStream:|priority:0, 657a5ecd-0fe1-496e-aa3e-85dbaec35512|rpc:10.1.0.11:33757|dataStream:|priority:0, 543aeec3-c74a-41c2-8a93-8d529b3aabc8|rpc:10.1.0.11:41193|dataStream:|priority:1], old=null
2022-06-15 07:34:47,853 [657a5ecd-0fe1-496e-aa3e-85dbaec35512@group-114DF2E904AF-FollowerState] INFO  impl.FollowerState (FollowerState.java:run(143)) - 657a5ecd-0fe1-496e-aa3e-85dbaec35512@group-114DF2E904AF-FollowerState: change to CANDIDATE, lastRpcElapsedTime:5724253703ns, electionTimeout:5187ms
2022-06-15 07:34:47,853 [657a5ecd-0fe1-496e-aa3e-85dbaec35512@group-114DF2E904AF-FollowerState] INFO  impl.RoleInfo (RoleInfo.java:shutdownFollowerState(110)) - 657a5ecd-0fe1-496e-aa3e-85dbaec35512: shutdown 657a5ecd-0fe1-496e-aa3e-85dbaec35512@group-114DF2E904AF-FollowerState
2022-06-15 07:34:47,853 [657a5ecd-0fe1-496e-aa3e-85dbaec35512@group-114DF2E904AF-FollowerState] INFO  server.RaftServer$Division (RaftServerImpl.java:setRole(299)) - 657a5ecd-0fe1-496e-aa3e-85dbaec35512@group-114DF2E904AF: changes role from  FOLLOWER to CANDIDATE at term 1 for changeToCandidate
2022-06-15 07:34:47,859 [657a5ecd-0fe1-496e-aa3e-85dbaec35512@group-114DF2E904AF-FollowerState] INFO  server.RaftServerConfigKeys (ConfUtils.java:logGet(46)) - raft.server.leaderelection.pre-vote = false (custom)
2022-06-15 07:34:47,859 [657a5ecd-0fe1-496e-aa3e-85dbaec35512@group-114DF2E904AF-FollowerState] INFO  impl.RoleInfo (RoleInfo.java:updateAndGet(139)) - 657a5ecd-0fe1-496e-aa3e-85dbaec35512: start 657a5ecd-0fe1-496e-aa3e-85dbaec35512@group-114DF2E904AF-LeaderElection29
2022-06-15 07:34:47,859 [grpc-default-executor-2] INFO  server.RaftServer$Division (RaftServerImpl.java:requestVote(1152)) - 657a5ecd-0fe1-496e-aa3e-85dbaec35512@group-114DF2E904AF: receive requestVote(ELECTION, b0a9d56e-b544-41cd-b2b1-b34d126127d5, group-114DF2E904AF, 2, (t:1, i:10))
2022-06-15 07:34:47,863 [grpc-default-executor-2] INFO  impl.VoteContext (VoteContext.java:log(48)) - 657a5ecd-0fe1-496e-aa3e-85dbaec35512@group-114DF2E904AF-CANDIDATE: accept ELECTION from b0a9d56e-b544-41cd-b2b1-b34d126127d5: our priority 0 <= candidate's priority 0
2022-06-15 07:34:47,863 [grpc-default-executor-2] INFO  server.RaftServer$Division (ServerState.java:setLeader(287)) - 657a5ecd-0fe1-496e-aa3e-85dbaec35512@group-114DF2E904AF: change Leader from 543aeec3-c74a-41c2-8a93-8d529b3aabc8 to null at term 2 for updateCurrentTerm
2022-06-15 07:34:47,864 [grpc-default-executor-2] INFO  server.RaftServer$Division (RaftServerImpl.java:setRole(299)) - 657a5ecd-0fe1-496e-aa3e-85dbaec35512@group-114DF2E904AF: changes role from CANDIDATE to FOLLOWER at term 2 for candidate:b0a9d56e-b544-41cd-b2b1-b34d126127d5
2022-06-15 07:34:47,864 [grpc-default-executor-2] INFO  impl.RoleInfo (RoleInfo.java:shutdownLeaderElection(130)) - 657a5ecd-0fe1-496e-aa3e-85dbaec35512: shutdown 657a5ecd-0fe1-496e-aa3e-85dbaec35512@group-114DF2E904AF-LeaderElection29
2022-06-15 07:34:47,867 [grpc-default-executor-2] INFO  impl.RoleInfo (RoleInfo.java:updateAndGet(139)) - 657a5ecd-0fe1-496e-aa3e-85dbaec35512: start 657a5ecd-0fe1-496e-aa3e-85dbaec35512@group-114DF2E904AF-FollowerState
2022-06-15 07:34:47,868 [b0a9d56e-b544-41cd-b2b1-b34d126127d5@group-114DF2E904AF-LeaderElection28] INFO  impl.LeaderElection (LogUtils.java:infoOrTrace(137)) - b0a9d56e-b544-41cd-b2b1-b34d126127d5@group-114DF2E904AF-LeaderElection28 got exception when requesting votes: java.util.concurrent.ExecutionException: org.apache.ratis.thirdparty.io.grpc.StatusRuntimeException: UNAVAILABLE: io exception
2022-06-15 07:34:47,874 [grpc-default-executor-2] INFO  server.RaftServer$Division (RaftServerImpl.java:requestVote(1184)) - 657a5ecd-0fe1-496e-aa3e-85dbaec35512@group-114DF2E904AF replies to ELECTION vote request: b0a9d56e-b544-41cd-b2b1-b34d126127d5<-657a5ecd-0fe1-496e-aa3e-85dbaec35512#0:OK-t2. Peer's state: 657a5ecd-0fe1-496e-aa3e-85dbaec35512@group-114DF2E904AF:t2, leader=null, voted=b0a9d56e-b544-41cd-b2b1-b34d126127d5, raftlog=657a5ecd-0fe1-496e-aa3e-85dbaec35512@group-114DF2E904AF-SegmentedRaftLog:OPENED:c8, conf=0: [b0a9d56e-b544-41cd-b2b1-b34d126127d5|rpc:10.1.0.11:34765|dataStream:|priority:0, 657a5ecd-0fe1-496e-aa3e-85dbaec35512|rpc:10.1.0.11:33757|dataStream:|priority:0, 543aeec3-c74a-41c2-8a93-8d529b3aabc8|rpc:10.1.0.11:41193|dataStream:|priority:1], old=null
2022-06-15 07:34:47,876 [b0a9d56e-b544-41cd-b2b1-b34d126127d5@group-114DF2E904AF-LeaderElection28] INFO  impl.LeaderElection (LeaderElection.java:logAndReturn(90)) - b0a9d56e-b544-41cd-b2b1-b34d126127d5@group-114DF2E904AF-LeaderElection28: ELECTION PASSED received 1 response(s) and 1 exception(s):
2022-06-15 07:34:47,876 [b0a9d56e-b544-41cd-b2b1-b34d126127d5@group-114DF2E904AF-LeaderElection28] INFO  impl.LeaderElection (LeaderElection.java:logAndReturn(94)) -   Response 0: b0a9d56e-b544-41cd-b2b1-b34d126127d5<-657a5ecd-0fe1-496e-aa3e-85dbaec35512#0:OK-t2
2022-06-15 07:34:47,876 [b0a9d56e-b544-41cd-b2b1-b34d126127d5@group-114DF2E904AF-LeaderElection28] INFO  impl.LeaderElection (LogUtils.java:infoOrTrace(137)) -   Exception 1: java.util.concurrent.ExecutionException: org.apache.ratis.thirdparty.io.grpc.StatusRuntimeException: UNAVAILABLE: io exception
2022-06-15 07:34:47,876 [b0a9d56e-b544-41cd-b2b1-b34d126127d5@group-114DF2E904AF-LeaderElection28] INFO  impl.LeaderElection (LeaderElection.java:askForVotes(312)) - b0a9d56e-b544-41cd-b2b1-b34d126127d5@group-114DF2E904AF-LeaderElection28 ELECTION round 0: result PASSED
2022-06-15 07:34:47,876 [b0a9d56e-b544-41cd-b2b1-b34d126127d5@group-114DF2E904AF-LeaderElection28] INFO  impl.RoleInfo (RoleInfo.java:shutdownLeaderElection(130)) - b0a9d56e-b544-41cd-b2b1-b34d126127d5: shutdown b0a9d56e-b544-41cd-b2b1-b34d126127d5@group-114DF2E904AF-LeaderElection28
2022-06-15 07:34:47,877 [b0a9d56e-b544-41cd-b2b1-b34d126127d5@group-114DF2E904AF-LeaderElection28] INFO  server.RaftServer$Division (RaftServerImpl.java:setRole(299)) - b0a9d56e-b544-41cd-b2b1-b34d126127d5@group-114DF2E904AF: changes role from CANDIDATE to LEADER at term 2 for changeToLeader
2022-06-15 07:34:47,877 [b0a9d56e-b544-41cd-b2b1-b34d126127d5@group-114DF2E904AF-LeaderElection28] INFO  ratis.XceiverServerRatis (XceiverServerRatis.java:handleLeaderChangedNotification(863)) - Leader change notification received for group: group-114DF2E904AF with new leaderId: b0a9d56e-b544-41cd-b2b1-b34d126127d5
2022-06-15 07:34:47,877 [b0a9d56e-b544-41cd-b2b1-b34d126127d5@group-114DF2E904AF-LeaderElection28] INFO  server.RaftServer$Division (ServerState.java:setLeader(287)) - b0a9d56e-b544-41cd-b2b1-b34d126127d5@group-114DF2E904AF: change Leader from null to b0a9d56e-b544-41cd-b2b1-b34d126127d5 at term 2 for becomeLeader, leader elected after 36ms
2022-06-15 07:34:47,877 [b0a9d56e-b544-41cd-b2b1-b34d126127d5@group-114DF2E904AF-LeaderElection28] INFO  server.RaftServerConfigKeys (ConfUtils.java:logGet(46)) - raft.server.staging.catchup.gap = 1000 (default)
2022-06-15 07:34:47,877 [b0a9d56e-b544-41cd-b2b1-b34d126127d5@group-114DF2E904AF-LeaderElection28] INFO  server.RaftServerConfigKeys (ConfUtils.java:logGet(46)) - raft.server.write.element-limit = 1024 (custom)
2022-06-15 07:34:47,877 [b0a9d56e-b544-41cd-b2b1-b34d126127d5@group-114DF2E904AF-LeaderElection28] INFO  server.RaftServerConfigKeys (ConfUtils.java:logGet(46)) - raft.server.write.byte-limit = 1024 M (=1073741824) (custom)
2022-06-15 07:34:47,877 [b0a9d56e-b544-41cd-b2b1-b34d126127d5@group-114DF2E904AF-LeaderElection28] INFO  server.RaftServerConfigKeys (ConfUtils.java:logGet(46)) - raft.server.watch.timeout = 10000ms (default)
2022-06-15 07:34:47,877 [b0a9d56e-b544-41cd-b2b1-b34d126127d5@group-114DF2E904AF-LeaderElection28] INFO  server.RaftServerConfigKeys (ConfUtils.java:logGet(46)) - raft.server.watch.timeout.denomination = 1s (default)
2022-06-15 07:34:47,877 [b0a9d56e-b544-41cd-b2b1-b34d126127d5@group-114DF2E904AF-LeaderElection28] INFO  server.RaftServerConfigKeys (ConfUtils.java:logGet(46)) - raft.server.watch.element-limit = 65536 (default)
2022-06-15 07:34:47,877 [b0a9d56e-b544-41cd-b2b1-b34d126127d5@group-114DF2E904AF-LeaderElection28] INFO  server.RaftServerConfigKeys (ConfUtils.java:logGet(46)) - raft.server.write.element-limit = 1024 (custom)
2022-06-15 07:34:47,877 [b0a9d56e-b544-41cd-b2b1-b34d126127d5@group-114DF2E904AF-LeaderElection28] INFO  server.RaftServerConfigKeys (ConfUtils.java:logGet(46)) - raft.server.write.follower.gap.ratio.max = -1.0 (default)
2022-06-15 07:34:47,878 [b0a9d56e-b544-41cd-b2b1-b34d126127d5@group-114DF2E904AF-LeaderElection28] INFO  server.RaftServerConfigKeys (ConfUtils.java:logGet(46)) - raft.server.log.appender.snapshot.chunk.size.max = 16MB (=16777216) (default)
2022-06-15 07:34:47,878 [b0a9d56e-b544-41cd-b2b1-b34d126127d5@group-114DF2E904AF-LeaderElection28] INFO  server.RaftServerConfigKeys (ConfUtils.java:logGet(46)) - raft.server.log.appender.buffer.byte-limit = 33554432 (custom)
2022-06-15 07:34:47,878 [b0a9d56e-b544-41cd-b2b1-b34d126127d5@group-114DF2E904AF-LeaderElection28] INFO  server.RaftServerConfigKeys (ConfUtils.java:logGet(46)) - raft.server.log.appender.buffer.element-limit = 1 (custom)
2022-06-15 07:34:47,878 [b0a9d56e-b544-41cd-b2b1-b34d126127d5@group-114DF2E904AF-LeaderElection28] INFO  grpc.GrpcConfigKeys (ConfUtils.java:logGet(46)) - raft.grpc.server.leader.outstanding.appends.max = 128 (default)
2022-06-15 07:34:47,878 [b0a9d56e-b544-41cd-b2b1-b34d126127d5@group-114DF2E904AF-LeaderElection28] INFO  server.RaftServerConfigKeys (ConfUtils.java:logGet(46)) - raft.server.rpc.request.timeout = 3000ms (default)
2022-06-15 07:34:47,878 [b0a9d56e-b544-41cd-b2b1-b34d126127d5@group-114DF2E904AF-LeaderElection28] INFO  server.RaftServerConfigKeys (ConfUtils.java:logGet(46)) - raft.server.log.appender.install.snapshot.enabled = false (custom)
2022-06-15 07:34:47,880 [b0a9d56e-b544-41cd-b2b1-b34d126127d5@group-114DF2E904AF-LeaderElection28] INFO  server.RaftServerConfigKeys (ConfUtils.java:logGet(46)) - raft.server.log.appender.snapshot.chunk.size.max = 16MB (=16777216) (default)
2022-06-15 07:34:47,880 [b0a9d56e-b544-41cd-b2b1-b34d126127d5@group-114DF2E904AF-LeaderElection28] INFO  server.RaftServerConfigKeys (ConfUtils.java:logGet(46)) - raft.server.log.appender.buffer.byte-limit = 33554432 (custom)
2022-06-15 07:34:47,880 [b0a9d56e-b544-41cd-b2b1-b34d126127d5@group-114DF2E904AF-LeaderElection28] INFO  server.RaftServerConfigKeys (ConfUtils.java:logGet(46)) - raft.server.log.appender.buffer.element-limit = 1 (custom)
2022-06-15 07:34:47,881 [EventQueue-PipelineReportForPipelineReportHandler] INFO  pipeline.PipelineReportHandler (PipelineReportHandler.java:processPipelineReport(113)) - Reported pipeline PipelineID=83aa0ae5-c647-4842-ba01-114df2e904af is not found
2022-06-15 07:34:47,881 [b0a9d56e-b544-41cd-b2b1-b34d126127d5@group-114DF2E904AF-LeaderElection28] INFO  grpc.GrpcConfigKeys (ConfUtils.java:logGet(46)) - raft.grpc.server.leader.outstanding.appends.max = 128 (default)
2022-06-15 07:34:47,881 [b0a9d56e-b544-41cd-b2b1-b34d126127d5@group-114DF2E904AF-LeaderElection28] INFO  server.RaftServerConfigKeys (ConfUtils.java:logGet(46)) - raft.server.rpc.request.timeout = 3000ms (default)
2022-06-15 07:34:47,881 [b0a9d56e-b544-41cd-b2b1-b34d126127d5@group-114DF2E904AF-LeaderElection28] INFO  server.RaftServerConfigKeys (ConfUtils.java:logGet(46)) - raft.server.log.appender.install.snapshot.enabled = false (custom)
2022-06-15 07:34:47,882 [b0a9d56e-b544-41cd-b2b1-b34d126127d5@group-114DF2E904AF-LeaderElection28] INFO  impl.RoleInfo (RoleInfo.java:updateAndGet(139)) - b0a9d56e-b544-41cd-b2b1-b34d126127d5: start b0a9d56e-b544-41cd-b2b1-b34d126127d5@group-114DF2E904AF-LeaderStateImpl
2022-06-15 07:34:47,882 [b0a9d56e-b544-41cd-b2b1-b34d126127d5@group-114DF2E904AF-LeaderElection28] INFO  segmented.SegmentedRaftLogWorker (SegmentedRaftLogWorker.java:rollLogSegment(430)) - b0a9d56e-b544-41cd-b2b1-b34d126127d5@group-114DF2E904AF-SegmentedRaftLogWorker: Rolling segment log-0_10 to index:10
2022-06-15 07:34:47,883 [b0a9d56e-b544-41cd-b2b1-b34d126127d5@group-114DF2E904AF-SegmentedRaftLogWorker] ERROR ratis.XceiverServerRatis (XceiverServerRatis.java:triggerPipelineClose(678)) - pipeline Action CLOSE on pipeline PipelineID=83aa0ae5-c647-4842-ba01-114df2e904af.Reason : Log already failed at index 9 for task WriteLog:9: (t:1, i:9), STATEMACHINELOGENTRY, cmdType: WriteChunk traceID: "" containerID: 2 datanodeUuid: "b0a9d56e-b544-41cd-b2b1-b34d126127d5" pipelineID: "83aa0ae5-c647-4842-ba01-114df2e904af" writeChunk { blockID { containerID: 2 localID: 109611004723200002 blockCommitSequenceId: 6 replicaIndex: 0 } chunkData { chunkName: "109611004723200002_chunk_2" offset: 5 len: 10 checksumData { type: CRC32 bytesPerChecksum: 1048576 checksums: "\317\357R*" } } }, container path=/home/runner/work/ozone/ozone/hadoop-ozone/integration-test/target/test-dir/MiniOzoneClusterImpl-589494f2-24de-4a8c-8650-9a890bc48d46/datanode-1/data-0/containers/hdds/589494f2-24de-4a8c-8650-9a890bc48d46/current/containerDir0/2
2022-06-15 07:34:47,883 [b0a9d56e-b544-41cd-b2b1-b34d126127d5@group-114DF2E904AF-SegmentedRaftLogWorker] ERROR ratis.XceiverServerRatis (XceiverServerRatis.java:triggerPipelineClose(678)) - pipeline Action CLOSE on pipeline PipelineID=83aa0ae5-c647-4842-ba01-114df2e904af.Reason : Log already failed at index 9 for task WriteLog:9: (t:1, i:9), STATEMACHINELOGENTRY, cmdType: WriteChunk traceID: "" containerID: 2 datanodeUuid: "b0a9d56e-b544-41cd-b2b1-b34d126127d5" pipelineID: "83aa0ae5-c647-4842-ba01-114df2e904af" writeChunk { blockID { containerID: 2 localID: 109611004723200002 blockCommitSequenceId: 6 replicaIndex: 0 } chunkData { chunkName: "109611004723200002_chunk_2" offset: 5 len: 10 checksumData { type: CRC32 bytesPerChecksum: 1048576 checksums: "\317\357R*" } } }, container path=/home/runner/work/ozone/ozone/hadoop-ozone/integration-test/target/test-dir/MiniOzoneClusterImpl-589494f2-24de-4a8c-8650-9a890bc48d46/datanode-1/data-0/containers/hdds/589494f2-24de-4a8c-8650-9a890bc48d46/current/containerDir0/2
2022-06-15 07:34:47,884 [EventQueue-PipelineActionsForPipelineActionHandler] INFO  pipeline.PipelineActionHandler (PipelineActionHandler.java:processPipelineAction(82)) - Received pipeline action CLOSE for PipelineID=83aa0ae5-c647-4842-ba01-114df2e904af from datanode b0a9d56e-b544-41cd-b2b1-b34d126127d5. Reason : Log already failed at index 9 for task WriteLog:9: (t:1, i:9), STATEMACHINELOGENTRY, cmdType: WriteChunk traceID: "" containerID: 2 datanodeUuid: "b0a9d56e-b544-41cd-b2b1-b34d126127d5" pipelineID: "83aa0ae5-c647-4842-ba01-114df2e904af" writeChunk { blockID { containerID: 2 localID: 109611004723200002 blockCommitSequenceId: 6 replicaIndex: 0 } chunkData { chunkName: "109611004723200002_chunk_2" offset: 5 len: 10 checksumData { type: CRC32 bytesPerChecksum: 1048576 checksums: "\317\357R*" } } }, container path=/home/runner/work/ozone/ozone/hadoop-ozone/integration-test/target/test-dir/MiniOzoneClusterImpl-589494f2-24de-4a8c-8650-9a890bc48d46/datanode-1/data-0/containers/hdds/589494f2-24de-4a8c-8650-9a890bc48d46/current/containerDir0/2
2022-06-15 07:34:47,884 [EventQueue-PipelineActionsForPipelineActionHandler] WARN  pipeline.PipelineActionHandler (PipelineActionHandler.java:processPipelineAction(93)) - Pipeline action CLOSE received for unknown pipeline PipelineID=83aa0ae5-c647-4842-ba01-114df2e904af, firing close pipeline event.
2022-06-15 07:34:47,885 [EventQueue-PipelineActionsForPipelineActionHandler] INFO  pipeline.PipelineActionHandler (PipelineActionHandler.java:processPipelineAction(82)) - Received pipeline action CLOSE for PipelineID=83aa0ae5-c647-4842-ba01-114df2e904af from datanode b0a9d56e-b544-41cd-b2b1-b34d126127d5. Reason : Log already failed at index 9 for task WriteLog:9: (t:1, i:9), STATEMACHINELOGENTRY, cmdType: WriteChunk traceID: "" containerID: 2 datanodeUuid: "b0a9d56e-b544-41cd-b2b1-b34d126127d5" pipelineID: "83aa0ae5-c647-4842-ba01-114df2e904af" writeChunk { blockID { containerID: 2 localID: 109611004723200002 blockCommitSequenceId: 6 replicaIndex: 0 } chunkData { chunkName: "109611004723200002_chunk_2" offset: 5 len: 10 checksumData { type: CRC32 bytesPerChecksum: 1048576 checksums: "\317\357R*" } } }, container path=/home/runner/work/ozone/ozone/hadoop-ozone/integration-test/target/test-dir/MiniOzoneClusterImpl-589494f2-24de-4a8c-8650-9a890bc48d46/datanode-1/data-0/containers/hdds/589494f2-24de-4a8c-8650-9a890bc48d46/current/containerDir0/2
2022-06-15 07:34:47,885 [EventQueue-PipelineActionsForPipelineActionHandler] WARN  pipeline.PipelineActionHandler (PipelineActionHandler.java:processPipelineAction(93)) - Pipeline action CLOSE received for unknown pipeline PipelineID=83aa0ae5-c647-4842-ba01-114df2e904af, firing close pipeline event.
2022-06-15 07:34:47,904 [657a5ecd-0fe1-496e-aa3e-85dbaec35512-server-thread1] INFO  ratis.XceiverServerRatis (XceiverServerRatis.java:handleLeaderChangedNotification(863)) - Leader change notification received for group: group-114DF2E904AF with new leaderId: b0a9d56e-b544-41cd-b2b1-b34d126127d5
2022-06-15 07:34:47,904 [657a5ecd-0fe1-496e-aa3e-85dbaec35512-server-thread1] INFO  server.RaftServer$Division (ServerState.java:setLeader(287)) - 657a5ecd-0fe1-496e-aa3e-85dbaec35512@group-114DF2E904AF: change Leader from null to b0a9d56e-b544-41cd-b2b1-b34d126127d5 at term 2 for appendEntries, leader elected after 40ms
2022-06-15 07:34:47,906 [EventQueue-PipelineReportForPipelineReportHandler] INFO  pipeline.PipelineReportHandler (PipelineReportHandler.java:processPipelineReport(113)) - Reported pipeline PipelineID=83aa0ae5-c647-4842-ba01-114df2e904af is not found
2022-06-15 07:34:47,911 [b0a9d56e-b544-41cd-b2b1-b34d126127d5@group-114DF2E904AF-LeaderElection28] INFO  server.RaftServer$Division (ServerState.java:setRaftConf(393)) - b0a9d56e-b544-41cd-b2b1-b34d126127d5@group-114DF2E904AF: set configuration 11: [b0a9d56e-b544-41cd-b2b1-b34d126127d5|rpc:10.1.0.11:34765|dataStream:|priority:0, 657a5ecd-0fe1-496e-aa3e-85dbaec35512|rpc:10.1.0.11:33757|dataStream:|priority:0, 543aeec3-c74a-41c2-8a93-8d529b3aabc8|rpc:10.1.0.11:41193|dataStream:|priority:1], old=null
2022-06-15 07:34:47,912 [grpc-default-executor-3] WARN  server.GrpcLogAppender (LogUtils.java:warn(122)) - b0a9d56e-b544-41cd-b2b1-b34d126127d5@group-114DF2E904AF->543aeec3-c74a-41c2-8a93-8d529b3aabc8-AppendLogResponseHandler: Failed appendEntries: org.apache.ratis.thirdparty.io.grpc.StatusRuntimeException: UNAVAILABLE: io exception
2022-06-15 07:34:47,913 [grpc-default-executor-3] WARN  server.GrpcLogAppender (GrpcLogAppender.java:resetClient(111)) - b0a9d56e-b544-41cd-b2b1-b34d126127d5@group-114DF2E904AF->543aeec3-c74a-41c2-8a93-8d529b3aabc8-GrpcLogAppender: Leader has not got in touch with Follower b0a9d56e-b544-41cd-b2b1-b34d126127d5@group-114DF2E904AF->543aeec3-c74a-41c2-8a93-8d529b3aabc8(c-1,m0,n11, attendVote=true, lastRpcSendTime=5235, lastRpcResponseTime=5235) yet, just keep nextIndex unchanged and retry.
2022-06-15 07:34:47,916 [grpc-default-executor-3] WARN  server.GrpcLogAppender (LogUtils.java:warn(122)) - b0a9d56e-b544-41cd-b2b1-b34d126127d5@group-114DF2E904AF->543aeec3-c74a-41c2-8a93-8d529b3aabc8-AppendLogResponseHandler: Failed appendEntries: org.apache.ratis.thirdparty.io.grpc.StatusRuntimeException: UNAVAILABLE: io exception
2022-06-15 07:34:47,917 [grpc-default-executor-3] WARN  server.GrpcLogAppender (GrpcLogAppender.java:resetClient(111)) - b0a9d56e-b544-41cd-b2b1-b34d126127d5@group-114DF2E904AF->543aeec3-c74a-41c2-8a93-8d529b3aabc8-GrpcLogAppender: Leader has not got in touch with Follower b0a9d56e-b544-41cd-b2b1-b34d126127d5@group-114DF2E904AF->543aeec3-c74a-41c2-8a93-8d529b3aabc8(c-1,m0,n12, attendVote=true, lastRpcSendTime=3, lastRpcResponseTime=5239) yet, just keep nextIndex unchanged and retry.
2022-06-15 07:34:47,925 [657a5ecd-0fe1-496e-aa3e-85dbaec35512-server-thread1] INFO  server.RaftServer$Division (ServerState.java:setRaftConf(393)) - 657a5ecd-0fe1-496e-aa3e-85dbaec35512@group-114DF2E904AF: set configuration 11: [b0a9d56e-b544-41cd-b2b1-b34d126127d5|rpc:10.1.0.11:34765|dataStream:|priority:0, 657a5ecd-0fe1-496e-aa3e-85dbaec35512|rpc:10.1.0.11:33757|dataStream:|priority:0, 543aeec3-c74a-41c2-8a93-8d529b3aabc8|rpc:10.1.0.11:41193|dataStream:|priority:1], old=null
2022-06-15 07:34:47,925 [657a5ecd-0fe1-496e-aa3e-85dbaec35512-server-thread1] INFO  segmented.SegmentedRaftLogWorker (SegmentedRaftLogWorker.java:rollLogSegment(430)) - 657a5ecd-0fe1-496e-aa3e-85dbaec35512@group-114DF2E904AF-SegmentedRaftLogWorker: Rolling segment log-0_10 to index:10
2022-06-15 07:34:47,925 [657a5ecd-0fe1-496e-aa3e-85dbaec35512@group-114DF2E904AF-SegmentedRaftLogWorker] ERROR ratis.XceiverServerRatis (XceiverServerRatis.java:triggerPipelineClose(678)) - pipeline Action CLOSE on pipeline PipelineID=83aa0ae5-c647-4842-ba01-114df2e904af.Reason : Log already failed at index 9 for task WriteLog:9: (t:1, i:9), STATEMACHINELOGENTRY, cmdType: WriteChunk traceID: "" containerID: 2 datanodeUuid: "b0a9d56e-b544-41cd-b2b1-b34d126127d5" pipelineID: "83aa0ae5-c647-4842-ba01-114df2e904af" writeChunk { blockID { containerID: 2 localID: 109611004723200002 blockCommitSequenceId: 6 replicaIndex: 0 } chunkData { chunkName: "109611004723200002_chunk_2" offset: 5 len: 10 checksumData { type: CRC32 bytesPerChecksum: 1048576 checksums: "\317\357R*" } } }, container path=/home/runner/work/ozone/ozone/hadoop-ozone/integration-test/target/test-dir/MiniOzoneClusterImpl-589494f2-24de-4a8c-8650-9a890bc48d46/datanode-2/data-0/containers/hdds/589494f2-24de-4a8c-8650-9a890bc48d46/current/containerDir0/2
2022-06-15 07:34:47,926 [657a5ecd-0fe1-496e-aa3e-85dbaec35512@group-114DF2E904AF-SegmentedRaftLogWorker] ERROR ratis.XceiverServerRatis (XceiverServerRatis.java:triggerPipelineClose(678)) - pipeline Action CLOSE on pipeline PipelineID=83aa0ae5-c647-4842-ba01-114df2e904af.Reason : Log already failed at index 9 for task WriteLog:9: (t:1, i:9), STATEMACHINELOGENTRY, cmdType: WriteChunk traceID: "" containerID: 2 datanodeUuid: "b0a9d56e-b544-41cd-b2b1-b34d126127d5" pipelineID: "83aa0ae5-c647-4842-ba01-114df2e904af" writeChunk { blockID { containerID: 2 localID: 109611004723200002 blockCommitSequenceId: 6 replicaIndex: 0 } chunkData { chunkName: "109611004723200002_chunk_2" offset: 5 len: 10 checksumData { type: CRC32 bytesPerChecksum: 1048576 checksums: "\317\357R*" } } }, container path=/home/runner/work/ozone/ozone/hadoop-ozone/integration-test/target/test-dir/MiniOzoneClusterImpl-589494f2-24de-4a8c-8650-9a890bc48d46/datanode-2/data-0/containers/hdds/589494f2-24de-4a8c-8650-9a890bc48d46/current/containerDir0/2
2022-06-15 07:34:47,927 [EventQueue-PipelineActionsForPipelineActionHandler] INFO  pipeline.PipelineActionHandler (PipelineActionHandler.java:processPipelineAction(82)) - Received pipeline action CLOSE for PipelineID=83aa0ae5-c647-4842-ba01-114df2e904af from datanode 657a5ecd-0fe1-496e-aa3e-85dbaec35512. Reason : Log already failed at index 9 for task WriteLog:9: (t:1, i:9), STATEMACHINELOGENTRY, cmdType: WriteChunk traceID: "" containerID: 2 datanodeUuid: "b0a9d56e-b544-41cd-b2b1-b34d126127d5" pipelineID: "83aa0ae5-c647-4842-ba01-114df2e904af" writeChunk { blockID { containerID: 2 localID: 109611004723200002 blockCommitSequenceId: 6 replicaIndex: 0 } chunkData { chunkName: "109611004723200002_chunk_2" offset: 5 len: 10 checksumData { type: CRC32 bytesPerChecksum: 1048576 checksums: "\317\357R*" } } }, container path=/home/runner/work/ozone/ozone/hadoop-ozone/integration-test/target/test-dir/MiniOzoneClusterImpl-589494f2-24de-4a8c-8650-9a890bc48d46/datanode-2/data-0/containers/hdds/589494f2-24de-4a8c-8650-9a890bc48d46/current/containerDir0/2
2022-06-15 07:34:47,927 [EventQueue-PipelineActionsForPipelineActionHandler] WARN  pipeline.PipelineActionHandler (PipelineActionHandler.java:processPipelineAction(93)) - Pipeline action CLOSE received for unknown pipeline PipelineID=83aa0ae5-c647-4842-ba01-114df2e904af, firing close pipeline event.
2022-06-15 07:34:48,020 [FixedThreadPoolWithAffinityExecutor-9-0] WARN  container.ContainerReportHandler (AbstractContainerReportHandler.java:updateContainerState(255)) - Container #4 is in OPEN state, but the datanode 2ba0c2a5-1748-4da9-81e4-5266296b4b8f{ip: 10.1.0.11, host: fv-az121-418.xhy4bhhdincepo0av04agjzkjc.cx.internal.cloudapp.net, ports: [REPLICATION=43041, RATIS=43465, RATIS_ADMIN=43465, RATIS_SERVER=43465, STANDALONE=43919], networkLocation: /default-rack, certSerialId: null, persistedOpState: IN_SERVICE, persistedOpStateExpiryEpochSec: 0} reports an CLOSED replica.
2022-06-15 07:34:48,085 [EventQueue-PipelineReportForPipelineReportHandler] INFO  pipeline.PipelineReportHandler (PipelineReportHandler.java:processPipelineReport(113)) - Reported pipeline PipelineID=83aa0ae5-c647-4842-ba01-114df2e904af is not found
2022-06-15 07:34:48,127 [EventQueue-PipelineReportForPipelineReportHandler] INFO  pipeline.PipelineReportHandler (PipelineReportHandler.java:processPipelineReport(113)) - Reported pipeline PipelineID=83aa0ae5-c647-4842-ba01-114df2e904af is not found
2022-06-15 07:34:48,328 [EventQueue-PipelineReportForPipelineReportHandler] INFO  pipeline.PipelineReportHandler (PipelineReportHandler.java:processPipelineReport(113)) - Reported pipeline PipelineID=83aa0ae5-c647-4842-ba01-114df2e904af is not found
2022-06-15 07:34:48,420 [FixedThreadPoolWithAffinityExecutor-0-0] WARN  container.ContainerReportHandler (AbstractContainerReportHandler.java:updateContainerState(255)) - Container #4 is in OPEN state, but the datanode 2ba0c2a5-1748-4da9-81e4-5266296b4b8f{ip: 10.1.0.11, host: fv-az121-418.xhy4bhhdincepo0av04agjzkjc.cx.internal.cloudapp.net, ports: [REPLICATION=43041, RATIS=43465, RATIS_ADMIN=43465, RATIS_SERVER=43465, STANDALONE=43919], networkLocation: /default-rack, certSerialId: null, persistedOpState: IN_SERVICE, persistedOpStateExpiryEpochSec: 0} reports an CLOSED replica.
2022-06-15 07:34:48,485 [EventQueue-PipelineReportForPipelineReportHandler] INFO  pipeline.PipelineReportHandler (PipelineReportHandler.java:processPipelineReport(113)) - Reported pipeline PipelineID=83aa0ae5-c647-4842-ba01-114df2e904af is not found
2022-06-15 07:34:48,551 [Listener at 127.0.0.1/34461] INFO  statemachine.DatanodeStateMachine (DatanodeStateMachine.java:stopDaemon(572)) - Ozone container server stopped.
2022-06-15 07:34:48,569 [Listener at 127.0.0.1/34461] INFO  handler.ContextHandler (ContextHandler.java:doStop(1153)) - Stopped o.e.j.w.WebAppContext@32dd05af{hddsDatanode,/,null,STOPPED}{jar:file:/home/runner/.m2/repository/org/apache/ozone/hdds-container-service/1.3.0-SNAPSHOT/hdds-container-service-1.3.0-SNAPSHOT.jar!/webapps/hddsDatanode}
2022-06-15 07:34:48,583 [Listener at 127.0.0.1/34461] INFO  server.AbstractConnector (AbstractConnector.java:doStop(381)) - Stopped ServerConnector@4f80c511{HTTP/1.1, (http/1.1)}{0.0.0.0:0}
2022-06-15 07:34:48,583 [Listener at 127.0.0.1/34461] INFO  server.session (HouseKeeper.java:stopScavenging(149)) - node0 Stopped scavenging
2022-06-15 07:34:48,583 [Listener at 127.0.0.1/34461] INFO  handler.ContextHandler (ContextHandler.java:doStop(1153)) - Stopped o.e.j.s.ServletContextHandler@4c57051a{static,/static,jar:file:/home/runner/.m2/repository/org/apache/ozone/hdds-container-service/1.3.0-SNAPSHOT/hdds-container-service-1.3.0-SNAPSHOT.jar!/webapps/static,STOPPED}
2022-06-15 07:34:48,584 [Listener at 127.0.0.1/34461] INFO  handler.ContextHandler (ContextHandler.java:doStop(1153)) - Stopped o.e.j.s.ServletContextHandler@4b66a923{logs,/logs,file:///home/runner/work/ozone/ozone/hadoop-ozone/integration-test/target/log,STOPPED}
2022-06-15 07:34:48,594 [Listener at 127.0.0.1/34461] WARN  impl.MetricRegistriesImpl (MetricRegistriesImpl.java:addReporterRegistration(111)) - New reporters are added after registries were created. Some metrics will be missing from the reporter. Please add reporter before adding any new registry.
2022-06-15 07:34:48,594 [Listener at 127.0.0.1/34461] WARN  impl.MetricRegistriesImpl (MetricRegistriesImpl.java:addReporterRegistration(111)) - New reporters are added after registries were created. Some metrics will be missing from the reporter. Please add reporter before adding any new registry.
2022-06-15 07:34:48,594 [Listener at 127.0.0.1/34461] INFO  impl.MetricsSystemImpl (MetricsSystemImpl.java:init(158)) - HddsDatanode metrics system started (again)
2022-06-15 07:34:48,684 [EventQueue-PipelineReportForPipelineReportHandler] INFO  pipeline.PipelineReportHandler (PipelineReportHandler.java:processPipelineReport(113)) - Reported pipeline PipelineID=83aa0ae5-c647-4842-ba01-114df2e904af is not found
2022-06-15 07:34:48,706 [Listener at 127.0.0.1/34461] INFO  ozone.HddsDatanodeService (HddsDatanodeService.java:start(236)) - HddsDatanodeService host:fv-az121-418.xhy4bhhdincepo0av04agjzkjc.cx.internal.cloudapp.net ip:10.1.0.11
2022-06-15 07:34:48,728 [EventQueue-PipelineReportForPipelineReportHandler] INFO  pipeline.PipelineReportHandler (PipelineReportHandler.java:processPipelineReport(113)) - Reported pipeline PipelineID=83aa0ae5-c647-4842-ba01-114df2e904af is not found
2022-06-15 07:34:48,765 [Listener at 127.0.0.1/34461] INFO  upgrade.AbstractLayoutVersionManager (AbstractLayoutVersionManager.java:init(82)) - Initializing Layout version manager with metadata layout = DATANODE_SCHEMA_V3 (version = 4), software layout = DATANODE_SCHEMA_V3 (version = 4)
2022-06-15 07:34:48,821 [FixedThreadPoolWithAffinityExecutor-8-0] WARN  container.ContainerReportHandler (AbstractContainerReportHandler.java:updateContainerState(255)) - Container #4 is in OPEN state, but the datanode 2ba0c2a5-1748-4da9-81e4-5266296b4b8f{ip: 10.1.0.11, host: fv-az121-418.xhy4bhhdincepo0av04agjzkjc.cx.internal.cloudapp.net, ports: [REPLICATION=43041, RATIS=43465, RATIS_ADMIN=43465, RATIS_SERVER=43465, STANDALONE=43919], networkLocation: /default-rack, certSerialId: null, persistedOpState: IN_SERVICE, persistedOpStateExpiryEpochSec: 0} reports an CLOSED replica.
2022-06-15 07:34:48,847 [Listener at 127.0.0.1/34461] INFO  reflections.Reflections (Reflections.java:scan(232)) - Reflections took 80 ms to scan 7 urls, producing 131 keys and 311 values 
2022-06-15 07:34:48,852 [Listener at 127.0.0.1/34461] INFO  statemachine.DatanodeStateMachine (DatanodeStateMachine.java:getEndPointTaskThreadPoolSize(233)) - Datanode State Machine Task Thread Pool size 2
2022-06-15 07:34:48,859 [Listener at 127.0.0.1/34461] INFO  volume.HddsVolume (HddsVolume.java:<init>(116)) - Creating HddsVolume: /home/runner/work/ozone/ozone/hadoop-ozone/integration-test/target/test-dir/MiniOzoneClusterImpl-589494f2-24de-4a8c-8650-9a890bc48d46/datanode-0/data-0/containers/hdds of storage type : DISK capacity : 9223372036854775807
2022-06-15 07:34:48,859 [Listener at 127.0.0.1/34461] INFO  volume.MutableVolumeSet (MutableVolumeSet.java:initializeVolumeSet(174)) - Added Volume : /home/runner/work/ozone/ozone/hadoop-ozone/integration-test/target/test-dir/MiniOzoneClusterImpl-589494f2-24de-4a8c-8650-9a890bc48d46/datanode-0/data-0/containers/hdds to VolumeSet
2022-06-15 07:34:48,859 [Listener at 127.0.0.1/34461] INFO  volume.ThrottledAsyncChecker (ThrottledAsyncChecker.java:schedule(141)) - Scheduling a check for /home/runner/work/ozone/ozone/hadoop-ozone/integration-test/target/test-dir/MiniOzoneClusterImpl-589494f2-24de-4a8c-8650-9a890bc48d46/datanode-0/data-0/containers/hdds
2022-06-15 07:34:48,876 [Listener at 127.0.0.1/34461] INFO  volume.StorageVolumeChecker (StorageVolumeChecker.java:checkAllVolumes(202)) - Scheduled health check for volume /home/runner/work/ozone/ozone/hadoop-ozone/integration-test/target/test-dir/MiniOzoneClusterImpl-589494f2-24de-4a8c-8650-9a890bc48d46/datanode-0/data-0/containers/hdds
2022-06-15 07:34:48,885 [EventQueue-PipelineReportForPipelineReportHandler] INFO  pipeline.PipelineReportHandler (PipelineReportHandler.java:processPipelineReport(113)) - Reported pipeline PipelineID=83aa0ae5-c647-4842-ba01-114df2e904af is not found
2022-06-15 07:34:48,896 [Listener at 127.0.0.1/34461] INFO  volume.MutableVolumeSet (MutableVolumeSet.java:initializeVolumeSet(174)) - Added Volume : /home/runner/work/ozone/ozone/hadoop-ozone/integration-test/target/test-dir/MiniOzoneClusterImpl-589494f2-24de-4a8c-8650-9a890bc48d46/datanode-0/data/ratis9efbc6d4-fc05-4b3b-b578-8e62ab4e984e to VolumeSet
2022-06-15 07:34:48,897 [Listener at 127.0.0.1/34461] INFO  volume.ThrottledAsyncChecker (ThrottledAsyncChecker.java:schedule(141)) - Scheduling a check for /home/runner/work/ozone/ozone/hadoop-ozone/integration-test/target/test-dir/MiniOzoneClusterImpl-589494f2-24de-4a8c-8650-9a890bc48d46/datanode-0/data/ratis9efbc6d4-fc05-4b3b-b578-8e62ab4e984e
2022-06-15 07:34:48,897 [Listener at 127.0.0.1/34461] INFO  volume.StorageVolumeChecker (StorageVolumeChecker.java:checkAllVolumes(202)) - Scheduled health check for volume /home/runner/work/ozone/ozone/hadoop-ozone/integration-test/target/test-dir/MiniOzoneClusterImpl-589494f2-24de-4a8c-8650-9a890bc48d46/datanode-0/data/ratis9efbc6d4-fc05-4b3b-b578-8e62ab4e984e
2022-06-15 07:34:48,927 [Thread-903] INFO  ozoneimpl.ContainerReader (ContainerReader.java:readVolume(142)) - Start to verify containers on volume /home/runner/work/ozone/ozone/hadoop-ozone/integration-test/target/test-dir/MiniOzoneClusterImpl-589494f2-24de-4a8c-8650-9a890bc48d46/datanode-0/data-0/containers/hdds
2022-06-15 07:34:48,929 [EventQueue-PipelineReportForPipelineReportHandler] INFO  pipeline.PipelineReportHandler (PipelineReportHandler.java:processPipelineReport(113)) - Reported pipeline PipelineID=83aa0ae5-c647-4842-ba01-114df2e904af is not found
2022-06-15 07:34:49,023 [FixedThreadPoolWithAffinityExecutor-9-0] WARN  container.ContainerReportHandler (AbstractContainerReportHandler.java:updateContainerState(255)) - Container #4 is in OPEN state, but the datanode 2ba0c2a5-1748-4da9-81e4-5266296b4b8f{ip: 10.1.0.11, host: fv-az121-418.xhy4bhhdincepo0av04agjzkjc.cx.internal.cloudapp.net, ports: [REPLICATION=43041, RATIS=43465, RATIS_ADMIN=43465, RATIS_SERVER=43465, STANDALONE=43919], networkLocation: /default-rack, certSerialId: null, persistedOpState: IN_SERVICE, persistedOpStateExpiryEpochSec: 0} reports an CLOSED replica.
2022-06-15 07:34:49,073 [Thread-903] INFO  ozoneimpl.ContainerReader (ContainerReader.java:readVolume(172)) - Finish verifying containers on volume /home/runner/work/ozone/ozone/hadoop-ozone/integration-test/target/test-dir/MiniOzoneClusterImpl-589494f2-24de-4a8c-8650-9a890bc48d46/datanode-0/data-0/containers/hdds
2022-06-15 07:34:49,073 [Listener at 127.0.0.1/34461] INFO  ozoneimpl.OzoneContainer (OzoneContainer.java:buildContainerSet(266)) - Build ContainerSet costs 0s
2022-06-15 07:34:49,077 [Listener at 127.0.0.1/34461] INFO  server.RaftServer (ConfUtils.java:logGet(46)) - raft.rpc.type = GRPC (default)
2022-06-15 07:34:49,077 [Listener at 127.0.0.1/34461] INFO  grpc.GrpcFactory (GrpcFactory.java:checkPooledByteBufAllocatorUseCacheForAllThreads(48)) - PERFORMANCE WARNING: useCacheForAllThreads is true that may cause Netty to create a lot garbage objects and, as a result, trigger GC.
	It is recommended to disable useCacheForAllThreads by setting -Dorg.apache.ratis.thirdparty.io.netty.allocator.useCacheForAllThreads=false in command line.
2022-06-15 07:34:49,077 [Listener at 127.0.0.1/34461] INFO  grpc.GrpcConfigKeys (ConfUtils.java:logGet(46)) - raft.grpc.admin.port = 41193 (custom)
2022-06-15 07:34:49,079 [Listener at 127.0.0.1/34461] INFO  grpc.GrpcConfigKeys (ConfUtils.java:logGet(46)) - raft.grpc.client.port = 41193 (custom)
2022-06-15 07:34:49,079 [grpc-default-executor-2] WARN  server.GrpcLogAppender (LogUtils.java:warn(122)) - b0a9d56e-b544-41cd-b2b1-b34d126127d5@group-DEDC8EEB63DA->543aeec3-c74a-41c2-8a93-8d529b3aabc8-AppendLogResponseHandler: Failed appendEntries: org.apache.ratis.thirdparty.io.grpc.StatusRuntimeException: UNAVAILABLE: io exception
2022-06-15 07:34:49,079 [Listener at 127.0.0.1/34461] INFO  grpc.GrpcConfigKeys (ConfUtils.java:logGet(46)) - raft.grpc.server.port = 41193 (custom)
2022-06-15 07:34:49,079 [Listener at 127.0.0.1/34461] INFO  server.GrpcService (ConfUtils.java:logGet(46)) - raft.grpc.message.size.max = 32MB (=33554432) (custom)
2022-06-15 07:34:49,080 [Listener at 127.0.0.1/34461] INFO  server.RaftServerConfigKeys (ConfUtils.java:logGet(46)) - raft.server.log.appender.buffer.byte-limit = 33554432 (custom)
2022-06-15 07:34:49,080 [Listener at 127.0.0.1/34461] INFO  server.GrpcService (ConfUtils.java:logGet(46)) - raft.grpc.flow.control.window = 5MB (=5242880) (custom)
2022-06-15 07:34:49,080 [Listener at 127.0.0.1/34461] INFO  server.RaftServerConfigKeys (ConfUtils.java:logGet(46)) - raft.server.rpc.request.timeout = 3000ms (default)
2022-06-15 07:34:49,080 [Listener at 127.0.0.1/34461] INFO  grpc.GrpcConfigKeys (ConfUtils.java:logGet(46)) - raft.grpc.server.async.request.thread.pool.cached = true (default)
2022-06-15 07:34:49,080 [Listener at 127.0.0.1/34461] INFO  grpc.GrpcConfigKeys (ConfUtils.java:logGet(46)) - raft.grpc.server.async.request.thread.pool.size = 32 (default)
2022-06-15 07:34:49,080 [grpc-default-executor-2] WARN  server.GrpcLogAppender (GrpcLogAppender.java:resetClient(111)) - b0a9d56e-b544-41cd-b2b1-b34d126127d5@group-DEDC8EEB63DA->543aeec3-c74a-41c2-8a93-8d529b3aabc8-GrpcLogAppender: Leader has not got in touch with Follower b0a9d56e-b544-41cd-b2b1-b34d126127d5@group-DEDC8EEB63DA->543aeec3-c74a-41c2-8a93-8d529b3aabc8(c0,m0,n1, attendVote=true, lastRpcSendTime=1254, lastRpcResponseTime=6257) yet, just keep nextIndex unchanged and retry.
2022-06-15 07:34:49,081 [Listener at 127.0.0.1/34461] INFO  impl.DataStreamServerImpl (ConfUtils.java:logGet(46)) - raft.datastream.type = DISABLED (default)
2022-06-15 07:34:49,082 [Listener at 127.0.0.1/34461] INFO  server.RaftServerConfigKeys (ConfUtils.java:logGet(46)) - raft.server.threadpool.proxy.cached = true (default)
2022-06-15 07:34:49,082 [Listener at 127.0.0.1/34461] INFO  server.RaftServerConfigKeys (ConfUtils.java:logGet(46)) - raft.server.threadpool.proxy.size = 0 (default)
2022-06-15 07:34:49,082 [Listener at 127.0.0.1/34461] INFO  server.RaftServerConfigKeys (ConfUtils.java:logGet(46)) - raft.server.rpc.slowness.timeout = 300000ms (custom)
2022-06-15 07:34:49,082 [Listener at 127.0.0.1/34461] INFO  server.RaftServerConfigKeys (ConfUtils.java:logGet(46)) - raft.server.leaderelection.leader.step-down.wait-time = 10s (default)
2022-06-15 07:34:49,082 [Listener at 127.0.0.1/34461] INFO  server.RaftServerConfigKeys (ConfUtils.java:logGet(46)) - raft.server.storage.dir = [/home/runner/work/ozone/ozone/hadoop-ozone/integration-test/target/test-dir/MiniOzoneClusterImpl-589494f2-24de-4a8c-8650-9a890bc48d46/datanode-0/data/ratis9efbc6d4-fc05-4b3b-b578-8e62ab4e984e] (custom)
2022-06-15 07:34:49,084 [EventQueue-PipelineReportForPipelineReportHandler] INFO  pipeline.PipelineReportHandler (PipelineReportHandler.java:processPipelineReport(113)) - Reported pipeline PipelineID=83aa0ae5-c647-4842-ba01-114df2e904af is not found
2022-06-15 07:34:49,101 [Listener at 127.0.0.1/34461] INFO  server.XceiverServerGrpc (XceiverServerGrpc.java:<init>(132)) - GrpcServer channel type EpollServerSocketChannel
2022-06-15 07:34:49,113 [Listener at 127.0.0.1/34461] INFO  http.BaseHttpServer (BaseHttpServer.java:newHttpServer2BuilderForOzone(209)) - Starting Web-server for hddsDatanode at: http://0.0.0.0:46821
2022-06-15 07:34:49,113 [Listener at 127.0.0.1/34461] INFO  http.BaseHttpServer (BaseHttpServer.java:<init>(107)) - Hadoop Security Enabled: false Ozone Security Enabled: false Ozone HTTP Security Enabled: false 
2022-06-15 07:34:49,114 [Listener at 127.0.0.1/34461] INFO  server.AuthenticationFilter (AuthenticationFilter.java:constructSecretProvider(240)) - Unable to initialize FileSignerSecretProvider, falling back to use random secrets.
2022-06-15 07:34:49,119 [Listener at 127.0.0.1/34461] WARN  http.HttpRequestLog (HttpRequestLog.java:getRequestLog(103)) - Jetty request log can only be enabled using Log4j
2022-06-15 07:34:49,120 [Listener at 127.0.0.1/34461] INFO  http.HttpServer2 (HttpServer2.java:addGlobalFilter(1029)) - Added global filter 'safety' (class=org.apache.hadoop.hdds.server.http.HttpServer2$QuotingInputFilter)
2022-06-15 07:34:49,121 [Listener at 127.0.0.1/34461] INFO  http.HttpServer2 (HttpServer2.java:addFilter(1005)) - Added filter static_user_filter (class=org.apache.hadoop.http.lib.StaticUserWebFilter$StaticUserFilter) to context hddsDatanode
2022-06-15 07:34:49,121 [Listener at 127.0.0.1/34461] INFO  http.HttpServer2 (HttpServer2.java:addFilter(1013)) - Added filter static_user_filter (class=org.apache.hadoop.http.lib.StaticUserWebFilter$StaticUserFilter) to context static
2022-06-15 07:34:49,121 [Listener at 127.0.0.1/34461] INFO  http.HttpServer2 (HttpServer2.java:addFilter(1013)) - Added filter static_user_filter (class=org.apache.hadoop.http.lib.StaticUserWebFilter$StaticUserFilter) to context logs
2022-06-15 07:34:49,121 [Listener at 127.0.0.1/34461] INFO  http.HttpServer2 (HttpServer2.java:bindListener(1248)) - Jetty bound to port 46821
2022-06-15 07:34:49,122 [Listener at 127.0.0.1/34461] INFO  server.Server (Server.java:doStart(375)) - jetty-9.4.43.v20210629; built: 2021-06-30T11:07:22.254Z; git: 526006ecfa3af7f1a27ef3a288e2bef7ea9dd7e8; jvm 1.8.0_332-b09
2022-06-15 07:34:49,164 [grpc-default-executor-2] WARN  server.GrpcLogAppender (LogUtils.java:warn(122)) - b0a9d56e-b544-41cd-b2b1-b34d126127d5@group-114DF2E904AF->543aeec3-c74a-41c2-8a93-8d529b3aabc8-AppendLogResponseHandler: Failed appendEntries: org.apache.ratis.thirdparty.io.grpc.StatusRuntimeException: UNAVAILABLE: io exception
2022-06-15 07:34:49,164 [grpc-default-executor-2] WARN  server.GrpcLogAppender (GrpcLogAppender.java:resetClient(111)) - b0a9d56e-b544-41cd-b2b1-b34d126127d5@group-114DF2E904AF->543aeec3-c74a-41c2-8a93-8d529b3aabc8-GrpcLogAppender: Leader has not got in touch with Follower b0a9d56e-b544-41cd-b2b1-b34d126127d5@group-114DF2E904AF->543aeec3-c74a-41c2-8a93-8d529b3aabc8(c-1,m0,n12, attendVote=true, lastRpcSendTime=0, lastRpcResponseTime=6486) yet, just keep nextIndex unchanged and retry.
2022-06-15 07:34:49,177 [Listener at 127.0.0.1/34461] INFO  server.session (DefaultSessionIdManager.java:doStart(334)) - DefaultSessionIdManager workerName=node0
2022-06-15 07:34:49,177 [Listener at 127.0.0.1/34461] INFO  server.session (DefaultSessionIdManager.java:doStart(339)) - No SessionScavenger set, using defaults
2022-06-15 07:34:49,177 [Listener at 127.0.0.1/34461] INFO  server.session (HouseKeeper.java:startScavenging(132)) - node0 Scavenging every 600000ms
2022-06-15 07:34:49,180 [Listener at 127.0.0.1/34461] INFO  handler.ContextHandler (ContextHandler.java:doStart(915)) - Started o.e.j.s.ServletContextHandler@76ec1975{logs,/logs,file:///home/runner/work/ozone/ozone/hadoop-ozone/integration-test/target/log,AVAILABLE}
2022-06-15 07:34:49,181 [Listener at 127.0.0.1/34461] INFO  handler.ContextHandler (ContextHandler.java:doStart(915)) - Started o.e.j.s.ServletContextHandler@285ddaeb{static,/static,jar:file:/home/runner/.m2/repository/org/apache/ozone/hdds-container-service/1.3.0-SNAPSHOT/hdds-container-service-1.3.0-SNAPSHOT.jar!/webapps/static,AVAILABLE}
2022-06-15 07:34:49,285 [EventQueue-PipelineReportForPipelineReportHandler] INFO  pipeline.PipelineReportHandler (PipelineReportHandler.java:processPipelineReport(113)) - Reported pipeline PipelineID=83aa0ae5-c647-4842-ba01-114df2e904af is not found
2022-06-15 07:34:49,328 [EventQueue-PipelineReportForPipelineReportHandler] INFO  pipeline.PipelineReportHandler (PipelineReportHandler.java:processPipelineReport(113)) - Reported pipeline PipelineID=83aa0ae5-c647-4842-ba01-114df2e904af is not found
2022-06-15 07:34:49,423 [FixedThreadPoolWithAffinityExecutor-0-0] WARN  container.ContainerReportHandler (AbstractContainerReportHandler.java:updateContainerState(255)) - Container #4 is in OPEN state, but the datanode 2ba0c2a5-1748-4da9-81e4-5266296b4b8f{ip: 10.1.0.11, host: fv-az121-418.xhy4bhhdincepo0av04agjzkjc.cx.internal.cloudapp.net, ports: [REPLICATION=43041, RATIS=43465, RATIS_ADMIN=43465, RATIS_SERVER=43465, STANDALONE=43919], networkLocation: /default-rack, certSerialId: null, persistedOpState: IN_SERVICE, persistedOpStateExpiryEpochSec: 0} reports an CLOSED replica.
2022-06-15 07:34:49,485 [EventQueue-PipelineReportForPipelineReportHandler] INFO  pipeline.PipelineReportHandler (PipelineReportHandler.java:processPipelineReport(113)) - Reported pipeline PipelineID=83aa0ae5-c647-4842-ba01-114df2e904af is not found
2022-06-15 07:34:49,623 [FixedThreadPoolWithAffinityExecutor-0-0] WARN  container.ContainerReportHandler (AbstractContainerReportHandler.java:updateContainerState(255)) - Container #4 is in OPEN state, but the datanode 2ba0c2a5-1748-4da9-81e4-5266296b4b8f{ip: 10.1.0.11, host: fv-az121-418.xhy4bhhdincepo0av04agjzkjc.cx.internal.cloudapp.net, ports: [REPLICATION=43041, RATIS=43465, RATIS_ADMIN=43465, RATIS_SERVER=43465, STANDALONE=43919], networkLocation: /default-rack, certSerialId: null, persistedOpState: IN_SERVICE, persistedOpStateExpiryEpochSec: 0} reports an CLOSED replica.
2022-06-15 07:34:49,634 [Listener at 127.0.0.1/34461] INFO  handler.ContextHandler (ContextHandler.java:doStart(915)) - Started o.e.j.w.WebAppContext@603f344e{hddsDatanode,/,file:///tmp/jetty-0_0_0_0-46821-hdds-container-service-1_3_0-SNAPSHOT_jar-_-any-2581950428823869213/webapp/,AVAILABLE}{jar:file:/home/runner/.m2/repository/org/apache/ozone/hdds-container-service/1.3.0-SNAPSHOT/hdds-container-service-1.3.0-SNAPSHOT.jar!/webapps/hddsDatanode}
2022-06-15 07:34:49,652 [Listener at 127.0.0.1/34461] INFO  server.AbstractConnector (AbstractConnector.java:doStart(331)) - Started ServerConnector@39949f88{HTTP/1.1, (http/1.1)}{0.0.0.0:46821}
2022-06-15 07:34:49,653 [Listener at 127.0.0.1/34461] INFO  server.Server (Server.java:doStart(415)) - Started @68023ms
2022-06-15 07:34:49,653 [Listener at 127.0.0.1/34461] WARN  impl.MetricsSystemImpl (MetricsSystemImpl.java:register(279)) - Sink prometheus already exists!
2022-06-15 07:34:49,653 [Listener at 127.0.0.1/34461] INFO  http.BaseHttpServer (BaseHttpServer.java:updateConnectorAddress(329)) - HTTP server of hddsDatanode listening at http://0.0.0.0:46821
]]></system-out>
  </testcase>
  <testcase name="testUnhealthyContainer" classname="org.apache.hadoop.ozone.client.rpc.TestContainerStateMachineFailures" time="20.394">
    <system-out><![CDATA[2022-06-15 07:34:49,672 [Datanode State Machine Daemon Thread] INFO  statemachine.DatanodeStateMachine (DatanodeStateMachine.java:lambda$startDaemon$0(484)) - Ozone container server started.
2022-06-15 07:34:49,689 [EventQueue-PipelineReportForPipelineReportHandler] INFO  pipeline.PipelineReportHandler (PipelineReportHandler.java:processPipelineReport(113)) - Reported pipeline PipelineID=83aa0ae5-c647-4842-ba01-114df2e904af is not found
2022-06-15 07:34:49,721 [org.apache.hadoop.util.JvmPauseMonitor$Monitor@17effb29] INFO  util.JvmPauseMonitor (JvmPauseMonitor.java:run(188)) - Starting JVM pause monitor
2022-06-15 07:34:49,752 [EventQueue-PipelineReportForPipelineReportHandler] INFO  pipeline.PipelineReportHandler (PipelineReportHandler.java:processPipelineReport(113)) - Reported pipeline PipelineID=83aa0ae5-c647-4842-ba01-114df2e904af is not found
2022-06-15 07:34:49,941 [EventQueue-PipelineReportForPipelineReportHandler] INFO  pipeline.PipelineReportHandler (PipelineReportHandler.java:processPipelineReport(113)) - Reported pipeline PipelineID=83aa0ae5-c647-4842-ba01-114df2e904af is not found
2022-06-15 07:34:49,959 [ChunkWriter-3-0] ERROR impl.ContainerLayoutVersion (ContainerLayoutVersion.java:getChunkDir(148)) - Chunks dir /home/runner/work/ozone/ozone/hadoop-ozone/integration-test/target/test-dir/MiniOzoneClusterImpl-589494f2-24de-4a8c-8650-9a890bc48d46/datanode-4/data-0/containers/hdds/589494f2-24de-4a8c-8650-9a890bc48d46/current/containerDir0/7/chunks does not exist
2022-06-15 07:34:49,959 [ChunkWriter-3-0] INFO  keyvalue.KeyValueHandler (ContainerUtils.java:logAndReturnError(88)) - Operation: WriteChunk , Trace ID:  , Message: Chunks directory /home/runner/work/ozone/ozone/hadoop-ozone/integration-test/target/test-dir/MiniOzoneClusterImpl-589494f2-24de-4a8c-8650-9a890bc48d46/datanode-4/data-0/containers/hdds/589494f2-24de-4a8c-8650-9a890bc48d46/current/containerDir0/7/chunks does not exist. , Result: UNABLE_TO_FIND_DATA_DIR , StorageContainerException Occurred.
org.apache.hadoop.hdds.scm.container.common.helpers.StorageContainerException: Chunks directory /home/runner/work/ozone/ozone/hadoop-ozone/integration-test/target/test-dir/MiniOzoneClusterImpl-589494f2-24de-4a8c-8650-9a890bc48d46/datanode-4/data-0/containers/hdds/589494f2-24de-4a8c-8650-9a890bc48d46/current/containerDir0/7/chunks does not exist.
	at org.apache.hadoop.ozone.container.common.impl.ContainerLayoutVersion.getChunkDir(ContainerLayoutVersion.java:150)
	at org.apache.hadoop.ozone.container.common.impl.ContainerLayoutVersion.getChunkFile(ContainerLayoutVersion.java:126)
	at org.apache.hadoop.ozone.container.keyvalue.impl.FilePerBlockStrategy.getChunkFile(FilePerBlockStrategy.java:237)
	at org.apache.hadoop.ozone.container.keyvalue.impl.FilePerBlockStrategy.writeChunk(FilePerBlockStrategy.java:119)
	at org.apache.hadoop.ozone.container.keyvalue.impl.ChunkManagerDispatcher.writeChunk(ChunkManagerDispatcher.java:73)
	at org.apache.hadoop.ozone.container.keyvalue.KeyValueHandler.handleWriteChunk(KeyValueHandler.java:750)
	at org.apache.hadoop.ozone.container.keyvalue.KeyValueHandler.dispatchRequest(KeyValueHandler.java:229)
	at org.apache.hadoop.ozone.container.keyvalue.KeyValueHandler.handle(KeyValueHandler.java:193)
	at org.apache.hadoop.ozone.container.common.impl.HddsDispatcher.dispatchRequest(HddsDispatcher.java:307)
	at org.apache.hadoop.ozone.container.common.impl.HddsDispatcher.lambda$dispatch$0(HddsDispatcher.java:169)
	at org.apache.hadoop.hdds.server.OzoneProtocolMessageDispatcher.processRequest(OzoneProtocolMessageDispatcher.java:87)
	at org.apache.hadoop.ozone.container.common.impl.HddsDispatcher.dispatch(HddsDispatcher.java:168)
	at org.apache.hadoop.ozone.container.common.transport.server.ratis.ContainerStateMachine.dispatchCommand(ContainerStateMachine.java:413)
	at org.apache.hadoop.ozone.container.common.transport.server.ratis.ContainerStateMachine.runCommand(ContainerStateMachine.java:423)
	at org.apache.hadoop.ozone.container.common.transport.server.ratis.ContainerStateMachine.lambda$handleWriteChunk$1(ContainerStateMachine.java:455)
	at java.util.concurrent.CompletableFuture$AsyncSupply.run(CompletableFuture.java:1604)
	at java.util.concurrent.ThreadPoolExecutor.runWorker(ThreadPoolExecutor.java:1149)
	at java.util.concurrent.ThreadPoolExecutor$Worker.run(ThreadPoolExecutor.java:624)
	at java.lang.Thread.run(Thread.java:750)
2022-06-15 07:34:49,961 [ChunkWriter-3-0] WARN  keyvalue.KeyValueContainer (KeyValueContainer.java:markContainerUnhealthy(333)) - Moving container /home/runner/work/ozone/ozone/hadoop-ozone/integration-test/target/test-dir/MiniOzoneClusterImpl-589494f2-24de-4a8c-8650-9a890bc48d46/datanode-4/data-0/containers/hdds/589494f2-24de-4a8c-8650-9a890bc48d46/current/containerDir0/7 to state UNHEALTHY from state:UNHEALTHY Trace:java.lang.Thread.getStackTrace(Thread.java:1564)
org.apache.hadoop.util.StringUtils.getStackTrace(StringUtils.java:1060)
org.apache.hadoop.ozone.container.keyvalue.KeyValueContainer.markContainerUnhealthy(KeyValueContainer.java:335)
org.apache.hadoop.ozone.container.keyvalue.KeyValueHandler.markContainerUnhealthy(KeyValueHandler.java:998)
org.apache.hadoop.ozone.container.common.impl.HddsDispatcher.dispatchRequest(HddsDispatcher.java:352)
org.apache.hadoop.ozone.container.common.impl.HddsDispatcher.lambda$dispatch$0(HddsDispatcher.java:169)
org.apache.hadoop.hdds.server.OzoneProtocolMessageDispatcher.processRequest(OzoneProtocolMessageDispatcher.java:87)
org.apache.hadoop.ozone.container.common.impl.HddsDispatcher.dispatch(HddsDispatcher.java:168)
org.apache.hadoop.ozone.container.common.transport.server.ratis.ContainerStateMachine.dispatchCommand(ContainerStateMachine.java:413)
org.apache.hadoop.ozone.container.common.transport.server.ratis.ContainerStateMachine.runCommand(ContainerStateMachine.java:423)
org.apache.hadoop.ozone.container.common.transport.server.ratis.ContainerStateMachine.lambda$handleWriteChunk$1(ContainerStateMachine.java:455)
java.util.concurrent.CompletableFuture$AsyncSupply.run(CompletableFuture.java:1604)
java.util.concurrent.ThreadPoolExecutor.runWorker(ThreadPoolExecutor.java:1149)
java.util.concurrent.ThreadPoolExecutor$Worker.run(ThreadPoolExecutor.java:624)
java.lang.Thread.run(Thread.java:750)

07:34:49.967 [7bb1eb80-c113-41fd-8e62-543e67410fa1-client-thread1] ERROR DNAudit - user=null | ip=null | op=PUT_BLOCK {blockData=[blockId=conID: 7 locID: 109611004723200007 bcsId: 0, size=10]} | ret=FAILURE
org.apache.hadoop.hdds.scm.container.common.helpers.ContainerNotOpenException: Container 7 in UNHEALTHY state
	at org.apache.hadoop.ozone.container.common.impl.HddsDispatcher.validateContainerCommand(HddsDispatcher.java:489) ~[hdds-container-service-1.3.0-SNAPSHOT.jar:?]
	at org.apache.hadoop.ozone.container.common.transport.server.ratis.ContainerStateMachine.startTransaction(ContainerStateMachine.java:330) ~[hdds-container-service-1.3.0-SNAPSHOT.jar:?]
	at org.apache.ratis.server.impl.RaftServerImpl.submitClientRequestAsync(RaftServerImpl.java:839) ~[ratis-server-2.3.0.jar:2.3.0]
	at org.apache.ratis.server.impl.RaftServerImpl.lambda$null$12(RaftServerImpl.java:783) ~[ratis-server-2.3.0.jar:2.3.0]
	at org.apache.ratis.util.JavaUtils.callAsUnchecked(JavaUtils.java:115) ~[ratis-common-2.3.0.jar:2.3.0]
	at org.apache.ratis.server.impl.RaftServerImpl.lambda$executeSubmitClientRequestAsync$13(RaftServerImpl.java:783) ~[ratis-server-2.3.0.jar:2.3.0]
	at java.util.concurrent.CompletableFuture$AsyncSupply.run(CompletableFuture.java:1604) [?:1.8.0_332]
	at java.util.concurrent.ThreadPoolExecutor.runWorker(ThreadPoolExecutor.java:1149) [?:1.8.0_332]
	at java.util.concurrent.ThreadPoolExecutor$Worker.run(ThreadPoolExecutor.java:624) [?:1.8.0_332]
	at java.lang.Thread.run(Thread.java:750) [?:1.8.0_332]
2022-06-15 07:34:49,967 [ChunkWriter-3-0] INFO  impl.HddsDispatcher (HddsDispatcher.java:dispatchRequest(353)) - Marked Container UNHEALTHY, ContainerID: 7
07:34:49.969 [ChunkWriter-3-0] ERROR DNAudit - user=null | ip=null | op=WRITE_CHUNK {blockData=conID: 7 locID: 109611004723200007 bcsId: 2} | ret=FAILURE
java.lang.Exception: Chunks directory /home/runner/work/ozone/ozone/hadoop-ozone/integration-test/target/test-dir/MiniOzoneClusterImpl-589494f2-24de-4a8c-8650-9a890bc48d46/datanode-4/data-0/containers/hdds/589494f2-24de-4a8c-8650-9a890bc48d46/current/containerDir0/7/chunks does not exist.
	at org.apache.hadoop.ozone.container.common.impl.HddsDispatcher.dispatchRequest(HddsDispatcher.java:371) ~[hdds-container-service-1.3.0-SNAPSHOT.jar:?]
	at org.apache.hadoop.ozone.container.common.impl.HddsDispatcher.lambda$dispatch$0(HddsDispatcher.java:169) ~[hdds-container-service-1.3.0-SNAPSHOT.jar:?]
	at org.apache.hadoop.hdds.server.OzoneProtocolMessageDispatcher.processRequest(OzoneProtocolMessageDispatcher.java:87) ~[hdds-server-framework-1.3.0-SNAPSHOT.jar:?]
	at org.apache.hadoop.ozone.container.common.impl.HddsDispatcher.dispatch(HddsDispatcher.java:168) ~[hdds-container-service-1.3.0-SNAPSHOT.jar:?]
	at org.apache.hadoop.ozone.container.common.transport.server.ratis.ContainerStateMachine.dispatchCommand(ContainerStateMachine.java:413) ~[hdds-container-service-1.3.0-SNAPSHOT.jar:?]
	at org.apache.hadoop.ozone.container.common.transport.server.ratis.ContainerStateMachine.runCommand(ContainerStateMachine.java:423) ~[hdds-container-service-1.3.0-SNAPSHOT.jar:?]
	at org.apache.hadoop.ozone.container.common.transport.server.ratis.ContainerStateMachine.lambda$handleWriteChunk$1(ContainerStateMachine.java:455) ~[hdds-container-service-1.3.0-SNAPSHOT.jar:?]
	at java.util.concurrent.CompletableFuture$AsyncSupply.run(CompletableFuture.java:1604) [?:1.8.0_332]
	at java.util.concurrent.ThreadPoolExecutor.runWorker(ThreadPoolExecutor.java:1149) [?:1.8.0_332]
	at java.util.concurrent.ThreadPoolExecutor$Worker.run(ThreadPoolExecutor.java:624) [?:1.8.0_332]
	at java.lang.Thread.run(Thread.java:750) [?:1.8.0_332]
2022-06-15 07:34:49,970 [ChunkWriter-3-0] ERROR ratis.ContainerStateMachine (ContainerStateMachine.java:lambda$handleWriteChunk$2(483)) - group-3B2F8C1D572F: writeChunk writeStateMachineData failed: blockIdcontainerID: 7
localID: 109611004723200007
blockCommitSequenceId: 2
replicaIndex: 0
 logIndex 4 chunkName 109611004723200007_chunk_2 Error message: Chunks directory /home/runner/work/ozone/ozone/hadoop-ozone/integration-test/target/test-dir/MiniOzoneClusterImpl-589494f2-24de-4a8c-8650-9a890bc48d46/datanode-4/data-0/containers/hdds/589494f2-24de-4a8c-8650-9a890bc48d46/current/containerDir0/7/chunks does not exist. Container Result: UNABLE_TO_FIND_DATA_DIR
2022-06-15 07:34:49,972 [7bb1eb80-c113-41fd-8e62-543e67410fa1@group-3B2F8C1D572F-SegmentedRaftLogWorker] ERROR ratis.XceiverServerRatis (XceiverServerRatis.java:triggerPipelineClose(678)) - pipeline Action CLOSE on pipeline PipelineID=15bcf9bc-3b70-440f-bba8-3b2f8c1d572f.Reason : Chunks directory /home/runner/work/ozone/ozone/hadoop-ozone/integration-test/target/test-dir/MiniOzoneClusterImpl-589494f2-24de-4a8c-8650-9a890bc48d46/datanode-4/data-0/containers/hdds/589494f2-24de-4a8c-8650-9a890bc48d46/current/containerDir0/7/chunks does not exist.
2022-06-15 07:34:49,974 [EventQueue-PipelineActionsForPipelineActionHandler] INFO  pipeline.PipelineActionHandler (PipelineActionHandler.java:processPipelineAction(82)) - Received pipeline action CLOSE for PipelineID=15bcf9bc-3b70-440f-bba8-3b2f8c1d572f from datanode 7bb1eb80-c113-41fd-8e62-543e67410fa1. Reason : Chunks directory /home/runner/work/ozone/ozone/hadoop-ozone/integration-test/target/test-dir/MiniOzoneClusterImpl-589494f2-24de-4a8c-8650-9a890bc48d46/datanode-4/data-0/containers/hdds/589494f2-24de-4a8c-8650-9a890bc48d46/current/containerDir0/7/chunks does not exist.
2022-06-15 07:34:49,975 [EventQueue-PipelineActionsForPipelineActionHandler] INFO  pipeline.PipelineManagerImpl (PipelineManagerImpl.java:closeContainersForPipeline(409)) - Container #7 closed for pipeline=PipelineID=15bcf9bc-3b70-440f-bba8-3b2f8c1d572f
2022-06-15 07:34:49,976 [EventQueue-PipelineActionsForPipelineActionHandler] INFO  pipeline.PipelineManagerImpl (PipelineManagerImpl.java:closePipeline(430)) - Pipeline Pipeline[ Id: 15bcf9bc-3b70-440f-bba8-3b2f8c1d572f, Nodes: 7bb1eb80-c113-41fd-8e62-543e67410fa1{ip: 10.1.0.11, host: fv-az121-418.xhy4bhhdincepo0av04agjzkjc.cx.internal.cloudapp.net, ports: [REPLICATION=40617, RATIS=37245, RATIS_ADMIN=37245, RATIS_SERVER=37245, STANDALONE=41679], networkLocation: /default-rack, certSerialId: null, persistedOpState: IN_SERVICE, persistedOpStateExpiryEpochSec: 0}, ReplicationConfig: RATIS/ONE, State:OPEN, leaderId:7bb1eb80-c113-41fd-8e62-543e67410fa1, CreationTimestamp2022-06-15T07:33:55.223Z[Etc/UTC]] moved to CLOSED state
2022-06-15 07:34:49,976 [EventQueue-PipelineActionsForPipelineActionHandler] INFO  pipeline.RatisPipelineProvider (RatisPipelineProvider.java:lambda$close$1(244)) - Send pipeline:PipelineID=15bcf9bc-3b70-440f-bba8-3b2f8c1d572f close command to datanode 7bb1eb80-c113-41fd-8e62-543e67410fa1
2022-06-15 07:34:49,976 [EventQueue-PipelineActionsForPipelineActionHandler] INFO  pipeline.PipelineStateManagerImpl (PipelineStateManagerImpl.java:removePipeline(243)) - Pipeline Pipeline[ Id: 15bcf9bc-3b70-440f-bba8-3b2f8c1d572f, Nodes: 7bb1eb80-c113-41fd-8e62-543e67410fa1{ip: 10.1.0.11, host: fv-az121-418.xhy4bhhdincepo0av04agjzkjc.cx.internal.cloudapp.net, ports: [REPLICATION=40617, RATIS=37245, RATIS_ADMIN=37245, RATIS_SERVER=37245, STANDALONE=41679], networkLocation: /default-rack, certSerialId: null, persistedOpState: IN_SERVICE, persistedOpStateExpiryEpochSec: 0}, ReplicationConfig: RATIS/ONE, State:CLOSED, leaderId:7bb1eb80-c113-41fd-8e62-543e67410fa1, CreationTimestamp2022-06-15T07:33:55.223Z[Etc/UTC]] removed.
2022-06-15 07:34:49,975 [EventQueue-CloseContainerForCloseContainerEventHandler] INFO  container.CloseContainerEventHandler (CloseContainerEventHandler.java:onMessage(70)) - Close container Event triggered for container : #7
2022-06-15 07:34:49,976 [EventQueue-CloseContainerForCloseContainerEventHandler] INFO  container.CloseContainerEventHandler (CloseContainerEventHandler.java:onMessage(70)) - Close container Event triggered for container : #7
2022-06-15 07:34:50,027 [FixedThreadPoolWithAffinityExecutor-0-0] WARN  container.ContainerReportHandler (AbstractContainerReportHandler.java:updateContainerState(255)) - Container #4 is in OPEN state, but the datanode 2ba0c2a5-1748-4da9-81e4-5266296b4b8f{ip: 10.1.0.11, host: fv-az121-418.xhy4bhhdincepo0av04agjzkjc.cx.internal.cloudapp.net, ports: [REPLICATION=43041, RATIS=43465, RATIS_ADMIN=43465, RATIS_SERVER=43465, STANDALONE=43919], networkLocation: /default-rack, certSerialId: null, persistedOpState: IN_SERVICE, persistedOpStateExpiryEpochSec: 0} reports an CLOSED replica.
2022-06-15 07:34:50,088 [EventQueue-PipelineReportForPipelineReportHandler] INFO  pipeline.PipelineReportHandler (PipelineReportHandler.java:processPipelineReport(113)) - Reported pipeline PipelineID=83aa0ae5-c647-4842-ba01-114df2e904af is not found
2022-06-15 07:34:50,224 [FixedThreadPoolWithAffinityExecutor-0-0] WARN  container.ContainerReportHandler (AbstractContainerReportHandler.java:updateContainerState(255)) - Container #4 is in OPEN state, but the datanode 2ba0c2a5-1748-4da9-81e4-5266296b4b8f{ip: 10.1.0.11, host: fv-az121-418.xhy4bhhdincepo0av04agjzkjc.cx.internal.cloudapp.net, ports: [REPLICATION=43041, RATIS=43465, RATIS_ADMIN=43465, RATIS_SERVER=43465, STANDALONE=43919], networkLocation: /default-rack, certSerialId: null, persistedOpState: IN_SERVICE, persistedOpStateExpiryEpochSec: 0} reports an CLOSED replica.
2022-06-15 07:34:50,331 [grpc-default-executor-2] WARN  server.GrpcLogAppender (LogUtils.java:warn(122)) - b0a9d56e-b544-41cd-b2b1-b34d126127d5@group-DEDC8EEB63DA->543aeec3-c74a-41c2-8a93-8d529b3aabc8-AppendLogResponseHandler: Failed appendEntries: org.apache.ratis.thirdparty.io.grpc.StatusRuntimeException: UNAVAILABLE: io exception
2022-06-15 07:34:50,332 [grpc-default-executor-2] WARN  server.GrpcLogAppender (GrpcLogAppender.java:resetClient(111)) - b0a9d56e-b544-41cd-b2b1-b34d126127d5@group-DEDC8EEB63DA->543aeec3-c74a-41c2-8a93-8d529b3aabc8-GrpcLogAppender: Leader has not got in touch with Follower b0a9d56e-b544-41cd-b2b1-b34d126127d5@group-DEDC8EEB63DA->543aeec3-c74a-41c2-8a93-8d529b3aabc8(c0,m0,n1, attendVote=true, lastRpcSendTime=0, lastRpcResponseTime=7509) yet, just keep nextIndex unchanged and retry.
2022-06-15 07:34:50,367 [EventQueue-PipelineReportForPipelineReportHandler] INFO  pipeline.PipelineReportHandler (PipelineReportHandler.java:processPipelineReport(113)) - Reported pipeline PipelineID=83aa0ae5-c647-4842-ba01-114df2e904af is not found
2022-06-15 07:34:50,373 [EventQueue-PipelineReportForPipelineReportHandler] INFO  pipeline.PipelineReportHandler (PipelineReportHandler.java:processPipelineReport(113)) - Reported pipeline PipelineID=15bcf9bc-3b70-440f-bba8-3b2f8c1d572f is not found
2022-06-15 07:34:50,414 [grpc-default-executor-2] WARN  server.GrpcLogAppender (LogUtils.java:warn(122)) - b0a9d56e-b544-41cd-b2b1-b34d126127d5@group-114DF2E904AF->543aeec3-c74a-41c2-8a93-8d529b3aabc8-AppendLogResponseHandler: Failed appendEntries: org.apache.ratis.thirdparty.io.grpc.StatusRuntimeException: UNAVAILABLE: io exception
2022-06-15 07:34:50,415 [grpc-default-executor-2] WARN  server.GrpcLogAppender (GrpcLogAppender.java:resetClient(111)) - b0a9d56e-b544-41cd-b2b1-b34d126127d5@group-114DF2E904AF->543aeec3-c74a-41c2-8a93-8d529b3aabc8-GrpcLogAppender: Leader has not got in touch with Follower b0a9d56e-b544-41cd-b2b1-b34d126127d5@group-114DF2E904AF->543aeec3-c74a-41c2-8a93-8d529b3aabc8(c-1,m0,n12, attendVote=true, lastRpcSendTime=0, lastRpcResponseTime=7737) yet, just keep nextIndex unchanged and retry.
2022-06-15 07:34:50,424 [FixedThreadPoolWithAffinityExecutor-1-0] WARN  container.ContainerReportHandler (AbstractContainerReportHandler.java:updateContainerState(255)) - Container #4 is in OPEN state, but the datanode 2ba0c2a5-1748-4da9-81e4-5266296b4b8f{ip: 10.1.0.11, host: fv-az121-418.xhy4bhhdincepo0av04agjzkjc.cx.internal.cloudapp.net, ports: [REPLICATION=43041, RATIS=43465, RATIS_ADMIN=43465, RATIS_SERVER=43465, STANDALONE=43919], networkLocation: /default-rack, certSerialId: null, persistedOpState: IN_SERVICE, persistedOpStateExpiryEpochSec: 0} reports an CLOSED replica.
2022-06-15 07:34:50,494 [EventQueue-PipelineReportForPipelineReportHandler] INFO  pipeline.PipelineReportHandler (PipelineReportHandler.java:processPipelineReport(113)) - Reported pipeline PipelineID=83aa0ae5-c647-4842-ba01-114df2e904af is not found
2022-06-15 07:34:50,564 [EventQueue-PipelineReportForPipelineReportHandler] INFO  pipeline.PipelineReportHandler (PipelineReportHandler.java:processPipelineReport(113)) - Reported pipeline PipelineID=83aa0ae5-c647-4842-ba01-114df2e904af is not found
2022-06-15 07:34:50,611 [Command processor thread] INFO  server.RaftServer (RaftServerProxy.java:remove(107)) - 7bb1eb80-c113-41fd-8e62-543e67410fa1: remove    LEADER 7bb1eb80-c113-41fd-8e62-543e67410fa1@group-3B2F8C1D572F:t1, leader=7bb1eb80-c113-41fd-8e62-543e67410fa1, voted=7bb1eb80-c113-41fd-8e62-543e67410fa1, raftlog=7bb1eb80-c113-41fd-8e62-543e67410fa1@group-3B2F8C1D572F-SegmentedRaftLog:OPENED:c3, conf=0: [7bb1eb80-c113-41fd-8e62-543e67410fa1|rpc:10.1.0.11:37245|dataStream:|priority:1], old=null RUNNING
2022-06-15 07:34:50,611 [Command processor thread] INFO  server.RaftServer$Division (RaftServerImpl.java:lambda$close$4(434)) - 7bb1eb80-c113-41fd-8e62-543e67410fa1@group-3B2F8C1D572F: shutdown
2022-06-15 07:34:50,611 [Command processor thread] INFO  util.JmxRegister (JmxRegister.java:unregister(73)) - Successfully un-registered JMX Bean with object name Ratis:service=RaftServer,group=group-3B2F8C1D572F,id=7bb1eb80-c113-41fd-8e62-543e67410fa1
2022-06-15 07:34:50,611 [Command processor thread] INFO  impl.RoleInfo (RoleInfo.java:shutdownLeaderState(93)) - 7bb1eb80-c113-41fd-8e62-543e67410fa1: shutdown 7bb1eb80-c113-41fd-8e62-543e67410fa1@group-3B2F8C1D572F-LeaderStateImpl
2022-06-15 07:34:50,611 [Command processor thread] INFO  impl.PendingRequests (PendingRequests.java:sendNotLeaderResponses(282)) - 7bb1eb80-c113-41fd-8e62-543e67410fa1@group-3B2F8C1D572F-PendingRequests: sendNotLeaderResponses
2022-06-15 07:34:50,661 [Command processor thread] INFO  impl.StateMachineUpdater (StateMachineUpdater.java:stopAndJoin(153)) - 7bb1eb80-c113-41fd-8e62-543e67410fa1@group-3B2F8C1D572F-StateMachineUpdater: set stopIndex = 3
2022-06-15 07:34:50,662 [7bb1eb80-c113-41fd-8e62-543e67410fa1@group-3B2F8C1D572F-StateMachineUpdater] ERROR ratis.ContainerStateMachine (ContainerStateMachine.java:takeSnapshot(298)) - Failed to take snapshot  for group-3B2F8C1D572F as the stateMachine is unhealthy. The last applied index is at (t:1, i:3)
2022-06-15 07:34:50,662 [7bb1eb80-c113-41fd-8e62-543e67410fa1@group-3B2F8C1D572F-StateMachineUpdater] ERROR impl.StateMachineUpdater (StateMachineUpdater.java:takeSnapshot(282)) - 7bb1eb80-c113-41fd-8e62-543e67410fa1@group-3B2F8C1D572F-StateMachineUpdater: Failed to take snapshot
org.apache.ratis.protocol.exceptions.StateMachineException: Failed to take snapshot  for group-3B2F8C1D572F as the stateMachine is unhealthy. The last applied index is at (t:1, i:3)
	at org.apache.hadoop.ozone.container.common.transport.server.ratis.ContainerStateMachine.takeSnapshot(ContainerStateMachine.java:297)
	at org.apache.ratis.server.impl.StateMachineUpdater.takeSnapshot(StateMachineUpdater.java:270)
	at org.apache.ratis.server.impl.StateMachineUpdater.checkAndTakeSnapshot(StateMachineUpdater.java:262)
	at org.apache.ratis.server.impl.StateMachineUpdater.run(StateMachineUpdater.java:183)
	at java.lang.Thread.run(Thread.java:750)
2022-06-15 07:34:50,662 [7bb1eb80-c113-41fd-8e62-543e67410fa1@group-3B2F8C1D572F-StateMachineUpdater] ERROR ratis.ContainerStateMachine (ContainerStateMachine.java:takeSnapshot(298)) - Failed to take snapshot  for group-3B2F8C1D572F as the stateMachine is unhealthy. The last applied index is at (t:1, i:3)
2022-06-15 07:34:50,662 [7bb1eb80-c113-41fd-8e62-543e67410fa1@group-3B2F8C1D572F-StateMachineUpdater] ERROR impl.StateMachineUpdater (StateMachineUpdater.java:takeSnapshot(282)) - 7bb1eb80-c113-41fd-8e62-543e67410fa1@group-3B2F8C1D572F-StateMachineUpdater: Failed to take snapshot
org.apache.ratis.protocol.exceptions.StateMachineException: Failed to take snapshot  for group-3B2F8C1D572F as the stateMachine is unhealthy. The last applied index is at (t:1, i:3)
	at org.apache.hadoop.ozone.container.common.transport.server.ratis.ContainerStateMachine.takeSnapshot(ContainerStateMachine.java:297)
	at org.apache.ratis.server.impl.StateMachineUpdater.takeSnapshot(StateMachineUpdater.java:270)
	at org.apache.ratis.server.impl.StateMachineUpdater.checkAndTakeSnapshot(StateMachineUpdater.java:262)
	at org.apache.ratis.server.impl.StateMachineUpdater.run(StateMachineUpdater.java:186)
	at java.lang.Thread.run(Thread.java:750)
2022-06-15 07:34:50,663 [Command processor thread] INFO  server.RaftServer$Division (ServerState.java:close(429)) - 7bb1eb80-c113-41fd-8e62-543e67410fa1@group-3B2F8C1D572F: closes. applyIndex: 3
2022-06-15 07:34:50,664 [7bb1eb80-c113-41fd-8e62-543e67410fa1@group-3B2F8C1D572F-SegmentedRaftLogWorker] INFO  segmented.SegmentedRaftLogWorker (SegmentedRaftLogWorker.java:run(336)) - 7bb1eb80-c113-41fd-8e62-543e67410fa1@group-3B2F8C1D572F-SegmentedRaftLogWorker was interrupted, exiting. There are 0 tasks remaining in the queue.
2022-06-15 07:34:50,665 [Command processor thread] INFO  segmented.SegmentedRaftLogWorker (SegmentedRaftLogWorker.java:close(246)) - 7bb1eb80-c113-41fd-8e62-543e67410fa1@group-3B2F8C1D572F-SegmentedRaftLogWorker close()
2022-06-15 07:34:50,675 [Command processor thread] INFO  server.RaftServer$Division (RaftServerImpl.java:groupRemove(404)) - 7bb1eb80-c113-41fd-8e62-543e67410fa1@group-3B2F8C1D572F: Succeed to remove RaftStorageDirectory Storage Directory /home/runner/work/ozone/ozone/hadoop-ozone/integration-test/target/test-dir/MiniOzoneClusterImpl-589494f2-24de-4a8c-8650-9a890bc48d46/datanode-4/data/ratis/15bcf9bc-3b70-440f-bba8-3b2f8c1d572f
2022-06-15 07:34:50,676 [Command processor thread] INFO  commandhandler.ClosePipelineCommandHandler (ClosePipelineCommandHandler.java:handle(78)) - Close Pipeline PipelineID=15bcf9bc-3b70-440f-bba8-3b2f8c1d572f command on datanode 7bb1eb80-c113-41fd-8e62-543e67410fa1.
2022-06-15 07:34:50,825 [FixedThreadPoolWithAffinityExecutor-1-0] WARN  container.ContainerReportHandler (AbstractContainerReportHandler.java:updateContainerState(255)) - Container #4 is in OPEN state, but the datanode 2ba0c2a5-1748-4da9-81e4-5266296b4b8f{ip: 10.1.0.11, host: fv-az121-418.xhy4bhhdincepo0av04agjzkjc.cx.internal.cloudapp.net, ports: [REPLICATION=43041, RATIS=43465, RATIS_ADMIN=43465, RATIS_SERVER=43465, STANDALONE=43919], networkLocation: /default-rack, certSerialId: null, persistedOpState: IN_SERVICE, persistedOpStateExpiryEpochSec: 0} reports an CLOSED replica.
2022-06-15 07:34:50,894 [EventQueue-PipelineReportForPipelineReportHandler] INFO  pipeline.PipelineReportHandler (PipelineReportHandler.java:processPipelineReport(113)) - Reported pipeline PipelineID=83aa0ae5-c647-4842-ba01-114df2e904af is not found
2022-06-15 07:34:50,900 [java.util.concurrent.ThreadPoolExecutor$Worker@22a04103[State = -1, empty queue]] WARN  server.GrpcLogAppender (GrpcLogAppender.java:timeoutAppendRequest(239)) - b0a9d56e-b544-41cd-b2b1-b34d126127d5@group-114DF2E904AF->657a5ecd-0fe1-496e-aa3e-85dbaec35512-GrpcLogAppender:  appendEntries Timeout, request=AppendEntriesRequest:cid=1,entriesCount=1,lastEntry=(t:2, i:11)
2022-06-15 07:34:50,963 [EventQueue-PipelineReportForPipelineReportHandler] INFO  pipeline.PipelineReportHandler (PipelineReportHandler.java:processPipelineReport(113)) - Reported pipeline PipelineID=83aa0ae5-c647-4842-ba01-114df2e904af is not found
2022-06-15 07:34:51,026 [FixedThreadPoolWithAffinityExecutor-0-0] WARN  container.ContainerReportHandler (AbstractContainerReportHandler.java:updateContainerState(255)) - Container #4 is in OPEN state, but the datanode 2ba0c2a5-1748-4da9-81e4-5266296b4b8f{ip: 10.1.0.11, host: fv-az121-418.xhy4bhhdincepo0av04agjzkjc.cx.internal.cloudapp.net, ports: [REPLICATION=43041, RATIS=43465, RATIS_ADMIN=43465, RATIS_SERVER=43465, STANDALONE=43919], networkLocation: /default-rack, certSerialId: null, persistedOpState: IN_SERVICE, persistedOpStateExpiryEpochSec: 0} reports an CLOSED replica.
2022-06-15 07:34:51,091 [EventQueue-PipelineReportForPipelineReportHandler] INFO  pipeline.PipelineReportHandler (PipelineReportHandler.java:processPipelineReport(113)) - Reported pipeline PipelineID=83aa0ae5-c647-4842-ba01-114df2e904af is not found
2022-06-15 07:34:51,365 [EventQueue-PipelineReportForPipelineReportHandler] INFO  pipeline.PipelineReportHandler (PipelineReportHandler.java:processPipelineReport(113)) - Reported pipeline PipelineID=83aa0ae5-c647-4842-ba01-114df2e904af is not found
2022-06-15 07:34:51,427 [FixedThreadPoolWithAffinityExecutor-0-0] WARN  container.ContainerReportHandler (AbstractContainerReportHandler.java:updateContainerState(255)) - Container #4 is in OPEN state, but the datanode 2ba0c2a5-1748-4da9-81e4-5266296b4b8f{ip: 10.1.0.11, host: fv-az121-418.xhy4bhhdincepo0av04agjzkjc.cx.internal.cloudapp.net, ports: [REPLICATION=43041, RATIS=43465, RATIS_ADMIN=43465, RATIS_SERVER=43465, STANDALONE=43919], networkLocation: /default-rack, certSerialId: null, persistedOpState: IN_SERVICE, persistedOpStateExpiryEpochSec: 0} reports an CLOSED replica.
2022-06-15 07:34:51,489 [EventQueue-PipelineReportForPipelineReportHandler] INFO  pipeline.PipelineReportHandler (PipelineReportHandler.java:processPipelineReport(113)) - Reported pipeline PipelineID=83aa0ae5-c647-4842-ba01-114df2e904af is not found
2022-06-15 07:34:51,565 [EventQueue-PipelineReportForPipelineReportHandler] INFO  pipeline.PipelineReportHandler (PipelineReportHandler.java:processPipelineReport(113)) - Reported pipeline PipelineID=83aa0ae5-c647-4842-ba01-114df2e904af is not found
2022-06-15 07:34:51,582 [grpc-default-executor-3] WARN  server.GrpcLogAppender (LogUtils.java:warn(122)) - b0a9d56e-b544-41cd-b2b1-b34d126127d5@group-DEDC8EEB63DA->543aeec3-c74a-41c2-8a93-8d529b3aabc8-AppendLogResponseHandler: Failed appendEntries: org.apache.ratis.thirdparty.io.grpc.StatusRuntimeException: UNAVAILABLE: io exception
2022-06-15 07:34:51,583 [grpc-default-executor-3] WARN  server.GrpcLogAppender (GrpcLogAppender.java:resetClient(111)) - b0a9d56e-b544-41cd-b2b1-b34d126127d5@group-DEDC8EEB63DA->543aeec3-c74a-41c2-8a93-8d529b3aabc8-GrpcLogAppender: Leader has not got in touch with Follower b0a9d56e-b544-41cd-b2b1-b34d126127d5@group-DEDC8EEB63DA->543aeec3-c74a-41c2-8a93-8d529b3aabc8(c0,m0,n1, attendVote=true, lastRpcSendTime=1252, lastRpcResponseTime=8760) yet, just keep nextIndex unchanged and retry.
2022-06-15 07:34:51,664 [grpc-default-executor-3] WARN  server.GrpcLogAppender (LogUtils.java:warn(122)) - b0a9d56e-b544-41cd-b2b1-b34d126127d5@group-114DF2E904AF->543aeec3-c74a-41c2-8a93-8d529b3aabc8-AppendLogResponseHandler: Failed appendEntries: org.apache.ratis.thirdparty.io.grpc.StatusRuntimeException: UNAVAILABLE: io exception
2022-06-15 07:34:51,665 [grpc-default-executor-3] WARN  server.GrpcLogAppender (GrpcLogAppender.java:resetClient(111)) - b0a9d56e-b544-41cd-b2b1-b34d126127d5@group-114DF2E904AF->543aeec3-c74a-41c2-8a93-8d529b3aabc8-GrpcLogAppender: Leader has not got in touch with Follower b0a9d56e-b544-41cd-b2b1-b34d126127d5@group-114DF2E904AF->543aeec3-c74a-41c2-8a93-8d529b3aabc8(c-1,m0,n12, attendVote=true, lastRpcSendTime=1251, lastRpcResponseTime=8987) yet, just keep nextIndex unchanged and retry.
2022-06-15 07:34:51,689 [EventQueue-PipelineReportForPipelineReportHandler] INFO  pipeline.PipelineReportHandler (PipelineReportHandler.java:processPipelineReport(113)) - Reported pipeline PipelineID=83aa0ae5-c647-4842-ba01-114df2e904af is not found
2022-06-15 07:34:51,735 [EndpointStateMachine task thread for /0.0.0.0:42631 - 0 ] INFO  ozoneimpl.OzoneContainer (OzoneContainer.java:start(344)) - Attempting to start container services.
2022-06-15 07:34:51,735 [EndpointStateMachine task thread for /0.0.0.0:42631 - 0 ] INFO  ozoneimpl.OzoneContainer (OzoneContainer.java:startContainerScrub(279)) - Background container scanner has been disabled.
2022-06-15 07:34:51,740 [EndpointStateMachine task thread for /0.0.0.0:42631 - 0 ] INFO  replication.ReplicationServer (ReplicationServer.java:start(111)) - ReplicationServer is started using port 45171
2022-06-15 07:34:51,740 [EndpointStateMachine task thread for /0.0.0.0:42631 - 0 ] INFO  ratis.XceiverServerRatis (XceiverServerRatis.java:start(481)) - Starting XceiverServerRatis 543aeec3-c74a-41c2-8a93-8d529b3aabc8
2022-06-15 07:34:51,763 [EndpointStateMachine task thread for /0.0.0.0:42631 - 0 ] INFO  server.RaftServer (RaftServerProxy.java:lambda$start$6(382)) - 543aeec3-c74a-41c2-8a93-8d529b3aabc8: start RPC server
2022-06-15 07:34:51,768 [EndpointStateMachine task thread for /0.0.0.0:42631 - 0 ] INFO  server.GrpcService (GrpcService.java:startImpl(260)) - 543aeec3-c74a-41c2-8a93-8d529b3aabc8: GrpcService started, listening on 41193
2022-06-15 07:34:51,768 [EndpointStateMachine task thread for /0.0.0.0:42631 - 0 ] INFO  ratis.XceiverServerRatis (XceiverServerRatis.java:getRealPort(502)) - XceiverServerRatis 543aeec3-c74a-41c2-8a93-8d529b3aabc8 is started using port 41193 for RATIS
2022-06-15 07:34:51,768 [EndpointStateMachine task thread for /0.0.0.0:42631 - 0 ] INFO  ratis.XceiverServerRatis (XceiverServerRatis.java:getRealPort(502)) - XceiverServerRatis 543aeec3-c74a-41c2-8a93-8d529b3aabc8 is started using port 41193 for RATIS_ADMIN
2022-06-15 07:34:51,768 [EndpointStateMachine task thread for /0.0.0.0:42631 - 0 ] INFO  ratis.XceiverServerRatis (XceiverServerRatis.java:getRealPort(502)) - XceiverServerRatis 543aeec3-c74a-41c2-8a93-8d529b3aabc8 is started using port 41193 for RATIS_SERVER
2022-06-15 07:34:51,769 [org.apache.ratis.util.JvmPauseMonitor$$Lambda$681/1621678294@19ff5fa9] INFO  util.JvmPauseMonitor (JvmPauseMonitor.java:run(103)) - JvmPauseMonitor-543aeec3-c74a-41c2-8a93-8d529b3aabc8: Started
2022-06-15 07:34:51,826 [FixedThreadPoolWithAffinityExecutor-8-0] WARN  container.ContainerReportHandler (AbstractContainerReportHandler.java:updateContainerState(255)) - Container #4 is in OPEN state, but the datanode 2ba0c2a5-1748-4da9-81e4-5266296b4b8f{ip: 10.1.0.11, host: fv-az121-418.xhy4bhhdincepo0av04agjzkjc.cx.internal.cloudapp.net, ports: [REPLICATION=43041, RATIS=43465, RATIS_ADMIN=43465, RATIS_SERVER=43465, STANDALONE=43919], networkLocation: /default-rack, certSerialId: null, persistedOpState: IN_SERVICE, persistedOpStateExpiryEpochSec: 0} reports an CLOSED replica.
2022-06-15 07:34:51,890 [EventQueue-PipelineReportForPipelineReportHandler] INFO  pipeline.PipelineReportHandler (PipelineReportHandler.java:processPipelineReport(113)) - Reported pipeline PipelineID=83aa0ae5-c647-4842-ba01-114df2e904af is not found
2022-06-15 07:34:51,964 [EventQueue-PipelineReportForPipelineReportHandler] INFO  pipeline.PipelineReportHandler (PipelineReportHandler.java:processPipelineReport(113)) - Reported pipeline PipelineID=83aa0ae5-c647-4842-ba01-114df2e904af is not found
2022-06-15 07:34:52,026 [FixedThreadPoolWithAffinityExecutor-8-0] WARN  container.ContainerReportHandler (AbstractContainerReportHandler.java:updateContainerState(255)) - Container #4 is in OPEN state, but the datanode 2ba0c2a5-1748-4da9-81e4-5266296b4b8f{ip: 10.1.0.11, host: fv-az121-418.xhy4bhhdincepo0av04agjzkjc.cx.internal.cloudapp.net, ports: [REPLICATION=43041, RATIS=43465, RATIS_ADMIN=43465, RATIS_SERVER=43465, STANDALONE=43919], networkLocation: /default-rack, certSerialId: null, persistedOpState: IN_SERVICE, persistedOpStateExpiryEpochSec: 0} reports an CLOSED replica.
2022-06-15 07:34:52,089 [EventQueue-PipelineReportForPipelineReportHandler] INFO  pipeline.PipelineReportHandler (PipelineReportHandler.java:processPipelineReport(113)) - Reported pipeline PipelineID=83aa0ae5-c647-4842-ba01-114df2e904af is not found
2022-06-15 07:34:52,165 [EventQueue-PipelineReportForPipelineReportHandler] INFO  pipeline.PipelineReportHandler (PipelineReportHandler.java:processPipelineReport(113)) - Reported pipeline PipelineID=83aa0ae5-c647-4842-ba01-114df2e904af is not found
2022-06-15 07:34:52,365 [EventQueue-PipelineReportForPipelineReportHandler] INFO  pipeline.PipelineReportHandler (PipelineReportHandler.java:processPipelineReport(113)) - Reported pipeline PipelineID=83aa0ae5-c647-4842-ba01-114df2e904af is not found
2022-06-15 07:34:52,426 [FixedThreadPoolWithAffinityExecutor-1-0] WARN  container.ContainerReportHandler (AbstractContainerReportHandler.java:updateContainerState(255)) - Container #4 is in OPEN state, but the datanode 2ba0c2a5-1748-4da9-81e4-5266296b4b8f{ip: 10.1.0.11, host: fv-az121-418.xhy4bhhdincepo0av04agjzkjc.cx.internal.cloudapp.net, ports: [REPLICATION=43041, RATIS=43465, RATIS_ADMIN=43465, RATIS_SERVER=43465, STANDALONE=43919], networkLocation: /default-rack, certSerialId: null, persistedOpState: IN_SERVICE, persistedOpStateExpiryEpochSec: 0} reports an CLOSED replica.
2022-06-15 07:34:52,490 [EventQueue-PipelineReportForPipelineReportHandler] INFO  pipeline.PipelineReportHandler (PipelineReportHandler.java:processPipelineReport(113)) - Reported pipeline PipelineID=83aa0ae5-c647-4842-ba01-114df2e904af is not found
2022-06-15 07:34:52,565 [EventQueue-PipelineReportForPipelineReportHandler] INFO  pipeline.PipelineReportHandler (PipelineReportHandler.java:processPipelineReport(113)) - Reported pipeline PipelineID=83aa0ae5-c647-4842-ba01-114df2e904af is not found
2022-06-15 07:34:52,629 [FixedThreadPoolWithAffinityExecutor-1-0] WARN  container.ContainerReportHandler (AbstractContainerReportHandler.java:updateContainerState(255)) - Container #4 is in OPEN state, but the datanode 2ba0c2a5-1748-4da9-81e4-5266296b4b8f{ip: 10.1.0.11, host: fv-az121-418.xhy4bhhdincepo0av04agjzkjc.cx.internal.cloudapp.net, ports: [REPLICATION=43041, RATIS=43465, RATIS_ADMIN=43465, RATIS_SERVER=43465, STANDALONE=43919], networkLocation: /default-rack, certSerialId: null, persistedOpState: IN_SERVICE, persistedOpStateExpiryEpochSec: 0} reports an CLOSED replica.
2022-06-15 07:34:52,689 [EventQueue-PipelineReportForPipelineReportHandler] INFO  pipeline.PipelineReportHandler (PipelineReportHandler.java:processPipelineReport(113)) - Reported pipeline PipelineID=83aa0ae5-c647-4842-ba01-114df2e904af is not found
2022-06-15 07:34:52,890 [EventQueue-PipelineReportForPipelineReportHandler] INFO  pipeline.PipelineReportHandler (PipelineReportHandler.java:processPipelineReport(113)) - Reported pipeline PipelineID=83aa0ae5-c647-4842-ba01-114df2e904af is not found
2022-06-15 07:34:52,965 [EventQueue-PipelineReportForPipelineReportHandler] INFO  pipeline.PipelineReportHandler (PipelineReportHandler.java:processPipelineReport(113)) - Reported pipeline PipelineID=83aa0ae5-c647-4842-ba01-114df2e904af is not found
2022-06-15 07:34:53,027 [FixedThreadPoolWithAffinityExecutor-0-0] WARN  container.ContainerReportHandler (AbstractContainerReportHandler.java:updateContainerState(255)) - Container #4 is in OPEN state, but the datanode 2ba0c2a5-1748-4da9-81e4-5266296b4b8f{ip: 10.1.0.11, host: fv-az121-418.xhy4bhhdincepo0av04agjzkjc.cx.internal.cloudapp.net, ports: [REPLICATION=43041, RATIS=43465, RATIS_ADMIN=43465, RATIS_SERVER=43465, STANDALONE=43919], networkLocation: /default-rack, certSerialId: null, persistedOpState: IN_SERVICE, persistedOpStateExpiryEpochSec: 0} reports an CLOSED replica.
2022-06-15 07:34:53,090 [EventQueue-PipelineReportForPipelineReportHandler] INFO  pipeline.PipelineReportHandler (PipelineReportHandler.java:processPipelineReport(113)) - Reported pipeline PipelineID=83aa0ae5-c647-4842-ba01-114df2e904af is not found
2022-06-15 07:34:53,167 [EventQueue-PipelineReportForPipelineReportHandler] INFO  pipeline.PipelineReportHandler (PipelineReportHandler.java:processPipelineReport(113)) - Reported pipeline PipelineID=83aa0ae5-c647-4842-ba01-114df2e904af is not found
2022-06-15 07:34:53,429 [FixedThreadPoolWithAffinityExecutor-0-0] WARN  container.ContainerReportHandler (AbstractContainerReportHandler.java:updateContainerState(255)) - Container #4 is in OPEN state, but the datanode 2ba0c2a5-1748-4da9-81e4-5266296b4b8f{ip: 10.1.0.11, host: fv-az121-418.xhy4bhhdincepo0av04agjzkjc.cx.internal.cloudapp.net, ports: [REPLICATION=43041, RATIS=43465, RATIS_ADMIN=43465, RATIS_SERVER=43465, STANDALONE=43919], networkLocation: /default-rack, certSerialId: null, persistedOpState: IN_SERVICE, persistedOpStateExpiryEpochSec: 0} reports an CLOSED replica.
2022-06-15 07:34:53,489 [EventQueue-PipelineReportForPipelineReportHandler] INFO  pipeline.PipelineReportHandler (PipelineReportHandler.java:processPipelineReport(113)) - Reported pipeline PipelineID=83aa0ae5-c647-4842-ba01-114df2e904af is not found
2022-06-15 07:34:53,566 [EventQueue-PipelineReportForPipelineReportHandler] INFO  pipeline.PipelineReportHandler (PipelineReportHandler.java:processPipelineReport(113)) - Reported pipeline PipelineID=83aa0ae5-c647-4842-ba01-114df2e904af is not found
2022-06-15 07:34:53,626 [FixedThreadPoolWithAffinityExecutor-9-0] WARN  container.ContainerReportHandler (AbstractContainerReportHandler.java:updateContainerState(255)) - Container #4 is in OPEN state, but the datanode 2ba0c2a5-1748-4da9-81e4-5266296b4b8f{ip: 10.1.0.11, host: fv-az121-418.xhy4bhhdincepo0av04agjzkjc.cx.internal.cloudapp.net, ports: [REPLICATION=43041, RATIS=43465, RATIS_ADMIN=43465, RATIS_SERVER=43465, STANDALONE=43919], networkLocation: /default-rack, certSerialId: null, persistedOpState: IN_SERVICE, persistedOpStateExpiryEpochSec: 0} reports an CLOSED replica.
2022-06-15 07:34:53,690 [EventQueue-PipelineReportForPipelineReportHandler] INFO  pipeline.PipelineReportHandler (PipelineReportHandler.java:processPipelineReport(113)) - Reported pipeline PipelineID=83aa0ae5-c647-4842-ba01-114df2e904af is not found
2022-06-15 07:34:53,828 [FixedThreadPoolWithAffinityExecutor-0-0] WARN  container.ContainerReportHandler (AbstractContainerReportHandler.java:updateContainerState(255)) - Container #4 is in OPEN state, but the datanode 2ba0c2a5-1748-4da9-81e4-5266296b4b8f{ip: 10.1.0.11, host: fv-az121-418.xhy4bhhdincepo0av04agjzkjc.cx.internal.cloudapp.net, ports: [REPLICATION=43041, RATIS=43465, RATIS_ADMIN=43465, RATIS_SERVER=43465, STANDALONE=43919], networkLocation: /default-rack, certSerialId: null, persistedOpState: IN_SERVICE, persistedOpStateExpiryEpochSec: 0} reports an CLOSED replica.
2022-06-15 07:34:53,967 [EventQueue-PipelineReportForPipelineReportHandler] INFO  pipeline.PipelineReportHandler (PipelineReportHandler.java:processPipelineReport(113)) - Reported pipeline PipelineID=83aa0ae5-c647-4842-ba01-114df2e904af is not found
2022-06-15 07:34:54,091 [EventQueue-PipelineReportForPipelineReportHandler] INFO  pipeline.PipelineReportHandler (PipelineReportHandler.java:processPipelineReport(113)) - Reported pipeline PipelineID=83aa0ae5-c647-4842-ba01-114df2e904af is not found
2022-06-15 07:34:54,167 [EventQueue-PipelineReportForPipelineReportHandler] INFO  pipeline.PipelineReportHandler (PipelineReportHandler.java:processPipelineReport(113)) - Reported pipeline PipelineID=83aa0ae5-c647-4842-ba01-114df2e904af is not found
2022-06-15 07:34:54,227 [FixedThreadPoolWithAffinityExecutor-0-0] WARN  container.ContainerReportHandler (AbstractContainerReportHandler.java:updateContainerState(255)) - Container #4 is in OPEN state, but the datanode 2ba0c2a5-1748-4da9-81e4-5266296b4b8f{ip: 10.1.0.11, host: fv-az121-418.xhy4bhhdincepo0av04agjzkjc.cx.internal.cloudapp.net, ports: [REPLICATION=43041, RATIS=43465, RATIS_ADMIN=43465, RATIS_SERVER=43465, STANDALONE=43919], networkLocation: /default-rack, certSerialId: null, persistedOpState: IN_SERVICE, persistedOpStateExpiryEpochSec: 0} reports an CLOSED replica.
2022-06-15 07:34:54,292 [EventQueue-PipelineReportForPipelineReportHandler] INFO  pipeline.PipelineReportHandler (PipelineReportHandler.java:processPipelineReport(113)) - Reported pipeline PipelineID=83aa0ae5-c647-4842-ba01-114df2e904af is not found
2022-06-15 07:34:54,491 [EventQueue-PipelineReportForPipelineReportHandler] INFO  pipeline.PipelineReportHandler (PipelineReportHandler.java:processPipelineReport(113)) - Reported pipeline PipelineID=83aa0ae5-c647-4842-ba01-114df2e904af is not found
2022-06-15 07:34:54,568 [EventQueue-PipelineReportForPipelineReportHandler] INFO  pipeline.PipelineReportHandler (PipelineReportHandler.java:processPipelineReport(113)) - Reported pipeline PipelineID=83aa0ae5-c647-4842-ba01-114df2e904af is not found
2022-06-15 07:34:54,628 [FixedThreadPoolWithAffinityExecutor-8-0] WARN  container.ContainerReportHandler (AbstractContainerReportHandler.java:updateContainerState(255)) - Container #4 is in OPEN state, but the datanode 2ba0c2a5-1748-4da9-81e4-5266296b4b8f{ip: 10.1.0.11, host: fv-az121-418.xhy4bhhdincepo0av04agjzkjc.cx.internal.cloudapp.net, ports: [REPLICATION=43041, RATIS=43465, RATIS_ADMIN=43465, RATIS_SERVER=43465, STANDALONE=43919], networkLocation: /default-rack, certSerialId: null, persistedOpState: IN_SERVICE, persistedOpStateExpiryEpochSec: 0} reports an CLOSED replica.
2022-06-15 07:34:54,692 [EventQueue-PipelineReportForPipelineReportHandler] INFO  pipeline.PipelineReportHandler (PipelineReportHandler.java:processPipelineReport(113)) - Reported pipeline PipelineID=83aa0ae5-c647-4842-ba01-114df2e904af is not found
2022-06-15 07:34:54,829 [FixedThreadPoolWithAffinityExecutor-9-0] WARN  container.ContainerReportHandler (AbstractContainerReportHandler.java:updateContainerState(255)) - Container #4 is in OPEN state, but the datanode 2ba0c2a5-1748-4da9-81e4-5266296b4b8f{ip: 10.1.0.11, host: fv-az121-418.xhy4bhhdincepo0av04agjzkjc.cx.internal.cloudapp.net, ports: [REPLICATION=43041, RATIS=43465, RATIS_ADMIN=43465, RATIS_SERVER=43465, STANDALONE=43919], networkLocation: /default-rack, certSerialId: null, persistedOpState: IN_SERVICE, persistedOpStateExpiryEpochSec: 0} reports an CLOSED replica.
2022-06-15 07:34:54,968 [EventQueue-PipelineReportForPipelineReportHandler] INFO  pipeline.PipelineReportHandler (PipelineReportHandler.java:processPipelineReport(113)) - Reported pipeline PipelineID=83aa0ae5-c647-4842-ba01-114df2e904af is not found
2022-06-15 07:34:55,031 [FixedThreadPoolWithAffinityExecutor-0-0] WARN  container.ContainerReportHandler (AbstractContainerReportHandler.java:updateContainerState(255)) - Container #4 is in OPEN state, but the datanode 2ba0c2a5-1748-4da9-81e4-5266296b4b8f{ip: 10.1.0.11, host: fv-az121-418.xhy4bhhdincepo0av04agjzkjc.cx.internal.cloudapp.net, ports: [REPLICATION=43041, RATIS=43465, RATIS_ADMIN=43465, RATIS_SERVER=43465, STANDALONE=43919], networkLocation: /default-rack, certSerialId: null, persistedOpState: IN_SERVICE, persistedOpStateExpiryEpochSec: 0} reports an CLOSED replica.
2022-06-15 07:34:55,093 [EventQueue-PipelineReportForPipelineReportHandler] INFO  pipeline.PipelineReportHandler (PipelineReportHandler.java:processPipelineReport(113)) - Reported pipeline PipelineID=83aa0ae5-c647-4842-ba01-114df2e904af is not found
2022-06-15 07:34:55,168 [EventQueue-PipelineReportForPipelineReportHandler] INFO  pipeline.PipelineReportHandler (PipelineReportHandler.java:processPipelineReport(113)) - Reported pipeline PipelineID=83aa0ae5-c647-4842-ba01-114df2e904af is not found
2022-06-15 07:34:55,230 [FixedThreadPoolWithAffinityExecutor-9-0] WARN  container.ContainerReportHandler (AbstractContainerReportHandler.java:updateContainerState(255)) - Container #4 is in OPEN state, but the datanode 2ba0c2a5-1748-4da9-81e4-5266296b4b8f{ip: 10.1.0.11, host: fv-az121-418.xhy4bhhdincepo0av04agjzkjc.cx.internal.cloudapp.net, ports: [REPLICATION=43041, RATIS=43465, RATIS_ADMIN=43465, RATIS_SERVER=43465, STANDALONE=43919], networkLocation: /default-rack, certSerialId: null, persistedOpState: IN_SERVICE, persistedOpStateExpiryEpochSec: 0} reports an CLOSED replica.
2022-06-15 07:34:55,293 [EventQueue-PipelineReportForPipelineReportHandler] INFO  pipeline.PipelineReportHandler (PipelineReportHandler.java:processPipelineReport(113)) - Reported pipeline PipelineID=83aa0ae5-c647-4842-ba01-114df2e904af is not found
2022-06-15 07:34:55,568 [EventQueue-PipelineReportForPipelineReportHandler] INFO  pipeline.PipelineReportHandler (PipelineReportHandler.java:processPipelineReport(113)) - Reported pipeline PipelineID=83aa0ae5-c647-4842-ba01-114df2e904af is not found
2022-06-15 07:34:55,631 [FixedThreadPoolWithAffinityExecutor-1-0] WARN  container.ContainerReportHandler (AbstractContainerReportHandler.java:updateContainerState(255)) - Container #4 is in OPEN state, but the datanode 2ba0c2a5-1748-4da9-81e4-5266296b4b8f{ip: 10.1.0.11, host: fv-az121-418.xhy4bhhdincepo0av04agjzkjc.cx.internal.cloudapp.net, ports: [REPLICATION=43041, RATIS=43465, RATIS_ADMIN=43465, RATIS_SERVER=43465, STANDALONE=43919], networkLocation: /default-rack, certSerialId: null, persistedOpState: IN_SERVICE, persistedOpStateExpiryEpochSec: 0} reports an CLOSED replica.
2022-06-15 07:34:55,692 [EventQueue-PipelineReportForPipelineReportHandler] INFO  pipeline.PipelineReportHandler (PipelineReportHandler.java:processPipelineReport(113)) - Reported pipeline PipelineID=83aa0ae5-c647-4842-ba01-114df2e904af is not found
2022-06-15 07:34:55,843 [java.util.concurrent.ThreadPoolExecutor$Worker@e348e3[State = -1, empty queue]] WARN  server.GrpcLogAppender (GrpcLogAppender.java:timeoutAppendRequest(239)) - b0a9d56e-b544-41cd-b2b1-b34d126127d5@group-DEDC8EEB63DA->543aeec3-c74a-41c2-8a93-8d529b3aabc8-GrpcLogAppender: HEARTBEAT appendEntries Timeout, request=AppendEntriesRequest:cid=3170601,entriesCount=0,lastEntry=null
2022-06-15 07:34:55,892 [EventQueue-PipelineReportForPipelineReportHandler] INFO  pipeline.PipelineReportHandler (PipelineReportHandler.java:processPipelineReport(113)) - Reported pipeline PipelineID=83aa0ae5-c647-4842-ba01-114df2e904af is not found
2022-06-15 07:34:55,918 [java.util.concurrent.ThreadPoolExecutor$Worker@e348e3[State = -1, empty queue]] WARN  server.GrpcLogAppender (GrpcLogAppender.java:timeoutAppendRequest(239)) - b0a9d56e-b544-41cd-b2b1-b34d126127d5@group-114DF2E904AF->543aeec3-c74a-41c2-8a93-8d529b3aabc8-GrpcLogAppender: HEARTBEAT appendEntries Timeout, request=AppendEntriesRequest:cid=1036139,entriesCount=0,lastEntry=null
2022-06-15 07:34:55,968 [EventQueue-PipelineReportForPipelineReportHandler] INFO  pipeline.PipelineReportHandler (PipelineReportHandler.java:processPipelineReport(113)) - Reported pipeline PipelineID=83aa0ae5-c647-4842-ba01-114df2e904af is not found
2022-06-15 07:34:56,033 [FixedThreadPoolWithAffinityExecutor-1-0] WARN  container.ContainerReportHandler (AbstractContainerReportHandler.java:updateContainerState(255)) - Container #4 is in OPEN state, but the datanode 2ba0c2a5-1748-4da9-81e4-5266296b4b8f{ip: 10.1.0.11, host: fv-az121-418.xhy4bhhdincepo0av04agjzkjc.cx.internal.cloudapp.net, ports: [REPLICATION=43041, RATIS=43465, RATIS_ADMIN=43465, RATIS_SERVER=43465, STANDALONE=43919], networkLocation: /default-rack, certSerialId: null, persistedOpState: IN_SERVICE, persistedOpStateExpiryEpochSec: 0} reports an CLOSED replica.
2022-06-15 07:34:56,233 [FixedThreadPoolWithAffinityExecutor-1-0] WARN  container.ContainerReportHandler (AbstractContainerReportHandler.java:updateContainerState(255)) - Container #4 is in OPEN state, but the datanode 2ba0c2a5-1748-4da9-81e4-5266296b4b8f{ip: 10.1.0.11, host: fv-az121-418.xhy4bhhdincepo0av04agjzkjc.cx.internal.cloudapp.net, ports: [REPLICATION=43041, RATIS=43465, RATIS_ADMIN=43465, RATIS_SERVER=43465, STANDALONE=43919], networkLocation: /default-rack, certSerialId: null, persistedOpState: IN_SERVICE, persistedOpStateExpiryEpochSec: 0} reports an CLOSED replica.
2022-06-15 07:34:56,293 [EventQueue-PipelineReportForPipelineReportHandler] INFO  pipeline.PipelineReportHandler (PipelineReportHandler.java:processPipelineReport(113)) - Reported pipeline PipelineID=83aa0ae5-c647-4842-ba01-114df2e904af is not found
2022-06-15 07:34:56,368 [EventQueue-PipelineReportForPipelineReportHandler] INFO  pipeline.PipelineReportHandler (PipelineReportHandler.java:processPipelineReport(113)) - Reported pipeline PipelineID=83aa0ae5-c647-4842-ba01-114df2e904af is not found
2022-06-15 07:34:56,432 [FixedThreadPoolWithAffinityExecutor-9-0] WARN  container.ContainerReportHandler (AbstractContainerReportHandler.java:updateContainerState(255)) - Container #4 is in OPEN state, but the datanode 2ba0c2a5-1748-4da9-81e4-5266296b4b8f{ip: 10.1.0.11, host: fv-az121-418.xhy4bhhdincepo0av04agjzkjc.cx.internal.cloudapp.net, ports: [REPLICATION=43041, RATIS=43465, RATIS_ADMIN=43465, RATIS_SERVER=43465, STANDALONE=43919], networkLocation: /default-rack, certSerialId: null, persistedOpState: IN_SERVICE, persistedOpStateExpiryEpochSec: 0} reports an CLOSED replica.
2022-06-15 07:34:56,568 [EventQueue-PipelineReportForPipelineReportHandler] INFO  pipeline.PipelineReportHandler (PipelineReportHandler.java:processPipelineReport(113)) - Reported pipeline PipelineID=83aa0ae5-c647-4842-ba01-114df2e904af is not found
2022-06-15 07:34:56,632 [FixedThreadPoolWithAffinityExecutor-1-0] WARN  container.ContainerReportHandler (AbstractContainerReportHandler.java:updateContainerState(255)) - Container #4 is in OPEN state, but the datanode 2ba0c2a5-1748-4da9-81e4-5266296b4b8f{ip: 10.1.0.11, host: fv-az121-418.xhy4bhhdincepo0av04agjzkjc.cx.internal.cloudapp.net, ports: [REPLICATION=43041, RATIS=43465, RATIS_ADMIN=43465, RATIS_SERVER=43465, STANDALONE=43919], networkLocation: /default-rack, certSerialId: null, persistedOpState: IN_SERVICE, persistedOpStateExpiryEpochSec: 0} reports an CLOSED replica.
2022-06-15 07:34:56,693 [EventQueue-PipelineReportForPipelineReportHandler] INFO  pipeline.PipelineReportHandler (PipelineReportHandler.java:processPipelineReport(113)) - Reported pipeline PipelineID=83aa0ae5-c647-4842-ba01-114df2e904af is not found
2022-06-15 07:34:56,768 [EventQueue-PipelineReportForPipelineReportHandler] INFO  pipeline.PipelineReportHandler (PipelineReportHandler.java:processPipelineReport(113)) - Reported pipeline PipelineID=83aa0ae5-c647-4842-ba01-114df2e904af is not found
2022-06-15 07:34:57,032 [FixedThreadPoolWithAffinityExecutor-9-0] WARN  container.ContainerReportHandler (AbstractContainerReportHandler.java:updateContainerState(255)) - Container #4 is in OPEN state, but the datanode 2ba0c2a5-1748-4da9-81e4-5266296b4b8f{ip: 10.1.0.11, host: fv-az121-418.xhy4bhhdincepo0av04agjzkjc.cx.internal.cloudapp.net, ports: [REPLICATION=43041, RATIS=43465, RATIS_ADMIN=43465, RATIS_SERVER=43465, STANDALONE=43919], networkLocation: /default-rack, certSerialId: null, persistedOpState: IN_SERVICE, persistedOpStateExpiryEpochSec: 0} reports an CLOSED replica.
2022-06-15 07:34:57,093 [EventQueue-PipelineReportForPipelineReportHandler] INFO  pipeline.PipelineReportHandler (PipelineReportHandler.java:processPipelineReport(113)) - Reported pipeline PipelineID=83aa0ae5-c647-4842-ba01-114df2e904af is not found
2022-06-15 07:34:57,094 [java.util.concurrent.ThreadPoolExecutor$Worker@14853643[State = -1, empty queue]] WARN  server.GrpcLogAppender (GrpcLogAppender.java:timeoutAppendRequest(239)) - b0a9d56e-b544-41cd-b2b1-b34d126127d5@group-DEDC8EEB63DA->543aeec3-c74a-41c2-8a93-8d529b3aabc8-GrpcLogAppender: HEARTBEAT appendEntries Timeout, request=AppendEntriesRequest:cid=3170602,entriesCount=0,lastEntry=null
2022-06-15 07:34:57,168 [EventQueue-PipelineReportForPipelineReportHandler] INFO  pipeline.PipelineReportHandler (PipelineReportHandler.java:processPipelineReport(113)) - Reported pipeline PipelineID=83aa0ae5-c647-4842-ba01-114df2e904af is not found
2022-06-15 07:34:57,172 [java.util.concurrent.ThreadPoolExecutor$Worker@14853643[State = -1, empty queue]] WARN  server.GrpcLogAppender (GrpcLogAppender.java:timeoutAppendRequest(239)) - b0a9d56e-b544-41cd-b2b1-b34d126127d5@group-114DF2E904AF->543aeec3-c74a-41c2-8a93-8d529b3aabc8-GrpcLogAppender: HEARTBEAT appendEntries Timeout, request=AppendEntriesRequest:cid=1036263,entriesCount=0,lastEntry=null
2022-06-15 07:34:57,293 [EventQueue-PipelineReportForPipelineReportHandler] INFO  pipeline.PipelineReportHandler (PipelineReportHandler.java:processPipelineReport(113)) - Reported pipeline PipelineID=83aa0ae5-c647-4842-ba01-114df2e904af is not found
2022-06-15 07:34:57,369 [EventQueue-PipelineReportForPipelineReportHandler] INFO  pipeline.PipelineReportHandler (PipelineReportHandler.java:processPipelineReport(113)) - Reported pipeline PipelineID=83aa0ae5-c647-4842-ba01-114df2e904af is not found
2022-06-15 07:34:57,432 [FixedThreadPoolWithAffinityExecutor-8-0] WARN  container.ContainerReportHandler (AbstractContainerReportHandler.java:updateContainerState(255)) - Container #4 is in OPEN state, but the datanode 2ba0c2a5-1748-4da9-81e4-5266296b4b8f{ip: 10.1.0.11, host: fv-az121-418.xhy4bhhdincepo0av04agjzkjc.cx.internal.cloudapp.net, ports: [REPLICATION=43041, RATIS=43465, RATIS_ADMIN=43465, RATIS_SERVER=43465, STANDALONE=43919], networkLocation: /default-rack, certSerialId: null, persistedOpState: IN_SERVICE, persistedOpStateExpiryEpochSec: 0} reports an CLOSED replica.
2022-06-15 07:34:57,494 [EventQueue-PipelineReportForPipelineReportHandler] INFO  pipeline.PipelineReportHandler (PipelineReportHandler.java:processPipelineReport(113)) - Reported pipeline PipelineID=83aa0ae5-c647-4842-ba01-114df2e904af is not found
2022-06-15 07:34:57,571 [EventQueue-PipelineReportForPipelineReportHandler] INFO  pipeline.PipelineReportHandler (PipelineReportHandler.java:processPipelineReport(113)) - Reported pipeline PipelineID=83aa0ae5-c647-4842-ba01-114df2e904af is not found
2022-06-15 07:34:57,833 [FixedThreadPoolWithAffinityExecutor-8-0] WARN  container.ContainerReportHandler (AbstractContainerReportHandler.java:updateContainerState(255)) - Container #4 is in OPEN state, but the datanode 2ba0c2a5-1748-4da9-81e4-5266296b4b8f{ip: 10.1.0.11, host: fv-az121-418.xhy4bhhdincepo0av04agjzkjc.cx.internal.cloudapp.net, ports: [REPLICATION=43041, RATIS=43465, RATIS_ADMIN=43465, RATIS_SERVER=43465, STANDALONE=43919], networkLocation: /default-rack, certSerialId: null, persistedOpState: IN_SERVICE, persistedOpStateExpiryEpochSec: 0} reports an CLOSED replica.
2022-06-15 07:34:57,894 [EventQueue-PipelineReportForPipelineReportHandler] INFO  pipeline.PipelineReportHandler (PipelineReportHandler.java:processPipelineReport(113)) - Reported pipeline PipelineID=83aa0ae5-c647-4842-ba01-114df2e904af is not found
2022-06-15 07:34:57,968 [EventQueue-PipelineReportForPipelineReportHandler] INFO  pipeline.PipelineReportHandler (PipelineReportHandler.java:processPipelineReport(113)) - Reported pipeline PipelineID=83aa0ae5-c647-4842-ba01-114df2e904af is not found
2022-06-15 07:34:58,171 [EventQueue-PipelineReportForPipelineReportHandler] INFO  pipeline.PipelineReportHandler (PipelineReportHandler.java:processPipelineReport(113)) - Reported pipeline PipelineID=83aa0ae5-c647-4842-ba01-114df2e904af is not found
2022-06-15 07:34:58,233 [FixedThreadPoolWithAffinityExecutor-0-0] WARN  container.ContainerReportHandler (AbstractContainerReportHandler.java:updateContainerState(255)) - Container #4 is in OPEN state, but the datanode 2ba0c2a5-1748-4da9-81e4-5266296b4b8f{ip: 10.1.0.11, host: fv-az121-418.xhy4bhhdincepo0av04agjzkjc.cx.internal.cloudapp.net, ports: [REPLICATION=43041, RATIS=43465, RATIS_ADMIN=43465, RATIS_SERVER=43465, STANDALONE=43919], networkLocation: /default-rack, certSerialId: null, persistedOpState: IN_SERVICE, persistedOpStateExpiryEpochSec: 0} reports an CLOSED replica.
2022-06-15 07:34:58,294 [EventQueue-PipelineReportForPipelineReportHandler] INFO  pipeline.PipelineReportHandler (PipelineReportHandler.java:processPipelineReport(113)) - Reported pipeline PipelineID=83aa0ae5-c647-4842-ba01-114df2e904af is not found
2022-06-15 07:34:58,345 [java.util.concurrent.ThreadPoolExecutor$Worker@14853643[State = -1, empty queue]] WARN  server.GrpcLogAppender (GrpcLogAppender.java:timeoutAppendRequest(239)) - b0a9d56e-b544-41cd-b2b1-b34d126127d5@group-DEDC8EEB63DA->543aeec3-c74a-41c2-8a93-8d529b3aabc8-GrpcLogAppender: HEARTBEAT appendEntries Timeout, request=AppendEntriesRequest:cid=3170603,entriesCount=0,lastEntry=null
2022-06-15 07:34:58,419 [java.util.concurrent.ThreadPoolExecutor$Worker@14853643[State = -1, empty queue]] WARN  server.GrpcLogAppender (GrpcLogAppender.java:timeoutAppendRequest(239)) - b0a9d56e-b544-41cd-b2b1-b34d126127d5@group-114DF2E904AF->543aeec3-c74a-41c2-8a93-8d529b3aabc8-GrpcLogAppender: HEARTBEAT appendEntries Timeout, request=AppendEntriesRequest:cid=1036384,entriesCount=0,lastEntry=null
2022-06-15 07:34:58,433 [FixedThreadPoolWithAffinityExecutor-8-0] WARN  container.ContainerReportHandler (AbstractContainerReportHandler.java:updateContainerState(255)) - Container #4 is in OPEN state, but the datanode 2ba0c2a5-1748-4da9-81e4-5266296b4b8f{ip: 10.1.0.11, host: fv-az121-418.xhy4bhhdincepo0av04agjzkjc.cx.internal.cloudapp.net, ports: [REPLICATION=43041, RATIS=43465, RATIS_ADMIN=43465, RATIS_SERVER=43465, STANDALONE=43919], networkLocation: /default-rack, certSerialId: null, persistedOpState: IN_SERVICE, persistedOpStateExpiryEpochSec: 0} reports an CLOSED replica.
2022-06-15 07:34:58,495 [EventQueue-PipelineReportForPipelineReportHandler] INFO  pipeline.PipelineReportHandler (PipelineReportHandler.java:processPipelineReport(113)) - Reported pipeline PipelineID=83aa0ae5-c647-4842-ba01-114df2e904af is not found
2022-06-15 07:34:58,570 [EventQueue-PipelineReportForPipelineReportHandler] INFO  pipeline.PipelineReportHandler (PipelineReportHandler.java:processPipelineReport(113)) - Reported pipeline PipelineID=83aa0ae5-c647-4842-ba01-114df2e904af is not found
2022-06-15 07:34:58,720 [java.util.concurrent.ThreadPoolExecutor$Worker@14853643[State = -1, empty queue]] ERROR impl.OrderedAsync (OrderedAsync.java:lambda$send$4(175)) - Failed to send request, message=cmdType: WriteChunk
traceID: ""
containerID: 7
datanodeUuid: "7bb1eb80-c113-41fd-8e62-543e67410fa1"
writeChunk {
  blockID {
    containerID: 7
    localID: 109611004723200007
    blockCommitSequenceId: 2
    replicaIndex: 0
  }
  chunkData {
    chunkName: "109611004723200007_chunk_2"
    offset: 5
    len: 5
    checksumData {
      type: CRC32
      bytesPerChecksum: 1048576
      checksums: "\350a\3440"
    }
  }
}
, data.size=5
java.util.concurrent.CompletionException: org.apache.ratis.protocol.exceptions.GroupMismatchException: 7bb1eb80-c113-41fd-8e62-543e67410fa1: group-3B2F8C1D572F not found.
	at java.util.concurrent.CompletableFuture.encodeThrowable(CompletableFuture.java:292)
	at java.util.concurrent.CompletableFuture.completeThrowable(CompletableFuture.java:308)
	at java.util.concurrent.CompletableFuture.uniApply(CompletableFuture.java:607)
	at java.util.concurrent.CompletableFuture$UniApply.tryFire(CompletableFuture.java:591)
	at java.util.concurrent.CompletableFuture.postComplete(CompletableFuture.java:488)
	at java.util.concurrent.CompletableFuture.completeExceptionally(CompletableFuture.java:1990)
	at org.apache.ratis.client.impl.OrderedAsync$PendingOrderedRequest.fail(OrderedAsync.java:104)
	at org.apache.ratis.util.SlidingWindow$Client.fail(SlidingWindow.java:364)
	at org.apache.ratis.client.impl.OrderedAsync.failAllAsyncRequests(OrderedAsync.java:148)
	at org.apache.ratis.client.impl.OrderedAsync.lambda$sendRequest$10(OrderedAsync.java:269)
	at java.util.concurrent.CompletableFuture.uniExceptionally(CompletableFuture.java:884)
	at java.util.concurrent.CompletableFuture.uniExceptionallyStage(CompletableFuture.java:898)
	at java.util.concurrent.CompletableFuture.exceptionally(CompletableFuture.java:2209)
	at org.apache.ratis.client.impl.OrderedAsync.sendRequest(OrderedAsync.java:247)
	at org.apache.ratis.client.impl.OrderedAsync.sendRequestWithRetry(OrderedAsync.java:194)
	at org.apache.ratis.util.SlidingWindow$Client.sendOrDelayRequest(SlidingWindow.java:280)
	at org.apache.ratis.util.SlidingWindow$Client.retry(SlidingWindow.java:296)
	at org.apache.ratis.client.impl.OrderedAsync.lambda$scheduleWithTimeout$7(OrderedAsync.java:228)
	at org.apache.ratis.util.TimeoutScheduler.lambda$onTimeout$0(TimeoutScheduler.java:141)
	at org.apache.ratis.util.TimeoutScheduler.lambda$onTimeout$1(TimeoutScheduler.java:155)
	at org.apache.ratis.util.LogUtils.runAndLog(LogUtils.java:38)
	at org.apache.ratis.util.LogUtils$1.run(LogUtils.java:79)
	at java.util.concurrent.Executors$RunnableAdapter.call(Executors.java:511)
	at java.util.concurrent.FutureTask.run(FutureTask.java:266)
	at java.util.concurrent.ScheduledThreadPoolExecutor$ScheduledFutureTask.access$201(ScheduledThreadPoolExecutor.java:180)
	at java.util.concurrent.ScheduledThreadPoolExecutor$ScheduledFutureTask.run(ScheduledThreadPoolExecutor.java:293)
	at java.util.concurrent.ThreadPoolExecutor.runWorker(ThreadPoolExecutor.java:1149)
	at java.util.concurrent.ThreadPoolExecutor$Worker.run(ThreadPoolExecutor.java:624)
	at java.lang.Thread.run(Thread.java:750)
Caused by: org.apache.ratis.protocol.exceptions.GroupMismatchException: 7bb1eb80-c113-41fd-8e62-543e67410fa1: group-3B2F8C1D572F not found.
	at org.apache.ratis.server.impl.RaftServerProxy$ImplMap.get(RaftServerProxy.java:148)
	at org.apache.ratis.server.impl.RaftServerProxy.getImplFuture(RaftServerProxy.java:347)
	at org.apache.ratis.server.impl.RaftServerProxy.submitClientRequestAsync(RaftServerProxy.java:424)
	at org.apache.ratis.grpc.server.GrpcClientProtocolService$RequestStreamObserver.processClientRequest(GrpcClientProtocolService.java:226)
	at org.apache.ratis.grpc.server.GrpcClientProtocolService$OrderedRequestStreamObserver.processClientRequest(GrpcClientProtocolService.java:332)
	at org.apache.ratis.util.SlidingWindow$Server.processRequestsFromHead(SlidingWindow.java:431)
	at org.apache.ratis.util.SlidingWindow$Server.receivedRequest(SlidingWindow.java:423)
	at org.apache.ratis.grpc.server.GrpcClientProtocolService$OrderedRequestStreamObserver.processClientRequest(GrpcClientProtocolService.java:356)
	at org.apache.ratis.grpc.server.GrpcClientProtocolService$RequestStreamObserver.onNext(GrpcClientProtocolService.java:246)
	at org.apache.ratis.grpc.server.GrpcClientProtocolService$RequestStreamObserver.onNext(GrpcClientProtocolService.java:169)
	at org.apache.ratis.thirdparty.io.grpc.stub.ServerCalls$StreamingServerCallHandler$StreamingServerCallListener.onMessage(ServerCalls.java:262)
	at org.apache.ratis.thirdparty.io.grpc.ForwardingServerCallListener.onMessage(ForwardingServerCallListener.java:33)
	at org.apache.ratis.thirdparty.io.grpc.internal.ServerCallImpl$ServerStreamListenerImpl.messagesAvailableInternal(ServerCallImpl.java:318)
	at org.apache.ratis.thirdparty.io.grpc.internal.ServerCallImpl$ServerStreamListenerImpl.messagesAvailable(ServerCallImpl.java:301)
	at org.apache.ratis.thirdparty.io.grpc.internal.ServerImpl$JumpToApplicationThreadServerStreamListener$1MessagesAvailable.runInContext(ServerImpl.java:834)
	at org.apache.ratis.thirdparty.io.grpc.internal.ContextRunnable.run(ContextRunnable.java:37)
	at org.apache.ratis.thirdparty.io.grpc.internal.SerializingExecutor.run(SerializingExecutor.java:133)
	... 3 more
2022-06-15 07:34:58,734 [java.util.concurrent.ThreadPoolExecutor$Worker@14853643[State = -1, empty queue]] ERROR impl.OrderedAsync (OrderedAsync.java:lambda$send$4(175)) - Failed to send request, message=cmdType: PutBlock
traceID: ""
containerID: 7
datanodeUuid: "7bb1eb80-c113-41fd-8e62-543e67410fa1"
putBlock {
  blockData {
    blockID {
      containerID: 7
      localID: 109611004723200007
      blockCommitSequenceId: 0
    }
    metadata {
      key: "TYPE"
      value: "KEY"
    }
    chunks {
      chunkName: "109611004723200007_chunk_1"
      offset: 0
      len: 5
      checksumData {
        type: CRC32
        bytesPerChecksum: 1048576
        checksums: "\350a\3440"
      }
    }
    chunks {
      chunkName: "109611004723200007_chunk_2"
      offset: 5
      len: 5
      checksumData {
        type: CRC32
        bytesPerChecksum: 1048576
        checksums: "\350a\3440"
      }
    }
  }
  eof: true
}
, data.size=0
java.util.concurrent.CompletionException: org.apache.ratis.protocol.exceptions.AlreadyClosedException: SlidingWindow$Client:client-B70A4330CD20->RAFT is closed.
	at java.util.concurrent.CompletableFuture.encodeThrowable(CompletableFuture.java:292)
	at java.util.concurrent.CompletableFuture.completeThrowable(CompletableFuture.java:308)
	at java.util.concurrent.CompletableFuture.uniApply(CompletableFuture.java:607)
	at java.util.concurrent.CompletableFuture$UniApply.tryFire(CompletableFuture.java:591)
	at java.util.concurrent.CompletableFuture.postComplete(CompletableFuture.java:488)
	at java.util.concurrent.CompletableFuture.completeExceptionally(CompletableFuture.java:1990)
	at org.apache.ratis.client.impl.OrderedAsync$PendingOrderedRequest.fail(OrderedAsync.java:104)
	at org.apache.ratis.util.SlidingWindow$Client.alreadyClosed(SlidingWindow.java:378)
	at org.apache.ratis.util.SlidingWindow$Client.fail(SlidingWindow.java:366)
	at org.apache.ratis.client.impl.OrderedAsync.failAllAsyncRequests(OrderedAsync.java:148)
	at org.apache.ratis.client.impl.OrderedAsync.lambda$sendRequest$10(OrderedAsync.java:269)
	at java.util.concurrent.CompletableFuture.uniExceptionally(CompletableFuture.java:884)
	at java.util.concurrent.CompletableFuture.uniExceptionallyStage(CompletableFuture.java:898)
	at java.util.concurrent.CompletableFuture.exceptionally(CompletableFuture.java:2209)
	at org.apache.ratis.client.impl.OrderedAsync.sendRequest(OrderedAsync.java:247)
	at org.apache.ratis.client.impl.OrderedAsync.sendRequestWithRetry(OrderedAsync.java:194)
	at org.apache.ratis.util.SlidingWindow$Client.sendOrDelayRequest(SlidingWindow.java:280)
	at org.apache.ratis.util.SlidingWindow$Client.retry(SlidingWindow.java:296)
	at org.apache.ratis.client.impl.OrderedAsync.lambda$scheduleWithTimeout$7(OrderedAsync.java:228)
	at org.apache.ratis.util.TimeoutScheduler.lambda$onTimeout$0(TimeoutScheduler.java:141)
	at org.apache.ratis.util.TimeoutScheduler.lambda$onTimeout$1(TimeoutScheduler.java:155)
	at org.apache.ratis.util.LogUtils.runAndLog(LogUtils.java:38)
	at org.apache.ratis.util.LogUtils$1.run(LogUtils.java:79)
	at java.util.concurrent.Executors$RunnableAdapter.call(Executors.java:511)
	at java.util.concurrent.FutureTask.run(FutureTask.java:266)
	at java.util.concurrent.ScheduledThreadPoolExecutor$ScheduledFutureTask.access$201(ScheduledThreadPoolExecutor.java:180)
	at java.util.concurrent.ScheduledThreadPoolExecutor$ScheduledFutureTask.run(ScheduledThreadPoolExecutor.java:293)
	at java.util.concurrent.ThreadPoolExecutor.runWorker(ThreadPoolExecutor.java:1149)
	at java.util.concurrent.ThreadPoolExecutor$Worker.run(ThreadPoolExecutor.java:624)
	at java.lang.Thread.run(Thread.java:750)
Caused by: org.apache.ratis.protocol.exceptions.AlreadyClosedException: SlidingWindow$Client:client-B70A4330CD20->RAFT is closed.
	... 23 more
Caused by: org.apache.ratis.protocol.exceptions.GroupMismatchException: 7bb1eb80-c113-41fd-8e62-543e67410fa1: group-3B2F8C1D572F not found.
	at org.apache.ratis.server.impl.RaftServerProxy$ImplMap.get(RaftServerProxy.java:148)
	at org.apache.ratis.server.impl.RaftServerProxy.getImplFuture(RaftServerProxy.java:347)
	at org.apache.ratis.server.impl.RaftServerProxy.submitClientRequestAsync(RaftServerProxy.java:424)
	at org.apache.ratis.grpc.server.GrpcClientProtocolService$RequestStreamObserver.processClientRequest(GrpcClientProtocolService.java:226)
	at org.apache.ratis.grpc.server.GrpcClientProtocolService$OrderedRequestStreamObserver.processClientRequest(GrpcClientProtocolService.java:332)
	at org.apache.ratis.util.SlidingWindow$Server.processRequestsFromHead(SlidingWindow.java:431)
	at org.apache.ratis.util.SlidingWindow$Server.receivedRequest(SlidingWindow.java:423)
	at org.apache.ratis.grpc.server.GrpcClientProtocolService$OrderedRequestStreamObserver.processClientRequest(GrpcClientProtocolService.java:356)
	at org.apache.ratis.grpc.server.GrpcClientProtocolService$RequestStreamObserver.onNext(GrpcClientProtocolService.java:246)
	at org.apache.ratis.grpc.server.GrpcClientProtocolService$RequestStreamObserver.onNext(GrpcClientProtocolService.java:169)
	at org.apache.ratis.thirdparty.io.grpc.stub.ServerCalls$StreamingServerCallHandler$StreamingServerCallListener.onMessage(ServerCalls.java:262)
	at org.apache.ratis.thirdparty.io.grpc.ForwardingServerCallListener.onMessage(ForwardingServerCallListener.java:33)
	at org.apache.ratis.thirdparty.io.grpc.internal.ServerCallImpl$ServerStreamListenerImpl.messagesAvailableInternal(ServerCallImpl.java:318)
	at org.apache.ratis.thirdparty.io.grpc.internal.ServerCallImpl$ServerStreamListenerImpl.messagesAvailable(ServerCallImpl.java:301)
	at org.apache.ratis.thirdparty.io.grpc.internal.ServerImpl$JumpToApplicationThreadServerStreamListener$1MessagesAvailable.runInContext(ServerImpl.java:834)
	at org.apache.ratis.thirdparty.io.grpc.internal.ContextRunnable.run(ContextRunnable.java:37)
	at org.apache.ratis.thirdparty.io.grpc.internal.SerializingExecutor.run(SerializingExecutor.java:133)
	... 3 more
2022-06-15 07:34:58,748 [Listener at 127.0.0.1/34461] WARN  io.KeyOutputStream (KeyOutputStream.java:handleException(309)) - Encountered exception java.io.IOException: Unexpected Storage Container Exception: java.util.concurrent.CompletionException: Failed to write chunk 109611004723200007_chunk_2 into block conID: 7 locID: 109611004723200007 bcsId: 2 on the pipeline Pipeline[ Id: 15bcf9bc-3b70-440f-bba8-3b2f8c1d572f, Nodes: 7bb1eb80-c113-41fd-8e62-543e67410fa1{ip: 10.1.0.11, host: fv-az121-418.xhy4bhhdincepo0av04agjzkjc.cx.internal.cloudapp.net, ports: [REPLICATION=40617, RATIS=37245, RATIS_ADMIN=37245, RATIS_SERVER=37245, STANDALONE=41679], networkLocation: /default-rack, certSerialId: null, persistedOpState: IN_SERVICE, persistedOpStateExpiryEpochSec: 0}, ReplicationConfig: RATIS/ONE, State:OPEN, leaderId:7bb1eb80-c113-41fd-8e62-543e67410fa1, CreationTimestamp2022-06-15T07:33:55.223Z[Etc/UTC]]. The last committed block length is 5, uncommitted data length is 5 retry count 0
2022-06-15 07:34:58,770 [EventQueue-PipelineReportForPipelineReportHandler] INFO  pipeline.PipelineReportHandler (PipelineReportHandler.java:processPipelineReport(113)) - Reported pipeline PipelineID=83aa0ae5-c647-4842-ba01-114df2e904af is not found
2022-06-15 07:34:58,834 [FixedThreadPoolWithAffinityExecutor-0-0] WARN  container.ContainerReportHandler (AbstractContainerReportHandler.java:updateContainerState(255)) - Container #4 is in OPEN state, but the datanode 2ba0c2a5-1748-4da9-81e4-5266296b4b8f{ip: 10.1.0.11, host: fv-az121-418.xhy4bhhdincepo0av04agjzkjc.cx.internal.cloudapp.net, ports: [REPLICATION=43041, RATIS=43465, RATIS_ADMIN=43465, RATIS_SERVER=43465, STANDALONE=43919], networkLocation: /default-rack, certSerialId: null, persistedOpState: IN_SERVICE, persistedOpStateExpiryEpochSec: 0} reports an CLOSED replica.
2022-06-15 07:34:58,895 [EventQueue-PipelineReportForPipelineReportHandler] INFO  pipeline.PipelineReportHandler (PipelineReportHandler.java:processPipelineReport(113)) - Reported pipeline PipelineID=83aa0ae5-c647-4842-ba01-114df2e904af is not found
2022-06-15 07:34:58,971 [EventQueue-PipelineReportForPipelineReportHandler] INFO  pipeline.PipelineReportHandler (PipelineReportHandler.java:processPipelineReport(113)) - Reported pipeline PipelineID=83aa0ae5-c647-4842-ba01-114df2e904af is not found
2022-06-15 07:34:59,033 [FixedThreadPoolWithAffinityExecutor-1-0] WARN  container.ContainerReportHandler (AbstractContainerReportHandler.java:updateContainerState(255)) - Container #4 is in OPEN state, but the datanode 2ba0c2a5-1748-4da9-81e4-5266296b4b8f{ip: 10.1.0.11, host: fv-az121-418.xhy4bhhdincepo0av04agjzkjc.cx.internal.cloudapp.net, ports: [REPLICATION=43041, RATIS=43465, RATIS_ADMIN=43465, RATIS_SERVER=43465, STANDALONE=43919], networkLocation: /default-rack, certSerialId: null, persistedOpState: IN_SERVICE, persistedOpStateExpiryEpochSec: 0} reports an CLOSED replica.
2022-06-15 07:34:59,095 [EventQueue-PipelineReportForPipelineReportHandler] INFO  pipeline.PipelineReportHandler (PipelineReportHandler.java:processPipelineReport(113)) - Reported pipeline PipelineID=83aa0ae5-c647-4842-ba01-114df2e904af is not found
2022-06-15 07:34:59,172 [EventQueue-PipelineReportForPipelineReportHandler] INFO  pipeline.PipelineReportHandler (PipelineReportHandler.java:processPipelineReport(113)) - Reported pipeline PipelineID=83aa0ae5-c647-4842-ba01-114df2e904af is not found
2022-06-15 07:34:59,295 [EventQueue-PipelineReportForPipelineReportHandler] INFO  pipeline.PipelineReportHandler (PipelineReportHandler.java:processPipelineReport(113)) - Reported pipeline PipelineID=83aa0ae5-c647-4842-ba01-114df2e904af is not found
2022-06-15 07:34:59,437 [FixedThreadPoolWithAffinityExecutor-9-0] WARN  container.ContainerReportHandler (AbstractContainerReportHandler.java:updateContainerState(255)) - Container #4 is in OPEN state, but the datanode 2ba0c2a5-1748-4da9-81e4-5266296b4b8f{ip: 10.1.0.11, host: fv-az121-418.xhy4bhhdincepo0av04agjzkjc.cx.internal.cloudapp.net, ports: [REPLICATION=43041, RATIS=43465, RATIS_ADMIN=43465, RATIS_SERVER=43465, STANDALONE=43919], networkLocation: /default-rack, certSerialId: null, persistedOpState: IN_SERVICE, persistedOpStateExpiryEpochSec: 0} reports an CLOSED replica.
2022-06-15 07:34:59,572 [EventQueue-PipelineReportForPipelineReportHandler] INFO  pipeline.PipelineReportHandler (PipelineReportHandler.java:processPipelineReport(113)) - Reported pipeline PipelineID=83aa0ae5-c647-4842-ba01-114df2e904af is not found
2022-06-15 07:34:59,596 [java.util.concurrent.ThreadPoolExecutor$Worker@14853643[State = -1, empty queue]] WARN  server.GrpcLogAppender (GrpcLogAppender.java:timeoutAppendRequest(239)) - b0a9d56e-b544-41cd-b2b1-b34d126127d5@group-DEDC8EEB63DA->543aeec3-c74a-41c2-8a93-8d529b3aabc8-GrpcLogAppender: HEARTBEAT appendEntries Timeout, request=AppendEntriesRequest:cid=3170604,entriesCount=0,lastEntry=null
2022-06-15 07:34:59,670 [java.util.concurrent.ThreadPoolExecutor$Worker@14853643[State = -1, empty queue]] WARN  server.GrpcLogAppender (GrpcLogAppender.java:timeoutAppendRequest(239)) - b0a9d56e-b544-41cd-b2b1-b34d126127d5@group-114DF2E904AF->543aeec3-c74a-41c2-8a93-8d529b3aabc8-GrpcLogAppender: HEARTBEAT appendEntries Timeout, request=AppendEntriesRequest:cid=1036508,entriesCount=0,lastEntry=null
2022-06-15 07:34:59,696 [EventQueue-PipelineReportForPipelineReportHandler] INFO  pipeline.PipelineReportHandler (PipelineReportHandler.java:processPipelineReport(113)) - Reported pipeline PipelineID=83aa0ae5-c647-4842-ba01-114df2e904af is not found
2022-06-15 07:34:59,836 [FixedThreadPoolWithAffinityExecutor-0-0] WARN  container.ContainerReportHandler (AbstractContainerReportHandler.java:updateContainerState(255)) - Container #4 is in OPEN state, but the datanode 2ba0c2a5-1748-4da9-81e4-5266296b4b8f{ip: 10.1.0.11, host: fv-az121-418.xhy4bhhdincepo0av04agjzkjc.cx.internal.cloudapp.net, ports: [REPLICATION=43041, RATIS=43465, RATIS_ADMIN=43465, RATIS_SERVER=43465, STANDALONE=43919], networkLocation: /default-rack, certSerialId: null, persistedOpState: IN_SERVICE, persistedOpStateExpiryEpochSec: 0} reports an CLOSED replica.
2022-06-15 07:34:59,895 [EventQueue-PipelineReportForPipelineReportHandler] INFO  pipeline.PipelineReportHandler (PipelineReportHandler.java:processPipelineReport(113)) - Reported pipeline PipelineID=83aa0ae5-c647-4842-ba01-114df2e904af is not found
2022-06-15 07:34:59,973 [EventQueue-PipelineReportForPipelineReportHandler] INFO  pipeline.PipelineReportHandler (PipelineReportHandler.java:processPipelineReport(113)) - Reported pipeline PipelineID=83aa0ae5-c647-4842-ba01-114df2e904af is not found
2022-06-15 07:35:00,236 [FixedThreadPoolWithAffinityExecutor-0-0] WARN  container.ContainerReportHandler (AbstractContainerReportHandler.java:updateContainerState(255)) - Container #4 is in OPEN state, but the datanode 2ba0c2a5-1748-4da9-81e4-5266296b4b8f{ip: 10.1.0.11, host: fv-az121-418.xhy4bhhdincepo0av04agjzkjc.cx.internal.cloudapp.net, ports: [REPLICATION=43041, RATIS=43465, RATIS_ADMIN=43465, RATIS_SERVER=43465, STANDALONE=43919], networkLocation: /default-rack, certSerialId: null, persistedOpState: IN_SERVICE, persistedOpStateExpiryEpochSec: 0} reports an CLOSED replica.
2022-06-15 07:35:00,295 [EventQueue-PipelineReportForPipelineReportHandler] INFO  pipeline.PipelineReportHandler (PipelineReportHandler.java:processPipelineReport(113)) - Reported pipeline PipelineID=83aa0ae5-c647-4842-ba01-114df2e904af is not found
2022-06-15 07:35:00,372 [EventQueue-PipelineReportForPipelineReportHandler] INFO  pipeline.PipelineReportHandler (PipelineReportHandler.java:processPipelineReport(113)) - Reported pipeline PipelineID=83aa0ae5-c647-4842-ba01-114df2e904af is not found
2022-06-15 07:35:00,436 [FixedThreadPoolWithAffinityExecutor-8-0] WARN  container.ContainerReportHandler (AbstractContainerReportHandler.java:updateContainerState(255)) - Container #4 is in OPEN state, but the datanode 2ba0c2a5-1748-4da9-81e4-5266296b4b8f{ip: 10.1.0.11, host: fv-az121-418.xhy4bhhdincepo0av04agjzkjc.cx.internal.cloudapp.net, ports: [REPLICATION=43041, RATIS=43465, RATIS_ADMIN=43465, RATIS_SERVER=43465, STANDALONE=43919], networkLocation: /default-rack, certSerialId: null, persistedOpState: IN_SERVICE, persistedOpStateExpiryEpochSec: 0} reports an CLOSED replica.
2022-06-15 07:35:00,572 [EventQueue-PipelineReportForPipelineReportHandler] INFO  pipeline.PipelineReportHandler (PipelineReportHandler.java:processPipelineReport(113)) - Reported pipeline PipelineID=83aa0ae5-c647-4842-ba01-114df2e904af is not found
2022-06-15 07:35:00,637 [FixedThreadPoolWithAffinityExecutor-0-0] WARN  container.ContainerReportHandler (AbstractContainerReportHandler.java:updateContainerState(255)) - Container #4 is in OPEN state, but the datanode 2ba0c2a5-1748-4da9-81e4-5266296b4b8f{ip: 10.1.0.11, host: fv-az121-418.xhy4bhhdincepo0av04agjzkjc.cx.internal.cloudapp.net, ports: [REPLICATION=43041, RATIS=43465, RATIS_ADMIN=43465, RATIS_SERVER=43465, STANDALONE=43919], networkLocation: /default-rack, certSerialId: null, persistedOpState: IN_SERVICE, persistedOpStateExpiryEpochSec: 0} reports an CLOSED replica.
2022-06-15 07:35:00,695 [EventQueue-PipelineReportForPipelineReportHandler] INFO  pipeline.PipelineReportHandler (PipelineReportHandler.java:processPipelineReport(113)) - Reported pipeline PipelineID=83aa0ae5-c647-4842-ba01-114df2e904af is not found
2022-06-15 07:35:00,847 [java.util.concurrent.ThreadPoolExecutor$Worker@14853643[State = -1, empty queue]] WARN  server.GrpcLogAppender (GrpcLogAppender.java:timeoutAppendRequest(239)) - b0a9d56e-b544-41cd-b2b1-b34d126127d5@group-DEDC8EEB63DA->543aeec3-c74a-41c2-8a93-8d529b3aabc8-GrpcLogAppender: HEARTBEAT appendEntries Timeout, request=AppendEntriesRequest:cid=3170605,entriesCount=0,lastEntry=null
2022-06-15 07:35:00,895 [EventQueue-PipelineReportForPipelineReportHandler] INFO  pipeline.PipelineReportHandler (PipelineReportHandler.java:processPipelineReport(113)) - Reported pipeline PipelineID=83aa0ae5-c647-4842-ba01-114df2e904af is not found
2022-06-15 07:35:00,921 [java.util.concurrent.ThreadPoolExecutor$Worker@14853643[State = -1, empty queue]] WARN  server.GrpcLogAppender (GrpcLogAppender.java:timeoutAppendRequest(239)) - b0a9d56e-b544-41cd-b2b1-b34d126127d5@group-114DF2E904AF->543aeec3-c74a-41c2-8a93-8d529b3aabc8-GrpcLogAppender: HEARTBEAT appendEntries Timeout, request=AppendEntriesRequest:cid=1036632,entriesCount=0,lastEntry=null
2022-06-15 07:35:00,973 [EventQueue-PipelineReportForPipelineReportHandler] INFO  pipeline.PipelineReportHandler (PipelineReportHandler.java:processPipelineReport(113)) - Reported pipeline PipelineID=83aa0ae5-c647-4842-ba01-114df2e904af is not found
2022-06-15 07:35:01,037 [FixedThreadPoolWithAffinityExecutor-1-0] WARN  container.ContainerReportHandler (AbstractContainerReportHandler.java:updateContainerState(255)) - Container #4 is in OPEN state, but the datanode 2ba0c2a5-1748-4da9-81e4-5266296b4b8f{ip: 10.1.0.11, host: fv-az121-418.xhy4bhhdincepo0av04agjzkjc.cx.internal.cloudapp.net, ports: [REPLICATION=43041, RATIS=43465, RATIS_ADMIN=43465, RATIS_SERVER=43465, STANDALONE=43919], networkLocation: /default-rack, certSerialId: null, persistedOpState: IN_SERVICE, persistedOpStateExpiryEpochSec: 0} reports an CLOSED replica.
2022-06-15 07:35:01,173 [EventQueue-PipelineReportForPipelineReportHandler] INFO  pipeline.PipelineReportHandler (PipelineReportHandler.java:processPipelineReport(113)) - Reported pipeline PipelineID=83aa0ae5-c647-4842-ba01-114df2e904af is not found
2022-06-15 07:35:01,295 [EventQueue-PipelineReportForPipelineReportHandler] INFO  pipeline.PipelineReportHandler (PipelineReportHandler.java:processPipelineReport(113)) - Reported pipeline PipelineID=83aa0ae5-c647-4842-ba01-114df2e904af is not found
2022-06-15 07:35:01,437 [FixedThreadPoolWithAffinityExecutor-9-0] WARN  container.ContainerReportHandler (AbstractContainerReportHandler.java:updateContainerState(255)) - Container #4 is in OPEN state, but the datanode 2ba0c2a5-1748-4da9-81e4-5266296b4b8f{ip: 10.1.0.11, host: fv-az121-418.xhy4bhhdincepo0av04agjzkjc.cx.internal.cloudapp.net, ports: [REPLICATION=43041, RATIS=43465, RATIS_ADMIN=43465, RATIS_SERVER=43465, STANDALONE=43919], networkLocation: /default-rack, certSerialId: null, persistedOpState: IN_SERVICE, persistedOpStateExpiryEpochSec: 0} reports an CLOSED replica.
2022-06-15 07:35:01,572 [EventQueue-PipelineReportForPipelineReportHandler] INFO  pipeline.PipelineReportHandler (PipelineReportHandler.java:processPipelineReport(113)) - Reported pipeline PipelineID=83aa0ae5-c647-4842-ba01-114df2e904af is not found
2022-06-15 07:35:01,637 [FixedThreadPoolWithAffinityExecutor-0-0] WARN  container.ContainerReportHandler (AbstractContainerReportHandler.java:updateContainerState(255)) - Container #4 is in OPEN state, but the datanode 2ba0c2a5-1748-4da9-81e4-5266296b4b8f{ip: 10.1.0.11, host: fv-az121-418.xhy4bhhdincepo0av04agjzkjc.cx.internal.cloudapp.net, ports: [REPLICATION=43041, RATIS=43465, RATIS_ADMIN=43465, RATIS_SERVER=43465, STANDALONE=43919], networkLocation: /default-rack, certSerialId: null, persistedOpState: IN_SERVICE, persistedOpStateExpiryEpochSec: 0} reports an CLOSED replica.
2022-06-15 07:35:01,696 [EventQueue-PipelineReportForPipelineReportHandler] INFO  pipeline.PipelineReportHandler (PipelineReportHandler.java:processPipelineReport(113)) - Reported pipeline PipelineID=83aa0ae5-c647-4842-ba01-114df2e904af is not found
2022-06-15 07:35:01,772 [EventQueue-PipelineReportForPipelineReportHandler] INFO  pipeline.PipelineReportHandler (PipelineReportHandler.java:processPipelineReport(113)) - Reported pipeline PipelineID=83aa0ae5-c647-4842-ba01-114df2e904af is not found
2022-06-15 07:35:01,837 [FixedThreadPoolWithAffinityExecutor-1-0] WARN  container.ContainerReportHandler (AbstractContainerReportHandler.java:updateContainerState(255)) - Container #4 is in OPEN state, but the datanode 2ba0c2a5-1748-4da9-81e4-5266296b4b8f{ip: 10.1.0.11, host: fv-az121-418.xhy4bhhdincepo0av04agjzkjc.cx.internal.cloudapp.net, ports: [REPLICATION=43041, RATIS=43465, RATIS_ADMIN=43465, RATIS_SERVER=43465, STANDALONE=43919], networkLocation: /default-rack, certSerialId: null, persistedOpState: IN_SERVICE, persistedOpStateExpiryEpochSec: 0} reports an CLOSED replica.
2022-06-15 07:35:01,972 [EventQueue-PipelineReportForPipelineReportHandler] INFO  pipeline.PipelineReportHandler (PipelineReportHandler.java:processPipelineReport(113)) - Reported pipeline PipelineID=83aa0ae5-c647-4842-ba01-114df2e904af is not found
2022-06-15 07:35:02,096 [EventQueue-PipelineReportForPipelineReportHandler] INFO  pipeline.PipelineReportHandler (PipelineReportHandler.java:processPipelineReport(113)) - Reported pipeline PipelineID=83aa0ae5-c647-4842-ba01-114df2e904af is not found
2022-06-15 07:35:02,098 [java.util.concurrent.ThreadPoolExecutor$Worker@53bd48cc[State = -1, empty queue]] WARN  server.GrpcLogAppender (GrpcLogAppender.java:timeoutAppendRequest(239)) - b0a9d56e-b544-41cd-b2b1-b34d126127d5@group-DEDC8EEB63DA->543aeec3-c74a-41c2-8a93-8d529b3aabc8-GrpcLogAppender: HEARTBEAT appendEntries Timeout, request=AppendEntriesRequest:cid=3170606,entriesCount=0,lastEntry=null
2022-06-15 07:35:02,172 [java.util.concurrent.ThreadPoolExecutor$Worker@53bd48cc[State = -1, empty queue]] WARN  server.GrpcLogAppender (GrpcLogAppender.java:timeoutAppendRequest(239)) - b0a9d56e-b544-41cd-b2b1-b34d126127d5@group-114DF2E904AF->543aeec3-c74a-41c2-8a93-8d529b3aabc8-GrpcLogAppender: HEARTBEAT appendEntries Timeout, request=AppendEntriesRequest:cid=1036752,entriesCount=0,lastEntry=null
2022-06-15 07:35:02,173 [EventQueue-PipelineReportForPipelineReportHandler] INFO  pipeline.PipelineReportHandler (PipelineReportHandler.java:processPipelineReport(113)) - Reported pipeline PipelineID=83aa0ae5-c647-4842-ba01-114df2e904af is not found
2022-06-15 07:35:02,237 [FixedThreadPoolWithAffinityExecutor-0-0] WARN  container.ContainerReportHandler (AbstractContainerReportHandler.java:updateContainerState(255)) - Container #4 is in OPEN state, but the datanode 2ba0c2a5-1748-4da9-81e4-5266296b4b8f{ip: 10.1.0.11, host: fv-az121-418.xhy4bhhdincepo0av04agjzkjc.cx.internal.cloudapp.net, ports: [REPLICATION=43041, RATIS=43465, RATIS_ADMIN=43465, RATIS_SERVER=43465, STANDALONE=43919], networkLocation: /default-rack, certSerialId: null, persistedOpState: IN_SERVICE, persistedOpStateExpiryEpochSec: 0} reports an CLOSED replica.
2022-06-15 07:35:02,296 [EventQueue-PipelineReportForPipelineReportHandler] INFO  pipeline.PipelineReportHandler (PipelineReportHandler.java:processPipelineReport(113)) - Reported pipeline PipelineID=83aa0ae5-c647-4842-ba01-114df2e904af is not found
2022-06-15 07:35:02,573 [EventQueue-PipelineReportForPipelineReportHandler] INFO  pipeline.PipelineReportHandler (PipelineReportHandler.java:processPipelineReport(113)) - Reported pipeline PipelineID=83aa0ae5-c647-4842-ba01-114df2e904af is not found
2022-06-15 07:35:02,638 [FixedThreadPoolWithAffinityExecutor-0-0] WARN  container.ContainerReportHandler (AbstractContainerReportHandler.java:updateContainerState(255)) - Container #4 is in OPEN state, but the datanode 2ba0c2a5-1748-4da9-81e4-5266296b4b8f{ip: 10.1.0.11, host: fv-az121-418.xhy4bhhdincepo0av04agjzkjc.cx.internal.cloudapp.net, ports: [REPLICATION=43041, RATIS=43465, RATIS_ADMIN=43465, RATIS_SERVER=43465, STANDALONE=43919], networkLocation: /default-rack, certSerialId: null, persistedOpState: IN_SERVICE, persistedOpStateExpiryEpochSec: 0} reports an CLOSED replica.
2022-06-15 07:35:02,695 [EventQueue-PipelineReportForPipelineReportHandler] INFO  pipeline.PipelineReportHandler (PipelineReportHandler.java:processPipelineReport(113)) - Reported pipeline PipelineID=83aa0ae5-c647-4842-ba01-114df2e904af is not found
2022-06-15 07:35:02,838 [FixedThreadPoolWithAffinityExecutor-1-0] WARN  container.ContainerReportHandler (AbstractContainerReportHandler.java:updateContainerState(255)) - Container #4 is in OPEN state, but the datanode 2ba0c2a5-1748-4da9-81e4-5266296b4b8f{ip: 10.1.0.11, host: fv-az121-418.xhy4bhhdincepo0av04agjzkjc.cx.internal.cloudapp.net, ports: [REPLICATION=43041, RATIS=43465, RATIS_ADMIN=43465, RATIS_SERVER=43465, STANDALONE=43919], networkLocation: /default-rack, certSerialId: null, persistedOpState: IN_SERVICE, persistedOpStateExpiryEpochSec: 0} reports an CLOSED replica.
2022-06-15 07:35:02,895 [EventQueue-PipelineReportForPipelineReportHandler] INFO  pipeline.PipelineReportHandler (PipelineReportHandler.java:processPipelineReport(113)) - Reported pipeline PipelineID=83aa0ae5-c647-4842-ba01-114df2e904af is not found
2022-06-15 07:35:02,973 [EventQueue-PipelineReportForPipelineReportHandler] INFO  pipeline.PipelineReportHandler (PipelineReportHandler.java:processPipelineReport(113)) - Reported pipeline PipelineID=83aa0ae5-c647-4842-ba01-114df2e904af is not found
2022-06-15 07:35:03,095 [EventQueue-PipelineReportForPipelineReportHandler] INFO  pipeline.PipelineReportHandler (PipelineReportHandler.java:processPipelineReport(113)) - Reported pipeline PipelineID=83aa0ae5-c647-4842-ba01-114df2e904af is not found
2022-06-15 07:35:03,173 [EventQueue-PipelineReportForPipelineReportHandler] INFO  pipeline.PipelineReportHandler (PipelineReportHandler.java:processPipelineReport(113)) - Reported pipeline PipelineID=83aa0ae5-c647-4842-ba01-114df2e904af is not found
2022-06-15 07:35:03,237 [FixedThreadPoolWithAffinityExecutor-1-0] WARN  container.ContainerReportHandler (AbstractContainerReportHandler.java:updateContainerState(255)) - Container #4 is in OPEN state, but the datanode 2ba0c2a5-1748-4da9-81e4-5266296b4b8f{ip: 10.1.0.11, host: fv-az121-418.xhy4bhhdincepo0av04agjzkjc.cx.internal.cloudapp.net, ports: [REPLICATION=43041, RATIS=43465, RATIS_ADMIN=43465, RATIS_SERVER=43465, STANDALONE=43919], networkLocation: /default-rack, certSerialId: null, persistedOpState: IN_SERVICE, persistedOpStateExpiryEpochSec: 0} reports an CLOSED replica.
2022-06-15 07:35:03,348 [java.util.concurrent.ThreadPoolExecutor$Worker@53bd48cc[State = -1, empty queue]] WARN  server.GrpcLogAppender (GrpcLogAppender.java:timeoutAppendRequest(239)) - b0a9d56e-b544-41cd-b2b1-b34d126127d5@group-DEDC8EEB63DA->543aeec3-c74a-41c2-8a93-8d529b3aabc8-GrpcLogAppender: HEARTBEAT appendEntries Timeout, request=AppendEntriesRequest:cid=3170607,entriesCount=0,lastEntry=null
2022-06-15 07:35:03,373 [EventQueue-PipelineReportForPipelineReportHandler] INFO  pipeline.PipelineReportHandler (PipelineReportHandler.java:processPipelineReport(113)) - Reported pipeline PipelineID=83aa0ae5-c647-4842-ba01-114df2e904af is not found
2022-06-15 07:35:03,422 [java.util.concurrent.ThreadPoolExecutor$Worker@53bd48cc[State = -1, empty queue]] WARN  server.GrpcLogAppender (GrpcLogAppender.java:timeoutAppendRequest(239)) - b0a9d56e-b544-41cd-b2b1-b34d126127d5@group-114DF2E904AF->543aeec3-c74a-41c2-8a93-8d529b3aabc8-GrpcLogAppender: HEARTBEAT appendEntries Timeout, request=AppendEntriesRequest:cid=1036874,entriesCount=0,lastEntry=null
2022-06-15 07:35:03,437 [FixedThreadPoolWithAffinityExecutor-0-0] WARN  container.ContainerReportHandler (AbstractContainerReportHandler.java:updateContainerState(255)) - Container #4 is in OPEN state, but the datanode 2ba0c2a5-1748-4da9-81e4-5266296b4b8f{ip: 10.1.0.11, host: fv-az121-418.xhy4bhhdincepo0av04agjzkjc.cx.internal.cloudapp.net, ports: [REPLICATION=43041, RATIS=43465, RATIS_ADMIN=43465, RATIS_SERVER=43465, STANDALONE=43919], networkLocation: /default-rack, certSerialId: null, persistedOpState: IN_SERVICE, persistedOpStateExpiryEpochSec: 0} reports an CLOSED replica.
2022-06-15 07:35:03,496 [EventQueue-PipelineReportForPipelineReportHandler] INFO  pipeline.PipelineReportHandler (PipelineReportHandler.java:processPipelineReport(113)) - Reported pipeline PipelineID=83aa0ae5-c647-4842-ba01-114df2e904af is not found
2022-06-15 07:35:03,774 [EventQueue-PipelineReportForPipelineReportHandler] INFO  pipeline.PipelineReportHandler (PipelineReportHandler.java:processPipelineReport(113)) - Reported pipeline PipelineID=83aa0ae5-c647-4842-ba01-114df2e904af is not found
2022-06-15 07:35:03,837 [FixedThreadPoolWithAffinityExecutor-8-0] WARN  container.ContainerReportHandler (AbstractContainerReportHandler.java:updateContainerState(255)) - Container #4 is in OPEN state, but the datanode 2ba0c2a5-1748-4da9-81e4-5266296b4b8f{ip: 10.1.0.11, host: fv-az121-418.xhy4bhhdincepo0av04agjzkjc.cx.internal.cloudapp.net, ports: [REPLICATION=43041, RATIS=43465, RATIS_ADMIN=43465, RATIS_SERVER=43465, STANDALONE=43919], networkLocation: /default-rack, certSerialId: null, persistedOpState: IN_SERVICE, persistedOpStateExpiryEpochSec: 0} reports an CLOSED replica.
2022-06-15 07:35:03,896 [EventQueue-PipelineReportForPipelineReportHandler] INFO  pipeline.PipelineReportHandler (PipelineReportHandler.java:processPipelineReport(113)) - Reported pipeline PipelineID=83aa0ae5-c647-4842-ba01-114df2e904af is not found
2022-06-15 07:35:03,914 [Listener at 127.0.0.1/34461] INFO  ozoneimpl.OzoneContainer (OzoneContainer.java:stop(365)) - Attempting to stop container services.
2022-06-15 07:35:03,915 [Listener at 127.0.0.1/34461] INFO  server.RaftServer (RaftServerProxy.java:lambda$close$7(398)) - 7bb1eb80-c113-41fd-8e62-543e67410fa1: close
2022-06-15 07:35:03,915 [Listener at 127.0.0.1/34461] INFO  server.RaftServer$Division (RaftServerImpl.java:lambda$close$4(434)) - 7bb1eb80-c113-41fd-8e62-543e67410fa1@group-F5409A33EF3A: shutdown
2022-06-15 07:35:03,916 [Listener at 127.0.0.1/34461] INFO  util.JmxRegister (JmxRegister.java:unregister(73)) - Successfully un-registered JMX Bean with object name Ratis:service=RaftServer,group=group-F5409A33EF3A,id=7bb1eb80-c113-41fd-8e62-543e67410fa1
2022-06-15 07:35:03,916 [Listener at 127.0.0.1/34461] INFO  impl.RoleInfo (RoleInfo.java:shutdownLeaderState(93)) - 7bb1eb80-c113-41fd-8e62-543e67410fa1: shutdown 7bb1eb80-c113-41fd-8e62-543e67410fa1@group-F5409A33EF3A-LeaderStateImpl
2022-06-15 07:35:03,916 [Listener at 127.0.0.1/34461] INFO  impl.PendingRequests (PendingRequests.java:sendNotLeaderResponses(282)) - 7bb1eb80-c113-41fd-8e62-543e67410fa1@group-F5409A33EF3A-PendingRequests: sendNotLeaderResponses
2022-06-15 07:35:03,917 [Listener at 127.0.0.1/34461] INFO  impl.StateMachineUpdater (StateMachineUpdater.java:stopAndJoin(153)) - 7bb1eb80-c113-41fd-8e62-543e67410fa1@group-F5409A33EF3A-StateMachineUpdater: set stopIndex = 0
2022-06-15 07:35:03,917 [7bb1eb80-c113-41fd-8e62-543e67410fa1@group-F5409A33EF3A->e547bcb9-eced-475a-8c61-963b1a05d208-GrpcLogAppender-LogAppenderDaemon] WARN  server.GrpcLogAppender (GrpcLogAppender.java:mayWait(171)) - 7bb1eb80-c113-41fd-8e62-543e67410fa1@group-F5409A33EF3A->e547bcb9-eced-475a-8c61-963b1a05d208-GrpcLogAppender: Wait interrupted by java.lang.InterruptedException
2022-06-15 07:35:03,917 [7bb1eb80-c113-41fd-8e62-543e67410fa1@group-F5409A33EF3A->b4f5d82c-04a6-4c81-89bd-99aee48f7148-GrpcLogAppender-LogAppenderDaemon] WARN  server.GrpcLogAppender (GrpcLogAppender.java:mayWait(171)) - 7bb1eb80-c113-41fd-8e62-543e67410fa1@group-F5409A33EF3A->b4f5d82c-04a6-4c81-89bd-99aee48f7148-GrpcLogAppender: Wait interrupted by java.lang.InterruptedException
2022-06-15 07:35:03,918 [grpc-default-executor-3] INFO  server.GrpcServerProtocolService (GrpcServerProtocolService.java:onCompleted(140)) - e547bcb9-eced-475a-8c61-963b1a05d208: Completed APPEND_ENTRIES, lastRequest: 7bb1eb80-c113-41fd-8e62-543e67410fa1->e547bcb9-eced-475a-8c61-963b1a05d208#1-t2,previous=(t:0, i:0),leaderCommit=-1,initializing? true,entries: size=1, first=(t:2, i:0), CONFIGURATIONENTRY
2022-06-15 07:35:03,919 [grpc-default-executor-2] INFO  server.GrpcServerProtocolService (GrpcServerProtocolService.java:onCompleted(140)) - b4f5d82c-04a6-4c81-89bd-99aee48f7148: Completed APPEND_ENTRIES, lastRequest: 7bb1eb80-c113-41fd-8e62-543e67410fa1->b4f5d82c-04a6-4c81-89bd-99aee48f7148#1-t2,previous=(t:0, i:0),leaderCommit=0,initializing? true,entries: size=1, first=(t:2, i:0), CONFIGURATIONENTRY
2022-06-15 07:35:03,919 [grpc-default-executor-4] INFO  server.GrpcLogAppender (GrpcLogAppender.java:onCompleted(339)) - 7bb1eb80-c113-41fd-8e62-543e67410fa1@group-F5409A33EF3A->e547bcb9-eced-475a-8c61-963b1a05d208-AppendLogResponseHandler: follower responses appendEntries COMPLETED
2022-06-15 07:35:03,920 [grpc-default-executor-4] INFO  leader.FollowerInfo (FollowerInfoImpl.java:lambda$new$0(48)) - 7bb1eb80-c113-41fd-8e62-543e67410fa1@group-F5409A33EF3A->e547bcb9-eced-475a-8c61-963b1a05d208: nextIndex: updateUnconditionally 1 -> 0
2022-06-15 07:35:03,920 [grpc-default-executor-1] INFO  server.GrpcLogAppender (GrpcLogAppender.java:onCompleted(339)) - 7bb1eb80-c113-41fd-8e62-543e67410fa1@group-F5409A33EF3A->b4f5d82c-04a6-4c81-89bd-99aee48f7148-AppendLogResponseHandler: follower responses appendEntries COMPLETED
2022-06-15 07:35:03,920 [grpc-default-executor-1] INFO  leader.FollowerInfo (FollowerInfoImpl.java:lambda$new$0(48)) - 7bb1eb80-c113-41fd-8e62-543e67410fa1@group-F5409A33EF3A->b4f5d82c-04a6-4c81-89bd-99aee48f7148: nextIndex: updateUnconditionally 1 -> 0
2022-06-15 07:35:03,920 [Listener at 127.0.0.1/34461] INFO  server.RaftServer$Division (ServerState.java:close(429)) - 7bb1eb80-c113-41fd-8e62-543e67410fa1@group-F5409A33EF3A: closes. applyIndex: 0
2022-06-15 07:35:03,920 [7bb1eb80-c113-41fd-8e62-543e67410fa1@group-F5409A33EF3A-SegmentedRaftLogWorker] INFO  segmented.SegmentedRaftLogWorker (SegmentedRaftLogWorker.java:run(336)) - 7bb1eb80-c113-41fd-8e62-543e67410fa1@group-F5409A33EF3A-SegmentedRaftLogWorker was interrupted, exiting. There are 0 tasks remaining in the queue.
2022-06-15 07:35:03,923 [Listener at 127.0.0.1/34461] INFO  segmented.SegmentedRaftLogWorker (SegmentedRaftLogWorker.java:close(246)) - 7bb1eb80-c113-41fd-8e62-543e67410fa1@group-F5409A33EF3A-SegmentedRaftLogWorker close()
2022-06-15 07:35:03,923 [ForkJoinPool.commonPool-worker-0] INFO  server.RaftServer$Division (RaftServerImpl.java:lambda$close$4(434)) - 7bb1eb80-c113-41fd-8e62-543e67410fa1@group-61C79976014F: shutdown
2022-06-15 07:35:03,926 [ForkJoinPool.commonPool-worker-0] INFO  util.JmxRegister (JmxRegister.java:unregister(73)) - Successfully un-registered JMX Bean with object name Ratis:service=RaftServer,group=group-61C79976014F,id=7bb1eb80-c113-41fd-8e62-543e67410fa1
2022-06-15 07:35:03,926 [ForkJoinPool.commonPool-worker-0] INFO  impl.RoleInfo (RoleInfo.java:shutdownFollowerState(110)) - 7bb1eb80-c113-41fd-8e62-543e67410fa1: shutdown 7bb1eb80-c113-41fd-8e62-543e67410fa1@group-61C79976014F-FollowerState
2022-06-15 07:35:03,926 [7bb1eb80-c113-41fd-8e62-543e67410fa1@group-61C79976014F-FollowerState] INFO  impl.FollowerState (FollowerState.java:run(152)) - 7bb1eb80-c113-41fd-8e62-543e67410fa1@group-61C79976014F-FollowerState was interrupted
2022-06-15 07:35:03,927 [ForkJoinPool.commonPool-worker-0] INFO  impl.StateMachineUpdater (StateMachineUpdater.java:stopAndJoin(153)) - 7bb1eb80-c113-41fd-8e62-543e67410fa1@group-61C79976014F-StateMachineUpdater: set stopIndex = 0
2022-06-15 07:35:03,927 [ForkJoinPool.commonPool-worker-0] INFO  server.RaftServer$Division (ServerState.java:close(429)) - 7bb1eb80-c113-41fd-8e62-543e67410fa1@group-61C79976014F: closes. applyIndex: 0
2022-06-15 07:35:03,927 [7bb1eb80-c113-41fd-8e62-543e67410fa1@group-61C79976014F-SegmentedRaftLogWorker] INFO  segmented.SegmentedRaftLogWorker (SegmentedRaftLogWorker.java:run(336)) - 7bb1eb80-c113-41fd-8e62-543e67410fa1@group-61C79976014F-SegmentedRaftLogWorker was interrupted, exiting. There are 0 tasks remaining in the queue.
2022-06-15 07:35:03,929 [ForkJoinPool.commonPool-worker-0] INFO  segmented.SegmentedRaftLogWorker (SegmentedRaftLogWorker.java:close(246)) - 7bb1eb80-c113-41fd-8e62-543e67410fa1@group-61C79976014F-SegmentedRaftLogWorker close()
2022-06-15 07:35:03,935 [Listener at 127.0.0.1/34461] INFO  server.GrpcService (GrpcService.java:closeImpl(269)) - 7bb1eb80-c113-41fd-8e62-543e67410fa1: shutdown server with port 37245 now
2022-06-15 07:35:03,941 [grpc-default-executor-2] WARN  server.GrpcServerProtocolService (LogUtils.java:warn(122)) - 7bb1eb80-c113-41fd-8e62-543e67410fa1: installSnapshot onError, lastRequest: b4f5d82c-04a6-4c81-89bd-99aee48f7148->7bb1eb80-c113-41fd-8e62-543e67410fa1#1-t3,previous=(t:0, i:0),leaderCommit=-1,initializing? true,entries: size=1, first=(t:3, i:0), CONFIGURATIONENTRY: org.apache.ratis.thirdparty.io.grpc.StatusRuntimeException: CANCELLED: client cancelled
2022-06-15 07:35:03,949 [grpc-default-executor-2] WARN  server.GrpcLogAppender (LogUtils.java:warn(122)) - b4f5d82c-04a6-4c81-89bd-99aee48f7148@group-61C79976014F->7bb1eb80-c113-41fd-8e62-543e67410fa1-AppendLogResponseHandler: Failed appendEntries: org.apache.ratis.thirdparty.io.grpc.StatusRuntimeException: CANCELLED: RST_STREAM closed stream. HTTP/2 error code: CANCEL
2022-06-15 07:35:03,950 [grpc-default-executor-2] WARN  server.GrpcLogAppender (GrpcLogAppender.java:resetClient(111)) - b4f5d82c-04a6-4c81-89bd-99aee48f7148@group-61C79976014F->7bb1eb80-c113-41fd-8e62-543e67410fa1-GrpcLogAppender: Leader has not got in touch with Follower b4f5d82c-04a6-4c81-89bd-99aee48f7148@group-61C79976014F->7bb1eb80-c113-41fd-8e62-543e67410fa1(c0,m0,n1, attendVote=true, lastRpcSendTime=495, lastRpcResponseTime=494) yet, just keep nextIndex unchanged and retry.
2022-06-15 07:35:03,970 [Listener at 127.0.0.1/34461] INFO  server.GrpcService (GrpcService.java:closeImpl(278)) - 7bb1eb80-c113-41fd-8e62-543e67410fa1: shutdown server with port 37245 successfully
2022-06-15 07:35:03,971 [org.apache.ratis.util.JvmPauseMonitor$$Lambda$681/1621678294@15591a3d] INFO  util.JvmPauseMonitor (JvmPauseMonitor.java:run(109)) - JvmPauseMonitor-7bb1eb80-c113-41fd-8e62-543e67410fa1: Stopped
2022-06-15 07:35:03,974 [EventQueue-PipelineReportForPipelineReportHandler] INFO  pipeline.PipelineReportHandler (PipelineReportHandler.java:processPipelineReport(113)) - Reported pipeline PipelineID=83aa0ae5-c647-4842-ba01-114df2e904af is not found
2022-06-15 07:35:04,037 [FixedThreadPoolWithAffinityExecutor-0-0] WARN  container.ContainerReportHandler (AbstractContainerReportHandler.java:updateContainerState(255)) - Container #4 is in OPEN state, but the datanode 2ba0c2a5-1748-4da9-81e4-5266296b4b8f{ip: 10.1.0.11, host: fv-az121-418.xhy4bhhdincepo0av04agjzkjc.cx.internal.cloudapp.net, ports: [REPLICATION=43041, RATIS=43465, RATIS_ADMIN=43465, RATIS_SERVER=43465, STANDALONE=43919], networkLocation: /default-rack, certSerialId: null, persistedOpState: IN_SERVICE, persistedOpStateExpiryEpochSec: 0} reports an CLOSED replica.
2022-06-15 07:35:04,097 [EventQueue-PipelineReportForPipelineReportHandler] INFO  pipeline.PipelineReportHandler (PipelineReportHandler.java:processPipelineReport(113)) - Reported pipeline PipelineID=83aa0ae5-c647-4842-ba01-114df2e904af is not found
2022-06-15 07:35:04,176 [EventQueue-PipelineReportForPipelineReportHandler] INFO  pipeline.PipelineReportHandler (PipelineReportHandler.java:processPipelineReport(113)) - Reported pipeline PipelineID=83aa0ae5-c647-4842-ba01-114df2e904af is not found
2022-06-15 07:35:04,297 [EventQueue-PipelineReportForPipelineReportHandler] INFO  pipeline.PipelineReportHandler (PipelineReportHandler.java:processPipelineReport(113)) - Reported pipeline PipelineID=83aa0ae5-c647-4842-ba01-114df2e904af is not found
2022-06-15 07:35:04,437 [FixedThreadPoolWithAffinityExecutor-8-0] WARN  container.ContainerReportHandler (AbstractContainerReportHandler.java:updateContainerState(255)) - Container #4 is in OPEN state, but the datanode 2ba0c2a5-1748-4da9-81e4-5266296b4b8f{ip: 10.1.0.11, host: fv-az121-418.xhy4bhhdincepo0av04agjzkjc.cx.internal.cloudapp.net, ports: [REPLICATION=43041, RATIS=43465, RATIS_ADMIN=43465, RATIS_SERVER=43465, STANDALONE=43919], networkLocation: /default-rack, certSerialId: null, persistedOpState: IN_SERVICE, persistedOpStateExpiryEpochSec: 0} reports an CLOSED replica.
2022-06-15 07:35:04,575 [EventQueue-PipelineReportForPipelineReportHandler] INFO  pipeline.PipelineReportHandler (PipelineReportHandler.java:processPipelineReport(113)) - Reported pipeline PipelineID=83aa0ae5-c647-4842-ba01-114df2e904af is not found
2022-06-15 07:35:04,599 [java.util.concurrent.ThreadPoolExecutor$Worker@53bd48cc[State = -1, empty queue]] WARN  server.GrpcLogAppender (GrpcLogAppender.java:timeoutAppendRequest(239)) - b0a9d56e-b544-41cd-b2b1-b34d126127d5@group-DEDC8EEB63DA->543aeec3-c74a-41c2-8a93-8d529b3aabc8-GrpcLogAppender: HEARTBEAT appendEntries Timeout, request=AppendEntriesRequest:cid=3170608,entriesCount=0,lastEntry=null
2022-06-15 07:35:04,673 [java.util.concurrent.ThreadPoolExecutor$Worker@53bd48cc[State = -1, empty queue]] WARN  server.GrpcLogAppender (GrpcLogAppender.java:timeoutAppendRequest(239)) - b0a9d56e-b544-41cd-b2b1-b34d126127d5@group-114DF2E904AF->543aeec3-c74a-41c2-8a93-8d529b3aabc8-GrpcLogAppender: HEARTBEAT appendEntries Timeout, request=AppendEntriesRequest:cid=1036998,entriesCount=0,lastEntry=null
2022-06-15 07:35:04,699 [EventQueue-PipelineReportForPipelineReportHandler] INFO  pipeline.PipelineReportHandler (PipelineReportHandler.java:processPipelineReport(113)) - Reported pipeline PipelineID=83aa0ae5-c647-4842-ba01-114df2e904af is not found
2022-06-15 07:35:04,837 [FixedThreadPoolWithAffinityExecutor-9-0] WARN  container.ContainerReportHandler (AbstractContainerReportHandler.java:updateContainerState(255)) - Container #4 is in OPEN state, but the datanode 2ba0c2a5-1748-4da9-81e4-5266296b4b8f{ip: 10.1.0.11, host: fv-az121-418.xhy4bhhdincepo0av04agjzkjc.cx.internal.cloudapp.net, ports: [REPLICATION=43041, RATIS=43465, RATIS_ADMIN=43465, RATIS_SERVER=43465, STANDALONE=43919], networkLocation: /default-rack, certSerialId: null, persistedOpState: IN_SERVICE, persistedOpStateExpiryEpochSec: 0} reports an CLOSED replica.
2022-06-15 07:35:04,976 [EventQueue-PipelineReportForPipelineReportHandler] INFO  pipeline.PipelineReportHandler (PipelineReportHandler.java:processPipelineReport(113)) - Reported pipeline PipelineID=83aa0ae5-c647-4842-ba01-114df2e904af is not found
2022-06-15 07:35:05,037 [FixedThreadPoolWithAffinityExecutor-9-0] WARN  container.ContainerReportHandler (AbstractContainerReportHandler.java:updateContainerState(255)) - Container #4 is in OPEN state, but the datanode 2ba0c2a5-1748-4da9-81e4-5266296b4b8f{ip: 10.1.0.11, host: fv-az121-418.xhy4bhhdincepo0av04agjzkjc.cx.internal.cloudapp.net, ports: [REPLICATION=43041, RATIS=43465, RATIS_ADMIN=43465, RATIS_SERVER=43465, STANDALONE=43919], networkLocation: /default-rack, certSerialId: null, persistedOpState: IN_SERVICE, persistedOpStateExpiryEpochSec: 0} reports an CLOSED replica.
2022-06-15 07:35:05,098 [EventQueue-PipelineReportForPipelineReportHandler] INFO  pipeline.PipelineReportHandler (PipelineReportHandler.java:processPipelineReport(113)) - Reported pipeline PipelineID=83aa0ae5-c647-4842-ba01-114df2e904af is not found
2022-06-15 07:35:05,175 [EventQueue-PipelineReportForPipelineReportHandler] INFO  pipeline.PipelineReportHandler (PipelineReportHandler.java:processPipelineReport(113)) - Reported pipeline PipelineID=83aa0ae5-c647-4842-ba01-114df2e904af is not found
2022-06-15 07:35:05,298 [EventQueue-PipelineReportForPipelineReportHandler] INFO  pipeline.PipelineReportHandler (PipelineReportHandler.java:processPipelineReport(113)) - Reported pipeline PipelineID=83aa0ae5-c647-4842-ba01-114df2e904af is not found
2022-06-15 07:35:05,375 [EventQueue-PipelineReportForPipelineReportHandler] INFO  pipeline.PipelineReportHandler (PipelineReportHandler.java:processPipelineReport(113)) - Reported pipeline PipelineID=83aa0ae5-c647-4842-ba01-114df2e904af is not found
2022-06-15 07:35:05,437 [FixedThreadPoolWithAffinityExecutor-0-0] WARN  container.ContainerReportHandler (AbstractContainerReportHandler.java:updateContainerState(255)) - Container #4 is in OPEN state, but the datanode 2ba0c2a5-1748-4da9-81e4-5266296b4b8f{ip: 10.1.0.11, host: fv-az121-418.xhy4bhhdincepo0av04agjzkjc.cx.internal.cloudapp.net, ports: [REPLICATION=43041, RATIS=43465, RATIS_ADMIN=43465, RATIS_SERVER=43465, STANDALONE=43919], networkLocation: /default-rack, certSerialId: null, persistedOpState: IN_SERVICE, persistedOpStateExpiryEpochSec: 0} reports an CLOSED replica.
2022-06-15 07:35:05,697 [EventQueue-PipelineReportForPipelineReportHandler] INFO  pipeline.PipelineReportHandler (PipelineReportHandler.java:processPipelineReport(113)) - Reported pipeline PipelineID=83aa0ae5-c647-4842-ba01-114df2e904af is not found
2022-06-15 07:35:05,775 [EventQueue-PipelineReportForPipelineReportHandler] INFO  pipeline.PipelineReportHandler (PipelineReportHandler.java:processPipelineReport(113)) - Reported pipeline PipelineID=83aa0ae5-c647-4842-ba01-114df2e904af is not found
2022-06-15 07:35:05,837 [FixedThreadPoolWithAffinityExecutor-0-0] WARN  container.ContainerReportHandler (AbstractContainerReportHandler.java:updateContainerState(255)) - Container #4 is in OPEN state, but the datanode 2ba0c2a5-1748-4da9-81e4-5266296b4b8f{ip: 10.1.0.11, host: fv-az121-418.xhy4bhhdincepo0av04agjzkjc.cx.internal.cloudapp.net, ports: [REPLICATION=43041, RATIS=43465, RATIS_ADMIN=43465, RATIS_SERVER=43465, STANDALONE=43919], networkLocation: /default-rack, certSerialId: null, persistedOpState: IN_SERVICE, persistedOpStateExpiryEpochSec: 0} reports an CLOSED replica.
2022-06-15 07:35:05,851 [java.util.concurrent.ThreadPoolExecutor$Worker@53bd48cc[State = -1, empty queue]] WARN  server.GrpcLogAppender (GrpcLogAppender.java:timeoutAppendRequest(239)) - b0a9d56e-b544-41cd-b2b1-b34d126127d5@group-DEDC8EEB63DA->543aeec3-c74a-41c2-8a93-8d529b3aabc8-GrpcLogAppender: HEARTBEAT appendEntries Timeout, request=AppendEntriesRequest:cid=3170609,entriesCount=0,lastEntry=null
2022-06-15 07:35:05,898 [EventQueue-PipelineReportForPipelineReportHandler] INFO  pipeline.PipelineReportHandler (PipelineReportHandler.java:processPipelineReport(113)) - Reported pipeline PipelineID=83aa0ae5-c647-4842-ba01-114df2e904af is not found
2022-06-15 07:35:05,924 [java.util.concurrent.ThreadPoolExecutor$Worker@53bd48cc[State = -1, empty queue]] WARN  server.GrpcLogAppender (GrpcLogAppender.java:timeoutAppendRequest(239)) - b0a9d56e-b544-41cd-b2b1-b34d126127d5@group-114DF2E904AF->543aeec3-c74a-41c2-8a93-8d529b3aabc8-GrpcLogAppender: HEARTBEAT appendEntries Timeout, request=AppendEntriesRequest:cid=1037122,entriesCount=0,lastEntry=null
2022-06-15 07:35:05,958 [grpc-default-executor-3] WARN  server.GrpcLogAppender (LogUtils.java:warn(122)) - b4f5d82c-04a6-4c81-89bd-99aee48f7148@group-61C79976014F->7bb1eb80-c113-41fd-8e62-543e67410fa1-AppendLogResponseHandler: Failed appendEntries: org.apache.ratis.thirdparty.io.grpc.StatusRuntimeException: UNAVAILABLE: io exception
2022-06-15 07:35:05,958 [grpc-default-executor-3] WARN  server.GrpcLogAppender (GrpcLogAppender.java:resetClient(111)) - b4f5d82c-04a6-4c81-89bd-99aee48f7148@group-61C79976014F->7bb1eb80-c113-41fd-8e62-543e67410fa1-GrpcLogAppender: Leader has not got in touch with Follower b4f5d82c-04a6-4c81-89bd-99aee48f7148@group-61C79976014F->7bb1eb80-c113-41fd-8e62-543e67410fa1(c0,m0,n1, attendVote=true, lastRpcSendTime=2, lastRpcResponseTime=2503) yet, just keep nextIndex unchanged and retry.
2022-06-15 07:35:05,995 [Listener at 127.0.0.1/34461] INFO  utils.BackgroundService (BackgroundService.java:shutdown(132)) - Shutting down service BlockDeletingService
2022-06-15 07:35:06,037 [FixedThreadPoolWithAffinityExecutor-1-0] WARN  container.ContainerReportHandler (AbstractContainerReportHandler.java:updateContainerState(255)) - Container #4 is in OPEN state, but the datanode 2ba0c2a5-1748-4da9-81e4-5266296b4b8f{ip: 10.1.0.11, host: fv-az121-418.xhy4bhhdincepo0av04agjzkjc.cx.internal.cloudapp.net, ports: [REPLICATION=43041, RATIS=43465, RATIS_ADMIN=43465, RATIS_SERVER=43465, STANDALONE=43919], networkLocation: /default-rack, certSerialId: null, persistedOpState: IN_SERVICE, persistedOpStateExpiryEpochSec: 0} reports an CLOSED replica.
2022-06-15 07:35:06,178 [EventQueue-PipelineReportForPipelineReportHandler] INFO  pipeline.PipelineReportHandler (PipelineReportHandler.java:processPipelineReport(113)) - Reported pipeline PipelineID=83aa0ae5-c647-4842-ba01-114df2e904af is not found
2022-06-15 07:35:06,298 [EventQueue-PipelineReportForPipelineReportHandler] INFO  pipeline.PipelineReportHandler (PipelineReportHandler.java:processPipelineReport(113)) - Reported pipeline PipelineID=83aa0ae5-c647-4842-ba01-114df2e904af is not found
2022-06-15 07:35:06,378 [EventQueue-PipelineReportForPipelineReportHandler] INFO  pipeline.PipelineReportHandler (PipelineReportHandler.java:processPipelineReport(113)) - Reported pipeline PipelineID=83aa0ae5-c647-4842-ba01-114df2e904af is not found
2022-06-15 07:35:06,444 [FixedThreadPoolWithAffinityExecutor-0-0] WARN  container.ContainerReportHandler (AbstractContainerReportHandler.java:updateContainerState(255)) - Container #4 is in OPEN state, but the datanode 2ba0c2a5-1748-4da9-81e4-5266296b4b8f{ip: 10.1.0.11, host: fv-az121-418.xhy4bhhdincepo0av04agjzkjc.cx.internal.cloudapp.net, ports: [REPLICATION=43041, RATIS=43465, RATIS_ADMIN=43465, RATIS_SERVER=43465, STANDALONE=43919], networkLocation: /default-rack, certSerialId: null, persistedOpState: IN_SERVICE, persistedOpStateExpiryEpochSec: 0} reports an CLOSED replica.
2022-06-15 07:35:06,698 [EventQueue-PipelineReportForPipelineReportHandler] INFO  pipeline.PipelineReportHandler (PipelineReportHandler.java:processPipelineReport(113)) - Reported pipeline PipelineID=83aa0ae5-c647-4842-ba01-114df2e904af is not found
2022-06-15 07:35:06,778 [EventQueue-PipelineReportForPipelineReportHandler] INFO  pipeline.PipelineReportHandler (PipelineReportHandler.java:processPipelineReport(113)) - Reported pipeline PipelineID=83aa0ae5-c647-4842-ba01-114df2e904af is not found
2022-06-15 07:35:06,845 [FixedThreadPoolWithAffinityExecutor-0-0] WARN  container.ContainerReportHandler (AbstractContainerReportHandler.java:updateContainerState(255)) - Container #4 is in OPEN state, but the datanode 2ba0c2a5-1748-4da9-81e4-5266296b4b8f{ip: 10.1.0.11, host: fv-az121-418.xhy4bhhdincepo0av04agjzkjc.cx.internal.cloudapp.net, ports: [REPLICATION=43041, RATIS=43465, RATIS_ADMIN=43465, RATIS_SERVER=43465, STANDALONE=43919], networkLocation: /default-rack, certSerialId: null, persistedOpState: IN_SERVICE, persistedOpStateExpiryEpochSec: 0} reports an CLOSED replica.
2022-06-15 07:35:06,898 [EventQueue-PipelineReportForPipelineReportHandler] INFO  pipeline.PipelineReportHandler (PipelineReportHandler.java:processPipelineReport(113)) - Reported pipeline PipelineID=83aa0ae5-c647-4842-ba01-114df2e904af is not found
2022-06-15 07:35:07,045 [FixedThreadPoolWithAffinityExecutor-8-0] WARN  container.ContainerReportHandler (AbstractContainerReportHandler.java:updateContainerState(255)) - Container #4 is in OPEN state, but the datanode 2ba0c2a5-1748-4da9-81e4-5266296b4b8f{ip: 10.1.0.11, host: fv-az121-418.xhy4bhhdincepo0av04agjzkjc.cx.internal.cloudapp.net, ports: [REPLICATION=43041, RATIS=43465, RATIS_ADMIN=43465, RATIS_SERVER=43465, STANDALONE=43919], networkLocation: /default-rack, certSerialId: null, persistedOpState: IN_SERVICE, persistedOpStateExpiryEpochSec: 0} reports an CLOSED replica.
2022-06-15 07:35:07,097 [EventQueue-PipelineReportForPipelineReportHandler] INFO  pipeline.PipelineReportHandler (PipelineReportHandler.java:processPipelineReport(113)) - Reported pipeline PipelineID=83aa0ae5-c647-4842-ba01-114df2e904af is not found
2022-06-15 07:35:07,102 [java.util.concurrent.ThreadPoolExecutor$Worker@53bd48cc[State = -1, empty queue]] WARN  server.GrpcLogAppender (GrpcLogAppender.java:timeoutAppendRequest(239)) - b0a9d56e-b544-41cd-b2b1-b34d126127d5@group-DEDC8EEB63DA->543aeec3-c74a-41c2-8a93-8d529b3aabc8-GrpcLogAppender: HEARTBEAT appendEntries Timeout, request=AppendEntriesRequest:cid=3170610,entriesCount=0,lastEntry=null
2022-06-15 07:35:07,175 [java.util.concurrent.ThreadPoolExecutor$Worker@53bd48cc[State = -1, empty queue]] WARN  server.GrpcLogAppender (GrpcLogAppender.java:timeoutAppendRequest(239)) - b0a9d56e-b544-41cd-b2b1-b34d126127d5@group-114DF2E904AF->543aeec3-c74a-41c2-8a93-8d529b3aabc8-GrpcLogAppender: HEARTBEAT appendEntries Timeout, request=AppendEntriesRequest:cid=1037244,entriesCount=0,lastEntry=null
2022-06-15 07:35:07,178 [EventQueue-PipelineReportForPipelineReportHandler] INFO  pipeline.PipelineReportHandler (PipelineReportHandler.java:processPipelineReport(113)) - Reported pipeline PipelineID=83aa0ae5-c647-4842-ba01-114df2e904af is not found
2022-06-15 07:35:07,207 [grpc-default-executor-2] WARN  server.GrpcLogAppender (LogUtils.java:warn(122)) - b4f5d82c-04a6-4c81-89bd-99aee48f7148@group-61C79976014F->7bb1eb80-c113-41fd-8e62-543e67410fa1-AppendLogResponseHandler: Failed appendEntries: org.apache.ratis.thirdparty.io.grpc.StatusRuntimeException: UNAVAILABLE: io exception
2022-06-15 07:35:07,207 [grpc-default-executor-2] WARN  server.GrpcLogAppender (GrpcLogAppender.java:resetClient(111)) - b4f5d82c-04a6-4c81-89bd-99aee48f7148@group-61C79976014F->7bb1eb80-c113-41fd-8e62-543e67410fa1-GrpcLogAppender: Leader has not got in touch with Follower b4f5d82c-04a6-4c81-89bd-99aee48f7148@group-61C79976014F->7bb1eb80-c113-41fd-8e62-543e67410fa1(c0,m0,n1, attendVote=true, lastRpcSendTime=1251, lastRpcResponseTime=3752) yet, just keep nextIndex unchanged and retry.
2022-06-15 07:35:07,382 [EventQueue-PipelineReportForPipelineReportHandler] INFO  pipeline.PipelineReportHandler (PipelineReportHandler.java:processPipelineReport(113)) - Reported pipeline PipelineID=83aa0ae5-c647-4842-ba01-114df2e904af is not found
2022-06-15 07:35:07,445 [FixedThreadPoolWithAffinityExecutor-1-0] WARN  container.ContainerReportHandler (AbstractContainerReportHandler.java:updateContainerState(255)) - Container #4 is in OPEN state, but the datanode 2ba0c2a5-1748-4da9-81e4-5266296b4b8f{ip: 10.1.0.11, host: fv-az121-418.xhy4bhhdincepo0av04agjzkjc.cx.internal.cloudapp.net, ports: [REPLICATION=43041, RATIS=43465, RATIS_ADMIN=43465, RATIS_SERVER=43465, STANDALONE=43919], networkLocation: /default-rack, certSerialId: null, persistedOpState: IN_SERVICE, persistedOpStateExpiryEpochSec: 0} reports an CLOSED replica.
2022-06-15 07:35:07,498 [EventQueue-PipelineReportForPipelineReportHandler] INFO  pipeline.PipelineReportHandler (PipelineReportHandler.java:processPipelineReport(113)) - Reported pipeline PipelineID=83aa0ae5-c647-4842-ba01-114df2e904af is not found
2022-06-15 07:35:07,645 [FixedThreadPoolWithAffinityExecutor-9-0] WARN  container.ContainerReportHandler (AbstractContainerReportHandler.java:updateContainerState(255)) - Container #4 is in OPEN state, but the datanode 2ba0c2a5-1748-4da9-81e4-5266296b4b8f{ip: 10.1.0.11, host: fv-az121-418.xhy4bhhdincepo0av04agjzkjc.cx.internal.cloudapp.net, ports: [REPLICATION=43041, RATIS=43465, RATIS_ADMIN=43465, RATIS_SERVER=43465, STANDALONE=43919], networkLocation: /default-rack, certSerialId: null, persistedOpState: IN_SERVICE, persistedOpStateExpiryEpochSec: 0} reports an CLOSED replica.
2022-06-15 07:35:07,697 [EventQueue-PipelineReportForPipelineReportHandler] INFO  pipeline.PipelineReportHandler (PipelineReportHandler.java:processPipelineReport(113)) - Reported pipeline PipelineID=83aa0ae5-c647-4842-ba01-114df2e904af is not found
2022-06-15 07:35:07,778 [EventQueue-PipelineReportForPipelineReportHandler] INFO  pipeline.PipelineReportHandler (PipelineReportHandler.java:processPipelineReport(113)) - Reported pipeline PipelineID=83aa0ae5-c647-4842-ba01-114df2e904af is not found
2022-06-15 07:35:07,897 [EventQueue-PipelineReportForPipelineReportHandler] INFO  pipeline.PipelineReportHandler (PipelineReportHandler.java:processPipelineReport(113)) - Reported pipeline PipelineID=83aa0ae5-c647-4842-ba01-114df2e904af is not found
2022-06-15 07:35:07,979 [EventQueue-PipelineReportForPipelineReportHandler] INFO  pipeline.PipelineReportHandler (PipelineReportHandler.java:processPipelineReport(113)) - Reported pipeline PipelineID=83aa0ae5-c647-4842-ba01-114df2e904af is not found
2022-06-15 07:35:08,045 [FixedThreadPoolWithAffinityExecutor-1-0] WARN  container.ContainerReportHandler (AbstractContainerReportHandler.java:updateContainerState(255)) - Container #4 is in OPEN state, but the datanode 2ba0c2a5-1748-4da9-81e4-5266296b4b8f{ip: 10.1.0.11, host: fv-az121-418.xhy4bhhdincepo0av04agjzkjc.cx.internal.cloudapp.net, ports: [REPLICATION=43041, RATIS=43465, RATIS_ADMIN=43465, RATIS_SERVER=43465, STANDALONE=43919], networkLocation: /default-rack, certSerialId: null, persistedOpState: IN_SERVICE, persistedOpStateExpiryEpochSec: 0} reports an CLOSED replica.
2022-06-15 07:35:08,298 [EventQueue-PipelineReportForPipelineReportHandler] INFO  pipeline.PipelineReportHandler (PipelineReportHandler.java:processPipelineReport(113)) - Reported pipeline PipelineID=83aa0ae5-c647-4842-ba01-114df2e904af is not found
2022-06-15 07:35:08,352 [java.util.concurrent.ThreadPoolExecutor$Worker@53bd48cc[State = -1, empty queue]] WARN  server.GrpcLogAppender (GrpcLogAppender.java:timeoutAppendRequest(239)) - b0a9d56e-b544-41cd-b2b1-b34d126127d5@group-DEDC8EEB63DA->543aeec3-c74a-41c2-8a93-8d529b3aabc8-GrpcLogAppender: HEARTBEAT appendEntries Timeout, request=AppendEntriesRequest:cid=3170611,entriesCount=0,lastEntry=null
2022-06-15 07:35:08,378 [EventQueue-PipelineReportForPipelineReportHandler] INFO  pipeline.PipelineReportHandler (PipelineReportHandler.java:processPipelineReport(113)) - Reported pipeline PipelineID=83aa0ae5-c647-4842-ba01-114df2e904af is not found
2022-06-15 07:35:08,426 [java.util.concurrent.ThreadPoolExecutor$Worker@53bd48cc[State = -1, empty queue]] WARN  server.GrpcLogAppender (GrpcLogAppender.java:timeoutAppendRequest(239)) - b0a9d56e-b544-41cd-b2b1-b34d126127d5@group-114DF2E904AF->543aeec3-c74a-41c2-8a93-8d529b3aabc8-GrpcLogAppender: HEARTBEAT appendEntries Timeout, request=AppendEntriesRequest:cid=1037368,entriesCount=0,lastEntry=null
2022-06-15 07:35:08,445 [FixedThreadPoolWithAffinityExecutor-9-0] WARN  container.ContainerReportHandler (AbstractContainerReportHandler.java:updateContainerState(255)) - Container #4 is in OPEN state, but the datanode 2ba0c2a5-1748-4da9-81e4-5266296b4b8f{ip: 10.1.0.11, host: fv-az121-418.xhy4bhhdincepo0av04agjzkjc.cx.internal.cloudapp.net, ports: [REPLICATION=43041, RATIS=43465, RATIS_ADMIN=43465, RATIS_SERVER=43465, STANDALONE=43919], networkLocation: /default-rack, certSerialId: null, persistedOpState: IN_SERVICE, persistedOpStateExpiryEpochSec: 0} reports an CLOSED replica.
2022-06-15 07:35:08,459 [grpc-default-executor-3] WARN  server.GrpcLogAppender (LogUtils.java:warn(122)) - b4f5d82c-04a6-4c81-89bd-99aee48f7148@group-61C79976014F->7bb1eb80-c113-41fd-8e62-543e67410fa1-AppendLogResponseHandler: Failed appendEntries: org.apache.ratis.thirdparty.io.grpc.StatusRuntimeException: UNAVAILABLE: io exception
2022-06-15 07:35:08,459 [grpc-default-executor-3] WARN  server.GrpcLogAppender (GrpcLogAppender.java:resetClient(111)) - b4f5d82c-04a6-4c81-89bd-99aee48f7148@group-61C79976014F->7bb1eb80-c113-41fd-8e62-543e67410fa1-GrpcLogAppender: Leader has not got in touch with Follower b4f5d82c-04a6-4c81-89bd-99aee48f7148@group-61C79976014F->7bb1eb80-c113-41fd-8e62-543e67410fa1(c0,m0,n1, attendVote=true, lastRpcSendTime=0, lastRpcResponseTime=5004) yet, just keep nextIndex unchanged and retry.
2022-06-15 07:35:08,498 [EventQueue-PipelineReportForPipelineReportHandler] INFO  pipeline.PipelineReportHandler (PipelineReportHandler.java:processPipelineReport(113)) - Reported pipeline PipelineID=83aa0ae5-c647-4842-ba01-114df2e904af is not found
2022-06-15 07:35:08,579 [EventQueue-PipelineReportForPipelineReportHandler] INFO  pipeline.PipelineReportHandler (PipelineReportHandler.java:processPipelineReport(113)) - Reported pipeline PipelineID=83aa0ae5-c647-4842-ba01-114df2e904af is not found
2022-06-15 07:35:08,645 [FixedThreadPoolWithAffinityExecutor-1-0] WARN  container.ContainerReportHandler (AbstractContainerReportHandler.java:updateContainerState(255)) - Container #4 is in OPEN state, but the datanode 2ba0c2a5-1748-4da9-81e4-5266296b4b8f{ip: 10.1.0.11, host: fv-az121-418.xhy4bhhdincepo0av04agjzkjc.cx.internal.cloudapp.net, ports: [REPLICATION=43041, RATIS=43465, RATIS_ADMIN=43465, RATIS_SERVER=43465, STANDALONE=43919], networkLocation: /default-rack, certSerialId: null, persistedOpState: IN_SERVICE, persistedOpStateExpiryEpochSec: 0} reports an CLOSED replica.
2022-06-15 07:35:08,778 [EventQueue-PipelineReportForPipelineReportHandler] INFO  pipeline.PipelineReportHandler (PipelineReportHandler.java:processPipelineReport(113)) - Reported pipeline PipelineID=83aa0ae5-c647-4842-ba01-114df2e904af is not found
2022-06-15 07:35:08,899 [EventQueue-PipelineReportForPipelineReportHandler] INFO  pipeline.PipelineReportHandler (PipelineReportHandler.java:processPipelineReport(113)) - Reported pipeline PipelineID=83aa0ae5-c647-4842-ba01-114df2e904af is not found
2022-06-15 07:35:08,999 [Listener at 127.0.0.1/34461] INFO  statemachine.DatanodeStateMachine (DatanodeStateMachine.java:stopDaemon(572)) - Ozone container server stopped.
2022-06-15 07:35:09,013 [Listener at 127.0.0.1/34461] INFO  handler.ContextHandler (ContextHandler.java:doStop(1153)) - Stopped o.e.j.w.WebAppContext@3112da58{hddsDatanode,/,null,STOPPED}{jar:file:/home/runner/.m2/repository/org/apache/ozone/hdds-container-service/1.3.0-SNAPSHOT/hdds-container-service-1.3.0-SNAPSHOT.jar!/webapps/hddsDatanode}
2022-06-15 07:35:09,023 [Listener at 127.0.0.1/34461] INFO  server.AbstractConnector (AbstractConnector.java:doStop(381)) - Stopped ServerConnector@76a89ffa{HTTP/1.1, (http/1.1)}{0.0.0.0:0}
2022-06-15 07:35:09,023 [Listener at 127.0.0.1/34461] INFO  server.session (HouseKeeper.java:stopScavenging(149)) - node0 Stopped scavenging
2022-06-15 07:35:09,023 [Listener at 127.0.0.1/34461] INFO  handler.ContextHandler (ContextHandler.java:doStop(1153)) - Stopped o.e.j.s.ServletContextHandler@7fa36d64{static,/static,jar:file:/home/runner/.m2/repository/org/apache/ozone/hdds-container-service/1.3.0-SNAPSHOT/hdds-container-service-1.3.0-SNAPSHOT.jar!/webapps/static,STOPPED}
2022-06-15 07:35:09,025 [Listener at 127.0.0.1/34461] INFO  handler.ContextHandler (ContextHandler.java:doStop(1153)) - Stopped o.e.j.s.ServletContextHandler@3e971bd5{logs,/logs,file:///home/runner/work/ozone/ozone/hadoop-ozone/integration-test/target/log,STOPPED}
2022-06-15 07:35:09,037 [Listener at 127.0.0.1/34461] WARN  impl.MetricRegistriesImpl (MetricRegistriesImpl.java:addReporterRegistration(111)) - New reporters are added after registries were created. Some metrics will be missing from the reporter. Please add reporter before adding any new registry.
2022-06-15 07:35:09,037 [Listener at 127.0.0.1/34461] WARN  impl.MetricRegistriesImpl (MetricRegistriesImpl.java:addReporterRegistration(111)) - New reporters are added after registries were created. Some metrics will be missing from the reporter. Please add reporter before adding any new registry.
2022-06-15 07:35:09,037 [Listener at 127.0.0.1/34461] INFO  impl.MetricsSystemImpl (MetricsSystemImpl.java:init(158)) - HddsDatanode metrics system started (again)
2022-06-15 07:35:09,052 [FixedThreadPoolWithAffinityExecutor-0-0] WARN  container.ContainerReportHandler (AbstractContainerReportHandler.java:updateContainerState(255)) - Container #4 is in OPEN state, but the datanode 2ba0c2a5-1748-4da9-81e4-5266296b4b8f{ip: 10.1.0.11, host: fv-az121-418.xhy4bhhdincepo0av04agjzkjc.cx.internal.cloudapp.net, ports: [REPLICATION=43041, RATIS=43465, RATIS_ADMIN=43465, RATIS_SERVER=43465, STANDALONE=43919], networkLocation: /default-rack, certSerialId: null, persistedOpState: IN_SERVICE, persistedOpStateExpiryEpochSec: 0} reports an CLOSED replica.
2022-06-15 07:35:09,075 [Listener at 127.0.0.1/34461] INFO  ozone.HddsDatanodeService (HddsDatanodeService.java:start(236)) - HddsDatanodeService host:fv-az121-418.xhy4bhhdincepo0av04agjzkjc.cx.internal.cloudapp.net ip:10.1.0.11
2022-06-15 07:35:09,114 [Listener at 127.0.0.1/34461] INFO  upgrade.AbstractLayoutVersionManager (AbstractLayoutVersionManager.java:init(82)) - Initializing Layout version manager with metadata layout = DATANODE_SCHEMA_V3 (version = 4), software layout = DATANODE_SCHEMA_V3 (version = 4)
2022-06-15 07:35:09,178 [EventQueue-PipelineReportForPipelineReportHandler] INFO  pipeline.PipelineReportHandler (PipelineReportHandler.java:processPipelineReport(113)) - Reported pipeline PipelineID=83aa0ae5-c647-4842-ba01-114df2e904af is not found
2022-06-15 07:35:09,198 [Listener at 127.0.0.1/34461] INFO  reflections.Reflections (Reflections.java:scan(232)) - Reflections took 83 ms to scan 7 urls, producing 131 keys and 311 values 
2022-06-15 07:35:09,212 [Listener at 127.0.0.1/34461] INFO  statemachine.DatanodeStateMachine (DatanodeStateMachine.java:getEndPointTaskThreadPoolSize(233)) - Datanode State Machine Task Thread Pool size 2
2022-06-15 07:35:09,218 [Listener at 127.0.0.1/34461] INFO  volume.HddsVolume (HddsVolume.java:<init>(116)) - Creating HddsVolume: /home/runner/work/ozone/ozone/hadoop-ozone/integration-test/target/test-dir/MiniOzoneClusterImpl-589494f2-24de-4a8c-8650-9a890bc48d46/datanode-4/data-0/containers/hdds of storage type : DISK capacity : 9223372036854775807
2022-06-15 07:35:09,218 [Listener at 127.0.0.1/34461] INFO  volume.MutableVolumeSet (MutableVolumeSet.java:initializeVolumeSet(174)) - Added Volume : /home/runner/work/ozone/ozone/hadoop-ozone/integration-test/target/test-dir/MiniOzoneClusterImpl-589494f2-24de-4a8c-8650-9a890bc48d46/datanode-4/data-0/containers/hdds to VolumeSet
2022-06-15 07:35:09,218 [Listener at 127.0.0.1/34461] INFO  volume.ThrottledAsyncChecker (ThrottledAsyncChecker.java:schedule(141)) - Scheduling a check for /home/runner/work/ozone/ozone/hadoop-ozone/integration-test/target/test-dir/MiniOzoneClusterImpl-589494f2-24de-4a8c-8650-9a890bc48d46/datanode-4/data-0/containers/hdds
2022-06-15 07:35:09,233 [Listener at 127.0.0.1/34461] INFO  volume.StorageVolumeChecker (StorageVolumeChecker.java:checkAllVolumes(202)) - Scheduled health check for volume /home/runner/work/ozone/ozone/hadoop-ozone/integration-test/target/test-dir/MiniOzoneClusterImpl-589494f2-24de-4a8c-8650-9a890bc48d46/datanode-4/data-0/containers/hdds
2022-06-15 07:35:09,244 [Listener at 127.0.0.1/34461] INFO  volume.MutableVolumeSet (MutableVolumeSet.java:initializeVolumeSet(174)) - Added Volume : /home/runner/work/ozone/ozone/hadoop-ozone/integration-test/target/test-dir/MiniOzoneClusterImpl-589494f2-24de-4a8c-8650-9a890bc48d46/datanode-4/data/ratisa7504552-e52c-461d-9779-51d24fac9957 to VolumeSet
2022-06-15 07:35:09,245 [Listener at 127.0.0.1/34461] INFO  volume.ThrottledAsyncChecker (ThrottledAsyncChecker.java:schedule(141)) - Scheduling a check for /home/runner/work/ozone/ozone/hadoop-ozone/integration-test/target/test-dir/MiniOzoneClusterImpl-589494f2-24de-4a8c-8650-9a890bc48d46/datanode-4/data/ratisa7504552-e52c-461d-9779-51d24fac9957
2022-06-15 07:35:09,245 [Listener at 127.0.0.1/34461] INFO  volume.StorageVolumeChecker (StorageVolumeChecker.java:checkAllVolumes(202)) - Scheduled health check for volume /home/runner/work/ozone/ozone/hadoop-ozone/integration-test/target/test-dir/MiniOzoneClusterImpl-589494f2-24de-4a8c-8650-9a890bc48d46/datanode-4/data/ratisa7504552-e52c-461d-9779-51d24fac9957
2022-06-15 07:35:09,291 [e547bcb9-eced-475a-8c61-963b1a05d208@group-F5409A33EF3A-FollowerState] INFO  impl.FollowerState (FollowerState.java:run(143)) - e547bcb9-eced-475a-8c61-963b1a05d208@group-F5409A33EF3A-FollowerState: change to CANDIDATE, lastRpcElapsedTime:5976234352ns, electionTimeout:5121ms
2022-06-15 07:35:09,291 [e547bcb9-eced-475a-8c61-963b1a05d208@group-F5409A33EF3A-FollowerState] INFO  impl.RoleInfo (RoleInfo.java:shutdownFollowerState(110)) - e547bcb9-eced-475a-8c61-963b1a05d208: shutdown e547bcb9-eced-475a-8c61-963b1a05d208@group-F5409A33EF3A-FollowerState
2022-06-15 07:35:09,291 [e547bcb9-eced-475a-8c61-963b1a05d208@group-F5409A33EF3A-FollowerState] INFO  server.RaftServer$Division (RaftServerImpl.java:setRole(299)) - e547bcb9-eced-475a-8c61-963b1a05d208@group-F5409A33EF3A: changes role from  FOLLOWER to CANDIDATE at term 2 for changeToCandidate
2022-06-15 07:35:09,295 [e547bcb9-eced-475a-8c61-963b1a05d208@group-F5409A33EF3A-FollowerState] INFO  server.RaftServerConfigKeys (ConfUtils.java:logGet(46)) - raft.server.leaderelection.pre-vote = false (custom)
2022-06-15 07:35:09,295 [e547bcb9-eced-475a-8c61-963b1a05d208@group-F5409A33EF3A-FollowerState] INFO  impl.RoleInfo (RoleInfo.java:updateAndGet(139)) - e547bcb9-eced-475a-8c61-963b1a05d208: start e547bcb9-eced-475a-8c61-963b1a05d208@group-F5409A33EF3A-LeaderElection30
2022-06-15 07:35:09,295 [Thread-1013] INFO  ozoneimpl.ContainerReader (ContainerReader.java:readVolume(142)) - Start to verify containers on volume /home/runner/work/ozone/ozone/hadoop-ozone/integration-test/target/test-dir/MiniOzoneClusterImpl-589494f2-24de-4a8c-8650-9a890bc48d46/datanode-4/data-0/containers/hdds
2022-06-15 07:35:09,301 [EventQueue-PipelineReportForPipelineReportHandler] INFO  pipeline.PipelineReportHandler (PipelineReportHandler.java:processPipelineReport(113)) - Reported pipeline PipelineID=83aa0ae5-c647-4842-ba01-114df2e904af is not found
2022-06-15 07:35:09,327 [e547bcb9-eced-475a-8c61-963b1a05d208@group-F5409A33EF3A-LeaderElection30] INFO  server.RaftServer$Division (ServerState.java:setLeader(287)) - e547bcb9-eced-475a-8c61-963b1a05d208@group-F5409A33EF3A: change Leader from 7bb1eb80-c113-41fd-8e62-543e67410fa1 to null at term 2 for ELECTION
2022-06-15 07:35:09,328 [e547bcb9-eced-475a-8c61-963b1a05d208@group-F5409A33EF3A-LeaderElection30] INFO  impl.LeaderElection (LeaderElection.java:askForVotes(310)) - e547bcb9-eced-475a-8c61-963b1a05d208@group-F5409A33EF3A-LeaderElection30 ELECTION round 0: submit vote requests at term 3 for 0: [e547bcb9-eced-475a-8c61-963b1a05d208|rpc:10.1.0.11:40217|dataStream:|priority:0, b4f5d82c-04a6-4c81-89bd-99aee48f7148|rpc:10.1.0.11:43229|dataStream:|priority:0, 7bb1eb80-c113-41fd-8e62-543e67410fa1|rpc:10.1.0.11:37245|dataStream:|priority:1], old=null
2022-06-15 07:35:09,333 [grpc-default-executor-2] INFO  server.RaftServer$Division (RaftServerImpl.java:requestVote(1152)) - b4f5d82c-04a6-4c81-89bd-99aee48f7148@group-F5409A33EF3A: receive requestVote(ELECTION, e547bcb9-eced-475a-8c61-963b1a05d208, group-F5409A33EF3A, 3, (t:2, i:0))
2022-06-15 07:35:09,333 [grpc-default-executor-2] INFO  impl.VoteContext (VoteContext.java:log(48)) - b4f5d82c-04a6-4c81-89bd-99aee48f7148@group-F5409A33EF3A-FOLLOWER: accept ELECTION from e547bcb9-eced-475a-8c61-963b1a05d208: our priority 0 <= candidate's priority 0
2022-06-15 07:35:09,333 [grpc-default-executor-2] INFO  server.RaftServer$Division (ServerState.java:setLeader(287)) - b4f5d82c-04a6-4c81-89bd-99aee48f7148@group-F5409A33EF3A: change Leader from 7bb1eb80-c113-41fd-8e62-543e67410fa1 to null at term 3 for updateCurrentTerm
2022-06-15 07:35:09,333 [grpc-default-executor-2] INFO  server.RaftServer$Division (RaftServerImpl.java:setRole(299)) - b4f5d82c-04a6-4c81-89bd-99aee48f7148@group-F5409A33EF3A: changes role from  FOLLOWER to FOLLOWER at term 3 for candidate:e547bcb9-eced-475a-8c61-963b1a05d208
2022-06-15 07:35:09,333 [grpc-default-executor-2] INFO  impl.RoleInfo (RoleInfo.java:shutdownFollowerState(110)) - b4f5d82c-04a6-4c81-89bd-99aee48f7148: shutdown b4f5d82c-04a6-4c81-89bd-99aee48f7148@group-F5409A33EF3A-FollowerState
2022-06-15 07:35:09,339 [b4f5d82c-04a6-4c81-89bd-99aee48f7148@group-F5409A33EF3A-FollowerState] INFO  impl.FollowerState (FollowerState.java:run(152)) - b4f5d82c-04a6-4c81-89bd-99aee48f7148@group-F5409A33EF3A-FollowerState was interrupted
2022-06-15 07:35:09,348 [Thread-1013] INFO  ozoneimpl.ContainerReader (ContainerReader.java:readVolume(172)) - Finish verifying containers on volume /home/runner/work/ozone/ozone/hadoop-ozone/integration-test/target/test-dir/MiniOzoneClusterImpl-589494f2-24de-4a8c-8650-9a890bc48d46/datanode-4/data-0/containers/hdds
2022-06-15 07:35:09,348 [Listener at 127.0.0.1/34461] INFO  ozoneimpl.OzoneContainer (OzoneContainer.java:buildContainerSet(266)) - Build ContainerSet costs 0s
2022-06-15 07:35:09,363 [e547bcb9-eced-475a-8c61-963b1a05d208@group-F5409A33EF3A-LeaderElection30] INFO  impl.LeaderElection (LogUtils.java:infoOrTrace(137)) - e547bcb9-eced-475a-8c61-963b1a05d208@group-F5409A33EF3A-LeaderElection30 got exception when requesting votes: java.util.concurrent.ExecutionException: org.apache.ratis.thirdparty.io.grpc.StatusRuntimeException: UNAVAILABLE: io exception
2022-06-15 07:35:09,364 [grpc-default-executor-2] INFO  impl.RoleInfo (RoleInfo.java:updateAndGet(139)) - b4f5d82c-04a6-4c81-89bd-99aee48f7148: start b4f5d82c-04a6-4c81-89bd-99aee48f7148@group-F5409A33EF3A-FollowerState
2022-06-15 07:35:09,366 [Listener at 127.0.0.1/34461] INFO  server.RaftServer (ConfUtils.java:logGet(46)) - raft.rpc.type = GRPC (default)
2022-06-15 07:35:09,366 [Listener at 127.0.0.1/34461] INFO  grpc.GrpcFactory (GrpcFactory.java:checkPooledByteBufAllocatorUseCacheForAllThreads(48)) - PERFORMANCE WARNING: useCacheForAllThreads is true that may cause Netty to create a lot garbage objects and, as a result, trigger GC.
	It is recommended to disable useCacheForAllThreads by setting -Dorg.apache.ratis.thirdparty.io.netty.allocator.useCacheForAllThreads=false in command line.
2022-06-15 07:35:09,367 [Listener at 127.0.0.1/34461] INFO  grpc.GrpcConfigKeys (ConfUtils.java:logGet(46)) - raft.grpc.admin.port = 37245 (custom)
2022-06-15 07:35:09,367 [Listener at 127.0.0.1/34461] INFO  grpc.GrpcConfigKeys (ConfUtils.java:logGet(46)) - raft.grpc.client.port = 37245 (custom)
2022-06-15 07:35:09,367 [Listener at 127.0.0.1/34461] INFO  grpc.GrpcConfigKeys (ConfUtils.java:logGet(46)) - raft.grpc.server.port = 37245 (custom)
2022-06-15 07:35:09,367 [Listener at 127.0.0.1/34461] INFO  server.GrpcService (ConfUtils.java:logGet(46)) - raft.grpc.message.size.max = 32MB (=33554432) (custom)
2022-06-15 07:35:09,367 [Listener at 127.0.0.1/34461] INFO  server.RaftServerConfigKeys (ConfUtils.java:logGet(46)) - raft.server.log.appender.buffer.byte-limit = 33554432 (custom)
2022-06-15 07:35:09,367 [Listener at 127.0.0.1/34461] INFO  server.GrpcService (ConfUtils.java:logGet(46)) - raft.grpc.flow.control.window = 5MB (=5242880) (custom)
2022-06-15 07:35:09,367 [Listener at 127.0.0.1/34461] INFO  server.RaftServerConfigKeys (ConfUtils.java:logGet(46)) - raft.server.rpc.request.timeout = 3000ms (default)
2022-06-15 07:35:09,367 [Listener at 127.0.0.1/34461] INFO  grpc.GrpcConfigKeys (ConfUtils.java:logGet(46)) - raft.grpc.server.async.request.thread.pool.cached = true (default)
2022-06-15 07:35:09,368 [Listener at 127.0.0.1/34461] INFO  grpc.GrpcConfigKeys (ConfUtils.java:logGet(46)) - raft.grpc.server.async.request.thread.pool.size = 32 (default)
2022-06-15 07:35:09,374 [grpc-default-executor-2] INFO  server.RaftServer$Division (RaftServerImpl.java:requestVote(1184)) - b4f5d82c-04a6-4c81-89bd-99aee48f7148@group-F5409A33EF3A replies to ELECTION vote request: e547bcb9-eced-475a-8c61-963b1a05d208<-b4f5d82c-04a6-4c81-89bd-99aee48f7148#0:OK-t3. Peer's state: b4f5d82c-04a6-4c81-89bd-99aee48f7148@group-F5409A33EF3A:t3, leader=null, voted=e547bcb9-eced-475a-8c61-963b1a05d208, raftlog=b4f5d82c-04a6-4c81-89bd-99aee48f7148@group-F5409A33EF3A-SegmentedRaftLog:OPENED:c0, conf=0: [e547bcb9-eced-475a-8c61-963b1a05d208|rpc:10.1.0.11:40217|dataStream:|priority:0, b4f5d82c-04a6-4c81-89bd-99aee48f7148|rpc:10.1.0.11:43229|dataStream:|priority:0, 7bb1eb80-c113-41fd-8e62-543e67410fa1|rpc:10.1.0.11:37245|dataStream:|priority:1], old=null
2022-06-15 07:35:09,376 [e547bcb9-eced-475a-8c61-963b1a05d208@group-F5409A33EF3A-LeaderElection30] INFO  impl.LeaderElection (LeaderElection.java:logAndReturn(90)) - e547bcb9-eced-475a-8c61-963b1a05d208@group-F5409A33EF3A-LeaderElection30: ELECTION PASSED received 1 response(s) and 1 exception(s):
2022-06-15 07:35:09,376 [e547bcb9-eced-475a-8c61-963b1a05d208@group-F5409A33EF3A-LeaderElection30] INFO  impl.LeaderElection (LeaderElection.java:logAndReturn(94)) -   Response 0: e547bcb9-eced-475a-8c61-963b1a05d208<-b4f5d82c-04a6-4c81-89bd-99aee48f7148#0:OK-t3
2022-06-15 07:35:09,376 [e547bcb9-eced-475a-8c61-963b1a05d208@group-F5409A33EF3A-LeaderElection30] INFO  impl.LeaderElection (LogUtils.java:infoOrTrace(137)) -   Exception 1: java.util.concurrent.ExecutionException: org.apache.ratis.thirdparty.io.grpc.StatusRuntimeException: UNAVAILABLE: io exception
2022-06-15 07:35:09,376 [e547bcb9-eced-475a-8c61-963b1a05d208@group-F5409A33EF3A-LeaderElection30] INFO  impl.LeaderElection (LeaderElection.java:askForVotes(312)) - e547bcb9-eced-475a-8c61-963b1a05d208@group-F5409A33EF3A-LeaderElection30 ELECTION round 0: result PASSED
2022-06-15 07:35:09,376 [e547bcb9-eced-475a-8c61-963b1a05d208@group-F5409A33EF3A-LeaderElection30] INFO  impl.RoleInfo (RoleInfo.java:shutdownLeaderElection(130)) - e547bcb9-eced-475a-8c61-963b1a05d208: shutdown e547bcb9-eced-475a-8c61-963b1a05d208@group-F5409A33EF3A-LeaderElection30
2022-06-15 07:35:09,377 [e547bcb9-eced-475a-8c61-963b1a05d208@group-F5409A33EF3A-LeaderElection30] INFO  server.RaftServer$Division (RaftServerImpl.java:setRole(299)) - e547bcb9-eced-475a-8c61-963b1a05d208@group-F5409A33EF3A: changes role from CANDIDATE to LEADER at term 3 for changeToLeader
2022-06-15 07:35:09,377 [e547bcb9-eced-475a-8c61-963b1a05d208@group-F5409A33EF3A-LeaderElection30] INFO  ratis.XceiverServerRatis (XceiverServerRatis.java:handleLeaderChangedNotification(863)) - Leader change notification received for group: group-F5409A33EF3A with new leaderId: e547bcb9-eced-475a-8c61-963b1a05d208
2022-06-15 07:35:09,377 [e547bcb9-eced-475a-8c61-963b1a05d208@group-F5409A33EF3A-LeaderElection30] INFO  server.RaftServer$Division (ServerState.java:setLeader(287)) - e547bcb9-eced-475a-8c61-963b1a05d208@group-F5409A33EF3A: change Leader from null to e547bcb9-eced-475a-8c61-963b1a05d208 at term 3 for becomeLeader, leader elected after 49ms
2022-06-15 07:35:09,377 [e547bcb9-eced-475a-8c61-963b1a05d208@group-F5409A33EF3A-LeaderElection30] INFO  server.RaftServerConfigKeys (ConfUtils.java:logGet(46)) - raft.server.staging.catchup.gap = 1000 (default)
2022-06-15 07:35:09,377 [e547bcb9-eced-475a-8c61-963b1a05d208@group-F5409A33EF3A-LeaderElection30] INFO  server.RaftServerConfigKeys (ConfUtils.java:logGet(46)) - raft.server.write.element-limit = 1024 (custom)
2022-06-15 07:35:09,377 [e547bcb9-eced-475a-8c61-963b1a05d208@group-F5409A33EF3A-LeaderElection30] INFO  server.RaftServerConfigKeys (ConfUtils.java:logGet(46)) - raft.server.write.byte-limit = 1024 M (=1073741824) (custom)
2022-06-15 07:35:09,377 [e547bcb9-eced-475a-8c61-963b1a05d208@group-F5409A33EF3A-LeaderElection30] INFO  server.RaftServerConfigKeys (ConfUtils.java:logGet(46)) - raft.server.watch.timeout = 10000ms (default)
2022-06-15 07:35:09,377 [e547bcb9-eced-475a-8c61-963b1a05d208@group-F5409A33EF3A-LeaderElection30] INFO  server.RaftServerConfigKeys (ConfUtils.java:logGet(46)) - raft.server.watch.timeout.denomination = 1s (default)
2022-06-15 07:35:09,377 [e547bcb9-eced-475a-8c61-963b1a05d208@group-F5409A33EF3A-LeaderElection30] INFO  server.RaftServerConfigKeys (ConfUtils.java:logGet(46)) - raft.server.watch.element-limit = 65536 (default)
2022-06-15 07:35:09,377 [e547bcb9-eced-475a-8c61-963b1a05d208@group-F5409A33EF3A-LeaderElection30] INFO  server.RaftServerConfigKeys (ConfUtils.java:logGet(46)) - raft.server.write.element-limit = 1024 (custom)
2022-06-15 07:35:09,378 [e547bcb9-eced-475a-8c61-963b1a05d208@group-F5409A33EF3A-LeaderElection30] INFO  server.RaftServerConfigKeys (ConfUtils.java:logGet(46)) - raft.server.write.follower.gap.ratio.max = -1.0 (default)
2022-06-15 07:35:09,378 [e547bcb9-eced-475a-8c61-963b1a05d208@group-F5409A33EF3A-LeaderElection30] INFO  server.RaftServerConfigKeys (ConfUtils.java:logGet(46)) - raft.server.log.appender.snapshot.chunk.size.max = 16MB (=16777216) (default)
2022-06-15 07:35:09,378 [e547bcb9-eced-475a-8c61-963b1a05d208@group-F5409A33EF3A-LeaderElection30] INFO  server.RaftServerConfigKeys (ConfUtils.java:logGet(46)) - raft.server.log.appender.buffer.byte-limit = 33554432 (custom)
2022-06-15 07:35:09,378 [e547bcb9-eced-475a-8c61-963b1a05d208@group-F5409A33EF3A-LeaderElection30] INFO  server.RaftServerConfigKeys (ConfUtils.java:logGet(46)) - raft.server.log.appender.buffer.element-limit = 1 (custom)
2022-06-15 07:35:09,378 [e547bcb9-eced-475a-8c61-963b1a05d208@group-F5409A33EF3A-LeaderElection30] INFO  grpc.GrpcConfigKeys (ConfUtils.java:logGet(46)) - raft.grpc.server.leader.outstanding.appends.max = 128 (default)
2022-06-15 07:35:09,378 [e547bcb9-eced-475a-8c61-963b1a05d208@group-F5409A33EF3A-LeaderElection30] INFO  server.RaftServerConfigKeys (ConfUtils.java:logGet(46)) - raft.server.rpc.request.timeout = 3000ms (default)
2022-06-15 07:35:09,378 [e547bcb9-eced-475a-8c61-963b1a05d208@group-F5409A33EF3A-LeaderElection30] INFO  server.RaftServerConfigKeys (ConfUtils.java:logGet(46)) - raft.server.log.appender.install.snapshot.enabled = false (custom)
2022-06-15 07:35:09,381 [e547bcb9-eced-475a-8c61-963b1a05d208@group-F5409A33EF3A-LeaderElection30] INFO  server.RaftServerConfigKeys (ConfUtils.java:logGet(46)) - raft.server.log.appender.snapshot.chunk.size.max = 16MB (=16777216) (default)
2022-06-15 07:35:09,381 [e547bcb9-eced-475a-8c61-963b1a05d208@group-F5409A33EF3A-LeaderElection30] INFO  server.RaftServerConfigKeys (ConfUtils.java:logGet(46)) - raft.server.log.appender.buffer.byte-limit = 33554432 (custom)
2022-06-15 07:35:09,381 [e547bcb9-eced-475a-8c61-963b1a05d208@group-F5409A33EF3A-LeaderElection30] INFO  server.RaftServerConfigKeys (ConfUtils.java:logGet(46)) - raft.server.log.appender.buffer.element-limit = 1 (custom)
2022-06-15 07:35:09,381 [e547bcb9-eced-475a-8c61-963b1a05d208@group-F5409A33EF3A-LeaderElection30] INFO  grpc.GrpcConfigKeys (ConfUtils.java:logGet(46)) - raft.grpc.server.leader.outstanding.appends.max = 128 (default)
2022-06-15 07:35:09,381 [e547bcb9-eced-475a-8c61-963b1a05d208@group-F5409A33EF3A-LeaderElection30] INFO  server.RaftServerConfigKeys (ConfUtils.java:logGet(46)) - raft.server.rpc.request.timeout = 3000ms (default)
2022-06-15 07:35:09,381 [e547bcb9-eced-475a-8c61-963b1a05d208@group-F5409A33EF3A-LeaderElection30] INFO  server.RaftServerConfigKeys (ConfUtils.java:logGet(46)) - raft.server.log.appender.install.snapshot.enabled = false (custom)
2022-06-15 07:35:09,382 [e547bcb9-eced-475a-8c61-963b1a05d208@group-F5409A33EF3A-LeaderElection30] INFO  impl.RoleInfo (RoleInfo.java:updateAndGet(139)) - e547bcb9-eced-475a-8c61-963b1a05d208: start e547bcb9-eced-475a-8c61-963b1a05d208@group-F5409A33EF3A-LeaderStateImpl
2022-06-15 07:35:09,383 [e547bcb9-eced-475a-8c61-963b1a05d208@group-F5409A33EF3A-LeaderElection30] INFO  segmented.SegmentedRaftLogWorker (SegmentedRaftLogWorker.java:rollLogSegment(430)) - e547bcb9-eced-475a-8c61-963b1a05d208@group-F5409A33EF3A-SegmentedRaftLogWorker: Rolling segment log-0_0 to index:0
2022-06-15 07:35:09,384 [Listener at 127.0.0.1/34461] INFO  impl.DataStreamServerImpl (ConfUtils.java:logGet(46)) - raft.datastream.type = DISABLED (default)
2022-06-15 07:35:09,384 [Listener at 127.0.0.1/34461] INFO  server.RaftServerConfigKeys (ConfUtils.java:logGet(46)) - raft.server.threadpool.proxy.cached = true (default)
2022-06-15 07:35:09,384 [e547bcb9-eced-475a-8c61-963b1a05d208@group-F5409A33EF3A-SegmentedRaftLogWorker] INFO  segmented.SegmentedRaftLogWorker (SegmentedRaftLogWorker.java:execute(586)) - e547bcb9-eced-475a-8c61-963b1a05d208@group-F5409A33EF3A-SegmentedRaftLogWorker: Rolled log segment from /home/runner/work/ozone/ozone/hadoop-ozone/integration-test/target/test-dir/MiniOzoneClusterImpl-589494f2-24de-4a8c-8650-9a890bc48d46/datanode-3/data/ratis/23d08045-b382-4fa8-b6c5-f5409a33ef3a/current/log_inprogress_0 to /home/runner/work/ozone/ozone/hadoop-ozone/integration-test/target/test-dir/MiniOzoneClusterImpl-589494f2-24de-4a8c-8650-9a890bc48d46/datanode-3/data/ratis/23d08045-b382-4fa8-b6c5-f5409a33ef3a/current/log_0-0
2022-06-15 07:35:09,384 [Listener at 127.0.0.1/34461] INFO  server.RaftServerConfigKeys (ConfUtils.java:logGet(46)) - raft.server.threadpool.proxy.size = 0 (default)
2022-06-15 07:35:09,388 [Listener at 127.0.0.1/34461] INFO  server.RaftServerConfigKeys (ConfUtils.java:logGet(46)) - raft.server.rpc.slowness.timeout = 300000ms (custom)
2022-06-15 07:35:09,388 [Listener at 127.0.0.1/34461] INFO  server.RaftServerConfigKeys (ConfUtils.java:logGet(46)) - raft.server.leaderelection.leader.step-down.wait-time = 10s (default)
2022-06-15 07:35:09,388 [Listener at 127.0.0.1/34461] INFO  server.RaftServerConfigKeys (ConfUtils.java:logGet(46)) - raft.server.storage.dir = [/home/runner/work/ozone/ozone/hadoop-ozone/integration-test/target/test-dir/MiniOzoneClusterImpl-589494f2-24de-4a8c-8650-9a890bc48d46/datanode-4/data/ratisa7504552-e52c-461d-9779-51d24fac9957] (custom)
2022-06-15 07:35:09,389 [e547bcb9-eced-475a-8c61-963b1a05d208@group-F5409A33EF3A-SegmentedRaftLogWorker] INFO  segmented.SegmentedRaftLogWorker (SegmentedRaftLogWorker.java:execute(629)) - e547bcb9-eced-475a-8c61-963b1a05d208@group-F5409A33EF3A-SegmentedRaftLogWorker: created new log segment /home/runner/work/ozone/ozone/hadoop-ozone/integration-test/target/test-dir/MiniOzoneClusterImpl-589494f2-24de-4a8c-8650-9a890bc48d46/datanode-3/data/ratis/23d08045-b382-4fa8-b6c5-f5409a33ef3a/current/log_inprogress_1
2022-06-15 07:35:09,399 [b4f5d82c-04a6-4c81-89bd-99aee48f7148-server-thread1] INFO  ratis.XceiverServerRatis (XceiverServerRatis.java:handleLeaderChangedNotification(863)) - Leader change notification received for group: group-F5409A33EF3A with new leaderId: e547bcb9-eced-475a-8c61-963b1a05d208
2022-06-15 07:35:09,400 [b4f5d82c-04a6-4c81-89bd-99aee48f7148-server-thread1] INFO  server.RaftServer$Division (ServerState.java:setLeader(287)) - b4f5d82c-04a6-4c81-89bd-99aee48f7148@group-F5409A33EF3A: change Leader from null to e547bcb9-eced-475a-8c61-963b1a05d208 at term 3 for appendEntries, leader elected after 66ms
2022-06-15 07:35:09,407 [e547bcb9-eced-475a-8c61-963b1a05d208@group-F5409A33EF3A-LeaderElection30] INFO  server.RaftServer$Division (ServerState.java:setRaftConf(393)) - e547bcb9-eced-475a-8c61-963b1a05d208@group-F5409A33EF3A: set configuration 1: [e547bcb9-eced-475a-8c61-963b1a05d208|rpc:10.1.0.11:40217|dataStream:|priority:0, b4f5d82c-04a6-4c81-89bd-99aee48f7148|rpc:10.1.0.11:43229|dataStream:|priority:0, 7bb1eb80-c113-41fd-8e62-543e67410fa1|rpc:10.1.0.11:37245|dataStream:|priority:1], old=null
2022-06-15 07:35:09,409 [grpc-default-executor-2] WARN  server.GrpcLogAppender (LogUtils.java:warn(122)) - e547bcb9-eced-475a-8c61-963b1a05d208@group-F5409A33EF3A->7bb1eb80-c113-41fd-8e62-543e67410fa1-AppendLogResponseHandler: Failed appendEntries: org.apache.ratis.thirdparty.io.grpc.StatusRuntimeException: UNAVAILABLE: io exception
2022-06-15 07:35:09,410 [grpc-default-executor-2] WARN  server.GrpcLogAppender (GrpcLogAppender.java:resetClient(111)) - e547bcb9-eced-475a-8c61-963b1a05d208@group-F5409A33EF3A->7bb1eb80-c113-41fd-8e62-543e67410fa1-GrpcLogAppender: Leader has not got in touch with Follower e547bcb9-eced-475a-8c61-963b1a05d208@group-F5409A33EF3A->7bb1eb80-c113-41fd-8e62-543e67410fa1(c-1,m0,n1, attendVote=true, lastRpcSendTime=5232, lastRpcResponseTime=5232) yet, just keep nextIndex unchanged and retry.
2022-06-15 07:35:09,413 [b4f5d82c-04a6-4c81-89bd-99aee48f7148-server-thread1] INFO  server.RaftServer$Division (ServerState.java:setRaftConf(393)) - b4f5d82c-04a6-4c81-89bd-99aee48f7148@group-F5409A33EF3A: set configuration 1: [e547bcb9-eced-475a-8c61-963b1a05d208|rpc:10.1.0.11:40217|dataStream:|priority:0, b4f5d82c-04a6-4c81-89bd-99aee48f7148|rpc:10.1.0.11:43229|dataStream:|priority:0, 7bb1eb80-c113-41fd-8e62-543e67410fa1|rpc:10.1.0.11:37245|dataStream:|priority:1], old=null
2022-06-15 07:35:09,413 [b4f5d82c-04a6-4c81-89bd-99aee48f7148-server-thread1] INFO  segmented.SegmentedRaftLogWorker (SegmentedRaftLogWorker.java:rollLogSegment(430)) - b4f5d82c-04a6-4c81-89bd-99aee48f7148@group-F5409A33EF3A-SegmentedRaftLogWorker: Rolling segment log-0_0 to index:0
2022-06-15 07:35:09,414 [b4f5d82c-04a6-4c81-89bd-99aee48f7148@group-F5409A33EF3A-SegmentedRaftLogWorker] INFO  segmented.SegmentedRaftLogWorker (SegmentedRaftLogWorker.java:execute(586)) - b4f5d82c-04a6-4c81-89bd-99aee48f7148@group-F5409A33EF3A-SegmentedRaftLogWorker: Rolled log segment from /home/runner/work/ozone/ozone/hadoop-ozone/integration-test/target/test-dir/MiniOzoneClusterImpl-589494f2-24de-4a8c-8650-9a890bc48d46/datanode-5/data/ratis/23d08045-b382-4fa8-b6c5-f5409a33ef3a/current/log_inprogress_0 to /home/runner/work/ozone/ozone/hadoop-ozone/integration-test/target/test-dir/MiniOzoneClusterImpl-589494f2-24de-4a8c-8650-9a890bc48d46/datanode-5/data/ratis/23d08045-b382-4fa8-b6c5-f5409a33ef3a/current/log_0-0
2022-06-15 07:35:09,415 [grpc-default-executor-3] WARN  server.GrpcLogAppender (LogUtils.java:warn(122)) - e547bcb9-eced-475a-8c61-963b1a05d208@group-F5409A33EF3A->7bb1eb80-c113-41fd-8e62-543e67410fa1-AppendLogResponseHandler: Failed appendEntries: org.apache.ratis.thirdparty.io.grpc.StatusRuntimeException: UNAVAILABLE: io exception
2022-06-15 07:35:09,415 [grpc-default-executor-3] WARN  server.GrpcLogAppender (GrpcLogAppender.java:resetClient(111)) - e547bcb9-eced-475a-8c61-963b1a05d208@group-F5409A33EF3A->7bb1eb80-c113-41fd-8e62-543e67410fa1-GrpcLogAppender: Leader has not got in touch with Follower e547bcb9-eced-475a-8c61-963b1a05d208@group-F5409A33EF3A->7bb1eb80-c113-41fd-8e62-543e67410fa1(c-1,m0,n2, attendVote=true, lastRpcSendTime=0, lastRpcResponseTime=5237) yet, just keep nextIndex unchanged and retry.
2022-06-15 07:35:09,416 [b4f5d82c-04a6-4c81-89bd-99aee48f7148@group-F5409A33EF3A-SegmentedRaftLogWorker] INFO  segmented.SegmentedRaftLogWorker (SegmentedRaftLogWorker.java:execute(629)) - b4f5d82c-04a6-4c81-89bd-99aee48f7148@group-F5409A33EF3A-SegmentedRaftLogWorker: created new log segment /home/runner/work/ozone/ozone/hadoop-ozone/integration-test/target/test-dir/MiniOzoneClusterImpl-589494f2-24de-4a8c-8650-9a890bc48d46/datanode-5/data/ratis/23d08045-b382-4fa8-b6c5-f5409a33ef3a/current/log_inprogress_1
2022-06-15 07:35:09,426 [Listener at 127.0.0.1/34461] INFO  server.XceiverServerGrpc (XceiverServerGrpc.java:<init>(132)) - GrpcServer channel type EpollServerSocketChannel
2022-06-15 07:35:09,440 [Listener at 127.0.0.1/34461] INFO  http.BaseHttpServer (BaseHttpServer.java:newHttpServer2BuilderForOzone(209)) - Starting Web-server for hddsDatanode at: http://0.0.0.0:33373
2022-06-15 07:35:09,440 [Listener at 127.0.0.1/34461] INFO  http.BaseHttpServer (BaseHttpServer.java:<init>(107)) - Hadoop Security Enabled: false Ozone Security Enabled: false Ozone HTTP Security Enabled: false 
2022-06-15 07:35:09,443 [e547bcb9-eced-475a-8c61-963b1a05d208@group-F5409A33EF3A-StateMachineUpdater] INFO  ratis.ContainerStateMachine (ContainerStateMachine.java:takeSnapshot(304)) - group-F5409A33EF3A: Taking a snapshot at:(t:3, i:1) file /home/runner/work/ozone/ozone/hadoop-ozone/integration-test/target/test-dir/MiniOzoneClusterImpl-589494f2-24de-4a8c-8650-9a890bc48d46/datanode-3/data/ratis/23d08045-b382-4fa8-b6c5-f5409a33ef3a/sm/snapshot.3_1
2022-06-15 07:35:09,444 [grpc-default-executor-2] WARN  server.GrpcLogAppender (LogUtils.java:warn(122)) - e547bcb9-eced-475a-8c61-963b1a05d208@group-F5409A33EF3A->7bb1eb80-c113-41fd-8e62-543e67410fa1-AppendLogResponseHandler: Failed appendEntries: org.apache.ratis.thirdparty.io.grpc.StatusRuntimeException: UNAVAILABLE: io exception
2022-06-15 07:35:09,445 [e547bcb9-eced-475a-8c61-963b1a05d208@group-F5409A33EF3A-StateMachineUpdater] INFO  ratis.ContainerStateMachine (ContainerStateMachine.java:takeSnapshot(315)) - group-F5409A33EF3A: Finished taking a snapshot at:(t:3, i:1) file:/home/runner/work/ozone/ozone/hadoop-ozone/integration-test/target/test-dir/MiniOzoneClusterImpl-589494f2-24de-4a8c-8650-9a890bc48d46/datanode-3/data/ratis/23d08045-b382-4fa8-b6c5-f5409a33ef3a/sm/snapshot.3_1 took: 3 ms
2022-06-15 07:35:09,447 [grpc-default-executor-2] WARN  server.GrpcLogAppender (GrpcLogAppender.java:resetClient(111)) - e547bcb9-eced-475a-8c61-963b1a05d208@group-F5409A33EF3A->7bb1eb80-c113-41fd-8e62-543e67410fa1-GrpcLogAppender: Leader has not got in touch with Follower e547bcb9-eced-475a-8c61-963b1a05d208@group-F5409A33EF3A->7bb1eb80-c113-41fd-8e62-543e67410fa1(c-1,m0,n3, attendVote=true, lastRpcSendTime=3, lastRpcResponseTime=5269) yet, just keep nextIndex unchanged and retry.
2022-06-15 07:35:09,448 [e547bcb9-eced-475a-8c61-963b1a05d208@group-F5409A33EF3A-StateMachineUpdater] INFO  impl.StateMachineUpdater (StateMachineUpdater.java:takeSnapshot(287)) - e547bcb9-eced-475a-8c61-963b1a05d208@group-F5409A33EF3A-StateMachineUpdater: Took a snapshot at index 1
2022-06-15 07:35:09,448 [e547bcb9-eced-475a-8c61-963b1a05d208@group-F5409A33EF3A-StateMachineUpdater] INFO  impl.StateMachineUpdater (StateMachineUpdater.java:lambda$new$0(92)) - e547bcb9-eced-475a-8c61-963b1a05d208@group-F5409A33EF3A-StateMachineUpdater: snapshotIndex: updateIncreasingly 0 -> 1
2022-06-15 07:35:09,448 [Listener at 127.0.0.1/34461] INFO  server.AuthenticationFilter (AuthenticationFilter.java:constructSecretProvider(240)) - Unable to initialize FileSignerSecretProvider, falling back to use random secrets.
2022-06-15 07:35:09,453 [b4f5d82c-04a6-4c81-89bd-99aee48f7148@group-F5409A33EF3A-StateMachineUpdater] INFO  ratis.ContainerStateMachine (ContainerStateMachine.java:takeSnapshot(304)) - group-F5409A33EF3A: Taking a snapshot at:(t:3, i:1) file /home/runner/work/ozone/ozone/hadoop-ozone/integration-test/target/test-dir/MiniOzoneClusterImpl-589494f2-24de-4a8c-8650-9a890bc48d46/datanode-5/data/ratis/23d08045-b382-4fa8-b6c5-f5409a33ef3a/sm/snapshot.3_1
2022-06-15 07:35:09,459 [e547bcb9-eced-475a-8c61-963b1a05d208@group-F5409A33EF3A-StateMachineUpdater] INFO  ratis.ContainerStateMachine (ContainerStateMachine.java:takeSnapshot(304)) - group-F5409A33EF3A: Taking a snapshot at:(t:3, i:2) file /home/runner/work/ozone/ozone/hadoop-ozone/integration-test/target/test-dir/MiniOzoneClusterImpl-589494f2-24de-4a8c-8650-9a890bc48d46/datanode-3/data/ratis/23d08045-b382-4fa8-b6c5-f5409a33ef3a/sm/snapshot.3_2
2022-06-15 07:35:09,461 [b4f5d82c-04a6-4c81-89bd-99aee48f7148@group-F5409A33EF3A-StateMachineUpdater] INFO  ratis.ContainerStateMachine (ContainerStateMachine.java:takeSnapshot(315)) - group-F5409A33EF3A: Finished taking a snapshot at:(t:3, i:1) file:/home/runner/work/ozone/ozone/hadoop-ozone/integration-test/target/test-dir/MiniOzoneClusterImpl-589494f2-24de-4a8c-8650-9a890bc48d46/datanode-5/data/ratis/23d08045-b382-4fa8-b6c5-f5409a33ef3a/sm/snapshot.3_1 took: 8 ms
2022-06-15 07:35:09,461 [b4f5d82c-04a6-4c81-89bd-99aee48f7148@group-F5409A33EF3A-StateMachineUpdater] INFO  impl.StateMachineUpdater (StateMachineUpdater.java:takeSnapshot(287)) - b4f5d82c-04a6-4c81-89bd-99aee48f7148@group-F5409A33EF3A-StateMachineUpdater: Took a snapshot at index 1
2022-06-15 07:35:09,461 [b4f5d82c-04a6-4c81-89bd-99aee48f7148@group-F5409A33EF3A-StateMachineUpdater] INFO  impl.StateMachineUpdater (StateMachineUpdater.java:lambda$new$0(92)) - b4f5d82c-04a6-4c81-89bd-99aee48f7148@group-F5409A33EF3A-StateMachineUpdater: snapshotIndex: updateIncreasingly 0 -> 1
2022-06-15 07:35:09,461 [e547bcb9-eced-475a-8c61-963b1a05d208@group-F5409A33EF3A-StateMachineUpdater] INFO  ratis.ContainerStateMachine (ContainerStateMachine.java:takeSnapshot(315)) - group-F5409A33EF3A: Finished taking a snapshot at:(t:3, i:2) file:/home/runner/work/ozone/ozone/hadoop-ozone/integration-test/target/test-dir/MiniOzoneClusterImpl-589494f2-24de-4a8c-8650-9a890bc48d46/datanode-3/data/ratis/23d08045-b382-4fa8-b6c5-f5409a33ef3a/sm/snapshot.3_2 took: 3 ms
2022-06-15 07:35:09,461 [e547bcb9-eced-475a-8c61-963b1a05d208@group-F5409A33EF3A-StateMachineUpdater] INFO  impl.StateMachineUpdater (StateMachineUpdater.java:takeSnapshot(287)) - e547bcb9-eced-475a-8c61-963b1a05d208@group-F5409A33EF3A-StateMachineUpdater: Took a snapshot at index 2
2022-06-15 07:35:09,461 [e547bcb9-eced-475a-8c61-963b1a05d208@group-F5409A33EF3A-StateMachineUpdater] INFO  impl.StateMachineUpdater (StateMachineUpdater.java:lambda$new$0(92)) - e547bcb9-eced-475a-8c61-963b1a05d208@group-F5409A33EF3A-StateMachineUpdater: snapshotIndex: updateIncreasingly 1 -> 2
2022-06-15 07:35:09,462 [FixedThreadPoolWithAffinityExecutor-1-0] WARN  container.ContainerReportHandler (AbstractContainerReportHandler.java:updateContainerState(255)) - Container #4 is in OPEN state, but the datanode 2ba0c2a5-1748-4da9-81e4-5266296b4b8f{ip: 10.1.0.11, host: fv-az121-418.xhy4bhhdincepo0av04agjzkjc.cx.internal.cloudapp.net, ports: [REPLICATION=43041, RATIS=43465, RATIS_ADMIN=43465, RATIS_SERVER=43465, STANDALONE=43919], networkLocation: /default-rack, certSerialId: null, persistedOpState: IN_SERVICE, persistedOpStateExpiryEpochSec: 0} reports an CLOSED replica.
2022-06-15 07:35:09,473 [Listener at 127.0.0.1/34461] WARN  http.HttpRequestLog (HttpRequestLog.java:getRequestLog(103)) - Jetty request log can only be enabled using Log4j
2022-06-15 07:35:09,474 [Listener at 127.0.0.1/34461] INFO  http.HttpServer2 (HttpServer2.java:addGlobalFilter(1029)) - Added global filter 'safety' (class=org.apache.hadoop.hdds.server.http.HttpServer2$QuotingInputFilter)
2022-06-15 07:35:09,476 [Listener at 127.0.0.1/34461] INFO  http.HttpServer2 (HttpServer2.java:addFilter(1005)) - Added filter static_user_filter (class=org.apache.hadoop.http.lib.StaticUserWebFilter$StaticUserFilter) to context hddsDatanode
2022-06-15 07:35:09,476 [Listener at 127.0.0.1/34461] INFO  http.HttpServer2 (HttpServer2.java:addFilter(1013)) - Added filter static_user_filter (class=org.apache.hadoop.http.lib.StaticUserWebFilter$StaticUserFilter) to context logs
2022-06-15 07:35:09,476 [Listener at 127.0.0.1/34461] INFO  http.HttpServer2 (HttpServer2.java:addFilter(1013)) - Added filter static_user_filter (class=org.apache.hadoop.http.lib.StaticUserWebFilter$StaticUserFilter) to context static
2022-06-15 07:35:09,476 [Listener at 127.0.0.1/34461] INFO  http.HttpServer2 (HttpServer2.java:bindListener(1248)) - Jetty bound to port 33373
2022-06-15 07:35:09,477 [Listener at 127.0.0.1/34461] INFO  server.Server (Server.java:doStart(375)) - jetty-9.4.43.v20210629; built: 2021-06-30T11:07:22.254Z; git: 526006ecfa3af7f1a27ef3a288e2bef7ea9dd7e8; jvm 1.8.0_332-b09
2022-06-15 07:35:09,539 [Listener at 127.0.0.1/34461] INFO  server.session (DefaultSessionIdManager.java:doStart(334)) - DefaultSessionIdManager workerName=node0
2022-06-15 07:35:09,539 [Listener at 127.0.0.1/34461] INFO  server.session (DefaultSessionIdManager.java:doStart(339)) - No SessionScavenger set, using defaults
2022-06-15 07:35:09,540 [Listener at 127.0.0.1/34461] INFO  server.session (HouseKeeper.java:startScavenging(132)) - node0 Scavenging every 660000ms
2022-06-15 07:35:09,543 [Listener at 127.0.0.1/34461] INFO  handler.ContextHandler (ContextHandler.java:doStart(915)) - Started o.e.j.s.ServletContextHandler@77cbdc79{logs,/logs,file:///home/runner/work/ozone/ozone/hadoop-ozone/integration-test/target/log,AVAILABLE}
2022-06-15 07:35:09,543 [Listener at 127.0.0.1/34461] INFO  handler.ContextHandler (ContextHandler.java:doStart(915)) - Started o.e.j.s.ServletContextHandler@31cdae6e{static,/static,jar:file:/home/runner/.m2/repository/org/apache/ozone/hdds-container-service/1.3.0-SNAPSHOT/hdds-container-service-1.3.0-SNAPSHOT.jar!/webapps/static,AVAILABLE}
2022-06-15 07:35:09,579 [EventQueue-PipelineReportForPipelineReportHandler] INFO  pipeline.PipelineReportHandler (PipelineReportHandler.java:processPipelineReport(113)) - Reported pipeline PipelineID=83aa0ae5-c647-4842-ba01-114df2e904af is not found
2022-06-15 07:35:09,604 [java.util.concurrent.ThreadPoolExecutor$Worker@53bd48cc[State = -1, empty queue]] WARN  server.GrpcLogAppender (GrpcLogAppender.java:timeoutAppendRequest(239)) - b0a9d56e-b544-41cd-b2b1-b34d126127d5@group-DEDC8EEB63DA->543aeec3-c74a-41c2-8a93-8d529b3aabc8-GrpcLogAppender: HEARTBEAT appendEntries Timeout, request=AppendEntriesRequest:cid=3170612,entriesCount=0,lastEntry=null
2022-06-15 07:35:09,660 [FixedThreadPoolWithAffinityExecutor-0-0] WARN  container.ContainerReportHandler (AbstractContainerReportHandler.java:updateContainerState(255)) - Container #4 is in OPEN state, but the datanode 2ba0c2a5-1748-4da9-81e4-5266296b4b8f{ip: 10.1.0.11, host: fv-az121-418.xhy4bhhdincepo0av04agjzkjc.cx.internal.cloudapp.net, ports: [REPLICATION=43041, RATIS=43465, RATIS_ADMIN=43465, RATIS_SERVER=43465, STANDALONE=43919], networkLocation: /default-rack, certSerialId: null, persistedOpState: IN_SERVICE, persistedOpStateExpiryEpochSec: 0} reports an CLOSED replica.
2022-06-15 07:35:09,677 [java.util.concurrent.ThreadPoolExecutor$Worker@53bd48cc[State = -1, empty queue]] WARN  server.GrpcLogAppender (GrpcLogAppender.java:timeoutAppendRequest(239)) - b0a9d56e-b544-41cd-b2b1-b34d126127d5@group-114DF2E904AF->543aeec3-c74a-41c2-8a93-8d529b3aabc8-GrpcLogAppender: HEARTBEAT appendEntries Timeout, request=AppendEntriesRequest:cid=1037490,entriesCount=0,lastEntry=null
2022-06-15 07:35:09,701 [EventQueue-PipelineReportForPipelineReportHandler] INFO  pipeline.PipelineReportHandler (PipelineReportHandler.java:processPipelineReport(113)) - Reported pipeline PipelineID=83aa0ae5-c647-4842-ba01-114df2e904af is not found
2022-06-15 07:35:09,712 [grpc-default-executor-3] WARN  server.GrpcLogAppender (LogUtils.java:warn(122)) - b4f5d82c-04a6-4c81-89bd-99aee48f7148@group-61C79976014F->7bb1eb80-c113-41fd-8e62-543e67410fa1-AppendLogResponseHandler: Failed appendEntries: org.apache.ratis.thirdparty.io.grpc.StatusRuntimeException: UNAVAILABLE: io exception
2022-06-15 07:35:09,713 [grpc-default-executor-3] WARN  server.GrpcLogAppender (GrpcLogAppender.java:resetClient(111)) - b4f5d82c-04a6-4c81-89bd-99aee48f7148@group-61C79976014F->7bb1eb80-c113-41fd-8e62-543e67410fa1-GrpcLogAppender: Leader has not got in touch with Follower b4f5d82c-04a6-4c81-89bd-99aee48f7148@group-61C79976014F->7bb1eb80-c113-41fd-8e62-543e67410fa1(c0,m0,n1, attendVote=true, lastRpcSendTime=1254, lastRpcResponseTime=6258) yet, just keep nextIndex unchanged and retry.
2022-06-15 07:35:09,981 [EventQueue-PipelineReportForPipelineReportHandler] INFO  pipeline.PipelineReportHandler (PipelineReportHandler.java:processPipelineReport(113)) - Reported pipeline PipelineID=83aa0ae5-c647-4842-ba01-114df2e904af is not found
2022-06-15 07:35:10,008 [Listener at 127.0.0.1/34461] INFO  handler.ContextHandler (ContextHandler.java:doStart(915)) - Started o.e.j.w.WebAppContext@6fd44395{hddsDatanode,/,file:///tmp/jetty-0_0_0_0-33373-hdds-container-service-1_3_0-SNAPSHOT_jar-_-any-7356220654451544768/webapp/,AVAILABLE}{jar:file:/home/runner/.m2/repository/org/apache/ozone/hdds-container-service/1.3.0-SNAPSHOT/hdds-container-service-1.3.0-SNAPSHOT.jar!/webapps/hddsDatanode}
2022-06-15 07:35:10,023 [Listener at 127.0.0.1/34461] INFO  server.AbstractConnector (AbstractConnector.java:doStart(331)) - Started ServerConnector@787eae84{HTTP/1.1, (http/1.1)}{0.0.0.0:33373}
2022-06-15 07:35:10,024 [Listener at 127.0.0.1/34461] INFO  server.Server (Server.java:doStart(415)) - Started @88394ms
2022-06-15 07:35:10,024 [Listener at 127.0.0.1/34461] WARN  impl.MetricsSystemImpl (MetricsSystemImpl.java:register(279)) - Sink prometheus already exists!
2022-06-15 07:35:10,025 [Listener at 127.0.0.1/34461] INFO  http.BaseHttpServer (BaseHttpServer.java:updateConnectorAddress(329)) - HTTP server of hddsDatanode listening at http://0.0.0.0:33373
2022-06-15 07:35:10,032 [Datanode State Machine Daemon Thread] INFO  statemachine.DatanodeStateMachine (DatanodeStateMachine.java:lambda$startDaemon$0(484)) - Ozone container server started.
2022-06-15 07:35:10,034 [Listener at 127.0.0.1/34461] INFO  keyvalue.KeyValueHandler (ContainerUtils.java:logAndReturnError(88)) - Operation: CloseContainer , Trace ID:  , Message: Cannot close container #7 while in UNHEALTHY state. , Result: CONTAINER_UNHEALTHY , StorageContainerException Occurred.
org.apache.hadoop.hdds.scm.container.common.helpers.StorageContainerException: Cannot close container #7 while in UNHEALTHY state.
	at org.apache.hadoop.ozone.container.keyvalue.KeyValueHandler.closeContainer(KeyValueHandler.java:1053)
	at org.apache.hadoop.ozone.container.keyvalue.KeyValueHandler.handleCloseContainer(KeyValueHandler.java:430)
	at org.apache.hadoop.ozone.container.keyvalue.KeyValueHandler.dispatchRequest(KeyValueHandler.java:215)
	at org.apache.hadoop.ozone.container.keyvalue.KeyValueHandler.handle(KeyValueHandler.java:193)
	at org.apache.hadoop.ozone.container.common.impl.HddsDispatcher.dispatchRequest(HddsDispatcher.java:307)
	at org.apache.hadoop.ozone.container.common.impl.HddsDispatcher.lambda$dispatch$0(HddsDispatcher.java:169)
	at org.apache.hadoop.hdds.server.OzoneProtocolMessageDispatcher.processRequest(OzoneProtocolMessageDispatcher.java:87)
	at org.apache.hadoop.ozone.container.common.impl.HddsDispatcher.dispatch(HddsDispatcher.java:168)
	at org.apache.hadoop.ozone.client.rpc.TestContainerStateMachineFailures.testUnhealthyContainer(TestContainerStateMachineFailures.java:384)
	at sun.reflect.NativeMethodAccessorImpl.invoke0(Native Method)
	at sun.reflect.NativeMethodAccessorImpl.invoke(NativeMethodAccessorImpl.java:62)
	at sun.reflect.DelegatingMethodAccessorImpl.invoke(DelegatingMethodAccessorImpl.java:43)
	at java.lang.reflect.Method.invoke(Method.java:498)
	at org.junit.platform.commons.util.ReflectionUtils.invokeMethod(ReflectionUtils.java:725)
	at org.junit.jupiter.engine.execution.MethodInvocation.proceed(MethodInvocation.java:60)
	at org.junit.jupiter.engine.execution.InvocationInterceptorChain$ValidatingInvocation.proceed(InvocationInterceptorChain.java:131)
	at org.junit.jupiter.engine.extension.TimeoutExtension.intercept(TimeoutExtension.java:149)
	at org.junit.jupiter.engine.extension.TimeoutExtension.interceptTestableMethod(TimeoutExtension.java:140)
	at org.junit.jupiter.engine.extension.TimeoutExtension.interceptTestMethod(TimeoutExtension.java:84)
	at org.junit.jupiter.engine.execution.ExecutableInvoker$ReflectiveInterceptorCall.lambda$ofVoidMethod$0(ExecutableInvoker.java:115)
	at org.junit.jupiter.engine.execution.ExecutableInvoker.lambda$invoke$0(ExecutableInvoker.java:105)
	at org.junit.jupiter.engine.execution.InvocationInterceptorChain$InterceptedInvocation.proceed(InvocationInterceptorChain.java:106)
	at org.junit.jupiter.engine.execution.InvocationInterceptorChain.proceed(InvocationInterceptorChain.java:64)
	at org.junit.jupiter.engine.execution.InvocationInterceptorChain.chainAndInvoke(InvocationInterceptorChain.java:45)
	at org.junit.jupiter.engine.execution.InvocationInterceptorChain.invoke(InvocationInterceptorChain.java:37)
	at org.junit.jupiter.engine.execution.ExecutableInvoker.invoke(ExecutableInvoker.java:104)
	at org.junit.jupiter.engine.execution.ExecutableInvoker.invoke(ExecutableInvoker.java:98)
	at org.junit.jupiter.engine.descriptor.TestMethodTestDescriptor.lambda$invokeTestMethod$7(TestMethodTestDescriptor.java:214)
	at org.junit.platform.engine.support.hierarchical.ThrowableCollector.execute(ThrowableCollector.java:73)
	at org.junit.jupiter.engine.descriptor.TestMethodTestDescriptor.invokeTestMethod(TestMethodTestDescriptor.java:210)
	at org.junit.jupiter.engine.descriptor.TestMethodTestDescriptor.execute(TestMethodTestDescriptor.java:135)
	at org.junit.jupiter.engine.descriptor.TestMethodTestDescriptor.execute(TestMethodTestDescriptor.java:66)
	at org.junit.platform.engine.support.hierarchical.NodeTestTask.lambda$executeRecursively$6(NodeTestTask.java:151)
	at org.junit.platform.engine.support.hierarchical.ThrowableCollector.execute(ThrowableCollector.java:73)
	at org.junit.platform.engine.support.hierarchical.NodeTestTask.lambda$executeRecursively$8(NodeTestTask.java:141)
	at org.junit.platform.engine.support.hierarchical.Node.around(Node.java:137)
	at org.junit.platform.engine.support.hierarchical.NodeTestTask.lambda$executeRecursively$9(NodeTestTask.java:139)
	at org.junit.platform.engine.support.hierarchical.ThrowableCollector.execute(ThrowableCollector.java:73)
	at org.junit.platform.engine.support.hierarchical.NodeTestTask.executeRecursively(NodeTestTask.java:138)
	at org.junit.platform.engine.support.hierarchical.NodeTestTask.execute(NodeTestTask.java:95)
	at java.util.ArrayList.forEach(ArrayList.java:1259)
	at org.junit.platform.engine.support.hierarchical.SameThreadHierarchicalTestExecutorService.invokeAll(SameThreadHierarchicalTestExecutorService.java:41)
	at org.junit.platform.engine.support.hierarchical.NodeTestTask.lambda$executeRecursively$6(NodeTestTask.java:155)
	at org.junit.platform.engine.support.hierarchical.ThrowableCollector.execute(ThrowableCollector.java:73)
	at org.junit.platform.engine.support.hierarchical.NodeTestTask.lambda$executeRecursively$8(NodeTestTask.java:141)
	at org.junit.platform.engine.support.hierarchical.Node.around(Node.java:137)
	at org.junit.platform.engine.support.hierarchical.NodeTestTask.lambda$executeRecursively$9(NodeTestTask.java:139)
	at org.junit.platform.engine.support.hierarchical.ThrowableCollector.execute(ThrowableCollector.java:73)
	at org.junit.platform.engine.support.hierarchical.NodeTestTask.executeRecursively(NodeTestTask.java:138)
	at org.junit.platform.engine.support.hierarchical.NodeTestTask.execute(NodeTestTask.java:95)
	at java.util.ArrayList.forEach(ArrayList.java:1259)
	at org.junit.platform.engine.support.hierarchical.SameThreadHierarchicalTestExecutorService.invokeAll(SameThreadHierarchicalTestExecutorService.java:41)
	at org.junit.platform.engine.support.hierarchical.NodeTestTask.lambda$executeRecursively$6(NodeTestTask.java:155)
	at org.junit.platform.engine.support.hierarchical.ThrowableCollector.execute(ThrowableCollector.java:73)
	at org.junit.platform.engine.support.hierarchical.NodeTestTask.lambda$executeRecursively$8(NodeTestTask.java:141)
	at org.junit.platform.engine.support.hierarchical.Node.around(Node.java:137)
	at org.junit.platform.engine.support.hierarchical.NodeTestTask.lambda$executeRecursively$9(NodeTestTask.java:139)
	at org.junit.platform.engine.support.hierarchical.ThrowableCollector.execute(ThrowableCollector.java:73)
	at org.junit.platform.engine.support.hierarchical.NodeTestTask.executeRecursively(NodeTestTask.java:138)
	at org.junit.platform.engine.support.hierarchical.NodeTestTask.execute(NodeTestTask.java:95)
	at org.junit.platform.engine.support.hierarchical.SameThreadHierarchicalTestExecutorService.submit(SameThreadHierarchicalTestExecutorService.java:35)
	at org.junit.platform.engine.support.hierarchical.HierarchicalTestExecutor.execute(HierarchicalTestExecutor.java:57)
	at org.junit.platform.engine.support.hierarchical.HierarchicalTestEngine.execute(HierarchicalTestEngine.java:54)
	at org.junit.platform.launcher.core.EngineExecutionOrchestrator.execute(EngineExecutionOrchestrator.java:107)
	at org.junit.platform.launcher.core.EngineExecutionOrchestrator.execute(EngineExecutionOrchestrator.java:88)
	at org.junit.platform.launcher.core.EngineExecutionOrchestrator.lambda$execute$0(EngineExecutionOrchestrator.java:54)
	at org.junit.platform.launcher.core.EngineExecutionOrchestrator.withInterceptedStreams(EngineExecutionOrchestrator.java:67)
	at org.junit.platform.launcher.core.EngineExecutionOrchestrator.execute(EngineExecutionOrchestrator.java:52)
	at org.junit.platform.launcher.core.DefaultLauncher.execute(DefaultLauncher.java:114)
	at org.junit.platform.launcher.core.DefaultLauncher.execute(DefaultLauncher.java:86)
	at org.junit.platform.launcher.core.DefaultLauncherSession$DelegatingLauncher.execute(DefaultLauncherSession.java:86)
	at org.junit.platform.launcher.core.SessionPerRequestLauncher.execute(SessionPerRequestLauncher.java:53)
	at org.apache.maven.surefire.junitplatform.JUnitPlatformProvider.execute(JUnitPlatformProvider.java:188)
	at org.apache.maven.surefire.junitplatform.JUnitPlatformProvider.invokeAllTests(JUnitPlatformProvider.java:154)
	at org.apache.maven.surefire.junitplatform.JUnitPlatformProvider.invoke(JUnitPlatformProvider.java:124)
	at org.apache.maven.surefire.booter.ForkedBooter.runSuitesInProcess(ForkedBooter.java:428)
	at org.apache.maven.surefire.booter.ForkedBooter.execute(ForkedBooter.java:162)
	at org.apache.maven.surefire.booter.ForkedBooter.run(ForkedBooter.java:562)
	at org.apache.maven.surefire.booter.ForkedBooter.main(ForkedBooter.java:548)
07:35:10.047 [Listener at 127.0.0.1/34461] ERROR DNAudit - user=null | ip=null | op=CLOSE_CONTAINER {containerID=7} | ret=FAILURE
java.lang.Exception: Cannot close container #7 while in UNHEALTHY state.
	at org.apache.hadoop.ozone.container.common.impl.HddsDispatcher.dispatchRequest(HddsDispatcher.java:371) ~[hdds-container-service-1.3.0-SNAPSHOT.jar:?]
	at org.apache.hadoop.ozone.container.common.impl.HddsDispatcher.lambda$dispatch$0(HddsDispatcher.java:169) ~[hdds-container-service-1.3.0-SNAPSHOT.jar:?]
	at org.apache.hadoop.hdds.server.OzoneProtocolMessageDispatcher.processRequest(OzoneProtocolMessageDispatcher.java:87) ~[hdds-server-framework-1.3.0-SNAPSHOT.jar:?]
	at org.apache.hadoop.ozone.container.common.impl.HddsDispatcher.dispatch(HddsDispatcher.java:168) ~[hdds-container-service-1.3.0-SNAPSHOT.jar:?]
	at org.apache.hadoop.ozone.client.rpc.TestContainerStateMachineFailures.testUnhealthyContainer(TestContainerStateMachineFailures.java:384) ~[test-classes/:?]
	at sun.reflect.NativeMethodAccessorImpl.invoke0(Native Method) ~[?:1.8.0_332]
	at sun.reflect.NativeMethodAccessorImpl.invoke(NativeMethodAccessorImpl.java:62) ~[?:1.8.0_332]
	at sun.reflect.DelegatingMethodAccessorImpl.invoke(DelegatingMethodAccessorImpl.java:43) ~[?:1.8.0_332]
	at java.lang.reflect.Method.invoke(Method.java:498) ~[?:1.8.0_332]
	at org.junit.platform.commons.util.ReflectionUtils.invokeMethod(ReflectionUtils.java:725) ~[junit-platform-commons-1.8.2.jar:1.8.2]
	at org.junit.jupiter.engine.execution.MethodInvocation.proceed(MethodInvocation.java:60) ~[junit-jupiter-engine-5.8.2.jar:5.8.2]
	at org.junit.jupiter.engine.execution.InvocationInterceptorChain$ValidatingInvocation.proceed(InvocationInterceptorChain.java:131) ~[junit-jupiter-engine-5.8.2.jar:5.8.2]
	at org.junit.jupiter.engine.extension.TimeoutExtension.intercept(TimeoutExtension.java:149) ~[junit-jupiter-engine-5.8.2.jar:5.8.2]
	at org.junit.jupiter.engine.extension.TimeoutExtension.interceptTestableMethod(TimeoutExtension.java:140) ~[junit-jupiter-engine-5.8.2.jar:5.8.2]
	at org.junit.jupiter.engine.extension.TimeoutExtension.interceptTestMethod(TimeoutExtension.java:84) ~[junit-jupiter-engine-5.8.2.jar:5.8.2]
	at org.junit.jupiter.engine.execution.ExecutableInvoker$ReflectiveInterceptorCall.lambda$ofVoidMethod$0(ExecutableInvoker.java:115) ~[junit-jupiter-engine-5.8.2.jar:5.8.2]
	at org.junit.jupiter.engine.execution.ExecutableInvoker.lambda$invoke$0(ExecutableInvoker.java:105) ~[junit-jupiter-engine-5.8.2.jar:5.8.2]
	at org.junit.jupiter.engine.execution.InvocationInterceptorChain$InterceptedInvocation.proceed(InvocationInterceptorChain.java:106) ~[junit-jupiter-engine-5.8.2.jar:5.8.2]
	at org.junit.jupiter.engine.execution.InvocationInterceptorChain.proceed(InvocationInterceptorChain.java:64) ~[junit-jupiter-engine-5.8.2.jar:5.8.2]
	at org.junit.jupiter.engine.execution.InvocationInterceptorChain.chainAndInvoke(InvocationInterceptorChain.java:45) ~[junit-jupiter-engine-5.8.2.jar:5.8.2]
	at org.junit.jupiter.engine.execution.InvocationInterceptorChain.invoke(InvocationInterceptorChain.java:37) ~[junit-jupiter-engine-5.8.2.jar:5.8.2]
	at org.junit.jupiter.engine.execution.ExecutableInvoker.invoke(ExecutableInvoker.java:104) ~[junit-jupiter-engine-5.8.2.jar:5.8.2]
	at org.junit.jupiter.engine.execution.ExecutableInvoker.invoke(ExecutableInvoker.java:98) ~[junit-jupiter-engine-5.8.2.jar:5.8.2]
	at org.junit.jupiter.engine.descriptor.TestMethodTestDescriptor.lambda$invokeTestMethod$7(TestMethodTestDescriptor.java:214) ~[junit-jupiter-engine-5.8.2.jar:5.8.2]
	at org.junit.platform.engine.support.hierarchical.ThrowableCollector.execute(ThrowableCollector.java:73) ~[junit-platform-engine-1.8.2.jar:1.8.2]
	at org.junit.jupiter.engine.descriptor.TestMethodTestDescriptor.invokeTestMethod(TestMethodTestDescriptor.java:210) ~[junit-jupiter-engine-5.8.2.jar:5.8.2]
	at org.junit.jupiter.engine.descriptor.TestMethodTestDescriptor.execute(TestMethodTestDescriptor.java:135) ~[junit-jupiter-engine-5.8.2.jar:5.8.2]
	at org.junit.jupiter.engine.descriptor.TestMethodTestDescriptor.execute(TestMethodTestDescriptor.java:66) ~[junit-jupiter-engine-5.8.2.jar:5.8.2]
	at org.junit.platform.engine.support.hierarchical.NodeTestTask.lambda$executeRecursively$6(NodeTestTask.java:151) ~[junit-platform-engine-1.8.2.jar:1.8.2]
	at org.junit.platform.engine.support.hierarchical.ThrowableCollector.execute(ThrowableCollector.java:73) ~[junit-platform-engine-1.8.2.jar:1.8.2]
	at org.junit.platform.engine.support.hierarchical.NodeTestTask.lambda$executeRecursively$8(NodeTestTask.java:141) ~[junit-platform-engine-1.8.2.jar:1.8.2]
	at org.junit.platform.engine.support.hierarchical.Node.around(Node.java:137) ~[junit-platform-engine-1.8.2.jar:1.8.2]
	at org.junit.platform.engine.support.hierarchical.NodeTestTask.lambda$executeRecursively$9(NodeTestTask.java:139) ~[junit-platform-engine-1.8.2.jar:1.8.2]
	at org.junit.platform.engine.support.hierarchical.ThrowableCollector.execute(ThrowableCollector.java:73) ~[junit-platform-engine-1.8.2.jar:1.8.2]
	at org.junit.platform.engine.support.hierarchical.NodeTestTask.executeRecursively(NodeTestTask.java:138) ~[junit-platform-engine-1.8.2.jar:1.8.2]
	at org.junit.platform.engine.support.hierarchical.NodeTestTask.execute(NodeTestTask.java:95) ~[junit-platform-engine-1.8.2.jar:1.8.2]
	at java.util.ArrayList.forEach(ArrayList.java:1259) ~[?:1.8.0_332]
	at org.junit.platform.engine.support.hierarchical.SameThreadHierarchicalTestExecutorService.invokeAll(SameThreadHierarchicalTestExecutorService.java:41) ~[junit-platform-engine-1.8.2.jar:1.8.2]
	at org.junit.platform.engine.support.hierarchical.NodeTestTask.lambda$executeRecursively$6(NodeTestTask.java:155) ~[junit-platform-engine-1.8.2.jar:1.8.2]
	at org.junit.platform.engine.support.hierarchical.ThrowableCollector.execute(ThrowableCollector.java:73) ~[junit-platform-engine-1.8.2.jar:1.8.2]
	at org.junit.platform.engine.support.hierarchical.NodeTestTask.lambda$executeRecursively$8(NodeTestTask.java:141) ~[junit-platform-engine-1.8.2.jar:1.8.2]
	at org.junit.platform.engine.support.hierarchical.Node.around(Node.java:137) ~[junit-platform-engine-1.8.2.jar:1.8.2]
	at org.junit.platform.engine.support.hierarchical.NodeTestTask.lambda$executeRecursively$9(NodeTestTask.java:139) ~[junit-platform-engine-1.8.2.jar:1.8.2]
	at org.junit.platform.engine.support.hierarchical.ThrowableCollector.execute(ThrowableCollector.java:73) ~[junit-platform-engine-1.8.2.jar:1.8.2]
	at org.junit.platform.engine.support.hierarchical.NodeTestTask.executeRecursively(NodeTestTask.java:138) ~[junit-platform-engine-1.8.2.jar:1.8.2]
	at org.junit.platform.engine.support.hierarchical.NodeTestTask.execute(NodeTestTask.java:95) ~[junit-platform-engine-1.8.2.jar:1.8.2]
	at java.util.ArrayList.forEach(ArrayList.java:1259) ~[?:1.8.0_332]
	at org.junit.platform.engine.support.hierarchical.SameThreadHierarchicalTestExecutorService.invokeAll(SameThreadHierarchicalTestExecutorService.java:41) ~[junit-platform-engine-1.8.2.jar:1.8.2]
	at org.junit.platform.engine.support.hierarchical.NodeTestTask.lambda$executeRecursively$6(NodeTestTask.java:155) ~[junit-platform-engine-1.8.2.jar:1.8.2]
	at org.junit.platform.engine.support.hierarchical.ThrowableCollector.execute(ThrowableCollector.java:73) ~[junit-platform-engine-1.8.2.jar:1.8.2]
	at org.junit.platform.engine.support.hierarchical.NodeTestTask.lambda$executeRecursively$8(NodeTestTask.java:141) ~[junit-platform-engine-1.8.2.jar:1.8.2]
	at org.junit.platform.engine.support.hierarchical.Node.around(Node.java:137) ~[junit-platform-engine-1.8.2.jar:1.8.2]
	at org.junit.platform.engine.support.hierarchical.NodeTestTask.lambda$executeRecursively$9(NodeTestTask.java:139) ~[junit-platform-engine-1.8.2.jar:1.8.2]
	at org.junit.platform.engine.support.hierarchical.ThrowableCollector.execute(ThrowableCollector.java:73) ~[junit-platform-engine-1.8.2.jar:1.8.2]
	at org.junit.platform.engine.support.hierarchical.NodeTestTask.executeRecursively(NodeTestTask.java:138) ~[junit-platform-engine-1.8.2.jar:1.8.2]
	at org.junit.platform.engine.support.hierarchical.NodeTestTask.execute(NodeTestTask.java:95) ~[junit-platform-engine-1.8.2.jar:1.8.2]
	at org.junit.platform.engine.support.hierarchical.SameThreadHierarchicalTestExecutorService.submit(SameThreadHierarchicalTestExecutorService.java:35) ~[junit-platform-engine-1.8.2.jar:1.8.2]
	at org.junit.platform.engine.support.hierarchical.HierarchicalTestExecutor.execute(HierarchicalTestExecutor.java:57) ~[junit-platform-engine-1.8.2.jar:1.8.2]
	at org.junit.platform.engine.support.hierarchical.HierarchicalTestEngine.execute(HierarchicalTestEngine.java:54) ~[junit-platform-engine-1.8.2.jar:1.8.2]
	at org.junit.platform.launcher.core.EngineExecutionOrchestrator.execute(EngineExecutionOrchestrator.java:107) ~[junit-platform-launcher-1.8.2.jar:1.8.2]
	at org.junit.platform.launcher.core.EngineExecutionOrchestrator.execute(EngineExecutionOrchestrator.java:88) ~[junit-platform-launcher-1.8.2.jar:1.8.2]
	at org.junit.platform.launcher.core.EngineExecutionOrchestrator.lambda$execute$0(EngineExecutionOrchestrator.java:54) ~[junit-platform-launcher-1.8.2.jar:1.8.2]
	at org.junit.platform.launcher.core.EngineExecutionOrchestrator.withInterceptedStreams(EngineExecutionOrchestrator.java:67) [junit-platform-launcher-1.8.2.jar:1.8.2]
	at org.junit.platform.launcher.core.EngineExecutionOrchestrator.execute(EngineExecutionOrchestrator.java:52) [junit-platform-launcher-1.8.2.jar:1.8.2]
	at org.junit.platform.launcher.core.DefaultLauncher.execute(DefaultLauncher.java:114) [junit-platform-launcher-1.8.2.jar:1.8.2]
	at org.junit.platform.launcher.core.DefaultLauncher.execute(DefaultLauncher.java:86) [junit-platform-launcher-1.8.2.jar:1.8.2]
	at org.junit.platform.launcher.core.DefaultLauncherSession$DelegatingLauncher.execute(DefaultLauncherSession.java:86) [junit-platform-launcher-1.8.2.jar:1.8.2]
	at org.junit.platform.launcher.core.SessionPerRequestLauncher.execute(SessionPerRequestLauncher.java:53) [junit-platform-launcher-1.8.2.jar:1.8.2]
	at org.apache.maven.surefire.junitplatform.JUnitPlatformProvider.execute(JUnitPlatformProvider.java:188) [surefire-junit-platform-3.0.0-M5.jar:3.0.0-M5]
	at org.apache.maven.surefire.junitplatform.JUnitPlatformProvider.invokeAllTests(JUnitPlatformProvider.java:154) [surefire-junit-platform-3.0.0-M5.jar:3.0.0-M5]
	at org.apache.maven.surefire.junitplatform.JUnitPlatformProvider.invoke(JUnitPlatformProvider.java:124) [surefire-junit-platform-3.0.0-M5.jar:3.0.0-M5]
	at org.apache.maven.surefire.booter.ForkedBooter.runSuitesInProcess(ForkedBooter.java:428) [surefire-booter-3.0.0-M5.jar:3.0.0-M5]
	at org.apache.maven.surefire.booter.ForkedBooter.execute(ForkedBooter.java:162) [surefire-booter-3.0.0-M5.jar:3.0.0-M5]
	at org.apache.maven.surefire.booter.ForkedBooter.run(ForkedBooter.java:562) [surefire-booter-3.0.0-M5.jar:3.0.0-M5]
	at org.apache.maven.surefire.booter.ForkedBooter.main(ForkedBooter.java:548) [surefire-booter-3.0.0-M5.jar:3.0.0-M5]
]]></system-out>
    <system-err><![CDATA[Jun 15, 2022 7:34:49 AM org.apache.ratis.thirdparty.io.grpc.internal.ManagedChannelOrphanWrapper$ManagedChannelReference cleanQueue
SEVERE: *~*~*~ Channel ManagedChannelImpl{logId=284, target=10.1.0.11:43919} was not shutdown properly!!! ~*~*~*
    Make sure to call shutdown()/shutdownNow() and wait until awaitTermination() returns true.
java.lang.RuntimeException: ManagedChannel allocation site
	at org.apache.ratis.thirdparty.io.grpc.internal.ManagedChannelOrphanWrapper$ManagedChannelReference.<init>(ManagedChannelOrphanWrapper.java:93)
	at org.apache.ratis.thirdparty.io.grpc.internal.ManagedChannelOrphanWrapper.<init>(ManagedChannelOrphanWrapper.java:53)
	at org.apache.ratis.thirdparty.io.grpc.internal.ManagedChannelOrphanWrapper.<init>(ManagedChannelOrphanWrapper.java:44)
	at org.apache.ratis.thirdparty.io.grpc.internal.ManagedChannelImplBuilder.build(ManagedChannelImplBuilder.java:630)
	at org.apache.ratis.thirdparty.io.grpc.internal.AbstractManagedChannelImplBuilder.build(AbstractManagedChannelImplBuilder.java:297)
	at org.apache.hadoop.hdds.scm.XceiverClientGrpc.connectToDatanode(XceiverClientGrpc.java:195)
	at org.apache.hadoop.hdds.scm.XceiverClientGrpc.connect(XceiverClientGrpc.java:144)
	at org.apache.hadoop.hdds.scm.XceiverClientManager$2.call(XceiverClientManager.java:241)
	at org.apache.hadoop.hdds.scm.XceiverClientManager$2.call(XceiverClientManager.java:222)
	at com.google.common.cache.LocalCache$LocalManualCache$1.load(LocalCache.java:4868)
	at com.google.common.cache.LocalCache$LoadingValueReference.loadFuture(LocalCache.java:3533)
	at com.google.common.cache.LocalCache$Segment.loadSync(LocalCache.java:2282)
	at com.google.common.cache.LocalCache$Segment.lockedGetOrLoad(LocalCache.java:2159)
	at com.google.common.cache.LocalCache$Segment.get(LocalCache.java:2049)
	at com.google.common.cache.LocalCache.get(LocalCache.java:3966)
	at com.google.common.cache.LocalCache$LocalManualCache.get(LocalCache.java:4863)
	at org.apache.hadoop.hdds.scm.XceiverClientManager.getClient(XceiverClientManager.java:222)
	at org.apache.hadoop.hdds.scm.XceiverClientManager.acquireClient(XceiverClientManager.java:166)
	at org.apache.hadoop.hdds.scm.XceiverClientManager.acquireClientForReadData(XceiverClientManager.java:155)
	at org.apache.hadoop.hdds.scm.storage.BlockInputStream.acquireClient(BlockInputStream.java:249)
	at org.apache.hadoop.hdds.scm.storage.BlockInputStream.getChunkInfos(BlockInputStream.java:223)
	at org.apache.hadoop.hdds.scm.storage.BlockInputStream.initialize(BlockInputStream.java:146)
	at org.apache.hadoop.hdds.scm.storage.BlockInputStream.readWithStrategy(BlockInputStream.java:276)
	at org.apache.hadoop.hdds.scm.storage.ExtendedInputStream.read(ExtendedInputStream.java:54)
	at org.apache.hadoop.hdds.scm.storage.ByteArrayReader.readFromBlock(ByteArrayReader.java:57)
	at org.apache.hadoop.ozone.client.io.KeyInputStream.readWithStrategy(KeyInputStream.java:273)
	at org.apache.hadoop.ozone.client.io.KeyInputStream.read(KeyInputStream.java:240)
	at org.apache.hadoop.ozone.client.io.OzoneInputStream.read(OzoneInputStream.java:56)
	at org.apache.hadoop.ozone.client.rpc.TestContainerStateMachineFailures.validateData(TestContainerStateMachineFailures.java:798)
	at org.apache.hadoop.ozone.client.rpc.TestContainerStateMachineFailures.testContainerStateMachineSingleFailureRetry(TestContainerStateMachineFailures.java:707)
	at sun.reflect.NativeMethodAccessorImpl.invoke0(Native Method)
	at sun.reflect.NativeMethodAccessorImpl.invoke(NativeMethodAccessorImpl.java:62)
	at sun.reflect.DelegatingMethodAccessorImpl.invoke(DelegatingMethodAccessorImpl.java:43)
	at java.lang.reflect.Method.invoke(Method.java:498)
	at org.junit.platform.commons.util.ReflectionUtils.invokeMethod(ReflectionUtils.java:725)
	at org.junit.jupiter.engine.execution.MethodInvocation.proceed(MethodInvocation.java:60)
	at org.junit.jupiter.engine.execution.InvocationInterceptorChain$ValidatingInvocation.proceed(InvocationInterceptorChain.java:131)
	at org.junit.jupiter.engine.extension.TimeoutExtension.intercept(TimeoutExtension.java:149)
	at org.junit.jupiter.engine.extension.TimeoutExtension.interceptTestableMethod(TimeoutExtension.java:140)
	at org.junit.jupiter.engine.extension.TimeoutExtension.interceptTestMethod(TimeoutExtension.java:84)
	at org.junit.jupiter.engine.execution.ExecutableInvoker$ReflectiveInterceptorCall.lambda$ofVoidMethod$0(ExecutableInvoker.java:115)
	at org.junit.jupiter.engine.execution.ExecutableInvoker.lambda$invoke$0(ExecutableInvoker.java:105)
	at org.junit.jupiter.engine.execution.InvocationInterceptorChain$InterceptedInvocation.proceed(InvocationInterceptorChain.java:106)
	at org.junit.jupiter.engine.execution.InvocationInterceptorChain.proceed(InvocationInterceptorChain.java:64)
	at org.junit.jupiter.engine.execution.InvocationInterceptorChain.chainAndInvoke(InvocationInterceptorChain.java:45)
	at org.junit.jupiter.engine.execution.InvocationInterceptorChain.invoke(InvocationInterceptorChain.java:37)
	at org.junit.jupiter.engine.execution.ExecutableInvoker.invoke(ExecutableInvoker.java:104)
	at org.junit.jupiter.engine.execution.ExecutableInvoker.invoke(ExecutableInvoker.java:98)
	at org.junit.jupiter.engine.descriptor.TestMethodTestDescriptor.lambda$invokeTestMethod$7(TestMethodTestDescriptor.java:214)
	at org.junit.platform.engine.support.hierarchical.ThrowableCollector.execute(ThrowableCollector.java:73)
	at org.junit.jupiter.engine.descriptor.TestMethodTestDescriptor.invokeTestMethod(TestMethodTestDescriptor.java:210)
	at org.junit.jupiter.engine.descriptor.TestMethodTestDescriptor.execute(TestMethodTestDescriptor.java:135)
	at org.junit.jupiter.engine.descriptor.TestMethodTestDescriptor.execute(TestMethodTestDescriptor.java:66)
	at org.junit.platform.engine.support.hierarchical.NodeTestTask.lambda$executeRecursively$6(NodeTestTask.java:151)
	at org.junit.platform.engine.support.hierarchical.ThrowableCollector.execute(ThrowableCollector.java:73)
	at org.junit.platform.engine.support.hierarchical.NodeTestTask.lambda$executeRecursively$8(NodeTestTask.java:141)
	at org.junit.platform.engine.support.hierarchical.Node.around(Node.java:137)
	at org.junit.platform.engine.support.hierarchical.NodeTestTask.lambda$executeRecursively$9(NodeTestTask.java:139)
	at org.junit.platform.engine.support.hierarchical.ThrowableCollector.execute(ThrowableCollector.java:73)
	at org.junit.platform.engine.support.hierarchical.NodeTestTask.executeRecursively(NodeTestTask.java:138)
	at org.junit.platform.engine.support.hierarchical.NodeTestTask.execute(NodeTestTask.java:95)
	at java.util.ArrayList.forEach(ArrayList.java:1259)
	at org.junit.platform.engine.support.hierarchical.SameThreadHierarchicalTestExecutorService.invokeAll(SameThreadHierarchicalTestExecutorService.java:41)
	at org.junit.platform.engine.support.hierarchical.NodeTestTask.lambda$executeRecursively$6(NodeTestTask.java:155)
	at org.junit.platform.engine.support.hierarchical.ThrowableCollector.execute(ThrowableCollector.java:73)
	at org.junit.platform.engine.support.hierarchical.NodeTestTask.lambda$executeRecursively$8(NodeTestTask.java:141)
	at org.junit.platform.engine.support.hierarchical.Node.around(Node.java:137)
	at org.junit.platform.engine.support.hierarchical.NodeTestTask.lambda$executeRecursively$9(NodeTestTask.java:139)
	at org.junit.platform.engine.support.hierarchical.ThrowableCollector.execute(ThrowableCollector.java:73)
	at org.junit.platform.engine.support.hierarchical.NodeTestTask.executeRecursively(NodeTestTask.java:138)
	at org.junit.platform.engine.support.hierarchical.NodeTestTask.execute(NodeTestTask.java:95)
	at java.util.ArrayList.forEach(ArrayList.java:1259)
	at org.junit.platform.engine.support.hierarchical.SameThreadHierarchicalTestExecutorService.invokeAll(SameThreadHierarchicalTestExecutorService.java:41)
	at org.junit.platform.engine.support.hierarchical.NodeTestTask.lambda$executeRecursively$6(NodeTestTask.java:155)
	at org.junit.platform.engine.support.hierarchical.ThrowableCollector.execute(ThrowableCollector.java:73)
	at org.junit.platform.engine.support.hierarchical.NodeTestTask.lambda$executeRecursively$8(NodeTestTask.java:141)
	at org.junit.platform.engine.support.hierarchical.Node.around(Node.java:137)
	at org.junit.platform.engine.support.hierarchical.NodeTestTask.lambda$executeRecursively$9(NodeTestTask.java:139)
	at org.junit.platform.engine.support.hierarchical.ThrowableCollector.execute(ThrowableCollector.java:73)
	at org.junit.platform.engine.support.hierarchical.NodeTestTask.executeRecursively(NodeTestTask.java:138)
	at org.junit.platform.engine.support.hierarchical.NodeTestTask.execute(NodeTestTask.java:95)
	at org.junit.platform.engine.support.hierarchical.SameThreadHierarchicalTestExecutorService.submit(SameThreadHierarchicalTestExecutorService.java:35)
	at org.junit.platform.engine.support.hierarchical.HierarchicalTestExecutor.execute(HierarchicalTestExecutor.java:57)
	at org.junit.platform.engine.support.hierarchical.HierarchicalTestEngine.execute(HierarchicalTestEngine.java:54)
	at org.junit.platform.launcher.core.EngineExecutionOrchestrator.execute(EngineExecutionOrchestrator.java:107)
	at org.junit.platform.launcher.core.EngineExecutionOrchestrator.execute(EngineExecutionOrchestrator.java:88)
	at org.junit.platform.launcher.core.EngineExecutionOrchestrator.lambda$execute$0(EngineExecutionOrchestrator.java:54)
	at org.junit.platform.launcher.core.EngineExecutionOrchestrator.withInterceptedStreams(EngineExecutionOrchestrator.java:67)
	at org.junit.platform.launcher.core.EngineExecutionOrchestrator.execute(EngineExecutionOrchestrator.java:52)
	at org.junit.platform.launcher.core.DefaultLauncher.execute(DefaultLauncher.java:114)
	at org.junit.platform.launcher.core.DefaultLauncher.execute(DefaultLauncher.java:86)
	at org.junit.platform.launcher.core.DefaultLauncherSession$DelegatingLauncher.execute(DefaultLauncherSession.java:86)
	at org.junit.platform.launcher.core.SessionPerRequestLauncher.execute(SessionPerRequestLauncher.java:53)
	at org.apache.maven.surefire.junitplatform.JUnitPlatformProvider.execute(JUnitPlatformProvider.java:188)
	at org.apache.maven.surefire.junitplatform.JUnitPlatformProvider.invokeAllTests(JUnitPlatformProvider.java:154)
	at org.apache.maven.surefire.junitplatform.JUnitPlatformProvider.invoke(JUnitPlatformProvider.java:124)
	at org.apache.maven.surefire.booter.ForkedBooter.runSuitesInProcess(ForkedBooter.java:428)
	at org.apache.maven.surefire.booter.ForkedBooter.execute(ForkedBooter.java:162)
	at org.apache.maven.surefire.booter.ForkedBooter.run(ForkedBooter.java:562)
	at org.apache.maven.surefire.booter.ForkedBooter.main(ForkedBooter.java:548)

Jun 15, 2022 7:34:49 AM org.apache.ratis.thirdparty.io.grpc.internal.ManagedChannelOrphanWrapper$ManagedChannelReference cleanQueue
SEVERE: *~*~*~ Channel ManagedChannelImpl{logId=286, target=10.1.0.11:44513} was not shutdown properly!!! ~*~*~*
    Make sure to call shutdown()/shutdownNow() and wait until awaitTermination() returns true.
java.lang.RuntimeException: ManagedChannel allocation site
	at org.apache.ratis.thirdparty.io.grpc.internal.ManagedChannelOrphanWrapper$ManagedChannelReference.<init>(ManagedChannelOrphanWrapper.java:93)
	at org.apache.ratis.thirdparty.io.grpc.internal.ManagedChannelOrphanWrapper.<init>(ManagedChannelOrphanWrapper.java:53)
	at org.apache.ratis.thirdparty.io.grpc.internal.ManagedChannelOrphanWrapper.<init>(ManagedChannelOrphanWrapper.java:44)
	at org.apache.ratis.thirdparty.io.grpc.internal.ManagedChannelImplBuilder.build(ManagedChannelImplBuilder.java:630)
	at org.apache.ratis.thirdparty.io.grpc.internal.AbstractManagedChannelImplBuilder.build(AbstractManagedChannelImplBuilder.java:297)
	at org.apache.hadoop.hdds.scm.XceiverClientGrpc.connectToDatanode(XceiverClientGrpc.java:195)
	at org.apache.hadoop.hdds.scm.XceiverClientGrpc.reconnect(XceiverClientGrpc.java:574)
	at org.apache.hadoop.hdds.scm.XceiverClientGrpc.checkOpen(XceiverClientGrpc.java:565)
	at org.apache.hadoop.hdds.scm.XceiverClientGrpc.sendCommandAsync(XceiverClientGrpc.java:492)
	at org.apache.hadoop.hdds.scm.XceiverClientGrpc.sendCommandWithRetry(XceiverClientGrpc.java:380)
	at org.apache.hadoop.hdds.scm.XceiverClientGrpc.lambda$sendCommandWithTraceIDAndRetry$0(XceiverClientGrpc.java:319)
	at org.apache.hadoop.hdds.tracing.TracingUtil.executeInSpan(TracingUtil.java:177)
	at org.apache.hadoop.hdds.tracing.TracingUtil.executeInNewSpan(TracingUtil.java:151)
	at org.apache.hadoop.hdds.scm.XceiverClientGrpc.sendCommandWithTraceIDAndRetry(XceiverClientGrpc.java:313)
	at org.apache.hadoop.hdds.scm.XceiverClientGrpc.sendCommand(XceiverClientGrpc.java:294)
	at org.apache.hadoop.hdds.scm.storage.ContainerProtocolCalls.getBlock(ContainerProtocolCalls.java:152)
	at org.apache.hadoop.hdds.scm.storage.BlockInputStream.getChunkInfos(BlockInputStream.java:235)
	at org.apache.hadoop.hdds.scm.storage.BlockInputStream.initialize(BlockInputStream.java:146)
	at org.apache.hadoop.hdds.scm.storage.BlockInputStream.readWithStrategy(BlockInputStream.java:276)
	at org.apache.hadoop.hdds.scm.storage.ExtendedInputStream.read(ExtendedInputStream.java:54)
	at org.apache.hadoop.hdds.scm.storage.ByteArrayReader.readFromBlock(ByteArrayReader.java:57)
	at org.apache.hadoop.ozone.client.io.KeyInputStream.readWithStrategy(KeyInputStream.java:273)
	at org.apache.hadoop.ozone.client.io.KeyInputStream.read(KeyInputStream.java:240)
	at org.apache.hadoop.ozone.client.io.OzoneInputStream.read(OzoneInputStream.java:56)
	at org.apache.hadoop.ozone.client.rpc.TestContainerStateMachineFailures.validateData(TestContainerStateMachineFailures.java:798)
	at org.apache.hadoop.ozone.client.rpc.TestContainerStateMachineFailures.testContainerStateMachineSingleFailureRetry(TestContainerStateMachineFailures.java:707)
	at sun.reflect.NativeMethodAccessorImpl.invoke0(Native Method)
	at sun.reflect.NativeMethodAccessorImpl.invoke(NativeMethodAccessorImpl.java:62)
	at sun.reflect.DelegatingMethodAccessorImpl.invoke(DelegatingMethodAccessorImpl.java:43)
	at java.lang.reflect.Method.invoke(Method.java:498)
	at org.junit.platform.commons.util.ReflectionUtils.invokeMethod(ReflectionUtils.java:725)
	at org.junit.jupiter.engine.execution.MethodInvocation.proceed(MethodInvocation.java:60)
	at org.junit.jupiter.engine.execution.InvocationInterceptorChain$ValidatingInvocation.proceed(InvocationInterceptorChain.java:131)
	at org.junit.jupiter.engine.extension.TimeoutExtension.intercept(TimeoutExtension.java:149)
	at org.junit.jupiter.engine.extension.TimeoutExtension.interceptTestableMethod(TimeoutExtension.java:140)
	at org.junit.jupiter.engine.extension.TimeoutExtension.interceptTestMethod(TimeoutExtension.java:84)
	at org.junit.jupiter.engine.execution.ExecutableInvoker$ReflectiveInterceptorCall.lambda$ofVoidMethod$0(ExecutableInvoker.java:115)
	at org.junit.jupiter.engine.execution.ExecutableInvoker.lambda$invoke$0(ExecutableInvoker.java:105)
	at org.junit.jupiter.engine.execution.InvocationInterceptorChain$InterceptedInvocation.proceed(InvocationInterceptorChain.java:106)
	at org.junit.jupiter.engine.execution.InvocationInterceptorChain.proceed(InvocationInterceptorChain.java:64)
	at org.junit.jupiter.engine.execution.InvocationInterceptorChain.chainAndInvoke(InvocationInterceptorChain.java:45)
	at org.junit.jupiter.engine.execution.InvocationInterceptorChain.invoke(InvocationInterceptorChain.java:37)
	at org.junit.jupiter.engine.execution.ExecutableInvoker.invoke(ExecutableInvoker.java:104)
	at org.junit.jupiter.engine.execution.ExecutableInvoker.invoke(ExecutableInvoker.java:98)
	at org.junit.jupiter.engine.descriptor.TestMethodTestDescriptor.lambda$invokeTestMethod$7(TestMethodTestDescriptor.java:214)
	at org.junit.platform.engine.support.hierarchical.ThrowableCollector.execute(ThrowableCollector.java:73)
	at org.junit.jupiter.engine.descriptor.TestMethodTestDescriptor.invokeTestMethod(TestMethodTestDescriptor.java:210)
	at org.junit.jupiter.engine.descriptor.TestMethodTestDescriptor.execute(TestMethodTestDescriptor.java:135)
	at org.junit.jupiter.engine.descriptor.TestMethodTestDescriptor.execute(TestMethodTestDescriptor.java:66)
	at org.junit.platform.engine.support.hierarchical.NodeTestTask.lambda$executeRecursively$6(NodeTestTask.java:151)
	at org.junit.platform.engine.support.hierarchical.ThrowableCollector.execute(ThrowableCollector.java:73)
	at org.junit.platform.engine.support.hierarchical.NodeTestTask.lambda$executeRecursively$8(NodeTestTask.java:141)
	at org.junit.platform.engine.support.hierarchical.Node.around(Node.java:137)
	at org.junit.platform.engine.support.hierarchical.NodeTestTask.lambda$executeRecursively$9(NodeTestTask.java:139)
	at org.junit.platform.engine.support.hierarchical.ThrowableCollector.execute(ThrowableCollector.java:73)
	at org.junit.platform.engine.support.hierarchical.NodeTestTask.executeRecursively(NodeTestTask.java:138)
	at org.junit.platform.engine.support.hierarchical.NodeTestTask.execute(NodeTestTask.java:95)
	at java.util.ArrayList.forEach(ArrayList.java:1259)
	at org.junit.platform.engine.support.hierarchical.SameThreadHierarchicalTestExecutorService.invokeAll(SameThreadHierarchicalTestExecutorService.java:41)
	at org.junit.platform.engine.support.hierarchical.NodeTestTask.lambda$executeRecursively$6(NodeTestTask.java:155)
	at org.junit.platform.engine.support.hierarchical.ThrowableCollector.execute(ThrowableCollector.java:73)
	at org.junit.platform.engine.support.hierarchical.NodeTestTask.lambda$executeRecursively$8(NodeTestTask.java:141)
	at org.junit.platform.engine.support.hierarchical.Node.around(Node.java:137)
	at org.junit.platform.engine.support.hierarchical.NodeTestTask.lambda$executeRecursively$9(NodeTestTask.java:139)
	at org.junit.platform.engine.support.hierarchical.ThrowableCollector.execute(ThrowableCollector.java:73)
	at org.junit.platform.engine.support.hierarchical.NodeTestTask.executeRecursively(NodeTestTask.java:138)
	at org.junit.platform.engine.support.hierarchical.NodeTestTask.execute(NodeTestTask.java:95)
	at java.util.ArrayList.forEach(ArrayList.java:1259)
	at org.junit.platform.engine.support.hierarchical.SameThreadHierarchicalTestExecutorService.invokeAll(SameThreadHierarchicalTestExecutorService.java:41)
	at org.junit.platform.engine.support.hierarchical.NodeTestTask.lambda$executeRecursively$6(NodeTestTask.java:155)
	at org.junit.platform.engine.support.hierarchical.ThrowableCollector.execute(ThrowableCollector.java:73)
	at org.junit.platform.engine.support.hierarchical.NodeTestTask.lambda$executeRecursively$8(NodeTestTask.java:141)
	at org.junit.platform.engine.support.hierarchical.Node.around(Node.java:137)
	at org.junit.platform.engine.support.hierarchical.NodeTestTask.lambda$executeRecursively$9(NodeTestTask.java:139)
	at org.junit.platform.engine.support.hierarchical.ThrowableCollector.execute(ThrowableCollector.java:73)
	at org.junit.platform.engine.support.hierarchical.NodeTestTask.executeRecursively(NodeTestTask.java:138)
	at org.junit.platform.engine.support.hierarchical.NodeTestTask.execute(NodeTestTask.java:95)
	at org.junit.platform.engine.support.hierarchical.SameThreadHierarchicalTestExecutorService.submit(SameThreadHierarchicalTestExecutorService.java:35)
	at org.junit.platform.engine.support.hierarchical.HierarchicalTestExecutor.execute(HierarchicalTestExecutor.java:57)
	at org.junit.platform.engine.support.hierarchical.HierarchicalTestEngine.execute(HierarchicalTestEngine.java:54)
	at org.junit.platform.launcher.core.EngineExecutionOrchestrator.execute(EngineExecutionOrchestrator.java:107)
	at org.junit.platform.launcher.core.EngineExecutionOrchestrator.execute(EngineExecutionOrchestrator.java:88)
	at org.junit.platform.launcher.core.EngineExecutionOrchestrator.lambda$execute$0(EngineExecutionOrchestrator.java:54)
	at org.junit.platform.launcher.core.EngineExecutionOrchestrator.withInterceptedStreams(EngineExecutionOrchestrator.java:67)
	at org.junit.platform.launcher.core.EngineExecutionOrchestrator.execute(EngineExecutionOrchestrator.java:52)
	at org.junit.platform.launcher.core.DefaultLauncher.execute(DefaultLauncher.java:114)
	at org.junit.platform.launcher.core.DefaultLauncher.execute(DefaultLauncher.java:86)
	at org.junit.platform.launcher.core.DefaultLauncherSession$DelegatingLauncher.execute(DefaultLauncherSession.java:86)
	at org.junit.platform.launcher.core.SessionPerRequestLauncher.execute(SessionPerRequestLauncher.java:53)
	at org.apache.maven.surefire.junitplatform.JUnitPlatformProvider.execute(JUnitPlatformProvider.java:188)
	at org.apache.maven.surefire.junitplatform.JUnitPlatformProvider.invokeAllTests(JUnitPlatformProvider.java:154)
	at org.apache.maven.surefire.junitplatform.JUnitPlatformProvider.invoke(JUnitPlatformProvider.java:124)
	at org.apache.maven.surefire.booter.ForkedBooter.runSuitesInProcess(ForkedBooter.java:428)
	at org.apache.maven.surefire.booter.ForkedBooter.execute(ForkedBooter.java:162)
	at org.apache.maven.surefire.booter.ForkedBooter.run(ForkedBooter.java:562)
	at org.apache.maven.surefire.booter.ForkedBooter.main(ForkedBooter.java:548)

]]></system-err>
  </testcase>
  <testcase name="testContainerStateMachineDualFailureRetry" classname="org.apache.hadoop.ozone.client.rpc.TestContainerStateMachineFailures" time="22.83">
    <system-out><![CDATA[2022-06-15 07:35:10,069 [FixedThreadPoolWithAffinityExecutor-9-0] WARN  container.ContainerReportHandler (AbstractContainerReportHandler.java:updateContainerState(255)) - Container #4 is in OPEN state, but the datanode 2ba0c2a5-1748-4da9-81e4-5266296b4b8f{ip: 10.1.0.11, host: fv-az121-418.xhy4bhhdincepo0av04agjzkjc.cx.internal.cloudapp.net, ports: [REPLICATION=43041, RATIS=43465, RATIS_ADMIN=43465, RATIS_SERVER=43465, STANDALONE=43919], networkLocation: /default-rack, certSerialId: null, persistedOpState: IN_SERVICE, persistedOpStateExpiryEpochSec: 0} reports an CLOSED replica.
2022-06-15 07:35:10,073 [org.apache.hadoop.util.JvmPauseMonitor$Monitor@518bb4ab] INFO  util.JvmPauseMonitor (JvmPauseMonitor.java:run(188)) - Starting JVM pause monitor
2022-06-15 07:35:10,110 [EventQueue-PipelineReportForPipelineReportHandler] INFO  pipeline.PipelineReportHandler (PipelineReportHandler.java:processPipelineReport(113)) - Reported pipeline PipelineID=83aa0ae5-c647-4842-ba01-114df2e904af is not found
2022-06-15 07:35:10,182 [EventQueue-PipelineReportForPipelineReportHandler] INFO  pipeline.PipelineReportHandler (PipelineReportHandler.java:processPipelineReport(113)) - Reported pipeline PipelineID=83aa0ae5-c647-4842-ba01-114df2e904af is not found
2022-06-15 07:35:10,424 [b0a9d56e-b544-41cd-b2b1-b34d126127d5@group-DEDC8EEB63DA-StateMachineUpdater] INFO  ratis.ContainerStateMachine (ContainerStateMachine.java:takeSnapshot(304)) - group-DEDC8EEB63DA: Taking a snapshot at:(t:3, i:4) file /home/runner/work/ozone/ozone/hadoop-ozone/integration-test/target/test-dir/MiniOzoneClusterImpl-589494f2-24de-4a8c-8650-9a890bc48d46/datanode-1/data/ratis/6e098c5d-76b7-4aec-8106-dedc8eeb63da/sm/snapshot.3_4
2022-06-15 07:35:10,425 [b0a9d56e-b544-41cd-b2b1-b34d126127d5@group-DEDC8EEB63DA-StateMachineUpdater] INFO  ratis.ContainerStateMachine (ContainerStateMachine.java:takeSnapshot(315)) - group-DEDC8EEB63DA: Finished taking a snapshot at:(t:3, i:4) file:/home/runner/work/ozone/ozone/hadoop-ozone/integration-test/target/test-dir/MiniOzoneClusterImpl-589494f2-24de-4a8c-8650-9a890bc48d46/datanode-1/data/ratis/6e098c5d-76b7-4aec-8106-dedc8eeb63da/sm/snapshot.3_4 took: 1 ms
2022-06-15 07:35:10,425 [b0a9d56e-b544-41cd-b2b1-b34d126127d5@group-DEDC8EEB63DA-StateMachineUpdater] INFO  impl.StateMachineUpdater (StateMachineUpdater.java:takeSnapshot(287)) - b0a9d56e-b544-41cd-b2b1-b34d126127d5@group-DEDC8EEB63DA-StateMachineUpdater: Took a snapshot at index 4
2022-06-15 07:35:10,425 [b0a9d56e-b544-41cd-b2b1-b34d126127d5@group-DEDC8EEB63DA-StateMachineUpdater] INFO  impl.StateMachineUpdater (StateMachineUpdater.java:lambda$new$0(92)) - b0a9d56e-b544-41cd-b2b1-b34d126127d5@group-DEDC8EEB63DA-StateMachineUpdater: snapshotIndex: updateIncreasingly 0 -> 4
2022-06-15 07:35:10,461 [FixedThreadPoolWithAffinityExecutor-9-0] WARN  container.ContainerReportHandler (AbstractContainerReportHandler.java:updateContainerState(255)) - Container #4 is in OPEN state, but the datanode 2ba0c2a5-1748-4da9-81e4-5266296b4b8f{ip: 10.1.0.11, host: fv-az121-418.xhy4bhhdincepo0av04agjzkjc.cx.internal.cloudapp.net, ports: [REPLICATION=43041, RATIS=43465, RATIS_ADMIN=43465, RATIS_SERVER=43465, STANDALONE=43919], networkLocation: /default-rack, certSerialId: null, persistedOpState: IN_SERVICE, persistedOpStateExpiryEpochSec: 0} reports an CLOSED replica.
2022-06-15 07:35:10,469 [657a5ecd-0fe1-496e-aa3e-85dbaec35512@group-DEDC8EEB63DA-StateMachineUpdater] INFO  ratis.ContainerStateMachine (ContainerStateMachine.java:takeSnapshot(304)) - group-DEDC8EEB63DA: Taking a snapshot at:(t:3, i:1) file /home/runner/work/ozone/ozone/hadoop-ozone/integration-test/target/test-dir/MiniOzoneClusterImpl-589494f2-24de-4a8c-8650-9a890bc48d46/datanode-2/data/ratis/6e098c5d-76b7-4aec-8106-dedc8eeb63da/sm/snapshot.3_1
2022-06-15 07:35:10,470 [657a5ecd-0fe1-496e-aa3e-85dbaec35512@group-DEDC8EEB63DA-StateMachineUpdater] INFO  ratis.ContainerStateMachine (ContainerStateMachine.java:takeSnapshot(315)) - group-DEDC8EEB63DA: Finished taking a snapshot at:(t:3, i:1) file:/home/runner/work/ozone/ozone/hadoop-ozone/integration-test/target/test-dir/MiniOzoneClusterImpl-589494f2-24de-4a8c-8650-9a890bc48d46/datanode-2/data/ratis/6e098c5d-76b7-4aec-8106-dedc8eeb63da/sm/snapshot.3_1 took: 1 ms
2022-06-15 07:35:10,470 [657a5ecd-0fe1-496e-aa3e-85dbaec35512@group-DEDC8EEB63DA-StateMachineUpdater] INFO  impl.StateMachineUpdater (StateMachineUpdater.java:takeSnapshot(287)) - 657a5ecd-0fe1-496e-aa3e-85dbaec35512@group-DEDC8EEB63DA-StateMachineUpdater: Took a snapshot at index 1
2022-06-15 07:35:10,470 [657a5ecd-0fe1-496e-aa3e-85dbaec35512@group-DEDC8EEB63DA-StateMachineUpdater] INFO  impl.StateMachineUpdater (StateMachineUpdater.java:lambda$new$0(92)) - 657a5ecd-0fe1-496e-aa3e-85dbaec35512@group-DEDC8EEB63DA-StateMachineUpdater: snapshotIndex: updateIncreasingly 0 -> 1
2022-06-15 07:35:10,529 [EventQueue-PipelineReportForPipelineReportHandler] INFO  pipeline.PipelineReportHandler (PipelineReportHandler.java:processPipelineReport(113)) - Reported pipeline PipelineID=83aa0ae5-c647-4842-ba01-114df2e904af is not found
2022-06-15 07:35:10,540 [EventQueue-PipelineReportForPipelineReportHandler] INFO  pipeline.PipelineReportHandler (PipelineReportHandler.java:processPipelineReport(113)) - Reported pipeline PipelineID=83aa0ae5-c647-4842-ba01-114df2e904af is not found
2022-06-15 07:35:10,663 [FixedThreadPoolWithAffinityExecutor-0-0] WARN  container.ContainerReportHandler (AbstractContainerReportHandler.java:updateContainerState(255)) - Container #4 is in OPEN state, but the datanode 2ba0c2a5-1748-4da9-81e4-5266296b4b8f{ip: 10.1.0.11, host: fv-az121-418.xhy4bhhdincepo0av04agjzkjc.cx.internal.cloudapp.net, ports: [REPLICATION=43041, RATIS=43465, RATIS_ADMIN=43465, RATIS_SERVER=43465, STANDALONE=43919], networkLocation: /default-rack, certSerialId: null, persistedOpState: IN_SERVICE, persistedOpStateExpiryEpochSec: 0} reports an CLOSED replica.
2022-06-15 07:35:10,669 [grpc-default-executor-2] WARN  server.GrpcLogAppender (LogUtils.java:warn(122)) - e547bcb9-eced-475a-8c61-963b1a05d208@group-F5409A33EF3A->7bb1eb80-c113-41fd-8e62-543e67410fa1-AppendLogResponseHandler: Failed appendEntries: org.apache.ratis.thirdparty.io.grpc.StatusRuntimeException: UNAVAILABLE: io exception
2022-06-15 07:35:10,670 [grpc-default-executor-2] WARN  server.GrpcLogAppender (GrpcLogAppender.java:resetClient(111)) - e547bcb9-eced-475a-8c61-963b1a05d208@group-F5409A33EF3A->7bb1eb80-c113-41fd-8e62-543e67410fa1-GrpcLogAppender: Leader has not got in touch with Follower e547bcb9-eced-475a-8c61-963b1a05d208@group-F5409A33EF3A->7bb1eb80-c113-41fd-8e62-543e67410fa1(c-1,m0,n3, attendVote=true, lastRpcSendTime=1226, lastRpcResponseTime=6492) yet, just keep nextIndex unchanged and retry.
2022-06-15 07:35:10,729 [EventQueue-PipelineReportForPipelineReportHandler] INFO  pipeline.PipelineReportHandler (PipelineReportHandler.java:processPipelineReport(113)) - Reported pipeline PipelineID=83aa0ae5-c647-4842-ba01-114df2e904af is not found
2022-06-15 07:35:10,740 [EventQueue-PipelineReportForPipelineReportHandler] INFO  pipeline.PipelineReportHandler (PipelineReportHandler.java:processPipelineReport(113)) - Reported pipeline PipelineID=83aa0ae5-c647-4842-ba01-114df2e904af is not found
2022-06-15 07:35:10,854 [java.util.concurrent.ThreadPoolExecutor$Worker@53bd48cc[State = -1, empty queue]] WARN  server.GrpcLogAppender (GrpcLogAppender.java:timeoutAppendRequest(239)) - b0a9d56e-b544-41cd-b2b1-b34d126127d5@group-DEDC8EEB63DA->543aeec3-c74a-41c2-8a93-8d529b3aabc8-GrpcLogAppender: HEARTBEAT appendEntries Timeout, request=AppendEntriesRequest:cid=3170613,entriesCount=0,lastEntry=null
2022-06-15 07:35:10,867 [FixedThreadPoolWithAffinityExecutor-9-0] WARN  container.ContainerReportHandler (AbstractContainerReportHandler.java:updateContainerState(255)) - Container #4 is in OPEN state, but the datanode 2ba0c2a5-1748-4da9-81e4-5266296b4b8f{ip: 10.1.0.11, host: fv-az121-418.xhy4bhhdincepo0av04agjzkjc.cx.internal.cloudapp.net, ports: [REPLICATION=43041, RATIS=43465, RATIS_ADMIN=43465, RATIS_SERVER=43465, STANDALONE=43919], networkLocation: /default-rack, certSerialId: null, persistedOpState: IN_SERVICE, persistedOpStateExpiryEpochSec: 0} reports an CLOSED replica.
2022-06-15 07:35:10,930 [EventQueue-PipelineReportForPipelineReportHandler] INFO  pipeline.PipelineReportHandler (PipelineReportHandler.java:processPipelineReport(113)) - Reported pipeline PipelineID=83aa0ae5-c647-4842-ba01-114df2e904af is not found
2022-06-15 07:35:10,933 [java.util.concurrent.ThreadPoolExecutor$Worker@53bd48cc[State = -1, empty queue]] WARN  server.GrpcLogAppender (GrpcLogAppender.java:timeoutAppendRequest(239)) - b0a9d56e-b544-41cd-b2b1-b34d126127d5@group-114DF2E904AF->543aeec3-c74a-41c2-8a93-8d529b3aabc8-GrpcLogAppender: HEARTBEAT appendEntries Timeout, request=AppendEntriesRequest:cid=1037613,entriesCount=0,lastEntry=null
2022-06-15 07:35:10,965 [grpc-default-executor-3] WARN  server.GrpcLogAppender (LogUtils.java:warn(122)) - b4f5d82c-04a6-4c81-89bd-99aee48f7148@group-61C79976014F->7bb1eb80-c113-41fd-8e62-543e67410fa1-AppendLogResponseHandler: Failed appendEntries: org.apache.ratis.thirdparty.io.grpc.StatusRuntimeException: UNAVAILABLE: io exception
2022-06-15 07:35:10,966 [grpc-default-executor-3] WARN  server.GrpcLogAppender (GrpcLogAppender.java:resetClient(111)) - b4f5d82c-04a6-4c81-89bd-99aee48f7148@group-61C79976014F->7bb1eb80-c113-41fd-8e62-543e67410fa1-GrpcLogAppender: Leader has not got in touch with Follower b4f5d82c-04a6-4c81-89bd-99aee48f7148@group-61C79976014F->7bb1eb80-c113-41fd-8e62-543e67410fa1(c0,m0,n1, attendVote=true, lastRpcSendTime=0, lastRpcResponseTime=7511) yet, just keep nextIndex unchanged and retry.
2022-06-15 07:35:11,146 [EventQueue-PipelineReportForPipelineReportHandler] INFO  pipeline.PipelineReportHandler (PipelineReportHandler.java:processPipelineReport(113)) - Reported pipeline PipelineID=83aa0ae5-c647-4842-ba01-114df2e904af is not found
2022-06-15 07:35:11,263 [FixedThreadPoolWithAffinityExecutor-1-0] WARN  container.ContainerReportHandler (AbstractContainerReportHandler.java:updateContainerState(255)) - Container #4 is in OPEN state, but the datanode 2ba0c2a5-1748-4da9-81e4-5266296b4b8f{ip: 10.1.0.11, host: fv-az121-418.xhy4bhhdincepo0av04agjzkjc.cx.internal.cloudapp.net, ports: [REPLICATION=43041, RATIS=43465, RATIS_ADMIN=43465, RATIS_SERVER=43465, STANDALONE=43919], networkLocation: /default-rack, certSerialId: null, persistedOpState: IN_SERVICE, persistedOpStateExpiryEpochSec: 0} reports an CLOSED replica.
2022-06-15 07:35:11,330 [EventQueue-PipelineReportForPipelineReportHandler] INFO  pipeline.PipelineReportHandler (PipelineReportHandler.java:processPipelineReport(113)) - Reported pipeline PipelineID=83aa0ae5-c647-4842-ba01-114df2e904af is not found
2022-06-15 07:35:11,342 [EventQueue-PipelineReportForPipelineReportHandler] INFO  pipeline.PipelineReportHandler (PipelineReportHandler.java:processPipelineReport(113)) - Reported pipeline PipelineID=83aa0ae5-c647-4842-ba01-114df2e904af is not found
2022-06-15 07:35:11,664 [FixedThreadPoolWithAffinityExecutor-9-0] WARN  container.ContainerReportHandler (AbstractContainerReportHandler.java:updateContainerState(255)) - Container #4 is in OPEN state, but the datanode 2ba0c2a5-1748-4da9-81e4-5266296b4b8f{ip: 10.1.0.11, host: fv-az121-418.xhy4bhhdincepo0av04agjzkjc.cx.internal.cloudapp.net, ports: [REPLICATION=43041, RATIS=43465, RATIS_ADMIN=43465, RATIS_SERVER=43465, STANDALONE=43919], networkLocation: /default-rack, certSerialId: null, persistedOpState: IN_SERVICE, persistedOpStateExpiryEpochSec: 0} reports an CLOSED replica.
2022-06-15 07:35:11,731 [EventQueue-PipelineReportForPipelineReportHandler] INFO  pipeline.PipelineReportHandler (PipelineReportHandler.java:processPipelineReport(113)) - Reported pipeline PipelineID=83aa0ae5-c647-4842-ba01-114df2e904af is not found
2022-06-15 07:35:11,746 [EventQueue-PipelineReportForPipelineReportHandler] INFO  pipeline.PipelineReportHandler (PipelineReportHandler.java:processPipelineReport(113)) - Reported pipeline PipelineID=83aa0ae5-c647-4842-ba01-114df2e904af is not found
2022-06-15 07:35:11,864 [FixedThreadPoolWithAffinityExecutor-9-0] WARN  container.ContainerReportHandler (AbstractContainerReportHandler.java:updateContainerState(255)) - Container #4 is in OPEN state, but the datanode 2ba0c2a5-1748-4da9-81e4-5266296b4b8f{ip: 10.1.0.11, host: fv-az121-418.xhy4bhhdincepo0av04agjzkjc.cx.internal.cloudapp.net, ports: [REPLICATION=43041, RATIS=43465, RATIS_ADMIN=43465, RATIS_SERVER=43465, STANDALONE=43919], networkLocation: /default-rack, certSerialId: null, persistedOpState: IN_SERVICE, persistedOpStateExpiryEpochSec: 0} reports an CLOSED replica.
2022-06-15 07:35:11,920 [grpc-default-executor-2] WARN  server.GrpcLogAppender (LogUtils.java:warn(122)) - e547bcb9-eced-475a-8c61-963b1a05d208@group-F5409A33EF3A->7bb1eb80-c113-41fd-8e62-543e67410fa1-AppendLogResponseHandler: Failed appendEntries: org.apache.ratis.thirdparty.io.grpc.StatusRuntimeException: UNAVAILABLE: io exception
2022-06-15 07:35:11,921 [grpc-default-executor-2] WARN  server.GrpcLogAppender (GrpcLogAppender.java:resetClient(111)) - e547bcb9-eced-475a-8c61-963b1a05d208@group-F5409A33EF3A->7bb1eb80-c113-41fd-8e62-543e67410fa1-GrpcLogAppender: Leader has not got in touch with Follower e547bcb9-eced-475a-8c61-963b1a05d208@group-F5409A33EF3A->7bb1eb80-c113-41fd-8e62-543e67410fa1(c-1,m0,n3, attendVote=true, lastRpcSendTime=1251, lastRpcResponseTime=7743) yet, just keep nextIndex unchanged and retry.
2022-06-15 07:35:11,945 [EventQueue-PipelineReportForPipelineReportHandler] INFO  pipeline.PipelineReportHandler (PipelineReportHandler.java:processPipelineReport(113)) - Reported pipeline PipelineID=83aa0ae5-c647-4842-ba01-114df2e904af is not found
2022-06-15 07:35:11,965 [b4f5d82c-04a6-4c81-89bd-99aee48f7148@group-F5409A33EF3A-StateMachineUpdater] INFO  ratis.ContainerStateMachine (ContainerStateMachine.java:takeSnapshot(304)) - group-F5409A33EF3A: Taking a snapshot at:(t:3, i:2) file /home/runner/work/ozone/ozone/hadoop-ozone/integration-test/target/test-dir/MiniOzoneClusterImpl-589494f2-24de-4a8c-8650-9a890bc48d46/datanode-5/data/ratis/23d08045-b382-4fa8-b6c5-f5409a33ef3a/sm/snapshot.3_2
2022-06-15 07:35:11,966 [b4f5d82c-04a6-4c81-89bd-99aee48f7148@group-F5409A33EF3A-StateMachineUpdater] INFO  ratis.ContainerStateMachine (ContainerStateMachine.java:takeSnapshot(315)) - group-F5409A33EF3A: Finished taking a snapshot at:(t:3, i:2) file:/home/runner/work/ozone/ozone/hadoop-ozone/integration-test/target/test-dir/MiniOzoneClusterImpl-589494f2-24de-4a8c-8650-9a890bc48d46/datanode-5/data/ratis/23d08045-b382-4fa8-b6c5-f5409a33ef3a/sm/snapshot.3_2 took: 1 ms
2022-06-15 07:35:11,966 [b4f5d82c-04a6-4c81-89bd-99aee48f7148@group-F5409A33EF3A-StateMachineUpdater] INFO  impl.StateMachineUpdater (StateMachineUpdater.java:takeSnapshot(287)) - b4f5d82c-04a6-4c81-89bd-99aee48f7148@group-F5409A33EF3A-StateMachineUpdater: Took a snapshot at index 2
2022-06-15 07:35:11,966 [b4f5d82c-04a6-4c81-89bd-99aee48f7148@group-F5409A33EF3A-StateMachineUpdater] INFO  impl.StateMachineUpdater (StateMachineUpdater.java:lambda$new$0(92)) - b4f5d82c-04a6-4c81-89bd-99aee48f7148@group-F5409A33EF3A-StateMachineUpdater: snapshotIndex: updateIncreasingly 1 -> 2
2022-06-15 07:35:12,090 [EndpointStateMachine task thread for /0.0.0.0:42631 - 0 ] INFO  ozoneimpl.OzoneContainer (OzoneContainer.java:start(344)) - Attempting to start container services.
2022-06-15 07:35:12,090 [EndpointStateMachine task thread for /0.0.0.0:42631 - 0 ] INFO  ozoneimpl.OzoneContainer (OzoneContainer.java:startContainerScrub(279)) - Background container scanner has been disabled.
2022-06-15 07:35:12,096 [EndpointStateMachine task thread for /0.0.0.0:42631 - 0 ] INFO  replication.ReplicationServer (ReplicationServer.java:start(111)) - ReplicationServer is started using port 43781
2022-06-15 07:35:12,096 [EndpointStateMachine task thread for /0.0.0.0:42631 - 0 ] INFO  ratis.XceiverServerRatis (XceiverServerRatis.java:start(481)) - Starting XceiverServerRatis 7bb1eb80-c113-41fd-8e62-543e67410fa1
2022-06-15 07:35:12,097 [EndpointStateMachine task thread for /0.0.0.0:42631 - 0 ] INFO  server.RaftServer (RaftServerProxy.java:lambda$start$6(382)) - 7bb1eb80-c113-41fd-8e62-543e67410fa1: start RPC server
2022-06-15 07:35:12,105 [java.util.concurrent.ThreadPoolExecutor$Worker@53bd48cc[State = -1, empty queue]] WARN  server.GrpcLogAppender (GrpcLogAppender.java:timeoutAppendRequest(239)) - b0a9d56e-b544-41cd-b2b1-b34d126127d5@group-DEDC8EEB63DA->543aeec3-c74a-41c2-8a93-8d529b3aabc8-GrpcLogAppender: HEARTBEAT appendEntries Timeout, request=AppendEntriesRequest:cid=3170614,entriesCount=0,lastEntry=null
2022-06-15 07:35:12,112 [EndpointStateMachine task thread for /0.0.0.0:42631 - 0 ] INFO  server.GrpcService (GrpcService.java:startImpl(260)) - 7bb1eb80-c113-41fd-8e62-543e67410fa1: GrpcService started, listening on 37245
2022-06-15 07:35:12,113 [EndpointStateMachine task thread for /0.0.0.0:42631 - 0 ] INFO  ratis.XceiverServerRatis (XceiverServerRatis.java:getRealPort(502)) - XceiverServerRatis 7bb1eb80-c113-41fd-8e62-543e67410fa1 is started using port 37245 for RATIS
2022-06-15 07:35:12,113 [EndpointStateMachine task thread for /0.0.0.0:42631 - 0 ] INFO  ratis.XceiverServerRatis (XceiverServerRatis.java:getRealPort(502)) - XceiverServerRatis 7bb1eb80-c113-41fd-8e62-543e67410fa1 is started using port 37245 for RATIS_ADMIN
2022-06-15 07:35:12,113 [EndpointStateMachine task thread for /0.0.0.0:42631 - 0 ] INFO  ratis.XceiverServerRatis (XceiverServerRatis.java:getRealPort(502)) - XceiverServerRatis 7bb1eb80-c113-41fd-8e62-543e67410fa1 is started using port 37245 for RATIS_SERVER
2022-06-15 07:35:12,123 [org.apache.ratis.util.JvmPauseMonitor$$Lambda$681/1621678294@72c47227] INFO  util.JvmPauseMonitor (JvmPauseMonitor.java:run(103)) - JvmPauseMonitor-7bb1eb80-c113-41fd-8e62-543e67410fa1: Started
2022-06-15 07:35:12,148 [EventQueue-PipelineReportForPipelineReportHandler] INFO  pipeline.PipelineReportHandler (PipelineReportHandler.java:processPipelineReport(113)) - Reported pipeline PipelineID=83aa0ae5-c647-4842-ba01-114df2e904af is not found
2022-06-15 07:35:12,184 [java.util.concurrent.ThreadPoolExecutor$Worker@53bd48cc[State = -1, empty queue]] WARN  server.GrpcLogAppender (GrpcLogAppender.java:timeoutAppendRequest(239)) - b0a9d56e-b544-41cd-b2b1-b34d126127d5@group-114DF2E904AF->543aeec3-c74a-41c2-8a93-8d529b3aabc8-GrpcLogAppender: HEARTBEAT appendEntries Timeout, request=AppendEntriesRequest:cid=1037735,entriesCount=0,lastEntry=null
2022-06-15 07:35:12,216 [grpc-default-executor-2] WARN  server.GrpcLogAppender (LogUtils.java:warn(122)) - b4f5d82c-04a6-4c81-89bd-99aee48f7148@group-61C79976014F->7bb1eb80-c113-41fd-8e62-543e67410fa1-AppendLogResponseHandler: Failed appendEntries: org.apache.ratis.thirdparty.io.grpc.StatusRuntimeException: UNAVAILABLE: io exception
2022-06-15 07:35:12,217 [grpc-default-executor-2] WARN  server.GrpcLogAppender (GrpcLogAppender.java:resetClient(111)) - b4f5d82c-04a6-4c81-89bd-99aee48f7148@group-61C79976014F->7bb1eb80-c113-41fd-8e62-543e67410fa1-GrpcLogAppender: Leader has not got in touch with Follower b4f5d82c-04a6-4c81-89bd-99aee48f7148@group-61C79976014F->7bb1eb80-c113-41fd-8e62-543e67410fa1(c0,m0,n1, attendVote=true, lastRpcSendTime=0, lastRpcResponseTime=8761) yet, just keep nextIndex unchanged and retry.
2022-06-15 07:35:12,265 [FixedThreadPoolWithAffinityExecutor-1-0] WARN  container.ContainerReportHandler (AbstractContainerReportHandler.java:updateContainerState(255)) - Container #4 is in OPEN state, but the datanode 2ba0c2a5-1748-4da9-81e4-5266296b4b8f{ip: 10.1.0.11, host: fv-az121-418.xhy4bhhdincepo0av04agjzkjc.cx.internal.cloudapp.net, ports: [REPLICATION=43041, RATIS=43465, RATIS_ADMIN=43465, RATIS_SERVER=43465, STANDALONE=43919], networkLocation: /default-rack, certSerialId: null, persistedOpState: IN_SERVICE, persistedOpStateExpiryEpochSec: 0} reports an CLOSED replica.
2022-06-15 07:35:12,347 [EventQueue-PipelineReportForPipelineReportHandler] INFO  pipeline.PipelineReportHandler (PipelineReportHandler.java:processPipelineReport(113)) - Reported pipeline PipelineID=83aa0ae5-c647-4842-ba01-114df2e904af is not found
2022-06-15 07:35:12,357 [EventQueue-PipelineReportForPipelineReportHandler] INFO  pipeline.PipelineReportHandler (PipelineReportHandler.java:processPipelineReport(113)) - Reported pipeline PipelineID=83aa0ae5-c647-4842-ba01-114df2e904af is not found
2022-06-15 07:35:12,568 [EventQueue-PipelineReportForPipelineReportHandler] INFO  pipeline.PipelineReportHandler (PipelineReportHandler.java:processPipelineReport(113)) - Reported pipeline PipelineID=83aa0ae5-c647-4842-ba01-114df2e904af is not found
2022-06-15 07:35:12,571 [EventQueue-PipelineReportForPipelineReportHandler] INFO  pipeline.PipelineReportHandler (PipelineReportHandler.java:processPipelineReport(113)) - Reported pipeline PipelineID=83aa0ae5-c647-4842-ba01-114df2e904af is not found
2022-06-15 07:35:12,664 [FixedThreadPoolWithAffinityExecutor-1-0] WARN  container.ContainerReportHandler (AbstractContainerReportHandler.java:updateContainerState(255)) - Container #4 is in OPEN state, but the datanode 2ba0c2a5-1748-4da9-81e4-5266296b4b8f{ip: 10.1.0.11, host: fv-az121-418.xhy4bhhdincepo0av04agjzkjc.cx.internal.cloudapp.net, ports: [REPLICATION=43041, RATIS=43465, RATIS_ADMIN=43465, RATIS_SERVER=43465, STANDALONE=43919], networkLocation: /default-rack, certSerialId: null, persistedOpState: IN_SERVICE, persistedOpStateExpiryEpochSec: 0} reports an CLOSED replica.
2022-06-15 07:35:12,865 [FixedThreadPoolWithAffinityExecutor-0-0] WARN  container.ContainerReportHandler (AbstractContainerReportHandler.java:updateContainerState(255)) - Container #4 is in OPEN state, but the datanode 2ba0c2a5-1748-4da9-81e4-5266296b4b8f{ip: 10.1.0.11, host: fv-az121-418.xhy4bhhdincepo0av04agjzkjc.cx.internal.cloudapp.net, ports: [REPLICATION=43041, RATIS=43465, RATIS_ADMIN=43465, RATIS_SERVER=43465, STANDALONE=43919], networkLocation: /default-rack, certSerialId: null, persistedOpState: IN_SERVICE, persistedOpStateExpiryEpochSec: 0} reports an CLOSED replica.
2022-06-15 07:35:12,923 [657a5ecd-0fe1-496e-aa3e-85dbaec35512@group-DEDC8EEB63DA-StateMachineUpdater] INFO  ratis.ContainerStateMachine (ContainerStateMachine.java:takeSnapshot(304)) - group-DEDC8EEB63DA: Taking a snapshot at:(t:3, i:4) file /home/runner/work/ozone/ozone/hadoop-ozone/integration-test/target/test-dir/MiniOzoneClusterImpl-589494f2-24de-4a8c-8650-9a890bc48d46/datanode-2/data/ratis/6e098c5d-76b7-4aec-8106-dedc8eeb63da/sm/snapshot.3_4
2022-06-15 07:35:12,924 [657a5ecd-0fe1-496e-aa3e-85dbaec35512@group-DEDC8EEB63DA-StateMachineUpdater] INFO  ratis.ContainerStateMachine (ContainerStateMachine.java:takeSnapshot(315)) - group-DEDC8EEB63DA: Finished taking a snapshot at:(t:3, i:4) file:/home/runner/work/ozone/ozone/hadoop-ozone/integration-test/target/test-dir/MiniOzoneClusterImpl-589494f2-24de-4a8c-8650-9a890bc48d46/datanode-2/data/ratis/6e098c5d-76b7-4aec-8106-dedc8eeb63da/sm/snapshot.3_4 took: 0 ms
2022-06-15 07:35:12,924 [657a5ecd-0fe1-496e-aa3e-85dbaec35512@group-DEDC8EEB63DA-StateMachineUpdater] INFO  impl.StateMachineUpdater (StateMachineUpdater.java:takeSnapshot(287)) - 657a5ecd-0fe1-496e-aa3e-85dbaec35512@group-DEDC8EEB63DA-StateMachineUpdater: Took a snapshot at index 4
2022-06-15 07:35:12,924 [657a5ecd-0fe1-496e-aa3e-85dbaec35512@group-DEDC8EEB63DA-StateMachineUpdater] INFO  impl.StateMachineUpdater (StateMachineUpdater.java:lambda$new$0(92)) - 657a5ecd-0fe1-496e-aa3e-85dbaec35512@group-DEDC8EEB63DA-StateMachineUpdater: snapshotIndex: updateIncreasingly 1 -> 4
2022-06-15 07:35:12,962 [EventQueue-PipelineReportForPipelineReportHandler] INFO  pipeline.PipelineReportHandler (PipelineReportHandler.java:processPipelineReport(113)) - Reported pipeline PipelineID=83aa0ae5-c647-4842-ba01-114df2e904af is not found
2022-06-15 07:35:12,963 [EventQueue-PipelineReportForPipelineReportHandler] INFO  pipeline.PipelineReportHandler (PipelineReportHandler.java:processPipelineReport(113)) - Reported pipeline PipelineID=83aa0ae5-c647-4842-ba01-114df2e904af is not found
2022-06-15 07:35:13,064 [FixedThreadPoolWithAffinityExecutor-1-0] WARN  container.ContainerReportHandler (AbstractContainerReportHandler.java:updateContainerState(255)) - Container #4 is in OPEN state, but the datanode 2ba0c2a5-1748-4da9-81e4-5266296b4b8f{ip: 10.1.0.11, host: fv-az121-418.xhy4bhhdincepo0av04agjzkjc.cx.internal.cloudapp.net, ports: [REPLICATION=43041, RATIS=43465, RATIS_ADMIN=43465, RATIS_SERVER=43465, STANDALONE=43919], networkLocation: /default-rack, certSerialId: null, persistedOpState: IN_SERVICE, persistedOpStateExpiryEpochSec: 0} reports an CLOSED replica.
2022-06-15 07:35:13,162 [EventQueue-PipelineReportForPipelineReportHandler] INFO  pipeline.PipelineReportHandler (PipelineReportHandler.java:processPipelineReport(113)) - Reported pipeline PipelineID=83aa0ae5-c647-4842-ba01-114df2e904af is not found
2022-06-15 07:35:13,261 [java.util.concurrent.ThreadPoolExecutor$Worker@3cef755e[State = -1, empty queue]] WARN  server.GrpcLogAppender (GrpcLogAppender.java:timeoutAppendRequest(239)) - b0a9d56e-b544-41cd-b2b1-b34d126127d5@group-DEDC8EEB63DA->543aeec3-c74a-41c2-8a93-8d529b3aabc8-GrpcLogAppender:  appendEntries Timeout, request=AppendEntriesRequest:cid=3170615,entriesCount=1,lastEntry=(t:3, i:1)
2022-06-15 07:35:13,264 [FixedThreadPoolWithAffinityExecutor-9-0] WARN  container.ContainerReportHandler (AbstractContainerReportHandler.java:updateContainerState(255)) - Container #4 is in OPEN state, but the datanode 2ba0c2a5-1748-4da9-81e4-5266296b4b8f{ip: 10.1.0.11, host: fv-az121-418.xhy4bhhdincepo0av04agjzkjc.cx.internal.cloudapp.net, ports: [REPLICATION=43041, RATIS=43465, RATIS_ADMIN=43465, RATIS_SERVER=43465, STANDALONE=43919], networkLocation: /default-rack, certSerialId: null, persistedOpState: IN_SERVICE, persistedOpStateExpiryEpochSec: 0} reports an CLOSED replica.
2022-06-15 07:35:13,356 [java.util.concurrent.ThreadPoolExecutor$Worker@3cef755e[State = -1, empty queue]] WARN  server.GrpcLogAppender (GrpcLogAppender.java:timeoutAppendRequest(239)) - b0a9d56e-b544-41cd-b2b1-b34d126127d5@group-DEDC8EEB63DA->543aeec3-c74a-41c2-8a93-8d529b3aabc8-GrpcLogAppender: HEARTBEAT appendEntries Timeout, request=AppendEntriesRequest:cid=3170616,entriesCount=0,lastEntry=null
2022-06-15 07:35:13,361 [EventQueue-PipelineReportForPipelineReportHandler] INFO  pipeline.PipelineReportHandler (PipelineReportHandler.java:processPipelineReport(113)) - Reported pipeline PipelineID=83aa0ae5-c647-4842-ba01-114df2e904af is not found
2022-06-15 07:35:13,363 [EventQueue-PipelineReportForPipelineReportHandler] INFO  pipeline.PipelineReportHandler (PipelineReportHandler.java:processPipelineReport(113)) - Reported pipeline PipelineID=83aa0ae5-c647-4842-ba01-114df2e904af is not found
2022-06-15 07:35:13,375 [java.util.concurrent.ThreadPoolExecutor$Worker@3cef755e[State = -1, empty queue]] WARN  server.GrpcLogAppender (GrpcLogAppender.java:timeoutAppendRequest(239)) - b0a9d56e-b544-41cd-b2b1-b34d126127d5@group-DEDC8EEB63DA->543aeec3-c74a-41c2-8a93-8d529b3aabc8-GrpcLogAppender: HEARTBEAT appendEntries Timeout, request=AppendEntriesRequest:cid=3170617,entriesCount=0,lastEntry=null
2022-06-15 07:35:13,378 [java.util.concurrent.ThreadPoolExecutor$Worker@3cef755e[State = -1, empty queue]] WARN  server.GrpcLogAppender (GrpcLogAppender.java:timeoutAppendRequest(239)) - b0a9d56e-b544-41cd-b2b1-b34d126127d5@group-DEDC8EEB63DA->543aeec3-c74a-41c2-8a93-8d529b3aabc8-GrpcLogAppender: HEARTBEAT appendEntries Timeout, request=AppendEntriesRequest:cid=3170618,entriesCount=0,lastEntry=null
2022-06-15 07:35:13,390 [java.util.concurrent.ThreadPoolExecutor$Worker@3cef755e[State = -1, empty queue]] WARN  server.GrpcLogAppender (GrpcLogAppender.java:timeoutAppendRequest(239)) - b0a9d56e-b544-41cd-b2b1-b34d126127d5@group-DEDC8EEB63DA->543aeec3-c74a-41c2-8a93-8d529b3aabc8-GrpcLogAppender: HEARTBEAT appendEntries Timeout, request=AppendEntriesRequest:cid=3170619,entriesCount=0,lastEntry=null
2022-06-15 07:35:13,391 [java.util.concurrent.ThreadPoolExecutor$Worker@3cef755e[State = -1, empty queue]] WARN  server.GrpcLogAppender (GrpcLogAppender.java:timeoutAppendRequest(239)) - b0a9d56e-b544-41cd-b2b1-b34d126127d5@group-DEDC8EEB63DA->543aeec3-c74a-41c2-8a93-8d529b3aabc8-GrpcLogAppender: HEARTBEAT appendEntries Timeout, request=AppendEntriesRequest:cid=3170620,entriesCount=0,lastEntry=null
2022-06-15 07:35:13,423 [java.util.concurrent.ThreadPoolExecutor$Worker@3cef755e[State = -1, empty queue]] WARN  server.GrpcLogAppender (GrpcLogAppender.java:timeoutAppendRequest(239)) - b0a9d56e-b544-41cd-b2b1-b34d126127d5@group-DEDC8EEB63DA->543aeec3-c74a-41c2-8a93-8d529b3aabc8-GrpcLogAppender: HEARTBEAT appendEntries Timeout, request=AppendEntriesRequest:cid=3170621,entriesCount=0,lastEntry=null
2022-06-15 07:35:13,425 [java.util.concurrent.ThreadPoolExecutor$Worker@3cef755e[State = -1, empty queue]] WARN  server.GrpcLogAppender (GrpcLogAppender.java:timeoutAppendRequest(239)) - b0a9d56e-b544-41cd-b2b1-b34d126127d5@group-DEDC8EEB63DA->543aeec3-c74a-41c2-8a93-8d529b3aabc8-GrpcLogAppender: HEARTBEAT appendEntries Timeout, request=AppendEntriesRequest:cid=3170622,entriesCount=0,lastEntry=null
2022-06-15 07:35:13,435 [java.util.concurrent.ThreadPoolExecutor$Worker@3cef755e[State = -1, empty queue]] WARN  server.GrpcLogAppender (GrpcLogAppender.java:timeoutAppendRequest(239)) - b0a9d56e-b544-41cd-b2b1-b34d126127d5@group-114DF2E904AF->543aeec3-c74a-41c2-8a93-8d529b3aabc8-GrpcLogAppender: HEARTBEAT appendEntries Timeout, request=AppendEntriesRequest:cid=1037857,entriesCount=0,lastEntry=null
2022-06-15 07:35:13,465 [FixedThreadPoolWithAffinityExecutor-1-0] WARN  container.ContainerReportHandler (AbstractContainerReportHandler.java:updateContainerState(255)) - Container #4 is in OPEN state, but the datanode 2ba0c2a5-1748-4da9-81e4-5266296b4b8f{ip: 10.1.0.11, host: fv-az121-418.xhy4bhhdincepo0av04agjzkjc.cx.internal.cloudapp.net, ports: [REPLICATION=43041, RATIS=43465, RATIS_ADMIN=43465, RATIS_SERVER=43465, STANDALONE=43919], networkLocation: /default-rack, certSerialId: null, persistedOpState: IN_SERVICE, persistedOpStateExpiryEpochSec: 0} reports an CLOSED replica.
2022-06-15 07:35:13,563 [EventQueue-PipelineReportForPipelineReportHandler] INFO  pipeline.PipelineReportHandler (PipelineReportHandler.java:processPipelineReport(113)) - Reported pipeline PipelineID=83aa0ae5-c647-4842-ba01-114df2e904af is not found
2022-06-15 07:35:13,764 [EventQueue-PipelineReportForPipelineReportHandler] INFO  pipeline.PipelineReportHandler (PipelineReportHandler.java:processPipelineReport(113)) - Reported pipeline PipelineID=83aa0ae5-c647-4842-ba01-114df2e904af is not found
2022-06-15 07:35:13,864 [FixedThreadPoolWithAffinityExecutor-0-0] WARN  container.ContainerReportHandler (AbstractContainerReportHandler.java:updateContainerState(255)) - Container #4 is in OPEN state, but the datanode 2ba0c2a5-1748-4da9-81e4-5266296b4b8f{ip: 10.1.0.11, host: fv-az121-418.xhy4bhhdincepo0av04agjzkjc.cx.internal.cloudapp.net, ports: [REPLICATION=43041, RATIS=43465, RATIS_ADMIN=43465, RATIS_SERVER=43465, STANDALONE=43919], networkLocation: /default-rack, certSerialId: null, persistedOpState: IN_SERVICE, persistedOpStateExpiryEpochSec: 0} reports an CLOSED replica.
2022-06-15 07:35:13,963 [EventQueue-PipelineReportForPipelineReportHandler] INFO  pipeline.PipelineReportHandler (PipelineReportHandler.java:processPipelineReport(113)) - Reported pipeline PipelineID=83aa0ae5-c647-4842-ba01-114df2e904af is not found
2022-06-15 07:35:13,964 [EventQueue-PipelineReportForPipelineReportHandler] INFO  pipeline.PipelineReportHandler (PipelineReportHandler.java:processPipelineReport(113)) - Reported pipeline PipelineID=83aa0ae5-c647-4842-ba01-114df2e904af is not found
2022-06-15 07:35:14,066 [FixedThreadPoolWithAffinityExecutor-8-0] WARN  container.ContainerReportHandler (AbstractContainerReportHandler.java:updateContainerState(255)) - Container #4 is in OPEN state, but the datanode 2ba0c2a5-1748-4da9-81e4-5266296b4b8f{ip: 10.1.0.11, host: fv-az121-418.xhy4bhhdincepo0av04agjzkjc.cx.internal.cloudapp.net, ports: [REPLICATION=43041, RATIS=43465, RATIS_ADMIN=43465, RATIS_SERVER=43465, STANDALONE=43919], networkLocation: /default-rack, certSerialId: null, persistedOpState: IN_SERVICE, persistedOpStateExpiryEpochSec: 0} reports an CLOSED replica.
2022-06-15 07:35:14,164 [EventQueue-PipelineReportForPipelineReportHandler] INFO  pipeline.PipelineReportHandler (PipelineReportHandler.java:processPipelineReport(113)) - Reported pipeline PipelineID=83aa0ae5-c647-4842-ba01-114df2e904af is not found
2022-06-15 07:35:14,166 [EventQueue-PipelineReportForPipelineReportHandler] INFO  pipeline.PipelineReportHandler (PipelineReportHandler.java:processPipelineReport(113)) - Reported pipeline PipelineID=83aa0ae5-c647-4842-ba01-114df2e904af is not found
2022-06-15 07:35:14,466 [FixedThreadPoolWithAffinityExecutor-8-0] WARN  container.ContainerReportHandler (AbstractContainerReportHandler.java:updateContainerState(255)) - Container #4 is in OPEN state, but the datanode 2ba0c2a5-1748-4da9-81e4-5266296b4b8f{ip: 10.1.0.11, host: fv-az121-418.xhy4bhhdincepo0av04agjzkjc.cx.internal.cloudapp.net, ports: [REPLICATION=43041, RATIS=43465, RATIS_ADMIN=43465, RATIS_SERVER=43465, STANDALONE=43919], networkLocation: /default-rack, certSerialId: null, persistedOpState: IN_SERVICE, persistedOpStateExpiryEpochSec: 0} reports an CLOSED replica.
2022-06-15 07:35:14,567 [EventQueue-PipelineReportForPipelineReportHandler] INFO  pipeline.PipelineReportHandler (PipelineReportHandler.java:processPipelineReport(113)) - Reported pipeline PipelineID=83aa0ae5-c647-4842-ba01-114df2e904af is not found
2022-06-15 07:35:14,567 [EventQueue-PipelineReportForPipelineReportHandler] INFO  pipeline.PipelineReportHandler (PipelineReportHandler.java:processPipelineReport(113)) - Reported pipeline PipelineID=83aa0ae5-c647-4842-ba01-114df2e904af is not found
2022-06-15 07:35:14,666 [FixedThreadPoolWithAffinityExecutor-9-0] WARN  container.ContainerReportHandler (AbstractContainerReportHandler.java:updateContainerState(255)) - Container #4 is in OPEN state, but the datanode 2ba0c2a5-1748-4da9-81e4-5266296b4b8f{ip: 10.1.0.11, host: fv-az121-418.xhy4bhhdincepo0av04agjzkjc.cx.internal.cloudapp.net, ports: [REPLICATION=43041, RATIS=43465, RATIS_ADMIN=43465, RATIS_SERVER=43465, STANDALONE=43919], networkLocation: /default-rack, certSerialId: null, persistedOpState: IN_SERVICE, persistedOpStateExpiryEpochSec: 0} reports an CLOSED replica.
2022-06-15 07:35:14,675 [java.util.concurrent.ThreadPoolExecutor$Worker@3cef755e[State = -1, empty queue]] WARN  server.GrpcLogAppender (GrpcLogAppender.java:timeoutAppendRequest(239)) - b0a9d56e-b544-41cd-b2b1-b34d126127d5@group-DEDC8EEB63DA->543aeec3-c74a-41c2-8a93-8d529b3aabc8-GrpcLogAppender: HEARTBEAT appendEntries Timeout, request=AppendEntriesRequest:cid=3170623,entriesCount=0,lastEntry=null
2022-06-15 07:35:14,686 [java.util.concurrent.ThreadPoolExecutor$Worker@3cef755e[State = -1, empty queue]] WARN  server.GrpcLogAppender (GrpcLogAppender.java:timeoutAppendRequest(239)) - b0a9d56e-b544-41cd-b2b1-b34d126127d5@group-114DF2E904AF->543aeec3-c74a-41c2-8a93-8d529b3aabc8-GrpcLogAppender: HEARTBEAT appendEntries Timeout, request=AppendEntriesRequest:cid=1037977,entriesCount=0,lastEntry=null
2022-06-15 07:35:14,764 [EventQueue-PipelineReportForPipelineReportHandler] INFO  pipeline.PipelineReportHandler (PipelineReportHandler.java:processPipelineReport(113)) - Reported pipeline PipelineID=83aa0ae5-c647-4842-ba01-114df2e904af is not found
2022-06-15 07:35:14,765 [EventQueue-PipelineReportForPipelineReportHandler] INFO  pipeline.PipelineReportHandler (PipelineReportHandler.java:processPipelineReport(113)) - Reported pipeline PipelineID=83aa0ae5-c647-4842-ba01-114df2e904af is not found
2022-06-15 07:35:14,975 [EventQueue-PipelineReportForPipelineReportHandler] INFO  pipeline.PipelineReportHandler (PipelineReportHandler.java:processPipelineReport(113)) - Reported pipeline PipelineID=83aa0ae5-c647-4842-ba01-114df2e904af is not found
2022-06-15 07:35:15,066 [FixedThreadPoolWithAffinityExecutor-9-0] WARN  container.ContainerReportHandler (AbstractContainerReportHandler.java:updateContainerState(255)) - Container #4 is in OPEN state, but the datanode 2ba0c2a5-1748-4da9-81e4-5266296b4b8f{ip: 10.1.0.11, host: fv-az121-418.xhy4bhhdincepo0av04agjzkjc.cx.internal.cloudapp.net, ports: [REPLICATION=43041, RATIS=43465, RATIS_ADMIN=43465, RATIS_SERVER=43465, STANDALONE=43919], networkLocation: /default-rack, certSerialId: null, persistedOpState: IN_SERVICE, persistedOpStateExpiryEpochSec: 0} reports an CLOSED replica.
2022-06-15 07:35:15,175 [EventQueue-PipelineReportForPipelineReportHandler] INFO  pipeline.PipelineReportHandler (PipelineReportHandler.java:processPipelineReport(113)) - Reported pipeline PipelineID=83aa0ae5-c647-4842-ba01-114df2e904af is not found
2022-06-15 07:35:15,266 [FixedThreadPoolWithAffinityExecutor-0-0] WARN  container.ContainerReportHandler (AbstractContainerReportHandler.java:updateContainerState(255)) - Container #4 is in OPEN state, but the datanode 2ba0c2a5-1748-4da9-81e4-5266296b4b8f{ip: 10.1.0.11, host: fv-az121-418.xhy4bhhdincepo0av04agjzkjc.cx.internal.cloudapp.net, ports: [REPLICATION=43041, RATIS=43465, RATIS_ADMIN=43465, RATIS_SERVER=43465, STANDALONE=43919], networkLocation: /default-rack, certSerialId: null, persistedOpState: IN_SERVICE, persistedOpStateExpiryEpochSec: 0} reports an CLOSED replica.
2022-06-15 07:35:15,375 [EventQueue-PipelineReportForPipelineReportHandler] INFO  pipeline.PipelineReportHandler (PipelineReportHandler.java:processPipelineReport(113)) - Reported pipeline PipelineID=83aa0ae5-c647-4842-ba01-114df2e904af is not found
2022-06-15 07:35:15,466 [FixedThreadPoolWithAffinityExecutor-8-0] WARN  container.ContainerReportHandler (AbstractContainerReportHandler.java:updateContainerState(255)) - Container #4 is in OPEN state, but the datanode 2ba0c2a5-1748-4da9-81e4-5266296b4b8f{ip: 10.1.0.11, host: fv-az121-418.xhy4bhhdincepo0av04agjzkjc.cx.internal.cloudapp.net, ports: [REPLICATION=43041, RATIS=43465, RATIS_ADMIN=43465, RATIS_SERVER=43465, STANDALONE=43919], networkLocation: /default-rack, certSerialId: null, persistedOpState: IN_SERVICE, persistedOpStateExpiryEpochSec: 0} reports an CLOSED replica.
2022-06-15 07:35:15,574 [EventQueue-PipelineReportForPipelineReportHandler] INFO  pipeline.PipelineReportHandler (PipelineReportHandler.java:processPipelineReport(113)) - Reported pipeline PipelineID=83aa0ae5-c647-4842-ba01-114df2e904af is not found
2022-06-15 07:35:15,578 [EventQueue-PipelineReportForPipelineReportHandler] INFO  pipeline.PipelineReportHandler (PipelineReportHandler.java:processPipelineReport(113)) - Reported pipeline PipelineID=83aa0ae5-c647-4842-ba01-114df2e904af is not found
2022-06-15 07:35:15,666 [FixedThreadPoolWithAffinityExecutor-9-0] WARN  container.ContainerReportHandler (AbstractContainerReportHandler.java:updateContainerState(255)) - Container #4 is in OPEN state, but the datanode 2ba0c2a5-1748-4da9-81e4-5266296b4b8f{ip: 10.1.0.11, host: fv-az121-418.xhy4bhhdincepo0av04agjzkjc.cx.internal.cloudapp.net, ports: [REPLICATION=43041, RATIS=43465, RATIS_ADMIN=43465, RATIS_SERVER=43465, STANDALONE=43919], networkLocation: /default-rack, certSerialId: null, persistedOpState: IN_SERVICE, persistedOpStateExpiryEpochSec: 0} reports an CLOSED replica.
2022-06-15 07:35:15,778 [EventQueue-PipelineReportForPipelineReportHandler] INFO  pipeline.PipelineReportHandler (PipelineReportHandler.java:processPipelineReport(113)) - Reported pipeline PipelineID=83aa0ae5-c647-4842-ba01-114df2e904af is not found
2022-06-15 07:35:15,925 [java.util.concurrent.ThreadPoolExecutor$Worker@3cef755e[State = -1, empty queue]] WARN  server.GrpcLogAppender (GrpcLogAppender.java:timeoutAppendRequest(239)) - b0a9d56e-b544-41cd-b2b1-b34d126127d5@group-DEDC8EEB63DA->543aeec3-c74a-41c2-8a93-8d529b3aabc8-GrpcLogAppender: HEARTBEAT appendEntries Timeout, request=AppendEntriesRequest:cid=3170624,entriesCount=0,lastEntry=null
2022-06-15 07:35:15,926 [java.util.concurrent.ThreadPoolExecutor$Worker@3cef755e[State = -1, empty queue]] WARN  server.GrpcLogAppender (GrpcLogAppender.java:timeoutAppendRequest(239)) - b0a9d56e-b544-41cd-b2b1-b34d126127d5@group-DEDC8EEB63DA->543aeec3-c74a-41c2-8a93-8d529b3aabc8-GrpcLogAppender: HEARTBEAT appendEntries Timeout, request=AppendEntriesRequest:cid=3170625,entriesCount=0,lastEntry=null
2022-06-15 07:35:15,937 [java.util.concurrent.ThreadPoolExecutor$Worker@3cef755e[State = -1, empty queue]] WARN  server.GrpcLogAppender (GrpcLogAppender.java:timeoutAppendRequest(239)) - b0a9d56e-b544-41cd-b2b1-b34d126127d5@group-114DF2E904AF->543aeec3-c74a-41c2-8a93-8d529b3aabc8-GrpcLogAppender: HEARTBEAT appendEntries Timeout, request=AppendEntriesRequest:cid=1038097,entriesCount=0,lastEntry=null
2022-06-15 07:35:15,974 [EventQueue-PipelineReportForPipelineReportHandler] INFO  pipeline.PipelineReportHandler (PipelineReportHandler.java:processPipelineReport(113)) - Reported pipeline PipelineID=83aa0ae5-c647-4842-ba01-114df2e904af is not found
2022-06-15 07:35:16,066 [FixedThreadPoolWithAffinityExecutor-8-0] WARN  container.ContainerReportHandler (AbstractContainerReportHandler.java:updateContainerState(255)) - Container #4 is in OPEN state, but the datanode 2ba0c2a5-1748-4da9-81e4-5266296b4b8f{ip: 10.1.0.11, host: fv-az121-418.xhy4bhhdincepo0av04agjzkjc.cx.internal.cloudapp.net, ports: [REPLICATION=43041, RATIS=43465, RATIS_ADMIN=43465, RATIS_SERVER=43465, STANDALONE=43919], networkLocation: /default-rack, certSerialId: null, persistedOpState: IN_SERVICE, persistedOpStateExpiryEpochSec: 0} reports an CLOSED replica.
2022-06-15 07:35:16,178 [EventQueue-PipelineReportForPipelineReportHandler] INFO  pipeline.PipelineReportHandler (PipelineReportHandler.java:processPipelineReport(113)) - Reported pipeline PipelineID=83aa0ae5-c647-4842-ba01-114df2e904af is not found
2022-06-15 07:35:16,182 [java.util.concurrent.ThreadPoolExecutor$Worker@3cef755e[State = -1, empty queue]] WARN  server.GrpcLogAppender (GrpcLogAppender.java:timeoutAppendRequest(239)) - e547bcb9-eced-475a-8c61-963b1a05d208@group-F5409A33EF3A->7bb1eb80-c113-41fd-8e62-543e67410fa1-GrpcLogAppender: HEARTBEAT appendEntries Timeout, request=AppendEntriesRequest:cid=692431,entriesCount=0,lastEntry=null
2022-06-15 07:35:16,375 [EventQueue-PipelineReportForPipelineReportHandler] INFO  pipeline.PipelineReportHandler (PipelineReportHandler.java:processPipelineReport(113)) - Reported pipeline PipelineID=83aa0ae5-c647-4842-ba01-114df2e904af is not found
2022-06-15 07:35:16,466 [FixedThreadPoolWithAffinityExecutor-0-0] WARN  container.ContainerReportHandler (AbstractContainerReportHandler.java:updateContainerState(255)) - Container #4 is in OPEN state, but the datanode 2ba0c2a5-1748-4da9-81e4-5266296b4b8f{ip: 10.1.0.11, host: fv-az121-418.xhy4bhhdincepo0av04agjzkjc.cx.internal.cloudapp.net, ports: [REPLICATION=43041, RATIS=43465, RATIS_ADMIN=43465, RATIS_SERVER=43465, STANDALONE=43919], networkLocation: /default-rack, certSerialId: null, persistedOpState: IN_SERVICE, persistedOpStateExpiryEpochSec: 0} reports an CLOSED replica.
2022-06-15 07:35:16,473 [java.util.concurrent.ThreadPoolExecutor$Worker@3cef755e[State = -1, empty queue]] WARN  server.GrpcLogAppender (GrpcLogAppender.java:timeoutAppendRequest(239)) - b4f5d82c-04a6-4c81-89bd-99aee48f7148@group-61C79976014F->7bb1eb80-c113-41fd-8e62-543e67410fa1-GrpcLogAppender: HEARTBEAT appendEntries Timeout, request=AppendEntriesRequest:cid=2735515,entriesCount=0,lastEntry=null
2022-06-15 07:35:16,575 [EventQueue-PipelineReportForPipelineReportHandler] INFO  pipeline.PipelineReportHandler (PipelineReportHandler.java:processPipelineReport(113)) - Reported pipeline PipelineID=83aa0ae5-c647-4842-ba01-114df2e904af is not found
2022-06-15 07:35:16,578 [EventQueue-PipelineReportForPipelineReportHandler] INFO  pipeline.PipelineReportHandler (PipelineReportHandler.java:processPipelineReport(113)) - Reported pipeline PipelineID=83aa0ae5-c647-4842-ba01-114df2e904af is not found
2022-06-15 07:35:16,666 [FixedThreadPoolWithAffinityExecutor-1-0] WARN  container.ContainerReportHandler (AbstractContainerReportHandler.java:updateContainerState(255)) - Container #4 is in OPEN state, but the datanode 2ba0c2a5-1748-4da9-81e4-5266296b4b8f{ip: 10.1.0.11, host: fv-az121-418.xhy4bhhdincepo0av04agjzkjc.cx.internal.cloudapp.net, ports: [REPLICATION=43041, RATIS=43465, RATIS_ADMIN=43465, RATIS_SERVER=43465, STANDALONE=43919], networkLocation: /default-rack, certSerialId: null, persistedOpState: IN_SERVICE, persistedOpStateExpiryEpochSec: 0} reports an CLOSED replica.
2022-06-15 07:35:16,775 [EventQueue-PipelineReportForPipelineReportHandler] INFO  pipeline.PipelineReportHandler (PipelineReportHandler.java:processPipelineReport(113)) - Reported pipeline PipelineID=83aa0ae5-c647-4842-ba01-114df2e904af is not found
2022-06-15 07:35:16,778 [EventQueue-PipelineReportForPipelineReportHandler] INFO  pipeline.PipelineReportHandler (PipelineReportHandler.java:processPipelineReport(113)) - Reported pipeline PipelineID=83aa0ae5-c647-4842-ba01-114df2e904af is not found
2022-06-15 07:35:16,866 [FixedThreadPoolWithAffinityExecutor-8-0] WARN  container.ContainerReportHandler (AbstractContainerReportHandler.java:updateContainerState(255)) - Container #4 is in OPEN state, but the datanode 2ba0c2a5-1748-4da9-81e4-5266296b4b8f{ip: 10.1.0.11, host: fv-az121-418.xhy4bhhdincepo0av04agjzkjc.cx.internal.cloudapp.net, ports: [REPLICATION=43041, RATIS=43465, RATIS_ADMIN=43465, RATIS_SERVER=43465, STANDALONE=43919], networkLocation: /default-rack, certSerialId: null, persistedOpState: IN_SERVICE, persistedOpStateExpiryEpochSec: 0} reports an CLOSED replica.
2022-06-15 07:35:16,975 [EventQueue-PipelineReportForPipelineReportHandler] INFO  pipeline.PipelineReportHandler (PipelineReportHandler.java:processPipelineReport(113)) - Reported pipeline PipelineID=83aa0ae5-c647-4842-ba01-114df2e904af is not found
2022-06-15 07:35:17,175 [EventQueue-PipelineReportForPipelineReportHandler] INFO  pipeline.PipelineReportHandler (PipelineReportHandler.java:processPipelineReport(113)) - Reported pipeline PipelineID=83aa0ae5-c647-4842-ba01-114df2e904af is not found
2022-06-15 07:35:17,176 [java.util.concurrent.ThreadPoolExecutor$Worker@3cef755e[State = -1, empty queue]] WARN  server.GrpcLogAppender (GrpcLogAppender.java:timeoutAppendRequest(239)) - b0a9d56e-b544-41cd-b2b1-b34d126127d5@group-DEDC8EEB63DA->543aeec3-c74a-41c2-8a93-8d529b3aabc8-GrpcLogAppender: HEARTBEAT appendEntries Timeout, request=AppendEntriesRequest:cid=3170626,entriesCount=0,lastEntry=null
2022-06-15 07:35:17,178 [EventQueue-PipelineReportForPipelineReportHandler] INFO  pipeline.PipelineReportHandler (PipelineReportHandler.java:processPipelineReport(113)) - Reported pipeline PipelineID=83aa0ae5-c647-4842-ba01-114df2e904af is not found
2022-06-15 07:35:17,188 [java.util.concurrent.ThreadPoolExecutor$Worker@3cef755e[State = -1, empty queue]] WARN  server.GrpcLogAppender (GrpcLogAppender.java:timeoutAppendRequest(239)) - b0a9d56e-b544-41cd-b2b1-b34d126127d5@group-114DF2E904AF->543aeec3-c74a-41c2-8a93-8d529b3aabc8-GrpcLogAppender: HEARTBEAT appendEntries Timeout, request=AppendEntriesRequest:cid=1038221,entriesCount=0,lastEntry=null
2022-06-15 07:35:17,266 [FixedThreadPoolWithAffinityExecutor-9-0] WARN  container.ContainerReportHandler (AbstractContainerReportHandler.java:updateContainerState(255)) - Container #4 is in OPEN state, but the datanode 2ba0c2a5-1748-4da9-81e4-5266296b4b8f{ip: 10.1.0.11, host: fv-az121-418.xhy4bhhdincepo0av04agjzkjc.cx.internal.cloudapp.net, ports: [REPLICATION=43041, RATIS=43465, RATIS_ADMIN=43465, RATIS_SERVER=43465, STANDALONE=43919], networkLocation: /default-rack, certSerialId: null, persistedOpState: IN_SERVICE, persistedOpStateExpiryEpochSec: 0} reports an CLOSED replica.
2022-06-15 07:35:17,378 [EventQueue-PipelineReportForPipelineReportHandler] INFO  pipeline.PipelineReportHandler (PipelineReportHandler.java:processPipelineReport(113)) - Reported pipeline PipelineID=83aa0ae5-c647-4842-ba01-114df2e904af is not found
2022-06-15 07:35:17,433 [java.util.concurrent.ThreadPoolExecutor$Worker@3cef755e[State = -1, empty queue]] WARN  server.GrpcLogAppender (GrpcLogAppender.java:timeoutAppendRequest(239)) - e547bcb9-eced-475a-8c61-963b1a05d208@group-F5409A33EF3A->7bb1eb80-c113-41fd-8e62-543e67410fa1-GrpcLogAppender: HEARTBEAT appendEntries Timeout, request=AppendEntriesRequest:cid=692555,entriesCount=0,lastEntry=null
2022-06-15 07:35:17,466 [FixedThreadPoolWithAffinityExecutor-9-0] WARN  container.ContainerReportHandler (AbstractContainerReportHandler.java:updateContainerState(255)) - Container #4 is in OPEN state, but the datanode 2ba0c2a5-1748-4da9-81e4-5266296b4b8f{ip: 10.1.0.11, host: fv-az121-418.xhy4bhhdincepo0av04agjzkjc.cx.internal.cloudapp.net, ports: [REPLICATION=43041, RATIS=43465, RATIS_ADMIN=43465, RATIS_SERVER=43465, STANDALONE=43919], networkLocation: /default-rack, certSerialId: null, persistedOpState: IN_SERVICE, persistedOpStateExpiryEpochSec: 0} reports an CLOSED replica.
2022-06-15 07:35:17,575 [EventQueue-PipelineReportForPipelineReportHandler] INFO  pipeline.PipelineReportHandler (PipelineReportHandler.java:processPipelineReport(113)) - Reported pipeline PipelineID=83aa0ae5-c647-4842-ba01-114df2e904af is not found
2022-06-15 07:35:17,605 [EventQueue-PipelineReportForPipelineReportHandler] INFO  pipeline.PipelineReportHandler (PipelineReportHandler.java:processPipelineReport(113)) - Reported pipeline PipelineID=83aa0ae5-c647-4842-ba01-114df2e904af is not found
2022-06-15 07:35:17,723 [java.util.concurrent.ThreadPoolExecutor$Worker@3cef755e[State = -1, empty queue]] WARN  server.GrpcLogAppender (GrpcLogAppender.java:timeoutAppendRequest(239)) - b4f5d82c-04a6-4c81-89bd-99aee48f7148@group-61C79976014F->7bb1eb80-c113-41fd-8e62-543e67410fa1-GrpcLogAppender: HEARTBEAT appendEntries Timeout, request=AppendEntriesRequest:cid=2735516,entriesCount=0,lastEntry=null
2022-06-15 07:35:17,776 [EventQueue-PipelineReportForPipelineReportHandler] INFO  pipeline.PipelineReportHandler (PipelineReportHandler.java:processPipelineReport(113)) - Reported pipeline PipelineID=83aa0ae5-c647-4842-ba01-114df2e904af is not found
2022-06-15 07:35:17,866 [FixedThreadPoolWithAffinityExecutor-0-0] WARN  container.ContainerReportHandler (AbstractContainerReportHandler.java:updateContainerState(255)) - Container #4 is in OPEN state, but the datanode 2ba0c2a5-1748-4da9-81e4-5266296b4b8f{ip: 10.1.0.11, host: fv-az121-418.xhy4bhhdincepo0av04agjzkjc.cx.internal.cloudapp.net, ports: [REPLICATION=43041, RATIS=43465, RATIS_ADMIN=43465, RATIS_SERVER=43465, STANDALONE=43919], networkLocation: /default-rack, certSerialId: null, persistedOpState: IN_SERVICE, persistedOpStateExpiryEpochSec: 0} reports an CLOSED replica.
2022-06-15 07:35:17,978 [EventQueue-PipelineReportForPipelineReportHandler] INFO  pipeline.PipelineReportHandler (PipelineReportHandler.java:processPipelineReport(113)) - Reported pipeline PipelineID=83aa0ae5-c647-4842-ba01-114df2e904af is not found
2022-06-15 07:35:18,066 [FixedThreadPoolWithAffinityExecutor-9-0] WARN  container.ContainerReportHandler (AbstractContainerReportHandler.java:updateContainerState(255)) - Container #4 is in OPEN state, but the datanode 2ba0c2a5-1748-4da9-81e4-5266296b4b8f{ip: 10.1.0.11, host: fv-az121-418.xhy4bhhdincepo0av04agjzkjc.cx.internal.cloudapp.net, ports: [REPLICATION=43041, RATIS=43465, RATIS_ADMIN=43465, RATIS_SERVER=43465, STANDALONE=43919], networkLocation: /default-rack, certSerialId: null, persistedOpState: IN_SERVICE, persistedOpStateExpiryEpochSec: 0} reports an CLOSED replica.
2022-06-15 07:35:18,176 [EventQueue-PipelineReportForPipelineReportHandler] INFO  pipeline.PipelineReportHandler (PipelineReportHandler.java:processPipelineReport(113)) - Reported pipeline PipelineID=83aa0ae5-c647-4842-ba01-114df2e904af is not found
2022-06-15 07:35:18,179 [EventQueue-PipelineReportForPipelineReportHandler] INFO  pipeline.PipelineReportHandler (PipelineReportHandler.java:processPipelineReport(113)) - Reported pipeline PipelineID=83aa0ae5-c647-4842-ba01-114df2e904af is not found
2022-06-15 07:35:18,376 [EventQueue-PipelineReportForPipelineReportHandler] INFO  pipeline.PipelineReportHandler (PipelineReportHandler.java:processPipelineReport(113)) - Reported pipeline PipelineID=83aa0ae5-c647-4842-ba01-114df2e904af is not found
2022-06-15 07:35:18,427 [java.util.concurrent.ThreadPoolExecutor$Worker@3cef755e[State = -1, empty queue]] WARN  server.GrpcLogAppender (GrpcLogAppender.java:timeoutAppendRequest(239)) - b0a9d56e-b544-41cd-b2b1-b34d126127d5@group-DEDC8EEB63DA->543aeec3-c74a-41c2-8a93-8d529b3aabc8-GrpcLogAppender: HEARTBEAT appendEntries Timeout, request=AppendEntriesRequest:cid=3170627,entriesCount=0,lastEntry=null
2022-06-15 07:35:18,438 [java.util.concurrent.ThreadPoolExecutor$Worker@3cef755e[State = -1, empty queue]] WARN  server.GrpcLogAppender (GrpcLogAppender.java:timeoutAppendRequest(239)) - b0a9d56e-b544-41cd-b2b1-b34d126127d5@group-114DF2E904AF->543aeec3-c74a-41c2-8a93-8d529b3aabc8-GrpcLogAppender: HEARTBEAT appendEntries Timeout, request=AppendEntriesRequest:cid=1038343,entriesCount=0,lastEntry=null
2022-06-15 07:35:18,466 [FixedThreadPoolWithAffinityExecutor-9-0] WARN  container.ContainerReportHandler (AbstractContainerReportHandler.java:updateContainerState(255)) - Container #4 is in OPEN state, but the datanode 2ba0c2a5-1748-4da9-81e4-5266296b4b8f{ip: 10.1.0.11, host: fv-az121-418.xhy4bhhdincepo0av04agjzkjc.cx.internal.cloudapp.net, ports: [REPLICATION=43041, RATIS=43465, RATIS_ADMIN=43465, RATIS_SERVER=43465, STANDALONE=43919], networkLocation: /default-rack, certSerialId: null, persistedOpState: IN_SERVICE, persistedOpStateExpiryEpochSec: 0} reports an CLOSED replica.
2022-06-15 07:35:18,578 [EventQueue-PipelineReportForPipelineReportHandler] INFO  pipeline.PipelineReportHandler (PipelineReportHandler.java:processPipelineReport(113)) - Reported pipeline PipelineID=83aa0ae5-c647-4842-ba01-114df2e904af is not found
2022-06-15 07:35:18,666 [FixedThreadPoolWithAffinityExecutor-8-0] WARN  container.ContainerReportHandler (AbstractContainerReportHandler.java:updateContainerState(255)) - Container #4 is in OPEN state, but the datanode 2ba0c2a5-1748-4da9-81e4-5266296b4b8f{ip: 10.1.0.11, host: fv-az121-418.xhy4bhhdincepo0av04agjzkjc.cx.internal.cloudapp.net, ports: [REPLICATION=43041, RATIS=43465, RATIS_ADMIN=43465, RATIS_SERVER=43465, STANDALONE=43919], networkLocation: /default-rack, certSerialId: null, persistedOpState: IN_SERVICE, persistedOpStateExpiryEpochSec: 0} reports an CLOSED replica.
2022-06-15 07:35:18,684 [java.util.concurrent.ThreadPoolExecutor$Worker@3cef755e[State = -1, empty queue]] WARN  server.GrpcLogAppender (GrpcLogAppender.java:timeoutAppendRequest(239)) - e547bcb9-eced-475a-8c61-963b1a05d208@group-F5409A33EF3A->7bb1eb80-c113-41fd-8e62-543e67410fa1-GrpcLogAppender: HEARTBEAT appendEntries Timeout, request=AppendEntriesRequest:cid=692677,entriesCount=0,lastEntry=null
2022-06-15 07:35:18,776 [EventQueue-PipelineReportForPipelineReportHandler] INFO  pipeline.PipelineReportHandler (PipelineReportHandler.java:processPipelineReport(113)) - Reported pipeline PipelineID=83aa0ae5-c647-4842-ba01-114df2e904af is not found
2022-06-15 07:35:18,778 [EventQueue-PipelineReportForPipelineReportHandler] INFO  pipeline.PipelineReportHandler (PipelineReportHandler.java:processPipelineReport(113)) - Reported pipeline PipelineID=83aa0ae5-c647-4842-ba01-114df2e904af is not found
2022-06-15 07:35:18,866 [FixedThreadPoolWithAffinityExecutor-0-0] WARN  container.ContainerReportHandler (AbstractContainerReportHandler.java:updateContainerState(255)) - Container #4 is in OPEN state, but the datanode 2ba0c2a5-1748-4da9-81e4-5266296b4b8f{ip: 10.1.0.11, host: fv-az121-418.xhy4bhhdincepo0av04agjzkjc.cx.internal.cloudapp.net, ports: [REPLICATION=43041, RATIS=43465, RATIS_ADMIN=43465, RATIS_SERVER=43465, STANDALONE=43919], networkLocation: /default-rack, certSerialId: null, persistedOpState: IN_SERVICE, persistedOpStateExpiryEpochSec: 0} reports an CLOSED replica.
2022-06-15 07:35:18,974 [java.util.concurrent.ThreadPoolExecutor$Worker@3cef755e[State = -1, empty queue]] WARN  server.GrpcLogAppender (GrpcLogAppender.java:timeoutAppendRequest(239)) - b4f5d82c-04a6-4c81-89bd-99aee48f7148@group-61C79976014F->7bb1eb80-c113-41fd-8e62-543e67410fa1-GrpcLogAppender: HEARTBEAT appendEntries Timeout, request=AppendEntriesRequest:cid=2735517,entriesCount=0,lastEntry=null
2022-06-15 07:35:18,978 [EventQueue-PipelineReportForPipelineReportHandler] INFO  pipeline.PipelineReportHandler (PipelineReportHandler.java:processPipelineReport(113)) - Reported pipeline PipelineID=83aa0ae5-c647-4842-ba01-114df2e904af is not found
2022-06-15 07:35:19,176 [EventQueue-PipelineReportForPipelineReportHandler] INFO  pipeline.PipelineReportHandler (PipelineReportHandler.java:processPipelineReport(113)) - Reported pipeline PipelineID=83aa0ae5-c647-4842-ba01-114df2e904af is not found
2022-06-15 07:35:19,179 [EventQueue-PipelineReportForPipelineReportHandler] INFO  pipeline.PipelineReportHandler (PipelineReportHandler.java:processPipelineReport(113)) - Reported pipeline PipelineID=83aa0ae5-c647-4842-ba01-114df2e904af is not found
2022-06-15 07:35:19,267 [FixedThreadPoolWithAffinityExecutor-1-0] WARN  container.ContainerReportHandler (AbstractContainerReportHandler.java:updateContainerState(255)) - Container #4 is in OPEN state, but the datanode 2ba0c2a5-1748-4da9-81e4-5266296b4b8f{ip: 10.1.0.11, host: fv-az121-418.xhy4bhhdincepo0av04agjzkjc.cx.internal.cloudapp.net, ports: [REPLICATION=43041, RATIS=43465, RATIS_ADMIN=43465, RATIS_SERVER=43465, STANDALONE=43919], networkLocation: /default-rack, certSerialId: null, persistedOpState: IN_SERVICE, persistedOpStateExpiryEpochSec: 0} reports an CLOSED replica.
2022-06-15 07:35:19,379 [EventQueue-PipelineReportForPipelineReportHandler] INFO  pipeline.PipelineReportHandler (PipelineReportHandler.java:processPipelineReport(113)) - Reported pipeline PipelineID=83aa0ae5-c647-4842-ba01-114df2e904af is not found
2022-06-15 07:35:19,467 [FixedThreadPoolWithAffinityExecutor-0-0] WARN  container.ContainerReportHandler (AbstractContainerReportHandler.java:updateContainerState(255)) - Container #4 is in OPEN state, but the datanode 2ba0c2a5-1748-4da9-81e4-5266296b4b8f{ip: 10.1.0.11, host: fv-az121-418.xhy4bhhdincepo0av04agjzkjc.cx.internal.cloudapp.net, ports: [REPLICATION=43041, RATIS=43465, RATIS_ADMIN=43465, RATIS_SERVER=43465, STANDALONE=43919], networkLocation: /default-rack, certSerialId: null, persistedOpState: IN_SERVICE, persistedOpStateExpiryEpochSec: 0} reports an CLOSED replica.
2022-06-15 07:35:19,577 [EventQueue-PipelineReportForPipelineReportHandler] INFO  pipeline.PipelineReportHandler (PipelineReportHandler.java:processPipelineReport(113)) - Reported pipeline PipelineID=83aa0ae5-c647-4842-ba01-114df2e904af is not found
2022-06-15 07:35:19,677 [java.util.concurrent.ThreadPoolExecutor$Worker@3cef755e[State = -1, empty queue]] WARN  server.GrpcLogAppender (GrpcLogAppender.java:timeoutAppendRequest(239)) - b0a9d56e-b544-41cd-b2b1-b34d126127d5@group-DEDC8EEB63DA->543aeec3-c74a-41c2-8a93-8d529b3aabc8-GrpcLogAppender: HEARTBEAT appendEntries Timeout, request=AppendEntriesRequest:cid=3170628,entriesCount=0,lastEntry=null
2022-06-15 07:35:19,689 [java.util.concurrent.ThreadPoolExecutor$Worker@3cef755e[State = -1, empty queue]] WARN  server.GrpcLogAppender (GrpcLogAppender.java:timeoutAppendRequest(239)) - b0a9d56e-b544-41cd-b2b1-b34d126127d5@group-114DF2E904AF->543aeec3-c74a-41c2-8a93-8d529b3aabc8-GrpcLogAppender: HEARTBEAT appendEntries Timeout, request=AppendEntriesRequest:cid=1038467,entriesCount=0,lastEntry=null
2022-06-15 07:35:19,776 [EventQueue-PipelineReportForPipelineReportHandler] INFO  pipeline.PipelineReportHandler (PipelineReportHandler.java:processPipelineReport(113)) - Reported pipeline PipelineID=83aa0ae5-c647-4842-ba01-114df2e904af is not found
2022-06-15 07:35:19,779 [EventQueue-PipelineReportForPipelineReportHandler] INFO  pipeline.PipelineReportHandler (PipelineReportHandler.java:processPipelineReport(113)) - Reported pipeline PipelineID=83aa0ae5-c647-4842-ba01-114df2e904af is not found
2022-06-15 07:35:19,867 [FixedThreadPoolWithAffinityExecutor-8-0] WARN  container.ContainerReportHandler (AbstractContainerReportHandler.java:updateContainerState(255)) - Container #4 is in OPEN state, but the datanode 2ba0c2a5-1748-4da9-81e4-5266296b4b8f{ip: 10.1.0.11, host: fv-az121-418.xhy4bhhdincepo0av04agjzkjc.cx.internal.cloudapp.net, ports: [REPLICATION=43041, RATIS=43465, RATIS_ADMIN=43465, RATIS_SERVER=43465, STANDALONE=43919], networkLocation: /default-rack, certSerialId: null, persistedOpState: IN_SERVICE, persistedOpStateExpiryEpochSec: 0} reports an CLOSED replica.
2022-06-15 07:35:19,935 [java.util.concurrent.ThreadPoolExecutor$Worker@3cef755e[State = -1, empty queue]] WARN  server.GrpcLogAppender (GrpcLogAppender.java:timeoutAppendRequest(239)) - e547bcb9-eced-475a-8c61-963b1a05d208@group-F5409A33EF3A->7bb1eb80-c113-41fd-8e62-543e67410fa1-GrpcLogAppender: HEARTBEAT appendEntries Timeout, request=AppendEntriesRequest:cid=692802,entriesCount=0,lastEntry=null
2022-06-15 07:35:19,979 [EventQueue-PipelineReportForPipelineReportHandler] INFO  pipeline.PipelineReportHandler (PipelineReportHandler.java:processPipelineReport(113)) - Reported pipeline PipelineID=83aa0ae5-c647-4842-ba01-114df2e904af is not found
2022-06-15 07:35:20,070 [FixedThreadPoolWithAffinityExecutor-1-0] WARN  container.ContainerReportHandler (AbstractContainerReportHandler.java:updateContainerState(255)) - Container #4 is in OPEN state, but the datanode 2ba0c2a5-1748-4da9-81e4-5266296b4b8f{ip: 10.1.0.11, host: fv-az121-418.xhy4bhhdincepo0av04agjzkjc.cx.internal.cloudapp.net, ports: [REPLICATION=43041, RATIS=43465, RATIS_ADMIN=43465, RATIS_SERVER=43465, STANDALONE=43919], networkLocation: /default-rack, certSerialId: null, persistedOpState: IN_SERVICE, persistedOpStateExpiryEpochSec: 0} reports an CLOSED replica.
2022-06-15 07:35:20,176 [EventQueue-PipelineReportForPipelineReportHandler] INFO  pipeline.PipelineReportHandler (PipelineReportHandler.java:processPipelineReport(113)) - Reported pipeline PipelineID=83aa0ae5-c647-4842-ba01-114df2e904af is not found
2022-06-15 07:35:20,180 [EventQueue-PipelineReportForPipelineReportHandler] INFO  pipeline.PipelineReportHandler (PipelineReportHandler.java:processPipelineReport(113)) - Reported pipeline PipelineID=83aa0ae5-c647-4842-ba01-114df2e904af is not found
2022-06-15 07:35:20,225 [java.util.concurrent.ThreadPoolExecutor$Worker@3cef755e[State = -1, empty queue]] WARN  server.GrpcLogAppender (GrpcLogAppender.java:timeoutAppendRequest(239)) - b4f5d82c-04a6-4c81-89bd-99aee48f7148@group-61C79976014F->7bb1eb80-c113-41fd-8e62-543e67410fa1-GrpcLogAppender: HEARTBEAT appendEntries Timeout, request=AppendEntriesRequest:cid=2735518,entriesCount=0,lastEntry=null
2022-06-15 07:35:20,471 [FixedThreadPoolWithAffinityExecutor-0-0] WARN  container.ContainerReportHandler (AbstractContainerReportHandler.java:updateContainerState(255)) - Container #4 is in OPEN state, but the datanode 2ba0c2a5-1748-4da9-81e4-5266296b4b8f{ip: 10.1.0.11, host: fv-az121-418.xhy4bhhdincepo0av04agjzkjc.cx.internal.cloudapp.net, ports: [REPLICATION=43041, RATIS=43465, RATIS_ADMIN=43465, RATIS_SERVER=43465, STANDALONE=43919], networkLocation: /default-rack, certSerialId: null, persistedOpState: IN_SERVICE, persistedOpStateExpiryEpochSec: 0} reports an CLOSED replica.
2022-06-15 07:35:20,577 [EventQueue-PipelineReportForPipelineReportHandler] INFO  pipeline.PipelineReportHandler (PipelineReportHandler.java:processPipelineReport(113)) - Reported pipeline PipelineID=83aa0ae5-c647-4842-ba01-114df2e904af is not found
2022-06-15 07:35:20,579 [EventQueue-PipelineReportForPipelineReportHandler] INFO  pipeline.PipelineReportHandler (PipelineReportHandler.java:processPipelineReport(113)) - Reported pipeline PipelineID=83aa0ae5-c647-4842-ba01-114df2e904af is not found
2022-06-15 07:35:20,777 [EventQueue-PipelineReportForPipelineReportHandler] INFO  pipeline.PipelineReportHandler (PipelineReportHandler.java:processPipelineReport(113)) - Reported pipeline PipelineID=83aa0ae5-c647-4842-ba01-114df2e904af is not found
2022-06-15 07:35:20,871 [FixedThreadPoolWithAffinityExecutor-0-0] WARN  container.ContainerReportHandler (AbstractContainerReportHandler.java:updateContainerState(255)) - Container #4 is in OPEN state, but the datanode 2ba0c2a5-1748-4da9-81e4-5266296b4b8f{ip: 10.1.0.11, host: fv-az121-418.xhy4bhhdincepo0av04agjzkjc.cx.internal.cloudapp.net, ports: [REPLICATION=43041, RATIS=43465, RATIS_ADMIN=43465, RATIS_SERVER=43465, STANDALONE=43919], networkLocation: /default-rack, certSerialId: null, persistedOpState: IN_SERVICE, persistedOpStateExpiryEpochSec: 0} reports an CLOSED replica.
2022-06-15 07:35:20,928 [java.util.concurrent.ThreadPoolExecutor$Worker@3cef755e[State = -1, empty queue]] WARN  server.GrpcLogAppender (GrpcLogAppender.java:timeoutAppendRequest(239)) - b0a9d56e-b544-41cd-b2b1-b34d126127d5@group-DEDC8EEB63DA->543aeec3-c74a-41c2-8a93-8d529b3aabc8-GrpcLogAppender: HEARTBEAT appendEntries Timeout, request=AppendEntriesRequest:cid=3170629,entriesCount=0,lastEntry=null
2022-06-15 07:35:20,940 [java.util.concurrent.ThreadPoolExecutor$Worker@3cef755e[State = -1, empty queue]] WARN  server.GrpcLogAppender (GrpcLogAppender.java:timeoutAppendRequest(239)) - b0a9d56e-b544-41cd-b2b1-b34d126127d5@group-114DF2E904AF->543aeec3-c74a-41c2-8a93-8d529b3aabc8-GrpcLogAppender: HEARTBEAT appendEntries Timeout, request=AppendEntriesRequest:cid=1038590,entriesCount=0,lastEntry=null
2022-06-15 07:35:20,976 [EventQueue-PipelineReportForPipelineReportHandler] INFO  pipeline.PipelineReportHandler (PipelineReportHandler.java:processPipelineReport(113)) - Reported pipeline PipelineID=83aa0ae5-c647-4842-ba01-114df2e904af is not found
2022-06-15 07:35:20,979 [EventQueue-PipelineReportForPipelineReportHandler] INFO  pipeline.PipelineReportHandler (PipelineReportHandler.java:processPipelineReport(113)) - Reported pipeline PipelineID=83aa0ae5-c647-4842-ba01-114df2e904af is not found
2022-06-15 07:35:21,077 [null-request--thread1] INFO  server.GrpcClientProtocolService (GrpcClientProtocolService.java:lambda$processClientRequest$0(284)) - Failed RaftClientRequest:client-E3F05782DA04->b0a9d56e-b544-41cd-b2b1-b34d126127d5@group-DEDC8EEB63DA, cid=160, seq=0, Watch-ALL_COMMITTED(2), Message:<EMPTY>, reply=RaftClientReply:client-E3F05782DA04->b0a9d56e-b544-41cd-b2b1-b34d126127d5@group-DEDC8EEB63DA, cid=160, FAILED org.apache.ratis.protocol.exceptions.NotReplicatedException: Request with call Id 160 and log index 2 is not yet replicated to ALL_COMMITTED, logIndex=2, commits[b0a9d56e-b544-41cd-b2b1-b34d126127d5:c4, 657a5ecd-0fe1-496e-aa3e-85dbaec35512:c4, 543aeec3-c74a-41c2-8a93-8d529b3aabc8:c0]
2022-06-15 07:35:21,092 [Listener at 127.0.0.1/34461] WARN  scm.XceiverClientRatis (XceiverClientRatis.java:watchForCommit(290)) - 3 way commit failed on pipeline Pipeline[ Id: 6e098c5d-76b7-4aec-8106-dedc8eeb63da, Nodes: 543aeec3-c74a-41c2-8a93-8d529b3aabc8{ip: 10.1.0.11, host: fv-az121-418.xhy4bhhdincepo0av04agjzkjc.cx.internal.cloudapp.net, ports: [REPLICATION=36317, RATIS=41193, RATIS_ADMIN=41193, RATIS_SERVER=41193, STANDALONE=38087], networkLocation: /default-rack, certSerialId: null, persistedOpState: IN_SERVICE, persistedOpStateExpiryEpochSec: 0}657a5ecd-0fe1-496e-aa3e-85dbaec35512{ip: 10.1.0.11, host: fv-az121-418.xhy4bhhdincepo0av04agjzkjc.cx.internal.cloudapp.net, ports: [REPLICATION=36157, RATIS=33757, RATIS_ADMIN=33757, RATIS_SERVER=33757, STANDALONE=41369], networkLocation: /default-rack, certSerialId: null, persistedOpState: IN_SERVICE, persistedOpStateExpiryEpochSec: 0}b0a9d56e-b544-41cd-b2b1-b34d126127d5{ip: 10.1.0.11, host: fv-az121-418.xhy4bhhdincepo0av04agjzkjc.cx.internal.cloudapp.net, ports: [REPLICATION=45673, RATIS=34765, RATIS_ADMIN=34765, RATIS_SERVER=34765, STANDALONE=46291], networkLocation: /default-rack, certSerialId: null, persistedOpState: IN_SERVICE, persistedOpStateExpiryEpochSec: 0}, ReplicationConfig: RATIS/THREE, State:OPEN, leaderId:b0a9d56e-b544-41cd-b2b1-b34d126127d5, CreationTimestamp2022-06-15T07:33:54.619Z[Etc/UTC]]
java.util.concurrent.ExecutionException: org.apache.ratis.protocol.exceptions.NotReplicatedException: Request with call Id 160 and log index 2 is not yet replicated to ALL_COMMITTED
	at java.util.concurrent.CompletableFuture.reportGet(CompletableFuture.java:357)
	at java.util.concurrent.CompletableFuture.get(CompletableFuture.java:1908)
	at org.apache.hadoop.hdds.scm.XceiverClientRatis.watchForCommit(XceiverClientRatis.java:284)
	at org.apache.hadoop.hdds.scm.storage.CommitWatcher.watchForCommit(CommitWatcher.java:199)
	at org.apache.hadoop.hdds.scm.storage.CommitWatcher.watchOnLastIndex(CommitWatcher.java:166)
	at org.apache.hadoop.hdds.scm.storage.RatisBlockOutputStream.sendWatchForCommit(RatisBlockOutputStream.java:101)
	at org.apache.hadoop.hdds.scm.storage.BlockOutputStream.watchForCommit(BlockOutputStream.java:392)
	at org.apache.hadoop.hdds.scm.storage.BlockOutputStream.handleFlush(BlockOutputStream.java:552)
	at org.apache.hadoop.hdds.scm.storage.BlockOutputStream.flush(BlockOutputStream.java:498)
	at org.apache.hadoop.ozone.client.io.BlockOutputStreamEntry.flush(BlockOutputStreamEntry.java:130)
	at org.apache.hadoop.ozone.client.io.KeyOutputStream.handleStreamAction(KeyOutputStream.java:502)
	at org.apache.hadoop.ozone.client.io.KeyOutputStream.handleFlushOrClose(KeyOutputStream.java:468)
	at org.apache.hadoop.ozone.client.io.KeyOutputStream.flush(KeyOutputStream.java:441)
	at org.apache.hadoop.ozone.client.io.OzoneOutputStream.flush(OzoneOutputStream.java:55)
	at org.apache.hadoop.ozone.client.rpc.TestContainerStateMachineFailures.testContainerStateMachineDualFailureRetry(TestContainerStateMachineFailures.java:719)
	at sun.reflect.NativeMethodAccessorImpl.invoke0(Native Method)
	at sun.reflect.NativeMethodAccessorImpl.invoke(NativeMethodAccessorImpl.java:62)
	at sun.reflect.DelegatingMethodAccessorImpl.invoke(DelegatingMethodAccessorImpl.java:43)
	at java.lang.reflect.Method.invoke(Method.java:498)
	at org.junit.platform.commons.util.ReflectionUtils.invokeMethod(ReflectionUtils.java:725)
	at org.junit.jupiter.engine.execution.MethodInvocation.proceed(MethodInvocation.java:60)
	at org.junit.jupiter.engine.execution.InvocationInterceptorChain$ValidatingInvocation.proceed(InvocationInterceptorChain.java:131)
	at org.junit.jupiter.engine.extension.TimeoutExtension.intercept(TimeoutExtension.java:149)
	at org.junit.jupiter.engine.extension.TimeoutExtension.interceptTestableMethod(TimeoutExtension.java:140)
	at org.junit.jupiter.engine.extension.TimeoutExtension.interceptTestMethod(TimeoutExtension.java:84)
	at org.junit.jupiter.engine.execution.ExecutableInvoker$ReflectiveInterceptorCall.lambda$ofVoidMethod$0(ExecutableInvoker.java:115)
	at org.junit.jupiter.engine.execution.ExecutableInvoker.lambda$invoke$0(ExecutableInvoker.java:105)
	at org.junit.jupiter.engine.execution.InvocationInterceptorChain$InterceptedInvocation.proceed(InvocationInterceptorChain.java:106)
	at org.junit.jupiter.engine.execution.InvocationInterceptorChain.proceed(InvocationInterceptorChain.java:64)
	at org.junit.jupiter.engine.execution.InvocationInterceptorChain.chainAndInvoke(InvocationInterceptorChain.java:45)
	at org.junit.jupiter.engine.execution.InvocationInterceptorChain.invoke(InvocationInterceptorChain.java:37)
	at org.junit.jupiter.engine.execution.ExecutableInvoker.invoke(ExecutableInvoker.java:104)
	at org.junit.jupiter.engine.execution.ExecutableInvoker.invoke(ExecutableInvoker.java:98)
	at org.junit.jupiter.engine.descriptor.TestMethodTestDescriptor.lambda$invokeTestMethod$7(TestMethodTestDescriptor.java:214)
	at org.junit.platform.engine.support.hierarchical.ThrowableCollector.execute(ThrowableCollector.java:73)
	at org.junit.jupiter.engine.descriptor.TestMethodTestDescriptor.invokeTestMethod(TestMethodTestDescriptor.java:210)
	at org.junit.jupiter.engine.descriptor.TestMethodTestDescriptor.execute(TestMethodTestDescriptor.java:135)
	at org.junit.jupiter.engine.descriptor.TestMethodTestDescriptor.execute(TestMethodTestDescriptor.java:66)
	at org.junit.platform.engine.support.hierarchical.NodeTestTask.lambda$executeRecursively$6(NodeTestTask.java:151)
	at org.junit.platform.engine.support.hierarchical.ThrowableCollector.execute(ThrowableCollector.java:73)
	at org.junit.platform.engine.support.hierarchical.NodeTestTask.lambda$executeRecursively$8(NodeTestTask.java:141)
	at org.junit.platform.engine.support.hierarchical.Node.around(Node.java:137)
	at org.junit.platform.engine.support.hierarchical.NodeTestTask.lambda$executeRecursively$9(NodeTestTask.java:139)
	at org.junit.platform.engine.support.hierarchical.ThrowableCollector.execute(ThrowableCollector.java:73)
	at org.junit.platform.engine.support.hierarchical.NodeTestTask.executeRecursively(NodeTestTask.java:138)
	at org.junit.platform.engine.support.hierarchical.NodeTestTask.execute(NodeTestTask.java:95)
	at java.util.ArrayList.forEach(ArrayList.java:1259)
	at org.junit.platform.engine.support.hierarchical.SameThreadHierarchicalTestExecutorService.invokeAll(SameThreadHierarchicalTestExecutorService.java:41)
	at org.junit.platform.engine.support.hierarchical.NodeTestTask.lambda$executeRecursively$6(NodeTestTask.java:155)
	at org.junit.platform.engine.support.hierarchical.ThrowableCollector.execute(ThrowableCollector.java:73)
	at org.junit.platform.engine.support.hierarchical.NodeTestTask.lambda$executeRecursively$8(NodeTestTask.java:141)
	at org.junit.platform.engine.support.hierarchical.Node.around(Node.java:137)
	at org.junit.platform.engine.support.hierarchical.NodeTestTask.lambda$executeRecursively$9(NodeTestTask.java:139)
	at org.junit.platform.engine.support.hierarchical.ThrowableCollector.execute(ThrowableCollector.java:73)
	at org.junit.platform.engine.support.hierarchical.NodeTestTask.executeRecursively(NodeTestTask.java:138)
	at org.junit.platform.engine.support.hierarchical.NodeTestTask.execute(NodeTestTask.java:95)
	at java.util.ArrayList.forEach(ArrayList.java:1259)
	at org.junit.platform.engine.support.hierarchical.SameThreadHierarchicalTestExecutorService.invokeAll(SameThreadHierarchicalTestExecutorService.java:41)
	at org.junit.platform.engine.support.hierarchical.NodeTestTask.lambda$executeRecursively$6(NodeTestTask.java:155)
	at org.junit.platform.engine.support.hierarchical.ThrowableCollector.execute(ThrowableCollector.java:73)
	at org.junit.platform.engine.support.hierarchical.NodeTestTask.lambda$executeRecursively$8(NodeTestTask.java:141)
	at org.junit.platform.engine.support.hierarchical.Node.around(Node.java:137)
	at org.junit.platform.engine.support.hierarchical.NodeTestTask.lambda$executeRecursively$9(NodeTestTask.java:139)
	at org.junit.platform.engine.support.hierarchical.ThrowableCollector.execute(ThrowableCollector.java:73)
	at org.junit.platform.engine.support.hierarchical.NodeTestTask.executeRecursively(NodeTestTask.java:138)
	at org.junit.platform.engine.support.hierarchical.NodeTestTask.execute(NodeTestTask.java:95)
	at org.junit.platform.engine.support.hierarchical.SameThreadHierarchicalTestExecutorService.submit(SameThreadHierarchicalTestExecutorService.java:35)
	at org.junit.platform.engine.support.hierarchical.HierarchicalTestExecutor.execute(HierarchicalTestExecutor.java:57)
	at org.junit.platform.engine.support.hierarchical.HierarchicalTestEngine.execute(HierarchicalTestEngine.java:54)
	at org.junit.platform.launcher.core.EngineExecutionOrchestrator.execute(EngineExecutionOrchestrator.java:107)
	at org.junit.platform.launcher.core.EngineExecutionOrchestrator.execute(EngineExecutionOrchestrator.java:88)
	at org.junit.platform.launcher.core.EngineExecutionOrchestrator.lambda$execute$0(EngineExecutionOrchestrator.java:54)
	at org.junit.platform.launcher.core.EngineExecutionOrchestrator.withInterceptedStreams(EngineExecutionOrchestrator.java:67)
	at org.junit.platform.launcher.core.EngineExecutionOrchestrator.execute(EngineExecutionOrchestrator.java:52)
	at org.junit.platform.launcher.core.DefaultLauncher.execute(DefaultLauncher.java:114)
	at org.junit.platform.launcher.core.DefaultLauncher.execute(DefaultLauncher.java:86)
	at org.junit.platform.launcher.core.DefaultLauncherSession$DelegatingLauncher.execute(DefaultLauncherSession.java:86)
	at org.junit.platform.launcher.core.SessionPerRequestLauncher.execute(SessionPerRequestLauncher.java:53)
	at org.apache.maven.surefire.junitplatform.JUnitPlatformProvider.execute(JUnitPlatformProvider.java:188)
	at org.apache.maven.surefire.junitplatform.JUnitPlatformProvider.invokeAllTests(JUnitPlatformProvider.java:154)
	at org.apache.maven.surefire.junitplatform.JUnitPlatformProvider.invoke(JUnitPlatformProvider.java:124)
	at org.apache.maven.surefire.booter.ForkedBooter.runSuitesInProcess(ForkedBooter.java:428)
	at org.apache.maven.surefire.booter.ForkedBooter.execute(ForkedBooter.java:162)
	at org.apache.maven.surefire.booter.ForkedBooter.run(ForkedBooter.java:562)
	at org.apache.maven.surefire.booter.ForkedBooter.main(ForkedBooter.java:548)
Caused by: org.apache.ratis.protocol.exceptions.NotReplicatedException: Request with call Id 160 and log index 2 is not yet replicated to ALL_COMMITTED
	at org.apache.ratis.client.impl.ClientProtoUtils.toRaftClientReply(ClientProtoUtils.java:381)
	at org.apache.ratis.grpc.client.GrpcClientProtocolClient$AsyncStreamObservers$1.onNext(GrpcClientProtocolClient.java:321)
	at org.apache.ratis.grpc.client.GrpcClientProtocolClient$AsyncStreamObservers$1.onNext(GrpcClientProtocolClient.java:316)
	at org.apache.ratis.thirdparty.io.grpc.stub.ClientCalls$StreamObserverToCallListenerAdapter.onMessage(ClientCalls.java:466)
	at org.apache.ratis.thirdparty.io.grpc.ForwardingClientCallListener.onMessage(ForwardingClientCallListener.java:33)
	at org.apache.ratis.thirdparty.io.grpc.internal.ClientCallImpl$ClientStreamListenerImpl$1MessagesAvailable.runInternal(ClientCallImpl.java:661)
	at org.apache.ratis.thirdparty.io.grpc.internal.ClientCallImpl$ClientStreamListenerImpl$1MessagesAvailable.runInContext(ClientCallImpl.java:646)
	at org.apache.ratis.thirdparty.io.grpc.internal.ContextRunnable.run(ContextRunnable.java:37)
	at org.apache.ratis.thirdparty.io.grpc.internal.SerializingExecutor.run(SerializingExecutor.java:133)
	at java.util.concurrent.ThreadPoolExecutor.runWorker(ThreadPoolExecutor.java:1149)
	at java.util.concurrent.ThreadPoolExecutor$Worker.run(ThreadPoolExecutor.java:624)
	at java.lang.Thread.run(Thread.java:750)
2022-06-15 07:35:21,113 [Listener at 127.0.0.1/34461] INFO  scm.XceiverClientRatis (XceiverClientRatis.java:lambda$watchForCommit$4(308)) - Could not commit index 2 on pipeline Pipeline[ Id: 6e098c5d-76b7-4aec-8106-dedc8eeb63da, Nodes: 543aeec3-c74a-41c2-8a93-8d529b3aabc8{ip: 10.1.0.11, host: fv-az121-418.xhy4bhhdincepo0av04agjzkjc.cx.internal.cloudapp.net, ports: [REPLICATION=36317, RATIS=41193, RATIS_ADMIN=41193, RATIS_SERVER=41193, STANDALONE=38087], networkLocation: /default-rack, certSerialId: null, persistedOpState: IN_SERVICE, persistedOpStateExpiryEpochSec: 0}657a5ecd-0fe1-496e-aa3e-85dbaec35512{ip: 10.1.0.11, host: fv-az121-418.xhy4bhhdincepo0av04agjzkjc.cx.internal.cloudapp.net, ports: [REPLICATION=36157, RATIS=33757, RATIS_ADMIN=33757, RATIS_SERVER=33757, STANDALONE=41369], networkLocation: /default-rack, certSerialId: null, persistedOpState: IN_SERVICE, persistedOpStateExpiryEpochSec: 0}b0a9d56e-b544-41cd-b2b1-b34d126127d5{ip: 10.1.0.11, host: fv-az121-418.xhy4bhhdincepo0av04agjzkjc.cx.internal.cloudapp.net, ports: [REPLICATION=45673, RATIS=34765, RATIS_ADMIN=34765, RATIS_SERVER=34765, STANDALONE=46291], networkLocation: /default-rack, certSerialId: null, persistedOpState: IN_SERVICE, persistedOpStateExpiryEpochSec: 0}, ReplicationConfig: RATIS/THREE, State:OPEN, leaderId:b0a9d56e-b544-41cd-b2b1-b34d126127d5, CreationTimestamp2022-06-15T07:33:54.619Z[Etc/UTC]] to all the nodes. Server 543aeec3-c74a-41c2-8a93-8d529b3aabc8 has failed. Committed by majority.
2022-06-15 07:35:21,114 [Listener at 127.0.0.1/34461] WARN  storage.BlockOutputStream (BlockOutputStream.java:watchForCommit(398)) - Failed to commit BlockId conID: 9 locID: 109611004723200009 bcsId: 2 on Pipeline[ Id: 6e098c5d-76b7-4aec-8106-dedc8eeb63da, Nodes: 543aeec3-c74a-41c2-8a93-8d529b3aabc8{ip: 10.1.0.11, host: fv-az121-418.xhy4bhhdincepo0av04agjzkjc.cx.internal.cloudapp.net, ports: [REPLICATION=36317, RATIS=41193, RATIS_ADMIN=41193, RATIS_SERVER=41193, STANDALONE=38087], networkLocation: /default-rack, certSerialId: null, persistedOpState: IN_SERVICE, persistedOpStateExpiryEpochSec: 0}657a5ecd-0fe1-496e-aa3e-85dbaec35512{ip: 10.1.0.11, host: fv-az121-418.xhy4bhhdincepo0av04agjzkjc.cx.internal.cloudapp.net, ports: [REPLICATION=36157, RATIS=33757, RATIS_ADMIN=33757, RATIS_SERVER=33757, STANDALONE=41369], networkLocation: /default-rack, certSerialId: null, persistedOpState: IN_SERVICE, persistedOpStateExpiryEpochSec: 0}b0a9d56e-b544-41cd-b2b1-b34d126127d5{ip: 10.1.0.11, host: fv-az121-418.xhy4bhhdincepo0av04agjzkjc.cx.internal.cloudapp.net, ports: [REPLICATION=45673, RATIS=34765, RATIS_ADMIN=34765, RATIS_SERVER=34765, STANDALONE=46291], networkLocation: /default-rack, certSerialId: null, persistedOpState: IN_SERVICE, persistedOpStateExpiryEpochSec: 0}, ReplicationConfig: RATIS/THREE, State:OPEN, leaderId:b0a9d56e-b544-41cd-b2b1-b34d126127d5, CreationTimestamp2022-06-15T07:33:54.619Z[Etc/UTC]]. Failed nodes: [543aeec3-c74a-41c2-8a93-8d529b3aabc8{ip: null, host: null, ports: [], networkLocation: /default-rack, certSerialId: null, persistedOpState: null, persistedOpStateExpiryEpochSec: 0}]
2022-06-15 07:35:21,157 [b0a9d56e-b544-41cd-b2b1-b34d126127d5@group-DEDC8EEB63DA-StateMachineUpdater] INFO  ratis.ContainerStateMachine (ContainerStateMachine.java:takeSnapshot(304)) - group-DEDC8EEB63DA: Taking a snapshot at:(t:3, i:5) file /home/runner/work/ozone/ozone/hadoop-ozone/integration-test/target/test-dir/MiniOzoneClusterImpl-589494f2-24de-4a8c-8650-9a890bc48d46/datanode-1/data/ratis/6e098c5d-76b7-4aec-8106-dedc8eeb63da/sm/snapshot.3_5
2022-06-15 07:35:21,158 [b0a9d56e-b544-41cd-b2b1-b34d126127d5@group-DEDC8EEB63DA-StateMachineUpdater] INFO  ratis.ContainerStateMachine (ContainerStateMachine.java:takeSnapshot(315)) - group-DEDC8EEB63DA: Finished taking a snapshot at:(t:3, i:5) file:/home/runner/work/ozone/ozone/hadoop-ozone/integration-test/target/test-dir/MiniOzoneClusterImpl-589494f2-24de-4a8c-8650-9a890bc48d46/datanode-1/data/ratis/6e098c5d-76b7-4aec-8106-dedc8eeb63da/sm/snapshot.3_5 took: 1 ms
2022-06-15 07:35:21,159 [b0a9d56e-b544-41cd-b2b1-b34d126127d5@group-DEDC8EEB63DA-StateMachineUpdater] INFO  impl.StateMachineUpdater (StateMachineUpdater.java:takeSnapshot(287)) - b0a9d56e-b544-41cd-b2b1-b34d126127d5@group-DEDC8EEB63DA-StateMachineUpdater: Took a snapshot at index 5
2022-06-15 07:35:21,159 [b0a9d56e-b544-41cd-b2b1-b34d126127d5@group-DEDC8EEB63DA-StateMachineUpdater] INFO  impl.StateMachineUpdater (StateMachineUpdater.java:lambda$new$0(92)) - b0a9d56e-b544-41cd-b2b1-b34d126127d5@group-DEDC8EEB63DA-StateMachineUpdater: snapshotIndex: updateIncreasingly 4 -> 5
2022-06-15 07:35:21,181 [EventQueue-PipelineReportForPipelineReportHandler] INFO  pipeline.PipelineReportHandler (PipelineReportHandler.java:processPipelineReport(113)) - Reported pipeline PipelineID=83aa0ae5-c647-4842-ba01-114df2e904af is not found
2022-06-15 07:35:21,186 [java.util.concurrent.ThreadPoolExecutor$Worker@3cef755e[State = -1, empty queue]] WARN  server.GrpcLogAppender (GrpcLogAppender.java:timeoutAppendRequest(239)) - e547bcb9-eced-475a-8c61-963b1a05d208@group-F5409A33EF3A->7bb1eb80-c113-41fd-8e62-543e67410fa1-GrpcLogAppender: HEARTBEAT appendEntries Timeout, request=AppendEntriesRequest:cid=692924,entriesCount=0,lastEntry=null
2022-06-15 07:35:21,212 [Listener at 127.0.0.1/34461] WARN  io.KeyOutputStream (KeyOutputStream.java:handleException(309)) - Encountered exception java.io.IOException: Unexpected Storage Container Exception: java.util.concurrent.CompletionException: Failed to write chunk 109611004723200009_chunk_2 into block conID: 9 locID: 109611004723200009 bcsId: 2 on the pipeline Pipeline[ Id: 6e098c5d-76b7-4aec-8106-dedc8eeb63da, Nodes: 543aeec3-c74a-41c2-8a93-8d529b3aabc8{ip: 10.1.0.11, host: fv-az121-418.xhy4bhhdincepo0av04agjzkjc.cx.internal.cloudapp.net, ports: [REPLICATION=36317, RATIS=41193, RATIS_ADMIN=41193, RATIS_SERVER=41193, STANDALONE=38087], networkLocation: /default-rack, certSerialId: null, persistedOpState: IN_SERVICE, persistedOpStateExpiryEpochSec: 0}657a5ecd-0fe1-496e-aa3e-85dbaec35512{ip: 10.1.0.11, host: fv-az121-418.xhy4bhhdincepo0av04agjzkjc.cx.internal.cloudapp.net, ports: [REPLICATION=36157, RATIS=33757, RATIS_ADMIN=33757, RATIS_SERVER=33757, STANDALONE=41369], networkLocation: /default-rack, certSerialId: null, persistedOpState: IN_SERVICE, persistedOpStateExpiryEpochSec: 0}b0a9d56e-b544-41cd-b2b1-b34d126127d5{ip: 10.1.0.11, host: fv-az121-418.xhy4bhhdincepo0av04agjzkjc.cx.internal.cloudapp.net, ports: [REPLICATION=45673, RATIS=34765, RATIS_ADMIN=34765, RATIS_SERVER=34765, STANDALONE=46291], networkLocation: /default-rack, certSerialId: null, persistedOpState: IN_SERVICE, persistedOpStateExpiryEpochSec: 0}, ReplicationConfig: RATIS/THREE, State:OPEN, leaderId:b0a9d56e-b544-41cd-b2b1-b34d126127d5, CreationTimestamp2022-06-15T07:33:54.619Z[Etc/UTC]]. The last committed block length is 5, uncommitted data length is 10 retry count 0
2022-06-15 07:35:21,276 [FixedThreadPoolWithAffinityExecutor-0-0] WARN  container.ContainerReportHandler (AbstractContainerReportHandler.java:updateContainerState(255)) - Container #4 is in OPEN state, but the datanode 2ba0c2a5-1748-4da9-81e4-5266296b4b8f{ip: 10.1.0.11, host: fv-az121-418.xhy4bhhdincepo0av04agjzkjc.cx.internal.cloudapp.net, ports: [REPLICATION=43041, RATIS=43465, RATIS_ADMIN=43465, RATIS_SERVER=43465, STANDALONE=43919], networkLocation: /default-rack, certSerialId: null, persistedOpState: IN_SERVICE, persistedOpStateExpiryEpochSec: 0} reports an CLOSED replica.
2022-06-15 07:35:21,385 [EventQueue-PipelineReportForPipelineReportHandler] INFO  pipeline.PipelineReportHandler (PipelineReportHandler.java:processPipelineReport(113)) - Reported pipeline PipelineID=83aa0ae5-c647-4842-ba01-114df2e904af is not found
2022-06-15 07:35:21,474 [FixedThreadPoolWithAffinityExecutor-1-0] WARN  container.ContainerReportHandler (AbstractContainerReportHandler.java:updateContainerState(255)) - Container #4 is in OPEN state, but the datanode 2ba0c2a5-1748-4da9-81e4-5266296b4b8f{ip: 10.1.0.11, host: fv-az121-418.xhy4bhhdincepo0av04agjzkjc.cx.internal.cloudapp.net, ports: [REPLICATION=43041, RATIS=43465, RATIS_ADMIN=43465, RATIS_SERVER=43465, STANDALONE=43919], networkLocation: /default-rack, certSerialId: null, persistedOpState: IN_SERVICE, persistedOpStateExpiryEpochSec: 0} reports an CLOSED replica.
2022-06-15 07:35:21,475 [java.util.concurrent.ThreadPoolExecutor$Worker@3cef755e[State = -1, empty queue]] WARN  server.GrpcLogAppender (GrpcLogAppender.java:timeoutAppendRequest(239)) - b4f5d82c-04a6-4c81-89bd-99aee48f7148@group-61C79976014F->7bb1eb80-c113-41fd-8e62-543e67410fa1-GrpcLogAppender: HEARTBEAT appendEntries Timeout, request=AppendEntriesRequest:cid=2735519,entriesCount=0,lastEntry=null
2022-06-15 07:35:21,582 [EventQueue-PipelineReportForPipelineReportHandler] INFO  pipeline.PipelineReportHandler (PipelineReportHandler.java:processPipelineReport(113)) - Reported pipeline PipelineID=83aa0ae5-c647-4842-ba01-114df2e904af is not found
2022-06-15 07:35:21,584 [EventQueue-PipelineReportForPipelineReportHandler] INFO  pipeline.PipelineReportHandler (PipelineReportHandler.java:processPipelineReport(113)) - Reported pipeline PipelineID=83aa0ae5-c647-4842-ba01-114df2e904af is not found
2022-06-15 07:35:21,674 [FixedThreadPoolWithAffinityExecutor-1-0] WARN  container.ContainerReportHandler (AbstractContainerReportHandler.java:updateContainerState(255)) - Container #4 is in OPEN state, but the datanode 2ba0c2a5-1748-4da9-81e4-5266296b4b8f{ip: 10.1.0.11, host: fv-az121-418.xhy4bhhdincepo0av04agjzkjc.cx.internal.cloudapp.net, ports: [REPLICATION=43041, RATIS=43465, RATIS_ADMIN=43465, RATIS_SERVER=43465, STANDALONE=43919], networkLocation: /default-rack, certSerialId: null, persistedOpState: IN_SERVICE, persistedOpStateExpiryEpochSec: 0} reports an CLOSED replica.
2022-06-15 07:35:21,782 [EventQueue-PipelineReportForPipelineReportHandler] INFO  pipeline.PipelineReportHandler (PipelineReportHandler.java:processPipelineReport(113)) - Reported pipeline PipelineID=83aa0ae5-c647-4842-ba01-114df2e904af is not found
2022-06-15 07:35:21,982 [EventQueue-PipelineReportForPipelineReportHandler] INFO  pipeline.PipelineReportHandler (PipelineReportHandler.java:processPipelineReport(113)) - Reported pipeline PipelineID=83aa0ae5-c647-4842-ba01-114df2e904af is not found
2022-06-15 07:35:21,984 [EventQueue-PipelineReportForPipelineReportHandler] INFO  pipeline.PipelineReportHandler (PipelineReportHandler.java:processPipelineReport(113)) - Reported pipeline PipelineID=83aa0ae5-c647-4842-ba01-114df2e904af is not found
2022-06-15 07:35:22,074 [FixedThreadPoolWithAffinityExecutor-0-0] WARN  container.ContainerReportHandler (AbstractContainerReportHandler.java:updateContainerState(255)) - Container #4 is in OPEN state, but the datanode 2ba0c2a5-1748-4da9-81e4-5266296b4b8f{ip: 10.1.0.11, host: fv-az121-418.xhy4bhhdincepo0av04agjzkjc.cx.internal.cloudapp.net, ports: [REPLICATION=43041, RATIS=43465, RATIS_ADMIN=43465, RATIS_SERVER=43465, STANDALONE=43919], networkLocation: /default-rack, certSerialId: null, persistedOpState: IN_SERVICE, persistedOpStateExpiryEpochSec: 0} reports an CLOSED replica.
2022-06-15 07:35:22,178 [java.util.concurrent.ThreadPoolExecutor$Worker@3cef755e[State = -1, empty queue]] WARN  server.GrpcLogAppender (GrpcLogAppender.java:timeoutAppendRequest(239)) - b0a9d56e-b544-41cd-b2b1-b34d126127d5@group-DEDC8EEB63DA->543aeec3-c74a-41c2-8a93-8d529b3aabc8-GrpcLogAppender: HEARTBEAT appendEntries Timeout, request=AppendEntriesRequest:cid=3170630,entriesCount=0,lastEntry=null
2022-06-15 07:35:22,191 [java.util.concurrent.ThreadPoolExecutor$Worker@3cef755e[State = -1, empty queue]] WARN  server.GrpcLogAppender (GrpcLogAppender.java:timeoutAppendRequest(239)) - b0a9d56e-b544-41cd-b2b1-b34d126127d5@group-114DF2E904AF->543aeec3-c74a-41c2-8a93-8d529b3aabc8-GrpcLogAppender: HEARTBEAT appendEntries Timeout, request=AppendEntriesRequest:cid=1038715,entriesCount=0,lastEntry=null
2022-06-15 07:35:22,274 [FixedThreadPoolWithAffinityExecutor-0-0] WARN  container.ContainerReportHandler (AbstractContainerReportHandler.java:updateContainerState(255)) - Container #4 is in OPEN state, but the datanode 2ba0c2a5-1748-4da9-81e4-5266296b4b8f{ip: 10.1.0.11, host: fv-az121-418.xhy4bhhdincepo0av04agjzkjc.cx.internal.cloudapp.net, ports: [REPLICATION=43041, RATIS=43465, RATIS_ADMIN=43465, RATIS_SERVER=43465, STANDALONE=43919], networkLocation: /default-rack, certSerialId: null, persistedOpState: IN_SERVICE, persistedOpStateExpiryEpochSec: 0} reports an CLOSED replica.
2022-06-15 07:35:22,383 [EventQueue-PipelineReportForPipelineReportHandler] INFO  pipeline.PipelineReportHandler (PipelineReportHandler.java:processPipelineReport(113)) - Reported pipeline PipelineID=83aa0ae5-c647-4842-ba01-114df2e904af is not found
2022-06-15 07:35:22,384 [EventQueue-PipelineReportForPipelineReportHandler] INFO  pipeline.PipelineReportHandler (PipelineReportHandler.java:processPipelineReport(113)) - Reported pipeline PipelineID=83aa0ae5-c647-4842-ba01-114df2e904af is not found
2022-06-15 07:35:22,437 [java.util.concurrent.ThreadPoolExecutor$Worker@3cef755e[State = -1, empty queue]] WARN  server.GrpcLogAppender (GrpcLogAppender.java:timeoutAppendRequest(239)) - e547bcb9-eced-475a-8c61-963b1a05d208@group-F5409A33EF3A->7bb1eb80-c113-41fd-8e62-543e67410fa1-GrpcLogAppender: HEARTBEAT appendEntries Timeout, request=AppendEntriesRequest:cid=693049,entriesCount=0,lastEntry=null
2022-06-15 07:35:22,583 [EventQueue-PipelineReportForPipelineReportHandler] INFO  pipeline.PipelineReportHandler (PipelineReportHandler.java:processPipelineReport(113)) - Reported pipeline PipelineID=83aa0ae5-c647-4842-ba01-114df2e904af is not found
2022-06-15 07:35:22,584 [EventQueue-PipelineReportForPipelineReportHandler] INFO  pipeline.PipelineReportHandler (PipelineReportHandler.java:processPipelineReport(113)) - Reported pipeline PipelineID=83aa0ae5-c647-4842-ba01-114df2e904af is not found
2022-06-15 07:35:22,676 [FixedThreadPoolWithAffinityExecutor-8-0] WARN  container.ContainerReportHandler (AbstractContainerReportHandler.java:updateContainerState(255)) - Container #4 is in OPEN state, but the datanode 2ba0c2a5-1748-4da9-81e4-5266296b4b8f{ip: 10.1.0.11, host: fv-az121-418.xhy4bhhdincepo0av04agjzkjc.cx.internal.cloudapp.net, ports: [REPLICATION=43041, RATIS=43465, RATIS_ADMIN=43465, RATIS_SERVER=43465, STANDALONE=43919], networkLocation: /default-rack, certSerialId: null, persistedOpState: IN_SERVICE, persistedOpStateExpiryEpochSec: 0} reports an CLOSED replica.
2022-06-15 07:35:22,726 [java.util.concurrent.ThreadPoolExecutor$Worker@3cef755e[State = -1, empty queue]] WARN  server.GrpcLogAppender (GrpcLogAppender.java:timeoutAppendRequest(239)) - b4f5d82c-04a6-4c81-89bd-99aee48f7148@group-61C79976014F->7bb1eb80-c113-41fd-8e62-543e67410fa1-GrpcLogAppender: HEARTBEAT appendEntries Timeout, request=AppendEntriesRequest:cid=2735520,entriesCount=0,lastEntry=null
2022-06-15 07:35:22,783 [EventQueue-PipelineReportForPipelineReportHandler] INFO  pipeline.PipelineReportHandler (PipelineReportHandler.java:processPipelineReport(113)) - Reported pipeline PipelineID=83aa0ae5-c647-4842-ba01-114df2e904af is not found
2022-06-15 07:35:22,784 [EventQueue-PipelineReportForPipelineReportHandler] INFO  pipeline.PipelineReportHandler (PipelineReportHandler.java:processPipelineReport(113)) - Reported pipeline PipelineID=83aa0ae5-c647-4842-ba01-114df2e904af is not found
2022-06-15 07:35:22,876 [FixedThreadPoolWithAffinityExecutor-1-0] WARN  container.ContainerReportHandler (AbstractContainerReportHandler.java:updateContainerState(255)) - Container #4 is in OPEN state, but the datanode 2ba0c2a5-1748-4da9-81e4-5266296b4b8f{ip: 10.1.0.11, host: fv-az121-418.xhy4bhhdincepo0av04agjzkjc.cx.internal.cloudapp.net, ports: [REPLICATION=43041, RATIS=43465, RATIS_ADMIN=43465, RATIS_SERVER=43465, STANDALONE=43919], networkLocation: /default-rack, certSerialId: null, persistedOpState: IN_SERVICE, persistedOpStateExpiryEpochSec: 0} reports an CLOSED replica.
2022-06-15 07:35:22,984 [EventQueue-PipelineReportForPipelineReportHandler] INFO  pipeline.PipelineReportHandler (PipelineReportHandler.java:processPipelineReport(113)) - Reported pipeline PipelineID=83aa0ae5-c647-4842-ba01-114df2e904af is not found
2022-06-15 07:35:23,202 [EventQueue-PipelineReportForPipelineReportHandler] INFO  pipeline.PipelineReportHandler (PipelineReportHandler.java:processPipelineReport(113)) - Reported pipeline PipelineID=83aa0ae5-c647-4842-ba01-114df2e904af is not found
2022-06-15 07:35:23,203 [EventQueue-PipelineReportForPipelineReportHandler] INFO  pipeline.PipelineReportHandler (PipelineReportHandler.java:processPipelineReport(113)) - Reported pipeline PipelineID=83aa0ae5-c647-4842-ba01-114df2e904af is not found
2022-06-15 07:35:23,275 [FixedThreadPoolWithAffinityExecutor-8-0] WARN  container.ContainerReportHandler (AbstractContainerReportHandler.java:updateContainerState(255)) - Container #4 is in OPEN state, but the datanode 2ba0c2a5-1748-4da9-81e4-5266296b4b8f{ip: 10.1.0.11, host: fv-az121-418.xhy4bhhdincepo0av04agjzkjc.cx.internal.cloudapp.net, ports: [REPLICATION=43041, RATIS=43465, RATIS_ADMIN=43465, RATIS_SERVER=43465, STANDALONE=43919], networkLocation: /default-rack, certSerialId: null, persistedOpState: IN_SERVICE, persistedOpStateExpiryEpochSec: 0} reports an CLOSED replica.
2022-06-15 07:35:23,401 [EventQueue-PipelineReportForPipelineReportHandler] INFO  pipeline.PipelineReportHandler (PipelineReportHandler.java:processPipelineReport(113)) - Reported pipeline PipelineID=83aa0ae5-c647-4842-ba01-114df2e904af is not found
2022-06-15 07:35:23,428 [java.util.concurrent.ThreadPoolExecutor$Worker@3cef755e[State = -1, empty queue]] WARN  server.GrpcLogAppender (GrpcLogAppender.java:timeoutAppendRequest(239)) - b0a9d56e-b544-41cd-b2b1-b34d126127d5@group-DEDC8EEB63DA->543aeec3-c74a-41c2-8a93-8d529b3aabc8-GrpcLogAppender: HEARTBEAT appendEntries Timeout, request=AppendEntriesRequest:cid=3170631,entriesCount=0,lastEntry=null
2022-06-15 07:35:23,442 [java.util.concurrent.ThreadPoolExecutor$Worker@3cef755e[State = -1, empty queue]] WARN  server.GrpcLogAppender (GrpcLogAppender.java:timeoutAppendRequest(239)) - b0a9d56e-b544-41cd-b2b1-b34d126127d5@group-114DF2E904AF->543aeec3-c74a-41c2-8a93-8d529b3aabc8-GrpcLogAppender: HEARTBEAT appendEntries Timeout, request=AppendEntriesRequest:cid=1038837,entriesCount=0,lastEntry=null
2022-06-15 07:35:23,475 [FixedThreadPoolWithAffinityExecutor-8-0] WARN  container.ContainerReportHandler (AbstractContainerReportHandler.java:updateContainerState(255)) - Container #4 is in OPEN state, but the datanode 2ba0c2a5-1748-4da9-81e4-5266296b4b8f{ip: 10.1.0.11, host: fv-az121-418.xhy4bhhdincepo0av04agjzkjc.cx.internal.cloudapp.net, ports: [REPLICATION=43041, RATIS=43465, RATIS_ADMIN=43465, RATIS_SERVER=43465, STANDALONE=43919], networkLocation: /default-rack, certSerialId: null, persistedOpState: IN_SERVICE, persistedOpStateExpiryEpochSec: 0} reports an CLOSED replica.
2022-06-15 07:35:23,599 [EventQueue-PipelineReportForPipelineReportHandler] INFO  pipeline.PipelineReportHandler (PipelineReportHandler.java:processPipelineReport(113)) - Reported pipeline PipelineID=83aa0ae5-c647-4842-ba01-114df2e904af is not found
2022-06-15 07:35:23,676 [FixedThreadPoolWithAffinityExecutor-9-0] WARN  container.ContainerReportHandler (AbstractContainerReportHandler.java:updateContainerState(255)) - Container #4 is in OPEN state, but the datanode 2ba0c2a5-1748-4da9-81e4-5266296b4b8f{ip: 10.1.0.11, host: fv-az121-418.xhy4bhhdincepo0av04agjzkjc.cx.internal.cloudapp.net, ports: [REPLICATION=43041, RATIS=43465, RATIS_ADMIN=43465, RATIS_SERVER=43465, STANDALONE=43919], networkLocation: /default-rack, certSerialId: null, persistedOpState: IN_SERVICE, persistedOpStateExpiryEpochSec: 0} reports an CLOSED replica.
2022-06-15 07:35:23,681 [657a5ecd-0fe1-496e-aa3e-85dbaec35512@group-DEDC8EEB63DA-StateMachineUpdater] INFO  ratis.ContainerStateMachine (ContainerStateMachine.java:takeSnapshot(304)) - group-DEDC8EEB63DA: Taking a snapshot at:(t:3, i:8) file /home/runner/work/ozone/ozone/hadoop-ozone/integration-test/target/test-dir/MiniOzoneClusterImpl-589494f2-24de-4a8c-8650-9a890bc48d46/datanode-2/data/ratis/6e098c5d-76b7-4aec-8106-dedc8eeb63da/sm/snapshot.3_8
2022-06-15 07:35:23,684 [657a5ecd-0fe1-496e-aa3e-85dbaec35512@group-DEDC8EEB63DA-StateMachineUpdater] INFO  ratis.ContainerStateMachine (ContainerStateMachine.java:takeSnapshot(315)) - group-DEDC8EEB63DA: Finished taking a snapshot at:(t:3, i:8) file:/home/runner/work/ozone/ozone/hadoop-ozone/integration-test/target/test-dir/MiniOzoneClusterImpl-589494f2-24de-4a8c-8650-9a890bc48d46/datanode-2/data/ratis/6e098c5d-76b7-4aec-8106-dedc8eeb63da/sm/snapshot.3_8 took: 3 ms
2022-06-15 07:35:23,684 [657a5ecd-0fe1-496e-aa3e-85dbaec35512@group-DEDC8EEB63DA-StateMachineUpdater] INFO  impl.StateMachineUpdater (StateMachineUpdater.java:takeSnapshot(287)) - 657a5ecd-0fe1-496e-aa3e-85dbaec35512@group-DEDC8EEB63DA-StateMachineUpdater: Took a snapshot at index 8
2022-06-15 07:35:23,684 [657a5ecd-0fe1-496e-aa3e-85dbaec35512@group-DEDC8EEB63DA-StateMachineUpdater] INFO  impl.StateMachineUpdater (StateMachineUpdater.java:lambda$new$0(92)) - 657a5ecd-0fe1-496e-aa3e-85dbaec35512@group-DEDC8EEB63DA-StateMachineUpdater: snapshotIndex: updateIncreasingly 4 -> 8
2022-06-15 07:35:23,688 [java.util.concurrent.ThreadPoolExecutor$Worker@3cef755e[State = -1, empty queue]] WARN  server.GrpcLogAppender (GrpcLogAppender.java:timeoutAppendRequest(239)) - e547bcb9-eced-475a-8c61-963b1a05d208@group-F5409A33EF3A->7bb1eb80-c113-41fd-8e62-543e67410fa1-GrpcLogAppender: HEARTBEAT appendEntries Timeout, request=AppendEntriesRequest:cid=693171,entriesCount=0,lastEntry=null
2022-06-15 07:35:23,800 [EventQueue-PipelineReportForPipelineReportHandler] INFO  pipeline.PipelineReportHandler (PipelineReportHandler.java:processPipelineReport(113)) - Reported pipeline PipelineID=83aa0ae5-c647-4842-ba01-114df2e904af is not found
2022-06-15 07:35:23,901 [e547bcb9-eced-475a-8c61-963b1a05d208@group-61C79976014F-StateMachineUpdater] INFO  ratis.ContainerStateMachine (ContainerStateMachine.java:takeSnapshot(304)) - group-61C79976014F: Taking a snapshot at:(t:3, i:4) file /home/runner/work/ozone/ozone/hadoop-ozone/integration-test/target/test-dir/MiniOzoneClusterImpl-589494f2-24de-4a8c-8650-9a890bc48d46/datanode-3/data/ratis/4a922a5f-5b4b-4c8b-80dd-61c79976014f/sm/snapshot.3_4
2022-06-15 07:35:23,904 [e547bcb9-eced-475a-8c61-963b1a05d208@group-61C79976014F-StateMachineUpdater] INFO  ratis.ContainerStateMachine (ContainerStateMachine.java:takeSnapshot(315)) - group-61C79976014F: Finished taking a snapshot at:(t:3, i:4) file:/home/runner/work/ozone/ozone/hadoop-ozone/integration-test/target/test-dir/MiniOzoneClusterImpl-589494f2-24de-4a8c-8650-9a890bc48d46/datanode-3/data/ratis/4a922a5f-5b4b-4c8b-80dd-61c79976014f/sm/snapshot.3_4 took: 2 ms
2022-06-15 07:35:23,904 [e547bcb9-eced-475a-8c61-963b1a05d208@group-61C79976014F-StateMachineUpdater] INFO  impl.StateMachineUpdater (StateMachineUpdater.java:takeSnapshot(287)) - e547bcb9-eced-475a-8c61-963b1a05d208@group-61C79976014F-StateMachineUpdater: Took a snapshot at index 4
2022-06-15 07:35:23,904 [e547bcb9-eced-475a-8c61-963b1a05d208@group-61C79976014F-StateMachineUpdater] INFO  impl.StateMachineUpdater (StateMachineUpdater.java:lambda$new$0(92)) - e547bcb9-eced-475a-8c61-963b1a05d208@group-61C79976014F-StateMachineUpdater: snapshotIndex: updateIncreasingly 0 -> 4
2022-06-15 07:35:23,977 [java.util.concurrent.ThreadPoolExecutor$Worker@3cef755e[State = -1, empty queue]] WARN  server.GrpcLogAppender (GrpcLogAppender.java:timeoutAppendRequest(239)) - b4f5d82c-04a6-4c81-89bd-99aee48f7148@group-61C79976014F->7bb1eb80-c113-41fd-8e62-543e67410fa1-GrpcLogAppender: HEARTBEAT appendEntries Timeout, request=AppendEntriesRequest:cid=2735521,entriesCount=0,lastEntry=null
2022-06-15 07:35:23,999 [EventQueue-PipelineReportForPipelineReportHandler] INFO  pipeline.PipelineReportHandler (PipelineReportHandler.java:processPipelineReport(113)) - Reported pipeline PipelineID=83aa0ae5-c647-4842-ba01-114df2e904af is not found
2022-06-15 07:35:24,000 [EventQueue-PipelineReportForPipelineReportHandler] INFO  pipeline.PipelineReportHandler (PipelineReportHandler.java:processPipelineReport(113)) - Reported pipeline PipelineID=83aa0ae5-c647-4842-ba01-114df2e904af is not found
2022-06-15 07:35:24,076 [FixedThreadPoolWithAffinityExecutor-1-0] WARN  container.ContainerReportHandler (AbstractContainerReportHandler.java:updateContainerState(255)) - Container #4 is in OPEN state, but the datanode 2ba0c2a5-1748-4da9-81e4-5266296b4b8f{ip: 10.1.0.11, host: fv-az121-418.xhy4bhhdincepo0av04agjzkjc.cx.internal.cloudapp.net, ports: [REPLICATION=43041, RATIS=43465, RATIS_ADMIN=43465, RATIS_SERVER=43465, STANDALONE=43919], networkLocation: /default-rack, certSerialId: null, persistedOpState: IN_SERVICE, persistedOpStateExpiryEpochSec: 0} reports an CLOSED replica.
2022-06-15 07:35:24,119 [java.util.concurrent.ThreadPoolExecutor$Worker@3cef755e[State = -1, empty queue]] WARN  server.GrpcLogAppender (GrpcLogAppender.java:timeoutAppendRequest(239)) - b0a9d56e-b544-41cd-b2b1-b34d126127d5@group-DEDC8EEB63DA->543aeec3-c74a-41c2-8a93-8d529b3aabc8-GrpcLogAppender: HEARTBEAT appendEntries Timeout, request=AppendEntriesRequest:cid=3170632,entriesCount=0,lastEntry=null
2022-06-15 07:35:24,126 [java.util.concurrent.ThreadPoolExecutor$Worker@3cef755e[State = -1, empty queue]] WARN  server.GrpcLogAppender (GrpcLogAppender.java:timeoutAppendRequest(239)) - b0a9d56e-b544-41cd-b2b1-b34d126127d5@group-DEDC8EEB63DA->543aeec3-c74a-41c2-8a93-8d529b3aabc8-GrpcLogAppender: HEARTBEAT appendEntries Timeout, request=AppendEntriesRequest:cid=3170633,entriesCount=0,lastEntry=null
2022-06-15 07:35:24,136 [java.util.concurrent.ThreadPoolExecutor$Worker@3cef755e[State = -1, empty queue]] WARN  server.GrpcLogAppender (GrpcLogAppender.java:timeoutAppendRequest(239)) - b0a9d56e-b544-41cd-b2b1-b34d126127d5@group-DEDC8EEB63DA->543aeec3-c74a-41c2-8a93-8d529b3aabc8-GrpcLogAppender: HEARTBEAT appendEntries Timeout, request=AppendEntriesRequest:cid=3170634,entriesCount=0,lastEntry=null
2022-06-15 07:35:24,140 [java.util.concurrent.ThreadPoolExecutor$Worker@3cef755e[State = -1, empty queue]] WARN  server.GrpcLogAppender (GrpcLogAppender.java:timeoutAppendRequest(239)) - b0a9d56e-b544-41cd-b2b1-b34d126127d5@group-DEDC8EEB63DA->543aeec3-c74a-41c2-8a93-8d529b3aabc8-GrpcLogAppender: HEARTBEAT appendEntries Timeout, request=AppendEntriesRequest:cid=3170635,entriesCount=0,lastEntry=null
2022-06-15 07:35:24,157 [java.util.concurrent.ThreadPoolExecutor$Worker@3cef755e[State = -1, empty queue]] WARN  server.GrpcLogAppender (GrpcLogAppender.java:timeoutAppendRequest(239)) - b0a9d56e-b544-41cd-b2b1-b34d126127d5@group-DEDC8EEB63DA->543aeec3-c74a-41c2-8a93-8d529b3aabc8-GrpcLogAppender: HEARTBEAT appendEntries Timeout, request=AppendEntriesRequest:cid=3170636,entriesCount=0,lastEntry=null
2022-06-15 07:35:24,174 [java.util.concurrent.ThreadPoolExecutor$Worker@3cef755e[State = -1, empty queue]] WARN  server.GrpcLogAppender (GrpcLogAppender.java:timeoutAppendRequest(239)) - b0a9d56e-b544-41cd-b2b1-b34d126127d5@group-DEDC8EEB63DA->543aeec3-c74a-41c2-8a93-8d529b3aabc8-GrpcLogAppender: HEARTBEAT appendEntries Timeout, request=AppendEntriesRequest:cid=3170637,entriesCount=0,lastEntry=null
2022-06-15 07:35:24,200 [EventQueue-PipelineReportForPipelineReportHandler] INFO  pipeline.PipelineReportHandler (PipelineReportHandler.java:processPipelineReport(113)) - Reported pipeline PipelineID=83aa0ae5-c647-4842-ba01-114df2e904af is not found
2022-06-15 07:35:24,275 [FixedThreadPoolWithAffinityExecutor-9-0] WARN  container.ContainerReportHandler (AbstractContainerReportHandler.java:updateContainerState(255)) - Container #4 is in OPEN state, but the datanode 2ba0c2a5-1748-4da9-81e4-5266296b4b8f{ip: 10.1.0.11, host: fv-az121-418.xhy4bhhdincepo0av04agjzkjc.cx.internal.cloudapp.net, ports: [REPLICATION=43041, RATIS=43465, RATIS_ADMIN=43465, RATIS_SERVER=43465, STANDALONE=43919], networkLocation: /default-rack, certSerialId: null, persistedOpState: IN_SERVICE, persistedOpStateExpiryEpochSec: 0} reports an CLOSED replica.
2022-06-15 07:35:24,275 [java.util.concurrent.ThreadPoolExecutor$Worker@32d2cb0c[State = -1, empty queue]] WARN  server.GrpcLogAppender (GrpcLogAppender.java:timeoutAppendRequest(239)) - b4f5d82c-04a6-4c81-89bd-99aee48f7148@group-61C79976014F->7bb1eb80-c113-41fd-8e62-543e67410fa1-GrpcLogAppender:  appendEntries Timeout, request=AppendEntriesRequest:cid=2735522,entriesCount=1,lastEntry=(t:3, i:1)
2022-06-15 07:35:24,376 [java.util.concurrent.ThreadPoolExecutor$Worker@32d2cb0c[State = -1, empty queue]] WARN  server.GrpcLogAppender (GrpcLogAppender.java:timeoutAppendRequest(239)) - b4f5d82c-04a6-4c81-89bd-99aee48f7148@group-61C79976014F->7bb1eb80-c113-41fd-8e62-543e67410fa1-GrpcLogAppender: HEARTBEAT appendEntries Timeout, request=AppendEntriesRequest:cid=2735523,entriesCount=0,lastEntry=null
2022-06-15 07:35:24,381 [java.util.concurrent.ThreadPoolExecutor$Worker@32d2cb0c[State = -1, empty queue]] WARN  server.GrpcLogAppender (GrpcLogAppender.java:timeoutAppendRequest(239)) - b4f5d82c-04a6-4c81-89bd-99aee48f7148@group-61C79976014F->7bb1eb80-c113-41fd-8e62-543e67410fa1-GrpcLogAppender: HEARTBEAT appendEntries Timeout, request=AppendEntriesRequest:cid=2735524,entriesCount=0,lastEntry=null
2022-06-15 07:35:24,390 [java.util.concurrent.ThreadPoolExecutor$Worker@32d2cb0c[State = -1, empty queue]] WARN  server.GrpcLogAppender (GrpcLogAppender.java:timeoutAppendRequest(239)) - b4f5d82c-04a6-4c81-89bd-99aee48f7148@group-61C79976014F->7bb1eb80-c113-41fd-8e62-543e67410fa1-GrpcLogAppender: HEARTBEAT appendEntries Timeout, request=AppendEntriesRequest:cid=2735525,entriesCount=0,lastEntry=null
2022-06-15 07:35:24,391 [java.util.concurrent.ThreadPoolExecutor$Worker@32d2cb0c[State = -1, empty queue]] WARN  server.GrpcLogAppender (GrpcLogAppender.java:timeoutAppendRequest(239)) - b4f5d82c-04a6-4c81-89bd-99aee48f7148@group-61C79976014F->7bb1eb80-c113-41fd-8e62-543e67410fa1-GrpcLogAppender: HEARTBEAT appendEntries Timeout, request=AppendEntriesRequest:cid=2735526,entriesCount=0,lastEntry=null
2022-06-15 07:35:24,395 [java.util.concurrent.ThreadPoolExecutor$Worker@32d2cb0c[State = -1, empty queue]] WARN  server.GrpcLogAppender (GrpcLogAppender.java:timeoutAppendRequest(239)) - b4f5d82c-04a6-4c81-89bd-99aee48f7148@group-61C79976014F->7bb1eb80-c113-41fd-8e62-543e67410fa1-GrpcLogAppender: HEARTBEAT appendEntries Timeout, request=AppendEntriesRequest:cid=2735527,entriesCount=0,lastEntry=null
2022-06-15 07:35:24,395 [java.util.concurrent.ThreadPoolExecutor$Worker@32d2cb0c[State = -1, empty queue]] WARN  server.GrpcLogAppender (GrpcLogAppender.java:timeoutAppendRequest(239)) - b4f5d82c-04a6-4c81-89bd-99aee48f7148@group-61C79976014F->7bb1eb80-c113-41fd-8e62-543e67410fa1-GrpcLogAppender: HEARTBEAT appendEntries Timeout, request=AppendEntriesRequest:cid=2735528,entriesCount=0,lastEntry=null
2022-06-15 07:35:24,401 [EventQueue-PipelineReportForPipelineReportHandler] INFO  pipeline.PipelineReportHandler (PipelineReportHandler.java:processPipelineReport(113)) - Reported pipeline PipelineID=83aa0ae5-c647-4842-ba01-114df2e904af is not found
2022-06-15 07:35:24,601 [EventQueue-PipelineReportForPipelineReportHandler] INFO  pipeline.PipelineReportHandler (PipelineReportHandler.java:processPipelineReport(113)) - Reported pipeline PipelineID=83aa0ae5-c647-4842-ba01-114df2e904af is not found
2022-06-15 07:35:24,601 [EventQueue-PipelineReportForPipelineReportHandler] INFO  pipeline.PipelineReportHandler (PipelineReportHandler.java:processPipelineReport(113)) - Reported pipeline PipelineID=83aa0ae5-c647-4842-ba01-114df2e904af is not found
2022-06-15 07:35:24,675 [FixedThreadPoolWithAffinityExecutor-1-0] WARN  container.ContainerReportHandler (AbstractContainerReportHandler.java:updateContainerState(255)) - Container #4 is in OPEN state, but the datanode 2ba0c2a5-1748-4da9-81e4-5266296b4b8f{ip: 10.1.0.11, host: fv-az121-418.xhy4bhhdincepo0av04agjzkjc.cx.internal.cloudapp.net, ports: [REPLICATION=43041, RATIS=43465, RATIS_ADMIN=43465, RATIS_SERVER=43465, STANDALONE=43919], networkLocation: /default-rack, certSerialId: null, persistedOpState: IN_SERVICE, persistedOpStateExpiryEpochSec: 0} reports an CLOSED replica.
2022-06-15 07:35:24,692 [java.util.concurrent.ThreadPoolExecutor$Worker@32d2cb0c[State = -1, empty queue]] WARN  server.GrpcLogAppender (GrpcLogAppender.java:timeoutAppendRequest(239)) - b0a9d56e-b544-41cd-b2b1-b34d126127d5@group-114DF2E904AF->543aeec3-c74a-41c2-8a93-8d529b3aabc8-GrpcLogAppender: HEARTBEAT appendEntries Timeout, request=AppendEntriesRequest:cid=1038959,entriesCount=0,lastEntry=null
2022-06-15 07:35:24,800 [EventQueue-PipelineReportForPipelineReportHandler] INFO  pipeline.PipelineReportHandler (PipelineReportHandler.java:processPipelineReport(113)) - Reported pipeline PipelineID=83aa0ae5-c647-4842-ba01-114df2e904af is not found
2022-06-15 07:35:24,939 [java.util.concurrent.ThreadPoolExecutor$Worker@32d2cb0c[State = -1, empty queue]] WARN  server.GrpcLogAppender (GrpcLogAppender.java:timeoutAppendRequest(239)) - e547bcb9-eced-475a-8c61-963b1a05d208@group-F5409A33EF3A->7bb1eb80-c113-41fd-8e62-543e67410fa1-GrpcLogAppender: HEARTBEAT appendEntries Timeout, request=AppendEntriesRequest:cid=693292,entriesCount=0,lastEntry=null
2022-06-15 07:35:25,001 [EventQueue-PipelineReportForPipelineReportHandler] INFO  pipeline.PipelineReportHandler (PipelineReportHandler.java:processPipelineReport(113)) - Reported pipeline PipelineID=83aa0ae5-c647-4842-ba01-114df2e904af is not found
2022-06-15 07:35:25,076 [FixedThreadPoolWithAffinityExecutor-1-0] WARN  container.ContainerReportHandler (AbstractContainerReportHandler.java:updateContainerState(255)) - Container #4 is in OPEN state, but the datanode 2ba0c2a5-1748-4da9-81e4-5266296b4b8f{ip: 10.1.0.11, host: fv-az121-418.xhy4bhhdincepo0av04agjzkjc.cx.internal.cloudapp.net, ports: [REPLICATION=43041, RATIS=43465, RATIS_ADMIN=43465, RATIS_SERVER=43465, STANDALONE=43919], networkLocation: /default-rack, certSerialId: null, persistedOpState: IN_SERVICE, persistedOpStateExpiryEpochSec: 0} reports an CLOSED replica.
2022-06-15 07:35:25,200 [EventQueue-PipelineReportForPipelineReportHandler] INFO  pipeline.PipelineReportHandler (PipelineReportHandler.java:processPipelineReport(113)) - Reported pipeline PipelineID=83aa0ae5-c647-4842-ba01-114df2e904af is not found
2022-06-15 07:35:25,201 [EventQueue-PipelineReportForPipelineReportHandler] INFO  pipeline.PipelineReportHandler (PipelineReportHandler.java:processPipelineReport(113)) - Reported pipeline PipelineID=83aa0ae5-c647-4842-ba01-114df2e904af is not found
2022-06-15 07:35:25,425 [java.util.concurrent.ThreadPoolExecutor$Worker@32d2cb0c[State = -1, empty queue]] WARN  server.GrpcLogAppender (GrpcLogAppender.java:timeoutAppendRequest(239)) - b0a9d56e-b544-41cd-b2b1-b34d126127d5@group-DEDC8EEB63DA->543aeec3-c74a-41c2-8a93-8d529b3aabc8-GrpcLogAppender: HEARTBEAT appendEntries Timeout, request=AppendEntriesRequest:cid=3170638,entriesCount=0,lastEntry=null
2022-06-15 07:35:25,476 [FixedThreadPoolWithAffinityExecutor-9-0] WARN  container.ContainerReportHandler (AbstractContainerReportHandler.java:updateContainerState(255)) - Container #4 is in OPEN state, but the datanode 2ba0c2a5-1748-4da9-81e4-5266296b4b8f{ip: 10.1.0.11, host: fv-az121-418.xhy4bhhdincepo0av04agjzkjc.cx.internal.cloudapp.net, ports: [REPLICATION=43041, RATIS=43465, RATIS_ADMIN=43465, RATIS_SERVER=43465, STANDALONE=43919], networkLocation: /default-rack, certSerialId: null, persistedOpState: IN_SERVICE, persistedOpStateExpiryEpochSec: 0} reports an CLOSED replica.
2022-06-15 07:35:25,600 [EventQueue-PipelineReportForPipelineReportHandler] INFO  pipeline.PipelineReportHandler (PipelineReportHandler.java:processPipelineReport(113)) - Reported pipeline PipelineID=83aa0ae5-c647-4842-ba01-114df2e904af is not found
2022-06-15 07:35:25,601 [EventQueue-PipelineReportForPipelineReportHandler] INFO  pipeline.PipelineReportHandler (PipelineReportHandler.java:processPipelineReport(113)) - Reported pipeline PipelineID=83aa0ae5-c647-4842-ba01-114df2e904af is not found
2022-06-15 07:35:25,646 [java.util.concurrent.ThreadPoolExecutor$Worker@32d2cb0c[State = -1, empty queue]] WARN  server.GrpcLogAppender (GrpcLogAppender.java:timeoutAppendRequest(239)) - b4f5d82c-04a6-4c81-89bd-99aee48f7148@group-61C79976014F->7bb1eb80-c113-41fd-8e62-543e67410fa1-GrpcLogAppender: HEARTBEAT appendEntries Timeout, request=AppendEntriesRequest:cid=2735529,entriesCount=0,lastEntry=null
2022-06-15 07:35:25,676 [FixedThreadPoolWithAffinityExecutor-9-0] WARN  container.ContainerReportHandler (AbstractContainerReportHandler.java:updateContainerState(255)) - Container #4 is in OPEN state, but the datanode 2ba0c2a5-1748-4da9-81e4-5266296b4b8f{ip: 10.1.0.11, host: fv-az121-418.xhy4bhhdincepo0av04agjzkjc.cx.internal.cloudapp.net, ports: [REPLICATION=43041, RATIS=43465, RATIS_ADMIN=43465, RATIS_SERVER=43465, STANDALONE=43919], networkLocation: /default-rack, certSerialId: null, persistedOpState: IN_SERVICE, persistedOpStateExpiryEpochSec: 0} reports an CLOSED replica.
2022-06-15 07:35:25,800 [EventQueue-PipelineReportForPipelineReportHandler] INFO  pipeline.PipelineReportHandler (PipelineReportHandler.java:processPipelineReport(113)) - Reported pipeline PipelineID=83aa0ae5-c647-4842-ba01-114df2e904af is not found
2022-06-15 07:35:25,802 [EventQueue-PipelineReportForPipelineReportHandler] INFO  pipeline.PipelineReportHandler (PipelineReportHandler.java:processPipelineReport(113)) - Reported pipeline PipelineID=83aa0ae5-c647-4842-ba01-114df2e904af is not found
2022-06-15 07:35:25,943 [java.util.concurrent.ThreadPoolExecutor$Worker@32d2cb0c[State = -1, empty queue]] WARN  server.GrpcLogAppender (GrpcLogAppender.java:timeoutAppendRequest(239)) - b0a9d56e-b544-41cd-b2b1-b34d126127d5@group-114DF2E904AF->543aeec3-c74a-41c2-8a93-8d529b3aabc8-GrpcLogAppender: HEARTBEAT appendEntries Timeout, request=AppendEntriesRequest:cid=1039083,entriesCount=0,lastEntry=null
2022-06-15 07:35:26,001 [EventQueue-PipelineReportForPipelineReportHandler] INFO  pipeline.PipelineReportHandler (PipelineReportHandler.java:processPipelineReport(113)) - Reported pipeline PipelineID=83aa0ae5-c647-4842-ba01-114df2e904af is not found
2022-06-15 07:35:26,076 [FixedThreadPoolWithAffinityExecutor-9-0] WARN  container.ContainerReportHandler (AbstractContainerReportHandler.java:updateContainerState(255)) - Container #4 is in OPEN state, but the datanode 2ba0c2a5-1748-4da9-81e4-5266296b4b8f{ip: 10.1.0.11, host: fv-az121-418.xhy4bhhdincepo0av04agjzkjc.cx.internal.cloudapp.net, ports: [REPLICATION=43041, RATIS=43465, RATIS_ADMIN=43465, RATIS_SERVER=43465, STANDALONE=43919], networkLocation: /default-rack, certSerialId: null, persistedOpState: IN_SERVICE, persistedOpStateExpiryEpochSec: 0} reports an CLOSED replica.
2022-06-15 07:35:26,200 [EventQueue-PipelineReportForPipelineReportHandler] INFO  pipeline.PipelineReportHandler (PipelineReportHandler.java:processPipelineReport(113)) - Reported pipeline PipelineID=83aa0ae5-c647-4842-ba01-114df2e904af is not found
2022-06-15 07:35:26,202 [EventQueue-PipelineReportForPipelineReportHandler] INFO  pipeline.PipelineReportHandler (PipelineReportHandler.java:processPipelineReport(113)) - Reported pipeline PipelineID=83aa0ae5-c647-4842-ba01-114df2e904af is not found
2022-06-15 07:35:26,211 [java.util.concurrent.ThreadPoolExecutor$Worker@32d2cb0c[State = -1, empty queue]] WARN  server.GrpcLogAppender (GrpcLogAppender.java:timeoutAppendRequest(239)) - e547bcb9-eced-475a-8c61-963b1a05d208@group-F5409A33EF3A->7bb1eb80-c113-41fd-8e62-543e67410fa1-GrpcLogAppender: HEARTBEAT appendEntries Timeout, request=AppendEntriesRequest:cid=693416,entriesCount=0,lastEntry=null
2022-06-15 07:35:26,476 [FixedThreadPoolWithAffinityExecutor-0-0] WARN  container.ContainerReportHandler (AbstractContainerReportHandler.java:updateContainerState(255)) - Container #4 is in OPEN state, but the datanode 2ba0c2a5-1748-4da9-81e4-5266296b4b8f{ip: 10.1.0.11, host: fv-az121-418.xhy4bhhdincepo0av04agjzkjc.cx.internal.cloudapp.net, ports: [REPLICATION=43041, RATIS=43465, RATIS_ADMIN=43465, RATIS_SERVER=43465, STANDALONE=43919], networkLocation: /default-rack, certSerialId: null, persistedOpState: IN_SERVICE, persistedOpStateExpiryEpochSec: 0} reports an CLOSED replica.
2022-06-15 07:35:26,600 [EventQueue-PipelineReportForPipelineReportHandler] INFO  pipeline.PipelineReportHandler (PipelineReportHandler.java:processPipelineReport(113)) - Reported pipeline PipelineID=83aa0ae5-c647-4842-ba01-114df2e904af is not found
2022-06-15 07:35:26,604 [EventQueue-PipelineReportForPipelineReportHandler] INFO  pipeline.PipelineReportHandler (PipelineReportHandler.java:processPipelineReport(113)) - Reported pipeline PipelineID=83aa0ae5-c647-4842-ba01-114df2e904af is not found
2022-06-15 07:35:26,675 [java.util.concurrent.ThreadPoolExecutor$Worker@32d2cb0c[State = -1, empty queue]] WARN  server.GrpcLogAppender (GrpcLogAppender.java:timeoutAppendRequest(239)) - b0a9d56e-b544-41cd-b2b1-b34d126127d5@group-DEDC8EEB63DA->543aeec3-c74a-41c2-8a93-8d529b3aabc8-GrpcLogAppender: HEARTBEAT appendEntries Timeout, request=AppendEntriesRequest:cid=3170639,entriesCount=0,lastEntry=null
2022-06-15 07:35:26,682 [java.util.concurrent.ThreadPoolExecutor$Worker@32d2cb0c[State = -1, empty queue]] WARN  server.GrpcLogAppender (GrpcLogAppender.java:timeoutAppendRequest(239)) - b0a9d56e-b544-41cd-b2b1-b34d126127d5@group-DEDC8EEB63DA->543aeec3-c74a-41c2-8a93-8d529b3aabc8-GrpcLogAppender: HEARTBEAT appendEntries Timeout, request=AppendEntriesRequest:cid=3170640,entriesCount=0,lastEntry=null
2022-06-15 07:35:26,800 [EventQueue-PipelineReportForPipelineReportHandler] INFO  pipeline.PipelineReportHandler (PipelineReportHandler.java:processPipelineReport(113)) - Reported pipeline PipelineID=83aa0ae5-c647-4842-ba01-114df2e904af is not found
2022-06-15 07:35:26,801 [EventQueue-PipelineReportForPipelineReportHandler] INFO  pipeline.PipelineReportHandler (PipelineReportHandler.java:processPipelineReport(113)) - Reported pipeline PipelineID=83aa0ae5-c647-4842-ba01-114df2e904af is not found
2022-06-15 07:35:26,876 [FixedThreadPoolWithAffinityExecutor-1-0] WARN  container.ContainerReportHandler (AbstractContainerReportHandler.java:updateContainerState(255)) - Container #4 is in OPEN state, but the datanode 2ba0c2a5-1748-4da9-81e4-5266296b4b8f{ip: 10.1.0.11, host: fv-az121-418.xhy4bhhdincepo0av04agjzkjc.cx.internal.cloudapp.net, ports: [REPLICATION=43041, RATIS=43465, RATIS_ADMIN=43465, RATIS_SERVER=43465, STANDALONE=43919], networkLocation: /default-rack, certSerialId: null, persistedOpState: IN_SERVICE, persistedOpStateExpiryEpochSec: 0} reports an CLOSED replica.
2022-06-15 07:35:26,896 [java.util.concurrent.ThreadPoolExecutor$Worker@32d2cb0c[State = -1, empty queue]] WARN  server.GrpcLogAppender (GrpcLogAppender.java:timeoutAppendRequest(239)) - b4f5d82c-04a6-4c81-89bd-99aee48f7148@group-61C79976014F->7bb1eb80-c113-41fd-8e62-543e67410fa1-GrpcLogAppender: HEARTBEAT appendEntries Timeout, request=AppendEntriesRequest:cid=2735530,entriesCount=0,lastEntry=null
2022-06-15 07:35:26,904 [java.util.concurrent.ThreadPoolExecutor$Worker@32d2cb0c[State = -1, empty queue]] WARN  server.GrpcLogAppender (GrpcLogAppender.java:timeoutAppendRequest(239)) - b4f5d82c-04a6-4c81-89bd-99aee48f7148@group-61C79976014F->7bb1eb80-c113-41fd-8e62-543e67410fa1-GrpcLogAppender: HEARTBEAT appendEntries Timeout, request=AppendEntriesRequest:cid=2735531,entriesCount=0,lastEntry=null
2022-06-15 07:35:27,001 [EventQueue-PipelineReportForPipelineReportHandler] INFO  pipeline.PipelineReportHandler (PipelineReportHandler.java:processPipelineReport(113)) - Reported pipeline PipelineID=83aa0ae5-c647-4842-ba01-114df2e904af is not found
2022-06-15 07:35:27,001 [EventQueue-PipelineReportForPipelineReportHandler] INFO  pipeline.PipelineReportHandler (PipelineReportHandler.java:processPipelineReport(113)) - Reported pipeline PipelineID=83aa0ae5-c647-4842-ba01-114df2e904af is not found
2022-06-15 07:35:27,076 [FixedThreadPoolWithAffinityExecutor-9-0] WARN  container.ContainerReportHandler (AbstractContainerReportHandler.java:updateContainerState(255)) - Container #4 is in OPEN state, but the datanode 2ba0c2a5-1748-4da9-81e4-5266296b4b8f{ip: 10.1.0.11, host: fv-az121-418.xhy4bhhdincepo0av04agjzkjc.cx.internal.cloudapp.net, ports: [REPLICATION=43041, RATIS=43465, RATIS_ADMIN=43465, RATIS_SERVER=43465, STANDALONE=43919], networkLocation: /default-rack, certSerialId: null, persistedOpState: IN_SERVICE, persistedOpStateExpiryEpochSec: 0} reports an CLOSED replica.
2022-06-15 07:35:27,194 [java.util.concurrent.ThreadPoolExecutor$Worker@32d2cb0c[State = -1, empty queue]] WARN  server.GrpcLogAppender (GrpcLogAppender.java:timeoutAppendRequest(239)) - b0a9d56e-b544-41cd-b2b1-b34d126127d5@group-114DF2E904AF->543aeec3-c74a-41c2-8a93-8d529b3aabc8-GrpcLogAppender: HEARTBEAT appendEntries Timeout, request=AppendEntriesRequest:cid=1039206,entriesCount=0,lastEntry=null
2022-06-15 07:35:27,201 [EventQueue-PipelineReportForPipelineReportHandler] INFO  pipeline.PipelineReportHandler (PipelineReportHandler.java:processPipelineReport(113)) - Reported pipeline PipelineID=83aa0ae5-c647-4842-ba01-114df2e904af is not found
2022-06-15 07:35:27,401 [EventQueue-PipelineReportForPipelineReportHandler] INFO  pipeline.PipelineReportHandler (PipelineReportHandler.java:processPipelineReport(113)) - Reported pipeline PipelineID=83aa0ae5-c647-4842-ba01-114df2e904af is not found
2022-06-15 07:35:27,463 [java.util.concurrent.ThreadPoolExecutor$Worker@32d2cb0c[State = -1, empty queue]] WARN  server.GrpcLogAppender (GrpcLogAppender.java:timeoutAppendRequest(239)) - e547bcb9-eced-475a-8c61-963b1a05d208@group-F5409A33EF3A->7bb1eb80-c113-41fd-8e62-543e67410fa1-GrpcLogAppender: HEARTBEAT appendEntries Timeout, request=AppendEntriesRequest:cid=693541,entriesCount=0,lastEntry=null
2022-06-15 07:35:27,478 [FixedThreadPoolWithAffinityExecutor-8-0] WARN  container.ContainerReportHandler (AbstractContainerReportHandler.java:updateContainerState(255)) - Container #4 is in OPEN state, but the datanode 2ba0c2a5-1748-4da9-81e4-5266296b4b8f{ip: 10.1.0.11, host: fv-az121-418.xhy4bhhdincepo0av04agjzkjc.cx.internal.cloudapp.net, ports: [REPLICATION=43041, RATIS=43465, RATIS_ADMIN=43465, RATIS_SERVER=43465, STANDALONE=43919], networkLocation: /default-rack, certSerialId: null, persistedOpState: IN_SERVICE, persistedOpStateExpiryEpochSec: 0} reports an CLOSED replica.
2022-06-15 07:35:27,600 [EventQueue-PipelineReportForPipelineReportHandler] INFO  pipeline.PipelineReportHandler (PipelineReportHandler.java:processPipelineReport(113)) - Reported pipeline PipelineID=83aa0ae5-c647-4842-ba01-114df2e904af is not found
2022-06-15 07:35:27,602 [EventQueue-PipelineReportForPipelineReportHandler] INFO  pipeline.PipelineReportHandler (PipelineReportHandler.java:processPipelineReport(113)) - Reported pipeline PipelineID=83aa0ae5-c647-4842-ba01-114df2e904af is not found
2022-06-15 07:35:27,676 [FixedThreadPoolWithAffinityExecutor-9-0] WARN  container.ContainerReportHandler (AbstractContainerReportHandler.java:updateContainerState(255)) - Container #4 is in OPEN state, but the datanode 2ba0c2a5-1748-4da9-81e4-5266296b4b8f{ip: 10.1.0.11, host: fv-az121-418.xhy4bhhdincepo0av04agjzkjc.cx.internal.cloudapp.net, ports: [REPLICATION=43041, RATIS=43465, RATIS_ADMIN=43465, RATIS_SERVER=43465, STANDALONE=43919], networkLocation: /default-rack, certSerialId: null, persistedOpState: IN_SERVICE, persistedOpStateExpiryEpochSec: 0} reports an CLOSED replica.
2022-06-15 07:35:27,803 [EventQueue-PipelineReportForPipelineReportHandler] INFO  pipeline.PipelineReportHandler (PipelineReportHandler.java:processPipelineReport(113)) - Reported pipeline PipelineID=83aa0ae5-c647-4842-ba01-114df2e904af is not found
2022-06-15 07:35:27,876 [FixedThreadPoolWithAffinityExecutor-9-0] WARN  container.ContainerReportHandler (AbstractContainerReportHandler.java:updateContainerState(255)) - Container #4 is in OPEN state, but the datanode 2ba0c2a5-1748-4da9-81e4-5266296b4b8f{ip: 10.1.0.11, host: fv-az121-418.xhy4bhhdincepo0av04agjzkjc.cx.internal.cloudapp.net, ports: [REPLICATION=43041, RATIS=43465, RATIS_ADMIN=43465, RATIS_SERVER=43465, STANDALONE=43919], networkLocation: /default-rack, certSerialId: null, persistedOpState: IN_SERVICE, persistedOpStateExpiryEpochSec: 0} reports an CLOSED replica.
2022-06-15 07:35:27,933 [java.util.concurrent.ThreadPoolExecutor$Worker@32d2cb0c[State = -1, empty queue]] WARN  server.GrpcLogAppender (GrpcLogAppender.java:timeoutAppendRequest(239)) - b0a9d56e-b544-41cd-b2b1-b34d126127d5@group-DEDC8EEB63DA->543aeec3-c74a-41c2-8a93-8d529b3aabc8-GrpcLogAppender: HEARTBEAT appendEntries Timeout, request=AppendEntriesRequest:cid=3170641,entriesCount=0,lastEntry=null
2022-06-15 07:35:28,000 [EventQueue-PipelineReportForPipelineReportHandler] INFO  pipeline.PipelineReportHandler (PipelineReportHandler.java:processPipelineReport(113)) - Reported pipeline PipelineID=83aa0ae5-c647-4842-ba01-114df2e904af is not found
2022-06-15 07:35:28,002 [EventQueue-PipelineReportForPipelineReportHandler] INFO  pipeline.PipelineReportHandler (PipelineReportHandler.java:processPipelineReport(113)) - Reported pipeline PipelineID=83aa0ae5-c647-4842-ba01-114df2e904af is not found
2022-06-15 07:35:28,076 [FixedThreadPoolWithAffinityExecutor-8-0] WARN  container.ContainerReportHandler (AbstractContainerReportHandler.java:updateContainerState(255)) - Container #4 is in OPEN state, but the datanode 2ba0c2a5-1748-4da9-81e4-5266296b4b8f{ip: 10.1.0.11, host: fv-az121-418.xhy4bhhdincepo0av04agjzkjc.cx.internal.cloudapp.net, ports: [REPLICATION=43041, RATIS=43465, RATIS_ADMIN=43465, RATIS_SERVER=43465, STANDALONE=43919], networkLocation: /default-rack, certSerialId: null, persistedOpState: IN_SERVICE, persistedOpStateExpiryEpochSec: 0} reports an CLOSED replica.
2022-06-15 07:35:28,154 [java.util.concurrent.ThreadPoolExecutor$Worker@32d2cb0c[State = -1, empty queue]] WARN  server.GrpcLogAppender (GrpcLogAppender.java:timeoutAppendRequest(239)) - b4f5d82c-04a6-4c81-89bd-99aee48f7148@group-61C79976014F->7bb1eb80-c113-41fd-8e62-543e67410fa1-GrpcLogAppender: HEARTBEAT appendEntries Timeout, request=AppendEntriesRequest:cid=2735532,entriesCount=0,lastEntry=null
2022-06-15 07:35:28,201 [EventQueue-PipelineReportForPipelineReportHandler] INFO  pipeline.PipelineReportHandler (PipelineReportHandler.java:processPipelineReport(113)) - Reported pipeline PipelineID=83aa0ae5-c647-4842-ba01-114df2e904af is not found
2022-06-15 07:35:28,401 [EventQueue-PipelineReportForPipelineReportHandler] INFO  pipeline.PipelineReportHandler (PipelineReportHandler.java:processPipelineReport(113)) - Reported pipeline PipelineID=83aa0ae5-c647-4842-ba01-114df2e904af is not found
2022-06-15 07:35:28,402 [EventQueue-PipelineReportForPipelineReportHandler] INFO  pipeline.PipelineReportHandler (PipelineReportHandler.java:processPipelineReport(113)) - Reported pipeline PipelineID=83aa0ae5-c647-4842-ba01-114df2e904af is not found
2022-06-15 07:35:28,445 [java.util.concurrent.ThreadPoolExecutor$Worker@32d2cb0c[State = -1, empty queue]] WARN  server.GrpcLogAppender (GrpcLogAppender.java:timeoutAppendRequest(239)) - b0a9d56e-b544-41cd-b2b1-b34d126127d5@group-114DF2E904AF->543aeec3-c74a-41c2-8a93-8d529b3aabc8-GrpcLogAppender: HEARTBEAT appendEntries Timeout, request=AppendEntriesRequest:cid=1039330,entriesCount=0,lastEntry=null
2022-06-15 07:35:28,477 [FixedThreadPoolWithAffinityExecutor-1-0] WARN  container.ContainerReportHandler (AbstractContainerReportHandler.java:updateContainerState(255)) - Container #4 is in OPEN state, but the datanode 2ba0c2a5-1748-4da9-81e4-5266296b4b8f{ip: 10.1.0.11, host: fv-az121-418.xhy4bhhdincepo0av04agjzkjc.cx.internal.cloudapp.net, ports: [REPLICATION=43041, RATIS=43465, RATIS_ADMIN=43465, RATIS_SERVER=43465, STANDALONE=43919], networkLocation: /default-rack, certSerialId: null, persistedOpState: IN_SERVICE, persistedOpStateExpiryEpochSec: 0} reports an CLOSED replica.
2022-06-15 07:35:28,679 [FixedThreadPoolWithAffinityExecutor-9-0] WARN  container.ContainerReportHandler (AbstractContainerReportHandler.java:updateContainerState(255)) - Container #4 is in OPEN state, but the datanode 2ba0c2a5-1748-4da9-81e4-5266296b4b8f{ip: 10.1.0.11, host: fv-az121-418.xhy4bhhdincepo0av04agjzkjc.cx.internal.cloudapp.net, ports: [REPLICATION=43041, RATIS=43465, RATIS_ADMIN=43465, RATIS_SERVER=43465, STANDALONE=43919], networkLocation: /default-rack, certSerialId: null, persistedOpState: IN_SERVICE, persistedOpStateExpiryEpochSec: 0} reports an CLOSED replica.
2022-06-15 07:35:28,714 [java.util.concurrent.ThreadPoolExecutor$Worker@32d2cb0c[State = -1, empty queue]] WARN  server.GrpcLogAppender (GrpcLogAppender.java:timeoutAppendRequest(239)) - e547bcb9-eced-475a-8c61-963b1a05d208@group-F5409A33EF3A->7bb1eb80-c113-41fd-8e62-543e67410fa1-GrpcLogAppender: HEARTBEAT appendEntries Timeout, request=AppendEntriesRequest:cid=693665,entriesCount=0,lastEntry=null
2022-06-15 07:35:28,801 [EventQueue-PipelineReportForPipelineReportHandler] INFO  pipeline.PipelineReportHandler (PipelineReportHandler.java:processPipelineReport(113)) - Reported pipeline PipelineID=83aa0ae5-c647-4842-ba01-114df2e904af is not found
2022-06-15 07:35:28,819 [EventQueue-PipelineReportForPipelineReportHandler] INFO  pipeline.PipelineReportHandler (PipelineReportHandler.java:processPipelineReport(113)) - Reported pipeline PipelineID=83aa0ae5-c647-4842-ba01-114df2e904af is not found
2022-06-15 07:35:28,878 [FixedThreadPoolWithAffinityExecutor-0-0] WARN  container.ContainerReportHandler (AbstractContainerReportHandler.java:updateContainerState(255)) - Container #4 is in OPEN state, but the datanode 2ba0c2a5-1748-4da9-81e4-5266296b4b8f{ip: 10.1.0.11, host: fv-az121-418.xhy4bhhdincepo0av04agjzkjc.cx.internal.cloudapp.net, ports: [REPLICATION=43041, RATIS=43465, RATIS_ADMIN=43465, RATIS_SERVER=43465, STANDALONE=43919], networkLocation: /default-rack, certSerialId: null, persistedOpState: IN_SERVICE, persistedOpStateExpiryEpochSec: 0} reports an CLOSED replica.
2022-06-15 07:35:29,002 [EventQueue-PipelineReportForPipelineReportHandler] INFO  pipeline.PipelineReportHandler (PipelineReportHandler.java:processPipelineReport(113)) - Reported pipeline PipelineID=83aa0ae5-c647-4842-ba01-114df2e904af is not found
2022-06-15 07:35:29,078 [FixedThreadPoolWithAffinityExecutor-1-0] WARN  container.ContainerReportHandler (AbstractContainerReportHandler.java:updateContainerState(255)) - Container #4 is in OPEN state, but the datanode 2ba0c2a5-1748-4da9-81e4-5266296b4b8f{ip: 10.1.0.11, host: fv-az121-418.xhy4bhhdincepo0av04agjzkjc.cx.internal.cloudapp.net, ports: [REPLICATION=43041, RATIS=43465, RATIS_ADMIN=43465, RATIS_SERVER=43465, STANDALONE=43919], networkLocation: /default-rack, certSerialId: null, persistedOpState: IN_SERVICE, persistedOpStateExpiryEpochSec: 0} reports an CLOSED replica.
2022-06-15 07:35:29,183 [java.util.concurrent.ThreadPoolExecutor$Worker@32d2cb0c[State = -1, empty queue]] WARN  server.GrpcLogAppender (GrpcLogAppender.java:timeoutAppendRequest(239)) - b0a9d56e-b544-41cd-b2b1-b34d126127d5@group-DEDC8EEB63DA->543aeec3-c74a-41c2-8a93-8d529b3aabc8-GrpcLogAppender: HEARTBEAT appendEntries Timeout, request=AppendEntriesRequest:cid=3170642,entriesCount=0,lastEntry=null
2022-06-15 07:35:29,202 [EventQueue-PipelineReportForPipelineReportHandler] INFO  pipeline.PipelineReportHandler (PipelineReportHandler.java:processPipelineReport(113)) - Reported pipeline PipelineID=83aa0ae5-c647-4842-ba01-114df2e904af is not found
2022-06-15 07:35:29,219 [EventQueue-PipelineReportForPipelineReportHandler] INFO  pipeline.PipelineReportHandler (PipelineReportHandler.java:processPipelineReport(113)) - Reported pipeline PipelineID=83aa0ae5-c647-4842-ba01-114df2e904af is not found
2022-06-15 07:35:29,402 [EventQueue-PipelineReportForPipelineReportHandler] INFO  pipeline.PipelineReportHandler (PipelineReportHandler.java:processPipelineReport(113)) - Reported pipeline PipelineID=83aa0ae5-c647-4842-ba01-114df2e904af is not found
2022-06-15 07:35:29,404 [java.util.concurrent.ThreadPoolExecutor$Worker@32d2cb0c[State = -1, empty queue]] WARN  server.GrpcLogAppender (GrpcLogAppender.java:timeoutAppendRequest(239)) - b4f5d82c-04a6-4c81-89bd-99aee48f7148@group-61C79976014F->7bb1eb80-c113-41fd-8e62-543e67410fa1-GrpcLogAppender: HEARTBEAT appendEntries Timeout, request=AppendEntriesRequest:cid=2735533,entriesCount=0,lastEntry=null
2022-06-15 07:35:29,420 [EventQueue-PipelineReportForPipelineReportHandler] INFO  pipeline.PipelineReportHandler (PipelineReportHandler.java:processPipelineReport(113)) - Reported pipeline PipelineID=83aa0ae5-c647-4842-ba01-114df2e904af is not found
2022-06-15 07:35:29,477 [FixedThreadPoolWithAffinityExecutor-9-0] WARN  container.ContainerReportHandler (AbstractContainerReportHandler.java:updateContainerState(255)) - Container #4 is in OPEN state, but the datanode 2ba0c2a5-1748-4da9-81e4-5266296b4b8f{ip: 10.1.0.11, host: fv-az121-418.xhy4bhhdincepo0av04agjzkjc.cx.internal.cloudapp.net, ports: [REPLICATION=43041, RATIS=43465, RATIS_ADMIN=43465, RATIS_SERVER=43465, STANDALONE=43919], networkLocation: /default-rack, certSerialId: null, persistedOpState: IN_SERVICE, persistedOpStateExpiryEpochSec: 0} reports an CLOSED replica.
2022-06-15 07:35:29,620 [EventQueue-PipelineReportForPipelineReportHandler] INFO  pipeline.PipelineReportHandler (PipelineReportHandler.java:processPipelineReport(113)) - Reported pipeline PipelineID=83aa0ae5-c647-4842-ba01-114df2e904af is not found
2022-06-15 07:35:29,678 [FixedThreadPoolWithAffinityExecutor-0-0] WARN  container.ContainerReportHandler (AbstractContainerReportHandler.java:updateContainerState(255)) - Container #4 is in OPEN state, but the datanode 2ba0c2a5-1748-4da9-81e4-5266296b4b8f{ip: 10.1.0.11, host: fv-az121-418.xhy4bhhdincepo0av04agjzkjc.cx.internal.cloudapp.net, ports: [REPLICATION=43041, RATIS=43465, RATIS_ADMIN=43465, RATIS_SERVER=43465, STANDALONE=43919], networkLocation: /default-rack, certSerialId: null, persistedOpState: IN_SERVICE, persistedOpStateExpiryEpochSec: 0} reports an CLOSED replica.
2022-06-15 07:35:29,696 [java.util.concurrent.ThreadPoolExecutor$Worker@32d2cb0c[State = -1, empty queue]] WARN  server.GrpcLogAppender (GrpcLogAppender.java:timeoutAppendRequest(239)) - b0a9d56e-b544-41cd-b2b1-b34d126127d5@group-114DF2E904AF->543aeec3-c74a-41c2-8a93-8d529b3aabc8-GrpcLogAppender: HEARTBEAT appendEntries Timeout, request=AppendEntriesRequest:cid=1039454,entriesCount=0,lastEntry=null
2022-06-15 07:35:29,802 [EventQueue-PipelineReportForPipelineReportHandler] INFO  pipeline.PipelineReportHandler (PipelineReportHandler.java:processPipelineReport(113)) - Reported pipeline PipelineID=83aa0ae5-c647-4842-ba01-114df2e904af is not found
2022-06-15 07:35:29,964 [java.util.concurrent.ThreadPoolExecutor$Worker@32d2cb0c[State = -1, empty queue]] WARN  server.GrpcLogAppender (GrpcLogAppender.java:timeoutAppendRequest(239)) - e547bcb9-eced-475a-8c61-963b1a05d208@group-F5409A33EF3A->7bb1eb80-c113-41fd-8e62-543e67410fa1-GrpcLogAppender: HEARTBEAT appendEntries Timeout, request=AppendEntriesRequest:cid=693788,entriesCount=0,lastEntry=null
2022-06-15 07:35:30,020 [EventQueue-PipelineReportForPipelineReportHandler] INFO  pipeline.PipelineReportHandler (PipelineReportHandler.java:processPipelineReport(113)) - Reported pipeline PipelineID=83aa0ae5-c647-4842-ba01-114df2e904af is not found
2022-06-15 07:35:30,077 [FixedThreadPoolWithAffinityExecutor-0-0] WARN  container.ContainerReportHandler (AbstractContainerReportHandler.java:updateContainerState(255)) - Container #4 is in OPEN state, but the datanode 2ba0c2a5-1748-4da9-81e4-5266296b4b8f{ip: 10.1.0.11, host: fv-az121-418.xhy4bhhdincepo0av04agjzkjc.cx.internal.cloudapp.net, ports: [REPLICATION=43041, RATIS=43465, RATIS_ADMIN=43465, RATIS_SERVER=43465, STANDALONE=43919], networkLocation: /default-rack, certSerialId: null, persistedOpState: IN_SERVICE, persistedOpStateExpiryEpochSec: 0} reports an CLOSED replica.
2022-06-15 07:35:30,203 [EventQueue-PipelineReportForPipelineReportHandler] INFO  pipeline.PipelineReportHandler (PipelineReportHandler.java:processPipelineReport(113)) - Reported pipeline PipelineID=83aa0ae5-c647-4842-ba01-114df2e904af is not found
2022-06-15 07:35:30,403 [EventQueue-PipelineReportForPipelineReportHandler] INFO  pipeline.PipelineReportHandler (PipelineReportHandler.java:processPipelineReport(113)) - Reported pipeline PipelineID=83aa0ae5-c647-4842-ba01-114df2e904af is not found
2022-06-15 07:35:30,420 [EventQueue-PipelineReportForPipelineReportHandler] INFO  pipeline.PipelineReportHandler (PipelineReportHandler.java:processPipelineReport(113)) - Reported pipeline PipelineID=83aa0ae5-c647-4842-ba01-114df2e904af is not found
2022-06-15 07:35:30,433 [java.util.concurrent.ThreadPoolExecutor$Worker@32d2cb0c[State = -1, empty queue]] WARN  server.GrpcLogAppender (GrpcLogAppender.java:timeoutAppendRequest(239)) - b0a9d56e-b544-41cd-b2b1-b34d126127d5@group-DEDC8EEB63DA->543aeec3-c74a-41c2-8a93-8d529b3aabc8-GrpcLogAppender: HEARTBEAT appendEntries Timeout, request=AppendEntriesRequest:cid=3170643,entriesCount=0,lastEntry=null
2022-06-15 07:35:30,477 [FixedThreadPoolWithAffinityExecutor-1-0] WARN  container.ContainerReportHandler (AbstractContainerReportHandler.java:updateContainerState(255)) - Container #4 is in OPEN state, but the datanode 2ba0c2a5-1748-4da9-81e4-5266296b4b8f{ip: 10.1.0.11, host: fv-az121-418.xhy4bhhdincepo0av04agjzkjc.cx.internal.cloudapp.net, ports: [REPLICATION=43041, RATIS=43465, RATIS_ADMIN=43465, RATIS_SERVER=43465, STANDALONE=43919], networkLocation: /default-rack, certSerialId: null, persistedOpState: IN_SERVICE, persistedOpStateExpiryEpochSec: 0} reports an CLOSED replica.
2022-06-15 07:35:30,621 [EventQueue-PipelineReportForPipelineReportHandler] INFO  pipeline.PipelineReportHandler (PipelineReportHandler.java:processPipelineReport(113)) - Reported pipeline PipelineID=83aa0ae5-c647-4842-ba01-114df2e904af is not found
2022-06-15 07:35:30,655 [java.util.concurrent.ThreadPoolExecutor$Worker@32d2cb0c[State = -1, empty queue]] WARN  server.GrpcLogAppender (GrpcLogAppender.java:timeoutAppendRequest(239)) - b4f5d82c-04a6-4c81-89bd-99aee48f7148@group-61C79976014F->7bb1eb80-c113-41fd-8e62-543e67410fa1-GrpcLogAppender: HEARTBEAT appendEntries Timeout, request=AppendEntriesRequest:cid=2735534,entriesCount=0,lastEntry=null
2022-06-15 07:35:30,803 [EventQueue-PipelineReportForPipelineReportHandler] INFO  pipeline.PipelineReportHandler (PipelineReportHandler.java:processPipelineReport(113)) - Reported pipeline PipelineID=83aa0ae5-c647-4842-ba01-114df2e904af is not found
2022-06-15 07:35:30,821 [EventQueue-PipelineReportForPipelineReportHandler] INFO  pipeline.PipelineReportHandler (PipelineReportHandler.java:processPipelineReport(113)) - Reported pipeline PipelineID=83aa0ae5-c647-4842-ba01-114df2e904af is not found
2022-06-15 07:35:30,881 [FixedThreadPoolWithAffinityExecutor-1-0] WARN  container.ContainerReportHandler (AbstractContainerReportHandler.java:updateContainerState(255)) - Container #4 is in OPEN state, but the datanode 2ba0c2a5-1748-4da9-81e4-5266296b4b8f{ip: 10.1.0.11, host: fv-az121-418.xhy4bhhdincepo0av04agjzkjc.cx.internal.cloudapp.net, ports: [REPLICATION=43041, RATIS=43465, RATIS_ADMIN=43465, RATIS_SERVER=43465, STANDALONE=43919], networkLocation: /default-rack, certSerialId: null, persistedOpState: IN_SERVICE, persistedOpStateExpiryEpochSec: 0} reports an CLOSED replica.
2022-06-15 07:35:30,946 [java.util.concurrent.ThreadPoolExecutor$Worker@32d2cb0c[State = -1, empty queue]] WARN  server.GrpcLogAppender (GrpcLogAppender.java:timeoutAppendRequest(239)) - b0a9d56e-b544-41cd-b2b1-b34d126127d5@group-114DF2E904AF->543aeec3-c74a-41c2-8a93-8d529b3aabc8-GrpcLogAppender: HEARTBEAT appendEntries Timeout, request=AppendEntriesRequest:cid=1039578,entriesCount=0,lastEntry=null
2022-06-15 07:35:31,004 [EventQueue-PipelineReportForPipelineReportHandler] INFO  pipeline.PipelineReportHandler (PipelineReportHandler.java:processPipelineReport(113)) - Reported pipeline PipelineID=83aa0ae5-c647-4842-ba01-114df2e904af is not found
2022-06-15 07:35:31,080 [FixedThreadPoolWithAffinityExecutor-1-0] WARN  container.ContainerReportHandler (AbstractContainerReportHandler.java:updateContainerState(255)) - Container #4 is in OPEN state, but the datanode 2ba0c2a5-1748-4da9-81e4-5266296b4b8f{ip: 10.1.0.11, host: fv-az121-418.xhy4bhhdincepo0av04agjzkjc.cx.internal.cloudapp.net, ports: [REPLICATION=43041, RATIS=43465, RATIS_ADMIN=43465, RATIS_SERVER=43465, STANDALONE=43919], networkLocation: /default-rack, certSerialId: null, persistedOpState: IN_SERVICE, persistedOpStateExpiryEpochSec: 0} reports an CLOSED replica.
2022-06-15 07:35:31,215 [java.util.concurrent.ThreadPoolExecutor$Worker@32d2cb0c[State = -1, empty queue]] WARN  server.GrpcLogAppender (GrpcLogAppender.java:timeoutAppendRequest(239)) - e547bcb9-eced-475a-8c61-963b1a05d208@group-F5409A33EF3A->7bb1eb80-c113-41fd-8e62-543e67410fa1-GrpcLogAppender: HEARTBEAT appendEntries Timeout, request=AppendEntriesRequest:cid=693913,entriesCount=0,lastEntry=null
2022-06-15 07:35:31,221 [EventQueue-PipelineReportForPipelineReportHandler] INFO  pipeline.PipelineReportHandler (PipelineReportHandler.java:processPipelineReport(113)) - Reported pipeline PipelineID=83aa0ae5-c647-4842-ba01-114df2e904af is not found
2022-06-15 07:35:31,280 [FixedThreadPoolWithAffinityExecutor-1-0] WARN  container.ContainerReportHandler (AbstractContainerReportHandler.java:updateContainerState(255)) - Container #4 is in OPEN state, but the datanode 2ba0c2a5-1748-4da9-81e4-5266296b4b8f{ip: 10.1.0.11, host: fv-az121-418.xhy4bhhdincepo0av04agjzkjc.cx.internal.cloudapp.net, ports: [REPLICATION=43041, RATIS=43465, RATIS_ADMIN=43465, RATIS_SERVER=43465, STANDALONE=43919], networkLocation: /default-rack, certSerialId: null, persistedOpState: IN_SERVICE, persistedOpStateExpiryEpochSec: 0} reports an CLOSED replica.
2022-06-15 07:35:31,404 [EventQueue-PipelineReportForPipelineReportHandler] INFO  pipeline.PipelineReportHandler (PipelineReportHandler.java:processPipelineReport(113)) - Reported pipeline PipelineID=83aa0ae5-c647-4842-ba01-114df2e904af is not found
2022-06-15 07:35:31,421 [EventQueue-PipelineReportForPipelineReportHandler] INFO  pipeline.PipelineReportHandler (PipelineReportHandler.java:processPipelineReport(113)) - Reported pipeline PipelineID=83aa0ae5-c647-4842-ba01-114df2e904af is not found
2022-06-15 07:35:31,481 [FixedThreadPoolWithAffinityExecutor-9-0] WARN  container.ContainerReportHandler (AbstractContainerReportHandler.java:updateContainerState(255)) - Container #4 is in OPEN state, but the datanode 2ba0c2a5-1748-4da9-81e4-5266296b4b8f{ip: 10.1.0.11, host: fv-az121-418.xhy4bhhdincepo0av04agjzkjc.cx.internal.cloudapp.net, ports: [REPLICATION=43041, RATIS=43465, RATIS_ADMIN=43465, RATIS_SERVER=43465, STANDALONE=43919], networkLocation: /default-rack, certSerialId: null, persistedOpState: IN_SERVICE, persistedOpStateExpiryEpochSec: 0} reports an CLOSED replica.
2022-06-15 07:35:31,684 [java.util.concurrent.ThreadPoolExecutor$Worker@32d2cb0c[State = -1, empty queue]] WARN  server.GrpcLogAppender (GrpcLogAppender.java:timeoutAppendRequest(239)) - b0a9d56e-b544-41cd-b2b1-b34d126127d5@group-DEDC8EEB63DA->543aeec3-c74a-41c2-8a93-8d529b3aabc8-GrpcLogAppender: HEARTBEAT appendEntries Timeout, request=AppendEntriesRequest:cid=3170644,entriesCount=0,lastEntry=null
2022-06-15 07:35:31,805 [EventQueue-PipelineReportForPipelineReportHandler] INFO  pipeline.PipelineReportHandler (PipelineReportHandler.java:processPipelineReport(113)) - Reported pipeline PipelineID=83aa0ae5-c647-4842-ba01-114df2e904af is not found
2022-06-15 07:35:31,821 [EventQueue-PipelineReportForPipelineReportHandler] INFO  pipeline.PipelineReportHandler (PipelineReportHandler.java:processPipelineReport(113)) - Reported pipeline PipelineID=83aa0ae5-c647-4842-ba01-114df2e904af is not found
2022-06-15 07:35:31,880 [FixedThreadPoolWithAffinityExecutor-9-0] WARN  container.ContainerReportHandler (AbstractContainerReportHandler.java:updateContainerState(255)) - Container #4 is in OPEN state, but the datanode 2ba0c2a5-1748-4da9-81e4-5266296b4b8f{ip: 10.1.0.11, host: fv-az121-418.xhy4bhhdincepo0av04agjzkjc.cx.internal.cloudapp.net, ports: [REPLICATION=43041, RATIS=43465, RATIS_ADMIN=43465, RATIS_SERVER=43465, STANDALONE=43919], networkLocation: /default-rack, certSerialId: null, persistedOpState: IN_SERVICE, persistedOpStateExpiryEpochSec: 0} reports an CLOSED replica.
2022-06-15 07:35:31,905 [java.util.concurrent.ThreadPoolExecutor$Worker@32d2cb0c[State = -1, empty queue]] WARN  server.GrpcLogAppender (GrpcLogAppender.java:timeoutAppendRequest(239)) - b4f5d82c-04a6-4c81-89bd-99aee48f7148@group-61C79976014F->7bb1eb80-c113-41fd-8e62-543e67410fa1-GrpcLogAppender: HEARTBEAT appendEntries Timeout, request=AppendEntriesRequest:cid=2735535,entriesCount=0,lastEntry=null
2022-06-15 07:35:32,021 [EventQueue-PipelineReportForPipelineReportHandler] INFO  pipeline.PipelineReportHandler (PipelineReportHandler.java:processPipelineReport(113)) - Reported pipeline PipelineID=83aa0ae5-c647-4842-ba01-114df2e904af is not found
2022-06-15 07:35:32,074 [null-request--thread1] INFO  server.GrpcClientProtocolService (GrpcClientProtocolService.java:lambda$processClientRequest$0(284)) - Failed RaftClientRequest:client-1B56226678B6->b4f5d82c-04a6-4c81-89bd-99aee48f7148@group-61C79976014F, cid=167, seq=0, Watch-ALL_COMMITTED(2), Message:<EMPTY>, reply=RaftClientReply:client-1B56226678B6->b4f5d82c-04a6-4c81-89bd-99aee48f7148@group-61C79976014F, cid=167, FAILED org.apache.ratis.protocol.exceptions.NotReplicatedException: Request with call Id 167 and log index 2 is not yet replicated to ALL_COMMITTED, logIndex=2, commits[b4f5d82c-04a6-4c81-89bd-99aee48f7148:c4, e547bcb9-eced-475a-8c61-963b1a05d208:c4, 7bb1eb80-c113-41fd-8e62-543e67410fa1:c0]
2022-06-15 07:35:32,105 [Listener at 127.0.0.1/34461] WARN  scm.XceiverClientRatis (XceiverClientRatis.java:watchForCommit(290)) - 3 way commit failed on pipeline Pipeline[ Id: 4a922a5f-5b4b-4c8b-80dd-61c79976014f, Nodes: b4f5d82c-04a6-4c81-89bd-99aee48f7148{ip: 10.1.0.11, host: fv-az121-418.xhy4bhhdincepo0av04agjzkjc.cx.internal.cloudapp.net, ports: [REPLICATION=36423, RATIS=43229, RATIS_ADMIN=43229, RATIS_SERVER=43229, STANDALONE=35685], networkLocation: /default-rack, certSerialId: null, persistedOpState: IN_SERVICE, persistedOpStateExpiryEpochSec: 0}e547bcb9-eced-475a-8c61-963b1a05d208{ip: 10.1.0.11, host: fv-az121-418.xhy4bhhdincepo0av04agjzkjc.cx.internal.cloudapp.net, ports: [REPLICATION=38917, RATIS=40217, RATIS_ADMIN=40217, RATIS_SERVER=40217, STANDALONE=39049], networkLocation: /default-rack, certSerialId: null, persistedOpState: IN_SERVICE, persistedOpStateExpiryEpochSec: 0}7bb1eb80-c113-41fd-8e62-543e67410fa1{ip: 10.1.0.11, host: fv-az121-418.xhy4bhhdincepo0av04agjzkjc.cx.internal.cloudapp.net, ports: [REPLICATION=40617, RATIS=37245, RATIS_ADMIN=37245, RATIS_SERVER=37245, STANDALONE=41679], networkLocation: /default-rack, certSerialId: null, persistedOpState: IN_SERVICE, persistedOpStateExpiryEpochSec: 0}, ReplicationConfig: RATIS/THREE, State:OPEN, leaderId:b4f5d82c-04a6-4c81-89bd-99aee48f7148, CreationTimestamp2022-06-15T07:33:55.534Z[Etc/UTC]]
java.util.concurrent.ExecutionException: org.apache.ratis.protocol.exceptions.NotReplicatedException: Request with call Id 167 and log index 2 is not yet replicated to ALL_COMMITTED
	at java.util.concurrent.CompletableFuture.reportGet(CompletableFuture.java:357)
	at java.util.concurrent.CompletableFuture.get(CompletableFuture.java:1908)
	at org.apache.hadoop.hdds.scm.XceiverClientRatis.watchForCommit(XceiverClientRatis.java:284)
	at org.apache.hadoop.hdds.scm.storage.CommitWatcher.watchForCommit(CommitWatcher.java:199)
	at org.apache.hadoop.hdds.scm.storage.CommitWatcher.watchOnLastIndex(CommitWatcher.java:166)
	at org.apache.hadoop.hdds.scm.storage.RatisBlockOutputStream.sendWatchForCommit(RatisBlockOutputStream.java:101)
	at org.apache.hadoop.hdds.scm.storage.BlockOutputStream.watchForCommit(BlockOutputStream.java:392)
	at org.apache.hadoop.hdds.scm.storage.BlockOutputStream.handleFlush(BlockOutputStream.java:552)
	at org.apache.hadoop.hdds.scm.storage.BlockOutputStream.flush(BlockOutputStream.java:498)
	at org.apache.hadoop.ozone.client.io.BlockOutputStreamEntry.flush(BlockOutputStreamEntry.java:130)
	at org.apache.hadoop.ozone.client.io.KeyOutputStream.handleStreamAction(KeyOutputStream.java:502)
	at org.apache.hadoop.ozone.client.io.KeyOutputStream.handleFlushOrClose(KeyOutputStream.java:468)
	at org.apache.hadoop.ozone.client.io.KeyOutputStream.flush(KeyOutputStream.java:441)
	at org.apache.hadoop.ozone.client.io.OzoneOutputStream.flush(OzoneOutputStream.java:55)
	at org.apache.hadoop.ozone.client.rpc.TestContainerStateMachineFailures.testContainerStateMachineDualFailureRetry(TestContainerStateMachineFailures.java:734)
	at sun.reflect.NativeMethodAccessorImpl.invoke0(Native Method)
	at sun.reflect.NativeMethodAccessorImpl.invoke(NativeMethodAccessorImpl.java:62)
	at sun.reflect.DelegatingMethodAccessorImpl.invoke(DelegatingMethodAccessorImpl.java:43)
	at java.lang.reflect.Method.invoke(Method.java:498)
	at org.junit.platform.commons.util.ReflectionUtils.invokeMethod(ReflectionUtils.java:725)
	at org.junit.jupiter.engine.execution.MethodInvocation.proceed(MethodInvocation.java:60)
	at org.junit.jupiter.engine.execution.InvocationInterceptorChain$ValidatingInvocation.proceed(InvocationInterceptorChain.java:131)
	at org.junit.jupiter.engine.extension.TimeoutExtension.intercept(TimeoutExtension.java:149)
	at org.junit.jupiter.engine.extension.TimeoutExtension.interceptTestableMethod(TimeoutExtension.java:140)
	at org.junit.jupiter.engine.extension.TimeoutExtension.interceptTestMethod(TimeoutExtension.java:84)
	at org.junit.jupiter.engine.execution.ExecutableInvoker$ReflectiveInterceptorCall.lambda$ofVoidMethod$0(ExecutableInvoker.java:115)
	at org.junit.jupiter.engine.execution.ExecutableInvoker.lambda$invoke$0(ExecutableInvoker.java:105)
	at org.junit.jupiter.engine.execution.InvocationInterceptorChain$InterceptedInvocation.proceed(InvocationInterceptorChain.java:106)
	at org.junit.jupiter.engine.execution.InvocationInterceptorChain.proceed(InvocationInterceptorChain.java:64)
	at org.junit.jupiter.engine.execution.InvocationInterceptorChain.chainAndInvoke(InvocationInterceptorChain.java:45)
	at org.junit.jupiter.engine.execution.InvocationInterceptorChain.invoke(InvocationInterceptorChain.java:37)
	at org.junit.jupiter.engine.execution.ExecutableInvoker.invoke(ExecutableInvoker.java:104)
	at org.junit.jupiter.engine.execution.ExecutableInvoker.invoke(ExecutableInvoker.java:98)
	at org.junit.jupiter.engine.descriptor.TestMethodTestDescriptor.lambda$invokeTestMethod$7(TestMethodTestDescriptor.java:214)
	at org.junit.platform.engine.support.hierarchical.ThrowableCollector.execute(ThrowableCollector.java:73)
	at org.junit.jupiter.engine.descriptor.TestMethodTestDescriptor.invokeTestMethod(TestMethodTestDescriptor.java:210)
	at org.junit.jupiter.engine.descriptor.TestMethodTestDescriptor.execute(TestMethodTestDescriptor.java:135)
	at org.junit.jupiter.engine.descriptor.TestMethodTestDescriptor.execute(TestMethodTestDescriptor.java:66)
	at org.junit.platform.engine.support.hierarchical.NodeTestTask.lambda$executeRecursively$6(NodeTestTask.java:151)
	at org.junit.platform.engine.support.hierarchical.ThrowableCollector.execute(ThrowableCollector.java:73)
	at org.junit.platform.engine.support.hierarchical.NodeTestTask.lambda$executeRecursively$8(NodeTestTask.java:141)
	at org.junit.platform.engine.support.hierarchical.Node.around(Node.java:137)
	at org.junit.platform.engine.support.hierarchical.NodeTestTask.lambda$executeRecursively$9(NodeTestTask.java:139)
	at org.junit.platform.engine.support.hierarchical.ThrowableCollector.execute(ThrowableCollector.java:73)
	at org.junit.platform.engine.support.hierarchical.NodeTestTask.executeRecursively(NodeTestTask.java:138)
	at org.junit.platform.engine.support.hierarchical.NodeTestTask.execute(NodeTestTask.java:95)
	at java.util.ArrayList.forEach(ArrayList.java:1259)
	at org.junit.platform.engine.support.hierarchical.SameThreadHierarchicalTestExecutorService.invokeAll(SameThreadHierarchicalTestExecutorService.java:41)
	at org.junit.platform.engine.support.hierarchical.NodeTestTask.lambda$executeRecursively$6(NodeTestTask.java:155)
	at org.junit.platform.engine.support.hierarchical.ThrowableCollector.execute(ThrowableCollector.java:73)
	at org.junit.platform.engine.support.hierarchical.NodeTestTask.lambda$executeRecursively$8(NodeTestTask.java:141)
	at org.junit.platform.engine.support.hierarchical.Node.around(Node.java:137)
	at org.junit.platform.engine.support.hierarchical.NodeTestTask.lambda$executeRecursively$9(NodeTestTask.java:139)
	at org.junit.platform.engine.support.hierarchical.ThrowableCollector.execute(ThrowableCollector.java:73)
	at org.junit.platform.engine.support.hierarchical.NodeTestTask.executeRecursively(NodeTestTask.java:138)
	at org.junit.platform.engine.support.hierarchical.NodeTestTask.execute(NodeTestTask.java:95)
	at java.util.ArrayList.forEach(ArrayList.java:1259)
	at org.junit.platform.engine.support.hierarchical.SameThreadHierarchicalTestExecutorService.invokeAll(SameThreadHierarchicalTestExecutorService.java:41)
	at org.junit.platform.engine.support.hierarchical.NodeTestTask.lambda$executeRecursively$6(NodeTestTask.java:155)
	at org.junit.platform.engine.support.hierarchical.ThrowableCollector.execute(ThrowableCollector.java:73)
	at org.junit.platform.engine.support.hierarchical.NodeTestTask.lambda$executeRecursively$8(NodeTestTask.java:141)
	at org.junit.platform.engine.support.hierarchical.Node.around(Node.java:137)
	at org.junit.platform.engine.support.hierarchical.NodeTestTask.lambda$executeRecursively$9(NodeTestTask.java:139)
	at org.junit.platform.engine.support.hierarchical.ThrowableCollector.execute(ThrowableCollector.java:73)
	at org.junit.platform.engine.support.hierarchical.NodeTestTask.executeRecursively(NodeTestTask.java:138)
	at org.junit.platform.engine.support.hierarchical.NodeTestTask.execute(NodeTestTask.java:95)
	at org.junit.platform.engine.support.hierarchical.SameThreadHierarchicalTestExecutorService.submit(SameThreadHierarchicalTestExecutorService.java:35)
	at org.junit.platform.engine.support.hierarchical.HierarchicalTestExecutor.execute(HierarchicalTestExecutor.java:57)
	at org.junit.platform.engine.support.hierarchical.HierarchicalTestEngine.execute(HierarchicalTestEngine.java:54)
	at org.junit.platform.launcher.core.EngineExecutionOrchestrator.execute(EngineExecutionOrchestrator.java:107)
	at org.junit.platform.launcher.core.EngineExecutionOrchestrator.execute(EngineExecutionOrchestrator.java:88)
	at org.junit.platform.launcher.core.EngineExecutionOrchestrator.lambda$execute$0(EngineExecutionOrchestrator.java:54)
	at org.junit.platform.launcher.core.EngineExecutionOrchestrator.withInterceptedStreams(EngineExecutionOrchestrator.java:67)
	at org.junit.platform.launcher.core.EngineExecutionOrchestrator.execute(EngineExecutionOrchestrator.java:52)
	at org.junit.platform.launcher.core.DefaultLauncher.execute(DefaultLauncher.java:114)
	at org.junit.platform.launcher.core.DefaultLauncher.execute(DefaultLauncher.java:86)
	at org.junit.platform.launcher.core.DefaultLauncherSession$DelegatingLauncher.execute(DefaultLauncherSession.java:86)
	at org.junit.platform.launcher.core.SessionPerRequestLauncher.execute(SessionPerRequestLauncher.java:53)
	at org.apache.maven.surefire.junitplatform.JUnitPlatformProvider.execute(JUnitPlatformProvider.java:188)
	at org.apache.maven.surefire.junitplatform.JUnitPlatformProvider.invokeAllTests(JUnitPlatformProvider.java:154)
	at org.apache.maven.surefire.junitplatform.JUnitPlatformProvider.invoke(JUnitPlatformProvider.java:124)
	at org.apache.maven.surefire.booter.ForkedBooter.runSuitesInProcess(ForkedBooter.java:428)
	at org.apache.maven.surefire.booter.ForkedBooter.execute(ForkedBooter.java:162)
	at org.apache.maven.surefire.booter.ForkedBooter.run(ForkedBooter.java:562)
	at org.apache.maven.surefire.booter.ForkedBooter.main(ForkedBooter.java:548)
Caused by: org.apache.ratis.protocol.exceptions.NotReplicatedException: Request with call Id 167 and log index 2 is not yet replicated to ALL_COMMITTED
	at org.apache.ratis.client.impl.ClientProtoUtils.toRaftClientReply(ClientProtoUtils.java:381)
	at org.apache.ratis.grpc.client.GrpcClientProtocolClient$AsyncStreamObservers$1.onNext(GrpcClientProtocolClient.java:321)
	at org.apache.ratis.grpc.client.GrpcClientProtocolClient$AsyncStreamObservers$1.onNext(GrpcClientProtocolClient.java:316)
	at org.apache.ratis.thirdparty.io.grpc.stub.ClientCalls$StreamObserverToCallListenerAdapter.onMessage(ClientCalls.java:466)
	at org.apache.ratis.thirdparty.io.grpc.ForwardingClientCallListener.onMessage(ForwardingClientCallListener.java:33)
	at org.apache.ratis.thirdparty.io.grpc.internal.ClientCallImpl$ClientStreamListenerImpl$1MessagesAvailable.runInternal(ClientCallImpl.java:661)
	at org.apache.ratis.thirdparty.io.grpc.internal.ClientCallImpl$ClientStreamListenerImpl$1MessagesAvailable.runInContext(ClientCallImpl.java:646)
	at org.apache.ratis.thirdparty.io.grpc.internal.ContextRunnable.run(ContextRunnable.java:37)
	at org.apache.ratis.thirdparty.io.grpc.internal.SerializingExecutor.run(SerializingExecutor.java:133)
	at java.util.concurrent.ThreadPoolExecutor.runWorker(ThreadPoolExecutor.java:1149)
	at java.util.concurrent.ThreadPoolExecutor$Worker.run(ThreadPoolExecutor.java:624)
	at java.lang.Thread.run(Thread.java:750)
2022-06-15 07:35:32,115 [Listener at 127.0.0.1/34461] INFO  scm.XceiverClientRatis (XceiverClientRatis.java:lambda$watchForCommit$4(308)) - Could not commit index 2 on pipeline Pipeline[ Id: 4a922a5f-5b4b-4c8b-80dd-61c79976014f, Nodes: b4f5d82c-04a6-4c81-89bd-99aee48f7148{ip: 10.1.0.11, host: fv-az121-418.xhy4bhhdincepo0av04agjzkjc.cx.internal.cloudapp.net, ports: [REPLICATION=36423, RATIS=43229, RATIS_ADMIN=43229, RATIS_SERVER=43229, STANDALONE=35685], networkLocation: /default-rack, certSerialId: null, persistedOpState: IN_SERVICE, persistedOpStateExpiryEpochSec: 0}e547bcb9-eced-475a-8c61-963b1a05d208{ip: 10.1.0.11, host: fv-az121-418.xhy4bhhdincepo0av04agjzkjc.cx.internal.cloudapp.net, ports: [REPLICATION=38917, RATIS=40217, RATIS_ADMIN=40217, RATIS_SERVER=40217, STANDALONE=39049], networkLocation: /default-rack, certSerialId: null, persistedOpState: IN_SERVICE, persistedOpStateExpiryEpochSec: 0}7bb1eb80-c113-41fd-8e62-543e67410fa1{ip: 10.1.0.11, host: fv-az121-418.xhy4bhhdincepo0av04agjzkjc.cx.internal.cloudapp.net, ports: [REPLICATION=40617, RATIS=37245, RATIS_ADMIN=37245, RATIS_SERVER=37245, STANDALONE=41679], networkLocation: /default-rack, certSerialId: null, persistedOpState: IN_SERVICE, persistedOpStateExpiryEpochSec: 0}, ReplicationConfig: RATIS/THREE, State:OPEN, leaderId:b4f5d82c-04a6-4c81-89bd-99aee48f7148, CreationTimestamp2022-06-15T07:33:55.534Z[Etc/UTC]] to all the nodes. Server 7bb1eb80-c113-41fd-8e62-543e67410fa1 has failed. Committed by majority.
2022-06-15 07:35:32,116 [Listener at 127.0.0.1/34461] WARN  storage.BlockOutputStream (BlockOutputStream.java:watchForCommit(398)) - Failed to commit BlockId conID: 10 locID: 109611004723200010 bcsId: 2 on Pipeline[ Id: 4a922a5f-5b4b-4c8b-80dd-61c79976014f, Nodes: b4f5d82c-04a6-4c81-89bd-99aee48f7148{ip: 10.1.0.11, host: fv-az121-418.xhy4bhhdincepo0av04agjzkjc.cx.internal.cloudapp.net, ports: [REPLICATION=36423, RATIS=43229, RATIS_ADMIN=43229, RATIS_SERVER=43229, STANDALONE=35685], networkLocation: /default-rack, certSerialId: null, persistedOpState: IN_SERVICE, persistedOpStateExpiryEpochSec: 0}e547bcb9-eced-475a-8c61-963b1a05d208{ip: 10.1.0.11, host: fv-az121-418.xhy4bhhdincepo0av04agjzkjc.cx.internal.cloudapp.net, ports: [REPLICATION=38917, RATIS=40217, RATIS_ADMIN=40217, RATIS_SERVER=40217, STANDALONE=39049], networkLocation: /default-rack, certSerialId: null, persistedOpState: IN_SERVICE, persistedOpStateExpiryEpochSec: 0}7bb1eb80-c113-41fd-8e62-543e67410fa1{ip: 10.1.0.11, host: fv-az121-418.xhy4bhhdincepo0av04agjzkjc.cx.internal.cloudapp.net, ports: [REPLICATION=40617, RATIS=37245, RATIS_ADMIN=37245, RATIS_SERVER=37245, STANDALONE=41679], networkLocation: /default-rack, certSerialId: null, persistedOpState: IN_SERVICE, persistedOpStateExpiryEpochSec: 0}, ReplicationConfig: RATIS/THREE, State:OPEN, leaderId:b4f5d82c-04a6-4c81-89bd-99aee48f7148, CreationTimestamp2022-06-15T07:33:55.534Z[Etc/UTC]]. Failed nodes: [7bb1eb80-c113-41fd-8e62-543e67410fa1{ip: null, host: null, ports: [], networkLocation: /default-rack, certSerialId: null, persistedOpState: null, persistedOpStateExpiryEpochSec: 0}]
2022-06-15 07:35:32,143 [b4f5d82c-04a6-4c81-89bd-99aee48f7148@group-61C79976014F-StateMachineUpdater] INFO  ratis.ContainerStateMachine (ContainerStateMachine.java:takeSnapshot(304)) - group-61C79976014F: Taking a snapshot at:(t:3, i:4) file /home/runner/work/ozone/ozone/hadoop-ozone/integration-test/target/test-dir/MiniOzoneClusterImpl-589494f2-24de-4a8c-8650-9a890bc48d46/datanode-5/data/ratis/4a922a5f-5b4b-4c8b-80dd-61c79976014f/sm/snapshot.3_4
2022-06-15 07:35:32,144 [b4f5d82c-04a6-4c81-89bd-99aee48f7148@group-61C79976014F-StateMachineUpdater] INFO  ratis.ContainerStateMachine (ContainerStateMachine.java:takeSnapshot(315)) - group-61C79976014F: Finished taking a snapshot at:(t:3, i:4) file:/home/runner/work/ozone/ozone/hadoop-ozone/integration-test/target/test-dir/MiniOzoneClusterImpl-589494f2-24de-4a8c-8650-9a890bc48d46/datanode-5/data/ratis/4a922a5f-5b4b-4c8b-80dd-61c79976014f/sm/snapshot.3_4 took: 1 ms
2022-06-15 07:35:32,145 [b4f5d82c-04a6-4c81-89bd-99aee48f7148@group-61C79976014F-StateMachineUpdater] INFO  impl.StateMachineUpdater (StateMachineUpdater.java:takeSnapshot(287)) - b4f5d82c-04a6-4c81-89bd-99aee48f7148@group-61C79976014F-StateMachineUpdater: Took a snapshot at index 4
2022-06-15 07:35:32,145 [b4f5d82c-04a6-4c81-89bd-99aee48f7148@group-61C79976014F-StateMachineUpdater] INFO  impl.StateMachineUpdater (StateMachineUpdater.java:lambda$new$0(92)) - b4f5d82c-04a6-4c81-89bd-99aee48f7148@group-61C79976014F-StateMachineUpdater: snapshotIndex: updateIncreasingly 0 -> 4
2022-06-15 07:35:32,166 [b4f5d82c-04a6-4c81-89bd-99aee48f7148@group-61C79976014F-StateMachineUpdater] INFO  ratis.ContainerStateMachine (ContainerStateMachine.java:takeSnapshot(304)) - group-61C79976014F: Taking a snapshot at:(t:3, i:6) file /home/runner/work/ozone/ozone/hadoop-ozone/integration-test/target/test-dir/MiniOzoneClusterImpl-589494f2-24de-4a8c-8650-9a890bc48d46/datanode-5/data/ratis/4a922a5f-5b4b-4c8b-80dd-61c79976014f/sm/snapshot.3_6
2022-06-15 07:35:32,167 [b4f5d82c-04a6-4c81-89bd-99aee48f7148@group-61C79976014F-StateMachineUpdater] INFO  ratis.ContainerStateMachine (ContainerStateMachine.java:takeSnapshot(315)) - group-61C79976014F: Finished taking a snapshot at:(t:3, i:6) file:/home/runner/work/ozone/ozone/hadoop-ozone/integration-test/target/test-dir/MiniOzoneClusterImpl-589494f2-24de-4a8c-8650-9a890bc48d46/datanode-5/data/ratis/4a922a5f-5b4b-4c8b-80dd-61c79976014f/sm/snapshot.3_6 took: 1 ms
2022-06-15 07:35:32,167 [b4f5d82c-04a6-4c81-89bd-99aee48f7148@group-61C79976014F-StateMachineUpdater] INFO  impl.StateMachineUpdater (StateMachineUpdater.java:takeSnapshot(287)) - b4f5d82c-04a6-4c81-89bd-99aee48f7148@group-61C79976014F-StateMachineUpdater: Took a snapshot at index 6
2022-06-15 07:35:32,168 [b4f5d82c-04a6-4c81-89bd-99aee48f7148@group-61C79976014F-StateMachineUpdater] INFO  impl.StateMachineUpdater (StateMachineUpdater.java:lambda$new$0(92)) - b4f5d82c-04a6-4c81-89bd-99aee48f7148@group-61C79976014F-StateMachineUpdater: snapshotIndex: updateIncreasingly 4 -> 6
2022-06-15 07:35:32,168 [b4f5d82c-04a6-4c81-89bd-99aee48f7148@group-61C79976014F-StateMachineUpdater] INFO  ratis.ContainerStateMachine (ContainerStateMachine.java:takeSnapshot(304)) - group-61C79976014F: Taking a snapshot at:(t:3, i:8) file /home/runner/work/ozone/ozone/hadoop-ozone/integration-test/target/test-dir/MiniOzoneClusterImpl-589494f2-24de-4a8c-8650-9a890bc48d46/datanode-5/data/ratis/4a922a5f-5b4b-4c8b-80dd-61c79976014f/sm/snapshot.3_8
2022-06-15 07:35:32,168 [b4f5d82c-04a6-4c81-89bd-99aee48f7148@group-61C79976014F-StateMachineUpdater] INFO  ratis.ContainerStateMachine (ContainerStateMachine.java:takeSnapshot(315)) - group-61C79976014F: Finished taking a snapshot at:(t:3, i:8) file:/home/runner/work/ozone/ozone/hadoop-ozone/integration-test/target/test-dir/MiniOzoneClusterImpl-589494f2-24de-4a8c-8650-9a890bc48d46/datanode-5/data/ratis/4a922a5f-5b4b-4c8b-80dd-61c79976014f/sm/snapshot.3_8 took: 1 ms
2022-06-15 07:35:32,168 [b4f5d82c-04a6-4c81-89bd-99aee48f7148@group-61C79976014F-StateMachineUpdater] INFO  impl.StateMachineUpdater (StateMachineUpdater.java:takeSnapshot(287)) - b4f5d82c-04a6-4c81-89bd-99aee48f7148@group-61C79976014F-StateMachineUpdater: Took a snapshot at index 8
2022-06-15 07:35:32,168 [b4f5d82c-04a6-4c81-89bd-99aee48f7148@group-61C79976014F-StateMachineUpdater] INFO  impl.StateMachineUpdater (StateMachineUpdater.java:lambda$new$0(92)) - b4f5d82c-04a6-4c81-89bd-99aee48f7148@group-61C79976014F-StateMachineUpdater: snapshotIndex: updateIncreasingly 6 -> 8
2022-06-15 07:35:32,192 [Listener at 127.0.0.1/34461] WARN  io.KeyOutputStream (KeyOutputStream.java:handleException(309)) - Encountered exception java.io.IOException: Unexpected Storage Container Exception: java.util.concurrent.CompletionException: Failed to write chunk 109611004723200010_chunk_2 into block conID: 10 locID: 109611004723200010 bcsId: 2 on the pipeline Pipeline[ Id: 4a922a5f-5b4b-4c8b-80dd-61c79976014f, Nodes: b4f5d82c-04a6-4c81-89bd-99aee48f7148{ip: 10.1.0.11, host: fv-az121-418.xhy4bhhdincepo0av04agjzkjc.cx.internal.cloudapp.net, ports: [REPLICATION=36423, RATIS=43229, RATIS_ADMIN=43229, RATIS_SERVER=43229, STANDALONE=35685], networkLocation: /default-rack, certSerialId: null, persistedOpState: IN_SERVICE, persistedOpStateExpiryEpochSec: 0}e547bcb9-eced-475a-8c61-963b1a05d208{ip: 10.1.0.11, host: fv-az121-418.xhy4bhhdincepo0av04agjzkjc.cx.internal.cloudapp.net, ports: [REPLICATION=38917, RATIS=40217, RATIS_ADMIN=40217, RATIS_SERVER=40217, STANDALONE=39049], networkLocation: /default-rack, certSerialId: null, persistedOpState: IN_SERVICE, persistedOpStateExpiryEpochSec: 0}7bb1eb80-c113-41fd-8e62-543e67410fa1{ip: 10.1.0.11, host: fv-az121-418.xhy4bhhdincepo0av04agjzkjc.cx.internal.cloudapp.net, ports: [REPLICATION=40617, RATIS=37245, RATIS_ADMIN=37245, RATIS_SERVER=37245, STANDALONE=41679], networkLocation: /default-rack, certSerialId: null, persistedOpState: IN_SERVICE, persistedOpStateExpiryEpochSec: 0}, ReplicationConfig: RATIS/THREE, State:OPEN, leaderId:b4f5d82c-04a6-4c81-89bd-99aee48f7148, CreationTimestamp2022-06-15T07:33:55.534Z[Etc/UTC]]. The last committed block length is 10, uncommitted data length is 5 retry count 0
2022-06-15 07:35:32,197 [java.util.concurrent.ThreadPoolExecutor$Worker@32d2cb0c[State = -1, empty queue]] WARN  server.GrpcLogAppender (GrpcLogAppender.java:timeoutAppendRequest(239)) - b0a9d56e-b544-41cd-b2b1-b34d126127d5@group-114DF2E904AF->543aeec3-c74a-41c2-8a93-8d529b3aabc8-GrpcLogAppender: HEARTBEAT appendEntries Timeout, request=AppendEntriesRequest:cid=1039701,entriesCount=0,lastEntry=null
2022-06-15 07:35:32,210 [EventQueue-PipelineReportForPipelineReportHandler] INFO  pipeline.PipelineReportHandler (PipelineReportHandler.java:processPipelineReport(113)) - Reported pipeline PipelineID=83aa0ae5-c647-4842-ba01-114df2e904af is not found
2022-06-15 07:35:32,281 [FixedThreadPoolWithAffinityExecutor-0-0] WARN  container.ContainerReportHandler (AbstractContainerReportHandler.java:updateContainerState(255)) - Container #4 is in OPEN state, but the datanode 2ba0c2a5-1748-4da9-81e4-5266296b4b8f{ip: 10.1.0.11, host: fv-az121-418.xhy4bhhdincepo0av04agjzkjc.cx.internal.cloudapp.net, ports: [REPLICATION=43041, RATIS=43465, RATIS_ADMIN=43465, RATIS_SERVER=43465, STANDALONE=43919], networkLocation: /default-rack, certSerialId: null, persistedOpState: IN_SERVICE, persistedOpStateExpiryEpochSec: 0} reports an CLOSED replica.
2022-06-15 07:35:32,423 [EventQueue-PipelineReportForPipelineReportHandler] INFO  pipeline.PipelineReportHandler (PipelineReportHandler.java:processPipelineReport(113)) - Reported pipeline PipelineID=83aa0ae5-c647-4842-ba01-114df2e904af is not found
2022-06-15 07:35:32,441 [309b0a9a-ca0d-4cb3-b4c4-40bf1bc4f3ac@group-1CD1852B66C7-StateMachineUpdater] INFO  ratis.ContainerStateMachine (ContainerStateMachine.java:takeSnapshot(304)) - group-1CD1852B66C7: Taking a snapshot at:(t:2, i:11) file /home/runner/work/ozone/ozone/hadoop-ozone/integration-test/target/test-dir/MiniOzoneClusterImpl-589494f2-24de-4a8c-8650-9a890bc48d46/datanode-8/data/ratis/b5a8a24c-6c15-456e-926e-1cd1852b66c7/sm/snapshot.2_11
2022-06-15 07:35:32,443 [309b0a9a-ca0d-4cb3-b4c4-40bf1bc4f3ac@group-1CD1852B66C7-StateMachineUpdater] INFO  ratis.ContainerStateMachine (ContainerStateMachine.java:takeSnapshot(315)) - group-1CD1852B66C7: Finished taking a snapshot at:(t:2, i:11) file:/home/runner/work/ozone/ozone/hadoop-ozone/integration-test/target/test-dir/MiniOzoneClusterImpl-589494f2-24de-4a8c-8650-9a890bc48d46/datanode-8/data/ratis/b5a8a24c-6c15-456e-926e-1cd1852b66c7/sm/snapshot.2_11 took: 1 ms
2022-06-15 07:35:32,443 [309b0a9a-ca0d-4cb3-b4c4-40bf1bc4f3ac@group-1CD1852B66C7-StateMachineUpdater] INFO  impl.StateMachineUpdater (StateMachineUpdater.java:takeSnapshot(287)) - 309b0a9a-ca0d-4cb3-b4c4-40bf1bc4f3ac@group-1CD1852B66C7-StateMachineUpdater: Took a snapshot at index 11
2022-06-15 07:35:32,443 [309b0a9a-ca0d-4cb3-b4c4-40bf1bc4f3ac@group-1CD1852B66C7-StateMachineUpdater] INFO  impl.StateMachineUpdater (StateMachineUpdater.java:lambda$new$0(92)) - 309b0a9a-ca0d-4cb3-b4c4-40bf1bc4f3ac@group-1CD1852B66C7-StateMachineUpdater: snapshotIndex: updateIncreasingly 10 -> 11
2022-06-15 07:35:32,466 [java.util.concurrent.ThreadPoolExecutor$Worker@32d2cb0c[State = -1, empty queue]] WARN  server.GrpcLogAppender (GrpcLogAppender.java:timeoutAppendRequest(239)) - e547bcb9-eced-475a-8c61-963b1a05d208@group-F5409A33EF3A->7bb1eb80-c113-41fd-8e62-543e67410fa1-GrpcLogAppender: HEARTBEAT appendEntries Timeout, request=AppendEntriesRequest:cid=694037,entriesCount=0,lastEntry=null
2022-06-15 07:35:32,470 [2ba0c2a5-1748-4da9-81e4-5266296b4b8f@group-1CD1852B66C7-StateMachineUpdater] INFO  ratis.ContainerStateMachine (ContainerStateMachine.java:takeSnapshot(304)) - group-1CD1852B66C7: Taking a snapshot at:(t:2, i:14) file /home/runner/work/ozone/ozone/hadoop-ozone/integration-test/target/test-dir/MiniOzoneClusterImpl-589494f2-24de-4a8c-8650-9a890bc48d46/datanode-7/data/ratis/b5a8a24c-6c15-456e-926e-1cd1852b66c7/sm/snapshot.2_14
2022-06-15 07:35:32,473 [2ba0c2a5-1748-4da9-81e4-5266296b4b8f@group-1CD1852B66C7-StateMachineUpdater] INFO  ratis.ContainerStateMachine (ContainerStateMachine.java:takeSnapshot(315)) - group-1CD1852B66C7: Finished taking a snapshot at:(t:2, i:14) file:/home/runner/work/ozone/ozone/hadoop-ozone/integration-test/target/test-dir/MiniOzoneClusterImpl-589494f2-24de-4a8c-8650-9a890bc48d46/datanode-7/data/ratis/b5a8a24c-6c15-456e-926e-1cd1852b66c7/sm/snapshot.2_14 took: 2 ms
2022-06-15 07:35:32,473 [2ba0c2a5-1748-4da9-81e4-5266296b4b8f@group-1CD1852B66C7-StateMachineUpdater] INFO  impl.SimpleStateMachineStorage (SimpleStateMachineStorage.java:cleanupOldSnapshots(102)) - Deleting old snapshot at /home/runner/work/ozone/ozone/hadoop-ozone/integration-test/target/test-dir/MiniOzoneClusterImpl-589494f2-24de-4a8c-8650-9a890bc48d46/datanode-7/data/ratis/b5a8a24c-6c15-456e-926e-1cd1852b66c7/sm/snapshot.2_0
2022-06-15 07:35:32,495 [2ba0c2a5-1748-4da9-81e4-5266296b4b8f@group-1CD1852B66C7-StateMachineUpdater] INFO  impl.StateMachineUpdater (StateMachineUpdater.java:takeSnapshot(287)) - 2ba0c2a5-1748-4da9-81e4-5266296b4b8f@group-1CD1852B66C7-StateMachineUpdater: Took a snapshot at index 14
2022-06-15 07:35:32,495 [2ba0c2a5-1748-4da9-81e4-5266296b4b8f@group-1CD1852B66C7-StateMachineUpdater] INFO  impl.StateMachineUpdater (StateMachineUpdater.java:lambda$new$0(92)) - 2ba0c2a5-1748-4da9-81e4-5266296b4b8f@group-1CD1852B66C7-StateMachineUpdater: snapshotIndex: updateIncreasingly 10 -> 14
2022-06-15 07:35:32,506 [309b0a9a-ca0d-4cb3-b4c4-40bf1bc4f3ac@group-1CD1852B66C7-StateMachineUpdater] INFO  ratis.ContainerStateMachine (ContainerStateMachine.java:takeSnapshot(304)) - group-1CD1852B66C7: Taking a snapshot at:(t:2, i:14) file /home/runner/work/ozone/ozone/hadoop-ozone/integration-test/target/test-dir/MiniOzoneClusterImpl-589494f2-24de-4a8c-8650-9a890bc48d46/datanode-8/data/ratis/b5a8a24c-6c15-456e-926e-1cd1852b66c7/sm/snapshot.2_14
2022-06-15 07:35:32,508 [309b0a9a-ca0d-4cb3-b4c4-40bf1bc4f3ac@group-1CD1852B66C7-StateMachineUpdater] INFO  ratis.ContainerStateMachine (ContainerStateMachine.java:takeSnapshot(315)) - group-1CD1852B66C7: Finished taking a snapshot at:(t:2, i:14) file:/home/runner/work/ozone/ozone/hadoop-ozone/integration-test/target/test-dir/MiniOzoneClusterImpl-589494f2-24de-4a8c-8650-9a890bc48d46/datanode-8/data/ratis/b5a8a24c-6c15-456e-926e-1cd1852b66c7/sm/snapshot.2_14 took: 2 ms
2022-06-15 07:35:32,519 [a73ef743-905e-425d-956f-6fe1cf0283a9@group-1CD1852B66C7-StateMachineUpdater] INFO  ratis.ContainerStateMachine (ContainerStateMachine.java:takeSnapshot(304)) - group-1CD1852B66C7: Taking a snapshot at:(t:2, i:15) file /home/runner/work/ozone/ozone/hadoop-ozone/integration-test/target/test-dir/MiniOzoneClusterImpl-589494f2-24de-4a8c-8650-9a890bc48d46/datanode-6/data/ratis/b5a8a24c-6c15-456e-926e-1cd1852b66c7/sm/snapshot.2_15
2022-06-15 07:35:32,527 [309b0a9a-ca0d-4cb3-b4c4-40bf1bc4f3ac@group-1CD1852B66C7-StateMachineUpdater] INFO  impl.SimpleStateMachineStorage (SimpleStateMachineStorage.java:cleanupOldSnapshots(102)) - Deleting old snapshot at /home/runner/work/ozone/ozone/hadoop-ozone/integration-test/target/test-dir/MiniOzoneClusterImpl-589494f2-24de-4a8c-8650-9a890bc48d46/datanode-8/data/ratis/b5a8a24c-6c15-456e-926e-1cd1852b66c7/sm/snapshot.2_0
2022-06-15 07:35:32,527 [309b0a9a-ca0d-4cb3-b4c4-40bf1bc4f3ac@group-1CD1852B66C7-StateMachineUpdater] INFO  impl.StateMachineUpdater (StateMachineUpdater.java:takeSnapshot(287)) - 309b0a9a-ca0d-4cb3-b4c4-40bf1bc4f3ac@group-1CD1852B66C7-StateMachineUpdater: Took a snapshot at index 14
2022-06-15 07:35:32,527 [309b0a9a-ca0d-4cb3-b4c4-40bf1bc4f3ac@group-1CD1852B66C7-StateMachineUpdater] INFO  impl.StateMachineUpdater (StateMachineUpdater.java:lambda$new$0(92)) - 309b0a9a-ca0d-4cb3-b4c4-40bf1bc4f3ac@group-1CD1852B66C7-StateMachineUpdater: snapshotIndex: updateIncreasingly 11 -> 14
2022-06-15 07:35:32,532 [a73ef743-905e-425d-956f-6fe1cf0283a9@group-1CD1852B66C7-StateMachineUpdater] INFO  ratis.ContainerStateMachine (ContainerStateMachine.java:takeSnapshot(315)) - group-1CD1852B66C7: Finished taking a snapshot at:(t:2, i:15) file:/home/runner/work/ozone/ozone/hadoop-ozone/integration-test/target/test-dir/MiniOzoneClusterImpl-589494f2-24de-4a8c-8650-9a890bc48d46/datanode-6/data/ratis/b5a8a24c-6c15-456e-926e-1cd1852b66c7/sm/snapshot.2_15 took: 13 ms
2022-06-15 07:35:32,532 [a73ef743-905e-425d-956f-6fe1cf0283a9@group-1CD1852B66C7-StateMachineUpdater] INFO  impl.SimpleStateMachineStorage (SimpleStateMachineStorage.java:cleanupOldSnapshots(102)) - Deleting old snapshot at /home/runner/work/ozone/ozone/hadoop-ozone/integration-test/target/test-dir/MiniOzoneClusterImpl-589494f2-24de-4a8c-8650-9a890bc48d46/datanode-6/data/ratis/b5a8a24c-6c15-456e-926e-1cd1852b66c7/sm/snapshot.2_0
2022-06-15 07:35:32,532 [a73ef743-905e-425d-956f-6fe1cf0283a9@group-1CD1852B66C7-StateMachineUpdater] INFO  impl.StateMachineUpdater (StateMachineUpdater.java:takeSnapshot(287)) - a73ef743-905e-425d-956f-6fe1cf0283a9@group-1CD1852B66C7-StateMachineUpdater: Took a snapshot at index 15
2022-06-15 07:35:32,533 [a73ef743-905e-425d-956f-6fe1cf0283a9@group-1CD1852B66C7-StateMachineUpdater] INFO  impl.StateMachineUpdater (StateMachineUpdater.java:lambda$new$0(92)) - a73ef743-905e-425d-956f-6fe1cf0283a9@group-1CD1852B66C7-StateMachineUpdater: snapshotIndex: updateIncreasingly 10 -> 15
2022-06-15 07:35:32,533 [a73ef743-905e-425d-956f-6fe1cf0283a9@group-1CD1852B66C7-StateMachineUpdater] INFO  ratis.ContainerStateMachine (ContainerStateMachine.java:takeSnapshot(304)) - group-1CD1852B66C7: Taking a snapshot at:(t:2, i:16) file /home/runner/work/ozone/ozone/hadoop-ozone/integration-test/target/test-dir/MiniOzoneClusterImpl-589494f2-24de-4a8c-8650-9a890bc48d46/datanode-6/data/ratis/b5a8a24c-6c15-456e-926e-1cd1852b66c7/sm/snapshot.2_16
2022-06-15 07:35:32,535 [a73ef743-905e-425d-956f-6fe1cf0283a9@group-1CD1852B66C7-StateMachineUpdater] INFO  ratis.ContainerStateMachine (ContainerStateMachine.java:takeSnapshot(315)) - group-1CD1852B66C7: Finished taking a snapshot at:(t:2, i:16) file:/home/runner/work/ozone/ozone/hadoop-ozone/integration-test/target/test-dir/MiniOzoneClusterImpl-589494f2-24de-4a8c-8650-9a890bc48d46/datanode-6/data/ratis/b5a8a24c-6c15-456e-926e-1cd1852b66c7/sm/snapshot.2_16 took: 3 ms
2022-06-15 07:35:32,536 [a73ef743-905e-425d-956f-6fe1cf0283a9@group-1CD1852B66C7-StateMachineUpdater] INFO  impl.SimpleStateMachineStorage (SimpleStateMachineStorage.java:cleanupOldSnapshots(102)) - Deleting old snapshot at /home/runner/work/ozone/ozone/hadoop-ozone/integration-test/target/test-dir/MiniOzoneClusterImpl-589494f2-24de-4a8c-8650-9a890bc48d46/datanode-6/data/ratis/b5a8a24c-6c15-456e-926e-1cd1852b66c7/sm/snapshot.2_4
2022-06-15 07:35:32,536 [a73ef743-905e-425d-956f-6fe1cf0283a9@group-1CD1852B66C7-StateMachineUpdater] INFO  impl.StateMachineUpdater (StateMachineUpdater.java:takeSnapshot(287)) - a73ef743-905e-425d-956f-6fe1cf0283a9@group-1CD1852B66C7-StateMachineUpdater: Took a snapshot at index 16
2022-06-15 07:35:32,536 [a73ef743-905e-425d-956f-6fe1cf0283a9@group-1CD1852B66C7-StateMachineUpdater] INFO  impl.StateMachineUpdater (StateMachineUpdater.java:lambda$new$0(92)) - a73ef743-905e-425d-956f-6fe1cf0283a9@group-1CD1852B66C7-StateMachineUpdater: snapshotIndex: updateIncreasingly 15 -> 16
2022-06-15 07:35:32,569 [FixedThreadPoolWithAffinityExecutor-9-0] WARN  container.ContainerReportHandler (AbstractContainerReportHandler.java:updateContainerState(255)) - Container #4 is in OPEN state, but the datanode 2ba0c2a5-1748-4da9-81e4-5266296b4b8f{ip: 10.1.0.11, host: fv-az121-418.xhy4bhhdincepo0av04agjzkjc.cx.internal.cloudapp.net, ports: [REPLICATION=43041, RATIS=43465, RATIS_ADMIN=43465, RATIS_SERVER=43465, STANDALONE=43919], networkLocation: /default-rack, certSerialId: null, persistedOpState: IN_SERVICE, persistedOpStateExpiryEpochSec: 0} reports an CLOSED replica.
2022-06-15 07:35:32,606 [EventQueue-PipelineReportForPipelineReportHandler] INFO  pipeline.PipelineReportHandler (PipelineReportHandler.java:processPipelineReport(113)) - Reported pipeline PipelineID=83aa0ae5-c647-4842-ba01-114df2e904af is not found
2022-06-15 07:35:32,633 [ChunkReader-1] WARN  keyvalue.KeyValueHandler (KeyValueHandler.java:checkContainerIsHealthy(681)) - GetBlock request conID: 2 locID: 109611004723200002 bcsId: 6 for UNHEALTHY container 2 replica
2022-06-15 07:35:32,693 [ChunkReader-2] WARN  keyvalue.KeyValueHandler (KeyValueHandler.java:checkContainerIsHealthy(681)) - ReadChunk request conID: 2 locID: 109611004723200002 bcsId: 6 for UNHEALTHY container 2 replica
2022-06-15 07:35:32,693 [ChunkReader-2] ERROR impl.ContainerLayoutVersion (ContainerLayoutVersion.java:getChunkDir(148)) - Chunks dir /home/runner/work/ozone/ozone/hadoop-ozone/integration-test/target/test-dir/MiniOzoneClusterImpl-589494f2-24de-4a8c-8650-9a890bc48d46/datanode-1/data-0/containers/hdds/589494f2-24de-4a8c-8650-9a890bc48d46/current/containerDir0/2/chunks does not exist
2022-06-15 07:35:32,693 [ChunkReader-2] INFO  keyvalue.KeyValueHandler (ContainerUtils.java:logAndReturnError(88)) - Operation: ReadChunk , Trace ID:  , Message: Chunks directory /home/runner/work/ozone/ozone/hadoop-ozone/integration-test/target/test-dir/MiniOzoneClusterImpl-589494f2-24de-4a8c-8650-9a890bc48d46/datanode-1/data-0/containers/hdds/589494f2-24de-4a8c-8650-9a890bc48d46/current/containerDir0/2/chunks does not exist. , Result: UNABLE_TO_FIND_DATA_DIR , StorageContainerException Occurred.
org.apache.hadoop.hdds.scm.container.common.helpers.StorageContainerException: Chunks directory /home/runner/work/ozone/ozone/hadoop-ozone/integration-test/target/test-dir/MiniOzoneClusterImpl-589494f2-24de-4a8c-8650-9a890bc48d46/datanode-1/data-0/containers/hdds/589494f2-24de-4a8c-8650-9a890bc48d46/current/containerDir0/2/chunks does not exist.
	at org.apache.hadoop.ozone.container.common.impl.ContainerLayoutVersion.getChunkDir(ContainerLayoutVersion.java:150)
	at org.apache.hadoop.ozone.container.common.impl.ContainerLayoutVersion.getChunkFile(ContainerLayoutVersion.java:126)
	at org.apache.hadoop.ozone.container.keyvalue.impl.FilePerBlockStrategy.getChunkFile(FilePerBlockStrategy.java:237)
	at org.apache.hadoop.ozone.container.keyvalue.impl.FilePerBlockStrategy.readChunk(FilePerBlockStrategy.java:168)
	at org.apache.hadoop.ozone.container.keyvalue.impl.ChunkManagerDispatcher.readChunk(ChunkManagerDispatcher.java:90)
	at org.apache.hadoop.ozone.container.keyvalue.KeyValueHandler.handleReadChunk(KeyValueHandler.java:648)
	at org.apache.hadoop.ozone.container.keyvalue.KeyValueHandler.dispatchRequest(KeyValueHandler.java:225)
	at org.apache.hadoop.ozone.container.keyvalue.KeyValueHandler.handle(KeyValueHandler.java:193)
	at org.apache.hadoop.ozone.container.common.impl.HddsDispatcher.dispatchRequest(HddsDispatcher.java:307)
	at org.apache.hadoop.ozone.container.common.impl.HddsDispatcher.lambda$dispatch$0(HddsDispatcher.java:169)
	at org.apache.hadoop.hdds.server.OzoneProtocolMessageDispatcher.processRequest(OzoneProtocolMessageDispatcher.java:87)
	at org.apache.hadoop.ozone.container.common.impl.HddsDispatcher.dispatch(HddsDispatcher.java:168)
	at org.apache.hadoop.ozone.container.common.transport.server.GrpcXceiverService$1.onNext(GrpcXceiverService.java:57)
	at org.apache.hadoop.ozone.container.common.transport.server.GrpcXceiverService$1.onNext(GrpcXceiverService.java:50)
	at org.apache.ratis.thirdparty.io.grpc.stub.ServerCalls$StreamingServerCallHandler$StreamingServerCallListener.onMessage(ServerCalls.java:262)
	at org.apache.ratis.thirdparty.io.grpc.ForwardingServerCallListener.onMessage(ForwardingServerCallListener.java:33)
	at org.apache.hadoop.hdds.tracing.GrpcServerInterceptor$1.onMessage(GrpcServerInterceptor.java:49)
	at org.apache.ratis.thirdparty.io.grpc.internal.ServerCallImpl$ServerStreamListenerImpl.messagesAvailableInternal(ServerCallImpl.java:318)
	at org.apache.ratis.thirdparty.io.grpc.internal.ServerCallImpl$ServerStreamListenerImpl.messagesAvailable(ServerCallImpl.java:301)
	at org.apache.ratis.thirdparty.io.grpc.internal.ServerImpl$JumpToApplicationThreadServerStreamListener$1MessagesAvailable.runInContext(ServerImpl.java:834)
	at org.apache.ratis.thirdparty.io.grpc.internal.ContextRunnable.run(ContextRunnable.java:37)
	at org.apache.ratis.thirdparty.io.grpc.internal.SerializingExecutor.run(SerializingExecutor.java:133)
	at java.util.concurrent.ThreadPoolExecutor.runWorker(ThreadPoolExecutor.java:1149)
	at java.util.concurrent.ThreadPoolExecutor$Worker.run(ThreadPoolExecutor.java:624)
	at java.lang.Thread.run(Thread.java:750)
07:35:32.694 [ChunkReader-2] ERROR DNAudit - user=null | ip=null | op=READ_CHUNK {blockData=conID: 2 locID: 109611004723200002 bcsId: 6} | ret=FAILURE
java.lang.Exception: Chunks directory /home/runner/work/ozone/ozone/hadoop-ozone/integration-test/target/test-dir/MiniOzoneClusterImpl-589494f2-24de-4a8c-8650-9a890bc48d46/datanode-1/data-0/containers/hdds/589494f2-24de-4a8c-8650-9a890bc48d46/current/containerDir0/2/chunks does not exist.
	at org.apache.hadoop.ozone.container.common.impl.HddsDispatcher.dispatchRequest(HddsDispatcher.java:371) ~[hdds-container-service-1.3.0-SNAPSHOT.jar:?]
	at org.apache.hadoop.ozone.container.common.impl.HddsDispatcher.lambda$dispatch$0(HddsDispatcher.java:169) ~[hdds-container-service-1.3.0-SNAPSHOT.jar:?]
	at org.apache.hadoop.hdds.server.OzoneProtocolMessageDispatcher.processRequest(OzoneProtocolMessageDispatcher.java:87) [hdds-server-framework-1.3.0-SNAPSHOT.jar:?]
	at org.apache.hadoop.ozone.container.common.impl.HddsDispatcher.dispatch(HddsDispatcher.java:168) [hdds-container-service-1.3.0-SNAPSHOT.jar:?]
	at org.apache.hadoop.ozone.container.common.transport.server.GrpcXceiverService$1.onNext(GrpcXceiverService.java:57) [hdds-container-service-1.3.0-SNAPSHOT.jar:?]
	at org.apache.hadoop.ozone.container.common.transport.server.GrpcXceiverService$1.onNext(GrpcXceiverService.java:50) [hdds-container-service-1.3.0-SNAPSHOT.jar:?]
	at org.apache.ratis.thirdparty.io.grpc.stub.ServerCalls$StreamingServerCallHandler$StreamingServerCallListener.onMessage(ServerCalls.java:262) [ratis-thirdparty-misc-1.0.0.jar:1.0.0]
	at org.apache.ratis.thirdparty.io.grpc.ForwardingServerCallListener.onMessage(ForwardingServerCallListener.java:33) [ratis-thirdparty-misc-1.0.0.jar:1.0.0]
	at org.apache.hadoop.hdds.tracing.GrpcServerInterceptor$1.onMessage(GrpcServerInterceptor.java:49) [hdds-common-1.3.0-SNAPSHOT.jar:?]
	at org.apache.ratis.thirdparty.io.grpc.internal.ServerCallImpl$ServerStreamListenerImpl.messagesAvailableInternal(ServerCallImpl.java:318) [ratis-thirdparty-misc-1.0.0.jar:1.0.0]
	at org.apache.ratis.thirdparty.io.grpc.internal.ServerCallImpl$ServerStreamListenerImpl.messagesAvailable(ServerCallImpl.java:301) [ratis-thirdparty-misc-1.0.0.jar:1.0.0]
	at org.apache.ratis.thirdparty.io.grpc.internal.ServerImpl$JumpToApplicationThreadServerStreamListener$1MessagesAvailable.runInContext(ServerImpl.java:834) [ratis-thirdparty-misc-1.0.0.jar:1.0.0]
	at org.apache.ratis.thirdparty.io.grpc.internal.ContextRunnable.run(ContextRunnable.java:37) [ratis-thirdparty-misc-1.0.0.jar:1.0.0]
	at org.apache.ratis.thirdparty.io.grpc.internal.SerializingExecutor.run(SerializingExecutor.java:133) [ratis-thirdparty-misc-1.0.0.jar:1.0.0]
	at java.util.concurrent.ThreadPoolExecutor.runWorker(ThreadPoolExecutor.java:1149) [?:1.8.0_332]
	at java.util.concurrent.ThreadPoolExecutor$Worker.run(ThreadPoolExecutor.java:624) [?:1.8.0_332]
	at java.lang.Thread.run(Thread.java:750) [?:1.8.0_332]
2022-06-15 07:35:32,720 [ChunkReader-0] WARN  keyvalue.KeyValueHandler (KeyValueHandler.java:checkContainerIsHealthy(681)) - ReadChunk request conID: 2 locID: 109611004723200002 bcsId: 6 for UNHEALTHY container 2 replica
2022-06-15 07:35:32,720 [ChunkReader-0] ERROR impl.ContainerLayoutVersion (ContainerLayoutVersion.java:getChunkDir(148)) - Chunks dir /home/runner/work/ozone/ozone/hadoop-ozone/integration-test/target/test-dir/MiniOzoneClusterImpl-589494f2-24de-4a8c-8650-9a890bc48d46/datanode-2/data-0/containers/hdds/589494f2-24de-4a8c-8650-9a890bc48d46/current/containerDir0/2/chunks does not exist
2022-06-15 07:35:32,720 [ChunkReader-0] INFO  keyvalue.KeyValueHandler (ContainerUtils.java:logAndReturnError(88)) - Operation: ReadChunk , Trace ID:  , Message: Chunks directory /home/runner/work/ozone/ozone/hadoop-ozone/integration-test/target/test-dir/MiniOzoneClusterImpl-589494f2-24de-4a8c-8650-9a890bc48d46/datanode-2/data-0/containers/hdds/589494f2-24de-4a8c-8650-9a890bc48d46/current/containerDir0/2/chunks does not exist. , Result: UNABLE_TO_FIND_DATA_DIR , StorageContainerException Occurred.
org.apache.hadoop.hdds.scm.container.common.helpers.StorageContainerException: Chunks directory /home/runner/work/ozone/ozone/hadoop-ozone/integration-test/target/test-dir/MiniOzoneClusterImpl-589494f2-24de-4a8c-8650-9a890bc48d46/datanode-2/data-0/containers/hdds/589494f2-24de-4a8c-8650-9a890bc48d46/current/containerDir0/2/chunks does not exist.
	at org.apache.hadoop.ozone.container.common.impl.ContainerLayoutVersion.getChunkDir(ContainerLayoutVersion.java:150)
	at org.apache.hadoop.ozone.container.common.impl.ContainerLayoutVersion.getChunkFile(ContainerLayoutVersion.java:126)
	at org.apache.hadoop.ozone.container.keyvalue.impl.FilePerBlockStrategy.getChunkFile(FilePerBlockStrategy.java:237)
	at org.apache.hadoop.ozone.container.keyvalue.impl.FilePerBlockStrategy.readChunk(FilePerBlockStrategy.java:168)
	at org.apache.hadoop.ozone.container.keyvalue.impl.ChunkManagerDispatcher.readChunk(ChunkManagerDispatcher.java:90)
	at org.apache.hadoop.ozone.container.keyvalue.KeyValueHandler.handleReadChunk(KeyValueHandler.java:648)
	at org.apache.hadoop.ozone.container.keyvalue.KeyValueHandler.dispatchRequest(KeyValueHandler.java:225)
	at org.apache.hadoop.ozone.container.keyvalue.KeyValueHandler.handle(KeyValueHandler.java:193)
	at org.apache.hadoop.ozone.container.common.impl.HddsDispatcher.dispatchRequest(HddsDispatcher.java:307)
	at org.apache.hadoop.ozone.container.common.impl.HddsDispatcher.lambda$dispatch$0(HddsDispatcher.java:169)
	at org.apache.hadoop.hdds.server.OzoneProtocolMessageDispatcher.processRequest(OzoneProtocolMessageDispatcher.java:87)
	at org.apache.hadoop.ozone.container.common.impl.HddsDispatcher.dispatch(HddsDispatcher.java:168)
	at org.apache.hadoop.ozone.container.common.transport.server.GrpcXceiverService$1.onNext(GrpcXceiverService.java:57)
	at org.apache.hadoop.ozone.container.common.transport.server.GrpcXceiverService$1.onNext(GrpcXceiverService.java:50)
	at org.apache.ratis.thirdparty.io.grpc.stub.ServerCalls$StreamingServerCallHandler$StreamingServerCallListener.onMessage(ServerCalls.java:262)
	at org.apache.ratis.thirdparty.io.grpc.ForwardingServerCallListener.onMessage(ForwardingServerCallListener.java:33)
	at org.apache.hadoop.hdds.tracing.GrpcServerInterceptor$1.onMessage(GrpcServerInterceptor.java:49)
	at org.apache.ratis.thirdparty.io.grpc.internal.ServerCallImpl$ServerStreamListenerImpl.messagesAvailableInternal(ServerCallImpl.java:318)
	at org.apache.ratis.thirdparty.io.grpc.internal.ServerCallImpl$ServerStreamListenerImpl.messagesAvailable(ServerCallImpl.java:301)
	at org.apache.ratis.thirdparty.io.grpc.internal.ServerImpl$JumpToApplicationThreadServerStreamListener$1MessagesAvailable.runInContext(ServerImpl.java:834)
	at org.apache.ratis.thirdparty.io.grpc.internal.ContextRunnable.run(ContextRunnable.java:37)
	at org.apache.ratis.thirdparty.io.grpc.internal.SerializingExecutor.run(SerializingExecutor.java:133)
	at java.util.concurrent.ThreadPoolExecutor.runWorker(ThreadPoolExecutor.java:1149)
	at java.util.concurrent.ThreadPoolExecutor$Worker.run(ThreadPoolExecutor.java:624)
	at java.lang.Thread.run(Thread.java:750)
07:35:32.721 [ChunkReader-0] ERROR DNAudit - user=null | ip=null | op=READ_CHUNK {blockData=conID: 2 locID: 109611004723200002 bcsId: 6} | ret=FAILURE
java.lang.Exception: Chunks directory /home/runner/work/ozone/ozone/hadoop-ozone/integration-test/target/test-dir/MiniOzoneClusterImpl-589494f2-24de-4a8c-8650-9a890bc48d46/datanode-2/data-0/containers/hdds/589494f2-24de-4a8c-8650-9a890bc48d46/current/containerDir0/2/chunks does not exist.
	at org.apache.hadoop.ozone.container.common.impl.HddsDispatcher.dispatchRequest(HddsDispatcher.java:371) ~[hdds-container-service-1.3.0-SNAPSHOT.jar:?]
	at org.apache.hadoop.ozone.container.common.impl.HddsDispatcher.lambda$dispatch$0(HddsDispatcher.java:169) ~[hdds-container-service-1.3.0-SNAPSHOT.jar:?]
	at org.apache.hadoop.hdds.server.OzoneProtocolMessageDispatcher.processRequest(OzoneProtocolMessageDispatcher.java:87) [hdds-server-framework-1.3.0-SNAPSHOT.jar:?]
	at org.apache.hadoop.ozone.container.common.impl.HddsDispatcher.dispatch(HddsDispatcher.java:168) [hdds-container-service-1.3.0-SNAPSHOT.jar:?]
	at org.apache.hadoop.ozone.container.common.transport.server.GrpcXceiverService$1.onNext(GrpcXceiverService.java:57) [hdds-container-service-1.3.0-SNAPSHOT.jar:?]
	at org.apache.hadoop.ozone.container.common.transport.server.GrpcXceiverService$1.onNext(GrpcXceiverService.java:50) [hdds-container-service-1.3.0-SNAPSHOT.jar:?]
	at org.apache.ratis.thirdparty.io.grpc.stub.ServerCalls$StreamingServerCallHandler$StreamingServerCallListener.onMessage(ServerCalls.java:262) [ratis-thirdparty-misc-1.0.0.jar:1.0.0]
	at org.apache.ratis.thirdparty.io.grpc.ForwardingServerCallListener.onMessage(ForwardingServerCallListener.java:33) [ratis-thirdparty-misc-1.0.0.jar:1.0.0]
	at org.apache.hadoop.hdds.tracing.GrpcServerInterceptor$1.onMessage(GrpcServerInterceptor.java:49) [hdds-common-1.3.0-SNAPSHOT.jar:?]
	at org.apache.ratis.thirdparty.io.grpc.internal.ServerCallImpl$ServerStreamListenerImpl.messagesAvailableInternal(ServerCallImpl.java:318) [ratis-thirdparty-misc-1.0.0.jar:1.0.0]
	at org.apache.ratis.thirdparty.io.grpc.internal.ServerCallImpl$ServerStreamListenerImpl.messagesAvailable(ServerCallImpl.java:301) [ratis-thirdparty-misc-1.0.0.jar:1.0.0]
	at org.apache.ratis.thirdparty.io.grpc.internal.ServerImpl$JumpToApplicationThreadServerStreamListener$1MessagesAvailable.runInContext(ServerImpl.java:834) [ratis-thirdparty-misc-1.0.0.jar:1.0.0]
	at org.apache.ratis.thirdparty.io.grpc.internal.ContextRunnable.run(ContextRunnable.java:37) [ratis-thirdparty-misc-1.0.0.jar:1.0.0]
	at org.apache.ratis.thirdparty.io.grpc.internal.SerializingExecutor.run(SerializingExecutor.java:133) [ratis-thirdparty-misc-1.0.0.jar:1.0.0]
	at java.util.concurrent.ThreadPoolExecutor.runWorker(ThreadPoolExecutor.java:1149) [?:1.8.0_332]
	at java.util.concurrent.ThreadPoolExecutor$Worker.run(ThreadPoolExecutor.java:624) [?:1.8.0_332]
	at java.lang.Thread.run(Thread.java:750) [?:1.8.0_332]
2022-06-15 07:35:32,751 [FixedThreadPoolWithAffinityExecutor-0-0] WARN  container.ContainerReportHandler (AbstractContainerReportHandler.java:updateContainerState(255)) - Container #4 is in OPEN state, but the datanode 2ba0c2a5-1748-4da9-81e4-5266296b4b8f{ip: 10.1.0.11, host: fv-az121-418.xhy4bhhdincepo0av04agjzkjc.cx.internal.cloudapp.net, ports: [REPLICATION=43041, RATIS=43465, RATIS_ADMIN=43465, RATIS_SERVER=43465, STANDALONE=43919], networkLocation: /default-rack, certSerialId: null, persistedOpState: IN_SERVICE, persistedOpStateExpiryEpochSec: 0} reports an CLOSED replica.
2022-06-15 07:35:32,806 [EventQueue-PipelineReportForPipelineReportHandler] INFO  pipeline.PipelineReportHandler (PipelineReportHandler.java:processPipelineReport(113)) - Reported pipeline PipelineID=83aa0ae5-c647-4842-ba01-114df2e904af is not found
2022-06-15 07:35:32,823 [EventQueue-PipelineReportForPipelineReportHandler] INFO  pipeline.PipelineReportHandler (PipelineReportHandler.java:processPipelineReport(113)) - Reported pipeline PipelineID=83aa0ae5-c647-4842-ba01-114df2e904af is not found
]]></system-out>
  </testcase>
  <testcase name="testApplyTransactionFailure" classname="org.apache.hadoop.ozone.client.rpc.TestContainerStateMachineFailures" time="0.273">
    <failure type="java.lang.AssertionError"><![CDATA[java.lang.AssertionError
	at org.junit.Assert.fail(Assert.java:87)
	at org.junit.Assert.assertTrue(Assert.java:42)
	at org.junit.Assert.assertFalse(Assert.java:65)
	at org.junit.Assert.assertFalse(Assert.java:75)
	at org.apache.hadoop.ozone.client.rpc.TestContainerStateMachineFailures.testApplyTransactionFailure(TestContainerStateMachineFailures.java:468)
	at sun.reflect.NativeMethodAccessorImpl.invoke0(Native Method)
	at sun.reflect.NativeMethodAccessorImpl.invoke(NativeMethodAccessorImpl.java:62)
	at sun.reflect.DelegatingMethodAccessorImpl.invoke(DelegatingMethodAccessorImpl.java:43)
	at java.lang.reflect.Method.invoke(Method.java:498)
	at org.junit.platform.commons.util.ReflectionUtils.invokeMethod(ReflectionUtils.java:725)
	at org.junit.jupiter.engine.execution.MethodInvocation.proceed(MethodInvocation.java:60)
	at org.junit.jupiter.engine.execution.InvocationInterceptorChain$ValidatingInvocation.proceed(InvocationInterceptorChain.java:131)
	at org.junit.jupiter.engine.extension.TimeoutExtension.intercept(TimeoutExtension.java:149)
	at org.junit.jupiter.engine.extension.TimeoutExtension.interceptTestableMethod(TimeoutExtension.java:140)
	at org.junit.jupiter.engine.extension.TimeoutExtension.interceptTestMethod(TimeoutExtension.java:84)
	at org.junit.jupiter.engine.execution.ExecutableInvoker$ReflectiveInterceptorCall.lambda$ofVoidMethod$0(ExecutableInvoker.java:115)
	at org.junit.jupiter.engine.execution.ExecutableInvoker.lambda$invoke$0(ExecutableInvoker.java:105)
	at org.junit.jupiter.engine.execution.InvocationInterceptorChain$InterceptedInvocation.proceed(InvocationInterceptorChain.java:106)
	at org.junit.jupiter.engine.execution.InvocationInterceptorChain.proceed(InvocationInterceptorChain.java:64)
	at org.junit.jupiter.engine.execution.InvocationInterceptorChain.chainAndInvoke(InvocationInterceptorChain.java:45)
	at org.junit.jupiter.engine.execution.InvocationInterceptorChain.invoke(InvocationInterceptorChain.java:37)
	at org.junit.jupiter.engine.execution.ExecutableInvoker.invoke(ExecutableInvoker.java:104)
	at org.junit.jupiter.engine.execution.ExecutableInvoker.invoke(ExecutableInvoker.java:98)
	at org.junit.jupiter.engine.descriptor.TestMethodTestDescriptor.lambda$invokeTestMethod$7(TestMethodTestDescriptor.java:214)
	at org.junit.platform.engine.support.hierarchical.ThrowableCollector.execute(ThrowableCollector.java:73)
	at org.junit.jupiter.engine.descriptor.TestMethodTestDescriptor.invokeTestMethod(TestMethodTestDescriptor.java:210)
	at org.junit.jupiter.engine.descriptor.TestMethodTestDescriptor.execute(TestMethodTestDescriptor.java:135)
	at org.junit.jupiter.engine.descriptor.TestMethodTestDescriptor.execute(TestMethodTestDescriptor.java:66)
	at org.junit.platform.engine.support.hierarchical.NodeTestTask.lambda$executeRecursively$6(NodeTestTask.java:151)
	at org.junit.platform.engine.support.hierarchical.ThrowableCollector.execute(ThrowableCollector.java:73)
	at org.junit.platform.engine.support.hierarchical.NodeTestTask.lambda$executeRecursively$8(NodeTestTask.java:141)
	at org.junit.platform.engine.support.hierarchical.Node.around(Node.java:137)
	at org.junit.platform.engine.support.hierarchical.NodeTestTask.lambda$executeRecursively$9(NodeTestTask.java:139)
	at org.junit.platform.engine.support.hierarchical.ThrowableCollector.execute(ThrowableCollector.java:73)
	at org.junit.platform.engine.support.hierarchical.NodeTestTask.executeRecursively(NodeTestTask.java:138)
	at org.junit.platform.engine.support.hierarchical.NodeTestTask.execute(NodeTestTask.java:95)
	at java.util.ArrayList.forEach(ArrayList.java:1259)
	at org.junit.platform.engine.support.hierarchical.SameThreadHierarchicalTestExecutorService.invokeAll(SameThreadHierarchicalTestExecutorService.java:41)
	at org.junit.platform.engine.support.hierarchical.NodeTestTask.lambda$executeRecursively$6(NodeTestTask.java:155)
	at org.junit.platform.engine.support.hierarchical.ThrowableCollector.execute(ThrowableCollector.java:73)
	at org.junit.platform.engine.support.hierarchical.NodeTestTask.lambda$executeRecursively$8(NodeTestTask.java:141)
	at org.junit.platform.engine.support.hierarchical.Node.around(Node.java:137)
	at org.junit.platform.engine.support.hierarchical.NodeTestTask.lambda$executeRecursively$9(NodeTestTask.java:139)
	at org.junit.platform.engine.support.hierarchical.ThrowableCollector.execute(ThrowableCollector.java:73)
	at org.junit.platform.engine.support.hierarchical.NodeTestTask.executeRecursively(NodeTestTask.java:138)
	at org.junit.platform.engine.support.hierarchical.NodeTestTask.execute(NodeTestTask.java:95)
	at java.util.ArrayList.forEach(ArrayList.java:1259)
	at org.junit.platform.engine.support.hierarchical.SameThreadHierarchicalTestExecutorService.invokeAll(SameThreadHierarchicalTestExecutorService.java:41)
	at org.junit.platform.engine.support.hierarchical.NodeTestTask.lambda$executeRecursively$6(NodeTestTask.java:155)
	at org.junit.platform.engine.support.hierarchical.ThrowableCollector.execute(ThrowableCollector.java:73)
	at org.junit.platform.engine.support.hierarchical.NodeTestTask.lambda$executeRecursively$8(NodeTestTask.java:141)
	at org.junit.platform.engine.support.hierarchical.Node.around(Node.java:137)
	at org.junit.platform.engine.support.hierarchical.NodeTestTask.lambda$executeRecursively$9(NodeTestTask.java:139)
	at org.junit.platform.engine.support.hierarchical.ThrowableCollector.execute(ThrowableCollector.java:73)
	at org.junit.platform.engine.support.hierarchical.NodeTestTask.executeRecursively(NodeTestTask.java:138)
	at org.junit.platform.engine.support.hierarchical.NodeTestTask.execute(NodeTestTask.java:95)
	at org.junit.platform.engine.support.hierarchical.SameThreadHierarchicalTestExecutorService.submit(SameThreadHierarchicalTestExecutorService.java:35)
	at org.junit.platform.engine.support.hierarchical.HierarchicalTestExecutor.execute(HierarchicalTestExecutor.java:57)
	at org.junit.platform.engine.support.hierarchical.HierarchicalTestEngine.execute(HierarchicalTestEngine.java:54)
	at org.junit.platform.launcher.core.EngineExecutionOrchestrator.execute(EngineExecutionOrchestrator.java:107)
	at org.junit.platform.launcher.core.EngineExecutionOrchestrator.execute(EngineExecutionOrchestrator.java:88)
	at org.junit.platform.launcher.core.EngineExecutionOrchestrator.lambda$execute$0(EngineExecutionOrchestrator.java:54)
	at org.junit.platform.launcher.core.EngineExecutionOrchestrator.withInterceptedStreams(EngineExecutionOrchestrator.java:67)
	at org.junit.platform.launcher.core.EngineExecutionOrchestrator.execute(EngineExecutionOrchestrator.java:52)
	at org.junit.platform.launcher.core.DefaultLauncher.execute(DefaultLauncher.java:114)
	at org.junit.platform.launcher.core.DefaultLauncher.execute(DefaultLauncher.java:86)
	at org.junit.platform.launcher.core.DefaultLauncherSession$DelegatingLauncher.execute(DefaultLauncherSession.java:86)
	at org.junit.platform.launcher.core.SessionPerRequestLauncher.execute(SessionPerRequestLauncher.java:53)
	at org.apache.maven.surefire.junitplatform.JUnitPlatformProvider.execute(JUnitPlatformProvider.java:188)
	at org.apache.maven.surefire.junitplatform.JUnitPlatformProvider.invokeAllTests(JUnitPlatformProvider.java:154)
	at org.apache.maven.surefire.junitplatform.JUnitPlatformProvider.invoke(JUnitPlatformProvider.java:124)
	at org.apache.maven.surefire.booter.ForkedBooter.runSuitesInProcess(ForkedBooter.java:428)
	at org.apache.maven.surefire.booter.ForkedBooter.execute(ForkedBooter.java:162)
	at org.apache.maven.surefire.booter.ForkedBooter.run(ForkedBooter.java:562)
	at org.apache.maven.surefire.booter.ForkedBooter.main(ForkedBooter.java:548)
]]></failure>
    <system-out><![CDATA[2022-06-15 07:35:32,934 [java.util.concurrent.ThreadPoolExecutor$Worker@32d2cb0c[State = -1, empty queue]] WARN  server.GrpcLogAppender (GrpcLogAppender.java:timeoutAppendRequest(239)) - b0a9d56e-b544-41cd-b2b1-b34d126127d5@group-DEDC8EEB63DA->543aeec3-c74a-41c2-8a93-8d529b3aabc8-GrpcLogAppender: HEARTBEAT appendEntries Timeout, request=AppendEntriesRequest:cid=3170645,entriesCount=0,lastEntry=null
2022-06-15 07:35:32,951 [FixedThreadPoolWithAffinityExecutor-0-0] WARN  container.ContainerReportHandler (AbstractContainerReportHandler.java:updateContainerState(255)) - Container #4 is in OPEN state, but the datanode 2ba0c2a5-1748-4da9-81e4-5266296b4b8f{ip: 10.1.0.11, host: fv-az121-418.xhy4bhhdincepo0av04agjzkjc.cx.internal.cloudapp.net, ports: [REPLICATION=43041, RATIS=43465, RATIS_ADMIN=43465, RATIS_SERVER=43465, STANDALONE=43919], networkLocation: /default-rack, certSerialId: null, persistedOpState: IN_SERVICE, persistedOpStateExpiryEpochSec: 0} reports an CLOSED replica.
2022-06-15 07:35:32,986 [EventQueue-PipelineReportForPipelineReportHandler] INFO  pipeline.PipelineReportHandler (PipelineReportHandler.java:processPipelineReport(113)) - Reported pipeline PipelineID=83aa0ae5-c647-4842-ba01-114df2e904af is not found
2022-06-15 07:35:33,011 [EventQueue-PipelineReportForPipelineReportHandler] INFO  pipeline.PipelineReportHandler (PipelineReportHandler.java:processPipelineReport(113)) - Reported pipeline PipelineID=83aa0ae5-c647-4842-ba01-114df2e904af is not found
2022-06-15 07:35:33,027 [657a5ecd-0fe1-496e-aa3e-85dbaec35512@group-95EDDBE0049E-StateMachineUpdater] INFO  ratis.ContainerStateMachine (ContainerStateMachine.java:takeSnapshot(304)) - group-95EDDBE0049E: Taking a snapshot at:(t:1, i:4) file /home/runner/work/ozone/ozone/hadoop-ozone/integration-test/target/test-dir/MiniOzoneClusterImpl-589494f2-24de-4a8c-8650-9a890bc48d46/datanode-2/data/ratis/499f634c-e1b9-41ad-ac9d-95eddbe0049e/sm/snapshot.1_4
2022-06-15 07:35:33,028 [657a5ecd-0fe1-496e-aa3e-85dbaec35512@group-95EDDBE0049E-StateMachineUpdater] INFO  ratis.ContainerStateMachine (ContainerStateMachine.java:takeSnapshot(315)) - group-95EDDBE0049E: Finished taking a snapshot at:(t:1, i:4) file:/home/runner/work/ozone/ozone/hadoop-ozone/integration-test/target/test-dir/MiniOzoneClusterImpl-589494f2-24de-4a8c-8650-9a890bc48d46/datanode-2/data/ratis/499f634c-e1b9-41ad-ac9d-95eddbe0049e/sm/snapshot.1_4 took: 1 ms
2022-06-15 07:35:33,029 [657a5ecd-0fe1-496e-aa3e-85dbaec35512@group-95EDDBE0049E-StateMachineUpdater] INFO  impl.StateMachineUpdater (StateMachineUpdater.java:takeSnapshot(287)) - 657a5ecd-0fe1-496e-aa3e-85dbaec35512@group-95EDDBE0049E-StateMachineUpdater: Took a snapshot at index 4
2022-06-15 07:35:33,029 [657a5ecd-0fe1-496e-aa3e-85dbaec35512@group-95EDDBE0049E-StateMachineUpdater] INFO  impl.StateMachineUpdater (StateMachineUpdater.java:lambda$new$0(92)) - 657a5ecd-0fe1-496e-aa3e-85dbaec35512@group-95EDDBE0049E-StateMachineUpdater: snapshotIndex: updateIncreasingly 0 -> 4
2022-06-15 07:35:33,050 [Listener at 127.0.0.1/34461] INFO  ratis.ContainerStateMachine (ContainerStateMachine.java:takeSnapshot(304)) - group-95EDDBE0049E: Taking a snapshot at:(t:1, i:5) file /home/runner/work/ozone/ozone/hadoop-ozone/integration-test/target/test-dir/MiniOzoneClusterImpl-589494f2-24de-4a8c-8650-9a890bc48d46/datanode-2/data/ratis/499f634c-e1b9-41ad-ac9d-95eddbe0049e/sm/snapshot.1_5
2022-06-15 07:35:33,051 [Listener at 127.0.0.1/34461] INFO  ratis.ContainerStateMachine (ContainerStateMachine.java:takeSnapshot(315)) - group-95EDDBE0049E: Finished taking a snapshot at:(t:1, i:5) file:/home/runner/work/ozone/ozone/hadoop-ozone/integration-test/target/test-dir/MiniOzoneClusterImpl-589494f2-24de-4a8c-8650-9a890bc48d46/datanode-2/data/ratis/499f634c-e1b9-41ad-ac9d-95eddbe0049e/sm/snapshot.1_5 took: 1 ms
2022-06-15 07:35:33,052 [Listener at 127.0.0.1/34461] INFO  ozone.MiniOzoneClusterImpl (MiniOzoneClusterImpl.java:getStorageContainerLocationClient(344)) - Creating StorageContainerLocationProtocol RPC client with address /0.0.0.0:40285
2022-06-15 07:35:33,053 [657a5ecd-0fe1-496e-aa3e-85dbaec35512@group-95EDDBE0049E-StateMachineUpdater] INFO  ratis.ContainerStateMachine (ContainerStateMachine.java:takeSnapshot(304)) - group-95EDDBE0049E: Taking a snapshot at:(t:1, i:7) file /home/runner/work/ozone/ozone/hadoop-ozone/integration-test/target/test-dir/MiniOzoneClusterImpl-589494f2-24de-4a8c-8650-9a890bc48d46/datanode-2/data/ratis/499f634c-e1b9-41ad-ac9d-95eddbe0049e/sm/snapshot.1_7
2022-06-15 07:35:33,054 [657a5ecd-0fe1-496e-aa3e-85dbaec35512@group-95EDDBE0049E-StateMachineUpdater] INFO  ratis.ContainerStateMachine (ContainerStateMachine.java:takeSnapshot(315)) - group-95EDDBE0049E: Finished taking a snapshot at:(t:1, i:7) file:/home/runner/work/ozone/ozone/hadoop-ozone/integration-test/target/test-dir/MiniOzoneClusterImpl-589494f2-24de-4a8c-8650-9a890bc48d46/datanode-2/data/ratis/499f634c-e1b9-41ad-ac9d-95eddbe0049e/sm/snapshot.1_7 took: 1 ms
2022-06-15 07:35:33,054 [657a5ecd-0fe1-496e-aa3e-85dbaec35512@group-95EDDBE0049E-StateMachineUpdater] INFO  impl.StateMachineUpdater (StateMachineUpdater.java:takeSnapshot(287)) - 657a5ecd-0fe1-496e-aa3e-85dbaec35512@group-95EDDBE0049E-StateMachineUpdater: Took a snapshot at index 7
2022-06-15 07:35:33,054 [657a5ecd-0fe1-496e-aa3e-85dbaec35512@group-95EDDBE0049E-StateMachineUpdater] INFO  impl.StateMachineUpdater (StateMachineUpdater.java:lambda$new$0(92)) - 657a5ecd-0fe1-496e-aa3e-85dbaec35512@group-95EDDBE0049E-StateMachineUpdater: snapshotIndex: updateIncreasingly 4 -> 7
2022-06-15 07:35:33,137 [ContainerOp-499f634c-e1b9-41ad-ac9d-95eddbe0049e-4] INFO  keyvalue.KeyValueHandler (ContainerUtils.java:logAndReturnError(88)) - Operation: CloseContainer , Trace ID:  , Message: Error while creating/ updating .container file. ContainerID: 12 , Result: CONTAINER_FILES_CREATE_ERROR , StorageContainerException Occurred.
org.apache.hadoop.hdds.scm.container.common.helpers.StorageContainerException: Error while creating/ updating .container file. ContainerID: 12
	at org.apache.hadoop.ozone.container.keyvalue.KeyValueContainer.writeToContainerFile(KeyValueContainer.java:262)
	at org.apache.hadoop.ozone.container.keyvalue.KeyValueContainer.updateContainerFile(KeyValueContainer.java:282)
	at org.apache.hadoop.ozone.container.keyvalue.KeyValueContainer.updateContainerData(KeyValueContainer.java:400)
	at org.apache.hadoop.ozone.container.keyvalue.KeyValueContainer.markContainerForClose(KeyValueContainer.java:313)
	at org.apache.hadoop.ozone.container.keyvalue.KeyValueHandler.markContainerForClose(KeyValueHandler.java:983)
	at org.apache.hadoop.ozone.container.keyvalue.KeyValueHandler.handleCloseContainer(KeyValueHandler.java:429)
	at org.apache.hadoop.ozone.container.keyvalue.KeyValueHandler.dispatchRequest(KeyValueHandler.java:215)
	at org.apache.hadoop.ozone.container.keyvalue.KeyValueHandler.handle(KeyValueHandler.java:193)
	at org.apache.hadoop.ozone.container.common.impl.HddsDispatcher.dispatchRequest(HddsDispatcher.java:307)
	at org.apache.hadoop.ozone.container.common.impl.HddsDispatcher.lambda$dispatch$0(HddsDispatcher.java:169)
	at org.apache.hadoop.hdds.server.OzoneProtocolMessageDispatcher.processRequest(OzoneProtocolMessageDispatcher.java:87)
	at org.apache.hadoop.ozone.container.common.impl.HddsDispatcher.dispatch(HddsDispatcher.java:168)
	at org.apache.hadoop.ozone.container.common.transport.server.ratis.ContainerStateMachine.dispatchCommand(ContainerStateMachine.java:413)
	at org.apache.hadoop.ozone.container.common.transport.server.ratis.ContainerStateMachine.runCommand(ContainerStateMachine.java:423)
	at org.apache.hadoop.ozone.container.common.transport.server.ratis.ContainerStateMachine.lambda$submitTask$6(ContainerStateMachine.java:738)
	at org.apache.ratis.util.TaskQueue.lambda$submit$0(TaskQueue.java:121)
	at org.apache.ratis.util.LogUtils.runAndLog(LogUtils.java:38)
	at org.apache.ratis.util.LogUtils$1.run(LogUtils.java:79)
	at java.util.concurrent.Executors$RunnableAdapter.call(Executors.java:511)
	at java.util.concurrent.FutureTask.run(FutureTask.java:266)
	at java.util.concurrent.ThreadPoolExecutor.runWorker(ThreadPoolExecutor.java:1149)
	at java.util.concurrent.ThreadPoolExecutor$Worker.run(ThreadPoolExecutor.java:624)
	at java.lang.Thread.run(Thread.java:750)
Caused by: java.io.IOException: No such file or directory
	at java.io.UnixFileSystem.createFileExclusively(Native Method)
	at java.io.File.createTempFile(File.java:2063)
	at org.apache.hadoop.ozone.container.keyvalue.KeyValueContainer.createTempFile(KeyValueContainer.java:863)
	at org.apache.hadoop.ozone.container.keyvalue.KeyValueContainer.writeToContainerFile(KeyValueContainer.java:246)
	... 22 more
2022-06-15 07:35:33,138 [ContainerOp-499f634c-e1b9-41ad-ac9d-95eddbe0049e-4] WARN  keyvalue.KeyValueHandler (KeyValueHandler.java:markContainerUnhealthy(1003)) - Unexpected error while marking container 12 as unhealthy
org.apache.hadoop.hdds.scm.container.common.helpers.StorageContainerException: Error while creating/ updating .container file. ContainerID: 12
	at org.apache.hadoop.ozone.container.keyvalue.KeyValueContainer.writeToContainerFile(KeyValueContainer.java:262)
	at org.apache.hadoop.ozone.container.keyvalue.KeyValueContainer.updateContainerFile(KeyValueContainer.java:282)
	at org.apache.hadoop.ozone.container.keyvalue.KeyValueContainer.updateContainerData(KeyValueContainer.java:400)
	at org.apache.hadoop.ozone.container.keyvalue.KeyValueContainer.markContainerUnhealthy(KeyValueContainer.java:327)
	at org.apache.hadoop.ozone.container.keyvalue.KeyValueHandler.markContainerUnhealthy(KeyValueHandler.java:998)
	at org.apache.hadoop.ozone.container.common.impl.HddsDispatcher.dispatchRequest(HddsDispatcher.java:352)
	at org.apache.hadoop.ozone.container.common.impl.HddsDispatcher.lambda$dispatch$0(HddsDispatcher.java:169)
	at org.apache.hadoop.hdds.server.OzoneProtocolMessageDispatcher.processRequest(OzoneProtocolMessageDispatcher.java:87)
	at org.apache.hadoop.ozone.container.common.impl.HddsDispatcher.dispatch(HddsDispatcher.java:168)
	at org.apache.hadoop.ozone.container.common.transport.server.ratis.ContainerStateMachine.dispatchCommand(ContainerStateMachine.java:413)
	at org.apache.hadoop.ozone.container.common.transport.server.ratis.ContainerStateMachine.runCommand(ContainerStateMachine.java:423)
	at org.apache.hadoop.ozone.container.common.transport.server.ratis.ContainerStateMachine.lambda$submitTask$6(ContainerStateMachine.java:738)
	at org.apache.ratis.util.TaskQueue.lambda$submit$0(TaskQueue.java:121)
	at org.apache.ratis.util.LogUtils.runAndLog(LogUtils.java:38)
	at org.apache.ratis.util.LogUtils$1.run(LogUtils.java:79)
	at java.util.concurrent.Executors$RunnableAdapter.call(Executors.java:511)
	at java.util.concurrent.FutureTask.run(FutureTask.java:266)
	at java.util.concurrent.ThreadPoolExecutor.runWorker(ThreadPoolExecutor.java:1149)
	at java.util.concurrent.ThreadPoolExecutor$Worker.run(ThreadPoolExecutor.java:624)
	at java.lang.Thread.run(Thread.java:750)
Caused by: java.io.IOException: No such file or directory
	at java.io.UnixFileSystem.createFileExclusively(Native Method)
	at java.io.File.createTempFile(File.java:2063)
	at org.apache.hadoop.ozone.container.keyvalue.KeyValueContainer.createTempFile(KeyValueContainer.java:863)
	at org.apache.hadoop.ozone.container.keyvalue.KeyValueContainer.writeToContainerFile(KeyValueContainer.java:246)
	... 19 more
2022-06-15 07:35:33,141 [ContainerOp-499f634c-e1b9-41ad-ac9d-95eddbe0049e-4] INFO  impl.HddsDispatcher (HddsDispatcher.java:dispatchRequest(353)) - Marked Container UNHEALTHY, ContainerID: 12
2022-06-15 07:35:33,143 [FixedThreadPoolWithAffinityExecutor-9-0] WARN  container.IncrementalContainerReportHandler (AbstractContainerReportHandler.java:updateContainerState(255)) - Container #12 is in OPEN state, but the datanode 657a5ecd-0fe1-496e-aa3e-85dbaec35512{ip: 10.1.0.11, host: fv-az121-418.xhy4bhhdincepo0av04agjzkjc.cx.internal.cloudapp.net, ports: [REPLICATION=36157, RATIS=33757, RATIS_ADMIN=33757, RATIS_SERVER=33757, STANDALONE=41369], networkLocation: /default-rack, certSerialId: null, persistedOpState: IN_SERVICE, persistedOpStateExpiryEpochSec: 0} reports an UNHEALTHY replica.
07:35:33.141 [ContainerOp-499f634c-e1b9-41ad-ac9d-95eddbe0049e-4] ERROR DNAudit - user=null | ip=null | op=CLOSE_CONTAINER {containerID=12} | ret=FAILURE
java.lang.Exception: Error while creating/ updating .container file. ContainerID: 12
	at org.apache.hadoop.ozone.container.common.impl.HddsDispatcher.dispatchRequest(HddsDispatcher.java:371) ~[hdds-container-service-1.3.0-SNAPSHOT.jar:?]
	at org.apache.hadoop.ozone.container.common.impl.HddsDispatcher.lambda$dispatch$0(HddsDispatcher.java:169) ~[hdds-container-service-1.3.0-SNAPSHOT.jar:?]
	at org.apache.hadoop.hdds.server.OzoneProtocolMessageDispatcher.processRequest(OzoneProtocolMessageDispatcher.java:87) ~[hdds-server-framework-1.3.0-SNAPSHOT.jar:?]
	at org.apache.hadoop.ozone.container.common.impl.HddsDispatcher.dispatch(HddsDispatcher.java:168) ~[hdds-container-service-1.3.0-SNAPSHOT.jar:?]
	at org.apache.hadoop.ozone.container.common.transport.server.ratis.ContainerStateMachine.dispatchCommand(ContainerStateMachine.java:413) ~[hdds-container-service-1.3.0-SNAPSHOT.jar:?]
	at org.apache.hadoop.ozone.container.common.transport.server.ratis.ContainerStateMachine.runCommand(ContainerStateMachine.java:423) ~[hdds-container-service-1.3.0-SNAPSHOT.jar:?]
	at org.apache.hadoop.ozone.container.common.transport.server.ratis.ContainerStateMachine.lambda$submitTask$6(ContainerStateMachine.java:738) ~[hdds-container-service-1.3.0-SNAPSHOT.jar:?]
	at org.apache.ratis.util.TaskQueue.lambda$submit$0(TaskQueue.java:121) ~[ratis-common-2.3.0.jar:2.3.0]
	at org.apache.ratis.util.LogUtils.runAndLog(LogUtils.java:38) [ratis-common-2.3.0.jar:2.3.0]
	at org.apache.ratis.util.LogUtils$1.run(LogUtils.java:79) [ratis-common-2.3.0.jar:2.3.0]
	at java.util.concurrent.Executors$RunnableAdapter.call(Executors.java:511) [?:1.8.0_332]
	at java.util.concurrent.FutureTask.run(FutureTask.java:266) [?:1.8.0_332]
	at java.util.concurrent.ThreadPoolExecutor.runWorker(ThreadPoolExecutor.java:1149) [?:1.8.0_332]
	at java.util.concurrent.ThreadPoolExecutor$Worker.run(ThreadPoolExecutor.java:624) [?:1.8.0_332]
	at java.lang.Thread.run(Thread.java:750) [?:1.8.0_332]
2022-06-15 07:35:33,144 [ContainerOp-499f634c-e1b9-41ad-ac9d-95eddbe0049e-4] ERROR ratis.ContainerStateMachine (ContainerStateMachine.java:lambda$applyTransaction$12(837)) - gid group-95EDDBE0049E : ApplyTransaction failed. cmd CloseContainer logIndex 8 msg : Error while creating/ updating .container file. ContainerID: 12 Container Result: CONTAINER_FILES_CREATE_ERROR
2022-06-15 07:35:33,145 [ContainerOp-499f634c-e1b9-41ad-ac9d-95eddbe0049e-4] ERROR ratis.XceiverServerRatis (XceiverServerRatis.java:triggerPipelineClose(678)) - pipeline Action CLOSE on pipeline PipelineID=499f634c-e1b9-41ad-ac9d-95eddbe0049e.Reason : Ratis Transaction failure in datanode 657a5ecd-0fe1-496e-aa3e-85dbaec35512 with role LEADER .Triggering pipeline close action.
2022-06-15 07:35:33,148 [EventQueue-PipelineActionsForPipelineActionHandler] INFO  pipeline.PipelineActionHandler (PipelineActionHandler.java:processPipelineAction(82)) - Received pipeline action CLOSE for PipelineID=499f634c-e1b9-41ad-ac9d-95eddbe0049e from datanode 657a5ecd-0fe1-496e-aa3e-85dbaec35512. Reason : Ratis Transaction failure in datanode 657a5ecd-0fe1-496e-aa3e-85dbaec35512 with role LEADER .Triggering pipeline close action.
2022-06-15 07:35:33,148 [EventQueue-PipelineActionsForPipelineActionHandler] INFO  pipeline.PipelineManagerImpl (PipelineManagerImpl.java:closeContainersForPipeline(409)) - Container #12 closed for pipeline=PipelineID=499f634c-e1b9-41ad-ac9d-95eddbe0049e
2022-06-15 07:35:33,148 [EventQueue-PipelineActionsForPipelineActionHandler] INFO  pipeline.PipelineManagerImpl (PipelineManagerImpl.java:closePipeline(430)) - Pipeline Pipeline[ Id: 499f634c-e1b9-41ad-ac9d-95eddbe0049e, Nodes: 657a5ecd-0fe1-496e-aa3e-85dbaec35512{ip: 10.1.0.11, host: fv-az121-418.xhy4bhhdincepo0av04agjzkjc.cx.internal.cloudapp.net, ports: [REPLICATION=36157, RATIS=33757, RATIS_ADMIN=33757, RATIS_SERVER=33757, STANDALONE=41369], networkLocation: /default-rack, certSerialId: null, persistedOpState: IN_SERVICE, persistedOpStateExpiryEpochSec: 0}, ReplicationConfig: RATIS/ONE, State:OPEN, leaderId:657a5ecd-0fe1-496e-aa3e-85dbaec35512, CreationTimestamp2022-06-15T07:33:54.606Z[Etc/UTC]] moved to CLOSED state
2022-06-15 07:35:33,148 [EventQueue-PipelineActionsForPipelineActionHandler] INFO  pipeline.RatisPipelineProvider (RatisPipelineProvider.java:lambda$close$1(244)) - Send pipeline:PipelineID=499f634c-e1b9-41ad-ac9d-95eddbe0049e close command to datanode 657a5ecd-0fe1-496e-aa3e-85dbaec35512
2022-06-15 07:35:33,149 [EventQueue-PipelineActionsForPipelineActionHandler] INFO  pipeline.PipelineStateManagerImpl (PipelineStateManagerImpl.java:removePipeline(243)) - Pipeline Pipeline[ Id: 499f634c-e1b9-41ad-ac9d-95eddbe0049e, Nodes: 657a5ecd-0fe1-496e-aa3e-85dbaec35512{ip: 10.1.0.11, host: fv-az121-418.xhy4bhhdincepo0av04agjzkjc.cx.internal.cloudapp.net, ports: [REPLICATION=36157, RATIS=33757, RATIS_ADMIN=33757, RATIS_SERVER=33757, STANDALONE=41369], networkLocation: /default-rack, certSerialId: null, persistedOpState: IN_SERVICE, persistedOpStateExpiryEpochSec: 0}, ReplicationConfig: RATIS/ONE, State:CLOSED, leaderId:657a5ecd-0fe1-496e-aa3e-85dbaec35512, CreationTimestamp2022-06-15T07:33:54.606Z[Etc/UTC]] removed.
2022-06-15 07:35:33,149 [grpc-default-executor-3] ERROR impl.OrderedAsync (OrderedAsync.java:lambda$send$4(175)) - Failed to send request, message=cmdType: CloseContainer
traceID: ""
containerID: 12
datanodeUuid: "657a5ecd-0fe1-496e-aa3e-85dbaec35512"
closeContainer {
}
, data.size=0
java.util.concurrent.CompletionException: org.apache.ratis.protocol.exceptions.StateMachineException: org.apache.hadoop.hdds.scm.container.common.helpers.StorageContainerException: Error while creating/ updating .container file. ContainerID: 12
	at org.apache.ratis.client.impl.RaftClientImpl.handleRaftException(RaftClientImpl.java:310)
	at org.apache.ratis.client.impl.OrderedAsync.lambda$send$3(OrderedAsync.java:172)
	at java.util.concurrent.CompletableFuture.uniApply(CompletableFuture.java:616)
	at java.util.concurrent.CompletableFuture$UniApply.tryFire(CompletableFuture.java:591)
	at java.util.concurrent.CompletableFuture.postComplete(CompletableFuture.java:488)
	at java.util.concurrent.CompletableFuture.complete(CompletableFuture.java:1975)
	at org.apache.ratis.client.impl.OrderedAsync$PendingOrderedRequest.setReply(OrderedAsync.java:98)
	at org.apache.ratis.client.impl.OrderedAsync$PendingOrderedRequest.setReply(OrderedAsync.java:59)
	at org.apache.ratis.util.SlidingWindow$RequestMap.setReply(SlidingWindow.java:144)
	at org.apache.ratis.util.SlidingWindow$Client.receiveReply(SlidingWindow.java:316)
	at org.apache.ratis.client.impl.OrderedAsync.lambda$sendRequest$9(OrderedAsync.java:244)
	at java.util.concurrent.CompletableFuture.uniApply(CompletableFuture.java:616)
	at java.util.concurrent.CompletableFuture$UniApply.tryFire(CompletableFuture.java:591)
	at java.util.concurrent.CompletableFuture.postComplete(CompletableFuture.java:488)
	at java.util.concurrent.CompletableFuture.complete(CompletableFuture.java:1975)
	at org.apache.ratis.grpc.client.GrpcClientProtocolClient$AsyncStreamObservers$1.lambda$onNext$0(GrpcClientProtocolClient.java:333)
	at java.util.Optional.ifPresent(Optional.java:159)
	at org.apache.ratis.grpc.client.GrpcClientProtocolClient$AsyncStreamObservers.handleReplyFuture(GrpcClientProtocolClient.java:389)
	at org.apache.ratis.grpc.client.GrpcClientProtocolClient$AsyncStreamObservers.access$100(GrpcClientProtocolClient.java:311)
	at org.apache.ratis.grpc.client.GrpcClientProtocolClient$AsyncStreamObservers$1.onNext(GrpcClientProtocolClient.java:333)
	at org.apache.ratis.grpc.client.GrpcClientProtocolClient$AsyncStreamObservers$1.onNext(GrpcClientProtocolClient.java:316)
	at org.apache.ratis.thirdparty.io.grpc.stub.ClientCalls$StreamObserverToCallListenerAdapter.onMessage(ClientCalls.java:466)
	at org.apache.ratis.thirdparty.io.grpc.ForwardingClientCallListener.onMessage(ForwardingClientCallListener.java:33)
	at org.apache.ratis.thirdparty.io.grpc.internal.ClientCallImpl$ClientStreamListenerImpl$1MessagesAvailable.runInternal(ClientCallImpl.java:661)
	at org.apache.ratis.thirdparty.io.grpc.internal.ClientCallImpl$ClientStreamListenerImpl$1MessagesAvailable.runInContext(ClientCallImpl.java:646)
	at org.apache.ratis.thirdparty.io.grpc.internal.ContextRunnable.run(ContextRunnable.java:37)
	at org.apache.ratis.thirdparty.io.grpc.internal.SerializingExecutor.run(SerializingExecutor.java:133)
	at java.util.concurrent.ThreadPoolExecutor.runWorker(ThreadPoolExecutor.java:1149)
	at java.util.concurrent.ThreadPoolExecutor$Worker.run(ThreadPoolExecutor.java:624)
	at java.lang.Thread.run(Thread.java:750)
Caused by: org.apache.ratis.protocol.exceptions.StateMachineException: org.apache.hadoop.hdds.scm.container.common.helpers.StorageContainerException: Error while creating/ updating .container file. ContainerID: 12
	at org.apache.hadoop.ozone.container.common.transport.server.ratis.ContainerStateMachine.lambda$applyTransaction$12(ContainerStateMachine.java:836)
	at java.util.concurrent.CompletableFuture.uniApply(CompletableFuture.java:616)
	at java.util.concurrent.CompletableFuture$UniApply.tryFire(CompletableFuture.java:591)
	at java.util.concurrent.CompletableFuture.postComplete(CompletableFuture.java:488)
	at java.util.concurrent.CompletableFuture.complete(CompletableFuture.java:1975)
	at org.apache.ratis.util.TaskQueue.lambda$submit$0(TaskQueue.java:133)
	at org.apache.ratis.util.LogUtils.runAndLog(LogUtils.java:38)
	at org.apache.ratis.util.LogUtils$1.run(LogUtils.java:79)
	at java.util.concurrent.Executors$RunnableAdapter.call(Executors.java:511)
	at java.util.concurrent.FutureTask.run(FutureTask.java:266)
	... 3 more
2022-06-15 07:35:33,149 [EventQueue-CloseContainerForCloseContainerEventHandler] INFO  container.CloseContainerEventHandler (CloseContainerEventHandler.java:onMessage(70)) - Close container Event triggered for container : #12
2022-06-15 07:35:33,149 [EventQueue-CloseContainerForCloseContainerEventHandler] INFO  container.CloseContainerEventHandler (CloseContainerEventHandler.java:onMessage(70)) - Close container Event triggered for container : #12
2022-06-15 07:35:33,154 [FixedThreadPoolWithAffinityExecutor-1-0] WARN  container.ContainerReportHandler (AbstractContainerReportHandler.java:updateContainerState(255)) - Container #4 is in OPEN state, but the datanode 2ba0c2a5-1748-4da9-81e4-5266296b4b8f{ip: 10.1.0.11, host: fv-az121-418.xhy4bhhdincepo0av04agjzkjc.cx.internal.cloudapp.net, ports: [REPLICATION=43041, RATIS=43465, RATIS_ADMIN=43465, RATIS_SERVER=43465, STANDALONE=43919], networkLocation: /default-rack, certSerialId: null, persistedOpState: IN_SERVICE, persistedOpStateExpiryEpochSec: 0} reports an CLOSED replica.
2022-06-15 07:35:33,154 [Listener at 127.0.0.1/34461] ERROR ratis.ContainerStateMachine (ContainerStateMachine.java:takeSnapshot(298)) - Failed to take snapshot  for group-95EDDBE0049E as the stateMachine is unhealthy. The last applied index is at (t:1, i:7)
2022-06-15 07:35:33,155 [java.util.concurrent.ThreadPoolExecutor$Worker@32d2cb0c[State = -1, empty queue]] WARN  server.GrpcLogAppender (GrpcLogAppender.java:timeoutAppendRequest(239)) - b4f5d82c-04a6-4c81-89bd-99aee48f7148@group-61C79976014F->7bb1eb80-c113-41fd-8e62-543e67410fa1-GrpcLogAppender: HEARTBEAT appendEntries Timeout, request=AppendEntriesRequest:cid=2735536,entriesCount=0,lastEntry=null
]]></system-out>
  </testcase>
</testsuite>