<?xml version="1.0" encoding="UTF-8"?>
<testsuite xmlns:xsi="http://www.w3.org/2001/XMLSchema-instance" xsi:noNamespaceSchemaLocation="https://maven.apache.org/surefire/maven-surefire-plugin/xsd/surefire-test-report-3.0.xsd" version="3.0" name="org.apache.hadoop.ozone.container.TestECContainerRecovery" time="139.09" tests="1" errors="1" skipped="0" failures="0">
  <properties>
    <property name="awt.toolkit" value="sun.awt.X11.XToolkit"/>
    <property name="file.encoding.pkg" value="sun.io"/>
    <property name="java.specification.version" value="1.8"/>
    <property name="sun.cpu.isalist" value=""/>
    <property name="sun.jnu.encoding" value="UTF-8"/>
    <property name="java.class.path" value="/home/runner/work/ozone/ozone/hadoop-ozone/integration-test/target/test-classes:/home/runner/work/ozone/ozone/hadoop-ozone/integration-test/target/classes:/home/runner/.m2/repository/org/apache/ozone/ozone-common/1.3.0-SNAPSHOT/ozone-common-1.3.0-SNAPSHOT.jar:/home/runner/.m2/repository/io/grpc/grpc-netty/1.48.1/grpc-netty-1.48.1.jar:/home/runner/.m2/repository/io/grpc/grpc-core/1.48.1/grpc-core-1.48.1.jar:/home/runner/.m2/repository/com/google/android/annotations/4.1.1.4/annotations-4.1.1.4.jar:/home/runner/.m2/repository/org/codehaus/mojo/animal-sniffer-annotations/1.21/animal-sniffer-annotations-1.21.jar:/home/runner/.m2/repository/com/google/errorprone/error_prone_annotations/2.2.0/error_prone_annotations-2.2.0.jar:/home/runner/.m2/repository/io/perfmark/perfmark-api/0.25.0/perfmark-api-0.25.0.jar:/home/runner/.m2/repository/io/netty/netty-codec-http2/4.1.79.Final/netty-codec-http2-4.1.79.Final.jar:/home/runner/.m2/repository/io/netty/netty-common/4.1.79.Final/netty-common-4.1.79.Final.jar:/home/runner/.m2/repository/io/netty/netty-buffer/4.1.79.Final/netty-buffer-4.1.79.Final.jar:/home/runner/.m2/repository/io/netty/netty-codec-http/4.1.79.Final/netty-codec-http-4.1.79.Final.jar:/home/runner/.m2/repository/io/netty/netty-handler-proxy/4.1.79.Final/netty-handler-proxy-4.1.79.Final.jar:/home/runner/.m2/repository/io/netty/netty-codec-socks/4.1.79.Final/netty-codec-socks-4.1.79.Final.jar:/home/runner/.m2/repository/io/netty/netty-tcnative-boringssl-static/2.0.53.Final/netty-tcnative-boringssl-static-2.0.53.Final.jar:/home/runner/.m2/repository/io/netty/netty-tcnative-classes/2.0.53.Final/netty-tcnative-classes-2.0.53.Final.jar:/home/runner/.m2/repository/io/netty/netty-tcnative-boringssl-static/2.0.53.Final/netty-tcnative-boringssl-static-2.0.53.Final-linux-x86_64.jar:/home/runner/.m2/repository/io/netty/netty-tcnative-boringssl-static/2.0.53.Final/netty-tcnative-boringssl-static-2.0.53.Final-linux-aarch_64.jar:/home/runner/.m2/repository/io/netty/netty-tcnative-boringssl-static/2.0.53.Final/netty-tcnative-boringssl-static-2.0.53.Final-osx-x86_64.jar:/home/runner/.m2/repository/io/netty/netty-tcnative-boringssl-static/2.0.53.Final/netty-tcnative-boringssl-static-2.0.53.Final-osx-aarch_64.jar:/home/runner/.m2/repository/io/netty/netty-tcnative-boringssl-static/2.0.53.Final/netty-tcnative-boringssl-static-2.0.53.Final-windows-x86_64.jar:/home/runner/.m2/repository/org/apache/commons/commons-compress/1.21/commons-compress-1.21.jar:/home/runner/.m2/repository/org/apache/ozone/hdds-common/1.3.0-SNAPSHOT/hdds-common-1.3.0-SNAPSHOT.jar:/home/runner/.m2/repository/org/apache/ozone/hdds-client/1.3.0-SNAPSHOT/hdds-client-1.3.0-SNAPSHOT.jar:/home/runner/.m2/repository/org/apache/ozone/ozone-interface-client/1.3.0-SNAPSHOT/ozone-interface-client-1.3.0-SNAPSHOT.jar:/home/runner/.m2/repository/org/apache/ozone/hdds-test-utils/1.3.0-SNAPSHOT/hdds-test-utils-1.3.0-SNAPSHOT.jar:/home/runner/.m2/repository/com/google/guava/guava/31.1-jre/guava-31.1-jre.jar:/home/runner/.m2/repository/com/google/guava/failureaccess/1.0.1/failureaccess-1.0.1.jar:/home/runner/.m2/repository/com/google/guava/listenablefuture/9999.0-empty-to-avoid-conflict-with-guava/listenablefuture-9999.0-empty-to-avoid-conflict-with-guava.jar:/home/runner/.m2/repository/com/google/code/findbugs/jsr305/3.0.0/jsr305-3.0.0.jar:/home/runner/.m2/repository/org/checkerframework/checker-qual/3.12.0/checker-qual-3.12.0.jar:/home/runner/.m2/repository/com/google/j2objc/j2objc-annotations/1.3/j2objc-annotations-1.3.jar:/home/runner/.m2/repository/commons-io/commons-io/2.11.0/commons-io-2.11.0.jar:/home/runner/.m2/repository/commons-logging/commons-logging/1.2/commons-logging-1.2.jar:/home/runner/.m2/repository/ch/qos/reload4j/reload4j/1.2.22/reload4j-1.2.22.jar:/home/runner/.m2/repository/org/slf4j/slf4j-api/1.7.36/slf4j-api-1.7.36.jar:/home/runner/.m2/repository/org/apache/ozone/hdds-server-scm/1.3.0-SNAPSHOT/hdds-server-scm-1.3.0-SNAPSHOT.jar:/home/runner/.m2/repository/org/apache/ozone/hdds-container-service/1.3.0-SNAPSHOT/hdds-container-service-1.3.0-SNAPSHOT.jar:/home/runner/.m2/repository/org/apache/ozone/hdds-hadoop-dependency-server/1.3.0-SNAPSHOT/hdds-hadoop-dependency-server-1.3.0-SNAPSHOT.jar:/home/runner/.m2/repository/org/apache/hadoop/hadoop-hdfs/3.3.4/hadoop-hdfs-3.3.4.jar:/home/runner/.m2/repository/org/eclipse/jetty/jetty-util-ajax/9.4.43.v20210629/jetty-util-ajax-9.4.43.v20210629.jar:/home/runner/.m2/repository/commons-daemon/commons-daemon/1.0.13/commons-daemon-1.0.13.jar:/home/runner/.m2/repository/org/apache/ozone/hdds-server-framework/1.3.0-SNAPSHOT/hdds-server-framework-1.3.0-SNAPSHOT.jar:/home/runner/.m2/repository/org/apache/ozone/hdds-interface-server/1.3.0-SNAPSHOT/hdds-interface-server-1.3.0-SNAPSHOT.jar:/home/runner/.m2/repository/org/apache/logging/log4j/log4j-core/2.17.1/log4j-core-2.17.1.jar:/home/runner/.m2/repository/com/lmax/disruptor/3.4.2/disruptor-3.4.2.jar:/home/runner/.m2/repository/org/eclipse/jetty/jetty-servlet/9.4.43.v20210629/jetty-servlet-9.4.43.v20210629.jar:/home/runner/.m2/repository/org/eclipse/jetty/jetty-security/9.4.43.v20210629/jetty-security-9.4.43.v20210629.jar:/home/runner/.m2/repository/org/rocksdb/rocksdbjni/7.4.5/rocksdbjni-7.4.5.jar:/home/runner/.m2/repository/io/prometheus/simpleclient_dropwizard/0.7.0/simpleclient_dropwizard-0.7.0.jar:/home/runner/.m2/repository/io/prometheus/simpleclient/0.7.0/simpleclient-0.7.0.jar:/home/runner/.m2/repository/io/prometheus/simpleclient_common/0.7.0/simpleclient_common-0.7.0.jar:/home/runner/.m2/repository/io/dropwizard/metrics/metrics-core/3.2.4/metrics-core-3.2.4.jar:/home/runner/.m2/repository/org/apache/hadoop/hadoop-hdfs-client/3.3.4/hadoop-hdfs-client-3.3.4.jar:/home/runner/.m2/repository/com/squareup/okhttp3/okhttp/4.9.3/okhttp-4.9.3.jar:/home/runner/.m2/repository/com/squareup/okio/okio/2.8.0/okio-2.8.0.jar:/home/runner/.m2/repository/org/jetbrains/kotlin/kotlin-stdlib-common/1.4.10/kotlin-stdlib-common-1.4.10.jar:/home/runner/.m2/repository/org/bouncycastle/bcprov-jdk15on/1.67/bcprov-jdk15on-1.67.jar:/home/runner/.m2/repository/com/google/protobuf/protobuf-java/2.5.0/protobuf-java-2.5.0.jar:/home/runner/.m2/repository/org/apache/ozone/ozone-manager/1.3.0-SNAPSHOT/ozone-manager-1.3.0-SNAPSHOT.jar:/home/runner/.m2/repository/org/aspectj/aspectjrt/1.9.7/aspectjrt-1.9.7.jar:/home/runner/.m2/repository/org/aspectj/aspectjweaver/1.9.7/aspectjweaver-1.9.7.jar:/home/runner/.m2/repository/org/apache/ozone/hdds-interface-client/1.3.0-SNAPSHOT/hdds-interface-client-1.3.0-SNAPSHOT.jar:/home/runner/.m2/repository/org/apache/hadoop/thirdparty/hadoop-shaded-protobuf_3_7/1.1.1/hadoop-shaded-protobuf_3_7-1.1.1.jar:/home/runner/.m2/repository/org/apache/ozone/ozone-interface-storage/1.3.0-SNAPSHOT/ozone-interface-storage-1.3.0-SNAPSHOT.jar:/home/runner/.m2/repository/org/reflections/reflections/0.9.11/reflections-0.9.11.jar:/home/runner/.m2/repository/com/sun/jersey/jersey-client/1.19/jersey-client-1.19.jar:/home/runner/.m2/repository/org/apache/ranger/ranger-intg/2.3.0/ranger-intg-2.3.0.jar:/home/runner/.m2/repository/org/apache/ranger/ranger-plugins-common/2.3.0/ranger-plugins-common-2.3.0.jar:/home/runner/.m2/repository/commons-lang/commons-lang/2.6/commons-lang-2.6.jar:/home/runner/.m2/repository/org/codehaus/jackson/jackson-jaxrs/1.9.13/jackson-jaxrs-1.9.13.jar:/home/runner/.m2/repository/org/apache/ranger/ranger-plugins-cred/2.3.0/ranger-plugins-cred-2.3.0.jar:/home/runner/.m2/repository/org/apache/ranger/ranger-plugins-audit/2.3.0/ranger-plugins-audit-2.3.0.jar:/home/runner/.m2/repository/org/eclipse/jetty/jetty-client/9.4.31.v20200723/jetty-client-9.4.31.v20200723.jar:/home/runner/.m2/repository/org/apache/httpcomponents/httpmime/4.5.6/httpmime-4.5.6.jar:/home/runner/.m2/repository/org/apache/httpcomponents/httpcore-nio/4.4.6/httpcore-nio-4.4.6.jar:/home/runner/.m2/repository/org/apache/httpcomponents/httpasyncclient/4.1.3/httpasyncclient-4.1.3.jar:/home/runner/.m2/repository/com/carrotsearch/hppc/0.8.0/hppc-0.8.0.jar:/home/runner/.m2/repository/org/apache/orc/orc-core/1.5.8/orc-core-1.5.8.jar:/home/runner/.m2/repository/net/java/dev/jna/jna/5.2.0/jna-5.2.0.jar:/home/runner/.m2/repository/net/java/dev/jna/jna-platform/5.2.0/jna-platform-5.2.0.jar:/home/runner/.m2/repository/com/kstruct/gethostname4j/0.0.2/gethostname4j-0.0.2.jar:/home/runner/.m2/repository/org/apache/ranger/ranger-plugin-classloader/2.3.0/ranger-plugin-classloader-2.3.0.jar:/home/runner/.m2/repository/org/apache/hadoop/hadoop-minikdc/3.3.4/hadoop-minikdc-3.3.4.jar:/home/runner/.m2/repository/org/apache/kerby/kerb-simplekdc/1.0.1/kerb-simplekdc-1.0.1.jar:/home/runner/.m2/repository/org/apache/kerby/kerb-client/1.0.1/kerb-client-1.0.1.jar:/home/runner/.m2/repository/org/apache/kerby/kerby-config/1.0.1/kerby-config-1.0.1.jar:/home/runner/.m2/repository/org/apache/kerby/kerb-common/1.0.1/kerb-common-1.0.1.jar:/home/runner/.m2/repository/org/apache/kerby/kerb-crypto/1.0.1/kerb-crypto-1.0.1.jar:/home/runner/.m2/repository/org/apache/kerby/kerb-util/1.0.1/kerb-util-1.0.1.jar:/home/runner/.m2/repository/org/apache/kerby/token-provider/1.0.1/token-provider-1.0.1.jar:/home/runner/.m2/repository/org/apache/kerby/kerb-admin/1.0.1/kerb-admin-1.0.1.jar:/home/runner/.m2/repository/org/apache/kerby/kerb-server/1.0.1/kerb-server-1.0.1.jar:/home/runner/.m2/repository/org/apache/kerby/kerb-identity/1.0.1/kerb-identity-1.0.1.jar:/home/runner/.m2/repository/org/apache/kerby/kerby-xdr/1.0.1/kerby-xdr-1.0.1.jar:/home/runner/.m2/repository/org/apache/ozone/ozone-s3gateway/1.3.0-SNAPSHOT/ozone-s3gateway-1.3.0-SNAPSHOT.jar:/home/runner/.m2/repository/org/javassist/javassist/3.21.0-GA/javassist-3.21.0-GA.jar:/home/runner/.m2/repository/org/jboss/weld/servlet/weld-servlet/2.4.7.Final/weld-servlet-2.4.7.Final.jar:/home/runner/.m2/repository/org/glassfish/jersey/containers/jersey-container-servlet-core/2.34/jersey-container-servlet-core-2.34.jar:/home/runner/.m2/repository/org/glassfish/hk2/external/jakarta.inject/2.6.1/jakarta.inject-2.6.1.jar:/home/runner/.m2/repository/org/glassfish/jersey/core/jersey-common/2.34/jersey-common-2.34.jar:/home/runner/.m2/repository/jakarta/ws/rs/jakarta.ws.rs-api/2.1.6/jakarta.ws.rs-api-2.1.6.jar:/home/runner/.m2/repository/org/glassfish/jersey/ext/cdi/jersey-cdi1x/2.34/jersey-cdi1x-2.34.jar:/home/runner/.m2/repository/org/glassfish/jersey/inject/jersey-hk2/2.34/jersey-hk2-2.34.jar:/home/runner/.m2/repository/org/glassfish/hk2/hk2-locator/2.6.1/hk2-locator-2.6.1.jar:/home/runner/.m2/repository/org/glassfish/jersey/media/jersey-media-jaxb/2.34/jersey-media-jaxb-2.34.jar:/home/runner/.m2/repository/org/glassfish/hk2/osgi-resource-locator/1.0.3/osgi-resource-locator-1.0.3.jar:/home/runner/.m2/repository/org/glassfish/hk2/hk2-api/2.5.0/hk2-api-2.5.0.jar:/home/runner/.m2/repository/org/glassfish/hk2/hk2-utils/2.5.0/hk2-utils-2.5.0.jar:/home/runner/.m2/repository/org/glassfish/hk2/external/aopalliance-repackaged/2.5.0/aopalliance-repackaged-2.5.0.jar:/home/runner/.m2/repository/com/fasterxml/jackson/dataformat/jackson-dataformat-xml/2.13.4/jackson-dataformat-xml-2.13.4.jar:/home/runner/.m2/repository/com/fasterxml/jackson/core/jackson-core/2.13.4/jackson-core-2.13.4.jar:/home/runner/.m2/repository/org/codehaus/woodstox/stax2-api/3.1.4/stax2-api-3.1.4.jar:/home/runner/.m2/repository/com/fasterxml/woodstox/woodstox-core/5.0.3/woodstox-core-5.0.3.jar:/home/runner/.m2/repository/com/fasterxml/jackson/module/jackson-module-jaxb-annotations/2.13.4/jackson-module-jaxb-annotations-2.13.4.jar:/home/runner/.m2/repository/jakarta/xml/bind/jakarta.xml.bind-api/2.3.3/jakarta.xml.bind-api-2.3.3.jar:/home/runner/.m2/repository/jakarta/activation/jakarta.activation-api/1.2.1/jakarta.activation-api-1.2.1.jar:/home/runner/.m2/repository/javax/enterprise/cdi-api/1.2/cdi-api-1.2.jar:/home/runner/.m2/repository/javax/el/javax.el-api/3.0.0/javax.el-api-3.0.0.jar:/home/runner/.m2/repository/javax/interceptor/javax.interceptor-api/1.2/javax.interceptor-api-1.2.jar:/home/runner/.m2/repository/javax/inject/javax.inject/1/javax.inject-1.jar:/home/runner/.m2/repository/javax/xml/bind/jaxb-api/2.3.0/jaxb-api-2.3.0.jar:/home/runner/.m2/repository/org/glassfish/jaxb/jaxb-runtime/2.3.0.1/jaxb-runtime-2.3.0.1.jar:/home/runner/.m2/repository/org/glassfish/jaxb/jaxb-core/2.3.0.1/jaxb-core-2.3.0.1.jar:/home/runner/.m2/repository/org/glassfish/jaxb/txw2/2.3.0.1/txw2-2.3.0.1.jar:/home/runner/.m2/repository/com/sun/istack/istack-commons-runtime/3.0.5/istack-commons-runtime-3.0.5.jar:/home/runner/.m2/repository/org/jvnet/staxex/stax-ex/1.7.8/stax-ex-1.7.8.jar:/home/runner/.m2/repository/com/sun/xml/fastinfoset/FastInfoset/1.2.13/FastInfoset-1.2.13.jar:/home/runner/.m2/repository/javax/activation/activation/1.1.1/activation-1.1.1.jar:/home/runner/.m2/repository/io/grpc/grpc-protobuf/1.48.1/grpc-protobuf-1.48.1.jar:/home/runner/.m2/repository/io/grpc/grpc-api/1.48.1/grpc-api-1.48.1.jar:/home/runner/.m2/repository/io/grpc/grpc-context/1.48.1/grpc-context-1.48.1.jar:/home/runner/.m2/repository/com/google/api/grpc/proto-google-common-protos/2.9.0/proto-google-common-protos-2.9.0.jar:/home/runner/.m2/repository/io/grpc/grpc-protobuf-lite/1.48.1/grpc-protobuf-lite-1.48.1.jar:/home/runner/.m2/repository/io/grpc/grpc-stub/1.48.1/grpc-stub-1.48.1.jar:/home/runner/.m2/repository/io/netty/netty-transport/4.1.79.Final/netty-transport-4.1.79.Final.jar:/home/runner/.m2/repository/io/netty/netty-resolver/4.1.79.Final/netty-resolver-4.1.79.Final.jar:/home/runner/.m2/repository/org/apache/ozone/ozone-csi/1.3.0-SNAPSHOT/ozone-csi-1.3.0-SNAPSHOT.jar:/home/runner/.m2/repository/com/google/protobuf/protobuf-java-util/3.19.2/protobuf-java-util-3.19.2.jar:/home/runner/.m2/repository/com/google/code/gson/gson/2.9.0/gson-2.9.0.jar:/home/runner/.m2/repository/org/apache/ozone/hdds-config/1.3.0-SNAPSHOT/hdds-config-1.3.0-SNAPSHOT.jar:/home/runner/.m2/repository/io/netty/netty-transport-native-epoll/4.1.79.Final/netty-transport-native-epoll-4.1.79.Final-linux-x86_64.jar:/home/runner/.m2/repository/io/netty/netty-transport-classes-epoll/4.1.79.Final/netty-transport-classes-epoll-4.1.79.Final.jar:/home/runner/.m2/repository/io/netty/netty-transport-native-unix-common/4.1.79.Final/netty-transport-native-unix-common-4.1.79.Final.jar:/home/runner/.m2/repository/org/slf4j/slf4j-reload4j/1.7.36/slf4j-reload4j-1.7.36.jar:/home/runner/.m2/repository/org/apache/ozone/ozone-recon/1.3.0-SNAPSHOT/ozone-recon-1.3.0-SNAPSHOT.jar:/home/runner/.m2/repository/org/apache/ozone/ozone-reconcodegen/1.3.0-SNAPSHOT/ozone-reconcodegen-1.3.0-SNAPSHOT.jar:/home/runner/.m2/repository/com/google/inject/extensions/guice-multibindings/4.0/guice-multibindings-4.0.jar:/home/runner/.m2/repository/com/google/inject/guice/4.0/guice-4.0.jar:/home/runner/.m2/repository/aopalliance/aopalliance/1.0/aopalliance-1.0.jar:/home/runner/.m2/repository/com/google/inject/extensions/guice-assistedinject/4.0/guice-assistedinject-4.0.jar:/home/runner/.m2/repository/com/google/inject/extensions/guice-servlet/4.0/guice-servlet-4.0.jar:/home/runner/.m2/repository/org/glassfish/jersey/containers/jersey-container-servlet/2.34/jersey-container-servlet-2.34.jar:/home/runner/.m2/repository/org/glassfish/hk2/guice-bridge/2.5.0/guice-bridge-2.5.0.jar:/home/runner/.m2/repository/org/glassfish/jersey/core/jersey-server/2.34/jersey-server-2.34.jar:/home/runner/.m2/repository/org/glassfish/jersey/core/jersey-client/2.34/jersey-client-2.34.jar:/home/runner/.m2/repository/jakarta/annotation/jakarta.annotation-api/1.3.5/jakarta.annotation-api-1.3.5.jar:/home/runner/.m2/repository/jakarta/validation/jakarta.validation-api/2.0.2/jakarta.validation-api-2.0.2.jar:/home/runner/.m2/repository/org/glassfish/jersey/media/jersey-media-json-jackson/2.34/jersey-media-json-jackson-2.34.jar:/home/runner/.m2/repository/org/glassfish/jersey/ext/jersey-entity-filtering/2.34/jersey-entity-filtering-2.34.jar:/home/runner/.m2/repository/org/jooq/jooq/3.11.10/jooq-3.11.10.jar:/home/runner/.m2/repository/org/jooq/jooq-meta/3.11.10/jooq-meta-3.11.10.jar:/home/runner/.m2/repository/org/jooq/jooq-codegen/3.11.10/jooq-codegen-3.11.10.jar:/home/runner/.m2/repository/com/jolbox/bonecp/0.8.0.RELEASE/bonecp-0.8.0.RELEASE.jar:/home/runner/.m2/repository/org/apache/derby/derby/10.14.2.0/derby-10.14.2.0.jar:/home/runner/.m2/repository/org/xerial/sqlite-jdbc/3.25.2/sqlite-jdbc-3.25.2.jar:/home/runner/.m2/repository/org/springframework/spring-jdbc/5.2.20.RELEASE/spring-jdbc-5.2.20.RELEASE.jar:/home/runner/.m2/repository/org/springframework/spring-beans/5.2.20.RELEASE/spring-beans-5.2.20.RELEASE.jar:/home/runner/.m2/repository/org/springframework/spring-core/5.2.20.RELEASE/spring-core-5.2.20.RELEASE.jar:/home/runner/.m2/repository/org/springframework/spring-jcl/5.2.20.RELEASE/spring-jcl-5.2.20.RELEASE.jar:/home/runner/.m2/repository/org/springframework/spring-tx/5.2.20.RELEASE/spring-tx-5.2.20.RELEASE.jar:/home/runner/.m2/repository/org/apache/ozone/ozone-client/1.3.0-SNAPSHOT/ozone-client-1.3.0-SNAPSHOT.jar:/home/runner/.m2/repository/org/apache/ozone/hdds-erasurecode/1.3.0-SNAPSHOT/hdds-erasurecode-1.3.0-SNAPSHOT.jar:/home/runner/.m2/repository/com/github/spotbugs/spotbugs-annotations/3.1.12/spotbugs-annotations-3.1.12.jar:/home/runner/.m2/repository/org/apache/ozone/ozone-filesystem/1.3.0-SNAPSHOT/ozone-filesystem-1.3.0-SNAPSHOT.jar:/home/runner/.m2/repository/org/apache/ozone/ozone-filesystem-common/1.3.0-SNAPSHOT/ozone-filesystem-common-1.3.0-SNAPSHOT.jar:/home/runner/.m2/repository/org/apache/ozone/ozone-tools/1.3.0-SNAPSHOT/ozone-tools-1.3.0-SNAPSHOT.jar:/home/runner/.m2/repository/org/apache/ratis/ratis-tools/2.4.0/ratis-tools-2.4.0.jar:/home/runner/.m2/repository/com/amazonaws/aws-java-sdk-core/1.12.261/aws-java-sdk-core-1.12.261.jar:/home/runner/.m2/repository/org/apache/httpcomponents/httpclient/4.5.13/httpclient-4.5.13.jar:/home/runner/.m2/repository/org/apache/httpcomponents/httpcore/4.4.13/httpcore-4.4.13.jar:/home/runner/.m2/repository/software/amazon/ion/ion-java/1.0.2/ion-java-1.0.2.jar:/home/runner/.m2/repository/com/fasterxml/jackson/dataformat/jackson-dataformat-cbor/2.13.4/jackson-dataformat-cbor-2.13.4.jar:/home/runner/.m2/repository/joda-time/joda-time/2.8.1/joda-time-2.8.1.jar:/home/runner/.m2/repository/com/amazonaws/aws-java-sdk-s3/1.12.261/aws-java-sdk-s3-1.12.261.jar:/home/runner/.m2/repository/com/amazonaws/aws-java-sdk-kms/1.12.261/aws-java-sdk-kms-1.12.261.jar:/home/runner/.m2/repository/com/amazonaws/jmespath-java/1.12.261/jmespath-java-1.12.261.jar:/home/runner/.m2/repository/org/kohsuke/metainf-services/metainf-services/1.8/metainf-services-1.8.jar:/home/runner/.m2/repository/org/apache/ozone/hdds-tools/1.3.0-SNAPSHOT/hdds-tools-1.3.0-SNAPSHOT.jar:/home/runner/.m2/repository/commons-cli/commons-cli/1.2/commons-cli-1.2.jar:/home/runner/.m2/repository/org/apache/commons/commons-lang3/3.7/commons-lang3-3.7.jar:/home/runner/.m2/repository/org/apache/ozone/ozone-manager/1.3.0-SNAPSHOT/ozone-manager-1.3.0-SNAPSHOT-tests.jar:/home/runner/.m2/repository/org/apache/ozone/hdds-common/1.3.0-SNAPSHOT/hdds-common-1.3.0-SNAPSHOT-tests.jar:/home/runner/.m2/repository/org/apache/ozone/hdds-hadoop-dependency-client/1.3.0-SNAPSHOT/hdds-hadoop-dependency-client-1.3.0-SNAPSHOT.jar:/home/runner/.m2/repository/info/picocli/picocli/4.6.1/picocli-4.6.1.jar:/home/runner/.m2/repository/com/fasterxml/jackson/core/jackson-annotations/2.13.4/jackson-annotations-2.13.4.jar:/home/runner/.m2/repository/com/fasterxml/jackson/datatype/jackson-datatype-jsr310/2.13.4/jackson-datatype-jsr310-2.13.4.jar:/home/runner/.m2/repository/org/apache/ozone/hdds-annotation-processing/1.3.0-SNAPSHOT/hdds-annotation-processing-1.3.0-SNAPSHOT.jar:/home/runner/.m2/repository/javax/annotation/javax.annotation-api/1.2/javax.annotation-api-1.2.jar:/home/runner/.m2/repository/org/apache/ratis/ratis-server/2.4.0/ratis-server-2.4.0.jar:/home/runner/.m2/repository/org/apache/ratis/ratis-client/2.4.0/ratis-client-2.4.0.jar:/home/runner/.m2/repository/org/apache/ratis/ratis-server-api/2.4.0/ratis-server-api-2.4.0.jar:/home/runner/.m2/repository/org/apache/ratis/ratis-metrics/2.4.0/ratis-metrics-2.4.0.jar:/home/runner/.m2/repository/org/apache/ratis/ratis-netty/2.4.0/ratis-netty-2.4.0.jar:/home/runner/.m2/repository/org/apache/ratis/ratis-grpc/2.4.0/ratis-grpc-2.4.0.jar:/home/runner/.m2/repository/org/apache/logging/log4j/log4j-api/2.17.1/log4j-api-2.17.1.jar:/home/runner/.m2/repository/org/apache/commons/commons-pool2/2.6.0/commons-pool2-2.6.0.jar:/home/runner/.m2/repository/org/bouncycastle/bcpkix-jdk15on/1.67/bcpkix-jdk15on-1.67.jar:/home/runner/.m2/repository/commons-validator/commons-validator/1.6/commons-validator-1.6.jar:/home/runner/.m2/repository/commons-beanutils/commons-beanutils/1.9.4/commons-beanutils-1.9.4.jar:/home/runner/.m2/repository/commons-digester/commons-digester/1.8.1/commons-digester-1.8.1.jar:/home/runner/.m2/repository/commons-collections/commons-collections/3.2.2/commons-collections-3.2.2.jar:/home/runner/.m2/repository/io/jaegertracing/jaeger-client/1.6.0/jaeger-client-1.6.0.jar:/home/runner/.m2/repository/io/jaegertracing/jaeger-thrift/1.6.0/jaeger-thrift-1.6.0.jar:/home/runner/.m2/repository/org/apache/thrift/libthrift/0.14.1/libthrift-0.14.1.jar:/home/runner/.m2/repository/io/jaegertracing/jaeger-core/1.6.0/jaeger-core-1.6.0.jar:/home/runner/.m2/repository/io/jaegertracing/jaeger-tracerresolver/1.6.0/jaeger-tracerresolver-1.6.0.jar:/home/runner/.m2/repository/io/opentracing/contrib/opentracing-tracerresolver/0.1.8/opentracing-tracerresolver-0.1.8.jar:/home/runner/.m2/repository/org/jetbrains/kotlin/kotlin-stdlib/1.6.21/kotlin-stdlib-1.6.21.jar:/home/runner/.m2/repository/org/jetbrains/annotations/13.0/annotations-13.0.jar:/home/runner/.m2/repository/io/opentracing/opentracing-util/0.33.0/opentracing-util-0.33.0.jar:/home/runner/.m2/repository/io/opentracing/opentracing-api/0.33.0/opentracing-api-0.33.0.jar:/home/runner/.m2/repository/io/opentracing/opentracing-noop/0.33.0/opentracing-noop-0.33.0.jar:/home/runner/.m2/repository/org/yaml/snakeyaml/1.32/snakeyaml-1.32.jar:/home/runner/.m2/repository/org/apache/ozone/hdds-interface-admin/1.3.0-SNAPSHOT/hdds-interface-admin-1.3.0-SNAPSHOT.jar:/home/runner/.m2/repository/junit/junit/4.13.1/junit-4.13.1.jar:/home/runner/.m2/repository/org/hamcrest/hamcrest-core/1.3/hamcrest-core-1.3.jar:/home/runner/.m2/repository/org/junit/jupiter/junit-jupiter-api/5.8.2/junit-jupiter-api-5.8.2.jar:/home/runner/.m2/repository/org/opentest4j/opentest4j/1.2.0/opentest4j-1.2.0.jar:/home/runner/.m2/repository/org/junit/platform/junit-platform-commons/1.8.2/junit-platform-commons-1.8.2.jar:/home/runner/.m2/repository/org/apiguardian/apiguardian-api/1.1.2/apiguardian-api-1.1.2.jar:/home/runner/.m2/repository/org/junit/jupiter/junit-jupiter-params/5.8.2/junit-jupiter-params-5.8.2.jar:/home/runner/.m2/repository/org/junit/jupiter/junit-jupiter-migrationsupport/5.8.2/junit-jupiter-migrationsupport-5.8.2.jar:/home/runner/.m2/repository/org/junit/jupiter/junit-jupiter-engine/5.8.2/junit-jupiter-engine-5.8.2.jar:/home/runner/.m2/repository/org/junit/platform/junit-platform-engine/1.8.2/junit-platform-engine-1.8.2.jar:/home/runner/.m2/repository/org/junit/vintage/junit-vintage-engine/5.8.2/junit-vintage-engine-5.8.2.jar:/home/runner/.m2/repository/org/junit/platform/junit-platform-launcher/1.8.2/junit-platform-launcher-1.8.2.jar:/home/runner/.m2/repository/org/mockito/mockito-core/2.28.2/mockito-core-2.28.2.jar:/home/runner/.m2/repository/net/bytebuddy/byte-buddy/1.9.10/byte-buddy-1.9.10.jar:/home/runner/.m2/repository/net/bytebuddy/byte-buddy-agent/1.9.10/byte-buddy-agent-1.9.10.jar:/home/runner/.m2/repository/org/objenesis/objenesis/1.0/objenesis-1.0.jar:/home/runner/.m2/repository/org/apache/hadoop/hadoop-kms/3.3.4/hadoop-kms-3.3.4.jar:/home/runner/.m2/repository/org/apache/hadoop/hadoop-auth/3.3.4/hadoop-auth-3.3.4.jar:/home/runner/.m2/repository/com/nimbusds/nimbus-jose-jwt/7.9/nimbus-jose-jwt-7.9.jar:/home/runner/.m2/repository/com/github/stephenc/jcip/jcip-annotations/1.0-1/jcip-annotations-1.0-1.jar:/home/runner/.m2/repository/net/minidev/json-smart/2.4.7/json-smart-2.4.7.jar:/home/runner/.m2/repository/net/minidev/accessors-smart/2.4.7/accessors-smart-2.4.7.jar:/home/runner/.m2/repository/org/ow2/asm/asm/5.0.4/asm-5.0.4.jar:/home/runner/.m2/repository/org/apache/zookeeper/zookeeper/3.5.6/zookeeper-3.5.6.jar:/home/runner/.m2/repository/org/apache/zookeeper/zookeeper-jute/3.5.6/zookeeper-jute-3.5.6.jar:/home/runner/.m2/repository/org/apache/yetus/audience-annotations/0.5.0/audience-annotations-0.5.0.jar:/home/runner/.m2/repository/org/apache/curator/curator-framework/4.2.0/curator-framework-4.2.0.jar:/home/runner/.m2/repository/org/apache/hadoop/thirdparty/hadoop-shaded-guava/1.1.1/hadoop-shaded-guava-1.1.1.jar:/home/runner/.m2/repository/com/sun/jersey/jersey-core/1.19/jersey-core-1.19.jar:/home/runner/.m2/repository/javax/ws/rs/jsr311-api/1.1.1/jsr311-api-1.1.1.jar:/home/runner/.m2/repository/com/sun/jersey/jersey-server/1.19/jersey-server-1.19.jar:/home/runner/.m2/repository/javax/servlet/javax.servlet-api/3.1.0/javax.servlet-api-3.1.0.jar:/home/runner/.m2/repository/org/eclipse/jetty/jetty-server/9.4.43.v20210629/jetty-server-9.4.43.v20210629.jar:/home/runner/.m2/repository/org/eclipse/jetty/jetty-http/9.4.43.v20210629/jetty-http-9.4.43.v20210629.jar:/home/runner/.m2/repository/org/eclipse/jetty/jetty-io/9.4.43.v20210629/jetty-io-9.4.43.v20210629.jar:/home/runner/.m2/repository/org/eclipse/jetty/jetty-webapp/9.4.43.v20210629/jetty-webapp-9.4.43.v20210629.jar:/home/runner/.m2/repository/org/eclipse/jetty/jetty-xml/9.4.43.v20210629/jetty-xml-9.4.43.v20210629.jar:/home/runner/.m2/repository/org/apache/hadoop/hadoop-common/3.3.4/hadoop-common-3.3.4.jar:/home/runner/.m2/repository/org/apache/commons/commons-math3/3.1.1/commons-math3-3.1.1.jar:/home/runner/.m2/repository/commons-net/commons-net/3.6/commons-net-3.6.jar:/home/runner/.m2/repository/com/sun/jersey/jersey-servlet/1.19/jersey-servlet-1.19.jar:/home/runner/.m2/repository/com/sun/jersey/jersey-json/1.19/jersey-json-1.19.jar:/home/runner/.m2/repository/org/codehaus/jettison/jettison/1.1/jettison-1.1.jar:/home/runner/.m2/repository/com/sun/xml/bind/jaxb-impl/2.2.3-1/jaxb-impl-2.2.3-1.jar:/home/runner/.m2/repository/org/codehaus/jackson/jackson-xc/1.9.2/jackson-xc-1.9.2.jar:/home/runner/.m2/repository/org/apache/commons/commons-configuration2/2.1.1/commons-configuration2-2.1.1.jar:/home/runner/.m2/repository/org/apache/commons/commons-text/1.4/commons-text-1.4.jar:/home/runner/.m2/repository/com/google/re2j/re2j/1.1/re2j-1.1.jar:/home/runner/.m2/repository/com/jcraft/jsch/0.1.54/jsch-0.1.54.jar:/home/runner/.m2/repository/org/apache/curator/curator-client/4.2.0/curator-client-4.2.0.jar:/home/runner/.m2/repository/org/apache/curator/curator-recipes/4.2.0/curator-recipes-4.2.0.jar:/home/runner/.m2/repository/org/apache/kerby/kerb-core/1.0.1/kerb-core-1.0.1.jar:/home/runner/.m2/repository/org/apache/kerby/kerby-pkix/1.0.1/kerby-pkix-1.0.1.jar:/home/runner/.m2/repository/org/apache/kerby/kerby-asn1/1.0.1/kerby-asn1-1.0.1.jar:/home/runner/.m2/repository/org/apache/kerby/kerby-util/1.0.1/kerby-util-1.0.1.jar:/home/runner/.m2/repository/dnsjava/dnsjava/2.1.7/dnsjava-2.1.7.jar:/home/runner/.m2/repository/org/xerial/snappy/snappy-java/1.1.8.2/snappy-java-1.1.8.2.jar:/home/runner/.m2/repository/org/eclipse/jetty/jetty-util/9.4.43.v20210629/jetty-util-9.4.43.v20210629.jar:/home/runner/.m2/repository/com/fasterxml/jackson/core/jackson-databind/2.13.4.2/jackson-databind-2.13.4.2.jar:/home/runner/.m2/repository/org/apache/hadoop/hadoop-kms/3.3.4/hadoop-kms-3.3.4-tests.jar:/home/runner/.m2/repository/org/apache/ozone/hdds-server-scm/1.3.0-SNAPSHOT/hdds-server-scm-1.3.0-SNAPSHOT-tests.jar:/home/runner/.m2/repository/org/apache/ozone/hdds-container-service/1.3.0-SNAPSHOT/hdds-container-service-1.3.0-SNAPSHOT-tests.jar:/home/runner/.m2/repository/commons-codec/commons-codec/1.11/commons-codec-1.11.jar:/home/runner/.m2/repository/io/netty/netty-codec/4.1.79.Final/netty-codec-4.1.79.Final.jar:/home/runner/.m2/repository/io/netty/netty-handler/4.1.79.Final/netty-handler-4.1.79.Final.jar:/home/runner/.m2/repository/org/apache/ozone/hdds-hadoop-dependency-test/1.3.0-SNAPSHOT/hdds-hadoop-dependency-test-1.3.0-SNAPSHOT.jar:/home/runner/.m2/repository/org/apache/hadoop/hadoop-common/3.3.4/hadoop-common-3.3.4-tests.jar:/home/runner/.m2/repository/org/apache/hadoop/hadoop-hdfs/3.3.4/hadoop-hdfs-3.3.4-tests.jar:/home/runner/.m2/repository/org/assertj/assertj-core/3.12.2/assertj-core-3.12.2.jar:/home/runner/.m2/repository/org/apache/hadoop/hadoop-distcp/3.3.4/hadoop-distcp-3.3.4.jar:/home/runner/.m2/repository/org/apache/hadoop/hadoop-mapreduce-client-jobclient/3.3.4/hadoop-mapreduce-client-jobclient-3.3.4.jar:/home/runner/.m2/repository/org/apache/hadoop/hadoop-mapreduce-client-common/3.3.4/hadoop-mapreduce-client-common-3.3.4.jar:/home/runner/.m2/repository/org/apache/hadoop/hadoop-yarn-common/3.3.4/hadoop-yarn-common-3.3.4.jar:/home/runner/.m2/repository/org/apache/hadoop/hadoop-yarn-api/3.3.4/hadoop-yarn-api-3.3.4.jar:/home/runner/.m2/repository/com/sun/jersey/contribs/jersey-guice/1.19/jersey-guice-1.19.jar:/home/runner/.m2/repository/com/fasterxml/jackson/jaxrs/jackson-jaxrs-json-provider/2.13.4/jackson-jaxrs-json-provider-2.13.4.jar:/home/runner/.m2/repository/com/fasterxml/jackson/jaxrs/jackson-jaxrs-base/2.13.4/jackson-jaxrs-base-2.13.4.jar:/home/runner/.m2/repository/org/apache/hadoop/hadoop-yarn-client/3.3.4/hadoop-yarn-client-3.3.4.jar:/home/runner/.m2/repository/org/eclipse/jetty/websocket/websocket-client/9.4.43.v20210629/websocket-client-9.4.43.v20210629.jar:/home/runner/.m2/repository/org/eclipse/jetty/websocket/websocket-common/9.4.43.v20210629/websocket-common-9.4.43.v20210629.jar:/home/runner/.m2/repository/org/eclipse/jetty/websocket/websocket-api/9.4.43.v20210629/websocket-api-9.4.43.v20210629.jar:/home/runner/.m2/repository/org/jline/jline/3.9.0/jline-3.9.0.jar:/home/runner/.m2/repository/org/apache/hadoop/hadoop-mapreduce-client-core/3.3.4/hadoop-mapreduce-client-core-3.3.4.jar:/home/runner/.m2/repository/org/apache/avro/avro/1.7.7/avro-1.7.7.jar:/home/runner/.m2/repository/org/codehaus/jackson/jackson-core-asl/1.9.13/jackson-core-asl-1.9.13.jar:/home/runner/.m2/repository/org/codehaus/jackson/jackson-mapper-asl/1.9.13/jackson-mapper-asl-1.9.13.jar:/home/runner/.m2/repository/com/thoughtworks/paranamer/paranamer/2.3/paranamer-2.3.jar:/home/runner/.m2/repository/org/apache/hadoop/hadoop-annotations/3.3.4/hadoop-annotations-3.3.4.jar:/usr/lib/jvm/temurin-8-jdk-amd64/jre/../lib/tools.jar:/home/runner/.m2/repository/io/netty/netty/3.10.6.Final/netty-3.10.6.Final.jar:/home/runner/.m2/repository/org/apache/hadoop/hadoop-distcp/3.3.4/hadoop-distcp-3.3.4-tests.jar:/home/runner/.m2/repository/org/slf4j/jul-to-slf4j/1.7.36/jul-to-slf4j-1.7.36.jar:/home/runner/.m2/repository/org/apache/ratis/ratis-common/2.4.0/ratis-common-2.4.0.jar:/home/runner/.m2/repository/org/apache/ratis/ratis-thirdparty-misc/1.0.2/ratis-thirdparty-misc-1.0.2.jar:/home/runner/.m2/repository/org/apache/ratis/ratis-proto/2.4.0/ratis-proto-2.4.0.jar:"/>
    <property name="java.vm.vendor" value="Temurin"/>
    <property name="sun.arch.data.model" value="64"/>
    <property name="test.build.dir" value="/home/runner/work/ozone/ozone/hadoop-ozone/integration-test/target/test-dir"/>
    <property name="test.cache.data" value=""/>
    <property name="java.vendor.url" value="https://adoptium.net/"/>
    <property name="user.timezone" value="Etc/UTC"/>
    <property name="java.vm.specification.version" value="1.8"/>
    <property name="os.name" value="Linux"/>
    <property name="test.build.data" value="/home/runner/work/ozone/ozone/hadoop-ozone/integration-test/target/test-dir"/>
    <property name="sun.java.launcher" value="SUN_STANDARD"/>
    <property name="sun.boot.library.path" value="/usr/lib/jvm/temurin-8-jdk-amd64/jre/lib/amd64"/>
    <property name="sun.java.command" value="/home/runner/work/ozone/ozone/hadoop-ozone/integration-test/target/surefire/surefirebooter6694618442363150936.jar /home/runner/work/ozone/ozone/hadoop-ozone/integration-test/target/surefire 2022-10-19T08-30-44_173-jvmRun1 surefire1773995591595627530tmp surefire_236153994140248065566tmp"/>
    <property name="surefire.test.class.path" value="/home/runner/work/ozone/ozone/hadoop-ozone/integration-test/target/test-classes:/home/runner/work/ozone/ozone/hadoop-ozone/integration-test/target/classes:/home/runner/.m2/repository/org/apache/ozone/ozone-common/1.3.0-SNAPSHOT/ozone-common-1.3.0-SNAPSHOT.jar:/home/runner/.m2/repository/io/grpc/grpc-netty/1.48.1/grpc-netty-1.48.1.jar:/home/runner/.m2/repository/io/grpc/grpc-core/1.48.1/grpc-core-1.48.1.jar:/home/runner/.m2/repository/com/google/android/annotations/4.1.1.4/annotations-4.1.1.4.jar:/home/runner/.m2/repository/org/codehaus/mojo/animal-sniffer-annotations/1.21/animal-sniffer-annotations-1.21.jar:/home/runner/.m2/repository/com/google/errorprone/error_prone_annotations/2.2.0/error_prone_annotations-2.2.0.jar:/home/runner/.m2/repository/io/perfmark/perfmark-api/0.25.0/perfmark-api-0.25.0.jar:/home/runner/.m2/repository/io/netty/netty-codec-http2/4.1.79.Final/netty-codec-http2-4.1.79.Final.jar:/home/runner/.m2/repository/io/netty/netty-common/4.1.79.Final/netty-common-4.1.79.Final.jar:/home/runner/.m2/repository/io/netty/netty-buffer/4.1.79.Final/netty-buffer-4.1.79.Final.jar:/home/runner/.m2/repository/io/netty/netty-codec-http/4.1.79.Final/netty-codec-http-4.1.79.Final.jar:/home/runner/.m2/repository/io/netty/netty-handler-proxy/4.1.79.Final/netty-handler-proxy-4.1.79.Final.jar:/home/runner/.m2/repository/io/netty/netty-codec-socks/4.1.79.Final/netty-codec-socks-4.1.79.Final.jar:/home/runner/.m2/repository/io/netty/netty-tcnative-boringssl-static/2.0.53.Final/netty-tcnative-boringssl-static-2.0.53.Final.jar:/home/runner/.m2/repository/io/netty/netty-tcnative-classes/2.0.53.Final/netty-tcnative-classes-2.0.53.Final.jar:/home/runner/.m2/repository/io/netty/netty-tcnative-boringssl-static/2.0.53.Final/netty-tcnative-boringssl-static-2.0.53.Final-linux-x86_64.jar:/home/runner/.m2/repository/io/netty/netty-tcnative-boringssl-static/2.0.53.Final/netty-tcnative-boringssl-static-2.0.53.Final-linux-aarch_64.jar:/home/runner/.m2/repository/io/netty/netty-tcnative-boringssl-static/2.0.53.Final/netty-tcnative-boringssl-static-2.0.53.Final-osx-x86_64.jar:/home/runner/.m2/repository/io/netty/netty-tcnative-boringssl-static/2.0.53.Final/netty-tcnative-boringssl-static-2.0.53.Final-osx-aarch_64.jar:/home/runner/.m2/repository/io/netty/netty-tcnative-boringssl-static/2.0.53.Final/netty-tcnative-boringssl-static-2.0.53.Final-windows-x86_64.jar:/home/runner/.m2/repository/org/apache/commons/commons-compress/1.21/commons-compress-1.21.jar:/home/runner/.m2/repository/org/apache/ozone/hdds-common/1.3.0-SNAPSHOT/hdds-common-1.3.0-SNAPSHOT.jar:/home/runner/.m2/repository/org/apache/ozone/hdds-client/1.3.0-SNAPSHOT/hdds-client-1.3.0-SNAPSHOT.jar:/home/runner/.m2/repository/org/apache/ozone/ozone-interface-client/1.3.0-SNAPSHOT/ozone-interface-client-1.3.0-SNAPSHOT.jar:/home/runner/.m2/repository/org/apache/ozone/hdds-test-utils/1.3.0-SNAPSHOT/hdds-test-utils-1.3.0-SNAPSHOT.jar:/home/runner/.m2/repository/com/google/guava/guava/31.1-jre/guava-31.1-jre.jar:/home/runner/.m2/repository/com/google/guava/failureaccess/1.0.1/failureaccess-1.0.1.jar:/home/runner/.m2/repository/com/google/guava/listenablefuture/9999.0-empty-to-avoid-conflict-with-guava/listenablefuture-9999.0-empty-to-avoid-conflict-with-guava.jar:/home/runner/.m2/repository/com/google/code/findbugs/jsr305/3.0.0/jsr305-3.0.0.jar:/home/runner/.m2/repository/org/checkerframework/checker-qual/3.12.0/checker-qual-3.12.0.jar:/home/runner/.m2/repository/com/google/j2objc/j2objc-annotations/1.3/j2objc-annotations-1.3.jar:/home/runner/.m2/repository/commons-io/commons-io/2.11.0/commons-io-2.11.0.jar:/home/runner/.m2/repository/commons-logging/commons-logging/1.2/commons-logging-1.2.jar:/home/runner/.m2/repository/ch/qos/reload4j/reload4j/1.2.22/reload4j-1.2.22.jar:/home/runner/.m2/repository/org/slf4j/slf4j-api/1.7.36/slf4j-api-1.7.36.jar:/home/runner/.m2/repository/org/apache/ozone/hdds-server-scm/1.3.0-SNAPSHOT/hdds-server-scm-1.3.0-SNAPSHOT.jar:/home/runner/.m2/repository/org/apache/ozone/hdds-container-service/1.3.0-SNAPSHOT/hdds-container-service-1.3.0-SNAPSHOT.jar:/home/runner/.m2/repository/org/apache/ozone/hdds-hadoop-dependency-server/1.3.0-SNAPSHOT/hdds-hadoop-dependency-server-1.3.0-SNAPSHOT.jar:/home/runner/.m2/repository/org/apache/hadoop/hadoop-hdfs/3.3.4/hadoop-hdfs-3.3.4.jar:/home/runner/.m2/repository/org/eclipse/jetty/jetty-util-ajax/9.4.43.v20210629/jetty-util-ajax-9.4.43.v20210629.jar:/home/runner/.m2/repository/commons-daemon/commons-daemon/1.0.13/commons-daemon-1.0.13.jar:/home/runner/.m2/repository/org/apache/ozone/hdds-server-framework/1.3.0-SNAPSHOT/hdds-server-framework-1.3.0-SNAPSHOT.jar:/home/runner/.m2/repository/org/apache/ozone/hdds-interface-server/1.3.0-SNAPSHOT/hdds-interface-server-1.3.0-SNAPSHOT.jar:/home/runner/.m2/repository/org/apache/logging/log4j/log4j-core/2.17.1/log4j-core-2.17.1.jar:/home/runner/.m2/repository/com/lmax/disruptor/3.4.2/disruptor-3.4.2.jar:/home/runner/.m2/repository/org/eclipse/jetty/jetty-servlet/9.4.43.v20210629/jetty-servlet-9.4.43.v20210629.jar:/home/runner/.m2/repository/org/eclipse/jetty/jetty-security/9.4.43.v20210629/jetty-security-9.4.43.v20210629.jar:/home/runner/.m2/repository/org/rocksdb/rocksdbjni/7.4.5/rocksdbjni-7.4.5.jar:/home/runner/.m2/repository/io/prometheus/simpleclient_dropwizard/0.7.0/simpleclient_dropwizard-0.7.0.jar:/home/runner/.m2/repository/io/prometheus/simpleclient/0.7.0/simpleclient-0.7.0.jar:/home/runner/.m2/repository/io/prometheus/simpleclient_common/0.7.0/simpleclient_common-0.7.0.jar:/home/runner/.m2/repository/io/dropwizard/metrics/metrics-core/3.2.4/metrics-core-3.2.4.jar:/home/runner/.m2/repository/org/apache/hadoop/hadoop-hdfs-client/3.3.4/hadoop-hdfs-client-3.3.4.jar:/home/runner/.m2/repository/com/squareup/okhttp3/okhttp/4.9.3/okhttp-4.9.3.jar:/home/runner/.m2/repository/com/squareup/okio/okio/2.8.0/okio-2.8.0.jar:/home/runner/.m2/repository/org/jetbrains/kotlin/kotlin-stdlib-common/1.4.10/kotlin-stdlib-common-1.4.10.jar:/home/runner/.m2/repository/org/bouncycastle/bcprov-jdk15on/1.67/bcprov-jdk15on-1.67.jar:/home/runner/.m2/repository/com/google/protobuf/protobuf-java/2.5.0/protobuf-java-2.5.0.jar:/home/runner/.m2/repository/org/apache/ozone/ozone-manager/1.3.0-SNAPSHOT/ozone-manager-1.3.0-SNAPSHOT.jar:/home/runner/.m2/repository/org/aspectj/aspectjrt/1.9.7/aspectjrt-1.9.7.jar:/home/runner/.m2/repository/org/aspectj/aspectjweaver/1.9.7/aspectjweaver-1.9.7.jar:/home/runner/.m2/repository/org/apache/ozone/hdds-interface-client/1.3.0-SNAPSHOT/hdds-interface-client-1.3.0-SNAPSHOT.jar:/home/runner/.m2/repository/org/apache/hadoop/thirdparty/hadoop-shaded-protobuf_3_7/1.1.1/hadoop-shaded-protobuf_3_7-1.1.1.jar:/home/runner/.m2/repository/org/apache/ozone/ozone-interface-storage/1.3.0-SNAPSHOT/ozone-interface-storage-1.3.0-SNAPSHOT.jar:/home/runner/.m2/repository/org/reflections/reflections/0.9.11/reflections-0.9.11.jar:/home/runner/.m2/repository/com/sun/jersey/jersey-client/1.19/jersey-client-1.19.jar:/home/runner/.m2/repository/org/apache/ranger/ranger-intg/2.3.0/ranger-intg-2.3.0.jar:/home/runner/.m2/repository/org/apache/ranger/ranger-plugins-common/2.3.0/ranger-plugins-common-2.3.0.jar:/home/runner/.m2/repository/commons-lang/commons-lang/2.6/commons-lang-2.6.jar:/home/runner/.m2/repository/org/codehaus/jackson/jackson-jaxrs/1.9.13/jackson-jaxrs-1.9.13.jar:/home/runner/.m2/repository/org/apache/ranger/ranger-plugins-cred/2.3.0/ranger-plugins-cred-2.3.0.jar:/home/runner/.m2/repository/org/apache/ranger/ranger-plugins-audit/2.3.0/ranger-plugins-audit-2.3.0.jar:/home/runner/.m2/repository/org/eclipse/jetty/jetty-client/9.4.31.v20200723/jetty-client-9.4.31.v20200723.jar:/home/runner/.m2/repository/org/apache/httpcomponents/httpmime/4.5.6/httpmime-4.5.6.jar:/home/runner/.m2/repository/org/apache/httpcomponents/httpcore-nio/4.4.6/httpcore-nio-4.4.6.jar:/home/runner/.m2/repository/org/apache/httpcomponents/httpasyncclient/4.1.3/httpasyncclient-4.1.3.jar:/home/runner/.m2/repository/com/carrotsearch/hppc/0.8.0/hppc-0.8.0.jar:/home/runner/.m2/repository/org/apache/orc/orc-core/1.5.8/orc-core-1.5.8.jar:/home/runner/.m2/repository/net/java/dev/jna/jna/5.2.0/jna-5.2.0.jar:/home/runner/.m2/repository/net/java/dev/jna/jna-platform/5.2.0/jna-platform-5.2.0.jar:/home/runner/.m2/repository/com/kstruct/gethostname4j/0.0.2/gethostname4j-0.0.2.jar:/home/runner/.m2/repository/org/apache/ranger/ranger-plugin-classloader/2.3.0/ranger-plugin-classloader-2.3.0.jar:/home/runner/.m2/repository/org/apache/hadoop/hadoop-minikdc/3.3.4/hadoop-minikdc-3.3.4.jar:/home/runner/.m2/repository/org/apache/kerby/kerb-simplekdc/1.0.1/kerb-simplekdc-1.0.1.jar:/home/runner/.m2/repository/org/apache/kerby/kerb-client/1.0.1/kerb-client-1.0.1.jar:/home/runner/.m2/repository/org/apache/kerby/kerby-config/1.0.1/kerby-config-1.0.1.jar:/home/runner/.m2/repository/org/apache/kerby/kerb-common/1.0.1/kerb-common-1.0.1.jar:/home/runner/.m2/repository/org/apache/kerby/kerb-crypto/1.0.1/kerb-crypto-1.0.1.jar:/home/runner/.m2/repository/org/apache/kerby/kerb-util/1.0.1/kerb-util-1.0.1.jar:/home/runner/.m2/repository/org/apache/kerby/token-provider/1.0.1/token-provider-1.0.1.jar:/home/runner/.m2/repository/org/apache/kerby/kerb-admin/1.0.1/kerb-admin-1.0.1.jar:/home/runner/.m2/repository/org/apache/kerby/kerb-server/1.0.1/kerb-server-1.0.1.jar:/home/runner/.m2/repository/org/apache/kerby/kerb-identity/1.0.1/kerb-identity-1.0.1.jar:/home/runner/.m2/repository/org/apache/kerby/kerby-xdr/1.0.1/kerby-xdr-1.0.1.jar:/home/runner/.m2/repository/org/apache/ozone/ozone-s3gateway/1.3.0-SNAPSHOT/ozone-s3gateway-1.3.0-SNAPSHOT.jar:/home/runner/.m2/repository/org/javassist/javassist/3.21.0-GA/javassist-3.21.0-GA.jar:/home/runner/.m2/repository/org/jboss/weld/servlet/weld-servlet/2.4.7.Final/weld-servlet-2.4.7.Final.jar:/home/runner/.m2/repository/org/glassfish/jersey/containers/jersey-container-servlet-core/2.34/jersey-container-servlet-core-2.34.jar:/home/runner/.m2/repository/org/glassfish/hk2/external/jakarta.inject/2.6.1/jakarta.inject-2.6.1.jar:/home/runner/.m2/repository/org/glassfish/jersey/core/jersey-common/2.34/jersey-common-2.34.jar:/home/runner/.m2/repository/jakarta/ws/rs/jakarta.ws.rs-api/2.1.6/jakarta.ws.rs-api-2.1.6.jar:/home/runner/.m2/repository/org/glassfish/jersey/ext/cdi/jersey-cdi1x/2.34/jersey-cdi1x-2.34.jar:/home/runner/.m2/repository/org/glassfish/jersey/inject/jersey-hk2/2.34/jersey-hk2-2.34.jar:/home/runner/.m2/repository/org/glassfish/hk2/hk2-locator/2.6.1/hk2-locator-2.6.1.jar:/home/runner/.m2/repository/org/glassfish/jersey/media/jersey-media-jaxb/2.34/jersey-media-jaxb-2.34.jar:/home/runner/.m2/repository/org/glassfish/hk2/osgi-resource-locator/1.0.3/osgi-resource-locator-1.0.3.jar:/home/runner/.m2/repository/org/glassfish/hk2/hk2-api/2.5.0/hk2-api-2.5.0.jar:/home/runner/.m2/repository/org/glassfish/hk2/hk2-utils/2.5.0/hk2-utils-2.5.0.jar:/home/runner/.m2/repository/org/glassfish/hk2/external/aopalliance-repackaged/2.5.0/aopalliance-repackaged-2.5.0.jar:/home/runner/.m2/repository/com/fasterxml/jackson/dataformat/jackson-dataformat-xml/2.13.4/jackson-dataformat-xml-2.13.4.jar:/home/runner/.m2/repository/com/fasterxml/jackson/core/jackson-core/2.13.4/jackson-core-2.13.4.jar:/home/runner/.m2/repository/org/codehaus/woodstox/stax2-api/3.1.4/stax2-api-3.1.4.jar:/home/runner/.m2/repository/com/fasterxml/woodstox/woodstox-core/5.0.3/woodstox-core-5.0.3.jar:/home/runner/.m2/repository/com/fasterxml/jackson/module/jackson-module-jaxb-annotations/2.13.4/jackson-module-jaxb-annotations-2.13.4.jar:/home/runner/.m2/repository/jakarta/xml/bind/jakarta.xml.bind-api/2.3.3/jakarta.xml.bind-api-2.3.3.jar:/home/runner/.m2/repository/jakarta/activation/jakarta.activation-api/1.2.1/jakarta.activation-api-1.2.1.jar:/home/runner/.m2/repository/javax/enterprise/cdi-api/1.2/cdi-api-1.2.jar:/home/runner/.m2/repository/javax/el/javax.el-api/3.0.0/javax.el-api-3.0.0.jar:/home/runner/.m2/repository/javax/interceptor/javax.interceptor-api/1.2/javax.interceptor-api-1.2.jar:/home/runner/.m2/repository/javax/inject/javax.inject/1/javax.inject-1.jar:/home/runner/.m2/repository/javax/xml/bind/jaxb-api/2.3.0/jaxb-api-2.3.0.jar:/home/runner/.m2/repository/org/glassfish/jaxb/jaxb-runtime/2.3.0.1/jaxb-runtime-2.3.0.1.jar:/home/runner/.m2/repository/org/glassfish/jaxb/jaxb-core/2.3.0.1/jaxb-core-2.3.0.1.jar:/home/runner/.m2/repository/org/glassfish/jaxb/txw2/2.3.0.1/txw2-2.3.0.1.jar:/home/runner/.m2/repository/com/sun/istack/istack-commons-runtime/3.0.5/istack-commons-runtime-3.0.5.jar:/home/runner/.m2/repository/org/jvnet/staxex/stax-ex/1.7.8/stax-ex-1.7.8.jar:/home/runner/.m2/repository/com/sun/xml/fastinfoset/FastInfoset/1.2.13/FastInfoset-1.2.13.jar:/home/runner/.m2/repository/javax/activation/activation/1.1.1/activation-1.1.1.jar:/home/runner/.m2/repository/io/grpc/grpc-protobuf/1.48.1/grpc-protobuf-1.48.1.jar:/home/runner/.m2/repository/io/grpc/grpc-api/1.48.1/grpc-api-1.48.1.jar:/home/runner/.m2/repository/io/grpc/grpc-context/1.48.1/grpc-context-1.48.1.jar:/home/runner/.m2/repository/com/google/api/grpc/proto-google-common-protos/2.9.0/proto-google-common-protos-2.9.0.jar:/home/runner/.m2/repository/io/grpc/grpc-protobuf-lite/1.48.1/grpc-protobuf-lite-1.48.1.jar:/home/runner/.m2/repository/io/grpc/grpc-stub/1.48.1/grpc-stub-1.48.1.jar:/home/runner/.m2/repository/io/netty/netty-transport/4.1.79.Final/netty-transport-4.1.79.Final.jar:/home/runner/.m2/repository/io/netty/netty-resolver/4.1.79.Final/netty-resolver-4.1.79.Final.jar:/home/runner/.m2/repository/org/apache/ozone/ozone-csi/1.3.0-SNAPSHOT/ozone-csi-1.3.0-SNAPSHOT.jar:/home/runner/.m2/repository/com/google/protobuf/protobuf-java-util/3.19.2/protobuf-java-util-3.19.2.jar:/home/runner/.m2/repository/com/google/code/gson/gson/2.9.0/gson-2.9.0.jar:/home/runner/.m2/repository/org/apache/ozone/hdds-config/1.3.0-SNAPSHOT/hdds-config-1.3.0-SNAPSHOT.jar:/home/runner/.m2/repository/io/netty/netty-transport-native-epoll/4.1.79.Final/netty-transport-native-epoll-4.1.79.Final-linux-x86_64.jar:/home/runner/.m2/repository/io/netty/netty-transport-classes-epoll/4.1.79.Final/netty-transport-classes-epoll-4.1.79.Final.jar:/home/runner/.m2/repository/io/netty/netty-transport-native-unix-common/4.1.79.Final/netty-transport-native-unix-common-4.1.79.Final.jar:/home/runner/.m2/repository/org/slf4j/slf4j-reload4j/1.7.36/slf4j-reload4j-1.7.36.jar:/home/runner/.m2/repository/org/apache/ozone/ozone-recon/1.3.0-SNAPSHOT/ozone-recon-1.3.0-SNAPSHOT.jar:/home/runner/.m2/repository/org/apache/ozone/ozone-reconcodegen/1.3.0-SNAPSHOT/ozone-reconcodegen-1.3.0-SNAPSHOT.jar:/home/runner/.m2/repository/com/google/inject/extensions/guice-multibindings/4.0/guice-multibindings-4.0.jar:/home/runner/.m2/repository/com/google/inject/guice/4.0/guice-4.0.jar:/home/runner/.m2/repository/aopalliance/aopalliance/1.0/aopalliance-1.0.jar:/home/runner/.m2/repository/com/google/inject/extensions/guice-assistedinject/4.0/guice-assistedinject-4.0.jar:/home/runner/.m2/repository/com/google/inject/extensions/guice-servlet/4.0/guice-servlet-4.0.jar:/home/runner/.m2/repository/org/glassfish/jersey/containers/jersey-container-servlet/2.34/jersey-container-servlet-2.34.jar:/home/runner/.m2/repository/org/glassfish/hk2/guice-bridge/2.5.0/guice-bridge-2.5.0.jar:/home/runner/.m2/repository/org/glassfish/jersey/core/jersey-server/2.34/jersey-server-2.34.jar:/home/runner/.m2/repository/org/glassfish/jersey/core/jersey-client/2.34/jersey-client-2.34.jar:/home/runner/.m2/repository/jakarta/annotation/jakarta.annotation-api/1.3.5/jakarta.annotation-api-1.3.5.jar:/home/runner/.m2/repository/jakarta/validation/jakarta.validation-api/2.0.2/jakarta.validation-api-2.0.2.jar:/home/runner/.m2/repository/org/glassfish/jersey/media/jersey-media-json-jackson/2.34/jersey-media-json-jackson-2.34.jar:/home/runner/.m2/repository/org/glassfish/jersey/ext/jersey-entity-filtering/2.34/jersey-entity-filtering-2.34.jar:/home/runner/.m2/repository/org/jooq/jooq/3.11.10/jooq-3.11.10.jar:/home/runner/.m2/repository/org/jooq/jooq-meta/3.11.10/jooq-meta-3.11.10.jar:/home/runner/.m2/repository/org/jooq/jooq-codegen/3.11.10/jooq-codegen-3.11.10.jar:/home/runner/.m2/repository/com/jolbox/bonecp/0.8.0.RELEASE/bonecp-0.8.0.RELEASE.jar:/home/runner/.m2/repository/org/apache/derby/derby/10.14.2.0/derby-10.14.2.0.jar:/home/runner/.m2/repository/org/xerial/sqlite-jdbc/3.25.2/sqlite-jdbc-3.25.2.jar:/home/runner/.m2/repository/org/springframework/spring-jdbc/5.2.20.RELEASE/spring-jdbc-5.2.20.RELEASE.jar:/home/runner/.m2/repository/org/springframework/spring-beans/5.2.20.RELEASE/spring-beans-5.2.20.RELEASE.jar:/home/runner/.m2/repository/org/springframework/spring-core/5.2.20.RELEASE/spring-core-5.2.20.RELEASE.jar:/home/runner/.m2/repository/org/springframework/spring-jcl/5.2.20.RELEASE/spring-jcl-5.2.20.RELEASE.jar:/home/runner/.m2/repository/org/springframework/spring-tx/5.2.20.RELEASE/spring-tx-5.2.20.RELEASE.jar:/home/runner/.m2/repository/org/apache/ozone/ozone-client/1.3.0-SNAPSHOT/ozone-client-1.3.0-SNAPSHOT.jar:/home/runner/.m2/repository/org/apache/ozone/hdds-erasurecode/1.3.0-SNAPSHOT/hdds-erasurecode-1.3.0-SNAPSHOT.jar:/home/runner/.m2/repository/com/github/spotbugs/spotbugs-annotations/3.1.12/spotbugs-annotations-3.1.12.jar:/home/runner/.m2/repository/org/apache/ozone/ozone-filesystem/1.3.0-SNAPSHOT/ozone-filesystem-1.3.0-SNAPSHOT.jar:/home/runner/.m2/repository/org/apache/ozone/ozone-filesystem-common/1.3.0-SNAPSHOT/ozone-filesystem-common-1.3.0-SNAPSHOT.jar:/home/runner/.m2/repository/org/apache/ozone/ozone-tools/1.3.0-SNAPSHOT/ozone-tools-1.3.0-SNAPSHOT.jar:/home/runner/.m2/repository/org/apache/ratis/ratis-tools/2.4.0/ratis-tools-2.4.0.jar:/home/runner/.m2/repository/com/amazonaws/aws-java-sdk-core/1.12.261/aws-java-sdk-core-1.12.261.jar:/home/runner/.m2/repository/org/apache/httpcomponents/httpclient/4.5.13/httpclient-4.5.13.jar:/home/runner/.m2/repository/org/apache/httpcomponents/httpcore/4.4.13/httpcore-4.4.13.jar:/home/runner/.m2/repository/software/amazon/ion/ion-java/1.0.2/ion-java-1.0.2.jar:/home/runner/.m2/repository/com/fasterxml/jackson/dataformat/jackson-dataformat-cbor/2.13.4/jackson-dataformat-cbor-2.13.4.jar:/home/runner/.m2/repository/joda-time/joda-time/2.8.1/joda-time-2.8.1.jar:/home/runner/.m2/repository/com/amazonaws/aws-java-sdk-s3/1.12.261/aws-java-sdk-s3-1.12.261.jar:/home/runner/.m2/repository/com/amazonaws/aws-java-sdk-kms/1.12.261/aws-java-sdk-kms-1.12.261.jar:/home/runner/.m2/repository/com/amazonaws/jmespath-java/1.12.261/jmespath-java-1.12.261.jar:/home/runner/.m2/repository/org/kohsuke/metainf-services/metainf-services/1.8/metainf-services-1.8.jar:/home/runner/.m2/repository/org/apache/ozone/hdds-tools/1.3.0-SNAPSHOT/hdds-tools-1.3.0-SNAPSHOT.jar:/home/runner/.m2/repository/commons-cli/commons-cli/1.2/commons-cli-1.2.jar:/home/runner/.m2/repository/org/apache/commons/commons-lang3/3.7/commons-lang3-3.7.jar:/home/runner/.m2/repository/org/apache/ozone/ozone-manager/1.3.0-SNAPSHOT/ozone-manager-1.3.0-SNAPSHOT-tests.jar:/home/runner/.m2/repository/org/apache/ozone/hdds-common/1.3.0-SNAPSHOT/hdds-common-1.3.0-SNAPSHOT-tests.jar:/home/runner/.m2/repository/org/apache/ozone/hdds-hadoop-dependency-client/1.3.0-SNAPSHOT/hdds-hadoop-dependency-client-1.3.0-SNAPSHOT.jar:/home/runner/.m2/repository/info/picocli/picocli/4.6.1/picocli-4.6.1.jar:/home/runner/.m2/repository/com/fasterxml/jackson/core/jackson-annotations/2.13.4/jackson-annotations-2.13.4.jar:/home/runner/.m2/repository/com/fasterxml/jackson/datatype/jackson-datatype-jsr310/2.13.4/jackson-datatype-jsr310-2.13.4.jar:/home/runner/.m2/repository/org/apache/ozone/hdds-annotation-processing/1.3.0-SNAPSHOT/hdds-annotation-processing-1.3.0-SNAPSHOT.jar:/home/runner/.m2/repository/javax/annotation/javax.annotation-api/1.2/javax.annotation-api-1.2.jar:/home/runner/.m2/repository/org/apache/ratis/ratis-server/2.4.0/ratis-server-2.4.0.jar:/home/runner/.m2/repository/org/apache/ratis/ratis-client/2.4.0/ratis-client-2.4.0.jar:/home/runner/.m2/repository/org/apache/ratis/ratis-server-api/2.4.0/ratis-server-api-2.4.0.jar:/home/runner/.m2/repository/org/apache/ratis/ratis-metrics/2.4.0/ratis-metrics-2.4.0.jar:/home/runner/.m2/repository/org/apache/ratis/ratis-netty/2.4.0/ratis-netty-2.4.0.jar:/home/runner/.m2/repository/org/apache/ratis/ratis-grpc/2.4.0/ratis-grpc-2.4.0.jar:/home/runner/.m2/repository/org/apache/logging/log4j/log4j-api/2.17.1/log4j-api-2.17.1.jar:/home/runner/.m2/repository/org/apache/commons/commons-pool2/2.6.0/commons-pool2-2.6.0.jar:/home/runner/.m2/repository/org/bouncycastle/bcpkix-jdk15on/1.67/bcpkix-jdk15on-1.67.jar:/home/runner/.m2/repository/commons-validator/commons-validator/1.6/commons-validator-1.6.jar:/home/runner/.m2/repository/commons-beanutils/commons-beanutils/1.9.4/commons-beanutils-1.9.4.jar:/home/runner/.m2/repository/commons-digester/commons-digester/1.8.1/commons-digester-1.8.1.jar:/home/runner/.m2/repository/commons-collections/commons-collections/3.2.2/commons-collections-3.2.2.jar:/home/runner/.m2/repository/io/jaegertracing/jaeger-client/1.6.0/jaeger-client-1.6.0.jar:/home/runner/.m2/repository/io/jaegertracing/jaeger-thrift/1.6.0/jaeger-thrift-1.6.0.jar:/home/runner/.m2/repository/org/apache/thrift/libthrift/0.14.1/libthrift-0.14.1.jar:/home/runner/.m2/repository/io/jaegertracing/jaeger-core/1.6.0/jaeger-core-1.6.0.jar:/home/runner/.m2/repository/io/jaegertracing/jaeger-tracerresolver/1.6.0/jaeger-tracerresolver-1.6.0.jar:/home/runner/.m2/repository/io/opentracing/contrib/opentracing-tracerresolver/0.1.8/opentracing-tracerresolver-0.1.8.jar:/home/runner/.m2/repository/org/jetbrains/kotlin/kotlin-stdlib/1.6.21/kotlin-stdlib-1.6.21.jar:/home/runner/.m2/repository/org/jetbrains/annotations/13.0/annotations-13.0.jar:/home/runner/.m2/repository/io/opentracing/opentracing-util/0.33.0/opentracing-util-0.33.0.jar:/home/runner/.m2/repository/io/opentracing/opentracing-api/0.33.0/opentracing-api-0.33.0.jar:/home/runner/.m2/repository/io/opentracing/opentracing-noop/0.33.0/opentracing-noop-0.33.0.jar:/home/runner/.m2/repository/org/yaml/snakeyaml/1.32/snakeyaml-1.32.jar:/home/runner/.m2/repository/org/apache/ozone/hdds-interface-admin/1.3.0-SNAPSHOT/hdds-interface-admin-1.3.0-SNAPSHOT.jar:/home/runner/.m2/repository/junit/junit/4.13.1/junit-4.13.1.jar:/home/runner/.m2/repository/org/hamcrest/hamcrest-core/1.3/hamcrest-core-1.3.jar:/home/runner/.m2/repository/org/junit/jupiter/junit-jupiter-api/5.8.2/junit-jupiter-api-5.8.2.jar:/home/runner/.m2/repository/org/opentest4j/opentest4j/1.2.0/opentest4j-1.2.0.jar:/home/runner/.m2/repository/org/junit/platform/junit-platform-commons/1.8.2/junit-platform-commons-1.8.2.jar:/home/runner/.m2/repository/org/apiguardian/apiguardian-api/1.1.2/apiguardian-api-1.1.2.jar:/home/runner/.m2/repository/org/junit/jupiter/junit-jupiter-params/5.8.2/junit-jupiter-params-5.8.2.jar:/home/runner/.m2/repository/org/junit/jupiter/junit-jupiter-migrationsupport/5.8.2/junit-jupiter-migrationsupport-5.8.2.jar:/home/runner/.m2/repository/org/junit/jupiter/junit-jupiter-engine/5.8.2/junit-jupiter-engine-5.8.2.jar:/home/runner/.m2/repository/org/junit/platform/junit-platform-engine/1.8.2/junit-platform-engine-1.8.2.jar:/home/runner/.m2/repository/org/junit/vintage/junit-vintage-engine/5.8.2/junit-vintage-engine-5.8.2.jar:/home/runner/.m2/repository/org/junit/platform/junit-platform-launcher/1.8.2/junit-platform-launcher-1.8.2.jar:/home/runner/.m2/repository/org/mockito/mockito-core/2.28.2/mockito-core-2.28.2.jar:/home/runner/.m2/repository/net/bytebuddy/byte-buddy/1.9.10/byte-buddy-1.9.10.jar:/home/runner/.m2/repository/net/bytebuddy/byte-buddy-agent/1.9.10/byte-buddy-agent-1.9.10.jar:/home/runner/.m2/repository/org/objenesis/objenesis/1.0/objenesis-1.0.jar:/home/runner/.m2/repository/org/apache/hadoop/hadoop-kms/3.3.4/hadoop-kms-3.3.4.jar:/home/runner/.m2/repository/org/apache/hadoop/hadoop-auth/3.3.4/hadoop-auth-3.3.4.jar:/home/runner/.m2/repository/com/nimbusds/nimbus-jose-jwt/7.9/nimbus-jose-jwt-7.9.jar:/home/runner/.m2/repository/com/github/stephenc/jcip/jcip-annotations/1.0-1/jcip-annotations-1.0-1.jar:/home/runner/.m2/repository/net/minidev/json-smart/2.4.7/json-smart-2.4.7.jar:/home/runner/.m2/repository/net/minidev/accessors-smart/2.4.7/accessors-smart-2.4.7.jar:/home/runner/.m2/repository/org/ow2/asm/asm/5.0.4/asm-5.0.4.jar:/home/runner/.m2/repository/org/apache/zookeeper/zookeeper/3.5.6/zookeeper-3.5.6.jar:/home/runner/.m2/repository/org/apache/zookeeper/zookeeper-jute/3.5.6/zookeeper-jute-3.5.6.jar:/home/runner/.m2/repository/org/apache/yetus/audience-annotations/0.5.0/audience-annotations-0.5.0.jar:/home/runner/.m2/repository/org/apache/curator/curator-framework/4.2.0/curator-framework-4.2.0.jar:/home/runner/.m2/repository/org/apache/hadoop/thirdparty/hadoop-shaded-guava/1.1.1/hadoop-shaded-guava-1.1.1.jar:/home/runner/.m2/repository/com/sun/jersey/jersey-core/1.19/jersey-core-1.19.jar:/home/runner/.m2/repository/javax/ws/rs/jsr311-api/1.1.1/jsr311-api-1.1.1.jar:/home/runner/.m2/repository/com/sun/jersey/jersey-server/1.19/jersey-server-1.19.jar:/home/runner/.m2/repository/javax/servlet/javax.servlet-api/3.1.0/javax.servlet-api-3.1.0.jar:/home/runner/.m2/repository/org/eclipse/jetty/jetty-server/9.4.43.v20210629/jetty-server-9.4.43.v20210629.jar:/home/runner/.m2/repository/org/eclipse/jetty/jetty-http/9.4.43.v20210629/jetty-http-9.4.43.v20210629.jar:/home/runner/.m2/repository/org/eclipse/jetty/jetty-io/9.4.43.v20210629/jetty-io-9.4.43.v20210629.jar:/home/runner/.m2/repository/org/eclipse/jetty/jetty-webapp/9.4.43.v20210629/jetty-webapp-9.4.43.v20210629.jar:/home/runner/.m2/repository/org/eclipse/jetty/jetty-xml/9.4.43.v20210629/jetty-xml-9.4.43.v20210629.jar:/home/runner/.m2/repository/org/apache/hadoop/hadoop-common/3.3.4/hadoop-common-3.3.4.jar:/home/runner/.m2/repository/org/apache/commons/commons-math3/3.1.1/commons-math3-3.1.1.jar:/home/runner/.m2/repository/commons-net/commons-net/3.6/commons-net-3.6.jar:/home/runner/.m2/repository/com/sun/jersey/jersey-servlet/1.19/jersey-servlet-1.19.jar:/home/runner/.m2/repository/com/sun/jersey/jersey-json/1.19/jersey-json-1.19.jar:/home/runner/.m2/repository/org/codehaus/jettison/jettison/1.1/jettison-1.1.jar:/home/runner/.m2/repository/com/sun/xml/bind/jaxb-impl/2.2.3-1/jaxb-impl-2.2.3-1.jar:/home/runner/.m2/repository/org/codehaus/jackson/jackson-xc/1.9.2/jackson-xc-1.9.2.jar:/home/runner/.m2/repository/org/apache/commons/commons-configuration2/2.1.1/commons-configuration2-2.1.1.jar:/home/runner/.m2/repository/org/apache/commons/commons-text/1.4/commons-text-1.4.jar:/home/runner/.m2/repository/com/google/re2j/re2j/1.1/re2j-1.1.jar:/home/runner/.m2/repository/com/jcraft/jsch/0.1.54/jsch-0.1.54.jar:/home/runner/.m2/repository/org/apache/curator/curator-client/4.2.0/curator-client-4.2.0.jar:/home/runner/.m2/repository/org/apache/curator/curator-recipes/4.2.0/curator-recipes-4.2.0.jar:/home/runner/.m2/repository/org/apache/kerby/kerb-core/1.0.1/kerb-core-1.0.1.jar:/home/runner/.m2/repository/org/apache/kerby/kerby-pkix/1.0.1/kerby-pkix-1.0.1.jar:/home/runner/.m2/repository/org/apache/kerby/kerby-asn1/1.0.1/kerby-asn1-1.0.1.jar:/home/runner/.m2/repository/org/apache/kerby/kerby-util/1.0.1/kerby-util-1.0.1.jar:/home/runner/.m2/repository/dnsjava/dnsjava/2.1.7/dnsjava-2.1.7.jar:/home/runner/.m2/repository/org/xerial/snappy/snappy-java/1.1.8.2/snappy-java-1.1.8.2.jar:/home/runner/.m2/repository/org/eclipse/jetty/jetty-util/9.4.43.v20210629/jetty-util-9.4.43.v20210629.jar:/home/runner/.m2/repository/com/fasterxml/jackson/core/jackson-databind/2.13.4.2/jackson-databind-2.13.4.2.jar:/home/runner/.m2/repository/org/apache/hadoop/hadoop-kms/3.3.4/hadoop-kms-3.3.4-tests.jar:/home/runner/.m2/repository/org/apache/ozone/hdds-server-scm/1.3.0-SNAPSHOT/hdds-server-scm-1.3.0-SNAPSHOT-tests.jar:/home/runner/.m2/repository/org/apache/ozone/hdds-container-service/1.3.0-SNAPSHOT/hdds-container-service-1.3.0-SNAPSHOT-tests.jar:/home/runner/.m2/repository/commons-codec/commons-codec/1.11/commons-codec-1.11.jar:/home/runner/.m2/repository/io/netty/netty-codec/4.1.79.Final/netty-codec-4.1.79.Final.jar:/home/runner/.m2/repository/io/netty/netty-handler/4.1.79.Final/netty-handler-4.1.79.Final.jar:/home/runner/.m2/repository/org/apache/ozone/hdds-hadoop-dependency-test/1.3.0-SNAPSHOT/hdds-hadoop-dependency-test-1.3.0-SNAPSHOT.jar:/home/runner/.m2/repository/org/apache/hadoop/hadoop-common/3.3.4/hadoop-common-3.3.4-tests.jar:/home/runner/.m2/repository/org/apache/hadoop/hadoop-hdfs/3.3.4/hadoop-hdfs-3.3.4-tests.jar:/home/runner/.m2/repository/org/assertj/assertj-core/3.12.2/assertj-core-3.12.2.jar:/home/runner/.m2/repository/org/apache/hadoop/hadoop-distcp/3.3.4/hadoop-distcp-3.3.4.jar:/home/runner/.m2/repository/org/apache/hadoop/hadoop-mapreduce-client-jobclient/3.3.4/hadoop-mapreduce-client-jobclient-3.3.4.jar:/home/runner/.m2/repository/org/apache/hadoop/hadoop-mapreduce-client-common/3.3.4/hadoop-mapreduce-client-common-3.3.4.jar:/home/runner/.m2/repository/org/apache/hadoop/hadoop-yarn-common/3.3.4/hadoop-yarn-common-3.3.4.jar:/home/runner/.m2/repository/org/apache/hadoop/hadoop-yarn-api/3.3.4/hadoop-yarn-api-3.3.4.jar:/home/runner/.m2/repository/com/sun/jersey/contribs/jersey-guice/1.19/jersey-guice-1.19.jar:/home/runner/.m2/repository/com/fasterxml/jackson/jaxrs/jackson-jaxrs-json-provider/2.13.4/jackson-jaxrs-json-provider-2.13.4.jar:/home/runner/.m2/repository/com/fasterxml/jackson/jaxrs/jackson-jaxrs-base/2.13.4/jackson-jaxrs-base-2.13.4.jar:/home/runner/.m2/repository/org/apache/hadoop/hadoop-yarn-client/3.3.4/hadoop-yarn-client-3.3.4.jar:/home/runner/.m2/repository/org/eclipse/jetty/websocket/websocket-client/9.4.43.v20210629/websocket-client-9.4.43.v20210629.jar:/home/runner/.m2/repository/org/eclipse/jetty/websocket/websocket-common/9.4.43.v20210629/websocket-common-9.4.43.v20210629.jar:/home/runner/.m2/repository/org/eclipse/jetty/websocket/websocket-api/9.4.43.v20210629/websocket-api-9.4.43.v20210629.jar:/home/runner/.m2/repository/org/jline/jline/3.9.0/jline-3.9.0.jar:/home/runner/.m2/repository/org/apache/hadoop/hadoop-mapreduce-client-core/3.3.4/hadoop-mapreduce-client-core-3.3.4.jar:/home/runner/.m2/repository/org/apache/avro/avro/1.7.7/avro-1.7.7.jar:/home/runner/.m2/repository/org/codehaus/jackson/jackson-core-asl/1.9.13/jackson-core-asl-1.9.13.jar:/home/runner/.m2/repository/org/codehaus/jackson/jackson-mapper-asl/1.9.13/jackson-mapper-asl-1.9.13.jar:/home/runner/.m2/repository/com/thoughtworks/paranamer/paranamer/2.3/paranamer-2.3.jar:/home/runner/.m2/repository/org/apache/hadoop/hadoop-annotations/3.3.4/hadoop-annotations-3.3.4.jar:/usr/lib/jvm/temurin-8-jdk-amd64/jre/../lib/tools.jar:/home/runner/.m2/repository/io/netty/netty/3.10.6.Final/netty-3.10.6.Final.jar:/home/runner/.m2/repository/org/apache/hadoop/hadoop-distcp/3.3.4/hadoop-distcp-3.3.4-tests.jar:/home/runner/.m2/repository/org/slf4j/jul-to-slf4j/1.7.36/jul-to-slf4j-1.7.36.jar:/home/runner/.m2/repository/org/apache/ratis/ratis-common/2.4.0/ratis-common-2.4.0.jar:/home/runner/.m2/repository/org/apache/ratis/ratis-thirdparty-misc/1.0.2/ratis-thirdparty-misc-1.0.2.jar:/home/runner/.m2/repository/org/apache/ratis/ratis-proto/2.4.0/ratis-proto-2.4.0.jar:"/>
    <property name="sun.cpu.endian" value="little"/>
    <property name="user.home" value="/home/runner"/>
    <property name="user.language" value="en"/>
    <property name="java.specification.vendor" value="Oracle Corporation"/>
    <property name="java.home" value="/usr/lib/jvm/temurin-8-jdk-amd64/jre"/>
    <property name="java.security.krb5.conf" value="/home/runner/work/ozone/ozone/hadoop-ozone/integration-test/target/test-classes/krb5.conf"/>
    <property name="basedir" value="/home/runner/work/ozone/ozone/hadoop-ozone/integration-test"/>
    <property name="file.separator" value="/"/>
    <property name="line.separator" value="&#10;"/>
    <property name="java.vm.specification.vendor" value="Oracle Corporation"/>
    <property name="java.specification.name" value="Java Platform API Specification"/>
    <property name="java.awt.graphicsenv" value="sun.awt.X11GraphicsEnvironment"/>
    <property name="skip.installnpx" value="true"/>
    <property name="surefire.real.class.path" value="/home/runner/work/ozone/ozone/hadoop-ozone/integration-test/target/surefire/surefirebooter6694618442363150936.jar:/home/runner/.m2/repository/org/jacoco/org.jacoco.agent/0.8.5/org.jacoco.agent-0.8.5-runtime.jar"/>
    <property name="hadoop.log.dir" value="/home/runner/work/ozone/ozone/hadoop-ozone/integration-test/target/log"/>
    <property name="sun.boot.class.path" value="/usr/lib/jvm/temurin-8-jdk-amd64/jre/lib/resources.jar:/usr/lib/jvm/temurin-8-jdk-amd64/jre/lib/rt.jar:/usr/lib/jvm/temurin-8-jdk-amd64/jre/lib/sunrsasign.jar:/usr/lib/jvm/temurin-8-jdk-amd64/jre/lib/jsse.jar:/usr/lib/jvm/temurin-8-jdk-amd64/jre/lib/jce.jar:/usr/lib/jvm/temurin-8-jdk-amd64/jre/lib/charsets.jar:/usr/lib/jvm/temurin-8-jdk-amd64/jre/lib/jfr.jar:/usr/lib/jvm/temurin-8-jdk-amd64/jre/classes"/>
    <property name="sun.management.compiler" value="HotSpot 64-Bit Tiered Compilers"/>
    <property name="skip.npx" value="true"/>
    <property name="java.runtime.version" value="1.8.0_345-b01"/>
    <property name="java.net.preferIPv4Stack" value="true"/>
    <property name="user.name" value="runner"/>
    <property name="path.separator" value=":"/>
    <property name="java.security.egd" value="file:///dev/urandom"/>
    <property name="os.version" value="5.15.0-1020-azure"/>
    <property name="java.endorsed.dirs" value="/usr/lib/jvm/temurin-8-jdk-amd64/jre/lib/endorsed"/>
    <property name="java.runtime.name" value="OpenJDK Runtime Environment"/>
    <property name="file.encoding" value="UTF-8"/>
    <property name="java.vm.name" value="OpenJDK 64-Bit Server VM"/>
    <property name="test.build.webapps" value=""/>
    <property name="localRepository" value="/home/runner/.m2/repository"/>
    <property name="jetty.git.hash" value="526006ecfa3af7f1a27ef3a288e2bef7ea9dd7e8"/>
    <property name="java.vendor.url.bug" value="https://github.com/adoptium/adoptium-support/issues"/>
    <property name="java.io.tmpdir" value="/tmp"/>
    <property name="require.test.libhadoop" value=""/>
    <property name="java.version" value="1.8.0_345"/>
    <property name="user.dir" value="/home/runner/work/ozone/ozone/hadoop-ozone/integration-test"/>
    <property name="os.arch" value="amd64"/>
    <property name="java.vm.specification.name" value="Java Virtual Machine Specification"/>
    <property name="test.build.classes" value="/home/runner/work/ozone/ozone/hadoop-ozone/integration-test/target/test-classes"/>
    <property name="java.awt.printerjob" value="sun.print.PSPrinterJob"/>
    <property name="sun.os.patch.level" value="unknown"/>
    <property name="org.apache.ratis.thirdparty.io.netty.allocator.useCacheForAllThreads" value="false"/>
    <property name="hadoop.tmp.dir" value="/home/runner/work/ozone/ozone/hadoop-ozone/integration-test/target/tmp"/>
    <property name="java.library.path" value="/usr/java/packages/lib/amd64:/usr/lib64:/lib64:/lib:/usr/lib"/>
    <property name="java.vm.info" value="mixed mode"/>
    <property name="java.vendor" value="Temurin"/>
    <property name="java.vm.version" value="25.345-b01"/>
    <property name="java.ext.dirs" value="/usr/lib/jvm/temurin-8-jdk-amd64/jre/lib/ext:/usr/java/packages/lib/ext"/>
    <property name="sun.io.unicode.encoding" value="UnicodeLittle"/>
    <property name="java.class.version" value="52.0"/>
  </properties>
  <testcase name="testContainerRecoveryOverReplicationProcessing" classname="org.apache.hadoop.ozone.container.TestECContainerRecovery" time="107.033">
    <error type="java.util.concurrent.TimeoutException"><![CDATA[java.util.concurrent.TimeoutException: 
Timed out waiting for condition. Thread diagnostics:
Timestamp: 2022-10-19 08:47:08,614

"Datanode ReportManager Thread - 0" daemon prio=5 tid=264 timed_waiting
java.lang.Thread.State: TIMED_WAITING
        at sun.misc.Unsafe.park(Native Method)
        at java.util.concurrent.locks.LockSupport.parkNanos(LockSupport.java:215)
        at java.util.concurrent.locks.AbstractQueuedSynchronizer$ConditionObject.awaitNanos(AbstractQueuedSynchronizer.java:2078)
        at java.util.concurrent.ScheduledThreadPoolExecutor$DelayedWorkQueue.take(ScheduledThreadPoolExecutor.java:1093)
        at java.util.concurrent.ScheduledThreadPoolExecutor$DelayedWorkQueue.take(ScheduledThreadPoolExecutor.java:809)
        at java.util.concurrent.ThreadPoolExecutor.getTask(ThreadPoolExecutor.java:1074)
        at java.util.concurrent.ThreadPoolExecutor.runWorker(ThreadPoolExecutor.java:1134)
        at java.util.concurrent.ThreadPoolExecutor$Worker.run(ThreadPoolExecutor.java:624)
        at java.lang.Thread.run(Thread.java:750)
"IPC Server handler 4 on default port 46251" daemon prio=5 tid=81 timed_waiting
java.lang.Thread.State: TIMED_WAITING
        at sun.misc.Unsafe.park(Native Method)
        at java.util.concurrent.locks.LockSupport.parkNanos(LockSupport.java:215)
        at java.util.concurrent.locks.AbstractQueuedSynchronizer$ConditionObject.awaitNanos(AbstractQueuedSynchronizer.java:2078)
        at java.util.concurrent.LinkedBlockingQueue.poll(LinkedBlockingQueue.java:467)
        at org.apache.hadoop.ipc.CallQueueManager.take(CallQueueManager.java:317)
        at org.apache.hadoop.ipc.Server$Handler.run(Server.java:2942)
"qtp831797965-380" daemon prio=5 tid=380 timed_waiting
java.lang.Thread.State: TIMED_WAITING
        at sun.misc.Unsafe.park(Native Method)
        at java.util.concurrent.locks.LockSupport.parkNanos(LockSupport.java:215)
        at java.util.concurrent.locks.AbstractQueuedSynchronizer$ConditionObject.awaitNanos(AbstractQueuedSynchronizer.java:2078)
        at org.eclipse.jetty.util.BlockingArrayQueue.poll(BlockingArrayQueue.java:382)
        at org.eclipse.jetty.util.thread.QueuedThreadPool$Runner.idleJobPoll(QueuedThreadPool.java:974)
        at org.eclipse.jetty.util.thread.QueuedThreadPool$Runner.run(QueuedThreadPool.java:1018)
        at java.lang.Thread.run(Thread.java:750)
"IPC Server handler 10 on default port 46251" daemon prio=5 tid=87 timed_waiting
java.lang.Thread.State: TIMED_WAITING
        at sun.misc.Unsafe.park(Native Method)
        at java.util.concurrent.locks.LockSupport.parkNanos(LockSupport.java:215)
        at java.util.concurrent.locks.AbstractQueuedSynchronizer$ConditionObject.awaitNanos(AbstractQueuedSynchronizer.java:2078)
        at java.util.concurrent.LinkedBlockingQueue.poll(LinkedBlockingQueue.java:467)
        at org.apache.hadoop.ipc.CallQueueManager.take(CallQueueManager.java:317)
        at org.apache.hadoop.ipc.Server$Handler.run(Server.java:2942)
"IPC Server handler 2 on default port 46251" daemon prio=5 tid=79 timed_waiting
java.lang.Thread.State: TIMED_WAITING
        at sun.misc.Unsafe.park(Native Method)
        at java.util.concurrent.locks.LockSupport.parkNanos(LockSupport.java:215)
        at java.util.concurrent.locks.AbstractQueuedSynchronizer$ConditionObject.awaitNanos(AbstractQueuedSynchronizer.java:2078)
        at java.util.concurrent.LinkedBlockingQueue.poll(LinkedBlockingQueue.java:467)
        at org.apache.hadoop.ipc.CallQueueManager.take(CallQueueManager.java:317)
        at org.apache.hadoop.ipc.Server$Handler.run(Server.java:2942)
"IPC Server Responder" daemon prio=5 tid=123 runnable
java.lang.Thread.State: RUNNABLE
        at sun.nio.ch.EPollArrayWrapper.epollWait(Native Method)
        at sun.nio.ch.EPollArrayWrapper.poll(EPollArrayWrapper.java:269)
        at sun.nio.ch.EPollSelectorImpl.doSelect(EPollSelectorImpl.java:93)
        at sun.nio.ch.SelectorImpl.lockAndDoSelect(SelectorImpl.java:86)
        at sun.nio.ch.SelectorImpl.select(SelectorImpl.java:97)
        at org.apache.hadoop.ipc.Server$Responder.doRunLoop(Server.java:1532)
        at org.apache.hadoop.ipc.Server$Responder.run(Server.java:1515)
"EventQueue-StaleNodeForStaleNodeHandler" daemon prio=5 tid=814 in Object.wait()
java.lang.Thread.State: WAITING (on object monitor)
        at sun.misc.Unsafe.park(Native Method)
        at java.util.concurrent.locks.LockSupport.park(LockSupport.java:175)
        at java.util.concurrent.locks.AbstractQueuedSynchronizer$ConditionObject.await(AbstractQueuedSynchronizer.java:2039)
        at java.util.concurrent.LinkedBlockingQueue.take(LinkedBlockingQueue.java:442)
        at java.util.concurrent.ThreadPoolExecutor.getTask(ThreadPoolExecutor.java:1074)
        at java.util.concurrent.ThreadPoolExecutor.runWorker(ThreadPoolExecutor.java:1134)
        at java.util.concurrent.ThreadPoolExecutor$Worker.run(ThreadPoolExecutor.java:624)
        at java.lang.Thread.run(Thread.java:750)
"f675d99d-517f-4d8a-bd29-886eede0250d@group-2E358FAA1E41-LeaderStateImpl" daemon prio=5 tid=752 timed_waiting
java.lang.Thread.State: TIMED_WAITING
        at sun.misc.Unsafe.park(Native Method)
        at java.util.concurrent.locks.LockSupport.parkNanos(LockSupport.java:215)
        at java.util.concurrent.locks.AbstractQueuedSynchronizer$ConditionObject.awaitNanos(AbstractQueuedSynchronizer.java:2078)
        at java.util.concurrent.ArrayBlockingQueue.poll(ArrayBlockingQueue.java:418)
        at org.apache.ratis.server.impl.LeaderStateImpl$EventQueue.poll(LeaderStateImpl.java:159)
        at org.apache.ratis.server.impl.LeaderStateImpl$EventProcessor.run(LeaderStateImpl.java:630)
"qtp159394830-308" daemon prio=5 tid=308 timed_waiting
java.lang.Thread.State: TIMED_WAITING
        at sun.misc.Unsafe.park(Native Method)
        at java.util.concurrent.locks.LockSupport.parkNanos(LockSupport.java:215)
        at java.util.concurrent.locks.AbstractQueuedSynchronizer$ConditionObject.awaitNanos(AbstractQueuedSynchronizer.java:2078)
        at org.eclipse.jetty.util.BlockingArrayQueue.poll(BlockingArrayQueue.java:382)
        at org.eclipse.jetty.util.thread.QueuedThreadPool$Runner.idleJobPoll(QueuedThreadPool.java:974)
        at org.eclipse.jetty.util.thread.QueuedThreadPool$Runner.run(QueuedThreadPool.java:1018)
        at java.lang.Thread.run(Thread.java:750)
"ChunkReader-3" daemon prio=5 tid=785 in Object.wait()
java.lang.Thread.State: WAITING (on object monitor)
        at sun.misc.Unsafe.park(Native Method)
        at java.util.concurrent.locks.LockSupport.park(LockSupport.java:175)
        at java.util.concurrent.locks.AbstractQueuedSynchronizer$ConditionObject.await(AbstractQueuedSynchronizer.java:2039)
        at java.util.concurrent.LinkedBlockingQueue.take(LinkedBlockingQueue.java:442)
        at java.util.concurrent.ThreadPoolExecutor.getTask(ThreadPoolExecutor.java:1074)
        at java.util.concurrent.ThreadPoolExecutor.runWorker(ThreadPoolExecutor.java:1134)
        at java.util.concurrent.ThreadPoolExecutor$Worker.run(ThreadPoolExecutor.java:624)
        at java.lang.Thread.run(Thread.java:750)
"SCMBlockDeletingService#0" daemon prio=5 tid=97 timed_waiting
java.lang.Thread.State: TIMED_WAITING
        at sun.misc.Unsafe.park(Native Method)
        at java.util.concurrent.locks.LockSupport.parkNanos(LockSupport.java:215)
        at java.util.concurrent.locks.AbstractQueuedSynchronizer$ConditionObject.awaitNanos(AbstractQueuedSynchronizer.java:2078)
        at java.util.concurrent.ScheduledThreadPoolExecutor$DelayedWorkQueue.take(ScheduledThreadPoolExecutor.java:1093)
        at java.util.concurrent.ScheduledThreadPoolExecutor$DelayedWorkQueue.take(ScheduledThreadPoolExecutor.java:809)
        at java.util.concurrent.ThreadPoolExecutor.getTask(ThreadPoolExecutor.java:1074)
        at java.util.concurrent.ThreadPoolExecutor.runWorker(ThreadPoolExecutor.java:1134)
        at java.util.concurrent.ThreadPoolExecutor$Worker.run(ThreadPoolExecutor.java:624)
        at java.lang.Thread.run(Thread.java:750)
"2793c3be-81e9-49ed-8ebe-f0dc6850cb05@group-852C345BE8D9-SegmentedRaftLogWorker"  prio=5 tid=669 timed_waiting
java.lang.Thread.State: TIMED_WAITING
        at sun.misc.Unsafe.park(Native Method)
        at java.util.concurrent.locks.LockSupport.parkNanos(LockSupport.java:215)
        at java.util.concurrent.locks.AbstractQueuedSynchronizer$ConditionObject.awaitNanos(AbstractQueuedSynchronizer.java:2078)
        at org.apache.ratis.util.DataBlockingQueue.poll(DataBlockingQueue.java:148)
        at org.apache.ratis.server.raftlog.segmented.SegmentedRaftLogWorker.run(SegmentedRaftLogWorker.java:310)
        at org.apache.ratis.server.raftlog.segmented.SegmentedRaftLogWorker$$Lambda$661/1265419919.run(Unknown Source)
        at java.lang.Thread.run(Thread.java:750)
"org.apache.hadoop.ozone.container.common.statemachine.commandhandler.DeleteBlocksCommandHandler$DeleteCmdWorker@29114a3" daemon prio=5 tid=457 timed_waiting
java.lang.Thread.State: TIMED_WAITING
        at java.lang.Thread.sleep(Native Method)
        at org.apache.hadoop.ozone.container.common.statemachine.commandhandler.DeleteBlocksCommandHandler$DeleteCmdWorker.run(DeleteBlocksCommandHandler.java:183)
        at java.lang.Thread.run(Thread.java:750)
"Datanode State Machine Task Thread - 0"  prio=5 tid=271 in Object.wait()
java.lang.Thread.State: WAITING (on object monitor)
        at sun.misc.Unsafe.park(Native Method)
        at java.util.concurrent.locks.LockSupport.park(LockSupport.java:175)
        at java.util.concurrent.locks.AbstractQueuedSynchronizer$ConditionObject.await(AbstractQueuedSynchronizer.java:2039)
        at java.util.concurrent.LinkedBlockingQueue.take(LinkedBlockingQueue.java:442)
        at java.util.concurrent.ThreadPoolExecutor.getTask(ThreadPoolExecutor.java:1074)
        at java.util.concurrent.ThreadPoolExecutor.runWorker(ThreadPoolExecutor.java:1134)
        at java.util.concurrent.ThreadPoolExecutor$Worker.run(ThreadPoolExecutor.java:624)
        at java.lang.Thread.run(Thread.java:750)
"ChunkWriter-0-0" daemon prio=5 tid=441 in Object.wait()
java.lang.Thread.State: WAITING (on object monitor)
        at sun.misc.Unsafe.park(Native Method)
        at java.util.concurrent.locks.LockSupport.park(LockSupport.java:175)
        at java.util.concurrent.locks.AbstractQueuedSynchronizer$ConditionObject.await(AbstractQueuedSynchronizer.java:2039)
        at java.util.concurrent.LinkedBlockingDeque.takeFirst(LinkedBlockingDeque.java:492)
        at java.util.concurrent.LinkedBlockingDeque.take(LinkedBlockingDeque.java:680)
        at java.util.concurrent.ThreadPoolExecutor.getTask(ThreadPoolExecutor.java:1074)
        at java.util.concurrent.ThreadPoolExecutor.runWorker(ThreadPoolExecutor.java:1134)
        at java.util.concurrent.ThreadPoolExecutor$Worker.run(ThreadPoolExecutor.java:624)
        at java.lang.Thread.run(Thread.java:750)
"org.apache.hadoop.ozone.container.common.statemachine.commandhandler.DeleteBlocksCommandHandler$DeleteCmdWorker@7c3f358c" daemon prio=5 tid=172 timed_waiting
java.lang.Thread.State: TIMED_WAITING
        at java.lang.Thread.sleep(Native Method)
        at org.apache.hadoop.ozone.container.common.statemachine.commandhandler.DeleteBlocksCommandHandler$DeleteCmdWorker.run(DeleteBlocksCommandHandler.java:183)
        at java.lang.Thread.run(Thread.java:750)
"2de491c0-1905-4845-ada7-2a3c171f2066@group-2E358FAA1E41-StateMachineUpdater" daemon prio=5 tid=626 timed_waiting
java.lang.Thread.State: TIMED_WAITING
        at sun.misc.Unsafe.park(Native Method)
        at java.util.concurrent.locks.LockSupport.parkNanos(LockSupport.java:215)
        at java.util.concurrent.CompletableFuture$Signaller.block(CompletableFuture.java:1709)
        at java.util.concurrent.ForkJoinPool.managedBlock(ForkJoinPool.java:3323)
        at java.util.concurrent.CompletableFuture.timedGet(CompletableFuture.java:1788)
        at java.util.concurrent.CompletableFuture.get(CompletableFuture.java:1928)
        at org.apache.ratis.util.AwaitForSignal.await(AwaitForSignal.java:56)
        at org.apache.ratis.server.impl.StateMachineUpdater.waitForCommit(StateMachineUpdater.java:207)
        at org.apache.ratis.server.impl.StateMachineUpdater.run(StateMachineUpdater.java:176)
        at java.lang.Thread.run(Thread.java:750)
"Datanode ReportManager Thread - 1" daemon prio=5 tid=239 in Object.wait()
java.lang.Thread.State: WAITING (on object monitor)
        at sun.misc.Unsafe.park(Native Method)
        at java.util.concurrent.locks.LockSupport.park(LockSupport.java:175)
        at java.util.concurrent.locks.AbstractQueuedSynchronizer$ConditionObject.await(AbstractQueuedSynchronizer.java:2039)
        at java.util.concurrent.ScheduledThreadPoolExecutor$DelayedWorkQueue.take(ScheduledThreadPoolExecutor.java:1088)
        at java.util.concurrent.ScheduledThreadPoolExecutor$DelayedWorkQueue.take(ScheduledThreadPoolExecutor.java:809)
        at java.util.concurrent.ThreadPoolExecutor.getTask(ThreadPoolExecutor.java:1074)
        at java.util.concurrent.ThreadPoolExecutor.runWorker(ThreadPoolExecutor.java:1134)
        at java.util.concurrent.ThreadPoolExecutor$Worker.run(ThreadPoolExecutor.java:624)
        at java.lang.Thread.run(Thread.java:750)
"96fa30cc-cc01-4af1-a161-c10c2afc2f22@group-7C969207AFDB-StateMachineUpdater" daemon prio=5 tid=565 timed_waiting
java.lang.Thread.State: TIMED_WAITING
        at sun.misc.Unsafe.park(Native Method)
        at java.util.concurrent.locks.LockSupport.parkNanos(LockSupport.java:215)
        at java.util.concurrent.CompletableFuture$Signaller.block(CompletableFuture.java:1709)
        at java.util.concurrent.ForkJoinPool.managedBlock(ForkJoinPool.java:3323)
        at java.util.concurrent.CompletableFuture.timedGet(CompletableFuture.java:1788)
        at java.util.concurrent.CompletableFuture.get(CompletableFuture.java:1928)
        at org.apache.ratis.util.AwaitForSignal.await(AwaitForSignal.java:56)
        at org.apache.ratis.server.impl.StateMachineUpdater.waitForCommit(StateMachineUpdater.java:207)
        at org.apache.ratis.server.impl.StateMachineUpdater.run(StateMachineUpdater.java:176)
        at java.lang.Thread.run(Thread.java:750)
"org.apache.hadoop.ozone.container.common.statemachine.commandhandler.DeleteBlocksCommandHandler$DeleteCmdWorker@1af4dbba" daemon prio=5 tid=198 timed_waiting
java.lang.Thread.State: TIMED_WAITING
        at java.lang.Thread.sleep(Native Method)
        at org.apache.hadoop.ozone.container.common.statemachine.commandhandler.DeleteBlocksCommandHandler$DeleteCmdWorker.run(DeleteBlocksCommandHandler.java:183)
        at java.lang.Thread.run(Thread.java:750)
"EndpointStateMachine task thread for /0.0.0.0:46251 - 0 "  prio=5 tid=432 in Object.wait()
java.lang.Thread.State: WAITING (on object monitor)
        at sun.misc.Unsafe.park(Native Method)
        at java.util.concurrent.locks.LockSupport.park(LockSupport.java:175)
        at java.util.concurrent.locks.AbstractQueuedSynchronizer$ConditionObject.await(AbstractQueuedSynchronizer.java:2039)
        at java.util.concurrent.LinkedBlockingQueue.take(LinkedBlockingQueue.java:442)
        at java.util.concurrent.ThreadPoolExecutor.getTask(ThreadPoolExecutor.java:1074)
        at java.util.concurrent.ThreadPoolExecutor.runWorker(ThreadPoolExecutor.java:1134)
        at java.util.concurrent.ThreadPoolExecutor$Worker.run(ThreadPoolExecutor.java:624)
        at java.lang.Thread.run(Thread.java:750)
"IPC Server handler 12 on default port 46251" daemon prio=5 tid=89 timed_waiting
java.lang.Thread.State: TIMED_WAITING
        at sun.misc.Unsafe.park(Native Method)
        at java.util.concurrent.locks.LockSupport.parkNanos(LockSupport.java:215)
        at java.util.concurrent.locks.AbstractQueuedSynchronizer$ConditionObject.awaitNanos(AbstractQueuedSynchronizer.java:2078)
        at java.util.concurrent.LinkedBlockingQueue.poll(LinkedBlockingQueue.java:467)
        at org.apache.hadoop.ipc.CallQueueManager.take(CallQueueManager.java:317)
        at org.apache.hadoop.ipc.Server$Handler.run(Server.java:2942)
"ChunkWriter-1-0" daemon prio=5 tid=538 in Object.wait()
java.lang.Thread.State: WAITING (on object monitor)
        at sun.misc.Unsafe.park(Native Method)
        at java.util.concurrent.locks.LockSupport.park(LockSupport.java:175)
        at java.util.concurrent.locks.AbstractQueuedSynchronizer$ConditionObject.await(AbstractQueuedSynchronizer.java:2039)
        at java.util.concurrent.LinkedBlockingDeque.takeFirst(LinkedBlockingDeque.java:492)
        at java.util.concurrent.LinkedBlockingDeque.take(LinkedBlockingDeque.java:680)
        at java.util.concurrent.ThreadPoolExecutor.getTask(ThreadPoolExecutor.java:1074)
        at java.util.concurrent.ThreadPoolExecutor.runWorker(ThreadPoolExecutor.java:1134)
        at java.util.concurrent.ThreadPoolExecutor$Worker.run(ThreadPoolExecutor.java:624)
        at java.lang.Thread.run(Thread.java:750)
"qtp573924191-286" daemon prio=5 tid=286 timed_waiting
java.lang.Thread.State: TIMED_WAITING
        at sun.misc.Unsafe.park(Native Method)
        at java.util.concurrent.locks.LockSupport.parkNanos(LockSupport.java:215)
        at java.util.concurrent.locks.AbstractQueuedSynchronizer$ConditionObject.awaitNanos(AbstractQueuedSynchronizer.java:2078)
        at org.eclipse.jetty.util.BlockingArrayQueue.poll(BlockingArrayQueue.java:382)
        at org.eclipse.jetty.util.thread.QueuedThreadPool$Runner.idleJobPoll(QueuedThreadPool.java:974)
        at org.eclipse.jetty.util.thread.QueuedThreadPool$Runner.run(QueuedThreadPool.java:1018)
        at java.lang.Thread.run(Thread.java:750)
"ChunkWriter-2-0" daemon prio=5 tid=443 in Object.wait()
java.lang.Thread.State: WAITING (on object monitor)
        at sun.misc.Unsafe.park(Native Method)
        at java.util.concurrent.locks.LockSupport.park(LockSupport.java:175)
        at java.util.concurrent.locks.AbstractQueuedSynchronizer$ConditionObject.await(AbstractQueuedSynchronizer.java:2039)
        at java.util.concurrent.LinkedBlockingDeque.takeFirst(LinkedBlockingDeque.java:492)
        at java.util.concurrent.LinkedBlockingDeque.take(LinkedBlockingDeque.java:680)
        at java.util.concurrent.ThreadPoolExecutor.getTask(ThreadPoolExecutor.java:1074)
        at java.util.concurrent.ThreadPoolExecutor.runWorker(ThreadPoolExecutor.java:1134)
        at java.util.concurrent.ThreadPoolExecutor$Worker.run(ThreadPoolExecutor.java:624)
        at java.lang.Thread.run(Thread.java:750)
"qtp1130529378-461" daemon prio=5 tid=461 timed_waiting
java.lang.Thread.State: TIMED_WAITING
        at sun.misc.Unsafe.park(Native Method)
        at java.util.concurrent.locks.LockSupport.parkNanos(LockSupport.java:215)
        at java.util.concurrent.locks.AbstractQueuedSynchronizer$ConditionObject.awaitNanos(AbstractQueuedSynchronizer.java:2078)
        at org.eclipse.jetty.util.BlockingArrayQueue.poll(BlockingArrayQueue.java:382)
        at org.eclipse.jetty.util.thread.QueuedThreadPool$Runner.idleJobPoll(QueuedThreadPool.java:974)
        at org.eclipse.jetty.util.thread.QueuedThreadPool$Runner.run(QueuedThreadPool.java:1018)
        at java.lang.Thread.run(Thread.java:750)
"qtp2113440138-206" daemon prio=5 tid=206 timed_waiting
java.lang.Thread.State: TIMED_WAITING
        at sun.misc.Unsafe.park(Native Method)
        at java.util.concurrent.locks.LockSupport.parkNanos(LockSupport.java:215)
        at java.util.concurrent.locks.AbstractQueuedSynchronizer$ConditionObject.awaitNanos(AbstractQueuedSynchronizer.java:2078)
        at org.eclipse.jetty.util.BlockingArrayQueue.poll(BlockingArrayQueue.java:382)
        at org.eclipse.jetty.util.thread.QueuedThreadPool$Runner.idleJobPoll(QueuedThreadPool.java:974)
        at org.eclipse.jetty.util.thread.QueuedThreadPool$Runner.run(QueuedThreadPool.java:1018)
        at java.lang.Thread.run(Thread.java:750)
"FullTableCache Cleanup Thread - 0" daemon prio=5 tid=725 in Object.wait()
java.lang.Thread.State: WAITING (on object monitor)
        at sun.misc.Unsafe.park(Native Method)
        at java.util.concurrent.locks.LockSupport.park(LockSupport.java:175)
        at java.util.concurrent.locks.AbstractQueuedSynchronizer$ConditionObject.await(AbstractQueuedSynchronizer.java:2039)
        at java.util.concurrent.LinkedBlockingQueue.take(LinkedBlockingQueue.java:442)
        at java.util.concurrent.ThreadPoolExecutor.getTask(ThreadPoolExecutor.java:1074)
        at java.util.concurrent.ThreadPoolExecutor.runWorker(ThreadPoolExecutor.java:1134)
        at java.util.concurrent.ThreadPoolExecutor$Worker.run(ThreadPoolExecutor.java:624)
        at java.lang.Thread.run(Thread.java:750)
"9e7e10a2-763a-4a15-b149-6c921096d1eb@group-A314E49CC730-SegmentedRaftLogWorker"  prio=5 tid=582 timed_waiting
java.lang.Thread.State: TIMED_WAITING
        at sun.misc.Unsafe.park(Native Method)
        at java.util.concurrent.locks.LockSupport.parkNanos(LockSupport.java:215)
        at java.util.concurrent.locks.AbstractQueuedSynchronizer$ConditionObject.awaitNanos(AbstractQueuedSynchronizer.java:2078)
        at org.apache.ratis.util.DataBlockingQueue.poll(DataBlockingQueue.java:148)
        at org.apache.ratis.server.raftlog.segmented.SegmentedRaftLogWorker.run(SegmentedRaftLogWorker.java:310)
        at org.apache.ratis.server.raftlog.segmented.SegmentedRaftLogWorker$$Lambda$661/1265419919.run(Unknown Source)
        at java.lang.Thread.run(Thread.java:750)
"ChunkWriter-1-0" daemon prio=5 tid=345 in Object.wait()
java.lang.Thread.State: WAITING (on object monitor)
        at sun.misc.Unsafe.park(Native Method)
        at java.util.concurrent.locks.LockSupport.park(LockSupport.java:175)
        at java.util.concurrent.locks.AbstractQueuedSynchronizer$ConditionObject.await(AbstractQueuedSynchronizer.java:2039)
        at java.util.concurrent.LinkedBlockingDeque.takeFirst(LinkedBlockingDeque.java:492)
        at java.util.concurrent.LinkedBlockingDeque.take(LinkedBlockingDeque.java:680)
        at java.util.concurrent.ThreadPoolExecutor.getTask(ThreadPoolExecutor.java:1074)
        at java.util.concurrent.ThreadPoolExecutor.runWorker(ThreadPoolExecutor.java:1134)
        at java.util.concurrent.ThreadPoolExecutor$Worker.run(ThreadPoolExecutor.java:624)
        at java.lang.Thread.run(Thread.java:750)
"JvmPauseMonitor2" daemon prio=5 tid=377 timed_waiting
java.lang.Thread.State: TIMED_WAITING
        at java.lang.Thread.sleep(Native Method)
        at java.lang.Thread.sleep(Thread.java:342)
        at java.util.concurrent.TimeUnit.sleep(TimeUnit.java:386)
        at org.apache.ratis.util.TimeDuration.sleep(TimeDuration.java:325)
        at org.apache.ratis.util.TimeDuration.sleep(TimeDuration.java:310)
        at org.apache.ratis.util.JvmPauseMonitor.detectPause(JvmPauseMonitor.java:119)
        at org.apache.ratis.util.JvmPauseMonitor.run(JvmPauseMonitor.java:108)
        at org.apache.ratis.util.JvmPauseMonitor$$Lambda$702/1594456416.run(Unknown Source)
        at java.lang.Thread.run(Thread.java:750)
"qtp902495413-255-acceptor-0@247dd0fc-ServerConnector@3df463da{HTTP/1.1, (http/1.1)}{0.0.0.0:36951}" daemon prio=3 tid=255 runnable
java.lang.Thread.State: RUNNABLE
        at sun.nio.ch.ServerSocketChannelImpl.accept0(Native Method)
        at sun.nio.ch.ServerSocketChannelImpl.accept(ServerSocketChannelImpl.java:421)
        at sun.nio.ch.ServerSocketChannelImpl.accept(ServerSocketChannelImpl.java:249)
        at org.eclipse.jetty.server.ServerConnector.accept(ServerConnector.java:388)
        at org.eclipse.jetty.server.AbstractConnector$Acceptor.run(AbstractConnector.java:702)
        at org.eclipse.jetty.util.thread.QueuedThreadPool.runJob(QueuedThreadPool.java:883)
        at org.eclipse.jetty.util.thread.QueuedThreadPool$Runner.run(QueuedThreadPool.java:1034)
        at java.lang.Thread.run(Thread.java:750)
"StaleRecoveringContainerScrubbingService#2" daemon prio=5 tid=841 in Object.wait()
java.lang.Thread.State: WAITING (on object monitor)
        at sun.misc.Unsafe.park(Native Method)
        at java.util.concurrent.locks.LockSupport.park(LockSupport.java:175)
        at java.util.concurrent.locks.AbstractQueuedSynchronizer$ConditionObject.await(AbstractQueuedSynchronizer.java:2039)
        at java.util.concurrent.ScheduledThreadPoolExecutor$DelayedWorkQueue.take(ScheduledThreadPoolExecutor.java:1088)
        at java.util.concurrent.ScheduledThreadPoolExecutor$DelayedWorkQueue.take(ScheduledThreadPoolExecutor.java:809)
        at java.util.concurrent.ThreadPoolExecutor.getTask(ThreadPoolExecutor.java:1074)
        at java.util.concurrent.ThreadPoolExecutor.runWorker(ThreadPoolExecutor.java:1134)
        at java.util.concurrent.ThreadPoolExecutor$Worker.run(ThreadPoolExecutor.java:624)
        at java.lang.Thread.run(Thread.java:750)
"StaleRecoveringContainerScrubbingService#0" daemon prio=5 tid=415 in Object.wait()
java.lang.Thread.State: WAITING (on object monitor)
        at sun.misc.Unsafe.park(Native Method)
        at java.util.concurrent.locks.LockSupport.park(LockSupport.java:175)
        at java.util.concurrent.locks.AbstractQueuedSynchronizer$ConditionObject.await(AbstractQueuedSynchronizer.java:2039)
        at java.util.concurrent.ScheduledThreadPoolExecutor$DelayedWorkQueue.take(ScheduledThreadPoolExecutor.java:1088)
        at java.util.concurrent.ScheduledThreadPoolExecutor$DelayedWorkQueue.take(ScheduledThreadPoolExecutor.java:809)
        at java.util.concurrent.ThreadPoolExecutor.getTask(ThreadPoolExecutor.java:1074)
        at java.util.concurrent.ThreadPoolExecutor.runWorker(ThreadPoolExecutor.java:1134)
        at java.util.concurrent.ThreadPoolExecutor$Worker.run(ThreadPoolExecutor.java:624)
        at java.lang.Thread.run(Thread.java:750)
"Datanode ReportManager Thread - 2" daemon prio=5 tid=186 in Object.wait()
java.lang.Thread.State: WAITING (on object monitor)
        at sun.misc.Unsafe.park(Native Method)
        at java.util.concurrent.locks.LockSupport.park(LockSupport.java:175)
        at java.util.concurrent.locks.AbstractQueuedSynchronizer$ConditionObject.await(AbstractQueuedSynchronizer.java:2039)
        at java.util.concurrent.ScheduledThreadPoolExecutor$DelayedWorkQueue.take(ScheduledThreadPoolExecutor.java:1088)
        at java.util.concurrent.ScheduledThreadPoolExecutor$DelayedWorkQueue.take(ScheduledThreadPoolExecutor.java:809)
        at java.util.concurrent.ThreadPoolExecutor.getTask(ThreadPoolExecutor.java:1074)
        at java.util.concurrent.ThreadPoolExecutor.runWorker(ThreadPoolExecutor.java:1134)
        at java.util.concurrent.ThreadPoolExecutor$Worker.run(ThreadPoolExecutor.java:624)
        at java.lang.Thread.run(Thread.java:750)
"IPC Server handler 6 on default port 38247" daemon prio=5 tid=43 timed_waiting
java.lang.Thread.State: TIMED_WAITING
        at sun.misc.Unsafe.park(Native Method)
        at java.util.concurrent.locks.LockSupport.parkNanos(LockSupport.java:215)
        at java.util.concurrent.locks.AbstractQueuedSynchronizer$ConditionObject.awaitNanos(AbstractQueuedSynchronizer.java:2078)
        at java.util.concurrent.LinkedBlockingQueue.poll(LinkedBlockingQueue.java:467)
        at org.apache.hadoop.ipc.CallQueueManager.take(CallQueueManager.java:317)
        at org.apache.hadoop.ipc.Server$Handler.run(Server.java:2942)
"4bf4c8bd-58cb-4467-be45-ba87f7c70472@group-07EB0DC06987-StateMachineUpdater" daemon prio=5 tid=675 timed_waiting
java.lang.Thread.State: TIMED_WAITING
        at sun.misc.Unsafe.park(Native Method)
        at java.util.concurrent.locks.LockSupport.parkNanos(LockSupport.java:215)
        at java.util.concurrent.CompletableFuture$Signaller.block(CompletableFuture.java:1709)
        at java.util.concurrent.ForkJoinPool.managedBlock(ForkJoinPool.java:3323)
        at java.util.concurrent.CompletableFuture.timedGet(CompletableFuture.java:1788)
        at java.util.concurrent.CompletableFuture.get(CompletableFuture.java:1928)
        at org.apache.ratis.util.AwaitForSignal.await(AwaitForSignal.java:56)
        at org.apache.ratis.server.impl.StateMachineUpdater.waitForCommit(StateMachineUpdater.java:207)
        at org.apache.ratis.server.impl.StateMachineUpdater.run(StateMachineUpdater.java:176)
        at java.lang.Thread.run(Thread.java:750)
"Periodic HDDS volume checker" daemon prio=5 tid=452 timed_waiting
java.lang.Thread.State: TIMED_WAITING
        at sun.misc.Unsafe.park(Native Method)
        at java.util.concurrent.locks.LockSupport.parkNanos(LockSupport.java:215)
        at java.util.concurrent.locks.AbstractQueuedSynchronizer$ConditionObject.awaitNanos(AbstractQueuedSynchronizer.java:2078)
        at java.util.concurrent.ScheduledThreadPoolExecutor$DelayedWorkQueue.take(ScheduledThreadPoolExecutor.java:1093)
        at java.util.concurrent.ScheduledThreadPoolExecutor$DelayedWorkQueue.take(ScheduledThreadPoolExecutor.java:809)
        at java.util.concurrent.ThreadPoolExecutor.getTask(ThreadPoolExecutor.java:1074)
        at java.util.concurrent.ThreadPoolExecutor.runWorker(ThreadPoolExecutor.java:1134)
        at java.util.concurrent.ThreadPoolExecutor$Worker.run(ThreadPoolExecutor.java:624)
        at java.lang.Thread.run(Thread.java:750)
"IPC Server handler 5 on default port 38247" daemon prio=5 tid=42 timed_waiting
java.lang.Thread.State: TIMED_WAITING
        at sun.misc.Unsafe.park(Native Method)
        at java.util.concurrent.locks.LockSupport.parkNanos(LockSupport.java:215)
        at java.util.concurrent.locks.AbstractQueuedSynchronizer$ConditionObject.awaitNanos(AbstractQueuedSynchronizer.java:2078)
        at java.util.concurrent.LinkedBlockingQueue.poll(LinkedBlockingQueue.java:467)
        at org.apache.hadoop.ipc.CallQueueManager.take(CallQueueManager.java:317)
        at org.apache.hadoop.ipc.Server$Handler.run(Server.java:2942)
"qtp831797965-378" daemon prio=5 tid=378 runnable
java.lang.Thread.State: RUNNABLE
        at sun.nio.ch.EPollArrayWrapper.epollWait(Native Method)
        at sun.nio.ch.EPollArrayWrapper.poll(EPollArrayWrapper.java:269)
        at sun.nio.ch.EPollSelectorImpl.doSelect(EPollSelectorImpl.java:93)
        at sun.nio.ch.SelectorImpl.lockAndDoSelect(SelectorImpl.java:86)
        at sun.nio.ch.SelectorImpl.select(SelectorImpl.java:97)
        at sun.nio.ch.SelectorImpl.select(SelectorImpl.java:101)
        at org.eclipse.jetty.io.ManagedSelector.nioSelect(ManagedSelector.java:183)
        at org.eclipse.jetty.io.ManagedSelector.select(ManagedSelector.java:190)
        at org.eclipse.jetty.io.ManagedSelector$SelectorProducer.select(ManagedSelector.java:606)
        at org.eclipse.jetty.io.ManagedSelector$SelectorProducer.produce(ManagedSelector.java:543)
        at org.eclipse.jetty.util.thread.strategy.EatWhatYouKill.produceTask(EatWhatYouKill.java:362)
        at org.eclipse.jetty.util.thread.strategy.EatWhatYouKill.doProduce(EatWhatYouKill.java:186)
        at org.eclipse.jetty.util.thread.strategy.EatWhatYouKill.tryProduce(EatWhatYouKill.java:173)
        at org.eclipse.jetty.util.thread.strategy.EatWhatYouKill.produce(EatWhatYouKill.java:137)
        at org.eclipse.jetty.io.ManagedSelector$$Lambda$443/1383931873.run(Unknown Source)
        at org.eclipse.jetty.util.thread.QueuedThreadPool.runJob(QueuedThreadPool.java:883)
        at org.eclipse.jetty.util.thread.QueuedThreadPool$Runner.run(QueuedThreadPool.java:1034)
        at java.lang.Thread.run(Thread.java:750)
"OM StateMachine ApplyTransaction Thread - 0" daemon prio=5 tid=723 in Object.wait()
java.lang.Thread.State: WAITING (on object monitor)
        at sun.misc.Unsafe.park(Native Method)
        at java.util.concurrent.locks.LockSupport.park(LockSupport.java:175)
        at java.util.concurrent.locks.AbstractQueuedSynchronizer$ConditionObject.await(AbstractQueuedSynchronizer.java:2039)
        at java.util.concurrent.LinkedBlockingQueue.take(LinkedBlockingQueue.java:442)
        at java.util.concurrent.ThreadPoolExecutor.getTask(ThreadPoolExecutor.java:1074)
        at java.util.concurrent.ThreadPoolExecutor.runWorker(ThreadPoolExecutor.java:1134)
        at java.util.concurrent.ThreadPoolExecutor$Worker.run(ThreadPoolExecutor.java:624)
        at java.lang.Thread.run(Thread.java:750)
"c61245f4-0084-4810-95a5-490d20dc424d@group-4054D80A22FC-StateMachineUpdater" daemon prio=5 tid=619 timed_waiting
java.lang.Thread.State: TIMED_WAITING
        at sun.misc.Unsafe.park(Native Method)
        at java.util.concurrent.locks.LockSupport.parkNanos(LockSupport.java:215)
        at java.util.concurrent.CompletableFuture$Signaller.block(CompletableFuture.java:1709)
        at java.util.concurrent.ForkJoinPool.managedBlock(ForkJoinPool.java:3323)
        at java.util.concurrent.CompletableFuture.timedGet(CompletableFuture.java:1788)
        at java.util.concurrent.CompletableFuture.get(CompletableFuture.java:1928)
        at org.apache.ratis.util.AwaitForSignal.await(AwaitForSignal.java:56)
        at org.apache.ratis.server.impl.StateMachineUpdater.waitForCommit(StateMachineUpdater.java:207)
        at org.apache.ratis.server.impl.StateMachineUpdater.run(StateMachineUpdater.java:176)
        at java.lang.Thread.run(Thread.java:750)
"org.apache.hadoop.util.JvmPauseMonitor$Monitor@47cf9b00" daemon prio=5 tid=296 timed_waiting
java.lang.Thread.State: TIMED_WAITING
        at java.lang.Thread.sleep(Native Method)
        at org.apache.hadoop.util.JvmPauseMonitor$Monitor.run(JvmPauseMonitor.java:192)
        at java.lang.Thread.run(Thread.java:750)
"IPC Server handler 13 on default port 39185" daemon prio=5 tid=70 timed_waiting
java.lang.Thread.State: TIMED_WAITING
        at sun.misc.Unsafe.park(Native Method)
        at java.util.concurrent.locks.LockSupport.parkNanos(LockSupport.java:215)
        at java.util.concurrent.locks.AbstractQueuedSynchronizer$ConditionObject.awaitNanos(AbstractQueuedSynchronizer.java:2078)
        at java.util.concurrent.LinkedBlockingQueue.poll(LinkedBlockingQueue.java:467)
        at org.apache.hadoop.ipc.CallQueueManager.take(CallQueueManager.java:317)
        at org.apache.hadoop.ipc.Server$Handler.run(Server.java:2942)
"StaleRecoveringContainerScrubbingService#2" daemon prio=5 tid=831 in Object.wait()
java.lang.Thread.State: WAITING (on object monitor)
        at sun.misc.Unsafe.park(Native Method)
        at java.util.concurrent.locks.LockSupport.park(LockSupport.java:175)
        at java.util.concurrent.locks.AbstractQueuedSynchronizer$ConditionObject.await(AbstractQueuedSynchronizer.java:2039)
        at java.util.concurrent.ScheduledThreadPoolExecutor$DelayedWorkQueue.take(ScheduledThreadPoolExecutor.java:1088)
        at java.util.concurrent.ScheduledThreadPoolExecutor$DelayedWorkQueue.take(ScheduledThreadPoolExecutor.java:809)
        at java.util.concurrent.ThreadPoolExecutor.getTask(ThreadPoolExecutor.java:1074)
        at java.util.concurrent.ThreadPoolExecutor.runWorker(ThreadPoolExecutor.java:1134)
        at java.util.concurrent.ThreadPoolExecutor$Worker.run(ThreadPoolExecutor.java:624)
        at java.lang.Thread.run(Thread.java:750)
"ChunkWriter-1-0" daemon prio=5 tid=442 in Object.wait()
java.lang.Thread.State: WAITING (on object monitor)
        at sun.misc.Unsafe.park(Native Method)
        at java.util.concurrent.locks.LockSupport.park(LockSupport.java:175)
        at java.util.concurrent.locks.AbstractQueuedSynchronizer$ConditionObject.await(AbstractQueuedSynchronizer.java:2039)
        at java.util.concurrent.LinkedBlockingDeque.takeFirst(LinkedBlockingDeque.java:492)
        at java.util.concurrent.LinkedBlockingDeque.take(LinkedBlockingDeque.java:680)
        at java.util.concurrent.ThreadPoolExecutor.getTask(ThreadPoolExecutor.java:1074)
        at java.util.concurrent.ThreadPoolExecutor.runWorker(ThreadPoolExecutor.java:1134)
        at java.util.concurrent.ThreadPoolExecutor$Worker.run(ThreadPoolExecutor.java:624)
        at java.lang.Thread.run(Thread.java:750)
"IPC Server handler 4 on default port 39185" daemon prio=5 tid=61 timed_waiting
java.lang.Thread.State: TIMED_WAITING
        at sun.misc.Unsafe.park(Native Method)
        at java.util.concurrent.locks.LockSupport.parkNanos(LockSupport.java:215)
        at java.util.concurrent.locks.AbstractQueuedSynchronizer$ConditionObject.awaitNanos(AbstractQueuedSynchronizer.java:2078)
        at java.util.concurrent.LinkedBlockingQueue.poll(LinkedBlockingQueue.java:467)
        at org.apache.hadoop.ipc.CallQueueManager.take(CallQueueManager.java:317)
        at org.apache.hadoop.ipc.Server$Handler.run(Server.java:2942)
"grpc-default-executor-2" daemon prio=5 tid=686 timed_waiting
java.lang.Thread.State: TIMED_WAITING
        at sun.misc.Unsafe.park(Native Method)
        at java.util.concurrent.locks.LockSupport.parkNanos(LockSupport.java:215)
        at java.util.concurrent.SynchronousQueue$TransferStack.awaitFulfill(SynchronousQueue.java:460)
        at java.util.concurrent.SynchronousQueue$TransferStack.transfer(SynchronousQueue.java:362)
        at java.util.concurrent.SynchronousQueue.poll(SynchronousQueue.java:941)
        at java.util.concurrent.ThreadPoolExecutor.getTask(ThreadPoolExecutor.java:1073)
        at java.util.concurrent.ThreadPoolExecutor.runWorker(ThreadPoolExecutor.java:1134)
        at java.util.concurrent.ThreadPoolExecutor$Worker.run(ThreadPoolExecutor.java:624)
        at java.lang.Thread.run(Thread.java:750)
"9e7e10a2-763a-4a15-b149-6c921096d1eb-server-thread3" daemon prio=5 tid=691 timed_waiting
java.lang.Thread.State: TIMED_WAITING
        at sun.misc.Unsafe.park(Native Method)
        at java.util.concurrent.locks.LockSupport.parkNanos(LockSupport.java:215)
        at java.util.concurrent.SynchronousQueue$TransferStack.awaitFulfill(SynchronousQueue.java:460)
        at java.util.concurrent.SynchronousQueue$TransferStack.transfer(SynchronousQueue.java:362)
        at java.util.concurrent.SynchronousQueue.poll(SynchronousQueue.java:941)
        at java.util.concurrent.ThreadPoolExecutor.getTask(ThreadPoolExecutor.java:1073)
        at java.util.concurrent.ThreadPoolExecutor.runWorker(ThreadPoolExecutor.java:1134)
        at java.util.concurrent.ThreadPoolExecutor$Worker.run(ThreadPoolExecutor.java:624)
        at java.lang.Thread.run(Thread.java:750)
"Periodic HDDS volume checker" daemon prio=5 tid=299 timed_waiting
java.lang.Thread.State: TIMED_WAITING
        at sun.misc.Unsafe.park(Native Method)
        at java.util.concurrent.locks.LockSupport.parkNanos(LockSupport.java:215)
        at java.util.concurrent.locks.AbstractQueuedSynchronizer$ConditionObject.awaitNanos(AbstractQueuedSynchronizer.java:2078)
        at java.util.concurrent.ScheduledThreadPoolExecutor$DelayedWorkQueue.take(ScheduledThreadPoolExecutor.java:1093)
        at java.util.concurrent.ScheduledThreadPoolExecutor$DelayedWorkQueue.take(ScheduledThreadPoolExecutor.java:809)
        at java.util.concurrent.ThreadPoolExecutor.getTask(ThreadPoolExecutor.java:1074)
        at java.util.concurrent.ThreadPoolExecutor.runWorker(ThreadPoolExecutor.java:1134)
        at java.util.concurrent.ThreadPoolExecutor$Worker.run(ThreadPoolExecutor.java:624)
        at java.lang.Thread.run(Thread.java:750)
"grpc-default-executor-3" daemon prio=5 tid=695 timed_waiting
java.lang.Thread.State: TIMED_WAITING
        at sun.misc.Unsafe.park(Native Method)
        at java.util.concurrent.locks.LockSupport.parkNanos(LockSupport.java:215)
        at java.util.concurrent.SynchronousQueue$TransferStack.awaitFulfill(SynchronousQueue.java:460)
        at java.util.concurrent.SynchronousQueue$TransferStack.transfer(SynchronousQueue.java:362)
        at java.util.concurrent.SynchronousQueue.poll(SynchronousQueue.java:941)
        at java.util.concurrent.ThreadPoolExecutor.getTask(ThreadPoolExecutor.java:1073)
        at java.util.concurrent.ThreadPoolExecutor.runWorker(ThreadPoolExecutor.java:1134)
        at java.util.concurrent.ThreadPoolExecutor$Worker.run(ThreadPoolExecutor.java:624)
        at java.lang.Thread.run(Thread.java:750)
"PartialTableCache Cleanup Thread - 0" daemon prio=5 tid=750 in Object.wait()
java.lang.Thread.State: WAITING (on object monitor)
        at sun.misc.Unsafe.park(Native Method)
        at java.util.concurrent.locks.LockSupport.park(LockSupport.java:175)
        at java.util.concurrent.locks.AbstractQueuedSynchronizer$ConditionObject.await(AbstractQueuedSynchronizer.java:2039)
        at java.util.concurrent.LinkedBlockingQueue.take(LinkedBlockingQueue.java:442)
        at java.util.concurrent.ThreadPoolExecutor.getTask(ThreadPoolExecutor.java:1074)
        at java.util.concurrent.ThreadPoolExecutor.runWorker(ThreadPoolExecutor.java:1134)
        at java.util.concurrent.ThreadPoolExecutor$Worker.run(ThreadPoolExecutor.java:624)
        at java.lang.Thread.run(Thread.java:750)
"BlockDeletingService#1" daemon prio=5 tid=416 timed_waiting
java.lang.Thread.State: TIMED_WAITING
        at sun.misc.Unsafe.park(Native Method)
        at java.util.concurrent.locks.LockSupport.parkNanos(LockSupport.java:215)
        at java.util.concurrent.locks.AbstractQueuedSynchronizer$ConditionObject.awaitNanos(AbstractQueuedSynchronizer.java:2078)
        at java.util.concurrent.ScheduledThreadPoolExecutor$DelayedWorkQueue.take(ScheduledThreadPoolExecutor.java:1093)
        at java.util.concurrent.ScheduledThreadPoolExecutor$DelayedWorkQueue.take(ScheduledThreadPoolExecutor.java:809)
        at java.util.concurrent.ThreadPoolExecutor.getTask(ThreadPoolExecutor.java:1074)
        at java.util.concurrent.ThreadPoolExecutor.runWorker(ThreadPoolExecutor.java:1134)
        at java.util.concurrent.ThreadPoolExecutor$Worker.run(ThreadPoolExecutor.java:624)
        at java.lang.Thread.run(Thread.java:750)
"IPC Server handler 13 on default port 38247" daemon prio=5 tid=50 timed_waiting
java.lang.Thread.State: TIMED_WAITING
        at sun.misc.Unsafe.park(Native Method)
        at java.util.concurrent.locks.LockSupport.parkNanos(LockSupport.java:215)
        at java.util.concurrent.locks.AbstractQueuedSynchronizer$ConditionObject.awaitNanos(AbstractQueuedSynchronizer.java:2078)
        at java.util.concurrent.LinkedBlockingQueue.poll(LinkedBlockingQueue.java:467)
        at org.apache.hadoop.ipc.CallQueueManager.take(CallQueueManager.java:317)
        at org.apache.hadoop.ipc.Server$Handler.run(Server.java:2942)
"Datanode ReportManager Thread - 0" daemon prio=5 tid=184 timed_waiting
java.lang.Thread.State: TIMED_WAITING
        at sun.misc.Unsafe.park(Native Method)
        at java.util.concurrent.locks.LockSupport.parkNanos(LockSupport.java:215)
        at java.util.concurrent.locks.AbstractQueuedSynchronizer$ConditionObject.awaitNanos(AbstractQueuedSynchronizer.java:2078)
        at java.util.concurrent.ScheduledThreadPoolExecutor$DelayedWorkQueue.take(ScheduledThreadPoolExecutor.java:1093)
        at java.util.concurrent.ScheduledThreadPoolExecutor$DelayedWorkQueue.take(ScheduledThreadPoolExecutor.java:809)
        at java.util.concurrent.ThreadPoolExecutor.getTask(ThreadPoolExecutor.java:1074)
        at java.util.concurrent.ThreadPoolExecutor.runWorker(ThreadPoolExecutor.java:1134)
        at java.util.concurrent.ThreadPoolExecutor$Worker.run(ThreadPoolExecutor.java:624)
        at java.lang.Thread.run(Thread.java:750)
"IPC Server handler 17 on default port 38247" daemon prio=5 tid=54 timed_waiting
java.lang.Thread.State: TIMED_WAITING
        at sun.misc.Unsafe.park(Native Method)
        at java.util.concurrent.locks.LockSupport.parkNanos(LockSupport.java:215)
        at java.util.concurrent.locks.AbstractQueuedSynchronizer$ConditionObject.awaitNanos(AbstractQueuedSynchronizer.java:2078)
        at java.util.concurrent.LinkedBlockingQueue.poll(LinkedBlockingQueue.java:467)
        at org.apache.hadoop.ipc.CallQueueManager.take(CallQueueManager.java:317)
        at org.apache.hadoop.ipc.Server$Handler.run(Server.java:2942)
"Datanode ReportManager Thread - 3" daemon prio=5 tid=484 in Object.wait()
java.lang.Thread.State: WAITING (on object monitor)
        at sun.misc.Unsafe.park(Native Method)
        at java.util.concurrent.locks.LockSupport.park(LockSupport.java:175)
        at java.util.concurrent.locks.AbstractQueuedSynchronizer$ConditionObject.await(AbstractQueuedSynchronizer.java:2039)
        at java.util.concurrent.ScheduledThreadPoolExecutor$DelayedWorkQueue.take(ScheduledThreadPoolExecutor.java:1088)
        at java.util.concurrent.ScheduledThreadPoolExecutor$DelayedWorkQueue.take(ScheduledThreadPoolExecutor.java:809)
        at java.util.concurrent.ThreadPoolExecutor.getTask(ThreadPoolExecutor.java:1074)
        at java.util.concurrent.ThreadPoolExecutor.runWorker(ThreadPoolExecutor.java:1134)
        at java.util.concurrent.ThreadPoolExecutor$Worker.run(ThreadPoolExecutor.java:624)
        at java.lang.Thread.run(Thread.java:750)
"Session-HouseKeeper-2aaa4574-1"  prio=5 tid=236 timed_waiting
java.lang.Thread.State: TIMED_WAITING
        at sun.misc.Unsafe.park(Native Method)
        at java.util.concurrent.locks.LockSupport.parkNanos(LockSupport.java:215)
        at java.util.concurrent.locks.AbstractQueuedSynchronizer$ConditionObject.awaitNanos(AbstractQueuedSynchronizer.java:2078)
        at java.util.concurrent.ScheduledThreadPoolExecutor$DelayedWorkQueue.take(ScheduledThreadPoolExecutor.java:1093)
        at java.util.concurrent.ScheduledThreadPoolExecutor$DelayedWorkQueue.take(ScheduledThreadPoolExecutor.java:809)
        at java.util.concurrent.ThreadPoolExecutor.getTask(ThreadPoolExecutor.java:1074)
        at java.util.concurrent.ThreadPoolExecutor.runWorker(ThreadPoolExecutor.java:1134)
        at java.util.concurrent.ThreadPoolExecutor$Worker.run(ThreadPoolExecutor.java:624)
        at java.lang.Thread.run(Thread.java:750)
"ChunkReader-2" daemon prio=5 tid=781 in Object.wait()
java.lang.Thread.State: WAITING (on object monitor)
        at sun.misc.Unsafe.park(Native Method)
        at java.util.concurrent.locks.LockSupport.park(LockSupport.java:175)
        at java.util.concurrent.locks.AbstractQueuedSynchronizer$ConditionObject.await(AbstractQueuedSynchronizer.java:2039)
        at java.util.concurrent.LinkedBlockingQueue.take(LinkedBlockingQueue.java:442)
        at java.util.concurrent.ThreadPoolExecutor.getTask(ThreadPoolExecutor.java:1074)
        at java.util.concurrent.ThreadPoolExecutor.runWorker(ThreadPoolExecutor.java:1134)
        at java.util.concurrent.ThreadPoolExecutor$Worker.run(ThreadPoolExecutor.java:624)
        at java.lang.Thread.run(Thread.java:750)
"org.apache.hadoop.ozone.container.common.statemachine.commandhandler.DeleteBlocksCommandHandler$DeleteCmdWorker@4f93ec20" daemon prio=5 tid=371 timed_waiting
java.lang.Thread.State: TIMED_WAITING
        at java.lang.Thread.sleep(Native Method)
        at org.apache.hadoop.ozone.container.common.statemachine.commandhandler.DeleteBlocksCommandHandler$DeleteCmdWorker.run(DeleteBlocksCommandHandler.java:183)
        at java.lang.Thread.run(Thread.java:750)
"IPC Server handler 1 on default port 40043" daemon prio=5 tid=145 timed_waiting
java.lang.Thread.State: TIMED_WAITING
        at sun.misc.Unsafe.park(Native Method)
        at java.util.concurrent.locks.LockSupport.parkNanos(LockSupport.java:215)
        at java.util.concurrent.locks.AbstractQueuedSynchronizer$ConditionObject.awaitNanos(AbstractQueuedSynchronizer.java:2078)
        at java.util.concurrent.LinkedBlockingQueue.poll(LinkedBlockingQueue.java:467)
        at org.apache.hadoop.ipc.CallQueueManager.take(CallQueueManager.java:317)
        at org.apache.hadoop.ipc.Server$Handler.run(Server.java:2942)
"pool-295-thread-1"  prio=5 tid=672 in Object.wait()
java.lang.Thread.State: WAITING (on object monitor)
        at sun.misc.Unsafe.park(Native Method)
        at java.util.concurrent.locks.LockSupport.park(LockSupport.java:175)
        at java.util.concurrent.locks.AbstractQueuedSynchronizer$ConditionObject.await(AbstractQueuedSynchronizer.java:2039)
        at java.util.concurrent.LinkedBlockingQueue.take(LinkedBlockingQueue.java:442)
        at java.util.concurrent.ThreadPoolExecutor.getTask(ThreadPoolExecutor.java:1074)
        at java.util.concurrent.ThreadPoolExecutor.runWorker(ThreadPoolExecutor.java:1134)
        at java.util.concurrent.ThreadPoolExecutor$Worker.run(ThreadPoolExecutor.java:624)
        at java.lang.Thread.run(Thread.java:750)
"JvmPauseMonitor6" daemon prio=5 tid=495 timed_waiting
java.lang.Thread.State: TIMED_WAITING
        at java.lang.Thread.sleep(Native Method)
        at java.lang.Thread.sleep(Thread.java:342)
        at java.util.concurrent.TimeUnit.sleep(TimeUnit.java:386)
        at org.apache.ratis.util.TimeDuration.sleep(TimeDuration.java:325)
        at org.apache.ratis.util.TimeDuration.sleep(TimeDuration.java:310)
        at org.apache.ratis.util.JvmPauseMonitor.detectPause(JvmPauseMonitor.java:119)
        at org.apache.ratis.util.JvmPauseMonitor.run(JvmPauseMonitor.java:108)
        at org.apache.ratis.util.JvmPauseMonitor$$Lambda$702/1594456416.run(Unknown Source)
        at java.lang.Thread.run(Thread.java:750)
"qtp573924191-281-acceptor-0@e0a7b51-ServerConnector@41709aa8{HTTP/1.1, (http/1.1)}{0.0.0.0:38623}" daemon prio=3 tid=281 runnable
java.lang.Thread.State: RUNNABLE
        at sun.nio.ch.ServerSocketChannelImpl.accept0(Native Method)
        at sun.nio.ch.ServerSocketChannelImpl.accept(ServerSocketChannelImpl.java:421)
        at sun.nio.ch.ServerSocketChannelImpl.accept(ServerSocketChannelImpl.java:249)
        at org.eclipse.jetty.server.ServerConnector.accept(ServerConnector.java:388)
        at org.eclipse.jetty.server.AbstractConnector$Acceptor.run(AbstractConnector.java:702)
        at org.eclipse.jetty.util.thread.QueuedThreadPool.runJob(QueuedThreadPool.java:883)
        at org.eclipse.jetty.util.thread.QueuedThreadPool$Runner.run(QueuedThreadPool.java:1034)
        at java.lang.Thread.run(Thread.java:750)
"c61245f4-0084-4810-95a5-490d20dc424d@group-F4D6B88598DC-LeaderStateImpl" daemon prio=5 tid=762 timed_waiting
java.lang.Thread.State: TIMED_WAITING
        at sun.misc.Unsafe.park(Native Method)
        at java.util.concurrent.locks.LockSupport.parkNanos(LockSupport.java:215)
        at java.util.concurrent.locks.AbstractQueuedSynchronizer$ConditionObject.awaitNanos(AbstractQueuedSynchronizer.java:2078)
        at java.util.concurrent.ArrayBlockingQueue.poll(ArrayBlockingQueue.java:418)
        at org.apache.ratis.server.impl.LeaderStateImpl$EventQueue.poll(LeaderStateImpl.java:159)
        at org.apache.ratis.server.impl.LeaderStateImpl$EventProcessor.run(LeaderStateImpl.java:630)
"ChunkWriter-1-0" daemon prio=5 tid=550 in Object.wait()
java.lang.Thread.State: WAITING (on object monitor)
        at sun.misc.Unsafe.park(Native Method)
        at java.util.concurrent.locks.LockSupport.park(LockSupport.java:175)
        at java.util.concurrent.locks.AbstractQueuedSynchronizer$ConditionObject.await(AbstractQueuedSynchronizer.java:2039)
        at java.util.concurrent.LinkedBlockingDeque.takeFirst(LinkedBlockingDeque.java:492)
        at java.util.concurrent.LinkedBlockingDeque.take(LinkedBlockingDeque.java:680)
        at java.util.concurrent.ThreadPoolExecutor.getTask(ThreadPoolExecutor.java:1074)
        at java.util.concurrent.ThreadPoolExecutor.runWorker(ThreadPoolExecutor.java:1134)
        at java.util.concurrent.ThreadPoolExecutor$Worker.run(ThreadPoolExecutor.java:624)
        at java.lang.Thread.run(Thread.java:750)
"BlockDeletingService#0" daemon prio=5 tid=543 in Object.wait()
java.lang.Thread.State: WAITING (on object monitor)
        at sun.misc.Unsafe.park(Native Method)
        at java.util.concurrent.locks.LockSupport.park(LockSupport.java:175)
        at java.util.concurrent.locks.AbstractQueuedSynchronizer$ConditionObject.await(AbstractQueuedSynchronizer.java:2039)
        at java.util.concurrent.ScheduledThreadPoolExecutor$DelayedWorkQueue.take(ScheduledThreadPoolExecutor.java:1088)
        at java.util.concurrent.ScheduledThreadPoolExecutor$DelayedWorkQueue.take(ScheduledThreadPoolExecutor.java:809)
        at java.util.concurrent.ThreadPoolExecutor.getTask(ThreadPoolExecutor.java:1074)
        at java.util.concurrent.ThreadPoolExecutor.runWorker(ThreadPoolExecutor.java:1134)
        at java.util.concurrent.ThreadPoolExecutor$Worker.run(ThreadPoolExecutor.java:624)
        at java.lang.Thread.run(Thread.java:750)
"ChunkReader-ELG-0" daemon prio=5 tid=349 runnable
java.lang.Thread.State: RUNNABLE
        at org.apache.ratis.thirdparty.io.netty.channel.epoll.Native.epollWait0(Native Method)
        at org.apache.ratis.thirdparty.io.netty.channel.epoll.Native.epollWait(Native.java:182)
        at org.apache.ratis.thirdparty.io.netty.channel.epoll.EpollEventLoop.epollWait(EpollEventLoop.java:290)
        at org.apache.ratis.thirdparty.io.netty.channel.epoll.EpollEventLoop.run(EpollEventLoop.java:354)
        at org.apache.ratis.thirdparty.io.netty.util.concurrent.SingleThreadEventExecutor$4.run(SingleThreadEventExecutor.java:995)
        at org.apache.ratis.thirdparty.io.netty.util.internal.ThreadExecutorMap$2.run(ThreadExecutorMap.java:74)
        at java.lang.Thread.run(Thread.java:750)
"qtp939893108-425" daemon prio=5 tid=425 timed_waiting
java.lang.Thread.State: TIMED_WAITING
        at sun.misc.Unsafe.park(Native Method)
        at java.util.concurrent.locks.LockSupport.parkNanos(LockSupport.java:215)
        at java.util.concurrent.locks.AbstractQueuedSynchronizer$ConditionObject.awaitNanos(AbstractQueuedSynchronizer.java:2078)
        at org.eclipse.jetty.util.BlockingArrayQueue.poll(BlockingArrayQueue.java:382)
        at org.eclipse.jetty.util.thread.QueuedThreadPool$Runner.idleJobPoll(QueuedThreadPool.java:974)
        at org.eclipse.jetty.util.thread.QueuedThreadPool$Runner.run(QueuedThreadPool.java:1018)
        at java.lang.Thread.run(Thread.java:750)
"91dae643-bef5-471c-869f-4daa43ea47b3@group-9B8FAE4D8AEE-LeaderStateImpl" daemon prio=5 tid=700 timed_waiting
java.lang.Thread.State: TIMED_WAITING
        at sun.misc.Unsafe.park(Native Method)
        at java.util.concurrent.locks.LockSupport.parkNanos(LockSupport.java:215)
        at java.util.concurrent.locks.AbstractQueuedSynchronizer$ConditionObject.awaitNanos(AbstractQueuedSynchronizer.java:2078)
        at java.util.concurrent.ArrayBlockingQueue.poll(ArrayBlockingQueue.java:418)
        at org.apache.ratis.server.impl.LeaderStateImpl$EventQueue.poll(LeaderStateImpl.java:159)
        at org.apache.ratis.server.impl.LeaderStateImpl$EventProcessor.run(LeaderStateImpl.java:630)
"JvmPauseMonitor0" daemon prio=5 tid=129 timed_waiting
java.lang.Thread.State: TIMED_WAITING
        at java.lang.Thread.sleep(Native Method)
        at java.lang.Thread.sleep(Thread.java:342)
        at java.util.concurrent.TimeUnit.sleep(TimeUnit.java:386)
        at org.apache.ratis.util.TimeDuration.sleep(TimeDuration.java:325)
        at org.apache.ratis.util.TimeDuration.sleep(TimeDuration.java:310)
        at org.apache.ratis.util.JvmPauseMonitor.detectPause(JvmPauseMonitor.java:119)
        at org.apache.ratis.util.JvmPauseMonitor.run(JvmPauseMonitor.java:108)
        at org.apache.ratis.util.JvmPauseMonitor$$Lambda$702/1594456416.run(Unknown Source)
        at java.lang.Thread.run(Thread.java:750)
"ChunkWriter-0-0" daemon prio=5 tid=491 in Object.wait()
java.lang.Thread.State: WAITING (on object monitor)
        at sun.misc.Unsafe.park(Native Method)
        at java.util.concurrent.locks.LockSupport.park(LockSupport.java:175)
        at java.util.concurrent.locks.AbstractQueuedSynchronizer$ConditionObject.await(AbstractQueuedSynchronizer.java:2039)
        at java.util.concurrent.LinkedBlockingDeque.takeFirst(LinkedBlockingDeque.java:492)
        at java.util.concurrent.LinkedBlockingDeque.take(LinkedBlockingDeque.java:680)
        at java.util.concurrent.ThreadPoolExecutor.getTask(ThreadPoolExecutor.java:1074)
        at java.util.concurrent.ThreadPoolExecutor.runWorker(ThreadPoolExecutor.java:1134)
        at java.util.concurrent.ThreadPoolExecutor$Worker.run(ThreadPoolExecutor.java:624)
        at java.lang.Thread.run(Thread.java:750)
"qtp902495413-256" daemon prio=5 tid=256 timed_waiting
java.lang.Thread.State: TIMED_WAITING
        at sun.misc.Unsafe.park(Native Method)
        at java.util.concurrent.locks.LockSupport.parkNanos(LockSupport.java:215)
        at java.util.concurrent.locks.AbstractQueuedSynchronizer$ConditionObject.awaitNanos(AbstractQueuedSynchronizer.java:2078)
        at org.eclipse.jetty.util.BlockingArrayQueue.poll(BlockingArrayQueue.java:382)
        at org.eclipse.jetty.util.thread.QueuedThreadPool$Runner.idleJobPoll(QueuedThreadPool.java:974)
        at org.eclipse.jetty.util.thread.QueuedThreadPool$Runner.run(QueuedThreadPool.java:1018)
        at java.lang.Thread.run(Thread.java:750)
"JvmPauseMonitor4" daemon prio=5 tid=445 timed_waiting
java.lang.Thread.State: TIMED_WAITING
        at java.lang.Thread.sleep(Native Method)
        at java.lang.Thread.sleep(Thread.java:342)
        at java.util.concurrent.TimeUnit.sleep(TimeUnit.java:386)
        at org.apache.ratis.util.TimeDuration.sleep(TimeDuration.java:325)
        at org.apache.ratis.util.TimeDuration.sleep(TimeDuration.java:310)
        at org.apache.ratis.util.JvmPauseMonitor.detectPause(JvmPauseMonitor.java:119)
        at org.apache.ratis.util.JvmPauseMonitor.run(JvmPauseMonitor.java:108)
        at org.apache.ratis.util.JvmPauseMonitor$$Lambda$702/1594456416.run(Unknown Source)
        at java.lang.Thread.run(Thread.java:750)
"ChunkWriter-2-0" daemon prio=5 tid=551 in Object.wait()
java.lang.Thread.State: WAITING (on object monitor)
        at sun.misc.Unsafe.park(Native Method)
        at java.util.concurrent.locks.LockSupport.park(LockSupport.java:175)
        at java.util.concurrent.locks.AbstractQueuedSynchronizer$ConditionObject.await(AbstractQueuedSynchronizer.java:2039)
        at java.util.concurrent.LinkedBlockingDeque.takeFirst(LinkedBlockingDeque.java:492)
        at java.util.concurrent.LinkedBlockingDeque.take(LinkedBlockingDeque.java:680)
        at java.util.concurrent.ThreadPoolExecutor.getTask(ThreadPoolExecutor.java:1074)
        at java.util.concurrent.ThreadPoolExecutor.runWorker(ThreadPoolExecutor.java:1134)
        at java.util.concurrent.ThreadPoolExecutor$Worker.run(ThreadPoolExecutor.java:624)
        at java.lang.Thread.run(Thread.java:750)
"Datanode ReportManager Thread - 4" daemon prio=5 tid=216 in Object.wait()
java.lang.Thread.State: WAITING (on object monitor)
        at sun.misc.Unsafe.park(Native Method)
        at java.util.concurrent.locks.LockSupport.park(LockSupport.java:175)
        at java.util.concurrent.locks.AbstractQueuedSynchronizer$ConditionObject.await(AbstractQueuedSynchronizer.java:2039)
        at java.util.concurrent.ScheduledThreadPoolExecutor$DelayedWorkQueue.take(ScheduledThreadPoolExecutor.java:1088)
        at java.util.concurrent.ScheduledThreadPoolExecutor$DelayedWorkQueue.take(ScheduledThreadPoolExecutor.java:809)
        at java.util.concurrent.ThreadPoolExecutor.getTask(ThreadPoolExecutor.java:1074)
        at java.util.concurrent.ThreadPoolExecutor.runWorker(ThreadPoolExecutor.java:1134)
        at java.util.concurrent.ThreadPoolExecutor$Worker.run(ThreadPoolExecutor.java:624)
        at java.lang.Thread.run(Thread.java:750)
"f675d99d-517f-4d8a-bd29-886eede0250d@group-2E358FAA1E41-SegmentedRaftLogWorker"  prio=5 tid=621 timed_waiting
java.lang.Thread.State: TIMED_WAITING
        at sun.misc.Unsafe.park(Native Method)
        at java.util.concurrent.locks.LockSupport.parkNanos(LockSupport.java:215)
        at java.util.concurrent.locks.AbstractQueuedSynchronizer$ConditionObject.awaitNanos(AbstractQueuedSynchronizer.java:2078)
        at org.apache.ratis.util.DataBlockingQueue.poll(DataBlockingQueue.java:148)
        at org.apache.ratis.server.raftlog.segmented.SegmentedRaftLogWorker.run(SegmentedRaftLogWorker.java:310)
        at org.apache.ratis.server.raftlog.segmented.SegmentedRaftLogWorker$$Lambda$661/1265419919.run(Unknown Source)
        at java.lang.Thread.run(Thread.java:750)
"pool-250-thread-1"  prio=5 tid=372 timed_waiting
java.lang.Thread.State: TIMED_WAITING
        at sun.misc.Unsafe.park(Native Method)
        at java.util.concurrent.locks.LockSupport.parkNanos(LockSupport.java:215)
        at java.util.concurrent.locks.AbstractQueuedSynchronizer$ConditionObject.awaitNanos(AbstractQueuedSynchronizer.java:2078)
        at java.util.concurrent.ScheduledThreadPoolExecutor$DelayedWorkQueue.take(ScheduledThreadPoolExecutor.java:1093)
        at java.util.concurrent.ScheduledThreadPoolExecutor$DelayedWorkQueue.take(ScheduledThreadPoolExecutor.java:809)
        at java.util.concurrent.ThreadPoolExecutor.getTask(ThreadPoolExecutor.java:1074)
        at java.util.concurrent.ThreadPoolExecutor.runWorker(ThreadPoolExecutor.java:1134)
        at java.util.concurrent.ThreadPoolExecutor$Worker.run(ThreadPoolExecutor.java:624)
        at java.lang.Thread.run(Thread.java:750)
"Datanode State Machine Task Thread - 0"  prio=5 tid=323 in Object.wait()
java.lang.Thread.State: WAITING (on object monitor)
        at sun.misc.Unsafe.park(Native Method)
        at java.util.concurrent.locks.LockSupport.park(LockSupport.java:175)
        at java.util.concurrent.locks.AbstractQueuedSynchronizer$ConditionObject.await(AbstractQueuedSynchronizer.java:2039)
        at java.util.concurrent.LinkedBlockingQueue.take(LinkedBlockingQueue.java:442)
        at java.util.concurrent.ThreadPoolExecutor.getTask(ThreadPoolExecutor.java:1074)
        at java.util.concurrent.ThreadPoolExecutor.runWorker(ThreadPoolExecutor.java:1134)
        at java.util.concurrent.ThreadPoolExecutor$Worker.run(ThreadPoolExecutor.java:624)
        at java.lang.Thread.run(Thread.java:750)
"IPC Server handler 18 on default port 39185" daemon prio=5 tid=75 timed_waiting
java.lang.Thread.State: TIMED_WAITING
        at sun.misc.Unsafe.park(Native Method)
        at java.util.concurrent.locks.LockSupport.parkNanos(LockSupport.java:215)
        at java.util.concurrent.locks.AbstractQueuedSynchronizer$ConditionObject.awaitNanos(AbstractQueuedSynchronizer.java:2078)
        at java.util.concurrent.LinkedBlockingQueue.poll(LinkedBlockingQueue.java:467)
        at org.apache.hadoop.ipc.CallQueueManager.take(CallQueueManager.java:317)
        at org.apache.hadoop.ipc.Server$Handler.run(Server.java:2942)
"91dae643-bef5-471c-869f-4daa43ea47b3@group-F4CAB9577C1E-FollowerState" daemon prio=5 tid=706 timed_waiting
java.lang.Thread.State: TIMED_WAITING
        at java.lang.Thread.sleep(Native Method)
        at java.lang.Thread.sleep(Thread.java:342)
        at java.util.concurrent.TimeUnit.sleep(TimeUnit.java:386)
        at org.apache.ratis.util.TimeDuration.sleep(TimeDuration.java:325)
        at org.apache.ratis.util.TimeDuration.sleep(TimeDuration.java:310)
        at org.apache.ratis.server.impl.FollowerState.run(FollowerState.java:128)
"EventQueue-NodeRegistrationContainerReportForContainerSafeModeRule" daemon prio=5 tid=503 in Object.wait()
java.lang.Thread.State: WAITING (on object monitor)
        at sun.misc.Unsafe.park(Native Method)
        at java.util.concurrent.locks.LockSupport.park(LockSupport.java:175)
        at java.util.concurrent.locks.AbstractQueuedSynchronizer$ConditionObject.await(AbstractQueuedSynchronizer.java:2039)
        at java.util.concurrent.LinkedBlockingQueue.take(LinkedBlockingQueue.java:442)
        at java.util.concurrent.ThreadPoolExecutor.getTask(ThreadPoolExecutor.java:1074)
        at java.util.concurrent.ThreadPoolExecutor.runWorker(ThreadPoolExecutor.java:1134)
        at java.util.concurrent.ThreadPoolExecutor$Worker.run(ThreadPoolExecutor.java:624)
        at java.lang.Thread.run(Thread.java:750)
"9e7e10a2-763a-4a15-b149-6c921096d1eb@group-A1ACF68524AB-FollowerState" daemon prio=5 tid=680 timed_waiting
java.lang.Thread.State: TIMED_WAITING
        at java.lang.Thread.sleep(Native Method)
        at java.lang.Thread.sleep(Thread.java:342)
        at java.util.concurrent.TimeUnit.sleep(TimeUnit.java:386)
        at org.apache.ratis.util.TimeDuration.sleep(TimeDuration.java:325)
        at org.apache.ratis.util.TimeDuration.sleep(TimeDuration.java:310)
        at org.apache.ratis.server.impl.FollowerState.run(FollowerState.java:128)
"f675d99d-517f-4d8a-bd29-886eede0250d@group-4054D80A22FC-StateMachineUpdater" daemon prio=5 tid=609 timed_waiting
java.lang.Thread.State: TIMED_WAITING
        at sun.misc.Unsafe.park(Native Method)
        at java.util.concurrent.locks.LockSupport.parkNanos(LockSupport.java:215)
        at java.util.concurrent.CompletableFuture$Signaller.block(CompletableFuture.java:1709)
        at java.util.concurrent.ForkJoinPool.managedBlock(ForkJoinPool.java:3323)
        at java.util.concurrent.CompletableFuture.timedGet(CompletableFuture.java:1788)
        at java.util.concurrent.CompletableFuture.get(CompletableFuture.java:1928)
        at org.apache.ratis.util.AwaitForSignal.await(AwaitForSignal.java:56)
        at org.apache.ratis.server.impl.StateMachineUpdater.waitForCommit(StateMachineUpdater.java:207)
        at org.apache.ratis.server.impl.StateMachineUpdater.run(StateMachineUpdater.java:176)
        at java.lang.Thread.run(Thread.java:750)
"qtp2113440138-205" daemon prio=5 tid=205 timed_waiting
java.lang.Thread.State: TIMED_WAITING
        at sun.misc.Unsafe.park(Native Method)
        at java.util.concurrent.locks.LockSupport.parkNanos(LockSupport.java:215)
        at java.util.concurrent.locks.AbstractQueuedSynchronizer$ConditionObject.awaitNanos(AbstractQueuedSynchronizer.java:2078)
        at org.eclipse.jetty.util.BlockingArrayQueue.poll(BlockingArrayQueue.java:382)
        at org.eclipse.jetty.util.thread.QueuedThreadPool$Runner.idleJobPoll(QueuedThreadPool.java:974)
        at org.eclipse.jetty.util.thread.QueuedThreadPool$Runner.run(QueuedThreadPool.java:1018)
        at java.lang.Thread.run(Thread.java:750)
"BlockDeletingService#2" daemon prio=5 tid=843 in Object.wait()
java.lang.Thread.State: WAITING (on object monitor)
        at sun.misc.Unsafe.park(Native Method)
        at java.util.concurrent.locks.LockSupport.park(LockSupport.java:175)
        at java.util.concurrent.locks.AbstractQueuedSynchronizer$ConditionObject.await(AbstractQueuedSynchronizer.java:2039)
        at java.util.concurrent.ScheduledThreadPoolExecutor$DelayedWorkQueue.take(ScheduledThreadPoolExecutor.java:1088)
        at java.util.concurrent.ScheduledThreadPoolExecutor$DelayedWorkQueue.take(ScheduledThreadPoolExecutor.java:809)
        at java.util.concurrent.ThreadPoolExecutor.getTask(ThreadPoolExecutor.java:1074)
        at java.util.concurrent.ThreadPoolExecutor.runWorker(ThreadPoolExecutor.java:1134)
        at java.util.concurrent.ThreadPoolExecutor$Worker.run(ThreadPoolExecutor.java:624)
        at java.lang.Thread.run(Thread.java:750)
"qtp902495413-257" daemon prio=5 tid=257 timed_waiting
java.lang.Thread.State: TIMED_WAITING
        at sun.misc.Unsafe.park(Native Method)
        at java.util.concurrent.locks.LockSupport.parkNanos(LockSupport.java:215)
        at java.util.concurrent.locks.AbstractQueuedSynchronizer$ConditionObject.awaitNanos(AbstractQueuedSynchronizer.java:2078)
        at org.eclipse.jetty.util.BlockingArrayQueue.poll(BlockingArrayQueue.java:382)
        at org.eclipse.jetty.util.thread.QueuedThreadPool$Runner.idleJobPoll(QueuedThreadPool.java:974)
        at org.eclipse.jetty.util.thread.QueuedThreadPool$Runner.run(QueuedThreadPool.java:1018)
        at java.lang.Thread.run(Thread.java:750)
"Datanode ReportManager Thread - 3" daemon prio=5 tid=187 in Object.wait()
java.lang.Thread.State: WAITING (on object monitor)
        at sun.misc.Unsafe.park(Native Method)
        at java.util.concurrent.locks.LockSupport.park(LockSupport.java:175)
        at java.util.concurrent.locks.AbstractQueuedSynchronizer$ConditionObject.await(AbstractQueuedSynchronizer.java:2039)
        at java.util.concurrent.ScheduledThreadPoolExecutor$DelayedWorkQueue.take(ScheduledThreadPoolExecutor.java:1088)
        at java.util.concurrent.ScheduledThreadPoolExecutor$DelayedWorkQueue.take(ScheduledThreadPoolExecutor.java:809)
        at java.util.concurrent.ThreadPoolExecutor.getTask(ThreadPoolExecutor.java:1074)
        at java.util.concurrent.ThreadPoolExecutor.runWorker(ThreadPoolExecutor.java:1134)
        at java.util.concurrent.ThreadPoolExecutor$Worker.run(ThreadPoolExecutor.java:624)
        at java.lang.Thread.run(Thread.java:750)
"pool-31-thread-1"  prio=5 tid=99 timed_waiting
java.lang.Thread.State: TIMED_WAITING
        at sun.misc.Unsafe.park(Native Method)
        at java.util.concurrent.locks.LockSupport.parkNanos(LockSupport.java:215)
        at java.util.concurrent.locks.AbstractQueuedSynchronizer$ConditionObject.awaitNanos(AbstractQueuedSynchronizer.java:2078)
        at java.util.concurrent.ScheduledThreadPoolExecutor$DelayedWorkQueue.take(ScheduledThreadPoolExecutor.java:1093)
        at java.util.concurrent.ScheduledThreadPoolExecutor$DelayedWorkQueue.take(ScheduledThreadPoolExecutor.java:809)
        at java.util.concurrent.ThreadPoolExecutor.getTask(ThreadPoolExecutor.java:1074)
        at java.util.concurrent.ThreadPoolExecutor.runWorker(ThreadPoolExecutor.java:1134)
        at java.util.concurrent.ThreadPoolExecutor$Worker.run(ThreadPoolExecutor.java:624)
        at java.lang.Thread.run(Thread.java:750)
"OMDoubleBufferFlushThread" daemon prio=5 tid=115 timed_waiting
java.lang.Thread.State: TIMED_WAITING
        at java.lang.Object.wait(Native Method)
        at org.apache.hadoop.ozone.om.ratis.OzoneManagerDoubleBuffer.canFlush(OzoneManagerDoubleBuffer.java:538)
        at org.apache.hadoop.ozone.om.ratis.OzoneManagerDoubleBuffer.flushTransactions(OzoneManagerDoubleBuffer.java:268)
        at org.apache.hadoop.ozone.om.ratis.OzoneManagerDoubleBuffer$$Lambda$500/1119005047.run(Unknown Source)
        at java.lang.Thread.run(Thread.java:750)
"IPC Server handler 13 on default port 40043" daemon prio=5 tid=157 timed_waiting
java.lang.Thread.State: TIMED_WAITING
        at sun.misc.Unsafe.park(Native Method)
        at java.util.concurrent.locks.LockSupport.parkNanos(LockSupport.java:215)
        at java.util.concurrent.locks.AbstractQueuedSynchronizer$ConditionObject.awaitNanos(AbstractQueuedSynchronizer.java:2078)
        at java.util.concurrent.LinkedBlockingQueue.poll(LinkedBlockingQueue.java:467)
        at org.apache.hadoop.ipc.CallQueueManager.take(CallQueueManager.java:317)
        at org.apache.hadoop.ipc.Server$Handler.run(Server.java:2942)
"qtp2113440138-204" daemon prio=5 tid=204 timed_waiting
java.lang.Thread.State: TIMED_WAITING
        at sun.misc.Unsafe.park(Native Method)
        at java.util.concurrent.locks.LockSupport.parkNanos(LockSupport.java:215)
        at java.util.concurrent.locks.AbstractQueuedSynchronizer$ConditionObject.awaitNanos(AbstractQueuedSynchronizer.java:2078)
        at org.eclipse.jetty.util.BlockingArrayQueue.poll(BlockingArrayQueue.java:382)
        at org.eclipse.jetty.util.thread.QueuedThreadPool$Runner.idleJobPoll(QueuedThreadPool.java:974)
        at org.eclipse.jetty.util.thread.QueuedThreadPool$Runner.run(QueuedThreadPool.java:1018)
        at java.lang.Thread.run(Thread.java:750)
"IPC Server handler 2 on default port 40043" daemon prio=5 tid=146 timed_waiting
java.lang.Thread.State: TIMED_WAITING
        at sun.misc.Unsafe.park(Native Method)
        at java.util.concurrent.locks.LockSupport.parkNanos(LockSupport.java:215)
        at java.util.concurrent.locks.AbstractQueuedSynchronizer$ConditionObject.awaitNanos(AbstractQueuedSynchronizer.java:2078)
        at java.util.concurrent.LinkedBlockingQueue.poll(LinkedBlockingQueue.java:467)
        at org.apache.hadoop.ipc.CallQueueManager.take(CallQueueManager.java:317)
        at org.apache.hadoop.ipc.Server$Handler.run(Server.java:2942)
"BlockDeletingService#1" daemon prio=5 tid=479 timed_waiting
java.lang.Thread.State: TIMED_WAITING
        at sun.misc.Unsafe.park(Native Method)
        at java.util.concurrent.locks.LockSupport.parkNanos(LockSupport.java:215)
        at java.util.concurrent.locks.AbstractQueuedSynchronizer$ConditionObject.awaitNanos(AbstractQueuedSynchronizer.java:2078)
        at java.util.concurrent.ScheduledThreadPoolExecutor$DelayedWorkQueue.take(ScheduledThreadPoolExecutor.java:1093)
        at java.util.concurrent.ScheduledThreadPoolExecutor$DelayedWorkQueue.take(ScheduledThreadPoolExecutor.java:809)
        at java.util.concurrent.ThreadPoolExecutor.getTask(ThreadPoolExecutor.java:1074)
        at java.util.concurrent.ThreadPoolExecutor.runWorker(ThreadPoolExecutor.java:1134)
        at java.util.concurrent.ThreadPoolExecutor$Worker.run(ThreadPoolExecutor.java:624)
        at java.lang.Thread.run(Thread.java:750)
"Session-HouseKeeper-10f384a2-1"  prio=5 tid=108 timed_waiting
java.lang.Thread.State: TIMED_WAITING
        at sun.misc.Unsafe.park(Native Method)
        at java.util.concurrent.locks.LockSupport.parkNanos(LockSupport.java:215)
        at java.util.concurrent.locks.AbstractQueuedSynchronizer$ConditionObject.awaitNanos(AbstractQueuedSynchronizer.java:2078)
        at java.util.concurrent.ScheduledThreadPoolExecutor$DelayedWorkQueue.take(ScheduledThreadPoolExecutor.java:1093)
        at java.util.concurrent.ScheduledThreadPoolExecutor$DelayedWorkQueue.take(ScheduledThreadPoolExecutor.java:809)
        at java.util.concurrent.ThreadPoolExecutor.getTask(ThreadPoolExecutor.java:1074)
        at java.util.concurrent.ThreadPoolExecutor.runWorker(ThreadPoolExecutor.java:1134)
        at java.util.concurrent.ThreadPoolExecutor$Worker.run(ThreadPoolExecutor.java:624)
        at java.lang.Thread.run(Thread.java:750)
"PartialTableCache Cleanup Thread - 0" daemon prio=5 tid=789 in Object.wait()
java.lang.Thread.State: WAITING (on object monitor)
        at sun.misc.Unsafe.park(Native Method)
        at java.util.concurrent.locks.LockSupport.park(LockSupport.java:175)
        at java.util.concurrent.locks.AbstractQueuedSynchronizer$ConditionObject.await(AbstractQueuedSynchronizer.java:2039)
        at java.util.concurrent.LinkedBlockingQueue.take(LinkedBlockingQueue.java:442)
        at java.util.concurrent.ThreadPoolExecutor.getTask(ThreadPoolExecutor.java:1074)
        at java.util.concurrent.ThreadPoolExecutor.runWorker(ThreadPoolExecutor.java:1134)
        at java.util.concurrent.ThreadPoolExecutor$Worker.run(ThreadPoolExecutor.java:624)
        at java.lang.Thread.run(Thread.java:750)
"qtp2041292819-102-acceptor-0@78699dbb-ServerConnector@3c65f2e1{HTTP/1.1, (http/1.1)}{0.0.0.0:41775}" daemon prio=3 tid=102 runnable
java.lang.Thread.State: RUNNABLE
        at sun.nio.ch.ServerSocketChannelImpl.accept0(Native Method)
        at sun.nio.ch.ServerSocketChannelImpl.accept(ServerSocketChannelImpl.java:421)
        at sun.nio.ch.ServerSocketChannelImpl.accept(ServerSocketChannelImpl.java:249)
        at org.eclipse.jetty.server.ServerConnector.accept(ServerConnector.java:388)
        at org.eclipse.jetty.server.AbstractConnector$Acceptor.run(AbstractConnector.java:702)
        at org.eclipse.jetty.util.thread.QueuedThreadPool.runJob(QueuedThreadPool.java:883)
        at org.eclipse.jetty.util.thread.QueuedThreadPool$Runner.run(QueuedThreadPool.java:1034)
        at java.lang.Thread.run(Thread.java:750)
"91dae643-bef5-471c-869f-4daa43ea47b3@group-9B8FAE4D8AEE-SegmentedRaftLogWorker"  prio=5 tid=573 timed_waiting
java.lang.Thread.State: TIMED_WAITING
        at sun.misc.Unsafe.park(Native Method)
        at java.util.concurrent.locks.LockSupport.parkNanos(LockSupport.java:215)
        at java.util.concurrent.locks.AbstractQueuedSynchronizer$ConditionObject.awaitNanos(AbstractQueuedSynchronizer.java:2078)
        at org.apache.ratis.util.DataBlockingQueue.poll(DataBlockingQueue.java:148)
        at org.apache.ratis.server.raftlog.segmented.SegmentedRaftLogWorker.run(SegmentedRaftLogWorker.java:310)
        at org.apache.ratis.server.raftlog.segmented.SegmentedRaftLogWorker$$Lambda$661/1265419919.run(Unknown Source)
        at java.lang.Thread.run(Thread.java:750)
"om1@group-C5BA1605619E-StateMachineUpdater" daemon prio=5 tid=127 timed_waiting
java.lang.Thread.State: TIMED_WAITING
        at sun.misc.Unsafe.park(Native Method)
        at java.util.concurrent.locks.LockSupport.parkNanos(LockSupport.java:215)
        at java.util.concurrent.CompletableFuture$Signaller.block(CompletableFuture.java:1709)
        at java.util.concurrent.ForkJoinPool.managedBlock(ForkJoinPool.java:3323)
        at java.util.concurrent.CompletableFuture.timedGet(CompletableFuture.java:1788)
        at java.util.concurrent.CompletableFuture.get(CompletableFuture.java:1928)
        at org.apache.ratis.util.AwaitForSignal.await(AwaitForSignal.java:56)
        at org.apache.ratis.server.impl.StateMachineUpdater.waitForCommit(StateMachineUpdater.java:207)
        at org.apache.ratis.server.impl.StateMachineUpdater.run(StateMachineUpdater.java:176)
        at java.lang.Thread.run(Thread.java:750)
"IPC Server handler 8 on default port 46251" daemon prio=5 tid=85 timed_waiting
java.lang.Thread.State: TIMED_WAITING
        at sun.misc.Unsafe.park(Native Method)
        at java.util.concurrent.locks.LockSupport.parkNanos(LockSupport.java:215)
        at java.util.concurrent.locks.AbstractQueuedSynchronizer$ConditionObject.awaitNanos(AbstractQueuedSynchronizer.java:2078)
        at java.util.concurrent.LinkedBlockingQueue.poll(LinkedBlockingQueue.java:467)
        at org.apache.hadoop.ipc.CallQueueManager.take(CallQueueManager.java:317)
        at org.apache.hadoop.ipc.Server$Handler.run(Server.java:2942)
"ChunkReader-ELG-0" daemon prio=5 tid=475 runnable
java.lang.Thread.State: RUNNABLE
        at org.apache.ratis.thirdparty.io.netty.channel.epoll.Native.epollWait(Native Method)
        at org.apache.ratis.thirdparty.io.netty.channel.epoll.Native.epollWait(Native.java:209)
        at org.apache.ratis.thirdparty.io.netty.channel.epoll.Native.epollWait(Native.java:202)
        at org.apache.ratis.thirdparty.io.netty.channel.epoll.EpollEventLoop.epollWaitNoTimerChange(EpollEventLoop.java:294)
        at org.apache.ratis.thirdparty.io.netty.channel.epoll.EpollEventLoop.run(EpollEventLoop.java:351)
        at org.apache.ratis.thirdparty.io.netty.util.concurrent.SingleThreadEventExecutor$4.run(SingleThreadEventExecutor.java:995)
        at org.apache.ratis.thirdparty.io.netty.util.internal.ThreadExecutorMap$2.run(ThreadExecutorMap.java:74)
        at java.lang.Thread.run(Thread.java:750)
"pool-277-thread-1"  prio=5 tid=420 timed_waiting
java.lang.Thread.State: TIMED_WAITING
        at sun.misc.Unsafe.park(Native Method)
        at java.util.concurrent.locks.LockSupport.parkNanos(LockSupport.java:215)
        at java.util.concurrent.locks.AbstractQueuedSynchronizer$ConditionObject.awaitNanos(AbstractQueuedSynchronizer.java:2078)
        at java.util.concurrent.ScheduledThreadPoolExecutor$DelayedWorkQueue.take(ScheduledThreadPoolExecutor.java:1093)
        at java.util.concurrent.ScheduledThreadPoolExecutor$DelayedWorkQueue.take(ScheduledThreadPoolExecutor.java:809)
        at java.util.concurrent.ThreadPoolExecutor.getTask(ThreadPoolExecutor.java:1074)
        at java.util.concurrent.ThreadPoolExecutor.runWorker(ThreadPoolExecutor.java:1134)
        at java.util.concurrent.ThreadPoolExecutor$Worker.run(ThreadPoolExecutor.java:624)
        at java.lang.Thread.run(Thread.java:750)
"qtp2113440138-207" daemon prio=5 tid=207 timed_waiting
java.lang.Thread.State: TIMED_WAITING
        at sun.misc.Unsafe.park(Native Method)
        at java.util.concurrent.locks.LockSupport.parkNanos(LockSupport.java:215)
        at java.util.concurrent.locks.AbstractQueuedSynchronizer$ConditionObject.awaitNanos(AbstractQueuedSynchronizer.java:2078)
        at org.eclipse.jetty.util.BlockingArrayQueue.poll(BlockingArrayQueue.java:382)
        at org.eclipse.jetty.util.thread.QueuedThreadPool$Runner.idleJobPoll(QueuedThreadPool.java:974)
        at org.eclipse.jetty.util.thread.QueuedThreadPool$Runner.run(QueuedThreadPool.java:1018)
        at java.lang.Thread.run(Thread.java:750)
"9e7e10a2-763a-4a15-b149-6c921096d1eb@group-F4CAB9577C1E->96fa30cc-cc01-4af1-a161-c10c2afc2f22-GrpcLogAppender-LogAppenderDaemon" daemon prio=5 tid=711 timed_waiting
java.lang.Thread.State: TIMED_WAITING
        at sun.misc.Unsafe.park(Native Method)
        at java.util.concurrent.locks.LockSupport.parkNanos(LockSupport.java:215)
        at java.util.concurrent.CompletableFuture$Signaller.block(CompletableFuture.java:1709)
        at java.util.concurrent.ForkJoinPool.managedBlock(ForkJoinPool.java:3323)
        at java.util.concurrent.CompletableFuture.timedGet(CompletableFuture.java:1788)
        at java.util.concurrent.CompletableFuture.get(CompletableFuture.java:1928)
        at org.apache.ratis.util.AwaitForSignal.await(AwaitForSignal.java:56)
        at org.apache.ratis.grpc.server.GrpcLogAppender.mayWait(GrpcLogAppender.java:198)
        at org.apache.ratis.grpc.server.GrpcLogAppender.run(GrpcLogAppender.java:148)
        at org.apache.ratis.server.leader.LogAppenderDaemon.run(LogAppenderDaemon.java:78)
        at org.apache.ratis.server.leader.LogAppenderDaemon$$Lambda$1033/840492825.run(Unknown Source)
        at java.lang.Thread.run(Thread.java:750)
"f675d99d-517f-4d8a-bd29-886eede0250d@group-4054D80A22FC-FollowerState" daemon prio=5 tid=733 timed_waiting
java.lang.Thread.State: TIMED_WAITING
        at java.lang.Thread.sleep(Native Method)
        at java.lang.Thread.sleep(Thread.java:342)
        at java.util.concurrent.TimeUnit.sleep(TimeUnit.java:386)
        at org.apache.ratis.util.TimeDuration.sleep(TimeDuration.java:325)
        at org.apache.ratis.util.TimeDuration.sleep(TimeDuration.java:310)
        at org.apache.ratis.server.impl.FollowerState.run(FollowerState.java:128)
"4bf4c8bd-58cb-4467-be45-ba87f7c70472@group-07EB0DC06987-SegmentedRaftLogWorker"  prio=5 tid=673 timed_waiting
java.lang.Thread.State: TIMED_WAITING
        at sun.misc.Unsafe.park(Native Method)
        at java.util.concurrent.locks.LockSupport.parkNanos(LockSupport.java:215)
        at java.util.concurrent.locks.AbstractQueuedSynchronizer$ConditionObject.awaitNanos(AbstractQueuedSynchronizer.java:2078)
        at org.apache.ratis.util.DataBlockingQueue.poll(DataBlockingQueue.java:148)
        at org.apache.ratis.server.raftlog.segmented.SegmentedRaftLogWorker.run(SegmentedRaftLogWorker.java:310)
        at org.apache.ratis.server.raftlog.segmented.SegmentedRaftLogWorker$$Lambda$661/1265419919.run(Unknown Source)
        at java.lang.Thread.run(Thread.java:750)
"pool-118-thread-1"  prio=5 tid=580 in Object.wait()
java.lang.Thread.State: WAITING (on object monitor)
        at sun.misc.Unsafe.park(Native Method)
        at java.util.concurrent.locks.LockSupport.park(LockSupport.java:175)
        at java.util.concurrent.locks.AbstractQueuedSynchronizer$ConditionObject.await(AbstractQueuedSynchronizer.java:2039)
        at java.util.concurrent.LinkedBlockingQueue.take(LinkedBlockingQueue.java:442)
        at java.util.concurrent.ThreadPoolExecutor.getTask(ThreadPoolExecutor.java:1074)
        at java.util.concurrent.ThreadPoolExecutor.runWorker(ThreadPoolExecutor.java:1134)
        at java.util.concurrent.ThreadPoolExecutor$Worker.run(ThreadPoolExecutor.java:624)
        at java.lang.Thread.run(Thread.java:750)
"IPC Server handler 18 on default port 40043" daemon prio=5 tid=162 timed_waiting
java.lang.Thread.State: TIMED_WAITING
        at sun.misc.Unsafe.park(Native Method)
        at java.util.concurrent.locks.LockSupport.parkNanos(LockSupport.java:215)
        at java.util.concurrent.locks.AbstractQueuedSynchronizer$ConditionObject.awaitNanos(AbstractQueuedSynchronizer.java:2078)
        at java.util.concurrent.LinkedBlockingQueue.poll(LinkedBlockingQueue.java:467)
        at org.apache.hadoop.ipc.CallQueueManager.take(CallQueueManager.java:317)
        at org.apache.hadoop.ipc.Server$Handler.run(Server.java:2942)
"pool-81-thread-1"  prio=5 tid=173 timed_waiting
java.lang.Thread.State: TIMED_WAITING
        at sun.misc.Unsafe.park(Native Method)
        at java.util.concurrent.locks.LockSupport.parkNanos(LockSupport.java:215)
        at java.util.concurrent.locks.AbstractQueuedSynchronizer$ConditionObject.awaitNanos(AbstractQueuedSynchronizer.java:2078)
        at java.util.concurrent.ScheduledThreadPoolExecutor$DelayedWorkQueue.take(ScheduledThreadPoolExecutor.java:1093)
        at java.util.concurrent.ScheduledThreadPoolExecutor$DelayedWorkQueue.take(ScheduledThreadPoolExecutor.java:809)
        at java.util.concurrent.ThreadPoolExecutor.getTask(ThreadPoolExecutor.java:1074)
        at java.util.concurrent.ThreadPoolExecutor.runWorker(ThreadPoolExecutor.java:1134)
        at java.util.concurrent.ThreadPoolExecutor$Worker.run(ThreadPoolExecutor.java:624)
        at java.lang.Thread.run(Thread.java:750)
"EventQueue-OpenPipelineForHealthyPipelineSafeModeRule" daemon prio=5 tid=562 in Object.wait()
java.lang.Thread.State: WAITING (on object monitor)
        at sun.misc.Unsafe.park(Native Method)
        at java.util.concurrent.locks.LockSupport.park(LockSupport.java:175)
        at java.util.concurrent.locks.AbstractQueuedSynchronizer$ConditionObject.await(AbstractQueuedSynchronizer.java:2039)
        at java.util.concurrent.LinkedBlockingQueue.take(LinkedBlockingQueue.java:442)
        at java.util.concurrent.ThreadPoolExecutor.getTask(ThreadPoolExecutor.java:1074)
        at java.util.concurrent.ThreadPoolExecutor.runWorker(ThreadPoolExecutor.java:1134)
        at java.util.concurrent.ThreadPoolExecutor$Worker.run(ThreadPoolExecutor.java:624)
        at java.lang.Thread.run(Thread.java:750)
"qtp2113440138-201" daemon prio=5 tid=201 runnable
java.lang.Thread.State: RUNNABLE
        at sun.nio.ch.EPollArrayWrapper.epollWait(Native Method)
        at sun.nio.ch.EPollArrayWrapper.poll(EPollArrayWrapper.java:269)
        at sun.nio.ch.EPollSelectorImpl.doSelect(EPollSelectorImpl.java:93)
        at sun.nio.ch.SelectorImpl.lockAndDoSelect(SelectorImpl.java:86)
        at sun.nio.ch.SelectorImpl.select(SelectorImpl.java:97)
        at sun.nio.ch.SelectorImpl.select(SelectorImpl.java:101)
        at org.eclipse.jetty.io.ManagedSelector.nioSelect(ManagedSelector.java:183)
        at org.eclipse.jetty.io.ManagedSelector.select(ManagedSelector.java:190)
        at org.eclipse.jetty.io.ManagedSelector$SelectorProducer.select(ManagedSelector.java:606)
        at org.eclipse.jetty.io.ManagedSelector$SelectorProducer.produce(ManagedSelector.java:543)
        at org.eclipse.jetty.util.thread.strategy.EatWhatYouKill.produceTask(EatWhatYouKill.java:362)
        at org.eclipse.jetty.util.thread.strategy.EatWhatYouKill.doProduce(EatWhatYouKill.java:186)
        at org.eclipse.jetty.util.thread.strategy.EatWhatYouKill.tryProduce(EatWhatYouKill.java:173)
        at org.eclipse.jetty.util.thread.strategy.EatWhatYouKill.produce(EatWhatYouKill.java:137)
        at org.eclipse.jetty.io.ManagedSelector$$Lambda$443/1383931873.run(Unknown Source)
        at org.eclipse.jetty.util.thread.QueuedThreadPool.runJob(QueuedThreadPool.java:883)
        at org.eclipse.jetty.util.thread.QueuedThreadPool$Runner.run(QueuedThreadPool.java:1034)
        at java.lang.Thread.run(Thread.java:750)
"IPC Server handler 9 on default port 38247" daemon prio=5 tid=46 timed_waiting
java.lang.Thread.State: TIMED_WAITING
        at sun.misc.Unsafe.park(Native Method)
        at java.util.concurrent.locks.LockSupport.parkNanos(LockSupport.java:215)
        at java.util.concurrent.locks.AbstractQueuedSynchronizer$ConditionObject.awaitNanos(AbstractQueuedSynchronizer.java:2078)
        at java.util.concurrent.LinkedBlockingQueue.poll(LinkedBlockingQueue.java:467)
        at org.apache.hadoop.ipc.CallQueueManager.take(CallQueueManager.java:317)
        at org.apache.hadoop.ipc.Server$Handler.run(Server.java:2942)
"ChunkReader-2" daemon prio=5 tid=788 in Object.wait()
java.lang.Thread.State: WAITING (on object monitor)
        at sun.misc.Unsafe.park(Native Method)
        at java.util.concurrent.locks.LockSupport.park(LockSupport.java:175)
        at java.util.concurrent.locks.AbstractQueuedSynchronizer$ConditionObject.await(AbstractQueuedSynchronizer.java:2039)
        at java.util.concurrent.LinkedBlockingQueue.take(LinkedBlockingQueue.java:442)
        at java.util.concurrent.ThreadPoolExecutor.getTask(ThreadPoolExecutor.java:1074)
        at java.util.concurrent.ThreadPoolExecutor.runWorker(ThreadPoolExecutor.java:1134)
        at java.util.concurrent.ThreadPoolExecutor$Worker.run(ThreadPoolExecutor.java:624)
        at java.lang.Thread.run(Thread.java:750)
"qtp382867004-229-acceptor-0@40fa736c-ServerConnector@7e32a4e4{HTTP/1.1, (http/1.1)}{0.0.0.0:34749}" daemon prio=3 tid=229 runnable
java.lang.Thread.State: RUNNABLE
        at sun.nio.ch.ServerSocketChannelImpl.accept0(Native Method)
        at sun.nio.ch.ServerSocketChannelImpl.accept(ServerSocketChannelImpl.java:421)
        at sun.nio.ch.ServerSocketChannelImpl.accept(ServerSocketChannelImpl.java:249)
        at org.eclipse.jetty.server.ServerConnector.accept(ServerConnector.java:388)
        at org.eclipse.jetty.server.AbstractConnector$Acceptor.run(AbstractConnector.java:702)
        at org.eclipse.jetty.util.thread.QueuedThreadPool.runJob(QueuedThreadPool.java:883)
        at org.eclipse.jetty.util.thread.QueuedThreadPool$Runner.run(QueuedThreadPool.java:1034)
        at java.lang.Thread.run(Thread.java:750)
"IPC Server handler 11 on default port 39185" daemon prio=5 tid=68 timed_waiting
java.lang.Thread.State: TIMED_WAITING
        at sun.misc.Unsafe.park(Native Method)
        at java.util.concurrent.locks.LockSupport.parkNanos(LockSupport.java:215)
        at java.util.concurrent.locks.AbstractQueuedSynchronizer$ConditionObject.awaitNanos(AbstractQueuedSynchronizer.java:2078)
        at java.util.concurrent.LinkedBlockingQueue.poll(LinkedBlockingQueue.java:467)
        at org.apache.hadoop.ipc.CallQueueManager.take(CallQueueManager.java:317)
        at org.apache.hadoop.ipc.Server$Handler.run(Server.java:2942)
"EventQueue-DeadNodeForDeadNodeHandler" daemon prio=5 tid=825 in Object.wait()
java.lang.Thread.State: WAITING (on object monitor)
        at sun.misc.Unsafe.park(Native Method)
        at java.util.concurrent.locks.LockSupport.park(LockSupport.java:175)
        at java.util.concurrent.locks.AbstractQueuedSynchronizer$ConditionObject.await(AbstractQueuedSynchronizer.java:2039)
        at java.util.concurrent.LinkedBlockingQueue.take(LinkedBlockingQueue.java:442)
        at java.util.concurrent.ThreadPoolExecutor.getTask(ThreadPoolExecutor.java:1074)
        at java.util.concurrent.ThreadPoolExecutor.runWorker(ThreadPoolExecutor.java:1134)
        at java.util.concurrent.ThreadPoolExecutor$Worker.run(ThreadPoolExecutor.java:624)
        at java.lang.Thread.run(Thread.java:750)
"pool-127-thread-1"  prio=5 tid=227 timed_waiting
java.lang.Thread.State: TIMED_WAITING
        at sun.misc.Unsafe.park(Native Method)
        at java.util.concurrent.locks.LockSupport.parkNanos(LockSupport.java:215)
        at java.util.concurrent.locks.AbstractQueuedSynchronizer$ConditionObject.awaitNanos(AbstractQueuedSynchronizer.java:2078)
        at java.util.concurrent.ScheduledThreadPoolExecutor$DelayedWorkQueue.take(ScheduledThreadPoolExecutor.java:1093)
        at java.util.concurrent.ScheduledThreadPoolExecutor$DelayedWorkQueue.take(ScheduledThreadPoolExecutor.java:809)
        at java.util.concurrent.ThreadPoolExecutor.getTask(ThreadPoolExecutor.java:1074)
        at java.util.concurrent.ThreadPoolExecutor.runWorker(ThreadPoolExecutor.java:1134)
        at java.util.concurrent.ThreadPoolExecutor$Worker.run(ThreadPoolExecutor.java:624)
        at java.lang.Thread.run(Thread.java:750)
"ExpiredContainerReplicaOpScrubberThread" daemon prio=5 tid=17 timed_waiting
java.lang.Thread.State: TIMED_WAITING
        at java.lang.Object.wait(Native Method)
        at org.apache.hadoop.hdds.scm.ha.BackgroundSCMService.run(BackgroundSCMService.java:110)
        at org.apache.hadoop.hdds.scm.ha.BackgroundSCMService$$Lambda$374/722929970.run(Unknown Source)
        at java.lang.Thread.run(Thread.java:750)
"qtp1617079700-174" daemon prio=5 tid=174 runnable
java.lang.Thread.State: RUNNABLE
        at sun.nio.ch.EPollArrayWrapper.epollWait(Native Method)
        at sun.nio.ch.EPollArrayWrapper.poll(EPollArrayWrapper.java:269)
        at sun.nio.ch.EPollSelectorImpl.doSelect(EPollSelectorImpl.java:93)
        at sun.nio.ch.SelectorImpl.lockAndDoSelect(SelectorImpl.java:86)
        at sun.nio.ch.SelectorImpl.select(SelectorImpl.java:97)
        at sun.nio.ch.SelectorImpl.select(SelectorImpl.java:101)
        at org.eclipse.jetty.io.ManagedSelector.nioSelect(ManagedSelector.java:183)
        at org.eclipse.jetty.io.ManagedSelector.select(ManagedSelector.java:190)
        at org.eclipse.jetty.io.ManagedSelector$SelectorProducer.select(ManagedSelector.java:606)
        at org.eclipse.jetty.io.ManagedSelector$SelectorProducer.produce(ManagedSelector.java:543)
        at org.eclipse.jetty.util.thread.strategy.EatWhatYouKill.produceTask(EatWhatYouKill.java:362)
        at org.eclipse.jetty.util.thread.strategy.EatWhatYouKill.doProduce(EatWhatYouKill.java:186)
        at org.eclipse.jetty.util.thread.strategy.EatWhatYouKill.tryProduce(EatWhatYouKill.java:173)
        at org.eclipse.jetty.util.thread.strategy.EatWhatYouKill.produce(EatWhatYouKill.java:137)
        at org.eclipse.jetty.io.ManagedSelector$$Lambda$443/1383931873.run(Unknown Source)
        at org.eclipse.jetty.util.thread.QueuedThreadPool.runJob(QueuedThreadPool.java:883)
        at org.eclipse.jetty.util.thread.QueuedThreadPool$Runner.run(QueuedThreadPool.java:1034)
        at java.lang.Thread.run(Thread.java:750)
"IPC Server handler 12 on default port 39185" daemon prio=5 tid=69 timed_waiting
java.lang.Thread.State: TIMED_WAITING
        at sun.misc.Unsafe.park(Native Method)
        at java.util.concurrent.locks.LockSupport.parkNanos(LockSupport.java:215)
        at java.util.concurrent.locks.AbstractQueuedSynchronizer$ConditionObject.awaitNanos(AbstractQueuedSynchronizer.java:2078)
        at java.util.concurrent.LinkedBlockingQueue.poll(LinkedBlockingQueue.java:467)
        at org.apache.hadoop.ipc.CallQueueManager.take(CallQueueManager.java:317)
        at org.apache.hadoop.ipc.Server$Handler.run(Server.java:2942)
"IPC Server handler 16 on default port 38247" daemon prio=5 tid=53 timed_waiting
java.lang.Thread.State: TIMED_WAITING
        at sun.misc.Unsafe.park(Native Method)
        at java.util.concurrent.locks.LockSupport.parkNanos(LockSupport.java:215)
        at java.util.concurrent.locks.AbstractQueuedSynchronizer$ConditionObject.awaitNanos(AbstractQueuedSynchronizer.java:2078)
        at java.util.concurrent.LinkedBlockingQueue.poll(LinkedBlockingQueue.java:467)
        at org.apache.hadoop.ipc.CallQueueManager.take(CallQueueManager.java:317)
        at org.apache.hadoop.ipc.Server$Handler.run(Server.java:2942)
"StaleRecoveringContainerScrubbingService#0" daemon prio=5 tid=557 in Object.wait()
java.lang.Thread.State: WAITING (on object monitor)
        at sun.misc.Unsafe.park(Native Method)
        at java.util.concurrent.locks.LockSupport.park(LockSupport.java:175)
        at java.util.concurrent.locks.AbstractQueuedSynchronizer$ConditionObject.await(AbstractQueuedSynchronizer.java:2039)
        at java.util.concurrent.ScheduledThreadPoolExecutor$DelayedWorkQueue.take(ScheduledThreadPoolExecutor.java:1088)
        at java.util.concurrent.ScheduledThreadPoolExecutor$DelayedWorkQueue.take(ScheduledThreadPoolExecutor.java:809)
        at java.util.concurrent.ThreadPoolExecutor.getTask(ThreadPoolExecutor.java:1074)
        at java.util.concurrent.ThreadPoolExecutor.runWorker(ThreadPoolExecutor.java:1134)
        at java.util.concurrent.ThreadPoolExecutor$Worker.run(ThreadPoolExecutor.java:624)
        at java.lang.Thread.run(Thread.java:750)
"c61245f4-0084-4810-95a5-490d20dc424d@group-F4D6B88598DC-StateMachineUpdater" daemon prio=5 tid=634 timed_waiting
java.lang.Thread.State: TIMED_WAITING
        at sun.misc.Unsafe.park(Native Method)
        at java.util.concurrent.locks.LockSupport.parkNanos(LockSupport.java:215)
        at java.util.concurrent.CompletableFuture$Signaller.block(CompletableFuture.java:1709)
        at java.util.concurrent.ForkJoinPool.managedBlock(ForkJoinPool.java:3323)
        at java.util.concurrent.CompletableFuture.timedGet(CompletableFuture.java:1788)
        at java.util.concurrent.CompletableFuture.get(CompletableFuture.java:1928)
        at org.apache.ratis.util.AwaitForSignal.await(AwaitForSignal.java:56)
        at org.apache.ratis.server.impl.StateMachineUpdater.waitForCommit(StateMachineUpdater.java:207)
        at org.apache.ratis.server.impl.StateMachineUpdater.run(StateMachineUpdater.java:176)
        at java.lang.Thread.run(Thread.java:750)
"EventQueue-DatanodeCommandForSCMNodeManager"  prio=5 tid=507 in Object.wait()
java.lang.Thread.State: WAITING (on object monitor)
        at sun.misc.Unsafe.park(Native Method)
        at java.util.concurrent.locks.LockSupport.park(LockSupport.java:175)
        at java.util.concurrent.locks.AbstractQueuedSynchronizer$ConditionObject.await(AbstractQueuedSynchronizer.java:2039)
        at java.util.concurrent.LinkedBlockingQueue.take(LinkedBlockingQueue.java:442)
        at java.util.concurrent.ThreadPoolExecutor.getTask(ThreadPoolExecutor.java:1074)
        at java.util.concurrent.ThreadPoolExecutor.runWorker(ThreadPoolExecutor.java:1134)
        at java.util.concurrent.ThreadPoolExecutor$Worker.run(ThreadPoolExecutor.java:624)
        at java.lang.Thread.run(Thread.java:750)
"BlockDeletingService#0" daemon prio=5 tid=413 in Object.wait()
java.lang.Thread.State: WAITING (on object monitor)
        at sun.misc.Unsafe.park(Native Method)
        at java.util.concurrent.locks.LockSupport.park(LockSupport.java:175)
        at java.util.concurrent.locks.AbstractQueuedSynchronizer$ConditionObject.await(AbstractQueuedSynchronizer.java:2039)
        at java.util.concurrent.ScheduledThreadPoolExecutor$DelayedWorkQueue.take(ScheduledThreadPoolExecutor.java:1088)
        at java.util.concurrent.ScheduledThreadPoolExecutor$DelayedWorkQueue.take(ScheduledThreadPoolExecutor.java:809)
        at java.util.concurrent.ThreadPoolExecutor.getTask(ThreadPoolExecutor.java:1074)
        at java.util.concurrent.ThreadPoolExecutor.runWorker(ThreadPoolExecutor.java:1134)
        at java.util.concurrent.ThreadPoolExecutor$Worker.run(ThreadPoolExecutor.java:624)
        at java.lang.Thread.run(Thread.java:750)
"qtp573924191-280" daemon prio=5 tid=280 runnable
java.lang.Thread.State: RUNNABLE
        at sun.nio.ch.EPollArrayWrapper.epollWait(Native Method)
        at sun.nio.ch.EPollArrayWrapper.poll(EPollArrayWrapper.java:269)
        at sun.nio.ch.EPollSelectorImpl.doSelect(EPollSelectorImpl.java:93)
        at sun.nio.ch.SelectorImpl.lockAndDoSelect(SelectorImpl.java:86)
        at sun.nio.ch.SelectorImpl.select(SelectorImpl.java:97)
        at sun.nio.ch.SelectorImpl.select(SelectorImpl.java:101)
        at org.eclipse.jetty.io.ManagedSelector.nioSelect(ManagedSelector.java:183)
        at org.eclipse.jetty.io.ManagedSelector.select(ManagedSelector.java:190)
        at org.eclipse.jetty.io.ManagedSelector$SelectorProducer.select(ManagedSelector.java:606)
        at org.eclipse.jetty.io.ManagedSelector$SelectorProducer.produce(ManagedSelector.java:543)
        at org.eclipse.jetty.util.thread.strategy.EatWhatYouKill.produceTask(EatWhatYouKill.java:362)
        at org.eclipse.jetty.util.thread.strategy.EatWhatYouKill.doProduce(EatWhatYouKill.java:186)
        at org.eclipse.jetty.util.thread.strategy.EatWhatYouKill.tryProduce(EatWhatYouKill.java:173)
        at org.eclipse.jetty.util.thread.strategy.EatWhatYouKill.produce(EatWhatYouKill.java:137)
        at org.eclipse.jetty.io.ManagedSelector$$Lambda$443/1383931873.run(Unknown Source)
        at org.eclipse.jetty.util.thread.QueuedThreadPool.runJob(QueuedThreadPool.java:883)
        at org.eclipse.jetty.util.thread.QueuedThreadPool$Runner.run(QueuedThreadPool.java:1034)
        at java.lang.Thread.run(Thread.java:750)
"Session-HouseKeeper-7f8c7c3b-1"  prio=5 tid=262 timed_waiting
java.lang.Thread.State: TIMED_WAITING
        at sun.misc.Unsafe.park(Native Method)
        at java.util.concurrent.locks.LockSupport.parkNanos(LockSupport.java:215)
        at java.util.concurrent.locks.AbstractQueuedSynchronizer$ConditionObject.awaitNanos(AbstractQueuedSynchronizer.java:2078)
        at java.util.concurrent.ScheduledThreadPoolExecutor$DelayedWorkQueue.take(ScheduledThreadPoolExecutor.java:1093)
        at java.util.concurrent.ScheduledThreadPoolExecutor$DelayedWorkQueue.take(ScheduledThreadPoolExecutor.java:809)
        at java.util.concurrent.ThreadPoolExecutor.getTask(ThreadPoolExecutor.java:1074)
        at java.util.concurrent.ThreadPoolExecutor.runWorker(ThreadPoolExecutor.java:1134)
        at java.util.concurrent.ThreadPoolExecutor$Worker.run(ThreadPoolExecutor.java:624)
        at java.lang.Thread.run(Thread.java:750)
"IPC Server handler 16 on default port 46251" daemon prio=5 tid=93 timed_waiting
java.lang.Thread.State: TIMED_WAITING
        at sun.misc.Unsafe.park(Native Method)
        at java.util.concurrent.locks.LockSupport.parkNanos(LockSupport.java:215)
        at java.util.concurrent.locks.AbstractQueuedSynchronizer$ConditionObject.awaitNanos(AbstractQueuedSynchronizer.java:2078)
        at java.util.concurrent.LinkedBlockingQueue.poll(LinkedBlockingQueue.java:467)
        at org.apache.hadoop.ipc.CallQueueManager.take(CallQueueManager.java:317)
        at org.apache.hadoop.ipc.Server$Handler.run(Server.java:2942)
"pool-237-thread-1"  prio=5 tid=650 in Object.wait()
java.lang.Thread.State: WAITING (on object monitor)
        at sun.misc.Unsafe.park(Native Method)
        at java.util.concurrent.locks.LockSupport.park(LockSupport.java:175)
        at java.util.concurrent.locks.AbstractQueuedSynchronizer$ConditionObject.await(AbstractQueuedSynchronizer.java:2039)
        at java.util.concurrent.LinkedBlockingQueue.take(LinkedBlockingQueue.java:442)
        at java.util.concurrent.ThreadPoolExecutor.getTask(ThreadPoolExecutor.java:1074)
        at java.util.concurrent.ThreadPoolExecutor.runWorker(ThreadPoolExecutor.java:1134)
        at java.util.concurrent.ThreadPoolExecutor$Worker.run(ThreadPoolExecutor.java:624)
        at java.lang.Thread.run(Thread.java:750)
"c61245f4-0084-4810-95a5-490d20dc424d@group-2E358FAA1E41-FollowerState" daemon prio=5 tid=749 timed_waiting
java.lang.Thread.State: TIMED_WAITING
        at java.lang.Thread.sleep(Native Method)
        at java.lang.Thread.sleep(Thread.java:342)
        at java.util.concurrent.TimeUnit.sleep(TimeUnit.java:386)
        at org.apache.ratis.util.TimeDuration.sleep(TimeDuration.java:325)
        at org.apache.ratis.util.TimeDuration.sleep(TimeDuration.java:310)
        at org.apache.ratis.server.impl.FollowerState.run(FollowerState.java:128)
"pool-104-thread-1"  prio=5 tid=199 timed_waiting
java.lang.Thread.State: TIMED_WAITING
        at sun.misc.Unsafe.park(Native Method)
        at java.util.concurrent.locks.LockSupport.parkNanos(LockSupport.java:215)
        at java.util.concurrent.locks.AbstractQueuedSynchronizer$ConditionObject.awaitNanos(AbstractQueuedSynchronizer.java:2078)
        at java.util.concurrent.ScheduledThreadPoolExecutor$DelayedWorkQueue.take(ScheduledThreadPoolExecutor.java:1093)
        at java.util.concurrent.ScheduledThreadPoolExecutor$DelayedWorkQueue.take(ScheduledThreadPoolExecutor.java:809)
        at java.util.concurrent.ThreadPoolExecutor.getTask(ThreadPoolExecutor.java:1074)
        at java.util.concurrent.ThreadPoolExecutor.runWorker(ThreadPoolExecutor.java:1134)
        at java.util.concurrent.ThreadPoolExecutor$Worker.run(ThreadPoolExecutor.java:624)
        at java.lang.Thread.run(Thread.java:750)
"IPC Server Responder" daemon prio=5 tid=30 runnable
java.lang.Thread.State: RUNNABLE
        at sun.nio.ch.EPollArrayWrapper.epollWait(Native Method)
        at sun.nio.ch.EPollArrayWrapper.poll(EPollArrayWrapper.java:269)
        at sun.nio.ch.EPollSelectorImpl.doSelect(EPollSelectorImpl.java:93)
        at sun.nio.ch.SelectorImpl.lockAndDoSelect(SelectorImpl.java:86)
        at sun.nio.ch.SelectorImpl.select(SelectorImpl.java:97)
        at org.apache.hadoop.ipc.Server$Responder.doRunLoop(Server.java:1532)
        at org.apache.hadoop.ipc.Server$Responder.run(Server.java:1515)
"ChunkWriter-0-0" daemon prio=5 tid=470 in Object.wait()
java.lang.Thread.State: WAITING (on object monitor)
        at sun.misc.Unsafe.park(Native Method)
        at java.util.concurrent.locks.LockSupport.park(LockSupport.java:175)
        at java.util.concurrent.locks.AbstractQueuedSynchronizer$ConditionObject.await(AbstractQueuedSynchronizer.java:2039)
        at java.util.concurrent.LinkedBlockingDeque.takeFirst(LinkedBlockingDeque.java:492)
        at java.util.concurrent.LinkedBlockingDeque.take(LinkedBlockingDeque.java:680)
        at java.util.concurrent.ThreadPoolExecutor.getTask(ThreadPoolExecutor.java:1074)
        at java.util.concurrent.ThreadPoolExecutor.runWorker(ThreadPoolExecutor.java:1134)
        at java.util.concurrent.ThreadPoolExecutor$Worker.run(ThreadPoolExecutor.java:624)
        at java.lang.Thread.run(Thread.java:750)
"Datanode State Machine Task Thread - 1"  prio=5 tid=363 in Object.wait()
java.lang.Thread.State: WAITING (on object monitor)
        at sun.misc.Unsafe.park(Native Method)
        at java.util.concurrent.locks.LockSupport.park(LockSupport.java:175)
        at java.util.concurrent.locks.AbstractQueuedSynchronizer$ConditionObject.await(AbstractQueuedSynchronizer.java:2039)
        at java.util.concurrent.LinkedBlockingQueue.take(LinkedBlockingQueue.java:442)
        at java.util.concurrent.ThreadPoolExecutor.getTask(ThreadPoolExecutor.java:1074)
        at java.util.concurrent.ThreadPoolExecutor.runWorker(ThreadPoolExecutor.java:1134)
        at java.util.concurrent.ThreadPoolExecutor$Worker.run(ThreadPoolExecutor.java:624)
        at java.lang.Thread.run(Thread.java:750)
"BlockDeletingService#2" daemon prio=5 tid=840 in Object.wait()
java.lang.Thread.State: WAITING (on object monitor)
        at sun.misc.Unsafe.park(Native Method)
        at java.util.concurrent.locks.LockSupport.park(LockSupport.java:175)
        at java.util.concurrent.locks.AbstractQueuedSynchronizer$ConditionObject.await(AbstractQueuedSynchronizer.java:2039)
        at java.util.concurrent.ScheduledThreadPoolExecutor$DelayedWorkQueue.take(ScheduledThreadPoolExecutor.java:1088)
        at java.util.concurrent.ScheduledThreadPoolExecutor$DelayedWorkQueue.take(ScheduledThreadPoolExecutor.java:809)
        at java.util.concurrent.ThreadPoolExecutor.getTask(ThreadPoolExecutor.java:1074)
        at java.util.concurrent.ThreadPoolExecutor.runWorker(ThreadPoolExecutor.java:1134)
        at java.util.concurrent.ThreadPoolExecutor$Worker.run(ThreadPoolExecutor.java:624)
        at java.lang.Thread.run(Thread.java:750)
"ChunkReader-0" daemon prio=5 tid=766 in Object.wait()
java.lang.Thread.State: WAITING (on object monitor)
        at sun.misc.Unsafe.park(Native Method)
        at java.util.concurrent.locks.LockSupport.park(LockSupport.java:175)
        at java.util.concurrent.locks.AbstractQueuedSynchronizer$ConditionObject.await(AbstractQueuedSynchronizer.java:2039)
        at java.util.concurrent.LinkedBlockingQueue.take(LinkedBlockingQueue.java:442)
        at java.util.concurrent.ThreadPoolExecutor.getTask(ThreadPoolExecutor.java:1074)
        at java.util.concurrent.ThreadPoolExecutor.runWorker(ThreadPoolExecutor.java:1134)
        at java.util.concurrent.ThreadPoolExecutor$Worker.run(ThreadPoolExecutor.java:624)
        at java.lang.Thread.run(Thread.java:750)
"FixedThreadPoolWithAffinityExecutor-8-0" daemon prio=5 tid=524 in Object.wait()
java.lang.Thread.State: WAITING (on object monitor)
        at sun.misc.Unsafe.park(Native Method)
        at java.util.concurrent.locks.LockSupport.park(LockSupport.java:175)
        at java.util.concurrent.locks.AbstractQueuedSynchronizer$ConditionObject.await(AbstractQueuedSynchronizer.java:2039)
        at java.util.concurrent.LinkedBlockingDeque.takeFirst(LinkedBlockingDeque.java:492)
        at java.util.concurrent.LinkedBlockingDeque.take(LinkedBlockingDeque.java:680)
        at java.util.concurrent.ThreadPoolExecutor.getTask(ThreadPoolExecutor.java:1074)
        at java.util.concurrent.ThreadPoolExecutor.runWorker(ThreadPoolExecutor.java:1134)
        at java.util.concurrent.ThreadPoolExecutor$Worker.run(ThreadPoolExecutor.java:624)
        at java.lang.Thread.run(Thread.java:750)
"ChunkWriter-1-0" daemon prio=5 tid=374 in Object.wait()
java.lang.Thread.State: WAITING (on object monitor)
        at sun.misc.Unsafe.park(Native Method)
        at java.util.concurrent.locks.LockSupport.park(LockSupport.java:175)
        at java.util.concurrent.locks.AbstractQueuedSynchronizer$ConditionObject.await(AbstractQueuedSynchronizer.java:2039)
        at java.util.concurrent.LinkedBlockingDeque.takeFirst(LinkedBlockingDeque.java:492)
        at java.util.concurrent.LinkedBlockingDeque.take(LinkedBlockingDeque.java:680)
        at java.util.concurrent.ThreadPoolExecutor.getTask(ThreadPoolExecutor.java:1074)
        at java.util.concurrent.ThreadPoolExecutor.runWorker(ThreadPoolExecutor.java:1134)
        at java.util.concurrent.ThreadPoolExecutor$Worker.run(ThreadPoolExecutor.java:624)
        at java.lang.Thread.run(Thread.java:750)
"IPC Server handler 3 on default port 40043" daemon prio=5 tid=147 timed_waiting
java.lang.Thread.State: TIMED_WAITING
        at sun.misc.Unsafe.park(Native Method)
        at java.util.concurrent.locks.LockSupport.parkNanos(LockSupport.java:215)
        at java.util.concurrent.locks.AbstractQueuedSynchronizer$ConditionObject.awaitNanos(AbstractQueuedSynchronizer.java:2078)
        at java.util.concurrent.LinkedBlockingQueue.poll(LinkedBlockingQueue.java:467)
        at org.apache.hadoop.ipc.CallQueueManager.take(CallQueueManager.java:317)
        at org.apache.hadoop.ipc.Server$Handler.run(Server.java:2942)
"Socket Reader #1 for port 0"  prio=5 tid=32 runnable
java.lang.Thread.State: RUNNABLE
        at sun.nio.ch.EPollArrayWrapper.epollWait(Native Method)
        at sun.nio.ch.EPollArrayWrapper.poll(EPollArrayWrapper.java:269)
        at sun.nio.ch.EPollSelectorImpl.doSelect(EPollSelectorImpl.java:93)
        at sun.nio.ch.SelectorImpl.lockAndDoSelect(SelectorImpl.java:86)
        at sun.nio.ch.SelectorImpl.select(SelectorImpl.java:97)
        at sun.nio.ch.SelectorImpl.select(SelectorImpl.java:101)
        at org.apache.hadoop.ipc.Server$Listener$Reader.doRunLoop(Server.java:1296)
        at org.apache.hadoop.ipc.Server$Listener$Reader.run(Server.java:1275)
"f675d99d-517f-4d8a-bd29-886eede0250d-server-thread3" daemon prio=5 tid=747 timed_waiting
java.lang.Thread.State: TIMED_WAITING
        at sun.misc.Unsafe.park(Native Method)
        at java.util.concurrent.locks.LockSupport.parkNanos(LockSupport.java:215)
        at java.util.concurrent.SynchronousQueue$TransferStack.awaitFulfill(SynchronousQueue.java:460)
        at java.util.concurrent.SynchronousQueue$TransferStack.transfer(SynchronousQueue.java:362)
        at java.util.concurrent.SynchronousQueue.poll(SynchronousQueue.java:941)
        at java.util.concurrent.ThreadPoolExecutor.getTask(ThreadPoolExecutor.java:1073)
        at java.util.concurrent.ThreadPoolExecutor.runWorker(ThreadPoolExecutor.java:1134)
        at java.util.concurrent.ThreadPoolExecutor$Worker.run(ThreadPoolExecutor.java:624)
        at java.lang.Thread.run(Thread.java:750)
"Datanode ReportManager Thread - 0" daemon prio=5 tid=238 in Object.wait()
java.lang.Thread.State: WAITING (on object monitor)
        at sun.misc.Unsafe.park(Native Method)
        at java.util.concurrent.locks.LockSupport.park(LockSupport.java:175)
        at java.util.concurrent.locks.AbstractQueuedSynchronizer$ConditionObject.await(AbstractQueuedSynchronizer.java:2039)
        at java.util.concurrent.ScheduledThreadPoolExecutor$DelayedWorkQueue.take(ScheduledThreadPoolExecutor.java:1088)
        at java.util.concurrent.ScheduledThreadPoolExecutor$DelayedWorkQueue.take(ScheduledThreadPoolExecutor.java:809)
        at java.util.concurrent.ThreadPoolExecutor.getTask(ThreadPoolExecutor.java:1074)
        at java.util.concurrent.ThreadPoolExecutor.runWorker(ThreadPoolExecutor.java:1134)
        at java.util.concurrent.ThreadPoolExecutor$Worker.run(ThreadPoolExecutor.java:624)
        at java.lang.Thread.run(Thread.java:750)
"Datanode ReportManager Thread - 2" daemon prio=5 tid=483 in Object.wait()
java.lang.Thread.State: WAITING (on object monitor)
        at sun.misc.Unsafe.park(Native Method)
        at java.util.concurrent.locks.LockSupport.park(LockSupport.java:175)
        at java.util.concurrent.locks.AbstractQueuedSynchronizer$ConditionObject.await(AbstractQueuedSynchronizer.java:2039)
        at java.util.concurrent.ScheduledThreadPoolExecutor$DelayedWorkQueue.take(ScheduledThreadPoolExecutor.java:1088)
        at java.util.concurrent.ScheduledThreadPoolExecutor$DelayedWorkQueue.take(ScheduledThreadPoolExecutor.java:809)
        at java.util.concurrent.ThreadPoolExecutor.getTask(ThreadPoolExecutor.java:1074)
        at java.util.concurrent.ThreadPoolExecutor.runWorker(ThreadPoolExecutor.java:1134)
        at java.util.concurrent.ThreadPoolExecutor$Worker.run(ThreadPoolExecutor.java:624)
        at java.lang.Thread.run(Thread.java:750)
"9e7e10a2-763a-4a15-b149-6c921096d1eb@group-F4CAB9577C1E-StateMachineUpdater" daemon prio=5 tid=591 timed_waiting
java.lang.Thread.State: TIMED_WAITING
        at sun.misc.Unsafe.park(Native Method)
        at java.util.concurrent.locks.LockSupport.parkNanos(LockSupport.java:215)
        at java.util.concurrent.CompletableFuture$Signaller.block(CompletableFuture.java:1709)
        at java.util.concurrent.ForkJoinPool.managedBlock(ForkJoinPool.java:3323)
        at java.util.concurrent.CompletableFuture.timedGet(CompletableFuture.java:1788)
        at java.util.concurrent.CompletableFuture.get(CompletableFuture.java:1928)
        at org.apache.ratis.util.AwaitForSignal.await(AwaitForSignal.java:56)
        at org.apache.ratis.server.impl.StateMachineUpdater.waitForCommit(StateMachineUpdater.java:207)
        at org.apache.ratis.server.impl.StateMachineUpdater.run(StateMachineUpdater.java:176)
        at java.lang.Thread.run(Thread.java:750)
"Datanode State Machine Daemon Thread" daemon prio=5 tid=289 timed_waiting
java.lang.Thread.State: TIMED_WAITING
        at java.lang.Thread.sleep(Native Method)
        at org.apache.hadoop.ozone.container.common.statemachine.DatanodeStateMachine.startStateMachineThread(DatanodeStateMachine.java:313)
        at org.apache.hadoop.ozone.container.common.statemachine.DatanodeStateMachine.lambda$startDaemon$0(DatanodeStateMachine.java:493)
        at org.apache.hadoop.ozone.container.common.statemachine.DatanodeStateMachine$$Lambda$745/2059952062.run(Unknown Source)
        at java.lang.Thread.run(Thread.java:750)
"BlockDeletingService#0" daemon prio=5 tid=350 in Object.wait()
java.lang.Thread.State: WAITING (on object monitor)
        at sun.misc.Unsafe.park(Native Method)
        at java.util.concurrent.locks.LockSupport.park(LockSupport.java:175)
        at java.util.concurrent.locks.AbstractQueuedSynchronizer$ConditionObject.await(AbstractQueuedSynchronizer.java:2039)
        at java.util.concurrent.ScheduledThreadPoolExecutor$DelayedWorkQueue.take(ScheduledThreadPoolExecutor.java:1088)
        at java.util.concurrent.ScheduledThreadPoolExecutor$DelayedWorkQueue.take(ScheduledThreadPoolExecutor.java:809)
        at java.util.concurrent.ThreadPoolExecutor.getTask(ThreadPoolExecutor.java:1074)
        at java.util.concurrent.ThreadPoolExecutor.runWorker(ThreadPoolExecutor.java:1134)
        at java.util.concurrent.ThreadPoolExecutor$Worker.run(ThreadPoolExecutor.java:624)
        at java.lang.Thread.run(Thread.java:750)
"org.apache.hadoop.ozone.container.common.statemachine.commandhandler.DeleteBlocksCommandHandler$DeleteCmdWorker@6c16a3fa" daemon prio=5 tid=304 timed_waiting
java.lang.Thread.State: TIMED_WAITING
        at java.lang.Thread.sleep(Native Method)
        at org.apache.hadoop.ozone.container.common.statemachine.commandhandler.DeleteBlocksCommandHandler$DeleteCmdWorker.run(DeleteBlocksCommandHandler.java:183)
        at java.lang.Thread.run(Thread.java:750)
"IPC Server handler 2 on default port 38247" daemon prio=5 tid=39 timed_waiting
java.lang.Thread.State: TIMED_WAITING
        at sun.misc.Unsafe.park(Native Method)
        at java.util.concurrent.locks.LockSupport.parkNanos(LockSupport.java:215)
        at java.util.concurrent.locks.AbstractQueuedSynchronizer$ConditionObject.awaitNanos(AbstractQueuedSynchronizer.java:2078)
        at java.util.concurrent.LinkedBlockingQueue.poll(LinkedBlockingQueue.java:467)
        at org.apache.hadoop.ipc.CallQueueManager.take(CallQueueManager.java:317)
        at org.apache.hadoop.ipc.Server$Handler.run(Server.java:2942)
"pool-150-thread-1"  prio=5 tid=253 timed_waiting
java.lang.Thread.State: TIMED_WAITING
        at sun.misc.Unsafe.park(Native Method)
        at java.util.concurrent.locks.LockSupport.parkNanos(LockSupport.java:215)
        at java.util.concurrent.locks.AbstractQueuedSynchronizer$ConditionObject.awaitNanos(AbstractQueuedSynchronizer.java:2078)
        at java.util.concurrent.ScheduledThreadPoolExecutor$DelayedWorkQueue.take(ScheduledThreadPoolExecutor.java:1093)
        at java.util.concurrent.ScheduledThreadPoolExecutor$DelayedWorkQueue.take(ScheduledThreadPoolExecutor.java:809)
        at java.util.concurrent.ThreadPoolExecutor.getTask(ThreadPoolExecutor.java:1074)
        at java.util.concurrent.ThreadPoolExecutor.runWorker(ThreadPoolExecutor.java:1134)
        at java.util.concurrent.ThreadPoolExecutor$Worker.run(ThreadPoolExecutor.java:624)
        at java.lang.Thread.run(Thread.java:750)
"qtp159394830-306" daemon prio=5 tid=306 runnable
java.lang.Thread.State: RUNNABLE
        at sun.nio.ch.EPollArrayWrapper.epollWait(Native Method)
        at sun.nio.ch.EPollArrayWrapper.poll(EPollArrayWrapper.java:269)
        at sun.nio.ch.EPollSelectorImpl.doSelect(EPollSelectorImpl.java:93)
        at sun.nio.ch.SelectorImpl.lockAndDoSelect(SelectorImpl.java:86)
        at sun.nio.ch.SelectorImpl.select(SelectorImpl.java:97)
        at sun.nio.ch.SelectorImpl.select(SelectorImpl.java:101)
        at org.eclipse.jetty.io.ManagedSelector.nioSelect(ManagedSelector.java:183)
        at org.eclipse.jetty.io.ManagedSelector.select(ManagedSelector.java:190)
        at org.eclipse.jetty.io.ManagedSelector$SelectorProducer.select(ManagedSelector.java:606)
        at org.eclipse.jetty.io.ManagedSelector$SelectorProducer.produce(ManagedSelector.java:543)
        at org.eclipse.jetty.util.thread.strategy.EatWhatYouKill.produceTask(EatWhatYouKill.java:362)
        at org.eclipse.jetty.util.thread.strategy.EatWhatYouKill.doProduce(EatWhatYouKill.java:186)
        at org.eclipse.jetty.util.thread.strategy.EatWhatYouKill.tryProduce(EatWhatYouKill.java:173)
        at org.eclipse.jetty.util.thread.strategy.EatWhatYouKill.produce(EatWhatYouKill.java:137)
        at org.eclipse.jetty.io.ManagedSelector$$Lambda$443/1383931873.run(Unknown Source)
        at org.eclipse.jetty.util.thread.QueuedThreadPool.runJob(QueuedThreadPool.java:883)
        at org.eclipse.jetty.util.thread.QueuedThreadPool$Runner.run(QueuedThreadPool.java:1034)
        at java.lang.Thread.run(Thread.java:750)
"qtp2113440138-202-acceptor-0@39f735c7-ServerConnector@3b39b73f{HTTP/1.1, (http/1.1)}{0.0.0.0:35189}" daemon prio=3 tid=202 runnable
java.lang.Thread.State: RUNNABLE
        at sun.nio.ch.ServerSocketChannelImpl.accept0(Native Method)
        at sun.nio.ch.ServerSocketChannelImpl.accept(ServerSocketChannelImpl.java:421)
        at sun.nio.ch.ServerSocketChannelImpl.accept(ServerSocketChannelImpl.java:249)
        at org.eclipse.jetty.server.ServerConnector.accept(ServerConnector.java:388)
        at org.eclipse.jetty.server.AbstractConnector$Acceptor.run(AbstractConnector.java:702)
        at org.eclipse.jetty.util.thread.QueuedThreadPool.runJob(QueuedThreadPool.java:883)
        at org.eclipse.jetty.util.thread.QueuedThreadPool$Runner.run(QueuedThreadPool.java:1034)
        at java.lang.Thread.run(Thread.java:750)
"ChunkWriter-2-0" daemon prio=5 tid=493 in Object.wait()
java.lang.Thread.State: WAITING (on object monitor)
        at sun.misc.Unsafe.park(Native Method)
        at java.util.concurrent.locks.LockSupport.park(LockSupport.java:175)
        at java.util.concurrent.locks.AbstractQueuedSynchronizer$ConditionObject.await(AbstractQueuedSynchronizer.java:2039)
        at java.util.concurrent.LinkedBlockingDeque.takeFirst(LinkedBlockingDeque.java:492)
        at java.util.concurrent.LinkedBlockingDeque.take(LinkedBlockingDeque.java:680)
        at java.util.concurrent.ThreadPoolExecutor.getTask(ThreadPoolExecutor.java:1074)
        at java.util.concurrent.ThreadPoolExecutor.runWorker(ThreadPoolExecutor.java:1134)
        at java.util.concurrent.ThreadPoolExecutor$Worker.run(ThreadPoolExecutor.java:624)
        at java.lang.Thread.run(Thread.java:750)
"ChunkReader-ELG-0" daemon prio=5 tid=554 runnable
java.lang.Thread.State: RUNNABLE
        at org.apache.ratis.thirdparty.io.netty.channel.epoll.Native.epollWait(Native Method)
        at org.apache.ratis.thirdparty.io.netty.channel.epoll.Native.epollWait(Native.java:209)
        at org.apache.ratis.thirdparty.io.netty.channel.epoll.Native.epollWait(Native.java:202)
        at org.apache.ratis.thirdparty.io.netty.channel.epoll.EpollEventLoop.epollWaitNoTimerChange(EpollEventLoop.java:294)
        at org.apache.ratis.thirdparty.io.netty.channel.epoll.EpollEventLoop.run(EpollEventLoop.java:351)
        at org.apache.ratis.thirdparty.io.netty.util.concurrent.SingleThreadEventExecutor$4.run(SingleThreadEventExecutor.java:995)
        at org.apache.ratis.thirdparty.io.netty.util.internal.ThreadExecutorMap$2.run(ThreadExecutorMap.java:74)
        at java.lang.Thread.run(Thread.java:750)
"96fa30cc-cc01-4af1-a161-c10c2afc2f22@group-F4CAB9577C1E-FollowerState" daemon prio=5 tid=709 timed_waiting
java.lang.Thread.State: TIMED_WAITING
        at java.lang.Thread.sleep(Native Method)
        at java.lang.Thread.sleep(Thread.java:342)
        at java.util.concurrent.TimeUnit.sleep(TimeUnit.java:386)
        at org.apache.ratis.util.TimeDuration.sleep(TimeDuration.java:325)
        at org.apache.ratis.util.TimeDuration.sleep(TimeDuration.java:310)
        at org.apache.ratis.server.impl.FollowerState.run(FollowerState.java:128)
"Datanode ReportManager Thread - 4" daemon prio=5 tid=437 in Object.wait()
java.lang.Thread.State: WAITING (on object monitor)
        at sun.misc.Unsafe.park(Native Method)
        at java.util.concurrent.locks.LockSupport.park(LockSupport.java:175)
        at java.util.concurrent.locks.AbstractQueuedSynchronizer$ConditionObject.await(AbstractQueuedSynchronizer.java:2039)
        at java.util.concurrent.ScheduledThreadPoolExecutor$DelayedWorkQueue.take(ScheduledThreadPoolExecutor.java:1088)
        at java.util.concurrent.ScheduledThreadPoolExecutor$DelayedWorkQueue.take(ScheduledThreadPoolExecutor.java:809)
        at java.util.concurrent.ThreadPoolExecutor.getTask(ThreadPoolExecutor.java:1074)
        at java.util.concurrent.ThreadPoolExecutor.runWorker(ThreadPoolExecutor.java:1134)
        at java.util.concurrent.ThreadPoolExecutor$Worker.run(ThreadPoolExecutor.java:624)
        at java.lang.Thread.run(Thread.java:750)
"96fa30cc-cc01-4af1-a161-c10c2afc2f22-server-thread1" daemon prio=5 tid=717 timed_waiting
java.lang.Thread.State: TIMED_WAITING
        at sun.misc.Unsafe.park(Native Method)
        at java.util.concurrent.locks.LockSupport.parkNanos(LockSupport.java:215)
        at java.util.concurrent.SynchronousQueue$TransferStack.awaitFulfill(SynchronousQueue.java:460)
        at java.util.concurrent.SynchronousQueue$TransferStack.transfer(SynchronousQueue.java:362)
        at java.util.concurrent.SynchronousQueue.poll(SynchronousQueue.java:941)
        at java.util.concurrent.ThreadPoolExecutor.getTask(ThreadPoolExecutor.java:1073)
        at java.util.concurrent.ThreadPoolExecutor.runWorker(ThreadPoolExecutor.java:1134)
        at java.util.concurrent.ThreadPoolExecutor$Worker.run(ThreadPoolExecutor.java:624)
        at java.lang.Thread.run(Thread.java:750)
"Periodic HDDS volume checker" daemon prio=5 tid=365 timed_waiting
java.lang.Thread.State: TIMED_WAITING
        at sun.misc.Unsafe.park(Native Method)
        at java.util.concurrent.locks.LockSupport.parkNanos(LockSupport.java:215)
        at java.util.concurrent.locks.AbstractQueuedSynchronizer$ConditionObject.awaitNanos(AbstractQueuedSynchronizer.java:2078)
        at java.util.concurrent.ScheduledThreadPoolExecutor$DelayedWorkQueue.take(ScheduledThreadPoolExecutor.java:1093)
        at java.util.concurrent.ScheduledThreadPoolExecutor$DelayedWorkQueue.take(ScheduledThreadPoolExecutor.java:809)
        at java.util.concurrent.ThreadPoolExecutor.getTask(ThreadPoolExecutor.java:1074)
        at java.util.concurrent.ThreadPoolExecutor.runWorker(ThreadPoolExecutor.java:1134)
        at java.util.concurrent.ThreadPoolExecutor$Worker.run(ThreadPoolExecutor.java:624)
        at java.lang.Thread.run(Thread.java:750)
"c61245f4-0084-4810-95a5-490d20dc424d-server-thread2" daemon prio=5 tid=759 timed_waiting
java.lang.Thread.State: TIMED_WAITING
        at sun.misc.Unsafe.park(Native Method)
        at java.util.concurrent.locks.LockSupport.parkNanos(LockSupport.java:215)
        at java.util.concurrent.SynchronousQueue$TransferStack.awaitFulfill(SynchronousQueue.java:460)
        at java.util.concurrent.SynchronousQueue$TransferStack.transfer(SynchronousQueue.java:362)
        at java.util.concurrent.SynchronousQueue.poll(SynchronousQueue.java:941)
        at java.util.concurrent.ThreadPoolExecutor.getTask(ThreadPoolExecutor.java:1073)
        at java.util.concurrent.ThreadPoolExecutor.runWorker(ThreadPoolExecutor.java:1134)
        at java.util.concurrent.ThreadPoolExecutor$Worker.run(ThreadPoolExecutor.java:624)
        at java.lang.Thread.run(Thread.java:750)
"ChunkWriter-3-0" daemon prio=5 tid=552 in Object.wait()
java.lang.Thread.State: WAITING (on object monitor)
        at sun.misc.Unsafe.park(Native Method)
        at java.util.concurrent.locks.LockSupport.park(LockSupport.java:175)
        at java.util.concurrent.locks.AbstractQueuedSynchronizer$ConditionObject.await(AbstractQueuedSynchronizer.java:2039)
        at java.util.concurrent.LinkedBlockingDeque.takeFirst(LinkedBlockingDeque.java:492)
        at java.util.concurrent.LinkedBlockingDeque.take(LinkedBlockingDeque.java:680)
        at java.util.concurrent.ThreadPoolExecutor.getTask(ThreadPoolExecutor.java:1074)
        at java.util.concurrent.ThreadPoolExecutor.runWorker(ThreadPoolExecutor.java:1134)
        at java.util.concurrent.ThreadPoolExecutor$Worker.run(ThreadPoolExecutor.java:624)
        at java.lang.Thread.run(Thread.java:750)
"Periodic HDDS volume checker" daemon prio=5 tid=273 timed_waiting
java.lang.Thread.State: TIMED_WAITING
        at sun.misc.Unsafe.park(Native Method)
        at java.util.concurrent.locks.LockSupport.parkNanos(LockSupport.java:215)
        at java.util.concurrent.locks.AbstractQueuedSynchronizer$ConditionObject.awaitNanos(AbstractQueuedSynchronizer.java:2078)
        at java.util.concurrent.ScheduledThreadPoolExecutor$DelayedWorkQueue.take(ScheduledThreadPoolExecutor.java:1093)
        at java.util.concurrent.ScheduledThreadPoolExecutor$DelayedWorkQueue.take(ScheduledThreadPoolExecutor.java:809)
        at java.util.concurrent.ThreadPoolExecutor.getTask(ThreadPoolExecutor.java:1074)
        at java.util.concurrent.ThreadPoolExecutor.runWorker(ThreadPoolExecutor.java:1134)
        at java.util.concurrent.ThreadPoolExecutor$Worker.run(ThreadPoolExecutor.java:624)
        at java.lang.Thread.run(Thread.java:750)
"ChunkWriter-2-0" daemon prio=5 tid=472 in Object.wait()
java.lang.Thread.State: WAITING (on object monitor)
        at sun.misc.Unsafe.park(Native Method)
        at java.util.concurrent.locks.LockSupport.park(LockSupport.java:175)
        at java.util.concurrent.locks.AbstractQueuedSynchronizer$ConditionObject.await(AbstractQueuedSynchronizer.java:2039)
        at java.util.concurrent.LinkedBlockingDeque.takeFirst(LinkedBlockingDeque.java:492)
        at java.util.concurrent.LinkedBlockingDeque.take(LinkedBlockingDeque.java:680)
        at java.util.concurrent.ThreadPoolExecutor.getTask(ThreadPoolExecutor.java:1074)
        at java.util.concurrent.ThreadPoolExecutor.runWorker(ThreadPoolExecutor.java:1134)
        at java.util.concurrent.ThreadPoolExecutor$Worker.run(ThreadPoolExecutor.java:624)
        at java.lang.Thread.run(Thread.java:750)
"Datanode ReportManager Thread - 2" daemon prio=5 tid=240 in Object.wait()
java.lang.Thread.State: WAITING (on object monitor)
        at sun.misc.Unsafe.park(Native Method)
        at java.util.concurrent.locks.LockSupport.park(LockSupport.java:175)
        at java.util.concurrent.locks.AbstractQueuedSynchronizer$ConditionObject.await(AbstractQueuedSynchronizer.java:2039)
        at java.util.concurrent.ScheduledThreadPoolExecutor$DelayedWorkQueue.take(ScheduledThreadPoolExecutor.java:1088)
        at java.util.concurrent.ScheduledThreadPoolExecutor$DelayedWorkQueue.take(ScheduledThreadPoolExecutor.java:809)
        at java.util.concurrent.ThreadPoolExecutor.getTask(ThreadPoolExecutor.java:1074)
        at java.util.concurrent.ThreadPoolExecutor.runWorker(ThreadPoolExecutor.java:1134)
        at java.util.concurrent.ThreadPoolExecutor$Worker.run(ThreadPoolExecutor.java:624)
        at java.lang.Thread.run(Thread.java:750)
"pool-141-thread-1"  prio=5 tid=599 in Object.wait()
java.lang.Thread.State: WAITING (on object monitor)
        at sun.misc.Unsafe.park(Native Method)
        at java.util.concurrent.locks.LockSupport.park(LockSupport.java:175)
        at java.util.concurrent.locks.AbstractQueuedSynchronizer$ConditionObject.await(AbstractQueuedSynchronizer.java:2039)
        at java.util.concurrent.LinkedBlockingQueue.take(LinkedBlockingQueue.java:442)
        at java.util.concurrent.ThreadPoolExecutor.getTask(ThreadPoolExecutor.java:1074)
        at java.util.concurrent.ThreadPoolExecutor.runWorker(ThreadPoolExecutor.java:1134)
        at java.util.concurrent.ThreadPoolExecutor$Worker.run(ThreadPoolExecutor.java:624)
        at java.lang.Thread.run(Thread.java:750)
"StaleRecoveringContainerScrubbingService#0" daemon prio=5 tid=352 in Object.wait()
java.lang.Thread.State: WAITING (on object monitor)
        at sun.misc.Unsafe.park(Native Method)
        at java.util.concurrent.locks.LockSupport.park(LockSupport.java:175)
        at java.util.concurrent.locks.AbstractQueuedSynchronizer$ConditionObject.await(AbstractQueuedSynchronizer.java:2039)
        at java.util.concurrent.ScheduledThreadPoolExecutor$DelayedWorkQueue.take(ScheduledThreadPoolExecutor.java:1088)
        at java.util.concurrent.ScheduledThreadPoolExecutor$DelayedWorkQueue.take(ScheduledThreadPoolExecutor.java:809)
        at java.util.concurrent.ThreadPoolExecutor.getTask(ThreadPoolExecutor.java:1074)
        at java.util.concurrent.ThreadPoolExecutor.runWorker(ThreadPoolExecutor.java:1134)
        at java.util.concurrent.ThreadPoolExecutor$Worker.run(ThreadPoolExecutor.java:624)
        at java.lang.Thread.run(Thread.java:750)
"IPC Server handler 8 on default port 38247" daemon prio=5 tid=45 timed_waiting
java.lang.Thread.State: TIMED_WAITING
        at sun.misc.Unsafe.park(Native Method)
        at java.util.concurrent.locks.LockSupport.parkNanos(LockSupport.java:215)
        at java.util.concurrent.locks.AbstractQueuedSynchronizer$ConditionObject.awaitNanos(AbstractQueuedSynchronizer.java:2078)
        at java.util.concurrent.LinkedBlockingQueue.poll(LinkedBlockingQueue.java:467)
        at org.apache.hadoop.ipc.CallQueueManager.take(CallQueueManager.java:317)
        at org.apache.hadoop.ipc.Server$Handler.run(Server.java:2942)
"ChunkWriter-2-0" daemon prio=5 tid=375 in Object.wait()
java.lang.Thread.State: WAITING (on object monitor)
        at sun.misc.Unsafe.park(Native Method)
        at java.util.concurrent.locks.LockSupport.park(LockSupport.java:175)
        at java.util.concurrent.locks.AbstractQueuedSynchronizer$ConditionObject.await(AbstractQueuedSynchronizer.java:2039)
        at java.util.concurrent.LinkedBlockingDeque.takeFirst(LinkedBlockingDeque.java:492)
        at java.util.concurrent.LinkedBlockingDeque.take(LinkedBlockingDeque.java:680)
        at java.util.concurrent.ThreadPoolExecutor.getTask(ThreadPoolExecutor.java:1074)
        at java.util.concurrent.ThreadPoolExecutor.runWorker(ThreadPoolExecutor.java:1134)
        at java.util.concurrent.ThreadPoolExecutor$Worker.run(ThreadPoolExecutor.java:624)
        at java.lang.Thread.run(Thread.java:750)
"Datanode ReportManager Thread - 1" daemon prio=5 tid=317 timed_waiting
java.lang.Thread.State: TIMED_WAITING
        at sun.misc.Unsafe.park(Native Method)
        at java.util.concurrent.locks.LockSupport.parkNanos(LockSupport.java:215)
        at java.util.concurrent.locks.AbstractQueuedSynchronizer$ConditionObject.awaitNanos(AbstractQueuedSynchronizer.java:2078)
        at java.util.concurrent.ScheduledThreadPoolExecutor$DelayedWorkQueue.take(ScheduledThreadPoolExecutor.java:1093)
        at java.util.concurrent.ScheduledThreadPoolExecutor$DelayedWorkQueue.take(ScheduledThreadPoolExecutor.java:809)
        at java.util.concurrent.ThreadPoolExecutor.getTask(ThreadPoolExecutor.java:1074)
        at java.util.concurrent.ThreadPoolExecutor.runWorker(ThreadPoolExecutor.java:1134)
        at java.util.concurrent.ThreadPoolExecutor$Worker.run(ThreadPoolExecutor.java:624)
        at java.lang.Thread.run(Thread.java:750)
"IPC Server Responder" daemon prio=5 tid=26 runnable
java.lang.Thread.State: RUNNABLE
        at sun.nio.ch.EPollArrayWrapper.epollWait(Native Method)
        at sun.nio.ch.EPollArrayWrapper.poll(EPollArrayWrapper.java:269)
        at sun.nio.ch.EPollSelectorImpl.doSelect(EPollSelectorImpl.java:93)
        at sun.nio.ch.SelectorImpl.lockAndDoSelect(SelectorImpl.java:86)
        at sun.nio.ch.SelectorImpl.select(SelectorImpl.java:97)
        at org.apache.hadoop.ipc.Server$Responder.doRunLoop(Server.java:1532)
        at org.apache.hadoop.ipc.Server$Responder.run(Server.java:1515)
"qtp939893108-422-acceptor-0@4ee05d35-ServerConnector@4a7d9cbe{HTTP/1.1, (http/1.1)}{0.0.0.0:46479}" daemon prio=3 tid=422 runnable
java.lang.Thread.State: RUNNABLE
        at sun.nio.ch.ServerSocketChannelImpl.accept0(Native Method)
        at sun.nio.ch.ServerSocketChannelImpl.accept(ServerSocketChannelImpl.java:421)
        at sun.nio.ch.ServerSocketChannelImpl.accept(ServerSocketChannelImpl.java:249)
        at org.eclipse.jetty.server.ServerConnector.accept(ServerConnector.java:388)
        at org.eclipse.jetty.server.AbstractConnector$Acceptor.run(AbstractConnector.java:702)
        at org.eclipse.jetty.util.thread.QueuedThreadPool.runJob(QueuedThreadPool.java:883)
        at org.eclipse.jetty.util.thread.QueuedThreadPool$Runner.run(QueuedThreadPool.java:1034)
        at java.lang.Thread.run(Thread.java:750)
"IPC Server Responder" daemon prio=5 tid=34 runnable
java.lang.Thread.State: RUNNABLE
        at sun.nio.ch.EPollArrayWrapper.epollWait(Native Method)
        at sun.nio.ch.EPollArrayWrapper.poll(EPollArrayWrapper.java:269)
        at sun.nio.ch.EPollSelectorImpl.doSelect(EPollSelectorImpl.java:93)
        at sun.nio.ch.SelectorImpl.lockAndDoSelect(SelectorImpl.java:86)
        at sun.nio.ch.SelectorImpl.select(SelectorImpl.java:97)
        at org.apache.hadoop.ipc.Server$Responder.doRunLoop(Server.java:1532)
        at org.apache.hadoop.ipc.Server$Responder.run(Server.java:1515)
"Datanode State Machine Task Thread - 1"  prio=5 tid=489 in Object.wait()
java.lang.Thread.State: WAITING (on object monitor)
        at sun.misc.Unsafe.park(Native Method)
        at java.util.concurrent.locks.LockSupport.park(LockSupport.java:175)
        at java.util.concurrent.locks.AbstractQueuedSynchronizer$ConditionObject.await(AbstractQueuedSynchronizer.java:2039)
        at java.util.concurrent.LinkedBlockingQueue.take(LinkedBlockingQueue.java:442)
        at java.util.concurrent.ThreadPoolExecutor.getTask(ThreadPoolExecutor.java:1074)
        at java.util.concurrent.ThreadPoolExecutor.runWorker(ThreadPoolExecutor.java:1134)
        at java.util.concurrent.ThreadPoolExecutor$Worker.run(ThreadPoolExecutor.java:624)
        at java.lang.Thread.run(Thread.java:750)
"pool-59-thread-1"  prio=5 tid=134 timed_waiting
java.lang.Thread.State: TIMED_WAITING
        at sun.misc.Unsafe.park(Native Method)
        at java.util.concurrent.locks.LockSupport.parkNanos(LockSupport.java:215)
        at java.util.concurrent.locks.AbstractQueuedSynchronizer$ConditionObject.awaitNanos(AbstractQueuedSynchronizer.java:2078)
        at java.util.concurrent.ScheduledThreadPoolExecutor$DelayedWorkQueue.take(ScheduledThreadPoolExecutor.java:1093)
        at java.util.concurrent.ScheduledThreadPoolExecutor$DelayedWorkQueue.take(ScheduledThreadPoolExecutor.java:809)
        at java.util.concurrent.ThreadPoolExecutor.getTask(ThreadPoolExecutor.java:1074)
        at java.util.concurrent.ThreadPoolExecutor.runWorker(ThreadPoolExecutor.java:1134)
        at java.util.concurrent.ThreadPoolExecutor$Worker.run(ThreadPoolExecutor.java:624)
        at java.lang.Thread.run(Thread.java:750)
"qtp902495413-259" daemon prio=5 tid=259 timed_waiting
java.lang.Thread.State: TIMED_WAITING
        at sun.misc.Unsafe.park(Native Method)
        at java.util.concurrent.locks.LockSupport.parkNanos(LockSupport.java:215)
        at java.util.concurrent.locks.AbstractQueuedSynchronizer$ConditionObject.awaitNanos(AbstractQueuedSynchronizer.java:2078)
        at org.eclipse.jetty.util.BlockingArrayQueue.poll(BlockingArrayQueue.java:382)
        at org.eclipse.jetty.util.thread.QueuedThreadPool$Runner.idleJobPoll(QueuedThreadPool.java:974)
        at org.eclipse.jetty.util.thread.QueuedThreadPool$Runner.run(QueuedThreadPool.java:1018)
        at java.lang.Thread.run(Thread.java:750)
"IPC Server listener on 0" daemon prio=5 tid=31 runnable
java.lang.Thread.State: RUNNABLE
        at sun.nio.ch.EPollArrayWrapper.epollWait(Native Method)
        at sun.nio.ch.EPollArrayWrapper.poll(EPollArrayWrapper.java:269)
        at sun.nio.ch.EPollSelectorImpl.doSelect(EPollSelectorImpl.java:93)
        at sun.nio.ch.SelectorImpl.lockAndDoSelect(SelectorImpl.java:86)
        at sun.nio.ch.SelectorImpl.select(SelectorImpl.java:97)
        at sun.nio.ch.SelectorImpl.select(SelectorImpl.java:101)
        at org.apache.hadoop.ipc.Server$Listener.run(Server.java:1358)
"IPC Server idle connection scanner for port 39185" daemon prio=5 tid=29 timed_waiting
java.lang.Thread.State: TIMED_WAITING
        at java.lang.Object.wait(Native Method)
        at java.util.TimerThread.mainLoop(Timer.java:552)
        at java.util.TimerThread.run(Timer.java:505)
"9e7e10a2-763a-4a15-b149-6c921096d1eb@group-F4CAB9577C1E-LeaderStateImpl" daemon prio=5 tid=708 timed_waiting
java.lang.Thread.State: TIMED_WAITING
        at sun.misc.Unsafe.park(Native Method)
        at java.util.concurrent.locks.LockSupport.parkNanos(LockSupport.java:215)
        at java.util.concurrent.locks.AbstractQueuedSynchronizer$ConditionObject.awaitNanos(AbstractQueuedSynchronizer.java:2078)
        at java.util.concurrent.ArrayBlockingQueue.poll(ArrayBlockingQueue.java:418)
        at org.apache.ratis.server.impl.LeaderStateImpl$EventQueue.poll(LeaderStateImpl.java:159)
        at org.apache.ratis.server.impl.LeaderStateImpl$EventProcessor.run(LeaderStateImpl.java:630)
"Datanode State Machine Task Thread - 0"  prio=5 tid=400 in Object.wait()
java.lang.Thread.State: WAITING (on object monitor)
        at sun.misc.Unsafe.park(Native Method)
        at java.util.concurrent.locks.LockSupport.park(LockSupport.java:175)
        at java.util.concurrent.locks.AbstractQueuedSynchronizer$ConditionObject.await(AbstractQueuedSynchronizer.java:2039)
        at java.util.concurrent.LinkedBlockingQueue.take(LinkedBlockingQueue.java:442)
        at java.util.concurrent.ThreadPoolExecutor.getTask(ThreadPoolExecutor.java:1074)
        at java.util.concurrent.ThreadPoolExecutor.runWorker(ThreadPoolExecutor.java:1134)
        at java.util.concurrent.ThreadPoolExecutor$Worker.run(ThreadPoolExecutor.java:624)
        at java.lang.Thread.run(Thread.java:750)
"IPC Server handler 3 on default port 46251" daemon prio=5 tid=80 timed_waiting
java.lang.Thread.State: TIMED_WAITING
        at sun.misc.Unsafe.park(Native Method)
        at java.util.concurrent.locks.LockSupport.parkNanos(LockSupport.java:215)
        at java.util.concurrent.locks.AbstractQueuedSynchronizer$ConditionObject.awaitNanos(AbstractQueuedSynchronizer.java:2078)
        at java.util.concurrent.LinkedBlockingQueue.poll(LinkedBlockingQueue.java:467)
        at org.apache.hadoop.ipc.CallQueueManager.take(CallQueueManager.java:317)
        at org.apache.hadoop.ipc.Server$Handler.run(Server.java:2942)
"org.apache.hadoop.ozone.container.common.statemachine.commandhandler.DeleteBlocksCommandHandler$DeleteCmdWorker@20286a6b" daemon prio=5 tid=252 timed_waiting
java.lang.Thread.State: TIMED_WAITING
        at java.lang.Thread.sleep(Native Method)
        at org.apache.hadoop.ozone.container.common.statemachine.commandhandler.DeleteBlocksCommandHandler$DeleteCmdWorker.run(DeleteBlocksCommandHandler.java:183)
        at java.lang.Thread.run(Thread.java:750)
"qtp1617079700-180" daemon prio=5 tid=180 timed_waiting
java.lang.Thread.State: TIMED_WAITING
        at sun.misc.Unsafe.park(Native Method)
        at java.util.concurrent.locks.LockSupport.parkNanos(LockSupport.java:215)
        at java.util.concurrent.locks.AbstractQueuedSynchronizer$ConditionObject.awaitNanos(AbstractQueuedSynchronizer.java:2078)
        at org.eclipse.jetty.util.BlockingArrayQueue.poll(BlockingArrayQueue.java:382)
        at org.eclipse.jetty.util.thread.QueuedThreadPool$Runner.idleJobPoll(QueuedThreadPool.java:974)
        at org.eclipse.jetty.util.thread.QueuedThreadPool$Runner.run(QueuedThreadPool.java:1018)
        at java.lang.Thread.run(Thread.java:750)
"Datanode ReportManager Thread - 2" daemon prio=5 tid=292 timed_waiting
java.lang.Thread.State: TIMED_WAITING
        at sun.misc.Unsafe.park(Native Method)
        at java.util.concurrent.locks.LockSupport.parkNanos(LockSupport.java:215)
        at java.util.concurrent.locks.AbstractQueuedSynchronizer$ConditionObject.awaitNanos(AbstractQueuedSynchronizer.java:2078)
        at java.util.concurrent.ScheduledThreadPoolExecutor$DelayedWorkQueue.take(ScheduledThreadPoolExecutor.java:1093)
        at java.util.concurrent.ScheduledThreadPoolExecutor$DelayedWorkQueue.take(ScheduledThreadPoolExecutor.java:809)
        at java.util.concurrent.ThreadPoolExecutor.getTask(ThreadPoolExecutor.java:1074)
        at java.util.concurrent.ThreadPoolExecutor.runWorker(ThreadPoolExecutor.java:1134)
        at java.util.concurrent.ThreadPoolExecutor$Worker.run(ThreadPoolExecutor.java:624)
        at java.lang.Thread.run(Thread.java:750)
"ChunkWriter-0-0" daemon prio=5 tid=373 in Object.wait()
java.lang.Thread.State: WAITING (on object monitor)
        at sun.misc.Unsafe.park(Native Method)
        at java.util.concurrent.locks.LockSupport.park(LockSupport.java:175)
        at java.util.concurrent.locks.AbstractQueuedSynchronizer$ConditionObject.await(AbstractQueuedSynchronizer.java:2039)
        at java.util.concurrent.LinkedBlockingDeque.takeFirst(LinkedBlockingDeque.java:492)
        at java.util.concurrent.LinkedBlockingDeque.take(LinkedBlockingDeque.java:680)
        at java.util.concurrent.ThreadPoolExecutor.getTask(ThreadPoolExecutor.java:1074)
        at java.util.concurrent.ThreadPoolExecutor.runWorker(ThreadPoolExecutor.java:1134)
        at java.util.concurrent.ThreadPoolExecutor$Worker.run(ThreadPoolExecutor.java:624)
        at java.lang.Thread.run(Thread.java:750)
"qtp573924191-284" daemon prio=5 tid=284 timed_waiting
java.lang.Thread.State: TIMED_WAITING
        at sun.misc.Unsafe.park(Native Method)
        at java.util.concurrent.locks.LockSupport.parkNanos(LockSupport.java:215)
        at java.util.concurrent.locks.AbstractQueuedSynchronizer$ConditionObject.awaitNanos(AbstractQueuedSynchronizer.java:2078)
        at org.eclipse.jetty.util.BlockingArrayQueue.poll(BlockingArrayQueue.java:382)
        at org.eclipse.jetty.util.thread.QueuedThreadPool$Runner.idleJobPoll(QueuedThreadPool.java:974)
        at org.eclipse.jetty.util.thread.QueuedThreadPool$Runner.run(QueuedThreadPool.java:1018)
        at java.lang.Thread.run(Thread.java:750)
"Command processor thread" daemon prio=5 tid=217 timed_waiting
java.lang.Thread.State: TIMED_WAITING
        at java.lang.Thread.sleep(Native Method)
        at org.apache.hadoop.ozone.container.common.statemachine.DatanodeStateMachine.lambda$initCommandHandlerThread$3(DatanodeStateMachine.java:628)
        at org.apache.hadoop.ozone.container.common.statemachine.DatanodeStateMachine$$Lambda$747/1187177757.run(Unknown Source)
        at java.lang.Thread.run(Thread.java:750)
"96fa30cc-cc01-4af1-a161-c10c2afc2f22@group-7C969207AFDB-SegmentedRaftLogWorker"  prio=5 tid=563 timed_waiting
java.lang.Thread.State: TIMED_WAITING
        at sun.misc.Unsafe.park(Native Method)
        at java.util.concurrent.locks.LockSupport.parkNanos(LockSupport.java:215)
        at java.util.concurrent.locks.AbstractQueuedSynchronizer$ConditionObject.awaitNanos(AbstractQueuedSynchronizer.java:2078)
        at org.apache.ratis.util.DataBlockingQueue.poll(DataBlockingQueue.java:148)
        at org.apache.ratis.server.raftlog.segmented.SegmentedRaftLogWorker.run(SegmentedRaftLogWorker.java:310)
        at org.apache.ratis.server.raftlog.segmented.SegmentedRaftLogWorker$$Lambda$661/1265419919.run(Unknown Source)
        at java.lang.Thread.run(Thread.java:750)
"2793c3be-81e9-49ed-8ebe-f0dc6850cb05@group-852C345BE8D9-StateMachineUpdater" daemon prio=5 tid=671 timed_waiting
java.lang.Thread.State: TIMED_WAITING
        at sun.misc.Unsafe.park(Native Method)
        at java.util.concurrent.locks.LockSupport.parkNanos(LockSupport.java:215)
        at java.util.concurrent.CompletableFuture$Signaller.block(CompletableFuture.java:1709)
        at java.util.concurrent.ForkJoinPool.managedBlock(ForkJoinPool.java:3323)
        at java.util.concurrent.CompletableFuture.timedGet(CompletableFuture.java:1788)
        at java.util.concurrent.CompletableFuture.get(CompletableFuture.java:1928)
        at org.apache.ratis.util.AwaitForSignal.await(AwaitForSignal.java:56)
        at org.apache.ratis.server.impl.StateMachineUpdater.waitForCommit(StateMachineUpdater.java:207)
        at org.apache.ratis.server.impl.StateMachineUpdater.run(StateMachineUpdater.java:176)
        at java.lang.Thread.run(Thread.java:750)
"EndpointStateMachine task thread for /0.0.0.0:46251 - 0 "  prio=5 tid=366 in Object.wait()
java.lang.Thread.State: WAITING (on object monitor)
        at sun.misc.Unsafe.park(Native Method)
        at java.util.concurrent.locks.LockSupport.park(LockSupport.java:175)
        at java.util.concurrent.locks.AbstractQueuedSynchronizer$ConditionObject.await(AbstractQueuedSynchronizer.java:2039)
        at java.util.concurrent.LinkedBlockingQueue.take(LinkedBlockingQueue.java:442)
        at java.util.concurrent.ThreadPoolExecutor.getTask(ThreadPoolExecutor.java:1074)
        at java.util.concurrent.ThreadPoolExecutor.runWorker(ThreadPoolExecutor.java:1134)
        at java.util.concurrent.ThreadPoolExecutor$Worker.run(ThreadPoolExecutor.java:624)
        at java.lang.Thread.run(Thread.java:750)
"Datanode ReportManager Thread - 0" daemon prio=5 tid=290 timed_waiting
java.lang.Thread.State: TIMED_WAITING
        at sun.misc.Unsafe.park(Native Method)
        at java.util.concurrent.locks.LockSupport.parkNanos(LockSupport.java:215)
        at java.util.concurrent.locks.AbstractQueuedSynchronizer$ConditionObject.awaitNanos(AbstractQueuedSynchronizer.java:2078)
        at java.util.concurrent.ScheduledThreadPoolExecutor$DelayedWorkQueue.take(ScheduledThreadPoolExecutor.java:1093)
        at java.util.concurrent.ScheduledThreadPoolExecutor$DelayedWorkQueue.take(ScheduledThreadPoolExecutor.java:809)
        at java.util.concurrent.ThreadPoolExecutor.getTask(ThreadPoolExecutor.java:1074)
        at java.util.concurrent.ThreadPoolExecutor.runWorker(ThreadPoolExecutor.java:1134)
        at java.util.concurrent.ThreadPoolExecutor$Worker.run(ThreadPoolExecutor.java:624)
        at java.lang.Thread.run(Thread.java:750)
"org.apache.hadoop.util.JvmPauseMonitor$Monitor@428cdf7e" daemon prio=5 tid=190 timed_waiting
java.lang.Thread.State: TIMED_WAITING
        at java.lang.Thread.sleep(Native Method)
        at org.apache.hadoop.util.JvmPauseMonitor$Monitor.run(JvmPauseMonitor.java:192)
        at java.lang.Thread.run(Thread.java:750)
"IPC Server handler 14 on default port 46251" daemon prio=5 tid=91 timed_waiting
java.lang.Thread.State: TIMED_WAITING
        at sun.misc.Unsafe.park(Native Method)
        at java.util.concurrent.locks.LockSupport.parkNanos(LockSupport.java:215)
        at java.util.concurrent.locks.AbstractQueuedSynchronizer$ConditionObject.awaitNanos(AbstractQueuedSynchronizer.java:2078)
        at java.util.concurrent.LinkedBlockingQueue.poll(LinkedBlockingQueue.java:467)
        at org.apache.hadoop.ipc.CallQueueManager.take(CallQueueManager.java:317)
        at org.apache.hadoop.ipc.Server$Handler.run(Server.java:2942)
"IPC Server handler 11 on default port 46251" daemon prio=5 tid=88 timed_waiting
java.lang.Thread.State: TIMED_WAITING
        at sun.misc.Unsafe.park(Native Method)
        at java.util.concurrent.locks.LockSupport.parkNanos(LockSupport.java:215)
        at java.util.concurrent.locks.AbstractQueuedSynchronizer$ConditionObject.awaitNanos(AbstractQueuedSynchronizer.java:2078)
        at java.util.concurrent.LinkedBlockingQueue.poll(LinkedBlockingQueue.java:467)
        at org.apache.hadoop.ipc.CallQueueManager.take(CallQueueManager.java:317)
        at org.apache.hadoop.ipc.Server$Handler.run(Server.java:2942)
"qtp573924191-285" daemon prio=5 tid=285 timed_waiting
java.lang.Thread.State: TIMED_WAITING
        at sun.misc.Unsafe.park(Native Method)
        at java.util.concurrent.locks.LockSupport.parkNanos(LockSupport.java:215)
        at java.util.concurrent.locks.AbstractQueuedSynchronizer$ConditionObject.awaitNanos(AbstractQueuedSynchronizer.java:2078)
        at org.eclipse.jetty.util.BlockingArrayQueue.poll(BlockingArrayQueue.java:382)
        at org.eclipse.jetty.util.thread.QueuedThreadPool$Runner.idleJobPoll(QueuedThreadPool.java:974)
        at org.eclipse.jetty.util.thread.QueuedThreadPool$Runner.run(QueuedThreadPool.java:1018)
        at java.lang.Thread.run(Thread.java:750)
"Session-HouseKeeper-37c595f4-1"  prio=5 tid=467 timed_waiting
java.lang.Thread.State: TIMED_WAITING
        at sun.misc.Unsafe.park(Native Method)
        at java.util.concurrent.locks.LockSupport.parkNanos(LockSupport.java:215)
        at java.util.concurrent.locks.AbstractQueuedSynchronizer$ConditionObject.awaitNanos(AbstractQueuedSynchronizer.java:2078)
        at java.util.concurrent.ScheduledThreadPoolExecutor$DelayedWorkQueue.take(ScheduledThreadPoolExecutor.java:1093)
        at java.util.concurrent.ScheduledThreadPoolExecutor$DelayedWorkQueue.take(ScheduledThreadPoolExecutor.java:809)
        at java.util.concurrent.ThreadPoolExecutor.getTask(ThreadPoolExecutor.java:1074)
        at java.util.concurrent.ThreadPoolExecutor.runWorker(ThreadPoolExecutor.java:1134)
        at java.util.concurrent.ThreadPoolExecutor$Worker.run(ThreadPoolExecutor.java:624)
        at java.lang.Thread.run(Thread.java:750)
"f675d99d-517f-4d8a-bd29-886eede0250d@group-2E358FAA1E41-StateMachineUpdater" daemon prio=5 tid=623 timed_waiting
java.lang.Thread.State: TIMED_WAITING
        at sun.misc.Unsafe.park(Native Method)
        at java.util.concurrent.locks.LockSupport.parkNanos(LockSupport.java:215)
        at java.util.concurrent.CompletableFuture$Signaller.block(CompletableFuture.java:1709)
        at java.util.concurrent.ForkJoinPool.managedBlock(ForkJoinPool.java:3323)
        at java.util.concurrent.CompletableFuture.timedGet(CompletableFuture.java:1788)
        at java.util.concurrent.CompletableFuture.get(CompletableFuture.java:1928)
        at org.apache.ratis.util.AwaitForSignal.await(AwaitForSignal.java:56)
        at org.apache.ratis.server.impl.StateMachineUpdater.waitForCommit(StateMachineUpdater.java:207)
        at org.apache.ratis.server.impl.StateMachineUpdater.run(StateMachineUpdater.java:176)
        at java.lang.Thread.run(Thread.java:750)
"timer0" daemon prio=5 tid=718 timed_waiting
java.lang.Thread.State: TIMED_WAITING
        at java.lang.Object.wait(Native Method)
        at java.util.TimerThread.mainLoop(Timer.java:552)
        at java.util.TimerThread.run(Timer.java:505)
"Datanode ReportManager Thread - 1" daemon prio=5 tid=482 in Object.wait()
java.lang.Thread.State: WAITING (on object monitor)
        at sun.misc.Unsafe.park(Native Method)
        at java.util.concurrent.locks.LockSupport.park(LockSupport.java:175)
        at java.util.concurrent.locks.AbstractQueuedSynchronizer$ConditionObject.await(AbstractQueuedSynchronizer.java:2039)
        at java.util.concurrent.ScheduledThreadPoolExecutor$DelayedWorkQueue.take(ScheduledThreadPoolExecutor.java:1088)
        at java.util.concurrent.ScheduledThreadPoolExecutor$DelayedWorkQueue.take(ScheduledThreadPoolExecutor.java:809)
        at java.util.concurrent.ThreadPoolExecutor.getTask(ThreadPoolExecutor.java:1074)
        at java.util.concurrent.ThreadPoolExecutor.runWorker(ThreadPoolExecutor.java:1134)
        at java.util.concurrent.ThreadPoolExecutor$Worker.run(ThreadPoolExecutor.java:624)
        at java.lang.Thread.run(Thread.java:750)
"ChunkWriter-1-0" daemon prio=5 tid=408 in Object.wait()
java.lang.Thread.State: WAITING (on object monitor)
        at sun.misc.Unsafe.park(Native Method)
        at java.util.concurrent.locks.LockSupport.park(LockSupport.java:175)
        at java.util.concurrent.locks.AbstractQueuedSynchronizer$ConditionObject.await(AbstractQueuedSynchronizer.java:2039)
        at java.util.concurrent.LinkedBlockingDeque.takeFirst(LinkedBlockingDeque.java:492)
        at java.util.concurrent.LinkedBlockingDeque.take(LinkedBlockingDeque.java:680)
        at java.util.concurrent.ThreadPoolExecutor.getTask(ThreadPoolExecutor.java:1074)
        at java.util.concurrent.ThreadPoolExecutor.runWorker(ThreadPoolExecutor.java:1134)
        at java.util.concurrent.ThreadPoolExecutor$Worker.run(ThreadPoolExecutor.java:624)
        at java.lang.Thread.run(Thread.java:750)
"grpc-default-worker-ELG-3-1" daemon prio=5 tid=569 runnable
java.lang.Thread.State: RUNNABLE
        at org.apache.ratis.thirdparty.io.netty.channel.epoll.Native.epollWait0(Native Method)
        at org.apache.ratis.thirdparty.io.netty.channel.epoll.Native.epollWait(Native.java:182)
        at org.apache.ratis.thirdparty.io.netty.channel.epoll.EpollEventLoop.epollWait(EpollEventLoop.java:290)
        at org.apache.ratis.thirdparty.io.netty.channel.epoll.EpollEventLoop.run(EpollEventLoop.java:354)
        at org.apache.ratis.thirdparty.io.netty.util.concurrent.SingleThreadEventExecutor$4.run(SingleThreadEventExecutor.java:995)
        at org.apache.ratis.thirdparty.io.netty.util.internal.ThreadExecutorMap$2.run(ThreadExecutorMap.java:74)
        at org.apache.ratis.thirdparty.io.netty.util.concurrent.FastThreadLocalRunnable.run(FastThreadLocalRunnable.java:30)
        at java.lang.Thread.run(Thread.java:750)
"StaleRecoveringContainerScrubbingService#0" daemon prio=5 tid=498 in Object.wait()
java.lang.Thread.State: WAITING (on object monitor)
        at sun.misc.Unsafe.park(Native Method)
        at java.util.concurrent.locks.LockSupport.park(LockSupport.java:175)
        at java.util.concurrent.locks.AbstractQueuedSynchronizer$ConditionObject.await(AbstractQueuedSynchronizer.java:2039)
        at java.util.concurrent.ScheduledThreadPoolExecutor$DelayedWorkQueue.take(ScheduledThreadPoolExecutor.java:1088)
        at java.util.concurrent.ScheduledThreadPoolExecutor$DelayedWorkQueue.take(ScheduledThreadPoolExecutor.java:809)
        at java.util.concurrent.ThreadPoolExecutor.getTask(ThreadPoolExecutor.java:1074)
        at java.util.concurrent.ThreadPoolExecutor.runWorker(ThreadPoolExecutor.java:1134)
        at java.util.concurrent.ThreadPoolExecutor$Worker.run(ThreadPoolExecutor.java:624)
        at java.lang.Thread.run(Thread.java:750)
"ChunkReader-2" daemon prio=5 tid=779 in Object.wait()
java.lang.Thread.State: WAITING (on object monitor)
        at sun.misc.Unsafe.park(Native Method)
        at java.util.concurrent.locks.LockSupport.park(LockSupport.java:175)
        at java.util.concurrent.locks.AbstractQueuedSynchronizer$ConditionObject.await(AbstractQueuedSynchronizer.java:2039)
        at java.util.concurrent.LinkedBlockingQueue.take(LinkedBlockingQueue.java:442)
        at java.util.concurrent.ThreadPoolExecutor.getTask(ThreadPoolExecutor.java:1074)
        at java.util.concurrent.ThreadPoolExecutor.runWorker(ThreadPoolExecutor.java:1134)
        at java.util.concurrent.ThreadPoolExecutor$Worker.run(ThreadPoolExecutor.java:624)
        at java.lang.Thread.run(Thread.java:750)
"Datanode State Machine Task Thread - 1"  prio=5 tid=328 in Object.wait()
java.lang.Thread.State: WAITING (on object monitor)
        at sun.misc.Unsafe.park(Native Method)
        at java.util.concurrent.locks.LockSupport.park(LockSupport.java:175)
        at java.util.concurrent.locks.AbstractQueuedSynchronizer$ConditionObject.await(AbstractQueuedSynchronizer.java:2039)
        at java.util.concurrent.LinkedBlockingQueue.take(LinkedBlockingQueue.java:442)
        at java.util.concurrent.ThreadPoolExecutor.getTask(ThreadPoolExecutor.java:1074)
        at java.util.concurrent.ThreadPoolExecutor.runWorker(ThreadPoolExecutor.java:1134)
        at java.util.concurrent.ThreadPoolExecutor$Worker.run(ThreadPoolExecutor.java:624)
        at java.lang.Thread.run(Thread.java:750)
"Datanode ReportManager Thread - 4" daemon prio=5 tid=320 in Object.wait()
java.lang.Thread.State: WAITING (on object monitor)
        at sun.misc.Unsafe.park(Native Method)
        at java.util.concurrent.locks.LockSupport.park(LockSupport.java:175)
        at java.util.concurrent.locks.AbstractQueuedSynchronizer$ConditionObject.await(AbstractQueuedSynchronizer.java:2039)
        at java.util.concurrent.ScheduledThreadPoolExecutor$DelayedWorkQueue.take(ScheduledThreadPoolExecutor.java:1088)
        at java.util.concurrent.ScheduledThreadPoolExecutor$DelayedWorkQueue.take(ScheduledThreadPoolExecutor.java:809)
        at java.util.concurrent.ThreadPoolExecutor.getTask(ThreadPoolExecutor.java:1074)
        at java.util.concurrent.ThreadPoolExecutor.runWorker(ThreadPoolExecutor.java:1134)
        at java.util.concurrent.ThreadPoolExecutor$Worker.run(ThreadPoolExecutor.java:624)
        at java.lang.Thread.run(Thread.java:750)
"qtp382867004-232" daemon prio=5 tid=232 timed_waiting
java.lang.Thread.State: TIMED_WAITING
        at sun.misc.Unsafe.park(Native Method)
        at java.util.concurrent.locks.LockSupport.parkNanos(LockSupport.java:215)
        at java.util.concurrent.locks.AbstractQueuedSynchronizer$ConditionObject.awaitNanos(AbstractQueuedSynchronizer.java:2078)
        at org.eclipse.jetty.util.BlockingArrayQueue.poll(BlockingArrayQueue.java:382)
        at org.eclipse.jetty.util.thread.QueuedThreadPool$Runner.idleJobPoll(QueuedThreadPool.java:974)
        at org.eclipse.jetty.util.thread.QueuedThreadPool$Runner.run(QueuedThreadPool.java:1018)
        at java.lang.Thread.run(Thread.java:750)
"IPC Server idle connection scanner for port 46251" daemon prio=5 tid=25 timed_waiting
java.lang.Thread.State: TIMED_WAITING
        at java.lang.Object.wait(Native Method)
        at java.util.TimerThread.mainLoop(Timer.java:552)
        at java.util.TimerThread.run(Timer.java:505)
"EventQueue-CommandQueueReportForCommandQueueReportHandler" daemon prio=5 tid=560 in Object.wait()
java.lang.Thread.State: WAITING (on object monitor)
        at sun.misc.Unsafe.park(Native Method)
        at java.util.concurrent.locks.LockSupport.park(LockSupport.java:175)
        at java.util.concurrent.locks.AbstractQueuedSynchronizer$ConditionObject.await(AbstractQueuedSynchronizer.java:2039)
        at java.util.concurrent.LinkedBlockingQueue.take(LinkedBlockingQueue.java:442)
        at java.util.concurrent.ThreadPoolExecutor.getTask(ThreadPoolExecutor.java:1074)
        at java.util.concurrent.ThreadPoolExecutor.runWorker(ThreadPoolExecutor.java:1134)
        at java.util.concurrent.ThreadPoolExecutor$Worker.run(ThreadPoolExecutor.java:624)
        at java.lang.Thread.run(Thread.java:750)
"timer6" daemon prio=5 tid=713 timed_waiting
java.lang.Thread.State: TIMED_WAITING
        at java.lang.Object.wait(Native Method)
        at java.util.TimerThread.mainLoop(Timer.java:552)
        at java.util.TimerThread.run(Timer.java:505)
"IPC Server handler 0 on default port 39185" daemon prio=5 tid=57 timed_waiting
java.lang.Thread.State: TIMED_WAITING
        at sun.misc.Unsafe.park(Native Method)
        at java.util.concurrent.locks.LockSupport.parkNanos(LockSupport.java:215)
        at java.util.concurrent.locks.AbstractQueuedSynchronizer$ConditionObject.awaitNanos(AbstractQueuedSynchronizer.java:2078)
        at java.util.concurrent.LinkedBlockingQueue.poll(LinkedBlockingQueue.java:467)
        at org.apache.hadoop.ipc.CallQueueManager.take(CallQueueManager.java:317)
        at org.apache.hadoop.ipc.Server$Handler.run(Server.java:2942)
"BlockDeletingService#1" daemon prio=5 tid=351 timed_waiting
java.lang.Thread.State: TIMED_WAITING
        at sun.misc.Unsafe.park(Native Method)
        at java.util.concurrent.locks.LockSupport.parkNanos(LockSupport.java:215)
        at java.util.concurrent.locks.AbstractQueuedSynchronizer$ConditionObject.awaitNanos(AbstractQueuedSynchronizer.java:2078)
        at java.util.concurrent.ScheduledThreadPoolExecutor$DelayedWorkQueue.take(ScheduledThreadPoolExecutor.java:1093)
        at java.util.concurrent.ScheduledThreadPoolExecutor$DelayedWorkQueue.take(ScheduledThreadPoolExecutor.java:809)
        at java.util.concurrent.ThreadPoolExecutor.getTask(ThreadPoolExecutor.java:1074)
        at java.util.concurrent.ThreadPoolExecutor.runWorker(ThreadPoolExecutor.java:1134)
        at java.util.concurrent.ThreadPoolExecutor$Worker.run(ThreadPoolExecutor.java:624)
        at java.lang.Thread.run(Thread.java:750)
"grpc-default-worker-ELG-3-2" daemon prio=5 tid=571 runnable
java.lang.Thread.State: RUNNABLE
        at org.apache.ratis.thirdparty.io.netty.channel.epoll.Native.epollWait0(Native Method)
        at org.apache.ratis.thirdparty.io.netty.channel.epoll.Native.epollWait(Native.java:182)
        at org.apache.ratis.thirdparty.io.netty.channel.epoll.EpollEventLoop.epollWait(EpollEventLoop.java:290)
        at org.apache.ratis.thirdparty.io.netty.channel.epoll.EpollEventLoop.run(EpollEventLoop.java:354)
        at org.apache.ratis.thirdparty.io.netty.util.concurrent.SingleThreadEventExecutor$4.run(SingleThreadEventExecutor.java:995)
        at org.apache.ratis.thirdparty.io.netty.util.internal.ThreadExecutorMap$2.run(ThreadExecutorMap.java:74)
        at org.apache.ratis.thirdparty.io.netty.util.concurrent.FastThreadLocalRunnable.run(FastThreadLocalRunnable.java:30)
        at java.lang.Thread.run(Thread.java:750)
"IPC Server handler 18 on default port 38247" daemon prio=5 tid=55 timed_waiting
java.lang.Thread.State: TIMED_WAITING
        at sun.misc.Unsafe.park(Native Method)
        at java.util.concurrent.locks.LockSupport.parkNanos(LockSupport.java:215)
        at java.util.concurrent.locks.AbstractQueuedSynchronizer$ConditionObject.awaitNanos(AbstractQueuedSynchronizer.java:2078)
        at java.util.concurrent.LinkedBlockingQueue.poll(LinkedBlockingQueue.java:467)
        at org.apache.hadoop.ipc.CallQueueManager.take(CallQueueManager.java:317)
        at org.apache.hadoop.ipc.Server$Handler.run(Server.java:2942)
"Listener at 127.0.0.1/40043"  prio=5 tid=1 runnable
java.lang.Thread.State: RUNNABLE
        at java.lang.Thread.dumpThreads(Native Method)
        at java.lang.Thread.getAllStackTraces(Thread.java:1615)
        at org.apache.ozone.test.TimedOutTestsListener.buildThreadDump(TimedOutTestsListener.java:93)
        at org.apache.ozone.test.TimedOutTestsListener.buildThreadDiagnosticString(TimedOutTestsListener.java:79)
        at org.apache.ozone.test.GenericTestUtils.waitFor(GenericTestUtils.java:224)
        at org.apache.hadoop.ozone.container.TestECContainerRecovery.waitForContainerCount(TestECContainerRecovery.java:265)
        at org.apache.hadoop.ozone.container.TestECContainerRecovery.testContainerRecoveryOverReplicationProcessing(TestECContainerRecovery.java:209)
        at sun.reflect.NativeMethodAccessorImpl.invoke0(Native Method)
        at sun.reflect.NativeMethodAccessorImpl.invoke(NativeMethodAccessorImpl.java:62)
        at sun.reflect.DelegatingMethodAccessorImpl.invoke(DelegatingMethodAccessorImpl.java:43)
        at java.lang.reflect.Method.invoke(Method.java:498)
        at org.junit.platform.commons.util.ReflectionUtils.invokeMethod(ReflectionUtils.java:725)
        at org.junit.jupiter.engine.execution.MethodInvocation.proceed(MethodInvocation.java:60)
        at org.junit.jupiter.engine.execution.InvocationInterceptorChain$ValidatingInvocation.proceed(InvocationInterceptorChain.java:131)
        at org.junit.jupiter.engine.extension.TimeoutExtension.intercept(TimeoutExtension.java:149)
        at org.junit.jupiter.engine.extension.TimeoutExtension.interceptTestableMethod(TimeoutExtension.java:140)
        at org.junit.jupiter.engine.extension.TimeoutExtension.interceptTestMethod(TimeoutExtension.java:84)
        at org.junit.jupiter.engine.descriptor.TestMethodTestDescriptor$$Lambda$158/977552154.apply(Unknown Source)
        at org.junit.jupiter.engine.execution.ExecutableInvoker$ReflectiveInterceptorCall.lambda$ofVoidMethod$0(ExecutableInvoker.java:115)
        at org.junit.jupiter.engine.execution.ExecutableInvoker$ReflectiveInterceptorCall$$Lambda$159/1208203046.apply(Unknown Source)
        at org.junit.jupiter.engine.execution.ExecutableInvoker.lambda$invoke$0(ExecutableInvoker.java:105)
        at org.junit.jupiter.engine.execution.ExecutableInvoker$$Lambda$314/41489123.apply(Unknown Source)
        at org.junit.jupiter.engine.execution.InvocationInterceptorChain$InterceptedInvocation.proceed(InvocationInterceptorChain.java:106)
        at org.junit.jupiter.engine.execution.InvocationInterceptorChain.proceed(InvocationInterceptorChain.java:64)
        at org.junit.jupiter.engine.execution.InvocationInterceptorChain.chainAndInvoke(InvocationInterceptorChain.java:45)
        at org.junit.jupiter.engine.execution.InvocationInterceptorChain.invoke(InvocationInterceptorChain.java:37)
        at org.junit.jupiter.engine.execution.ExecutableInvoker.invoke(ExecutableInvoker.java:104)
        at org.junit.jupiter.engine.execution.ExecutableInvoker.invoke(ExecutableInvoker.java:98)
        at org.junit.jupiter.engine.descriptor.TestMethodTestDescriptor.lambda$invokeTestMethod$7(TestMethodTestDescriptor.java:214)
        at org.junit.jupiter.engine.descriptor.TestMethodTestDescriptor$$Lambda$1163/423826336.execute(Unknown Source)
        at org.junit.platform.engine.support.hierarchical.ThrowableCollector.execute(ThrowableCollector.java:73)
        at org.junit.jupiter.engine.descriptor.TestMethodTestDescriptor.invokeTestMethod(TestMethodTestDescriptor.java:210)
        at org.junit.jupiter.engine.descriptor.TestMethodTestDescriptor.execute(TestMethodTestDescriptor.java:135)
        at org.junit.jupiter.engine.descriptor.TestMethodTestDescriptor.execute(TestMethodTestDescriptor.java:66)
        at org.junit.platform.engine.support.hierarchical.NodeTestTask.lambda$executeRecursively$6(NodeTestTask.java:151)
        at org.junit.platform.engine.support.hierarchical.NodeTestTask$$Lambda$258/352367347.execute(Unknown Source)
        at org.junit.platform.engine.support.hierarchical.ThrowableCollector.execute(ThrowableCollector.java:73)
        at org.junit.platform.engine.support.hierarchical.NodeTestTask.lambda$executeRecursively$8(NodeTestTask.java:141)
        at org.junit.platform.engine.support.hierarchical.NodeTestTask$$Lambda$257/684566052.invoke(Unknown Source)
        at org.junit.platform.engine.support.hierarchical.Node.around(Node.java:137)
        at org.junit.platform.engine.support.hierarchical.NodeTestTask.lambda$executeRecursively$9(NodeTestTask.java:139)
        at org.junit.platform.engine.support.hierarchical.NodeTestTask$$Lambda$256/1396721535.execute(Unknown Source)
        at org.junit.platform.engine.support.hierarchical.ThrowableCollector.execute(ThrowableCollector.java:73)
        at org.junit.platform.engine.support.hierarchical.NodeTestTask.executeRecursively(NodeTestTask.java:138)
        at org.junit.platform.engine.support.hierarchical.NodeTestTask.execute(NodeTestTask.java:95)
        at org.junit.platform.engine.support.hierarchical.SameThreadHierarchicalTestExecutorService$$Lambda$262/1383519982.accept(Unknown Source)
        at java.util.ArrayList.forEach(ArrayList.java:1259)
        at org.junit.platform.engine.support.hierarchical.SameThreadHierarchicalTestExecutorService.invokeAll(SameThreadHierarchicalTestExecutorService.java:41)
        at org.junit.platform.engine.support.hierarchical.NodeTestTask.lambda$executeRecursively$6(NodeTestTask.java:155)
        at org.junit.platform.engine.support.hierarchical.NodeTestTask$$Lambda$258/352367347.execute(Unknown Source)
        at org.junit.platform.engine.support.hierarchical.ThrowableCollector.execute(ThrowableCollector.java:73)
        at org.junit.platform.engine.support.hierarchical.NodeTestTask.lambda$executeRecursively$8(NodeTestTask.java:141)
        at org.junit.platform.engine.support.hierarchical.NodeTestTask$$Lambda$257/684566052.invoke(Unknown Source)
        at org.junit.platform.engine.support.hierarchical.Node.around(Node.java:137)
        at org.junit.platform.engine.support.hierarchical.NodeTestTask.lambda$executeRecursively$9(NodeTestTask.java:139)
        at org.junit.platform.engine.support.hierarchical.NodeTestTask$$Lambda$256/1396721535.execute(Unknown Source)
        at org.junit.platform.engine.support.hierarchical.ThrowableCollector.execute(ThrowableCollector.java:73)
        at org.junit.platform.engine.support.hierarchical.NodeTestTask.executeRecursively(NodeTestTask.java:138)
        at org.junit.platform.engine.support.hierarchical.NodeTestTask.execute(NodeTestTask.java:95)
        at org.junit.platform.engine.support.hierarchical.SameThreadHierarchicalTestExecutorService$$Lambda$262/1383519982.accept(Unknown Source)
        at java.util.ArrayList.forEach(ArrayList.java:1259)
        at org.junit.platform.engine.support.hierarchical.SameThreadHierarchicalTestExecutorService.invokeAll(SameThreadHierarchicalTestExecutorService.java:41)
        at org.junit.platform.engine.support.hierarchical.NodeTestTask.lambda$executeRecursively$6(NodeTestTask.java:155)
        at org.junit.platform.engine.support.hierarchical.NodeTestTask$$Lambda$258/352367347.execute(Unknown Source)
        at org.junit.platform.engine.support.hierarchical.ThrowableCollector.execute(ThrowableCollector.java:73)
        at org.junit.platform.engine.support.hierarchical.NodeTestTask.lambda$executeRecursively$8(NodeTestTask.java:141)
        at org.junit.platform.engine.support.hierarchical.NodeTestTask$$Lambda$257/684566052.invoke(Unknown Source)
        at org.junit.platform.engine.support.hierarchical.Node.around(Node.java:137)
        at org.junit.platform.engine.support.hierarchical.NodeTestTask.lambda$executeRecursively$9(NodeTestTask.java:139)
        at org.junit.platform.engine.support.hierarchical.NodeTestTask$$Lambda$256/1396721535.execute(Unknown Source)
        at org.junit.platform.engine.support.hierarchical.ThrowableCollector.execute(ThrowableCollector.java:73)
        at org.junit.platform.engine.support.hierarchical.NodeTestTask.executeRecursively(NodeTestTask.java:138)
        at org.junit.platform.engine.support.hierarchical.NodeTestTask.execute(NodeTestTask.java:95)
        at org.junit.platform.engine.support.hierarchical.SameThreadHierarchicalTestExecutorService.submit(SameThreadHierarchicalTestExecutorService.java:35)
        at org.junit.platform.engine.support.hierarchical.HierarchicalTestExecutor.execute(HierarchicalTestExecutor.java:57)
        at org.junit.platform.engine.support.hierarchical.HierarchicalTestEngine.execute(HierarchicalTestEngine.java:54)
        at org.junit.platform.launcher.core.EngineExecutionOrchestrator.execute(EngineExecutionOrchestrator.java:107)
        at org.junit.platform.launcher.core.EngineExecutionOrchestrator.execute(EngineExecutionOrchestrator.java:88)
        at org.junit.platform.launcher.core.EngineExecutionOrchestrator.lambda$execute$0(EngineExecutionOrchestrator.java:54)
        at org.junit.platform.launcher.core.EngineExecutionOrchestrator$$Lambda$214/1208442275.accept(Unknown Source)
        at org.junit.platform.launcher.core.EngineExecutionOrchestrator.withInterceptedStreams(EngineExecutionOrchestrator.java:67)
        at org.junit.platform.launcher.core.EngineExecutionOrchestrator.execute(EngineExecutionOrchestrator.java:52)
        at org.junit.platform.launcher.core.DefaultLauncher.execute(DefaultLauncher.java:114)
        at org.junit.platform.launcher.core.DefaultLauncher.execute(DefaultLauncher.java:86)
        at org.junit.platform.launcher.core.DefaultLauncherSession$DelegatingLauncher.execute(DefaultLauncherSession.java:86)
        at org.junit.platform.launcher.core.SessionPerRequestLauncher.execute(SessionPerRequestLauncher.java:53)
        at org.apache.maven.surefire.junitplatform.JUnitPlatformProvider.execute(JUnitPlatformProvider.java:188)
        at org.apache.maven.surefire.junitplatform.JUnitPlatformProvider.invokeAllTests(JUnitPlatformProvider.java:154)
        at org.apache.maven.surefire.junitplatform.JUnitPlatformProvider.invoke(JUnitPlatformProvider.java:124)
        at org.apache.maven.surefire.booter.ForkedBooter.runSuitesInProcess(ForkedBooter.java:428)
        at org.apache.maven.surefire.booter.ForkedBooter.execute(ForkedBooter.java:162)
        at org.apache.maven.surefire.booter.ForkedBooter.run(ForkedBooter.java:562)
        at org.apache.maven.surefire.booter.ForkedBooter.main(ForkedBooter.java:548)
"Datanode State Machine Task Thread - 0"  prio=5 tid=191 in Object.wait()
java.lang.Thread.State: WAITING (on object monitor)
        at sun.misc.Unsafe.park(Native Method)
        at java.util.concurrent.locks.LockSupport.park(LockSupport.java:175)
        at java.util.concurrent.locks.AbstractQueuedSynchronizer$ConditionObject.await(AbstractQueuedSynchronizer.java:2039)
        at java.util.concurrent.LinkedBlockingQueue.take(LinkedBlockingQueue.java:442)
        at java.util.concurrent.ThreadPoolExecutor.getTask(ThreadPoolExecutor.java:1074)
        at java.util.concurrent.ThreadPoolExecutor.runWorker(ThreadPoolExecutor.java:1134)
        at java.util.concurrent.ThreadPoolExecutor$Worker.run(ThreadPoolExecutor.java:624)
        at java.lang.Thread.run(Thread.java:750)
"Datanode State Machine Task Thread - 0"  prio=5 tid=245 in Object.wait()
java.lang.Thread.State: WAITING (on object monitor)
        at sun.misc.Unsafe.park(Native Method)
        at java.util.concurrent.locks.LockSupport.park(LockSupport.java:175)
        at java.util.concurrent.locks.AbstractQueuedSynchronizer$ConditionObject.await(AbstractQueuedSynchronizer.java:2039)
        at java.util.concurrent.LinkedBlockingQueue.take(LinkedBlockingQueue.java:442)
        at java.util.concurrent.ThreadPoolExecutor.getTask(ThreadPoolExecutor.java:1074)
        at java.util.concurrent.ThreadPoolExecutor.runWorker(ThreadPoolExecutor.java:1134)
        at java.util.concurrent.ThreadPoolExecutor$Worker.run(ThreadPoolExecutor.java:624)
        at java.lang.Thread.run(Thread.java:750)
"BlockDeletingService#0" daemon prio=5 tid=447 in Object.wait()
java.lang.Thread.State: WAITING (on object monitor)
        at sun.misc.Unsafe.park(Native Method)
        at java.util.concurrent.locks.LockSupport.park(LockSupport.java:175)
        at java.util.concurrent.locks.AbstractQueuedSynchronizer$ConditionObject.await(AbstractQueuedSynchronizer.java:2039)
        at java.util.concurrent.ScheduledThreadPoolExecutor$DelayedWorkQueue.take(ScheduledThreadPoolExecutor.java:1088)
        at java.util.concurrent.ScheduledThreadPoolExecutor$DelayedWorkQueue.take(ScheduledThreadPoolExecutor.java:809)
        at java.util.concurrent.ThreadPoolExecutor.getTask(ThreadPoolExecutor.java:1074)
        at java.util.concurrent.ThreadPoolExecutor.runWorker(ThreadPoolExecutor.java:1134)
        at java.util.concurrent.ThreadPoolExecutor$Worker.run(ThreadPoolExecutor.java:624)
        at java.lang.Thread.run(Thread.java:750)
"qtp159394830-310" daemon prio=5 tid=310 timed_waiting
java.lang.Thread.State: TIMED_WAITING
        at sun.misc.Unsafe.park(Native Method)
        at java.util.concurrent.locks.LockSupport.parkNanos(LockSupport.java:215)
        at java.util.concurrent.locks.AbstractQueuedSynchronizer$ConditionObject.awaitNanos(AbstractQueuedSynchronizer.java:2078)
        at org.eclipse.jetty.util.BlockingArrayQueue.poll(BlockingArrayQueue.java:382)
        at org.eclipse.jetty.util.thread.QueuedThreadPool$Runner.idleJobPoll(QueuedThreadPool.java:974)
        at org.eclipse.jetty.util.thread.QueuedThreadPool$Runner.run(QueuedThreadPool.java:1018)
        at java.lang.Thread.run(Thread.java:750)
"IPC Server handler 19 on default port 46251" daemon prio=5 tid=96 timed_waiting
java.lang.Thread.State: TIMED_WAITING
        at sun.misc.Unsafe.park(Native Method)
        at java.util.concurrent.locks.LockSupport.parkNanos(LockSupport.java:215)
        at java.util.concurrent.locks.AbstractQueuedSynchronizer$ConditionObject.awaitNanos(AbstractQueuedSynchronizer.java:2078)
        at java.util.concurrent.LinkedBlockingQueue.poll(LinkedBlockingQueue.java:467)
        at org.apache.hadoop.ipc.CallQueueManager.take(CallQueueManager.java:317)
        at org.apache.hadoop.ipc.Server$Handler.run(Server.java:2942)
"91dae643-bef5-471c-869f-4daa43ea47b3@group-A1ACF68524AB-StateMachineUpdater" daemon prio=5 tid=578 timed_waiting
java.lang.Thread.State: TIMED_WAITING
        at sun.misc.Unsafe.park(Native Method)
        at java.util.concurrent.locks.LockSupport.parkNanos(LockSupport.java:215)
        at java.util.concurrent.CompletableFuture$Signaller.block(CompletableFuture.java:1709)
        at java.util.concurrent.ForkJoinPool.managedBlock(ForkJoinPool.java:3323)
        at java.util.concurrent.CompletableFuture.timedGet(CompletableFuture.java:1788)
        at java.util.concurrent.CompletableFuture.get(CompletableFuture.java:1928)
        at org.apache.ratis.util.AwaitForSignal.await(AwaitForSignal.java:56)
        at org.apache.ratis.server.impl.StateMachineUpdater.waitForCommit(StateMachineUpdater.java:207)
        at org.apache.ratis.server.impl.StateMachineUpdater.run(StateMachineUpdater.java:176)
        at java.lang.Thread.run(Thread.java:750)
"Datanode State Machine Task Thread - 0"  prio=5 tid=297 in Object.wait()
java.lang.Thread.State: WAITING (on object monitor)
        at sun.misc.Unsafe.park(Native Method)
        at java.util.concurrent.locks.LockSupport.park(LockSupport.java:175)
        at java.util.concurrent.locks.AbstractQueuedSynchronizer$ConditionObject.await(AbstractQueuedSynchronizer.java:2039)
        at java.util.concurrent.LinkedBlockingQueue.take(LinkedBlockingQueue.java:442)
        at java.util.concurrent.ThreadPoolExecutor.getTask(ThreadPoolExecutor.java:1074)
        at java.util.concurrent.ThreadPoolExecutor.runWorker(ThreadPoolExecutor.java:1134)
        at java.util.concurrent.ThreadPoolExecutor$Worker.run(ThreadPoolExecutor.java:624)
        at java.lang.Thread.run(Thread.java:750)
"EndpointStateMachine task thread for /0.0.0.0:46251 - 0 "  prio=5 tid=469 in Object.wait()
java.lang.Thread.State: WAITING (on object monitor)
        at sun.misc.Unsafe.park(Native Method)
        at java.util.concurrent.locks.LockSupport.park(LockSupport.java:175)
        at java.util.concurrent.locks.AbstractQueuedSynchronizer$ConditionObject.await(AbstractQueuedSynchronizer.java:2039)
        at java.util.concurrent.LinkedBlockingQueue.take(LinkedBlockingQueue.java:442)
        at java.util.concurrent.ThreadPoolExecutor.getTask(ThreadPoolExecutor.java:1074)
        at java.util.concurrent.ThreadPoolExecutor.runWorker(ThreadPoolExecutor.java:1134)
        at java.util.concurrent.ThreadPoolExecutor$Worker.run(ThreadPoolExecutor.java:624)
        at java.lang.Thread.run(Thread.java:750)
"prometheus" daemon prio=5 tid=109 in Object.wait()
java.lang.Thread.State: WAITING (on object monitor)
        at java.lang.Object.wait(Native Method)
        at java.lang.Object.wait(Object.java:502)
        at org.apache.hadoop.metrics2.impl.SinkQueue.waitForData(SinkQueue.java:114)
        at org.apache.hadoop.metrics2.impl.SinkQueue.consumeAll(SinkQueue.java:83)
        at org.apache.hadoop.metrics2.impl.MetricsSinkAdapter.publishMetricsFromQueue(MetricsSinkAdapter.java:135)
        at org.apache.hadoop.metrics2.impl.MetricsSinkAdapter$1.run(MetricsSinkAdapter.java:89)
"IPC Server handler 13 on default port 46251" daemon prio=5 tid=90 timed_waiting
java.lang.Thread.State: TIMED_WAITING
        at sun.misc.Unsafe.park(Native Method)
        at java.util.concurrent.locks.LockSupport.parkNanos(LockSupport.java:215)
        at java.util.concurrent.locks.AbstractQueuedSynchronizer$ConditionObject.awaitNanos(AbstractQueuedSynchronizer.java:2078)
        at java.util.concurrent.LinkedBlockingQueue.poll(LinkedBlockingQueue.java:467)
        at org.apache.hadoop.ipc.CallQueueManager.take(CallQueueManager.java:317)
        at org.apache.hadoop.ipc.Server$Handler.run(Server.java:2942)
"Socket Reader #1 for port 0"  prio=5 tid=121 runnable
java.lang.Thread.State: RUNNABLE
        at sun.nio.ch.EPollArrayWrapper.epollWait(Native Method)
        at sun.nio.ch.EPollArrayWrapper.poll(EPollArrayWrapper.java:269)
        at sun.nio.ch.EPollSelectorImpl.doSelect(EPollSelectorImpl.java:93)
        at sun.nio.ch.SelectorImpl.lockAndDoSelect(SelectorImpl.java:86)
        at sun.nio.ch.SelectorImpl.select(SelectorImpl.java:97)
        at sun.nio.ch.SelectorImpl.select(SelectorImpl.java:101)
        at org.apache.hadoop.ipc.Server$Listener$Reader.doRunLoop(Server.java:1296)
        at org.apache.hadoop.ipc.Server$Listener$Reader.run(Server.java:1275)
"SCM Heartbeat Processing Thread - 0" daemon prio=5 tid=14 timed_waiting
java.lang.Thread.State: TIMED_WAITING
        at sun.misc.Unsafe.park(Native Method)
        at java.util.concurrent.locks.LockSupport.parkNanos(LockSupport.java:215)
        at java.util.concurrent.locks.AbstractQueuedSynchronizer$ConditionObject.awaitNanos(AbstractQueuedSynchronizer.java:2078)
        at java.util.concurrent.ScheduledThreadPoolExecutor$DelayedWorkQueue.take(ScheduledThreadPoolExecutor.java:1093)
        at java.util.concurrent.ScheduledThreadPoolExecutor$DelayedWorkQueue.take(ScheduledThreadPoolExecutor.java:809)
        at java.util.concurrent.ThreadPoolExecutor.getTask(ThreadPoolExecutor.java:1074)
        at java.util.concurrent.ThreadPoolExecutor.runWorker(ThreadPoolExecutor.java:1134)
        at java.util.concurrent.ThreadPoolExecutor$Worker.run(ThreadPoolExecutor.java:624)
        at java.lang.Thread.run(Thread.java:750)
"Datanode State Machine Task Thread - 1"  prio=5 tid=535 in Object.wait()
java.lang.Thread.State: WAITING (on object monitor)
        at sun.misc.Unsafe.park(Native Method)
        at java.util.concurrent.locks.LockSupport.park(LockSupport.java:175)
        at java.util.concurrent.locks.AbstractQueuedSynchronizer$ConditionObject.await(AbstractQueuedSynchronizer.java:2039)
        at java.util.concurrent.LinkedBlockingQueue.take(LinkedBlockingQueue.java:442)
        at java.util.concurrent.ThreadPoolExecutor.getTask(ThreadPoolExecutor.java:1074)
        at java.util.concurrent.ThreadPoolExecutor.runWorker(ThreadPoolExecutor.java:1134)
        at java.util.concurrent.ThreadPoolExecutor$Worker.run(ThreadPoolExecutor.java:624)
        at java.lang.Thread.run(Thread.java:750)
"om1@group-C5BA1605619E-LeaderStateImpl" daemon prio=5 tid=210 timed_waiting
java.lang.Thread.State: TIMED_WAITING
        at sun.misc.Unsafe.park(Native Method)
        at java.util.concurrent.locks.LockSupport.parkNanos(LockSupport.java:215)
        at java.util.concurrent.locks.AbstractQueuedSynchronizer$ConditionObject.awaitNanos(AbstractQueuedSynchronizer.java:2078)
        at java.util.concurrent.ArrayBlockingQueue.poll(ArrayBlockingQueue.java:418)
        at org.apache.ratis.server.impl.LeaderStateImpl$EventQueue.poll(LeaderStateImpl.java:159)
        at org.apache.ratis.server.impl.LeaderStateImpl$EventProcessor.run(LeaderStateImpl.java:630)
"ReplicationMonitor" daemon prio=5 tid=826 timed_waiting
java.lang.Thread.State: TIMED_WAITING
        at java.lang.Object.wait(Native Method)
        at org.apache.hadoop.hdds.scm.container.replication.ReplicationManager.run(ReplicationManager.java:538)
        at org.apache.hadoop.hdds.scm.container.replication.ReplicationManager$$Lambda$381/981517620.run(Unknown Source)
        at java.lang.Thread.run(Thread.java:750)
"Datanode State Machine Task Thread - 0"  prio=5 tid=440 in Object.wait()
java.lang.Thread.State: WAITING (on object monitor)
        at sun.misc.Unsafe.park(Native Method)
        at java.util.concurrent.locks.LockSupport.park(LockSupport.java:175)
        at java.util.concurrent.locks.AbstractQueuedSynchronizer$ConditionObject.await(AbstractQueuedSynchronizer.java:2039)
        at java.util.concurrent.LinkedBlockingQueue.take(LinkedBlockingQueue.java:442)
        at java.util.concurrent.ThreadPoolExecutor.getTask(ThreadPoolExecutor.java:1074)
        at java.util.concurrent.ThreadPoolExecutor.runWorker(ThreadPoolExecutor.java:1134)
        at java.util.concurrent.ThreadPoolExecutor$Worker.run(ThreadPoolExecutor.java:624)
        at java.lang.Thread.run(Thread.java:750)
"ChunkReader-1" daemon prio=5 tid=780 in Object.wait()
java.lang.Thread.State: WAITING (on object monitor)
        at sun.misc.Unsafe.park(Native Method)
        at java.util.concurrent.locks.LockSupport.park(LockSupport.java:175)
        at java.util.concurrent.locks.AbstractQueuedSynchronizer$ConditionObject.await(AbstractQueuedSynchronizer.java:2039)
        at java.util.concurrent.LinkedBlockingQueue.take(LinkedBlockingQueue.java:442)
        at java.util.concurrent.ThreadPoolExecutor.getTask(ThreadPoolExecutor.java:1074)
        at java.util.concurrent.ThreadPoolExecutor.runWorker(ThreadPoolExecutor.java:1134)
        at java.util.concurrent.ThreadPoolExecutor$Worker.run(ThreadPoolExecutor.java:624)
        at java.lang.Thread.run(Thread.java:750)
"ChunkWriter-0-0" daemon prio=5 tid=549 in Object.wait()
java.lang.Thread.State: WAITING (on object monitor)
        at sun.misc.Unsafe.park(Native Method)
        at java.util.concurrent.locks.LockSupport.park(LockSupport.java:175)
        at java.util.concurrent.locks.AbstractQueuedSynchronizer$ConditionObject.await(AbstractQueuedSynchronizer.java:2039)
        at java.util.concurrent.LinkedBlockingDeque.takeFirst(LinkedBlockingDeque.java:492)
        at java.util.concurrent.LinkedBlockingDeque.take(LinkedBlockingDeque.java:680)
        at java.util.concurrent.ThreadPoolExecutor.getTask(ThreadPoolExecutor.java:1074)
        at java.util.concurrent.ThreadPoolExecutor.runWorker(ThreadPoolExecutor.java:1134)
        at java.util.concurrent.ThreadPoolExecutor$Worker.run(ThreadPoolExecutor.java:624)
        at java.lang.Thread.run(Thread.java:750)
"Finalizer" daemon prio=8 tid=3 in Object.wait()
java.lang.Thread.State: WAITING (on object monitor)
        at java.lang.Object.wait(Native Method)
        at java.lang.ref.ReferenceQueue.remove(ReferenceQueue.java:144)
        at java.lang.ref.ReferenceQueue.remove(ReferenceQueue.java:165)
        at java.lang.ref.Finalizer$FinalizerThread.run(Finalizer.java:216)
"pool-304-thread-1"  prio=5 tid=458 timed_waiting
java.lang.Thread.State: TIMED_WAITING
        at sun.misc.Unsafe.park(Native Method)
        at java.util.concurrent.locks.LockSupport.parkNanos(LockSupport.java:215)
        at java.util.concurrent.locks.AbstractQueuedSynchronizer$ConditionObject.awaitNanos(AbstractQueuedSynchronizer.java:2078)
        at java.util.concurrent.ScheduledThreadPoolExecutor$DelayedWorkQueue.take(ScheduledThreadPoolExecutor.java:1093)
        at java.util.concurrent.ScheduledThreadPoolExecutor$DelayedWorkQueue.take(ScheduledThreadPoolExecutor.java:809)
        at java.util.concurrent.ThreadPoolExecutor.getTask(ThreadPoolExecutor.java:1074)
        at java.util.concurrent.ThreadPoolExecutor.runWorker(ThreadPoolExecutor.java:1134)
        at java.util.concurrent.ThreadPoolExecutor$Worker.run(ThreadPoolExecutor.java:624)
        at java.lang.Thread.run(Thread.java:750)
"org.apache.hadoop.util.JvmPauseMonitor$Monitor@481177c8" daemon prio=5 tid=399 timed_waiting
java.lang.Thread.State: TIMED_WAITING
        at java.lang.Thread.sleep(Native Method)
        at org.apache.hadoop.util.JvmPauseMonitor$Monitor.run(JvmPauseMonitor.java:192)
        at java.lang.Thread.run(Thread.java:750)
"Datanode ReportManager Thread - 2" daemon prio=5 tid=266 in Object.wait()
java.lang.Thread.State: WAITING (on object monitor)
        at sun.misc.Unsafe.park(Native Method)
        at java.util.concurrent.locks.LockSupport.park(LockSupport.java:175)
        at java.util.concurrent.locks.AbstractQueuedSynchronizer$ConditionObject.await(AbstractQueuedSynchronizer.java:2039)
        at java.util.concurrent.ScheduledThreadPoolExecutor$DelayedWorkQueue.take(ScheduledThreadPoolExecutor.java:1088)
        at java.util.concurrent.ScheduledThreadPoolExecutor$DelayedWorkQueue.take(ScheduledThreadPoolExecutor.java:809)
        at java.util.concurrent.ThreadPoolExecutor.getTask(ThreadPoolExecutor.java:1074)
        at java.util.concurrent.ThreadPoolExecutor.runWorker(ThreadPoolExecutor.java:1134)
        at java.util.concurrent.ThreadPoolExecutor$Worker.run(ThreadPoolExecutor.java:624)
        at java.lang.Thread.run(Thread.java:750)
"9e7e10a2-763a-4a15-b149-6c921096d1eb@group-A314E49CC730-StateMachineUpdater" daemon prio=5 tid=584 timed_waiting
java.lang.Thread.State: TIMED_WAITING
        at sun.misc.Unsafe.park(Native Method)
        at java.util.concurrent.locks.LockSupport.parkNanos(LockSupport.java:215)
        at java.util.concurrent.CompletableFuture$Signaller.block(CompletableFuture.java:1709)
        at java.util.concurrent.ForkJoinPool.managedBlock(ForkJoinPool.java:3323)
        at java.util.concurrent.CompletableFuture.timedGet(CompletableFuture.java:1788)
        at java.util.concurrent.CompletableFuture.get(CompletableFuture.java:1928)
        at org.apache.ratis.util.AwaitForSignal.await(AwaitForSignal.java:56)
        at org.apache.ratis.server.impl.StateMachineUpdater.waitForCommit(StateMachineUpdater.java:207)
        at org.apache.ratis.server.impl.StateMachineUpdater.run(StateMachineUpdater.java:176)
        at java.lang.Thread.run(Thread.java:750)
"qtp1344224377-140" daemon prio=5 tid=140 timed_waiting
java.lang.Thread.State: TIMED_WAITING
        at sun.misc.Unsafe.park(Native Method)
        at java.util.concurrent.locks.LockSupport.parkNanos(LockSupport.java:215)
        at java.util.concurrent.locks.AbstractQueuedSynchronizer$ConditionObject.awaitNanos(AbstractQueuedSynchronizer.java:2078)
        at org.eclipse.jetty.util.BlockingArrayQueue.poll(BlockingArrayQueue.java:382)
        at org.eclipse.jetty.util.thread.QueuedThreadPool$Runner.idleJobPoll(QueuedThreadPool.java:974)
        at org.eclipse.jetty.util.thread.QueuedThreadPool$Runner.run(QueuedThreadPool.java:1018)
        at java.lang.Thread.run(Thread.java:750)
"IPC Server handler 11 on default port 38247" daemon prio=5 tid=48 timed_waiting
java.lang.Thread.State: TIMED_WAITING
        at sun.misc.Unsafe.park(Native Method)
        at java.util.concurrent.locks.LockSupport.parkNanos(LockSupport.java:215)
        at java.util.concurrent.locks.AbstractQueuedSynchronizer$ConditionObject.awaitNanos(AbstractQueuedSynchronizer.java:2078)
        at java.util.concurrent.LinkedBlockingQueue.poll(LinkedBlockingQueue.java:467)
        at org.apache.hadoop.ipc.CallQueueManager.take(CallQueueManager.java:317)
        at org.apache.hadoop.ipc.Server$Handler.run(Server.java:2942)
"StaleRecoveringContainerScrubbingService#1" daemon prio=5 tid=546 timed_waiting
java.lang.Thread.State: TIMED_WAITING
        at sun.misc.Unsafe.park(Native Method)
        at java.util.concurrent.locks.LockSupport.parkNanos(LockSupport.java:215)
        at java.util.concurrent.locks.AbstractQueuedSynchronizer$ConditionObject.awaitNanos(AbstractQueuedSynchronizer.java:2078)
        at java.util.concurrent.ScheduledThreadPoolExecutor$DelayedWorkQueue.take(ScheduledThreadPoolExecutor.java:1093)
        at java.util.concurrent.ScheduledThreadPoolExecutor$DelayedWorkQueue.take(ScheduledThreadPoolExecutor.java:809)
        at java.util.concurrent.ThreadPoolExecutor.getTask(ThreadPoolExecutor.java:1074)
        at java.util.concurrent.ThreadPoolExecutor.runWorker(ThreadPoolExecutor.java:1134)
        at java.util.concurrent.ThreadPoolExecutor$Worker.run(ThreadPoolExecutor.java:624)
        at java.lang.Thread.run(Thread.java:750)
"org.apache.hadoop.util.JvmPauseMonitor$Monitor@c2ea44e" daemon prio=5 tid=322 timed_waiting
java.lang.Thread.State: TIMED_WAITING
        at java.lang.Thread.sleep(Native Method)
        at org.apache.hadoop.util.JvmPauseMonitor$Monitor.run(JvmPauseMonitor.java:192)
        at java.lang.Thread.run(Thread.java:750)
"FixedThreadPoolWithAffinityExecutor-9-0" daemon prio=5 tid=559 in Object.wait()
java.lang.Thread.State: WAITING (on object monitor)
        at sun.misc.Unsafe.park(Native Method)
        at java.util.concurrent.locks.LockSupport.park(LockSupport.java:175)
        at java.util.concurrent.locks.AbstractQueuedSynchronizer$ConditionObject.await(AbstractQueuedSynchronizer.java:2039)
        at java.util.concurrent.LinkedBlockingDeque.takeFirst(LinkedBlockingDeque.java:492)
        at java.util.concurrent.LinkedBlockingDeque.take(LinkedBlockingDeque.java:680)
        at java.util.concurrent.ThreadPoolExecutor.getTask(ThreadPoolExecutor.java:1074)
        at java.util.concurrent.ThreadPoolExecutor.runWorker(ThreadPoolExecutor.java:1134)
        at java.util.concurrent.ThreadPoolExecutor$Worker.run(ThreadPoolExecutor.java:624)
        at java.lang.Thread.run(Thread.java:750)
"IPC Server handler 17 on default port 40043" daemon prio=5 tid=161 timed_waiting
java.lang.Thread.State: TIMED_WAITING
        at sun.misc.Unsafe.park(Native Method)
        at java.util.concurrent.locks.LockSupport.parkNanos(LockSupport.java:215)
        at java.util.concurrent.locks.AbstractQueuedSynchronizer$ConditionObject.awaitNanos(AbstractQueuedSynchronizer.java:2078)
        at java.util.concurrent.LinkedBlockingQueue.poll(LinkedBlockingQueue.java:467)
        at org.apache.hadoop.ipc.CallQueueManager.take(CallQueueManager.java:317)
        at org.apache.hadoop.ipc.Server$Handler.run(Server.java:2942)
"qtp1344224377-136-acceptor-0@27f2b307-ServerConnector@6e8276db{HTTP/1.1, (http/1.1)}{0.0.0.0:43739}" daemon prio=3 tid=136 runnable
java.lang.Thread.State: RUNNABLE
        at sun.nio.ch.ServerSocketChannelImpl.accept0(Native Method)
        at sun.nio.ch.ServerSocketChannelImpl.accept(ServerSocketChannelImpl.java:421)
        at sun.nio.ch.ServerSocketChannelImpl.accept(ServerSocketChannelImpl.java:249)
        at org.eclipse.jetty.server.ServerConnector.accept(ServerConnector.java:388)
        at org.eclipse.jetty.server.AbstractConnector$Acceptor.run(AbstractConnector.java:702)
        at org.eclipse.jetty.util.thread.QueuedThreadPool.runJob(QueuedThreadPool.java:883)
        at org.eclipse.jetty.util.thread.QueuedThreadPool$Runner.run(QueuedThreadPool.java:1034)
        at java.lang.Thread.run(Thread.java:750)
"BlockDeletingService#1" daemon prio=5 tid=533 timed_waiting
java.lang.Thread.State: TIMED_WAITING
        at sun.misc.Unsafe.park(Native Method)
        at java.util.concurrent.locks.LockSupport.parkNanos(LockSupport.java:215)
        at java.util.concurrent.locks.AbstractQueuedSynchronizer$ConditionObject.awaitNanos(AbstractQueuedSynchronizer.java:2078)
        at java.util.concurrent.ScheduledThreadPoolExecutor$DelayedWorkQueue.take(ScheduledThreadPoolExecutor.java:1093)
        at java.util.concurrent.ScheduledThreadPoolExecutor$DelayedWorkQueue.take(ScheduledThreadPoolExecutor.java:809)
        at java.util.concurrent.ThreadPoolExecutor.getTask(ThreadPoolExecutor.java:1074)
        at java.util.concurrent.ThreadPoolExecutor.runWorker(ThreadPoolExecutor.java:1134)
        at java.util.concurrent.ThreadPoolExecutor$Worker.run(ThreadPoolExecutor.java:624)
        at java.lang.Thread.run(Thread.java:750)
"BlockDeletingService#1" daemon prio=5 tid=391 timed_waiting
java.lang.Thread.State: TIMED_WAITING
        at sun.misc.Unsafe.park(Native Method)
        at java.util.concurrent.locks.LockSupport.parkNanos(LockSupport.java:215)
        at java.util.concurrent.locks.AbstractQueuedSynchronizer$ConditionObject.awaitNanos(AbstractQueuedSynchronizer.java:2078)
        at java.util.concurrent.ScheduledThreadPoolExecutor$DelayedWorkQueue.take(ScheduledThreadPoolExecutor.java:1093)
        at java.util.concurrent.ScheduledThreadPoolExecutor$DelayedWorkQueue.take(ScheduledThreadPoolExecutor.java:809)
        at java.util.concurrent.ThreadPoolExecutor.getTask(ThreadPoolExecutor.java:1074)
        at java.util.concurrent.ThreadPoolExecutor.runWorker(ThreadPoolExecutor.java:1134)
        at java.util.concurrent.ThreadPoolExecutor$Worker.run(ThreadPoolExecutor.java:624)
        at java.lang.Thread.run(Thread.java:750)
"Session-HouseKeeper-43f3ee3-1"  prio=5 tid=288 timed_waiting
java.lang.Thread.State: TIMED_WAITING
        at sun.misc.Unsafe.park(Native Method)
        at java.util.concurrent.locks.LockSupport.parkNanos(LockSupport.java:215)
        at java.util.concurrent.locks.AbstractQueuedSynchronizer$ConditionObject.awaitNanos(AbstractQueuedSynchronizer.java:2078)
        at java.util.concurrent.ScheduledThreadPoolExecutor$DelayedWorkQueue.take(ScheduledThreadPoolExecutor.java:1093)
        at java.util.concurrent.ScheduledThreadPoolExecutor$DelayedWorkQueue.take(ScheduledThreadPoolExecutor.java:809)
        at java.util.concurrent.ThreadPoolExecutor.getTask(ThreadPoolExecutor.java:1074)
        at java.util.concurrent.ThreadPoolExecutor.runWorker(ThreadPoolExecutor.java:1134)
        at java.util.concurrent.ThreadPoolExecutor$Worker.run(ThreadPoolExecutor.java:624)
        at java.lang.Thread.run(Thread.java:750)
"Under Replicated Processor" daemon prio=5 tid=827 timed_waiting
java.lang.Thread.State: TIMED_WAITING
        at java.lang.Object.wait(Native Method)
        at org.apache.hadoop.hdds.scm.container.replication.UnderReplicatedProcessor.run(UnderReplicatedProcessor.java:142)
        at java.lang.Thread.run(Thread.java:750)
"ChunkWriter-3-0" daemon prio=5 tid=444 in Object.wait()
java.lang.Thread.State: WAITING (on object monitor)
        at sun.misc.Unsafe.park(Native Method)
        at java.util.concurrent.locks.LockSupport.park(LockSupport.java:175)
        at java.util.concurrent.locks.AbstractQueuedSynchronizer$ConditionObject.await(AbstractQueuedSynchronizer.java:2039)
        at java.util.concurrent.LinkedBlockingDeque.takeFirst(LinkedBlockingDeque.java:492)
        at java.util.concurrent.LinkedBlockingDeque.take(LinkedBlockingDeque.java:680)
        at java.util.concurrent.ThreadPoolExecutor.getTask(ThreadPoolExecutor.java:1074)
        at java.util.concurrent.ThreadPoolExecutor.runWorker(ThreadPoolExecutor.java:1134)
        at java.util.concurrent.ThreadPoolExecutor$Worker.run(ThreadPoolExecutor.java:624)
        at java.lang.Thread.run(Thread.java:750)
"om1@group-C5BA1605619E-SegmentedRaftLogWorker"  prio=5 tid=125 timed_waiting
java.lang.Thread.State: TIMED_WAITING
        at sun.misc.Unsafe.park(Native Method)
        at java.util.concurrent.locks.LockSupport.parkNanos(LockSupport.java:215)
        at java.util.concurrent.locks.AbstractQueuedSynchronizer$ConditionObject.awaitNanos(AbstractQueuedSynchronizer.java:2078)
        at org.apache.ratis.util.DataBlockingQueue.poll(DataBlockingQueue.java:148)
        at org.apache.ratis.server.raftlog.segmented.SegmentedRaftLogWorker.run(SegmentedRaftLogWorker.java:310)
        at org.apache.ratis.server.raftlog.segmented.SegmentedRaftLogWorker$$Lambda$661/1265419919.run(Unknown Source)
        at java.lang.Thread.run(Thread.java:750)
"org.apache.hadoop.ozone.container.common.statemachine.commandhandler.DeleteBlocksCommandHandler$DeleteCmdWorker@1389e498" daemon prio=5 tid=419 timed_waiting
java.lang.Thread.State: TIMED_WAITING
        at java.lang.Thread.sleep(Native Method)
        at org.apache.hadoop.ozone.container.common.statemachine.commandhandler.DeleteBlocksCommandHandler$DeleteCmdWorker.run(DeleteBlocksCommandHandler.java:183)
        at java.lang.Thread.run(Thread.java:750)
"qtp382867004-235" daemon prio=5 tid=235 timed_waiting
java.lang.Thread.State: TIMED_WAITING
        at sun.misc.Unsafe.park(Native Method)
        at java.util.concurrent.locks.LockSupport.parkNanos(LockSupport.java:215)
        at java.util.concurrent.locks.AbstractQueuedSynchronizer$ConditionObject.awaitNanos(AbstractQueuedSynchronizer.java:2078)
        at org.eclipse.jetty.util.BlockingArrayQueue.poll(BlockingArrayQueue.java:382)
        at org.eclipse.jetty.util.thread.QueuedThreadPool$Runner.idleJobPoll(QueuedThreadPool.java:974)
        at org.eclipse.jetty.util.thread.QueuedThreadPool$Runner.run(QueuedThreadPool.java:1018)
        at java.lang.Thread.run(Thread.java:750)
"ChunkReader-1" daemon prio=5 tid=773 in Object.wait()
java.lang.Thread.State: WAITING (on object monitor)
        at sun.misc.Unsafe.park(Native Method)
        at java.util.concurrent.locks.LockSupport.park(LockSupport.java:175)
        at java.util.concurrent.locks.AbstractQueuedSynchronizer$ConditionObject.await(AbstractQueuedSynchronizer.java:2039)
        at java.util.concurrent.LinkedBlockingQueue.take(LinkedBlockingQueue.java:442)
        at java.util.concurrent.ThreadPoolExecutor.getTask(ThreadPoolExecutor.java:1074)
        at java.util.concurrent.ThreadPoolExecutor.runWorker(ThreadPoolExecutor.java:1134)
        at java.util.concurrent.ThreadPoolExecutor$Worker.run(ThreadPoolExecutor.java:624)
        at java.lang.Thread.run(Thread.java:750)
"Datanode ReportManager Thread - 0" daemon prio=5 tid=316 in Object.wait()
java.lang.Thread.State: WAITING (on object monitor)
        at sun.misc.Unsafe.park(Native Method)
        at java.util.concurrent.locks.LockSupport.park(LockSupport.java:175)
        at java.util.concurrent.locks.AbstractQueuedSynchronizer$ConditionObject.await(AbstractQueuedSynchronizer.java:2039)
        at java.util.concurrent.ScheduledThreadPoolExecutor$DelayedWorkQueue.take(ScheduledThreadPoolExecutor.java:1088)
        at java.util.concurrent.ScheduledThreadPoolExecutor$DelayedWorkQueue.take(ScheduledThreadPoolExecutor.java:809)
        at java.util.concurrent.ThreadPoolExecutor.getTask(ThreadPoolExecutor.java:1074)
        at java.util.concurrent.ThreadPoolExecutor.runWorker(ThreadPoolExecutor.java:1134)
        at java.util.concurrent.ThreadPoolExecutor$Worker.run(ThreadPoolExecutor.java:624)
        at java.lang.Thread.run(Thread.java:750)
"IPC Server handler 0 on default port 40043" daemon prio=5 tid=144 timed_waiting
java.lang.Thread.State: TIMED_WAITING
        at sun.misc.Unsafe.park(Native Method)
        at java.util.concurrent.locks.LockSupport.parkNanos(LockSupport.java:215)
        at java.util.concurrent.locks.AbstractQueuedSynchronizer$ConditionObject.awaitNanos(AbstractQueuedSynchronizer.java:2078)
        at java.util.concurrent.LinkedBlockingQueue.poll(LinkedBlockingQueue.java:467)
        at org.apache.hadoop.ipc.CallQueueManager.take(CallQueueManager.java:317)
        at org.apache.hadoop.ipc.Server$Handler.run(Server.java:2942)
"9e7e10a2-763a-4a15-b149-6c921096d1eb@group-A314E49CC730-LeaderStateImpl" daemon prio=5 tid=707 timed_waiting
java.lang.Thread.State: TIMED_WAITING
        at sun.misc.Unsafe.park(Native Method)
        at java.util.concurrent.locks.LockSupport.parkNanos(LockSupport.java:215)
        at java.util.concurrent.locks.AbstractQueuedSynchronizer$ConditionObject.awaitNanos(AbstractQueuedSynchronizer.java:2078)
        at java.util.concurrent.ArrayBlockingQueue.poll(ArrayBlockingQueue.java:418)
        at org.apache.ratis.server.impl.LeaderStateImpl$EventQueue.poll(LeaderStateImpl.java:159)
        at org.apache.ratis.server.impl.LeaderStateImpl$EventProcessor.run(LeaderStateImpl.java:630)
"qtp831797965-382" daemon prio=5 tid=382 timed_waiting
java.lang.Thread.State: TIMED_WAITING
        at sun.misc.Unsafe.park(Native Method)
        at java.util.concurrent.locks.LockSupport.parkNanos(LockSupport.java:215)
        at java.util.concurrent.locks.AbstractQueuedSynchronizer$ConditionObject.awaitNanos(AbstractQueuedSynchronizer.java:2078)
        at org.eclipse.jetty.util.BlockingArrayQueue.poll(BlockingArrayQueue.java:382)
        at org.eclipse.jetty.util.thread.QueuedThreadPool$Runner.idleJobPoll(QueuedThreadPool.java:974)
        at org.eclipse.jetty.util.thread.QueuedThreadPool$Runner.run(QueuedThreadPool.java:1018)
        at java.lang.Thread.run(Thread.java:750)
"Datanode ReportManager Thread - 0" daemon prio=5 tid=433 in Object.wait()
java.lang.Thread.State: WAITING (on object monitor)
        at sun.misc.Unsafe.park(Native Method)
        at java.util.concurrent.locks.LockSupport.park(LockSupport.java:175)
        at java.util.concurrent.locks.AbstractQueuedSynchronizer$ConditionObject.await(AbstractQueuedSynchronizer.java:2039)
        at java.util.concurrent.ScheduledThreadPoolExecutor$DelayedWorkQueue.take(ScheduledThreadPoolExecutor.java:1088)
        at java.util.concurrent.ScheduledThreadPoolExecutor$DelayedWorkQueue.take(ScheduledThreadPoolExecutor.java:809)
        at java.util.concurrent.ThreadPoolExecutor.getTask(ThreadPoolExecutor.java:1074)
        at java.util.concurrent.ThreadPoolExecutor.runWorker(ThreadPoolExecutor.java:1134)
        at java.util.concurrent.ThreadPoolExecutor$Worker.run(ThreadPoolExecutor.java:624)
        at java.lang.Thread.run(Thread.java:750)
"Datanode State Machine Task Thread - 0"  prio=5 tid=219 in Object.wait()
java.lang.Thread.State: WAITING (on object monitor)
        at sun.misc.Unsafe.park(Native Method)
        at java.util.concurrent.locks.LockSupport.park(LockSupport.java:175)
        at java.util.concurrent.locks.AbstractQueuedSynchronizer$ConditionObject.await(AbstractQueuedSynchronizer.java:2039)
        at java.util.concurrent.LinkedBlockingQueue.take(LinkedBlockingQueue.java:442)
        at java.util.concurrent.ThreadPoolExecutor.getTask(ThreadPoolExecutor.java:1074)
        at java.util.concurrent.ThreadPoolExecutor.runWorker(ThreadPoolExecutor.java:1134)
        at java.util.concurrent.ThreadPoolExecutor$Worker.run(ThreadPoolExecutor.java:624)
        at java.lang.Thread.run(Thread.java:750)
"timer5" daemon prio=5 tid=696 timed_waiting
java.lang.Thread.State: TIMED_WAITING
        at java.lang.Object.wait(Native Method)
        at java.util.TimerThread.mainLoop(Timer.java:552)
        at java.util.TimerThread.run(Timer.java:505)
"Command processor thread" daemon prio=5 tid=438 timed_waiting
java.lang.Thread.State: TIMED_WAITING
        at java.lang.Thread.sleep(Native Method)
        at org.apache.hadoop.ozone.container.common.statemachine.DatanodeStateMachine.lambda$initCommandHandlerThread$3(DatanodeStateMachine.java:628)
        at org.apache.hadoop.ozone.container.common.statemachine.DatanodeStateMachine$$Lambda$747/1187177757.run(Unknown Source)
        at java.lang.Thread.run(Thread.java:750)
"qtp1617079700-176" daemon prio=5 tid=176 timed_waiting
java.lang.Thread.State: TIMED_WAITING
        at sun.misc.Unsafe.park(Native Method)
        at java.util.concurrent.locks.LockSupport.parkNanos(LockSupport.java:215)
        at java.util.concurrent.locks.AbstractQueuedSynchronizer$ConditionObject.awaitNanos(AbstractQueuedSynchronizer.java:2078)
        at org.eclipse.jetty.util.BlockingArrayQueue.poll(BlockingArrayQueue.java:382)
        at org.eclipse.jetty.util.thread.QueuedThreadPool$Runner.idleJobPoll(QueuedThreadPool.java:974)
        at org.eclipse.jetty.util.thread.QueuedThreadPool$Runner.run(QueuedThreadPool.java:1018)
        at java.lang.Thread.run(Thread.java:750)
"Command processor thread" daemon prio=5 tid=189 timed_waiting
java.lang.Thread.State: TIMED_WAITING
        at java.lang.Thread.sleep(Native Method)
        at org.apache.hadoop.ozone.container.common.statemachine.DatanodeStateMachine.lambda$initCommandHandlerThread$3(DatanodeStateMachine.java:628)
        at org.apache.hadoop.ozone.container.common.statemachine.DatanodeStateMachine$$Lambda$747/1187177757.run(Unknown Source)
        at java.lang.Thread.run(Thread.java:750)
"StaleRecoveringContainerScrubbingService#2" daemon prio=5 tid=842 in Object.wait()
java.lang.Thread.State: WAITING (on object monitor)
        at sun.misc.Unsafe.park(Native Method)
        at java.util.concurrent.locks.LockSupport.park(LockSupport.java:175)
        at java.util.concurrent.locks.AbstractQueuedSynchronizer$ConditionObject.await(AbstractQueuedSynchronizer.java:2039)
        at java.util.concurrent.ScheduledThreadPoolExecutor$DelayedWorkQueue.take(ScheduledThreadPoolExecutor.java:1088)
        at java.util.concurrent.ScheduledThreadPoolExecutor$DelayedWorkQueue.take(ScheduledThreadPoolExecutor.java:809)
        at java.util.concurrent.ThreadPoolExecutor.getTask(ThreadPoolExecutor.java:1074)
        at java.util.concurrent.ThreadPoolExecutor.runWorker(ThreadPoolExecutor.java:1134)
        at java.util.concurrent.ThreadPoolExecutor$Worker.run(ThreadPoolExecutor.java:624)
        at java.lang.Thread.run(Thread.java:750)
"96fa30cc-cc01-4af1-a161-c10c2afc2f22@group-A1ACF68524AB-SegmentedRaftLogWorker"  prio=5 tid=566 timed_waiting
java.lang.Thread.State: TIMED_WAITING
        at sun.misc.Unsafe.park(Native Method)
        at java.util.concurrent.locks.LockSupport.parkNanos(LockSupport.java:215)
        at java.util.concurrent.locks.AbstractQueuedSynchronizer$ConditionObject.awaitNanos(AbstractQueuedSynchronizer.java:2078)
        at org.apache.ratis.util.DataBlockingQueue.poll(DataBlockingQueue.java:148)
        at org.apache.ratis.server.raftlog.segmented.SegmentedRaftLogWorker.run(SegmentedRaftLogWorker.java:310)
        at org.apache.ratis.server.raftlog.segmented.SegmentedRaftLogWorker$$Lambda$661/1265419919.run(Unknown Source)
        at java.lang.Thread.run(Thread.java:750)
"Command processor thread" daemon prio=5 tid=398 timed_waiting
java.lang.Thread.State: TIMED_WAITING
        at java.lang.Thread.sleep(Native Method)
        at org.apache.hadoop.ozone.container.common.statemachine.DatanodeStateMachine.lambda$initCommandHandlerThread$3(DatanodeStateMachine.java:628)
        at org.apache.hadoop.ozone.container.common.statemachine.DatanodeStateMachine$$Lambda$747/1187177757.run(Unknown Source)
        at java.lang.Thread.run(Thread.java:750)
"IPC Server handler 16 on default port 39185" daemon prio=5 tid=73 timed_waiting
java.lang.Thread.State: TIMED_WAITING
        at sun.misc.Unsafe.park(Native Method)
        at java.util.concurrent.locks.LockSupport.parkNanos(LockSupport.java:215)
        at java.util.concurrent.locks.AbstractQueuedSynchronizer$ConditionObject.awaitNanos(AbstractQueuedSynchronizer.java:2078)
        at java.util.concurrent.LinkedBlockingQueue.poll(LinkedBlockingQueue.java:467)
        at org.apache.hadoop.ipc.CallQueueManager.take(CallQueueManager.java:317)
        at org.apache.hadoop.ipc.Server$Handler.run(Server.java:2942)
"EventQueue-CloseContainerForCloseContainerEventHandler" daemon prio=5 tid=815 in Object.wait()
java.lang.Thread.State: WAITING (on object monitor)
        at sun.misc.Unsafe.park(Native Method)
        at java.util.concurrent.locks.LockSupport.park(LockSupport.java:175)
        at java.util.concurrent.locks.AbstractQueuedSynchronizer$ConditionObject.await(AbstractQueuedSynchronizer.java:2039)
        at java.util.concurrent.LinkedBlockingQueue.take(LinkedBlockingQueue.java:442)
        at java.util.concurrent.ThreadPoolExecutor.getTask(ThreadPoolExecutor.java:1074)
        at java.util.concurrent.ThreadPoolExecutor.runWorker(ThreadPoolExecutor.java:1134)
        at java.util.concurrent.ThreadPoolExecutor$Worker.run(ThreadPoolExecutor.java:624)
        at java.lang.Thread.run(Thread.java:750)
"Command processor thread" daemon prio=5 tid=243 timed_waiting
java.lang.Thread.State: TIMED_WAITING
        at java.lang.Thread.sleep(Native Method)
        at org.apache.hadoop.ozone.container.common.statemachine.DatanodeStateMachine.lambda$initCommandHandlerThread$3(DatanodeStateMachine.java:628)
        at org.apache.hadoop.ozone.container.common.statemachine.DatanodeStateMachine$$Lambda$747/1187177757.run(Unknown Source)
        at java.lang.Thread.run(Thread.java:750)
"qtp1617079700-177" daemon prio=5 tid=177 timed_waiting
java.lang.Thread.State: TIMED_WAITING
        at sun.misc.Unsafe.park(Native Method)
        at java.util.concurrent.locks.LockSupport.parkNanos(LockSupport.java:215)
        at java.util.concurrent.locks.AbstractQueuedSynchronizer$ConditionObject.awaitNanos(AbstractQueuedSynchronizer.java:2078)
        at org.eclipse.jetty.util.BlockingArrayQueue.poll(BlockingArrayQueue.java:382)
        at org.eclipse.jetty.util.thread.QueuedThreadPool$Runner.idleJobPoll(QueuedThreadPool.java:974)
        at org.eclipse.jetty.util.thread.QueuedThreadPool$Runner.run(QueuedThreadPool.java:1018)
        at java.lang.Thread.run(Thread.java:750)
"IPC Server listener on 0" daemon prio=5 tid=23 runnable
java.lang.Thread.State: RUNNABLE
        at sun.nio.ch.EPollArrayWrapper.epollWait(Native Method)
        at sun.nio.ch.EPollArrayWrapper.poll(EPollArrayWrapper.java:269)
        at sun.nio.ch.EPollSelectorImpl.doSelect(EPollSelectorImpl.java:93)
        at sun.nio.ch.SelectorImpl.lockAndDoSelect(SelectorImpl.java:86)
        at sun.nio.ch.SelectorImpl.select(SelectorImpl.java:97)
        at sun.nio.ch.SelectorImpl.select(SelectorImpl.java:101)
        at org.apache.hadoop.ipc.Server$Listener.run(Server.java:1358)
"StaleRecoveringContainerScrubbingService#2" daemon prio=5 tid=845 in Object.wait()
java.lang.Thread.State: WAITING (on object monitor)
        at sun.misc.Unsafe.park(Native Method)
        at java.util.concurrent.locks.LockSupport.park(LockSupport.java:175)
        at java.util.concurrent.locks.AbstractQueuedSynchronizer$ConditionObject.await(AbstractQueuedSynchronizer.java:2039)
        at java.util.concurrent.ScheduledThreadPoolExecutor$DelayedWorkQueue.take(ScheduledThreadPoolExecutor.java:1088)
        at java.util.concurrent.ScheduledThreadPoolExecutor$DelayedWorkQueue.take(ScheduledThreadPoolExecutor.java:809)
        at java.util.concurrent.ThreadPoolExecutor.getTask(ThreadPoolExecutor.java:1074)
        at java.util.concurrent.ThreadPoolExecutor.runWorker(ThreadPoolExecutor.java:1134)
        at java.util.concurrent.ThreadPoolExecutor$Worker.run(ThreadPoolExecutor.java:624)
        at java.lang.Thread.run(Thread.java:750)
"c61245f4-0084-4810-95a5-490d20dc424d-server-thread2" daemon prio=5 tid=739 timed_waiting
java.lang.Thread.State: TIMED_WAITING
        at sun.misc.Unsafe.park(Native Method)
        at java.util.concurrent.locks.LockSupport.parkNanos(LockSupport.java:215)
        at java.util.concurrent.SynchronousQueue$TransferStack.awaitFulfill(SynchronousQueue.java:460)
        at java.util.concurrent.SynchronousQueue$TransferStack.transfer(SynchronousQueue.java:362)
        at java.util.concurrent.SynchronousQueue.poll(SynchronousQueue.java:941)
        at java.util.concurrent.ThreadPoolExecutor.getTask(ThreadPoolExecutor.java:1073)
        at java.util.concurrent.ThreadPoolExecutor.runWorker(ThreadPoolExecutor.java:1134)
        at java.util.concurrent.ThreadPoolExecutor$Worker.run(ThreadPoolExecutor.java:624)
        at java.lang.Thread.run(Thread.java:750)
"c61245f4-0084-4810-95a5-490d20dc424d-server-thread3" daemon prio=5 tid=760 timed_waiting
java.lang.Thread.State: TIMED_WAITING
        at sun.misc.Unsafe.park(Native Method)
        at java.util.concurrent.locks.LockSupport.parkNanos(LockSupport.java:215)
        at java.util.concurrent.SynchronousQueue$TransferStack.awaitFulfill(SynchronousQueue.java:460)
        at java.util.concurrent.SynchronousQueue$TransferStack.transfer(SynchronousQueue.java:362)
        at java.util.concurrent.SynchronousQueue.poll(SynchronousQueue.java:941)
        at java.util.concurrent.ThreadPoolExecutor.getTask(ThreadPoolExecutor.java:1073)
        at java.util.concurrent.ThreadPoolExecutor.runWorker(ThreadPoolExecutor.java:1134)
        at java.util.concurrent.ThreadPoolExecutor$Worker.run(ThreadPoolExecutor.java:624)
        at java.lang.Thread.run(Thread.java:750)
"9e7e10a2-763a-4a15-b149-6c921096d1eb@group-F4CAB9577C1E-SegmentedRaftLogWorker"  prio=5 tid=589 timed_waiting
java.lang.Thread.State: TIMED_WAITING
        at sun.misc.Unsafe.park(Native Method)
        at java.util.concurrent.locks.LockSupport.parkNanos(LockSupport.java:215)
        at java.util.concurrent.locks.AbstractQueuedSynchronizer$ConditionObject.awaitNanos(AbstractQueuedSynchronizer.java:2078)
        at org.apache.ratis.util.DataBlockingQueue.poll(DataBlockingQueue.java:148)
        at org.apache.ratis.server.raftlog.segmented.SegmentedRaftLogWorker.run(SegmentedRaftLogWorker.java:310)
        at org.apache.ratis.server.raftlog.segmented.SegmentedRaftLogWorker$$Lambda$661/1265419919.run(Unknown Source)
        at java.lang.Thread.run(Thread.java:750)
"BlockDeletingService#2" daemon prio=5 tid=830 in Object.wait()
java.lang.Thread.State: WAITING (on object monitor)
        at sun.misc.Unsafe.park(Native Method)
        at java.util.concurrent.locks.LockSupport.park(LockSupport.java:175)
        at java.util.concurrent.locks.AbstractQueuedSynchronizer$ConditionObject.await(AbstractQueuedSynchronizer.java:2039)
        at java.util.concurrent.ScheduledThreadPoolExecutor$DelayedWorkQueue.take(ScheduledThreadPoolExecutor.java:1088)
        at java.util.concurrent.ScheduledThreadPoolExecutor$DelayedWorkQueue.take(ScheduledThreadPoolExecutor.java:809)
        at java.util.concurrent.ThreadPoolExecutor.getTask(ThreadPoolExecutor.java:1074)
        at java.util.concurrent.ThreadPoolExecutor.runWorker(ThreadPoolExecutor.java:1134)
        at java.util.concurrent.ThreadPoolExecutor$Worker.run(ThreadPoolExecutor.java:624)
        at java.lang.Thread.run(Thread.java:750)
"DirectoryDeletingService#0" daemon prio=5 tid=132 timed_waiting
java.lang.Thread.State: TIMED_WAITING
        at sun.misc.Unsafe.park(Native Method)
        at java.util.concurrent.locks.LockSupport.parkNanos(LockSupport.java:215)
        at java.util.concurrent.locks.AbstractQueuedSynchronizer$ConditionObject.awaitNanos(AbstractQueuedSynchronizer.java:2078)
        at java.util.concurrent.ScheduledThreadPoolExecutor$DelayedWorkQueue.take(ScheduledThreadPoolExecutor.java:1093)
        at java.util.concurrent.ScheduledThreadPoolExecutor$DelayedWorkQueue.take(ScheduledThreadPoolExecutor.java:809)
        at java.util.concurrent.ThreadPoolExecutor.getTask(ThreadPoolExecutor.java:1074)
        at java.util.concurrent.ThreadPoolExecutor.runWorker(ThreadPoolExecutor.java:1134)
        at java.util.concurrent.ThreadPoolExecutor$Worker.run(ThreadPoolExecutor.java:624)
        at java.lang.Thread.run(Thread.java:750)
"pool-95-thread-1"  prio=5 tid=572 in Object.wait()
java.lang.Thread.State: WAITING (on object monitor)
        at sun.misc.Unsafe.park(Native Method)
        at java.util.concurrent.locks.LockSupport.park(LockSupport.java:175)
        at java.util.concurrent.locks.AbstractQueuedSynchronizer$ConditionObject.await(AbstractQueuedSynchronizer.java:2039)
        at java.util.concurrent.LinkedBlockingQueue.take(LinkedBlockingQueue.java:442)
        at java.util.concurrent.ThreadPoolExecutor.getTask(ThreadPoolExecutor.java:1074)
        at java.util.concurrent.ThreadPoolExecutor.runWorker(ThreadPoolExecutor.java:1134)
        at java.util.concurrent.ThreadPoolExecutor$Worker.run(ThreadPoolExecutor.java:624)
        at java.lang.Thread.run(Thread.java:750)
"ChunkWriter-2-0" daemon prio=5 tid=527 in Object.wait()
java.lang.Thread.State: WAITING (on object monitor)
        at sun.misc.Unsafe.park(Native Method)
        at java.util.concurrent.locks.LockSupport.park(LockSupport.java:175)
        at java.util.concurrent.locks.AbstractQueuedSynchronizer$ConditionObject.await(AbstractQueuedSynchronizer.java:2039)
        at java.util.concurrent.LinkedBlockingDeque.takeFirst(LinkedBlockingDeque.java:492)
        at java.util.concurrent.LinkedBlockingDeque.take(LinkedBlockingDeque.java:680)
        at java.util.concurrent.ThreadPoolExecutor.getTask(ThreadPoolExecutor.java:1074)
        at java.util.concurrent.ThreadPoolExecutor.runWorker(ThreadPoolExecutor.java:1134)
        at java.util.concurrent.ThreadPoolExecutor$Worker.run(ThreadPoolExecutor.java:624)
        at java.lang.Thread.run(Thread.java:750)
"qtp1617079700-178" daemon prio=5 tid=178 timed_waiting
java.lang.Thread.State: TIMED_WAITING
        at sun.misc.Unsafe.park(Native Method)
        at java.util.concurrent.locks.LockSupport.parkNanos(LockSupport.java:215)
        at java.util.concurrent.locks.AbstractQueuedSynchronizer$ConditionObject.awaitNanos(AbstractQueuedSynchronizer.java:2078)
        at org.eclipse.jetty.util.BlockingArrayQueue.poll(BlockingArrayQueue.java:382)
        at org.eclipse.jetty.util.thread.QueuedThreadPool$Runner.idleJobPoll(QueuedThreadPool.java:974)
        at org.eclipse.jetty.util.thread.QueuedThreadPool$Runner.run(QueuedThreadPool.java:1018)
        at java.lang.Thread.run(Thread.java:750)
"pool-157-thread-1" daemon prio=5 tid=275 timed_waiting
java.lang.Thread.State: TIMED_WAITING
        at sun.misc.Unsafe.park(Native Method)
        at java.util.concurrent.locks.LockSupport.parkNanos(LockSupport.java:215)
        at java.util.concurrent.locks.AbstractQueuedSynchronizer$ConditionObject.awaitNanos(AbstractQueuedSynchronizer.java:2078)
        at java.util.concurrent.ScheduledThreadPoolExecutor$DelayedWorkQueue.take(ScheduledThreadPoolExecutor.java:1093)
        at java.util.concurrent.ScheduledThreadPoolExecutor$DelayedWorkQueue.take(ScheduledThreadPoolExecutor.java:809)
        at java.util.concurrent.ThreadPoolExecutor.getTask(ThreadPoolExecutor.java:1074)
        at java.util.concurrent.ThreadPoolExecutor.runWorker(ThreadPoolExecutor.java:1134)
        at java.util.concurrent.ThreadPoolExecutor$Worker.run(ThreadPoolExecutor.java:624)
        at java.lang.Thread.run(Thread.java:750)
"Datanode State Machine Task Thread - 0"  prio=5 tid=488 in Object.wait()
java.lang.Thread.State: WAITING (on object monitor)
        at sun.misc.Unsafe.park(Native Method)
        at java.util.concurrent.locks.LockSupport.park(LockSupport.java:175)
        at java.util.concurrent.locks.AbstractQueuedSynchronizer$ConditionObject.await(AbstractQueuedSynchronizer.java:2039)
        at java.util.concurrent.LinkedBlockingQueue.take(LinkedBlockingQueue.java:442)
        at java.util.concurrent.ThreadPoolExecutor.getTask(ThreadPoolExecutor.java:1074)
        at java.util.concurrent.ThreadPoolExecutor.runWorker(ThreadPoolExecutor.java:1134)
        at java.util.concurrent.ThreadPoolExecutor$Worker.run(ThreadPoolExecutor.java:624)
        at java.lang.Thread.run(Thread.java:750)
"f675d99d-517f-4d8a-bd29-886eede0250d@group-10C9AF99BEBA-LeaderStateImpl" daemon prio=5 tid=728 timed_waiting
java.lang.Thread.State: TIMED_WAITING
        at sun.misc.Unsafe.park(Native Method)
        at java.util.concurrent.locks.LockSupport.parkNanos(LockSupport.java:215)
        at java.util.concurrent.locks.AbstractQueuedSynchronizer$ConditionObject.awaitNanos(AbstractQueuedSynchronizer.java:2078)
        at java.util.concurrent.ArrayBlockingQueue.poll(ArrayBlockingQueue.java:418)
        at org.apache.ratis.server.impl.LeaderStateImpl$EventQueue.poll(LeaderStateImpl.java:159)
        at org.apache.ratis.server.impl.LeaderStateImpl$EventProcessor.run(LeaderStateImpl.java:630)
"IPC Server handler 11 on default port 40043" daemon prio=5 tid=155 timed_waiting
java.lang.Thread.State: TIMED_WAITING
        at sun.misc.Unsafe.park(Native Method)
        at java.util.concurrent.locks.LockSupport.parkNanos(LockSupport.java:215)
        at java.util.concurrent.locks.AbstractQueuedSynchronizer$ConditionObject.awaitNanos(AbstractQueuedSynchronizer.java:2078)
        at java.util.concurrent.LinkedBlockingQueue.poll(LinkedBlockingQueue.java:467)
        at org.apache.hadoop.ipc.CallQueueManager.take(CallQueueManager.java:317)
        at org.apache.hadoop.ipc.Server$Handler.run(Server.java:2942)
"StaleRecoveringContainerScrubbingService#1" daemon prio=5 tid=500 timed_waiting
java.lang.Thread.State: TIMED_WAITING
        at sun.misc.Unsafe.park(Native Method)
        at java.util.concurrent.locks.LockSupport.parkNanos(LockSupport.java:215)
        at java.util.concurrent.locks.AbstractQueuedSynchronizer$ConditionObject.awaitNanos(AbstractQueuedSynchronizer.java:2078)
        at java.util.concurrent.ScheduledThreadPoolExecutor$DelayedWorkQueue.take(ScheduledThreadPoolExecutor.java:1093)
        at java.util.concurrent.ScheduledThreadPoolExecutor$DelayedWorkQueue.take(ScheduledThreadPoolExecutor.java:809)
        at java.util.concurrent.ThreadPoolExecutor.getTask(ThreadPoolExecutor.java:1074)
        at java.util.concurrent.ThreadPoolExecutor.runWorker(ThreadPoolExecutor.java:1134)
        at java.util.concurrent.ThreadPoolExecutor$Worker.run(ThreadPoolExecutor.java:624)
        at java.lang.Thread.run(Thread.java:750)
"qtp831797965-385" daemon prio=5 tid=385 timed_waiting
java.lang.Thread.State: TIMED_WAITING
        at sun.misc.Unsafe.park(Native Method)
        at java.util.concurrent.locks.LockSupport.parkNanos(LockSupport.java:215)
        at java.util.concurrent.locks.AbstractQueuedSynchronizer$ConditionObject.awaitNanos(AbstractQueuedSynchronizer.java:2078)
        at org.eclipse.jetty.util.BlockingArrayQueue.poll(BlockingArrayQueue.java:382)
        at org.eclipse.jetty.util.thread.QueuedThreadPool$Runner.idleJobPoll(QueuedThreadPool.java:974)
        at org.eclipse.jetty.util.thread.QueuedThreadPool$Runner.run(QueuedThreadPool.java:1018)
        at java.lang.Thread.run(Thread.java:750)
"BlockDeletingService#0" daemon prio=5 tid=531 in Object.wait()
java.lang.Thread.State: WAITING (on object monitor)
        at sun.misc.Unsafe.park(Native Method)
        at java.util.concurrent.locks.LockSupport.park(LockSupport.java:175)
        at java.util.concurrent.locks.AbstractQueuedSynchronizer$ConditionObject.await(AbstractQueuedSynchronizer.java:2039)
        at java.util.concurrent.ScheduledThreadPoolExecutor$DelayedWorkQueue.take(ScheduledThreadPoolExecutor.java:1088)
        at java.util.concurrent.ScheduledThreadPoolExecutor$DelayedWorkQueue.take(ScheduledThreadPoolExecutor.java:809)
        at java.util.concurrent.ThreadPoolExecutor.getTask(ThreadPoolExecutor.java:1074)
        at java.util.concurrent.ThreadPoolExecutor.runWorker(ThreadPoolExecutor.java:1134)
        at java.util.concurrent.ThreadPoolExecutor$Worker.run(ThreadPoolExecutor.java:624)
        at java.lang.Thread.run(Thread.java:750)
"2de491c0-1905-4845-ada7-2a3c171f2066@group-ADE01F2A5737-LeaderStateImpl" daemon prio=5 tid=764 timed_waiting
java.lang.Thread.State: TIMED_WAITING
        at sun.misc.Unsafe.park(Native Method)
        at java.util.concurrent.locks.LockSupport.parkNanos(LockSupport.java:215)
        at java.util.concurrent.locks.AbstractQueuedSynchronizer$ConditionObject.awaitNanos(AbstractQueuedSynchronizer.java:2078)
        at java.util.concurrent.ArrayBlockingQueue.poll(ArrayBlockingQueue.java:418)
        at org.apache.ratis.server.impl.LeaderStateImpl$EventQueue.poll(LeaderStateImpl.java:159)
        at org.apache.ratis.server.impl.LeaderStateImpl$EventProcessor.run(LeaderStateImpl.java:630)
"qtp831797965-386" daemon prio=5 tid=386 timed_waiting
java.lang.Thread.State: TIMED_WAITING
        at sun.misc.Unsafe.park(Native Method)
        at java.util.concurrent.locks.LockSupport.parkNanos(LockSupport.java:215)
        at java.util.concurrent.locks.AbstractQueuedSynchronizer$ConditionObject.awaitNanos(AbstractQueuedSynchronizer.java:2078)
        at org.eclipse.jetty.util.BlockingArrayQueue.poll(BlockingArrayQueue.java:382)
        at org.eclipse.jetty.util.thread.QueuedThreadPool$Runner.idleJobPoll(QueuedThreadPool.java:974)
        at org.eclipse.jetty.util.thread.QueuedThreadPool$Runner.run(QueuedThreadPool.java:1018)
        at java.lang.Thread.run(Thread.java:750)
"BlockDeletingService#2" daemon prio=5 tid=844 in Object.wait()
java.lang.Thread.State: WAITING (on object monitor)
        at sun.misc.Unsafe.park(Native Method)
        at java.util.concurrent.locks.LockSupport.park(LockSupport.java:175)
        at java.util.concurrent.locks.AbstractQueuedSynchronizer$ConditionObject.await(AbstractQueuedSynchronizer.java:2039)
        at java.util.concurrent.ScheduledThreadPoolExecutor$DelayedWorkQueue.take(ScheduledThreadPoolExecutor.java:1088)
        at java.util.concurrent.ScheduledThreadPoolExecutor$DelayedWorkQueue.take(ScheduledThreadPoolExecutor.java:809)
        at java.util.concurrent.ThreadPoolExecutor.getTask(ThreadPoolExecutor.java:1074)
        at java.util.concurrent.ThreadPoolExecutor.runWorker(ThreadPoolExecutor.java:1134)
        at java.util.concurrent.ThreadPoolExecutor$Worker.run(ThreadPoolExecutor.java:624)
        at java.lang.Thread.run(Thread.java:750)
"StaleRecoveringContainerScrubbingService#2" daemon prio=5 tid=847 in Object.wait()
java.lang.Thread.State: WAITING (on object monitor)
        at sun.misc.Unsafe.park(Native Method)
        at java.util.concurrent.locks.LockSupport.park(LockSupport.java:175)
        at java.util.concurrent.locks.AbstractQueuedSynchronizer$ConditionObject.await(AbstractQueuedSynchronizer.java:2039)
        at java.util.concurrent.ScheduledThreadPoolExecutor$DelayedWorkQueue.take(ScheduledThreadPoolExecutor.java:1088)
        at java.util.concurrent.ScheduledThreadPoolExecutor$DelayedWorkQueue.take(ScheduledThreadPoolExecutor.java:809)
        at java.util.concurrent.ThreadPoolExecutor.getTask(ThreadPoolExecutor.java:1074)
        at java.util.concurrent.ThreadPoolExecutor.runWorker(ThreadPoolExecutor.java:1134)
        at java.util.concurrent.ThreadPoolExecutor$Worker.run(ThreadPoolExecutor.java:624)
        at java.lang.Thread.run(Thread.java:750)
"91dae643-bef5-471c-869f-4daa43ea47b3@group-A1ACF68524AB-FollowerState" daemon prio=5 tid=681 timed_waiting
java.lang.Thread.State: TIMED_WAITING
        at java.lang.Thread.sleep(Native Method)
        at java.lang.Thread.sleep(Thread.java:342)
        at java.util.concurrent.TimeUnit.sleep(TimeUnit.java:386)
        at org.apache.ratis.util.TimeDuration.sleep(TimeDuration.java:325)
        at org.apache.ratis.util.TimeDuration.sleep(TimeDuration.java:310)
        at org.apache.ratis.server.impl.FollowerState.run(FollowerState.java:128)
"9e7e10a2-763a-4a15-b149-6c921096d1eb@group-F4CAB9577C1E->91dae643-bef5-471c-869f-4daa43ea47b3-GrpcLogAppender-LogAppenderDaemon" daemon prio=5 tid=710 timed_waiting
java.lang.Thread.State: TIMED_WAITING
        at sun.misc.Unsafe.park(Native Method)
        at java.util.concurrent.locks.LockSupport.parkNanos(LockSupport.java:215)
        at java.util.concurrent.CompletableFuture$Signaller.block(CompletableFuture.java:1709)
        at java.util.concurrent.ForkJoinPool.managedBlock(ForkJoinPool.java:3323)
        at java.util.concurrent.CompletableFuture.timedGet(CompletableFuture.java:1788)
        at java.util.concurrent.CompletableFuture.get(CompletableFuture.java:1928)
        at org.apache.ratis.util.AwaitForSignal.await(AwaitForSignal.java:56)
        at org.apache.ratis.grpc.server.GrpcLogAppender.mayWait(GrpcLogAppender.java:198)
        at org.apache.ratis.grpc.server.GrpcLogAppender.run(GrpcLogAppender.java:148)
        at org.apache.ratis.server.leader.LogAppenderDaemon.run(LogAppenderDaemon.java:78)
        at org.apache.ratis.server.leader.LogAppenderDaemon$$Lambda$1033/840492825.run(Unknown Source)
        at java.lang.Thread.run(Thread.java:750)
"ChunkReader-ELG-0" daemon prio=5 tid=530 runnable
java.lang.Thread.State: RUNNABLE
        at org.apache.ratis.thirdparty.io.netty.channel.epoll.Native.epollWait(Native Method)
        at org.apache.ratis.thirdparty.io.netty.channel.epoll.Native.epollWait(Native.java:209)
        at org.apache.ratis.thirdparty.io.netty.channel.epoll.Native.epollWait(Native.java:202)
        at org.apache.ratis.thirdparty.io.netty.channel.epoll.EpollEventLoop.epollWaitNoTimerChange(EpollEventLoop.java:294)
        at org.apache.ratis.thirdparty.io.netty.channel.epoll.EpollEventLoop.run(EpollEventLoop.java:351)
        at org.apache.ratis.thirdparty.io.netty.util.concurrent.SingleThreadEventExecutor$4.run(SingleThreadEventExecutor.java:995)
        at org.apache.ratis.thirdparty.io.netty.util.internal.ThreadExecutorMap$2.run(ThreadExecutorMap.java:74)
        at java.lang.Thread.run(Thread.java:750)
"ChunkReader-ELG-0" daemon prio=5 tid=446 runnable
java.lang.Thread.State: RUNNABLE
        at org.apache.ratis.thirdparty.io.netty.channel.epoll.Native.epollWait0(Native Method)
        at org.apache.ratis.thirdparty.io.netty.channel.epoll.Native.epollWait(Native.java:182)
        at org.apache.ratis.thirdparty.io.netty.channel.epoll.EpollEventLoop.epollWait(EpollEventLoop.java:290)
        at org.apache.ratis.thirdparty.io.netty.channel.epoll.EpollEventLoop.run(EpollEventLoop.java:354)
        at org.apache.ratis.thirdparty.io.netty.util.concurrent.SingleThreadEventExecutor$4.run(SingleThreadEventExecutor.java:995)
        at org.apache.ratis.thirdparty.io.netty.util.internal.ThreadExecutorMap$2.run(ThreadExecutorMap.java:74)
        at java.lang.Thread.run(Thread.java:750)
"Datanode ReportManager Thread - 3" daemon prio=5 tid=215 in Object.wait()
java.lang.Thread.State: WAITING (on object monitor)
        at sun.misc.Unsafe.park(Native Method)
        at java.util.concurrent.locks.LockSupport.park(LockSupport.java:175)
        at java.util.concurrent.locks.AbstractQueuedSynchronizer$ConditionObject.await(AbstractQueuedSynchronizer.java:2039)
        at java.util.concurrent.ScheduledThreadPoolExecutor$DelayedWorkQueue.take(ScheduledThreadPoolExecutor.java:1088)
        at java.util.concurrent.ScheduledThreadPoolExecutor$DelayedWorkQueue.take(ScheduledThreadPoolExecutor.java:809)
        at java.util.concurrent.ThreadPoolExecutor.getTask(ThreadPoolExecutor.java:1074)
        at java.util.concurrent.ThreadPoolExecutor.runWorker(ThreadPoolExecutor.java:1134)
        at java.util.concurrent.ThreadPoolExecutor$Worker.run(ThreadPoolExecutor.java:624)
        at java.lang.Thread.run(Thread.java:750)
"ChunkReader-ELG-0" daemon prio=5 tid=381 runnable
java.lang.Thread.State: RUNNABLE
        at org.apache.ratis.thirdparty.io.netty.channel.epoll.Native.epollWait0(Native Method)
        at org.apache.ratis.thirdparty.io.netty.channel.epoll.Native.epollWait(Native.java:182)
        at org.apache.ratis.thirdparty.io.netty.channel.epoll.EpollEventLoop.epollWait(EpollEventLoop.java:290)
        at org.apache.ratis.thirdparty.io.netty.channel.epoll.EpollEventLoop.run(EpollEventLoop.java:354)
        at org.apache.ratis.thirdparty.io.netty.util.concurrent.SingleThreadEventExecutor$4.run(SingleThreadEventExecutor.java:995)
        at org.apache.ratis.thirdparty.io.netty.util.internal.ThreadExecutorMap$2.run(ThreadExecutorMap.java:74)
        at java.lang.Thread.run(Thread.java:750)
"Datanode ReportManager Thread - 4" daemon prio=5 tid=294 in Object.wait()
java.lang.Thread.State: WAITING (on object monitor)
        at sun.misc.Unsafe.park(Native Method)
        at java.util.concurrent.locks.LockSupport.park(LockSupport.java:175)
        at java.util.concurrent.locks.AbstractQueuedSynchronizer$ConditionObject.await(AbstractQueuedSynchronizer.java:2039)
        at java.util.concurrent.ScheduledThreadPoolExecutor$DelayedWorkQueue.take(ScheduledThreadPoolExecutor.java:1088)
        at java.util.concurrent.ScheduledThreadPoolExecutor$DelayedWorkQueue.take(ScheduledThreadPoolExecutor.java:809)
        at java.util.concurrent.ThreadPoolExecutor.getTask(ThreadPoolExecutor.java:1074)
        at java.util.concurrent.ThreadPoolExecutor.runWorker(ThreadPoolExecutor.java:1134)
        at java.util.concurrent.ThreadPoolExecutor$Worker.run(ThreadPoolExecutor.java:624)
        at java.lang.Thread.run(Thread.java:750)
"Datanode State Machine Task Thread - 1"  prio=5 tid=547 in Object.wait()
java.lang.Thread.State: WAITING (on object monitor)
        at sun.misc.Unsafe.park(Native Method)
        at java.util.concurrent.locks.LockSupport.park(LockSupport.java:175)
        at java.util.concurrent.locks.AbstractQueuedSynchronizer$ConditionObject.await(AbstractQueuedSynchronizer.java:2039)
        at java.util.concurrent.LinkedBlockingQueue.take(LinkedBlockingQueue.java:442)
        at java.util.concurrent.ThreadPoolExecutor.getTask(ThreadPoolExecutor.java:1074)
        at java.util.concurrent.ThreadPoolExecutor.runWorker(ThreadPoolExecutor.java:1134)
        at java.util.concurrent.ThreadPoolExecutor$Worker.run(ThreadPoolExecutor.java:624)
        at java.lang.Thread.run(Thread.java:750)
"Datanode ReportManager Thread - 3" daemon prio=5 tid=241 timed_waiting
java.lang.Thread.State: TIMED_WAITING
        at sun.misc.Unsafe.park(Native Method)
        at java.util.concurrent.locks.LockSupport.parkNanos(LockSupport.java:215)
        at java.util.concurrent.locks.AbstractQueuedSynchronizer$ConditionObject.awaitNanos(AbstractQueuedSynchronizer.java:2078)
        at java.util.concurrent.ScheduledThreadPoolExecutor$DelayedWorkQueue.take(ScheduledThreadPoolExecutor.java:1093)
        at java.util.concurrent.ScheduledThreadPoolExecutor$DelayedWorkQueue.take(ScheduledThreadPoolExecutor.java:809)
        at java.util.concurrent.ThreadPoolExecutor.getTask(ThreadPoolExecutor.java:1074)
        at java.util.concurrent.ThreadPoolExecutor.runWorker(ThreadPoolExecutor.java:1134)
        at java.util.concurrent.ThreadPoolExecutor$Worker.run(ThreadPoolExecutor.java:624)
        at java.lang.Thread.run(Thread.java:750)
"RatisPipelineUtilsThread - 0"  prio=5 tid=15 timed_waiting
java.lang.Thread.State: TIMED_WAITING
        at java.lang.Object.wait(Native Method)
        at org.apache.hadoop.hdds.scm.pipeline.BackgroundPipelineCreator.run(BackgroundPipelineCreator.java:176)
        at org.apache.hadoop.hdds.scm.pipeline.BackgroundPipelineCreator$$Lambda$371/387137936.run(Unknown Source)
        at java.lang.Thread.run(Thread.java:750)
"c61245f4-0084-4810-95a5-490d20dc424d@group-4054D80A22FC-FollowerState" daemon prio=5 tid=732 timed_waiting
java.lang.Thread.State: TIMED_WAITING
        at java.lang.Thread.sleep(Native Method)
        at java.lang.Thread.sleep(Thread.java:342)
        at java.util.concurrent.TimeUnit.sleep(TimeUnit.java:386)
        at org.apache.ratis.util.TimeDuration.sleep(TimeDuration.java:325)
        at org.apache.ratis.util.TimeDuration.sleep(TimeDuration.java:310)
        at org.apache.ratis.server.impl.FollowerState.run(FollowerState.java:128)
"BlockDeletingService#2" daemon prio=5 tid=839 in Object.wait()
java.lang.Thread.State: WAITING (on object monitor)
        at sun.misc.Unsafe.park(Native Method)
        at java.util.concurrent.locks.LockSupport.park(LockSupport.java:175)
        at java.util.concurrent.locks.AbstractQueuedSynchronizer$ConditionObject.await(AbstractQueuedSynchronizer.java:2039)
        at java.util.concurrent.ScheduledThreadPoolExecutor$DelayedWorkQueue.take(ScheduledThreadPoolExecutor.java:1088)
        at java.util.concurrent.ScheduledThreadPoolExecutor$DelayedWorkQueue.take(ScheduledThreadPoolExecutor.java:809)
        at java.util.concurrent.ThreadPoolExecutor.getTask(ThreadPoolExecutor.java:1074)
        at java.util.concurrent.ThreadPoolExecutor.runWorker(ThreadPoolExecutor.java:1134)
        at java.util.concurrent.ThreadPoolExecutor$Worker.run(ThreadPoolExecutor.java:624)
        at java.lang.Thread.run(Thread.java:750)
"BlockDeletingService#1" daemon prio=5 tid=556 timed_waiting
java.lang.Thread.State: TIMED_WAITING
        at sun.misc.Unsafe.park(Native Method)
        at java.util.concurrent.locks.LockSupport.parkNanos(LockSupport.java:215)
        at java.util.concurrent.locks.AbstractQueuedSynchronizer$ConditionObject.awaitNanos(AbstractQueuedSynchronizer.java:2078)
        at java.util.concurrent.ScheduledThreadPoolExecutor$DelayedWorkQueue.take(ScheduledThreadPoolExecutor.java:1093)
        at java.util.concurrent.ScheduledThreadPoolExecutor$DelayedWorkQueue.take(ScheduledThreadPoolExecutor.java:809)
        at java.util.concurrent.ThreadPoolExecutor.getTask(ThreadPoolExecutor.java:1074)
        at java.util.concurrent.ThreadPoolExecutor.runWorker(ThreadPoolExecutor.java:1134)
        at java.util.concurrent.ThreadPoolExecutor$Worker.run(ThreadPoolExecutor.java:624)
        at java.lang.Thread.run(Thread.java:750)
"EndpointStateMachine task thread for /0.0.0.0:46251 - 0 "  prio=5 tid=329 in Object.wait()
java.lang.Thread.State: WAITING (on object monitor)
        at sun.misc.Unsafe.park(Native Method)
        at java.util.concurrent.locks.LockSupport.park(LockSupport.java:175)
        at java.util.concurrent.locks.AbstractQueuedSynchronizer$ConditionObject.await(AbstractQueuedSynchronizer.java:2039)
        at java.util.concurrent.LinkedBlockingQueue.take(LinkedBlockingQueue.java:442)
        at java.util.concurrent.ThreadPoolExecutor.getTask(ThreadPoolExecutor.java:1074)
        at java.util.concurrent.ThreadPoolExecutor.runWorker(ThreadPoolExecutor.java:1134)
        at java.util.concurrent.ThreadPoolExecutor$Worker.run(ThreadPoolExecutor.java:624)
        at java.lang.Thread.run(Thread.java:750)
"IPC Server listener on 0" daemon prio=5 tid=120 runnable
java.lang.Thread.State: RUNNABLE
        at sun.nio.ch.EPollArrayWrapper.epollWait(Native Method)
        at sun.nio.ch.EPollArrayWrapper.poll(EPollArrayWrapper.java:269)
        at sun.nio.ch.EPollSelectorImpl.doSelect(EPollSelectorImpl.java:93)
        at sun.nio.ch.SelectorImpl.lockAndDoSelect(SelectorImpl.java:86)
        at sun.nio.ch.SelectorImpl.select(SelectorImpl.java:97)
        at sun.nio.ch.SelectorImpl.select(SelectorImpl.java:101)
        at org.apache.hadoop.ipc.Server$Listener.run(Server.java:1358)
"91dae643-bef5-471c-869f-4daa43ea47b3-server-thread3" daemon prio=5 tid=698 timed_waiting
java.lang.Thread.State: TIMED_WAITING
        at sun.misc.Unsafe.park(Native Method)
        at java.util.concurrent.locks.LockSupport.parkNanos(LockSupport.java:215)
        at java.util.concurrent.SynchronousQueue$TransferStack.awaitFulfill(SynchronousQueue.java:460)
        at java.util.concurrent.SynchronousQueue$TransferStack.transfer(SynchronousQueue.java:362)
        at java.util.concurrent.SynchronousQueue.poll(SynchronousQueue.java:941)
        at java.util.concurrent.ThreadPoolExecutor.getTask(ThreadPoolExecutor.java:1073)
        at java.util.concurrent.ThreadPoolExecutor.runWorker(ThreadPoolExecutor.java:1134)
        at java.util.concurrent.ThreadPoolExecutor$Worker.run(ThreadPoolExecutor.java:624)
        at java.lang.Thread.run(Thread.java:750)
"IPC Server handler 5 on default port 46251" daemon prio=5 tid=82 timed_waiting
java.lang.Thread.State: TIMED_WAITING
        at sun.misc.Unsafe.park(Native Method)
        at java.util.concurrent.locks.LockSupport.parkNanos(LockSupport.java:215)
        at java.util.concurrent.locks.AbstractQueuedSynchronizer$ConditionObject.awaitNanos(AbstractQueuedSynchronizer.java:2078)
        at java.util.concurrent.LinkedBlockingQueue.poll(LinkedBlockingQueue.java:467)
        at org.apache.hadoop.ipc.CallQueueManager.take(CallQueueManager.java:317)
        at org.apache.hadoop.ipc.Server$Handler.run(Server.java:2942)
"qtp2113440138-200" daemon prio=5 tid=200 timed_waiting
java.lang.Thread.State: TIMED_WAITING
        at sun.misc.Unsafe.park(Native Method)
        at java.util.concurrent.locks.LockSupport.parkNanos(LockSupport.java:215)
        at java.util.concurrent.locks.AbstractQueuedSynchronizer$ConditionObject.awaitNanos(AbstractQueuedSynchronizer.java:2078)
        at org.eclipse.jetty.util.BlockingArrayQueue.poll(BlockingArrayQueue.java:382)
        at org.eclipse.jetty.util.thread.QueuedThreadPool$Runner.idleJobPoll(QueuedThreadPool.java:974)
        at org.eclipse.jetty.util.thread.QueuedThreadPool$Runner.run(QueuedThreadPool.java:1018)
        at java.lang.Thread.run(Thread.java:750)
"IPC Server handler 7 on default port 38247" daemon prio=5 tid=44 timed_waiting
java.lang.Thread.State: TIMED_WAITING
        at sun.misc.Unsafe.park(Native Method)
        at java.util.concurrent.locks.LockSupport.parkNanos(LockSupport.java:215)
        at java.util.concurrent.locks.AbstractQueuedSynchronizer$ConditionObject.awaitNanos(AbstractQueuedSynchronizer.java:2078)
        at java.util.concurrent.LinkedBlockingQueue.poll(LinkedBlockingQueue.java:467)
        at org.apache.hadoop.ipc.CallQueueManager.take(CallQueueManager.java:317)
        at org.apache.hadoop.ipc.Server$Handler.run(Server.java:2942)
"Datanode ReportManager Thread - 3" daemon prio=5 tid=436 timed_waiting
java.lang.Thread.State: TIMED_WAITING
        at sun.misc.Unsafe.park(Native Method)
        at java.util.concurrent.locks.LockSupport.parkNanos(LockSupport.java:215)
        at java.util.concurrent.locks.AbstractQueuedSynchronizer$ConditionObject.awaitNanos(AbstractQueuedSynchronizer.java:2078)
        at java.util.concurrent.ScheduledThreadPoolExecutor$DelayedWorkQueue.take(ScheduledThreadPoolExecutor.java:1093)
        at java.util.concurrent.ScheduledThreadPoolExecutor$DelayedWorkQueue.take(ScheduledThreadPoolExecutor.java:809)
        at java.util.concurrent.ThreadPoolExecutor.getTask(ThreadPoolExecutor.java:1074)
        at java.util.concurrent.ThreadPoolExecutor.runWorker(ThreadPoolExecutor.java:1134)
        at java.util.concurrent.ThreadPoolExecutor$Worker.run(ThreadPoolExecutor.java:624)
        at java.lang.Thread.run(Thread.java:750)
"ChunkReader-2" daemon prio=5 tid=783 in Object.wait()
java.lang.Thread.State: WAITING (on object monitor)
        at sun.misc.Unsafe.park(Native Method)
        at java.util.concurrent.locks.LockSupport.park(LockSupport.java:175)
        at java.util.concurrent.locks.AbstractQueuedSynchronizer$ConditionObject.await(AbstractQueuedSynchronizer.java:2039)
        at java.util.concurrent.LinkedBlockingQueue.take(LinkedBlockingQueue.java:442)
        at java.util.concurrent.ThreadPoolExecutor.getTask(ThreadPoolExecutor.java:1074)
        at java.util.concurrent.ThreadPoolExecutor.runWorker(ThreadPoolExecutor.java:1134)
        at java.util.concurrent.ThreadPoolExecutor$Worker.run(ThreadPoolExecutor.java:624)
        at java.lang.Thread.run(Thread.java:750)
"IPC Server handler 6 on default port 46251" daemon prio=5 tid=83 timed_waiting
java.lang.Thread.State: TIMED_WAITING
        at sun.misc.Unsafe.park(Native Method)
        at java.util.concurrent.locks.LockSupport.parkNanos(LockSupport.java:215)
        at java.util.concurrent.locks.AbstractQueuedSynchronizer$ConditionObject.awaitNanos(AbstractQueuedSynchronizer.java:2078)
        at java.util.concurrent.LinkedBlockingQueue.poll(LinkedBlockingQueue.java:467)
        at org.apache.hadoop.ipc.CallQueueManager.take(CallQueueManager.java:317)
        at org.apache.hadoop.ipc.Server$Handler.run(Server.java:2942)
"qtp1130529378-466" daemon prio=5 tid=466 timed_waiting
java.lang.Thread.State: TIMED_WAITING
        at sun.misc.Unsafe.park(Native Method)
        at java.util.concurrent.locks.LockSupport.parkNanos(LockSupport.java:215)
        at java.util.concurrent.locks.AbstractQueuedSynchronizer$ConditionObject.awaitNanos(AbstractQueuedSynchronizer.java:2078)
        at org.eclipse.jetty.util.BlockingArrayQueue.poll(BlockingArrayQueue.java:382)
        at org.eclipse.jetty.util.thread.QueuedThreadPool$Runner.idleJobPoll(QueuedThreadPool.java:974)
        at org.eclipse.jetty.util.thread.QueuedThreadPool$Runner.run(QueuedThreadPool.java:1018)
        at java.lang.Thread.run(Thread.java:750)
"EndpointStateMachine task thread for /0.0.0.0:46251 - 0 "  prio=5 tid=536 in Object.wait()
java.lang.Thread.State: WAITING (on object monitor)
        at sun.misc.Unsafe.park(Native Method)
        at java.util.concurrent.locks.LockSupport.park(LockSupport.java:175)
        at java.util.concurrent.locks.AbstractQueuedSynchronizer$ConditionObject.await(AbstractQueuedSynchronizer.java:2039)
        at java.util.concurrent.LinkedBlockingQueue.take(LinkedBlockingQueue.java:442)
        at java.util.concurrent.ThreadPoolExecutor.getTask(ThreadPoolExecutor.java:1074)
        at java.util.concurrent.ThreadPoolExecutor.runWorker(ThreadPoolExecutor.java:1134)
        at java.util.concurrent.ThreadPoolExecutor$Worker.run(ThreadPoolExecutor.java:624)
        at java.lang.Thread.run(Thread.java:750)
"BlockDeletingService#1" daemon prio=5 tid=499 timed_waiting
java.lang.Thread.State: TIMED_WAITING
        at sun.misc.Unsafe.park(Native Method)
        at java.util.concurrent.locks.LockSupport.parkNanos(LockSupport.java:215)
        at java.util.concurrent.locks.AbstractQueuedSynchronizer$ConditionObject.awaitNanos(AbstractQueuedSynchronizer.java:2078)
        at java.util.concurrent.ScheduledThreadPoolExecutor$DelayedWorkQueue.take(ScheduledThreadPoolExecutor.java:1093)
        at java.util.concurrent.ScheduledThreadPoolExecutor$DelayedWorkQueue.take(ScheduledThreadPoolExecutor.java:809)
        at java.util.concurrent.ThreadPoolExecutor.getTask(ThreadPoolExecutor.java:1074)
        at java.util.concurrent.ThreadPoolExecutor.runWorker(ThreadPoolExecutor.java:1134)
        at java.util.concurrent.ThreadPoolExecutor$Worker.run(ThreadPoolExecutor.java:624)
        at java.lang.Thread.run(Thread.java:750)
"qtp902495413-258" daemon prio=5 tid=258 timed_waiting
java.lang.Thread.State: TIMED_WAITING
        at sun.misc.Unsafe.park(Native Method)
        at java.util.concurrent.locks.LockSupport.parkNanos(LockSupport.java:215)
        at java.util.concurrent.locks.AbstractQueuedSynchronizer$ConditionObject.awaitNanos(AbstractQueuedSynchronizer.java:2078)
        at org.eclipse.jetty.util.BlockingArrayQueue.poll(BlockingArrayQueue.java:382)
        at org.eclipse.jetty.util.thread.QueuedThreadPool$Runner.idleJobPoll(QueuedThreadPool.java:974)
        at org.eclipse.jetty.util.thread.QueuedThreadPool$Runner.run(QueuedThreadPool.java:1018)
        at java.lang.Thread.run(Thread.java:750)
"org.apache.hadoop.util.JvmPauseMonitor$Monitor@2d42d4ad" daemon prio=5 tid=439 timed_waiting
java.lang.Thread.State: TIMED_WAITING
        at java.lang.Thread.sleep(Native Method)
        at org.apache.hadoop.util.JvmPauseMonitor$Monitor.run(JvmPauseMonitor.java:192)
        at java.lang.Thread.run(Thread.java:750)
"ChunkWriter-3-0" daemon prio=5 tid=528 in Object.wait()
java.lang.Thread.State: WAITING (on object monitor)
        at sun.misc.Unsafe.park(Native Method)
        at java.util.concurrent.locks.LockSupport.park(LockSupport.java:175)
        at java.util.concurrent.locks.AbstractQueuedSynchronizer$ConditionObject.await(AbstractQueuedSynchronizer.java:2039)
        at java.util.concurrent.LinkedBlockingDeque.takeFirst(LinkedBlockingDeque.java:492)
        at java.util.concurrent.LinkedBlockingDeque.take(LinkedBlockingDeque.java:680)
        at java.util.concurrent.ThreadPoolExecutor.getTask(ThreadPoolExecutor.java:1074)
        at java.util.concurrent.ThreadPoolExecutor.runWorker(ThreadPoolExecutor.java:1134)
        at java.util.concurrent.ThreadPoolExecutor$Worker.run(ThreadPoolExecutor.java:624)
        at java.lang.Thread.run(Thread.java:750)
"qtp573924191-283" daemon prio=5 tid=283 timed_waiting
java.lang.Thread.State: TIMED_WAITING
        at sun.misc.Unsafe.park(Native Method)
        at java.util.concurrent.locks.LockSupport.parkNanos(LockSupport.java:215)
        at java.util.concurrent.locks.AbstractQueuedSynchronizer$ConditionObject.awaitNanos(AbstractQueuedSynchronizer.java:2078)
        at org.eclipse.jetty.util.BlockingArrayQueue.poll(BlockingArrayQueue.java:382)
        at org.eclipse.jetty.util.thread.QueuedThreadPool$Runner.idleJobPoll(QueuedThreadPool.java:974)
        at org.eclipse.jetty.util.thread.QueuedThreadPool$Runner.run(QueuedThreadPool.java:1018)
        at java.lang.Thread.run(Thread.java:750)
"pool-180-thread-1" daemon prio=5 tid=301 timed_waiting
java.lang.Thread.State: TIMED_WAITING
        at sun.misc.Unsafe.park(Native Method)
        at java.util.concurrent.locks.LockSupport.parkNanos(LockSupport.java:215)
        at java.util.concurrent.locks.AbstractQueuedSynchronizer$ConditionObject.awaitNanos(AbstractQueuedSynchronizer.java:2078)
        at java.util.concurrent.ScheduledThreadPoolExecutor$DelayedWorkQueue.take(ScheduledThreadPoolExecutor.java:1093)
        at java.util.concurrent.ScheduledThreadPoolExecutor$DelayedWorkQueue.take(ScheduledThreadPoolExecutor.java:809)
        at java.util.concurrent.ThreadPoolExecutor.getTask(ThreadPoolExecutor.java:1074)
        at java.util.concurrent.ThreadPoolExecutor.runWorker(ThreadPoolExecutor.java:1134)
        at java.util.concurrent.ThreadPoolExecutor$Worker.run(ThreadPoolExecutor.java:624)
        at java.lang.Thread.run(Thread.java:750)
"qtp159394830-311" daemon prio=5 tid=311 timed_waiting
java.lang.Thread.State: TIMED_WAITING
        at sun.misc.Unsafe.park(Native Method)
        at java.util.concurrent.locks.LockSupport.parkNanos(LockSupport.java:215)
        at java.util.concurrent.locks.AbstractQueuedSynchronizer$ConditionObject.awaitNanos(AbstractQueuedSynchronizer.java:2078)
        at org.eclipse.jetty.util.BlockingArrayQueue.poll(BlockingArrayQueue.java:382)
        at org.eclipse.jetty.util.thread.QueuedThreadPool$Runner.idleJobPoll(QueuedThreadPool.java:974)
        at org.eclipse.jetty.util.thread.QueuedThreadPool$Runner.run(QueuedThreadPool.java:1018)
        at java.lang.Thread.run(Thread.java:750)
"BlockDeletingService#1" daemon prio=5 tid=545 timed_waiting
java.lang.Thread.State: TIMED_WAITING
        at sun.misc.Unsafe.park(Native Method)
        at java.util.concurrent.locks.LockSupport.parkNanos(LockSupport.java:215)
        at java.util.concurrent.locks.AbstractQueuedSynchronizer$ConditionObject.awaitNanos(AbstractQueuedSynchronizer.java:2078)
        at java.util.concurrent.ScheduledThreadPoolExecutor$DelayedWorkQueue.take(ScheduledThreadPoolExecutor.java:1093)
        at java.util.concurrent.ScheduledThreadPoolExecutor$DelayedWorkQueue.take(ScheduledThreadPoolExecutor.java:809)
        at java.util.concurrent.ThreadPoolExecutor.getTask(ThreadPoolExecutor.java:1074)
        at java.util.concurrent.ThreadPoolExecutor.runWorker(ThreadPoolExecutor.java:1134)
        at java.util.concurrent.ThreadPoolExecutor$Worker.run(ThreadPoolExecutor.java:624)
        at java.lang.Thread.run(Thread.java:750)
"IPC Server handler 18 on default port 46251" daemon prio=5 tid=95 timed_waiting
java.lang.Thread.State: TIMED_WAITING
        at sun.misc.Unsafe.park(Native Method)
        at java.util.concurrent.locks.LockSupport.parkNanos(LockSupport.java:215)
        at java.util.concurrent.locks.AbstractQueuedSynchronizer$ConditionObject.awaitNanos(AbstractQueuedSynchronizer.java:2078)
        at java.util.concurrent.LinkedBlockingQueue.poll(LinkedBlockingQueue.java:467)
        at org.apache.hadoop.ipc.CallQueueManager.take(CallQueueManager.java:317)
        at org.apache.hadoop.ipc.Server$Handler.run(Server.java:2942)
"IPC Server handler 8 on default port 39185" daemon prio=5 tid=65 timed_waiting
java.lang.Thread.State: TIMED_WAITING
        at sun.misc.Unsafe.park(Native Method)
        at java.util.concurrent.locks.LockSupport.parkNanos(LockSupport.java:215)
        at java.util.concurrent.locks.AbstractQueuedSynchronizer$ConditionObject.awaitNanos(AbstractQueuedSynchronizer.java:2078)
        at java.util.concurrent.LinkedBlockingQueue.poll(LinkedBlockingQueue.java:467)
        at org.apache.hadoop.ipc.CallQueueManager.take(CallQueueManager.java:317)
        at org.apache.hadoop.ipc.Server$Handler.run(Server.java:2942)
"IPC Server handler 12 on default port 40043" daemon prio=5 tid=156 timed_waiting
java.lang.Thread.State: TIMED_WAITING
        at sun.misc.Unsafe.park(Native Method)
        at java.util.concurrent.locks.LockSupport.parkNanos(LockSupport.java:215)
        at java.util.concurrent.locks.AbstractQueuedSynchronizer$ConditionObject.awaitNanos(AbstractQueuedSynchronizer.java:2078)
        at java.util.concurrent.LinkedBlockingQueue.poll(LinkedBlockingQueue.java:467)
        at org.apache.hadoop.ipc.CallQueueManager.take(CallQueueManager.java:317)
        at org.apache.hadoop.ipc.Server$Handler.run(Server.java:2942)
"c61245f4-0084-4810-95a5-490d20dc424d@group-4054D80A22FC-SegmentedRaftLogWorker"  prio=5 tid=617 timed_waiting
java.lang.Thread.State: TIMED_WAITING
        at sun.misc.Unsafe.park(Native Method)
        at java.util.concurrent.locks.LockSupport.parkNanos(LockSupport.java:215)
        at java.util.concurrent.locks.AbstractQueuedSynchronizer$ConditionObject.awaitNanos(AbstractQueuedSynchronizer.java:2078)
        at org.apache.ratis.util.DataBlockingQueue.poll(DataBlockingQueue.java:148)
        at org.apache.ratis.server.raftlog.segmented.SegmentedRaftLogWorker.run(SegmentedRaftLogWorker.java:310)
        at org.apache.ratis.server.raftlog.segmented.SegmentedRaftLogWorker$$Lambda$661/1265419919.run(Unknown Source)
        at java.lang.Thread.run(Thread.java:750)
"ChunkWriter-1-0" daemon prio=5 tid=471 in Object.wait()
java.lang.Thread.State: WAITING (on object monitor)
        at sun.misc.Unsafe.park(Native Method)
        at java.util.concurrent.locks.LockSupport.park(LockSupport.java:175)
        at java.util.concurrent.locks.AbstractQueuedSynchronizer$ConditionObject.await(AbstractQueuedSynchronizer.java:2039)
        at java.util.concurrent.LinkedBlockingDeque.takeFirst(LinkedBlockingDeque.java:492)
        at java.util.concurrent.LinkedBlockingDeque.take(LinkedBlockingDeque.java:680)
        at java.util.concurrent.ThreadPoolExecutor.getTask(ThreadPoolExecutor.java:1074)
        at java.util.concurrent.ThreadPoolExecutor.runWorker(ThreadPoolExecutor.java:1134)
        at java.util.concurrent.ThreadPoolExecutor$Worker.run(ThreadPoolExecutor.java:624)
        at java.lang.Thread.run(Thread.java:750)
"qtp1130529378-464" daemon prio=5 tid=464 timed_waiting
java.lang.Thread.State: TIMED_WAITING
        at sun.misc.Unsafe.park(Native Method)
        at java.util.concurrent.locks.LockSupport.parkNanos(LockSupport.java:215)
        at java.util.concurrent.locks.AbstractQueuedSynchronizer$ConditionObject.awaitNanos(AbstractQueuedSynchronizer.java:2078)
        at org.eclipse.jetty.util.BlockingArrayQueue.poll(BlockingArrayQueue.java:382)
        at org.eclipse.jetty.util.thread.QueuedThreadPool$Runner.idleJobPoll(QueuedThreadPool.java:974)
        at org.eclipse.jetty.util.thread.QueuedThreadPool$Runner.run(QueuedThreadPool.java:1018)
        at java.lang.Thread.run(Thread.java:750)
"ChunkReader-3" daemon prio=5 tid=784 in Object.wait()
java.lang.Thread.State: WAITING (on object monitor)
        at sun.misc.Unsafe.park(Native Method)
        at java.util.concurrent.locks.LockSupport.park(LockSupport.java:175)
        at java.util.concurrent.locks.AbstractQueuedSynchronizer$ConditionObject.await(AbstractQueuedSynchronizer.java:2039)
        at java.util.concurrent.LinkedBlockingQueue.take(LinkedBlockingQueue.java:442)
        at java.util.concurrent.ThreadPoolExecutor.getTask(ThreadPoolExecutor.java:1074)
        at java.util.concurrent.ThreadPoolExecutor.runWorker(ThreadPoolExecutor.java:1134)
        at java.util.concurrent.ThreadPoolExecutor$Worker.run(ThreadPoolExecutor.java:624)
        at java.lang.Thread.run(Thread.java:750)
"BlockDeletingService#2" daemon prio=5 tid=836 in Object.wait()
java.lang.Thread.State: WAITING (on object monitor)
        at sun.misc.Unsafe.park(Native Method)
        at java.util.concurrent.locks.LockSupport.park(LockSupport.java:175)
        at java.util.concurrent.locks.AbstractQueuedSynchronizer$ConditionObject.await(AbstractQueuedSynchronizer.java:2039)
        at java.util.concurrent.ScheduledThreadPoolExecutor$DelayedWorkQueue.take(ScheduledThreadPoolExecutor.java:1088)
        at java.util.concurrent.ScheduledThreadPoolExecutor$DelayedWorkQueue.take(ScheduledThreadPoolExecutor.java:809)
        at java.util.concurrent.ThreadPoolExecutor.getTask(ThreadPoolExecutor.java:1074)
        at java.util.concurrent.ThreadPoolExecutor.runWorker(ThreadPoolExecutor.java:1134)
        at java.util.concurrent.ThreadPoolExecutor$Worker.run(ThreadPoolExecutor.java:624)
        at java.lang.Thread.run(Thread.java:750)
"Datanode State Machine Daemon Thread" daemon prio=5 tid=315 timed_waiting
java.lang.Thread.State: TIMED_WAITING
        at java.lang.Thread.sleep(Native Method)
        at org.apache.hadoop.ozone.container.common.statemachine.DatanodeStateMachine.startStateMachineThread(DatanodeStateMachine.java:313)
        at org.apache.hadoop.ozone.container.common.statemachine.DatanodeStateMachine.lambda$startDaemon$0(DatanodeStateMachine.java:493)
        at org.apache.hadoop.ozone.container.common.statemachine.DatanodeStateMachine$$Lambda$745/2059952062.run(Unknown Source)
        at java.lang.Thread.run(Thread.java:750)
"IPC Server handler 5 on default port 39185" daemon prio=5 tid=62 timed_waiting
java.lang.Thread.State: TIMED_WAITING
        at sun.misc.Unsafe.park(Native Method)
        at java.util.concurrent.locks.LockSupport.parkNanos(LockSupport.java:215)
        at java.util.concurrent.locks.AbstractQueuedSynchronizer$ConditionObject.awaitNanos(AbstractQueuedSynchronizer.java:2078)
        at java.util.concurrent.LinkedBlockingQueue.poll(LinkedBlockingQueue.java:467)
        at org.apache.hadoop.ipc.CallQueueManager.take(CallQueueManager.java:317)
        at org.apache.hadoop.ipc.Server$Handler.run(Server.java:2942)
"Timer for 'StorageContainerManager' metrics system" daemon prio=5 tid=35 timed_waiting
java.lang.Thread.State: TIMED_WAITING
        at java.lang.Object.wait(Native Method)
        at java.util.TimerThread.mainLoop(Timer.java:552)
        at java.util.TimerThread.run(Timer.java:505)
"ChunkReader-1" daemon prio=5 tid=771 in Object.wait()
java.lang.Thread.State: WAITING (on object monitor)
        at sun.misc.Unsafe.park(Native Method)
        at java.util.concurrent.locks.LockSupport.park(LockSupport.java:175)
        at java.util.concurrent.locks.AbstractQueuedSynchronizer$ConditionObject.await(AbstractQueuedSynchronizer.java:2039)
        at java.util.concurrent.LinkedBlockingQueue.take(LinkedBlockingQueue.java:442)
        at java.util.concurrent.ThreadPoolExecutor.getTask(ThreadPoolExecutor.java:1074)
        at java.util.concurrent.ThreadPoolExecutor.runWorker(ThreadPoolExecutor.java:1134)
        at java.util.concurrent.ThreadPoolExecutor$Worker.run(ThreadPoolExecutor.java:624)
        at java.lang.Thread.run(Thread.java:750)
"Datanode State Machine Task Thread - 1"  prio=5 tid=522 in Object.wait()
java.lang.Thread.State: WAITING (on object monitor)
        at sun.misc.Unsafe.park(Native Method)
        at java.util.concurrent.locks.LockSupport.park(LockSupport.java:175)
        at java.util.concurrent.locks.AbstractQueuedSynchronizer$ConditionObject.await(AbstractQueuedSynchronizer.java:2039)
        at java.util.concurrent.LinkedBlockingQueue.take(LinkedBlockingQueue.java:442)
        at java.util.concurrent.ThreadPoolExecutor.getTask(ThreadPoolExecutor.java:1074)
        at java.util.concurrent.ThreadPoolExecutor.runWorker(ThreadPoolExecutor.java:1134)
        at java.util.concurrent.ThreadPoolExecutor$Worker.run(ThreadPoolExecutor.java:624)
        at java.lang.Thread.run(Thread.java:750)
"StaleRecoveringContainerScrubbingService#0" daemon prio=5 tid=532 in Object.wait()
java.lang.Thread.State: WAITING (on object monitor)
        at sun.misc.Unsafe.park(Native Method)
        at java.util.concurrent.locks.LockSupport.park(LockSupport.java:175)
        at java.util.concurrent.locks.AbstractQueuedSynchronizer$ConditionObject.await(AbstractQueuedSynchronizer.java:2039)
        at java.util.concurrent.ScheduledThreadPoolExecutor$DelayedWorkQueue.take(ScheduledThreadPoolExecutor.java:1088)
        at java.util.concurrent.ScheduledThreadPoolExecutor$DelayedWorkQueue.take(ScheduledThreadPoolExecutor.java:809)
        at java.util.concurrent.ThreadPoolExecutor.getTask(ThreadPoolExecutor.java:1074)
        at java.util.concurrent.ThreadPoolExecutor.runWorker(ThreadPoolExecutor.java:1134)
        at java.util.concurrent.ThreadPoolExecutor$Worker.run(ThreadPoolExecutor.java:624)
        at java.lang.Thread.run(Thread.java:750)
"IPC Server handler 3 on default port 38247" daemon prio=5 tid=40 timed_waiting
java.lang.Thread.State: TIMED_WAITING
        at sun.misc.Unsafe.park(Native Method)
        at java.util.concurrent.locks.LockSupport.parkNanos(LockSupport.java:215)
        at java.util.concurrent.locks.AbstractQueuedSynchronizer$ConditionObject.awaitNanos(AbstractQueuedSynchronizer.java:2078)
        at java.util.concurrent.LinkedBlockingQueue.poll(LinkedBlockingQueue.java:467)
        at org.apache.hadoop.ipc.CallQueueManager.take(CallQueueManager.java:317)
        at org.apache.hadoop.ipc.Server$Handler.run(Server.java:2942)
"IPC Server handler 0 on default port 38247" daemon prio=5 tid=37 timed_waiting
java.lang.Thread.State: TIMED_WAITING
        at sun.misc.Unsafe.park(Native Method)
        at java.util.concurrent.locks.LockSupport.parkNanos(LockSupport.java:215)
        at java.util.concurrent.locks.AbstractQueuedSynchronizer$ConditionObject.awaitNanos(AbstractQueuedSynchronizer.java:2078)
        at java.util.concurrent.LinkedBlockingQueue.poll(LinkedBlockingQueue.java:467)
        at org.apache.hadoop.ipc.CallQueueManager.take(CallQueueManager.java:317)
        at org.apache.hadoop.ipc.Server$Handler.run(Server.java:2942)
"qtp902495413-261" daemon prio=5 tid=261 timed_waiting
java.lang.Thread.State: TIMED_WAITING
        at sun.misc.Unsafe.park(Native Method)
        at java.util.concurrent.locks.LockSupport.parkNanos(LockSupport.java:215)
        at java.util.concurrent.locks.AbstractQueuedSynchronizer$ConditionObject.awaitNanos(AbstractQueuedSynchronizer.java:2078)
        at org.eclipse.jetty.util.BlockingArrayQueue.poll(BlockingArrayQueue.java:382)
        at org.eclipse.jetty.util.thread.QueuedThreadPool$Runner.idleJobPoll(QueuedThreadPool.java:974)
        at org.eclipse.jetty.util.thread.QueuedThreadPool$Runner.run(QueuedThreadPool.java:1018)
        at java.lang.Thread.run(Thread.java:750)
"2de491c0-1905-4845-ada7-2a3c171f2066@group-4054D80A22FC-SegmentedRaftLogWorker"  prio=5 tid=612 timed_waiting
java.lang.Thread.State: TIMED_WAITING
        at sun.misc.Unsafe.park(Native Method)
        at java.util.concurrent.locks.LockSupport.parkNanos(LockSupport.java:215)
        at java.util.concurrent.locks.AbstractQueuedSynchronizer$ConditionObject.awaitNanos(AbstractQueuedSynchronizer.java:2078)
        at org.apache.ratis.util.DataBlockingQueue.poll(DataBlockingQueue.java:148)
        at org.apache.ratis.server.raftlog.segmented.SegmentedRaftLogWorker.run(SegmentedRaftLogWorker.java:310)
        at org.apache.ratis.server.raftlog.segmented.SegmentedRaftLogWorker$$Lambda$661/1265419919.run(Unknown Source)
        at java.lang.Thread.run(Thread.java:750)
"qtp939893108-428" daemon prio=5 tid=428 timed_waiting
java.lang.Thread.State: TIMED_WAITING
        at sun.misc.Unsafe.park(Native Method)
        at java.util.concurrent.locks.LockSupport.parkNanos(LockSupport.java:215)
        at java.util.concurrent.locks.AbstractQueuedSynchronizer$ConditionObject.awaitNanos(AbstractQueuedSynchronizer.java:2078)
        at org.eclipse.jetty.util.BlockingArrayQueue.poll(BlockingArrayQueue.java:382)
        at org.eclipse.jetty.util.thread.QueuedThreadPool$Runner.idleJobPoll(QueuedThreadPool.java:974)
        at org.eclipse.jetty.util.thread.QueuedThreadPool$Runner.run(QueuedThreadPool.java:1018)
        at java.lang.Thread.run(Thread.java:750)
"f675d99d-517f-4d8a-bd29-886eede0250d@group-10C9AF99BEBA-StateMachineUpdater" daemon prio=5 tid=606 timed_waiting
java.lang.Thread.State: TIMED_WAITING
        at sun.misc.Unsafe.park(Native Method)
        at java.util.concurrent.locks.LockSupport.parkNanos(LockSupport.java:215)
        at java.util.concurrent.CompletableFuture$Signaller.block(CompletableFuture.java:1709)
        at java.util.concurrent.ForkJoinPool.managedBlock(ForkJoinPool.java:3323)
        at java.util.concurrent.CompletableFuture.timedGet(CompletableFuture.java:1788)
        at java.util.concurrent.CompletableFuture.get(CompletableFuture.java:1928)
        at org.apache.ratis.util.AwaitForSignal.await(AwaitForSignal.java:56)
        at org.apache.ratis.server.impl.StateMachineUpdater.waitForCommit(StateMachineUpdater.java:207)
        at org.apache.ratis.server.impl.StateMachineUpdater.run(StateMachineUpdater.java:176)
        at java.lang.Thread.run(Thread.java:750)
"qtp2041292819-101" daemon prio=5 tid=101 timed_waiting
java.lang.Thread.State: TIMED_WAITING
        at sun.misc.Unsafe.park(Native Method)
        at java.util.concurrent.locks.LockSupport.parkNanos(LockSupport.java:215)
        at java.util.concurrent.locks.AbstractQueuedSynchronizer$ConditionObject.awaitNanos(AbstractQueuedSynchronizer.java:2078)
        at org.eclipse.jetty.util.BlockingArrayQueue.poll(BlockingArrayQueue.java:382)
        at org.eclipse.jetty.util.thread.QueuedThreadPool$Runner.idleJobPoll(QueuedThreadPool.java:974)
        at org.eclipse.jetty.util.thread.QueuedThreadPool$Runner.run(QueuedThreadPool.java:1018)
        at java.lang.Thread.run(Thread.java:750)
"IPC Server handler 8 on default port 40043" daemon prio=5 tid=152 timed_waiting
java.lang.Thread.State: TIMED_WAITING
        at sun.misc.Unsafe.park(Native Method)
        at java.util.concurrent.locks.LockSupport.parkNanos(LockSupport.java:215)
        at java.util.concurrent.locks.AbstractQueuedSynchronizer$ConditionObject.awaitNanos(AbstractQueuedSynchronizer.java:2078)
        at java.util.concurrent.LinkedBlockingQueue.poll(LinkedBlockingQueue.java:467)
        at org.apache.hadoop.ipc.CallQueueManager.take(CallQueueManager.java:317)
        at org.apache.hadoop.ipc.Server$Handler.run(Server.java:2942)
"pool-173-thread-1"  prio=5 tid=279 timed_waiting
java.lang.Thread.State: TIMED_WAITING
        at sun.misc.Unsafe.park(Native Method)
        at java.util.concurrent.locks.LockSupport.parkNanos(LockSupport.java:215)
        at java.util.concurrent.locks.AbstractQueuedSynchronizer$ConditionObject.awaitNanos(AbstractQueuedSynchronizer.java:2078)
        at java.util.concurrent.ScheduledThreadPoolExecutor$DelayedWorkQueue.take(ScheduledThreadPoolExecutor.java:1093)
        at java.util.concurrent.ScheduledThreadPoolExecutor$DelayedWorkQueue.take(ScheduledThreadPoolExecutor.java:809)
        at java.util.concurrent.ThreadPoolExecutor.getTask(ThreadPoolExecutor.java:1074)
        at java.util.concurrent.ThreadPoolExecutor.runWorker(ThreadPoolExecutor.java:1134)
        at java.util.concurrent.ThreadPoolExecutor$Worker.run(ThreadPoolExecutor.java:624)
        at java.lang.Thread.run(Thread.java:750)
"f675d99d-517f-4d8a-bd29-886eede0250d@group-4054D80A22FC-SegmentedRaftLogWorker"  prio=5 tid=607 timed_waiting
java.lang.Thread.State: TIMED_WAITING
        at sun.misc.Unsafe.park(Native Method)
        at java.util.concurrent.locks.LockSupport.parkNanos(LockSupport.java:215)
        at java.util.concurrent.locks.AbstractQueuedSynchronizer$ConditionObject.awaitNanos(AbstractQueuedSynchronizer.java:2078)
        at org.apache.ratis.util.DataBlockingQueue.poll(DataBlockingQueue.java:148)
        at org.apache.ratis.server.raftlog.segmented.SegmentedRaftLogWorker.run(SegmentedRaftLogWorker.java:310)
        at org.apache.ratis.server.raftlog.segmented.SegmentedRaftLogWorker$$Lambda$661/1265419919.run(Unknown Source)
        at java.lang.Thread.run(Thread.java:750)
"CommandWatcher-LeaseManager#LeaseMonitor" daemon prio=5 tid=36 timed_waiting
java.lang.Thread.State: TIMED_WAITING
        at java.lang.Object.wait(Native Method)
        at org.apache.hadoop.ozone.lease.LeaseManager$LeaseMonitor.run(LeaseManager.java:238)
        at java.lang.Thread.run(Thread.java:750)
"qtp939893108-426" daemon prio=5 tid=426 timed_waiting
java.lang.Thread.State: TIMED_WAITING
        at sun.misc.Unsafe.park(Native Method)
        at java.util.concurrent.locks.LockSupport.parkNanos(LockSupport.java:215)
        at java.util.concurrent.locks.AbstractQueuedSynchronizer$ConditionObject.awaitNanos(AbstractQueuedSynchronizer.java:2078)
        at org.eclipse.jetty.util.BlockingArrayQueue.poll(BlockingArrayQueue.java:382)
        at org.eclipse.jetty.util.thread.QueuedThreadPool$Runner.idleJobPoll(QueuedThreadPool.java:974)
        at org.eclipse.jetty.util.thread.QueuedThreadPool$Runner.run(QueuedThreadPool.java:1018)
        at java.lang.Thread.run(Thread.java:750)
"qtp902495413-254" daemon prio=5 tid=254 runnable
java.lang.Thread.State: RUNNABLE
        at sun.nio.ch.EPollArrayWrapper.epollWait(Native Method)
        at sun.nio.ch.EPollArrayWrapper.poll(EPollArrayWrapper.java:269)
        at sun.nio.ch.EPollSelectorImpl.doSelect(EPollSelectorImpl.java:93)
        at sun.nio.ch.SelectorImpl.lockAndDoSelect(SelectorImpl.java:86)
        at sun.nio.ch.SelectorImpl.select(SelectorImpl.java:97)
        at sun.nio.ch.SelectorImpl.select(SelectorImpl.java:101)
        at org.eclipse.jetty.io.ManagedSelector.nioSelect(ManagedSelector.java:183)
        at org.eclipse.jetty.io.ManagedSelector.select(ManagedSelector.java:190)
        at org.eclipse.jetty.io.ManagedSelector$SelectorProducer.select(ManagedSelector.java:606)
        at org.eclipse.jetty.io.ManagedSelector$SelectorProducer.produce(ManagedSelector.java:543)
        at org.eclipse.jetty.util.thread.strategy.EatWhatYouKill.produceTask(EatWhatYouKill.java:362)
        at org.eclipse.jetty.util.thread.strategy.EatWhatYouKill.doProduce(EatWhatYouKill.java:186)
        at org.eclipse.jetty.util.thread.strategy.EatWhatYouKill.tryProduce(EatWhatYouKill.java:173)
        at org.eclipse.jetty.util.thread.strategy.EatWhatYouKill.produce(EatWhatYouKill.java:137)
        at org.eclipse.jetty.io.ManagedSelector$$Lambda$443/1383931873.run(Unknown Source)
        at org.eclipse.jetty.util.thread.QueuedThreadPool.runJob(QueuedThreadPool.java:883)
        at org.eclipse.jetty.util.thread.QueuedThreadPool$Runner.run(QueuedThreadPool.java:1034)
        at java.lang.Thread.run(Thread.java:750)
"BlockDeletingService#0" daemon prio=5 tid=476 in Object.wait()
java.lang.Thread.State: WAITING (on object monitor)
        at sun.misc.Unsafe.park(Native Method)
        at java.util.concurrent.locks.LockSupport.park(LockSupport.java:175)
        at java.util.concurrent.locks.AbstractQueuedSynchronizer$ConditionObject.await(AbstractQueuedSynchronizer.java:2039)
        at java.util.concurrent.ScheduledThreadPoolExecutor$DelayedWorkQueue.take(ScheduledThreadPoolExecutor.java:1088)
        at java.util.concurrent.ScheduledThreadPoolExecutor$DelayedWorkQueue.take(ScheduledThreadPoolExecutor.java:809)
        at java.util.concurrent.ThreadPoolExecutor.getTask(ThreadPoolExecutor.java:1074)
        at java.util.concurrent.ThreadPoolExecutor.runWorker(ThreadPoolExecutor.java:1134)
        at java.util.concurrent.ThreadPoolExecutor$Worker.run(ThreadPoolExecutor.java:624)
        at java.lang.Thread.run(Thread.java:750)
"91dae643-bef5-471c-869f-4daa43ea47b3@group-F4CAB9577C1E-StateMachineUpdater" daemon prio=5 tid=595 timed_waiting
java.lang.Thread.State: TIMED_WAITING
        at sun.misc.Unsafe.park(Native Method)
        at java.util.concurrent.locks.LockSupport.parkNanos(LockSupport.java:215)
        at java.util.concurrent.CompletableFuture$Signaller.block(CompletableFuture.java:1709)
        at java.util.concurrent.ForkJoinPool.managedBlock(ForkJoinPool.java:3323)
        at java.util.concurrent.CompletableFuture.timedGet(CompletableFuture.java:1788)
        at java.util.concurrent.CompletableFuture.get(CompletableFuture.java:1928)
        at org.apache.ratis.util.AwaitForSignal.await(AwaitForSignal.java:56)
        at org.apache.ratis.server.impl.StateMachineUpdater.waitForCommit(StateMachineUpdater.java:207)
        at org.apache.ratis.server.impl.StateMachineUpdater.run(StateMachineUpdater.java:176)
        at java.lang.Thread.run(Thread.java:750)
"Datanode ReportManager Thread - 3" daemon prio=5 tid=319 timed_waiting
java.lang.Thread.State: TIMED_WAITING
        at sun.misc.Unsafe.park(Native Method)
        at java.util.concurrent.locks.LockSupport.parkNanos(LockSupport.java:215)
        at java.util.concurrent.locks.AbstractQueuedSynchronizer$ConditionObject.awaitNanos(AbstractQueuedSynchronizer.java:2078)
        at java.util.concurrent.ScheduledThreadPoolExecutor$DelayedWorkQueue.take(ScheduledThreadPoolExecutor.java:1093)
        at java.util.concurrent.ScheduledThreadPoolExecutor$DelayedWorkQueue.take(ScheduledThreadPoolExecutor.java:809)
        at java.util.concurrent.ThreadPoolExecutor.getTask(ThreadPoolExecutor.java:1074)
        at java.util.concurrent.ThreadPoolExecutor.runWorker(ThreadPoolExecutor.java:1134)
        at java.util.concurrent.ThreadPoolExecutor$Worker.run(ThreadPoolExecutor.java:624)
        at java.lang.Thread.run(Thread.java:750)
"IPC Server idle connection scanner for port 38247" daemon prio=5 tid=33 timed_waiting
java.lang.Thread.State: TIMED_WAITING
        at java.lang.Object.wait(Native Method)
        at java.util.TimerThread.mainLoop(Timer.java:552)
        at java.util.TimerThread.run(Timer.java:505)
"ChunkWriter-3-0" daemon prio=5 tid=410 in Object.wait()
java.lang.Thread.State: WAITING (on object monitor)
        at sun.misc.Unsafe.park(Native Method)
        at java.util.concurrent.locks.LockSupport.park(LockSupport.java:175)
        at java.util.concurrent.locks.AbstractQueuedSynchronizer$ConditionObject.await(AbstractQueuedSynchronizer.java:2039)
        at java.util.concurrent.LinkedBlockingDeque.takeFirst(LinkedBlockingDeque.java:492)
        at java.util.concurrent.LinkedBlockingDeque.take(LinkedBlockingDeque.java:680)
        at java.util.concurrent.ThreadPoolExecutor.getTask(ThreadPoolExecutor.java:1074)
        at java.util.concurrent.ThreadPoolExecutor.runWorker(ThreadPoolExecutor.java:1134)
        at java.util.concurrent.ThreadPoolExecutor$Worker.run(ThreadPoolExecutor.java:624)
        at java.lang.Thread.run(Thread.java:750)
"Datanode State Machine Task Thread - 1"  prio=5 tid=468 in Object.wait()
java.lang.Thread.State: WAITING (on object monitor)
        at sun.misc.Unsafe.park(Native Method)
        at java.util.concurrent.locks.LockSupport.park(LockSupport.java:175)
        at java.util.concurrent.locks.AbstractQueuedSynchronizer$ConditionObject.await(AbstractQueuedSynchronizer.java:2039)
        at java.util.concurrent.LinkedBlockingQueue.take(LinkedBlockingQueue.java:442)
        at java.util.concurrent.ThreadPoolExecutor.getTask(ThreadPoolExecutor.java:1074)
        at java.util.concurrent.ThreadPoolExecutor.runWorker(ThreadPoolExecutor.java:1134)
        at java.util.concurrent.ThreadPoolExecutor$Worker.run(ThreadPoolExecutor.java:624)
        at java.lang.Thread.run(Thread.java:750)
"qtp1130529378-465" daemon prio=5 tid=465 timed_waiting
java.lang.Thread.State: TIMED_WAITING
        at sun.misc.Unsafe.park(Native Method)
        at java.util.concurrent.locks.LockSupport.parkNanos(LockSupport.java:215)
        at java.util.concurrent.locks.AbstractQueuedSynchronizer$ConditionObject.awaitNanos(AbstractQueuedSynchronizer.java:2078)
        at org.eclipse.jetty.util.BlockingArrayQueue.poll(BlockingArrayQueue.java:382)
        at org.eclipse.jetty.util.thread.QueuedThreadPool$Runner.idleJobPoll(QueuedThreadPool.java:974)
        at org.eclipse.jetty.util.thread.QueuedThreadPool$Runner.run(QueuedThreadPool.java:1018)
        at java.lang.Thread.run(Thread.java:750)
"ChunkReader-3" daemon prio=5 tid=786 in Object.wait()
java.lang.Thread.State: WAITING (on object monitor)
        at sun.misc.Unsafe.park(Native Method)
        at java.util.concurrent.locks.LockSupport.park(LockSupport.java:175)
        at java.util.concurrent.locks.AbstractQueuedSynchronizer$ConditionObject.await(AbstractQueuedSynchronizer.java:2039)
        at java.util.concurrent.LinkedBlockingQueue.take(LinkedBlockingQueue.java:442)
        at java.util.concurrent.ThreadPoolExecutor.getTask(ThreadPoolExecutor.java:1074)
        at java.util.concurrent.ThreadPoolExecutor.runWorker(ThreadPoolExecutor.java:1134)
        at java.util.concurrent.ThreadPoolExecutor$Worker.run(ThreadPoolExecutor.java:624)
        at java.lang.Thread.run(Thread.java:750)
"Datanode ReportManager Thread - 4" daemon prio=5 tid=188 in Object.wait()
java.lang.Thread.State: WAITING (on object monitor)
        at sun.misc.Unsafe.park(Native Method)
        at java.util.concurrent.locks.LockSupport.park(LockSupport.java:175)
        at java.util.concurrent.locks.AbstractQueuedSynchronizer$ConditionObject.await(AbstractQueuedSynchronizer.java:2039)
        at java.util.concurrent.ScheduledThreadPoolExecutor$DelayedWorkQueue.take(ScheduledThreadPoolExecutor.java:1088)
        at java.util.concurrent.ScheduledThreadPoolExecutor$DelayedWorkQueue.take(ScheduledThreadPoolExecutor.java:809)
        at java.util.concurrent.ThreadPoolExecutor.getTask(ThreadPoolExecutor.java:1074)
        at java.util.concurrent.ThreadPoolExecutor.runWorker(ThreadPoolExecutor.java:1134)
        at java.util.concurrent.ThreadPoolExecutor$Worker.run(ThreadPoolExecutor.java:624)
        at java.lang.Thread.run(Thread.java:750)
"ChunkReader-0" daemon prio=5 tid=767 in Object.wait()
java.lang.Thread.State: WAITING (on object monitor)
        at sun.misc.Unsafe.park(Native Method)
        at java.util.concurrent.locks.LockSupport.park(LockSupport.java:175)
        at java.util.concurrent.locks.AbstractQueuedSynchronizer$ConditionObject.await(AbstractQueuedSynchronizer.java:2039)
        at java.util.concurrent.LinkedBlockingQueue.take(LinkedBlockingQueue.java:442)
        at java.util.concurrent.ThreadPoolExecutor.getTask(ThreadPoolExecutor.java:1074)
        at java.util.concurrent.ThreadPoolExecutor.runWorker(ThreadPoolExecutor.java:1134)
        at java.util.concurrent.ThreadPoolExecutor$Worker.run(ThreadPoolExecutor.java:624)
        at java.lang.Thread.run(Thread.java:750)
"surefire-forkedjvm-command-thread" daemon prio=5 tid=10 runnable
java.lang.Thread.State: RUNNABLE
        at java.io.FileInputStream.readBytes(Native Method)
        at java.io.FileInputStream.read(FileInputStream.java:255)
        at java.io.BufferedInputStream.read1(BufferedInputStream.java:284)
        at java.io.BufferedInputStream.read(BufferedInputStream.java:345)
        at java.io.BufferedInputStream.fill(BufferedInputStream.java:246)
        at java.io.BufferedInputStream.read1(BufferedInputStream.java:286)
        at java.io.BufferedInputStream.read(BufferedInputStream.java:345)
        at org.apache.maven.surefire.api.util.internal.Channels$3.readImpl(Channels.java:214)
        at org.apache.maven.surefire.api.util.internal.AbstractNoninterruptibleReadableChannel.read(AbstractNoninterruptibleReadableChannel.java:54)
        at org.apache.maven.surefire.booter.spi.LegacyMasterProcessChannelDecoder.decode(LegacyMasterProcessChannelDecoder.java:80)
        at org.apache.maven.surefire.booter.CommandReader$CommandRunnable.run(CommandReader.java:343)
        at java.lang.Thread.run(Thread.java:750)
"StaleRecoveringContainerScrubbingService#1" daemon prio=5 tid=450 timed_waiting
java.lang.Thread.State: TIMED_WAITING
        at sun.misc.Unsafe.park(Native Method)
        at java.util.concurrent.locks.LockSupport.parkNanos(LockSupport.java:215)
        at java.util.concurrent.locks.AbstractQueuedSynchronizer$ConditionObject.awaitNanos(AbstractQueuedSynchronizer.java:2078)
        at java.util.concurrent.ScheduledThreadPoolExecutor$DelayedWorkQueue.take(ScheduledThreadPoolExecutor.java:1093)
        at java.util.concurrent.ScheduledThreadPoolExecutor$DelayedWorkQueue.take(ScheduledThreadPoolExecutor.java:809)
        at java.util.concurrent.ThreadPoolExecutor.getTask(ThreadPoolExecutor.java:1074)
        at java.util.concurrent.ThreadPoolExecutor.runWorker(ThreadPoolExecutor.java:1134)
        at java.util.concurrent.ThreadPoolExecutor$Worker.run(ThreadPoolExecutor.java:624)
        at java.lang.Thread.run(Thread.java:750)
"ChunkReader-ELG-0" daemon prio=5 tid=412 runnable
java.lang.Thread.State: RUNNABLE
        at org.apache.ratis.thirdparty.io.netty.channel.epoll.Native.epollWait0(Native Method)
        at org.apache.ratis.thirdparty.io.netty.channel.epoll.Native.epollWait(Native.java:182)
        at org.apache.ratis.thirdparty.io.netty.channel.epoll.EpollEventLoop.epollWait(EpollEventLoop.java:290)
        at org.apache.ratis.thirdparty.io.netty.channel.epoll.EpollEventLoop.run(EpollEventLoop.java:354)
        at org.apache.ratis.thirdparty.io.netty.util.concurrent.SingleThreadEventExecutor$4.run(SingleThreadEventExecutor.java:995)
        at org.apache.ratis.thirdparty.io.netty.util.internal.ThreadExecutorMap$2.run(ThreadExecutorMap.java:74)
        at java.lang.Thread.run(Thread.java:750)
"Datanode ReportManager Thread - 3" daemon prio=5 tid=267 timed_waiting
java.lang.Thread.State: TIMED_WAITING
        at sun.misc.Unsafe.park(Native Method)
        at java.util.concurrent.locks.LockSupport.parkNanos(LockSupport.java:215)
        at java.util.concurrent.locks.AbstractQueuedSynchronizer$ConditionObject.awaitNanos(AbstractQueuedSynchronizer.java:2078)
        at java.util.concurrent.ScheduledThreadPoolExecutor$DelayedWorkQueue.take(ScheduledThreadPoolExecutor.java:1093)
        at java.util.concurrent.ScheduledThreadPoolExecutor$DelayedWorkQueue.take(ScheduledThreadPoolExecutor.java:809)
        at java.util.concurrent.ThreadPoolExecutor.getTask(ThreadPoolExecutor.java:1074)
        at java.util.concurrent.ThreadPoolExecutor.runWorker(ThreadPoolExecutor.java:1134)
        at java.util.concurrent.ThreadPoolExecutor$Worker.run(ThreadPoolExecutor.java:624)
        at java.lang.Thread.run(Thread.java:750)
"OpenKeyCleanupService#0" daemon prio=5 tid=133 timed_waiting
java.lang.Thread.State: TIMED_WAITING
        at sun.misc.Unsafe.park(Native Method)
        at java.util.concurrent.locks.LockSupport.parkNanos(LockSupport.java:215)
        at java.util.concurrent.locks.AbstractQueuedSynchronizer$ConditionObject.awaitNanos(AbstractQueuedSynchronizer.java:2078)
        at java.util.concurrent.ScheduledThreadPoolExecutor$DelayedWorkQueue.take(ScheduledThreadPoolExecutor.java:1093)
        at java.util.concurrent.ScheduledThreadPoolExecutor$DelayedWorkQueue.take(ScheduledThreadPoolExecutor.java:809)
        at java.util.concurrent.ThreadPoolExecutor.getTask(ThreadPoolExecutor.java:1074)
        at java.util.concurrent.ThreadPoolExecutor.runWorker(ThreadPoolExecutor.java:1134)
        at java.util.concurrent.ThreadPoolExecutor$Worker.run(ThreadPoolExecutor.java:624)
        at java.lang.Thread.run(Thread.java:750)
"FixedThreadPoolWithAffinityExecutor-1-0" daemon prio=5 tid=502 in Object.wait()
java.lang.Thread.State: WAITING (on object monitor)
        at sun.misc.Unsafe.park(Native Method)
        at java.util.concurrent.locks.LockSupport.park(LockSupport.java:175)
        at java.util.concurrent.locks.AbstractQueuedSynchronizer$ConditionObject.await(AbstractQueuedSynchronizer.java:2039)
        at java.util.concurrent.LinkedBlockingDeque.takeFirst(LinkedBlockingDeque.java:492)
        at java.util.concurrent.LinkedBlockingDeque.take(LinkedBlockingDeque.java:680)
        at java.util.concurrent.ThreadPoolExecutor.getTask(ThreadPoolExecutor.java:1074)
        at java.util.concurrent.ThreadPoolExecutor.runWorker(ThreadPoolExecutor.java:1134)
        at java.util.concurrent.ThreadPoolExecutor$Worker.run(ThreadPoolExecutor.java:624)
        at java.lang.Thread.run(Thread.java:750)
"IPC Server handler 10 on default port 38247" daemon prio=5 tid=47 timed_waiting
java.lang.Thread.State: TIMED_WAITING
        at sun.misc.Unsafe.park(Native Method)
        at java.util.concurrent.locks.LockSupport.parkNanos(LockSupport.java:215)
        at java.util.concurrent.locks.AbstractQueuedSynchronizer$ConditionObject.awaitNanos(AbstractQueuedSynchronizer.java:2078)
        at java.util.concurrent.LinkedBlockingQueue.poll(LinkedBlockingQueue.java:467)
        at org.apache.hadoop.ipc.CallQueueManager.take(CallQueueManager.java:317)
        at org.apache.hadoop.ipc.Server$Handler.run(Server.java:2942)
"BlockDeletingService#0" daemon prio=5 tid=388 in Object.wait()
java.lang.Thread.State: WAITING (on object monitor)
        at sun.misc.Unsafe.park(Native Method)
        at java.util.concurrent.locks.LockSupport.park(LockSupport.java:175)
        at java.util.concurrent.locks.AbstractQueuedSynchronizer$ConditionObject.await(AbstractQueuedSynchronizer.java:2039)
        at java.util.concurrent.ScheduledThreadPoolExecutor$DelayedWorkQueue.take(ScheduledThreadPoolExecutor.java:1088)
        at java.util.concurrent.ScheduledThreadPoolExecutor$DelayedWorkQueue.take(ScheduledThreadPoolExecutor.java:809)
        at java.util.concurrent.ThreadPoolExecutor.getTask(ThreadPoolExecutor.java:1074)
        at java.util.concurrent.ThreadPoolExecutor.runWorker(ThreadPoolExecutor.java:1134)
        at java.util.concurrent.ThreadPoolExecutor$Worker.run(ThreadPoolExecutor.java:624)
        at java.lang.Thread.run(Thread.java:750)
"ChunkWriter-1-0" daemon prio=5 tid=492 in Object.wait()
java.lang.Thread.State: WAITING (on object monitor)
        at sun.misc.Unsafe.park(Native Method)
        at java.util.concurrent.locks.LockSupport.park(LockSupport.java:175)
        at java.util.concurrent.locks.AbstractQueuedSynchronizer$ConditionObject.await(AbstractQueuedSynchronizer.java:2039)
        at java.util.concurrent.LinkedBlockingDeque.takeFirst(LinkedBlockingDeque.java:492)
        at java.util.concurrent.LinkedBlockingDeque.take(LinkedBlockingDeque.java:680)
        at java.util.concurrent.ThreadPoolExecutor.getTask(ThreadPoolExecutor.java:1074)
        at java.util.concurrent.ThreadPoolExecutor.runWorker(ThreadPoolExecutor.java:1134)
        at java.util.concurrent.ThreadPoolExecutor$Worker.run(ThreadPoolExecutor.java:624)
        at java.lang.Thread.run(Thread.java:750)
"Datanode ReportManager Thread - 3" daemon prio=5 tid=293 in Object.wait()
java.lang.Thread.State: WAITING (on object monitor)
        at sun.misc.Unsafe.park(Native Method)
        at java.util.concurrent.locks.LockSupport.park(LockSupport.java:175)
        at java.util.concurrent.locks.AbstractQueuedSynchronizer$ConditionObject.await(AbstractQueuedSynchronizer.java:2039)
        at java.util.concurrent.ScheduledThreadPoolExecutor$DelayedWorkQueue.take(ScheduledThreadPoolExecutor.java:1088)
        at java.util.concurrent.ScheduledThreadPoolExecutor$DelayedWorkQueue.take(ScheduledThreadPoolExecutor.java:809)
        at java.util.concurrent.ThreadPoolExecutor.getTask(ThreadPoolExecutor.java:1074)
        at java.util.concurrent.ThreadPoolExecutor.runWorker(ThreadPoolExecutor.java:1134)
        at java.util.concurrent.ThreadPoolExecutor$Worker.run(ThreadPoolExecutor.java:624)
        at java.lang.Thread.run(Thread.java:750)
"StaleRecoveringContainerScrubbingService#1" daemon prio=5 tid=390 timed_waiting
java.lang.Thread.State: TIMED_WAITING
        at sun.misc.Unsafe.park(Native Method)
        at java.util.concurrent.locks.LockSupport.parkNanos(LockSupport.java:215)
        at java.util.concurrent.locks.AbstractQueuedSynchronizer$ConditionObject.awaitNanos(AbstractQueuedSynchronizer.java:2078)
        at java.util.concurrent.ScheduledThreadPoolExecutor$DelayedWorkQueue.take(ScheduledThreadPoolExecutor.java:1093)
        at java.util.concurrent.ScheduledThreadPoolExecutor$DelayedWorkQueue.take(ScheduledThreadPoolExecutor.java:809)
        at java.util.concurrent.ThreadPoolExecutor.getTask(ThreadPoolExecutor.java:1074)
        at java.util.concurrent.ThreadPoolExecutor.runWorker(ThreadPoolExecutor.java:1134)
        at java.util.concurrent.ThreadPoolExecutor$Worker.run(ThreadPoolExecutor.java:624)
        at java.lang.Thread.run(Thread.java:750)
"Command processor thread" daemon prio=5 tid=486 timed_waiting
java.lang.Thread.State: TIMED_WAITING
        at java.lang.Thread.sleep(Native Method)
        at org.apache.hadoop.ozone.container.common.statemachine.DatanodeStateMachine.lambda$initCommandHandlerThread$3(DatanodeStateMachine.java:628)
        at org.apache.hadoop.ozone.container.common.statemachine.DatanodeStateMachine$$Lambda$747/1187177757.run(Unknown Source)
        at java.lang.Thread.run(Thread.java:750)
"Datanode State Machine Task Thread - 1"  prio=5 tid=431 in Object.wait()
java.lang.Thread.State: WAITING (on object monitor)
        at sun.misc.Unsafe.park(Native Method)
        at java.util.concurrent.locks.LockSupport.park(LockSupport.java:175)
        at java.util.concurrent.locks.AbstractQueuedSynchronizer$ConditionObject.await(AbstractQueuedSynchronizer.java:2039)
        at java.util.concurrent.LinkedBlockingQueue.take(LinkedBlockingQueue.java:442)
        at java.util.concurrent.ThreadPoolExecutor.getTask(ThreadPoolExecutor.java:1074)
        at java.util.concurrent.ThreadPoolExecutor.runWorker(ThreadPoolExecutor.java:1134)
        at java.util.concurrent.ThreadPoolExecutor$Worker.run(ThreadPoolExecutor.java:624)
        at java.lang.Thread.run(Thread.java:750)
"org.apache.hadoop.util.JvmPauseMonitor$Monitor@25c9c6e1" daemon prio=5 tid=164 timed_waiting
java.lang.Thread.State: TIMED_WAITING
        at java.lang.Thread.sleep(Native Method)
        at org.apache.hadoop.util.JvmPauseMonitor$Monitor.run(JvmPauseMonitor.java:192)
        at java.lang.Thread.run(Thread.java:750)
"pool-196-thread-1"  prio=5 tid=305 timed_waiting
java.lang.Thread.State: TIMED_WAITING
        at sun.misc.Unsafe.park(Native Method)
        at java.util.concurrent.locks.LockSupport.parkNanos(LockSupport.java:215)
        at java.util.concurrent.locks.AbstractQueuedSynchronizer$ConditionObject.awaitNanos(AbstractQueuedSynchronizer.java:2078)
        at java.util.concurrent.ScheduledThreadPoolExecutor$DelayedWorkQueue.take(ScheduledThreadPoolExecutor.java:1093)
        at java.util.concurrent.ScheduledThreadPoolExecutor$DelayedWorkQueue.take(ScheduledThreadPoolExecutor.java:809)
        at java.util.concurrent.ThreadPoolExecutor.getTask(ThreadPoolExecutor.java:1074)
        at java.util.concurrent.ThreadPoolExecutor.runWorker(ThreadPoolExecutor.java:1134)
        at java.util.concurrent.ThreadPoolExecutor$Worker.run(ThreadPoolExecutor.java:624)
        at java.lang.Thread.run(Thread.java:750)
"Socket Reader #1 for port 0"  prio=5 tid=28 runnable
java.lang.Thread.State: RUNNABLE
        at sun.nio.ch.EPollArrayWrapper.epollWait(Native Method)
        at sun.nio.ch.EPollArrayWrapper.poll(EPollArrayWrapper.java:269)
        at sun.nio.ch.EPollSelectorImpl.doSelect(EPollSelectorImpl.java:93)
        at sun.nio.ch.SelectorImpl.lockAndDoSelect(SelectorImpl.java:86)
        at sun.nio.ch.SelectorImpl.select(SelectorImpl.java:97)
        at sun.nio.ch.SelectorImpl.select(SelectorImpl.java:101)
        at org.apache.hadoop.ipc.Server$Listener$Reader.doRunLoop(Server.java:1296)
        at org.apache.hadoop.ipc.Server$Listener$Reader.run(Server.java:1275)
"2de491c0-1905-4845-ada7-2a3c171f2066-server-thread3" daemon prio=5 tid=758 timed_waiting
java.lang.Thread.State: TIMED_WAITING
        at sun.misc.Unsafe.park(Native Method)
        at java.util.concurrent.locks.LockSupport.parkNanos(LockSupport.java:215)
        at java.util.concurrent.SynchronousQueue$TransferStack.awaitFulfill(SynchronousQueue.java:460)
        at java.util.concurrent.SynchronousQueue$TransferStack.transfer(SynchronousQueue.java:362)
        at java.util.concurrent.SynchronousQueue.poll(SynchronousQueue.java:941)
        at java.util.concurrent.ThreadPoolExecutor.getTask(ThreadPoolExecutor.java:1073)
        at java.util.concurrent.ThreadPoolExecutor.runWorker(ThreadPoolExecutor.java:1134)
        at java.util.concurrent.ThreadPoolExecutor$Worker.run(ThreadPoolExecutor.java:624)
        at java.lang.Thread.run(Thread.java:750)
"qtp1344224377-135" daemon prio=5 tid=135 runnable
java.lang.Thread.State: RUNNABLE
        at sun.nio.ch.EPollArrayWrapper.epollWait(Native Method)
        at sun.nio.ch.EPollArrayWrapper.poll(EPollArrayWrapper.java:269)
        at sun.nio.ch.EPollSelectorImpl.doSelect(EPollSelectorImpl.java:93)
        at sun.nio.ch.SelectorImpl.lockAndDoSelect(SelectorImpl.java:86)
        at sun.nio.ch.SelectorImpl.select(SelectorImpl.java:97)
        at sun.nio.ch.SelectorImpl.select(SelectorImpl.java:101)
        at org.eclipse.jetty.io.ManagedSelector.nioSelect(ManagedSelector.java:183)
        at org.eclipse.jetty.io.ManagedSelector.select(ManagedSelector.java:190)
        at org.eclipse.jetty.io.ManagedSelector$SelectorProducer.select(ManagedSelector.java:606)
        at org.eclipse.jetty.io.ManagedSelector$SelectorProducer.produce(ManagedSelector.java:543)
        at org.eclipse.jetty.util.thread.strategy.EatWhatYouKill.produceTask(EatWhatYouKill.java:362)
        at org.eclipse.jetty.util.thread.strategy.EatWhatYouKill.doProduce(EatWhatYouKill.java:186)
        at org.eclipse.jetty.util.thread.strategy.EatWhatYouKill.tryProduce(EatWhatYouKill.java:173)
        at org.eclipse.jetty.util.thread.strategy.EatWhatYouKill.produce(EatWhatYouKill.java:137)
        at org.eclipse.jetty.io.ManagedSelector$$Lambda$443/1383931873.run(Unknown Source)
        at org.eclipse.jetty.util.thread.QueuedThreadPool.runJob(QueuedThreadPool.java:883)
        at org.eclipse.jetty.util.thread.QueuedThreadPool$Runner.run(QueuedThreadPool.java:1034)
        at java.lang.Thread.run(Thread.java:750)
"StaleRecoveringContainerScrubbingService#1" daemon prio=5 tid=353 timed_waiting
java.lang.Thread.State: TIMED_WAITING
        at sun.misc.Unsafe.park(Native Method)
        at java.util.concurrent.locks.LockSupport.parkNanos(LockSupport.java:215)
        at java.util.concurrent.locks.AbstractQueuedSynchronizer$ConditionObject.awaitNanos(AbstractQueuedSynchronizer.java:2078)
        at java.util.concurrent.ScheduledThreadPoolExecutor$DelayedWorkQueue.take(ScheduledThreadPoolExecutor.java:1093)
        at java.util.concurrent.ScheduledThreadPoolExecutor$DelayedWorkQueue.take(ScheduledThreadPoolExecutor.java:809)
        at java.util.concurrent.ThreadPoolExecutor.getTask(ThreadPoolExecutor.java:1074)
        at java.util.concurrent.ThreadPoolExecutor.runWorker(ThreadPoolExecutor.java:1134)
        at java.util.concurrent.ThreadPoolExecutor$Worker.run(ThreadPoolExecutor.java:624)
        at java.lang.Thread.run(Thread.java:750)
"2de491c0-1905-4845-ada7-2a3c171f2066@group-4054D80A22FC->c61245f4-0084-4810-95a5-490d20dc424d-GrpcLogAppender-LogAppenderDaemon" daemon prio=5 tid=735 timed_waiting
java.lang.Thread.State: TIMED_WAITING
        at sun.misc.Unsafe.park(Native Method)
        at java.util.concurrent.locks.LockSupport.parkNanos(LockSupport.java:215)
        at java.util.concurrent.CompletableFuture$Signaller.block(CompletableFuture.java:1709)
        at java.util.concurrent.ForkJoinPool.managedBlock(ForkJoinPool.java:3323)
        at java.util.concurrent.CompletableFuture.timedGet(CompletableFuture.java:1788)
        at java.util.concurrent.CompletableFuture.get(CompletableFuture.java:1928)
        at org.apache.ratis.util.AwaitForSignal.await(AwaitForSignal.java:56)
        at org.apache.ratis.grpc.server.GrpcLogAppender.mayWait(GrpcLogAppender.java:198)
        at org.apache.ratis.grpc.server.GrpcLogAppender.run(GrpcLogAppender.java:148)
        at org.apache.ratis.server.leader.LogAppenderDaemon.run(LogAppenderDaemon.java:78)
        at org.apache.ratis.server.leader.LogAppenderDaemon$$Lambda$1033/840492825.run(Unknown Source)
        at java.lang.Thread.run(Thread.java:750)
"c61245f4-0084-4810-95a5-490d20dc424d@group-2E358FAA1E41-StateMachineUpdater" daemon prio=5 tid=630 timed_waiting
java.lang.Thread.State: TIMED_WAITING
        at sun.misc.Unsafe.park(Native Method)
        at java.util.concurrent.locks.LockSupport.parkNanos(LockSupport.java:215)
        at java.util.concurrent.CompletableFuture$Signaller.block(CompletableFuture.java:1709)
        at java.util.concurrent.ForkJoinPool.managedBlock(ForkJoinPool.java:3323)
        at java.util.concurrent.CompletableFuture.timedGet(CompletableFuture.java:1788)
        at java.util.concurrent.CompletableFuture.get(CompletableFuture.java:1928)
        at org.apache.ratis.util.AwaitForSignal.await(AwaitForSignal.java:56)
        at org.apache.ratis.server.impl.StateMachineUpdater.waitForCommit(StateMachineUpdater.java:207)
        at org.apache.ratis.server.impl.StateMachineUpdater.run(StateMachineUpdater.java:176)
        at java.lang.Thread.run(Thread.java:750)
"c61245f4-0084-4810-95a5-490d20dc424d@group-2E358FAA1E41-SegmentedRaftLogWorker"  prio=5 tid=628 timed_waiting
java.lang.Thread.State: TIMED_WAITING
        at sun.misc.Unsafe.park(Native Method)
        at java.util.concurrent.locks.LockSupport.parkNanos(LockSupport.java:215)
        at java.util.concurrent.locks.AbstractQueuedSynchronizer$ConditionObject.awaitNanos(AbstractQueuedSynchronizer.java:2078)
        at org.apache.ratis.util.DataBlockingQueue.poll(DataBlockingQueue.java:148)
        at org.apache.ratis.server.raftlog.segmented.SegmentedRaftLogWorker.run(SegmentedRaftLogWorker.java:310)
        at org.apache.ratis.server.raftlog.segmented.SegmentedRaftLogWorker$$Lambda$661/1265419919.run(Unknown Source)
        at java.lang.Thread.run(Thread.java:750)
"StaleRecoveringContainerScrubbingService#2" daemon prio=5 tid=837 in Object.wait()
java.lang.Thread.State: WAITING (on object monitor)
        at sun.misc.Unsafe.park(Native Method)
        at java.util.concurrent.locks.LockSupport.park(LockSupport.java:175)
        at java.util.concurrent.locks.AbstractQueuedSynchronizer$ConditionObject.await(AbstractQueuedSynchronizer.java:2039)
        at java.util.concurrent.ScheduledThreadPoolExecutor$DelayedWorkQueue.take(ScheduledThreadPoolExecutor.java:1088)
        at java.util.concurrent.ScheduledThreadPoolExecutor$DelayedWorkQueue.take(ScheduledThreadPoolExecutor.java:809)
        at java.util.concurrent.ThreadPoolExecutor.getTask(ThreadPoolExecutor.java:1074)
        at java.util.concurrent.ThreadPoolExecutor.runWorker(ThreadPoolExecutor.java:1134)
        at java.util.concurrent.ThreadPoolExecutor$Worker.run(ThreadPoolExecutor.java:624)
        at java.lang.Thread.run(Thread.java:750)
"qtp1130529378-462" daemon prio=5 tid=462 timed_waiting
java.lang.Thread.State: TIMED_WAITING
        at sun.misc.Unsafe.park(Native Method)
        at java.util.concurrent.locks.LockSupport.parkNanos(LockSupport.java:215)
        at java.util.concurrent.locks.AbstractQueuedSynchronizer$ConditionObject.awaitNanos(AbstractQueuedSynchronizer.java:2078)
        at org.eclipse.jetty.util.BlockingArrayQueue.poll(BlockingArrayQueue.java:382)
        at org.eclipse.jetty.util.thread.QueuedThreadPool$Runner.idleJobPoll(QueuedThreadPool.java:974)
        at org.eclipse.jetty.util.thread.QueuedThreadPool$Runner.run(QueuedThreadPool.java:1018)
        at java.lang.Thread.run(Thread.java:750)
"IPC Server handler 14 on default port 39185" daemon prio=5 tid=71 timed_waiting
java.lang.Thread.State: TIMED_WAITING
        at sun.misc.Unsafe.park(Native Method)
        at java.util.concurrent.locks.LockSupport.parkNanos(LockSupport.java:215)
        at java.util.concurrent.locks.AbstractQueuedSynchronizer$ConditionObject.awaitNanos(AbstractQueuedSynchronizer.java:2078)
        at java.util.concurrent.LinkedBlockingQueue.poll(LinkedBlockingQueue.java:467)
        at org.apache.hadoop.ipc.CallQueueManager.take(CallQueueManager.java:317)
        at org.apache.hadoop.ipc.Server$Handler.run(Server.java:2942)
"Command processor thread" daemon prio=5 tid=321 timed_waiting
java.lang.Thread.State: TIMED_WAITING
        at java.lang.Thread.sleep(Native Method)
        at org.apache.hadoop.ozone.container.common.statemachine.DatanodeStateMachine.lambda$initCommandHandlerThread$3(DatanodeStateMachine.java:628)
        at org.apache.hadoop.ozone.container.common.statemachine.DatanodeStateMachine$$Lambda$747/1187177757.run(Unknown Source)
        at java.lang.Thread.run(Thread.java:750)
"pool-288-thread-1" daemon prio=5 tid=454 timed_waiting
java.lang.Thread.State: TIMED_WAITING
        at sun.misc.Unsafe.park(Native Method)
        at java.util.concurrent.locks.LockSupport.parkNanos(LockSupport.java:215)
        at java.util.concurrent.locks.AbstractQueuedSynchronizer$ConditionObject.awaitNanos(AbstractQueuedSynchronizer.java:2078)
        at java.util.concurrent.ScheduledThreadPoolExecutor$DelayedWorkQueue.take(ScheduledThreadPoolExecutor.java:1093)
        at java.util.concurrent.ScheduledThreadPoolExecutor$DelayedWorkQueue.take(ScheduledThreadPoolExecutor.java:809)
        at java.util.concurrent.ThreadPoolExecutor.getTask(ThreadPoolExecutor.java:1074)
        at java.util.concurrent.ThreadPoolExecutor.runWorker(ThreadPoolExecutor.java:1134)
        at java.util.concurrent.ThreadPoolExecutor$Worker.run(ThreadPoolExecutor.java:624)
        at java.lang.Thread.run(Thread.java:750)
"Datanode State Machine Daemon Thread" daemon prio=5 tid=263 timed_waiting
java.lang.Thread.State: TIMED_WAITING
        at java.lang.Thread.sleep(Native Method)
        at org.apache.hadoop.ozone.container.common.statemachine.DatanodeStateMachine.startStateMachineThread(DatanodeStateMachine.java:313)
        at org.apache.hadoop.ozone.container.common.statemachine.DatanodeStateMachine.lambda$startDaemon$0(DatanodeStateMachine.java:493)
        at org.apache.hadoop.ozone.container.common.statemachine.DatanodeStateMachine$$Lambda$745/2059952062.run(Unknown Source)
        at java.lang.Thread.run(Thread.java:750)
"Timer-0"  prio=5 tid=130 timed_waiting
java.lang.Thread.State: TIMED_WAITING
        at java.lang.Object.wait(Native Method)
        at java.util.TimerThread.mainLoop(Timer.java:552)
        at java.util.TimerThread.run(Timer.java:505)
"4bf4c8bd-58cb-4467-be45-ba87f7c70472@group-07EB0DC06987-LeaderStateImpl" daemon prio=5 tid=812 timed_waiting
java.lang.Thread.State: TIMED_WAITING
        at sun.misc.Unsafe.park(Native Method)
        at java.util.concurrent.locks.LockSupport.parkNanos(LockSupport.java:215)
        at java.util.concurrent.locks.AbstractQueuedSynchronizer$ConditionObject.awaitNanos(AbstractQueuedSynchronizer.java:2078)
        at java.util.concurrent.ArrayBlockingQueue.poll(ArrayBlockingQueue.java:418)
        at org.apache.ratis.server.impl.LeaderStateImpl$EventQueue.poll(LeaderStateImpl.java:159)
        at org.apache.ratis.server.impl.LeaderStateImpl$EventProcessor.run(LeaderStateImpl.java:630)
"f675d99d-517f-4d8a-bd29-886eede0250d@group-10C9AF99BEBA-SegmentedRaftLogWorker"  prio=5 tid=603 timed_waiting
java.lang.Thread.State: TIMED_WAITING
        at sun.misc.Unsafe.park(Native Method)
        at java.util.concurrent.locks.LockSupport.parkNanos(LockSupport.java:215)
        at java.util.concurrent.locks.AbstractQueuedSynchronizer$ConditionObject.awaitNanos(AbstractQueuedSynchronizer.java:2078)
        at org.apache.ratis.util.DataBlockingQueue.poll(DataBlockingQueue.java:148)
        at org.apache.ratis.server.raftlog.segmented.SegmentedRaftLogWorker.run(SegmentedRaftLogWorker.java:310)
        at org.apache.ratis.server.raftlog.segmented.SegmentedRaftLogWorker$$Lambda$661/1265419919.run(Unknown Source)
        at java.lang.Thread.run(Thread.java:750)
"IPC Server handler 17 on default port 39185" daemon prio=5 tid=74 timed_waiting
java.lang.Thread.State: TIMED_WAITING
        at sun.misc.Unsafe.park(Native Method)
        at java.util.concurrent.locks.LockSupport.parkNanos(LockSupport.java:215)
        at java.util.concurrent.locks.AbstractQueuedSynchronizer$ConditionObject.awaitNanos(AbstractQueuedSynchronizer.java:2078)
        at java.util.concurrent.LinkedBlockingQueue.poll(LinkedBlockingQueue.java:467)
        at org.apache.hadoop.ipc.CallQueueManager.take(CallQueueManager.java:317)
        at org.apache.hadoop.ipc.Server$Handler.run(Server.java:2942)
"BlockDeletingService#2" daemon prio=5 tid=833 in Object.wait()
java.lang.Thread.State: WAITING (on object monitor)
        at sun.misc.Unsafe.park(Native Method)
        at java.util.concurrent.locks.LockSupport.park(LockSupport.java:175)
        at java.util.concurrent.locks.AbstractQueuedSynchronizer$ConditionObject.await(AbstractQueuedSynchronizer.java:2039)
        at java.util.concurrent.ScheduledThreadPoolExecutor$DelayedWorkQueue.take(ScheduledThreadPoolExecutor.java:1088)
        at java.util.concurrent.ScheduledThreadPoolExecutor$DelayedWorkQueue.take(ScheduledThreadPoolExecutor.java:809)
        at java.util.concurrent.ThreadPoolExecutor.getTask(ThreadPoolExecutor.java:1074)
        at java.util.concurrent.ThreadPoolExecutor.runWorker(ThreadPoolExecutor.java:1134)
        at java.util.concurrent.ThreadPoolExecutor$Worker.run(ThreadPoolExecutor.java:624)
        at java.lang.Thread.run(Thread.java:750)
"timer4" daemon prio=5 tid=692 timed_waiting
java.lang.Thread.State: TIMED_WAITING
        at java.lang.Object.wait(Native Method)
        at java.util.TimerThread.mainLoop(Timer.java:552)
        at java.util.TimerThread.run(Timer.java:505)
"pool-230-thread-1" daemon prio=5 tid=368 timed_waiting
java.lang.Thread.State: TIMED_WAITING
        at sun.misc.Unsafe.park(Native Method)
        at java.util.concurrent.locks.LockSupport.parkNanos(LockSupport.java:215)
        at java.util.concurrent.locks.AbstractQueuedSynchronizer$ConditionObject.awaitNanos(AbstractQueuedSynchronizer.java:2078)
        at java.util.concurrent.ScheduledThreadPoolExecutor$DelayedWorkQueue.take(ScheduledThreadPoolExecutor.java:1093)
        at java.util.concurrent.ScheduledThreadPoolExecutor$DelayedWorkQueue.take(ScheduledThreadPoolExecutor.java:809)
        at java.util.concurrent.ThreadPoolExecutor.getTask(ThreadPoolExecutor.java:1074)
        at java.util.concurrent.ThreadPoolExecutor.runWorker(ThreadPoolExecutor.java:1134)
        at java.util.concurrent.ThreadPoolExecutor$Worker.run(ThreadPoolExecutor.java:624)
        at java.lang.Thread.run(Thread.java:750)
"Datanode ReportManager Thread - 2" daemon prio=5 tid=395 timed_waiting
java.lang.Thread.State: TIMED_WAITING
        at sun.misc.Unsafe.park(Native Method)
        at java.util.concurrent.locks.LockSupport.parkNanos(LockSupport.java:215)
        at java.util.concurrent.locks.AbstractQueuedSynchronizer$ConditionObject.awaitNanos(AbstractQueuedSynchronizer.java:2078)
        at java.util.concurrent.ScheduledThreadPoolExecutor$DelayedWorkQueue.take(ScheduledThreadPoolExecutor.java:1093)
        at java.util.concurrent.ScheduledThreadPoolExecutor$DelayedWorkQueue.take(ScheduledThreadPoolExecutor.java:809)
        at java.util.concurrent.ThreadPoolExecutor.getTask(ThreadPoolExecutor.java:1074)
        at java.util.concurrent.ThreadPoolExecutor.runWorker(ThreadPoolExecutor.java:1134)
        at java.util.concurrent.ThreadPoolExecutor$Worker.run(ThreadPoolExecutor.java:624)
        at java.lang.Thread.run(Thread.java:750)
"pool-55-thread-1"  prio=5 tid=117 in Object.wait()
java.lang.Thread.State: WAITING (on object monitor)
        at sun.misc.Unsafe.park(Native Method)
        at java.util.concurrent.locks.LockSupport.park(LockSupport.java:175)
        at java.util.concurrent.locks.AbstractQueuedSynchronizer$ConditionObject.await(AbstractQueuedSynchronizer.java:2039)
        at java.util.concurrent.LinkedBlockingQueue.take(LinkedBlockingQueue.java:442)
        at java.util.concurrent.ThreadPoolExecutor.getTask(ThreadPoolExecutor.java:1074)
        at java.util.concurrent.ThreadPoolExecutor.runWorker(ThreadPoolExecutor.java:1134)
        at java.util.concurrent.ThreadPoolExecutor$Worker.run(ThreadPoolExecutor.java:624)
        at java.lang.Thread.run(Thread.java:750)
"ChunkWriter-2-0" daemon prio=5 tid=346 in Object.wait()
java.lang.Thread.State: WAITING (on object monitor)
        at sun.misc.Unsafe.park(Native Method)
        at java.util.concurrent.locks.LockSupport.park(LockSupport.java:175)
        at java.util.concurrent.locks.AbstractQueuedSynchronizer$ConditionObject.await(AbstractQueuedSynchronizer.java:2039)
        at java.util.concurrent.LinkedBlockingDeque.takeFirst(LinkedBlockingDeque.java:492)
        at java.util.concurrent.LinkedBlockingDeque.take(LinkedBlockingDeque.java:680)
        at java.util.concurrent.ThreadPoolExecutor.getTask(ThreadPoolExecutor.java:1074)
        at java.util.concurrent.ThreadPoolExecutor.runWorker(ThreadPoolExecutor.java:1134)
        at java.util.concurrent.ThreadPoolExecutor$Worker.run(ThreadPoolExecutor.java:624)
        at java.lang.Thread.run(Thread.java:750)
"Datanode State Machine Daemon Thread" daemon prio=5 tid=211 timed_waiting
java.lang.Thread.State: TIMED_WAITING
        at java.lang.Thread.sleep(Native Method)
        at org.apache.hadoop.ozone.container.common.statemachine.DatanodeStateMachine.startStateMachineThread(DatanodeStateMachine.java:313)
        at org.apache.hadoop.ozone.container.common.statemachine.DatanodeStateMachine.lambda$startDaemon$0(DatanodeStateMachine.java:493)
        at org.apache.hadoop.ozone.container.common.statemachine.DatanodeStateMachine$$Lambda$745/2059952062.run(Unknown Source)
        at java.lang.Thread.run(Thread.java:750)
"96fa30cc-cc01-4af1-a161-c10c2afc2f22@group-A1ACF68524AB->91dae643-bef5-471c-869f-4daa43ea47b3-GrpcLogAppender-LogAppenderDaemon" daemon prio=5 tid=684 timed_waiting
java.lang.Thread.State: TIMED_WAITING
        at sun.misc.Unsafe.park(Native Method)
        at java.util.concurrent.locks.LockSupport.parkNanos(LockSupport.java:215)
        at java.util.concurrent.CompletableFuture$Signaller.block(CompletableFuture.java:1709)
        at java.util.concurrent.ForkJoinPool.managedBlock(ForkJoinPool.java:3323)
        at java.util.concurrent.CompletableFuture.timedGet(CompletableFuture.java:1788)
        at java.util.concurrent.CompletableFuture.get(CompletableFuture.java:1928)
        at org.apache.ratis.util.AwaitForSignal.await(AwaitForSignal.java:56)
        at org.apache.ratis.grpc.server.GrpcLogAppender.mayWait(GrpcLogAppender.java:198)
        at org.apache.ratis.grpc.server.GrpcLogAppender.run(GrpcLogAppender.java:148)
        at org.apache.ratis.server.leader.LogAppenderDaemon.run(LogAppenderDaemon.java:78)
        at org.apache.ratis.server.leader.LogAppenderDaemon$$Lambda$1033/840492825.run(Unknown Source)
        at java.lang.Thread.run(Thread.java:750)
"96fa30cc-cc01-4af1-a161-c10c2afc2f22@group-F4CAB9577C1E-SegmentedRaftLogWorker"  prio=5 tid=600 timed_waiting
java.lang.Thread.State: TIMED_WAITING
        at sun.misc.Unsafe.park(Native Method)
        at java.util.concurrent.locks.LockSupport.parkNanos(LockSupport.java:215)
        at java.util.concurrent.locks.AbstractQueuedSynchronizer$ConditionObject.awaitNanos(AbstractQueuedSynchronizer.java:2078)
        at org.apache.ratis.util.DataBlockingQueue.poll(DataBlockingQueue.java:148)
        at org.apache.ratis.server.raftlog.segmented.SegmentedRaftLogWorker.run(SegmentedRaftLogWorker.java:310)
        at org.apache.ratis.server.raftlog.segmented.SegmentedRaftLogWorker$$Lambda$661/1265419919.run(Unknown Source)
        at java.lang.Thread.run(Thread.java:750)
"qtp1344224377-138" daemon prio=5 tid=138 timed_waiting
java.lang.Thread.State: TIMED_WAITING
        at sun.misc.Unsafe.park(Native Method)
        at java.util.concurrent.locks.LockSupport.parkNanos(LockSupport.java:215)
        at java.util.concurrent.locks.AbstractQueuedSynchronizer$ConditionObject.awaitNanos(AbstractQueuedSynchronizer.java:2078)
        at org.eclipse.jetty.util.BlockingArrayQueue.poll(BlockingArrayQueue.java:382)
        at org.eclipse.jetty.util.thread.QueuedThreadPool$Runner.idleJobPoll(QueuedThreadPool.java:974)
        at org.eclipse.jetty.util.thread.QueuedThreadPool$Runner.run(QueuedThreadPool.java:1018)
        at java.lang.Thread.run(Thread.java:750)
"IPC Server handler 4 on default port 38247" daemon prio=5 tid=41 timed_waiting
java.lang.Thread.State: TIMED_WAITING
        at sun.misc.Unsafe.park(Native Method)
        at java.util.concurrent.locks.LockSupport.parkNanos(LockSupport.java:215)
        at java.util.concurrent.locks.AbstractQueuedSynchronizer$ConditionObject.awaitNanos(AbstractQueuedSynchronizer.java:2078)
        at java.util.concurrent.LinkedBlockingQueue.poll(LinkedBlockingQueue.java:467)
        at org.apache.hadoop.ipc.CallQueueManager.take(CallQueueManager.java:317)
        at org.apache.hadoop.ipc.Server$Handler.run(Server.java:2942)
"BlockDeletingService#0" daemon prio=5 tid=555 in Object.wait()
java.lang.Thread.State: WAITING (on object monitor)
        at sun.misc.Unsafe.park(Native Method)
        at java.util.concurrent.locks.LockSupport.park(LockSupport.java:175)
        at java.util.concurrent.locks.AbstractQueuedSynchronizer$ConditionObject.await(AbstractQueuedSynchronizer.java:2039)
        at java.util.concurrent.ScheduledThreadPoolExecutor$DelayedWorkQueue.take(ScheduledThreadPoolExecutor.java:1088)
        at java.util.concurrent.ScheduledThreadPoolExecutor$DelayedWorkQueue.take(ScheduledThreadPoolExecutor.java:809)
        at java.util.concurrent.ThreadPoolExecutor.getTask(ThreadPoolExecutor.java:1074)
        at java.util.concurrent.ThreadPoolExecutor.runWorker(ThreadPoolExecutor.java:1134)
        at java.util.concurrent.ThreadPoolExecutor$Worker.run(ThreadPoolExecutor.java:624)
        at java.lang.Thread.run(Thread.java:750)
"pool-88-thread-1" daemon prio=5 tid=195 timed_waiting
java.lang.Thread.State: TIMED_WAITING
        at sun.misc.Unsafe.park(Native Method)
        at java.util.concurrent.locks.LockSupport.parkNanos(LockSupport.java:215)
        at java.util.concurrent.locks.AbstractQueuedSynchronizer$ConditionObject.awaitNanos(AbstractQueuedSynchronizer.java:2078)
        at java.util.concurrent.ScheduledThreadPoolExecutor$DelayedWorkQueue.take(ScheduledThreadPoolExecutor.java:1093)
        at java.util.concurrent.ScheduledThreadPoolExecutor$DelayedWorkQueue.take(ScheduledThreadPoolExecutor.java:809)
        at java.util.concurrent.ThreadPoolExecutor.getTask(ThreadPoolExecutor.java:1074)
        at java.util.concurrent.ThreadPoolExecutor.runWorker(ThreadPoolExecutor.java:1134)
        at java.util.concurrent.ThreadPoolExecutor$Worker.run(ThreadPoolExecutor.java:624)
        at java.lang.Thread.run(Thread.java:750)
"91dae643-bef5-471c-869f-4daa43ea47b3@group-A1ACF68524AB-SegmentedRaftLogWorker"  prio=5 tid=576 timed_waiting
java.lang.Thread.State: TIMED_WAITING
        at sun.misc.Unsafe.park(Native Method)
        at java.util.concurrent.locks.LockSupport.parkNanos(LockSupport.java:215)
        at java.util.concurrent.locks.AbstractQueuedSynchronizer$ConditionObject.awaitNanos(AbstractQueuedSynchronizer.java:2078)
        at org.apache.ratis.util.DataBlockingQueue.poll(DataBlockingQueue.java:148)
        at org.apache.ratis.server.raftlog.segmented.SegmentedRaftLogWorker.run(SegmentedRaftLogWorker.java:310)
        at org.apache.ratis.server.raftlog.segmented.SegmentedRaftLogWorker$$Lambda$661/1265419919.run(Unknown Source)
        at java.lang.Thread.run(Thread.java:750)
"qtp382867004-234" daemon prio=5 tid=234 timed_waiting
java.lang.Thread.State: TIMED_WAITING
        at sun.misc.Unsafe.park(Native Method)
        at java.util.concurrent.locks.LockSupport.parkNanos(LockSupport.java:215)
        at java.util.concurrent.locks.AbstractQueuedSynchronizer$ConditionObject.awaitNanos(AbstractQueuedSynchronizer.java:2078)
        at org.eclipse.jetty.util.BlockingArrayQueue.poll(BlockingArrayQueue.java:382)
        at org.eclipse.jetty.util.thread.QueuedThreadPool$Runner.idleJobPoll(QueuedThreadPool.java:974)
        at org.eclipse.jetty.util.thread.QueuedThreadPool$Runner.run(QueuedThreadPool.java:1018)
        at java.lang.Thread.run(Thread.java:750)
"Session-HouseKeeper-5ffe718a-1"  prio=5 tid=208 timed_waiting
java.lang.Thread.State: TIMED_WAITING
        at sun.misc.Unsafe.park(Native Method)
        at java.util.concurrent.locks.LockSupport.parkNanos(LockSupport.java:215)
        at java.util.concurrent.locks.AbstractQueuedSynchronizer$ConditionObject.awaitNanos(AbstractQueuedSynchronizer.java:2078)
        at java.util.concurrent.ScheduledThreadPoolExecutor$DelayedWorkQueue.take(ScheduledThreadPoolExecutor.java:1093)
        at java.util.concurrent.ScheduledThreadPoolExecutor$DelayedWorkQueue.take(ScheduledThreadPoolExecutor.java:809)
        at java.util.concurrent.ThreadPoolExecutor.getTask(ThreadPoolExecutor.java:1074)
        at java.util.concurrent.ThreadPoolExecutor.runWorker(ThreadPoolExecutor.java:1134)
        at java.util.concurrent.ThreadPoolExecutor$Worker.run(ThreadPoolExecutor.java:624)
        at java.lang.Thread.run(Thread.java:750)
"2de491c0-1905-4845-ada7-2a3c171f2066@group-2E358FAA1E41-SegmentedRaftLogWorker"  prio=5 tid=624 timed_waiting
java.lang.Thread.State: TIMED_WAITING
        at sun.misc.Unsafe.park(Native Method)
        at java.util.concurrent.locks.LockSupport.parkNanos(LockSupport.java:215)
        at java.util.concurrent.locks.AbstractQueuedSynchronizer$ConditionObject.awaitNanos(AbstractQueuedSynchronizer.java:2078)
        at org.apache.ratis.util.DataBlockingQueue.poll(DataBlockingQueue.java:148)
        at org.apache.ratis.server.raftlog.segmented.SegmentedRaftLogWorker.run(SegmentedRaftLogWorker.java:310)
        at org.apache.ratis.server.raftlog.segmented.SegmentedRaftLogWorker$$Lambda$661/1265419919.run(Unknown Source)
        at java.lang.Thread.run(Thread.java:750)
"Datanode ReportManager Thread - 4" daemon prio=5 tid=268 in Object.wait()
java.lang.Thread.State: WAITING (on object monitor)
        at sun.misc.Unsafe.park(Native Method)
        at java.util.concurrent.locks.LockSupport.park(LockSupport.java:175)
        at java.util.concurrent.locks.AbstractQueuedSynchronizer$ConditionObject.await(AbstractQueuedSynchronizer.java:2039)
        at java.util.concurrent.ScheduledThreadPoolExecutor$DelayedWorkQueue.take(ScheduledThreadPoolExecutor.java:1088)
        at java.util.concurrent.ScheduledThreadPoolExecutor$DelayedWorkQueue.take(ScheduledThreadPoolExecutor.java:809)
        at java.util.concurrent.ThreadPoolExecutor.getTask(ThreadPoolExecutor.java:1074)
        at java.util.concurrent.ThreadPoolExecutor.runWorker(ThreadPoolExecutor.java:1134)
        at java.util.concurrent.ThreadPoolExecutor$Worker.run(ThreadPoolExecutor.java:624)
        at java.lang.Thread.run(Thread.java:750)
"Datanode State Machine Daemon Thread" daemon prio=5 tid=430 timed_waiting
java.lang.Thread.State: TIMED_WAITING
        at java.lang.Thread.sleep(Native Method)
        at org.apache.hadoop.ozone.container.common.statemachine.DatanodeStateMachine.startStateMachineThread(DatanodeStateMachine.java:313)
        at org.apache.hadoop.ozone.container.common.statemachine.DatanodeStateMachine.lambda$startDaemon$0(DatanodeStateMachine.java:493)
        at org.apache.hadoop.ozone.container.common.statemachine.DatanodeStateMachine$$Lambda$745/2059952062.run(Unknown Source)
        at java.lang.Thread.run(Thread.java:750)
"IPC Server handler 3 on default port 39185" daemon prio=5 tid=60 timed_waiting
java.lang.Thread.State: TIMED_WAITING
        at sun.misc.Unsafe.park(Native Method)
        at java.util.concurrent.locks.LockSupport.parkNanos(LockSupport.java:215)
        at java.util.concurrent.locks.AbstractQueuedSynchronizer$ConditionObject.awaitNanos(AbstractQueuedSynchronizer.java:2078)
        at java.util.concurrent.LinkedBlockingQueue.poll(LinkedBlockingQueue.java:467)
        at org.apache.hadoop.ipc.CallQueueManager.take(CallQueueManager.java:317)
        at org.apache.hadoop.ipc.Server$Handler.run(Server.java:2942)
"pool-72-thread-1"  prio=5 tid=561 in Object.wait()
java.lang.Thread.State: WAITING (on object monitor)
        at sun.misc.Unsafe.park(Native Method)
        at java.util.concurrent.locks.LockSupport.park(LockSupport.java:175)
        at java.util.concurrent.locks.AbstractQueuedSynchronizer$ConditionObject.await(AbstractQueuedSynchronizer.java:2039)
        at java.util.concurrent.LinkedBlockingQueue.take(LinkedBlockingQueue.java:442)
        at java.util.concurrent.ThreadPoolExecutor.getTask(ThreadPoolExecutor.java:1074)
        at java.util.concurrent.ThreadPoolExecutor.runWorker(ThreadPoolExecutor.java:1134)
        at java.util.concurrent.ThreadPoolExecutor$Worker.run(ThreadPoolExecutor.java:624)
        at java.lang.Thread.run(Thread.java:750)
"ChunkWriter-3-0" daemon prio=5 tid=540 in Object.wait()
java.lang.Thread.State: WAITING (on object monitor)
        at sun.misc.Unsafe.park(Native Method)
        at java.util.concurrent.locks.LockSupport.park(LockSupport.java:175)
        at java.util.concurrent.locks.AbstractQueuedSynchronizer$ConditionObject.await(AbstractQueuedSynchronizer.java:2039)
        at java.util.concurrent.LinkedBlockingDeque.takeFirst(LinkedBlockingDeque.java:492)
        at java.util.concurrent.LinkedBlockingDeque.take(LinkedBlockingDeque.java:680)
        at java.util.concurrent.ThreadPoolExecutor.getTask(ThreadPoolExecutor.java:1074)
        at java.util.concurrent.ThreadPoolExecutor.runWorker(ThreadPoolExecutor.java:1134)
        at java.util.concurrent.ThreadPoolExecutor$Worker.run(ThreadPoolExecutor.java:624)
        at java.lang.Thread.run(Thread.java:750)
"2793c3be-81e9-49ed-8ebe-f0dc6850cb05@group-852C345BE8D9-LeaderStateImpl" daemon prio=5 tid=810 timed_waiting
java.lang.Thread.State: TIMED_WAITING
        at sun.misc.Unsafe.park(Native Method)
        at java.util.concurrent.locks.LockSupport.parkNanos(LockSupport.java:215)
        at java.util.concurrent.locks.AbstractQueuedSynchronizer$ConditionObject.awaitNanos(AbstractQueuedSynchronizer.java:2078)
        at java.util.concurrent.ArrayBlockingQueue.poll(ArrayBlockingQueue.java:418)
        at org.apache.ratis.server.impl.LeaderStateImpl$EventQueue.poll(LeaderStateImpl.java:159)
        at org.apache.ratis.server.impl.LeaderStateImpl$EventProcessor.run(LeaderStateImpl.java:630)
"StaleRecoveringContainerScrubbingService#1" daemon prio=5 tid=417 timed_waiting
java.lang.Thread.State: TIMED_WAITING
        at sun.misc.Unsafe.park(Native Method)
        at java.util.concurrent.locks.LockSupport.parkNanos(LockSupport.java:215)
        at java.util.concurrent.locks.AbstractQueuedSynchronizer$ConditionObject.awaitNanos(AbstractQueuedSynchronizer.java:2078)
        at java.util.concurrent.ScheduledThreadPoolExecutor$DelayedWorkQueue.take(ScheduledThreadPoolExecutor.java:1093)
        at java.util.concurrent.ScheduledThreadPoolExecutor$DelayedWorkQueue.take(ScheduledThreadPoolExecutor.java:809)
        at java.util.concurrent.ThreadPoolExecutor.getTask(ThreadPoolExecutor.java:1074)
        at java.util.concurrent.ThreadPoolExecutor.runWorker(ThreadPoolExecutor.java:1134)
        at java.util.concurrent.ThreadPoolExecutor$Worker.run(ThreadPoolExecutor.java:624)
        at java.lang.Thread.run(Thread.java:750)
"Command processor thread" daemon prio=5 tid=269 timed_waiting
java.lang.Thread.State: TIMED_WAITING
        at java.lang.Thread.sleep(Native Method)
        at org.apache.hadoop.ozone.container.common.statemachine.DatanodeStateMachine.lambda$initCommandHandlerThread$3(DatanodeStateMachine.java:628)
        at org.apache.hadoop.ozone.container.common.statemachine.DatanodeStateMachine$$Lambda$747/1187177757.run(Unknown Source)
        at java.lang.Thread.run(Thread.java:750)
"Over Replicated Processor" daemon prio=5 tid=828 timed_waiting
java.lang.Thread.State: TIMED_WAITING
        at java.lang.Object.wait(Native Method)
        at org.apache.hadoop.hdds.scm.container.replication.OverReplicatedProcessor.run(OverReplicatedProcessor.java:131)
        at java.lang.Thread.run(Thread.java:750)
"KeyDeletingService#0" daemon prio=5 tid=131 timed_waiting
java.lang.Thread.State: TIMED_WAITING
        at sun.misc.Unsafe.park(Native Method)
        at java.util.concurrent.locks.LockSupport.parkNanos(LockSupport.java:215)
        at java.util.concurrent.locks.AbstractQueuedSynchronizer$ConditionObject.awaitNanos(AbstractQueuedSynchronizer.java:2078)
        at java.util.concurrent.ScheduledThreadPoolExecutor$DelayedWorkQueue.take(ScheduledThreadPoolExecutor.java:1093)
        at java.util.concurrent.ScheduledThreadPoolExecutor$DelayedWorkQueue.take(ScheduledThreadPoolExecutor.java:809)
        at java.util.concurrent.ThreadPoolExecutor.getTask(ThreadPoolExecutor.java:1074)
        at java.util.concurrent.ThreadPoolExecutor.runWorker(ThreadPoolExecutor.java:1134)
        at java.util.concurrent.ThreadPoolExecutor$Worker.run(ThreadPoolExecutor.java:624)
        at java.lang.Thread.run(Thread.java:750)
"JvmPauseMonitor1" daemon prio=5 tid=348 timed_waiting
java.lang.Thread.State: TIMED_WAITING
        at java.lang.Thread.sleep(Native Method)
        at java.lang.Thread.sleep(Thread.java:342)
        at java.util.concurrent.TimeUnit.sleep(TimeUnit.java:386)
        at org.apache.ratis.util.TimeDuration.sleep(TimeDuration.java:325)
        at org.apache.ratis.util.TimeDuration.sleep(TimeDuration.java:310)
        at org.apache.ratis.util.JvmPauseMonitor.detectPause(JvmPauseMonitor.java:119)
        at org.apache.ratis.util.JvmPauseMonitor.run(JvmPauseMonitor.java:108)
        at org.apache.ratis.util.JvmPauseMonitor$$Lambda$702/1594456416.run(Unknown Source)
        at java.lang.Thread.run(Thread.java:750)
"Signal Dispatcher" daemon prio=9 tid=4 runnable
java.lang.Thread.State: RUNNABLE
"IPC Server handler 15 on default port 38247" daemon prio=5 tid=52 timed_waiting
java.lang.Thread.State: TIMED_WAITING
        at sun.misc.Unsafe.park(Native Method)
        at java.util.concurrent.locks.LockSupport.parkNanos(LockSupport.java:215)
        at java.util.concurrent.locks.AbstractQueuedSynchronizer$ConditionObject.awaitNanos(AbstractQueuedSynchronizer.java:2078)
        at java.util.concurrent.LinkedBlockingQueue.poll(LinkedBlockingQueue.java:467)
        at org.apache.hadoop.ipc.CallQueueManager.take(CallQueueManager.java:317)
        at org.apache.hadoop.ipc.Server$Handler.run(Server.java:2942)
"EventQueue-NodeReportForNodeReportHandler" daemon prio=5 tid=829 in Object.wait()
java.lang.Thread.State: WAITING (on object monitor)
        at sun.misc.Unsafe.park(Native Method)
        at java.util.concurrent.locks.LockSupport.park(LockSupport.java:175)
        at java.util.concurrent.locks.AbstractQueuedSynchronizer$ConditionObject.await(AbstractQueuedSynchronizer.java:2039)
        at java.util.concurrent.LinkedBlockingQueue.take(LinkedBlockingQueue.java:442)
        at java.util.concurrent.ThreadPoolExecutor.getTask(ThreadPoolExecutor.java:1074)
        at java.util.concurrent.ThreadPoolExecutor.runWorker(ThreadPoolExecutor.java:1134)
        at java.util.concurrent.ThreadPoolExecutor$Worker.run(ThreadPoolExecutor.java:624)
        at java.lang.Thread.run(Thread.java:750)
"91dae643-bef5-471c-869f-4daa43ea47b3@group-9B8FAE4D8AEE-StateMachineUpdater" daemon prio=5 tid=575 timed_waiting
java.lang.Thread.State: TIMED_WAITING
        at sun.misc.Unsafe.park(Native Method)
        at java.util.concurrent.locks.LockSupport.parkNanos(LockSupport.java:215)
        at java.util.concurrent.CompletableFuture$Signaller.block(CompletableFuture.java:1709)
        at java.util.concurrent.ForkJoinPool.managedBlock(ForkJoinPool.java:3323)
        at java.util.concurrent.CompletableFuture.timedGet(CompletableFuture.java:1788)
        at java.util.concurrent.CompletableFuture.get(CompletableFuture.java:1928)
        at org.apache.ratis.util.AwaitForSignal.await(AwaitForSignal.java:56)
        at org.apache.ratis.server.impl.StateMachineUpdater.waitForCommit(StateMachineUpdater.java:207)
        at org.apache.ratis.server.impl.StateMachineUpdater.run(StateMachineUpdater.java:176)
        at java.lang.Thread.run(Thread.java:750)
"ChunkWriter-2-0" daemon prio=5 tid=539 in Object.wait()
java.lang.Thread.State: WAITING (on object monitor)
        at sun.misc.Unsafe.park(Native Method)
        at java.util.concurrent.locks.LockSupport.park(LockSupport.java:175)
        at java.util.concurrent.locks.AbstractQueuedSynchronizer$ConditionObject.await(AbstractQueuedSynchronizer.java:2039)
        at java.util.concurrent.LinkedBlockingDeque.takeFirst(LinkedBlockingDeque.java:492)
        at java.util.concurrent.LinkedBlockingDeque.take(LinkedBlockingDeque.java:680)
        at java.util.concurrent.ThreadPoolExecutor.getTask(ThreadPoolExecutor.java:1074)
        at java.util.concurrent.ThreadPoolExecutor.runWorker(ThreadPoolExecutor.java:1134)
        at java.util.concurrent.ThreadPoolExecutor$Worker.run(ThreadPoolExecutor.java:624)
        at java.lang.Thread.run(Thread.java:750)
"ChunkReader-0" daemon prio=5 tid=769 in Object.wait()
java.lang.Thread.State: WAITING (on object monitor)
        at sun.misc.Unsafe.park(Native Method)
        at java.util.concurrent.locks.LockSupport.park(LockSupport.java:175)
        at java.util.concurrent.locks.AbstractQueuedSynchronizer$ConditionObject.await(AbstractQueuedSynchronizer.java:2039)
        at java.util.concurrent.LinkedBlockingQueue.take(LinkedBlockingQueue.java:442)
        at java.util.concurrent.ThreadPoolExecutor.getTask(ThreadPoolExecutor.java:1074)
        at java.util.concurrent.ThreadPoolExecutor.runWorker(ThreadPoolExecutor.java:1134)
        at java.util.concurrent.ThreadPoolExecutor$Worker.run(ThreadPoolExecutor.java:624)
        at java.lang.Thread.run(Thread.java:750)
"IPC Server handler 14 on default port 40043" daemon prio=5 tid=158 timed_waiting
java.lang.Thread.State: TIMED_WAITING
        at sun.misc.Unsafe.park(Native Method)
        at java.util.concurrent.locks.LockSupport.parkNanos(LockSupport.java:215)
        at java.util.concurrent.locks.AbstractQueuedSynchronizer$ConditionObject.awaitNanos(AbstractQueuedSynchronizer.java:2078)
        at java.util.concurrent.LinkedBlockingQueue.poll(LinkedBlockingQueue.java:467)
        at org.apache.hadoop.ipc.CallQueueManager.take(CallQueueManager.java:317)
        at org.apache.hadoop.ipc.Server$Handler.run(Server.java:2942)
"91dae643-bef5-471c-869f-4daa43ea47b3-server-thread1" daemon prio=5 tid=694 timed_waiting
java.lang.Thread.State: TIMED_WAITING
        at sun.misc.Unsafe.park(Native Method)
        at java.util.concurrent.locks.LockSupport.parkNanos(LockSupport.java:215)
        at java.util.concurrent.SynchronousQueue$TransferStack.awaitFulfill(SynchronousQueue.java:460)
        at java.util.concurrent.SynchronousQueue$TransferStack.transfer(SynchronousQueue.java:362)
        at java.util.concurrent.SynchronousQueue.poll(SynchronousQueue.java:941)
        at java.util.concurrent.ThreadPoolExecutor.getTask(ThreadPoolExecutor.java:1073)
        at java.util.concurrent.ThreadPoolExecutor.runWorker(ThreadPoolExecutor.java:1134)
        at java.util.concurrent.ThreadPoolExecutor$Worker.run(ThreadPoolExecutor.java:624)
        at java.lang.Thread.run(Thread.java:750)
"qtp939893108-427" daemon prio=5 tid=427 timed_waiting
java.lang.Thread.State: TIMED_WAITING
        at sun.misc.Unsafe.park(Native Method)
        at java.util.concurrent.locks.LockSupport.parkNanos(LockSupport.java:215)
        at java.util.concurrent.locks.AbstractQueuedSynchronizer$ConditionObject.awaitNanos(AbstractQueuedSynchronizer.java:2078)
        at org.eclipse.jetty.util.BlockingArrayQueue.poll(BlockingArrayQueue.java:382)
        at org.eclipse.jetty.util.thread.QueuedThreadPool$Runner.idleJobPoll(QueuedThreadPool.java:974)
        at org.eclipse.jetty.util.thread.QueuedThreadPool$Runner.run(QueuedThreadPool.java:1018)
        at java.lang.Thread.run(Thread.java:750)
"qtp939893108-424" daemon prio=5 tid=424 timed_waiting
java.lang.Thread.State: TIMED_WAITING
        at sun.misc.Unsafe.park(Native Method)
        at java.util.concurrent.locks.LockSupport.parkNanos(LockSupport.java:215)
        at java.util.concurrent.locks.AbstractQueuedSynchronizer$ConditionObject.awaitNanos(AbstractQueuedSynchronizer.java:2078)
        at org.eclipse.jetty.util.BlockingArrayQueue.poll(BlockingArrayQueue.java:382)
        at org.eclipse.jetty.util.thread.QueuedThreadPool$Runner.idleJobPoll(QueuedThreadPool.java:974)
        at org.eclipse.jetty.util.thread.QueuedThreadPool$Runner.run(QueuedThreadPool.java:1018)
        at java.lang.Thread.run(Thread.java:750)
"org.apache.hadoop.ozone.container.common.statemachine.commandhandler.DeleteBlocksCommandHandler$DeleteCmdWorker@3b342b4d" daemon prio=5 tid=226 timed_waiting
java.lang.Thread.State: TIMED_WAITING
        at java.lang.Thread.sleep(Native Method)
        at org.apache.hadoop.ozone.container.common.statemachine.commandhandler.DeleteBlocksCommandHandler$DeleteCmdWorker.run(DeleteBlocksCommandHandler.java:183)
        at java.lang.Thread.run(Thread.java:750)
"Datanode ReportManager Thread - 1" daemon prio=5 tid=394 timed_waiting
java.lang.Thread.State: TIMED_WAITING
        at sun.misc.Unsafe.park(Native Method)
        at java.util.concurrent.locks.LockSupport.parkNanos(LockSupport.java:215)
        at java.util.concurrent.locks.AbstractQueuedSynchronizer$ConditionObject.awaitNanos(AbstractQueuedSynchronizer.java:2078)
        at java.util.concurrent.ScheduledThreadPoolExecutor$DelayedWorkQueue.take(ScheduledThreadPoolExecutor.java:1093)
        at java.util.concurrent.ScheduledThreadPoolExecutor$DelayedWorkQueue.take(ScheduledThreadPoolExecutor.java:809)
        at java.util.concurrent.ThreadPoolExecutor.getTask(ThreadPoolExecutor.java:1074)
        at java.util.concurrent.ThreadPoolExecutor.runWorker(ThreadPoolExecutor.java:1134)
        at java.util.concurrent.ThreadPoolExecutor$Worker.run(ThreadPoolExecutor.java:624)
        at java.lang.Thread.run(Thread.java:750)
"pool-257-thread-1" daemon prio=5 tid=406 timed_waiting
java.lang.Thread.State: TIMED_WAITING
        at sun.misc.Unsafe.park(Native Method)
        at java.util.concurrent.locks.LockSupport.parkNanos(LockSupport.java:215)
        at java.util.concurrent.locks.AbstractQueuedSynchronizer$ConditionObject.awaitNanos(AbstractQueuedSynchronizer.java:2078)
        at java.util.concurrent.ScheduledThreadPoolExecutor$DelayedWorkQueue.take(ScheduledThreadPoolExecutor.java:1093)
        at java.util.concurrent.ScheduledThreadPoolExecutor$DelayedWorkQueue.take(ScheduledThreadPoolExecutor.java:809)
        at java.util.concurrent.ThreadPoolExecutor.getTask(ThreadPoolExecutor.java:1074)
        at java.util.concurrent.ThreadPoolExecutor.runWorker(ThreadPoolExecutor.java:1134)
        at java.util.concurrent.ThreadPoolExecutor$Worker.run(ThreadPoolExecutor.java:624)
        at java.lang.Thread.run(Thread.java:750)
"JvmPauseMonitor8" daemon prio=5 tid=529 timed_waiting
java.lang.Thread.State: TIMED_WAITING
        at java.lang.Thread.sleep(Native Method)
        at java.lang.Thread.sleep(Thread.java:342)
        at java.util.concurrent.TimeUnit.sleep(TimeUnit.java:386)
        at org.apache.ratis.util.TimeDuration.sleep(TimeDuration.java:325)
        at org.apache.ratis.util.TimeDuration.sleep(TimeDuration.java:310)
        at org.apache.ratis.util.JvmPauseMonitor.detectPause(JvmPauseMonitor.java:119)
        at org.apache.ratis.util.JvmPauseMonitor.run(JvmPauseMonitor.java:108)
        at org.apache.ratis.util.JvmPauseMonitor$$Lambda$702/1594456416.run(Unknown Source)
        at java.lang.Thread.run(Thread.java:750)
"StaleRecoveringContainerScrubbingService#0" daemon prio=5 tid=477 in Object.wait()
java.lang.Thread.State: WAITING (on object monitor)
        at sun.misc.Unsafe.park(Native Method)
        at java.util.concurrent.locks.LockSupport.park(LockSupport.java:175)
        at java.util.concurrent.locks.AbstractQueuedSynchronizer$ConditionObject.await(AbstractQueuedSynchronizer.java:2039)
        at java.util.concurrent.ScheduledThreadPoolExecutor$DelayedWorkQueue.take(ScheduledThreadPoolExecutor.java:1088)
        at java.util.concurrent.ScheduledThreadPoolExecutor$DelayedWorkQueue.take(ScheduledThreadPoolExecutor.java:809)
        at java.util.concurrent.ThreadPoolExecutor.getTask(ThreadPoolExecutor.java:1074)
        at java.util.concurrent.ThreadPoolExecutor.runWorker(ThreadPoolExecutor.java:1134)
        at java.util.concurrent.ThreadPoolExecutor$Worker.run(ThreadPoolExecutor.java:624)
        at java.lang.Thread.run(Thread.java:750)
"IPC Server handler 15 on default port 39185" daemon prio=5 tid=72 timed_waiting
java.lang.Thread.State: TIMED_WAITING
        at sun.misc.Unsafe.park(Native Method)
        at java.util.concurrent.locks.LockSupport.parkNanos(LockSupport.java:215)
        at java.util.concurrent.locks.AbstractQueuedSynchronizer$ConditionObject.awaitNanos(AbstractQueuedSynchronizer.java:2078)
        at java.util.concurrent.LinkedBlockingQueue.poll(LinkedBlockingQueue.java:467)
        at org.apache.hadoop.ipc.CallQueueManager.take(CallQueueManager.java:317)
        at org.apache.hadoop.ipc.Server$Handler.run(Server.java:2942)
"IPC Server handler 10 on default port 39185" daemon prio=5 tid=67 timed_waiting
java.lang.Thread.State: TIMED_WAITING
        at sun.misc.Unsafe.park(Native Method)
        at java.util.concurrent.locks.LockSupport.parkNanos(LockSupport.java:215)
        at java.util.concurrent.locks.AbstractQueuedSynchronizer$ConditionObject.awaitNanos(AbstractQueuedSynchronizer.java:2078)
        at java.util.concurrent.LinkedBlockingQueue.poll(LinkedBlockingQueue.java:467)
        at org.apache.hadoop.ipc.CallQueueManager.take(CallQueueManager.java:317)
        at org.apache.hadoop.ipc.Server$Handler.run(Server.java:2942)
"bca43735-b008-443f-9343-82cfc7e5cdbd@group-D3C8F7E5DD43-LeaderStateImpl" daemon prio=5 tid=808 timed_waiting
java.lang.Thread.State: TIMED_WAITING
        at sun.misc.Unsafe.park(Native Method)
        at java.util.concurrent.locks.LockSupport.parkNanos(LockSupport.java:215)
        at java.util.concurrent.locks.AbstractQueuedSynchronizer$ConditionObject.awaitNanos(AbstractQueuedSynchronizer.java:2078)
        at java.util.concurrent.ArrayBlockingQueue.poll(ArrayBlockingQueue.java:418)
        at org.apache.ratis.server.impl.LeaderStateImpl$EventQueue.poll(LeaderStateImpl.java:159)
        at org.apache.ratis.server.impl.LeaderStateImpl$EventProcessor.run(LeaderStateImpl.java:630)
"qtp573924191-287" daemon prio=5 tid=287 timed_waiting
java.lang.Thread.State: TIMED_WAITING
        at sun.misc.Unsafe.park(Native Method)
        at java.util.concurrent.locks.LockSupport.parkNanos(LockSupport.java:215)
        at java.util.concurrent.locks.AbstractQueuedSynchronizer$ConditionObject.awaitNanos(AbstractQueuedSynchronizer.java:2078)
        at org.eclipse.jetty.util.BlockingArrayQueue.poll(BlockingArrayQueue.java:382)
        at org.eclipse.jetty.util.thread.QueuedThreadPool$Runner.idleJobPoll(QueuedThreadPool.java:974)
        at org.eclipse.jetty.util.thread.QueuedThreadPool$Runner.run(QueuedThreadPool.java:1018)
        at java.lang.Thread.run(Thread.java:750)
"2de491c0-1905-4845-ada7-2a3c171f2066@group-4054D80A22FC-LeaderStateImpl" daemon prio=5 tid=734 timed_waiting
java.lang.Thread.State: TIMED_WAITING
        at sun.misc.Unsafe.park(Native Method)
        at java.util.concurrent.locks.LockSupport.parkNanos(LockSupport.java:215)
        at java.util.concurrent.locks.AbstractQueuedSynchronizer$ConditionObject.awaitNanos(AbstractQueuedSynchronizer.java:2078)
        at java.util.concurrent.ArrayBlockingQueue.poll(ArrayBlockingQueue.java:418)
        at org.apache.ratis.server.impl.LeaderStateImpl$EventQueue.poll(LeaderStateImpl.java:159)
        at org.apache.ratis.server.impl.LeaderStateImpl$EventProcessor.run(LeaderStateImpl.java:630)
"Datanode ReportManager Thread - 3" daemon prio=5 tid=396 in Object.wait()
java.lang.Thread.State: WAITING (on object monitor)
        at sun.misc.Unsafe.park(Native Method)
        at java.util.concurrent.locks.LockSupport.park(LockSupport.java:175)
        at java.util.concurrent.locks.AbstractQueuedSynchronizer$ConditionObject.await(AbstractQueuedSynchronizer.java:2039)
        at java.util.concurrent.ScheduledThreadPoolExecutor$DelayedWorkQueue.take(ScheduledThreadPoolExecutor.java:1088)
        at java.util.concurrent.ScheduledThreadPoolExecutor$DelayedWorkQueue.take(ScheduledThreadPoolExecutor.java:809)
        at java.util.concurrent.ThreadPoolExecutor.getTask(ThreadPoolExecutor.java:1074)
        at java.util.concurrent.ThreadPoolExecutor.runWorker(ThreadPoolExecutor.java:1134)
        at java.util.concurrent.ThreadPoolExecutor$Worker.run(ThreadPoolExecutor.java:624)
        at java.lang.Thread.run(Thread.java:750)
"IPC Parameter Sending Thread #0" daemon prio=5 tid=113 timed_waiting
java.lang.Thread.State: TIMED_WAITING
        at sun.misc.Unsafe.park(Native Method)
        at java.util.concurrent.locks.LockSupport.parkNanos(LockSupport.java:215)
        at java.util.concurrent.SynchronousQueue$TransferStack.awaitFulfill(SynchronousQueue.java:460)
        at java.util.concurrent.SynchronousQueue$TransferStack.transfer(SynchronousQueue.java:362)
        at java.util.concurrent.SynchronousQueue.poll(SynchronousQueue.java:941)
        at java.util.concurrent.ThreadPoolExecutor.getTask(ThreadPoolExecutor.java:1073)
        at java.util.concurrent.ThreadPoolExecutor.runWorker(ThreadPoolExecutor.java:1134)
        at java.util.concurrent.ThreadPoolExecutor$Worker.run(ThreadPoolExecutor.java:624)
        at java.lang.Thread.run(Thread.java:750)
"StaleRecoveringContainerScrubbingService#0" daemon prio=5 tid=544 in Object.wait()
java.lang.Thread.State: WAITING (on object monitor)
        at sun.misc.Unsafe.park(Native Method)
        at java.util.concurrent.locks.LockSupport.park(LockSupport.java:175)
        at java.util.concurrent.locks.AbstractQueuedSynchronizer$ConditionObject.await(AbstractQueuedSynchronizer.java:2039)
        at java.util.concurrent.ScheduledThreadPoolExecutor$DelayedWorkQueue.take(ScheduledThreadPoolExecutor.java:1088)
        at java.util.concurrent.ScheduledThreadPoolExecutor$DelayedWorkQueue.take(ScheduledThreadPoolExecutor.java:809)
        at java.util.concurrent.ThreadPoolExecutor.getTask(ThreadPoolExecutor.java:1074)
        at java.util.concurrent.ThreadPoolExecutor.runWorker(ThreadPoolExecutor.java:1134)
        at java.util.concurrent.ThreadPoolExecutor$Worker.run(ThreadPoolExecutor.java:624)
        at java.lang.Thread.run(Thread.java:750)
"StaleRecoveringContainerScrubbingService#0" daemon prio=5 tid=389 in Object.wait()
java.lang.Thread.State: WAITING (on object monitor)
        at sun.misc.Unsafe.park(Native Method)
        at java.util.concurrent.locks.LockSupport.park(LockSupport.java:175)
        at java.util.concurrent.locks.AbstractQueuedSynchronizer$ConditionObject.await(AbstractQueuedSynchronizer.java:2039)
        at java.util.concurrent.ScheduledThreadPoolExecutor$DelayedWorkQueue.take(ScheduledThreadPoolExecutor.java:1088)
        at java.util.concurrent.ScheduledThreadPoolExecutor$DelayedWorkQueue.take(ScheduledThreadPoolExecutor.java:809)
        at java.util.concurrent.ThreadPoolExecutor.getTask(ThreadPoolExecutor.java:1074)
        at java.util.concurrent.ThreadPoolExecutor.runWorker(ThreadPoolExecutor.java:1134)
        at java.util.concurrent.ThreadPoolExecutor$Worker.run(ThreadPoolExecutor.java:624)
        at java.lang.Thread.run(Thread.java:750)
"ChunkReader-ELG-0" daemon prio=5 tid=542 runnable
java.lang.Thread.State: RUNNABLE
        at org.apache.ratis.thirdparty.io.netty.channel.epoll.Native.epollWait(Native Method)
        at org.apache.ratis.thirdparty.io.netty.channel.epoll.Native.epollWait(Native.java:209)
        at org.apache.ratis.thirdparty.io.netty.channel.epoll.Native.epollWait(Native.java:202)
        at org.apache.ratis.thirdparty.io.netty.channel.epoll.EpollEventLoop.epollWaitNoTimerChange(EpollEventLoop.java:294)
        at org.apache.ratis.thirdparty.io.netty.channel.epoll.EpollEventLoop.run(EpollEventLoop.java:351)
        at org.apache.ratis.thirdparty.io.netty.util.concurrent.SingleThreadEventExecutor$4.run(SingleThreadEventExecutor.java:995)
        at org.apache.ratis.thirdparty.io.netty.util.internal.ThreadExecutorMap$2.run(ThreadExecutorMap.java:74)
        at java.lang.Thread.run(Thread.java:750)
"pool-64-thread-1" daemon prio=5 tid=168 timed_waiting
java.lang.Thread.State: TIMED_WAITING
        at sun.misc.Unsafe.park(Native Method)
        at java.util.concurrent.locks.LockSupport.parkNanos(LockSupport.java:215)
        at java.util.concurrent.locks.AbstractQueuedSynchronizer$ConditionObject.awaitNanos(AbstractQueuedSynchronizer.java:2078)
        at java.util.concurrent.ScheduledThreadPoolExecutor$DelayedWorkQueue.take(ScheduledThreadPoolExecutor.java:1093)
        at java.util.concurrent.ScheduledThreadPoolExecutor$DelayedWorkQueue.take(ScheduledThreadPoolExecutor.java:809)
        at java.util.concurrent.ThreadPoolExecutor.getTask(ThreadPoolExecutor.java:1074)
        at java.util.concurrent.ThreadPoolExecutor.runWorker(ThreadPoolExecutor.java:1134)
        at java.util.concurrent.ThreadPoolExecutor$Worker.run(ThreadPoolExecutor.java:624)
        at java.lang.Thread.run(Thread.java:750)
"IPC Server handler 14 on default port 38247" daemon prio=5 tid=51 timed_waiting
java.lang.Thread.State: TIMED_WAITING
        at sun.misc.Unsafe.park(Native Method)
        at java.util.concurrent.locks.LockSupport.parkNanos(LockSupport.java:215)
        at java.util.concurrent.locks.AbstractQueuedSynchronizer$ConditionObject.awaitNanos(AbstractQueuedSynchronizer.java:2078)
        at java.util.concurrent.LinkedBlockingQueue.poll(LinkedBlockingQueue.java:467)
        at org.apache.hadoop.ipc.CallQueueManager.take(CallQueueManager.java:317)
        at org.apache.hadoop.ipc.Server$Handler.run(Server.java:2942)
"qtp1617079700-175-acceptor-0@25efb318-ServerConnector@41de90fa{HTTP/1.1, (http/1.1)}{0.0.0.0:46773}" daemon prio=3 tid=175 runnable
java.lang.Thread.State: RUNNABLE
        at sun.nio.ch.ServerSocketChannelImpl.accept0(Native Method)
        at sun.nio.ch.ServerSocketChannelImpl.accept(ServerSocketChannelImpl.java:421)
        at sun.nio.ch.ServerSocketChannelImpl.accept(ServerSocketChannelImpl.java:249)
        at org.eclipse.jetty.server.ServerConnector.accept(ServerConnector.java:388)
        at org.eclipse.jetty.server.AbstractConnector$Acceptor.run(AbstractConnector.java:702)
        at org.eclipse.jetty.util.thread.QueuedThreadPool.runJob(QueuedThreadPool.java:883)
        at org.eclipse.jetty.util.thread.QueuedThreadPool$Runner.run(QueuedThreadPool.java:1034)
        at java.lang.Thread.run(Thread.java:750)
"ChunkWriter-3-0" daemon prio=5 tid=347 in Object.wait()
java.lang.Thread.State: WAITING (on object monitor)
        at sun.misc.Unsafe.park(Native Method)
        at java.util.concurrent.locks.LockSupport.park(LockSupport.java:175)
        at java.util.concurrent.locks.AbstractQueuedSynchronizer$ConditionObject.await(AbstractQueuedSynchronizer.java:2039)
        at java.util.concurrent.LinkedBlockingDeque.takeFirst(LinkedBlockingDeque.java:492)
        at java.util.concurrent.LinkedBlockingDeque.take(LinkedBlockingDeque.java:680)
        at java.util.concurrent.ThreadPoolExecutor.getTask(ThreadPoolExecutor.java:1074)
        at java.util.concurrent.ThreadPoolExecutor.runWorker(ThreadPoolExecutor.java:1134)
        at java.util.concurrent.ThreadPoolExecutor$Worker.run(ThreadPoolExecutor.java:624)
        at java.lang.Thread.run(Thread.java:750)
"9e7e10a2-763a-4a15-b149-6c921096d1eb-server-thread2" daemon prio=5 tid=690 timed_waiting
java.lang.Thread.State: TIMED_WAITING
        at sun.misc.Unsafe.park(Native Method)
        at java.util.concurrent.locks.LockSupport.parkNanos(LockSupport.java:215)
        at java.util.concurrent.SynchronousQueue$TransferStack.awaitFulfill(SynchronousQueue.java:460)
        at java.util.concurrent.SynchronousQueue$TransferStack.transfer(SynchronousQueue.java:362)
        at java.util.concurrent.SynchronousQueue.poll(SynchronousQueue.java:941)
        at java.util.concurrent.ThreadPoolExecutor.getTask(ThreadPoolExecutor.java:1073)
        at java.util.concurrent.ThreadPoolExecutor.runWorker(ThreadPoolExecutor.java:1134)
        at java.util.concurrent.ThreadPoolExecutor$Worker.run(ThreadPoolExecutor.java:624)
        at java.lang.Thread.run(Thread.java:750)
"Periodic HDDS volume checker" daemon prio=5 tid=404 timed_waiting
java.lang.Thread.State: TIMED_WAITING
        at sun.misc.Unsafe.park(Native Method)
        at java.util.concurrent.locks.LockSupport.parkNanos(LockSupport.java:215)
        at java.util.concurrent.locks.AbstractQueuedSynchronizer$ConditionObject.awaitNanos(AbstractQueuedSynchronizer.java:2078)
        at java.util.concurrent.ScheduledThreadPoolExecutor$DelayedWorkQueue.take(ScheduledThreadPoolExecutor.java:1093)
        at java.util.concurrent.ScheduledThreadPoolExecutor$DelayedWorkQueue.take(ScheduledThreadPoolExecutor.java:809)
        at java.util.concurrent.ThreadPoolExecutor.getTask(ThreadPoolExecutor.java:1074)
        at java.util.concurrent.ThreadPoolExecutor.runWorker(ThreadPoolExecutor.java:1134)
        at java.util.concurrent.ThreadPoolExecutor$Worker.run(ThreadPoolExecutor.java:624)
        at java.lang.Thread.run(Thread.java:750)
"EventQueue-PipelineReportForPipelineReportHandler" daemon prio=5 tid=506 in Object.wait()
java.lang.Thread.State: WAITING (on object monitor)
        at sun.misc.Unsafe.park(Native Method)
        at java.util.concurrent.locks.LockSupport.park(LockSupport.java:175)
        at java.util.concurrent.locks.AbstractQueuedSynchronizer$ConditionObject.await(AbstractQueuedSynchronizer.java:2039)
        at java.util.concurrent.LinkedBlockingQueue.take(LinkedBlockingQueue.java:442)
        at java.util.concurrent.ThreadPoolExecutor.getTask(ThreadPoolExecutor.java:1074)
        at java.util.concurrent.ThreadPoolExecutor.runWorker(ThreadPoolExecutor.java:1134)
        at java.util.concurrent.ThreadPoolExecutor$Worker.run(ThreadPoolExecutor.java:624)
        at java.lang.Thread.run(Thread.java:750)
"qtp2041292819-107" daemon prio=5 tid=107 timed_waiting
java.lang.Thread.State: TIMED_WAITING
        at sun.misc.Unsafe.park(Native Method)
        at java.util.concurrent.locks.LockSupport.parkNanos(LockSupport.java:215)
        at java.util.concurrent.locks.AbstractQueuedSynchronizer$ConditionObject.awaitNanos(AbstractQueuedSynchronizer.java:2078)
        at org.eclipse.jetty.util.BlockingArrayQueue.poll(BlockingArrayQueue.java:382)
        at org.eclipse.jetty.util.thread.QueuedThreadPool$Runner.idleJobPoll(QueuedThreadPool.java:974)
        at org.eclipse.jetty.util.thread.QueuedThreadPool$Runner.run(QueuedThreadPool.java:1018)
        at java.lang.Thread.run(Thread.java:750)
"timer3" daemon prio=5 tid=693 timed_waiting
java.lang.Thread.State: TIMED_WAITING
        at java.lang.Object.wait(Native Method)
        at java.util.TimerThread.mainLoop(Timer.java:552)
        at java.util.TimerThread.run(Timer.java:505)
"qtp159394830-312" daemon prio=5 tid=312 timed_waiting
java.lang.Thread.State: TIMED_WAITING
        at sun.misc.Unsafe.park(Native Method)
        at java.util.concurrent.locks.LockSupport.parkNanos(LockSupport.java:215)
        at java.util.concurrent.locks.AbstractQueuedSynchronizer$ConditionObject.awaitNanos(AbstractQueuedSynchronizer.java:2078)
        at org.eclipse.jetty.util.BlockingArrayQueue.poll(BlockingArrayQueue.java:382)
        at org.eclipse.jetty.util.thread.QueuedThreadPool$Runner.idleJobPoll(QueuedThreadPool.java:974)
        at org.eclipse.jetty.util.thread.QueuedThreadPool$Runner.run(QueuedThreadPool.java:1018)
        at java.lang.Thread.run(Thread.java:750)
"ChunkReader-1" daemon prio=5 tid=774 in Object.wait()
java.lang.Thread.State: WAITING (on object monitor)
        at sun.misc.Unsafe.park(Native Method)
        at java.util.concurrent.locks.LockSupport.park(LockSupport.java:175)
        at java.util.concurrent.locks.AbstractQueuedSynchronizer$ConditionObject.await(AbstractQueuedSynchronizer.java:2039)
        at java.util.concurrent.LinkedBlockingQueue.take(LinkedBlockingQueue.java:442)
        at java.util.concurrent.ThreadPoolExecutor.getTask(ThreadPoolExecutor.java:1074)
        at java.util.concurrent.ThreadPoolExecutor.runWorker(ThreadPoolExecutor.java:1134)
        at java.util.concurrent.ThreadPoolExecutor$Worker.run(ThreadPoolExecutor.java:624)
        at java.lang.Thread.run(Thread.java:750)
"qtp1130529378-463" daemon prio=5 tid=463 timed_waiting
java.lang.Thread.State: TIMED_WAITING
        at sun.misc.Unsafe.park(Native Method)
        at java.util.concurrent.locks.LockSupport.parkNanos(LockSupport.java:215)
        at java.util.concurrent.locks.AbstractQueuedSynchronizer$ConditionObject.awaitNanos(AbstractQueuedSynchronizer.java:2078)
        at org.eclipse.jetty.util.BlockingArrayQueue.poll(BlockingArrayQueue.java:382)
        at org.eclipse.jetty.util.thread.QueuedThreadPool$Runner.idleJobPoll(QueuedThreadPool.java:974)
        at org.eclipse.jetty.util.thread.QueuedThreadPool$Runner.run(QueuedThreadPool.java:1018)
        at java.lang.Thread.run(Thread.java:750)
"grpc-default-boss-ELG-1-1" daemon prio=5 tid=128 runnable
java.lang.Thread.State: RUNNABLE
        at org.apache.ratis.thirdparty.io.netty.channel.epoll.Native.epollWait(Native Method)
        at org.apache.ratis.thirdparty.io.netty.channel.epoll.Native.epollWait(Native.java:209)
        at org.apache.ratis.thirdparty.io.netty.channel.epoll.Native.epollWait(Native.java:202)
        at org.apache.ratis.thirdparty.io.netty.channel.epoll.EpollEventLoop.epollWaitNoTimerChange(EpollEventLoop.java:294)
        at org.apache.ratis.thirdparty.io.netty.channel.epoll.EpollEventLoop.run(EpollEventLoop.java:351)
        at org.apache.ratis.thirdparty.io.netty.util.concurrent.SingleThreadEventExecutor$4.run(SingleThreadEventExecutor.java:995)
        at org.apache.ratis.thirdparty.io.netty.util.internal.ThreadExecutorMap$2.run(ThreadExecutorMap.java:74)
        at org.apache.ratis.thirdparty.io.netty.util.concurrent.FastThreadLocalRunnable.run(FastThreadLocalRunnable.java:30)
        at java.lang.Thread.run(Thread.java:750)
"BlockDeletingService#1" daemon prio=5 tid=449 timed_waiting
java.lang.Thread.State: TIMED_WAITING
        at sun.misc.Unsafe.park(Native Method)
        at java.util.concurrent.locks.LockSupport.parkNanos(LockSupport.java:215)
        at java.util.concurrent.locks.AbstractQueuedSynchronizer$ConditionObject.awaitNanos(AbstractQueuedSynchronizer.java:2078)
        at java.util.concurrent.ScheduledThreadPoolExecutor$DelayedWorkQueue.take(ScheduledThreadPoolExecutor.java:1093)
        at java.util.concurrent.ScheduledThreadPoolExecutor$DelayedWorkQueue.take(ScheduledThreadPoolExecutor.java:809)
        at java.util.concurrent.ThreadPoolExecutor.getTask(ThreadPoolExecutor.java:1074)
        at java.util.concurrent.ThreadPoolExecutor.runWorker(ThreadPoolExecutor.java:1134)
        at java.util.concurrent.ThreadPoolExecutor$Worker.run(ThreadPoolExecutor.java:624)
        at java.lang.Thread.run(Thread.java:750)
"qtp2041292819-106" daemon prio=5 tid=106 timed_waiting
java.lang.Thread.State: TIMED_WAITING
        at sun.misc.Unsafe.park(Native Method)
        at java.util.concurrent.locks.LockSupport.parkNanos(LockSupport.java:215)
        at java.util.concurrent.locks.AbstractQueuedSynchronizer$ConditionObject.awaitNanos(AbstractQueuedSynchronizer.java:2078)
        at org.eclipse.jetty.util.BlockingArrayQueue.poll(BlockingArrayQueue.java:382)
        at org.eclipse.jetty.util.thread.QueuedThreadPool$Runner.idleJobPoll(QueuedThreadPool.java:974)
        at org.eclipse.jetty.util.thread.QueuedThreadPool$Runner.run(QueuedThreadPool.java:1018)
        at java.lang.Thread.run(Thread.java:750)
"EndpointStateMachine task thread for /0.0.0.0:46251 - 0 "  prio=5 tid=490 in Object.wait()
java.lang.Thread.State: WAITING (on object monitor)
        at sun.misc.Unsafe.park(Native Method)
        at java.util.concurrent.locks.LockSupport.park(LockSupport.java:175)
        at java.util.concurrent.locks.AbstractQueuedSynchronizer$ConditionObject.await(AbstractQueuedSynchronizer.java:2039)
        at java.util.concurrent.LinkedBlockingQueue.take(LinkedBlockingQueue.java:442)
        at java.util.concurrent.ThreadPoolExecutor.getTask(ThreadPoolExecutor.java:1074)
        at java.util.concurrent.ThreadPoolExecutor.runWorker(ThreadPoolExecutor.java:1134)
        at java.util.concurrent.ThreadPoolExecutor$Worker.run(ThreadPoolExecutor.java:624)
        at java.lang.Thread.run(Thread.java:750)
"EventQueue-NewNodeForNewNodeHandler" daemon prio=5 tid=501 in Object.wait()
java.lang.Thread.State: WAITING (on object monitor)
        at sun.misc.Unsafe.park(Native Method)
        at java.util.concurrent.locks.LockSupport.park(LockSupport.java:175)
        at java.util.concurrent.locks.AbstractQueuedSynchronizer$ConditionObject.await(AbstractQueuedSynchronizer.java:2039)
        at java.util.concurrent.LinkedBlockingQueue.take(LinkedBlockingQueue.java:442)
        at java.util.concurrent.ThreadPoolExecutor.getTask(ThreadPoolExecutor.java:1074)
        at java.util.concurrent.ThreadPoolExecutor.runWorker(ThreadPoolExecutor.java:1134)
        at java.util.concurrent.ThreadPoolExecutor$Worker.run(ThreadPoolExecutor.java:624)
        at java.lang.Thread.run(Thread.java:750)
"Command processor thread" daemon prio=5 tid=295 timed_waiting
java.lang.Thread.State: TIMED_WAITING
        at java.lang.Thread.sleep(Native Method)
        at org.apache.hadoop.ozone.container.common.statemachine.DatanodeStateMachine.lambda$initCommandHandlerThread$3(DatanodeStateMachine.java:628)
        at org.apache.hadoop.ozone.container.common.statemachine.DatanodeStateMachine$$Lambda$747/1187177757.run(Unknown Source)
        at java.lang.Thread.run(Thread.java:750)
"IPC Server handler 0 on default port 46251" daemon prio=5 tid=77 timed_waiting
java.lang.Thread.State: TIMED_WAITING
        at sun.misc.Unsafe.park(Native Method)
        at java.util.concurrent.locks.LockSupport.parkNanos(LockSupport.java:215)
        at java.util.concurrent.locks.AbstractQueuedSynchronizer$ConditionObject.awaitNanos(AbstractQueuedSynchronizer.java:2078)
        at java.util.concurrent.LinkedBlockingQueue.poll(LinkedBlockingQueue.java:467)
        at org.apache.hadoop.ipc.CallQueueManager.take(CallQueueManager.java:317)
        at org.apache.hadoop.ipc.Server$Handler.run(Server.java:2942)
"Session-HouseKeeper-289656c6-1"  prio=5 tid=182 timed_waiting
java.lang.Thread.State: TIMED_WAITING
        at sun.misc.Unsafe.park(Native Method)
        at java.util.concurrent.locks.LockSupport.parkNanos(LockSupport.java:215)
        at java.util.concurrent.locks.AbstractQueuedSynchronizer$ConditionObject.awaitNanos(AbstractQueuedSynchronizer.java:2078)
        at java.util.concurrent.ScheduledThreadPoolExecutor$DelayedWorkQueue.take(ScheduledThreadPoolExecutor.java:1093)
        at java.util.concurrent.ScheduledThreadPoolExecutor$DelayedWorkQueue.take(ScheduledThreadPoolExecutor.java:809)
        at java.util.concurrent.ThreadPoolExecutor.getTask(ThreadPoolExecutor.java:1074)
        at java.util.concurrent.ThreadPoolExecutor.runWorker(ThreadPoolExecutor.java:1134)
        at java.util.concurrent.ThreadPoolExecutor$Worker.run(ThreadPoolExecutor.java:624)
        at java.lang.Thread.run(Thread.java:750)
"pool-268-thread-1"  prio=5 tid=645 in Object.wait()
java.lang.Thread.State: WAITING (on object monitor)
        at sun.misc.Unsafe.park(Native Method)
        at java.util.concurrent.locks.LockSupport.park(LockSupport.java:175)
        at java.util.concurrent.locks.AbstractQueuedSynchronizer$ConditionObject.await(AbstractQueuedSynchronizer.java:2039)
        at java.util.concurrent.LinkedBlockingQueue.take(LinkedBlockingQueue.java:442)
        at java.util.concurrent.ThreadPoolExecutor.getTask(ThreadPoolExecutor.java:1074)
        at java.util.concurrent.ThreadPoolExecutor.runWorker(ThreadPoolExecutor.java:1134)
        at java.util.concurrent.ThreadPoolExecutor$Worker.run(ThreadPoolExecutor.java:624)
        at java.lang.Thread.run(Thread.java:750)
"Datanode ReportManager Thread - 0" daemon prio=5 tid=393 in Object.wait()
java.lang.Thread.State: WAITING (on object monitor)
        at sun.misc.Unsafe.park(Native Method)
        at java.util.concurrent.locks.LockSupport.park(LockSupport.java:175)
        at java.util.concurrent.locks.AbstractQueuedSynchronizer$ConditionObject.await(AbstractQueuedSynchronizer.java:2039)
        at java.util.concurrent.ScheduledThreadPoolExecutor$DelayedWorkQueue.take(ScheduledThreadPoolExecutor.java:1088)
        at java.util.concurrent.ScheduledThreadPoolExecutor$DelayedWorkQueue.take(ScheduledThreadPoolExecutor.java:809)
        at java.util.concurrent.ThreadPoolExecutor.getTask(ThreadPoolExecutor.java:1074)
        at java.util.concurrent.ThreadPoolExecutor.runWorker(ThreadPoolExecutor.java:1134)
        at java.util.concurrent.ThreadPoolExecutor$Worker.run(ThreadPoolExecutor.java:624)
        at java.lang.Thread.run(Thread.java:750)
"Periodic HDDS volume checker" daemon prio=5 tid=166 timed_waiting
java.lang.Thread.State: TIMED_WAITING
        at sun.misc.Unsafe.park(Native Method)
        at java.util.concurrent.locks.LockSupport.parkNanos(LockSupport.java:215)
        at java.util.concurrent.locks.AbstractQueuedSynchronizer$ConditionObject.awaitNanos(AbstractQueuedSynchronizer.java:2078)
        at java.util.concurrent.ScheduledThreadPoolExecutor$DelayedWorkQueue.take(ScheduledThreadPoolExecutor.java:1093)
        at java.util.concurrent.ScheduledThreadPoolExecutor$DelayedWorkQueue.take(ScheduledThreadPoolExecutor.java:809)
        at java.util.concurrent.ThreadPoolExecutor.getTask(ThreadPoolExecutor.java:1074)
        at java.util.concurrent.ThreadPoolExecutor.runWorker(ThreadPoolExecutor.java:1134)
        at java.util.concurrent.ThreadPoolExecutor$Worker.run(ThreadPoolExecutor.java:624)
        at java.lang.Thread.run(Thread.java:750)
"Reference Handler" daemon prio=10 tid=2 in Object.wait()
java.lang.Thread.State: WAITING (on object monitor)
        at java.lang.Object.wait(Native Method)
        at java.lang.Object.wait(Object.java:502)
        at java.lang.ref.Reference.tryHandlePending(Reference.java:191)
        at java.lang.ref.Reference$ReferenceHandler.run(Reference.java:153)
"96fa30cc-cc01-4af1-a161-c10c2afc2f22@group-F4CAB9577C1E-StateMachineUpdater" daemon prio=5 tid=602 timed_waiting
java.lang.Thread.State: TIMED_WAITING
        at sun.misc.Unsafe.park(Native Method)
        at java.util.concurrent.locks.LockSupport.parkNanos(LockSupport.java:215)
        at java.util.concurrent.CompletableFuture$Signaller.block(CompletableFuture.java:1709)
        at java.util.concurrent.ForkJoinPool.managedBlock(ForkJoinPool.java:3323)
        at java.util.concurrent.CompletableFuture.timedGet(CompletableFuture.java:1788)
        at java.util.concurrent.CompletableFuture.get(CompletableFuture.java:1928)
        at org.apache.ratis.util.AwaitForSignal.await(AwaitForSignal.java:56)
        at org.apache.ratis.server.impl.StateMachineUpdater.waitForCommit(StateMachineUpdater.java:207)
        at org.apache.ratis.server.impl.StateMachineUpdater.run(StateMachineUpdater.java:176)
        at java.lang.Thread.run(Thread.java:750)
"pool-134-thread-1" daemon prio=5 tid=249 timed_waiting
java.lang.Thread.State: TIMED_WAITING
        at sun.misc.Unsafe.park(Native Method)
        at java.util.concurrent.locks.LockSupport.parkNanos(LockSupport.java:215)
        at java.util.concurrent.locks.AbstractQueuedSynchronizer$ConditionObject.awaitNanos(AbstractQueuedSynchronizer.java:2078)
        at java.util.concurrent.ScheduledThreadPoolExecutor$DelayedWorkQueue.take(ScheduledThreadPoolExecutor.java:1093)
        at java.util.concurrent.ScheduledThreadPoolExecutor$DelayedWorkQueue.take(ScheduledThreadPoolExecutor.java:809)
        at java.util.concurrent.ThreadPoolExecutor.getTask(ThreadPoolExecutor.java:1074)
        at java.util.concurrent.ThreadPoolExecutor.runWorker(ThreadPoolExecutor.java:1134)
        at java.util.concurrent.ThreadPoolExecutor$Worker.run(ThreadPoolExecutor.java:624)
        at java.lang.Thread.run(Thread.java:750)
"qtp382867004-233" daemon prio=5 tid=233 timed_waiting
java.lang.Thread.State: TIMED_WAITING
        at sun.misc.Unsafe.park(Native Method)
        at java.util.concurrent.locks.LockSupport.parkNanos(LockSupport.java:215)
        at java.util.concurrent.locks.AbstractQueuedSynchronizer$ConditionObject.awaitNanos(AbstractQueuedSynchronizer.java:2078)
        at org.eclipse.jetty.util.BlockingArrayQueue.poll(BlockingArrayQueue.java:382)
        at org.eclipse.jetty.util.thread.QueuedThreadPool$Runner.idleJobPoll(QueuedThreadPool.java:974)
        at org.eclipse.jetty.util.thread.QueuedThreadPool$Runner.run(QueuedThreadPool.java:1018)
        at java.lang.Thread.run(Thread.java:750)
"Datanode ReportManager Thread - 0" daemon prio=5 tid=212 in Object.wait()
java.lang.Thread.State: WAITING (on object monitor)
        at sun.misc.Unsafe.park(Native Method)
        at java.util.concurrent.locks.LockSupport.park(LockSupport.java:175)
        at java.util.concurrent.locks.AbstractQueuedSynchronizer$ConditionObject.await(AbstractQueuedSynchronizer.java:2039)
        at java.util.concurrent.ScheduledThreadPoolExecutor$DelayedWorkQueue.take(ScheduledThreadPoolExecutor.java:1088)
        at java.util.concurrent.ScheduledThreadPoolExecutor$DelayedWorkQueue.take(ScheduledThreadPoolExecutor.java:809)
        at java.util.concurrent.ThreadPoolExecutor.getTask(ThreadPoolExecutor.java:1074)
        at java.util.concurrent.ThreadPoolExecutor.runWorker(ThreadPoolExecutor.java:1134)
        at java.util.concurrent.ThreadPoolExecutor$Worker.run(ThreadPoolExecutor.java:624)
        at java.lang.Thread.run(Thread.java:750)
"c61245f4-0084-4810-95a5-490d20dc424d@group-F4D6B88598DC-SegmentedRaftLogWorker"  prio=5 tid=632 timed_waiting
java.lang.Thread.State: TIMED_WAITING
        at sun.misc.Unsafe.park(Native Method)
        at java.util.concurrent.locks.LockSupport.parkNanos(LockSupport.java:215)
        at java.util.concurrent.locks.AbstractQueuedSynchronizer$ConditionObject.awaitNanos(AbstractQueuedSynchronizer.java:2078)
        at org.apache.ratis.util.DataBlockingQueue.poll(DataBlockingQueue.java:148)
        at org.apache.ratis.server.raftlog.segmented.SegmentedRaftLogWorker.run(SegmentedRaftLogWorker.java:310)
        at org.apache.ratis.server.raftlog.segmented.SegmentedRaftLogWorker$$Lambda$661/1265419919.run(Unknown Source)
        at java.lang.Thread.run(Thread.java:750)
"org.apache.hadoop.util.JvmPauseMonitor$Monitor@1b82f62a" daemon prio=5 tid=98 timed_waiting
java.lang.Thread.State: TIMED_WAITING
        at java.lang.Thread.sleep(Native Method)
        at org.apache.hadoop.util.JvmPauseMonitor$Monitor.run(JvmPauseMonitor.java:192)
        at java.lang.Thread.run(Thread.java:750)
"2de491c0-1905-4845-ada7-2a3c171f2066@group-4054D80A22FC->f675d99d-517f-4d8a-bd29-886eede0250d-GrpcLogAppender-LogAppenderDaemon" daemon prio=5 tid=736 timed_waiting
java.lang.Thread.State: TIMED_WAITING
        at sun.misc.Unsafe.park(Native Method)
        at java.util.concurrent.locks.LockSupport.parkNanos(LockSupport.java:215)
        at java.util.concurrent.CompletableFuture$Signaller.block(CompletableFuture.java:1709)
        at java.util.concurrent.ForkJoinPool.managedBlock(ForkJoinPool.java:3323)
        at java.util.concurrent.CompletableFuture.timedGet(CompletableFuture.java:1788)
        at java.util.concurrent.CompletableFuture.get(CompletableFuture.java:1928)
        at org.apache.ratis.util.AwaitForSignal.await(AwaitForSignal.java:56)
        at org.apache.ratis.grpc.server.GrpcLogAppender.mayWait(GrpcLogAppender.java:198)
        at org.apache.ratis.grpc.server.GrpcLogAppender.run(GrpcLogAppender.java:148)
        at org.apache.ratis.server.leader.LogAppenderDaemon.run(LogAppenderDaemon.java:78)
        at org.apache.ratis.server.leader.LogAppenderDaemon$$Lambda$1033/840492825.run(Unknown Source)
        at java.lang.Thread.run(Thread.java:750)
"IPC Server handler 5 on default port 40043" daemon prio=5 tid=149 timed_waiting
java.lang.Thread.State: TIMED_WAITING
        at sun.misc.Unsafe.park(Native Method)
        at java.util.concurrent.locks.LockSupport.parkNanos(LockSupport.java:215)
        at java.util.concurrent.locks.AbstractQueuedSynchronizer$ConditionObject.awaitNanos(AbstractQueuedSynchronizer.java:2078)
        at java.util.concurrent.LinkedBlockingQueue.poll(LinkedBlockingQueue.java:467)
        at org.apache.hadoop.ipc.CallQueueManager.take(CallQueueManager.java:317)
        at org.apache.hadoop.ipc.Server$Handler.run(Server.java:2942)
"IPC Server handler 19 on default port 39185" daemon prio=5 tid=76 timed_waiting
java.lang.Thread.State: TIMED_WAITING
        at sun.misc.Unsafe.park(Native Method)
        at java.util.concurrent.locks.LockSupport.parkNanos(LockSupport.java:215)
        at java.util.concurrent.locks.AbstractQueuedSynchronizer$ConditionObject.awaitNanos(AbstractQueuedSynchronizer.java:2078)
        at java.util.concurrent.LinkedBlockingQueue.poll(LinkedBlockingQueue.java:467)
        at org.apache.hadoop.ipc.CallQueueManager.take(CallQueueManager.java:317)
        at org.apache.hadoop.ipc.Server$Handler.run(Server.java:2942)
"timer1" daemon prio=5 tid=689 timed_waiting
java.lang.Thread.State: TIMED_WAITING
        at java.lang.Object.wait(Native Method)
        at java.util.TimerThread.mainLoop(Timer.java:552)
        at java.util.TimerThread.run(Timer.java:505)
"JvmPauseMonitor9" daemon prio=5 tid=541 timed_waiting
java.lang.Thread.State: TIMED_WAITING
        at java.lang.Thread.sleep(Native Method)
        at java.lang.Thread.sleep(Thread.java:342)
        at java.util.concurrent.TimeUnit.sleep(TimeUnit.java:386)
        at org.apache.ratis.util.TimeDuration.sleep(TimeDuration.java:325)
        at org.apache.ratis.util.TimeDuration.sleep(TimeDuration.java:310)
        at org.apache.ratis.util.JvmPauseMonitor.detectPause(JvmPauseMonitor.java:119)
        at org.apache.ratis.util.JvmPauseMonitor.run(JvmPauseMonitor.java:108)
        at org.apache.ratis.util.JvmPauseMonitor$$Lambda$702/1594456416.run(Unknown Source)
        at java.lang.Thread.run(Thread.java:750)
"Periodic HDDS volume checker" daemon prio=5 tid=221 timed_waiting
java.lang.Thread.State: TIMED_WAITING
        at sun.misc.Unsafe.park(Native Method)
        at java.util.concurrent.locks.LockSupport.parkNanos(LockSupport.java:215)
        at java.util.concurrent.locks.AbstractQueuedSynchronizer$ConditionObject.awaitNanos(AbstractQueuedSynchronizer.java:2078)
        at java.util.concurrent.ScheduledThreadPoolExecutor$DelayedWorkQueue.take(ScheduledThreadPoolExecutor.java:1093)
        at java.util.concurrent.ScheduledThreadPoolExecutor$DelayedWorkQueue.take(ScheduledThreadPoolExecutor.java:809)
        at java.util.concurrent.ThreadPoolExecutor.getTask(ThreadPoolExecutor.java:1074)
        at java.util.concurrent.ThreadPoolExecutor.runWorker(ThreadPoolExecutor.java:1134)
        at java.util.concurrent.ThreadPoolExecutor$Worker.run(ThreadPoolExecutor.java:624)
        at java.lang.Thread.run(Thread.java:750)
"IPC Server handler 15 on default port 46251" daemon prio=5 tid=92 timed_waiting
java.lang.Thread.State: TIMED_WAITING
        at sun.misc.Unsafe.park(Native Method)
        at java.util.concurrent.locks.LockSupport.parkNanos(LockSupport.java:215)
        at java.util.concurrent.locks.AbstractQueuedSynchronizer$ConditionObject.awaitNanos(AbstractQueuedSynchronizer.java:2078)
        at java.util.concurrent.LinkedBlockingQueue.poll(LinkedBlockingQueue.java:467)
        at org.apache.hadoop.ipc.CallQueueManager.take(CallQueueManager.java:317)
        at org.apache.hadoop.ipc.Server$Handler.run(Server.java:2942)
"Datanode ReportManager Thread - 4" daemon prio=5 tid=242 in Object.wait()
java.lang.Thread.State: WAITING (on object monitor)
        at sun.misc.Unsafe.park(Native Method)
        at java.util.concurrent.locks.LockSupport.park(LockSupport.java:175)
        at java.util.concurrent.locks.AbstractQueuedSynchronizer$ConditionObject.await(AbstractQueuedSynchronizer.java:2039)
        at java.util.concurrent.ScheduledThreadPoolExecutor$DelayedWorkQueue.take(ScheduledThreadPoolExecutor.java:1088)
        at java.util.concurrent.ScheduledThreadPoolExecutor$DelayedWorkQueue.take(ScheduledThreadPoolExecutor.java:809)
        at java.util.concurrent.ThreadPoolExecutor.getTask(ThreadPoolExecutor.java:1074)
        at java.util.concurrent.ThreadPoolExecutor.runWorker(ThreadPoolExecutor.java:1134)
        at java.util.concurrent.ThreadPoolExecutor$Worker.run(ThreadPoolExecutor.java:624)
        at java.lang.Thread.run(Thread.java:750)
"Datanode State Machine Daemon Thread" daemon prio=5 tid=183 timed_waiting
java.lang.Thread.State: TIMED_WAITING
        at java.lang.Thread.sleep(Native Method)
        at org.apache.hadoop.ozone.container.common.statemachine.DatanodeStateMachine.startStateMachineThread(DatanodeStateMachine.java:313)
        at org.apache.hadoop.ozone.container.common.statemachine.DatanodeStateMachine.lambda$startDaemon$0(DatanodeStateMachine.java:493)
        at org.apache.hadoop.ozone.container.common.statemachine.DatanodeStateMachine$$Lambda$745/2059952062.run(Unknown Source)
        at java.lang.Thread.run(Thread.java:750)
"91dae643-bef5-471c-869f-4daa43ea47b3-server-thread3" daemon prio=5 tid=719 timed_waiting
java.lang.Thread.State: TIMED_WAITING
        at sun.misc.Unsafe.park(Native Method)
        at java.util.concurrent.locks.LockSupport.parkNanos(LockSupport.java:215)
        at java.util.concurrent.SynchronousQueue$TransferStack.awaitFulfill(SynchronousQueue.java:460)
        at java.util.concurrent.SynchronousQueue$TransferStack.transfer(SynchronousQueue.java:362)
        at java.util.concurrent.SynchronousQueue.poll(SynchronousQueue.java:941)
        at java.util.concurrent.ThreadPoolExecutor.getTask(ThreadPoolExecutor.java:1073)
        at java.util.concurrent.ThreadPoolExecutor.runWorker(ThreadPoolExecutor.java:1134)
        at java.util.concurrent.ThreadPoolExecutor$Worker.run(ThreadPoolExecutor.java:624)
        at java.lang.Thread.run(Thread.java:750)
"2de491c0-1905-4845-ada7-2a3c171f2066-server-thread2" daemon prio=5 tid=756 timed_waiting
java.lang.Thread.State: TIMED_WAITING
        at sun.misc.Unsafe.park(Native Method)
        at java.util.concurrent.locks.LockSupport.parkNanos(LockSupport.java:215)
        at java.util.concurrent.SynchronousQueue$TransferStack.awaitFulfill(SynchronousQueue.java:460)
        at java.util.concurrent.SynchronousQueue$TransferStack.transfer(SynchronousQueue.java:362)
        at java.util.concurrent.SynchronousQueue.poll(SynchronousQueue.java:941)
        at java.util.concurrent.ThreadPoolExecutor.getTask(ThreadPoolExecutor.java:1073)
        at java.util.concurrent.ThreadPoolExecutor.runWorker(ThreadPoolExecutor.java:1134)
        at java.util.concurrent.ThreadPoolExecutor$Worker.run(ThreadPoolExecutor.java:624)
        at java.lang.Thread.run(Thread.java:750)
"ChunkWriter-0-0" daemon prio=5 tid=344 in Object.wait()
java.lang.Thread.State: WAITING (on object monitor)
        at sun.misc.Unsafe.park(Native Method)
        at java.util.concurrent.locks.LockSupport.park(LockSupport.java:175)
        at java.util.concurrent.locks.AbstractQueuedSynchronizer$ConditionObject.await(AbstractQueuedSynchronizer.java:2039)
        at java.util.concurrent.LinkedBlockingDeque.takeFirst(LinkedBlockingDeque.java:492)
        at java.util.concurrent.LinkedBlockingDeque.take(LinkedBlockingDeque.java:680)
        at java.util.concurrent.ThreadPoolExecutor.getTask(ThreadPoolExecutor.java:1074)
        at java.util.concurrent.ThreadPoolExecutor.runWorker(ThreadPoolExecutor.java:1134)
        at java.util.concurrent.ThreadPoolExecutor$Worker.run(ThreadPoolExecutor.java:624)
        at java.lang.Thread.run(Thread.java:750)
"96fa30cc-cc01-4af1-a161-c10c2afc2f22@group-7C969207AFDB-LeaderStateImpl" daemon prio=5 tid=682 timed_waiting
java.lang.Thread.State: TIMED_WAITING
        at sun.misc.Unsafe.park(Native Method)
        at java.util.concurrent.locks.LockSupport.parkNanos(LockSupport.java:215)
        at java.util.concurrent.locks.AbstractQueuedSynchronizer$ConditionObject.awaitNanos(AbstractQueuedSynchronizer.java:2078)
        at java.util.concurrent.ArrayBlockingQueue.poll(ArrayBlockingQueue.java:418)
        at org.apache.ratis.server.impl.LeaderStateImpl$EventQueue.poll(LeaderStateImpl.java:159)
        at org.apache.ratis.server.impl.LeaderStateImpl$EventProcessor.run(LeaderStateImpl.java:630)
"org.apache.hadoop.ozone.container.common.statemachine.commandhandler.DeleteBlocksCommandHandler$DeleteCmdWorker@9d2ddb1" daemon prio=5 tid=278 timed_waiting
java.lang.Thread.State: TIMED_WAITING
        at java.lang.Thread.sleep(Native Method)
        at org.apache.hadoop.ozone.container.common.statemachine.commandhandler.DeleteBlocksCommandHandler$DeleteCmdWorker.run(DeleteBlocksCommandHandler.java:183)
        at java.lang.Thread.run(Thread.java:750)
"org.apache.hadoop.util.JvmPauseMonitor$Monitor@1ac1be75" daemon prio=5 tid=244 timed_waiting
java.lang.Thread.State: TIMED_WAITING
        at java.lang.Thread.sleep(Native Method)
        at org.apache.hadoop.util.JvmPauseMonitor$Monitor.run(JvmPauseMonitor.java:192)
        at java.lang.Thread.run(Thread.java:750)
"qtp1344224377-141" daemon prio=5 tid=141 timed_waiting
java.lang.Thread.State: TIMED_WAITING
        at sun.misc.Unsafe.park(Native Method)
        at java.util.concurrent.locks.LockSupport.parkNanos(LockSupport.java:215)
        at java.util.concurrent.locks.AbstractQueuedSynchronizer$ConditionObject.awaitNanos(AbstractQueuedSynchronizer.java:2078)
        at org.eclipse.jetty.util.BlockingArrayQueue.poll(BlockingArrayQueue.java:382)
        at org.eclipse.jetty.util.thread.QueuedThreadPool$Runner.idleJobPoll(QueuedThreadPool.java:974)
        at org.eclipse.jetty.util.thread.QueuedThreadPool$Runner.run(QueuedThreadPool.java:1018)
        at java.lang.Thread.run(Thread.java:750)
"ChunkWriter-0-0" daemon prio=5 tid=537 in Object.wait()
java.lang.Thread.State: WAITING (on object monitor)
        at sun.misc.Unsafe.park(Native Method)
        at java.util.concurrent.locks.LockSupport.park(LockSupport.java:175)
        at java.util.concurrent.locks.AbstractQueuedSynchronizer$ConditionObject.await(AbstractQueuedSynchronizer.java:2039)
        at java.util.concurrent.LinkedBlockingDeque.takeFirst(LinkedBlockingDeque.java:492)
        at java.util.concurrent.LinkedBlockingDeque.take(LinkedBlockingDeque.java:680)
        at java.util.concurrent.ThreadPoolExecutor.getTask(ThreadPoolExecutor.java:1074)
        at java.util.concurrent.ThreadPoolExecutor.runWorker(ThreadPoolExecutor.java:1134)
        at java.util.concurrent.ThreadPoolExecutor$Worker.run(ThreadPoolExecutor.java:624)
        at java.lang.Thread.run(Thread.java:750)
"91dae643-bef5-471c-869f-4daa43ea47b3-server-thread4" daemon prio=5 tid=721 timed_waiting
java.lang.Thread.State: TIMED_WAITING
        at sun.misc.Unsafe.park(Native Method)
        at java.util.concurrent.locks.LockSupport.parkNanos(LockSupport.java:215)
        at java.util.concurrent.SynchronousQueue$TransferStack.awaitFulfill(SynchronousQueue.java:460)
        at java.util.concurrent.SynchronousQueue$TransferStack.transfer(SynchronousQueue.java:362)
        at java.util.concurrent.SynchronousQueue.poll(SynchronousQueue.java:941)
        at java.util.concurrent.ThreadPoolExecutor.getTask(ThreadPoolExecutor.java:1073)
        at java.util.concurrent.ThreadPoolExecutor.runWorker(ThreadPoolExecutor.java:1134)
        at java.util.concurrent.ThreadPoolExecutor$Worker.run(ThreadPoolExecutor.java:624)
        at java.lang.Thread.run(Thread.java:750)
"qtp2041292819-103" daemon prio=5 tid=103 timed_waiting
java.lang.Thread.State: TIMED_WAITING
        at sun.misc.Unsafe.park(Native Method)
        at java.util.concurrent.locks.LockSupport.parkNanos(LockSupport.java:215)
        at java.util.concurrent.locks.AbstractQueuedSynchronizer$ConditionObject.awaitNanos(AbstractQueuedSynchronizer.java:2078)
        at org.eclipse.jetty.util.BlockingArrayQueue.poll(BlockingArrayQueue.java:382)
        at org.eclipse.jetty.util.thread.QueuedThreadPool$Runner.idleJobPoll(QueuedThreadPool.java:974)
        at org.eclipse.jetty.util.thread.QueuedThreadPool$Runner.run(QueuedThreadPool.java:1018)
        at java.lang.Thread.run(Thread.java:750)
"Datanode ReportManager Thread - 4" daemon prio=5 tid=397 in Object.wait()
java.lang.Thread.State: WAITING (on object monitor)
        at sun.misc.Unsafe.park(Native Method)
        at java.util.concurrent.locks.LockSupport.park(LockSupport.java:175)
        at java.util.concurrent.locks.AbstractQueuedSynchronizer$ConditionObject.await(AbstractQueuedSynchronizer.java:2039)
        at java.util.concurrent.ScheduledThreadPoolExecutor$DelayedWorkQueue.take(ScheduledThreadPoolExecutor.java:1088)
        at java.util.concurrent.ScheduledThreadPoolExecutor$DelayedWorkQueue.take(ScheduledThreadPoolExecutor.java:809)
        at java.util.concurrent.ThreadPoolExecutor.getTask(ThreadPoolExecutor.java:1074)
        at java.util.concurrent.ThreadPoolExecutor.runWorker(ThreadPoolExecutor.java:1134)
        at java.util.concurrent.ThreadPoolExecutor$Worker.run(ThreadPoolExecutor.java:624)
        at java.lang.Thread.run(Thread.java:750)
"IPC Server handler 17 on default port 46251" daemon prio=5 tid=94 timed_waiting
java.lang.Thread.State: TIMED_WAITING
        at sun.misc.Unsafe.park(Native Method)
        at java.util.concurrent.locks.LockSupport.parkNanos(LockSupport.java:215)
        at java.util.concurrent.locks.AbstractQueuedSynchronizer$ConditionObject.awaitNanos(AbstractQueuedSynchronizer.java:2078)
        at java.util.concurrent.LinkedBlockingQueue.poll(LinkedBlockingQueue.java:467)
        at org.apache.hadoop.ipc.CallQueueManager.take(CallQueueManager.java:317)
        at org.apache.hadoop.ipc.Server$Handler.run(Server.java:2942)
"IPC Server handler 10 on default port 40043" daemon prio=5 tid=154 timed_waiting
java.lang.Thread.State: TIMED_WAITING
        at sun.misc.Unsafe.park(Native Method)
        at java.util.concurrent.locks.LockSupport.parkNanos(LockSupport.java:215)
        at java.util.concurrent.locks.AbstractQueuedSynchronizer$ConditionObject.awaitNanos(AbstractQueuedSynchronizer.java:2078)
        at java.util.concurrent.LinkedBlockingQueue.poll(LinkedBlockingQueue.java:467)
        at org.apache.hadoop.ipc.CallQueueManager.take(CallQueueManager.java:317)
        at org.apache.hadoop.ipc.Server$Handler.run(Server.java:2942)
"Session-HouseKeeper-25b2d465-1"  prio=5 tid=429 timed_waiting
java.lang.Thread.State: TIMED_WAITING
        at sun.misc.Unsafe.park(Native Method)
        at java.util.concurrent.locks.LockSupport.parkNanos(LockSupport.java:215)
        at java.util.concurrent.locks.AbstractQueuedSynchronizer$ConditionObject.awaitNanos(AbstractQueuedSynchronizer.java:2078)
        at java.util.concurrent.ScheduledThreadPoolExecutor$DelayedWorkQueue.take(ScheduledThreadPoolExecutor.java:1093)
        at java.util.concurrent.ScheduledThreadPoolExecutor$DelayedWorkQueue.take(ScheduledThreadPoolExecutor.java:809)
        at java.util.concurrent.ThreadPoolExecutor.getTask(ThreadPoolExecutor.java:1074)
        at java.util.concurrent.ThreadPoolExecutor.runWorker(ThreadPoolExecutor.java:1134)
        at java.util.concurrent.ThreadPoolExecutor$Worker.run(ThreadPoolExecutor.java:624)
        at java.lang.Thread.run(Thread.java:750)
"IPC Server handler 15 on default port 40043" daemon prio=5 tid=159 timed_waiting
java.lang.Thread.State: TIMED_WAITING
        at sun.misc.Unsafe.park(Native Method)
        at java.util.concurrent.locks.LockSupport.parkNanos(LockSupport.java:215)
        at java.util.concurrent.locks.AbstractQueuedSynchronizer$ConditionObject.awaitNanos(AbstractQueuedSynchronizer.java:2078)
        at java.util.concurrent.LinkedBlockingQueue.poll(LinkedBlockingQueue.java:467)
        at org.apache.hadoop.ipc.CallQueueManager.take(CallQueueManager.java:317)
        at org.apache.hadoop.ipc.Server$Handler.run(Server.java:2942)
"IPC Server handler 9 on default port 39185" daemon prio=5 tid=66 timed_waiting
java.lang.Thread.State: TIMED_WAITING
        at sun.misc.Unsafe.park(Native Method)
        at java.util.concurrent.locks.LockSupport.parkNanos(LockSupport.java:215)
        at java.util.concurrent.locks.AbstractQueuedSynchronizer$ConditionObject.awaitNanos(AbstractQueuedSynchronizer.java:2078)
        at java.util.concurrent.LinkedBlockingQueue.poll(LinkedBlockingQueue.java:467)
        at org.apache.hadoop.ipc.CallQueueManager.take(CallQueueManager.java:317)
        at org.apache.hadoop.ipc.Server$Handler.run(Server.java:2942)
"Datanode State Machine Daemon Thread" daemon prio=5 tid=392 timed_waiting
java.lang.Thread.State: TIMED_WAITING
        at java.lang.Thread.sleep(Native Method)
        at org.apache.hadoop.ozone.container.common.statemachine.DatanodeStateMachine.startStateMachineThread(DatanodeStateMachine.java:313)
        at org.apache.hadoop.ozone.container.common.statemachine.DatanodeStateMachine.lambda$startDaemon$0(DatanodeStateMachine.java:493)
        at org.apache.hadoop.ozone.container.common.statemachine.DatanodeStateMachine$$Lambda$745/2059952062.run(Unknown Source)
        at java.lang.Thread.run(Thread.java:750)
"qtp1130529378-459" daemon prio=5 tid=459 runnable
java.lang.Thread.State: RUNNABLE
        at sun.nio.ch.EPollArrayWrapper.epollWait(Native Method)
        at sun.nio.ch.EPollArrayWrapper.poll(EPollArrayWrapper.java:269)
        at sun.nio.ch.EPollSelectorImpl.doSelect(EPollSelectorImpl.java:93)
        at sun.nio.ch.SelectorImpl.lockAndDoSelect(SelectorImpl.java:86)
        at sun.nio.ch.SelectorImpl.select(SelectorImpl.java:97)
        at sun.nio.ch.SelectorImpl.select(SelectorImpl.java:101)
        at org.eclipse.jetty.io.ManagedSelector.nioSelect(ManagedSelector.java:183)
        at org.eclipse.jetty.io.ManagedSelector.select(ManagedSelector.java:190)
        at org.eclipse.jetty.io.ManagedSelector$SelectorProducer.select(ManagedSelector.java:606)
        at org.eclipse.jetty.io.ManagedSelector$SelectorProducer.produce(ManagedSelector.java:543)
        at org.eclipse.jetty.util.thread.strategy.EatWhatYouKill.produceTask(EatWhatYouKill.java:362)
        at org.eclipse.jetty.util.thread.strategy.EatWhatYouKill.doProduce(EatWhatYouKill.java:186)
        at org.eclipse.jetty.util.thread.strategy.EatWhatYouKill.tryProduce(EatWhatYouKill.java:173)
        at org.eclipse.jetty.util.thread.strategy.EatWhatYouKill.produce(EatWhatYouKill.java:137)
        at org.eclipse.jetty.io.ManagedSelector$$Lambda$443/1383931873.run(Unknown Source)
        at org.eclipse.jetty.util.thread.QueuedThreadPool.runJob(QueuedThreadPool.java:883)
        at org.eclipse.jetty.util.thread.QueuedThreadPool$Runner.run(QueuedThreadPool.java:1034)
        at java.lang.Thread.run(Thread.java:750)
"ChunkWriter-1-0" daemon prio=5 tid=526 in Object.wait()
java.lang.Thread.State: WAITING (on object monitor)
        at sun.misc.Unsafe.park(Native Method)
        at java.util.concurrent.locks.LockSupport.park(LockSupport.java:175)
        at java.util.concurrent.locks.AbstractQueuedSynchronizer$ConditionObject.await(AbstractQueuedSynchronizer.java:2039)
        at java.util.concurrent.LinkedBlockingDeque.takeFirst(LinkedBlockingDeque.java:492)
        at java.util.concurrent.LinkedBlockingDeque.take(LinkedBlockingDeque.java:680)
        at java.util.concurrent.ThreadPoolExecutor.getTask(ThreadPoolExecutor.java:1074)
        at java.util.concurrent.ThreadPoolExecutor.runWorker(ThreadPoolExecutor.java:1134)
        at java.util.concurrent.ThreadPoolExecutor$Worker.run(ThreadPoolExecutor.java:624)
        at java.lang.Thread.run(Thread.java:750)
"qtp831797965-384" daemon prio=5 tid=384 timed_waiting
java.lang.Thread.State: TIMED_WAITING
        at sun.misc.Unsafe.park(Native Method)
        at java.util.concurrent.locks.LockSupport.parkNanos(LockSupport.java:215)
        at java.util.concurrent.locks.AbstractQueuedSynchronizer$ConditionObject.awaitNanos(AbstractQueuedSynchronizer.java:2078)
        at org.eclipse.jetty.util.BlockingArrayQueue.poll(BlockingArrayQueue.java:382)
        at org.eclipse.jetty.util.thread.QueuedThreadPool$Runner.idleJobPoll(QueuedThreadPool.java:974)
        at org.eclipse.jetty.util.thread.QueuedThreadPool$Runner.run(QueuedThreadPool.java:1018)
        at java.lang.Thread.run(Thread.java:750)
"IPC Client (208144409) connection to /0.0.0.0:46251 from runner" daemon prio=5 tid=331 timed_waiting
java.lang.Thread.State: TIMED_WAITING
        at java.lang.Object.wait(Native Method)
        at org.apache.hadoop.ipc.Client$Connection.waitForWork(Client.java:1086)
        at org.apache.hadoop.ipc.Client$Connection.run(Client.java:1133)
"qtp159394830-313" daemon prio=5 tid=313 timed_waiting
java.lang.Thread.State: TIMED_WAITING
        at sun.misc.Unsafe.park(Native Method)
        at java.util.concurrent.locks.LockSupport.parkNanos(LockSupport.java:215)
        at java.util.concurrent.locks.AbstractQueuedSynchronizer$ConditionObject.awaitNanos(AbstractQueuedSynchronizer.java:2078)
        at org.eclipse.jetty.util.BlockingArrayQueue.poll(BlockingArrayQueue.java:382)
        at org.eclipse.jetty.util.thread.QueuedThreadPool$Runner.idleJobPoll(QueuedThreadPool.java:974)
        at org.eclipse.jetty.util.thread.QueuedThreadPool$Runner.run(QueuedThreadPool.java:1018)
        at java.lang.Thread.run(Thread.java:750)
"qtp2041292819-105" daemon prio=5 tid=105 timed_waiting
java.lang.Thread.State: TIMED_WAITING
        at sun.misc.Unsafe.park(Native Method)
        at java.util.concurrent.locks.LockSupport.parkNanos(LockSupport.java:215)
        at java.util.concurrent.locks.AbstractQueuedSynchronizer$ConditionObject.awaitNanos(AbstractQueuedSynchronizer.java:2078)
        at org.eclipse.jetty.util.BlockingArrayQueue.poll(BlockingArrayQueue.java:382)
        at org.eclipse.jetty.util.thread.QueuedThreadPool$Runner.idleJobPoll(QueuedThreadPool.java:974)
        at org.eclipse.jetty.util.thread.QueuedThreadPool$Runner.run(QueuedThreadPool.java:1018)
        at java.lang.Thread.run(Thread.java:750)
"StaleRecoveringContainerScrubbingService#2" daemon prio=5 tid=838 in Object.wait()
java.lang.Thread.State: WAITING (on object monitor)
        at sun.misc.Unsafe.park(Native Method)
        at java.util.concurrent.locks.LockSupport.park(LockSupport.java:175)
        at java.util.concurrent.locks.AbstractQueuedSynchronizer$ConditionObject.await(AbstractQueuedSynchronizer.java:2039)
        at java.util.concurrent.ScheduledThreadPoolExecutor$DelayedWorkQueue.take(ScheduledThreadPoolExecutor.java:1088)
        at java.util.concurrent.ScheduledThreadPoolExecutor$DelayedWorkQueue.take(ScheduledThreadPoolExecutor.java:809)
        at java.util.concurrent.ThreadPoolExecutor.getTask(ThreadPoolExecutor.java:1074)
        at java.util.concurrent.ThreadPoolExecutor.runWorker(ThreadPoolExecutor.java:1134)
        at java.util.concurrent.ThreadPoolExecutor$Worker.run(ThreadPoolExecutor.java:624)
        at java.lang.Thread.run(Thread.java:750)
"EndpointStateMachine task thread for /0.0.0.0:46251 - 0 "  prio=5 tid=402 in Object.wait()
java.lang.Thread.State: WAITING (on object monitor)
        at sun.misc.Unsafe.park(Native Method)
        at java.util.concurrent.locks.LockSupport.park(LockSupport.java:175)
        at java.util.concurrent.locks.AbstractQueuedSynchronizer$ConditionObject.await(AbstractQueuedSynchronizer.java:2039)
        at java.util.concurrent.LinkedBlockingQueue.take(LinkedBlockingQueue.java:442)
        at java.util.concurrent.ThreadPoolExecutor.getTask(ThreadPoolExecutor.java:1074)
        at java.util.concurrent.ThreadPoolExecutor.runWorker(ThreadPoolExecutor.java:1134)
        at java.util.concurrent.ThreadPoolExecutor$Worker.run(ThreadPoolExecutor.java:624)
        at java.lang.Thread.run(Thread.java:750)
"EventQueue-PipelineReportForOneReplicaPipelineSafeModeRule" daemon prio=5 tid=505 in Object.wait()
java.lang.Thread.State: WAITING (on object monitor)
        at sun.misc.Unsafe.park(Native Method)
        at java.util.concurrent.locks.LockSupport.park(LockSupport.java:175)
        at java.util.concurrent.locks.AbstractQueuedSynchronizer$ConditionObject.await(AbstractQueuedSynchronizer.java:2039)
        at java.util.concurrent.LinkedBlockingQueue.take(LinkedBlockingQueue.java:442)
        at java.util.concurrent.ThreadPoolExecutor.getTask(ThreadPoolExecutor.java:1074)
        at java.util.concurrent.ThreadPoolExecutor.runWorker(ThreadPoolExecutor.java:1134)
        at java.util.concurrent.ThreadPoolExecutor$Worker.run(ThreadPoolExecutor.java:624)
        at java.lang.Thread.run(Thread.java:750)
"pool-111-thread-1" daemon prio=5 tid=223 timed_waiting
java.lang.Thread.State: TIMED_WAITING
        at sun.misc.Unsafe.park(Native Method)
        at java.util.concurrent.locks.LockSupport.parkNanos(LockSupport.java:215)
        at java.util.concurrent.locks.AbstractQueuedSynchronizer$ConditionObject.awaitNanos(AbstractQueuedSynchronizer.java:2078)
        at java.util.concurrent.ScheduledThreadPoolExecutor$DelayedWorkQueue.take(ScheduledThreadPoolExecutor.java:1093)
        at java.util.concurrent.ScheduledThreadPoolExecutor$DelayedWorkQueue.take(ScheduledThreadPoolExecutor.java:809)
        at java.util.concurrent.ThreadPoolExecutor.getTask(ThreadPoolExecutor.java:1074)
        at java.util.concurrent.ThreadPoolExecutor.runWorker(ThreadPoolExecutor.java:1134)
        at java.util.concurrent.ThreadPoolExecutor$Worker.run(ThreadPoolExecutor.java:624)
        at java.lang.Thread.run(Thread.java:750)
"qtp939893108-421" daemon prio=5 tid=421 runnable
java.lang.Thread.State: RUNNABLE
        at sun.nio.ch.EPollArrayWrapper.epollWait(Native Method)
        at sun.nio.ch.EPollArrayWrapper.poll(EPollArrayWrapper.java:269)
        at sun.nio.ch.EPollSelectorImpl.doSelect(EPollSelectorImpl.java:93)
        at sun.nio.ch.SelectorImpl.lockAndDoSelect(SelectorImpl.java:86)
        at sun.nio.ch.SelectorImpl.select(SelectorImpl.java:97)
        at sun.nio.ch.SelectorImpl.select(SelectorImpl.java:101)
        at org.eclipse.jetty.io.ManagedSelector.nioSelect(ManagedSelector.java:183)
        at org.eclipse.jetty.io.ManagedSelector.select(ManagedSelector.java:190)
        at org.eclipse.jetty.io.ManagedSelector$SelectorProducer.select(ManagedSelector.java:606)
        at org.eclipse.jetty.io.ManagedSelector$SelectorProducer.produce(ManagedSelector.java:543)
        at org.eclipse.jetty.util.thread.strategy.EatWhatYouKill.produceTask(EatWhatYouKill.java:362)
        at org.eclipse.jetty.util.thread.strategy.EatWhatYouKill.doProduce(EatWhatYouKill.java:186)
        at org.eclipse.jetty.util.thread.strategy.EatWhatYouKill.tryProduce(EatWhatYouKill.java:173)
        at org.eclipse.jetty.util.thread.strategy.EatWhatYouKill.produce(EatWhatYouKill.java:137)
        at org.eclipse.jetty.io.ManagedSelector$$Lambda$443/1383931873.run(Unknown Source)
        at org.eclipse.jetty.util.thread.QueuedThreadPool.runJob(QueuedThreadPool.java:883)
        at org.eclipse.jetty.util.thread.QueuedThreadPool$Runner.run(QueuedThreadPool.java:1034)
        at java.lang.Thread.run(Thread.java:750)
"ChunkWriter-2-0" daemon prio=5 tid=409 in Object.wait()
java.lang.Thread.State: WAITING (on object monitor)
        at sun.misc.Unsafe.park(Native Method)
        at java.util.concurrent.locks.LockSupport.park(LockSupport.java:175)
        at java.util.concurrent.locks.AbstractQueuedSynchronizer$ConditionObject.await(AbstractQueuedSynchronizer.java:2039)
        at java.util.concurrent.LinkedBlockingDeque.takeFirst(LinkedBlockingDeque.java:492)
        at java.util.concurrent.LinkedBlockingDeque.take(LinkedBlockingDeque.java:680)
        at java.util.concurrent.ThreadPoolExecutor.getTask(ThreadPoolExecutor.java:1074)
        at java.util.concurrent.ThreadPoolExecutor.runWorker(ThreadPoolExecutor.java:1134)
        at java.util.concurrent.ThreadPoolExecutor$Worker.run(ThreadPoolExecutor.java:624)
        at java.lang.Thread.run(Thread.java:750)
"IPC Server handler 7 on default port 40043" daemon prio=5 tid=151 timed_waiting
java.lang.Thread.State: TIMED_WAITING
        at sun.misc.Unsafe.park(Native Method)
        at java.util.concurrent.locks.LockSupport.parkNanos(LockSupport.java:215)
        at java.util.concurrent.locks.AbstractQueuedSynchronizer$ConditionObject.awaitNanos(AbstractQueuedSynchronizer.java:2078)
        at java.util.concurrent.LinkedBlockingQueue.poll(LinkedBlockingQueue.java:467)
        at org.apache.hadoop.ipc.CallQueueManager.take(CallQueueManager.java:317)
        at org.apache.hadoop.ipc.Server$Handler.run(Server.java:2942)
"96fa30cc-cc01-4af1-a161-c10c2afc2f22-server-thread3" daemon prio=5 tid=720 timed_waiting
java.lang.Thread.State: TIMED_WAITING
        at sun.misc.Unsafe.park(Native Method)
        at java.util.concurrent.locks.LockSupport.parkNanos(LockSupport.java:215)
        at java.util.concurrent.SynchronousQueue$TransferStack.awaitFulfill(SynchronousQueue.java:460)
        at java.util.concurrent.SynchronousQueue$TransferStack.transfer(SynchronousQueue.java:362)
        at java.util.concurrent.SynchronousQueue.poll(SynchronousQueue.java:941)
        at java.util.concurrent.ThreadPoolExecutor.getTask(ThreadPoolExecutor.java:1073)
        at java.util.concurrent.ThreadPoolExecutor.runWorker(ThreadPoolExecutor.java:1134)
        at java.util.concurrent.ThreadPoolExecutor$Worker.run(ThreadPoolExecutor.java:624)
        at java.lang.Thread.run(Thread.java:750)
"JvmPauseMonitor10" daemon prio=5 tid=553 timed_waiting
java.lang.Thread.State: TIMED_WAITING
        at java.lang.Thread.sleep(Native Method)
        at java.lang.Thread.sleep(Thread.java:342)
        at java.util.concurrent.TimeUnit.sleep(TimeUnit.java:386)
        at org.apache.ratis.util.TimeDuration.sleep(TimeDuration.java:325)
        at org.apache.ratis.util.TimeDuration.sleep(TimeDuration.java:310)
        at org.apache.ratis.util.JvmPauseMonitor.detectPause(JvmPauseMonitor.java:119)
        at org.apache.ratis.util.JvmPauseMonitor.run(JvmPauseMonitor.java:108)
        at org.apache.ratis.util.JvmPauseMonitor$$Lambda$702/1594456416.run(Unknown Source)
        at java.lang.Thread.run(Thread.java:750)
"org.apache.hadoop.util.JvmPauseMonitor$Monitor@613837e6" daemon prio=5 tid=487 timed_waiting
java.lang.Thread.State: TIMED_WAITING
        at java.lang.Thread.sleep(Native Method)
        at org.apache.hadoop.util.JvmPauseMonitor$Monitor.run(JvmPauseMonitor.java:192)
        at java.lang.Thread.run(Thread.java:750)
"IPC Server handler 19 on default port 40043" daemon prio=5 tid=163 timed_waiting
java.lang.Thread.State: TIMED_WAITING
        at sun.misc.Unsafe.park(Native Method)
        at java.util.concurrent.locks.LockSupport.parkNanos(LockSupport.java:215)
        at java.util.concurrent.locks.AbstractQueuedSynchronizer$ConditionObject.awaitNanos(AbstractQueuedSynchronizer.java:2078)
        at java.util.concurrent.LinkedBlockingQueue.poll(LinkedBlockingQueue.java:467)
        at org.apache.hadoop.ipc.CallQueueManager.take(CallQueueManager.java:317)
        at org.apache.hadoop.ipc.Server$Handler.run(Server.java:2942)
"9e7e10a2-763a-4a15-b149-6c921096d1eb@group-A1ACF68524AB-StateMachineUpdater" daemon prio=5 tid=587 timed_waiting
java.lang.Thread.State: TIMED_WAITING
        at sun.misc.Unsafe.park(Native Method)
        at java.util.concurrent.locks.LockSupport.parkNanos(LockSupport.java:215)
        at java.util.concurrent.CompletableFuture$Signaller.block(CompletableFuture.java:1709)
        at java.util.concurrent.ForkJoinPool.managedBlock(ForkJoinPool.java:3323)
        at java.util.concurrent.CompletableFuture.timedGet(CompletableFuture.java:1788)
        at java.util.concurrent.CompletableFuture.get(CompletableFuture.java:1928)
        at org.apache.ratis.util.AwaitForSignal.await(AwaitForSignal.java:56)
        at org.apache.ratis.server.impl.StateMachineUpdater.waitForCommit(StateMachineUpdater.java:207)
        at org.apache.ratis.server.impl.StateMachineUpdater.run(StateMachineUpdater.java:176)
        at java.lang.Thread.run(Thread.java:750)
"Session-HouseKeeper-604201a0-1"  prio=5 tid=143 timed_waiting
java.lang.Thread.State: TIMED_WAITING
        at sun.misc.Unsafe.park(Native Method)
        at java.util.concurrent.locks.LockSupport.parkNanos(LockSupport.java:215)
        at java.util.concurrent.locks.AbstractQueuedSynchronizer$ConditionObject.awaitNanos(AbstractQueuedSynchronizer.java:2078)
        at java.util.concurrent.ScheduledThreadPoolExecutor$DelayedWorkQueue.take(ScheduledThreadPoolExecutor.java:1093)
        at java.util.concurrent.ScheduledThreadPoolExecutor$DelayedWorkQueue.take(ScheduledThreadPoolExecutor.java:809)
        at java.util.concurrent.ThreadPoolExecutor.getTask(ThreadPoolExecutor.java:1074)
        at java.util.concurrent.ThreadPoolExecutor.runWorker(ThreadPoolExecutor.java:1134)
        at java.util.concurrent.ThreadPoolExecutor$Worker.run(ThreadPoolExecutor.java:624)
        at java.lang.Thread.run(Thread.java:750)
"IPC Server listener on 0" daemon prio=5 tid=27 runnable
java.lang.Thread.State: RUNNABLE
        at sun.nio.ch.EPollArrayWrapper.epollWait(Native Method)
        at sun.nio.ch.EPollArrayWrapper.poll(EPollArrayWrapper.java:269)
        at sun.nio.ch.EPollSelectorImpl.doSelect(EPollSelectorImpl.java:93)
        at sun.nio.ch.SelectorImpl.lockAndDoSelect(SelectorImpl.java:86)
        at sun.nio.ch.SelectorImpl.select(SelectorImpl.java:97)
        at sun.nio.ch.SelectorImpl.select(SelectorImpl.java:101)
        at org.apache.hadoop.ipc.Server$Listener.run(Server.java:1358)
"f675d99d-517f-4d8a-bd29-886eede0250d-server-thread2" daemon prio=5 tid=746 timed_waiting
java.lang.Thread.State: TIMED_WAITING
        at sun.misc.Unsafe.park(Native Method)
        at java.util.concurrent.locks.LockSupport.parkNanos(LockSupport.java:215)
        at java.util.concurrent.SynchronousQueue$TransferStack.awaitFulfill(SynchronousQueue.java:460)
        at java.util.concurrent.SynchronousQueue$TransferStack.transfer(SynchronousQueue.java:362)
        at java.util.concurrent.SynchronousQueue.poll(SynchronousQueue.java:941)
        at java.util.concurrent.ThreadPoolExecutor.getTask(ThreadPoolExecutor.java:1073)
        at java.util.concurrent.ThreadPoolExecutor.runWorker(ThreadPoolExecutor.java:1134)
        at java.util.concurrent.ThreadPoolExecutor$Worker.run(ThreadPoolExecutor.java:624)
        at java.lang.Thread.run(Thread.java:750)
"timer2" daemon prio=5 tid=687 timed_waiting
java.lang.Thread.State: TIMED_WAITING
        at java.lang.Object.wait(Native Method)
        at java.util.TimerThread.mainLoop(Timer.java:552)
        at java.util.TimerThread.run(Timer.java:505)
"Datanode ReportManager Thread - 2" daemon prio=5 tid=214 timed_waiting
java.lang.Thread.State: TIMED_WAITING
        at sun.misc.Unsafe.park(Native Method)
        at java.util.concurrent.locks.LockSupport.parkNanos(LockSupport.java:215)
        at java.util.concurrent.locks.AbstractQueuedSynchronizer$ConditionObject.awaitNanos(AbstractQueuedSynchronizer.java:2078)
        at java.util.concurrent.ScheduledThreadPoolExecutor$DelayedWorkQueue.take(ScheduledThreadPoolExecutor.java:1093)
        at java.util.concurrent.ScheduledThreadPoolExecutor$DelayedWorkQueue.take(ScheduledThreadPoolExecutor.java:809)
        at java.util.concurrent.ThreadPoolExecutor.getTask(ThreadPoolExecutor.java:1074)
        at java.util.concurrent.ThreadPoolExecutor.runWorker(ThreadPoolExecutor.java:1134)
        at java.util.concurrent.ThreadPoolExecutor$Worker.run(ThreadPoolExecutor.java:624)
        at java.lang.Thread.run(Thread.java:750)
"ChunkReader-0" daemon prio=5 tid=765 in Object.wait()
java.lang.Thread.State: WAITING (on object monitor)
        at sun.misc.Unsafe.park(Native Method)
        at java.util.concurrent.locks.LockSupport.park(LockSupport.java:175)
        at java.util.concurrent.locks.AbstractQueuedSynchronizer$ConditionObject.await(AbstractQueuedSynchronizer.java:2039)
        at java.util.concurrent.LinkedBlockingQueue.take(LinkedBlockingQueue.java:442)
        at java.util.concurrent.ThreadPoolExecutor.getTask(ThreadPoolExecutor.java:1074)
        at java.util.concurrent.ThreadPoolExecutor.runWorker(ThreadPoolExecutor.java:1134)
        at java.util.concurrent.ThreadPoolExecutor$Worker.run(ThreadPoolExecutor.java:624)
        at java.lang.Thread.run(Thread.java:750)
"StaleRecoveringContainerScrubbingService#2" daemon prio=5 tid=835 in Object.wait()
java.lang.Thread.State: WAITING (on object monitor)
        at sun.misc.Unsafe.park(Native Method)
        at java.util.concurrent.locks.LockSupport.park(LockSupport.java:175)
        at java.util.concurrent.locks.AbstractQueuedSynchronizer$ConditionObject.await(AbstractQueuedSynchronizer.java:2039)
        at java.util.concurrent.ScheduledThreadPoolExecutor$DelayedWorkQueue.take(ScheduledThreadPoolExecutor.java:1088)
        at java.util.concurrent.ScheduledThreadPoolExecutor$DelayedWorkQueue.take(ScheduledThreadPoolExecutor.java:809)
        at java.util.concurrent.ThreadPoolExecutor.getTask(ThreadPoolExecutor.java:1074)
        at java.util.concurrent.ThreadPoolExecutor.runWorker(ThreadPoolExecutor.java:1134)
        at java.util.concurrent.ThreadPoolExecutor$Worker.run(ThreadPoolExecutor.java:624)
        at java.lang.Thread.run(Thread.java:750)
"ChunkWriter-0-0" daemon prio=5 tid=407 in Object.wait()
java.lang.Thread.State: WAITING (on object monitor)
        at sun.misc.Unsafe.park(Native Method)
        at java.util.concurrent.locks.LockSupport.park(LockSupport.java:175)
        at java.util.concurrent.locks.AbstractQueuedSynchronizer$ConditionObject.await(AbstractQueuedSynchronizer.java:2039)
        at java.util.concurrent.LinkedBlockingDeque.takeFirst(LinkedBlockingDeque.java:492)
        at java.util.concurrent.LinkedBlockingDeque.take(LinkedBlockingDeque.java:680)
        at java.util.concurrent.ThreadPoolExecutor.getTask(ThreadPoolExecutor.java:1074)
        at java.util.concurrent.ThreadPoolExecutor.runWorker(ThreadPoolExecutor.java:1134)
        at java.util.concurrent.ThreadPoolExecutor$Worker.run(ThreadPoolExecutor.java:624)
        at java.lang.Thread.run(Thread.java:750)
"FullTableCache Cleanup Thread - 0" daemon prio=5 tid=724 in Object.wait()
java.lang.Thread.State: WAITING (on object monitor)
        at sun.misc.Unsafe.park(Native Method)
        at java.util.concurrent.locks.LockSupport.park(LockSupport.java:175)
        at java.util.concurrent.locks.AbstractQueuedSynchronizer$ConditionObject.await(AbstractQueuedSynchronizer.java:2039)
        at java.util.concurrent.LinkedBlockingQueue.take(LinkedBlockingQueue.java:442)
        at java.util.concurrent.ThreadPoolExecutor.getTask(ThreadPoolExecutor.java:1074)
        at java.util.concurrent.ThreadPoolExecutor.runWorker(ThreadPoolExecutor.java:1134)
        at java.util.concurrent.ThreadPoolExecutor$Worker.run(ThreadPoolExecutor.java:624)
        at java.lang.Thread.run(Thread.java:750)
"FixedThreadPoolWithAffinityExecutor-0-0" daemon prio=5 tid=520 in Object.wait()
java.lang.Thread.State: WAITING (on object monitor)
        at sun.misc.Unsafe.park(Native Method)
        at java.util.concurrent.locks.LockSupport.park(LockSupport.java:175)
        at java.util.concurrent.locks.AbstractQueuedSynchronizer$ConditionObject.await(AbstractQueuedSynchronizer.java:2039)
        at java.util.concurrent.LinkedBlockingDeque.takeFirst(LinkedBlockingDeque.java:492)
        at java.util.concurrent.LinkedBlockingDeque.take(LinkedBlockingDeque.java:680)
        at java.util.concurrent.ThreadPoolExecutor.getTask(ThreadPoolExecutor.java:1074)
        at java.util.concurrent.ThreadPoolExecutor.runWorker(ThreadPoolExecutor.java:1134)
        at java.util.concurrent.ThreadPoolExecutor$Worker.run(ThreadPoolExecutor.java:624)
        at java.lang.Thread.run(Thread.java:750)
"9e7e10a2-763a-4a15-b149-6c921096d1eb@group-A1ACF68524AB-SegmentedRaftLogWorker"  prio=5 tid=585 timed_waiting
java.lang.Thread.State: TIMED_WAITING
        at sun.misc.Unsafe.park(Native Method)
        at java.util.concurrent.locks.LockSupport.parkNanos(LockSupport.java:215)
        at java.util.concurrent.locks.AbstractQueuedSynchronizer$ConditionObject.awaitNanos(AbstractQueuedSynchronizer.java:2078)
        at org.apache.ratis.util.DataBlockingQueue.poll(DataBlockingQueue.java:148)
        at org.apache.ratis.server.raftlog.segmented.SegmentedRaftLogWorker.run(SegmentedRaftLogWorker.java:310)
        at org.apache.ratis.server.raftlog.segmented.SegmentedRaftLogWorker$$Lambda$661/1265419919.run(Unknown Source)
        at java.lang.Thread.run(Thread.java:750)
"IPC Server handler 1 on default port 39185" daemon prio=5 tid=58 timed_waiting
java.lang.Thread.State: TIMED_WAITING
        at sun.misc.Unsafe.park(Native Method)
        at java.util.concurrent.locks.LockSupport.parkNanos(LockSupport.java:215)
        at java.util.concurrent.locks.AbstractQueuedSynchronizer$ConditionObject.awaitNanos(AbstractQueuedSynchronizer.java:2078)
        at java.util.concurrent.LinkedBlockingQueue.poll(LinkedBlockingQueue.java:467)
        at org.apache.hadoop.ipc.CallQueueManager.take(CallQueueManager.java:317)
        at org.apache.hadoop.ipc.Server$Handler.run(Server.java:2942)
"Datanode State Machine Task Thread - 1"  prio=5 tid=401 in Object.wait()
java.lang.Thread.State: WAITING (on object monitor)
        at sun.misc.Unsafe.park(Native Method)
        at java.util.concurrent.locks.LockSupport.park(LockSupport.java:175)
        at java.util.concurrent.locks.AbstractQueuedSynchronizer$ConditionObject.await(AbstractQueuedSynchronizer.java:2039)
        at java.util.concurrent.LinkedBlockingQueue.take(LinkedBlockingQueue.java:442)
        at java.util.concurrent.ThreadPoolExecutor.getTask(ThreadPoolExecutor.java:1074)
        at java.util.concurrent.ThreadPoolExecutor.runWorker(ThreadPoolExecutor.java:1134)
        at java.util.concurrent.ThreadPoolExecutor$Worker.run(ThreadPoolExecutor.java:624)
        at java.lang.Thread.run(Thread.java:750)
"StaleRecoveringContainerScrubbingService#1" daemon prio=5 tid=478 timed_waiting
java.lang.Thread.State: TIMED_WAITING
        at sun.misc.Unsafe.park(Native Method)
        at java.util.concurrent.locks.LockSupport.parkNanos(LockSupport.java:215)
        at java.util.concurrent.locks.AbstractQueuedSynchronizer$ConditionObject.awaitNanos(AbstractQueuedSynchronizer.java:2078)
        at java.util.concurrent.ScheduledThreadPoolExecutor$DelayedWorkQueue.take(ScheduledThreadPoolExecutor.java:1093)
        at java.util.concurrent.ScheduledThreadPoolExecutor$DelayedWorkQueue.take(ScheduledThreadPoolExecutor.java:809)
        at java.util.concurrent.ThreadPoolExecutor.getTask(ThreadPoolExecutor.java:1074)
        at java.util.concurrent.ThreadPoolExecutor.runWorker(ThreadPoolExecutor.java:1134)
        at java.util.concurrent.ThreadPoolExecutor$Worker.run(ThreadPoolExecutor.java:624)
        at java.lang.Thread.run(Thread.java:750)
"bca43735-b008-443f-9343-82cfc7e5cdbd@group-D3C8F7E5DD43-SegmentedRaftLogWorker"  prio=5 tid=666 timed_waiting
java.lang.Thread.State: TIMED_WAITING
        at sun.misc.Unsafe.park(Native Method)
        at java.util.concurrent.locks.LockSupport.parkNanos(LockSupport.java:215)
        at java.util.concurrent.locks.AbstractQueuedSynchronizer$ConditionObject.awaitNanos(AbstractQueuedSynchronizer.java:2078)
        at org.apache.ratis.util.DataBlockingQueue.poll(DataBlockingQueue.java:148)
        at org.apache.ratis.server.raftlog.segmented.SegmentedRaftLogWorker.run(SegmentedRaftLogWorker.java:310)
        at org.apache.ratis.server.raftlog.segmented.SegmentedRaftLogWorker$$Lambda$661/1265419919.run(Unknown Source)
        at java.lang.Thread.run(Thread.java:750)
"StaleRecoveringContainerScrubbingService#1" daemon prio=5 tid=534 timed_waiting
java.lang.Thread.State: TIMED_WAITING
        at sun.misc.Unsafe.park(Native Method)
        at java.util.concurrent.locks.LockSupport.parkNanos(LockSupport.java:215)
        at java.util.concurrent.locks.AbstractQueuedSynchronizer$ConditionObject.awaitNanos(AbstractQueuedSynchronizer.java:2078)
        at java.util.concurrent.ScheduledThreadPoolExecutor$DelayedWorkQueue.take(ScheduledThreadPoolExecutor.java:1093)
        at java.util.concurrent.ScheduledThreadPoolExecutor$DelayedWorkQueue.take(ScheduledThreadPoolExecutor.java:809)
        at java.util.concurrent.ThreadPoolExecutor.getTask(ThreadPoolExecutor.java:1074)
        at java.util.concurrent.ThreadPoolExecutor.runWorker(ThreadPoolExecutor.java:1134)
        at java.util.concurrent.ThreadPoolExecutor$Worker.run(ThreadPoolExecutor.java:624)
        at java.lang.Thread.run(Thread.java:750)
"StaleRecoveringContainerScrubbingService#2" daemon prio=5 tid=832 in Object.wait()
java.lang.Thread.State: WAITING (on object monitor)
        at sun.misc.Unsafe.park(Native Method)
        at java.util.concurrent.locks.LockSupport.park(LockSupport.java:175)
        at java.util.concurrent.locks.AbstractQueuedSynchronizer$ConditionObject.await(AbstractQueuedSynchronizer.java:2039)
        at java.util.concurrent.ScheduledThreadPoolExecutor$DelayedWorkQueue.take(ScheduledThreadPoolExecutor.java:1088)
        at java.util.concurrent.ScheduledThreadPoolExecutor$DelayedWorkQueue.take(ScheduledThreadPoolExecutor.java:809)
        at java.util.concurrent.ThreadPoolExecutor.getTask(ThreadPoolExecutor.java:1074)
        at java.util.concurrent.ThreadPoolExecutor.runWorker(ThreadPoolExecutor.java:1134)
        at java.util.concurrent.ThreadPoolExecutor$Worker.run(ThreadPoolExecutor.java:624)
        at java.lang.Thread.run(Thread.java:750)
"qtp1344224377-139" daemon prio=5 tid=139 timed_waiting
java.lang.Thread.State: TIMED_WAITING
        at sun.misc.Unsafe.park(Native Method)
        at java.util.concurrent.locks.LockSupport.parkNanos(LockSupport.java:215)
        at java.util.concurrent.locks.AbstractQueuedSynchronizer$ConditionObject.awaitNanos(AbstractQueuedSynchronizer.java:2078)
        at org.eclipse.jetty.util.BlockingArrayQueue.poll(BlockingArrayQueue.java:382)
        at org.eclipse.jetty.util.thread.QueuedThreadPool$Runner.idleJobPoll(QueuedThreadPool.java:974)
        at org.eclipse.jetty.util.thread.QueuedThreadPool$Runner.run(QueuedThreadPool.java:1018)
        at java.lang.Thread.run(Thread.java:750)
"IPC Server handler 9 on default port 40043" daemon prio=5 tid=153 timed_waiting
java.lang.Thread.State: TIMED_WAITING
        at sun.misc.Unsafe.park(Native Method)
        at java.util.concurrent.locks.LockSupport.parkNanos(LockSupport.java:215)
        at java.util.concurrent.locks.AbstractQueuedSynchronizer$ConditionObject.awaitNanos(AbstractQueuedSynchronizer.java:2078)
        at java.util.concurrent.LinkedBlockingQueue.poll(LinkedBlockingQueue.java:467)
        at org.apache.hadoop.ipc.CallQueueManager.take(CallQueueManager.java:317)
        at org.apache.hadoop.ipc.Server$Handler.run(Server.java:2942)
"Datanode ReportManager Thread - 2" daemon prio=5 tid=318 in Object.wait()
java.lang.Thread.State: WAITING (on object monitor)
        at sun.misc.Unsafe.park(Native Method)
        at java.util.concurrent.locks.LockSupport.park(LockSupport.java:175)
        at java.util.concurrent.locks.AbstractQueuedSynchronizer$ConditionObject.await(AbstractQueuedSynchronizer.java:2039)
        at java.util.concurrent.ScheduledThreadPoolExecutor$DelayedWorkQueue.take(ScheduledThreadPoolExecutor.java:1088)
        at java.util.concurrent.ScheduledThreadPoolExecutor$DelayedWorkQueue.take(ScheduledThreadPoolExecutor.java:809)
        at java.util.concurrent.ThreadPoolExecutor.getTask(ThreadPoolExecutor.java:1074)
        at java.util.concurrent.ThreadPoolExecutor.runWorker(ThreadPoolExecutor.java:1134)
        at java.util.concurrent.ThreadPoolExecutor$Worker.run(ThreadPoolExecutor.java:624)
        at java.lang.Thread.run(Thread.java:750)
"qtp1617079700-181" daemon prio=5 tid=181 timed_waiting
java.lang.Thread.State: TIMED_WAITING
        at sun.misc.Unsafe.park(Native Method)
        at java.util.concurrent.locks.LockSupport.parkNanos(LockSupport.java:215)
        at java.util.concurrent.locks.AbstractQueuedSynchronizer$ConditionObject.awaitNanos(AbstractQueuedSynchronizer.java:2078)
        at org.eclipse.jetty.util.BlockingArrayQueue.poll(BlockingArrayQueue.java:382)
        at org.eclipse.jetty.util.thread.QueuedThreadPool$Runner.idleJobPoll(QueuedThreadPool.java:974)
        at org.eclipse.jetty.util.thread.QueuedThreadPool$Runner.run(QueuedThreadPool.java:1018)
        at java.lang.Thread.run(Thread.java:750)
"timer7" daemon prio=5 tid=712 timed_waiting
java.lang.Thread.State: TIMED_WAITING
        at java.lang.Object.wait(Native Method)
        at java.util.TimerThread.mainLoop(Timer.java:552)
        at java.util.TimerThread.run(Timer.java:505)
"BlockDeletingService#0" daemon prio=5 tid=497 in Object.wait()
java.lang.Thread.State: WAITING (on object monitor)
        at sun.misc.Unsafe.park(Native Method)
        at java.util.concurrent.locks.LockSupport.park(LockSupport.java:175)
        at java.util.concurrent.locks.AbstractQueuedSynchronizer$ConditionObject.await(AbstractQueuedSynchronizer.java:2039)
        at java.util.concurrent.ScheduledThreadPoolExecutor$DelayedWorkQueue.take(ScheduledThreadPoolExecutor.java:1088)
        at java.util.concurrent.ScheduledThreadPoolExecutor$DelayedWorkQueue.take(ScheduledThreadPoolExecutor.java:809)
        at java.util.concurrent.ThreadPoolExecutor.getTask(ThreadPoolExecutor.java:1074)
        at java.util.concurrent.ThreadPoolExecutor.runWorker(ThreadPoolExecutor.java:1134)
        at java.util.concurrent.ThreadPoolExecutor$Worker.run(ThreadPoolExecutor.java:624)
        at java.lang.Thread.run(Thread.java:750)
"Periodic HDDS volume checker" daemon prio=5 tid=193 timed_waiting
java.lang.Thread.State: TIMED_WAITING
        at sun.misc.Unsafe.park(Native Method)
        at java.util.concurrent.locks.LockSupport.parkNanos(LockSupport.java:215)
        at java.util.concurrent.locks.AbstractQueuedSynchronizer$ConditionObject.awaitNanos(AbstractQueuedSynchronizer.java:2078)
        at java.util.concurrent.ScheduledThreadPoolExecutor$DelayedWorkQueue.take(ScheduledThreadPoolExecutor.java:1093)
        at java.util.concurrent.ScheduledThreadPoolExecutor$DelayedWorkQueue.take(ScheduledThreadPoolExecutor.java:809)
        at java.util.concurrent.ThreadPoolExecutor.getTask(ThreadPoolExecutor.java:1074)
        at java.util.concurrent.ThreadPoolExecutor.runWorker(ThreadPoolExecutor.java:1134)
        at java.util.concurrent.ThreadPoolExecutor$Worker.run(ThreadPoolExecutor.java:624)
        at java.lang.Thread.run(Thread.java:750)
"EndpointStateMachine task thread for /0.0.0.0:46251 - 0 "  prio=5 tid=523 in Object.wait()
java.lang.Thread.State: WAITING (on object monitor)
        at sun.misc.Unsafe.park(Native Method)
        at java.util.concurrent.locks.LockSupport.park(LockSupport.java:175)
        at java.util.concurrent.locks.AbstractQueuedSynchronizer$ConditionObject.await(AbstractQueuedSynchronizer.java:2039)
        at java.util.concurrent.LinkedBlockingQueue.take(LinkedBlockingQueue.java:442)
        at java.util.concurrent.ThreadPoolExecutor.getTask(ThreadPoolExecutor.java:1074)
        at java.util.concurrent.ThreadPoolExecutor.runWorker(ThreadPoolExecutor.java:1134)
        at java.util.concurrent.ThreadPoolExecutor$Worker.run(ThreadPoolExecutor.java:624)
        at java.lang.Thread.run(Thread.java:750)
"2de491c0-1905-4845-ada7-2a3c171f2066@group-4054D80A22FC-StateMachineUpdater" daemon prio=5 tid=614 timed_waiting
java.lang.Thread.State: TIMED_WAITING
        at sun.misc.Unsafe.park(Native Method)
        at java.util.concurrent.locks.LockSupport.parkNanos(LockSupport.java:215)
        at java.util.concurrent.CompletableFuture$Signaller.block(CompletableFuture.java:1709)
        at java.util.concurrent.ForkJoinPool.managedBlock(ForkJoinPool.java:3323)
        at java.util.concurrent.CompletableFuture.timedGet(CompletableFuture.java:1788)
        at java.util.concurrent.CompletableFuture.get(CompletableFuture.java:1928)
        at org.apache.ratis.util.AwaitForSignal.await(AwaitForSignal.java:56)
        at org.apache.ratis.server.impl.StateMachineUpdater.waitForCommit(StateMachineUpdater.java:207)
        at org.apache.ratis.server.impl.StateMachineUpdater.run(StateMachineUpdater.java:176)
        at java.lang.Thread.run(Thread.java:750)
"IPC Server handler 1 on default port 38247" daemon prio=5 tid=38 timed_waiting
java.lang.Thread.State: TIMED_WAITING
        at sun.misc.Unsafe.park(Native Method)
        at java.util.concurrent.locks.LockSupport.parkNanos(LockSupport.java:215)
        at java.util.concurrent.locks.AbstractQueuedSynchronizer$ConditionObject.awaitNanos(AbstractQueuedSynchronizer.java:2078)
        at java.util.concurrent.LinkedBlockingQueue.poll(LinkedBlockingQueue.java:467)
        at org.apache.hadoop.ipc.CallQueueManager.take(CallQueueManager.java:317)
        at org.apache.hadoop.ipc.Server$Handler.run(Server.java:2942)
"2de491c0-1905-4845-ada7-2a3c171f2066@group-ADE01F2A5737-StateMachineUpdater" daemon prio=5 tid=637 timed_waiting
java.lang.Thread.State: TIMED_WAITING
        at sun.misc.Unsafe.park(Native Method)
        at java.util.concurrent.locks.LockSupport.parkNanos(LockSupport.java:215)
        at java.util.concurrent.CompletableFuture$Signaller.block(CompletableFuture.java:1709)
        at java.util.concurrent.ForkJoinPool.managedBlock(ForkJoinPool.java:3323)
        at java.util.concurrent.CompletableFuture.timedGet(CompletableFuture.java:1788)
        at java.util.concurrent.CompletableFuture.get(CompletableFuture.java:1928)
        at org.apache.ratis.util.AwaitForSignal.await(AwaitForSignal.java:56)
        at org.apache.ratis.server.impl.StateMachineUpdater.waitForCommit(StateMachineUpdater.java:207)
        at org.apache.ratis.server.impl.StateMachineUpdater.run(StateMachineUpdater.java:176)
        at java.lang.Thread.run(Thread.java:750)
"IPC Server handler 6 on default port 39185" daemon prio=5 tid=63 timed_waiting
java.lang.Thread.State: TIMED_WAITING
        at sun.misc.Unsafe.park(Native Method)
        at java.util.concurrent.locks.LockSupport.parkNanos(LockSupport.java:215)
        at java.util.concurrent.locks.AbstractQueuedSynchronizer$ConditionObject.awaitNanos(AbstractQueuedSynchronizer.java:2078)
        at java.util.concurrent.LinkedBlockingQueue.poll(LinkedBlockingQueue.java:467)
        at org.apache.hadoop.ipc.CallQueueManager.take(CallQueueManager.java:317)
        at org.apache.hadoop.ipc.Server$Handler.run(Server.java:2942)
"bca43735-b008-443f-9343-82cfc7e5cdbd@group-D3C8F7E5DD43-StateMachineUpdater" daemon prio=5 tid=668 timed_waiting
java.lang.Thread.State: TIMED_WAITING
        at sun.misc.Unsafe.park(Native Method)
        at java.util.concurrent.locks.LockSupport.parkNanos(LockSupport.java:215)
        at java.util.concurrent.CompletableFuture$Signaller.block(CompletableFuture.java:1709)
        at java.util.concurrent.ForkJoinPool.managedBlock(ForkJoinPool.java:3323)
        at java.util.concurrent.CompletableFuture.timedGet(CompletableFuture.java:1788)
        at java.util.concurrent.CompletableFuture.get(CompletableFuture.java:1928)
        at org.apache.ratis.util.AwaitForSignal.await(AwaitForSignal.java:56)
        at org.apache.ratis.server.impl.StateMachineUpdater.waitForCommit(StateMachineUpdater.java:207)
        at org.apache.ratis.server.impl.StateMachineUpdater.run(StateMachineUpdater.java:176)
        at java.lang.Thread.run(Thread.java:750)
"qtp1344224377-137" daemon prio=5 tid=137 timed_waiting
java.lang.Thread.State: TIMED_WAITING
        at sun.misc.Unsafe.park(Native Method)
        at java.util.concurrent.locks.LockSupport.parkNanos(LockSupport.java:215)
        at java.util.concurrent.locks.AbstractQueuedSynchronizer$ConditionObject.awaitNanos(AbstractQueuedSynchronizer.java:2078)
        at org.eclipse.jetty.util.BlockingArrayQueue.poll(BlockingArrayQueue.java:382)
        at org.eclipse.jetty.util.thread.QueuedThreadPool$Runner.idleJobPoll(QueuedThreadPool.java:974)
        at org.eclipse.jetty.util.thread.QueuedThreadPool$Runner.run(QueuedThreadPool.java:1018)
        at java.lang.Thread.run(Thread.java:750)
"Datanode ReportManager Thread - 1" daemon prio=5 tid=291 in Object.wait()
java.lang.Thread.State: WAITING (on object monitor)
        at sun.misc.Unsafe.park(Native Method)
        at java.util.concurrent.locks.LockSupport.park(LockSupport.java:175)
        at java.util.concurrent.locks.AbstractQueuedSynchronizer$ConditionObject.await(AbstractQueuedSynchronizer.java:2039)
        at java.util.concurrent.ScheduledThreadPoolExecutor$DelayedWorkQueue.take(ScheduledThreadPoolExecutor.java:1088)
        at java.util.concurrent.ScheduledThreadPoolExecutor$DelayedWorkQueue.take(ScheduledThreadPoolExecutor.java:809)
        at java.util.concurrent.ThreadPoolExecutor.getTask(ThreadPoolExecutor.java:1074)
        at java.util.concurrent.ThreadPoolExecutor.runWorker(ThreadPoolExecutor.java:1134)
        at java.util.concurrent.ThreadPoolExecutor$Worker.run(ThreadPoolExecutor.java:624)
        at java.lang.Thread.run(Thread.java:750)
"2de491c0-1905-4845-ada7-2a3c171f2066@group-2E358FAA1E41-FollowerState" daemon prio=5 tid=748 timed_waiting
java.lang.Thread.State: TIMED_WAITING
        at java.lang.Thread.sleep(Native Method)
        at java.lang.Thread.sleep(Thread.java:342)
        at java.util.concurrent.TimeUnit.sleep(TimeUnit.java:386)
        at org.apache.ratis.util.TimeDuration.sleep(TimeDuration.java:325)
        at org.apache.ratis.util.TimeDuration.sleep(TimeDuration.java:310)
        at org.apache.ratis.server.impl.FollowerState.run(FollowerState.java:128)
"qtp573924191-282" daemon prio=5 tid=282 timed_waiting
java.lang.Thread.State: TIMED_WAITING
        at sun.misc.Unsafe.park(Native Method)
        at java.util.concurrent.locks.LockSupport.parkNanos(LockSupport.java:215)
        at java.util.concurrent.locks.AbstractQueuedSynchronizer$ConditionObject.awaitNanos(AbstractQueuedSynchronizer.java:2078)
        at org.eclipse.jetty.util.BlockingArrayQueue.poll(BlockingArrayQueue.java:382)
        at org.eclipse.jetty.util.thread.QueuedThreadPool$Runner.idleJobPoll(QueuedThreadPool.java:974)
        at org.eclipse.jetty.util.thread.QueuedThreadPool$Runner.run(QueuedThreadPool.java:1018)
        at java.lang.Thread.run(Thread.java:750)
"qtp939893108-423" daemon prio=5 tid=423 timed_waiting
java.lang.Thread.State: TIMED_WAITING
        at sun.misc.Unsafe.park(Native Method)
        at java.util.concurrent.locks.LockSupport.parkNanos(LockSupport.java:215)
        at java.util.concurrent.locks.AbstractQueuedSynchronizer$ConditionObject.awaitNanos(AbstractQueuedSynchronizer.java:2078)
        at org.eclipse.jetty.util.BlockingArrayQueue.poll(BlockingArrayQueue.java:382)
        at org.eclipse.jetty.util.thread.QueuedThreadPool$Runner.idleJobPoll(QueuedThreadPool.java:974)
        at org.eclipse.jetty.util.thread.QueuedThreadPool$Runner.run(QueuedThreadPool.java:1018)
        at java.lang.Thread.run(Thread.java:750)
"BackgroundPipelineScrubberThread" daemon prio=5 tid=16 timed_waiting
java.lang.Thread.State: TIMED_WAITING
        at java.lang.Object.wait(Native Method)
        at org.apache.hadoop.hdds.scm.ha.BackgroundSCMService.run(BackgroundSCMService.java:110)
        at org.apache.hadoop.hdds.scm.ha.BackgroundSCMService$$Lambda$374/722929970.run(Unknown Source)
        at java.lang.Thread.run(Thread.java:750)
"IPC Server handler 9 on default port 46251" daemon prio=5 tid=86 timed_waiting
java.lang.Thread.State: TIMED_WAITING
        at sun.misc.Unsafe.park(Native Method)
        at java.util.concurrent.locks.LockSupport.parkNanos(LockSupport.java:215)
        at java.util.concurrent.locks.AbstractQueuedSynchronizer$ConditionObject.awaitNanos(AbstractQueuedSynchronizer.java:2078)
        at java.util.concurrent.LinkedBlockingQueue.poll(LinkedBlockingQueue.java:467)
        at org.apache.hadoop.ipc.CallQueueManager.take(CallQueueManager.java:317)
        at org.apache.hadoop.ipc.Server$Handler.run(Server.java:2942)
"Session-HouseKeeper-7c334dec-1"  prio=5 tid=387 timed_waiting
java.lang.Thread.State: TIMED_WAITING
        at sun.misc.Unsafe.park(Native Method)
        at java.util.concurrent.locks.LockSupport.parkNanos(LockSupport.java:215)
        at java.util.concurrent.locks.AbstractQueuedSynchronizer$ConditionObject.awaitNanos(AbstractQueuedSynchronizer.java:2078)
        at java.util.concurrent.ScheduledThreadPoolExecutor$DelayedWorkQueue.take(ScheduledThreadPoolExecutor.java:1093)
        at java.util.concurrent.ScheduledThreadPoolExecutor$DelayedWorkQueue.take(ScheduledThreadPoolExecutor.java:809)
        at java.util.concurrent.ThreadPoolExecutor.getTask(ThreadPoolExecutor.java:1074)
        at java.util.concurrent.ThreadPoolExecutor.runWorker(ThreadPoolExecutor.java:1134)
        at java.util.concurrent.ThreadPoolExecutor$Worker.run(ThreadPoolExecutor.java:624)
        at java.lang.Thread.run(Thread.java:750)
"Datanode ReportManager Thread - 2" daemon prio=5 tid=435 timed_waiting
java.lang.Thread.State: TIMED_WAITING
        at sun.misc.Unsafe.park(Native Method)
        at java.util.concurrent.locks.LockSupport.parkNanos(LockSupport.java:215)
        at java.util.concurrent.locks.AbstractQueuedSynchronizer$ConditionObject.awaitNanos(AbstractQueuedSynchronizer.java:2078)
        at java.util.concurrent.ScheduledThreadPoolExecutor$DelayedWorkQueue.take(ScheduledThreadPoolExecutor.java:1093)
        at java.util.concurrent.ScheduledThreadPoolExecutor$DelayedWorkQueue.take(ScheduledThreadPoolExecutor.java:809)
        at java.util.concurrent.ThreadPoolExecutor.getTask(ThreadPoolExecutor.java:1074)
        at java.util.concurrent.ThreadPoolExecutor.runWorker(ThreadPoolExecutor.java:1134)
        at java.util.concurrent.ThreadPoolExecutor$Worker.run(ThreadPoolExecutor.java:624)
        at java.lang.Thread.run(Thread.java:750)
"qtp382867004-230" daemon prio=5 tid=230 timed_waiting
java.lang.Thread.State: TIMED_WAITING
        at sun.misc.Unsafe.park(Native Method)
        at java.util.concurrent.locks.LockSupport.parkNanos(LockSupport.java:215)
        at java.util.concurrent.locks.AbstractQueuedSynchronizer$ConditionObject.awaitNanos(AbstractQueuedSynchronizer.java:2078)
        at org.eclipse.jetty.util.BlockingArrayQueue.poll(BlockingArrayQueue.java:382)
        at org.eclipse.jetty.util.thread.QueuedThreadPool$Runner.idleJobPoll(QueuedThreadPool.java:974)
        at org.eclipse.jetty.util.thread.QueuedThreadPool$Runner.run(QueuedThreadPool.java:1018)
        at java.lang.Thread.run(Thread.java:750)
"Periodic HDDS volume checker" daemon prio=5 tid=247 timed_waiting
java.lang.Thread.State: TIMED_WAITING
        at sun.misc.Unsafe.park(Native Method)
        at java.util.concurrent.locks.LockSupport.parkNanos(LockSupport.java:215)
        at java.util.concurrent.locks.AbstractQueuedSynchronizer$ConditionObject.awaitNanos(AbstractQueuedSynchronizer.java:2078)
        at java.util.concurrent.ScheduledThreadPoolExecutor$DelayedWorkQueue.take(ScheduledThreadPoolExecutor.java:1093)
        at java.util.concurrent.ScheduledThreadPoolExecutor$DelayedWorkQueue.take(ScheduledThreadPoolExecutor.java:809)
        at java.util.concurrent.ThreadPoolExecutor.getTask(ThreadPoolExecutor.java:1074)
        at java.util.concurrent.ThreadPoolExecutor.runWorker(ThreadPoolExecutor.java:1134)
        at java.util.concurrent.ThreadPoolExecutor$Worker.run(ThreadPoolExecutor.java:624)
        at java.lang.Thread.run(Thread.java:750)
"IPC Server handler 6 on default port 40043" daemon prio=5 tid=150 timed_waiting
java.lang.Thread.State: TIMED_WAITING
        at sun.misc.Unsafe.park(Native Method)
        at java.util.concurrent.locks.LockSupport.parkNanos(LockSupport.java:215)
        at java.util.concurrent.locks.AbstractQueuedSynchronizer$ConditionObject.awaitNanos(AbstractQueuedSynchronizer.java:2078)
        at java.util.concurrent.LinkedBlockingQueue.poll(LinkedBlockingQueue.java:467)
        at org.apache.hadoop.ipc.CallQueueManager.take(CallQueueManager.java:317)
        at org.apache.hadoop.ipc.Server$Handler.run(Server.java:2942)
"IPC Server handler 1 on default port 46251" daemon prio=5 tid=78 timed_waiting
java.lang.Thread.State: TIMED_WAITING
        at sun.misc.Unsafe.park(Native Method)
        at java.util.concurrent.locks.LockSupport.parkNanos(LockSupport.java:215)
        at java.util.concurrent.locks.AbstractQueuedSynchronizer$ConditionObject.awaitNanos(AbstractQueuedSynchronizer.java:2078)
        at java.util.concurrent.LinkedBlockingQueue.poll(LinkedBlockingQueue.java:467)
        at org.apache.hadoop.ipc.CallQueueManager.take(CallQueueManager.java:317)
        at org.apache.hadoop.ipc.Server$Handler.run(Server.java:2942)
"StaleRecoveringContainerScrubbingService#1" daemon prio=5 tid=558 timed_waiting
java.lang.Thread.State: TIMED_WAITING
        at sun.misc.Unsafe.park(Native Method)
        at java.util.concurrent.locks.LockSupport.parkNanos(LockSupport.java:215)
        at java.util.concurrent.locks.AbstractQueuedSynchronizer$ConditionObject.awaitNanos(AbstractQueuedSynchronizer.java:2078)
        at java.util.concurrent.ScheduledThreadPoolExecutor$DelayedWorkQueue.take(ScheduledThreadPoolExecutor.java:1093)
        at java.util.concurrent.ScheduledThreadPoolExecutor$DelayedWorkQueue.take(ScheduledThreadPoolExecutor.java:809)
        at java.util.concurrent.ThreadPoolExecutor.getTask(ThreadPoolExecutor.java:1074)
        at java.util.concurrent.ThreadPoolExecutor.runWorker(ThreadPoolExecutor.java:1134)
        at java.util.concurrent.ThreadPoolExecutor$Worker.run(ThreadPoolExecutor.java:624)
        at java.lang.Thread.run(Thread.java:750)
"qtp1617079700-179" daemon prio=5 tid=179 timed_waiting
java.lang.Thread.State: TIMED_WAITING
        at sun.misc.Unsafe.park(Native Method)
        at java.util.concurrent.locks.LockSupport.parkNanos(LockSupport.java:215)
        at java.util.concurrent.locks.AbstractQueuedSynchronizer$ConditionObject.awaitNanos(AbstractQueuedSynchronizer.java:2078)
        at org.eclipse.jetty.util.BlockingArrayQueue.poll(BlockingArrayQueue.java:382)
        at org.eclipse.jetty.util.thread.QueuedThreadPool$Runner.idleJobPoll(QueuedThreadPool.java:974)
        at org.eclipse.jetty.util.thread.QueuedThreadPool$Runner.run(QueuedThreadPool.java:1018)
        at java.lang.Thread.run(Thread.java:750)
"qtp2041292819-100" daemon prio=5 tid=100 runnable
java.lang.Thread.State: RUNNABLE
        at sun.nio.ch.EPollArrayWrapper.epollWait(Native Method)
        at sun.nio.ch.EPollArrayWrapper.poll(EPollArrayWrapper.java:269)
        at sun.nio.ch.EPollSelectorImpl.doSelect(EPollSelectorImpl.java:93)
        at sun.nio.ch.SelectorImpl.lockAndDoSelect(SelectorImpl.java:86)
        at sun.nio.ch.SelectorImpl.select(SelectorImpl.java:97)
        at sun.nio.ch.SelectorImpl.select(SelectorImpl.java:101)
        at org.eclipse.jetty.io.ManagedSelector.nioSelect(ManagedSelector.java:183)
        at org.eclipse.jetty.io.ManagedSelector.select(ManagedSelector.java:190)
        at org.eclipse.jetty.io.ManagedSelector$SelectorProducer.select(ManagedSelector.java:606)
        at org.eclipse.jetty.io.ManagedSelector$SelectorProducer.produce(ManagedSelector.java:543)
        at org.eclipse.jetty.util.thread.strategy.EatWhatYouKill.produceTask(EatWhatYouKill.java:362)
        at org.eclipse.jetty.util.thread.strategy.EatWhatYouKill.doProduce(EatWhatYouKill.java:186)
        at org.eclipse.jetty.util.thread.strategy.EatWhatYouKill.tryProduce(EatWhatYouKill.java:173)
        at org.eclipse.jetty.util.thread.strategy.EatWhatYouKill.produce(EatWhatYouKill.java:137)
        at org.eclipse.jetty.io.ManagedSelector$$Lambda$443/1383931873.run(Unknown Source)
        at org.eclipse.jetty.util.thread.QueuedThreadPool.runJob(QueuedThreadPool.java:883)
        at org.eclipse.jetty.util.thread.QueuedThreadPool$Runner.run(QueuedThreadPool.java:1034)
        at java.lang.Thread.run(Thread.java:750)
"org.apache.hadoop.util.JvmPauseMonitor$Monitor@44a76bee" daemon prio=5 tid=270 timed_waiting
java.lang.Thread.State: TIMED_WAITING
        at java.lang.Thread.sleep(Native Method)
        at org.apache.hadoop.util.JvmPauseMonitor$Monitor.run(JvmPauseMonitor.java:192)
        at java.lang.Thread.run(Thread.java:750)
"IPC Server handler 16 on default port 40043" daemon prio=5 tid=160 timed_waiting
java.lang.Thread.State: TIMED_WAITING
        at sun.misc.Unsafe.park(Native Method)
        at java.util.concurrent.locks.LockSupport.parkNanos(LockSupport.java:215)
        at java.util.concurrent.locks.AbstractQueuedSynchronizer$ConditionObject.awaitNanos(AbstractQueuedSynchronizer.java:2078)
        at java.util.concurrent.LinkedBlockingQueue.poll(LinkedBlockingQueue.java:467)
        at org.apache.hadoop.ipc.CallQueueManager.take(CallQueueManager.java:317)
        at org.apache.hadoop.ipc.Server$Handler.run(Server.java:2942)
"91dae643-bef5-471c-869f-4daa43ea47b3@group-F4CAB9577C1E-SegmentedRaftLogWorker"  prio=5 tid=593 timed_waiting
java.lang.Thread.State: TIMED_WAITING
        at sun.misc.Unsafe.park(Native Method)
        at java.util.concurrent.locks.LockSupport.parkNanos(LockSupport.java:215)
        at java.util.concurrent.locks.AbstractQueuedSynchronizer$ConditionObject.awaitNanos(AbstractQueuedSynchronizer.java:2078)
        at org.apache.ratis.util.DataBlockingQueue.poll(DataBlockingQueue.java:148)
        at org.apache.ratis.server.raftlog.segmented.SegmentedRaftLogWorker.run(SegmentedRaftLogWorker.java:310)
        at org.apache.ratis.server.raftlog.segmented.SegmentedRaftLogWorker$$Lambda$661/1265419919.run(Unknown Source)
        at java.lang.Thread.run(Thread.java:750)
"IPC Server idle connection scanner for port 40043" daemon prio=5 tid=122 timed_waiting
java.lang.Thread.State: TIMED_WAITING
        at java.lang.Object.wait(Native Method)
        at java.util.TimerThread.mainLoop(Timer.java:552)
        at java.util.TimerThread.run(Timer.java:505)
"JvmPauseMonitor5" daemon prio=5 tid=474 timed_waiting
java.lang.Thread.State: TIMED_WAITING
        at java.lang.Thread.sleep(Native Method)
        at java.lang.Thread.sleep(Thread.java:342)
        at java.util.concurrent.TimeUnit.sleep(TimeUnit.java:386)
        at org.apache.ratis.util.TimeDuration.sleep(TimeDuration.java:325)
        at org.apache.ratis.util.TimeDuration.sleep(TimeDuration.java:310)
        at org.apache.ratis.util.JvmPauseMonitor.detectPause(JvmPauseMonitor.java:119)
        at org.apache.ratis.util.JvmPauseMonitor.run(JvmPauseMonitor.java:108)
        at org.apache.ratis.util.JvmPauseMonitor$$Lambda$702/1594456416.run(Unknown Source)
        at java.lang.Thread.run(Thread.java:750)
"DatanodeAdminManager-0" daemon prio=5 tid=21 timed_waiting
java.lang.Thread.State: TIMED_WAITING
        at sun.misc.Unsafe.park(Native Method)
        at java.util.concurrent.locks.LockSupport.parkNanos(LockSupport.java:215)
        at java.util.concurrent.locks.AbstractQueuedSynchronizer$ConditionObject.awaitNanos(AbstractQueuedSynchronizer.java:2078)
        at java.util.concurrent.ScheduledThreadPoolExecutor$DelayedWorkQueue.take(ScheduledThreadPoolExecutor.java:1093)
        at java.util.concurrent.ScheduledThreadPoolExecutor$DelayedWorkQueue.take(ScheduledThreadPoolExecutor.java:809)
        at java.util.concurrent.ThreadPoolExecutor.getTask(ThreadPoolExecutor.java:1074)
        at java.util.concurrent.ThreadPoolExecutor.runWorker(ThreadPoolExecutor.java:1134)
        at java.util.concurrent.ThreadPoolExecutor$Worker.run(ThreadPoolExecutor.java:624)
        at java.lang.Thread.run(Thread.java:750)
"Datanode ReportManager Thread - 0" daemon prio=5 tid=481 timed_waiting
java.lang.Thread.State: TIMED_WAITING
        at sun.misc.Unsafe.park(Native Method)
        at java.util.concurrent.locks.LockSupport.parkNanos(LockSupport.java:215)
        at java.util.concurrent.locks.AbstractQueuedSynchronizer$ConditionObject.awaitNanos(AbstractQueuedSynchronizer.java:2078)
        at java.util.concurrent.ScheduledThreadPoolExecutor$DelayedWorkQueue.take(ScheduledThreadPoolExecutor.java:1093)
        at java.util.concurrent.ScheduledThreadPoolExecutor$DelayedWorkQueue.take(ScheduledThreadPoolExecutor.java:809)
        at java.util.concurrent.ThreadPoolExecutor.getTask(ThreadPoolExecutor.java:1074)
        at java.util.concurrent.ThreadPoolExecutor.runWorker(ThreadPoolExecutor.java:1134)
        at java.util.concurrent.ThreadPoolExecutor$Worker.run(ThreadPoolExecutor.java:624)
        at java.lang.Thread.run(Thread.java:750)
"BlockDeletingService#2" daemon prio=5 tid=846 in Object.wait()
java.lang.Thread.State: WAITING (on object monitor)
        at sun.misc.Unsafe.park(Native Method)
        at java.util.concurrent.locks.LockSupport.park(LockSupport.java:175)
        at java.util.concurrent.locks.AbstractQueuedSynchronizer$ConditionObject.await(AbstractQueuedSynchronizer.java:2039)
        at java.util.concurrent.ScheduledThreadPoolExecutor$DelayedWorkQueue.take(ScheduledThreadPoolExecutor.java:1088)
        at java.util.concurrent.ScheduledThreadPoolExecutor$DelayedWorkQueue.take(ScheduledThreadPoolExecutor.java:809)
        at java.util.concurrent.ThreadPoolExecutor.getTask(ThreadPoolExecutor.java:1074)
        at java.util.concurrent.ThreadPoolExecutor.runWorker(ThreadPoolExecutor.java:1134)
        at java.util.concurrent.ThreadPoolExecutor$Worker.run(ThreadPoolExecutor.java:624)
        at java.lang.Thread.run(Thread.java:750)
"Session-HouseKeeper-114fa25b-1"  prio=5 tid=314 timed_waiting
java.lang.Thread.State: TIMED_WAITING
        at sun.misc.Unsafe.park(Native Method)
        at java.util.concurrent.locks.LockSupport.parkNanos(LockSupport.java:215)
        at java.util.concurrent.locks.AbstractQueuedSynchronizer$ConditionObject.awaitNanos(AbstractQueuedSynchronizer.java:2078)
        at java.util.concurrent.ScheduledThreadPoolExecutor$DelayedWorkQueue.take(ScheduledThreadPoolExecutor.java:1093)
        at java.util.concurrent.ScheduledThreadPoolExecutor$DelayedWorkQueue.take(ScheduledThreadPoolExecutor.java:809)
        at java.util.concurrent.ThreadPoolExecutor.getTask(ThreadPoolExecutor.java:1074)
        at java.util.concurrent.ThreadPoolExecutor.runWorker(ThreadPoolExecutor.java:1134)
        at java.util.concurrent.ThreadPoolExecutor$Worker.run(ThreadPoolExecutor.java:624)
        at java.lang.Thread.run(Thread.java:750)
"IPC Server handler 7 on default port 39185" daemon prio=5 tid=64 timed_waiting
java.lang.Thread.State: TIMED_WAITING
        at sun.misc.Unsafe.park(Native Method)
        at java.util.concurrent.locks.LockSupport.parkNanos(LockSupport.java:215)
        at java.util.concurrent.locks.AbstractQueuedSynchronizer$ConditionObject.awaitNanos(AbstractQueuedSynchronizer.java:2078)
        at java.util.concurrent.LinkedBlockingQueue.poll(LinkedBlockingQueue.java:467)
        at org.apache.hadoop.ipc.CallQueueManager.take(CallQueueManager.java:317)
        at org.apache.hadoop.ipc.Server$Handler.run(Server.java:2942)
"96fa30cc-cc01-4af1-a161-c10c2afc2f22@group-A1ACF68524AB-LeaderStateImpl" daemon prio=5 tid=683 timed_waiting
java.lang.Thread.State: TIMED_WAITING
        at sun.misc.Unsafe.park(Native Method)
        at java.util.concurrent.locks.LockSupport.parkNanos(LockSupport.java:215)
        at java.util.concurrent.locks.AbstractQueuedSynchronizer$ConditionObject.awaitNanos(AbstractQueuedSynchronizer.java:2078)
        at java.util.concurrent.ArrayBlockingQueue.poll(ArrayBlockingQueue.java:418)
        at org.apache.ratis.server.impl.LeaderStateImpl$EventQueue.poll(LeaderStateImpl.java:159)
        at org.apache.ratis.server.impl.LeaderStateImpl$EventProcessor.run(LeaderStateImpl.java:630)
"pool-187-thread-1"  prio=5 tid=610 in Object.wait()
java.lang.Thread.State: WAITING (on object monitor)
        at sun.misc.Unsafe.park(Native Method)
        at java.util.concurrent.locks.LockSupport.park(LockSupport.java:175)
        at java.util.concurrent.locks.AbstractQueuedSynchronizer$ConditionObject.await(AbstractQueuedSynchronizer.java:2039)
        at java.util.concurrent.LinkedBlockingQueue.take(LinkedBlockingQueue.java:442)
        at java.util.concurrent.ThreadPoolExecutor.getTask(ThreadPoolExecutor.java:1074)
        at java.util.concurrent.ThreadPoolExecutor.runWorker(ThreadPoolExecutor.java:1134)
        at java.util.concurrent.ThreadPoolExecutor$Worker.run(ThreadPoolExecutor.java:624)
        at java.lang.Thread.run(Thread.java:750)
"qtp2113440138-203" daemon prio=5 tid=203 timed_waiting
java.lang.Thread.State: TIMED_WAITING
        at sun.misc.Unsafe.park(Native Method)
        at java.util.concurrent.locks.LockSupport.parkNanos(LockSupport.java:215)
        at java.util.concurrent.locks.AbstractQueuedSynchronizer$ConditionObject.awaitNanos(AbstractQueuedSynchronizer.java:2078)
        at org.eclipse.jetty.util.BlockingArrayQueue.poll(BlockingArrayQueue.java:382)
        at org.eclipse.jetty.util.thread.QueuedThreadPool$Runner.idleJobPoll(QueuedThreadPool.java:974)
        at org.eclipse.jetty.util.thread.QueuedThreadPool$Runner.run(QueuedThreadPool.java:1018)
        at java.lang.Thread.run(Thread.java:750)
"qtp2041292819-104" daemon prio=5 tid=104 timed_waiting
java.lang.Thread.State: TIMED_WAITING
        at sun.misc.Unsafe.park(Native Method)
        at java.util.concurrent.locks.LockSupport.parkNanos(LockSupport.java:215)
        at java.util.concurrent.locks.AbstractQueuedSynchronizer$ConditionObject.awaitNanos(AbstractQueuedSynchronizer.java:2078)
        at org.eclipse.jetty.util.BlockingArrayQueue.poll(BlockingArrayQueue.java:382)
        at org.eclipse.jetty.util.thread.QueuedThreadPool$Runner.idleJobPoll(QueuedThreadPool.java:974)
        at org.eclipse.jetty.util.thread.QueuedThreadPool$Runner.run(QueuedThreadPool.java:1018)
        at java.lang.Thread.run(Thread.java:750)
"ChunkWriter-3-0" daemon prio=5 tid=494 in Object.wait()
java.lang.Thread.State: WAITING (on object monitor)
        at sun.misc.Unsafe.park(Native Method)
        at java.util.concurrent.locks.LockSupport.park(LockSupport.java:175)
        at java.util.concurrent.locks.AbstractQueuedSynchronizer$ConditionObject.await(AbstractQueuedSynchronizer.java:2039)
        at java.util.concurrent.LinkedBlockingDeque.takeFirst(LinkedBlockingDeque.java:492)
        at java.util.concurrent.LinkedBlockingDeque.take(LinkedBlockingDeque.java:680)
        at java.util.concurrent.ThreadPoolExecutor.getTask(ThreadPoolExecutor.java:1074)
        at java.util.concurrent.ThreadPoolExecutor.runWorker(ThreadPoolExecutor.java:1134)
        at java.util.concurrent.ThreadPoolExecutor$Worker.run(ThreadPoolExecutor.java:624)
        at java.lang.Thread.run(Thread.java:750)
"Datanode State Machine Daemon Thread" daemon prio=5 tid=237 timed_waiting
java.lang.Thread.State: TIMED_WAITING
        at java.lang.Thread.sleep(Native Method)
        at org.apache.hadoop.ozone.container.common.statemachine.DatanodeStateMachine.startStateMachineThread(DatanodeStateMachine.java:313)
        at org.apache.hadoop.ozone.container.common.statemachine.DatanodeStateMachine.lambda$startDaemon$0(DatanodeStateMachine.java:493)
        at org.apache.hadoop.ozone.container.common.statemachine.DatanodeStateMachine$$Lambda$745/2059952062.run(Unknown Source)
        at java.lang.Thread.run(Thread.java:750)
"EventQueue-NodeRegistrationContainerReportForDataNodeSafeModeRule" daemon prio=5 tid=504 in Object.wait()
java.lang.Thread.State: WAITING (on object monitor)
        at sun.misc.Unsafe.park(Native Method)
        at java.util.concurrent.locks.LockSupport.park(LockSupport.java:175)
        at java.util.concurrent.locks.AbstractQueuedSynchronizer$ConditionObject.await(AbstractQueuedSynchronizer.java:2039)
        at java.util.concurrent.LinkedBlockingQueue.take(LinkedBlockingQueue.java:442)
        at java.util.concurrent.ThreadPoolExecutor.getTask(ThreadPoolExecutor.java:1074)
        at java.util.concurrent.ThreadPoolExecutor.runWorker(ThreadPoolExecutor.java:1134)
        at java.util.concurrent.ThreadPoolExecutor$Worker.run(ThreadPoolExecutor.java:624)
        at java.lang.Thread.run(Thread.java:750)
"qtp831797965-383" daemon prio=5 tid=383 timed_waiting
java.lang.Thread.State: TIMED_WAITING
        at sun.misc.Unsafe.park(Native Method)
        at java.util.concurrent.locks.LockSupport.parkNanos(LockSupport.java:215)
        at java.util.concurrent.locks.AbstractQueuedSynchronizer$ConditionObject.awaitNanos(AbstractQueuedSynchronizer.java:2078)
        at org.eclipse.jetty.util.BlockingArrayQueue.poll(BlockingArrayQueue.java:382)
        at org.eclipse.jetty.util.thread.QueuedThreadPool$Runner.idleJobPoll(QueuedThreadPool.java:974)
        at org.eclipse.jetty.util.thread.QueuedThreadPool$Runner.run(QueuedThreadPool.java:1018)
        at java.lang.Thread.run(Thread.java:750)
"qtp1344224377-142" daemon prio=5 tid=142 timed_waiting
java.lang.Thread.State: TIMED_WAITING
        at sun.misc.Unsafe.park(Native Method)
        at java.util.concurrent.locks.LockSupport.parkNanos(LockSupport.java:215)
        at java.util.concurrent.locks.AbstractQueuedSynchronizer$ConditionObject.awaitNanos(AbstractQueuedSynchronizer.java:2078)
        at org.eclipse.jetty.util.BlockingArrayQueue.poll(BlockingArrayQueue.java:382)
        at org.eclipse.jetty.util.thread.QueuedThreadPool$Runner.idleJobPoll(QueuedThreadPool.java:974)
        at org.eclipse.jetty.util.thread.QueuedThreadPool$Runner.run(QueuedThreadPool.java:1018)
        at java.lang.Thread.run(Thread.java:750)
"PartialTableCache Cleanup Thread - 0" daemon prio=5 tid=751 in Object.wait()
java.lang.Thread.State: WAITING (on object monitor)
        at sun.misc.Unsafe.park(Native Method)
        at java.util.concurrent.locks.LockSupport.park(LockSupport.java:175)
        at java.util.concurrent.locks.AbstractQueuedSynchronizer$ConditionObject.await(AbstractQueuedSynchronizer.java:2039)
        at java.util.concurrent.LinkedBlockingQueue.take(LinkedBlockingQueue.java:442)
        at java.util.concurrent.ThreadPoolExecutor.getTask(ThreadPoolExecutor.java:1074)
        at java.util.concurrent.ThreadPoolExecutor.runWorker(ThreadPoolExecutor.java:1134)
        at java.util.concurrent.ThreadPoolExecutor$Worker.run(ThreadPoolExecutor.java:624)
        at java.lang.Thread.run(Thread.java:750)
"96fa30cc-cc01-4af1-a161-c10c2afc2f22@group-A1ACF68524AB->9e7e10a2-763a-4a15-b149-6c921096d1eb-GrpcLogAppender-LogAppenderDaemon" daemon prio=5 tid=685 timed_waiting
java.lang.Thread.State: TIMED_WAITING
        at sun.misc.Unsafe.park(Native Method)
        at java.util.concurrent.locks.LockSupport.parkNanos(LockSupport.java:215)
        at java.util.concurrent.CompletableFuture$Signaller.block(CompletableFuture.java:1709)
        at java.util.concurrent.ForkJoinPool.managedBlock(ForkJoinPool.java:3323)
        at java.util.concurrent.CompletableFuture.timedGet(CompletableFuture.java:1788)
        at java.util.concurrent.CompletableFuture.get(CompletableFuture.java:1928)
        at org.apache.ratis.util.AwaitForSignal.await(AwaitForSignal.java:56)
        at org.apache.ratis.grpc.server.GrpcLogAppender.mayWait(GrpcLogAppender.java:198)
        at org.apache.ratis.grpc.server.GrpcLogAppender.run(GrpcLogAppender.java:148)
        at org.apache.ratis.server.leader.LogAppenderDaemon.run(LogAppenderDaemon.java:78)
        at org.apache.ratis.server.leader.LogAppenderDaemon$$Lambda$1033/840492825.run(Unknown Source)
        at java.lang.Thread.run(Thread.java:750)
"BlockDeletingService#2" daemon prio=5 tid=834 in Object.wait()
java.lang.Thread.State: WAITING (on object monitor)
        at sun.misc.Unsafe.park(Native Method)
        at java.util.concurrent.locks.LockSupport.park(LockSupport.java:175)
        at java.util.concurrent.locks.AbstractQueuedSynchronizer$ConditionObject.await(AbstractQueuedSynchronizer.java:2039)
        at java.util.concurrent.ScheduledThreadPoolExecutor$DelayedWorkQueue.take(ScheduledThreadPoolExecutor.java:1088)
        at java.util.concurrent.ScheduledThreadPoolExecutor$DelayedWorkQueue.take(ScheduledThreadPoolExecutor.java:809)
        at java.util.concurrent.ThreadPoolExecutor.getTask(ThreadPoolExecutor.java:1074)
        at java.util.concurrent.ThreadPoolExecutor.runWorker(ThreadPoolExecutor.java:1134)
        at java.util.concurrent.ThreadPoolExecutor$Worker.run(ThreadPoolExecutor.java:624)
        at java.lang.Thread.run(Thread.java:750)
"qtp382867004-228" daemon prio=5 tid=228 runnable
java.lang.Thread.State: RUNNABLE
        at sun.nio.ch.EPollArrayWrapper.epollWait(Native Method)
        at sun.nio.ch.EPollArrayWrapper.poll(EPollArrayWrapper.java:269)
        at sun.nio.ch.EPollSelectorImpl.doSelect(EPollSelectorImpl.java:93)
        at sun.nio.ch.SelectorImpl.lockAndDoSelect(SelectorImpl.java:86)
        at sun.nio.ch.SelectorImpl.select(SelectorImpl.java:97)
        at sun.nio.ch.SelectorImpl.select(SelectorImpl.java:101)
        at org.eclipse.jetty.io.ManagedSelector.nioSelect(ManagedSelector.java:183)
        at org.eclipse.jetty.io.ManagedSelector.select(ManagedSelector.java:190)
        at org.eclipse.jetty.io.ManagedSelector$SelectorProducer.select(ManagedSelector.java:606)
        at org.eclipse.jetty.io.ManagedSelector$SelectorProducer.produce(ManagedSelector.java:543)
        at org.eclipse.jetty.util.thread.strategy.EatWhatYouKill.produceTask(EatWhatYouKill.java:362)
        at org.eclipse.jetty.util.thread.strategy.EatWhatYouKill.doProduce(EatWhatYouKill.java:186)
        at org.eclipse.jetty.util.thread.strategy.EatWhatYouKill.tryProduce(EatWhatYouKill.java:173)
        at org.eclipse.jetty.util.thread.strategy.EatWhatYouKill.produce(EatWhatYouKill.java:137)
        at org.eclipse.jetty.io.ManagedSelector$$Lambda$443/1383931873.run(Unknown Source)
        at org.eclipse.jetty.util.thread.QueuedThreadPool.runJob(QueuedThreadPool.java:883)
        at org.eclipse.jetty.util.thread.QueuedThreadPool$Runner.run(QueuedThreadPool.java:1034)
        at java.lang.Thread.run(Thread.java:750)
"StaleRecoveringContainerScrubbingService#0" daemon prio=5 tid=448 in Object.wait()
java.lang.Thread.State: WAITING (on object monitor)
        at sun.misc.Unsafe.park(Native Method)
        at java.util.concurrent.locks.LockSupport.park(LockSupport.java:175)
        at java.util.concurrent.locks.AbstractQueuedSynchronizer$ConditionObject.await(AbstractQueuedSynchronizer.java:2039)
        at java.util.concurrent.ScheduledThreadPoolExecutor$DelayedWorkQueue.take(ScheduledThreadPoolExecutor.java:1088)
        at java.util.concurrent.ScheduledThreadPoolExecutor$DelayedWorkQueue.take(ScheduledThreadPoolExecutor.java:809)
        at java.util.concurrent.ThreadPoolExecutor.getTask(ThreadPoolExecutor.java:1074)
        at java.util.concurrent.ThreadPoolExecutor.runWorker(ThreadPoolExecutor.java:1134)
        at java.util.concurrent.ThreadPoolExecutor$Worker.run(ThreadPoolExecutor.java:624)
        at java.lang.Thread.run(Thread.java:750)
"IPC Server handler 2 on default port 39185" daemon prio=5 tid=59 timed_waiting
java.lang.Thread.State: TIMED_WAITING
        at sun.misc.Unsafe.park(Native Method)
        at java.util.concurrent.locks.LockSupport.parkNanos(LockSupport.java:215)
        at java.util.concurrent.locks.AbstractQueuedSynchronizer$ConditionObject.awaitNanos(AbstractQueuedSynchronizer.java:2078)
        at java.util.concurrent.LinkedBlockingQueue.poll(LinkedBlockingQueue.java:467)
        at org.apache.hadoop.ipc.CallQueueManager.take(CallQueueManager.java:317)
        at org.apache.hadoop.ipc.Server$Handler.run(Server.java:2942)
"f675d99d-517f-4d8a-bd29-886eede0250d@group-2E358FAA1E41->2de491c0-1905-4845-ada7-2a3c171f2066-GrpcLogAppender-LogAppenderDaemon" daemon prio=5 tid=754 timed_waiting
java.lang.Thread.State: TIMED_WAITING
        at sun.misc.Unsafe.park(Native Method)
        at java.util.concurrent.locks.LockSupport.parkNanos(LockSupport.java:215)
        at java.util.concurrent.CompletableFuture$Signaller.block(CompletableFuture.java:1709)
        at java.util.concurrent.ForkJoinPool.managedBlock(ForkJoinPool.java:3323)
        at java.util.concurrent.CompletableFuture.timedGet(CompletableFuture.java:1788)
        at java.util.concurrent.CompletableFuture.get(CompletableFuture.java:1928)
        at org.apache.ratis.util.AwaitForSignal.await(AwaitForSignal.java:56)
        at org.apache.ratis.grpc.server.GrpcLogAppender.mayWait(GrpcLogAppender.java:198)
        at org.apache.ratis.grpc.server.GrpcLogAppender.run(GrpcLogAppender.java:148)
        at org.apache.ratis.server.leader.LogAppenderDaemon.run(LogAppenderDaemon.java:78)
        at org.apache.ratis.server.leader.LogAppenderDaemon$$Lambda$1033/840492825.run(Unknown Source)
        at java.lang.Thread.run(Thread.java:750)
"EndpointStateMachine task thread for /0.0.0.0:46251 - 0 "  prio=5 tid=548 in Object.wait()
java.lang.Thread.State: WAITING (on object monitor)
        at sun.misc.Unsafe.park(Native Method)
        at java.util.concurrent.locks.LockSupport.park(LockSupport.java:175)
        at java.util.concurrent.locks.AbstractQueuedSynchronizer$ConditionObject.await(AbstractQueuedSynchronizer.java:2039)
        at java.util.concurrent.LinkedBlockingQueue.take(LinkedBlockingQueue.java:442)
        at java.util.concurrent.ThreadPoolExecutor.getTask(ThreadPoolExecutor.java:1074)
        at java.util.concurrent.ThreadPoolExecutor.runWorker(ThreadPoolExecutor.java:1134)
        at java.util.concurrent.ThreadPoolExecutor$Worker.run(ThreadPoolExecutor.java:624)
        at java.lang.Thread.run(Thread.java:750)
"IPC Server handler 4 on default port 40043" daemon prio=5 tid=148 timed_waiting
java.lang.Thread.State: TIMED_WAITING
        at sun.misc.Unsafe.park(Native Method)
        at java.util.concurrent.locks.LockSupport.parkNanos(LockSupport.java:215)
        at java.util.concurrent.locks.AbstractQueuedSynchronizer$ConditionObject.awaitNanos(AbstractQueuedSynchronizer.java:2078)
        at java.util.concurrent.LinkedBlockingQueue.poll(LinkedBlockingQueue.java:467)
        at org.apache.hadoop.ipc.CallQueueManager.take(CallQueueManager.java:317)
        at org.apache.hadoop.ipc.Server$Handler.run(Server.java:2942)
"qtp159394830-309" daemon prio=5 tid=309 timed_waiting
java.lang.Thread.State: TIMED_WAITING
        at sun.misc.Unsafe.park(Native Method)
        at java.util.concurrent.locks.LockSupport.parkNanos(LockSupport.java:215)
        at java.util.concurrent.locks.AbstractQueuedSynchronizer$ConditionObject.awaitNanos(AbstractQueuedSynchronizer.java:2078)
        at org.eclipse.jetty.util.BlockingArrayQueue.poll(BlockingArrayQueue.java:382)
        at org.eclipse.jetty.util.thread.QueuedThreadPool$Runner.idleJobPoll(QueuedThreadPool.java:974)
        at org.eclipse.jetty.util.thread.QueuedThreadPool$Runner.run(QueuedThreadPool.java:1018)
        at java.lang.Thread.run(Thread.java:750)
"ChunkReader-ELG-0" daemon prio=5 tid=496 runnable
java.lang.Thread.State: RUNNABLE
        at org.apache.ratis.thirdparty.io.netty.channel.epoll.Native.epollWait(Native Method)
        at org.apache.ratis.thirdparty.io.netty.channel.epoll.Native.epollWait(Native.java:209)
        at org.apache.ratis.thirdparty.io.netty.channel.epoll.Native.epollWait(Native.java:202)
        at org.apache.ratis.thirdparty.io.netty.channel.epoll.EpollEventLoop.epollWaitNoTimerChange(EpollEventLoop.java:294)
        at org.apache.ratis.thirdparty.io.netty.channel.epoll.EpollEventLoop.run(EpollEventLoop.java:351)
        at org.apache.ratis.thirdparty.io.netty.util.concurrent.SingleThreadEventExecutor$4.run(SingleThreadEventExecutor.java:995)
        at org.apache.ratis.thirdparty.io.netty.util.internal.ThreadExecutorMap$2.run(ThreadExecutorMap.java:74)
        at java.lang.Thread.run(Thread.java:750)
"ChunkWriter-3-0" daemon prio=5 tid=473 in Object.wait()
java.lang.Thread.State: WAITING (on object monitor)
        at sun.misc.Unsafe.park(Native Method)
        at java.util.concurrent.locks.LockSupport.park(LockSupport.java:175)
        at java.util.concurrent.locks.AbstractQueuedSynchronizer$ConditionObject.await(AbstractQueuedSynchronizer.java:2039)
        at java.util.concurrent.LinkedBlockingDeque.takeFirst(LinkedBlockingDeque.java:492)
        at java.util.concurrent.LinkedBlockingDeque.take(LinkedBlockingDeque.java:680)
        at java.util.concurrent.ThreadPoolExecutor.getTask(ThreadPoolExecutor.java:1074)
        at java.util.concurrent.ThreadPoolExecutor.runWorker(ThreadPoolExecutor.java:1134)
        at java.util.concurrent.ThreadPoolExecutor$Worker.run(ThreadPoolExecutor.java:624)
        at java.lang.Thread.run(Thread.java:750)
"qtp159394830-307-acceptor-0@17460f2b-ServerConnector@7408e122{HTTP/1.1, (http/1.1)}{0.0.0.0:45455}" daemon prio=3 tid=307 runnable
java.lang.Thread.State: RUNNABLE
        at sun.nio.ch.ServerSocketChannelImpl.accept0(Native Method)
        at sun.nio.ch.ServerSocketChannelImpl.accept(ServerSocketChannelImpl.java:421)
        at sun.nio.ch.ServerSocketChannelImpl.accept(ServerSocketChannelImpl.java:249)
        at org.eclipse.jetty.server.ServerConnector.accept(ServerConnector.java:388)
        at org.eclipse.jetty.server.AbstractConnector$Acceptor.run(AbstractConnector.java:702)
        at org.eclipse.jetty.util.thread.QueuedThreadPool.runJob(QueuedThreadPool.java:883)
        at org.eclipse.jetty.util.thread.QueuedThreadPool$Runner.run(QueuedThreadPool.java:1034)
        at java.lang.Thread.run(Thread.java:750)
"org.apache.hadoop.util.JvmPauseMonitor$Monitor@1e65539d" daemon prio=5 tid=218 timed_waiting
java.lang.Thread.State: TIMED_WAITING
        at java.lang.Thread.sleep(Native Method)
        at org.apache.hadoop.util.JvmPauseMonitor$Monitor.run(JvmPauseMonitor.java:192)
        at java.lang.Thread.run(Thread.java:750)
"Datanode ReportManager Thread - 4" daemon prio=5 tid=485 timed_waiting
java.lang.Thread.State: TIMED_WAITING
        at sun.misc.Unsafe.park(Native Method)
        at java.util.concurrent.locks.LockSupport.parkNanos(LockSupport.java:215)
        at java.util.concurrent.locks.AbstractQueuedSynchronizer$ConditionObject.awaitNanos(AbstractQueuedSynchronizer.java:2078)
        at java.util.concurrent.ScheduledThreadPoolExecutor$DelayedWorkQueue.take(ScheduledThreadPoolExecutor.java:1093)
        at java.util.concurrent.ScheduledThreadPoolExecutor$DelayedWorkQueue.take(ScheduledThreadPoolExecutor.java:809)
        at java.util.concurrent.ThreadPoolExecutor.getTask(ThreadPoolExecutor.java:1074)
        at java.util.concurrent.ThreadPoolExecutor.runWorker(ThreadPoolExecutor.java:1134)
        at java.util.concurrent.ThreadPoolExecutor$Worker.run(ThreadPoolExecutor.java:624)
        at java.lang.Thread.run(Thread.java:750)
"2de491c0-1905-4845-ada7-2a3c171f2066@group-ADE01F2A5737-SegmentedRaftLogWorker"  prio=5 tid=635 timed_waiting
java.lang.Thread.State: TIMED_WAITING
        at sun.misc.Unsafe.park(Native Method)
        at java.util.concurrent.locks.LockSupport.parkNanos(LockSupport.java:215)
        at java.util.concurrent.locks.AbstractQueuedSynchronizer$ConditionObject.awaitNanos(AbstractQueuedSynchronizer.java:2078)
        at org.apache.ratis.util.DataBlockingQueue.poll(DataBlockingQueue.java:148)
        at org.apache.ratis.server.raftlog.segmented.SegmentedRaftLogWorker.run(SegmentedRaftLogWorker.java:310)
        at org.apache.ratis.server.raftlog.segmented.SegmentedRaftLogWorker$$Lambda$661/1265419919.run(Unknown Source)
        at java.lang.Thread.run(Thread.java:750)
"JvmPauseMonitor3" daemon prio=5 tid=411 timed_waiting
java.lang.Thread.State: TIMED_WAITING
        at java.lang.Thread.sleep(Native Method)
        at java.lang.Thread.sleep(Thread.java:342)
        at java.util.concurrent.TimeUnit.sleep(TimeUnit.java:386)
        at org.apache.ratis.util.TimeDuration.sleep(TimeDuration.java:325)
        at org.apache.ratis.util.TimeDuration.sleep(TimeDuration.java:310)
        at org.apache.ratis.util.JvmPauseMonitor.detectPause(JvmPauseMonitor.java:119)
        at org.apache.ratis.util.JvmPauseMonitor.run(JvmPauseMonitor.java:108)
        at org.apache.ratis.util.JvmPauseMonitor$$Lambda$702/1594456416.run(Unknown Source)
        at java.lang.Thread.run(Thread.java:750)
"IPC Server handler 12 on default port 38247" daemon prio=5 tid=49 timed_waiting
java.lang.Thread.State: TIMED_WAITING
        at sun.misc.Unsafe.park(Native Method)
        at java.util.concurrent.locks.LockSupport.parkNanos(LockSupport.java:215)
        at java.util.concurrent.locks.AbstractQueuedSynchronizer$ConditionObject.awaitNanos(AbstractQueuedSynchronizer.java:2078)
        at java.util.concurrent.LinkedBlockingQueue.poll(LinkedBlockingQueue.java:467)
        at org.apache.hadoop.ipc.CallQueueManager.take(CallQueueManager.java:317)
        at org.apache.hadoop.ipc.Server$Handler.run(Server.java:2942)
"Datanode State Machine Daemon Thread" daemon prio=5 tid=480 timed_waiting
java.lang.Thread.State: TIMED_WAITING
        at java.lang.Thread.sleep(Native Method)
        at org.apache.hadoop.ozone.container.common.statemachine.DatanodeStateMachine.startStateMachineThread(DatanodeStateMachine.java:313)
        at org.apache.hadoop.ozone.container.common.statemachine.DatanodeStateMachine.lambda$startDaemon$0(DatanodeStateMachine.java:493)
        at org.apache.hadoop.ozone.container.common.statemachine.DatanodeStateMachine$$Lambda$745/2059952062.run(Unknown Source)
        at java.lang.Thread.run(Thread.java:750)
"Socket Reader #1 for port 0"  prio=5 tid=24 runnable
java.lang.Thread.State: RUNNABLE
        at sun.nio.ch.EPollArrayWrapper.epollWait(Native Method)
        at sun.nio.ch.EPollArrayWrapper.poll(EPollArrayWrapper.java:269)
        at sun.nio.ch.EPollSelectorImpl.doSelect(EPollSelectorImpl.java:93)
        at sun.nio.ch.SelectorImpl.lockAndDoSelect(SelectorImpl.java:86)
        at sun.nio.ch.SelectorImpl.select(SelectorImpl.java:97)
        at sun.nio.ch.SelectorImpl.select(SelectorImpl.java:101)
        at org.apache.hadoop.ipc.Server$Listener$Reader.doRunLoop(Server.java:1296)
        at org.apache.hadoop.ipc.Server$Listener$Reader.run(Server.java:1275)
"f675d99d-517f-4d8a-bd29-886eede0250d@group-2E358FAA1E41->c61245f4-0084-4810-95a5-490d20dc424d-GrpcLogAppender-LogAppenderDaemon" daemon prio=5 tid=753 timed_waiting
java.lang.Thread.State: TIMED_WAITING
        at sun.misc.Unsafe.park(Native Method)
        at java.util.concurrent.locks.LockSupport.parkNanos(LockSupport.java:215)
        at java.util.concurrent.CompletableFuture$Signaller.block(CompletableFuture.java:1709)
        at java.util.concurrent.ForkJoinPool.managedBlock(ForkJoinPool.java:3323)
        at java.util.concurrent.CompletableFuture.timedGet(CompletableFuture.java:1788)
        at java.util.concurrent.CompletableFuture.get(CompletableFuture.java:1928)
        at org.apache.ratis.util.AwaitForSignal.await(AwaitForSignal.java:56)
        at org.apache.ratis.grpc.server.GrpcLogAppender.mayWait(GrpcLogAppender.java:198)
        at org.apache.ratis.grpc.server.GrpcLogAppender.run(GrpcLogAppender.java:148)
        at org.apache.ratis.server.leader.LogAppenderDaemon.run(LogAppenderDaemon.java:78)
        at org.apache.ratis.server.leader.LogAppenderDaemon$$Lambda$1033/840492825.run(Unknown Source)
        at java.lang.Thread.run(Thread.java:750)
"qtp902495413-260" daemon prio=5 tid=260 timed_waiting
java.lang.Thread.State: TIMED_WAITING
        at sun.misc.Unsafe.park(Native Method)
        at java.util.concurrent.locks.LockSupport.parkNanos(LockSupport.java:215)
        at java.util.concurrent.locks.AbstractQueuedSynchronizer$ConditionObject.awaitNanos(AbstractQueuedSynchronizer.java:2078)
        at org.eclipse.jetty.util.BlockingArrayQueue.poll(BlockingArrayQueue.java:382)
        at org.eclipse.jetty.util.thread.QueuedThreadPool$Runner.idleJobPoll(QueuedThreadPool.java:974)
        at org.eclipse.jetty.util.thread.QueuedThreadPool$Runner.run(QueuedThreadPool.java:1018)
        at java.lang.Thread.run(Thread.java:750)
"qtp382867004-231" daemon prio=5 tid=231 timed_waiting
java.lang.Thread.State: TIMED_WAITING
        at sun.misc.Unsafe.park(Native Method)
        at java.util.concurrent.locks.LockSupport.parkNanos(LockSupport.java:215)
        at java.util.concurrent.locks.AbstractQueuedSynchronizer$ConditionObject.awaitNanos(AbstractQueuedSynchronizer.java:2078)
        at org.eclipse.jetty.util.BlockingArrayQueue.poll(BlockingArrayQueue.java:382)
        at org.eclipse.jetty.util.thread.QueuedThreadPool$Runner.idleJobPoll(QueuedThreadPool.java:974)
        at org.eclipse.jetty.util.thread.QueuedThreadPool$Runner.run(QueuedThreadPool.java:1018)
        at java.lang.Thread.run(Thread.java:750)
"IPC Server handler 19 on default port 38247" daemon prio=5 tid=56 timed_waiting
java.lang.Thread.State: TIMED_WAITING
        at sun.misc.Unsafe.park(Native Method)
        at java.util.concurrent.locks.LockSupport.parkNanos(LockSupport.java:215)
        at java.util.concurrent.locks.AbstractQueuedSynchronizer$ConditionObject.awaitNanos(AbstractQueuedSynchronizer.java:2078)
        at java.util.concurrent.LinkedBlockingQueue.poll(LinkedBlockingQueue.java:467)
        at org.apache.hadoop.ipc.CallQueueManager.take(CallQueueManager.java:317)
        at org.apache.hadoop.ipc.Server$Handler.run(Server.java:2942)
"qtp1130529378-460-acceptor-0@e836646-ServerConnector@2322d697{HTTP/1.1, (http/1.1)}{0.0.0.0:39979}" daemon prio=3 tid=460 runnable
java.lang.Thread.State: RUNNABLE
        at sun.nio.ch.ServerSocketChannelImpl.accept0(Native Method)
        at sun.nio.ch.ServerSocketChannelImpl.accept(ServerSocketChannelImpl.java:421)
        at sun.nio.ch.ServerSocketChannelImpl.accept(ServerSocketChannelImpl.java:249)
        at org.eclipse.jetty.server.ServerConnector.accept(ServerConnector.java:388)
        at org.eclipse.jetty.server.AbstractConnector$Acceptor.run(AbstractConnector.java:702)
        at org.eclipse.jetty.util.thread.QueuedThreadPool.runJob(QueuedThreadPool.java:883)
        at org.eclipse.jetty.util.thread.QueuedThreadPool$Runner.run(QueuedThreadPool.java:1034)
        at java.lang.Thread.run(Thread.java:750)
"IPC Server handler 7 on default port 46251" daemon prio=5 tid=84 timed_waiting
java.lang.Thread.State: TIMED_WAITING
        at sun.misc.Unsafe.park(Native Method)
        at java.util.concurrent.locks.LockSupport.parkNanos(LockSupport.java:215)
        at java.util.concurrent.locks.AbstractQueuedSynchronizer$ConditionObject.awaitNanos(AbstractQueuedSynchronizer.java:2078)
        at java.util.concurrent.LinkedBlockingQueue.poll(LinkedBlockingQueue.java:467)
        at org.apache.hadoop.ipc.CallQueueManager.take(CallQueueManager.java:317)
        at org.apache.hadoop.ipc.Server$Handler.run(Server.java:2942)
"c61245f4-0084-4810-95a5-490d20dc424d-server-thread3" daemon prio=5 tid=743 timed_waiting
java.lang.Thread.State: TIMED_WAITING
        at sun.misc.Unsafe.park(Native Method)
        at java.util.concurrent.locks.LockSupport.parkNanos(LockSupport.java:215)
        at java.util.concurrent.SynchronousQueue$TransferStack.awaitFulfill(SynchronousQueue.java:460)
        at java.util.concurrent.SynchronousQueue$TransferStack.transfer(SynchronousQueue.java:362)
        at java.util.concurrent.SynchronousQueue.poll(SynchronousQueue.java:941)
        at java.util.concurrent.ThreadPoolExecutor.getTask(ThreadPoolExecutor.java:1073)
        at java.util.concurrent.ThreadPoolExecutor.runWorker(ThreadPoolExecutor.java:1134)
        at java.util.concurrent.ThreadPoolExecutor$Worker.run(ThreadPoolExecutor.java:624)
        at java.lang.Thread.run(Thread.java:750)
"ChunkWriter-0-0" daemon prio=5 tid=525 in Object.wait()
java.lang.Thread.State: WAITING (on object monitor)
        at sun.misc.Unsafe.park(Native Method)
        at java.util.concurrent.locks.LockSupport.park(LockSupport.java:175)
        at java.util.concurrent.locks.AbstractQueuedSynchronizer$ConditionObject.await(AbstractQueuedSynchronizer.java:2039)
        at java.util.concurrent.LinkedBlockingDeque.takeFirst(LinkedBlockingDeque.java:492)
        at java.util.concurrent.LinkedBlockingDeque.take(LinkedBlockingDeque.java:680)
        at java.util.concurrent.ThreadPoolExecutor.getTask(ThreadPoolExecutor.java:1074)
        at java.util.concurrent.ThreadPoolExecutor.runWorker(ThreadPoolExecutor.java:1134)
        at java.util.concurrent.ThreadPoolExecutor$Worker.run(ThreadPoolExecutor.java:624)
        at java.lang.Thread.run(Thread.java:750)
"Datanode ReportManager Thread - 1" daemon prio=5 tid=434 in Object.wait()
java.lang.Thread.State: WAITING (on object monitor)
        at sun.misc.Unsafe.park(Native Method)
        at java.util.concurrent.locks.LockSupport.park(LockSupport.java:175)
        at java.util.concurrent.locks.AbstractQueuedSynchronizer$ConditionObject.await(AbstractQueuedSynchronizer.java:2039)
        at java.util.concurrent.ScheduledThreadPoolExecutor$DelayedWorkQueue.take(ScheduledThreadPoolExecutor.java:1088)
        at java.util.concurrent.ScheduledThreadPoolExecutor$DelayedWorkQueue.take(ScheduledThreadPoolExecutor.java:809)
        at java.util.concurrent.ThreadPoolExecutor.getTask(ThreadPoolExecutor.java:1074)
        at java.util.concurrent.ThreadPoolExecutor.runWorker(ThreadPoolExecutor.java:1134)
        at java.util.concurrent.ThreadPoolExecutor$Worker.run(ThreadPoolExecutor.java:624)
        at java.lang.Thread.run(Thread.java:750)
"Datanode ReportManager Thread - 1" daemon prio=5 tid=265 timed_waiting
java.lang.Thread.State: TIMED_WAITING
        at sun.misc.Unsafe.park(Native Method)
        at java.util.concurrent.locks.LockSupport.parkNanos(LockSupport.java:215)
        at java.util.concurrent.locks.AbstractQueuedSynchronizer$ConditionObject.awaitNanos(AbstractQueuedSynchronizer.java:2078)
        at java.util.concurrent.ScheduledThreadPoolExecutor$DelayedWorkQueue.take(ScheduledThreadPoolExecutor.java:1093)
        at java.util.concurrent.ScheduledThreadPoolExecutor$DelayedWorkQueue.take(ScheduledThreadPoolExecutor.java:809)
        at java.util.concurrent.ThreadPoolExecutor.getTask(ThreadPoolExecutor.java:1074)
        at java.util.concurrent.ThreadPoolExecutor.runWorker(ThreadPoolExecutor.java:1134)
        at java.util.concurrent.ThreadPoolExecutor$Worker.run(ThreadPoolExecutor.java:624)
        at java.lang.Thread.run(Thread.java:750)
"Datanode ReportManager Thread - 1" daemon prio=5 tid=213 timed_waiting
java.lang.Thread.State: TIMED_WAITING
        at sun.misc.Unsafe.park(Native Method)
        at java.util.concurrent.locks.LockSupport.parkNanos(LockSupport.java:215)
        at java.util.concurrent.locks.AbstractQueuedSynchronizer$ConditionObject.awaitNanos(AbstractQueuedSynchronizer.java:2078)
        at java.util.concurrent.ScheduledThreadPoolExecutor$DelayedWorkQueue.take(ScheduledThreadPoolExecutor.java:1093)
        at java.util.concurrent.ScheduledThreadPoolExecutor$DelayedWorkQueue.take(ScheduledThreadPoolExecutor.java:809)
        at java.util.concurrent.ThreadPoolExecutor.getTask(ThreadPoolExecutor.java:1074)
        at java.util.concurrent.ThreadPoolExecutor.runWorker(ThreadPoolExecutor.java:1134)
        at java.util.concurrent.ThreadPoolExecutor$Worker.run(ThreadPoolExecutor.java:624)
        at java.lang.Thread.run(Thread.java:750)
"ChunkWriter-3-0" daemon prio=5 tid=376 in Object.wait()
java.lang.Thread.State: WAITING (on object monitor)
        at sun.misc.Unsafe.park(Native Method)
        at java.util.concurrent.locks.LockSupport.park(LockSupport.java:175)
        at java.util.concurrent.locks.AbstractQueuedSynchronizer$ConditionObject.await(AbstractQueuedSynchronizer.java:2039)
        at java.util.concurrent.LinkedBlockingDeque.takeFirst(LinkedBlockingDeque.java:492)
        at java.util.concurrent.LinkedBlockingDeque.take(LinkedBlockingDeque.java:680)
        at java.util.concurrent.ThreadPoolExecutor.getTask(ThreadPoolExecutor.java:1074)
        at java.util.concurrent.ThreadPoolExecutor.runWorker(ThreadPoolExecutor.java:1134)
        at java.util.concurrent.ThreadPoolExecutor$Worker.run(ThreadPoolExecutor.java:624)
        at java.lang.Thread.run(Thread.java:750)
"Datanode ReportManager Thread - 1" daemon prio=5 tid=185 in Object.wait()
java.lang.Thread.State: WAITING (on object monitor)
        at sun.misc.Unsafe.park(Native Method)
        at java.util.concurrent.locks.LockSupport.park(LockSupport.java:175)
        at java.util.concurrent.locks.AbstractQueuedSynchronizer$ConditionObject.await(AbstractQueuedSynchronizer.java:2039)
        at java.util.concurrent.ScheduledThreadPoolExecutor$DelayedWorkQueue.take(ScheduledThreadPoolExecutor.java:1088)
        at java.util.concurrent.ScheduledThreadPoolExecutor$DelayedWorkQueue.take(ScheduledThreadPoolExecutor.java:809)
        at java.util.concurrent.ThreadPoolExecutor.getTask(ThreadPoolExecutor.java:1074)
        at java.util.concurrent.ThreadPoolExecutor.runWorker(ThreadPoolExecutor.java:1134)
        at java.util.concurrent.ThreadPoolExecutor$Worker.run(ThreadPoolExecutor.java:624)
        at java.lang.Thread.run(Thread.java:750)
"96fa30cc-cc01-4af1-a161-c10c2afc2f22@group-A1ACF68524AB-StateMachineUpdater" daemon prio=5 tid=568 timed_waiting
java.lang.Thread.State: TIMED_WAITING
        at sun.misc.Unsafe.park(Native Method)
        at java.util.concurrent.locks.LockSupport.parkNanos(LockSupport.java:215)
        at java.util.concurrent.CompletableFuture$Signaller.block(CompletableFuture.java:1709)
        at java.util.concurrent.ForkJoinPool.managedBlock(ForkJoinPool.java:3323)
        at java.util.concurrent.CompletableFuture.timedGet(CompletableFuture.java:1788)
        at java.util.concurrent.CompletableFuture.get(CompletableFuture.java:1928)
        at org.apache.ratis.util.AwaitForSignal.await(AwaitForSignal.java:56)
        at org.apache.ratis.server.impl.StateMachineUpdater.waitForCommit(StateMachineUpdater.java:207)
        at org.apache.ratis.server.impl.StateMachineUpdater.run(StateMachineUpdater.java:176)
        at java.lang.Thread.run(Thread.java:750)
"qtp831797965-379-acceptor-0@39f228fa-ServerConnector@596340ec{HTTP/1.1, (http/1.1)}{0.0.0.0:43651}" daemon prio=3 tid=379 runnable
java.lang.Thread.State: RUNNABLE
        at sun.nio.ch.ServerSocketChannelImpl.accept0(Native Method)
        at sun.nio.ch.ServerSocketChannelImpl.accept(ServerSocketChannelImpl.java:421)
        at sun.nio.ch.ServerSocketChannelImpl.accept(ServerSocketChannelImpl.java:249)
        at org.eclipse.jetty.server.ServerConnector.accept(ServerConnector.java:388)
        at org.eclipse.jetty.server.AbstractConnector$Acceptor.run(AbstractConnector.java:702)
        at org.eclipse.jetty.util.thread.QueuedThreadPool.runJob(QueuedThreadPool.java:883)
        at org.eclipse.jetty.util.thread.QueuedThreadPool$Runner.run(QueuedThreadPool.java:1034)
        at java.lang.Thread.run(Thread.java:750)
"pool-164-thread-1"  prio=5 tid=616 in Object.wait()
java.lang.Thread.State: WAITING (on object monitor)
        at sun.misc.Unsafe.park(Native Method)
        at java.util.concurrent.locks.LockSupport.park(LockSupport.java:175)
        at java.util.concurrent.locks.AbstractQueuedSynchronizer$ConditionObject.await(AbstractQueuedSynchronizer.java:2039)
        at java.util.concurrent.LinkedBlockingQueue.take(LinkedBlockingQueue.java:442)
        at java.util.concurrent.ThreadPoolExecutor.getTask(ThreadPoolExecutor.java:1074)
        at java.util.concurrent.ThreadPoolExecutor.runWorker(ThreadPoolExecutor.java:1134)
        at java.util.concurrent.ThreadPoolExecutor$Worker.run(ThreadPoolExecutor.java:624)
        at java.lang.Thread.run(Thread.java:750)


	at org.apache.ozone.test.GenericTestUtils.waitFor(GenericTestUtils.java:224)
	at org.apache.hadoop.ozone.container.TestECContainerRecovery.waitForContainerCount(TestECContainerRecovery.java:265)
	at org.apache.hadoop.ozone.container.TestECContainerRecovery.testContainerRecoveryOverReplicationProcessing(TestECContainerRecovery.java:209)
	at sun.reflect.NativeMethodAccessorImpl.invoke0(Native Method)
	at sun.reflect.NativeMethodAccessorImpl.invoke(NativeMethodAccessorImpl.java:62)
	at sun.reflect.DelegatingMethodAccessorImpl.invoke(DelegatingMethodAccessorImpl.java:43)
	at java.lang.reflect.Method.invoke(Method.java:498)
	at org.junit.platform.commons.util.ReflectionUtils.invokeMethod(ReflectionUtils.java:725)
	at org.junit.jupiter.engine.execution.MethodInvocation.proceed(MethodInvocation.java:60)
	at org.junit.jupiter.engine.execution.InvocationInterceptorChain$ValidatingInvocation.proceed(InvocationInterceptorChain.java:131)
	at org.junit.jupiter.engine.extension.TimeoutExtension.intercept(TimeoutExtension.java:149)
	at org.junit.jupiter.engine.extension.TimeoutExtension.interceptTestableMethod(TimeoutExtension.java:140)
	at org.junit.jupiter.engine.extension.TimeoutExtension.interceptTestMethod(TimeoutExtension.java:84)
	at org.junit.jupiter.engine.execution.ExecutableInvoker$ReflectiveInterceptorCall.lambda$ofVoidMethod$0(ExecutableInvoker.java:115)
	at org.junit.jupiter.engine.execution.ExecutableInvoker.lambda$invoke$0(ExecutableInvoker.java:105)
	at org.junit.jupiter.engine.execution.InvocationInterceptorChain$InterceptedInvocation.proceed(InvocationInterceptorChain.java:106)
	at org.junit.jupiter.engine.execution.InvocationInterceptorChain.proceed(InvocationInterceptorChain.java:64)
	at org.junit.jupiter.engine.execution.InvocationInterceptorChain.chainAndInvoke(InvocationInterceptorChain.java:45)
	at org.junit.jupiter.engine.execution.InvocationInterceptorChain.invoke(InvocationInterceptorChain.java:37)
	at org.junit.jupiter.engine.execution.ExecutableInvoker.invoke(ExecutableInvoker.java:104)
	at org.junit.jupiter.engine.execution.ExecutableInvoker.invoke(ExecutableInvoker.java:98)
	at org.junit.jupiter.engine.descriptor.TestMethodTestDescriptor.lambda$invokeTestMethod$7(TestMethodTestDescriptor.java:214)
	at org.junit.platform.engine.support.hierarchical.ThrowableCollector.execute(ThrowableCollector.java:73)
	at org.junit.jupiter.engine.descriptor.TestMethodTestDescriptor.invokeTestMethod(TestMethodTestDescriptor.java:210)
	at org.junit.jupiter.engine.descriptor.TestMethodTestDescriptor.execute(TestMethodTestDescriptor.java:135)
	at org.junit.jupiter.engine.descriptor.TestMethodTestDescriptor.execute(TestMethodTestDescriptor.java:66)
	at org.junit.platform.engine.support.hierarchical.NodeTestTask.lambda$executeRecursively$6(NodeTestTask.java:151)
	at org.junit.platform.engine.support.hierarchical.ThrowableCollector.execute(ThrowableCollector.java:73)
	at org.junit.platform.engine.support.hierarchical.NodeTestTask.lambda$executeRecursively$8(NodeTestTask.java:141)
	at org.junit.platform.engine.support.hierarchical.Node.around(Node.java:137)
	at org.junit.platform.engine.support.hierarchical.NodeTestTask.lambda$executeRecursively$9(NodeTestTask.java:139)
	at org.junit.platform.engine.support.hierarchical.ThrowableCollector.execute(ThrowableCollector.java:73)
	at org.junit.platform.engine.support.hierarchical.NodeTestTask.executeRecursively(NodeTestTask.java:138)
	at org.junit.platform.engine.support.hierarchical.NodeTestTask.execute(NodeTestTask.java:95)
	at java.util.ArrayList.forEach(ArrayList.java:1259)
	at org.junit.platform.engine.support.hierarchical.SameThreadHierarchicalTestExecutorService.invokeAll(SameThreadHierarchicalTestExecutorService.java:41)
	at org.junit.platform.engine.support.hierarchical.NodeTestTask.lambda$executeRecursively$6(NodeTestTask.java:155)
	at org.junit.platform.engine.support.hierarchical.ThrowableCollector.execute(ThrowableCollector.java:73)
	at org.junit.platform.engine.support.hierarchical.NodeTestTask.lambda$executeRecursively$8(NodeTestTask.java:141)
	at org.junit.platform.engine.support.hierarchical.Node.around(Node.java:137)
	at org.junit.platform.engine.support.hierarchical.NodeTestTask.lambda$executeRecursively$9(NodeTestTask.java:139)
	at org.junit.platform.engine.support.hierarchical.ThrowableCollector.execute(ThrowableCollector.java:73)
	at org.junit.platform.engine.support.hierarchical.NodeTestTask.executeRecursively(NodeTestTask.java:138)
	at org.junit.platform.engine.support.hierarchical.NodeTestTask.execute(NodeTestTask.java:95)
	at java.util.ArrayList.forEach(ArrayList.java:1259)
	at org.junit.platform.engine.support.hierarchical.SameThreadHierarchicalTestExecutorService.invokeAll(SameThreadHierarchicalTestExecutorService.java:41)
	at org.junit.platform.engine.support.hierarchical.NodeTestTask.lambda$executeRecursively$6(NodeTestTask.java:155)
	at org.junit.platform.engine.support.hierarchical.ThrowableCollector.execute(ThrowableCollector.java:73)
	at org.junit.platform.engine.support.hierarchical.NodeTestTask.lambda$executeRecursively$8(NodeTestTask.java:141)
	at org.junit.platform.engine.support.hierarchical.Node.around(Node.java:137)
	at org.junit.platform.engine.support.hierarchical.NodeTestTask.lambda$executeRecursively$9(NodeTestTask.java:139)
	at org.junit.platform.engine.support.hierarchical.ThrowableCollector.execute(ThrowableCollector.java:73)
	at org.junit.platform.engine.support.hierarchical.NodeTestTask.executeRecursively(NodeTestTask.java:138)
	at org.junit.platform.engine.support.hierarchical.NodeTestTask.execute(NodeTestTask.java:95)
	at org.junit.platform.engine.support.hierarchical.SameThreadHierarchicalTestExecutorService.submit(SameThreadHierarchicalTestExecutorService.java:35)
	at org.junit.platform.engine.support.hierarchical.HierarchicalTestExecutor.execute(HierarchicalTestExecutor.java:57)
	at org.junit.platform.engine.support.hierarchical.HierarchicalTestEngine.execute(HierarchicalTestEngine.java:54)
	at org.junit.platform.launcher.core.EngineExecutionOrchestrator.execute(EngineExecutionOrchestrator.java:107)
	at org.junit.platform.launcher.core.EngineExecutionOrchestrator.execute(EngineExecutionOrchestrator.java:88)
	at org.junit.platform.launcher.core.EngineExecutionOrchestrator.lambda$execute$0(EngineExecutionOrchestrator.java:54)
	at org.junit.platform.launcher.core.EngineExecutionOrchestrator.withInterceptedStreams(EngineExecutionOrchestrator.java:67)
	at org.junit.platform.launcher.core.EngineExecutionOrchestrator.execute(EngineExecutionOrchestrator.java:52)
	at org.junit.platform.launcher.core.DefaultLauncher.execute(DefaultLauncher.java:114)
	at org.junit.platform.launcher.core.DefaultLauncher.execute(DefaultLauncher.java:86)
	at org.junit.platform.launcher.core.DefaultLauncherSession$DelegatingLauncher.execute(DefaultLauncherSession.java:86)
	at org.junit.platform.launcher.core.SessionPerRequestLauncher.execute(SessionPerRequestLauncher.java:53)
	at org.apache.maven.surefire.junitplatform.JUnitPlatformProvider.execute(JUnitPlatformProvider.java:188)
	at org.apache.maven.surefire.junitplatform.JUnitPlatformProvider.invokeAllTests(JUnitPlatformProvider.java:154)
	at org.apache.maven.surefire.junitplatform.JUnitPlatformProvider.invoke(JUnitPlatformProvider.java:124)
	at org.apache.maven.surefire.booter.ForkedBooter.runSuitesInProcess(ForkedBooter.java:428)
	at org.apache.maven.surefire.booter.ForkedBooter.execute(ForkedBooter.java:162)
	at org.apache.maven.surefire.booter.ForkedBooter.run(ForkedBooter.java:562)
	at org.apache.maven.surefire.booter.ForkedBooter.main(ForkedBooter.java:548)
]]></error>
    <system-out><![CDATA[2022-10-19 08:45:00,972 [main] WARN  server.ServerUtils (ServerUtils.java:getScmDbDir(148)) - ozone.scm.db.dirs is not configured. We recommend adding this setting. Falling back to ozone.metadata.dirs instead.
2022-10-19 08:45:01,064 [main] WARN  server.ServerUtils (ServerUtils.java:getScmDbDir(148)) - ozone.scm.db.dirs is not configured. We recommend adding this setting. Falling back to ozone.metadata.dirs instead.
2022-10-19 08:45:01,068 [main] INFO  ha.SCMHANodeDetails (SCMHANodeDetails.java:loadSCMHAConfig(209)) - ServiceID for StorageContainerManager is null
2022-10-19 08:45:01,079 [main] WARN  ha.SCMHANodeDetails (SCMHANodeDetails.java:validateSCMHAConfig(182)) - Invalid config ozone.scm.ratis.enable. The config was not specified, but the default value true conflicts with the expected config value false. Falling back to the expected value. Current State of SCM: SCM is running in Non-HA without Ratis Ratis SCM -> Non Ratis SCM or Non HA SCM -> HA SCM is not supported
2022-10-19 08:45:01,079 [main] INFO  ha.SCMHANodeDetails (SCMHANodeDetails.java:loadSCMHAConfig(214)) - ozone.scm.default.service.id is not defined, falling back to ozone.scm.service.ids to find serviceID for StorageContainerManager if it is HA enabled cluster
2022-10-19 08:45:01,660 [main] WARN  utils.HAUtils (HAUtils.java:getMetaDir(342)) - ozone.scm.db.dirs is not configured. We recommend adding this setting. Falling back to ozone.metadata.dirs instead.
2022-10-19 08:45:01,819 [main] WARN  db.DBStoreBuilder (DBStoreBuilder.java:applyDBDefinition(144)) - ozone.scm.db.dirs is not configured. We recommend adding this setting. Falling back to ozone.metadata.dirs instead.
2022-10-19 08:45:02,168 [main] INFO  net.NodeSchemaLoader (NodeSchemaLoader.java:loadSchemaFromFile(129)) - Loading schema from [jar:file:/home/runner/.m2/repository/org/apache/ozone/hdds-common/1.3.0-SNAPSHOT/hdds-common-1.3.0-SNAPSHOT.jar!/network-topology-default.xml]
2022-10-19 08:45:02,170 [main] INFO  net.NodeSchemaLoader (NodeSchemaLoader.java:loadSchema(176)) - Loading network topology layer schema file
2022-10-19 08:45:02,210 [main] INFO  metrics.MetricRegistries (MetricRegistriesLoader.java:load(64)) - Loaded MetricRegistries class org.apache.ratis.metrics.impl.MetricRegistriesImpl
2022-10-19 08:45:02,216 [main] INFO  upgrade.AbstractLayoutVersionManager (AbstractLayoutVersionManager.java:init(83)) - Initializing Layout version manager with metadata layout = DATANODE_SCHEMA_V3 (version = 4), software layout = DATANODE_SCHEMA_V3 (version = 4)
2022-10-19 08:45:02,413 [main] INFO  reflections.Reflections (Reflections.java:scan(232)) - Reflections took 130 ms to scan 7 urls, producing 137 keys and 328 values 
2022-10-19 08:45:02,515 [main] INFO  ha.SequenceIdGenerator (SequenceIdGenerator.java:upgradeToSequenceId(349)) - upgrade localId to 109611004723200000
2022-10-19 08:45:02,516 [main] INFO  ha.SequenceIdGenerator (SequenceIdGenerator.java:upgradeToSequenceId(359)) - upgrade delTxnId to 0
2022-10-19 08:45:02,519 [main] INFO  ha.SequenceIdGenerator (SequenceIdGenerator.java:upgradeToSequenceId(376)) - upgrade containerId to 0
2022-10-19 08:45:02,522 [main] INFO  ha.SequenceIdGenerator (SequenceIdGenerator.java:<init>(220)) - Init the HA SequenceIdGenerator.
2022-10-19 08:45:02,561 [main] WARN  server.ServerUtils (ServerUtils.java:sanitizeUserArgs(67)) - ozone.scm.stale.node.interval value = 1000 is smaller than min = 3000 based on the key value of hdds.heartbeat.interval, reset to the min value 3000.
2022-10-19 08:45:02,562 [main] WARN  server.ServerUtils (ServerUtils.java:sanitizeUserArgs(67)) - ozone.scm.stale.node.interval value = 1000 is smaller than min = 3000 based on the key value of hdds.heartbeat.interval, reset to the min value 3000.
2022-10-19 08:45:02,562 [main] WARN  server.ServerUtils (ServerUtils.java:sanitizeUserArgs(67)) - ozone.scm.dead.node.interval value = 1000 is smaller than min = 6000 based on the key value of ozone.scm.stale.node.interval, reset to the min value 6000.
2022-10-19 08:45:02,568 [main] INFO  node.SCMNodeManager (SCMNodeManager.java:<init>(149)) - Entering startup safe mode.
2022-10-19 08:45:02,634 [main] INFO  algorithms.ContainerPlacementPolicyFactory (ContainerPlacementPolicyFactory.java:getPolicyInternal(86)) - Create container placement policy of type org.apache.hadoop.hdds.scm.container.placement.algorithms.SCMContainerPlacementRandom
2022-10-19 08:45:02,637 [main] INFO  algorithms.ContainerPlacementPolicyFactory (ContainerPlacementPolicyFactory.java:getPolicyInternal(86)) - Create container placement policy of type org.apache.hadoop.hdds.scm.container.placement.algorithms.SCMContainerPlacementRackScatter
2022-10-19 08:45:02,670 [main] INFO  pipeline.PipelineStateManagerImpl (PipelineStateManagerImpl.java:initialize(78)) - No pipeline exists in current db
2022-10-19 08:45:02,712 [main] INFO  algorithms.LeaderChoosePolicyFactory (LeaderChoosePolicyFactory.java:getPolicy(57)) - Create leader choose policy of type org.apache.hadoop.hdds.scm.pipeline.leader.choose.algorithms.MinLeaderCountChoosePolicy
2022-10-19 08:45:02,712 [main] INFO  algorithms.ContainerPlacementPolicyFactory (ContainerPlacementPolicyFactory.java:getPolicyInternal(86)) - Create container placement policy of type org.apache.hadoop.hdds.scm.container.placement.algorithms.SCMContainerPlacementRackScatter
2022-10-19 08:45:02,721 [main] INFO  ha.SCMServiceManager (SCMServiceManager.java:register(42)) - Registering service BackgroundPipelineCreator.
2022-10-19 08:45:02,721 [main] INFO  pipeline.BackgroundPipelineCreator (BackgroundPipelineCreator.java:start(124)) - Starting RatisPipelineUtilsThread.
2022-10-19 08:45:02,726 [main] INFO  BackgroundPipelineScrubber (BackgroundSCMService.java:start(68)) - Starting BackgroundPipelineScrubber Service.
2022-10-19 08:45:02,728 [main] INFO  ha.SCMServiceManager (SCMServiceManager.java:register(42)) - Registering service BackgroundPipelineScrubber.
2022-10-19 08:45:02,736 [main] INFO  ExpiredContainerReplicaOpScrubber (BackgroundSCMService.java:start(68)) - Starting ExpiredContainerReplicaOpScrubber Service.
2022-10-19 08:45:02,736 [main] INFO  ha.SCMServiceManager (SCMServiceManager.java:register(42)) - Registering service ExpiredContainerReplicaOpScrubber.
2022-10-19 08:45:02,792 [main] INFO  algorithms.PipelineChoosePolicyFactory (PipelineChoosePolicyFactory.java:createPipelineChoosePolicyFromClass(73)) - Create pipeline choose policy of type org.apache.hadoop.hdds.scm.pipeline.choose.algorithms.RandomPipelineChoosePolicy
2022-10-19 08:45:02,815 [main] INFO  ha.SCMServiceManager (SCMServiceManager.java:register(42)) - Registering service SCMBlockDeletingService.
2022-10-19 08:45:02,875 [main] INFO  replication.ReplicationManager (ReplicationManager.java:start(225)) - Starting Replication Monitor Thread.
2022-10-19 08:45:02,883 [main] INFO  ha.SCMServiceManager (SCMServiceManager.java:register(42)) - Registering service ReplicationManager.
2022-10-19 08:45:02,885 [ReplicationMonitor] INFO  replication.ReplicationManager (ReplicationManager.java:processAll(293)) - Replication Manager is not ready to run until 3000ms after safemode exit
2022-10-19 08:45:02,898 [main] INFO  safemode.ContainerSafeModeRule (ContainerSafeModeRule.java:<init>(89)) - containers with one replica threshold count 0
2022-10-19 08:45:02,902 [main] INFO  safemode.HealthyPipelineSafeModeRule (HealthyPipelineSafeModeRule.java:initializeRule(169)) - Total pipeline count is 0, healthy pipeline threshold count is 1
2022-10-19 08:45:02,911 [main] INFO  safemode.OneReplicaPipelineSafeModeRule (OneReplicaPipelineSafeModeRule.java:initializeRule(180)) - Total pipeline count is 0, pipeline's with at least one datanode reported threshold count is 0
2022-10-19 08:45:03,274 [main] INFO  audit.AuditLogger (AuditLogger.java:refreshDebugCmdSet(126)) - Refresh DebugCmdSet for SCMAudit to [].
2022-10-19 08:45:03,308 [main] INFO  ipc.CallQueueManager (CallQueueManager.java:<init>(90)) - Using callQueue: class java.util.concurrent.LinkedBlockingQueue, queueCapacity: 2000, scheduler: class org.apache.hadoop.ipc.DefaultRpcScheduler, ipcBackoff: false.
2022-10-19 08:45:03,350 [Socket Reader #1 for port 0] INFO  ipc.Server (Server.java:run(1273)) - Starting Socket Reader #1 for port 0
2022-10-19 08:45:03,420 [Listener at 0.0.0.0/46251] INFO  audit.AuditLogger (AuditLogger.java:refreshDebugCmdSet(126)) - Refresh DebugCmdSet for SCMAudit to [].
2022-10-19 08:45:03,430 [Listener at 0.0.0.0/46251] INFO  ipc.CallQueueManager (CallQueueManager.java:<init>(90)) - Using callQueue: class java.util.concurrent.LinkedBlockingQueue, queueCapacity: 2000, scheduler: class org.apache.hadoop.ipc.DefaultRpcScheduler, ipcBackoff: false.
2022-10-19 08:45:03,432 [Socket Reader #1 for port 0] INFO  ipc.Server (Server.java:run(1273)) - Starting Socket Reader #1 for port 0
2022-10-19 08:45:03,476 [Listener at 0.0.0.0/39185] INFO  audit.AuditLogger (AuditLogger.java:refreshDebugCmdSet(126)) - Refresh DebugCmdSet for SCMAudit to [].
2022-10-19 08:45:03,489 [Listener at 0.0.0.0/39185] INFO  ipc.CallQueueManager (CallQueueManager.java:<init>(90)) - Using callQueue: class java.util.concurrent.LinkedBlockingQueue, queueCapacity: 2000, scheduler: class org.apache.hadoop.ipc.DefaultRpcScheduler, ipcBackoff: false.
2022-10-19 08:45:03,491 [Socket Reader #1 for port 0] INFO  ipc.Server (Server.java:run(1273)) - Starting Socket Reader #1 for port 0
2022-10-19 08:45:03,569 [Listener at 0.0.0.0/38247] INFO  ha.SCMServiceManager (SCMServiceManager.java:register(42)) - Registering service ContainerBalancer.
2022-10-19 08:45:03,570 [Listener at 0.0.0.0/38247] INFO  server.StorageContainerManager (StorageContainerManager.java:<init>(410)) - 
Container Balancer status:
Key                            Value
Running                        true
Container Balancer Configuration values:
Key                                                Value
Threshold                                          10
Max Datanodes to Involve per Iteration(percent)    20
Max Size to Move per Iteration                     500GB
Max Size Entering Target per Iteration             26GB
Max Size Leaving Source per Iteration              26GB

2022-10-19 08:45:03,571 [Listener at 0.0.0.0/38247] WARN  events.EventQueue (EventQueue.java:fireEvent(216)) - No event handler registered for event TypedEvent{payloadType=SafeModeStatus, name='Safe mode status'}
2022-10-19 08:45:03,571 [Listener at 0.0.0.0/38247] INFO  ha.SCMContext (SCMContext.java:updateSafeModeStatus(228)) - Update SafeModeStatus from SafeModeStatus{safeModeStatus=true, preCheckPassed=false} to SafeModeStatus{safeModeStatus=true, preCheckPassed=false}.
2022-10-19 08:45:03,574 [Listener at 0.0.0.0/38247] INFO  server.StorageContainerManager (StorageContainerManager.java:start(1436)) - StorageContainerLocationProtocol RPC server is listening at /0.0.0.0:38247
2022-10-19 08:45:03,646 [Listener at 0.0.0.0/38247] WARN  impl.MetricsConfig (MetricsConfig.java:loadFirst(136)) - Cannot locate configuration: tried hadoop-metrics2-storagecontainermanager.properties,hadoop-metrics2.properties
2022-10-19 08:45:03,660 [Listener at 0.0.0.0/38247] INFO  impl.MetricsSystemImpl (MetricsSystemImpl.java:startTimer(378)) - Scheduled Metric snapshot period at 10 second(s).
2022-10-19 08:45:03,660 [Listener at 0.0.0.0/38247] INFO  impl.MetricsSystemImpl (MetricsSystemImpl.java:start(191)) - StorageContainerManager metrics system started
2022-10-19 08:45:04,001 [Listener at 0.0.0.0/38247] INFO  server.SCMClientProtocolServer (SCMClientProtocolServer.java:start(170)) - RPC server for Client  is listening at /0.0.0.0:38247
2022-10-19 08:45:04,003 [IPC Server Responder] INFO  ipc.Server (Server.java:run(1512)) - IPC Server Responder: starting
2022-10-19 08:45:04,004 [IPC Server listener on 0] INFO  ipc.Server (Server.java:run(1352)) - IPC Server listener on 0: starting
2022-10-19 08:45:04,008 [Listener at 0.0.0.0/38247] INFO  server.StorageContainerManager (StorageContainerManager.java:start(1451)) - ScmBlockLocationProtocol RPC server is listening at /0.0.0.0:39185
2022-10-19 08:45:04,009 [Listener at 0.0.0.0/38247] INFO  server.SCMBlockProtocolServer (SCMBlockProtocolServer.java:start(152)) - RPC server for Block Protocol is listening at /0.0.0.0:39185
2022-10-19 08:45:04,012 [IPC Server listener on 0] INFO  ipc.Server (Server.java:run(1352)) - IPC Server listener on 0: starting
2022-10-19 08:45:04,015 [Listener at 0.0.0.0/38247] INFO  server.SCMDatanodeProtocolServer (SCMDatanodeProtocolServer.java:start(186)) - ScmDatanodeProtocol RPC server for DataNodes is listening at /0.0.0.0:46251
2022-10-19 08:45:04,019 [IPC Server Responder] INFO  ipc.Server (Server.java:run(1512)) - IPC Server Responder: starting
2022-10-19 08:45:04,019 [IPC Server listener on 0] INFO  ipc.Server (Server.java:run(1352)) - IPC Server listener on 0: starting
2022-10-19 08:45:04,019 [IPC Server Responder] INFO  ipc.Server (Server.java:run(1512)) - IPC Server Responder: starting
2022-10-19 08:45:04,046 [org.apache.hadoop.util.JvmPauseMonitor$Monitor@1b82f62a] INFO  util.JvmPauseMonitor (JvmPauseMonitor.java:run(188)) - Starting JVM pause monitor
2022-10-19 08:45:04,067 [Listener at 0.0.0.0/38247] INFO  http.BaseHttpServer (BaseHttpServer.java:newHttpServer2BuilderForOzone(213)) - Starting Web-server for scm at: http://0.0.0.0:0
2022-10-19 08:45:04,067 [Listener at 0.0.0.0/38247] INFO  http.BaseHttpServer (BaseHttpServer.java:<init>(108)) - Hadoop Security Enabled: false Ozone Security Enabled: false Ozone HTTP Security Enabled: false 
2022-10-19 08:45:04,095 [Listener at 0.0.0.0/38247] INFO  util.log (Log.java:initialized(170)) - Logging initialized @4696ms to org.eclipse.jetty.util.log.Slf4jLog
2022-10-19 08:45:04,208 [Listener at 0.0.0.0/38247] WARN  server.AuthenticationFilter (AuthenticationFilter.java:constructSecretProvider(240)) - Unable to initialize FileSignerSecretProvider, falling back to use random secrets. Reason: Could not read signature secret file: /home/runner/hadoop-http-auth-signature-secret
2022-10-19 08:45:04,215 [Listener at 0.0.0.0/38247] WARN  http.HttpRequestLog (HttpRequestLog.java:getRequestLog(103)) - Jetty request log can only be enabled using Log4j
2022-10-19 08:45:04,222 [Listener at 0.0.0.0/38247] INFO  http.HttpServer2 (HttpServer2.java:addGlobalFilter(1031)) - Added global filter 'safety' (class=org.apache.hadoop.hdds.server.http.HttpServer2$QuotingInputFilter)
2022-10-19 08:45:04,224 [Listener at 0.0.0.0/38247] INFO  http.HttpServer2 (HttpServer2.java:addFilter(1007)) - Added filter static_user_filter (class=org.apache.hadoop.http.lib.StaticUserWebFilter$StaticUserFilter) to context scm
2022-10-19 08:45:04,225 [Listener at 0.0.0.0/38247] INFO  http.HttpServer2 (HttpServer2.java:addFilter(1015)) - Added filter static_user_filter (class=org.apache.hadoop.http.lib.StaticUserWebFilter$StaticUserFilter) to context static
2022-10-19 08:45:04,225 [Listener at 0.0.0.0/38247] INFO  http.HttpServer2 (HttpServer2.java:addFilter(1015)) - Added filter static_user_filter (class=org.apache.hadoop.http.lib.StaticUserWebFilter$StaticUserFilter) to context logs
2022-10-19 08:45:04,265 [Listener at 0.0.0.0/38247] INFO  http.HttpServer2 (HttpServer2.java:bindListener(1250)) - Jetty bound to port 41775
2022-10-19 08:45:04,267 [Listener at 0.0.0.0/38247] INFO  server.Server (Server.java:doStart(375)) - jetty-9.4.43.v20210629; built: 2021-06-30T11:07:22.254Z; git: 526006ecfa3af7f1a27ef3a288e2bef7ea9dd7e8; jvm 1.8.0_345-b01
2022-10-19 08:45:04,297 [Listener at 0.0.0.0/38247] INFO  server.session (DefaultSessionIdManager.java:doStart(334)) - DefaultSessionIdManager workerName=node0
2022-10-19 08:45:04,298 [Listener at 0.0.0.0/38247] INFO  server.session (DefaultSessionIdManager.java:doStart(339)) - No SessionScavenger set, using defaults
2022-10-19 08:45:04,300 [Listener at 0.0.0.0/38247] INFO  server.session (HouseKeeper.java:startScavenging(132)) - node0 Scavenging every 600000ms
2022-10-19 08:45:04,312 [Listener at 0.0.0.0/38247] INFO  handler.ContextHandler (ContextHandler.java:doStart(915)) - Started o.e.j.s.ServletContextHandler@23909b3{logs,/logs,file:///home/runner/work/ozone/ozone/hadoop-ozone/integration-test/target/log,AVAILABLE}
2022-10-19 08:45:04,313 [Listener at 0.0.0.0/38247] INFO  handler.ContextHandler (ContextHandler.java:doStart(915)) - Started o.e.j.s.ServletContextHandler@14980819{static,/static,file:///home/runner/work/ozone/ozone/hadoop-ozone/integration-test/target/test-classes/webapps/static,AVAILABLE}
2022-10-19 08:45:04,357 [Listener at 0.0.0.0/38247] INFO  handler.ContextHandler (ContextHandler.java:doStart(915)) - Started o.e.j.w.WebAppContext@30a5a58d{scm,/,file:///home/runner/work/ozone/ozone/hadoop-ozone/integration-test/target/test-classes/webapps/scm/,AVAILABLE}{file:/home/runner/work/ozone/ozone/hadoop-ozone/integration-test/target/test-classes/webapps/scm}
2022-10-19 08:45:04,370 [Listener at 0.0.0.0/38247] INFO  server.AbstractConnector (AbstractConnector.java:doStart(331)) - Started ServerConnector@3c65f2e1{HTTP/1.1, (http/1.1)}{0.0.0.0:41775}
2022-10-19 08:45:04,370 [Listener at 0.0.0.0/38247] INFO  server.Server (Server.java:doStart(415)) - Started @4972ms
2022-10-19 08:45:04,375 [Listener at 0.0.0.0/38247] INFO  impl.MetricsSinkAdapter (MetricsSinkAdapter.java:start(204)) - Sink prometheus started
2022-10-19 08:45:04,375 [Listener at 0.0.0.0/38247] INFO  impl.MetricsSystemImpl (MetricsSystemImpl.java:registerSink(305)) - Registered sink prometheus
2022-10-19 08:45:04,376 [Listener at 0.0.0.0/38247] INFO  http.BaseHttpServer (BaseHttpServer.java:updateConnectorAddress(333)) - HTTP server of scm listening at http://0.0.0.0:41775
2022-10-19 08:45:04,378 [Listener at 0.0.0.0/38247] WARN  server.ServerUtils (ServerUtils.java:getDBPath(225)) - ozone.om.db.dirs is not configured. We recommend adding this setting. Falling back to ozone.metadata.dirs instead.
2022-10-19 08:45:04,441 [Listener at 0.0.0.0/38247] INFO  audit.AuditLogger (AuditLogger.java:refreshDebugCmdSet(126)) - Refresh DebugCmdSet for OMAudit to [].
2022-10-19 08:45:04,545 [Listener at 0.0.0.0/38247] INFO  ha.OMHANodeDetails (OMHANodeDetails.java:loadOMHAConfig(115)) - ozone.om.internal.service.id is not defined, falling back to ozone.om.service.ids to find serviceID for OzoneManager if it is HA enabled cluster
2022-10-19 08:45:04,549 [Listener at 0.0.0.0/38247] INFO  ha.OMHANodeDetails (OMHANodeDetails.java:loadOMHAConfig(226)) - Configuration does not have ozone.om.address set. Falling back to the default OM address /127.0.0.1:0
2022-10-19 08:45:04,549 [Listener at 0.0.0.0/38247] INFO  ha.OMHANodeDetails (OMHANodeDetails.java:getOMNodeDetailsForNonHA(254)) - OM Service ID is not set. Setting it to the default ID: omServiceIdDefault
2022-10-19 08:45:04,549 [Listener at 0.0.0.0/38247] INFO  ha.OMHANodeDetails (OMHANodeDetails.java:getOMNodeDetailsForNonHA(261)) - OM Node ID is not set. Setting it to the default ID: om1
2022-10-19 08:45:04,553 [Listener at 0.0.0.0/38247] WARN  server.ServerUtils (ServerUtils.java:getDBPath(225)) - ozone.om.db.dirs is not configured. We recommend adding this setting. Falling back to ozone.metadata.dirs instead.
2022-10-19 08:45:04,555 [Listener at 0.0.0.0/38247] INFO  upgrade.AbstractLayoutVersionManager (AbstractLayoutVersionManager.java:init(83)) - Initializing Layout version manager with metadata layout = MULTITENANCY_SCHEMA (version = 3), software layout = MULTITENANCY_SCHEMA (version = 3)
2022-10-19 08:45:04,649 [Listener at 0.0.0.0/38247] INFO  reflections.Reflections (Reflections.java:scan(232)) - Reflections took 88 ms to scan 2 urls, producing 154 keys and 428 values [using 2 cores]
2022-10-19 08:45:04,654 [Listener at 0.0.0.0/38247] INFO  upgrade.OMLayoutVersionManager (OMLayoutVersionManager.java:lambda$0(115)) - Skipping Upgrade Action MockOmUpgradeAction since it has been finalized.
2022-10-19 08:45:04,655 [Listener at 0.0.0.0/38247] WARN  server.ServerUtils (ServerUtils.java:getDBPath(225)) - ozone.om.db.dirs is not configured. We recommend adding this setting. Falling back to ozone.metadata.dirs instead.
2022-10-19 08:45:04,834 [Listener at 0.0.0.0/38247] INFO  proxy.SCMBlockLocationFailoverProxyProvider (SCMBlockLocationFailoverProxyProvider.java:<init>(114)) - Created block location fail-over proxy with 1 nodes: [nodeId=scmNodeId,nodeAddress=/0.0.0.0:39185]
2022-10-19 08:45:04,867 [Listener at 0.0.0.0/38247] INFO  proxy.SCMBlockLocationFailoverProxyProvider (SCMBlockLocationFailoverProxyProvider.java:<init>(114)) - Created block location fail-over proxy with 1 nodes: [nodeId=scmNodeId,nodeAddress=/0.0.0.0:39185]
2022-10-19 08:45:05,077 [Listener at 0.0.0.0/38247] WARN  server.ServerUtils (ServerUtils.java:getDBPath(225)) - ozone.om.db.dirs is not configured. We recommend adding this setting. Falling back to ozone.metadata.dirs instead.
2022-10-19 08:45:05,083 [Listener at 0.0.0.0/38247] INFO  codec.OmKeyInfoCodec (OmKeyInfoCodec.java:<init>(49)) - OmKeyInfoCodec ignorePipeline = true
2022-10-19 08:45:05,084 [Listener at 0.0.0.0/38247] INFO  codec.RepeatedOmKeyInfoCodec (RepeatedOmKeyInfoCodec.java:<init>(41)) - RepeatedOmKeyInfoCodec ignorePipeline = true
2022-10-19 08:45:05,259 [Listener at 0.0.0.0/38247] INFO  om.OzoneManager (OzoneManager.java:instantiateServices(712)) - S3 Multi-Tenancy is disabled
2022-10-19 08:45:05,344 [Listener at 0.0.0.0/38247] INFO  om.OzoneManager (OzoneManager.java:addS3GVolumeToDB(4386)) - Created Volume s3v With Owner runner required for S3Gateway operations.
2022-10-19 08:45:05,425 [Listener at 0.0.0.0/38247] WARN  server.ServerUtils (ServerUtils.java:getDefaultRatisDirectory(237)) - Storage directory for Ratis is not configured. It is a good idea to map this to an SSD disk. Falling back to ozone.metadata.dirs
2022-10-19 08:45:05,426 [Listener at 0.0.0.0/38247] WARN  utils.OzoneManagerRatisUtils (OzoneManagerRatisUtils.java:getOMRatisSnapshotDirectory(434)) - ozone.om.ratis.snapshot.dir is not configured. Falling back to ozone.metadata.dirs config
2022-10-19 08:45:05,449 [Listener at 0.0.0.0/38247] WARN  server.ServerUtils (ServerUtils.java:getDefaultRatisDirectory(237)) - Storage directory for Ratis is not configured. It is a good idea to map this to an SSD disk. Falling back to ozone.metadata.dirs
2022-10-19 08:45:05,480 [Listener at 0.0.0.0/38247] INFO  ratis.OzoneManagerRatisServer (OzoneManagerRatisServer.java:<init>(160)) - Instantiating OM Ratis server with groupID: omServiceIdDefault and peers: localhost:9872
2022-10-19 08:45:05,489 [Listener at 0.0.0.0/38247] INFO  ratis.OzoneManagerStateMachine (OzoneManagerStateMachine.java:loadSnapshotInfoFromDB(636)) - LastAppliedIndex is set from TransactionInfo from OM DB as (t:0, i:~)
2022-10-19 08:45:05,541 [Listener at 0.0.0.0/38247] INFO  server.RaftServer (ConfUtils.java:logGet(46)) - raft.rpc.type = GRPC (default)
2022-10-19 08:45:05,638 [Listener at 0.0.0.0/38247] INFO  grpc.GrpcConfigKeys (ConfUtils.java:logFallback(53)) - raft.grpc.admin.host = null (fallback to raft.grpc.server.host)
2022-10-19 08:45:05,639 [Listener at 0.0.0.0/38247] INFO  grpc.GrpcConfigKeys (ConfUtils.java:logFallback(53)) - raft.grpc.admin.port = 9872 (fallback to raft.grpc.server.port)
2022-10-19 08:45:05,640 [Listener at 0.0.0.0/38247] INFO  grpc.GrpcConfigKeys (ConfUtils.java:logFallback(53)) - raft.grpc.client.host = null (fallback to raft.grpc.server.host)
2022-10-19 08:45:05,641 [Listener at 0.0.0.0/38247] INFO  grpc.GrpcConfigKeys (ConfUtils.java:logFallback(53)) - raft.grpc.client.port = 9872 (fallback to raft.grpc.server.port)
2022-10-19 08:45:05,641 [Listener at 0.0.0.0/38247] INFO  grpc.GrpcConfigKeys (ConfUtils.java:logGet(46)) - raft.grpc.server.host = null (default)
2022-10-19 08:45:05,641 [Listener at 0.0.0.0/38247] INFO  grpc.GrpcConfigKeys (ConfUtils.java:logGet(46)) - raft.grpc.server.port = 9872 (custom)
2022-10-19 08:45:05,642 [Listener at 0.0.0.0/38247] INFO  server.GrpcService (ConfUtils.java:logGet(46)) - raft.grpc.message.size.max = 33554432 (custom)
2022-10-19 08:45:05,643 [Listener at 0.0.0.0/38247] INFO  server.RaftServerConfigKeys (ConfUtils.java:logGet(46)) - raft.server.log.appender.buffer.byte-limit = 33554432 (custom)
2022-10-19 08:45:05,644 [Listener at 0.0.0.0/38247] INFO  server.GrpcService (ConfUtils.java:logGet(46)) - raft.grpc.flow.control.window = 1MB (=1048576) (default)
2022-10-19 08:45:05,644 [Listener at 0.0.0.0/38247] INFO  server.RaftServerConfigKeys (ConfUtils.java:logGet(46)) - raft.server.rpc.request.timeout = 3000ms (default)
2022-10-19 08:45:05,661 [Listener at 0.0.0.0/38247] INFO  grpc.GrpcConfigKeys (ConfUtils.java:logGet(46)) - raft.grpc.server.heartbeat.channel = true (default)
2022-10-19 08:45:05,664 [Listener at 0.0.0.0/38247] INFO  grpc.GrpcConfigKeys (ConfUtils.java:logGet(46)) - raft.grpc.server.async.request.thread.pool.cached = true (default)
2022-10-19 08:45:05,665 [Listener at 0.0.0.0/38247] INFO  grpc.GrpcConfigKeys (ConfUtils.java:logGet(46)) - raft.grpc.server.async.request.thread.pool.size = 32 (default)
2022-10-19 08:45:05,974 [Listener at 0.0.0.0/38247] INFO  impl.DataStreamServerImpl (ConfUtils.java:logGet(46)) - raft.datastream.type = DISABLED (default)
2022-10-19 08:45:05,978 [Listener at 0.0.0.0/38247] INFO  server.RaftServerConfigKeys (ConfUtils.java:logGet(46)) - raft.server.threadpool.proxy.cached = true (default)
2022-10-19 08:45:05,978 [Listener at 0.0.0.0/38247] INFO  server.RaftServerConfigKeys (ConfUtils.java:logGet(46)) - raft.server.threadpool.proxy.size = 0 (default)
2022-10-19 08:45:05,979 [Listener at 0.0.0.0/38247] INFO  server.RaftServerConfigKeys (ConfUtils.java:logGet(46)) - raft.server.rpc.slowness.timeout = 120s (custom)
2022-10-19 08:45:05,979 [Listener at 0.0.0.0/38247] INFO  server.RaftServerConfigKeys (ConfUtils.java:logGet(46)) - raft.server.leaderelection.leader.step-down.wait-time = 10s (default)
2022-10-19 08:45:05,983 [Listener at 0.0.0.0/38247] INFO  server.RaftServerConfigKeys (ConfUtils.java:logGet(46)) - raft.server.storage.dir = [/home/runner/work/ozone/ozone/hadoop-ozone/integration-test/target/test-dir/MiniOzoneClusterImpl-43a13940-e4af-4545-ab6e-e590eff1efbb/ozone-meta/ratis] (custom)
2022-10-19 08:45:05,992 [Listener at 0.0.0.0/38247] INFO  server.RaftServer (RaftServerProxy.java:addNew(96)) - om1: addNew group-C5BA1605619E:[om1|rpc:localhost:9872|priority:0|startupRole:FOLLOWER] returns group-C5BA1605619E:java.util.concurrent.CompletableFuture@1931223f[Not completed]
2022-10-19 08:45:05,992 [Listener at 0.0.0.0/38247] INFO  om.OzoneManager (OzoneManager.java:initializeRatisServer(1975)) - OzoneManager Ratis server initialized at port 9872
2022-10-19 08:45:06,021 [Listener at 0.0.0.0/38247] INFO  om.OzoneManager (OzoneManager.java:getRpcServer(1101)) - Creating RPC Server
2022-10-19 08:45:06,023 [pool-55-thread-1] INFO  server.RaftServer$Division (RaftServerImpl.java:<init>(195)) - om1: new RaftServerImpl for group-C5BA1605619E:[om1|rpc:localhost:9872|priority:0|startupRole:FOLLOWER] with OzoneManagerStateMachine:uninitialized
2022-10-19 08:45:06,027 [pool-55-thread-1] INFO  server.RaftServerConfigKeys (ConfUtils.java:logGet(46)) - raft.server.rpc.timeout.min = 1s (custom)
2022-10-19 08:45:06,027 [pool-55-thread-1] INFO  server.RaftServerConfigKeys (ConfUtils.java:logGet(46)) - raft.server.rpc.timeout.max = 1200ms (custom)
2022-10-19 08:45:06,028 [pool-55-thread-1] INFO  server.RaftServerConfigKeys (ConfUtils.java:logGet(46)) - raft.server.rpc.sleep.time = 25ms (default)
2022-10-19 08:45:06,028 [pool-55-thread-1] INFO  server.RaftServerConfigKeys (ConfUtils.java:logGet(46)) - raft.server.rpc.slowness.timeout = 120s (custom)
2022-10-19 08:45:06,028 [pool-55-thread-1] INFO  server.RaftServerConfigKeys (ConfUtils.java:logGet(46)) - raft.server.leaderelection.leader.step-down.wait-time = 10s (default)
2022-10-19 08:45:06,028 [pool-55-thread-1] INFO  server.RaftServerConfigKeys (ConfUtils.java:logGet(46)) - raft.server.sleep.deviation.threshold = 300ms (default)
2022-10-19 08:45:06,036 [pool-55-thread-1] INFO  server.RaftServer$Division (ServerState.java:<init>(118)) - om1@group-C5BA1605619E: ConfigurationManager, init=-1: peers:[om1|rpc:localhost:9872|priority:0|startupRole:FOLLOWER]|listeners:[], old=null, confs=<EMPTY_MAP>
2022-10-19 08:45:06,036 [pool-55-thread-1] INFO  server.RaftServerConfigKeys (ConfUtils.java:logGet(46)) - raft.server.storage.dir = [/home/runner/work/ozone/ozone/hadoop-ozone/integration-test/target/test-dir/MiniOzoneClusterImpl-43a13940-e4af-4545-ab6e-e590eff1efbb/ozone-meta/ratis] (custom)
2022-10-19 08:45:06,042 [pool-55-thread-1] INFO  server.RaftServerConfigKeys (ConfUtils.java:logGet(46)) - raft.server.log.corruption.policy = EXCEPTION (default)
2022-10-19 08:45:06,043 [pool-55-thread-1] INFO  server.RaftServerConfigKeys (ConfUtils.java:logGet(46)) - raft.server.storage.free-space.min = 0MB (=0) (default)
2022-10-19 08:45:06,050 [pool-55-thread-1] INFO  server.RaftServerConfigKeys (ConfUtils.java:logGet(46)) - raft.server.notification.no-leader.timeout = 120s (custom)
2022-10-19 08:45:06,052 [pool-55-thread-1] INFO  server.RaftServerConfigKeys (ConfUtils.java:logGet(46)) - raft.server.retrycache.expirytime = 300s (custom)
2022-10-19 08:45:06,053 [pool-55-thread-1] INFO  server.RaftServerConfigKeys (ConfUtils.java:logGet(46)) - raft.server.retrycache.statistics.expirytime = 100μs (default)
2022-10-19 08:45:06,244 [pool-55-thread-1] INFO  server.RaftServerConfigKeys (ConfUtils.java:logGet(46)) - raft.server.log.appender.install.snapshot.enabled = false (custom)
2022-10-19 08:45:06,245 [pool-55-thread-1] INFO  server.RaftServerConfigKeys (ConfUtils.java:logGet(46)) - raft.server.threadpool.server.cached = true (default)
2022-10-19 08:45:06,245 [pool-55-thread-1] INFO  server.RaftServerConfigKeys (ConfUtils.java:logGet(46)) - raft.server.threadpool.server.size = 0 (default)
2022-10-19 08:45:06,246 [pool-55-thread-1] INFO  server.RaftServerConfigKeys (ConfUtils.java:logGet(46)) - raft.server.threadpool.client.cached = true (default)
2022-10-19 08:45:06,246 [pool-55-thread-1] INFO  server.RaftServerConfigKeys (ConfUtils.java:logGet(46)) - raft.server.threadpool.client.size = 0 (default)
2022-10-19 08:45:06,993 [Listener at 0.0.0.0/38247] INFO  reflections.Reflections (Reflections.java:scan(232)) - Reflections took 883 ms to scan 19 urls, producing 67 keys and 4244 values [using 2 cores]
2022-10-19 08:45:07,156 [Listener at 0.0.0.0/38247] INFO  ipc.CallQueueManager (CallQueueManager.java:<init>(90)) - Using callQueue: class java.util.concurrent.LinkedBlockingQueue, queueCapacity: 2000, scheduler: class org.apache.hadoop.ipc.DefaultRpcScheduler, ipcBackoff: false.
2022-10-19 08:45:07,157 [Socket Reader #1 for port 0] INFO  ipc.Server (Server.java:run(1273)) - Starting Socket Reader #1 for port 0
2022-10-19 08:45:07,187 [Listener at 127.0.0.1/40043] INFO  impl.MetricsSystemImpl (MetricsSystemImpl.java:init(158)) - OzoneManager metrics system started (again)
2022-10-19 08:45:07,199 [Listener at 127.0.0.1/40043] INFO  om.OzoneManager (OzoneManager.java:start(1482)) - OzoneManager RPC server is listening at localhost/127.0.0.1:40043
2022-10-19 08:45:07,199 [Listener at 127.0.0.1/40043] INFO  ratis.OzoneManagerRatisServer (OzoneManagerRatisServer.java:start(555)) - Starting OzoneManagerRatisServer om1 at port 9872
2022-10-19 08:45:07,202 [om1-impl-thread1] INFO  storage.RaftStorageDirectory (RaftStorageDirectoryImpl.java:analyzeStorage(137)) - The storage directory /home/runner/work/ozone/ozone/hadoop-ozone/integration-test/target/test-dir/MiniOzoneClusterImpl-43a13940-e4af-4545-ab6e-e590eff1efbb/ozone-meta/ratis/bf265839-605b-3f16-9796-c5ba1605619e does not exist. Creating ...
2022-10-19 08:45:07,207 [om1-impl-thread1] INFO  storage.RaftStorageDirectory (RaftStorageDirectoryImpl.java:tryLock(231)) - Lock on /home/runner/work/ozone/ozone/hadoop-ozone/integration-test/target/test-dir/MiniOzoneClusterImpl-43a13940-e4af-4545-ab6e-e590eff1efbb/ozone-meta/ratis/bf265839-605b-3f16-9796-c5ba1605619e/in_use.lock acquired by nodename 22270@fv-az447-90
2022-10-19 08:45:07,214 [om1-impl-thread1] INFO  storage.RaftStorage (RaftStorageImpl.java:format(96)) - Storage directory /home/runner/work/ozone/ozone/hadoop-ozone/integration-test/target/test-dir/MiniOzoneClusterImpl-43a13940-e4af-4545-ab6e-e590eff1efbb/ozone-meta/ratis/bf265839-605b-3f16-9796-c5ba1605619e has been successfully formatted.
2022-10-19 08:45:07,216 [om1-impl-thread1] INFO  server.RaftServerConfigKeys (ConfUtils.java:logGet(46)) - raft.server.log.use.memory = false (default)
2022-10-19 08:45:07,224 [om1-impl-thread1] INFO  server.RaftServerConfigKeys (ConfUtils.java:logGet(46)) - raft.server.log.purge.gap = 1000000 (custom)
2022-10-19 08:45:07,224 [om1-impl-thread1] INFO  server.RaftServerConfigKeys (ConfUtils.java:logGet(46)) - raft.server.log.appender.buffer.byte-limit = 33554432 (custom)
2022-10-19 08:45:07,226 [om1-impl-thread1] INFO  server.RaftServerConfigKeys (ConfUtils.java:logGet(46)) - raft.server.log.statemachine.data.read.timeout = 1000ms (default)
2022-10-19 08:45:07,227 [om1-impl-thread1] INFO  server.RaftServerConfigKeys (ConfUtils.java:logGet(46)) - raft.server.log.purge.preservation.log.num = 0 (default)
2022-10-19 08:45:07,230 [om1-impl-thread1] INFO  server.RaftServerConfigKeys (ConfUtils.java:logGet(46)) - raft.server.log.segment.size.max = 4194304 (custom)
2022-10-19 08:45:07,235 [om1-impl-thread1] INFO  server.RaftServerConfigKeys (ConfUtils.java:logGet(46)) - raft.server.log.segment.cache.num.max = 2 (custom)
2022-10-19 08:45:07,236 [om1-impl-thread1] INFO  server.RaftServerConfigKeys (ConfUtils.java:logGet(46)) - raft.server.log.segment.cache.size.max = 200MB (=209715200) (default)
2022-10-19 08:45:07,242 [om1-impl-thread1] INFO  segmented.SegmentedRaftLogWorker (SegmentedRaftLogWorker.java:<init>(191)) - new om1@group-C5BA1605619E-SegmentedRaftLogWorker for RaftStorageImpl:Storage Directory /home/runner/work/ozone/ozone/hadoop-ozone/integration-test/target/test-dir/MiniOzoneClusterImpl-43a13940-e4af-4545-ab6e-e590eff1efbb/ozone-meta/ratis/bf265839-605b-3f16-9796-c5ba1605619e
2022-10-19 08:45:07,243 [om1-impl-thread1] INFO  server.RaftServerConfigKeys (ConfUtils.java:logGet(46)) - raft.server.log.queue.byte-limit = 64MB (=67108864) (default)
2022-10-19 08:45:07,243 [om1-impl-thread1] INFO  server.RaftServerConfigKeys (ConfUtils.java:logGet(46)) - raft.server.log.queue.element-limit = 4096 (default)
2022-10-19 08:45:07,244 [om1-impl-thread1] INFO  server.RaftServerConfigKeys (ConfUtils.java:logGet(46)) - raft.server.log.segment.size.max = 4194304 (custom)
2022-10-19 08:45:07,245 [om1-impl-thread1] INFO  server.RaftServerConfigKeys (ConfUtils.java:logGet(46)) - raft.server.log.preallocated.size = 4194304 (custom)
2022-10-19 08:45:07,245 [om1-impl-thread1] INFO  server.RaftServerConfigKeys (ConfUtils.java:logGet(46)) - raft.server.log.force.sync.num = 128 (default)
2022-10-19 08:45:07,246 [om1-impl-thread1] INFO  server.RaftServerConfigKeys (ConfUtils.java:logGet(46)) - raft.server.log.statemachine.data.sync = true (default)
2022-10-19 08:45:07,246 [om1-impl-thread1] INFO  server.RaftServerConfigKeys (ConfUtils.java:logGet(46)) - raft.server.log.statemachine.data.sync.timeout = 10s (default)
2022-10-19 08:45:07,246 [om1-impl-thread1] INFO  server.RaftServerConfigKeys (ConfUtils.java:logGet(46)) - raft.server.log.statemachine.data.sync.timeout.retry = -1 (default)
2022-10-19 08:45:07,255 [om1-impl-thread1] INFO  server.RaftServerConfigKeys (ConfUtils.java:logGet(46)) - raft.server.log.write.buffer.size = 64KB (=65536) (default)
2022-10-19 08:45:07,255 [om1-impl-thread1] INFO  server.RaftServerConfigKeys (ConfUtils.java:logGet(46)) - raft.server.log.unsafe-flush.enabled = false (default)
2022-10-19 08:45:07,256 [om1-impl-thread1] INFO  server.RaftServerConfigKeys (ConfUtils.java:logGet(46)) - raft.server.log.async-flush.enabled = false (default)
2022-10-19 08:45:07,256 [om1-impl-thread1] INFO  server.RaftServerConfigKeys (ConfUtils.java:logGet(46)) - raft.server.log.statemachine.data.caching.enabled = false (default)
2022-10-19 08:45:07,262 [om1-impl-thread1] INFO  segmented.SegmentedRaftLogWorker (SegmentedRaftLogWorker.java:lambda$new$0(136)) - om1@group-C5BA1605619E-SegmentedRaftLogWorker: flushIndex: setUnconditionally 0 -> -1
2022-10-19 08:45:07,263 [om1-impl-thread1] INFO  segmented.SegmentedRaftLogWorker (SegmentedRaftLogWorker.java:lambda$new$0(136)) - om1@group-C5BA1605619E-SegmentedRaftLogWorker: safeCacheEvictIndex: setUnconditionally 0 -> -1
2022-10-19 08:45:07,264 [om1-impl-thread1] INFO  server.RaftServer$Division (RaftServerImpl.java:start(334)) - om1@group-C5BA1605619E: start as a follower, conf=-1: peers:[om1|rpc:localhost:9872|priority:0|startupRole:FOLLOWER]|listeners:[], old=null
2022-10-19 08:45:07,265 [om1-impl-thread1] INFO  server.RaftServer$Division (RaftServerImpl.java:setRole(321)) - om1@group-C5BA1605619E: changes role from      null to FOLLOWER at term 0 for startAsFollower
2022-10-19 08:45:07,267 [om1-impl-thread1] INFO  impl.RoleInfo (RoleInfo.java:updateAndGet(139)) - om1: start om1@group-C5BA1605619E-FollowerState
2022-10-19 08:45:07,268 [om1-impl-thread1] INFO  util.JmxRegister (JmxRegister.java:tryRegister(44)) - Successfully registered JMX Bean with object name Ratis:service=RaftServer,group=group-C5BA1605619E,id=om1
2022-10-19 08:45:07,270 [om1-impl-thread1] INFO  server.RaftServerConfigKeys (ConfUtils.java:logGet(46)) - raft.server.snapshot.auto.trigger.enabled = true (custom)
2022-10-19 08:45:07,270 [om1-impl-thread1] INFO  server.RaftServerConfigKeys (ConfUtils.java:logGet(46)) - raft.server.snapshot.auto.trigger.threshold = 400000 (default)
2022-10-19 08:45:07,271 [om1-impl-thread1] INFO  server.RaftServerConfigKeys (ConfUtils.java:logGet(46)) - raft.server.snapshot.retention.file.num = -1 (default)
2022-10-19 08:45:07,271 [om1-impl-thread1] INFO  server.RaftServerConfigKeys (ConfUtils.java:logGet(46)) - raft.server.log.purge.upto.snapshot.index = true (custom)
2022-10-19 08:45:07,274 [om1@group-C5BA1605619E-FollowerState] INFO  server.RaftServerConfigKeys (ConfUtils.java:logFallback(53)) - raft.server.rpc.first-election.timeout.min = 1s (fallback to raft.server.rpc.timeout.min)
2022-10-19 08:45:07,274 [om1@group-C5BA1605619E-FollowerState] INFO  server.RaftServerConfigKeys (ConfUtils.java:logFallback(53)) - raft.server.rpc.first-election.timeout.max = 1200ms (fallback to raft.server.rpc.timeout.max)
2022-10-19 08:45:07,275 [Listener at 127.0.0.1/40043] INFO  server.RaftServer (RaftServerProxy.java:startImpl(393)) - om1: start RPC server
2022-10-19 08:45:07,340 [Listener at 127.0.0.1/40043] INFO  server.GrpcService (GrpcService.java:startImpl(270)) - om1: GrpcService started, listening on 9872
2022-10-19 08:45:07,342 [Listener at 127.0.0.1/40043] INFO  om.OzoneManager (OzoneManager.java:start(1498)) - Version File has different layout version (3) than OM DB (null). That is expected if this OM has never been finalized to a newer layout version.
2022-10-19 08:45:07,344 [JvmPauseMonitor0] INFO  util.JvmPauseMonitor (JvmPauseMonitor.java:run(105)) - JvmPauseMonitor-om1: Started
2022-10-19 08:45:07,366 [Listener at 127.0.0.1/40043] INFO  http.BaseHttpServer (BaseHttpServer.java:newHttpServer2BuilderForOzone(213)) - Starting Web-server for ozoneManager at: http://0.0.0.0:0
2022-10-19 08:45:07,366 [Listener at 127.0.0.1/40043] INFO  http.BaseHttpServer (BaseHttpServer.java:<init>(108)) - Hadoop Security Enabled: false Ozone Security Enabled: false Ozone HTTP Security Enabled: false 
2022-10-19 08:45:07,367 [Listener at 127.0.0.1/40043] WARN  server.AuthenticationFilter (AuthenticationFilter.java:constructSecretProvider(240)) - Unable to initialize FileSignerSecretProvider, falling back to use random secrets. Reason: Could not read signature secret file: /home/runner/hadoop-http-auth-signature-secret
2022-10-19 08:45:07,369 [Listener at 127.0.0.1/40043] WARN  http.HttpRequestLog (HttpRequestLog.java:getRequestLog(103)) - Jetty request log can only be enabled using Log4j
2022-10-19 08:45:07,371 [Listener at 127.0.0.1/40043] INFO  http.HttpServer2 (HttpServer2.java:addGlobalFilter(1031)) - Added global filter 'safety' (class=org.apache.hadoop.hdds.server.http.HttpServer2$QuotingInputFilter)
2022-10-19 08:45:07,372 [Listener at 127.0.0.1/40043] INFO  http.HttpServer2 (HttpServer2.java:addFilter(1007)) - Added filter static_user_filter (class=org.apache.hadoop.http.lib.StaticUserWebFilter$StaticUserFilter) to context ozoneManager
2022-10-19 08:45:07,376 [Listener at 127.0.0.1/40043] INFO  http.HttpServer2 (HttpServer2.java:addFilter(1015)) - Added filter static_user_filter (class=org.apache.hadoop.http.lib.StaticUserWebFilter$StaticUserFilter) to context logs
2022-10-19 08:45:07,376 [Listener at 127.0.0.1/40043] INFO  http.HttpServer2 (HttpServer2.java:addFilter(1015)) - Added filter static_user_filter (class=org.apache.hadoop.http.lib.StaticUserWebFilter$StaticUserFilter) to context static
2022-10-19 08:45:07,379 [Listener at 127.0.0.1/40043] INFO  http.HttpServer2 (HttpServer2.java:bindListener(1250)) - Jetty bound to port 43739
2022-10-19 08:45:07,379 [Listener at 127.0.0.1/40043] INFO  server.Server (Server.java:doStart(375)) - jetty-9.4.43.v20210629; built: 2021-06-30T11:07:22.254Z; git: 526006ecfa3af7f1a27ef3a288e2bef7ea9dd7e8; jvm 1.8.0_345-b01
2022-10-19 08:45:07,382 [Listener at 127.0.0.1/40043] INFO  server.session (DefaultSessionIdManager.java:doStart(334)) - DefaultSessionIdManager workerName=node0
2022-10-19 08:45:07,382 [Listener at 127.0.0.1/40043] INFO  server.session (DefaultSessionIdManager.java:doStart(339)) - No SessionScavenger set, using defaults
2022-10-19 08:45:07,382 [Listener at 127.0.0.1/40043] INFO  server.session (HouseKeeper.java:startScavenging(132)) - node0 Scavenging every 660000ms
2022-10-19 08:45:07,383 [Listener at 127.0.0.1/40043] INFO  handler.ContextHandler (ContextHandler.java:doStart(915)) - Started o.e.j.s.ServletContextHandler@598f339e{logs,/logs,file:///home/runner/work/ozone/ozone/hadoop-ozone/integration-test/target/log,AVAILABLE}
2022-10-19 08:45:07,384 [Listener at 127.0.0.1/40043] INFO  handler.ContextHandler (ContextHandler.java:doStart(915)) - Started o.e.j.s.ServletContextHandler@6200887c{static,/static,file:///home/runner/work/ozone/ozone/hadoop-ozone/integration-test/target/test-classes/webapps/static,AVAILABLE}
2022-10-19 08:45:07,388 [Listener at 127.0.0.1/40043] INFO  handler.ContextHandler (ContextHandler.java:doStart(915)) - Started o.e.j.w.WebAppContext@4f67d2b2{ozoneManager,/,file:///home/runner/work/ozone/ozone/hadoop-ozone/integration-test/target/test-classes/webapps/ozoneManager/,AVAILABLE}{file:/home/runner/work/ozone/ozone/hadoop-ozone/integration-test/target/test-classes/webapps/ozoneManager}
2022-10-19 08:45:07,393 [Listener at 127.0.0.1/40043] INFO  server.AbstractConnector (AbstractConnector.java:doStart(331)) - Started ServerConnector@6e8276db{HTTP/1.1, (http/1.1)}{0.0.0.0:43739}
2022-10-19 08:45:07,393 [Listener at 127.0.0.1/40043] INFO  server.Server (Server.java:doStart(415)) - Started @7995ms
2022-10-19 08:45:07,393 [Listener at 127.0.0.1/40043] WARN  impl.MetricsSystemImpl (MetricsSystemImpl.java:register(279)) - Sink prometheus already exists!
2022-10-19 08:45:07,394 [Listener at 127.0.0.1/40043] INFO  http.BaseHttpServer (BaseHttpServer.java:updateConnectorAddress(333)) - HTTP server of ozoneManager listening at http://0.0.0.0:43739
2022-10-19 08:45:07,394 [IPC Server Responder] INFO  ipc.Server (Server.java:run(1512)) - IPC Server Responder: starting
2022-10-19 08:45:07,395 [IPC Server listener on 0] INFO  ipc.Server (Server.java:run(1352)) - IPC Server listener on 0: starting
2022-10-19 08:45:07,398 [Listener at 127.0.0.1/40043] INFO  om.OzoneManager (OzoneManager.java:startTrashEmptier(1919)) - Trash Interval set to 0. Files deleted won't move to trash
2022-10-19 08:45:07,412 [org.apache.hadoop.util.JvmPauseMonitor$Monitor@25c9c6e1] INFO  util.JvmPauseMonitor (JvmPauseMonitor.java:run(188)) - Starting JVM pause monitor
2022-10-19 08:45:07,576 [Listener at 127.0.0.1/40043] WARN  impl.MetricRegistriesImpl (MetricRegistriesImpl.java:addReporterRegistration(111)) - New reporters are added after registries were created. Some metrics will be missing from the reporter. Please add reporter before adding any new registry.
2022-10-19 08:45:07,576 [Listener at 127.0.0.1/40043] WARN  impl.MetricRegistriesImpl (MetricRegistriesImpl.java:addReporterRegistration(111)) - New reporters are added after registries were created. Some metrics will be missing from the reporter. Please add reporter before adding any new registry.
2022-10-19 08:45:07,576 [Listener at 127.0.0.1/40043] INFO  impl.MetricsSystemImpl (MetricsSystemImpl.java:init(158)) - HddsDatanode metrics system started (again)
2022-10-19 08:45:07,592 [Listener at 127.0.0.1/40043] INFO  ozone.HddsDatanodeService (HddsDatanodeService.java:start(236)) - HddsDatanodeService host:fv-az447-90.tnmeiuxxsqeu3byeydcnbj0j5d.dx.internal.cloudapp.net ip:10.1.1.188
2022-10-19 08:45:07,622 [Listener at 127.0.0.1/40043] INFO  upgrade.AbstractLayoutVersionManager (AbstractLayoutVersionManager.java:init(83)) - Initializing Layout version manager with metadata layout = DATANODE_SCHEMA_V3 (version = 4), software layout = DATANODE_SCHEMA_V3 (version = 4)
2022-10-19 08:45:07,674 [Listener at 127.0.0.1/40043] INFO  reflections.Reflections (Reflections.java:scan(232)) - Reflections took 50 ms to scan 7 urls, producing 137 keys and 328 values 
2022-10-19 08:45:07,678 [Listener at 127.0.0.1/40043] INFO  statemachine.DatanodeStateMachine (DatanodeStateMachine.java:getEndPointTaskThreadPoolSize(237)) - Datanode State Machine Task Thread Pool size 2
2022-10-19 08:45:07,738 [Listener at 127.0.0.1/40043] INFO  volume.HddsVolume (HddsVolume.java:<init>(117)) - Creating HddsVolume: /home/runner/work/ozone/ozone/hadoop-ozone/integration-test/target/test-dir/MiniOzoneClusterImpl-43a13940-e4af-4545-ab6e-e590eff1efbb/datanode-0/data-0/containers/hdds of storage type : DISK capacity : 9223372036854775807
2022-10-19 08:45:07,740 [Listener at 127.0.0.1/40043] INFO  volume.MutableVolumeSet (MutableVolumeSet.java:initializeVolumeSet(174)) - Added Volume : /home/runner/work/ozone/ozone/hadoop-ozone/integration-test/target/test-dir/MiniOzoneClusterImpl-43a13940-e4af-4545-ab6e-e590eff1efbb/datanode-0/data-0/containers/hdds to VolumeSet
2022-10-19 08:45:07,741 [Listener at 127.0.0.1/40043] INFO  volume.ThrottledAsyncChecker (ThrottledAsyncChecker.java:schedule(141)) - Scheduling a check for /home/runner/work/ozone/ozone/hadoop-ozone/integration-test/target/test-dir/MiniOzoneClusterImpl-43a13940-e4af-4545-ab6e-e590eff1efbb/datanode-0/data-0/containers/hdds
2022-10-19 08:45:07,762 [Listener at 127.0.0.1/40043] INFO  volume.StorageVolumeChecker (StorageVolumeChecker.java:checkAllVolumes(202)) - Scheduled health check for volume /home/runner/work/ozone/ozone/hadoop-ozone/integration-test/target/test-dir/MiniOzoneClusterImpl-43a13940-e4af-4545-ab6e-e590eff1efbb/datanode-0/data-0/containers/hdds
2022-10-19 08:45:07,781 [Listener at 127.0.0.1/40043] INFO  volume.MutableVolumeSet (MutableVolumeSet.java:initializeVolumeSet(174)) - Added Volume : /home/runner/work/ozone/ozone/hadoop-ozone/integration-test/target/test-dir/MiniOzoneClusterImpl-43a13940-e4af-4545-ab6e-e590eff1efbb/datanode-0/data/ratis to VolumeSet
2022-10-19 08:45:07,781 [Listener at 127.0.0.1/40043] INFO  volume.ThrottledAsyncChecker (ThrottledAsyncChecker.java:schedule(141)) - Scheduling a check for /home/runner/work/ozone/ozone/hadoop-ozone/integration-test/target/test-dir/MiniOzoneClusterImpl-43a13940-e4af-4545-ab6e-e590eff1efbb/datanode-0/data/ratis
2022-10-19 08:45:07,781 [Listener at 127.0.0.1/40043] INFO  volume.StorageVolumeChecker (StorageVolumeChecker.java:checkAllVolumes(202)) - Scheduled health check for volume /home/runner/work/ozone/ozone/hadoop-ozone/integration-test/target/test-dir/MiniOzoneClusterImpl-43a13940-e4af-4545-ab6e-e590eff1efbb/datanode-0/data/ratis
2022-10-19 08:45:07,808 [Thread-136] INFO  ozoneimpl.ContainerReader (ContainerReader.java:readVolume(175)) - Finish verifying containers on volume /home/runner/work/ozone/ozone/hadoop-ozone/integration-test/target/test-dir/MiniOzoneClusterImpl-43a13940-e4af-4545-ab6e-e590eff1efbb/datanode-0/data-0/containers/hdds
2022-10-19 08:45:07,808 [Listener at 127.0.0.1/40043] INFO  ozoneimpl.OzoneContainer (OzoneContainer.java:buildContainerSet(300)) - Build ContainerSet costs 0s
2022-10-19 08:45:07,857 [Listener at 127.0.0.1/40043] INFO  audit.AuditLogger (AuditLogger.java:refreshDebugCmdSet(126)) - Refresh DebugCmdSet for DNAudit to [].
2022-10-19 08:45:07,888 [Listener at 127.0.0.1/40043] INFO  server.RaftServer (ConfUtils.java:logGet(46)) - raft.rpc.type = GRPC (default)
2022-10-19 08:45:07,888 [Listener at 127.0.0.1/40043] INFO  grpc.GrpcConfigKeys (ConfUtils.java:logFallback(53)) - raft.grpc.admin.host = null (fallback to raft.grpc.server.host)
2022-10-19 08:45:07,889 [Listener at 127.0.0.1/40043] INFO  grpc.GrpcConfigKeys (ConfUtils.java:logGet(46)) - raft.grpc.admin.port = 0 (custom)
2022-10-19 08:45:07,889 [Listener at 127.0.0.1/40043] INFO  grpc.GrpcConfigKeys (ConfUtils.java:logFallback(53)) - raft.grpc.client.host = null (fallback to raft.grpc.server.host)
2022-10-19 08:45:07,889 [Listener at 127.0.0.1/40043] INFO  grpc.GrpcConfigKeys (ConfUtils.java:logGet(46)) - raft.grpc.client.port = 0 (custom)
2022-10-19 08:45:07,889 [Listener at 127.0.0.1/40043] INFO  grpc.GrpcConfigKeys (ConfUtils.java:logGet(46)) - raft.grpc.server.host = null (default)
2022-10-19 08:45:07,890 [Listener at 127.0.0.1/40043] INFO  grpc.GrpcConfigKeys (ConfUtils.java:logGet(46)) - raft.grpc.server.port = 0 (default)
2022-10-19 08:45:07,890 [Listener at 127.0.0.1/40043] INFO  server.GrpcService (ConfUtils.java:logGet(46)) - raft.grpc.message.size.max = 32MB (=33554432) (custom)
2022-10-19 08:45:07,890 [Listener at 127.0.0.1/40043] INFO  server.RaftServerConfigKeys (ConfUtils.java:logGet(46)) - raft.server.log.appender.buffer.byte-limit = 33554432 (custom)
2022-10-19 08:45:07,891 [Listener at 127.0.0.1/40043] INFO  server.GrpcService (ConfUtils.java:logGet(46)) - raft.grpc.flow.control.window = 5MB (=5242880) (custom)
2022-10-19 08:45:07,892 [Listener at 127.0.0.1/40043] INFO  server.RaftServerConfigKeys (ConfUtils.java:logGet(46)) - raft.server.rpc.request.timeout = 60s (custom)
2022-10-19 08:45:07,893 [Listener at 127.0.0.1/40043] INFO  grpc.GrpcConfigKeys (ConfUtils.java:logGet(46)) - raft.grpc.server.heartbeat.channel = true (default)
2022-10-19 08:45:07,894 [Listener at 127.0.0.1/40043] INFO  grpc.GrpcConfigKeys (ConfUtils.java:logGet(46)) - raft.grpc.server.async.request.thread.pool.cached = true (default)
2022-10-19 08:45:07,894 [Listener at 127.0.0.1/40043] INFO  grpc.GrpcConfigKeys (ConfUtils.java:logGet(46)) - raft.grpc.server.async.request.thread.pool.size = 32 (default)
2022-10-19 08:45:07,898 [Listener at 127.0.0.1/40043] INFO  impl.DataStreamServerImpl (ConfUtils.java:logGet(46)) - raft.datastream.type = DISABLED (default)
2022-10-19 08:45:07,903 [Listener at 127.0.0.1/40043] INFO  server.RaftServerConfigKeys (ConfUtils.java:logGet(46)) - raft.server.threadpool.proxy.cached = true (default)
2022-10-19 08:45:07,903 [Listener at 127.0.0.1/40043] INFO  server.RaftServerConfigKeys (ConfUtils.java:logGet(46)) - raft.server.threadpool.proxy.size = 0 (default)
2022-10-19 08:45:07,903 [Listener at 127.0.0.1/40043] INFO  server.RaftServerConfigKeys (ConfUtils.java:logGet(46)) - raft.server.rpc.slowness.timeout = 300s (custom)
2022-10-19 08:45:07,904 [Listener at 127.0.0.1/40043] INFO  server.RaftServerConfigKeys (ConfUtils.java:logGet(46)) - raft.server.leaderelection.leader.step-down.wait-time = 10s (default)
2022-10-19 08:45:07,904 [Listener at 127.0.0.1/40043] INFO  server.RaftServerConfigKeys (ConfUtils.java:logGet(46)) - raft.server.storage.dir = [/home/runner/work/ozone/ozone/hadoop-ozone/integration-test/target/test-dir/MiniOzoneClusterImpl-43a13940-e4af-4545-ab6e-e590eff1efbb/datanode-0/data/ratis] (custom)
2022-10-19 08:45:07,925 [Listener at 127.0.0.1/40043] INFO  server.XceiverServerGrpc (XceiverServerGrpc.java:<init>(132)) - GrpcServer channel type EpollServerSocketChannel
2022-10-19 08:45:08,026 [Listener at 127.0.0.1/40043] INFO  http.BaseHttpServer (BaseHttpServer.java:newHttpServer2BuilderForOzone(213)) - Starting Web-server for hddsDatanode at: http://0.0.0.0:0
2022-10-19 08:45:08,027 [Listener at 127.0.0.1/40043] INFO  http.BaseHttpServer (BaseHttpServer.java:<init>(108)) - Hadoop Security Enabled: false Ozone Security Enabled: false Ozone HTTP Security Enabled: false 
2022-10-19 08:45:08,030 [Listener at 127.0.0.1/40043] WARN  server.AuthenticationFilter (AuthenticationFilter.java:constructSecretProvider(240)) - Unable to initialize FileSignerSecretProvider, falling back to use random secrets. Reason: Could not read signature secret file: /home/runner/hadoop-http-auth-signature-secret
2022-10-19 08:45:08,032 [Listener at 127.0.0.1/40043] WARN  http.HttpRequestLog (HttpRequestLog.java:getRequestLog(103)) - Jetty request log can only be enabled using Log4j
2022-10-19 08:45:08,033 [Listener at 127.0.0.1/40043] INFO  http.HttpServer2 (HttpServer2.java:addGlobalFilter(1031)) - Added global filter 'safety' (class=org.apache.hadoop.hdds.server.http.HttpServer2$QuotingInputFilter)
2022-10-19 08:45:08,034 [Listener at 127.0.0.1/40043] INFO  http.HttpServer2 (HttpServer2.java:addFilter(1007)) - Added filter static_user_filter (class=org.apache.hadoop.http.lib.StaticUserWebFilter$StaticUserFilter) to context hddsDatanode
2022-10-19 08:45:08,035 [Listener at 127.0.0.1/40043] INFO  http.HttpServer2 (HttpServer2.java:addFilter(1015)) - Added filter static_user_filter (class=org.apache.hadoop.http.lib.StaticUserWebFilter$StaticUserFilter) to context static
2022-10-19 08:45:08,035 [Listener at 127.0.0.1/40043] INFO  http.HttpServer2 (HttpServer2.java:addFilter(1015)) - Added filter static_user_filter (class=org.apache.hadoop.http.lib.StaticUserWebFilter$StaticUserFilter) to context logs
2022-10-19 08:45:08,037 [Listener at 127.0.0.1/40043] INFO  http.HttpServer2 (HttpServer2.java:bindListener(1250)) - Jetty bound to port 46773
2022-10-19 08:45:08,039 [Listener at 127.0.0.1/40043] INFO  server.Server (Server.java:doStart(375)) - jetty-9.4.43.v20210629; built: 2021-06-30T11:07:22.254Z; git: 526006ecfa3af7f1a27ef3a288e2bef7ea9dd7e8; jvm 1.8.0_345-b01
2022-10-19 08:45:08,042 [Listener at 127.0.0.1/40043] INFO  server.session (DefaultSessionIdManager.java:doStart(334)) - DefaultSessionIdManager workerName=node0
2022-10-19 08:45:08,042 [Listener at 127.0.0.1/40043] INFO  server.session (DefaultSessionIdManager.java:doStart(339)) - No SessionScavenger set, using defaults
2022-10-19 08:45:08,043 [Listener at 127.0.0.1/40043] INFO  server.session (HouseKeeper.java:startScavenging(132)) - node0 Scavenging every 600000ms
2022-10-19 08:45:08,044 [Listener at 127.0.0.1/40043] INFO  handler.ContextHandler (ContextHandler.java:doStart(915)) - Started o.e.j.s.ServletContextHandler@71e21f48{logs,/logs,file:///home/runner/work/ozone/ozone/hadoop-ozone/integration-test/target/log,AVAILABLE}
2022-10-19 08:45:08,044 [Listener at 127.0.0.1/40043] INFO  handler.ContextHandler (ContextHandler.java:doStart(915)) - Started o.e.j.s.ServletContextHandler@39b7d031{static,/static,jar:file:/home/runner/.m2/repository/org/apache/ozone/hdds-container-service/1.3.0-SNAPSHOT/hdds-container-service-1.3.0-SNAPSHOT.jar!/webapps/static,AVAILABLE}
2022-10-19 08:45:08,247 [Listener at 127.0.0.1/40043] INFO  handler.ContextHandler (ContextHandler.java:doStart(915)) - Started o.e.j.w.WebAppContext@511b37e4{hddsDatanode,/,file:///tmp/jetty-0_0_0_0-46773-hdds-container-service-1_3_0-SNAPSHOT_jar-_-any-2420583974186578301/webapp/,AVAILABLE}{jar:file:/home/runner/.m2/repository/org/apache/ozone/hdds-container-service/1.3.0-SNAPSHOT/hdds-container-service-1.3.0-SNAPSHOT.jar!/webapps/hddsDatanode}
2022-10-19 08:45:08,248 [Listener at 127.0.0.1/40043] INFO  server.AbstractConnector (AbstractConnector.java:doStart(331)) - Started ServerConnector@41de90fa{HTTP/1.1, (http/1.1)}{0.0.0.0:46773}
2022-10-19 08:45:08,248 [Listener at 127.0.0.1/40043] INFO  server.Server (Server.java:doStart(415)) - Started @8850ms
2022-10-19 08:45:08,248 [Listener at 127.0.0.1/40043] WARN  impl.MetricsSystemImpl (MetricsSystemImpl.java:register(279)) - Sink prometheus already exists!
2022-10-19 08:45:08,249 [Listener at 127.0.0.1/40043] INFO  http.BaseHttpServer (BaseHttpServer.java:updateConnectorAddress(333)) - HTTP server of hddsDatanode listening at http://0.0.0.0:46773
2022-10-19 08:45:08,256 [Listener at 127.0.0.1/40043] WARN  impl.MetricRegistriesImpl (MetricRegistriesImpl.java:addReporterRegistration(111)) - New reporters are added after registries were created. Some metrics will be missing from the reporter. Please add reporter before adding any new registry.
2022-10-19 08:45:08,258 [Listener at 127.0.0.1/40043] WARN  impl.MetricRegistriesImpl (MetricRegistriesImpl.java:addReporterRegistration(111)) - New reporters are added after registries were created. Some metrics will be missing from the reporter. Please add reporter before adding any new registry.
2022-10-19 08:45:08,258 [Listener at 127.0.0.1/40043] INFO  impl.MetricsSystemImpl (MetricsSystemImpl.java:init(158)) - HddsDatanode metrics system started (again)
2022-10-19 08:45:08,261 [Datanode State Machine Daemon Thread] INFO  statemachine.DatanodeStateMachine (DatanodeStateMachine.java:lambda$startDaemon$0(492)) - Ozone container server started.
2022-10-19 08:45:08,278 [Listener at 127.0.0.1/40043] INFO  ozone.HddsDatanodeService (HddsDatanodeService.java:start(236)) - HddsDatanodeService host:fv-az447-90.tnmeiuxxsqeu3byeydcnbj0j5d.dx.internal.cloudapp.net ip:10.1.1.188
2022-10-19 08:45:08,288 [org.apache.hadoop.util.JvmPauseMonitor$Monitor@428cdf7e] INFO  util.JvmPauseMonitor (JvmPauseMonitor.java:run(188)) - Starting JVM pause monitor
2022-10-19 08:45:08,323 [Listener at 127.0.0.1/40043] INFO  upgrade.AbstractLayoutVersionManager (AbstractLayoutVersionManager.java:init(83)) - Initializing Layout version manager with metadata layout = DATANODE_SCHEMA_V3 (version = 4), software layout = DATANODE_SCHEMA_V3 (version = 4)
2022-10-19 08:45:08,378 [Listener at 127.0.0.1/40043] INFO  reflections.Reflections (Reflections.java:scan(232)) - Reflections took 54 ms to scan 7 urls, producing 137 keys and 328 values 
2022-10-19 08:45:08,380 [Listener at 127.0.0.1/40043] INFO  statemachine.DatanodeStateMachine (DatanodeStateMachine.java:getEndPointTaskThreadPoolSize(237)) - Datanode State Machine Task Thread Pool size 2
2022-10-19 08:45:08,390 [Listener at 127.0.0.1/40043] INFO  volume.HddsVolume (HddsVolume.java:<init>(117)) - Creating HddsVolume: /home/runner/work/ozone/ozone/hadoop-ozone/integration-test/target/test-dir/MiniOzoneClusterImpl-43a13940-e4af-4545-ab6e-e590eff1efbb/datanode-1/data-0/containers/hdds of storage type : DISK capacity : 9223372036854775807
2022-10-19 08:45:08,390 [Listener at 127.0.0.1/40043] INFO  volume.MutableVolumeSet (MutableVolumeSet.java:initializeVolumeSet(174)) - Added Volume : /home/runner/work/ozone/ozone/hadoop-ozone/integration-test/target/test-dir/MiniOzoneClusterImpl-43a13940-e4af-4545-ab6e-e590eff1efbb/datanode-1/data-0/containers/hdds to VolumeSet
2022-10-19 08:45:08,390 [Listener at 127.0.0.1/40043] INFO  volume.ThrottledAsyncChecker (ThrottledAsyncChecker.java:schedule(141)) - Scheduling a check for /home/runner/work/ozone/ozone/hadoop-ozone/integration-test/target/test-dir/MiniOzoneClusterImpl-43a13940-e4af-4545-ab6e-e590eff1efbb/datanode-1/data-0/containers/hdds
2022-10-19 08:45:08,411 [Listener at 127.0.0.1/40043] INFO  volume.StorageVolumeChecker (StorageVolumeChecker.java:checkAllVolumes(202)) - Scheduled health check for volume /home/runner/work/ozone/ozone/hadoop-ozone/integration-test/target/test-dir/MiniOzoneClusterImpl-43a13940-e4af-4545-ab6e-e590eff1efbb/datanode-1/data-0/containers/hdds
2022-10-19 08:45:08,420 [Datanode State Machine Task Thread - 0] INFO  datanode.InitDatanodeState (InitDatanodeState.java:persistContainerDatanodeDetails(138)) - DatanodeDetails is persisted to /home/runner/work/ozone/ozone/hadoop-ozone/integration-test/target/test-dir/MiniOzoneClusterImpl-43a13940-e4af-4545-ab6e-e590eff1efbb/datanode-0/meta/datanode.id
2022-10-19 08:45:08,424 [Listener at 127.0.0.1/40043] INFO  volume.MutableVolumeSet (MutableVolumeSet.java:initializeVolumeSet(174)) - Added Volume : /home/runner/work/ozone/ozone/hadoop-ozone/integration-test/target/test-dir/MiniOzoneClusterImpl-43a13940-e4af-4545-ab6e-e590eff1efbb/datanode-1/data/ratis to VolumeSet
2022-10-19 08:45:08,424 [Listener at 127.0.0.1/40043] INFO  volume.ThrottledAsyncChecker (ThrottledAsyncChecker.java:schedule(141)) - Scheduling a check for /home/runner/work/ozone/ozone/hadoop-ozone/integration-test/target/test-dir/MiniOzoneClusterImpl-43a13940-e4af-4545-ab6e-e590eff1efbb/datanode-1/data/ratis
2022-10-19 08:45:08,424 [Listener at 127.0.0.1/40043] INFO  volume.StorageVolumeChecker (StorageVolumeChecker.java:checkAllVolumes(202)) - Scheduled health check for volume /home/runner/work/ozone/ozone/hadoop-ozone/integration-test/target/test-dir/MiniOzoneClusterImpl-43a13940-e4af-4545-ab6e-e590eff1efbb/datanode-1/data/ratis
2022-10-19 08:45:08,435 [Thread-149] INFO  ozoneimpl.ContainerReader (ContainerReader.java:readVolume(175)) - Finish verifying containers on volume /home/runner/work/ozone/ozone/hadoop-ozone/integration-test/target/test-dir/MiniOzoneClusterImpl-43a13940-e4af-4545-ab6e-e590eff1efbb/datanode-1/data-0/containers/hdds
2022-10-19 08:45:08,436 [Listener at 127.0.0.1/40043] INFO  ozoneimpl.OzoneContainer (OzoneContainer.java:buildContainerSet(300)) - Build ContainerSet costs 0s
2022-10-19 08:45:08,439 [Listener at 127.0.0.1/40043] INFO  server.RaftServer (ConfUtils.java:logGet(46)) - raft.rpc.type = GRPC (default)
2022-10-19 08:45:08,439 [Listener at 127.0.0.1/40043] INFO  grpc.GrpcConfigKeys (ConfUtils.java:logFallback(53)) - raft.grpc.admin.host = null (fallback to raft.grpc.server.host)
2022-10-19 08:45:08,440 [Listener at 127.0.0.1/40043] INFO  grpc.GrpcConfigKeys (ConfUtils.java:logGet(46)) - raft.grpc.admin.port = 0 (custom)
2022-10-19 08:45:08,440 [Listener at 127.0.0.1/40043] INFO  grpc.GrpcConfigKeys (ConfUtils.java:logFallback(53)) - raft.grpc.client.host = null (fallback to raft.grpc.server.host)
2022-10-19 08:45:08,440 [Listener at 127.0.0.1/40043] INFO  grpc.GrpcConfigKeys (ConfUtils.java:logGet(46)) - raft.grpc.client.port = 0 (custom)
2022-10-19 08:45:08,440 [Listener at 127.0.0.1/40043] INFO  grpc.GrpcConfigKeys (ConfUtils.java:logGet(46)) - raft.grpc.server.host = null (default)
2022-10-19 08:45:08,440 [Listener at 127.0.0.1/40043] INFO  grpc.GrpcConfigKeys (ConfUtils.java:logGet(46)) - raft.grpc.server.port = 0 (default)
2022-10-19 08:45:08,440 [Listener at 127.0.0.1/40043] INFO  server.GrpcService (ConfUtils.java:logGet(46)) - raft.grpc.message.size.max = 32MB (=33554432) (custom)
2022-10-19 08:45:08,440 [Listener at 127.0.0.1/40043] INFO  server.RaftServerConfigKeys (ConfUtils.java:logGet(46)) - raft.server.log.appender.buffer.byte-limit = 33554432 (custom)
2022-10-19 08:45:08,441 [Listener at 127.0.0.1/40043] INFO  server.GrpcService (ConfUtils.java:logGet(46)) - raft.grpc.flow.control.window = 5MB (=5242880) (custom)
2022-10-19 08:45:08,441 [Listener at 127.0.0.1/40043] INFO  server.RaftServerConfigKeys (ConfUtils.java:logGet(46)) - raft.server.rpc.request.timeout = 60s (custom)
2022-10-19 08:45:08,441 [Listener at 127.0.0.1/40043] INFO  grpc.GrpcConfigKeys (ConfUtils.java:logGet(46)) - raft.grpc.server.heartbeat.channel = true (default)
2022-10-19 08:45:08,441 [Listener at 127.0.0.1/40043] INFO  grpc.GrpcConfigKeys (ConfUtils.java:logGet(46)) - raft.grpc.server.async.request.thread.pool.cached = true (default)
2022-10-19 08:45:08,441 [Listener at 127.0.0.1/40043] INFO  grpc.GrpcConfigKeys (ConfUtils.java:logGet(46)) - raft.grpc.server.async.request.thread.pool.size = 32 (default)
2022-10-19 08:45:08,442 [Listener at 127.0.0.1/40043] INFO  impl.DataStreamServerImpl (ConfUtils.java:logGet(46)) - raft.datastream.type = DISABLED (default)
2022-10-19 08:45:08,443 [Listener at 127.0.0.1/40043] INFO  server.RaftServerConfigKeys (ConfUtils.java:logGet(46)) - raft.server.threadpool.proxy.cached = true (default)
2022-10-19 08:45:08,443 [Listener at 127.0.0.1/40043] INFO  server.RaftServerConfigKeys (ConfUtils.java:logGet(46)) - raft.server.threadpool.proxy.size = 0 (default)
2022-10-19 08:45:08,443 [Listener at 127.0.0.1/40043] INFO  server.RaftServerConfigKeys (ConfUtils.java:logGet(46)) - raft.server.rpc.slowness.timeout = 300s (custom)
2022-10-19 08:45:08,443 [Listener at 127.0.0.1/40043] INFO  server.RaftServerConfigKeys (ConfUtils.java:logGet(46)) - raft.server.leaderelection.leader.step-down.wait-time = 10s (default)
2022-10-19 08:45:08,443 [Listener at 127.0.0.1/40043] INFO  server.RaftServerConfigKeys (ConfUtils.java:logGet(46)) - raft.server.storage.dir = [/home/runner/work/ozone/ozone/hadoop-ozone/integration-test/target/test-dir/MiniOzoneClusterImpl-43a13940-e4af-4545-ab6e-e590eff1efbb/datanode-1/data/ratis] (custom)
2022-10-19 08:45:08,445 [Listener at 127.0.0.1/40043] INFO  server.XceiverServerGrpc (XceiverServerGrpc.java:<init>(132)) - GrpcServer channel type EpollServerSocketChannel
2022-10-19 08:45:08,449 [Listener at 127.0.0.1/40043] INFO  http.BaseHttpServer (BaseHttpServer.java:newHttpServer2BuilderForOzone(213)) - Starting Web-server for hddsDatanode at: http://0.0.0.0:0
2022-10-19 08:45:08,449 [Listener at 127.0.0.1/40043] INFO  http.BaseHttpServer (BaseHttpServer.java:<init>(108)) - Hadoop Security Enabled: false Ozone Security Enabled: false Ozone HTTP Security Enabled: false 
2022-10-19 08:45:08,450 [Listener at 127.0.0.1/40043] WARN  server.AuthenticationFilter (AuthenticationFilter.java:constructSecretProvider(240)) - Unable to initialize FileSignerSecretProvider, falling back to use random secrets. Reason: Could not read signature secret file: /home/runner/hadoop-http-auth-signature-secret
2022-10-19 08:45:08,451 [Listener at 127.0.0.1/40043] WARN  http.HttpRequestLog (HttpRequestLog.java:getRequestLog(103)) - Jetty request log can only be enabled using Log4j
2022-10-19 08:45:08,452 [Listener at 127.0.0.1/40043] INFO  http.HttpServer2 (HttpServer2.java:addGlobalFilter(1031)) - Added global filter 'safety' (class=org.apache.hadoop.hdds.server.http.HttpServer2$QuotingInputFilter)
2022-10-19 08:45:08,453 [Listener at 127.0.0.1/40043] INFO  http.HttpServer2 (HttpServer2.java:addFilter(1007)) - Added filter static_user_filter (class=org.apache.hadoop.http.lib.StaticUserWebFilter$StaticUserFilter) to context hddsDatanode
2022-10-19 08:45:08,453 [Listener at 127.0.0.1/40043] INFO  http.HttpServer2 (HttpServer2.java:addFilter(1015)) - Added filter static_user_filter (class=org.apache.hadoop.http.lib.StaticUserWebFilter$StaticUserFilter) to context logs
2022-10-19 08:45:08,453 [Listener at 127.0.0.1/40043] INFO  http.HttpServer2 (HttpServer2.java:addFilter(1015)) - Added filter static_user_filter (class=org.apache.hadoop.http.lib.StaticUserWebFilter$StaticUserFilter) to context static
2022-10-19 08:45:08,454 [Listener at 127.0.0.1/40043] INFO  http.HttpServer2 (HttpServer2.java:bindListener(1250)) - Jetty bound to port 35189
2022-10-19 08:45:08,454 [Listener at 127.0.0.1/40043] INFO  server.Server (Server.java:doStart(375)) - jetty-9.4.43.v20210629; built: 2021-06-30T11:07:22.254Z; git: 526006ecfa3af7f1a27ef3a288e2bef7ea9dd7e8; jvm 1.8.0_345-b01
2022-10-19 08:45:08,460 [Listener at 127.0.0.1/40043] INFO  server.session (DefaultSessionIdManager.java:doStart(334)) - DefaultSessionIdManager workerName=node0
2022-10-19 08:45:08,461 [Listener at 127.0.0.1/40043] INFO  server.session (DefaultSessionIdManager.java:doStart(339)) - No SessionScavenger set, using defaults
2022-10-19 08:45:08,461 [Listener at 127.0.0.1/40043] INFO  server.session (HouseKeeper.java:startScavenging(132)) - node0 Scavenging every 600000ms
2022-10-19 08:45:08,462 [Listener at 127.0.0.1/40043] INFO  handler.ContextHandler (ContextHandler.java:doStart(915)) - Started o.e.j.s.ServletContextHandler@50165085{logs,/logs,file:///home/runner/work/ozone/ozone/hadoop-ozone/integration-test/target/log,AVAILABLE}
2022-10-19 08:45:08,462 [Listener at 127.0.0.1/40043] INFO  handler.ContextHandler (ContextHandler.java:doStart(915)) - Started o.e.j.s.ServletContextHandler@43567fca{static,/static,jar:file:/home/runner/.m2/repository/org/apache/ozone/hdds-container-service/1.3.0-SNAPSHOT/hdds-container-service-1.3.0-SNAPSHOT.jar!/webapps/static,AVAILABLE}
2022-10-19 08:45:08,475 [om1@group-C5BA1605619E-FollowerState] INFO  impl.FollowerState (FollowerState.java:run(143)) - om1@group-C5BA1605619E-FollowerState: change to CANDIDATE, lastRpcElapsedTime:1208097762ns, electionTimeout:1199ms
2022-10-19 08:45:08,476 [om1@group-C5BA1605619E-FollowerState] INFO  impl.RoleInfo (RoleInfo.java:shutdownFollowerState(110)) - om1: shutdown om1@group-C5BA1605619E-FollowerState
2022-10-19 08:45:08,476 [om1@group-C5BA1605619E-FollowerState] INFO  server.RaftServer$Division (RaftServerImpl.java:setRole(321)) - om1@group-C5BA1605619E: changes role from  FOLLOWER to CANDIDATE at term 0 for changeToCandidate
2022-10-19 08:45:08,479 [om1@group-C5BA1605619E-FollowerState] INFO  server.RaftServerConfigKeys (ConfUtils.java:logGet(46)) - raft.server.leaderelection.pre-vote = false (custom)
2022-10-19 08:45:08,479 [om1@group-C5BA1605619E-FollowerState] INFO  impl.RoleInfo (RoleInfo.java:updateAndGet(139)) - om1: start om1@group-C5BA1605619E-LeaderElection1
2022-10-19 08:45:08,492 [om1@group-C5BA1605619E-LeaderElection1] INFO  impl.LeaderElection (LeaderElection.java:askForVotes(312)) - om1@group-C5BA1605619E-LeaderElection1 ELECTION round 0: submit vote requests at term 1 for -1: peers:[om1|rpc:localhost:9872|priority:0|startupRole:FOLLOWER]|listeners:[], old=null
2022-10-19 08:45:08,493 [om1@group-C5BA1605619E-LeaderElection1] INFO  impl.LeaderElection (LeaderElection.java:askForVotes(314)) - om1@group-C5BA1605619E-LeaderElection1 ELECTION round 0: result PASSED (term=1)
2022-10-19 08:45:08,493 [om1@group-C5BA1605619E-LeaderElection1] INFO  impl.RoleInfo (RoleInfo.java:shutdownLeaderElection(130)) - om1: shutdown om1@group-C5BA1605619E-LeaderElection1
2022-10-19 08:45:08,494 [om1@group-C5BA1605619E-LeaderElection1] INFO  server.RaftServer$Division (RaftServerImpl.java:setRole(321)) - om1@group-C5BA1605619E: changes role from CANDIDATE to LEADER at term 1 for changeToLeader
2022-10-19 08:45:08,494 [om1@group-C5BA1605619E-LeaderElection1] INFO  server.RaftServer$Division (ServerState.java:setLeader(313)) - om1@group-C5BA1605619E: change Leader from null to om1 at term 1 for becomeLeader, leader elected after 2444ms
2022-10-19 08:45:08,503 [om1@group-C5BA1605619E-LeaderElection1] INFO  server.RaftServerConfigKeys (ConfUtils.java:logGet(46)) - raft.server.staging.catchup.gap = 1000 (default)
2022-10-19 08:45:08,509 [om1@group-C5BA1605619E-LeaderElection1] INFO  server.RaftServerConfigKeys (ConfUtils.java:logGet(46)) - raft.server.write.element-limit = 4096 (default)
2022-10-19 08:45:08,510 [om1@group-C5BA1605619E-LeaderElection1] INFO  server.RaftServerConfigKeys (ConfUtils.java:logGet(46)) - raft.server.write.byte-limit = 64MB (=67108864) (default)
2022-10-19 08:45:08,515 [om1@group-C5BA1605619E-LeaderElection1] INFO  server.RaftServerConfigKeys (ConfUtils.java:logGet(46)) - raft.server.watch.timeout = 10s (default)
2022-10-19 08:45:08,516 [om1@group-C5BA1605619E-LeaderElection1] INFO  server.RaftServerConfigKeys (ConfUtils.java:logGet(46)) - raft.server.watch.timeout.denomination = 1s (default)
2022-10-19 08:45:08,516 [om1@group-C5BA1605619E-LeaderElection1] INFO  server.RaftServerConfigKeys (ConfUtils.java:logGet(46)) - raft.server.watch.element-limit = 65536 (default)
2022-10-19 08:45:08,522 [om1@group-C5BA1605619E-LeaderElection1] INFO  server.RaftServerConfigKeys (ConfUtils.java:logGet(46)) - raft.server.write.element-limit = 4096 (default)
2022-10-19 08:45:08,526 [om1@group-C5BA1605619E-LeaderElection1] INFO  server.RaftServerConfigKeys (ConfUtils.java:logGet(46)) - raft.server.write.follower.gap.ratio.max = -1.0 (default)
2022-10-19 08:45:08,530 [om1@group-C5BA1605619E-LeaderElection1] INFO  impl.RoleInfo (RoleInfo.java:updateAndGet(139)) - om1: start om1@group-C5BA1605619E-LeaderStateImpl
2022-10-19 08:45:08,558 [om1@group-C5BA1605619E-LeaderElection1] INFO  segmented.SegmentedRaftLogWorker (SegmentedRaftLogWorker.java:startLogSegment(452)) - om1@group-C5BA1605619E-SegmentedRaftLogWorker: Starting segment from index:0
2022-10-19 08:45:08,631 [om1@group-C5BA1605619E-LeaderElection1] INFO  server.RaftServer$Division (ServerState.java:setRaftConf(430)) - om1@group-C5BA1605619E: set configuration 0: peers:[om1|rpc:localhost:9872|admin:|client:|dataStream:|priority:0|startupRole:FOLLOWER]|listeners:[], old=null
2022-10-19 08:45:08,704 [om1@group-C5BA1605619E-SegmentedRaftLogWorker] INFO  segmented.SegmentedRaftLogWorker (SegmentedRaftLogWorker.java:execute(656)) - om1@group-C5BA1605619E-SegmentedRaftLogWorker: created new log segment /home/runner/work/ozone/ozone/hadoop-ozone/integration-test/target/test-dir/MiniOzoneClusterImpl-43a13940-e4af-4545-ab6e-e590eff1efbb/ozone-meta/ratis/bf265839-605b-3f16-9796-c5ba1605619e/current/log_inprogress_0
2022-10-19 08:45:08,766 [Listener at 127.0.0.1/40043] INFO  handler.ContextHandler (ContextHandler.java:doStart(915)) - Started o.e.j.w.WebAppContext@5cde2f06{hddsDatanode,/,file:///tmp/jetty-0_0_0_0-35189-hdds-container-service-1_3_0-SNAPSHOT_jar-_-any-5724353662117107646/webapp/,AVAILABLE}{jar:file:/home/runner/.m2/repository/org/apache/ozone/hdds-container-service/1.3.0-SNAPSHOT/hdds-container-service-1.3.0-SNAPSHOT.jar!/webapps/hddsDatanode}
2022-10-19 08:45:08,768 [Listener at 127.0.0.1/40043] INFO  server.AbstractConnector (AbstractConnector.java:doStart(331)) - Started ServerConnector@3b39b73f{HTTP/1.1, (http/1.1)}{0.0.0.0:35189}
2022-10-19 08:45:08,768 [Listener at 127.0.0.1/40043] INFO  server.Server (Server.java:doStart(415)) - Started @9369ms
2022-10-19 08:45:08,768 [Listener at 127.0.0.1/40043] WARN  impl.MetricsSystemImpl (MetricsSystemImpl.java:register(279)) - Sink prometheus already exists!
2022-10-19 08:45:08,769 [Listener at 127.0.0.1/40043] INFO  http.BaseHttpServer (BaseHttpServer.java:updateConnectorAddress(333)) - HTTP server of hddsDatanode listening at http://0.0.0.0:35189
2022-10-19 08:45:08,769 [Listener at 127.0.0.1/40043] WARN  impl.MetricRegistriesImpl (MetricRegistriesImpl.java:addReporterRegistration(111)) - New reporters are added after registries were created. Some metrics will be missing from the reporter. Please add reporter before adding any new registry.
2022-10-19 08:45:08,770 [Listener at 127.0.0.1/40043] WARN  impl.MetricRegistriesImpl (MetricRegistriesImpl.java:addReporterRegistration(111)) - New reporters are added after registries were created. Some metrics will be missing from the reporter. Please add reporter before adding any new registry.
2022-10-19 08:45:08,770 [Listener at 127.0.0.1/40043] INFO  impl.MetricsSystemImpl (MetricsSystemImpl.java:init(158)) - HddsDatanode metrics system started (again)
2022-10-19 08:45:08,770 [Datanode State Machine Daemon Thread] INFO  statemachine.DatanodeStateMachine (DatanodeStateMachine.java:lambda$startDaemon$0(492)) - Ozone container server started.
2022-10-19 08:45:08,797 [Listener at 127.0.0.1/40043] INFO  ozone.HddsDatanodeService (HddsDatanodeService.java:start(236)) - HddsDatanodeService host:fv-az447-90.tnmeiuxxsqeu3byeydcnbj0j5d.dx.internal.cloudapp.net ip:10.1.1.188
2022-10-19 08:45:08,803 [org.apache.hadoop.util.JvmPauseMonitor$Monitor@1e65539d] INFO  util.JvmPauseMonitor (JvmPauseMonitor.java:run(188)) - Starting JVM pause monitor
2022-10-19 08:45:08,828 [Datanode State Machine Task Thread - 0] INFO  datanode.InitDatanodeState (InitDatanodeState.java:persistContainerDatanodeDetails(138)) - DatanodeDetails is persisted to /home/runner/work/ozone/ozone/hadoop-ozone/integration-test/target/test-dir/MiniOzoneClusterImpl-43a13940-e4af-4545-ab6e-e590eff1efbb/datanode-1/meta/datanode.id
2022-10-19 08:45:08,831 [Listener at 127.0.0.1/40043] INFO  upgrade.AbstractLayoutVersionManager (AbstractLayoutVersionManager.java:init(83)) - Initializing Layout version manager with metadata layout = DATANODE_SCHEMA_V3 (version = 4), software layout = DATANODE_SCHEMA_V3 (version = 4)
2022-10-19 08:45:08,855 [om1@group-C5BA1605619E-StateMachineUpdater] INFO  ratis.OzoneManagerStateMachine (OzoneManagerStateMachine.java:notifyConfigurationChanged(192)) - Received Configuration change notification from Ratis. New Peer list:
[id: "om1"
address: "localhost:9872"
startupRole: FOLLOWER
]
2022-10-19 08:45:08,881 [Listener at 127.0.0.1/40043] INFO  reflections.Reflections (Reflections.java:scan(232)) - Reflections took 49 ms to scan 7 urls, producing 137 keys and 328 values 
2022-10-19 08:45:08,883 [Listener at 127.0.0.1/40043] INFO  statemachine.DatanodeStateMachine (DatanodeStateMachine.java:getEndPointTaskThreadPoolSize(237)) - Datanode State Machine Task Thread Pool size 2
2022-10-19 08:45:08,886 [Listener at 127.0.0.1/40043] INFO  volume.HddsVolume (HddsVolume.java:<init>(117)) - Creating HddsVolume: /home/runner/work/ozone/ozone/hadoop-ozone/integration-test/target/test-dir/MiniOzoneClusterImpl-43a13940-e4af-4545-ab6e-e590eff1efbb/datanode-2/data-0/containers/hdds of storage type : DISK capacity : 9223372036854775807
2022-10-19 08:45:08,886 [Listener at 127.0.0.1/40043] INFO  volume.MutableVolumeSet (MutableVolumeSet.java:initializeVolumeSet(174)) - Added Volume : /home/runner/work/ozone/ozone/hadoop-ozone/integration-test/target/test-dir/MiniOzoneClusterImpl-43a13940-e4af-4545-ab6e-e590eff1efbb/datanode-2/data-0/containers/hdds to VolumeSet
2022-10-19 08:45:08,886 [Listener at 127.0.0.1/40043] INFO  volume.ThrottledAsyncChecker (ThrottledAsyncChecker.java:schedule(141)) - Scheduling a check for /home/runner/work/ozone/ozone/hadoop-ozone/integration-test/target/test-dir/MiniOzoneClusterImpl-43a13940-e4af-4545-ab6e-e590eff1efbb/datanode-2/data-0/containers/hdds
2022-10-19 08:45:08,887 [Listener at 127.0.0.1/40043] INFO  volume.StorageVolumeChecker (StorageVolumeChecker.java:checkAllVolumes(202)) - Scheduled health check for volume /home/runner/work/ozone/ozone/hadoop-ozone/integration-test/target/test-dir/MiniOzoneClusterImpl-43a13940-e4af-4545-ab6e-e590eff1efbb/datanode-2/data-0/containers/hdds
2022-10-19 08:45:08,900 [Listener at 127.0.0.1/40043] INFO  volume.MutableVolumeSet (MutableVolumeSet.java:initializeVolumeSet(174)) - Added Volume : /home/runner/work/ozone/ozone/hadoop-ozone/integration-test/target/test-dir/MiniOzoneClusterImpl-43a13940-e4af-4545-ab6e-e590eff1efbb/datanode-2/data/ratis to VolumeSet
2022-10-19 08:45:08,900 [Listener at 127.0.0.1/40043] INFO  volume.ThrottledAsyncChecker (ThrottledAsyncChecker.java:schedule(141)) - Scheduling a check for /home/runner/work/ozone/ozone/hadoop-ozone/integration-test/target/test-dir/MiniOzoneClusterImpl-43a13940-e4af-4545-ab6e-e590eff1efbb/datanode-2/data/ratis
2022-10-19 08:45:08,900 [Listener at 127.0.0.1/40043] INFO  volume.StorageVolumeChecker (StorageVolumeChecker.java:checkAllVolumes(202)) - Scheduled health check for volume /home/runner/work/ozone/ozone/hadoop-ozone/integration-test/target/test-dir/MiniOzoneClusterImpl-43a13940-e4af-4545-ab6e-e590eff1efbb/datanode-2/data/ratis
2022-10-19 08:45:08,915 [Thread-164] INFO  ozoneimpl.ContainerReader (ContainerReader.java:readVolume(175)) - Finish verifying containers on volume /home/runner/work/ozone/ozone/hadoop-ozone/integration-test/target/test-dir/MiniOzoneClusterImpl-43a13940-e4af-4545-ab6e-e590eff1efbb/datanode-2/data-0/containers/hdds
2022-10-19 08:45:08,916 [Listener at 127.0.0.1/40043] INFO  ozoneimpl.OzoneContainer (OzoneContainer.java:buildContainerSet(300)) - Build ContainerSet costs 0s
2022-10-19 08:45:08,921 [Listener at 127.0.0.1/40043] INFO  server.RaftServer (ConfUtils.java:logGet(46)) - raft.rpc.type = GRPC (default)
2022-10-19 08:45:08,922 [Listener at 127.0.0.1/40043] INFO  grpc.GrpcConfigKeys (ConfUtils.java:logFallback(53)) - raft.grpc.admin.host = null (fallback to raft.grpc.server.host)
2022-10-19 08:45:08,922 [Listener at 127.0.0.1/40043] INFO  grpc.GrpcConfigKeys (ConfUtils.java:logGet(46)) - raft.grpc.admin.port = 0 (custom)
2022-10-19 08:45:08,922 [Listener at 127.0.0.1/40043] INFO  grpc.GrpcConfigKeys (ConfUtils.java:logFallback(53)) - raft.grpc.client.host = null (fallback to raft.grpc.server.host)
2022-10-19 08:45:08,922 [Listener at 127.0.0.1/40043] INFO  grpc.GrpcConfigKeys (ConfUtils.java:logGet(46)) - raft.grpc.client.port = 0 (custom)
2022-10-19 08:45:08,922 [Listener at 127.0.0.1/40043] INFO  grpc.GrpcConfigKeys (ConfUtils.java:logGet(46)) - raft.grpc.server.host = null (default)
2022-10-19 08:45:08,922 [Listener at 127.0.0.1/40043] INFO  grpc.GrpcConfigKeys (ConfUtils.java:logGet(46)) - raft.grpc.server.port = 0 (default)
2022-10-19 08:45:08,922 [Listener at 127.0.0.1/40043] INFO  server.GrpcService (ConfUtils.java:logGet(46)) - raft.grpc.message.size.max = 32MB (=33554432) (custom)
2022-10-19 08:45:08,923 [Listener at 127.0.0.1/40043] INFO  server.RaftServerConfigKeys (ConfUtils.java:logGet(46)) - raft.server.log.appender.buffer.byte-limit = 33554432 (custom)
2022-10-19 08:45:08,925 [Listener at 127.0.0.1/40043] INFO  server.GrpcService (ConfUtils.java:logGet(46)) - raft.grpc.flow.control.window = 5MB (=5242880) (custom)
2022-10-19 08:45:08,925 [Listener at 127.0.0.1/40043] INFO  server.RaftServerConfigKeys (ConfUtils.java:logGet(46)) - raft.server.rpc.request.timeout = 60s (custom)
2022-10-19 08:45:08,926 [Listener at 127.0.0.1/40043] INFO  grpc.GrpcConfigKeys (ConfUtils.java:logGet(46)) - raft.grpc.server.heartbeat.channel = true (default)
2022-10-19 08:45:08,926 [Listener at 127.0.0.1/40043] INFO  grpc.GrpcConfigKeys (ConfUtils.java:logGet(46)) - raft.grpc.server.async.request.thread.pool.cached = true (default)
2022-10-19 08:45:08,926 [Listener at 127.0.0.1/40043] INFO  grpc.GrpcConfigKeys (ConfUtils.java:logGet(46)) - raft.grpc.server.async.request.thread.pool.size = 32 (default)
2022-10-19 08:45:08,927 [Listener at 127.0.0.1/40043] INFO  impl.DataStreamServerImpl (ConfUtils.java:logGet(46)) - raft.datastream.type = DISABLED (default)
2022-10-19 08:45:08,927 [Listener at 127.0.0.1/40043] INFO  server.RaftServerConfigKeys (ConfUtils.java:logGet(46)) - raft.server.threadpool.proxy.cached = true (default)
2022-10-19 08:45:08,928 [Listener at 127.0.0.1/40043] INFO  server.RaftServerConfigKeys (ConfUtils.java:logGet(46)) - raft.server.threadpool.proxy.size = 0 (default)
2022-10-19 08:45:08,928 [Listener at 127.0.0.1/40043] INFO  server.RaftServerConfigKeys (ConfUtils.java:logGet(46)) - raft.server.rpc.slowness.timeout = 300s (custom)
2022-10-19 08:45:08,928 [Listener at 127.0.0.1/40043] INFO  server.RaftServerConfigKeys (ConfUtils.java:logGet(46)) - raft.server.leaderelection.leader.step-down.wait-time = 10s (default)
2022-10-19 08:45:08,928 [Listener at 127.0.0.1/40043] INFO  server.RaftServerConfigKeys (ConfUtils.java:logGet(46)) - raft.server.storage.dir = [/home/runner/work/ozone/ozone/hadoop-ozone/integration-test/target/test-dir/MiniOzoneClusterImpl-43a13940-e4af-4545-ab6e-e590eff1efbb/datanode-2/data/ratis] (custom)
2022-10-19 08:45:08,930 [Listener at 127.0.0.1/40043] INFO  server.XceiverServerGrpc (XceiverServerGrpc.java:<init>(132)) - GrpcServer channel type EpollServerSocketChannel
2022-10-19 08:45:08,936 [Listener at 127.0.0.1/40043] INFO  http.BaseHttpServer (BaseHttpServer.java:newHttpServer2BuilderForOzone(213)) - Starting Web-server for hddsDatanode at: http://0.0.0.0:0
2022-10-19 08:45:08,936 [Listener at 127.0.0.1/40043] INFO  http.BaseHttpServer (BaseHttpServer.java:<init>(108)) - Hadoop Security Enabled: false Ozone Security Enabled: false Ozone HTTP Security Enabled: false 
2022-10-19 08:45:08,938 [Listener at 127.0.0.1/40043] WARN  server.AuthenticationFilter (AuthenticationFilter.java:constructSecretProvider(240)) - Unable to initialize FileSignerSecretProvider, falling back to use random secrets. Reason: Could not read signature secret file: /home/runner/hadoop-http-auth-signature-secret
2022-10-19 08:45:08,939 [Listener at 127.0.0.1/40043] WARN  http.HttpRequestLog (HttpRequestLog.java:getRequestLog(103)) - Jetty request log can only be enabled using Log4j
2022-10-19 08:45:08,940 [Listener at 127.0.0.1/40043] INFO  http.HttpServer2 (HttpServer2.java:addGlobalFilter(1031)) - Added global filter 'safety' (class=org.apache.hadoop.hdds.server.http.HttpServer2$QuotingInputFilter)
2022-10-19 08:45:08,941 [Listener at 127.0.0.1/40043] INFO  http.HttpServer2 (HttpServer2.java:addFilter(1007)) - Added filter static_user_filter (class=org.apache.hadoop.http.lib.StaticUserWebFilter$StaticUserFilter) to context hddsDatanode
2022-10-19 08:45:08,941 [Listener at 127.0.0.1/40043] INFO  http.HttpServer2 (HttpServer2.java:addFilter(1015)) - Added filter static_user_filter (class=org.apache.hadoop.http.lib.StaticUserWebFilter$StaticUserFilter) to context logs
2022-10-19 08:45:08,941 [Listener at 127.0.0.1/40043] INFO  http.HttpServer2 (HttpServer2.java:addFilter(1015)) - Added filter static_user_filter (class=org.apache.hadoop.http.lib.StaticUserWebFilter$StaticUserFilter) to context static
2022-10-19 08:45:08,942 [Listener at 127.0.0.1/40043] INFO  http.HttpServer2 (HttpServer2.java:bindListener(1250)) - Jetty bound to port 34749
2022-10-19 08:45:08,942 [Listener at 127.0.0.1/40043] INFO  server.Server (Server.java:doStart(375)) - jetty-9.4.43.v20210629; built: 2021-06-30T11:07:22.254Z; git: 526006ecfa3af7f1a27ef3a288e2bef7ea9dd7e8; jvm 1.8.0_345-b01
2022-10-19 08:45:08,948 [Listener at 127.0.0.1/40043] INFO  server.session (DefaultSessionIdManager.java:doStart(334)) - DefaultSessionIdManager workerName=node0
2022-10-19 08:45:08,948 [Listener at 127.0.0.1/40043] INFO  server.session (DefaultSessionIdManager.java:doStart(339)) - No SessionScavenger set, using defaults
2022-10-19 08:45:08,948 [Listener at 127.0.0.1/40043] INFO  server.session (HouseKeeper.java:startScavenging(132)) - node0 Scavenging every 660000ms
2022-10-19 08:45:08,949 [Listener at 127.0.0.1/40043] INFO  handler.ContextHandler (ContextHandler.java:doStart(915)) - Started o.e.j.s.ServletContextHandler@77e7be90{logs,/logs,file:///home/runner/work/ozone/ozone/hadoop-ozone/integration-test/target/log,AVAILABLE}
2022-10-19 08:45:08,950 [Listener at 127.0.0.1/40043] INFO  handler.ContextHandler (ContextHandler.java:doStart(915)) - Started o.e.j.s.ServletContextHandler@5439234e{static,/static,jar:file:/home/runner/.m2/repository/org/apache/ozone/hdds-container-service/1.3.0-SNAPSHOT/hdds-container-service-1.3.0-SNAPSHOT.jar!/webapps/static,AVAILABLE}
2022-10-19 08:45:09,137 [Listener at 127.0.0.1/40043] INFO  handler.ContextHandler (ContextHandler.java:doStart(915)) - Started o.e.j.w.WebAppContext@1a2c73b0{hddsDatanode,/,file:///tmp/jetty-0_0_0_0-34749-hdds-container-service-1_3_0-SNAPSHOT_jar-_-any-3083575749881197526/webapp/,AVAILABLE}{jar:file:/home/runner/.m2/repository/org/apache/ozone/hdds-container-service/1.3.0-SNAPSHOT/hdds-container-service-1.3.0-SNAPSHOT.jar!/webapps/hddsDatanode}
2022-10-19 08:45:09,138 [Listener at 127.0.0.1/40043] INFO  server.AbstractConnector (AbstractConnector.java:doStart(331)) - Started ServerConnector@7e32a4e4{HTTP/1.1, (http/1.1)}{0.0.0.0:34749}
2022-10-19 08:45:09,139 [Listener at 127.0.0.1/40043] INFO  server.Server (Server.java:doStart(415)) - Started @9740ms
2022-10-19 08:45:09,139 [Listener at 127.0.0.1/40043] WARN  impl.MetricsSystemImpl (MetricsSystemImpl.java:register(279)) - Sink prometheus already exists!
2022-10-19 08:45:09,139 [Listener at 127.0.0.1/40043] INFO  http.BaseHttpServer (BaseHttpServer.java:updateConnectorAddress(333)) - HTTP server of hddsDatanode listening at http://0.0.0.0:34749
2022-10-19 08:45:09,140 [Listener at 127.0.0.1/40043] WARN  impl.MetricRegistriesImpl (MetricRegistriesImpl.java:addReporterRegistration(111)) - New reporters are added after registries were created. Some metrics will be missing from the reporter. Please add reporter before adding any new registry.
2022-10-19 08:45:09,140 [Listener at 127.0.0.1/40043] WARN  impl.MetricRegistriesImpl (MetricRegistriesImpl.java:addReporterRegistration(111)) - New reporters are added after registries were created. Some metrics will be missing from the reporter. Please add reporter before adding any new registry.
2022-10-19 08:45:09,140 [Listener at 127.0.0.1/40043] INFO  impl.MetricsSystemImpl (MetricsSystemImpl.java:init(158)) - HddsDatanode metrics system started (again)
2022-10-19 08:45:09,147 [Datanode State Machine Daemon Thread] INFO  statemachine.DatanodeStateMachine (DatanodeStateMachine.java:lambda$startDaemon$0(492)) - Ozone container server started.
2022-10-19 08:45:09,156 [Listener at 127.0.0.1/40043] INFO  ozone.HddsDatanodeService (HddsDatanodeService.java:start(236)) - HddsDatanodeService host:fv-az447-90.tnmeiuxxsqeu3byeydcnbj0j5d.dx.internal.cloudapp.net ip:10.1.1.188
2022-10-19 08:45:09,161 [org.apache.hadoop.util.JvmPauseMonitor$Monitor@1ac1be75] INFO  util.JvmPauseMonitor (JvmPauseMonitor.java:run(188)) - Starting JVM pause monitor
2022-10-19 08:45:09,165 [Datanode State Machine Task Thread - 0] INFO  datanode.InitDatanodeState (InitDatanodeState.java:persistContainerDatanodeDetails(138)) - DatanodeDetails is persisted to /home/runner/work/ozone/ozone/hadoop-ozone/integration-test/target/test-dir/MiniOzoneClusterImpl-43a13940-e4af-4545-ab6e-e590eff1efbb/datanode-2/meta/datanode.id
2022-10-19 08:45:09,207 [Listener at 127.0.0.1/40043] INFO  upgrade.AbstractLayoutVersionManager (AbstractLayoutVersionManager.java:init(83)) - Initializing Layout version manager with metadata layout = DATANODE_SCHEMA_V3 (version = 4), software layout = DATANODE_SCHEMA_V3 (version = 4)
2022-10-19 08:45:09,251 [Listener at 127.0.0.1/40043] INFO  reflections.Reflections (Reflections.java:scan(232)) - Reflections took 42 ms to scan 7 urls, producing 137 keys and 328 values 
2022-10-19 08:45:09,252 [Listener at 127.0.0.1/40043] INFO  statemachine.DatanodeStateMachine (DatanodeStateMachine.java:getEndPointTaskThreadPoolSize(237)) - Datanode State Machine Task Thread Pool size 2
2022-10-19 08:45:09,257 [Listener at 127.0.0.1/40043] INFO  volume.HddsVolume (HddsVolume.java:<init>(117)) - Creating HddsVolume: /home/runner/work/ozone/ozone/hadoop-ozone/integration-test/target/test-dir/MiniOzoneClusterImpl-43a13940-e4af-4545-ab6e-e590eff1efbb/datanode-3/data-0/containers/hdds of storage type : DISK capacity : 9223372036854775807
2022-10-19 08:45:09,257 [Listener at 127.0.0.1/40043] INFO  volume.MutableVolumeSet (MutableVolumeSet.java:initializeVolumeSet(174)) - Added Volume : /home/runner/work/ozone/ozone/hadoop-ozone/integration-test/target/test-dir/MiniOzoneClusterImpl-43a13940-e4af-4545-ab6e-e590eff1efbb/datanode-3/data-0/containers/hdds to VolumeSet
2022-10-19 08:45:09,257 [Listener at 127.0.0.1/40043] INFO  volume.ThrottledAsyncChecker (ThrottledAsyncChecker.java:schedule(141)) - Scheduling a check for /home/runner/work/ozone/ozone/hadoop-ozone/integration-test/target/test-dir/MiniOzoneClusterImpl-43a13940-e4af-4545-ab6e-e590eff1efbb/datanode-3/data-0/containers/hdds
2022-10-19 08:45:09,260 [Listener at 127.0.0.1/40043] INFO  volume.StorageVolumeChecker (StorageVolumeChecker.java:checkAllVolumes(202)) - Scheduled health check for volume /home/runner/work/ozone/ozone/hadoop-ozone/integration-test/target/test-dir/MiniOzoneClusterImpl-43a13940-e4af-4545-ab6e-e590eff1efbb/datanode-3/data-0/containers/hdds
2022-10-19 08:45:09,272 [Listener at 127.0.0.1/40043] INFO  volume.MutableVolumeSet (MutableVolumeSet.java:initializeVolumeSet(174)) - Added Volume : /home/runner/work/ozone/ozone/hadoop-ozone/integration-test/target/test-dir/MiniOzoneClusterImpl-43a13940-e4af-4545-ab6e-e590eff1efbb/datanode-3/data/ratis to VolumeSet
2022-10-19 08:45:09,272 [Listener at 127.0.0.1/40043] INFO  volume.ThrottledAsyncChecker (ThrottledAsyncChecker.java:schedule(141)) - Scheduling a check for /home/runner/work/ozone/ozone/hadoop-ozone/integration-test/target/test-dir/MiniOzoneClusterImpl-43a13940-e4af-4545-ab6e-e590eff1efbb/datanode-3/data/ratis
2022-10-19 08:45:09,272 [Listener at 127.0.0.1/40043] INFO  volume.StorageVolumeChecker (StorageVolumeChecker.java:checkAllVolumes(202)) - Scheduled health check for volume /home/runner/work/ozone/ozone/hadoop-ozone/integration-test/target/test-dir/MiniOzoneClusterImpl-43a13940-e4af-4545-ab6e-e590eff1efbb/datanode-3/data/ratis
2022-10-19 08:45:09,285 [Thread-177] INFO  ozoneimpl.ContainerReader (ContainerReader.java:readVolume(175)) - Finish verifying containers on volume /home/runner/work/ozone/ozone/hadoop-ozone/integration-test/target/test-dir/MiniOzoneClusterImpl-43a13940-e4af-4545-ab6e-e590eff1efbb/datanode-3/data-0/containers/hdds
2022-10-19 08:45:09,286 [Listener at 127.0.0.1/40043] INFO  ozoneimpl.OzoneContainer (OzoneContainer.java:buildContainerSet(300)) - Build ContainerSet costs 0s
2022-10-19 08:45:09,288 [Listener at 127.0.0.1/40043] INFO  server.RaftServer (ConfUtils.java:logGet(46)) - raft.rpc.type = GRPC (default)
2022-10-19 08:45:09,289 [Listener at 127.0.0.1/40043] INFO  grpc.GrpcConfigKeys (ConfUtils.java:logFallback(53)) - raft.grpc.admin.host = null (fallback to raft.grpc.server.host)
2022-10-19 08:45:09,289 [Listener at 127.0.0.1/40043] INFO  grpc.GrpcConfigKeys (ConfUtils.java:logGet(46)) - raft.grpc.admin.port = 0 (custom)
2022-10-19 08:45:09,289 [Listener at 127.0.0.1/40043] INFO  grpc.GrpcConfigKeys (ConfUtils.java:logFallback(53)) - raft.grpc.client.host = null (fallback to raft.grpc.server.host)
2022-10-19 08:45:09,289 [Listener at 127.0.0.1/40043] INFO  grpc.GrpcConfigKeys (ConfUtils.java:logGet(46)) - raft.grpc.client.port = 0 (custom)
2022-10-19 08:45:09,289 [Listener at 127.0.0.1/40043] INFO  grpc.GrpcConfigKeys (ConfUtils.java:logGet(46)) - raft.grpc.server.host = null (default)
2022-10-19 08:45:09,289 [Listener at 127.0.0.1/40043] INFO  grpc.GrpcConfigKeys (ConfUtils.java:logGet(46)) - raft.grpc.server.port = 0 (default)
2022-10-19 08:45:09,290 [Listener at 127.0.0.1/40043] INFO  server.GrpcService (ConfUtils.java:logGet(46)) - raft.grpc.message.size.max = 32MB (=33554432) (custom)
2022-10-19 08:45:09,290 [Listener at 127.0.0.1/40043] INFO  server.RaftServerConfigKeys (ConfUtils.java:logGet(46)) - raft.server.log.appender.buffer.byte-limit = 33554432 (custom)
2022-10-19 08:45:09,290 [Listener at 127.0.0.1/40043] INFO  server.GrpcService (ConfUtils.java:logGet(46)) - raft.grpc.flow.control.window = 5MB (=5242880) (custom)
2022-10-19 08:45:09,290 [Listener at 127.0.0.1/40043] INFO  server.RaftServerConfigKeys (ConfUtils.java:logGet(46)) - raft.server.rpc.request.timeout = 60s (custom)
2022-10-19 08:45:09,290 [Listener at 127.0.0.1/40043] INFO  grpc.GrpcConfigKeys (ConfUtils.java:logGet(46)) - raft.grpc.server.heartbeat.channel = true (default)
2022-10-19 08:45:09,290 [Listener at 127.0.0.1/40043] INFO  grpc.GrpcConfigKeys (ConfUtils.java:logGet(46)) - raft.grpc.server.async.request.thread.pool.cached = true (default)
2022-10-19 08:45:09,290 [Listener at 127.0.0.1/40043] INFO  grpc.GrpcConfigKeys (ConfUtils.java:logGet(46)) - raft.grpc.server.async.request.thread.pool.size = 32 (default)
2022-10-19 08:45:09,293 [Listener at 127.0.0.1/40043] INFO  impl.DataStreamServerImpl (ConfUtils.java:logGet(46)) - raft.datastream.type = DISABLED (default)
2022-10-19 08:45:09,294 [Listener at 127.0.0.1/40043] INFO  server.RaftServerConfigKeys (ConfUtils.java:logGet(46)) - raft.server.threadpool.proxy.cached = true (default)
2022-10-19 08:45:09,294 [Listener at 127.0.0.1/40043] INFO  server.RaftServerConfigKeys (ConfUtils.java:logGet(46)) - raft.server.threadpool.proxy.size = 0 (default)
2022-10-19 08:45:09,294 [Listener at 127.0.0.1/40043] INFO  server.RaftServerConfigKeys (ConfUtils.java:logGet(46)) - raft.server.rpc.slowness.timeout = 300s (custom)
2022-10-19 08:45:09,294 [Listener at 127.0.0.1/40043] INFO  server.RaftServerConfigKeys (ConfUtils.java:logGet(46)) - raft.server.leaderelection.leader.step-down.wait-time = 10s (default)
2022-10-19 08:45:09,295 [Listener at 127.0.0.1/40043] INFO  server.RaftServerConfigKeys (ConfUtils.java:logGet(46)) - raft.server.storage.dir = [/home/runner/work/ozone/ozone/hadoop-ozone/integration-test/target/test-dir/MiniOzoneClusterImpl-43a13940-e4af-4545-ab6e-e590eff1efbb/datanode-3/data/ratis] (custom)
2022-10-19 08:45:09,297 [Listener at 127.0.0.1/40043] INFO  server.XceiverServerGrpc (XceiverServerGrpc.java:<init>(132)) - GrpcServer channel type EpollServerSocketChannel
2022-10-19 08:45:09,300 [Listener at 127.0.0.1/40043] INFO  http.BaseHttpServer (BaseHttpServer.java:newHttpServer2BuilderForOzone(213)) - Starting Web-server for hddsDatanode at: http://0.0.0.0:0
2022-10-19 08:45:09,300 [Listener at 127.0.0.1/40043] INFO  http.BaseHttpServer (BaseHttpServer.java:<init>(108)) - Hadoop Security Enabled: false Ozone Security Enabled: false Ozone HTTP Security Enabled: false 
2022-10-19 08:45:09,301 [Listener at 127.0.0.1/40043] WARN  server.AuthenticationFilter (AuthenticationFilter.java:constructSecretProvider(240)) - Unable to initialize FileSignerSecretProvider, falling back to use random secrets. Reason: Could not read signature secret file: /home/runner/hadoop-http-auth-signature-secret
2022-10-19 08:45:09,302 [Listener at 127.0.0.1/40043] WARN  http.HttpRequestLog (HttpRequestLog.java:getRequestLog(103)) - Jetty request log can only be enabled using Log4j
2022-10-19 08:45:09,303 [Listener at 127.0.0.1/40043] INFO  http.HttpServer2 (HttpServer2.java:addGlobalFilter(1031)) - Added global filter 'safety' (class=org.apache.hadoop.hdds.server.http.HttpServer2$QuotingInputFilter)
2022-10-19 08:45:09,304 [Listener at 127.0.0.1/40043] INFO  http.HttpServer2 (HttpServer2.java:addFilter(1007)) - Added filter static_user_filter (class=org.apache.hadoop.http.lib.StaticUserWebFilter$StaticUserFilter) to context hddsDatanode
2022-10-19 08:45:09,304 [Listener at 127.0.0.1/40043] INFO  http.HttpServer2 (HttpServer2.java:addFilter(1015)) - Added filter static_user_filter (class=org.apache.hadoop.http.lib.StaticUserWebFilter$StaticUserFilter) to context logs
2022-10-19 08:45:09,305 [Listener at 127.0.0.1/40043] INFO  http.HttpServer2 (HttpServer2.java:addFilter(1015)) - Added filter static_user_filter (class=org.apache.hadoop.http.lib.StaticUserWebFilter$StaticUserFilter) to context static
2022-10-19 08:45:09,305 [Listener at 127.0.0.1/40043] INFO  http.HttpServer2 (HttpServer2.java:bindListener(1250)) - Jetty bound to port 36951
2022-10-19 08:45:09,305 [Listener at 127.0.0.1/40043] INFO  server.Server (Server.java:doStart(375)) - jetty-9.4.43.v20210629; built: 2021-06-30T11:07:22.254Z; git: 526006ecfa3af7f1a27ef3a288e2bef7ea9dd7e8; jvm 1.8.0_345-b01
2022-10-19 08:45:09,307 [Listener at 127.0.0.1/40043] INFO  server.session (DefaultSessionIdManager.java:doStart(334)) - DefaultSessionIdManager workerName=node0
2022-10-19 08:45:09,307 [Listener at 127.0.0.1/40043] INFO  server.session (DefaultSessionIdManager.java:doStart(339)) - No SessionScavenger set, using defaults
2022-10-19 08:45:09,308 [Listener at 127.0.0.1/40043] INFO  server.session (HouseKeeper.java:startScavenging(132)) - node0 Scavenging every 600000ms
2022-10-19 08:45:09,311 [Listener at 127.0.0.1/40043] INFO  handler.ContextHandler (ContextHandler.java:doStart(915)) - Started o.e.j.s.ServletContextHandler@4a03acb6{logs,/logs,file:///home/runner/work/ozone/ozone/hadoop-ozone/integration-test/target/log,AVAILABLE}
2022-10-19 08:45:09,311 [Listener at 127.0.0.1/40043] INFO  handler.ContextHandler (ContextHandler.java:doStart(915)) - Started o.e.j.s.ServletContextHandler@7b9359ca{static,/static,jar:file:/home/runner/.m2/repository/org/apache/ozone/hdds-container-service/1.3.0-SNAPSHOT/hdds-container-service-1.3.0-SNAPSHOT.jar!/webapps/static,AVAILABLE}
2022-10-19 08:45:09,503 [Listener at 127.0.0.1/40043] INFO  handler.ContextHandler (ContextHandler.java:doStart(915)) - Started o.e.j.w.WebAppContext@1693b8dc{hddsDatanode,/,file:///tmp/jetty-0_0_0_0-36951-hdds-container-service-1_3_0-SNAPSHOT_jar-_-any-7776051271874531034/webapp/,AVAILABLE}{jar:file:/home/runner/.m2/repository/org/apache/ozone/hdds-container-service/1.3.0-SNAPSHOT/hdds-container-service-1.3.0-SNAPSHOT.jar!/webapps/hddsDatanode}
2022-10-19 08:45:09,504 [Listener at 127.0.0.1/40043] INFO  server.AbstractConnector (AbstractConnector.java:doStart(331)) - Started ServerConnector@3df463da{HTTP/1.1, (http/1.1)}{0.0.0.0:36951}
2022-10-19 08:45:09,505 [Listener at 127.0.0.1/40043] INFO  server.Server (Server.java:doStart(415)) - Started @10106ms
2022-10-19 08:45:09,505 [Listener at 127.0.0.1/40043] WARN  impl.MetricsSystemImpl (MetricsSystemImpl.java:register(279)) - Sink prometheus already exists!
2022-10-19 08:45:09,506 [Listener at 127.0.0.1/40043] INFO  http.BaseHttpServer (BaseHttpServer.java:updateConnectorAddress(333)) - HTTP server of hddsDatanode listening at http://0.0.0.0:36951
2022-10-19 08:45:09,508 [Listener at 127.0.0.1/40043] WARN  impl.MetricRegistriesImpl (MetricRegistriesImpl.java:addReporterRegistration(111)) - New reporters are added after registries were created. Some metrics will be missing from the reporter. Please add reporter before adding any new registry.
2022-10-19 08:45:09,508 [Listener at 127.0.0.1/40043] WARN  impl.MetricRegistriesImpl (MetricRegistriesImpl.java:addReporterRegistration(111)) - New reporters are added after registries were created. Some metrics will be missing from the reporter. Please add reporter before adding any new registry.
2022-10-19 08:45:09,508 [Listener at 127.0.0.1/40043] INFO  impl.MetricsSystemImpl (MetricsSystemImpl.java:init(158)) - HddsDatanode metrics system started (again)
2022-10-19 08:45:09,511 [Datanode State Machine Daemon Thread] INFO  statemachine.DatanodeStateMachine (DatanodeStateMachine.java:lambda$startDaemon$0(492)) - Ozone container server started.
2022-10-19 08:45:09,520 [org.apache.hadoop.util.JvmPauseMonitor$Monitor@44a76bee] INFO  util.JvmPauseMonitor (JvmPauseMonitor.java:run(188)) - Starting JVM pause monitor
2022-10-19 08:45:09,521 [Listener at 127.0.0.1/40043] INFO  ozone.HddsDatanodeService (HddsDatanodeService.java:start(236)) - HddsDatanodeService host:fv-az447-90.tnmeiuxxsqeu3byeydcnbj0j5d.dx.internal.cloudapp.net ip:10.1.1.188
2022-10-19 08:45:09,529 [Datanode State Machine Task Thread - 0] INFO  datanode.InitDatanodeState (InitDatanodeState.java:persistContainerDatanodeDetails(138)) - DatanodeDetails is persisted to /home/runner/work/ozone/ozone/hadoop-ozone/integration-test/target/test-dir/MiniOzoneClusterImpl-43a13940-e4af-4545-ab6e-e590eff1efbb/datanode-3/meta/datanode.id
2022-10-19 08:45:09,546 [Listener at 127.0.0.1/40043] INFO  upgrade.AbstractLayoutVersionManager (AbstractLayoutVersionManager.java:init(83)) - Initializing Layout version manager with metadata layout = DATANODE_SCHEMA_V3 (version = 4), software layout = DATANODE_SCHEMA_V3 (version = 4)
2022-10-19 08:45:09,591 [Listener at 127.0.0.1/40043] INFO  reflections.Reflections (Reflections.java:scan(232)) - Reflections took 44 ms to scan 7 urls, producing 137 keys and 328 values 
2022-10-19 08:45:09,592 [Listener at 127.0.0.1/40043] INFO  statemachine.DatanodeStateMachine (DatanodeStateMachine.java:getEndPointTaskThreadPoolSize(237)) - Datanode State Machine Task Thread Pool size 2
2022-10-19 08:45:09,597 [Listener at 127.0.0.1/40043] INFO  volume.HddsVolume (HddsVolume.java:<init>(117)) - Creating HddsVolume: /home/runner/work/ozone/ozone/hadoop-ozone/integration-test/target/test-dir/MiniOzoneClusterImpl-43a13940-e4af-4545-ab6e-e590eff1efbb/datanode-4/data-0/containers/hdds of storage type : DISK capacity : 9223372036854775807
2022-10-19 08:45:09,597 [Listener at 127.0.0.1/40043] INFO  volume.MutableVolumeSet (MutableVolumeSet.java:initializeVolumeSet(174)) - Added Volume : /home/runner/work/ozone/ozone/hadoop-ozone/integration-test/target/test-dir/MiniOzoneClusterImpl-43a13940-e4af-4545-ab6e-e590eff1efbb/datanode-4/data-0/containers/hdds to VolumeSet
2022-10-19 08:45:09,597 [Listener at 127.0.0.1/40043] INFO  volume.ThrottledAsyncChecker (ThrottledAsyncChecker.java:schedule(141)) - Scheduling a check for /home/runner/work/ozone/ozone/hadoop-ozone/integration-test/target/test-dir/MiniOzoneClusterImpl-43a13940-e4af-4545-ab6e-e590eff1efbb/datanode-4/data-0/containers/hdds
2022-10-19 08:45:09,599 [Listener at 127.0.0.1/40043] INFO  volume.StorageVolumeChecker (StorageVolumeChecker.java:checkAllVolumes(202)) - Scheduled health check for volume /home/runner/work/ozone/ozone/hadoop-ozone/integration-test/target/test-dir/MiniOzoneClusterImpl-43a13940-e4af-4545-ab6e-e590eff1efbb/datanode-4/data-0/containers/hdds
2022-10-19 08:45:09,611 [Listener at 127.0.0.1/40043] INFO  volume.MutableVolumeSet (MutableVolumeSet.java:initializeVolumeSet(174)) - Added Volume : /home/runner/work/ozone/ozone/hadoop-ozone/integration-test/target/test-dir/MiniOzoneClusterImpl-43a13940-e4af-4545-ab6e-e590eff1efbb/datanode-4/data/ratis to VolumeSet
2022-10-19 08:45:09,611 [Listener at 127.0.0.1/40043] INFO  volume.ThrottledAsyncChecker (ThrottledAsyncChecker.java:schedule(141)) - Scheduling a check for /home/runner/work/ozone/ozone/hadoop-ozone/integration-test/target/test-dir/MiniOzoneClusterImpl-43a13940-e4af-4545-ab6e-e590eff1efbb/datanode-4/data/ratis
2022-10-19 08:45:09,611 [Listener at 127.0.0.1/40043] INFO  volume.StorageVolumeChecker (StorageVolumeChecker.java:checkAllVolumes(202)) - Scheduled health check for volume /home/runner/work/ozone/ozone/hadoop-ozone/integration-test/target/test-dir/MiniOzoneClusterImpl-43a13940-e4af-4545-ab6e-e590eff1efbb/datanode-4/data/ratis
2022-10-19 08:45:09,622 [Thread-190] INFO  ozoneimpl.ContainerReader (ContainerReader.java:readVolume(175)) - Finish verifying containers on volume /home/runner/work/ozone/ozone/hadoop-ozone/integration-test/target/test-dir/MiniOzoneClusterImpl-43a13940-e4af-4545-ab6e-e590eff1efbb/datanode-4/data-0/containers/hdds
2022-10-19 08:45:09,622 [Listener at 127.0.0.1/40043] INFO  ozoneimpl.OzoneContainer (OzoneContainer.java:buildContainerSet(300)) - Build ContainerSet costs 0s
2022-10-19 08:45:09,625 [Listener at 127.0.0.1/40043] INFO  server.RaftServer (ConfUtils.java:logGet(46)) - raft.rpc.type = GRPC (default)
2022-10-19 08:45:09,625 [Listener at 127.0.0.1/40043] INFO  grpc.GrpcConfigKeys (ConfUtils.java:logFallback(53)) - raft.grpc.admin.host = null (fallback to raft.grpc.server.host)
2022-10-19 08:45:09,625 [Listener at 127.0.0.1/40043] INFO  grpc.GrpcConfigKeys (ConfUtils.java:logGet(46)) - raft.grpc.admin.port = 0 (custom)
2022-10-19 08:45:09,625 [Listener at 127.0.0.1/40043] INFO  grpc.GrpcConfigKeys (ConfUtils.java:logFallback(53)) - raft.grpc.client.host = null (fallback to raft.grpc.server.host)
2022-10-19 08:45:09,625 [Listener at 127.0.0.1/40043] INFO  grpc.GrpcConfigKeys (ConfUtils.java:logGet(46)) - raft.grpc.client.port = 0 (custom)
2022-10-19 08:45:09,626 [Listener at 127.0.0.1/40043] INFO  grpc.GrpcConfigKeys (ConfUtils.java:logGet(46)) - raft.grpc.server.host = null (default)
2022-10-19 08:45:09,626 [Listener at 127.0.0.1/40043] INFO  grpc.GrpcConfigKeys (ConfUtils.java:logGet(46)) - raft.grpc.server.port = 0 (default)
2022-10-19 08:45:09,626 [Listener at 127.0.0.1/40043] INFO  server.GrpcService (ConfUtils.java:logGet(46)) - raft.grpc.message.size.max = 32MB (=33554432) (custom)
2022-10-19 08:45:09,626 [Listener at 127.0.0.1/40043] INFO  server.RaftServerConfigKeys (ConfUtils.java:logGet(46)) - raft.server.log.appender.buffer.byte-limit = 33554432 (custom)
2022-10-19 08:45:09,626 [Listener at 127.0.0.1/40043] INFO  server.GrpcService (ConfUtils.java:logGet(46)) - raft.grpc.flow.control.window = 5MB (=5242880) (custom)
2022-10-19 08:45:09,626 [Listener at 127.0.0.1/40043] INFO  server.RaftServerConfigKeys (ConfUtils.java:logGet(46)) - raft.server.rpc.request.timeout = 60s (custom)
2022-10-19 08:45:09,626 [Listener at 127.0.0.1/40043] INFO  grpc.GrpcConfigKeys (ConfUtils.java:logGet(46)) - raft.grpc.server.heartbeat.channel = true (default)
2022-10-19 08:45:09,627 [Listener at 127.0.0.1/40043] INFO  grpc.GrpcConfigKeys (ConfUtils.java:logGet(46)) - raft.grpc.server.async.request.thread.pool.cached = true (default)
2022-10-19 08:45:09,627 [Listener at 127.0.0.1/40043] INFO  grpc.GrpcConfigKeys (ConfUtils.java:logGet(46)) - raft.grpc.server.async.request.thread.pool.size = 32 (default)
2022-10-19 08:45:09,628 [Listener at 127.0.0.1/40043] INFO  impl.DataStreamServerImpl (ConfUtils.java:logGet(46)) - raft.datastream.type = DISABLED (default)
2022-10-19 08:45:09,628 [Listener at 127.0.0.1/40043] INFO  server.RaftServerConfigKeys (ConfUtils.java:logGet(46)) - raft.server.threadpool.proxy.cached = true (default)
2022-10-19 08:45:09,628 [Listener at 127.0.0.1/40043] INFO  server.RaftServerConfigKeys (ConfUtils.java:logGet(46)) - raft.server.threadpool.proxy.size = 0 (default)
2022-10-19 08:45:09,628 [Listener at 127.0.0.1/40043] INFO  server.RaftServerConfigKeys (ConfUtils.java:logGet(46)) - raft.server.rpc.slowness.timeout = 300s (custom)
2022-10-19 08:45:09,629 [Listener at 127.0.0.1/40043] INFO  server.RaftServerConfigKeys (ConfUtils.java:logGet(46)) - raft.server.leaderelection.leader.step-down.wait-time = 10s (default)
2022-10-19 08:45:09,629 [Listener at 127.0.0.1/40043] INFO  server.RaftServerConfigKeys (ConfUtils.java:logGet(46)) - raft.server.storage.dir = [/home/runner/work/ozone/ozone/hadoop-ozone/integration-test/target/test-dir/MiniOzoneClusterImpl-43a13940-e4af-4545-ab6e-e590eff1efbb/datanode-4/data/ratis] (custom)
2022-10-19 08:45:09,630 [Listener at 127.0.0.1/40043] INFO  server.XceiverServerGrpc (XceiverServerGrpc.java:<init>(132)) - GrpcServer channel type EpollServerSocketChannel
2022-10-19 08:45:09,636 [Listener at 127.0.0.1/40043] INFO  http.BaseHttpServer (BaseHttpServer.java:newHttpServer2BuilderForOzone(213)) - Starting Web-server for hddsDatanode at: http://0.0.0.0:0
2022-10-19 08:45:09,636 [Listener at 127.0.0.1/40043] INFO  http.BaseHttpServer (BaseHttpServer.java:<init>(108)) - Hadoop Security Enabled: false Ozone Security Enabled: false Ozone HTTP Security Enabled: false 
2022-10-19 08:45:09,637 [Listener at 127.0.0.1/40043] WARN  server.AuthenticationFilter (AuthenticationFilter.java:constructSecretProvider(240)) - Unable to initialize FileSignerSecretProvider, falling back to use random secrets. Reason: Could not read signature secret file: /home/runner/hadoop-http-auth-signature-secret
2022-10-19 08:45:09,638 [Listener at 127.0.0.1/40043] WARN  http.HttpRequestLog (HttpRequestLog.java:getRequestLog(103)) - Jetty request log can only be enabled using Log4j
2022-10-19 08:45:09,639 [Listener at 127.0.0.1/40043] INFO  http.HttpServer2 (HttpServer2.java:addGlobalFilter(1031)) - Added global filter 'safety' (class=org.apache.hadoop.hdds.server.http.HttpServer2$QuotingInputFilter)
2022-10-19 08:45:09,640 [Listener at 127.0.0.1/40043] INFO  http.HttpServer2 (HttpServer2.java:addFilter(1007)) - Added filter static_user_filter (class=org.apache.hadoop.http.lib.StaticUserWebFilter$StaticUserFilter) to context hddsDatanode
2022-10-19 08:45:09,640 [Listener at 127.0.0.1/40043] INFO  http.HttpServer2 (HttpServer2.java:addFilter(1015)) - Added filter static_user_filter (class=org.apache.hadoop.http.lib.StaticUserWebFilter$StaticUserFilter) to context logs
2022-10-19 08:45:09,640 [Listener at 127.0.0.1/40043] INFO  http.HttpServer2 (HttpServer2.java:addFilter(1015)) - Added filter static_user_filter (class=org.apache.hadoop.http.lib.StaticUserWebFilter$StaticUserFilter) to context static
2022-10-19 08:45:09,641 [Listener at 127.0.0.1/40043] INFO  http.HttpServer2 (HttpServer2.java:bindListener(1250)) - Jetty bound to port 38623
2022-10-19 08:45:09,641 [Listener at 127.0.0.1/40043] INFO  server.Server (Server.java:doStart(375)) - jetty-9.4.43.v20210629; built: 2021-06-30T11:07:22.254Z; git: 526006ecfa3af7f1a27ef3a288e2bef7ea9dd7e8; jvm 1.8.0_345-b01
2022-10-19 08:45:09,643 [Listener at 127.0.0.1/40043] INFO  server.session (DefaultSessionIdManager.java:doStart(334)) - DefaultSessionIdManager workerName=node0
2022-10-19 08:45:09,643 [Listener at 127.0.0.1/40043] INFO  server.session (DefaultSessionIdManager.java:doStart(339)) - No SessionScavenger set, using defaults
2022-10-19 08:45:09,643 [Listener at 127.0.0.1/40043] INFO  server.session (HouseKeeper.java:startScavenging(132)) - node0 Scavenging every 600000ms
2022-10-19 08:45:09,644 [Listener at 127.0.0.1/40043] INFO  handler.ContextHandler (ContextHandler.java:doStart(915)) - Started o.e.j.s.ServletContextHandler@7cde748f{logs,/logs,file:///home/runner/work/ozone/ozone/hadoop-ozone/integration-test/target/log,AVAILABLE}
2022-10-19 08:45:09,644 [Listener at 127.0.0.1/40043] INFO  handler.ContextHandler (ContextHandler.java:doStart(915)) - Started o.e.j.s.ServletContextHandler@522c56e8{static,/static,jar:file:/home/runner/.m2/repository/org/apache/ozone/hdds-container-service/1.3.0-SNAPSHOT/hdds-container-service-1.3.0-SNAPSHOT.jar!/webapps/static,AVAILABLE}
2022-10-19 08:45:09,824 [Listener at 127.0.0.1/40043] INFO  handler.ContextHandler (ContextHandler.java:doStart(915)) - Started o.e.j.w.WebAppContext@315bf7c1{hddsDatanode,/,file:///tmp/jetty-0_0_0_0-38623-hdds-container-service-1_3_0-SNAPSHOT_jar-_-any-8853308352483905854/webapp/,AVAILABLE}{jar:file:/home/runner/.m2/repository/org/apache/ozone/hdds-container-service/1.3.0-SNAPSHOT/hdds-container-service-1.3.0-SNAPSHOT.jar!/webapps/hddsDatanode}
2022-10-19 08:45:09,825 [Listener at 127.0.0.1/40043] INFO  server.AbstractConnector (AbstractConnector.java:doStart(331)) - Started ServerConnector@41709aa8{HTTP/1.1, (http/1.1)}{0.0.0.0:38623}
2022-10-19 08:45:09,826 [Listener at 127.0.0.1/40043] INFO  server.Server (Server.java:doStart(415)) - Started @10427ms
2022-10-19 08:45:09,826 [Listener at 127.0.0.1/40043] WARN  impl.MetricsSystemImpl (MetricsSystemImpl.java:register(279)) - Sink prometheus already exists!
2022-10-19 08:45:09,826 [Listener at 127.0.0.1/40043] INFO  http.BaseHttpServer (BaseHttpServer.java:updateConnectorAddress(333)) - HTTP server of hddsDatanode listening at http://0.0.0.0:38623
2022-10-19 08:45:09,829 [Listener at 127.0.0.1/40043] WARN  impl.MetricRegistriesImpl (MetricRegistriesImpl.java:addReporterRegistration(111)) - New reporters are added after registries were created. Some metrics will be missing from the reporter. Please add reporter before adding any new registry.
2022-10-19 08:45:09,829 [Listener at 127.0.0.1/40043] WARN  impl.MetricRegistriesImpl (MetricRegistriesImpl.java:addReporterRegistration(111)) - New reporters are added after registries were created. Some metrics will be missing from the reporter. Please add reporter before adding any new registry.
2022-10-19 08:45:09,829 [Listener at 127.0.0.1/40043] INFO  impl.MetricsSystemImpl (MetricsSystemImpl.java:init(158)) - HddsDatanode metrics system started (again)
2022-10-19 08:45:09,830 [Datanode State Machine Daemon Thread] INFO  statemachine.DatanodeStateMachine (DatanodeStateMachine.java:lambda$startDaemon$0(492)) - Ozone container server started.
2022-10-19 08:45:09,847 [Listener at 127.0.0.1/40043] INFO  ozone.HddsDatanodeService (HddsDatanodeService.java:start(236)) - HddsDatanodeService host:fv-az447-90.tnmeiuxxsqeu3byeydcnbj0j5d.dx.internal.cloudapp.net ip:10.1.1.188
2022-10-19 08:45:09,848 [org.apache.hadoop.util.JvmPauseMonitor$Monitor@47cf9b00] INFO  util.JvmPauseMonitor (JvmPauseMonitor.java:run(188)) - Starting JVM pause monitor
2022-10-19 08:45:09,849 [Datanode State Machine Task Thread - 0] INFO  datanode.InitDatanodeState (InitDatanodeState.java:persistContainerDatanodeDetails(138)) - DatanodeDetails is persisted to /home/runner/work/ozone/ozone/hadoop-ozone/integration-test/target/test-dir/MiniOzoneClusterImpl-43a13940-e4af-4545-ab6e-e590eff1efbb/datanode-4/meta/datanode.id
2022-10-19 08:45:09,872 [Listener at 127.0.0.1/40043] INFO  upgrade.AbstractLayoutVersionManager (AbstractLayoutVersionManager.java:init(83)) - Initializing Layout version manager with metadata layout = DATANODE_SCHEMA_V3 (version = 4), software layout = DATANODE_SCHEMA_V3 (version = 4)
2022-10-19 08:45:09,920 [Listener at 127.0.0.1/40043] INFO  reflections.Reflections (Reflections.java:scan(232)) - Reflections took 47 ms to scan 7 urls, producing 137 keys and 328 values 
2022-10-19 08:45:09,921 [Listener at 127.0.0.1/40043] INFO  statemachine.DatanodeStateMachine (DatanodeStateMachine.java:getEndPointTaskThreadPoolSize(237)) - Datanode State Machine Task Thread Pool size 2
2022-10-19 08:45:09,924 [Listener at 127.0.0.1/40043] INFO  volume.HddsVolume (HddsVolume.java:<init>(117)) - Creating HddsVolume: /home/runner/work/ozone/ozone/hadoop-ozone/integration-test/target/test-dir/MiniOzoneClusterImpl-43a13940-e4af-4545-ab6e-e590eff1efbb/datanode-5/data-0/containers/hdds of storage type : DISK capacity : 9223372036854775807
2022-10-19 08:45:09,924 [Listener at 127.0.0.1/40043] INFO  volume.MutableVolumeSet (MutableVolumeSet.java:initializeVolumeSet(174)) - Added Volume : /home/runner/work/ozone/ozone/hadoop-ozone/integration-test/target/test-dir/MiniOzoneClusterImpl-43a13940-e4af-4545-ab6e-e590eff1efbb/datanode-5/data-0/containers/hdds to VolumeSet
2022-10-19 08:45:09,924 [Listener at 127.0.0.1/40043] INFO  volume.ThrottledAsyncChecker (ThrottledAsyncChecker.java:schedule(141)) - Scheduling a check for /home/runner/work/ozone/ozone/hadoop-ozone/integration-test/target/test-dir/MiniOzoneClusterImpl-43a13940-e4af-4545-ab6e-e590eff1efbb/datanode-5/data-0/containers/hdds
2022-10-19 08:45:09,925 [Listener at 127.0.0.1/40043] INFO  volume.StorageVolumeChecker (StorageVolumeChecker.java:checkAllVolumes(202)) - Scheduled health check for volume /home/runner/work/ozone/ozone/hadoop-ozone/integration-test/target/test-dir/MiniOzoneClusterImpl-43a13940-e4af-4545-ab6e-e590eff1efbb/datanode-5/data-0/containers/hdds
2022-10-19 08:45:09,937 [Listener at 127.0.0.1/40043] INFO  volume.MutableVolumeSet (MutableVolumeSet.java:initializeVolumeSet(174)) - Added Volume : /home/runner/work/ozone/ozone/hadoop-ozone/integration-test/target/test-dir/MiniOzoneClusterImpl-43a13940-e4af-4545-ab6e-e590eff1efbb/datanode-5/data/ratis to VolumeSet
2022-10-19 08:45:09,937 [Listener at 127.0.0.1/40043] INFO  volume.ThrottledAsyncChecker (ThrottledAsyncChecker.java:schedule(141)) - Scheduling a check for /home/runner/work/ozone/ozone/hadoop-ozone/integration-test/target/test-dir/MiniOzoneClusterImpl-43a13940-e4af-4545-ab6e-e590eff1efbb/datanode-5/data/ratis
2022-10-19 08:45:09,938 [Listener at 127.0.0.1/40043] INFO  volume.StorageVolumeChecker (StorageVolumeChecker.java:checkAllVolumes(202)) - Scheduled health check for volume /home/runner/work/ozone/ozone/hadoop-ozone/integration-test/target/test-dir/MiniOzoneClusterImpl-43a13940-e4af-4545-ab6e-e590eff1efbb/datanode-5/data/ratis
2022-10-19 08:45:09,952 [Thread-203] INFO  ozoneimpl.ContainerReader (ContainerReader.java:readVolume(175)) - Finish verifying containers on volume /home/runner/work/ozone/ozone/hadoop-ozone/integration-test/target/test-dir/MiniOzoneClusterImpl-43a13940-e4af-4545-ab6e-e590eff1efbb/datanode-5/data-0/containers/hdds
2022-10-19 08:45:09,952 [Listener at 127.0.0.1/40043] INFO  ozoneimpl.OzoneContainer (OzoneContainer.java:buildContainerSet(300)) - Build ContainerSet costs 0s
2022-10-19 08:45:09,955 [Listener at 127.0.0.1/40043] INFO  server.RaftServer (ConfUtils.java:logGet(46)) - raft.rpc.type = GRPC (default)
2022-10-19 08:45:09,955 [Listener at 127.0.0.1/40043] INFO  grpc.GrpcConfigKeys (ConfUtils.java:logFallback(53)) - raft.grpc.admin.host = null (fallback to raft.grpc.server.host)
2022-10-19 08:45:09,955 [Listener at 127.0.0.1/40043] INFO  grpc.GrpcConfigKeys (ConfUtils.java:logGet(46)) - raft.grpc.admin.port = 0 (custom)
2022-10-19 08:45:09,955 [Listener at 127.0.0.1/40043] INFO  grpc.GrpcConfigKeys (ConfUtils.java:logFallback(53)) - raft.grpc.client.host = null (fallback to raft.grpc.server.host)
2022-10-19 08:45:09,956 [Listener at 127.0.0.1/40043] INFO  grpc.GrpcConfigKeys (ConfUtils.java:logGet(46)) - raft.grpc.client.port = 0 (custom)
2022-10-19 08:45:09,956 [Listener at 127.0.0.1/40043] INFO  grpc.GrpcConfigKeys (ConfUtils.java:logGet(46)) - raft.grpc.server.host = null (default)
2022-10-19 08:45:09,956 [Listener at 127.0.0.1/40043] INFO  grpc.GrpcConfigKeys (ConfUtils.java:logGet(46)) - raft.grpc.server.port = 0 (default)
2022-10-19 08:45:09,956 [Listener at 127.0.0.1/40043] INFO  server.GrpcService (ConfUtils.java:logGet(46)) - raft.grpc.message.size.max = 32MB (=33554432) (custom)
2022-10-19 08:45:09,956 [Listener at 127.0.0.1/40043] INFO  server.RaftServerConfigKeys (ConfUtils.java:logGet(46)) - raft.server.log.appender.buffer.byte-limit = 33554432 (custom)
2022-10-19 08:45:09,956 [Listener at 127.0.0.1/40043] INFO  server.GrpcService (ConfUtils.java:logGet(46)) - raft.grpc.flow.control.window = 5MB (=5242880) (custom)
2022-10-19 08:45:09,956 [Listener at 127.0.0.1/40043] INFO  server.RaftServerConfigKeys (ConfUtils.java:logGet(46)) - raft.server.rpc.request.timeout = 60s (custom)
2022-10-19 08:45:09,957 [Listener at 127.0.0.1/40043] INFO  grpc.GrpcConfigKeys (ConfUtils.java:logGet(46)) - raft.grpc.server.heartbeat.channel = true (default)
2022-10-19 08:45:09,957 [Listener at 127.0.0.1/40043] INFO  grpc.GrpcConfigKeys (ConfUtils.java:logGet(46)) - raft.grpc.server.async.request.thread.pool.cached = true (default)
2022-10-19 08:45:09,957 [Listener at 127.0.0.1/40043] INFO  grpc.GrpcConfigKeys (ConfUtils.java:logGet(46)) - raft.grpc.server.async.request.thread.pool.size = 32 (default)
2022-10-19 08:45:09,958 [Listener at 127.0.0.1/40043] INFO  impl.DataStreamServerImpl (ConfUtils.java:logGet(46)) - raft.datastream.type = DISABLED (default)
2022-10-19 08:45:09,958 [Listener at 127.0.0.1/40043] INFO  server.RaftServerConfigKeys (ConfUtils.java:logGet(46)) - raft.server.threadpool.proxy.cached = true (default)
2022-10-19 08:45:09,958 [Listener at 127.0.0.1/40043] INFO  server.RaftServerConfigKeys (ConfUtils.java:logGet(46)) - raft.server.threadpool.proxy.size = 0 (default)
2022-10-19 08:45:09,959 [Listener at 127.0.0.1/40043] INFO  server.RaftServerConfigKeys (ConfUtils.java:logGet(46)) - raft.server.rpc.slowness.timeout = 300s (custom)
2022-10-19 08:45:09,959 [Listener at 127.0.0.1/40043] INFO  server.RaftServerConfigKeys (ConfUtils.java:logGet(46)) - raft.server.leaderelection.leader.step-down.wait-time = 10s (default)
2022-10-19 08:45:09,959 [Listener at 127.0.0.1/40043] INFO  server.RaftServerConfigKeys (ConfUtils.java:logGet(46)) - raft.server.storage.dir = [/home/runner/work/ozone/ozone/hadoop-ozone/integration-test/target/test-dir/MiniOzoneClusterImpl-43a13940-e4af-4545-ab6e-e590eff1efbb/datanode-5/data/ratis] (custom)
2022-10-19 08:45:09,962 [Listener at 127.0.0.1/40043] INFO  server.XceiverServerGrpc (XceiverServerGrpc.java:<init>(132)) - GrpcServer channel type EpollServerSocketChannel
2022-10-19 08:45:09,968 [Listener at 127.0.0.1/40043] INFO  http.BaseHttpServer (BaseHttpServer.java:newHttpServer2BuilderForOzone(213)) - Starting Web-server for hddsDatanode at: http://0.0.0.0:0
2022-10-19 08:45:09,968 [Listener at 127.0.0.1/40043] INFO  http.BaseHttpServer (BaseHttpServer.java:<init>(108)) - Hadoop Security Enabled: false Ozone Security Enabled: false Ozone HTTP Security Enabled: false 
2022-10-19 08:45:09,970 [Listener at 127.0.0.1/40043] WARN  server.AuthenticationFilter (AuthenticationFilter.java:constructSecretProvider(240)) - Unable to initialize FileSignerSecretProvider, falling back to use random secrets. Reason: Could not read signature secret file: /home/runner/hadoop-http-auth-signature-secret
2022-10-19 08:45:09,971 [Listener at 127.0.0.1/40043] WARN  http.HttpRequestLog (HttpRequestLog.java:getRequestLog(103)) - Jetty request log can only be enabled using Log4j
2022-10-19 08:45:09,972 [Listener at 127.0.0.1/40043] INFO  http.HttpServer2 (HttpServer2.java:addGlobalFilter(1031)) - Added global filter 'safety' (class=org.apache.hadoop.hdds.server.http.HttpServer2$QuotingInputFilter)
2022-10-19 08:45:09,973 [Listener at 127.0.0.1/40043] INFO  http.HttpServer2 (HttpServer2.java:addFilter(1007)) - Added filter static_user_filter (class=org.apache.hadoop.http.lib.StaticUserWebFilter$StaticUserFilter) to context hddsDatanode
2022-10-19 08:45:09,973 [Listener at 127.0.0.1/40043] INFO  http.HttpServer2 (HttpServer2.java:addFilter(1015)) - Added filter static_user_filter (class=org.apache.hadoop.http.lib.StaticUserWebFilter$StaticUserFilter) to context static
2022-10-19 08:45:09,973 [Listener at 127.0.0.1/40043] INFO  http.HttpServer2 (HttpServer2.java:addFilter(1015)) - Added filter static_user_filter (class=org.apache.hadoop.http.lib.StaticUserWebFilter$StaticUserFilter) to context logs
2022-10-19 08:45:09,974 [Listener at 127.0.0.1/40043] INFO  http.HttpServer2 (HttpServer2.java:bindListener(1250)) - Jetty bound to port 45455
2022-10-19 08:45:09,974 [Listener at 127.0.0.1/40043] INFO  server.Server (Server.java:doStart(375)) - jetty-9.4.43.v20210629; built: 2021-06-30T11:07:22.254Z; git: 526006ecfa3af7f1a27ef3a288e2bef7ea9dd7e8; jvm 1.8.0_345-b01
2022-10-19 08:45:09,977 [Listener at 127.0.0.1/40043] INFO  server.session (DefaultSessionIdManager.java:doStart(334)) - DefaultSessionIdManager workerName=node0
2022-10-19 08:45:09,977 [Listener at 127.0.0.1/40043] INFO  server.session (DefaultSessionIdManager.java:doStart(339)) - No SessionScavenger set, using defaults
2022-10-19 08:45:09,977 [Listener at 127.0.0.1/40043] INFO  server.session (HouseKeeper.java:startScavenging(132)) - node0 Scavenging every 600000ms
2022-10-19 08:45:09,978 [Listener at 127.0.0.1/40043] INFO  handler.ContextHandler (ContextHandler.java:doStart(915)) - Started o.e.j.s.ServletContextHandler@1597d021{logs,/logs,file:///home/runner/work/ozone/ozone/hadoop-ozone/integration-test/target/log,AVAILABLE}
2022-10-19 08:45:09,978 [Listener at 127.0.0.1/40043] INFO  handler.ContextHandler (ContextHandler.java:doStart(915)) - Started o.e.j.s.ServletContextHandler@26c3b371{static,/static,jar:file:/home/runner/.m2/repository/org/apache/ozone/hdds-container-service/1.3.0-SNAPSHOT/hdds-container-service-1.3.0-SNAPSHOT.jar!/webapps/static,AVAILABLE}
2022-10-19 08:45:10,163 [Listener at 127.0.0.1/40043] INFO  handler.ContextHandler (ContextHandler.java:doStart(915)) - Started o.e.j.w.WebAppContext@60dac476{hddsDatanode,/,file:///tmp/jetty-0_0_0_0-45455-hdds-container-service-1_3_0-SNAPSHOT_jar-_-any-4632493716608341636/webapp/,AVAILABLE}{jar:file:/home/runner/.m2/repository/org/apache/ozone/hdds-container-service/1.3.0-SNAPSHOT/hdds-container-service-1.3.0-SNAPSHOT.jar!/webapps/hddsDatanode}
2022-10-19 08:45:10,165 [Listener at 127.0.0.1/40043] INFO  server.AbstractConnector (AbstractConnector.java:doStart(331)) - Started ServerConnector@7408e122{HTTP/1.1, (http/1.1)}{0.0.0.0:45455}
2022-10-19 08:45:10,165 [Listener at 127.0.0.1/40043] INFO  server.Server (Server.java:doStart(415)) - Started @10766ms
2022-10-19 08:45:10,165 [Listener at 127.0.0.1/40043] WARN  impl.MetricsSystemImpl (MetricsSystemImpl.java:register(279)) - Sink prometheus already exists!
2022-10-19 08:45:10,166 [Listener at 127.0.0.1/40043] INFO  http.BaseHttpServer (BaseHttpServer.java:updateConnectorAddress(333)) - HTTP server of hddsDatanode listening at http://0.0.0.0:45455
2022-10-19 08:45:10,168 [Listener at 127.0.0.1/40043] WARN  impl.MetricRegistriesImpl (MetricRegistriesImpl.java:addReporterRegistration(111)) - New reporters are added after registries were created. Some metrics will be missing from the reporter. Please add reporter before adding any new registry.
2022-10-19 08:45:10,168 [Listener at 127.0.0.1/40043] WARN  impl.MetricRegistriesImpl (MetricRegistriesImpl.java:addReporterRegistration(111)) - New reporters are added after registries were created. Some metrics will be missing from the reporter. Please add reporter before adding any new registry.
2022-10-19 08:45:10,168 [Listener at 127.0.0.1/40043] INFO  impl.MetricsSystemImpl (MetricsSystemImpl.java:init(158)) - HddsDatanode metrics system started (again)
2022-10-19 08:45:10,175 [Datanode State Machine Daemon Thread] INFO  statemachine.DatanodeStateMachine (DatanodeStateMachine.java:lambda$startDaemon$0(492)) - Ozone container server started.
2022-10-19 08:45:10,190 [org.apache.hadoop.util.JvmPauseMonitor$Monitor@c2ea44e] INFO  util.JvmPauseMonitor (JvmPauseMonitor.java:run(188)) - Starting JVM pause monitor
2022-10-19 08:45:10,192 [Datanode State Machine Task Thread - 0] INFO  datanode.InitDatanodeState (InitDatanodeState.java:persistContainerDatanodeDetails(138)) - DatanodeDetails is persisted to /home/runner/work/ozone/ozone/hadoop-ozone/integration-test/target/test-dir/MiniOzoneClusterImpl-43a13940-e4af-4545-ab6e-e590eff1efbb/datanode-5/meta/datanode.id
2022-10-19 08:45:10,196 [Listener at 127.0.0.1/40043] INFO  ozone.HddsDatanodeService (HddsDatanodeService.java:start(236)) - HddsDatanodeService host:fv-az447-90.tnmeiuxxsqeu3byeydcnbj0j5d.dx.internal.cloudapp.net ip:10.1.1.188
2022-10-19 08:45:10,216 [Listener at 127.0.0.1/40043] INFO  upgrade.AbstractLayoutVersionManager (AbstractLayoutVersionManager.java:init(83)) - Initializing Layout version manager with metadata layout = DATANODE_SCHEMA_V3 (version = 4), software layout = DATANODE_SCHEMA_V3 (version = 4)
2022-10-19 08:45:10,266 [Listener at 127.0.0.1/40043] INFO  reflections.Reflections (Reflections.java:scan(232)) - Reflections took 49 ms to scan 7 urls, producing 137 keys and 328 values 
2022-10-19 08:45:10,270 [Listener at 127.0.0.1/40043] INFO  statemachine.DatanodeStateMachine (DatanodeStateMachine.java:getEndPointTaskThreadPoolSize(237)) - Datanode State Machine Task Thread Pool size 2
2022-10-19 08:45:10,274 [Listener at 127.0.0.1/40043] INFO  volume.HddsVolume (HddsVolume.java:<init>(117)) - Creating HddsVolume: /home/runner/work/ozone/ozone/hadoop-ozone/integration-test/target/test-dir/MiniOzoneClusterImpl-43a13940-e4af-4545-ab6e-e590eff1efbb/datanode-6/data-0/containers/hdds of storage type : DISK capacity : 9223372036854775807
2022-10-19 08:45:10,274 [Listener at 127.0.0.1/40043] INFO  volume.MutableVolumeSet (MutableVolumeSet.java:initializeVolumeSet(174)) - Added Volume : /home/runner/work/ozone/ozone/hadoop-ozone/integration-test/target/test-dir/MiniOzoneClusterImpl-43a13940-e4af-4545-ab6e-e590eff1efbb/datanode-6/data-0/containers/hdds to VolumeSet
2022-10-19 08:45:10,274 [Listener at 127.0.0.1/40043] INFO  volume.ThrottledAsyncChecker (ThrottledAsyncChecker.java:schedule(141)) - Scheduling a check for /home/runner/work/ozone/ozone/hadoop-ozone/integration-test/target/test-dir/MiniOzoneClusterImpl-43a13940-e4af-4545-ab6e-e590eff1efbb/datanode-6/data-0/containers/hdds
2022-10-19 08:45:10,275 [Listener at 127.0.0.1/40043] INFO  volume.StorageVolumeChecker (StorageVolumeChecker.java:checkAllVolumes(202)) - Scheduled health check for volume /home/runner/work/ozone/ozone/hadoop-ozone/integration-test/target/test-dir/MiniOzoneClusterImpl-43a13940-e4af-4545-ab6e-e590eff1efbb/datanode-6/data-0/containers/hdds
2022-10-19 08:45:10,296 [Listener at 127.0.0.1/40043] INFO  volume.MutableVolumeSet (MutableVolumeSet.java:initializeVolumeSet(174)) - Added Volume : /home/runner/work/ozone/ozone/hadoop-ozone/integration-test/target/test-dir/MiniOzoneClusterImpl-43a13940-e4af-4545-ab6e-e590eff1efbb/datanode-6/data/ratis to VolumeSet
2022-10-19 08:45:10,296 [Listener at 127.0.0.1/40043] INFO  volume.ThrottledAsyncChecker (ThrottledAsyncChecker.java:schedule(141)) - Scheduling a check for /home/runner/work/ozone/ozone/hadoop-ozone/integration-test/target/test-dir/MiniOzoneClusterImpl-43a13940-e4af-4545-ab6e-e590eff1efbb/datanode-6/data/ratis
2022-10-19 08:45:10,308 [Listener at 127.0.0.1/40043] INFO  volume.StorageVolumeChecker (StorageVolumeChecker.java:checkAllVolumes(202)) - Scheduled health check for volume /home/runner/work/ozone/ozone/hadoop-ozone/integration-test/target/test-dir/MiniOzoneClusterImpl-43a13940-e4af-4545-ab6e-e590eff1efbb/datanode-6/data/ratis
2022-10-19 08:45:10,343 [Thread-216] INFO  ozoneimpl.ContainerReader (ContainerReader.java:readVolume(175)) - Finish verifying containers on volume /home/runner/work/ozone/ozone/hadoop-ozone/integration-test/target/test-dir/MiniOzoneClusterImpl-43a13940-e4af-4545-ab6e-e590eff1efbb/datanode-6/data-0/containers/hdds
2022-10-19 08:45:10,343 [Listener at 127.0.0.1/40043] INFO  ozoneimpl.OzoneContainer (OzoneContainer.java:buildContainerSet(300)) - Build ContainerSet costs 0s
2022-10-19 08:45:10,346 [Listener at 127.0.0.1/40043] INFO  server.RaftServer (ConfUtils.java:logGet(46)) - raft.rpc.type = GRPC (default)
2022-10-19 08:45:10,346 [Listener at 127.0.0.1/40043] INFO  grpc.GrpcConfigKeys (ConfUtils.java:logFallback(53)) - raft.grpc.admin.host = null (fallback to raft.grpc.server.host)
2022-10-19 08:45:10,346 [Listener at 127.0.0.1/40043] INFO  grpc.GrpcConfigKeys (ConfUtils.java:logGet(46)) - raft.grpc.admin.port = 0 (custom)
2022-10-19 08:45:10,346 [Listener at 127.0.0.1/40043] INFO  grpc.GrpcConfigKeys (ConfUtils.java:logFallback(53)) - raft.grpc.client.host = null (fallback to raft.grpc.server.host)
2022-10-19 08:45:10,347 [Listener at 127.0.0.1/40043] INFO  grpc.GrpcConfigKeys (ConfUtils.java:logGet(46)) - raft.grpc.client.port = 0 (custom)
2022-10-19 08:45:10,347 [Listener at 127.0.0.1/40043] INFO  grpc.GrpcConfigKeys (ConfUtils.java:logGet(46)) - raft.grpc.server.host = null (default)
2022-10-19 08:45:10,347 [Listener at 127.0.0.1/40043] INFO  grpc.GrpcConfigKeys (ConfUtils.java:logGet(46)) - raft.grpc.server.port = 0 (default)
2022-10-19 08:45:10,347 [Listener at 127.0.0.1/40043] INFO  server.GrpcService (ConfUtils.java:logGet(46)) - raft.grpc.message.size.max = 32MB (=33554432) (custom)
2022-10-19 08:45:10,347 [Listener at 127.0.0.1/40043] INFO  server.RaftServerConfigKeys (ConfUtils.java:logGet(46)) - raft.server.log.appender.buffer.byte-limit = 33554432 (custom)
2022-10-19 08:45:10,347 [Listener at 127.0.0.1/40043] INFO  server.GrpcService (ConfUtils.java:logGet(46)) - raft.grpc.flow.control.window = 5MB (=5242880) (custom)
2022-10-19 08:45:10,349 [Listener at 127.0.0.1/40043] INFO  server.RaftServerConfigKeys (ConfUtils.java:logGet(46)) - raft.server.rpc.request.timeout = 60s (custom)
2022-10-19 08:45:10,349 [Listener at 127.0.0.1/40043] INFO  grpc.GrpcConfigKeys (ConfUtils.java:logGet(46)) - raft.grpc.server.heartbeat.channel = true (default)
2022-10-19 08:45:10,350 [Listener at 127.0.0.1/40043] INFO  grpc.GrpcConfigKeys (ConfUtils.java:logGet(46)) - raft.grpc.server.async.request.thread.pool.cached = true (default)
2022-10-19 08:45:10,350 [Listener at 127.0.0.1/40043] INFO  grpc.GrpcConfigKeys (ConfUtils.java:logGet(46)) - raft.grpc.server.async.request.thread.pool.size = 32 (default)
2022-10-19 08:45:10,351 [Listener at 127.0.0.1/40043] INFO  impl.DataStreamServerImpl (ConfUtils.java:logGet(46)) - raft.datastream.type = DISABLED (default)
2022-10-19 08:45:10,353 [Listener at 127.0.0.1/40043] INFO  server.RaftServerConfigKeys (ConfUtils.java:logGet(46)) - raft.server.threadpool.proxy.cached = true (default)
2022-10-19 08:45:10,356 [Listener at 127.0.0.1/40043] INFO  server.RaftServerConfigKeys (ConfUtils.java:logGet(46)) - raft.server.threadpool.proxy.size = 0 (default)
2022-10-19 08:45:10,356 [Listener at 127.0.0.1/40043] INFO  server.RaftServerConfigKeys (ConfUtils.java:logGet(46)) - raft.server.rpc.slowness.timeout = 300s (custom)
2022-10-19 08:45:10,356 [Listener at 127.0.0.1/40043] INFO  server.RaftServerConfigKeys (ConfUtils.java:logGet(46)) - raft.server.leaderelection.leader.step-down.wait-time = 10s (default)
2022-10-19 08:45:10,357 [Listener at 127.0.0.1/40043] INFO  server.RaftServerConfigKeys (ConfUtils.java:logGet(46)) - raft.server.storage.dir = [/home/runner/work/ozone/ozone/hadoop-ozone/integration-test/target/test-dir/MiniOzoneClusterImpl-43a13940-e4af-4545-ab6e-e590eff1efbb/datanode-6/data/ratis] (custom)
2022-10-19 08:45:10,377 [Listener at 127.0.0.1/40043] INFO  server.XceiverServerGrpc (XceiverServerGrpc.java:<init>(132)) - GrpcServer channel type EpollServerSocketChannel
2022-10-19 08:45:10,384 [Listener at 127.0.0.1/40043] INFO  http.BaseHttpServer (BaseHttpServer.java:newHttpServer2BuilderForOzone(213)) - Starting Web-server for hddsDatanode at: http://0.0.0.0:0
2022-10-19 08:45:10,384 [Listener at 127.0.0.1/40043] INFO  http.BaseHttpServer (BaseHttpServer.java:<init>(108)) - Hadoop Security Enabled: false Ozone Security Enabled: false Ozone HTTP Security Enabled: false 
2022-10-19 08:45:10,386 [Listener at 127.0.0.1/40043] WARN  server.AuthenticationFilter (AuthenticationFilter.java:constructSecretProvider(240)) - Unable to initialize FileSignerSecretProvider, falling back to use random secrets. Reason: Could not read signature secret file: /home/runner/hadoop-http-auth-signature-secret
2022-10-19 08:45:10,396 [Listener at 127.0.0.1/40043] WARN  http.HttpRequestLog (HttpRequestLog.java:getRequestLog(103)) - Jetty request log can only be enabled using Log4j
2022-10-19 08:45:10,397 [Listener at 127.0.0.1/40043] INFO  http.HttpServer2 (HttpServer2.java:addGlobalFilter(1031)) - Added global filter 'safety' (class=org.apache.hadoop.hdds.server.http.HttpServer2$QuotingInputFilter)
2022-10-19 08:45:10,400 [Listener at 127.0.0.1/40043] INFO  http.HttpServer2 (HttpServer2.java:addFilter(1007)) - Added filter static_user_filter (class=org.apache.hadoop.http.lib.StaticUserWebFilter$StaticUserFilter) to context hddsDatanode
2022-10-19 08:45:10,400 [Listener at 127.0.0.1/40043] INFO  http.HttpServer2 (HttpServer2.java:addFilter(1015)) - Added filter static_user_filter (class=org.apache.hadoop.http.lib.StaticUserWebFilter$StaticUserFilter) to context logs
2022-10-19 08:45:10,400 [Listener at 127.0.0.1/40043] INFO  http.HttpServer2 (HttpServer2.java:addFilter(1015)) - Added filter static_user_filter (class=org.apache.hadoop.http.lib.StaticUserWebFilter$StaticUserFilter) to context static
2022-10-19 08:45:10,402 [Listener at 127.0.0.1/40043] INFO  http.HttpServer2 (HttpServer2.java:bindListener(1250)) - Jetty bound to port 37071
2022-10-19 08:45:10,402 [Listener at 127.0.0.1/40043] INFO  server.Server (Server.java:doStart(375)) - jetty-9.4.43.v20210629; built: 2021-06-30T11:07:22.254Z; git: 526006ecfa3af7f1a27ef3a288e2bef7ea9dd7e8; jvm 1.8.0_345-b01
2022-10-19 08:45:10,448 [Listener at 127.0.0.1/40043] INFO  server.session (DefaultSessionIdManager.java:doStart(334)) - DefaultSessionIdManager workerName=node0
2022-10-19 08:45:10,448 [Listener at 127.0.0.1/40043] INFO  server.session (DefaultSessionIdManager.java:doStart(339)) - No SessionScavenger set, using defaults
2022-10-19 08:45:10,448 [Listener at 127.0.0.1/40043] INFO  server.session (HouseKeeper.java:startScavenging(132)) - node0 Scavenging every 660000ms
2022-10-19 08:45:10,456 [Listener at 127.0.0.1/40043] INFO  handler.ContextHandler (ContextHandler.java:doStart(915)) - Started o.e.j.s.ServletContextHandler@1e693678{logs,/logs,file:///home/runner/work/ozone/ozone/hadoop-ozone/integration-test/target/log,AVAILABLE}
2022-10-19 08:45:10,457 [Listener at 127.0.0.1/40043] INFO  handler.ContextHandler (ContextHandler.java:doStart(915)) - Started o.e.j.s.ServletContextHandler@4ecc53ae{static,/static,jar:file:/home/runner/.m2/repository/org/apache/ozone/hdds-container-service/1.3.0-SNAPSHOT/hdds-container-service-1.3.0-SNAPSHOT.jar!/webapps/static,AVAILABLE}
2022-10-19 08:45:10,470 [EndpointStateMachine task thread for /0.0.0.0:46251 - 0 ] INFO  volume.HddsVolume (HddsVolume.java:createDbStore(307)) - SchemaV3 db is created and loaded at /home/runner/work/ozone/ozone/hadoop-ozone/integration-test/target/test-dir/MiniOzoneClusterImpl-43a13940-e4af-4545-ab6e-e590eff1efbb/datanode-0/data-0/containers/hdds/43a13940-e4af-4545-ab6e-e590eff1efbb/DS-1ed2f342-5eae-4801-86db-b2beff5d7b0b/container.db for volume DS-1ed2f342-5eae-4801-86db-b2beff5d7b0b
2022-10-19 08:45:10,474 [EndpointStateMachine task thread for /0.0.0.0:46251 - 0 ] INFO  volume.HddsVolume (HddsVolume.java:closeDbStore(338)) - SchemaV3 db is stopped at /home/runner/work/ozone/ozone/hadoop-ozone/integration-test/target/test-dir/MiniOzoneClusterImpl-43a13940-e4af-4545-ab6e-e590eff1efbb/datanode-0/data-0/containers/hdds/43a13940-e4af-4545-ab6e-e590eff1efbb/DS-1ed2f342-5eae-4801-86db-b2beff5d7b0b/container.db for volume DS-1ed2f342-5eae-4801-86db-b2beff5d7b0b
2022-10-19 08:45:10,474 [EndpointStateMachine task thread for /0.0.0.0:46251 - 0 ] INFO  ozoneimpl.OzoneContainer (OzoneContainer.java:start(378)) - Attempting to start container services.
2022-10-19 08:45:10,481 [EndpointStateMachine task thread for /0.0.0.0:46251 - 0 ] INFO  ozoneimpl.OzoneContainer (OzoneContainer.java:startContainerScrub(313)) - Background container scanner has been disabled.
2022-10-19 08:45:10,485 [EndpointStateMachine task thread for /0.0.0.0:46251 - 0 ] INFO  replication.ReplicationServer (ReplicationServer.java:start(111)) - ReplicationServer is started using port 35959
2022-10-19 08:45:10,487 [EndpointStateMachine task thread for /0.0.0.0:46251 - 0 ] INFO  ratis.XceiverServerRatis (XceiverServerRatis.java:start(481)) - Starting XceiverServerRatis 96fa30cc-cc01-4af1-a161-c10c2afc2f22
2022-10-19 08:45:10,492 [EndpointStateMachine task thread for /0.0.0.0:46251 - 0 ] INFO  server.RaftServer (RaftServerProxy.java:startImpl(393)) - 96fa30cc-cc01-4af1-a161-c10c2afc2f22: start RPC server
2022-10-19 08:45:10,497 [EndpointStateMachine task thread for /0.0.0.0:46251 - 0 ] INFO  server.GrpcService (GrpcService.java:startImpl(270)) - 96fa30cc-cc01-4af1-a161-c10c2afc2f22: GrpcService started, listening on 43419
2022-10-19 08:45:10,497 [EndpointStateMachine task thread for /0.0.0.0:46251 - 0 ] INFO  ratis.XceiverServerRatis (XceiverServerRatis.java:getRealPort(502)) - XceiverServerRatis 96fa30cc-cc01-4af1-a161-c10c2afc2f22 is started using port 43419 for RATIS
2022-10-19 08:45:10,498 [EndpointStateMachine task thread for /0.0.0.0:46251 - 0 ] INFO  ratis.XceiverServerRatis (XceiverServerRatis.java:getRealPort(502)) - XceiverServerRatis 96fa30cc-cc01-4af1-a161-c10c2afc2f22 is started using port 43419 for RATIS_ADMIN
2022-10-19 08:45:10,498 [EndpointStateMachine task thread for /0.0.0.0:46251 - 0 ] INFO  ratis.XceiverServerRatis (XceiverServerRatis.java:getRealPort(502)) - XceiverServerRatis 96fa30cc-cc01-4af1-a161-c10c2afc2f22 is started using port 43419 for RATIS_SERVER
2022-10-19 08:45:10,498 [JvmPauseMonitor1] INFO  util.JvmPauseMonitor (JvmPauseMonitor.java:run(105)) - JvmPauseMonitor-96fa30cc-cc01-4af1-a161-c10c2afc2f22: Started
2022-10-19 08:45:10,505 [EndpointStateMachine task thread for /0.0.0.0:46251 - 0 ] INFO  server.XceiverServerGrpc (XceiverServerGrpc.java:start(180)) - XceiverServerGrpc 96fa30cc-cc01-4af1-a161-c10c2afc2f22 is started using port 33857
2022-10-19 08:45:10,695 [Listener at 127.0.0.1/40043] INFO  handler.ContextHandler (ContextHandler.java:doStart(915)) - Started o.e.j.w.WebAppContext@e041933{hddsDatanode,/,file:///tmp/jetty-0_0_0_0-37071-hdds-container-service-1_3_0-SNAPSHOT_jar-_-any-1375930849413424194/webapp/,AVAILABLE}{jar:file:/home/runner/.m2/repository/org/apache/ozone/hdds-container-service/1.3.0-SNAPSHOT/hdds-container-service-1.3.0-SNAPSHOT.jar!/webapps/hddsDatanode}
2022-10-19 08:45:10,698 [Listener at 127.0.0.1/40043] INFO  server.AbstractConnector (AbstractConnector.java:doStart(331)) - Started ServerConnector@7184dfbe{HTTP/1.1, (http/1.1)}{0.0.0.0:37071}
2022-10-19 08:45:10,698 [Listener at 127.0.0.1/40043] INFO  server.Server (Server.java:doStart(415)) - Started @11300ms
2022-10-19 08:45:10,698 [Listener at 127.0.0.1/40043] WARN  impl.MetricsSystemImpl (MetricsSystemImpl.java:register(279)) - Sink prometheus already exists!
2022-10-19 08:45:10,699 [Listener at 127.0.0.1/40043] INFO  http.BaseHttpServer (BaseHttpServer.java:updateConnectorAddress(333)) - HTTP server of hddsDatanode listening at http://0.0.0.0:37071
2022-10-19 08:45:10,700 [Listener at 127.0.0.1/40043] WARN  impl.MetricRegistriesImpl (MetricRegistriesImpl.java:addReporterRegistration(111)) - New reporters are added after registries were created. Some metrics will be missing from the reporter. Please add reporter before adding any new registry.
2022-10-19 08:45:10,700 [Listener at 127.0.0.1/40043] WARN  impl.MetricRegistriesImpl (MetricRegistriesImpl.java:addReporterRegistration(111)) - New reporters are added after registries were created. Some metrics will be missing from the reporter. Please add reporter before adding any new registry.
2022-10-19 08:45:10,700 [Listener at 127.0.0.1/40043] INFO  impl.MetricsSystemImpl (MetricsSystemImpl.java:init(158)) - HddsDatanode metrics system started (again)
2022-10-19 08:45:10,709 [Datanode State Machine Daemon Thread] INFO  statemachine.DatanodeStateMachine (DatanodeStateMachine.java:lambda$startDaemon$0(492)) - Ozone container server started.
2022-10-19 08:45:10,720 [org.apache.hadoop.util.JvmPauseMonitor$Monitor@5725278e] INFO  util.JvmPauseMonitor (JvmPauseMonitor.java:run(188)) - Starting JVM pause monitor
2022-10-19 08:45:10,726 [Listener at 127.0.0.1/40043] INFO  ozone.HddsDatanodeService (HddsDatanodeService.java:start(236)) - HddsDatanodeService host:fv-az447-90.tnmeiuxxsqeu3byeydcnbj0j5d.dx.internal.cloudapp.net ip:10.1.1.188
2022-10-19 08:45:10,735 [Datanode State Machine Task Thread - 0] INFO  datanode.InitDatanodeState (InitDatanodeState.java:persistContainerDatanodeDetails(138)) - DatanodeDetails is persisted to /home/runner/work/ozone/ozone/hadoop-ozone/integration-test/target/test-dir/MiniOzoneClusterImpl-43a13940-e4af-4545-ab6e-e590eff1efbb/datanode-6/meta/datanode.id
2022-10-19 08:45:10,753 [Listener at 127.0.0.1/40043] INFO  upgrade.AbstractLayoutVersionManager (AbstractLayoutVersionManager.java:init(83)) - Initializing Layout version manager with metadata layout = DATANODE_SCHEMA_V3 (version = 4), software layout = DATANODE_SCHEMA_V3 (version = 4)
2022-10-19 08:45:10,801 [Listener at 127.0.0.1/40043] INFO  reflections.Reflections (Reflections.java:scan(232)) - Reflections took 47 ms to scan 7 urls, producing 137 keys and 328 values 
2022-10-19 08:45:10,804 [Listener at 127.0.0.1/40043] INFO  statemachine.DatanodeStateMachine (DatanodeStateMachine.java:getEndPointTaskThreadPoolSize(237)) - Datanode State Machine Task Thread Pool size 2
2022-10-19 08:45:10,815 [Listener at 127.0.0.1/40043] INFO  volume.HddsVolume (HddsVolume.java:<init>(117)) - Creating HddsVolume: /home/runner/work/ozone/ozone/hadoop-ozone/integration-test/target/test-dir/MiniOzoneClusterImpl-43a13940-e4af-4545-ab6e-e590eff1efbb/datanode-7/data-0/containers/hdds of storage type : DISK capacity : 9223372036854775807
2022-10-19 08:45:10,815 [Listener at 127.0.0.1/40043] INFO  volume.MutableVolumeSet (MutableVolumeSet.java:initializeVolumeSet(174)) - Added Volume : /home/runner/work/ozone/ozone/hadoop-ozone/integration-test/target/test-dir/MiniOzoneClusterImpl-43a13940-e4af-4545-ab6e-e590eff1efbb/datanode-7/data-0/containers/hdds to VolumeSet
2022-10-19 08:45:10,815 [Listener at 127.0.0.1/40043] INFO  volume.ThrottledAsyncChecker (ThrottledAsyncChecker.java:schedule(141)) - Scheduling a check for /home/runner/work/ozone/ozone/hadoop-ozone/integration-test/target/test-dir/MiniOzoneClusterImpl-43a13940-e4af-4545-ab6e-e590eff1efbb/datanode-7/data-0/containers/hdds
2022-10-19 08:45:10,817 [Listener at 127.0.0.1/40043] INFO  volume.StorageVolumeChecker (StorageVolumeChecker.java:checkAllVolumes(202)) - Scheduled health check for volume /home/runner/work/ozone/ozone/hadoop-ozone/integration-test/target/test-dir/MiniOzoneClusterImpl-43a13940-e4af-4545-ab6e-e590eff1efbb/datanode-7/data-0/containers/hdds
2022-10-19 08:45:10,832 [Listener at 127.0.0.1/40043] INFO  volume.MutableVolumeSet (MutableVolumeSet.java:initializeVolumeSet(174)) - Added Volume : /home/runner/work/ozone/ozone/hadoop-ozone/integration-test/target/test-dir/MiniOzoneClusterImpl-43a13940-e4af-4545-ab6e-e590eff1efbb/datanode-7/data/ratis to VolumeSet
2022-10-19 08:45:10,833 [Listener at 127.0.0.1/40043] INFO  volume.ThrottledAsyncChecker (ThrottledAsyncChecker.java:schedule(141)) - Scheduling a check for /home/runner/work/ozone/ozone/hadoop-ozone/integration-test/target/test-dir/MiniOzoneClusterImpl-43a13940-e4af-4545-ab6e-e590eff1efbb/datanode-7/data/ratis
2022-10-19 08:45:10,833 [Listener at 127.0.0.1/40043] INFO  volume.StorageVolumeChecker (StorageVolumeChecker.java:checkAllVolumes(202)) - Scheduled health check for volume /home/runner/work/ozone/ozone/hadoop-ozone/integration-test/target/test-dir/MiniOzoneClusterImpl-43a13940-e4af-4545-ab6e-e590eff1efbb/datanode-7/data/ratis
2022-10-19 08:45:10,845 [Thread-235] INFO  ozoneimpl.ContainerReader (ContainerReader.java:readVolume(175)) - Finish verifying containers on volume /home/runner/work/ozone/ozone/hadoop-ozone/integration-test/target/test-dir/MiniOzoneClusterImpl-43a13940-e4af-4545-ab6e-e590eff1efbb/datanode-7/data-0/containers/hdds
2022-10-19 08:45:10,845 [Listener at 127.0.0.1/40043] INFO  ozoneimpl.OzoneContainer (OzoneContainer.java:buildContainerSet(300)) - Build ContainerSet costs 0s
2022-10-19 08:45:10,848 [Listener at 127.0.0.1/40043] INFO  server.RaftServer (ConfUtils.java:logGet(46)) - raft.rpc.type = GRPC (default)
2022-10-19 08:45:10,848 [Listener at 127.0.0.1/40043] INFO  grpc.GrpcConfigKeys (ConfUtils.java:logFallback(53)) - raft.grpc.admin.host = null (fallback to raft.grpc.server.host)
2022-10-19 08:45:10,848 [Listener at 127.0.0.1/40043] INFO  grpc.GrpcConfigKeys (ConfUtils.java:logGet(46)) - raft.grpc.admin.port = 0 (custom)
2022-10-19 08:45:10,848 [Listener at 127.0.0.1/40043] INFO  grpc.GrpcConfigKeys (ConfUtils.java:logFallback(53)) - raft.grpc.client.host = null (fallback to raft.grpc.server.host)
2022-10-19 08:45:10,849 [Listener at 127.0.0.1/40043] INFO  grpc.GrpcConfigKeys (ConfUtils.java:logGet(46)) - raft.grpc.client.port = 0 (custom)
2022-10-19 08:45:10,849 [Listener at 127.0.0.1/40043] INFO  grpc.GrpcConfigKeys (ConfUtils.java:logGet(46)) - raft.grpc.server.host = null (default)
2022-10-19 08:45:10,849 [Listener at 127.0.0.1/40043] INFO  grpc.GrpcConfigKeys (ConfUtils.java:logGet(46)) - raft.grpc.server.port = 0 (default)
2022-10-19 08:45:10,849 [Listener at 127.0.0.1/40043] INFO  server.GrpcService (ConfUtils.java:logGet(46)) - raft.grpc.message.size.max = 32MB (=33554432) (custom)
2022-10-19 08:45:10,849 [Listener at 127.0.0.1/40043] INFO  server.RaftServerConfigKeys (ConfUtils.java:logGet(46)) - raft.server.log.appender.buffer.byte-limit = 33554432 (custom)
2022-10-19 08:45:10,849 [Listener at 127.0.0.1/40043] INFO  server.GrpcService (ConfUtils.java:logGet(46)) - raft.grpc.flow.control.window = 5MB (=5242880) (custom)
2022-10-19 08:45:10,850 [Listener at 127.0.0.1/40043] INFO  server.RaftServerConfigKeys (ConfUtils.java:logGet(46)) - raft.server.rpc.request.timeout = 60s (custom)
2022-10-19 08:45:10,850 [Listener at 127.0.0.1/40043] INFO  grpc.GrpcConfigKeys (ConfUtils.java:logGet(46)) - raft.grpc.server.heartbeat.channel = true (default)
2022-10-19 08:45:10,850 [Listener at 127.0.0.1/40043] INFO  grpc.GrpcConfigKeys (ConfUtils.java:logGet(46)) - raft.grpc.server.async.request.thread.pool.cached = true (default)
2022-10-19 08:45:10,850 [Listener at 127.0.0.1/40043] INFO  grpc.GrpcConfigKeys (ConfUtils.java:logGet(46)) - raft.grpc.server.async.request.thread.pool.size = 32 (default)
2022-10-19 08:45:10,851 [Listener at 127.0.0.1/40043] INFO  impl.DataStreamServerImpl (ConfUtils.java:logGet(46)) - raft.datastream.type = DISABLED (default)
2022-10-19 08:45:10,851 [Listener at 127.0.0.1/40043] INFO  server.RaftServerConfigKeys (ConfUtils.java:logGet(46)) - raft.server.threadpool.proxy.cached = true (default)
2022-10-19 08:45:10,852 [Listener at 127.0.0.1/40043] INFO  server.RaftServerConfigKeys (ConfUtils.java:logGet(46)) - raft.server.threadpool.proxy.size = 0 (default)
2022-10-19 08:45:10,852 [Listener at 127.0.0.1/40043] INFO  server.RaftServerConfigKeys (ConfUtils.java:logGet(46)) - raft.server.rpc.slowness.timeout = 300s (custom)
2022-10-19 08:45:10,852 [Listener at 127.0.0.1/40043] INFO  server.RaftServerConfigKeys (ConfUtils.java:logGet(46)) - raft.server.leaderelection.leader.step-down.wait-time = 10s (default)
2022-10-19 08:45:10,852 [Listener at 127.0.0.1/40043] INFO  server.RaftServerConfigKeys (ConfUtils.java:logGet(46)) - raft.server.storage.dir = [/home/runner/work/ozone/ozone/hadoop-ozone/integration-test/target/test-dir/MiniOzoneClusterImpl-43a13940-e4af-4545-ab6e-e590eff1efbb/datanode-7/data/ratis] (custom)
2022-10-19 08:45:10,862 [Listener at 127.0.0.1/40043] INFO  server.XceiverServerGrpc (XceiverServerGrpc.java:<init>(132)) - GrpcServer channel type EpollServerSocketChannel
2022-10-19 08:45:10,878 [EndpointStateMachine task thread for /0.0.0.0:46251 - 0 ] INFO  volume.HddsVolume (HddsVolume.java:createDbStore(307)) - SchemaV3 db is created and loaded at /home/runner/work/ozone/ozone/hadoop-ozone/integration-test/target/test-dir/MiniOzoneClusterImpl-43a13940-e4af-4545-ab6e-e590eff1efbb/datanode-1/data-0/containers/hdds/43a13940-e4af-4545-ab6e-e590eff1efbb/DS-5a2d8548-7aca-4486-a52d-b1fc203a5856/container.db for volume DS-5a2d8548-7aca-4486-a52d-b1fc203a5856
2022-10-19 08:45:10,880 [EndpointStateMachine task thread for /0.0.0.0:46251 - 0 ] INFO  volume.HddsVolume (HddsVolume.java:closeDbStore(338)) - SchemaV3 db is stopped at /home/runner/work/ozone/ozone/hadoop-ozone/integration-test/target/test-dir/MiniOzoneClusterImpl-43a13940-e4af-4545-ab6e-e590eff1efbb/datanode-1/data-0/containers/hdds/43a13940-e4af-4545-ab6e-e590eff1efbb/DS-5a2d8548-7aca-4486-a52d-b1fc203a5856/container.db for volume DS-5a2d8548-7aca-4486-a52d-b1fc203a5856
2022-10-19 08:45:10,880 [Listener at 127.0.0.1/40043] INFO  http.BaseHttpServer (BaseHttpServer.java:newHttpServer2BuilderForOzone(213)) - Starting Web-server for hddsDatanode at: http://0.0.0.0:0
2022-10-19 08:45:10,880 [EndpointStateMachine task thread for /0.0.0.0:46251 - 0 ] INFO  ozoneimpl.OzoneContainer (OzoneContainer.java:start(378)) - Attempting to start container services.
2022-10-19 08:45:10,880 [EndpointStateMachine task thread for /0.0.0.0:46251 - 0 ] INFO  ozoneimpl.OzoneContainer (OzoneContainer.java:startContainerScrub(313)) - Background container scanner has been disabled.
2022-10-19 08:45:10,880 [Listener at 127.0.0.1/40043] INFO  http.BaseHttpServer (BaseHttpServer.java:<init>(108)) - Hadoop Security Enabled: false Ozone Security Enabled: false Ozone HTTP Security Enabled: false 
2022-10-19 08:45:10,883 [Listener at 127.0.0.1/40043] WARN  server.AuthenticationFilter (AuthenticationFilter.java:constructSecretProvider(240)) - Unable to initialize FileSignerSecretProvider, falling back to use random secrets. Reason: Could not read signature secret file: /home/runner/hadoop-http-auth-signature-secret
2022-10-19 08:45:10,888 [EndpointStateMachine task thread for /0.0.0.0:46251 - 0 ] INFO  replication.ReplicationServer (ReplicationServer.java:start(111)) - ReplicationServer is started using port 46757
2022-10-19 08:45:10,893 [Listener at 127.0.0.1/40043] WARN  http.HttpRequestLog (HttpRequestLog.java:getRequestLog(103)) - Jetty request log can only be enabled using Log4j
2022-10-19 08:45:10,895 [Listener at 127.0.0.1/40043] INFO  http.HttpServer2 (HttpServer2.java:addGlobalFilter(1031)) - Added global filter 'safety' (class=org.apache.hadoop.hdds.server.http.HttpServer2$QuotingInputFilter)
2022-10-19 08:45:10,895 [Listener at 127.0.0.1/40043] INFO  http.HttpServer2 (HttpServer2.java:addFilter(1007)) - Added filter static_user_filter (class=org.apache.hadoop.http.lib.StaticUserWebFilter$StaticUserFilter) to context hddsDatanode
2022-10-19 08:45:10,896 [EndpointStateMachine task thread for /0.0.0.0:46251 - 0 ] INFO  ratis.XceiverServerRatis (XceiverServerRatis.java:start(481)) - Starting XceiverServerRatis 91dae643-bef5-471c-869f-4daa43ea47b3
2022-10-19 08:45:10,899 [Listener at 127.0.0.1/40043] INFO  http.HttpServer2 (HttpServer2.java:addFilter(1015)) - Added filter static_user_filter (class=org.apache.hadoop.http.lib.StaticUserWebFilter$StaticUserFilter) to context static
2022-10-19 08:45:10,899 [Listener at 127.0.0.1/40043] INFO  http.HttpServer2 (HttpServer2.java:addFilter(1015)) - Added filter static_user_filter (class=org.apache.hadoop.http.lib.StaticUserWebFilter$StaticUserFilter) to context logs
2022-10-19 08:45:10,900 [EndpointStateMachine task thread for /0.0.0.0:46251 - 0 ] INFO  server.RaftServer (RaftServerProxy.java:startImpl(393)) - 91dae643-bef5-471c-869f-4daa43ea47b3: start RPC server
2022-10-19 08:45:10,903 [Listener at 127.0.0.1/40043] INFO  http.HttpServer2 (HttpServer2.java:bindListener(1250)) - Jetty bound to port 43651
2022-10-19 08:45:10,903 [EndpointStateMachine task thread for /0.0.0.0:46251 - 0 ] INFO  server.GrpcService (GrpcService.java:startImpl(270)) - 91dae643-bef5-471c-869f-4daa43ea47b3: GrpcService started, listening on 34857
2022-10-19 08:45:10,903 [Listener at 127.0.0.1/40043] INFO  server.Server (Server.java:doStart(375)) - jetty-9.4.43.v20210629; built: 2021-06-30T11:07:22.254Z; git: 526006ecfa3af7f1a27ef3a288e2bef7ea9dd7e8; jvm 1.8.0_345-b01
2022-10-19 08:45:10,903 [JvmPauseMonitor2] INFO  util.JvmPauseMonitor (JvmPauseMonitor.java:run(105)) - JvmPauseMonitor-91dae643-bef5-471c-869f-4daa43ea47b3: Started
2022-10-19 08:45:10,905 [EndpointStateMachine task thread for /0.0.0.0:46251 - 0 ] INFO  ratis.XceiverServerRatis (XceiverServerRatis.java:getRealPort(502)) - XceiverServerRatis 91dae643-bef5-471c-869f-4daa43ea47b3 is started using port 34857 for RATIS
2022-10-19 08:45:10,905 [EndpointStateMachine task thread for /0.0.0.0:46251 - 0 ] INFO  ratis.XceiverServerRatis (XceiverServerRatis.java:getRealPort(502)) - XceiverServerRatis 91dae643-bef5-471c-869f-4daa43ea47b3 is started using port 34857 for RATIS_ADMIN
2022-10-19 08:45:10,905 [EndpointStateMachine task thread for /0.0.0.0:46251 - 0 ] INFO  ratis.XceiverServerRatis (XceiverServerRatis.java:getRealPort(502)) - XceiverServerRatis 91dae643-bef5-471c-869f-4daa43ea47b3 is started using port 34857 for RATIS_SERVER
2022-10-19 08:45:10,920 [EndpointStateMachine task thread for /0.0.0.0:46251 - 0 ] INFO  server.XceiverServerGrpc (XceiverServerGrpc.java:start(180)) - XceiverServerGrpc 91dae643-bef5-471c-869f-4daa43ea47b3 is started using port 41469
2022-10-19 08:45:10,920 [Listener at 127.0.0.1/40043] INFO  server.session (DefaultSessionIdManager.java:doStart(334)) - DefaultSessionIdManager workerName=node0
2022-10-19 08:45:10,920 [Listener at 127.0.0.1/40043] INFO  server.session (DefaultSessionIdManager.java:doStart(339)) - No SessionScavenger set, using defaults
2022-10-19 08:45:10,920 [Listener at 127.0.0.1/40043] INFO  server.session (HouseKeeper.java:startScavenging(132)) - node0 Scavenging every 660000ms
2022-10-19 08:45:10,921 [Listener at 127.0.0.1/40043] INFO  handler.ContextHandler (ContextHandler.java:doStart(915)) - Started o.e.j.s.ServletContextHandler@109d63ca{logs,/logs,file:///home/runner/work/ozone/ozone/hadoop-ozone/integration-test/target/log,AVAILABLE}
2022-10-19 08:45:10,922 [Listener at 127.0.0.1/40043] INFO  handler.ContextHandler (ContextHandler.java:doStart(915)) - Started o.e.j.s.ServletContextHandler@1126dae7{static,/static,jar:file:/home/runner/.m2/repository/org/apache/ozone/hdds-container-service/1.3.0-SNAPSHOT/hdds-container-service-1.3.0-SNAPSHOT.jar!/webapps/static,AVAILABLE}
2022-10-19 08:45:11,116 [Listener at 127.0.0.1/40043] INFO  handler.ContextHandler (ContextHandler.java:doStart(915)) - Started o.e.j.w.WebAppContext@73bbf337{hddsDatanode,/,file:///tmp/jetty-0_0_0_0-43651-hdds-container-service-1_3_0-SNAPSHOT_jar-_-any-7889652204344529305/webapp/,AVAILABLE}{jar:file:/home/runner/.m2/repository/org/apache/ozone/hdds-container-service/1.3.0-SNAPSHOT/hdds-container-service-1.3.0-SNAPSHOT.jar!/webapps/hddsDatanode}
2022-10-19 08:45:11,118 [Listener at 127.0.0.1/40043] INFO  server.AbstractConnector (AbstractConnector.java:doStart(331)) - Started ServerConnector@596340ec{HTTP/1.1, (http/1.1)}{0.0.0.0:43651}
2022-10-19 08:45:11,118 [Listener at 127.0.0.1/40043] INFO  server.Server (Server.java:doStart(415)) - Started @11720ms
2022-10-19 08:45:11,118 [Listener at 127.0.0.1/40043] WARN  impl.MetricsSystemImpl (MetricsSystemImpl.java:register(279)) - Sink prometheus already exists!
2022-10-19 08:45:11,119 [Listener at 127.0.0.1/40043] INFO  http.BaseHttpServer (BaseHttpServer.java:updateConnectorAddress(333)) - HTTP server of hddsDatanode listening at http://0.0.0.0:43651
2022-10-19 08:45:11,124 [Listener at 127.0.0.1/40043] WARN  impl.MetricRegistriesImpl (MetricRegistriesImpl.java:addReporterRegistration(111)) - New reporters are added after registries were created. Some metrics will be missing from the reporter. Please add reporter before adding any new registry.
2022-10-19 08:45:11,124 [Listener at 127.0.0.1/40043] WARN  impl.MetricRegistriesImpl (MetricRegistriesImpl.java:addReporterRegistration(111)) - New reporters are added after registries were created. Some metrics will be missing from the reporter. Please add reporter before adding any new registry.
2022-10-19 08:45:11,124 [Listener at 127.0.0.1/40043] INFO  impl.MetricsSystemImpl (MetricsSystemImpl.java:init(158)) - HddsDatanode metrics system started (again)
2022-10-19 08:45:11,126 [Datanode State Machine Daemon Thread] INFO  statemachine.DatanodeStateMachine (DatanodeStateMachine.java:lambda$startDaemon$0(492)) - Ozone container server started.
2022-10-19 08:45:11,136 [org.apache.hadoop.util.JvmPauseMonitor$Monitor@481177c8] INFO  util.JvmPauseMonitor (JvmPauseMonitor.java:run(188)) - Starting JVM pause monitor
2022-10-19 08:45:11,138 [Listener at 127.0.0.1/40043] INFO  ozone.HddsDatanodeService (HddsDatanodeService.java:start(236)) - HddsDatanodeService host:fv-az447-90.tnmeiuxxsqeu3byeydcnbj0j5d.dx.internal.cloudapp.net ip:10.1.1.188
2022-10-19 08:45:11,144 [Datanode State Machine Task Thread - 0] INFO  datanode.InitDatanodeState (InitDatanodeState.java:persistContainerDatanodeDetails(138)) - DatanodeDetails is persisted to /home/runner/work/ozone/ozone/hadoop-ozone/integration-test/target/test-dir/MiniOzoneClusterImpl-43a13940-e4af-4545-ab6e-e590eff1efbb/datanode-7/meta/datanode.id
2022-10-19 08:45:11,163 [Listener at 127.0.0.1/40043] INFO  upgrade.AbstractLayoutVersionManager (AbstractLayoutVersionManager.java:init(83)) - Initializing Layout version manager with metadata layout = DATANODE_SCHEMA_V3 (version = 4), software layout = DATANODE_SCHEMA_V3 (version = 4)
2022-10-19 08:45:11,224 [Listener at 127.0.0.1/40043] INFO  reflections.Reflections (Reflections.java:scan(232)) - Reflections took 59 ms to scan 7 urls, producing 137 keys and 328 values 
2022-10-19 08:45:11,225 [Listener at 127.0.0.1/40043] INFO  statemachine.DatanodeStateMachine (DatanodeStateMachine.java:getEndPointTaskThreadPoolSize(237)) - Datanode State Machine Task Thread Pool size 2
2022-10-19 08:45:11,238 [EndpointStateMachine task thread for /0.0.0.0:46251 - 0 ] INFO  volume.HddsVolume (HddsVolume.java:createDbStore(307)) - SchemaV3 db is created and loaded at /home/runner/work/ozone/ozone/hadoop-ozone/integration-test/target/test-dir/MiniOzoneClusterImpl-43a13940-e4af-4545-ab6e-e590eff1efbb/datanode-2/data-0/containers/hdds/43a13940-e4af-4545-ab6e-e590eff1efbb/DS-df2cf1b5-f853-42f9-a7f1-06f1f0e7a979/container.db for volume DS-df2cf1b5-f853-42f9-a7f1-06f1f0e7a979
2022-10-19 08:45:11,243 [Listener at 127.0.0.1/40043] INFO  volume.HddsVolume (HddsVolume.java:<init>(117)) - Creating HddsVolume: /home/runner/work/ozone/ozone/hadoop-ozone/integration-test/target/test-dir/MiniOzoneClusterImpl-43a13940-e4af-4545-ab6e-e590eff1efbb/datanode-8/data-0/containers/hdds of storage type : DISK capacity : 9223372036854775807
2022-10-19 08:45:11,243 [Listener at 127.0.0.1/40043] INFO  volume.MutableVolumeSet (MutableVolumeSet.java:initializeVolumeSet(174)) - Added Volume : /home/runner/work/ozone/ozone/hadoop-ozone/integration-test/target/test-dir/MiniOzoneClusterImpl-43a13940-e4af-4545-ab6e-e590eff1efbb/datanode-8/data-0/containers/hdds to VolumeSet
2022-10-19 08:45:11,243 [Listener at 127.0.0.1/40043] INFO  volume.ThrottledAsyncChecker (ThrottledAsyncChecker.java:schedule(141)) - Scheduling a check for /home/runner/work/ozone/ozone/hadoop-ozone/integration-test/target/test-dir/MiniOzoneClusterImpl-43a13940-e4af-4545-ab6e-e590eff1efbb/datanode-8/data-0/containers/hdds
2022-10-19 08:45:11,247 [Listener at 127.0.0.1/40043] INFO  volume.StorageVolumeChecker (StorageVolumeChecker.java:checkAllVolumes(202)) - Scheduled health check for volume /home/runner/work/ozone/ozone/hadoop-ozone/integration-test/target/test-dir/MiniOzoneClusterImpl-43a13940-e4af-4545-ab6e-e590eff1efbb/datanode-8/data-0/containers/hdds
2022-10-19 08:45:11,247 [EndpointStateMachine task thread for /0.0.0.0:46251 - 0 ] INFO  volume.HddsVolume (HddsVolume.java:closeDbStore(338)) - SchemaV3 db is stopped at /home/runner/work/ozone/ozone/hadoop-ozone/integration-test/target/test-dir/MiniOzoneClusterImpl-43a13940-e4af-4545-ab6e-e590eff1efbb/datanode-2/data-0/containers/hdds/43a13940-e4af-4545-ab6e-e590eff1efbb/DS-df2cf1b5-f853-42f9-a7f1-06f1f0e7a979/container.db for volume DS-df2cf1b5-f853-42f9-a7f1-06f1f0e7a979
2022-10-19 08:45:11,247 [EndpointStateMachine task thread for /0.0.0.0:46251 - 0 ] INFO  ozoneimpl.OzoneContainer (OzoneContainer.java:start(378)) - Attempting to start container services.
2022-10-19 08:45:11,248 [EndpointStateMachine task thread for /0.0.0.0:46251 - 0 ] INFO  ozoneimpl.OzoneContainer (OzoneContainer.java:startContainerScrub(313)) - Background container scanner has been disabled.
2022-10-19 08:45:11,251 [EndpointStateMachine task thread for /0.0.0.0:46251 - 0 ] INFO  replication.ReplicationServer (ReplicationServer.java:start(111)) - ReplicationServer is started using port 43445
2022-10-19 08:45:11,252 [EndpointStateMachine task thread for /0.0.0.0:46251 - 0 ] INFO  ratis.XceiverServerRatis (XceiverServerRatis.java:start(481)) - Starting XceiverServerRatis 9e7e10a2-763a-4a15-b149-6c921096d1eb
2022-10-19 08:45:11,253 [EndpointStateMachine task thread for /0.0.0.0:46251 - 0 ] INFO  server.RaftServer (RaftServerProxy.java:startImpl(393)) - 9e7e10a2-763a-4a15-b149-6c921096d1eb: start RPC server
2022-10-19 08:45:11,255 [EndpointStateMachine task thread for /0.0.0.0:46251 - 0 ] INFO  server.GrpcService (GrpcService.java:startImpl(270)) - 9e7e10a2-763a-4a15-b149-6c921096d1eb: GrpcService started, listening on 43001
2022-10-19 08:45:11,255 [EndpointStateMachine task thread for /0.0.0.0:46251 - 0 ] INFO  ratis.XceiverServerRatis (XceiverServerRatis.java:getRealPort(502)) - XceiverServerRatis 9e7e10a2-763a-4a15-b149-6c921096d1eb is started using port 43001 for RATIS
2022-10-19 08:45:11,255 [EndpointStateMachine task thread for /0.0.0.0:46251 - 0 ] INFO  ratis.XceiverServerRatis (XceiverServerRatis.java:getRealPort(502)) - XceiverServerRatis 9e7e10a2-763a-4a15-b149-6c921096d1eb is started using port 43001 for RATIS_ADMIN
2022-10-19 08:45:11,255 [EndpointStateMachine task thread for /0.0.0.0:46251 - 0 ] INFO  ratis.XceiverServerRatis (XceiverServerRatis.java:getRealPort(502)) - XceiverServerRatis 9e7e10a2-763a-4a15-b149-6c921096d1eb is started using port 43001 for RATIS_SERVER
2022-10-19 08:45:11,256 [JvmPauseMonitor3] INFO  util.JvmPauseMonitor (JvmPauseMonitor.java:run(105)) - JvmPauseMonitor-9e7e10a2-763a-4a15-b149-6c921096d1eb: Started
2022-10-19 08:45:11,271 [EndpointStateMachine task thread for /0.0.0.0:46251 - 0 ] INFO  server.XceiverServerGrpc (XceiverServerGrpc.java:start(180)) - XceiverServerGrpc 9e7e10a2-763a-4a15-b149-6c921096d1eb is started using port 33113
2022-10-19 08:45:11,271 [Listener at 127.0.0.1/40043] INFO  volume.MutableVolumeSet (MutableVolumeSet.java:initializeVolumeSet(174)) - Added Volume : /home/runner/work/ozone/ozone/hadoop-ozone/integration-test/target/test-dir/MiniOzoneClusterImpl-43a13940-e4af-4545-ab6e-e590eff1efbb/datanode-8/data/ratis to VolumeSet
2022-10-19 08:45:11,271 [Listener at 127.0.0.1/40043] INFO  volume.ThrottledAsyncChecker (ThrottledAsyncChecker.java:schedule(141)) - Scheduling a check for /home/runner/work/ozone/ozone/hadoop-ozone/integration-test/target/test-dir/MiniOzoneClusterImpl-43a13940-e4af-4545-ab6e-e590eff1efbb/datanode-8/data/ratis
2022-10-19 08:45:11,272 [Listener at 127.0.0.1/40043] INFO  volume.StorageVolumeChecker (StorageVolumeChecker.java:checkAllVolumes(202)) - Scheduled health check for volume /home/runner/work/ozone/ozone/hadoop-ozone/integration-test/target/test-dir/MiniOzoneClusterImpl-43a13940-e4af-4545-ab6e-e590eff1efbb/datanode-8/data/ratis
2022-10-19 08:45:11,288 [Thread-256] INFO  ozoneimpl.ContainerReader (ContainerReader.java:readVolume(175)) - Finish verifying containers on volume /home/runner/work/ozone/ozone/hadoop-ozone/integration-test/target/test-dir/MiniOzoneClusterImpl-43a13940-e4af-4545-ab6e-e590eff1efbb/datanode-8/data-0/containers/hdds
2022-10-19 08:45:11,288 [Listener at 127.0.0.1/40043] INFO  ozoneimpl.OzoneContainer (OzoneContainer.java:buildContainerSet(300)) - Build ContainerSet costs 0s
2022-10-19 08:45:11,294 [Listener at 127.0.0.1/40043] INFO  server.RaftServer (ConfUtils.java:logGet(46)) - raft.rpc.type = GRPC (default)
2022-10-19 08:45:11,295 [Listener at 127.0.0.1/40043] INFO  grpc.GrpcConfigKeys (ConfUtils.java:logFallback(53)) - raft.grpc.admin.host = null (fallback to raft.grpc.server.host)
2022-10-19 08:45:11,295 [Listener at 127.0.0.1/40043] INFO  grpc.GrpcConfigKeys (ConfUtils.java:logGet(46)) - raft.grpc.admin.port = 0 (custom)
2022-10-19 08:45:11,295 [Listener at 127.0.0.1/40043] INFO  grpc.GrpcConfigKeys (ConfUtils.java:logFallback(53)) - raft.grpc.client.host = null (fallback to raft.grpc.server.host)
2022-10-19 08:45:11,295 [Listener at 127.0.0.1/40043] INFO  grpc.GrpcConfigKeys (ConfUtils.java:logGet(46)) - raft.grpc.client.port = 0 (custom)
2022-10-19 08:45:11,295 [Listener at 127.0.0.1/40043] INFO  grpc.GrpcConfigKeys (ConfUtils.java:logGet(46)) - raft.grpc.server.host = null (default)
2022-10-19 08:45:11,295 [Listener at 127.0.0.1/40043] INFO  grpc.GrpcConfigKeys (ConfUtils.java:logGet(46)) - raft.grpc.server.port = 0 (default)
2022-10-19 08:45:11,297 [Listener at 127.0.0.1/40043] INFO  server.GrpcService (ConfUtils.java:logGet(46)) - raft.grpc.message.size.max = 32MB (=33554432) (custom)
2022-10-19 08:45:11,297 [Listener at 127.0.0.1/40043] INFO  server.RaftServerConfigKeys (ConfUtils.java:logGet(46)) - raft.server.log.appender.buffer.byte-limit = 33554432 (custom)
2022-10-19 08:45:11,297 [Listener at 127.0.0.1/40043] INFO  server.GrpcService (ConfUtils.java:logGet(46)) - raft.grpc.flow.control.window = 5MB (=5242880) (custom)
2022-10-19 08:45:11,297 [Listener at 127.0.0.1/40043] INFO  server.RaftServerConfigKeys (ConfUtils.java:logGet(46)) - raft.server.rpc.request.timeout = 60s (custom)
2022-10-19 08:45:11,297 [Listener at 127.0.0.1/40043] INFO  grpc.GrpcConfigKeys (ConfUtils.java:logGet(46)) - raft.grpc.server.heartbeat.channel = true (default)
2022-10-19 08:45:11,298 [Listener at 127.0.0.1/40043] INFO  grpc.GrpcConfigKeys (ConfUtils.java:logGet(46)) - raft.grpc.server.async.request.thread.pool.cached = true (default)
2022-10-19 08:45:11,298 [Listener at 127.0.0.1/40043] INFO  grpc.GrpcConfigKeys (ConfUtils.java:logGet(46)) - raft.grpc.server.async.request.thread.pool.size = 32 (default)
2022-10-19 08:45:11,299 [Listener at 127.0.0.1/40043] INFO  impl.DataStreamServerImpl (ConfUtils.java:logGet(46)) - raft.datastream.type = DISABLED (default)
2022-10-19 08:45:11,299 [Listener at 127.0.0.1/40043] INFO  server.RaftServerConfigKeys (ConfUtils.java:logGet(46)) - raft.server.threadpool.proxy.cached = true (default)
2022-10-19 08:45:11,299 [Listener at 127.0.0.1/40043] INFO  server.RaftServerConfigKeys (ConfUtils.java:logGet(46)) - raft.server.threadpool.proxy.size = 0 (default)
2022-10-19 08:45:11,300 [Listener at 127.0.0.1/40043] INFO  server.RaftServerConfigKeys (ConfUtils.java:logGet(46)) - raft.server.rpc.slowness.timeout = 300s (custom)
2022-10-19 08:45:11,300 [Listener at 127.0.0.1/40043] INFO  server.RaftServerConfigKeys (ConfUtils.java:logGet(46)) - raft.server.leaderelection.leader.step-down.wait-time = 10s (default)
2022-10-19 08:45:11,300 [Listener at 127.0.0.1/40043] INFO  server.RaftServerConfigKeys (ConfUtils.java:logGet(46)) - raft.server.storage.dir = [/home/runner/work/ozone/ozone/hadoop-ozone/integration-test/target/test-dir/MiniOzoneClusterImpl-43a13940-e4af-4545-ab6e-e590eff1efbb/datanode-8/data/ratis] (custom)
2022-10-19 08:45:11,306 [Listener at 127.0.0.1/40043] INFO  server.XceiverServerGrpc (XceiverServerGrpc.java:<init>(132)) - GrpcServer channel type EpollServerSocketChannel
2022-10-19 08:45:11,312 [Listener at 127.0.0.1/40043] INFO  http.BaseHttpServer (BaseHttpServer.java:newHttpServer2BuilderForOzone(213)) - Starting Web-server for hddsDatanode at: http://0.0.0.0:0
2022-10-19 08:45:11,312 [Listener at 127.0.0.1/40043] INFO  http.BaseHttpServer (BaseHttpServer.java:<init>(108)) - Hadoop Security Enabled: false Ozone Security Enabled: false Ozone HTTP Security Enabled: false 
2022-10-19 08:45:11,314 [Listener at 127.0.0.1/40043] WARN  server.AuthenticationFilter (AuthenticationFilter.java:constructSecretProvider(240)) - Unable to initialize FileSignerSecretProvider, falling back to use random secrets. Reason: Could not read signature secret file: /home/runner/hadoop-http-auth-signature-secret
2022-10-19 08:45:11,315 [Listener at 127.0.0.1/40043] WARN  http.HttpRequestLog (HttpRequestLog.java:getRequestLog(103)) - Jetty request log can only be enabled using Log4j
2022-10-19 08:45:11,316 [Listener at 127.0.0.1/40043] INFO  http.HttpServer2 (HttpServer2.java:addGlobalFilter(1031)) - Added global filter 'safety' (class=org.apache.hadoop.hdds.server.http.HttpServer2$QuotingInputFilter)
2022-10-19 08:45:11,320 [Listener at 127.0.0.1/40043] INFO  http.HttpServer2 (HttpServer2.java:addFilter(1007)) - Added filter static_user_filter (class=org.apache.hadoop.http.lib.StaticUserWebFilter$StaticUserFilter) to context hddsDatanode
2022-10-19 08:45:11,320 [Listener at 127.0.0.1/40043] INFO  http.HttpServer2 (HttpServer2.java:addFilter(1015)) - Added filter static_user_filter (class=org.apache.hadoop.http.lib.StaticUserWebFilter$StaticUserFilter) to context logs
2022-10-19 08:45:11,320 [Listener at 127.0.0.1/40043] INFO  http.HttpServer2 (HttpServer2.java:addFilter(1015)) - Added filter static_user_filter (class=org.apache.hadoop.http.lib.StaticUserWebFilter$StaticUserFilter) to context static
2022-10-19 08:45:11,321 [Listener at 127.0.0.1/40043] INFO  http.HttpServer2 (HttpServer2.java:bindListener(1250)) - Jetty bound to port 46479
2022-10-19 08:45:11,321 [Listener at 127.0.0.1/40043] INFO  server.Server (Server.java:doStart(375)) - jetty-9.4.43.v20210629; built: 2021-06-30T11:07:22.254Z; git: 526006ecfa3af7f1a27ef3a288e2bef7ea9dd7e8; jvm 1.8.0_345-b01
2022-10-19 08:45:11,325 [Listener at 127.0.0.1/40043] INFO  server.session (DefaultSessionIdManager.java:doStart(334)) - DefaultSessionIdManager workerName=node0
2022-10-19 08:45:11,325 [Listener at 127.0.0.1/40043] INFO  server.session (DefaultSessionIdManager.java:doStart(339)) - No SessionScavenger set, using defaults
2022-10-19 08:45:11,325 [Listener at 127.0.0.1/40043] INFO  server.session (HouseKeeper.java:startScavenging(132)) - node0 Scavenging every 600000ms
2022-10-19 08:45:11,326 [Listener at 127.0.0.1/40043] INFO  handler.ContextHandler (ContextHandler.java:doStart(915)) - Started o.e.j.s.ServletContextHandler@3a1a08f9{logs,/logs,file:///home/runner/work/ozone/ozone/hadoop-ozone/integration-test/target/log,AVAILABLE}
2022-10-19 08:45:11,326 [Listener at 127.0.0.1/40043] INFO  handler.ContextHandler (ContextHandler.java:doStart(915)) - Started o.e.j.s.ServletContextHandler@c844d52{static,/static,jar:file:/home/runner/.m2/repository/org/apache/ozone/hdds-container-service/1.3.0-SNAPSHOT/hdds-container-service-1.3.0-SNAPSHOT.jar!/webapps/static,AVAILABLE}
2022-10-19 08:45:11,516 [Listener at 127.0.0.1/40043] INFO  handler.ContextHandler (ContextHandler.java:doStart(915)) - Started o.e.j.w.WebAppContext@15ba8456{hddsDatanode,/,file:///tmp/jetty-0_0_0_0-46479-hdds-container-service-1_3_0-SNAPSHOT_jar-_-any-3333339282332300293/webapp/,AVAILABLE}{jar:file:/home/runner/.m2/repository/org/apache/ozone/hdds-container-service/1.3.0-SNAPSHOT/hdds-container-service-1.3.0-SNAPSHOT.jar!/webapps/hddsDatanode}
2022-10-19 08:45:11,517 [Listener at 127.0.0.1/40043] INFO  server.AbstractConnector (AbstractConnector.java:doStart(331)) - Started ServerConnector@4a7d9cbe{HTTP/1.1, (http/1.1)}{0.0.0.0:46479}
2022-10-19 08:45:11,517 [Listener at 127.0.0.1/40043] INFO  server.Server (Server.java:doStart(415)) - Started @12119ms
2022-10-19 08:45:11,518 [Listener at 127.0.0.1/40043] WARN  impl.MetricsSystemImpl (MetricsSystemImpl.java:register(279)) - Sink prometheus already exists!
2022-10-19 08:45:11,518 [Listener at 127.0.0.1/40043] INFO  http.BaseHttpServer (BaseHttpServer.java:updateConnectorAddress(333)) - HTTP server of hddsDatanode listening at http://0.0.0.0:46479
2022-10-19 08:45:11,519 [Datanode State Machine Daemon Thread] INFO  statemachine.DatanodeStateMachine (DatanodeStateMachine.java:lambda$startDaemon$0(492)) - Ozone container server started.
2022-10-19 08:45:11,519 [Listener at 127.0.0.1/40043] WARN  impl.MetricRegistriesImpl (MetricRegistriesImpl.java:addReporterRegistration(111)) - New reporters are added after registries were created. Some metrics will be missing from the reporter. Please add reporter before adding any new registry.
2022-10-19 08:45:11,521 [Listener at 127.0.0.1/40043] WARN  impl.MetricRegistriesImpl (MetricRegistriesImpl.java:addReporterRegistration(111)) - New reporters are added after registries were created. Some metrics will be missing from the reporter. Please add reporter before adding any new registry.
2022-10-19 08:45:11,521 [Listener at 127.0.0.1/40043] INFO  impl.MetricsSystemImpl (MetricsSystemImpl.java:init(158)) - HddsDatanode metrics system started (again)
2022-10-19 08:45:11,543 [Listener at 127.0.0.1/40043] INFO  ozone.HddsDatanodeService (HddsDatanodeService.java:start(236)) - HddsDatanodeService host:fv-az447-90.tnmeiuxxsqeu3byeydcnbj0j5d.dx.internal.cloudapp.net ip:10.1.1.188
2022-10-19 08:45:11,550 [org.apache.hadoop.util.JvmPauseMonitor$Monitor@2d42d4ad] INFO  util.JvmPauseMonitor (JvmPauseMonitor.java:run(188)) - Starting JVM pause monitor
2022-10-19 08:45:11,552 [Datanode State Machine Task Thread - 0] INFO  datanode.InitDatanodeState (InitDatanodeState.java:persistContainerDatanodeDetails(138)) - DatanodeDetails is persisted to /home/runner/work/ozone/ozone/hadoop-ozone/integration-test/target/test-dir/MiniOzoneClusterImpl-43a13940-e4af-4545-ab6e-e590eff1efbb/datanode-8/meta/datanode.id
2022-10-19 08:45:11,571 [Listener at 127.0.0.1/40043] INFO  upgrade.AbstractLayoutVersionManager (AbstractLayoutVersionManager.java:init(83)) - Initializing Layout version manager with metadata layout = DATANODE_SCHEMA_V3 (version = 4), software layout = DATANODE_SCHEMA_V3 (version = 4)
2022-10-19 08:45:11,577 [EndpointStateMachine task thread for /0.0.0.0:46251 - 0 ] INFO  volume.HddsVolume (HddsVolume.java:createDbStore(307)) - SchemaV3 db is created and loaded at /home/runner/work/ozone/ozone/hadoop-ozone/integration-test/target/test-dir/MiniOzoneClusterImpl-43a13940-e4af-4545-ab6e-e590eff1efbb/datanode-3/data-0/containers/hdds/43a13940-e4af-4545-ab6e-e590eff1efbb/DS-a47151fe-4e7b-4152-82f1-077fbfe2063c/container.db for volume DS-a47151fe-4e7b-4152-82f1-077fbfe2063c
2022-10-19 08:45:11,579 [EndpointStateMachine task thread for /0.0.0.0:46251 - 0 ] INFO  volume.HddsVolume (HddsVolume.java:closeDbStore(338)) - SchemaV3 db is stopped at /home/runner/work/ozone/ozone/hadoop-ozone/integration-test/target/test-dir/MiniOzoneClusterImpl-43a13940-e4af-4545-ab6e-e590eff1efbb/datanode-3/data-0/containers/hdds/43a13940-e4af-4545-ab6e-e590eff1efbb/DS-a47151fe-4e7b-4152-82f1-077fbfe2063c/container.db for volume DS-a47151fe-4e7b-4152-82f1-077fbfe2063c
2022-10-19 08:45:11,580 [EndpointStateMachine task thread for /0.0.0.0:46251 - 0 ] INFO  ozoneimpl.OzoneContainer (OzoneContainer.java:start(378)) - Attempting to start container services.
2022-10-19 08:45:11,580 [EndpointStateMachine task thread for /0.0.0.0:46251 - 0 ] INFO  ozoneimpl.OzoneContainer (OzoneContainer.java:startContainerScrub(313)) - Background container scanner has been disabled.
2022-10-19 08:45:11,591 [EndpointStateMachine task thread for /0.0.0.0:46251 - 0 ] INFO  replication.ReplicationServer (ReplicationServer.java:start(111)) - ReplicationServer is started using port 34861
2022-10-19 08:45:11,592 [EndpointStateMachine task thread for /0.0.0.0:46251 - 0 ] INFO  ratis.XceiverServerRatis (XceiverServerRatis.java:start(481)) - Starting XceiverServerRatis f675d99d-517f-4d8a-bd29-886eede0250d
2022-10-19 08:45:11,607 [EndpointStateMachine task thread for /0.0.0.0:46251 - 0 ] INFO  server.RaftServer (RaftServerProxy.java:startImpl(393)) - f675d99d-517f-4d8a-bd29-886eede0250d: start RPC server
2022-10-19 08:45:11,617 [EndpointStateMachine task thread for /0.0.0.0:46251 - 0 ] INFO  server.GrpcService (GrpcService.java:startImpl(270)) - f675d99d-517f-4d8a-bd29-886eede0250d: GrpcService started, listening on 37697
2022-10-19 08:45:11,618 [EndpointStateMachine task thread for /0.0.0.0:46251 - 0 ] INFO  ratis.XceiverServerRatis (XceiverServerRatis.java:getRealPort(502)) - XceiverServerRatis f675d99d-517f-4d8a-bd29-886eede0250d is started using port 37697 for RATIS
2022-10-19 08:45:11,618 [EndpointStateMachine task thread for /0.0.0.0:46251 - 0 ] INFO  ratis.XceiverServerRatis (XceiverServerRatis.java:getRealPort(502)) - XceiverServerRatis f675d99d-517f-4d8a-bd29-886eede0250d is started using port 37697 for RATIS_ADMIN
2022-10-19 08:45:11,618 [EndpointStateMachine task thread for /0.0.0.0:46251 - 0 ] INFO  ratis.XceiverServerRatis (XceiverServerRatis.java:getRealPort(502)) - XceiverServerRatis f675d99d-517f-4d8a-bd29-886eede0250d is started using port 37697 for RATIS_SERVER
2022-10-19 08:45:11,619 [JvmPauseMonitor4] INFO  util.JvmPauseMonitor (JvmPauseMonitor.java:run(105)) - JvmPauseMonitor-f675d99d-517f-4d8a-bd29-886eede0250d: Started
2022-10-19 08:45:11,623 [EndpointStateMachine task thread for /0.0.0.0:46251 - 0 ] INFO  server.XceiverServerGrpc (XceiverServerGrpc.java:start(180)) - XceiverServerGrpc f675d99d-517f-4d8a-bd29-886eede0250d is started using port 41787
2022-10-19 08:45:11,676 [Listener at 127.0.0.1/40043] INFO  reflections.Reflections (Reflections.java:scan(232)) - Reflections took 102 ms to scan 7 urls, producing 137 keys and 328 values 
2022-10-19 08:45:11,679 [Listener at 127.0.0.1/40043] INFO  statemachine.DatanodeStateMachine (DatanodeStateMachine.java:getEndPointTaskThreadPoolSize(237)) - Datanode State Machine Task Thread Pool size 2
2022-10-19 08:45:11,685 [Listener at 127.0.0.1/40043] INFO  volume.HddsVolume (HddsVolume.java:<init>(117)) - Creating HddsVolume: /home/runner/work/ozone/ozone/hadoop-ozone/integration-test/target/test-dir/MiniOzoneClusterImpl-43a13940-e4af-4545-ab6e-e590eff1efbb/datanode-9/data-0/containers/hdds of storage type : DISK capacity : 9223372036854775807
2022-10-19 08:45:11,685 [Listener at 127.0.0.1/40043] INFO  volume.MutableVolumeSet (MutableVolumeSet.java:initializeVolumeSet(174)) - Added Volume : /home/runner/work/ozone/ozone/hadoop-ozone/integration-test/target/test-dir/MiniOzoneClusterImpl-43a13940-e4af-4545-ab6e-e590eff1efbb/datanode-9/data-0/containers/hdds to VolumeSet
2022-10-19 08:45:11,685 [Listener at 127.0.0.1/40043] INFO  volume.ThrottledAsyncChecker (ThrottledAsyncChecker.java:schedule(141)) - Scheduling a check for /home/runner/work/ozone/ozone/hadoop-ozone/integration-test/target/test-dir/MiniOzoneClusterImpl-43a13940-e4af-4545-ab6e-e590eff1efbb/datanode-9/data-0/containers/hdds
2022-10-19 08:45:11,687 [Listener at 127.0.0.1/40043] INFO  volume.StorageVolumeChecker (StorageVolumeChecker.java:checkAllVolumes(202)) - Scheduled health check for volume /home/runner/work/ozone/ozone/hadoop-ozone/integration-test/target/test-dir/MiniOzoneClusterImpl-43a13940-e4af-4545-ab6e-e590eff1efbb/datanode-9/data-0/containers/hdds
2022-10-19 08:45:11,701 [Listener at 127.0.0.1/40043] INFO  volume.MutableVolumeSet (MutableVolumeSet.java:initializeVolumeSet(174)) - Added Volume : /home/runner/work/ozone/ozone/hadoop-ozone/integration-test/target/test-dir/MiniOzoneClusterImpl-43a13940-e4af-4545-ab6e-e590eff1efbb/datanode-9/data/ratis to VolumeSet
2022-10-19 08:45:11,701 [Listener at 127.0.0.1/40043] INFO  volume.ThrottledAsyncChecker (ThrottledAsyncChecker.java:schedule(141)) - Scheduling a check for /home/runner/work/ozone/ozone/hadoop-ozone/integration-test/target/test-dir/MiniOzoneClusterImpl-43a13940-e4af-4545-ab6e-e590eff1efbb/datanode-9/data/ratis
2022-10-19 08:45:11,702 [Listener at 127.0.0.1/40043] INFO  volume.StorageVolumeChecker (StorageVolumeChecker.java:checkAllVolumes(202)) - Scheduled health check for volume /home/runner/work/ozone/ozone/hadoop-ozone/integration-test/target/test-dir/MiniOzoneClusterImpl-43a13940-e4af-4545-ab6e-e590eff1efbb/datanode-9/data/ratis
2022-10-19 08:45:11,713 [Thread-276] INFO  ozoneimpl.ContainerReader (ContainerReader.java:readVolume(175)) - Finish verifying containers on volume /home/runner/work/ozone/ozone/hadoop-ozone/integration-test/target/test-dir/MiniOzoneClusterImpl-43a13940-e4af-4545-ab6e-e590eff1efbb/datanode-9/data-0/containers/hdds
2022-10-19 08:45:11,714 [Listener at 127.0.0.1/40043] INFO  ozoneimpl.OzoneContainer (OzoneContainer.java:buildContainerSet(300)) - Build ContainerSet costs 0s
2022-10-19 08:45:11,716 [Listener at 127.0.0.1/40043] INFO  server.RaftServer (ConfUtils.java:logGet(46)) - raft.rpc.type = GRPC (default)
2022-10-19 08:45:11,717 [Listener at 127.0.0.1/40043] INFO  grpc.GrpcConfigKeys (ConfUtils.java:logFallback(53)) - raft.grpc.admin.host = null (fallback to raft.grpc.server.host)
2022-10-19 08:45:11,717 [Listener at 127.0.0.1/40043] INFO  grpc.GrpcConfigKeys (ConfUtils.java:logGet(46)) - raft.grpc.admin.port = 0 (custom)
2022-10-19 08:45:11,717 [Listener at 127.0.0.1/40043] INFO  grpc.GrpcConfigKeys (ConfUtils.java:logFallback(53)) - raft.grpc.client.host = null (fallback to raft.grpc.server.host)
2022-10-19 08:45:11,717 [Listener at 127.0.0.1/40043] INFO  grpc.GrpcConfigKeys (ConfUtils.java:logGet(46)) - raft.grpc.client.port = 0 (custom)
2022-10-19 08:45:11,717 [Listener at 127.0.0.1/40043] INFO  grpc.GrpcConfigKeys (ConfUtils.java:logGet(46)) - raft.grpc.server.host = null (default)
2022-10-19 08:45:11,717 [Listener at 127.0.0.1/40043] INFO  grpc.GrpcConfigKeys (ConfUtils.java:logGet(46)) - raft.grpc.server.port = 0 (default)
2022-10-19 08:45:11,717 [Listener at 127.0.0.1/40043] INFO  server.GrpcService (ConfUtils.java:logGet(46)) - raft.grpc.message.size.max = 32MB (=33554432) (custom)
2022-10-19 08:45:11,718 [Listener at 127.0.0.1/40043] INFO  server.RaftServerConfigKeys (ConfUtils.java:logGet(46)) - raft.server.log.appender.buffer.byte-limit = 33554432 (custom)
2022-10-19 08:45:11,719 [Listener at 127.0.0.1/40043] INFO  server.GrpcService (ConfUtils.java:logGet(46)) - raft.grpc.flow.control.window = 5MB (=5242880) (custom)
2022-10-19 08:45:11,719 [Listener at 127.0.0.1/40043] INFO  server.RaftServerConfigKeys (ConfUtils.java:logGet(46)) - raft.server.rpc.request.timeout = 60s (custom)
2022-10-19 08:45:11,719 [Listener at 127.0.0.1/40043] INFO  grpc.GrpcConfigKeys (ConfUtils.java:logGet(46)) - raft.grpc.server.heartbeat.channel = true (default)
2022-10-19 08:45:11,719 [Listener at 127.0.0.1/40043] INFO  grpc.GrpcConfigKeys (ConfUtils.java:logGet(46)) - raft.grpc.server.async.request.thread.pool.cached = true (default)
2022-10-19 08:45:11,719 [Listener at 127.0.0.1/40043] INFO  grpc.GrpcConfigKeys (ConfUtils.java:logGet(46)) - raft.grpc.server.async.request.thread.pool.size = 32 (default)
2022-10-19 08:45:11,721 [Listener at 127.0.0.1/40043] INFO  impl.DataStreamServerImpl (ConfUtils.java:logGet(46)) - raft.datastream.type = DISABLED (default)
2022-10-19 08:45:11,721 [Listener at 127.0.0.1/40043] INFO  server.RaftServerConfigKeys (ConfUtils.java:logGet(46)) - raft.server.threadpool.proxy.cached = true (default)
2022-10-19 08:45:11,721 [Listener at 127.0.0.1/40043] INFO  server.RaftServerConfigKeys (ConfUtils.java:logGet(46)) - raft.server.threadpool.proxy.size = 0 (default)
2022-10-19 08:45:11,721 [Listener at 127.0.0.1/40043] INFO  server.RaftServerConfigKeys (ConfUtils.java:logGet(46)) - raft.server.rpc.slowness.timeout = 300s (custom)
2022-10-19 08:45:11,721 [Listener at 127.0.0.1/40043] INFO  server.RaftServerConfigKeys (ConfUtils.java:logGet(46)) - raft.server.leaderelection.leader.step-down.wait-time = 10s (default)
2022-10-19 08:45:11,722 [Listener at 127.0.0.1/40043] INFO  server.RaftServerConfigKeys (ConfUtils.java:logGet(46)) - raft.server.storage.dir = [/home/runner/work/ozone/ozone/hadoop-ozone/integration-test/target/test-dir/MiniOzoneClusterImpl-43a13940-e4af-4545-ab6e-e590eff1efbb/datanode-9/data/ratis] (custom)
2022-10-19 08:45:11,724 [Listener at 127.0.0.1/40043] INFO  server.XceiverServerGrpc (XceiverServerGrpc.java:<init>(132)) - GrpcServer channel type EpollServerSocketChannel
2022-10-19 08:45:11,736 [Listener at 127.0.0.1/40043] INFO  http.BaseHttpServer (BaseHttpServer.java:newHttpServer2BuilderForOzone(213)) - Starting Web-server for hddsDatanode at: http://0.0.0.0:0
2022-10-19 08:45:11,737 [Listener at 127.0.0.1/40043] INFO  http.BaseHttpServer (BaseHttpServer.java:<init>(108)) - Hadoop Security Enabled: false Ozone Security Enabled: false Ozone HTTP Security Enabled: false 
2022-10-19 08:45:11,738 [Listener at 127.0.0.1/40043] WARN  server.AuthenticationFilter (AuthenticationFilter.java:constructSecretProvider(240)) - Unable to initialize FileSignerSecretProvider, falling back to use random secrets. Reason: Could not read signature secret file: /home/runner/hadoop-http-auth-signature-secret
2022-10-19 08:45:11,738 [Listener at 127.0.0.1/40043] WARN  http.HttpRequestLog (HttpRequestLog.java:getRequestLog(103)) - Jetty request log can only be enabled using Log4j
2022-10-19 08:45:11,740 [Listener at 127.0.0.1/40043] INFO  http.HttpServer2 (HttpServer2.java:addGlobalFilter(1031)) - Added global filter 'safety' (class=org.apache.hadoop.hdds.server.http.HttpServer2$QuotingInputFilter)
2022-10-19 08:45:11,740 [Listener at 127.0.0.1/40043] INFO  http.HttpServer2 (HttpServer2.java:addFilter(1007)) - Added filter static_user_filter (class=org.apache.hadoop.http.lib.StaticUserWebFilter$StaticUserFilter) to context hddsDatanode
2022-10-19 08:45:11,741 [Listener at 127.0.0.1/40043] INFO  http.HttpServer2 (HttpServer2.java:addFilter(1015)) - Added filter static_user_filter (class=org.apache.hadoop.http.lib.StaticUserWebFilter$StaticUserFilter) to context logs
2022-10-19 08:45:11,741 [Listener at 127.0.0.1/40043] INFO  http.HttpServer2 (HttpServer2.java:addFilter(1015)) - Added filter static_user_filter (class=org.apache.hadoop.http.lib.StaticUserWebFilter$StaticUserFilter) to context static
2022-10-19 08:45:11,741 [Listener at 127.0.0.1/40043] INFO  http.HttpServer2 (HttpServer2.java:bindListener(1250)) - Jetty bound to port 39979
2022-10-19 08:45:11,741 [Listener at 127.0.0.1/40043] INFO  server.Server (Server.java:doStart(375)) - jetty-9.4.43.v20210629; built: 2021-06-30T11:07:22.254Z; git: 526006ecfa3af7f1a27ef3a288e2bef7ea9dd7e8; jvm 1.8.0_345-b01
2022-10-19 08:45:11,746 [Listener at 127.0.0.1/40043] INFO  server.session (DefaultSessionIdManager.java:doStart(334)) - DefaultSessionIdManager workerName=node0
2022-10-19 08:45:11,746 [Listener at 127.0.0.1/40043] INFO  server.session (DefaultSessionIdManager.java:doStart(339)) - No SessionScavenger set, using defaults
2022-10-19 08:45:11,746 [Listener at 127.0.0.1/40043] INFO  server.session (HouseKeeper.java:startScavenging(132)) - node0 Scavenging every 660000ms
2022-10-19 08:45:11,747 [Listener at 127.0.0.1/40043] INFO  handler.ContextHandler (ContextHandler.java:doStart(915)) - Started o.e.j.s.ServletContextHandler@6cb71851{logs,/logs,file:///home/runner/work/ozone/ozone/hadoop-ozone/integration-test/target/log,AVAILABLE}
2022-10-19 08:45:11,747 [Listener at 127.0.0.1/40043] INFO  handler.ContextHandler (ContextHandler.java:doStart(915)) - Started o.e.j.s.ServletContextHandler@45f3aedb{static,/static,jar:file:/home/runner/.m2/repository/org/apache/ozone/hdds-container-service/1.3.0-SNAPSHOT/hdds-container-service-1.3.0-SNAPSHOT.jar!/webapps/static,AVAILABLE}
2022-10-19 08:45:11,896 [EndpointStateMachine task thread for /0.0.0.0:46251 - 0 ] INFO  volume.HddsVolume (HddsVolume.java:createDbStore(307)) - SchemaV3 db is created and loaded at /home/runner/work/ozone/ozone/hadoop-ozone/integration-test/target/test-dir/MiniOzoneClusterImpl-43a13940-e4af-4545-ab6e-e590eff1efbb/datanode-4/data-0/containers/hdds/43a13940-e4af-4545-ab6e-e590eff1efbb/DS-e880519f-8ab2-4ec7-809b-f98115723d43/container.db for volume DS-e880519f-8ab2-4ec7-809b-f98115723d43
2022-10-19 08:45:11,908 [EndpointStateMachine task thread for /0.0.0.0:46251 - 0 ] INFO  volume.HddsVolume (HddsVolume.java:closeDbStore(338)) - SchemaV3 db is stopped at /home/runner/work/ozone/ozone/hadoop-ozone/integration-test/target/test-dir/MiniOzoneClusterImpl-43a13940-e4af-4545-ab6e-e590eff1efbb/datanode-4/data-0/containers/hdds/43a13940-e4af-4545-ab6e-e590eff1efbb/DS-e880519f-8ab2-4ec7-809b-f98115723d43/container.db for volume DS-e880519f-8ab2-4ec7-809b-f98115723d43
2022-10-19 08:45:11,908 [EndpointStateMachine task thread for /0.0.0.0:46251 - 0 ] INFO  ozoneimpl.OzoneContainer (OzoneContainer.java:start(378)) - Attempting to start container services.
2022-10-19 08:45:11,908 [EndpointStateMachine task thread for /0.0.0.0:46251 - 0 ] INFO  ozoneimpl.OzoneContainer (OzoneContainer.java:startContainerScrub(313)) - Background container scanner has been disabled.
2022-10-19 08:45:11,911 [EndpointStateMachine task thread for /0.0.0.0:46251 - 0 ] INFO  replication.ReplicationServer (ReplicationServer.java:start(111)) - ReplicationServer is started using port 43855
2022-10-19 08:45:11,912 [EndpointStateMachine task thread for /0.0.0.0:46251 - 0 ] INFO  ratis.XceiverServerRatis (XceiverServerRatis.java:start(481)) - Starting XceiverServerRatis c61245f4-0084-4810-95a5-490d20dc424d
2022-10-19 08:45:11,923 [EndpointStateMachine task thread for /0.0.0.0:46251 - 0 ] INFO  server.RaftServer (RaftServerProxy.java:startImpl(393)) - c61245f4-0084-4810-95a5-490d20dc424d: start RPC server
2022-10-19 08:45:11,926 [EndpointStateMachine task thread for /0.0.0.0:46251 - 0 ] INFO  server.GrpcService (GrpcService.java:startImpl(270)) - c61245f4-0084-4810-95a5-490d20dc424d: GrpcService started, listening on 40855
2022-10-19 08:45:11,926 [EndpointStateMachine task thread for /0.0.0.0:46251 - 0 ] INFO  ratis.XceiverServerRatis (XceiverServerRatis.java:getRealPort(502)) - XceiverServerRatis c61245f4-0084-4810-95a5-490d20dc424d is started using port 40855 for RATIS
2022-10-19 08:45:11,926 [EndpointStateMachine task thread for /0.0.0.0:46251 - 0 ] INFO  ratis.XceiverServerRatis (XceiverServerRatis.java:getRealPort(502)) - XceiverServerRatis c61245f4-0084-4810-95a5-490d20dc424d is started using port 40855 for RATIS_ADMIN
2022-10-19 08:45:11,926 [EndpointStateMachine task thread for /0.0.0.0:46251 - 0 ] INFO  ratis.XceiverServerRatis (XceiverServerRatis.java:getRealPort(502)) - XceiverServerRatis c61245f4-0084-4810-95a5-490d20dc424d is started using port 40855 for RATIS_SERVER
2022-10-19 08:45:11,926 [JvmPauseMonitor5] INFO  util.JvmPauseMonitor (JvmPauseMonitor.java:run(105)) - JvmPauseMonitor-c61245f4-0084-4810-95a5-490d20dc424d: Started
2022-10-19 08:45:11,930 [EndpointStateMachine task thread for /0.0.0.0:46251 - 0 ] INFO  server.XceiverServerGrpc (XceiverServerGrpc.java:start(180)) - XceiverServerGrpc c61245f4-0084-4810-95a5-490d20dc424d is started using port 34265
2022-10-19 08:45:11,952 [Listener at 127.0.0.1/40043] INFO  handler.ContextHandler (ContextHandler.java:doStart(915)) - Started o.e.j.w.WebAppContext@58a9b1b9{hddsDatanode,/,file:///tmp/jetty-0_0_0_0-39979-hdds-container-service-1_3_0-SNAPSHOT_jar-_-any-6645424138656698167/webapp/,AVAILABLE}{jar:file:/home/runner/.m2/repository/org/apache/ozone/hdds-container-service/1.3.0-SNAPSHOT/hdds-container-service-1.3.0-SNAPSHOT.jar!/webapps/hddsDatanode}
2022-10-19 08:45:11,954 [Listener at 127.0.0.1/40043] INFO  server.AbstractConnector (AbstractConnector.java:doStart(331)) - Started ServerConnector@2322d697{HTTP/1.1, (http/1.1)}{0.0.0.0:39979}
2022-10-19 08:45:11,954 [Listener at 127.0.0.1/40043] INFO  server.Server (Server.java:doStart(415)) - Started @12556ms
2022-10-19 08:45:11,954 [Listener at 127.0.0.1/40043] WARN  impl.MetricsSystemImpl (MetricsSystemImpl.java:register(279)) - Sink prometheus already exists!
2022-10-19 08:45:11,955 [Listener at 127.0.0.1/40043] INFO  http.BaseHttpServer (BaseHttpServer.java:updateConnectorAddress(333)) - HTTP server of hddsDatanode listening at http://0.0.0.0:39979
2022-10-19 08:45:11,956 [Datanode State Machine Daemon Thread] INFO  statemachine.DatanodeStateMachine (DatanodeStateMachine.java:lambda$startDaemon$0(492)) - Ozone container server started.
2022-10-19 08:45:11,964 [Listener at 127.0.0.1/40043] INFO  ozone.MiniOzoneClusterImpl (MiniOzoneClusterImpl.java:lambda$waitForClusterToBeReady$0(216)) - Waiting for nodes to be ready. Got 0 of 10 DN Heartbeats.
2022-10-19 08:45:11,964 [Listener at 127.0.0.1/40043] INFO  ozone.MiniOzoneClusterImpl (MiniOzoneClusterImpl.java:lambda$waitForClusterToBeReady$0(219)) - Waiting for cluster to exit safe mode
2022-10-19 08:45:11,964 [Listener at 127.0.0.1/40043] INFO  ozone.MiniOzoneClusterImpl (MiniOzoneClusterImpl.java:lambda$waitForClusterToBeReady$0(221)) - SCM became leader
2022-10-19 08:45:11,968 [org.apache.hadoop.util.JvmPauseMonitor$Monitor@613837e6] INFO  util.JvmPauseMonitor (JvmPauseMonitor.java:run(188)) - Starting JVM pause monitor
2022-10-19 08:45:11,973 [Datanode State Machine Task Thread - 0] INFO  datanode.InitDatanodeState (InitDatanodeState.java:persistContainerDatanodeDetails(138)) - DatanodeDetails is persisted to /home/runner/work/ozone/ozone/hadoop-ozone/integration-test/target/test-dir/MiniOzoneClusterImpl-43a13940-e4af-4545-ab6e-e590eff1efbb/datanode-9/meta/datanode.id
2022-10-19 08:45:12,224 [EndpointStateMachine task thread for /0.0.0.0:46251 - 0 ] INFO  volume.HddsVolume (HddsVolume.java:createDbStore(307)) - SchemaV3 db is created and loaded at /home/runner/work/ozone/ozone/hadoop-ozone/integration-test/target/test-dir/MiniOzoneClusterImpl-43a13940-e4af-4545-ab6e-e590eff1efbb/datanode-5/data-0/containers/hdds/43a13940-e4af-4545-ab6e-e590eff1efbb/DS-6191a148-9d67-4549-9a6d-0a67ec0997c3/container.db for volume DS-6191a148-9d67-4549-9a6d-0a67ec0997c3
2022-10-19 08:45:12,226 [EndpointStateMachine task thread for /0.0.0.0:46251 - 0 ] INFO  volume.HddsVolume (HddsVolume.java:closeDbStore(338)) - SchemaV3 db is stopped at /home/runner/work/ozone/ozone/hadoop-ozone/integration-test/target/test-dir/MiniOzoneClusterImpl-43a13940-e4af-4545-ab6e-e590eff1efbb/datanode-5/data-0/containers/hdds/43a13940-e4af-4545-ab6e-e590eff1efbb/DS-6191a148-9d67-4549-9a6d-0a67ec0997c3/container.db for volume DS-6191a148-9d67-4549-9a6d-0a67ec0997c3
2022-10-19 08:45:12,226 [EndpointStateMachine task thread for /0.0.0.0:46251 - 0 ] INFO  ozoneimpl.OzoneContainer (OzoneContainer.java:start(378)) - Attempting to start container services.
2022-10-19 08:45:12,226 [EndpointStateMachine task thread for /0.0.0.0:46251 - 0 ] INFO  ozoneimpl.OzoneContainer (OzoneContainer.java:startContainerScrub(313)) - Background container scanner has been disabled.
2022-10-19 08:45:12,229 [EndpointStateMachine task thread for /0.0.0.0:46251 - 0 ] INFO  replication.ReplicationServer (ReplicationServer.java:start(111)) - ReplicationServer is started using port 34959
2022-10-19 08:45:12,230 [EndpointStateMachine task thread for /0.0.0.0:46251 - 0 ] INFO  ratis.XceiverServerRatis (XceiverServerRatis.java:start(481)) - Starting XceiverServerRatis 2de491c0-1905-4845-ada7-2a3c171f2066
2022-10-19 08:45:12,231 [EndpointStateMachine task thread for /0.0.0.0:46251 - 0 ] INFO  server.RaftServer (RaftServerProxy.java:startImpl(393)) - 2de491c0-1905-4845-ada7-2a3c171f2066: start RPC server
2022-10-19 08:45:12,233 [EndpointStateMachine task thread for /0.0.0.0:46251 - 0 ] INFO  server.GrpcService (GrpcService.java:startImpl(270)) - 2de491c0-1905-4845-ada7-2a3c171f2066: GrpcService started, listening on 45745
2022-10-19 08:45:12,233 [EndpointStateMachine task thread for /0.0.0.0:46251 - 0 ] INFO  ratis.XceiverServerRatis (XceiverServerRatis.java:getRealPort(502)) - XceiverServerRatis 2de491c0-1905-4845-ada7-2a3c171f2066 is started using port 45745 for RATIS
2022-10-19 08:45:12,233 [JvmPauseMonitor6] INFO  util.JvmPauseMonitor (JvmPauseMonitor.java:run(105)) - JvmPauseMonitor-2de491c0-1905-4845-ada7-2a3c171f2066: Started
2022-10-19 08:45:12,233 [EndpointStateMachine task thread for /0.0.0.0:46251 - 0 ] INFO  ratis.XceiverServerRatis (XceiverServerRatis.java:getRealPort(502)) - XceiverServerRatis 2de491c0-1905-4845-ada7-2a3c171f2066 is started using port 45745 for RATIS_ADMIN
2022-10-19 08:45:12,233 [EndpointStateMachine task thread for /0.0.0.0:46251 - 0 ] INFO  ratis.XceiverServerRatis (XceiverServerRatis.java:getRealPort(502)) - XceiverServerRatis 2de491c0-1905-4845-ada7-2a3c171f2066 is started using port 45745 for RATIS_SERVER
2022-10-19 08:45:12,237 [EndpointStateMachine task thread for /0.0.0.0:46251 - 0 ] INFO  server.XceiverServerGrpc (XceiverServerGrpc.java:start(180)) - XceiverServerGrpc 2de491c0-1905-4845-ada7-2a3c171f2066 is started using port 41953
2022-10-19 08:45:12,326 [IPC Server handler 2 on default port 46251] INFO  net.NetworkTopologyImpl (NetworkTopologyImpl.java:add(112)) - Added a new node: /default-rack/96fa30cc-cc01-4af1-a161-c10c2afc2f22
2022-10-19 08:45:12,329 [IPC Server handler 2 on default port 46251] INFO  node.SCMNodeManager (SCMNodeManager.java:register(397)) - Registered Data node : 96fa30cc-cc01-4af1-a161-c10c2afc2f22{ip: 10.1.1.188, host: fv-az447-90.tnmeiuxxsqeu3byeydcnbj0j5d.dx.internal.cloudapp.net, ports: [REPLICATION=35959, RATIS=43419, RATIS_ADMIN=43419, RATIS_SERVER=43419, STANDALONE=33857], networkLocation: /default-rack, certSerialId: null, persistedOpState: null, persistedOpStateExpiryEpochSec: 0}
2022-10-19 08:45:12,334 [EventQueue-NewNodeForNewNodeHandler] INFO  pipeline.BackgroundPipelineCreator (BackgroundPipelineCreator.java:notifyEventTriggered(276)) - trigger a one-shot run on RatisPipelineUtilsThread.
2022-10-19 08:45:12,343 [RatisPipelineUtilsThread - 0] INFO  pipeline.RatisPipelineProvider (RatisPipelineProvider.java:lambda$create$0(195)) - Sending CreatePipelineCommand for pipeline:PipelineID=b0d3b318-730a-4647-8689-7c969207afdb to datanode:96fa30cc-cc01-4af1-a161-c10c2afc2f22
2022-10-19 08:45:12,344 [EventQueue-NodeRegistrationContainerReportForContainerSafeModeRule] INFO  safemode.SCMSafeModeManager (SCMSafeModeManager.java:validateSafeModeExitRules(204)) - ContainerSafeModeRule rule is successfully validated
2022-10-19 08:45:12,344 [EventQueue-NodeRegistrationContainerReportForDataNodeSafeModeRule] INFO  safemode.SCMSafeModeManager (DataNodeSafeModeRule.java:process(71)) - SCM in safe mode. 1 DataNodes registered, 3 required.
2022-10-19 08:45:12,344 [EventQueue-PipelineReportForOneReplicaPipelineSafeModeRule] INFO  safemode.SCMSafeModeManager (SCMSafeModeManager.java:validateSafeModeExitRules(204)) - AtleastOneDatanodeReportedRule rule is successfully validated
2022-10-19 08:45:12,363 [RatisPipelineUtilsThread - 0] INFO  pipeline.PipelineStateManagerImpl (PipelineStateManagerImpl.java:addPipeline(103)) - Created pipeline Pipeline[ Id: b0d3b318-730a-4647-8689-7c969207afdb, Nodes: 96fa30cc-cc01-4af1-a161-c10c2afc2f22{ip: 10.1.1.188, host: fv-az447-90.tnmeiuxxsqeu3byeydcnbj0j5d.dx.internal.cloudapp.net, ports: [REPLICATION=35959, RATIS=43419, RATIS_ADMIN=43419, RATIS_SERVER=43419, STANDALONE=33857], networkLocation: /default-rack, certSerialId: null, persistedOpState: IN_SERVICE, persistedOpStateExpiryEpochSec: 0}, ReplicationConfig: RATIS/ONE, State:ALLOCATED, leaderId:, CreationTimestamp2022-10-19T08:45:12.342Z[Etc/UTC]].
2022-10-19 08:45:12,759 [EndpointStateMachine task thread for /0.0.0.0:46251 - 0 ] INFO  volume.HddsVolume (HddsVolume.java:createDbStore(307)) - SchemaV3 db is created and loaded at /home/runner/work/ozone/ozone/hadoop-ozone/integration-test/target/test-dir/MiniOzoneClusterImpl-43a13940-e4af-4545-ab6e-e590eff1efbb/datanode-6/data-0/containers/hdds/43a13940-e4af-4545-ab6e-e590eff1efbb/DS-556608d7-e888-43f0-acf5-ad40412e4f44/container.db for volume DS-556608d7-e888-43f0-acf5-ad40412e4f44
2022-10-19 08:45:12,762 [EndpointStateMachine task thread for /0.0.0.0:46251 - 0 ] INFO  volume.HddsVolume (HddsVolume.java:closeDbStore(338)) - SchemaV3 db is stopped at /home/runner/work/ozone/ozone/hadoop-ozone/integration-test/target/test-dir/MiniOzoneClusterImpl-43a13940-e4af-4545-ab6e-e590eff1efbb/datanode-6/data-0/containers/hdds/43a13940-e4af-4545-ab6e-e590eff1efbb/DS-556608d7-e888-43f0-acf5-ad40412e4f44/container.db for volume DS-556608d7-e888-43f0-acf5-ad40412e4f44
2022-10-19 08:45:12,762 [EndpointStateMachine task thread for /0.0.0.0:46251 - 0 ] INFO  ozoneimpl.OzoneContainer (OzoneContainer.java:start(378)) - Attempting to start container services.
2022-10-19 08:45:12,762 [EndpointStateMachine task thread for /0.0.0.0:46251 - 0 ] INFO  ozoneimpl.OzoneContainer (OzoneContainer.java:startContainerScrub(313)) - Background container scanner has been disabled.
2022-10-19 08:45:12,768 [EndpointStateMachine task thread for /0.0.0.0:46251 - 0 ] INFO  replication.ReplicationServer (ReplicationServer.java:start(111)) - ReplicationServer is started using port 43325
2022-10-19 08:45:12,769 [EndpointStateMachine task thread for /0.0.0.0:46251 - 0 ] INFO  ratis.XceiverServerRatis (XceiverServerRatis.java:start(481)) - Starting XceiverServerRatis 88796760-9d6a-455a-8b63-676b32daf901
2022-10-19 08:45:12,770 [EndpointStateMachine task thread for /0.0.0.0:46251 - 0 ] INFO  server.RaftServer (RaftServerProxy.java:startImpl(393)) - 88796760-9d6a-455a-8b63-676b32daf901: start RPC server
2022-10-19 08:45:12,776 [EndpointStateMachine task thread for /0.0.0.0:46251 - 0 ] INFO  server.GrpcService (GrpcService.java:startImpl(270)) - 88796760-9d6a-455a-8b63-676b32daf901: GrpcService started, listening on 43773
2022-10-19 08:45:12,776 [EndpointStateMachine task thread for /0.0.0.0:46251 - 0 ] INFO  ratis.XceiverServerRatis (XceiverServerRatis.java:getRealPort(502)) - XceiverServerRatis 88796760-9d6a-455a-8b63-676b32daf901 is started using port 43773 for RATIS
2022-10-19 08:45:12,776 [EndpointStateMachine task thread for /0.0.0.0:46251 - 0 ] INFO  ratis.XceiverServerRatis (XceiverServerRatis.java:getRealPort(502)) - XceiverServerRatis 88796760-9d6a-455a-8b63-676b32daf901 is started using port 43773 for RATIS_ADMIN
2022-10-19 08:45:12,776 [EndpointStateMachine task thread for /0.0.0.0:46251 - 0 ] INFO  ratis.XceiverServerRatis (XceiverServerRatis.java:getRealPort(502)) - XceiverServerRatis 88796760-9d6a-455a-8b63-676b32daf901 is started using port 43773 for RATIS_SERVER
2022-10-19 08:45:12,779 [JvmPauseMonitor7] INFO  util.JvmPauseMonitor (JvmPauseMonitor.java:run(105)) - JvmPauseMonitor-88796760-9d6a-455a-8b63-676b32daf901: Started
2022-10-19 08:45:12,781 [EndpointStateMachine task thread for /0.0.0.0:46251 - 0 ] INFO  server.XceiverServerGrpc (XceiverServerGrpc.java:start(180)) - XceiverServerGrpc 88796760-9d6a-455a-8b63-676b32daf901 is started using port 44263
2022-10-19 08:45:12,806 [IPC Server handler 8 on default port 46251] INFO  net.NetworkTopologyImpl (NetworkTopologyImpl.java:add(112)) - Added a new node: /default-rack/91dae643-bef5-471c-869f-4daa43ea47b3
2022-10-19 08:45:12,806 [IPC Server handler 8 on default port 46251] INFO  node.SCMNodeManager (SCMNodeManager.java:register(397)) - Registered Data node : 91dae643-bef5-471c-869f-4daa43ea47b3{ip: 10.1.1.188, host: fv-az447-90.tnmeiuxxsqeu3byeydcnbj0j5d.dx.internal.cloudapp.net, ports: [REPLICATION=46757, RATIS=34857, RATIS_ADMIN=34857, RATIS_SERVER=34857, STANDALONE=41469], networkLocation: /default-rack, certSerialId: null, persistedOpState: null, persistedOpStateExpiryEpochSec: 0}
2022-10-19 08:45:12,807 [EventQueue-NewNodeForNewNodeHandler] INFO  pipeline.BackgroundPipelineCreator (BackgroundPipelineCreator.java:notifyEventTriggered(276)) - trigger a one-shot run on RatisPipelineUtilsThread.
2022-10-19 08:45:12,808 [EventQueue-NodeRegistrationContainerReportForDataNodeSafeModeRule] INFO  safemode.SCMSafeModeManager (DataNodeSafeModeRule.java:process(71)) - SCM in safe mode. 2 DataNodes registered, 3 required.
2022-10-19 08:45:12,809 [RatisPipelineUtilsThread - 0] INFO  pipeline.RatisPipelineProvider (RatisPipelineProvider.java:lambda$create$0(195)) - Sending CreatePipelineCommand for pipeline:PipelineID=23525df1-f8a3-432b-8fbf-9b8fae4d8aee to datanode:91dae643-bef5-471c-869f-4daa43ea47b3
2022-10-19 08:45:12,809 [RatisPipelineUtilsThread - 0] INFO  pipeline.PipelineStateManagerImpl (PipelineStateManagerImpl.java:addPipeline(103)) - Created pipeline Pipeline[ Id: 23525df1-f8a3-432b-8fbf-9b8fae4d8aee, Nodes: 91dae643-bef5-471c-869f-4daa43ea47b3{ip: 10.1.1.188, host: fv-az447-90.tnmeiuxxsqeu3byeydcnbj0j5d.dx.internal.cloudapp.net, ports: [REPLICATION=46757, RATIS=34857, RATIS_ADMIN=34857, RATIS_SERVER=34857, STANDALONE=41469], networkLocation: /default-rack, certSerialId: null, persistedOpState: IN_SERVICE, persistedOpStateExpiryEpochSec: 0}, ReplicationConfig: RATIS/ONE, State:ALLOCATED, leaderId:, CreationTimestamp2022-10-19T08:45:12.809Z[Etc/UTC]].
2022-10-19 08:45:12,964 [Listener at 127.0.0.1/40043] INFO  ozone.MiniOzoneClusterImpl (MiniOzoneClusterImpl.java:lambda$waitForClusterToBeReady$0(216)) - Waiting for nodes to be ready. Got 2 of 10 DN Heartbeats.
2022-10-19 08:45:12,965 [Listener at 127.0.0.1/40043] INFO  ozone.MiniOzoneClusterImpl (MiniOzoneClusterImpl.java:lambda$waitForClusterToBeReady$0(219)) - Waiting for cluster to exit safe mode
2022-10-19 08:45:12,965 [Listener at 127.0.0.1/40043] INFO  ozone.MiniOzoneClusterImpl (MiniOzoneClusterImpl.java:lambda$waitForClusterToBeReady$0(221)) - SCM became leader
2022-10-19 08:45:13,166 [IPC Server handler 1 on default port 46251] INFO  net.NetworkTopologyImpl (NetworkTopologyImpl.java:add(112)) - Added a new node: /default-rack/9e7e10a2-763a-4a15-b149-6c921096d1eb
2022-10-19 08:45:13,167 [IPC Server handler 1 on default port 46251] INFO  node.SCMNodeManager (SCMNodeManager.java:register(397)) - Registered Data node : 9e7e10a2-763a-4a15-b149-6c921096d1eb{ip: 10.1.1.188, host: fv-az447-90.tnmeiuxxsqeu3byeydcnbj0j5d.dx.internal.cloudapp.net, ports: [REPLICATION=43445, RATIS=43001, RATIS_ADMIN=43001, RATIS_SERVER=43001, STANDALONE=33113], networkLocation: /default-rack, certSerialId: null, persistedOpState: null, persistedOpStateExpiryEpochSec: 0}
2022-10-19 08:45:13,168 [EventQueue-NewNodeForNewNodeHandler] INFO  pipeline.BackgroundPipelineCreator (BackgroundPipelineCreator.java:notifyEventTriggered(276)) - trigger a one-shot run on RatisPipelineUtilsThread.
2022-10-19 08:45:13,168 [EventQueue-NodeRegistrationContainerReportForDataNodeSafeModeRule] INFO  safemode.SCMSafeModeManager (DataNodeSafeModeRule.java:process(71)) - SCM in safe mode. 3 DataNodes registered, 3 required.
2022-10-19 08:45:13,168 [EventQueue-NodeRegistrationContainerReportForDataNodeSafeModeRule] INFO  safemode.SCMSafeModeManager (SCMSafeModeManager.java:validateSafeModeExitRules(204)) - DataNodeSafeModeRule rule is successfully validated
2022-10-19 08:45:13,168 [EventQueue-NodeRegistrationContainerReportForDataNodeSafeModeRule] INFO  safemode.SCMSafeModeManager (SCMSafeModeManager.java:completePreCheck(233)) - All SCM safe mode pre check rules have passed
2022-10-19 08:45:13,168 [EventQueue-NodeRegistrationContainerReportForDataNodeSafeModeRule] WARN  events.EventQueue (EventQueue.java:fireEvent(216)) - No event handler registered for event TypedEvent{payloadType=SafeModeStatus, name='Safe mode status'}
2022-10-19 08:45:13,168 [EventQueue-NodeRegistrationContainerReportForDataNodeSafeModeRule] INFO  ha.SCMContext (SCMContext.java:updateSafeModeStatus(228)) - Update SafeModeStatus from SafeModeStatus{safeModeStatus=true, preCheckPassed=false} to SafeModeStatus{safeModeStatus=true, preCheckPassed=true}.
2022-10-19 08:45:13,168 [EventQueue-NodeRegistrationContainerReportForDataNodeSafeModeRule] INFO  pipeline.BackgroundPipelineCreator (BackgroundPipelineCreator.java:notifyEventTriggered(276)) - trigger a one-shot run on RatisPipelineUtilsThread.
2022-10-19 08:45:13,169 [RatisPipelineUtilsThread - 0] INFO  pipeline.RatisPipelineProvider (RatisPipelineProvider.java:lambda$create$0(195)) - Sending CreatePipelineCommand for pipeline:PipelineID=013d9e7d-d3b0-4d1b-bae5-a314e49cc730 to datanode:9e7e10a2-763a-4a15-b149-6c921096d1eb
2022-10-19 08:45:13,169 [RatisPipelineUtilsThread - 0] INFO  pipeline.PipelineStateManagerImpl (PipelineStateManagerImpl.java:addPipeline(103)) - Created pipeline Pipeline[ Id: 013d9e7d-d3b0-4d1b-bae5-a314e49cc730, Nodes: 9e7e10a2-763a-4a15-b149-6c921096d1eb{ip: 10.1.1.188, host: fv-az447-90.tnmeiuxxsqeu3byeydcnbj0j5d.dx.internal.cloudapp.net, ports: [REPLICATION=43445, RATIS=43001, RATIS_ADMIN=43001, RATIS_SERVER=43001, STANDALONE=33113], networkLocation: /default-rack, certSerialId: null, persistedOpState: IN_SERVICE, persistedOpStateExpiryEpochSec: 0}, ReplicationConfig: RATIS/ONE, State:ALLOCATED, leaderId:, CreationTimestamp2022-10-19T08:45:13.169Z[Etc/UTC]].
2022-10-19 08:45:13,175 [RatisPipelineUtilsThread - 0] INFO  pipeline.RatisPipelineProvider (RatisPipelineProvider.java:lambda$create$0(195)) - Sending CreatePipelineCommand for pipeline:PipelineID=903fd36a-8604-4e76-947b-a1acf68524ab to datanode:96fa30cc-cc01-4af1-a161-c10c2afc2f22
2022-10-19 08:45:13,175 [RatisPipelineUtilsThread - 0] INFO  pipeline.RatisPipelineProvider (RatisPipelineProvider.java:lambda$create$0(195)) - Sending CreatePipelineCommand for pipeline:PipelineID=903fd36a-8604-4e76-947b-a1acf68524ab to datanode:9e7e10a2-763a-4a15-b149-6c921096d1eb
2022-10-19 08:45:13,175 [RatisPipelineUtilsThread - 0] INFO  pipeline.RatisPipelineProvider (RatisPipelineProvider.java:lambda$create$0(195)) - Sending CreatePipelineCommand for pipeline:PipelineID=903fd36a-8604-4e76-947b-a1acf68524ab to datanode:91dae643-bef5-471c-869f-4daa43ea47b3
2022-10-19 08:45:13,179 [EndpointStateMachine task thread for /0.0.0.0:46251 - 0 ] INFO  volume.HddsVolume (HddsVolume.java:createDbStore(307)) - SchemaV3 db is created and loaded at /home/runner/work/ozone/ozone/hadoop-ozone/integration-test/target/test-dir/MiniOzoneClusterImpl-43a13940-e4af-4545-ab6e-e590eff1efbb/datanode-7/data-0/containers/hdds/43a13940-e4af-4545-ab6e-e590eff1efbb/DS-e80bb865-c80a-4eef-b25e-7f00ab9e4a73/container.db for volume DS-e80bb865-c80a-4eef-b25e-7f00ab9e4a73
2022-10-19 08:45:13,180 [RatisPipelineUtilsThread - 0] INFO  pipeline.PipelineStateManagerImpl (PipelineStateManagerImpl.java:addPipeline(103)) - Created pipeline Pipeline[ Id: 903fd36a-8604-4e76-947b-a1acf68524ab, Nodes: 96fa30cc-cc01-4af1-a161-c10c2afc2f22{ip: 10.1.1.188, host: fv-az447-90.tnmeiuxxsqeu3byeydcnbj0j5d.dx.internal.cloudapp.net, ports: [REPLICATION=35959, RATIS=43419, RATIS_ADMIN=43419, RATIS_SERVER=43419, STANDALONE=33857], networkLocation: /default-rack, certSerialId: null, persistedOpState: IN_SERVICE, persistedOpStateExpiryEpochSec: 0}9e7e10a2-763a-4a15-b149-6c921096d1eb{ip: 10.1.1.188, host: fv-az447-90.tnmeiuxxsqeu3byeydcnbj0j5d.dx.internal.cloudapp.net, ports: [REPLICATION=43445, RATIS=43001, RATIS_ADMIN=43001, RATIS_SERVER=43001, STANDALONE=33113], networkLocation: /default-rack, certSerialId: null, persistedOpState: IN_SERVICE, persistedOpStateExpiryEpochSec: 0}91dae643-bef5-471c-869f-4daa43ea47b3{ip: 10.1.1.188, host: fv-az447-90.tnmeiuxxsqeu3byeydcnbj0j5d.dx.internal.cloudapp.net, ports: [REPLICATION=46757, RATIS=34857, RATIS_ADMIN=34857, RATIS_SERVER=34857, STANDALONE=41469], networkLocation: /default-rack, certSerialId: null, persistedOpState: IN_SERVICE, persistedOpStateExpiryEpochSec: 0}, ReplicationConfig: RATIS/THREE, State:ALLOCATED, leaderId:, CreationTimestamp2022-10-19T08:45:13.175Z[Etc/UTC]].
2022-10-19 08:45:13,181 [EndpointStateMachine task thread for /0.0.0.0:46251 - 0 ] INFO  volume.HddsVolume (HddsVolume.java:closeDbStore(338)) - SchemaV3 db is stopped at /home/runner/work/ozone/ozone/hadoop-ozone/integration-test/target/test-dir/MiniOzoneClusterImpl-43a13940-e4af-4545-ab6e-e590eff1efbb/datanode-7/data-0/containers/hdds/43a13940-e4af-4545-ab6e-e590eff1efbb/DS-e80bb865-c80a-4eef-b25e-7f00ab9e4a73/container.db for volume DS-e80bb865-c80a-4eef-b25e-7f00ab9e4a73
2022-10-19 08:45:13,183 [EndpointStateMachine task thread for /0.0.0.0:46251 - 0 ] INFO  ozoneimpl.OzoneContainer (OzoneContainer.java:start(378)) - Attempting to start container services.
2022-10-19 08:45:13,183 [EndpointStateMachine task thread for /0.0.0.0:46251 - 0 ] INFO  ozoneimpl.OzoneContainer (OzoneContainer.java:startContainerScrub(313)) - Background container scanner has been disabled.
2022-10-19 08:45:13,187 [EndpointStateMachine task thread for /0.0.0.0:46251 - 0 ] INFO  replication.ReplicationServer (ReplicationServer.java:start(111)) - ReplicationServer is started using port 43615
2022-10-19 08:45:13,188 [EndpointStateMachine task thread for /0.0.0.0:46251 - 0 ] INFO  ratis.XceiverServerRatis (XceiverServerRatis.java:start(481)) - Starting XceiverServerRatis bca43735-b008-443f-9343-82cfc7e5cdbd
2022-10-19 08:45:13,189 [RatisPipelineUtilsThread - 0] INFO  pipeline.RatisPipelineProvider (RatisPipelineProvider.java:lambda$create$0(195)) - Sending CreatePipelineCommand for pipeline:PipelineID=fd292d6e-355d-4ed3-a3ba-f4cab9577c1e to datanode:91dae643-bef5-471c-869f-4daa43ea47b3
2022-10-19 08:45:13,194 [RatisPipelineUtilsThread - 0] INFO  pipeline.RatisPipelineProvider (RatisPipelineProvider.java:lambda$create$0(195)) - Sending CreatePipelineCommand for pipeline:PipelineID=fd292d6e-355d-4ed3-a3ba-f4cab9577c1e to datanode:96fa30cc-cc01-4af1-a161-c10c2afc2f22
2022-10-19 08:45:13,194 [RatisPipelineUtilsThread - 0] INFO  pipeline.RatisPipelineProvider (RatisPipelineProvider.java:lambda$create$0(195)) - Sending CreatePipelineCommand for pipeline:PipelineID=fd292d6e-355d-4ed3-a3ba-f4cab9577c1e to datanode:9e7e10a2-763a-4a15-b149-6c921096d1eb
2022-10-19 08:45:13,195 [RatisPipelineUtilsThread - 0] INFO  pipeline.PipelineStateManagerImpl (PipelineStateManagerImpl.java:addPipeline(103)) - Created pipeline Pipeline[ Id: fd292d6e-355d-4ed3-a3ba-f4cab9577c1e, Nodes: 91dae643-bef5-471c-869f-4daa43ea47b3{ip: 10.1.1.188, host: fv-az447-90.tnmeiuxxsqeu3byeydcnbj0j5d.dx.internal.cloudapp.net, ports: [REPLICATION=46757, RATIS=34857, RATIS_ADMIN=34857, RATIS_SERVER=34857, STANDALONE=41469], networkLocation: /default-rack, certSerialId: null, persistedOpState: IN_SERVICE, persistedOpStateExpiryEpochSec: 0}96fa30cc-cc01-4af1-a161-c10c2afc2f22{ip: 10.1.1.188, host: fv-az447-90.tnmeiuxxsqeu3byeydcnbj0j5d.dx.internal.cloudapp.net, ports: [REPLICATION=35959, RATIS=43419, RATIS_ADMIN=43419, RATIS_SERVER=43419, STANDALONE=33857], networkLocation: /default-rack, certSerialId: null, persistedOpState: IN_SERVICE, persistedOpStateExpiryEpochSec: 0}9e7e10a2-763a-4a15-b149-6c921096d1eb{ip: 10.1.1.188, host: fv-az447-90.tnmeiuxxsqeu3byeydcnbj0j5d.dx.internal.cloudapp.net, ports: [REPLICATION=43445, RATIS=43001, RATIS_ADMIN=43001, RATIS_SERVER=43001, STANDALONE=33113], networkLocation: /default-rack, certSerialId: null, persistedOpState: IN_SERVICE, persistedOpStateExpiryEpochSec: 0}, ReplicationConfig: RATIS/THREE, State:ALLOCATED, leaderId:, CreationTimestamp2022-10-19T08:45:13.189Z[Etc/UTC]].
2022-10-19 08:45:13,195 [RatisPipelineUtilsThread - 0] INFO  pipeline.PipelineManagerImpl (PipelineManagerImpl.java:recordMetricsForPipeline(796)) - Pipeline: PipelineID=fd292d6e-355d-4ed3-a3ba-f4cab9577c1e contains same datanodes as previous pipelines: PipelineID=903fd36a-8604-4e76-947b-a1acf68524ab nodeIds: 91dae643-bef5-471c-869f-4daa43ea47b3, 96fa30cc-cc01-4af1-a161-c10c2afc2f22, 9e7e10a2-763a-4a15-b149-6c921096d1eb
2022-10-19 08:45:13,196 [EndpointStateMachine task thread for /0.0.0.0:46251 - 0 ] INFO  server.RaftServer (RaftServerProxy.java:startImpl(393)) - bca43735-b008-443f-9343-82cfc7e5cdbd: start RPC server
2022-10-19 08:45:13,204 [EndpointStateMachine task thread for /0.0.0.0:46251 - 0 ] INFO  server.GrpcService (GrpcService.java:startImpl(270)) - bca43735-b008-443f-9343-82cfc7e5cdbd: GrpcService started, listening on 44765
2022-10-19 08:45:13,204 [EndpointStateMachine task thread for /0.0.0.0:46251 - 0 ] INFO  ratis.XceiverServerRatis (XceiverServerRatis.java:getRealPort(502)) - XceiverServerRatis bca43735-b008-443f-9343-82cfc7e5cdbd is started using port 44765 for RATIS
2022-10-19 08:45:13,204 [EndpointStateMachine task thread for /0.0.0.0:46251 - 0 ] INFO  ratis.XceiverServerRatis (XceiverServerRatis.java:getRealPort(502)) - XceiverServerRatis bca43735-b008-443f-9343-82cfc7e5cdbd is started using port 44765 for RATIS_ADMIN
2022-10-19 08:45:13,204 [EndpointStateMachine task thread for /0.0.0.0:46251 - 0 ] INFO  ratis.XceiverServerRatis (XceiverServerRatis.java:getRealPort(502)) - XceiverServerRatis bca43735-b008-443f-9343-82cfc7e5cdbd is started using port 44765 for RATIS_SERVER
2022-10-19 08:45:13,205 [JvmPauseMonitor8] INFO  util.JvmPauseMonitor (JvmPauseMonitor.java:run(105)) - JvmPauseMonitor-bca43735-b008-443f-9343-82cfc7e5cdbd: Started
2022-10-19 08:45:13,206 [EndpointStateMachine task thread for /0.0.0.0:46251 - 0 ] INFO  server.XceiverServerGrpc (XceiverServerGrpc.java:start(180)) - XceiverServerGrpc bca43735-b008-443f-9343-82cfc7e5cdbd is started using port 42461
2022-10-19 08:45:13,524 [IPC Server handler 10 on default port 46251] INFO  net.NetworkTopologyImpl (NetworkTopologyImpl.java:add(112)) - Added a new node: /default-rack/f675d99d-517f-4d8a-bd29-886eede0250d
2022-10-19 08:45:13,525 [IPC Server handler 10 on default port 46251] INFO  node.SCMNodeManager (SCMNodeManager.java:register(397)) - Registered Data node : f675d99d-517f-4d8a-bd29-886eede0250d{ip: 10.1.1.188, host: fv-az447-90.tnmeiuxxsqeu3byeydcnbj0j5d.dx.internal.cloudapp.net, ports: [REPLICATION=34861, RATIS=37697, RATIS_ADMIN=37697, RATIS_SERVER=37697, STANDALONE=41787], networkLocation: /default-rack, certSerialId: null, persistedOpState: null, persistedOpStateExpiryEpochSec: 0}
2022-10-19 08:45:13,525 [EventQueue-NewNodeForNewNodeHandler] INFO  pipeline.BackgroundPipelineCreator (BackgroundPipelineCreator.java:notifyEventTriggered(276)) - trigger a one-shot run on RatisPipelineUtilsThread.
2022-10-19 08:45:13,527 [RatisPipelineUtilsThread - 0] INFO  pipeline.RatisPipelineProvider (RatisPipelineProvider.java:lambda$create$0(195)) - Sending CreatePipelineCommand for pipeline:PipelineID=e6d98006-d2fa-4e72-8ef8-10c9af99beba to datanode:f675d99d-517f-4d8a-bd29-886eede0250d
2022-10-19 08:45:13,528 [RatisPipelineUtilsThread - 0] INFO  pipeline.PipelineStateManagerImpl (PipelineStateManagerImpl.java:addPipeline(103)) - Created pipeline Pipeline[ Id: e6d98006-d2fa-4e72-8ef8-10c9af99beba, Nodes: f675d99d-517f-4d8a-bd29-886eede0250d{ip: 10.1.1.188, host: fv-az447-90.tnmeiuxxsqeu3byeydcnbj0j5d.dx.internal.cloudapp.net, ports: [REPLICATION=34861, RATIS=37697, RATIS_ADMIN=37697, RATIS_SERVER=37697, STANDALONE=41787], networkLocation: /default-rack, certSerialId: null, persistedOpState: IN_SERVICE, persistedOpStateExpiryEpochSec: 0}, ReplicationConfig: RATIS/ONE, State:ALLOCATED, leaderId:, CreationTimestamp2022-10-19T08:45:13.526Z[Etc/UTC]].
2022-10-19 08:45:13,578 [EndpointStateMachine task thread for /0.0.0.0:46251 - 0 ] INFO  volume.HddsVolume (HddsVolume.java:createDbStore(307)) - SchemaV3 db is created and loaded at /home/runner/work/ozone/ozone/hadoop-ozone/integration-test/target/test-dir/MiniOzoneClusterImpl-43a13940-e4af-4545-ab6e-e590eff1efbb/datanode-8/data-0/containers/hdds/43a13940-e4af-4545-ab6e-e590eff1efbb/DS-27515259-5708-4eff-8549-4081e46db0e5/container.db for volume DS-27515259-5708-4eff-8549-4081e46db0e5
2022-10-19 08:45:13,579 [EndpointStateMachine task thread for /0.0.0.0:46251 - 0 ] INFO  volume.HddsVolume (HddsVolume.java:closeDbStore(338)) - SchemaV3 db is stopped at /home/runner/work/ozone/ozone/hadoop-ozone/integration-test/target/test-dir/MiniOzoneClusterImpl-43a13940-e4af-4545-ab6e-e590eff1efbb/datanode-8/data-0/containers/hdds/43a13940-e4af-4545-ab6e-e590eff1efbb/DS-27515259-5708-4eff-8549-4081e46db0e5/container.db for volume DS-27515259-5708-4eff-8549-4081e46db0e5
2022-10-19 08:45:13,579 [EndpointStateMachine task thread for /0.0.0.0:46251 - 0 ] INFO  ozoneimpl.OzoneContainer (OzoneContainer.java:start(378)) - Attempting to start container services.
2022-10-19 08:45:13,579 [EndpointStateMachine task thread for /0.0.0.0:46251 - 0 ] INFO  ozoneimpl.OzoneContainer (OzoneContainer.java:startContainerScrub(313)) - Background container scanner has been disabled.
2022-10-19 08:45:13,580 [EndpointStateMachine task thread for /0.0.0.0:46251 - 0 ] INFO  replication.ReplicationServer (ReplicationServer.java:start(111)) - ReplicationServer is started using port 33291
2022-10-19 08:45:13,581 [EndpointStateMachine task thread for /0.0.0.0:46251 - 0 ] INFO  ratis.XceiverServerRatis (XceiverServerRatis.java:start(481)) - Starting XceiverServerRatis 2793c3be-81e9-49ed-8ebe-f0dc6850cb05
2022-10-19 08:45:13,581 [EndpointStateMachine task thread for /0.0.0.0:46251 - 0 ] INFO  server.RaftServer (RaftServerProxy.java:startImpl(393)) - 2793c3be-81e9-49ed-8ebe-f0dc6850cb05: start RPC server
2022-10-19 08:45:13,583 [EndpointStateMachine task thread for /0.0.0.0:46251 - 0 ] INFO  server.GrpcService (GrpcService.java:startImpl(270)) - 2793c3be-81e9-49ed-8ebe-f0dc6850cb05: GrpcService started, listening on 34763
2022-10-19 08:45:13,583 [EndpointStateMachine task thread for /0.0.0.0:46251 - 0 ] INFO  ratis.XceiverServerRatis (XceiverServerRatis.java:getRealPort(502)) - XceiverServerRatis 2793c3be-81e9-49ed-8ebe-f0dc6850cb05 is started using port 34763 for RATIS
2022-10-19 08:45:13,583 [JvmPauseMonitor9] INFO  util.JvmPauseMonitor (JvmPauseMonitor.java:run(105)) - JvmPauseMonitor-2793c3be-81e9-49ed-8ebe-f0dc6850cb05: Started
2022-10-19 08:45:13,583 [EndpointStateMachine task thread for /0.0.0.0:46251 - 0 ] INFO  ratis.XceiverServerRatis (XceiverServerRatis.java:getRealPort(502)) - XceiverServerRatis 2793c3be-81e9-49ed-8ebe-f0dc6850cb05 is started using port 34763 for RATIS_ADMIN
2022-10-19 08:45:13,584 [EndpointStateMachine task thread for /0.0.0.0:46251 - 0 ] INFO  ratis.XceiverServerRatis (XceiverServerRatis.java:getRealPort(502)) - XceiverServerRatis 2793c3be-81e9-49ed-8ebe-f0dc6850cb05 is started using port 34763 for RATIS_SERVER
2022-10-19 08:45:13,586 [EndpointStateMachine task thread for /0.0.0.0:46251 - 0 ] INFO  server.XceiverServerGrpc (XceiverServerGrpc.java:start(180)) - XceiverServerGrpc 2793c3be-81e9-49ed-8ebe-f0dc6850cb05 is started using port 36489
2022-10-19 08:45:13,851 [IPC Server handler 9 on default port 46251] INFO  net.NetworkTopologyImpl (NetworkTopologyImpl.java:add(112)) - Added a new node: /default-rack/c61245f4-0084-4810-95a5-490d20dc424d
2022-10-19 08:45:13,851 [IPC Server handler 9 on default port 46251] INFO  node.SCMNodeManager (SCMNodeManager.java:register(397)) - Registered Data node : c61245f4-0084-4810-95a5-490d20dc424d{ip: 10.1.1.188, host: fv-az447-90.tnmeiuxxsqeu3byeydcnbj0j5d.dx.internal.cloudapp.net, ports: [REPLICATION=43855, RATIS=40855, RATIS_ADMIN=40855, RATIS_SERVER=40855, STANDALONE=34265], networkLocation: /default-rack, certSerialId: null, persistedOpState: null, persistedOpStateExpiryEpochSec: 0}
2022-10-19 08:45:13,852 [EventQueue-NewNodeForNewNodeHandler] INFO  pipeline.BackgroundPipelineCreator (BackgroundPipelineCreator.java:notifyEventTriggered(276)) - trigger a one-shot run on RatisPipelineUtilsThread.
2022-10-19 08:45:13,853 [RatisPipelineUtilsThread - 0] INFO  pipeline.RatisPipelineProvider (RatisPipelineProvider.java:lambda$create$0(195)) - Sending CreatePipelineCommand for pipeline:PipelineID=6adfa43f-71d3-4e1e-85d9-f4d6b88598dc to datanode:c61245f4-0084-4810-95a5-490d20dc424d
2022-10-19 08:45:13,853 [RatisPipelineUtilsThread - 0] INFO  pipeline.PipelineStateManagerImpl (PipelineStateManagerImpl.java:addPipeline(103)) - Created pipeline Pipeline[ Id: 6adfa43f-71d3-4e1e-85d9-f4d6b88598dc, Nodes: c61245f4-0084-4810-95a5-490d20dc424d{ip: 10.1.1.188, host: fv-az447-90.tnmeiuxxsqeu3byeydcnbj0j5d.dx.internal.cloudapp.net, ports: [REPLICATION=43855, RATIS=40855, RATIS_ADMIN=40855, RATIS_SERVER=40855, STANDALONE=34265], networkLocation: /default-rack, certSerialId: null, persistedOpState: IN_SERVICE, persistedOpStateExpiryEpochSec: 0}, ReplicationConfig: RATIS/ONE, State:ALLOCATED, leaderId:, CreationTimestamp2022-10-19T08:45:13.853Z[Etc/UTC]].
2022-10-19 08:45:13,965 [Listener at 127.0.0.1/40043] INFO  ozone.MiniOzoneClusterImpl (MiniOzoneClusterImpl.java:lambda$waitForClusterToBeReady$0(216)) - Waiting for nodes to be ready. Got 5 of 10 DN Heartbeats.
2022-10-19 08:45:13,966 [Listener at 127.0.0.1/40043] INFO  ozone.MiniOzoneClusterImpl (MiniOzoneClusterImpl.java:lambda$waitForClusterToBeReady$0(219)) - Waiting for cluster to exit safe mode
2022-10-19 08:45:13,966 [Listener at 127.0.0.1/40043] INFO  ozone.MiniOzoneClusterImpl (MiniOzoneClusterImpl.java:lambda$waitForClusterToBeReady$0(221)) - SCM became leader
2022-10-19 08:45:14,004 [EndpointStateMachine task thread for /0.0.0.0:46251 - 0 ] INFO  volume.HddsVolume (HddsVolume.java:createDbStore(307)) - SchemaV3 db is created and loaded at /home/runner/work/ozone/ozone/hadoop-ozone/integration-test/target/test-dir/MiniOzoneClusterImpl-43a13940-e4af-4545-ab6e-e590eff1efbb/datanode-9/data-0/containers/hdds/43a13940-e4af-4545-ab6e-e590eff1efbb/DS-ecea87b4-ad84-4d63-8dc4-91238e1a33f1/container.db for volume DS-ecea87b4-ad84-4d63-8dc4-91238e1a33f1
2022-10-19 08:45:14,008 [EndpointStateMachine task thread for /0.0.0.0:46251 - 0 ] INFO  volume.HddsVolume (HddsVolume.java:closeDbStore(338)) - SchemaV3 db is stopped at /home/runner/work/ozone/ozone/hadoop-ozone/integration-test/target/test-dir/MiniOzoneClusterImpl-43a13940-e4af-4545-ab6e-e590eff1efbb/datanode-9/data-0/containers/hdds/43a13940-e4af-4545-ab6e-e590eff1efbb/DS-ecea87b4-ad84-4d63-8dc4-91238e1a33f1/container.db for volume DS-ecea87b4-ad84-4d63-8dc4-91238e1a33f1
2022-10-19 08:45:14,008 [EndpointStateMachine task thread for /0.0.0.0:46251 - 0 ] INFO  ozoneimpl.OzoneContainer (OzoneContainer.java:start(378)) - Attempting to start container services.
2022-10-19 08:45:14,008 [EndpointStateMachine task thread for /0.0.0.0:46251 - 0 ] INFO  ozoneimpl.OzoneContainer (OzoneContainer.java:startContainerScrub(313)) - Background container scanner has been disabled.
2022-10-19 08:45:14,010 [EndpointStateMachine task thread for /0.0.0.0:46251 - 0 ] INFO  replication.ReplicationServer (ReplicationServer.java:start(111)) - ReplicationServer is started using port 43387
2022-10-19 08:45:14,010 [EndpointStateMachine task thread for /0.0.0.0:46251 - 0 ] INFO  ratis.XceiverServerRatis (XceiverServerRatis.java:start(481)) - Starting XceiverServerRatis 4bf4c8bd-58cb-4467-be45-ba87f7c70472
2022-10-19 08:45:14,011 [EndpointStateMachine task thread for /0.0.0.0:46251 - 0 ] INFO  server.RaftServer (RaftServerProxy.java:startImpl(393)) - 4bf4c8bd-58cb-4467-be45-ba87f7c70472: start RPC server
2022-10-19 08:45:14,012 [EndpointStateMachine task thread for /0.0.0.0:46251 - 0 ] INFO  server.GrpcService (GrpcService.java:startImpl(270)) - 4bf4c8bd-58cb-4467-be45-ba87f7c70472: GrpcService started, listening on 41671
2022-10-19 08:45:14,013 [EndpointStateMachine task thread for /0.0.0.0:46251 - 0 ] INFO  ratis.XceiverServerRatis (XceiverServerRatis.java:getRealPort(502)) - XceiverServerRatis 4bf4c8bd-58cb-4467-be45-ba87f7c70472 is started using port 41671 for RATIS
2022-10-19 08:45:14,013 [EndpointStateMachine task thread for /0.0.0.0:46251 - 0 ] INFO  ratis.XceiverServerRatis (XceiverServerRatis.java:getRealPort(502)) - XceiverServerRatis 4bf4c8bd-58cb-4467-be45-ba87f7c70472 is started using port 41671 for RATIS_ADMIN
2022-10-19 08:45:14,013 [EndpointStateMachine task thread for /0.0.0.0:46251 - 0 ] INFO  ratis.XceiverServerRatis (XceiverServerRatis.java:getRealPort(502)) - XceiverServerRatis 4bf4c8bd-58cb-4467-be45-ba87f7c70472 is started using port 41671 for RATIS_SERVER
2022-10-19 08:45:14,013 [JvmPauseMonitor10] INFO  util.JvmPauseMonitor (JvmPauseMonitor.java:run(105)) - JvmPauseMonitor-4bf4c8bd-58cb-4467-be45-ba87f7c70472: Started
2022-10-19 08:45:14,014 [EndpointStateMachine task thread for /0.0.0.0:46251 - 0 ] INFO  server.XceiverServerGrpc (XceiverServerGrpc.java:start(180)) - XceiverServerGrpc 4bf4c8bd-58cb-4467-be45-ba87f7c70472 is started using port 40739
2022-10-19 08:45:14,194 [IPC Server handler 2 on default port 46251] INFO  net.NetworkTopologyImpl (NetworkTopologyImpl.java:add(112)) - Added a new node: /default-rack/2de491c0-1905-4845-ada7-2a3c171f2066
2022-10-19 08:45:14,194 [IPC Server handler 2 on default port 46251] INFO  node.SCMNodeManager (SCMNodeManager.java:register(397)) - Registered Data node : 2de491c0-1905-4845-ada7-2a3c171f2066{ip: 10.1.1.188, host: fv-az447-90.tnmeiuxxsqeu3byeydcnbj0j5d.dx.internal.cloudapp.net, ports: [REPLICATION=34959, RATIS=45745, RATIS_ADMIN=45745, RATIS_SERVER=45745, STANDALONE=41953], networkLocation: /default-rack, certSerialId: null, persistedOpState: null, persistedOpStateExpiryEpochSec: 0}
2022-10-19 08:45:14,195 [EventQueue-NewNodeForNewNodeHandler] INFO  pipeline.BackgroundPipelineCreator (BackgroundPipelineCreator.java:notifyEventTriggered(276)) - trigger a one-shot run on RatisPipelineUtilsThread.
2022-10-19 08:45:14,195 [RatisPipelineUtilsThread - 0] INFO  pipeline.RatisPipelineProvider (RatisPipelineProvider.java:lambda$create$0(195)) - Sending CreatePipelineCommand for pipeline:PipelineID=e78c9898-718e-4f14-bca0-ade01f2a5737 to datanode:2de491c0-1905-4845-ada7-2a3c171f2066
2022-10-19 08:45:14,196 [RatisPipelineUtilsThread - 0] INFO  pipeline.PipelineStateManagerImpl (PipelineStateManagerImpl.java:addPipeline(103)) - Created pipeline Pipeline[ Id: e78c9898-718e-4f14-bca0-ade01f2a5737, Nodes: 2de491c0-1905-4845-ada7-2a3c171f2066{ip: 10.1.1.188, host: fv-az447-90.tnmeiuxxsqeu3byeydcnbj0j5d.dx.internal.cloudapp.net, ports: [REPLICATION=34959, RATIS=45745, RATIS_ADMIN=45745, RATIS_SERVER=45745, STANDALONE=41953], networkLocation: /default-rack, certSerialId: null, persistedOpState: IN_SERVICE, persistedOpStateExpiryEpochSec: 0}, ReplicationConfig: RATIS/ONE, State:ALLOCATED, leaderId:, CreationTimestamp2022-10-19T08:45:14.195Z[Etc/UTC]].
2022-10-19 08:45:14,197 [RatisPipelineUtilsThread - 0] INFO  pipeline.RatisPipelineProvider (RatisPipelineProvider.java:lambda$create$0(195)) - Sending CreatePipelineCommand for pipeline:PipelineID=bac21aa7-d8c5-4602-b185-4054d80a22fc to datanode:2de491c0-1905-4845-ada7-2a3c171f2066
2022-10-19 08:45:14,197 [RatisPipelineUtilsThread - 0] INFO  pipeline.RatisPipelineProvider (RatisPipelineProvider.java:lambda$create$0(195)) - Sending CreatePipelineCommand for pipeline:PipelineID=bac21aa7-d8c5-4602-b185-4054d80a22fc to datanode:f675d99d-517f-4d8a-bd29-886eede0250d
2022-10-19 08:45:14,197 [RatisPipelineUtilsThread - 0] INFO  pipeline.RatisPipelineProvider (RatisPipelineProvider.java:lambda$create$0(195)) - Sending CreatePipelineCommand for pipeline:PipelineID=bac21aa7-d8c5-4602-b185-4054d80a22fc to datanode:c61245f4-0084-4810-95a5-490d20dc424d
2022-10-19 08:45:14,198 [RatisPipelineUtilsThread - 0] INFO  pipeline.PipelineStateManagerImpl (PipelineStateManagerImpl.java:addPipeline(103)) - Created pipeline Pipeline[ Id: bac21aa7-d8c5-4602-b185-4054d80a22fc, Nodes: 2de491c0-1905-4845-ada7-2a3c171f2066{ip: 10.1.1.188, host: fv-az447-90.tnmeiuxxsqeu3byeydcnbj0j5d.dx.internal.cloudapp.net, ports: [REPLICATION=34959, RATIS=45745, RATIS_ADMIN=45745, RATIS_SERVER=45745, STANDALONE=41953], networkLocation: /default-rack, certSerialId: null, persistedOpState: IN_SERVICE, persistedOpStateExpiryEpochSec: 0}f675d99d-517f-4d8a-bd29-886eede0250d{ip: 10.1.1.188, host: fv-az447-90.tnmeiuxxsqeu3byeydcnbj0j5d.dx.internal.cloudapp.net, ports: [REPLICATION=34861, RATIS=37697, RATIS_ADMIN=37697, RATIS_SERVER=37697, STANDALONE=41787], networkLocation: /default-rack, certSerialId: null, persistedOpState: IN_SERVICE, persistedOpStateExpiryEpochSec: 0}c61245f4-0084-4810-95a5-490d20dc424d{ip: 10.1.1.188, host: fv-az447-90.tnmeiuxxsqeu3byeydcnbj0j5d.dx.internal.cloudapp.net, ports: [REPLICATION=43855, RATIS=40855, RATIS_ADMIN=40855, RATIS_SERVER=40855, STANDALONE=34265], networkLocation: /default-rack, certSerialId: null, persistedOpState: IN_SERVICE, persistedOpStateExpiryEpochSec: 0}, ReplicationConfig: RATIS/THREE, State:ALLOCATED, leaderId:, CreationTimestamp2022-10-19T08:45:14.197Z[Etc/UTC]].
2022-10-19 08:45:14,198 [RatisPipelineUtilsThread - 0] INFO  pipeline.RatisPipelineProvider (RatisPipelineProvider.java:lambda$create$0(195)) - Sending CreatePipelineCommand for pipeline:PipelineID=1ec18428-8ed9-4f59-8598-2e358faa1e41 to datanode:2de491c0-1905-4845-ada7-2a3c171f2066
2022-10-19 08:45:14,199 [RatisPipelineUtilsThread - 0] INFO  pipeline.RatisPipelineProvider (RatisPipelineProvider.java:lambda$create$0(195)) - Sending CreatePipelineCommand for pipeline:PipelineID=1ec18428-8ed9-4f59-8598-2e358faa1e41 to datanode:c61245f4-0084-4810-95a5-490d20dc424d
2022-10-19 08:45:14,199 [RatisPipelineUtilsThread - 0] INFO  pipeline.RatisPipelineProvider (RatisPipelineProvider.java:lambda$create$0(195)) - Sending CreatePipelineCommand for pipeline:PipelineID=1ec18428-8ed9-4f59-8598-2e358faa1e41 to datanode:f675d99d-517f-4d8a-bd29-886eede0250d
2022-10-19 08:45:14,200 [RatisPipelineUtilsThread - 0] INFO  pipeline.PipelineStateManagerImpl (PipelineStateManagerImpl.java:addPipeline(103)) - Created pipeline Pipeline[ Id: 1ec18428-8ed9-4f59-8598-2e358faa1e41, Nodes: 2de491c0-1905-4845-ada7-2a3c171f2066{ip: 10.1.1.188, host: fv-az447-90.tnmeiuxxsqeu3byeydcnbj0j5d.dx.internal.cloudapp.net, ports: [REPLICATION=34959, RATIS=45745, RATIS_ADMIN=45745, RATIS_SERVER=45745, STANDALONE=41953], networkLocation: /default-rack, certSerialId: null, persistedOpState: IN_SERVICE, persistedOpStateExpiryEpochSec: 0}c61245f4-0084-4810-95a5-490d20dc424d{ip: 10.1.1.188, host: fv-az447-90.tnmeiuxxsqeu3byeydcnbj0j5d.dx.internal.cloudapp.net, ports: [REPLICATION=43855, RATIS=40855, RATIS_ADMIN=40855, RATIS_SERVER=40855, STANDALONE=34265], networkLocation: /default-rack, certSerialId: null, persistedOpState: IN_SERVICE, persistedOpStateExpiryEpochSec: 0}f675d99d-517f-4d8a-bd29-886eede0250d{ip: 10.1.1.188, host: fv-az447-90.tnmeiuxxsqeu3byeydcnbj0j5d.dx.internal.cloudapp.net, ports: [REPLICATION=34861, RATIS=37697, RATIS_ADMIN=37697, RATIS_SERVER=37697, STANDALONE=41787], networkLocation: /default-rack, certSerialId: null, persistedOpState: IN_SERVICE, persistedOpStateExpiryEpochSec: 0}, ReplicationConfig: RATIS/THREE, State:ALLOCATED, leaderId:, CreationTimestamp2022-10-19T08:45:14.198Z[Etc/UTC]].
2022-10-19 08:45:14,200 [RatisPipelineUtilsThread - 0] INFO  pipeline.PipelineManagerImpl (PipelineManagerImpl.java:recordMetricsForPipeline(796)) - Pipeline: PipelineID=1ec18428-8ed9-4f59-8598-2e358faa1e41 contains same datanodes as previous pipelines: PipelineID=bac21aa7-d8c5-4602-b185-4054d80a22fc nodeIds: 2de491c0-1905-4845-ada7-2a3c171f2066, c61245f4-0084-4810-95a5-490d20dc424d, f675d99d-517f-4d8a-bd29-886eede0250d
2022-10-19 08:45:14,725 [IPC Server handler 9 on default port 46251] INFO  net.NetworkTopologyImpl (NetworkTopologyImpl.java:add(112)) - Added a new node: /default-rack/88796760-9d6a-455a-8b63-676b32daf901
2022-10-19 08:45:14,726 [IPC Server handler 9 on default port 46251] INFO  node.SCMNodeManager (SCMNodeManager.java:register(397)) - Registered Data node : 88796760-9d6a-455a-8b63-676b32daf901{ip: 10.1.1.188, host: fv-az447-90.tnmeiuxxsqeu3byeydcnbj0j5d.dx.internal.cloudapp.net, ports: [REPLICATION=43325, RATIS=43773, RATIS_ADMIN=43773, RATIS_SERVER=43773, STANDALONE=44263], networkLocation: /default-rack, certSerialId: null, persistedOpState: null, persistedOpStateExpiryEpochSec: 0}
2022-10-19 08:45:14,727 [EventQueue-NewNodeForNewNodeHandler] INFO  pipeline.BackgroundPipelineCreator (BackgroundPipelineCreator.java:notifyEventTriggered(276)) - trigger a one-shot run on RatisPipelineUtilsThread.
2022-10-19 08:45:14,727 [RatisPipelineUtilsThread - 0] INFO  pipeline.RatisPipelineProvider (RatisPipelineProvider.java:lambda$create$0(195)) - Sending CreatePipelineCommand for pipeline:PipelineID=fa67833d-7000-4b79-b267-e6fa9d2c0870 to datanode:88796760-9d6a-455a-8b63-676b32daf901
2022-10-19 08:45:14,728 [RatisPipelineUtilsThread - 0] INFO  pipeline.PipelineStateManagerImpl (PipelineStateManagerImpl.java:addPipeline(103)) - Created pipeline Pipeline[ Id: fa67833d-7000-4b79-b267-e6fa9d2c0870, Nodes: 88796760-9d6a-455a-8b63-676b32daf901{ip: 10.1.1.188, host: fv-az447-90.tnmeiuxxsqeu3byeydcnbj0j5d.dx.internal.cloudapp.net, ports: [REPLICATION=43325, RATIS=43773, RATIS_ADMIN=43773, RATIS_SERVER=43773, STANDALONE=44263], networkLocation: /default-rack, certSerialId: null, persistedOpState: IN_SERVICE, persistedOpStateExpiryEpochSec: 0}, ReplicationConfig: RATIS/ONE, State:ALLOCATED, leaderId:, CreationTimestamp2022-10-19T08:45:14.727Z[Etc/UTC]].
2022-10-19 08:45:14,966 [Listener at 127.0.0.1/40043] INFO  ozone.MiniOzoneClusterImpl (MiniOzoneClusterImpl.java:lambda$waitForClusterToBeReady$0(216)) - Waiting for nodes to be ready. Got 7 of 10 DN Heartbeats.
2022-10-19 08:45:14,967 [Listener at 127.0.0.1/40043] INFO  ozone.MiniOzoneClusterImpl (MiniOzoneClusterImpl.java:lambda$waitForClusterToBeReady$0(219)) - Waiting for cluster to exit safe mode
2022-10-19 08:45:14,967 [Listener at 127.0.0.1/40043] INFO  ozone.MiniOzoneClusterImpl (MiniOzoneClusterImpl.java:lambda$waitForClusterToBeReady$0(221)) - SCM became leader
2022-10-19 08:45:15,141 [IPC Server handler 1 on default port 46251] INFO  net.NetworkTopologyImpl (NetworkTopologyImpl.java:add(112)) - Added a new node: /default-rack/bca43735-b008-443f-9343-82cfc7e5cdbd
2022-10-19 08:45:15,142 [IPC Server handler 1 on default port 46251] INFO  node.SCMNodeManager (SCMNodeManager.java:register(397)) - Registered Data node : bca43735-b008-443f-9343-82cfc7e5cdbd{ip: 10.1.1.188, host: fv-az447-90.tnmeiuxxsqeu3byeydcnbj0j5d.dx.internal.cloudapp.net, ports: [REPLICATION=43615, RATIS=44765, RATIS_ADMIN=44765, RATIS_SERVER=44765, STANDALONE=42461], networkLocation: /default-rack, certSerialId: null, persistedOpState: null, persistedOpStateExpiryEpochSec: 0}
2022-10-19 08:45:15,143 [EventQueue-NewNodeForNewNodeHandler] INFO  pipeline.BackgroundPipelineCreator (BackgroundPipelineCreator.java:notifyEventTriggered(276)) - trigger a one-shot run on RatisPipelineUtilsThread.
2022-10-19 08:45:15,144 [RatisPipelineUtilsThread - 0] INFO  pipeline.RatisPipelineProvider (RatisPipelineProvider.java:lambda$create$0(195)) - Sending CreatePipelineCommand for pipeline:PipelineID=a260fbbc-2795-4e3a-96c0-d3c8f7e5dd43 to datanode:bca43735-b008-443f-9343-82cfc7e5cdbd
2022-10-19 08:45:15,144 [RatisPipelineUtilsThread - 0] INFO  pipeline.PipelineStateManagerImpl (PipelineStateManagerImpl.java:addPipeline(103)) - Created pipeline Pipeline[ Id: a260fbbc-2795-4e3a-96c0-d3c8f7e5dd43, Nodes: bca43735-b008-443f-9343-82cfc7e5cdbd{ip: 10.1.1.188, host: fv-az447-90.tnmeiuxxsqeu3byeydcnbj0j5d.dx.internal.cloudapp.net, ports: [REPLICATION=43615, RATIS=44765, RATIS_ADMIN=44765, RATIS_SERVER=44765, STANDALONE=42461], networkLocation: /default-rack, certSerialId: null, persistedOpState: IN_SERVICE, persistedOpStateExpiryEpochSec: 0}, ReplicationConfig: RATIS/ONE, State:ALLOCATED, leaderId:, CreationTimestamp2022-10-19T08:45:15.144Z[Etc/UTC]].
2022-10-19 08:45:15,325 [Command processor thread] INFO  server.RaftServer (RaftServerProxy.java:addNew(96)) - 96fa30cc-cc01-4af1-a161-c10c2afc2f22: addNew group-7C969207AFDB:[96fa30cc-cc01-4af1-a161-c10c2afc2f22|rpc:10.1.1.188:43419|priority:1|startupRole:FOLLOWER] returns group-7C969207AFDB:java.util.concurrent.CompletableFuture@38572a3d[Not completed]
2022-10-19 08:45:15,338 [pool-72-thread-1] INFO  server.RaftServer$Division (RaftServerImpl.java:<init>(195)) - 96fa30cc-cc01-4af1-a161-c10c2afc2f22: new RaftServerImpl for group-7C969207AFDB:[96fa30cc-cc01-4af1-a161-c10c2afc2f22|rpc:10.1.1.188:43419|priority:1|startupRole:FOLLOWER] with ContainerStateMachine:uninitialized
2022-10-19 08:45:15,339 [pool-72-thread-1] INFO  server.RaftServerConfigKeys (ConfUtils.java:logGet(46)) - raft.server.rpc.timeout.min = 5s (custom)
2022-10-19 08:45:15,339 [pool-72-thread-1] INFO  server.RaftServerConfigKeys (ConfUtils.java:logGet(46)) - raft.server.rpc.timeout.max = 5200ms (custom)
2022-10-19 08:45:15,339 [pool-72-thread-1] INFO  server.RaftServerConfigKeys (ConfUtils.java:logGet(46)) - raft.server.rpc.sleep.time = 25ms (default)
2022-10-19 08:45:15,339 [pool-72-thread-1] INFO  server.RaftServerConfigKeys (ConfUtils.java:logGet(46)) - raft.server.rpc.slowness.timeout = 300s (custom)
2022-10-19 08:45:15,339 [pool-72-thread-1] INFO  server.RaftServerConfigKeys (ConfUtils.java:logGet(46)) - raft.server.leaderelection.leader.step-down.wait-time = 10s (default)
2022-10-19 08:45:15,339 [pool-72-thread-1] INFO  server.RaftServerConfigKeys (ConfUtils.java:logGet(46)) - raft.server.sleep.deviation.threshold = 300ms (default)
2022-10-19 08:45:15,339 [pool-72-thread-1] INFO  server.RaftServer$Division (ServerState.java:<init>(118)) - 96fa30cc-cc01-4af1-a161-c10c2afc2f22@group-7C969207AFDB: ConfigurationManager, init=-1: peers:[96fa30cc-cc01-4af1-a161-c10c2afc2f22|rpc:10.1.1.188:43419|priority:1|startupRole:FOLLOWER]|listeners:[], old=null, confs=<EMPTY_MAP>
2022-10-19 08:45:15,340 [pool-72-thread-1] INFO  server.RaftServerConfigKeys (ConfUtils.java:logGet(46)) - raft.server.storage.dir = [/home/runner/work/ozone/ozone/hadoop-ozone/integration-test/target/test-dir/MiniOzoneClusterImpl-43a13940-e4af-4545-ab6e-e590eff1efbb/datanode-0/data/ratis] (custom)
2022-10-19 08:45:15,340 [pool-72-thread-1] INFO  server.RaftServerConfigKeys (ConfUtils.java:logGet(46)) - raft.server.log.corruption.policy = EXCEPTION (default)
2022-10-19 08:45:15,340 [pool-72-thread-1] INFO  server.RaftServerConfigKeys (ConfUtils.java:logGet(46)) - raft.server.storage.free-space.min = 0MB (=0) (default)
2022-10-19 08:45:15,340 [pool-72-thread-1] INFO  server.RaftServerConfigKeys (ConfUtils.java:logGet(46)) - raft.server.notification.no-leader.timeout = 300s (custom)
2022-10-19 08:45:15,340 [pool-72-thread-1] INFO  server.RaftServerConfigKeys (ConfUtils.java:logGet(46)) - raft.server.retrycache.expirytime = 600000ms (custom)
2022-10-19 08:45:15,340 [pool-72-thread-1] INFO  server.RaftServerConfigKeys (ConfUtils.java:logGet(46)) - raft.server.retrycache.statistics.expirytime = 100μs (default)
2022-10-19 08:45:15,345 [pool-72-thread-1] INFO  server.RaftServerConfigKeys (ConfUtils.java:logGet(46)) - raft.server.log.appender.install.snapshot.enabled = false (custom)
2022-10-19 08:45:15,346 [pool-72-thread-1] INFO  server.RaftServerConfigKeys (ConfUtils.java:logGet(46)) - raft.server.threadpool.server.cached = true (default)
2022-10-19 08:45:15,346 [pool-72-thread-1] INFO  server.RaftServerConfigKeys (ConfUtils.java:logGet(46)) - raft.server.threadpool.server.size = 0 (default)
2022-10-19 08:45:15,348 [pool-72-thread-1] INFO  server.RaftServerConfigKeys (ConfUtils.java:logGet(46)) - raft.server.threadpool.client.cached = true (default)
2022-10-19 08:45:15,348 [pool-72-thread-1] INFO  server.RaftServerConfigKeys (ConfUtils.java:logGet(46)) - raft.server.threadpool.client.size = 0 (default)
2022-10-19 08:45:15,348 [pool-72-thread-1] INFO  storage.RaftStorageDirectory (RaftStorageDirectoryImpl.java:analyzeStorage(137)) - The storage directory /home/runner/work/ozone/ozone/hadoop-ozone/integration-test/target/test-dir/MiniOzoneClusterImpl-43a13940-e4af-4545-ab6e-e590eff1efbb/datanode-0/data/ratis/b0d3b318-730a-4647-8689-7c969207afdb does not exist. Creating ...
2022-10-19 08:45:15,350 [pool-72-thread-1] INFO  storage.RaftStorageDirectory (RaftStorageDirectoryImpl.java:tryLock(231)) - Lock on /home/runner/work/ozone/ozone/hadoop-ozone/integration-test/target/test-dir/MiniOzoneClusterImpl-43a13940-e4af-4545-ab6e-e590eff1efbb/datanode-0/data/ratis/b0d3b318-730a-4647-8689-7c969207afdb/in_use.lock acquired by nodename 22270@fv-az447-90
2022-10-19 08:45:15,352 [pool-72-thread-1] INFO  storage.RaftStorage (RaftStorageImpl.java:format(96)) - Storage directory /home/runner/work/ozone/ozone/hadoop-ozone/integration-test/target/test-dir/MiniOzoneClusterImpl-43a13940-e4af-4545-ab6e-e590eff1efbb/datanode-0/data/ratis/b0d3b318-730a-4647-8689-7c969207afdb has been successfully formatted.
2022-10-19 08:45:15,357 [pool-72-thread-1] INFO  ratis.ContainerStateMachine (ContainerStateMachine.java:loadSnapshot(236)) - group-7C969207AFDB: The snapshot info is null. Setting the last applied indexto:(t:0, i:~)
2022-10-19 08:45:15,357 [pool-72-thread-1] INFO  server.RaftServerConfigKeys (ConfUtils.java:logGet(46)) - raft.server.log.use.memory = false (default)
2022-10-19 08:45:15,357 [pool-72-thread-1] INFO  server.RaftServerConfigKeys (ConfUtils.java:logGet(46)) - raft.server.log.purge.gap = 1000000 (custom)
2022-10-19 08:45:15,360 [EventQueue-PipelineReportForPipelineReportHandler] INFO  pipeline.PipelineManagerImpl (PipelineManagerImpl.java:openPipeline(367)) - Pipeline Pipeline[ Id: b0d3b318-730a-4647-8689-7c969207afdb, Nodes: 96fa30cc-cc01-4af1-a161-c10c2afc2f22{ip: 10.1.1.188, host: fv-az447-90.tnmeiuxxsqeu3byeydcnbj0j5d.dx.internal.cloudapp.net, ports: [REPLICATION=35959, RATIS=43419, RATIS_ADMIN=43419, RATIS_SERVER=43419, STANDALONE=33857], networkLocation: /default-rack, certSerialId: null, persistedOpState: IN_SERVICE, persistedOpStateExpiryEpochSec: 0}, ReplicationConfig: RATIS/ONE, State:ALLOCATED, leaderId:96fa30cc-cc01-4af1-a161-c10c2afc2f22, CreationTimestamp2022-10-19T08:45:12.342Z[Etc/UTC]] moved to OPEN state
2022-10-19 08:45:15,362 [EventQueue-OpenPipelineForHealthyPipelineSafeModeRule] INFO  safemode.SCMSafeModeManager (HealthyPipelineSafeModeRule.java:process(137)) - SCM in safe mode. Healthy pipelines reported count is 0, required healthy pipeline reported count is 1
2022-10-19 08:45:15,363 [pool-72-thread-1] INFO  server.RaftServerConfigKeys (ConfUtils.java:logGet(46)) - raft.server.log.appender.buffer.byte-limit = 33554432 (custom)
2022-10-19 08:45:15,363 [pool-72-thread-1] INFO  server.RaftServerConfigKeys (ConfUtils.java:logGet(46)) - raft.server.log.statemachine.data.read.timeout = 1000ms (default)
2022-10-19 08:45:15,364 [pool-72-thread-1] INFO  server.RaftServerConfigKeys (ConfUtils.java:logGet(46)) - raft.server.log.purge.preservation.log.num = 0 (default)
2022-10-19 08:45:15,364 [pool-72-thread-1] INFO  server.RaftServerConfigKeys (ConfUtils.java:logGet(46)) - raft.server.log.segment.size.max = 1048576 (custom)
2022-10-19 08:45:15,365 [pool-72-thread-1] INFO  server.RaftServerConfigKeys (ConfUtils.java:logGet(46)) - raft.server.log.segment.cache.num.max = 2 (custom)
2022-10-19 08:45:15,365 [pool-72-thread-1] INFO  server.RaftServerConfigKeys (ConfUtils.java:logGet(46)) - raft.server.log.segment.cache.size.max = 200MB (=209715200) (default)
2022-10-19 08:45:15,365 [pool-72-thread-1] INFO  segmented.SegmentedRaftLogWorker (SegmentedRaftLogWorker.java:<init>(191)) - new 96fa30cc-cc01-4af1-a161-c10c2afc2f22@group-7C969207AFDB-SegmentedRaftLogWorker for RaftStorageImpl:Storage Directory /home/runner/work/ozone/ozone/hadoop-ozone/integration-test/target/test-dir/MiniOzoneClusterImpl-43a13940-e4af-4545-ab6e-e590eff1efbb/datanode-0/data/ratis/b0d3b318-730a-4647-8689-7c969207afdb
2022-10-19 08:45:15,365 [pool-72-thread-1] INFO  server.RaftServerConfigKeys (ConfUtils.java:logGet(46)) - raft.server.log.queue.byte-limit = 4294967296 (custom)
2022-10-19 08:45:15,365 [pool-72-thread-1] INFO  server.RaftServerConfigKeys (ConfUtils.java:logGet(46)) - raft.server.log.queue.element-limit = 1024 (custom)
2022-10-19 08:45:15,365 [pool-72-thread-1] INFO  server.RaftServerConfigKeys (ConfUtils.java:logGet(46)) - raft.server.log.segment.size.max = 1048576 (custom)
2022-10-19 08:45:15,365 [pool-72-thread-1] INFO  server.RaftServerConfigKeys (ConfUtils.java:logGet(46)) - raft.server.log.preallocated.size = 16384 (custom)
2022-10-19 08:45:15,365 [pool-72-thread-1] INFO  server.RaftServerConfigKeys (ConfUtils.java:logGet(46)) - raft.server.log.force.sync.num = 128 (default)
2022-10-19 08:45:15,365 [pool-72-thread-1] INFO  server.RaftServerConfigKeys (ConfUtils.java:logGet(46)) - raft.server.log.statemachine.data.sync = true (default)
2022-10-19 08:45:15,365 [pool-72-thread-1] INFO  server.RaftServerConfigKeys (ConfUtils.java:logGet(46)) - raft.server.log.statemachine.data.sync.timeout = 10s (default)
2022-10-19 08:45:15,366 [pool-72-thread-1] INFO  server.RaftServerConfigKeys (ConfUtils.java:logGet(46)) - raft.server.log.statemachine.data.sync.timeout.retry = -1 (default)
2022-10-19 08:45:15,370 [pool-72-thread-1] INFO  server.RaftServerConfigKeys (ConfUtils.java:logGet(46)) - raft.server.log.write.buffer.size = 1048576 (custom)
2022-10-19 08:45:15,370 [pool-72-thread-1] INFO  server.RaftServerConfigKeys (ConfUtils.java:logGet(46)) - raft.server.log.unsafe-flush.enabled = false (default)
2022-10-19 08:45:15,370 [pool-72-thread-1] INFO  server.RaftServerConfigKeys (ConfUtils.java:logGet(46)) - raft.server.log.async-flush.enabled = false (default)
2022-10-19 08:45:15,370 [pool-72-thread-1] INFO  server.RaftServerConfigKeys (ConfUtils.java:logGet(46)) - raft.server.log.statemachine.data.caching.enabled = true (custom)
2022-10-19 08:45:15,370 [pool-72-thread-1] INFO  segmented.SegmentedRaftLogWorker (SegmentedRaftLogWorker.java:lambda$new$0(136)) - 96fa30cc-cc01-4af1-a161-c10c2afc2f22@group-7C969207AFDB-SegmentedRaftLogWorker: flushIndex: setUnconditionally 0 -> -1
2022-10-19 08:45:15,370 [pool-72-thread-1] INFO  segmented.SegmentedRaftLogWorker (SegmentedRaftLogWorker.java:lambda$new$0(136)) - 96fa30cc-cc01-4af1-a161-c10c2afc2f22@group-7C969207AFDB-SegmentedRaftLogWorker: safeCacheEvictIndex: setUnconditionally 0 -> -1
2022-10-19 08:45:15,371 [pool-72-thread-1] INFO  server.RaftServer$Division (RaftServerImpl.java:start(334)) - 96fa30cc-cc01-4af1-a161-c10c2afc2f22@group-7C969207AFDB: start as a follower, conf=-1: peers:[96fa30cc-cc01-4af1-a161-c10c2afc2f22|rpc:10.1.1.188:43419|priority:1|startupRole:FOLLOWER]|listeners:[], old=null
2022-10-19 08:45:15,372 [pool-72-thread-1] INFO  server.RaftServer$Division (RaftServerImpl.java:setRole(321)) - 96fa30cc-cc01-4af1-a161-c10c2afc2f22@group-7C969207AFDB: changes role from      null to FOLLOWER at term 0 for startAsFollower
2022-10-19 08:45:15,372 [pool-72-thread-1] INFO  impl.RoleInfo (RoleInfo.java:updateAndGet(139)) - 96fa30cc-cc01-4af1-a161-c10c2afc2f22: start 96fa30cc-cc01-4af1-a161-c10c2afc2f22@group-7C969207AFDB-FollowerState
2022-10-19 08:45:15,374 [96fa30cc-cc01-4af1-a161-c10c2afc2f22@group-7C969207AFDB-FollowerState] INFO  server.RaftServerConfigKeys (ConfUtils.java:logFallback(53)) - raft.server.rpc.first-election.timeout.min = 5s (fallback to raft.server.rpc.timeout.min)
2022-10-19 08:45:15,374 [96fa30cc-cc01-4af1-a161-c10c2afc2f22@group-7C969207AFDB-FollowerState] INFO  server.RaftServerConfigKeys (ConfUtils.java:logFallback(53)) - raft.server.rpc.first-election.timeout.max = 5200ms (fallback to raft.server.rpc.timeout.max)
2022-10-19 08:45:15,376 [pool-72-thread-1] INFO  util.JmxRegister (JmxRegister.java:tryRegister(44)) - Successfully registered JMX Bean with object name Ratis:service=RaftServer,group=group-7C969207AFDB,id=96fa30cc-cc01-4af1-a161-c10c2afc2f22
2022-10-19 08:45:15,379 [pool-72-thread-1] INFO  server.RaftServerConfigKeys (ConfUtils.java:logGet(46)) - raft.server.snapshot.auto.trigger.enabled = true (custom)
2022-10-19 08:45:15,379 [pool-72-thread-1] INFO  server.RaftServerConfigKeys (ConfUtils.java:logGet(46)) - raft.server.snapshot.auto.trigger.threshold = 10000 (custom)
2022-10-19 08:45:15,379 [pool-72-thread-1] INFO  server.RaftServerConfigKeys (ConfUtils.java:logGet(46)) - raft.server.snapshot.retention.file.num = 5 (custom)
2022-10-19 08:45:15,379 [pool-72-thread-1] INFO  server.RaftServerConfigKeys (ConfUtils.java:logGet(46)) - raft.server.log.purge.upto.snapshot.index = false (default)
2022-10-19 08:45:15,394 [Command processor thread] INFO  ratis.XceiverServerRatis (XceiverServerRatis.java:addGroup(765)) - Created group PipelineID=b0d3b318-730a-4647-8689-7c969207afdb
2022-10-19 08:45:15,395 [Command processor thread] INFO  commandhandler.CreatePipelineCommandHandler (CreatePipelineCommandHandler.java:handle(113)) - Created Pipeline RATIS ONE PipelineID=b0d3b318-730a-4647-8689-7c969207afdb.
2022-10-19 08:45:15,395 [Command processor thread] INFO  server.RaftServer (RaftServerProxy.java:addNew(96)) - 96fa30cc-cc01-4af1-a161-c10c2afc2f22: addNew group-A1ACF68524AB:[91dae643-bef5-471c-869f-4daa43ea47b3|rpc:10.1.1.188:34857|priority:0|startupRole:FOLLOWER, 9e7e10a2-763a-4a15-b149-6c921096d1eb|rpc:10.1.1.188:43001|priority:0|startupRole:FOLLOWER, 96fa30cc-cc01-4af1-a161-c10c2afc2f22|rpc:10.1.1.188:43419|priority:1|startupRole:FOLLOWER] returns group-A1ACF68524AB:java.util.concurrent.CompletableFuture@974bca7[Not completed]
2022-10-19 08:45:15,396 [pool-72-thread-1] INFO  server.RaftServer$Division (RaftServerImpl.java:<init>(195)) - 96fa30cc-cc01-4af1-a161-c10c2afc2f22: new RaftServerImpl for group-A1ACF68524AB:[91dae643-bef5-471c-869f-4daa43ea47b3|rpc:10.1.1.188:34857|priority:0|startupRole:FOLLOWER, 9e7e10a2-763a-4a15-b149-6c921096d1eb|rpc:10.1.1.188:43001|priority:0|startupRole:FOLLOWER, 96fa30cc-cc01-4af1-a161-c10c2afc2f22|rpc:10.1.1.188:43419|priority:1|startupRole:FOLLOWER] with ContainerStateMachine:uninitialized
2022-10-19 08:45:15,396 [pool-72-thread-1] INFO  server.RaftServerConfigKeys (ConfUtils.java:logGet(46)) - raft.server.rpc.timeout.min = 5s (custom)
2022-10-19 08:45:15,396 [pool-72-thread-1] INFO  server.RaftServerConfigKeys (ConfUtils.java:logGet(46)) - raft.server.rpc.timeout.max = 5200ms (custom)
2022-10-19 08:45:15,396 [pool-72-thread-1] INFO  server.RaftServerConfigKeys (ConfUtils.java:logGet(46)) - raft.server.rpc.sleep.time = 25ms (default)
2022-10-19 08:45:15,397 [pool-72-thread-1] INFO  server.RaftServerConfigKeys (ConfUtils.java:logGet(46)) - raft.server.rpc.slowness.timeout = 300s (custom)
2022-10-19 08:45:15,397 [pool-72-thread-1] INFO  server.RaftServerConfigKeys (ConfUtils.java:logGet(46)) - raft.server.leaderelection.leader.step-down.wait-time = 10s (default)
2022-10-19 08:45:15,397 [pool-72-thread-1] INFO  server.RaftServerConfigKeys (ConfUtils.java:logGet(46)) - raft.server.sleep.deviation.threshold = 300ms (default)
2022-10-19 08:45:15,397 [pool-72-thread-1] INFO  server.RaftServer$Division (ServerState.java:<init>(118)) - 96fa30cc-cc01-4af1-a161-c10c2afc2f22@group-A1ACF68524AB: ConfigurationManager, init=-1: peers:[91dae643-bef5-471c-869f-4daa43ea47b3|rpc:10.1.1.188:34857|priority:0|startupRole:FOLLOWER, 9e7e10a2-763a-4a15-b149-6c921096d1eb|rpc:10.1.1.188:43001|priority:0|startupRole:FOLLOWER, 96fa30cc-cc01-4af1-a161-c10c2afc2f22|rpc:10.1.1.188:43419|priority:1|startupRole:FOLLOWER]|listeners:[], old=null, confs=<EMPTY_MAP>
2022-10-19 08:45:15,397 [pool-72-thread-1] INFO  server.RaftServerConfigKeys (ConfUtils.java:logGet(46)) - raft.server.storage.dir = [/home/runner/work/ozone/ozone/hadoop-ozone/integration-test/target/test-dir/MiniOzoneClusterImpl-43a13940-e4af-4545-ab6e-e590eff1efbb/datanode-0/data/ratis] (custom)
2022-10-19 08:45:15,397 [pool-72-thread-1] INFO  server.RaftServerConfigKeys (ConfUtils.java:logGet(46)) - raft.server.log.corruption.policy = EXCEPTION (default)
2022-10-19 08:45:15,397 [pool-72-thread-1] INFO  server.RaftServerConfigKeys (ConfUtils.java:logGet(46)) - raft.server.storage.free-space.min = 0MB (=0) (default)
2022-10-19 08:45:15,397 [pool-72-thread-1] INFO  server.RaftServerConfigKeys (ConfUtils.java:logGet(46)) - raft.server.notification.no-leader.timeout = 300s (custom)
2022-10-19 08:45:15,397 [pool-72-thread-1] INFO  server.RaftServerConfigKeys (ConfUtils.java:logGet(46)) - raft.server.retrycache.expirytime = 600000ms (custom)
2022-10-19 08:45:15,397 [pool-72-thread-1] INFO  server.RaftServerConfigKeys (ConfUtils.java:logGet(46)) - raft.server.retrycache.statistics.expirytime = 100μs (default)
2022-10-19 08:45:15,400 [pool-72-thread-1] INFO  server.RaftServerConfigKeys (ConfUtils.java:logGet(46)) - raft.server.log.appender.install.snapshot.enabled = false (custom)
2022-10-19 08:45:15,400 [pool-72-thread-1] INFO  server.RaftServerConfigKeys (ConfUtils.java:logGet(46)) - raft.server.threadpool.server.cached = true (default)
2022-10-19 08:45:15,400 [pool-72-thread-1] INFO  server.RaftServerConfigKeys (ConfUtils.java:logGet(46)) - raft.server.threadpool.server.size = 0 (default)
2022-10-19 08:45:15,400 [pool-72-thread-1] INFO  server.RaftServerConfigKeys (ConfUtils.java:logGet(46)) - raft.server.threadpool.client.cached = true (default)
2022-10-19 08:45:15,400 [pool-72-thread-1] INFO  server.RaftServerConfigKeys (ConfUtils.java:logGet(46)) - raft.server.threadpool.client.size = 0 (default)
2022-10-19 08:45:15,400 [pool-72-thread-1] INFO  storage.RaftStorageDirectory (RaftStorageDirectoryImpl.java:analyzeStorage(137)) - The storage directory /home/runner/work/ozone/ozone/hadoop-ozone/integration-test/target/test-dir/MiniOzoneClusterImpl-43a13940-e4af-4545-ab6e-e590eff1efbb/datanode-0/data/ratis/903fd36a-8604-4e76-947b-a1acf68524ab does not exist. Creating ...
2022-10-19 08:45:15,407 [pool-72-thread-1] INFO  storage.RaftStorageDirectory (RaftStorageDirectoryImpl.java:tryLock(231)) - Lock on /home/runner/work/ozone/ozone/hadoop-ozone/integration-test/target/test-dir/MiniOzoneClusterImpl-43a13940-e4af-4545-ab6e-e590eff1efbb/datanode-0/data/ratis/903fd36a-8604-4e76-947b-a1acf68524ab/in_use.lock acquired by nodename 22270@fv-az447-90
2022-10-19 08:45:15,408 [pool-72-thread-1] INFO  storage.RaftStorage (RaftStorageImpl.java:format(96)) - Storage directory /home/runner/work/ozone/ozone/hadoop-ozone/integration-test/target/test-dir/MiniOzoneClusterImpl-43a13940-e4af-4545-ab6e-e590eff1efbb/datanode-0/data/ratis/903fd36a-8604-4e76-947b-a1acf68524ab has been successfully formatted.
2022-10-19 08:45:15,412 [pool-72-thread-1] INFO  ratis.ContainerStateMachine (ContainerStateMachine.java:loadSnapshot(236)) - group-A1ACF68524AB: The snapshot info is null. Setting the last applied indexto:(t:0, i:~)
2022-10-19 08:45:15,413 [pool-72-thread-1] INFO  server.RaftServerConfigKeys (ConfUtils.java:logGet(46)) - raft.server.log.use.memory = false (default)
2022-10-19 08:45:15,413 [pool-72-thread-1] INFO  server.RaftServerConfigKeys (ConfUtils.java:logGet(46)) - raft.server.log.purge.gap = 1000000 (custom)
2022-10-19 08:45:15,413 [pool-72-thread-1] INFO  server.RaftServerConfigKeys (ConfUtils.java:logGet(46)) - raft.server.log.appender.buffer.byte-limit = 33554432 (custom)
2022-10-19 08:45:15,413 [EventQueue-OpenPipelineForHealthyPipelineSafeModeRule] INFO  safemode.SCMSafeModeManager (HealthyPipelineSafeModeRule.java:process(137)) - SCM in safe mode. Healthy pipelines reported count is 0, required healthy pipeline reported count is 1
2022-10-19 08:45:15,419 [pool-72-thread-1] INFO  server.RaftServerConfigKeys (ConfUtils.java:logGet(46)) - raft.server.log.statemachine.data.read.timeout = 1000ms (default)
2022-10-19 08:45:15,419 [pool-72-thread-1] INFO  server.RaftServerConfigKeys (ConfUtils.java:logGet(46)) - raft.server.log.purge.preservation.log.num = 0 (default)
2022-10-19 08:45:15,419 [pool-72-thread-1] INFO  server.RaftServerConfigKeys (ConfUtils.java:logGet(46)) - raft.server.log.segment.size.max = 1048576 (custom)
2022-10-19 08:45:15,420 [pool-72-thread-1] INFO  server.RaftServerConfigKeys (ConfUtils.java:logGet(46)) - raft.server.log.segment.cache.num.max = 2 (custom)
2022-10-19 08:45:15,420 [pool-72-thread-1] INFO  server.RaftServerConfigKeys (ConfUtils.java:logGet(46)) - raft.server.log.segment.cache.size.max = 200MB (=209715200) (default)
2022-10-19 08:45:15,420 [pool-72-thread-1] INFO  segmented.SegmentedRaftLogWorker (SegmentedRaftLogWorker.java:<init>(191)) - new 96fa30cc-cc01-4af1-a161-c10c2afc2f22@group-A1ACF68524AB-SegmentedRaftLogWorker for RaftStorageImpl:Storage Directory /home/runner/work/ozone/ozone/hadoop-ozone/integration-test/target/test-dir/MiniOzoneClusterImpl-43a13940-e4af-4545-ab6e-e590eff1efbb/datanode-0/data/ratis/903fd36a-8604-4e76-947b-a1acf68524ab
2022-10-19 08:45:15,420 [pool-72-thread-1] INFO  server.RaftServerConfigKeys (ConfUtils.java:logGet(46)) - raft.server.log.queue.byte-limit = 4294967296 (custom)
2022-10-19 08:45:15,420 [pool-72-thread-1] INFO  server.RaftServerConfigKeys (ConfUtils.java:logGet(46)) - raft.server.log.queue.element-limit = 1024 (custom)
2022-10-19 08:45:15,420 [pool-72-thread-1] INFO  server.RaftServerConfigKeys (ConfUtils.java:logGet(46)) - raft.server.log.segment.size.max = 1048576 (custom)
2022-10-19 08:45:15,420 [pool-72-thread-1] INFO  server.RaftServerConfigKeys (ConfUtils.java:logGet(46)) - raft.server.log.preallocated.size = 16384 (custom)
2022-10-19 08:45:15,420 [pool-72-thread-1] INFO  server.RaftServerConfigKeys (ConfUtils.java:logGet(46)) - raft.server.log.force.sync.num = 128 (default)
2022-10-19 08:45:15,421 [pool-72-thread-1] INFO  server.RaftServerConfigKeys (ConfUtils.java:logGet(46)) - raft.server.log.statemachine.data.sync = true (default)
2022-10-19 08:45:15,421 [pool-72-thread-1] INFO  server.RaftServerConfigKeys (ConfUtils.java:logGet(46)) - raft.server.log.statemachine.data.sync.timeout = 10s (default)
2022-10-19 08:45:15,421 [pool-72-thread-1] INFO  server.RaftServerConfigKeys (ConfUtils.java:logGet(46)) - raft.server.log.statemachine.data.sync.timeout.retry = -1 (default)
2022-10-19 08:45:15,423 [pool-72-thread-1] INFO  server.RaftServerConfigKeys (ConfUtils.java:logGet(46)) - raft.server.log.write.buffer.size = 1048576 (custom)
2022-10-19 08:45:15,423 [pool-72-thread-1] INFO  server.RaftServerConfigKeys (ConfUtils.java:logGet(46)) - raft.server.log.unsafe-flush.enabled = false (default)
2022-10-19 08:45:15,423 [pool-72-thread-1] INFO  server.RaftServerConfigKeys (ConfUtils.java:logGet(46)) - raft.server.log.async-flush.enabled = false (default)
2022-10-19 08:45:15,423 [pool-72-thread-1] INFO  server.RaftServerConfigKeys (ConfUtils.java:logGet(46)) - raft.server.log.statemachine.data.caching.enabled = true (custom)
2022-10-19 08:45:15,423 [pool-72-thread-1] INFO  segmented.SegmentedRaftLogWorker (SegmentedRaftLogWorker.java:lambda$new$0(136)) - 96fa30cc-cc01-4af1-a161-c10c2afc2f22@group-A1ACF68524AB-SegmentedRaftLogWorker: flushIndex: setUnconditionally 0 -> -1
2022-10-19 08:45:15,423 [pool-72-thread-1] INFO  segmented.SegmentedRaftLogWorker (SegmentedRaftLogWorker.java:lambda$new$0(136)) - 96fa30cc-cc01-4af1-a161-c10c2afc2f22@group-A1ACF68524AB-SegmentedRaftLogWorker: safeCacheEvictIndex: setUnconditionally 0 -> -1
2022-10-19 08:45:15,424 [pool-72-thread-1] INFO  server.RaftServer$Division (RaftServerImpl.java:start(334)) - 96fa30cc-cc01-4af1-a161-c10c2afc2f22@group-A1ACF68524AB: start as a follower, conf=-1: peers:[91dae643-bef5-471c-869f-4daa43ea47b3|rpc:10.1.1.188:34857|priority:0|startupRole:FOLLOWER, 9e7e10a2-763a-4a15-b149-6c921096d1eb|rpc:10.1.1.188:43001|priority:0|startupRole:FOLLOWER, 96fa30cc-cc01-4af1-a161-c10c2afc2f22|rpc:10.1.1.188:43419|priority:1|startupRole:FOLLOWER]|listeners:[], old=null
2022-10-19 08:45:15,424 [pool-72-thread-1] INFO  server.RaftServer$Division (RaftServerImpl.java:setRole(321)) - 96fa30cc-cc01-4af1-a161-c10c2afc2f22@group-A1ACF68524AB: changes role from      null to FOLLOWER at term 0 for startAsFollower
2022-10-19 08:45:15,424 [pool-72-thread-1] INFO  impl.RoleInfo (RoleInfo.java:updateAndGet(139)) - 96fa30cc-cc01-4af1-a161-c10c2afc2f22: start 96fa30cc-cc01-4af1-a161-c10c2afc2f22@group-A1ACF68524AB-FollowerState
2022-10-19 08:45:15,424 [pool-72-thread-1] INFO  util.JmxRegister (JmxRegister.java:tryRegister(44)) - Successfully registered JMX Bean with object name Ratis:service=RaftServer,group=group-A1ACF68524AB,id=96fa30cc-cc01-4af1-a161-c10c2afc2f22
2022-10-19 08:45:15,424 [pool-72-thread-1] INFO  server.RaftServerConfigKeys (ConfUtils.java:logGet(46)) - raft.server.snapshot.auto.trigger.enabled = true (custom)
2022-10-19 08:45:15,424 [pool-72-thread-1] INFO  server.RaftServerConfigKeys (ConfUtils.java:logGet(46)) - raft.server.snapshot.auto.trigger.threshold = 10000 (custom)
2022-10-19 08:45:15,424 [pool-72-thread-1] INFO  server.RaftServerConfigKeys (ConfUtils.java:logGet(46)) - raft.server.snapshot.retention.file.num = 5 (custom)
2022-10-19 08:45:15,424 [pool-72-thread-1] INFO  server.RaftServerConfigKeys (ConfUtils.java:logGet(46)) - raft.server.log.purge.upto.snapshot.index = false (default)
2022-10-19 08:45:15,425 [Command processor thread] INFO  ratis.XceiverServerRatis (XceiverServerRatis.java:addGroup(765)) - Created group PipelineID=903fd36a-8604-4e76-947b-a1acf68524ab
2022-10-19 08:45:15,425 [96fa30cc-cc01-4af1-a161-c10c2afc2f22@group-A1ACF68524AB-FollowerState] INFO  server.RaftServerConfigKeys (ConfUtils.java:logFallback(53)) - raft.server.rpc.first-election.timeout.min = 5s (fallback to raft.server.rpc.timeout.min)
2022-10-19 08:45:15,426 [96fa30cc-cc01-4af1-a161-c10c2afc2f22@group-A1ACF68524AB-FollowerState] INFO  server.RaftServerConfigKeys (ConfUtils.java:logFallback(53)) - raft.server.rpc.first-election.timeout.max = 5200ms (fallback to raft.server.rpc.timeout.max)
2022-10-19 08:45:15,548 [IPC Server handler 4 on default port 46251] INFO  net.NetworkTopologyImpl (NetworkTopologyImpl.java:add(112)) - Added a new node: /default-rack/2793c3be-81e9-49ed-8ebe-f0dc6850cb05
2022-10-19 08:45:15,548 [IPC Server handler 4 on default port 46251] INFO  node.SCMNodeManager (SCMNodeManager.java:register(397)) - Registered Data node : 2793c3be-81e9-49ed-8ebe-f0dc6850cb05{ip: 10.1.1.188, host: fv-az447-90.tnmeiuxxsqeu3byeydcnbj0j5d.dx.internal.cloudapp.net, ports: [REPLICATION=33291, RATIS=34763, RATIS_ADMIN=34763, RATIS_SERVER=34763, STANDALONE=36489], networkLocation: /default-rack, certSerialId: null, persistedOpState: null, persistedOpStateExpiryEpochSec: 0}
2022-10-19 08:45:15,548 [EventQueue-NewNodeForNewNodeHandler] INFO  pipeline.BackgroundPipelineCreator (BackgroundPipelineCreator.java:notifyEventTriggered(276)) - trigger a one-shot run on RatisPipelineUtilsThread.
2022-10-19 08:45:15,549 [RatisPipelineUtilsThread - 0] INFO  pipeline.RatisPipelineProvider (RatisPipelineProvider.java:lambda$create$0(195)) - Sending CreatePipelineCommand for pipeline:PipelineID=b6e1a124-82e7-417b-bc47-852c345be8d9 to datanode:2793c3be-81e9-49ed-8ebe-f0dc6850cb05
2022-10-19 08:45:15,550 [RatisPipelineUtilsThread - 0] INFO  pipeline.PipelineStateManagerImpl (PipelineStateManagerImpl.java:addPipeline(103)) - Created pipeline Pipeline[ Id: b6e1a124-82e7-417b-bc47-852c345be8d9, Nodes: 2793c3be-81e9-49ed-8ebe-f0dc6850cb05{ip: 10.1.1.188, host: fv-az447-90.tnmeiuxxsqeu3byeydcnbj0j5d.dx.internal.cloudapp.net, ports: [REPLICATION=33291, RATIS=34763, RATIS_ADMIN=34763, RATIS_SERVER=34763, STANDALONE=36489], networkLocation: /default-rack, certSerialId: null, persistedOpState: IN_SERVICE, persistedOpStateExpiryEpochSec: 0}, ReplicationConfig: RATIS/ONE, State:ALLOCATED, leaderId:, CreationTimestamp2022-10-19T08:45:15.549Z[Etc/UTC]].
2022-10-19 08:45:15,551 [RatisPipelineUtilsThread - 0] INFO  pipeline.RatisPipelineProvider (RatisPipelineProvider.java:lambda$create$0(195)) - Sending CreatePipelineCommand for pipeline:PipelineID=7c96d7d2-a9d3-43d1-9a72-683656f47c8e to datanode:88796760-9d6a-455a-8b63-676b32daf901
2022-10-19 08:45:15,551 [RatisPipelineUtilsThread - 0] INFO  pipeline.RatisPipelineProvider (RatisPipelineProvider.java:lambda$create$0(195)) - Sending CreatePipelineCommand for pipeline:PipelineID=7c96d7d2-a9d3-43d1-9a72-683656f47c8e to datanode:2793c3be-81e9-49ed-8ebe-f0dc6850cb05
2022-10-19 08:45:15,551 [RatisPipelineUtilsThread - 0] INFO  pipeline.RatisPipelineProvider (RatisPipelineProvider.java:lambda$create$0(195)) - Sending CreatePipelineCommand for pipeline:PipelineID=7c96d7d2-a9d3-43d1-9a72-683656f47c8e to datanode:bca43735-b008-443f-9343-82cfc7e5cdbd
2022-10-19 08:45:15,551 [RatisPipelineUtilsThread - 0] INFO  pipeline.PipelineStateManagerImpl (PipelineStateManagerImpl.java:addPipeline(103)) - Created pipeline Pipeline[ Id: 7c96d7d2-a9d3-43d1-9a72-683656f47c8e, Nodes: 88796760-9d6a-455a-8b63-676b32daf901{ip: 10.1.1.188, host: fv-az447-90.tnmeiuxxsqeu3byeydcnbj0j5d.dx.internal.cloudapp.net, ports: [REPLICATION=43325, RATIS=43773, RATIS_ADMIN=43773, RATIS_SERVER=43773, STANDALONE=44263], networkLocation: /default-rack, certSerialId: null, persistedOpState: IN_SERVICE, persistedOpStateExpiryEpochSec: 0}2793c3be-81e9-49ed-8ebe-f0dc6850cb05{ip: 10.1.1.188, host: fv-az447-90.tnmeiuxxsqeu3byeydcnbj0j5d.dx.internal.cloudapp.net, ports: [REPLICATION=33291, RATIS=34763, RATIS_ADMIN=34763, RATIS_SERVER=34763, STANDALONE=36489], networkLocation: /default-rack, certSerialId: null, persistedOpState: IN_SERVICE, persistedOpStateExpiryEpochSec: 0}bca43735-b008-443f-9343-82cfc7e5cdbd{ip: 10.1.1.188, host: fv-az447-90.tnmeiuxxsqeu3byeydcnbj0j5d.dx.internal.cloudapp.net, ports: [REPLICATION=43615, RATIS=44765, RATIS_ADMIN=44765, RATIS_SERVER=44765, STANDALONE=42461], networkLocation: /default-rack, certSerialId: null, persistedOpState: IN_SERVICE, persistedOpStateExpiryEpochSec: 0}, ReplicationConfig: RATIS/THREE, State:ALLOCATED, leaderId:, CreationTimestamp2022-10-19T08:45:15.551Z[Etc/UTC]].
2022-10-19 08:45:15,552 [RatisPipelineUtilsThread - 0] INFO  pipeline.RatisPipelineProvider (RatisPipelineProvider.java:lambda$create$0(195)) - Sending CreatePipelineCommand for pipeline:PipelineID=cbe766ec-a2ba-487c-9619-f96fff3e3ab8 to datanode:88796760-9d6a-455a-8b63-676b32daf901
2022-10-19 08:45:15,553 [RatisPipelineUtilsThread - 0] INFO  pipeline.RatisPipelineProvider (RatisPipelineProvider.java:lambda$create$0(195)) - Sending CreatePipelineCommand for pipeline:PipelineID=cbe766ec-a2ba-487c-9619-f96fff3e3ab8 to datanode:bca43735-b008-443f-9343-82cfc7e5cdbd
2022-10-19 08:45:15,553 [RatisPipelineUtilsThread - 0] INFO  pipeline.RatisPipelineProvider (RatisPipelineProvider.java:lambda$create$0(195)) - Sending CreatePipelineCommand for pipeline:PipelineID=cbe766ec-a2ba-487c-9619-f96fff3e3ab8 to datanode:2793c3be-81e9-49ed-8ebe-f0dc6850cb05
2022-10-19 08:45:15,553 [RatisPipelineUtilsThread - 0] INFO  pipeline.PipelineStateManagerImpl (PipelineStateManagerImpl.java:addPipeline(103)) - Created pipeline Pipeline[ Id: cbe766ec-a2ba-487c-9619-f96fff3e3ab8, Nodes: 88796760-9d6a-455a-8b63-676b32daf901{ip: 10.1.1.188, host: fv-az447-90.tnmeiuxxsqeu3byeydcnbj0j5d.dx.internal.cloudapp.net, ports: [REPLICATION=43325, RATIS=43773, RATIS_ADMIN=43773, RATIS_SERVER=43773, STANDALONE=44263], networkLocation: /default-rack, certSerialId: null, persistedOpState: IN_SERVICE, persistedOpStateExpiryEpochSec: 0}bca43735-b008-443f-9343-82cfc7e5cdbd{ip: 10.1.1.188, host: fv-az447-90.tnmeiuxxsqeu3byeydcnbj0j5d.dx.internal.cloudapp.net, ports: [REPLICATION=43615, RATIS=44765, RATIS_ADMIN=44765, RATIS_SERVER=44765, STANDALONE=42461], networkLocation: /default-rack, certSerialId: null, persistedOpState: IN_SERVICE, persistedOpStateExpiryEpochSec: 0}2793c3be-81e9-49ed-8ebe-f0dc6850cb05{ip: 10.1.1.188, host: fv-az447-90.tnmeiuxxsqeu3byeydcnbj0j5d.dx.internal.cloudapp.net, ports: [REPLICATION=33291, RATIS=34763, RATIS_ADMIN=34763, RATIS_SERVER=34763, STANDALONE=36489], networkLocation: /default-rack, certSerialId: null, persistedOpState: IN_SERVICE, persistedOpStateExpiryEpochSec: 0}, ReplicationConfig: RATIS/THREE, State:ALLOCATED, leaderId:, CreationTimestamp2022-10-19T08:45:15.552Z[Etc/UTC]].
2022-10-19 08:45:15,553 [RatisPipelineUtilsThread - 0] INFO  pipeline.PipelineManagerImpl (PipelineManagerImpl.java:recordMetricsForPipeline(796)) - Pipeline: PipelineID=cbe766ec-a2ba-487c-9619-f96fff3e3ab8 contains same datanodes as previous pipelines: PipelineID=7c96d7d2-a9d3-43d1-9a72-683656f47c8e nodeIds: 88796760-9d6a-455a-8b63-676b32daf901, bca43735-b008-443f-9343-82cfc7e5cdbd, 2793c3be-81e9-49ed-8ebe-f0dc6850cb05
2022-10-19 08:45:15,827 [Command processor thread] INFO  server.RaftServer (RaftServerProxy.java:addNew(96)) - 91dae643-bef5-471c-869f-4daa43ea47b3: addNew group-9B8FAE4D8AEE:[91dae643-bef5-471c-869f-4daa43ea47b3|rpc:10.1.1.188:34857|priority:1|startupRole:FOLLOWER] returns group-9B8FAE4D8AEE:java.util.concurrent.CompletableFuture@3cbaa4e7[Not completed]
2022-10-19 08:45:15,844 [pool-95-thread-1] INFO  server.RaftServer$Division (RaftServerImpl.java:<init>(195)) - 91dae643-bef5-471c-869f-4daa43ea47b3: new RaftServerImpl for group-9B8FAE4D8AEE:[91dae643-bef5-471c-869f-4daa43ea47b3|rpc:10.1.1.188:34857|priority:1|startupRole:FOLLOWER] with ContainerStateMachine:uninitialized
2022-10-19 08:45:15,844 [pool-95-thread-1] INFO  server.RaftServerConfigKeys (ConfUtils.java:logGet(46)) - raft.server.rpc.timeout.min = 5s (custom)
2022-10-19 08:45:15,844 [pool-95-thread-1] INFO  server.RaftServerConfigKeys (ConfUtils.java:logGet(46)) - raft.server.rpc.timeout.max = 5200ms (custom)
2022-10-19 08:45:15,844 [pool-95-thread-1] INFO  server.RaftServerConfigKeys (ConfUtils.java:logGet(46)) - raft.server.rpc.sleep.time = 25ms (default)
2022-10-19 08:45:15,844 [pool-95-thread-1] INFO  server.RaftServerConfigKeys (ConfUtils.java:logGet(46)) - raft.server.rpc.slowness.timeout = 300s (custom)
2022-10-19 08:45:15,844 [pool-95-thread-1] INFO  server.RaftServerConfigKeys (ConfUtils.java:logGet(46)) - raft.server.leaderelection.leader.step-down.wait-time = 10s (default)
2022-10-19 08:45:15,845 [pool-95-thread-1] INFO  server.RaftServerConfigKeys (ConfUtils.java:logGet(46)) - raft.server.sleep.deviation.threshold = 300ms (default)
2022-10-19 08:45:15,845 [pool-95-thread-1] INFO  server.RaftServer$Division (ServerState.java:<init>(118)) - 91dae643-bef5-471c-869f-4daa43ea47b3@group-9B8FAE4D8AEE: ConfigurationManager, init=-1: peers:[91dae643-bef5-471c-869f-4daa43ea47b3|rpc:10.1.1.188:34857|priority:1|startupRole:FOLLOWER]|listeners:[], old=null, confs=<EMPTY_MAP>
2022-10-19 08:45:15,845 [pool-95-thread-1] INFO  server.RaftServerConfigKeys (ConfUtils.java:logGet(46)) - raft.server.storage.dir = [/home/runner/work/ozone/ozone/hadoop-ozone/integration-test/target/test-dir/MiniOzoneClusterImpl-43a13940-e4af-4545-ab6e-e590eff1efbb/datanode-1/data/ratis] (custom)
2022-10-19 08:45:15,845 [pool-95-thread-1] INFO  server.RaftServerConfigKeys (ConfUtils.java:logGet(46)) - raft.server.log.corruption.policy = EXCEPTION (default)
2022-10-19 08:45:15,845 [pool-95-thread-1] INFO  server.RaftServerConfigKeys (ConfUtils.java:logGet(46)) - raft.server.storage.free-space.min = 0MB (=0) (default)
2022-10-19 08:45:15,845 [pool-95-thread-1] INFO  server.RaftServerConfigKeys (ConfUtils.java:logGet(46)) - raft.server.notification.no-leader.timeout = 300s (custom)
2022-10-19 08:45:15,845 [pool-95-thread-1] INFO  server.RaftServerConfigKeys (ConfUtils.java:logGet(46)) - raft.server.retrycache.expirytime = 600000ms (custom)
2022-10-19 08:45:15,845 [pool-95-thread-1] INFO  server.RaftServerConfigKeys (ConfUtils.java:logGet(46)) - raft.server.retrycache.statistics.expirytime = 100μs (default)
2022-10-19 08:45:15,850 [pool-95-thread-1] INFO  server.RaftServerConfigKeys (ConfUtils.java:logGet(46)) - raft.server.log.appender.install.snapshot.enabled = false (custom)
2022-10-19 08:45:15,850 [pool-95-thread-1] INFO  server.RaftServerConfigKeys (ConfUtils.java:logGet(46)) - raft.server.threadpool.server.cached = true (default)
2022-10-19 08:45:15,851 [pool-95-thread-1] INFO  server.RaftServerConfigKeys (ConfUtils.java:logGet(46)) - raft.server.threadpool.server.size = 0 (default)
2022-10-19 08:45:15,857 [pool-95-thread-1] INFO  server.RaftServerConfigKeys (ConfUtils.java:logGet(46)) - raft.server.threadpool.client.cached = true (default)
2022-10-19 08:45:15,857 [pool-95-thread-1] INFO  server.RaftServerConfigKeys (ConfUtils.java:logGet(46)) - raft.server.threadpool.client.size = 0 (default)
2022-10-19 08:45:15,857 [pool-95-thread-1] INFO  storage.RaftStorageDirectory (RaftStorageDirectoryImpl.java:analyzeStorage(137)) - The storage directory /home/runner/work/ozone/ozone/hadoop-ozone/integration-test/target/test-dir/MiniOzoneClusterImpl-43a13940-e4af-4545-ab6e-e590eff1efbb/datanode-1/data/ratis/23525df1-f8a3-432b-8fbf-9b8fae4d8aee does not exist. Creating ...
2022-10-19 08:45:15,862 [pool-95-thread-1] INFO  storage.RaftStorageDirectory (RaftStorageDirectoryImpl.java:tryLock(231)) - Lock on /home/runner/work/ozone/ozone/hadoop-ozone/integration-test/target/test-dir/MiniOzoneClusterImpl-43a13940-e4af-4545-ab6e-e590eff1efbb/datanode-1/data/ratis/23525df1-f8a3-432b-8fbf-9b8fae4d8aee/in_use.lock acquired by nodename 22270@fv-az447-90
2022-10-19 08:45:15,864 [pool-95-thread-1] INFO  storage.RaftStorage (RaftStorageImpl.java:format(96)) - Storage directory /home/runner/work/ozone/ozone/hadoop-ozone/integration-test/target/test-dir/MiniOzoneClusterImpl-43a13940-e4af-4545-ab6e-e590eff1efbb/datanode-1/data/ratis/23525df1-f8a3-432b-8fbf-9b8fae4d8aee has been successfully formatted.
2022-10-19 08:45:15,864 [pool-95-thread-1] INFO  ratis.ContainerStateMachine (ContainerStateMachine.java:loadSnapshot(236)) - group-9B8FAE4D8AEE: The snapshot info is null. Setting the last applied indexto:(t:0, i:~)
2022-10-19 08:45:15,865 [pool-95-thread-1] INFO  server.RaftServerConfigKeys (ConfUtils.java:logGet(46)) - raft.server.log.use.memory = false (default)
2022-10-19 08:45:15,865 [pool-95-thread-1] INFO  server.RaftServerConfigKeys (ConfUtils.java:logGet(46)) - raft.server.log.purge.gap = 1000000 (custom)
2022-10-19 08:45:15,865 [pool-95-thread-1] INFO  server.RaftServerConfigKeys (ConfUtils.java:logGet(46)) - raft.server.log.appender.buffer.byte-limit = 33554432 (custom)
2022-10-19 08:45:15,865 [pool-95-thread-1] INFO  server.RaftServerConfigKeys (ConfUtils.java:logGet(46)) - raft.server.log.statemachine.data.read.timeout = 1000ms (default)
2022-10-19 08:45:15,865 [pool-95-thread-1] INFO  server.RaftServerConfigKeys (ConfUtils.java:logGet(46)) - raft.server.log.purge.preservation.log.num = 0 (default)
2022-10-19 08:45:15,866 [pool-95-thread-1] INFO  server.RaftServerConfigKeys (ConfUtils.java:logGet(46)) - raft.server.log.segment.size.max = 1048576 (custom)
2022-10-19 08:45:15,866 [pool-95-thread-1] INFO  server.RaftServerConfigKeys (ConfUtils.java:logGet(46)) - raft.server.log.segment.cache.num.max = 2 (custom)
2022-10-19 08:45:15,866 [pool-95-thread-1] INFO  server.RaftServerConfigKeys (ConfUtils.java:logGet(46)) - raft.server.log.segment.cache.size.max = 200MB (=209715200) (default)
2022-10-19 08:45:15,866 [pool-95-thread-1] INFO  segmented.SegmentedRaftLogWorker (SegmentedRaftLogWorker.java:<init>(191)) - new 91dae643-bef5-471c-869f-4daa43ea47b3@group-9B8FAE4D8AEE-SegmentedRaftLogWorker for RaftStorageImpl:Storage Directory /home/runner/work/ozone/ozone/hadoop-ozone/integration-test/target/test-dir/MiniOzoneClusterImpl-43a13940-e4af-4545-ab6e-e590eff1efbb/datanode-1/data/ratis/23525df1-f8a3-432b-8fbf-9b8fae4d8aee
2022-10-19 08:45:15,866 [pool-95-thread-1] INFO  server.RaftServerConfigKeys (ConfUtils.java:logGet(46)) - raft.server.log.queue.byte-limit = 4294967296 (custom)
2022-10-19 08:45:15,867 [pool-95-thread-1] INFO  server.RaftServerConfigKeys (ConfUtils.java:logGet(46)) - raft.server.log.queue.element-limit = 1024 (custom)
2022-10-19 08:45:15,867 [pool-95-thread-1] INFO  server.RaftServerConfigKeys (ConfUtils.java:logGet(46)) - raft.server.log.segment.size.max = 1048576 (custom)
2022-10-19 08:45:15,867 [pool-95-thread-1] INFO  server.RaftServerConfigKeys (ConfUtils.java:logGet(46)) - raft.server.log.preallocated.size = 16384 (custom)
2022-10-19 08:45:15,867 [pool-95-thread-1] INFO  server.RaftServerConfigKeys (ConfUtils.java:logGet(46)) - raft.server.log.force.sync.num = 128 (default)
2022-10-19 08:45:15,867 [pool-95-thread-1] INFO  server.RaftServerConfigKeys (ConfUtils.java:logGet(46)) - raft.server.log.statemachine.data.sync = true (default)
2022-10-19 08:45:15,867 [pool-95-thread-1] INFO  server.RaftServerConfigKeys (ConfUtils.java:logGet(46)) - raft.server.log.statemachine.data.sync.timeout = 10s (default)
2022-10-19 08:45:15,867 [pool-95-thread-1] INFO  server.RaftServerConfigKeys (ConfUtils.java:logGet(46)) - raft.server.log.statemachine.data.sync.timeout.retry = -1 (default)
2022-10-19 08:45:15,870 [EventQueue-PipelineReportForPipelineReportHandler] INFO  pipeline.PipelineManagerImpl (PipelineManagerImpl.java:openPipeline(367)) - Pipeline Pipeline[ Id: 23525df1-f8a3-432b-8fbf-9b8fae4d8aee, Nodes: 91dae643-bef5-471c-869f-4daa43ea47b3{ip: 10.1.1.188, host: fv-az447-90.tnmeiuxxsqeu3byeydcnbj0j5d.dx.internal.cloudapp.net, ports: [REPLICATION=46757, RATIS=34857, RATIS_ADMIN=34857, RATIS_SERVER=34857, STANDALONE=41469], networkLocation: /default-rack, certSerialId: null, persistedOpState: IN_SERVICE, persistedOpStateExpiryEpochSec: 0}, ReplicationConfig: RATIS/ONE, State:ALLOCATED, leaderId:91dae643-bef5-471c-869f-4daa43ea47b3, CreationTimestamp2022-10-19T08:45:12.809Z[Etc/UTC]] moved to OPEN state
2022-10-19 08:45:15,880 [EventQueue-OpenPipelineForHealthyPipelineSafeModeRule] INFO  safemode.SCMSafeModeManager (HealthyPipelineSafeModeRule.java:process(137)) - SCM in safe mode. Healthy pipelines reported count is 0, required healthy pipeline reported count is 1
2022-10-19 08:45:15,883 [pool-95-thread-1] INFO  server.RaftServerConfigKeys (ConfUtils.java:logGet(46)) - raft.server.log.write.buffer.size = 1048576 (custom)
2022-10-19 08:45:15,885 [pool-95-thread-1] INFO  server.RaftServerConfigKeys (ConfUtils.java:logGet(46)) - raft.server.log.unsafe-flush.enabled = false (default)
2022-10-19 08:45:15,885 [pool-95-thread-1] INFO  server.RaftServerConfigKeys (ConfUtils.java:logGet(46)) - raft.server.log.async-flush.enabled = false (default)
2022-10-19 08:45:15,885 [pool-95-thread-1] INFO  server.RaftServerConfigKeys (ConfUtils.java:logGet(46)) - raft.server.log.statemachine.data.caching.enabled = true (custom)
2022-10-19 08:45:15,886 [pool-95-thread-1] INFO  segmented.SegmentedRaftLogWorker (SegmentedRaftLogWorker.java:lambda$new$0(136)) - 91dae643-bef5-471c-869f-4daa43ea47b3@group-9B8FAE4D8AEE-SegmentedRaftLogWorker: flushIndex: setUnconditionally 0 -> -1
2022-10-19 08:45:15,886 [pool-95-thread-1] INFO  segmented.SegmentedRaftLogWorker (SegmentedRaftLogWorker.java:lambda$new$0(136)) - 91dae643-bef5-471c-869f-4daa43ea47b3@group-9B8FAE4D8AEE-SegmentedRaftLogWorker: safeCacheEvictIndex: setUnconditionally 0 -> -1
2022-10-19 08:45:15,887 [pool-95-thread-1] INFO  server.RaftServer$Division (RaftServerImpl.java:start(334)) - 91dae643-bef5-471c-869f-4daa43ea47b3@group-9B8FAE4D8AEE: start as a follower, conf=-1: peers:[91dae643-bef5-471c-869f-4daa43ea47b3|rpc:10.1.1.188:34857|priority:1|startupRole:FOLLOWER]|listeners:[], old=null
2022-10-19 08:45:15,888 [pool-95-thread-1] INFO  server.RaftServer$Division (RaftServerImpl.java:setRole(321)) - 91dae643-bef5-471c-869f-4daa43ea47b3@group-9B8FAE4D8AEE: changes role from      null to FOLLOWER at term 0 for startAsFollower
2022-10-19 08:45:15,888 [pool-95-thread-1] INFO  impl.RoleInfo (RoleInfo.java:updateAndGet(139)) - 91dae643-bef5-471c-869f-4daa43ea47b3: start 91dae643-bef5-471c-869f-4daa43ea47b3@group-9B8FAE4D8AEE-FollowerState
2022-10-19 08:45:15,891 [pool-95-thread-1] INFO  util.JmxRegister (JmxRegister.java:tryRegister(44)) - Successfully registered JMX Bean with object name Ratis:service=RaftServer,group=group-9B8FAE4D8AEE,id=91dae643-bef5-471c-869f-4daa43ea47b3
2022-10-19 08:45:15,892 [pool-95-thread-1] INFO  server.RaftServerConfigKeys (ConfUtils.java:logGet(46)) - raft.server.snapshot.auto.trigger.enabled = true (custom)
2022-10-19 08:45:15,892 [pool-95-thread-1] INFO  server.RaftServerConfigKeys (ConfUtils.java:logGet(46)) - raft.server.snapshot.auto.trigger.threshold = 10000 (custom)
2022-10-19 08:45:15,892 [pool-95-thread-1] INFO  server.RaftServerConfigKeys (ConfUtils.java:logGet(46)) - raft.server.snapshot.retention.file.num = 5 (custom)
2022-10-19 08:45:15,892 [pool-95-thread-1] INFO  server.RaftServerConfigKeys (ConfUtils.java:logGet(46)) - raft.server.log.purge.upto.snapshot.index = false (default)
2022-10-19 08:45:15,898 [Command processor thread] INFO  ratis.XceiverServerRatis (XceiverServerRatis.java:addGroup(765)) - Created group PipelineID=23525df1-f8a3-432b-8fbf-9b8fae4d8aee
2022-10-19 08:45:15,898 [Command processor thread] INFO  commandhandler.CreatePipelineCommandHandler (CreatePipelineCommandHandler.java:handle(113)) - Created Pipeline RATIS ONE PipelineID=23525df1-f8a3-432b-8fbf-9b8fae4d8aee.
2022-10-19 08:45:15,899 [Command processor thread] INFO  server.RaftServer (RaftServerProxy.java:addNew(96)) - 91dae643-bef5-471c-869f-4daa43ea47b3: addNew group-A1ACF68524AB:[91dae643-bef5-471c-869f-4daa43ea47b3|rpc:10.1.1.188:34857|priority:0|startupRole:FOLLOWER, 9e7e10a2-763a-4a15-b149-6c921096d1eb|rpc:10.1.1.188:43001|priority:0|startupRole:FOLLOWER, 96fa30cc-cc01-4af1-a161-c10c2afc2f22|rpc:10.1.1.188:43419|priority:1|startupRole:FOLLOWER] returns group-A1ACF68524AB:java.util.concurrent.CompletableFuture@388537a8[Not completed]
2022-10-19 08:45:15,901 [91dae643-bef5-471c-869f-4daa43ea47b3@group-9B8FAE4D8AEE-FollowerState] INFO  server.RaftServerConfigKeys (ConfUtils.java:logFallback(53)) - raft.server.rpc.first-election.timeout.min = 5s (fallback to raft.server.rpc.timeout.min)
2022-10-19 08:45:15,902 [91dae643-bef5-471c-869f-4daa43ea47b3@group-9B8FAE4D8AEE-FollowerState] INFO  server.RaftServerConfigKeys (ConfUtils.java:logFallback(53)) - raft.server.rpc.first-election.timeout.max = 5200ms (fallback to raft.server.rpc.timeout.max)
2022-10-19 08:45:15,903 [pool-95-thread-1] INFO  server.RaftServer$Division (RaftServerImpl.java:<init>(195)) - 91dae643-bef5-471c-869f-4daa43ea47b3: new RaftServerImpl for group-A1ACF68524AB:[91dae643-bef5-471c-869f-4daa43ea47b3|rpc:10.1.1.188:34857|priority:0|startupRole:FOLLOWER, 9e7e10a2-763a-4a15-b149-6c921096d1eb|rpc:10.1.1.188:43001|priority:0|startupRole:FOLLOWER, 96fa30cc-cc01-4af1-a161-c10c2afc2f22|rpc:10.1.1.188:43419|priority:1|startupRole:FOLLOWER] with ContainerStateMachine:uninitialized
2022-10-19 08:45:15,907 [pool-95-thread-1] INFO  server.RaftServerConfigKeys (ConfUtils.java:logGet(46)) - raft.server.rpc.timeout.min = 5s (custom)
2022-10-19 08:45:15,907 [pool-95-thread-1] INFO  server.RaftServerConfigKeys (ConfUtils.java:logGet(46)) - raft.server.rpc.timeout.max = 5200ms (custom)
2022-10-19 08:45:15,907 [pool-95-thread-1] INFO  server.RaftServerConfigKeys (ConfUtils.java:logGet(46)) - raft.server.rpc.sleep.time = 25ms (default)
2022-10-19 08:45:15,907 [pool-95-thread-1] INFO  server.RaftServerConfigKeys (ConfUtils.java:logGet(46)) - raft.server.rpc.slowness.timeout = 300s (custom)
2022-10-19 08:45:15,907 [pool-95-thread-1] INFO  server.RaftServerConfigKeys (ConfUtils.java:logGet(46)) - raft.server.leaderelection.leader.step-down.wait-time = 10s (default)
2022-10-19 08:45:15,907 [pool-95-thread-1] INFO  server.RaftServerConfigKeys (ConfUtils.java:logGet(46)) - raft.server.sleep.deviation.threshold = 300ms (default)
2022-10-19 08:45:15,907 [pool-95-thread-1] INFO  server.RaftServer$Division (ServerState.java:<init>(118)) - 91dae643-bef5-471c-869f-4daa43ea47b3@group-A1ACF68524AB: ConfigurationManager, init=-1: peers:[91dae643-bef5-471c-869f-4daa43ea47b3|rpc:10.1.1.188:34857|priority:0|startupRole:FOLLOWER, 9e7e10a2-763a-4a15-b149-6c921096d1eb|rpc:10.1.1.188:43001|priority:0|startupRole:FOLLOWER, 96fa30cc-cc01-4af1-a161-c10c2afc2f22|rpc:10.1.1.188:43419|priority:1|startupRole:FOLLOWER]|listeners:[], old=null, confs=<EMPTY_MAP>
2022-10-19 08:45:15,907 [pool-95-thread-1] INFO  server.RaftServerConfigKeys (ConfUtils.java:logGet(46)) - raft.server.storage.dir = [/home/runner/work/ozone/ozone/hadoop-ozone/integration-test/target/test-dir/MiniOzoneClusterImpl-43a13940-e4af-4545-ab6e-e590eff1efbb/datanode-1/data/ratis] (custom)
2022-10-19 08:45:15,907 [pool-95-thread-1] INFO  server.RaftServerConfigKeys (ConfUtils.java:logGet(46)) - raft.server.log.corruption.policy = EXCEPTION (default)
2022-10-19 08:45:15,907 [pool-95-thread-1] INFO  server.RaftServerConfigKeys (ConfUtils.java:logGet(46)) - raft.server.storage.free-space.min = 0MB (=0) (default)
2022-10-19 08:45:15,908 [pool-95-thread-1] INFO  server.RaftServerConfigKeys (ConfUtils.java:logGet(46)) - raft.server.notification.no-leader.timeout = 300s (custom)
2022-10-19 08:45:15,908 [pool-95-thread-1] INFO  server.RaftServerConfigKeys (ConfUtils.java:logGet(46)) - raft.server.retrycache.expirytime = 600000ms (custom)
2022-10-19 08:45:15,908 [pool-95-thread-1] INFO  server.RaftServerConfigKeys (ConfUtils.java:logGet(46)) - raft.server.retrycache.statistics.expirytime = 100μs (default)
2022-10-19 08:45:15,920 [pool-95-thread-1] INFO  server.RaftServerConfigKeys (ConfUtils.java:logGet(46)) - raft.server.log.appender.install.snapshot.enabled = false (custom)
2022-10-19 08:45:15,920 [pool-95-thread-1] INFO  server.RaftServerConfigKeys (ConfUtils.java:logGet(46)) - raft.server.threadpool.server.cached = true (default)
2022-10-19 08:45:15,920 [pool-95-thread-1] INFO  server.RaftServerConfigKeys (ConfUtils.java:logGet(46)) - raft.server.threadpool.server.size = 0 (default)
2022-10-19 08:45:15,920 [pool-95-thread-1] INFO  server.RaftServerConfigKeys (ConfUtils.java:logGet(46)) - raft.server.threadpool.client.cached = true (default)
2022-10-19 08:45:15,920 [pool-95-thread-1] INFO  server.RaftServerConfigKeys (ConfUtils.java:logGet(46)) - raft.server.threadpool.client.size = 0 (default)
2022-10-19 08:45:15,920 [pool-95-thread-1] INFO  storage.RaftStorageDirectory (RaftStorageDirectoryImpl.java:analyzeStorage(137)) - The storage directory /home/runner/work/ozone/ozone/hadoop-ozone/integration-test/target/test-dir/MiniOzoneClusterImpl-43a13940-e4af-4545-ab6e-e590eff1efbb/datanode-1/data/ratis/903fd36a-8604-4e76-947b-a1acf68524ab does not exist. Creating ...
2022-10-19 08:45:15,925 [pool-95-thread-1] INFO  storage.RaftStorageDirectory (RaftStorageDirectoryImpl.java:tryLock(231)) - Lock on /home/runner/work/ozone/ozone/hadoop-ozone/integration-test/target/test-dir/MiniOzoneClusterImpl-43a13940-e4af-4545-ab6e-e590eff1efbb/datanode-1/data/ratis/903fd36a-8604-4e76-947b-a1acf68524ab/in_use.lock acquired by nodename 22270@fv-az447-90
2022-10-19 08:45:15,927 [pool-95-thread-1] INFO  storage.RaftStorage (RaftStorageImpl.java:format(96)) - Storage directory /home/runner/work/ozone/ozone/hadoop-ozone/integration-test/target/test-dir/MiniOzoneClusterImpl-43a13940-e4af-4545-ab6e-e590eff1efbb/datanode-1/data/ratis/903fd36a-8604-4e76-947b-a1acf68524ab has been successfully formatted.
2022-10-19 08:45:15,930 [EventQueue-OpenPipelineForHealthyPipelineSafeModeRule] INFO  safemode.SCMSafeModeManager (HealthyPipelineSafeModeRule.java:process(137)) - SCM in safe mode. Healthy pipelines reported count is 0, required healthy pipeline reported count is 1
2022-10-19 08:45:15,937 [pool-95-thread-1] INFO  ratis.ContainerStateMachine (ContainerStateMachine.java:loadSnapshot(236)) - group-A1ACF68524AB: The snapshot info is null. Setting the last applied indexto:(t:0, i:~)
2022-10-19 08:45:15,948 [pool-95-thread-1] INFO  server.RaftServerConfigKeys (ConfUtils.java:logGet(46)) - raft.server.log.use.memory = false (default)
2022-10-19 08:45:15,948 [pool-95-thread-1] INFO  server.RaftServerConfigKeys (ConfUtils.java:logGet(46)) - raft.server.log.purge.gap = 1000000 (custom)
2022-10-19 08:45:15,948 [pool-95-thread-1] INFO  server.RaftServerConfigKeys (ConfUtils.java:logGet(46)) - raft.server.log.appender.buffer.byte-limit = 33554432 (custom)
2022-10-19 08:45:15,948 [pool-95-thread-1] INFO  server.RaftServerConfigKeys (ConfUtils.java:logGet(46)) - raft.server.log.statemachine.data.read.timeout = 1000ms (default)
2022-10-19 08:45:15,948 [pool-95-thread-1] INFO  server.RaftServerConfigKeys (ConfUtils.java:logGet(46)) - raft.server.log.purge.preservation.log.num = 0 (default)
2022-10-19 08:45:15,948 [pool-95-thread-1] INFO  server.RaftServerConfigKeys (ConfUtils.java:logGet(46)) - raft.server.log.segment.size.max = 1048576 (custom)
2022-10-19 08:45:15,949 [pool-95-thread-1] INFO  server.RaftServerConfigKeys (ConfUtils.java:logGet(46)) - raft.server.log.segment.cache.num.max = 2 (custom)
2022-10-19 08:45:15,949 [pool-95-thread-1] INFO  server.RaftServerConfigKeys (ConfUtils.java:logGet(46)) - raft.server.log.segment.cache.size.max = 200MB (=209715200) (default)
2022-10-19 08:45:15,949 [pool-95-thread-1] INFO  segmented.SegmentedRaftLogWorker (SegmentedRaftLogWorker.java:<init>(191)) - new 91dae643-bef5-471c-869f-4daa43ea47b3@group-A1ACF68524AB-SegmentedRaftLogWorker for RaftStorageImpl:Storage Directory /home/runner/work/ozone/ozone/hadoop-ozone/integration-test/target/test-dir/MiniOzoneClusterImpl-43a13940-e4af-4545-ab6e-e590eff1efbb/datanode-1/data/ratis/903fd36a-8604-4e76-947b-a1acf68524ab
2022-10-19 08:45:15,949 [pool-95-thread-1] INFO  server.RaftServerConfigKeys (ConfUtils.java:logGet(46)) - raft.server.log.queue.byte-limit = 4294967296 (custom)
2022-10-19 08:45:15,949 [pool-95-thread-1] INFO  server.RaftServerConfigKeys (ConfUtils.java:logGet(46)) - raft.server.log.queue.element-limit = 1024 (custom)
2022-10-19 08:45:15,949 [pool-95-thread-1] INFO  server.RaftServerConfigKeys (ConfUtils.java:logGet(46)) - raft.server.log.segment.size.max = 1048576 (custom)
2022-10-19 08:45:15,949 [pool-95-thread-1] INFO  server.RaftServerConfigKeys (ConfUtils.java:logGet(46)) - raft.server.log.preallocated.size = 16384 (custom)
2022-10-19 08:45:15,949 [pool-95-thread-1] INFO  server.RaftServerConfigKeys (ConfUtils.java:logGet(46)) - raft.server.log.force.sync.num = 128 (default)
2022-10-19 08:45:15,950 [pool-95-thread-1] INFO  server.RaftServerConfigKeys (ConfUtils.java:logGet(46)) - raft.server.log.statemachine.data.sync = true (default)
2022-10-19 08:45:15,950 [pool-95-thread-1] INFO  server.RaftServerConfigKeys (ConfUtils.java:logGet(46)) - raft.server.log.statemachine.data.sync.timeout = 10s (default)
2022-10-19 08:45:15,950 [pool-95-thread-1] INFO  server.RaftServerConfigKeys (ConfUtils.java:logGet(46)) - raft.server.log.statemachine.data.sync.timeout.retry = -1 (default)
2022-10-19 08:45:15,951 [pool-95-thread-1] INFO  server.RaftServerConfigKeys (ConfUtils.java:logGet(46)) - raft.server.log.write.buffer.size = 1048576 (custom)
2022-10-19 08:45:15,954 [pool-95-thread-1] INFO  server.RaftServerConfigKeys (ConfUtils.java:logGet(46)) - raft.server.log.unsafe-flush.enabled = false (default)
2022-10-19 08:45:15,954 [pool-95-thread-1] INFO  server.RaftServerConfigKeys (ConfUtils.java:logGet(46)) - raft.server.log.async-flush.enabled = false (default)
2022-10-19 08:45:15,954 [pool-95-thread-1] INFO  server.RaftServerConfigKeys (ConfUtils.java:logGet(46)) - raft.server.log.statemachine.data.caching.enabled = true (custom)
2022-10-19 08:45:15,954 [pool-95-thread-1] INFO  segmented.SegmentedRaftLogWorker (SegmentedRaftLogWorker.java:lambda$new$0(136)) - 91dae643-bef5-471c-869f-4daa43ea47b3@group-A1ACF68524AB-SegmentedRaftLogWorker: flushIndex: setUnconditionally 0 -> -1
2022-10-19 08:45:15,954 [pool-95-thread-1] INFO  segmented.SegmentedRaftLogWorker (SegmentedRaftLogWorker.java:lambda$new$0(136)) - 91dae643-bef5-471c-869f-4daa43ea47b3@group-A1ACF68524AB-SegmentedRaftLogWorker: safeCacheEvictIndex: setUnconditionally 0 -> -1
2022-10-19 08:45:15,964 [pool-95-thread-1] INFO  server.RaftServer$Division (RaftServerImpl.java:start(334)) - 91dae643-bef5-471c-869f-4daa43ea47b3@group-A1ACF68524AB: start as a follower, conf=-1: peers:[91dae643-bef5-471c-869f-4daa43ea47b3|rpc:10.1.1.188:34857|priority:0|startupRole:FOLLOWER, 9e7e10a2-763a-4a15-b149-6c921096d1eb|rpc:10.1.1.188:43001|priority:0|startupRole:FOLLOWER, 96fa30cc-cc01-4af1-a161-c10c2afc2f22|rpc:10.1.1.188:43419|priority:1|startupRole:FOLLOWER]|listeners:[], old=null
2022-10-19 08:45:15,964 [pool-95-thread-1] INFO  server.RaftServer$Division (RaftServerImpl.java:setRole(321)) - 91dae643-bef5-471c-869f-4daa43ea47b3@group-A1ACF68524AB: changes role from      null to FOLLOWER at term 0 for startAsFollower
2022-10-19 08:45:15,964 [pool-95-thread-1] INFO  impl.RoleInfo (RoleInfo.java:updateAndGet(139)) - 91dae643-bef5-471c-869f-4daa43ea47b3: start 91dae643-bef5-471c-869f-4daa43ea47b3@group-A1ACF68524AB-FollowerState
2022-10-19 08:45:15,967 [Listener at 127.0.0.1/40043] INFO  ozone.MiniOzoneClusterImpl (MiniOzoneClusterImpl.java:lambda$waitForClusterToBeReady$0(216)) - Waiting for nodes to be ready. Got 9 of 10 DN Heartbeats.
2022-10-19 08:45:15,968 [Listener at 127.0.0.1/40043] INFO  ozone.MiniOzoneClusterImpl (MiniOzoneClusterImpl.java:lambda$waitForClusterToBeReady$0(219)) - Waiting for cluster to exit safe mode
2022-10-19 08:45:15,968 [Listener at 127.0.0.1/40043] INFO  ozone.MiniOzoneClusterImpl (MiniOzoneClusterImpl.java:lambda$waitForClusterToBeReady$0(221)) - SCM became leader
2022-10-19 08:45:15,976 [pool-95-thread-1] INFO  util.JmxRegister (JmxRegister.java:tryRegister(44)) - Successfully registered JMX Bean with object name Ratis:service=RaftServer,group=group-A1ACF68524AB,id=91dae643-bef5-471c-869f-4daa43ea47b3
2022-10-19 08:45:15,976 [pool-95-thread-1] INFO  server.RaftServerConfigKeys (ConfUtils.java:logGet(46)) - raft.server.snapshot.auto.trigger.enabled = true (custom)
2022-10-19 08:45:15,976 [pool-95-thread-1] INFO  server.RaftServerConfigKeys (ConfUtils.java:logGet(46)) - raft.server.snapshot.auto.trigger.threshold = 10000 (custom)
2022-10-19 08:45:15,976 [pool-95-thread-1] INFO  server.RaftServerConfigKeys (ConfUtils.java:logGet(46)) - raft.server.snapshot.retention.file.num = 5 (custom)
2022-10-19 08:45:15,976 [pool-95-thread-1] INFO  server.RaftServerConfigKeys (ConfUtils.java:logGet(46)) - raft.server.log.purge.upto.snapshot.index = false (default)
2022-10-19 08:45:15,978 [91dae643-bef5-471c-869f-4daa43ea47b3@group-A1ACF68524AB-FollowerState] INFO  server.RaftServerConfigKeys (ConfUtils.java:logFallback(53)) - raft.server.rpc.first-election.timeout.min = 5s (fallback to raft.server.rpc.timeout.min)
2022-10-19 08:45:15,978 [91dae643-bef5-471c-869f-4daa43ea47b3@group-A1ACF68524AB-FollowerState] INFO  server.RaftServerConfigKeys (ConfUtils.java:logFallback(53)) - raft.server.rpc.first-election.timeout.max = 5200ms (fallback to raft.server.rpc.timeout.max)
2022-10-19 08:45:15,978 [Command processor thread] INFO  ratis.XceiverServerRatis (XceiverServerRatis.java:addGroup(765)) - Created group PipelineID=903fd36a-8604-4e76-947b-a1acf68524ab
2022-10-19 08:45:16,025 [IPC Server handler 7 on default port 46251] INFO  net.NetworkTopologyImpl (NetworkTopologyImpl.java:add(112)) - Added a new node: /default-rack/4bf4c8bd-58cb-4467-be45-ba87f7c70472
2022-10-19 08:45:16,026 [IPC Server handler 7 on default port 46251] INFO  node.SCMNodeManager (SCMNodeManager.java:register(397)) - Registered Data node : 4bf4c8bd-58cb-4467-be45-ba87f7c70472{ip: 10.1.1.188, host: fv-az447-90.tnmeiuxxsqeu3byeydcnbj0j5d.dx.internal.cloudapp.net, ports: [REPLICATION=43387, RATIS=41671, RATIS_ADMIN=41671, RATIS_SERVER=41671, STANDALONE=40739], networkLocation: /default-rack, certSerialId: null, persistedOpState: null, persistedOpStateExpiryEpochSec: 0}
2022-10-19 08:45:16,026 [EventQueue-NewNodeForNewNodeHandler] INFO  pipeline.BackgroundPipelineCreator (BackgroundPipelineCreator.java:notifyEventTriggered(276)) - trigger a one-shot run on RatisPipelineUtilsThread.
2022-10-19 08:45:16,027 [RatisPipelineUtilsThread - 0] INFO  pipeline.RatisPipelineProvider (RatisPipelineProvider.java:lambda$create$0(195)) - Sending CreatePipelineCommand for pipeline:PipelineID=87012ae4-0743-40c1-8650-07eb0dc06987 to datanode:4bf4c8bd-58cb-4467-be45-ba87f7c70472
2022-10-19 08:45:16,028 [RatisPipelineUtilsThread - 0] INFO  pipeline.PipelineStateManagerImpl (PipelineStateManagerImpl.java:addPipeline(103)) - Created pipeline Pipeline[ Id: 87012ae4-0743-40c1-8650-07eb0dc06987, Nodes: 4bf4c8bd-58cb-4467-be45-ba87f7c70472{ip: 10.1.1.188, host: fv-az447-90.tnmeiuxxsqeu3byeydcnbj0j5d.dx.internal.cloudapp.net, ports: [REPLICATION=43387, RATIS=41671, RATIS_ADMIN=41671, RATIS_SERVER=41671, STANDALONE=40739], networkLocation: /default-rack, certSerialId: null, persistedOpState: IN_SERVICE, persistedOpStateExpiryEpochSec: 0}, ReplicationConfig: RATIS/ONE, State:ALLOCATED, leaderId:, CreationTimestamp2022-10-19T08:45:16.027Z[Etc/UTC]].
2022-10-19 08:45:16,166 [Command processor thread] INFO  server.RaftServer (RaftServerProxy.java:addNew(96)) - 9e7e10a2-763a-4a15-b149-6c921096d1eb: addNew group-A314E49CC730:[9e7e10a2-763a-4a15-b149-6c921096d1eb|rpc:10.1.1.188:43001|priority:1|startupRole:FOLLOWER] returns group-A314E49CC730:java.util.concurrent.CompletableFuture@5e664d58[Not completed]
2022-10-19 08:45:16,170 [pool-118-thread-1] INFO  server.RaftServer$Division (RaftServerImpl.java:<init>(195)) - 9e7e10a2-763a-4a15-b149-6c921096d1eb: new RaftServerImpl for group-A314E49CC730:[9e7e10a2-763a-4a15-b149-6c921096d1eb|rpc:10.1.1.188:43001|priority:1|startupRole:FOLLOWER] with ContainerStateMachine:uninitialized
2022-10-19 08:45:16,175 [grpc-default-executor-1] INFO  server.RaftServer (RaftServerProxy.java:addNew(96)) - 9e7e10a2-763a-4a15-b149-6c921096d1eb: addNew group-A1ACF68524AB:[91dae643-bef5-471c-869f-4daa43ea47b3|rpc:10.1.1.188:34857|dataStream:|priority:0|startupRole:FOLLOWER, 9e7e10a2-763a-4a15-b149-6c921096d1eb|rpc:10.1.1.188:43001|dataStream:|priority:0|startupRole:FOLLOWER, 96fa30cc-cc01-4af1-a161-c10c2afc2f22|rpc:10.1.1.188:43419|dataStream:|priority:1|startupRole:FOLLOWER] returns group-A1ACF68524AB:java.util.concurrent.CompletableFuture@493b627b[Not completed]
2022-10-19 08:45:16,196 [pool-118-thread-1] INFO  server.RaftServerConfigKeys (ConfUtils.java:logGet(46)) - raft.server.rpc.timeout.min = 5s (custom)
2022-10-19 08:45:16,196 [pool-118-thread-1] INFO  server.RaftServerConfigKeys (ConfUtils.java:logGet(46)) - raft.server.rpc.timeout.max = 5200ms (custom)
2022-10-19 08:45:16,196 [pool-118-thread-1] INFO  server.RaftServerConfigKeys (ConfUtils.java:logGet(46)) - raft.server.rpc.sleep.time = 25ms (default)
2022-10-19 08:45:16,197 [pool-118-thread-1] INFO  server.RaftServerConfigKeys (ConfUtils.java:logGet(46)) - raft.server.rpc.slowness.timeout = 300s (custom)
2022-10-19 08:45:16,197 [pool-118-thread-1] INFO  server.RaftServerConfigKeys (ConfUtils.java:logGet(46)) - raft.server.leaderelection.leader.step-down.wait-time = 10s (default)
2022-10-19 08:45:16,197 [pool-118-thread-1] INFO  server.RaftServerConfigKeys (ConfUtils.java:logGet(46)) - raft.server.sleep.deviation.threshold = 300ms (default)
2022-10-19 08:45:16,198 [pool-118-thread-1] INFO  server.RaftServer$Division (ServerState.java:<init>(118)) - 9e7e10a2-763a-4a15-b149-6c921096d1eb@group-A314E49CC730: ConfigurationManager, init=-1: peers:[9e7e10a2-763a-4a15-b149-6c921096d1eb|rpc:10.1.1.188:43001|priority:1|startupRole:FOLLOWER]|listeners:[], old=null, confs=<EMPTY_MAP>
2022-10-19 08:45:16,198 [pool-118-thread-1] INFO  server.RaftServerConfigKeys (ConfUtils.java:logGet(46)) - raft.server.storage.dir = [/home/runner/work/ozone/ozone/hadoop-ozone/integration-test/target/test-dir/MiniOzoneClusterImpl-43a13940-e4af-4545-ab6e-e590eff1efbb/datanode-2/data/ratis] (custom)
2022-10-19 08:45:16,198 [pool-118-thread-1] INFO  server.RaftServerConfigKeys (ConfUtils.java:logGet(46)) - raft.server.log.corruption.policy = EXCEPTION (default)
2022-10-19 08:45:16,198 [pool-118-thread-1] INFO  server.RaftServerConfigKeys (ConfUtils.java:logGet(46)) - raft.server.storage.free-space.min = 0MB (=0) (default)
2022-10-19 08:45:16,198 [pool-118-thread-1] INFO  server.RaftServerConfigKeys (ConfUtils.java:logGet(46)) - raft.server.notification.no-leader.timeout = 300s (custom)
2022-10-19 08:45:16,198 [pool-118-thread-1] INFO  server.RaftServerConfigKeys (ConfUtils.java:logGet(46)) - raft.server.retrycache.expirytime = 600000ms (custom)
2022-10-19 08:45:16,198 [pool-118-thread-1] INFO  server.RaftServerConfigKeys (ConfUtils.java:logGet(46)) - raft.server.retrycache.statistics.expirytime = 100μs (default)
2022-10-19 08:45:16,221 [pool-118-thread-1] INFO  server.RaftServerConfigKeys (ConfUtils.java:logGet(46)) - raft.server.log.appender.install.snapshot.enabled = false (custom)
2022-10-19 08:45:16,221 [pool-118-thread-1] INFO  server.RaftServerConfigKeys (ConfUtils.java:logGet(46)) - raft.server.threadpool.server.cached = true (default)
2022-10-19 08:45:16,221 [pool-118-thread-1] INFO  server.RaftServerConfigKeys (ConfUtils.java:logGet(46)) - raft.server.threadpool.server.size = 0 (default)
2022-10-19 08:45:16,221 [pool-118-thread-1] INFO  server.RaftServerConfigKeys (ConfUtils.java:logGet(46)) - raft.server.threadpool.client.cached = true (default)
2022-10-19 08:45:16,222 [pool-118-thread-1] INFO  server.RaftServerConfigKeys (ConfUtils.java:logGet(46)) - raft.server.threadpool.client.size = 0 (default)
2022-10-19 08:45:16,223 [pool-118-thread-1] INFO  server.RaftServer$Division (RaftServerImpl.java:<init>(195)) - 9e7e10a2-763a-4a15-b149-6c921096d1eb: new RaftServerImpl for group-A1ACF68524AB:[91dae643-bef5-471c-869f-4daa43ea47b3|rpc:10.1.1.188:34857|dataStream:|priority:0|startupRole:FOLLOWER, 9e7e10a2-763a-4a15-b149-6c921096d1eb|rpc:10.1.1.188:43001|dataStream:|priority:0|startupRole:FOLLOWER, 96fa30cc-cc01-4af1-a161-c10c2afc2f22|rpc:10.1.1.188:43419|dataStream:|priority:1|startupRole:FOLLOWER] with ContainerStateMachine:uninitialized
2022-10-19 08:45:16,223 [pool-118-thread-1] INFO  server.RaftServerConfigKeys (ConfUtils.java:logGet(46)) - raft.server.rpc.timeout.min = 5s (custom)
2022-10-19 08:45:16,223 [pool-118-thread-1] INFO  server.RaftServerConfigKeys (ConfUtils.java:logGet(46)) - raft.server.rpc.timeout.max = 5200ms (custom)
2022-10-19 08:45:16,223 [pool-118-thread-1] INFO  server.RaftServerConfigKeys (ConfUtils.java:logGet(46)) - raft.server.rpc.sleep.time = 25ms (default)
2022-10-19 08:45:16,223 [pool-118-thread-1] INFO  server.RaftServerConfigKeys (ConfUtils.java:logGet(46)) - raft.server.rpc.slowness.timeout = 300s (custom)
2022-10-19 08:45:16,223 [pool-118-thread-1] INFO  server.RaftServerConfigKeys (ConfUtils.java:logGet(46)) - raft.server.leaderelection.leader.step-down.wait-time = 10s (default)
2022-10-19 08:45:16,223 [pool-118-thread-1] INFO  server.RaftServerConfigKeys (ConfUtils.java:logGet(46)) - raft.server.sleep.deviation.threshold = 300ms (default)
2022-10-19 08:45:16,223 [pool-118-thread-1] INFO  server.RaftServer$Division (ServerState.java:<init>(118)) - 9e7e10a2-763a-4a15-b149-6c921096d1eb@group-A1ACF68524AB: ConfigurationManager, init=-1: peers:[91dae643-bef5-471c-869f-4daa43ea47b3|rpc:10.1.1.188:34857|dataStream:|priority:0|startupRole:FOLLOWER, 9e7e10a2-763a-4a15-b149-6c921096d1eb|rpc:10.1.1.188:43001|dataStream:|priority:0|startupRole:FOLLOWER, 96fa30cc-cc01-4af1-a161-c10c2afc2f22|rpc:10.1.1.188:43419|dataStream:|priority:1|startupRole:FOLLOWER]|listeners:[], old=null, confs=<EMPTY_MAP>
2022-10-19 08:45:16,223 [pool-118-thread-1] INFO  server.RaftServerConfigKeys (ConfUtils.java:logGet(46)) - raft.server.storage.dir = [/home/runner/work/ozone/ozone/hadoop-ozone/integration-test/target/test-dir/MiniOzoneClusterImpl-43a13940-e4af-4545-ab6e-e590eff1efbb/datanode-2/data/ratis] (custom)
2022-10-19 08:45:16,223 [pool-118-thread-1] INFO  server.RaftServerConfigKeys (ConfUtils.java:logGet(46)) - raft.server.log.corruption.policy = EXCEPTION (default)
2022-10-19 08:45:16,224 [pool-118-thread-1] INFO  server.RaftServerConfigKeys (ConfUtils.java:logGet(46)) - raft.server.storage.free-space.min = 0MB (=0) (default)
2022-10-19 08:45:16,224 [pool-118-thread-1] INFO  server.RaftServerConfigKeys (ConfUtils.java:logGet(46)) - raft.server.notification.no-leader.timeout = 300s (custom)
2022-10-19 08:45:16,224 [pool-118-thread-1] INFO  server.RaftServerConfigKeys (ConfUtils.java:logGet(46)) - raft.server.retrycache.expirytime = 600000ms (custom)
2022-10-19 08:45:16,224 [pool-118-thread-1] INFO  server.RaftServerConfigKeys (ConfUtils.java:logGet(46)) - raft.server.retrycache.statistics.expirytime = 100μs (default)
2022-10-19 08:45:16,225 [pool-118-thread-1] INFO  server.RaftServerConfigKeys (ConfUtils.java:logGet(46)) - raft.server.log.appender.install.snapshot.enabled = false (custom)
2022-10-19 08:45:16,225 [pool-118-thread-1] INFO  server.RaftServerConfigKeys (ConfUtils.java:logGet(46)) - raft.server.threadpool.server.cached = true (default)
2022-10-19 08:45:16,226 [pool-118-thread-1] INFO  server.RaftServerConfigKeys (ConfUtils.java:logGet(46)) - raft.server.threadpool.server.size = 0 (default)
2022-10-19 08:45:16,226 [pool-118-thread-1] INFO  server.RaftServerConfigKeys (ConfUtils.java:logGet(46)) - raft.server.threadpool.client.cached = true (default)
2022-10-19 08:45:16,226 [pool-118-thread-1] INFO  server.RaftServerConfigKeys (ConfUtils.java:logGet(46)) - raft.server.threadpool.client.size = 0 (default)
2022-10-19 08:45:16,226 [pool-118-thread-1] INFO  storage.RaftStorageDirectory (RaftStorageDirectoryImpl.java:analyzeStorage(137)) - The storage directory /home/runner/work/ozone/ozone/hadoop-ozone/integration-test/target/test-dir/MiniOzoneClusterImpl-43a13940-e4af-4545-ab6e-e590eff1efbb/datanode-2/data/ratis/013d9e7d-d3b0-4d1b-bae5-a314e49cc730 does not exist. Creating ...
2022-10-19 08:45:16,238 [pool-118-thread-1] INFO  storage.RaftStorageDirectory (RaftStorageDirectoryImpl.java:tryLock(231)) - Lock on /home/runner/work/ozone/ozone/hadoop-ozone/integration-test/target/test-dir/MiniOzoneClusterImpl-43a13940-e4af-4545-ab6e-e590eff1efbb/datanode-2/data/ratis/013d9e7d-d3b0-4d1b-bae5-a314e49cc730/in_use.lock acquired by nodename 22270@fv-az447-90
2022-10-19 08:45:16,240 [pool-118-thread-1] INFO  storage.RaftStorage (RaftStorageImpl.java:format(96)) - Storage directory /home/runner/work/ozone/ozone/hadoop-ozone/integration-test/target/test-dir/MiniOzoneClusterImpl-43a13940-e4af-4545-ab6e-e590eff1efbb/datanode-2/data/ratis/013d9e7d-d3b0-4d1b-bae5-a314e49cc730 has been successfully formatted.
2022-10-19 08:45:16,240 [pool-118-thread-1] INFO  ratis.ContainerStateMachine (ContainerStateMachine.java:loadSnapshot(236)) - group-A314E49CC730: The snapshot info is null. Setting the last applied indexto:(t:0, i:~)
2022-10-19 08:45:16,241 [pool-118-thread-1] INFO  server.RaftServerConfigKeys (ConfUtils.java:logGet(46)) - raft.server.log.use.memory = false (default)
2022-10-19 08:45:16,241 [pool-118-thread-1] INFO  server.RaftServerConfigKeys (ConfUtils.java:logGet(46)) - raft.server.log.purge.gap = 1000000 (custom)
2022-10-19 08:45:16,241 [pool-118-thread-1] INFO  server.RaftServerConfigKeys (ConfUtils.java:logGet(46)) - raft.server.log.appender.buffer.byte-limit = 33554432 (custom)
2022-10-19 08:45:16,241 [pool-118-thread-1] INFO  server.RaftServerConfigKeys (ConfUtils.java:logGet(46)) - raft.server.log.statemachine.data.read.timeout = 1000ms (default)
2022-10-19 08:45:16,241 [pool-118-thread-1] INFO  server.RaftServerConfigKeys (ConfUtils.java:logGet(46)) - raft.server.log.purge.preservation.log.num = 0 (default)
2022-10-19 08:45:16,241 [pool-118-thread-1] INFO  server.RaftServerConfigKeys (ConfUtils.java:logGet(46)) - raft.server.log.segment.size.max = 1048576 (custom)
2022-10-19 08:45:16,242 [pool-118-thread-1] INFO  server.RaftServerConfigKeys (ConfUtils.java:logGet(46)) - raft.server.log.segment.cache.num.max = 2 (custom)
2022-10-19 08:45:16,242 [pool-118-thread-1] INFO  server.RaftServerConfigKeys (ConfUtils.java:logGet(46)) - raft.server.log.segment.cache.size.max = 200MB (=209715200) (default)
2022-10-19 08:45:16,242 [pool-118-thread-1] INFO  segmented.SegmentedRaftLogWorker (SegmentedRaftLogWorker.java:<init>(191)) - new 9e7e10a2-763a-4a15-b149-6c921096d1eb@group-A314E49CC730-SegmentedRaftLogWorker for RaftStorageImpl:Storage Directory /home/runner/work/ozone/ozone/hadoop-ozone/integration-test/target/test-dir/MiniOzoneClusterImpl-43a13940-e4af-4545-ab6e-e590eff1efbb/datanode-2/data/ratis/013d9e7d-d3b0-4d1b-bae5-a314e49cc730
2022-10-19 08:45:16,242 [pool-118-thread-1] INFO  server.RaftServerConfigKeys (ConfUtils.java:logGet(46)) - raft.server.log.queue.byte-limit = 4294967296 (custom)
2022-10-19 08:45:16,242 [pool-118-thread-1] INFO  server.RaftServerConfigKeys (ConfUtils.java:logGet(46)) - raft.server.log.queue.element-limit = 1024 (custom)
2022-10-19 08:45:16,242 [pool-118-thread-1] INFO  server.RaftServerConfigKeys (ConfUtils.java:logGet(46)) - raft.server.log.segment.size.max = 1048576 (custom)
2022-10-19 08:45:16,242 [pool-118-thread-1] INFO  server.RaftServerConfigKeys (ConfUtils.java:logGet(46)) - raft.server.log.preallocated.size = 16384 (custom)
2022-10-19 08:45:16,242 [pool-118-thread-1] INFO  server.RaftServerConfigKeys (ConfUtils.java:logGet(46)) - raft.server.log.force.sync.num = 128 (default)
2022-10-19 08:45:16,242 [pool-118-thread-1] INFO  server.RaftServerConfigKeys (ConfUtils.java:logGet(46)) - raft.server.log.statemachine.data.sync = true (default)
2022-10-19 08:45:16,242 [pool-118-thread-1] INFO  server.RaftServerConfigKeys (ConfUtils.java:logGet(46)) - raft.server.log.statemachine.data.sync.timeout = 10s (default)
2022-10-19 08:45:16,242 [pool-118-thread-1] INFO  server.RaftServerConfigKeys (ConfUtils.java:logGet(46)) - raft.server.log.statemachine.data.sync.timeout.retry = -1 (default)
2022-10-19 08:45:16,244 [pool-118-thread-1] INFO  server.RaftServerConfigKeys (ConfUtils.java:logGet(46)) - raft.server.log.write.buffer.size = 1048576 (custom)
2022-10-19 08:45:16,254 [pool-118-thread-1] INFO  server.RaftServerConfigKeys (ConfUtils.java:logGet(46)) - raft.server.log.unsafe-flush.enabled = false (default)
2022-10-19 08:45:16,254 [pool-118-thread-1] INFO  server.RaftServerConfigKeys (ConfUtils.java:logGet(46)) - raft.server.log.async-flush.enabled = false (default)
2022-10-19 08:45:16,255 [pool-118-thread-1] INFO  server.RaftServerConfigKeys (ConfUtils.java:logGet(46)) - raft.server.log.statemachine.data.caching.enabled = true (custom)
2022-10-19 08:45:16,255 [pool-118-thread-1] INFO  segmented.SegmentedRaftLogWorker (SegmentedRaftLogWorker.java:lambda$new$0(136)) - 9e7e10a2-763a-4a15-b149-6c921096d1eb@group-A314E49CC730-SegmentedRaftLogWorker: flushIndex: setUnconditionally 0 -> -1
2022-10-19 08:45:16,255 [pool-118-thread-1] INFO  segmented.SegmentedRaftLogWorker (SegmentedRaftLogWorker.java:lambda$new$0(136)) - 9e7e10a2-763a-4a15-b149-6c921096d1eb@group-A314E49CC730-SegmentedRaftLogWorker: safeCacheEvictIndex: setUnconditionally 0 -> -1
2022-10-19 08:45:16,256 [EventQueue-PipelineReportForPipelineReportHandler] INFO  pipeline.PipelineManagerImpl (PipelineManagerImpl.java:openPipeline(367)) - Pipeline Pipeline[ Id: 013d9e7d-d3b0-4d1b-bae5-a314e49cc730, Nodes: 9e7e10a2-763a-4a15-b149-6c921096d1eb{ip: 10.1.1.188, host: fv-az447-90.tnmeiuxxsqeu3byeydcnbj0j5d.dx.internal.cloudapp.net, ports: [REPLICATION=43445, RATIS=43001, RATIS_ADMIN=43001, RATIS_SERVER=43001, STANDALONE=33113], networkLocation: /default-rack, certSerialId: null, persistedOpState: IN_SERVICE, persistedOpStateExpiryEpochSec: 0}, ReplicationConfig: RATIS/ONE, State:ALLOCATED, leaderId:9e7e10a2-763a-4a15-b149-6c921096d1eb, CreationTimestamp2022-10-19T08:45:13.169Z[Etc/UTC]] moved to OPEN state
2022-10-19 08:45:16,265 [EventQueue-OpenPipelineForHealthyPipelineSafeModeRule] INFO  safemode.SCMSafeModeManager (HealthyPipelineSafeModeRule.java:process(137)) - SCM in safe mode. Healthy pipelines reported count is 0, required healthy pipeline reported count is 1
2022-10-19 08:45:16,256 [pool-118-thread-1] INFO  server.RaftServer$Division (RaftServerImpl.java:start(334)) - 9e7e10a2-763a-4a15-b149-6c921096d1eb@group-A314E49CC730: start as a follower, conf=-1: peers:[9e7e10a2-763a-4a15-b149-6c921096d1eb|rpc:10.1.1.188:43001|priority:1|startupRole:FOLLOWER]|listeners:[], old=null
2022-10-19 08:45:16,269 [pool-118-thread-1] INFO  server.RaftServer$Division (RaftServerImpl.java:setRole(321)) - 9e7e10a2-763a-4a15-b149-6c921096d1eb@group-A314E49CC730: changes role from      null to FOLLOWER at term 0 for startAsFollower
2022-10-19 08:45:16,269 [pool-118-thread-1] INFO  impl.RoleInfo (RoleInfo.java:updateAndGet(139)) - 9e7e10a2-763a-4a15-b149-6c921096d1eb: start 9e7e10a2-763a-4a15-b149-6c921096d1eb@group-A314E49CC730-FollowerState
2022-10-19 08:45:16,269 [pool-118-thread-1] INFO  util.JmxRegister (JmxRegister.java:tryRegister(44)) - Successfully registered JMX Bean with object name Ratis:service=RaftServer,group=group-A314E49CC730,id=9e7e10a2-763a-4a15-b149-6c921096d1eb
2022-10-19 08:45:16,270 [pool-118-thread-1] INFO  server.RaftServerConfigKeys (ConfUtils.java:logGet(46)) - raft.server.snapshot.auto.trigger.enabled = true (custom)
2022-10-19 08:45:16,270 [pool-118-thread-1] INFO  server.RaftServerConfigKeys (ConfUtils.java:logGet(46)) - raft.server.snapshot.auto.trigger.threshold = 10000 (custom)
2022-10-19 08:45:16,270 [pool-118-thread-1] INFO  server.RaftServerConfigKeys (ConfUtils.java:logGet(46)) - raft.server.snapshot.retention.file.num = 5 (custom)
2022-10-19 08:45:16,270 [pool-118-thread-1] INFO  server.RaftServerConfigKeys (ConfUtils.java:logGet(46)) - raft.server.log.purge.upto.snapshot.index = false (default)
2022-10-19 08:45:16,276 [pool-118-thread-1] INFO  storage.RaftStorageDirectory (RaftStorageDirectoryImpl.java:analyzeStorage(137)) - The storage directory /home/runner/work/ozone/ozone/hadoop-ozone/integration-test/target/test-dir/MiniOzoneClusterImpl-43a13940-e4af-4545-ab6e-e590eff1efbb/datanode-2/data/ratis/903fd36a-8604-4e76-947b-a1acf68524ab does not exist. Creating ...
2022-10-19 08:45:16,276 [Command processor thread] INFO  ratis.XceiverServerRatis (XceiverServerRatis.java:addGroup(765)) - Created group PipelineID=013d9e7d-d3b0-4d1b-bae5-a314e49cc730
2022-10-19 08:45:16,276 [Command processor thread] INFO  commandhandler.CreatePipelineCommandHandler (CreatePipelineCommandHandler.java:handle(113)) - Created Pipeline RATIS ONE PipelineID=013d9e7d-d3b0-4d1b-bae5-a314e49cc730.
2022-10-19 08:45:16,277 [Command processor thread] INFO  server.RaftServer (RaftServerProxy.java:addNew(96)) - 9e7e10a2-763a-4a15-b149-6c921096d1eb: addNew group-F4CAB9577C1E:[91dae643-bef5-471c-869f-4daa43ea47b3|rpc:10.1.1.188:34857|priority:0|startupRole:FOLLOWER, 9e7e10a2-763a-4a15-b149-6c921096d1eb|rpc:10.1.1.188:43001|priority:1|startupRole:FOLLOWER, 96fa30cc-cc01-4af1-a161-c10c2afc2f22|rpc:10.1.1.188:43419|priority:0|startupRole:FOLLOWER] returns group-F4CAB9577C1E:java.util.concurrent.CompletableFuture@5a59d24c[Not completed]
2022-10-19 08:45:16,278 [9e7e10a2-763a-4a15-b149-6c921096d1eb@group-A314E49CC730-FollowerState] INFO  server.RaftServerConfigKeys (ConfUtils.java:logFallback(53)) - raft.server.rpc.first-election.timeout.min = 5s (fallback to raft.server.rpc.timeout.min)
2022-10-19 08:45:16,278 [9e7e10a2-763a-4a15-b149-6c921096d1eb@group-A314E49CC730-FollowerState] INFO  server.RaftServerConfigKeys (ConfUtils.java:logFallback(53)) - raft.server.rpc.first-election.timeout.max = 5200ms (fallback to raft.server.rpc.timeout.max)
2022-10-19 08:45:16,278 [pool-118-thread-1] INFO  storage.RaftStorageDirectory (RaftStorageDirectoryImpl.java:tryLock(231)) - Lock on /home/runner/work/ozone/ozone/hadoop-ozone/integration-test/target/test-dir/MiniOzoneClusterImpl-43a13940-e4af-4545-ab6e-e590eff1efbb/datanode-2/data/ratis/903fd36a-8604-4e76-947b-a1acf68524ab/in_use.lock acquired by nodename 22270@fv-az447-90
2022-10-19 08:45:16,283 [pool-118-thread-1] INFO  storage.RaftStorage (RaftStorageImpl.java:format(96)) - Storage directory /home/runner/work/ozone/ozone/hadoop-ozone/integration-test/target/test-dir/MiniOzoneClusterImpl-43a13940-e4af-4545-ab6e-e590eff1efbb/datanode-2/data/ratis/903fd36a-8604-4e76-947b-a1acf68524ab has been successfully formatted.
2022-10-19 08:45:16,283 [pool-118-thread-1] INFO  ratis.ContainerStateMachine (ContainerStateMachine.java:loadSnapshot(236)) - group-A1ACF68524AB: The snapshot info is null. Setting the last applied indexto:(t:0, i:~)
2022-10-19 08:45:16,285 [pool-118-thread-1] INFO  server.RaftServerConfigKeys (ConfUtils.java:logGet(46)) - raft.server.log.use.memory = false (default)
2022-10-19 08:45:16,285 [pool-118-thread-1] INFO  server.RaftServerConfigKeys (ConfUtils.java:logGet(46)) - raft.server.log.purge.gap = 1000000 (custom)
2022-10-19 08:45:16,285 [pool-118-thread-1] INFO  server.RaftServerConfigKeys (ConfUtils.java:logGet(46)) - raft.server.log.appender.buffer.byte-limit = 33554432 (custom)
2022-10-19 08:45:16,285 [pool-118-thread-1] INFO  server.RaftServerConfigKeys (ConfUtils.java:logGet(46)) - raft.server.log.statemachine.data.read.timeout = 1000ms (default)
2022-10-19 08:45:16,285 [pool-118-thread-1] INFO  server.RaftServerConfigKeys (ConfUtils.java:logGet(46)) - raft.server.log.purge.preservation.log.num = 0 (default)
2022-10-19 08:45:16,285 [pool-118-thread-1] INFO  server.RaftServerConfigKeys (ConfUtils.java:logGet(46)) - raft.server.log.segment.size.max = 1048576 (custom)
2022-10-19 08:45:16,286 [pool-118-thread-1] INFO  server.RaftServerConfigKeys (ConfUtils.java:logGet(46)) - raft.server.log.segment.cache.num.max = 2 (custom)
2022-10-19 08:45:16,286 [pool-118-thread-1] INFO  server.RaftServerConfigKeys (ConfUtils.java:logGet(46)) - raft.server.log.segment.cache.size.max = 200MB (=209715200) (default)
2022-10-19 08:45:16,286 [pool-118-thread-1] INFO  segmented.SegmentedRaftLogWorker (SegmentedRaftLogWorker.java:<init>(191)) - new 9e7e10a2-763a-4a15-b149-6c921096d1eb@group-A1ACF68524AB-SegmentedRaftLogWorker for RaftStorageImpl:Storage Directory /home/runner/work/ozone/ozone/hadoop-ozone/integration-test/target/test-dir/MiniOzoneClusterImpl-43a13940-e4af-4545-ab6e-e590eff1efbb/datanode-2/data/ratis/903fd36a-8604-4e76-947b-a1acf68524ab
2022-10-19 08:45:16,286 [pool-118-thread-1] INFO  server.RaftServerConfigKeys (ConfUtils.java:logGet(46)) - raft.server.log.queue.byte-limit = 4294967296 (custom)
2022-10-19 08:45:16,286 [pool-118-thread-1] INFO  server.RaftServerConfigKeys (ConfUtils.java:logGet(46)) - raft.server.log.queue.element-limit = 1024 (custom)
2022-10-19 08:45:16,286 [pool-118-thread-1] INFO  server.RaftServerConfigKeys (ConfUtils.java:logGet(46)) - raft.server.log.segment.size.max = 1048576 (custom)
2022-10-19 08:45:16,286 [pool-118-thread-1] INFO  server.RaftServerConfigKeys (ConfUtils.java:logGet(46)) - raft.server.log.preallocated.size = 16384 (custom)
2022-10-19 08:45:16,286 [pool-118-thread-1] INFO  server.RaftServerConfigKeys (ConfUtils.java:logGet(46)) - raft.server.log.force.sync.num = 128 (default)
2022-10-19 08:45:16,286 [pool-118-thread-1] INFO  server.RaftServerConfigKeys (ConfUtils.java:logGet(46)) - raft.server.log.statemachine.data.sync = true (default)
2022-10-19 08:45:16,286 [pool-118-thread-1] INFO  server.RaftServerConfigKeys (ConfUtils.java:logGet(46)) - raft.server.log.statemachine.data.sync.timeout = 10s (default)
2022-10-19 08:45:16,287 [pool-118-thread-1] INFO  server.RaftServerConfigKeys (ConfUtils.java:logGet(46)) - raft.server.log.statemachine.data.sync.timeout.retry = -1 (default)
2022-10-19 08:45:16,291 [pool-118-thread-1] INFO  server.RaftServerConfigKeys (ConfUtils.java:logGet(46)) - raft.server.log.write.buffer.size = 1048576 (custom)
2022-10-19 08:45:16,291 [pool-118-thread-1] INFO  server.RaftServerConfigKeys (ConfUtils.java:logGet(46)) - raft.server.log.unsafe-flush.enabled = false (default)
2022-10-19 08:45:16,293 [EventQueue-OpenPipelineForHealthyPipelineSafeModeRule] INFO  safemode.SCMSafeModeManager (HealthyPipelineSafeModeRule.java:process(137)) - SCM in safe mode. Healthy pipelines reported count is 0, required healthy pipeline reported count is 1
2022-10-19 08:45:16,295 [pool-118-thread-1] INFO  server.RaftServerConfigKeys (ConfUtils.java:logGet(46)) - raft.server.log.async-flush.enabled = false (default)
2022-10-19 08:45:16,302 [pool-118-thread-1] INFO  server.RaftServerConfigKeys (ConfUtils.java:logGet(46)) - raft.server.log.statemachine.data.caching.enabled = true (custom)
2022-10-19 08:45:16,303 [pool-118-thread-1] INFO  segmented.SegmentedRaftLogWorker (SegmentedRaftLogWorker.java:lambda$new$0(136)) - 9e7e10a2-763a-4a15-b149-6c921096d1eb@group-A1ACF68524AB-SegmentedRaftLogWorker: flushIndex: setUnconditionally 0 -> -1
2022-10-19 08:45:16,303 [pool-118-thread-1] INFO  segmented.SegmentedRaftLogWorker (SegmentedRaftLogWorker.java:lambda$new$0(136)) - 9e7e10a2-763a-4a15-b149-6c921096d1eb@group-A1ACF68524AB-SegmentedRaftLogWorker: safeCacheEvictIndex: setUnconditionally 0 -> -1
2022-10-19 08:45:16,312 [pool-118-thread-1] INFO  server.RaftServer$Division (RaftServerImpl.java:start(334)) - 9e7e10a2-763a-4a15-b149-6c921096d1eb@group-A1ACF68524AB: start as a follower, conf=-1: peers:[91dae643-bef5-471c-869f-4daa43ea47b3|rpc:10.1.1.188:34857|dataStream:|priority:0|startupRole:FOLLOWER, 9e7e10a2-763a-4a15-b149-6c921096d1eb|rpc:10.1.1.188:43001|dataStream:|priority:0|startupRole:FOLLOWER, 96fa30cc-cc01-4af1-a161-c10c2afc2f22|rpc:10.1.1.188:43419|dataStream:|priority:1|startupRole:FOLLOWER]|listeners:[], old=null
2022-10-19 08:45:16,312 [pool-118-thread-1] INFO  server.RaftServer$Division (RaftServerImpl.java:setRole(321)) - 9e7e10a2-763a-4a15-b149-6c921096d1eb@group-A1ACF68524AB: changes role from      null to FOLLOWER at term 0 for startAsFollower
2022-10-19 08:45:16,312 [pool-118-thread-1] INFO  impl.RoleInfo (RoleInfo.java:updateAndGet(139)) - 9e7e10a2-763a-4a15-b149-6c921096d1eb: start 9e7e10a2-763a-4a15-b149-6c921096d1eb@group-A1ACF68524AB-FollowerState
2022-10-19 08:45:16,315 [pool-118-thread-1] INFO  util.JmxRegister (JmxRegister.java:tryRegister(44)) - Successfully registered JMX Bean with object name Ratis:service=RaftServer,group=group-A1ACF68524AB,id=9e7e10a2-763a-4a15-b149-6c921096d1eb
2022-10-19 08:45:16,315 [pool-118-thread-1] INFO  server.RaftServerConfigKeys (ConfUtils.java:logGet(46)) - raft.server.snapshot.auto.trigger.enabled = true (custom)
2022-10-19 08:45:16,315 [pool-118-thread-1] INFO  server.RaftServerConfigKeys (ConfUtils.java:logGet(46)) - raft.server.snapshot.auto.trigger.threshold = 10000 (custom)
2022-10-19 08:45:16,316 [pool-118-thread-1] INFO  server.RaftServerConfigKeys (ConfUtils.java:logGet(46)) - raft.server.snapshot.retention.file.num = 5 (custom)
2022-10-19 08:45:16,316 [pool-118-thread-1] INFO  server.RaftServerConfigKeys (ConfUtils.java:logGet(46)) - raft.server.log.purge.upto.snapshot.index = false (default)
2022-10-19 08:45:16,319 [9e7e10a2-763a-4a15-b149-6c921096d1eb@group-A1ACF68524AB-FollowerState] INFO  server.RaftServerConfigKeys (ConfUtils.java:logFallback(53)) - raft.server.rpc.first-election.timeout.min = 5s (fallback to raft.server.rpc.timeout.min)
2022-10-19 08:45:16,325 [9e7e10a2-763a-4a15-b149-6c921096d1eb@group-A1ACF68524AB-FollowerState] INFO  server.RaftServerConfigKeys (ConfUtils.java:logFallback(53)) - raft.server.rpc.first-election.timeout.max = 5200ms (fallback to raft.server.rpc.timeout.max)
2022-10-19 08:45:16,321 [pool-118-thread-1] INFO  server.RaftServer$Division (RaftServerImpl.java:<init>(195)) - 9e7e10a2-763a-4a15-b149-6c921096d1eb: new RaftServerImpl for group-F4CAB9577C1E:[91dae643-bef5-471c-869f-4daa43ea47b3|rpc:10.1.1.188:34857|priority:0|startupRole:FOLLOWER, 9e7e10a2-763a-4a15-b149-6c921096d1eb|rpc:10.1.1.188:43001|priority:1|startupRole:FOLLOWER, 96fa30cc-cc01-4af1-a161-c10c2afc2f22|rpc:10.1.1.188:43419|priority:0|startupRole:FOLLOWER] with ContainerStateMachine:uninitialized
2022-10-19 08:45:16,325 [pool-118-thread-1] INFO  server.RaftServerConfigKeys (ConfUtils.java:logGet(46)) - raft.server.rpc.timeout.min = 5s (custom)
2022-10-19 08:45:16,325 [pool-118-thread-1] INFO  server.RaftServerConfigKeys (ConfUtils.java:logGet(46)) - raft.server.rpc.timeout.max = 5200ms (custom)
2022-10-19 08:45:16,325 [pool-118-thread-1] INFO  server.RaftServerConfigKeys (ConfUtils.java:logGet(46)) - raft.server.rpc.sleep.time = 25ms (default)
2022-10-19 08:45:16,325 [pool-118-thread-1] INFO  server.RaftServerConfigKeys (ConfUtils.java:logGet(46)) - raft.server.rpc.slowness.timeout = 300s (custom)
2022-10-19 08:45:16,325 [pool-118-thread-1] INFO  server.RaftServerConfigKeys (ConfUtils.java:logGet(46)) - raft.server.leaderelection.leader.step-down.wait-time = 10s (default)
2022-10-19 08:45:16,325 [pool-118-thread-1] INFO  server.RaftServerConfigKeys (ConfUtils.java:logGet(46)) - raft.server.sleep.deviation.threshold = 300ms (default)
2022-10-19 08:45:16,325 [pool-118-thread-1] INFO  server.RaftServer$Division (ServerState.java:<init>(118)) - 9e7e10a2-763a-4a15-b149-6c921096d1eb@group-F4CAB9577C1E: ConfigurationManager, init=-1: peers:[91dae643-bef5-471c-869f-4daa43ea47b3|rpc:10.1.1.188:34857|priority:0|startupRole:FOLLOWER, 9e7e10a2-763a-4a15-b149-6c921096d1eb|rpc:10.1.1.188:43001|priority:1|startupRole:FOLLOWER, 96fa30cc-cc01-4af1-a161-c10c2afc2f22|rpc:10.1.1.188:43419|priority:0|startupRole:FOLLOWER]|listeners:[], old=null, confs=<EMPTY_MAP>
2022-10-19 08:45:16,325 [pool-118-thread-1] INFO  server.RaftServerConfigKeys (ConfUtils.java:logGet(46)) - raft.server.storage.dir = [/home/runner/work/ozone/ozone/hadoop-ozone/integration-test/target/test-dir/MiniOzoneClusterImpl-43a13940-e4af-4545-ab6e-e590eff1efbb/datanode-2/data/ratis] (custom)
2022-10-19 08:45:16,325 [pool-118-thread-1] INFO  server.RaftServerConfigKeys (ConfUtils.java:logGet(46)) - raft.server.log.corruption.policy = EXCEPTION (default)
2022-10-19 08:45:16,325 [pool-118-thread-1] INFO  server.RaftServerConfigKeys (ConfUtils.java:logGet(46)) - raft.server.storage.free-space.min = 0MB (=0) (default)
2022-10-19 08:45:16,326 [pool-118-thread-1] INFO  server.RaftServerConfigKeys (ConfUtils.java:logGet(46)) - raft.server.notification.no-leader.timeout = 300s (custom)
2022-10-19 08:45:16,326 [pool-118-thread-1] INFO  server.RaftServerConfigKeys (ConfUtils.java:logGet(46)) - raft.server.retrycache.expirytime = 600000ms (custom)
2022-10-19 08:45:16,326 [pool-118-thread-1] INFO  server.RaftServerConfigKeys (ConfUtils.java:logGet(46)) - raft.server.retrycache.statistics.expirytime = 100μs (default)
2022-10-19 08:45:16,327 [pool-118-thread-1] INFO  server.RaftServerConfigKeys (ConfUtils.java:logGet(46)) - raft.server.log.appender.install.snapshot.enabled = false (custom)
2022-10-19 08:45:16,327 [pool-118-thread-1] INFO  server.RaftServerConfigKeys (ConfUtils.java:logGet(46)) - raft.server.threadpool.server.cached = true (default)
2022-10-19 08:45:16,327 [pool-118-thread-1] INFO  server.RaftServerConfigKeys (ConfUtils.java:logGet(46)) - raft.server.threadpool.server.size = 0 (default)
2022-10-19 08:45:16,327 [pool-118-thread-1] INFO  server.RaftServerConfigKeys (ConfUtils.java:logGet(46)) - raft.server.threadpool.client.cached = true (default)
2022-10-19 08:45:16,328 [pool-118-thread-1] INFO  server.RaftServerConfigKeys (ConfUtils.java:logGet(46)) - raft.server.threadpool.client.size = 0 (default)
2022-10-19 08:45:16,330 [pool-118-thread-1] INFO  storage.RaftStorageDirectory (RaftStorageDirectoryImpl.java:analyzeStorage(137)) - The storage directory /home/runner/work/ozone/ozone/hadoop-ozone/integration-test/target/test-dir/MiniOzoneClusterImpl-43a13940-e4af-4545-ab6e-e590eff1efbb/datanode-2/data/ratis/fd292d6e-355d-4ed3-a3ba-f4cab9577c1e does not exist. Creating ...
2022-10-19 08:45:16,333 [pool-118-thread-1] INFO  storage.RaftStorageDirectory (RaftStorageDirectoryImpl.java:tryLock(231)) - Lock on /home/runner/work/ozone/ozone/hadoop-ozone/integration-test/target/test-dir/MiniOzoneClusterImpl-43a13940-e4af-4545-ab6e-e590eff1efbb/datanode-2/data/ratis/fd292d6e-355d-4ed3-a3ba-f4cab9577c1e/in_use.lock acquired by nodename 22270@fv-az447-90
2022-10-19 08:45:16,342 [pool-118-thread-1] INFO  storage.RaftStorage (RaftStorageImpl.java:format(96)) - Storage directory /home/runner/work/ozone/ozone/hadoop-ozone/integration-test/target/test-dir/MiniOzoneClusterImpl-43a13940-e4af-4545-ab6e-e590eff1efbb/datanode-2/data/ratis/fd292d6e-355d-4ed3-a3ba-f4cab9577c1e has been successfully formatted.
2022-10-19 08:45:16,342 [pool-118-thread-1] INFO  ratis.ContainerStateMachine (ContainerStateMachine.java:loadSnapshot(236)) - group-F4CAB9577C1E: The snapshot info is null. Setting the last applied indexto:(t:0, i:~)
2022-10-19 08:45:16,343 [pool-118-thread-1] INFO  server.RaftServerConfigKeys (ConfUtils.java:logGet(46)) - raft.server.log.use.memory = false (default)
2022-10-19 08:45:16,343 [pool-118-thread-1] INFO  server.RaftServerConfigKeys (ConfUtils.java:logGet(46)) - raft.server.log.purge.gap = 1000000 (custom)
2022-10-19 08:45:16,343 [pool-118-thread-1] INFO  server.RaftServerConfigKeys (ConfUtils.java:logGet(46)) - raft.server.log.appender.buffer.byte-limit = 33554432 (custom)
2022-10-19 08:45:16,343 [pool-118-thread-1] INFO  server.RaftServerConfigKeys (ConfUtils.java:logGet(46)) - raft.server.log.statemachine.data.read.timeout = 1000ms (default)
2022-10-19 08:45:16,343 [pool-118-thread-1] INFO  server.RaftServerConfigKeys (ConfUtils.java:logGet(46)) - raft.server.log.purge.preservation.log.num = 0 (default)
2022-10-19 08:45:16,343 [pool-118-thread-1] INFO  server.RaftServerConfigKeys (ConfUtils.java:logGet(46)) - raft.server.log.segment.size.max = 1048576 (custom)
2022-10-19 08:45:16,344 [pool-118-thread-1] INFO  server.RaftServerConfigKeys (ConfUtils.java:logGet(46)) - raft.server.log.segment.cache.num.max = 2 (custom)
2022-10-19 08:45:16,344 [pool-118-thread-1] INFO  server.RaftServerConfigKeys (ConfUtils.java:logGet(46)) - raft.server.log.segment.cache.size.max = 200MB (=209715200) (default)
2022-10-19 08:45:16,344 [pool-118-thread-1] INFO  segmented.SegmentedRaftLogWorker (SegmentedRaftLogWorker.java:<init>(191)) - new 9e7e10a2-763a-4a15-b149-6c921096d1eb@group-F4CAB9577C1E-SegmentedRaftLogWorker for RaftStorageImpl:Storage Directory /home/runner/work/ozone/ozone/hadoop-ozone/integration-test/target/test-dir/MiniOzoneClusterImpl-43a13940-e4af-4545-ab6e-e590eff1efbb/datanode-2/data/ratis/fd292d6e-355d-4ed3-a3ba-f4cab9577c1e
2022-10-19 08:45:16,344 [pool-118-thread-1] INFO  server.RaftServerConfigKeys (ConfUtils.java:logGet(46)) - raft.server.log.queue.byte-limit = 4294967296 (custom)
2022-10-19 08:45:16,344 [pool-118-thread-1] INFO  server.RaftServerConfigKeys (ConfUtils.java:logGet(46)) - raft.server.log.queue.element-limit = 1024 (custom)
2022-10-19 08:45:16,344 [pool-118-thread-1] INFO  server.RaftServerConfigKeys (ConfUtils.java:logGet(46)) - raft.server.log.segment.size.max = 1048576 (custom)
2022-10-19 08:45:16,344 [pool-118-thread-1] INFO  server.RaftServerConfigKeys (ConfUtils.java:logGet(46)) - raft.server.log.preallocated.size = 16384 (custom)
2022-10-19 08:45:16,344 [pool-118-thread-1] INFO  server.RaftServerConfigKeys (ConfUtils.java:logGet(46)) - raft.server.log.force.sync.num = 128 (default)
2022-10-19 08:45:16,344 [pool-118-thread-1] INFO  server.RaftServerConfigKeys (ConfUtils.java:logGet(46)) - raft.server.log.statemachine.data.sync = true (default)
2022-10-19 08:45:16,344 [pool-118-thread-1] INFO  server.RaftServerConfigKeys (ConfUtils.java:logGet(46)) - raft.server.log.statemachine.data.sync.timeout = 10s (default)
2022-10-19 08:45:16,344 [pool-118-thread-1] INFO  server.RaftServerConfigKeys (ConfUtils.java:logGet(46)) - raft.server.log.statemachine.data.sync.timeout.retry = -1 (default)
2022-10-19 08:45:16,346 [pool-118-thread-1] INFO  server.RaftServerConfigKeys (ConfUtils.java:logGet(46)) - raft.server.log.write.buffer.size = 1048576 (custom)
2022-10-19 08:45:16,347 [pool-118-thread-1] INFO  server.RaftServerConfigKeys (ConfUtils.java:logGet(46)) - raft.server.log.unsafe-flush.enabled = false (default)
2022-10-19 08:45:16,347 [pool-118-thread-1] INFO  server.RaftServerConfigKeys (ConfUtils.java:logGet(46)) - raft.server.log.async-flush.enabled = false (default)
2022-10-19 08:45:16,347 [pool-118-thread-1] INFO  server.RaftServerConfigKeys (ConfUtils.java:logGet(46)) - raft.server.log.statemachine.data.caching.enabled = true (custom)
2022-10-19 08:45:16,347 [pool-118-thread-1] INFO  segmented.SegmentedRaftLogWorker (SegmentedRaftLogWorker.java:lambda$new$0(136)) - 9e7e10a2-763a-4a15-b149-6c921096d1eb@group-F4CAB9577C1E-SegmentedRaftLogWorker: flushIndex: setUnconditionally 0 -> -1
2022-10-19 08:45:16,347 [pool-118-thread-1] INFO  segmented.SegmentedRaftLogWorker (SegmentedRaftLogWorker.java:lambda$new$0(136)) - 9e7e10a2-763a-4a15-b149-6c921096d1eb@group-F4CAB9577C1E-SegmentedRaftLogWorker: safeCacheEvictIndex: setUnconditionally 0 -> -1
2022-10-19 08:45:16,349 [pool-118-thread-1] INFO  server.RaftServer$Division (RaftServerImpl.java:start(334)) - 9e7e10a2-763a-4a15-b149-6c921096d1eb@group-F4CAB9577C1E: start as a follower, conf=-1: peers:[91dae643-bef5-471c-869f-4daa43ea47b3|rpc:10.1.1.188:34857|priority:0|startupRole:FOLLOWER, 9e7e10a2-763a-4a15-b149-6c921096d1eb|rpc:10.1.1.188:43001|priority:1|startupRole:FOLLOWER, 96fa30cc-cc01-4af1-a161-c10c2afc2f22|rpc:10.1.1.188:43419|priority:0|startupRole:FOLLOWER]|listeners:[], old=null
2022-10-19 08:45:16,349 [pool-118-thread-1] INFO  server.RaftServer$Division (RaftServerImpl.java:setRole(321)) - 9e7e10a2-763a-4a15-b149-6c921096d1eb@group-F4CAB9577C1E: changes role from      null to FOLLOWER at term 0 for startAsFollower
2022-10-19 08:45:16,349 [pool-118-thread-1] INFO  impl.RoleInfo (RoleInfo.java:updateAndGet(139)) - 9e7e10a2-763a-4a15-b149-6c921096d1eb: start 9e7e10a2-763a-4a15-b149-6c921096d1eb@group-F4CAB9577C1E-FollowerState
2022-10-19 08:45:16,349 [pool-118-thread-1] INFO  util.JmxRegister (JmxRegister.java:tryRegister(44)) - Successfully registered JMX Bean with object name Ratis:service=RaftServer,group=group-F4CAB9577C1E,id=9e7e10a2-763a-4a15-b149-6c921096d1eb
2022-10-19 08:45:16,349 [pool-118-thread-1] INFO  server.RaftServerConfigKeys (ConfUtils.java:logGet(46)) - raft.server.snapshot.auto.trigger.enabled = true (custom)
2022-10-19 08:45:16,349 [pool-118-thread-1] INFO  server.RaftServerConfigKeys (ConfUtils.java:logGet(46)) - raft.server.snapshot.auto.trigger.threshold = 10000 (custom)
2022-10-19 08:45:16,349 [pool-118-thread-1] INFO  server.RaftServerConfigKeys (ConfUtils.java:logGet(46)) - raft.server.snapshot.retention.file.num = 5 (custom)
2022-10-19 08:45:16,349 [pool-118-thread-1] INFO  server.RaftServerConfigKeys (ConfUtils.java:logGet(46)) - raft.server.log.purge.upto.snapshot.index = false (default)
2022-10-19 08:45:16,350 [9e7e10a2-763a-4a15-b149-6c921096d1eb@group-F4CAB9577C1E-FollowerState] INFO  server.RaftServerConfigKeys (ConfUtils.java:logFallback(53)) - raft.server.rpc.first-election.timeout.min = 5s (fallback to raft.server.rpc.timeout.min)
2022-10-19 08:45:16,359 [EventQueue-OpenPipelineForHealthyPipelineSafeModeRule] INFO  safemode.SCMSafeModeManager (HealthyPipelineSafeModeRule.java:process(137)) - SCM in safe mode. Healthy pipelines reported count is 0, required healthy pipeline reported count is 1
2022-10-19 08:45:16,359 [Command processor thread] INFO  ratis.XceiverServerRatis (XceiverServerRatis.java:addGroup(765)) - Created group PipelineID=fd292d6e-355d-4ed3-a3ba-f4cab9577c1e
2022-10-19 08:45:16,359 [9e7e10a2-763a-4a15-b149-6c921096d1eb@group-F4CAB9577C1E-FollowerState] INFO  server.RaftServerConfigKeys (ConfUtils.java:logFallback(53)) - raft.server.rpc.first-election.timeout.max = 5200ms (fallback to raft.server.rpc.timeout.max)
2022-10-19 08:45:16,415 [grpc-default-executor-1] INFO  server.RaftServer (RaftServerProxy.java:addNew(96)) - 91dae643-bef5-471c-869f-4daa43ea47b3: addNew group-F4CAB9577C1E:[91dae643-bef5-471c-869f-4daa43ea47b3|rpc:10.1.1.188:34857|dataStream:|priority:0|startupRole:FOLLOWER, 9e7e10a2-763a-4a15-b149-6c921096d1eb|rpc:10.1.1.188:43001|dataStream:|priority:1|startupRole:FOLLOWER, 96fa30cc-cc01-4af1-a161-c10c2afc2f22|rpc:10.1.1.188:43419|dataStream:|priority:0|startupRole:FOLLOWER] returns group-F4CAB9577C1E:java.util.concurrent.CompletableFuture@1e31e0b6[Not completed]
2022-10-19 08:45:16,418 [pool-95-thread-1] INFO  server.RaftServer$Division (RaftServerImpl.java:<init>(195)) - 91dae643-bef5-471c-869f-4daa43ea47b3: new RaftServerImpl for group-F4CAB9577C1E:[91dae643-bef5-471c-869f-4daa43ea47b3|rpc:10.1.1.188:34857|dataStream:|priority:0|startupRole:FOLLOWER, 9e7e10a2-763a-4a15-b149-6c921096d1eb|rpc:10.1.1.188:43001|dataStream:|priority:1|startupRole:FOLLOWER, 96fa30cc-cc01-4af1-a161-c10c2afc2f22|rpc:10.1.1.188:43419|dataStream:|priority:0|startupRole:FOLLOWER] with ContainerStateMachine:uninitialized
2022-10-19 08:45:16,418 [pool-95-thread-1] INFO  server.RaftServerConfigKeys (ConfUtils.java:logGet(46)) - raft.server.rpc.timeout.min = 5s (custom)
2022-10-19 08:45:16,418 [pool-95-thread-1] INFO  server.RaftServerConfigKeys (ConfUtils.java:logGet(46)) - raft.server.rpc.timeout.max = 5200ms (custom)
2022-10-19 08:45:16,419 [pool-95-thread-1] INFO  server.RaftServerConfigKeys (ConfUtils.java:logGet(46)) - raft.server.rpc.sleep.time = 25ms (default)
2022-10-19 08:45:16,419 [pool-95-thread-1] INFO  server.RaftServerConfigKeys (ConfUtils.java:logGet(46)) - raft.server.rpc.slowness.timeout = 300s (custom)
2022-10-19 08:45:16,419 [pool-95-thread-1] INFO  server.RaftServerConfigKeys (ConfUtils.java:logGet(46)) - raft.server.leaderelection.leader.step-down.wait-time = 10s (default)
2022-10-19 08:45:16,419 [pool-95-thread-1] INFO  server.RaftServerConfigKeys (ConfUtils.java:logGet(46)) - raft.server.sleep.deviation.threshold = 300ms (default)
2022-10-19 08:45:16,419 [pool-95-thread-1] INFO  server.RaftServer$Division (ServerState.java:<init>(118)) - 91dae643-bef5-471c-869f-4daa43ea47b3@group-F4CAB9577C1E: ConfigurationManager, init=-1: peers:[91dae643-bef5-471c-869f-4daa43ea47b3|rpc:10.1.1.188:34857|dataStream:|priority:0|startupRole:FOLLOWER, 9e7e10a2-763a-4a15-b149-6c921096d1eb|rpc:10.1.1.188:43001|dataStream:|priority:1|startupRole:FOLLOWER, 96fa30cc-cc01-4af1-a161-c10c2afc2f22|rpc:10.1.1.188:43419|dataStream:|priority:0|startupRole:FOLLOWER]|listeners:[], old=null, confs=<EMPTY_MAP>
2022-10-19 08:45:16,419 [pool-95-thread-1] INFO  server.RaftServerConfigKeys (ConfUtils.java:logGet(46)) - raft.server.storage.dir = [/home/runner/work/ozone/ozone/hadoop-ozone/integration-test/target/test-dir/MiniOzoneClusterImpl-43a13940-e4af-4545-ab6e-e590eff1efbb/datanode-1/data/ratis] (custom)
2022-10-19 08:45:16,419 [pool-95-thread-1] INFO  server.RaftServerConfigKeys (ConfUtils.java:logGet(46)) - raft.server.log.corruption.policy = EXCEPTION (default)
2022-10-19 08:45:16,419 [pool-95-thread-1] INFO  server.RaftServerConfigKeys (ConfUtils.java:logGet(46)) - raft.server.storage.free-space.min = 0MB (=0) (default)
2022-10-19 08:45:16,419 [pool-95-thread-1] INFO  server.RaftServerConfigKeys (ConfUtils.java:logGet(46)) - raft.server.notification.no-leader.timeout = 300s (custom)
2022-10-19 08:45:16,419 [pool-95-thread-1] INFO  server.RaftServerConfigKeys (ConfUtils.java:logGet(46)) - raft.server.retrycache.expirytime = 600000ms (custom)
2022-10-19 08:45:16,419 [pool-95-thread-1] INFO  server.RaftServerConfigKeys (ConfUtils.java:logGet(46)) - raft.server.retrycache.statistics.expirytime = 100μs (default)
2022-10-19 08:45:16,421 [pool-95-thread-1] INFO  server.RaftServerConfigKeys (ConfUtils.java:logGet(46)) - raft.server.log.appender.install.snapshot.enabled = false (custom)
2022-10-19 08:45:16,421 [pool-95-thread-1] INFO  server.RaftServerConfigKeys (ConfUtils.java:logGet(46)) - raft.server.threadpool.server.cached = true (default)
2022-10-19 08:45:16,422 [pool-95-thread-1] INFO  server.RaftServerConfigKeys (ConfUtils.java:logGet(46)) - raft.server.threadpool.server.size = 0 (default)
2022-10-19 08:45:16,422 [pool-95-thread-1] INFO  server.RaftServerConfigKeys (ConfUtils.java:logGet(46)) - raft.server.threadpool.client.cached = true (default)
2022-10-19 08:45:16,422 [pool-95-thread-1] INFO  server.RaftServerConfigKeys (ConfUtils.java:logGet(46)) - raft.server.threadpool.client.size = 0 (default)
2022-10-19 08:45:16,422 [pool-95-thread-1] INFO  storage.RaftStorageDirectory (RaftStorageDirectoryImpl.java:analyzeStorage(137)) - The storage directory /home/runner/work/ozone/ozone/hadoop-ozone/integration-test/target/test-dir/MiniOzoneClusterImpl-43a13940-e4af-4545-ab6e-e590eff1efbb/datanode-1/data/ratis/fd292d6e-355d-4ed3-a3ba-f4cab9577c1e does not exist. Creating ...
2022-10-19 08:45:16,424 [Command processor thread] INFO  commandhandler.CreatePipelineCommandHandler (CreatePipelineCommandHandler.java:handle(113)) - Created Pipeline RATIS THREE PipelineID=903fd36a-8604-4e76-947b-a1acf68524ab.
2022-10-19 08:45:16,424 [pool-95-thread-1] INFO  storage.RaftStorageDirectory (RaftStorageDirectoryImpl.java:tryLock(231)) - Lock on /home/runner/work/ozone/ozone/hadoop-ozone/integration-test/target/test-dir/MiniOzoneClusterImpl-43a13940-e4af-4545-ab6e-e590eff1efbb/datanode-1/data/ratis/fd292d6e-355d-4ed3-a3ba-f4cab9577c1e/in_use.lock acquired by nodename 22270@fv-az447-90
2022-10-19 08:45:16,427 [pool-95-thread-1] INFO  storage.RaftStorage (RaftStorageImpl.java:format(96)) - Storage directory /home/runner/work/ozone/ozone/hadoop-ozone/integration-test/target/test-dir/MiniOzoneClusterImpl-43a13940-e4af-4545-ab6e-e590eff1efbb/datanode-1/data/ratis/fd292d6e-355d-4ed3-a3ba-f4cab9577c1e has been successfully formatted.
2022-10-19 08:45:16,430 [pool-95-thread-1] INFO  ratis.ContainerStateMachine (ContainerStateMachine.java:loadSnapshot(236)) - group-F4CAB9577C1E: The snapshot info is null. Setting the last applied indexto:(t:0, i:~)
2022-10-19 08:45:16,430 [pool-95-thread-1] INFO  server.RaftServerConfigKeys (ConfUtils.java:logGet(46)) - raft.server.log.use.memory = false (default)
2022-10-19 08:45:16,431 [pool-95-thread-1] INFO  server.RaftServerConfigKeys (ConfUtils.java:logGet(46)) - raft.server.log.purge.gap = 1000000 (custom)
2022-10-19 08:45:16,431 [pool-95-thread-1] INFO  server.RaftServerConfigKeys (ConfUtils.java:logGet(46)) - raft.server.log.appender.buffer.byte-limit = 33554432 (custom)
2022-10-19 08:45:16,431 [pool-95-thread-1] INFO  server.RaftServerConfigKeys (ConfUtils.java:logGet(46)) - raft.server.log.statemachine.data.read.timeout = 1000ms (default)
2022-10-19 08:45:16,431 [pool-95-thread-1] INFO  server.RaftServerConfigKeys (ConfUtils.java:logGet(46)) - raft.server.log.purge.preservation.log.num = 0 (default)
2022-10-19 08:45:16,431 [pool-95-thread-1] INFO  server.RaftServerConfigKeys (ConfUtils.java:logGet(46)) - raft.server.log.segment.size.max = 1048576 (custom)
2022-10-19 08:45:16,432 [EventQueue-OpenPipelineForHealthyPipelineSafeModeRule] INFO  safemode.SCMSafeModeManager (HealthyPipelineSafeModeRule.java:process(137)) - SCM in safe mode. Healthy pipelines reported count is 0, required healthy pipeline reported count is 1
2022-10-19 08:45:16,436 [pool-95-thread-1] INFO  server.RaftServerConfigKeys (ConfUtils.java:logGet(46)) - raft.server.log.segment.cache.num.max = 2 (custom)
2022-10-19 08:45:16,436 [pool-95-thread-1] INFO  server.RaftServerConfigKeys (ConfUtils.java:logGet(46)) - raft.server.log.segment.cache.size.max = 200MB (=209715200) (default)
2022-10-19 08:45:16,436 [pool-95-thread-1] INFO  segmented.SegmentedRaftLogWorker (SegmentedRaftLogWorker.java:<init>(191)) - new 91dae643-bef5-471c-869f-4daa43ea47b3@group-F4CAB9577C1E-SegmentedRaftLogWorker for RaftStorageImpl:Storage Directory /home/runner/work/ozone/ozone/hadoop-ozone/integration-test/target/test-dir/MiniOzoneClusterImpl-43a13940-e4af-4545-ab6e-e590eff1efbb/datanode-1/data/ratis/fd292d6e-355d-4ed3-a3ba-f4cab9577c1e
2022-10-19 08:45:16,436 [pool-95-thread-1] INFO  server.RaftServerConfigKeys (ConfUtils.java:logGet(46)) - raft.server.log.queue.byte-limit = 4294967296 (custom)
2022-10-19 08:45:16,436 [pool-95-thread-1] INFO  server.RaftServerConfigKeys (ConfUtils.java:logGet(46)) - raft.server.log.queue.element-limit = 1024 (custom)
2022-10-19 08:45:16,436 [pool-95-thread-1] INFO  server.RaftServerConfigKeys (ConfUtils.java:logGet(46)) - raft.server.log.segment.size.max = 1048576 (custom)
2022-10-19 08:45:16,436 [pool-95-thread-1] INFO  server.RaftServerConfigKeys (ConfUtils.java:logGet(46)) - raft.server.log.preallocated.size = 16384 (custom)
2022-10-19 08:45:16,436 [pool-95-thread-1] INFO  server.RaftServerConfigKeys (ConfUtils.java:logGet(46)) - raft.server.log.force.sync.num = 128 (default)
2022-10-19 08:45:16,436 [pool-95-thread-1] INFO  server.RaftServerConfigKeys (ConfUtils.java:logGet(46)) - raft.server.log.statemachine.data.sync = true (default)
2022-10-19 08:45:16,436 [pool-95-thread-1] INFO  server.RaftServerConfigKeys (ConfUtils.java:logGet(46)) - raft.server.log.statemachine.data.sync.timeout = 10s (default)
2022-10-19 08:45:16,436 [pool-95-thread-1] INFO  server.RaftServerConfigKeys (ConfUtils.java:logGet(46)) - raft.server.log.statemachine.data.sync.timeout.retry = -1 (default)
2022-10-19 08:45:16,440 [pool-95-thread-1] INFO  server.RaftServerConfigKeys (ConfUtils.java:logGet(46)) - raft.server.log.write.buffer.size = 1048576 (custom)
2022-10-19 08:45:16,441 [pool-95-thread-1] INFO  server.RaftServerConfigKeys (ConfUtils.java:logGet(46)) - raft.server.log.unsafe-flush.enabled = false (default)
2022-10-19 08:45:16,441 [pool-95-thread-1] INFO  server.RaftServerConfigKeys (ConfUtils.java:logGet(46)) - raft.server.log.async-flush.enabled = false (default)
2022-10-19 08:45:16,441 [pool-95-thread-1] INFO  server.RaftServerConfigKeys (ConfUtils.java:logGet(46)) - raft.server.log.statemachine.data.caching.enabled = true (custom)
2022-10-19 08:45:16,442 [pool-95-thread-1] INFO  segmented.SegmentedRaftLogWorker (SegmentedRaftLogWorker.java:lambda$new$0(136)) - 91dae643-bef5-471c-869f-4daa43ea47b3@group-F4CAB9577C1E-SegmentedRaftLogWorker: flushIndex: setUnconditionally 0 -> -1
2022-10-19 08:45:16,442 [pool-95-thread-1] INFO  segmented.SegmentedRaftLogWorker (SegmentedRaftLogWorker.java:lambda$new$0(136)) - 91dae643-bef5-471c-869f-4daa43ea47b3@group-F4CAB9577C1E-SegmentedRaftLogWorker: safeCacheEvictIndex: setUnconditionally 0 -> -1
2022-10-19 08:45:16,442 [pool-95-thread-1] INFO  server.RaftServer$Division (RaftServerImpl.java:start(334)) - 91dae643-bef5-471c-869f-4daa43ea47b3@group-F4CAB9577C1E: start as a follower, conf=-1: peers:[91dae643-bef5-471c-869f-4daa43ea47b3|rpc:10.1.1.188:34857|dataStream:|priority:0|startupRole:FOLLOWER, 9e7e10a2-763a-4a15-b149-6c921096d1eb|rpc:10.1.1.188:43001|dataStream:|priority:1|startupRole:FOLLOWER, 96fa30cc-cc01-4af1-a161-c10c2afc2f22|rpc:10.1.1.188:43419|dataStream:|priority:0|startupRole:FOLLOWER]|listeners:[], old=null
2022-10-19 08:45:16,442 [pool-95-thread-1] INFO  server.RaftServer$Division (RaftServerImpl.java:setRole(321)) - 91dae643-bef5-471c-869f-4daa43ea47b3@group-F4CAB9577C1E: changes role from      null to FOLLOWER at term 0 for startAsFollower
2022-10-19 08:45:16,442 [pool-95-thread-1] INFO  impl.RoleInfo (RoleInfo.java:updateAndGet(139)) - 91dae643-bef5-471c-869f-4daa43ea47b3: start 91dae643-bef5-471c-869f-4daa43ea47b3@group-F4CAB9577C1E-FollowerState
2022-10-19 08:45:16,442 [pool-95-thread-1] INFO  util.JmxRegister (JmxRegister.java:tryRegister(44)) - Successfully registered JMX Bean with object name Ratis:service=RaftServer,group=group-F4CAB9577C1E,id=91dae643-bef5-471c-869f-4daa43ea47b3
2022-10-19 08:45:16,442 [pool-95-thread-1] INFO  server.RaftServerConfigKeys (ConfUtils.java:logGet(46)) - raft.server.snapshot.auto.trigger.enabled = true (custom)
2022-10-19 08:45:16,442 [pool-95-thread-1] INFO  server.RaftServerConfigKeys (ConfUtils.java:logGet(46)) - raft.server.snapshot.auto.trigger.threshold = 10000 (custom)
2022-10-19 08:45:16,442 [pool-95-thread-1] INFO  server.RaftServerConfigKeys (ConfUtils.java:logGet(46)) - raft.server.snapshot.retention.file.num = 5 (custom)
2022-10-19 08:45:16,443 [pool-95-thread-1] INFO  server.RaftServerConfigKeys (ConfUtils.java:logGet(46)) - raft.server.log.purge.upto.snapshot.index = false (default)
2022-10-19 08:45:16,443 [91dae643-bef5-471c-869f-4daa43ea47b3@group-F4CAB9577C1E-FollowerState] INFO  server.RaftServerConfigKeys (ConfUtils.java:logFallback(53)) - raft.server.rpc.first-election.timeout.min = 5s (fallback to raft.server.rpc.timeout.min)
2022-10-19 08:45:16,449 [91dae643-bef5-471c-869f-4daa43ea47b3@group-F4CAB9577C1E-FollowerState] INFO  server.RaftServerConfigKeys (ConfUtils.java:logFallback(53)) - raft.server.rpc.first-election.timeout.max = 5200ms (fallback to raft.server.rpc.timeout.max)
2022-10-19 08:45:16,489 [Command processor thread] INFO  commandhandler.CreatePipelineCommandHandler (CreatePipelineCommandHandler.java:handle(113)) - Created Pipeline RATIS THREE PipelineID=903fd36a-8604-4e76-947b-a1acf68524ab.
2022-10-19 08:45:16,489 [Command processor thread] INFO  server.RaftServer (RaftServerProxy.java:addNew(96)) - 96fa30cc-cc01-4af1-a161-c10c2afc2f22: addNew group-F4CAB9577C1E:[91dae643-bef5-471c-869f-4daa43ea47b3|rpc:10.1.1.188:34857|priority:0|startupRole:FOLLOWER, 9e7e10a2-763a-4a15-b149-6c921096d1eb|rpc:10.1.1.188:43001|priority:1|startupRole:FOLLOWER, 96fa30cc-cc01-4af1-a161-c10c2afc2f22|rpc:10.1.1.188:43419|priority:0|startupRole:FOLLOWER] returns group-F4CAB9577C1E:java.util.concurrent.CompletableFuture@1d892a83[Not completed]
2022-10-19 08:45:16,527 [pool-72-thread-1] INFO  server.RaftServer$Division (RaftServerImpl.java:<init>(195)) - 96fa30cc-cc01-4af1-a161-c10c2afc2f22: new RaftServerImpl for group-F4CAB9577C1E:[91dae643-bef5-471c-869f-4daa43ea47b3|rpc:10.1.1.188:34857|priority:0|startupRole:FOLLOWER, 9e7e10a2-763a-4a15-b149-6c921096d1eb|rpc:10.1.1.188:43001|priority:1|startupRole:FOLLOWER, 96fa30cc-cc01-4af1-a161-c10c2afc2f22|rpc:10.1.1.188:43419|priority:0|startupRole:FOLLOWER] with ContainerStateMachine:uninitialized
2022-10-19 08:45:16,531 [pool-72-thread-1] INFO  server.RaftServerConfigKeys (ConfUtils.java:logGet(46)) - raft.server.rpc.timeout.min = 5s (custom)
2022-10-19 08:45:16,531 [pool-72-thread-1] INFO  server.RaftServerConfigKeys (ConfUtils.java:logGet(46)) - raft.server.rpc.timeout.max = 5200ms (custom)
2022-10-19 08:45:16,531 [pool-72-thread-1] INFO  server.RaftServerConfigKeys (ConfUtils.java:logGet(46)) - raft.server.rpc.sleep.time = 25ms (default)
2022-10-19 08:45:16,531 [pool-72-thread-1] INFO  server.RaftServerConfigKeys (ConfUtils.java:logGet(46)) - raft.server.rpc.slowness.timeout = 300s (custom)
2022-10-19 08:45:16,531 [pool-72-thread-1] INFO  server.RaftServerConfigKeys (ConfUtils.java:logGet(46)) - raft.server.leaderelection.leader.step-down.wait-time = 10s (default)
2022-10-19 08:45:16,531 [pool-72-thread-1] INFO  server.RaftServerConfigKeys (ConfUtils.java:logGet(46)) - raft.server.sleep.deviation.threshold = 300ms (default)
2022-10-19 08:45:16,531 [pool-72-thread-1] INFO  server.RaftServer$Division (ServerState.java:<init>(118)) - 96fa30cc-cc01-4af1-a161-c10c2afc2f22@group-F4CAB9577C1E: ConfigurationManager, init=-1: peers:[91dae643-bef5-471c-869f-4daa43ea47b3|rpc:10.1.1.188:34857|priority:0|startupRole:FOLLOWER, 9e7e10a2-763a-4a15-b149-6c921096d1eb|rpc:10.1.1.188:43001|priority:1|startupRole:FOLLOWER, 96fa30cc-cc01-4af1-a161-c10c2afc2f22|rpc:10.1.1.188:43419|priority:0|startupRole:FOLLOWER]|listeners:[], old=null, confs=<EMPTY_MAP>
2022-10-19 08:45:16,531 [pool-72-thread-1] INFO  server.RaftServerConfigKeys (ConfUtils.java:logGet(46)) - raft.server.storage.dir = [/home/runner/work/ozone/ozone/hadoop-ozone/integration-test/target/test-dir/MiniOzoneClusterImpl-43a13940-e4af-4545-ab6e-e590eff1efbb/datanode-0/data/ratis] (custom)
2022-10-19 08:45:16,531 [pool-72-thread-1] INFO  server.RaftServerConfigKeys (ConfUtils.java:logGet(46)) - raft.server.log.corruption.policy = EXCEPTION (default)
2022-10-19 08:45:16,532 [pool-72-thread-1] INFO  server.RaftServerConfigKeys (ConfUtils.java:logGet(46)) - raft.server.storage.free-space.min = 0MB (=0) (default)
2022-10-19 08:45:16,532 [pool-72-thread-1] INFO  server.RaftServerConfigKeys (ConfUtils.java:logGet(46)) - raft.server.notification.no-leader.timeout = 300s (custom)
2022-10-19 08:45:16,532 [pool-72-thread-1] INFO  server.RaftServerConfigKeys (ConfUtils.java:logGet(46)) - raft.server.retrycache.expirytime = 600000ms (custom)
2022-10-19 08:45:16,532 [pool-72-thread-1] INFO  server.RaftServerConfigKeys (ConfUtils.java:logGet(46)) - raft.server.retrycache.statistics.expirytime = 100μs (default)
2022-10-19 08:45:16,534 [pool-72-thread-1] INFO  server.RaftServerConfigKeys (ConfUtils.java:logGet(46)) - raft.server.log.appender.install.snapshot.enabled = false (custom)
2022-10-19 08:45:16,535 [pool-72-thread-1] INFO  server.RaftServerConfigKeys (ConfUtils.java:logGet(46)) - raft.server.threadpool.server.cached = true (default)
2022-10-19 08:45:16,535 [pool-72-thread-1] INFO  server.RaftServerConfigKeys (ConfUtils.java:logGet(46)) - raft.server.threadpool.server.size = 0 (default)
2022-10-19 08:45:16,535 [pool-72-thread-1] INFO  server.RaftServerConfigKeys (ConfUtils.java:logGet(46)) - raft.server.threadpool.client.cached = true (default)
2022-10-19 08:45:16,535 [pool-72-thread-1] INFO  server.RaftServerConfigKeys (ConfUtils.java:logGet(46)) - raft.server.threadpool.client.size = 0 (default)
2022-10-19 08:45:16,535 [pool-72-thread-1] INFO  storage.RaftStorageDirectory (RaftStorageDirectoryImpl.java:analyzeStorage(137)) - The storage directory /home/runner/work/ozone/ozone/hadoop-ozone/integration-test/target/test-dir/MiniOzoneClusterImpl-43a13940-e4af-4545-ab6e-e590eff1efbb/datanode-0/data/ratis/fd292d6e-355d-4ed3-a3ba-f4cab9577c1e does not exist. Creating ...
2022-10-19 08:45:16,540 [pool-72-thread-1] INFO  storage.RaftStorageDirectory (RaftStorageDirectoryImpl.java:tryLock(231)) - Lock on /home/runner/work/ozone/ozone/hadoop-ozone/integration-test/target/test-dir/MiniOzoneClusterImpl-43a13940-e4af-4545-ab6e-e590eff1efbb/datanode-0/data/ratis/fd292d6e-355d-4ed3-a3ba-f4cab9577c1e/in_use.lock acquired by nodename 22270@fv-az447-90
2022-10-19 08:45:16,541 [pool-72-thread-1] INFO  storage.RaftStorage (RaftStorageImpl.java:format(96)) - Storage directory /home/runner/work/ozone/ozone/hadoop-ozone/integration-test/target/test-dir/MiniOzoneClusterImpl-43a13940-e4af-4545-ab6e-e590eff1efbb/datanode-0/data/ratis/fd292d6e-355d-4ed3-a3ba-f4cab9577c1e has been successfully formatted.
2022-10-19 08:45:16,542 [Command processor thread] INFO  server.RaftServer (RaftServerProxy.java:addNew(96)) - f675d99d-517f-4d8a-bd29-886eede0250d: addNew group-10C9AF99BEBA:[f675d99d-517f-4d8a-bd29-886eede0250d|rpc:10.1.1.188:37697|priority:1|startupRole:FOLLOWER] returns group-10C9AF99BEBA:java.util.concurrent.CompletableFuture@35375af[Not completed]
2022-10-19 08:45:16,542 [pool-72-thread-1] INFO  ratis.ContainerStateMachine (ContainerStateMachine.java:loadSnapshot(236)) - group-F4CAB9577C1E: The snapshot info is null. Setting the last applied indexto:(t:0, i:~)
2022-10-19 08:45:16,548 [pool-72-thread-1] INFO  server.RaftServerConfigKeys (ConfUtils.java:logGet(46)) - raft.server.log.use.memory = false (default)
2022-10-19 08:45:16,548 [pool-72-thread-1] INFO  server.RaftServerConfigKeys (ConfUtils.java:logGet(46)) - raft.server.log.purge.gap = 1000000 (custom)
2022-10-19 08:45:16,549 [pool-72-thread-1] INFO  server.RaftServerConfigKeys (ConfUtils.java:logGet(46)) - raft.server.log.appender.buffer.byte-limit = 33554432 (custom)
2022-10-19 08:45:16,549 [pool-72-thread-1] INFO  server.RaftServerConfigKeys (ConfUtils.java:logGet(46)) - raft.server.log.statemachine.data.read.timeout = 1000ms (default)
2022-10-19 08:45:16,549 [pool-72-thread-1] INFO  server.RaftServerConfigKeys (ConfUtils.java:logGet(46)) - raft.server.log.purge.preservation.log.num = 0 (default)
2022-10-19 08:45:16,549 [pool-72-thread-1] INFO  server.RaftServerConfigKeys (ConfUtils.java:logGet(46)) - raft.server.log.segment.size.max = 1048576 (custom)
2022-10-19 08:45:16,550 [pool-72-thread-1] INFO  server.RaftServerConfigKeys (ConfUtils.java:logGet(46)) - raft.server.log.segment.cache.num.max = 2 (custom)
2022-10-19 08:45:16,550 [pool-72-thread-1] INFO  server.RaftServerConfigKeys (ConfUtils.java:logGet(46)) - raft.server.log.segment.cache.size.max = 200MB (=209715200) (default)
2022-10-19 08:45:16,550 [pool-72-thread-1] INFO  segmented.SegmentedRaftLogWorker (SegmentedRaftLogWorker.java:<init>(191)) - new 96fa30cc-cc01-4af1-a161-c10c2afc2f22@group-F4CAB9577C1E-SegmentedRaftLogWorker for RaftStorageImpl:Storage Directory /home/runner/work/ozone/ozone/hadoop-ozone/integration-test/target/test-dir/MiniOzoneClusterImpl-43a13940-e4af-4545-ab6e-e590eff1efbb/datanode-0/data/ratis/fd292d6e-355d-4ed3-a3ba-f4cab9577c1e
2022-10-19 08:45:16,550 [pool-72-thread-1] INFO  server.RaftServerConfigKeys (ConfUtils.java:logGet(46)) - raft.server.log.queue.byte-limit = 4294967296 (custom)
2022-10-19 08:45:16,550 [pool-72-thread-1] INFO  server.RaftServerConfigKeys (ConfUtils.java:logGet(46)) - raft.server.log.queue.element-limit = 1024 (custom)
2022-10-19 08:45:16,550 [pool-72-thread-1] INFO  server.RaftServerConfigKeys (ConfUtils.java:logGet(46)) - raft.server.log.segment.size.max = 1048576 (custom)
2022-10-19 08:45:16,550 [pool-72-thread-1] INFO  server.RaftServerConfigKeys (ConfUtils.java:logGet(46)) - raft.server.log.preallocated.size = 16384 (custom)
2022-10-19 08:45:16,550 [pool-72-thread-1] INFO  server.RaftServerConfigKeys (ConfUtils.java:logGet(46)) - raft.server.log.force.sync.num = 128 (default)
2022-10-19 08:45:16,550 [pool-72-thread-1] INFO  server.RaftServerConfigKeys (ConfUtils.java:logGet(46)) - raft.server.log.statemachine.data.sync = true (default)
2022-10-19 08:45:16,550 [pool-72-thread-1] INFO  server.RaftServerConfigKeys (ConfUtils.java:logGet(46)) - raft.server.log.statemachine.data.sync.timeout = 10s (default)
2022-10-19 08:45:16,550 [pool-72-thread-1] INFO  server.RaftServerConfigKeys (ConfUtils.java:logGet(46)) - raft.server.log.statemachine.data.sync.timeout.retry = -1 (default)
2022-10-19 08:45:16,551 [pool-72-thread-1] INFO  server.RaftServerConfigKeys (ConfUtils.java:logGet(46)) - raft.server.log.write.buffer.size = 1048576 (custom)
2022-10-19 08:45:16,551 [pool-72-thread-1] INFO  server.RaftServerConfigKeys (ConfUtils.java:logGet(46)) - raft.server.log.unsafe-flush.enabled = false (default)
2022-10-19 08:45:16,552 [pool-72-thread-1] INFO  server.RaftServerConfigKeys (ConfUtils.java:logGet(46)) - raft.server.log.async-flush.enabled = false (default)
2022-10-19 08:45:16,552 [pool-72-thread-1] INFO  server.RaftServerConfigKeys (ConfUtils.java:logGet(46)) - raft.server.log.statemachine.data.caching.enabled = true (custom)
2022-10-19 08:45:16,552 [pool-72-thread-1] INFO  segmented.SegmentedRaftLogWorker (SegmentedRaftLogWorker.java:lambda$new$0(136)) - 96fa30cc-cc01-4af1-a161-c10c2afc2f22@group-F4CAB9577C1E-SegmentedRaftLogWorker: flushIndex: setUnconditionally 0 -> -1
2022-10-19 08:45:16,552 [pool-72-thread-1] INFO  segmented.SegmentedRaftLogWorker (SegmentedRaftLogWorker.java:lambda$new$0(136)) - 96fa30cc-cc01-4af1-a161-c10c2afc2f22@group-F4CAB9577C1E-SegmentedRaftLogWorker: safeCacheEvictIndex: setUnconditionally 0 -> -1
2022-10-19 08:45:16,555 [pool-72-thread-1] INFO  server.RaftServer$Division (RaftServerImpl.java:start(334)) - 96fa30cc-cc01-4af1-a161-c10c2afc2f22@group-F4CAB9577C1E: start as a follower, conf=-1: peers:[91dae643-bef5-471c-869f-4daa43ea47b3|rpc:10.1.1.188:34857|priority:0|startupRole:FOLLOWER, 9e7e10a2-763a-4a15-b149-6c921096d1eb|rpc:10.1.1.188:43001|priority:1|startupRole:FOLLOWER, 96fa30cc-cc01-4af1-a161-c10c2afc2f22|rpc:10.1.1.188:43419|priority:0|startupRole:FOLLOWER]|listeners:[], old=null
2022-10-19 08:45:16,555 [pool-72-thread-1] INFO  server.RaftServer$Division (RaftServerImpl.java:setRole(321)) - 96fa30cc-cc01-4af1-a161-c10c2afc2f22@group-F4CAB9577C1E: changes role from      null to FOLLOWER at term 0 for startAsFollower
2022-10-19 08:45:16,555 [pool-72-thread-1] INFO  impl.RoleInfo (RoleInfo.java:updateAndGet(139)) - 96fa30cc-cc01-4af1-a161-c10c2afc2f22: start 96fa30cc-cc01-4af1-a161-c10c2afc2f22@group-F4CAB9577C1E-FollowerState
2022-10-19 08:45:16,555 [pool-72-thread-1] INFO  util.JmxRegister (JmxRegister.java:tryRegister(44)) - Successfully registered JMX Bean with object name Ratis:service=RaftServer,group=group-F4CAB9577C1E,id=96fa30cc-cc01-4af1-a161-c10c2afc2f22
2022-10-19 08:45:16,555 [pool-72-thread-1] INFO  server.RaftServerConfigKeys (ConfUtils.java:logGet(46)) - raft.server.snapshot.auto.trigger.enabled = true (custom)
2022-10-19 08:45:16,556 [pool-72-thread-1] INFO  server.RaftServerConfigKeys (ConfUtils.java:logGet(46)) - raft.server.snapshot.auto.trigger.threshold = 10000 (custom)
2022-10-19 08:45:16,557 [pool-72-thread-1] INFO  server.RaftServerConfigKeys (ConfUtils.java:logGet(46)) - raft.server.snapshot.retention.file.num = 5 (custom)
2022-10-19 08:45:16,557 [pool-72-thread-1] INFO  server.RaftServerConfigKeys (ConfUtils.java:logGet(46)) - raft.server.log.purge.upto.snapshot.index = false (default)
2022-10-19 08:45:16,557 [EventQueue-OpenPipelineForHealthyPipelineSafeModeRule] INFO  safemode.SCMSafeModeManager (HealthyPipelineSafeModeRule.java:process(137)) - SCM in safe mode. Healthy pipelines reported count is 0, required healthy pipeline reported count is 1
2022-10-19 08:45:16,557 [96fa30cc-cc01-4af1-a161-c10c2afc2f22@group-F4CAB9577C1E-FollowerState] INFO  server.RaftServerConfigKeys (ConfUtils.java:logFallback(53)) - raft.server.rpc.first-election.timeout.min = 5s (fallback to raft.server.rpc.timeout.min)
2022-10-19 08:45:16,558 [96fa30cc-cc01-4af1-a161-c10c2afc2f22@group-F4CAB9577C1E-FollowerState] INFO  server.RaftServerConfigKeys (ConfUtils.java:logFallback(53)) - raft.server.rpc.first-election.timeout.max = 5200ms (fallback to raft.server.rpc.timeout.max)
2022-10-19 08:45:16,558 [Command processor thread] INFO  ratis.XceiverServerRatis (XceiverServerRatis.java:addGroup(765)) - Created group PipelineID=fd292d6e-355d-4ed3-a3ba-f4cab9577c1e
2022-10-19 08:45:16,564 [pool-141-thread-1] INFO  server.RaftServer$Division (RaftServerImpl.java:<init>(195)) - f675d99d-517f-4d8a-bd29-886eede0250d: new RaftServerImpl for group-10C9AF99BEBA:[f675d99d-517f-4d8a-bd29-886eede0250d|rpc:10.1.1.188:37697|priority:1|startupRole:FOLLOWER] with ContainerStateMachine:uninitialized
2022-10-19 08:45:16,564 [pool-141-thread-1] INFO  server.RaftServerConfigKeys (ConfUtils.java:logGet(46)) - raft.server.rpc.timeout.min = 5s (custom)
2022-10-19 08:45:16,564 [pool-141-thread-1] INFO  server.RaftServerConfigKeys (ConfUtils.java:logGet(46)) - raft.server.rpc.timeout.max = 5200ms (custom)
2022-10-19 08:45:16,564 [pool-141-thread-1] INFO  server.RaftServerConfigKeys (ConfUtils.java:logGet(46)) - raft.server.rpc.sleep.time = 25ms (default)
2022-10-19 08:45:16,564 [pool-141-thread-1] INFO  server.RaftServerConfigKeys (ConfUtils.java:logGet(46)) - raft.server.rpc.slowness.timeout = 300s (custom)
2022-10-19 08:45:16,564 [pool-141-thread-1] INFO  server.RaftServerConfigKeys (ConfUtils.java:logGet(46)) - raft.server.leaderelection.leader.step-down.wait-time = 10s (default)
2022-10-19 08:45:16,565 [pool-141-thread-1] INFO  server.RaftServerConfigKeys (ConfUtils.java:logGet(46)) - raft.server.sleep.deviation.threshold = 300ms (default)
2022-10-19 08:45:16,565 [pool-141-thread-1] INFO  server.RaftServer$Division (ServerState.java:<init>(118)) - f675d99d-517f-4d8a-bd29-886eede0250d@group-10C9AF99BEBA: ConfigurationManager, init=-1: peers:[f675d99d-517f-4d8a-bd29-886eede0250d|rpc:10.1.1.188:37697|priority:1|startupRole:FOLLOWER]|listeners:[], old=null, confs=<EMPTY_MAP>
2022-10-19 08:45:16,565 [pool-141-thread-1] INFO  server.RaftServerConfigKeys (ConfUtils.java:logGet(46)) - raft.server.storage.dir = [/home/runner/work/ozone/ozone/hadoop-ozone/integration-test/target/test-dir/MiniOzoneClusterImpl-43a13940-e4af-4545-ab6e-e590eff1efbb/datanode-3/data/ratis] (custom)
2022-10-19 08:45:16,565 [pool-141-thread-1] INFO  server.RaftServerConfigKeys (ConfUtils.java:logGet(46)) - raft.server.log.corruption.policy = EXCEPTION (default)
2022-10-19 08:45:16,565 [pool-141-thread-1] INFO  server.RaftServerConfigKeys (ConfUtils.java:logGet(46)) - raft.server.storage.free-space.min = 0MB (=0) (default)
2022-10-19 08:45:16,565 [pool-141-thread-1] INFO  server.RaftServerConfigKeys (ConfUtils.java:logGet(46)) - raft.server.notification.no-leader.timeout = 300s (custom)
2022-10-19 08:45:16,565 [pool-141-thread-1] INFO  server.RaftServerConfigKeys (ConfUtils.java:logGet(46)) - raft.server.retrycache.expirytime = 600000ms (custom)
2022-10-19 08:45:16,565 [pool-141-thread-1] INFO  server.RaftServerConfigKeys (ConfUtils.java:logGet(46)) - raft.server.retrycache.statistics.expirytime = 100μs (default)
2022-10-19 08:45:16,572 [pool-141-thread-1] INFO  server.RaftServerConfigKeys (ConfUtils.java:logGet(46)) - raft.server.log.appender.install.snapshot.enabled = false (custom)
2022-10-19 08:45:16,573 [pool-141-thread-1] INFO  server.RaftServerConfigKeys (ConfUtils.java:logGet(46)) - raft.server.threadpool.server.cached = true (default)
2022-10-19 08:45:16,573 [pool-141-thread-1] INFO  server.RaftServerConfigKeys (ConfUtils.java:logGet(46)) - raft.server.threadpool.server.size = 0 (default)
2022-10-19 08:45:16,573 [pool-141-thread-1] INFO  server.RaftServerConfigKeys (ConfUtils.java:logGet(46)) - raft.server.threadpool.client.cached = true (default)
2022-10-19 08:45:16,573 [pool-141-thread-1] INFO  server.RaftServerConfigKeys (ConfUtils.java:logGet(46)) - raft.server.threadpool.client.size = 0 (default)
2022-10-19 08:45:16,573 [pool-141-thread-1] INFO  storage.RaftStorageDirectory (RaftStorageDirectoryImpl.java:analyzeStorage(137)) - The storage directory /home/runner/work/ozone/ozone/hadoop-ozone/integration-test/target/test-dir/MiniOzoneClusterImpl-43a13940-e4af-4545-ab6e-e590eff1efbb/datanode-3/data/ratis/e6d98006-d2fa-4e72-8ef8-10c9af99beba does not exist. Creating ...
2022-10-19 08:45:16,575 [pool-141-thread-1] INFO  storage.RaftStorageDirectory (RaftStorageDirectoryImpl.java:tryLock(231)) - Lock on /home/runner/work/ozone/ozone/hadoop-ozone/integration-test/target/test-dir/MiniOzoneClusterImpl-43a13940-e4af-4545-ab6e-e590eff1efbb/datanode-3/data/ratis/e6d98006-d2fa-4e72-8ef8-10c9af99beba/in_use.lock acquired by nodename 22270@fv-az447-90
2022-10-19 08:45:16,582 [Command processor thread] INFO  commandhandler.CreatePipelineCommandHandler (CreatePipelineCommandHandler.java:handle(113)) - Created Pipeline RATIS THREE PipelineID=fd292d6e-355d-4ed3-a3ba-f4cab9577c1e.
2022-10-19 08:45:16,589 [pool-141-thread-1] INFO  storage.RaftStorage (RaftStorageImpl.java:format(96)) - Storage directory /home/runner/work/ozone/ozone/hadoop-ozone/integration-test/target/test-dir/MiniOzoneClusterImpl-43a13940-e4af-4545-ab6e-e590eff1efbb/datanode-3/data/ratis/e6d98006-d2fa-4e72-8ef8-10c9af99beba has been successfully formatted.
2022-10-19 08:45:16,589 [pool-141-thread-1] INFO  ratis.ContainerStateMachine (ContainerStateMachine.java:loadSnapshot(236)) - group-10C9AF99BEBA: The snapshot info is null. Setting the last applied indexto:(t:0, i:~)
2022-10-19 08:45:16,589 [pool-141-thread-1] INFO  server.RaftServerConfigKeys (ConfUtils.java:logGet(46)) - raft.server.log.use.memory = false (default)
2022-10-19 08:45:16,590 [pool-141-thread-1] INFO  server.RaftServerConfigKeys (ConfUtils.java:logGet(46)) - raft.server.log.purge.gap = 1000000 (custom)
2022-10-19 08:45:16,590 [pool-141-thread-1] INFO  server.RaftServerConfigKeys (ConfUtils.java:logGet(46)) - raft.server.log.appender.buffer.byte-limit = 33554432 (custom)
2022-10-19 08:45:16,590 [pool-141-thread-1] INFO  server.RaftServerConfigKeys (ConfUtils.java:logGet(46)) - raft.server.log.statemachine.data.read.timeout = 1000ms (default)
2022-10-19 08:45:16,590 [pool-141-thread-1] INFO  server.RaftServerConfigKeys (ConfUtils.java:logGet(46)) - raft.server.log.purge.preservation.log.num = 0 (default)
2022-10-19 08:45:16,590 [pool-141-thread-1] INFO  server.RaftServerConfigKeys (ConfUtils.java:logGet(46)) - raft.server.log.segment.size.max = 1048576 (custom)
2022-10-19 08:45:16,590 [pool-141-thread-1] INFO  server.RaftServerConfigKeys (ConfUtils.java:logGet(46)) - raft.server.log.segment.cache.num.max = 2 (custom)
2022-10-19 08:45:16,590 [pool-141-thread-1] INFO  server.RaftServerConfigKeys (ConfUtils.java:logGet(46)) - raft.server.log.segment.cache.size.max = 200MB (=209715200) (default)
2022-10-19 08:45:16,591 [pool-141-thread-1] INFO  segmented.SegmentedRaftLogWorker (SegmentedRaftLogWorker.java:<init>(191)) - new f675d99d-517f-4d8a-bd29-886eede0250d@group-10C9AF99BEBA-SegmentedRaftLogWorker for RaftStorageImpl:Storage Directory /home/runner/work/ozone/ozone/hadoop-ozone/integration-test/target/test-dir/MiniOzoneClusterImpl-43a13940-e4af-4545-ab6e-e590eff1efbb/datanode-3/data/ratis/e6d98006-d2fa-4e72-8ef8-10c9af99beba
2022-10-19 08:45:16,591 [pool-141-thread-1] INFO  server.RaftServerConfigKeys (ConfUtils.java:logGet(46)) - raft.server.log.queue.byte-limit = 4294967296 (custom)
2022-10-19 08:45:16,591 [pool-141-thread-1] INFO  server.RaftServerConfigKeys (ConfUtils.java:logGet(46)) - raft.server.log.queue.element-limit = 1024 (custom)
2022-10-19 08:45:16,591 [pool-141-thread-1] INFO  server.RaftServerConfigKeys (ConfUtils.java:logGet(46)) - raft.server.log.segment.size.max = 1048576 (custom)
2022-10-19 08:45:16,591 [pool-141-thread-1] INFO  server.RaftServerConfigKeys (ConfUtils.java:logGet(46)) - raft.server.log.preallocated.size = 16384 (custom)
2022-10-19 08:45:16,591 [pool-141-thread-1] INFO  server.RaftServerConfigKeys (ConfUtils.java:logGet(46)) - raft.server.log.force.sync.num = 128 (default)
2022-10-19 08:45:16,591 [pool-141-thread-1] INFO  server.RaftServerConfigKeys (ConfUtils.java:logGet(46)) - raft.server.log.statemachine.data.sync = true (default)
2022-10-19 08:45:16,591 [pool-141-thread-1] INFO  server.RaftServerConfigKeys (ConfUtils.java:logGet(46)) - raft.server.log.statemachine.data.sync.timeout = 10s (default)
2022-10-19 08:45:16,591 [pool-141-thread-1] INFO  server.RaftServerConfigKeys (ConfUtils.java:logGet(46)) - raft.server.log.statemachine.data.sync.timeout.retry = -1 (default)
2022-10-19 08:45:16,592 [EventQueue-PipelineReportForPipelineReportHandler] INFO  pipeline.PipelineManagerImpl (PipelineManagerImpl.java:openPipeline(367)) - Pipeline Pipeline[ Id: e6d98006-d2fa-4e72-8ef8-10c9af99beba, Nodes: f675d99d-517f-4d8a-bd29-886eede0250d{ip: 10.1.1.188, host: fv-az447-90.tnmeiuxxsqeu3byeydcnbj0j5d.dx.internal.cloudapp.net, ports: [REPLICATION=34861, RATIS=37697, RATIS_ADMIN=37697, RATIS_SERVER=37697, STANDALONE=41787], networkLocation: /default-rack, certSerialId: null, persistedOpState: IN_SERVICE, persistedOpStateExpiryEpochSec: 0}, ReplicationConfig: RATIS/ONE, State:ALLOCATED, leaderId:f675d99d-517f-4d8a-bd29-886eede0250d, CreationTimestamp2022-10-19T08:45:13.526Z[Etc/UTC]] moved to OPEN state
2022-10-19 08:45:16,592 [pool-141-thread-1] INFO  server.RaftServerConfigKeys (ConfUtils.java:logGet(46)) - raft.server.log.write.buffer.size = 1048576 (custom)
2022-10-19 08:45:16,592 [EventQueue-OpenPipelineForHealthyPipelineSafeModeRule] INFO  safemode.SCMSafeModeManager (HealthyPipelineSafeModeRule.java:process(137)) - SCM in safe mode. Healthy pipelines reported count is 0, required healthy pipeline reported count is 1
2022-10-19 08:45:16,594 [pool-141-thread-1] INFO  server.RaftServerConfigKeys (ConfUtils.java:logGet(46)) - raft.server.log.unsafe-flush.enabled = false (default)
2022-10-19 08:45:16,594 [pool-141-thread-1] INFO  server.RaftServerConfigKeys (ConfUtils.java:logGet(46)) - raft.server.log.async-flush.enabled = false (default)
2022-10-19 08:45:16,594 [pool-141-thread-1] INFO  server.RaftServerConfigKeys (ConfUtils.java:logGet(46)) - raft.server.log.statemachine.data.caching.enabled = true (custom)
2022-10-19 08:45:16,595 [pool-141-thread-1] INFO  segmented.SegmentedRaftLogWorker (SegmentedRaftLogWorker.java:lambda$new$0(136)) - f675d99d-517f-4d8a-bd29-886eede0250d@group-10C9AF99BEBA-SegmentedRaftLogWorker: flushIndex: setUnconditionally 0 -> -1
2022-10-19 08:45:16,595 [pool-141-thread-1] INFO  segmented.SegmentedRaftLogWorker (SegmentedRaftLogWorker.java:lambda$new$0(136)) - f675d99d-517f-4d8a-bd29-886eede0250d@group-10C9AF99BEBA-SegmentedRaftLogWorker: safeCacheEvictIndex: setUnconditionally 0 -> -1
2022-10-19 08:45:16,600 [pool-141-thread-1] INFO  server.RaftServer$Division (RaftServerImpl.java:start(334)) - f675d99d-517f-4d8a-bd29-886eede0250d@group-10C9AF99BEBA: start as a follower, conf=-1: peers:[f675d99d-517f-4d8a-bd29-886eede0250d|rpc:10.1.1.188:37697|priority:1|startupRole:FOLLOWER]|listeners:[], old=null
2022-10-19 08:45:16,600 [pool-141-thread-1] INFO  server.RaftServer$Division (RaftServerImpl.java:setRole(321)) - f675d99d-517f-4d8a-bd29-886eede0250d@group-10C9AF99BEBA: changes role from      null to FOLLOWER at term 0 for startAsFollower
2022-10-19 08:45:16,600 [pool-141-thread-1] INFO  impl.RoleInfo (RoleInfo.java:updateAndGet(139)) - f675d99d-517f-4d8a-bd29-886eede0250d: start f675d99d-517f-4d8a-bd29-886eede0250d@group-10C9AF99BEBA-FollowerState
2022-10-19 08:45:16,600 [pool-141-thread-1] INFO  util.JmxRegister (JmxRegister.java:tryRegister(44)) - Successfully registered JMX Bean with object name Ratis:service=RaftServer,group=group-10C9AF99BEBA,id=f675d99d-517f-4d8a-bd29-886eede0250d
2022-10-19 08:45:16,600 [pool-141-thread-1] INFO  server.RaftServerConfigKeys (ConfUtils.java:logGet(46)) - raft.server.snapshot.auto.trigger.enabled = true (custom)
2022-10-19 08:45:16,600 [pool-141-thread-1] INFO  server.RaftServerConfigKeys (ConfUtils.java:logGet(46)) - raft.server.snapshot.auto.trigger.threshold = 10000 (custom)
2022-10-19 08:45:16,600 [pool-141-thread-1] INFO  server.RaftServerConfigKeys (ConfUtils.java:logGet(46)) - raft.server.snapshot.retention.file.num = 5 (custom)
2022-10-19 08:45:16,600 [pool-141-thread-1] INFO  server.RaftServerConfigKeys (ConfUtils.java:logGet(46)) - raft.server.log.purge.upto.snapshot.index = false (default)
2022-10-19 08:45:16,602 [f675d99d-517f-4d8a-bd29-886eede0250d@group-10C9AF99BEBA-FollowerState] INFO  server.RaftServerConfigKeys (ConfUtils.java:logFallback(53)) - raft.server.rpc.first-election.timeout.min = 5s (fallback to raft.server.rpc.timeout.min)
2022-10-19 08:45:16,602 [f675d99d-517f-4d8a-bd29-886eede0250d@group-10C9AF99BEBA-FollowerState] INFO  server.RaftServerConfigKeys (ConfUtils.java:logFallback(53)) - raft.server.rpc.first-election.timeout.max = 5200ms (fallback to raft.server.rpc.timeout.max)
2022-10-19 08:45:16,608 [Command processor thread] INFO  ratis.XceiverServerRatis (XceiverServerRatis.java:addGroup(765)) - Created group PipelineID=e6d98006-d2fa-4e72-8ef8-10c9af99beba
2022-10-19 08:45:16,609 [Command processor thread] INFO  commandhandler.CreatePipelineCommandHandler (CreatePipelineCommandHandler.java:handle(113)) - Created Pipeline RATIS ONE PipelineID=e6d98006-d2fa-4e72-8ef8-10c9af99beba.
2022-10-19 08:45:16,609 [Command processor thread] INFO  server.RaftServer (RaftServerProxy.java:addNew(96)) - f675d99d-517f-4d8a-bd29-886eede0250d: addNew group-4054D80A22FC:[c61245f4-0084-4810-95a5-490d20dc424d|rpc:10.1.1.188:40855|priority:0|startupRole:FOLLOWER, f675d99d-517f-4d8a-bd29-886eede0250d|rpc:10.1.1.188:37697|priority:0|startupRole:FOLLOWER, 2de491c0-1905-4845-ada7-2a3c171f2066|rpc:10.1.1.188:45745|priority:1|startupRole:FOLLOWER] returns group-4054D80A22FC:java.util.concurrent.CompletableFuture@76cf11d[Not completed]
2022-10-19 08:45:16,610 [pool-141-thread-1] INFO  server.RaftServer$Division (RaftServerImpl.java:<init>(195)) - f675d99d-517f-4d8a-bd29-886eede0250d: new RaftServerImpl for group-4054D80A22FC:[c61245f4-0084-4810-95a5-490d20dc424d|rpc:10.1.1.188:40855|priority:0|startupRole:FOLLOWER, f675d99d-517f-4d8a-bd29-886eede0250d|rpc:10.1.1.188:37697|priority:0|startupRole:FOLLOWER, 2de491c0-1905-4845-ada7-2a3c171f2066|rpc:10.1.1.188:45745|priority:1|startupRole:FOLLOWER] with ContainerStateMachine:uninitialized
2022-10-19 08:45:16,610 [pool-141-thread-1] INFO  server.RaftServerConfigKeys (ConfUtils.java:logGet(46)) - raft.server.rpc.timeout.min = 5s (custom)
2022-10-19 08:45:16,611 [pool-141-thread-1] INFO  server.RaftServerConfigKeys (ConfUtils.java:logGet(46)) - raft.server.rpc.timeout.max = 5200ms (custom)
2022-10-19 08:45:16,611 [pool-141-thread-1] INFO  server.RaftServerConfigKeys (ConfUtils.java:logGet(46)) - raft.server.rpc.sleep.time = 25ms (default)
2022-10-19 08:45:16,611 [pool-141-thread-1] INFO  server.RaftServerConfigKeys (ConfUtils.java:logGet(46)) - raft.server.rpc.slowness.timeout = 300s (custom)
2022-10-19 08:45:16,611 [pool-141-thread-1] INFO  server.RaftServerConfigKeys (ConfUtils.java:logGet(46)) - raft.server.leaderelection.leader.step-down.wait-time = 10s (default)
2022-10-19 08:45:16,611 [pool-141-thread-1] INFO  server.RaftServerConfigKeys (ConfUtils.java:logGet(46)) - raft.server.sleep.deviation.threshold = 300ms (default)
2022-10-19 08:45:16,611 [pool-141-thread-1] INFO  server.RaftServer$Division (ServerState.java:<init>(118)) - f675d99d-517f-4d8a-bd29-886eede0250d@group-4054D80A22FC: ConfigurationManager, init=-1: peers:[c61245f4-0084-4810-95a5-490d20dc424d|rpc:10.1.1.188:40855|priority:0|startupRole:FOLLOWER, f675d99d-517f-4d8a-bd29-886eede0250d|rpc:10.1.1.188:37697|priority:0|startupRole:FOLLOWER, 2de491c0-1905-4845-ada7-2a3c171f2066|rpc:10.1.1.188:45745|priority:1|startupRole:FOLLOWER]|listeners:[], old=null, confs=<EMPTY_MAP>
2022-10-19 08:45:16,611 [pool-141-thread-1] INFO  server.RaftServerConfigKeys (ConfUtils.java:logGet(46)) - raft.server.storage.dir = [/home/runner/work/ozone/ozone/hadoop-ozone/integration-test/target/test-dir/MiniOzoneClusterImpl-43a13940-e4af-4545-ab6e-e590eff1efbb/datanode-3/data/ratis] (custom)
2022-10-19 08:45:16,611 [pool-141-thread-1] INFO  server.RaftServerConfigKeys (ConfUtils.java:logGet(46)) - raft.server.log.corruption.policy = EXCEPTION (default)
2022-10-19 08:45:16,611 [pool-141-thread-1] INFO  server.RaftServerConfigKeys (ConfUtils.java:logGet(46)) - raft.server.storage.free-space.min = 0MB (=0) (default)
2022-10-19 08:45:16,611 [pool-141-thread-1] INFO  server.RaftServerConfigKeys (ConfUtils.java:logGet(46)) - raft.server.notification.no-leader.timeout = 300s (custom)
2022-10-19 08:45:16,611 [pool-141-thread-1] INFO  server.RaftServerConfigKeys (ConfUtils.java:logGet(46)) - raft.server.retrycache.expirytime = 600000ms (custom)
2022-10-19 08:45:16,611 [pool-141-thread-1] INFO  server.RaftServerConfigKeys (ConfUtils.java:logGet(46)) - raft.server.retrycache.statistics.expirytime = 100μs (default)
2022-10-19 08:45:16,613 [pool-141-thread-1] INFO  server.RaftServerConfigKeys (ConfUtils.java:logGet(46)) - raft.server.log.appender.install.snapshot.enabled = false (custom)
2022-10-19 08:45:16,613 [pool-141-thread-1] INFO  server.RaftServerConfigKeys (ConfUtils.java:logGet(46)) - raft.server.threadpool.server.cached = true (default)
2022-10-19 08:45:16,613 [pool-141-thread-1] INFO  server.RaftServerConfigKeys (ConfUtils.java:logGet(46)) - raft.server.threadpool.server.size = 0 (default)
2022-10-19 08:45:16,613 [pool-141-thread-1] INFO  server.RaftServerConfigKeys (ConfUtils.java:logGet(46)) - raft.server.threadpool.client.cached = true (default)
2022-10-19 08:45:16,613 [pool-141-thread-1] INFO  server.RaftServerConfigKeys (ConfUtils.java:logGet(46)) - raft.server.threadpool.client.size = 0 (default)
2022-10-19 08:45:16,613 [pool-141-thread-1] INFO  storage.RaftStorageDirectory (RaftStorageDirectoryImpl.java:analyzeStorage(137)) - The storage directory /home/runner/work/ozone/ozone/hadoop-ozone/integration-test/target/test-dir/MiniOzoneClusterImpl-43a13940-e4af-4545-ab6e-e590eff1efbb/datanode-3/data/ratis/bac21aa7-d8c5-4602-b185-4054d80a22fc does not exist. Creating ...
2022-10-19 08:45:16,615 [pool-141-thread-1] INFO  storage.RaftStorageDirectory (RaftStorageDirectoryImpl.java:tryLock(231)) - Lock on /home/runner/work/ozone/ozone/hadoop-ozone/integration-test/target/test-dir/MiniOzoneClusterImpl-43a13940-e4af-4545-ab6e-e590eff1efbb/datanode-3/data/ratis/bac21aa7-d8c5-4602-b185-4054d80a22fc/in_use.lock acquired by nodename 22270@fv-az447-90
2022-10-19 08:45:16,617 [pool-141-thread-1] INFO  storage.RaftStorage (RaftStorageImpl.java:format(96)) - Storage directory /home/runner/work/ozone/ozone/hadoop-ozone/integration-test/target/test-dir/MiniOzoneClusterImpl-43a13940-e4af-4545-ab6e-e590eff1efbb/datanode-3/data/ratis/bac21aa7-d8c5-4602-b185-4054d80a22fc has been successfully formatted.
2022-10-19 08:45:16,618 [pool-141-thread-1] INFO  ratis.ContainerStateMachine (ContainerStateMachine.java:loadSnapshot(236)) - group-4054D80A22FC: The snapshot info is null. Setting the last applied indexto:(t:0, i:~)
2022-10-19 08:45:16,618 [pool-141-thread-1] INFO  server.RaftServerConfigKeys (ConfUtils.java:logGet(46)) - raft.server.log.use.memory = false (default)
2022-10-19 08:45:16,618 [pool-141-thread-1] INFO  server.RaftServerConfigKeys (ConfUtils.java:logGet(46)) - raft.server.log.purge.gap = 1000000 (custom)
2022-10-19 08:45:16,618 [pool-141-thread-1] INFO  server.RaftServerConfigKeys (ConfUtils.java:logGet(46)) - raft.server.log.appender.buffer.byte-limit = 33554432 (custom)
2022-10-19 08:45:16,618 [pool-141-thread-1] INFO  server.RaftServerConfigKeys (ConfUtils.java:logGet(46)) - raft.server.log.statemachine.data.read.timeout = 1000ms (default)
2022-10-19 08:45:16,618 [pool-141-thread-1] INFO  server.RaftServerConfigKeys (ConfUtils.java:logGet(46)) - raft.server.log.purge.preservation.log.num = 0 (default)
2022-10-19 08:45:16,618 [pool-141-thread-1] INFO  server.RaftServerConfigKeys (ConfUtils.java:logGet(46)) - raft.server.log.segment.size.max = 1048576 (custom)
2022-10-19 08:45:16,619 [pool-141-thread-1] INFO  server.RaftServerConfigKeys (ConfUtils.java:logGet(46)) - raft.server.log.segment.cache.num.max = 2 (custom)
2022-10-19 08:45:16,619 [pool-141-thread-1] INFO  server.RaftServerConfigKeys (ConfUtils.java:logGet(46)) - raft.server.log.segment.cache.size.max = 200MB (=209715200) (default)
2022-10-19 08:45:16,619 [pool-141-thread-1] INFO  segmented.SegmentedRaftLogWorker (SegmentedRaftLogWorker.java:<init>(191)) - new f675d99d-517f-4d8a-bd29-886eede0250d@group-4054D80A22FC-SegmentedRaftLogWorker for RaftStorageImpl:Storage Directory /home/runner/work/ozone/ozone/hadoop-ozone/integration-test/target/test-dir/MiniOzoneClusterImpl-43a13940-e4af-4545-ab6e-e590eff1efbb/datanode-3/data/ratis/bac21aa7-d8c5-4602-b185-4054d80a22fc
2022-10-19 08:45:16,619 [pool-141-thread-1] INFO  server.RaftServerConfigKeys (ConfUtils.java:logGet(46)) - raft.server.log.queue.byte-limit = 4294967296 (custom)
2022-10-19 08:45:16,619 [pool-141-thread-1] INFO  server.RaftServerConfigKeys (ConfUtils.java:logGet(46)) - raft.server.log.queue.element-limit = 1024 (custom)
2022-10-19 08:45:16,620 [pool-141-thread-1] INFO  server.RaftServerConfigKeys (ConfUtils.java:logGet(46)) - raft.server.log.segment.size.max = 1048576 (custom)
2022-10-19 08:45:16,620 [pool-141-thread-1] INFO  server.RaftServerConfigKeys (ConfUtils.java:logGet(46)) - raft.server.log.preallocated.size = 16384 (custom)
2022-10-19 08:45:16,620 [pool-141-thread-1] INFO  server.RaftServerConfigKeys (ConfUtils.java:logGet(46)) - raft.server.log.force.sync.num = 128 (default)
2022-10-19 08:45:16,620 [pool-141-thread-1] INFO  server.RaftServerConfigKeys (ConfUtils.java:logGet(46)) - raft.server.log.statemachine.data.sync = true (default)
2022-10-19 08:45:16,620 [pool-141-thread-1] INFO  server.RaftServerConfigKeys (ConfUtils.java:logGet(46)) - raft.server.log.statemachine.data.sync.timeout = 10s (default)
2022-10-19 08:45:16,620 [pool-141-thread-1] INFO  server.RaftServerConfigKeys (ConfUtils.java:logGet(46)) - raft.server.log.statemachine.data.sync.timeout.retry = -1 (default)
2022-10-19 08:45:16,620 [EventQueue-OpenPipelineForHealthyPipelineSafeModeRule] INFO  safemode.SCMSafeModeManager (HealthyPipelineSafeModeRule.java:process(137)) - SCM in safe mode. Healthy pipelines reported count is 0, required healthy pipeline reported count is 1
2022-10-19 08:45:16,622 [pool-141-thread-1] INFO  server.RaftServerConfigKeys (ConfUtils.java:logGet(46)) - raft.server.log.write.buffer.size = 1048576 (custom)
2022-10-19 08:45:16,626 [pool-141-thread-1] INFO  server.RaftServerConfigKeys (ConfUtils.java:logGet(46)) - raft.server.log.unsafe-flush.enabled = false (default)
2022-10-19 08:45:16,626 [pool-141-thread-1] INFO  server.RaftServerConfigKeys (ConfUtils.java:logGet(46)) - raft.server.log.async-flush.enabled = false (default)
2022-10-19 08:45:16,626 [pool-141-thread-1] INFO  server.RaftServerConfigKeys (ConfUtils.java:logGet(46)) - raft.server.log.statemachine.data.caching.enabled = true (custom)
2022-10-19 08:45:16,626 [pool-141-thread-1] INFO  segmented.SegmentedRaftLogWorker (SegmentedRaftLogWorker.java:lambda$new$0(136)) - f675d99d-517f-4d8a-bd29-886eede0250d@group-4054D80A22FC-SegmentedRaftLogWorker: flushIndex: setUnconditionally 0 -> -1
2022-10-19 08:45:16,626 [pool-141-thread-1] INFO  segmented.SegmentedRaftLogWorker (SegmentedRaftLogWorker.java:lambda$new$0(136)) - f675d99d-517f-4d8a-bd29-886eede0250d@group-4054D80A22FC-SegmentedRaftLogWorker: safeCacheEvictIndex: setUnconditionally 0 -> -1
2022-10-19 08:45:16,629 [pool-141-thread-1] INFO  server.RaftServer$Division (RaftServerImpl.java:start(334)) - f675d99d-517f-4d8a-bd29-886eede0250d@group-4054D80A22FC: start as a follower, conf=-1: peers:[c61245f4-0084-4810-95a5-490d20dc424d|rpc:10.1.1.188:40855|priority:0|startupRole:FOLLOWER, f675d99d-517f-4d8a-bd29-886eede0250d|rpc:10.1.1.188:37697|priority:0|startupRole:FOLLOWER, 2de491c0-1905-4845-ada7-2a3c171f2066|rpc:10.1.1.188:45745|priority:1|startupRole:FOLLOWER]|listeners:[], old=null
2022-10-19 08:45:16,629 [pool-141-thread-1] INFO  server.RaftServer$Division (RaftServerImpl.java:setRole(321)) - f675d99d-517f-4d8a-bd29-886eede0250d@group-4054D80A22FC: changes role from      null to FOLLOWER at term 0 for startAsFollower
2022-10-19 08:45:16,630 [pool-141-thread-1] INFO  impl.RoleInfo (RoleInfo.java:updateAndGet(139)) - f675d99d-517f-4d8a-bd29-886eede0250d: start f675d99d-517f-4d8a-bd29-886eede0250d@group-4054D80A22FC-FollowerState
2022-10-19 08:45:16,630 [pool-141-thread-1] INFO  util.JmxRegister (JmxRegister.java:tryRegister(44)) - Successfully registered JMX Bean with object name Ratis:service=RaftServer,group=group-4054D80A22FC,id=f675d99d-517f-4d8a-bd29-886eede0250d
2022-10-19 08:45:16,630 [pool-141-thread-1] INFO  server.RaftServerConfigKeys (ConfUtils.java:logGet(46)) - raft.server.snapshot.auto.trigger.enabled = true (custom)
2022-10-19 08:45:16,630 [pool-141-thread-1] INFO  server.RaftServerConfigKeys (ConfUtils.java:logGet(46)) - raft.server.snapshot.auto.trigger.threshold = 10000 (custom)
2022-10-19 08:45:16,630 [pool-141-thread-1] INFO  server.RaftServerConfigKeys (ConfUtils.java:logGet(46)) - raft.server.snapshot.retention.file.num = 5 (custom)
2022-10-19 08:45:16,630 [pool-141-thread-1] INFO  server.RaftServerConfigKeys (ConfUtils.java:logGet(46)) - raft.server.log.purge.upto.snapshot.index = false (default)
2022-10-19 08:45:16,631 [f675d99d-517f-4d8a-bd29-886eede0250d@group-4054D80A22FC-FollowerState] INFO  server.RaftServerConfigKeys (ConfUtils.java:logFallback(53)) - raft.server.rpc.first-election.timeout.min = 5s (fallback to raft.server.rpc.timeout.min)
2022-10-19 08:45:16,631 [f675d99d-517f-4d8a-bd29-886eede0250d@group-4054D80A22FC-FollowerState] INFO  server.RaftServerConfigKeys (ConfUtils.java:logFallback(53)) - raft.server.rpc.first-election.timeout.max = 5200ms (fallback to raft.server.rpc.timeout.max)
2022-10-19 08:45:16,631 [Command processor thread] INFO  ratis.XceiverServerRatis (XceiverServerRatis.java:addGroup(765)) - Created group PipelineID=bac21aa7-d8c5-4602-b185-4054d80a22fc
2022-10-19 08:45:16,652 [grpc-default-executor-1] INFO  server.RaftServer (RaftServerProxy.java:addNew(96)) - 2de491c0-1905-4845-ada7-2a3c171f2066: addNew group-4054D80A22FC:[c61245f4-0084-4810-95a5-490d20dc424d|rpc:10.1.1.188:40855|dataStream:|priority:0|startupRole:FOLLOWER, f675d99d-517f-4d8a-bd29-886eede0250d|rpc:10.1.1.188:37697|dataStream:|priority:0|startupRole:FOLLOWER, 2de491c0-1905-4845-ada7-2a3c171f2066|rpc:10.1.1.188:45745|dataStream:|priority:1|startupRole:FOLLOWER] returns group-4054D80A22FC:java.util.concurrent.CompletableFuture@4adf3453[Not completed]
2022-10-19 08:45:16,657 [pool-187-thread-1] INFO  server.RaftServer$Division (RaftServerImpl.java:<init>(195)) - 2de491c0-1905-4845-ada7-2a3c171f2066: new RaftServerImpl for group-4054D80A22FC:[c61245f4-0084-4810-95a5-490d20dc424d|rpc:10.1.1.188:40855|dataStream:|priority:0|startupRole:FOLLOWER, f675d99d-517f-4d8a-bd29-886eede0250d|rpc:10.1.1.188:37697|dataStream:|priority:0|startupRole:FOLLOWER, 2de491c0-1905-4845-ada7-2a3c171f2066|rpc:10.1.1.188:45745|dataStream:|priority:1|startupRole:FOLLOWER] with ContainerStateMachine:uninitialized
2022-10-19 08:45:16,657 [pool-187-thread-1] INFO  server.RaftServerConfigKeys (ConfUtils.java:logGet(46)) - raft.server.rpc.timeout.min = 5s (custom)
2022-10-19 08:45:16,657 [pool-187-thread-1] INFO  server.RaftServerConfigKeys (ConfUtils.java:logGet(46)) - raft.server.rpc.timeout.max = 5200ms (custom)
2022-10-19 08:45:16,657 [pool-187-thread-1] INFO  server.RaftServerConfigKeys (ConfUtils.java:logGet(46)) - raft.server.rpc.sleep.time = 25ms (default)
2022-10-19 08:45:16,657 [pool-187-thread-1] INFO  server.RaftServerConfigKeys (ConfUtils.java:logGet(46)) - raft.server.rpc.slowness.timeout = 300s (custom)
2022-10-19 08:45:16,657 [pool-187-thread-1] INFO  server.RaftServerConfigKeys (ConfUtils.java:logGet(46)) - raft.server.leaderelection.leader.step-down.wait-time = 10s (default)
2022-10-19 08:45:16,658 [pool-187-thread-1] INFO  server.RaftServerConfigKeys (ConfUtils.java:logGet(46)) - raft.server.sleep.deviation.threshold = 300ms (default)
2022-10-19 08:45:16,658 [pool-187-thread-1] INFO  server.RaftServer$Division (ServerState.java:<init>(118)) - 2de491c0-1905-4845-ada7-2a3c171f2066@group-4054D80A22FC: ConfigurationManager, init=-1: peers:[c61245f4-0084-4810-95a5-490d20dc424d|rpc:10.1.1.188:40855|dataStream:|priority:0|startupRole:FOLLOWER, f675d99d-517f-4d8a-bd29-886eede0250d|rpc:10.1.1.188:37697|dataStream:|priority:0|startupRole:FOLLOWER, 2de491c0-1905-4845-ada7-2a3c171f2066|rpc:10.1.1.188:45745|dataStream:|priority:1|startupRole:FOLLOWER]|listeners:[], old=null, confs=<EMPTY_MAP>
2022-10-19 08:45:16,658 [pool-187-thread-1] INFO  server.RaftServerConfigKeys (ConfUtils.java:logGet(46)) - raft.server.storage.dir = [/home/runner/work/ozone/ozone/hadoop-ozone/integration-test/target/test-dir/MiniOzoneClusterImpl-43a13940-e4af-4545-ab6e-e590eff1efbb/datanode-5/data/ratis] (custom)
2022-10-19 08:45:16,658 [pool-187-thread-1] INFO  server.RaftServerConfigKeys (ConfUtils.java:logGet(46)) - raft.server.log.corruption.policy = EXCEPTION (default)
2022-10-19 08:45:16,658 [pool-187-thread-1] INFO  server.RaftServerConfigKeys (ConfUtils.java:logGet(46)) - raft.server.storage.free-space.min = 0MB (=0) (default)
2022-10-19 08:45:16,658 [pool-187-thread-1] INFO  server.RaftServerConfigKeys (ConfUtils.java:logGet(46)) - raft.server.notification.no-leader.timeout = 300s (custom)
2022-10-19 08:45:16,658 [pool-187-thread-1] INFO  server.RaftServerConfigKeys (ConfUtils.java:logGet(46)) - raft.server.retrycache.expirytime = 600000ms (custom)
2022-10-19 08:45:16,658 [pool-187-thread-1] INFO  server.RaftServerConfigKeys (ConfUtils.java:logGet(46)) - raft.server.retrycache.statistics.expirytime = 100μs (default)
2022-10-19 08:45:16,665 [pool-187-thread-1] INFO  server.RaftServerConfigKeys (ConfUtils.java:logGet(46)) - raft.server.log.appender.install.snapshot.enabled = false (custom)
2022-10-19 08:45:16,665 [pool-187-thread-1] INFO  server.RaftServerConfigKeys (ConfUtils.java:logGet(46)) - raft.server.threadpool.server.cached = true (default)
2022-10-19 08:45:16,665 [pool-187-thread-1] INFO  server.RaftServerConfigKeys (ConfUtils.java:logGet(46)) - raft.server.threadpool.server.size = 0 (default)
2022-10-19 08:45:16,665 [pool-187-thread-1] INFO  server.RaftServerConfigKeys (ConfUtils.java:logGet(46)) - raft.server.threadpool.client.cached = true (default)
2022-10-19 08:45:16,666 [pool-187-thread-1] INFO  server.RaftServerConfigKeys (ConfUtils.java:logGet(46)) - raft.server.threadpool.client.size = 0 (default)
2022-10-19 08:45:16,666 [pool-187-thread-1] INFO  storage.RaftStorageDirectory (RaftStorageDirectoryImpl.java:analyzeStorage(137)) - The storage directory /home/runner/work/ozone/ozone/hadoop-ozone/integration-test/target/test-dir/MiniOzoneClusterImpl-43a13940-e4af-4545-ab6e-e590eff1efbb/datanode-5/data/ratis/bac21aa7-d8c5-4602-b185-4054d80a22fc does not exist. Creating ...
2022-10-19 08:45:16,667 [pool-187-thread-1] INFO  storage.RaftStorageDirectory (RaftStorageDirectoryImpl.java:tryLock(231)) - Lock on /home/runner/work/ozone/ozone/hadoop-ozone/integration-test/target/test-dir/MiniOzoneClusterImpl-43a13940-e4af-4545-ab6e-e590eff1efbb/datanode-5/data/ratis/bac21aa7-d8c5-4602-b185-4054d80a22fc/in_use.lock acquired by nodename 22270@fv-az447-90
2022-10-19 08:45:16,671 [pool-187-thread-1] INFO  storage.RaftStorage (RaftStorageImpl.java:format(96)) - Storage directory /home/runner/work/ozone/ozone/hadoop-ozone/integration-test/target/test-dir/MiniOzoneClusterImpl-43a13940-e4af-4545-ab6e-e590eff1efbb/datanode-5/data/ratis/bac21aa7-d8c5-4602-b185-4054d80a22fc has been successfully formatted.
2022-10-19 08:45:16,672 [pool-187-thread-1] INFO  ratis.ContainerStateMachine (ContainerStateMachine.java:loadSnapshot(236)) - group-4054D80A22FC: The snapshot info is null. Setting the last applied indexto:(t:0, i:~)
2022-10-19 08:45:16,672 [pool-187-thread-1] INFO  server.RaftServerConfigKeys (ConfUtils.java:logGet(46)) - raft.server.log.use.memory = false (default)
2022-10-19 08:45:16,672 [pool-187-thread-1] INFO  server.RaftServerConfigKeys (ConfUtils.java:logGet(46)) - raft.server.log.purge.gap = 1000000 (custom)
2022-10-19 08:45:16,674 [pool-187-thread-1] INFO  server.RaftServerConfigKeys (ConfUtils.java:logGet(46)) - raft.server.log.appender.buffer.byte-limit = 33554432 (custom)
2022-10-19 08:45:16,674 [pool-187-thread-1] INFO  server.RaftServerConfigKeys (ConfUtils.java:logGet(46)) - raft.server.log.statemachine.data.read.timeout = 1000ms (default)
2022-10-19 08:45:16,674 [pool-187-thread-1] INFO  server.RaftServerConfigKeys (ConfUtils.java:logGet(46)) - raft.server.log.purge.preservation.log.num = 0 (default)
2022-10-19 08:45:16,675 [pool-187-thread-1] INFO  server.RaftServerConfigKeys (ConfUtils.java:logGet(46)) - raft.server.log.segment.size.max = 1048576 (custom)
2022-10-19 08:45:16,675 [pool-187-thread-1] INFO  server.RaftServerConfigKeys (ConfUtils.java:logGet(46)) - raft.server.log.segment.cache.num.max = 2 (custom)
2022-10-19 08:45:16,675 [pool-187-thread-1] INFO  server.RaftServerConfigKeys (ConfUtils.java:logGet(46)) - raft.server.log.segment.cache.size.max = 200MB (=209715200) (default)
2022-10-19 08:45:16,675 [pool-187-thread-1] INFO  segmented.SegmentedRaftLogWorker (SegmentedRaftLogWorker.java:<init>(191)) - new 2de491c0-1905-4845-ada7-2a3c171f2066@group-4054D80A22FC-SegmentedRaftLogWorker for RaftStorageImpl:Storage Directory /home/runner/work/ozone/ozone/hadoop-ozone/integration-test/target/test-dir/MiniOzoneClusterImpl-43a13940-e4af-4545-ab6e-e590eff1efbb/datanode-5/data/ratis/bac21aa7-d8c5-4602-b185-4054d80a22fc
2022-10-19 08:45:16,684 [pool-187-thread-1] INFO  server.RaftServerConfigKeys (ConfUtils.java:logGet(46)) - raft.server.log.queue.byte-limit = 4294967296 (custom)
2022-10-19 08:45:16,684 [pool-187-thread-1] INFO  server.RaftServerConfigKeys (ConfUtils.java:logGet(46)) - raft.server.log.queue.element-limit = 1024 (custom)
2022-10-19 08:45:16,684 [pool-187-thread-1] INFO  server.RaftServerConfigKeys (ConfUtils.java:logGet(46)) - raft.server.log.segment.size.max = 1048576 (custom)
2022-10-19 08:45:16,684 [pool-187-thread-1] INFO  server.RaftServerConfigKeys (ConfUtils.java:logGet(46)) - raft.server.log.preallocated.size = 16384 (custom)
2022-10-19 08:45:16,684 [pool-187-thread-1] INFO  server.RaftServerConfigKeys (ConfUtils.java:logGet(46)) - raft.server.log.force.sync.num = 128 (default)
2022-10-19 08:45:16,684 [pool-187-thread-1] INFO  server.RaftServerConfigKeys (ConfUtils.java:logGet(46)) - raft.server.log.statemachine.data.sync = true (default)
2022-10-19 08:45:16,684 [pool-187-thread-1] INFO  server.RaftServerConfigKeys (ConfUtils.java:logGet(46)) - raft.server.log.statemachine.data.sync.timeout = 10s (default)
2022-10-19 08:45:16,684 [Command processor thread] INFO  commandhandler.CreatePipelineCommandHandler (CreatePipelineCommandHandler.java:handle(113)) - Created Pipeline RATIS THREE PipelineID=fd292d6e-355d-4ed3-a3ba-f4cab9577c1e.
2022-10-19 08:45:16,684 [pool-187-thread-1] INFO  server.RaftServerConfigKeys (ConfUtils.java:logGet(46)) - raft.server.log.statemachine.data.sync.timeout.retry = -1 (default)
2022-10-19 08:45:16,687 [pool-187-thread-1] INFO  server.RaftServerConfigKeys (ConfUtils.java:logGet(46)) - raft.server.log.write.buffer.size = 1048576 (custom)
2022-10-19 08:45:16,688 [pool-187-thread-1] INFO  server.RaftServerConfigKeys (ConfUtils.java:logGet(46)) - raft.server.log.unsafe-flush.enabled = false (default)
2022-10-19 08:45:16,688 [pool-187-thread-1] INFO  server.RaftServerConfigKeys (ConfUtils.java:logGet(46)) - raft.server.log.async-flush.enabled = false (default)
2022-10-19 08:45:16,688 [pool-187-thread-1] INFO  server.RaftServerConfigKeys (ConfUtils.java:logGet(46)) - raft.server.log.statemachine.data.caching.enabled = true (custom)
2022-10-19 08:45:16,689 [pool-187-thread-1] INFO  segmented.SegmentedRaftLogWorker (SegmentedRaftLogWorker.java:lambda$new$0(136)) - 2de491c0-1905-4845-ada7-2a3c171f2066@group-4054D80A22FC-SegmentedRaftLogWorker: flushIndex: setUnconditionally 0 -> -1
2022-10-19 08:45:16,689 [pool-187-thread-1] INFO  segmented.SegmentedRaftLogWorker (SegmentedRaftLogWorker.java:lambda$new$0(136)) - 2de491c0-1905-4845-ada7-2a3c171f2066@group-4054D80A22FC-SegmentedRaftLogWorker: safeCacheEvictIndex: setUnconditionally 0 -> -1
2022-10-19 08:45:16,689 [pool-187-thread-1] INFO  server.RaftServer$Division (RaftServerImpl.java:start(334)) - 2de491c0-1905-4845-ada7-2a3c171f2066@group-4054D80A22FC: start as a follower, conf=-1: peers:[c61245f4-0084-4810-95a5-490d20dc424d|rpc:10.1.1.188:40855|dataStream:|priority:0|startupRole:FOLLOWER, f675d99d-517f-4d8a-bd29-886eede0250d|rpc:10.1.1.188:37697|dataStream:|priority:0|startupRole:FOLLOWER, 2de491c0-1905-4845-ada7-2a3c171f2066|rpc:10.1.1.188:45745|dataStream:|priority:1|startupRole:FOLLOWER]|listeners:[], old=null
2022-10-19 08:45:16,689 [pool-187-thread-1] INFO  server.RaftServer$Division (RaftServerImpl.java:setRole(321)) - 2de491c0-1905-4845-ada7-2a3c171f2066@group-4054D80A22FC: changes role from      null to FOLLOWER at term 0 for startAsFollower
2022-10-19 08:45:16,689 [pool-187-thread-1] INFO  impl.RoleInfo (RoleInfo.java:updateAndGet(139)) - 2de491c0-1905-4845-ada7-2a3c171f2066: start 2de491c0-1905-4845-ada7-2a3c171f2066@group-4054D80A22FC-FollowerState
2022-10-19 08:45:16,695 [pool-187-thread-1] INFO  util.JmxRegister (JmxRegister.java:tryRegister(44)) - Successfully registered JMX Bean with object name Ratis:service=RaftServer,group=group-4054D80A22FC,id=2de491c0-1905-4845-ada7-2a3c171f2066
2022-10-19 08:45:16,695 [pool-187-thread-1] INFO  server.RaftServerConfigKeys (ConfUtils.java:logGet(46)) - raft.server.snapshot.auto.trigger.enabled = true (custom)
2022-10-19 08:45:16,695 [pool-187-thread-1] INFO  server.RaftServerConfigKeys (ConfUtils.java:logGet(46)) - raft.server.snapshot.auto.trigger.threshold = 10000 (custom)
2022-10-19 08:45:16,695 [pool-187-thread-1] INFO  server.RaftServerConfigKeys (ConfUtils.java:logGet(46)) - raft.server.snapshot.retention.file.num = 5 (custom)
2022-10-19 08:45:16,695 [pool-187-thread-1] INFO  server.RaftServerConfigKeys (ConfUtils.java:logGet(46)) - raft.server.log.purge.upto.snapshot.index = false (default)
2022-10-19 08:45:16,695 [2de491c0-1905-4845-ada7-2a3c171f2066@group-4054D80A22FC-FollowerState] INFO  server.RaftServerConfigKeys (ConfUtils.java:logFallback(53)) - raft.server.rpc.first-election.timeout.min = 5s (fallback to raft.server.rpc.timeout.min)
2022-10-19 08:45:16,699 [2de491c0-1905-4845-ada7-2a3c171f2066@group-4054D80A22FC-FollowerState] INFO  server.RaftServerConfigKeys (ConfUtils.java:logFallback(53)) - raft.server.rpc.first-election.timeout.max = 5200ms (fallback to raft.server.rpc.timeout.max)
2022-10-19 08:45:16,729 [grpc-default-executor-0] INFO  server.RaftServer (RaftServerProxy.java:addNew(96)) - c61245f4-0084-4810-95a5-490d20dc424d: addNew group-4054D80A22FC:[c61245f4-0084-4810-95a5-490d20dc424d|rpc:10.1.1.188:40855|dataStream:|priority:0|startupRole:FOLLOWER, f675d99d-517f-4d8a-bd29-886eede0250d|rpc:10.1.1.188:37697|dataStream:|priority:0|startupRole:FOLLOWER, 2de491c0-1905-4845-ada7-2a3c171f2066|rpc:10.1.1.188:45745|dataStream:|priority:1|startupRole:FOLLOWER] returns group-4054D80A22FC:java.util.concurrent.CompletableFuture@3b9edfd0[Not completed]
2022-10-19 08:45:16,736 [pool-164-thread-1] INFO  server.RaftServer$Division (RaftServerImpl.java:<init>(195)) - c61245f4-0084-4810-95a5-490d20dc424d: new RaftServerImpl for group-4054D80A22FC:[c61245f4-0084-4810-95a5-490d20dc424d|rpc:10.1.1.188:40855|dataStream:|priority:0|startupRole:FOLLOWER, f675d99d-517f-4d8a-bd29-886eede0250d|rpc:10.1.1.188:37697|dataStream:|priority:0|startupRole:FOLLOWER, 2de491c0-1905-4845-ada7-2a3c171f2066|rpc:10.1.1.188:45745|dataStream:|priority:1|startupRole:FOLLOWER] with ContainerStateMachine:uninitialized
2022-10-19 08:45:16,737 [pool-164-thread-1] INFO  server.RaftServerConfigKeys (ConfUtils.java:logGet(46)) - raft.server.rpc.timeout.min = 5s (custom)
2022-10-19 08:45:16,737 [pool-164-thread-1] INFO  server.RaftServerConfigKeys (ConfUtils.java:logGet(46)) - raft.server.rpc.timeout.max = 5200ms (custom)
2022-10-19 08:45:16,737 [pool-164-thread-1] INFO  server.RaftServerConfigKeys (ConfUtils.java:logGet(46)) - raft.server.rpc.sleep.time = 25ms (default)
2022-10-19 08:45:16,737 [pool-164-thread-1] INFO  server.RaftServerConfigKeys (ConfUtils.java:logGet(46)) - raft.server.rpc.slowness.timeout = 300s (custom)
2022-10-19 08:45:16,737 [pool-164-thread-1] INFO  server.RaftServerConfigKeys (ConfUtils.java:logGet(46)) - raft.server.leaderelection.leader.step-down.wait-time = 10s (default)
2022-10-19 08:45:16,737 [pool-164-thread-1] INFO  server.RaftServerConfigKeys (ConfUtils.java:logGet(46)) - raft.server.sleep.deviation.threshold = 300ms (default)
2022-10-19 08:45:16,737 [pool-164-thread-1] INFO  server.RaftServer$Division (ServerState.java:<init>(118)) - c61245f4-0084-4810-95a5-490d20dc424d@group-4054D80A22FC: ConfigurationManager, init=-1: peers:[c61245f4-0084-4810-95a5-490d20dc424d|rpc:10.1.1.188:40855|dataStream:|priority:0|startupRole:FOLLOWER, f675d99d-517f-4d8a-bd29-886eede0250d|rpc:10.1.1.188:37697|dataStream:|priority:0|startupRole:FOLLOWER, 2de491c0-1905-4845-ada7-2a3c171f2066|rpc:10.1.1.188:45745|dataStream:|priority:1|startupRole:FOLLOWER]|listeners:[], old=null, confs=<EMPTY_MAP>
2022-10-19 08:45:16,737 [pool-164-thread-1] INFO  server.RaftServerConfigKeys (ConfUtils.java:logGet(46)) - raft.server.storage.dir = [/home/runner/work/ozone/ozone/hadoop-ozone/integration-test/target/test-dir/MiniOzoneClusterImpl-43a13940-e4af-4545-ab6e-e590eff1efbb/datanode-4/data/ratis] (custom)
2022-10-19 08:45:16,737 [pool-164-thread-1] INFO  server.RaftServerConfigKeys (ConfUtils.java:logGet(46)) - raft.server.log.corruption.policy = EXCEPTION (default)
2022-10-19 08:45:16,737 [pool-164-thread-1] INFO  server.RaftServerConfigKeys (ConfUtils.java:logGet(46)) - raft.server.storage.free-space.min = 0MB (=0) (default)
2022-10-19 08:45:16,737 [pool-164-thread-1] INFO  server.RaftServerConfigKeys (ConfUtils.java:logGet(46)) - raft.server.notification.no-leader.timeout = 300s (custom)
2022-10-19 08:45:16,737 [pool-164-thread-1] INFO  server.RaftServerConfigKeys (ConfUtils.java:logGet(46)) - raft.server.retrycache.expirytime = 600000ms (custom)
2022-10-19 08:45:16,737 [pool-164-thread-1] INFO  server.RaftServerConfigKeys (ConfUtils.java:logGet(46)) - raft.server.retrycache.statistics.expirytime = 100μs (default)
2022-10-19 08:45:16,742 [pool-164-thread-1] INFO  server.RaftServerConfigKeys (ConfUtils.java:logGet(46)) - raft.server.log.appender.install.snapshot.enabled = false (custom)
2022-10-19 08:45:16,742 [pool-164-thread-1] INFO  server.RaftServerConfigKeys (ConfUtils.java:logGet(46)) - raft.server.threadpool.server.cached = true (default)
2022-10-19 08:45:16,742 [pool-164-thread-1] INFO  server.RaftServerConfigKeys (ConfUtils.java:logGet(46)) - raft.server.threadpool.server.size = 0 (default)
2022-10-19 08:45:16,742 [pool-164-thread-1] INFO  server.RaftServerConfigKeys (ConfUtils.java:logGet(46)) - raft.server.threadpool.client.cached = true (default)
2022-10-19 08:45:16,742 [pool-164-thread-1] INFO  server.RaftServerConfigKeys (ConfUtils.java:logGet(46)) - raft.server.threadpool.client.size = 0 (default)
2022-10-19 08:45:16,742 [pool-164-thread-1] INFO  storage.RaftStorageDirectory (RaftStorageDirectoryImpl.java:analyzeStorage(137)) - The storage directory /home/runner/work/ozone/ozone/hadoop-ozone/integration-test/target/test-dir/MiniOzoneClusterImpl-43a13940-e4af-4545-ab6e-e590eff1efbb/datanode-4/data/ratis/bac21aa7-d8c5-4602-b185-4054d80a22fc does not exist. Creating ...
2022-10-19 08:45:16,743 [pool-164-thread-1] INFO  storage.RaftStorageDirectory (RaftStorageDirectoryImpl.java:tryLock(231)) - Lock on /home/runner/work/ozone/ozone/hadoop-ozone/integration-test/target/test-dir/MiniOzoneClusterImpl-43a13940-e4af-4545-ab6e-e590eff1efbb/datanode-4/data/ratis/bac21aa7-d8c5-4602-b185-4054d80a22fc/in_use.lock acquired by nodename 22270@fv-az447-90
2022-10-19 08:45:16,745 [pool-164-thread-1] INFO  storage.RaftStorage (RaftStorageImpl.java:format(96)) - Storage directory /home/runner/work/ozone/ozone/hadoop-ozone/integration-test/target/test-dir/MiniOzoneClusterImpl-43a13940-e4af-4545-ab6e-e590eff1efbb/datanode-4/data/ratis/bac21aa7-d8c5-4602-b185-4054d80a22fc has been successfully formatted.
2022-10-19 08:45:16,745 [pool-164-thread-1] INFO  ratis.ContainerStateMachine (ContainerStateMachine.java:loadSnapshot(236)) - group-4054D80A22FC: The snapshot info is null. Setting the last applied indexto:(t:0, i:~)
2022-10-19 08:45:16,746 [pool-164-thread-1] INFO  server.RaftServerConfigKeys (ConfUtils.java:logGet(46)) - raft.server.log.use.memory = false (default)
2022-10-19 08:45:16,746 [pool-164-thread-1] INFO  server.RaftServerConfigKeys (ConfUtils.java:logGet(46)) - raft.server.log.purge.gap = 1000000 (custom)
2022-10-19 08:45:16,746 [pool-164-thread-1] INFO  server.RaftServerConfigKeys (ConfUtils.java:logGet(46)) - raft.server.log.appender.buffer.byte-limit = 33554432 (custom)
2022-10-19 08:45:16,746 [pool-164-thread-1] INFO  server.RaftServerConfigKeys (ConfUtils.java:logGet(46)) - raft.server.log.statemachine.data.read.timeout = 1000ms (default)
2022-10-19 08:45:16,746 [pool-164-thread-1] INFO  server.RaftServerConfigKeys (ConfUtils.java:logGet(46)) - raft.server.log.purge.preservation.log.num = 0 (default)
2022-10-19 08:45:16,746 [pool-164-thread-1] INFO  server.RaftServerConfigKeys (ConfUtils.java:logGet(46)) - raft.server.log.segment.size.max = 1048576 (custom)
2022-10-19 08:45:16,746 [pool-164-thread-1] INFO  server.RaftServerConfigKeys (ConfUtils.java:logGet(46)) - raft.server.log.segment.cache.num.max = 2 (custom)
2022-10-19 08:45:16,746 [pool-164-thread-1] INFO  server.RaftServerConfigKeys (ConfUtils.java:logGet(46)) - raft.server.log.segment.cache.size.max = 200MB (=209715200) (default)
2022-10-19 08:45:16,747 [pool-164-thread-1] INFO  segmented.SegmentedRaftLogWorker (SegmentedRaftLogWorker.java:<init>(191)) - new c61245f4-0084-4810-95a5-490d20dc424d@group-4054D80A22FC-SegmentedRaftLogWorker for RaftStorageImpl:Storage Directory /home/runner/work/ozone/ozone/hadoop-ozone/integration-test/target/test-dir/MiniOzoneClusterImpl-43a13940-e4af-4545-ab6e-e590eff1efbb/datanode-4/data/ratis/bac21aa7-d8c5-4602-b185-4054d80a22fc
2022-10-19 08:45:16,747 [pool-164-thread-1] INFO  server.RaftServerConfigKeys (ConfUtils.java:logGet(46)) - raft.server.log.queue.byte-limit = 4294967296 (custom)
2022-10-19 08:45:16,747 [pool-164-thread-1] INFO  server.RaftServerConfigKeys (ConfUtils.java:logGet(46)) - raft.server.log.queue.element-limit = 1024 (custom)
2022-10-19 08:45:16,747 [pool-164-thread-1] INFO  server.RaftServerConfigKeys (ConfUtils.java:logGet(46)) - raft.server.log.segment.size.max = 1048576 (custom)
2022-10-19 08:45:16,747 [pool-164-thread-1] INFO  server.RaftServerConfigKeys (ConfUtils.java:logGet(46)) - raft.server.log.preallocated.size = 16384 (custom)
2022-10-19 08:45:16,747 [pool-164-thread-1] INFO  server.RaftServerConfigKeys (ConfUtils.java:logGet(46)) - raft.server.log.force.sync.num = 128 (default)
2022-10-19 08:45:16,747 [pool-164-thread-1] INFO  server.RaftServerConfigKeys (ConfUtils.java:logGet(46)) - raft.server.log.statemachine.data.sync = true (default)
2022-10-19 08:45:16,747 [pool-164-thread-1] INFO  server.RaftServerConfigKeys (ConfUtils.java:logGet(46)) - raft.server.log.statemachine.data.sync.timeout = 10s (default)
2022-10-19 08:45:16,747 [pool-164-thread-1] INFO  server.RaftServerConfigKeys (ConfUtils.java:logGet(46)) - raft.server.log.statemachine.data.sync.timeout.retry = -1 (default)
2022-10-19 08:45:16,748 [pool-164-thread-1] INFO  server.RaftServerConfigKeys (ConfUtils.java:logGet(46)) - raft.server.log.write.buffer.size = 1048576 (custom)
2022-10-19 08:45:16,752 [pool-164-thread-1] INFO  server.RaftServerConfigKeys (ConfUtils.java:logGet(46)) - raft.server.log.unsafe-flush.enabled = false (default)
2022-10-19 08:45:16,752 [pool-164-thread-1] INFO  server.RaftServerConfigKeys (ConfUtils.java:logGet(46)) - raft.server.log.async-flush.enabled = false (default)
2022-10-19 08:45:16,752 [pool-164-thread-1] INFO  server.RaftServerConfigKeys (ConfUtils.java:logGet(46)) - raft.server.log.statemachine.data.caching.enabled = true (custom)
2022-10-19 08:45:16,752 [pool-164-thread-1] INFO  segmented.SegmentedRaftLogWorker (SegmentedRaftLogWorker.java:lambda$new$0(136)) - c61245f4-0084-4810-95a5-490d20dc424d@group-4054D80A22FC-SegmentedRaftLogWorker: flushIndex: setUnconditionally 0 -> -1
2022-10-19 08:45:16,752 [pool-164-thread-1] INFO  segmented.SegmentedRaftLogWorker (SegmentedRaftLogWorker.java:lambda$new$0(136)) - c61245f4-0084-4810-95a5-490d20dc424d@group-4054D80A22FC-SegmentedRaftLogWorker: safeCacheEvictIndex: setUnconditionally 0 -> -1
2022-10-19 08:45:16,753 [pool-164-thread-1] INFO  server.RaftServer$Division (RaftServerImpl.java:start(334)) - c61245f4-0084-4810-95a5-490d20dc424d@group-4054D80A22FC: start as a follower, conf=-1: peers:[c61245f4-0084-4810-95a5-490d20dc424d|rpc:10.1.1.188:40855|dataStream:|priority:0|startupRole:FOLLOWER, f675d99d-517f-4d8a-bd29-886eede0250d|rpc:10.1.1.188:37697|dataStream:|priority:0|startupRole:FOLLOWER, 2de491c0-1905-4845-ada7-2a3c171f2066|rpc:10.1.1.188:45745|dataStream:|priority:1|startupRole:FOLLOWER]|listeners:[], old=null
2022-10-19 08:45:16,753 [pool-164-thread-1] INFO  server.RaftServer$Division (RaftServerImpl.java:setRole(321)) - c61245f4-0084-4810-95a5-490d20dc424d@group-4054D80A22FC: changes role from      null to FOLLOWER at term 0 for startAsFollower
2022-10-19 08:45:16,753 [pool-164-thread-1] INFO  impl.RoleInfo (RoleInfo.java:updateAndGet(139)) - c61245f4-0084-4810-95a5-490d20dc424d: start c61245f4-0084-4810-95a5-490d20dc424d@group-4054D80A22FC-FollowerState
2022-10-19 08:45:16,754 [pool-164-thread-1] INFO  util.JmxRegister (JmxRegister.java:tryRegister(44)) - Successfully registered JMX Bean with object name Ratis:service=RaftServer,group=group-4054D80A22FC,id=c61245f4-0084-4810-95a5-490d20dc424d
2022-10-19 08:45:16,754 [c61245f4-0084-4810-95a5-490d20dc424d@group-4054D80A22FC-FollowerState] INFO  server.RaftServerConfigKeys (ConfUtils.java:logFallback(53)) - raft.server.rpc.first-election.timeout.min = 5s (fallback to raft.server.rpc.timeout.min)
2022-10-19 08:45:16,755 [pool-164-thread-1] INFO  server.RaftServerConfigKeys (ConfUtils.java:logGet(46)) - raft.server.snapshot.auto.trigger.enabled = true (custom)
2022-10-19 08:45:16,755 [c61245f4-0084-4810-95a5-490d20dc424d@group-4054D80A22FC-FollowerState] INFO  server.RaftServerConfigKeys (ConfUtils.java:logFallback(53)) - raft.server.rpc.first-election.timeout.max = 5200ms (fallback to raft.server.rpc.timeout.max)
2022-10-19 08:45:16,755 [pool-164-thread-1] INFO  server.RaftServerConfigKeys (ConfUtils.java:logGet(46)) - raft.server.snapshot.auto.trigger.threshold = 10000 (custom)
2022-10-19 08:45:16,755 [pool-164-thread-1] INFO  server.RaftServerConfigKeys (ConfUtils.java:logGet(46)) - raft.server.snapshot.retention.file.num = 5 (custom)
2022-10-19 08:45:16,755 [pool-164-thread-1] INFO  server.RaftServerConfigKeys (ConfUtils.java:logGet(46)) - raft.server.log.purge.upto.snapshot.index = false (default)
2022-10-19 08:45:16,762 [Command processor thread] INFO  commandhandler.CreatePipelineCommandHandler (CreatePipelineCommandHandler.java:handle(113)) - Created Pipeline RATIS THREE PipelineID=bac21aa7-d8c5-4602-b185-4054d80a22fc.
2022-10-19 08:45:16,762 [Command processor thread] INFO  server.RaftServer (RaftServerProxy.java:addNew(96)) - f675d99d-517f-4d8a-bd29-886eede0250d: addNew group-2E358FAA1E41:[c61245f4-0084-4810-95a5-490d20dc424d|rpc:10.1.1.188:40855|priority:0|startupRole:FOLLOWER, f675d99d-517f-4d8a-bd29-886eede0250d|rpc:10.1.1.188:37697|priority:1|startupRole:FOLLOWER, 2de491c0-1905-4845-ada7-2a3c171f2066|rpc:10.1.1.188:45745|priority:0|startupRole:FOLLOWER] returns group-2E358FAA1E41:java.util.concurrent.CompletableFuture@11a77ddd[Not completed]
2022-10-19 08:45:16,764 [pool-141-thread-1] INFO  server.RaftServer$Division (RaftServerImpl.java:<init>(195)) - f675d99d-517f-4d8a-bd29-886eede0250d: new RaftServerImpl for group-2E358FAA1E41:[c61245f4-0084-4810-95a5-490d20dc424d|rpc:10.1.1.188:40855|priority:0|startupRole:FOLLOWER, f675d99d-517f-4d8a-bd29-886eede0250d|rpc:10.1.1.188:37697|priority:1|startupRole:FOLLOWER, 2de491c0-1905-4845-ada7-2a3c171f2066|rpc:10.1.1.188:45745|priority:0|startupRole:FOLLOWER] with ContainerStateMachine:uninitialized
2022-10-19 08:45:16,764 [pool-141-thread-1] INFO  server.RaftServerConfigKeys (ConfUtils.java:logGet(46)) - raft.server.rpc.timeout.min = 5s (custom)
2022-10-19 08:45:16,764 [pool-141-thread-1] INFO  server.RaftServerConfigKeys (ConfUtils.java:logGet(46)) - raft.server.rpc.timeout.max = 5200ms (custom)
2022-10-19 08:45:16,764 [pool-141-thread-1] INFO  server.RaftServerConfigKeys (ConfUtils.java:logGet(46)) - raft.server.rpc.sleep.time = 25ms (default)
2022-10-19 08:45:16,764 [pool-141-thread-1] INFO  server.RaftServerConfigKeys (ConfUtils.java:logGet(46)) - raft.server.rpc.slowness.timeout = 300s (custom)
2022-10-19 08:45:16,764 [pool-141-thread-1] INFO  server.RaftServerConfigKeys (ConfUtils.java:logGet(46)) - raft.server.leaderelection.leader.step-down.wait-time = 10s (default)
2022-10-19 08:45:16,764 [pool-141-thread-1] INFO  server.RaftServerConfigKeys (ConfUtils.java:logGet(46)) - raft.server.sleep.deviation.threshold = 300ms (default)
2022-10-19 08:45:16,764 [pool-141-thread-1] INFO  server.RaftServer$Division (ServerState.java:<init>(118)) - f675d99d-517f-4d8a-bd29-886eede0250d@group-2E358FAA1E41: ConfigurationManager, init=-1: peers:[c61245f4-0084-4810-95a5-490d20dc424d|rpc:10.1.1.188:40855|priority:0|startupRole:FOLLOWER, f675d99d-517f-4d8a-bd29-886eede0250d|rpc:10.1.1.188:37697|priority:1|startupRole:FOLLOWER, 2de491c0-1905-4845-ada7-2a3c171f2066|rpc:10.1.1.188:45745|priority:0|startupRole:FOLLOWER]|listeners:[], old=null, confs=<EMPTY_MAP>
2022-10-19 08:45:16,764 [pool-141-thread-1] INFO  server.RaftServerConfigKeys (ConfUtils.java:logGet(46)) - raft.server.storage.dir = [/home/runner/work/ozone/ozone/hadoop-ozone/integration-test/target/test-dir/MiniOzoneClusterImpl-43a13940-e4af-4545-ab6e-e590eff1efbb/datanode-3/data/ratis] (custom)
2022-10-19 08:45:16,764 [pool-141-thread-1] INFO  server.RaftServerConfigKeys (ConfUtils.java:logGet(46)) - raft.server.log.corruption.policy = EXCEPTION (default)
2022-10-19 08:45:16,764 [pool-141-thread-1] INFO  server.RaftServerConfigKeys (ConfUtils.java:logGet(46)) - raft.server.storage.free-space.min = 0MB (=0) (default)
2022-10-19 08:45:16,764 [pool-141-thread-1] INFO  server.RaftServerConfigKeys (ConfUtils.java:logGet(46)) - raft.server.notification.no-leader.timeout = 300s (custom)
2022-10-19 08:45:16,764 [pool-141-thread-1] INFO  server.RaftServerConfigKeys (ConfUtils.java:logGet(46)) - raft.server.retrycache.expirytime = 600000ms (custom)
2022-10-19 08:45:16,765 [pool-141-thread-1] INFO  server.RaftServerConfigKeys (ConfUtils.java:logGet(46)) - raft.server.retrycache.statistics.expirytime = 100μs (default)
2022-10-19 08:45:16,766 [pool-141-thread-1] INFO  server.RaftServerConfigKeys (ConfUtils.java:logGet(46)) - raft.server.log.appender.install.snapshot.enabled = false (custom)
2022-10-19 08:45:16,766 [pool-141-thread-1] INFO  server.RaftServerConfigKeys (ConfUtils.java:logGet(46)) - raft.server.threadpool.server.cached = true (default)
2022-10-19 08:45:16,766 [pool-141-thread-1] INFO  server.RaftServerConfigKeys (ConfUtils.java:logGet(46)) - raft.server.threadpool.server.size = 0 (default)
2022-10-19 08:45:16,766 [pool-141-thread-1] INFO  server.RaftServerConfigKeys (ConfUtils.java:logGet(46)) - raft.server.threadpool.client.cached = true (default)
2022-10-19 08:45:16,766 [pool-141-thread-1] INFO  server.RaftServerConfigKeys (ConfUtils.java:logGet(46)) - raft.server.threadpool.client.size = 0 (default)
2022-10-19 08:45:16,766 [pool-141-thread-1] INFO  storage.RaftStorageDirectory (RaftStorageDirectoryImpl.java:analyzeStorage(137)) - The storage directory /home/runner/work/ozone/ozone/hadoop-ozone/integration-test/target/test-dir/MiniOzoneClusterImpl-43a13940-e4af-4545-ab6e-e590eff1efbb/datanode-3/data/ratis/1ec18428-8ed9-4f59-8598-2e358faa1e41 does not exist. Creating ...
2022-10-19 08:45:16,768 [pool-141-thread-1] INFO  storage.RaftStorageDirectory (RaftStorageDirectoryImpl.java:tryLock(231)) - Lock on /home/runner/work/ozone/ozone/hadoop-ozone/integration-test/target/test-dir/MiniOzoneClusterImpl-43a13940-e4af-4545-ab6e-e590eff1efbb/datanode-3/data/ratis/1ec18428-8ed9-4f59-8598-2e358faa1e41/in_use.lock acquired by nodename 22270@fv-az447-90
2022-10-19 08:45:16,769 [pool-141-thread-1] INFO  storage.RaftStorage (RaftStorageImpl.java:format(96)) - Storage directory /home/runner/work/ozone/ozone/hadoop-ozone/integration-test/target/test-dir/MiniOzoneClusterImpl-43a13940-e4af-4545-ab6e-e590eff1efbb/datanode-3/data/ratis/1ec18428-8ed9-4f59-8598-2e358faa1e41 has been successfully formatted.
2022-10-19 08:45:16,771 [pool-141-thread-1] INFO  ratis.ContainerStateMachine (ContainerStateMachine.java:loadSnapshot(236)) - group-2E358FAA1E41: The snapshot info is null. Setting the last applied indexto:(t:0, i:~)
2022-10-19 08:45:16,771 [pool-141-thread-1] INFO  server.RaftServerConfigKeys (ConfUtils.java:logGet(46)) - raft.server.log.use.memory = false (default)
2022-10-19 08:45:16,771 [pool-141-thread-1] INFO  server.RaftServerConfigKeys (ConfUtils.java:logGet(46)) - raft.server.log.purge.gap = 1000000 (custom)
2022-10-19 08:45:16,771 [pool-141-thread-1] INFO  server.RaftServerConfigKeys (ConfUtils.java:logGet(46)) - raft.server.log.appender.buffer.byte-limit = 33554432 (custom)
2022-10-19 08:45:16,771 [pool-141-thread-1] INFO  server.RaftServerConfigKeys (ConfUtils.java:logGet(46)) - raft.server.log.statemachine.data.read.timeout = 1000ms (default)
2022-10-19 08:45:16,771 [pool-141-thread-1] INFO  server.RaftServerConfigKeys (ConfUtils.java:logGet(46)) - raft.server.log.purge.preservation.log.num = 0 (default)
2022-10-19 08:45:16,771 [EventQueue-OpenPipelineForHealthyPipelineSafeModeRule] INFO  safemode.SCMSafeModeManager (HealthyPipelineSafeModeRule.java:process(137)) - SCM in safe mode. Healthy pipelines reported count is 0, required healthy pipeline reported count is 1
2022-10-19 08:45:16,773 [pool-141-thread-1] INFO  server.RaftServerConfigKeys (ConfUtils.java:logGet(46)) - raft.server.log.segment.size.max = 1048576 (custom)
2022-10-19 08:45:16,774 [pool-141-thread-1] INFO  server.RaftServerConfigKeys (ConfUtils.java:logGet(46)) - raft.server.log.segment.cache.num.max = 2 (custom)
2022-10-19 08:45:16,774 [pool-141-thread-1] INFO  server.RaftServerConfigKeys (ConfUtils.java:logGet(46)) - raft.server.log.segment.cache.size.max = 200MB (=209715200) (default)
2022-10-19 08:45:16,774 [pool-141-thread-1] INFO  segmented.SegmentedRaftLogWorker (SegmentedRaftLogWorker.java:<init>(191)) - new f675d99d-517f-4d8a-bd29-886eede0250d@group-2E358FAA1E41-SegmentedRaftLogWorker for RaftStorageImpl:Storage Directory /home/runner/work/ozone/ozone/hadoop-ozone/integration-test/target/test-dir/MiniOzoneClusterImpl-43a13940-e4af-4545-ab6e-e590eff1efbb/datanode-3/data/ratis/1ec18428-8ed9-4f59-8598-2e358faa1e41
2022-10-19 08:45:16,774 [pool-141-thread-1] INFO  server.RaftServerConfigKeys (ConfUtils.java:logGet(46)) - raft.server.log.queue.byte-limit = 4294967296 (custom)
2022-10-19 08:45:16,774 [pool-141-thread-1] INFO  server.RaftServerConfigKeys (ConfUtils.java:logGet(46)) - raft.server.log.queue.element-limit = 1024 (custom)
2022-10-19 08:45:16,774 [pool-141-thread-1] INFO  server.RaftServerConfigKeys (ConfUtils.java:logGet(46)) - raft.server.log.segment.size.max = 1048576 (custom)
2022-10-19 08:45:16,774 [pool-141-thread-1] INFO  server.RaftServerConfigKeys (ConfUtils.java:logGet(46)) - raft.server.log.preallocated.size = 16384 (custom)
2022-10-19 08:45:16,774 [pool-141-thread-1] INFO  server.RaftServerConfigKeys (ConfUtils.java:logGet(46)) - raft.server.log.force.sync.num = 128 (default)
2022-10-19 08:45:16,774 [pool-141-thread-1] INFO  server.RaftServerConfigKeys (ConfUtils.java:logGet(46)) - raft.server.log.statemachine.data.sync = true (default)
2022-10-19 08:45:16,774 [pool-141-thread-1] INFO  server.RaftServerConfigKeys (ConfUtils.java:logGet(46)) - raft.server.log.statemachine.data.sync.timeout = 10s (default)
2022-10-19 08:45:16,774 [pool-141-thread-1] INFO  server.RaftServerConfigKeys (ConfUtils.java:logGet(46)) - raft.server.log.statemachine.data.sync.timeout.retry = -1 (default)
2022-10-19 08:45:16,775 [pool-141-thread-1] INFO  server.RaftServerConfigKeys (ConfUtils.java:logGet(46)) - raft.server.log.write.buffer.size = 1048576 (custom)
2022-10-19 08:45:16,776 [pool-141-thread-1] INFO  server.RaftServerConfigKeys (ConfUtils.java:logGet(46)) - raft.server.log.unsafe-flush.enabled = false (default)
2022-10-19 08:45:16,776 [pool-141-thread-1] INFO  server.RaftServerConfigKeys (ConfUtils.java:logGet(46)) - raft.server.log.async-flush.enabled = false (default)
2022-10-19 08:45:16,776 [pool-141-thread-1] INFO  server.RaftServerConfigKeys (ConfUtils.java:logGet(46)) - raft.server.log.statemachine.data.caching.enabled = true (custom)
2022-10-19 08:45:16,776 [pool-141-thread-1] INFO  segmented.SegmentedRaftLogWorker (SegmentedRaftLogWorker.java:lambda$new$0(136)) - f675d99d-517f-4d8a-bd29-886eede0250d@group-2E358FAA1E41-SegmentedRaftLogWorker: flushIndex: setUnconditionally 0 -> -1
2022-10-19 08:45:16,776 [pool-141-thread-1] INFO  segmented.SegmentedRaftLogWorker (SegmentedRaftLogWorker.java:lambda$new$0(136)) - f675d99d-517f-4d8a-bd29-886eede0250d@group-2E358FAA1E41-SegmentedRaftLogWorker: safeCacheEvictIndex: setUnconditionally 0 -> -1
2022-10-19 08:45:16,779 [pool-141-thread-1] INFO  server.RaftServer$Division (RaftServerImpl.java:start(334)) - f675d99d-517f-4d8a-bd29-886eede0250d@group-2E358FAA1E41: start as a follower, conf=-1: peers:[c61245f4-0084-4810-95a5-490d20dc424d|rpc:10.1.1.188:40855|priority:0|startupRole:FOLLOWER, f675d99d-517f-4d8a-bd29-886eede0250d|rpc:10.1.1.188:37697|priority:1|startupRole:FOLLOWER, 2de491c0-1905-4845-ada7-2a3c171f2066|rpc:10.1.1.188:45745|priority:0|startupRole:FOLLOWER]|listeners:[], old=null
2022-10-19 08:45:16,780 [pool-141-thread-1] INFO  server.RaftServer$Division (RaftServerImpl.java:setRole(321)) - f675d99d-517f-4d8a-bd29-886eede0250d@group-2E358FAA1E41: changes role from      null to FOLLOWER at term 0 for startAsFollower
2022-10-19 08:45:16,780 [pool-141-thread-1] INFO  impl.RoleInfo (RoleInfo.java:updateAndGet(139)) - f675d99d-517f-4d8a-bd29-886eede0250d: start f675d99d-517f-4d8a-bd29-886eede0250d@group-2E358FAA1E41-FollowerState
2022-10-19 08:45:16,780 [pool-141-thread-1] INFO  util.JmxRegister (JmxRegister.java:tryRegister(44)) - Successfully registered JMX Bean with object name Ratis:service=RaftServer,group=group-2E358FAA1E41,id=f675d99d-517f-4d8a-bd29-886eede0250d
2022-10-19 08:45:16,781 [f675d99d-517f-4d8a-bd29-886eede0250d@group-2E358FAA1E41-FollowerState] INFO  server.RaftServerConfigKeys (ConfUtils.java:logFallback(53)) - raft.server.rpc.first-election.timeout.min = 5s (fallback to raft.server.rpc.timeout.min)
2022-10-19 08:45:16,781 [pool-141-thread-1] INFO  server.RaftServerConfigKeys (ConfUtils.java:logGet(46)) - raft.server.snapshot.auto.trigger.enabled = true (custom)
2022-10-19 08:45:16,781 [f675d99d-517f-4d8a-bd29-886eede0250d@group-2E358FAA1E41-FollowerState] INFO  server.RaftServerConfigKeys (ConfUtils.java:logFallback(53)) - raft.server.rpc.first-election.timeout.max = 5200ms (fallback to raft.server.rpc.timeout.max)
2022-10-19 08:45:16,781 [pool-141-thread-1] INFO  server.RaftServerConfigKeys (ConfUtils.java:logGet(46)) - raft.server.snapshot.auto.trigger.threshold = 10000 (custom)
2022-10-19 08:45:16,781 [pool-141-thread-1] INFO  server.RaftServerConfigKeys (ConfUtils.java:logGet(46)) - raft.server.snapshot.retention.file.num = 5 (custom)
2022-10-19 08:45:16,781 [pool-141-thread-1] INFO  server.RaftServerConfigKeys (ConfUtils.java:logGet(46)) - raft.server.log.purge.upto.snapshot.index = false (default)
2022-10-19 08:45:16,782 [Command processor thread] INFO  ratis.XceiverServerRatis (XceiverServerRatis.java:addGroup(765)) - Created group PipelineID=1ec18428-8ed9-4f59-8598-2e358faa1e41
2022-10-19 08:45:16,797 [grpc-default-executor-0] INFO  server.RaftServer (RaftServerProxy.java:addNew(96)) - 2de491c0-1905-4845-ada7-2a3c171f2066: addNew group-2E358FAA1E41:[c61245f4-0084-4810-95a5-490d20dc424d|rpc:10.1.1.188:40855|dataStream:|priority:0|startupRole:FOLLOWER, f675d99d-517f-4d8a-bd29-886eede0250d|rpc:10.1.1.188:37697|dataStream:|priority:1|startupRole:FOLLOWER, 2de491c0-1905-4845-ada7-2a3c171f2066|rpc:10.1.1.188:45745|dataStream:|priority:0|startupRole:FOLLOWER] returns group-2E358FAA1E41:java.util.concurrent.CompletableFuture@10d47224[Not completed]
2022-10-19 08:45:16,798 [pool-187-thread-1] INFO  server.RaftServer$Division (RaftServerImpl.java:<init>(195)) - 2de491c0-1905-4845-ada7-2a3c171f2066: new RaftServerImpl for group-2E358FAA1E41:[c61245f4-0084-4810-95a5-490d20dc424d|rpc:10.1.1.188:40855|dataStream:|priority:0|startupRole:FOLLOWER, f675d99d-517f-4d8a-bd29-886eede0250d|rpc:10.1.1.188:37697|dataStream:|priority:1|startupRole:FOLLOWER, 2de491c0-1905-4845-ada7-2a3c171f2066|rpc:10.1.1.188:45745|dataStream:|priority:0|startupRole:FOLLOWER] with ContainerStateMachine:uninitialized
2022-10-19 08:45:16,798 [pool-187-thread-1] INFO  server.RaftServerConfigKeys (ConfUtils.java:logGet(46)) - raft.server.rpc.timeout.min = 5s (custom)
2022-10-19 08:45:16,799 [pool-187-thread-1] INFO  server.RaftServerConfigKeys (ConfUtils.java:logGet(46)) - raft.server.rpc.timeout.max = 5200ms (custom)
2022-10-19 08:45:16,799 [pool-187-thread-1] INFO  server.RaftServerConfigKeys (ConfUtils.java:logGet(46)) - raft.server.rpc.sleep.time = 25ms (default)
2022-10-19 08:45:16,799 [pool-187-thread-1] INFO  server.RaftServerConfigKeys (ConfUtils.java:logGet(46)) - raft.server.rpc.slowness.timeout = 300s (custom)
2022-10-19 08:45:16,799 [pool-187-thread-1] INFO  server.RaftServerConfigKeys (ConfUtils.java:logGet(46)) - raft.server.leaderelection.leader.step-down.wait-time = 10s (default)
2022-10-19 08:45:16,799 [pool-187-thread-1] INFO  server.RaftServerConfigKeys (ConfUtils.java:logGet(46)) - raft.server.sleep.deviation.threshold = 300ms (default)
2022-10-19 08:45:16,799 [pool-187-thread-1] INFO  server.RaftServer$Division (ServerState.java:<init>(118)) - 2de491c0-1905-4845-ada7-2a3c171f2066@group-2E358FAA1E41: ConfigurationManager, init=-1: peers:[c61245f4-0084-4810-95a5-490d20dc424d|rpc:10.1.1.188:40855|dataStream:|priority:0|startupRole:FOLLOWER, f675d99d-517f-4d8a-bd29-886eede0250d|rpc:10.1.1.188:37697|dataStream:|priority:1|startupRole:FOLLOWER, 2de491c0-1905-4845-ada7-2a3c171f2066|rpc:10.1.1.188:45745|dataStream:|priority:0|startupRole:FOLLOWER]|listeners:[], old=null, confs=<EMPTY_MAP>
2022-10-19 08:45:16,799 [pool-187-thread-1] INFO  server.RaftServerConfigKeys (ConfUtils.java:logGet(46)) - raft.server.storage.dir = [/home/runner/work/ozone/ozone/hadoop-ozone/integration-test/target/test-dir/MiniOzoneClusterImpl-43a13940-e4af-4545-ab6e-e590eff1efbb/datanode-5/data/ratis] (custom)
2022-10-19 08:45:16,799 [pool-187-thread-1] INFO  server.RaftServerConfigKeys (ConfUtils.java:logGet(46)) - raft.server.log.corruption.policy = EXCEPTION (default)
2022-10-19 08:45:16,799 [pool-187-thread-1] INFO  server.RaftServerConfigKeys (ConfUtils.java:logGet(46)) - raft.server.storage.free-space.min = 0MB (=0) (default)
2022-10-19 08:45:16,800 [pool-187-thread-1] INFO  server.RaftServerConfigKeys (ConfUtils.java:logGet(46)) - raft.server.notification.no-leader.timeout = 300s (custom)
2022-10-19 08:45:16,800 [pool-187-thread-1] INFO  server.RaftServerConfigKeys (ConfUtils.java:logGet(46)) - raft.server.retrycache.expirytime = 600000ms (custom)
2022-10-19 08:45:16,800 [pool-187-thread-1] INFO  server.RaftServerConfigKeys (ConfUtils.java:logGet(46)) - raft.server.retrycache.statistics.expirytime = 100μs (default)
2022-10-19 08:45:16,801 [pool-187-thread-1] INFO  server.RaftServerConfigKeys (ConfUtils.java:logGet(46)) - raft.server.log.appender.install.snapshot.enabled = false (custom)
2022-10-19 08:45:16,801 [pool-187-thread-1] INFO  server.RaftServerConfigKeys (ConfUtils.java:logGet(46)) - raft.server.threadpool.server.cached = true (default)
2022-10-19 08:45:16,801 [pool-187-thread-1] INFO  server.RaftServerConfigKeys (ConfUtils.java:logGet(46)) - raft.server.threadpool.server.size = 0 (default)
2022-10-19 08:45:16,801 [pool-187-thread-1] INFO  server.RaftServerConfigKeys (ConfUtils.java:logGet(46)) - raft.server.threadpool.client.cached = true (default)
2022-10-19 08:45:16,801 [pool-187-thread-1] INFO  server.RaftServerConfigKeys (ConfUtils.java:logGet(46)) - raft.server.threadpool.client.size = 0 (default)
2022-10-19 08:45:16,802 [pool-187-thread-1] INFO  storage.RaftStorageDirectory (RaftStorageDirectoryImpl.java:analyzeStorage(137)) - The storage directory /home/runner/work/ozone/ozone/hadoop-ozone/integration-test/target/test-dir/MiniOzoneClusterImpl-43a13940-e4af-4545-ab6e-e590eff1efbb/datanode-5/data/ratis/1ec18428-8ed9-4f59-8598-2e358faa1e41 does not exist. Creating ...
2022-10-19 08:45:16,803 [pool-187-thread-1] INFO  storage.RaftStorageDirectory (RaftStorageDirectoryImpl.java:tryLock(231)) - Lock on /home/runner/work/ozone/ozone/hadoop-ozone/integration-test/target/test-dir/MiniOzoneClusterImpl-43a13940-e4af-4545-ab6e-e590eff1efbb/datanode-5/data/ratis/1ec18428-8ed9-4f59-8598-2e358faa1e41/in_use.lock acquired by nodename 22270@fv-az447-90
2022-10-19 08:45:16,804 [pool-187-thread-1] INFO  storage.RaftStorage (RaftStorageImpl.java:format(96)) - Storage directory /home/runner/work/ozone/ozone/hadoop-ozone/integration-test/target/test-dir/MiniOzoneClusterImpl-43a13940-e4af-4545-ab6e-e590eff1efbb/datanode-5/data/ratis/1ec18428-8ed9-4f59-8598-2e358faa1e41 has been successfully formatted.
2022-10-19 08:45:16,806 [pool-187-thread-1] INFO  ratis.ContainerStateMachine (ContainerStateMachine.java:loadSnapshot(236)) - group-2E358FAA1E41: The snapshot info is null. Setting the last applied indexto:(t:0, i:~)
2022-10-19 08:45:16,806 [pool-187-thread-1] INFO  server.RaftServerConfigKeys (ConfUtils.java:logGet(46)) - raft.server.log.use.memory = false (default)
2022-10-19 08:45:16,806 [pool-187-thread-1] INFO  server.RaftServerConfigKeys (ConfUtils.java:logGet(46)) - raft.server.log.purge.gap = 1000000 (custom)
2022-10-19 08:45:16,806 [pool-187-thread-1] INFO  server.RaftServerConfigKeys (ConfUtils.java:logGet(46)) - raft.server.log.appender.buffer.byte-limit = 33554432 (custom)
2022-10-19 08:45:16,806 [pool-187-thread-1] INFO  server.RaftServerConfigKeys (ConfUtils.java:logGet(46)) - raft.server.log.statemachine.data.read.timeout = 1000ms (default)
2022-10-19 08:45:16,806 [pool-187-thread-1] INFO  server.RaftServerConfigKeys (ConfUtils.java:logGet(46)) - raft.server.log.purge.preservation.log.num = 0 (default)
2022-10-19 08:45:16,806 [pool-187-thread-1] INFO  server.RaftServerConfigKeys (ConfUtils.java:logGet(46)) - raft.server.log.segment.size.max = 1048576 (custom)
2022-10-19 08:45:16,807 [pool-187-thread-1] INFO  server.RaftServerConfigKeys (ConfUtils.java:logGet(46)) - raft.server.log.segment.cache.num.max = 2 (custom)
2022-10-19 08:45:16,807 [pool-187-thread-1] INFO  server.RaftServerConfigKeys (ConfUtils.java:logGet(46)) - raft.server.log.segment.cache.size.max = 200MB (=209715200) (default)
2022-10-19 08:45:16,807 [pool-187-thread-1] INFO  segmented.SegmentedRaftLogWorker (SegmentedRaftLogWorker.java:<init>(191)) - new 2de491c0-1905-4845-ada7-2a3c171f2066@group-2E358FAA1E41-SegmentedRaftLogWorker for RaftStorageImpl:Storage Directory /home/runner/work/ozone/ozone/hadoop-ozone/integration-test/target/test-dir/MiniOzoneClusterImpl-43a13940-e4af-4545-ab6e-e590eff1efbb/datanode-5/data/ratis/1ec18428-8ed9-4f59-8598-2e358faa1e41
2022-10-19 08:45:16,807 [pool-187-thread-1] INFO  server.RaftServerConfigKeys (ConfUtils.java:logGet(46)) - raft.server.log.queue.byte-limit = 4294967296 (custom)
2022-10-19 08:45:16,807 [pool-187-thread-1] INFO  server.RaftServerConfigKeys (ConfUtils.java:logGet(46)) - raft.server.log.queue.element-limit = 1024 (custom)
2022-10-19 08:45:16,807 [pool-187-thread-1] INFO  server.RaftServerConfigKeys (ConfUtils.java:logGet(46)) - raft.server.log.segment.size.max = 1048576 (custom)
2022-10-19 08:45:16,807 [pool-187-thread-1] INFO  server.RaftServerConfigKeys (ConfUtils.java:logGet(46)) - raft.server.log.preallocated.size = 16384 (custom)
2022-10-19 08:45:16,807 [pool-187-thread-1] INFO  server.RaftServerConfigKeys (ConfUtils.java:logGet(46)) - raft.server.log.force.sync.num = 128 (default)
2022-10-19 08:45:16,807 [pool-187-thread-1] INFO  server.RaftServerConfigKeys (ConfUtils.java:logGet(46)) - raft.server.log.statemachine.data.sync = true (default)
2022-10-19 08:45:16,807 [pool-187-thread-1] INFO  server.RaftServerConfigKeys (ConfUtils.java:logGet(46)) - raft.server.log.statemachine.data.sync.timeout = 10s (default)
2022-10-19 08:45:16,808 [pool-187-thread-1] INFO  server.RaftServerConfigKeys (ConfUtils.java:logGet(46)) - raft.server.log.statemachine.data.sync.timeout.retry = -1 (default)
2022-10-19 08:45:16,808 [pool-187-thread-1] INFO  server.RaftServerConfigKeys (ConfUtils.java:logGet(46)) - raft.server.log.write.buffer.size = 1048576 (custom)
2022-10-19 08:45:16,809 [pool-187-thread-1] INFO  server.RaftServerConfigKeys (ConfUtils.java:logGet(46)) - raft.server.log.unsafe-flush.enabled = false (default)
2022-10-19 08:45:16,809 [pool-187-thread-1] INFO  server.RaftServerConfigKeys (ConfUtils.java:logGet(46)) - raft.server.log.async-flush.enabled = false (default)
2022-10-19 08:45:16,809 [pool-187-thread-1] INFO  server.RaftServerConfigKeys (ConfUtils.java:logGet(46)) - raft.server.log.statemachine.data.caching.enabled = true (custom)
2022-10-19 08:45:16,810 [pool-187-thread-1] INFO  segmented.SegmentedRaftLogWorker (SegmentedRaftLogWorker.java:lambda$new$0(136)) - 2de491c0-1905-4845-ada7-2a3c171f2066@group-2E358FAA1E41-SegmentedRaftLogWorker: flushIndex: setUnconditionally 0 -> -1
2022-10-19 08:45:16,810 [pool-187-thread-1] INFO  segmented.SegmentedRaftLogWorker (SegmentedRaftLogWorker.java:lambda$new$0(136)) - 2de491c0-1905-4845-ada7-2a3c171f2066@group-2E358FAA1E41-SegmentedRaftLogWorker: safeCacheEvictIndex: setUnconditionally 0 -> -1
2022-10-19 08:45:16,810 [pool-187-thread-1] INFO  server.RaftServer$Division (RaftServerImpl.java:start(334)) - 2de491c0-1905-4845-ada7-2a3c171f2066@group-2E358FAA1E41: start as a follower, conf=-1: peers:[c61245f4-0084-4810-95a5-490d20dc424d|rpc:10.1.1.188:40855|dataStream:|priority:0|startupRole:FOLLOWER, f675d99d-517f-4d8a-bd29-886eede0250d|rpc:10.1.1.188:37697|dataStream:|priority:1|startupRole:FOLLOWER, 2de491c0-1905-4845-ada7-2a3c171f2066|rpc:10.1.1.188:45745|dataStream:|priority:0|startupRole:FOLLOWER]|listeners:[], old=null
2022-10-19 08:45:16,810 [pool-187-thread-1] INFO  server.RaftServer$Division (RaftServerImpl.java:setRole(321)) - 2de491c0-1905-4845-ada7-2a3c171f2066@group-2E358FAA1E41: changes role from      null to FOLLOWER at term 0 for startAsFollower
2022-10-19 08:45:16,810 [pool-187-thread-1] INFO  impl.RoleInfo (RoleInfo.java:updateAndGet(139)) - 2de491c0-1905-4845-ada7-2a3c171f2066: start 2de491c0-1905-4845-ada7-2a3c171f2066@group-2E358FAA1E41-FollowerState
2022-10-19 08:45:16,812 [pool-187-thread-1] INFO  util.JmxRegister (JmxRegister.java:tryRegister(44)) - Successfully registered JMX Bean with object name Ratis:service=RaftServer,group=group-2E358FAA1E41,id=2de491c0-1905-4845-ada7-2a3c171f2066
2022-10-19 08:45:16,812 [pool-187-thread-1] INFO  server.RaftServerConfigKeys (ConfUtils.java:logGet(46)) - raft.server.snapshot.auto.trigger.enabled = true (custom)
2022-10-19 08:45:16,813 [pool-187-thread-1] INFO  server.RaftServerConfigKeys (ConfUtils.java:logGet(46)) - raft.server.snapshot.auto.trigger.threshold = 10000 (custom)
2022-10-19 08:45:16,813 [pool-187-thread-1] INFO  server.RaftServerConfigKeys (ConfUtils.java:logGet(46)) - raft.server.snapshot.retention.file.num = 5 (custom)
2022-10-19 08:45:16,813 [pool-187-thread-1] INFO  server.RaftServerConfigKeys (ConfUtils.java:logGet(46)) - raft.server.log.purge.upto.snapshot.index = false (default)
2022-10-19 08:45:16,814 [2de491c0-1905-4845-ada7-2a3c171f2066@group-2E358FAA1E41-FollowerState] INFO  server.RaftServerConfigKeys (ConfUtils.java:logFallback(53)) - raft.server.rpc.first-election.timeout.min = 5s (fallback to raft.server.rpc.timeout.min)
2022-10-19 08:45:16,817 [2de491c0-1905-4845-ada7-2a3c171f2066@group-2E358FAA1E41-FollowerState] INFO  server.RaftServerConfigKeys (ConfUtils.java:logFallback(53)) - raft.server.rpc.first-election.timeout.max = 5200ms (fallback to raft.server.rpc.timeout.max)
2022-10-19 08:45:16,836 [grpc-default-executor-0] INFO  server.RaftServer (RaftServerProxy.java:addNew(96)) - c61245f4-0084-4810-95a5-490d20dc424d: addNew group-2E358FAA1E41:[c61245f4-0084-4810-95a5-490d20dc424d|rpc:10.1.1.188:40855|dataStream:|priority:0|startupRole:FOLLOWER, f675d99d-517f-4d8a-bd29-886eede0250d|rpc:10.1.1.188:37697|dataStream:|priority:1|startupRole:FOLLOWER, 2de491c0-1905-4845-ada7-2a3c171f2066|rpc:10.1.1.188:45745|dataStream:|priority:0|startupRole:FOLLOWER] returns group-2E358FAA1E41:java.util.concurrent.CompletableFuture@77d17dd5[Not completed]
2022-10-19 08:45:16,837 [pool-164-thread-1] INFO  server.RaftServer$Division (RaftServerImpl.java:<init>(195)) - c61245f4-0084-4810-95a5-490d20dc424d: new RaftServerImpl for group-2E358FAA1E41:[c61245f4-0084-4810-95a5-490d20dc424d|rpc:10.1.1.188:40855|dataStream:|priority:0|startupRole:FOLLOWER, f675d99d-517f-4d8a-bd29-886eede0250d|rpc:10.1.1.188:37697|dataStream:|priority:1|startupRole:FOLLOWER, 2de491c0-1905-4845-ada7-2a3c171f2066|rpc:10.1.1.188:45745|dataStream:|priority:0|startupRole:FOLLOWER] with ContainerStateMachine:uninitialized
2022-10-19 08:45:16,837 [pool-164-thread-1] INFO  server.RaftServerConfigKeys (ConfUtils.java:logGet(46)) - raft.server.rpc.timeout.min = 5s (custom)
2022-10-19 08:45:16,837 [pool-164-thread-1] INFO  server.RaftServerConfigKeys (ConfUtils.java:logGet(46)) - raft.server.rpc.timeout.max = 5200ms (custom)
2022-10-19 08:45:16,837 [pool-164-thread-1] INFO  server.RaftServerConfigKeys (ConfUtils.java:logGet(46)) - raft.server.rpc.sleep.time = 25ms (default)
2022-10-19 08:45:16,837 [pool-164-thread-1] INFO  server.RaftServerConfigKeys (ConfUtils.java:logGet(46)) - raft.server.rpc.slowness.timeout = 300s (custom)
2022-10-19 08:45:16,837 [pool-164-thread-1] INFO  server.RaftServerConfigKeys (ConfUtils.java:logGet(46)) - raft.server.leaderelection.leader.step-down.wait-time = 10s (default)
2022-10-19 08:45:16,837 [pool-164-thread-1] INFO  server.RaftServerConfigKeys (ConfUtils.java:logGet(46)) - raft.server.sleep.deviation.threshold = 300ms (default)
2022-10-19 08:45:16,837 [pool-164-thread-1] INFO  server.RaftServer$Division (ServerState.java:<init>(118)) - c61245f4-0084-4810-95a5-490d20dc424d@group-2E358FAA1E41: ConfigurationManager, init=-1: peers:[c61245f4-0084-4810-95a5-490d20dc424d|rpc:10.1.1.188:40855|dataStream:|priority:0|startupRole:FOLLOWER, f675d99d-517f-4d8a-bd29-886eede0250d|rpc:10.1.1.188:37697|dataStream:|priority:1|startupRole:FOLLOWER, 2de491c0-1905-4845-ada7-2a3c171f2066|rpc:10.1.1.188:45745|dataStream:|priority:0|startupRole:FOLLOWER]|listeners:[], old=null, confs=<EMPTY_MAP>
2022-10-19 08:45:16,837 [pool-164-thread-1] INFO  server.RaftServerConfigKeys (ConfUtils.java:logGet(46)) - raft.server.storage.dir = [/home/runner/work/ozone/ozone/hadoop-ozone/integration-test/target/test-dir/MiniOzoneClusterImpl-43a13940-e4af-4545-ab6e-e590eff1efbb/datanode-4/data/ratis] (custom)
2022-10-19 08:45:16,838 [pool-164-thread-1] INFO  server.RaftServerConfigKeys (ConfUtils.java:logGet(46)) - raft.server.log.corruption.policy = EXCEPTION (default)
2022-10-19 08:45:16,838 [pool-164-thread-1] INFO  server.RaftServerConfigKeys (ConfUtils.java:logGet(46)) - raft.server.storage.free-space.min = 0MB (=0) (default)
2022-10-19 08:45:16,838 [pool-164-thread-1] INFO  server.RaftServerConfigKeys (ConfUtils.java:logGet(46)) - raft.server.notification.no-leader.timeout = 300s (custom)
2022-10-19 08:45:16,838 [pool-164-thread-1] INFO  server.RaftServerConfigKeys (ConfUtils.java:logGet(46)) - raft.server.retrycache.expirytime = 600000ms (custom)
2022-10-19 08:45:16,838 [pool-164-thread-1] INFO  server.RaftServerConfigKeys (ConfUtils.java:logGet(46)) - raft.server.retrycache.statistics.expirytime = 100μs (default)
2022-10-19 08:45:16,839 [pool-164-thread-1] INFO  server.RaftServerConfigKeys (ConfUtils.java:logGet(46)) - raft.server.log.appender.install.snapshot.enabled = false (custom)
2022-10-19 08:45:16,839 [pool-164-thread-1] INFO  server.RaftServerConfigKeys (ConfUtils.java:logGet(46)) - raft.server.threadpool.server.cached = true (default)
2022-10-19 08:45:16,839 [pool-164-thread-1] INFO  server.RaftServerConfigKeys (ConfUtils.java:logGet(46)) - raft.server.threadpool.server.size = 0 (default)
2022-10-19 08:45:16,839 [pool-164-thread-1] INFO  server.RaftServerConfigKeys (ConfUtils.java:logGet(46)) - raft.server.threadpool.client.cached = true (default)
2022-10-19 08:45:16,839 [pool-164-thread-1] INFO  server.RaftServerConfigKeys (ConfUtils.java:logGet(46)) - raft.server.threadpool.client.size = 0 (default)
2022-10-19 08:45:16,840 [pool-164-thread-1] INFO  storage.RaftStorageDirectory (RaftStorageDirectoryImpl.java:analyzeStorage(137)) - The storage directory /home/runner/work/ozone/ozone/hadoop-ozone/integration-test/target/test-dir/MiniOzoneClusterImpl-43a13940-e4af-4545-ab6e-e590eff1efbb/datanode-4/data/ratis/1ec18428-8ed9-4f59-8598-2e358faa1e41 does not exist. Creating ...
2022-10-19 08:45:16,841 [pool-164-thread-1] INFO  storage.RaftStorageDirectory (RaftStorageDirectoryImpl.java:tryLock(231)) - Lock on /home/runner/work/ozone/ozone/hadoop-ozone/integration-test/target/test-dir/MiniOzoneClusterImpl-43a13940-e4af-4545-ab6e-e590eff1efbb/datanode-4/data/ratis/1ec18428-8ed9-4f59-8598-2e358faa1e41/in_use.lock acquired by nodename 22270@fv-az447-90
2022-10-19 08:45:16,842 [pool-164-thread-1] INFO  storage.RaftStorage (RaftStorageImpl.java:format(96)) - Storage directory /home/runner/work/ozone/ozone/hadoop-ozone/integration-test/target/test-dir/MiniOzoneClusterImpl-43a13940-e4af-4545-ab6e-e590eff1efbb/datanode-4/data/ratis/1ec18428-8ed9-4f59-8598-2e358faa1e41 has been successfully formatted.
2022-10-19 08:45:16,843 [pool-164-thread-1] INFO  ratis.ContainerStateMachine (ContainerStateMachine.java:loadSnapshot(236)) - group-2E358FAA1E41: The snapshot info is null. Setting the last applied indexto:(t:0, i:~)
2022-10-19 08:45:16,843 [pool-164-thread-1] INFO  server.RaftServerConfigKeys (ConfUtils.java:logGet(46)) - raft.server.log.use.memory = false (default)
2022-10-19 08:45:16,843 [pool-164-thread-1] INFO  server.RaftServerConfigKeys (ConfUtils.java:logGet(46)) - raft.server.log.purge.gap = 1000000 (custom)
2022-10-19 08:45:16,843 [pool-164-thread-1] INFO  server.RaftServerConfigKeys (ConfUtils.java:logGet(46)) - raft.server.log.appender.buffer.byte-limit = 33554432 (custom)
2022-10-19 08:45:16,843 [pool-164-thread-1] INFO  server.RaftServerConfigKeys (ConfUtils.java:logGet(46)) - raft.server.log.statemachine.data.read.timeout = 1000ms (default)
2022-10-19 08:45:16,843 [pool-164-thread-1] INFO  server.RaftServerConfigKeys (ConfUtils.java:logGet(46)) - raft.server.log.purge.preservation.log.num = 0 (default)
2022-10-19 08:45:16,844 [pool-164-thread-1] INFO  server.RaftServerConfigKeys (ConfUtils.java:logGet(46)) - raft.server.log.segment.size.max = 1048576 (custom)
2022-10-19 08:45:16,845 [pool-164-thread-1] INFO  server.RaftServerConfigKeys (ConfUtils.java:logGet(46)) - raft.server.log.segment.cache.num.max = 2 (custom)
2022-10-19 08:45:16,845 [pool-164-thread-1] INFO  server.RaftServerConfigKeys (ConfUtils.java:logGet(46)) - raft.server.log.segment.cache.size.max = 200MB (=209715200) (default)
2022-10-19 08:45:16,845 [pool-164-thread-1] INFO  segmented.SegmentedRaftLogWorker (SegmentedRaftLogWorker.java:<init>(191)) - new c61245f4-0084-4810-95a5-490d20dc424d@group-2E358FAA1E41-SegmentedRaftLogWorker for RaftStorageImpl:Storage Directory /home/runner/work/ozone/ozone/hadoop-ozone/integration-test/target/test-dir/MiniOzoneClusterImpl-43a13940-e4af-4545-ab6e-e590eff1efbb/datanode-4/data/ratis/1ec18428-8ed9-4f59-8598-2e358faa1e41
2022-10-19 08:45:16,845 [pool-164-thread-1] INFO  server.RaftServerConfigKeys (ConfUtils.java:logGet(46)) - raft.server.log.queue.byte-limit = 4294967296 (custom)
2022-10-19 08:45:16,845 [pool-164-thread-1] INFO  server.RaftServerConfigKeys (ConfUtils.java:logGet(46)) - raft.server.log.queue.element-limit = 1024 (custom)
2022-10-19 08:45:16,845 [pool-164-thread-1] INFO  server.RaftServerConfigKeys (ConfUtils.java:logGet(46)) - raft.server.log.segment.size.max = 1048576 (custom)
2022-10-19 08:45:16,846 [pool-164-thread-1] INFO  server.RaftServerConfigKeys (ConfUtils.java:logGet(46)) - raft.server.log.preallocated.size = 16384 (custom)
2022-10-19 08:45:16,847 [Command processor thread] INFO  server.RaftServer (RaftServerProxy.java:addNew(96)) - c61245f4-0084-4810-95a5-490d20dc424d: addNew group-F4D6B88598DC:[c61245f4-0084-4810-95a5-490d20dc424d|rpc:10.1.1.188:40855|priority:1|startupRole:FOLLOWER] returns group-F4D6B88598DC:java.util.concurrent.CompletableFuture@4f19f57b[Not completed]
2022-10-19 08:45:16,847 [pool-164-thread-1] INFO  server.RaftServerConfigKeys (ConfUtils.java:logGet(46)) - raft.server.log.force.sync.num = 128 (default)
2022-10-19 08:45:16,849 [pool-164-thread-1] INFO  server.RaftServerConfigKeys (ConfUtils.java:logGet(46)) - raft.server.log.statemachine.data.sync = true (default)
2022-10-19 08:45:16,849 [pool-164-thread-1] INFO  server.RaftServerConfigKeys (ConfUtils.java:logGet(46)) - raft.server.log.statemachine.data.sync.timeout = 10s (default)
2022-10-19 08:45:16,849 [pool-164-thread-1] INFO  server.RaftServerConfigKeys (ConfUtils.java:logGet(46)) - raft.server.log.statemachine.data.sync.timeout.retry = -1 (default)
2022-10-19 08:45:16,853 [pool-164-thread-1] INFO  server.RaftServerConfigKeys (ConfUtils.java:logGet(46)) - raft.server.log.write.buffer.size = 1048576 (custom)
2022-10-19 08:45:16,854 [pool-164-thread-1] INFO  server.RaftServerConfigKeys (ConfUtils.java:logGet(46)) - raft.server.log.unsafe-flush.enabled = false (default)
2022-10-19 08:45:16,854 [pool-164-thread-1] INFO  server.RaftServerConfigKeys (ConfUtils.java:logGet(46)) - raft.server.log.async-flush.enabled = false (default)
2022-10-19 08:45:16,854 [pool-164-thread-1] INFO  server.RaftServerConfigKeys (ConfUtils.java:logGet(46)) - raft.server.log.statemachine.data.caching.enabled = true (custom)
2022-10-19 08:45:16,854 [pool-164-thread-1] INFO  segmented.SegmentedRaftLogWorker (SegmentedRaftLogWorker.java:lambda$new$0(136)) - c61245f4-0084-4810-95a5-490d20dc424d@group-2E358FAA1E41-SegmentedRaftLogWorker: flushIndex: setUnconditionally 0 -> -1
2022-10-19 08:45:16,854 [pool-164-thread-1] INFO  segmented.SegmentedRaftLogWorker (SegmentedRaftLogWorker.java:lambda$new$0(136)) - c61245f4-0084-4810-95a5-490d20dc424d@group-2E358FAA1E41-SegmentedRaftLogWorker: safeCacheEvictIndex: setUnconditionally 0 -> -1
2022-10-19 08:45:16,855 [pool-164-thread-1] INFO  server.RaftServer$Division (RaftServerImpl.java:start(334)) - c61245f4-0084-4810-95a5-490d20dc424d@group-2E358FAA1E41: start as a follower, conf=-1: peers:[c61245f4-0084-4810-95a5-490d20dc424d|rpc:10.1.1.188:40855|dataStream:|priority:0|startupRole:FOLLOWER, f675d99d-517f-4d8a-bd29-886eede0250d|rpc:10.1.1.188:37697|dataStream:|priority:1|startupRole:FOLLOWER, 2de491c0-1905-4845-ada7-2a3c171f2066|rpc:10.1.1.188:45745|dataStream:|priority:0|startupRole:FOLLOWER]|listeners:[], old=null
2022-10-19 08:45:16,855 [pool-164-thread-1] INFO  server.RaftServer$Division (RaftServerImpl.java:setRole(321)) - c61245f4-0084-4810-95a5-490d20dc424d@group-2E358FAA1E41: changes role from      null to FOLLOWER at term 0 for startAsFollower
2022-10-19 08:45:16,855 [pool-164-thread-1] INFO  impl.RoleInfo (RoleInfo.java:updateAndGet(139)) - c61245f4-0084-4810-95a5-490d20dc424d: start c61245f4-0084-4810-95a5-490d20dc424d@group-2E358FAA1E41-FollowerState
2022-10-19 08:45:16,856 [pool-164-thread-1] INFO  util.JmxRegister (JmxRegister.java:tryRegister(44)) - Successfully registered JMX Bean with object name Ratis:service=RaftServer,group=group-2E358FAA1E41,id=c61245f4-0084-4810-95a5-490d20dc424d
2022-10-19 08:45:16,856 [pool-164-thread-1] INFO  server.RaftServerConfigKeys (ConfUtils.java:logGet(46)) - raft.server.snapshot.auto.trigger.enabled = true (custom)
2022-10-19 08:45:16,856 [pool-164-thread-1] INFO  server.RaftServerConfigKeys (ConfUtils.java:logGet(46)) - raft.server.snapshot.auto.trigger.threshold = 10000 (custom)
2022-10-19 08:45:16,856 [pool-164-thread-1] INFO  server.RaftServerConfigKeys (ConfUtils.java:logGet(46)) - raft.server.snapshot.retention.file.num = 5 (custom)
2022-10-19 08:45:16,856 [pool-164-thread-1] INFO  server.RaftServerConfigKeys (ConfUtils.java:logGet(46)) - raft.server.log.purge.upto.snapshot.index = false (default)
2022-10-19 08:45:16,857 [c61245f4-0084-4810-95a5-490d20dc424d@group-2E358FAA1E41-FollowerState] INFO  server.RaftServerConfigKeys (ConfUtils.java:logFallback(53)) - raft.server.rpc.first-election.timeout.min = 5s (fallback to raft.server.rpc.timeout.min)
2022-10-19 08:45:16,858 [pool-164-thread-1] INFO  server.RaftServer$Division (RaftServerImpl.java:<init>(195)) - c61245f4-0084-4810-95a5-490d20dc424d: new RaftServerImpl for group-F4D6B88598DC:[c61245f4-0084-4810-95a5-490d20dc424d|rpc:10.1.1.188:40855|priority:1|startupRole:FOLLOWER] with ContainerStateMachine:uninitialized
2022-10-19 08:45:16,860 [pool-164-thread-1] INFO  server.RaftServerConfigKeys (ConfUtils.java:logGet(46)) - raft.server.rpc.timeout.min = 5s (custom)
2022-10-19 08:45:16,860 [pool-164-thread-1] INFO  server.RaftServerConfigKeys (ConfUtils.java:logGet(46)) - raft.server.rpc.timeout.max = 5200ms (custom)
2022-10-19 08:45:16,861 [pool-164-thread-1] INFO  server.RaftServerConfigKeys (ConfUtils.java:logGet(46)) - raft.server.rpc.sleep.time = 25ms (default)
2022-10-19 08:45:16,861 [pool-164-thread-1] INFO  server.RaftServerConfigKeys (ConfUtils.java:logGet(46)) - raft.server.rpc.slowness.timeout = 300s (custom)
2022-10-19 08:45:16,861 [pool-164-thread-1] INFO  server.RaftServerConfigKeys (ConfUtils.java:logGet(46)) - raft.server.leaderelection.leader.step-down.wait-time = 10s (default)
2022-10-19 08:45:16,861 [pool-164-thread-1] INFO  server.RaftServerConfigKeys (ConfUtils.java:logGet(46)) - raft.server.sleep.deviation.threshold = 300ms (default)
2022-10-19 08:45:16,861 [pool-164-thread-1] INFO  server.RaftServer$Division (ServerState.java:<init>(118)) - c61245f4-0084-4810-95a5-490d20dc424d@group-F4D6B88598DC: ConfigurationManager, init=-1: peers:[c61245f4-0084-4810-95a5-490d20dc424d|rpc:10.1.1.188:40855|priority:1|startupRole:FOLLOWER]|listeners:[], old=null, confs=<EMPTY_MAP>
2022-10-19 08:45:16,861 [pool-164-thread-1] INFO  server.RaftServerConfigKeys (ConfUtils.java:logGet(46)) - raft.server.storage.dir = [/home/runner/work/ozone/ozone/hadoop-ozone/integration-test/target/test-dir/MiniOzoneClusterImpl-43a13940-e4af-4545-ab6e-e590eff1efbb/datanode-4/data/ratis] (custom)
2022-10-19 08:45:16,861 [pool-164-thread-1] INFO  server.RaftServerConfigKeys (ConfUtils.java:logGet(46)) - raft.server.log.corruption.policy = EXCEPTION (default)
2022-10-19 08:45:16,861 [pool-164-thread-1] INFO  server.RaftServerConfigKeys (ConfUtils.java:logGet(46)) - raft.server.storage.free-space.min = 0MB (=0) (default)
2022-10-19 08:45:16,861 [pool-164-thread-1] INFO  server.RaftServerConfigKeys (ConfUtils.java:logGet(46)) - raft.server.notification.no-leader.timeout = 300s (custom)
2022-10-19 08:45:16,861 [pool-164-thread-1] INFO  server.RaftServerConfigKeys (ConfUtils.java:logGet(46)) - raft.server.retrycache.expirytime = 600000ms (custom)
2022-10-19 08:45:16,861 [pool-164-thread-1] INFO  server.RaftServerConfigKeys (ConfUtils.java:logGet(46)) - raft.server.retrycache.statistics.expirytime = 100μs (default)
2022-10-19 08:45:16,860 [c61245f4-0084-4810-95a5-490d20dc424d@group-2E358FAA1E41-FollowerState] INFO  server.RaftServerConfigKeys (ConfUtils.java:logFallback(53)) - raft.server.rpc.first-election.timeout.max = 5200ms (fallback to raft.server.rpc.timeout.max)
2022-10-19 08:45:16,869 [pool-164-thread-1] INFO  server.RaftServerConfigKeys (ConfUtils.java:logGet(46)) - raft.server.log.appender.install.snapshot.enabled = false (custom)
2022-10-19 08:45:16,869 [pool-164-thread-1] INFO  server.RaftServerConfigKeys (ConfUtils.java:logGet(46)) - raft.server.threadpool.server.cached = true (default)
2022-10-19 08:45:16,869 [pool-164-thread-1] INFO  server.RaftServerConfigKeys (ConfUtils.java:logGet(46)) - raft.server.threadpool.server.size = 0 (default)
2022-10-19 08:45:16,869 [pool-164-thread-1] INFO  server.RaftServerConfigKeys (ConfUtils.java:logGet(46)) - raft.server.threadpool.client.cached = true (default)
2022-10-19 08:45:16,869 [pool-164-thread-1] INFO  server.RaftServerConfigKeys (ConfUtils.java:logGet(46)) - raft.server.threadpool.client.size = 0 (default)
2022-10-19 08:45:16,869 [pool-164-thread-1] INFO  storage.RaftStorageDirectory (RaftStorageDirectoryImpl.java:analyzeStorage(137)) - The storage directory /home/runner/work/ozone/ozone/hadoop-ozone/integration-test/target/test-dir/MiniOzoneClusterImpl-43a13940-e4af-4545-ab6e-e590eff1efbb/datanode-4/data/ratis/6adfa43f-71d3-4e1e-85d9-f4d6b88598dc does not exist. Creating ...
2022-10-19 08:45:16,869 [Command processor thread] INFO  commandhandler.CreatePipelineCommandHandler (CreatePipelineCommandHandler.java:handle(113)) - Created Pipeline RATIS THREE PipelineID=1ec18428-8ed9-4f59-8598-2e358faa1e41.
2022-10-19 08:45:16,870 [pool-164-thread-1] INFO  storage.RaftStorageDirectory (RaftStorageDirectoryImpl.java:tryLock(231)) - Lock on /home/runner/work/ozone/ozone/hadoop-ozone/integration-test/target/test-dir/MiniOzoneClusterImpl-43a13940-e4af-4545-ab6e-e590eff1efbb/datanode-4/data/ratis/6adfa43f-71d3-4e1e-85d9-f4d6b88598dc/in_use.lock acquired by nodename 22270@fv-az447-90
2022-10-19 08:45:16,872 [pool-164-thread-1] INFO  storage.RaftStorage (RaftStorageImpl.java:format(96)) - Storage directory /home/runner/work/ozone/ozone/hadoop-ozone/integration-test/target/test-dir/MiniOzoneClusterImpl-43a13940-e4af-4545-ab6e-e590eff1efbb/datanode-4/data/ratis/6adfa43f-71d3-4e1e-85d9-f4d6b88598dc has been successfully formatted.
2022-10-19 08:45:16,872 [pool-164-thread-1] INFO  ratis.ContainerStateMachine (ContainerStateMachine.java:loadSnapshot(236)) - group-F4D6B88598DC: The snapshot info is null. Setting the last applied indexto:(t:0, i:~)
2022-10-19 08:45:16,872 [pool-164-thread-1] INFO  server.RaftServerConfigKeys (ConfUtils.java:logGet(46)) - raft.server.log.use.memory = false (default)
2022-10-19 08:45:16,874 [EventQueue-PipelineReportForPipelineReportHandler] INFO  pipeline.PipelineManagerImpl (PipelineManagerImpl.java:openPipeline(367)) - Pipeline Pipeline[ Id: 6adfa43f-71d3-4e1e-85d9-f4d6b88598dc, Nodes: c61245f4-0084-4810-95a5-490d20dc424d{ip: 10.1.1.188, host: fv-az447-90.tnmeiuxxsqeu3byeydcnbj0j5d.dx.internal.cloudapp.net, ports: [REPLICATION=43855, RATIS=40855, RATIS_ADMIN=40855, RATIS_SERVER=40855, STANDALONE=34265], networkLocation: /default-rack, certSerialId: null, persistedOpState: IN_SERVICE, persistedOpStateExpiryEpochSec: 0}, ReplicationConfig: RATIS/ONE, State:ALLOCATED, leaderId:c61245f4-0084-4810-95a5-490d20dc424d, CreationTimestamp2022-10-19T08:45:13.853Z[Etc/UTC]] moved to OPEN state
2022-10-19 08:45:16,875 [EventQueue-OpenPipelineForHealthyPipelineSafeModeRule] INFO  safemode.SCMSafeModeManager (HealthyPipelineSafeModeRule.java:process(137)) - SCM in safe mode. Healthy pipelines reported count is 0, required healthy pipeline reported count is 1
2022-10-19 08:45:16,875 [pool-164-thread-1] INFO  server.RaftServerConfigKeys (ConfUtils.java:logGet(46)) - raft.server.log.purge.gap = 1000000 (custom)
2022-10-19 08:45:16,876 [pool-164-thread-1] INFO  server.RaftServerConfigKeys (ConfUtils.java:logGet(46)) - raft.server.log.appender.buffer.byte-limit = 33554432 (custom)
2022-10-19 08:45:16,877 [pool-164-thread-1] INFO  server.RaftServerConfigKeys (ConfUtils.java:logGet(46)) - raft.server.log.statemachine.data.read.timeout = 1000ms (default)
2022-10-19 08:45:16,877 [pool-164-thread-1] INFO  server.RaftServerConfigKeys (ConfUtils.java:logGet(46)) - raft.server.log.purge.preservation.log.num = 0 (default)
2022-10-19 08:45:16,877 [pool-164-thread-1] INFO  server.RaftServerConfigKeys (ConfUtils.java:logGet(46)) - raft.server.log.segment.size.max = 1048576 (custom)
2022-10-19 08:45:16,877 [pool-164-thread-1] INFO  server.RaftServerConfigKeys (ConfUtils.java:logGet(46)) - raft.server.log.segment.cache.num.max = 2 (custom)
2022-10-19 08:45:16,877 [pool-164-thread-1] INFO  server.RaftServerConfigKeys (ConfUtils.java:logGet(46)) - raft.server.log.segment.cache.size.max = 200MB (=209715200) (default)
2022-10-19 08:45:16,877 [pool-164-thread-1] INFO  segmented.SegmentedRaftLogWorker (SegmentedRaftLogWorker.java:<init>(191)) - new c61245f4-0084-4810-95a5-490d20dc424d@group-F4D6B88598DC-SegmentedRaftLogWorker for RaftStorageImpl:Storage Directory /home/runner/work/ozone/ozone/hadoop-ozone/integration-test/target/test-dir/MiniOzoneClusterImpl-43a13940-e4af-4545-ab6e-e590eff1efbb/datanode-4/data/ratis/6adfa43f-71d3-4e1e-85d9-f4d6b88598dc
2022-10-19 08:45:16,877 [pool-164-thread-1] INFO  server.RaftServerConfigKeys (ConfUtils.java:logGet(46)) - raft.server.log.queue.byte-limit = 4294967296 (custom)
2022-10-19 08:45:16,877 [pool-164-thread-1] INFO  server.RaftServerConfigKeys (ConfUtils.java:logGet(46)) - raft.server.log.queue.element-limit = 1024 (custom)
2022-10-19 08:45:16,878 [pool-164-thread-1] INFO  server.RaftServerConfigKeys (ConfUtils.java:logGet(46)) - raft.server.log.segment.size.max = 1048576 (custom)
2022-10-19 08:45:16,878 [pool-164-thread-1] INFO  server.RaftServerConfigKeys (ConfUtils.java:logGet(46)) - raft.server.log.preallocated.size = 16384 (custom)
2022-10-19 08:45:16,878 [pool-164-thread-1] INFO  server.RaftServerConfigKeys (ConfUtils.java:logGet(46)) - raft.server.log.force.sync.num = 128 (default)
2022-10-19 08:45:16,878 [pool-164-thread-1] INFO  server.RaftServerConfigKeys (ConfUtils.java:logGet(46)) - raft.server.log.statemachine.data.sync = true (default)
2022-10-19 08:45:16,878 [pool-164-thread-1] INFO  server.RaftServerConfigKeys (ConfUtils.java:logGet(46)) - raft.server.log.statemachine.data.sync.timeout = 10s (default)
2022-10-19 08:45:16,878 [pool-164-thread-1] INFO  server.RaftServerConfigKeys (ConfUtils.java:logGet(46)) - raft.server.log.statemachine.data.sync.timeout.retry = -1 (default)
2022-10-19 08:45:16,879 [pool-164-thread-1] INFO  server.RaftServerConfigKeys (ConfUtils.java:logGet(46)) - raft.server.log.write.buffer.size = 1048576 (custom)
2022-10-19 08:45:16,880 [pool-164-thread-1] INFO  server.RaftServerConfigKeys (ConfUtils.java:logGet(46)) - raft.server.log.unsafe-flush.enabled = false (default)
2022-10-19 08:45:16,882 [pool-164-thread-1] INFO  server.RaftServerConfigKeys (ConfUtils.java:logGet(46)) - raft.server.log.async-flush.enabled = false (default)
2022-10-19 08:45:16,882 [pool-164-thread-1] INFO  server.RaftServerConfigKeys (ConfUtils.java:logGet(46)) - raft.server.log.statemachine.data.caching.enabled = true (custom)
2022-10-19 08:45:16,882 [pool-164-thread-1] INFO  segmented.SegmentedRaftLogWorker (SegmentedRaftLogWorker.java:lambda$new$0(136)) - c61245f4-0084-4810-95a5-490d20dc424d@group-F4D6B88598DC-SegmentedRaftLogWorker: flushIndex: setUnconditionally 0 -> -1
2022-10-19 08:45:16,882 [pool-164-thread-1] INFO  segmented.SegmentedRaftLogWorker (SegmentedRaftLogWorker.java:lambda$new$0(136)) - c61245f4-0084-4810-95a5-490d20dc424d@group-F4D6B88598DC-SegmentedRaftLogWorker: safeCacheEvictIndex: setUnconditionally 0 -> -1
2022-10-19 08:45:16,882 [pool-164-thread-1] INFO  server.RaftServer$Division (RaftServerImpl.java:start(334)) - c61245f4-0084-4810-95a5-490d20dc424d@group-F4D6B88598DC: start as a follower, conf=-1: peers:[c61245f4-0084-4810-95a5-490d20dc424d|rpc:10.1.1.188:40855|priority:1|startupRole:FOLLOWER]|listeners:[], old=null
2022-10-19 08:45:16,882 [pool-164-thread-1] INFO  server.RaftServer$Division (RaftServerImpl.java:setRole(321)) - c61245f4-0084-4810-95a5-490d20dc424d@group-F4D6B88598DC: changes role from      null to FOLLOWER at term 0 for startAsFollower
2022-10-19 08:45:16,882 [pool-164-thread-1] INFO  impl.RoleInfo (RoleInfo.java:updateAndGet(139)) - c61245f4-0084-4810-95a5-490d20dc424d: start c61245f4-0084-4810-95a5-490d20dc424d@group-F4D6B88598DC-FollowerState
2022-10-19 08:45:16,883 [pool-164-thread-1] INFO  util.JmxRegister (JmxRegister.java:tryRegister(44)) - Successfully registered JMX Bean with object name Ratis:service=RaftServer,group=group-F4D6B88598DC,id=c61245f4-0084-4810-95a5-490d20dc424d
2022-10-19 08:45:16,883 [c61245f4-0084-4810-95a5-490d20dc424d@group-F4D6B88598DC-FollowerState] INFO  server.RaftServerConfigKeys (ConfUtils.java:logFallback(53)) - raft.server.rpc.first-election.timeout.min = 5s (fallback to raft.server.rpc.timeout.min)
2022-10-19 08:45:16,883 [pool-164-thread-1] INFO  server.RaftServerConfigKeys (ConfUtils.java:logGet(46)) - raft.server.snapshot.auto.trigger.enabled = true (custom)
2022-10-19 08:45:16,883 [c61245f4-0084-4810-95a5-490d20dc424d@group-F4D6B88598DC-FollowerState] INFO  server.RaftServerConfigKeys (ConfUtils.java:logFallback(53)) - raft.server.rpc.first-election.timeout.max = 5200ms (fallback to raft.server.rpc.timeout.max)
2022-10-19 08:45:16,883 [pool-164-thread-1] INFO  server.RaftServerConfigKeys (ConfUtils.java:logGet(46)) - raft.server.snapshot.auto.trigger.threshold = 10000 (custom)
2022-10-19 08:45:16,883 [pool-164-thread-1] INFO  server.RaftServerConfigKeys (ConfUtils.java:logGet(46)) - raft.server.snapshot.retention.file.num = 5 (custom)
2022-10-19 08:45:16,883 [pool-164-thread-1] INFO  server.RaftServerConfigKeys (ConfUtils.java:logGet(46)) - raft.server.log.purge.upto.snapshot.index = false (default)
2022-10-19 08:45:16,884 [Command processor thread] INFO  ratis.XceiverServerRatis (XceiverServerRatis.java:addGroup(765)) - Created group PipelineID=6adfa43f-71d3-4e1e-85d9-f4d6b88598dc
2022-10-19 08:45:16,884 [Command processor thread] INFO  commandhandler.CreatePipelineCommandHandler (CreatePipelineCommandHandler.java:handle(113)) - Created Pipeline RATIS ONE PipelineID=6adfa43f-71d3-4e1e-85d9-f4d6b88598dc.
2022-10-19 08:45:16,968 [Listener at 127.0.0.1/40043] INFO  ozone.MiniOzoneClusterImpl (MiniOzoneClusterImpl.java:lambda$waitForClusterToBeReady$0(216)) - Nodes are ready. Got 10 of 10 DN Heartbeats.
2022-10-19 08:45:16,968 [Listener at 127.0.0.1/40043] INFO  ozone.MiniOzoneClusterImpl (MiniOzoneClusterImpl.java:lambda$waitForClusterToBeReady$0(219)) - Waiting for cluster to exit safe mode
2022-10-19 08:45:16,968 [Listener at 127.0.0.1/40043] INFO  ozone.MiniOzoneClusterImpl (MiniOzoneClusterImpl.java:lambda$waitForClusterToBeReady$0(221)) - SCM became leader
2022-10-19 08:45:17,190 [Command processor thread] INFO  server.RaftServer (RaftServerProxy.java:addNew(96)) - 2de491c0-1905-4845-ada7-2a3c171f2066: addNew group-ADE01F2A5737:[2de491c0-1905-4845-ada7-2a3c171f2066|rpc:10.1.1.188:45745|priority:1|startupRole:FOLLOWER] returns group-ADE01F2A5737:java.util.concurrent.CompletableFuture@79f5e1bf[Not completed]
2022-10-19 08:45:17,192 [pool-187-thread-1] INFO  server.RaftServer$Division (RaftServerImpl.java:<init>(195)) - 2de491c0-1905-4845-ada7-2a3c171f2066: new RaftServerImpl for group-ADE01F2A5737:[2de491c0-1905-4845-ada7-2a3c171f2066|rpc:10.1.1.188:45745|priority:1|startupRole:FOLLOWER] with ContainerStateMachine:uninitialized
2022-10-19 08:45:17,192 [pool-187-thread-1] INFO  server.RaftServerConfigKeys (ConfUtils.java:logGet(46)) - raft.server.rpc.timeout.min = 5s (custom)
2022-10-19 08:45:17,192 [pool-187-thread-1] INFO  server.RaftServerConfigKeys (ConfUtils.java:logGet(46)) - raft.server.rpc.timeout.max = 5200ms (custom)
2022-10-19 08:45:17,192 [pool-187-thread-1] INFO  server.RaftServerConfigKeys (ConfUtils.java:logGet(46)) - raft.server.rpc.sleep.time = 25ms (default)
2022-10-19 08:45:17,192 [pool-187-thread-1] INFO  server.RaftServerConfigKeys (ConfUtils.java:logGet(46)) - raft.server.rpc.slowness.timeout = 300s (custom)
2022-10-19 08:45:17,192 [pool-187-thread-1] INFO  server.RaftServerConfigKeys (ConfUtils.java:logGet(46)) - raft.server.leaderelection.leader.step-down.wait-time = 10s (default)
2022-10-19 08:45:17,192 [pool-187-thread-1] INFO  server.RaftServerConfigKeys (ConfUtils.java:logGet(46)) - raft.server.sleep.deviation.threshold = 300ms (default)
2022-10-19 08:45:17,192 [pool-187-thread-1] INFO  server.RaftServer$Division (ServerState.java:<init>(118)) - 2de491c0-1905-4845-ada7-2a3c171f2066@group-ADE01F2A5737: ConfigurationManager, init=-1: peers:[2de491c0-1905-4845-ada7-2a3c171f2066|rpc:10.1.1.188:45745|priority:1|startupRole:FOLLOWER]|listeners:[], old=null, confs=<EMPTY_MAP>
2022-10-19 08:45:17,192 [pool-187-thread-1] INFO  server.RaftServerConfigKeys (ConfUtils.java:logGet(46)) - raft.server.storage.dir = [/home/runner/work/ozone/ozone/hadoop-ozone/integration-test/target/test-dir/MiniOzoneClusterImpl-43a13940-e4af-4545-ab6e-e590eff1efbb/datanode-5/data/ratis] (custom)
2022-10-19 08:45:17,193 [pool-187-thread-1] INFO  server.RaftServerConfigKeys (ConfUtils.java:logGet(46)) - raft.server.log.corruption.policy = EXCEPTION (default)
2022-10-19 08:45:17,193 [pool-187-thread-1] INFO  server.RaftServerConfigKeys (ConfUtils.java:logGet(46)) - raft.server.storage.free-space.min = 0MB (=0) (default)
2022-10-19 08:45:17,193 [pool-187-thread-1] INFO  server.RaftServerConfigKeys (ConfUtils.java:logGet(46)) - raft.server.notification.no-leader.timeout = 300s (custom)
2022-10-19 08:45:17,193 [pool-187-thread-1] INFO  server.RaftServerConfigKeys (ConfUtils.java:logGet(46)) - raft.server.retrycache.expirytime = 600000ms (custom)
2022-10-19 08:45:17,193 [pool-187-thread-1] INFO  server.RaftServerConfigKeys (ConfUtils.java:logGet(46)) - raft.server.retrycache.statistics.expirytime = 100μs (default)
2022-10-19 08:45:17,194 [pool-187-thread-1] INFO  server.RaftServerConfigKeys (ConfUtils.java:logGet(46)) - raft.server.log.appender.install.snapshot.enabled = false (custom)
2022-10-19 08:45:17,194 [pool-187-thread-1] INFO  server.RaftServerConfigKeys (ConfUtils.java:logGet(46)) - raft.server.threadpool.server.cached = true (default)
2022-10-19 08:45:17,194 [pool-187-thread-1] INFO  server.RaftServerConfigKeys (ConfUtils.java:logGet(46)) - raft.server.threadpool.server.size = 0 (default)
2022-10-19 08:45:17,194 [pool-187-thread-1] INFO  server.RaftServerConfigKeys (ConfUtils.java:logGet(46)) - raft.server.threadpool.client.cached = true (default)
2022-10-19 08:45:17,194 [pool-187-thread-1] INFO  server.RaftServerConfigKeys (ConfUtils.java:logGet(46)) - raft.server.threadpool.client.size = 0 (default)
2022-10-19 08:45:17,195 [pool-187-thread-1] INFO  storage.RaftStorageDirectory (RaftStorageDirectoryImpl.java:analyzeStorage(137)) - The storage directory /home/runner/work/ozone/ozone/hadoop-ozone/integration-test/target/test-dir/MiniOzoneClusterImpl-43a13940-e4af-4545-ab6e-e590eff1efbb/datanode-5/data/ratis/e78c9898-718e-4f14-bca0-ade01f2a5737 does not exist. Creating ...
2022-10-19 08:45:17,196 [pool-187-thread-1] INFO  storage.RaftStorageDirectory (RaftStorageDirectoryImpl.java:tryLock(231)) - Lock on /home/runner/work/ozone/ozone/hadoop-ozone/integration-test/target/test-dir/MiniOzoneClusterImpl-43a13940-e4af-4545-ab6e-e590eff1efbb/datanode-5/data/ratis/e78c9898-718e-4f14-bca0-ade01f2a5737/in_use.lock acquired by nodename 22270@fv-az447-90
2022-10-19 08:45:17,197 [pool-187-thread-1] INFO  storage.RaftStorage (RaftStorageImpl.java:format(96)) - Storage directory /home/runner/work/ozone/ozone/hadoop-ozone/integration-test/target/test-dir/MiniOzoneClusterImpl-43a13940-e4af-4545-ab6e-e590eff1efbb/datanode-5/data/ratis/e78c9898-718e-4f14-bca0-ade01f2a5737 has been successfully formatted.
2022-10-19 08:45:17,198 [pool-187-thread-1] INFO  ratis.ContainerStateMachine (ContainerStateMachine.java:loadSnapshot(236)) - group-ADE01F2A5737: The snapshot info is null. Setting the last applied indexto:(t:0, i:~)
2022-10-19 08:45:17,199 [EventQueue-PipelineReportForPipelineReportHandler] INFO  pipeline.PipelineManagerImpl (PipelineManagerImpl.java:openPipeline(367)) - Pipeline Pipeline[ Id: e78c9898-718e-4f14-bca0-ade01f2a5737, Nodes: 2de491c0-1905-4845-ada7-2a3c171f2066{ip: 10.1.1.188, host: fv-az447-90.tnmeiuxxsqeu3byeydcnbj0j5d.dx.internal.cloudapp.net, ports: [REPLICATION=34959, RATIS=45745, RATIS_ADMIN=45745, RATIS_SERVER=45745, STANDALONE=41953], networkLocation: /default-rack, certSerialId: null, persistedOpState: IN_SERVICE, persistedOpStateExpiryEpochSec: 0}, ReplicationConfig: RATIS/ONE, State:ALLOCATED, leaderId:2de491c0-1905-4845-ada7-2a3c171f2066, CreationTimestamp2022-10-19T08:45:14.195Z[Etc/UTC]] moved to OPEN state
2022-10-19 08:45:17,200 [pool-187-thread-1] INFO  server.RaftServerConfigKeys (ConfUtils.java:logGet(46)) - raft.server.log.use.memory = false (default)
2022-10-19 08:45:17,200 [pool-187-thread-1] INFO  server.RaftServerConfigKeys (ConfUtils.java:logGet(46)) - raft.server.log.purge.gap = 1000000 (custom)
2022-10-19 08:45:17,200 [EventQueue-OpenPipelineForHealthyPipelineSafeModeRule] INFO  safemode.SCMSafeModeManager (HealthyPipelineSafeModeRule.java:process(137)) - SCM in safe mode. Healthy pipelines reported count is 0, required healthy pipeline reported count is 1
2022-10-19 08:45:17,205 [pool-187-thread-1] INFO  server.RaftServerConfigKeys (ConfUtils.java:logGet(46)) - raft.server.log.appender.buffer.byte-limit = 33554432 (custom)
2022-10-19 08:45:17,205 [pool-187-thread-1] INFO  server.RaftServerConfigKeys (ConfUtils.java:logGet(46)) - raft.server.log.statemachine.data.read.timeout = 1000ms (default)
2022-10-19 08:45:17,205 [pool-187-thread-1] INFO  server.RaftServerConfigKeys (ConfUtils.java:logGet(46)) - raft.server.log.purge.preservation.log.num = 0 (default)
2022-10-19 08:45:17,205 [pool-187-thread-1] INFO  server.RaftServerConfigKeys (ConfUtils.java:logGet(46)) - raft.server.log.segment.size.max = 1048576 (custom)
2022-10-19 08:45:17,205 [pool-187-thread-1] INFO  server.RaftServerConfigKeys (ConfUtils.java:logGet(46)) - raft.server.log.segment.cache.num.max = 2 (custom)
2022-10-19 08:45:17,205 [pool-187-thread-1] INFO  server.RaftServerConfigKeys (ConfUtils.java:logGet(46)) - raft.server.log.segment.cache.size.max = 200MB (=209715200) (default)
2022-10-19 08:45:17,206 [pool-187-thread-1] INFO  segmented.SegmentedRaftLogWorker (SegmentedRaftLogWorker.java:<init>(191)) - new 2de491c0-1905-4845-ada7-2a3c171f2066@group-ADE01F2A5737-SegmentedRaftLogWorker for RaftStorageImpl:Storage Directory /home/runner/work/ozone/ozone/hadoop-ozone/integration-test/target/test-dir/MiniOzoneClusterImpl-43a13940-e4af-4545-ab6e-e590eff1efbb/datanode-5/data/ratis/e78c9898-718e-4f14-bca0-ade01f2a5737
2022-10-19 08:45:17,206 [pool-187-thread-1] INFO  server.RaftServerConfigKeys (ConfUtils.java:logGet(46)) - raft.server.log.queue.byte-limit = 4294967296 (custom)
2022-10-19 08:45:17,206 [pool-187-thread-1] INFO  server.RaftServerConfigKeys (ConfUtils.java:logGet(46)) - raft.server.log.queue.element-limit = 1024 (custom)
2022-10-19 08:45:17,206 [pool-187-thread-1] INFO  server.RaftServerConfigKeys (ConfUtils.java:logGet(46)) - raft.server.log.segment.size.max = 1048576 (custom)
2022-10-19 08:45:17,206 [pool-187-thread-1] INFO  server.RaftServerConfigKeys (ConfUtils.java:logGet(46)) - raft.server.log.preallocated.size = 16384 (custom)
2022-10-19 08:45:17,206 [pool-187-thread-1] INFO  server.RaftServerConfigKeys (ConfUtils.java:logGet(46)) - raft.server.log.force.sync.num = 128 (default)
2022-10-19 08:45:17,206 [pool-187-thread-1] INFO  server.RaftServerConfigKeys (ConfUtils.java:logGet(46)) - raft.server.log.statemachine.data.sync = true (default)
2022-10-19 08:45:17,206 [pool-187-thread-1] INFO  server.RaftServerConfigKeys (ConfUtils.java:logGet(46)) - raft.server.log.statemachine.data.sync.timeout = 10s (default)
2022-10-19 08:45:17,206 [pool-187-thread-1] INFO  server.RaftServerConfigKeys (ConfUtils.java:logGet(46)) - raft.server.log.statemachine.data.sync.timeout.retry = -1 (default)
2022-10-19 08:45:17,207 [pool-187-thread-1] INFO  server.RaftServerConfigKeys (ConfUtils.java:logGet(46)) - raft.server.log.write.buffer.size = 1048576 (custom)
2022-10-19 08:45:17,208 [pool-187-thread-1] INFO  server.RaftServerConfigKeys (ConfUtils.java:logGet(46)) - raft.server.log.unsafe-flush.enabled = false (default)
2022-10-19 08:45:17,208 [pool-187-thread-1] INFO  server.RaftServerConfigKeys (ConfUtils.java:logGet(46)) - raft.server.log.async-flush.enabled = false (default)
2022-10-19 08:45:17,208 [pool-187-thread-1] INFO  server.RaftServerConfigKeys (ConfUtils.java:logGet(46)) - raft.server.log.statemachine.data.caching.enabled = true (custom)
2022-10-19 08:45:17,208 [pool-187-thread-1] INFO  segmented.SegmentedRaftLogWorker (SegmentedRaftLogWorker.java:lambda$new$0(136)) - 2de491c0-1905-4845-ada7-2a3c171f2066@group-ADE01F2A5737-SegmentedRaftLogWorker: flushIndex: setUnconditionally 0 -> -1
2022-10-19 08:45:17,208 [pool-187-thread-1] INFO  segmented.SegmentedRaftLogWorker (SegmentedRaftLogWorker.java:lambda$new$0(136)) - 2de491c0-1905-4845-ada7-2a3c171f2066@group-ADE01F2A5737-SegmentedRaftLogWorker: safeCacheEvictIndex: setUnconditionally 0 -> -1
2022-10-19 08:45:17,208 [pool-187-thread-1] INFO  server.RaftServer$Division (RaftServerImpl.java:start(334)) - 2de491c0-1905-4845-ada7-2a3c171f2066@group-ADE01F2A5737: start as a follower, conf=-1: peers:[2de491c0-1905-4845-ada7-2a3c171f2066|rpc:10.1.1.188:45745|priority:1|startupRole:FOLLOWER]|listeners:[], old=null
2022-10-19 08:45:17,209 [pool-187-thread-1] INFO  server.RaftServer$Division (RaftServerImpl.java:setRole(321)) - 2de491c0-1905-4845-ada7-2a3c171f2066@group-ADE01F2A5737: changes role from      null to FOLLOWER at term 0 for startAsFollower
2022-10-19 08:45:17,209 [pool-187-thread-1] INFO  impl.RoleInfo (RoleInfo.java:updateAndGet(139)) - 2de491c0-1905-4845-ada7-2a3c171f2066: start 2de491c0-1905-4845-ada7-2a3c171f2066@group-ADE01F2A5737-FollowerState
2022-10-19 08:45:17,209 [pool-187-thread-1] INFO  util.JmxRegister (JmxRegister.java:tryRegister(44)) - Successfully registered JMX Bean with object name Ratis:service=RaftServer,group=group-ADE01F2A5737,id=2de491c0-1905-4845-ada7-2a3c171f2066
2022-10-19 08:45:17,209 [pool-187-thread-1] INFO  server.RaftServerConfigKeys (ConfUtils.java:logGet(46)) - raft.server.snapshot.auto.trigger.enabled = true (custom)
2022-10-19 08:45:17,209 [pool-187-thread-1] INFO  server.RaftServerConfigKeys (ConfUtils.java:logGet(46)) - raft.server.snapshot.auto.trigger.threshold = 10000 (custom)
2022-10-19 08:45:17,209 [pool-187-thread-1] INFO  server.RaftServerConfigKeys (ConfUtils.java:logGet(46)) - raft.server.snapshot.retention.file.num = 5 (custom)
2022-10-19 08:45:17,209 [pool-187-thread-1] INFO  server.RaftServerConfigKeys (ConfUtils.java:logGet(46)) - raft.server.log.purge.upto.snapshot.index = false (default)
2022-10-19 08:45:17,210 [2de491c0-1905-4845-ada7-2a3c171f2066@group-ADE01F2A5737-FollowerState] INFO  server.RaftServerConfigKeys (ConfUtils.java:logFallback(53)) - raft.server.rpc.first-election.timeout.min = 5s (fallback to raft.server.rpc.timeout.min)
2022-10-19 08:45:17,210 [2de491c0-1905-4845-ada7-2a3c171f2066@group-ADE01F2A5737-FollowerState] INFO  server.RaftServerConfigKeys (ConfUtils.java:logFallback(53)) - raft.server.rpc.first-election.timeout.max = 5200ms (fallback to raft.server.rpc.timeout.max)
2022-10-19 08:45:17,210 [Command processor thread] INFO  ratis.XceiverServerRatis (XceiverServerRatis.java:addGroup(765)) - Created group PipelineID=e78c9898-718e-4f14-bca0-ade01f2a5737
2022-10-19 08:45:17,210 [Command processor thread] INFO  commandhandler.CreatePipelineCommandHandler (CreatePipelineCommandHandler.java:handle(113)) - Created Pipeline RATIS ONE PipelineID=e78c9898-718e-4f14-bca0-ade01f2a5737.
2022-10-19 08:45:17,721 [Command processor thread] INFO  server.RaftServer (RaftServerProxy.java:addNew(96)) - 88796760-9d6a-455a-8b63-676b32daf901: addNew group-E6FA9D2C0870:[88796760-9d6a-455a-8b63-676b32daf901|rpc:10.1.1.188:43773|priority:1|startupRole:FOLLOWER] returns group-E6FA9D2C0870:java.util.concurrent.CompletableFuture@24b7edad[Not completed]
2022-10-19 08:45:17,724 [pool-210-thread-1] INFO  server.RaftServer$Division (RaftServerImpl.java:<init>(195)) - 88796760-9d6a-455a-8b63-676b32daf901: new RaftServerImpl for group-E6FA9D2C0870:[88796760-9d6a-455a-8b63-676b32daf901|rpc:10.1.1.188:43773|priority:1|startupRole:FOLLOWER] with ContainerStateMachine:uninitialized
2022-10-19 08:45:17,724 [pool-210-thread-1] INFO  server.RaftServerConfigKeys (ConfUtils.java:logGet(46)) - raft.server.rpc.timeout.min = 5s (custom)
2022-10-19 08:45:17,724 [pool-210-thread-1] INFO  server.RaftServerConfigKeys (ConfUtils.java:logGet(46)) - raft.server.rpc.timeout.max = 5200ms (custom)
2022-10-19 08:45:17,724 [pool-210-thread-1] INFO  server.RaftServerConfigKeys (ConfUtils.java:logGet(46)) - raft.server.rpc.sleep.time = 25ms (default)
2022-10-19 08:45:17,724 [pool-210-thread-1] INFO  server.RaftServerConfigKeys (ConfUtils.java:logGet(46)) - raft.server.rpc.slowness.timeout = 300s (custom)
2022-10-19 08:45:17,724 [pool-210-thread-1] INFO  server.RaftServerConfigKeys (ConfUtils.java:logGet(46)) - raft.server.leaderelection.leader.step-down.wait-time = 10s (default)
2022-10-19 08:45:17,724 [pool-210-thread-1] INFO  server.RaftServerConfigKeys (ConfUtils.java:logGet(46)) - raft.server.sleep.deviation.threshold = 300ms (default)
2022-10-19 08:45:17,724 [pool-210-thread-1] INFO  server.RaftServer$Division (ServerState.java:<init>(118)) - 88796760-9d6a-455a-8b63-676b32daf901@group-E6FA9D2C0870: ConfigurationManager, init=-1: peers:[88796760-9d6a-455a-8b63-676b32daf901|rpc:10.1.1.188:43773|priority:1|startupRole:FOLLOWER]|listeners:[], old=null, confs=<EMPTY_MAP>
2022-10-19 08:45:17,724 [pool-210-thread-1] INFO  server.RaftServerConfigKeys (ConfUtils.java:logGet(46)) - raft.server.storage.dir = [/home/runner/work/ozone/ozone/hadoop-ozone/integration-test/target/test-dir/MiniOzoneClusterImpl-43a13940-e4af-4545-ab6e-e590eff1efbb/datanode-6/data/ratis] (custom)
2022-10-19 08:45:17,725 [pool-210-thread-1] INFO  server.RaftServerConfigKeys (ConfUtils.java:logGet(46)) - raft.server.log.corruption.policy = EXCEPTION (default)
2022-10-19 08:45:17,725 [pool-210-thread-1] INFO  server.RaftServerConfigKeys (ConfUtils.java:logGet(46)) - raft.server.storage.free-space.min = 0MB (=0) (default)
2022-10-19 08:45:17,725 [pool-210-thread-1] INFO  server.RaftServerConfigKeys (ConfUtils.java:logGet(46)) - raft.server.notification.no-leader.timeout = 300s (custom)
2022-10-19 08:45:17,725 [pool-210-thread-1] INFO  server.RaftServerConfigKeys (ConfUtils.java:logGet(46)) - raft.server.retrycache.expirytime = 600000ms (custom)
2022-10-19 08:45:17,725 [pool-210-thread-1] INFO  server.RaftServerConfigKeys (ConfUtils.java:logGet(46)) - raft.server.retrycache.statistics.expirytime = 100μs (default)
2022-10-19 08:45:17,727 [pool-210-thread-1] INFO  server.RaftServerConfigKeys (ConfUtils.java:logGet(46)) - raft.server.log.appender.install.snapshot.enabled = false (custom)
2022-10-19 08:45:17,727 [pool-210-thread-1] INFO  server.RaftServerConfigKeys (ConfUtils.java:logGet(46)) - raft.server.threadpool.server.cached = true (default)
2022-10-19 08:45:17,727 [pool-210-thread-1] INFO  server.RaftServerConfigKeys (ConfUtils.java:logGet(46)) - raft.server.threadpool.server.size = 0 (default)
2022-10-19 08:45:17,728 [pool-210-thread-1] INFO  server.RaftServerConfigKeys (ConfUtils.java:logGet(46)) - raft.server.threadpool.client.cached = true (default)
2022-10-19 08:45:17,728 [pool-210-thread-1] INFO  server.RaftServerConfigKeys (ConfUtils.java:logGet(46)) - raft.server.threadpool.client.size = 0 (default)
2022-10-19 08:45:17,728 [pool-210-thread-1] INFO  storage.RaftStorageDirectory (RaftStorageDirectoryImpl.java:analyzeStorage(137)) - The storage directory /home/runner/work/ozone/ozone/hadoop-ozone/integration-test/target/test-dir/MiniOzoneClusterImpl-43a13940-e4af-4545-ab6e-e590eff1efbb/datanode-6/data/ratis/fa67833d-7000-4b79-b267-e6fa9d2c0870 does not exist. Creating ...
2022-10-19 08:45:17,729 [pool-210-thread-1] INFO  storage.RaftStorageDirectory (RaftStorageDirectoryImpl.java:tryLock(231)) - Lock on /home/runner/work/ozone/ozone/hadoop-ozone/integration-test/target/test-dir/MiniOzoneClusterImpl-43a13940-e4af-4545-ab6e-e590eff1efbb/datanode-6/data/ratis/fa67833d-7000-4b79-b267-e6fa9d2c0870/in_use.lock acquired by nodename 22270@fv-az447-90
2022-10-19 08:45:17,731 [pool-210-thread-1] INFO  storage.RaftStorage (RaftStorageImpl.java:format(96)) - Storage directory /home/runner/work/ozone/ozone/hadoop-ozone/integration-test/target/test-dir/MiniOzoneClusterImpl-43a13940-e4af-4545-ab6e-e590eff1efbb/datanode-6/data/ratis/fa67833d-7000-4b79-b267-e6fa9d2c0870 has been successfully formatted.
2022-10-19 08:45:17,731 [pool-210-thread-1] INFO  ratis.ContainerStateMachine (ContainerStateMachine.java:loadSnapshot(236)) - group-E6FA9D2C0870: The snapshot info is null. Setting the last applied indexto:(t:0, i:~)
2022-10-19 08:45:17,731 [pool-210-thread-1] INFO  server.RaftServerConfigKeys (ConfUtils.java:logGet(46)) - raft.server.log.use.memory = false (default)
2022-10-19 08:45:17,731 [pool-210-thread-1] INFO  server.RaftServerConfigKeys (ConfUtils.java:logGet(46)) - raft.server.log.purge.gap = 1000000 (custom)
2022-10-19 08:45:17,731 [pool-210-thread-1] INFO  server.RaftServerConfigKeys (ConfUtils.java:logGet(46)) - raft.server.log.appender.buffer.byte-limit = 33554432 (custom)
2022-10-19 08:45:17,732 [pool-210-thread-1] INFO  server.RaftServerConfigKeys (ConfUtils.java:logGet(46)) - raft.server.log.statemachine.data.read.timeout = 1000ms (default)
2022-10-19 08:45:17,732 [pool-210-thread-1] INFO  server.RaftServerConfigKeys (ConfUtils.java:logGet(46)) - raft.server.log.purge.preservation.log.num = 0 (default)
2022-10-19 08:45:17,733 [pool-210-thread-1] INFO  server.RaftServerConfigKeys (ConfUtils.java:logGet(46)) - raft.server.log.segment.size.max = 1048576 (custom)
2022-10-19 08:45:17,733 [EventQueue-PipelineReportForPipelineReportHandler] INFO  pipeline.PipelineManagerImpl (PipelineManagerImpl.java:openPipeline(367)) - Pipeline Pipeline[ Id: fa67833d-7000-4b79-b267-e6fa9d2c0870, Nodes: 88796760-9d6a-455a-8b63-676b32daf901{ip: 10.1.1.188, host: fv-az447-90.tnmeiuxxsqeu3byeydcnbj0j5d.dx.internal.cloudapp.net, ports: [REPLICATION=43325, RATIS=43773, RATIS_ADMIN=43773, RATIS_SERVER=43773, STANDALONE=44263], networkLocation: /default-rack, certSerialId: null, persistedOpState: IN_SERVICE, persistedOpStateExpiryEpochSec: 0}, ReplicationConfig: RATIS/ONE, State:ALLOCATED, leaderId:88796760-9d6a-455a-8b63-676b32daf901, CreationTimestamp2022-10-19T08:45:14.727Z[Etc/UTC]] moved to OPEN state
2022-10-19 08:45:17,733 [pool-210-thread-1] INFO  server.RaftServerConfigKeys (ConfUtils.java:logGet(46)) - raft.server.log.segment.cache.num.max = 2 (custom)
2022-10-19 08:45:17,733 [pool-210-thread-1] INFO  server.RaftServerConfigKeys (ConfUtils.java:logGet(46)) - raft.server.log.segment.cache.size.max = 200MB (=209715200) (default)
2022-10-19 08:45:17,733 [pool-210-thread-1] INFO  segmented.SegmentedRaftLogWorker (SegmentedRaftLogWorker.java:<init>(191)) - new 88796760-9d6a-455a-8b63-676b32daf901@group-E6FA9D2C0870-SegmentedRaftLogWorker for RaftStorageImpl:Storage Directory /home/runner/work/ozone/ozone/hadoop-ozone/integration-test/target/test-dir/MiniOzoneClusterImpl-43a13940-e4af-4545-ab6e-e590eff1efbb/datanode-6/data/ratis/fa67833d-7000-4b79-b267-e6fa9d2c0870
2022-10-19 08:45:17,733 [pool-210-thread-1] INFO  server.RaftServerConfigKeys (ConfUtils.java:logGet(46)) - raft.server.log.queue.byte-limit = 4294967296 (custom)
2022-10-19 08:45:17,733 [pool-210-thread-1] INFO  server.RaftServerConfigKeys (ConfUtils.java:logGet(46)) - raft.server.log.queue.element-limit = 1024 (custom)
2022-10-19 08:45:17,733 [pool-210-thread-1] INFO  server.RaftServerConfigKeys (ConfUtils.java:logGet(46)) - raft.server.log.segment.size.max = 1048576 (custom)
2022-10-19 08:45:17,734 [pool-210-thread-1] INFO  server.RaftServerConfigKeys (ConfUtils.java:logGet(46)) - raft.server.log.preallocated.size = 16384 (custom)
2022-10-19 08:45:17,734 [pool-210-thread-1] INFO  server.RaftServerConfigKeys (ConfUtils.java:logGet(46)) - raft.server.log.force.sync.num = 128 (default)
2022-10-19 08:45:17,734 [pool-210-thread-1] INFO  server.RaftServerConfigKeys (ConfUtils.java:logGet(46)) - raft.server.log.statemachine.data.sync = true (default)
2022-10-19 08:45:17,734 [pool-210-thread-1] INFO  server.RaftServerConfigKeys (ConfUtils.java:logGet(46)) - raft.server.log.statemachine.data.sync.timeout = 10s (default)
2022-10-19 08:45:17,734 [pool-210-thread-1] INFO  server.RaftServerConfigKeys (ConfUtils.java:logGet(46)) - raft.server.log.statemachine.data.sync.timeout.retry = -1 (default)
2022-10-19 08:45:17,735 [pool-210-thread-1] INFO  server.RaftServerConfigKeys (ConfUtils.java:logGet(46)) - raft.server.log.write.buffer.size = 1048576 (custom)
2022-10-19 08:45:17,735 [EventQueue-OpenPipelineForHealthyPipelineSafeModeRule] INFO  safemode.SCMSafeModeManager (HealthyPipelineSafeModeRule.java:process(137)) - SCM in safe mode. Healthy pipelines reported count is 0, required healthy pipeline reported count is 1
2022-10-19 08:45:17,735 [pool-210-thread-1] INFO  server.RaftServerConfigKeys (ConfUtils.java:logGet(46)) - raft.server.log.unsafe-flush.enabled = false (default)
2022-10-19 08:45:17,737 [pool-210-thread-1] INFO  server.RaftServerConfigKeys (ConfUtils.java:logGet(46)) - raft.server.log.async-flush.enabled = false (default)
2022-10-19 08:45:17,737 [pool-210-thread-1] INFO  server.RaftServerConfigKeys (ConfUtils.java:logGet(46)) - raft.server.log.statemachine.data.caching.enabled = true (custom)
2022-10-19 08:45:17,737 [pool-210-thread-1] INFO  segmented.SegmentedRaftLogWorker (SegmentedRaftLogWorker.java:lambda$new$0(136)) - 88796760-9d6a-455a-8b63-676b32daf901@group-E6FA9D2C0870-SegmentedRaftLogWorker: flushIndex: setUnconditionally 0 -> -1
2022-10-19 08:45:17,737 [pool-210-thread-1] INFO  segmented.SegmentedRaftLogWorker (SegmentedRaftLogWorker.java:lambda$new$0(136)) - 88796760-9d6a-455a-8b63-676b32daf901@group-E6FA9D2C0870-SegmentedRaftLogWorker: safeCacheEvictIndex: setUnconditionally 0 -> -1
2022-10-19 08:45:17,737 [pool-210-thread-1] INFO  server.RaftServer$Division (RaftServerImpl.java:start(334)) - 88796760-9d6a-455a-8b63-676b32daf901@group-E6FA9D2C0870: start as a follower, conf=-1: peers:[88796760-9d6a-455a-8b63-676b32daf901|rpc:10.1.1.188:43773|priority:1|startupRole:FOLLOWER]|listeners:[], old=null
2022-10-19 08:45:17,738 [pool-210-thread-1] INFO  server.RaftServer$Division (RaftServerImpl.java:setRole(321)) - 88796760-9d6a-455a-8b63-676b32daf901@group-E6FA9D2C0870: changes role from      null to FOLLOWER at term 0 for startAsFollower
2022-10-19 08:45:17,738 [pool-210-thread-1] INFO  impl.RoleInfo (RoleInfo.java:updateAndGet(139)) - 88796760-9d6a-455a-8b63-676b32daf901: start 88796760-9d6a-455a-8b63-676b32daf901@group-E6FA9D2C0870-FollowerState
2022-10-19 08:45:17,741 [pool-210-thread-1] INFO  util.JmxRegister (JmxRegister.java:tryRegister(44)) - Successfully registered JMX Bean with object name Ratis:service=RaftServer,group=group-E6FA9D2C0870,id=88796760-9d6a-455a-8b63-676b32daf901
2022-10-19 08:45:17,741 [pool-210-thread-1] INFO  server.RaftServerConfigKeys (ConfUtils.java:logGet(46)) - raft.server.snapshot.auto.trigger.enabled = true (custom)
2022-10-19 08:45:17,741 [pool-210-thread-1] INFO  server.RaftServerConfigKeys (ConfUtils.java:logGet(46)) - raft.server.snapshot.auto.trigger.threshold = 10000 (custom)
2022-10-19 08:45:17,741 [pool-210-thread-1] INFO  server.RaftServerConfigKeys (ConfUtils.java:logGet(46)) - raft.server.snapshot.retention.file.num = 5 (custom)
2022-10-19 08:45:17,741 [pool-210-thread-1] INFO  server.RaftServerConfigKeys (ConfUtils.java:logGet(46)) - raft.server.log.purge.upto.snapshot.index = false (default)
2022-10-19 08:45:17,742 [Command processor thread] INFO  ratis.XceiverServerRatis (XceiverServerRatis.java:addGroup(765)) - Created group PipelineID=fa67833d-7000-4b79-b267-e6fa9d2c0870
2022-10-19 08:45:17,742 [Command processor thread] INFO  commandhandler.CreatePipelineCommandHandler (CreatePipelineCommandHandler.java:handle(113)) - Created Pipeline RATIS ONE PipelineID=fa67833d-7000-4b79-b267-e6fa9d2c0870.
2022-10-19 08:45:17,742 [Command processor thread] INFO  server.RaftServer (RaftServerProxy.java:addNew(96)) - 88796760-9d6a-455a-8b63-676b32daf901: addNew group-683656F47C8E:[2793c3be-81e9-49ed-8ebe-f0dc6850cb05|rpc:10.1.1.188:34763|priority:0|startupRole:FOLLOWER, bca43735-b008-443f-9343-82cfc7e5cdbd|rpc:10.1.1.188:44765|priority:1|startupRole:FOLLOWER, 88796760-9d6a-455a-8b63-676b32daf901|rpc:10.1.1.188:43773|priority:0|startupRole:FOLLOWER] returns group-683656F47C8E:java.util.concurrent.CompletableFuture@20887de3[Not completed]
2022-10-19 08:45:17,743 [88796760-9d6a-455a-8b63-676b32daf901@group-E6FA9D2C0870-FollowerState] INFO  server.RaftServerConfigKeys (ConfUtils.java:logFallback(53)) - raft.server.rpc.first-election.timeout.min = 5s (fallback to raft.server.rpc.timeout.min)
2022-10-19 08:45:17,743 [88796760-9d6a-455a-8b63-676b32daf901@group-E6FA9D2C0870-FollowerState] INFO  server.RaftServerConfigKeys (ConfUtils.java:logFallback(53)) - raft.server.rpc.first-election.timeout.max = 5200ms (fallback to raft.server.rpc.timeout.max)
2022-10-19 08:45:17,743 [pool-210-thread-1] INFO  server.RaftServer$Division (RaftServerImpl.java:<init>(195)) - 88796760-9d6a-455a-8b63-676b32daf901: new RaftServerImpl for group-683656F47C8E:[2793c3be-81e9-49ed-8ebe-f0dc6850cb05|rpc:10.1.1.188:34763|priority:0|startupRole:FOLLOWER, bca43735-b008-443f-9343-82cfc7e5cdbd|rpc:10.1.1.188:44765|priority:1|startupRole:FOLLOWER, 88796760-9d6a-455a-8b63-676b32daf901|rpc:10.1.1.188:43773|priority:0|startupRole:FOLLOWER] with ContainerStateMachine:uninitialized
2022-10-19 08:45:17,751 [pool-210-thread-1] INFO  server.RaftServerConfigKeys (ConfUtils.java:logGet(46)) - raft.server.rpc.timeout.min = 5s (custom)
2022-10-19 08:45:17,751 [pool-210-thread-1] INFO  server.RaftServerConfigKeys (ConfUtils.java:logGet(46)) - raft.server.rpc.timeout.max = 5200ms (custom)
2022-10-19 08:45:17,751 [pool-210-thread-1] INFO  server.RaftServerConfigKeys (ConfUtils.java:logGet(46)) - raft.server.rpc.sleep.time = 25ms (default)
2022-10-19 08:45:17,751 [pool-210-thread-1] INFO  server.RaftServerConfigKeys (ConfUtils.java:logGet(46)) - raft.server.rpc.slowness.timeout = 300s (custom)
2022-10-19 08:45:17,751 [pool-210-thread-1] INFO  server.RaftServerConfigKeys (ConfUtils.java:logGet(46)) - raft.server.leaderelection.leader.step-down.wait-time = 10s (default)
2022-10-19 08:45:17,751 [pool-210-thread-1] INFO  server.RaftServerConfigKeys (ConfUtils.java:logGet(46)) - raft.server.sleep.deviation.threshold = 300ms (default)
2022-10-19 08:45:17,751 [pool-210-thread-1] INFO  server.RaftServer$Division (ServerState.java:<init>(118)) - 88796760-9d6a-455a-8b63-676b32daf901@group-683656F47C8E: ConfigurationManager, init=-1: peers:[2793c3be-81e9-49ed-8ebe-f0dc6850cb05|rpc:10.1.1.188:34763|priority:0|startupRole:FOLLOWER, bca43735-b008-443f-9343-82cfc7e5cdbd|rpc:10.1.1.188:44765|priority:1|startupRole:FOLLOWER, 88796760-9d6a-455a-8b63-676b32daf901|rpc:10.1.1.188:43773|priority:0|startupRole:FOLLOWER]|listeners:[], old=null, confs=<EMPTY_MAP>
2022-10-19 08:45:17,751 [pool-210-thread-1] INFO  server.RaftServerConfigKeys (ConfUtils.java:logGet(46)) - raft.server.storage.dir = [/home/runner/work/ozone/ozone/hadoop-ozone/integration-test/target/test-dir/MiniOzoneClusterImpl-43a13940-e4af-4545-ab6e-e590eff1efbb/datanode-6/data/ratis] (custom)
2022-10-19 08:45:17,752 [pool-210-thread-1] INFO  server.RaftServerConfigKeys (ConfUtils.java:logGet(46)) - raft.server.log.corruption.policy = EXCEPTION (default)
2022-10-19 08:45:17,752 [pool-210-thread-1] INFO  server.RaftServerConfigKeys (ConfUtils.java:logGet(46)) - raft.server.storage.free-space.min = 0MB (=0) (default)
2022-10-19 08:45:17,752 [pool-210-thread-1] INFO  server.RaftServerConfigKeys (ConfUtils.java:logGet(46)) - raft.server.notification.no-leader.timeout = 300s (custom)
2022-10-19 08:45:17,752 [pool-210-thread-1] INFO  server.RaftServerConfigKeys (ConfUtils.java:logGet(46)) - raft.server.retrycache.expirytime = 600000ms (custom)
2022-10-19 08:45:17,752 [pool-210-thread-1] INFO  server.RaftServerConfigKeys (ConfUtils.java:logGet(46)) - raft.server.retrycache.statistics.expirytime = 100μs (default)
2022-10-19 08:45:17,753 [pool-210-thread-1] INFO  server.RaftServerConfigKeys (ConfUtils.java:logGet(46)) - raft.server.log.appender.install.snapshot.enabled = false (custom)
2022-10-19 08:45:17,753 [pool-210-thread-1] INFO  server.RaftServerConfigKeys (ConfUtils.java:logGet(46)) - raft.server.threadpool.server.cached = true (default)
2022-10-19 08:45:17,753 [pool-210-thread-1] INFO  server.RaftServerConfigKeys (ConfUtils.java:logGet(46)) - raft.server.threadpool.server.size = 0 (default)
2022-10-19 08:45:17,753 [pool-210-thread-1] INFO  server.RaftServerConfigKeys (ConfUtils.java:logGet(46)) - raft.server.threadpool.client.cached = true (default)
2022-10-19 08:45:17,753 [pool-210-thread-1] INFO  server.RaftServerConfigKeys (ConfUtils.java:logGet(46)) - raft.server.threadpool.client.size = 0 (default)
2022-10-19 08:45:17,753 [pool-210-thread-1] INFO  storage.RaftStorageDirectory (RaftStorageDirectoryImpl.java:analyzeStorage(137)) - The storage directory /home/runner/work/ozone/ozone/hadoop-ozone/integration-test/target/test-dir/MiniOzoneClusterImpl-43a13940-e4af-4545-ab6e-e590eff1efbb/datanode-6/data/ratis/7c96d7d2-a9d3-43d1-9a72-683656f47c8e does not exist. Creating ...
2022-10-19 08:45:17,755 [pool-210-thread-1] INFO  storage.RaftStorageDirectory (RaftStorageDirectoryImpl.java:tryLock(231)) - Lock on /home/runner/work/ozone/ozone/hadoop-ozone/integration-test/target/test-dir/MiniOzoneClusterImpl-43a13940-e4af-4545-ab6e-e590eff1efbb/datanode-6/data/ratis/7c96d7d2-a9d3-43d1-9a72-683656f47c8e/in_use.lock acquired by nodename 22270@fv-az447-90
2022-10-19 08:45:17,756 [pool-210-thread-1] INFO  storage.RaftStorage (RaftStorageImpl.java:format(96)) - Storage directory /home/runner/work/ozone/ozone/hadoop-ozone/integration-test/target/test-dir/MiniOzoneClusterImpl-43a13940-e4af-4545-ab6e-e590eff1efbb/datanode-6/data/ratis/7c96d7d2-a9d3-43d1-9a72-683656f47c8e has been successfully formatted.
2022-10-19 08:45:17,757 [pool-210-thread-1] INFO  ratis.ContainerStateMachine (ContainerStateMachine.java:loadSnapshot(236)) - group-683656F47C8E: The snapshot info is null. Setting the last applied indexto:(t:0, i:~)
2022-10-19 08:45:17,757 [pool-210-thread-1] INFO  server.RaftServerConfigKeys (ConfUtils.java:logGet(46)) - raft.server.log.use.memory = false (default)
2022-10-19 08:45:17,757 [pool-210-thread-1] INFO  server.RaftServerConfigKeys (ConfUtils.java:logGet(46)) - raft.server.log.purge.gap = 1000000 (custom)
2022-10-19 08:45:17,757 [pool-210-thread-1] INFO  server.RaftServerConfigKeys (ConfUtils.java:logGet(46)) - raft.server.log.appender.buffer.byte-limit = 33554432 (custom)
2022-10-19 08:45:17,757 [pool-210-thread-1] INFO  server.RaftServerConfigKeys (ConfUtils.java:logGet(46)) - raft.server.log.statemachine.data.read.timeout = 1000ms (default)
2022-10-19 08:45:17,757 [pool-210-thread-1] INFO  server.RaftServerConfigKeys (ConfUtils.java:logGet(46)) - raft.server.log.purge.preservation.log.num = 0 (default)
2022-10-19 08:45:17,758 [pool-210-thread-1] INFO  server.RaftServerConfigKeys (ConfUtils.java:logGet(46)) - raft.server.log.segment.size.max = 1048576 (custom)
2022-10-19 08:45:17,758 [EventQueue-OpenPipelineForHealthyPipelineSafeModeRule] INFO  safemode.SCMSafeModeManager (HealthyPipelineSafeModeRule.java:process(137)) - SCM in safe mode. Healthy pipelines reported count is 0, required healthy pipeline reported count is 1
2022-10-19 08:45:17,758 [pool-210-thread-1] INFO  server.RaftServerConfigKeys (ConfUtils.java:logGet(46)) - raft.server.log.segment.cache.num.max = 2 (custom)
2022-10-19 08:45:17,761 [pool-210-thread-1] INFO  server.RaftServerConfigKeys (ConfUtils.java:logGet(46)) - raft.server.log.segment.cache.size.max = 200MB (=209715200) (default)
2022-10-19 08:45:17,761 [pool-210-thread-1] INFO  segmented.SegmentedRaftLogWorker (SegmentedRaftLogWorker.java:<init>(191)) - new 88796760-9d6a-455a-8b63-676b32daf901@group-683656F47C8E-SegmentedRaftLogWorker for RaftStorageImpl:Storage Directory /home/runner/work/ozone/ozone/hadoop-ozone/integration-test/target/test-dir/MiniOzoneClusterImpl-43a13940-e4af-4545-ab6e-e590eff1efbb/datanode-6/data/ratis/7c96d7d2-a9d3-43d1-9a72-683656f47c8e
2022-10-19 08:45:17,761 [pool-210-thread-1] INFO  server.RaftServerConfigKeys (ConfUtils.java:logGet(46)) - raft.server.log.queue.byte-limit = 4294967296 (custom)
2022-10-19 08:45:17,762 [pool-210-thread-1] INFO  server.RaftServerConfigKeys (ConfUtils.java:logGet(46)) - raft.server.log.queue.element-limit = 1024 (custom)
2022-10-19 08:45:17,762 [pool-210-thread-1] INFO  server.RaftServerConfigKeys (ConfUtils.java:logGet(46)) - raft.server.log.segment.size.max = 1048576 (custom)
2022-10-19 08:45:17,762 [pool-210-thread-1] INFO  server.RaftServerConfigKeys (ConfUtils.java:logGet(46)) - raft.server.log.preallocated.size = 16384 (custom)
2022-10-19 08:45:17,762 [pool-210-thread-1] INFO  server.RaftServerConfigKeys (ConfUtils.java:logGet(46)) - raft.server.log.force.sync.num = 128 (default)
2022-10-19 08:45:17,762 [pool-210-thread-1] INFO  server.RaftServerConfigKeys (ConfUtils.java:logGet(46)) - raft.server.log.statemachine.data.sync = true (default)
2022-10-19 08:45:17,762 [pool-210-thread-1] INFO  server.RaftServerConfigKeys (ConfUtils.java:logGet(46)) - raft.server.log.statemachine.data.sync.timeout = 10s (default)
2022-10-19 08:45:17,762 [pool-210-thread-1] INFO  server.RaftServerConfigKeys (ConfUtils.java:logGet(46)) - raft.server.log.statemachine.data.sync.timeout.retry = -1 (default)
2022-10-19 08:45:17,763 [pool-210-thread-1] INFO  server.RaftServerConfigKeys (ConfUtils.java:logGet(46)) - raft.server.log.write.buffer.size = 1048576 (custom)
2022-10-19 08:45:17,763 [pool-210-thread-1] INFO  server.RaftServerConfigKeys (ConfUtils.java:logGet(46)) - raft.server.log.unsafe-flush.enabled = false (default)
2022-10-19 08:45:17,764 [pool-210-thread-1] INFO  server.RaftServerConfigKeys (ConfUtils.java:logGet(46)) - raft.server.log.async-flush.enabled = false (default)
2022-10-19 08:45:17,764 [pool-210-thread-1] INFO  server.RaftServerConfigKeys (ConfUtils.java:logGet(46)) - raft.server.log.statemachine.data.caching.enabled = true (custom)
2022-10-19 08:45:17,764 [pool-210-thread-1] INFO  segmented.SegmentedRaftLogWorker (SegmentedRaftLogWorker.java:lambda$new$0(136)) - 88796760-9d6a-455a-8b63-676b32daf901@group-683656F47C8E-SegmentedRaftLogWorker: flushIndex: setUnconditionally 0 -> -1
2022-10-19 08:45:17,764 [pool-210-thread-1] INFO  segmented.SegmentedRaftLogWorker (SegmentedRaftLogWorker.java:lambda$new$0(136)) - 88796760-9d6a-455a-8b63-676b32daf901@group-683656F47C8E-SegmentedRaftLogWorker: safeCacheEvictIndex: setUnconditionally 0 -> -1
2022-10-19 08:45:17,764 [pool-210-thread-1] INFO  server.RaftServer$Division (RaftServerImpl.java:start(334)) - 88796760-9d6a-455a-8b63-676b32daf901@group-683656F47C8E: start as a follower, conf=-1: peers:[2793c3be-81e9-49ed-8ebe-f0dc6850cb05|rpc:10.1.1.188:34763|priority:0|startupRole:FOLLOWER, bca43735-b008-443f-9343-82cfc7e5cdbd|rpc:10.1.1.188:44765|priority:1|startupRole:FOLLOWER, 88796760-9d6a-455a-8b63-676b32daf901|rpc:10.1.1.188:43773|priority:0|startupRole:FOLLOWER]|listeners:[], old=null
2022-10-19 08:45:17,764 [pool-210-thread-1] INFO  server.RaftServer$Division (RaftServerImpl.java:setRole(321)) - 88796760-9d6a-455a-8b63-676b32daf901@group-683656F47C8E: changes role from      null to FOLLOWER at term 0 for startAsFollower
2022-10-19 08:45:17,764 [pool-210-thread-1] INFO  impl.RoleInfo (RoleInfo.java:updateAndGet(139)) - 88796760-9d6a-455a-8b63-676b32daf901: start 88796760-9d6a-455a-8b63-676b32daf901@group-683656F47C8E-FollowerState
2022-10-19 08:45:17,768 [pool-210-thread-1] INFO  util.JmxRegister (JmxRegister.java:tryRegister(44)) - Successfully registered JMX Bean with object name Ratis:service=RaftServer,group=group-683656F47C8E,id=88796760-9d6a-455a-8b63-676b32daf901
2022-10-19 08:45:17,768 [pool-210-thread-1] INFO  server.RaftServerConfigKeys (ConfUtils.java:logGet(46)) - raft.server.snapshot.auto.trigger.enabled = true (custom)
2022-10-19 08:45:17,768 [pool-210-thread-1] INFO  server.RaftServerConfigKeys (ConfUtils.java:logGet(46)) - raft.server.snapshot.auto.trigger.threshold = 10000 (custom)
2022-10-19 08:45:17,768 [pool-210-thread-1] INFO  server.RaftServerConfigKeys (ConfUtils.java:logGet(46)) - raft.server.snapshot.retention.file.num = 5 (custom)
2022-10-19 08:45:17,768 [pool-210-thread-1] INFO  server.RaftServerConfigKeys (ConfUtils.java:logGet(46)) - raft.server.log.purge.upto.snapshot.index = false (default)
2022-10-19 08:45:17,769 [88796760-9d6a-455a-8b63-676b32daf901@group-683656F47C8E-FollowerState] INFO  server.RaftServerConfigKeys (ConfUtils.java:logFallback(53)) - raft.server.rpc.first-election.timeout.min = 5s (fallback to raft.server.rpc.timeout.min)
2022-10-19 08:45:17,769 [88796760-9d6a-455a-8b63-676b32daf901@group-683656F47C8E-FollowerState] INFO  server.RaftServerConfigKeys (ConfUtils.java:logFallback(53)) - raft.server.rpc.first-election.timeout.max = 5200ms (fallback to raft.server.rpc.timeout.max)
2022-10-19 08:45:17,769 [Command processor thread] INFO  ratis.XceiverServerRatis (XceiverServerRatis.java:addGroup(765)) - Created group PipelineID=7c96d7d2-a9d3-43d1-9a72-683656f47c8e
2022-10-19 08:45:17,783 [grpc-default-executor-0] INFO  server.RaftServer (RaftServerProxy.java:addNew(96)) - 2793c3be-81e9-49ed-8ebe-f0dc6850cb05: addNew group-683656F47C8E:[2793c3be-81e9-49ed-8ebe-f0dc6850cb05|rpc:10.1.1.188:34763|dataStream:|priority:0|startupRole:FOLLOWER, bca43735-b008-443f-9343-82cfc7e5cdbd|rpc:10.1.1.188:44765|dataStream:|priority:1|startupRole:FOLLOWER, 88796760-9d6a-455a-8b63-676b32daf901|rpc:10.1.1.188:43773|dataStream:|priority:0|startupRole:FOLLOWER] returns group-683656F47C8E:java.util.concurrent.CompletableFuture@29c081de[Not completed]
2022-10-19 08:45:17,784 [pool-268-thread-1] INFO  server.RaftServer$Division (RaftServerImpl.java:<init>(195)) - 2793c3be-81e9-49ed-8ebe-f0dc6850cb05: new RaftServerImpl for group-683656F47C8E:[2793c3be-81e9-49ed-8ebe-f0dc6850cb05|rpc:10.1.1.188:34763|dataStream:|priority:0|startupRole:FOLLOWER, bca43735-b008-443f-9343-82cfc7e5cdbd|rpc:10.1.1.188:44765|dataStream:|priority:1|startupRole:FOLLOWER, 88796760-9d6a-455a-8b63-676b32daf901|rpc:10.1.1.188:43773|dataStream:|priority:0|startupRole:FOLLOWER] with ContainerStateMachine:uninitialized
2022-10-19 08:45:17,785 [pool-268-thread-1] INFO  server.RaftServerConfigKeys (ConfUtils.java:logGet(46)) - raft.server.rpc.timeout.min = 5s (custom)
2022-10-19 08:45:17,785 [pool-268-thread-1] INFO  server.RaftServerConfigKeys (ConfUtils.java:logGet(46)) - raft.server.rpc.timeout.max = 5200ms (custom)
2022-10-19 08:45:17,785 [pool-268-thread-1] INFO  server.RaftServerConfigKeys (ConfUtils.java:logGet(46)) - raft.server.rpc.sleep.time = 25ms (default)
2022-10-19 08:45:17,785 [pool-268-thread-1] INFO  server.RaftServerConfigKeys (ConfUtils.java:logGet(46)) - raft.server.rpc.slowness.timeout = 300s (custom)
2022-10-19 08:45:17,785 [pool-268-thread-1] INFO  server.RaftServerConfigKeys (ConfUtils.java:logGet(46)) - raft.server.leaderelection.leader.step-down.wait-time = 10s (default)
2022-10-19 08:45:17,785 [pool-268-thread-1] INFO  server.RaftServerConfigKeys (ConfUtils.java:logGet(46)) - raft.server.sleep.deviation.threshold = 300ms (default)
2022-10-19 08:45:17,785 [pool-268-thread-1] INFO  server.RaftServer$Division (ServerState.java:<init>(118)) - 2793c3be-81e9-49ed-8ebe-f0dc6850cb05@group-683656F47C8E: ConfigurationManager, init=-1: peers:[2793c3be-81e9-49ed-8ebe-f0dc6850cb05|rpc:10.1.1.188:34763|dataStream:|priority:0|startupRole:FOLLOWER, bca43735-b008-443f-9343-82cfc7e5cdbd|rpc:10.1.1.188:44765|dataStream:|priority:1|startupRole:FOLLOWER, 88796760-9d6a-455a-8b63-676b32daf901|rpc:10.1.1.188:43773|dataStream:|priority:0|startupRole:FOLLOWER]|listeners:[], old=null, confs=<EMPTY_MAP>
2022-10-19 08:45:17,785 [pool-268-thread-1] INFO  server.RaftServerConfigKeys (ConfUtils.java:logGet(46)) - raft.server.storage.dir = [/home/runner/work/ozone/ozone/hadoop-ozone/integration-test/target/test-dir/MiniOzoneClusterImpl-43a13940-e4af-4545-ab6e-e590eff1efbb/datanode-8/data/ratis] (custom)
2022-10-19 08:45:17,785 [pool-268-thread-1] INFO  server.RaftServerConfigKeys (ConfUtils.java:logGet(46)) - raft.server.log.corruption.policy = EXCEPTION (default)
2022-10-19 08:45:17,785 [pool-268-thread-1] INFO  server.RaftServerConfigKeys (ConfUtils.java:logGet(46)) - raft.server.storage.free-space.min = 0MB (=0) (default)
2022-10-19 08:45:17,785 [pool-268-thread-1] INFO  server.RaftServerConfigKeys (ConfUtils.java:logGet(46)) - raft.server.notification.no-leader.timeout = 300s (custom)
2022-10-19 08:45:17,786 [pool-268-thread-1] INFO  server.RaftServerConfigKeys (ConfUtils.java:logGet(46)) - raft.server.retrycache.expirytime = 600000ms (custom)
2022-10-19 08:45:17,786 [pool-268-thread-1] INFO  server.RaftServerConfigKeys (ConfUtils.java:logGet(46)) - raft.server.retrycache.statistics.expirytime = 100μs (default)
2022-10-19 08:45:17,787 [pool-268-thread-1] INFO  server.RaftServerConfigKeys (ConfUtils.java:logGet(46)) - raft.server.log.appender.install.snapshot.enabled = false (custom)
2022-10-19 08:45:17,787 [pool-268-thread-1] INFO  server.RaftServerConfigKeys (ConfUtils.java:logGet(46)) - raft.server.threadpool.server.cached = true (default)
2022-10-19 08:45:17,787 [pool-268-thread-1] INFO  server.RaftServerConfigKeys (ConfUtils.java:logGet(46)) - raft.server.threadpool.server.size = 0 (default)
2022-10-19 08:45:17,788 [pool-268-thread-1] INFO  server.RaftServerConfigKeys (ConfUtils.java:logGet(46)) - raft.server.threadpool.client.cached = true (default)
2022-10-19 08:45:17,788 [pool-268-thread-1] INFO  server.RaftServerConfigKeys (ConfUtils.java:logGet(46)) - raft.server.threadpool.client.size = 0 (default)
2022-10-19 08:45:17,788 [pool-268-thread-1] INFO  storage.RaftStorageDirectory (RaftStorageDirectoryImpl.java:analyzeStorage(137)) - The storage directory /home/runner/work/ozone/ozone/hadoop-ozone/integration-test/target/test-dir/MiniOzoneClusterImpl-43a13940-e4af-4545-ab6e-e590eff1efbb/datanode-8/data/ratis/7c96d7d2-a9d3-43d1-9a72-683656f47c8e does not exist. Creating ...
2022-10-19 08:45:17,789 [pool-268-thread-1] INFO  storage.RaftStorageDirectory (RaftStorageDirectoryImpl.java:tryLock(231)) - Lock on /home/runner/work/ozone/ozone/hadoop-ozone/integration-test/target/test-dir/MiniOzoneClusterImpl-43a13940-e4af-4545-ab6e-e590eff1efbb/datanode-8/data/ratis/7c96d7d2-a9d3-43d1-9a72-683656f47c8e/in_use.lock acquired by nodename 22270@fv-az447-90
2022-10-19 08:45:17,790 [pool-268-thread-1] INFO  storage.RaftStorage (RaftStorageImpl.java:format(96)) - Storage directory /home/runner/work/ozone/ozone/hadoop-ozone/integration-test/target/test-dir/MiniOzoneClusterImpl-43a13940-e4af-4545-ab6e-e590eff1efbb/datanode-8/data/ratis/7c96d7d2-a9d3-43d1-9a72-683656f47c8e has been successfully formatted.
2022-10-19 08:45:17,791 [pool-268-thread-1] INFO  ratis.ContainerStateMachine (ContainerStateMachine.java:loadSnapshot(236)) - group-683656F47C8E: The snapshot info is null. Setting the last applied indexto:(t:0, i:~)
2022-10-19 08:45:17,791 [pool-268-thread-1] INFO  server.RaftServerConfigKeys (ConfUtils.java:logGet(46)) - raft.server.log.use.memory = false (default)
2022-10-19 08:45:17,791 [pool-268-thread-1] INFO  server.RaftServerConfigKeys (ConfUtils.java:logGet(46)) - raft.server.log.purge.gap = 1000000 (custom)
2022-10-19 08:45:17,791 [pool-268-thread-1] INFO  server.RaftServerConfigKeys (ConfUtils.java:logGet(46)) - raft.server.log.appender.buffer.byte-limit = 33554432 (custom)
2022-10-19 08:45:17,791 [pool-268-thread-1] INFO  server.RaftServerConfigKeys (ConfUtils.java:logGet(46)) - raft.server.log.statemachine.data.read.timeout = 1000ms (default)
2022-10-19 08:45:17,791 [pool-268-thread-1] INFO  server.RaftServerConfigKeys (ConfUtils.java:logGet(46)) - raft.server.log.purge.preservation.log.num = 0 (default)
2022-10-19 08:45:17,791 [pool-268-thread-1] INFO  server.RaftServerConfigKeys (ConfUtils.java:logGet(46)) - raft.server.log.segment.size.max = 1048576 (custom)
2022-10-19 08:45:17,792 [pool-268-thread-1] INFO  server.RaftServerConfigKeys (ConfUtils.java:logGet(46)) - raft.server.log.segment.cache.num.max = 2 (custom)
2022-10-19 08:45:17,792 [pool-268-thread-1] INFO  server.RaftServerConfigKeys (ConfUtils.java:logGet(46)) - raft.server.log.segment.cache.size.max = 200MB (=209715200) (default)
2022-10-19 08:45:17,792 [pool-268-thread-1] INFO  segmented.SegmentedRaftLogWorker (SegmentedRaftLogWorker.java:<init>(191)) - new 2793c3be-81e9-49ed-8ebe-f0dc6850cb05@group-683656F47C8E-SegmentedRaftLogWorker for RaftStorageImpl:Storage Directory /home/runner/work/ozone/ozone/hadoop-ozone/integration-test/target/test-dir/MiniOzoneClusterImpl-43a13940-e4af-4545-ab6e-e590eff1efbb/datanode-8/data/ratis/7c96d7d2-a9d3-43d1-9a72-683656f47c8e
2022-10-19 08:45:17,792 [pool-268-thread-1] INFO  server.RaftServerConfigKeys (ConfUtils.java:logGet(46)) - raft.server.log.queue.byte-limit = 4294967296 (custom)
2022-10-19 08:45:17,793 [pool-268-thread-1] INFO  server.RaftServerConfigKeys (ConfUtils.java:logGet(46)) - raft.server.log.queue.element-limit = 1024 (custom)
2022-10-19 08:45:17,793 [pool-268-thread-1] INFO  server.RaftServerConfigKeys (ConfUtils.java:logGet(46)) - raft.server.log.segment.size.max = 1048576 (custom)
2022-10-19 08:45:17,793 [pool-268-thread-1] INFO  server.RaftServerConfigKeys (ConfUtils.java:logGet(46)) - raft.server.log.preallocated.size = 16384 (custom)
2022-10-19 08:45:17,793 [pool-268-thread-1] INFO  server.RaftServerConfigKeys (ConfUtils.java:logGet(46)) - raft.server.log.force.sync.num = 128 (default)
2022-10-19 08:45:17,793 [pool-268-thread-1] INFO  server.RaftServerConfigKeys (ConfUtils.java:logGet(46)) - raft.server.log.statemachine.data.sync = true (default)
2022-10-19 08:45:17,793 [pool-268-thread-1] INFO  server.RaftServerConfigKeys (ConfUtils.java:logGet(46)) - raft.server.log.statemachine.data.sync.timeout = 10s (default)
2022-10-19 08:45:17,793 [pool-268-thread-1] INFO  server.RaftServerConfigKeys (ConfUtils.java:logGet(46)) - raft.server.log.statemachine.data.sync.timeout.retry = -1 (default)
2022-10-19 08:45:17,794 [pool-268-thread-1] INFO  server.RaftServerConfigKeys (ConfUtils.java:logGet(46)) - raft.server.log.write.buffer.size = 1048576 (custom)
2022-10-19 08:45:17,794 [pool-268-thread-1] INFO  server.RaftServerConfigKeys (ConfUtils.java:logGet(46)) - raft.server.log.unsafe-flush.enabled = false (default)
2022-10-19 08:45:17,795 [pool-268-thread-1] INFO  server.RaftServerConfigKeys (ConfUtils.java:logGet(46)) - raft.server.log.async-flush.enabled = false (default)
2022-10-19 08:45:17,795 [pool-268-thread-1] INFO  server.RaftServerConfigKeys (ConfUtils.java:logGet(46)) - raft.server.log.statemachine.data.caching.enabled = true (custom)
2022-10-19 08:45:17,795 [pool-268-thread-1] INFO  segmented.SegmentedRaftLogWorker (SegmentedRaftLogWorker.java:lambda$new$0(136)) - 2793c3be-81e9-49ed-8ebe-f0dc6850cb05@group-683656F47C8E-SegmentedRaftLogWorker: flushIndex: setUnconditionally 0 -> -1
2022-10-19 08:45:17,795 [pool-268-thread-1] INFO  segmented.SegmentedRaftLogWorker (SegmentedRaftLogWorker.java:lambda$new$0(136)) - 2793c3be-81e9-49ed-8ebe-f0dc6850cb05@group-683656F47C8E-SegmentedRaftLogWorker: safeCacheEvictIndex: setUnconditionally 0 -> -1
2022-10-19 08:45:17,795 [pool-268-thread-1] INFO  server.RaftServer$Division (RaftServerImpl.java:start(334)) - 2793c3be-81e9-49ed-8ebe-f0dc6850cb05@group-683656F47C8E: start as a follower, conf=-1: peers:[2793c3be-81e9-49ed-8ebe-f0dc6850cb05|rpc:10.1.1.188:34763|dataStream:|priority:0|startupRole:FOLLOWER, bca43735-b008-443f-9343-82cfc7e5cdbd|rpc:10.1.1.188:44765|dataStream:|priority:1|startupRole:FOLLOWER, 88796760-9d6a-455a-8b63-676b32daf901|rpc:10.1.1.188:43773|dataStream:|priority:0|startupRole:FOLLOWER]|listeners:[], old=null
2022-10-19 08:45:17,795 [pool-268-thread-1] INFO  server.RaftServer$Division (RaftServerImpl.java:setRole(321)) - 2793c3be-81e9-49ed-8ebe-f0dc6850cb05@group-683656F47C8E: changes role from      null to FOLLOWER at term 0 for startAsFollower
2022-10-19 08:45:17,795 [pool-268-thread-1] INFO  impl.RoleInfo (RoleInfo.java:updateAndGet(139)) - 2793c3be-81e9-49ed-8ebe-f0dc6850cb05: start 2793c3be-81e9-49ed-8ebe-f0dc6850cb05@group-683656F47C8E-FollowerState
2022-10-19 08:45:17,796 [pool-268-thread-1] INFO  util.JmxRegister (JmxRegister.java:tryRegister(44)) - Successfully registered JMX Bean with object name Ratis:service=RaftServer,group=group-683656F47C8E,id=2793c3be-81e9-49ed-8ebe-f0dc6850cb05
2022-10-19 08:45:17,796 [pool-268-thread-1] INFO  server.RaftServerConfigKeys (ConfUtils.java:logGet(46)) - raft.server.snapshot.auto.trigger.enabled = true (custom)
2022-10-19 08:45:17,796 [pool-268-thread-1] INFO  server.RaftServerConfigKeys (ConfUtils.java:logGet(46)) - raft.server.snapshot.auto.trigger.threshold = 10000 (custom)
2022-10-19 08:45:17,796 [pool-268-thread-1] INFO  server.RaftServerConfigKeys (ConfUtils.java:logGet(46)) - raft.server.snapshot.retention.file.num = 5 (custom)
2022-10-19 08:45:17,796 [pool-268-thread-1] INFO  server.RaftServerConfigKeys (ConfUtils.java:logGet(46)) - raft.server.log.purge.upto.snapshot.index = false (default)
2022-10-19 08:45:17,797 [2793c3be-81e9-49ed-8ebe-f0dc6850cb05@group-683656F47C8E-FollowerState] INFO  server.RaftServerConfigKeys (ConfUtils.java:logFallback(53)) - raft.server.rpc.first-election.timeout.min = 5s (fallback to raft.server.rpc.timeout.min)
2022-10-19 08:45:17,797 [2793c3be-81e9-49ed-8ebe-f0dc6850cb05@group-683656F47C8E-FollowerState] INFO  server.RaftServerConfigKeys (ConfUtils.java:logFallback(53)) - raft.server.rpc.first-election.timeout.max = 5200ms (fallback to raft.server.rpc.timeout.max)
2022-10-19 08:45:17,816 [grpc-default-executor-0] INFO  server.RaftServer (RaftServerProxy.java:addNew(96)) - bca43735-b008-443f-9343-82cfc7e5cdbd: addNew group-683656F47C8E:[2793c3be-81e9-49ed-8ebe-f0dc6850cb05|rpc:10.1.1.188:34763|dataStream:|priority:0|startupRole:FOLLOWER, bca43735-b008-443f-9343-82cfc7e5cdbd|rpc:10.1.1.188:44765|dataStream:|priority:1|startupRole:FOLLOWER, 88796760-9d6a-455a-8b63-676b32daf901|rpc:10.1.1.188:43773|dataStream:|priority:0|startupRole:FOLLOWER] returns group-683656F47C8E:java.util.concurrent.CompletableFuture@2bc0cc1[Not completed]
2022-10-19 08:45:17,818 [pool-237-thread-1] INFO  server.RaftServer$Division (RaftServerImpl.java:<init>(195)) - bca43735-b008-443f-9343-82cfc7e5cdbd: new RaftServerImpl for group-683656F47C8E:[2793c3be-81e9-49ed-8ebe-f0dc6850cb05|rpc:10.1.1.188:34763|dataStream:|priority:0|startupRole:FOLLOWER, bca43735-b008-443f-9343-82cfc7e5cdbd|rpc:10.1.1.188:44765|dataStream:|priority:1|startupRole:FOLLOWER, 88796760-9d6a-455a-8b63-676b32daf901|rpc:10.1.1.188:43773|dataStream:|priority:0|startupRole:FOLLOWER] with ContainerStateMachine:uninitialized
2022-10-19 08:45:17,819 [pool-237-thread-1] INFO  server.RaftServerConfigKeys (ConfUtils.java:logGet(46)) - raft.server.rpc.timeout.min = 5s (custom)
2022-10-19 08:45:17,819 [pool-237-thread-1] INFO  server.RaftServerConfigKeys (ConfUtils.java:logGet(46)) - raft.server.rpc.timeout.max = 5200ms (custom)
2022-10-19 08:45:17,819 [pool-237-thread-1] INFO  server.RaftServerConfigKeys (ConfUtils.java:logGet(46)) - raft.server.rpc.sleep.time = 25ms (default)
2022-10-19 08:45:17,819 [pool-237-thread-1] INFO  server.RaftServerConfigKeys (ConfUtils.java:logGet(46)) - raft.server.rpc.slowness.timeout = 300s (custom)
2022-10-19 08:45:17,819 [pool-237-thread-1] INFO  server.RaftServerConfigKeys (ConfUtils.java:logGet(46)) - raft.server.leaderelection.leader.step-down.wait-time = 10s (default)
2022-10-19 08:45:17,819 [pool-237-thread-1] INFO  server.RaftServerConfigKeys (ConfUtils.java:logGet(46)) - raft.server.sleep.deviation.threshold = 300ms (default)
2022-10-19 08:45:17,819 [pool-237-thread-1] INFO  server.RaftServer$Division (ServerState.java:<init>(118)) - bca43735-b008-443f-9343-82cfc7e5cdbd@group-683656F47C8E: ConfigurationManager, init=-1: peers:[2793c3be-81e9-49ed-8ebe-f0dc6850cb05|rpc:10.1.1.188:34763|dataStream:|priority:0|startupRole:FOLLOWER, bca43735-b008-443f-9343-82cfc7e5cdbd|rpc:10.1.1.188:44765|dataStream:|priority:1|startupRole:FOLLOWER, 88796760-9d6a-455a-8b63-676b32daf901|rpc:10.1.1.188:43773|dataStream:|priority:0|startupRole:FOLLOWER]|listeners:[], old=null, confs=<EMPTY_MAP>
2022-10-19 08:45:17,819 [pool-237-thread-1] INFO  server.RaftServerConfigKeys (ConfUtils.java:logGet(46)) - raft.server.storage.dir = [/home/runner/work/ozone/ozone/hadoop-ozone/integration-test/target/test-dir/MiniOzoneClusterImpl-43a13940-e4af-4545-ab6e-e590eff1efbb/datanode-7/data/ratis] (custom)
2022-10-19 08:45:17,820 [pool-237-thread-1] INFO  server.RaftServerConfigKeys (ConfUtils.java:logGet(46)) - raft.server.log.corruption.policy = EXCEPTION (default)
2022-10-19 08:45:17,820 [pool-237-thread-1] INFO  server.RaftServerConfigKeys (ConfUtils.java:logGet(46)) - raft.server.storage.free-space.min = 0MB (=0) (default)
2022-10-19 08:45:17,820 [pool-237-thread-1] INFO  server.RaftServerConfigKeys (ConfUtils.java:logGet(46)) - raft.server.notification.no-leader.timeout = 300s (custom)
2022-10-19 08:45:17,820 [pool-237-thread-1] INFO  server.RaftServerConfigKeys (ConfUtils.java:logGet(46)) - raft.server.retrycache.expirytime = 600000ms (custom)
2022-10-19 08:45:17,820 [pool-237-thread-1] INFO  server.RaftServerConfigKeys (ConfUtils.java:logGet(46)) - raft.server.retrycache.statistics.expirytime = 100μs (default)
2022-10-19 08:45:17,822 [pool-237-thread-1] INFO  server.RaftServerConfigKeys (ConfUtils.java:logGet(46)) - raft.server.log.appender.install.snapshot.enabled = false (custom)
2022-10-19 08:45:17,822 [pool-237-thread-1] INFO  server.RaftServerConfigKeys (ConfUtils.java:logGet(46)) - raft.server.threadpool.server.cached = true (default)
2022-10-19 08:45:17,822 [pool-237-thread-1] INFO  server.RaftServerConfigKeys (ConfUtils.java:logGet(46)) - raft.server.threadpool.server.size = 0 (default)
2022-10-19 08:45:17,822 [pool-237-thread-1] INFO  server.RaftServerConfigKeys (ConfUtils.java:logGet(46)) - raft.server.threadpool.client.cached = true (default)
2022-10-19 08:45:17,822 [pool-237-thread-1] INFO  server.RaftServerConfigKeys (ConfUtils.java:logGet(46)) - raft.server.threadpool.client.size = 0 (default)
2022-10-19 08:45:17,822 [pool-237-thread-1] INFO  storage.RaftStorageDirectory (RaftStorageDirectoryImpl.java:analyzeStorage(137)) - The storage directory /home/runner/work/ozone/ozone/hadoop-ozone/integration-test/target/test-dir/MiniOzoneClusterImpl-43a13940-e4af-4545-ab6e-e590eff1efbb/datanode-7/data/ratis/7c96d7d2-a9d3-43d1-9a72-683656f47c8e does not exist. Creating ...
2022-10-19 08:45:17,823 [pool-237-thread-1] INFO  storage.RaftStorageDirectory (RaftStorageDirectoryImpl.java:tryLock(231)) - Lock on /home/runner/work/ozone/ozone/hadoop-ozone/integration-test/target/test-dir/MiniOzoneClusterImpl-43a13940-e4af-4545-ab6e-e590eff1efbb/datanode-7/data/ratis/7c96d7d2-a9d3-43d1-9a72-683656f47c8e/in_use.lock acquired by nodename 22270@fv-az447-90
2022-10-19 08:45:17,825 [pool-237-thread-1] INFO  storage.RaftStorage (RaftStorageImpl.java:format(96)) - Storage directory /home/runner/work/ozone/ozone/hadoop-ozone/integration-test/target/test-dir/MiniOzoneClusterImpl-43a13940-e4af-4545-ab6e-e590eff1efbb/datanode-7/data/ratis/7c96d7d2-a9d3-43d1-9a72-683656f47c8e has been successfully formatted.
2022-10-19 08:45:17,826 [pool-237-thread-1] INFO  ratis.ContainerStateMachine (ContainerStateMachine.java:loadSnapshot(236)) - group-683656F47C8E: The snapshot info is null. Setting the last applied indexto:(t:0, i:~)
2022-10-19 08:45:17,826 [pool-237-thread-1] INFO  server.RaftServerConfigKeys (ConfUtils.java:logGet(46)) - raft.server.log.use.memory = false (default)
2022-10-19 08:45:17,826 [pool-237-thread-1] INFO  server.RaftServerConfigKeys (ConfUtils.java:logGet(46)) - raft.server.log.purge.gap = 1000000 (custom)
2022-10-19 08:45:17,826 [pool-237-thread-1] INFO  server.RaftServerConfigKeys (ConfUtils.java:logGet(46)) - raft.server.log.appender.buffer.byte-limit = 33554432 (custom)
2022-10-19 08:45:17,826 [pool-237-thread-1] INFO  server.RaftServerConfigKeys (ConfUtils.java:logGet(46)) - raft.server.log.statemachine.data.read.timeout = 1000ms (default)
2022-10-19 08:45:17,826 [pool-237-thread-1] INFO  server.RaftServerConfigKeys (ConfUtils.java:logGet(46)) - raft.server.log.purge.preservation.log.num = 0 (default)
2022-10-19 08:45:17,826 [pool-237-thread-1] INFO  server.RaftServerConfigKeys (ConfUtils.java:logGet(46)) - raft.server.log.segment.size.max = 1048576 (custom)
2022-10-19 08:45:17,827 [pool-237-thread-1] INFO  server.RaftServerConfigKeys (ConfUtils.java:logGet(46)) - raft.server.log.segment.cache.num.max = 2 (custom)
2022-10-19 08:45:17,827 [pool-237-thread-1] INFO  server.RaftServerConfigKeys (ConfUtils.java:logGet(46)) - raft.server.log.segment.cache.size.max = 200MB (=209715200) (default)
2022-10-19 08:45:17,827 [pool-237-thread-1] INFO  segmented.SegmentedRaftLogWorker (SegmentedRaftLogWorker.java:<init>(191)) - new bca43735-b008-443f-9343-82cfc7e5cdbd@group-683656F47C8E-SegmentedRaftLogWorker for RaftStorageImpl:Storage Directory /home/runner/work/ozone/ozone/hadoop-ozone/integration-test/target/test-dir/MiniOzoneClusterImpl-43a13940-e4af-4545-ab6e-e590eff1efbb/datanode-7/data/ratis/7c96d7d2-a9d3-43d1-9a72-683656f47c8e
2022-10-19 08:45:17,828 [pool-237-thread-1] INFO  server.RaftServerConfigKeys (ConfUtils.java:logGet(46)) - raft.server.log.queue.byte-limit = 4294967296 (custom)
2022-10-19 08:45:17,828 [pool-237-thread-1] INFO  server.RaftServerConfigKeys (ConfUtils.java:logGet(46)) - raft.server.log.queue.element-limit = 1024 (custom)
2022-10-19 08:45:17,828 [pool-237-thread-1] INFO  server.RaftServerConfigKeys (ConfUtils.java:logGet(46)) - raft.server.log.segment.size.max = 1048576 (custom)
2022-10-19 08:45:17,828 [pool-237-thread-1] INFO  server.RaftServerConfigKeys (ConfUtils.java:logGet(46)) - raft.server.log.preallocated.size = 16384 (custom)
2022-10-19 08:45:17,828 [pool-237-thread-1] INFO  server.RaftServerConfigKeys (ConfUtils.java:logGet(46)) - raft.server.log.force.sync.num = 128 (default)
2022-10-19 08:45:17,828 [pool-237-thread-1] INFO  server.RaftServerConfigKeys (ConfUtils.java:logGet(46)) - raft.server.log.statemachine.data.sync = true (default)
2022-10-19 08:45:17,828 [pool-237-thread-1] INFO  server.RaftServerConfigKeys (ConfUtils.java:logGet(46)) - raft.server.log.statemachine.data.sync.timeout = 10s (default)
2022-10-19 08:45:17,828 [pool-237-thread-1] INFO  server.RaftServerConfigKeys (ConfUtils.java:logGet(46)) - raft.server.log.statemachine.data.sync.timeout.retry = -1 (default)
2022-10-19 08:45:17,829 [pool-237-thread-1] INFO  server.RaftServerConfigKeys (ConfUtils.java:logGet(46)) - raft.server.log.write.buffer.size = 1048576 (custom)
2022-10-19 08:45:17,830 [pool-237-thread-1] INFO  server.RaftServerConfigKeys (ConfUtils.java:logGet(46)) - raft.server.log.unsafe-flush.enabled = false (default)
2022-10-19 08:45:17,830 [pool-237-thread-1] INFO  server.RaftServerConfigKeys (ConfUtils.java:logGet(46)) - raft.server.log.async-flush.enabled = false (default)
2022-10-19 08:45:17,830 [pool-237-thread-1] INFO  server.RaftServerConfigKeys (ConfUtils.java:logGet(46)) - raft.server.log.statemachine.data.caching.enabled = true (custom)
2022-10-19 08:45:17,830 [pool-237-thread-1] INFO  segmented.SegmentedRaftLogWorker (SegmentedRaftLogWorker.java:lambda$new$0(136)) - bca43735-b008-443f-9343-82cfc7e5cdbd@group-683656F47C8E-SegmentedRaftLogWorker: flushIndex: setUnconditionally 0 -> -1
2022-10-19 08:45:17,830 [pool-237-thread-1] INFO  segmented.SegmentedRaftLogWorker (SegmentedRaftLogWorker.java:lambda$new$0(136)) - bca43735-b008-443f-9343-82cfc7e5cdbd@group-683656F47C8E-SegmentedRaftLogWorker: safeCacheEvictIndex: setUnconditionally 0 -> -1
2022-10-19 08:45:17,830 [pool-237-thread-1] INFO  server.RaftServer$Division (RaftServerImpl.java:start(334)) - bca43735-b008-443f-9343-82cfc7e5cdbd@group-683656F47C8E: start as a follower, conf=-1: peers:[2793c3be-81e9-49ed-8ebe-f0dc6850cb05|rpc:10.1.1.188:34763|dataStream:|priority:0|startupRole:FOLLOWER, bca43735-b008-443f-9343-82cfc7e5cdbd|rpc:10.1.1.188:44765|dataStream:|priority:1|startupRole:FOLLOWER, 88796760-9d6a-455a-8b63-676b32daf901|rpc:10.1.1.188:43773|dataStream:|priority:0|startupRole:FOLLOWER]|listeners:[], old=null
2022-10-19 08:45:17,830 [pool-237-thread-1] INFO  server.RaftServer$Division (RaftServerImpl.java:setRole(321)) - bca43735-b008-443f-9343-82cfc7e5cdbd@group-683656F47C8E: changes role from      null to FOLLOWER at term 0 for startAsFollower
2022-10-19 08:45:17,830 [pool-237-thread-1] INFO  impl.RoleInfo (RoleInfo.java:updateAndGet(139)) - bca43735-b008-443f-9343-82cfc7e5cdbd: start bca43735-b008-443f-9343-82cfc7e5cdbd@group-683656F47C8E-FollowerState
2022-10-19 08:45:17,833 [pool-237-thread-1] INFO  util.JmxRegister (JmxRegister.java:tryRegister(44)) - Successfully registered JMX Bean with object name Ratis:service=RaftServer,group=group-683656F47C8E,id=bca43735-b008-443f-9343-82cfc7e5cdbd
2022-10-19 08:45:17,833 [pool-237-thread-1] INFO  server.RaftServerConfigKeys (ConfUtils.java:logGet(46)) - raft.server.snapshot.auto.trigger.enabled = true (custom)
2022-10-19 08:45:17,833 [pool-237-thread-1] INFO  server.RaftServerConfigKeys (ConfUtils.java:logGet(46)) - raft.server.snapshot.auto.trigger.threshold = 10000 (custom)
2022-10-19 08:45:17,834 [pool-237-thread-1] INFO  server.RaftServerConfigKeys (ConfUtils.java:logGet(46)) - raft.server.snapshot.retention.file.num = 5 (custom)
2022-10-19 08:45:17,834 [pool-237-thread-1] INFO  server.RaftServerConfigKeys (ConfUtils.java:logGet(46)) - raft.server.log.purge.upto.snapshot.index = false (default)
2022-10-19 08:45:17,834 [bca43735-b008-443f-9343-82cfc7e5cdbd@group-683656F47C8E-FollowerState] INFO  server.RaftServerConfigKeys (ConfUtils.java:logFallback(53)) - raft.server.rpc.first-election.timeout.min = 5s (fallback to raft.server.rpc.timeout.min)
2022-10-19 08:45:17,834 [bca43735-b008-443f-9343-82cfc7e5cdbd@group-683656F47C8E-FollowerState] INFO  server.RaftServerConfigKeys (ConfUtils.java:logFallback(53)) - raft.server.rpc.first-election.timeout.max = 5200ms (fallback to raft.server.rpc.timeout.max)
2022-10-19 08:45:17,845 [Command processor thread] INFO  commandhandler.CreatePipelineCommandHandler (CreatePipelineCommandHandler.java:handle(113)) - Created Pipeline RATIS THREE PipelineID=7c96d7d2-a9d3-43d1-9a72-683656f47c8e.
2022-10-19 08:45:17,847 [Command processor thread] INFO  server.RaftServer (RaftServerProxy.java:addNew(96)) - 88796760-9d6a-455a-8b63-676b32daf901: addNew group-F96FFF3E3AB8:[2793c3be-81e9-49ed-8ebe-f0dc6850cb05|rpc:10.1.1.188:34763|priority:0|startupRole:FOLLOWER, bca43735-b008-443f-9343-82cfc7e5cdbd|rpc:10.1.1.188:44765|priority:0|startupRole:FOLLOWER, 88796760-9d6a-455a-8b63-676b32daf901|rpc:10.1.1.188:43773|priority:1|startupRole:FOLLOWER] returns group-F96FFF3E3AB8:java.util.concurrent.CompletableFuture@6ef16fab[Not completed]
2022-10-19 08:45:17,848 [pool-210-thread-1] INFO  server.RaftServer$Division (RaftServerImpl.java:<init>(195)) - 88796760-9d6a-455a-8b63-676b32daf901: new RaftServerImpl for group-F96FFF3E3AB8:[2793c3be-81e9-49ed-8ebe-f0dc6850cb05|rpc:10.1.1.188:34763|priority:0|startupRole:FOLLOWER, bca43735-b008-443f-9343-82cfc7e5cdbd|rpc:10.1.1.188:44765|priority:0|startupRole:FOLLOWER, 88796760-9d6a-455a-8b63-676b32daf901|rpc:10.1.1.188:43773|priority:1|startupRole:FOLLOWER] with ContainerStateMachine:uninitialized
2022-10-19 08:45:17,848 [pool-210-thread-1] INFO  server.RaftServerConfigKeys (ConfUtils.java:logGet(46)) - raft.server.rpc.timeout.min = 5s (custom)
2022-10-19 08:45:17,848 [pool-210-thread-1] INFO  server.RaftServerConfigKeys (ConfUtils.java:logGet(46)) - raft.server.rpc.timeout.max = 5200ms (custom)
2022-10-19 08:45:17,848 [pool-210-thread-1] INFO  server.RaftServerConfigKeys (ConfUtils.java:logGet(46)) - raft.server.rpc.sleep.time = 25ms (default)
2022-10-19 08:45:17,849 [pool-210-thread-1] INFO  server.RaftServerConfigKeys (ConfUtils.java:logGet(46)) - raft.server.rpc.slowness.timeout = 300s (custom)
2022-10-19 08:45:17,849 [pool-210-thread-1] INFO  server.RaftServerConfigKeys (ConfUtils.java:logGet(46)) - raft.server.leaderelection.leader.step-down.wait-time = 10s (default)
2022-10-19 08:45:17,849 [pool-210-thread-1] INFO  server.RaftServerConfigKeys (ConfUtils.java:logGet(46)) - raft.server.sleep.deviation.threshold = 300ms (default)
2022-10-19 08:45:17,849 [pool-210-thread-1] INFO  server.RaftServer$Division (ServerState.java:<init>(118)) - 88796760-9d6a-455a-8b63-676b32daf901@group-F96FFF3E3AB8: ConfigurationManager, init=-1: peers:[2793c3be-81e9-49ed-8ebe-f0dc6850cb05|rpc:10.1.1.188:34763|priority:0|startupRole:FOLLOWER, bca43735-b008-443f-9343-82cfc7e5cdbd|rpc:10.1.1.188:44765|priority:0|startupRole:FOLLOWER, 88796760-9d6a-455a-8b63-676b32daf901|rpc:10.1.1.188:43773|priority:1|startupRole:FOLLOWER]|listeners:[], old=null, confs=<EMPTY_MAP>
2022-10-19 08:45:17,849 [pool-210-thread-1] INFO  server.RaftServerConfigKeys (ConfUtils.java:logGet(46)) - raft.server.storage.dir = [/home/runner/work/ozone/ozone/hadoop-ozone/integration-test/target/test-dir/MiniOzoneClusterImpl-43a13940-e4af-4545-ab6e-e590eff1efbb/datanode-6/data/ratis] (custom)
2022-10-19 08:45:17,849 [pool-210-thread-1] INFO  server.RaftServerConfigKeys (ConfUtils.java:logGet(46)) - raft.server.log.corruption.policy = EXCEPTION (default)
2022-10-19 08:45:17,849 [pool-210-thread-1] INFO  server.RaftServerConfigKeys (ConfUtils.java:logGet(46)) - raft.server.storage.free-space.min = 0MB (=0) (default)
2022-10-19 08:45:17,849 [pool-210-thread-1] INFO  server.RaftServerConfigKeys (ConfUtils.java:logGet(46)) - raft.server.notification.no-leader.timeout = 300s (custom)
2022-10-19 08:45:17,849 [pool-210-thread-1] INFO  server.RaftServerConfigKeys (ConfUtils.java:logGet(46)) - raft.server.retrycache.expirytime = 600000ms (custom)
2022-10-19 08:45:17,849 [pool-210-thread-1] INFO  server.RaftServerConfigKeys (ConfUtils.java:logGet(46)) - raft.server.retrycache.statistics.expirytime = 100μs (default)
2022-10-19 08:45:17,852 [pool-210-thread-1] INFO  server.RaftServerConfigKeys (ConfUtils.java:logGet(46)) - raft.server.log.appender.install.snapshot.enabled = false (custom)
2022-10-19 08:45:17,852 [pool-210-thread-1] INFO  server.RaftServerConfigKeys (ConfUtils.java:logGet(46)) - raft.server.threadpool.server.cached = true (default)
2022-10-19 08:45:17,852 [pool-210-thread-1] INFO  server.RaftServerConfigKeys (ConfUtils.java:logGet(46)) - raft.server.threadpool.server.size = 0 (default)
2022-10-19 08:45:17,852 [pool-210-thread-1] INFO  server.RaftServerConfigKeys (ConfUtils.java:logGet(46)) - raft.server.threadpool.client.cached = true (default)
2022-10-19 08:45:17,852 [pool-210-thread-1] INFO  server.RaftServerConfigKeys (ConfUtils.java:logGet(46)) - raft.server.threadpool.client.size = 0 (default)
2022-10-19 08:45:17,852 [pool-210-thread-1] INFO  storage.RaftStorageDirectory (RaftStorageDirectoryImpl.java:analyzeStorage(137)) - The storage directory /home/runner/work/ozone/ozone/hadoop-ozone/integration-test/target/test-dir/MiniOzoneClusterImpl-43a13940-e4af-4545-ab6e-e590eff1efbb/datanode-6/data/ratis/cbe766ec-a2ba-487c-9619-f96fff3e3ab8 does not exist. Creating ...
2022-10-19 08:45:17,854 [pool-210-thread-1] INFO  storage.RaftStorageDirectory (RaftStorageDirectoryImpl.java:tryLock(231)) - Lock on /home/runner/work/ozone/ozone/hadoop-ozone/integration-test/target/test-dir/MiniOzoneClusterImpl-43a13940-e4af-4545-ab6e-e590eff1efbb/datanode-6/data/ratis/cbe766ec-a2ba-487c-9619-f96fff3e3ab8/in_use.lock acquired by nodename 22270@fv-az447-90
2022-10-19 08:45:17,855 [pool-210-thread-1] INFO  storage.RaftStorage (RaftStorageImpl.java:format(96)) - Storage directory /home/runner/work/ozone/ozone/hadoop-ozone/integration-test/target/test-dir/MiniOzoneClusterImpl-43a13940-e4af-4545-ab6e-e590eff1efbb/datanode-6/data/ratis/cbe766ec-a2ba-487c-9619-f96fff3e3ab8 has been successfully formatted.
2022-10-19 08:45:17,857 [EventQueue-OpenPipelineForHealthyPipelineSafeModeRule] INFO  safemode.SCMSafeModeManager (HealthyPipelineSafeModeRule.java:process(137)) - SCM in safe mode. Healthy pipelines reported count is 0, required healthy pipeline reported count is 1
2022-10-19 08:45:17,859 [pool-210-thread-1] INFO  ratis.ContainerStateMachine (ContainerStateMachine.java:loadSnapshot(236)) - group-F96FFF3E3AB8: The snapshot info is null. Setting the last applied indexto:(t:0, i:~)
2022-10-19 08:45:17,859 [pool-210-thread-1] INFO  server.RaftServerConfigKeys (ConfUtils.java:logGet(46)) - raft.server.log.use.memory = false (default)
2022-10-19 08:45:17,860 [pool-210-thread-1] INFO  server.RaftServerConfigKeys (ConfUtils.java:logGet(46)) - raft.server.log.purge.gap = 1000000 (custom)
2022-10-19 08:45:17,860 [pool-210-thread-1] INFO  server.RaftServerConfigKeys (ConfUtils.java:logGet(46)) - raft.server.log.appender.buffer.byte-limit = 33554432 (custom)
2022-10-19 08:45:17,860 [pool-210-thread-1] INFO  server.RaftServerConfigKeys (ConfUtils.java:logGet(46)) - raft.server.log.statemachine.data.read.timeout = 1000ms (default)
2022-10-19 08:45:17,860 [pool-210-thread-1] INFO  server.RaftServerConfigKeys (ConfUtils.java:logGet(46)) - raft.server.log.purge.preservation.log.num = 0 (default)
2022-10-19 08:45:17,860 [pool-210-thread-1] INFO  server.RaftServerConfigKeys (ConfUtils.java:logGet(46)) - raft.server.log.segment.size.max = 1048576 (custom)
2022-10-19 08:45:17,860 [pool-210-thread-1] INFO  server.RaftServerConfigKeys (ConfUtils.java:logGet(46)) - raft.server.log.segment.cache.num.max = 2 (custom)
2022-10-19 08:45:17,860 [pool-210-thread-1] INFO  server.RaftServerConfigKeys (ConfUtils.java:logGet(46)) - raft.server.log.segment.cache.size.max = 200MB (=209715200) (default)
2022-10-19 08:45:17,860 [pool-210-thread-1] INFO  segmented.SegmentedRaftLogWorker (SegmentedRaftLogWorker.java:<init>(191)) - new 88796760-9d6a-455a-8b63-676b32daf901@group-F96FFF3E3AB8-SegmentedRaftLogWorker for RaftStorageImpl:Storage Directory /home/runner/work/ozone/ozone/hadoop-ozone/integration-test/target/test-dir/MiniOzoneClusterImpl-43a13940-e4af-4545-ab6e-e590eff1efbb/datanode-6/data/ratis/cbe766ec-a2ba-487c-9619-f96fff3e3ab8
2022-10-19 08:45:17,861 [pool-210-thread-1] INFO  server.RaftServerConfigKeys (ConfUtils.java:logGet(46)) - raft.server.log.queue.byte-limit = 4294967296 (custom)
2022-10-19 08:45:17,861 [pool-210-thread-1] INFO  server.RaftServerConfigKeys (ConfUtils.java:logGet(46)) - raft.server.log.queue.element-limit = 1024 (custom)
2022-10-19 08:45:17,861 [pool-210-thread-1] INFO  server.RaftServerConfigKeys (ConfUtils.java:logGet(46)) - raft.server.log.segment.size.max = 1048576 (custom)
2022-10-19 08:45:17,861 [pool-210-thread-1] INFO  server.RaftServerConfigKeys (ConfUtils.java:logGet(46)) - raft.server.log.preallocated.size = 16384 (custom)
2022-10-19 08:45:17,861 [pool-210-thread-1] INFO  server.RaftServerConfigKeys (ConfUtils.java:logGet(46)) - raft.server.log.force.sync.num = 128 (default)
2022-10-19 08:45:17,861 [pool-210-thread-1] INFO  server.RaftServerConfigKeys (ConfUtils.java:logGet(46)) - raft.server.log.statemachine.data.sync = true (default)
2022-10-19 08:45:17,861 [pool-210-thread-1] INFO  server.RaftServerConfigKeys (ConfUtils.java:logGet(46)) - raft.server.log.statemachine.data.sync.timeout = 10s (default)
2022-10-19 08:45:17,861 [pool-210-thread-1] INFO  server.RaftServerConfigKeys (ConfUtils.java:logGet(46)) - raft.server.log.statemachine.data.sync.timeout.retry = -1 (default)
2022-10-19 08:45:17,862 [pool-210-thread-1] INFO  server.RaftServerConfigKeys (ConfUtils.java:logGet(46)) - raft.server.log.write.buffer.size = 1048576 (custom)
2022-10-19 08:45:17,862 [pool-210-thread-1] INFO  server.RaftServerConfigKeys (ConfUtils.java:logGet(46)) - raft.server.log.unsafe-flush.enabled = false (default)
2022-10-19 08:45:17,863 [pool-210-thread-1] INFO  server.RaftServerConfigKeys (ConfUtils.java:logGet(46)) - raft.server.log.async-flush.enabled = false (default)
2022-10-19 08:45:17,863 [pool-210-thread-1] INFO  server.RaftServerConfigKeys (ConfUtils.java:logGet(46)) - raft.server.log.statemachine.data.caching.enabled = true (custom)
2022-10-19 08:45:17,863 [pool-210-thread-1] INFO  segmented.SegmentedRaftLogWorker (SegmentedRaftLogWorker.java:lambda$new$0(136)) - 88796760-9d6a-455a-8b63-676b32daf901@group-F96FFF3E3AB8-SegmentedRaftLogWorker: flushIndex: setUnconditionally 0 -> -1
2022-10-19 08:45:17,863 [pool-210-thread-1] INFO  segmented.SegmentedRaftLogWorker (SegmentedRaftLogWorker.java:lambda$new$0(136)) - 88796760-9d6a-455a-8b63-676b32daf901@group-F96FFF3E3AB8-SegmentedRaftLogWorker: safeCacheEvictIndex: setUnconditionally 0 -> -1
2022-10-19 08:45:17,863 [pool-210-thread-1] INFO  server.RaftServer$Division (RaftServerImpl.java:start(334)) - 88796760-9d6a-455a-8b63-676b32daf901@group-F96FFF3E3AB8: start as a follower, conf=-1: peers:[2793c3be-81e9-49ed-8ebe-f0dc6850cb05|rpc:10.1.1.188:34763|priority:0|startupRole:FOLLOWER, bca43735-b008-443f-9343-82cfc7e5cdbd|rpc:10.1.1.188:44765|priority:0|startupRole:FOLLOWER, 88796760-9d6a-455a-8b63-676b32daf901|rpc:10.1.1.188:43773|priority:1|startupRole:FOLLOWER]|listeners:[], old=null
2022-10-19 08:45:17,863 [pool-210-thread-1] INFO  server.RaftServer$Division (RaftServerImpl.java:setRole(321)) - 88796760-9d6a-455a-8b63-676b32daf901@group-F96FFF3E3AB8: changes role from      null to FOLLOWER at term 0 for startAsFollower
2022-10-19 08:45:17,863 [pool-210-thread-1] INFO  impl.RoleInfo (RoleInfo.java:updateAndGet(139)) - 88796760-9d6a-455a-8b63-676b32daf901: start 88796760-9d6a-455a-8b63-676b32daf901@group-F96FFF3E3AB8-FollowerState
2022-10-19 08:45:17,864 [pool-210-thread-1] INFO  util.JmxRegister (JmxRegister.java:tryRegister(44)) - Successfully registered JMX Bean with object name Ratis:service=RaftServer,group=group-F96FFF3E3AB8,id=88796760-9d6a-455a-8b63-676b32daf901
2022-10-19 08:45:17,864 [pool-210-thread-1] INFO  server.RaftServerConfigKeys (ConfUtils.java:logGet(46)) - raft.server.snapshot.auto.trigger.enabled = true (custom)
2022-10-19 08:45:17,864 [pool-210-thread-1] INFO  server.RaftServerConfigKeys (ConfUtils.java:logGet(46)) - raft.server.snapshot.auto.trigger.threshold = 10000 (custom)
2022-10-19 08:45:17,864 [pool-210-thread-1] INFO  server.RaftServerConfigKeys (ConfUtils.java:logGet(46)) - raft.server.snapshot.retention.file.num = 5 (custom)
2022-10-19 08:45:17,864 [pool-210-thread-1] INFO  server.RaftServerConfigKeys (ConfUtils.java:logGet(46)) - raft.server.log.purge.upto.snapshot.index = false (default)
2022-10-19 08:45:17,864 [88796760-9d6a-455a-8b63-676b32daf901@group-F96FFF3E3AB8-FollowerState] INFO  server.RaftServerConfigKeys (ConfUtils.java:logFallback(53)) - raft.server.rpc.first-election.timeout.min = 5s (fallback to raft.server.rpc.timeout.min)
2022-10-19 08:45:17,864 [88796760-9d6a-455a-8b63-676b32daf901@group-F96FFF3E3AB8-FollowerState] INFO  server.RaftServerConfigKeys (ConfUtils.java:logFallback(53)) - raft.server.rpc.first-election.timeout.max = 5200ms (fallback to raft.server.rpc.timeout.max)
2022-10-19 08:45:17,865 [Command processor thread] INFO  ratis.XceiverServerRatis (XceiverServerRatis.java:addGroup(765)) - Created group PipelineID=cbe766ec-a2ba-487c-9619-f96fff3e3ab8
2022-10-19 08:45:17,878 [grpc-default-executor-0] INFO  server.RaftServer (RaftServerProxy.java:addNew(96)) - bca43735-b008-443f-9343-82cfc7e5cdbd: addNew group-F96FFF3E3AB8:[2793c3be-81e9-49ed-8ebe-f0dc6850cb05|rpc:10.1.1.188:34763|dataStream:|priority:0|startupRole:FOLLOWER, bca43735-b008-443f-9343-82cfc7e5cdbd|rpc:10.1.1.188:44765|dataStream:|priority:0|startupRole:FOLLOWER, 88796760-9d6a-455a-8b63-676b32daf901|rpc:10.1.1.188:43773|dataStream:|priority:1|startupRole:FOLLOWER] returns group-F96FFF3E3AB8:java.util.concurrent.CompletableFuture@3085e5dc[Not completed]
2022-10-19 08:45:17,879 [pool-237-thread-1] INFO  server.RaftServer$Division (RaftServerImpl.java:<init>(195)) - bca43735-b008-443f-9343-82cfc7e5cdbd: new RaftServerImpl for group-F96FFF3E3AB8:[2793c3be-81e9-49ed-8ebe-f0dc6850cb05|rpc:10.1.1.188:34763|dataStream:|priority:0|startupRole:FOLLOWER, bca43735-b008-443f-9343-82cfc7e5cdbd|rpc:10.1.1.188:44765|dataStream:|priority:0|startupRole:FOLLOWER, 88796760-9d6a-455a-8b63-676b32daf901|rpc:10.1.1.188:43773|dataStream:|priority:1|startupRole:FOLLOWER] with ContainerStateMachine:uninitialized
2022-10-19 08:45:17,879 [pool-237-thread-1] INFO  server.RaftServerConfigKeys (ConfUtils.java:logGet(46)) - raft.server.rpc.timeout.min = 5s (custom)
2022-10-19 08:45:17,879 [pool-237-thread-1] INFO  server.RaftServerConfigKeys (ConfUtils.java:logGet(46)) - raft.server.rpc.timeout.max = 5200ms (custom)
2022-10-19 08:45:17,879 [pool-237-thread-1] INFO  server.RaftServerConfigKeys (ConfUtils.java:logGet(46)) - raft.server.rpc.sleep.time = 25ms (default)
2022-10-19 08:45:17,879 [pool-237-thread-1] INFO  server.RaftServerConfigKeys (ConfUtils.java:logGet(46)) - raft.server.rpc.slowness.timeout = 300s (custom)
2022-10-19 08:45:17,879 [pool-237-thread-1] INFO  server.RaftServerConfigKeys (ConfUtils.java:logGet(46)) - raft.server.leaderelection.leader.step-down.wait-time = 10s (default)
2022-10-19 08:45:17,879 [pool-237-thread-1] INFO  server.RaftServerConfigKeys (ConfUtils.java:logGet(46)) - raft.server.sleep.deviation.threshold = 300ms (default)
2022-10-19 08:45:17,880 [pool-237-thread-1] INFO  server.RaftServer$Division (ServerState.java:<init>(118)) - bca43735-b008-443f-9343-82cfc7e5cdbd@group-F96FFF3E3AB8: ConfigurationManager, init=-1: peers:[2793c3be-81e9-49ed-8ebe-f0dc6850cb05|rpc:10.1.1.188:34763|dataStream:|priority:0|startupRole:FOLLOWER, bca43735-b008-443f-9343-82cfc7e5cdbd|rpc:10.1.1.188:44765|dataStream:|priority:0|startupRole:FOLLOWER, 88796760-9d6a-455a-8b63-676b32daf901|rpc:10.1.1.188:43773|dataStream:|priority:1|startupRole:FOLLOWER]|listeners:[], old=null, confs=<EMPTY_MAP>
2022-10-19 08:45:17,880 [pool-237-thread-1] INFO  server.RaftServerConfigKeys (ConfUtils.java:logGet(46)) - raft.server.storage.dir = [/home/runner/work/ozone/ozone/hadoop-ozone/integration-test/target/test-dir/MiniOzoneClusterImpl-43a13940-e4af-4545-ab6e-e590eff1efbb/datanode-7/data/ratis] (custom)
2022-10-19 08:45:17,880 [pool-237-thread-1] INFO  server.RaftServerConfigKeys (ConfUtils.java:logGet(46)) - raft.server.log.corruption.policy = EXCEPTION (default)
2022-10-19 08:45:17,880 [pool-237-thread-1] INFO  server.RaftServerConfigKeys (ConfUtils.java:logGet(46)) - raft.server.storage.free-space.min = 0MB (=0) (default)
2022-10-19 08:45:17,880 [pool-237-thread-1] INFO  server.RaftServerConfigKeys (ConfUtils.java:logGet(46)) - raft.server.notification.no-leader.timeout = 300s (custom)
2022-10-19 08:45:17,880 [pool-237-thread-1] INFO  server.RaftServerConfigKeys (ConfUtils.java:logGet(46)) - raft.server.retrycache.expirytime = 600000ms (custom)
2022-10-19 08:45:17,880 [pool-237-thread-1] INFO  server.RaftServerConfigKeys (ConfUtils.java:logGet(46)) - raft.server.retrycache.statistics.expirytime = 100μs (default)
2022-10-19 08:45:17,881 [pool-237-thread-1] INFO  server.RaftServerConfigKeys (ConfUtils.java:logGet(46)) - raft.server.log.appender.install.snapshot.enabled = false (custom)
2022-10-19 08:45:17,881 [pool-237-thread-1] INFO  server.RaftServerConfigKeys (ConfUtils.java:logGet(46)) - raft.server.threadpool.server.cached = true (default)
2022-10-19 08:45:17,881 [pool-237-thread-1] INFO  server.RaftServerConfigKeys (ConfUtils.java:logGet(46)) - raft.server.threadpool.server.size = 0 (default)
2022-10-19 08:45:17,881 [pool-237-thread-1] INFO  server.RaftServerConfigKeys (ConfUtils.java:logGet(46)) - raft.server.threadpool.client.cached = true (default)
2022-10-19 08:45:17,881 [pool-237-thread-1] INFO  server.RaftServerConfigKeys (ConfUtils.java:logGet(46)) - raft.server.threadpool.client.size = 0 (default)
2022-10-19 08:45:17,882 [pool-237-thread-1] INFO  storage.RaftStorageDirectory (RaftStorageDirectoryImpl.java:analyzeStorage(137)) - The storage directory /home/runner/work/ozone/ozone/hadoop-ozone/integration-test/target/test-dir/MiniOzoneClusterImpl-43a13940-e4af-4545-ab6e-e590eff1efbb/datanode-7/data/ratis/cbe766ec-a2ba-487c-9619-f96fff3e3ab8 does not exist. Creating ...
2022-10-19 08:45:17,883 [pool-237-thread-1] INFO  storage.RaftStorageDirectory (RaftStorageDirectoryImpl.java:tryLock(231)) - Lock on /home/runner/work/ozone/ozone/hadoop-ozone/integration-test/target/test-dir/MiniOzoneClusterImpl-43a13940-e4af-4545-ab6e-e590eff1efbb/datanode-7/data/ratis/cbe766ec-a2ba-487c-9619-f96fff3e3ab8/in_use.lock acquired by nodename 22270@fv-az447-90
2022-10-19 08:45:17,885 [pool-237-thread-1] INFO  storage.RaftStorage (RaftStorageImpl.java:format(96)) - Storage directory /home/runner/work/ozone/ozone/hadoop-ozone/integration-test/target/test-dir/MiniOzoneClusterImpl-43a13940-e4af-4545-ab6e-e590eff1efbb/datanode-7/data/ratis/cbe766ec-a2ba-487c-9619-f96fff3e3ab8 has been successfully formatted.
2022-10-19 08:45:17,885 [pool-237-thread-1] INFO  ratis.ContainerStateMachine (ContainerStateMachine.java:loadSnapshot(236)) - group-F96FFF3E3AB8: The snapshot info is null. Setting the last applied indexto:(t:0, i:~)
2022-10-19 08:45:17,885 [pool-237-thread-1] INFO  server.RaftServerConfigKeys (ConfUtils.java:logGet(46)) - raft.server.log.use.memory = false (default)
2022-10-19 08:45:17,885 [pool-237-thread-1] INFO  server.RaftServerConfigKeys (ConfUtils.java:logGet(46)) - raft.server.log.purge.gap = 1000000 (custom)
2022-10-19 08:45:17,886 [pool-237-thread-1] INFO  server.RaftServerConfigKeys (ConfUtils.java:logGet(46)) - raft.server.log.appender.buffer.byte-limit = 33554432 (custom)
2022-10-19 08:45:17,886 [pool-237-thread-1] INFO  server.RaftServerConfigKeys (ConfUtils.java:logGet(46)) - raft.server.log.statemachine.data.read.timeout = 1000ms (default)
2022-10-19 08:45:17,887 [pool-237-thread-1] INFO  server.RaftServerConfigKeys (ConfUtils.java:logGet(46)) - raft.server.log.purge.preservation.log.num = 0 (default)
2022-10-19 08:45:17,887 [pool-237-thread-1] INFO  server.RaftServerConfigKeys (ConfUtils.java:logGet(46)) - raft.server.log.segment.size.max = 1048576 (custom)
2022-10-19 08:45:17,887 [pool-237-thread-1] INFO  server.RaftServerConfigKeys (ConfUtils.java:logGet(46)) - raft.server.log.segment.cache.num.max = 2 (custom)
2022-10-19 08:45:17,887 [pool-237-thread-1] INFO  server.RaftServerConfigKeys (ConfUtils.java:logGet(46)) - raft.server.log.segment.cache.size.max = 200MB (=209715200) (default)
2022-10-19 08:45:17,888 [pool-237-thread-1] INFO  segmented.SegmentedRaftLogWorker (SegmentedRaftLogWorker.java:<init>(191)) - new bca43735-b008-443f-9343-82cfc7e5cdbd@group-F96FFF3E3AB8-SegmentedRaftLogWorker for RaftStorageImpl:Storage Directory /home/runner/work/ozone/ozone/hadoop-ozone/integration-test/target/test-dir/MiniOzoneClusterImpl-43a13940-e4af-4545-ab6e-e590eff1efbb/datanode-7/data/ratis/cbe766ec-a2ba-487c-9619-f96fff3e3ab8
2022-10-19 08:45:17,888 [pool-237-thread-1] INFO  server.RaftServerConfigKeys (ConfUtils.java:logGet(46)) - raft.server.log.queue.byte-limit = 4294967296 (custom)
2022-10-19 08:45:17,888 [pool-237-thread-1] INFO  server.RaftServerConfigKeys (ConfUtils.java:logGet(46)) - raft.server.log.queue.element-limit = 1024 (custom)
2022-10-19 08:45:17,888 [pool-237-thread-1] INFO  server.RaftServerConfigKeys (ConfUtils.java:logGet(46)) - raft.server.log.segment.size.max = 1048576 (custom)
2022-10-19 08:45:17,888 [pool-237-thread-1] INFO  server.RaftServerConfigKeys (ConfUtils.java:logGet(46)) - raft.server.log.preallocated.size = 16384 (custom)
2022-10-19 08:45:17,888 [pool-237-thread-1] INFO  server.RaftServerConfigKeys (ConfUtils.java:logGet(46)) - raft.server.log.force.sync.num = 128 (default)
2022-10-19 08:45:17,888 [pool-237-thread-1] INFO  server.RaftServerConfigKeys (ConfUtils.java:logGet(46)) - raft.server.log.statemachine.data.sync = true (default)
2022-10-19 08:45:17,888 [pool-237-thread-1] INFO  server.RaftServerConfigKeys (ConfUtils.java:logGet(46)) - raft.server.log.statemachine.data.sync.timeout = 10s (default)
2022-10-19 08:45:17,888 [pool-237-thread-1] INFO  server.RaftServerConfigKeys (ConfUtils.java:logGet(46)) - raft.server.log.statemachine.data.sync.timeout.retry = -1 (default)
2022-10-19 08:45:17,889 [pool-237-thread-1] INFO  server.RaftServerConfigKeys (ConfUtils.java:logGet(46)) - raft.server.log.write.buffer.size = 1048576 (custom)
2022-10-19 08:45:17,890 [pool-237-thread-1] INFO  server.RaftServerConfigKeys (ConfUtils.java:logGet(46)) - raft.server.log.unsafe-flush.enabled = false (default)
2022-10-19 08:45:17,890 [pool-237-thread-1] INFO  server.RaftServerConfigKeys (ConfUtils.java:logGet(46)) - raft.server.log.async-flush.enabled = false (default)
2022-10-19 08:45:17,890 [pool-237-thread-1] INFO  server.RaftServerConfigKeys (ConfUtils.java:logGet(46)) - raft.server.log.statemachine.data.caching.enabled = true (custom)
2022-10-19 08:45:17,890 [pool-237-thread-1] INFO  segmented.SegmentedRaftLogWorker (SegmentedRaftLogWorker.java:lambda$new$0(136)) - bca43735-b008-443f-9343-82cfc7e5cdbd@group-F96FFF3E3AB8-SegmentedRaftLogWorker: flushIndex: setUnconditionally 0 -> -1
2022-10-19 08:45:17,890 [pool-237-thread-1] INFO  segmented.SegmentedRaftLogWorker (SegmentedRaftLogWorker.java:lambda$new$0(136)) - bca43735-b008-443f-9343-82cfc7e5cdbd@group-F96FFF3E3AB8-SegmentedRaftLogWorker: safeCacheEvictIndex: setUnconditionally 0 -> -1
2022-10-19 08:45:17,891 [pool-237-thread-1] INFO  server.RaftServer$Division (RaftServerImpl.java:start(334)) - bca43735-b008-443f-9343-82cfc7e5cdbd@group-F96FFF3E3AB8: start as a follower, conf=-1: peers:[2793c3be-81e9-49ed-8ebe-f0dc6850cb05|rpc:10.1.1.188:34763|dataStream:|priority:0|startupRole:FOLLOWER, bca43735-b008-443f-9343-82cfc7e5cdbd|rpc:10.1.1.188:44765|dataStream:|priority:0|startupRole:FOLLOWER, 88796760-9d6a-455a-8b63-676b32daf901|rpc:10.1.1.188:43773|dataStream:|priority:1|startupRole:FOLLOWER]|listeners:[], old=null
2022-10-19 08:45:17,891 [pool-237-thread-1] INFO  server.RaftServer$Division (RaftServerImpl.java:setRole(321)) - bca43735-b008-443f-9343-82cfc7e5cdbd@group-F96FFF3E3AB8: changes role from      null to FOLLOWER at term 0 for startAsFollower
2022-10-19 08:45:17,891 [pool-237-thread-1] INFO  impl.RoleInfo (RoleInfo.java:updateAndGet(139)) - bca43735-b008-443f-9343-82cfc7e5cdbd: start bca43735-b008-443f-9343-82cfc7e5cdbd@group-F96FFF3E3AB8-FollowerState
2022-10-19 08:45:17,891 [pool-237-thread-1] INFO  util.JmxRegister (JmxRegister.java:tryRegister(44)) - Successfully registered JMX Bean with object name Ratis:service=RaftServer,group=group-F96FFF3E3AB8,id=bca43735-b008-443f-9343-82cfc7e5cdbd
2022-10-19 08:45:17,891 [bca43735-b008-443f-9343-82cfc7e5cdbd@group-F96FFF3E3AB8-FollowerState] INFO  server.RaftServerConfigKeys (ConfUtils.java:logFallback(53)) - raft.server.rpc.first-election.timeout.min = 5s (fallback to raft.server.rpc.timeout.min)
2022-10-19 08:45:17,891 [pool-237-thread-1] INFO  server.RaftServerConfigKeys (ConfUtils.java:logGet(46)) - raft.server.snapshot.auto.trigger.enabled = true (custom)
2022-10-19 08:45:17,891 [bca43735-b008-443f-9343-82cfc7e5cdbd@group-F96FFF3E3AB8-FollowerState] INFO  server.RaftServerConfigKeys (ConfUtils.java:logFallback(53)) - raft.server.rpc.first-election.timeout.max = 5200ms (fallback to raft.server.rpc.timeout.max)
2022-10-19 08:45:17,891 [pool-237-thread-1] INFO  server.RaftServerConfigKeys (ConfUtils.java:logGet(46)) - raft.server.snapshot.auto.trigger.threshold = 10000 (custom)
2022-10-19 08:45:17,892 [pool-237-thread-1] INFO  server.RaftServerConfigKeys (ConfUtils.java:logGet(46)) - raft.server.snapshot.retention.file.num = 5 (custom)
2022-10-19 08:45:17,892 [pool-237-thread-1] INFO  server.RaftServerConfigKeys (ConfUtils.java:logGet(46)) - raft.server.log.purge.upto.snapshot.index = false (default)
2022-10-19 08:45:17,908 [grpc-default-executor-0] INFO  server.RaftServer (RaftServerProxy.java:addNew(96)) - 2793c3be-81e9-49ed-8ebe-f0dc6850cb05: addNew group-F96FFF3E3AB8:[2793c3be-81e9-49ed-8ebe-f0dc6850cb05|rpc:10.1.1.188:34763|dataStream:|priority:0|startupRole:FOLLOWER, bca43735-b008-443f-9343-82cfc7e5cdbd|rpc:10.1.1.188:44765|dataStream:|priority:0|startupRole:FOLLOWER, 88796760-9d6a-455a-8b63-676b32daf901|rpc:10.1.1.188:43773|dataStream:|priority:1|startupRole:FOLLOWER] returns group-F96FFF3E3AB8:java.util.concurrent.CompletableFuture@65b403c3[Not completed]
2022-10-19 08:45:17,909 [pool-268-thread-1] INFO  server.RaftServer$Division (RaftServerImpl.java:<init>(195)) - 2793c3be-81e9-49ed-8ebe-f0dc6850cb05: new RaftServerImpl for group-F96FFF3E3AB8:[2793c3be-81e9-49ed-8ebe-f0dc6850cb05|rpc:10.1.1.188:34763|dataStream:|priority:0|startupRole:FOLLOWER, bca43735-b008-443f-9343-82cfc7e5cdbd|rpc:10.1.1.188:44765|dataStream:|priority:0|startupRole:FOLLOWER, 88796760-9d6a-455a-8b63-676b32daf901|rpc:10.1.1.188:43773|dataStream:|priority:1|startupRole:FOLLOWER] with ContainerStateMachine:uninitialized
2022-10-19 08:45:17,909 [pool-268-thread-1] INFO  server.RaftServerConfigKeys (ConfUtils.java:logGet(46)) - raft.server.rpc.timeout.min = 5s (custom)
2022-10-19 08:45:17,909 [pool-268-thread-1] INFO  server.RaftServerConfigKeys (ConfUtils.java:logGet(46)) - raft.server.rpc.timeout.max = 5200ms (custom)
2022-10-19 08:45:17,909 [pool-268-thread-1] INFO  server.RaftServerConfigKeys (ConfUtils.java:logGet(46)) - raft.server.rpc.sleep.time = 25ms (default)
2022-10-19 08:45:17,909 [pool-268-thread-1] INFO  server.RaftServerConfigKeys (ConfUtils.java:logGet(46)) - raft.server.rpc.slowness.timeout = 300s (custom)
2022-10-19 08:45:17,909 [pool-268-thread-1] INFO  server.RaftServerConfigKeys (ConfUtils.java:logGet(46)) - raft.server.leaderelection.leader.step-down.wait-time = 10s (default)
2022-10-19 08:45:17,909 [pool-268-thread-1] INFO  server.RaftServerConfigKeys (ConfUtils.java:logGet(46)) - raft.server.sleep.deviation.threshold = 300ms (default)
2022-10-19 08:45:17,909 [pool-268-thread-1] INFO  server.RaftServer$Division (ServerState.java:<init>(118)) - 2793c3be-81e9-49ed-8ebe-f0dc6850cb05@group-F96FFF3E3AB8: ConfigurationManager, init=-1: peers:[2793c3be-81e9-49ed-8ebe-f0dc6850cb05|rpc:10.1.1.188:34763|dataStream:|priority:0|startupRole:FOLLOWER, bca43735-b008-443f-9343-82cfc7e5cdbd|rpc:10.1.1.188:44765|dataStream:|priority:0|startupRole:FOLLOWER, 88796760-9d6a-455a-8b63-676b32daf901|rpc:10.1.1.188:43773|dataStream:|priority:1|startupRole:FOLLOWER]|listeners:[], old=null, confs=<EMPTY_MAP>
2022-10-19 08:45:17,909 [pool-268-thread-1] INFO  server.RaftServerConfigKeys (ConfUtils.java:logGet(46)) - raft.server.storage.dir = [/home/runner/work/ozone/ozone/hadoop-ozone/integration-test/target/test-dir/MiniOzoneClusterImpl-43a13940-e4af-4545-ab6e-e590eff1efbb/datanode-8/data/ratis] (custom)
2022-10-19 08:45:17,910 [pool-268-thread-1] INFO  server.RaftServerConfigKeys (ConfUtils.java:logGet(46)) - raft.server.log.corruption.policy = EXCEPTION (default)
2022-10-19 08:45:17,910 [pool-268-thread-1] INFO  server.RaftServerConfigKeys (ConfUtils.java:logGet(46)) - raft.server.storage.free-space.min = 0MB (=0) (default)
2022-10-19 08:45:17,910 [pool-268-thread-1] INFO  server.RaftServerConfigKeys (ConfUtils.java:logGet(46)) - raft.server.notification.no-leader.timeout = 300s (custom)
2022-10-19 08:45:17,910 [pool-268-thread-1] INFO  server.RaftServerConfigKeys (ConfUtils.java:logGet(46)) - raft.server.retrycache.expirytime = 600000ms (custom)
2022-10-19 08:45:17,910 [pool-268-thread-1] INFO  server.RaftServerConfigKeys (ConfUtils.java:logGet(46)) - raft.server.retrycache.statistics.expirytime = 100μs (default)
2022-10-19 08:45:17,911 [pool-268-thread-1] INFO  server.RaftServerConfigKeys (ConfUtils.java:logGet(46)) - raft.server.log.appender.install.snapshot.enabled = false (custom)
2022-10-19 08:45:17,911 [pool-268-thread-1] INFO  server.RaftServerConfigKeys (ConfUtils.java:logGet(46)) - raft.server.threadpool.server.cached = true (default)
2022-10-19 08:45:17,911 [pool-268-thread-1] INFO  server.RaftServerConfigKeys (ConfUtils.java:logGet(46)) - raft.server.threadpool.server.size = 0 (default)
2022-10-19 08:45:17,911 [pool-268-thread-1] INFO  server.RaftServerConfigKeys (ConfUtils.java:logGet(46)) - raft.server.threadpool.client.cached = true (default)
2022-10-19 08:45:17,911 [pool-268-thread-1] INFO  server.RaftServerConfigKeys (ConfUtils.java:logGet(46)) - raft.server.threadpool.client.size = 0 (default)
2022-10-19 08:45:17,911 [pool-268-thread-1] INFO  storage.RaftStorageDirectory (RaftStorageDirectoryImpl.java:analyzeStorage(137)) - The storage directory /home/runner/work/ozone/ozone/hadoop-ozone/integration-test/target/test-dir/MiniOzoneClusterImpl-43a13940-e4af-4545-ab6e-e590eff1efbb/datanode-8/data/ratis/cbe766ec-a2ba-487c-9619-f96fff3e3ab8 does not exist. Creating ...
2022-10-19 08:45:17,913 [pool-268-thread-1] INFO  storage.RaftStorageDirectory (RaftStorageDirectoryImpl.java:tryLock(231)) - Lock on /home/runner/work/ozone/ozone/hadoop-ozone/integration-test/target/test-dir/MiniOzoneClusterImpl-43a13940-e4af-4545-ab6e-e590eff1efbb/datanode-8/data/ratis/cbe766ec-a2ba-487c-9619-f96fff3e3ab8/in_use.lock acquired by nodename 22270@fv-az447-90
2022-10-19 08:45:17,914 [pool-268-thread-1] INFO  storage.RaftStorage (RaftStorageImpl.java:format(96)) - Storage directory /home/runner/work/ozone/ozone/hadoop-ozone/integration-test/target/test-dir/MiniOzoneClusterImpl-43a13940-e4af-4545-ab6e-e590eff1efbb/datanode-8/data/ratis/cbe766ec-a2ba-487c-9619-f96fff3e3ab8 has been successfully formatted.
2022-10-19 08:45:17,915 [pool-268-thread-1] INFO  ratis.ContainerStateMachine (ContainerStateMachine.java:loadSnapshot(236)) - group-F96FFF3E3AB8: The snapshot info is null. Setting the last applied indexto:(t:0, i:~)
2022-10-19 08:45:17,916 [pool-268-thread-1] INFO  server.RaftServerConfigKeys (ConfUtils.java:logGet(46)) - raft.server.log.use.memory = false (default)
2022-10-19 08:45:17,917 [pool-268-thread-1] INFO  server.RaftServerConfigKeys (ConfUtils.java:logGet(46)) - raft.server.log.purge.gap = 1000000 (custom)
2022-10-19 08:45:17,917 [pool-268-thread-1] INFO  server.RaftServerConfigKeys (ConfUtils.java:logGet(46)) - raft.server.log.appender.buffer.byte-limit = 33554432 (custom)
2022-10-19 08:45:17,917 [pool-268-thread-1] INFO  server.RaftServerConfigKeys (ConfUtils.java:logGet(46)) - raft.server.log.statemachine.data.read.timeout = 1000ms (default)
2022-10-19 08:45:17,917 [pool-268-thread-1] INFO  server.RaftServerConfigKeys (ConfUtils.java:logGet(46)) - raft.server.log.purge.preservation.log.num = 0 (default)
2022-10-19 08:45:17,917 [pool-268-thread-1] INFO  server.RaftServerConfigKeys (ConfUtils.java:logGet(46)) - raft.server.log.segment.size.max = 1048576 (custom)
2022-10-19 08:45:17,917 [pool-268-thread-1] INFO  server.RaftServerConfigKeys (ConfUtils.java:logGet(46)) - raft.server.log.segment.cache.num.max = 2 (custom)
2022-10-19 08:45:17,917 [pool-268-thread-1] INFO  server.RaftServerConfigKeys (ConfUtils.java:logGet(46)) - raft.server.log.segment.cache.size.max = 200MB (=209715200) (default)
2022-10-19 08:45:17,917 [pool-268-thread-1] INFO  segmented.SegmentedRaftLogWorker (SegmentedRaftLogWorker.java:<init>(191)) - new 2793c3be-81e9-49ed-8ebe-f0dc6850cb05@group-F96FFF3E3AB8-SegmentedRaftLogWorker for RaftStorageImpl:Storage Directory /home/runner/work/ozone/ozone/hadoop-ozone/integration-test/target/test-dir/MiniOzoneClusterImpl-43a13940-e4af-4545-ab6e-e590eff1efbb/datanode-8/data/ratis/cbe766ec-a2ba-487c-9619-f96fff3e3ab8
2022-10-19 08:45:17,917 [pool-268-thread-1] INFO  server.RaftServerConfigKeys (ConfUtils.java:logGet(46)) - raft.server.log.queue.byte-limit = 4294967296 (custom)
2022-10-19 08:45:17,918 [pool-268-thread-1] INFO  server.RaftServerConfigKeys (ConfUtils.java:logGet(46)) - raft.server.log.queue.element-limit = 1024 (custom)
2022-10-19 08:45:17,918 [pool-268-thread-1] INFO  server.RaftServerConfigKeys (ConfUtils.java:logGet(46)) - raft.server.log.segment.size.max = 1048576 (custom)
2022-10-19 08:45:17,918 [pool-268-thread-1] INFO  server.RaftServerConfigKeys (ConfUtils.java:logGet(46)) - raft.server.log.preallocated.size = 16384 (custom)
2022-10-19 08:45:17,918 [pool-268-thread-1] INFO  server.RaftServerConfigKeys (ConfUtils.java:logGet(46)) - raft.server.log.force.sync.num = 128 (default)
2022-10-19 08:45:17,918 [pool-268-thread-1] INFO  server.RaftServerConfigKeys (ConfUtils.java:logGet(46)) - raft.server.log.statemachine.data.sync = true (default)
2022-10-19 08:45:17,918 [pool-268-thread-1] INFO  server.RaftServerConfigKeys (ConfUtils.java:logGet(46)) - raft.server.log.statemachine.data.sync.timeout = 10s (default)
2022-10-19 08:45:17,918 [pool-268-thread-1] INFO  server.RaftServerConfigKeys (ConfUtils.java:logGet(46)) - raft.server.log.statemachine.data.sync.timeout.retry = -1 (default)
2022-10-19 08:45:17,919 [pool-268-thread-1] INFO  server.RaftServerConfigKeys (ConfUtils.java:logGet(46)) - raft.server.log.write.buffer.size = 1048576 (custom)
2022-10-19 08:45:17,919 [pool-268-thread-1] INFO  server.RaftServerConfigKeys (ConfUtils.java:logGet(46)) - raft.server.log.unsafe-flush.enabled = false (default)
2022-10-19 08:45:17,919 [pool-268-thread-1] INFO  server.RaftServerConfigKeys (ConfUtils.java:logGet(46)) - raft.server.log.async-flush.enabled = false (default)
2022-10-19 08:45:17,920 [pool-268-thread-1] INFO  server.RaftServerConfigKeys (ConfUtils.java:logGet(46)) - raft.server.log.statemachine.data.caching.enabled = true (custom)
2022-10-19 08:45:17,920 [pool-268-thread-1] INFO  segmented.SegmentedRaftLogWorker (SegmentedRaftLogWorker.java:lambda$new$0(136)) - 2793c3be-81e9-49ed-8ebe-f0dc6850cb05@group-F96FFF3E3AB8-SegmentedRaftLogWorker: flushIndex: setUnconditionally 0 -> -1
2022-10-19 08:45:17,920 [pool-268-thread-1] INFO  segmented.SegmentedRaftLogWorker (SegmentedRaftLogWorker.java:lambda$new$0(136)) - 2793c3be-81e9-49ed-8ebe-f0dc6850cb05@group-F96FFF3E3AB8-SegmentedRaftLogWorker: safeCacheEvictIndex: setUnconditionally 0 -> -1
2022-10-19 08:45:17,920 [pool-268-thread-1] INFO  server.RaftServer$Division (RaftServerImpl.java:start(334)) - 2793c3be-81e9-49ed-8ebe-f0dc6850cb05@group-F96FFF3E3AB8: start as a follower, conf=-1: peers:[2793c3be-81e9-49ed-8ebe-f0dc6850cb05|rpc:10.1.1.188:34763|dataStream:|priority:0|startupRole:FOLLOWER, bca43735-b008-443f-9343-82cfc7e5cdbd|rpc:10.1.1.188:44765|dataStream:|priority:0|startupRole:FOLLOWER, 88796760-9d6a-455a-8b63-676b32daf901|rpc:10.1.1.188:43773|dataStream:|priority:1|startupRole:FOLLOWER]|listeners:[], old=null
2022-10-19 08:45:17,920 [pool-268-thread-1] INFO  server.RaftServer$Division (RaftServerImpl.java:setRole(321)) - 2793c3be-81e9-49ed-8ebe-f0dc6850cb05@group-F96FFF3E3AB8: changes role from      null to FOLLOWER at term 0 for startAsFollower
2022-10-19 08:45:17,920 [pool-268-thread-1] INFO  impl.RoleInfo (RoleInfo.java:updateAndGet(139)) - 2793c3be-81e9-49ed-8ebe-f0dc6850cb05: start 2793c3be-81e9-49ed-8ebe-f0dc6850cb05@group-F96FFF3E3AB8-FollowerState
2022-10-19 08:45:17,920 [pool-268-thread-1] INFO  util.JmxRegister (JmxRegister.java:tryRegister(44)) - Successfully registered JMX Bean with object name Ratis:service=RaftServer,group=group-F96FFF3E3AB8,id=2793c3be-81e9-49ed-8ebe-f0dc6850cb05
2022-10-19 08:45:17,921 [pool-268-thread-1] INFO  server.RaftServerConfigKeys (ConfUtils.java:logGet(46)) - raft.server.snapshot.auto.trigger.enabled = true (custom)
2022-10-19 08:45:17,921 [pool-268-thread-1] INFO  server.RaftServerConfigKeys (ConfUtils.java:logGet(46)) - raft.server.snapshot.auto.trigger.threshold = 10000 (custom)
2022-10-19 08:45:17,921 [pool-268-thread-1] INFO  server.RaftServerConfigKeys (ConfUtils.java:logGet(46)) - raft.server.snapshot.retention.file.num = 5 (custom)
2022-10-19 08:45:17,921 [pool-268-thread-1] INFO  server.RaftServerConfigKeys (ConfUtils.java:logGet(46)) - raft.server.log.purge.upto.snapshot.index = false (default)
2022-10-19 08:45:17,921 [2793c3be-81e9-49ed-8ebe-f0dc6850cb05@group-F96FFF3E3AB8-FollowerState] INFO  server.RaftServerConfigKeys (ConfUtils.java:logFallback(53)) - raft.server.rpc.first-election.timeout.min = 5s (fallback to raft.server.rpc.timeout.min)
2022-10-19 08:45:17,921 [2793c3be-81e9-49ed-8ebe-f0dc6850cb05@group-F96FFF3E3AB8-FollowerState] INFO  server.RaftServerConfigKeys (ConfUtils.java:logFallback(53)) - raft.server.rpc.first-election.timeout.max = 5200ms (fallback to raft.server.rpc.timeout.max)
2022-10-19 08:45:17,928 [Command processor thread] INFO  commandhandler.CreatePipelineCommandHandler (CreatePipelineCommandHandler.java:handle(113)) - Created Pipeline RATIS THREE PipelineID=cbe766ec-a2ba-487c-9619-f96fff3e3ab8.
2022-10-19 08:45:17,971 [Listener at 127.0.0.1/40043] INFO  ozone.MiniOzoneClusterImpl (MiniOzoneClusterImpl.java:lambda$waitForClusterToBeReady$0(216)) - Nodes are ready. Got 10 of 10 DN Heartbeats.
2022-10-19 08:45:17,971 [Listener at 127.0.0.1/40043] INFO  ozone.MiniOzoneClusterImpl (MiniOzoneClusterImpl.java:lambda$waitForClusterToBeReady$0(219)) - Waiting for cluster to exit safe mode
2022-10-19 08:45:17,971 [Listener at 127.0.0.1/40043] INFO  ozone.MiniOzoneClusterImpl (MiniOzoneClusterImpl.java:lambda$waitForClusterToBeReady$0(221)) - SCM became leader
2022-10-19 08:45:18,136 [Command processor thread] INFO  server.RaftServer (RaftServerProxy.java:addNew(96)) - bca43735-b008-443f-9343-82cfc7e5cdbd: addNew group-D3C8F7E5DD43:[bca43735-b008-443f-9343-82cfc7e5cdbd|rpc:10.1.1.188:44765|priority:1|startupRole:FOLLOWER] returns group-D3C8F7E5DD43:java.util.concurrent.CompletableFuture@58385302[Not completed]
2022-10-19 08:45:18,138 [pool-237-thread-1] INFO  server.RaftServer$Division (RaftServerImpl.java:<init>(195)) - bca43735-b008-443f-9343-82cfc7e5cdbd: new RaftServerImpl for group-D3C8F7E5DD43:[bca43735-b008-443f-9343-82cfc7e5cdbd|rpc:10.1.1.188:44765|priority:1|startupRole:FOLLOWER] with ContainerStateMachine:uninitialized
2022-10-19 08:45:18,138 [pool-237-thread-1] INFO  server.RaftServerConfigKeys (ConfUtils.java:logGet(46)) - raft.server.rpc.timeout.min = 5s (custom)
2022-10-19 08:45:18,138 [pool-237-thread-1] INFO  server.RaftServerConfigKeys (ConfUtils.java:logGet(46)) - raft.server.rpc.timeout.max = 5200ms (custom)
2022-10-19 08:45:18,138 [pool-237-thread-1] INFO  server.RaftServerConfigKeys (ConfUtils.java:logGet(46)) - raft.server.rpc.sleep.time = 25ms (default)
2022-10-19 08:45:18,138 [pool-237-thread-1] INFO  server.RaftServerConfigKeys (ConfUtils.java:logGet(46)) - raft.server.rpc.slowness.timeout = 300s (custom)
2022-10-19 08:45:18,138 [pool-237-thread-1] INFO  server.RaftServerConfigKeys (ConfUtils.java:logGet(46)) - raft.server.leaderelection.leader.step-down.wait-time = 10s (default)
2022-10-19 08:45:18,138 [pool-237-thread-1] INFO  server.RaftServerConfigKeys (ConfUtils.java:logGet(46)) - raft.server.sleep.deviation.threshold = 300ms (default)
2022-10-19 08:45:18,138 [pool-237-thread-1] INFO  server.RaftServer$Division (ServerState.java:<init>(118)) - bca43735-b008-443f-9343-82cfc7e5cdbd@group-D3C8F7E5DD43: ConfigurationManager, init=-1: peers:[bca43735-b008-443f-9343-82cfc7e5cdbd|rpc:10.1.1.188:44765|priority:1|startupRole:FOLLOWER]|listeners:[], old=null, confs=<EMPTY_MAP>
2022-10-19 08:45:18,138 [pool-237-thread-1] INFO  server.RaftServerConfigKeys (ConfUtils.java:logGet(46)) - raft.server.storage.dir = [/home/runner/work/ozone/ozone/hadoop-ozone/integration-test/target/test-dir/MiniOzoneClusterImpl-43a13940-e4af-4545-ab6e-e590eff1efbb/datanode-7/data/ratis] (custom)
2022-10-19 08:45:18,138 [pool-237-thread-1] INFO  server.RaftServerConfigKeys (ConfUtils.java:logGet(46)) - raft.server.log.corruption.policy = EXCEPTION (default)
2022-10-19 08:45:18,138 [pool-237-thread-1] INFO  server.RaftServerConfigKeys (ConfUtils.java:logGet(46)) - raft.server.storage.free-space.min = 0MB (=0) (default)
2022-10-19 08:45:18,139 [pool-237-thread-1] INFO  server.RaftServerConfigKeys (ConfUtils.java:logGet(46)) - raft.server.notification.no-leader.timeout = 300s (custom)
2022-10-19 08:45:18,139 [pool-237-thread-1] INFO  server.RaftServerConfigKeys (ConfUtils.java:logGet(46)) - raft.server.retrycache.expirytime = 600000ms (custom)
2022-10-19 08:45:18,139 [pool-237-thread-1] INFO  server.RaftServerConfigKeys (ConfUtils.java:logGet(46)) - raft.server.retrycache.statistics.expirytime = 100μs (default)
2022-10-19 08:45:18,140 [pool-237-thread-1] INFO  server.RaftServerConfigKeys (ConfUtils.java:logGet(46)) - raft.server.log.appender.install.snapshot.enabled = false (custom)
2022-10-19 08:45:18,140 [pool-237-thread-1] INFO  server.RaftServerConfigKeys (ConfUtils.java:logGet(46)) - raft.server.threadpool.server.cached = true (default)
2022-10-19 08:45:18,140 [pool-237-thread-1] INFO  server.RaftServerConfigKeys (ConfUtils.java:logGet(46)) - raft.server.threadpool.server.size = 0 (default)
2022-10-19 08:45:18,140 [pool-237-thread-1] INFO  server.RaftServerConfigKeys (ConfUtils.java:logGet(46)) - raft.server.threadpool.client.cached = true (default)
2022-10-19 08:45:18,140 [pool-237-thread-1] INFO  server.RaftServerConfigKeys (ConfUtils.java:logGet(46)) - raft.server.threadpool.client.size = 0 (default)
2022-10-19 08:45:18,140 [pool-237-thread-1] INFO  storage.RaftStorageDirectory (RaftStorageDirectoryImpl.java:analyzeStorage(137)) - The storage directory /home/runner/work/ozone/ozone/hadoop-ozone/integration-test/target/test-dir/MiniOzoneClusterImpl-43a13940-e4af-4545-ab6e-e590eff1efbb/datanode-7/data/ratis/a260fbbc-2795-4e3a-96c0-d3c8f7e5dd43 does not exist. Creating ...
2022-10-19 08:45:18,141 [pool-237-thread-1] INFO  storage.RaftStorageDirectory (RaftStorageDirectoryImpl.java:tryLock(231)) - Lock on /home/runner/work/ozone/ozone/hadoop-ozone/integration-test/target/test-dir/MiniOzoneClusterImpl-43a13940-e4af-4545-ab6e-e590eff1efbb/datanode-7/data/ratis/a260fbbc-2795-4e3a-96c0-d3c8f7e5dd43/in_use.lock acquired by nodename 22270@fv-az447-90
2022-10-19 08:45:18,143 [pool-237-thread-1] INFO  storage.RaftStorage (RaftStorageImpl.java:format(96)) - Storage directory /home/runner/work/ozone/ozone/hadoop-ozone/integration-test/target/test-dir/MiniOzoneClusterImpl-43a13940-e4af-4545-ab6e-e590eff1efbb/datanode-7/data/ratis/a260fbbc-2795-4e3a-96c0-d3c8f7e5dd43 has been successfully formatted.
2022-10-19 08:45:18,143 [pool-237-thread-1] INFO  ratis.ContainerStateMachine (ContainerStateMachine.java:loadSnapshot(236)) - group-D3C8F7E5DD43: The snapshot info is null. Setting the last applied indexto:(t:0, i:~)
2022-10-19 08:45:18,143 [pool-237-thread-1] INFO  server.RaftServerConfigKeys (ConfUtils.java:logGet(46)) - raft.server.log.use.memory = false (default)
2022-10-19 08:45:18,143 [pool-237-thread-1] INFO  server.RaftServerConfigKeys (ConfUtils.java:logGet(46)) - raft.server.log.purge.gap = 1000000 (custom)
2022-10-19 08:45:18,143 [pool-237-thread-1] INFO  server.RaftServerConfigKeys (ConfUtils.java:logGet(46)) - raft.server.log.appender.buffer.byte-limit = 33554432 (custom)
2022-10-19 08:45:18,143 [pool-237-thread-1] INFO  server.RaftServerConfigKeys (ConfUtils.java:logGet(46)) - raft.server.log.statemachine.data.read.timeout = 1000ms (default)
2022-10-19 08:45:18,143 [pool-237-thread-1] INFO  server.RaftServerConfigKeys (ConfUtils.java:logGet(46)) - raft.server.log.purge.preservation.log.num = 0 (default)
2022-10-19 08:45:18,144 [pool-237-thread-1] INFO  server.RaftServerConfigKeys (ConfUtils.java:logGet(46)) - raft.server.log.segment.size.max = 1048576 (custom)
2022-10-19 08:45:18,144 [pool-237-thread-1] INFO  server.RaftServerConfigKeys (ConfUtils.java:logGet(46)) - raft.server.log.segment.cache.num.max = 2 (custom)
2022-10-19 08:45:18,144 [pool-237-thread-1] INFO  server.RaftServerConfigKeys (ConfUtils.java:logGet(46)) - raft.server.log.segment.cache.size.max = 200MB (=209715200) (default)
2022-10-19 08:45:18,144 [pool-237-thread-1] INFO  segmented.SegmentedRaftLogWorker (SegmentedRaftLogWorker.java:<init>(191)) - new bca43735-b008-443f-9343-82cfc7e5cdbd@group-D3C8F7E5DD43-SegmentedRaftLogWorker for RaftStorageImpl:Storage Directory /home/runner/work/ozone/ozone/hadoop-ozone/integration-test/target/test-dir/MiniOzoneClusterImpl-43a13940-e4af-4545-ab6e-e590eff1efbb/datanode-7/data/ratis/a260fbbc-2795-4e3a-96c0-d3c8f7e5dd43
2022-10-19 08:45:18,144 [pool-237-thread-1] INFO  server.RaftServerConfigKeys (ConfUtils.java:logGet(46)) - raft.server.log.queue.byte-limit = 4294967296 (custom)
2022-10-19 08:45:18,144 [pool-237-thread-1] INFO  server.RaftServerConfigKeys (ConfUtils.java:logGet(46)) - raft.server.log.queue.element-limit = 1024 (custom)
2022-10-19 08:45:18,144 [pool-237-thread-1] INFO  server.RaftServerConfigKeys (ConfUtils.java:logGet(46)) - raft.server.log.segment.size.max = 1048576 (custom)
2022-10-19 08:45:18,144 [pool-237-thread-1] INFO  server.RaftServerConfigKeys (ConfUtils.java:logGet(46)) - raft.server.log.preallocated.size = 16384 (custom)
2022-10-19 08:45:18,144 [pool-237-thread-1] INFO  server.RaftServerConfigKeys (ConfUtils.java:logGet(46)) - raft.server.log.force.sync.num = 128 (default)
2022-10-19 08:45:18,145 [pool-237-thread-1] INFO  server.RaftServerConfigKeys (ConfUtils.java:logGet(46)) - raft.server.log.statemachine.data.sync = true (default)
2022-10-19 08:45:18,145 [EventQueue-PipelineReportForPipelineReportHandler] INFO  pipeline.PipelineManagerImpl (PipelineManagerImpl.java:openPipeline(367)) - Pipeline Pipeline[ Id: a260fbbc-2795-4e3a-96c0-d3c8f7e5dd43, Nodes: bca43735-b008-443f-9343-82cfc7e5cdbd{ip: 10.1.1.188, host: fv-az447-90.tnmeiuxxsqeu3byeydcnbj0j5d.dx.internal.cloudapp.net, ports: [REPLICATION=43615, RATIS=44765, RATIS_ADMIN=44765, RATIS_SERVER=44765, STANDALONE=42461], networkLocation: /default-rack, certSerialId: null, persistedOpState: IN_SERVICE, persistedOpStateExpiryEpochSec: 0}, ReplicationConfig: RATIS/ONE, State:ALLOCATED, leaderId:bca43735-b008-443f-9343-82cfc7e5cdbd, CreationTimestamp2022-10-19T08:45:15.144Z[Etc/UTC]] moved to OPEN state
2022-10-19 08:45:18,145 [pool-237-thread-1] INFO  server.RaftServerConfigKeys (ConfUtils.java:logGet(46)) - raft.server.log.statemachine.data.sync.timeout = 10s (default)
2022-10-19 08:45:18,145 [pool-237-thread-1] INFO  server.RaftServerConfigKeys (ConfUtils.java:logGet(46)) - raft.server.log.statemachine.data.sync.timeout.retry = -1 (default)
2022-10-19 08:45:18,146 [EventQueue-OpenPipelineForHealthyPipelineSafeModeRule] INFO  safemode.SCMSafeModeManager (HealthyPipelineSafeModeRule.java:process(137)) - SCM in safe mode. Healthy pipelines reported count is 0, required healthy pipeline reported count is 1
2022-10-19 08:45:18,146 [pool-237-thread-1] INFO  server.RaftServerConfigKeys (ConfUtils.java:logGet(46)) - raft.server.log.write.buffer.size = 1048576 (custom)
2022-10-19 08:45:18,147 [pool-237-thread-1] INFO  server.RaftServerConfigKeys (ConfUtils.java:logGet(46)) - raft.server.log.unsafe-flush.enabled = false (default)
2022-10-19 08:45:18,147 [pool-237-thread-1] INFO  server.RaftServerConfigKeys (ConfUtils.java:logGet(46)) - raft.server.log.async-flush.enabled = false (default)
2022-10-19 08:45:18,147 [pool-237-thread-1] INFO  server.RaftServerConfigKeys (ConfUtils.java:logGet(46)) - raft.server.log.statemachine.data.caching.enabled = true (custom)
2022-10-19 08:45:18,147 [pool-237-thread-1] INFO  segmented.SegmentedRaftLogWorker (SegmentedRaftLogWorker.java:lambda$new$0(136)) - bca43735-b008-443f-9343-82cfc7e5cdbd@group-D3C8F7E5DD43-SegmentedRaftLogWorker: flushIndex: setUnconditionally 0 -> -1
2022-10-19 08:45:18,147 [pool-237-thread-1] INFO  segmented.SegmentedRaftLogWorker (SegmentedRaftLogWorker.java:lambda$new$0(136)) - bca43735-b008-443f-9343-82cfc7e5cdbd@group-D3C8F7E5DD43-SegmentedRaftLogWorker: safeCacheEvictIndex: setUnconditionally 0 -> -1
2022-10-19 08:45:18,148 [pool-237-thread-1] INFO  server.RaftServer$Division (RaftServerImpl.java:start(334)) - bca43735-b008-443f-9343-82cfc7e5cdbd@group-D3C8F7E5DD43: start as a follower, conf=-1: peers:[bca43735-b008-443f-9343-82cfc7e5cdbd|rpc:10.1.1.188:44765|priority:1|startupRole:FOLLOWER]|listeners:[], old=null
2022-10-19 08:45:18,148 [pool-237-thread-1] INFO  server.RaftServer$Division (RaftServerImpl.java:setRole(321)) - bca43735-b008-443f-9343-82cfc7e5cdbd@group-D3C8F7E5DD43: changes role from      null to FOLLOWER at term 0 for startAsFollower
2022-10-19 08:45:18,148 [pool-237-thread-1] INFO  impl.RoleInfo (RoleInfo.java:updateAndGet(139)) - bca43735-b008-443f-9343-82cfc7e5cdbd: start bca43735-b008-443f-9343-82cfc7e5cdbd@group-D3C8F7E5DD43-FollowerState
2022-10-19 08:45:18,148 [pool-237-thread-1] INFO  util.JmxRegister (JmxRegister.java:tryRegister(44)) - Successfully registered JMX Bean with object name Ratis:service=RaftServer,group=group-D3C8F7E5DD43,id=bca43735-b008-443f-9343-82cfc7e5cdbd
2022-10-19 08:45:18,148 [pool-237-thread-1] INFO  server.RaftServerConfigKeys (ConfUtils.java:logGet(46)) - raft.server.snapshot.auto.trigger.enabled = true (custom)
2022-10-19 08:45:18,148 [pool-237-thread-1] INFO  server.RaftServerConfigKeys (ConfUtils.java:logGet(46)) - raft.server.snapshot.auto.trigger.threshold = 10000 (custom)
2022-10-19 08:45:18,149 [pool-237-thread-1] INFO  server.RaftServerConfigKeys (ConfUtils.java:logGet(46)) - raft.server.snapshot.retention.file.num = 5 (custom)
2022-10-19 08:45:18,149 [pool-237-thread-1] INFO  server.RaftServerConfigKeys (ConfUtils.java:logGet(46)) - raft.server.log.purge.upto.snapshot.index = false (default)
2022-10-19 08:45:18,149 [bca43735-b008-443f-9343-82cfc7e5cdbd@group-D3C8F7E5DD43-FollowerState] INFO  server.RaftServerConfigKeys (ConfUtils.java:logFallback(53)) - raft.server.rpc.first-election.timeout.min = 5s (fallback to raft.server.rpc.timeout.min)
2022-10-19 08:45:18,149 [bca43735-b008-443f-9343-82cfc7e5cdbd@group-D3C8F7E5DD43-FollowerState] INFO  server.RaftServerConfigKeys (ConfUtils.java:logFallback(53)) - raft.server.rpc.first-election.timeout.max = 5200ms (fallback to raft.server.rpc.timeout.max)
2022-10-19 08:45:18,150 [Command processor thread] INFO  ratis.XceiverServerRatis (XceiverServerRatis.java:addGroup(765)) - Created group PipelineID=a260fbbc-2795-4e3a-96c0-d3c8f7e5dd43
2022-10-19 08:45:18,150 [Command processor thread] INFO  commandhandler.CreatePipelineCommandHandler (CreatePipelineCommandHandler.java:handle(113)) - Created Pipeline RATIS ONE PipelineID=a260fbbc-2795-4e3a-96c0-d3c8f7e5dd43.
2022-10-19 08:45:18,544 [Command processor thread] INFO  server.RaftServer (RaftServerProxy.java:addNew(96)) - 2793c3be-81e9-49ed-8ebe-f0dc6850cb05: addNew group-852C345BE8D9:[2793c3be-81e9-49ed-8ebe-f0dc6850cb05|rpc:10.1.1.188:34763|priority:1|startupRole:FOLLOWER] returns group-852C345BE8D9:java.util.concurrent.CompletableFuture@1188fd00[Not completed]
2022-10-19 08:45:18,545 [pool-268-thread-1] INFO  server.RaftServer$Division (RaftServerImpl.java:<init>(195)) - 2793c3be-81e9-49ed-8ebe-f0dc6850cb05: new RaftServerImpl for group-852C345BE8D9:[2793c3be-81e9-49ed-8ebe-f0dc6850cb05|rpc:10.1.1.188:34763|priority:1|startupRole:FOLLOWER] with ContainerStateMachine:uninitialized
2022-10-19 08:45:18,545 [pool-268-thread-1] INFO  server.RaftServerConfigKeys (ConfUtils.java:logGet(46)) - raft.server.rpc.timeout.min = 5s (custom)
2022-10-19 08:45:18,545 [pool-268-thread-1] INFO  server.RaftServerConfigKeys (ConfUtils.java:logGet(46)) - raft.server.rpc.timeout.max = 5200ms (custom)
2022-10-19 08:45:18,545 [pool-268-thread-1] INFO  server.RaftServerConfigKeys (ConfUtils.java:logGet(46)) - raft.server.rpc.sleep.time = 25ms (default)
2022-10-19 08:45:18,545 [pool-268-thread-1] INFO  server.RaftServerConfigKeys (ConfUtils.java:logGet(46)) - raft.server.rpc.slowness.timeout = 300s (custom)
2022-10-19 08:45:18,546 [pool-268-thread-1] INFO  server.RaftServerConfigKeys (ConfUtils.java:logGet(46)) - raft.server.leaderelection.leader.step-down.wait-time = 10s (default)
2022-10-19 08:45:18,546 [pool-268-thread-1] INFO  server.RaftServerConfigKeys (ConfUtils.java:logGet(46)) - raft.server.sleep.deviation.threshold = 300ms (default)
2022-10-19 08:45:18,546 [pool-268-thread-1] INFO  server.RaftServer$Division (ServerState.java:<init>(118)) - 2793c3be-81e9-49ed-8ebe-f0dc6850cb05@group-852C345BE8D9: ConfigurationManager, init=-1: peers:[2793c3be-81e9-49ed-8ebe-f0dc6850cb05|rpc:10.1.1.188:34763|priority:1|startupRole:FOLLOWER]|listeners:[], old=null, confs=<EMPTY_MAP>
2022-10-19 08:45:18,546 [pool-268-thread-1] INFO  server.RaftServerConfigKeys (ConfUtils.java:logGet(46)) - raft.server.storage.dir = [/home/runner/work/ozone/ozone/hadoop-ozone/integration-test/target/test-dir/MiniOzoneClusterImpl-43a13940-e4af-4545-ab6e-e590eff1efbb/datanode-8/data/ratis] (custom)
2022-10-19 08:45:18,546 [pool-268-thread-1] INFO  server.RaftServerConfigKeys (ConfUtils.java:logGet(46)) - raft.server.log.corruption.policy = EXCEPTION (default)
2022-10-19 08:45:18,546 [pool-268-thread-1] INFO  server.RaftServerConfigKeys (ConfUtils.java:logGet(46)) - raft.server.storage.free-space.min = 0MB (=0) (default)
2022-10-19 08:45:18,546 [pool-268-thread-1] INFO  server.RaftServerConfigKeys (ConfUtils.java:logGet(46)) - raft.server.notification.no-leader.timeout = 300s (custom)
2022-10-19 08:45:18,546 [pool-268-thread-1] INFO  server.RaftServerConfigKeys (ConfUtils.java:logGet(46)) - raft.server.retrycache.expirytime = 600000ms (custom)
2022-10-19 08:45:18,546 [pool-268-thread-1] INFO  server.RaftServerConfigKeys (ConfUtils.java:logGet(46)) - raft.server.retrycache.statistics.expirytime = 100μs (default)
2022-10-19 08:45:18,548 [pool-268-thread-1] INFO  server.RaftServerConfigKeys (ConfUtils.java:logGet(46)) - raft.server.log.appender.install.snapshot.enabled = false (custom)
2022-10-19 08:45:18,548 [pool-268-thread-1] INFO  server.RaftServerConfigKeys (ConfUtils.java:logGet(46)) - raft.server.threadpool.server.cached = true (default)
2022-10-19 08:45:18,548 [pool-268-thread-1] INFO  server.RaftServerConfigKeys (ConfUtils.java:logGet(46)) - raft.server.threadpool.server.size = 0 (default)
2022-10-19 08:45:18,548 [pool-268-thread-1] INFO  server.RaftServerConfigKeys (ConfUtils.java:logGet(46)) - raft.server.threadpool.client.cached = true (default)
2022-10-19 08:45:18,548 [pool-268-thread-1] INFO  server.RaftServerConfigKeys (ConfUtils.java:logGet(46)) - raft.server.threadpool.client.size = 0 (default)
2022-10-19 08:45:18,548 [pool-268-thread-1] INFO  storage.RaftStorageDirectory (RaftStorageDirectoryImpl.java:analyzeStorage(137)) - The storage directory /home/runner/work/ozone/ozone/hadoop-ozone/integration-test/target/test-dir/MiniOzoneClusterImpl-43a13940-e4af-4545-ab6e-e590eff1efbb/datanode-8/data/ratis/b6e1a124-82e7-417b-bc47-852c345be8d9 does not exist. Creating ...
2022-10-19 08:45:18,549 [pool-268-thread-1] INFO  storage.RaftStorageDirectory (RaftStorageDirectoryImpl.java:tryLock(231)) - Lock on /home/runner/work/ozone/ozone/hadoop-ozone/integration-test/target/test-dir/MiniOzoneClusterImpl-43a13940-e4af-4545-ab6e-e590eff1efbb/datanode-8/data/ratis/b6e1a124-82e7-417b-bc47-852c345be8d9/in_use.lock acquired by nodename 22270@fv-az447-90
2022-10-19 08:45:18,551 [pool-268-thread-1] INFO  storage.RaftStorage (RaftStorageImpl.java:format(96)) - Storage directory /home/runner/work/ozone/ozone/hadoop-ozone/integration-test/target/test-dir/MiniOzoneClusterImpl-43a13940-e4af-4545-ab6e-e590eff1efbb/datanode-8/data/ratis/b6e1a124-82e7-417b-bc47-852c345be8d9 has been successfully formatted.
2022-10-19 08:45:18,554 [EventQueue-PipelineReportForPipelineReportHandler] INFO  pipeline.PipelineManagerImpl (PipelineManagerImpl.java:openPipeline(367)) - Pipeline Pipeline[ Id: b6e1a124-82e7-417b-bc47-852c345be8d9, Nodes: 2793c3be-81e9-49ed-8ebe-f0dc6850cb05{ip: 10.1.1.188, host: fv-az447-90.tnmeiuxxsqeu3byeydcnbj0j5d.dx.internal.cloudapp.net, ports: [REPLICATION=33291, RATIS=34763, RATIS_ADMIN=34763, RATIS_SERVER=34763, STANDALONE=36489], networkLocation: /default-rack, certSerialId: null, persistedOpState: IN_SERVICE, persistedOpStateExpiryEpochSec: 0}, ReplicationConfig: RATIS/ONE, State:ALLOCATED, leaderId:2793c3be-81e9-49ed-8ebe-f0dc6850cb05, CreationTimestamp2022-10-19T08:45:15.549Z[Etc/UTC]] moved to OPEN state
2022-10-19 08:45:18,554 [EventQueue-OpenPipelineForHealthyPipelineSafeModeRule] INFO  safemode.SCMSafeModeManager (HealthyPipelineSafeModeRule.java:process(137)) - SCM in safe mode. Healthy pipelines reported count is 0, required healthy pipeline reported count is 1
2022-10-19 08:45:18,555 [pool-268-thread-1] INFO  ratis.ContainerStateMachine (ContainerStateMachine.java:loadSnapshot(236)) - group-852C345BE8D9: The snapshot info is null. Setting the last applied indexto:(t:0, i:~)
2022-10-19 08:45:18,555 [pool-268-thread-1] INFO  server.RaftServerConfigKeys (ConfUtils.java:logGet(46)) - raft.server.log.use.memory = false (default)
2022-10-19 08:45:18,555 [pool-268-thread-1] INFO  server.RaftServerConfigKeys (ConfUtils.java:logGet(46)) - raft.server.log.purge.gap = 1000000 (custom)
2022-10-19 08:45:18,555 [pool-268-thread-1] INFO  server.RaftServerConfigKeys (ConfUtils.java:logGet(46)) - raft.server.log.appender.buffer.byte-limit = 33554432 (custom)
2022-10-19 08:45:18,555 [pool-268-thread-1] INFO  server.RaftServerConfigKeys (ConfUtils.java:logGet(46)) - raft.server.log.statemachine.data.read.timeout = 1000ms (default)
2022-10-19 08:45:18,556 [pool-268-thread-1] INFO  server.RaftServerConfigKeys (ConfUtils.java:logGet(46)) - raft.server.log.purge.preservation.log.num = 0 (default)
2022-10-19 08:45:18,557 [pool-268-thread-1] INFO  server.RaftServerConfigKeys (ConfUtils.java:logGet(46)) - raft.server.log.segment.size.max = 1048576 (custom)
2022-10-19 08:45:18,557 [pool-268-thread-1] INFO  server.RaftServerConfigKeys (ConfUtils.java:logGet(46)) - raft.server.log.segment.cache.num.max = 2 (custom)
2022-10-19 08:45:18,558 [pool-268-thread-1] INFO  server.RaftServerConfigKeys (ConfUtils.java:logGet(46)) - raft.server.log.segment.cache.size.max = 200MB (=209715200) (default)
2022-10-19 08:45:18,558 [pool-268-thread-1] INFO  segmented.SegmentedRaftLogWorker (SegmentedRaftLogWorker.java:<init>(191)) - new 2793c3be-81e9-49ed-8ebe-f0dc6850cb05@group-852C345BE8D9-SegmentedRaftLogWorker for RaftStorageImpl:Storage Directory /home/runner/work/ozone/ozone/hadoop-ozone/integration-test/target/test-dir/MiniOzoneClusterImpl-43a13940-e4af-4545-ab6e-e590eff1efbb/datanode-8/data/ratis/b6e1a124-82e7-417b-bc47-852c345be8d9
2022-10-19 08:45:18,558 [pool-268-thread-1] INFO  server.RaftServerConfigKeys (ConfUtils.java:logGet(46)) - raft.server.log.queue.byte-limit = 4294967296 (custom)
2022-10-19 08:45:18,558 [pool-268-thread-1] INFO  server.RaftServerConfigKeys (ConfUtils.java:logGet(46)) - raft.server.log.queue.element-limit = 1024 (custom)
2022-10-19 08:45:18,558 [pool-268-thread-1] INFO  server.RaftServerConfigKeys (ConfUtils.java:logGet(46)) - raft.server.log.segment.size.max = 1048576 (custom)
2022-10-19 08:45:18,558 [pool-268-thread-1] INFO  server.RaftServerConfigKeys (ConfUtils.java:logGet(46)) - raft.server.log.preallocated.size = 16384 (custom)
2022-10-19 08:45:18,558 [pool-268-thread-1] INFO  server.RaftServerConfigKeys (ConfUtils.java:logGet(46)) - raft.server.log.force.sync.num = 128 (default)
2022-10-19 08:45:18,558 [pool-268-thread-1] INFO  server.RaftServerConfigKeys (ConfUtils.java:logGet(46)) - raft.server.log.statemachine.data.sync = true (default)
2022-10-19 08:45:18,558 [pool-268-thread-1] INFO  server.RaftServerConfigKeys (ConfUtils.java:logGet(46)) - raft.server.log.statemachine.data.sync.timeout = 10s (default)
2022-10-19 08:45:18,558 [pool-268-thread-1] INFO  server.RaftServerConfigKeys (ConfUtils.java:logGet(46)) - raft.server.log.statemachine.data.sync.timeout.retry = -1 (default)
2022-10-19 08:45:18,559 [pool-268-thread-1] INFO  server.RaftServerConfigKeys (ConfUtils.java:logGet(46)) - raft.server.log.write.buffer.size = 1048576 (custom)
2022-10-19 08:45:18,560 [pool-268-thread-1] INFO  server.RaftServerConfigKeys (ConfUtils.java:logGet(46)) - raft.server.log.unsafe-flush.enabled = false (default)
2022-10-19 08:45:18,560 [pool-268-thread-1] INFO  server.RaftServerConfigKeys (ConfUtils.java:logGet(46)) - raft.server.log.async-flush.enabled = false (default)
2022-10-19 08:45:18,560 [pool-268-thread-1] INFO  server.RaftServerConfigKeys (ConfUtils.java:logGet(46)) - raft.server.log.statemachine.data.caching.enabled = true (custom)
2022-10-19 08:45:18,560 [pool-268-thread-1] INFO  segmented.SegmentedRaftLogWorker (SegmentedRaftLogWorker.java:lambda$new$0(136)) - 2793c3be-81e9-49ed-8ebe-f0dc6850cb05@group-852C345BE8D9-SegmentedRaftLogWorker: flushIndex: setUnconditionally 0 -> -1
2022-10-19 08:45:18,560 [pool-268-thread-1] INFO  segmented.SegmentedRaftLogWorker (SegmentedRaftLogWorker.java:lambda$new$0(136)) - 2793c3be-81e9-49ed-8ebe-f0dc6850cb05@group-852C345BE8D9-SegmentedRaftLogWorker: safeCacheEvictIndex: setUnconditionally 0 -> -1
2022-10-19 08:45:18,560 [pool-268-thread-1] INFO  server.RaftServer$Division (RaftServerImpl.java:start(334)) - 2793c3be-81e9-49ed-8ebe-f0dc6850cb05@group-852C345BE8D9: start as a follower, conf=-1: peers:[2793c3be-81e9-49ed-8ebe-f0dc6850cb05|rpc:10.1.1.188:34763|priority:1|startupRole:FOLLOWER]|listeners:[], old=null
2022-10-19 08:45:18,560 [pool-268-thread-1] INFO  server.RaftServer$Division (RaftServerImpl.java:setRole(321)) - 2793c3be-81e9-49ed-8ebe-f0dc6850cb05@group-852C345BE8D9: changes role from      null to FOLLOWER at term 0 for startAsFollower
2022-10-19 08:45:18,560 [pool-268-thread-1] INFO  impl.RoleInfo (RoleInfo.java:updateAndGet(139)) - 2793c3be-81e9-49ed-8ebe-f0dc6850cb05: start 2793c3be-81e9-49ed-8ebe-f0dc6850cb05@group-852C345BE8D9-FollowerState
2022-10-19 08:45:18,561 [pool-268-thread-1] INFO  util.JmxRegister (JmxRegister.java:tryRegister(44)) - Successfully registered JMX Bean with object name Ratis:service=RaftServer,group=group-852C345BE8D9,id=2793c3be-81e9-49ed-8ebe-f0dc6850cb05
2022-10-19 08:45:18,561 [pool-268-thread-1] INFO  server.RaftServerConfigKeys (ConfUtils.java:logGet(46)) - raft.server.snapshot.auto.trigger.enabled = true (custom)
2022-10-19 08:45:18,561 [pool-268-thread-1] INFO  server.RaftServerConfigKeys (ConfUtils.java:logGet(46)) - raft.server.snapshot.auto.trigger.threshold = 10000 (custom)
2022-10-19 08:45:18,561 [pool-268-thread-1] INFO  server.RaftServerConfigKeys (ConfUtils.java:logGet(46)) - raft.server.snapshot.retention.file.num = 5 (custom)
2022-10-19 08:45:18,561 [pool-268-thread-1] INFO  server.RaftServerConfigKeys (ConfUtils.java:logGet(46)) - raft.server.log.purge.upto.snapshot.index = false (default)
2022-10-19 08:45:18,561 [2793c3be-81e9-49ed-8ebe-f0dc6850cb05@group-852C345BE8D9-FollowerState] INFO  server.RaftServerConfigKeys (ConfUtils.java:logFallback(53)) - raft.server.rpc.first-election.timeout.min = 5s (fallback to raft.server.rpc.timeout.min)
2022-10-19 08:45:18,561 [2793c3be-81e9-49ed-8ebe-f0dc6850cb05@group-852C345BE8D9-FollowerState] INFO  server.RaftServerConfigKeys (ConfUtils.java:logFallback(53)) - raft.server.rpc.first-election.timeout.max = 5200ms (fallback to raft.server.rpc.timeout.max)
2022-10-19 08:45:18,562 [Command processor thread] INFO  ratis.XceiverServerRatis (XceiverServerRatis.java:addGroup(765)) - Created group PipelineID=b6e1a124-82e7-417b-bc47-852c345be8d9
2022-10-19 08:45:18,562 [Command processor thread] INFO  commandhandler.CreatePipelineCommandHandler (CreatePipelineCommandHandler.java:handle(113)) - Created Pipeline RATIS ONE PipelineID=b6e1a124-82e7-417b-bc47-852c345be8d9.
2022-10-19 08:45:18,970 [Command processor thread] INFO  server.RaftServer (RaftServerProxy.java:addNew(96)) - 4bf4c8bd-58cb-4467-be45-ba87f7c70472: addNew group-07EB0DC06987:[4bf4c8bd-58cb-4467-be45-ba87f7c70472|rpc:10.1.1.188:41671|priority:1|startupRole:FOLLOWER] returns group-07EB0DC06987:java.util.concurrent.CompletableFuture@6ddeed71[Not completed]
2022-10-19 08:45:18,971 [pool-295-thread-1] INFO  server.RaftServer$Division (RaftServerImpl.java:<init>(195)) - 4bf4c8bd-58cb-4467-be45-ba87f7c70472: new RaftServerImpl for group-07EB0DC06987:[4bf4c8bd-58cb-4467-be45-ba87f7c70472|rpc:10.1.1.188:41671|priority:1|startupRole:FOLLOWER] with ContainerStateMachine:uninitialized
2022-10-19 08:45:18,972 [pool-295-thread-1] INFO  server.RaftServerConfigKeys (ConfUtils.java:logGet(46)) - raft.server.rpc.timeout.min = 5s (custom)
2022-10-19 08:45:18,972 [pool-295-thread-1] INFO  server.RaftServerConfigKeys (ConfUtils.java:logGet(46)) - raft.server.rpc.timeout.max = 5200ms (custom)
2022-10-19 08:45:18,972 [pool-295-thread-1] INFO  server.RaftServerConfigKeys (ConfUtils.java:logGet(46)) - raft.server.rpc.sleep.time = 25ms (default)
2022-10-19 08:45:18,972 [pool-295-thread-1] INFO  server.RaftServerConfigKeys (ConfUtils.java:logGet(46)) - raft.server.rpc.slowness.timeout = 300s (custom)
2022-10-19 08:45:18,972 [pool-295-thread-1] INFO  server.RaftServerConfigKeys (ConfUtils.java:logGet(46)) - raft.server.leaderelection.leader.step-down.wait-time = 10s (default)
2022-10-19 08:45:18,972 [Listener at 127.0.0.1/40043] INFO  ozone.MiniOzoneClusterImpl (MiniOzoneClusterImpl.java:lambda$waitForClusterToBeReady$0(216)) - Nodes are ready. Got 10 of 10 DN Heartbeats.
2022-10-19 08:45:18,972 [Listener at 127.0.0.1/40043] INFO  ozone.MiniOzoneClusterImpl (MiniOzoneClusterImpl.java:lambda$waitForClusterToBeReady$0(219)) - Waiting for cluster to exit safe mode
2022-10-19 08:45:18,972 [Listener at 127.0.0.1/40043] INFO  ozone.MiniOzoneClusterImpl (MiniOzoneClusterImpl.java:lambda$waitForClusterToBeReady$0(221)) - SCM became leader
2022-10-19 08:45:18,972 [pool-295-thread-1] INFO  server.RaftServerConfigKeys (ConfUtils.java:logGet(46)) - raft.server.sleep.deviation.threshold = 300ms (default)
2022-10-19 08:45:18,974 [pool-295-thread-1] INFO  server.RaftServer$Division (ServerState.java:<init>(118)) - 4bf4c8bd-58cb-4467-be45-ba87f7c70472@group-07EB0DC06987: ConfigurationManager, init=-1: peers:[4bf4c8bd-58cb-4467-be45-ba87f7c70472|rpc:10.1.1.188:41671|priority:1|startupRole:FOLLOWER]|listeners:[], old=null, confs=<EMPTY_MAP>
2022-10-19 08:45:18,974 [pool-295-thread-1] INFO  server.RaftServerConfigKeys (ConfUtils.java:logGet(46)) - raft.server.storage.dir = [/home/runner/work/ozone/ozone/hadoop-ozone/integration-test/target/test-dir/MiniOzoneClusterImpl-43a13940-e4af-4545-ab6e-e590eff1efbb/datanode-9/data/ratis] (custom)
2022-10-19 08:45:18,974 [pool-295-thread-1] INFO  server.RaftServerConfigKeys (ConfUtils.java:logGet(46)) - raft.server.log.corruption.policy = EXCEPTION (default)
2022-10-19 08:45:18,974 [pool-295-thread-1] INFO  server.RaftServerConfigKeys (ConfUtils.java:logGet(46)) - raft.server.storage.free-space.min = 0MB (=0) (default)
2022-10-19 08:45:18,975 [pool-295-thread-1] INFO  server.RaftServerConfigKeys (ConfUtils.java:logGet(46)) - raft.server.notification.no-leader.timeout = 300s (custom)
2022-10-19 08:45:18,975 [pool-295-thread-1] INFO  server.RaftServerConfigKeys (ConfUtils.java:logGet(46)) - raft.server.retrycache.expirytime = 600000ms (custom)
2022-10-19 08:45:18,975 [pool-295-thread-1] INFO  server.RaftServerConfigKeys (ConfUtils.java:logGet(46)) - raft.server.retrycache.statistics.expirytime = 100μs (default)
2022-10-19 08:45:18,979 [pool-295-thread-1] INFO  server.RaftServerConfigKeys (ConfUtils.java:logGet(46)) - raft.server.log.appender.install.snapshot.enabled = false (custom)
2022-10-19 08:45:18,979 [pool-295-thread-1] INFO  server.RaftServerConfigKeys (ConfUtils.java:logGet(46)) - raft.server.threadpool.server.cached = true (default)
2022-10-19 08:45:18,979 [pool-295-thread-1] INFO  server.RaftServerConfigKeys (ConfUtils.java:logGet(46)) - raft.server.threadpool.server.size = 0 (default)
2022-10-19 08:45:18,979 [pool-295-thread-1] INFO  server.RaftServerConfigKeys (ConfUtils.java:logGet(46)) - raft.server.threadpool.client.cached = true (default)
2022-10-19 08:45:18,979 [pool-295-thread-1] INFO  server.RaftServerConfigKeys (ConfUtils.java:logGet(46)) - raft.server.threadpool.client.size = 0 (default)
2022-10-19 08:45:18,980 [pool-295-thread-1] INFO  storage.RaftStorageDirectory (RaftStorageDirectoryImpl.java:analyzeStorage(137)) - The storage directory /home/runner/work/ozone/ozone/hadoop-ozone/integration-test/target/test-dir/MiniOzoneClusterImpl-43a13940-e4af-4545-ab6e-e590eff1efbb/datanode-9/data/ratis/87012ae4-0743-40c1-8650-07eb0dc06987 does not exist. Creating ...
2022-10-19 08:45:18,983 [pool-295-thread-1] INFO  storage.RaftStorageDirectory (RaftStorageDirectoryImpl.java:tryLock(231)) - Lock on /home/runner/work/ozone/ozone/hadoop-ozone/integration-test/target/test-dir/MiniOzoneClusterImpl-43a13940-e4af-4545-ab6e-e590eff1efbb/datanode-9/data/ratis/87012ae4-0743-40c1-8650-07eb0dc06987/in_use.lock acquired by nodename 22270@fv-az447-90
2022-10-19 08:45:18,985 [pool-295-thread-1] INFO  storage.RaftStorage (RaftStorageImpl.java:format(96)) - Storage directory /home/runner/work/ozone/ozone/hadoop-ozone/integration-test/target/test-dir/MiniOzoneClusterImpl-43a13940-e4af-4545-ab6e-e590eff1efbb/datanode-9/data/ratis/87012ae4-0743-40c1-8650-07eb0dc06987 has been successfully formatted.
2022-10-19 08:45:18,986 [pool-295-thread-1] INFO  ratis.ContainerStateMachine (ContainerStateMachine.java:loadSnapshot(236)) - group-07EB0DC06987: The snapshot info is null. Setting the last applied indexto:(t:0, i:~)
2022-10-19 08:45:18,986 [pool-295-thread-1] INFO  server.RaftServerConfigKeys (ConfUtils.java:logGet(46)) - raft.server.log.use.memory = false (default)
2022-10-19 08:45:18,986 [pool-295-thread-1] INFO  server.RaftServerConfigKeys (ConfUtils.java:logGet(46)) - raft.server.log.purge.gap = 1000000 (custom)
2022-10-19 08:45:18,986 [pool-295-thread-1] INFO  server.RaftServerConfigKeys (ConfUtils.java:logGet(46)) - raft.server.log.appender.buffer.byte-limit = 33554432 (custom)
2022-10-19 08:45:18,986 [pool-295-thread-1] INFO  server.RaftServerConfigKeys (ConfUtils.java:logGet(46)) - raft.server.log.statemachine.data.read.timeout = 1000ms (default)
2022-10-19 08:45:18,987 [pool-295-thread-1] INFO  server.RaftServerConfigKeys (ConfUtils.java:logGet(46)) - raft.server.log.purge.preservation.log.num = 0 (default)
2022-10-19 08:45:18,987 [pool-295-thread-1] INFO  server.RaftServerConfigKeys (ConfUtils.java:logGet(46)) - raft.server.log.segment.size.max = 1048576 (custom)
2022-10-19 08:45:18,987 [pool-295-thread-1] INFO  server.RaftServerConfigKeys (ConfUtils.java:logGet(46)) - raft.server.log.segment.cache.num.max = 2 (custom)
2022-10-19 08:45:18,987 [pool-295-thread-1] INFO  server.RaftServerConfigKeys (ConfUtils.java:logGet(46)) - raft.server.log.segment.cache.size.max = 200MB (=209715200) (default)
2022-10-19 08:45:18,987 [pool-295-thread-1] INFO  segmented.SegmentedRaftLogWorker (SegmentedRaftLogWorker.java:<init>(191)) - new 4bf4c8bd-58cb-4467-be45-ba87f7c70472@group-07EB0DC06987-SegmentedRaftLogWorker for RaftStorageImpl:Storage Directory /home/runner/work/ozone/ozone/hadoop-ozone/integration-test/target/test-dir/MiniOzoneClusterImpl-43a13940-e4af-4545-ab6e-e590eff1efbb/datanode-9/data/ratis/87012ae4-0743-40c1-8650-07eb0dc06987
2022-10-19 08:45:18,987 [pool-295-thread-1] INFO  server.RaftServerConfigKeys (ConfUtils.java:logGet(46)) - raft.server.log.queue.byte-limit = 4294967296 (custom)
2022-10-19 08:45:18,987 [pool-295-thread-1] INFO  server.RaftServerConfigKeys (ConfUtils.java:logGet(46)) - raft.server.log.queue.element-limit = 1024 (custom)
2022-10-19 08:45:18,987 [pool-295-thread-1] INFO  server.RaftServerConfigKeys (ConfUtils.java:logGet(46)) - raft.server.log.segment.size.max = 1048576 (custom)
2022-10-19 08:45:18,988 [pool-295-thread-1] INFO  server.RaftServerConfigKeys (ConfUtils.java:logGet(46)) - raft.server.log.preallocated.size = 16384 (custom)
2022-10-19 08:45:18,988 [EventQueue-PipelineReportForPipelineReportHandler] INFO  pipeline.PipelineManagerImpl (PipelineManagerImpl.java:openPipeline(367)) - Pipeline Pipeline[ Id: 87012ae4-0743-40c1-8650-07eb0dc06987, Nodes: 4bf4c8bd-58cb-4467-be45-ba87f7c70472{ip: 10.1.1.188, host: fv-az447-90.tnmeiuxxsqeu3byeydcnbj0j5d.dx.internal.cloudapp.net, ports: [REPLICATION=43387, RATIS=41671, RATIS_ADMIN=41671, RATIS_SERVER=41671, STANDALONE=40739], networkLocation: /default-rack, certSerialId: null, persistedOpState: IN_SERVICE, persistedOpStateExpiryEpochSec: 0}, ReplicationConfig: RATIS/ONE, State:ALLOCATED, leaderId:4bf4c8bd-58cb-4467-be45-ba87f7c70472, CreationTimestamp2022-10-19T08:45:16.027Z[Etc/UTC]] moved to OPEN state
2022-10-19 08:45:18,988 [EventQueue-OpenPipelineForHealthyPipelineSafeModeRule] INFO  safemode.SCMSafeModeManager (HealthyPipelineSafeModeRule.java:process(137)) - SCM in safe mode. Healthy pipelines reported count is 0, required healthy pipeline reported count is 1
2022-10-19 08:45:18,988 [pool-295-thread-1] INFO  server.RaftServerConfigKeys (ConfUtils.java:logGet(46)) - raft.server.log.force.sync.num = 128 (default)
2022-10-19 08:45:18,989 [pool-295-thread-1] INFO  server.RaftServerConfigKeys (ConfUtils.java:logGet(46)) - raft.server.log.statemachine.data.sync = true (default)
2022-10-19 08:45:18,989 [pool-295-thread-1] INFO  server.RaftServerConfigKeys (ConfUtils.java:logGet(46)) - raft.server.log.statemachine.data.sync.timeout = 10s (default)
2022-10-19 08:45:18,989 [pool-295-thread-1] INFO  server.RaftServerConfigKeys (ConfUtils.java:logGet(46)) - raft.server.log.statemachine.data.sync.timeout.retry = -1 (default)
2022-10-19 08:45:18,990 [pool-295-thread-1] INFO  server.RaftServerConfigKeys (ConfUtils.java:logGet(46)) - raft.server.log.write.buffer.size = 1048576 (custom)
2022-10-19 08:45:18,990 [pool-295-thread-1] INFO  server.RaftServerConfigKeys (ConfUtils.java:logGet(46)) - raft.server.log.unsafe-flush.enabled = false (default)
2022-10-19 08:45:18,990 [pool-295-thread-1] INFO  server.RaftServerConfigKeys (ConfUtils.java:logGet(46)) - raft.server.log.async-flush.enabled = false (default)
2022-10-19 08:45:18,990 [pool-295-thread-1] INFO  server.RaftServerConfigKeys (ConfUtils.java:logGet(46)) - raft.server.log.statemachine.data.caching.enabled = true (custom)
2022-10-19 08:45:18,991 [pool-295-thread-1] INFO  segmented.SegmentedRaftLogWorker (SegmentedRaftLogWorker.java:lambda$new$0(136)) - 4bf4c8bd-58cb-4467-be45-ba87f7c70472@group-07EB0DC06987-SegmentedRaftLogWorker: flushIndex: setUnconditionally 0 -> -1
2022-10-19 08:45:18,991 [pool-295-thread-1] INFO  segmented.SegmentedRaftLogWorker (SegmentedRaftLogWorker.java:lambda$new$0(136)) - 4bf4c8bd-58cb-4467-be45-ba87f7c70472@group-07EB0DC06987-SegmentedRaftLogWorker: safeCacheEvictIndex: setUnconditionally 0 -> -1
2022-10-19 08:45:18,991 [pool-295-thread-1] INFO  server.RaftServer$Division (RaftServerImpl.java:start(334)) - 4bf4c8bd-58cb-4467-be45-ba87f7c70472@group-07EB0DC06987: start as a follower, conf=-1: peers:[4bf4c8bd-58cb-4467-be45-ba87f7c70472|rpc:10.1.1.188:41671|priority:1|startupRole:FOLLOWER]|listeners:[], old=null
2022-10-19 08:45:18,991 [pool-295-thread-1] INFO  server.RaftServer$Division (RaftServerImpl.java:setRole(321)) - 4bf4c8bd-58cb-4467-be45-ba87f7c70472@group-07EB0DC06987: changes role from      null to FOLLOWER at term 0 for startAsFollower
2022-10-19 08:45:18,991 [pool-295-thread-1] INFO  impl.RoleInfo (RoleInfo.java:updateAndGet(139)) - 4bf4c8bd-58cb-4467-be45-ba87f7c70472: start 4bf4c8bd-58cb-4467-be45-ba87f7c70472@group-07EB0DC06987-FollowerState
2022-10-19 08:45:18,991 [pool-295-thread-1] INFO  util.JmxRegister (JmxRegister.java:tryRegister(44)) - Successfully registered JMX Bean with object name Ratis:service=RaftServer,group=group-07EB0DC06987,id=4bf4c8bd-58cb-4467-be45-ba87f7c70472
2022-10-19 08:45:18,991 [pool-295-thread-1] INFO  server.RaftServerConfigKeys (ConfUtils.java:logGet(46)) - raft.server.snapshot.auto.trigger.enabled = true (custom)
2022-10-19 08:45:18,992 [pool-295-thread-1] INFO  server.RaftServerConfigKeys (ConfUtils.java:logGet(46)) - raft.server.snapshot.auto.trigger.threshold = 10000 (custom)
2022-10-19 08:45:18,992 [pool-295-thread-1] INFO  server.RaftServerConfigKeys (ConfUtils.java:logGet(46)) - raft.server.snapshot.retention.file.num = 5 (custom)
2022-10-19 08:45:18,992 [pool-295-thread-1] INFO  server.RaftServerConfigKeys (ConfUtils.java:logGet(46)) - raft.server.log.purge.upto.snapshot.index = false (default)
2022-10-19 08:45:18,992 [4bf4c8bd-58cb-4467-be45-ba87f7c70472@group-07EB0DC06987-FollowerState] INFO  server.RaftServerConfigKeys (ConfUtils.java:logFallback(53)) - raft.server.rpc.first-election.timeout.min = 5s (fallback to raft.server.rpc.timeout.min)
2022-10-19 08:45:18,992 [Command processor thread] INFO  ratis.XceiverServerRatis (XceiverServerRatis.java:addGroup(765)) - Created group PipelineID=87012ae4-0743-40c1-8650-07eb0dc06987
2022-10-19 08:45:18,992 [4bf4c8bd-58cb-4467-be45-ba87f7c70472@group-07EB0DC06987-FollowerState] INFO  server.RaftServerConfigKeys (ConfUtils.java:logFallback(53)) - raft.server.rpc.first-election.timeout.max = 5200ms (fallback to raft.server.rpc.timeout.max)
2022-10-19 08:45:18,992 [Command processor thread] INFO  commandhandler.CreatePipelineCommandHandler (CreatePipelineCommandHandler.java:handle(113)) - Created Pipeline RATIS ONE PipelineID=87012ae4-0743-40c1-8650-07eb0dc06987.
2022-10-19 08:45:19,972 [Listener at 127.0.0.1/40043] INFO  ozone.MiniOzoneClusterImpl (MiniOzoneClusterImpl.java:lambda$waitForClusterToBeReady$0(216)) - Nodes are ready. Got 10 of 10 DN Heartbeats.
2022-10-19 08:45:19,973 [Listener at 127.0.0.1/40043] INFO  ozone.MiniOzoneClusterImpl (MiniOzoneClusterImpl.java:lambda$waitForClusterToBeReady$0(219)) - Waiting for cluster to exit safe mode
2022-10-19 08:45:19,973 [Listener at 127.0.0.1/40043] INFO  ozone.MiniOzoneClusterImpl (MiniOzoneClusterImpl.java:lambda$waitForClusterToBeReady$0(221)) - SCM became leader
2022-10-19 08:45:20,447 [96fa30cc-cc01-4af1-a161-c10c2afc2f22@group-A1ACF68524AB-FollowerState] INFO  impl.FollowerState (FollowerState.java:run(143)) - 96fa30cc-cc01-4af1-a161-c10c2afc2f22@group-A1ACF68524AB-FollowerState: change to CANDIDATE, lastRpcElapsedTime:5023085365ns, electionTimeout:5021ms
2022-10-19 08:45:20,447 [96fa30cc-cc01-4af1-a161-c10c2afc2f22@group-A1ACF68524AB-FollowerState] INFO  impl.RoleInfo (RoleInfo.java:shutdownFollowerState(110)) - 96fa30cc-cc01-4af1-a161-c10c2afc2f22: shutdown 96fa30cc-cc01-4af1-a161-c10c2afc2f22@group-A1ACF68524AB-FollowerState
2022-10-19 08:45:20,447 [96fa30cc-cc01-4af1-a161-c10c2afc2f22@group-A1ACF68524AB-FollowerState] INFO  server.RaftServer$Division (RaftServerImpl.java:setRole(321)) - 96fa30cc-cc01-4af1-a161-c10c2afc2f22@group-A1ACF68524AB: changes role from  FOLLOWER to CANDIDATE at term 0 for changeToCandidate
2022-10-19 08:45:20,449 [96fa30cc-cc01-4af1-a161-c10c2afc2f22@group-A1ACF68524AB-FollowerState] INFO  server.RaftServerConfigKeys (ConfUtils.java:logGet(46)) - raft.server.leaderelection.pre-vote = false (custom)
2022-10-19 08:45:20,449 [96fa30cc-cc01-4af1-a161-c10c2afc2f22@group-A1ACF68524AB-FollowerState] INFO  impl.RoleInfo (RoleInfo.java:updateAndGet(139)) - 96fa30cc-cc01-4af1-a161-c10c2afc2f22: start 96fa30cc-cc01-4af1-a161-c10c2afc2f22@group-A1ACF68524AB-LeaderElection2
2022-10-19 08:45:20,453 [96fa30cc-cc01-4af1-a161-c10c2afc2f22@group-A1ACF68524AB-LeaderElection2] INFO  impl.LeaderElection (LeaderElection.java:askForVotes(312)) - 96fa30cc-cc01-4af1-a161-c10c2afc2f22@group-A1ACF68524AB-LeaderElection2 ELECTION round 0: submit vote requests at term 1 for -1: peers:[91dae643-bef5-471c-869f-4daa43ea47b3|rpc:10.1.1.188:34857|priority:0|startupRole:FOLLOWER, 9e7e10a2-763a-4a15-b149-6c921096d1eb|rpc:10.1.1.188:43001|priority:0|startupRole:FOLLOWER, 96fa30cc-cc01-4af1-a161-c10c2afc2f22|rpc:10.1.1.188:43419|priority:1|startupRole:FOLLOWER]|listeners:[], old=null
2022-10-19 08:45:20,459 [96fa30cc-cc01-4af1-a161-c10c2afc2f22@group-A1ACF68524AB-LeaderElection2] INFO  server.RaftServerConfigKeys (ConfUtils.java:logFallback(53)) - raft.server.rpc.first-election.timeout.min = 5s (fallback to raft.server.rpc.timeout.min)
2022-10-19 08:45:20,459 [96fa30cc-cc01-4af1-a161-c10c2afc2f22@group-A1ACF68524AB-LeaderElection2] INFO  server.RaftServerConfigKeys (ConfUtils.java:logFallback(53)) - raft.server.rpc.first-election.timeout.max = 5200ms (fallback to raft.server.rpc.timeout.max)
2022-10-19 08:45:20,459 [96fa30cc-cc01-4af1-a161-c10c2afc2f22@group-A1ACF68524AB-LeaderElection2-1] INFO  server.GrpcServerProtocolClient (GrpcServerProtocolClient.java:<init>(63)) - Build channel for 91dae643-bef5-471c-869f-4daa43ea47b3
2022-10-19 08:45:20,461 [96fa30cc-cc01-4af1-a161-c10c2afc2f22@group-A1ACF68524AB-LeaderElection2-2] INFO  server.GrpcServerProtocolClient (GrpcServerProtocolClient.java:<init>(63)) - Build channel for 9e7e10a2-763a-4a15-b149-6c921096d1eb
2022-10-19 08:45:20,472 [96fa30cc-cc01-4af1-a161-c10c2afc2f22@group-7C969207AFDB-FollowerState] INFO  impl.FollowerState (FollowerState.java:run(143)) - 96fa30cc-cc01-4af1-a161-c10c2afc2f22@group-7C969207AFDB-FollowerState: change to CANDIDATE, lastRpcElapsedTime:5100671649ns, electionTimeout:5097ms
2022-10-19 08:45:20,480 [96fa30cc-cc01-4af1-a161-c10c2afc2f22@group-7C969207AFDB-FollowerState] INFO  impl.RoleInfo (RoleInfo.java:shutdownFollowerState(110)) - 96fa30cc-cc01-4af1-a161-c10c2afc2f22: shutdown 96fa30cc-cc01-4af1-a161-c10c2afc2f22@group-7C969207AFDB-FollowerState
2022-10-19 08:45:20,480 [96fa30cc-cc01-4af1-a161-c10c2afc2f22@group-7C969207AFDB-FollowerState] INFO  server.RaftServer$Division (RaftServerImpl.java:setRole(321)) - 96fa30cc-cc01-4af1-a161-c10c2afc2f22@group-7C969207AFDB: changes role from  FOLLOWER to CANDIDATE at term 0 for changeToCandidate
2022-10-19 08:45:20,481 [grpc-default-executor-1] INFO  server.RaftServer$Division (RaftServerImpl.java:requestVote(1218)) - 9e7e10a2-763a-4a15-b149-6c921096d1eb@group-A1ACF68524AB: receive requestVote(ELECTION, 96fa30cc-cc01-4af1-a161-c10c2afc2f22, group-A1ACF68524AB, 1, (t:0, i:0))
2022-10-19 08:45:20,482 [96fa30cc-cc01-4af1-a161-c10c2afc2f22@group-7C969207AFDB-FollowerState] INFO  server.RaftServerConfigKeys (ConfUtils.java:logGet(46)) - raft.server.leaderelection.pre-vote = false (custom)
2022-10-19 08:45:20,482 [96fa30cc-cc01-4af1-a161-c10c2afc2f22@group-7C969207AFDB-FollowerState] INFO  impl.RoleInfo (RoleInfo.java:updateAndGet(139)) - 96fa30cc-cc01-4af1-a161-c10c2afc2f22: start 96fa30cc-cc01-4af1-a161-c10c2afc2f22@group-7C969207AFDB-LeaderElection3
2022-10-19 08:45:20,491 [grpc-default-executor-1] INFO  impl.VoteContext (VoteContext.java:log(48)) - 9e7e10a2-763a-4a15-b149-6c921096d1eb@group-A1ACF68524AB-FOLLOWER: accept ELECTION from 96fa30cc-cc01-4af1-a161-c10c2afc2f22: our priority 0 <= candidate's priority 1
2022-10-19 08:45:20,491 [grpc-default-executor-1] INFO  server.RaftServer$Division (RaftServerImpl.java:setRole(321)) - 9e7e10a2-763a-4a15-b149-6c921096d1eb@group-A1ACF68524AB: changes role from  FOLLOWER to FOLLOWER at term 1 for candidate:96fa30cc-cc01-4af1-a161-c10c2afc2f22
2022-10-19 08:45:20,491 [grpc-default-executor-1] INFO  impl.RoleInfo (RoleInfo.java:shutdownFollowerState(110)) - 9e7e10a2-763a-4a15-b149-6c921096d1eb: shutdown 9e7e10a2-763a-4a15-b149-6c921096d1eb@group-A1ACF68524AB-FollowerState
2022-10-19 08:45:20,491 [9e7e10a2-763a-4a15-b149-6c921096d1eb@group-A1ACF68524AB-FollowerState] INFO  impl.FollowerState (FollowerState.java:run(152)) - 9e7e10a2-763a-4a15-b149-6c921096d1eb@group-A1ACF68524AB-FollowerState was interrupted
2022-10-19 08:45:20,499 [grpc-default-executor-1] INFO  impl.RoleInfo (RoleInfo.java:updateAndGet(139)) - 9e7e10a2-763a-4a15-b149-6c921096d1eb: start 9e7e10a2-763a-4a15-b149-6c921096d1eb@group-A1ACF68524AB-FollowerState
2022-10-19 08:45:20,502 [grpc-default-executor-0] INFO  server.RaftServer$Division (RaftServerImpl.java:requestVote(1218)) - 91dae643-bef5-471c-869f-4daa43ea47b3@group-A1ACF68524AB: receive requestVote(ELECTION, 96fa30cc-cc01-4af1-a161-c10c2afc2f22, group-A1ACF68524AB, 1, (t:0, i:0))
2022-10-19 08:45:20,502 [grpc-default-executor-0] INFO  impl.VoteContext (VoteContext.java:log(48)) - 91dae643-bef5-471c-869f-4daa43ea47b3@group-A1ACF68524AB-FOLLOWER: accept ELECTION from 96fa30cc-cc01-4af1-a161-c10c2afc2f22: our priority 0 <= candidate's priority 1
2022-10-19 08:45:20,503 [grpc-default-executor-0] INFO  server.RaftServer$Division (RaftServerImpl.java:setRole(321)) - 91dae643-bef5-471c-869f-4daa43ea47b3@group-A1ACF68524AB: changes role from  FOLLOWER to FOLLOWER at term 1 for candidate:96fa30cc-cc01-4af1-a161-c10c2afc2f22
2022-10-19 08:45:20,503 [grpc-default-executor-0] INFO  impl.RoleInfo (RoleInfo.java:shutdownFollowerState(110)) - 91dae643-bef5-471c-869f-4daa43ea47b3: shutdown 91dae643-bef5-471c-869f-4daa43ea47b3@group-A1ACF68524AB-FollowerState
2022-10-19 08:45:20,503 [91dae643-bef5-471c-869f-4daa43ea47b3@group-A1ACF68524AB-FollowerState] INFO  impl.FollowerState (FollowerState.java:run(152)) - 91dae643-bef5-471c-869f-4daa43ea47b3@group-A1ACF68524AB-FollowerState was interrupted
2022-10-19 08:45:20,503 [9e7e10a2-763a-4a15-b149-6c921096d1eb@group-A1ACF68524AB-FollowerState] INFO  server.RaftServerConfigKeys (ConfUtils.java:logFallback(53)) - raft.server.rpc.first-election.timeout.min = 5s (fallback to raft.server.rpc.timeout.min)
2022-10-19 08:45:20,503 [9e7e10a2-763a-4a15-b149-6c921096d1eb@group-A1ACF68524AB-FollowerState] INFO  server.RaftServerConfigKeys (ConfUtils.java:logFallback(53)) - raft.server.rpc.first-election.timeout.max = 5200ms (fallback to raft.server.rpc.timeout.max)
2022-10-19 08:45:20,504 [grpc-default-executor-0] INFO  impl.RoleInfo (RoleInfo.java:updateAndGet(139)) - 91dae643-bef5-471c-869f-4daa43ea47b3: start 91dae643-bef5-471c-869f-4daa43ea47b3@group-A1ACF68524AB-FollowerState
2022-10-19 08:45:20,507 [91dae643-bef5-471c-869f-4daa43ea47b3@group-A1ACF68524AB-FollowerState] INFO  server.RaftServerConfigKeys (ConfUtils.java:logFallback(53)) - raft.server.rpc.first-election.timeout.min = 5s (fallback to raft.server.rpc.timeout.min)
2022-10-19 08:45:20,507 [91dae643-bef5-471c-869f-4daa43ea47b3@group-A1ACF68524AB-FollowerState] INFO  server.RaftServerConfigKeys (ConfUtils.java:logFallback(53)) - raft.server.rpc.first-election.timeout.max = 5200ms (fallback to raft.server.rpc.timeout.max)
2022-10-19 08:45:20,503 [96fa30cc-cc01-4af1-a161-c10c2afc2f22@group-7C969207AFDB-LeaderElection3] INFO  impl.LeaderElection (LeaderElection.java:askForVotes(312)) - 96fa30cc-cc01-4af1-a161-c10c2afc2f22@group-7C969207AFDB-LeaderElection3 ELECTION round 0: submit vote requests at term 1 for -1: peers:[96fa30cc-cc01-4af1-a161-c10c2afc2f22|rpc:10.1.1.188:43419|priority:1|startupRole:FOLLOWER]|listeners:[], old=null
2022-10-19 08:45:20,507 [96fa30cc-cc01-4af1-a161-c10c2afc2f22@group-7C969207AFDB-LeaderElection3] INFO  impl.LeaderElection (LeaderElection.java:askForVotes(314)) - 96fa30cc-cc01-4af1-a161-c10c2afc2f22@group-7C969207AFDB-LeaderElection3 ELECTION round 0: result PASSED (term=1)
2022-10-19 08:45:20,507 [96fa30cc-cc01-4af1-a161-c10c2afc2f22@group-7C969207AFDB-LeaderElection3] INFO  impl.RoleInfo (RoleInfo.java:shutdownLeaderElection(130)) - 96fa30cc-cc01-4af1-a161-c10c2afc2f22: shutdown 96fa30cc-cc01-4af1-a161-c10c2afc2f22@group-7C969207AFDB-LeaderElection3
2022-10-19 08:45:20,508 [96fa30cc-cc01-4af1-a161-c10c2afc2f22@group-7C969207AFDB-LeaderElection3] INFO  server.RaftServer$Division (RaftServerImpl.java:setRole(321)) - 96fa30cc-cc01-4af1-a161-c10c2afc2f22@group-7C969207AFDB: changes role from CANDIDATE to LEADER at term 1 for changeToLeader
2022-10-19 08:45:20,508 [96fa30cc-cc01-4af1-a161-c10c2afc2f22@group-7C969207AFDB-LeaderElection3] INFO  ratis.XceiverServerRatis (XceiverServerRatis.java:handleLeaderChangedNotification(863)) - Leader change notification received for group: group-7C969207AFDB with new leaderId: 96fa30cc-cc01-4af1-a161-c10c2afc2f22
2022-10-19 08:45:20,509 [96fa30cc-cc01-4af1-a161-c10c2afc2f22@group-7C969207AFDB-LeaderElection3] INFO  server.RaftServer$Division (ServerState.java:setLeader(313)) - 96fa30cc-cc01-4af1-a161-c10c2afc2f22@group-7C969207AFDB: change Leader from null to 96fa30cc-cc01-4af1-a161-c10c2afc2f22 at term 1 for becomeLeader, leader elected after 5167ms
2022-10-19 08:45:20,509 [96fa30cc-cc01-4af1-a161-c10c2afc2f22@group-7C969207AFDB-LeaderElection3] INFO  server.RaftServerConfigKeys (ConfUtils.java:logGet(46)) - raft.server.staging.catchup.gap = 1000 (default)
2022-10-19 08:45:20,509 [EventQueue-OpenPipelineForHealthyPipelineSafeModeRule] INFO  safemode.SCMSafeModeManager (HealthyPipelineSafeModeRule.java:process(137)) - SCM in safe mode. Healthy pipelines reported count is 0, required healthy pipeline reported count is 1
2022-10-19 08:45:20,510 [96fa30cc-cc01-4af1-a161-c10c2afc2f22@group-7C969207AFDB-LeaderElection3] INFO  server.RaftServerConfigKeys (ConfUtils.java:logGet(46)) - raft.server.write.element-limit = 1024 (custom)
2022-10-19 08:45:20,510 [96fa30cc-cc01-4af1-a161-c10c2afc2f22@group-7C969207AFDB-LeaderElection3] INFO  server.RaftServerConfigKeys (ConfUtils.java:logGet(46)) - raft.server.write.byte-limit = 1024 M (=1073741824) (custom)
2022-10-19 08:45:20,510 [96fa30cc-cc01-4af1-a161-c10c2afc2f22@group-7C969207AFDB-LeaderElection3] INFO  server.RaftServerConfigKeys (ConfUtils.java:logGet(46)) - raft.server.watch.timeout = 180s (custom)
2022-10-19 08:45:20,510 [96fa30cc-cc01-4af1-a161-c10c2afc2f22@group-7C969207AFDB-LeaderElection3] INFO  server.RaftServerConfigKeys (ConfUtils.java:logGet(46)) - raft.server.watch.timeout.denomination = 1s (default)
2022-10-19 08:45:20,510 [96fa30cc-cc01-4af1-a161-c10c2afc2f22@group-7C969207AFDB-LeaderElection3] INFO  server.RaftServerConfigKeys (ConfUtils.java:logGet(46)) - raft.server.watch.element-limit = 65536 (default)
2022-10-19 08:45:20,510 [96fa30cc-cc01-4af1-a161-c10c2afc2f22@group-7C969207AFDB-LeaderElection3] INFO  server.RaftServerConfigKeys (ConfUtils.java:logGet(46)) - raft.server.write.element-limit = 1024 (custom)
2022-10-19 08:45:20,511 [96fa30cc-cc01-4af1-a161-c10c2afc2f22@group-7C969207AFDB-LeaderElection3] INFO  server.RaftServerConfigKeys (ConfUtils.java:logGet(46)) - raft.server.write.follower.gap.ratio.max = -1.0 (default)
2022-10-19 08:45:20,511 [96fa30cc-cc01-4af1-a161-c10c2afc2f22@group-7C969207AFDB-LeaderElection3] INFO  impl.RoleInfo (RoleInfo.java:updateAndGet(139)) - 96fa30cc-cc01-4af1-a161-c10c2afc2f22: start 96fa30cc-cc01-4af1-a161-c10c2afc2f22@group-7C969207AFDB-LeaderStateImpl
2022-10-19 08:45:20,511 [96fa30cc-cc01-4af1-a161-c10c2afc2f22@group-7C969207AFDB-LeaderElection3] INFO  segmented.SegmentedRaftLogWorker (SegmentedRaftLogWorker.java:startLogSegment(452)) - 96fa30cc-cc01-4af1-a161-c10c2afc2f22@group-7C969207AFDB-SegmentedRaftLogWorker: Starting segment from index:0
2022-10-19 08:45:20,513 [96fa30cc-cc01-4af1-a161-c10c2afc2f22@group-7C969207AFDB-SegmentedRaftLogWorker] INFO  segmented.SegmentedRaftLogWorker (SegmentedRaftLogWorker.java:execute(656)) - 96fa30cc-cc01-4af1-a161-c10c2afc2f22@group-7C969207AFDB-SegmentedRaftLogWorker: created new log segment /home/runner/work/ozone/ozone/hadoop-ozone/integration-test/target/test-dir/MiniOzoneClusterImpl-43a13940-e4af-4545-ab6e-e590eff1efbb/datanode-0/data/ratis/b0d3b318-730a-4647-8689-7c969207afdb/current/log_inprogress_0
2022-10-19 08:45:20,516 [96fa30cc-cc01-4af1-a161-c10c2afc2f22@group-7C969207AFDB-LeaderElection3] INFO  server.RaftServer$Division (ServerState.java:setRaftConf(430)) - 96fa30cc-cc01-4af1-a161-c10c2afc2f22@group-7C969207AFDB: set configuration 0: peers:[96fa30cc-cc01-4af1-a161-c10c2afc2f22|rpc:10.1.1.188:43419|dataStream:|priority:1|startupRole:FOLLOWER]|listeners:[], old=null
2022-10-19 08:45:20,517 [grpc-default-executor-0] INFO  server.RaftServer$Division (RaftServerImpl.java:requestVote(1251)) - 91dae643-bef5-471c-869f-4daa43ea47b3@group-A1ACF68524AB replies to ELECTION vote request: 96fa30cc-cc01-4af1-a161-c10c2afc2f22<-91dae643-bef5-471c-869f-4daa43ea47b3#0:OK-t1. Peer's state: 91dae643-bef5-471c-869f-4daa43ea47b3@group-A1ACF68524AB:t1, leader=null, voted=96fa30cc-cc01-4af1-a161-c10c2afc2f22, raftlog=Memoized:91dae643-bef5-471c-869f-4daa43ea47b3@group-A1ACF68524AB-SegmentedRaftLog:OPENED:c-1, conf=-1: peers:[91dae643-bef5-471c-869f-4daa43ea47b3|rpc:10.1.1.188:34857|priority:0|startupRole:FOLLOWER, 9e7e10a2-763a-4a15-b149-6c921096d1eb|rpc:10.1.1.188:43001|priority:0|startupRole:FOLLOWER, 96fa30cc-cc01-4af1-a161-c10c2afc2f22|rpc:10.1.1.188:43419|priority:1|startupRole:FOLLOWER]|listeners:[], old=null
2022-10-19 08:45:20,519 [grpc-default-executor-1] INFO  server.RaftServer$Division (RaftServerImpl.java:requestVote(1251)) - 9e7e10a2-763a-4a15-b149-6c921096d1eb@group-A1ACF68524AB replies to ELECTION vote request: 96fa30cc-cc01-4af1-a161-c10c2afc2f22<-9e7e10a2-763a-4a15-b149-6c921096d1eb#0:OK-t1. Peer's state: 9e7e10a2-763a-4a15-b149-6c921096d1eb@group-A1ACF68524AB:t1, leader=null, voted=96fa30cc-cc01-4af1-a161-c10c2afc2f22, raftlog=Memoized:9e7e10a2-763a-4a15-b149-6c921096d1eb@group-A1ACF68524AB-SegmentedRaftLog:OPENED:c-1, conf=-1: peers:[91dae643-bef5-471c-869f-4daa43ea47b3|rpc:10.1.1.188:34857|dataStream:|priority:0|startupRole:FOLLOWER, 9e7e10a2-763a-4a15-b149-6c921096d1eb|rpc:10.1.1.188:43001|dataStream:|priority:0|startupRole:FOLLOWER, 96fa30cc-cc01-4af1-a161-c10c2afc2f22|rpc:10.1.1.188:43419|dataStream:|priority:1|startupRole:FOLLOWER]|listeners:[], old=null
2022-10-19 08:45:20,521 [96fa30cc-cc01-4af1-a161-c10c2afc2f22@group-A1ACF68524AB-LeaderElection2] INFO  impl.LeaderElection (LeaderElection.java:logAndReturn(90)) - 96fa30cc-cc01-4af1-a161-c10c2afc2f22@group-A1ACF68524AB-LeaderElection2: ELECTION PASSED received 1 response(s) and 0 exception(s):
2022-10-19 08:45:20,521 [96fa30cc-cc01-4af1-a161-c10c2afc2f22@group-A1ACF68524AB-LeaderElection2] INFO  impl.LeaderElection (LeaderElection.java:logAndReturn(94)) -   Response 0: 96fa30cc-cc01-4af1-a161-c10c2afc2f22<-9e7e10a2-763a-4a15-b149-6c921096d1eb#0:OK-t1
2022-10-19 08:45:20,521 [96fa30cc-cc01-4af1-a161-c10c2afc2f22@group-A1ACF68524AB-LeaderElection2] INFO  impl.LeaderElection (LeaderElection.java:askForVotes(314)) - 96fa30cc-cc01-4af1-a161-c10c2afc2f22@group-A1ACF68524AB-LeaderElection2 ELECTION round 0: result PASSED
2022-10-19 08:45:20,521 [96fa30cc-cc01-4af1-a161-c10c2afc2f22@group-A1ACF68524AB-LeaderElection2] INFO  impl.RoleInfo (RoleInfo.java:shutdownLeaderElection(130)) - 96fa30cc-cc01-4af1-a161-c10c2afc2f22: shutdown 96fa30cc-cc01-4af1-a161-c10c2afc2f22@group-A1ACF68524AB-LeaderElection2
2022-10-19 08:45:20,521 [96fa30cc-cc01-4af1-a161-c10c2afc2f22@group-A1ACF68524AB-LeaderElection2] INFO  server.RaftServer$Division (RaftServerImpl.java:setRole(321)) - 96fa30cc-cc01-4af1-a161-c10c2afc2f22@group-A1ACF68524AB: changes role from CANDIDATE to LEADER at term 1 for changeToLeader
2022-10-19 08:45:20,521 [96fa30cc-cc01-4af1-a161-c10c2afc2f22@group-A1ACF68524AB-LeaderElection2] INFO  ratis.XceiverServerRatis (XceiverServerRatis.java:handleLeaderChangedNotification(863)) - Leader change notification received for group: group-A1ACF68524AB with new leaderId: 96fa30cc-cc01-4af1-a161-c10c2afc2f22
2022-10-19 08:45:20,521 [96fa30cc-cc01-4af1-a161-c10c2afc2f22@group-A1ACF68524AB-LeaderElection2] INFO  server.RaftServer$Division (ServerState.java:setLeader(313)) - 96fa30cc-cc01-4af1-a161-c10c2afc2f22@group-A1ACF68524AB: change Leader from null to 96fa30cc-cc01-4af1-a161-c10c2afc2f22 at term 1 for becomeLeader, leader elected after 5124ms
2022-10-19 08:45:20,521 [96fa30cc-cc01-4af1-a161-c10c2afc2f22@group-A1ACF68524AB-LeaderElection2] INFO  server.RaftServerConfigKeys (ConfUtils.java:logGet(46)) - raft.server.staging.catchup.gap = 1000 (default)
2022-10-19 08:45:20,522 [96fa30cc-cc01-4af1-a161-c10c2afc2f22@group-A1ACF68524AB-LeaderElection2] INFO  server.RaftServerConfigKeys (ConfUtils.java:logGet(46)) - raft.server.write.element-limit = 1024 (custom)
2022-10-19 08:45:20,522 [96fa30cc-cc01-4af1-a161-c10c2afc2f22@group-A1ACF68524AB-LeaderElection2] INFO  server.RaftServerConfigKeys (ConfUtils.java:logGet(46)) - raft.server.write.byte-limit = 1024 M (=1073741824) (custom)
2022-10-19 08:45:20,523 [96fa30cc-cc01-4af1-a161-c10c2afc2f22@group-A1ACF68524AB-LeaderElection2] INFO  server.RaftServerConfigKeys (ConfUtils.java:logGet(46)) - raft.server.watch.timeout = 180s (custom)
2022-10-19 08:45:20,523 [96fa30cc-cc01-4af1-a161-c10c2afc2f22@group-A1ACF68524AB-LeaderElection2] INFO  server.RaftServerConfigKeys (ConfUtils.java:logGet(46)) - raft.server.watch.timeout.denomination = 1s (default)
2022-10-19 08:45:20,523 [96fa30cc-cc01-4af1-a161-c10c2afc2f22@group-A1ACF68524AB-LeaderElection2] INFO  server.RaftServerConfigKeys (ConfUtils.java:logGet(46)) - raft.server.watch.element-limit = 65536 (default)
2022-10-19 08:45:20,523 [96fa30cc-cc01-4af1-a161-c10c2afc2f22@group-A1ACF68524AB-LeaderElection2] INFO  server.RaftServerConfigKeys (ConfUtils.java:logGet(46)) - raft.server.write.element-limit = 1024 (custom)
2022-10-19 08:45:20,523 [96fa30cc-cc01-4af1-a161-c10c2afc2f22@group-A1ACF68524AB-LeaderElection2] INFO  server.RaftServerConfigKeys (ConfUtils.java:logGet(46)) - raft.server.write.follower.gap.ratio.max = -1.0 (default)
2022-10-19 08:45:20,527 [EventQueue-PipelineReportForPipelineReportHandler] INFO  pipeline.PipelineManagerImpl (PipelineManagerImpl.java:openPipeline(367)) - Pipeline Pipeline[ Id: 903fd36a-8604-4e76-947b-a1acf68524ab, Nodes: 96fa30cc-cc01-4af1-a161-c10c2afc2f22{ip: 10.1.1.188, host: fv-az447-90.tnmeiuxxsqeu3byeydcnbj0j5d.dx.internal.cloudapp.net, ports: [REPLICATION=35959, RATIS=43419, RATIS_ADMIN=43419, RATIS_SERVER=43419, STANDALONE=33857], networkLocation: /default-rack, certSerialId: null, persistedOpState: IN_SERVICE, persistedOpStateExpiryEpochSec: 0}9e7e10a2-763a-4a15-b149-6c921096d1eb{ip: 10.1.1.188, host: fv-az447-90.tnmeiuxxsqeu3byeydcnbj0j5d.dx.internal.cloudapp.net, ports: [REPLICATION=43445, RATIS=43001, RATIS_ADMIN=43001, RATIS_SERVER=43001, STANDALONE=33113], networkLocation: /default-rack, certSerialId: null, persistedOpState: IN_SERVICE, persistedOpStateExpiryEpochSec: 0}91dae643-bef5-471c-869f-4daa43ea47b3{ip: 10.1.1.188, host: fv-az447-90.tnmeiuxxsqeu3byeydcnbj0j5d.dx.internal.cloudapp.net, ports: [REPLICATION=46757, RATIS=34857, RATIS_ADMIN=34857, RATIS_SERVER=34857, STANDALONE=41469], networkLocation: /default-rack, certSerialId: null, persistedOpState: IN_SERVICE, persistedOpStateExpiryEpochSec: 0}, ReplicationConfig: RATIS/THREE, State:ALLOCATED, leaderId:96fa30cc-cc01-4af1-a161-c10c2afc2f22, CreationTimestamp2022-10-19T08:45:13.175Z[Etc/UTC]] moved to OPEN state
2022-10-19 08:45:20,527 [EventQueue-OpenPipelineForHealthyPipelineSafeModeRule] INFO  safemode.SCMSafeModeManager (HealthyPipelineSafeModeRule.java:process(137)) - SCM in safe mode. Healthy pipelines reported count is 0, required healthy pipeline reported count is 1
2022-10-19 08:45:20,528 [EventQueue-OpenPipelineForHealthyPipelineSafeModeRule] INFO  safemode.SCMSafeModeManager (HealthyPipelineSafeModeRule.java:process(137)) - SCM in safe mode. Healthy pipelines reported count is 1, required healthy pipeline reported count is 1
2022-10-19 08:45:20,528 [EventQueue-OpenPipelineForHealthyPipelineSafeModeRule] INFO  safemode.SCMSafeModeManager (SCMSafeModeManager.java:validateSafeModeExitRules(204)) - HealthyPipelineSafeModeRule rule is successfully validated
2022-10-19 08:45:20,528 [EventQueue-OpenPipelineForHealthyPipelineSafeModeRule] INFO  safemode.SCMSafeModeManager (SCMSafeModeManager.java:validateSafeModeExitRules(219)) - ScmSafeModeManager, all rules are successfully validated
2022-10-19 08:45:20,528 [EventQueue-OpenPipelineForHealthyPipelineSafeModeRule] INFO  safemode.SCMSafeModeManager (SCMSafeModeManager.java:exitSafeMode(248)) - SCM exiting safe mode.
2022-10-19 08:45:20,528 [EventQueue-OpenPipelineForHealthyPipelineSafeModeRule] WARN  events.EventQueue (EventQueue.java:fireEvent(216)) - No event handler registered for event TypedEvent{payloadType=SafeModeStatus, name='Safe mode status'}
2022-10-19 08:45:20,528 [EventQueue-OpenPipelineForHealthyPipelineSafeModeRule] INFO  ha.SCMContext (SCMContext.java:updateSafeModeStatus(228)) - Update SafeModeStatus from SafeModeStatus{safeModeStatus=true, preCheckPassed=true} to SafeModeStatus{safeModeStatus=false, preCheckPassed=true}.
2022-10-19 08:45:20,528 [EventQueue-OpenPipelineForHealthyPipelineSafeModeRule] INFO  pipeline.BackgroundPipelineCreator (BackgroundPipelineCreator.java:notifyStatusChanged(254)) - Service BackgroundPipelineCreator transitions to RUNNING.
2022-10-19 08:45:20,528 [EventQueue-OpenPipelineForHealthyPipelineSafeModeRule] INFO  BackgroundPipelineScrubber (BackgroundSCMService.java:notifyStatusChanged(82)) - Service BackgroundPipelineScrubber transitions to RUNNING.
2022-10-19 08:45:20,528 [EventQueue-OpenPipelineForHealthyPipelineSafeModeRule] INFO  ExpiredContainerReplicaOpScrubber (BackgroundSCMService.java:notifyStatusChanged(82)) - Service ExpiredContainerReplicaOpScrubber transitions to RUNNING.
2022-10-19 08:45:20,529 [EventQueue-OpenPipelineForHealthyPipelineSafeModeRule] INFO  replication.ReplicationManager (ReplicationManager.java:notifyStatusChanged(761)) - Service ReplicationManager transitions to RUNNING.
2022-10-19 08:45:20,532 [EventQueue-OpenPipelineForHealthyPipelineSafeModeRule] WARN  balancer.ContainerBalancer (ContainerBalancer.java:shouldRun(131)) - Could not find persisted configuration for ContainerBalancer when checking if ContainerBalancer should run. ContainerBalancer should not run now.
2022-10-19 08:45:20,536 [96fa30cc-cc01-4af1-a161-c10c2afc2f22@group-A1ACF68524AB-LeaderElection2] INFO  server.RaftServerConfigKeys (ConfUtils.java:logGet(46)) - raft.server.log.appender.snapshot.chunk.size.max = 16MB (=16777216) (default)
2022-10-19 08:45:20,536 [96fa30cc-cc01-4af1-a161-c10c2afc2f22@group-A1ACF68524AB-LeaderElection2] INFO  server.RaftServerConfigKeys (ConfUtils.java:logGet(46)) - raft.server.log.appender.buffer.byte-limit = 33554432 (custom)
2022-10-19 08:45:20,537 [96fa30cc-cc01-4af1-a161-c10c2afc2f22@group-A1ACF68524AB-LeaderElection2] INFO  server.RaftServerConfigKeys (ConfUtils.java:logGet(46)) - raft.server.log.appender.buffer.element-limit = 1 (custom)
2022-10-19 08:45:20,539 [96fa30cc-cc01-4af1-a161-c10c2afc2f22@group-A1ACF68524AB-LeaderElection2] INFO  grpc.GrpcConfigKeys (ConfUtils.java:logGet(46)) - raft.grpc.server.leader.outstanding.appends.max = 128 (default)
2022-10-19 08:45:20,540 [96fa30cc-cc01-4af1-a161-c10c2afc2f22@group-A1ACF68524AB-LeaderElection2] INFO  server.RaftServerConfigKeys (ConfUtils.java:logGet(46)) - raft.server.rpc.request.timeout = 60s (custom)
2022-10-19 08:45:20,540 [96fa30cc-cc01-4af1-a161-c10c2afc2f22@group-A1ACF68524AB-LeaderElection2] INFO  server.RaftServerConfigKeys (ConfUtils.java:logGet(46)) - raft.server.log.appender.install.snapshot.enabled = false (custom)
2022-10-19 08:45:20,540 [96fa30cc-cc01-4af1-a161-c10c2afc2f22@group-A1ACF68524AB-LeaderElection2] INFO  grpc.GrpcConfigKeys (ConfUtils.java:logGet(46)) - raft.grpc.server.heartbeat.channel = true (default)
2022-10-19 08:45:20,540 [96fa30cc-cc01-4af1-a161-c10c2afc2f22@group-A1ACF68524AB-LeaderElection2] INFO  server.RaftServerConfigKeys (ConfUtils.java:logGet(46)) - raft.server.log.appender.wait-time.min = 10ms (default)
2022-10-19 08:45:20,542 [96fa30cc-cc01-4af1-a161-c10c2afc2f22@group-A1ACF68524AB-LeaderElection2] INFO  server.RaftServerConfigKeys (ConfUtils.java:logGet(46)) - raft.server.log.appender.snapshot.chunk.size.max = 16MB (=16777216) (default)
2022-10-19 08:45:20,542 [96fa30cc-cc01-4af1-a161-c10c2afc2f22@group-A1ACF68524AB-LeaderElection2] INFO  server.RaftServerConfigKeys (ConfUtils.java:logGet(46)) - raft.server.log.appender.buffer.byte-limit = 33554432 (custom)
2022-10-19 08:45:20,542 [96fa30cc-cc01-4af1-a161-c10c2afc2f22@group-A1ACF68524AB-LeaderElection2] INFO  server.RaftServerConfigKeys (ConfUtils.java:logGet(46)) - raft.server.log.appender.buffer.element-limit = 1 (custom)
2022-10-19 08:45:20,542 [96fa30cc-cc01-4af1-a161-c10c2afc2f22@group-A1ACF68524AB-LeaderElection2] INFO  grpc.GrpcConfigKeys (ConfUtils.java:logGet(46)) - raft.grpc.server.leader.outstanding.appends.max = 128 (default)
2022-10-19 08:45:20,542 [96fa30cc-cc01-4af1-a161-c10c2afc2f22@group-A1ACF68524AB-LeaderElection2] INFO  server.RaftServerConfigKeys (ConfUtils.java:logGet(46)) - raft.server.rpc.request.timeout = 60s (custom)
2022-10-19 08:45:20,542 [96fa30cc-cc01-4af1-a161-c10c2afc2f22@group-A1ACF68524AB-LeaderElection2] INFO  server.RaftServerConfigKeys (ConfUtils.java:logGet(46)) - raft.server.log.appender.install.snapshot.enabled = false (custom)
2022-10-19 08:45:20,542 [96fa30cc-cc01-4af1-a161-c10c2afc2f22@group-A1ACF68524AB-LeaderElection2] INFO  grpc.GrpcConfigKeys (ConfUtils.java:logGet(46)) - raft.grpc.server.heartbeat.channel = true (default)
2022-10-19 08:45:20,542 [96fa30cc-cc01-4af1-a161-c10c2afc2f22@group-A1ACF68524AB-LeaderElection2] INFO  server.RaftServerConfigKeys (ConfUtils.java:logGet(46)) - raft.server.log.appender.wait-time.min = 10ms (default)
2022-10-19 08:45:20,543 [96fa30cc-cc01-4af1-a161-c10c2afc2f22@group-A1ACF68524AB-LeaderElection2] INFO  impl.RoleInfo (RoleInfo.java:updateAndGet(139)) - 96fa30cc-cc01-4af1-a161-c10c2afc2f22: start 96fa30cc-cc01-4af1-a161-c10c2afc2f22@group-A1ACF68524AB-LeaderStateImpl
2022-10-19 08:45:20,544 [96fa30cc-cc01-4af1-a161-c10c2afc2f22@group-A1ACF68524AB-LeaderElection2] INFO  segmented.SegmentedRaftLogWorker (SegmentedRaftLogWorker.java:startLogSegment(452)) - 96fa30cc-cc01-4af1-a161-c10c2afc2f22@group-A1ACF68524AB-SegmentedRaftLogWorker: Starting segment from index:0
2022-10-19 08:45:20,545 [96fa30cc-cc01-4af1-a161-c10c2afc2f22@group-A1ACF68524AB-SegmentedRaftLogWorker] INFO  segmented.SegmentedRaftLogWorker (SegmentedRaftLogWorker.java:execute(656)) - 96fa30cc-cc01-4af1-a161-c10c2afc2f22@group-A1ACF68524AB-SegmentedRaftLogWorker: created new log segment /home/runner/work/ozone/ozone/hadoop-ozone/integration-test/target/test-dir/MiniOzoneClusterImpl-43a13940-e4af-4545-ab6e-e590eff1efbb/datanode-0/data/ratis/903fd36a-8604-4e76-947b-a1acf68524ab/current/log_inprogress_0
2022-10-19 08:45:20,548 [96fa30cc-cc01-4af1-a161-c10c2afc2f22@group-A1ACF68524AB-LeaderElection2] INFO  server.RaftServer$Division (ServerState.java:setRaftConf(430)) - 96fa30cc-cc01-4af1-a161-c10c2afc2f22@group-A1ACF68524AB: set configuration 0: peers:[91dae643-bef5-471c-869f-4daa43ea47b3|rpc:10.1.1.188:34857|dataStream:|priority:0|startupRole:FOLLOWER, 9e7e10a2-763a-4a15-b149-6c921096d1eb|rpc:10.1.1.188:43001|dataStream:|priority:0|startupRole:FOLLOWER, 96fa30cc-cc01-4af1-a161-c10c2afc2f22|rpc:10.1.1.188:43419|dataStream:|priority:1|startupRole:FOLLOWER]|listeners:[], old=null
2022-10-19 08:45:20,599 [9e7e10a2-763a-4a15-b149-6c921096d1eb-server-thread1] INFO  ratis.XceiverServerRatis (XceiverServerRatis.java:handleLeaderChangedNotification(863)) - Leader change notification received for group: group-A1ACF68524AB with new leaderId: 96fa30cc-cc01-4af1-a161-c10c2afc2f22
2022-10-19 08:45:20,600 [9e7e10a2-763a-4a15-b149-6c921096d1eb-server-thread1] INFO  server.RaftServer$Division (ServerState.java:setLeader(313)) - 9e7e10a2-763a-4a15-b149-6c921096d1eb@group-A1ACF68524AB: change Leader from null to 96fa30cc-cc01-4af1-a161-c10c2afc2f22 at term 1 for appendEntries, leader elected after 4375ms
2022-10-19 08:45:20,635 [9e7e10a2-763a-4a15-b149-6c921096d1eb-server-thread3] INFO  server.RaftServer$Division (ServerState.java:setRaftConf(430)) - 9e7e10a2-763a-4a15-b149-6c921096d1eb@group-A1ACF68524AB: set configuration 0: peers:[91dae643-bef5-471c-869f-4daa43ea47b3|rpc:10.1.1.188:34857|dataStream:|priority:0|startupRole:FOLLOWER, 9e7e10a2-763a-4a15-b149-6c921096d1eb|rpc:10.1.1.188:43001|dataStream:|priority:0|startupRole:FOLLOWER, 96fa30cc-cc01-4af1-a161-c10c2afc2f22|rpc:10.1.1.188:43419|dataStream:|priority:1|startupRole:FOLLOWER]|listeners:[], old=null
2022-10-19 08:45:20,635 [9e7e10a2-763a-4a15-b149-6c921096d1eb-server-thread3] INFO  segmented.SegmentedRaftLogWorker (SegmentedRaftLogWorker.java:startLogSegment(452)) - 9e7e10a2-763a-4a15-b149-6c921096d1eb@group-A1ACF68524AB-SegmentedRaftLogWorker: Starting segment from index:0
2022-10-19 08:45:20,645 [9e7e10a2-763a-4a15-b149-6c921096d1eb@group-A1ACF68524AB-SegmentedRaftLogWorker] INFO  segmented.SegmentedRaftLogWorker (SegmentedRaftLogWorker.java:execute(656)) - 9e7e10a2-763a-4a15-b149-6c921096d1eb@group-A1ACF68524AB-SegmentedRaftLogWorker: created new log segment /home/runner/work/ozone/ozone/hadoop-ozone/integration-test/target/test-dir/MiniOzoneClusterImpl-43a13940-e4af-4545-ab6e-e590eff1efbb/datanode-2/data/ratis/903fd36a-8604-4e76-947b-a1acf68524ab/current/log_inprogress_0
2022-10-19 08:45:20,660 [91dae643-bef5-471c-869f-4daa43ea47b3-server-thread2] INFO  ratis.XceiverServerRatis (XceiverServerRatis.java:handleLeaderChangedNotification(863)) - Leader change notification received for group: group-A1ACF68524AB with new leaderId: 96fa30cc-cc01-4af1-a161-c10c2afc2f22
2022-10-19 08:45:20,660 [91dae643-bef5-471c-869f-4daa43ea47b3-server-thread2] INFO  server.RaftServer$Division (ServerState.java:setLeader(313)) - 91dae643-bef5-471c-869f-4daa43ea47b3@group-A1ACF68524AB: change Leader from null to 96fa30cc-cc01-4af1-a161-c10c2afc2f22 at term 1 for appendEntries, leader elected after 4752ms
2022-10-19 08:45:20,667 [91dae643-bef5-471c-869f-4daa43ea47b3-server-thread1] INFO  server.RaftServer$Division (ServerState.java:setRaftConf(430)) - 91dae643-bef5-471c-869f-4daa43ea47b3@group-A1ACF68524AB: set configuration 0: peers:[91dae643-bef5-471c-869f-4daa43ea47b3|rpc:10.1.1.188:34857|dataStream:|priority:0|startupRole:FOLLOWER, 9e7e10a2-763a-4a15-b149-6c921096d1eb|rpc:10.1.1.188:43001|dataStream:|priority:0|startupRole:FOLLOWER, 96fa30cc-cc01-4af1-a161-c10c2afc2f22|rpc:10.1.1.188:43419|dataStream:|priority:1|startupRole:FOLLOWER]|listeners:[], old=null
2022-10-19 08:45:20,667 [91dae643-bef5-471c-869f-4daa43ea47b3-server-thread1] INFO  segmented.SegmentedRaftLogWorker (SegmentedRaftLogWorker.java:startLogSegment(452)) - 91dae643-bef5-471c-869f-4daa43ea47b3@group-A1ACF68524AB-SegmentedRaftLogWorker: Starting segment from index:0
2022-10-19 08:45:20,668 [91dae643-bef5-471c-869f-4daa43ea47b3@group-A1ACF68524AB-SegmentedRaftLogWorker] INFO  segmented.SegmentedRaftLogWorker (SegmentedRaftLogWorker.java:execute(656)) - 91dae643-bef5-471c-869f-4daa43ea47b3@group-A1ACF68524AB-SegmentedRaftLogWorker: created new log segment /home/runner/work/ozone/ozone/hadoop-ozone/integration-test/target/test-dir/MiniOzoneClusterImpl-43a13940-e4af-4545-ab6e-e590eff1efbb/datanode-1/data/ratis/903fd36a-8604-4e76-947b-a1acf68524ab/current/log_inprogress_0
2022-10-19 08:45:20,920 [91dae643-bef5-471c-869f-4daa43ea47b3@group-9B8FAE4D8AEE-FollowerState] INFO  impl.FollowerState (FollowerState.java:run(143)) - 91dae643-bef5-471c-869f-4daa43ea47b3@group-9B8FAE4D8AEE-FollowerState: change to CANDIDATE, lastRpcElapsedTime:5032086108ns, electionTimeout:5018ms
2022-10-19 08:45:20,920 [91dae643-bef5-471c-869f-4daa43ea47b3@group-9B8FAE4D8AEE-FollowerState] INFO  impl.RoleInfo (RoleInfo.java:shutdownFollowerState(110)) - 91dae643-bef5-471c-869f-4daa43ea47b3: shutdown 91dae643-bef5-471c-869f-4daa43ea47b3@group-9B8FAE4D8AEE-FollowerState
2022-10-19 08:45:20,920 [91dae643-bef5-471c-869f-4daa43ea47b3@group-9B8FAE4D8AEE-FollowerState] INFO  server.RaftServer$Division (RaftServerImpl.java:setRole(321)) - 91dae643-bef5-471c-869f-4daa43ea47b3@group-9B8FAE4D8AEE: changes role from  FOLLOWER to CANDIDATE at term 0 for changeToCandidate
2022-10-19 08:45:20,924 [91dae643-bef5-471c-869f-4daa43ea47b3@group-9B8FAE4D8AEE-FollowerState] INFO  server.RaftServerConfigKeys (ConfUtils.java:logGet(46)) - raft.server.leaderelection.pre-vote = false (custom)
2022-10-19 08:45:20,924 [91dae643-bef5-471c-869f-4daa43ea47b3@group-9B8FAE4D8AEE-FollowerState] INFO  impl.RoleInfo (RoleInfo.java:updateAndGet(139)) - 91dae643-bef5-471c-869f-4daa43ea47b3: start 91dae643-bef5-471c-869f-4daa43ea47b3@group-9B8FAE4D8AEE-LeaderElection4
2022-10-19 08:45:20,930 [91dae643-bef5-471c-869f-4daa43ea47b3@group-9B8FAE4D8AEE-LeaderElection4] INFO  impl.LeaderElection (LeaderElection.java:askForVotes(312)) - 91dae643-bef5-471c-869f-4daa43ea47b3@group-9B8FAE4D8AEE-LeaderElection4 ELECTION round 0: submit vote requests at term 1 for -1: peers:[91dae643-bef5-471c-869f-4daa43ea47b3|rpc:10.1.1.188:34857|priority:1|startupRole:FOLLOWER]|listeners:[], old=null
2022-10-19 08:45:20,930 [91dae643-bef5-471c-869f-4daa43ea47b3@group-9B8FAE4D8AEE-LeaderElection4] INFO  impl.LeaderElection (LeaderElection.java:askForVotes(314)) - 91dae643-bef5-471c-869f-4daa43ea47b3@group-9B8FAE4D8AEE-LeaderElection4 ELECTION round 0: result PASSED (term=1)
2022-10-19 08:45:20,930 [91dae643-bef5-471c-869f-4daa43ea47b3@group-9B8FAE4D8AEE-LeaderElection4] INFO  impl.RoleInfo (RoleInfo.java:shutdownLeaderElection(130)) - 91dae643-bef5-471c-869f-4daa43ea47b3: shutdown 91dae643-bef5-471c-869f-4daa43ea47b3@group-9B8FAE4D8AEE-LeaderElection4
2022-10-19 08:45:20,930 [91dae643-bef5-471c-869f-4daa43ea47b3@group-9B8FAE4D8AEE-LeaderElection4] INFO  server.RaftServer$Division (RaftServerImpl.java:setRole(321)) - 91dae643-bef5-471c-869f-4daa43ea47b3@group-9B8FAE4D8AEE: changes role from CANDIDATE to LEADER at term 1 for changeToLeader
2022-10-19 08:45:20,930 [91dae643-bef5-471c-869f-4daa43ea47b3@group-9B8FAE4D8AEE-LeaderElection4] INFO  ratis.XceiverServerRatis (XceiverServerRatis.java:handleLeaderChangedNotification(863)) - Leader change notification received for group: group-9B8FAE4D8AEE with new leaderId: 91dae643-bef5-471c-869f-4daa43ea47b3
2022-10-19 08:45:20,930 [91dae643-bef5-471c-869f-4daa43ea47b3@group-9B8FAE4D8AEE-LeaderElection4] INFO  server.RaftServer$Division (ServerState.java:setLeader(313)) - 91dae643-bef5-471c-869f-4daa43ea47b3@group-9B8FAE4D8AEE: change Leader from null to 91dae643-bef5-471c-869f-4daa43ea47b3 at term 1 for becomeLeader, leader elected after 5084ms
2022-10-19 08:45:20,930 [91dae643-bef5-471c-869f-4daa43ea47b3@group-9B8FAE4D8AEE-LeaderElection4] INFO  server.RaftServerConfigKeys (ConfUtils.java:logGet(46)) - raft.server.staging.catchup.gap = 1000 (default)
2022-10-19 08:45:20,931 [91dae643-bef5-471c-869f-4daa43ea47b3@group-9B8FAE4D8AEE-LeaderElection4] INFO  server.RaftServerConfigKeys (ConfUtils.java:logGet(46)) - raft.server.write.element-limit = 1024 (custom)
2022-10-19 08:45:20,931 [91dae643-bef5-471c-869f-4daa43ea47b3@group-9B8FAE4D8AEE-LeaderElection4] INFO  server.RaftServerConfigKeys (ConfUtils.java:logGet(46)) - raft.server.write.byte-limit = 1024 M (=1073741824) (custom)
2022-10-19 08:45:20,931 [91dae643-bef5-471c-869f-4daa43ea47b3@group-9B8FAE4D8AEE-LeaderElection4] INFO  server.RaftServerConfigKeys (ConfUtils.java:logGet(46)) - raft.server.watch.timeout = 180s (custom)
2022-10-19 08:45:20,931 [91dae643-bef5-471c-869f-4daa43ea47b3@group-9B8FAE4D8AEE-LeaderElection4] INFO  server.RaftServerConfigKeys (ConfUtils.java:logGet(46)) - raft.server.watch.timeout.denomination = 1s (default)
2022-10-19 08:45:20,931 [91dae643-bef5-471c-869f-4daa43ea47b3@group-9B8FAE4D8AEE-LeaderElection4] INFO  server.RaftServerConfigKeys (ConfUtils.java:logGet(46)) - raft.server.watch.element-limit = 65536 (default)
2022-10-19 08:45:20,931 [91dae643-bef5-471c-869f-4daa43ea47b3@group-9B8FAE4D8AEE-LeaderElection4] INFO  server.RaftServerConfigKeys (ConfUtils.java:logGet(46)) - raft.server.write.element-limit = 1024 (custom)
2022-10-19 08:45:20,931 [91dae643-bef5-471c-869f-4daa43ea47b3@group-9B8FAE4D8AEE-LeaderElection4] INFO  server.RaftServerConfigKeys (ConfUtils.java:logGet(46)) - raft.server.write.follower.gap.ratio.max = -1.0 (default)
2022-10-19 08:45:20,931 [91dae643-bef5-471c-869f-4daa43ea47b3@group-9B8FAE4D8AEE-LeaderElection4] INFO  impl.RoleInfo (RoleInfo.java:updateAndGet(139)) - 91dae643-bef5-471c-869f-4daa43ea47b3: start 91dae643-bef5-471c-869f-4daa43ea47b3@group-9B8FAE4D8AEE-LeaderStateImpl
2022-10-19 08:45:20,932 [91dae643-bef5-471c-869f-4daa43ea47b3@group-9B8FAE4D8AEE-LeaderElection4] INFO  segmented.SegmentedRaftLogWorker (SegmentedRaftLogWorker.java:startLogSegment(452)) - 91dae643-bef5-471c-869f-4daa43ea47b3@group-9B8FAE4D8AEE-SegmentedRaftLogWorker: Starting segment from index:0
2022-10-19 08:45:20,936 [91dae643-bef5-471c-869f-4daa43ea47b3@group-9B8FAE4D8AEE-SegmentedRaftLogWorker] INFO  segmented.SegmentedRaftLogWorker (SegmentedRaftLogWorker.java:execute(656)) - 91dae643-bef5-471c-869f-4daa43ea47b3@group-9B8FAE4D8AEE-SegmentedRaftLogWorker: created new log segment /home/runner/work/ozone/ozone/hadoop-ozone/integration-test/target/test-dir/MiniOzoneClusterImpl-43a13940-e4af-4545-ab6e-e590eff1efbb/datanode-1/data/ratis/23525df1-f8a3-432b-8fbf-9b8fae4d8aee/current/log_inprogress_0
2022-10-19 08:45:20,936 [91dae643-bef5-471c-869f-4daa43ea47b3@group-9B8FAE4D8AEE-LeaderElection4] INFO  server.RaftServer$Division (ServerState.java:setRaftConf(430)) - 91dae643-bef5-471c-869f-4daa43ea47b3@group-9B8FAE4D8AEE: set configuration 0: peers:[91dae643-bef5-471c-869f-4daa43ea47b3|rpc:10.1.1.188:34857|dataStream:|priority:1|startupRole:FOLLOWER]|listeners:[], old=null
2022-10-19 08:45:20,973 [Listener at 127.0.0.1/40043] INFO  ozone.MiniOzoneClusterImpl (MiniOzoneClusterImpl.java:lambda$waitForClusterToBeReady$0(216)) - Nodes are ready. Got 10 of 10 DN Heartbeats.
2022-10-19 08:45:20,974 [Listener at 127.0.0.1/40043] INFO  ozone.MiniOzoneClusterImpl (MiniOzoneClusterImpl.java:lambda$waitForClusterToBeReady$0(219)) - Cluster exits safe mode
2022-10-19 08:45:20,974 [Listener at 127.0.0.1/40043] INFO  ozone.MiniOzoneClusterImpl (MiniOzoneClusterImpl.java:lambda$waitForClusterToBeReady$0(221)) - SCM became leader
2022-10-19 08:45:21,379 [9e7e10a2-763a-4a15-b149-6c921096d1eb@group-F4CAB9577C1E-FollowerState] INFO  impl.FollowerState (FollowerState.java:run(143)) - 9e7e10a2-763a-4a15-b149-6c921096d1eb@group-F4CAB9577C1E-FollowerState: change to CANDIDATE, lastRpcElapsedTime:5030436472ns, electionTimeout:5017ms
2022-10-19 08:45:21,380 [9e7e10a2-763a-4a15-b149-6c921096d1eb@group-F4CAB9577C1E-FollowerState] INFO  impl.RoleInfo (RoleInfo.java:shutdownFollowerState(110)) - 9e7e10a2-763a-4a15-b149-6c921096d1eb: shutdown 9e7e10a2-763a-4a15-b149-6c921096d1eb@group-F4CAB9577C1E-FollowerState
2022-10-19 08:45:21,380 [9e7e10a2-763a-4a15-b149-6c921096d1eb@group-F4CAB9577C1E-FollowerState] INFO  server.RaftServer$Division (RaftServerImpl.java:setRole(321)) - 9e7e10a2-763a-4a15-b149-6c921096d1eb@group-F4CAB9577C1E: changes role from  FOLLOWER to CANDIDATE at term 0 for changeToCandidate
2022-10-19 08:45:21,380 [9e7e10a2-763a-4a15-b149-6c921096d1eb@group-F4CAB9577C1E-FollowerState] INFO  server.RaftServerConfigKeys (ConfUtils.java:logGet(46)) - raft.server.leaderelection.pre-vote = false (custom)
2022-10-19 08:45:21,380 [9e7e10a2-763a-4a15-b149-6c921096d1eb@group-F4CAB9577C1E-FollowerState] INFO  impl.RoleInfo (RoleInfo.java:updateAndGet(139)) - 9e7e10a2-763a-4a15-b149-6c921096d1eb: start 9e7e10a2-763a-4a15-b149-6c921096d1eb@group-F4CAB9577C1E-LeaderElection5
2022-10-19 08:45:21,387 [9e7e10a2-763a-4a15-b149-6c921096d1eb@group-F4CAB9577C1E-LeaderElection5] INFO  impl.LeaderElection (LeaderElection.java:askForVotes(312)) - 9e7e10a2-763a-4a15-b149-6c921096d1eb@group-F4CAB9577C1E-LeaderElection5 ELECTION round 0: submit vote requests at term 1 for -1: peers:[91dae643-bef5-471c-869f-4daa43ea47b3|rpc:10.1.1.188:34857|priority:0|startupRole:FOLLOWER, 9e7e10a2-763a-4a15-b149-6c921096d1eb|rpc:10.1.1.188:43001|priority:1|startupRole:FOLLOWER, 96fa30cc-cc01-4af1-a161-c10c2afc2f22|rpc:10.1.1.188:43419|priority:0|startupRole:FOLLOWER]|listeners:[], old=null
2022-10-19 08:45:21,388 [9e7e10a2-763a-4a15-b149-6c921096d1eb@group-F4CAB9577C1E-LeaderElection5-1] INFO  server.GrpcServerProtocolClient (GrpcServerProtocolClient.java:<init>(63)) - Build channel for 91dae643-bef5-471c-869f-4daa43ea47b3
2022-10-19 08:45:21,391 [9e7e10a2-763a-4a15-b149-6c921096d1eb@group-F4CAB9577C1E-LeaderElection5] INFO  server.RaftServerConfigKeys (ConfUtils.java:logFallback(53)) - raft.server.rpc.first-election.timeout.min = 5s (fallback to raft.server.rpc.timeout.min)
2022-10-19 08:45:21,391 [9e7e10a2-763a-4a15-b149-6c921096d1eb@group-F4CAB9577C1E-LeaderElection5] INFO  server.RaftServerConfigKeys (ConfUtils.java:logFallback(53)) - raft.server.rpc.first-election.timeout.max = 5200ms (fallback to raft.server.rpc.timeout.max)
2022-10-19 08:45:21,395 [9e7e10a2-763a-4a15-b149-6c921096d1eb@group-A314E49CC730-FollowerState] INFO  impl.FollowerState (FollowerState.java:run(143)) - 9e7e10a2-763a-4a15-b149-6c921096d1eb@group-A314E49CC730-FollowerState: change to CANDIDATE, lastRpcElapsedTime:5126159186ns, electionTimeout:5117ms
2022-10-19 08:45:21,395 [9e7e10a2-763a-4a15-b149-6c921096d1eb@group-A314E49CC730-FollowerState] INFO  impl.RoleInfo (RoleInfo.java:shutdownFollowerState(110)) - 9e7e10a2-763a-4a15-b149-6c921096d1eb: shutdown 9e7e10a2-763a-4a15-b149-6c921096d1eb@group-A314E49CC730-FollowerState
2022-10-19 08:45:21,396 [9e7e10a2-763a-4a15-b149-6c921096d1eb@group-A314E49CC730-FollowerState] INFO  server.RaftServer$Division (RaftServerImpl.java:setRole(321)) - 9e7e10a2-763a-4a15-b149-6c921096d1eb@group-A314E49CC730: changes role from  FOLLOWER to CANDIDATE at term 0 for changeToCandidate
2022-10-19 08:45:21,396 [9e7e10a2-763a-4a15-b149-6c921096d1eb@group-A314E49CC730-FollowerState] INFO  server.RaftServerConfigKeys (ConfUtils.java:logGet(46)) - raft.server.leaderelection.pre-vote = false (custom)
2022-10-19 08:45:21,396 [9e7e10a2-763a-4a15-b149-6c921096d1eb@group-A314E49CC730-FollowerState] INFO  impl.RoleInfo (RoleInfo.java:updateAndGet(139)) - 9e7e10a2-763a-4a15-b149-6c921096d1eb: start 9e7e10a2-763a-4a15-b149-6c921096d1eb@group-A314E49CC730-LeaderElection6
2022-10-19 08:45:21,400 [9e7e10a2-763a-4a15-b149-6c921096d1eb@group-F4CAB9577C1E-LeaderElection5-2] INFO  server.GrpcServerProtocolClient (GrpcServerProtocolClient.java:<init>(63)) - Build channel for 96fa30cc-cc01-4af1-a161-c10c2afc2f22
2022-10-19 08:45:21,422 [grpc-default-executor-2] INFO  server.RaftServer$Division (RaftServerImpl.java:requestVote(1218)) - 91dae643-bef5-471c-869f-4daa43ea47b3@group-F4CAB9577C1E: receive requestVote(ELECTION, 9e7e10a2-763a-4a15-b149-6c921096d1eb, group-F4CAB9577C1E, 1, (t:0, i:0))
2022-10-19 08:45:21,422 [grpc-default-executor-2] INFO  impl.VoteContext (VoteContext.java:log(48)) - 91dae643-bef5-471c-869f-4daa43ea47b3@group-F4CAB9577C1E-FOLLOWER: accept ELECTION from 9e7e10a2-763a-4a15-b149-6c921096d1eb: our priority 0 <= candidate's priority 1
2022-10-19 08:45:21,422 [grpc-default-executor-2] INFO  server.RaftServer$Division (RaftServerImpl.java:setRole(321)) - 91dae643-bef5-471c-869f-4daa43ea47b3@group-F4CAB9577C1E: changes role from  FOLLOWER to FOLLOWER at term 1 for candidate:9e7e10a2-763a-4a15-b149-6c921096d1eb
2022-10-19 08:45:21,422 [grpc-default-executor-2] INFO  impl.RoleInfo (RoleInfo.java:shutdownFollowerState(110)) - 91dae643-bef5-471c-869f-4daa43ea47b3: shutdown 91dae643-bef5-471c-869f-4daa43ea47b3@group-F4CAB9577C1E-FollowerState
2022-10-19 08:45:21,422 [grpc-default-executor-2] INFO  impl.RoleInfo (RoleInfo.java:updateAndGet(139)) - 91dae643-bef5-471c-869f-4daa43ea47b3: start 91dae643-bef5-471c-869f-4daa43ea47b3@group-F4CAB9577C1E-FollowerState
2022-10-19 08:45:21,422 [91dae643-bef5-471c-869f-4daa43ea47b3@group-F4CAB9577C1E-FollowerState] INFO  impl.FollowerState (FollowerState.java:run(152)) - 91dae643-bef5-471c-869f-4daa43ea47b3@group-F4CAB9577C1E-FollowerState was interrupted
2022-10-19 08:45:21,428 [91dae643-bef5-471c-869f-4daa43ea47b3@group-F4CAB9577C1E-FollowerState] INFO  server.RaftServerConfigKeys (ConfUtils.java:logFallback(53)) - raft.server.rpc.first-election.timeout.min = 5s (fallback to raft.server.rpc.timeout.min)
2022-10-19 08:45:21,428 [91dae643-bef5-471c-869f-4daa43ea47b3@group-F4CAB9577C1E-FollowerState] INFO  server.RaftServerConfigKeys (ConfUtils.java:logFallback(53)) - raft.server.rpc.first-election.timeout.max = 5200ms (fallback to raft.server.rpc.timeout.max)
2022-10-19 08:45:21,432 [grpc-default-executor-2] INFO  server.RaftServer$Division (RaftServerImpl.java:requestVote(1251)) - 91dae643-bef5-471c-869f-4daa43ea47b3@group-F4CAB9577C1E replies to ELECTION vote request: 9e7e10a2-763a-4a15-b149-6c921096d1eb<-91dae643-bef5-471c-869f-4daa43ea47b3#0:OK-t1. Peer's state: 91dae643-bef5-471c-869f-4daa43ea47b3@group-F4CAB9577C1E:t1, leader=null, voted=9e7e10a2-763a-4a15-b149-6c921096d1eb, raftlog=Memoized:91dae643-bef5-471c-869f-4daa43ea47b3@group-F4CAB9577C1E-SegmentedRaftLog:OPENED:c-1, conf=-1: peers:[91dae643-bef5-471c-869f-4daa43ea47b3|rpc:10.1.1.188:34857|dataStream:|priority:0|startupRole:FOLLOWER, 9e7e10a2-763a-4a15-b149-6c921096d1eb|rpc:10.1.1.188:43001|dataStream:|priority:1|startupRole:FOLLOWER, 96fa30cc-cc01-4af1-a161-c10c2afc2f22|rpc:10.1.1.188:43419|dataStream:|priority:0|startupRole:FOLLOWER]|listeners:[], old=null
2022-10-19 08:45:21,433 [9e7e10a2-763a-4a15-b149-6c921096d1eb@group-A314E49CC730-LeaderElection6] INFO  impl.LeaderElection (LeaderElection.java:askForVotes(312)) - 9e7e10a2-763a-4a15-b149-6c921096d1eb@group-A314E49CC730-LeaderElection6 ELECTION round 0: submit vote requests at term 1 for -1: peers:[9e7e10a2-763a-4a15-b149-6c921096d1eb|rpc:10.1.1.188:43001|priority:1|startupRole:FOLLOWER]|listeners:[], old=null
2022-10-19 08:45:21,433 [9e7e10a2-763a-4a15-b149-6c921096d1eb@group-A314E49CC730-LeaderElection6] INFO  impl.LeaderElection (LeaderElection.java:askForVotes(314)) - 9e7e10a2-763a-4a15-b149-6c921096d1eb@group-A314E49CC730-LeaderElection6 ELECTION round 0: result PASSED (term=1)
2022-10-19 08:45:21,433 [9e7e10a2-763a-4a15-b149-6c921096d1eb@group-A314E49CC730-LeaderElection6] INFO  impl.RoleInfo (RoleInfo.java:shutdownLeaderElection(130)) - 9e7e10a2-763a-4a15-b149-6c921096d1eb: shutdown 9e7e10a2-763a-4a15-b149-6c921096d1eb@group-A314E49CC730-LeaderElection6
2022-10-19 08:45:21,433 [9e7e10a2-763a-4a15-b149-6c921096d1eb@group-A314E49CC730-LeaderElection6] INFO  server.RaftServer$Division (RaftServerImpl.java:setRole(321)) - 9e7e10a2-763a-4a15-b149-6c921096d1eb@group-A314E49CC730: changes role from CANDIDATE to LEADER at term 1 for changeToLeader
2022-10-19 08:45:21,433 [9e7e10a2-763a-4a15-b149-6c921096d1eb@group-A314E49CC730-LeaderElection6] INFO  ratis.XceiverServerRatis (XceiverServerRatis.java:handleLeaderChangedNotification(863)) - Leader change notification received for group: group-A314E49CC730 with new leaderId: 9e7e10a2-763a-4a15-b149-6c921096d1eb
2022-10-19 08:45:21,434 [9e7e10a2-763a-4a15-b149-6c921096d1eb@group-A314E49CC730-LeaderElection6] INFO  server.RaftServer$Division (ServerState.java:setLeader(313)) - 9e7e10a2-763a-4a15-b149-6c921096d1eb@group-A314E49CC730: change Leader from null to 9e7e10a2-763a-4a15-b149-6c921096d1eb at term 1 for becomeLeader, leader elected after 5235ms
2022-10-19 08:45:21,434 [9e7e10a2-763a-4a15-b149-6c921096d1eb@group-A314E49CC730-LeaderElection6] INFO  server.RaftServerConfigKeys (ConfUtils.java:logGet(46)) - raft.server.staging.catchup.gap = 1000 (default)
2022-10-19 08:45:21,434 [9e7e10a2-763a-4a15-b149-6c921096d1eb@group-A314E49CC730-LeaderElection6] INFO  server.RaftServerConfigKeys (ConfUtils.java:logGet(46)) - raft.server.write.element-limit = 1024 (custom)
2022-10-19 08:45:21,434 [9e7e10a2-763a-4a15-b149-6c921096d1eb@group-A314E49CC730-LeaderElection6] INFO  server.RaftServerConfigKeys (ConfUtils.java:logGet(46)) - raft.server.write.byte-limit = 1024 M (=1073741824) (custom)
2022-10-19 08:45:21,434 [9e7e10a2-763a-4a15-b149-6c921096d1eb@group-A314E49CC730-LeaderElection6] INFO  server.RaftServerConfigKeys (ConfUtils.java:logGet(46)) - raft.server.watch.timeout = 180s (custom)
2022-10-19 08:45:21,434 [9e7e10a2-763a-4a15-b149-6c921096d1eb@group-A314E49CC730-LeaderElection6] INFO  server.RaftServerConfigKeys (ConfUtils.java:logGet(46)) - raft.server.watch.timeout.denomination = 1s (default)
2022-10-19 08:45:21,434 [9e7e10a2-763a-4a15-b149-6c921096d1eb@group-A314E49CC730-LeaderElection6] INFO  server.RaftServerConfigKeys (ConfUtils.java:logGet(46)) - raft.server.watch.element-limit = 65536 (default)
2022-10-19 08:45:21,434 [9e7e10a2-763a-4a15-b149-6c921096d1eb@group-A314E49CC730-LeaderElection6] INFO  server.RaftServerConfigKeys (ConfUtils.java:logGet(46)) - raft.server.write.element-limit = 1024 (custom)
2022-10-19 08:45:21,435 [9e7e10a2-763a-4a15-b149-6c921096d1eb@group-A314E49CC730-LeaderElection6] INFO  server.RaftServerConfigKeys (ConfUtils.java:logGet(46)) - raft.server.write.follower.gap.ratio.max = -1.0 (default)
2022-10-19 08:45:21,435 [9e7e10a2-763a-4a15-b149-6c921096d1eb@group-A314E49CC730-LeaderElection6] INFO  impl.RoleInfo (RoleInfo.java:updateAndGet(139)) - 9e7e10a2-763a-4a15-b149-6c921096d1eb: start 9e7e10a2-763a-4a15-b149-6c921096d1eb@group-A314E49CC730-LeaderStateImpl
2022-10-19 08:45:21,435 [9e7e10a2-763a-4a15-b149-6c921096d1eb@group-A314E49CC730-LeaderElection6] INFO  segmented.SegmentedRaftLogWorker (SegmentedRaftLogWorker.java:startLogSegment(452)) - 9e7e10a2-763a-4a15-b149-6c921096d1eb@group-A314E49CC730-SegmentedRaftLogWorker: Starting segment from index:0
2022-10-19 08:45:21,438 [9e7e10a2-763a-4a15-b149-6c921096d1eb@group-F4CAB9577C1E-LeaderElection5] INFO  impl.LeaderElection (LeaderElection.java:logAndReturn(90)) - 9e7e10a2-763a-4a15-b149-6c921096d1eb@group-F4CAB9577C1E-LeaderElection5: ELECTION PASSED received 1 response(s) and 0 exception(s):
2022-10-19 08:45:21,438 [9e7e10a2-763a-4a15-b149-6c921096d1eb@group-F4CAB9577C1E-LeaderElection5] INFO  impl.LeaderElection (LeaderElection.java:logAndReturn(94)) -   Response 0: 9e7e10a2-763a-4a15-b149-6c921096d1eb<-91dae643-bef5-471c-869f-4daa43ea47b3#0:OK-t1
2022-10-19 08:45:21,438 [9e7e10a2-763a-4a15-b149-6c921096d1eb@group-F4CAB9577C1E-LeaderElection5] INFO  impl.LeaderElection (LeaderElection.java:askForVotes(314)) - 9e7e10a2-763a-4a15-b149-6c921096d1eb@group-F4CAB9577C1E-LeaderElection5 ELECTION round 0: result PASSED
2022-10-19 08:45:21,438 [9e7e10a2-763a-4a15-b149-6c921096d1eb@group-F4CAB9577C1E-LeaderElection5] INFO  impl.RoleInfo (RoleInfo.java:shutdownLeaderElection(130)) - 9e7e10a2-763a-4a15-b149-6c921096d1eb: shutdown 9e7e10a2-763a-4a15-b149-6c921096d1eb@group-F4CAB9577C1E-LeaderElection5
2022-10-19 08:45:21,438 [9e7e10a2-763a-4a15-b149-6c921096d1eb@group-F4CAB9577C1E-LeaderElection5] INFO  server.RaftServer$Division (RaftServerImpl.java:setRole(321)) - 9e7e10a2-763a-4a15-b149-6c921096d1eb@group-F4CAB9577C1E: changes role from CANDIDATE to LEADER at term 1 for changeToLeader
2022-10-19 08:45:21,438 [9e7e10a2-763a-4a15-b149-6c921096d1eb@group-F4CAB9577C1E-LeaderElection5] INFO  ratis.XceiverServerRatis (XceiverServerRatis.java:handleLeaderChangedNotification(863)) - Leader change notification received for group: group-F4CAB9577C1E with new leaderId: 9e7e10a2-763a-4a15-b149-6c921096d1eb
2022-10-19 08:45:21,439 [9e7e10a2-763a-4a15-b149-6c921096d1eb@group-F4CAB9577C1E-LeaderElection5] INFO  server.RaftServer$Division (ServerState.java:setLeader(313)) - 9e7e10a2-763a-4a15-b149-6c921096d1eb@group-F4CAB9577C1E: change Leader from null to 9e7e10a2-763a-4a15-b149-6c921096d1eb at term 1 for becomeLeader, leader elected after 5112ms
2022-10-19 08:45:21,439 [9e7e10a2-763a-4a15-b149-6c921096d1eb@group-F4CAB9577C1E-LeaderElection5] INFO  server.RaftServerConfigKeys (ConfUtils.java:logGet(46)) - raft.server.staging.catchup.gap = 1000 (default)
2022-10-19 08:45:21,439 [9e7e10a2-763a-4a15-b149-6c921096d1eb@group-F4CAB9577C1E-LeaderElection5] INFO  server.RaftServerConfigKeys (ConfUtils.java:logGet(46)) - raft.server.write.element-limit = 1024 (custom)
2022-10-19 08:45:21,439 [9e7e10a2-763a-4a15-b149-6c921096d1eb@group-F4CAB9577C1E-LeaderElection5] INFO  server.RaftServerConfigKeys (ConfUtils.java:logGet(46)) - raft.server.write.byte-limit = 1024 M (=1073741824) (custom)
2022-10-19 08:45:21,439 [9e7e10a2-763a-4a15-b149-6c921096d1eb@group-F4CAB9577C1E-LeaderElection5] INFO  server.RaftServerConfigKeys (ConfUtils.java:logGet(46)) - raft.server.watch.timeout = 180s (custom)
2022-10-19 08:45:21,439 [9e7e10a2-763a-4a15-b149-6c921096d1eb@group-F4CAB9577C1E-LeaderElection5] INFO  server.RaftServerConfigKeys (ConfUtils.java:logGet(46)) - raft.server.watch.timeout.denomination = 1s (default)
2022-10-19 08:45:21,439 [9e7e10a2-763a-4a15-b149-6c921096d1eb@group-F4CAB9577C1E-LeaderElection5] INFO  server.RaftServerConfigKeys (ConfUtils.java:logGet(46)) - raft.server.watch.element-limit = 65536 (default)
2022-10-19 08:45:21,439 [9e7e10a2-763a-4a15-b149-6c921096d1eb@group-F4CAB9577C1E-LeaderElection5] INFO  server.RaftServerConfigKeys (ConfUtils.java:logGet(46)) - raft.server.write.element-limit = 1024 (custom)
2022-10-19 08:45:21,448 [9e7e10a2-763a-4a15-b149-6c921096d1eb@group-F4CAB9577C1E-LeaderElection5] INFO  server.RaftServerConfigKeys (ConfUtils.java:logGet(46)) - raft.server.write.follower.gap.ratio.max = -1.0 (default)
2022-10-19 08:45:21,448 [grpc-default-executor-2] INFO  server.RaftServer$Division (RaftServerImpl.java:requestVote(1218)) - 96fa30cc-cc01-4af1-a161-c10c2afc2f22@group-F4CAB9577C1E: receive requestVote(ELECTION, 9e7e10a2-763a-4a15-b149-6c921096d1eb, group-F4CAB9577C1E, 1, (t:0, i:0))
2022-10-19 08:45:21,448 [grpc-default-executor-2] INFO  impl.VoteContext (VoteContext.java:log(48)) - 96fa30cc-cc01-4af1-a161-c10c2afc2f22@group-F4CAB9577C1E-FOLLOWER: accept ELECTION from 9e7e10a2-763a-4a15-b149-6c921096d1eb: our priority 0 <= candidate's priority 1
2022-10-19 08:45:21,448 [grpc-default-executor-2] INFO  server.RaftServer$Division (RaftServerImpl.java:setRole(321)) - 96fa30cc-cc01-4af1-a161-c10c2afc2f22@group-F4CAB9577C1E: changes role from  FOLLOWER to FOLLOWER at term 1 for candidate:9e7e10a2-763a-4a15-b149-6c921096d1eb
2022-10-19 08:45:21,448 [grpc-default-executor-2] INFO  impl.RoleInfo (RoleInfo.java:shutdownFollowerState(110)) - 96fa30cc-cc01-4af1-a161-c10c2afc2f22: shutdown 96fa30cc-cc01-4af1-a161-c10c2afc2f22@group-F4CAB9577C1E-FollowerState
2022-10-19 08:45:21,449 [grpc-default-executor-2] INFO  impl.RoleInfo (RoleInfo.java:updateAndGet(139)) - 96fa30cc-cc01-4af1-a161-c10c2afc2f22: start 96fa30cc-cc01-4af1-a161-c10c2afc2f22@group-F4CAB9577C1E-FollowerState
2022-10-19 08:45:21,449 [9e7e10a2-763a-4a15-b149-6c921096d1eb@group-F4CAB9577C1E-LeaderElection5] INFO  server.RaftServerConfigKeys (ConfUtils.java:logGet(46)) - raft.server.log.appender.snapshot.chunk.size.max = 16MB (=16777216) (default)
2022-10-19 08:45:21,449 [9e7e10a2-763a-4a15-b149-6c921096d1eb@group-F4CAB9577C1E-LeaderElection5] INFO  server.RaftServerConfigKeys (ConfUtils.java:logGet(46)) - raft.server.log.appender.buffer.byte-limit = 33554432 (custom)
2022-10-19 08:45:21,449 [9e7e10a2-763a-4a15-b149-6c921096d1eb@group-F4CAB9577C1E-LeaderElection5] INFO  server.RaftServerConfigKeys (ConfUtils.java:logGet(46)) - raft.server.log.appender.buffer.element-limit = 1 (custom)
2022-10-19 08:45:21,451 [EventQueue-PipelineReportForPipelineReportHandler] INFO  pipeline.PipelineManagerImpl (PipelineManagerImpl.java:openPipeline(367)) - Pipeline Pipeline[ Id: fd292d6e-355d-4ed3-a3ba-f4cab9577c1e, Nodes: 91dae643-bef5-471c-869f-4daa43ea47b3{ip: 10.1.1.188, host: fv-az447-90.tnmeiuxxsqeu3byeydcnbj0j5d.dx.internal.cloudapp.net, ports: [REPLICATION=46757, RATIS=34857, RATIS_ADMIN=34857, RATIS_SERVER=34857, STANDALONE=41469], networkLocation: /default-rack, certSerialId: null, persistedOpState: IN_SERVICE, persistedOpStateExpiryEpochSec: 0}96fa30cc-cc01-4af1-a161-c10c2afc2f22{ip: 10.1.1.188, host: fv-az447-90.tnmeiuxxsqeu3byeydcnbj0j5d.dx.internal.cloudapp.net, ports: [REPLICATION=35959, RATIS=43419, RATIS_ADMIN=43419, RATIS_SERVER=43419, STANDALONE=33857], networkLocation: /default-rack, certSerialId: null, persistedOpState: IN_SERVICE, persistedOpStateExpiryEpochSec: 0}9e7e10a2-763a-4a15-b149-6c921096d1eb{ip: 10.1.1.188, host: fv-az447-90.tnmeiuxxsqeu3byeydcnbj0j5d.dx.internal.cloudapp.net, ports: [REPLICATION=43445, RATIS=43001, RATIS_ADMIN=43001, RATIS_SERVER=43001, STANDALONE=33113], networkLocation: /default-rack, certSerialId: null, persistedOpState: IN_SERVICE, persistedOpStateExpiryEpochSec: 0}, ReplicationConfig: RATIS/THREE, State:ALLOCATED, leaderId:9e7e10a2-763a-4a15-b149-6c921096d1eb, CreationTimestamp2022-10-19T08:45:13.189Z[Etc/UTC]] moved to OPEN state
2022-10-19 08:45:21,450 [9e7e10a2-763a-4a15-b149-6c921096d1eb@group-A314E49CC730-SegmentedRaftLogWorker] INFO  segmented.SegmentedRaftLogWorker (SegmentedRaftLogWorker.java:execute(656)) - 9e7e10a2-763a-4a15-b149-6c921096d1eb@group-A314E49CC730-SegmentedRaftLogWorker: created new log segment /home/runner/work/ozone/ozone/hadoop-ozone/integration-test/target/test-dir/MiniOzoneClusterImpl-43a13940-e4af-4545-ab6e-e590eff1efbb/datanode-2/data/ratis/013d9e7d-d3b0-4d1b-bae5-a314e49cc730/current/log_inprogress_0
2022-10-19 08:45:21,449 [96fa30cc-cc01-4af1-a161-c10c2afc2f22@group-F4CAB9577C1E-FollowerState] INFO  impl.FollowerState (FollowerState.java:run(152)) - 96fa30cc-cc01-4af1-a161-c10c2afc2f22@group-F4CAB9577C1E-FollowerState was interrupted
2022-10-19 08:45:21,462 [9e7e10a2-763a-4a15-b149-6c921096d1eb@group-F4CAB9577C1E-LeaderElection5] INFO  grpc.GrpcConfigKeys (ConfUtils.java:logGet(46)) - raft.grpc.server.leader.outstanding.appends.max = 128 (default)
2022-10-19 08:45:21,472 [9e7e10a2-763a-4a15-b149-6c921096d1eb@group-F4CAB9577C1E-LeaderElection5] INFO  server.RaftServerConfigKeys (ConfUtils.java:logGet(46)) - raft.server.rpc.request.timeout = 60s (custom)
2022-10-19 08:45:21,472 [grpc-default-executor-2] INFO  server.RaftServer$Division (RaftServerImpl.java:requestVote(1251)) - 96fa30cc-cc01-4af1-a161-c10c2afc2f22@group-F4CAB9577C1E replies to ELECTION vote request: 9e7e10a2-763a-4a15-b149-6c921096d1eb<-96fa30cc-cc01-4af1-a161-c10c2afc2f22#0:OK-t1. Peer's state: 96fa30cc-cc01-4af1-a161-c10c2afc2f22@group-F4CAB9577C1E:t1, leader=null, voted=9e7e10a2-763a-4a15-b149-6c921096d1eb, raftlog=Memoized:96fa30cc-cc01-4af1-a161-c10c2afc2f22@group-F4CAB9577C1E-SegmentedRaftLog:OPENED:c-1, conf=-1: peers:[91dae643-bef5-471c-869f-4daa43ea47b3|rpc:10.1.1.188:34857|priority:0|startupRole:FOLLOWER, 9e7e10a2-763a-4a15-b149-6c921096d1eb|rpc:10.1.1.188:43001|priority:1|startupRole:FOLLOWER, 96fa30cc-cc01-4af1-a161-c10c2afc2f22|rpc:10.1.1.188:43419|priority:0|startupRole:FOLLOWER]|listeners:[], old=null
2022-10-19 08:45:21,472 [9e7e10a2-763a-4a15-b149-6c921096d1eb@group-A314E49CC730-LeaderElection6] INFO  server.RaftServer$Division (ServerState.java:setRaftConf(430)) - 9e7e10a2-763a-4a15-b149-6c921096d1eb@group-A314E49CC730: set configuration 0: peers:[9e7e10a2-763a-4a15-b149-6c921096d1eb|rpc:10.1.1.188:43001|dataStream:|priority:1|startupRole:FOLLOWER]|listeners:[], old=null
2022-10-19 08:45:21,472 [96fa30cc-cc01-4af1-a161-c10c2afc2f22@group-F4CAB9577C1E-FollowerState] INFO  server.RaftServerConfigKeys (ConfUtils.java:logFallback(53)) - raft.server.rpc.first-election.timeout.min = 5s (fallback to raft.server.rpc.timeout.min)
2022-10-19 08:45:21,472 [96fa30cc-cc01-4af1-a161-c10c2afc2f22@group-F4CAB9577C1E-FollowerState] INFO  server.RaftServerConfigKeys (ConfUtils.java:logFallback(53)) - raft.server.rpc.first-election.timeout.max = 5200ms (fallback to raft.server.rpc.timeout.max)
2022-10-19 08:45:21,472 [9e7e10a2-763a-4a15-b149-6c921096d1eb@group-F4CAB9577C1E-LeaderElection5] INFO  server.RaftServerConfigKeys (ConfUtils.java:logGet(46)) - raft.server.log.appender.install.snapshot.enabled = false (custom)
2022-10-19 08:45:21,475 [9e7e10a2-763a-4a15-b149-6c921096d1eb@group-F4CAB9577C1E-LeaderElection5] INFO  grpc.GrpcConfigKeys (ConfUtils.java:logGet(46)) - raft.grpc.server.heartbeat.channel = true (default)
2022-10-19 08:45:21,475 [9e7e10a2-763a-4a15-b149-6c921096d1eb@group-F4CAB9577C1E-LeaderElection5] INFO  server.RaftServerConfigKeys (ConfUtils.java:logGet(46)) - raft.server.log.appender.wait-time.min = 10ms (default)
2022-10-19 08:45:21,476 [9e7e10a2-763a-4a15-b149-6c921096d1eb@group-F4CAB9577C1E-LeaderElection5] INFO  server.RaftServerConfigKeys (ConfUtils.java:logGet(46)) - raft.server.log.appender.snapshot.chunk.size.max = 16MB (=16777216) (default)
2022-10-19 08:45:21,476 [9e7e10a2-763a-4a15-b149-6c921096d1eb@group-F4CAB9577C1E-LeaderElection5] INFO  server.RaftServerConfigKeys (ConfUtils.java:logGet(46)) - raft.server.log.appender.buffer.byte-limit = 33554432 (custom)
2022-10-19 08:45:21,476 [9e7e10a2-763a-4a15-b149-6c921096d1eb@group-F4CAB9577C1E-LeaderElection5] INFO  server.RaftServerConfigKeys (ConfUtils.java:logGet(46)) - raft.server.log.appender.buffer.element-limit = 1 (custom)
2022-10-19 08:45:21,476 [9e7e10a2-763a-4a15-b149-6c921096d1eb@group-F4CAB9577C1E-LeaderElection5] INFO  grpc.GrpcConfigKeys (ConfUtils.java:logGet(46)) - raft.grpc.server.leader.outstanding.appends.max = 128 (default)
2022-10-19 08:45:21,476 [9e7e10a2-763a-4a15-b149-6c921096d1eb@group-F4CAB9577C1E-LeaderElection5] INFO  server.RaftServerConfigKeys (ConfUtils.java:logGet(46)) - raft.server.rpc.request.timeout = 60s (custom)
2022-10-19 08:45:21,476 [9e7e10a2-763a-4a15-b149-6c921096d1eb@group-F4CAB9577C1E-LeaderElection5] INFO  server.RaftServerConfigKeys (ConfUtils.java:logGet(46)) - raft.server.log.appender.install.snapshot.enabled = false (custom)
2022-10-19 08:45:21,476 [9e7e10a2-763a-4a15-b149-6c921096d1eb@group-F4CAB9577C1E-LeaderElection5] INFO  grpc.GrpcConfigKeys (ConfUtils.java:logGet(46)) - raft.grpc.server.heartbeat.channel = true (default)
2022-10-19 08:45:21,476 [9e7e10a2-763a-4a15-b149-6c921096d1eb@group-F4CAB9577C1E-LeaderElection5] INFO  server.RaftServerConfigKeys (ConfUtils.java:logGet(46)) - raft.server.log.appender.wait-time.min = 10ms (default)
2022-10-19 08:45:21,477 [9e7e10a2-763a-4a15-b149-6c921096d1eb@group-F4CAB9577C1E-LeaderElection5] INFO  impl.RoleInfo (RoleInfo.java:updateAndGet(139)) - 9e7e10a2-763a-4a15-b149-6c921096d1eb: start 9e7e10a2-763a-4a15-b149-6c921096d1eb@group-F4CAB9577C1E-LeaderStateImpl
2022-10-19 08:45:21,477 [9e7e10a2-763a-4a15-b149-6c921096d1eb@group-F4CAB9577C1E-LeaderElection5] INFO  segmented.SegmentedRaftLogWorker (SegmentedRaftLogWorker.java:startLogSegment(452)) - 9e7e10a2-763a-4a15-b149-6c921096d1eb@group-F4CAB9577C1E-SegmentedRaftLogWorker: Starting segment from index:0
2022-10-19 08:45:21,479 [9e7e10a2-763a-4a15-b149-6c921096d1eb@group-F4CAB9577C1E-SegmentedRaftLogWorker] INFO  segmented.SegmentedRaftLogWorker (SegmentedRaftLogWorker.java:execute(656)) - 9e7e10a2-763a-4a15-b149-6c921096d1eb@group-F4CAB9577C1E-SegmentedRaftLogWorker: created new log segment /home/runner/work/ozone/ozone/hadoop-ozone/integration-test/target/test-dir/MiniOzoneClusterImpl-43a13940-e4af-4545-ab6e-e590eff1efbb/datanode-2/data/ratis/fd292d6e-355d-4ed3-a3ba-f4cab9577c1e/current/log_inprogress_0
2022-10-19 08:45:21,491 [9e7e10a2-763a-4a15-b149-6c921096d1eb@group-F4CAB9577C1E-LeaderElection5] INFO  server.RaftServer$Division (ServerState.java:setRaftConf(430)) - 9e7e10a2-763a-4a15-b149-6c921096d1eb@group-F4CAB9577C1E: set configuration 0: peers:[91dae643-bef5-471c-869f-4daa43ea47b3|rpc:10.1.1.188:34857|dataStream:|priority:0|startupRole:FOLLOWER, 9e7e10a2-763a-4a15-b149-6c921096d1eb|rpc:10.1.1.188:43001|dataStream:|priority:1|startupRole:FOLLOWER, 96fa30cc-cc01-4af1-a161-c10c2afc2f22|rpc:10.1.1.188:43419|dataStream:|priority:0|startupRole:FOLLOWER]|listeners:[], old=null
2022-10-19 08:45:21,509 [Listener at 127.0.0.1/40043] INFO  rpc.RpcClient (RpcClient.java:createVolume(471)) - Creating Volume: b883fc8a-65ca-49a2-b5df-c240f1a9591a, with runner as owner and space quota set to -1 bytes, counts quota set to -1
2022-10-19 08:45:21,529 [91dae643-bef5-471c-869f-4daa43ea47b3-server-thread1] INFO  ratis.XceiverServerRatis (XceiverServerRatis.java:handleLeaderChangedNotification(863)) - Leader change notification received for group: group-F4CAB9577C1E with new leaderId: 9e7e10a2-763a-4a15-b149-6c921096d1eb
2022-10-19 08:45:21,529 [91dae643-bef5-471c-869f-4daa43ea47b3-server-thread1] INFO  server.RaftServer$Division (ServerState.java:setLeader(313)) - 91dae643-bef5-471c-869f-4daa43ea47b3@group-F4CAB9577C1E: change Leader from null to 9e7e10a2-763a-4a15-b149-6c921096d1eb at term 1 for appendEntries, leader elected after 5109ms
2022-10-19 08:45:21,529 [96fa30cc-cc01-4af1-a161-c10c2afc2f22-server-thread2] INFO  ratis.XceiverServerRatis (XceiverServerRatis.java:handleLeaderChangedNotification(863)) - Leader change notification received for group: group-F4CAB9577C1E with new leaderId: 9e7e10a2-763a-4a15-b149-6c921096d1eb
2022-10-19 08:45:21,529 [96fa30cc-cc01-4af1-a161-c10c2afc2f22-server-thread2] INFO  server.RaftServer$Division (ServerState.java:setLeader(313)) - 96fa30cc-cc01-4af1-a161-c10c2afc2f22@group-F4CAB9577C1E: change Leader from null to 9e7e10a2-763a-4a15-b149-6c921096d1eb at term 1 for appendEntries, leader elected after 4997ms
2022-10-19 08:45:21,538 [91dae643-bef5-471c-869f-4daa43ea47b3-server-thread2] INFO  server.RaftServer$Division (ServerState.java:setRaftConf(430)) - 91dae643-bef5-471c-869f-4daa43ea47b3@group-F4CAB9577C1E: set configuration 0: peers:[91dae643-bef5-471c-869f-4daa43ea47b3|rpc:10.1.1.188:34857|dataStream:|priority:0|startupRole:FOLLOWER, 9e7e10a2-763a-4a15-b149-6c921096d1eb|rpc:10.1.1.188:43001|dataStream:|priority:1|startupRole:FOLLOWER, 96fa30cc-cc01-4af1-a161-c10c2afc2f22|rpc:10.1.1.188:43419|dataStream:|priority:0|startupRole:FOLLOWER]|listeners:[], old=null
2022-10-19 08:45:21,538 [91dae643-bef5-471c-869f-4daa43ea47b3-server-thread2] INFO  segmented.SegmentedRaftLogWorker (SegmentedRaftLogWorker.java:startLogSegment(452)) - 91dae643-bef5-471c-869f-4daa43ea47b3@group-F4CAB9577C1E-SegmentedRaftLogWorker: Starting segment from index:0
2022-10-19 08:45:21,539 [96fa30cc-cc01-4af1-a161-c10c2afc2f22-server-thread1] INFO  server.RaftServer$Division (ServerState.java:setRaftConf(430)) - 96fa30cc-cc01-4af1-a161-c10c2afc2f22@group-F4CAB9577C1E: set configuration 0: peers:[91dae643-bef5-471c-869f-4daa43ea47b3|rpc:10.1.1.188:34857|dataStream:|priority:0|startupRole:FOLLOWER, 9e7e10a2-763a-4a15-b149-6c921096d1eb|rpc:10.1.1.188:43001|dataStream:|priority:1|startupRole:FOLLOWER, 96fa30cc-cc01-4af1-a161-c10c2afc2f22|rpc:10.1.1.188:43419|dataStream:|priority:0|startupRole:FOLLOWER]|listeners:[], old=null
2022-10-19 08:45:21,539 [96fa30cc-cc01-4af1-a161-c10c2afc2f22-server-thread1] INFO  segmented.SegmentedRaftLogWorker (SegmentedRaftLogWorker.java:startLogSegment(452)) - 96fa30cc-cc01-4af1-a161-c10c2afc2f22@group-F4CAB9577C1E-SegmentedRaftLogWorker: Starting segment from index:0
2022-10-19 08:45:21,551 [96fa30cc-cc01-4af1-a161-c10c2afc2f22@group-F4CAB9577C1E-SegmentedRaftLogWorker] INFO  segmented.SegmentedRaftLogWorker (SegmentedRaftLogWorker.java:execute(656)) - 96fa30cc-cc01-4af1-a161-c10c2afc2f22@group-F4CAB9577C1E-SegmentedRaftLogWorker: created new log segment /home/runner/work/ozone/ozone/hadoop-ozone/integration-test/target/test-dir/MiniOzoneClusterImpl-43a13940-e4af-4545-ab6e-e590eff1efbb/datanode-0/data/ratis/fd292d6e-355d-4ed3-a3ba-f4cab9577c1e/current/log_inprogress_0
2022-10-19 08:45:21,556 [91dae643-bef5-471c-869f-4daa43ea47b3@group-F4CAB9577C1E-SegmentedRaftLogWorker] INFO  segmented.SegmentedRaftLogWorker (SegmentedRaftLogWorker.java:execute(656)) - 91dae643-bef5-471c-869f-4daa43ea47b3@group-F4CAB9577C1E-SegmentedRaftLogWorker: created new log segment /home/runner/work/ozone/ozone/hadoop-ozone/integration-test/target/test-dir/MiniOzoneClusterImpl-43a13940-e4af-4545-ab6e-e590eff1efbb/datanode-1/data/ratis/fd292d6e-355d-4ed3-a3ba-f4cab9577c1e/current/log_inprogress_0
2022-10-19 08:45:21,602 [OM StateMachine ApplyTransaction Thread - 0] INFO  volume.OMVolumeCreateRequest (OMVolumeCreateRequest.java:validateAndUpdateCache(195)) - created volume:b883fc8a-65ca-49a2-b5df-c240f1a9591a for user:runner
2022-10-19 08:45:21,634 [Listener at 127.0.0.1/40043] INFO  rpc.RpcClient (RpcClient.java:createBucket(674)) - Creating Bucket: b883fc8a-65ca-49a2-b5df-c240f1a9591a/b883fc8a-65ca-49a2-b5df-c240f1a9591a, with server-side default bucket layout, runner as owner, Versioning false, Storage Type set to DISK and Encryption set to false 
2022-10-19 08:45:21,650 [OM StateMachine ApplyTransaction Thread - 0] INFO  bucket.OMBucketCreateRequest (OMBucketCreateRequest.java:validateAndUpdateCache(260)) - created bucket: b883fc8a-65ca-49a2-b5df-c240f1a9591a of layout LEGACY in volume: b883fc8a-65ca-49a2-b5df-c240f1a9591a
2022-10-19 08:45:21,671 [Listener at 127.0.0.1/40043] INFO  rpc.RpcClient (RpcClient.java:createBucket(674)) - Creating Bucket: b883fc8a-65ca-49a2-b5df-c240f1a9591a/4af560f8-d4a1-4ee2-a67f-caf6cef3f3c7, with server-side default bucket layout, runner as owner, Versioning false, Storage Type set to DISK and Encryption set to false 
2022-10-19 08:45:21,681 [OM StateMachine ApplyTransaction Thread - 0] INFO  bucket.OMBucketCreateRequest (OMBucketCreateRequest.java:validateAndUpdateCache(260)) - created bucket: 4af560f8-d4a1-4ee2-a67f-caf6cef3f3c7 of layout LEGACY in volume: b883fc8a-65ca-49a2-b5df-c240f1a9591a
2022-10-19 08:45:21,722 [f675d99d-517f-4d8a-bd29-886eede0250d@group-10C9AF99BEBA-FollowerState] INFO  impl.FollowerState (FollowerState.java:run(143)) - f675d99d-517f-4d8a-bd29-886eede0250d@group-10C9AF99BEBA-FollowerState: change to CANDIDATE, lastRpcElapsedTime:5121933665ns, electionTimeout:5120ms
2022-10-19 08:45:21,722 [f675d99d-517f-4d8a-bd29-886eede0250d@group-10C9AF99BEBA-FollowerState] INFO  impl.RoleInfo (RoleInfo.java:shutdownFollowerState(110)) - f675d99d-517f-4d8a-bd29-886eede0250d: shutdown f675d99d-517f-4d8a-bd29-886eede0250d@group-10C9AF99BEBA-FollowerState
2022-10-19 08:45:21,722 [f675d99d-517f-4d8a-bd29-886eede0250d@group-10C9AF99BEBA-FollowerState] INFO  server.RaftServer$Division (RaftServerImpl.java:setRole(321)) - f675d99d-517f-4d8a-bd29-886eede0250d@group-10C9AF99BEBA: changes role from  FOLLOWER to CANDIDATE at term 0 for changeToCandidate
2022-10-19 08:45:21,722 [f675d99d-517f-4d8a-bd29-886eede0250d@group-10C9AF99BEBA-FollowerState] INFO  server.RaftServerConfigKeys (ConfUtils.java:logGet(46)) - raft.server.leaderelection.pre-vote = false (custom)
2022-10-19 08:45:21,722 [f675d99d-517f-4d8a-bd29-886eede0250d@group-10C9AF99BEBA-FollowerState] INFO  impl.RoleInfo (RoleInfo.java:updateAndGet(139)) - f675d99d-517f-4d8a-bd29-886eede0250d: start f675d99d-517f-4d8a-bd29-886eede0250d@group-10C9AF99BEBA-LeaderElection7
2022-10-19 08:45:21,726 [f675d99d-517f-4d8a-bd29-886eede0250d@group-10C9AF99BEBA-LeaderElection7] INFO  impl.LeaderElection (LeaderElection.java:askForVotes(312)) - f675d99d-517f-4d8a-bd29-886eede0250d@group-10C9AF99BEBA-LeaderElection7 ELECTION round 0: submit vote requests at term 1 for -1: peers:[f675d99d-517f-4d8a-bd29-886eede0250d|rpc:10.1.1.188:37697|priority:1|startupRole:FOLLOWER]|listeners:[], old=null
2022-10-19 08:45:21,726 [f675d99d-517f-4d8a-bd29-886eede0250d@group-10C9AF99BEBA-LeaderElection7] INFO  impl.LeaderElection (LeaderElection.java:askForVotes(314)) - f675d99d-517f-4d8a-bd29-886eede0250d@group-10C9AF99BEBA-LeaderElection7 ELECTION round 0: result PASSED (term=1)
2022-10-19 08:45:21,726 [f675d99d-517f-4d8a-bd29-886eede0250d@group-10C9AF99BEBA-LeaderElection7] INFO  impl.RoleInfo (RoleInfo.java:shutdownLeaderElection(130)) - f675d99d-517f-4d8a-bd29-886eede0250d: shutdown f675d99d-517f-4d8a-bd29-886eede0250d@group-10C9AF99BEBA-LeaderElection7
2022-10-19 08:45:21,727 [f675d99d-517f-4d8a-bd29-886eede0250d@group-10C9AF99BEBA-LeaderElection7] INFO  server.RaftServer$Division (RaftServerImpl.java:setRole(321)) - f675d99d-517f-4d8a-bd29-886eede0250d@group-10C9AF99BEBA: changes role from CANDIDATE to LEADER at term 1 for changeToLeader
2022-10-19 08:45:21,727 [f675d99d-517f-4d8a-bd29-886eede0250d@group-10C9AF99BEBA-LeaderElection7] INFO  ratis.XceiverServerRatis (XceiverServerRatis.java:handleLeaderChangedNotification(863)) - Leader change notification received for group: group-10C9AF99BEBA with new leaderId: f675d99d-517f-4d8a-bd29-886eede0250d
2022-10-19 08:45:21,727 [f675d99d-517f-4d8a-bd29-886eede0250d@group-10C9AF99BEBA-LeaderElection7] INFO  server.RaftServer$Division (ServerState.java:setLeader(313)) - f675d99d-517f-4d8a-bd29-886eede0250d@group-10C9AF99BEBA: change Leader from null to f675d99d-517f-4d8a-bd29-886eede0250d at term 1 for becomeLeader, leader elected after 5161ms
2022-10-19 08:45:21,727 [f675d99d-517f-4d8a-bd29-886eede0250d@group-10C9AF99BEBA-LeaderElection7] INFO  server.RaftServerConfigKeys (ConfUtils.java:logGet(46)) - raft.server.staging.catchup.gap = 1000 (default)
2022-10-19 08:45:21,728 [f675d99d-517f-4d8a-bd29-886eede0250d@group-10C9AF99BEBA-LeaderElection7] INFO  server.RaftServerConfigKeys (ConfUtils.java:logGet(46)) - raft.server.write.element-limit = 1024 (custom)
2022-10-19 08:45:21,729 [f675d99d-517f-4d8a-bd29-886eede0250d@group-10C9AF99BEBA-LeaderElection7] INFO  server.RaftServerConfigKeys (ConfUtils.java:logGet(46)) - raft.server.write.byte-limit = 1024 M (=1073741824) (custom)
2022-10-19 08:45:21,732 [f675d99d-517f-4d8a-bd29-886eede0250d@group-10C9AF99BEBA-LeaderElection7] INFO  server.RaftServerConfigKeys (ConfUtils.java:logGet(46)) - raft.server.watch.timeout = 180s (custom)
2022-10-19 08:45:21,732 [f675d99d-517f-4d8a-bd29-886eede0250d@group-10C9AF99BEBA-LeaderElection7] INFO  server.RaftServerConfigKeys (ConfUtils.java:logGet(46)) - raft.server.watch.timeout.denomination = 1s (default)
2022-10-19 08:45:21,732 [f675d99d-517f-4d8a-bd29-886eede0250d@group-10C9AF99BEBA-LeaderElection7] INFO  server.RaftServerConfigKeys (ConfUtils.java:logGet(46)) - raft.server.watch.element-limit = 65536 (default)
2022-10-19 08:45:21,732 [f675d99d-517f-4d8a-bd29-886eede0250d@group-10C9AF99BEBA-LeaderElection7] INFO  server.RaftServerConfigKeys (ConfUtils.java:logGet(46)) - raft.server.write.element-limit = 1024 (custom)
2022-10-19 08:45:21,732 [f675d99d-517f-4d8a-bd29-886eede0250d@group-10C9AF99BEBA-LeaderElection7] INFO  server.RaftServerConfigKeys (ConfUtils.java:logGet(46)) - raft.server.write.follower.gap.ratio.max = -1.0 (default)
2022-10-19 08:45:21,732 [f675d99d-517f-4d8a-bd29-886eede0250d@group-10C9AF99BEBA-LeaderElection7] INFO  impl.RoleInfo (RoleInfo.java:updateAndGet(139)) - f675d99d-517f-4d8a-bd29-886eede0250d: start f675d99d-517f-4d8a-bd29-886eede0250d@group-10C9AF99BEBA-LeaderStateImpl
2022-10-19 08:45:21,732 [f675d99d-517f-4d8a-bd29-886eede0250d@group-10C9AF99BEBA-LeaderElection7] INFO  segmented.SegmentedRaftLogWorker (SegmentedRaftLogWorker.java:startLogSegment(452)) - f675d99d-517f-4d8a-bd29-886eede0250d@group-10C9AF99BEBA-SegmentedRaftLogWorker: Starting segment from index:0
2022-10-19 08:45:21,742 [2de491c0-1905-4845-ada7-2a3c171f2066@group-4054D80A22FC-FollowerState] INFO  impl.FollowerState (FollowerState.java:run(143)) - 2de491c0-1905-4845-ada7-2a3c171f2066@group-4054D80A22FC-FollowerState: change to CANDIDATE, lastRpcElapsedTime:5052365267ns, electionTimeout:5037ms
2022-10-19 08:45:21,742 [2de491c0-1905-4845-ada7-2a3c171f2066@group-4054D80A22FC-FollowerState] INFO  impl.RoleInfo (RoleInfo.java:shutdownFollowerState(110)) - 2de491c0-1905-4845-ada7-2a3c171f2066: shutdown 2de491c0-1905-4845-ada7-2a3c171f2066@group-4054D80A22FC-FollowerState
2022-10-19 08:45:21,742 [2de491c0-1905-4845-ada7-2a3c171f2066@group-4054D80A22FC-FollowerState] INFO  server.RaftServer$Division (RaftServerImpl.java:setRole(321)) - 2de491c0-1905-4845-ada7-2a3c171f2066@group-4054D80A22FC: changes role from  FOLLOWER to CANDIDATE at term 0 for changeToCandidate
2022-10-19 08:45:21,742 [2de491c0-1905-4845-ada7-2a3c171f2066@group-4054D80A22FC-FollowerState] INFO  server.RaftServerConfigKeys (ConfUtils.java:logGet(46)) - raft.server.leaderelection.pre-vote = false (custom)
2022-10-19 08:45:21,742 [2de491c0-1905-4845-ada7-2a3c171f2066@group-4054D80A22FC-FollowerState] INFO  impl.RoleInfo (RoleInfo.java:updateAndGet(139)) - 2de491c0-1905-4845-ada7-2a3c171f2066: start 2de491c0-1905-4845-ada7-2a3c171f2066@group-4054D80A22FC-LeaderElection8
2022-10-19 08:45:21,747 [f675d99d-517f-4d8a-bd29-886eede0250d@group-10C9AF99BEBA-LeaderElection7] INFO  server.RaftServer$Division (ServerState.java:setRaftConf(430)) - f675d99d-517f-4d8a-bd29-886eede0250d@group-10C9AF99BEBA: set configuration 0: peers:[f675d99d-517f-4d8a-bd29-886eede0250d|rpc:10.1.1.188:37697|dataStream:|priority:1|startupRole:FOLLOWER]|listeners:[], old=null
2022-10-19 08:45:21,749 [f675d99d-517f-4d8a-bd29-886eede0250d@group-10C9AF99BEBA-SegmentedRaftLogWorker] INFO  segmented.SegmentedRaftLogWorker (SegmentedRaftLogWorker.java:execute(656)) - f675d99d-517f-4d8a-bd29-886eede0250d@group-10C9AF99BEBA-SegmentedRaftLogWorker: created new log segment /home/runner/work/ozone/ozone/hadoop-ozone/integration-test/target/test-dir/MiniOzoneClusterImpl-43a13940-e4af-4545-ab6e-e590eff1efbb/datanode-3/data/ratis/e6d98006-d2fa-4e72-8ef8-10c9af99beba/current/log_inprogress_0
2022-10-19 08:45:21,755 [IPC Server handler 1 on default port 39185] INFO  pipeline.PipelineStateManagerImpl (PipelineStateManagerImpl.java:addPipeline(103)) - Created pipeline Pipeline[ Id: 54c1d654-b5c8-41d9-b0c9-c7d0fc3350c6, Nodes: 88796760-9d6a-455a-8b63-676b32daf901{ip: 10.1.1.188, host: fv-az447-90.tnmeiuxxsqeu3byeydcnbj0j5d.dx.internal.cloudapp.net, ports: [REPLICATION=43325, RATIS=43773, RATIS_ADMIN=43773, RATIS_SERVER=43773, STANDALONE=44263], networkLocation: /default-rack, certSerialId: null, persistedOpState: null, persistedOpStateExpiryEpochSec: 0}91dae643-bef5-471c-869f-4daa43ea47b3{ip: 10.1.1.188, host: fv-az447-90.tnmeiuxxsqeu3byeydcnbj0j5d.dx.internal.cloudapp.net, ports: [REPLICATION=46757, RATIS=34857, RATIS_ADMIN=34857, RATIS_SERVER=34857, STANDALONE=41469], networkLocation: /default-rack, certSerialId: null, persistedOpState: null, persistedOpStateExpiryEpochSec: 0}96fa30cc-cc01-4af1-a161-c10c2afc2f22{ip: 10.1.1.188, host: fv-az447-90.tnmeiuxxsqeu3byeydcnbj0j5d.dx.internal.cloudapp.net, ports: [REPLICATION=35959, RATIS=43419, RATIS_ADMIN=43419, RATIS_SERVER=43419, STANDALONE=33857], networkLocation: /default-rack, certSerialId: null, persistedOpState: null, persistedOpStateExpiryEpochSec: 0}9e7e10a2-763a-4a15-b149-6c921096d1eb{ip: 10.1.1.188, host: fv-az447-90.tnmeiuxxsqeu3byeydcnbj0j5d.dx.internal.cloudapp.net, ports: [REPLICATION=43445, RATIS=43001, RATIS_ADMIN=43001, RATIS_SERVER=43001, STANDALONE=33113], networkLocation: /default-rack, certSerialId: null, persistedOpState: null, persistedOpStateExpiryEpochSec: 0}f675d99d-517f-4d8a-bd29-886eede0250d{ip: 10.1.1.188, host: fv-az447-90.tnmeiuxxsqeu3byeydcnbj0j5d.dx.internal.cloudapp.net, ports: [REPLICATION=34861, RATIS=37697, RATIS_ADMIN=37697, RATIS_SERVER=37697, STANDALONE=41787], networkLocation: /default-rack, certSerialId: null, persistedOpState: null, persistedOpStateExpiryEpochSec: 0}, ReplicationConfig: EC/ECReplicationConfig{data=3, parity=2, ecChunkSize=1024, codec=rs}, State:ALLOCATED, leaderId:, CreationTimestamp2022-10-19T08:45:21.754Z[Etc/UTC]].
2022-10-19 08:45:21,757 [2de491c0-1905-4845-ada7-2a3c171f2066@group-4054D80A22FC-LeaderElection8] INFO  impl.LeaderElection (LeaderElection.java:askForVotes(312)) - 2de491c0-1905-4845-ada7-2a3c171f2066@group-4054D80A22FC-LeaderElection8 ELECTION round 0: submit vote requests at term 1 for -1: peers:[c61245f4-0084-4810-95a5-490d20dc424d|rpc:10.1.1.188:40855|dataStream:|priority:0|startupRole:FOLLOWER, f675d99d-517f-4d8a-bd29-886eede0250d|rpc:10.1.1.188:37697|dataStream:|priority:0|startupRole:FOLLOWER, 2de491c0-1905-4845-ada7-2a3c171f2066|rpc:10.1.1.188:45745|dataStream:|priority:1|startupRole:FOLLOWER]|listeners:[], old=null
2022-10-19 08:45:21,758 [IPC Server handler 1 on default port 39185] INFO  ha.SequenceIdGenerator (SequenceIdGenerator.java:getNextId(128)) - Allocate a batch for containerId, change lastId from 0 to 1000.
2022-10-19 08:45:21,763 [2de491c0-1905-4845-ada7-2a3c171f2066@group-4054D80A22FC-LeaderElection8-1] INFO  server.GrpcServerProtocolClient (GrpcServerProtocolClient.java:<init>(63)) - Build channel for c61245f4-0084-4810-95a5-490d20dc424d
2022-10-19 08:45:21,767 [2de491c0-1905-4845-ada7-2a3c171f2066@group-4054D80A22FC-LeaderElection8] INFO  server.RaftServerConfigKeys (ConfUtils.java:logFallback(53)) - raft.server.rpc.first-election.timeout.min = 5s (fallback to raft.server.rpc.timeout.min)
2022-10-19 08:45:21,768 [2de491c0-1905-4845-ada7-2a3c171f2066@group-4054D80A22FC-LeaderElection8] INFO  server.RaftServerConfigKeys (ConfUtils.java:logFallback(53)) - raft.server.rpc.first-election.timeout.max = 5200ms (fallback to raft.server.rpc.timeout.max)
2022-10-19 08:45:21,771 [2de491c0-1905-4845-ada7-2a3c171f2066@group-4054D80A22FC-LeaderElection8-2] INFO  server.GrpcServerProtocolClient (GrpcServerProtocolClient.java:<init>(63)) - Build channel for f675d99d-517f-4d8a-bd29-886eede0250d
2022-10-19 08:45:21,786 [IPC Server handler 1 on default port 39185] INFO  pipeline.PipelineManagerImpl (PipelineManagerImpl.java:openPipeline(367)) - Pipeline Pipeline[ Id: 54c1d654-b5c8-41d9-b0c9-c7d0fc3350c6, Nodes: 88796760-9d6a-455a-8b63-676b32daf901{ip: 10.1.1.188, host: fv-az447-90.tnmeiuxxsqeu3byeydcnbj0j5d.dx.internal.cloudapp.net, ports: [REPLICATION=43325, RATIS=43773, RATIS_ADMIN=43773, RATIS_SERVER=43773, STANDALONE=44263], networkLocation: /default-rack, certSerialId: null, persistedOpState: null, persistedOpStateExpiryEpochSec: 0}91dae643-bef5-471c-869f-4daa43ea47b3{ip: 10.1.1.188, host: fv-az447-90.tnmeiuxxsqeu3byeydcnbj0j5d.dx.internal.cloudapp.net, ports: [REPLICATION=46757, RATIS=34857, RATIS_ADMIN=34857, RATIS_SERVER=34857, STANDALONE=41469], networkLocation: /default-rack, certSerialId: null, persistedOpState: null, persistedOpStateExpiryEpochSec: 0}96fa30cc-cc01-4af1-a161-c10c2afc2f22{ip: 10.1.1.188, host: fv-az447-90.tnmeiuxxsqeu3byeydcnbj0j5d.dx.internal.cloudapp.net, ports: [REPLICATION=35959, RATIS=43419, RATIS_ADMIN=43419, RATIS_SERVER=43419, STANDALONE=33857], networkLocation: /default-rack, certSerialId: null, persistedOpState: null, persistedOpStateExpiryEpochSec: 0}9e7e10a2-763a-4a15-b149-6c921096d1eb{ip: 10.1.1.188, host: fv-az447-90.tnmeiuxxsqeu3byeydcnbj0j5d.dx.internal.cloudapp.net, ports: [REPLICATION=43445, RATIS=43001, RATIS_ADMIN=43001, RATIS_SERVER=43001, STANDALONE=33113], networkLocation: /default-rack, certSerialId: null, persistedOpState: null, persistedOpStateExpiryEpochSec: 0}f675d99d-517f-4d8a-bd29-886eede0250d{ip: 10.1.1.188, host: fv-az447-90.tnmeiuxxsqeu3byeydcnbj0j5d.dx.internal.cloudapp.net, ports: [REPLICATION=34861, RATIS=37697, RATIS_ADMIN=37697, RATIS_SERVER=37697, STANDALONE=41787], networkLocation: /default-rack, certSerialId: null, persistedOpState: null, persistedOpStateExpiryEpochSec: 0}, ReplicationConfig: EC/ECReplicationConfig{data=3, parity=2, ecChunkSize=1024, codec=rs}, State:ALLOCATED, leaderId:, CreationTimestamp2022-10-19T08:45:21.754Z[Etc/UTC]] moved to OPEN state
2022-10-19 08:45:21,787 [IPC Server handler 1 on default port 39185] WARN  ha.SequenceIdGenerator (SequenceIdGenerator.java:allocateBatch(237)) - Failed to allocate a batch for localId, expected lastId is 0, actual lastId is 109611004723200000.
2022-10-19 08:45:21,787 [IPC Server handler 1 on default port 39185] INFO  ha.SequenceIdGenerator (SequenceIdGenerator.java:getNextId(128)) - Allocate a batch for localId, change lastId from 109611004723200000 to 109611004723201000.
2022-10-19 08:45:21,792 [grpc-default-executor-2] INFO  server.RaftServer$Division (RaftServerImpl.java:requestVote(1218)) - c61245f4-0084-4810-95a5-490d20dc424d@group-4054D80A22FC: receive requestVote(ELECTION, 2de491c0-1905-4845-ada7-2a3c171f2066, group-4054D80A22FC, 1, (t:0, i:0))
2022-10-19 08:45:21,793 [grpc-default-executor-2] INFO  impl.VoteContext (VoteContext.java:log(48)) - c61245f4-0084-4810-95a5-490d20dc424d@group-4054D80A22FC-FOLLOWER: accept ELECTION from 2de491c0-1905-4845-ada7-2a3c171f2066: our priority 0 <= candidate's priority 1
2022-10-19 08:45:21,793 [grpc-default-executor-2] INFO  server.RaftServer$Division (RaftServerImpl.java:setRole(321)) - c61245f4-0084-4810-95a5-490d20dc424d@group-4054D80A22FC: changes role from  FOLLOWER to FOLLOWER at term 1 for candidate:2de491c0-1905-4845-ada7-2a3c171f2066
2022-10-19 08:45:21,793 [grpc-default-executor-2] INFO  impl.RoleInfo (RoleInfo.java:shutdownFollowerState(110)) - c61245f4-0084-4810-95a5-490d20dc424d: shutdown c61245f4-0084-4810-95a5-490d20dc424d@group-4054D80A22FC-FollowerState
2022-10-19 08:45:21,793 [grpc-default-executor-2] INFO  impl.RoleInfo (RoleInfo.java:updateAndGet(139)) - c61245f4-0084-4810-95a5-490d20dc424d: start c61245f4-0084-4810-95a5-490d20dc424d@group-4054D80A22FC-FollowerState
2022-10-19 08:45:21,793 [grpc-default-executor-1] INFO  server.RaftServer$Division (RaftServerImpl.java:requestVote(1218)) - f675d99d-517f-4d8a-bd29-886eede0250d@group-4054D80A22FC: receive requestVote(ELECTION, 2de491c0-1905-4845-ada7-2a3c171f2066, group-4054D80A22FC, 1, (t:0, i:0))
2022-10-19 08:45:21,793 [grpc-default-executor-1] INFO  impl.VoteContext (VoteContext.java:log(48)) - f675d99d-517f-4d8a-bd29-886eede0250d@group-4054D80A22FC-FOLLOWER: accept ELECTION from 2de491c0-1905-4845-ada7-2a3c171f2066: our priority 0 <= candidate's priority 1
2022-10-19 08:45:21,793 [grpc-default-executor-1] INFO  server.RaftServer$Division (RaftServerImpl.java:setRole(321)) - f675d99d-517f-4d8a-bd29-886eede0250d@group-4054D80A22FC: changes role from  FOLLOWER to FOLLOWER at term 1 for candidate:2de491c0-1905-4845-ada7-2a3c171f2066
2022-10-19 08:45:21,793 [grpc-default-executor-1] INFO  impl.RoleInfo (RoleInfo.java:shutdownFollowerState(110)) - f675d99d-517f-4d8a-bd29-886eede0250d: shutdown f675d99d-517f-4d8a-bd29-886eede0250d@group-4054D80A22FC-FollowerState
2022-10-19 08:45:21,793 [c61245f4-0084-4810-95a5-490d20dc424d@group-4054D80A22FC-FollowerState] INFO  impl.FollowerState (FollowerState.java:run(152)) - c61245f4-0084-4810-95a5-490d20dc424d@group-4054D80A22FC-FollowerState was interrupted
2022-10-19 08:45:21,798 [grpc-default-executor-2] INFO  server.RaftServer$Division (RaftServerImpl.java:requestVote(1251)) - c61245f4-0084-4810-95a5-490d20dc424d@group-4054D80A22FC replies to ELECTION vote request: 2de491c0-1905-4845-ada7-2a3c171f2066<-c61245f4-0084-4810-95a5-490d20dc424d#0:OK-t1. Peer's state: c61245f4-0084-4810-95a5-490d20dc424d@group-4054D80A22FC:t1, leader=null, voted=2de491c0-1905-4845-ada7-2a3c171f2066, raftlog=Memoized:c61245f4-0084-4810-95a5-490d20dc424d@group-4054D80A22FC-SegmentedRaftLog:OPENED:c-1, conf=-1: peers:[c61245f4-0084-4810-95a5-490d20dc424d|rpc:10.1.1.188:40855|dataStream:|priority:0|startupRole:FOLLOWER, f675d99d-517f-4d8a-bd29-886eede0250d|rpc:10.1.1.188:37697|dataStream:|priority:0|startupRole:FOLLOWER, 2de491c0-1905-4845-ada7-2a3c171f2066|rpc:10.1.1.188:45745|dataStream:|priority:1|startupRole:FOLLOWER]|listeners:[], old=null
2022-10-19 08:45:21,801 [grpc-default-executor-1] INFO  impl.RoleInfo (RoleInfo.java:updateAndGet(139)) - f675d99d-517f-4d8a-bd29-886eede0250d: start f675d99d-517f-4d8a-bd29-886eede0250d@group-4054D80A22FC-FollowerState
2022-10-19 08:45:21,802 [f675d99d-517f-4d8a-bd29-886eede0250d@group-4054D80A22FC-FollowerState] INFO  impl.FollowerState (FollowerState.java:run(152)) - f675d99d-517f-4d8a-bd29-886eede0250d@group-4054D80A22FC-FollowerState was interrupted
2022-10-19 08:45:21,804 [c61245f4-0084-4810-95a5-490d20dc424d@group-4054D80A22FC-FollowerState] INFO  server.RaftServerConfigKeys (ConfUtils.java:logFallback(53)) - raft.server.rpc.first-election.timeout.min = 5s (fallback to raft.server.rpc.timeout.min)
2022-10-19 08:45:21,804 [c61245f4-0084-4810-95a5-490d20dc424d@group-4054D80A22FC-FollowerState] INFO  server.RaftServerConfigKeys (ConfUtils.java:logFallback(53)) - raft.server.rpc.first-election.timeout.max = 5200ms (fallback to raft.server.rpc.timeout.max)
2022-10-19 08:45:21,808 [2de491c0-1905-4845-ada7-2a3c171f2066@group-4054D80A22FC-LeaderElection8] INFO  impl.LeaderElection (LeaderElection.java:logAndReturn(90)) - 2de491c0-1905-4845-ada7-2a3c171f2066@group-4054D80A22FC-LeaderElection8: ELECTION PASSED received 1 response(s) and 0 exception(s):
2022-10-19 08:45:21,808 [2de491c0-1905-4845-ada7-2a3c171f2066@group-4054D80A22FC-LeaderElection8] INFO  impl.LeaderElection (LeaderElection.java:logAndReturn(94)) -   Response 0: 2de491c0-1905-4845-ada7-2a3c171f2066<-c61245f4-0084-4810-95a5-490d20dc424d#0:OK-t1
2022-10-19 08:45:21,808 [2de491c0-1905-4845-ada7-2a3c171f2066@group-4054D80A22FC-LeaderElection8] INFO  impl.LeaderElection (LeaderElection.java:askForVotes(314)) - 2de491c0-1905-4845-ada7-2a3c171f2066@group-4054D80A22FC-LeaderElection8 ELECTION round 0: result PASSED
2022-10-19 08:45:21,808 [2de491c0-1905-4845-ada7-2a3c171f2066@group-4054D80A22FC-LeaderElection8] INFO  impl.RoleInfo (RoleInfo.java:shutdownLeaderElection(130)) - 2de491c0-1905-4845-ada7-2a3c171f2066: shutdown 2de491c0-1905-4845-ada7-2a3c171f2066@group-4054D80A22FC-LeaderElection8
2022-10-19 08:45:21,810 [2de491c0-1905-4845-ada7-2a3c171f2066@group-4054D80A22FC-LeaderElection8] INFO  server.RaftServer$Division (RaftServerImpl.java:setRole(321)) - 2de491c0-1905-4845-ada7-2a3c171f2066@group-4054D80A22FC: changes role from CANDIDATE to LEADER at term 1 for changeToLeader
2022-10-19 08:45:21,810 [2de491c0-1905-4845-ada7-2a3c171f2066@group-4054D80A22FC-LeaderElection8] INFO  ratis.XceiverServerRatis (XceiverServerRatis.java:handleLeaderChangedNotification(863)) - Leader change notification received for group: group-4054D80A22FC with new leaderId: 2de491c0-1905-4845-ada7-2a3c171f2066
2022-10-19 08:45:21,810 [2de491c0-1905-4845-ada7-2a3c171f2066@group-4054D80A22FC-LeaderElection8] INFO  server.RaftServer$Division (ServerState.java:setLeader(313)) - 2de491c0-1905-4845-ada7-2a3c171f2066@group-4054D80A22FC: change Leader from null to 2de491c0-1905-4845-ada7-2a3c171f2066 at term 1 for becomeLeader, leader elected after 5151ms
2022-10-19 08:45:21,810 [2de491c0-1905-4845-ada7-2a3c171f2066@group-4054D80A22FC-LeaderElection8] INFO  server.RaftServerConfigKeys (ConfUtils.java:logGet(46)) - raft.server.staging.catchup.gap = 1000 (default)
2022-10-19 08:45:21,810 [2de491c0-1905-4845-ada7-2a3c171f2066@group-4054D80A22FC-LeaderElection8] INFO  server.RaftServerConfigKeys (ConfUtils.java:logGet(46)) - raft.server.write.element-limit = 1024 (custom)
2022-10-19 08:45:21,810 [2de491c0-1905-4845-ada7-2a3c171f2066@group-4054D80A22FC-LeaderElection8] INFO  server.RaftServerConfigKeys (ConfUtils.java:logGet(46)) - raft.server.write.byte-limit = 1024 M (=1073741824) (custom)
2022-10-19 08:45:21,811 [2de491c0-1905-4845-ada7-2a3c171f2066@group-4054D80A22FC-LeaderElection8] INFO  server.RaftServerConfigKeys (ConfUtils.java:logGet(46)) - raft.server.watch.timeout = 180s (custom)
2022-10-19 08:45:21,811 [2de491c0-1905-4845-ada7-2a3c171f2066@group-4054D80A22FC-LeaderElection8] INFO  server.RaftServerConfigKeys (ConfUtils.java:logGet(46)) - raft.server.watch.timeout.denomination = 1s (default)
2022-10-19 08:45:21,811 [2de491c0-1905-4845-ada7-2a3c171f2066@group-4054D80A22FC-LeaderElection8] INFO  server.RaftServerConfigKeys (ConfUtils.java:logGet(46)) - raft.server.watch.element-limit = 65536 (default)
2022-10-19 08:45:21,811 [2de491c0-1905-4845-ada7-2a3c171f2066@group-4054D80A22FC-LeaderElection8] INFO  server.RaftServerConfigKeys (ConfUtils.java:logGet(46)) - raft.server.write.element-limit = 1024 (custom)
2022-10-19 08:45:21,811 [2de491c0-1905-4845-ada7-2a3c171f2066@group-4054D80A22FC-LeaderElection8] INFO  server.RaftServerConfigKeys (ConfUtils.java:logGet(46)) - raft.server.write.follower.gap.ratio.max = -1.0 (default)
2022-10-19 08:45:21,812 [2de491c0-1905-4845-ada7-2a3c171f2066@group-4054D80A22FC-LeaderElection8] INFO  server.RaftServerConfigKeys (ConfUtils.java:logGet(46)) - raft.server.log.appender.snapshot.chunk.size.max = 16MB (=16777216) (default)
2022-10-19 08:45:21,812 [2de491c0-1905-4845-ada7-2a3c171f2066@group-4054D80A22FC-LeaderElection8] INFO  server.RaftServerConfigKeys (ConfUtils.java:logGet(46)) - raft.server.log.appender.buffer.byte-limit = 33554432 (custom)
2022-10-19 08:45:21,812 [2de491c0-1905-4845-ada7-2a3c171f2066@group-4054D80A22FC-LeaderElection8] INFO  server.RaftServerConfigKeys (ConfUtils.java:logGet(46)) - raft.server.log.appender.buffer.element-limit = 1 (custom)
2022-10-19 08:45:21,812 [2de491c0-1905-4845-ada7-2a3c171f2066@group-4054D80A22FC-LeaderElection8] INFO  grpc.GrpcConfigKeys (ConfUtils.java:logGet(46)) - raft.grpc.server.leader.outstanding.appends.max = 128 (default)
2022-10-19 08:45:21,812 [2de491c0-1905-4845-ada7-2a3c171f2066@group-4054D80A22FC-LeaderElection8] INFO  server.RaftServerConfigKeys (ConfUtils.java:logGet(46)) - raft.server.rpc.request.timeout = 60s (custom)
2022-10-19 08:45:21,812 [2de491c0-1905-4845-ada7-2a3c171f2066@group-4054D80A22FC-LeaderElection8] INFO  server.RaftServerConfigKeys (ConfUtils.java:logGet(46)) - raft.server.log.appender.install.snapshot.enabled = false (custom)
2022-10-19 08:45:21,812 [2de491c0-1905-4845-ada7-2a3c171f2066@group-4054D80A22FC-LeaderElection8] INFO  grpc.GrpcConfigKeys (ConfUtils.java:logGet(46)) - raft.grpc.server.heartbeat.channel = true (default)
2022-10-19 08:45:21,812 [2de491c0-1905-4845-ada7-2a3c171f2066@group-4054D80A22FC-LeaderElection8] INFO  server.RaftServerConfigKeys (ConfUtils.java:logGet(46)) - raft.server.log.appender.wait-time.min = 10ms (default)
2022-10-19 08:45:21,813 [2de491c0-1905-4845-ada7-2a3c171f2066@group-4054D80A22FC-LeaderElection8] INFO  server.RaftServerConfigKeys (ConfUtils.java:logGet(46)) - raft.server.log.appender.snapshot.chunk.size.max = 16MB (=16777216) (default)
2022-10-19 08:45:21,813 [2de491c0-1905-4845-ada7-2a3c171f2066@group-4054D80A22FC-LeaderElection8] INFO  server.RaftServerConfigKeys (ConfUtils.java:logGet(46)) - raft.server.log.appender.buffer.byte-limit = 33554432 (custom)
2022-10-19 08:45:21,813 [2de491c0-1905-4845-ada7-2a3c171f2066@group-4054D80A22FC-LeaderElection8] INFO  server.RaftServerConfigKeys (ConfUtils.java:logGet(46)) - raft.server.log.appender.buffer.element-limit = 1 (custom)
2022-10-19 08:45:21,813 [2de491c0-1905-4845-ada7-2a3c171f2066@group-4054D80A22FC-LeaderElection8] INFO  grpc.GrpcConfigKeys (ConfUtils.java:logGet(46)) - raft.grpc.server.leader.outstanding.appends.max = 128 (default)
2022-10-19 08:45:21,813 [2de491c0-1905-4845-ada7-2a3c171f2066@group-4054D80A22FC-LeaderElection8] INFO  server.RaftServerConfigKeys (ConfUtils.java:logGet(46)) - raft.server.rpc.request.timeout = 60s (custom)
2022-10-19 08:45:21,813 [2de491c0-1905-4845-ada7-2a3c171f2066@group-4054D80A22FC-LeaderElection8] INFO  server.RaftServerConfigKeys (ConfUtils.java:logGet(46)) - raft.server.log.appender.install.snapshot.enabled = false (custom)
2022-10-19 08:45:21,813 [2de491c0-1905-4845-ada7-2a3c171f2066@group-4054D80A22FC-LeaderElection8] INFO  grpc.GrpcConfigKeys (ConfUtils.java:logGet(46)) - raft.grpc.server.heartbeat.channel = true (default)
2022-10-19 08:45:21,813 [2de491c0-1905-4845-ada7-2a3c171f2066@group-4054D80A22FC-LeaderElection8] INFO  server.RaftServerConfigKeys (ConfUtils.java:logGet(46)) - raft.server.log.appender.wait-time.min = 10ms (default)
2022-10-19 08:45:21,815 [EventQueue-PipelineReportForPipelineReportHandler] INFO  pipeline.PipelineManagerImpl (PipelineManagerImpl.java:openPipeline(367)) - Pipeline Pipeline[ Id: bac21aa7-d8c5-4602-b185-4054d80a22fc, Nodes: 2de491c0-1905-4845-ada7-2a3c171f2066{ip: 10.1.1.188, host: fv-az447-90.tnmeiuxxsqeu3byeydcnbj0j5d.dx.internal.cloudapp.net, ports: [REPLICATION=34959, RATIS=45745, RATIS_ADMIN=45745, RATIS_SERVER=45745, STANDALONE=41953], networkLocation: /default-rack, certSerialId: null, persistedOpState: IN_SERVICE, persistedOpStateExpiryEpochSec: 0}f675d99d-517f-4d8a-bd29-886eede0250d{ip: 10.1.1.188, host: fv-az447-90.tnmeiuxxsqeu3byeydcnbj0j5d.dx.internal.cloudapp.net, ports: [REPLICATION=34861, RATIS=37697, RATIS_ADMIN=37697, RATIS_SERVER=37697, STANDALONE=41787], networkLocation: /default-rack, certSerialId: null, persistedOpState: IN_SERVICE, persistedOpStateExpiryEpochSec: 0}c61245f4-0084-4810-95a5-490d20dc424d{ip: 10.1.1.188, host: fv-az447-90.tnmeiuxxsqeu3byeydcnbj0j5d.dx.internal.cloudapp.net, ports: [REPLICATION=43855, RATIS=40855, RATIS_ADMIN=40855, RATIS_SERVER=40855, STANDALONE=34265], networkLocation: /default-rack, certSerialId: null, persistedOpState: IN_SERVICE, persistedOpStateExpiryEpochSec: 0}, ReplicationConfig: RATIS/THREE, State:ALLOCATED, leaderId:2de491c0-1905-4845-ada7-2a3c171f2066, CreationTimestamp2022-10-19T08:45:14.197Z[Etc/UTC]] moved to OPEN state
2022-10-19 08:45:21,810 [grpc-default-executor-1] INFO  server.RaftServer$Division (RaftServerImpl.java:requestVote(1251)) - f675d99d-517f-4d8a-bd29-886eede0250d@group-4054D80A22FC replies to ELECTION vote request: 2de491c0-1905-4845-ada7-2a3c171f2066<-f675d99d-517f-4d8a-bd29-886eede0250d#0:OK-t1. Peer's state: f675d99d-517f-4d8a-bd29-886eede0250d@group-4054D80A22FC:t1, leader=null, voted=2de491c0-1905-4845-ada7-2a3c171f2066, raftlog=Memoized:f675d99d-517f-4d8a-bd29-886eede0250d@group-4054D80A22FC-SegmentedRaftLog:OPENED:c-1, conf=-1: peers:[c61245f4-0084-4810-95a5-490d20dc424d|rpc:10.1.1.188:40855|priority:0|startupRole:FOLLOWER, f675d99d-517f-4d8a-bd29-886eede0250d|rpc:10.1.1.188:37697|priority:0|startupRole:FOLLOWER, 2de491c0-1905-4845-ada7-2a3c171f2066|rpc:10.1.1.188:45745|priority:1|startupRole:FOLLOWER]|listeners:[], old=null
2022-10-19 08:45:21,810 [f675d99d-517f-4d8a-bd29-886eede0250d@group-4054D80A22FC-FollowerState] INFO  server.RaftServerConfigKeys (ConfUtils.java:logFallback(53)) - raft.server.rpc.first-election.timeout.min = 5s (fallback to raft.server.rpc.timeout.min)
2022-10-19 08:45:21,817 [f675d99d-517f-4d8a-bd29-886eede0250d@group-4054D80A22FC-FollowerState] INFO  server.RaftServerConfigKeys (ConfUtils.java:logFallback(53)) - raft.server.rpc.first-election.timeout.max = 5200ms (fallback to raft.server.rpc.timeout.max)
2022-10-19 08:45:21,817 [2de491c0-1905-4845-ada7-2a3c171f2066@group-4054D80A22FC-LeaderElection8] INFO  impl.RoleInfo (RoleInfo.java:updateAndGet(139)) - 2de491c0-1905-4845-ada7-2a3c171f2066: start 2de491c0-1905-4845-ada7-2a3c171f2066@group-4054D80A22FC-LeaderStateImpl
2022-10-19 08:45:21,818 [2de491c0-1905-4845-ada7-2a3c171f2066@group-4054D80A22FC-LeaderElection8] INFO  segmented.SegmentedRaftLogWorker (SegmentedRaftLogWorker.java:startLogSegment(452)) - 2de491c0-1905-4845-ada7-2a3c171f2066@group-4054D80A22FC-SegmentedRaftLogWorker: Starting segment from index:0
2022-10-19 08:45:21,821 [2de491c0-1905-4845-ada7-2a3c171f2066@group-4054D80A22FC-SegmentedRaftLogWorker] INFO  segmented.SegmentedRaftLogWorker (SegmentedRaftLogWorker.java:execute(656)) - 2de491c0-1905-4845-ada7-2a3c171f2066@group-4054D80A22FC-SegmentedRaftLogWorker: created new log segment /home/runner/work/ozone/ozone/hadoop-ozone/integration-test/target/test-dir/MiniOzoneClusterImpl-43a13940-e4af-4545-ab6e-e590eff1efbb/datanode-5/data/ratis/bac21aa7-d8c5-4602-b185-4054d80a22fc/current/log_inprogress_0
2022-10-19 08:45:21,840 [2de491c0-1905-4845-ada7-2a3c171f2066@group-4054D80A22FC-LeaderElection8] INFO  server.RaftServer$Division (ServerState.java:setRaftConf(430)) - 2de491c0-1905-4845-ada7-2a3c171f2066@group-4054D80A22FC: set configuration 0: peers:[c61245f4-0084-4810-95a5-490d20dc424d|rpc:10.1.1.188:40855|dataStream:|priority:0|startupRole:FOLLOWER, f675d99d-517f-4d8a-bd29-886eede0250d|rpc:10.1.1.188:37697|dataStream:|priority:0|startupRole:FOLLOWER, 2de491c0-1905-4845-ada7-2a3c171f2066|rpc:10.1.1.188:45745|dataStream:|priority:1|startupRole:FOLLOWER]|listeners:[], old=null
2022-10-19 08:45:21,846 [f675d99d-517f-4d8a-bd29-886eede0250d@group-2E358FAA1E41-FollowerState] INFO  impl.FollowerState (FollowerState.java:run(143)) - f675d99d-517f-4d8a-bd29-886eede0250d@group-2E358FAA1E41-FollowerState: change to CANDIDATE, lastRpcElapsedTime:5065913856ns, electionTimeout:5064ms
2022-10-19 08:45:21,846 [f675d99d-517f-4d8a-bd29-886eede0250d@group-2E358FAA1E41-FollowerState] INFO  impl.RoleInfo (RoleInfo.java:shutdownFollowerState(110)) - f675d99d-517f-4d8a-bd29-886eede0250d: shutdown f675d99d-517f-4d8a-bd29-886eede0250d@group-2E358FAA1E41-FollowerState
2022-10-19 08:45:21,846 [f675d99d-517f-4d8a-bd29-886eede0250d@group-2E358FAA1E41-FollowerState] INFO  server.RaftServer$Division (RaftServerImpl.java:setRole(321)) - f675d99d-517f-4d8a-bd29-886eede0250d@group-2E358FAA1E41: changes role from  FOLLOWER to CANDIDATE at term 0 for changeToCandidate
2022-10-19 08:45:21,846 [f675d99d-517f-4d8a-bd29-886eede0250d@group-2E358FAA1E41-FollowerState] INFO  server.RaftServerConfigKeys (ConfUtils.java:logGet(46)) - raft.server.leaderelection.pre-vote = false (custom)
2022-10-19 08:45:21,846 [f675d99d-517f-4d8a-bd29-886eede0250d@group-2E358FAA1E41-FollowerState] INFO  impl.RoleInfo (RoleInfo.java:updateAndGet(139)) - f675d99d-517f-4d8a-bd29-886eede0250d: start f675d99d-517f-4d8a-bd29-886eede0250d@group-2E358FAA1E41-LeaderElection9
2022-10-19 08:45:21,860 [c61245f4-0084-4810-95a5-490d20dc424d-server-thread1] INFO  ratis.XceiverServerRatis (XceiverServerRatis.java:handleLeaderChangedNotification(863)) - Leader change notification received for group: group-4054D80A22FC with new leaderId: 2de491c0-1905-4845-ada7-2a3c171f2066
2022-10-19 08:45:21,860 [c61245f4-0084-4810-95a5-490d20dc424d-server-thread1] INFO  server.RaftServer$Division (ServerState.java:setLeader(313)) - c61245f4-0084-4810-95a5-490d20dc424d@group-4054D80A22FC: change Leader from null to 2de491c0-1905-4845-ada7-2a3c171f2066 at term 1 for appendEntries, leader elected after 5122ms
2022-10-19 08:45:21,864 [c61245f4-0084-4810-95a5-490d20dc424d-server-thread2] INFO  server.RaftServer$Division (ServerState.java:setRaftConf(430)) - c61245f4-0084-4810-95a5-490d20dc424d@group-4054D80A22FC: set configuration 0: peers:[c61245f4-0084-4810-95a5-490d20dc424d|rpc:10.1.1.188:40855|dataStream:|priority:0|startupRole:FOLLOWER, f675d99d-517f-4d8a-bd29-886eede0250d|rpc:10.1.1.188:37697|dataStream:|priority:0|startupRole:FOLLOWER, 2de491c0-1905-4845-ada7-2a3c171f2066|rpc:10.1.1.188:45745|dataStream:|priority:1|startupRole:FOLLOWER]|listeners:[], old=null
2022-10-19 08:45:21,865 [c61245f4-0084-4810-95a5-490d20dc424d-server-thread2] INFO  segmented.SegmentedRaftLogWorker (SegmentedRaftLogWorker.java:startLogSegment(452)) - c61245f4-0084-4810-95a5-490d20dc424d@group-4054D80A22FC-SegmentedRaftLogWorker: Starting segment from index:0
2022-10-19 08:45:21,868 [f675d99d-517f-4d8a-bd29-886eede0250d@group-2E358FAA1E41-LeaderElection9] INFO  impl.LeaderElection (LeaderElection.java:askForVotes(312)) - f675d99d-517f-4d8a-bd29-886eede0250d@group-2E358FAA1E41-LeaderElection9 ELECTION round 0: submit vote requests at term 1 for -1: peers:[c61245f4-0084-4810-95a5-490d20dc424d|rpc:10.1.1.188:40855|priority:0|startupRole:FOLLOWER, f675d99d-517f-4d8a-bd29-886eede0250d|rpc:10.1.1.188:37697|priority:1|startupRole:FOLLOWER, 2de491c0-1905-4845-ada7-2a3c171f2066|rpc:10.1.1.188:45745|priority:0|startupRole:FOLLOWER]|listeners:[], old=null
2022-10-19 08:45:21,869 [c61245f4-0084-4810-95a5-490d20dc424d@group-4054D80A22FC-SegmentedRaftLogWorker] INFO  segmented.SegmentedRaftLogWorker (SegmentedRaftLogWorker.java:execute(656)) - c61245f4-0084-4810-95a5-490d20dc424d@group-4054D80A22FC-SegmentedRaftLogWorker: created new log segment /home/runner/work/ozone/ozone/hadoop-ozone/integration-test/target/test-dir/MiniOzoneClusterImpl-43a13940-e4af-4545-ab6e-e590eff1efbb/datanode-4/data/ratis/bac21aa7-d8c5-4602-b185-4054d80a22fc/current/log_inprogress_0
2022-10-19 08:45:21,876 [f675d99d-517f-4d8a-bd29-886eede0250d@group-2E358FAA1E41-LeaderElection9] INFO  server.RaftServerConfigKeys (ConfUtils.java:logFallback(53)) - raft.server.rpc.first-election.timeout.min = 5s (fallback to raft.server.rpc.timeout.min)
2022-10-19 08:45:21,876 [f675d99d-517f-4d8a-bd29-886eede0250d@group-2E358FAA1E41-LeaderElection9] INFO  server.RaftServerConfigKeys (ConfUtils.java:logFallback(53)) - raft.server.rpc.first-election.timeout.max = 5200ms (fallback to raft.server.rpc.timeout.max)
2022-10-19 08:45:21,876 [f675d99d-517f-4d8a-bd29-886eede0250d@group-2E358FAA1E41-LeaderElection9-1] INFO  server.GrpcServerProtocolClient (GrpcServerProtocolClient.java:<init>(63)) - Build channel for c61245f4-0084-4810-95a5-490d20dc424d
2022-10-19 08:45:21,879 [f675d99d-517f-4d8a-bd29-886eede0250d@group-2E358FAA1E41-LeaderElection9-2] INFO  server.GrpcServerProtocolClient (GrpcServerProtocolClient.java:<init>(63)) - Build channel for 2de491c0-1905-4845-ada7-2a3c171f2066
2022-10-19 08:45:21,889 [f675d99d-517f-4d8a-bd29-886eede0250d-server-thread1] INFO  ratis.XceiverServerRatis (XceiverServerRatis.java:handleLeaderChangedNotification(863)) - Leader change notification received for group: group-4054D80A22FC with new leaderId: 2de491c0-1905-4845-ada7-2a3c171f2066
2022-10-19 08:45:21,889 [f675d99d-517f-4d8a-bd29-886eede0250d-server-thread1] INFO  server.RaftServer$Division (ServerState.java:setLeader(313)) - f675d99d-517f-4d8a-bd29-886eede0250d@group-4054D80A22FC: change Leader from null to 2de491c0-1905-4845-ada7-2a3c171f2066 at term 1 for appendEntries, leader elected after 5277ms
2022-10-19 08:45:21,898 [f675d99d-517f-4d8a-bd29-886eede0250d-server-thread2] INFO  server.RaftServer$Division (ServerState.java:setRaftConf(430)) - f675d99d-517f-4d8a-bd29-886eede0250d@group-4054D80A22FC: set configuration 0: peers:[c61245f4-0084-4810-95a5-490d20dc424d|rpc:10.1.1.188:40855|dataStream:|priority:0|startupRole:FOLLOWER, f675d99d-517f-4d8a-bd29-886eede0250d|rpc:10.1.1.188:37697|dataStream:|priority:0|startupRole:FOLLOWER, 2de491c0-1905-4845-ada7-2a3c171f2066|rpc:10.1.1.188:45745|dataStream:|priority:1|startupRole:FOLLOWER]|listeners:[], old=null
2022-10-19 08:45:21,898 [grpc-default-executor-0] INFO  server.RaftServer$Division (RaftServerImpl.java:requestVote(1218)) - c61245f4-0084-4810-95a5-490d20dc424d@group-2E358FAA1E41: receive requestVote(ELECTION, f675d99d-517f-4d8a-bd29-886eede0250d, group-2E358FAA1E41, 1, (t:0, i:0))
2022-10-19 08:45:21,898 [f675d99d-517f-4d8a-bd29-886eede0250d-server-thread2] INFO  segmented.SegmentedRaftLogWorker (SegmentedRaftLogWorker.java:startLogSegment(452)) - f675d99d-517f-4d8a-bd29-886eede0250d@group-4054D80A22FC-SegmentedRaftLogWorker: Starting segment from index:0
2022-10-19 08:45:21,898 [grpc-default-executor-3] INFO  server.RaftServer$Division (RaftServerImpl.java:requestVote(1218)) - 2de491c0-1905-4845-ada7-2a3c171f2066@group-2E358FAA1E41: receive requestVote(ELECTION, f675d99d-517f-4d8a-bd29-886eede0250d, group-2E358FAA1E41, 1, (t:0, i:0))
2022-10-19 08:45:21,899 [grpc-default-executor-3] INFO  impl.VoteContext (VoteContext.java:log(48)) - 2de491c0-1905-4845-ada7-2a3c171f2066@group-2E358FAA1E41-FOLLOWER: accept ELECTION from f675d99d-517f-4d8a-bd29-886eede0250d: our priority 0 <= candidate's priority 1
2022-10-19 08:45:21,899 [grpc-default-executor-3] INFO  server.RaftServer$Division (RaftServerImpl.java:setRole(321)) - 2de491c0-1905-4845-ada7-2a3c171f2066@group-2E358FAA1E41: changes role from  FOLLOWER to FOLLOWER at term 1 for candidate:f675d99d-517f-4d8a-bd29-886eede0250d
2022-10-19 08:45:21,899 [grpc-default-executor-3] INFO  impl.RoleInfo (RoleInfo.java:shutdownFollowerState(110)) - 2de491c0-1905-4845-ada7-2a3c171f2066: shutdown 2de491c0-1905-4845-ada7-2a3c171f2066@group-2E358FAA1E41-FollowerState
2022-10-19 08:45:21,899 [grpc-default-executor-3] INFO  impl.RoleInfo (RoleInfo.java:updateAndGet(139)) - 2de491c0-1905-4845-ada7-2a3c171f2066: start 2de491c0-1905-4845-ada7-2a3c171f2066@group-2E358FAA1E41-FollowerState
2022-10-19 08:45:21,899 [2de491c0-1905-4845-ada7-2a3c171f2066@group-2E358FAA1E41-FollowerState] INFO  impl.FollowerState (FollowerState.java:run(152)) - 2de491c0-1905-4845-ada7-2a3c171f2066@group-2E358FAA1E41-FollowerState was interrupted
2022-10-19 08:45:21,899 [grpc-default-executor-0] INFO  impl.VoteContext (VoteContext.java:log(48)) - c61245f4-0084-4810-95a5-490d20dc424d@group-2E358FAA1E41-FOLLOWER: accept ELECTION from f675d99d-517f-4d8a-bd29-886eede0250d: our priority 0 <= candidate's priority 1
2022-10-19 08:45:21,899 [grpc-default-executor-0] INFO  server.RaftServer$Division (RaftServerImpl.java:setRole(321)) - c61245f4-0084-4810-95a5-490d20dc424d@group-2E358FAA1E41: changes role from  FOLLOWER to FOLLOWER at term 1 for candidate:f675d99d-517f-4d8a-bd29-886eede0250d
2022-10-19 08:45:21,899 [grpc-default-executor-0] INFO  impl.RoleInfo (RoleInfo.java:shutdownFollowerState(110)) - c61245f4-0084-4810-95a5-490d20dc424d: shutdown c61245f4-0084-4810-95a5-490d20dc424d@group-2E358FAA1E41-FollowerState
2022-10-19 08:45:21,904 [grpc-default-executor-0] INFO  impl.RoleInfo (RoleInfo.java:updateAndGet(139)) - c61245f4-0084-4810-95a5-490d20dc424d: start c61245f4-0084-4810-95a5-490d20dc424d@group-2E358FAA1E41-FollowerState
2022-10-19 08:45:21,904 [c61245f4-0084-4810-95a5-490d20dc424d@group-2E358FAA1E41-FollowerState] INFO  impl.FollowerState (FollowerState.java:run(152)) - c61245f4-0084-4810-95a5-490d20dc424d@group-2E358FAA1E41-FollowerState was interrupted
2022-10-19 08:45:21,906 [grpc-default-executor-0] INFO  server.RaftServer$Division (RaftServerImpl.java:requestVote(1251)) - c61245f4-0084-4810-95a5-490d20dc424d@group-2E358FAA1E41 replies to ELECTION vote request: f675d99d-517f-4d8a-bd29-886eede0250d<-c61245f4-0084-4810-95a5-490d20dc424d#0:OK-t1. Peer's state: c61245f4-0084-4810-95a5-490d20dc424d@group-2E358FAA1E41:t1, leader=null, voted=f675d99d-517f-4d8a-bd29-886eede0250d, raftlog=Memoized:c61245f4-0084-4810-95a5-490d20dc424d@group-2E358FAA1E41-SegmentedRaftLog:OPENED:c-1, conf=-1: peers:[c61245f4-0084-4810-95a5-490d20dc424d|rpc:10.1.1.188:40855|dataStream:|priority:0|startupRole:FOLLOWER, f675d99d-517f-4d8a-bd29-886eede0250d|rpc:10.1.1.188:37697|dataStream:|priority:1|startupRole:FOLLOWER, 2de491c0-1905-4845-ada7-2a3c171f2066|rpc:10.1.1.188:45745|dataStream:|priority:0|startupRole:FOLLOWER]|listeners:[], old=null
2022-10-19 08:45:21,916 [c61245f4-0084-4810-95a5-490d20dc424d@group-2E358FAA1E41-FollowerState] INFO  server.RaftServerConfigKeys (ConfUtils.java:logFallback(53)) - raft.server.rpc.first-election.timeout.min = 5s (fallback to raft.server.rpc.timeout.min)
2022-10-19 08:45:21,916 [c61245f4-0084-4810-95a5-490d20dc424d@group-2E358FAA1E41-FollowerState] INFO  server.RaftServerConfigKeys (ConfUtils.java:logFallback(53)) - raft.server.rpc.first-election.timeout.max = 5200ms (fallback to raft.server.rpc.timeout.max)
2022-10-19 08:45:21,924 [2de491c0-1905-4845-ada7-2a3c171f2066@group-2E358FAA1E41-FollowerState] INFO  server.RaftServerConfigKeys (ConfUtils.java:logFallback(53)) - raft.server.rpc.first-election.timeout.min = 5s (fallback to raft.server.rpc.timeout.min)
2022-10-19 08:45:21,924 [2de491c0-1905-4845-ada7-2a3c171f2066@group-2E358FAA1E41-FollowerState] INFO  server.RaftServerConfigKeys (ConfUtils.java:logFallback(53)) - raft.server.rpc.first-election.timeout.max = 5200ms (fallback to raft.server.rpc.timeout.max)
2022-10-19 08:45:21,924 [f675d99d-517f-4d8a-bd29-886eede0250d@group-4054D80A22FC-SegmentedRaftLogWorker] INFO  segmented.SegmentedRaftLogWorker (SegmentedRaftLogWorker.java:execute(656)) - f675d99d-517f-4d8a-bd29-886eede0250d@group-4054D80A22FC-SegmentedRaftLogWorker: created new log segment /home/runner/work/ozone/ozone/hadoop-ozone/integration-test/target/test-dir/MiniOzoneClusterImpl-43a13940-e4af-4545-ab6e-e590eff1efbb/datanode-3/data/ratis/bac21aa7-d8c5-4602-b185-4054d80a22fc/current/log_inprogress_0
2022-10-19 08:45:21,930 [f675d99d-517f-4d8a-bd29-886eede0250d@group-2E358FAA1E41-LeaderElection9] INFO  impl.LeaderElection (LeaderElection.java:logAndReturn(90)) - f675d99d-517f-4d8a-bd29-886eede0250d@group-2E358FAA1E41-LeaderElection9: ELECTION PASSED received 1 response(s) and 0 exception(s):
2022-10-19 08:45:21,931 [f675d99d-517f-4d8a-bd29-886eede0250d@group-2E358FAA1E41-LeaderElection9] INFO  impl.LeaderElection (LeaderElection.java:logAndReturn(94)) -   Response 0: f675d99d-517f-4d8a-bd29-886eede0250d<-c61245f4-0084-4810-95a5-490d20dc424d#0:OK-t1
2022-10-19 08:45:21,931 [f675d99d-517f-4d8a-bd29-886eede0250d@group-2E358FAA1E41-LeaderElection9] INFO  impl.LeaderElection (LeaderElection.java:askForVotes(314)) - f675d99d-517f-4d8a-bd29-886eede0250d@group-2E358FAA1E41-LeaderElection9 ELECTION round 0: result PASSED
2022-10-19 08:45:21,931 [f675d99d-517f-4d8a-bd29-886eede0250d@group-2E358FAA1E41-LeaderElection9] INFO  impl.RoleInfo (RoleInfo.java:shutdownLeaderElection(130)) - f675d99d-517f-4d8a-bd29-886eede0250d: shutdown f675d99d-517f-4d8a-bd29-886eede0250d@group-2E358FAA1E41-LeaderElection9
2022-10-19 08:45:21,931 [f675d99d-517f-4d8a-bd29-886eede0250d@group-2E358FAA1E41-LeaderElection9] INFO  server.RaftServer$Division (RaftServerImpl.java:setRole(321)) - f675d99d-517f-4d8a-bd29-886eede0250d@group-2E358FAA1E41: changes role from CANDIDATE to LEADER at term 1 for changeToLeader
2022-10-19 08:45:21,931 [f675d99d-517f-4d8a-bd29-886eede0250d@group-2E358FAA1E41-LeaderElection9] INFO  ratis.XceiverServerRatis (XceiverServerRatis.java:handleLeaderChangedNotification(863)) - Leader change notification received for group: group-2E358FAA1E41 with new leaderId: f675d99d-517f-4d8a-bd29-886eede0250d
2022-10-19 08:45:21,931 [f675d99d-517f-4d8a-bd29-886eede0250d@group-2E358FAA1E41-LeaderElection9] INFO  server.RaftServer$Division (ServerState.java:setLeader(313)) - f675d99d-517f-4d8a-bd29-886eede0250d@group-2E358FAA1E41: change Leader from null to f675d99d-517f-4d8a-bd29-886eede0250d at term 1 for becomeLeader, leader elected after 5166ms
2022-10-19 08:45:21,932 [f675d99d-517f-4d8a-bd29-886eede0250d@group-2E358FAA1E41-LeaderElection9] INFO  server.RaftServerConfigKeys (ConfUtils.java:logGet(46)) - raft.server.staging.catchup.gap = 1000 (default)
2022-10-19 08:45:21,932 [f675d99d-517f-4d8a-bd29-886eede0250d@group-2E358FAA1E41-LeaderElection9] INFO  server.RaftServerConfigKeys (ConfUtils.java:logGet(46)) - raft.server.write.element-limit = 1024 (custom)
2022-10-19 08:45:21,932 [f675d99d-517f-4d8a-bd29-886eede0250d@group-2E358FAA1E41-LeaderElection9] INFO  server.RaftServerConfigKeys (ConfUtils.java:logGet(46)) - raft.server.write.byte-limit = 1024 M (=1073741824) (custom)
2022-10-19 08:45:21,932 [f675d99d-517f-4d8a-bd29-886eede0250d@group-2E358FAA1E41-LeaderElection9] INFO  server.RaftServerConfigKeys (ConfUtils.java:logGet(46)) - raft.server.watch.timeout = 180s (custom)
2022-10-19 08:45:21,932 [f675d99d-517f-4d8a-bd29-886eede0250d@group-2E358FAA1E41-LeaderElection9] INFO  server.RaftServerConfigKeys (ConfUtils.java:logGet(46)) - raft.server.watch.timeout.denomination = 1s (default)
2022-10-19 08:45:21,932 [f675d99d-517f-4d8a-bd29-886eede0250d@group-2E358FAA1E41-LeaderElection9] INFO  server.RaftServerConfigKeys (ConfUtils.java:logGet(46)) - raft.server.watch.element-limit = 65536 (default)
2022-10-19 08:45:21,932 [f675d99d-517f-4d8a-bd29-886eede0250d@group-2E358FAA1E41-LeaderElection9] INFO  server.RaftServerConfigKeys (ConfUtils.java:logGet(46)) - raft.server.write.element-limit = 1024 (custom)
2022-10-19 08:45:21,932 [f675d99d-517f-4d8a-bd29-886eede0250d@group-2E358FAA1E41-LeaderElection9] INFO  server.RaftServerConfigKeys (ConfUtils.java:logGet(46)) - raft.server.write.follower.gap.ratio.max = -1.0 (default)
2022-10-19 08:45:21,933 [f675d99d-517f-4d8a-bd29-886eede0250d@group-2E358FAA1E41-LeaderElection9] INFO  server.RaftServerConfigKeys (ConfUtils.java:logGet(46)) - raft.server.log.appender.snapshot.chunk.size.max = 16MB (=16777216) (default)
2022-10-19 08:45:21,933 [f675d99d-517f-4d8a-bd29-886eede0250d@group-2E358FAA1E41-LeaderElection9] INFO  server.RaftServerConfigKeys (ConfUtils.java:logGet(46)) - raft.server.log.appender.buffer.byte-limit = 33554432 (custom)
2022-10-19 08:45:21,933 [f675d99d-517f-4d8a-bd29-886eede0250d@group-2E358FAA1E41-LeaderElection9] INFO  server.RaftServerConfigKeys (ConfUtils.java:logGet(46)) - raft.server.log.appender.buffer.element-limit = 1 (custom)
2022-10-19 08:45:21,933 [f675d99d-517f-4d8a-bd29-886eede0250d@group-2E358FAA1E41-LeaderElection9] INFO  grpc.GrpcConfigKeys (ConfUtils.java:logGet(46)) - raft.grpc.server.leader.outstanding.appends.max = 128 (default)
2022-10-19 08:45:21,933 [f675d99d-517f-4d8a-bd29-886eede0250d@group-2E358FAA1E41-LeaderElection9] INFO  server.RaftServerConfigKeys (ConfUtils.java:logGet(46)) - raft.server.rpc.request.timeout = 60s (custom)
2022-10-19 08:45:21,933 [f675d99d-517f-4d8a-bd29-886eede0250d@group-2E358FAA1E41-LeaderElection9] INFO  server.RaftServerConfigKeys (ConfUtils.java:logGet(46)) - raft.server.log.appender.install.snapshot.enabled = false (custom)
2022-10-19 08:45:21,933 [f675d99d-517f-4d8a-bd29-886eede0250d@group-2E358FAA1E41-LeaderElection9] INFO  grpc.GrpcConfigKeys (ConfUtils.java:logGet(46)) - raft.grpc.server.heartbeat.channel = true (default)
2022-10-19 08:45:21,934 [f675d99d-517f-4d8a-bd29-886eede0250d@group-2E358FAA1E41-LeaderElection9] INFO  server.RaftServerConfigKeys (ConfUtils.java:logGet(46)) - raft.server.log.appender.wait-time.min = 10ms (default)
2022-10-19 08:45:21,934 [f675d99d-517f-4d8a-bd29-886eede0250d@group-2E358FAA1E41-LeaderElection9] INFO  server.RaftServerConfigKeys (ConfUtils.java:logGet(46)) - raft.server.log.appender.snapshot.chunk.size.max = 16MB (=16777216) (default)
2022-10-19 08:45:21,934 [f675d99d-517f-4d8a-bd29-886eede0250d@group-2E358FAA1E41-LeaderElection9] INFO  server.RaftServerConfigKeys (ConfUtils.java:logGet(46)) - raft.server.log.appender.buffer.byte-limit = 33554432 (custom)
2022-10-19 08:45:21,934 [f675d99d-517f-4d8a-bd29-886eede0250d@group-2E358FAA1E41-LeaderElection9] INFO  server.RaftServerConfigKeys (ConfUtils.java:logGet(46)) - raft.server.log.appender.buffer.element-limit = 1 (custom)
2022-10-19 08:45:21,934 [f675d99d-517f-4d8a-bd29-886eede0250d@group-2E358FAA1E41-LeaderElection9] INFO  grpc.GrpcConfigKeys (ConfUtils.java:logGet(46)) - raft.grpc.server.leader.outstanding.appends.max = 128 (default)
2022-10-19 08:45:21,934 [f675d99d-517f-4d8a-bd29-886eede0250d@group-2E358FAA1E41-LeaderElection9] INFO  server.RaftServerConfigKeys (ConfUtils.java:logGet(46)) - raft.server.rpc.request.timeout = 60s (custom)
2022-10-19 08:45:21,935 [f675d99d-517f-4d8a-bd29-886eede0250d@group-2E358FAA1E41-LeaderElection9] INFO  server.RaftServerConfigKeys (ConfUtils.java:logGet(46)) - raft.server.log.appender.install.snapshot.enabled = false (custom)
2022-10-19 08:45:21,935 [f675d99d-517f-4d8a-bd29-886eede0250d@group-2E358FAA1E41-LeaderElection9] INFO  grpc.GrpcConfigKeys (ConfUtils.java:logGet(46)) - raft.grpc.server.heartbeat.channel = true (default)
2022-10-19 08:45:21,935 [f675d99d-517f-4d8a-bd29-886eede0250d@group-2E358FAA1E41-LeaderElection9] INFO  server.RaftServerConfigKeys (ConfUtils.java:logGet(46)) - raft.server.log.appender.wait-time.min = 10ms (default)
2022-10-19 08:45:21,935 [f675d99d-517f-4d8a-bd29-886eede0250d@group-2E358FAA1E41-LeaderElection9] INFO  impl.RoleInfo (RoleInfo.java:updateAndGet(139)) - f675d99d-517f-4d8a-bd29-886eede0250d: start f675d99d-517f-4d8a-bd29-886eede0250d@group-2E358FAA1E41-LeaderStateImpl
2022-10-19 08:45:21,935 [f675d99d-517f-4d8a-bd29-886eede0250d@group-2E358FAA1E41-LeaderElection9] INFO  segmented.SegmentedRaftLogWorker (SegmentedRaftLogWorker.java:startLogSegment(452)) - f675d99d-517f-4d8a-bd29-886eede0250d@group-2E358FAA1E41-SegmentedRaftLogWorker: Starting segment from index:0
2022-10-19 08:45:21,930 [grpc-default-executor-3] INFO  server.RaftServer$Division (RaftServerImpl.java:requestVote(1251)) - 2de491c0-1905-4845-ada7-2a3c171f2066@group-2E358FAA1E41 replies to ELECTION vote request: f675d99d-517f-4d8a-bd29-886eede0250d<-2de491c0-1905-4845-ada7-2a3c171f2066#0:OK-t1. Peer's state: 2de491c0-1905-4845-ada7-2a3c171f2066@group-2E358FAA1E41:t1, leader=null, voted=f675d99d-517f-4d8a-bd29-886eede0250d, raftlog=Memoized:2de491c0-1905-4845-ada7-2a3c171f2066@group-2E358FAA1E41-SegmentedRaftLog:OPENED:c-1, conf=-1: peers:[c61245f4-0084-4810-95a5-490d20dc424d|rpc:10.1.1.188:40855|dataStream:|priority:0|startupRole:FOLLOWER, f675d99d-517f-4d8a-bd29-886eede0250d|rpc:10.1.1.188:37697|dataStream:|priority:1|startupRole:FOLLOWER, 2de491c0-1905-4845-ada7-2a3c171f2066|rpc:10.1.1.188:45745|dataStream:|priority:0|startupRole:FOLLOWER]|listeners:[], old=null
2022-10-19 08:45:21,938 [EventQueue-PipelineReportForPipelineReportHandler] INFO  pipeline.PipelineManagerImpl (PipelineManagerImpl.java:openPipeline(367)) - Pipeline Pipeline[ Id: 1ec18428-8ed9-4f59-8598-2e358faa1e41, Nodes: 2de491c0-1905-4845-ada7-2a3c171f2066{ip: 10.1.1.188, host: fv-az447-90.tnmeiuxxsqeu3byeydcnbj0j5d.dx.internal.cloudapp.net, ports: [REPLICATION=34959, RATIS=45745, RATIS_ADMIN=45745, RATIS_SERVER=45745, STANDALONE=41953], networkLocation: /default-rack, certSerialId: null, persistedOpState: IN_SERVICE, persistedOpStateExpiryEpochSec: 0}c61245f4-0084-4810-95a5-490d20dc424d{ip: 10.1.1.188, host: fv-az447-90.tnmeiuxxsqeu3byeydcnbj0j5d.dx.internal.cloudapp.net, ports: [REPLICATION=43855, RATIS=40855, RATIS_ADMIN=40855, RATIS_SERVER=40855, STANDALONE=34265], networkLocation: /default-rack, certSerialId: null, persistedOpState: IN_SERVICE, persistedOpStateExpiryEpochSec: 0}f675d99d-517f-4d8a-bd29-886eede0250d{ip: 10.1.1.188, host: fv-az447-90.tnmeiuxxsqeu3byeydcnbj0j5d.dx.internal.cloudapp.net, ports: [REPLICATION=34861, RATIS=37697, RATIS_ADMIN=37697, RATIS_SERVER=37697, STANDALONE=41787], networkLocation: /default-rack, certSerialId: null, persistedOpState: IN_SERVICE, persistedOpStateExpiryEpochSec: 0}, ReplicationConfig: RATIS/THREE, State:ALLOCATED, leaderId:f675d99d-517f-4d8a-bd29-886eede0250d, CreationTimestamp2022-10-19T08:45:14.198Z[Etc/UTC]] moved to OPEN state
2022-10-19 08:45:21,951 [f675d99d-517f-4d8a-bd29-886eede0250d@group-2E358FAA1E41-SegmentedRaftLogWorker] INFO  segmented.SegmentedRaftLogWorker (SegmentedRaftLogWorker.java:execute(656)) - f675d99d-517f-4d8a-bd29-886eede0250d@group-2E358FAA1E41-SegmentedRaftLogWorker: created new log segment /home/runner/work/ozone/ozone/hadoop-ozone/integration-test/target/test-dir/MiniOzoneClusterImpl-43a13940-e4af-4545-ab6e-e590eff1efbb/datanode-3/data/ratis/1ec18428-8ed9-4f59-8598-2e358faa1e41/current/log_inprogress_0
2022-10-19 08:45:21,953 [f675d99d-517f-4d8a-bd29-886eede0250d@group-2E358FAA1E41-LeaderElection9] INFO  server.RaftServer$Division (ServerState.java:setRaftConf(430)) - f675d99d-517f-4d8a-bd29-886eede0250d@group-2E358FAA1E41: set configuration 0: peers:[c61245f4-0084-4810-95a5-490d20dc424d|rpc:10.1.1.188:40855|dataStream:|priority:0|startupRole:FOLLOWER, f675d99d-517f-4d8a-bd29-886eede0250d|rpc:10.1.1.188:37697|dataStream:|priority:1|startupRole:FOLLOWER, 2de491c0-1905-4845-ada7-2a3c171f2066|rpc:10.1.1.188:45745|dataStream:|priority:0|startupRole:FOLLOWER]|listeners:[], old=null
2022-10-19 08:45:21,986 [2de491c0-1905-4845-ada7-2a3c171f2066-server-thread1] INFO  ratis.XceiverServerRatis (XceiverServerRatis.java:handleLeaderChangedNotification(863)) - Leader change notification received for group: group-2E358FAA1E41 with new leaderId: f675d99d-517f-4d8a-bd29-886eede0250d
2022-10-19 08:45:21,986 [2de491c0-1905-4845-ada7-2a3c171f2066-server-thread1] INFO  server.RaftServer$Division (ServerState.java:setLeader(313)) - 2de491c0-1905-4845-ada7-2a3c171f2066@group-2E358FAA1E41: change Leader from null to f675d99d-517f-4d8a-bd29-886eede0250d at term 1 for appendEntries, leader elected after 5185ms
2022-10-19 08:45:21,994 [2de491c0-1905-4845-ada7-2a3c171f2066-server-thread2] INFO  server.RaftServer$Division (ServerState.java:setRaftConf(430)) - 2de491c0-1905-4845-ada7-2a3c171f2066@group-2E358FAA1E41: set configuration 0: peers:[c61245f4-0084-4810-95a5-490d20dc424d|rpc:10.1.1.188:40855|dataStream:|priority:0|startupRole:FOLLOWER, f675d99d-517f-4d8a-bd29-886eede0250d|rpc:10.1.1.188:37697|dataStream:|priority:1|startupRole:FOLLOWER, 2de491c0-1905-4845-ada7-2a3c171f2066|rpc:10.1.1.188:45745|dataStream:|priority:0|startupRole:FOLLOWER]|listeners:[], old=null
2022-10-19 08:45:21,994 [2de491c0-1905-4845-ada7-2a3c171f2066-server-thread2] INFO  segmented.SegmentedRaftLogWorker (SegmentedRaftLogWorker.java:startLogSegment(452)) - 2de491c0-1905-4845-ada7-2a3c171f2066@group-2E358FAA1E41-SegmentedRaftLogWorker: Starting segment from index:0
2022-10-19 08:45:21,997 [2de491c0-1905-4845-ada7-2a3c171f2066@group-2E358FAA1E41-SegmentedRaftLogWorker] INFO  segmented.SegmentedRaftLogWorker (SegmentedRaftLogWorker.java:execute(656)) - 2de491c0-1905-4845-ada7-2a3c171f2066@group-2E358FAA1E41-SegmentedRaftLogWorker: created new log segment /home/runner/work/ozone/ozone/hadoop-ozone/integration-test/target/test-dir/MiniOzoneClusterImpl-43a13940-e4af-4545-ab6e-e590eff1efbb/datanode-5/data/ratis/1ec18428-8ed9-4f59-8598-2e358faa1e41/current/log_inprogress_0
2022-10-19 08:45:22,009 [c61245f4-0084-4810-95a5-490d20dc424d-server-thread1] INFO  ratis.XceiverServerRatis (XceiverServerRatis.java:handleLeaderChangedNotification(863)) - Leader change notification received for group: group-2E358FAA1E41 with new leaderId: f675d99d-517f-4d8a-bd29-886eede0250d
2022-10-19 08:45:22,009 [c61245f4-0084-4810-95a5-490d20dc424d-server-thread1] INFO  server.RaftServer$Division (ServerState.java:setLeader(313)) - c61245f4-0084-4810-95a5-490d20dc424d@group-2E358FAA1E41: change Leader from null to f675d99d-517f-4d8a-bd29-886eede0250d at term 1 for appendEntries, leader elected after 5171ms
2022-10-19 08:45:22,012 [Listener at 127.0.0.1/40043] WARN  erasurecode.ErasureCodeNative (ErasureCodeNative.java:<clinit>(55)) - ISA-L support is not available in your platform... using builtin-java codec where applicable
2022-10-19 08:45:22,023 [c61245f4-0084-4810-95a5-490d20dc424d-server-thread2] INFO  server.RaftServer$Division (ServerState.java:setRaftConf(430)) - c61245f4-0084-4810-95a5-490d20dc424d@group-2E358FAA1E41: set configuration 0: peers:[c61245f4-0084-4810-95a5-490d20dc424d|rpc:10.1.1.188:40855|dataStream:|priority:0|startupRole:FOLLOWER, f675d99d-517f-4d8a-bd29-886eede0250d|rpc:10.1.1.188:37697|dataStream:|priority:1|startupRole:FOLLOWER, 2de491c0-1905-4845-ada7-2a3c171f2066|rpc:10.1.1.188:45745|dataStream:|priority:0|startupRole:FOLLOWER]|listeners:[], old=null
2022-10-19 08:45:22,023 [c61245f4-0084-4810-95a5-490d20dc424d-server-thread2] INFO  segmented.SegmentedRaftLogWorker (SegmentedRaftLogWorker.java:startLogSegment(452)) - c61245f4-0084-4810-95a5-490d20dc424d@group-2E358FAA1E41-SegmentedRaftLogWorker: Starting segment from index:0
2022-10-19 08:45:22,027 [c61245f4-0084-4810-95a5-490d20dc424d@group-2E358FAA1E41-SegmentedRaftLogWorker] INFO  segmented.SegmentedRaftLogWorker (SegmentedRaftLogWorker.java:execute(656)) - c61245f4-0084-4810-95a5-490d20dc424d@group-2E358FAA1E41-SegmentedRaftLogWorker: created new log segment /home/runner/work/ozone/ozone/hadoop-ozone/integration-test/target/test-dir/MiniOzoneClusterImpl-43a13940-e4af-4545-ab6e-e590eff1efbb/datanode-4/data/ratis/1ec18428-8ed9-4f59-8598-2e358faa1e41/current/log_inprogress_0
2022-10-19 08:45:22,079 [c61245f4-0084-4810-95a5-490d20dc424d@group-F4D6B88598DC-FollowerState] INFO  impl.FollowerState (FollowerState.java:run(143)) - c61245f4-0084-4810-95a5-490d20dc424d@group-F4D6B88598DC-FollowerState: change to CANDIDATE, lastRpcElapsedTime:5196730834ns, electionTimeout:5196ms
2022-10-19 08:45:22,079 [c61245f4-0084-4810-95a5-490d20dc424d@group-F4D6B88598DC-FollowerState] INFO  impl.RoleInfo (RoleInfo.java:shutdownFollowerState(110)) - c61245f4-0084-4810-95a5-490d20dc424d: shutdown c61245f4-0084-4810-95a5-490d20dc424d@group-F4D6B88598DC-FollowerState
2022-10-19 08:45:22,079 [c61245f4-0084-4810-95a5-490d20dc424d@group-F4D6B88598DC-FollowerState] INFO  server.RaftServer$Division (RaftServerImpl.java:setRole(321)) - c61245f4-0084-4810-95a5-490d20dc424d@group-F4D6B88598DC: changes role from  FOLLOWER to CANDIDATE at term 0 for changeToCandidate
2022-10-19 08:45:22,080 [c61245f4-0084-4810-95a5-490d20dc424d@group-F4D6B88598DC-FollowerState] INFO  server.RaftServerConfigKeys (ConfUtils.java:logGet(46)) - raft.server.leaderelection.pre-vote = false (custom)
2022-10-19 08:45:22,080 [c61245f4-0084-4810-95a5-490d20dc424d@group-F4D6B88598DC-FollowerState] INFO  impl.RoleInfo (RoleInfo.java:updateAndGet(139)) - c61245f4-0084-4810-95a5-490d20dc424d: start c61245f4-0084-4810-95a5-490d20dc424d@group-F4D6B88598DC-LeaderElection10
2022-10-19 08:45:22,085 [c61245f4-0084-4810-95a5-490d20dc424d@group-F4D6B88598DC-LeaderElection10] INFO  impl.LeaderElection (LeaderElection.java:askForVotes(312)) - c61245f4-0084-4810-95a5-490d20dc424d@group-F4D6B88598DC-LeaderElection10 ELECTION round 0: submit vote requests at term 1 for -1: peers:[c61245f4-0084-4810-95a5-490d20dc424d|rpc:10.1.1.188:40855|priority:1|startupRole:FOLLOWER]|listeners:[], old=null
2022-10-19 08:45:22,085 [c61245f4-0084-4810-95a5-490d20dc424d@group-F4D6B88598DC-LeaderElection10] INFO  impl.LeaderElection (LeaderElection.java:askForVotes(314)) - c61245f4-0084-4810-95a5-490d20dc424d@group-F4D6B88598DC-LeaderElection10 ELECTION round 0: result PASSED (term=1)
2022-10-19 08:45:22,085 [c61245f4-0084-4810-95a5-490d20dc424d@group-F4D6B88598DC-LeaderElection10] INFO  impl.RoleInfo (RoleInfo.java:shutdownLeaderElection(130)) - c61245f4-0084-4810-95a5-490d20dc424d: shutdown c61245f4-0084-4810-95a5-490d20dc424d@group-F4D6B88598DC-LeaderElection10
2022-10-19 08:45:22,085 [c61245f4-0084-4810-95a5-490d20dc424d@group-F4D6B88598DC-LeaderElection10] INFO  server.RaftServer$Division (RaftServerImpl.java:setRole(321)) - c61245f4-0084-4810-95a5-490d20dc424d@group-F4D6B88598DC: changes role from CANDIDATE to LEADER at term 1 for changeToLeader
2022-10-19 08:45:22,085 [c61245f4-0084-4810-95a5-490d20dc424d@group-F4D6B88598DC-LeaderElection10] INFO  ratis.XceiverServerRatis (XceiverServerRatis.java:handleLeaderChangedNotification(863)) - Leader change notification received for group: group-F4D6B88598DC with new leaderId: c61245f4-0084-4810-95a5-490d20dc424d
2022-10-19 08:45:22,086 [c61245f4-0084-4810-95a5-490d20dc424d@group-F4D6B88598DC-LeaderElection10] INFO  server.RaftServer$Division (ServerState.java:setLeader(313)) - c61245f4-0084-4810-95a5-490d20dc424d@group-F4D6B88598DC: change Leader from null to c61245f4-0084-4810-95a5-490d20dc424d at term 1 for becomeLeader, leader elected after 5223ms
2022-10-19 08:45:22,086 [c61245f4-0084-4810-95a5-490d20dc424d@group-F4D6B88598DC-LeaderElection10] INFO  server.RaftServerConfigKeys (ConfUtils.java:logGet(46)) - raft.server.staging.catchup.gap = 1000 (default)
2022-10-19 08:45:22,086 [c61245f4-0084-4810-95a5-490d20dc424d@group-F4D6B88598DC-LeaderElection10] INFO  server.RaftServerConfigKeys (ConfUtils.java:logGet(46)) - raft.server.write.element-limit = 1024 (custom)
2022-10-19 08:45:22,091 [c61245f4-0084-4810-95a5-490d20dc424d@group-F4D6B88598DC-LeaderElection10] INFO  server.RaftServerConfigKeys (ConfUtils.java:logGet(46)) - raft.server.write.byte-limit = 1024 M (=1073741824) (custom)
2022-10-19 08:45:22,091 [c61245f4-0084-4810-95a5-490d20dc424d@group-F4D6B88598DC-LeaderElection10] INFO  server.RaftServerConfigKeys (ConfUtils.java:logGet(46)) - raft.server.watch.timeout = 180s (custom)
2022-10-19 08:45:22,091 [c61245f4-0084-4810-95a5-490d20dc424d@group-F4D6B88598DC-LeaderElection10] INFO  server.RaftServerConfigKeys (ConfUtils.java:logGet(46)) - raft.server.watch.timeout.denomination = 1s (default)
2022-10-19 08:45:22,091 [c61245f4-0084-4810-95a5-490d20dc424d@group-F4D6B88598DC-LeaderElection10] INFO  server.RaftServerConfigKeys (ConfUtils.java:logGet(46)) - raft.server.watch.element-limit = 65536 (default)
2022-10-19 08:45:22,093 [c61245f4-0084-4810-95a5-490d20dc424d@group-F4D6B88598DC-LeaderElection10] INFO  server.RaftServerConfigKeys (ConfUtils.java:logGet(46)) - raft.server.write.element-limit = 1024 (custom)
2022-10-19 08:45:22,094 [c61245f4-0084-4810-95a5-490d20dc424d@group-F4D6B88598DC-LeaderElection10] INFO  server.RaftServerConfigKeys (ConfUtils.java:logGet(46)) - raft.server.write.follower.gap.ratio.max = -1.0 (default)
2022-10-19 08:45:22,094 [c61245f4-0084-4810-95a5-490d20dc424d@group-F4D6B88598DC-LeaderElection10] INFO  impl.RoleInfo (RoleInfo.java:updateAndGet(139)) - c61245f4-0084-4810-95a5-490d20dc424d: start c61245f4-0084-4810-95a5-490d20dc424d@group-F4D6B88598DC-LeaderStateImpl
2022-10-19 08:45:22,094 [c61245f4-0084-4810-95a5-490d20dc424d@group-F4D6B88598DC-LeaderElection10] INFO  segmented.SegmentedRaftLogWorker (SegmentedRaftLogWorker.java:startLogSegment(452)) - c61245f4-0084-4810-95a5-490d20dc424d@group-F4D6B88598DC-SegmentedRaftLogWorker: Starting segment from index:0
2022-10-19 08:45:22,098 [c61245f4-0084-4810-95a5-490d20dc424d@group-F4D6B88598DC-SegmentedRaftLogWorker] INFO  segmented.SegmentedRaftLogWorker (SegmentedRaftLogWorker.java:execute(656)) - c61245f4-0084-4810-95a5-490d20dc424d@group-F4D6B88598DC-SegmentedRaftLogWorker: created new log segment /home/runner/work/ozone/ozone/hadoop-ozone/integration-test/target/test-dir/MiniOzoneClusterImpl-43a13940-e4af-4545-ab6e-e590eff1efbb/datanode-4/data/ratis/6adfa43f-71d3-4e1e-85d9-f4d6b88598dc/current/log_inprogress_0
2022-10-19 08:45:22,098 [c61245f4-0084-4810-95a5-490d20dc424d@group-F4D6B88598DC-LeaderElection10] INFO  server.RaftServer$Division (ServerState.java:setRaftConf(430)) - c61245f4-0084-4810-95a5-490d20dc424d@group-F4D6B88598DC: set configuration 0: peers:[c61245f4-0084-4810-95a5-490d20dc424d|rpc:10.1.1.188:40855|dataStream:|priority:1|startupRole:FOLLOWER]|listeners:[], old=null
2022-10-19 08:45:22,193 [Listener at 127.0.0.1/40043] INFO  impl.MetricsSystemImpl (MetricsSystemImpl.java:init(158)) - XceiverClientMetrics metrics system started (again)
2022-10-19 08:45:22,215 [2de491c0-1905-4845-ada7-2a3c171f2066@group-ADE01F2A5737-FollowerState] INFO  impl.FollowerState (FollowerState.java:run(143)) - 2de491c0-1905-4845-ada7-2a3c171f2066@group-ADE01F2A5737-FollowerState: change to CANDIDATE, lastRpcElapsedTime:5006496490ns, electionTimeout:5005ms
2022-10-19 08:45:22,215 [2de491c0-1905-4845-ada7-2a3c171f2066@group-ADE01F2A5737-FollowerState] INFO  impl.RoleInfo (RoleInfo.java:shutdownFollowerState(110)) - 2de491c0-1905-4845-ada7-2a3c171f2066: shutdown 2de491c0-1905-4845-ada7-2a3c171f2066@group-ADE01F2A5737-FollowerState
2022-10-19 08:45:22,215 [2de491c0-1905-4845-ada7-2a3c171f2066@group-ADE01F2A5737-FollowerState] INFO  server.RaftServer$Division (RaftServerImpl.java:setRole(321)) - 2de491c0-1905-4845-ada7-2a3c171f2066@group-ADE01F2A5737: changes role from  FOLLOWER to CANDIDATE at term 0 for changeToCandidate
2022-10-19 08:45:22,216 [2de491c0-1905-4845-ada7-2a3c171f2066@group-ADE01F2A5737-FollowerState] INFO  server.RaftServerConfigKeys (ConfUtils.java:logGet(46)) - raft.server.leaderelection.pre-vote = false (custom)
2022-10-19 08:45:22,216 [2de491c0-1905-4845-ada7-2a3c171f2066@group-ADE01F2A5737-FollowerState] INFO  impl.RoleInfo (RoleInfo.java:updateAndGet(139)) - 2de491c0-1905-4845-ada7-2a3c171f2066: start 2de491c0-1905-4845-ada7-2a3c171f2066@group-ADE01F2A5737-LeaderElection11
2022-10-19 08:45:22,240 [2de491c0-1905-4845-ada7-2a3c171f2066@group-ADE01F2A5737-LeaderElection11] INFO  impl.LeaderElection (LeaderElection.java:askForVotes(312)) - 2de491c0-1905-4845-ada7-2a3c171f2066@group-ADE01F2A5737-LeaderElection11 ELECTION round 0: submit vote requests at term 1 for -1: peers:[2de491c0-1905-4845-ada7-2a3c171f2066|rpc:10.1.1.188:45745|priority:1|startupRole:FOLLOWER]|listeners:[], old=null
2022-10-19 08:45:22,240 [2de491c0-1905-4845-ada7-2a3c171f2066@group-ADE01F2A5737-LeaderElection11] INFO  impl.LeaderElection (LeaderElection.java:askForVotes(314)) - 2de491c0-1905-4845-ada7-2a3c171f2066@group-ADE01F2A5737-LeaderElection11 ELECTION round 0: result PASSED (term=1)
2022-10-19 08:45:22,240 [2de491c0-1905-4845-ada7-2a3c171f2066@group-ADE01F2A5737-LeaderElection11] INFO  impl.RoleInfo (RoleInfo.java:shutdownLeaderElection(130)) - 2de491c0-1905-4845-ada7-2a3c171f2066: shutdown 2de491c0-1905-4845-ada7-2a3c171f2066@group-ADE01F2A5737-LeaderElection11
2022-10-19 08:45:22,240 [2de491c0-1905-4845-ada7-2a3c171f2066@group-ADE01F2A5737-LeaderElection11] INFO  server.RaftServer$Division (RaftServerImpl.java:setRole(321)) - 2de491c0-1905-4845-ada7-2a3c171f2066@group-ADE01F2A5737: changes role from CANDIDATE to LEADER at term 1 for changeToLeader
2022-10-19 08:45:22,241 [2de491c0-1905-4845-ada7-2a3c171f2066@group-ADE01F2A5737-LeaderElection11] INFO  ratis.XceiverServerRatis (XceiverServerRatis.java:handleLeaderChangedNotification(863)) - Leader change notification received for group: group-ADE01F2A5737 with new leaderId: 2de491c0-1905-4845-ada7-2a3c171f2066
2022-10-19 08:45:22,241 [2de491c0-1905-4845-ada7-2a3c171f2066@group-ADE01F2A5737-LeaderElection11] INFO  server.RaftServer$Division (ServerState.java:setLeader(313)) - 2de491c0-1905-4845-ada7-2a3c171f2066@group-ADE01F2A5737: change Leader from null to 2de491c0-1905-4845-ada7-2a3c171f2066 at term 1 for becomeLeader, leader elected after 5047ms
2022-10-19 08:45:22,241 [2de491c0-1905-4845-ada7-2a3c171f2066@group-ADE01F2A5737-LeaderElection11] INFO  server.RaftServerConfigKeys (ConfUtils.java:logGet(46)) - raft.server.staging.catchup.gap = 1000 (default)
2022-10-19 08:45:22,241 [2de491c0-1905-4845-ada7-2a3c171f2066@group-ADE01F2A5737-LeaderElection11] INFO  server.RaftServerConfigKeys (ConfUtils.java:logGet(46)) - raft.server.write.element-limit = 1024 (custom)
2022-10-19 08:45:22,241 [2de491c0-1905-4845-ada7-2a3c171f2066@group-ADE01F2A5737-LeaderElection11] INFO  server.RaftServerConfigKeys (ConfUtils.java:logGet(46)) - raft.server.write.byte-limit = 1024 M (=1073741824) (custom)
2022-10-19 08:45:22,241 [2de491c0-1905-4845-ada7-2a3c171f2066@group-ADE01F2A5737-LeaderElection11] INFO  server.RaftServerConfigKeys (ConfUtils.java:logGet(46)) - raft.server.watch.timeout = 180s (custom)
2022-10-19 08:45:22,241 [2de491c0-1905-4845-ada7-2a3c171f2066@group-ADE01F2A5737-LeaderElection11] INFO  server.RaftServerConfigKeys (ConfUtils.java:logGet(46)) - raft.server.watch.timeout.denomination = 1s (default)
2022-10-19 08:45:22,241 [2de491c0-1905-4845-ada7-2a3c171f2066@group-ADE01F2A5737-LeaderElection11] INFO  server.RaftServerConfigKeys (ConfUtils.java:logGet(46)) - raft.server.watch.element-limit = 65536 (default)
2022-10-19 08:45:22,242 [2de491c0-1905-4845-ada7-2a3c171f2066@group-ADE01F2A5737-LeaderElection11] INFO  server.RaftServerConfigKeys (ConfUtils.java:logGet(46)) - raft.server.write.element-limit = 1024 (custom)
2022-10-19 08:45:22,242 [2de491c0-1905-4845-ada7-2a3c171f2066@group-ADE01F2A5737-LeaderElection11] INFO  server.RaftServerConfigKeys (ConfUtils.java:logGet(46)) - raft.server.write.follower.gap.ratio.max = -1.0 (default)
2022-10-19 08:45:22,242 [2de491c0-1905-4845-ada7-2a3c171f2066@group-ADE01F2A5737-LeaderElection11] INFO  impl.RoleInfo (RoleInfo.java:updateAndGet(139)) - 2de491c0-1905-4845-ada7-2a3c171f2066: start 2de491c0-1905-4845-ada7-2a3c171f2066@group-ADE01F2A5737-LeaderStateImpl
2022-10-19 08:45:22,242 [2de491c0-1905-4845-ada7-2a3c171f2066@group-ADE01F2A5737-LeaderElection11] INFO  segmented.SegmentedRaftLogWorker (SegmentedRaftLogWorker.java:startLogSegment(452)) - 2de491c0-1905-4845-ada7-2a3c171f2066@group-ADE01F2A5737-SegmentedRaftLogWorker: Starting segment from index:0
2022-10-19 08:45:22,245 [2de491c0-1905-4845-ada7-2a3c171f2066@group-ADE01F2A5737-SegmentedRaftLogWorker] INFO  segmented.SegmentedRaftLogWorker (SegmentedRaftLogWorker.java:execute(656)) - 2de491c0-1905-4845-ada7-2a3c171f2066@group-ADE01F2A5737-SegmentedRaftLogWorker: created new log segment /home/runner/work/ozone/ozone/hadoop-ozone/integration-test/target/test-dir/MiniOzoneClusterImpl-43a13940-e4af-4545-ab6e-e590eff1efbb/datanode-5/data/ratis/e78c9898-718e-4f14-bca0-ade01f2a5737/current/log_inprogress_0
2022-10-19 08:45:22,245 [2de491c0-1905-4845-ada7-2a3c171f2066@group-ADE01F2A5737-LeaderElection11] INFO  server.RaftServer$Division (ServerState.java:setRaftConf(430)) - 2de491c0-1905-4845-ada7-2a3c171f2066@group-ADE01F2A5737: set configuration 0: peers:[2de491c0-1905-4845-ada7-2a3c171f2066|rpc:10.1.1.188:45745|dataStream:|priority:1|startupRole:FOLLOWER]|listeners:[], old=null
2022-10-19 08:45:22,628 [Listener at 127.0.0.1/40043] INFO  ozoneimpl.OzoneContainer (OzoneContainer.java:stop(400)) - Attempting to stop container services.
2022-10-19 08:45:22,637 [Listener at 127.0.0.1/40043] INFO  server.RaftServer (RaftServerProxy.java:lambda$close$6(409)) - 88796760-9d6a-455a-8b63-676b32daf901: close
2022-10-19 08:45:22,638 [88796760-9d6a-455a-8b63-676b32daf901-impl-thread1] INFO  server.RaftServer$Division (RaftServerImpl.java:lambda$close$4(458)) - 88796760-9d6a-455a-8b63-676b32daf901@group-E6FA9D2C0870: shutdown
2022-10-19 08:45:22,639 [88796760-9d6a-455a-8b63-676b32daf901-impl-thread1] INFO  util.JmxRegister (JmxRegister.java:unregister(73)) - Successfully un-registered JMX Bean with object name Ratis:service=RaftServer,group=group-E6FA9D2C0870,id=88796760-9d6a-455a-8b63-676b32daf901
2022-10-19 08:45:22,639 [88796760-9d6a-455a-8b63-676b32daf901-impl-thread1] INFO  impl.RoleInfo (RoleInfo.java:shutdownFollowerState(110)) - 88796760-9d6a-455a-8b63-676b32daf901: shutdown 88796760-9d6a-455a-8b63-676b32daf901@group-E6FA9D2C0870-FollowerState
2022-10-19 08:45:22,639 [88796760-9d6a-455a-8b63-676b32daf901-impl-thread1] INFO  impl.StateMachineUpdater (StateMachineUpdater.java:stopAndJoin(153)) - 88796760-9d6a-455a-8b63-676b32daf901@group-E6FA9D2C0870-StateMachineUpdater: set stopIndex = -1
2022-10-19 08:45:22,639 [88796760-9d6a-455a-8b63-676b32daf901@group-E6FA9D2C0870-FollowerState] INFO  impl.FollowerState (FollowerState.java:run(152)) - 88796760-9d6a-455a-8b63-676b32daf901@group-E6FA9D2C0870-FollowerState was interrupted
2022-10-19 08:45:22,645 [88796760-9d6a-455a-8b63-676b32daf901-impl-thread1] INFO  server.RaftServer$Division (ServerState.java:close(466)) - 88796760-9d6a-455a-8b63-676b32daf901@group-E6FA9D2C0870: closes. applyIndex: -1
2022-10-19 08:45:22,645 [88796760-9d6a-455a-8b63-676b32daf901-impl-thread2] INFO  server.RaftServer$Division (RaftServerImpl.java:lambda$close$4(458)) - 88796760-9d6a-455a-8b63-676b32daf901@group-683656F47C8E: shutdown
2022-10-19 08:45:22,645 [88796760-9d6a-455a-8b63-676b32daf901-impl-thread2] INFO  util.JmxRegister (JmxRegister.java:unregister(73)) - Successfully un-registered JMX Bean with object name Ratis:service=RaftServer,group=group-683656F47C8E,id=88796760-9d6a-455a-8b63-676b32daf901
2022-10-19 08:45:22,645 [88796760-9d6a-455a-8b63-676b32daf901-impl-thread2] INFO  impl.RoleInfo (RoleInfo.java:shutdownFollowerState(110)) - 88796760-9d6a-455a-8b63-676b32daf901: shutdown 88796760-9d6a-455a-8b63-676b32daf901@group-683656F47C8E-FollowerState
2022-10-19 08:45:22,646 [Listener at 127.0.0.1/40043] INFO  server.GrpcService (GrpcService.java:closeImpl(279)) - 88796760-9d6a-455a-8b63-676b32daf901: shutdown server GrpcServerProtocolService now
2022-10-19 08:45:22,649 [88796760-9d6a-455a-8b63-676b32daf901@group-E6FA9D2C0870-SegmentedRaftLogWorker] INFO  segmented.SegmentedRaftLogWorker (SegmentedRaftLogWorker.java:run(345)) - 88796760-9d6a-455a-8b63-676b32daf901@group-E6FA9D2C0870-SegmentedRaftLogWorker was interrupted, exiting. There are 0 tasks remaining in the queue.
2022-10-19 08:45:22,649 [88796760-9d6a-455a-8b63-676b32daf901-impl-thread1] INFO  segmented.SegmentedRaftLogWorker (SegmentedRaftLogWorker.java:close(255)) - 88796760-9d6a-455a-8b63-676b32daf901@group-E6FA9D2C0870-SegmentedRaftLogWorker close()
2022-10-19 08:45:22,650 [88796760-9d6a-455a-8b63-676b32daf901@group-683656F47C8E-FollowerState] INFO  impl.FollowerState (FollowerState.java:run(152)) - 88796760-9d6a-455a-8b63-676b32daf901@group-683656F47C8E-FollowerState was interrupted
2022-10-19 08:45:22,651 [88796760-9d6a-455a-8b63-676b32daf901-impl-thread3] INFO  server.RaftServer$Division (RaftServerImpl.java:lambda$close$4(458)) - 88796760-9d6a-455a-8b63-676b32daf901@group-F96FFF3E3AB8: shutdown
2022-10-19 08:45:22,651 [88796760-9d6a-455a-8b63-676b32daf901-impl-thread3] INFO  util.JmxRegister (JmxRegister.java:unregister(73)) - Successfully un-registered JMX Bean with object name Ratis:service=RaftServer,group=group-F96FFF3E3AB8,id=88796760-9d6a-455a-8b63-676b32daf901
2022-10-19 08:45:22,651 [88796760-9d6a-455a-8b63-676b32daf901-impl-thread3] INFO  impl.RoleInfo (RoleInfo.java:shutdownFollowerState(110)) - 88796760-9d6a-455a-8b63-676b32daf901: shutdown 88796760-9d6a-455a-8b63-676b32daf901@group-F96FFF3E3AB8-FollowerState
2022-10-19 08:45:22,651 [88796760-9d6a-455a-8b63-676b32daf901@group-F96FFF3E3AB8-FollowerState] INFO  impl.FollowerState (FollowerState.java:run(152)) - 88796760-9d6a-455a-8b63-676b32daf901@group-F96FFF3E3AB8-FollowerState was interrupted
2022-10-19 08:45:22,650 [88796760-9d6a-455a-8b63-676b32daf901-impl-thread2] INFO  impl.StateMachineUpdater (StateMachineUpdater.java:stopAndJoin(153)) - 88796760-9d6a-455a-8b63-676b32daf901@group-683656F47C8E-StateMachineUpdater: set stopIndex = -1
2022-10-19 08:45:22,652 [88796760-9d6a-455a-8b63-676b32daf901-impl-thread2] INFO  server.RaftServer$Division (ServerState.java:close(466)) - 88796760-9d6a-455a-8b63-676b32daf901@group-683656F47C8E: closes. applyIndex: -1
2022-10-19 08:45:22,653 [88796760-9d6a-455a-8b63-676b32daf901@group-683656F47C8E-SegmentedRaftLogWorker] INFO  segmented.SegmentedRaftLogWorker (SegmentedRaftLogWorker.java:run(345)) - 88796760-9d6a-455a-8b63-676b32daf901@group-683656F47C8E-SegmentedRaftLogWorker was interrupted, exiting. There are 0 tasks remaining in the queue.
2022-10-19 08:45:22,653 [88796760-9d6a-455a-8b63-676b32daf901-impl-thread2] INFO  segmented.SegmentedRaftLogWorker (SegmentedRaftLogWorker.java:close(255)) - 88796760-9d6a-455a-8b63-676b32daf901@group-683656F47C8E-SegmentedRaftLogWorker close()
2022-10-19 08:45:22,651 [88796760-9d6a-455a-8b63-676b32daf901-impl-thread3] INFO  impl.StateMachineUpdater (StateMachineUpdater.java:stopAndJoin(153)) - 88796760-9d6a-455a-8b63-676b32daf901@group-F96FFF3E3AB8-StateMachineUpdater: set stopIndex = -1
2022-10-19 08:45:22,653 [Listener at 127.0.0.1/40043] INFO  server.GrpcService (GrpcService.java:closeImpl(288)) - 88796760-9d6a-455a-8b63-676b32daf901: shutdown server GrpcServerProtocolService successfully
2022-10-19 08:45:22,654 [88796760-9d6a-455a-8b63-676b32daf901-impl-thread3] INFO  server.RaftServer$Division (ServerState.java:close(466)) - 88796760-9d6a-455a-8b63-676b32daf901@group-F96FFF3E3AB8: closes. applyIndex: -1
2022-10-19 08:45:22,654 [88796760-9d6a-455a-8b63-676b32daf901@group-F96FFF3E3AB8-SegmentedRaftLogWorker] INFO  segmented.SegmentedRaftLogWorker (SegmentedRaftLogWorker.java:run(345)) - 88796760-9d6a-455a-8b63-676b32daf901@group-F96FFF3E3AB8-SegmentedRaftLogWorker was interrupted, exiting. There are 0 tasks remaining in the queue.
2022-10-19 08:45:22,654 [88796760-9d6a-455a-8b63-676b32daf901-impl-thread3] INFO  segmented.SegmentedRaftLogWorker (SegmentedRaftLogWorker.java:close(255)) - 88796760-9d6a-455a-8b63-676b32daf901@group-F96FFF3E3AB8-SegmentedRaftLogWorker close()
2022-10-19 08:45:22,660 [JvmPauseMonitor7] INFO  util.JvmPauseMonitor (JvmPauseMonitor.java:run(111)) - JvmPauseMonitor-88796760-9d6a-455a-8b63-676b32daf901: Stopped
2022-10-19 08:45:22,858 [2793c3be-81e9-49ed-8ebe-f0dc6850cb05@group-683656F47C8E-FollowerState] INFO  impl.FollowerState (FollowerState.java:run(143)) - 2793c3be-81e9-49ed-8ebe-f0dc6850cb05@group-683656F47C8E-FollowerState: change to CANDIDATE, lastRpcElapsedTime:5062818695ns, electionTimeout:5061ms
2022-10-19 08:45:22,858 [2793c3be-81e9-49ed-8ebe-f0dc6850cb05@group-683656F47C8E-FollowerState] INFO  impl.RoleInfo (RoleInfo.java:shutdownFollowerState(110)) - 2793c3be-81e9-49ed-8ebe-f0dc6850cb05: shutdown 2793c3be-81e9-49ed-8ebe-f0dc6850cb05@group-683656F47C8E-FollowerState
2022-10-19 08:45:22,859 [2793c3be-81e9-49ed-8ebe-f0dc6850cb05@group-683656F47C8E-FollowerState] INFO  server.RaftServer$Division (RaftServerImpl.java:setRole(321)) - 2793c3be-81e9-49ed-8ebe-f0dc6850cb05@group-683656F47C8E: changes role from  FOLLOWER to CANDIDATE at term 0 for changeToCandidate
2022-10-19 08:45:22,859 [2793c3be-81e9-49ed-8ebe-f0dc6850cb05@group-683656F47C8E-FollowerState] INFO  server.RaftServerConfigKeys (ConfUtils.java:logGet(46)) - raft.server.leaderelection.pre-vote = false (custom)
2022-10-19 08:45:22,859 [2793c3be-81e9-49ed-8ebe-f0dc6850cb05@group-683656F47C8E-FollowerState] INFO  impl.RoleInfo (RoleInfo.java:updateAndGet(139)) - 2793c3be-81e9-49ed-8ebe-f0dc6850cb05: start 2793c3be-81e9-49ed-8ebe-f0dc6850cb05@group-683656F47C8E-LeaderElection12
2022-10-19 08:45:22,863 [2793c3be-81e9-49ed-8ebe-f0dc6850cb05@group-683656F47C8E-LeaderElection12] INFO  impl.LeaderElection (LeaderElection.java:askForVotes(312)) - 2793c3be-81e9-49ed-8ebe-f0dc6850cb05@group-683656F47C8E-LeaderElection12 ELECTION round 0: submit vote requests at term 1 for -1: peers:[2793c3be-81e9-49ed-8ebe-f0dc6850cb05|rpc:10.1.1.188:34763|dataStream:|priority:0|startupRole:FOLLOWER, bca43735-b008-443f-9343-82cfc7e5cdbd|rpc:10.1.1.188:44765|dataStream:|priority:1|startupRole:FOLLOWER, 88796760-9d6a-455a-8b63-676b32daf901|rpc:10.1.1.188:43773|dataStream:|priority:0|startupRole:FOLLOWER]|listeners:[], old=null
2022-10-19 08:45:22,864 [2793c3be-81e9-49ed-8ebe-f0dc6850cb05@group-683656F47C8E-LeaderElection12-1] INFO  server.GrpcServerProtocolClient (GrpcServerProtocolClient.java:<init>(63)) - Build channel for bca43735-b008-443f-9343-82cfc7e5cdbd
2022-10-19 08:45:22,864 [2793c3be-81e9-49ed-8ebe-f0dc6850cb05@group-683656F47C8E-LeaderElection12] INFO  server.RaftServerConfigKeys (ConfUtils.java:logFallback(53)) - raft.server.rpc.first-election.timeout.min = 5s (fallback to raft.server.rpc.timeout.min)
2022-10-19 08:45:22,864 [2793c3be-81e9-49ed-8ebe-f0dc6850cb05@group-683656F47C8E-LeaderElection12] INFO  server.RaftServerConfigKeys (ConfUtils.java:logFallback(53)) - raft.server.rpc.first-election.timeout.max = 5200ms (fallback to raft.server.rpc.timeout.max)
2022-10-19 08:45:22,864 [2793c3be-81e9-49ed-8ebe-f0dc6850cb05@group-683656F47C8E-LeaderElection12-2] INFO  server.GrpcServerProtocolClient (GrpcServerProtocolClient.java:<init>(63)) - Build channel for 88796760-9d6a-455a-8b63-676b32daf901
2022-10-19 08:45:22,881 [2793c3be-81e9-49ed-8ebe-f0dc6850cb05@group-683656F47C8E-LeaderElection12] INFO  impl.LeaderElection (LogUtils.java:infoOrTrace(137)) - 2793c3be-81e9-49ed-8ebe-f0dc6850cb05@group-683656F47C8E-LeaderElection12 got exception when requesting votes: java.util.concurrent.ExecutionException: org.apache.ratis.thirdparty.io.grpc.StatusRuntimeException: UNAVAILABLE: io exception
2022-10-19 08:45:22,885 [grpc-default-executor-3] INFO  server.RaftServer$Division (RaftServerImpl.java:requestVote(1218)) - bca43735-b008-443f-9343-82cfc7e5cdbd@group-683656F47C8E: receive requestVote(ELECTION, 2793c3be-81e9-49ed-8ebe-f0dc6850cb05, group-683656F47C8E, 1, (t:0, i:0))
2022-10-19 08:45:22,885 [grpc-default-executor-3] INFO  impl.VoteContext (VoteContext.java:log(48)) - bca43735-b008-443f-9343-82cfc7e5cdbd@group-683656F47C8E-FOLLOWER: reject ELECTION from 2793c3be-81e9-49ed-8ebe-f0dc6850cb05: our priority 1 > candidate's priority 0
2022-10-19 08:45:22,885 [grpc-default-executor-3] INFO  server.RaftServer$Division (RaftServerImpl.java:setRole(321)) - bca43735-b008-443f-9343-82cfc7e5cdbd@group-683656F47C8E: changes role from  FOLLOWER to FOLLOWER at term 1 for candidate:2793c3be-81e9-49ed-8ebe-f0dc6850cb05
2022-10-19 08:45:22,885 [grpc-default-executor-3] INFO  impl.RoleInfo (RoleInfo.java:shutdownFollowerState(110)) - bca43735-b008-443f-9343-82cfc7e5cdbd: shutdown bca43735-b008-443f-9343-82cfc7e5cdbd@group-683656F47C8E-FollowerState
2022-10-19 08:45:22,885 [grpc-default-executor-3] INFO  impl.RoleInfo (RoleInfo.java:updateAndGet(139)) - bca43735-b008-443f-9343-82cfc7e5cdbd: start bca43735-b008-443f-9343-82cfc7e5cdbd@group-683656F47C8E-FollowerState
2022-10-19 08:45:22,886 [bca43735-b008-443f-9343-82cfc7e5cdbd@group-683656F47C8E-FollowerState] INFO  impl.FollowerState (FollowerState.java:run(152)) - bca43735-b008-443f-9343-82cfc7e5cdbd@group-683656F47C8E-FollowerState was interrupted
2022-10-19 08:45:22,886 [bca43735-b008-443f-9343-82cfc7e5cdbd@group-683656F47C8E-FollowerState] INFO  server.RaftServerConfigKeys (ConfUtils.java:logFallback(53)) - raft.server.rpc.first-election.timeout.min = 5s (fallback to raft.server.rpc.timeout.min)
2022-10-19 08:45:22,886 [bca43735-b008-443f-9343-82cfc7e5cdbd@group-683656F47C8E-FollowerState] INFO  server.RaftServerConfigKeys (ConfUtils.java:logFallback(53)) - raft.server.rpc.first-election.timeout.max = 5200ms (fallback to raft.server.rpc.timeout.max)
2022-10-19 08:45:22,887 [grpc-default-executor-3] INFO  server.RaftServer$Division (RaftServerImpl.java:requestVote(1251)) - bca43735-b008-443f-9343-82cfc7e5cdbd@group-683656F47C8E replies to ELECTION vote request: 2793c3be-81e9-49ed-8ebe-f0dc6850cb05<-bca43735-b008-443f-9343-82cfc7e5cdbd#0:FAIL-t1. Peer's state: bca43735-b008-443f-9343-82cfc7e5cdbd@group-683656F47C8E:t1, leader=null, voted=null, raftlog=Memoized:bca43735-b008-443f-9343-82cfc7e5cdbd@group-683656F47C8E-SegmentedRaftLog:OPENED:c-1, conf=-1: peers:[2793c3be-81e9-49ed-8ebe-f0dc6850cb05|rpc:10.1.1.188:34763|dataStream:|priority:0|startupRole:FOLLOWER, bca43735-b008-443f-9343-82cfc7e5cdbd|rpc:10.1.1.188:44765|dataStream:|priority:1|startupRole:FOLLOWER, 88796760-9d6a-455a-8b63-676b32daf901|rpc:10.1.1.188:43773|dataStream:|priority:0|startupRole:FOLLOWER]|listeners:[], old=null
2022-10-19 08:45:22,891 [2793c3be-81e9-49ed-8ebe-f0dc6850cb05@group-683656F47C8E-LeaderElection12] INFO  impl.LeaderElection (LeaderElection.java:logAndReturn(90)) - 2793c3be-81e9-49ed-8ebe-f0dc6850cb05@group-683656F47C8E-LeaderElection12: ELECTION REJECTED received 1 response(s) and 1 exception(s):
2022-10-19 08:45:22,891 [2793c3be-81e9-49ed-8ebe-f0dc6850cb05@group-683656F47C8E-LeaderElection12] INFO  impl.LeaderElection (LeaderElection.java:logAndReturn(94)) -   Response 0: 2793c3be-81e9-49ed-8ebe-f0dc6850cb05<-bca43735-b008-443f-9343-82cfc7e5cdbd#0:FAIL-t1
2022-10-19 08:45:22,892 [2793c3be-81e9-49ed-8ebe-f0dc6850cb05@group-683656F47C8E-LeaderElection12] INFO  impl.LeaderElection (LogUtils.java:infoOrTrace(137)) -   Exception 1: java.util.concurrent.ExecutionException: org.apache.ratis.thirdparty.io.grpc.StatusRuntimeException: UNAVAILABLE: io exception
2022-10-19 08:45:22,892 [2793c3be-81e9-49ed-8ebe-f0dc6850cb05@group-683656F47C8E-LeaderElection12] INFO  impl.LeaderElection (LeaderElection.java:askForVotes(314)) - 2793c3be-81e9-49ed-8ebe-f0dc6850cb05@group-683656F47C8E-LeaderElection12 ELECTION round 0: result REJECTED
2022-10-19 08:45:22,893 [2793c3be-81e9-49ed-8ebe-f0dc6850cb05@group-683656F47C8E-LeaderElection12] INFO  server.RaftServer$Division (RaftServerImpl.java:setRole(321)) - 2793c3be-81e9-49ed-8ebe-f0dc6850cb05@group-683656F47C8E: changes role from CANDIDATE to FOLLOWER at term 1 for REJECTED
2022-10-19 08:45:22,893 [2793c3be-81e9-49ed-8ebe-f0dc6850cb05@group-683656F47C8E-LeaderElection12] INFO  impl.RoleInfo (RoleInfo.java:shutdownLeaderElection(130)) - 2793c3be-81e9-49ed-8ebe-f0dc6850cb05: shutdown 2793c3be-81e9-49ed-8ebe-f0dc6850cb05@group-683656F47C8E-LeaderElection12
2022-10-19 08:45:22,893 [2793c3be-81e9-49ed-8ebe-f0dc6850cb05@group-683656F47C8E-LeaderElection12] INFO  impl.RoleInfo (RoleInfo.java:updateAndGet(139)) - 2793c3be-81e9-49ed-8ebe-f0dc6850cb05: start 2793c3be-81e9-49ed-8ebe-f0dc6850cb05@group-683656F47C8E-FollowerState
2022-10-19 08:45:22,896 [2793c3be-81e9-49ed-8ebe-f0dc6850cb05@group-683656F47C8E-FollowerState] INFO  server.RaftServerConfigKeys (ConfUtils.java:logFallback(53)) - raft.server.rpc.first-election.timeout.min = 5s (fallback to raft.server.rpc.timeout.min)
2022-10-19 08:45:22,896 [2793c3be-81e9-49ed-8ebe-f0dc6850cb05@group-683656F47C8E-FollowerState] INFO  server.RaftServerConfigKeys (ConfUtils.java:logFallback(53)) - raft.server.rpc.first-election.timeout.max = 5200ms (fallback to raft.server.rpc.timeout.max)
2022-10-19 08:45:22,992 [2793c3be-81e9-49ed-8ebe-f0dc6850cb05@group-F96FFF3E3AB8-FollowerState] INFO  impl.FollowerState (FollowerState.java:run(143)) - 2793c3be-81e9-49ed-8ebe-f0dc6850cb05@group-F96FFF3E3AB8-FollowerState: change to CANDIDATE, lastRpcElapsedTime:5071338115ns, electionTimeout:5070ms
2022-10-19 08:45:22,992 [2793c3be-81e9-49ed-8ebe-f0dc6850cb05@group-F96FFF3E3AB8-FollowerState] INFO  impl.RoleInfo (RoleInfo.java:shutdownFollowerState(110)) - 2793c3be-81e9-49ed-8ebe-f0dc6850cb05: shutdown 2793c3be-81e9-49ed-8ebe-f0dc6850cb05@group-F96FFF3E3AB8-FollowerState
2022-10-19 08:45:22,992 [2793c3be-81e9-49ed-8ebe-f0dc6850cb05@group-F96FFF3E3AB8-FollowerState] INFO  server.RaftServer$Division (RaftServerImpl.java:setRole(321)) - 2793c3be-81e9-49ed-8ebe-f0dc6850cb05@group-F96FFF3E3AB8: changes role from  FOLLOWER to CANDIDATE at term 0 for changeToCandidate
2022-10-19 08:45:22,992 [2793c3be-81e9-49ed-8ebe-f0dc6850cb05@group-F96FFF3E3AB8-FollowerState] INFO  server.RaftServerConfigKeys (ConfUtils.java:logGet(46)) - raft.server.leaderelection.pre-vote = false (custom)
2022-10-19 08:45:22,992 [2793c3be-81e9-49ed-8ebe-f0dc6850cb05@group-F96FFF3E3AB8-FollowerState] INFO  impl.RoleInfo (RoleInfo.java:updateAndGet(139)) - 2793c3be-81e9-49ed-8ebe-f0dc6850cb05: start 2793c3be-81e9-49ed-8ebe-f0dc6850cb05@group-F96FFF3E3AB8-LeaderElection13
2022-10-19 08:45:22,995 [2793c3be-81e9-49ed-8ebe-f0dc6850cb05@group-F96FFF3E3AB8-LeaderElection13] INFO  impl.LeaderElection (LeaderElection.java:askForVotes(312)) - 2793c3be-81e9-49ed-8ebe-f0dc6850cb05@group-F96FFF3E3AB8-LeaderElection13 ELECTION round 0: submit vote requests at term 1 for -1: peers:[2793c3be-81e9-49ed-8ebe-f0dc6850cb05|rpc:10.1.1.188:34763|dataStream:|priority:0|startupRole:FOLLOWER, bca43735-b008-443f-9343-82cfc7e5cdbd|rpc:10.1.1.188:44765|dataStream:|priority:0|startupRole:FOLLOWER, 88796760-9d6a-455a-8b63-676b32daf901|rpc:10.1.1.188:43773|dataStream:|priority:1|startupRole:FOLLOWER]|listeners:[], old=null
2022-10-19 08:45:22,996 [2793c3be-81e9-49ed-8ebe-f0dc6850cb05@group-F96FFF3E3AB8-LeaderElection13] INFO  server.RaftServerConfigKeys (ConfUtils.java:logFallback(53)) - raft.server.rpc.first-election.timeout.min = 5s (fallback to raft.server.rpc.timeout.min)
2022-10-19 08:45:22,996 [2793c3be-81e9-49ed-8ebe-f0dc6850cb05@group-F96FFF3E3AB8-LeaderElection13] INFO  server.RaftServerConfigKeys (ConfUtils.java:logFallback(53)) - raft.server.rpc.first-election.timeout.max = 5200ms (fallback to raft.server.rpc.timeout.max)
2022-10-19 08:45:22,997 [2793c3be-81e9-49ed-8ebe-f0dc6850cb05@group-F96FFF3E3AB8-LeaderElection13] INFO  impl.LeaderElection (LogUtils.java:infoOrTrace(137)) - 2793c3be-81e9-49ed-8ebe-f0dc6850cb05@group-F96FFF3E3AB8-LeaderElection13 got exception when requesting votes: java.util.concurrent.ExecutionException: org.apache.ratis.thirdparty.io.grpc.StatusRuntimeException: UNAVAILABLE: io exception
2022-10-19 08:45:22,999 [grpc-default-executor-3] INFO  server.RaftServer$Division (RaftServerImpl.java:requestVote(1218)) - bca43735-b008-443f-9343-82cfc7e5cdbd@group-F96FFF3E3AB8: receive requestVote(ELECTION, 2793c3be-81e9-49ed-8ebe-f0dc6850cb05, group-F96FFF3E3AB8, 1, (t:0, i:0))
2022-10-19 08:45:22,999 [grpc-default-executor-3] INFO  impl.VoteContext (VoteContext.java:log(48)) - bca43735-b008-443f-9343-82cfc7e5cdbd@group-F96FFF3E3AB8-FOLLOWER: accept ELECTION from 2793c3be-81e9-49ed-8ebe-f0dc6850cb05: our priority 0 <= candidate's priority 0
2022-10-19 08:45:23,000 [grpc-default-executor-3] INFO  server.RaftServer$Division (RaftServerImpl.java:setRole(321)) - bca43735-b008-443f-9343-82cfc7e5cdbd@group-F96FFF3E3AB8: changes role from  FOLLOWER to FOLLOWER at term 1 for candidate:2793c3be-81e9-49ed-8ebe-f0dc6850cb05
2022-10-19 08:45:23,000 [grpc-default-executor-3] INFO  impl.RoleInfo (RoleInfo.java:shutdownFollowerState(110)) - bca43735-b008-443f-9343-82cfc7e5cdbd: shutdown bca43735-b008-443f-9343-82cfc7e5cdbd@group-F96FFF3E3AB8-FollowerState
2022-10-19 08:45:23,000 [grpc-default-executor-3] INFO  impl.RoleInfo (RoleInfo.java:updateAndGet(139)) - bca43735-b008-443f-9343-82cfc7e5cdbd: start bca43735-b008-443f-9343-82cfc7e5cdbd@group-F96FFF3E3AB8-FollowerState
2022-10-19 08:45:23,000 [bca43735-b008-443f-9343-82cfc7e5cdbd@group-F96FFF3E3AB8-FollowerState] INFO  impl.FollowerState (FollowerState.java:run(152)) - bca43735-b008-443f-9343-82cfc7e5cdbd@group-F96FFF3E3AB8-FollowerState was interrupted
2022-10-19 08:45:23,000 [bca43735-b008-443f-9343-82cfc7e5cdbd@group-F96FFF3E3AB8-FollowerState] INFO  server.RaftServerConfigKeys (ConfUtils.java:logFallback(53)) - raft.server.rpc.first-election.timeout.min = 5s (fallback to raft.server.rpc.timeout.min)
2022-10-19 08:45:23,000 [bca43735-b008-443f-9343-82cfc7e5cdbd@group-F96FFF3E3AB8-FollowerState] INFO  server.RaftServerConfigKeys (ConfUtils.java:logFallback(53)) - raft.server.rpc.first-election.timeout.max = 5200ms (fallback to raft.server.rpc.timeout.max)
2022-10-19 08:45:23,001 [grpc-default-executor-3] INFO  server.RaftServer$Division (RaftServerImpl.java:requestVote(1251)) - bca43735-b008-443f-9343-82cfc7e5cdbd@group-F96FFF3E3AB8 replies to ELECTION vote request: 2793c3be-81e9-49ed-8ebe-f0dc6850cb05<-bca43735-b008-443f-9343-82cfc7e5cdbd#0:OK-t1. Peer's state: bca43735-b008-443f-9343-82cfc7e5cdbd@group-F96FFF3E3AB8:t1, leader=null, voted=2793c3be-81e9-49ed-8ebe-f0dc6850cb05, raftlog=Memoized:bca43735-b008-443f-9343-82cfc7e5cdbd@group-F96FFF3E3AB8-SegmentedRaftLog:OPENED:c-1, conf=-1: peers:[2793c3be-81e9-49ed-8ebe-f0dc6850cb05|rpc:10.1.1.188:34763|dataStream:|priority:0|startupRole:FOLLOWER, bca43735-b008-443f-9343-82cfc7e5cdbd|rpc:10.1.1.188:44765|dataStream:|priority:0|startupRole:FOLLOWER, 88796760-9d6a-455a-8b63-676b32daf901|rpc:10.1.1.188:43773|dataStream:|priority:1|startupRole:FOLLOWER]|listeners:[], old=null
2022-10-19 08:45:23,002 [2793c3be-81e9-49ed-8ebe-f0dc6850cb05@group-F96FFF3E3AB8-LeaderElection13] INFO  impl.LeaderElection (LeaderElection.java:logAndReturn(90)) - 2793c3be-81e9-49ed-8ebe-f0dc6850cb05@group-F96FFF3E3AB8-LeaderElection13: ELECTION PASSED received 1 response(s) and 1 exception(s):
2022-10-19 08:45:23,003 [2793c3be-81e9-49ed-8ebe-f0dc6850cb05@group-F96FFF3E3AB8-LeaderElection13] INFO  impl.LeaderElection (LeaderElection.java:logAndReturn(94)) -   Response 0: 2793c3be-81e9-49ed-8ebe-f0dc6850cb05<-bca43735-b008-443f-9343-82cfc7e5cdbd#0:OK-t1
2022-10-19 08:45:23,003 [2793c3be-81e9-49ed-8ebe-f0dc6850cb05@group-F96FFF3E3AB8-LeaderElection13] INFO  impl.LeaderElection (LogUtils.java:infoOrTrace(137)) -   Exception 1: java.util.concurrent.ExecutionException: org.apache.ratis.thirdparty.io.grpc.StatusRuntimeException: UNAVAILABLE: io exception
2022-10-19 08:45:23,003 [2793c3be-81e9-49ed-8ebe-f0dc6850cb05@group-F96FFF3E3AB8-LeaderElection13] INFO  impl.LeaderElection (LeaderElection.java:askForVotes(314)) - 2793c3be-81e9-49ed-8ebe-f0dc6850cb05@group-F96FFF3E3AB8-LeaderElection13 ELECTION round 0: result PASSED
2022-10-19 08:45:23,003 [2793c3be-81e9-49ed-8ebe-f0dc6850cb05@group-F96FFF3E3AB8-LeaderElection13] INFO  impl.RoleInfo (RoleInfo.java:shutdownLeaderElection(130)) - 2793c3be-81e9-49ed-8ebe-f0dc6850cb05: shutdown 2793c3be-81e9-49ed-8ebe-f0dc6850cb05@group-F96FFF3E3AB8-LeaderElection13
2022-10-19 08:45:23,003 [2793c3be-81e9-49ed-8ebe-f0dc6850cb05@group-F96FFF3E3AB8-LeaderElection13] INFO  server.RaftServer$Division (RaftServerImpl.java:setRole(321)) - 2793c3be-81e9-49ed-8ebe-f0dc6850cb05@group-F96FFF3E3AB8: changes role from CANDIDATE to LEADER at term 1 for changeToLeader
2022-10-19 08:45:23,003 [2793c3be-81e9-49ed-8ebe-f0dc6850cb05@group-F96FFF3E3AB8-LeaderElection13] INFO  ratis.XceiverServerRatis (XceiverServerRatis.java:handleLeaderChangedNotification(863)) - Leader change notification received for group: group-F96FFF3E3AB8 with new leaderId: 2793c3be-81e9-49ed-8ebe-f0dc6850cb05
2022-10-19 08:45:23,003 [2793c3be-81e9-49ed-8ebe-f0dc6850cb05@group-F96FFF3E3AB8-LeaderElection13] INFO  server.RaftServer$Division (ServerState.java:setLeader(313)) - 2793c3be-81e9-49ed-8ebe-f0dc6850cb05@group-F96FFF3E3AB8: change Leader from null to 2793c3be-81e9-49ed-8ebe-f0dc6850cb05 at term 1 for becomeLeader, leader elected after 5093ms
2022-10-19 08:45:23,003 [2793c3be-81e9-49ed-8ebe-f0dc6850cb05@group-F96FFF3E3AB8-LeaderElection13] INFO  server.RaftServerConfigKeys (ConfUtils.java:logGet(46)) - raft.server.staging.catchup.gap = 1000 (default)
2022-10-19 08:45:23,003 [2793c3be-81e9-49ed-8ebe-f0dc6850cb05@group-F96FFF3E3AB8-LeaderElection13] INFO  server.RaftServerConfigKeys (ConfUtils.java:logGet(46)) - raft.server.write.element-limit = 1024 (custom)
2022-10-19 08:45:23,003 [2793c3be-81e9-49ed-8ebe-f0dc6850cb05@group-F96FFF3E3AB8-LeaderElection13] INFO  server.RaftServerConfigKeys (ConfUtils.java:logGet(46)) - raft.server.write.byte-limit = 1024 M (=1073741824) (custom)
2022-10-19 08:45:23,004 [2793c3be-81e9-49ed-8ebe-f0dc6850cb05@group-F96FFF3E3AB8-LeaderElection13] INFO  server.RaftServerConfigKeys (ConfUtils.java:logGet(46)) - raft.server.watch.timeout = 180s (custom)
2022-10-19 08:45:23,004 [2793c3be-81e9-49ed-8ebe-f0dc6850cb05@group-F96FFF3E3AB8-LeaderElection13] INFO  server.RaftServerConfigKeys (ConfUtils.java:logGet(46)) - raft.server.watch.timeout.denomination = 1s (default)
2022-10-19 08:45:23,004 [2793c3be-81e9-49ed-8ebe-f0dc6850cb05@group-F96FFF3E3AB8-LeaderElection13] INFO  server.RaftServerConfigKeys (ConfUtils.java:logGet(46)) - raft.server.watch.element-limit = 65536 (default)
2022-10-19 08:45:23,004 [2793c3be-81e9-49ed-8ebe-f0dc6850cb05@group-F96FFF3E3AB8-LeaderElection13] INFO  server.RaftServerConfigKeys (ConfUtils.java:logGet(46)) - raft.server.write.element-limit = 1024 (custom)
2022-10-19 08:45:23,004 [2793c3be-81e9-49ed-8ebe-f0dc6850cb05@group-F96FFF3E3AB8-LeaderElection13] INFO  server.RaftServerConfigKeys (ConfUtils.java:logGet(46)) - raft.server.write.follower.gap.ratio.max = -1.0 (default)
2022-10-19 08:45:23,004 [2793c3be-81e9-49ed-8ebe-f0dc6850cb05@group-F96FFF3E3AB8-LeaderElection13] INFO  server.RaftServerConfigKeys (ConfUtils.java:logGet(46)) - raft.server.log.appender.snapshot.chunk.size.max = 16MB (=16777216) (default)
2022-10-19 08:45:23,004 [2793c3be-81e9-49ed-8ebe-f0dc6850cb05@group-F96FFF3E3AB8-LeaderElection13] INFO  server.RaftServerConfigKeys (ConfUtils.java:logGet(46)) - raft.server.log.appender.buffer.byte-limit = 33554432 (custom)
2022-10-19 08:45:23,004 [2793c3be-81e9-49ed-8ebe-f0dc6850cb05@group-F96FFF3E3AB8-LeaderElection13] INFO  server.RaftServerConfigKeys (ConfUtils.java:logGet(46)) - raft.server.log.appender.buffer.element-limit = 1 (custom)
2022-10-19 08:45:23,005 [2793c3be-81e9-49ed-8ebe-f0dc6850cb05@group-F96FFF3E3AB8-LeaderElection13] INFO  grpc.GrpcConfigKeys (ConfUtils.java:logGet(46)) - raft.grpc.server.leader.outstanding.appends.max = 128 (default)
2022-10-19 08:45:23,005 [2793c3be-81e9-49ed-8ebe-f0dc6850cb05@group-F96FFF3E3AB8-LeaderElection13] INFO  server.RaftServerConfigKeys (ConfUtils.java:logGet(46)) - raft.server.rpc.request.timeout = 60s (custom)
2022-10-19 08:45:23,005 [2793c3be-81e9-49ed-8ebe-f0dc6850cb05@group-F96FFF3E3AB8-LeaderElection13] INFO  server.RaftServerConfigKeys (ConfUtils.java:logGet(46)) - raft.server.log.appender.install.snapshot.enabled = false (custom)
2022-10-19 08:45:23,005 [EventQueue-PipelineReportForPipelineReportHandler] INFO  pipeline.PipelineManagerImpl (PipelineManagerImpl.java:openPipeline(367)) - Pipeline Pipeline[ Id: cbe766ec-a2ba-487c-9619-f96fff3e3ab8, Nodes: 88796760-9d6a-455a-8b63-676b32daf901{ip: 10.1.1.188, host: fv-az447-90.tnmeiuxxsqeu3byeydcnbj0j5d.dx.internal.cloudapp.net, ports: [REPLICATION=43325, RATIS=43773, RATIS_ADMIN=43773, RATIS_SERVER=43773, STANDALONE=44263], networkLocation: /default-rack, certSerialId: null, persistedOpState: IN_SERVICE, persistedOpStateExpiryEpochSec: 0}bca43735-b008-443f-9343-82cfc7e5cdbd{ip: 10.1.1.188, host: fv-az447-90.tnmeiuxxsqeu3byeydcnbj0j5d.dx.internal.cloudapp.net, ports: [REPLICATION=43615, RATIS=44765, RATIS_ADMIN=44765, RATIS_SERVER=44765, STANDALONE=42461], networkLocation: /default-rack, certSerialId: null, persistedOpState: IN_SERVICE, persistedOpStateExpiryEpochSec: 0}2793c3be-81e9-49ed-8ebe-f0dc6850cb05{ip: 10.1.1.188, host: fv-az447-90.tnmeiuxxsqeu3byeydcnbj0j5d.dx.internal.cloudapp.net, ports: [REPLICATION=33291, RATIS=34763, RATIS_ADMIN=34763, RATIS_SERVER=34763, STANDALONE=36489], networkLocation: /default-rack, certSerialId: null, persistedOpState: IN_SERVICE, persistedOpStateExpiryEpochSec: 0}, ReplicationConfig: RATIS/THREE, State:ALLOCATED, leaderId:2793c3be-81e9-49ed-8ebe-f0dc6850cb05, CreationTimestamp2022-10-19T08:45:15.552Z[Etc/UTC]] moved to OPEN state
2022-10-19 08:45:23,005 [2793c3be-81e9-49ed-8ebe-f0dc6850cb05@group-F96FFF3E3AB8-LeaderElection13] INFO  grpc.GrpcConfigKeys (ConfUtils.java:logGet(46)) - raft.grpc.server.heartbeat.channel = true (default)
2022-10-19 08:45:23,007 [2793c3be-81e9-49ed-8ebe-f0dc6850cb05@group-F96FFF3E3AB8-LeaderElection13] INFO  server.RaftServerConfigKeys (ConfUtils.java:logGet(46)) - raft.server.log.appender.wait-time.min = 10ms (default)
2022-10-19 08:45:23,008 [2793c3be-81e9-49ed-8ebe-f0dc6850cb05@group-F96FFF3E3AB8-LeaderElection13] INFO  server.RaftServerConfigKeys (ConfUtils.java:logGet(46)) - raft.server.log.appender.snapshot.chunk.size.max = 16MB (=16777216) (default)
2022-10-19 08:45:23,008 [2793c3be-81e9-49ed-8ebe-f0dc6850cb05@group-F96FFF3E3AB8-LeaderElection13] INFO  server.RaftServerConfigKeys (ConfUtils.java:logGet(46)) - raft.server.log.appender.buffer.byte-limit = 33554432 (custom)
2022-10-19 08:45:23,008 [2793c3be-81e9-49ed-8ebe-f0dc6850cb05@group-F96FFF3E3AB8-LeaderElection13] INFO  server.RaftServerConfigKeys (ConfUtils.java:logGet(46)) - raft.server.log.appender.buffer.element-limit = 1 (custom)
2022-10-19 08:45:23,008 [2793c3be-81e9-49ed-8ebe-f0dc6850cb05@group-F96FFF3E3AB8-LeaderElection13] INFO  grpc.GrpcConfigKeys (ConfUtils.java:logGet(46)) - raft.grpc.server.leader.outstanding.appends.max = 128 (default)
2022-10-19 08:45:23,008 [2793c3be-81e9-49ed-8ebe-f0dc6850cb05@group-F96FFF3E3AB8-LeaderElection13] INFO  server.RaftServerConfigKeys (ConfUtils.java:logGet(46)) - raft.server.rpc.request.timeout = 60s (custom)
2022-10-19 08:45:23,008 [2793c3be-81e9-49ed-8ebe-f0dc6850cb05@group-F96FFF3E3AB8-LeaderElection13] INFO  server.RaftServerConfigKeys (ConfUtils.java:logGet(46)) - raft.server.log.appender.install.snapshot.enabled = false (custom)
2022-10-19 08:45:23,008 [2793c3be-81e9-49ed-8ebe-f0dc6850cb05@group-F96FFF3E3AB8-LeaderElection13] INFO  grpc.GrpcConfigKeys (ConfUtils.java:logGet(46)) - raft.grpc.server.heartbeat.channel = true (default)
2022-10-19 08:45:23,008 [2793c3be-81e9-49ed-8ebe-f0dc6850cb05@group-F96FFF3E3AB8-LeaderElection13] INFO  server.RaftServerConfigKeys (ConfUtils.java:logGet(46)) - raft.server.log.appender.wait-time.min = 10ms (default)
2022-10-19 08:45:23,009 [2793c3be-81e9-49ed-8ebe-f0dc6850cb05@group-F96FFF3E3AB8-LeaderElection13] INFO  impl.RoleInfo (RoleInfo.java:updateAndGet(139)) - 2793c3be-81e9-49ed-8ebe-f0dc6850cb05: start 2793c3be-81e9-49ed-8ebe-f0dc6850cb05@group-F96FFF3E3AB8-LeaderStateImpl
2022-10-19 08:45:23,009 [2793c3be-81e9-49ed-8ebe-f0dc6850cb05@group-F96FFF3E3AB8-LeaderElection13] INFO  segmented.SegmentedRaftLogWorker (SegmentedRaftLogWorker.java:startLogSegment(452)) - 2793c3be-81e9-49ed-8ebe-f0dc6850cb05@group-F96FFF3E3AB8-SegmentedRaftLogWorker: Starting segment from index:0
2022-10-19 08:45:23,010 [2793c3be-81e9-49ed-8ebe-f0dc6850cb05@group-F96FFF3E3AB8-SegmentedRaftLogWorker] INFO  segmented.SegmentedRaftLogWorker (SegmentedRaftLogWorker.java:execute(656)) - 2793c3be-81e9-49ed-8ebe-f0dc6850cb05@group-F96FFF3E3AB8-SegmentedRaftLogWorker: created new log segment /home/runner/work/ozone/ozone/hadoop-ozone/integration-test/target/test-dir/MiniOzoneClusterImpl-43a13940-e4af-4545-ab6e-e590eff1efbb/datanode-8/data/ratis/cbe766ec-a2ba-487c-9619-f96fff3e3ab8/current/log_inprogress_0
2022-10-19 08:45:23,027 [2793c3be-81e9-49ed-8ebe-f0dc6850cb05@group-F96FFF3E3AB8-LeaderElection13] INFO  server.RaftServer$Division (ServerState.java:setRaftConf(430)) - 2793c3be-81e9-49ed-8ebe-f0dc6850cb05@group-F96FFF3E3AB8: set configuration 0: peers:[2793c3be-81e9-49ed-8ebe-f0dc6850cb05|rpc:10.1.1.188:34763|dataStream:|priority:0|startupRole:FOLLOWER, bca43735-b008-443f-9343-82cfc7e5cdbd|rpc:10.1.1.188:44765|dataStream:|priority:0|startupRole:FOLLOWER, 88796760-9d6a-455a-8b63-676b32daf901|rpc:10.1.1.188:43773|dataStream:|priority:1|startupRole:FOLLOWER]|listeners:[], old=null
2022-10-19 08:45:23,030 [grpc-default-executor-0] WARN  server.GrpcLogAppender (LogUtils.java:warn(122)) - 2793c3be-81e9-49ed-8ebe-f0dc6850cb05@group-F96FFF3E3AB8->88796760-9d6a-455a-8b63-676b32daf901-AppendLogResponseHandler: Failed appendEntries: org.apache.ratis.thirdparty.io.grpc.StatusRuntimeException: UNAVAILABLE: io exception
2022-10-19 08:45:23,037 [grpc-default-executor-0] WARN  server.GrpcLogAppender (GrpcLogAppender.java:resetClient(131)) - 2793c3be-81e9-49ed-8ebe-f0dc6850cb05@group-F96FFF3E3AB8->88796760-9d6a-455a-8b63-676b32daf901-GrpcLogAppender: Leader has not got in touch with Follower 2793c3be-81e9-49ed-8ebe-f0dc6850cb05@group-F96FFF3E3AB8->88796760-9d6a-455a-8b63-676b32daf901(c-1,m0,n0, attendVote=true, lastRpcSendTime=6, lastRpcResponseTime=5233) yet, just keep nextIndex unchanged and retry.
2022-10-19 08:45:23,044 [bca43735-b008-443f-9343-82cfc7e5cdbd-server-thread2] INFO  ratis.XceiverServerRatis (XceiverServerRatis.java:handleLeaderChangedNotification(863)) - Leader change notification received for group: group-F96FFF3E3AB8 with new leaderId: 2793c3be-81e9-49ed-8ebe-f0dc6850cb05
2022-10-19 08:45:23,045 [bca43735-b008-443f-9343-82cfc7e5cdbd-server-thread2] INFO  server.RaftServer$Division (ServerState.java:setLeader(313)) - bca43735-b008-443f-9343-82cfc7e5cdbd@group-F96FFF3E3AB8: change Leader from null to 2793c3be-81e9-49ed-8ebe-f0dc6850cb05 at term 1 for appendEntries, leader elected after 5164ms
2022-10-19 08:45:23,045 [bca43735-b008-443f-9343-82cfc7e5cdbd-server-thread2] INFO  server.RaftServer$Division (ServerState.java:setRaftConf(430)) - bca43735-b008-443f-9343-82cfc7e5cdbd@group-F96FFF3E3AB8: set configuration 0: peers:[2793c3be-81e9-49ed-8ebe-f0dc6850cb05|rpc:10.1.1.188:34763|dataStream:|priority:0|startupRole:FOLLOWER, bca43735-b008-443f-9343-82cfc7e5cdbd|rpc:10.1.1.188:44765|dataStream:|priority:0|startupRole:FOLLOWER, 88796760-9d6a-455a-8b63-676b32daf901|rpc:10.1.1.188:43773|dataStream:|priority:1|startupRole:FOLLOWER]|listeners:[], old=null
2022-10-19 08:45:23,045 [grpc-default-executor-0] WARN  server.GrpcLogAppender (LogUtils.java:warn(122)) - 2793c3be-81e9-49ed-8ebe-f0dc6850cb05@group-F96FFF3E3AB8->88796760-9d6a-455a-8b63-676b32daf901-AppendLogResponseHandler: Failed appendEntries: org.apache.ratis.thirdparty.io.grpc.StatusRuntimeException: UNAVAILABLE: io exception
2022-10-19 08:45:23,045 [bca43735-b008-443f-9343-82cfc7e5cdbd-server-thread2] INFO  segmented.SegmentedRaftLogWorker (SegmentedRaftLogWorker.java:startLogSegment(452)) - bca43735-b008-443f-9343-82cfc7e5cdbd@group-F96FFF3E3AB8-SegmentedRaftLogWorker: Starting segment from index:0
2022-10-19 08:45:23,046 [grpc-default-executor-0] WARN  server.GrpcLogAppender (GrpcLogAppender.java:resetClient(131)) - 2793c3be-81e9-49ed-8ebe-f0dc6850cb05@group-F96FFF3E3AB8->88796760-9d6a-455a-8b63-676b32daf901-GrpcLogAppender: Leader has not got in touch with Follower 2793c3be-81e9-49ed-8ebe-f0dc6850cb05@group-F96FFF3E3AB8->88796760-9d6a-455a-8b63-676b32daf901(c-1,m0,n1, attendVote=true, lastRpcSendTime=15, lastRpcResponseTime=5241) yet, just keep nextIndex unchanged and retry.
2022-10-19 08:45:23,048 [bca43735-b008-443f-9343-82cfc7e5cdbd@group-F96FFF3E3AB8-SegmentedRaftLogWorker] INFO  segmented.SegmentedRaftLogWorker (SegmentedRaftLogWorker.java:execute(656)) - bca43735-b008-443f-9343-82cfc7e5cdbd@group-F96FFF3E3AB8-SegmentedRaftLogWorker: created new log segment /home/runner/work/ozone/ozone/hadoop-ozone/integration-test/target/test-dir/MiniOzoneClusterImpl-43a13940-e4af-4545-ab6e-e590eff1efbb/datanode-7/data/ratis/cbe766ec-a2ba-487c-9619-f96fff3e3ab8/current/log_inprogress_0
2022-10-19 08:45:23,045 [grpc-default-executor-3] WARN  server.GrpcLogAppender (LogUtils.java:warn(122)) - 2793c3be-81e9-49ed-8ebe-f0dc6850cb05@group-F96FFF3E3AB8->88796760-9d6a-455a-8b63-676b32daf901-AppendLogResponseHandler: Failed appendEntries: org.apache.ratis.thirdparty.io.grpc.StatusRuntimeException: UNAVAILABLE: io exception
2022-10-19 08:45:23,075 [grpc-default-executor-4] WARN  server.GrpcLogAppender (LogUtils.java:warn(122)) - 2793c3be-81e9-49ed-8ebe-f0dc6850cb05@group-F96FFF3E3AB8->88796760-9d6a-455a-8b63-676b32daf901-AppendLogResponseHandler: Failed appendEntries: org.apache.ratis.thirdparty.io.grpc.StatusRuntimeException: UNAVAILABLE: io exception
2022-10-19 08:45:23,084 [grpc-default-executor-3] WARN  server.GrpcLogAppender (GrpcLogAppender.java:resetClient(131)) - 2793c3be-81e9-49ed-8ebe-f0dc6850cb05@group-F96FFF3E3AB8->88796760-9d6a-455a-8b63-676b32daf901-GrpcLogAppender: Leader has not got in touch with Follower 2793c3be-81e9-49ed-8ebe-f0dc6850cb05@group-F96FFF3E3AB8->88796760-9d6a-455a-8b63-676b32daf901(c-1,m0,n1, attendVote=true, lastRpcSendTime=54, lastRpcResponseTime=5280) yet, just keep nextIndex unchanged and retry.
2022-10-19 08:45:23,086 [grpc-default-executor-4] WARN  server.GrpcLogAppender (GrpcLogAppender.java:resetClient(131)) - 2793c3be-81e9-49ed-8ebe-f0dc6850cb05@group-F96FFF3E3AB8->88796760-9d6a-455a-8b63-676b32daf901-GrpcLogAppender: Leader has not got in touch with Follower 2793c3be-81e9-49ed-8ebe-f0dc6850cb05@group-F96FFF3E3AB8->88796760-9d6a-455a-8b63-676b32daf901(c-1,m0,n1, attendVote=true, lastRpcSendTime=55, lastRpcResponseTime=5281) yet, just keep nextIndex unchanged and retry.
2022-10-19 08:45:23,193 [bca43735-b008-443f-9343-82cfc7e5cdbd@group-D3C8F7E5DD43-FollowerState] INFO  impl.FollowerState (FollowerState.java:run(143)) - bca43735-b008-443f-9343-82cfc7e5cdbd@group-D3C8F7E5DD43-FollowerState: change to CANDIDATE, lastRpcElapsedTime:5044485940ns, electionTimeout:5043ms
2022-10-19 08:45:23,193 [bca43735-b008-443f-9343-82cfc7e5cdbd@group-D3C8F7E5DD43-FollowerState] INFO  impl.RoleInfo (RoleInfo.java:shutdownFollowerState(110)) - bca43735-b008-443f-9343-82cfc7e5cdbd: shutdown bca43735-b008-443f-9343-82cfc7e5cdbd@group-D3C8F7E5DD43-FollowerState
2022-10-19 08:45:23,193 [bca43735-b008-443f-9343-82cfc7e5cdbd@group-D3C8F7E5DD43-FollowerState] INFO  server.RaftServer$Division (RaftServerImpl.java:setRole(321)) - bca43735-b008-443f-9343-82cfc7e5cdbd@group-D3C8F7E5DD43: changes role from  FOLLOWER to CANDIDATE at term 0 for changeToCandidate
2022-10-19 08:45:23,193 [bca43735-b008-443f-9343-82cfc7e5cdbd@group-D3C8F7E5DD43-FollowerState] INFO  server.RaftServerConfigKeys (ConfUtils.java:logGet(46)) - raft.server.leaderelection.pre-vote = false (custom)
2022-10-19 08:45:23,194 [bca43735-b008-443f-9343-82cfc7e5cdbd@group-D3C8F7E5DD43-FollowerState] INFO  impl.RoleInfo (RoleInfo.java:updateAndGet(139)) - bca43735-b008-443f-9343-82cfc7e5cdbd: start bca43735-b008-443f-9343-82cfc7e5cdbd@group-D3C8F7E5DD43-LeaderElection14
2022-10-19 08:45:23,210 [bca43735-b008-443f-9343-82cfc7e5cdbd@group-D3C8F7E5DD43-LeaderElection14] INFO  impl.LeaderElection (LeaderElection.java:askForVotes(312)) - bca43735-b008-443f-9343-82cfc7e5cdbd@group-D3C8F7E5DD43-LeaderElection14 ELECTION round 0: submit vote requests at term 1 for -1: peers:[bca43735-b008-443f-9343-82cfc7e5cdbd|rpc:10.1.1.188:44765|priority:1|startupRole:FOLLOWER]|listeners:[], old=null
2022-10-19 08:45:23,211 [bca43735-b008-443f-9343-82cfc7e5cdbd@group-D3C8F7E5DD43-LeaderElection14] INFO  impl.LeaderElection (LeaderElection.java:askForVotes(314)) - bca43735-b008-443f-9343-82cfc7e5cdbd@group-D3C8F7E5DD43-LeaderElection14 ELECTION round 0: result PASSED (term=1)
2022-10-19 08:45:23,211 [bca43735-b008-443f-9343-82cfc7e5cdbd@group-D3C8F7E5DD43-LeaderElection14] INFO  impl.RoleInfo (RoleInfo.java:shutdownLeaderElection(130)) - bca43735-b008-443f-9343-82cfc7e5cdbd: shutdown bca43735-b008-443f-9343-82cfc7e5cdbd@group-D3C8F7E5DD43-LeaderElection14
2022-10-19 08:45:23,211 [bca43735-b008-443f-9343-82cfc7e5cdbd@group-D3C8F7E5DD43-LeaderElection14] INFO  server.RaftServer$Division (RaftServerImpl.java:setRole(321)) - bca43735-b008-443f-9343-82cfc7e5cdbd@group-D3C8F7E5DD43: changes role from CANDIDATE to LEADER at term 1 for changeToLeader
2022-10-19 08:45:23,211 [bca43735-b008-443f-9343-82cfc7e5cdbd@group-D3C8F7E5DD43-LeaderElection14] INFO  ratis.XceiverServerRatis (XceiverServerRatis.java:handleLeaderChangedNotification(863)) - Leader change notification received for group: group-D3C8F7E5DD43 with new leaderId: bca43735-b008-443f-9343-82cfc7e5cdbd
2022-10-19 08:45:23,211 [bca43735-b008-443f-9343-82cfc7e5cdbd@group-D3C8F7E5DD43-LeaderElection14] INFO  server.RaftServer$Division (ServerState.java:setLeader(313)) - bca43735-b008-443f-9343-82cfc7e5cdbd@group-D3C8F7E5DD43: change Leader from null to bca43735-b008-443f-9343-82cfc7e5cdbd at term 1 for becomeLeader, leader elected after 5072ms
2022-10-19 08:45:23,211 [bca43735-b008-443f-9343-82cfc7e5cdbd@group-D3C8F7E5DD43-LeaderElection14] INFO  server.RaftServerConfigKeys (ConfUtils.java:logGet(46)) - raft.server.staging.catchup.gap = 1000 (default)
2022-10-19 08:45:23,211 [bca43735-b008-443f-9343-82cfc7e5cdbd@group-D3C8F7E5DD43-LeaderElection14] INFO  server.RaftServerConfigKeys (ConfUtils.java:logGet(46)) - raft.server.write.element-limit = 1024 (custom)
2022-10-19 08:45:23,211 [bca43735-b008-443f-9343-82cfc7e5cdbd@group-D3C8F7E5DD43-LeaderElection14] INFO  server.RaftServerConfigKeys (ConfUtils.java:logGet(46)) - raft.server.write.byte-limit = 1024 M (=1073741824) (custom)
2022-10-19 08:45:23,212 [bca43735-b008-443f-9343-82cfc7e5cdbd@group-D3C8F7E5DD43-LeaderElection14] INFO  server.RaftServerConfigKeys (ConfUtils.java:logGet(46)) - raft.server.watch.timeout = 180s (custom)
2022-10-19 08:45:23,212 [bca43735-b008-443f-9343-82cfc7e5cdbd@group-D3C8F7E5DD43-LeaderElection14] INFO  server.RaftServerConfigKeys (ConfUtils.java:logGet(46)) - raft.server.watch.timeout.denomination = 1s (default)
2022-10-19 08:45:23,212 [bca43735-b008-443f-9343-82cfc7e5cdbd@group-D3C8F7E5DD43-LeaderElection14] INFO  server.RaftServerConfigKeys (ConfUtils.java:logGet(46)) - raft.server.watch.element-limit = 65536 (default)
2022-10-19 08:45:23,212 [bca43735-b008-443f-9343-82cfc7e5cdbd@group-D3C8F7E5DD43-LeaderElection14] INFO  server.RaftServerConfigKeys (ConfUtils.java:logGet(46)) - raft.server.write.element-limit = 1024 (custom)
2022-10-19 08:45:23,212 [bca43735-b008-443f-9343-82cfc7e5cdbd@group-D3C8F7E5DD43-LeaderElection14] INFO  server.RaftServerConfigKeys (ConfUtils.java:logGet(46)) - raft.server.write.follower.gap.ratio.max = -1.0 (default)
2022-10-19 08:45:23,212 [bca43735-b008-443f-9343-82cfc7e5cdbd@group-D3C8F7E5DD43-LeaderElection14] INFO  impl.RoleInfo (RoleInfo.java:updateAndGet(139)) - bca43735-b008-443f-9343-82cfc7e5cdbd: start bca43735-b008-443f-9343-82cfc7e5cdbd@group-D3C8F7E5DD43-LeaderStateImpl
2022-10-19 08:45:23,212 [bca43735-b008-443f-9343-82cfc7e5cdbd@group-D3C8F7E5DD43-LeaderElection14] INFO  segmented.SegmentedRaftLogWorker (SegmentedRaftLogWorker.java:startLogSegment(452)) - bca43735-b008-443f-9343-82cfc7e5cdbd@group-D3C8F7E5DD43-SegmentedRaftLogWorker: Starting segment from index:0
2022-10-19 08:45:23,214 [bca43735-b008-443f-9343-82cfc7e5cdbd@group-D3C8F7E5DD43-SegmentedRaftLogWorker] INFO  segmented.SegmentedRaftLogWorker (SegmentedRaftLogWorker.java:execute(656)) - bca43735-b008-443f-9343-82cfc7e5cdbd@group-D3C8F7E5DD43-SegmentedRaftLogWorker: created new log segment /home/runner/work/ozone/ozone/hadoop-ozone/integration-test/target/test-dir/MiniOzoneClusterImpl-43a13940-e4af-4545-ab6e-e590eff1efbb/datanode-7/data/ratis/a260fbbc-2795-4e3a-96c0-d3c8f7e5dd43/current/log_inprogress_0
2022-10-19 08:45:23,219 [bca43735-b008-443f-9343-82cfc7e5cdbd@group-D3C8F7E5DD43-LeaderElection14] INFO  server.RaftServer$Division (ServerState.java:setRaftConf(430)) - bca43735-b008-443f-9343-82cfc7e5cdbd@group-D3C8F7E5DD43: set configuration 0: peers:[bca43735-b008-443f-9343-82cfc7e5cdbd|rpc:10.1.1.188:44765|dataStream:|priority:1|startupRole:FOLLOWER]|listeners:[], old=null
2022-10-19 08:45:23,614 [2793c3be-81e9-49ed-8ebe-f0dc6850cb05@group-852C345BE8D9-FollowerState] INFO  impl.FollowerState (FollowerState.java:run(143)) - 2793c3be-81e9-49ed-8ebe-f0dc6850cb05@group-852C345BE8D9-FollowerState: change to CANDIDATE, lastRpcElapsedTime:5053355976ns, electionTimeout:5052ms
2022-10-19 08:45:23,614 [2793c3be-81e9-49ed-8ebe-f0dc6850cb05@group-852C345BE8D9-FollowerState] INFO  impl.RoleInfo (RoleInfo.java:shutdownFollowerState(110)) - 2793c3be-81e9-49ed-8ebe-f0dc6850cb05: shutdown 2793c3be-81e9-49ed-8ebe-f0dc6850cb05@group-852C345BE8D9-FollowerState
2022-10-19 08:45:23,614 [2793c3be-81e9-49ed-8ebe-f0dc6850cb05@group-852C345BE8D9-FollowerState] INFO  server.RaftServer$Division (RaftServerImpl.java:setRole(321)) - 2793c3be-81e9-49ed-8ebe-f0dc6850cb05@group-852C345BE8D9: changes role from  FOLLOWER to CANDIDATE at term 0 for changeToCandidate
2022-10-19 08:45:23,614 [2793c3be-81e9-49ed-8ebe-f0dc6850cb05@group-852C345BE8D9-FollowerState] INFO  server.RaftServerConfigKeys (ConfUtils.java:logGet(46)) - raft.server.leaderelection.pre-vote = false (custom)
2022-10-19 08:45:23,614 [2793c3be-81e9-49ed-8ebe-f0dc6850cb05@group-852C345BE8D9-FollowerState] INFO  impl.RoleInfo (RoleInfo.java:updateAndGet(139)) - 2793c3be-81e9-49ed-8ebe-f0dc6850cb05: start 2793c3be-81e9-49ed-8ebe-f0dc6850cb05@group-852C345BE8D9-LeaderElection15
2022-10-19 08:45:23,618 [2793c3be-81e9-49ed-8ebe-f0dc6850cb05@group-852C345BE8D9-LeaderElection15] INFO  impl.LeaderElection (LeaderElection.java:askForVotes(312)) - 2793c3be-81e9-49ed-8ebe-f0dc6850cb05@group-852C345BE8D9-LeaderElection15 ELECTION round 0: submit vote requests at term 1 for -1: peers:[2793c3be-81e9-49ed-8ebe-f0dc6850cb05|rpc:10.1.1.188:34763|priority:1|startupRole:FOLLOWER]|listeners:[], old=null
2022-10-19 08:45:23,618 [2793c3be-81e9-49ed-8ebe-f0dc6850cb05@group-852C345BE8D9-LeaderElection15] INFO  impl.LeaderElection (LeaderElection.java:askForVotes(314)) - 2793c3be-81e9-49ed-8ebe-f0dc6850cb05@group-852C345BE8D9-LeaderElection15 ELECTION round 0: result PASSED (term=1)
2022-10-19 08:45:23,618 [2793c3be-81e9-49ed-8ebe-f0dc6850cb05@group-852C345BE8D9-LeaderElection15] INFO  impl.RoleInfo (RoleInfo.java:shutdownLeaderElection(130)) - 2793c3be-81e9-49ed-8ebe-f0dc6850cb05: shutdown 2793c3be-81e9-49ed-8ebe-f0dc6850cb05@group-852C345BE8D9-LeaderElection15
2022-10-19 08:45:23,618 [2793c3be-81e9-49ed-8ebe-f0dc6850cb05@group-852C345BE8D9-LeaderElection15] INFO  server.RaftServer$Division (RaftServerImpl.java:setRole(321)) - 2793c3be-81e9-49ed-8ebe-f0dc6850cb05@group-852C345BE8D9: changes role from CANDIDATE to LEADER at term 1 for changeToLeader
2022-10-19 08:45:23,618 [2793c3be-81e9-49ed-8ebe-f0dc6850cb05@group-852C345BE8D9-LeaderElection15] INFO  ratis.XceiverServerRatis (XceiverServerRatis.java:handleLeaderChangedNotification(863)) - Leader change notification received for group: group-852C345BE8D9 with new leaderId: 2793c3be-81e9-49ed-8ebe-f0dc6850cb05
2022-10-19 08:45:23,619 [2793c3be-81e9-49ed-8ebe-f0dc6850cb05@group-852C345BE8D9-LeaderElection15] INFO  server.RaftServer$Division (ServerState.java:setLeader(313)) - 2793c3be-81e9-49ed-8ebe-f0dc6850cb05@group-852C345BE8D9: change Leader from null to 2793c3be-81e9-49ed-8ebe-f0dc6850cb05 at term 1 for becomeLeader, leader elected after 5072ms
2022-10-19 08:45:23,619 [2793c3be-81e9-49ed-8ebe-f0dc6850cb05@group-852C345BE8D9-LeaderElection15] INFO  server.RaftServerConfigKeys (ConfUtils.java:logGet(46)) - raft.server.staging.catchup.gap = 1000 (default)
2022-10-19 08:45:23,620 [2793c3be-81e9-49ed-8ebe-f0dc6850cb05@group-852C345BE8D9-LeaderElection15] INFO  server.RaftServerConfigKeys (ConfUtils.java:logGet(46)) - raft.server.write.element-limit = 1024 (custom)
2022-10-19 08:45:23,620 [2793c3be-81e9-49ed-8ebe-f0dc6850cb05@group-852C345BE8D9-LeaderElection15] INFO  server.RaftServerConfigKeys (ConfUtils.java:logGet(46)) - raft.server.write.byte-limit = 1024 M (=1073741824) (custom)
2022-10-19 08:45:23,620 [2793c3be-81e9-49ed-8ebe-f0dc6850cb05@group-852C345BE8D9-LeaderElection15] INFO  server.RaftServerConfigKeys (ConfUtils.java:logGet(46)) - raft.server.watch.timeout = 180s (custom)
2022-10-19 08:45:23,620 [2793c3be-81e9-49ed-8ebe-f0dc6850cb05@group-852C345BE8D9-LeaderElection15] INFO  server.RaftServerConfigKeys (ConfUtils.java:logGet(46)) - raft.server.watch.timeout.denomination = 1s (default)
2022-10-19 08:45:23,623 [2793c3be-81e9-49ed-8ebe-f0dc6850cb05@group-852C345BE8D9-LeaderElection15] INFO  server.RaftServerConfigKeys (ConfUtils.java:logGet(46)) - raft.server.watch.element-limit = 65536 (default)
2022-10-19 08:45:23,623 [2793c3be-81e9-49ed-8ebe-f0dc6850cb05@group-852C345BE8D9-LeaderElection15] INFO  server.RaftServerConfigKeys (ConfUtils.java:logGet(46)) - raft.server.write.element-limit = 1024 (custom)
2022-10-19 08:45:23,623 [2793c3be-81e9-49ed-8ebe-f0dc6850cb05@group-852C345BE8D9-LeaderElection15] INFO  server.RaftServerConfigKeys (ConfUtils.java:logGet(46)) - raft.server.write.follower.gap.ratio.max = -1.0 (default)
2022-10-19 08:45:23,623 [2793c3be-81e9-49ed-8ebe-f0dc6850cb05@group-852C345BE8D9-LeaderElection15] INFO  impl.RoleInfo (RoleInfo.java:updateAndGet(139)) - 2793c3be-81e9-49ed-8ebe-f0dc6850cb05: start 2793c3be-81e9-49ed-8ebe-f0dc6850cb05@group-852C345BE8D9-LeaderStateImpl
2022-10-19 08:45:23,623 [2793c3be-81e9-49ed-8ebe-f0dc6850cb05@group-852C345BE8D9-LeaderElection15] INFO  segmented.SegmentedRaftLogWorker (SegmentedRaftLogWorker.java:startLogSegment(452)) - 2793c3be-81e9-49ed-8ebe-f0dc6850cb05@group-852C345BE8D9-SegmentedRaftLogWorker: Starting segment from index:0
2022-10-19 08:45:23,624 [2793c3be-81e9-49ed-8ebe-f0dc6850cb05@group-852C345BE8D9-LeaderElection15] INFO  server.RaftServer$Division (ServerState.java:setRaftConf(430)) - 2793c3be-81e9-49ed-8ebe-f0dc6850cb05@group-852C345BE8D9: set configuration 0: peers:[2793c3be-81e9-49ed-8ebe-f0dc6850cb05|rpc:10.1.1.188:34763|dataStream:|priority:1|startupRole:FOLLOWER]|listeners:[], old=null
2022-10-19 08:45:23,626 [2793c3be-81e9-49ed-8ebe-f0dc6850cb05@group-852C345BE8D9-SegmentedRaftLogWorker] INFO  segmented.SegmentedRaftLogWorker (SegmentedRaftLogWorker.java:execute(656)) - 2793c3be-81e9-49ed-8ebe-f0dc6850cb05@group-852C345BE8D9-SegmentedRaftLogWorker: created new log segment /home/runner/work/ozone/ozone/hadoop-ozone/integration-test/target/test-dir/MiniOzoneClusterImpl-43a13940-e4af-4545-ab6e-e590eff1efbb/datanode-8/data/ratis/b6e1a124-82e7-417b-bc47-852c345be8d9/current/log_inprogress_0
2022-10-19 08:45:24,091 [4bf4c8bd-58cb-4467-be45-ba87f7c70472@group-07EB0DC06987-FollowerState] INFO  impl.FollowerState (FollowerState.java:run(143)) - 4bf4c8bd-58cb-4467-be45-ba87f7c70472@group-07EB0DC06987-FollowerState: change to CANDIDATE, lastRpcElapsedTime:5099615549ns, electionTimeout:5098ms
2022-10-19 08:45:24,091 [4bf4c8bd-58cb-4467-be45-ba87f7c70472@group-07EB0DC06987-FollowerState] INFO  impl.RoleInfo (RoleInfo.java:shutdownFollowerState(110)) - 4bf4c8bd-58cb-4467-be45-ba87f7c70472: shutdown 4bf4c8bd-58cb-4467-be45-ba87f7c70472@group-07EB0DC06987-FollowerState
2022-10-19 08:45:24,091 [4bf4c8bd-58cb-4467-be45-ba87f7c70472@group-07EB0DC06987-FollowerState] INFO  server.RaftServer$Division (RaftServerImpl.java:setRole(321)) - 4bf4c8bd-58cb-4467-be45-ba87f7c70472@group-07EB0DC06987: changes role from  FOLLOWER to CANDIDATE at term 0 for changeToCandidate
2022-10-19 08:45:24,091 [4bf4c8bd-58cb-4467-be45-ba87f7c70472@group-07EB0DC06987-FollowerState] INFO  server.RaftServerConfigKeys (ConfUtils.java:logGet(46)) - raft.server.leaderelection.pre-vote = false (custom)
2022-10-19 08:45:24,091 [4bf4c8bd-58cb-4467-be45-ba87f7c70472@group-07EB0DC06987-FollowerState] INFO  impl.RoleInfo (RoleInfo.java:updateAndGet(139)) - 4bf4c8bd-58cb-4467-be45-ba87f7c70472: start 4bf4c8bd-58cb-4467-be45-ba87f7c70472@group-07EB0DC06987-LeaderElection16
2022-10-19 08:45:24,095 [4bf4c8bd-58cb-4467-be45-ba87f7c70472@group-07EB0DC06987-LeaderElection16] INFO  impl.LeaderElection (LeaderElection.java:askForVotes(312)) - 4bf4c8bd-58cb-4467-be45-ba87f7c70472@group-07EB0DC06987-LeaderElection16 ELECTION round 0: submit vote requests at term 1 for -1: peers:[4bf4c8bd-58cb-4467-be45-ba87f7c70472|rpc:10.1.1.188:41671|priority:1|startupRole:FOLLOWER]|listeners:[], old=null
2022-10-19 08:45:24,095 [4bf4c8bd-58cb-4467-be45-ba87f7c70472@group-07EB0DC06987-LeaderElection16] INFO  impl.LeaderElection (LeaderElection.java:askForVotes(314)) - 4bf4c8bd-58cb-4467-be45-ba87f7c70472@group-07EB0DC06987-LeaderElection16 ELECTION round 0: result PASSED (term=1)
2022-10-19 08:45:24,096 [4bf4c8bd-58cb-4467-be45-ba87f7c70472@group-07EB0DC06987-LeaderElection16] INFO  impl.RoleInfo (RoleInfo.java:shutdownLeaderElection(130)) - 4bf4c8bd-58cb-4467-be45-ba87f7c70472: shutdown 4bf4c8bd-58cb-4467-be45-ba87f7c70472@group-07EB0DC06987-LeaderElection16
2022-10-19 08:45:24,096 [4bf4c8bd-58cb-4467-be45-ba87f7c70472@group-07EB0DC06987-LeaderElection16] INFO  server.RaftServer$Division (RaftServerImpl.java:setRole(321)) - 4bf4c8bd-58cb-4467-be45-ba87f7c70472@group-07EB0DC06987: changes role from CANDIDATE to LEADER at term 1 for changeToLeader
2022-10-19 08:45:24,096 [4bf4c8bd-58cb-4467-be45-ba87f7c70472@group-07EB0DC06987-LeaderElection16] INFO  ratis.XceiverServerRatis (XceiverServerRatis.java:handleLeaderChangedNotification(863)) - Leader change notification received for group: group-07EB0DC06987 with new leaderId: 4bf4c8bd-58cb-4467-be45-ba87f7c70472
2022-10-19 08:45:24,096 [4bf4c8bd-58cb-4467-be45-ba87f7c70472@group-07EB0DC06987-LeaderElection16] INFO  server.RaftServer$Division (ServerState.java:setLeader(313)) - 4bf4c8bd-58cb-4467-be45-ba87f7c70472@group-07EB0DC06987: change Leader from null to 4bf4c8bd-58cb-4467-be45-ba87f7c70472 at term 1 for becomeLeader, leader elected after 5121ms
2022-10-19 08:45:24,096 [4bf4c8bd-58cb-4467-be45-ba87f7c70472@group-07EB0DC06987-LeaderElection16] INFO  server.RaftServerConfigKeys (ConfUtils.java:logGet(46)) - raft.server.staging.catchup.gap = 1000 (default)
2022-10-19 08:45:24,098 [4bf4c8bd-58cb-4467-be45-ba87f7c70472@group-07EB0DC06987-LeaderElection16] INFO  server.RaftServerConfigKeys (ConfUtils.java:logGet(46)) - raft.server.write.element-limit = 1024 (custom)
2022-10-19 08:45:24,099 [4bf4c8bd-58cb-4467-be45-ba87f7c70472@group-07EB0DC06987-LeaderElection16] INFO  server.RaftServerConfigKeys (ConfUtils.java:logGet(46)) - raft.server.write.byte-limit = 1024 M (=1073741824) (custom)
2022-10-19 08:45:24,099 [4bf4c8bd-58cb-4467-be45-ba87f7c70472@group-07EB0DC06987-LeaderElection16] INFO  server.RaftServerConfigKeys (ConfUtils.java:logGet(46)) - raft.server.watch.timeout = 180s (custom)
2022-10-19 08:45:24,099 [4bf4c8bd-58cb-4467-be45-ba87f7c70472@group-07EB0DC06987-LeaderElection16] INFO  server.RaftServerConfigKeys (ConfUtils.java:logGet(46)) - raft.server.watch.timeout.denomination = 1s (default)
2022-10-19 08:45:24,099 [4bf4c8bd-58cb-4467-be45-ba87f7c70472@group-07EB0DC06987-LeaderElection16] INFO  server.RaftServerConfigKeys (ConfUtils.java:logGet(46)) - raft.server.watch.element-limit = 65536 (default)
2022-10-19 08:45:24,099 [4bf4c8bd-58cb-4467-be45-ba87f7c70472@group-07EB0DC06987-LeaderElection16] INFO  server.RaftServerConfigKeys (ConfUtils.java:logGet(46)) - raft.server.write.element-limit = 1024 (custom)
2022-10-19 08:45:24,099 [4bf4c8bd-58cb-4467-be45-ba87f7c70472@group-07EB0DC06987-LeaderElection16] INFO  server.RaftServerConfigKeys (ConfUtils.java:logGet(46)) - raft.server.write.follower.gap.ratio.max = -1.0 (default)
2022-10-19 08:45:24,099 [4bf4c8bd-58cb-4467-be45-ba87f7c70472@group-07EB0DC06987-LeaderElection16] INFO  impl.RoleInfo (RoleInfo.java:updateAndGet(139)) - 4bf4c8bd-58cb-4467-be45-ba87f7c70472: start 4bf4c8bd-58cb-4467-be45-ba87f7c70472@group-07EB0DC06987-LeaderStateImpl
2022-10-19 08:45:24,099 [4bf4c8bd-58cb-4467-be45-ba87f7c70472@group-07EB0DC06987-LeaderElection16] INFO  segmented.SegmentedRaftLogWorker (SegmentedRaftLogWorker.java:startLogSegment(452)) - 4bf4c8bd-58cb-4467-be45-ba87f7c70472@group-07EB0DC06987-SegmentedRaftLogWorker: Starting segment from index:0
2022-10-19 08:45:24,108 [4bf4c8bd-58cb-4467-be45-ba87f7c70472@group-07EB0DC06987-LeaderElection16] INFO  server.RaftServer$Division (ServerState.java:setRaftConf(430)) - 4bf4c8bd-58cb-4467-be45-ba87f7c70472@group-07EB0DC06987: set configuration 0: peers:[4bf4c8bd-58cb-4467-be45-ba87f7c70472|rpc:10.1.1.188:41671|dataStream:|priority:1|startupRole:FOLLOWER]|listeners:[], old=null
2022-10-19 08:45:24,113 [4bf4c8bd-58cb-4467-be45-ba87f7c70472@group-07EB0DC06987-SegmentedRaftLogWorker] INFO  segmented.SegmentedRaftLogWorker (SegmentedRaftLogWorker.java:execute(656)) - 4bf4c8bd-58cb-4467-be45-ba87f7c70472@group-07EB0DC06987-SegmentedRaftLogWorker: created new log segment /home/runner/work/ozone/ozone/hadoop-ozone/integration-test/target/test-dir/MiniOzoneClusterImpl-43a13940-e4af-4545-ab6e-e590eff1efbb/datanode-9/data/ratis/87012ae4-0743-40c1-8650-07eb0dc06987/current/log_inprogress_0
2022-10-19 08:45:24,281 [grpc-default-executor-4] WARN  server.GrpcLogAppender (LogUtils.java:warn(122)) - 2793c3be-81e9-49ed-8ebe-f0dc6850cb05@group-F96FFF3E3AB8->88796760-9d6a-455a-8b63-676b32daf901-AppendLogResponseHandler: Failed appendEntries: org.apache.ratis.thirdparty.io.grpc.StatusRuntimeException: UNAVAILABLE: io exception
2022-10-19 08:45:24,282 [grpc-default-executor-4] WARN  server.GrpcLogAppender (GrpcLogAppender.java:resetClient(131)) - 2793c3be-81e9-49ed-8ebe-f0dc6850cb05@group-F96FFF3E3AB8->88796760-9d6a-455a-8b63-676b32daf901-GrpcLogAppender: Leader has not got in touch with Follower 2793c3be-81e9-49ed-8ebe-f0dc6850cb05@group-F96FFF3E3AB8->88796760-9d6a-455a-8b63-676b32daf901(c-1,m0,n1, attendVote=true, lastRpcSendTime=1, lastRpcResponseTime=6477) yet, just keep nextIndex unchanged and retry.
2022-10-19 08:45:24,282 [grpc-default-executor-3] WARN  server.GrpcLogAppender (LogUtils.java:warn(122)) - 2793c3be-81e9-49ed-8ebe-f0dc6850cb05@group-F96FFF3E3AB8->88796760-9d6a-455a-8b63-676b32daf901-AppendLogResponseHandler: Failed appendEntries: org.apache.ratis.thirdparty.io.grpc.StatusRuntimeException: UNAVAILABLE: io exception
2022-10-19 08:45:24,283 [grpc-default-executor-3] WARN  server.GrpcLogAppender (GrpcLogAppender.java:resetClient(131)) - 2793c3be-81e9-49ed-8ebe-f0dc6850cb05@group-F96FFF3E3AB8->88796760-9d6a-455a-8b63-676b32daf901-GrpcLogAppender: Leader has not got in touch with Follower 2793c3be-81e9-49ed-8ebe-f0dc6850cb05@group-F96FFF3E3AB8->88796760-9d6a-455a-8b63-676b32daf901(c-1,m0,n1, attendVote=true, lastRpcSendTime=2, lastRpcResponseTime=6478) yet, just keep nextIndex unchanged and retry.
2022-10-19 08:45:24,756 [Listener at 127.0.0.1/40043] INFO  utils.BackgroundService (BackgroundService.java:shutdown(141)) - Shutting down service BlockDeletingService
2022-10-19 08:45:24,757 [Listener at 127.0.0.1/40043] INFO  utils.BackgroundService (BackgroundService.java:shutdown(141)) - Shutting down service StaleRecoveringContainerScrubbingService
2022-10-19 08:45:24,764 [Listener at 127.0.0.1/40043] INFO  statemachine.DatanodeStateMachine (DatanodeStateMachine.java:stopDaemon(580)) - Ozone container server stopped.
2022-10-19 08:45:24,778 [Listener at 127.0.0.1/40043] INFO  handler.ContextHandler (ContextHandler.java:doStop(1153)) - Stopped o.e.j.w.WebAppContext@e041933{hddsDatanode,/,null,STOPPED}{jar:file:/home/runner/.m2/repository/org/apache/ozone/hdds-container-service/1.3.0-SNAPSHOT/hdds-container-service-1.3.0-SNAPSHOT.jar!/webapps/hddsDatanode}
2022-10-19 08:45:24,783 [Listener at 127.0.0.1/40043] INFO  server.AbstractConnector (AbstractConnector.java:doStop(381)) - Stopped ServerConnector@7184dfbe{HTTP/1.1, (http/1.1)}{0.0.0.0:0}
2022-10-19 08:45:24,783 [Listener at 127.0.0.1/40043] INFO  server.session (HouseKeeper.java:stopScavenging(149)) - node0 Stopped scavenging
2022-10-19 08:45:24,785 [Listener at 127.0.0.1/40043] INFO  handler.ContextHandler (ContextHandler.java:doStop(1153)) - Stopped o.e.j.s.ServletContextHandler@4ecc53ae{static,/static,jar:file:/home/runner/.m2/repository/org/apache/ozone/hdds-container-service/1.3.0-SNAPSHOT/hdds-container-service-1.3.0-SNAPSHOT.jar!/webapps/static,STOPPED}
2022-10-19 08:45:24,785 [Listener at 127.0.0.1/40043] INFO  handler.ContextHandler (ContextHandler.java:doStop(1153)) - Stopped o.e.j.s.ServletContextHandler@1e693678{logs,/logs,file:///home/runner/work/ozone/ozone/hadoop-ozone/integration-test/target/log,STOPPED}
2022-10-19 08:45:25,458 [EventQueue-StaleNodeForStaleNodeHandler] INFO  node.StaleNodeHandler (StaleNodeHandler.java:onMessage(59)) - Datanode 88796760-9d6a-455a-8b63-676b32daf901{ip: 10.1.1.188, host: fv-az447-90.tnmeiuxxsqeu3byeydcnbj0j5d.dx.internal.cloudapp.net, ports: [REPLICATION=43325, RATIS=43773, RATIS_ADMIN=43773, RATIS_SERVER=43773, STANDALONE=44263], networkLocation: /default-rack, certSerialId: null, persistedOpState: IN_SERVICE, persistedOpStateExpiryEpochSec: 0} moved to stale state. Finalizing its pipelines [PipelineID=fa67833d-7000-4b79-b267-e6fa9d2c0870, PipelineID=7c96d7d2-a9d3-43d1-9a72-683656f47c8e, PipelineID=54c1d654-b5c8-41d9-b0c9-c7d0fc3350c6, PipelineID=cbe766ec-a2ba-487c-9619-f96fff3e3ab8]
2022-10-19 08:45:25,459 [EventQueue-StaleNodeForStaleNodeHandler] INFO  pipeline.PipelineManagerImpl (PipelineManagerImpl.java:closePipeline(442)) - Pipeline Pipeline[ Id: fa67833d-7000-4b79-b267-e6fa9d2c0870, Nodes: 88796760-9d6a-455a-8b63-676b32daf901{ip: 10.1.1.188, host: fv-az447-90.tnmeiuxxsqeu3byeydcnbj0j5d.dx.internal.cloudapp.net, ports: [REPLICATION=43325, RATIS=43773, RATIS_ADMIN=43773, RATIS_SERVER=43773, STANDALONE=44263], networkLocation: /default-rack, certSerialId: null, persistedOpState: IN_SERVICE, persistedOpStateExpiryEpochSec: 0}, ReplicationConfig: RATIS/ONE, State:OPEN, leaderId:88796760-9d6a-455a-8b63-676b32daf901, CreationTimestamp2022-10-19T08:45:14.727Z[Etc/UTC]] moved to CLOSED state
2022-10-19 08:45:25,461 [EventQueue-StaleNodeForStaleNodeHandler] INFO  pipeline.PipelineManagerImpl (PipelineManagerImpl.java:closePipeline(442)) - Pipeline Pipeline[ Id: 7c96d7d2-a9d3-43d1-9a72-683656f47c8e, Nodes: 88796760-9d6a-455a-8b63-676b32daf901{ip: 10.1.1.188, host: fv-az447-90.tnmeiuxxsqeu3byeydcnbj0j5d.dx.internal.cloudapp.net, ports: [REPLICATION=43325, RATIS=43773, RATIS_ADMIN=43773, RATIS_SERVER=43773, STANDALONE=44263], networkLocation: /default-rack, certSerialId: null, persistedOpState: IN_SERVICE, persistedOpStateExpiryEpochSec: 0}2793c3be-81e9-49ed-8ebe-f0dc6850cb05{ip: 10.1.1.188, host: fv-az447-90.tnmeiuxxsqeu3byeydcnbj0j5d.dx.internal.cloudapp.net, ports: [REPLICATION=33291, RATIS=34763, RATIS_ADMIN=34763, RATIS_SERVER=34763, STANDALONE=36489], networkLocation: /default-rack, certSerialId: null, persistedOpState: IN_SERVICE, persistedOpStateExpiryEpochSec: 0}bca43735-b008-443f-9343-82cfc7e5cdbd{ip: 10.1.1.188, host: fv-az447-90.tnmeiuxxsqeu3byeydcnbj0j5d.dx.internal.cloudapp.net, ports: [REPLICATION=43615, RATIS=44765, RATIS_ADMIN=44765, RATIS_SERVER=44765, STANDALONE=42461], networkLocation: /default-rack, certSerialId: null, persistedOpState: IN_SERVICE, persistedOpStateExpiryEpochSec: 0}, ReplicationConfig: RATIS/THREE, State:ALLOCATED, leaderId:, CreationTimestamp2022-10-19T08:45:15.551Z[Etc/UTC]] moved to CLOSED state
2022-10-19 08:45:25,465 [EventQueue-StaleNodeForStaleNodeHandler] INFO  pipeline.PipelineManagerImpl (PipelineManagerImpl.java:closeContainersForPipeline(421)) - Container #1 closed for pipeline=PipelineID=54c1d654-b5c8-41d9-b0c9-c7d0fc3350c6
2022-10-19 08:45:25,465 [EventQueue-StaleNodeForStaleNodeHandler] INFO  pipeline.PipelineManagerImpl (PipelineManagerImpl.java:closePipeline(442)) - Pipeline Pipeline[ Id: 54c1d654-b5c8-41d9-b0c9-c7d0fc3350c6, Nodes: 88796760-9d6a-455a-8b63-676b32daf901{ip: 10.1.1.188, host: fv-az447-90.tnmeiuxxsqeu3byeydcnbj0j5d.dx.internal.cloudapp.net, ports: [REPLICATION=43325, RATIS=43773, RATIS_ADMIN=43773, RATIS_SERVER=43773, STANDALONE=44263], networkLocation: /default-rack, certSerialId: null, persistedOpState: null, persistedOpStateExpiryEpochSec: 0}91dae643-bef5-471c-869f-4daa43ea47b3{ip: 10.1.1.188, host: fv-az447-90.tnmeiuxxsqeu3byeydcnbj0j5d.dx.internal.cloudapp.net, ports: [REPLICATION=46757, RATIS=34857, RATIS_ADMIN=34857, RATIS_SERVER=34857, STANDALONE=41469], networkLocation: /default-rack, certSerialId: null, persistedOpState: null, persistedOpStateExpiryEpochSec: 0}96fa30cc-cc01-4af1-a161-c10c2afc2f22{ip: 10.1.1.188, host: fv-az447-90.tnmeiuxxsqeu3byeydcnbj0j5d.dx.internal.cloudapp.net, ports: [REPLICATION=35959, RATIS=43419, RATIS_ADMIN=43419, RATIS_SERVER=43419, STANDALONE=33857], networkLocation: /default-rack, certSerialId: null, persistedOpState: null, persistedOpStateExpiryEpochSec: 0}9e7e10a2-763a-4a15-b149-6c921096d1eb{ip: 10.1.1.188, host: fv-az447-90.tnmeiuxxsqeu3byeydcnbj0j5d.dx.internal.cloudapp.net, ports: [REPLICATION=43445, RATIS=43001, RATIS_ADMIN=43001, RATIS_SERVER=43001, STANDALONE=33113], networkLocation: /default-rack, certSerialId: null, persistedOpState: null, persistedOpStateExpiryEpochSec: 0}f675d99d-517f-4d8a-bd29-886eede0250d{ip: 10.1.1.188, host: fv-az447-90.tnmeiuxxsqeu3byeydcnbj0j5d.dx.internal.cloudapp.net, ports: [REPLICATION=34861, RATIS=37697, RATIS_ADMIN=37697, RATIS_SERVER=37697, STANDALONE=41787], networkLocation: /default-rack, certSerialId: null, persistedOpState: null, persistedOpStateExpiryEpochSec: 0}, ReplicationConfig: EC/ECReplicationConfig{data=3, parity=2, ecChunkSize=1024, codec=rs}, State:OPEN, leaderId:, CreationTimestamp2022-10-19T08:45:21.754Z[Etc/UTC]] moved to CLOSED state
2022-10-19 08:45:25,466 [EventQueue-StaleNodeForStaleNodeHandler] INFO  pipeline.PipelineManagerImpl (PipelineManagerImpl.java:closePipeline(442)) - Pipeline Pipeline[ Id: cbe766ec-a2ba-487c-9619-f96fff3e3ab8, Nodes: 88796760-9d6a-455a-8b63-676b32daf901{ip: 10.1.1.188, host: fv-az447-90.tnmeiuxxsqeu3byeydcnbj0j5d.dx.internal.cloudapp.net, ports: [REPLICATION=43325, RATIS=43773, RATIS_ADMIN=43773, RATIS_SERVER=43773, STANDALONE=44263], networkLocation: /default-rack, certSerialId: null, persistedOpState: IN_SERVICE, persistedOpStateExpiryEpochSec: 0}bca43735-b008-443f-9343-82cfc7e5cdbd{ip: 10.1.1.188, host: fv-az447-90.tnmeiuxxsqeu3byeydcnbj0j5d.dx.internal.cloudapp.net, ports: [REPLICATION=43615, RATIS=44765, RATIS_ADMIN=44765, RATIS_SERVER=44765, STANDALONE=42461], networkLocation: /default-rack, certSerialId: null, persistedOpState: IN_SERVICE, persistedOpStateExpiryEpochSec: 0}2793c3be-81e9-49ed-8ebe-f0dc6850cb05{ip: 10.1.1.188, host: fv-az447-90.tnmeiuxxsqeu3byeydcnbj0j5d.dx.internal.cloudapp.net, ports: [REPLICATION=33291, RATIS=34763, RATIS_ADMIN=34763, RATIS_SERVER=34763, STANDALONE=36489], networkLocation: /default-rack, certSerialId: null, persistedOpState: IN_SERVICE, persistedOpStateExpiryEpochSec: 0}, ReplicationConfig: RATIS/THREE, State:OPEN, leaderId:2793c3be-81e9-49ed-8ebe-f0dc6850cb05, CreationTimestamp2022-10-19T08:45:15.552Z[Etc/UTC]] moved to CLOSED state
2022-10-19 08:45:25,466 [EventQueue-CloseContainerForCloseContainerEventHandler] INFO  container.CloseContainerEventHandler (CloseContainerEventHandler.java:onMessage(71)) - Close container Event triggered for container : #1
2022-10-19 08:45:25,531 [grpc-default-executor-4] WARN  server.GrpcLogAppender (LogUtils.java:warn(122)) - 2793c3be-81e9-49ed-8ebe-f0dc6850cb05@group-F96FFF3E3AB8->88796760-9d6a-455a-8b63-676b32daf901-AppendLogResponseHandler: Failed appendEntries: org.apache.ratis.thirdparty.io.grpc.StatusRuntimeException: UNAVAILABLE: io exception
2022-10-19 08:45:25,531 [grpc-default-executor-3] WARN  server.GrpcLogAppender (LogUtils.java:warn(122)) - 2793c3be-81e9-49ed-8ebe-f0dc6850cb05@group-F96FFF3E3AB8->88796760-9d6a-455a-8b63-676b32daf901-AppendLogResponseHandler: Failed appendEntries: org.apache.ratis.thirdparty.io.grpc.StatusRuntimeException: UNAVAILABLE: io exception
2022-10-19 08:45:25,532 [grpc-default-executor-4] WARN  server.GrpcLogAppender (GrpcLogAppender.java:resetClient(131)) - 2793c3be-81e9-49ed-8ebe-f0dc6850cb05@group-F96FFF3E3AB8->88796760-9d6a-455a-8b63-676b32daf901-GrpcLogAppender: Leader has not got in touch with Follower 2793c3be-81e9-49ed-8ebe-f0dc6850cb05@group-F96FFF3E3AB8->88796760-9d6a-455a-8b63-676b32daf901(c-1,m0,n1, attendVote=true, lastRpcSendTime=1251, lastRpcResponseTime=7728) yet, just keep nextIndex unchanged and retry.
2022-10-19 08:45:25,535 [grpc-default-executor-3] WARN  server.GrpcLogAppender (GrpcLogAppender.java:resetClient(131)) - 2793c3be-81e9-49ed-8ebe-f0dc6850cb05@group-F96FFF3E3AB8->88796760-9d6a-455a-8b63-676b32daf901-GrpcLogAppender: Leader has not got in touch with Follower 2793c3be-81e9-49ed-8ebe-f0dc6850cb05@group-F96FFF3E3AB8->88796760-9d6a-455a-8b63-676b32daf901(c-1,m0,n1, attendVote=true, lastRpcSendTime=1254, lastRpcResponseTime=7730) yet, just keep nextIndex unchanged and retry.
2022-10-19 08:45:25,543 [grpc-default-executor-3] WARN  server.GrpcLogAppender (LogUtils.java:warn(122)) - 2793c3be-81e9-49ed-8ebe-f0dc6850cb05@group-F96FFF3E3AB8->88796760-9d6a-455a-8b63-676b32daf901-AppendLogResponseHandler: Failed appendEntries: org.apache.ratis.thirdparty.io.grpc.StatusRuntimeException: UNAVAILABLE: io exception
2022-10-19 08:45:25,544 [grpc-default-executor-4] WARN  server.GrpcLogAppender (LogUtils.java:warn(122)) - 2793c3be-81e9-49ed-8ebe-f0dc6850cb05@group-F96FFF3E3AB8->88796760-9d6a-455a-8b63-676b32daf901-AppendLogResponseHandler: Failed appendEntries: org.apache.ratis.thirdparty.io.grpc.StatusRuntimeException: UNAVAILABLE: io exception
2022-10-19 08:45:25,544 [grpc-default-executor-3] WARN  server.GrpcLogAppender (GrpcLogAppender.java:resetClient(131)) - 2793c3be-81e9-49ed-8ebe-f0dc6850cb05@group-F96FFF3E3AB8->88796760-9d6a-455a-8b63-676b32daf901-GrpcLogAppender: Leader has not got in touch with Follower 2793c3be-81e9-49ed-8ebe-f0dc6850cb05@group-F96FFF3E3AB8->88796760-9d6a-455a-8b63-676b32daf901(c-1,m0,n1, attendVote=true, lastRpcSendTime=1263, lastRpcResponseTime=7740) yet, just keep nextIndex unchanged and retry.
2022-10-19 08:45:25,545 [grpc-default-executor-4] WARN  server.GrpcLogAppender (GrpcLogAppender.java:resetClient(131)) - 2793c3be-81e9-49ed-8ebe-f0dc6850cb05@group-F96FFF3E3AB8->88796760-9d6a-455a-8b63-676b32daf901-GrpcLogAppender: Leader has not got in touch with Follower 2793c3be-81e9-49ed-8ebe-f0dc6850cb05@group-F96FFF3E3AB8->88796760-9d6a-455a-8b63-676b32daf901(c-1,m0,n1, attendVote=true, lastRpcSendTime=1264, lastRpcResponseTime=7740) yet, just keep nextIndex unchanged and retry.
2022-10-19 08:45:25,545 [grpc-default-executor-4] WARN  server.GrpcLogAppender (LogUtils.java:warn(122)) - 2793c3be-81e9-49ed-8ebe-f0dc6850cb05@group-F96FFF3E3AB8->88796760-9d6a-455a-8b63-676b32daf901-AppendLogResponseHandler: Failed appendEntries: org.apache.ratis.thirdparty.io.grpc.StatusRuntimeException: UNAVAILABLE: io exception
2022-10-19 08:45:25,546 [grpc-default-executor-4] WARN  server.GrpcLogAppender (GrpcLogAppender.java:resetClient(131)) - 2793c3be-81e9-49ed-8ebe-f0dc6850cb05@group-F96FFF3E3AB8->88796760-9d6a-455a-8b63-676b32daf901-GrpcLogAppender: Leader has not got in touch with Follower 2793c3be-81e9-49ed-8ebe-f0dc6850cb05@group-F96FFF3E3AB8->88796760-9d6a-455a-8b63-676b32daf901(c-1,m0,n1, attendVote=true, lastRpcSendTime=1265, lastRpcResponseTime=7741) yet, just keep nextIndex unchanged and retry.
2022-10-19 08:45:25,550 [grpc-default-executor-2] WARN  server.GrpcLogAppender (LogUtils.java:warn(122)) - 2793c3be-81e9-49ed-8ebe-f0dc6850cb05@group-F96FFF3E3AB8->88796760-9d6a-455a-8b63-676b32daf901-AppendLogResponseHandler: Failed appendEntries: org.apache.ratis.thirdparty.io.grpc.StatusRuntimeException: UNAVAILABLE: io exception
2022-10-19 08:45:25,550 [grpc-default-executor-2] WARN  server.GrpcLogAppender (GrpcLogAppender.java:resetClient(131)) - 2793c3be-81e9-49ed-8ebe-f0dc6850cb05@group-F96FFF3E3AB8->88796760-9d6a-455a-8b63-676b32daf901-GrpcLogAppender: Leader has not got in touch with Follower 2793c3be-81e9-49ed-8ebe-f0dc6850cb05@group-F96FFF3E3AB8->88796760-9d6a-455a-8b63-676b32daf901(c-1,m0,n1, attendVote=true, lastRpcSendTime=0, lastRpcResponseTime=7746) yet, just keep nextIndex unchanged and retry.
2022-10-19 08:45:25,551 [grpc-default-executor-4] WARN  server.GrpcLogAppender (LogUtils.java:warn(122)) - 2793c3be-81e9-49ed-8ebe-f0dc6850cb05@group-F96FFF3E3AB8->88796760-9d6a-455a-8b63-676b32daf901-AppendLogResponseHandler: Failed appendEntries: org.apache.ratis.thirdparty.io.grpc.StatusRuntimeException: UNAVAILABLE: io exception
2022-10-19 08:45:25,551 [grpc-default-executor-4] WARN  server.GrpcLogAppender (GrpcLogAppender.java:resetClient(131)) - 2793c3be-81e9-49ed-8ebe-f0dc6850cb05@group-F96FFF3E3AB8->88796760-9d6a-455a-8b63-676b32daf901-GrpcLogAppender: Leader has not got in touch with Follower 2793c3be-81e9-49ed-8ebe-f0dc6850cb05@group-F96FFF3E3AB8->88796760-9d6a-455a-8b63-676b32daf901(c-1,m0,n1, attendVote=true, lastRpcSendTime=0, lastRpcResponseTime=7747) yet, just keep nextIndex unchanged and retry.
2022-10-19 08:45:25,552 [grpc-default-executor-2] WARN  server.GrpcLogAppender (LogUtils.java:warn(122)) - 2793c3be-81e9-49ed-8ebe-f0dc6850cb05@group-F96FFF3E3AB8->88796760-9d6a-455a-8b63-676b32daf901-AppendLogResponseHandler: Failed appendEntries: org.apache.ratis.thirdparty.io.grpc.StatusRuntimeException: UNAVAILABLE: io exception
2022-10-19 08:45:25,553 [grpc-default-executor-2] WARN  server.GrpcLogAppender (GrpcLogAppender.java:resetClient(131)) - 2793c3be-81e9-49ed-8ebe-f0dc6850cb05@group-F96FFF3E3AB8->88796760-9d6a-455a-8b63-676b32daf901-GrpcLogAppender: Leader has not got in touch with Follower 2793c3be-81e9-49ed-8ebe-f0dc6850cb05@group-F96FFF3E3AB8->88796760-9d6a-455a-8b63-676b32daf901(c-1,m0,n1, attendVote=true, lastRpcSendTime=2, lastRpcResponseTime=7748) yet, just keep nextIndex unchanged and retry.
2022-10-19 08:45:26,800 [grpc-default-executor-2] WARN  server.GrpcLogAppender (LogUtils.java:warn(122)) - 2793c3be-81e9-49ed-8ebe-f0dc6850cb05@group-F96FFF3E3AB8->88796760-9d6a-455a-8b63-676b32daf901-AppendLogResponseHandler: Failed appendEntries: org.apache.ratis.thirdparty.io.grpc.StatusRuntimeException: UNAVAILABLE: io exception
2022-10-19 08:45:26,801 [grpc-default-executor-4] WARN  server.GrpcLogAppender (LogUtils.java:warn(122)) - 2793c3be-81e9-49ed-8ebe-f0dc6850cb05@group-F96FFF3E3AB8->88796760-9d6a-455a-8b63-676b32daf901-AppendLogResponseHandler: Failed appendEntries: org.apache.ratis.thirdparty.io.grpc.StatusRuntimeException: UNAVAILABLE: io exception
2022-10-19 08:45:26,802 [grpc-default-executor-2] WARN  server.GrpcLogAppender (GrpcLogAppender.java:resetClient(131)) - 2793c3be-81e9-49ed-8ebe-f0dc6850cb05@group-F96FFF3E3AB8->88796760-9d6a-455a-8b63-676b32daf901-GrpcLogAppender: Leader has not got in touch with Follower 2793c3be-81e9-49ed-8ebe-f0dc6850cb05@group-F96FFF3E3AB8->88796760-9d6a-455a-8b63-676b32daf901(c-1,m0,n1, attendVote=true, lastRpcSendTime=1251, lastRpcResponseTime=8997) yet, just keep nextIndex unchanged and retry.
2022-10-19 08:45:26,803 [grpc-default-executor-4] WARN  server.GrpcLogAppender (GrpcLogAppender.java:resetClient(131)) - 2793c3be-81e9-49ed-8ebe-f0dc6850cb05@group-F96FFF3E3AB8->88796760-9d6a-455a-8b63-676b32daf901-GrpcLogAppender: Leader has not got in touch with Follower 2793c3be-81e9-49ed-8ebe-f0dc6850cb05@group-F96FFF3E3AB8->88796760-9d6a-455a-8b63-676b32daf901(c-1,m0,n1, attendVote=true, lastRpcSendTime=1253, lastRpcResponseTime=8999) yet, just keep nextIndex unchanged and retry.
2022-10-19 08:45:26,804 [grpc-default-executor-2] WARN  server.GrpcLogAppender (LogUtils.java:warn(122)) - 2793c3be-81e9-49ed-8ebe-f0dc6850cb05@group-F96FFF3E3AB8->88796760-9d6a-455a-8b63-676b32daf901-AppendLogResponseHandler: Failed appendEntries: org.apache.ratis.thirdparty.io.grpc.StatusRuntimeException: UNAVAILABLE: io exception
2022-10-19 08:45:26,804 [grpc-default-executor-4] WARN  server.GrpcLogAppender (LogUtils.java:warn(122)) - 2793c3be-81e9-49ed-8ebe-f0dc6850cb05@group-F96FFF3E3AB8->88796760-9d6a-455a-8b63-676b32daf901-AppendLogResponseHandler: Failed appendEntries: org.apache.ratis.thirdparty.io.grpc.StatusRuntimeException: UNAVAILABLE: io exception
2022-10-19 08:45:26,805 [grpc-default-executor-2] WARN  server.GrpcLogAppender (GrpcLogAppender.java:resetClient(131)) - 2793c3be-81e9-49ed-8ebe-f0dc6850cb05@group-F96FFF3E3AB8->88796760-9d6a-455a-8b63-676b32daf901-GrpcLogAppender: Leader has not got in touch with Follower 2793c3be-81e9-49ed-8ebe-f0dc6850cb05@group-F96FFF3E3AB8->88796760-9d6a-455a-8b63-676b32daf901(c-1,m0,n1, attendVote=true, lastRpcSendTime=1254, lastRpcResponseTime=9001) yet, just keep nextIndex unchanged and retry.
2022-10-19 08:45:26,805 [grpc-default-executor-4] WARN  server.GrpcLogAppender (GrpcLogAppender.java:resetClient(131)) - 2793c3be-81e9-49ed-8ebe-f0dc6850cb05@group-F96FFF3E3AB8->88796760-9d6a-455a-8b63-676b32daf901-GrpcLogAppender: Leader has not got in touch with Follower 2793c3be-81e9-49ed-8ebe-f0dc6850cb05@group-F96FFF3E3AB8->88796760-9d6a-455a-8b63-676b32daf901(c-1,m0,n1, attendVote=true, lastRpcSendTime=1255, lastRpcResponseTime=9001) yet, just keep nextIndex unchanged and retry.
2022-10-19 08:45:26,805 [grpc-default-executor-4] WARN  server.GrpcLogAppender (LogUtils.java:warn(122)) - 2793c3be-81e9-49ed-8ebe-f0dc6850cb05@group-F96FFF3E3AB8->88796760-9d6a-455a-8b63-676b32daf901-AppendLogResponseHandler: Failed appendEntries: org.apache.ratis.thirdparty.io.grpc.StatusRuntimeException: UNAVAILABLE: io exception
2022-10-19 08:45:26,806 [grpc-default-executor-4] WARN  server.GrpcLogAppender (GrpcLogAppender.java:resetClient(131)) - 2793c3be-81e9-49ed-8ebe-f0dc6850cb05@group-F96FFF3E3AB8->88796760-9d6a-455a-8b63-676b32daf901-GrpcLogAppender: Leader has not got in touch with Follower 2793c3be-81e9-49ed-8ebe-f0dc6850cb05@group-F96FFF3E3AB8->88796760-9d6a-455a-8b63-676b32daf901(c-1,m0,n1, attendVote=true, lastRpcSendTime=1255, lastRpcResponseTime=9001) yet, just keep nextIndex unchanged and retry.
2022-10-19 08:45:26,806 [grpc-default-executor-4] WARN  server.GrpcLogAppender (LogUtils.java:warn(122)) - 2793c3be-81e9-49ed-8ebe-f0dc6850cb05@group-F96FFF3E3AB8->88796760-9d6a-455a-8b63-676b32daf901-AppendLogResponseHandler: Failed appendEntries: org.apache.ratis.thirdparty.io.grpc.StatusRuntimeException: UNAVAILABLE: io exception
2022-10-19 08:45:26,806 [grpc-default-executor-4] WARN  server.GrpcLogAppender (GrpcLogAppender.java:resetClient(131)) - 2793c3be-81e9-49ed-8ebe-f0dc6850cb05@group-F96FFF3E3AB8->88796760-9d6a-455a-8b63-676b32daf901-GrpcLogAppender: Leader has not got in touch with Follower 2793c3be-81e9-49ed-8ebe-f0dc6850cb05@group-F96FFF3E3AB8->88796760-9d6a-455a-8b63-676b32daf901(c-1,m0,n1, attendVote=true, lastRpcSendTime=0, lastRpcResponseTime=9002) yet, just keep nextIndex unchanged and retry.
2022-10-19 08:45:26,807 [grpc-default-executor-2] WARN  server.GrpcLogAppender (LogUtils.java:warn(122)) - 2793c3be-81e9-49ed-8ebe-f0dc6850cb05@group-F96FFF3E3AB8->88796760-9d6a-455a-8b63-676b32daf901-AppendLogResponseHandler: Failed appendEntries: org.apache.ratis.thirdparty.io.grpc.StatusRuntimeException: UNAVAILABLE: io exception
2022-10-19 08:45:26,808 [grpc-default-executor-2] WARN  server.GrpcLogAppender (GrpcLogAppender.java:resetClient(131)) - 2793c3be-81e9-49ed-8ebe-f0dc6850cb05@group-F96FFF3E3AB8->88796760-9d6a-455a-8b63-676b32daf901-GrpcLogAppender: Leader has not got in touch with Follower 2793c3be-81e9-49ed-8ebe-f0dc6850cb05@group-F96FFF3E3AB8->88796760-9d6a-455a-8b63-676b32daf901(c-1,m0,n1, attendVote=true, lastRpcSendTime=1, lastRpcResponseTime=9003) yet, just keep nextIndex unchanged and retry.
2022-10-19 08:45:26,815 [grpc-default-executor-4] WARN  server.GrpcLogAppender (LogUtils.java:warn(122)) - 2793c3be-81e9-49ed-8ebe-f0dc6850cb05@group-F96FFF3E3AB8->88796760-9d6a-455a-8b63-676b32daf901-AppendLogResponseHandler: Failed appendEntries: org.apache.ratis.thirdparty.io.grpc.StatusRuntimeException: UNAVAILABLE: io exception
2022-10-19 08:45:26,816 [grpc-default-executor-4] WARN  server.GrpcLogAppender (GrpcLogAppender.java:resetClient(131)) - 2793c3be-81e9-49ed-8ebe-f0dc6850cb05@group-F96FFF3E3AB8->88796760-9d6a-455a-8b63-676b32daf901-GrpcLogAppender: Leader has not got in touch with Follower 2793c3be-81e9-49ed-8ebe-f0dc6850cb05@group-F96FFF3E3AB8->88796760-9d6a-455a-8b63-676b32daf901(c-1,m0,n1, attendVote=true, lastRpcSendTime=9, lastRpcResponseTime=9011) yet, just keep nextIndex unchanged and retry.
2022-10-19 08:45:27,479 [Command processor thread] INFO  keyvalue.KeyValueContainer (KeyValueContainer.java:flushAndSyncDB(436)) - Container 1 is synced with bcsId 0.
2022-10-19 08:45:27,479 [Command processor thread] INFO  keyvalue.KeyValueContainer (KeyValueContainer.java:flushAndSyncDB(436)) - Container 1 is synced with bcsId 0.
2022-10-19 08:45:27,484 [Command processor thread] INFO  keyvalue.KeyValueContainer (KeyValueContainer.java:close(351)) - Container 1 is closed with bcsId 0.
2022-10-19 08:45:27,485 [FixedThreadPoolWithAffinityExecutor-9-0] INFO  container.IncrementalContainerReportHandler (AbstractContainerReportHandler.java:updateContainerState(292)) - Moving container #1 to CLOSED state, datanode 9e7e10a2-763a-4a15-b149-6c921096d1eb{ip: 10.1.1.188, host: fv-az447-90.tnmeiuxxsqeu3byeydcnbj0j5d.dx.internal.cloudapp.net, ports: [REPLICATION=43445, RATIS=43001, RATIS_ADMIN=43001, RATIS_SERVER=43001, STANDALONE=33113], networkLocation: /default-rack, certSerialId: null, persistedOpState: IN_SERVICE, persistedOpStateExpiryEpochSec: 0} reported CLOSED replica.
2022-10-19 08:45:27,499 [Listener at 127.0.0.1/40043] INFO  replication.ReplicationManager (ReplicationManager.java:stop(259)) - Stopping Replication Monitor Thread.
2022-10-19 08:45:27,499 [Under Replicated Processor] WARN  replication.UnderReplicatedProcessor (UnderReplicatedProcessor.java:run(148)) - Under Replicated Processor interrupted. Exiting...
2022-10-19 08:45:27,499 [Over Replicated Processor] WARN  replication.OverReplicatedProcessor (OverReplicatedProcessor.java:run(137)) - Over Replicated Processor interrupted. Exiting...
2022-10-19 08:45:27,500 [ReplicationMonitor] INFO  replication.ReplicationManager (ReplicationManager.java:run(542)) - Replication Monitor Thread is stopped
2022-10-19 08:45:27,959 [2793c3be-81e9-49ed-8ebe-f0dc6850cb05@group-683656F47C8E-FollowerState] INFO  impl.FollowerState (FollowerState.java:run(143)) - 2793c3be-81e9-49ed-8ebe-f0dc6850cb05@group-683656F47C8E-FollowerState: change to CANDIDATE, lastRpcElapsedTime:5065445207ns, electionTimeout:5062ms
2022-10-19 08:45:27,959 [2793c3be-81e9-49ed-8ebe-f0dc6850cb05@group-683656F47C8E-FollowerState] INFO  impl.RoleInfo (RoleInfo.java:shutdownFollowerState(110)) - 2793c3be-81e9-49ed-8ebe-f0dc6850cb05: shutdown 2793c3be-81e9-49ed-8ebe-f0dc6850cb05@group-683656F47C8E-FollowerState
2022-10-19 08:45:27,959 [2793c3be-81e9-49ed-8ebe-f0dc6850cb05@group-683656F47C8E-FollowerState] INFO  server.RaftServer$Division (RaftServerImpl.java:setRole(321)) - 2793c3be-81e9-49ed-8ebe-f0dc6850cb05@group-683656F47C8E: changes role from  FOLLOWER to CANDIDATE at term 1 for changeToCandidate
2022-10-19 08:45:27,959 [2793c3be-81e9-49ed-8ebe-f0dc6850cb05@group-683656F47C8E-FollowerState] INFO  server.RaftServerConfigKeys (ConfUtils.java:logGet(46)) - raft.server.leaderelection.pre-vote = false (custom)
2022-10-19 08:45:27,959 [2793c3be-81e9-49ed-8ebe-f0dc6850cb05@group-683656F47C8E-FollowerState] INFO  impl.RoleInfo (RoleInfo.java:updateAndGet(139)) - 2793c3be-81e9-49ed-8ebe-f0dc6850cb05: start 2793c3be-81e9-49ed-8ebe-f0dc6850cb05@group-683656F47C8E-LeaderElection17
2022-10-19 08:45:27,968 [bca43735-b008-443f-9343-82cfc7e5cdbd@group-683656F47C8E-FollowerState] INFO  impl.FollowerState (FollowerState.java:run(143)) - bca43735-b008-443f-9343-82cfc7e5cdbd@group-683656F47C8E-FollowerState: change to CANDIDATE, lastRpcElapsedTime:5082842781ns, electionTimeout:5077ms
2022-10-19 08:45:27,968 [bca43735-b008-443f-9343-82cfc7e5cdbd@group-683656F47C8E-FollowerState] INFO  impl.RoleInfo (RoleInfo.java:shutdownFollowerState(110)) - bca43735-b008-443f-9343-82cfc7e5cdbd: shutdown bca43735-b008-443f-9343-82cfc7e5cdbd@group-683656F47C8E-FollowerState
2022-10-19 08:45:27,969 [bca43735-b008-443f-9343-82cfc7e5cdbd@group-683656F47C8E-FollowerState] INFO  server.RaftServer$Division (RaftServerImpl.java:setRole(321)) - bca43735-b008-443f-9343-82cfc7e5cdbd@group-683656F47C8E: changes role from  FOLLOWER to CANDIDATE at term 1 for changeToCandidate
2022-10-19 08:45:27,969 [bca43735-b008-443f-9343-82cfc7e5cdbd@group-683656F47C8E-FollowerState] INFO  server.RaftServerConfigKeys (ConfUtils.java:logGet(46)) - raft.server.leaderelection.pre-vote = false (custom)
2022-10-19 08:45:27,969 [bca43735-b008-443f-9343-82cfc7e5cdbd@group-683656F47C8E-FollowerState] INFO  impl.RoleInfo (RoleInfo.java:updateAndGet(139)) - bca43735-b008-443f-9343-82cfc7e5cdbd: start bca43735-b008-443f-9343-82cfc7e5cdbd@group-683656F47C8E-LeaderElection18
2022-10-19 08:45:27,969 [2793c3be-81e9-49ed-8ebe-f0dc6850cb05@group-683656F47C8E-LeaderElection17] INFO  impl.LeaderElection (LeaderElection.java:askForVotes(312)) - 2793c3be-81e9-49ed-8ebe-f0dc6850cb05@group-683656F47C8E-LeaderElection17 ELECTION round 0: submit vote requests at term 2 for -1: peers:[2793c3be-81e9-49ed-8ebe-f0dc6850cb05|rpc:10.1.1.188:34763|dataStream:|priority:0|startupRole:FOLLOWER, bca43735-b008-443f-9343-82cfc7e5cdbd|rpc:10.1.1.188:44765|dataStream:|priority:1|startupRole:FOLLOWER, 88796760-9d6a-455a-8b63-676b32daf901|rpc:10.1.1.188:43773|dataStream:|priority:0|startupRole:FOLLOWER]|listeners:[], old=null
2022-10-19 08:45:27,971 [bca43735-b008-443f-9343-82cfc7e5cdbd@group-683656F47C8E-LeaderElection18] INFO  impl.LeaderElection (LeaderElection.java:askForVotes(312)) - bca43735-b008-443f-9343-82cfc7e5cdbd@group-683656F47C8E-LeaderElection18 ELECTION round 0: submit vote requests at term 2 for -1: peers:[2793c3be-81e9-49ed-8ebe-f0dc6850cb05|rpc:10.1.1.188:34763|dataStream:|priority:0|startupRole:FOLLOWER, bca43735-b008-443f-9343-82cfc7e5cdbd|rpc:10.1.1.188:44765|dataStream:|priority:1|startupRole:FOLLOWER, 88796760-9d6a-455a-8b63-676b32daf901|rpc:10.1.1.188:43773|dataStream:|priority:0|startupRole:FOLLOWER]|listeners:[], old=null
2022-10-19 08:45:27,975 [2793c3be-81e9-49ed-8ebe-f0dc6850cb05@group-683656F47C8E-LeaderElection17] INFO  server.RaftServerConfigKeys (ConfUtils.java:logFallback(53)) - raft.server.rpc.first-election.timeout.min = 5s (fallback to raft.server.rpc.timeout.min)
2022-10-19 08:45:27,975 [2793c3be-81e9-49ed-8ebe-f0dc6850cb05@group-683656F47C8E-LeaderElection17] INFO  server.RaftServerConfigKeys (ConfUtils.java:logFallback(53)) - raft.server.rpc.first-election.timeout.max = 5200ms (fallback to raft.server.rpc.timeout.max)
2022-10-19 08:45:27,980 [bca43735-b008-443f-9343-82cfc7e5cdbd@group-683656F47C8E-LeaderElection18] INFO  server.RaftServerConfigKeys (ConfUtils.java:logFallback(53)) - raft.server.rpc.first-election.timeout.min = 5s (fallback to raft.server.rpc.timeout.min)
2022-10-19 08:45:27,980 [bca43735-b008-443f-9343-82cfc7e5cdbd@group-683656F47C8E-LeaderElection18] INFO  server.RaftServerConfigKeys (ConfUtils.java:logFallback(53)) - raft.server.rpc.first-election.timeout.max = 5200ms (fallback to raft.server.rpc.timeout.max)
2022-10-19 08:45:27,980 [grpc-default-executor-4] INFO  server.RaftServer$Division (RaftServerImpl.java:requestVote(1218)) - bca43735-b008-443f-9343-82cfc7e5cdbd@group-683656F47C8E: receive requestVote(ELECTION, 2793c3be-81e9-49ed-8ebe-f0dc6850cb05, group-683656F47C8E, 2, (t:0, i:0))
2022-10-19 08:45:27,980 [bca43735-b008-443f-9343-82cfc7e5cdbd@group-683656F47C8E-LeaderElection18-2] INFO  server.GrpcServerProtocolClient (GrpcServerProtocolClient.java:<init>(63)) - Build channel for 88796760-9d6a-455a-8b63-676b32daf901
2022-10-19 08:45:27,980 [grpc-default-executor-4] INFO  impl.VoteContext (VoteContext.java:log(48)) - bca43735-b008-443f-9343-82cfc7e5cdbd@group-683656F47C8E-CANDIDATE: reject ELECTION from 2793c3be-81e9-49ed-8ebe-f0dc6850cb05: already has voted for bca43735-b008-443f-9343-82cfc7e5cdbd at current term 2
2022-10-19 08:45:27,981 [grpc-default-executor-4] INFO  server.RaftServer$Division (RaftServerImpl.java:requestVote(1251)) - bca43735-b008-443f-9343-82cfc7e5cdbd@group-683656F47C8E replies to ELECTION vote request: 2793c3be-81e9-49ed-8ebe-f0dc6850cb05<-bca43735-b008-443f-9343-82cfc7e5cdbd#0:FAIL-t2. Peer's state: bca43735-b008-443f-9343-82cfc7e5cdbd@group-683656F47C8E:t2, leader=null, voted=bca43735-b008-443f-9343-82cfc7e5cdbd, raftlog=Memoized:bca43735-b008-443f-9343-82cfc7e5cdbd@group-683656F47C8E-SegmentedRaftLog:OPENED:c-1, conf=-1: peers:[2793c3be-81e9-49ed-8ebe-f0dc6850cb05|rpc:10.1.1.188:34763|dataStream:|priority:0|startupRole:FOLLOWER, bca43735-b008-443f-9343-82cfc7e5cdbd|rpc:10.1.1.188:44765|dataStream:|priority:1|startupRole:FOLLOWER, 88796760-9d6a-455a-8b63-676b32daf901|rpc:10.1.1.188:43773|dataStream:|priority:0|startupRole:FOLLOWER]|listeners:[], old=null
2022-10-19 08:45:27,982 [2793c3be-81e9-49ed-8ebe-f0dc6850cb05@group-683656F47C8E-LeaderElection17] INFO  impl.LeaderElection (LeaderElection.java:logAndReturn(90)) - 2793c3be-81e9-49ed-8ebe-f0dc6850cb05@group-683656F47C8E-LeaderElection17: ELECTION REJECTED received 1 response(s) and 0 exception(s):
2022-10-19 08:45:27,982 [2793c3be-81e9-49ed-8ebe-f0dc6850cb05@group-683656F47C8E-LeaderElection17] INFO  impl.LeaderElection (LeaderElection.java:logAndReturn(94)) -   Response 0: 2793c3be-81e9-49ed-8ebe-f0dc6850cb05<-bca43735-b008-443f-9343-82cfc7e5cdbd#0:FAIL-t2
2022-10-19 08:45:27,982 [2793c3be-81e9-49ed-8ebe-f0dc6850cb05@group-683656F47C8E-LeaderElection17] INFO  impl.LeaderElection (LeaderElection.java:askForVotes(314)) - 2793c3be-81e9-49ed-8ebe-f0dc6850cb05@group-683656F47C8E-LeaderElection17 ELECTION round 0: result REJECTED
2022-10-19 08:45:27,982 [2793c3be-81e9-49ed-8ebe-f0dc6850cb05@group-683656F47C8E-LeaderElection17] INFO  server.RaftServer$Division (RaftServerImpl.java:setRole(321)) - 2793c3be-81e9-49ed-8ebe-f0dc6850cb05@group-683656F47C8E: changes role from CANDIDATE to FOLLOWER at term 2 for REJECTED
2022-10-19 08:45:27,982 [2793c3be-81e9-49ed-8ebe-f0dc6850cb05@group-683656F47C8E-LeaderElection17] INFO  impl.RoleInfo (RoleInfo.java:shutdownLeaderElection(130)) - 2793c3be-81e9-49ed-8ebe-f0dc6850cb05: shutdown 2793c3be-81e9-49ed-8ebe-f0dc6850cb05@group-683656F47C8E-LeaderElection17
2022-10-19 08:45:27,982 [2793c3be-81e9-49ed-8ebe-f0dc6850cb05@group-683656F47C8E-LeaderElection17] INFO  impl.RoleInfo (RoleInfo.java:updateAndGet(139)) - 2793c3be-81e9-49ed-8ebe-f0dc6850cb05: start 2793c3be-81e9-49ed-8ebe-f0dc6850cb05@group-683656F47C8E-FollowerState
2022-10-19 08:45:27,983 [bca43735-b008-443f-9343-82cfc7e5cdbd@group-683656F47C8E-LeaderElection18-1] INFO  server.GrpcServerProtocolClient (GrpcServerProtocolClient.java:<init>(63)) - Build channel for 2793c3be-81e9-49ed-8ebe-f0dc6850cb05
2022-10-19 08:45:27,988 [2793c3be-81e9-49ed-8ebe-f0dc6850cb05@group-683656F47C8E-FollowerState] INFO  server.RaftServerConfigKeys (ConfUtils.java:logFallback(53)) - raft.server.rpc.first-election.timeout.min = 5s (fallback to raft.server.rpc.timeout.min)
2022-10-19 08:45:27,988 [2793c3be-81e9-49ed-8ebe-f0dc6850cb05@group-683656F47C8E-FollowerState] INFO  server.RaftServerConfigKeys (ConfUtils.java:logFallback(53)) - raft.server.rpc.first-election.timeout.max = 5200ms (fallback to raft.server.rpc.timeout.max)
2022-10-19 08:45:27,989 [bca43735-b008-443f-9343-82cfc7e5cdbd@group-683656F47C8E-LeaderElection18] INFO  impl.LeaderElection (LogUtils.java:infoOrTrace(137)) - bca43735-b008-443f-9343-82cfc7e5cdbd@group-683656F47C8E-LeaderElection18 got exception when requesting votes: java.util.concurrent.ExecutionException: org.apache.ratis.thirdparty.io.grpc.StatusRuntimeException: UNAVAILABLE: io exception
2022-10-19 08:45:28,000 [grpc-default-executor-4] INFO  server.RaftServer$Division (RaftServerImpl.java:requestVote(1218)) - 2793c3be-81e9-49ed-8ebe-f0dc6850cb05@group-683656F47C8E: receive requestVote(ELECTION, bca43735-b008-443f-9343-82cfc7e5cdbd, group-683656F47C8E, 2, (t:0, i:0))
2022-10-19 08:45:28,000 [grpc-default-executor-4] INFO  impl.VoteContext (VoteContext.java:log(48)) - 2793c3be-81e9-49ed-8ebe-f0dc6850cb05@group-683656F47C8E-FOLLOWER: reject ELECTION from bca43735-b008-443f-9343-82cfc7e5cdbd: already has voted for 2793c3be-81e9-49ed-8ebe-f0dc6850cb05 at current term 2
2022-10-19 08:45:28,000 [grpc-default-executor-4] INFO  server.RaftServer$Division (RaftServerImpl.java:requestVote(1251)) - 2793c3be-81e9-49ed-8ebe-f0dc6850cb05@group-683656F47C8E replies to ELECTION vote request: bca43735-b008-443f-9343-82cfc7e5cdbd<-2793c3be-81e9-49ed-8ebe-f0dc6850cb05#0:FAIL-t2. Peer's state: 2793c3be-81e9-49ed-8ebe-f0dc6850cb05@group-683656F47C8E:t2, leader=null, voted=2793c3be-81e9-49ed-8ebe-f0dc6850cb05, raftlog=Memoized:2793c3be-81e9-49ed-8ebe-f0dc6850cb05@group-683656F47C8E-SegmentedRaftLog:OPENED:c-1, conf=-1: peers:[2793c3be-81e9-49ed-8ebe-f0dc6850cb05|rpc:10.1.1.188:34763|dataStream:|priority:0|startupRole:FOLLOWER, bca43735-b008-443f-9343-82cfc7e5cdbd|rpc:10.1.1.188:44765|dataStream:|priority:1|startupRole:FOLLOWER, 88796760-9d6a-455a-8b63-676b32daf901|rpc:10.1.1.188:43773|dataStream:|priority:0|startupRole:FOLLOWER]|listeners:[], old=null
2022-10-19 08:45:28,001 [bca43735-b008-443f-9343-82cfc7e5cdbd@group-683656F47C8E-LeaderElection18] INFO  impl.LeaderElection (LeaderElection.java:logAndReturn(90)) - bca43735-b008-443f-9343-82cfc7e5cdbd@group-683656F47C8E-LeaderElection18: ELECTION REJECTED received 1 response(s) and 1 exception(s):
2022-10-19 08:45:28,001 [bca43735-b008-443f-9343-82cfc7e5cdbd@group-683656F47C8E-LeaderElection18] INFO  impl.LeaderElection (LeaderElection.java:logAndReturn(94)) -   Response 0: bca43735-b008-443f-9343-82cfc7e5cdbd<-2793c3be-81e9-49ed-8ebe-f0dc6850cb05#0:FAIL-t2
2022-10-19 08:45:28,001 [bca43735-b008-443f-9343-82cfc7e5cdbd@group-683656F47C8E-LeaderElection18] INFO  impl.LeaderElection (LogUtils.java:infoOrTrace(137)) -   Exception 1: java.util.concurrent.ExecutionException: org.apache.ratis.thirdparty.io.grpc.StatusRuntimeException: UNAVAILABLE: io exception
2022-10-19 08:45:28,001 [bca43735-b008-443f-9343-82cfc7e5cdbd@group-683656F47C8E-LeaderElection18] INFO  impl.LeaderElection (LeaderElection.java:askForVotes(314)) - bca43735-b008-443f-9343-82cfc7e5cdbd@group-683656F47C8E-LeaderElection18 ELECTION round 0: result REJECTED
2022-10-19 08:45:28,001 [bca43735-b008-443f-9343-82cfc7e5cdbd@group-683656F47C8E-LeaderElection18] INFO  server.RaftServer$Division (RaftServerImpl.java:setRole(321)) - bca43735-b008-443f-9343-82cfc7e5cdbd@group-683656F47C8E: changes role from CANDIDATE to FOLLOWER at term 2 for REJECTED
2022-10-19 08:45:28,001 [bca43735-b008-443f-9343-82cfc7e5cdbd@group-683656F47C8E-LeaderElection18] INFO  impl.RoleInfo (RoleInfo.java:shutdownLeaderElection(130)) - bca43735-b008-443f-9343-82cfc7e5cdbd: shutdown bca43735-b008-443f-9343-82cfc7e5cdbd@group-683656F47C8E-LeaderElection18
2022-10-19 08:45:28,001 [bca43735-b008-443f-9343-82cfc7e5cdbd@group-683656F47C8E-LeaderElection18] INFO  impl.RoleInfo (RoleInfo.java:updateAndGet(139)) - bca43735-b008-443f-9343-82cfc7e5cdbd: start bca43735-b008-443f-9343-82cfc7e5cdbd@group-683656F47C8E-FollowerState
2022-10-19 08:45:28,007 [bca43735-b008-443f-9343-82cfc7e5cdbd@group-683656F47C8E-FollowerState] INFO  server.RaftServerConfigKeys (ConfUtils.java:logFallback(53)) - raft.server.rpc.first-election.timeout.min = 5s (fallback to raft.server.rpc.timeout.min)
2022-10-19 08:45:28,007 [bca43735-b008-443f-9343-82cfc7e5cdbd@group-683656F47C8E-FollowerState] INFO  server.RaftServerConfigKeys (ConfUtils.java:logFallback(53)) - raft.server.rpc.first-election.timeout.max = 5200ms (fallback to raft.server.rpc.timeout.max)
2022-10-19 08:45:28,056 [grpc-default-executor-2] WARN  server.GrpcLogAppender (LogUtils.java:warn(122)) - 2793c3be-81e9-49ed-8ebe-f0dc6850cb05@group-F96FFF3E3AB8->88796760-9d6a-455a-8b63-676b32daf901-AppendLogResponseHandler: Failed appendEntries: org.apache.ratis.thirdparty.io.grpc.StatusRuntimeException: UNAVAILABLE: io exception
2022-10-19 08:45:28,056 [grpc-default-executor-4] WARN  server.GrpcLogAppender (LogUtils.java:warn(122)) - 2793c3be-81e9-49ed-8ebe-f0dc6850cb05@group-F96FFF3E3AB8->88796760-9d6a-455a-8b63-676b32daf901-AppendLogResponseHandler: Failed appendEntries: org.apache.ratis.thirdparty.io.grpc.StatusRuntimeException: UNAVAILABLE: io exception
2022-10-19 08:45:28,057 [grpc-default-executor-2] WARN  server.GrpcLogAppender (GrpcLogAppender.java:resetClient(131)) - 2793c3be-81e9-49ed-8ebe-f0dc6850cb05@group-F96FFF3E3AB8->88796760-9d6a-455a-8b63-676b32daf901-GrpcLogAppender: Leader has not got in touch with Follower 2793c3be-81e9-49ed-8ebe-f0dc6850cb05@group-F96FFF3E3AB8->88796760-9d6a-455a-8b63-676b32daf901(c-1,m0,n1, attendVote=true, lastRpcSendTime=1251, lastRpcResponseTime=10253) yet, just keep nextIndex unchanged and retry.
2022-10-19 08:45:28,058 [grpc-default-executor-4] WARN  server.GrpcLogAppender (GrpcLogAppender.java:resetClient(131)) - 2793c3be-81e9-49ed-8ebe-f0dc6850cb05@group-F96FFF3E3AB8->88796760-9d6a-455a-8b63-676b32daf901-GrpcLogAppender: Leader has not got in touch with Follower 2793c3be-81e9-49ed-8ebe-f0dc6850cb05@group-F96FFF3E3AB8->88796760-9d6a-455a-8b63-676b32daf901(c-1,m0,n1, attendVote=true, lastRpcSendTime=1252, lastRpcResponseTime=10254) yet, just keep nextIndex unchanged and retry.
2022-10-19 08:45:28,059 [grpc-default-executor-2] WARN  server.GrpcLogAppender (LogUtils.java:warn(122)) - 2793c3be-81e9-49ed-8ebe-f0dc6850cb05@group-F96FFF3E3AB8->88796760-9d6a-455a-8b63-676b32daf901-AppendLogResponseHandler: Failed appendEntries: org.apache.ratis.thirdparty.io.grpc.StatusRuntimeException: UNAVAILABLE: io exception
2022-10-19 08:45:28,060 [grpc-default-executor-2] WARN  server.GrpcLogAppender (GrpcLogAppender.java:resetClient(131)) - 2793c3be-81e9-49ed-8ebe-f0dc6850cb05@group-F96FFF3E3AB8->88796760-9d6a-455a-8b63-676b32daf901-GrpcLogAppender: Leader has not got in touch with Follower 2793c3be-81e9-49ed-8ebe-f0dc6850cb05@group-F96FFF3E3AB8->88796760-9d6a-455a-8b63-676b32daf901(c-1,m0,n1, attendVote=true, lastRpcSendTime=0, lastRpcResponseTime=10255) yet, just keep nextIndex unchanged and retry.
2022-10-19 08:45:28,061 [grpc-default-executor-4] WARN  server.GrpcLogAppender (LogUtils.java:warn(122)) - 2793c3be-81e9-49ed-8ebe-f0dc6850cb05@group-F96FFF3E3AB8->88796760-9d6a-455a-8b63-676b32daf901-AppendLogResponseHandler: Failed appendEntries: org.apache.ratis.thirdparty.io.grpc.StatusRuntimeException: UNAVAILABLE: io exception
2022-10-19 08:45:28,061 [grpc-default-executor-4] WARN  server.GrpcLogAppender (GrpcLogAppender.java:resetClient(131)) - 2793c3be-81e9-49ed-8ebe-f0dc6850cb05@group-F96FFF3E3AB8->88796760-9d6a-455a-8b63-676b32daf901-GrpcLogAppender: Leader has not got in touch with Follower 2793c3be-81e9-49ed-8ebe-f0dc6850cb05@group-F96FFF3E3AB8->88796760-9d6a-455a-8b63-676b32daf901(c-1,m0,n1, attendVote=true, lastRpcSendTime=2, lastRpcResponseTime=10257) yet, just keep nextIndex unchanged and retry.
2022-10-19 08:45:28,228 [2793c3be-81e9-49ed-8ebe-f0dc6850cb05@group-F96FFF3E3AB8-LeaderStateImpl] INFO  server.RaftServer$Division (LeaderStateImpl.java:yieldLeaderToHigherPriorityPeer(978)) - 2793c3be-81e9-49ed-8ebe-f0dc6850cb05@group-F96FFF3E3AB8-LeaderStateImpl send StartLeaderElectionRequest to follower:88796760-9d6a-455a-8b63-676b32daf901 on term:1 because follower's priority:1 is higher than leader's:0 and follower's lastEntry index:0 catch up with leader's:0
2022-10-19 08:45:28,477 [EventQueue-DeadNodeForDeadNodeHandler] INFO  node.DeadNodeHandler (DeadNodeHandler.java:onMessage(81)) - A dead datanode is detected. 88796760-9d6a-455a-8b63-676b32daf901{ip: 10.1.1.188, host: fv-az447-90.tnmeiuxxsqeu3byeydcnbj0j5d.dx.internal.cloudapp.net, ports: [REPLICATION=43325, RATIS=43773, RATIS_ADMIN=43773, RATIS_SERVER=43773, STANDALONE=44263], networkLocation: /default-rack, certSerialId: null, persistedOpState: IN_SERVICE, persistedOpStateExpiryEpochSec: 0}
2022-10-19 08:45:28,478 [EventQueue-DeadNodeForDeadNodeHandler] INFO  pipeline.RatisPipelineProvider (RatisPipelineProvider.java:lambda$close$1(244)) - Send pipeline:PipelineID=fa67833d-7000-4b79-b267-e6fa9d2c0870 close command to datanode 88796760-9d6a-455a-8b63-676b32daf901
2022-10-19 08:45:28,479 [EventQueue-DeadNodeForDeadNodeHandler] INFO  pipeline.PipelineStateManagerImpl (PipelineStateManagerImpl.java:removePipeline(245)) - Pipeline Pipeline[ Id: fa67833d-7000-4b79-b267-e6fa9d2c0870, Nodes: 88796760-9d6a-455a-8b63-676b32daf901{ip: 10.1.1.188, host: fv-az447-90.tnmeiuxxsqeu3byeydcnbj0j5d.dx.internal.cloudapp.net, ports: [REPLICATION=43325, RATIS=43773, RATIS_ADMIN=43773, RATIS_SERVER=43773, STANDALONE=44263], networkLocation: /default-rack, certSerialId: null, persistedOpState: IN_SERVICE, persistedOpStateExpiryEpochSec: 0}, ReplicationConfig: RATIS/ONE, State:CLOSED, leaderId:88796760-9d6a-455a-8b63-676b32daf901, CreationTimestamp2022-10-19T08:45:14.727Z[Etc/UTC]] removed.
2022-10-19 08:45:28,479 [EventQueue-DeadNodeForDeadNodeHandler] INFO  pipeline.RatisPipelineProvider (RatisPipelineProvider.java:lambda$close$1(244)) - Send pipeline:PipelineID=7c96d7d2-a9d3-43d1-9a72-683656f47c8e close command to datanode 88796760-9d6a-455a-8b63-676b32daf901
2022-10-19 08:45:28,480 [EventQueue-DeadNodeForDeadNodeHandler] INFO  pipeline.RatisPipelineProvider (RatisPipelineProvider.java:lambda$close$1(244)) - Send pipeline:PipelineID=7c96d7d2-a9d3-43d1-9a72-683656f47c8e close command to datanode 2793c3be-81e9-49ed-8ebe-f0dc6850cb05
2022-10-19 08:45:28,480 [EventQueue-DeadNodeForDeadNodeHandler] INFO  pipeline.RatisPipelineProvider (RatisPipelineProvider.java:lambda$close$1(244)) - Send pipeline:PipelineID=7c96d7d2-a9d3-43d1-9a72-683656f47c8e close command to datanode bca43735-b008-443f-9343-82cfc7e5cdbd
2022-10-19 08:45:28,480 [EventQueue-DeadNodeForDeadNodeHandler] INFO  pipeline.PipelineStateManagerImpl (PipelineStateManagerImpl.java:removePipeline(245)) - Pipeline Pipeline[ Id: 7c96d7d2-a9d3-43d1-9a72-683656f47c8e, Nodes: 88796760-9d6a-455a-8b63-676b32daf901{ip: 10.1.1.188, host: fv-az447-90.tnmeiuxxsqeu3byeydcnbj0j5d.dx.internal.cloudapp.net, ports: [REPLICATION=43325, RATIS=43773, RATIS_ADMIN=43773, RATIS_SERVER=43773, STANDALONE=44263], networkLocation: /default-rack, certSerialId: null, persistedOpState: IN_SERVICE, persistedOpStateExpiryEpochSec: 0}2793c3be-81e9-49ed-8ebe-f0dc6850cb05{ip: 10.1.1.188, host: fv-az447-90.tnmeiuxxsqeu3byeydcnbj0j5d.dx.internal.cloudapp.net, ports: [REPLICATION=33291, RATIS=34763, RATIS_ADMIN=34763, RATIS_SERVER=34763, STANDALONE=36489], networkLocation: /default-rack, certSerialId: null, persistedOpState: IN_SERVICE, persistedOpStateExpiryEpochSec: 0}bca43735-b008-443f-9343-82cfc7e5cdbd{ip: 10.1.1.188, host: fv-az447-90.tnmeiuxxsqeu3byeydcnbj0j5d.dx.internal.cloudapp.net, ports: [REPLICATION=43615, RATIS=44765, RATIS_ADMIN=44765, RATIS_SERVER=44765, STANDALONE=42461], networkLocation: /default-rack, certSerialId: null, persistedOpState: IN_SERVICE, persistedOpStateExpiryEpochSec: 0}, ReplicationConfig: RATIS/THREE, State:CLOSED, leaderId:, CreationTimestamp2022-10-19T08:45:15.551Z[Etc/UTC]] removed.
2022-10-19 08:45:28,481 [EventQueue-DeadNodeForDeadNodeHandler] INFO  pipeline.PipelineStateManagerImpl (PipelineStateManagerImpl.java:removePipeline(245)) - Pipeline Pipeline[ Id: 54c1d654-b5c8-41d9-b0c9-c7d0fc3350c6, Nodes: 88796760-9d6a-455a-8b63-676b32daf901{ip: 10.1.1.188, host: fv-az447-90.tnmeiuxxsqeu3byeydcnbj0j5d.dx.internal.cloudapp.net, ports: [REPLICATION=43325, RATIS=43773, RATIS_ADMIN=43773, RATIS_SERVER=43773, STANDALONE=44263], networkLocation: /default-rack, certSerialId: null, persistedOpState: null, persistedOpStateExpiryEpochSec: 0}91dae643-bef5-471c-869f-4daa43ea47b3{ip: 10.1.1.188, host: fv-az447-90.tnmeiuxxsqeu3byeydcnbj0j5d.dx.internal.cloudapp.net, ports: [REPLICATION=46757, RATIS=34857, RATIS_ADMIN=34857, RATIS_SERVER=34857, STANDALONE=41469], networkLocation: /default-rack, certSerialId: null, persistedOpState: null, persistedOpStateExpiryEpochSec: 0}96fa30cc-cc01-4af1-a161-c10c2afc2f22{ip: 10.1.1.188, host: fv-az447-90.tnmeiuxxsqeu3byeydcnbj0j5d.dx.internal.cloudapp.net, ports: [REPLICATION=35959, RATIS=43419, RATIS_ADMIN=43419, RATIS_SERVER=43419, STANDALONE=33857], networkLocation: /default-rack, certSerialId: null, persistedOpState: null, persistedOpStateExpiryEpochSec: 0}9e7e10a2-763a-4a15-b149-6c921096d1eb{ip: 10.1.1.188, host: fv-az447-90.tnmeiuxxsqeu3byeydcnbj0j5d.dx.internal.cloudapp.net, ports: [REPLICATION=43445, RATIS=43001, RATIS_ADMIN=43001, RATIS_SERVER=43001, STANDALONE=33113], networkLocation: /default-rack, certSerialId: null, persistedOpState: null, persistedOpStateExpiryEpochSec: 0}f675d99d-517f-4d8a-bd29-886eede0250d{ip: 10.1.1.188, host: fv-az447-90.tnmeiuxxsqeu3byeydcnbj0j5d.dx.internal.cloudapp.net, ports: [REPLICATION=34861, RATIS=37697, RATIS_ADMIN=37697, RATIS_SERVER=37697, STANDALONE=41787], networkLocation: /default-rack, certSerialId: null, persistedOpState: null, persistedOpStateExpiryEpochSec: 0}, ReplicationConfig: EC/ECReplicationConfig{data=3, parity=2, ecChunkSize=1024, codec=rs}, State:CLOSED, leaderId:, CreationTimestamp2022-10-19T08:45:21.754Z[Etc/UTC]] removed.
2022-10-19 08:45:28,481 [EventQueue-DeadNodeForDeadNodeHandler] INFO  pipeline.RatisPipelineProvider (RatisPipelineProvider.java:lambda$close$1(244)) - Send pipeline:PipelineID=cbe766ec-a2ba-487c-9619-f96fff3e3ab8 close command to datanode 88796760-9d6a-455a-8b63-676b32daf901
2022-10-19 08:45:28,481 [EventQueue-DeadNodeForDeadNodeHandler] INFO  pipeline.RatisPipelineProvider (RatisPipelineProvider.java:lambda$close$1(244)) - Send pipeline:PipelineID=cbe766ec-a2ba-487c-9619-f96fff3e3ab8 close command to datanode bca43735-b008-443f-9343-82cfc7e5cdbd
2022-10-19 08:45:28,481 [EventQueue-DeadNodeForDeadNodeHandler] INFO  pipeline.RatisPipelineProvider (RatisPipelineProvider.java:lambda$close$1(244)) - Send pipeline:PipelineID=cbe766ec-a2ba-487c-9619-f96fff3e3ab8 close command to datanode 2793c3be-81e9-49ed-8ebe-f0dc6850cb05
2022-10-19 08:45:28,481 [EventQueue-DeadNodeForDeadNodeHandler] INFO  pipeline.PipelineStateManagerImpl (PipelineStateManagerImpl.java:removePipeline(245)) - Pipeline Pipeline[ Id: cbe766ec-a2ba-487c-9619-f96fff3e3ab8, Nodes: 88796760-9d6a-455a-8b63-676b32daf901{ip: 10.1.1.188, host: fv-az447-90.tnmeiuxxsqeu3byeydcnbj0j5d.dx.internal.cloudapp.net, ports: [REPLICATION=43325, RATIS=43773, RATIS_ADMIN=43773, RATIS_SERVER=43773, STANDALONE=44263], networkLocation: /default-rack, certSerialId: null, persistedOpState: IN_SERVICE, persistedOpStateExpiryEpochSec: 0}bca43735-b008-443f-9343-82cfc7e5cdbd{ip: 10.1.1.188, host: fv-az447-90.tnmeiuxxsqeu3byeydcnbj0j5d.dx.internal.cloudapp.net, ports: [REPLICATION=43615, RATIS=44765, RATIS_ADMIN=44765, RATIS_SERVER=44765, STANDALONE=42461], networkLocation: /default-rack, certSerialId: null, persistedOpState: IN_SERVICE, persistedOpStateExpiryEpochSec: 0}2793c3be-81e9-49ed-8ebe-f0dc6850cb05{ip: 10.1.1.188, host: fv-az447-90.tnmeiuxxsqeu3byeydcnbj0j5d.dx.internal.cloudapp.net, ports: [REPLICATION=33291, RATIS=34763, RATIS_ADMIN=34763, RATIS_SERVER=34763, STANDALONE=36489], networkLocation: /default-rack, certSerialId: null, persistedOpState: IN_SERVICE, persistedOpStateExpiryEpochSec: 0}, ReplicationConfig: RATIS/THREE, State:CLOSED, leaderId:2793c3be-81e9-49ed-8ebe-f0dc6850cb05, CreationTimestamp2022-10-19T08:45:15.552Z[Etc/UTC]] removed.
2022-10-19 08:45:28,482 [EventQueue-DeadNodeForDeadNodeHandler] INFO  net.NetworkTopologyImpl (NetworkTopologyImpl.java:remove(190)) - Removed a node: /default-rack/88796760-9d6a-455a-8b63-676b32daf901
2022-10-19 08:45:28,500 [Command processor thread] INFO  keyvalue.KeyValueContainer (KeyValueContainer.java:flushAndSyncDB(436)) - Container 1 is synced with bcsId 0.
2022-10-19 08:45:28,502 [Command processor thread] INFO  keyvalue.KeyValueContainer (KeyValueContainer.java:flushAndSyncDB(436)) - Container 1 is synced with bcsId 0.
2022-10-19 08:45:28,503 [Listener at 127.0.0.1/40043] INFO  replication.ReplicationManager (ReplicationManager.java:start(225)) - Starting Replication Monitor Thread.
2022-10-19 08:45:28,508 [Command processor thread] INFO  keyvalue.KeyValueContainer (KeyValueContainer.java:close(351)) - Container 1 is closed with bcsId 0.
2022-10-19 08:45:28,519 [Under Replicated Processor] INFO  replication.UnderReplicatedProcessor (UnderReplicatedProcessor.java:processAll(92)) - Processed 0 under replicated containers, failed processing 0
2022-10-19 08:45:28,522 [Command processor thread] INFO  keyvalue.KeyValueContainer (KeyValueContainer.java:flushAndSyncDB(436)) - Container 1 is synced with bcsId 0.
2022-10-19 08:45:28,522 [Command processor thread] INFO  keyvalue.KeyValueContainer (KeyValueContainer.java:flushAndSyncDB(436)) - Container 1 is synced with bcsId 0.
2022-10-19 08:45:28,522 [Command processor thread] INFO  keyvalue.KeyValueContainer (KeyValueContainer.java:flushAndSyncDB(436)) - Container 1 is synced with bcsId 0.
2022-10-19 08:45:28,522 [Command processor thread] INFO  keyvalue.KeyValueContainer (KeyValueContainer.java:flushAndSyncDB(436)) - Container 1 is synced with bcsId 0.
2022-10-19 08:45:28,530 [ReplicationMonitor] INFO  replication.ReplicationManager (ReplicationManager.java:sendCloseContainerReplicaCommand(500)) - Sending close container command for container #1 to datanode f675d99d-517f-4d8a-bd29-886eede0250d{ip: 10.1.1.188, host: fv-az447-90.tnmeiuxxsqeu3byeydcnbj0j5d.dx.internal.cloudapp.net, ports: [REPLICATION=34861, RATIS=37697, RATIS_ADMIN=37697, RATIS_SERVER=37697, STANDALONE=41787], networkLocation: /default-rack, certSerialId: null, persistedOpState: IN_SERVICE, persistedOpStateExpiryEpochSec: 0}.
2022-10-19 08:45:28,531 [Command processor thread] INFO  keyvalue.KeyValueContainer (KeyValueContainer.java:close(351)) - Container 1 is closed with bcsId 0.
2022-10-19 08:45:28,531 [Command processor thread] INFO  keyvalue.KeyValueContainer (KeyValueContainer.java:close(351)) - Container 1 is closed with bcsId 0.
2022-10-19 08:45:28,532 [ReplicationMonitor] INFO  replication.ReplicationManager (ReplicationManager.java:sendCloseContainerReplicaCommand(500)) - Sending close container command for container #1 to datanode 96fa30cc-cc01-4af1-a161-c10c2afc2f22{ip: 10.1.1.188, host: fv-az447-90.tnmeiuxxsqeu3byeydcnbj0j5d.dx.internal.cloudapp.net, ports: [REPLICATION=35959, RATIS=43419, RATIS_ADMIN=43419, RATIS_SERVER=43419, STANDALONE=33857], networkLocation: /default-rack, certSerialId: null, persistedOpState: IN_SERVICE, persistedOpStateExpiryEpochSec: 0}.
2022-10-19 08:45:28,533 [ReplicationMonitor] INFO  replication.ReplicationManager (ReplicationManager.java:processAll(326)) - Replication Monitor Thread took 13 milliseconds for processing 1 containers.
2022-10-19 08:45:28,535 [Over Replicated Processor] INFO  replication.OverReplicatedProcessor (OverReplicatedProcessor.java:processAll(90)) - Processed 0 over replicated containers, failed processing 0
2022-10-19 08:45:29,309 [grpc-default-executor-4] WARN  server.GrpcLogAppender (LogUtils.java:warn(122)) - 2793c3be-81e9-49ed-8ebe-f0dc6850cb05@group-F96FFF3E3AB8->88796760-9d6a-455a-8b63-676b32daf901-AppendLogResponseHandler: Failed appendEntries: org.apache.ratis.thirdparty.io.grpc.StatusRuntimeException: UNAVAILABLE: io exception
2022-10-19 08:45:29,310 [grpc-default-executor-4] WARN  server.GrpcLogAppender (GrpcLogAppender.java:resetClient(131)) - 2793c3be-81e9-49ed-8ebe-f0dc6850cb05@group-F96FFF3E3AB8->88796760-9d6a-455a-8b63-676b32daf901-GrpcLogAppender: Leader has not got in touch with Follower 2793c3be-81e9-49ed-8ebe-f0dc6850cb05@group-F96FFF3E3AB8->88796760-9d6a-455a-8b63-676b32daf901(c-1,m0,n1, attendVote=true, lastRpcSendTime=1, lastRpcResponseTime=11506) yet, just keep nextIndex unchanged and retry.
2022-10-19 08:45:29,310 [grpc-default-executor-2] WARN  server.GrpcLogAppender (LogUtils.java:warn(122)) - 2793c3be-81e9-49ed-8ebe-f0dc6850cb05@group-F96FFF3E3AB8->88796760-9d6a-455a-8b63-676b32daf901-AppendLogResponseHandler: Failed appendEntries: org.apache.ratis.thirdparty.io.grpc.StatusRuntimeException: UNAVAILABLE: io exception
2022-10-19 08:45:29,311 [grpc-default-executor-2] WARN  server.GrpcLogAppender (GrpcLogAppender.java:resetClient(131)) - 2793c3be-81e9-49ed-8ebe-f0dc6850cb05@group-F96FFF3E3AB8->88796760-9d6a-455a-8b63-676b32daf901-GrpcLogAppender: Leader has not got in touch with Follower 2793c3be-81e9-49ed-8ebe-f0dc6850cb05@group-F96FFF3E3AB8->88796760-9d6a-455a-8b63-676b32daf901(c-1,m0,n1, attendVote=true, lastRpcSendTime=1, lastRpcResponseTime=11506) yet, just keep nextIndex unchanged and retry.
2022-10-19 08:45:29,620 [Command processor thread] INFO  server.RaftServer (RaftServerProxy.java:remove(107)) - 2793c3be-81e9-49ed-8ebe-f0dc6850cb05: remove  FOLLOWER 2793c3be-81e9-49ed-8ebe-f0dc6850cb05@group-683656F47C8E:t2, leader=null, voted=2793c3be-81e9-49ed-8ebe-f0dc6850cb05, raftlog=Memoized:2793c3be-81e9-49ed-8ebe-f0dc6850cb05@group-683656F47C8E-SegmentedRaftLog:OPENED:c-1, conf=-1: peers:[2793c3be-81e9-49ed-8ebe-f0dc6850cb05|rpc:10.1.1.188:34763|dataStream:|priority:0|startupRole:FOLLOWER, bca43735-b008-443f-9343-82cfc7e5cdbd|rpc:10.1.1.188:44765|dataStream:|priority:1|startupRole:FOLLOWER, 88796760-9d6a-455a-8b63-676b32daf901|rpc:10.1.1.188:43773|dataStream:|priority:0|startupRole:FOLLOWER]|listeners:[], old=null RUNNING
2022-10-19 08:45:29,622 [Command processor thread] INFO  server.RaftServer$Division (RaftServerImpl.java:lambda$close$4(458)) - 2793c3be-81e9-49ed-8ebe-f0dc6850cb05@group-683656F47C8E: shutdown
2022-10-19 08:45:29,622 [Command processor thread] INFO  util.JmxRegister (JmxRegister.java:unregister(73)) - Successfully un-registered JMX Bean with object name Ratis:service=RaftServer,group=group-683656F47C8E,id=2793c3be-81e9-49ed-8ebe-f0dc6850cb05
2022-10-19 08:45:29,622 [Command processor thread] INFO  impl.RoleInfo (RoleInfo.java:shutdownFollowerState(110)) - 2793c3be-81e9-49ed-8ebe-f0dc6850cb05: shutdown 2793c3be-81e9-49ed-8ebe-f0dc6850cb05@group-683656F47C8E-FollowerState
2022-10-19 08:45:29,622 [2793c3be-81e9-49ed-8ebe-f0dc6850cb05@group-683656F47C8E-FollowerState] INFO  impl.FollowerState (FollowerState.java:run(152)) - 2793c3be-81e9-49ed-8ebe-f0dc6850cb05@group-683656F47C8E-FollowerState was interrupted
2022-10-19 08:45:29,625 [Command processor thread] INFO  impl.StateMachineUpdater (StateMachineUpdater.java:stopAndJoin(153)) - 2793c3be-81e9-49ed-8ebe-f0dc6850cb05@group-683656F47C8E-StateMachineUpdater: set stopIndex = -1
2022-10-19 08:45:29,625 [Command processor thread] INFO  server.RaftServer$Division (ServerState.java:close(466)) - 2793c3be-81e9-49ed-8ebe-f0dc6850cb05@group-683656F47C8E: closes. applyIndex: -1
2022-10-19 08:45:29,625 [2793c3be-81e9-49ed-8ebe-f0dc6850cb05@group-683656F47C8E-SegmentedRaftLogWorker] INFO  segmented.SegmentedRaftLogWorker (SegmentedRaftLogWorker.java:run(345)) - 2793c3be-81e9-49ed-8ebe-f0dc6850cb05@group-683656F47C8E-SegmentedRaftLogWorker was interrupted, exiting. There are 0 tasks remaining in the queue.
2022-10-19 08:45:29,625 [Command processor thread] INFO  segmented.SegmentedRaftLogWorker (SegmentedRaftLogWorker.java:close(255)) - 2793c3be-81e9-49ed-8ebe-f0dc6850cb05@group-683656F47C8E-SegmentedRaftLogWorker close()
2022-10-19 08:45:29,631 [Command processor thread] INFO  server.RaftServer$Division (RaftServerImpl.java:groupRemove(428)) - 2793c3be-81e9-49ed-8ebe-f0dc6850cb05@group-683656F47C8E: Succeed to remove RaftStorageDirectory Storage Directory /home/runner/work/ozone/ozone/hadoop-ozone/integration-test/target/test-dir/MiniOzoneClusterImpl-43a13940-e4af-4545-ab6e-e590eff1efbb/datanode-8/data/ratis/7c96d7d2-a9d3-43d1-9a72-683656f47c8e
2022-10-19 08:45:29,631 [Command processor thread] INFO  commandhandler.ClosePipelineCommandHandler (ClosePipelineCommandHandler.java:handle(78)) - Close Pipeline PipelineID=7c96d7d2-a9d3-43d1-9a72-683656f47c8e command on datanode 2793c3be-81e9-49ed-8ebe-f0dc6850cb05.
2022-10-19 08:45:29,631 [Command processor thread] INFO  server.RaftServer (RaftServerProxy.java:remove(107)) - 2793c3be-81e9-49ed-8ebe-f0dc6850cb05: remove    LEADER 2793c3be-81e9-49ed-8ebe-f0dc6850cb05@group-F96FFF3E3AB8:t1, leader=2793c3be-81e9-49ed-8ebe-f0dc6850cb05, voted=2793c3be-81e9-49ed-8ebe-f0dc6850cb05, raftlog=Memoized:2793c3be-81e9-49ed-8ebe-f0dc6850cb05@group-F96FFF3E3AB8-SegmentedRaftLog:OPENED:c0, conf=0: peers:[2793c3be-81e9-49ed-8ebe-f0dc6850cb05|rpc:10.1.1.188:34763|dataStream:|priority:0|startupRole:FOLLOWER, bca43735-b008-443f-9343-82cfc7e5cdbd|rpc:10.1.1.188:44765|dataStream:|priority:0|startupRole:FOLLOWER, 88796760-9d6a-455a-8b63-676b32daf901|rpc:10.1.1.188:43773|dataStream:|priority:1|startupRole:FOLLOWER]|listeners:[], old=null RUNNING
2022-10-19 08:45:29,631 [Command processor thread] INFO  server.RaftServer$Division (RaftServerImpl.java:lambda$close$4(458)) - 2793c3be-81e9-49ed-8ebe-f0dc6850cb05@group-F96FFF3E3AB8: shutdown
2022-10-19 08:45:29,631 [Command processor thread] INFO  util.JmxRegister (JmxRegister.java:unregister(73)) - Successfully un-registered JMX Bean with object name Ratis:service=RaftServer,group=group-F96FFF3E3AB8,id=2793c3be-81e9-49ed-8ebe-f0dc6850cb05
2022-10-19 08:45:29,631 [Command processor thread] INFO  impl.RoleInfo (RoleInfo.java:shutdownLeaderState(93)) - 2793c3be-81e9-49ed-8ebe-f0dc6850cb05: shutdown 2793c3be-81e9-49ed-8ebe-f0dc6850cb05@group-F96FFF3E3AB8-LeaderStateImpl
2022-10-19 08:45:29,632 [2793c3be-81e9-49ed-8ebe-f0dc6850cb05@group-F96FFF3E3AB8->bca43735-b008-443f-9343-82cfc7e5cdbd-GrpcLogAppender-LogAppenderDaemon] WARN  server.GrpcLogAppender (GrpcLogAppender.java:mayWait(200)) - 2793c3be-81e9-49ed-8ebe-f0dc6850cb05@group-F96FFF3E3AB8->bca43735-b008-443f-9343-82cfc7e5cdbd-GrpcLogAppender: Wait interrupted by java.lang.InterruptedException
2022-10-19 08:45:29,634 [grpc-default-executor-2] INFO  server.GrpcServerProtocolService (GrpcServerProtocolService.java:onCompleted(145)) - bca43735-b008-443f-9343-82cfc7e5cdbd: Completed APPEND_ENTRIES, lastRequest: 2793c3be-81e9-49ed-8ebe-f0dc6850cb05->bca43735-b008-443f-9343-82cfc7e5cdbd#1-t1,previous=(t:0, i:0),leaderCommit=0,initializing? true,entries: size=1, first=(t:1, i:0), CONFIGURATIONENTRY(current:id: "2793c3be-81e9-49ed-8ebe-f0dc6850cb05"
address: "10.1.1.188:34763"
clientAddress: "10.1.1.188:34763"
adminAddress: "10.1.1.188:34763"
startupRole: FOLLOWER
,id: "bca43735-b008-443f-9343-82cfc7e5cdbd"
address: "10.1.1.188:44765"
clientAddress: "10.1.1.188:44765"
adminAddress: "10.1.1.188:44765"
startupRole: FOLLOWER
,id: "88796760-9d6a-455a-8b63-676b32daf901"
address: "10.1.1.188:43773"
priority: 1
clientAddress: "10.1.1.188:43773"
adminAddress: "10.1.1.188:43773"
startupRole: FOLLOWER
, old:)
2022-10-19 08:45:29,635 [grpc-default-executor-3] INFO  server.GrpcLogAppender (GrpcLogAppender.java:onCompleted(415)) - 2793c3be-81e9-49ed-8ebe-f0dc6850cb05@group-F96FFF3E3AB8->bca43735-b008-443f-9343-82cfc7e5cdbd-AppendLogResponseHandler: follower responses appendEntries COMPLETED
2022-10-19 08:45:29,635 [grpc-default-executor-4] INFO  server.GrpcServerProtocolService (GrpcServerProtocolService.java:onCompleted(145)) - bca43735-b008-443f-9343-82cfc7e5cdbd: Completed APPEND_ENTRIES, lastRequest: null
2022-10-19 08:45:29,636 [Command processor thread] INFO  impl.PendingRequests (PendingRequests.java:sendNotLeaderResponses(282)) - 2793c3be-81e9-49ed-8ebe-f0dc6850cb05@group-F96FFF3E3AB8-PendingRequests: sendNotLeaderResponses
2022-10-19 08:45:29,640 [grpc-default-executor-2] INFO  server.GrpcLogAppender (GrpcLogAppender.java:onCompleted(415)) - 2793c3be-81e9-49ed-8ebe-f0dc6850cb05@group-F96FFF3E3AB8->bca43735-b008-443f-9343-82cfc7e5cdbd-AppendLogResponseHandler: follower responses appendEntries COMPLETED
2022-10-19 08:45:29,641 [Command processor thread] INFO  impl.StateMachineUpdater (StateMachineUpdater.java:stopAndJoin(153)) - 2793c3be-81e9-49ed-8ebe-f0dc6850cb05@group-F96FFF3E3AB8-StateMachineUpdater: set stopIndex = 0
2022-10-19 08:45:29,642 [2793c3be-81e9-49ed-8ebe-f0dc6850cb05@group-F96FFF3E3AB8-StateMachineUpdater] INFO  ratis.ContainerStateMachine (ContainerStateMachine.java:takeSnapshot(304)) - group-F96FFF3E3AB8: Taking a snapshot at:(t:1, i:0) file /home/runner/work/ozone/ozone/hadoop-ozone/integration-test/target/test-dir/MiniOzoneClusterImpl-43a13940-e4af-4545-ab6e-e590eff1efbb/datanode-8/data/ratis/cbe766ec-a2ba-487c-9619-f96fff3e3ab8/sm/snapshot.1_0
2022-10-19 08:45:29,647 [grpc-default-executor-3] INFO  leader.FollowerInfo (FollowerInfoImpl.java:lambda$new$0(48)) - 2793c3be-81e9-49ed-8ebe-f0dc6850cb05@group-F96FFF3E3AB8->bca43735-b008-443f-9343-82cfc7e5cdbd: nextIndex: updateUnconditionally 1 -> 0
2022-10-19 08:45:29,647 [grpc-default-executor-2] INFO  leader.FollowerInfo (FollowerInfoImpl.java:lambda$new$0(48)) - 2793c3be-81e9-49ed-8ebe-f0dc6850cb05@group-F96FFF3E3AB8->bca43735-b008-443f-9343-82cfc7e5cdbd: nextIndex: updateUnconditionally 0 -> 0
2022-10-19 08:45:29,675 [2793c3be-81e9-49ed-8ebe-f0dc6850cb05@group-F96FFF3E3AB8-StateMachineUpdater] INFO  ratis.ContainerStateMachine (ContainerStateMachine.java:takeSnapshot(315)) - group-F96FFF3E3AB8: Finished taking a snapshot at:(t:1, i:0) file:/home/runner/work/ozone/ozone/hadoop-ozone/integration-test/target/test-dir/MiniOzoneClusterImpl-43a13940-e4af-4545-ab6e-e590eff1efbb/datanode-8/data/ratis/cbe766ec-a2ba-487c-9619-f96fff3e3ab8/sm/snapshot.1_0 took: 34 ms
2022-10-19 08:45:29,677 [2793c3be-81e9-49ed-8ebe-f0dc6850cb05@group-F96FFF3E3AB8-StateMachineUpdater] INFO  impl.StateMachineUpdater (StateMachineUpdater.java:takeSnapshot(287)) - 2793c3be-81e9-49ed-8ebe-f0dc6850cb05@group-F96FFF3E3AB8-StateMachineUpdater: Took a snapshot at index 0
2022-10-19 08:45:29,677 [2793c3be-81e9-49ed-8ebe-f0dc6850cb05@group-F96FFF3E3AB8-StateMachineUpdater] INFO  impl.StateMachineUpdater (StateMachineUpdater.java:lambda$new$0(92)) - 2793c3be-81e9-49ed-8ebe-f0dc6850cb05@group-F96FFF3E3AB8-StateMachineUpdater: snapshotIndex: updateIncreasingly -1 -> 0
2022-10-19 08:45:29,681 [Command processor thread] INFO  server.RaftServer$Division (ServerState.java:close(466)) - 2793c3be-81e9-49ed-8ebe-f0dc6850cb05@group-F96FFF3E3AB8: closes. applyIndex: 0
2022-10-19 08:45:29,681 [2793c3be-81e9-49ed-8ebe-f0dc6850cb05@group-F96FFF3E3AB8-SegmentedRaftLogWorker] INFO  segmented.SegmentedRaftLogWorker (SegmentedRaftLogWorker.java:run(345)) - 2793c3be-81e9-49ed-8ebe-f0dc6850cb05@group-F96FFF3E3AB8-SegmentedRaftLogWorker was interrupted, exiting. There are 0 tasks remaining in the queue.
2022-10-19 08:45:29,683 [Command processor thread] INFO  segmented.SegmentedRaftLogWorker (SegmentedRaftLogWorker.java:close(255)) - 2793c3be-81e9-49ed-8ebe-f0dc6850cb05@group-F96FFF3E3AB8-SegmentedRaftLogWorker close()
2022-10-19 08:45:29,685 [Command processor thread] INFO  server.RaftServer$Division (RaftServerImpl.java:groupRemove(428)) - 2793c3be-81e9-49ed-8ebe-f0dc6850cb05@group-F96FFF3E3AB8: Succeed to remove RaftStorageDirectory Storage Directory /home/runner/work/ozone/ozone/hadoop-ozone/integration-test/target/test-dir/MiniOzoneClusterImpl-43a13940-e4af-4545-ab6e-e590eff1efbb/datanode-8/data/ratis/cbe766ec-a2ba-487c-9619-f96fff3e3ab8
2022-10-19 08:45:29,685 [Command processor thread] INFO  commandhandler.ClosePipelineCommandHandler (ClosePipelineCommandHandler.java:handle(78)) - Close Pipeline PipelineID=cbe766ec-a2ba-487c-9619-f96fff3e3ab8 command on datanode 2793c3be-81e9-49ed-8ebe-f0dc6850cb05.
2022-10-19 08:45:31,214 [Command processor thread] INFO  server.RaftServer (RaftServerProxy.java:remove(107)) - bca43735-b008-443f-9343-82cfc7e5cdbd: remove  FOLLOWER bca43735-b008-443f-9343-82cfc7e5cdbd@group-683656F47C8E:t2, leader=null, voted=bca43735-b008-443f-9343-82cfc7e5cdbd, raftlog=Memoized:bca43735-b008-443f-9343-82cfc7e5cdbd@group-683656F47C8E-SegmentedRaftLog:OPENED:c-1, conf=-1: peers:[2793c3be-81e9-49ed-8ebe-f0dc6850cb05|rpc:10.1.1.188:34763|dataStream:|priority:0|startupRole:FOLLOWER, bca43735-b008-443f-9343-82cfc7e5cdbd|rpc:10.1.1.188:44765|dataStream:|priority:1|startupRole:FOLLOWER, 88796760-9d6a-455a-8b63-676b32daf901|rpc:10.1.1.188:43773|dataStream:|priority:0|startupRole:FOLLOWER]|listeners:[], old=null RUNNING
2022-10-19 08:45:31,214 [Command processor thread] INFO  server.RaftServer$Division (RaftServerImpl.java:lambda$close$4(458)) - bca43735-b008-443f-9343-82cfc7e5cdbd@group-683656F47C8E: shutdown
2022-10-19 08:45:31,214 [Command processor thread] INFO  util.JmxRegister (JmxRegister.java:unregister(73)) - Successfully un-registered JMX Bean with object name Ratis:service=RaftServer,group=group-683656F47C8E,id=bca43735-b008-443f-9343-82cfc7e5cdbd
2022-10-19 08:45:31,215 [Command processor thread] INFO  impl.RoleInfo (RoleInfo.java:shutdownFollowerState(110)) - bca43735-b008-443f-9343-82cfc7e5cdbd: shutdown bca43735-b008-443f-9343-82cfc7e5cdbd@group-683656F47C8E-FollowerState
2022-10-19 08:45:31,215 [Command processor thread] INFO  impl.StateMachineUpdater (StateMachineUpdater.java:stopAndJoin(153)) - bca43735-b008-443f-9343-82cfc7e5cdbd@group-683656F47C8E-StateMachineUpdater: set stopIndex = -1
2022-10-19 08:45:31,215 [bca43735-b008-443f-9343-82cfc7e5cdbd@group-683656F47C8E-FollowerState] INFO  impl.FollowerState (FollowerState.java:run(152)) - bca43735-b008-443f-9343-82cfc7e5cdbd@group-683656F47C8E-FollowerState was interrupted
2022-10-19 08:45:31,217 [Command processor thread] INFO  server.RaftServer$Division (ServerState.java:close(466)) - bca43735-b008-443f-9343-82cfc7e5cdbd@group-683656F47C8E: closes. applyIndex: -1
2022-10-19 08:45:31,218 [bca43735-b008-443f-9343-82cfc7e5cdbd@group-683656F47C8E-SegmentedRaftLogWorker] INFO  segmented.SegmentedRaftLogWorker (SegmentedRaftLogWorker.java:run(345)) - bca43735-b008-443f-9343-82cfc7e5cdbd@group-683656F47C8E-SegmentedRaftLogWorker was interrupted, exiting. There are 0 tasks remaining in the queue.
2022-10-19 08:45:31,218 [Command processor thread] INFO  segmented.SegmentedRaftLogWorker (SegmentedRaftLogWorker.java:close(255)) - bca43735-b008-443f-9343-82cfc7e5cdbd@group-683656F47C8E-SegmentedRaftLogWorker close()
2022-10-19 08:45:31,222 [Command processor thread] INFO  server.RaftServer$Division (RaftServerImpl.java:groupRemove(428)) - bca43735-b008-443f-9343-82cfc7e5cdbd@group-683656F47C8E: Succeed to remove RaftStorageDirectory Storage Directory /home/runner/work/ozone/ozone/hadoop-ozone/integration-test/target/test-dir/MiniOzoneClusterImpl-43a13940-e4af-4545-ab6e-e590eff1efbb/datanode-7/data/ratis/7c96d7d2-a9d3-43d1-9a72-683656f47c8e
2022-10-19 08:45:31,223 [Command processor thread] INFO  commandhandler.ClosePipelineCommandHandler (ClosePipelineCommandHandler.java:handle(78)) - Close Pipeline PipelineID=7c96d7d2-a9d3-43d1-9a72-683656f47c8e command on datanode bca43735-b008-443f-9343-82cfc7e5cdbd.
2022-10-19 08:45:31,224 [Command processor thread] INFO  server.RaftServer (RaftServerProxy.java:remove(107)) - bca43735-b008-443f-9343-82cfc7e5cdbd: remove  FOLLOWER bca43735-b008-443f-9343-82cfc7e5cdbd@group-F96FFF3E3AB8:t1, leader=2793c3be-81e9-49ed-8ebe-f0dc6850cb05, voted=2793c3be-81e9-49ed-8ebe-f0dc6850cb05, raftlog=Memoized:bca43735-b008-443f-9343-82cfc7e5cdbd@group-F96FFF3E3AB8-SegmentedRaftLog:OPENED:c0, conf=0: peers:[2793c3be-81e9-49ed-8ebe-f0dc6850cb05|rpc:10.1.1.188:34763|dataStream:|priority:0|startupRole:FOLLOWER, bca43735-b008-443f-9343-82cfc7e5cdbd|rpc:10.1.1.188:44765|dataStream:|priority:0|startupRole:FOLLOWER, 88796760-9d6a-455a-8b63-676b32daf901|rpc:10.1.1.188:43773|dataStream:|priority:1|startupRole:FOLLOWER]|listeners:[], old=null RUNNING
2022-10-19 08:45:31,224 [Command processor thread] INFO  server.RaftServer$Division (RaftServerImpl.java:lambda$close$4(458)) - bca43735-b008-443f-9343-82cfc7e5cdbd@group-F96FFF3E3AB8: shutdown
2022-10-19 08:45:31,224 [Command processor thread] INFO  util.JmxRegister (JmxRegister.java:unregister(73)) - Successfully un-registered JMX Bean with object name Ratis:service=RaftServer,group=group-F96FFF3E3AB8,id=bca43735-b008-443f-9343-82cfc7e5cdbd
2022-10-19 08:45:31,224 [Command processor thread] INFO  impl.RoleInfo (RoleInfo.java:shutdownFollowerState(110)) - bca43735-b008-443f-9343-82cfc7e5cdbd: shutdown bca43735-b008-443f-9343-82cfc7e5cdbd@group-F96FFF3E3AB8-FollowerState
2022-10-19 08:45:31,224 [Command processor thread] INFO  impl.StateMachineUpdater (StateMachineUpdater.java:stopAndJoin(153)) - bca43735-b008-443f-9343-82cfc7e5cdbd@group-F96FFF3E3AB8-StateMachineUpdater: set stopIndex = 0
2022-10-19 08:45:31,224 [bca43735-b008-443f-9343-82cfc7e5cdbd@group-F96FFF3E3AB8-FollowerState] INFO  impl.FollowerState (FollowerState.java:run(152)) - bca43735-b008-443f-9343-82cfc7e5cdbd@group-F96FFF3E3AB8-FollowerState was interrupted
2022-10-19 08:45:31,224 [bca43735-b008-443f-9343-82cfc7e5cdbd@group-F96FFF3E3AB8-StateMachineUpdater] INFO  ratis.ContainerStateMachine (ContainerStateMachine.java:takeSnapshot(304)) - group-F96FFF3E3AB8: Taking a snapshot at:(t:1, i:0) file /home/runner/work/ozone/ozone/hadoop-ozone/integration-test/target/test-dir/MiniOzoneClusterImpl-43a13940-e4af-4545-ab6e-e590eff1efbb/datanode-7/data/ratis/cbe766ec-a2ba-487c-9619-f96fff3e3ab8/sm/snapshot.1_0
2022-10-19 08:45:31,225 [bca43735-b008-443f-9343-82cfc7e5cdbd@group-F96FFF3E3AB8-StateMachineUpdater] INFO  ratis.ContainerStateMachine (ContainerStateMachine.java:takeSnapshot(315)) - group-F96FFF3E3AB8: Finished taking a snapshot at:(t:1, i:0) file:/home/runner/work/ozone/ozone/hadoop-ozone/integration-test/target/test-dir/MiniOzoneClusterImpl-43a13940-e4af-4545-ab6e-e590eff1efbb/datanode-7/data/ratis/cbe766ec-a2ba-487c-9619-f96fff3e3ab8/sm/snapshot.1_0 took: 1 ms
2022-10-19 08:45:31,226 [bca43735-b008-443f-9343-82cfc7e5cdbd@group-F96FFF3E3AB8-StateMachineUpdater] INFO  impl.StateMachineUpdater (StateMachineUpdater.java:takeSnapshot(287)) - bca43735-b008-443f-9343-82cfc7e5cdbd@group-F96FFF3E3AB8-StateMachineUpdater: Took a snapshot at index 0
2022-10-19 08:45:31,226 [bca43735-b008-443f-9343-82cfc7e5cdbd@group-F96FFF3E3AB8-StateMachineUpdater] INFO  impl.StateMachineUpdater (StateMachineUpdater.java:lambda$new$0(92)) - bca43735-b008-443f-9343-82cfc7e5cdbd@group-F96FFF3E3AB8-StateMachineUpdater: snapshotIndex: updateIncreasingly -1 -> 0
2022-10-19 08:45:31,226 [Command processor thread] INFO  server.RaftServer$Division (ServerState.java:close(466)) - bca43735-b008-443f-9343-82cfc7e5cdbd@group-F96FFF3E3AB8: closes. applyIndex: 0
2022-10-19 08:45:31,226 [bca43735-b008-443f-9343-82cfc7e5cdbd@group-F96FFF3E3AB8-SegmentedRaftLogWorker] INFO  segmented.SegmentedRaftLogWorker (SegmentedRaftLogWorker.java:run(345)) - bca43735-b008-443f-9343-82cfc7e5cdbd@group-F96FFF3E3AB8-SegmentedRaftLogWorker was interrupted, exiting. There are 0 tasks remaining in the queue.
2022-10-19 08:45:31,227 [Command processor thread] INFO  segmented.SegmentedRaftLogWorker (SegmentedRaftLogWorker.java:close(255)) - bca43735-b008-443f-9343-82cfc7e5cdbd@group-F96FFF3E3AB8-SegmentedRaftLogWorker close()
2022-10-19 08:45:31,229 [Command processor thread] INFO  server.RaftServer$Division (RaftServerImpl.java:groupRemove(428)) - bca43735-b008-443f-9343-82cfc7e5cdbd@group-F96FFF3E3AB8: Succeed to remove RaftStorageDirectory Storage Directory /home/runner/work/ozone/ozone/hadoop-ozone/integration-test/target/test-dir/MiniOzoneClusterImpl-43a13940-e4af-4545-ab6e-e590eff1efbb/datanode-7/data/ratis/cbe766ec-a2ba-487c-9619-f96fff3e3ab8
2022-10-19 08:45:31,230 [Command processor thread] INFO  commandhandler.ClosePipelineCommandHandler (ClosePipelineCommandHandler.java:handle(78)) - Close Pipeline PipelineID=cbe766ec-a2ba-487c-9619-f96fff3e3ab8 command on datanode bca43735-b008-443f-9343-82cfc7e5cdbd.
2022-10-19 08:45:58,519 [Under Replicated Processor] INFO  replication.UnderReplicatedProcessor (UnderReplicatedProcessor.java:processAll(92)) - Processed 0 under replicated containers, failed processing 0
2022-10-19 08:45:58,535 [Over Replicated Processor] INFO  replication.OverReplicatedProcessor (OverReplicatedProcessor.java:processAll(90)) - Processed 0 over replicated containers, failed processing 0
2022-10-19 08:46:28,520 [Under Replicated Processor] INFO  replication.UnderReplicatedProcessor (UnderReplicatedProcessor.java:processAll(92)) - Processed 0 under replicated containers, failed processing 0
2022-10-19 08:46:28,535 [Over Replicated Processor] INFO  replication.OverReplicatedProcessor (OverReplicatedProcessor.java:processAll(90)) - Processed 0 over replicated containers, failed processing 0
2022-10-19 08:46:58,520 [Under Replicated Processor] INFO  replication.UnderReplicatedProcessor (UnderReplicatedProcessor.java:processAll(92)) - Processed 0 under replicated containers, failed processing 0
2022-10-19 08:46:58,535 [Over Replicated Processor] INFO  replication.OverReplicatedProcessor (OverReplicatedProcessor.java:processAll(90)) - Processed 0 over replicated containers, failed processing 0
]]></system-out>
  </testcase>
</testsuite>