<?xml version="1.0" encoding="UTF-8"?>
<testsuite xmlns:xsi="http://www.w3.org/2001/XMLSchema-instance" xsi:noNamespaceSchemaLocation="https://maven.apache.org/surefire/maven-surefire-plugin/xsd/surefire-test-report-3.0.xsd" version="3.0" name="org.apache.hadoop.fs.ozone.TestRootedOzoneFileSystemWithFSO" time="180.028" tests="86" errors="1" skipped="18" failures="1">
  <properties>
    <property name="awt.toolkit" value="sun.awt.X11.XToolkit"/>
    <property name="file.encoding.pkg" value="sun.io"/>
    <property name="java.specification.version" value="1.8"/>
    <property name="sun.cpu.isalist" value=""/>
    <property name="sun.jnu.encoding" value="UTF-8"/>
    <property name="java.class.path" value="/home/runner/work/ozone/ozone/hadoop-ozone/integration-test/target/test-classes:/home/runner/work/ozone/ozone/hadoop-ozone/integration-test/target/classes:/home/runner/.m2/repository/org/apache/ozone/ozone-common/1.3.0-SNAPSHOT/ozone-common-1.3.0-SNAPSHOT.jar:/home/runner/.m2/repository/io/grpc/grpc-netty/1.48.1/grpc-netty-1.48.1.jar:/home/runner/.m2/repository/io/grpc/grpc-core/1.48.1/grpc-core-1.48.1.jar:/home/runner/.m2/repository/com/google/android/annotations/4.1.1.4/annotations-4.1.1.4.jar:/home/runner/.m2/repository/org/codehaus/mojo/animal-sniffer-annotations/1.21/animal-sniffer-annotations-1.21.jar:/home/runner/.m2/repository/com/google/errorprone/error_prone_annotations/2.2.0/error_prone_annotations-2.2.0.jar:/home/runner/.m2/repository/io/perfmark/perfmark-api/0.25.0/perfmark-api-0.25.0.jar:/home/runner/.m2/repository/io/netty/netty-codec-http2/4.1.79.Final/netty-codec-http2-4.1.79.Final.jar:/home/runner/.m2/repository/io/netty/netty-common/4.1.79.Final/netty-common-4.1.79.Final.jar:/home/runner/.m2/repository/io/netty/netty-buffer/4.1.79.Final/netty-buffer-4.1.79.Final.jar:/home/runner/.m2/repository/io/netty/netty-codec-http/4.1.79.Final/netty-codec-http-4.1.79.Final.jar:/home/runner/.m2/repository/io/netty/netty-handler-proxy/4.1.79.Final/netty-handler-proxy-4.1.79.Final.jar:/home/runner/.m2/repository/io/netty/netty-codec-socks/4.1.79.Final/netty-codec-socks-4.1.79.Final.jar:/home/runner/.m2/repository/io/netty/netty-tcnative-boringssl-static/2.0.53.Final/netty-tcnative-boringssl-static-2.0.53.Final.jar:/home/runner/.m2/repository/io/netty/netty-tcnative-classes/2.0.53.Final/netty-tcnative-classes-2.0.53.Final.jar:/home/runner/.m2/repository/io/netty/netty-tcnative-boringssl-static/2.0.53.Final/netty-tcnative-boringssl-static-2.0.53.Final-linux-x86_64.jar:/home/runner/.m2/repository/io/netty/netty-tcnative-boringssl-static/2.0.53.Final/netty-tcnative-boringssl-static-2.0.53.Final-linux-aarch_64.jar:/home/runner/.m2/repository/io/netty/netty-tcnative-boringssl-static/2.0.53.Final/netty-tcnative-boringssl-static-2.0.53.Final-osx-x86_64.jar:/home/runner/.m2/repository/io/netty/netty-tcnative-boringssl-static/2.0.53.Final/netty-tcnative-boringssl-static-2.0.53.Final-osx-aarch_64.jar:/home/runner/.m2/repository/io/netty/netty-tcnative-boringssl-static/2.0.53.Final/netty-tcnative-boringssl-static-2.0.53.Final-windows-x86_64.jar:/home/runner/.m2/repository/org/apache/commons/commons-compress/1.21/commons-compress-1.21.jar:/home/runner/.m2/repository/org/apache/ozone/hdds-common/1.3.0-SNAPSHOT/hdds-common-1.3.0-SNAPSHOT.jar:/home/runner/.m2/repository/org/apache/ozone/hdds-client/1.3.0-SNAPSHOT/hdds-client-1.3.0-SNAPSHOT.jar:/home/runner/.m2/repository/org/apache/ozone/ozone-interface-client/1.3.0-SNAPSHOT/ozone-interface-client-1.3.0-SNAPSHOT.jar:/home/runner/.m2/repository/org/apache/ozone/hdds-test-utils/1.3.0-SNAPSHOT/hdds-test-utils-1.3.0-SNAPSHOT.jar:/home/runner/.m2/repository/com/google/guava/guava/31.1-jre/guava-31.1-jre.jar:/home/runner/.m2/repository/com/google/guava/failureaccess/1.0.1/failureaccess-1.0.1.jar:/home/runner/.m2/repository/com/google/guava/listenablefuture/9999.0-empty-to-avoid-conflict-with-guava/listenablefuture-9999.0-empty-to-avoid-conflict-with-guava.jar:/home/runner/.m2/repository/com/google/code/findbugs/jsr305/3.0.0/jsr305-3.0.0.jar:/home/runner/.m2/repository/org/checkerframework/checker-qual/3.12.0/checker-qual-3.12.0.jar:/home/runner/.m2/repository/com/google/j2objc/j2objc-annotations/1.3/j2objc-annotations-1.3.jar:/home/runner/.m2/repository/commons-io/commons-io/2.11.0/commons-io-2.11.0.jar:/home/runner/.m2/repository/commons-logging/commons-logging/1.2/commons-logging-1.2.jar:/home/runner/.m2/repository/ch/qos/reload4j/reload4j/1.2.22/reload4j-1.2.22.jar:/home/runner/.m2/repository/org/slf4j/slf4j-api/1.7.36/slf4j-api-1.7.36.jar:/home/runner/.m2/repository/org/apache/ozone/hdds-server-scm/1.3.0-SNAPSHOT/hdds-server-scm-1.3.0-SNAPSHOT.jar:/home/runner/.m2/repository/org/apache/ozone/hdds-container-service/1.3.0-SNAPSHOT/hdds-container-service-1.3.0-SNAPSHOT.jar:/home/runner/.m2/repository/org/apache/ozone/hdds-hadoop-dependency-server/1.3.0-SNAPSHOT/hdds-hadoop-dependency-server-1.3.0-SNAPSHOT.jar:/home/runner/.m2/repository/org/apache/hadoop/hadoop-hdfs/3.3.1/hadoop-hdfs-3.3.1.jar:/home/runner/.m2/repository/org/eclipse/jetty/jetty-util-ajax/9.4.43.v20210629/jetty-util-ajax-9.4.43.v20210629.jar:/home/runner/.m2/repository/commons-daemon/commons-daemon/1.0.13/commons-daemon-1.0.13.jar:/home/runner/.m2/repository/org/apache/ozone/hdds-server-framework/1.3.0-SNAPSHOT/hdds-server-framework-1.3.0-SNAPSHOT.jar:/home/runner/.m2/repository/org/apache/ozone/hdds-interface-server/1.3.0-SNAPSHOT/hdds-interface-server-1.3.0-SNAPSHOT.jar:/home/runner/.m2/repository/org/apache/logging/log4j/log4j-core/2.17.1/log4j-core-2.17.1.jar:/home/runner/.m2/repository/com/lmax/disruptor/3.4.2/disruptor-3.4.2.jar:/home/runner/.m2/repository/org/eclipse/jetty/jetty-servlet/9.4.43.v20210629/jetty-servlet-9.4.43.v20210629.jar:/home/runner/.m2/repository/org/eclipse/jetty/jetty-security/9.4.43.v20210629/jetty-security-9.4.43.v20210629.jar:/home/runner/.m2/repository/org/rocksdb/rocksdbjni/7.4.5/rocksdbjni-7.4.5.jar:/home/runner/.m2/repository/io/prometheus/simpleclient_dropwizard/0.7.0/simpleclient_dropwizard-0.7.0.jar:/home/runner/.m2/repository/io/prometheus/simpleclient/0.7.0/simpleclient-0.7.0.jar:/home/runner/.m2/repository/io/prometheus/simpleclient_common/0.7.0/simpleclient_common-0.7.0.jar:/home/runner/.m2/repository/io/dropwizard/metrics/metrics-core/3.2.4/metrics-core-3.2.4.jar:/home/runner/.m2/repository/org/apache/hadoop/hadoop-hdfs-client/3.3.1/hadoop-hdfs-client-3.3.1.jar:/home/runner/.m2/repository/org/bouncycastle/bcprov-jdk15on/1.67/bcprov-jdk15on-1.67.jar:/home/runner/.m2/repository/com/google/protobuf/protobuf-java/2.5.0/protobuf-java-2.5.0.jar:/home/runner/.m2/repository/org/apache/ozone/ozone-manager/1.3.0-SNAPSHOT/ozone-manager-1.3.0-SNAPSHOT.jar:/home/runner/.m2/repository/org/aspectj/aspectjrt/1.9.7/aspectjrt-1.9.7.jar:/home/runner/.m2/repository/org/aspectj/aspectjweaver/1.9.7/aspectjweaver-1.9.7.jar:/home/runner/.m2/repository/org/apache/ozone/hdds-interface-client/1.3.0-SNAPSHOT/hdds-interface-client-1.3.0-SNAPSHOT.jar:/home/runner/.m2/repository/org/apache/hadoop/thirdparty/hadoop-shaded-protobuf_3_7/1.1.1/hadoop-shaded-protobuf_3_7-1.1.1.jar:/home/runner/.m2/repository/org/apache/ozone/ozone-interface-storage/1.3.0-SNAPSHOT/ozone-interface-storage-1.3.0-SNAPSHOT.jar:/home/runner/.m2/repository/org/reflections/reflections/0.9.11/reflections-0.9.11.jar:/home/runner/.m2/repository/com/sun/jersey/jersey-client/1.19/jersey-client-1.19.jar:/home/runner/.m2/repository/org/apache/ranger/ranger-intg/2.3.0/ranger-intg-2.3.0.jar:/home/runner/.m2/repository/org/apache/ranger/ranger-plugins-common/2.3.0/ranger-plugins-common-2.3.0.jar:/home/runner/.m2/repository/commons-lang/commons-lang/2.6/commons-lang-2.6.jar:/home/runner/.m2/repository/org/codehaus/jackson/jackson-jaxrs/1.9.13/jackson-jaxrs-1.9.13.jar:/home/runner/.m2/repository/org/apache/ranger/ranger-plugins-cred/2.3.0/ranger-plugins-cred-2.3.0.jar:/home/runner/.m2/repository/org/apache/ranger/ranger-plugins-audit/2.3.0/ranger-plugins-audit-2.3.0.jar:/home/runner/.m2/repository/org/eclipse/jetty/jetty-client/9.4.31.v20200723/jetty-client-9.4.31.v20200723.jar:/home/runner/.m2/repository/org/apache/httpcomponents/httpmime/4.5.6/httpmime-4.5.6.jar:/home/runner/.m2/repository/org/apache/httpcomponents/httpcore-nio/4.4.6/httpcore-nio-4.4.6.jar:/home/runner/.m2/repository/org/apache/httpcomponents/httpasyncclient/4.1.3/httpasyncclient-4.1.3.jar:/home/runner/.m2/repository/com/carrotsearch/hppc/0.8.0/hppc-0.8.0.jar:/home/runner/.m2/repository/org/apache/orc/orc-core/1.5.8/orc-core-1.5.8.jar:/home/runner/.m2/repository/net/java/dev/jna/jna/5.2.0/jna-5.2.0.jar:/home/runner/.m2/repository/net/java/dev/jna/jna-platform/5.2.0/jna-platform-5.2.0.jar:/home/runner/.m2/repository/com/kstruct/gethostname4j/0.0.2/gethostname4j-0.0.2.jar:/home/runner/.m2/repository/org/apache/ranger/ranger-plugin-classloader/2.3.0/ranger-plugin-classloader-2.3.0.jar:/home/runner/.m2/repository/org/apache/hadoop/hadoop-minikdc/3.3.1/hadoop-minikdc-3.3.1.jar:/home/runner/.m2/repository/org/apache/kerby/kerb-simplekdc/1.0.1/kerb-simplekdc-1.0.1.jar:/home/runner/.m2/repository/org/apache/kerby/kerb-client/1.0.1/kerb-client-1.0.1.jar:/home/runner/.m2/repository/org/apache/kerby/kerby-config/1.0.1/kerby-config-1.0.1.jar:/home/runner/.m2/repository/org/apache/kerby/kerb-common/1.0.1/kerb-common-1.0.1.jar:/home/runner/.m2/repository/org/apache/kerby/kerb-crypto/1.0.1/kerb-crypto-1.0.1.jar:/home/runner/.m2/repository/org/apache/kerby/kerb-util/1.0.1/kerb-util-1.0.1.jar:/home/runner/.m2/repository/org/apache/kerby/token-provider/1.0.1/token-provider-1.0.1.jar:/home/runner/.m2/repository/org/apache/kerby/kerb-admin/1.0.1/kerb-admin-1.0.1.jar:/home/runner/.m2/repository/org/apache/kerby/kerb-server/1.0.1/kerb-server-1.0.1.jar:/home/runner/.m2/repository/org/apache/kerby/kerb-identity/1.0.1/kerb-identity-1.0.1.jar:/home/runner/.m2/repository/org/apache/kerby/kerby-xdr/1.0.1/kerby-xdr-1.0.1.jar:/home/runner/.m2/repository/org/apache/ozone/ozone-s3gateway/1.3.0-SNAPSHOT/ozone-s3gateway-1.3.0-SNAPSHOT.jar:/home/runner/.m2/repository/org/javassist/javassist/3.21.0-GA/javassist-3.21.0-GA.jar:/home/runner/.m2/repository/org/jboss/weld/servlet/weld-servlet/2.4.7.Final/weld-servlet-2.4.7.Final.jar:/home/runner/.m2/repository/org/glassfish/jersey/containers/jersey-container-servlet-core/2.34/jersey-container-servlet-core-2.34.jar:/home/runner/.m2/repository/org/glassfish/hk2/external/jakarta.inject/2.6.1/jakarta.inject-2.6.1.jar:/home/runner/.m2/repository/org/glassfish/jersey/core/jersey-common/2.34/jersey-common-2.34.jar:/home/runner/.m2/repository/jakarta/ws/rs/jakarta.ws.rs-api/2.1.6/jakarta.ws.rs-api-2.1.6.jar:/home/runner/.m2/repository/org/glassfish/jersey/ext/cdi/jersey-cdi1x/2.34/jersey-cdi1x-2.34.jar:/home/runner/.m2/repository/org/glassfish/jersey/inject/jersey-hk2/2.34/jersey-hk2-2.34.jar:/home/runner/.m2/repository/org/glassfish/hk2/hk2-locator/2.6.1/hk2-locator-2.6.1.jar:/home/runner/.m2/repository/org/glassfish/jersey/media/jersey-media-jaxb/2.34/jersey-media-jaxb-2.34.jar:/home/runner/.m2/repository/org/glassfish/hk2/osgi-resource-locator/1.0.3/osgi-resource-locator-1.0.3.jar:/home/runner/.m2/repository/org/glassfish/hk2/hk2-api/2.5.0/hk2-api-2.5.0.jar:/home/runner/.m2/repository/org/glassfish/hk2/hk2-utils/2.5.0/hk2-utils-2.5.0.jar:/home/runner/.m2/repository/org/glassfish/hk2/external/aopalliance-repackaged/2.5.0/aopalliance-repackaged-2.5.0.jar:/home/runner/.m2/repository/com/fasterxml/jackson/dataformat/jackson-dataformat-xml/2.13.2/jackson-dataformat-xml-2.13.2.jar:/home/runner/.m2/repository/com/fasterxml/jackson/core/jackson-core/2.13.2/jackson-core-2.13.2.jar:/home/runner/.m2/repository/org/codehaus/woodstox/stax2-api/3.1.4/stax2-api-3.1.4.jar:/home/runner/.m2/repository/com/fasterxml/woodstox/woodstox-core/5.0.3/woodstox-core-5.0.3.jar:/home/runner/.m2/repository/com/fasterxml/jackson/module/jackson-module-jaxb-annotations/2.13.2/jackson-module-jaxb-annotations-2.13.2.jar:/home/runner/.m2/repository/jakarta/xml/bind/jakarta.xml.bind-api/2.3.3/jakarta.xml.bind-api-2.3.3.jar:/home/runner/.m2/repository/jakarta/activation/jakarta.activation-api/1.2.1/jakarta.activation-api-1.2.1.jar:/home/runner/.m2/repository/javax/enterprise/cdi-api/1.2/cdi-api-1.2.jar:/home/runner/.m2/repository/javax/el/javax.el-api/3.0.0/javax.el-api-3.0.0.jar:/home/runner/.m2/repository/javax/interceptor/javax.interceptor-api/1.2/javax.interceptor-api-1.2.jar:/home/runner/.m2/repository/javax/inject/javax.inject/1/javax.inject-1.jar:/home/runner/.m2/repository/javax/xml/bind/jaxb-api/2.3.0/jaxb-api-2.3.0.jar:/home/runner/.m2/repository/org/glassfish/jaxb/jaxb-runtime/2.3.0.1/jaxb-runtime-2.3.0.1.jar:/home/runner/.m2/repository/org/glassfish/jaxb/jaxb-core/2.3.0.1/jaxb-core-2.3.0.1.jar:/home/runner/.m2/repository/org/glassfish/jaxb/txw2/2.3.0.1/txw2-2.3.0.1.jar:/home/runner/.m2/repository/com/sun/istack/istack-commons-runtime/3.0.5/istack-commons-runtime-3.0.5.jar:/home/runner/.m2/repository/org/jvnet/staxex/stax-ex/1.7.8/stax-ex-1.7.8.jar:/home/runner/.m2/repository/com/sun/xml/fastinfoset/FastInfoset/1.2.13/FastInfoset-1.2.13.jar:/home/runner/.m2/repository/javax/activation/activation/1.1.1/activation-1.1.1.jar:/home/runner/.m2/repository/io/grpc/grpc-protobuf/1.48.1/grpc-protobuf-1.48.1.jar:/home/runner/.m2/repository/io/grpc/grpc-api/1.48.1/grpc-api-1.48.1.jar:/home/runner/.m2/repository/io/grpc/grpc-context/1.48.1/grpc-context-1.48.1.jar:/home/runner/.m2/repository/com/google/api/grpc/proto-google-common-protos/2.9.0/proto-google-common-protos-2.9.0.jar:/home/runner/.m2/repository/io/grpc/grpc-protobuf-lite/1.48.1/grpc-protobuf-lite-1.48.1.jar:/home/runner/.m2/repository/io/grpc/grpc-stub/1.48.1/grpc-stub-1.48.1.jar:/home/runner/.m2/repository/io/netty/netty-transport/4.1.79.Final/netty-transport-4.1.79.Final.jar:/home/runner/.m2/repository/io/netty/netty-resolver/4.1.79.Final/netty-resolver-4.1.79.Final.jar:/home/runner/.m2/repository/org/apache/ozone/ozone-csi/1.3.0-SNAPSHOT/ozone-csi-1.3.0-SNAPSHOT.jar:/home/runner/.m2/repository/com/google/protobuf/protobuf-java-util/3.19.2/protobuf-java-util-3.19.2.jar:/home/runner/.m2/repository/com/google/code/gson/gson/2.9.0/gson-2.9.0.jar:/home/runner/.m2/repository/org/apache/ozone/hdds-config/1.3.0-SNAPSHOT/hdds-config-1.3.0-SNAPSHOT.jar:/home/runner/.m2/repository/io/netty/netty-transport-native-epoll/4.1.79.Final/netty-transport-native-epoll-4.1.79.Final-linux-x86_64.jar:/home/runner/.m2/repository/io/netty/netty-transport-classes-epoll/4.1.79.Final/netty-transport-classes-epoll-4.1.79.Final.jar:/home/runner/.m2/repository/io/netty/netty-transport-native-unix-common/4.1.79.Final/netty-transport-native-unix-common-4.1.79.Final.jar:/home/runner/.m2/repository/org/slf4j/slf4j-reload4j/1.7.36/slf4j-reload4j-1.7.36.jar:/home/runner/.m2/repository/org/apache/ozone/ozone-recon/1.3.0-SNAPSHOT/ozone-recon-1.3.0-SNAPSHOT.jar:/home/runner/.m2/repository/org/apache/ozone/ozone-reconcodegen/1.3.0-SNAPSHOT/ozone-reconcodegen-1.3.0-SNAPSHOT.jar:/home/runner/.m2/repository/com/google/inject/extensions/guice-multibindings/4.0/guice-multibindings-4.0.jar:/home/runner/.m2/repository/com/google/inject/guice/4.0/guice-4.0.jar:/home/runner/.m2/repository/aopalliance/aopalliance/1.0/aopalliance-1.0.jar:/home/runner/.m2/repository/com/google/inject/extensions/guice-assistedinject/4.0/guice-assistedinject-4.0.jar:/home/runner/.m2/repository/com/google/inject/extensions/guice-servlet/4.0/guice-servlet-4.0.jar:/home/runner/.m2/repository/org/glassfish/jersey/containers/jersey-container-servlet/2.34/jersey-container-servlet-2.34.jar:/home/runner/.m2/repository/org/glassfish/hk2/guice-bridge/2.5.0/guice-bridge-2.5.0.jar:/home/runner/.m2/repository/org/glassfish/jersey/core/jersey-server/2.34/jersey-server-2.34.jar:/home/runner/.m2/repository/org/glassfish/jersey/core/jersey-client/2.34/jersey-client-2.34.jar:/home/runner/.m2/repository/jakarta/annotation/jakarta.annotation-api/1.3.5/jakarta.annotation-api-1.3.5.jar:/home/runner/.m2/repository/jakarta/validation/jakarta.validation-api/2.0.2/jakarta.validation-api-2.0.2.jar:/home/runner/.m2/repository/org/glassfish/jersey/media/jersey-media-json-jackson/2.34/jersey-media-json-jackson-2.34.jar:/home/runner/.m2/repository/org/glassfish/jersey/ext/jersey-entity-filtering/2.34/jersey-entity-filtering-2.34.jar:/home/runner/.m2/repository/org/jooq/jooq/3.11.10/jooq-3.11.10.jar:/home/runner/.m2/repository/org/jooq/jooq-meta/3.11.10/jooq-meta-3.11.10.jar:/home/runner/.m2/repository/org/jooq/jooq-codegen/3.11.10/jooq-codegen-3.11.10.jar:/home/runner/.m2/repository/com/jolbox/bonecp/0.8.0.RELEASE/bonecp-0.8.0.RELEASE.jar:/home/runner/.m2/repository/org/apache/derby/derby/10.14.2.0/derby-10.14.2.0.jar:/home/runner/.m2/repository/org/xerial/sqlite-jdbc/3.25.2/sqlite-jdbc-3.25.2.jar:/home/runner/.m2/repository/org/springframework/spring-jdbc/5.2.20.RELEASE/spring-jdbc-5.2.20.RELEASE.jar:/home/runner/.m2/repository/org/springframework/spring-beans/5.2.20.RELEASE/spring-beans-5.2.20.RELEASE.jar:/home/runner/.m2/repository/org/springframework/spring-core/5.2.20.RELEASE/spring-core-5.2.20.RELEASE.jar:/home/runner/.m2/repository/org/springframework/spring-jcl/5.2.20.RELEASE/spring-jcl-5.2.20.RELEASE.jar:/home/runner/.m2/repository/org/springframework/spring-tx/5.2.20.RELEASE/spring-tx-5.2.20.RELEASE.jar:/home/runner/.m2/repository/org/apache/ozone/ozone-client/1.3.0-SNAPSHOT/ozone-client-1.3.0-SNAPSHOT.jar:/home/runner/.m2/repository/org/apache/ozone/hdds-erasurecode/1.3.0-SNAPSHOT/hdds-erasurecode-1.3.0-SNAPSHOT.jar:/home/runner/.m2/repository/com/github/spotbugs/spotbugs-annotations/3.1.12/spotbugs-annotations-3.1.12.jar:/home/runner/.m2/repository/org/apache/ozone/ozone-filesystem/1.3.0-SNAPSHOT/ozone-filesystem-1.3.0-SNAPSHOT.jar:/home/runner/.m2/repository/org/apache/ozone/ozone-filesystem-common/1.3.0-SNAPSHOT/ozone-filesystem-common-1.3.0-SNAPSHOT.jar:/home/runner/.m2/repository/org/apache/ozone/ozone-tools/1.3.0-SNAPSHOT/ozone-tools-1.3.0-SNAPSHOT.jar:/home/runner/.m2/repository/org/apache/ratis/ratis-tools/2.3.0/ratis-tools-2.3.0.jar:/home/runner/.m2/repository/com/amazonaws/aws-java-sdk-core/1.12.261/aws-java-sdk-core-1.12.261.jar:/home/runner/.m2/repository/org/apache/httpcomponents/httpclient/4.5.13/httpclient-4.5.13.jar:/home/runner/.m2/repository/org/apache/httpcomponents/httpcore/4.4.13/httpcore-4.4.13.jar:/home/runner/.m2/repository/software/amazon/ion/ion-java/1.0.2/ion-java-1.0.2.jar:/home/runner/.m2/repository/com/fasterxml/jackson/dataformat/jackson-dataformat-cbor/2.13.2/jackson-dataformat-cbor-2.13.2.jar:/home/runner/.m2/repository/joda-time/joda-time/2.8.1/joda-time-2.8.1.jar:/home/runner/.m2/repository/com/amazonaws/aws-java-sdk-s3/1.12.261/aws-java-sdk-s3-1.12.261.jar:/home/runner/.m2/repository/com/amazonaws/aws-java-sdk-kms/1.12.261/aws-java-sdk-kms-1.12.261.jar:/home/runner/.m2/repository/com/amazonaws/jmespath-java/1.12.261/jmespath-java-1.12.261.jar:/home/runner/.m2/repository/org/kohsuke/metainf-services/metainf-services/1.8/metainf-services-1.8.jar:/home/runner/.m2/repository/org/apache/ozone/hdds-tools/1.3.0-SNAPSHOT/hdds-tools-1.3.0-SNAPSHOT.jar:/home/runner/.m2/repository/commons-cli/commons-cli/1.2/commons-cli-1.2.jar:/home/runner/.m2/repository/org/apache/commons/commons-lang3/3.7/commons-lang3-3.7.jar:/home/runner/.m2/repository/org/apache/ozone/ozone-manager/1.3.0-SNAPSHOT/ozone-manager-1.3.0-SNAPSHOT-tests.jar:/home/runner/.m2/repository/org/apache/ozone/hdds-common/1.3.0-SNAPSHOT/hdds-common-1.3.0-SNAPSHOT-tests.jar:/home/runner/.m2/repository/org/apache/ozone/hdds-hadoop-dependency-client/1.3.0-SNAPSHOT/hdds-hadoop-dependency-client-1.3.0-SNAPSHOT.jar:/home/runner/.m2/repository/info/picocli/picocli/4.6.1/picocli-4.6.1.jar:/home/runner/.m2/repository/com/fasterxml/jackson/core/jackson-annotations/2.13.2/jackson-annotations-2.13.2.jar:/home/runner/.m2/repository/com/fasterxml/jackson/datatype/jackson-datatype-jsr310/2.13.2/jackson-datatype-jsr310-2.13.2.jar:/home/runner/.m2/repository/org/apache/ozone/hdds-annotation-processing/1.3.0-SNAPSHOT/hdds-annotation-processing-1.3.0-SNAPSHOT.jar:/home/runner/.m2/repository/javax/annotation/javax.annotation-api/1.2/javax.annotation-api-1.2.jar:/home/runner/.m2/repository/org/apache/ratis/ratis-server/2.3.0/ratis-server-2.3.0.jar:/home/runner/.m2/repository/org/apache/ratis/ratis-client/2.3.0/ratis-client-2.3.0.jar:/home/runner/.m2/repository/org/apache/ratis/ratis-server-api/2.3.0/ratis-server-api-2.3.0.jar:/home/runner/.m2/repository/org/apache/ratis/ratis-metrics/2.3.0/ratis-metrics-2.3.0.jar:/home/runner/.m2/repository/org/apache/ratis/ratis-netty/2.3.0/ratis-netty-2.3.0.jar:/home/runner/.m2/repository/org/apache/ratis/ratis-grpc/2.3.0/ratis-grpc-2.3.0.jar:/home/runner/.m2/repository/org/apache/logging/log4j/log4j-api/2.17.1/log4j-api-2.17.1.jar:/home/runner/.m2/repository/org/apache/commons/commons-pool2/2.6.0/commons-pool2-2.6.0.jar:/home/runner/.m2/repository/org/bouncycastle/bcpkix-jdk15on/1.67/bcpkix-jdk15on-1.67.jar:/home/runner/.m2/repository/commons-validator/commons-validator/1.6/commons-validator-1.6.jar:/home/runner/.m2/repository/commons-beanutils/commons-beanutils/1.9.4/commons-beanutils-1.9.4.jar:/home/runner/.m2/repository/commons-digester/commons-digester/1.8.1/commons-digester-1.8.1.jar:/home/runner/.m2/repository/commons-collections/commons-collections/3.2.2/commons-collections-3.2.2.jar:/home/runner/.m2/repository/io/jaegertracing/jaeger-client/1.6.0/jaeger-client-1.6.0.jar:/home/runner/.m2/repository/io/jaegertracing/jaeger-thrift/1.6.0/jaeger-thrift-1.6.0.jar:/home/runner/.m2/repository/org/apache/thrift/libthrift/0.14.1/libthrift-0.14.1.jar:/home/runner/.m2/repository/com/squareup/okhttp3/okhttp/4.9.0/okhttp-4.9.0.jar:/home/runner/.m2/repository/com/squareup/okio/okio/2.8.0/okio-2.8.0.jar:/home/runner/.m2/repository/io/jaegertracing/jaeger-core/1.6.0/jaeger-core-1.6.0.jar:/home/runner/.m2/repository/io/jaegertracing/jaeger-tracerresolver/1.6.0/jaeger-tracerresolver-1.6.0.jar:/home/runner/.m2/repository/io/opentracing/contrib/opentracing-tracerresolver/0.1.8/opentracing-tracerresolver-0.1.8.jar:/home/runner/.m2/repository/org/jetbrains/kotlin/kotlin-stdlib/1.6.21/kotlin-stdlib-1.6.21.jar:/home/runner/.m2/repository/org/jetbrains/kotlin/kotlin-stdlib-common/1.6.21/kotlin-stdlib-common-1.6.21.jar:/home/runner/.m2/repository/org/jetbrains/annotations/13.0/annotations-13.0.jar:/home/runner/.m2/repository/io/opentracing/opentracing-util/0.33.0/opentracing-util-0.33.0.jar:/home/runner/.m2/repository/io/opentracing/opentracing-api/0.33.0/opentracing-api-0.33.0.jar:/home/runner/.m2/repository/io/opentracing/opentracing-noop/0.33.0/opentracing-noop-0.33.0.jar:/home/runner/.m2/repository/org/yaml/snakeyaml/1.32/snakeyaml-1.32.jar:/home/runner/.m2/repository/org/apache/ozone/hdds-interface-admin/1.3.0-SNAPSHOT/hdds-interface-admin-1.3.0-SNAPSHOT.jar:/home/runner/.m2/repository/junit/junit/4.13.1/junit-4.13.1.jar:/home/runner/.m2/repository/org/hamcrest/hamcrest-core/1.3/hamcrest-core-1.3.jar:/home/runner/.m2/repository/org/junit/jupiter/junit-jupiter-api/5.8.2/junit-jupiter-api-5.8.2.jar:/home/runner/.m2/repository/org/opentest4j/opentest4j/1.2.0/opentest4j-1.2.0.jar:/home/runner/.m2/repository/org/junit/platform/junit-platform-commons/1.8.2/junit-platform-commons-1.8.2.jar:/home/runner/.m2/repository/org/apiguardian/apiguardian-api/1.1.2/apiguardian-api-1.1.2.jar:/home/runner/.m2/repository/org/junit/jupiter/junit-jupiter-params/5.8.2/junit-jupiter-params-5.8.2.jar:/home/runner/.m2/repository/org/junit/jupiter/junit-jupiter-migrationsupport/5.8.2/junit-jupiter-migrationsupport-5.8.2.jar:/home/runner/.m2/repository/org/junit/jupiter/junit-jupiter-engine/5.8.2/junit-jupiter-engine-5.8.2.jar:/home/runner/.m2/repository/org/junit/platform/junit-platform-engine/1.8.2/junit-platform-engine-1.8.2.jar:/home/runner/.m2/repository/org/junit/vintage/junit-vintage-engine/5.8.2/junit-vintage-engine-5.8.2.jar:/home/runner/.m2/repository/org/junit/platform/junit-platform-launcher/1.8.2/junit-platform-launcher-1.8.2.jar:/home/runner/.m2/repository/org/mockito/mockito-core/2.28.2/mockito-core-2.28.2.jar:/home/runner/.m2/repository/net/bytebuddy/byte-buddy/1.9.10/byte-buddy-1.9.10.jar:/home/runner/.m2/repository/net/bytebuddy/byte-buddy-agent/1.9.10/byte-buddy-agent-1.9.10.jar:/home/runner/.m2/repository/org/objenesis/objenesis/1.0/objenesis-1.0.jar:/home/runner/.m2/repository/org/apache/hadoop/hadoop-kms/3.3.1/hadoop-kms-3.3.1.jar:/home/runner/.m2/repository/org/apache/hadoop/hadoop-auth/3.3.1/hadoop-auth-3.3.1.jar:/home/runner/.m2/repository/com/nimbusds/nimbus-jose-jwt/7.9/nimbus-jose-jwt-7.9.jar:/home/runner/.m2/repository/com/github/stephenc/jcip/jcip-annotations/1.0-1/jcip-annotations-1.0-1.jar:/home/runner/.m2/repository/net/minidev/json-smart/2.4.7/json-smart-2.4.7.jar:/home/runner/.m2/repository/net/minidev/accessors-smart/2.4.7/accessors-smart-2.4.7.jar:/home/runner/.m2/repository/org/ow2/asm/asm/5.0.4/asm-5.0.4.jar:/home/runner/.m2/repository/org/apache/zookeeper/zookeeper/3.5.6/zookeeper-3.5.6.jar:/home/runner/.m2/repository/org/apache/zookeeper/zookeeper-jute/3.5.6/zookeeper-jute-3.5.6.jar:/home/runner/.m2/repository/org/apache/yetus/audience-annotations/0.5.0/audience-annotations-0.5.0.jar:/home/runner/.m2/repository/org/apache/curator/curator-framework/4.2.0/curator-framework-4.2.0.jar:/home/runner/.m2/repository/org/apache/hadoop/thirdparty/hadoop-shaded-guava/1.1.1/hadoop-shaded-guava-1.1.1.jar:/home/runner/.m2/repository/com/sun/jersey/jersey-core/1.19/jersey-core-1.19.jar:/home/runner/.m2/repository/javax/ws/rs/jsr311-api/1.1.1/jsr311-api-1.1.1.jar:/home/runner/.m2/repository/com/sun/jersey/jersey-server/1.19/jersey-server-1.19.jar:/home/runner/.m2/repository/javax/servlet/javax.servlet-api/3.1.0/javax.servlet-api-3.1.0.jar:/home/runner/.m2/repository/org/eclipse/jetty/jetty-server/9.4.43.v20210629/jetty-server-9.4.43.v20210629.jar:/home/runner/.m2/repository/org/eclipse/jetty/jetty-http/9.4.43.v20210629/jetty-http-9.4.43.v20210629.jar:/home/runner/.m2/repository/org/eclipse/jetty/jetty-io/9.4.43.v20210629/jetty-io-9.4.43.v20210629.jar:/home/runner/.m2/repository/org/eclipse/jetty/jetty-webapp/9.4.43.v20210629/jetty-webapp-9.4.43.v20210629.jar:/home/runner/.m2/repository/org/eclipse/jetty/jetty-xml/9.4.43.v20210629/jetty-xml-9.4.43.v20210629.jar:/home/runner/.m2/repository/org/apache/hadoop/hadoop-common/3.3.1/hadoop-common-3.3.1.jar:/home/runner/.m2/repository/org/apache/commons/commons-math3/3.1.1/commons-math3-3.1.1.jar:/home/runner/.m2/repository/commons-net/commons-net/3.6/commons-net-3.6.jar:/home/runner/.m2/repository/com/sun/jersey/jersey-servlet/1.19/jersey-servlet-1.19.jar:/home/runner/.m2/repository/com/sun/jersey/jersey-json/1.19/jersey-json-1.19.jar:/home/runner/.m2/repository/org/codehaus/jettison/jettison/1.1/jettison-1.1.jar:/home/runner/.m2/repository/com/sun/xml/bind/jaxb-impl/2.2.3-1/jaxb-impl-2.2.3-1.jar:/home/runner/.m2/repository/org/codehaus/jackson/jackson-xc/1.9.2/jackson-xc-1.9.2.jar:/home/runner/.m2/repository/org/apache/commons/commons-configuration2/2.1.1/commons-configuration2-2.1.1.jar:/home/runner/.m2/repository/org/apache/commons/commons-text/1.4/commons-text-1.4.jar:/home/runner/.m2/repository/com/google/re2j/re2j/1.1/re2j-1.1.jar:/home/runner/.m2/repository/com/jcraft/jsch/0.1.54/jsch-0.1.54.jar:/home/runner/.m2/repository/org/apache/curator/curator-client/4.2.0/curator-client-4.2.0.jar:/home/runner/.m2/repository/org/apache/curator/curator-recipes/4.2.0/curator-recipes-4.2.0.jar:/home/runner/.m2/repository/org/apache/htrace/htrace-core4/4.1.0-incubating/htrace-core4-4.1.0-incubating.jar:/home/runner/.m2/repository/org/apache/kerby/kerb-core/1.0.1/kerb-core-1.0.1.jar:/home/runner/.m2/repository/org/apache/kerby/kerby-pkix/1.0.1/kerby-pkix-1.0.1.jar:/home/runner/.m2/repository/org/apache/kerby/kerby-asn1/1.0.1/kerby-asn1-1.0.1.jar:/home/runner/.m2/repository/org/apache/kerby/kerby-util/1.0.1/kerby-util-1.0.1.jar:/home/runner/.m2/repository/dnsjava/dnsjava/2.1.7/dnsjava-2.1.7.jar:/home/runner/.m2/repository/org/xerial/snappy/snappy-java/1.1.8.2/snappy-java-1.1.8.2.jar:/home/runner/.m2/repository/org/eclipse/jetty/jetty-util/9.4.43.v20210629/jetty-util-9.4.43.v20210629.jar:/home/runner/.m2/repository/com/fasterxml/jackson/core/jackson-databind/2.13.2.2/jackson-databind-2.13.2.2.jar:/home/runner/.m2/repository/org/apache/hadoop/hadoop-kms/3.3.1/hadoop-kms-3.3.1-tests.jar:/home/runner/.m2/repository/org/apache/ozone/hdds-server-scm/1.3.0-SNAPSHOT/hdds-server-scm-1.3.0-SNAPSHOT-tests.jar:/home/runner/.m2/repository/org/apache/ozone/hdds-container-service/1.3.0-SNAPSHOT/hdds-container-service-1.3.0-SNAPSHOT-tests.jar:/home/runner/.m2/repository/commons-codec/commons-codec/1.11/commons-codec-1.11.jar:/home/runner/.m2/repository/io/netty/netty-codec/4.1.79.Final/netty-codec-4.1.79.Final.jar:/home/runner/.m2/repository/io/netty/netty-handler/4.1.79.Final/netty-handler-4.1.79.Final.jar:/home/runner/.m2/repository/org/apache/ozone/hdds-hadoop-dependency-test/1.3.0-SNAPSHOT/hdds-hadoop-dependency-test-1.3.0-SNAPSHOT.jar:/home/runner/.m2/repository/org/apache/hadoop/hadoop-common/3.3.1/hadoop-common-3.3.1-tests.jar:/home/runner/.m2/repository/org/apache/hadoop/hadoop-hdfs/3.3.1/hadoop-hdfs-3.3.1-tests.jar:/home/runner/.m2/repository/org/assertj/assertj-core/3.12.2/assertj-core-3.12.2.jar:/home/runner/.m2/repository/org/apache/hadoop/hadoop-distcp/3.3.1/hadoop-distcp-3.3.1.jar:/home/runner/.m2/repository/org/apache/hadoop/hadoop-mapreduce-client-jobclient/3.3.1/hadoop-mapreduce-client-jobclient-3.3.1.jar:/home/runner/.m2/repository/org/apache/hadoop/hadoop-mapreduce-client-common/3.3.1/hadoop-mapreduce-client-common-3.3.1.jar:/home/runner/.m2/repository/org/apache/hadoop/hadoop-yarn-common/3.3.1/hadoop-yarn-common-3.3.1.jar:/home/runner/.m2/repository/org/apache/hadoop/hadoop-yarn-api/3.3.1/hadoop-yarn-api-3.3.1.jar:/home/runner/.m2/repository/com/sun/jersey/contribs/jersey-guice/1.19/jersey-guice-1.19.jar:/home/runner/.m2/repository/com/fasterxml/jackson/jaxrs/jackson-jaxrs-json-provider/2.13.2/jackson-jaxrs-json-provider-2.13.2.jar:/home/runner/.m2/repository/com/fasterxml/jackson/jaxrs/jackson-jaxrs-base/2.13.2/jackson-jaxrs-base-2.13.2.jar:/home/runner/.m2/repository/org/apache/hadoop/hadoop-yarn-client/3.3.1/hadoop-yarn-client-3.3.1.jar:/home/runner/.m2/repository/org/eclipse/jetty/websocket/websocket-client/9.4.40.v20210413/websocket-client-9.4.40.v20210413.jar:/home/runner/.m2/repository/org/eclipse/jetty/websocket/websocket-common/9.4.40.v20210413/websocket-common-9.4.40.v20210413.jar:/home/runner/.m2/repository/org/eclipse/jetty/websocket/websocket-api/9.4.40.v20210413/websocket-api-9.4.40.v20210413.jar:/home/runner/.m2/repository/org/jline/jline/3.9.0/jline-3.9.0.jar:/home/runner/.m2/repository/org/apache/hadoop/hadoop-mapreduce-client-core/3.3.1/hadoop-mapreduce-client-core-3.3.1.jar:/home/runner/.m2/repository/org/apache/avro/avro/1.7.7/avro-1.7.7.jar:/home/runner/.m2/repository/org/codehaus/jackson/jackson-core-asl/1.9.13/jackson-core-asl-1.9.13.jar:/home/runner/.m2/repository/org/codehaus/jackson/jackson-mapper-asl/1.9.13/jackson-mapper-asl-1.9.13.jar:/home/runner/.m2/repository/com/thoughtworks/paranamer/paranamer/2.3/paranamer-2.3.jar:/home/runner/.m2/repository/org/apache/hadoop/hadoop-annotations/3.3.1/hadoop-annotations-3.3.1.jar:/opt/hostedtoolcache/jdk/8.0.345/x64/jre/../lib/tools.jar:/home/runner/.m2/repository/io/netty/netty/3.10.6.Final/netty-3.10.6.Final.jar:/home/runner/.m2/repository/org/apache/hadoop/hadoop-distcp/3.3.1/hadoop-distcp-3.3.1-tests.jar:/home/runner/.m2/repository/org/slf4j/jul-to-slf4j/1.7.36/jul-to-slf4j-1.7.36.jar:/home/runner/.m2/repository/org/apache/ratis/ratis-common/2.3.0/ratis-common-2.3.0.jar:/home/runner/.m2/repository/org/apache/ratis/ratis-thirdparty-misc/1.0.0/ratis-thirdparty-misc-1.0.0.jar:/home/runner/.m2/repository/org/apache/ratis/ratis-proto/2.3.0/ratis-proto-2.3.0.jar:"/>
    <property name="java.vm.vendor" value="Azul Systems, Inc."/>
    <property name="sun.arch.data.model" value="64"/>
    <property name="test.build.dir" value="/home/runner/work/ozone/ozone/hadoop-ozone/integration-test/target/test-dir"/>
    <property name="test.cache.data" value=""/>
    <property name="java.vendor.url" value="http://www.azul.com/"/>
    <property name="user.timezone" value="Etc/UTC"/>
    <property name="java.vm.specification.version" value="1.8"/>
    <property name="os.name" value="Linux"/>
    <property name="test.build.data" value="/home/runner/work/ozone/ozone/hadoop-ozone/integration-test/target/test-dir"/>
    <property name="sun.java.launcher" value="SUN_STANDARD"/>
    <property name="sun.boot.library.path" value="/opt/hostedtoolcache/jdk/8.0.345/x64/jre/lib/amd64"/>
    <property name="sun.java.command" value="/home/runner/work/ozone/ozone/hadoop-ozone/integration-test/target/surefire/surefirebooter118076766452082435.jar /home/runner/work/ozone/ozone/hadoop-ozone/integration-test/target/surefire 2022-10-06T00-58-03_120-jvmRun1 surefire5435279229569465706tmp surefire_62616321034498735788tmp"/>
    <property name="surefire.test.class.path" value="/home/runner/work/ozone/ozone/hadoop-ozone/integration-test/target/test-classes:/home/runner/work/ozone/ozone/hadoop-ozone/integration-test/target/classes:/home/runner/.m2/repository/org/apache/ozone/ozone-common/1.3.0-SNAPSHOT/ozone-common-1.3.0-SNAPSHOT.jar:/home/runner/.m2/repository/io/grpc/grpc-netty/1.48.1/grpc-netty-1.48.1.jar:/home/runner/.m2/repository/io/grpc/grpc-core/1.48.1/grpc-core-1.48.1.jar:/home/runner/.m2/repository/com/google/android/annotations/4.1.1.4/annotations-4.1.1.4.jar:/home/runner/.m2/repository/org/codehaus/mojo/animal-sniffer-annotations/1.21/animal-sniffer-annotations-1.21.jar:/home/runner/.m2/repository/com/google/errorprone/error_prone_annotations/2.2.0/error_prone_annotations-2.2.0.jar:/home/runner/.m2/repository/io/perfmark/perfmark-api/0.25.0/perfmark-api-0.25.0.jar:/home/runner/.m2/repository/io/netty/netty-codec-http2/4.1.79.Final/netty-codec-http2-4.1.79.Final.jar:/home/runner/.m2/repository/io/netty/netty-common/4.1.79.Final/netty-common-4.1.79.Final.jar:/home/runner/.m2/repository/io/netty/netty-buffer/4.1.79.Final/netty-buffer-4.1.79.Final.jar:/home/runner/.m2/repository/io/netty/netty-codec-http/4.1.79.Final/netty-codec-http-4.1.79.Final.jar:/home/runner/.m2/repository/io/netty/netty-handler-proxy/4.1.79.Final/netty-handler-proxy-4.1.79.Final.jar:/home/runner/.m2/repository/io/netty/netty-codec-socks/4.1.79.Final/netty-codec-socks-4.1.79.Final.jar:/home/runner/.m2/repository/io/netty/netty-tcnative-boringssl-static/2.0.53.Final/netty-tcnative-boringssl-static-2.0.53.Final.jar:/home/runner/.m2/repository/io/netty/netty-tcnative-classes/2.0.53.Final/netty-tcnative-classes-2.0.53.Final.jar:/home/runner/.m2/repository/io/netty/netty-tcnative-boringssl-static/2.0.53.Final/netty-tcnative-boringssl-static-2.0.53.Final-linux-x86_64.jar:/home/runner/.m2/repository/io/netty/netty-tcnative-boringssl-static/2.0.53.Final/netty-tcnative-boringssl-static-2.0.53.Final-linux-aarch_64.jar:/home/runner/.m2/repository/io/netty/netty-tcnative-boringssl-static/2.0.53.Final/netty-tcnative-boringssl-static-2.0.53.Final-osx-x86_64.jar:/home/runner/.m2/repository/io/netty/netty-tcnative-boringssl-static/2.0.53.Final/netty-tcnative-boringssl-static-2.0.53.Final-osx-aarch_64.jar:/home/runner/.m2/repository/io/netty/netty-tcnative-boringssl-static/2.0.53.Final/netty-tcnative-boringssl-static-2.0.53.Final-windows-x86_64.jar:/home/runner/.m2/repository/org/apache/commons/commons-compress/1.21/commons-compress-1.21.jar:/home/runner/.m2/repository/org/apache/ozone/hdds-common/1.3.0-SNAPSHOT/hdds-common-1.3.0-SNAPSHOT.jar:/home/runner/.m2/repository/org/apache/ozone/hdds-client/1.3.0-SNAPSHOT/hdds-client-1.3.0-SNAPSHOT.jar:/home/runner/.m2/repository/org/apache/ozone/ozone-interface-client/1.3.0-SNAPSHOT/ozone-interface-client-1.3.0-SNAPSHOT.jar:/home/runner/.m2/repository/org/apache/ozone/hdds-test-utils/1.3.0-SNAPSHOT/hdds-test-utils-1.3.0-SNAPSHOT.jar:/home/runner/.m2/repository/com/google/guava/guava/31.1-jre/guava-31.1-jre.jar:/home/runner/.m2/repository/com/google/guava/failureaccess/1.0.1/failureaccess-1.0.1.jar:/home/runner/.m2/repository/com/google/guava/listenablefuture/9999.0-empty-to-avoid-conflict-with-guava/listenablefuture-9999.0-empty-to-avoid-conflict-with-guava.jar:/home/runner/.m2/repository/com/google/code/findbugs/jsr305/3.0.0/jsr305-3.0.0.jar:/home/runner/.m2/repository/org/checkerframework/checker-qual/3.12.0/checker-qual-3.12.0.jar:/home/runner/.m2/repository/com/google/j2objc/j2objc-annotations/1.3/j2objc-annotations-1.3.jar:/home/runner/.m2/repository/commons-io/commons-io/2.11.0/commons-io-2.11.0.jar:/home/runner/.m2/repository/commons-logging/commons-logging/1.2/commons-logging-1.2.jar:/home/runner/.m2/repository/ch/qos/reload4j/reload4j/1.2.22/reload4j-1.2.22.jar:/home/runner/.m2/repository/org/slf4j/slf4j-api/1.7.36/slf4j-api-1.7.36.jar:/home/runner/.m2/repository/org/apache/ozone/hdds-server-scm/1.3.0-SNAPSHOT/hdds-server-scm-1.3.0-SNAPSHOT.jar:/home/runner/.m2/repository/org/apache/ozone/hdds-container-service/1.3.0-SNAPSHOT/hdds-container-service-1.3.0-SNAPSHOT.jar:/home/runner/.m2/repository/org/apache/ozone/hdds-hadoop-dependency-server/1.3.0-SNAPSHOT/hdds-hadoop-dependency-server-1.3.0-SNAPSHOT.jar:/home/runner/.m2/repository/org/apache/hadoop/hadoop-hdfs/3.3.1/hadoop-hdfs-3.3.1.jar:/home/runner/.m2/repository/org/eclipse/jetty/jetty-util-ajax/9.4.43.v20210629/jetty-util-ajax-9.4.43.v20210629.jar:/home/runner/.m2/repository/commons-daemon/commons-daemon/1.0.13/commons-daemon-1.0.13.jar:/home/runner/.m2/repository/org/apache/ozone/hdds-server-framework/1.3.0-SNAPSHOT/hdds-server-framework-1.3.0-SNAPSHOT.jar:/home/runner/.m2/repository/org/apache/ozone/hdds-interface-server/1.3.0-SNAPSHOT/hdds-interface-server-1.3.0-SNAPSHOT.jar:/home/runner/.m2/repository/org/apache/logging/log4j/log4j-core/2.17.1/log4j-core-2.17.1.jar:/home/runner/.m2/repository/com/lmax/disruptor/3.4.2/disruptor-3.4.2.jar:/home/runner/.m2/repository/org/eclipse/jetty/jetty-servlet/9.4.43.v20210629/jetty-servlet-9.4.43.v20210629.jar:/home/runner/.m2/repository/org/eclipse/jetty/jetty-security/9.4.43.v20210629/jetty-security-9.4.43.v20210629.jar:/home/runner/.m2/repository/org/rocksdb/rocksdbjni/7.4.5/rocksdbjni-7.4.5.jar:/home/runner/.m2/repository/io/prometheus/simpleclient_dropwizard/0.7.0/simpleclient_dropwizard-0.7.0.jar:/home/runner/.m2/repository/io/prometheus/simpleclient/0.7.0/simpleclient-0.7.0.jar:/home/runner/.m2/repository/io/prometheus/simpleclient_common/0.7.0/simpleclient_common-0.7.0.jar:/home/runner/.m2/repository/io/dropwizard/metrics/metrics-core/3.2.4/metrics-core-3.2.4.jar:/home/runner/.m2/repository/org/apache/hadoop/hadoop-hdfs-client/3.3.1/hadoop-hdfs-client-3.3.1.jar:/home/runner/.m2/repository/org/bouncycastle/bcprov-jdk15on/1.67/bcprov-jdk15on-1.67.jar:/home/runner/.m2/repository/com/google/protobuf/protobuf-java/2.5.0/protobuf-java-2.5.0.jar:/home/runner/.m2/repository/org/apache/ozone/ozone-manager/1.3.0-SNAPSHOT/ozone-manager-1.3.0-SNAPSHOT.jar:/home/runner/.m2/repository/org/aspectj/aspectjrt/1.9.7/aspectjrt-1.9.7.jar:/home/runner/.m2/repository/org/aspectj/aspectjweaver/1.9.7/aspectjweaver-1.9.7.jar:/home/runner/.m2/repository/org/apache/ozone/hdds-interface-client/1.3.0-SNAPSHOT/hdds-interface-client-1.3.0-SNAPSHOT.jar:/home/runner/.m2/repository/org/apache/hadoop/thirdparty/hadoop-shaded-protobuf_3_7/1.1.1/hadoop-shaded-protobuf_3_7-1.1.1.jar:/home/runner/.m2/repository/org/apache/ozone/ozone-interface-storage/1.3.0-SNAPSHOT/ozone-interface-storage-1.3.0-SNAPSHOT.jar:/home/runner/.m2/repository/org/reflections/reflections/0.9.11/reflections-0.9.11.jar:/home/runner/.m2/repository/com/sun/jersey/jersey-client/1.19/jersey-client-1.19.jar:/home/runner/.m2/repository/org/apache/ranger/ranger-intg/2.3.0/ranger-intg-2.3.0.jar:/home/runner/.m2/repository/org/apache/ranger/ranger-plugins-common/2.3.0/ranger-plugins-common-2.3.0.jar:/home/runner/.m2/repository/commons-lang/commons-lang/2.6/commons-lang-2.6.jar:/home/runner/.m2/repository/org/codehaus/jackson/jackson-jaxrs/1.9.13/jackson-jaxrs-1.9.13.jar:/home/runner/.m2/repository/org/apache/ranger/ranger-plugins-cred/2.3.0/ranger-plugins-cred-2.3.0.jar:/home/runner/.m2/repository/org/apache/ranger/ranger-plugins-audit/2.3.0/ranger-plugins-audit-2.3.0.jar:/home/runner/.m2/repository/org/eclipse/jetty/jetty-client/9.4.31.v20200723/jetty-client-9.4.31.v20200723.jar:/home/runner/.m2/repository/org/apache/httpcomponents/httpmime/4.5.6/httpmime-4.5.6.jar:/home/runner/.m2/repository/org/apache/httpcomponents/httpcore-nio/4.4.6/httpcore-nio-4.4.6.jar:/home/runner/.m2/repository/org/apache/httpcomponents/httpasyncclient/4.1.3/httpasyncclient-4.1.3.jar:/home/runner/.m2/repository/com/carrotsearch/hppc/0.8.0/hppc-0.8.0.jar:/home/runner/.m2/repository/org/apache/orc/orc-core/1.5.8/orc-core-1.5.8.jar:/home/runner/.m2/repository/net/java/dev/jna/jna/5.2.0/jna-5.2.0.jar:/home/runner/.m2/repository/net/java/dev/jna/jna-platform/5.2.0/jna-platform-5.2.0.jar:/home/runner/.m2/repository/com/kstruct/gethostname4j/0.0.2/gethostname4j-0.0.2.jar:/home/runner/.m2/repository/org/apache/ranger/ranger-plugin-classloader/2.3.0/ranger-plugin-classloader-2.3.0.jar:/home/runner/.m2/repository/org/apache/hadoop/hadoop-minikdc/3.3.1/hadoop-minikdc-3.3.1.jar:/home/runner/.m2/repository/org/apache/kerby/kerb-simplekdc/1.0.1/kerb-simplekdc-1.0.1.jar:/home/runner/.m2/repository/org/apache/kerby/kerb-client/1.0.1/kerb-client-1.0.1.jar:/home/runner/.m2/repository/org/apache/kerby/kerby-config/1.0.1/kerby-config-1.0.1.jar:/home/runner/.m2/repository/org/apache/kerby/kerb-common/1.0.1/kerb-common-1.0.1.jar:/home/runner/.m2/repository/org/apache/kerby/kerb-crypto/1.0.1/kerb-crypto-1.0.1.jar:/home/runner/.m2/repository/org/apache/kerby/kerb-util/1.0.1/kerb-util-1.0.1.jar:/home/runner/.m2/repository/org/apache/kerby/token-provider/1.0.1/token-provider-1.0.1.jar:/home/runner/.m2/repository/org/apache/kerby/kerb-admin/1.0.1/kerb-admin-1.0.1.jar:/home/runner/.m2/repository/org/apache/kerby/kerb-server/1.0.1/kerb-server-1.0.1.jar:/home/runner/.m2/repository/org/apache/kerby/kerb-identity/1.0.1/kerb-identity-1.0.1.jar:/home/runner/.m2/repository/org/apache/kerby/kerby-xdr/1.0.1/kerby-xdr-1.0.1.jar:/home/runner/.m2/repository/org/apache/ozone/ozone-s3gateway/1.3.0-SNAPSHOT/ozone-s3gateway-1.3.0-SNAPSHOT.jar:/home/runner/.m2/repository/org/javassist/javassist/3.21.0-GA/javassist-3.21.0-GA.jar:/home/runner/.m2/repository/org/jboss/weld/servlet/weld-servlet/2.4.7.Final/weld-servlet-2.4.7.Final.jar:/home/runner/.m2/repository/org/glassfish/jersey/containers/jersey-container-servlet-core/2.34/jersey-container-servlet-core-2.34.jar:/home/runner/.m2/repository/org/glassfish/hk2/external/jakarta.inject/2.6.1/jakarta.inject-2.6.1.jar:/home/runner/.m2/repository/org/glassfish/jersey/core/jersey-common/2.34/jersey-common-2.34.jar:/home/runner/.m2/repository/jakarta/ws/rs/jakarta.ws.rs-api/2.1.6/jakarta.ws.rs-api-2.1.6.jar:/home/runner/.m2/repository/org/glassfish/jersey/ext/cdi/jersey-cdi1x/2.34/jersey-cdi1x-2.34.jar:/home/runner/.m2/repository/org/glassfish/jersey/inject/jersey-hk2/2.34/jersey-hk2-2.34.jar:/home/runner/.m2/repository/org/glassfish/hk2/hk2-locator/2.6.1/hk2-locator-2.6.1.jar:/home/runner/.m2/repository/org/glassfish/jersey/media/jersey-media-jaxb/2.34/jersey-media-jaxb-2.34.jar:/home/runner/.m2/repository/org/glassfish/hk2/osgi-resource-locator/1.0.3/osgi-resource-locator-1.0.3.jar:/home/runner/.m2/repository/org/glassfish/hk2/hk2-api/2.5.0/hk2-api-2.5.0.jar:/home/runner/.m2/repository/org/glassfish/hk2/hk2-utils/2.5.0/hk2-utils-2.5.0.jar:/home/runner/.m2/repository/org/glassfish/hk2/external/aopalliance-repackaged/2.5.0/aopalliance-repackaged-2.5.0.jar:/home/runner/.m2/repository/com/fasterxml/jackson/dataformat/jackson-dataformat-xml/2.13.2/jackson-dataformat-xml-2.13.2.jar:/home/runner/.m2/repository/com/fasterxml/jackson/core/jackson-core/2.13.2/jackson-core-2.13.2.jar:/home/runner/.m2/repository/org/codehaus/woodstox/stax2-api/3.1.4/stax2-api-3.1.4.jar:/home/runner/.m2/repository/com/fasterxml/woodstox/woodstox-core/5.0.3/woodstox-core-5.0.3.jar:/home/runner/.m2/repository/com/fasterxml/jackson/module/jackson-module-jaxb-annotations/2.13.2/jackson-module-jaxb-annotations-2.13.2.jar:/home/runner/.m2/repository/jakarta/xml/bind/jakarta.xml.bind-api/2.3.3/jakarta.xml.bind-api-2.3.3.jar:/home/runner/.m2/repository/jakarta/activation/jakarta.activation-api/1.2.1/jakarta.activation-api-1.2.1.jar:/home/runner/.m2/repository/javax/enterprise/cdi-api/1.2/cdi-api-1.2.jar:/home/runner/.m2/repository/javax/el/javax.el-api/3.0.0/javax.el-api-3.0.0.jar:/home/runner/.m2/repository/javax/interceptor/javax.interceptor-api/1.2/javax.interceptor-api-1.2.jar:/home/runner/.m2/repository/javax/inject/javax.inject/1/javax.inject-1.jar:/home/runner/.m2/repository/javax/xml/bind/jaxb-api/2.3.0/jaxb-api-2.3.0.jar:/home/runner/.m2/repository/org/glassfish/jaxb/jaxb-runtime/2.3.0.1/jaxb-runtime-2.3.0.1.jar:/home/runner/.m2/repository/org/glassfish/jaxb/jaxb-core/2.3.0.1/jaxb-core-2.3.0.1.jar:/home/runner/.m2/repository/org/glassfish/jaxb/txw2/2.3.0.1/txw2-2.3.0.1.jar:/home/runner/.m2/repository/com/sun/istack/istack-commons-runtime/3.0.5/istack-commons-runtime-3.0.5.jar:/home/runner/.m2/repository/org/jvnet/staxex/stax-ex/1.7.8/stax-ex-1.7.8.jar:/home/runner/.m2/repository/com/sun/xml/fastinfoset/FastInfoset/1.2.13/FastInfoset-1.2.13.jar:/home/runner/.m2/repository/javax/activation/activation/1.1.1/activation-1.1.1.jar:/home/runner/.m2/repository/io/grpc/grpc-protobuf/1.48.1/grpc-protobuf-1.48.1.jar:/home/runner/.m2/repository/io/grpc/grpc-api/1.48.1/grpc-api-1.48.1.jar:/home/runner/.m2/repository/io/grpc/grpc-context/1.48.1/grpc-context-1.48.1.jar:/home/runner/.m2/repository/com/google/api/grpc/proto-google-common-protos/2.9.0/proto-google-common-protos-2.9.0.jar:/home/runner/.m2/repository/io/grpc/grpc-protobuf-lite/1.48.1/grpc-protobuf-lite-1.48.1.jar:/home/runner/.m2/repository/io/grpc/grpc-stub/1.48.1/grpc-stub-1.48.1.jar:/home/runner/.m2/repository/io/netty/netty-transport/4.1.79.Final/netty-transport-4.1.79.Final.jar:/home/runner/.m2/repository/io/netty/netty-resolver/4.1.79.Final/netty-resolver-4.1.79.Final.jar:/home/runner/.m2/repository/org/apache/ozone/ozone-csi/1.3.0-SNAPSHOT/ozone-csi-1.3.0-SNAPSHOT.jar:/home/runner/.m2/repository/com/google/protobuf/protobuf-java-util/3.19.2/protobuf-java-util-3.19.2.jar:/home/runner/.m2/repository/com/google/code/gson/gson/2.9.0/gson-2.9.0.jar:/home/runner/.m2/repository/org/apache/ozone/hdds-config/1.3.0-SNAPSHOT/hdds-config-1.3.0-SNAPSHOT.jar:/home/runner/.m2/repository/io/netty/netty-transport-native-epoll/4.1.79.Final/netty-transport-native-epoll-4.1.79.Final-linux-x86_64.jar:/home/runner/.m2/repository/io/netty/netty-transport-classes-epoll/4.1.79.Final/netty-transport-classes-epoll-4.1.79.Final.jar:/home/runner/.m2/repository/io/netty/netty-transport-native-unix-common/4.1.79.Final/netty-transport-native-unix-common-4.1.79.Final.jar:/home/runner/.m2/repository/org/slf4j/slf4j-reload4j/1.7.36/slf4j-reload4j-1.7.36.jar:/home/runner/.m2/repository/org/apache/ozone/ozone-recon/1.3.0-SNAPSHOT/ozone-recon-1.3.0-SNAPSHOT.jar:/home/runner/.m2/repository/org/apache/ozone/ozone-reconcodegen/1.3.0-SNAPSHOT/ozone-reconcodegen-1.3.0-SNAPSHOT.jar:/home/runner/.m2/repository/com/google/inject/extensions/guice-multibindings/4.0/guice-multibindings-4.0.jar:/home/runner/.m2/repository/com/google/inject/guice/4.0/guice-4.0.jar:/home/runner/.m2/repository/aopalliance/aopalliance/1.0/aopalliance-1.0.jar:/home/runner/.m2/repository/com/google/inject/extensions/guice-assistedinject/4.0/guice-assistedinject-4.0.jar:/home/runner/.m2/repository/com/google/inject/extensions/guice-servlet/4.0/guice-servlet-4.0.jar:/home/runner/.m2/repository/org/glassfish/jersey/containers/jersey-container-servlet/2.34/jersey-container-servlet-2.34.jar:/home/runner/.m2/repository/org/glassfish/hk2/guice-bridge/2.5.0/guice-bridge-2.5.0.jar:/home/runner/.m2/repository/org/glassfish/jersey/core/jersey-server/2.34/jersey-server-2.34.jar:/home/runner/.m2/repository/org/glassfish/jersey/core/jersey-client/2.34/jersey-client-2.34.jar:/home/runner/.m2/repository/jakarta/annotation/jakarta.annotation-api/1.3.5/jakarta.annotation-api-1.3.5.jar:/home/runner/.m2/repository/jakarta/validation/jakarta.validation-api/2.0.2/jakarta.validation-api-2.0.2.jar:/home/runner/.m2/repository/org/glassfish/jersey/media/jersey-media-json-jackson/2.34/jersey-media-json-jackson-2.34.jar:/home/runner/.m2/repository/org/glassfish/jersey/ext/jersey-entity-filtering/2.34/jersey-entity-filtering-2.34.jar:/home/runner/.m2/repository/org/jooq/jooq/3.11.10/jooq-3.11.10.jar:/home/runner/.m2/repository/org/jooq/jooq-meta/3.11.10/jooq-meta-3.11.10.jar:/home/runner/.m2/repository/org/jooq/jooq-codegen/3.11.10/jooq-codegen-3.11.10.jar:/home/runner/.m2/repository/com/jolbox/bonecp/0.8.0.RELEASE/bonecp-0.8.0.RELEASE.jar:/home/runner/.m2/repository/org/apache/derby/derby/10.14.2.0/derby-10.14.2.0.jar:/home/runner/.m2/repository/org/xerial/sqlite-jdbc/3.25.2/sqlite-jdbc-3.25.2.jar:/home/runner/.m2/repository/org/springframework/spring-jdbc/5.2.20.RELEASE/spring-jdbc-5.2.20.RELEASE.jar:/home/runner/.m2/repository/org/springframework/spring-beans/5.2.20.RELEASE/spring-beans-5.2.20.RELEASE.jar:/home/runner/.m2/repository/org/springframework/spring-core/5.2.20.RELEASE/spring-core-5.2.20.RELEASE.jar:/home/runner/.m2/repository/org/springframework/spring-jcl/5.2.20.RELEASE/spring-jcl-5.2.20.RELEASE.jar:/home/runner/.m2/repository/org/springframework/spring-tx/5.2.20.RELEASE/spring-tx-5.2.20.RELEASE.jar:/home/runner/.m2/repository/org/apache/ozone/ozone-client/1.3.0-SNAPSHOT/ozone-client-1.3.0-SNAPSHOT.jar:/home/runner/.m2/repository/org/apache/ozone/hdds-erasurecode/1.3.0-SNAPSHOT/hdds-erasurecode-1.3.0-SNAPSHOT.jar:/home/runner/.m2/repository/com/github/spotbugs/spotbugs-annotations/3.1.12/spotbugs-annotations-3.1.12.jar:/home/runner/.m2/repository/org/apache/ozone/ozone-filesystem/1.3.0-SNAPSHOT/ozone-filesystem-1.3.0-SNAPSHOT.jar:/home/runner/.m2/repository/org/apache/ozone/ozone-filesystem-common/1.3.0-SNAPSHOT/ozone-filesystem-common-1.3.0-SNAPSHOT.jar:/home/runner/.m2/repository/org/apache/ozone/ozone-tools/1.3.0-SNAPSHOT/ozone-tools-1.3.0-SNAPSHOT.jar:/home/runner/.m2/repository/org/apache/ratis/ratis-tools/2.3.0/ratis-tools-2.3.0.jar:/home/runner/.m2/repository/com/amazonaws/aws-java-sdk-core/1.12.261/aws-java-sdk-core-1.12.261.jar:/home/runner/.m2/repository/org/apache/httpcomponents/httpclient/4.5.13/httpclient-4.5.13.jar:/home/runner/.m2/repository/org/apache/httpcomponents/httpcore/4.4.13/httpcore-4.4.13.jar:/home/runner/.m2/repository/software/amazon/ion/ion-java/1.0.2/ion-java-1.0.2.jar:/home/runner/.m2/repository/com/fasterxml/jackson/dataformat/jackson-dataformat-cbor/2.13.2/jackson-dataformat-cbor-2.13.2.jar:/home/runner/.m2/repository/joda-time/joda-time/2.8.1/joda-time-2.8.1.jar:/home/runner/.m2/repository/com/amazonaws/aws-java-sdk-s3/1.12.261/aws-java-sdk-s3-1.12.261.jar:/home/runner/.m2/repository/com/amazonaws/aws-java-sdk-kms/1.12.261/aws-java-sdk-kms-1.12.261.jar:/home/runner/.m2/repository/com/amazonaws/jmespath-java/1.12.261/jmespath-java-1.12.261.jar:/home/runner/.m2/repository/org/kohsuke/metainf-services/metainf-services/1.8/metainf-services-1.8.jar:/home/runner/.m2/repository/org/apache/ozone/hdds-tools/1.3.0-SNAPSHOT/hdds-tools-1.3.0-SNAPSHOT.jar:/home/runner/.m2/repository/commons-cli/commons-cli/1.2/commons-cli-1.2.jar:/home/runner/.m2/repository/org/apache/commons/commons-lang3/3.7/commons-lang3-3.7.jar:/home/runner/.m2/repository/org/apache/ozone/ozone-manager/1.3.0-SNAPSHOT/ozone-manager-1.3.0-SNAPSHOT-tests.jar:/home/runner/.m2/repository/org/apache/ozone/hdds-common/1.3.0-SNAPSHOT/hdds-common-1.3.0-SNAPSHOT-tests.jar:/home/runner/.m2/repository/org/apache/ozone/hdds-hadoop-dependency-client/1.3.0-SNAPSHOT/hdds-hadoop-dependency-client-1.3.0-SNAPSHOT.jar:/home/runner/.m2/repository/info/picocli/picocli/4.6.1/picocli-4.6.1.jar:/home/runner/.m2/repository/com/fasterxml/jackson/core/jackson-annotations/2.13.2/jackson-annotations-2.13.2.jar:/home/runner/.m2/repository/com/fasterxml/jackson/datatype/jackson-datatype-jsr310/2.13.2/jackson-datatype-jsr310-2.13.2.jar:/home/runner/.m2/repository/org/apache/ozone/hdds-annotation-processing/1.3.0-SNAPSHOT/hdds-annotation-processing-1.3.0-SNAPSHOT.jar:/home/runner/.m2/repository/javax/annotation/javax.annotation-api/1.2/javax.annotation-api-1.2.jar:/home/runner/.m2/repository/org/apache/ratis/ratis-server/2.3.0/ratis-server-2.3.0.jar:/home/runner/.m2/repository/org/apache/ratis/ratis-client/2.3.0/ratis-client-2.3.0.jar:/home/runner/.m2/repository/org/apache/ratis/ratis-server-api/2.3.0/ratis-server-api-2.3.0.jar:/home/runner/.m2/repository/org/apache/ratis/ratis-metrics/2.3.0/ratis-metrics-2.3.0.jar:/home/runner/.m2/repository/org/apache/ratis/ratis-netty/2.3.0/ratis-netty-2.3.0.jar:/home/runner/.m2/repository/org/apache/ratis/ratis-grpc/2.3.0/ratis-grpc-2.3.0.jar:/home/runner/.m2/repository/org/apache/logging/log4j/log4j-api/2.17.1/log4j-api-2.17.1.jar:/home/runner/.m2/repository/org/apache/commons/commons-pool2/2.6.0/commons-pool2-2.6.0.jar:/home/runner/.m2/repository/org/bouncycastle/bcpkix-jdk15on/1.67/bcpkix-jdk15on-1.67.jar:/home/runner/.m2/repository/commons-validator/commons-validator/1.6/commons-validator-1.6.jar:/home/runner/.m2/repository/commons-beanutils/commons-beanutils/1.9.4/commons-beanutils-1.9.4.jar:/home/runner/.m2/repository/commons-digester/commons-digester/1.8.1/commons-digester-1.8.1.jar:/home/runner/.m2/repository/commons-collections/commons-collections/3.2.2/commons-collections-3.2.2.jar:/home/runner/.m2/repository/io/jaegertracing/jaeger-client/1.6.0/jaeger-client-1.6.0.jar:/home/runner/.m2/repository/io/jaegertracing/jaeger-thrift/1.6.0/jaeger-thrift-1.6.0.jar:/home/runner/.m2/repository/org/apache/thrift/libthrift/0.14.1/libthrift-0.14.1.jar:/home/runner/.m2/repository/com/squareup/okhttp3/okhttp/4.9.0/okhttp-4.9.0.jar:/home/runner/.m2/repository/com/squareup/okio/okio/2.8.0/okio-2.8.0.jar:/home/runner/.m2/repository/io/jaegertracing/jaeger-core/1.6.0/jaeger-core-1.6.0.jar:/home/runner/.m2/repository/io/jaegertracing/jaeger-tracerresolver/1.6.0/jaeger-tracerresolver-1.6.0.jar:/home/runner/.m2/repository/io/opentracing/contrib/opentracing-tracerresolver/0.1.8/opentracing-tracerresolver-0.1.8.jar:/home/runner/.m2/repository/org/jetbrains/kotlin/kotlin-stdlib/1.6.21/kotlin-stdlib-1.6.21.jar:/home/runner/.m2/repository/org/jetbrains/kotlin/kotlin-stdlib-common/1.6.21/kotlin-stdlib-common-1.6.21.jar:/home/runner/.m2/repository/org/jetbrains/annotations/13.0/annotations-13.0.jar:/home/runner/.m2/repository/io/opentracing/opentracing-util/0.33.0/opentracing-util-0.33.0.jar:/home/runner/.m2/repository/io/opentracing/opentracing-api/0.33.0/opentracing-api-0.33.0.jar:/home/runner/.m2/repository/io/opentracing/opentracing-noop/0.33.0/opentracing-noop-0.33.0.jar:/home/runner/.m2/repository/org/yaml/snakeyaml/1.32/snakeyaml-1.32.jar:/home/runner/.m2/repository/org/apache/ozone/hdds-interface-admin/1.3.0-SNAPSHOT/hdds-interface-admin-1.3.0-SNAPSHOT.jar:/home/runner/.m2/repository/junit/junit/4.13.1/junit-4.13.1.jar:/home/runner/.m2/repository/org/hamcrest/hamcrest-core/1.3/hamcrest-core-1.3.jar:/home/runner/.m2/repository/org/junit/jupiter/junit-jupiter-api/5.8.2/junit-jupiter-api-5.8.2.jar:/home/runner/.m2/repository/org/opentest4j/opentest4j/1.2.0/opentest4j-1.2.0.jar:/home/runner/.m2/repository/org/junit/platform/junit-platform-commons/1.8.2/junit-platform-commons-1.8.2.jar:/home/runner/.m2/repository/org/apiguardian/apiguardian-api/1.1.2/apiguardian-api-1.1.2.jar:/home/runner/.m2/repository/org/junit/jupiter/junit-jupiter-params/5.8.2/junit-jupiter-params-5.8.2.jar:/home/runner/.m2/repository/org/junit/jupiter/junit-jupiter-migrationsupport/5.8.2/junit-jupiter-migrationsupport-5.8.2.jar:/home/runner/.m2/repository/org/junit/jupiter/junit-jupiter-engine/5.8.2/junit-jupiter-engine-5.8.2.jar:/home/runner/.m2/repository/org/junit/platform/junit-platform-engine/1.8.2/junit-platform-engine-1.8.2.jar:/home/runner/.m2/repository/org/junit/vintage/junit-vintage-engine/5.8.2/junit-vintage-engine-5.8.2.jar:/home/runner/.m2/repository/org/junit/platform/junit-platform-launcher/1.8.2/junit-platform-launcher-1.8.2.jar:/home/runner/.m2/repository/org/mockito/mockito-core/2.28.2/mockito-core-2.28.2.jar:/home/runner/.m2/repository/net/bytebuddy/byte-buddy/1.9.10/byte-buddy-1.9.10.jar:/home/runner/.m2/repository/net/bytebuddy/byte-buddy-agent/1.9.10/byte-buddy-agent-1.9.10.jar:/home/runner/.m2/repository/org/objenesis/objenesis/1.0/objenesis-1.0.jar:/home/runner/.m2/repository/org/apache/hadoop/hadoop-kms/3.3.1/hadoop-kms-3.3.1.jar:/home/runner/.m2/repository/org/apache/hadoop/hadoop-auth/3.3.1/hadoop-auth-3.3.1.jar:/home/runner/.m2/repository/com/nimbusds/nimbus-jose-jwt/7.9/nimbus-jose-jwt-7.9.jar:/home/runner/.m2/repository/com/github/stephenc/jcip/jcip-annotations/1.0-1/jcip-annotations-1.0-1.jar:/home/runner/.m2/repository/net/minidev/json-smart/2.4.7/json-smart-2.4.7.jar:/home/runner/.m2/repository/net/minidev/accessors-smart/2.4.7/accessors-smart-2.4.7.jar:/home/runner/.m2/repository/org/ow2/asm/asm/5.0.4/asm-5.0.4.jar:/home/runner/.m2/repository/org/apache/zookeeper/zookeeper/3.5.6/zookeeper-3.5.6.jar:/home/runner/.m2/repository/org/apache/zookeeper/zookeeper-jute/3.5.6/zookeeper-jute-3.5.6.jar:/home/runner/.m2/repository/org/apache/yetus/audience-annotations/0.5.0/audience-annotations-0.5.0.jar:/home/runner/.m2/repository/org/apache/curator/curator-framework/4.2.0/curator-framework-4.2.0.jar:/home/runner/.m2/repository/org/apache/hadoop/thirdparty/hadoop-shaded-guava/1.1.1/hadoop-shaded-guava-1.1.1.jar:/home/runner/.m2/repository/com/sun/jersey/jersey-core/1.19/jersey-core-1.19.jar:/home/runner/.m2/repository/javax/ws/rs/jsr311-api/1.1.1/jsr311-api-1.1.1.jar:/home/runner/.m2/repository/com/sun/jersey/jersey-server/1.19/jersey-server-1.19.jar:/home/runner/.m2/repository/javax/servlet/javax.servlet-api/3.1.0/javax.servlet-api-3.1.0.jar:/home/runner/.m2/repository/org/eclipse/jetty/jetty-server/9.4.43.v20210629/jetty-server-9.4.43.v20210629.jar:/home/runner/.m2/repository/org/eclipse/jetty/jetty-http/9.4.43.v20210629/jetty-http-9.4.43.v20210629.jar:/home/runner/.m2/repository/org/eclipse/jetty/jetty-io/9.4.43.v20210629/jetty-io-9.4.43.v20210629.jar:/home/runner/.m2/repository/org/eclipse/jetty/jetty-webapp/9.4.43.v20210629/jetty-webapp-9.4.43.v20210629.jar:/home/runner/.m2/repository/org/eclipse/jetty/jetty-xml/9.4.43.v20210629/jetty-xml-9.4.43.v20210629.jar:/home/runner/.m2/repository/org/apache/hadoop/hadoop-common/3.3.1/hadoop-common-3.3.1.jar:/home/runner/.m2/repository/org/apache/commons/commons-math3/3.1.1/commons-math3-3.1.1.jar:/home/runner/.m2/repository/commons-net/commons-net/3.6/commons-net-3.6.jar:/home/runner/.m2/repository/com/sun/jersey/jersey-servlet/1.19/jersey-servlet-1.19.jar:/home/runner/.m2/repository/com/sun/jersey/jersey-json/1.19/jersey-json-1.19.jar:/home/runner/.m2/repository/org/codehaus/jettison/jettison/1.1/jettison-1.1.jar:/home/runner/.m2/repository/com/sun/xml/bind/jaxb-impl/2.2.3-1/jaxb-impl-2.2.3-1.jar:/home/runner/.m2/repository/org/codehaus/jackson/jackson-xc/1.9.2/jackson-xc-1.9.2.jar:/home/runner/.m2/repository/org/apache/commons/commons-configuration2/2.1.1/commons-configuration2-2.1.1.jar:/home/runner/.m2/repository/org/apache/commons/commons-text/1.4/commons-text-1.4.jar:/home/runner/.m2/repository/com/google/re2j/re2j/1.1/re2j-1.1.jar:/home/runner/.m2/repository/com/jcraft/jsch/0.1.54/jsch-0.1.54.jar:/home/runner/.m2/repository/org/apache/curator/curator-client/4.2.0/curator-client-4.2.0.jar:/home/runner/.m2/repository/org/apache/curator/curator-recipes/4.2.0/curator-recipes-4.2.0.jar:/home/runner/.m2/repository/org/apache/htrace/htrace-core4/4.1.0-incubating/htrace-core4-4.1.0-incubating.jar:/home/runner/.m2/repository/org/apache/kerby/kerb-core/1.0.1/kerb-core-1.0.1.jar:/home/runner/.m2/repository/org/apache/kerby/kerby-pkix/1.0.1/kerby-pkix-1.0.1.jar:/home/runner/.m2/repository/org/apache/kerby/kerby-asn1/1.0.1/kerby-asn1-1.0.1.jar:/home/runner/.m2/repository/org/apache/kerby/kerby-util/1.0.1/kerby-util-1.0.1.jar:/home/runner/.m2/repository/dnsjava/dnsjava/2.1.7/dnsjava-2.1.7.jar:/home/runner/.m2/repository/org/xerial/snappy/snappy-java/1.1.8.2/snappy-java-1.1.8.2.jar:/home/runner/.m2/repository/org/eclipse/jetty/jetty-util/9.4.43.v20210629/jetty-util-9.4.43.v20210629.jar:/home/runner/.m2/repository/com/fasterxml/jackson/core/jackson-databind/2.13.2.2/jackson-databind-2.13.2.2.jar:/home/runner/.m2/repository/org/apache/hadoop/hadoop-kms/3.3.1/hadoop-kms-3.3.1-tests.jar:/home/runner/.m2/repository/org/apache/ozone/hdds-server-scm/1.3.0-SNAPSHOT/hdds-server-scm-1.3.0-SNAPSHOT-tests.jar:/home/runner/.m2/repository/org/apache/ozone/hdds-container-service/1.3.0-SNAPSHOT/hdds-container-service-1.3.0-SNAPSHOT-tests.jar:/home/runner/.m2/repository/commons-codec/commons-codec/1.11/commons-codec-1.11.jar:/home/runner/.m2/repository/io/netty/netty-codec/4.1.79.Final/netty-codec-4.1.79.Final.jar:/home/runner/.m2/repository/io/netty/netty-handler/4.1.79.Final/netty-handler-4.1.79.Final.jar:/home/runner/.m2/repository/org/apache/ozone/hdds-hadoop-dependency-test/1.3.0-SNAPSHOT/hdds-hadoop-dependency-test-1.3.0-SNAPSHOT.jar:/home/runner/.m2/repository/org/apache/hadoop/hadoop-common/3.3.1/hadoop-common-3.3.1-tests.jar:/home/runner/.m2/repository/org/apache/hadoop/hadoop-hdfs/3.3.1/hadoop-hdfs-3.3.1-tests.jar:/home/runner/.m2/repository/org/assertj/assertj-core/3.12.2/assertj-core-3.12.2.jar:/home/runner/.m2/repository/org/apache/hadoop/hadoop-distcp/3.3.1/hadoop-distcp-3.3.1.jar:/home/runner/.m2/repository/org/apache/hadoop/hadoop-mapreduce-client-jobclient/3.3.1/hadoop-mapreduce-client-jobclient-3.3.1.jar:/home/runner/.m2/repository/org/apache/hadoop/hadoop-mapreduce-client-common/3.3.1/hadoop-mapreduce-client-common-3.3.1.jar:/home/runner/.m2/repository/org/apache/hadoop/hadoop-yarn-common/3.3.1/hadoop-yarn-common-3.3.1.jar:/home/runner/.m2/repository/org/apache/hadoop/hadoop-yarn-api/3.3.1/hadoop-yarn-api-3.3.1.jar:/home/runner/.m2/repository/com/sun/jersey/contribs/jersey-guice/1.19/jersey-guice-1.19.jar:/home/runner/.m2/repository/com/fasterxml/jackson/jaxrs/jackson-jaxrs-json-provider/2.13.2/jackson-jaxrs-json-provider-2.13.2.jar:/home/runner/.m2/repository/com/fasterxml/jackson/jaxrs/jackson-jaxrs-base/2.13.2/jackson-jaxrs-base-2.13.2.jar:/home/runner/.m2/repository/org/apache/hadoop/hadoop-yarn-client/3.3.1/hadoop-yarn-client-3.3.1.jar:/home/runner/.m2/repository/org/eclipse/jetty/websocket/websocket-client/9.4.40.v20210413/websocket-client-9.4.40.v20210413.jar:/home/runner/.m2/repository/org/eclipse/jetty/websocket/websocket-common/9.4.40.v20210413/websocket-common-9.4.40.v20210413.jar:/home/runner/.m2/repository/org/eclipse/jetty/websocket/websocket-api/9.4.40.v20210413/websocket-api-9.4.40.v20210413.jar:/home/runner/.m2/repository/org/jline/jline/3.9.0/jline-3.9.0.jar:/home/runner/.m2/repository/org/apache/hadoop/hadoop-mapreduce-client-core/3.3.1/hadoop-mapreduce-client-core-3.3.1.jar:/home/runner/.m2/repository/org/apache/avro/avro/1.7.7/avro-1.7.7.jar:/home/runner/.m2/repository/org/codehaus/jackson/jackson-core-asl/1.9.13/jackson-core-asl-1.9.13.jar:/home/runner/.m2/repository/org/codehaus/jackson/jackson-mapper-asl/1.9.13/jackson-mapper-asl-1.9.13.jar:/home/runner/.m2/repository/com/thoughtworks/paranamer/paranamer/2.3/paranamer-2.3.jar:/home/runner/.m2/repository/org/apache/hadoop/hadoop-annotations/3.3.1/hadoop-annotations-3.3.1.jar:/opt/hostedtoolcache/jdk/8.0.345/x64/jre/../lib/tools.jar:/home/runner/.m2/repository/io/netty/netty/3.10.6.Final/netty-3.10.6.Final.jar:/home/runner/.m2/repository/org/apache/hadoop/hadoop-distcp/3.3.1/hadoop-distcp-3.3.1-tests.jar:/home/runner/.m2/repository/org/slf4j/jul-to-slf4j/1.7.36/jul-to-slf4j-1.7.36.jar:/home/runner/.m2/repository/org/apache/ratis/ratis-common/2.3.0/ratis-common-2.3.0.jar:/home/runner/.m2/repository/org/apache/ratis/ratis-thirdparty-misc/1.0.0/ratis-thirdparty-misc-1.0.0.jar:/home/runner/.m2/repository/org/apache/ratis/ratis-proto/2.3.0/ratis-proto-2.3.0.jar:"/>
    <property name="sun.cpu.endian" value="little"/>
    <property name="user.home" value="/home/runner"/>
    <property name="user.language" value="en"/>
    <property name="java.specification.vendor" value="Oracle Corporation"/>
    <property name="java.home" value="/opt/hostedtoolcache/jdk/8.0.345/x64/jre"/>
    <property name="java.security.krb5.conf" value="/home/runner/work/ozone/ozone/hadoop-ozone/integration-test/target/test-classes/krb5.conf"/>
    <property name="basedir" value="/home/runner/work/ozone/ozone/hadoop-ozone/integration-test"/>
    <property name="file.separator" value="/"/>
    <property name="line.separator" value="&#10;"/>
    <property name="jdk.vendor.version" value="Zulu 8.64.0.19-CA-linux64"/>
    <property name="java.vm.specification.vendor" value="Oracle Corporation"/>
    <property name="java.specification.name" value="Java Platform API Specification"/>
    <property name="java.awt.graphicsenv" value="sun.awt.X11GraphicsEnvironment"/>
    <property name="skip.installnpx" value="true"/>
    <property name="surefire.real.class.path" value="/home/runner/work/ozone/ozone/hadoop-ozone/integration-test/target/surefire/surefirebooter118076766452082435.jar:/home/runner/.m2/repository/org/jacoco/org.jacoco.agent/0.8.5/org.jacoco.agent-0.8.5-runtime.jar"/>
    <property name="hadoop.log.dir" value="/home/runner/work/ozone/ozone/hadoop-ozone/integration-test/target/log"/>
    <property name="sun.boot.class.path" value="/opt/hostedtoolcache/jdk/8.0.345/x64/jre/lib/resources.jar:/opt/hostedtoolcache/jdk/8.0.345/x64/jre/lib/rt.jar:/opt/hostedtoolcache/jdk/8.0.345/x64/jre/lib/sunrsasign.jar:/opt/hostedtoolcache/jdk/8.0.345/x64/jre/lib/jsse.jar:/opt/hostedtoolcache/jdk/8.0.345/x64/jre/lib/jce.jar:/opt/hostedtoolcache/jdk/8.0.345/x64/jre/lib/charsets.jar:/opt/hostedtoolcache/jdk/8.0.345/x64/jre/lib/jfr.jar:/opt/hostedtoolcache/jdk/8.0.345/x64/jre/lib/cat.jar:/opt/hostedtoolcache/jdk/8.0.345/x64/jre/classes"/>
    <property name="sun.management.compiler" value="HotSpot 64-Bit Tiered Compilers"/>
    <property name="skip.npx" value="true"/>
    <property name="java.runtime.version" value="1.8.0_345-b01"/>
    <property name="java.net.preferIPv4Stack" value="true"/>
    <property name="user.name" value="runner"/>
    <property name="path.separator" value=":"/>
    <property name="java.security.egd" value="file:///dev/urandom"/>
    <property name="os.version" value="5.15.0-1020-azure"/>
    <property name="java.endorsed.dirs" value="/opt/hostedtoolcache/jdk/8.0.345/x64/jre/lib/endorsed"/>
    <property name="java.runtime.name" value="OpenJDK Runtime Environment"/>
    <property name="file.encoding" value="UTF-8"/>
    <property name="java.vm.name" value="OpenJDK 64-Bit Server VM"/>
    <property name="test.build.webapps" value=""/>
    <property name="localRepository" value="/home/runner/.m2/repository"/>
    <property name="jetty.git.hash" value="526006ecfa3af7f1a27ef3a288e2bef7ea9dd7e8"/>
    <property name="java.vendor.url.bug" value="http://www.azul.com/support/"/>
    <property name="java.io.tmpdir" value="/tmp"/>
    <property name="require.test.libhadoop" value=""/>
    <property name="java.version" value="1.8.0_345"/>
    <property name="user.dir" value="/home/runner/work/ozone/ozone/hadoop-ozone/integration-test"/>
    <property name="os.arch" value="amd64"/>
    <property name="java.vm.specification.name" value="Java Virtual Machine Specification"/>
    <property name="test.build.classes" value="/home/runner/work/ozone/ozone/hadoop-ozone/integration-test/target/test-classes"/>
    <property name="java.awt.printerjob" value="sun.print.PSPrinterJob"/>
    <property name="sun.os.patch.level" value="unknown"/>
    <property name="hadoop.tmp.dir" value="/home/runner/work/ozone/ozone/hadoop-ozone/integration-test/target/tmp"/>
    <property name="java.library.path" value="/usr/java/packages/lib/amd64:/usr/lib64:/lib64:/lib:/usr/lib"/>
    <property name="java.vm.info" value="mixed mode"/>
    <property name="java.vendor" value="Azul Systems, Inc."/>
    <property name="java.vm.version" value="25.345-b01"/>
    <property name="java.ext.dirs" value="/opt/hostedtoolcache/jdk/8.0.345/x64/jre/lib/ext:/usr/java/packages/lib/ext"/>
    <property name="sun.io.unicode.encoding" value="UnicodeLittle"/>
    <property name="java.class.version" value="52.0"/>
  </properties>
  <testcase name="testRenameDir" classname="TestRootedOzoneFileSystemWithFSO" time="0.297">
    <system-out><![CDATA[2022-10-06 01:03:03,139 [main] WARN  server.ServerUtils (ServerUtils.java:getScmDbDir(148)) - ozone.scm.db.dirs is not configured. We recommend adding this setting. Falling back to ozone.metadata.dirs instead.
2022-10-06 01:03:03,221 [main] WARN  server.ServerUtils (ServerUtils.java:getScmDbDir(148)) - ozone.scm.db.dirs is not configured. We recommend adding this setting. Falling back to ozone.metadata.dirs instead.
2022-10-06 01:03:03,226 [main] INFO  ha.SCMHANodeDetails (SCMHANodeDetails.java:loadSCMHAConfig(209)) - ServiceID for StorageContainerManager is null
2022-10-06 01:03:03,235 [main] WARN  ha.SCMHANodeDetails (SCMHANodeDetails.java:validateSCMHAConfig(182)) - Invalid config ozone.scm.ratis.enable. The config was not specified, but the default value true conflicts with the expected config value false. Falling back to the expected value. Current State of SCM: SCM is running in Non-HA without Ratis Ratis SCM -> Non Ratis SCM or Non HA SCM -> HA SCM is not supported
2022-10-06 01:03:03,236 [main] INFO  ha.SCMHANodeDetails (SCMHANodeDetails.java:loadSCMHAConfig(214)) - ozone.scm.default.service.id is not defined, falling back to ozone.scm.service.ids to find serviceID for StorageContainerManager if it is HA enabled cluster
2022-10-06 01:03:03,666 [main] WARN  utils.HAUtils (HAUtils.java:getMetaDir(342)) - ozone.scm.db.dirs is not configured. We recommend adding this setting. Falling back to ozone.metadata.dirs instead.
2022-10-06 01:03:03,854 [main] WARN  db.DBStoreBuilder (DBStoreBuilder.java:applyDBDefinition(144)) - ozone.scm.db.dirs is not configured. We recommend adding this setting. Falling back to ozone.metadata.dirs instead.
2022-10-06 01:03:04,047 [main] INFO  net.NodeSchemaLoader (NodeSchemaLoader.java:loadSchemaFromFile(129)) - Loading schema from [jar:file:/home/runner/.m2/repository/org/apache/ozone/hdds-common/1.3.0-SNAPSHOT/hdds-common-1.3.0-SNAPSHOT.jar!/network-topology-default.xml]
2022-10-06 01:03:04,048 [main] INFO  net.NodeSchemaLoader (NodeSchemaLoader.java:loadSchema(176)) - Loading network topology layer schema file
2022-10-06 01:03:04,089 [main] INFO  metrics.MetricRegistries (MetricRegistriesLoader.java:load(64)) - Loaded MetricRegistries class org.apache.ratis.metrics.impl.MetricRegistriesImpl
2022-10-06 01:03:04,095 [main] INFO  upgrade.AbstractLayoutVersionManager (AbstractLayoutVersionManager.java:init(83)) - Initializing Layout version manager with metadata layout = DATANODE_SCHEMA_V3 (version = 4), software layout = DATANODE_SCHEMA_V3 (version = 4)
2022-10-06 01:03:04,271 [main] INFO  reflections.Reflections (Reflections.java:scan(232)) - Reflections took 111 ms to scan 7 urls, producing 135 keys and 327 values 
2022-10-06 01:03:04,365 [main] INFO  ha.SequenceIdGenerator (SequenceIdGenerator.java:upgradeToSequenceId(349)) - upgrade localId to 109611004723200000
2022-10-06 01:03:04,365 [main] INFO  ha.SequenceIdGenerator (SequenceIdGenerator.java:upgradeToSequenceId(359)) - upgrade delTxnId to 0
2022-10-06 01:03:04,369 [main] INFO  ha.SequenceIdGenerator (SequenceIdGenerator.java:upgradeToSequenceId(376)) - upgrade containerId to 0
2022-10-06 01:03:04,371 [main] INFO  ha.SequenceIdGenerator (SequenceIdGenerator.java:<init>(220)) - Init the HA SequenceIdGenerator.
2022-10-06 01:03:04,409 [main] WARN  server.ServerUtils (ServerUtils.java:sanitizeUserArgs(73)) - ozone.scm.stale.node.interval value = 300000 is larger than max = 100000 based on the key value of ozone.scm.heartbeat.thread.interval, reset to the max value 100000.
2022-10-06 01:03:04,409 [main] WARN  server.ServerUtils (ServerUtils.java:sanitizeUserArgs(73)) - ozone.scm.stale.node.interval value = 300000 is larger than max = 100000 based on the key value of ozone.scm.heartbeat.thread.interval, reset to the max value 100000.
2022-10-06 01:03:04,415 [main] INFO  node.SCMNodeManager (SCMNodeManager.java:<init>(149)) - Entering startup safe mode.
2022-10-06 01:03:04,428 [main] INFO  algorithms.ContainerPlacementPolicyFactory (ContainerPlacementPolicyFactory.java:getPolicyInternal(86)) - Create container placement policy of type org.apache.hadoop.hdds.scm.container.placement.algorithms.SCMContainerPlacementRandom
2022-10-06 01:03:04,430 [main] INFO  algorithms.ContainerPlacementPolicyFactory (ContainerPlacementPolicyFactory.java:getPolicyInternal(86)) - Create container placement policy of type org.apache.hadoop.hdds.scm.container.placement.algorithms.SCMContainerPlacementRackScatter
2022-10-06 01:03:04,440 [main] INFO  pipeline.PipelineStateManagerImpl (PipelineStateManagerImpl.java:initialize(78)) - No pipeline exists in current db
2022-10-06 01:03:04,483 [main] INFO  algorithms.LeaderChoosePolicyFactory (LeaderChoosePolicyFactory.java:getPolicy(57)) - Create leader choose policy of type org.apache.hadoop.hdds.scm.pipeline.leader.choose.algorithms.MinLeaderCountChoosePolicy
2022-10-06 01:03:04,484 [main] INFO  algorithms.ContainerPlacementPolicyFactory (ContainerPlacementPolicyFactory.java:getPolicyInternal(86)) - Create container placement policy of type org.apache.hadoop.hdds.scm.container.placement.algorithms.SCMContainerPlacementRackScatter
2022-10-06 01:03:04,489 [main] INFO  ha.SCMServiceManager (SCMServiceManager.java:register(42)) - Registering service BackgroundPipelineCreator.
2022-10-06 01:03:04,489 [main] INFO  pipeline.BackgroundPipelineCreator (BackgroundPipelineCreator.java:start(124)) - Starting RatisPipelineUtilsThread.
2022-10-06 01:03:04,493 [main] INFO  BackgroundPipelineScrubber (BackgroundSCMService.java:start(68)) - Starting BackgroundPipelineScrubber Service.
2022-10-06 01:03:04,498 [main] INFO  ha.SCMServiceManager (SCMServiceManager.java:register(42)) - Registering service BackgroundPipelineScrubber.
2022-10-06 01:03:04,504 [main] INFO  ExpiredContainerReplicaOpScrubber (BackgroundSCMService.java:start(68)) - Starting ExpiredContainerReplicaOpScrubber Service.
2022-10-06 01:03:04,504 [main] INFO  ha.SCMServiceManager (SCMServiceManager.java:register(42)) - Registering service ExpiredContainerReplicaOpScrubber.
2022-10-06 01:03:04,545 [main] INFO  algorithms.PipelineChoosePolicyFactory (PipelineChoosePolicyFactory.java:createPipelineChoosePolicyFromClass(73)) - Create pipeline choose policy of type org.apache.hadoop.hdds.scm.pipeline.choose.algorithms.RandomPipelineChoosePolicy
2022-10-06 01:03:04,562 [main] INFO  ha.SCMServiceManager (SCMServiceManager.java:register(42)) - Registering service SCMBlockDeletingService.
2022-10-06 01:03:04,603 [main] INFO  replication.ReplicationManager (ReplicationManager.java:start(223)) - Starting Replication Monitor Thread.
2022-10-06 01:03:04,613 [main] INFO  ha.SCMServiceManager (SCMServiceManager.java:register(42)) - Registering service ReplicationManager.
2022-10-06 01:03:04,621 [main] INFO  safemode.ContainerSafeModeRule (ContainerSafeModeRule.java:<init>(89)) - containers with one replica threshold count 0
2022-10-06 01:03:04,622 [ReplicationMonitor] INFO  replication.ReplicationManager (ReplicationManager.java:processAll(291)) - Replication Manager is not ready to run until 3000ms after safemode exit
2022-10-06 01:03:04,625 [main] INFO  safemode.HealthyPipelineSafeModeRule (HealthyPipelineSafeModeRule.java:initializeRule(169)) - Total pipeline count is 0, healthy pipeline threshold count is 1
2022-10-06 01:03:04,628 [main] INFO  safemode.OneReplicaPipelineSafeModeRule (OneReplicaPipelineSafeModeRule.java:initializeRule(180)) - Total pipeline count is 0, pipeline's with at least one datanode reported threshold count is 0
2022-10-06 01:03:04,879 [main] INFO  audit.AuditLogger (AuditLogger.java:refreshDebugCmdSet(126)) - Refresh DebugCmdSet for SCMAudit to [].
2022-10-06 01:03:04,908 [main] INFO  ipc.CallQueueManager (CallQueueManager.java:<init>(90)) - Using callQueue: class java.util.concurrent.LinkedBlockingQueue, queueCapacity: 2000, scheduler: class org.apache.hadoop.ipc.DefaultRpcScheduler, ipcBackoff: false.
2022-10-06 01:03:04,950 [Socket Reader #1 for port 0] INFO  ipc.Server (Server.java:run(1265)) - Starting Socket Reader #1 for port 0
2022-10-06 01:03:05,004 [Listener at 0.0.0.0/34983] INFO  audit.AuditLogger (AuditLogger.java:refreshDebugCmdSet(126)) - Refresh DebugCmdSet for SCMAudit to [].
2022-10-06 01:03:05,009 [Listener at 0.0.0.0/34983] INFO  ipc.CallQueueManager (CallQueueManager.java:<init>(90)) - Using callQueue: class java.util.concurrent.LinkedBlockingQueue, queueCapacity: 2000, scheduler: class org.apache.hadoop.ipc.DefaultRpcScheduler, ipcBackoff: false.
2022-10-06 01:03:05,011 [Socket Reader #1 for port 0] INFO  ipc.Server (Server.java:run(1265)) - Starting Socket Reader #1 for port 0
2022-10-06 01:03:05,039 [Listener at 0.0.0.0/42963] INFO  audit.AuditLogger (AuditLogger.java:refreshDebugCmdSet(126)) - Refresh DebugCmdSet for SCMAudit to [].
2022-10-06 01:03:05,050 [Listener at 0.0.0.0/42963] INFO  ipc.CallQueueManager (CallQueueManager.java:<init>(90)) - Using callQueue: class java.util.concurrent.LinkedBlockingQueue, queueCapacity: 2000, scheduler: class org.apache.hadoop.ipc.DefaultRpcScheduler, ipcBackoff: false.
2022-10-06 01:03:05,051 [Socket Reader #1 for port 0] INFO  ipc.Server (Server.java:run(1265)) - Starting Socket Reader #1 for port 0
2022-10-06 01:03:05,101 [Listener at 0.0.0.0/34041] INFO  ha.SCMServiceManager (SCMServiceManager.java:register(42)) - Registering service ContainerBalancer.
2022-10-06 01:03:05,102 [Listener at 0.0.0.0/34041] INFO  server.StorageContainerManager (StorageContainerManager.java:<init>(410)) - 
Container Balancer status:
Key                            Value
Running                        false
Container Balancer Configuration values:
Key                                                Value
Threshold                                          10
Max Datanodes to Involve per Iteration(percent)    20
Max Size to Move per Iteration                     500GB
Max Size Entering Target per Iteration             26GB
Max Size Leaving Source per Iteration              26GB

2022-10-06 01:03:05,102 [Listener at 0.0.0.0/34041] WARN  events.EventQueue (EventQueue.java:fireEvent(216)) - No event handler registered for event TypedEvent{payloadType=SafeModeStatus, name='Safe mode status'}
2022-10-06 01:03:05,102 [Listener at 0.0.0.0/34041] INFO  ha.SCMContext (SCMContext.java:updateSafeModeStatus(228)) - Update SafeModeStatus from SafeModeStatus{safeModeStatus=true, preCheckPassed=false} to SafeModeStatus{safeModeStatus=true, preCheckPassed=false}.
2022-10-06 01:03:05,105 [Listener at 0.0.0.0/34041] INFO  server.StorageContainerManager (StorageContainerManager.java:start(1436)) - StorageContainerLocationProtocol RPC server is listening at /0.0.0.0:34041
2022-10-06 01:03:05,245 [Listener at 0.0.0.0/34041] WARN  impl.MetricsConfig (MetricsConfig.java:loadFirst(136)) - Cannot locate configuration: tried hadoop-metrics2-storagecontainermanager.properties,hadoop-metrics2.properties
2022-10-06 01:03:05,259 [Listener at 0.0.0.0/34041] INFO  impl.MetricsSystemImpl (MetricsSystemImpl.java:startTimer(378)) - Scheduled Metric snapshot period at 10 second(s).
2022-10-06 01:03:05,259 [Listener at 0.0.0.0/34041] INFO  impl.MetricsSystemImpl (MetricsSystemImpl.java:start(191)) - StorageContainerManager metrics system started
2022-10-06 01:03:05,509 [Listener at 0.0.0.0/34041] INFO  server.SCMClientProtocolServer (SCMClientProtocolServer.java:start(170)) - RPC server for Client  is listening at /0.0.0.0:34041
2022-10-06 01:03:05,510 [IPC Server Responder] INFO  ipc.Server (Server.java:run(1507)) - IPC Server Responder: starting
2022-10-06 01:03:05,512 [IPC Server listener on 0] INFO  ipc.Server (Server.java:run(1344)) - IPC Server listener on 0: starting
2022-10-06 01:03:05,514 [Listener at 0.0.0.0/34041] INFO  server.StorageContainerManager (StorageContainerManager.java:start(1451)) - ScmBlockLocationProtocol RPC server is listening at /0.0.0.0:42963
2022-10-06 01:03:05,515 [Listener at 0.0.0.0/34041] INFO  server.SCMBlockProtocolServer (SCMBlockProtocolServer.java:start(152)) - RPC server for Block Protocol is listening at /0.0.0.0:42963
2022-10-06 01:03:05,515 [IPC Server Responder] INFO  ipc.Server (Server.java:run(1507)) - IPC Server Responder: starting
2022-10-06 01:03:05,516 [IPC Server listener on 0] INFO  ipc.Server (Server.java:run(1344)) - IPC Server listener on 0: starting
2022-10-06 01:03:05,518 [Listener at 0.0.0.0/34041] INFO  server.SCMDatanodeProtocolServer (SCMDatanodeProtocolServer.java:start(186)) - ScmDatanodeProtocol RPC server for DataNodes is listening at /0.0.0.0:34983
2022-10-06 01:03:05,519 [IPC Server Responder] INFO  ipc.Server (Server.java:run(1507)) - IPC Server Responder: starting
2022-10-06 01:03:05,519 [IPC Server listener on 0] INFO  ipc.Server (Server.java:run(1344)) - IPC Server listener on 0: starting
2022-10-06 01:03:05,537 [org.apache.hadoop.util.JvmPauseMonitor$Monitor@2ecd2aa4] INFO  util.JvmPauseMonitor (JvmPauseMonitor.java:run(188)) - Starting JVM pause monitor
2022-10-06 01:03:05,550 [Listener at 0.0.0.0/34041] INFO  http.BaseHttpServer (BaseHttpServer.java:newHttpServer2BuilderForOzone(213)) - Starting Web-server for scm at: http://0.0.0.0:0
2022-10-06 01:03:05,550 [Listener at 0.0.0.0/34041] INFO  http.BaseHttpServer (BaseHttpServer.java:<init>(108)) - Hadoop Security Enabled: false Ozone Security Enabled: false Ozone HTTP Security Enabled: false 
2022-10-06 01:03:05,576 [Listener at 0.0.0.0/34041] INFO  util.log (Log.java:initialized(170)) - Logging initialized @4040ms to org.eclipse.jetty.util.log.Slf4jLog
2022-10-06 01:03:05,690 [Listener at 0.0.0.0/34041] INFO  server.AuthenticationFilter (AuthenticationFilter.java:constructSecretProvider(240)) - Unable to initialize FileSignerSecretProvider, falling back to use random secrets.
2022-10-06 01:03:05,696 [Listener at 0.0.0.0/34041] WARN  http.HttpRequestLog (HttpRequestLog.java:getRequestLog(103)) - Jetty request log can only be enabled using Log4j
2022-10-06 01:03:05,706 [Listener at 0.0.0.0/34041] INFO  http.HttpServer2 (HttpServer2.java:addGlobalFilter(1031)) - Added global filter 'safety' (class=org.apache.hadoop.hdds.server.http.HttpServer2$QuotingInputFilter)
2022-10-06 01:03:05,708 [Listener at 0.0.0.0/34041] INFO  http.HttpServer2 (HttpServer2.java:addFilter(1007)) - Added filter static_user_filter (class=org.apache.hadoop.http.lib.StaticUserWebFilter$StaticUserFilter) to context scm
2022-10-06 01:03:05,708 [Listener at 0.0.0.0/34041] INFO  http.HttpServer2 (HttpServer2.java:addFilter(1015)) - Added filter static_user_filter (class=org.apache.hadoop.http.lib.StaticUserWebFilter$StaticUserFilter) to context logs
2022-10-06 01:03:05,709 [Listener at 0.0.0.0/34041] INFO  http.HttpServer2 (HttpServer2.java:addFilter(1015)) - Added filter static_user_filter (class=org.apache.hadoop.http.lib.StaticUserWebFilter$StaticUserFilter) to context static
2022-10-06 01:03:05,750 [Listener at 0.0.0.0/34041] INFO  http.HttpServer2 (HttpServer2.java:bindListener(1250)) - Jetty bound to port 35125
2022-10-06 01:03:05,752 [Listener at 0.0.0.0/34041] INFO  server.Server (Server.java:doStart(375)) - jetty-9.4.43.v20210629; built: 2021-06-30T11:07:22.254Z; git: 526006ecfa3af7f1a27ef3a288e2bef7ea9dd7e8; jvm 1.8.0_345-b01
2022-10-06 01:03:05,781 [Listener at 0.0.0.0/34041] INFO  server.session (DefaultSessionIdManager.java:doStart(334)) - DefaultSessionIdManager workerName=node0
2022-10-06 01:03:05,781 [Listener at 0.0.0.0/34041] INFO  server.session (DefaultSessionIdManager.java:doStart(339)) - No SessionScavenger set, using defaults
2022-10-06 01:03:05,783 [Listener at 0.0.0.0/34041] INFO  server.session (HouseKeeper.java:startScavenging(132)) - node0 Scavenging every 660000ms
2022-10-06 01:03:05,795 [Listener at 0.0.0.0/34041] INFO  handler.ContextHandler (ContextHandler.java:doStart(915)) - Started o.e.j.s.ServletContextHandler@62a6a47e{logs,/logs,file:///home/runner/work/ozone/ozone/hadoop-ozone/integration-test/target/log,AVAILABLE}
2022-10-06 01:03:05,795 [Listener at 0.0.0.0/34041] INFO  handler.ContextHandler (ContextHandler.java:doStart(915)) - Started o.e.j.s.ServletContextHandler@45f70f68{static,/static,file:///home/runner/work/ozone/ozone/hadoop-ozone/integration-test/target/test-classes/webapps/static,AVAILABLE}
2022-10-06 01:03:05,845 [Listener at 0.0.0.0/34041] INFO  handler.ContextHandler (ContextHandler.java:doStart(915)) - Started o.e.j.w.WebAppContext@689fcf08{scm,/,file:///home/runner/work/ozone/ozone/hadoop-ozone/integration-test/target/test-classes/webapps/scm/,AVAILABLE}{file:/home/runner/work/ozone/ozone/hadoop-ozone/integration-test/target/test-classes/webapps/scm}
2022-10-06 01:03:05,857 [Listener at 0.0.0.0/34041] INFO  server.AbstractConnector (AbstractConnector.java:doStart(331)) - Started ServerConnector@6b3da23f{HTTP/1.1, (http/1.1)}{0.0.0.0:35125}
2022-10-06 01:03:05,860 [Listener at 0.0.0.0/34041] INFO  server.Server (Server.java:doStart(415)) - Started @4324ms
2022-10-06 01:03:05,862 [Listener at 0.0.0.0/34041] INFO  impl.MetricsSinkAdapter (MetricsSinkAdapter.java:start(204)) - Sink prometheus started
2022-10-06 01:03:05,863 [Listener at 0.0.0.0/34041] INFO  impl.MetricsSystemImpl (MetricsSystemImpl.java:registerSink(305)) - Registered sink prometheus
2022-10-06 01:03:05,865 [Listener at 0.0.0.0/34041] INFO  http.BaseHttpServer (BaseHttpServer.java:updateConnectorAddress(333)) - HTTP server of scm listening at http://0.0.0.0:35125
2022-10-06 01:03:05,866 [Listener at 0.0.0.0/34041] WARN  server.ServerUtils (ServerUtils.java:getDBPath(225)) - ozone.om.db.dirs is not configured. We recommend adding this setting. Falling back to ozone.metadata.dirs instead.
2022-10-06 01:03:05,955 [Listener at 0.0.0.0/34041] INFO  audit.AuditLogger (AuditLogger.java:refreshDebugCmdSet(126)) - Refresh DebugCmdSet for OMAudit to [].
2022-10-06 01:03:06,027 [Listener at 0.0.0.0/34041] INFO  ha.OMHANodeDetails (OMHANodeDetails.java:loadOMHAConfig(115)) - ozone.om.internal.service.id is not defined, falling back to ozone.om.service.ids to find serviceID for OzoneManager if it is HA enabled cluster
2022-10-06 01:03:06,030 [Listener at 0.0.0.0/34041] INFO  ha.OMHANodeDetails (OMHANodeDetails.java:loadOMHAConfig(226)) - Configuration does not have ozone.om.address set. Falling back to the default OM address /127.0.0.1:0
2022-10-06 01:03:06,031 [Listener at 0.0.0.0/34041] INFO  ha.OMHANodeDetails (OMHANodeDetails.java:getOMNodeDetailsForNonHA(254)) - OM Service ID is not set. Setting it to the default ID: omServiceIdDefault
2022-10-06 01:03:06,031 [Listener at 0.0.0.0/34041] INFO  ha.OMHANodeDetails (OMHANodeDetails.java:getOMNodeDetailsForNonHA(261)) - OM Node ID is not set. Setting it to the default ID: om1
2022-10-06 01:03:06,034 [Listener at 0.0.0.0/34041] WARN  server.ServerUtils (ServerUtils.java:getDBPath(225)) - ozone.om.db.dirs is not configured. We recommend adding this setting. Falling back to ozone.metadata.dirs instead.
2022-10-06 01:03:06,036 [Listener at 0.0.0.0/34041] INFO  upgrade.AbstractLayoutVersionManager (AbstractLayoutVersionManager.java:init(83)) - Initializing Layout version manager with metadata layout = MULTITENANCY_SCHEMA (version = 3), software layout = MULTITENANCY_SCHEMA (version = 3)
2022-10-06 01:03:06,125 [Listener at 0.0.0.0/34041] INFO  reflections.Reflections (Reflections.java:scan(232)) - Reflections took 84 ms to scan 2 urls, producing 154 keys and 428 values [using 2 cores]
2022-10-06 01:03:06,129 [Listener at 0.0.0.0/34041] INFO  upgrade.OMLayoutVersionManager (OMLayoutVersionManager.java:lambda$0(115)) - Skipping Upgrade Action MockOmUpgradeAction since it has been finalized.
2022-10-06 01:03:06,130 [Listener at 0.0.0.0/34041] WARN  server.ServerUtils (ServerUtils.java:getDBPath(225)) - ozone.om.db.dirs is not configured. We recommend adding this setting. Falling back to ozone.metadata.dirs instead.
2022-10-06 01:03:06,287 [Listener at 0.0.0.0/34041] INFO  proxy.SCMBlockLocationFailoverProxyProvider (SCMBlockLocationFailoverProxyProvider.java:<init>(114)) - Created block location fail-over proxy with 1 nodes: [nodeId=scmNodeId,nodeAddress=/0.0.0.0:42963]
2022-10-06 01:03:06,314 [Listener at 0.0.0.0/34041] INFO  proxy.SCMBlockLocationFailoverProxyProvider (SCMBlockLocationFailoverProxyProvider.java:<init>(114)) - Created block location fail-over proxy with 1 nodes: [nodeId=scmNodeId,nodeAddress=/0.0.0.0:42963]
2022-10-06 01:03:06,499 [Listener at 0.0.0.0/34041] WARN  server.ServerUtils (ServerUtils.java:getDBPath(225)) - ozone.om.db.dirs is not configured. We recommend adding this setting. Falling back to ozone.metadata.dirs instead.
2022-10-06 01:03:06,505 [Listener at 0.0.0.0/34041] INFO  codec.OmKeyInfoCodec (OmKeyInfoCodec.java:<init>(49)) - OmKeyInfoCodec ignorePipeline = true
2022-10-06 01:03:06,506 [Listener at 0.0.0.0/34041] INFO  codec.RepeatedOmKeyInfoCodec (RepeatedOmKeyInfoCodec.java:<init>(41)) - RepeatedOmKeyInfoCodec ignorePipeline = true
2022-10-06 01:03:06,652 [Listener at 0.0.0.0/34041] INFO  om.OzoneManager (OzoneManager.java:instantiateServices(710)) - S3 Multi-Tenancy is disabled
2022-10-06 01:03:06,735 [Listener at 0.0.0.0/34041] INFO  om.OzoneManager (OzoneManager.java:addS3GVolumeToDB(4325)) - Created Volume s3v With Owner runner required for S3Gateway operations.
2022-10-06 01:03:06,827 [Listener at 0.0.0.0/34041] WARN  server.ServerUtils (ServerUtils.java:getDefaultRatisDirectory(237)) - Storage directory for Ratis is not configured. It is a good idea to map this to an SSD disk. Falling back to ozone.metadata.dirs
2022-10-06 01:03:06,827 [Listener at 0.0.0.0/34041] WARN  utils.OzoneManagerRatisUtils (OzoneManagerRatisUtils.java:getOMRatisSnapshotDirectory(434)) - ozone.om.ratis.snapshot.dir is not configured. Falling back to ozone.metadata.dirs config
2022-10-06 01:03:06,846 [Listener at 0.0.0.0/34041] WARN  server.ServerUtils (ServerUtils.java:getDefaultRatisDirectory(237)) - Storage directory for Ratis is not configured. It is a good idea to map this to an SSD disk. Falling back to ozone.metadata.dirs
2022-10-06 01:03:06,876 [Listener at 0.0.0.0/34041] INFO  ratis.OzoneManagerRatisServer (OzoneManagerRatisServer.java:<init>(160)) - Instantiating OM Ratis server with groupID: omServiceIdDefault and peers: localhost:9872
2022-10-06 01:03:06,887 [Listener at 0.0.0.0/34041] INFO  ratis.OzoneManagerStateMachine (OzoneManagerStateMachine.java:loadSnapshotInfoFromDB(632)) - LastAppliedIndex is set from TransactionInfo from OM DB as (t:0, i:~)
2022-10-06 01:03:06,949 [Listener at 0.0.0.0/34041] INFO  server.RaftServer (ConfUtils.java:logGet(46)) - raft.rpc.type = GRPC (default)
2022-10-06 01:03:07,031 [Listener at 0.0.0.0/34041] INFO  grpc.GrpcFactory (GrpcFactory.java:checkPooledByteBufAllocatorUseCacheForAllThreads(48)) - PERFORMANCE WARNING: useCacheForAllThreads is true that may cause Netty to create a lot garbage objects and, as a result, trigger GC.
	It is recommended to disable useCacheForAllThreads by setting -Dorg.apache.ratis.thirdparty.io.netty.allocator.useCacheForAllThreads=false in command line.
2022-10-06 01:03:07,035 [Listener at 0.0.0.0/34041] INFO  grpc.GrpcConfigKeys (ConfUtils.java:logGet(46)) - raft.grpc.admin.port = -1 (default)
2022-10-06 01:03:07,035 [Listener at 0.0.0.0/34041] INFO  grpc.GrpcConfigKeys (ConfUtils.java:logGet(46)) - raft.grpc.server.port = 9872 (custom)
2022-10-06 01:03:07,036 [Listener at 0.0.0.0/34041] INFO  grpc.GrpcConfigKeys (ConfUtils.java:logGet(46)) - raft.grpc.client.port = -1 (default)
2022-10-06 01:03:07,036 [Listener at 0.0.0.0/34041] INFO  grpc.GrpcConfigKeys (ConfUtils.java:logGet(46)) - raft.grpc.server.port = 9872 (custom)
2022-10-06 01:03:07,036 [Listener at 0.0.0.0/34041] INFO  grpc.GrpcConfigKeys (ConfUtils.java:logGet(46)) - raft.grpc.server.port = 9872 (custom)
2022-10-06 01:03:07,037 [Listener at 0.0.0.0/34041] INFO  server.GrpcService (ConfUtils.java:logGet(46)) - raft.grpc.message.size.max = 33554432 (custom)
2022-10-06 01:03:07,038 [Listener at 0.0.0.0/34041] INFO  server.RaftServerConfigKeys (ConfUtils.java:logGet(46)) - raft.server.log.appender.buffer.byte-limit = 33554432 (custom)
2022-10-06 01:03:07,039 [Listener at 0.0.0.0/34041] INFO  server.GrpcService (ConfUtils.java:logGet(46)) - raft.grpc.flow.control.window = 1MB (=1048576) (default)
2022-10-06 01:03:07,039 [Listener at 0.0.0.0/34041] INFO  server.RaftServerConfigKeys (ConfUtils.java:logGet(46)) - raft.server.rpc.request.timeout = 3000ms (default)
2022-10-06 01:03:07,055 [Listener at 0.0.0.0/34041] INFO  grpc.GrpcConfigKeys (ConfUtils.java:logGet(46)) - raft.grpc.server.async.request.thread.pool.cached = true (default)
2022-10-06 01:03:07,055 [Listener at 0.0.0.0/34041] INFO  grpc.GrpcConfigKeys (ConfUtils.java:logGet(46)) - raft.grpc.server.async.request.thread.pool.size = 32 (default)
2022-10-06 01:03:07,332 [Listener at 0.0.0.0/34041] INFO  impl.DataStreamServerImpl (ConfUtils.java:logGet(46)) - raft.datastream.type = DISABLED (default)
2022-10-06 01:03:07,335 [Listener at 0.0.0.0/34041] INFO  server.RaftServerConfigKeys (ConfUtils.java:logGet(46)) - raft.server.threadpool.proxy.cached = true (default)
2022-10-06 01:03:07,335 [Listener at 0.0.0.0/34041] INFO  server.RaftServerConfigKeys (ConfUtils.java:logGet(46)) - raft.server.threadpool.proxy.size = 0 (default)
2022-10-06 01:03:07,336 [Listener at 0.0.0.0/34041] INFO  server.RaftServerConfigKeys (ConfUtils.java:logGet(46)) - raft.server.rpc.slowness.timeout = 120s (custom)
2022-10-06 01:03:07,336 [Listener at 0.0.0.0/34041] INFO  server.RaftServerConfigKeys (ConfUtils.java:logGet(46)) - raft.server.leaderelection.leader.step-down.wait-time = 10s (default)
2022-10-06 01:03:07,339 [Listener at 0.0.0.0/34041] INFO  server.RaftServerConfigKeys (ConfUtils.java:logGet(46)) - raft.server.storage.dir = [/home/runner/work/ozone/ozone/hadoop-ozone/integration-test/target/test-dir/MiniOzoneClusterImpl-cb9ba06c-8019-4b1a-b2e9-0b8ac0549875/ozone-meta/ratis] (custom)
2022-10-06 01:03:07,346 [Listener at 0.0.0.0/34041] INFO  server.RaftServer (RaftServerProxy.java:addNew(96)) - om1: addNew group-C5BA1605619E:[om1|rpc:localhost:9872|priority:0] returns group-C5BA1605619E:java.util.concurrent.CompletableFuture@7625f4a7[Not completed]
2022-10-06 01:03:07,346 [Listener at 0.0.0.0/34041] INFO  om.OzoneManager (OzoneManager.java:initializeRatisServer(1977)) - OzoneManager Ratis server initialized at port 9872
2022-10-06 01:03:07,353 [Listener at 0.0.0.0/34041] INFO  om.OzoneManager (OzoneManager.java:getRpcServer(1100)) - Creating RPC Server
2022-10-06 01:03:07,381 [pool-55-thread-1] INFO  server.RaftServer$Division (RaftServerImpl.java:<init>(190)) - om1: new RaftServerImpl for group-C5BA1605619E:[om1|rpc:localhost:9872|priority:0] with OzoneManagerStateMachine:uninitialized
2022-10-06 01:03:07,391 [pool-55-thread-1] INFO  server.RaftServerConfigKeys (ConfUtils.java:logGet(46)) - raft.server.rpc.timeout.min = 1s (custom)
2022-10-06 01:03:07,391 [pool-55-thread-1] INFO  server.RaftServerConfigKeys (ConfUtils.java:logGet(46)) - raft.server.rpc.timeout.max = 1200ms (custom)
2022-10-06 01:03:07,391 [pool-55-thread-1] INFO  server.RaftServerConfigKeys (ConfUtils.java:logGet(46)) - raft.server.rpc.sleep.time = 25ms (default)
2022-10-06 01:03:07,391 [pool-55-thread-1] INFO  server.RaftServerConfigKeys (ConfUtils.java:logGet(46)) - raft.server.rpc.slowness.timeout = 120s (custom)
2022-10-06 01:03:07,392 [pool-55-thread-1] INFO  server.RaftServerConfigKeys (ConfUtils.java:logGet(46)) - raft.server.leaderelection.leader.step-down.wait-time = 10s (default)
2022-10-06 01:03:07,392 [pool-55-thread-1] INFO  server.RaftServerConfigKeys (ConfUtils.java:logGet(46)) - raft.server.sleep.deviation.threshold = 300ms (default)
2022-10-06 01:03:07,398 [pool-55-thread-1] INFO  server.RaftServer$Division (ServerState.java:<init>(107)) - om1@group-C5BA1605619E: ConfigurationManager, init=-1: [om1|rpc:localhost:9872|priority:0], old=null, confs=<EMPTY_MAP>
2022-10-06 01:03:07,398 [pool-55-thread-1] INFO  server.RaftServerConfigKeys (ConfUtils.java:logGet(46)) - raft.server.storage.dir = [/home/runner/work/ozone/ozone/hadoop-ozone/integration-test/target/test-dir/MiniOzoneClusterImpl-cb9ba06c-8019-4b1a-b2e9-0b8ac0549875/ozone-meta/ratis] (custom)
2022-10-06 01:03:07,402 [pool-55-thread-1] INFO  server.RaftServerConfigKeys (ConfUtils.java:logGet(46)) - raft.server.log.corruption.policy = EXCEPTION (default)
2022-10-06 01:03:07,402 [pool-55-thread-1] INFO  server.RaftServerConfigKeys (ConfUtils.java:logGet(46)) - raft.server.storage.free-space.min = 0MB (=0) (default)
2022-10-06 01:03:07,417 [pool-55-thread-1] INFO  storage.RaftStorageDirectory (RaftStorageDirectoryImpl.java:analyzeStorage(135)) - The storage directory /home/runner/work/ozone/ozone/hadoop-ozone/integration-test/target/test-dir/MiniOzoneClusterImpl-cb9ba06c-8019-4b1a-b2e9-0b8ac0549875/ozone-meta/ratis/bf265839-605b-3f16-9796-c5ba1605619e does not exist. Creating ...
2022-10-06 01:03:07,424 [pool-55-thread-1] INFO  storage.RaftStorageDirectory (RaftStorageDirectoryImpl.java:tryLock(230)) - Lock on /home/runner/work/ozone/ozone/hadoop-ozone/integration-test/target/test-dir/MiniOzoneClusterImpl-cb9ba06c-8019-4b1a-b2e9-0b8ac0549875/ozone-meta/ratis/bf265839-605b-3f16-9796-c5ba1605619e/in_use.lock acquired by nodename 9215@fv-az399-337
2022-10-06 01:03:07,434 [pool-55-thread-1] INFO  storage.RaftStorage (RaftStorageImpl.java:format(89)) - Storage directory /home/runner/work/ozone/ozone/hadoop-ozone/integration-test/target/test-dir/MiniOzoneClusterImpl-cb9ba06c-8019-4b1a-b2e9-0b8ac0549875/ozone-meta/ratis/bf265839-605b-3f16-9796-c5ba1605619e has been successfully formatted.
2022-10-06 01:03:07,441 [pool-55-thread-1] INFO  server.RaftServerConfigKeys (ConfUtils.java:logGet(46)) - raft.server.notification.no-leader.timeout = 120s (custom)
2022-10-06 01:03:07,442 [pool-55-thread-1] INFO  server.RaftServerConfigKeys (ConfUtils.java:logGet(46)) - raft.server.log.use.memory = false (default)
2022-10-06 01:03:07,455 [pool-55-thread-1] INFO  server.RaftServerConfigKeys (ConfUtils.java:logGet(46)) - raft.server.log.purge.gap = 1000000 (custom)
2022-10-06 01:03:07,455 [pool-55-thread-1] INFO  server.RaftServerConfigKeys (ConfUtils.java:logGet(46)) - raft.server.log.appender.buffer.byte-limit = 33554432 (custom)
2022-10-06 01:03:07,457 [pool-55-thread-1] INFO  server.RaftServerConfigKeys (ConfUtils.java:logGet(46)) - raft.server.log.statemachine.data.read.timeout = 1000ms (default)
2022-10-06 01:03:07,473 [pool-55-thread-1] INFO  server.RaftServerConfigKeys (ConfUtils.java:logGet(46)) - raft.server.log.segment.size.max = 4194304 (custom)
2022-10-06 01:03:07,498 [pool-55-thread-1] INFO  server.RaftServerConfigKeys (ConfUtils.java:logGet(46)) - raft.server.log.segment.cache.num.max = 2 (custom)
2022-10-06 01:03:07,498 [pool-55-thread-1] INFO  server.RaftServerConfigKeys (ConfUtils.java:logGet(46)) - raft.server.log.segment.cache.size.max = 200MB (=209715200) (default)
2022-10-06 01:03:07,538 [pool-55-thread-1] INFO  segmented.SegmentedRaftLogWorker (SegmentedRaftLogWorker.java:<init>(187)) - new om1@group-C5BA1605619E-SegmentedRaftLogWorker for RaftStorageImpl:Storage Directory /home/runner/work/ozone/ozone/hadoop-ozone/integration-test/target/test-dir/MiniOzoneClusterImpl-cb9ba06c-8019-4b1a-b2e9-0b8ac0549875/ozone-meta/ratis/bf265839-605b-3f16-9796-c5ba1605619e
2022-10-06 01:03:07,538 [pool-55-thread-1] INFO  server.RaftServerConfigKeys (ConfUtils.java:logGet(46)) - raft.server.log.queue.byte-limit = 64MB (=67108864) (default)
2022-10-06 01:03:07,538 [pool-55-thread-1] INFO  server.RaftServerConfigKeys (ConfUtils.java:logGet(46)) - raft.server.log.queue.element-limit = 4096 (default)
2022-10-06 01:03:07,539 [pool-55-thread-1] INFO  server.RaftServerConfigKeys (ConfUtils.java:logGet(46)) - raft.server.log.segment.size.max = 4194304 (custom)
2022-10-06 01:03:07,540 [pool-55-thread-1] INFO  server.RaftServerConfigKeys (ConfUtils.java:logGet(46)) - raft.server.log.preallocated.size = 4194304 (custom)
2022-10-06 01:03:07,540 [pool-55-thread-1] INFO  server.RaftServerConfigKeys (ConfUtils.java:logGet(46)) - raft.server.log.force.sync.num = 128 (default)
2022-10-06 01:03:07,541 [pool-55-thread-1] INFO  server.RaftServerConfigKeys (ConfUtils.java:logGet(46)) - raft.server.log.statemachine.data.sync = true (default)
2022-10-06 01:03:07,542 [pool-55-thread-1] INFO  server.RaftServerConfigKeys (ConfUtils.java:logGet(46)) - raft.server.log.statemachine.data.sync.timeout = 10s (default)
2022-10-06 01:03:07,542 [pool-55-thread-1] INFO  server.RaftServerConfigKeys (ConfUtils.java:logGet(46)) - raft.server.log.statemachine.data.sync.timeout.retry = -1 (default)
2022-10-06 01:03:07,555 [pool-55-thread-1] INFO  server.RaftServerConfigKeys (ConfUtils.java:logGet(46)) - raft.server.log.write.buffer.size = 64KB (=65536) (default)
2022-10-06 01:03:07,556 [pool-55-thread-1] INFO  server.RaftServerConfigKeys (ConfUtils.java:logGet(46)) - raft.server.log.unsafe-flush.enabled = false (default)
2022-10-06 01:03:07,556 [pool-55-thread-1] INFO  server.RaftServerConfigKeys (ConfUtils.java:logGet(46)) - raft.server.log.statemachine.data.caching.enabled = false (default)
2022-10-06 01:03:07,568 [pool-55-thread-1] INFO  segmented.SegmentedRaftLogWorker (SegmentedRaftLogWorker.java:lambda$new$0(135)) - om1@group-C5BA1605619E-SegmentedRaftLogWorker: flushIndex: setUnconditionally 0 -> -1
2022-10-06 01:03:07,568 [pool-55-thread-1] INFO  segmented.SegmentedRaftLogWorker (SegmentedRaftLogWorker.java:lambda$new$0(135)) - om1@group-C5BA1605619E-SegmentedRaftLogWorker: safeCacheEvictIndex: setUnconditionally 0 -> -1
2022-10-06 01:03:07,585 [pool-55-thread-1] INFO  server.RaftServerConfigKeys (ConfUtils.java:logGet(46)) - raft.server.snapshot.auto.trigger.enabled = true (custom)
2022-10-06 01:03:07,586 [pool-55-thread-1] INFO  server.RaftServerConfigKeys (ConfUtils.java:logGet(46)) - raft.server.snapshot.auto.trigger.threshold = 400000 (default)
2022-10-06 01:03:07,586 [pool-55-thread-1] INFO  server.RaftServerConfigKeys (ConfUtils.java:logGet(46)) - raft.server.snapshot.retention.file.num = -1 (default)
2022-10-06 01:03:07,587 [pool-55-thread-1] INFO  server.RaftServerConfigKeys (ConfUtils.java:logGet(46)) - raft.server.log.purge.upto.snapshot.index = true (custom)
2022-10-06 01:03:07,589 [pool-55-thread-1] INFO  server.RaftServerConfigKeys (ConfUtils.java:logGet(46)) - raft.server.retrycache.expirytime = 300s (custom)
2022-10-06 01:03:07,589 [pool-55-thread-1] INFO  server.RaftServerConfigKeys (ConfUtils.java:logGet(46)) - raft.server.retrycache.statistics.expirytime = 100μs (default)
2022-10-06 01:03:07,717 [pool-55-thread-1] INFO  server.RaftServerConfigKeys (ConfUtils.java:logGet(46)) - raft.server.log.appender.install.snapshot.enabled = false (custom)
2022-10-06 01:03:07,717 [pool-55-thread-1] INFO  server.RaftServerConfigKeys (ConfUtils.java:logGet(46)) - raft.server.threadpool.server.cached = true (default)
2022-10-06 01:03:07,717 [pool-55-thread-1] INFO  server.RaftServerConfigKeys (ConfUtils.java:logGet(46)) - raft.server.threadpool.server.size = 0 (default)
2022-10-06 01:03:07,718 [pool-55-thread-1] INFO  server.RaftServerConfigKeys (ConfUtils.java:logGet(46)) - raft.server.threadpool.client.cached = true (default)
2022-10-06 01:03:07,718 [pool-55-thread-1] INFO  server.RaftServerConfigKeys (ConfUtils.java:logGet(46)) - raft.server.threadpool.client.size = 0 (default)
2022-10-06 01:03:08,039 [Listener at 0.0.0.0/34041] INFO  reflections.Reflections (Reflections.java:scan(232)) - Reflections took 591 ms to scan 19 urls, producing 67 keys and 4222 values [using 2 cores]
2022-10-06 01:03:08,325 [Listener at 0.0.0.0/34041] INFO  ipc.CallQueueManager (CallQueueManager.java:<init>(90)) - Using callQueue: class java.util.concurrent.LinkedBlockingQueue, queueCapacity: 2000, scheduler: class org.apache.hadoop.ipc.DefaultRpcScheduler, ipcBackoff: false.
2022-10-06 01:03:08,326 [Socket Reader #1 for port 0] INFO  ipc.Server (Server.java:run(1265)) - Starting Socket Reader #1 for port 0
2022-10-06 01:03:08,360 [Listener at 127.0.0.1/34317] INFO  impl.MetricsSystemImpl (MetricsSystemImpl.java:init(158)) - OzoneManager metrics system started (again)
2022-10-06 01:03:08,371 [Listener at 127.0.0.1/34317] INFO  om.OzoneManager (OzoneManager.java:start(1484)) - OzoneManager RPC server is listening at localhost/127.0.0.1:34317
2022-10-06 01:03:08,371 [Listener at 127.0.0.1/34317] INFO  ratis.OzoneManagerRatisServer (OzoneManagerRatisServer.java:start(555)) - Starting OzoneManagerRatisServer om1 at port 9872
2022-10-06 01:03:08,373 [om1-impl-thread1] INFO  server.RaftServer$Division (RaftServerImpl.java:start(310)) - om1@group-C5BA1605619E: start as a follower, conf=-1: [om1|rpc:localhost:9872|priority:0], old=null
2022-10-06 01:03:08,374 [om1-impl-thread1] INFO  server.RaftServer$Division (RaftServerImpl.java:setRole(299)) - om1@group-C5BA1605619E: changes role from      null to FOLLOWER at term 0 for startAsFollower
2022-10-06 01:03:08,375 [om1-impl-thread1] INFO  impl.RoleInfo (RoleInfo.java:updateAndGet(139)) - om1: start om1@group-C5BA1605619E-FollowerState
2022-10-06 01:03:08,379 [om1-impl-thread1] INFO  util.JmxRegister (JmxRegister.java:tryRegister(44)) - Successfully registered JMX Bean with object name Ratis:service=RaftServer,group=group-C5BA1605619E,id=om1
2022-10-06 01:03:08,385 [Listener at 127.0.0.1/34317] INFO  server.RaftServer (RaftServerProxy.java:lambda$start$6(382)) - om1: start RPC server
2022-10-06 01:03:08,441 [Listener at 127.0.0.1/34317] INFO  server.GrpcService (GrpcService.java:startImpl(260)) - om1: GrpcService started, listening on 9872
2022-10-06 01:03:08,446 [Listener at 127.0.0.1/34317] INFO  om.OzoneManager (OzoneManager.java:start(1500)) - Version File has different layout version (3) than OM DB (null). That is expected if this OM has never been finalized to a newer layout version.
2022-10-06 01:03:08,448 [org.apache.ratis.util.JvmPauseMonitor$$Lambda$619/277409773@7921a93] INFO  util.JvmPauseMonitor (JvmPauseMonitor.java:run(103)) - JvmPauseMonitor-om1: Started
2022-10-06 01:03:08,466 [Listener at 127.0.0.1/34317] INFO  http.BaseHttpServer (BaseHttpServer.java:newHttpServer2BuilderForOzone(213)) - Starting Web-server for ozoneManager at: http://0.0.0.0:0
2022-10-06 01:03:08,466 [Listener at 127.0.0.1/34317] INFO  http.BaseHttpServer (BaseHttpServer.java:<init>(108)) - Hadoop Security Enabled: false Ozone Security Enabled: false Ozone HTTP Security Enabled: false 
2022-10-06 01:03:08,468 [Listener at 127.0.0.1/34317] INFO  server.AuthenticationFilter (AuthenticationFilter.java:constructSecretProvider(240)) - Unable to initialize FileSignerSecretProvider, falling back to use random secrets.
2022-10-06 01:03:08,470 [Listener at 127.0.0.1/34317] WARN  http.HttpRequestLog (HttpRequestLog.java:getRequestLog(103)) - Jetty request log can only be enabled using Log4j
2022-10-06 01:03:08,472 [Listener at 127.0.0.1/34317] INFO  http.HttpServer2 (HttpServer2.java:addGlobalFilter(1031)) - Added global filter 'safety' (class=org.apache.hadoop.hdds.server.http.HttpServer2$QuotingInputFilter)
2022-10-06 01:03:08,472 [Listener at 127.0.0.1/34317] INFO  http.HttpServer2 (HttpServer2.java:addFilter(1007)) - Added filter static_user_filter (class=org.apache.hadoop.http.lib.StaticUserWebFilter$StaticUserFilter) to context ozoneManager
2022-10-06 01:03:08,473 [Listener at 127.0.0.1/34317] INFO  http.HttpServer2 (HttpServer2.java:addFilter(1015)) - Added filter static_user_filter (class=org.apache.hadoop.http.lib.StaticUserWebFilter$StaticUserFilter) to context logs
2022-10-06 01:03:08,473 [Listener at 127.0.0.1/34317] INFO  http.HttpServer2 (HttpServer2.java:addFilter(1015)) - Added filter static_user_filter (class=org.apache.hadoop.http.lib.StaticUserWebFilter$StaticUserFilter) to context static
2022-10-06 01:03:08,474 [Listener at 127.0.0.1/34317] INFO  http.HttpServer2 (HttpServer2.java:bindListener(1250)) - Jetty bound to port 35953
2022-10-06 01:03:08,475 [Listener at 127.0.0.1/34317] INFO  server.Server (Server.java:doStart(375)) - jetty-9.4.43.v20210629; built: 2021-06-30T11:07:22.254Z; git: 526006ecfa3af7f1a27ef3a288e2bef7ea9dd7e8; jvm 1.8.0_345-b01
2022-10-06 01:03:08,479 [Listener at 127.0.0.1/34317] INFO  server.session (DefaultSessionIdManager.java:doStart(334)) - DefaultSessionIdManager workerName=node0
2022-10-06 01:03:08,479 [Listener at 127.0.0.1/34317] INFO  server.session (DefaultSessionIdManager.java:doStart(339)) - No SessionScavenger set, using defaults
2022-10-06 01:03:08,479 [Listener at 127.0.0.1/34317] INFO  server.session (HouseKeeper.java:startScavenging(132)) - node0 Scavenging every 600000ms
2022-10-06 01:03:08,482 [Listener at 127.0.0.1/34317] INFO  handler.ContextHandler (ContextHandler.java:doStart(915)) - Started o.e.j.s.ServletContextHandler@3137a5cf{logs,/logs,file:///home/runner/work/ozone/ozone/hadoop-ozone/integration-test/target/log,AVAILABLE}
2022-10-06 01:03:08,482 [Listener at 127.0.0.1/34317] INFO  handler.ContextHandler (ContextHandler.java:doStart(915)) - Started o.e.j.s.ServletContextHandler@1476359e{static,/static,file:///home/runner/work/ozone/ozone/hadoop-ozone/integration-test/target/test-classes/webapps/static,AVAILABLE}
2022-10-06 01:03:08,486 [Listener at 127.0.0.1/34317] INFO  handler.ContextHandler (ContextHandler.java:doStart(915)) - Started o.e.j.w.WebAppContext@6dc92399{ozoneManager,/,file:///home/runner/work/ozone/ozone/hadoop-ozone/integration-test/target/test-classes/webapps/ozoneManager/,AVAILABLE}{file:/home/runner/work/ozone/ozone/hadoop-ozone/integration-test/target/test-classes/webapps/ozoneManager}
2022-10-06 01:03:08,487 [Listener at 127.0.0.1/34317] INFO  server.AbstractConnector (AbstractConnector.java:doStart(331)) - Started ServerConnector@2d12dc1{HTTP/1.1, (http/1.1)}{0.0.0.0:35953}
2022-10-06 01:03:08,487 [Listener at 127.0.0.1/34317] INFO  server.Server (Server.java:doStart(415)) - Started @6951ms
2022-10-06 01:03:08,487 [Listener at 127.0.0.1/34317] WARN  impl.MetricsSystemImpl (MetricsSystemImpl.java:register(279)) - Sink prometheus already exists!
2022-10-06 01:03:08,487 [Listener at 127.0.0.1/34317] INFO  http.BaseHttpServer (BaseHttpServer.java:updateConnectorAddress(333)) - HTTP server of ozoneManager listening at http://0.0.0.0:35953
2022-10-06 01:03:08,488 [IPC Server Responder] INFO  ipc.Server (Server.java:run(1507)) - IPC Server Responder: starting
2022-10-06 01:03:08,488 [IPC Server listener on 0] INFO  ipc.Server (Server.java:run(1344)) - IPC Server listener on 0: starting
2022-10-06 01:03:08,534 [Listener at 127.0.0.1/34317] INFO  om.TrashPolicyOzone (TrashPolicyOzone.java:<init>(178)) - Ozone Manager trash configuration: Deletion interval = 0 minutes, Emptier interval = 0 minutes.
2022-10-06 01:03:08,550 [org.apache.hadoop.util.JvmPauseMonitor$Monitor@66a3ca04] INFO  util.JvmPauseMonitor (JvmPauseMonitor.java:run(188)) - Starting JVM pause monitor
2022-10-06 01:03:08,676 [Listener at 127.0.0.1/34317] WARN  impl.MetricRegistriesImpl (MetricRegistriesImpl.java:addReporterRegistration(111)) - New reporters are added after registries were created. Some metrics will be missing from the reporter. Please add reporter before adding any new registry.
2022-10-06 01:03:08,676 [Listener at 127.0.0.1/34317] WARN  impl.MetricRegistriesImpl (MetricRegistriesImpl.java:addReporterRegistration(111)) - New reporters are added after registries were created. Some metrics will be missing from the reporter. Please add reporter before adding any new registry.
2022-10-06 01:03:08,677 [Listener at 127.0.0.1/34317] INFO  impl.MetricsSystemImpl (MetricsSystemImpl.java:init(158)) - HddsDatanode metrics system started (again)
2022-10-06 01:03:08,691 [Listener at 127.0.0.1/34317] INFO  ozone.HddsDatanodeService (HddsDatanodeService.java:start(236)) - HddsDatanodeService host:fv-az399-337.4urtqdmtpd2erju50p4tzyn2ng.bx.internal.cloudapp.net ip:10.1.0.249
2022-10-06 01:03:08,714 [Listener at 127.0.0.1/34317] INFO  upgrade.AbstractLayoutVersionManager (AbstractLayoutVersionManager.java:init(83)) - Initializing Layout version manager with metadata layout = DATANODE_SCHEMA_V3 (version = 4), software layout = DATANODE_SCHEMA_V3 (version = 4)
2022-10-06 01:03:08,757 [Listener at 127.0.0.1/34317] INFO  reflections.Reflections (Reflections.java:scan(232)) - Reflections took 42 ms to scan 7 urls, producing 135 keys and 327 values 
2022-10-06 01:03:08,760 [Listener at 127.0.0.1/34317] INFO  statemachine.DatanodeStateMachine (DatanodeStateMachine.java:getEndPointTaskThreadPoolSize(237)) - Datanode State Machine Task Thread Pool size 2
2022-10-06 01:03:08,812 [Listener at 127.0.0.1/34317] INFO  volume.HddsVolume (HddsVolume.java:<init>(117)) - Creating HddsVolume: /home/runner/work/ozone/ozone/hadoop-ozone/integration-test/target/test-dir/MiniOzoneClusterImpl-cb9ba06c-8019-4b1a-b2e9-0b8ac0549875/datanode-0/data-0/containers/hdds of storage type : DISK capacity : 9223372036854775807
2022-10-06 01:03:08,814 [Listener at 127.0.0.1/34317] INFO  volume.MutableVolumeSet (MutableVolumeSet.java:initializeVolumeSet(174)) - Added Volume : /home/runner/work/ozone/ozone/hadoop-ozone/integration-test/target/test-dir/MiniOzoneClusterImpl-cb9ba06c-8019-4b1a-b2e9-0b8ac0549875/datanode-0/data-0/containers/hdds to VolumeSet
2022-10-06 01:03:08,815 [Listener at 127.0.0.1/34317] INFO  volume.ThrottledAsyncChecker (ThrottledAsyncChecker.java:schedule(141)) - Scheduling a check for /home/runner/work/ozone/ozone/hadoop-ozone/integration-test/target/test-dir/MiniOzoneClusterImpl-cb9ba06c-8019-4b1a-b2e9-0b8ac0549875/datanode-0/data-0/containers/hdds
2022-10-06 01:03:08,835 [Listener at 127.0.0.1/34317] INFO  volume.StorageVolumeChecker (StorageVolumeChecker.java:checkAllVolumes(202)) - Scheduled health check for volume /home/runner/work/ozone/ozone/hadoop-ozone/integration-test/target/test-dir/MiniOzoneClusterImpl-cb9ba06c-8019-4b1a-b2e9-0b8ac0549875/datanode-0/data-0/containers/hdds
2022-10-06 01:03:08,851 [Listener at 127.0.0.1/34317] INFO  volume.MutableVolumeSet (MutableVolumeSet.java:initializeVolumeSet(174)) - Added Volume : /home/runner/work/ozone/ozone/hadoop-ozone/integration-test/target/test-dir/MiniOzoneClusterImpl-cb9ba06c-8019-4b1a-b2e9-0b8ac0549875/datanode-0/data/ratis to VolumeSet
2022-10-06 01:03:08,851 [Listener at 127.0.0.1/34317] INFO  volume.ThrottledAsyncChecker (ThrottledAsyncChecker.java:schedule(141)) - Scheduling a check for /home/runner/work/ozone/ozone/hadoop-ozone/integration-test/target/test-dir/MiniOzoneClusterImpl-cb9ba06c-8019-4b1a-b2e9-0b8ac0549875/datanode-0/data/ratis
2022-10-06 01:03:08,851 [Listener at 127.0.0.1/34317] INFO  volume.StorageVolumeChecker (StorageVolumeChecker.java:checkAllVolumes(202)) - Scheduled health check for volume /home/runner/work/ozone/ozone/hadoop-ozone/integration-test/target/test-dir/MiniOzoneClusterImpl-cb9ba06c-8019-4b1a-b2e9-0b8ac0549875/datanode-0/data/ratis
2022-10-06 01:03:08,872 [Thread-136] INFO  ozoneimpl.ContainerReader (ContainerReader.java:readVolume(175)) - Finish verifying containers on volume /home/runner/work/ozone/ozone/hadoop-ozone/integration-test/target/test-dir/MiniOzoneClusterImpl-cb9ba06c-8019-4b1a-b2e9-0b8ac0549875/datanode-0/data-0/containers/hdds
2022-10-06 01:03:08,872 [Listener at 127.0.0.1/34317] INFO  ozoneimpl.OzoneContainer (OzoneContainer.java:buildContainerSet(300)) - Build ContainerSet costs 0s
2022-10-06 01:03:08,916 [Listener at 127.0.0.1/34317] INFO  audit.AuditLogger (AuditLogger.java:refreshDebugCmdSet(126)) - Refresh DebugCmdSet for DNAudit to [].
2022-10-06 01:03:08,944 [Listener at 127.0.0.1/34317] INFO  server.RaftServer (ConfUtils.java:logGet(46)) - raft.rpc.type = GRPC (default)
2022-10-06 01:03:08,944 [Listener at 127.0.0.1/34317] INFO  grpc.GrpcFactory (GrpcFactory.java:checkPooledByteBufAllocatorUseCacheForAllThreads(48)) - PERFORMANCE WARNING: useCacheForAllThreads is true that may cause Netty to create a lot garbage objects and, as a result, trigger GC.
	It is recommended to disable useCacheForAllThreads by setting -Dorg.apache.ratis.thirdparty.io.netty.allocator.useCacheForAllThreads=false in command line.
2022-10-06 01:03:08,944 [Listener at 127.0.0.1/34317] INFO  grpc.GrpcConfigKeys (ConfUtils.java:logGet(46)) - raft.grpc.admin.port = 0 (custom)
2022-10-06 01:03:08,944 [Listener at 127.0.0.1/34317] INFO  grpc.GrpcConfigKeys (ConfUtils.java:logGet(46)) - raft.grpc.client.port = 0 (custom)
2022-10-06 01:03:08,944 [Listener at 127.0.0.1/34317] INFO  grpc.GrpcConfigKeys (ConfUtils.java:logGet(46)) - raft.grpc.server.port = 0 (default)
2022-10-06 01:03:08,944 [Listener at 127.0.0.1/34317] INFO  server.GrpcService (ConfUtils.java:logGet(46)) - raft.grpc.message.size.max = 32MB (=33554432) (custom)
2022-10-06 01:03:08,945 [Listener at 127.0.0.1/34317] INFO  server.RaftServerConfigKeys (ConfUtils.java:logGet(46)) - raft.server.log.appender.buffer.byte-limit = 33554432 (custom)
2022-10-06 01:03:08,945 [Listener at 127.0.0.1/34317] INFO  server.GrpcService (ConfUtils.java:logGet(46)) - raft.grpc.flow.control.window = 5MB (=5242880) (custom)
2022-10-06 01:03:08,945 [Listener at 127.0.0.1/34317] INFO  server.RaftServerConfigKeys (ConfUtils.java:logGet(46)) - raft.server.rpc.request.timeout = 60s (custom)
2022-10-06 01:03:08,945 [Listener at 127.0.0.1/34317] INFO  grpc.GrpcConfigKeys (ConfUtils.java:logGet(46)) - raft.grpc.server.async.request.thread.pool.cached = true (default)
2022-10-06 01:03:08,945 [Listener at 127.0.0.1/34317] INFO  grpc.GrpcConfigKeys (ConfUtils.java:logGet(46)) - raft.grpc.server.async.request.thread.pool.size = 32 (default)
2022-10-06 01:03:08,946 [Listener at 127.0.0.1/34317] INFO  impl.DataStreamServerImpl (ConfUtils.java:logGet(46)) - raft.datastream.type = DISABLED (default)
2022-10-06 01:03:08,946 [Listener at 127.0.0.1/34317] INFO  server.RaftServerConfigKeys (ConfUtils.java:logGet(46)) - raft.server.threadpool.proxy.cached = true (default)
2022-10-06 01:03:08,947 [Listener at 127.0.0.1/34317] INFO  server.RaftServerConfigKeys (ConfUtils.java:logGet(46)) - raft.server.threadpool.proxy.size = 0 (default)
2022-10-06 01:03:08,947 [Listener at 127.0.0.1/34317] INFO  server.RaftServerConfigKeys (ConfUtils.java:logGet(46)) - raft.server.rpc.slowness.timeout = 300s (custom)
2022-10-06 01:03:08,947 [Listener at 127.0.0.1/34317] INFO  server.RaftServerConfigKeys (ConfUtils.java:logGet(46)) - raft.server.leaderelection.leader.step-down.wait-time = 10s (default)
2022-10-06 01:03:08,947 [Listener at 127.0.0.1/34317] INFO  server.RaftServerConfigKeys (ConfUtils.java:logGet(46)) - raft.server.storage.dir = [/home/runner/work/ozone/ozone/hadoop-ozone/integration-test/target/test-dir/MiniOzoneClusterImpl-cb9ba06c-8019-4b1a-b2e9-0b8ac0549875/datanode-0/data/ratis] (custom)
2022-10-06 01:03:08,965 [Listener at 127.0.0.1/34317] INFO  server.XceiverServerGrpc (XceiverServerGrpc.java:<init>(132)) - GrpcServer channel type EpollServerSocketChannel
2022-10-06 01:03:09,030 [Listener at 127.0.0.1/34317] INFO  http.BaseHttpServer (BaseHttpServer.java:newHttpServer2BuilderForOzone(213)) - Starting Web-server for hddsDatanode at: http://0.0.0.0:0
2022-10-06 01:03:09,031 [Listener at 127.0.0.1/34317] INFO  http.BaseHttpServer (BaseHttpServer.java:<init>(108)) - Hadoop Security Enabled: false Ozone Security Enabled: false Ozone HTTP Security Enabled: false 
2022-10-06 01:03:09,032 [Listener at 127.0.0.1/34317] INFO  server.AuthenticationFilter (AuthenticationFilter.java:constructSecretProvider(240)) - Unable to initialize FileSignerSecretProvider, falling back to use random secrets.
2022-10-06 01:03:09,033 [Listener at 127.0.0.1/34317] WARN  http.HttpRequestLog (HttpRequestLog.java:getRequestLog(103)) - Jetty request log can only be enabled using Log4j
2022-10-06 01:03:09,034 [Listener at 127.0.0.1/34317] INFO  http.HttpServer2 (HttpServer2.java:addGlobalFilter(1031)) - Added global filter 'safety' (class=org.apache.hadoop.hdds.server.http.HttpServer2$QuotingInputFilter)
2022-10-06 01:03:09,035 [Listener at 127.0.0.1/34317] INFO  http.HttpServer2 (HttpServer2.java:addFilter(1007)) - Added filter static_user_filter (class=org.apache.hadoop.http.lib.StaticUserWebFilter$StaticUserFilter) to context hddsDatanode
2022-10-06 01:03:09,035 [Listener at 127.0.0.1/34317] INFO  http.HttpServer2 (HttpServer2.java:addFilter(1015)) - Added filter static_user_filter (class=org.apache.hadoop.http.lib.StaticUserWebFilter$StaticUserFilter) to context static
2022-10-06 01:03:09,036 [Listener at 127.0.0.1/34317] INFO  http.HttpServer2 (HttpServer2.java:addFilter(1015)) - Added filter static_user_filter (class=org.apache.hadoop.http.lib.StaticUserWebFilter$StaticUserFilter) to context logs
2022-10-06 01:03:09,037 [Listener at 127.0.0.1/34317] INFO  http.HttpServer2 (HttpServer2.java:bindListener(1250)) - Jetty bound to port 40307
2022-10-06 01:03:09,037 [Listener at 127.0.0.1/34317] INFO  server.Server (Server.java:doStart(375)) - jetty-9.4.43.v20210629; built: 2021-06-30T11:07:22.254Z; git: 526006ecfa3af7f1a27ef3a288e2bef7ea9dd7e8; jvm 1.8.0_345-b01
2022-10-06 01:03:09,044 [Listener at 127.0.0.1/34317] INFO  server.session (DefaultSessionIdManager.java:doStart(334)) - DefaultSessionIdManager workerName=node0
2022-10-06 01:03:09,044 [Listener at 127.0.0.1/34317] INFO  server.session (DefaultSessionIdManager.java:doStart(339)) - No SessionScavenger set, using defaults
2022-10-06 01:03:09,044 [Listener at 127.0.0.1/34317] INFO  server.session (HouseKeeper.java:startScavenging(132)) - node0 Scavenging every 660000ms
2022-10-06 01:03:09,045 [Listener at 127.0.0.1/34317] INFO  handler.ContextHandler (ContextHandler.java:doStart(915)) - Started o.e.j.s.ServletContextHandler@708f30e6{logs,/logs,file:///home/runner/work/ozone/ozone/hadoop-ozone/integration-test/target/log,AVAILABLE}
2022-10-06 01:03:09,045 [Listener at 127.0.0.1/34317] INFO  handler.ContextHandler (ContextHandler.java:doStart(915)) - Started o.e.j.s.ServletContextHandler@7dd12c34{static,/static,jar:file:/home/runner/.m2/repository/org/apache/ozone/hdds-container-service/1.3.0-SNAPSHOT/hdds-container-service-1.3.0-SNAPSHOT.jar!/webapps/static,AVAILABLE}
2022-10-06 01:03:09,222 [Listener at 127.0.0.1/34317] INFO  handler.ContextHandler (ContextHandler.java:doStart(915)) - Started o.e.j.w.WebAppContext@2de55285{hddsDatanode,/,file:///tmp/jetty-0_0_0_0-40307-hdds-container-service-1_3_0-SNAPSHOT_jar-_-any-7694609573103342124/webapp/,AVAILABLE}{jar:file:/home/runner/.m2/repository/org/apache/ozone/hdds-container-service/1.3.0-SNAPSHOT/hdds-container-service-1.3.0-SNAPSHOT.jar!/webapps/hddsDatanode}
2022-10-06 01:03:09,224 [Listener at 127.0.0.1/34317] INFO  server.AbstractConnector (AbstractConnector.java:doStart(331)) - Started ServerConnector@1bb6b61c{HTTP/1.1, (http/1.1)}{0.0.0.0:40307}
2022-10-06 01:03:09,225 [Listener at 127.0.0.1/34317] INFO  server.Server (Server.java:doStart(415)) - Started @7689ms
2022-10-06 01:03:09,225 [Listener at 127.0.0.1/34317] WARN  impl.MetricsSystemImpl (MetricsSystemImpl.java:register(279)) - Sink prometheus already exists!
2022-10-06 01:03:09,225 [Listener at 127.0.0.1/34317] INFO  http.BaseHttpServer (BaseHttpServer.java:updateConnectorAddress(333)) - HTTP server of hddsDatanode listening at http://0.0.0.0:40307
2022-10-06 01:03:09,227 [Listener at 127.0.0.1/34317] WARN  impl.MetricRegistriesImpl (MetricRegistriesImpl.java:addReporterRegistration(111)) - New reporters are added after registries were created. Some metrics will be missing from the reporter. Please add reporter before adding any new registry.
2022-10-06 01:03:09,227 [Listener at 127.0.0.1/34317] WARN  impl.MetricRegistriesImpl (MetricRegistriesImpl.java:addReporterRegistration(111)) - New reporters are added after registries were created. Some metrics will be missing from the reporter. Please add reporter before adding any new registry.
2022-10-06 01:03:09,228 [Listener at 127.0.0.1/34317] INFO  impl.MetricsSystemImpl (MetricsSystemImpl.java:init(158)) - HddsDatanode metrics system started (again)
2022-10-06 01:03:09,228 [Datanode State Machine Daemon Thread] INFO  statemachine.DatanodeStateMachine (DatanodeStateMachine.java:lambda$startDaemon$0(492)) - Ozone container server started.
2022-10-06 01:03:09,260 [Listener at 127.0.0.1/34317] INFO  ozone.HddsDatanodeService (HddsDatanodeService.java:start(236)) - HddsDatanodeService host:fv-az399-337.4urtqdmtpd2erju50p4tzyn2ng.bx.internal.cloudapp.net ip:10.1.0.249
2022-10-06 01:03:09,262 [org.apache.hadoop.util.JvmPauseMonitor$Monitor@3d0493fb] INFO  util.JvmPauseMonitor (JvmPauseMonitor.java:run(188)) - Starting JVM pause monitor
2022-10-06 01:03:09,298 [Listener at 127.0.0.1/34317] INFO  upgrade.AbstractLayoutVersionManager (AbstractLayoutVersionManager.java:init(83)) - Initializing Layout version manager with metadata layout = DATANODE_SCHEMA_V3 (version = 4), software layout = DATANODE_SCHEMA_V3 (version = 4)
2022-10-06 01:03:09,355 [Datanode State Machine Task Thread - 0] INFO  datanode.InitDatanodeState (InitDatanodeState.java:persistContainerDatanodeDetails(138)) - DatanodeDetails is persisted to /home/runner/work/ozone/ozone/hadoop-ozone/integration-test/target/test-dir/MiniOzoneClusterImpl-cb9ba06c-8019-4b1a-b2e9-0b8ac0549875/datanode-0/meta/datanode.id
2022-10-06 01:03:09,375 [Listener at 127.0.0.1/34317] INFO  reflections.Reflections (Reflections.java:scan(232)) - Reflections took 76 ms to scan 7 urls, producing 135 keys and 327 values 
2022-10-06 01:03:09,376 [Listener at 127.0.0.1/34317] INFO  statemachine.DatanodeStateMachine (DatanodeStateMachine.java:getEndPointTaskThreadPoolSize(237)) - Datanode State Machine Task Thread Pool size 2
2022-10-06 01:03:09,383 [Listener at 127.0.0.1/34317] INFO  volume.HddsVolume (HddsVolume.java:<init>(117)) - Creating HddsVolume: /home/runner/work/ozone/ozone/hadoop-ozone/integration-test/target/test-dir/MiniOzoneClusterImpl-cb9ba06c-8019-4b1a-b2e9-0b8ac0549875/datanode-1/data-0/containers/hdds of storage type : DISK capacity : 9223372036854775807
2022-10-06 01:03:09,383 [Listener at 127.0.0.1/34317] INFO  volume.MutableVolumeSet (MutableVolumeSet.java:initializeVolumeSet(174)) - Added Volume : /home/runner/work/ozone/ozone/hadoop-ozone/integration-test/target/test-dir/MiniOzoneClusterImpl-cb9ba06c-8019-4b1a-b2e9-0b8ac0549875/datanode-1/data-0/containers/hdds to VolumeSet
2022-10-06 01:03:09,383 [Listener at 127.0.0.1/34317] INFO  volume.ThrottledAsyncChecker (ThrottledAsyncChecker.java:schedule(141)) - Scheduling a check for /home/runner/work/ozone/ozone/hadoop-ozone/integration-test/target/test-dir/MiniOzoneClusterImpl-cb9ba06c-8019-4b1a-b2e9-0b8ac0549875/datanode-1/data-0/containers/hdds
2022-10-06 01:03:09,409 [Listener at 127.0.0.1/34317] INFO  volume.StorageVolumeChecker (StorageVolumeChecker.java:checkAllVolumes(202)) - Scheduled health check for volume /home/runner/work/ozone/ozone/hadoop-ozone/integration-test/target/test-dir/MiniOzoneClusterImpl-cb9ba06c-8019-4b1a-b2e9-0b8ac0549875/datanode-1/data-0/containers/hdds
2022-10-06 01:03:09,431 [Listener at 127.0.0.1/34317] INFO  volume.MutableVolumeSet (MutableVolumeSet.java:initializeVolumeSet(174)) - Added Volume : /home/runner/work/ozone/ozone/hadoop-ozone/integration-test/target/test-dir/MiniOzoneClusterImpl-cb9ba06c-8019-4b1a-b2e9-0b8ac0549875/datanode-1/data/ratis to VolumeSet
2022-10-06 01:03:09,431 [Listener at 127.0.0.1/34317] INFO  volume.ThrottledAsyncChecker (ThrottledAsyncChecker.java:schedule(141)) - Scheduling a check for /home/runner/work/ozone/ozone/hadoop-ozone/integration-test/target/test-dir/MiniOzoneClusterImpl-cb9ba06c-8019-4b1a-b2e9-0b8ac0549875/datanode-1/data/ratis
2022-10-06 01:03:09,431 [Listener at 127.0.0.1/34317] INFO  volume.StorageVolumeChecker (StorageVolumeChecker.java:checkAllVolumes(202)) - Scheduled health check for volume /home/runner/work/ozone/ozone/hadoop-ozone/integration-test/target/test-dir/MiniOzoneClusterImpl-cb9ba06c-8019-4b1a-b2e9-0b8ac0549875/datanode-1/data/ratis
2022-10-06 01:03:09,444 [Thread-149] INFO  ozoneimpl.ContainerReader (ContainerReader.java:readVolume(175)) - Finish verifying containers on volume /home/runner/work/ozone/ozone/hadoop-ozone/integration-test/target/test-dir/MiniOzoneClusterImpl-cb9ba06c-8019-4b1a-b2e9-0b8ac0549875/datanode-1/data-0/containers/hdds
2022-10-06 01:03:09,445 [Listener at 127.0.0.1/34317] INFO  ozoneimpl.OzoneContainer (OzoneContainer.java:buildContainerSet(300)) - Build ContainerSet costs 0s
2022-10-06 01:03:09,449 [Listener at 127.0.0.1/34317] INFO  server.RaftServer (ConfUtils.java:logGet(46)) - raft.rpc.type = GRPC (default)
2022-10-06 01:03:09,451 [Listener at 127.0.0.1/34317] INFO  grpc.GrpcFactory (GrpcFactory.java:checkPooledByteBufAllocatorUseCacheForAllThreads(48)) - PERFORMANCE WARNING: useCacheForAllThreads is true that may cause Netty to create a lot garbage objects and, as a result, trigger GC.
	It is recommended to disable useCacheForAllThreads by setting -Dorg.apache.ratis.thirdparty.io.netty.allocator.useCacheForAllThreads=false in command line.
2022-10-06 01:03:09,452 [Listener at 127.0.0.1/34317] INFO  grpc.GrpcConfigKeys (ConfUtils.java:logGet(46)) - raft.grpc.admin.port = 0 (custom)
2022-10-06 01:03:09,452 [Listener at 127.0.0.1/34317] INFO  grpc.GrpcConfigKeys (ConfUtils.java:logGet(46)) - raft.grpc.client.port = 0 (custom)
2022-10-06 01:03:09,452 [Listener at 127.0.0.1/34317] INFO  grpc.GrpcConfigKeys (ConfUtils.java:logGet(46)) - raft.grpc.server.port = 0 (default)
2022-10-06 01:03:09,452 [Listener at 127.0.0.1/34317] INFO  server.GrpcService (ConfUtils.java:logGet(46)) - raft.grpc.message.size.max = 32MB (=33554432) (custom)
2022-10-06 01:03:09,452 [Listener at 127.0.0.1/34317] INFO  server.RaftServerConfigKeys (ConfUtils.java:logGet(46)) - raft.server.log.appender.buffer.byte-limit = 33554432 (custom)
2022-10-06 01:03:09,452 [Listener at 127.0.0.1/34317] INFO  server.GrpcService (ConfUtils.java:logGet(46)) - raft.grpc.flow.control.window = 5MB (=5242880) (custom)
2022-10-06 01:03:09,452 [Listener at 127.0.0.1/34317] INFO  server.RaftServerConfigKeys (ConfUtils.java:logGet(46)) - raft.server.rpc.request.timeout = 60s (custom)
2022-10-06 01:03:09,452 [Listener at 127.0.0.1/34317] INFO  grpc.GrpcConfigKeys (ConfUtils.java:logGet(46)) - raft.grpc.server.async.request.thread.pool.cached = true (default)
2022-10-06 01:03:09,452 [Listener at 127.0.0.1/34317] INFO  grpc.GrpcConfigKeys (ConfUtils.java:logGet(46)) - raft.grpc.server.async.request.thread.pool.size = 32 (default)
2022-10-06 01:03:09,453 [Listener at 127.0.0.1/34317] INFO  impl.DataStreamServerImpl (ConfUtils.java:logGet(46)) - raft.datastream.type = DISABLED (default)
2022-10-06 01:03:09,454 [Listener at 127.0.0.1/34317] INFO  server.RaftServerConfigKeys (ConfUtils.java:logGet(46)) - raft.server.threadpool.proxy.cached = true (default)
2022-10-06 01:03:09,454 [Listener at 127.0.0.1/34317] INFO  server.RaftServerConfigKeys (ConfUtils.java:logGet(46)) - raft.server.threadpool.proxy.size = 0 (default)
2022-10-06 01:03:09,454 [Listener at 127.0.0.1/34317] INFO  server.RaftServerConfigKeys (ConfUtils.java:logGet(46)) - raft.server.rpc.slowness.timeout = 300s (custom)
2022-10-06 01:03:09,455 [Listener at 127.0.0.1/34317] INFO  server.RaftServerConfigKeys (ConfUtils.java:logGet(46)) - raft.server.leaderelection.leader.step-down.wait-time = 10s (default)
2022-10-06 01:03:09,455 [Listener at 127.0.0.1/34317] INFO  server.RaftServerConfigKeys (ConfUtils.java:logGet(46)) - raft.server.storage.dir = [/home/runner/work/ozone/ozone/hadoop-ozone/integration-test/target/test-dir/MiniOzoneClusterImpl-cb9ba06c-8019-4b1a-b2e9-0b8ac0549875/datanode-1/data/ratis] (custom)
2022-10-06 01:03:09,457 [Listener at 127.0.0.1/34317] INFO  server.XceiverServerGrpc (XceiverServerGrpc.java:<init>(132)) - GrpcServer channel type EpollServerSocketChannel
2022-10-06 01:03:09,463 [Listener at 127.0.0.1/34317] INFO  http.BaseHttpServer (BaseHttpServer.java:newHttpServer2BuilderForOzone(213)) - Starting Web-server for hddsDatanode at: http://0.0.0.0:0
2022-10-06 01:03:09,463 [Listener at 127.0.0.1/34317] INFO  http.BaseHttpServer (BaseHttpServer.java:<init>(108)) - Hadoop Security Enabled: false Ozone Security Enabled: false Ozone HTTP Security Enabled: false 
2022-10-06 01:03:09,464 [Listener at 127.0.0.1/34317] INFO  server.AuthenticationFilter (AuthenticationFilter.java:constructSecretProvider(240)) - Unable to initialize FileSignerSecretProvider, falling back to use random secrets.
2022-10-06 01:03:09,465 [Listener at 127.0.0.1/34317] WARN  http.HttpRequestLog (HttpRequestLog.java:getRequestLog(103)) - Jetty request log can only be enabled using Log4j
2022-10-06 01:03:09,467 [Listener at 127.0.0.1/34317] INFO  http.HttpServer2 (HttpServer2.java:addGlobalFilter(1031)) - Added global filter 'safety' (class=org.apache.hadoop.hdds.server.http.HttpServer2$QuotingInputFilter)
2022-10-06 01:03:09,468 [Listener at 127.0.0.1/34317] INFO  http.HttpServer2 (HttpServer2.java:addFilter(1007)) - Added filter static_user_filter (class=org.apache.hadoop.http.lib.StaticUserWebFilter$StaticUserFilter) to context hddsDatanode
2022-10-06 01:03:09,468 [Listener at 127.0.0.1/34317] INFO  http.HttpServer2 (HttpServer2.java:addFilter(1015)) - Added filter static_user_filter (class=org.apache.hadoop.http.lib.StaticUserWebFilter$StaticUserFilter) to context logs
2022-10-06 01:03:09,468 [Listener at 127.0.0.1/34317] INFO  http.HttpServer2 (HttpServer2.java:addFilter(1015)) - Added filter static_user_filter (class=org.apache.hadoop.http.lib.StaticUserWebFilter$StaticUserFilter) to context static
2022-10-06 01:03:09,469 [Listener at 127.0.0.1/34317] INFO  http.HttpServer2 (HttpServer2.java:bindListener(1250)) - Jetty bound to port 39569
2022-10-06 01:03:09,469 [Listener at 127.0.0.1/34317] INFO  server.Server (Server.java:doStart(375)) - jetty-9.4.43.v20210629; built: 2021-06-30T11:07:22.254Z; git: 526006ecfa3af7f1a27ef3a288e2bef7ea9dd7e8; jvm 1.8.0_345-b01
2022-10-06 01:03:09,471 [Listener at 127.0.0.1/34317] INFO  server.session (DefaultSessionIdManager.java:doStart(334)) - DefaultSessionIdManager workerName=node0
2022-10-06 01:03:09,471 [Listener at 127.0.0.1/34317] INFO  server.session (DefaultSessionIdManager.java:doStart(339)) - No SessionScavenger set, using defaults
2022-10-06 01:03:09,471 [Listener at 127.0.0.1/34317] INFO  server.session (HouseKeeper.java:startScavenging(132)) - node0 Scavenging every 600000ms
2022-10-06 01:03:09,472 [Listener at 127.0.0.1/34317] INFO  handler.ContextHandler (ContextHandler.java:doStart(915)) - Started o.e.j.s.ServletContextHandler@4c5937ea{logs,/logs,file:///home/runner/work/ozone/ozone/hadoop-ozone/integration-test/target/log,AVAILABLE}
2022-10-06 01:03:09,472 [Listener at 127.0.0.1/34317] INFO  handler.ContextHandler (ContextHandler.java:doStart(915)) - Started o.e.j.s.ServletContextHandler@62dd6bb5{static,/static,jar:file:/home/runner/.m2/repository/org/apache/ozone/hdds-container-service/1.3.0-SNAPSHOT/hdds-container-service-1.3.0-SNAPSHOT.jar!/webapps/static,AVAILABLE}
2022-10-06 01:03:09,494 [om1@group-C5BA1605619E-FollowerState] INFO  impl.FollowerState (FollowerState.java:run(143)) - om1@group-C5BA1605619E-FollowerState: change to CANDIDATE, lastRpcElapsedTime:1119817080ns, electionTimeout:1106ms
2022-10-06 01:03:09,495 [om1@group-C5BA1605619E-FollowerState] INFO  impl.RoleInfo (RoleInfo.java:shutdownFollowerState(110)) - om1: shutdown om1@group-C5BA1605619E-FollowerState
2022-10-06 01:03:09,496 [om1@group-C5BA1605619E-FollowerState] INFO  server.RaftServer$Division (RaftServerImpl.java:setRole(299)) - om1@group-C5BA1605619E: changes role from  FOLLOWER to CANDIDATE at term 0 for changeToCandidate
2022-10-06 01:03:09,498 [om1@group-C5BA1605619E-FollowerState] INFO  server.RaftServerConfigKeys (ConfUtils.java:logGet(46)) - raft.server.leaderelection.pre-vote = false (custom)
2022-10-06 01:03:09,498 [om1@group-C5BA1605619E-FollowerState] INFO  impl.RoleInfo (RoleInfo.java:updateAndGet(139)) - om1: start om1@group-C5BA1605619E-LeaderElection1
2022-10-06 01:03:09,507 [om1@group-C5BA1605619E-LeaderElection1] INFO  impl.LeaderElection (LeaderElection.java:askForVotes(310)) - om1@group-C5BA1605619E-LeaderElection1 ELECTION round 0: submit vote requests at term 1 for -1: [om1|rpc:localhost:9872|priority:0], old=null
2022-10-06 01:03:09,508 [om1@group-C5BA1605619E-LeaderElection1] INFO  impl.LeaderElection (LeaderElection.java:askForVotes(312)) - om1@group-C5BA1605619E-LeaderElection1 ELECTION round 0: result PASSED (term=1)
2022-10-06 01:03:09,508 [om1@group-C5BA1605619E-LeaderElection1] INFO  impl.RoleInfo (RoleInfo.java:shutdownLeaderElection(130)) - om1: shutdown om1@group-C5BA1605619E-LeaderElection1
2022-10-06 01:03:09,509 [om1@group-C5BA1605619E-LeaderElection1] INFO  server.RaftServer$Division (RaftServerImpl.java:setRole(299)) - om1@group-C5BA1605619E: changes role from CANDIDATE to LEADER at term 1 for changeToLeader
2022-10-06 01:03:09,509 [om1@group-C5BA1605619E-LeaderElection1] INFO  server.RaftServer$Division (ServerState.java:setLeader(287)) - om1@group-C5BA1605619E: change Leader from null to om1 at term 1 for becomeLeader, leader elected after 2068ms
2022-10-06 01:03:09,515 [om1@group-C5BA1605619E-LeaderElection1] INFO  server.RaftServerConfigKeys (ConfUtils.java:logGet(46)) - raft.server.staging.catchup.gap = 1000 (default)
2022-10-06 01:03:09,519 [om1@group-C5BA1605619E-LeaderElection1] INFO  server.RaftServerConfigKeys (ConfUtils.java:logGet(46)) - raft.server.write.element-limit = 4096 (default)
2022-10-06 01:03:09,519 [om1@group-C5BA1605619E-LeaderElection1] INFO  server.RaftServerConfigKeys (ConfUtils.java:logGet(46)) - raft.server.write.byte-limit = 64MB (=67108864) (default)
2022-10-06 01:03:09,530 [om1@group-C5BA1605619E-LeaderElection1] INFO  server.RaftServerConfigKeys (ConfUtils.java:logGet(46)) - raft.server.watch.timeout = 10s (default)
2022-10-06 01:03:09,530 [om1@group-C5BA1605619E-LeaderElection1] INFO  server.RaftServerConfigKeys (ConfUtils.java:logGet(46)) - raft.server.watch.timeout.denomination = 1s (default)
2022-10-06 01:03:09,531 [om1@group-C5BA1605619E-LeaderElection1] INFO  server.RaftServerConfigKeys (ConfUtils.java:logGet(46)) - raft.server.watch.element-limit = 65536 (default)
2022-10-06 01:03:09,538 [om1@group-C5BA1605619E-LeaderElection1] INFO  server.RaftServerConfigKeys (ConfUtils.java:logGet(46)) - raft.server.write.element-limit = 4096 (default)
2022-10-06 01:03:09,541 [om1@group-C5BA1605619E-LeaderElection1] INFO  server.RaftServerConfigKeys (ConfUtils.java:logGet(46)) - raft.server.write.follower.gap.ratio.max = -1.0 (default)
2022-10-06 01:03:09,544 [om1@group-C5BA1605619E-LeaderElection1] INFO  impl.RoleInfo (RoleInfo.java:updateAndGet(139)) - om1: start om1@group-C5BA1605619E-LeaderStateImpl
2022-10-06 01:03:09,570 [om1@group-C5BA1605619E-LeaderElection1] INFO  segmented.SegmentedRaftLogWorker (SegmentedRaftLogWorker.java:startLogSegment(425)) - om1@group-C5BA1605619E-SegmentedRaftLogWorker: Starting segment from index:0
2022-10-06 01:03:09,641 [om1@group-C5BA1605619E-LeaderElection1] INFO  server.RaftServer$Division (ServerState.java:setRaftConf(393)) - om1@group-C5BA1605619E: set configuration 0: [om1|rpc:localhost:9872|admin:|client:|dataStream:|priority:0], old=null
2022-10-06 01:03:09,673 [Listener at 127.0.0.1/34317] INFO  handler.ContextHandler (ContextHandler.java:doStart(915)) - Started o.e.j.w.WebAppContext@44374d22{hddsDatanode,/,file:///tmp/jetty-0_0_0_0-39569-hdds-container-service-1_3_0-SNAPSHOT_jar-_-any-2070094434848244355/webapp/,AVAILABLE}{jar:file:/home/runner/.m2/repository/org/apache/ozone/hdds-container-service/1.3.0-SNAPSHOT/hdds-container-service-1.3.0-SNAPSHOT.jar!/webapps/hddsDatanode}
2022-10-06 01:03:09,678 [Listener at 127.0.0.1/34317] INFO  server.AbstractConnector (AbstractConnector.java:doStart(331)) - Started ServerConnector@3005644e{HTTP/1.1, (http/1.1)}{0.0.0.0:39569}
2022-10-06 01:03:09,678 [Listener at 127.0.0.1/34317] INFO  server.Server (Server.java:doStart(415)) - Started @8143ms
2022-10-06 01:03:09,678 [Listener at 127.0.0.1/34317] WARN  impl.MetricsSystemImpl (MetricsSystemImpl.java:register(279)) - Sink prometheus already exists!
2022-10-06 01:03:09,682 [Listener at 127.0.0.1/34317] INFO  http.BaseHttpServer (BaseHttpServer.java:updateConnectorAddress(333)) - HTTP server of hddsDatanode listening at http://0.0.0.0:39569
2022-10-06 01:03:09,684 [Datanode State Machine Daemon Thread] INFO  statemachine.DatanodeStateMachine (DatanodeStateMachine.java:lambda$startDaemon$0(492)) - Ozone container server started.
2022-10-06 01:03:09,684 [Listener at 127.0.0.1/34317] WARN  impl.MetricRegistriesImpl (MetricRegistriesImpl.java:addReporterRegistration(111)) - New reporters are added after registries were created. Some metrics will be missing from the reporter. Please add reporter before adding any new registry.
2022-10-06 01:03:09,684 [Listener at 127.0.0.1/34317] WARN  impl.MetricRegistriesImpl (MetricRegistriesImpl.java:addReporterRegistration(111)) - New reporters are added after registries were created. Some metrics will be missing from the reporter. Please add reporter before adding any new registry.
2022-10-06 01:03:09,684 [Listener at 127.0.0.1/34317] INFO  impl.MetricsSystemImpl (MetricsSystemImpl.java:init(158)) - HddsDatanode metrics system started (again)
2022-10-06 01:03:09,690 [om1@group-C5BA1605619E-SegmentedRaftLogWorker] INFO  segmented.SegmentedRaftLogWorker (SegmentedRaftLogWorker.java:execute(629)) - om1@group-C5BA1605619E-SegmentedRaftLogWorker: created new log segment /home/runner/work/ozone/ozone/hadoop-ozone/integration-test/target/test-dir/MiniOzoneClusterImpl-cb9ba06c-8019-4b1a-b2e9-0b8ac0549875/ozone-meta/ratis/bf265839-605b-3f16-9796-c5ba1605619e/current/log_inprogress_0
2022-10-06 01:03:09,698 [Listener at 127.0.0.1/34317] INFO  ozone.HddsDatanodeService (HddsDatanodeService.java:start(236)) - HddsDatanodeService host:fv-az399-337.4urtqdmtpd2erju50p4tzyn2ng.bx.internal.cloudapp.net ip:10.1.0.249
2022-10-06 01:03:09,716 [org.apache.hadoop.util.JvmPauseMonitor$Monitor@2d1cf2c4] INFO  util.JvmPauseMonitor (JvmPauseMonitor.java:run(188)) - Starting JVM pause monitor
2022-10-06 01:03:09,734 [Listener at 127.0.0.1/34317] INFO  upgrade.AbstractLayoutVersionManager (AbstractLayoutVersionManager.java:init(83)) - Initializing Layout version manager with metadata layout = DATANODE_SCHEMA_V3 (version = 4), software layout = DATANODE_SCHEMA_V3 (version = 4)
2022-10-06 01:03:09,749 [Datanode State Machine Task Thread - 0] INFO  datanode.InitDatanodeState (InitDatanodeState.java:persistContainerDatanodeDetails(138)) - DatanodeDetails is persisted to /home/runner/work/ozone/ozone/hadoop-ozone/integration-test/target/test-dir/MiniOzoneClusterImpl-cb9ba06c-8019-4b1a-b2e9-0b8ac0549875/datanode-1/meta/datanode.id
2022-10-06 01:03:09,794 [Listener at 127.0.0.1/34317] INFO  reflections.Reflections (Reflections.java:scan(232)) - Reflections took 59 ms to scan 7 urls, producing 135 keys and 327 values 
2022-10-06 01:03:09,798 [Listener at 127.0.0.1/34317] INFO  statemachine.DatanodeStateMachine (DatanodeStateMachine.java:getEndPointTaskThreadPoolSize(237)) - Datanode State Machine Task Thread Pool size 2
2022-10-06 01:03:09,801 [Listener at 127.0.0.1/34317] INFO  volume.HddsVolume (HddsVolume.java:<init>(117)) - Creating HddsVolume: /home/runner/work/ozone/ozone/hadoop-ozone/integration-test/target/test-dir/MiniOzoneClusterImpl-cb9ba06c-8019-4b1a-b2e9-0b8ac0549875/datanode-2/data-0/containers/hdds of storage type : DISK capacity : 9223372036854775807
2022-10-06 01:03:09,801 [Listener at 127.0.0.1/34317] INFO  volume.MutableVolumeSet (MutableVolumeSet.java:initializeVolumeSet(174)) - Added Volume : /home/runner/work/ozone/ozone/hadoop-ozone/integration-test/target/test-dir/MiniOzoneClusterImpl-cb9ba06c-8019-4b1a-b2e9-0b8ac0549875/datanode-2/data-0/containers/hdds to VolumeSet
2022-10-06 01:03:09,803 [Listener at 127.0.0.1/34317] INFO  volume.ThrottledAsyncChecker (ThrottledAsyncChecker.java:schedule(141)) - Scheduling a check for /home/runner/work/ozone/ozone/hadoop-ozone/integration-test/target/test-dir/MiniOzoneClusterImpl-cb9ba06c-8019-4b1a-b2e9-0b8ac0549875/datanode-2/data-0/containers/hdds
2022-10-06 01:03:09,804 [Listener at 127.0.0.1/34317] INFO  volume.StorageVolumeChecker (StorageVolumeChecker.java:checkAllVolumes(202)) - Scheduled health check for volume /home/runner/work/ozone/ozone/hadoop-ozone/integration-test/target/test-dir/MiniOzoneClusterImpl-cb9ba06c-8019-4b1a-b2e9-0b8ac0549875/datanode-2/data-0/containers/hdds
2022-10-06 01:03:09,815 [Listener at 127.0.0.1/34317] INFO  volume.MutableVolumeSet (MutableVolumeSet.java:initializeVolumeSet(174)) - Added Volume : /home/runner/work/ozone/ozone/hadoop-ozone/integration-test/target/test-dir/MiniOzoneClusterImpl-cb9ba06c-8019-4b1a-b2e9-0b8ac0549875/datanode-2/data/ratis to VolumeSet
2022-10-06 01:03:09,816 [Listener at 127.0.0.1/34317] INFO  volume.ThrottledAsyncChecker (ThrottledAsyncChecker.java:schedule(141)) - Scheduling a check for /home/runner/work/ozone/ozone/hadoop-ozone/integration-test/target/test-dir/MiniOzoneClusterImpl-cb9ba06c-8019-4b1a-b2e9-0b8ac0549875/datanode-2/data/ratis
2022-10-06 01:03:09,816 [Listener at 127.0.0.1/34317] INFO  volume.StorageVolumeChecker (StorageVolumeChecker.java:checkAllVolumes(202)) - Scheduled health check for volume /home/runner/work/ozone/ozone/hadoop-ozone/integration-test/target/test-dir/MiniOzoneClusterImpl-cb9ba06c-8019-4b1a-b2e9-0b8ac0549875/datanode-2/data/ratis
2022-10-06 01:03:09,826 [Thread-164] INFO  ozoneimpl.ContainerReader (ContainerReader.java:readVolume(175)) - Finish verifying containers on volume /home/runner/work/ozone/ozone/hadoop-ozone/integration-test/target/test-dir/MiniOzoneClusterImpl-cb9ba06c-8019-4b1a-b2e9-0b8ac0549875/datanode-2/data-0/containers/hdds
2022-10-06 01:03:09,826 [Listener at 127.0.0.1/34317] INFO  ozoneimpl.OzoneContainer (OzoneContainer.java:buildContainerSet(300)) - Build ContainerSet costs 0s
2022-10-06 01:03:09,828 [Listener at 127.0.0.1/34317] INFO  server.RaftServer (ConfUtils.java:logGet(46)) - raft.rpc.type = GRPC (default)
2022-10-06 01:03:09,829 [Listener at 127.0.0.1/34317] INFO  grpc.GrpcFactory (GrpcFactory.java:checkPooledByteBufAllocatorUseCacheForAllThreads(48)) - PERFORMANCE WARNING: useCacheForAllThreads is true that may cause Netty to create a lot garbage objects and, as a result, trigger GC.
	It is recommended to disable useCacheForAllThreads by setting -Dorg.apache.ratis.thirdparty.io.netty.allocator.useCacheForAllThreads=false in command line.
2022-10-06 01:03:09,829 [Listener at 127.0.0.1/34317] INFO  grpc.GrpcConfigKeys (ConfUtils.java:logGet(46)) - raft.grpc.admin.port = 0 (custom)
2022-10-06 01:03:09,829 [Listener at 127.0.0.1/34317] INFO  grpc.GrpcConfigKeys (ConfUtils.java:logGet(46)) - raft.grpc.client.port = 0 (custom)
2022-10-06 01:03:09,829 [Listener at 127.0.0.1/34317] INFO  grpc.GrpcConfigKeys (ConfUtils.java:logGet(46)) - raft.grpc.server.port = 0 (default)
2022-10-06 01:03:09,829 [Listener at 127.0.0.1/34317] INFO  server.GrpcService (ConfUtils.java:logGet(46)) - raft.grpc.message.size.max = 32MB (=33554432) (custom)
2022-10-06 01:03:09,829 [Listener at 127.0.0.1/34317] INFO  server.RaftServerConfigKeys (ConfUtils.java:logGet(46)) - raft.server.log.appender.buffer.byte-limit = 33554432 (custom)
2022-10-06 01:03:09,829 [Listener at 127.0.0.1/34317] INFO  server.GrpcService (ConfUtils.java:logGet(46)) - raft.grpc.flow.control.window = 5MB (=5242880) (custom)
2022-10-06 01:03:09,829 [Listener at 127.0.0.1/34317] INFO  server.RaftServerConfigKeys (ConfUtils.java:logGet(46)) - raft.server.rpc.request.timeout = 60s (custom)
2022-10-06 01:03:09,830 [Listener at 127.0.0.1/34317] INFO  grpc.GrpcConfigKeys (ConfUtils.java:logGet(46)) - raft.grpc.server.async.request.thread.pool.cached = true (default)
2022-10-06 01:03:09,830 [Listener at 127.0.0.1/34317] INFO  grpc.GrpcConfigKeys (ConfUtils.java:logGet(46)) - raft.grpc.server.async.request.thread.pool.size = 32 (default)
2022-10-06 01:03:09,831 [Listener at 127.0.0.1/34317] INFO  impl.DataStreamServerImpl (ConfUtils.java:logGet(46)) - raft.datastream.type = DISABLED (default)
2022-10-06 01:03:09,831 [Listener at 127.0.0.1/34317] INFO  server.RaftServerConfigKeys (ConfUtils.java:logGet(46)) - raft.server.threadpool.proxy.cached = true (default)
2022-10-06 01:03:09,831 [Listener at 127.0.0.1/34317] INFO  server.RaftServerConfigKeys (ConfUtils.java:logGet(46)) - raft.server.threadpool.proxy.size = 0 (default)
2022-10-06 01:03:09,831 [Listener at 127.0.0.1/34317] INFO  server.RaftServerConfigKeys (ConfUtils.java:logGet(46)) - raft.server.rpc.slowness.timeout = 300s (custom)
2022-10-06 01:03:09,831 [Listener at 127.0.0.1/34317] INFO  server.RaftServerConfigKeys (ConfUtils.java:logGet(46)) - raft.server.leaderelection.leader.step-down.wait-time = 10s (default)
2022-10-06 01:03:09,831 [Listener at 127.0.0.1/34317] INFO  server.RaftServerConfigKeys (ConfUtils.java:logGet(46)) - raft.server.storage.dir = [/home/runner/work/ozone/ozone/hadoop-ozone/integration-test/target/test-dir/MiniOzoneClusterImpl-cb9ba06c-8019-4b1a-b2e9-0b8ac0549875/datanode-2/data/ratis] (custom)
2022-10-06 01:03:09,833 [Listener at 127.0.0.1/34317] INFO  server.XceiverServerGrpc (XceiverServerGrpc.java:<init>(132)) - GrpcServer channel type EpollServerSocketChannel
2022-10-06 01:03:09,836 [Listener at 127.0.0.1/34317] INFO  http.BaseHttpServer (BaseHttpServer.java:newHttpServer2BuilderForOzone(213)) - Starting Web-server for hddsDatanode at: http://0.0.0.0:0
2022-10-06 01:03:09,836 [Listener at 127.0.0.1/34317] INFO  http.BaseHttpServer (BaseHttpServer.java:<init>(108)) - Hadoop Security Enabled: false Ozone Security Enabled: false Ozone HTTP Security Enabled: false 
2022-10-06 01:03:09,837 [Listener at 127.0.0.1/34317] INFO  server.AuthenticationFilter (AuthenticationFilter.java:constructSecretProvider(240)) - Unable to initialize FileSignerSecretProvider, falling back to use random secrets.
2022-10-06 01:03:09,840 [Listener at 127.0.0.1/34317] WARN  http.HttpRequestLog (HttpRequestLog.java:getRequestLog(103)) - Jetty request log can only be enabled using Log4j
2022-10-06 01:03:09,841 [Listener at 127.0.0.1/34317] INFO  http.HttpServer2 (HttpServer2.java:addGlobalFilter(1031)) - Added global filter 'safety' (class=org.apache.hadoop.hdds.server.http.HttpServer2$QuotingInputFilter)
2022-10-06 01:03:09,842 [Listener at 127.0.0.1/34317] INFO  http.HttpServer2 (HttpServer2.java:addFilter(1007)) - Added filter static_user_filter (class=org.apache.hadoop.http.lib.StaticUserWebFilter$StaticUserFilter) to context hddsDatanode
2022-10-06 01:03:09,842 [Listener at 127.0.0.1/34317] INFO  http.HttpServer2 (HttpServer2.java:addFilter(1015)) - Added filter static_user_filter (class=org.apache.hadoop.http.lib.StaticUserWebFilter$StaticUserFilter) to context static
2022-10-06 01:03:09,842 [Listener at 127.0.0.1/34317] INFO  http.HttpServer2 (HttpServer2.java:addFilter(1015)) - Added filter static_user_filter (class=org.apache.hadoop.http.lib.StaticUserWebFilter$StaticUserFilter) to context logs
2022-10-06 01:03:09,843 [Listener at 127.0.0.1/34317] INFO  http.HttpServer2 (HttpServer2.java:bindListener(1250)) - Jetty bound to port 37891
2022-10-06 01:03:09,843 [Listener at 127.0.0.1/34317] INFO  server.Server (Server.java:doStart(375)) - jetty-9.4.43.v20210629; built: 2021-06-30T11:07:22.254Z; git: 526006ecfa3af7f1a27ef3a288e2bef7ea9dd7e8; jvm 1.8.0_345-b01
2022-10-06 01:03:09,853 [om1@group-C5BA1605619E-StateMachineUpdater] INFO  ratis.OzoneManagerStateMachine (OzoneManagerStateMachine.java:notifyConfigurationChanged(192)) - Received Configuration change notification from Ratis. New Peer list:
[id: "om1"
address: "localhost:9872"
]
2022-10-06 01:03:09,862 [Listener at 127.0.0.1/34317] INFO  server.session (DefaultSessionIdManager.java:doStart(334)) - DefaultSessionIdManager workerName=node0
2022-10-06 01:03:09,862 [Listener at 127.0.0.1/34317] INFO  server.session (DefaultSessionIdManager.java:doStart(339)) - No SessionScavenger set, using defaults
2022-10-06 01:03:09,863 [Listener at 127.0.0.1/34317] INFO  server.session (HouseKeeper.java:startScavenging(132)) - node0 Scavenging every 600000ms
2022-10-06 01:03:09,864 [Listener at 127.0.0.1/34317] INFO  handler.ContextHandler (ContextHandler.java:doStart(915)) - Started o.e.j.s.ServletContextHandler@6c77a801{logs,/logs,file:///home/runner/work/ozone/ozone/hadoop-ozone/integration-test/target/log,AVAILABLE}
2022-10-06 01:03:09,864 [Listener at 127.0.0.1/34317] INFO  handler.ContextHandler (ContextHandler.java:doStart(915)) - Started o.e.j.s.ServletContextHandler@112051d1{static,/static,jar:file:/home/runner/.m2/repository/org/apache/ozone/hdds-container-service/1.3.0-SNAPSHOT/hdds-container-service-1.3.0-SNAPSHOT.jar!/webapps/static,AVAILABLE}
2022-10-06 01:03:10,031 [Listener at 127.0.0.1/34317] INFO  handler.ContextHandler (ContextHandler.java:doStart(915)) - Started o.e.j.w.WebAppContext@376f04dd{hddsDatanode,/,file:///tmp/jetty-0_0_0_0-37891-hdds-container-service-1_3_0-SNAPSHOT_jar-_-any-4266042512125758475/webapp/,AVAILABLE}{jar:file:/home/runner/.m2/repository/org/apache/ozone/hdds-container-service/1.3.0-SNAPSHOT/hdds-container-service-1.3.0-SNAPSHOT.jar!/webapps/hddsDatanode}
2022-10-06 01:03:10,032 [Listener at 127.0.0.1/34317] INFO  server.AbstractConnector (AbstractConnector.java:doStart(331)) - Started ServerConnector@406ada98{HTTP/1.1, (http/1.1)}{0.0.0.0:37891}
2022-10-06 01:03:10,032 [Listener at 127.0.0.1/34317] INFO  server.Server (Server.java:doStart(415)) - Started @8497ms
2022-10-06 01:03:10,032 [Listener at 127.0.0.1/34317] WARN  impl.MetricsSystemImpl (MetricsSystemImpl.java:register(279)) - Sink prometheus already exists!
2022-10-06 01:03:10,033 [Listener at 127.0.0.1/34317] INFO  http.BaseHttpServer (BaseHttpServer.java:updateConnectorAddress(333)) - HTTP server of hddsDatanode listening at http://0.0.0.0:37891
2022-10-06 01:03:10,033 [Datanode State Machine Daemon Thread] INFO  statemachine.DatanodeStateMachine (DatanodeStateMachine.java:lambda$startDaemon$0(492)) - Ozone container server started.
2022-10-06 01:03:10,034 [Listener at 127.0.0.1/34317] WARN  impl.MetricRegistriesImpl (MetricRegistriesImpl.java:addReporterRegistration(111)) - New reporters are added after registries were created. Some metrics will be missing from the reporter. Please add reporter before adding any new registry.
2022-10-06 01:03:10,037 [Listener at 127.0.0.1/34317] WARN  impl.MetricRegistriesImpl (MetricRegistriesImpl.java:addReporterRegistration(111)) - New reporters are added after registries were created. Some metrics will be missing from the reporter. Please add reporter before adding any new registry.
2022-10-06 01:03:10,037 [Listener at 127.0.0.1/34317] INFO  impl.MetricsSystemImpl (MetricsSystemImpl.java:init(158)) - HddsDatanode metrics system started (again)
2022-10-06 01:03:10,048 [org.apache.hadoop.util.JvmPauseMonitor$Monitor@112939e8] INFO  util.JvmPauseMonitor (JvmPauseMonitor.java:run(188)) - Starting JVM pause monitor
2022-10-06 01:03:10,054 [Datanode State Machine Task Thread - 0] INFO  datanode.InitDatanodeState (InitDatanodeState.java:persistContainerDatanodeDetails(138)) - DatanodeDetails is persisted to /home/runner/work/ozone/ozone/hadoop-ozone/integration-test/target/test-dir/MiniOzoneClusterImpl-cb9ba06c-8019-4b1a-b2e9-0b8ac0549875/datanode-2/meta/datanode.id
2022-10-06 01:03:10,070 [Listener at 127.0.0.1/34317] INFO  ozone.HddsDatanodeService (HddsDatanodeService.java:start(236)) - HddsDatanodeService host:fv-az399-337.4urtqdmtpd2erju50p4tzyn2ng.bx.internal.cloudapp.net ip:10.1.0.249
2022-10-06 01:03:10,090 [Listener at 127.0.0.1/34317] INFO  upgrade.AbstractLayoutVersionManager (AbstractLayoutVersionManager.java:init(83)) - Initializing Layout version manager with metadata layout = DATANODE_SCHEMA_V3 (version = 4), software layout = DATANODE_SCHEMA_V3 (version = 4)
2022-10-06 01:03:10,137 [Listener at 127.0.0.1/34317] INFO  reflections.Reflections (Reflections.java:scan(232)) - Reflections took 45 ms to scan 7 urls, producing 135 keys and 327 values 
2022-10-06 01:03:10,139 [Listener at 127.0.0.1/34317] INFO  statemachine.DatanodeStateMachine (DatanodeStateMachine.java:getEndPointTaskThreadPoolSize(237)) - Datanode State Machine Task Thread Pool size 2
2022-10-06 01:03:10,143 [Listener at 127.0.0.1/34317] INFO  volume.HddsVolume (HddsVolume.java:<init>(117)) - Creating HddsVolume: /home/runner/work/ozone/ozone/hadoop-ozone/integration-test/target/test-dir/MiniOzoneClusterImpl-cb9ba06c-8019-4b1a-b2e9-0b8ac0549875/datanode-3/data-0/containers/hdds of storage type : DISK capacity : 9223372036854775807
2022-10-06 01:03:10,143 [Listener at 127.0.0.1/34317] INFO  volume.MutableVolumeSet (MutableVolumeSet.java:initializeVolumeSet(174)) - Added Volume : /home/runner/work/ozone/ozone/hadoop-ozone/integration-test/target/test-dir/MiniOzoneClusterImpl-cb9ba06c-8019-4b1a-b2e9-0b8ac0549875/datanode-3/data-0/containers/hdds to VolumeSet
2022-10-06 01:03:10,143 [Listener at 127.0.0.1/34317] INFO  volume.ThrottledAsyncChecker (ThrottledAsyncChecker.java:schedule(141)) - Scheduling a check for /home/runner/work/ozone/ozone/hadoop-ozone/integration-test/target/test-dir/MiniOzoneClusterImpl-cb9ba06c-8019-4b1a-b2e9-0b8ac0549875/datanode-3/data-0/containers/hdds
2022-10-06 01:03:10,154 [Listener at 127.0.0.1/34317] INFO  volume.StorageVolumeChecker (StorageVolumeChecker.java:checkAllVolumes(202)) - Scheduled health check for volume /home/runner/work/ozone/ozone/hadoop-ozone/integration-test/target/test-dir/MiniOzoneClusterImpl-cb9ba06c-8019-4b1a-b2e9-0b8ac0549875/datanode-3/data-0/containers/hdds
2022-10-06 01:03:10,165 [Listener at 127.0.0.1/34317] INFO  volume.MutableVolumeSet (MutableVolumeSet.java:initializeVolumeSet(174)) - Added Volume : /home/runner/work/ozone/ozone/hadoop-ozone/integration-test/target/test-dir/MiniOzoneClusterImpl-cb9ba06c-8019-4b1a-b2e9-0b8ac0549875/datanode-3/data/ratis to VolumeSet
2022-10-06 01:03:10,165 [Listener at 127.0.0.1/34317] INFO  volume.ThrottledAsyncChecker (ThrottledAsyncChecker.java:schedule(141)) - Scheduling a check for /home/runner/work/ozone/ozone/hadoop-ozone/integration-test/target/test-dir/MiniOzoneClusterImpl-cb9ba06c-8019-4b1a-b2e9-0b8ac0549875/datanode-3/data/ratis
2022-10-06 01:03:10,165 [Listener at 127.0.0.1/34317] INFO  volume.StorageVolumeChecker (StorageVolumeChecker.java:checkAllVolumes(202)) - Scheduled health check for volume /home/runner/work/ozone/ozone/hadoop-ozone/integration-test/target/test-dir/MiniOzoneClusterImpl-cb9ba06c-8019-4b1a-b2e9-0b8ac0549875/datanode-3/data/ratis
2022-10-06 01:03:10,175 [Thread-177] INFO  ozoneimpl.ContainerReader (ContainerReader.java:readVolume(175)) - Finish verifying containers on volume /home/runner/work/ozone/ozone/hadoop-ozone/integration-test/target/test-dir/MiniOzoneClusterImpl-cb9ba06c-8019-4b1a-b2e9-0b8ac0549875/datanode-3/data-0/containers/hdds
2022-10-06 01:03:10,176 [Listener at 127.0.0.1/34317] INFO  ozoneimpl.OzoneContainer (OzoneContainer.java:buildContainerSet(300)) - Build ContainerSet costs 0s
2022-10-06 01:03:10,178 [Listener at 127.0.0.1/34317] INFO  server.RaftServer (ConfUtils.java:logGet(46)) - raft.rpc.type = GRPC (default)
2022-10-06 01:03:10,178 [Listener at 127.0.0.1/34317] INFO  grpc.GrpcFactory (GrpcFactory.java:checkPooledByteBufAllocatorUseCacheForAllThreads(48)) - PERFORMANCE WARNING: useCacheForAllThreads is true that may cause Netty to create a lot garbage objects and, as a result, trigger GC.
	It is recommended to disable useCacheForAllThreads by setting -Dorg.apache.ratis.thirdparty.io.netty.allocator.useCacheForAllThreads=false in command line.
2022-10-06 01:03:10,178 [Listener at 127.0.0.1/34317] INFO  grpc.GrpcConfigKeys (ConfUtils.java:logGet(46)) - raft.grpc.admin.port = 0 (custom)
2022-10-06 01:03:10,179 [Listener at 127.0.0.1/34317] INFO  grpc.GrpcConfigKeys (ConfUtils.java:logGet(46)) - raft.grpc.client.port = 0 (custom)
2022-10-06 01:03:10,179 [Listener at 127.0.0.1/34317] INFO  grpc.GrpcConfigKeys (ConfUtils.java:logGet(46)) - raft.grpc.server.port = 0 (default)
2022-10-06 01:03:10,179 [Listener at 127.0.0.1/34317] INFO  server.GrpcService (ConfUtils.java:logGet(46)) - raft.grpc.message.size.max = 32MB (=33554432) (custom)
2022-10-06 01:03:10,179 [Listener at 127.0.0.1/34317] INFO  server.RaftServerConfigKeys (ConfUtils.java:logGet(46)) - raft.server.log.appender.buffer.byte-limit = 33554432 (custom)
2022-10-06 01:03:10,179 [Listener at 127.0.0.1/34317] INFO  server.GrpcService (ConfUtils.java:logGet(46)) - raft.grpc.flow.control.window = 5MB (=5242880) (custom)
2022-10-06 01:03:10,179 [Listener at 127.0.0.1/34317] INFO  server.RaftServerConfigKeys (ConfUtils.java:logGet(46)) - raft.server.rpc.request.timeout = 60s (custom)
2022-10-06 01:03:10,179 [Listener at 127.0.0.1/34317] INFO  grpc.GrpcConfigKeys (ConfUtils.java:logGet(46)) - raft.grpc.server.async.request.thread.pool.cached = true (default)
2022-10-06 01:03:10,179 [Listener at 127.0.0.1/34317] INFO  grpc.GrpcConfigKeys (ConfUtils.java:logGet(46)) - raft.grpc.server.async.request.thread.pool.size = 32 (default)
2022-10-06 01:03:10,180 [Listener at 127.0.0.1/34317] INFO  impl.DataStreamServerImpl (ConfUtils.java:logGet(46)) - raft.datastream.type = DISABLED (default)
2022-10-06 01:03:10,180 [Listener at 127.0.0.1/34317] INFO  server.RaftServerConfigKeys (ConfUtils.java:logGet(46)) - raft.server.threadpool.proxy.cached = true (default)
2022-10-06 01:03:10,181 [Listener at 127.0.0.1/34317] INFO  server.RaftServerConfigKeys (ConfUtils.java:logGet(46)) - raft.server.threadpool.proxy.size = 0 (default)
2022-10-06 01:03:10,181 [Listener at 127.0.0.1/34317] INFO  server.RaftServerConfigKeys (ConfUtils.java:logGet(46)) - raft.server.rpc.slowness.timeout = 300s (custom)
2022-10-06 01:03:10,181 [Listener at 127.0.0.1/34317] INFO  server.RaftServerConfigKeys (ConfUtils.java:logGet(46)) - raft.server.leaderelection.leader.step-down.wait-time = 10s (default)
2022-10-06 01:03:10,181 [Listener at 127.0.0.1/34317] INFO  server.RaftServerConfigKeys (ConfUtils.java:logGet(46)) - raft.server.storage.dir = [/home/runner/work/ozone/ozone/hadoop-ozone/integration-test/target/test-dir/MiniOzoneClusterImpl-cb9ba06c-8019-4b1a-b2e9-0b8ac0549875/datanode-3/data/ratis] (custom)
2022-10-06 01:03:10,186 [Listener at 127.0.0.1/34317] INFO  server.XceiverServerGrpc (XceiverServerGrpc.java:<init>(132)) - GrpcServer channel type EpollServerSocketChannel
2022-10-06 01:03:10,192 [Listener at 127.0.0.1/34317] INFO  http.BaseHttpServer (BaseHttpServer.java:newHttpServer2BuilderForOzone(213)) - Starting Web-server for hddsDatanode at: http://0.0.0.0:0
2022-10-06 01:03:10,193 [Listener at 127.0.0.1/34317] INFO  http.BaseHttpServer (BaseHttpServer.java:<init>(108)) - Hadoop Security Enabled: false Ozone Security Enabled: false Ozone HTTP Security Enabled: false 
2022-10-06 01:03:10,194 [Listener at 127.0.0.1/34317] INFO  server.AuthenticationFilter (AuthenticationFilter.java:constructSecretProvider(240)) - Unable to initialize FileSignerSecretProvider, falling back to use random secrets.
2022-10-06 01:03:10,195 [Listener at 127.0.0.1/34317] WARN  http.HttpRequestLog (HttpRequestLog.java:getRequestLog(103)) - Jetty request log can only be enabled using Log4j
2022-10-06 01:03:10,196 [Listener at 127.0.0.1/34317] INFO  http.HttpServer2 (HttpServer2.java:addGlobalFilter(1031)) - Added global filter 'safety' (class=org.apache.hadoop.hdds.server.http.HttpServer2$QuotingInputFilter)
2022-10-06 01:03:10,197 [Listener at 127.0.0.1/34317] INFO  http.HttpServer2 (HttpServer2.java:addFilter(1007)) - Added filter static_user_filter (class=org.apache.hadoop.http.lib.StaticUserWebFilter$StaticUserFilter) to context hddsDatanode
2022-10-06 01:03:10,197 [Listener at 127.0.0.1/34317] INFO  http.HttpServer2 (HttpServer2.java:addFilter(1015)) - Added filter static_user_filter (class=org.apache.hadoop.http.lib.StaticUserWebFilter$StaticUserFilter) to context static
2022-10-06 01:03:10,197 [Listener at 127.0.0.1/34317] INFO  http.HttpServer2 (HttpServer2.java:addFilter(1015)) - Added filter static_user_filter (class=org.apache.hadoop.http.lib.StaticUserWebFilter$StaticUserFilter) to context logs
2022-10-06 01:03:10,197 [Listener at 127.0.0.1/34317] INFO  http.HttpServer2 (HttpServer2.java:bindListener(1250)) - Jetty bound to port 34903
2022-10-06 01:03:10,197 [Listener at 127.0.0.1/34317] INFO  server.Server (Server.java:doStart(375)) - jetty-9.4.43.v20210629; built: 2021-06-30T11:07:22.254Z; git: 526006ecfa3af7f1a27ef3a288e2bef7ea9dd7e8; jvm 1.8.0_345-b01
2022-10-06 01:03:10,203 [Listener at 127.0.0.1/34317] INFO  server.session (DefaultSessionIdManager.java:doStart(334)) - DefaultSessionIdManager workerName=node0
2022-10-06 01:03:10,203 [Listener at 127.0.0.1/34317] INFO  server.session (DefaultSessionIdManager.java:doStart(339)) - No SessionScavenger set, using defaults
2022-10-06 01:03:10,203 [Listener at 127.0.0.1/34317] INFO  server.session (HouseKeeper.java:startScavenging(132)) - node0 Scavenging every 600000ms
2022-10-06 01:03:10,204 [Listener at 127.0.0.1/34317] INFO  handler.ContextHandler (ContextHandler.java:doStart(915)) - Started o.e.j.s.ServletContextHandler@42d7b96{logs,/logs,file:///home/runner/work/ozone/ozone/hadoop-ozone/integration-test/target/log,AVAILABLE}
2022-10-06 01:03:10,204 [Listener at 127.0.0.1/34317] INFO  handler.ContextHandler (ContextHandler.java:doStart(915)) - Started o.e.j.s.ServletContextHandler@7e486dcf{static,/static,jar:file:/home/runner/.m2/repository/org/apache/ozone/hdds-container-service/1.3.0-SNAPSHOT/hdds-container-service-1.3.0-SNAPSHOT.jar!/webapps/static,AVAILABLE}
2022-10-06 01:03:10,368 [Listener at 127.0.0.1/34317] INFO  handler.ContextHandler (ContextHandler.java:doStart(915)) - Started o.e.j.w.WebAppContext@4523432{hddsDatanode,/,file:///tmp/jetty-0_0_0_0-34903-hdds-container-service-1_3_0-SNAPSHOT_jar-_-any-274910995923119731/webapp/,AVAILABLE}{jar:file:/home/runner/.m2/repository/org/apache/ozone/hdds-container-service/1.3.0-SNAPSHOT/hdds-container-service-1.3.0-SNAPSHOT.jar!/webapps/hddsDatanode}
2022-10-06 01:03:10,369 [Listener at 127.0.0.1/34317] INFO  server.AbstractConnector (AbstractConnector.java:doStart(331)) - Started ServerConnector@625bb465{HTTP/1.1, (http/1.1)}{0.0.0.0:34903}
2022-10-06 01:03:10,369 [Listener at 127.0.0.1/34317] INFO  server.Server (Server.java:doStart(415)) - Started @8834ms
2022-10-06 01:03:10,369 [Listener at 127.0.0.1/34317] WARN  impl.MetricsSystemImpl (MetricsSystemImpl.java:register(279)) - Sink prometheus already exists!
2022-10-06 01:03:10,370 [Listener at 127.0.0.1/34317] INFO  http.BaseHttpServer (BaseHttpServer.java:updateConnectorAddress(333)) - HTTP server of hddsDatanode listening at http://0.0.0.0:34903
2022-10-06 01:03:10,374 [Listener at 127.0.0.1/34317] WARN  impl.MetricRegistriesImpl (MetricRegistriesImpl.java:addReporterRegistration(111)) - New reporters are added after registries were created. Some metrics will be missing from the reporter. Please add reporter before adding any new registry.
2022-10-06 01:03:10,374 [Listener at 127.0.0.1/34317] WARN  impl.MetricRegistriesImpl (MetricRegistriesImpl.java:addReporterRegistration(111)) - New reporters are added after registries were created. Some metrics will be missing from the reporter. Please add reporter before adding any new registry.
2022-10-06 01:03:10,374 [Listener at 127.0.0.1/34317] INFO  impl.MetricsSystemImpl (MetricsSystemImpl.java:init(158)) - HddsDatanode metrics system started (again)
2022-10-06 01:03:10,382 [Datanode State Machine Daemon Thread] INFO  statemachine.DatanodeStateMachine (DatanodeStateMachine.java:lambda$startDaemon$0(492)) - Ozone container server started.
2022-10-06 01:03:10,390 [org.apache.hadoop.util.JvmPauseMonitor$Monitor@446df7e0] INFO  util.JvmPauseMonitor (JvmPauseMonitor.java:run(188)) - Starting JVM pause monitor
2022-10-06 01:03:10,393 [Listener at 127.0.0.1/34317] INFO  ozone.HddsDatanodeService (HddsDatanodeService.java:start(236)) - HddsDatanodeService host:fv-az399-337.4urtqdmtpd2erju50p4tzyn2ng.bx.internal.cloudapp.net ip:10.1.0.249
2022-10-06 01:03:10,397 [Datanode State Machine Task Thread - 0] INFO  datanode.InitDatanodeState (InitDatanodeState.java:persistContainerDatanodeDetails(138)) - DatanodeDetails is persisted to /home/runner/work/ozone/ozone/hadoop-ozone/integration-test/target/test-dir/MiniOzoneClusterImpl-cb9ba06c-8019-4b1a-b2e9-0b8ac0549875/datanode-3/meta/datanode.id
2022-10-06 01:03:10,414 [Listener at 127.0.0.1/34317] INFO  upgrade.AbstractLayoutVersionManager (AbstractLayoutVersionManager.java:init(83)) - Initializing Layout version manager with metadata layout = DATANODE_SCHEMA_V3 (version = 4), software layout = DATANODE_SCHEMA_V3 (version = 4)
2022-10-06 01:03:10,463 [Listener at 127.0.0.1/34317] INFO  reflections.Reflections (Reflections.java:scan(232)) - Reflections took 45 ms to scan 7 urls, producing 135 keys and 327 values 
2022-10-06 01:03:10,464 [Listener at 127.0.0.1/34317] INFO  statemachine.DatanodeStateMachine (DatanodeStateMachine.java:getEndPointTaskThreadPoolSize(237)) - Datanode State Machine Task Thread Pool size 2
2022-10-06 01:03:10,466 [Listener at 127.0.0.1/34317] INFO  volume.HddsVolume (HddsVolume.java:<init>(117)) - Creating HddsVolume: /home/runner/work/ozone/ozone/hadoop-ozone/integration-test/target/test-dir/MiniOzoneClusterImpl-cb9ba06c-8019-4b1a-b2e9-0b8ac0549875/datanode-4/data-0/containers/hdds of storage type : DISK capacity : 9223372036854775807
2022-10-06 01:03:10,467 [Listener at 127.0.0.1/34317] INFO  volume.MutableVolumeSet (MutableVolumeSet.java:initializeVolumeSet(174)) - Added Volume : /home/runner/work/ozone/ozone/hadoop-ozone/integration-test/target/test-dir/MiniOzoneClusterImpl-cb9ba06c-8019-4b1a-b2e9-0b8ac0549875/datanode-4/data-0/containers/hdds to VolumeSet
2022-10-06 01:03:10,467 [Listener at 127.0.0.1/34317] INFO  volume.ThrottledAsyncChecker (ThrottledAsyncChecker.java:schedule(141)) - Scheduling a check for /home/runner/work/ozone/ozone/hadoop-ozone/integration-test/target/test-dir/MiniOzoneClusterImpl-cb9ba06c-8019-4b1a-b2e9-0b8ac0549875/datanode-4/data-0/containers/hdds
2022-10-06 01:03:10,467 [Listener at 127.0.0.1/34317] INFO  volume.StorageVolumeChecker (StorageVolumeChecker.java:checkAllVolumes(202)) - Scheduled health check for volume /home/runner/work/ozone/ozone/hadoop-ozone/integration-test/target/test-dir/MiniOzoneClusterImpl-cb9ba06c-8019-4b1a-b2e9-0b8ac0549875/datanode-4/data-0/containers/hdds
2022-10-06 01:03:10,478 [Listener at 127.0.0.1/34317] INFO  volume.MutableVolumeSet (MutableVolumeSet.java:initializeVolumeSet(174)) - Added Volume : /home/runner/work/ozone/ozone/hadoop-ozone/integration-test/target/test-dir/MiniOzoneClusterImpl-cb9ba06c-8019-4b1a-b2e9-0b8ac0549875/datanode-4/data/ratis to VolumeSet
2022-10-06 01:03:10,478 [Listener at 127.0.0.1/34317] INFO  volume.ThrottledAsyncChecker (ThrottledAsyncChecker.java:schedule(141)) - Scheduling a check for /home/runner/work/ozone/ozone/hadoop-ozone/integration-test/target/test-dir/MiniOzoneClusterImpl-cb9ba06c-8019-4b1a-b2e9-0b8ac0549875/datanode-4/data/ratis
2022-10-06 01:03:10,478 [Listener at 127.0.0.1/34317] INFO  volume.StorageVolumeChecker (StorageVolumeChecker.java:checkAllVolumes(202)) - Scheduled health check for volume /home/runner/work/ozone/ozone/hadoop-ozone/integration-test/target/test-dir/MiniOzoneClusterImpl-cb9ba06c-8019-4b1a-b2e9-0b8ac0549875/datanode-4/data/ratis
2022-10-06 01:03:10,488 [Thread-190] INFO  ozoneimpl.ContainerReader (ContainerReader.java:readVolume(175)) - Finish verifying containers on volume /home/runner/work/ozone/ozone/hadoop-ozone/integration-test/target/test-dir/MiniOzoneClusterImpl-cb9ba06c-8019-4b1a-b2e9-0b8ac0549875/datanode-4/data-0/containers/hdds
2022-10-06 01:03:10,488 [Listener at 127.0.0.1/34317] INFO  ozoneimpl.OzoneContainer (OzoneContainer.java:buildContainerSet(300)) - Build ContainerSet costs 0s
2022-10-06 01:03:10,491 [Listener at 127.0.0.1/34317] INFO  server.RaftServer (ConfUtils.java:logGet(46)) - raft.rpc.type = GRPC (default)
2022-10-06 01:03:10,491 [Listener at 127.0.0.1/34317] INFO  grpc.GrpcFactory (GrpcFactory.java:checkPooledByteBufAllocatorUseCacheForAllThreads(48)) - PERFORMANCE WARNING: useCacheForAllThreads is true that may cause Netty to create a lot garbage objects and, as a result, trigger GC.
	It is recommended to disable useCacheForAllThreads by setting -Dorg.apache.ratis.thirdparty.io.netty.allocator.useCacheForAllThreads=false in command line.
2022-10-06 01:03:10,491 [Listener at 127.0.0.1/34317] INFO  grpc.GrpcConfigKeys (ConfUtils.java:logGet(46)) - raft.grpc.admin.port = 0 (custom)
2022-10-06 01:03:10,491 [Listener at 127.0.0.1/34317] INFO  grpc.GrpcConfigKeys (ConfUtils.java:logGet(46)) - raft.grpc.client.port = 0 (custom)
2022-10-06 01:03:10,491 [Listener at 127.0.0.1/34317] INFO  grpc.GrpcConfigKeys (ConfUtils.java:logGet(46)) - raft.grpc.server.port = 0 (default)
2022-10-06 01:03:10,491 [Listener at 127.0.0.1/34317] INFO  server.GrpcService (ConfUtils.java:logGet(46)) - raft.grpc.message.size.max = 32MB (=33554432) (custom)
2022-10-06 01:03:10,491 [Listener at 127.0.0.1/34317] INFO  server.RaftServerConfigKeys (ConfUtils.java:logGet(46)) - raft.server.log.appender.buffer.byte-limit = 33554432 (custom)
2022-10-06 01:03:10,491 [Listener at 127.0.0.1/34317] INFO  server.GrpcService (ConfUtils.java:logGet(46)) - raft.grpc.flow.control.window = 5MB (=5242880) (custom)
2022-10-06 01:03:10,492 [Listener at 127.0.0.1/34317] INFO  server.RaftServerConfigKeys (ConfUtils.java:logGet(46)) - raft.server.rpc.request.timeout = 60s (custom)
2022-10-06 01:03:10,492 [Listener at 127.0.0.1/34317] INFO  grpc.GrpcConfigKeys (ConfUtils.java:logGet(46)) - raft.grpc.server.async.request.thread.pool.cached = true (default)
2022-10-06 01:03:10,492 [Listener at 127.0.0.1/34317] INFO  grpc.GrpcConfigKeys (ConfUtils.java:logGet(46)) - raft.grpc.server.async.request.thread.pool.size = 32 (default)
2022-10-06 01:03:10,493 [Listener at 127.0.0.1/34317] INFO  impl.DataStreamServerImpl (ConfUtils.java:logGet(46)) - raft.datastream.type = DISABLED (default)
2022-10-06 01:03:10,493 [Listener at 127.0.0.1/34317] INFO  server.RaftServerConfigKeys (ConfUtils.java:logGet(46)) - raft.server.threadpool.proxy.cached = true (default)
2022-10-06 01:03:10,493 [Listener at 127.0.0.1/34317] INFO  server.RaftServerConfigKeys (ConfUtils.java:logGet(46)) - raft.server.threadpool.proxy.size = 0 (default)
2022-10-06 01:03:10,493 [Listener at 127.0.0.1/34317] INFO  server.RaftServerConfigKeys (ConfUtils.java:logGet(46)) - raft.server.rpc.slowness.timeout = 300s (custom)
2022-10-06 01:03:10,493 [Listener at 127.0.0.1/34317] INFO  server.RaftServerConfigKeys (ConfUtils.java:logGet(46)) - raft.server.leaderelection.leader.step-down.wait-time = 10s (default)
2022-10-06 01:03:10,493 [Listener at 127.0.0.1/34317] INFO  server.RaftServerConfigKeys (ConfUtils.java:logGet(46)) - raft.server.storage.dir = [/home/runner/work/ozone/ozone/hadoop-ozone/integration-test/target/test-dir/MiniOzoneClusterImpl-cb9ba06c-8019-4b1a-b2e9-0b8ac0549875/datanode-4/data/ratis] (custom)
2022-10-06 01:03:10,496 [Listener at 127.0.0.1/34317] INFO  server.XceiverServerGrpc (XceiverServerGrpc.java:<init>(132)) - GrpcServer channel type EpollServerSocketChannel
2022-10-06 01:03:10,498 [Listener at 127.0.0.1/34317] INFO  http.BaseHttpServer (BaseHttpServer.java:newHttpServer2BuilderForOzone(213)) - Starting Web-server for hddsDatanode at: http://0.0.0.0:0
2022-10-06 01:03:10,499 [Listener at 127.0.0.1/34317] INFO  http.BaseHttpServer (BaseHttpServer.java:<init>(108)) - Hadoop Security Enabled: false Ozone Security Enabled: false Ozone HTTP Security Enabled: false 
2022-10-06 01:03:10,500 [Listener at 127.0.0.1/34317] INFO  server.AuthenticationFilter (AuthenticationFilter.java:constructSecretProvider(240)) - Unable to initialize FileSignerSecretProvider, falling back to use random secrets.
2022-10-06 01:03:10,500 [Listener at 127.0.0.1/34317] WARN  http.HttpRequestLog (HttpRequestLog.java:getRequestLog(103)) - Jetty request log can only be enabled using Log4j
2022-10-06 01:03:10,502 [Listener at 127.0.0.1/34317] INFO  http.HttpServer2 (HttpServer2.java:addGlobalFilter(1031)) - Added global filter 'safety' (class=org.apache.hadoop.hdds.server.http.HttpServer2$QuotingInputFilter)
2022-10-06 01:03:10,502 [Listener at 127.0.0.1/34317] INFO  http.HttpServer2 (HttpServer2.java:addFilter(1007)) - Added filter static_user_filter (class=org.apache.hadoop.http.lib.StaticUserWebFilter$StaticUserFilter) to context hddsDatanode
2022-10-06 01:03:10,503 [Listener at 127.0.0.1/34317] INFO  http.HttpServer2 (HttpServer2.java:addFilter(1015)) - Added filter static_user_filter (class=org.apache.hadoop.http.lib.StaticUserWebFilter$StaticUserFilter) to context static
2022-10-06 01:03:10,503 [Listener at 127.0.0.1/34317] INFO  http.HttpServer2 (HttpServer2.java:addFilter(1015)) - Added filter static_user_filter (class=org.apache.hadoop.http.lib.StaticUserWebFilter$StaticUserFilter) to context logs
2022-10-06 01:03:10,503 [Listener at 127.0.0.1/34317] INFO  http.HttpServer2 (HttpServer2.java:bindListener(1250)) - Jetty bound to port 34241
2022-10-06 01:03:10,503 [Listener at 127.0.0.1/34317] INFO  server.Server (Server.java:doStart(375)) - jetty-9.4.43.v20210629; built: 2021-06-30T11:07:22.254Z; git: 526006ecfa3af7f1a27ef3a288e2bef7ea9dd7e8; jvm 1.8.0_345-b01
2022-10-06 01:03:10,505 [Listener at 127.0.0.1/34317] INFO  server.session (DefaultSessionIdManager.java:doStart(334)) - DefaultSessionIdManager workerName=node0
2022-10-06 01:03:10,505 [Listener at 127.0.0.1/34317] INFO  server.session (DefaultSessionIdManager.java:doStart(339)) - No SessionScavenger set, using defaults
2022-10-06 01:03:10,505 [Listener at 127.0.0.1/34317] INFO  server.session (HouseKeeper.java:startScavenging(132)) - node0 Scavenging every 600000ms
2022-10-06 01:03:10,506 [Listener at 127.0.0.1/34317] INFO  handler.ContextHandler (ContextHandler.java:doStart(915)) - Started o.e.j.s.ServletContextHandler@239153fe{logs,/logs,file:///home/runner/work/ozone/ozone/hadoop-ozone/integration-test/target/log,AVAILABLE}
2022-10-06 01:03:10,506 [Listener at 127.0.0.1/34317] INFO  handler.ContextHandler (ContextHandler.java:doStart(915)) - Started o.e.j.s.ServletContextHandler@3afbd1fd{static,/static,jar:file:/home/runner/.m2/repository/org/apache/ozone/hdds-container-service/1.3.0-SNAPSHOT/hdds-container-service-1.3.0-SNAPSHOT.jar!/webapps/static,AVAILABLE}
2022-10-06 01:03:10,669 [Listener at 127.0.0.1/34317] INFO  handler.ContextHandler (ContextHandler.java:doStart(915)) - Started o.e.j.w.WebAppContext@55e5cebc{hddsDatanode,/,file:///tmp/jetty-0_0_0_0-34241-hdds-container-service-1_3_0-SNAPSHOT_jar-_-any-4469380876717768143/webapp/,AVAILABLE}{jar:file:/home/runner/.m2/repository/org/apache/ozone/hdds-container-service/1.3.0-SNAPSHOT/hdds-container-service-1.3.0-SNAPSHOT.jar!/webapps/hddsDatanode}
2022-10-06 01:03:10,670 [Listener at 127.0.0.1/34317] INFO  server.AbstractConnector (AbstractConnector.java:doStart(331)) - Started ServerConnector@1645fba9{HTTP/1.1, (http/1.1)}{0.0.0.0:34241}
2022-10-06 01:03:10,671 [Listener at 127.0.0.1/34317] INFO  server.Server (Server.java:doStart(415)) - Started @9135ms
2022-10-06 01:03:10,671 [Listener at 127.0.0.1/34317] WARN  impl.MetricsSystemImpl (MetricsSystemImpl.java:register(279)) - Sink prometheus already exists!
2022-10-06 01:03:10,671 [Listener at 127.0.0.1/34317] INFO  http.BaseHttpServer (BaseHttpServer.java:updateConnectorAddress(333)) - HTTP server of hddsDatanode listening at http://0.0.0.0:34241
2022-10-06 01:03:10,672 [Datanode State Machine Daemon Thread] INFO  statemachine.DatanodeStateMachine (DatanodeStateMachine.java:lambda$startDaemon$0(492)) - Ozone container server started.
2022-10-06 01:03:10,673 [Listener at 127.0.0.1/34317] INFO  ozone.MiniOzoneClusterImpl (MiniOzoneClusterImpl.java:lambda$waitForClusterToBeReady$0(216)) - Waiting for nodes to be ready. Got 0 of 5 DN Heartbeats.
2022-10-06 01:03:10,674 [Listener at 127.0.0.1/34317] INFO  ozone.MiniOzoneClusterImpl (MiniOzoneClusterImpl.java:lambda$waitForClusterToBeReady$0(219)) - Waiting for cluster to exit safe mode
2022-10-06 01:03:10,674 [Listener at 127.0.0.1/34317] INFO  ozone.MiniOzoneClusterImpl (MiniOzoneClusterImpl.java:lambda$waitForClusterToBeReady$0(221)) - SCM became leader
2022-10-06 01:03:10,675 [org.apache.hadoop.util.JvmPauseMonitor$Monitor@7d1df115] INFO  util.JvmPauseMonitor (JvmPauseMonitor.java:run(188)) - Starting JVM pause monitor
2022-10-06 01:03:10,676 [Datanode State Machine Task Thread - 0] INFO  datanode.InitDatanodeState (InitDatanodeState.java:persistContainerDatanodeDetails(138)) - DatanodeDetails is persisted to /home/runner/work/ozone/ozone/hadoop-ozone/integration-test/target/test-dir/MiniOzoneClusterImpl-cb9ba06c-8019-4b1a-b2e9-0b8ac0549875/datanode-4/meta/datanode.id
2022-10-06 01:03:11,344 [EndpointStateMachine task thread for /0.0.0.0:34983 - 0 ] INFO  volume.HddsVolume (HddsVolume.java:createDbStore(307)) - SchemaV3 db is created and loaded at /home/runner/work/ozone/ozone/hadoop-ozone/integration-test/target/test-dir/MiniOzoneClusterImpl-cb9ba06c-8019-4b1a-b2e9-0b8ac0549875/datanode-0/data-0/containers/hdds/cb9ba06c-8019-4b1a-b2e9-0b8ac0549875/DS-e54e61ed-f04d-4bdd-8db1-d8bbd1f2af3d/container.db for volume DS-e54e61ed-f04d-4bdd-8db1-d8bbd1f2af3d
2022-10-06 01:03:11,348 [EndpointStateMachine task thread for /0.0.0.0:34983 - 0 ] INFO  volume.HddsVolume (HddsVolume.java:closeDbStore(338)) - SchemaV3 db is stopped at /home/runner/work/ozone/ozone/hadoop-ozone/integration-test/target/test-dir/MiniOzoneClusterImpl-cb9ba06c-8019-4b1a-b2e9-0b8ac0549875/datanode-0/data-0/containers/hdds/cb9ba06c-8019-4b1a-b2e9-0b8ac0549875/DS-e54e61ed-f04d-4bdd-8db1-d8bbd1f2af3d/container.db for volume DS-e54e61ed-f04d-4bdd-8db1-d8bbd1f2af3d
2022-10-06 01:03:11,348 [EndpointStateMachine task thread for /0.0.0.0:34983 - 0 ] INFO  ozoneimpl.OzoneContainer (OzoneContainer.java:start(378)) - Attempting to start container services.
2022-10-06 01:03:11,349 [EndpointStateMachine task thread for /0.0.0.0:34983 - 0 ] INFO  ozoneimpl.OzoneContainer (OzoneContainer.java:startContainerScrub(313)) - Background container scanner has been disabled.
2022-10-06 01:03:11,351 [EndpointStateMachine task thread for /0.0.0.0:34983 - 0 ] INFO  replication.ReplicationServer (ReplicationServer.java:start(111)) - ReplicationServer is started using port 36061
2022-10-06 01:03:11,353 [EndpointStateMachine task thread for /0.0.0.0:34983 - 0 ] INFO  ratis.XceiverServerRatis (XceiverServerRatis.java:start(481)) - Starting XceiverServerRatis 4b23e9ad-4c3b-4e5e-a325-f9b3b725a9ac
2022-10-06 01:03:11,358 [EndpointStateMachine task thread for /0.0.0.0:34983 - 0 ] INFO  server.RaftServer (RaftServerProxy.java:lambda$start$6(382)) - 4b23e9ad-4c3b-4e5e-a325-f9b3b725a9ac: start RPC server
2022-10-06 01:03:11,363 [EndpointStateMachine task thread for /0.0.0.0:34983 - 0 ] INFO  server.GrpcService (GrpcService.java:startImpl(260)) - 4b23e9ad-4c3b-4e5e-a325-f9b3b725a9ac: GrpcService started, listening on 34691
2022-10-06 01:03:11,366 [EndpointStateMachine task thread for /0.0.0.0:34983 - 0 ] INFO  ratis.XceiverServerRatis (XceiverServerRatis.java:getRealPort(502)) - XceiverServerRatis 4b23e9ad-4c3b-4e5e-a325-f9b3b725a9ac is started using port 34691 for RATIS
2022-10-06 01:03:11,368 [EndpointStateMachine task thread for /0.0.0.0:34983 - 0 ] INFO  ratis.XceiverServerRatis (XceiverServerRatis.java:getRealPort(502)) - XceiverServerRatis 4b23e9ad-4c3b-4e5e-a325-f9b3b725a9ac is started using port 34691 for RATIS_ADMIN
2022-10-06 01:03:11,368 [EndpointStateMachine task thread for /0.0.0.0:34983 - 0 ] INFO  ratis.XceiverServerRatis (XceiverServerRatis.java:getRealPort(502)) - XceiverServerRatis 4b23e9ad-4c3b-4e5e-a325-f9b3b725a9ac is started using port 34691 for RATIS_SERVER
2022-10-06 01:03:11,368 [org.apache.ratis.util.JvmPauseMonitor$$Lambda$619/277409773@528e6e62] INFO  util.JvmPauseMonitor (JvmPauseMonitor.java:run(103)) - JvmPauseMonitor-4b23e9ad-4c3b-4e5e-a325-f9b3b725a9ac: Started
2022-10-06 01:03:11,375 [EndpointStateMachine task thread for /0.0.0.0:34983 - 0 ] INFO  server.XceiverServerGrpc (XceiverServerGrpc.java:start(180)) - XceiverServerGrpc 4b23e9ad-4c3b-4e5e-a325-f9b3b725a9ac is started using port 43161
2022-10-06 01:03:11,674 [Listener at 127.0.0.1/34317] INFO  ozone.MiniOzoneClusterImpl (MiniOzoneClusterImpl.java:lambda$waitForClusterToBeReady$0(216)) - Waiting for nodes to be ready. Got 0 of 5 DN Heartbeats.
2022-10-06 01:03:11,674 [Listener at 127.0.0.1/34317] INFO  ozone.MiniOzoneClusterImpl (MiniOzoneClusterImpl.java:lambda$waitForClusterToBeReady$0(219)) - Waiting for cluster to exit safe mode
2022-10-06 01:03:11,674 [Listener at 127.0.0.1/34317] INFO  ozone.MiniOzoneClusterImpl (MiniOzoneClusterImpl.java:lambda$waitForClusterToBeReady$0(221)) - SCM became leader
2022-10-06 01:03:11,746 [EndpointStateMachine task thread for /0.0.0.0:34983 - 0 ] INFO  volume.HddsVolume (HddsVolume.java:createDbStore(307)) - SchemaV3 db is created and loaded at /home/runner/work/ozone/ozone/hadoop-ozone/integration-test/target/test-dir/MiniOzoneClusterImpl-cb9ba06c-8019-4b1a-b2e9-0b8ac0549875/datanode-1/data-0/containers/hdds/cb9ba06c-8019-4b1a-b2e9-0b8ac0549875/DS-33c3eeb7-9622-4788-8e00-876e4223137a/container.db for volume DS-33c3eeb7-9622-4788-8e00-876e4223137a
2022-10-06 01:03:11,746 [EndpointStateMachine task thread for /0.0.0.0:34983 - 0 ] INFO  volume.HddsVolume (HddsVolume.java:closeDbStore(338)) - SchemaV3 db is stopped at /home/runner/work/ozone/ozone/hadoop-ozone/integration-test/target/test-dir/MiniOzoneClusterImpl-cb9ba06c-8019-4b1a-b2e9-0b8ac0549875/datanode-1/data-0/containers/hdds/cb9ba06c-8019-4b1a-b2e9-0b8ac0549875/DS-33c3eeb7-9622-4788-8e00-876e4223137a/container.db for volume DS-33c3eeb7-9622-4788-8e00-876e4223137a
2022-10-06 01:03:11,746 [EndpointStateMachine task thread for /0.0.0.0:34983 - 0 ] INFO  ozoneimpl.OzoneContainer (OzoneContainer.java:start(378)) - Attempting to start container services.
2022-10-06 01:03:11,747 [EndpointStateMachine task thread for /0.0.0.0:34983 - 0 ] INFO  ozoneimpl.OzoneContainer (OzoneContainer.java:startContainerScrub(313)) - Background container scanner has been disabled.
2022-10-06 01:03:11,748 [EndpointStateMachine task thread for /0.0.0.0:34983 - 0 ] INFO  replication.ReplicationServer (ReplicationServer.java:start(111)) - ReplicationServer is started using port 37929
2022-10-06 01:03:11,749 [EndpointStateMachine task thread for /0.0.0.0:34983 - 0 ] INFO  ratis.XceiverServerRatis (XceiverServerRatis.java:start(481)) - Starting XceiverServerRatis 68d8656a-d62a-40ab-a15f-69e804ac0718
2022-10-06 01:03:11,750 [EndpointStateMachine task thread for /0.0.0.0:34983 - 0 ] INFO  server.RaftServer (RaftServerProxy.java:lambda$start$6(382)) - 68d8656a-d62a-40ab-a15f-69e804ac0718: start RPC server
2022-10-06 01:03:11,751 [EndpointStateMachine task thread for /0.0.0.0:34983 - 0 ] INFO  server.GrpcService (GrpcService.java:startImpl(260)) - 68d8656a-d62a-40ab-a15f-69e804ac0718: GrpcService started, listening on 40209
2022-10-06 01:03:11,751 [EndpointStateMachine task thread for /0.0.0.0:34983 - 0 ] INFO  ratis.XceiverServerRatis (XceiverServerRatis.java:getRealPort(502)) - XceiverServerRatis 68d8656a-d62a-40ab-a15f-69e804ac0718 is started using port 40209 for RATIS
2022-10-06 01:03:11,751 [EndpointStateMachine task thread for /0.0.0.0:34983 - 0 ] INFO  ratis.XceiverServerRatis (XceiverServerRatis.java:getRealPort(502)) - XceiverServerRatis 68d8656a-d62a-40ab-a15f-69e804ac0718 is started using port 40209 for RATIS_ADMIN
2022-10-06 01:03:11,751 [EndpointStateMachine task thread for /0.0.0.0:34983 - 0 ] INFO  ratis.XceiverServerRatis (XceiverServerRatis.java:getRealPort(502)) - XceiverServerRatis 68d8656a-d62a-40ab-a15f-69e804ac0718 is started using port 40209 for RATIS_SERVER
2022-10-06 01:03:11,752 [org.apache.ratis.util.JvmPauseMonitor$$Lambda$619/277409773@508ae3b6] INFO  util.JvmPauseMonitor (JvmPauseMonitor.java:run(103)) - JvmPauseMonitor-68d8656a-d62a-40ab-a15f-69e804ac0718: Started
2022-10-06 01:03:11,753 [EndpointStateMachine task thread for /0.0.0.0:34983 - 0 ] INFO  server.XceiverServerGrpc (XceiverServerGrpc.java:start(180)) - XceiverServerGrpc 68d8656a-d62a-40ab-a15f-69e804ac0718 is started using port 39041
2022-10-06 01:03:12,077 [EndpointStateMachine task thread for /0.0.0.0:34983 - 0 ] INFO  volume.HddsVolume (HddsVolume.java:createDbStore(307)) - SchemaV3 db is created and loaded at /home/runner/work/ozone/ozone/hadoop-ozone/integration-test/target/test-dir/MiniOzoneClusterImpl-cb9ba06c-8019-4b1a-b2e9-0b8ac0549875/datanode-2/data-0/containers/hdds/cb9ba06c-8019-4b1a-b2e9-0b8ac0549875/DS-bfbc0ea2-814e-4877-9785-649fd0a1422b/container.db for volume DS-bfbc0ea2-814e-4877-9785-649fd0a1422b
2022-10-06 01:03:12,078 [EndpointStateMachine task thread for /0.0.0.0:34983 - 0 ] INFO  volume.HddsVolume (HddsVolume.java:closeDbStore(338)) - SchemaV3 db is stopped at /home/runner/work/ozone/ozone/hadoop-ozone/integration-test/target/test-dir/MiniOzoneClusterImpl-cb9ba06c-8019-4b1a-b2e9-0b8ac0549875/datanode-2/data-0/containers/hdds/cb9ba06c-8019-4b1a-b2e9-0b8ac0549875/DS-bfbc0ea2-814e-4877-9785-649fd0a1422b/container.db for volume DS-bfbc0ea2-814e-4877-9785-649fd0a1422b
2022-10-06 01:03:12,078 [EndpointStateMachine task thread for /0.0.0.0:34983 - 0 ] INFO  ozoneimpl.OzoneContainer (OzoneContainer.java:start(378)) - Attempting to start container services.
2022-10-06 01:03:12,078 [EndpointStateMachine task thread for /0.0.0.0:34983 - 0 ] INFO  ozoneimpl.OzoneContainer (OzoneContainer.java:startContainerScrub(313)) - Background container scanner has been disabled.
2022-10-06 01:03:12,080 [EndpointStateMachine task thread for /0.0.0.0:34983 - 0 ] INFO  replication.ReplicationServer (ReplicationServer.java:start(111)) - ReplicationServer is started using port 45493
2022-10-06 01:03:12,080 [EndpointStateMachine task thread for /0.0.0.0:34983 - 0 ] INFO  ratis.XceiverServerRatis (XceiverServerRatis.java:start(481)) - Starting XceiverServerRatis 326c038e-632d-4c6b-af42-d1fe452b3912
2022-10-06 01:03:12,081 [EndpointStateMachine task thread for /0.0.0.0:34983 - 0 ] INFO  server.RaftServer (RaftServerProxy.java:lambda$start$6(382)) - 326c038e-632d-4c6b-af42-d1fe452b3912: start RPC server
2022-10-06 01:03:12,082 [EndpointStateMachine task thread for /0.0.0.0:34983 - 0 ] INFO  server.GrpcService (GrpcService.java:startImpl(260)) - 326c038e-632d-4c6b-af42-d1fe452b3912: GrpcService started, listening on 42785
2022-10-06 01:03:12,082 [EndpointStateMachine task thread for /0.0.0.0:34983 - 0 ] INFO  ratis.XceiverServerRatis (XceiverServerRatis.java:getRealPort(502)) - XceiverServerRatis 326c038e-632d-4c6b-af42-d1fe452b3912 is started using port 42785 for RATIS
2022-10-06 01:03:12,082 [org.apache.ratis.util.JvmPauseMonitor$$Lambda$619/277409773@6849227f] INFO  util.JvmPauseMonitor (JvmPauseMonitor.java:run(103)) - JvmPauseMonitor-326c038e-632d-4c6b-af42-d1fe452b3912: Started
2022-10-06 01:03:12,082 [EndpointStateMachine task thread for /0.0.0.0:34983 - 0 ] INFO  ratis.XceiverServerRatis (XceiverServerRatis.java:getRealPort(502)) - XceiverServerRatis 326c038e-632d-4c6b-af42-d1fe452b3912 is started using port 42785 for RATIS_ADMIN
2022-10-06 01:03:12,083 [EndpointStateMachine task thread for /0.0.0.0:34983 - 0 ] INFO  ratis.XceiverServerRatis (XceiverServerRatis.java:getRealPort(502)) - XceiverServerRatis 326c038e-632d-4c6b-af42-d1fe452b3912 is started using port 42785 for RATIS_SERVER
2022-10-06 01:03:12,085 [EndpointStateMachine task thread for /0.0.0.0:34983 - 0 ] INFO  server.XceiverServerGrpc (XceiverServerGrpc.java:start(180)) - XceiverServerGrpc 326c038e-632d-4c6b-af42-d1fe452b3912 is started using port 44145
2022-10-06 01:03:12,418 [EndpointStateMachine task thread for /0.0.0.0:34983 - 0 ] INFO  volume.HddsVolume (HddsVolume.java:createDbStore(307)) - SchemaV3 db is created and loaded at /home/runner/work/ozone/ozone/hadoop-ozone/integration-test/target/test-dir/MiniOzoneClusterImpl-cb9ba06c-8019-4b1a-b2e9-0b8ac0549875/datanode-3/data-0/containers/hdds/cb9ba06c-8019-4b1a-b2e9-0b8ac0549875/DS-d4be4044-ef53-4f87-b4e5-267ef08021f8/container.db for volume DS-d4be4044-ef53-4f87-b4e5-267ef08021f8
2022-10-06 01:03:12,418 [EndpointStateMachine task thread for /0.0.0.0:34983 - 0 ] INFO  volume.HddsVolume (HddsVolume.java:closeDbStore(338)) - SchemaV3 db is stopped at /home/runner/work/ozone/ozone/hadoop-ozone/integration-test/target/test-dir/MiniOzoneClusterImpl-cb9ba06c-8019-4b1a-b2e9-0b8ac0549875/datanode-3/data-0/containers/hdds/cb9ba06c-8019-4b1a-b2e9-0b8ac0549875/DS-d4be4044-ef53-4f87-b4e5-267ef08021f8/container.db for volume DS-d4be4044-ef53-4f87-b4e5-267ef08021f8
2022-10-06 01:03:12,419 [EndpointStateMachine task thread for /0.0.0.0:34983 - 0 ] INFO  ozoneimpl.OzoneContainer (OzoneContainer.java:start(378)) - Attempting to start container services.
2022-10-06 01:03:12,419 [EndpointStateMachine task thread for /0.0.0.0:34983 - 0 ] INFO  ozoneimpl.OzoneContainer (OzoneContainer.java:startContainerScrub(313)) - Background container scanner has been disabled.
2022-10-06 01:03:12,422 [EndpointStateMachine task thread for /0.0.0.0:34983 - 0 ] INFO  replication.ReplicationServer (ReplicationServer.java:start(111)) - ReplicationServer is started using port 38925
2022-10-06 01:03:12,422 [EndpointStateMachine task thread for /0.0.0.0:34983 - 0 ] INFO  ratis.XceiverServerRatis (XceiverServerRatis.java:start(481)) - Starting XceiverServerRatis 62d7347f-94d0-45cc-b868-9236a636eb61
2022-10-06 01:03:12,423 [EndpointStateMachine task thread for /0.0.0.0:34983 - 0 ] INFO  server.RaftServer (RaftServerProxy.java:lambda$start$6(382)) - 62d7347f-94d0-45cc-b868-9236a636eb61: start RPC server
2022-10-06 01:03:12,424 [EndpointStateMachine task thread for /0.0.0.0:34983 - 0 ] INFO  server.GrpcService (GrpcService.java:startImpl(260)) - 62d7347f-94d0-45cc-b868-9236a636eb61: GrpcService started, listening on 41921
2022-10-06 01:03:12,424 [EndpointStateMachine task thread for /0.0.0.0:34983 - 0 ] INFO  ratis.XceiverServerRatis (XceiverServerRatis.java:getRealPort(502)) - XceiverServerRatis 62d7347f-94d0-45cc-b868-9236a636eb61 is started using port 41921 for RATIS
2022-10-06 01:03:12,424 [EndpointStateMachine task thread for /0.0.0.0:34983 - 0 ] INFO  ratis.XceiverServerRatis (XceiverServerRatis.java:getRealPort(502)) - XceiverServerRatis 62d7347f-94d0-45cc-b868-9236a636eb61 is started using port 41921 for RATIS_ADMIN
2022-10-06 01:03:12,424 [org.apache.ratis.util.JvmPauseMonitor$$Lambda$619/277409773@c6b2a3a] INFO  util.JvmPauseMonitor (JvmPauseMonitor.java:run(103)) - JvmPauseMonitor-62d7347f-94d0-45cc-b868-9236a636eb61: Started
2022-10-06 01:03:12,424 [EndpointStateMachine task thread for /0.0.0.0:34983 - 0 ] INFO  ratis.XceiverServerRatis (XceiverServerRatis.java:getRealPort(502)) - XceiverServerRatis 62d7347f-94d0-45cc-b868-9236a636eb61 is started using port 41921 for RATIS_SERVER
2022-10-06 01:03:12,427 [EndpointStateMachine task thread for /0.0.0.0:34983 - 0 ] INFO  server.XceiverServerGrpc (XceiverServerGrpc.java:start(180)) - XceiverServerGrpc 62d7347f-94d0-45cc-b868-9236a636eb61 is started using port 34417
2022-10-06 01:03:12,675 [Listener at 127.0.0.1/34317] INFO  ozone.MiniOzoneClusterImpl (MiniOzoneClusterImpl.java:lambda$waitForClusterToBeReady$0(216)) - Waiting for nodes to be ready. Got 0 of 5 DN Heartbeats.
2022-10-06 01:03:12,675 [Listener at 127.0.0.1/34317] INFO  ozone.MiniOzoneClusterImpl (MiniOzoneClusterImpl.java:lambda$waitForClusterToBeReady$0(219)) - Waiting for cluster to exit safe mode
2022-10-06 01:03:12,675 [Listener at 127.0.0.1/34317] INFO  ozone.MiniOzoneClusterImpl (MiniOzoneClusterImpl.java:lambda$waitForClusterToBeReady$0(221)) - SCM became leader
2022-10-06 01:03:12,701 [EndpointStateMachine task thread for /0.0.0.0:34983 - 0 ] INFO  volume.HddsVolume (HddsVolume.java:createDbStore(307)) - SchemaV3 db is created and loaded at /home/runner/work/ozone/ozone/hadoop-ozone/integration-test/target/test-dir/MiniOzoneClusterImpl-cb9ba06c-8019-4b1a-b2e9-0b8ac0549875/datanode-4/data-0/containers/hdds/cb9ba06c-8019-4b1a-b2e9-0b8ac0549875/DS-110b81f1-bcfa-49f7-94c3-709b9dadca28/container.db for volume DS-110b81f1-bcfa-49f7-94c3-709b9dadca28
2022-10-06 01:03:12,702 [EndpointStateMachine task thread for /0.0.0.0:34983 - 0 ] INFO  volume.HddsVolume (HddsVolume.java:closeDbStore(338)) - SchemaV3 db is stopped at /home/runner/work/ozone/ozone/hadoop-ozone/integration-test/target/test-dir/MiniOzoneClusterImpl-cb9ba06c-8019-4b1a-b2e9-0b8ac0549875/datanode-4/data-0/containers/hdds/cb9ba06c-8019-4b1a-b2e9-0b8ac0549875/DS-110b81f1-bcfa-49f7-94c3-709b9dadca28/container.db for volume DS-110b81f1-bcfa-49f7-94c3-709b9dadca28
2022-10-06 01:03:12,702 [EndpointStateMachine task thread for /0.0.0.0:34983 - 0 ] INFO  ozoneimpl.OzoneContainer (OzoneContainer.java:start(378)) - Attempting to start container services.
2022-10-06 01:03:12,702 [EndpointStateMachine task thread for /0.0.0.0:34983 - 0 ] INFO  ozoneimpl.OzoneContainer (OzoneContainer.java:startContainerScrub(313)) - Background container scanner has been disabled.
2022-10-06 01:03:12,704 [EndpointStateMachine task thread for /0.0.0.0:34983 - 0 ] INFO  replication.ReplicationServer (ReplicationServer.java:start(111)) - ReplicationServer is started using port 44919
2022-10-06 01:03:12,704 [EndpointStateMachine task thread for /0.0.0.0:34983 - 0 ] INFO  ratis.XceiverServerRatis (XceiverServerRatis.java:start(481)) - Starting XceiverServerRatis 321876d2-b421-4eba-aafb-38bc2081ddf0
2022-10-06 01:03:12,705 [EndpointStateMachine task thread for /0.0.0.0:34983 - 0 ] INFO  server.RaftServer (RaftServerProxy.java:lambda$start$6(382)) - 321876d2-b421-4eba-aafb-38bc2081ddf0: start RPC server
2022-10-06 01:03:12,707 [EndpointStateMachine task thread for /0.0.0.0:34983 - 0 ] INFO  server.GrpcService (GrpcService.java:startImpl(260)) - 321876d2-b421-4eba-aafb-38bc2081ddf0: GrpcService started, listening on 44243
2022-10-06 01:03:12,707 [EndpointStateMachine task thread for /0.0.0.0:34983 - 0 ] INFO  ratis.XceiverServerRatis (XceiverServerRatis.java:getRealPort(502)) - XceiverServerRatis 321876d2-b421-4eba-aafb-38bc2081ddf0 is started using port 44243 for RATIS
2022-10-06 01:03:12,707 [org.apache.ratis.util.JvmPauseMonitor$$Lambda$619/277409773@14ca58e5] INFO  util.JvmPauseMonitor (JvmPauseMonitor.java:run(103)) - JvmPauseMonitor-321876d2-b421-4eba-aafb-38bc2081ddf0: Started
2022-10-06 01:03:12,707 [EndpointStateMachine task thread for /0.0.0.0:34983 - 0 ] INFO  ratis.XceiverServerRatis (XceiverServerRatis.java:getRealPort(502)) - XceiverServerRatis 321876d2-b421-4eba-aafb-38bc2081ddf0 is started using port 44243 for RATIS_ADMIN
2022-10-06 01:03:12,707 [EndpointStateMachine task thread for /0.0.0.0:34983 - 0 ] INFO  ratis.XceiverServerRatis (XceiverServerRatis.java:getRealPort(502)) - XceiverServerRatis 321876d2-b421-4eba-aafb-38bc2081ddf0 is started using port 44243 for RATIS_SERVER
2022-10-06 01:03:12,709 [EndpointStateMachine task thread for /0.0.0.0:34983 - 0 ] INFO  server.XceiverServerGrpc (XceiverServerGrpc.java:start(180)) - XceiverServerGrpc 321876d2-b421-4eba-aafb-38bc2081ddf0 is started using port 36769
2022-10-06 01:03:13,280 [IPC Server handler 3 on default port 34983] INFO  net.NetworkTopologyImpl (NetworkTopologyImpl.java:add(112)) - Added a new node: /default-rack/4b23e9ad-4c3b-4e5e-a325-f9b3b725a9ac
2022-10-06 01:03:13,282 [IPC Server handler 3 on default port 34983] INFO  node.SCMNodeManager (SCMNodeManager.java:register(397)) - Registered Data node : 4b23e9ad-4c3b-4e5e-a325-f9b3b725a9ac{ip: 10.1.0.249, host: fv-az399-337.4urtqdmtpd2erju50p4tzyn2ng.bx.internal.cloudapp.net, ports: [REPLICATION=36061, RATIS=34691, RATIS_ADMIN=34691, RATIS_SERVER=34691, STANDALONE=43161], networkLocation: /default-rack, certSerialId: null, persistedOpState: null, persistedOpStateExpiryEpochSec: 0}
2022-10-06 01:03:13,285 [EventQueue-NewNodeForNewNodeHandler] INFO  pipeline.BackgroundPipelineCreator (BackgroundPipelineCreator.java:notifyEventTriggered(276)) - trigger a one-shot run on RatisPipelineUtilsThread.
2022-10-06 01:03:13,292 [RatisPipelineUtilsThread - 0] INFO  pipeline.RatisPipelineProvider (RatisPipelineProvider.java:lambda$create$0(195)) - Sending CreatePipelineCommand for pipeline:PipelineID=d7aa3d5d-dbc1-4713-8e15-679057b5b738 to datanode:4b23e9ad-4c3b-4e5e-a325-f9b3b725a9ac
2022-10-06 01:03:13,294 [EventQueue-NodeRegistrationContainerReportForDataNodeSafeModeRule] INFO  safemode.SCMSafeModeManager (DataNodeSafeModeRule.java:process(71)) - SCM in safe mode. 1 DataNodes registered, 3 required.
2022-10-06 01:03:13,294 [EventQueue-NodeRegistrationContainerReportForContainerSafeModeRule] INFO  safemode.SCMSafeModeManager (SCMSafeModeManager.java:validateSafeModeExitRules(204)) - ContainerSafeModeRule rule is successfully validated
2022-10-06 01:03:13,298 [EventQueue-PipelineReportForOneReplicaPipelineSafeModeRule] INFO  safemode.SCMSafeModeManager (SCMSafeModeManager.java:validateSafeModeExitRules(204)) - AtleastOneDatanodeReportedRule rule is successfully validated
2022-10-06 01:03:13,311 [RatisPipelineUtilsThread - 0] INFO  pipeline.PipelineStateManagerImpl (PipelineStateManagerImpl.java:addPipeline(103)) - Created pipeline Pipeline[ Id: d7aa3d5d-dbc1-4713-8e15-679057b5b738, Nodes: 4b23e9ad-4c3b-4e5e-a325-f9b3b725a9ac{ip: 10.1.0.249, host: fv-az399-337.4urtqdmtpd2erju50p4tzyn2ng.bx.internal.cloudapp.net, ports: [REPLICATION=36061, RATIS=34691, RATIS_ADMIN=34691, RATIS_SERVER=34691, STANDALONE=43161], networkLocation: /default-rack, certSerialId: null, persistedOpState: IN_SERVICE, persistedOpStateExpiryEpochSec: 0}, ReplicationConfig: RATIS/ONE, State:ALLOCATED, leaderId:, CreationTimestamp2022-10-06T01:03:13.291Z[Etc/UTC]].
2022-10-06 01:03:13,675 [Listener at 127.0.0.1/34317] INFO  ozone.MiniOzoneClusterImpl (MiniOzoneClusterImpl.java:lambda$waitForClusterToBeReady$0(216)) - Waiting for nodes to be ready. Got 1 of 5 DN Heartbeats.
2022-10-06 01:03:13,675 [Listener at 127.0.0.1/34317] INFO  ozone.MiniOzoneClusterImpl (MiniOzoneClusterImpl.java:lambda$waitForClusterToBeReady$0(219)) - Waiting for cluster to exit safe mode
2022-10-06 01:03:13,676 [Listener at 127.0.0.1/34317] INFO  ozone.MiniOzoneClusterImpl (MiniOzoneClusterImpl.java:lambda$waitForClusterToBeReady$0(221)) - SCM became leader
2022-10-06 01:03:13,715 [IPC Server handler 1 on default port 34983] INFO  net.NetworkTopologyImpl (NetworkTopologyImpl.java:add(112)) - Added a new node: /default-rack/68d8656a-d62a-40ab-a15f-69e804ac0718
2022-10-06 01:03:13,716 [IPC Server handler 1 on default port 34983] INFO  node.SCMNodeManager (SCMNodeManager.java:register(397)) - Registered Data node : 68d8656a-d62a-40ab-a15f-69e804ac0718{ip: 10.1.0.249, host: fv-az399-337.4urtqdmtpd2erju50p4tzyn2ng.bx.internal.cloudapp.net, ports: [REPLICATION=37929, RATIS=40209, RATIS_ADMIN=40209, RATIS_SERVER=40209, STANDALONE=39041], networkLocation: /default-rack, certSerialId: null, persistedOpState: null, persistedOpStateExpiryEpochSec: 0}
2022-10-06 01:03:13,716 [EventQueue-NewNodeForNewNodeHandler] INFO  pipeline.BackgroundPipelineCreator (BackgroundPipelineCreator.java:notifyEventTriggered(276)) - trigger a one-shot run on RatisPipelineUtilsThread.
2022-10-06 01:03:13,716 [EventQueue-NodeRegistrationContainerReportForDataNodeSafeModeRule] INFO  safemode.SCMSafeModeManager (DataNodeSafeModeRule.java:process(71)) - SCM in safe mode. 2 DataNodes registered, 3 required.
2022-10-06 01:03:13,718 [RatisPipelineUtilsThread - 0] INFO  pipeline.RatisPipelineProvider (RatisPipelineProvider.java:lambda$create$0(195)) - Sending CreatePipelineCommand for pipeline:PipelineID=49306abe-4419-453f-a035-a5175ed8c136 to datanode:68d8656a-d62a-40ab-a15f-69e804ac0718
2022-10-06 01:03:13,718 [RatisPipelineUtilsThread - 0] INFO  pipeline.PipelineStateManagerImpl (PipelineStateManagerImpl.java:addPipeline(103)) - Created pipeline Pipeline[ Id: 49306abe-4419-453f-a035-a5175ed8c136, Nodes: 68d8656a-d62a-40ab-a15f-69e804ac0718{ip: 10.1.0.249, host: fv-az399-337.4urtqdmtpd2erju50p4tzyn2ng.bx.internal.cloudapp.net, ports: [REPLICATION=37929, RATIS=40209, RATIS_ADMIN=40209, RATIS_SERVER=40209, STANDALONE=39041], networkLocation: /default-rack, certSerialId: null, persistedOpState: IN_SERVICE, persistedOpStateExpiryEpochSec: 0}, ReplicationConfig: RATIS/ONE, State:ALLOCATED, leaderId:, CreationTimestamp2022-10-06T01:03:13.718Z[Etc/UTC]].
2022-10-06 01:03:14,050 [IPC Server handler 3 on default port 34983] INFO  net.NetworkTopologyImpl (NetworkTopologyImpl.java:add(112)) - Added a new node: /default-rack/326c038e-632d-4c6b-af42-d1fe452b3912
2022-10-06 01:03:14,050 [IPC Server handler 3 on default port 34983] INFO  node.SCMNodeManager (SCMNodeManager.java:register(397)) - Registered Data node : 326c038e-632d-4c6b-af42-d1fe452b3912{ip: 10.1.0.249, host: fv-az399-337.4urtqdmtpd2erju50p4tzyn2ng.bx.internal.cloudapp.net, ports: [REPLICATION=45493, RATIS=42785, RATIS_ADMIN=42785, RATIS_SERVER=42785, STANDALONE=44145], networkLocation: /default-rack, certSerialId: null, persistedOpState: null, persistedOpStateExpiryEpochSec: 0}
2022-10-06 01:03:14,051 [EventQueue-NodeRegistrationContainerReportForDataNodeSafeModeRule] INFO  safemode.SCMSafeModeManager (DataNodeSafeModeRule.java:process(71)) - SCM in safe mode. 3 DataNodes registered, 3 required.
2022-10-06 01:03:14,051 [EventQueue-NodeRegistrationContainerReportForDataNodeSafeModeRule] INFO  safemode.SCMSafeModeManager (SCMSafeModeManager.java:validateSafeModeExitRules(204)) - DataNodeSafeModeRule rule is successfully validated
2022-10-06 01:03:14,051 [EventQueue-NodeRegistrationContainerReportForDataNodeSafeModeRule] INFO  safemode.SCMSafeModeManager (SCMSafeModeManager.java:completePreCheck(233)) - All SCM safe mode pre check rules have passed
2022-10-06 01:03:14,052 [EventQueue-NodeRegistrationContainerReportForDataNodeSafeModeRule] WARN  events.EventQueue (EventQueue.java:fireEvent(216)) - No event handler registered for event TypedEvent{payloadType=SafeModeStatus, name='Safe mode status'}
2022-10-06 01:03:14,052 [EventQueue-NodeRegistrationContainerReportForDataNodeSafeModeRule] INFO  ha.SCMContext (SCMContext.java:updateSafeModeStatus(228)) - Update SafeModeStatus from SafeModeStatus{safeModeStatus=true, preCheckPassed=false} to SafeModeStatus{safeModeStatus=true, preCheckPassed=true}.
2022-10-06 01:03:14,052 [EventQueue-NodeRegistrationContainerReportForDataNodeSafeModeRule] INFO  pipeline.BackgroundPipelineCreator (BackgroundPipelineCreator.java:notifyEventTriggered(276)) - trigger a one-shot run on RatisPipelineUtilsThread.
2022-10-06 01:03:14,052 [EventQueue-NewNodeForNewNodeHandler] INFO  pipeline.BackgroundPipelineCreator (BackgroundPipelineCreator.java:notifyEventTriggered(276)) - trigger a one-shot run on RatisPipelineUtilsThread.
2022-10-06 01:03:14,052 [RatisPipelineUtilsThread - 0] INFO  pipeline.RatisPipelineProvider (RatisPipelineProvider.java:lambda$create$0(195)) - Sending CreatePipelineCommand for pipeline:PipelineID=a30498b3-6e1d-4b8c-b9c5-0c680043648c to datanode:326c038e-632d-4c6b-af42-d1fe452b3912
2022-10-06 01:03:14,053 [RatisPipelineUtilsThread - 0] INFO  pipeline.PipelineStateManagerImpl (PipelineStateManagerImpl.java:addPipeline(103)) - Created pipeline Pipeline[ Id: a30498b3-6e1d-4b8c-b9c5-0c680043648c, Nodes: 326c038e-632d-4c6b-af42-d1fe452b3912{ip: 10.1.0.249, host: fv-az399-337.4urtqdmtpd2erju50p4tzyn2ng.bx.internal.cloudapp.net, ports: [REPLICATION=45493, RATIS=42785, RATIS_ADMIN=42785, RATIS_SERVER=42785, STANDALONE=44145], networkLocation: /default-rack, certSerialId: null, persistedOpState: IN_SERVICE, persistedOpStateExpiryEpochSec: 0}, ReplicationConfig: RATIS/ONE, State:ALLOCATED, leaderId:, CreationTimestamp2022-10-06T01:03:14.052Z[Etc/UTC]].
2022-10-06 01:03:14,055 [RatisPipelineUtilsThread - 0] INFO  pipeline.RatisPipelineProvider (RatisPipelineProvider.java:lambda$create$0(195)) - Sending CreatePipelineCommand for pipeline:PipelineID=515c0481-039e-4385-ab7b-cd32ce391285 to datanode:68d8656a-d62a-40ab-a15f-69e804ac0718
2022-10-06 01:03:14,056 [RatisPipelineUtilsThread - 0] INFO  pipeline.RatisPipelineProvider (RatisPipelineProvider.java:lambda$create$0(195)) - Sending CreatePipelineCommand for pipeline:PipelineID=515c0481-039e-4385-ab7b-cd32ce391285 to datanode:326c038e-632d-4c6b-af42-d1fe452b3912
2022-10-06 01:03:14,056 [RatisPipelineUtilsThread - 0] INFO  pipeline.RatisPipelineProvider (RatisPipelineProvider.java:lambda$create$0(195)) - Sending CreatePipelineCommand for pipeline:PipelineID=515c0481-039e-4385-ab7b-cd32ce391285 to datanode:4b23e9ad-4c3b-4e5e-a325-f9b3b725a9ac
2022-10-06 01:03:14,057 [RatisPipelineUtilsThread - 0] INFO  pipeline.PipelineStateManagerImpl (PipelineStateManagerImpl.java:addPipeline(103)) - Created pipeline Pipeline[ Id: 515c0481-039e-4385-ab7b-cd32ce391285, Nodes: 68d8656a-d62a-40ab-a15f-69e804ac0718{ip: 10.1.0.249, host: fv-az399-337.4urtqdmtpd2erju50p4tzyn2ng.bx.internal.cloudapp.net, ports: [REPLICATION=37929, RATIS=40209, RATIS_ADMIN=40209, RATIS_SERVER=40209, STANDALONE=39041], networkLocation: /default-rack, certSerialId: null, persistedOpState: IN_SERVICE, persistedOpStateExpiryEpochSec: 0}326c038e-632d-4c6b-af42-d1fe452b3912{ip: 10.1.0.249, host: fv-az399-337.4urtqdmtpd2erju50p4tzyn2ng.bx.internal.cloudapp.net, ports: [REPLICATION=45493, RATIS=42785, RATIS_ADMIN=42785, RATIS_SERVER=42785, STANDALONE=44145], networkLocation: /default-rack, certSerialId: null, persistedOpState: IN_SERVICE, persistedOpStateExpiryEpochSec: 0}4b23e9ad-4c3b-4e5e-a325-f9b3b725a9ac{ip: 10.1.0.249, host: fv-az399-337.4urtqdmtpd2erju50p4tzyn2ng.bx.internal.cloudapp.net, ports: [REPLICATION=36061, RATIS=34691, RATIS_ADMIN=34691, RATIS_SERVER=34691, STANDALONE=43161], networkLocation: /default-rack, certSerialId: null, persistedOpState: IN_SERVICE, persistedOpStateExpiryEpochSec: 0}, ReplicationConfig: RATIS/THREE, State:ALLOCATED, leaderId:, CreationTimestamp2022-10-06T01:03:14.055Z[Etc/UTC]].
2022-10-06 01:03:14,058 [RatisPipelineUtilsThread - 0] INFO  pipeline.RatisPipelineProvider (RatisPipelineProvider.java:lambda$create$0(195)) - Sending CreatePipelineCommand for pipeline:PipelineID=23626235-c7d9-47e2-b900-9b53d1d8130a to datanode:68d8656a-d62a-40ab-a15f-69e804ac0718
2022-10-06 01:03:14,058 [RatisPipelineUtilsThread - 0] INFO  pipeline.RatisPipelineProvider (RatisPipelineProvider.java:lambda$create$0(195)) - Sending CreatePipelineCommand for pipeline:PipelineID=23626235-c7d9-47e2-b900-9b53d1d8130a to datanode:326c038e-632d-4c6b-af42-d1fe452b3912
2022-10-06 01:03:14,058 [RatisPipelineUtilsThread - 0] INFO  pipeline.RatisPipelineProvider (RatisPipelineProvider.java:lambda$create$0(195)) - Sending CreatePipelineCommand for pipeline:PipelineID=23626235-c7d9-47e2-b900-9b53d1d8130a to datanode:4b23e9ad-4c3b-4e5e-a325-f9b3b725a9ac
2022-10-06 01:03:14,059 [RatisPipelineUtilsThread - 0] INFO  pipeline.PipelineStateManagerImpl (PipelineStateManagerImpl.java:addPipeline(103)) - Created pipeline Pipeline[ Id: 23626235-c7d9-47e2-b900-9b53d1d8130a, Nodes: 68d8656a-d62a-40ab-a15f-69e804ac0718{ip: 10.1.0.249, host: fv-az399-337.4urtqdmtpd2erju50p4tzyn2ng.bx.internal.cloudapp.net, ports: [REPLICATION=37929, RATIS=40209, RATIS_ADMIN=40209, RATIS_SERVER=40209, STANDALONE=39041], networkLocation: /default-rack, certSerialId: null, persistedOpState: IN_SERVICE, persistedOpStateExpiryEpochSec: 0}326c038e-632d-4c6b-af42-d1fe452b3912{ip: 10.1.0.249, host: fv-az399-337.4urtqdmtpd2erju50p4tzyn2ng.bx.internal.cloudapp.net, ports: [REPLICATION=45493, RATIS=42785, RATIS_ADMIN=42785, RATIS_SERVER=42785, STANDALONE=44145], networkLocation: /default-rack, certSerialId: null, persistedOpState: IN_SERVICE, persistedOpStateExpiryEpochSec: 0}4b23e9ad-4c3b-4e5e-a325-f9b3b725a9ac{ip: 10.1.0.249, host: fv-az399-337.4urtqdmtpd2erju50p4tzyn2ng.bx.internal.cloudapp.net, ports: [REPLICATION=36061, RATIS=34691, RATIS_ADMIN=34691, RATIS_SERVER=34691, STANDALONE=43161], networkLocation: /default-rack, certSerialId: null, persistedOpState: IN_SERVICE, persistedOpStateExpiryEpochSec: 0}, ReplicationConfig: RATIS/THREE, State:ALLOCATED, leaderId:, CreationTimestamp2022-10-06T01:03:14.058Z[Etc/UTC]].
2022-10-06 01:03:14,059 [RatisPipelineUtilsThread - 0] INFO  pipeline.PipelineManagerImpl (PipelineManagerImpl.java:recordMetricsForPipeline(796)) - Pipeline: PipelineID=23626235-c7d9-47e2-b900-9b53d1d8130a contains same datanodes as previous pipelines: PipelineID=515c0481-039e-4385-ab7b-cd32ce391285 nodeIds: 68d8656a-d62a-40ab-a15f-69e804ac0718, 326c038e-632d-4c6b-af42-d1fe452b3912, 4b23e9ad-4c3b-4e5e-a325-f9b3b725a9ac
2022-10-06 01:03:14,393 [IPC Server handler 2 on default port 34983] INFO  net.NetworkTopologyImpl (NetworkTopologyImpl.java:add(112)) - Added a new node: /default-rack/62d7347f-94d0-45cc-b868-9236a636eb61
2022-10-06 01:03:14,394 [IPC Server handler 2 on default port 34983] INFO  node.SCMNodeManager (SCMNodeManager.java:register(397)) - Registered Data node : 62d7347f-94d0-45cc-b868-9236a636eb61{ip: 10.1.0.249, host: fv-az399-337.4urtqdmtpd2erju50p4tzyn2ng.bx.internal.cloudapp.net, ports: [REPLICATION=38925, RATIS=41921, RATIS_ADMIN=41921, RATIS_SERVER=41921, STANDALONE=34417], networkLocation: /default-rack, certSerialId: null, persistedOpState: null, persistedOpStateExpiryEpochSec: 0}
2022-10-06 01:03:14,394 [EventQueue-NewNodeForNewNodeHandler] INFO  pipeline.BackgroundPipelineCreator (BackgroundPipelineCreator.java:notifyEventTriggered(276)) - trigger a one-shot run on RatisPipelineUtilsThread.
2022-10-06 01:03:14,395 [RatisPipelineUtilsThread - 0] INFO  pipeline.RatisPipelineProvider (RatisPipelineProvider.java:lambda$create$0(195)) - Sending CreatePipelineCommand for pipeline:PipelineID=d368ba86-a4a2-4789-bcb5-eae602682fb9 to datanode:62d7347f-94d0-45cc-b868-9236a636eb61
2022-10-06 01:03:14,396 [RatisPipelineUtilsThread - 0] INFO  pipeline.PipelineStateManagerImpl (PipelineStateManagerImpl.java:addPipeline(103)) - Created pipeline Pipeline[ Id: d368ba86-a4a2-4789-bcb5-eae602682fb9, Nodes: 62d7347f-94d0-45cc-b868-9236a636eb61{ip: 10.1.0.249, host: fv-az399-337.4urtqdmtpd2erju50p4tzyn2ng.bx.internal.cloudapp.net, ports: [REPLICATION=38925, RATIS=41921, RATIS_ADMIN=41921, RATIS_SERVER=41921, STANDALONE=34417], networkLocation: /default-rack, certSerialId: null, persistedOpState: IN_SERVICE, persistedOpStateExpiryEpochSec: 0}, ReplicationConfig: RATIS/ONE, State:ALLOCATED, leaderId:, CreationTimestamp2022-10-06T01:03:14.395Z[Etc/UTC]].
2022-10-06 01:03:14,676 [Listener at 127.0.0.1/34317] INFO  ozone.MiniOzoneClusterImpl (MiniOzoneClusterImpl.java:lambda$waitForClusterToBeReady$0(216)) - Waiting for nodes to be ready. Got 4 of 5 DN Heartbeats.
2022-10-06 01:03:14,676 [Listener at 127.0.0.1/34317] INFO  ozone.MiniOzoneClusterImpl (MiniOzoneClusterImpl.java:lambda$waitForClusterToBeReady$0(219)) - Waiting for cluster to exit safe mode
2022-10-06 01:03:14,676 [Listener at 127.0.0.1/34317] INFO  ozone.MiniOzoneClusterImpl (MiniOzoneClusterImpl.java:lambda$waitForClusterToBeReady$0(221)) - SCM became leader
2022-10-06 01:03:14,678 [IPC Server handler 0 on default port 34983] INFO  net.NetworkTopologyImpl (NetworkTopologyImpl.java:add(112)) - Added a new node: /default-rack/321876d2-b421-4eba-aafb-38bc2081ddf0
2022-10-06 01:03:14,679 [IPC Server handler 0 on default port 34983] INFO  node.SCMNodeManager (SCMNodeManager.java:register(397)) - Registered Data node : 321876d2-b421-4eba-aafb-38bc2081ddf0{ip: 10.1.0.249, host: fv-az399-337.4urtqdmtpd2erju50p4tzyn2ng.bx.internal.cloudapp.net, ports: [REPLICATION=44919, RATIS=44243, RATIS_ADMIN=44243, RATIS_SERVER=44243, STANDALONE=36769], networkLocation: /default-rack, certSerialId: null, persistedOpState: null, persistedOpStateExpiryEpochSec: 0}
2022-10-06 01:03:14,679 [EventQueue-NewNodeForNewNodeHandler] INFO  pipeline.BackgroundPipelineCreator (BackgroundPipelineCreator.java:notifyEventTriggered(276)) - trigger a one-shot run on RatisPipelineUtilsThread.
2022-10-06 01:03:14,680 [RatisPipelineUtilsThread - 0] INFO  pipeline.RatisPipelineProvider (RatisPipelineProvider.java:lambda$create$0(195)) - Sending CreatePipelineCommand for pipeline:PipelineID=b41e0106-ea8d-48ae-abab-29ef2e52a916 to datanode:321876d2-b421-4eba-aafb-38bc2081ddf0
2022-10-06 01:03:14,681 [RatisPipelineUtilsThread - 0] INFO  pipeline.PipelineStateManagerImpl (PipelineStateManagerImpl.java:addPipeline(103)) - Created pipeline Pipeline[ Id: b41e0106-ea8d-48ae-abab-29ef2e52a916, Nodes: 321876d2-b421-4eba-aafb-38bc2081ddf0{ip: 10.1.0.249, host: fv-az399-337.4urtqdmtpd2erju50p4tzyn2ng.bx.internal.cloudapp.net, ports: [REPLICATION=44919, RATIS=44243, RATIS_ADMIN=44243, RATIS_SERVER=44243, STANDALONE=36769], networkLocation: /default-rack, certSerialId: null, persistedOpState: IN_SERVICE, persistedOpStateExpiryEpochSec: 0}, ReplicationConfig: RATIS/ONE, State:ALLOCATED, leaderId:, CreationTimestamp2022-10-06T01:03:14.680Z[Etc/UTC]].
2022-10-06 01:03:15,677 [Listener at 127.0.0.1/34317] INFO  ozone.MiniOzoneClusterImpl (MiniOzoneClusterImpl.java:lambda$waitForClusterToBeReady$0(216)) - Nodes are ready. Got 5 of 5 DN Heartbeats.
2022-10-06 01:03:15,677 [Listener at 127.0.0.1/34317] INFO  ozone.MiniOzoneClusterImpl (MiniOzoneClusterImpl.java:lambda$waitForClusterToBeReady$0(219)) - Waiting for cluster to exit safe mode
2022-10-06 01:03:15,677 [Listener at 127.0.0.1/34317] INFO  ozone.MiniOzoneClusterImpl (MiniOzoneClusterImpl.java:lambda$waitForClusterToBeReady$0(221)) - SCM became leader
2022-10-06 01:03:16,276 [Command processor thread] INFO  server.RaftServer (RaftServerProxy.java:addNew(96)) - 4b23e9ad-4c3b-4e5e-a325-f9b3b725a9ac: addNew group-679057B5B738:[4b23e9ad-4c3b-4e5e-a325-f9b3b725a9ac|rpc:10.1.0.249:34691|priority:1] returns group-679057B5B738:java.util.concurrent.CompletableFuture@2f50517a[Not completed]
2022-10-06 01:03:16,284 [pool-73-thread-1] INFO  server.RaftServer$Division (RaftServerImpl.java:<init>(190)) - 4b23e9ad-4c3b-4e5e-a325-f9b3b725a9ac: new RaftServerImpl for group-679057B5B738:[4b23e9ad-4c3b-4e5e-a325-f9b3b725a9ac|rpc:10.1.0.249:34691|priority:1] with ContainerStateMachine:uninitialized
2022-10-06 01:03:16,285 [pool-73-thread-1] INFO  server.RaftServerConfigKeys (ConfUtils.java:logGet(46)) - raft.server.rpc.timeout.min = 5s (custom)
2022-10-06 01:03:16,285 [pool-73-thread-1] INFO  server.RaftServerConfigKeys (ConfUtils.java:logGet(46)) - raft.server.rpc.timeout.max = 5200ms (custom)
2022-10-06 01:03:16,285 [pool-73-thread-1] INFO  server.RaftServerConfigKeys (ConfUtils.java:logGet(46)) - raft.server.rpc.sleep.time = 25ms (default)
2022-10-06 01:03:16,285 [pool-73-thread-1] INFO  server.RaftServerConfigKeys (ConfUtils.java:logGet(46)) - raft.server.rpc.slowness.timeout = 300s (custom)
2022-10-06 01:03:16,285 [pool-73-thread-1] INFO  server.RaftServerConfigKeys (ConfUtils.java:logGet(46)) - raft.server.leaderelection.leader.step-down.wait-time = 10s (default)
2022-10-06 01:03:16,285 [pool-73-thread-1] INFO  server.RaftServerConfigKeys (ConfUtils.java:logGet(46)) - raft.server.sleep.deviation.threshold = 300ms (default)
2022-10-06 01:03:16,285 [pool-73-thread-1] INFO  server.RaftServer$Division (ServerState.java:<init>(107)) - 4b23e9ad-4c3b-4e5e-a325-f9b3b725a9ac@group-679057B5B738: ConfigurationManager, init=-1: [4b23e9ad-4c3b-4e5e-a325-f9b3b725a9ac|rpc:10.1.0.249:34691|priority:1], old=null, confs=<EMPTY_MAP>
2022-10-06 01:03:16,285 [pool-73-thread-1] INFO  server.RaftServerConfigKeys (ConfUtils.java:logGet(46)) - raft.server.storage.dir = [/home/runner/work/ozone/ozone/hadoop-ozone/integration-test/target/test-dir/MiniOzoneClusterImpl-cb9ba06c-8019-4b1a-b2e9-0b8ac0549875/datanode-0/data/ratis] (custom)
2022-10-06 01:03:16,285 [pool-73-thread-1] INFO  server.RaftServerConfigKeys (ConfUtils.java:logGet(46)) - raft.server.log.corruption.policy = EXCEPTION (default)
2022-10-06 01:03:16,285 [pool-73-thread-1] INFO  server.RaftServerConfigKeys (ConfUtils.java:logGet(46)) - raft.server.storage.free-space.min = 0MB (=0) (default)
2022-10-06 01:03:16,285 [pool-73-thread-1] INFO  storage.RaftStorageDirectory (RaftStorageDirectoryImpl.java:analyzeStorage(135)) - The storage directory /home/runner/work/ozone/ozone/hadoop-ozone/integration-test/target/test-dir/MiniOzoneClusterImpl-cb9ba06c-8019-4b1a-b2e9-0b8ac0549875/datanode-0/data/ratis/d7aa3d5d-dbc1-4713-8e15-679057b5b738 does not exist. Creating ...
2022-10-06 01:03:16,287 [pool-73-thread-1] INFO  storage.RaftStorageDirectory (RaftStorageDirectoryImpl.java:tryLock(230)) - Lock on /home/runner/work/ozone/ozone/hadoop-ozone/integration-test/target/test-dir/MiniOzoneClusterImpl-cb9ba06c-8019-4b1a-b2e9-0b8ac0549875/datanode-0/data/ratis/d7aa3d5d-dbc1-4713-8e15-679057b5b738/in_use.lock acquired by nodename 9215@fv-az399-337
2022-10-06 01:03:16,288 [pool-73-thread-1] INFO  storage.RaftStorage (RaftStorageImpl.java:format(89)) - Storage directory /home/runner/work/ozone/ozone/hadoop-ozone/integration-test/target/test-dir/MiniOzoneClusterImpl-cb9ba06c-8019-4b1a-b2e9-0b8ac0549875/datanode-0/data/ratis/d7aa3d5d-dbc1-4713-8e15-679057b5b738 has been successfully formatted.
2022-10-06 01:03:16,292 [pool-73-thread-1] INFO  ratis.ContainerStateMachine (ContainerStateMachine.java:loadSnapshot(236)) - group-679057B5B738: The snapshot info is null. Setting the last applied indexto:(t:0, i:~)
2022-10-06 01:03:16,302 [pool-73-thread-1] INFO  server.RaftServerConfigKeys (ConfUtils.java:logGet(46)) - raft.server.notification.no-leader.timeout = 300s (custom)
2022-10-06 01:03:16,302 [pool-73-thread-1] INFO  server.RaftServerConfigKeys (ConfUtils.java:logGet(46)) - raft.server.log.use.memory = false (default)
2022-10-06 01:03:16,302 [pool-73-thread-1] INFO  server.RaftServerConfigKeys (ConfUtils.java:logGet(46)) - raft.server.log.purge.gap = 1000000 (custom)
2022-10-06 01:03:16,302 [pool-73-thread-1] INFO  server.RaftServerConfigKeys (ConfUtils.java:logGet(46)) - raft.server.log.appender.buffer.byte-limit = 33554432 (custom)
2022-10-06 01:03:16,302 [pool-73-thread-1] INFO  server.RaftServerConfigKeys (ConfUtils.java:logGet(46)) - raft.server.log.statemachine.data.read.timeout = 1000ms (default)
2022-10-06 01:03:16,302 [pool-73-thread-1] INFO  server.RaftServerConfigKeys (ConfUtils.java:logGet(46)) - raft.server.log.segment.size.max = 1048576 (custom)
2022-10-06 01:03:16,303 [pool-73-thread-1] INFO  server.RaftServerConfigKeys (ConfUtils.java:logGet(46)) - raft.server.log.segment.cache.num.max = 2 (custom)
2022-10-06 01:03:16,303 [pool-73-thread-1] INFO  server.RaftServerConfigKeys (ConfUtils.java:logGet(46)) - raft.server.log.segment.cache.size.max = 200MB (=209715200) (default)
2022-10-06 01:03:16,303 [pool-73-thread-1] INFO  segmented.SegmentedRaftLogWorker (SegmentedRaftLogWorker.java:<init>(187)) - new 4b23e9ad-4c3b-4e5e-a325-f9b3b725a9ac@group-679057B5B738-SegmentedRaftLogWorker for RaftStorageImpl:Storage Directory /home/runner/work/ozone/ozone/hadoop-ozone/integration-test/target/test-dir/MiniOzoneClusterImpl-cb9ba06c-8019-4b1a-b2e9-0b8ac0549875/datanode-0/data/ratis/d7aa3d5d-dbc1-4713-8e15-679057b5b738
2022-10-06 01:03:16,303 [pool-73-thread-1] INFO  server.RaftServerConfigKeys (ConfUtils.java:logGet(46)) - raft.server.log.queue.byte-limit = 4294967296 (custom)
2022-10-06 01:03:16,303 [pool-73-thread-1] INFO  server.RaftServerConfigKeys (ConfUtils.java:logGet(46)) - raft.server.log.queue.element-limit = 1024 (custom)
2022-10-06 01:03:16,303 [pool-73-thread-1] INFO  server.RaftServerConfigKeys (ConfUtils.java:logGet(46)) - raft.server.log.segment.size.max = 1048576 (custom)
2022-10-06 01:03:16,303 [pool-73-thread-1] INFO  server.RaftServerConfigKeys (ConfUtils.java:logGet(46)) - raft.server.log.preallocated.size = 16384 (custom)
2022-10-06 01:03:16,303 [pool-73-thread-1] INFO  server.RaftServerConfigKeys (ConfUtils.java:logGet(46)) - raft.server.log.force.sync.num = 128 (default)
2022-10-06 01:03:16,303 [pool-73-thread-1] INFO  server.RaftServerConfigKeys (ConfUtils.java:logGet(46)) - raft.server.log.statemachine.data.sync = true (default)
2022-10-06 01:03:16,303 [pool-73-thread-1] INFO  server.RaftServerConfigKeys (ConfUtils.java:logGet(46)) - raft.server.log.statemachine.data.sync.timeout = 10s (default)
2022-10-06 01:03:16,303 [pool-73-thread-1] INFO  server.RaftServerConfigKeys (ConfUtils.java:logGet(46)) - raft.server.log.statemachine.data.sync.timeout.retry = -1 (default)
2022-10-06 01:03:16,307 [pool-73-thread-1] INFO  server.RaftServerConfigKeys (ConfUtils.java:logGet(46)) - raft.server.log.write.buffer.size = 1048576 (custom)
2022-10-06 01:03:16,307 [pool-73-thread-1] INFO  server.RaftServerConfigKeys (ConfUtils.java:logGet(46)) - raft.server.log.unsafe-flush.enabled = false (default)
2022-10-06 01:03:16,307 [pool-73-thread-1] INFO  server.RaftServerConfigKeys (ConfUtils.java:logGet(46)) - raft.server.log.statemachine.data.caching.enabled = true (custom)
2022-10-06 01:03:16,308 [pool-73-thread-1] INFO  segmented.SegmentedRaftLogWorker (SegmentedRaftLogWorker.java:lambda$new$0(135)) - 4b23e9ad-4c3b-4e5e-a325-f9b3b725a9ac@group-679057B5B738-SegmentedRaftLogWorker: flushIndex: setUnconditionally 0 -> -1
2022-10-06 01:03:16,308 [pool-73-thread-1] INFO  segmented.SegmentedRaftLogWorker (SegmentedRaftLogWorker.java:lambda$new$0(135)) - 4b23e9ad-4c3b-4e5e-a325-f9b3b725a9ac@group-679057B5B738-SegmentedRaftLogWorker: safeCacheEvictIndex: setUnconditionally 0 -> -1
2022-10-06 01:03:16,308 [pool-73-thread-1] INFO  server.RaftServerConfigKeys (ConfUtils.java:logGet(46)) - raft.server.snapshot.auto.trigger.enabled = true (custom)
2022-10-06 01:03:16,308 [pool-73-thread-1] INFO  server.RaftServerConfigKeys (ConfUtils.java:logGet(46)) - raft.server.snapshot.auto.trigger.threshold = 10000 (custom)
2022-10-06 01:03:16,308 [pool-73-thread-1] INFO  server.RaftServerConfigKeys (ConfUtils.java:logGet(46)) - raft.server.snapshot.retention.file.num = 5 (custom)
2022-10-06 01:03:16,308 [pool-73-thread-1] INFO  server.RaftServerConfigKeys (ConfUtils.java:logGet(46)) - raft.server.log.purge.upto.snapshot.index = false (default)
2022-10-06 01:03:16,308 [pool-73-thread-1] INFO  server.RaftServerConfigKeys (ConfUtils.java:logGet(46)) - raft.server.retrycache.expirytime = 600000ms (custom)
2022-10-06 01:03:16,308 [pool-73-thread-1] INFO  server.RaftServerConfigKeys (ConfUtils.java:logGet(46)) - raft.server.retrycache.statistics.expirytime = 100μs (default)
2022-10-06 01:03:16,317 [pool-73-thread-1] INFO  server.RaftServerConfigKeys (ConfUtils.java:logGet(46)) - raft.server.log.appender.install.snapshot.enabled = false (custom)
2022-10-06 01:03:16,317 [pool-73-thread-1] INFO  server.RaftServerConfigKeys (ConfUtils.java:logGet(46)) - raft.server.threadpool.server.cached = true (default)
2022-10-06 01:03:16,317 [pool-73-thread-1] INFO  server.RaftServerConfigKeys (ConfUtils.java:logGet(46)) - raft.server.threadpool.server.size = 0 (default)
2022-10-06 01:03:16,317 [pool-73-thread-1] INFO  server.RaftServerConfigKeys (ConfUtils.java:logGet(46)) - raft.server.threadpool.client.cached = true (default)
2022-10-06 01:03:16,317 [pool-73-thread-1] INFO  server.RaftServerConfigKeys (ConfUtils.java:logGet(46)) - raft.server.threadpool.client.size = 0 (default)
2022-10-06 01:03:16,317 [pool-73-thread-1] INFO  server.RaftServer$Division (RaftServerImpl.java:start(310)) - 4b23e9ad-4c3b-4e5e-a325-f9b3b725a9ac@group-679057B5B738: start as a follower, conf=-1: [4b23e9ad-4c3b-4e5e-a325-f9b3b725a9ac|rpc:10.1.0.249:34691|priority:1], old=null
2022-10-06 01:03:16,317 [pool-73-thread-1] INFO  server.RaftServer$Division (RaftServerImpl.java:setRole(299)) - 4b23e9ad-4c3b-4e5e-a325-f9b3b725a9ac@group-679057B5B738: changes role from      null to FOLLOWER at term 0 for startAsFollower
2022-10-06 01:03:16,317 [pool-73-thread-1] INFO  impl.RoleInfo (RoleInfo.java:updateAndGet(139)) - 4b23e9ad-4c3b-4e5e-a325-f9b3b725a9ac: start 4b23e9ad-4c3b-4e5e-a325-f9b3b725a9ac@group-679057B5B738-FollowerState
2022-10-06 01:03:16,322 [pool-73-thread-1] INFO  util.JmxRegister (JmxRegister.java:tryRegister(44)) - Successfully registered JMX Bean with object name Ratis:service=RaftServer,group=group-679057B5B738,id=4b23e9ad-4c3b-4e5e-a325-f9b3b725a9ac
2022-10-06 01:03:16,329 [EventQueue-PipelineReportForPipelineReportHandler] INFO  pipeline.PipelineManagerImpl (PipelineManagerImpl.java:openPipeline(367)) - Pipeline Pipeline[ Id: d7aa3d5d-dbc1-4713-8e15-679057b5b738, Nodes: 4b23e9ad-4c3b-4e5e-a325-f9b3b725a9ac{ip: 10.1.0.249, host: fv-az399-337.4urtqdmtpd2erju50p4tzyn2ng.bx.internal.cloudapp.net, ports: [REPLICATION=36061, RATIS=34691, RATIS_ADMIN=34691, RATIS_SERVER=34691, STANDALONE=43161], networkLocation: /default-rack, certSerialId: null, persistedOpState: IN_SERVICE, persistedOpStateExpiryEpochSec: 0}, ReplicationConfig: RATIS/ONE, State:ALLOCATED, leaderId:4b23e9ad-4c3b-4e5e-a325-f9b3b725a9ac, CreationTimestamp2022-10-06T01:03:13.291Z[Etc/UTC]] moved to OPEN state
2022-10-06 01:03:16,342 [EventQueue-OpenPipelineForHealthyPipelineSafeModeRule] INFO  safemode.SCMSafeModeManager (HealthyPipelineSafeModeRule.java:process(137)) - SCM in safe mode. Healthy pipelines reported count is 0, required healthy pipeline reported count is 1
2022-10-06 01:03:16,343 [Command processor thread] INFO  ratis.XceiverServerRatis (XceiverServerRatis.java:addGroup(765)) - Created group PipelineID=d7aa3d5d-dbc1-4713-8e15-679057b5b738
2022-10-06 01:03:16,344 [Command processor thread] INFO  commandhandler.CreatePipelineCommandHandler (CreatePipelineCommandHandler.java:handle(113)) - Created Pipeline RATIS ONE PipelineID=d7aa3d5d-dbc1-4713-8e15-679057b5b738.
2022-10-06 01:03:16,344 [Command processor thread] INFO  server.RaftServer (RaftServerProxy.java:addNew(96)) - 4b23e9ad-4c3b-4e5e-a325-f9b3b725a9ac: addNew group-CD32CE391285:[326c038e-632d-4c6b-af42-d1fe452b3912|rpc:10.1.0.249:42785|priority:0, 68d8656a-d62a-40ab-a15f-69e804ac0718|rpc:10.1.0.249:40209|priority:1, 4b23e9ad-4c3b-4e5e-a325-f9b3b725a9ac|rpc:10.1.0.249:34691|priority:0] returns group-CD32CE391285:java.util.concurrent.CompletableFuture@4e22fd78[Not completed]
2022-10-06 01:03:16,347 [pool-73-thread-1] INFO  server.RaftServer$Division (RaftServerImpl.java:<init>(190)) - 4b23e9ad-4c3b-4e5e-a325-f9b3b725a9ac: new RaftServerImpl for group-CD32CE391285:[326c038e-632d-4c6b-af42-d1fe452b3912|rpc:10.1.0.249:42785|priority:0, 68d8656a-d62a-40ab-a15f-69e804ac0718|rpc:10.1.0.249:40209|priority:1, 4b23e9ad-4c3b-4e5e-a325-f9b3b725a9ac|rpc:10.1.0.249:34691|priority:0] with ContainerStateMachine:uninitialized
2022-10-06 01:03:16,347 [pool-73-thread-1] INFO  server.RaftServerConfigKeys (ConfUtils.java:logGet(46)) - raft.server.rpc.timeout.min = 5s (custom)
2022-10-06 01:03:16,347 [pool-73-thread-1] INFO  server.RaftServerConfigKeys (ConfUtils.java:logGet(46)) - raft.server.rpc.timeout.max = 5200ms (custom)
2022-10-06 01:03:16,347 [pool-73-thread-1] INFO  server.RaftServerConfigKeys (ConfUtils.java:logGet(46)) - raft.server.rpc.sleep.time = 25ms (default)
2022-10-06 01:03:16,347 [pool-73-thread-1] INFO  server.RaftServerConfigKeys (ConfUtils.java:logGet(46)) - raft.server.rpc.slowness.timeout = 300s (custom)
2022-10-06 01:03:16,347 [pool-73-thread-1] INFO  server.RaftServerConfigKeys (ConfUtils.java:logGet(46)) - raft.server.leaderelection.leader.step-down.wait-time = 10s (default)
2022-10-06 01:03:16,347 [pool-73-thread-1] INFO  server.RaftServerConfigKeys (ConfUtils.java:logGet(46)) - raft.server.sleep.deviation.threshold = 300ms (default)
2022-10-06 01:03:16,347 [pool-73-thread-1] INFO  server.RaftServer$Division (ServerState.java:<init>(107)) - 4b23e9ad-4c3b-4e5e-a325-f9b3b725a9ac@group-CD32CE391285: ConfigurationManager, init=-1: [326c038e-632d-4c6b-af42-d1fe452b3912|rpc:10.1.0.249:42785|priority:0, 68d8656a-d62a-40ab-a15f-69e804ac0718|rpc:10.1.0.249:40209|priority:1, 4b23e9ad-4c3b-4e5e-a325-f9b3b725a9ac|rpc:10.1.0.249:34691|priority:0], old=null, confs=<EMPTY_MAP>
2022-10-06 01:03:16,347 [pool-73-thread-1] INFO  server.RaftServerConfigKeys (ConfUtils.java:logGet(46)) - raft.server.storage.dir = [/home/runner/work/ozone/ozone/hadoop-ozone/integration-test/target/test-dir/MiniOzoneClusterImpl-cb9ba06c-8019-4b1a-b2e9-0b8ac0549875/datanode-0/data/ratis] (custom)
2022-10-06 01:03:16,348 [pool-73-thread-1] INFO  server.RaftServerConfigKeys (ConfUtils.java:logGet(46)) - raft.server.log.corruption.policy = EXCEPTION (default)
2022-10-06 01:03:16,348 [pool-73-thread-1] INFO  server.RaftServerConfigKeys (ConfUtils.java:logGet(46)) - raft.server.storage.free-space.min = 0MB (=0) (default)
2022-10-06 01:03:16,348 [pool-73-thread-1] INFO  storage.RaftStorageDirectory (RaftStorageDirectoryImpl.java:analyzeStorage(135)) - The storage directory /home/runner/work/ozone/ozone/hadoop-ozone/integration-test/target/test-dir/MiniOzoneClusterImpl-cb9ba06c-8019-4b1a-b2e9-0b8ac0549875/datanode-0/data/ratis/515c0481-039e-4385-ab7b-cd32ce391285 does not exist. Creating ...
2022-10-06 01:03:16,348 [pool-73-thread-1] INFO  storage.RaftStorageDirectory (RaftStorageDirectoryImpl.java:tryLock(230)) - Lock on /home/runner/work/ozone/ozone/hadoop-ozone/integration-test/target/test-dir/MiniOzoneClusterImpl-cb9ba06c-8019-4b1a-b2e9-0b8ac0549875/datanode-0/data/ratis/515c0481-039e-4385-ab7b-cd32ce391285/in_use.lock acquired by nodename 9215@fv-az399-337
2022-10-06 01:03:16,351 [pool-73-thread-1] INFO  storage.RaftStorage (RaftStorageImpl.java:format(89)) - Storage directory /home/runner/work/ozone/ozone/hadoop-ozone/integration-test/target/test-dir/MiniOzoneClusterImpl-cb9ba06c-8019-4b1a-b2e9-0b8ac0549875/datanode-0/data/ratis/515c0481-039e-4385-ab7b-cd32ce391285 has been successfully formatted.
2022-10-06 01:03:16,351 [pool-73-thread-1] INFO  ratis.ContainerStateMachine (ContainerStateMachine.java:loadSnapshot(236)) - group-CD32CE391285: The snapshot info is null. Setting the last applied indexto:(t:0, i:~)
2022-10-06 01:03:16,351 [pool-73-thread-1] INFO  server.RaftServerConfigKeys (ConfUtils.java:logGet(46)) - raft.server.notification.no-leader.timeout = 300s (custom)
2022-10-06 01:03:16,351 [pool-73-thread-1] INFO  server.RaftServerConfigKeys (ConfUtils.java:logGet(46)) - raft.server.log.use.memory = false (default)
2022-10-06 01:03:16,352 [pool-73-thread-1] INFO  server.RaftServerConfigKeys (ConfUtils.java:logGet(46)) - raft.server.log.purge.gap = 1000000 (custom)
2022-10-06 01:03:16,354 [EventQueue-OpenPipelineForHealthyPipelineSafeModeRule] INFO  safemode.SCMSafeModeManager (HealthyPipelineSafeModeRule.java:process(137)) - SCM in safe mode. Healthy pipelines reported count is 0, required healthy pipeline reported count is 1
2022-10-06 01:03:16,354 [pool-73-thread-1] INFO  server.RaftServerConfigKeys (ConfUtils.java:logGet(46)) - raft.server.log.appender.buffer.byte-limit = 33554432 (custom)
2022-10-06 01:03:16,354 [pool-73-thread-1] INFO  server.RaftServerConfigKeys (ConfUtils.java:logGet(46)) - raft.server.log.statemachine.data.read.timeout = 1000ms (default)
2022-10-06 01:03:16,354 [pool-73-thread-1] INFO  server.RaftServerConfigKeys (ConfUtils.java:logGet(46)) - raft.server.log.segment.size.max = 1048576 (custom)
2022-10-06 01:03:16,359 [pool-73-thread-1] INFO  server.RaftServerConfigKeys (ConfUtils.java:logGet(46)) - raft.server.log.segment.cache.num.max = 2 (custom)
2022-10-06 01:03:16,359 [pool-73-thread-1] INFO  server.RaftServerConfigKeys (ConfUtils.java:logGet(46)) - raft.server.log.segment.cache.size.max = 200MB (=209715200) (default)
2022-10-06 01:03:16,359 [pool-73-thread-1] INFO  segmented.SegmentedRaftLogWorker (SegmentedRaftLogWorker.java:<init>(187)) - new 4b23e9ad-4c3b-4e5e-a325-f9b3b725a9ac@group-CD32CE391285-SegmentedRaftLogWorker for RaftStorageImpl:Storage Directory /home/runner/work/ozone/ozone/hadoop-ozone/integration-test/target/test-dir/MiniOzoneClusterImpl-cb9ba06c-8019-4b1a-b2e9-0b8ac0549875/datanode-0/data/ratis/515c0481-039e-4385-ab7b-cd32ce391285
2022-10-06 01:03:16,359 [pool-73-thread-1] INFO  server.RaftServerConfigKeys (ConfUtils.java:logGet(46)) - raft.server.log.queue.byte-limit = 4294967296 (custom)
2022-10-06 01:03:16,359 [pool-73-thread-1] INFO  server.RaftServerConfigKeys (ConfUtils.java:logGet(46)) - raft.server.log.queue.element-limit = 1024 (custom)
2022-10-06 01:03:16,359 [pool-73-thread-1] INFO  server.RaftServerConfigKeys (ConfUtils.java:logGet(46)) - raft.server.log.segment.size.max = 1048576 (custom)
2022-10-06 01:03:16,359 [pool-73-thread-1] INFO  server.RaftServerConfigKeys (ConfUtils.java:logGet(46)) - raft.server.log.preallocated.size = 16384 (custom)
2022-10-06 01:03:16,359 [pool-73-thread-1] INFO  server.RaftServerConfigKeys (ConfUtils.java:logGet(46)) - raft.server.log.force.sync.num = 128 (default)
2022-10-06 01:03:16,360 [pool-73-thread-1] INFO  server.RaftServerConfigKeys (ConfUtils.java:logGet(46)) - raft.server.log.statemachine.data.sync = true (default)
2022-10-06 01:03:16,360 [pool-73-thread-1] INFO  server.RaftServerConfigKeys (ConfUtils.java:logGet(46)) - raft.server.log.statemachine.data.sync.timeout = 10s (default)
2022-10-06 01:03:16,360 [pool-73-thread-1] INFO  server.RaftServerConfigKeys (ConfUtils.java:logGet(46)) - raft.server.log.statemachine.data.sync.timeout.retry = -1 (default)
2022-10-06 01:03:16,361 [pool-73-thread-1] INFO  server.RaftServerConfigKeys (ConfUtils.java:logGet(46)) - raft.server.log.write.buffer.size = 1048576 (custom)
2022-10-06 01:03:16,361 [pool-73-thread-1] INFO  server.RaftServerConfigKeys (ConfUtils.java:logGet(46)) - raft.server.log.unsafe-flush.enabled = false (default)
2022-10-06 01:03:16,361 [pool-73-thread-1] INFO  server.RaftServerConfigKeys (ConfUtils.java:logGet(46)) - raft.server.log.statemachine.data.caching.enabled = true (custom)
2022-10-06 01:03:16,362 [pool-73-thread-1] INFO  segmented.SegmentedRaftLogWorker (SegmentedRaftLogWorker.java:lambda$new$0(135)) - 4b23e9ad-4c3b-4e5e-a325-f9b3b725a9ac@group-CD32CE391285-SegmentedRaftLogWorker: flushIndex: setUnconditionally 0 -> -1
2022-10-06 01:03:16,362 [pool-73-thread-1] INFO  segmented.SegmentedRaftLogWorker (SegmentedRaftLogWorker.java:lambda$new$0(135)) - 4b23e9ad-4c3b-4e5e-a325-f9b3b725a9ac@group-CD32CE391285-SegmentedRaftLogWorker: safeCacheEvictIndex: setUnconditionally 0 -> -1
2022-10-06 01:03:16,362 [pool-73-thread-1] INFO  server.RaftServerConfigKeys (ConfUtils.java:logGet(46)) - raft.server.snapshot.auto.trigger.enabled = true (custom)
2022-10-06 01:03:16,362 [pool-73-thread-1] INFO  server.RaftServerConfigKeys (ConfUtils.java:logGet(46)) - raft.server.snapshot.auto.trigger.threshold = 10000 (custom)
2022-10-06 01:03:16,362 [pool-73-thread-1] INFO  server.RaftServerConfigKeys (ConfUtils.java:logGet(46)) - raft.server.snapshot.retention.file.num = 5 (custom)
2022-10-06 01:03:16,362 [pool-73-thread-1] INFO  server.RaftServerConfigKeys (ConfUtils.java:logGet(46)) - raft.server.log.purge.upto.snapshot.index = false (default)
2022-10-06 01:03:16,362 [pool-73-thread-1] INFO  server.RaftServerConfigKeys (ConfUtils.java:logGet(46)) - raft.server.retrycache.expirytime = 600000ms (custom)
2022-10-06 01:03:16,362 [pool-73-thread-1] INFO  server.RaftServerConfigKeys (ConfUtils.java:logGet(46)) - raft.server.retrycache.statistics.expirytime = 100μs (default)
2022-10-06 01:03:16,366 [pool-73-thread-1] INFO  server.RaftServerConfigKeys (ConfUtils.java:logGet(46)) - raft.server.log.appender.install.snapshot.enabled = false (custom)
2022-10-06 01:03:16,366 [pool-73-thread-1] INFO  server.RaftServerConfigKeys (ConfUtils.java:logGet(46)) - raft.server.threadpool.server.cached = true (default)
2022-10-06 01:03:16,366 [pool-73-thread-1] INFO  server.RaftServerConfigKeys (ConfUtils.java:logGet(46)) - raft.server.threadpool.server.size = 0 (default)
2022-10-06 01:03:16,366 [pool-73-thread-1] INFO  server.RaftServerConfigKeys (ConfUtils.java:logGet(46)) - raft.server.threadpool.client.cached = true (default)
2022-10-06 01:03:16,366 [pool-73-thread-1] INFO  server.RaftServerConfigKeys (ConfUtils.java:logGet(46)) - raft.server.threadpool.client.size = 0 (default)
2022-10-06 01:03:16,366 [pool-73-thread-1] INFO  server.RaftServer$Division (RaftServerImpl.java:start(310)) - 4b23e9ad-4c3b-4e5e-a325-f9b3b725a9ac@group-CD32CE391285: start as a follower, conf=-1: [326c038e-632d-4c6b-af42-d1fe452b3912|rpc:10.1.0.249:42785|priority:0, 68d8656a-d62a-40ab-a15f-69e804ac0718|rpc:10.1.0.249:40209|priority:1, 4b23e9ad-4c3b-4e5e-a325-f9b3b725a9ac|rpc:10.1.0.249:34691|priority:0], old=null
2022-10-06 01:03:16,366 [pool-73-thread-1] INFO  server.RaftServer$Division (RaftServerImpl.java:setRole(299)) - 4b23e9ad-4c3b-4e5e-a325-f9b3b725a9ac@group-CD32CE391285: changes role from      null to FOLLOWER at term 0 for startAsFollower
2022-10-06 01:03:16,366 [pool-73-thread-1] INFO  impl.RoleInfo (RoleInfo.java:updateAndGet(139)) - 4b23e9ad-4c3b-4e5e-a325-f9b3b725a9ac: start 4b23e9ad-4c3b-4e5e-a325-f9b3b725a9ac@group-CD32CE391285-FollowerState
2022-10-06 01:03:16,368 [pool-73-thread-1] INFO  util.JmxRegister (JmxRegister.java:tryRegister(44)) - Successfully registered JMX Bean with object name Ratis:service=RaftServer,group=group-CD32CE391285,id=4b23e9ad-4c3b-4e5e-a325-f9b3b725a9ac
2022-10-06 01:03:16,369 [Command processor thread] INFO  ratis.XceiverServerRatis (XceiverServerRatis.java:addGroup(765)) - Created group PipelineID=515c0481-039e-4385-ab7b-cd32ce391285
2022-10-06 01:03:16,678 [Listener at 127.0.0.1/34317] INFO  ozone.MiniOzoneClusterImpl (MiniOzoneClusterImpl.java:lambda$waitForClusterToBeReady$0(216)) - Nodes are ready. Got 5 of 5 DN Heartbeats.
2022-10-06 01:03:16,678 [Listener at 127.0.0.1/34317] INFO  ozone.MiniOzoneClusterImpl (MiniOzoneClusterImpl.java:lambda$waitForClusterToBeReady$0(219)) - Waiting for cluster to exit safe mode
2022-10-06 01:03:16,678 [Listener at 127.0.0.1/34317] INFO  ozone.MiniOzoneClusterImpl (MiniOzoneClusterImpl.java:lambda$waitForClusterToBeReady$0(221)) - SCM became leader
2022-10-06 01:03:16,715 [Command processor thread] INFO  server.RaftServer (RaftServerProxy.java:addNew(96)) - 68d8656a-d62a-40ab-a15f-69e804ac0718: addNew group-A5175ED8C136:[68d8656a-d62a-40ab-a15f-69e804ac0718|rpc:10.1.0.249:40209|priority:1] returns group-A5175ED8C136:java.util.concurrent.CompletableFuture@3b8e5b35[Not completed]
2022-10-06 01:03:16,720 [pool-96-thread-1] INFO  server.RaftServer$Division (RaftServerImpl.java:<init>(190)) - 68d8656a-d62a-40ab-a15f-69e804ac0718: new RaftServerImpl for group-A5175ED8C136:[68d8656a-d62a-40ab-a15f-69e804ac0718|rpc:10.1.0.249:40209|priority:1] with ContainerStateMachine:uninitialized
2022-10-06 01:03:16,720 [pool-96-thread-1] INFO  server.RaftServerConfigKeys (ConfUtils.java:logGet(46)) - raft.server.rpc.timeout.min = 5s (custom)
2022-10-06 01:03:16,720 [pool-96-thread-1] INFO  server.RaftServerConfigKeys (ConfUtils.java:logGet(46)) - raft.server.rpc.timeout.max = 5200ms (custom)
2022-10-06 01:03:16,720 [pool-96-thread-1] INFO  server.RaftServerConfigKeys (ConfUtils.java:logGet(46)) - raft.server.rpc.sleep.time = 25ms (default)
2022-10-06 01:03:16,720 [pool-96-thread-1] INFO  server.RaftServerConfigKeys (ConfUtils.java:logGet(46)) - raft.server.rpc.slowness.timeout = 300s (custom)
2022-10-06 01:03:16,720 [pool-96-thread-1] INFO  server.RaftServerConfigKeys (ConfUtils.java:logGet(46)) - raft.server.leaderelection.leader.step-down.wait-time = 10s (default)
2022-10-06 01:03:16,720 [pool-96-thread-1] INFO  server.RaftServerConfigKeys (ConfUtils.java:logGet(46)) - raft.server.sleep.deviation.threshold = 300ms (default)
2022-10-06 01:03:16,720 [pool-96-thread-1] INFO  server.RaftServer$Division (ServerState.java:<init>(107)) - 68d8656a-d62a-40ab-a15f-69e804ac0718@group-A5175ED8C136: ConfigurationManager, init=-1: [68d8656a-d62a-40ab-a15f-69e804ac0718|rpc:10.1.0.249:40209|priority:1], old=null, confs=<EMPTY_MAP>
2022-10-06 01:03:16,720 [pool-96-thread-1] INFO  server.RaftServerConfigKeys (ConfUtils.java:logGet(46)) - raft.server.storage.dir = [/home/runner/work/ozone/ozone/hadoop-ozone/integration-test/target/test-dir/MiniOzoneClusterImpl-cb9ba06c-8019-4b1a-b2e9-0b8ac0549875/datanode-1/data/ratis] (custom)
2022-10-06 01:03:16,720 [pool-96-thread-1] INFO  server.RaftServerConfigKeys (ConfUtils.java:logGet(46)) - raft.server.log.corruption.policy = EXCEPTION (default)
2022-10-06 01:03:16,720 [pool-96-thread-1] INFO  server.RaftServerConfigKeys (ConfUtils.java:logGet(46)) - raft.server.storage.free-space.min = 0MB (=0) (default)
2022-10-06 01:03:16,721 [pool-96-thread-1] INFO  storage.RaftStorageDirectory (RaftStorageDirectoryImpl.java:analyzeStorage(135)) - The storage directory /home/runner/work/ozone/ozone/hadoop-ozone/integration-test/target/test-dir/MiniOzoneClusterImpl-cb9ba06c-8019-4b1a-b2e9-0b8ac0549875/datanode-1/data/ratis/49306abe-4419-453f-a035-a5175ed8c136 does not exist. Creating ...
2022-10-06 01:03:16,722 [pool-96-thread-1] INFO  storage.RaftStorageDirectory (RaftStorageDirectoryImpl.java:tryLock(230)) - Lock on /home/runner/work/ozone/ozone/hadoop-ozone/integration-test/target/test-dir/MiniOzoneClusterImpl-cb9ba06c-8019-4b1a-b2e9-0b8ac0549875/datanode-1/data/ratis/49306abe-4419-453f-a035-a5175ed8c136/in_use.lock acquired by nodename 9215@fv-az399-337
2022-10-06 01:03:16,724 [pool-96-thread-1] INFO  storage.RaftStorage (RaftStorageImpl.java:format(89)) - Storage directory /home/runner/work/ozone/ozone/hadoop-ozone/integration-test/target/test-dir/MiniOzoneClusterImpl-cb9ba06c-8019-4b1a-b2e9-0b8ac0549875/datanode-1/data/ratis/49306abe-4419-453f-a035-a5175ed8c136 has been successfully formatted.
2022-10-06 01:03:16,725 [pool-96-thread-1] INFO  ratis.ContainerStateMachine (ContainerStateMachine.java:loadSnapshot(236)) - group-A5175ED8C136: The snapshot info is null. Setting the last applied indexto:(t:0, i:~)
2022-10-06 01:03:16,730 [pool-96-thread-1] INFO  server.RaftServerConfigKeys (ConfUtils.java:logGet(46)) - raft.server.notification.no-leader.timeout = 300s (custom)
2022-10-06 01:03:16,730 [pool-96-thread-1] INFO  server.RaftServerConfigKeys (ConfUtils.java:logGet(46)) - raft.server.log.use.memory = false (default)
2022-10-06 01:03:16,730 [pool-96-thread-1] INFO  server.RaftServerConfigKeys (ConfUtils.java:logGet(46)) - raft.server.log.purge.gap = 1000000 (custom)
2022-10-06 01:03:16,730 [pool-96-thread-1] INFO  server.RaftServerConfigKeys (ConfUtils.java:logGet(46)) - raft.server.log.appender.buffer.byte-limit = 33554432 (custom)
2022-10-06 01:03:16,730 [pool-96-thread-1] INFO  server.RaftServerConfigKeys (ConfUtils.java:logGet(46)) - raft.server.log.statemachine.data.read.timeout = 1000ms (default)
2022-10-06 01:03:16,731 [pool-96-thread-1] INFO  server.RaftServerConfigKeys (ConfUtils.java:logGet(46)) - raft.server.log.segment.size.max = 1048576 (custom)
2022-10-06 01:03:16,731 [EventQueue-PipelineReportForPipelineReportHandler] INFO  pipeline.PipelineManagerImpl (PipelineManagerImpl.java:openPipeline(367)) - Pipeline Pipeline[ Id: 49306abe-4419-453f-a035-a5175ed8c136, Nodes: 68d8656a-d62a-40ab-a15f-69e804ac0718{ip: 10.1.0.249, host: fv-az399-337.4urtqdmtpd2erju50p4tzyn2ng.bx.internal.cloudapp.net, ports: [REPLICATION=37929, RATIS=40209, RATIS_ADMIN=40209, RATIS_SERVER=40209, STANDALONE=39041], networkLocation: /default-rack, certSerialId: null, persistedOpState: IN_SERVICE, persistedOpStateExpiryEpochSec: 0}, ReplicationConfig: RATIS/ONE, State:ALLOCATED, leaderId:68d8656a-d62a-40ab-a15f-69e804ac0718, CreationTimestamp2022-10-06T01:03:13.718Z[Etc/UTC]] moved to OPEN state
2022-10-06 01:03:16,731 [pool-96-thread-1] INFO  server.RaftServerConfigKeys (ConfUtils.java:logGet(46)) - raft.server.log.segment.cache.num.max = 2 (custom)
2022-10-06 01:03:16,731 [pool-96-thread-1] INFO  server.RaftServerConfigKeys (ConfUtils.java:logGet(46)) - raft.server.log.segment.cache.size.max = 200MB (=209715200) (default)
2022-10-06 01:03:16,731 [pool-96-thread-1] INFO  segmented.SegmentedRaftLogWorker (SegmentedRaftLogWorker.java:<init>(187)) - new 68d8656a-d62a-40ab-a15f-69e804ac0718@group-A5175ED8C136-SegmentedRaftLogWorker for RaftStorageImpl:Storage Directory /home/runner/work/ozone/ozone/hadoop-ozone/integration-test/target/test-dir/MiniOzoneClusterImpl-cb9ba06c-8019-4b1a-b2e9-0b8ac0549875/datanode-1/data/ratis/49306abe-4419-453f-a035-a5175ed8c136
2022-10-06 01:03:16,731 [EventQueue-OpenPipelineForHealthyPipelineSafeModeRule] INFO  safemode.SCMSafeModeManager (HealthyPipelineSafeModeRule.java:process(137)) - SCM in safe mode. Healthy pipelines reported count is 0, required healthy pipeline reported count is 1
2022-10-06 01:03:16,731 [pool-96-thread-1] INFO  server.RaftServerConfigKeys (ConfUtils.java:logGet(46)) - raft.server.log.queue.byte-limit = 4294967296 (custom)
2022-10-06 01:03:16,735 [pool-96-thread-1] INFO  server.RaftServerConfigKeys (ConfUtils.java:logGet(46)) - raft.server.log.queue.element-limit = 1024 (custom)
2022-10-06 01:03:16,735 [pool-96-thread-1] INFO  server.RaftServerConfigKeys (ConfUtils.java:logGet(46)) - raft.server.log.segment.size.max = 1048576 (custom)
2022-10-06 01:03:16,735 [pool-96-thread-1] INFO  server.RaftServerConfigKeys (ConfUtils.java:logGet(46)) - raft.server.log.preallocated.size = 16384 (custom)
2022-10-06 01:03:16,735 [pool-96-thread-1] INFO  server.RaftServerConfigKeys (ConfUtils.java:logGet(46)) - raft.server.log.force.sync.num = 128 (default)
2022-10-06 01:03:16,735 [pool-96-thread-1] INFO  server.RaftServerConfigKeys (ConfUtils.java:logGet(46)) - raft.server.log.statemachine.data.sync = true (default)
2022-10-06 01:03:16,735 [pool-96-thread-1] INFO  server.RaftServerConfigKeys (ConfUtils.java:logGet(46)) - raft.server.log.statemachine.data.sync.timeout = 10s (default)
2022-10-06 01:03:16,735 [pool-96-thread-1] INFO  server.RaftServerConfigKeys (ConfUtils.java:logGet(46)) - raft.server.log.statemachine.data.sync.timeout.retry = -1 (default)
2022-10-06 01:03:16,736 [pool-96-thread-1] INFO  server.RaftServerConfigKeys (ConfUtils.java:logGet(46)) - raft.server.log.write.buffer.size = 1048576 (custom)
2022-10-06 01:03:16,737 [pool-96-thread-1] INFO  server.RaftServerConfigKeys (ConfUtils.java:logGet(46)) - raft.server.log.unsafe-flush.enabled = false (default)
2022-10-06 01:03:16,737 [pool-96-thread-1] INFO  server.RaftServerConfigKeys (ConfUtils.java:logGet(46)) - raft.server.log.statemachine.data.caching.enabled = true (custom)
2022-10-06 01:03:16,737 [pool-96-thread-1] INFO  segmented.SegmentedRaftLogWorker (SegmentedRaftLogWorker.java:lambda$new$0(135)) - 68d8656a-d62a-40ab-a15f-69e804ac0718@group-A5175ED8C136-SegmentedRaftLogWorker: flushIndex: setUnconditionally 0 -> -1
2022-10-06 01:03:16,737 [pool-96-thread-1] INFO  segmented.SegmentedRaftLogWorker (SegmentedRaftLogWorker.java:lambda$new$0(135)) - 68d8656a-d62a-40ab-a15f-69e804ac0718@group-A5175ED8C136-SegmentedRaftLogWorker: safeCacheEvictIndex: setUnconditionally 0 -> -1
2022-10-06 01:03:16,739 [pool-96-thread-1] INFO  server.RaftServerConfigKeys (ConfUtils.java:logGet(46)) - raft.server.snapshot.auto.trigger.enabled = true (custom)
2022-10-06 01:03:16,739 [pool-96-thread-1] INFO  server.RaftServerConfigKeys (ConfUtils.java:logGet(46)) - raft.server.snapshot.auto.trigger.threshold = 10000 (custom)
2022-10-06 01:03:16,739 [pool-96-thread-1] INFO  server.RaftServerConfigKeys (ConfUtils.java:logGet(46)) - raft.server.snapshot.retention.file.num = 5 (custom)
2022-10-06 01:03:16,739 [pool-96-thread-1] INFO  server.RaftServerConfigKeys (ConfUtils.java:logGet(46)) - raft.server.log.purge.upto.snapshot.index = false (default)
2022-10-06 01:03:16,739 [pool-96-thread-1] INFO  server.RaftServerConfigKeys (ConfUtils.java:logGet(46)) - raft.server.retrycache.expirytime = 600000ms (custom)
2022-10-06 01:03:16,739 [pool-96-thread-1] INFO  server.RaftServerConfigKeys (ConfUtils.java:logGet(46)) - raft.server.retrycache.statistics.expirytime = 100μs (default)
2022-10-06 01:03:16,743 [pool-96-thread-1] INFO  server.RaftServerConfigKeys (ConfUtils.java:logGet(46)) - raft.server.log.appender.install.snapshot.enabled = false (custom)
2022-10-06 01:03:16,743 [pool-96-thread-1] INFO  server.RaftServerConfigKeys (ConfUtils.java:logGet(46)) - raft.server.threadpool.server.cached = true (default)
2022-10-06 01:03:16,743 [pool-96-thread-1] INFO  server.RaftServerConfigKeys (ConfUtils.java:logGet(46)) - raft.server.threadpool.server.size = 0 (default)
2022-10-06 01:03:16,743 [pool-96-thread-1] INFO  server.RaftServerConfigKeys (ConfUtils.java:logGet(46)) - raft.server.threadpool.client.cached = true (default)
2022-10-06 01:03:16,743 [pool-96-thread-1] INFO  server.RaftServerConfigKeys (ConfUtils.java:logGet(46)) - raft.server.threadpool.client.size = 0 (default)
2022-10-06 01:03:16,743 [pool-96-thread-1] INFO  server.RaftServer$Division (RaftServerImpl.java:start(310)) - 68d8656a-d62a-40ab-a15f-69e804ac0718@group-A5175ED8C136: start as a follower, conf=-1: [68d8656a-d62a-40ab-a15f-69e804ac0718|rpc:10.1.0.249:40209|priority:1], old=null
2022-10-06 01:03:16,743 [pool-96-thread-1] INFO  server.RaftServer$Division (RaftServerImpl.java:setRole(299)) - 68d8656a-d62a-40ab-a15f-69e804ac0718@group-A5175ED8C136: changes role from      null to FOLLOWER at term 0 for startAsFollower
2022-10-06 01:03:16,743 [pool-96-thread-1] INFO  impl.RoleInfo (RoleInfo.java:updateAndGet(139)) - 68d8656a-d62a-40ab-a15f-69e804ac0718: start 68d8656a-d62a-40ab-a15f-69e804ac0718@group-A5175ED8C136-FollowerState
2022-10-06 01:03:16,746 [pool-96-thread-1] INFO  util.JmxRegister (JmxRegister.java:tryRegister(44)) - Successfully registered JMX Bean with object name Ratis:service=RaftServer,group=group-A5175ED8C136,id=68d8656a-d62a-40ab-a15f-69e804ac0718
2022-10-06 01:03:16,748 [Command processor thread] INFO  ratis.XceiverServerRatis (XceiverServerRatis.java:addGroup(765)) - Created group PipelineID=49306abe-4419-453f-a035-a5175ed8c136
2022-10-06 01:03:16,748 [Command processor thread] INFO  commandhandler.CreatePipelineCommandHandler (CreatePipelineCommandHandler.java:handle(113)) - Created Pipeline RATIS ONE PipelineID=49306abe-4419-453f-a035-a5175ed8c136.
2022-10-06 01:03:16,748 [Command processor thread] INFO  server.RaftServer (RaftServerProxy.java:addNew(96)) - 68d8656a-d62a-40ab-a15f-69e804ac0718: addNew group-CD32CE391285:[326c038e-632d-4c6b-af42-d1fe452b3912|rpc:10.1.0.249:42785|priority:0, 68d8656a-d62a-40ab-a15f-69e804ac0718|rpc:10.1.0.249:40209|priority:1, 4b23e9ad-4c3b-4e5e-a325-f9b3b725a9ac|rpc:10.1.0.249:34691|priority:0] returns group-CD32CE391285:java.util.concurrent.CompletableFuture@3fb1d89c[Not completed]
2022-10-06 01:03:16,749 [pool-96-thread-1] INFO  server.RaftServer$Division (RaftServerImpl.java:<init>(190)) - 68d8656a-d62a-40ab-a15f-69e804ac0718: new RaftServerImpl for group-CD32CE391285:[326c038e-632d-4c6b-af42-d1fe452b3912|rpc:10.1.0.249:42785|priority:0, 68d8656a-d62a-40ab-a15f-69e804ac0718|rpc:10.1.0.249:40209|priority:1, 4b23e9ad-4c3b-4e5e-a325-f9b3b725a9ac|rpc:10.1.0.249:34691|priority:0] with ContainerStateMachine:uninitialized
2022-10-06 01:03:16,749 [pool-96-thread-1] INFO  server.RaftServerConfigKeys (ConfUtils.java:logGet(46)) - raft.server.rpc.timeout.min = 5s (custom)
2022-10-06 01:03:16,749 [pool-96-thread-1] INFO  server.RaftServerConfigKeys (ConfUtils.java:logGet(46)) - raft.server.rpc.timeout.max = 5200ms (custom)
2022-10-06 01:03:16,749 [pool-96-thread-1] INFO  server.RaftServerConfigKeys (ConfUtils.java:logGet(46)) - raft.server.rpc.sleep.time = 25ms (default)
2022-10-06 01:03:16,749 [pool-96-thread-1] INFO  server.RaftServerConfigKeys (ConfUtils.java:logGet(46)) - raft.server.rpc.slowness.timeout = 300s (custom)
2022-10-06 01:03:16,750 [pool-96-thread-1] INFO  server.RaftServerConfigKeys (ConfUtils.java:logGet(46)) - raft.server.leaderelection.leader.step-down.wait-time = 10s (default)
2022-10-06 01:03:16,750 [pool-96-thread-1] INFO  server.RaftServerConfigKeys (ConfUtils.java:logGet(46)) - raft.server.sleep.deviation.threshold = 300ms (default)
2022-10-06 01:03:16,750 [pool-96-thread-1] INFO  server.RaftServer$Division (ServerState.java:<init>(107)) - 68d8656a-d62a-40ab-a15f-69e804ac0718@group-CD32CE391285: ConfigurationManager, init=-1: [326c038e-632d-4c6b-af42-d1fe452b3912|rpc:10.1.0.249:42785|priority:0, 68d8656a-d62a-40ab-a15f-69e804ac0718|rpc:10.1.0.249:40209|priority:1, 4b23e9ad-4c3b-4e5e-a325-f9b3b725a9ac|rpc:10.1.0.249:34691|priority:0], old=null, confs=<EMPTY_MAP>
2022-10-06 01:03:16,750 [pool-96-thread-1] INFO  server.RaftServerConfigKeys (ConfUtils.java:logGet(46)) - raft.server.storage.dir = [/home/runner/work/ozone/ozone/hadoop-ozone/integration-test/target/test-dir/MiniOzoneClusterImpl-cb9ba06c-8019-4b1a-b2e9-0b8ac0549875/datanode-1/data/ratis] (custom)
2022-10-06 01:03:16,750 [pool-96-thread-1] INFO  server.RaftServerConfigKeys (ConfUtils.java:logGet(46)) - raft.server.log.corruption.policy = EXCEPTION (default)
2022-10-06 01:03:16,750 [pool-96-thread-1] INFO  server.RaftServerConfigKeys (ConfUtils.java:logGet(46)) - raft.server.storage.free-space.min = 0MB (=0) (default)
2022-10-06 01:03:16,750 [pool-96-thread-1] INFO  storage.RaftStorageDirectory (RaftStorageDirectoryImpl.java:analyzeStorage(135)) - The storage directory /home/runner/work/ozone/ozone/hadoop-ozone/integration-test/target/test-dir/MiniOzoneClusterImpl-cb9ba06c-8019-4b1a-b2e9-0b8ac0549875/datanode-1/data/ratis/515c0481-039e-4385-ab7b-cd32ce391285 does not exist. Creating ...
2022-10-06 01:03:16,751 [pool-96-thread-1] INFO  storage.RaftStorageDirectory (RaftStorageDirectoryImpl.java:tryLock(230)) - Lock on /home/runner/work/ozone/ozone/hadoop-ozone/integration-test/target/test-dir/MiniOzoneClusterImpl-cb9ba06c-8019-4b1a-b2e9-0b8ac0549875/datanode-1/data/ratis/515c0481-039e-4385-ab7b-cd32ce391285/in_use.lock acquired by nodename 9215@fv-az399-337
2022-10-06 01:03:16,752 [pool-96-thread-1] INFO  storage.RaftStorage (RaftStorageImpl.java:format(89)) - Storage directory /home/runner/work/ozone/ozone/hadoop-ozone/integration-test/target/test-dir/MiniOzoneClusterImpl-cb9ba06c-8019-4b1a-b2e9-0b8ac0549875/datanode-1/data/ratis/515c0481-039e-4385-ab7b-cd32ce391285 has been successfully formatted.
2022-10-06 01:03:16,753 [pool-96-thread-1] INFO  ratis.ContainerStateMachine (ContainerStateMachine.java:loadSnapshot(236)) - group-CD32CE391285: The snapshot info is null. Setting the last applied indexto:(t:0, i:~)
2022-10-06 01:03:16,758 [pool-96-thread-1] INFO  server.RaftServerConfigKeys (ConfUtils.java:logGet(46)) - raft.server.notification.no-leader.timeout = 300s (custom)
2022-10-06 01:03:16,758 [EventQueue-OpenPipelineForHealthyPipelineSafeModeRule] INFO  safemode.SCMSafeModeManager (HealthyPipelineSafeModeRule.java:process(137)) - SCM in safe mode. Healthy pipelines reported count is 0, required healthy pipeline reported count is 1
2022-10-06 01:03:16,758 [pool-96-thread-1] INFO  server.RaftServerConfigKeys (ConfUtils.java:logGet(46)) - raft.server.log.use.memory = false (default)
2022-10-06 01:03:16,759 [pool-96-thread-1] INFO  server.RaftServerConfigKeys (ConfUtils.java:logGet(46)) - raft.server.log.purge.gap = 1000000 (custom)
2022-10-06 01:03:16,759 [pool-96-thread-1] INFO  server.RaftServerConfigKeys (ConfUtils.java:logGet(46)) - raft.server.log.appender.buffer.byte-limit = 33554432 (custom)
2022-10-06 01:03:16,759 [pool-96-thread-1] INFO  server.RaftServerConfigKeys (ConfUtils.java:logGet(46)) - raft.server.log.statemachine.data.read.timeout = 1000ms (default)
2022-10-06 01:03:16,759 [pool-96-thread-1] INFO  server.RaftServerConfigKeys (ConfUtils.java:logGet(46)) - raft.server.log.segment.size.max = 1048576 (custom)
2022-10-06 01:03:16,764 [pool-96-thread-1] INFO  server.RaftServerConfigKeys (ConfUtils.java:logGet(46)) - raft.server.log.segment.cache.num.max = 2 (custom)
2022-10-06 01:03:16,764 [pool-96-thread-1] INFO  server.RaftServerConfigKeys (ConfUtils.java:logGet(46)) - raft.server.log.segment.cache.size.max = 200MB (=209715200) (default)
2022-10-06 01:03:16,764 [pool-96-thread-1] INFO  segmented.SegmentedRaftLogWorker (SegmentedRaftLogWorker.java:<init>(187)) - new 68d8656a-d62a-40ab-a15f-69e804ac0718@group-CD32CE391285-SegmentedRaftLogWorker for RaftStorageImpl:Storage Directory /home/runner/work/ozone/ozone/hadoop-ozone/integration-test/target/test-dir/MiniOzoneClusterImpl-cb9ba06c-8019-4b1a-b2e9-0b8ac0549875/datanode-1/data/ratis/515c0481-039e-4385-ab7b-cd32ce391285
2022-10-06 01:03:16,764 [pool-96-thread-1] INFO  server.RaftServerConfigKeys (ConfUtils.java:logGet(46)) - raft.server.log.queue.byte-limit = 4294967296 (custom)
2022-10-06 01:03:16,764 [pool-96-thread-1] INFO  server.RaftServerConfigKeys (ConfUtils.java:logGet(46)) - raft.server.log.queue.element-limit = 1024 (custom)
2022-10-06 01:03:16,764 [pool-96-thread-1] INFO  server.RaftServerConfigKeys (ConfUtils.java:logGet(46)) - raft.server.log.segment.size.max = 1048576 (custom)
2022-10-06 01:03:16,764 [pool-96-thread-1] INFO  server.RaftServerConfigKeys (ConfUtils.java:logGet(46)) - raft.server.log.preallocated.size = 16384 (custom)
2022-10-06 01:03:16,764 [pool-96-thread-1] INFO  server.RaftServerConfigKeys (ConfUtils.java:logGet(46)) - raft.server.log.force.sync.num = 128 (default)
2022-10-06 01:03:16,764 [pool-96-thread-1] INFO  server.RaftServerConfigKeys (ConfUtils.java:logGet(46)) - raft.server.log.statemachine.data.sync = true (default)
2022-10-06 01:03:16,764 [pool-96-thread-1] INFO  server.RaftServerConfigKeys (ConfUtils.java:logGet(46)) - raft.server.log.statemachine.data.sync.timeout = 10s (default)
2022-10-06 01:03:16,764 [pool-96-thread-1] INFO  server.RaftServerConfigKeys (ConfUtils.java:logGet(46)) - raft.server.log.statemachine.data.sync.timeout.retry = -1 (default)
2022-10-06 01:03:16,765 [pool-96-thread-1] INFO  server.RaftServerConfigKeys (ConfUtils.java:logGet(46)) - raft.server.log.write.buffer.size = 1048576 (custom)
2022-10-06 01:03:16,766 [pool-96-thread-1] INFO  server.RaftServerConfigKeys (ConfUtils.java:logGet(46)) - raft.server.log.unsafe-flush.enabled = false (default)
2022-10-06 01:03:16,766 [pool-96-thread-1] INFO  server.RaftServerConfigKeys (ConfUtils.java:logGet(46)) - raft.server.log.statemachine.data.caching.enabled = true (custom)
2022-10-06 01:03:16,766 [pool-96-thread-1] INFO  segmented.SegmentedRaftLogWorker (SegmentedRaftLogWorker.java:lambda$new$0(135)) - 68d8656a-d62a-40ab-a15f-69e804ac0718@group-CD32CE391285-SegmentedRaftLogWorker: flushIndex: setUnconditionally 0 -> -1
2022-10-06 01:03:16,766 [pool-96-thread-1] INFO  segmented.SegmentedRaftLogWorker (SegmentedRaftLogWorker.java:lambda$new$0(135)) - 68d8656a-d62a-40ab-a15f-69e804ac0718@group-CD32CE391285-SegmentedRaftLogWorker: safeCacheEvictIndex: setUnconditionally 0 -> -1
2022-10-06 01:03:16,781 [pool-96-thread-1] INFO  server.RaftServerConfigKeys (ConfUtils.java:logGet(46)) - raft.server.snapshot.auto.trigger.enabled = true (custom)
2022-10-06 01:03:16,781 [pool-96-thread-1] INFO  server.RaftServerConfigKeys (ConfUtils.java:logGet(46)) - raft.server.snapshot.auto.trigger.threshold = 10000 (custom)
2022-10-06 01:03:16,781 [pool-96-thread-1] INFO  server.RaftServerConfigKeys (ConfUtils.java:logGet(46)) - raft.server.snapshot.retention.file.num = 5 (custom)
2022-10-06 01:03:16,781 [pool-96-thread-1] INFO  server.RaftServerConfigKeys (ConfUtils.java:logGet(46)) - raft.server.log.purge.upto.snapshot.index = false (default)
2022-10-06 01:03:16,781 [pool-96-thread-1] INFO  server.RaftServerConfigKeys (ConfUtils.java:logGet(46)) - raft.server.retrycache.expirytime = 600000ms (custom)
2022-10-06 01:03:16,781 [pool-96-thread-1] INFO  server.RaftServerConfigKeys (ConfUtils.java:logGet(46)) - raft.server.retrycache.statistics.expirytime = 100μs (default)
2022-10-06 01:03:16,786 [pool-96-thread-1] INFO  server.RaftServerConfigKeys (ConfUtils.java:logGet(46)) - raft.server.log.appender.install.snapshot.enabled = false (custom)
2022-10-06 01:03:16,786 [pool-96-thread-1] INFO  server.RaftServerConfigKeys (ConfUtils.java:logGet(46)) - raft.server.threadpool.server.cached = true (default)
2022-10-06 01:03:16,786 [pool-96-thread-1] INFO  server.RaftServerConfigKeys (ConfUtils.java:logGet(46)) - raft.server.threadpool.server.size = 0 (default)
2022-10-06 01:03:16,786 [pool-96-thread-1] INFO  server.RaftServerConfigKeys (ConfUtils.java:logGet(46)) - raft.server.threadpool.client.cached = true (default)
2022-10-06 01:03:16,786 [pool-96-thread-1] INFO  server.RaftServerConfigKeys (ConfUtils.java:logGet(46)) - raft.server.threadpool.client.size = 0 (default)
2022-10-06 01:03:16,786 [pool-96-thread-1] INFO  server.RaftServer$Division (RaftServerImpl.java:start(310)) - 68d8656a-d62a-40ab-a15f-69e804ac0718@group-CD32CE391285: start as a follower, conf=-1: [326c038e-632d-4c6b-af42-d1fe452b3912|rpc:10.1.0.249:42785|priority:0, 68d8656a-d62a-40ab-a15f-69e804ac0718|rpc:10.1.0.249:40209|priority:1, 4b23e9ad-4c3b-4e5e-a325-f9b3b725a9ac|rpc:10.1.0.249:34691|priority:0], old=null
2022-10-06 01:03:16,786 [pool-96-thread-1] INFO  server.RaftServer$Division (RaftServerImpl.java:setRole(299)) - 68d8656a-d62a-40ab-a15f-69e804ac0718@group-CD32CE391285: changes role from      null to FOLLOWER at term 0 for startAsFollower
2022-10-06 01:03:16,786 [pool-96-thread-1] INFO  impl.RoleInfo (RoleInfo.java:updateAndGet(139)) - 68d8656a-d62a-40ab-a15f-69e804ac0718: start 68d8656a-d62a-40ab-a15f-69e804ac0718@group-CD32CE391285-FollowerState
2022-10-06 01:03:16,787 [pool-96-thread-1] INFO  util.JmxRegister (JmxRegister.java:tryRegister(44)) - Successfully registered JMX Bean with object name Ratis:service=RaftServer,group=group-CD32CE391285,id=68d8656a-d62a-40ab-a15f-69e804ac0718
2022-10-06 01:03:16,790 [Command processor thread] INFO  ratis.XceiverServerRatis (XceiverServerRatis.java:addGroup(765)) - Created group PipelineID=515c0481-039e-4385-ab7b-cd32ce391285
2022-10-06 01:03:16,842 [grpc-default-executor-0] INFO  server.RaftServer (RaftServerProxy.java:addNew(96)) - 326c038e-632d-4c6b-af42-d1fe452b3912: addNew group-CD32CE391285:[326c038e-632d-4c6b-af42-d1fe452b3912|rpc:10.1.0.249:42785|dataStream:|priority:0, 68d8656a-d62a-40ab-a15f-69e804ac0718|rpc:10.1.0.249:40209|dataStream:|priority:1, 4b23e9ad-4c3b-4e5e-a325-f9b3b725a9ac|rpc:10.1.0.249:34691|dataStream:|priority:0] returns group-CD32CE391285:java.util.concurrent.CompletableFuture@6bcf9d42[Not completed]
2022-10-06 01:03:16,850 [pool-119-thread-1] INFO  server.RaftServer$Division (RaftServerImpl.java:<init>(190)) - 326c038e-632d-4c6b-af42-d1fe452b3912: new RaftServerImpl for group-CD32CE391285:[326c038e-632d-4c6b-af42-d1fe452b3912|rpc:10.1.0.249:42785|dataStream:|priority:0, 68d8656a-d62a-40ab-a15f-69e804ac0718|rpc:10.1.0.249:40209|dataStream:|priority:1, 4b23e9ad-4c3b-4e5e-a325-f9b3b725a9ac|rpc:10.1.0.249:34691|dataStream:|priority:0] with ContainerStateMachine:uninitialized
2022-10-06 01:03:16,850 [pool-119-thread-1] INFO  server.RaftServerConfigKeys (ConfUtils.java:logGet(46)) - raft.server.rpc.timeout.min = 5s (custom)
2022-10-06 01:03:16,850 [pool-119-thread-1] INFO  server.RaftServerConfigKeys (ConfUtils.java:logGet(46)) - raft.server.rpc.timeout.max = 5200ms (custom)
2022-10-06 01:03:16,850 [pool-119-thread-1] INFO  server.RaftServerConfigKeys (ConfUtils.java:logGet(46)) - raft.server.rpc.sleep.time = 25ms (default)
2022-10-06 01:03:16,850 [pool-119-thread-1] INFO  server.RaftServerConfigKeys (ConfUtils.java:logGet(46)) - raft.server.rpc.slowness.timeout = 300s (custom)
2022-10-06 01:03:16,850 [pool-119-thread-1] INFO  server.RaftServerConfigKeys (ConfUtils.java:logGet(46)) - raft.server.leaderelection.leader.step-down.wait-time = 10s (default)
2022-10-06 01:03:16,850 [pool-119-thread-1] INFO  server.RaftServerConfigKeys (ConfUtils.java:logGet(46)) - raft.server.sleep.deviation.threshold = 300ms (default)
2022-10-06 01:03:16,850 [pool-119-thread-1] INFO  server.RaftServer$Division (ServerState.java:<init>(107)) - 326c038e-632d-4c6b-af42-d1fe452b3912@group-CD32CE391285: ConfigurationManager, init=-1: [326c038e-632d-4c6b-af42-d1fe452b3912|rpc:10.1.0.249:42785|dataStream:|priority:0, 68d8656a-d62a-40ab-a15f-69e804ac0718|rpc:10.1.0.249:40209|dataStream:|priority:1, 4b23e9ad-4c3b-4e5e-a325-f9b3b725a9ac|rpc:10.1.0.249:34691|dataStream:|priority:0], old=null, confs=<EMPTY_MAP>
2022-10-06 01:03:16,850 [pool-119-thread-1] INFO  server.RaftServerConfigKeys (ConfUtils.java:logGet(46)) - raft.server.storage.dir = [/home/runner/work/ozone/ozone/hadoop-ozone/integration-test/target/test-dir/MiniOzoneClusterImpl-cb9ba06c-8019-4b1a-b2e9-0b8ac0549875/datanode-2/data/ratis] (custom)
2022-10-06 01:03:16,850 [pool-119-thread-1] INFO  server.RaftServerConfigKeys (ConfUtils.java:logGet(46)) - raft.server.log.corruption.policy = EXCEPTION (default)
2022-10-06 01:03:16,850 [pool-119-thread-1] INFO  server.RaftServerConfigKeys (ConfUtils.java:logGet(46)) - raft.server.storage.free-space.min = 0MB (=0) (default)
2022-10-06 01:03:16,850 [pool-119-thread-1] INFO  storage.RaftStorageDirectory (RaftStorageDirectoryImpl.java:analyzeStorage(135)) - The storage directory /home/runner/work/ozone/ozone/hadoop-ozone/integration-test/target/test-dir/MiniOzoneClusterImpl-cb9ba06c-8019-4b1a-b2e9-0b8ac0549875/datanode-2/data/ratis/515c0481-039e-4385-ab7b-cd32ce391285 does not exist. Creating ...
2022-10-06 01:03:16,852 [pool-119-thread-1] INFO  storage.RaftStorageDirectory (RaftStorageDirectoryImpl.java:tryLock(230)) - Lock on /home/runner/work/ozone/ozone/hadoop-ozone/integration-test/target/test-dir/MiniOzoneClusterImpl-cb9ba06c-8019-4b1a-b2e9-0b8ac0549875/datanode-2/data/ratis/515c0481-039e-4385-ab7b-cd32ce391285/in_use.lock acquired by nodename 9215@fv-az399-337
2022-10-06 01:03:16,858 [pool-119-thread-1] INFO  storage.RaftStorage (RaftStorageImpl.java:format(89)) - Storage directory /home/runner/work/ozone/ozone/hadoop-ozone/integration-test/target/test-dir/MiniOzoneClusterImpl-cb9ba06c-8019-4b1a-b2e9-0b8ac0549875/datanode-2/data/ratis/515c0481-039e-4385-ab7b-cd32ce391285 has been successfully formatted.
2022-10-06 01:03:16,858 [pool-119-thread-1] INFO  ratis.ContainerStateMachine (ContainerStateMachine.java:loadSnapshot(236)) - group-CD32CE391285: The snapshot info is null. Setting the last applied indexto:(t:0, i:~)
2022-10-06 01:03:16,859 [pool-119-thread-1] INFO  server.RaftServerConfigKeys (ConfUtils.java:logGet(46)) - raft.server.notification.no-leader.timeout = 300s (custom)
2022-10-06 01:03:16,859 [pool-119-thread-1] INFO  server.RaftServerConfigKeys (ConfUtils.java:logGet(46)) - raft.server.log.use.memory = false (default)
2022-10-06 01:03:16,859 [pool-119-thread-1] INFO  server.RaftServerConfigKeys (ConfUtils.java:logGet(46)) - raft.server.log.purge.gap = 1000000 (custom)
2022-10-06 01:03:16,859 [pool-119-thread-1] INFO  server.RaftServerConfigKeys (ConfUtils.java:logGet(46)) - raft.server.log.appender.buffer.byte-limit = 33554432 (custom)
2022-10-06 01:03:16,859 [pool-119-thread-1] INFO  server.RaftServerConfigKeys (ConfUtils.java:logGet(46)) - raft.server.log.statemachine.data.read.timeout = 1000ms (default)
2022-10-06 01:03:16,859 [pool-119-thread-1] INFO  server.RaftServerConfigKeys (ConfUtils.java:logGet(46)) - raft.server.log.segment.size.max = 1048576 (custom)
2022-10-06 01:03:16,860 [pool-119-thread-1] INFO  server.RaftServerConfigKeys (ConfUtils.java:logGet(46)) - raft.server.log.segment.cache.num.max = 2 (custom)
2022-10-06 01:03:16,860 [pool-119-thread-1] INFO  server.RaftServerConfigKeys (ConfUtils.java:logGet(46)) - raft.server.log.segment.cache.size.max = 200MB (=209715200) (default)
2022-10-06 01:03:16,860 [pool-119-thread-1] INFO  segmented.SegmentedRaftLogWorker (SegmentedRaftLogWorker.java:<init>(187)) - new 326c038e-632d-4c6b-af42-d1fe452b3912@group-CD32CE391285-SegmentedRaftLogWorker for RaftStorageImpl:Storage Directory /home/runner/work/ozone/ozone/hadoop-ozone/integration-test/target/test-dir/MiniOzoneClusterImpl-cb9ba06c-8019-4b1a-b2e9-0b8ac0549875/datanode-2/data/ratis/515c0481-039e-4385-ab7b-cd32ce391285
2022-10-06 01:03:16,860 [pool-119-thread-1] INFO  server.RaftServerConfigKeys (ConfUtils.java:logGet(46)) - raft.server.log.queue.byte-limit = 4294967296 (custom)
2022-10-06 01:03:16,860 [pool-119-thread-1] INFO  server.RaftServerConfigKeys (ConfUtils.java:logGet(46)) - raft.server.log.queue.element-limit = 1024 (custom)
2022-10-06 01:03:16,860 [pool-119-thread-1] INFO  server.RaftServerConfigKeys (ConfUtils.java:logGet(46)) - raft.server.log.segment.size.max = 1048576 (custom)
2022-10-06 01:03:16,860 [pool-119-thread-1] INFO  server.RaftServerConfigKeys (ConfUtils.java:logGet(46)) - raft.server.log.preallocated.size = 16384 (custom)
2022-10-06 01:03:16,860 [pool-119-thread-1] INFO  server.RaftServerConfigKeys (ConfUtils.java:logGet(46)) - raft.server.log.force.sync.num = 128 (default)
2022-10-06 01:03:16,860 [pool-119-thread-1] INFO  server.RaftServerConfigKeys (ConfUtils.java:logGet(46)) - raft.server.log.statemachine.data.sync = true (default)
2022-10-06 01:03:16,860 [pool-119-thread-1] INFO  server.RaftServerConfigKeys (ConfUtils.java:logGet(46)) - raft.server.log.statemachine.data.sync.timeout = 10s (default)
2022-10-06 01:03:16,860 [pool-119-thread-1] INFO  server.RaftServerConfigKeys (ConfUtils.java:logGet(46)) - raft.server.log.statemachine.data.sync.timeout.retry = -1 (default)
2022-10-06 01:03:16,861 [pool-119-thread-1] INFO  server.RaftServerConfigKeys (ConfUtils.java:logGet(46)) - raft.server.log.write.buffer.size = 1048576 (custom)
2022-10-06 01:03:16,861 [pool-119-thread-1] INFO  server.RaftServerConfigKeys (ConfUtils.java:logGet(46)) - raft.server.log.unsafe-flush.enabled = false (default)
2022-10-06 01:03:16,861 [pool-119-thread-1] INFO  server.RaftServerConfigKeys (ConfUtils.java:logGet(46)) - raft.server.log.statemachine.data.caching.enabled = true (custom)
2022-10-06 01:03:16,862 [pool-119-thread-1] INFO  segmented.SegmentedRaftLogWorker (SegmentedRaftLogWorker.java:lambda$new$0(135)) - 326c038e-632d-4c6b-af42-d1fe452b3912@group-CD32CE391285-SegmentedRaftLogWorker: flushIndex: setUnconditionally 0 -> -1
2022-10-06 01:03:16,865 [pool-119-thread-1] INFO  segmented.SegmentedRaftLogWorker (SegmentedRaftLogWorker.java:lambda$new$0(135)) - 326c038e-632d-4c6b-af42-d1fe452b3912@group-CD32CE391285-SegmentedRaftLogWorker: safeCacheEvictIndex: setUnconditionally 0 -> -1
2022-10-06 01:03:16,865 [pool-119-thread-1] INFO  server.RaftServerConfigKeys (ConfUtils.java:logGet(46)) - raft.server.snapshot.auto.trigger.enabled = true (custom)
2022-10-06 01:03:16,865 [pool-119-thread-1] INFO  server.RaftServerConfigKeys (ConfUtils.java:logGet(46)) - raft.server.snapshot.auto.trigger.threshold = 10000 (custom)
2022-10-06 01:03:16,865 [pool-119-thread-1] INFO  server.RaftServerConfigKeys (ConfUtils.java:logGet(46)) - raft.server.snapshot.retention.file.num = 5 (custom)
2022-10-06 01:03:16,865 [pool-119-thread-1] INFO  server.RaftServerConfigKeys (ConfUtils.java:logGet(46)) - raft.server.log.purge.upto.snapshot.index = false (default)
2022-10-06 01:03:16,865 [pool-119-thread-1] INFO  server.RaftServerConfigKeys (ConfUtils.java:logGet(46)) - raft.server.retrycache.expirytime = 600000ms (custom)
2022-10-06 01:03:16,865 [pool-119-thread-1] INFO  server.RaftServerConfigKeys (ConfUtils.java:logGet(46)) - raft.server.retrycache.statistics.expirytime = 100μs (default)
2022-10-06 01:03:16,866 [pool-119-thread-1] INFO  server.RaftServerConfigKeys (ConfUtils.java:logGet(46)) - raft.server.log.appender.install.snapshot.enabled = false (custom)
2022-10-06 01:03:16,866 [pool-119-thread-1] INFO  server.RaftServerConfigKeys (ConfUtils.java:logGet(46)) - raft.server.threadpool.server.cached = true (default)
2022-10-06 01:03:16,866 [pool-119-thread-1] INFO  server.RaftServerConfigKeys (ConfUtils.java:logGet(46)) - raft.server.threadpool.server.size = 0 (default)
2022-10-06 01:03:16,866 [pool-119-thread-1] INFO  server.RaftServerConfigKeys (ConfUtils.java:logGet(46)) - raft.server.threadpool.client.cached = true (default)
2022-10-06 01:03:16,866 [pool-119-thread-1] INFO  server.RaftServerConfigKeys (ConfUtils.java:logGet(46)) - raft.server.threadpool.client.size = 0 (default)
2022-10-06 01:03:16,866 [pool-119-thread-1] INFO  server.RaftServer$Division (RaftServerImpl.java:start(310)) - 326c038e-632d-4c6b-af42-d1fe452b3912@group-CD32CE391285: start as a follower, conf=-1: [326c038e-632d-4c6b-af42-d1fe452b3912|rpc:10.1.0.249:42785|dataStream:|priority:0, 68d8656a-d62a-40ab-a15f-69e804ac0718|rpc:10.1.0.249:40209|dataStream:|priority:1, 4b23e9ad-4c3b-4e5e-a325-f9b3b725a9ac|rpc:10.1.0.249:34691|dataStream:|priority:0], old=null
2022-10-06 01:03:16,866 [pool-119-thread-1] INFO  server.RaftServer$Division (RaftServerImpl.java:setRole(299)) - 326c038e-632d-4c6b-af42-d1fe452b3912@group-CD32CE391285: changes role from      null to FOLLOWER at term 0 for startAsFollower
2022-10-06 01:03:16,867 [pool-119-thread-1] INFO  impl.RoleInfo (RoleInfo.java:updateAndGet(139)) - 326c038e-632d-4c6b-af42-d1fe452b3912: start 326c038e-632d-4c6b-af42-d1fe452b3912@group-CD32CE391285-FollowerState
2022-10-06 01:03:16,875 [pool-119-thread-1] INFO  util.JmxRegister (JmxRegister.java:tryRegister(44)) - Successfully registered JMX Bean with object name Ratis:service=RaftServer,group=group-CD32CE391285,id=326c038e-632d-4c6b-af42-d1fe452b3912
2022-10-06 01:03:16,942 [Command processor thread] INFO  commandhandler.CreatePipelineCommandHandler (CreatePipelineCommandHandler.java:handle(113)) - Created Pipeline RATIS THREE PipelineID=515c0481-039e-4385-ab7b-cd32ce391285.
2022-10-06 01:03:16,942 [Command processor thread] INFO  server.RaftServer (RaftServerProxy.java:addNew(96)) - 4b23e9ad-4c3b-4e5e-a325-f9b3b725a9ac: addNew group-9B53D1D8130A:[326c038e-632d-4c6b-af42-d1fe452b3912|rpc:10.1.0.249:42785|priority:1, 68d8656a-d62a-40ab-a15f-69e804ac0718|rpc:10.1.0.249:40209|priority:0, 4b23e9ad-4c3b-4e5e-a325-f9b3b725a9ac|rpc:10.1.0.249:34691|priority:0] returns group-9B53D1D8130A:java.util.concurrent.CompletableFuture@68f5df7d[Not completed]
2022-10-06 01:03:16,943 [pool-73-thread-1] INFO  server.RaftServer$Division (RaftServerImpl.java:<init>(190)) - 4b23e9ad-4c3b-4e5e-a325-f9b3b725a9ac: new RaftServerImpl for group-9B53D1D8130A:[326c038e-632d-4c6b-af42-d1fe452b3912|rpc:10.1.0.249:42785|priority:1, 68d8656a-d62a-40ab-a15f-69e804ac0718|rpc:10.1.0.249:40209|priority:0, 4b23e9ad-4c3b-4e5e-a325-f9b3b725a9ac|rpc:10.1.0.249:34691|priority:0] with ContainerStateMachine:uninitialized
2022-10-06 01:03:16,944 [pool-73-thread-1] INFO  server.RaftServerConfigKeys (ConfUtils.java:logGet(46)) - raft.server.rpc.timeout.min = 5s (custom)
2022-10-06 01:03:16,944 [pool-73-thread-1] INFO  server.RaftServerConfigKeys (ConfUtils.java:logGet(46)) - raft.server.rpc.timeout.max = 5200ms (custom)
2022-10-06 01:03:16,944 [pool-73-thread-1] INFO  server.RaftServerConfigKeys (ConfUtils.java:logGet(46)) - raft.server.rpc.sleep.time = 25ms (default)
2022-10-06 01:03:16,944 [pool-73-thread-1] INFO  server.RaftServerConfigKeys (ConfUtils.java:logGet(46)) - raft.server.rpc.slowness.timeout = 300s (custom)
2022-10-06 01:03:16,944 [pool-73-thread-1] INFO  server.RaftServerConfigKeys (ConfUtils.java:logGet(46)) - raft.server.leaderelection.leader.step-down.wait-time = 10s (default)
2022-10-06 01:03:16,944 [pool-73-thread-1] INFO  server.RaftServerConfigKeys (ConfUtils.java:logGet(46)) - raft.server.sleep.deviation.threshold = 300ms (default)
2022-10-06 01:03:16,944 [pool-73-thread-1] INFO  server.RaftServer$Division (ServerState.java:<init>(107)) - 4b23e9ad-4c3b-4e5e-a325-f9b3b725a9ac@group-9B53D1D8130A: ConfigurationManager, init=-1: [326c038e-632d-4c6b-af42-d1fe452b3912|rpc:10.1.0.249:42785|priority:1, 68d8656a-d62a-40ab-a15f-69e804ac0718|rpc:10.1.0.249:40209|priority:0, 4b23e9ad-4c3b-4e5e-a325-f9b3b725a9ac|rpc:10.1.0.249:34691|priority:0], old=null, confs=<EMPTY_MAP>
2022-10-06 01:03:16,944 [pool-73-thread-1] INFO  server.RaftServerConfigKeys (ConfUtils.java:logGet(46)) - raft.server.storage.dir = [/home/runner/work/ozone/ozone/hadoop-ozone/integration-test/target/test-dir/MiniOzoneClusterImpl-cb9ba06c-8019-4b1a-b2e9-0b8ac0549875/datanode-0/data/ratis] (custom)
2022-10-06 01:03:16,944 [pool-73-thread-1] INFO  server.RaftServerConfigKeys (ConfUtils.java:logGet(46)) - raft.server.log.corruption.policy = EXCEPTION (default)
2022-10-06 01:03:16,944 [pool-73-thread-1] INFO  server.RaftServerConfigKeys (ConfUtils.java:logGet(46)) - raft.server.storage.free-space.min = 0MB (=0) (default)
2022-10-06 01:03:16,944 [pool-73-thread-1] INFO  storage.RaftStorageDirectory (RaftStorageDirectoryImpl.java:analyzeStorage(135)) - The storage directory /home/runner/work/ozone/ozone/hadoop-ozone/integration-test/target/test-dir/MiniOzoneClusterImpl-cb9ba06c-8019-4b1a-b2e9-0b8ac0549875/datanode-0/data/ratis/23626235-c7d9-47e2-b900-9b53d1d8130a does not exist. Creating ...
2022-10-06 01:03:16,945 [pool-73-thread-1] INFO  storage.RaftStorageDirectory (RaftStorageDirectoryImpl.java:tryLock(230)) - Lock on /home/runner/work/ozone/ozone/hadoop-ozone/integration-test/target/test-dir/MiniOzoneClusterImpl-cb9ba06c-8019-4b1a-b2e9-0b8ac0549875/datanode-0/data/ratis/23626235-c7d9-47e2-b900-9b53d1d8130a/in_use.lock acquired by nodename 9215@fv-az399-337
2022-10-06 01:03:16,946 [pool-73-thread-1] INFO  storage.RaftStorage (RaftStorageImpl.java:format(89)) - Storage directory /home/runner/work/ozone/ozone/hadoop-ozone/integration-test/target/test-dir/MiniOzoneClusterImpl-cb9ba06c-8019-4b1a-b2e9-0b8ac0549875/datanode-0/data/ratis/23626235-c7d9-47e2-b900-9b53d1d8130a has been successfully formatted.
2022-10-06 01:03:16,947 [pool-73-thread-1] INFO  ratis.ContainerStateMachine (ContainerStateMachine.java:loadSnapshot(236)) - group-9B53D1D8130A: The snapshot info is null. Setting the last applied indexto:(t:0, i:~)
2022-10-06 01:03:16,947 [pool-73-thread-1] INFO  server.RaftServerConfigKeys (ConfUtils.java:logGet(46)) - raft.server.notification.no-leader.timeout = 300s (custom)
2022-10-06 01:03:16,947 [pool-73-thread-1] INFO  server.RaftServerConfigKeys (ConfUtils.java:logGet(46)) - raft.server.log.use.memory = false (default)
2022-10-06 01:03:16,947 [pool-73-thread-1] INFO  server.RaftServerConfigKeys (ConfUtils.java:logGet(46)) - raft.server.log.purge.gap = 1000000 (custom)
2022-10-06 01:03:16,947 [pool-73-thread-1] INFO  server.RaftServerConfigKeys (ConfUtils.java:logGet(46)) - raft.server.log.appender.buffer.byte-limit = 33554432 (custom)
2022-10-06 01:03:16,948 [pool-73-thread-1] INFO  server.RaftServerConfigKeys (ConfUtils.java:logGet(46)) - raft.server.log.statemachine.data.read.timeout = 1000ms (default)
2022-10-06 01:03:16,948 [pool-73-thread-1] INFO  server.RaftServerConfigKeys (ConfUtils.java:logGet(46)) - raft.server.log.segment.size.max = 1048576 (custom)
2022-10-06 01:03:16,950 [EventQueue-OpenPipelineForHealthyPipelineSafeModeRule] INFO  safemode.SCMSafeModeManager (HealthyPipelineSafeModeRule.java:process(137)) - SCM in safe mode. Healthy pipelines reported count is 0, required healthy pipeline reported count is 1
2022-10-06 01:03:16,950 [pool-73-thread-1] INFO  server.RaftServerConfigKeys (ConfUtils.java:logGet(46)) - raft.server.log.segment.cache.num.max = 2 (custom)
2022-10-06 01:03:16,950 [pool-73-thread-1] INFO  server.RaftServerConfigKeys (ConfUtils.java:logGet(46)) - raft.server.log.segment.cache.size.max = 200MB (=209715200) (default)
2022-10-06 01:03:16,950 [pool-73-thread-1] INFO  segmented.SegmentedRaftLogWorker (SegmentedRaftLogWorker.java:<init>(187)) - new 4b23e9ad-4c3b-4e5e-a325-f9b3b725a9ac@group-9B53D1D8130A-SegmentedRaftLogWorker for RaftStorageImpl:Storage Directory /home/runner/work/ozone/ozone/hadoop-ozone/integration-test/target/test-dir/MiniOzoneClusterImpl-cb9ba06c-8019-4b1a-b2e9-0b8ac0549875/datanode-0/data/ratis/23626235-c7d9-47e2-b900-9b53d1d8130a
2022-10-06 01:03:16,951 [pool-73-thread-1] INFO  server.RaftServerConfigKeys (ConfUtils.java:logGet(46)) - raft.server.log.queue.byte-limit = 4294967296 (custom)
2022-10-06 01:03:16,951 [pool-73-thread-1] INFO  server.RaftServerConfigKeys (ConfUtils.java:logGet(46)) - raft.server.log.queue.element-limit = 1024 (custom)
2022-10-06 01:03:16,951 [pool-73-thread-1] INFO  server.RaftServerConfigKeys (ConfUtils.java:logGet(46)) - raft.server.log.segment.size.max = 1048576 (custom)
2022-10-06 01:03:16,951 [pool-73-thread-1] INFO  server.RaftServerConfigKeys (ConfUtils.java:logGet(46)) - raft.server.log.preallocated.size = 16384 (custom)
2022-10-06 01:03:16,951 [pool-73-thread-1] INFO  server.RaftServerConfigKeys (ConfUtils.java:logGet(46)) - raft.server.log.force.sync.num = 128 (default)
2022-10-06 01:03:16,951 [pool-73-thread-1] INFO  server.RaftServerConfigKeys (ConfUtils.java:logGet(46)) - raft.server.log.statemachine.data.sync = true (default)
2022-10-06 01:03:16,951 [pool-73-thread-1] INFO  server.RaftServerConfigKeys (ConfUtils.java:logGet(46)) - raft.server.log.statemachine.data.sync.timeout = 10s (default)
2022-10-06 01:03:16,951 [pool-73-thread-1] INFO  server.RaftServerConfigKeys (ConfUtils.java:logGet(46)) - raft.server.log.statemachine.data.sync.timeout.retry = -1 (default)
2022-10-06 01:03:16,952 [pool-73-thread-1] INFO  server.RaftServerConfigKeys (ConfUtils.java:logGet(46)) - raft.server.log.write.buffer.size = 1048576 (custom)
2022-10-06 01:03:16,952 [pool-73-thread-1] INFO  server.RaftServerConfigKeys (ConfUtils.java:logGet(46)) - raft.server.log.unsafe-flush.enabled = false (default)
2022-10-06 01:03:16,953 [pool-73-thread-1] INFO  server.RaftServerConfigKeys (ConfUtils.java:logGet(46)) - raft.server.log.statemachine.data.caching.enabled = true (custom)
2022-10-06 01:03:16,954 [pool-73-thread-1] INFO  segmented.SegmentedRaftLogWorker (SegmentedRaftLogWorker.java:lambda$new$0(135)) - 4b23e9ad-4c3b-4e5e-a325-f9b3b725a9ac@group-9B53D1D8130A-SegmentedRaftLogWorker: flushIndex: setUnconditionally 0 -> -1
2022-10-06 01:03:16,954 [pool-73-thread-1] INFO  segmented.SegmentedRaftLogWorker (SegmentedRaftLogWorker.java:lambda$new$0(135)) - 4b23e9ad-4c3b-4e5e-a325-f9b3b725a9ac@group-9B53D1D8130A-SegmentedRaftLogWorker: safeCacheEvictIndex: setUnconditionally 0 -> -1
2022-10-06 01:03:16,961 [pool-73-thread-1] INFO  server.RaftServerConfigKeys (ConfUtils.java:logGet(46)) - raft.server.snapshot.auto.trigger.enabled = true (custom)
2022-10-06 01:03:16,961 [pool-73-thread-1] INFO  server.RaftServerConfigKeys (ConfUtils.java:logGet(46)) - raft.server.snapshot.auto.trigger.threshold = 10000 (custom)
2022-10-06 01:03:16,961 [pool-73-thread-1] INFO  server.RaftServerConfigKeys (ConfUtils.java:logGet(46)) - raft.server.snapshot.retention.file.num = 5 (custom)
2022-10-06 01:03:16,961 [pool-73-thread-1] INFO  server.RaftServerConfigKeys (ConfUtils.java:logGet(46)) - raft.server.log.purge.upto.snapshot.index = false (default)
2022-10-06 01:03:16,961 [pool-73-thread-1] INFO  server.RaftServerConfigKeys (ConfUtils.java:logGet(46)) - raft.server.retrycache.expirytime = 600000ms (custom)
2022-10-06 01:03:16,961 [pool-73-thread-1] INFO  server.RaftServerConfigKeys (ConfUtils.java:logGet(46)) - raft.server.retrycache.statistics.expirytime = 100μs (default)
2022-10-06 01:03:16,962 [pool-73-thread-1] INFO  server.RaftServerConfigKeys (ConfUtils.java:logGet(46)) - raft.server.log.appender.install.snapshot.enabled = false (custom)
2022-10-06 01:03:16,962 [pool-73-thread-1] INFO  server.RaftServerConfigKeys (ConfUtils.java:logGet(46)) - raft.server.threadpool.server.cached = true (default)
2022-10-06 01:03:16,962 [pool-73-thread-1] INFO  server.RaftServerConfigKeys (ConfUtils.java:logGet(46)) - raft.server.threadpool.server.size = 0 (default)
2022-10-06 01:03:16,962 [pool-73-thread-1] INFO  server.RaftServerConfigKeys (ConfUtils.java:logGet(46)) - raft.server.threadpool.client.cached = true (default)
2022-10-06 01:03:16,962 [pool-73-thread-1] INFO  server.RaftServerConfigKeys (ConfUtils.java:logGet(46)) - raft.server.threadpool.client.size = 0 (default)
2022-10-06 01:03:16,962 [pool-73-thread-1] INFO  server.RaftServer$Division (RaftServerImpl.java:start(310)) - 4b23e9ad-4c3b-4e5e-a325-f9b3b725a9ac@group-9B53D1D8130A: start as a follower, conf=-1: [326c038e-632d-4c6b-af42-d1fe452b3912|rpc:10.1.0.249:42785|priority:1, 68d8656a-d62a-40ab-a15f-69e804ac0718|rpc:10.1.0.249:40209|priority:0, 4b23e9ad-4c3b-4e5e-a325-f9b3b725a9ac|rpc:10.1.0.249:34691|priority:0], old=null
2022-10-06 01:03:16,962 [pool-73-thread-1] INFO  server.RaftServer$Division (RaftServerImpl.java:setRole(299)) - 4b23e9ad-4c3b-4e5e-a325-f9b3b725a9ac@group-9B53D1D8130A: changes role from      null to FOLLOWER at term 0 for startAsFollower
2022-10-06 01:03:16,962 [pool-73-thread-1] INFO  impl.RoleInfo (RoleInfo.java:updateAndGet(139)) - 4b23e9ad-4c3b-4e5e-a325-f9b3b725a9ac: start 4b23e9ad-4c3b-4e5e-a325-f9b3b725a9ac@group-9B53D1D8130A-FollowerState
2022-10-06 01:03:16,967 [pool-73-thread-1] INFO  util.JmxRegister (JmxRegister.java:tryRegister(44)) - Successfully registered JMX Bean with object name Ratis:service=RaftServer,group=group-9B53D1D8130A,id=4b23e9ad-4c3b-4e5e-a325-f9b3b725a9ac
2022-10-06 01:03:16,970 [Command processor thread] INFO  ratis.XceiverServerRatis (XceiverServerRatis.java:addGroup(765)) - Created group PipelineID=23626235-c7d9-47e2-b900-9b53d1d8130a
2022-10-06 01:03:16,984 [Command processor thread] INFO  commandhandler.CreatePipelineCommandHandler (CreatePipelineCommandHandler.java:handle(113)) - Created Pipeline RATIS THREE PipelineID=515c0481-039e-4385-ab7b-cd32ce391285.
2022-10-06 01:03:16,984 [Command processor thread] INFO  server.RaftServer (RaftServerProxy.java:addNew(96)) - 68d8656a-d62a-40ab-a15f-69e804ac0718: addNew group-9B53D1D8130A:[326c038e-632d-4c6b-af42-d1fe452b3912|rpc:10.1.0.249:42785|priority:1, 68d8656a-d62a-40ab-a15f-69e804ac0718|rpc:10.1.0.249:40209|priority:0, 4b23e9ad-4c3b-4e5e-a325-f9b3b725a9ac|rpc:10.1.0.249:34691|priority:0] returns group-9B53D1D8130A:java.util.concurrent.CompletableFuture@4f42b001[Not completed]
2022-10-06 01:03:16,985 [pool-96-thread-1] INFO  server.RaftServer$Division (RaftServerImpl.java:<init>(190)) - 68d8656a-d62a-40ab-a15f-69e804ac0718: new RaftServerImpl for group-9B53D1D8130A:[326c038e-632d-4c6b-af42-d1fe452b3912|rpc:10.1.0.249:42785|priority:1, 68d8656a-d62a-40ab-a15f-69e804ac0718|rpc:10.1.0.249:40209|priority:0, 4b23e9ad-4c3b-4e5e-a325-f9b3b725a9ac|rpc:10.1.0.249:34691|priority:0] with ContainerStateMachine:uninitialized
2022-10-06 01:03:16,985 [pool-96-thread-1] INFO  server.RaftServerConfigKeys (ConfUtils.java:logGet(46)) - raft.server.rpc.timeout.min = 5s (custom)
2022-10-06 01:03:16,985 [pool-96-thread-1] INFO  server.RaftServerConfigKeys (ConfUtils.java:logGet(46)) - raft.server.rpc.timeout.max = 5200ms (custom)
2022-10-06 01:03:16,985 [pool-96-thread-1] INFO  server.RaftServerConfigKeys (ConfUtils.java:logGet(46)) - raft.server.rpc.sleep.time = 25ms (default)
2022-10-06 01:03:16,985 [pool-96-thread-1] INFO  server.RaftServerConfigKeys (ConfUtils.java:logGet(46)) - raft.server.rpc.slowness.timeout = 300s (custom)
2022-10-06 01:03:16,985 [pool-96-thread-1] INFO  server.RaftServerConfigKeys (ConfUtils.java:logGet(46)) - raft.server.leaderelection.leader.step-down.wait-time = 10s (default)
2022-10-06 01:03:16,985 [pool-96-thread-1] INFO  server.RaftServerConfigKeys (ConfUtils.java:logGet(46)) - raft.server.sleep.deviation.threshold = 300ms (default)
2022-10-06 01:03:16,985 [pool-96-thread-1] INFO  server.RaftServer$Division (ServerState.java:<init>(107)) - 68d8656a-d62a-40ab-a15f-69e804ac0718@group-9B53D1D8130A: ConfigurationManager, init=-1: [326c038e-632d-4c6b-af42-d1fe452b3912|rpc:10.1.0.249:42785|priority:1, 68d8656a-d62a-40ab-a15f-69e804ac0718|rpc:10.1.0.249:40209|priority:0, 4b23e9ad-4c3b-4e5e-a325-f9b3b725a9ac|rpc:10.1.0.249:34691|priority:0], old=null, confs=<EMPTY_MAP>
2022-10-06 01:03:16,985 [pool-96-thread-1] INFO  server.RaftServerConfigKeys (ConfUtils.java:logGet(46)) - raft.server.storage.dir = [/home/runner/work/ozone/ozone/hadoop-ozone/integration-test/target/test-dir/MiniOzoneClusterImpl-cb9ba06c-8019-4b1a-b2e9-0b8ac0549875/datanode-1/data/ratis] (custom)
2022-10-06 01:03:16,986 [pool-96-thread-1] INFO  server.RaftServerConfigKeys (ConfUtils.java:logGet(46)) - raft.server.log.corruption.policy = EXCEPTION (default)
2022-10-06 01:03:16,986 [pool-96-thread-1] INFO  server.RaftServerConfigKeys (ConfUtils.java:logGet(46)) - raft.server.storage.free-space.min = 0MB (=0) (default)
2022-10-06 01:03:16,986 [pool-96-thread-1] INFO  storage.RaftStorageDirectory (RaftStorageDirectoryImpl.java:analyzeStorage(135)) - The storage directory /home/runner/work/ozone/ozone/hadoop-ozone/integration-test/target/test-dir/MiniOzoneClusterImpl-cb9ba06c-8019-4b1a-b2e9-0b8ac0549875/datanode-1/data/ratis/23626235-c7d9-47e2-b900-9b53d1d8130a does not exist. Creating ...
2022-10-06 01:03:16,987 [pool-96-thread-1] INFO  storage.RaftStorageDirectory (RaftStorageDirectoryImpl.java:tryLock(230)) - Lock on /home/runner/work/ozone/ozone/hadoop-ozone/integration-test/target/test-dir/MiniOzoneClusterImpl-cb9ba06c-8019-4b1a-b2e9-0b8ac0549875/datanode-1/data/ratis/23626235-c7d9-47e2-b900-9b53d1d8130a/in_use.lock acquired by nodename 9215@fv-az399-337
2022-10-06 01:03:16,988 [pool-96-thread-1] INFO  storage.RaftStorage (RaftStorageImpl.java:format(89)) - Storage directory /home/runner/work/ozone/ozone/hadoop-ozone/integration-test/target/test-dir/MiniOzoneClusterImpl-cb9ba06c-8019-4b1a-b2e9-0b8ac0549875/datanode-1/data/ratis/23626235-c7d9-47e2-b900-9b53d1d8130a has been successfully formatted.
2022-10-06 01:03:16,990 [EventQueue-OpenPipelineForHealthyPipelineSafeModeRule] INFO  safemode.SCMSafeModeManager (HealthyPipelineSafeModeRule.java:process(137)) - SCM in safe mode. Healthy pipelines reported count is 0, required healthy pipeline reported count is 1
2022-10-06 01:03:16,991 [pool-96-thread-1] INFO  ratis.ContainerStateMachine (ContainerStateMachine.java:loadSnapshot(236)) - group-9B53D1D8130A: The snapshot info is null. Setting the last applied indexto:(t:0, i:~)
2022-10-06 01:03:16,991 [pool-96-thread-1] INFO  server.RaftServerConfigKeys (ConfUtils.java:logGet(46)) - raft.server.notification.no-leader.timeout = 300s (custom)
2022-10-06 01:03:16,991 [pool-96-thread-1] INFO  server.RaftServerConfigKeys (ConfUtils.java:logGet(46)) - raft.server.log.use.memory = false (default)
2022-10-06 01:03:16,991 [pool-96-thread-1] INFO  server.RaftServerConfigKeys (ConfUtils.java:logGet(46)) - raft.server.log.purge.gap = 1000000 (custom)
2022-10-06 01:03:16,991 [pool-96-thread-1] INFO  server.RaftServerConfigKeys (ConfUtils.java:logGet(46)) - raft.server.log.appender.buffer.byte-limit = 33554432 (custom)
2022-10-06 01:03:16,991 [pool-96-thread-1] INFO  server.RaftServerConfigKeys (ConfUtils.java:logGet(46)) - raft.server.log.statemachine.data.read.timeout = 1000ms (default)
2022-10-06 01:03:16,991 [pool-96-thread-1] INFO  server.RaftServerConfigKeys (ConfUtils.java:logGet(46)) - raft.server.log.segment.size.max = 1048576 (custom)
2022-10-06 01:03:16,991 [pool-96-thread-1] INFO  server.RaftServerConfigKeys (ConfUtils.java:logGet(46)) - raft.server.log.segment.cache.num.max = 2 (custom)
2022-10-06 01:03:16,992 [pool-96-thread-1] INFO  server.RaftServerConfigKeys (ConfUtils.java:logGet(46)) - raft.server.log.segment.cache.size.max = 200MB (=209715200) (default)
2022-10-06 01:03:16,992 [pool-96-thread-1] INFO  segmented.SegmentedRaftLogWorker (SegmentedRaftLogWorker.java:<init>(187)) - new 68d8656a-d62a-40ab-a15f-69e804ac0718@group-9B53D1D8130A-SegmentedRaftLogWorker for RaftStorageImpl:Storage Directory /home/runner/work/ozone/ozone/hadoop-ozone/integration-test/target/test-dir/MiniOzoneClusterImpl-cb9ba06c-8019-4b1a-b2e9-0b8ac0549875/datanode-1/data/ratis/23626235-c7d9-47e2-b900-9b53d1d8130a
2022-10-06 01:03:16,992 [pool-96-thread-1] INFO  server.RaftServerConfigKeys (ConfUtils.java:logGet(46)) - raft.server.log.queue.byte-limit = 4294967296 (custom)
2022-10-06 01:03:16,992 [pool-96-thread-1] INFO  server.RaftServerConfigKeys (ConfUtils.java:logGet(46)) - raft.server.log.queue.element-limit = 1024 (custom)
2022-10-06 01:03:16,992 [pool-96-thread-1] INFO  server.RaftServerConfigKeys (ConfUtils.java:logGet(46)) - raft.server.log.segment.size.max = 1048576 (custom)
2022-10-06 01:03:16,992 [pool-96-thread-1] INFO  server.RaftServerConfigKeys (ConfUtils.java:logGet(46)) - raft.server.log.preallocated.size = 16384 (custom)
2022-10-06 01:03:16,992 [pool-96-thread-1] INFO  server.RaftServerConfigKeys (ConfUtils.java:logGet(46)) - raft.server.log.force.sync.num = 128 (default)
2022-10-06 01:03:16,992 [pool-96-thread-1] INFO  server.RaftServerConfigKeys (ConfUtils.java:logGet(46)) - raft.server.log.statemachine.data.sync = true (default)
2022-10-06 01:03:16,992 [pool-96-thread-1] INFO  server.RaftServerConfigKeys (ConfUtils.java:logGet(46)) - raft.server.log.statemachine.data.sync.timeout = 10s (default)
2022-10-06 01:03:16,992 [pool-96-thread-1] INFO  server.RaftServerConfigKeys (ConfUtils.java:logGet(46)) - raft.server.log.statemachine.data.sync.timeout.retry = -1 (default)
2022-10-06 01:03:16,993 [pool-96-thread-1] INFO  server.RaftServerConfigKeys (ConfUtils.java:logGet(46)) - raft.server.log.write.buffer.size = 1048576 (custom)
2022-10-06 01:03:16,993 [pool-96-thread-1] INFO  server.RaftServerConfigKeys (ConfUtils.java:logGet(46)) - raft.server.log.unsafe-flush.enabled = false (default)
2022-10-06 01:03:16,993 [pool-96-thread-1] INFO  server.RaftServerConfigKeys (ConfUtils.java:logGet(46)) - raft.server.log.statemachine.data.caching.enabled = true (custom)
2022-10-06 01:03:16,994 [pool-96-thread-1] INFO  segmented.SegmentedRaftLogWorker (SegmentedRaftLogWorker.java:lambda$new$0(135)) - 68d8656a-d62a-40ab-a15f-69e804ac0718@group-9B53D1D8130A-SegmentedRaftLogWorker: flushIndex: setUnconditionally 0 -> -1
2022-10-06 01:03:16,994 [pool-96-thread-1] INFO  segmented.SegmentedRaftLogWorker (SegmentedRaftLogWorker.java:lambda$new$0(135)) - 68d8656a-d62a-40ab-a15f-69e804ac0718@group-9B53D1D8130A-SegmentedRaftLogWorker: safeCacheEvictIndex: setUnconditionally 0 -> -1
2022-10-06 01:03:16,994 [pool-96-thread-1] INFO  server.RaftServerConfigKeys (ConfUtils.java:logGet(46)) - raft.server.snapshot.auto.trigger.enabled = true (custom)
2022-10-06 01:03:16,994 [pool-96-thread-1] INFO  server.RaftServerConfigKeys (ConfUtils.java:logGet(46)) - raft.server.snapshot.auto.trigger.threshold = 10000 (custom)
2022-10-06 01:03:16,994 [pool-96-thread-1] INFO  server.RaftServerConfigKeys (ConfUtils.java:logGet(46)) - raft.server.snapshot.retention.file.num = 5 (custom)
2022-10-06 01:03:16,994 [pool-96-thread-1] INFO  server.RaftServerConfigKeys (ConfUtils.java:logGet(46)) - raft.server.log.purge.upto.snapshot.index = false (default)
2022-10-06 01:03:16,994 [pool-96-thread-1] INFO  server.RaftServerConfigKeys (ConfUtils.java:logGet(46)) - raft.server.retrycache.expirytime = 600000ms (custom)
2022-10-06 01:03:16,994 [pool-96-thread-1] INFO  server.RaftServerConfigKeys (ConfUtils.java:logGet(46)) - raft.server.retrycache.statistics.expirytime = 100μs (default)
2022-10-06 01:03:17,003 [pool-96-thread-1] INFO  server.RaftServerConfigKeys (ConfUtils.java:logGet(46)) - raft.server.log.appender.install.snapshot.enabled = false (custom)
2022-10-06 01:03:17,003 [pool-96-thread-1] INFO  server.RaftServerConfigKeys (ConfUtils.java:logGet(46)) - raft.server.threadpool.server.cached = true (default)
2022-10-06 01:03:17,003 [pool-96-thread-1] INFO  server.RaftServerConfigKeys (ConfUtils.java:logGet(46)) - raft.server.threadpool.server.size = 0 (default)
2022-10-06 01:03:17,003 [pool-96-thread-1] INFO  server.RaftServerConfigKeys (ConfUtils.java:logGet(46)) - raft.server.threadpool.client.cached = true (default)
2022-10-06 01:03:17,003 [pool-96-thread-1] INFO  server.RaftServerConfigKeys (ConfUtils.java:logGet(46)) - raft.server.threadpool.client.size = 0 (default)
2022-10-06 01:03:17,003 [pool-96-thread-1] INFO  server.RaftServer$Division (RaftServerImpl.java:start(310)) - 68d8656a-d62a-40ab-a15f-69e804ac0718@group-9B53D1D8130A: start as a follower, conf=-1: [326c038e-632d-4c6b-af42-d1fe452b3912|rpc:10.1.0.249:42785|priority:1, 68d8656a-d62a-40ab-a15f-69e804ac0718|rpc:10.1.0.249:40209|priority:0, 4b23e9ad-4c3b-4e5e-a325-f9b3b725a9ac|rpc:10.1.0.249:34691|priority:0], old=null
2022-10-06 01:03:17,003 [pool-96-thread-1] INFO  server.RaftServer$Division (RaftServerImpl.java:setRole(299)) - 68d8656a-d62a-40ab-a15f-69e804ac0718@group-9B53D1D8130A: changes role from      null to FOLLOWER at term 0 for startAsFollower
2022-10-06 01:03:17,003 [pool-96-thread-1] INFO  impl.RoleInfo (RoleInfo.java:updateAndGet(139)) - 68d8656a-d62a-40ab-a15f-69e804ac0718: start 68d8656a-d62a-40ab-a15f-69e804ac0718@group-9B53D1D8130A-FollowerState
2022-10-06 01:03:17,005 [pool-96-thread-1] INFO  util.JmxRegister (JmxRegister.java:tryRegister(44)) - Successfully registered JMX Bean with object name Ratis:service=RaftServer,group=group-9B53D1D8130A,id=68d8656a-d62a-40ab-a15f-69e804ac0718
2022-10-06 01:03:17,006 [Command processor thread] INFO  ratis.XceiverServerRatis (XceiverServerRatis.java:addGroup(765)) - Created group PipelineID=23626235-c7d9-47e2-b900-9b53d1d8130a
2022-10-06 01:03:17,021 [grpc-default-executor-0] INFO  server.RaftServer (RaftServerProxy.java:addNew(96)) - 326c038e-632d-4c6b-af42-d1fe452b3912: addNew group-9B53D1D8130A:[326c038e-632d-4c6b-af42-d1fe452b3912|rpc:10.1.0.249:42785|dataStream:|priority:1, 68d8656a-d62a-40ab-a15f-69e804ac0718|rpc:10.1.0.249:40209|dataStream:|priority:0, 4b23e9ad-4c3b-4e5e-a325-f9b3b725a9ac|rpc:10.1.0.249:34691|dataStream:|priority:0] returns group-9B53D1D8130A:java.util.concurrent.CompletableFuture@199a9d65[Not completed]
2022-10-06 01:03:17,025 [pool-119-thread-1] INFO  server.RaftServer$Division (RaftServerImpl.java:<init>(190)) - 326c038e-632d-4c6b-af42-d1fe452b3912: new RaftServerImpl for group-9B53D1D8130A:[326c038e-632d-4c6b-af42-d1fe452b3912|rpc:10.1.0.249:42785|dataStream:|priority:1, 68d8656a-d62a-40ab-a15f-69e804ac0718|rpc:10.1.0.249:40209|dataStream:|priority:0, 4b23e9ad-4c3b-4e5e-a325-f9b3b725a9ac|rpc:10.1.0.249:34691|dataStream:|priority:0] with ContainerStateMachine:uninitialized
2022-10-06 01:03:17,025 [pool-119-thread-1] INFO  server.RaftServerConfigKeys (ConfUtils.java:logGet(46)) - raft.server.rpc.timeout.min = 5s (custom)
2022-10-06 01:03:17,025 [pool-119-thread-1] INFO  server.RaftServerConfigKeys (ConfUtils.java:logGet(46)) - raft.server.rpc.timeout.max = 5200ms (custom)
2022-10-06 01:03:17,025 [pool-119-thread-1] INFO  server.RaftServerConfigKeys (ConfUtils.java:logGet(46)) - raft.server.rpc.sleep.time = 25ms (default)
2022-10-06 01:03:17,025 [pool-119-thread-1] INFO  server.RaftServerConfigKeys (ConfUtils.java:logGet(46)) - raft.server.rpc.slowness.timeout = 300s (custom)
2022-10-06 01:03:17,025 [pool-119-thread-1] INFO  server.RaftServerConfigKeys (ConfUtils.java:logGet(46)) - raft.server.leaderelection.leader.step-down.wait-time = 10s (default)
2022-10-06 01:03:17,025 [pool-119-thread-1] INFO  server.RaftServerConfigKeys (ConfUtils.java:logGet(46)) - raft.server.sleep.deviation.threshold = 300ms (default)
2022-10-06 01:03:17,025 [pool-119-thread-1] INFO  server.RaftServer$Division (ServerState.java:<init>(107)) - 326c038e-632d-4c6b-af42-d1fe452b3912@group-9B53D1D8130A: ConfigurationManager, init=-1: [326c038e-632d-4c6b-af42-d1fe452b3912|rpc:10.1.0.249:42785|dataStream:|priority:1, 68d8656a-d62a-40ab-a15f-69e804ac0718|rpc:10.1.0.249:40209|dataStream:|priority:0, 4b23e9ad-4c3b-4e5e-a325-f9b3b725a9ac|rpc:10.1.0.249:34691|dataStream:|priority:0], old=null, confs=<EMPTY_MAP>
2022-10-06 01:03:17,025 [pool-119-thread-1] INFO  server.RaftServerConfigKeys (ConfUtils.java:logGet(46)) - raft.server.storage.dir = [/home/runner/work/ozone/ozone/hadoop-ozone/integration-test/target/test-dir/MiniOzoneClusterImpl-cb9ba06c-8019-4b1a-b2e9-0b8ac0549875/datanode-2/data/ratis] (custom)
2022-10-06 01:03:17,026 [pool-119-thread-1] INFO  server.RaftServerConfigKeys (ConfUtils.java:logGet(46)) - raft.server.log.corruption.policy = EXCEPTION (default)
2022-10-06 01:03:17,026 [pool-119-thread-1] INFO  server.RaftServerConfigKeys (ConfUtils.java:logGet(46)) - raft.server.storage.free-space.min = 0MB (=0) (default)
2022-10-06 01:03:17,026 [pool-119-thread-1] INFO  storage.RaftStorageDirectory (RaftStorageDirectoryImpl.java:analyzeStorage(135)) - The storage directory /home/runner/work/ozone/ozone/hadoop-ozone/integration-test/target/test-dir/MiniOzoneClusterImpl-cb9ba06c-8019-4b1a-b2e9-0b8ac0549875/datanode-2/data/ratis/23626235-c7d9-47e2-b900-9b53d1d8130a does not exist. Creating ...
2022-10-06 01:03:17,030 [pool-119-thread-1] INFO  storage.RaftStorageDirectory (RaftStorageDirectoryImpl.java:tryLock(230)) - Lock on /home/runner/work/ozone/ozone/hadoop-ozone/integration-test/target/test-dir/MiniOzoneClusterImpl-cb9ba06c-8019-4b1a-b2e9-0b8ac0549875/datanode-2/data/ratis/23626235-c7d9-47e2-b900-9b53d1d8130a/in_use.lock acquired by nodename 9215@fv-az399-337
2022-10-06 01:03:17,031 [pool-119-thread-1] INFO  storage.RaftStorage (RaftStorageImpl.java:format(89)) - Storage directory /home/runner/work/ozone/ozone/hadoop-ozone/integration-test/target/test-dir/MiniOzoneClusterImpl-cb9ba06c-8019-4b1a-b2e9-0b8ac0549875/datanode-2/data/ratis/23626235-c7d9-47e2-b900-9b53d1d8130a has been successfully formatted.
2022-10-06 01:03:17,031 [pool-119-thread-1] INFO  ratis.ContainerStateMachine (ContainerStateMachine.java:loadSnapshot(236)) - group-9B53D1D8130A: The snapshot info is null. Setting the last applied indexto:(t:0, i:~)
2022-10-06 01:03:17,031 [pool-119-thread-1] INFO  server.RaftServerConfigKeys (ConfUtils.java:logGet(46)) - raft.server.notification.no-leader.timeout = 300s (custom)
2022-10-06 01:03:17,032 [pool-119-thread-1] INFO  server.RaftServerConfigKeys (ConfUtils.java:logGet(46)) - raft.server.log.use.memory = false (default)
2022-10-06 01:03:17,032 [pool-119-thread-1] INFO  server.RaftServerConfigKeys (ConfUtils.java:logGet(46)) - raft.server.log.purge.gap = 1000000 (custom)
2022-10-06 01:03:17,033 [pool-119-thread-1] INFO  server.RaftServerConfigKeys (ConfUtils.java:logGet(46)) - raft.server.log.appender.buffer.byte-limit = 33554432 (custom)
2022-10-06 01:03:17,033 [pool-119-thread-1] INFO  server.RaftServerConfigKeys (ConfUtils.java:logGet(46)) - raft.server.log.statemachine.data.read.timeout = 1000ms (default)
2022-10-06 01:03:17,033 [pool-119-thread-1] INFO  server.RaftServerConfigKeys (ConfUtils.java:logGet(46)) - raft.server.log.segment.size.max = 1048576 (custom)
2022-10-06 01:03:17,033 [pool-119-thread-1] INFO  server.RaftServerConfigKeys (ConfUtils.java:logGet(46)) - raft.server.log.segment.cache.num.max = 2 (custom)
2022-10-06 01:03:17,033 [pool-119-thread-1] INFO  server.RaftServerConfigKeys (ConfUtils.java:logGet(46)) - raft.server.log.segment.cache.size.max = 200MB (=209715200) (default)
2022-10-06 01:03:17,033 [pool-119-thread-1] INFO  segmented.SegmentedRaftLogWorker (SegmentedRaftLogWorker.java:<init>(187)) - new 326c038e-632d-4c6b-af42-d1fe452b3912@group-9B53D1D8130A-SegmentedRaftLogWorker for RaftStorageImpl:Storage Directory /home/runner/work/ozone/ozone/hadoop-ozone/integration-test/target/test-dir/MiniOzoneClusterImpl-cb9ba06c-8019-4b1a-b2e9-0b8ac0549875/datanode-2/data/ratis/23626235-c7d9-47e2-b900-9b53d1d8130a
2022-10-06 01:03:17,033 [pool-119-thread-1] INFO  server.RaftServerConfigKeys (ConfUtils.java:logGet(46)) - raft.server.log.queue.byte-limit = 4294967296 (custom)
2022-10-06 01:03:17,033 [pool-119-thread-1] INFO  server.RaftServerConfigKeys (ConfUtils.java:logGet(46)) - raft.server.log.queue.element-limit = 1024 (custom)
2022-10-06 01:03:17,033 [pool-119-thread-1] INFO  server.RaftServerConfigKeys (ConfUtils.java:logGet(46)) - raft.server.log.segment.size.max = 1048576 (custom)
2022-10-06 01:03:17,033 [pool-119-thread-1] INFO  server.RaftServerConfigKeys (ConfUtils.java:logGet(46)) - raft.server.log.preallocated.size = 16384 (custom)
2022-10-06 01:03:17,033 [pool-119-thread-1] INFO  server.RaftServerConfigKeys (ConfUtils.java:logGet(46)) - raft.server.log.force.sync.num = 128 (default)
2022-10-06 01:03:17,033 [pool-119-thread-1] INFO  server.RaftServerConfigKeys (ConfUtils.java:logGet(46)) - raft.server.log.statemachine.data.sync = true (default)
2022-10-06 01:03:17,034 [pool-119-thread-1] INFO  server.RaftServerConfigKeys (ConfUtils.java:logGet(46)) - raft.server.log.statemachine.data.sync.timeout = 10s (default)
2022-10-06 01:03:17,034 [pool-119-thread-1] INFO  server.RaftServerConfigKeys (ConfUtils.java:logGet(46)) - raft.server.log.statemachine.data.sync.timeout.retry = -1 (default)
2022-10-06 01:03:17,041 [Command processor thread] INFO  commandhandler.CreatePipelineCommandHandler (CreatePipelineCommandHandler.java:handle(113)) - Created Pipeline RATIS THREE PipelineID=23626235-c7d9-47e2-b900-9b53d1d8130a.
2022-10-06 01:03:17,041 [pool-119-thread-1] INFO  server.RaftServerConfigKeys (ConfUtils.java:logGet(46)) - raft.server.log.write.buffer.size = 1048576 (custom)
2022-10-06 01:03:17,043 [pool-119-thread-1] INFO  server.RaftServerConfigKeys (ConfUtils.java:logGet(46)) - raft.server.log.unsafe-flush.enabled = false (default)
2022-10-06 01:03:17,043 [pool-119-thread-1] INFO  server.RaftServerConfigKeys (ConfUtils.java:logGet(46)) - raft.server.log.statemachine.data.caching.enabled = true (custom)
2022-10-06 01:03:17,043 [pool-119-thread-1] INFO  segmented.SegmentedRaftLogWorker (SegmentedRaftLogWorker.java:lambda$new$0(135)) - 326c038e-632d-4c6b-af42-d1fe452b3912@group-9B53D1D8130A-SegmentedRaftLogWorker: flushIndex: setUnconditionally 0 -> -1
2022-10-06 01:03:17,043 [pool-119-thread-1] INFO  segmented.SegmentedRaftLogWorker (SegmentedRaftLogWorker.java:lambda$new$0(135)) - 326c038e-632d-4c6b-af42-d1fe452b3912@group-9B53D1D8130A-SegmentedRaftLogWorker: safeCacheEvictIndex: setUnconditionally 0 -> -1
2022-10-06 01:03:17,045 [pool-119-thread-1] INFO  server.RaftServerConfigKeys (ConfUtils.java:logGet(46)) - raft.server.snapshot.auto.trigger.enabled = true (custom)
2022-10-06 01:03:17,045 [pool-119-thread-1] INFO  server.RaftServerConfigKeys (ConfUtils.java:logGet(46)) - raft.server.snapshot.auto.trigger.threshold = 10000 (custom)
2022-10-06 01:03:17,045 [pool-119-thread-1] INFO  server.RaftServerConfigKeys (ConfUtils.java:logGet(46)) - raft.server.snapshot.retention.file.num = 5 (custom)
2022-10-06 01:03:17,045 [pool-119-thread-1] INFO  server.RaftServerConfigKeys (ConfUtils.java:logGet(46)) - raft.server.log.purge.upto.snapshot.index = false (default)
2022-10-06 01:03:17,045 [pool-119-thread-1] INFO  server.RaftServerConfigKeys (ConfUtils.java:logGet(46)) - raft.server.retrycache.expirytime = 600000ms (custom)
2022-10-06 01:03:17,045 [pool-119-thread-1] INFO  server.RaftServerConfigKeys (ConfUtils.java:logGet(46)) - raft.server.retrycache.statistics.expirytime = 100μs (default)
2022-10-06 01:03:17,046 [pool-119-thread-1] INFO  server.RaftServerConfigKeys (ConfUtils.java:logGet(46)) - raft.server.log.appender.install.snapshot.enabled = false (custom)
2022-10-06 01:03:17,046 [pool-119-thread-1] INFO  server.RaftServerConfigKeys (ConfUtils.java:logGet(46)) - raft.server.threadpool.server.cached = true (default)
2022-10-06 01:03:17,046 [pool-119-thread-1] INFO  server.RaftServerConfigKeys (ConfUtils.java:logGet(46)) - raft.server.threadpool.server.size = 0 (default)
2022-10-06 01:03:17,046 [pool-119-thread-1] INFO  server.RaftServerConfigKeys (ConfUtils.java:logGet(46)) - raft.server.threadpool.client.cached = true (default)
2022-10-06 01:03:17,046 [pool-119-thread-1] INFO  server.RaftServerConfigKeys (ConfUtils.java:logGet(46)) - raft.server.threadpool.client.size = 0 (default)
2022-10-06 01:03:17,046 [pool-119-thread-1] INFO  server.RaftServer$Division (RaftServerImpl.java:start(310)) - 326c038e-632d-4c6b-af42-d1fe452b3912@group-9B53D1D8130A: start as a follower, conf=-1: [326c038e-632d-4c6b-af42-d1fe452b3912|rpc:10.1.0.249:42785|dataStream:|priority:1, 68d8656a-d62a-40ab-a15f-69e804ac0718|rpc:10.1.0.249:40209|dataStream:|priority:0, 4b23e9ad-4c3b-4e5e-a325-f9b3b725a9ac|rpc:10.1.0.249:34691|dataStream:|priority:0], old=null
2022-10-06 01:03:17,046 [pool-119-thread-1] INFO  server.RaftServer$Division (RaftServerImpl.java:setRole(299)) - 326c038e-632d-4c6b-af42-d1fe452b3912@group-9B53D1D8130A: changes role from      null to FOLLOWER at term 0 for startAsFollower
2022-10-06 01:03:17,046 [pool-119-thread-1] INFO  impl.RoleInfo (RoleInfo.java:updateAndGet(139)) - 326c038e-632d-4c6b-af42-d1fe452b3912: start 326c038e-632d-4c6b-af42-d1fe452b3912@group-9B53D1D8130A-FollowerState
2022-10-06 01:03:17,047 [Command processor thread] INFO  server.RaftServer (RaftServerProxy.java:addNew(96)) - 326c038e-632d-4c6b-af42-d1fe452b3912: addNew group-0C680043648C:[326c038e-632d-4c6b-af42-d1fe452b3912|rpc:10.1.0.249:42785|priority:1] returns group-0C680043648C:java.util.concurrent.CompletableFuture@d8d4921[Not completed]
2022-10-06 01:03:17,048 [pool-119-thread-1] INFO  util.JmxRegister (JmxRegister.java:tryRegister(44)) - Successfully registered JMX Bean with object name Ratis:service=RaftServer,group=group-9B53D1D8130A,id=326c038e-632d-4c6b-af42-d1fe452b3912
2022-10-06 01:03:17,050 [pool-119-thread-1] INFO  server.RaftServer$Division (RaftServerImpl.java:<init>(190)) - 326c038e-632d-4c6b-af42-d1fe452b3912: new RaftServerImpl for group-0C680043648C:[326c038e-632d-4c6b-af42-d1fe452b3912|rpc:10.1.0.249:42785|priority:1] with ContainerStateMachine:uninitialized
2022-10-06 01:03:17,050 [pool-119-thread-1] INFO  server.RaftServerConfigKeys (ConfUtils.java:logGet(46)) - raft.server.rpc.timeout.min = 5s (custom)
2022-10-06 01:03:17,050 [pool-119-thread-1] INFO  server.RaftServerConfigKeys (ConfUtils.java:logGet(46)) - raft.server.rpc.timeout.max = 5200ms (custom)
2022-10-06 01:03:17,054 [pool-119-thread-1] INFO  server.RaftServerConfigKeys (ConfUtils.java:logGet(46)) - raft.server.rpc.sleep.time = 25ms (default)
2022-10-06 01:03:17,054 [pool-119-thread-1] INFO  server.RaftServerConfigKeys (ConfUtils.java:logGet(46)) - raft.server.rpc.slowness.timeout = 300s (custom)
2022-10-06 01:03:17,054 [pool-119-thread-1] INFO  server.RaftServerConfigKeys (ConfUtils.java:logGet(46)) - raft.server.leaderelection.leader.step-down.wait-time = 10s (default)
2022-10-06 01:03:17,054 [pool-119-thread-1] INFO  server.RaftServerConfigKeys (ConfUtils.java:logGet(46)) - raft.server.sleep.deviation.threshold = 300ms (default)
2022-10-06 01:03:17,054 [pool-119-thread-1] INFO  server.RaftServer$Division (ServerState.java:<init>(107)) - 326c038e-632d-4c6b-af42-d1fe452b3912@group-0C680043648C: ConfigurationManager, init=-1: [326c038e-632d-4c6b-af42-d1fe452b3912|rpc:10.1.0.249:42785|priority:1], old=null, confs=<EMPTY_MAP>
2022-10-06 01:03:17,054 [pool-119-thread-1] INFO  server.RaftServerConfigKeys (ConfUtils.java:logGet(46)) - raft.server.storage.dir = [/home/runner/work/ozone/ozone/hadoop-ozone/integration-test/target/test-dir/MiniOzoneClusterImpl-cb9ba06c-8019-4b1a-b2e9-0b8ac0549875/datanode-2/data/ratis] (custom)
2022-10-06 01:03:17,056 [pool-119-thread-1] INFO  server.RaftServerConfigKeys (ConfUtils.java:logGet(46)) - raft.server.log.corruption.policy = EXCEPTION (default)
2022-10-06 01:03:17,056 [pool-119-thread-1] INFO  server.RaftServerConfigKeys (ConfUtils.java:logGet(46)) - raft.server.storage.free-space.min = 0MB (=0) (default)
2022-10-06 01:03:17,056 [pool-119-thread-1] INFO  storage.RaftStorageDirectory (RaftStorageDirectoryImpl.java:analyzeStorage(135)) - The storage directory /home/runner/work/ozone/ozone/hadoop-ozone/integration-test/target/test-dir/MiniOzoneClusterImpl-cb9ba06c-8019-4b1a-b2e9-0b8ac0549875/datanode-2/data/ratis/a30498b3-6e1d-4b8c-b9c5-0c680043648c does not exist. Creating ...
2022-10-06 01:03:17,057 [pool-119-thread-1] INFO  storage.RaftStorageDirectory (RaftStorageDirectoryImpl.java:tryLock(230)) - Lock on /home/runner/work/ozone/ozone/hadoop-ozone/integration-test/target/test-dir/MiniOzoneClusterImpl-cb9ba06c-8019-4b1a-b2e9-0b8ac0549875/datanode-2/data/ratis/a30498b3-6e1d-4b8c-b9c5-0c680043648c/in_use.lock acquired by nodename 9215@fv-az399-337
2022-10-06 01:03:17,058 [pool-119-thread-1] INFO  storage.RaftStorage (RaftStorageImpl.java:format(89)) - Storage directory /home/runner/work/ozone/ozone/hadoop-ozone/integration-test/target/test-dir/MiniOzoneClusterImpl-cb9ba06c-8019-4b1a-b2e9-0b8ac0549875/datanode-2/data/ratis/a30498b3-6e1d-4b8c-b9c5-0c680043648c has been successfully formatted.
2022-10-06 01:03:17,060 [pool-119-thread-1] INFO  ratis.ContainerStateMachine (ContainerStateMachine.java:loadSnapshot(236)) - group-0C680043648C: The snapshot info is null. Setting the last applied indexto:(t:0, i:~)
2022-10-06 01:03:17,061 [EventQueue-PipelineReportForPipelineReportHandler] INFO  pipeline.PipelineManagerImpl (PipelineManagerImpl.java:openPipeline(367)) - Pipeline Pipeline[ Id: a30498b3-6e1d-4b8c-b9c5-0c680043648c, Nodes: 326c038e-632d-4c6b-af42-d1fe452b3912{ip: 10.1.0.249, host: fv-az399-337.4urtqdmtpd2erju50p4tzyn2ng.bx.internal.cloudapp.net, ports: [REPLICATION=45493, RATIS=42785, RATIS_ADMIN=42785, RATIS_SERVER=42785, STANDALONE=44145], networkLocation: /default-rack, certSerialId: null, persistedOpState: IN_SERVICE, persistedOpStateExpiryEpochSec: 0}, ReplicationConfig: RATIS/ONE, State:ALLOCATED, leaderId:326c038e-632d-4c6b-af42-d1fe452b3912, CreationTimestamp2022-10-06T01:03:14.052Z[Etc/UTC]] moved to OPEN state
2022-10-06 01:03:17,062 [EventQueue-OpenPipelineForHealthyPipelineSafeModeRule] INFO  safemode.SCMSafeModeManager (HealthyPipelineSafeModeRule.java:process(137)) - SCM in safe mode. Healthy pipelines reported count is 0, required healthy pipeline reported count is 1
2022-10-06 01:03:17,067 [pool-119-thread-1] INFO  server.RaftServerConfigKeys (ConfUtils.java:logGet(46)) - raft.server.notification.no-leader.timeout = 300s (custom)
2022-10-06 01:03:17,070 [pool-119-thread-1] INFO  server.RaftServerConfigKeys (ConfUtils.java:logGet(46)) - raft.server.log.use.memory = false (default)
2022-10-06 01:03:17,070 [pool-119-thread-1] INFO  server.RaftServerConfigKeys (ConfUtils.java:logGet(46)) - raft.server.log.purge.gap = 1000000 (custom)
2022-10-06 01:03:17,070 [pool-119-thread-1] INFO  server.RaftServerConfigKeys (ConfUtils.java:logGet(46)) - raft.server.log.appender.buffer.byte-limit = 33554432 (custom)
2022-10-06 01:03:17,070 [pool-119-thread-1] INFO  server.RaftServerConfigKeys (ConfUtils.java:logGet(46)) - raft.server.log.statemachine.data.read.timeout = 1000ms (default)
2022-10-06 01:03:17,070 [pool-119-thread-1] INFO  server.RaftServerConfigKeys (ConfUtils.java:logGet(46)) - raft.server.log.segment.size.max = 1048576 (custom)
2022-10-06 01:03:17,073 [pool-119-thread-1] INFO  server.RaftServerConfigKeys (ConfUtils.java:logGet(46)) - raft.server.log.segment.cache.num.max = 2 (custom)
2022-10-06 01:03:17,076 [pool-119-thread-1] INFO  server.RaftServerConfigKeys (ConfUtils.java:logGet(46)) - raft.server.log.segment.cache.size.max = 200MB (=209715200) (default)
2022-10-06 01:03:17,076 [pool-119-thread-1] INFO  segmented.SegmentedRaftLogWorker (SegmentedRaftLogWorker.java:<init>(187)) - new 326c038e-632d-4c6b-af42-d1fe452b3912@group-0C680043648C-SegmentedRaftLogWorker for RaftStorageImpl:Storage Directory /home/runner/work/ozone/ozone/hadoop-ozone/integration-test/target/test-dir/MiniOzoneClusterImpl-cb9ba06c-8019-4b1a-b2e9-0b8ac0549875/datanode-2/data/ratis/a30498b3-6e1d-4b8c-b9c5-0c680043648c
2022-10-06 01:03:17,076 [pool-119-thread-1] INFO  server.RaftServerConfigKeys (ConfUtils.java:logGet(46)) - raft.server.log.queue.byte-limit = 4294967296 (custom)
2022-10-06 01:03:17,076 [pool-119-thread-1] INFO  server.RaftServerConfigKeys (ConfUtils.java:logGet(46)) - raft.server.log.queue.element-limit = 1024 (custom)
2022-10-06 01:03:17,076 [pool-119-thread-1] INFO  server.RaftServerConfigKeys (ConfUtils.java:logGet(46)) - raft.server.log.segment.size.max = 1048576 (custom)
2022-10-06 01:03:17,076 [pool-119-thread-1] INFO  server.RaftServerConfigKeys (ConfUtils.java:logGet(46)) - raft.server.log.preallocated.size = 16384 (custom)
2022-10-06 01:03:17,076 [pool-119-thread-1] INFO  server.RaftServerConfigKeys (ConfUtils.java:logGet(46)) - raft.server.log.force.sync.num = 128 (default)
2022-10-06 01:03:17,076 [pool-119-thread-1] INFO  server.RaftServerConfigKeys (ConfUtils.java:logGet(46)) - raft.server.log.statemachine.data.sync = true (default)
2022-10-06 01:03:17,076 [pool-119-thread-1] INFO  server.RaftServerConfigKeys (ConfUtils.java:logGet(46)) - raft.server.log.statemachine.data.sync.timeout = 10s (default)
2022-10-06 01:03:17,076 [pool-119-thread-1] INFO  server.RaftServerConfigKeys (ConfUtils.java:logGet(46)) - raft.server.log.statemachine.data.sync.timeout.retry = -1 (default)
2022-10-06 01:03:17,083 [pool-119-thread-1] INFO  server.RaftServerConfigKeys (ConfUtils.java:logGet(46)) - raft.server.log.write.buffer.size = 1048576 (custom)
2022-10-06 01:03:17,083 [Command processor thread] INFO  commandhandler.CreatePipelineCommandHandler (CreatePipelineCommandHandler.java:handle(113)) - Created Pipeline RATIS THREE PipelineID=23626235-c7d9-47e2-b900-9b53d1d8130a.
2022-10-06 01:03:17,084 [pool-119-thread-1] INFO  server.RaftServerConfigKeys (ConfUtils.java:logGet(46)) - raft.server.log.unsafe-flush.enabled = false (default)
2022-10-06 01:03:17,084 [pool-119-thread-1] INFO  server.RaftServerConfigKeys (ConfUtils.java:logGet(46)) - raft.server.log.statemachine.data.caching.enabled = true (custom)
2022-10-06 01:03:17,084 [pool-119-thread-1] INFO  segmented.SegmentedRaftLogWorker (SegmentedRaftLogWorker.java:lambda$new$0(135)) - 326c038e-632d-4c6b-af42-d1fe452b3912@group-0C680043648C-SegmentedRaftLogWorker: flushIndex: setUnconditionally 0 -> -1
2022-10-06 01:03:17,084 [pool-119-thread-1] INFO  segmented.SegmentedRaftLogWorker (SegmentedRaftLogWorker.java:lambda$new$0(135)) - 326c038e-632d-4c6b-af42-d1fe452b3912@group-0C680043648C-SegmentedRaftLogWorker: safeCacheEvictIndex: setUnconditionally 0 -> -1
2022-10-06 01:03:17,086 [pool-119-thread-1] INFO  server.RaftServerConfigKeys (ConfUtils.java:logGet(46)) - raft.server.snapshot.auto.trigger.enabled = true (custom)
2022-10-06 01:03:17,086 [pool-119-thread-1] INFO  server.RaftServerConfigKeys (ConfUtils.java:logGet(46)) - raft.server.snapshot.auto.trigger.threshold = 10000 (custom)
2022-10-06 01:03:17,086 [pool-119-thread-1] INFO  server.RaftServerConfigKeys (ConfUtils.java:logGet(46)) - raft.server.snapshot.retention.file.num = 5 (custom)
2022-10-06 01:03:17,086 [pool-119-thread-1] INFO  server.RaftServerConfigKeys (ConfUtils.java:logGet(46)) - raft.server.log.purge.upto.snapshot.index = false (default)
2022-10-06 01:03:17,086 [pool-119-thread-1] INFO  server.RaftServerConfigKeys (ConfUtils.java:logGet(46)) - raft.server.retrycache.expirytime = 600000ms (custom)
2022-10-06 01:03:17,086 [pool-119-thread-1] INFO  server.RaftServerConfigKeys (ConfUtils.java:logGet(46)) - raft.server.retrycache.statistics.expirytime = 100μs (default)
2022-10-06 01:03:17,087 [pool-119-thread-1] INFO  server.RaftServerConfigKeys (ConfUtils.java:logGet(46)) - raft.server.log.appender.install.snapshot.enabled = false (custom)
2022-10-06 01:03:17,087 [pool-119-thread-1] INFO  server.RaftServerConfigKeys (ConfUtils.java:logGet(46)) - raft.server.threadpool.server.cached = true (default)
2022-10-06 01:03:17,087 [pool-119-thread-1] INFO  server.RaftServerConfigKeys (ConfUtils.java:logGet(46)) - raft.server.threadpool.server.size = 0 (default)
2022-10-06 01:03:17,087 [pool-119-thread-1] INFO  server.RaftServerConfigKeys (ConfUtils.java:logGet(46)) - raft.server.threadpool.client.cached = true (default)
2022-10-06 01:03:17,087 [pool-119-thread-1] INFO  server.RaftServerConfigKeys (ConfUtils.java:logGet(46)) - raft.server.threadpool.client.size = 0 (default)
2022-10-06 01:03:17,087 [pool-119-thread-1] INFO  server.RaftServer$Division (RaftServerImpl.java:start(310)) - 326c038e-632d-4c6b-af42-d1fe452b3912@group-0C680043648C: start as a follower, conf=-1: [326c038e-632d-4c6b-af42-d1fe452b3912|rpc:10.1.0.249:42785|priority:1], old=null
2022-10-06 01:03:17,087 [pool-119-thread-1] INFO  server.RaftServer$Division (RaftServerImpl.java:setRole(299)) - 326c038e-632d-4c6b-af42-d1fe452b3912@group-0C680043648C: changes role from      null to FOLLOWER at term 0 for startAsFollower
2022-10-06 01:03:17,087 [pool-119-thread-1] INFO  impl.RoleInfo (RoleInfo.java:updateAndGet(139)) - 326c038e-632d-4c6b-af42-d1fe452b3912: start 326c038e-632d-4c6b-af42-d1fe452b3912@group-0C680043648C-FollowerState
2022-10-06 01:03:17,087 [pool-119-thread-1] INFO  util.JmxRegister (JmxRegister.java:tryRegister(44)) - Successfully registered JMX Bean with object name Ratis:service=RaftServer,group=group-0C680043648C,id=326c038e-632d-4c6b-af42-d1fe452b3912
2022-10-06 01:03:17,088 [Command processor thread] INFO  ratis.XceiverServerRatis (XceiverServerRatis.java:addGroup(765)) - Created group PipelineID=a30498b3-6e1d-4b8c-b9c5-0c680043648c
2022-10-06 01:03:17,088 [Command processor thread] INFO  commandhandler.CreatePipelineCommandHandler (CreatePipelineCommandHandler.java:handle(113)) - Created Pipeline RATIS ONE PipelineID=a30498b3-6e1d-4b8c-b9c5-0c680043648c.
2022-10-06 01:03:17,392 [Command processor thread] INFO  server.RaftServer (RaftServerProxy.java:addNew(96)) - 62d7347f-94d0-45cc-b868-9236a636eb61: addNew group-EAE602682FB9:[62d7347f-94d0-45cc-b868-9236a636eb61|rpc:10.1.0.249:41921|priority:1] returns group-EAE602682FB9:java.util.concurrent.CompletableFuture@7afecfa1[Not completed]
2022-10-06 01:03:17,395 [pool-142-thread-1] INFO  server.RaftServer$Division (RaftServerImpl.java:<init>(190)) - 62d7347f-94d0-45cc-b868-9236a636eb61: new RaftServerImpl for group-EAE602682FB9:[62d7347f-94d0-45cc-b868-9236a636eb61|rpc:10.1.0.249:41921|priority:1] with ContainerStateMachine:uninitialized
2022-10-06 01:03:17,395 [pool-142-thread-1] INFO  server.RaftServerConfigKeys (ConfUtils.java:logGet(46)) - raft.server.rpc.timeout.min = 5s (custom)
2022-10-06 01:03:17,396 [pool-142-thread-1] INFO  server.RaftServerConfigKeys (ConfUtils.java:logGet(46)) - raft.server.rpc.timeout.max = 5200ms (custom)
2022-10-06 01:03:17,396 [pool-142-thread-1] INFO  server.RaftServerConfigKeys (ConfUtils.java:logGet(46)) - raft.server.rpc.sleep.time = 25ms (default)
2022-10-06 01:03:17,396 [pool-142-thread-1] INFO  server.RaftServerConfigKeys (ConfUtils.java:logGet(46)) - raft.server.rpc.slowness.timeout = 300s (custom)
2022-10-06 01:03:17,396 [pool-142-thread-1] INFO  server.RaftServerConfigKeys (ConfUtils.java:logGet(46)) - raft.server.leaderelection.leader.step-down.wait-time = 10s (default)
2022-10-06 01:03:17,396 [pool-142-thread-1] INFO  server.RaftServerConfigKeys (ConfUtils.java:logGet(46)) - raft.server.sleep.deviation.threshold = 300ms (default)
2022-10-06 01:03:17,396 [pool-142-thread-1] INFO  server.RaftServer$Division (ServerState.java:<init>(107)) - 62d7347f-94d0-45cc-b868-9236a636eb61@group-EAE602682FB9: ConfigurationManager, init=-1: [62d7347f-94d0-45cc-b868-9236a636eb61|rpc:10.1.0.249:41921|priority:1], old=null, confs=<EMPTY_MAP>
2022-10-06 01:03:17,396 [pool-142-thread-1] INFO  server.RaftServerConfigKeys (ConfUtils.java:logGet(46)) - raft.server.storage.dir = [/home/runner/work/ozone/ozone/hadoop-ozone/integration-test/target/test-dir/MiniOzoneClusterImpl-cb9ba06c-8019-4b1a-b2e9-0b8ac0549875/datanode-3/data/ratis] (custom)
2022-10-06 01:03:17,396 [pool-142-thread-1] INFO  server.RaftServerConfigKeys (ConfUtils.java:logGet(46)) - raft.server.log.corruption.policy = EXCEPTION (default)
2022-10-06 01:03:17,396 [pool-142-thread-1] INFO  server.RaftServerConfigKeys (ConfUtils.java:logGet(46)) - raft.server.storage.free-space.min = 0MB (=0) (default)
2022-10-06 01:03:17,396 [pool-142-thread-1] INFO  storage.RaftStorageDirectory (RaftStorageDirectoryImpl.java:analyzeStorage(135)) - The storage directory /home/runner/work/ozone/ozone/hadoop-ozone/integration-test/target/test-dir/MiniOzoneClusterImpl-cb9ba06c-8019-4b1a-b2e9-0b8ac0549875/datanode-3/data/ratis/d368ba86-a4a2-4789-bcb5-eae602682fb9 does not exist. Creating ...
2022-10-06 01:03:17,397 [pool-142-thread-1] INFO  storage.RaftStorageDirectory (RaftStorageDirectoryImpl.java:tryLock(230)) - Lock on /home/runner/work/ozone/ozone/hadoop-ozone/integration-test/target/test-dir/MiniOzoneClusterImpl-cb9ba06c-8019-4b1a-b2e9-0b8ac0549875/datanode-3/data/ratis/d368ba86-a4a2-4789-bcb5-eae602682fb9/in_use.lock acquired by nodename 9215@fv-az399-337
2022-10-06 01:03:17,398 [pool-142-thread-1] INFO  storage.RaftStorage (RaftStorageImpl.java:format(89)) - Storage directory /home/runner/work/ozone/ozone/hadoop-ozone/integration-test/target/test-dir/MiniOzoneClusterImpl-cb9ba06c-8019-4b1a-b2e9-0b8ac0549875/datanode-3/data/ratis/d368ba86-a4a2-4789-bcb5-eae602682fb9 has been successfully formatted.
2022-10-06 01:03:17,399 [pool-142-thread-1] INFO  ratis.ContainerStateMachine (ContainerStateMachine.java:loadSnapshot(236)) - group-EAE602682FB9: The snapshot info is null. Setting the last applied indexto:(t:0, i:~)
2022-10-06 01:03:17,399 [pool-142-thread-1] INFO  server.RaftServerConfigKeys (ConfUtils.java:logGet(46)) - raft.server.notification.no-leader.timeout = 300s (custom)
2022-10-06 01:03:17,399 [pool-142-thread-1] INFO  server.RaftServerConfigKeys (ConfUtils.java:logGet(46)) - raft.server.log.use.memory = false (default)
2022-10-06 01:03:17,399 [pool-142-thread-1] INFO  server.RaftServerConfigKeys (ConfUtils.java:logGet(46)) - raft.server.log.purge.gap = 1000000 (custom)
2022-10-06 01:03:17,400 [pool-142-thread-1] INFO  server.RaftServerConfigKeys (ConfUtils.java:logGet(46)) - raft.server.log.appender.buffer.byte-limit = 33554432 (custom)
2022-10-06 01:03:17,401 [EventQueue-PipelineReportForPipelineReportHandler] INFO  pipeline.PipelineManagerImpl (PipelineManagerImpl.java:openPipeline(367)) - Pipeline Pipeline[ Id: d368ba86-a4a2-4789-bcb5-eae602682fb9, Nodes: 62d7347f-94d0-45cc-b868-9236a636eb61{ip: 10.1.0.249, host: fv-az399-337.4urtqdmtpd2erju50p4tzyn2ng.bx.internal.cloudapp.net, ports: [REPLICATION=38925, RATIS=41921, RATIS_ADMIN=41921, RATIS_SERVER=41921, STANDALONE=34417], networkLocation: /default-rack, certSerialId: null, persistedOpState: IN_SERVICE, persistedOpStateExpiryEpochSec: 0}, ReplicationConfig: RATIS/ONE, State:ALLOCATED, leaderId:62d7347f-94d0-45cc-b868-9236a636eb61, CreationTimestamp2022-10-06T01:03:14.395Z[Etc/UTC]] moved to OPEN state
2022-10-06 01:03:17,402 [EventQueue-OpenPipelineForHealthyPipelineSafeModeRule] INFO  safemode.SCMSafeModeManager (HealthyPipelineSafeModeRule.java:process(137)) - SCM in safe mode. Healthy pipelines reported count is 0, required healthy pipeline reported count is 1
2022-10-06 01:03:17,402 [pool-142-thread-1] INFO  server.RaftServerConfigKeys (ConfUtils.java:logGet(46)) - raft.server.log.statemachine.data.read.timeout = 1000ms (default)
2022-10-06 01:03:17,403 [pool-142-thread-1] INFO  server.RaftServerConfigKeys (ConfUtils.java:logGet(46)) - raft.server.log.segment.size.max = 1048576 (custom)
2022-10-06 01:03:17,403 [pool-142-thread-1] INFO  server.RaftServerConfigKeys (ConfUtils.java:logGet(46)) - raft.server.log.segment.cache.num.max = 2 (custom)
2022-10-06 01:03:17,403 [pool-142-thread-1] INFO  server.RaftServerConfigKeys (ConfUtils.java:logGet(46)) - raft.server.log.segment.cache.size.max = 200MB (=209715200) (default)
2022-10-06 01:03:17,403 [pool-142-thread-1] INFO  segmented.SegmentedRaftLogWorker (SegmentedRaftLogWorker.java:<init>(187)) - new 62d7347f-94d0-45cc-b868-9236a636eb61@group-EAE602682FB9-SegmentedRaftLogWorker for RaftStorageImpl:Storage Directory /home/runner/work/ozone/ozone/hadoop-ozone/integration-test/target/test-dir/MiniOzoneClusterImpl-cb9ba06c-8019-4b1a-b2e9-0b8ac0549875/datanode-3/data/ratis/d368ba86-a4a2-4789-bcb5-eae602682fb9
2022-10-06 01:03:17,404 [pool-142-thread-1] INFO  server.RaftServerConfigKeys (ConfUtils.java:logGet(46)) - raft.server.log.queue.byte-limit = 4294967296 (custom)
2022-10-06 01:03:17,404 [pool-142-thread-1] INFO  server.RaftServerConfigKeys (ConfUtils.java:logGet(46)) - raft.server.log.queue.element-limit = 1024 (custom)
2022-10-06 01:03:17,404 [pool-142-thread-1] INFO  server.RaftServerConfigKeys (ConfUtils.java:logGet(46)) - raft.server.log.segment.size.max = 1048576 (custom)
2022-10-06 01:03:17,404 [pool-142-thread-1] INFO  server.RaftServerConfigKeys (ConfUtils.java:logGet(46)) - raft.server.log.preallocated.size = 16384 (custom)
2022-10-06 01:03:17,404 [pool-142-thread-1] INFO  server.RaftServerConfigKeys (ConfUtils.java:logGet(46)) - raft.server.log.force.sync.num = 128 (default)
2022-10-06 01:03:17,404 [pool-142-thread-1] INFO  server.RaftServerConfigKeys (ConfUtils.java:logGet(46)) - raft.server.log.statemachine.data.sync = true (default)
2022-10-06 01:03:17,404 [pool-142-thread-1] INFO  server.RaftServerConfigKeys (ConfUtils.java:logGet(46)) - raft.server.log.statemachine.data.sync.timeout = 10s (default)
2022-10-06 01:03:17,404 [pool-142-thread-1] INFO  server.RaftServerConfigKeys (ConfUtils.java:logGet(46)) - raft.server.log.statemachine.data.sync.timeout.retry = -1 (default)
2022-10-06 01:03:17,404 [pool-142-thread-1] INFO  server.RaftServerConfigKeys (ConfUtils.java:logGet(46)) - raft.server.log.write.buffer.size = 1048576 (custom)
2022-10-06 01:03:17,405 [pool-142-thread-1] INFO  server.RaftServerConfigKeys (ConfUtils.java:logGet(46)) - raft.server.log.unsafe-flush.enabled = false (default)
2022-10-06 01:03:17,405 [pool-142-thread-1] INFO  server.RaftServerConfigKeys (ConfUtils.java:logGet(46)) - raft.server.log.statemachine.data.caching.enabled = true (custom)
2022-10-06 01:03:17,405 [pool-142-thread-1] INFO  segmented.SegmentedRaftLogWorker (SegmentedRaftLogWorker.java:lambda$new$0(135)) - 62d7347f-94d0-45cc-b868-9236a636eb61@group-EAE602682FB9-SegmentedRaftLogWorker: flushIndex: setUnconditionally 0 -> -1
2022-10-06 01:03:17,405 [pool-142-thread-1] INFO  segmented.SegmentedRaftLogWorker (SegmentedRaftLogWorker.java:lambda$new$0(135)) - 62d7347f-94d0-45cc-b868-9236a636eb61@group-EAE602682FB9-SegmentedRaftLogWorker: safeCacheEvictIndex: setUnconditionally 0 -> -1
2022-10-06 01:03:17,406 [pool-142-thread-1] INFO  server.RaftServerConfigKeys (ConfUtils.java:logGet(46)) - raft.server.snapshot.auto.trigger.enabled = true (custom)
2022-10-06 01:03:17,406 [pool-142-thread-1] INFO  server.RaftServerConfigKeys (ConfUtils.java:logGet(46)) - raft.server.snapshot.auto.trigger.threshold = 10000 (custom)
2022-10-06 01:03:17,406 [pool-142-thread-1] INFO  server.RaftServerConfigKeys (ConfUtils.java:logGet(46)) - raft.server.snapshot.retention.file.num = 5 (custom)
2022-10-06 01:03:17,406 [pool-142-thread-1] INFO  server.RaftServerConfigKeys (ConfUtils.java:logGet(46)) - raft.server.log.purge.upto.snapshot.index = false (default)
2022-10-06 01:03:17,406 [pool-142-thread-1] INFO  server.RaftServerConfigKeys (ConfUtils.java:logGet(46)) - raft.server.retrycache.expirytime = 600000ms (custom)
2022-10-06 01:03:17,406 [pool-142-thread-1] INFO  server.RaftServerConfigKeys (ConfUtils.java:logGet(46)) - raft.server.retrycache.statistics.expirytime = 100μs (default)
2022-10-06 01:03:17,407 [pool-142-thread-1] INFO  server.RaftServerConfigKeys (ConfUtils.java:logGet(46)) - raft.server.log.appender.install.snapshot.enabled = false (custom)
2022-10-06 01:03:17,407 [pool-142-thread-1] INFO  server.RaftServerConfigKeys (ConfUtils.java:logGet(46)) - raft.server.threadpool.server.cached = true (default)
2022-10-06 01:03:17,407 [pool-142-thread-1] INFO  server.RaftServerConfigKeys (ConfUtils.java:logGet(46)) - raft.server.threadpool.server.size = 0 (default)
2022-10-06 01:03:17,407 [pool-142-thread-1] INFO  server.RaftServerConfigKeys (ConfUtils.java:logGet(46)) - raft.server.threadpool.client.cached = true (default)
2022-10-06 01:03:17,407 [pool-142-thread-1] INFO  server.RaftServerConfigKeys (ConfUtils.java:logGet(46)) - raft.server.threadpool.client.size = 0 (default)
2022-10-06 01:03:17,407 [pool-142-thread-1] INFO  server.RaftServer$Division (RaftServerImpl.java:start(310)) - 62d7347f-94d0-45cc-b868-9236a636eb61@group-EAE602682FB9: start as a follower, conf=-1: [62d7347f-94d0-45cc-b868-9236a636eb61|rpc:10.1.0.249:41921|priority:1], old=null
2022-10-06 01:03:17,407 [pool-142-thread-1] INFO  server.RaftServer$Division (RaftServerImpl.java:setRole(299)) - 62d7347f-94d0-45cc-b868-9236a636eb61@group-EAE602682FB9: changes role from      null to FOLLOWER at term 0 for startAsFollower
2022-10-06 01:03:17,407 [pool-142-thread-1] INFO  impl.RoleInfo (RoleInfo.java:updateAndGet(139)) - 62d7347f-94d0-45cc-b868-9236a636eb61: start 62d7347f-94d0-45cc-b868-9236a636eb61@group-EAE602682FB9-FollowerState
2022-10-06 01:03:17,407 [pool-142-thread-1] INFO  util.JmxRegister (JmxRegister.java:tryRegister(44)) - Successfully registered JMX Bean with object name Ratis:service=RaftServer,group=group-EAE602682FB9,id=62d7347f-94d0-45cc-b868-9236a636eb61
2022-10-06 01:03:17,414 [Command processor thread] INFO  ratis.XceiverServerRatis (XceiverServerRatis.java:addGroup(765)) - Created group PipelineID=d368ba86-a4a2-4789-bcb5-eae602682fb9
2022-10-06 01:03:17,414 [Command processor thread] INFO  commandhandler.CreatePipelineCommandHandler (CreatePipelineCommandHandler.java:handle(113)) - Created Pipeline RATIS ONE PipelineID=d368ba86-a4a2-4789-bcb5-eae602682fb9.
2022-10-06 01:03:17,676 [Command processor thread] INFO  server.RaftServer (RaftServerProxy.java:addNew(96)) - 321876d2-b421-4eba-aafb-38bc2081ddf0: addNew group-29EF2E52A916:[321876d2-b421-4eba-aafb-38bc2081ddf0|rpc:10.1.0.249:44243|priority:1] returns group-29EF2E52A916:java.util.concurrent.CompletableFuture@6a46911c[Not completed]
2022-10-06 01:03:17,678 [Listener at 127.0.0.1/34317] INFO  ozone.MiniOzoneClusterImpl (MiniOzoneClusterImpl.java:lambda$waitForClusterToBeReady$0(216)) - Nodes are ready. Got 5 of 5 DN Heartbeats.
2022-10-06 01:03:17,678 [Listener at 127.0.0.1/34317] INFO  ozone.MiniOzoneClusterImpl (MiniOzoneClusterImpl.java:lambda$waitForClusterToBeReady$0(219)) - Waiting for cluster to exit safe mode
2022-10-06 01:03:17,679 [Listener at 127.0.0.1/34317] INFO  ozone.MiniOzoneClusterImpl (MiniOzoneClusterImpl.java:lambda$waitForClusterToBeReady$0(221)) - SCM became leader
2022-10-06 01:03:17,681 [pool-165-thread-1] INFO  server.RaftServer$Division (RaftServerImpl.java:<init>(190)) - 321876d2-b421-4eba-aafb-38bc2081ddf0: new RaftServerImpl for group-29EF2E52A916:[321876d2-b421-4eba-aafb-38bc2081ddf0|rpc:10.1.0.249:44243|priority:1] with ContainerStateMachine:uninitialized
2022-10-06 01:03:17,681 [pool-165-thread-1] INFO  server.RaftServerConfigKeys (ConfUtils.java:logGet(46)) - raft.server.rpc.timeout.min = 5s (custom)
2022-10-06 01:03:17,681 [pool-165-thread-1] INFO  server.RaftServerConfigKeys (ConfUtils.java:logGet(46)) - raft.server.rpc.timeout.max = 5200ms (custom)
2022-10-06 01:03:17,681 [pool-165-thread-1] INFO  server.RaftServerConfigKeys (ConfUtils.java:logGet(46)) - raft.server.rpc.sleep.time = 25ms (default)
2022-10-06 01:03:17,681 [pool-165-thread-1] INFO  server.RaftServerConfigKeys (ConfUtils.java:logGet(46)) - raft.server.rpc.slowness.timeout = 300s (custom)
2022-10-06 01:03:17,681 [pool-165-thread-1] INFO  server.RaftServerConfigKeys (ConfUtils.java:logGet(46)) - raft.server.leaderelection.leader.step-down.wait-time = 10s (default)
2022-10-06 01:03:17,681 [pool-165-thread-1] INFO  server.RaftServerConfigKeys (ConfUtils.java:logGet(46)) - raft.server.sleep.deviation.threshold = 300ms (default)
2022-10-06 01:03:17,681 [pool-165-thread-1] INFO  server.RaftServer$Division (ServerState.java:<init>(107)) - 321876d2-b421-4eba-aafb-38bc2081ddf0@group-29EF2E52A916: ConfigurationManager, init=-1: [321876d2-b421-4eba-aafb-38bc2081ddf0|rpc:10.1.0.249:44243|priority:1], old=null, confs=<EMPTY_MAP>
2022-10-06 01:03:17,681 [pool-165-thread-1] INFO  server.RaftServerConfigKeys (ConfUtils.java:logGet(46)) - raft.server.storage.dir = [/home/runner/work/ozone/ozone/hadoop-ozone/integration-test/target/test-dir/MiniOzoneClusterImpl-cb9ba06c-8019-4b1a-b2e9-0b8ac0549875/datanode-4/data/ratis] (custom)
2022-10-06 01:03:17,682 [pool-165-thread-1] INFO  server.RaftServerConfigKeys (ConfUtils.java:logGet(46)) - raft.server.log.corruption.policy = EXCEPTION (default)
2022-10-06 01:03:17,682 [pool-165-thread-1] INFO  server.RaftServerConfigKeys (ConfUtils.java:logGet(46)) - raft.server.storage.free-space.min = 0MB (=0) (default)
2022-10-06 01:03:17,682 [pool-165-thread-1] INFO  storage.RaftStorageDirectory (RaftStorageDirectoryImpl.java:analyzeStorage(135)) - The storage directory /home/runner/work/ozone/ozone/hadoop-ozone/integration-test/target/test-dir/MiniOzoneClusterImpl-cb9ba06c-8019-4b1a-b2e9-0b8ac0549875/datanode-4/data/ratis/b41e0106-ea8d-48ae-abab-29ef2e52a916 does not exist. Creating ...
2022-10-06 01:03:17,683 [pool-165-thread-1] INFO  storage.RaftStorageDirectory (RaftStorageDirectoryImpl.java:tryLock(230)) - Lock on /home/runner/work/ozone/ozone/hadoop-ozone/integration-test/target/test-dir/MiniOzoneClusterImpl-cb9ba06c-8019-4b1a-b2e9-0b8ac0549875/datanode-4/data/ratis/b41e0106-ea8d-48ae-abab-29ef2e52a916/in_use.lock acquired by nodename 9215@fv-az399-337
2022-10-06 01:03:17,685 [pool-165-thread-1] INFO  storage.RaftStorage (RaftStorageImpl.java:format(89)) - Storage directory /home/runner/work/ozone/ozone/hadoop-ozone/integration-test/target/test-dir/MiniOzoneClusterImpl-cb9ba06c-8019-4b1a-b2e9-0b8ac0549875/datanode-4/data/ratis/b41e0106-ea8d-48ae-abab-29ef2e52a916 has been successfully formatted.
2022-10-06 01:03:17,687 [EventQueue-PipelineReportForPipelineReportHandler] INFO  pipeline.PipelineManagerImpl (PipelineManagerImpl.java:openPipeline(367)) - Pipeline Pipeline[ Id: b41e0106-ea8d-48ae-abab-29ef2e52a916, Nodes: 321876d2-b421-4eba-aafb-38bc2081ddf0{ip: 10.1.0.249, host: fv-az399-337.4urtqdmtpd2erju50p4tzyn2ng.bx.internal.cloudapp.net, ports: [REPLICATION=44919, RATIS=44243, RATIS_ADMIN=44243, RATIS_SERVER=44243, STANDALONE=36769], networkLocation: /default-rack, certSerialId: null, persistedOpState: IN_SERVICE, persistedOpStateExpiryEpochSec: 0}, ReplicationConfig: RATIS/ONE, State:ALLOCATED, leaderId:321876d2-b421-4eba-aafb-38bc2081ddf0, CreationTimestamp2022-10-06T01:03:14.680Z[Etc/UTC]] moved to OPEN state
2022-10-06 01:03:17,688 [EventQueue-OpenPipelineForHealthyPipelineSafeModeRule] INFO  safemode.SCMSafeModeManager (HealthyPipelineSafeModeRule.java:process(137)) - SCM in safe mode. Healthy pipelines reported count is 0, required healthy pipeline reported count is 1
2022-10-06 01:03:17,688 [pool-165-thread-1] INFO  ratis.ContainerStateMachine (ContainerStateMachine.java:loadSnapshot(236)) - group-29EF2E52A916: The snapshot info is null. Setting the last applied indexto:(t:0, i:~)
2022-10-06 01:03:17,689 [pool-165-thread-1] INFO  server.RaftServerConfigKeys (ConfUtils.java:logGet(46)) - raft.server.notification.no-leader.timeout = 300s (custom)
2022-10-06 01:03:17,689 [pool-165-thread-1] INFO  server.RaftServerConfigKeys (ConfUtils.java:logGet(46)) - raft.server.log.use.memory = false (default)
2022-10-06 01:03:17,689 [pool-165-thread-1] INFO  server.RaftServerConfigKeys (ConfUtils.java:logGet(46)) - raft.server.log.purge.gap = 1000000 (custom)
2022-10-06 01:03:17,689 [pool-165-thread-1] INFO  server.RaftServerConfigKeys (ConfUtils.java:logGet(46)) - raft.server.log.appender.buffer.byte-limit = 33554432 (custom)
2022-10-06 01:03:17,689 [pool-165-thread-1] INFO  server.RaftServerConfigKeys (ConfUtils.java:logGet(46)) - raft.server.log.statemachine.data.read.timeout = 1000ms (default)
2022-10-06 01:03:17,689 [pool-165-thread-1] INFO  server.RaftServerConfigKeys (ConfUtils.java:logGet(46)) - raft.server.log.segment.size.max = 1048576 (custom)
2022-10-06 01:03:17,689 [pool-165-thread-1] INFO  server.RaftServerConfigKeys (ConfUtils.java:logGet(46)) - raft.server.log.segment.cache.num.max = 2 (custom)
2022-10-06 01:03:17,689 [pool-165-thread-1] INFO  server.RaftServerConfigKeys (ConfUtils.java:logGet(46)) - raft.server.log.segment.cache.size.max = 200MB (=209715200) (default)
2022-10-06 01:03:17,689 [pool-165-thread-1] INFO  segmented.SegmentedRaftLogWorker (SegmentedRaftLogWorker.java:<init>(187)) - new 321876d2-b421-4eba-aafb-38bc2081ddf0@group-29EF2E52A916-SegmentedRaftLogWorker for RaftStorageImpl:Storage Directory /home/runner/work/ozone/ozone/hadoop-ozone/integration-test/target/test-dir/MiniOzoneClusterImpl-cb9ba06c-8019-4b1a-b2e9-0b8ac0549875/datanode-4/data/ratis/b41e0106-ea8d-48ae-abab-29ef2e52a916
2022-10-06 01:03:17,689 [pool-165-thread-1] INFO  server.RaftServerConfigKeys (ConfUtils.java:logGet(46)) - raft.server.log.queue.byte-limit = 4294967296 (custom)
2022-10-06 01:03:17,690 [pool-165-thread-1] INFO  server.RaftServerConfigKeys (ConfUtils.java:logGet(46)) - raft.server.log.queue.element-limit = 1024 (custom)
2022-10-06 01:03:17,690 [pool-165-thread-1] INFO  server.RaftServerConfigKeys (ConfUtils.java:logGet(46)) - raft.server.log.segment.size.max = 1048576 (custom)
2022-10-06 01:03:17,690 [pool-165-thread-1] INFO  server.RaftServerConfigKeys (ConfUtils.java:logGet(46)) - raft.server.log.preallocated.size = 16384 (custom)
2022-10-06 01:03:17,690 [pool-165-thread-1] INFO  server.RaftServerConfigKeys (ConfUtils.java:logGet(46)) - raft.server.log.force.sync.num = 128 (default)
2022-10-06 01:03:17,690 [pool-165-thread-1] INFO  server.RaftServerConfigKeys (ConfUtils.java:logGet(46)) - raft.server.log.statemachine.data.sync = true (default)
2022-10-06 01:03:17,690 [pool-165-thread-1] INFO  server.RaftServerConfigKeys (ConfUtils.java:logGet(46)) - raft.server.log.statemachine.data.sync.timeout = 10s (default)
2022-10-06 01:03:17,690 [pool-165-thread-1] INFO  server.RaftServerConfigKeys (ConfUtils.java:logGet(46)) - raft.server.log.statemachine.data.sync.timeout.retry = -1 (default)
2022-10-06 01:03:17,691 [pool-165-thread-1] INFO  server.RaftServerConfigKeys (ConfUtils.java:logGet(46)) - raft.server.log.write.buffer.size = 1048576 (custom)
2022-10-06 01:03:17,691 [pool-165-thread-1] INFO  server.RaftServerConfigKeys (ConfUtils.java:logGet(46)) - raft.server.log.unsafe-flush.enabled = false (default)
2022-10-06 01:03:17,691 [pool-165-thread-1] INFO  server.RaftServerConfigKeys (ConfUtils.java:logGet(46)) - raft.server.log.statemachine.data.caching.enabled = true (custom)
2022-10-06 01:03:17,692 [pool-165-thread-1] INFO  segmented.SegmentedRaftLogWorker (SegmentedRaftLogWorker.java:lambda$new$0(135)) - 321876d2-b421-4eba-aafb-38bc2081ddf0@group-29EF2E52A916-SegmentedRaftLogWorker: flushIndex: setUnconditionally 0 -> -1
2022-10-06 01:03:17,692 [pool-165-thread-1] INFO  segmented.SegmentedRaftLogWorker (SegmentedRaftLogWorker.java:lambda$new$0(135)) - 321876d2-b421-4eba-aafb-38bc2081ddf0@group-29EF2E52A916-SegmentedRaftLogWorker: safeCacheEvictIndex: setUnconditionally 0 -> -1
2022-10-06 01:03:17,692 [pool-165-thread-1] INFO  server.RaftServerConfigKeys (ConfUtils.java:logGet(46)) - raft.server.snapshot.auto.trigger.enabled = true (custom)
2022-10-06 01:03:17,692 [pool-165-thread-1] INFO  server.RaftServerConfigKeys (ConfUtils.java:logGet(46)) - raft.server.snapshot.auto.trigger.threshold = 10000 (custom)
2022-10-06 01:03:17,692 [pool-165-thread-1] INFO  server.RaftServerConfigKeys (ConfUtils.java:logGet(46)) - raft.server.snapshot.retention.file.num = 5 (custom)
2022-10-06 01:03:17,692 [pool-165-thread-1] INFO  server.RaftServerConfigKeys (ConfUtils.java:logGet(46)) - raft.server.log.purge.upto.snapshot.index = false (default)
2022-10-06 01:03:17,692 [pool-165-thread-1] INFO  server.RaftServerConfigKeys (ConfUtils.java:logGet(46)) - raft.server.retrycache.expirytime = 600000ms (custom)
2022-10-06 01:03:17,692 [pool-165-thread-1] INFO  server.RaftServerConfigKeys (ConfUtils.java:logGet(46)) - raft.server.retrycache.statistics.expirytime = 100μs (default)
2022-10-06 01:03:17,694 [pool-165-thread-1] INFO  server.RaftServerConfigKeys (ConfUtils.java:logGet(46)) - raft.server.log.appender.install.snapshot.enabled = false (custom)
2022-10-06 01:03:17,694 [pool-165-thread-1] INFO  server.RaftServerConfigKeys (ConfUtils.java:logGet(46)) - raft.server.threadpool.server.cached = true (default)
2022-10-06 01:03:17,694 [pool-165-thread-1] INFO  server.RaftServerConfigKeys (ConfUtils.java:logGet(46)) - raft.server.threadpool.server.size = 0 (default)
2022-10-06 01:03:17,694 [pool-165-thread-1] INFO  server.RaftServerConfigKeys (ConfUtils.java:logGet(46)) - raft.server.threadpool.client.cached = true (default)
2022-10-06 01:03:17,694 [pool-165-thread-1] INFO  server.RaftServerConfigKeys (ConfUtils.java:logGet(46)) - raft.server.threadpool.client.size = 0 (default)
2022-10-06 01:03:17,694 [pool-165-thread-1] INFO  server.RaftServer$Division (RaftServerImpl.java:start(310)) - 321876d2-b421-4eba-aafb-38bc2081ddf0@group-29EF2E52A916: start as a follower, conf=-1: [321876d2-b421-4eba-aafb-38bc2081ddf0|rpc:10.1.0.249:44243|priority:1], old=null
2022-10-06 01:03:17,694 [pool-165-thread-1] INFO  server.RaftServer$Division (RaftServerImpl.java:setRole(299)) - 321876d2-b421-4eba-aafb-38bc2081ddf0@group-29EF2E52A916: changes role from      null to FOLLOWER at term 0 for startAsFollower
2022-10-06 01:03:17,694 [pool-165-thread-1] INFO  impl.RoleInfo (RoleInfo.java:updateAndGet(139)) - 321876d2-b421-4eba-aafb-38bc2081ddf0: start 321876d2-b421-4eba-aafb-38bc2081ddf0@group-29EF2E52A916-FollowerState
2022-10-06 01:03:17,695 [pool-165-thread-1] INFO  util.JmxRegister (JmxRegister.java:tryRegister(44)) - Successfully registered JMX Bean with object name Ratis:service=RaftServer,group=group-29EF2E52A916,id=321876d2-b421-4eba-aafb-38bc2081ddf0
2022-10-06 01:03:17,696 [Command processor thread] INFO  ratis.XceiverServerRatis (XceiverServerRatis.java:addGroup(765)) - Created group PipelineID=b41e0106-ea8d-48ae-abab-29ef2e52a916
2022-10-06 01:03:17,696 [Command processor thread] INFO  commandhandler.CreatePipelineCommandHandler (CreatePipelineCommandHandler.java:handle(113)) - Created Pipeline RATIS ONE PipelineID=b41e0106-ea8d-48ae-abab-29ef2e52a916.
2022-10-06 01:03:18,679 [Listener at 127.0.0.1/34317] INFO  ozone.MiniOzoneClusterImpl (MiniOzoneClusterImpl.java:lambda$waitForClusterToBeReady$0(216)) - Nodes are ready. Got 5 of 5 DN Heartbeats.
2022-10-06 01:03:18,679 [Listener at 127.0.0.1/34317] INFO  ozone.MiniOzoneClusterImpl (MiniOzoneClusterImpl.java:lambda$waitForClusterToBeReady$0(219)) - Waiting for cluster to exit safe mode
2022-10-06 01:03:18,679 [Listener at 127.0.0.1/34317] INFO  ozone.MiniOzoneClusterImpl (MiniOzoneClusterImpl.java:lambda$waitForClusterToBeReady$0(221)) - SCM became leader
2022-10-06 01:03:19,680 [Listener at 127.0.0.1/34317] INFO  ozone.MiniOzoneClusterImpl (MiniOzoneClusterImpl.java:lambda$waitForClusterToBeReady$0(216)) - Nodes are ready. Got 5 of 5 DN Heartbeats.
2022-10-06 01:03:19,680 [Listener at 127.0.0.1/34317] INFO  ozone.MiniOzoneClusterImpl (MiniOzoneClusterImpl.java:lambda$waitForClusterToBeReady$0(219)) - Waiting for cluster to exit safe mode
2022-10-06 01:03:19,680 [Listener at 127.0.0.1/34317] INFO  ozone.MiniOzoneClusterImpl (MiniOzoneClusterImpl.java:lambda$waitForClusterToBeReady$0(221)) - SCM became leader
2022-10-06 01:03:20,681 [Listener at 127.0.0.1/34317] INFO  ozone.MiniOzoneClusterImpl (MiniOzoneClusterImpl.java:lambda$waitForClusterToBeReady$0(216)) - Nodes are ready. Got 5 of 5 DN Heartbeats.
2022-10-06 01:03:20,681 [Listener at 127.0.0.1/34317] INFO  ozone.MiniOzoneClusterImpl (MiniOzoneClusterImpl.java:lambda$waitForClusterToBeReady$0(219)) - Waiting for cluster to exit safe mode
2022-10-06 01:03:20,681 [Listener at 127.0.0.1/34317] INFO  ozone.MiniOzoneClusterImpl (MiniOzoneClusterImpl.java:lambda$waitForClusterToBeReady$0(221)) - SCM became leader
2022-10-06 01:03:21,459 [4b23e9ad-4c3b-4e5e-a325-f9b3b725a9ac@group-CD32CE391285-FollowerState] INFO  impl.FollowerState (FollowerState.java:run(143)) - 4b23e9ad-4c3b-4e5e-a325-f9b3b725a9ac@group-CD32CE391285-FollowerState: change to CANDIDATE, lastRpcElapsedTime:5092767989ns, electionTimeout:5090ms
2022-10-06 01:03:21,460 [4b23e9ad-4c3b-4e5e-a325-f9b3b725a9ac@group-CD32CE391285-FollowerState] INFO  impl.RoleInfo (RoleInfo.java:shutdownFollowerState(110)) - 4b23e9ad-4c3b-4e5e-a325-f9b3b725a9ac: shutdown 4b23e9ad-4c3b-4e5e-a325-f9b3b725a9ac@group-CD32CE391285-FollowerState
2022-10-06 01:03:21,460 [4b23e9ad-4c3b-4e5e-a325-f9b3b725a9ac@group-CD32CE391285-FollowerState] INFO  server.RaftServer$Division (RaftServerImpl.java:setRole(299)) - 4b23e9ad-4c3b-4e5e-a325-f9b3b725a9ac@group-CD32CE391285: changes role from  FOLLOWER to CANDIDATE at term 0 for changeToCandidate
2022-10-06 01:03:21,460 [4b23e9ad-4c3b-4e5e-a325-f9b3b725a9ac@group-CD32CE391285-FollowerState] INFO  server.RaftServerConfigKeys (ConfUtils.java:logGet(46)) - raft.server.leaderelection.pre-vote = false (custom)
2022-10-06 01:03:21,460 [4b23e9ad-4c3b-4e5e-a325-f9b3b725a9ac@group-CD32CE391285-FollowerState] INFO  impl.RoleInfo (RoleInfo.java:updateAndGet(139)) - 4b23e9ad-4c3b-4e5e-a325-f9b3b725a9ac: start 4b23e9ad-4c3b-4e5e-a325-f9b3b725a9ac@group-CD32CE391285-LeaderElection2
2022-10-06 01:03:21,463 [4b23e9ad-4c3b-4e5e-a325-f9b3b725a9ac@group-CD32CE391285-LeaderElection2] INFO  impl.LeaderElection (LeaderElection.java:askForVotes(310)) - 4b23e9ad-4c3b-4e5e-a325-f9b3b725a9ac@group-CD32CE391285-LeaderElection2 ELECTION round 0: submit vote requests at term 1 for -1: [326c038e-632d-4c6b-af42-d1fe452b3912|rpc:10.1.0.249:42785|priority:0, 68d8656a-d62a-40ab-a15f-69e804ac0718|rpc:10.1.0.249:40209|priority:1, 4b23e9ad-4c3b-4e5e-a325-f9b3b725a9ac|rpc:10.1.0.249:34691|priority:0], old=null
2022-10-06 01:03:21,478 [4b23e9ad-4c3b-4e5e-a325-f9b3b725a9ac@group-679057B5B738-FollowerState] INFO  impl.FollowerState (FollowerState.java:run(143)) - 4b23e9ad-4c3b-4e5e-a325-f9b3b725a9ac@group-679057B5B738-FollowerState: change to CANDIDATE, lastRpcElapsedTime:5160855330ns, electionTimeout:5144ms
2022-10-06 01:03:21,482 [4b23e9ad-4c3b-4e5e-a325-f9b3b725a9ac@group-679057B5B738-FollowerState] INFO  impl.RoleInfo (RoleInfo.java:shutdownFollowerState(110)) - 4b23e9ad-4c3b-4e5e-a325-f9b3b725a9ac: shutdown 4b23e9ad-4c3b-4e5e-a325-f9b3b725a9ac@group-679057B5B738-FollowerState
2022-10-06 01:03:21,482 [4b23e9ad-4c3b-4e5e-a325-f9b3b725a9ac@group-679057B5B738-FollowerState] INFO  server.RaftServer$Division (RaftServerImpl.java:setRole(299)) - 4b23e9ad-4c3b-4e5e-a325-f9b3b725a9ac@group-679057B5B738: changes role from  FOLLOWER to CANDIDATE at term 0 for changeToCandidate
2022-10-06 01:03:21,482 [4b23e9ad-4c3b-4e5e-a325-f9b3b725a9ac@group-679057B5B738-FollowerState] INFO  server.RaftServerConfigKeys (ConfUtils.java:logGet(46)) - raft.server.leaderelection.pre-vote = false (custom)
2022-10-06 01:03:21,482 [4b23e9ad-4c3b-4e5e-a325-f9b3b725a9ac@group-679057B5B738-FollowerState] INFO  impl.RoleInfo (RoleInfo.java:updateAndGet(139)) - 4b23e9ad-4c3b-4e5e-a325-f9b3b725a9ac: start 4b23e9ad-4c3b-4e5e-a325-f9b3b725a9ac@group-679057B5B738-LeaderElection3
2022-10-06 01:03:21,494 [grpc-default-executor-1] INFO  server.RaftServer$Division (RaftServerImpl.java:requestVote(1152)) - 68d8656a-d62a-40ab-a15f-69e804ac0718@group-CD32CE391285: receive requestVote(ELECTION, 4b23e9ad-4c3b-4e5e-a325-f9b3b725a9ac, group-CD32CE391285, 1, (t:0, i:0))
2022-10-06 01:03:21,497 [grpc-default-executor-1] INFO  impl.VoteContext (VoteContext.java:log(48)) - 68d8656a-d62a-40ab-a15f-69e804ac0718@group-CD32CE391285-FOLLOWER: reject ELECTION from 4b23e9ad-4c3b-4e5e-a325-f9b3b725a9ac: our priority 1 > candidate's priority 0
2022-10-06 01:03:21,497 [grpc-default-executor-1] INFO  server.RaftServer$Division (RaftServerImpl.java:setRole(299)) - 68d8656a-d62a-40ab-a15f-69e804ac0718@group-CD32CE391285: changes role from  FOLLOWER to FOLLOWER at term 1 for candidate:4b23e9ad-4c3b-4e5e-a325-f9b3b725a9ac
2022-10-06 01:03:21,497 [grpc-default-executor-1] INFO  impl.RoleInfo (RoleInfo.java:shutdownFollowerState(110)) - 68d8656a-d62a-40ab-a15f-69e804ac0718: shutdown 68d8656a-d62a-40ab-a15f-69e804ac0718@group-CD32CE391285-FollowerState
2022-10-06 01:03:21,498 [grpc-default-executor-1] INFO  impl.RoleInfo (RoleInfo.java:updateAndGet(139)) - 68d8656a-d62a-40ab-a15f-69e804ac0718: start 68d8656a-d62a-40ab-a15f-69e804ac0718@group-CD32CE391285-FollowerState
2022-10-06 01:03:21,498 [68d8656a-d62a-40ab-a15f-69e804ac0718@group-CD32CE391285-FollowerState] INFO  impl.FollowerState (FollowerState.java:run(152)) - 68d8656a-d62a-40ab-a15f-69e804ac0718@group-CD32CE391285-FollowerState was interrupted
2022-10-06 01:03:21,497 [4b23e9ad-4c3b-4e5e-a325-f9b3b725a9ac@group-679057B5B738-LeaderElection3] INFO  impl.LeaderElection (LeaderElection.java:askForVotes(310)) - 4b23e9ad-4c3b-4e5e-a325-f9b3b725a9ac@group-679057B5B738-LeaderElection3 ELECTION round 0: submit vote requests at term 1 for -1: [4b23e9ad-4c3b-4e5e-a325-f9b3b725a9ac|rpc:10.1.0.249:34691|priority:1], old=null
2022-10-06 01:03:21,506 [4b23e9ad-4c3b-4e5e-a325-f9b3b725a9ac@group-679057B5B738-LeaderElection3] INFO  impl.LeaderElection (LeaderElection.java:askForVotes(312)) - 4b23e9ad-4c3b-4e5e-a325-f9b3b725a9ac@group-679057B5B738-LeaderElection3 ELECTION round 0: result PASSED (term=1)
2022-10-06 01:03:21,506 [4b23e9ad-4c3b-4e5e-a325-f9b3b725a9ac@group-679057B5B738-LeaderElection3] INFO  impl.RoleInfo (RoleInfo.java:shutdownLeaderElection(130)) - 4b23e9ad-4c3b-4e5e-a325-f9b3b725a9ac: shutdown 4b23e9ad-4c3b-4e5e-a325-f9b3b725a9ac@group-679057B5B738-LeaderElection3
2022-10-06 01:03:21,506 [4b23e9ad-4c3b-4e5e-a325-f9b3b725a9ac@group-679057B5B738-LeaderElection3] INFO  server.RaftServer$Division (RaftServerImpl.java:setRole(299)) - 4b23e9ad-4c3b-4e5e-a325-f9b3b725a9ac@group-679057B5B738: changes role from CANDIDATE to LEADER at term 1 for changeToLeader
2022-10-06 01:03:21,506 [4b23e9ad-4c3b-4e5e-a325-f9b3b725a9ac@group-679057B5B738-LeaderElection3] INFO  ratis.XceiverServerRatis (XceiverServerRatis.java:handleLeaderChangedNotification(863)) - Leader change notification received for group: group-679057B5B738 with new leaderId: 4b23e9ad-4c3b-4e5e-a325-f9b3b725a9ac
2022-10-06 01:03:21,506 [4b23e9ad-4c3b-4e5e-a325-f9b3b725a9ac@group-679057B5B738-LeaderElection3] INFO  server.RaftServer$Division (ServerState.java:setLeader(287)) - 4b23e9ad-4c3b-4e5e-a325-f9b3b725a9ac@group-679057B5B738: change Leader from null to 4b23e9ad-4c3b-4e5e-a325-f9b3b725a9ac at term 1 for becomeLeader, leader elected after 5214ms
2022-10-06 01:03:21,507 [4b23e9ad-4c3b-4e5e-a325-f9b3b725a9ac@group-679057B5B738-LeaderElection3] INFO  server.RaftServerConfigKeys (ConfUtils.java:logGet(46)) - raft.server.staging.catchup.gap = 1000 (default)
2022-10-06 01:03:21,510 [grpc-default-executor-1] INFO  server.RaftServer$Division (RaftServerImpl.java:requestVote(1184)) - 68d8656a-d62a-40ab-a15f-69e804ac0718@group-CD32CE391285 replies to ELECTION vote request: 4b23e9ad-4c3b-4e5e-a325-f9b3b725a9ac<-68d8656a-d62a-40ab-a15f-69e804ac0718#0:FAIL-t1. Peer's state: 68d8656a-d62a-40ab-a15f-69e804ac0718@group-CD32CE391285:t1, leader=null, voted=null, raftlog=68d8656a-d62a-40ab-a15f-69e804ac0718@group-CD32CE391285-SegmentedRaftLog:OPENED:c-1, conf=-1: [326c038e-632d-4c6b-af42-d1fe452b3912|rpc:10.1.0.249:42785|priority:0, 68d8656a-d62a-40ab-a15f-69e804ac0718|rpc:10.1.0.249:40209|priority:1, 4b23e9ad-4c3b-4e5e-a325-f9b3b725a9ac|rpc:10.1.0.249:34691|priority:0], old=null
2022-10-06 01:03:21,511 [EventQueue-OpenPipelineForHealthyPipelineSafeModeRule] INFO  safemode.SCMSafeModeManager (HealthyPipelineSafeModeRule.java:process(137)) - SCM in safe mode. Healthy pipelines reported count is 0, required healthy pipeline reported count is 1
2022-10-06 01:03:21,512 [4b23e9ad-4c3b-4e5e-a325-f9b3b725a9ac@group-679057B5B738-LeaderElection3] INFO  server.RaftServerConfigKeys (ConfUtils.java:logGet(46)) - raft.server.write.element-limit = 1024 (custom)
2022-10-06 01:03:21,513 [4b23e9ad-4c3b-4e5e-a325-f9b3b725a9ac@group-679057B5B738-LeaderElection3] INFO  server.RaftServerConfigKeys (ConfUtils.java:logGet(46)) - raft.server.write.byte-limit = 1024 M (=1073741824) (custom)
2022-10-06 01:03:21,513 [grpc-default-executor-0] INFO  server.RaftServer$Division (RaftServerImpl.java:requestVote(1152)) - 326c038e-632d-4c6b-af42-d1fe452b3912@group-CD32CE391285: receive requestVote(ELECTION, 4b23e9ad-4c3b-4e5e-a325-f9b3b725a9ac, group-CD32CE391285, 1, (t:0, i:0))
2022-10-06 01:03:21,514 [4b23e9ad-4c3b-4e5e-a325-f9b3b725a9ac@group-679057B5B738-LeaderElection3] INFO  server.RaftServerConfigKeys (ConfUtils.java:logGet(46)) - raft.server.watch.timeout = 180s (custom)
2022-10-06 01:03:21,514 [4b23e9ad-4c3b-4e5e-a325-f9b3b725a9ac@group-679057B5B738-LeaderElection3] INFO  server.RaftServerConfigKeys (ConfUtils.java:logGet(46)) - raft.server.watch.timeout.denomination = 1s (default)
2022-10-06 01:03:21,514 [4b23e9ad-4c3b-4e5e-a325-f9b3b725a9ac@group-679057B5B738-LeaderElection3] INFO  server.RaftServerConfigKeys (ConfUtils.java:logGet(46)) - raft.server.watch.element-limit = 65536 (default)
2022-10-06 01:03:21,514 [4b23e9ad-4c3b-4e5e-a325-f9b3b725a9ac@group-679057B5B738-LeaderElection3] INFO  server.RaftServerConfigKeys (ConfUtils.java:logGet(46)) - raft.server.write.element-limit = 1024 (custom)
2022-10-06 01:03:21,514 [4b23e9ad-4c3b-4e5e-a325-f9b3b725a9ac@group-679057B5B738-LeaderElection3] INFO  server.RaftServerConfigKeys (ConfUtils.java:logGet(46)) - raft.server.write.follower.gap.ratio.max = -1.0 (default)
2022-10-06 01:03:21,514 [4b23e9ad-4c3b-4e5e-a325-f9b3b725a9ac@group-679057B5B738-LeaderElection3] INFO  impl.RoleInfo (RoleInfo.java:updateAndGet(139)) - 4b23e9ad-4c3b-4e5e-a325-f9b3b725a9ac: start 4b23e9ad-4c3b-4e5e-a325-f9b3b725a9ac@group-679057B5B738-LeaderStateImpl
2022-10-06 01:03:21,514 [grpc-default-executor-0] INFO  impl.VoteContext (VoteContext.java:log(48)) - 326c038e-632d-4c6b-af42-d1fe452b3912@group-CD32CE391285-FOLLOWER: accept ELECTION from 4b23e9ad-4c3b-4e5e-a325-f9b3b725a9ac: our priority 0 <= candidate's priority 0
2022-10-06 01:03:21,515 [grpc-default-executor-0] INFO  server.RaftServer$Division (RaftServerImpl.java:setRole(299)) - 326c038e-632d-4c6b-af42-d1fe452b3912@group-CD32CE391285: changes role from  FOLLOWER to FOLLOWER at term 1 for candidate:4b23e9ad-4c3b-4e5e-a325-f9b3b725a9ac
2022-10-06 01:03:21,515 [grpc-default-executor-0] INFO  impl.RoleInfo (RoleInfo.java:shutdownFollowerState(110)) - 326c038e-632d-4c6b-af42-d1fe452b3912: shutdown 326c038e-632d-4c6b-af42-d1fe452b3912@group-CD32CE391285-FollowerState
2022-10-06 01:03:21,515 [grpc-default-executor-0] INFO  impl.RoleInfo (RoleInfo.java:updateAndGet(139)) - 326c038e-632d-4c6b-af42-d1fe452b3912: start 326c038e-632d-4c6b-af42-d1fe452b3912@group-CD32CE391285-FollowerState
2022-10-06 01:03:21,515 [326c038e-632d-4c6b-af42-d1fe452b3912@group-CD32CE391285-FollowerState] INFO  impl.FollowerState (FollowerState.java:run(152)) - 326c038e-632d-4c6b-af42-d1fe452b3912@group-CD32CE391285-FollowerState was interrupted
2022-10-06 01:03:21,515 [4b23e9ad-4c3b-4e5e-a325-f9b3b725a9ac@group-679057B5B738-LeaderElection3] INFO  segmented.SegmentedRaftLogWorker (SegmentedRaftLogWorker.java:startLogSegment(425)) - 4b23e9ad-4c3b-4e5e-a325-f9b3b725a9ac@group-679057B5B738-SegmentedRaftLogWorker: Starting segment from index:0
2022-10-06 01:03:21,518 [4b23e9ad-4c3b-4e5e-a325-f9b3b725a9ac@group-CD32CE391285-LeaderElection2] INFO  impl.LeaderElection (LeaderElection.java:logAndReturn(90)) - 4b23e9ad-4c3b-4e5e-a325-f9b3b725a9ac@group-CD32CE391285-LeaderElection2: ELECTION REJECTED received 1 response(s) and 0 exception(s):
2022-10-06 01:03:21,518 [4b23e9ad-4c3b-4e5e-a325-f9b3b725a9ac@group-CD32CE391285-LeaderElection2] INFO  impl.LeaderElection (LeaderElection.java:logAndReturn(94)) -   Response 0: 4b23e9ad-4c3b-4e5e-a325-f9b3b725a9ac<-68d8656a-d62a-40ab-a15f-69e804ac0718#0:FAIL-t1
2022-10-06 01:03:21,518 [4b23e9ad-4c3b-4e5e-a325-f9b3b725a9ac@group-CD32CE391285-LeaderElection2] INFO  impl.LeaderElection (LeaderElection.java:askForVotes(312)) - 4b23e9ad-4c3b-4e5e-a325-f9b3b725a9ac@group-CD32CE391285-LeaderElection2 ELECTION round 0: result REJECTED
2022-10-06 01:03:21,518 [4b23e9ad-4c3b-4e5e-a325-f9b3b725a9ac@group-CD32CE391285-LeaderElection2] INFO  server.RaftServer$Division (RaftServerImpl.java:setRole(299)) - 4b23e9ad-4c3b-4e5e-a325-f9b3b725a9ac@group-CD32CE391285: changes role from CANDIDATE to FOLLOWER at term 1 for REJECTED
2022-10-06 01:03:21,518 [4b23e9ad-4c3b-4e5e-a325-f9b3b725a9ac@group-CD32CE391285-LeaderElection2] INFO  impl.RoleInfo (RoleInfo.java:shutdownLeaderElection(130)) - 4b23e9ad-4c3b-4e5e-a325-f9b3b725a9ac: shutdown 4b23e9ad-4c3b-4e5e-a325-f9b3b725a9ac@group-CD32CE391285-LeaderElection2
2022-10-06 01:03:21,518 [4b23e9ad-4c3b-4e5e-a325-f9b3b725a9ac@group-CD32CE391285-LeaderElection2] INFO  impl.RoleInfo (RoleInfo.java:updateAndGet(139)) - 4b23e9ad-4c3b-4e5e-a325-f9b3b725a9ac: start 4b23e9ad-4c3b-4e5e-a325-f9b3b725a9ac@group-CD32CE391285-FollowerState
2022-10-06 01:03:21,520 [4b23e9ad-4c3b-4e5e-a325-f9b3b725a9ac@group-679057B5B738-SegmentedRaftLogWorker] INFO  segmented.SegmentedRaftLogWorker (SegmentedRaftLogWorker.java:execute(629)) - 4b23e9ad-4c3b-4e5e-a325-f9b3b725a9ac@group-679057B5B738-SegmentedRaftLogWorker: created new log segment /home/runner/work/ozone/ozone/hadoop-ozone/integration-test/target/test-dir/MiniOzoneClusterImpl-cb9ba06c-8019-4b1a-b2e9-0b8ac0549875/datanode-0/data/ratis/d7aa3d5d-dbc1-4713-8e15-679057b5b738/current/log_inprogress_0
2022-10-06 01:03:21,522 [grpc-default-executor-0] INFO  server.RaftServer$Division (RaftServerImpl.java:requestVote(1184)) - 326c038e-632d-4c6b-af42-d1fe452b3912@group-CD32CE391285 replies to ELECTION vote request: 4b23e9ad-4c3b-4e5e-a325-f9b3b725a9ac<-326c038e-632d-4c6b-af42-d1fe452b3912#0:OK-t1. Peer's state: 326c038e-632d-4c6b-af42-d1fe452b3912@group-CD32CE391285:t1, leader=null, voted=4b23e9ad-4c3b-4e5e-a325-f9b3b725a9ac, raftlog=326c038e-632d-4c6b-af42-d1fe452b3912@group-CD32CE391285-SegmentedRaftLog:OPENED:c-1, conf=-1: [326c038e-632d-4c6b-af42-d1fe452b3912|rpc:10.1.0.249:42785|dataStream:|priority:0, 68d8656a-d62a-40ab-a15f-69e804ac0718|rpc:10.1.0.249:40209|dataStream:|priority:1, 4b23e9ad-4c3b-4e5e-a325-f9b3b725a9ac|rpc:10.1.0.249:34691|dataStream:|priority:0], old=null
2022-10-06 01:03:21,525 [4b23e9ad-4c3b-4e5e-a325-f9b3b725a9ac@group-679057B5B738-LeaderElection3] INFO  server.RaftServer$Division (ServerState.java:setRaftConf(393)) - 4b23e9ad-4c3b-4e5e-a325-f9b3b725a9ac@group-679057B5B738: set configuration 0: [4b23e9ad-4c3b-4e5e-a325-f9b3b725a9ac|rpc:10.1.0.249:34691|dataStream:|priority:1], old=null
2022-10-06 01:03:21,681 [Listener at 127.0.0.1/34317] INFO  ozone.MiniOzoneClusterImpl (MiniOzoneClusterImpl.java:lambda$waitForClusterToBeReady$0(216)) - Nodes are ready. Got 5 of 5 DN Heartbeats.
2022-10-06 01:03:21,682 [Listener at 127.0.0.1/34317] INFO  ozone.MiniOzoneClusterImpl (MiniOzoneClusterImpl.java:lambda$waitForClusterToBeReady$0(219)) - Waiting for cluster to exit safe mode
2022-10-06 01:03:21,682 [Listener at 127.0.0.1/34317] INFO  ozone.MiniOzoneClusterImpl (MiniOzoneClusterImpl.java:lambda$waitForClusterToBeReady$0(221)) - SCM became leader
2022-10-06 01:03:21,785 [68d8656a-d62a-40ab-a15f-69e804ac0718@group-A5175ED8C136-FollowerState] INFO  impl.FollowerState (FollowerState.java:run(143)) - 68d8656a-d62a-40ab-a15f-69e804ac0718@group-A5175ED8C136-FollowerState: change to CANDIDATE, lastRpcElapsedTime:5042187612ns, electionTimeout:5037ms
2022-10-06 01:03:21,786 [68d8656a-d62a-40ab-a15f-69e804ac0718@group-A5175ED8C136-FollowerState] INFO  impl.RoleInfo (RoleInfo.java:shutdownFollowerState(110)) - 68d8656a-d62a-40ab-a15f-69e804ac0718: shutdown 68d8656a-d62a-40ab-a15f-69e804ac0718@group-A5175ED8C136-FollowerState
2022-10-06 01:03:21,786 [68d8656a-d62a-40ab-a15f-69e804ac0718@group-A5175ED8C136-FollowerState] INFO  server.RaftServer$Division (RaftServerImpl.java:setRole(299)) - 68d8656a-d62a-40ab-a15f-69e804ac0718@group-A5175ED8C136: changes role from  FOLLOWER to CANDIDATE at term 0 for changeToCandidate
2022-10-06 01:03:21,786 [68d8656a-d62a-40ab-a15f-69e804ac0718@group-A5175ED8C136-FollowerState] INFO  server.RaftServerConfigKeys (ConfUtils.java:logGet(46)) - raft.server.leaderelection.pre-vote = false (custom)
2022-10-06 01:03:21,786 [68d8656a-d62a-40ab-a15f-69e804ac0718@group-A5175ED8C136-FollowerState] INFO  impl.RoleInfo (RoleInfo.java:updateAndGet(139)) - 68d8656a-d62a-40ab-a15f-69e804ac0718: start 68d8656a-d62a-40ab-a15f-69e804ac0718@group-A5175ED8C136-LeaderElection4
2022-10-06 01:03:21,789 [68d8656a-d62a-40ab-a15f-69e804ac0718@group-A5175ED8C136-LeaderElection4] INFO  impl.LeaderElection (LeaderElection.java:askForVotes(310)) - 68d8656a-d62a-40ab-a15f-69e804ac0718@group-A5175ED8C136-LeaderElection4 ELECTION round 0: submit vote requests at term 1 for -1: [68d8656a-d62a-40ab-a15f-69e804ac0718|rpc:10.1.0.249:40209|priority:1], old=null
2022-10-06 01:03:21,789 [68d8656a-d62a-40ab-a15f-69e804ac0718@group-A5175ED8C136-LeaderElection4] INFO  impl.LeaderElection (LeaderElection.java:askForVotes(312)) - 68d8656a-d62a-40ab-a15f-69e804ac0718@group-A5175ED8C136-LeaderElection4 ELECTION round 0: result PASSED (term=1)
2022-10-06 01:03:21,789 [68d8656a-d62a-40ab-a15f-69e804ac0718@group-A5175ED8C136-LeaderElection4] INFO  impl.RoleInfo (RoleInfo.java:shutdownLeaderElection(130)) - 68d8656a-d62a-40ab-a15f-69e804ac0718: shutdown 68d8656a-d62a-40ab-a15f-69e804ac0718@group-A5175ED8C136-LeaderElection4
2022-10-06 01:03:21,789 [68d8656a-d62a-40ab-a15f-69e804ac0718@group-A5175ED8C136-LeaderElection4] INFO  server.RaftServer$Division (RaftServerImpl.java:setRole(299)) - 68d8656a-d62a-40ab-a15f-69e804ac0718@group-A5175ED8C136: changes role from CANDIDATE to LEADER at term 1 for changeToLeader
2022-10-06 01:03:21,789 [68d8656a-d62a-40ab-a15f-69e804ac0718@group-A5175ED8C136-LeaderElection4] INFO  ratis.XceiverServerRatis (XceiverServerRatis.java:handleLeaderChangedNotification(863)) - Leader change notification received for group: group-A5175ED8C136 with new leaderId: 68d8656a-d62a-40ab-a15f-69e804ac0718
2022-10-06 01:03:21,790 [68d8656a-d62a-40ab-a15f-69e804ac0718@group-A5175ED8C136-LeaderElection4] INFO  server.RaftServer$Division (ServerState.java:setLeader(287)) - 68d8656a-d62a-40ab-a15f-69e804ac0718@group-A5175ED8C136: change Leader from null to 68d8656a-d62a-40ab-a15f-69e804ac0718 at term 1 for becomeLeader, leader elected after 5059ms
2022-10-06 01:03:21,790 [68d8656a-d62a-40ab-a15f-69e804ac0718@group-A5175ED8C136-LeaderElection4] INFO  server.RaftServerConfigKeys (ConfUtils.java:logGet(46)) - raft.server.staging.catchup.gap = 1000 (default)
2022-10-06 01:03:21,793 [EventQueue-OpenPipelineForHealthyPipelineSafeModeRule] INFO  safemode.SCMSafeModeManager (HealthyPipelineSafeModeRule.java:process(137)) - SCM in safe mode. Healthy pipelines reported count is 0, required healthy pipeline reported count is 1
2022-10-06 01:03:21,794 [68d8656a-d62a-40ab-a15f-69e804ac0718@group-A5175ED8C136-LeaderElection4] INFO  server.RaftServerConfigKeys (ConfUtils.java:logGet(46)) - raft.server.write.element-limit = 1024 (custom)
2022-10-06 01:03:21,794 [68d8656a-d62a-40ab-a15f-69e804ac0718@group-A5175ED8C136-LeaderElection4] INFO  server.RaftServerConfigKeys (ConfUtils.java:logGet(46)) - raft.server.write.byte-limit = 1024 M (=1073741824) (custom)
2022-10-06 01:03:21,794 [68d8656a-d62a-40ab-a15f-69e804ac0718@group-A5175ED8C136-LeaderElection4] INFO  server.RaftServerConfigKeys (ConfUtils.java:logGet(46)) - raft.server.watch.timeout = 180s (custom)
2022-10-06 01:03:21,794 [68d8656a-d62a-40ab-a15f-69e804ac0718@group-A5175ED8C136-LeaderElection4] INFO  server.RaftServerConfigKeys (ConfUtils.java:logGet(46)) - raft.server.watch.timeout.denomination = 1s (default)
2022-10-06 01:03:21,794 [68d8656a-d62a-40ab-a15f-69e804ac0718@group-A5175ED8C136-LeaderElection4] INFO  server.RaftServerConfigKeys (ConfUtils.java:logGet(46)) - raft.server.watch.element-limit = 65536 (default)
2022-10-06 01:03:21,794 [68d8656a-d62a-40ab-a15f-69e804ac0718@group-A5175ED8C136-LeaderElection4] INFO  server.RaftServerConfigKeys (ConfUtils.java:logGet(46)) - raft.server.write.element-limit = 1024 (custom)
2022-10-06 01:03:21,794 [68d8656a-d62a-40ab-a15f-69e804ac0718@group-A5175ED8C136-LeaderElection4] INFO  server.RaftServerConfigKeys (ConfUtils.java:logGet(46)) - raft.server.write.follower.gap.ratio.max = -1.0 (default)
2022-10-06 01:03:21,794 [68d8656a-d62a-40ab-a15f-69e804ac0718@group-A5175ED8C136-LeaderElection4] INFO  impl.RoleInfo (RoleInfo.java:updateAndGet(139)) - 68d8656a-d62a-40ab-a15f-69e804ac0718: start 68d8656a-d62a-40ab-a15f-69e804ac0718@group-A5175ED8C136-LeaderStateImpl
2022-10-06 01:03:21,795 [68d8656a-d62a-40ab-a15f-69e804ac0718@group-A5175ED8C136-LeaderElection4] INFO  segmented.SegmentedRaftLogWorker (SegmentedRaftLogWorker.java:startLogSegment(425)) - 68d8656a-d62a-40ab-a15f-69e804ac0718@group-A5175ED8C136-SegmentedRaftLogWorker: Starting segment from index:0
2022-10-06 01:03:21,796 [68d8656a-d62a-40ab-a15f-69e804ac0718@group-A5175ED8C136-LeaderElection4] INFO  server.RaftServer$Division (ServerState.java:setRaftConf(393)) - 68d8656a-d62a-40ab-a15f-69e804ac0718@group-A5175ED8C136: set configuration 0: [68d8656a-d62a-40ab-a15f-69e804ac0718|rpc:10.1.0.249:40209|dataStream:|priority:1], old=null
2022-10-06 01:03:21,798 [68d8656a-d62a-40ab-a15f-69e804ac0718@group-A5175ED8C136-SegmentedRaftLogWorker] INFO  segmented.SegmentedRaftLogWorker (SegmentedRaftLogWorker.java:execute(629)) - 68d8656a-d62a-40ab-a15f-69e804ac0718@group-A5175ED8C136-SegmentedRaftLogWorker: created new log segment /home/runner/work/ozone/ozone/hadoop-ozone/integration-test/target/test-dir/MiniOzoneClusterImpl-cb9ba06c-8019-4b1a-b2e9-0b8ac0549875/datanode-1/data/ratis/49306abe-4419-453f-a035-a5175ed8c136/current/log_inprogress_0
2022-10-06 01:03:22,020 [68d8656a-d62a-40ab-a15f-69e804ac0718@group-9B53D1D8130A-FollowerState] INFO  impl.FollowerState (FollowerState.java:run(143)) - 68d8656a-d62a-40ab-a15f-69e804ac0718@group-9B53D1D8130A-FollowerState: change to CANDIDATE, lastRpcElapsedTime:5016149272ns, electionTimeout:5014ms
2022-10-06 01:03:22,020 [68d8656a-d62a-40ab-a15f-69e804ac0718@group-9B53D1D8130A-FollowerState] INFO  impl.RoleInfo (RoleInfo.java:shutdownFollowerState(110)) - 68d8656a-d62a-40ab-a15f-69e804ac0718: shutdown 68d8656a-d62a-40ab-a15f-69e804ac0718@group-9B53D1D8130A-FollowerState
2022-10-06 01:03:22,020 [68d8656a-d62a-40ab-a15f-69e804ac0718@group-9B53D1D8130A-FollowerState] INFO  server.RaftServer$Division (RaftServerImpl.java:setRole(299)) - 68d8656a-d62a-40ab-a15f-69e804ac0718@group-9B53D1D8130A: changes role from  FOLLOWER to CANDIDATE at term 0 for changeToCandidate
2022-10-06 01:03:22,020 [68d8656a-d62a-40ab-a15f-69e804ac0718@group-9B53D1D8130A-FollowerState] INFO  server.RaftServerConfigKeys (ConfUtils.java:logGet(46)) - raft.server.leaderelection.pre-vote = false (custom)
2022-10-06 01:03:22,020 [68d8656a-d62a-40ab-a15f-69e804ac0718@group-9B53D1D8130A-FollowerState] INFO  impl.RoleInfo (RoleInfo.java:updateAndGet(139)) - 68d8656a-d62a-40ab-a15f-69e804ac0718: start 68d8656a-d62a-40ab-a15f-69e804ac0718@group-9B53D1D8130A-LeaderElection5
2022-10-06 01:03:22,023 [68d8656a-d62a-40ab-a15f-69e804ac0718@group-9B53D1D8130A-LeaderElection5] INFO  impl.LeaderElection (LeaderElection.java:askForVotes(310)) - 68d8656a-d62a-40ab-a15f-69e804ac0718@group-9B53D1D8130A-LeaderElection5 ELECTION round 0: submit vote requests at term 1 for -1: [326c038e-632d-4c6b-af42-d1fe452b3912|rpc:10.1.0.249:42785|priority:1, 68d8656a-d62a-40ab-a15f-69e804ac0718|rpc:10.1.0.249:40209|priority:0, 4b23e9ad-4c3b-4e5e-a325-f9b3b725a9ac|rpc:10.1.0.249:34691|priority:0], old=null
2022-10-06 01:03:22,040 [grpc-default-executor-1] INFO  server.RaftServer$Division (RaftServerImpl.java:requestVote(1152)) - 326c038e-632d-4c6b-af42-d1fe452b3912@group-9B53D1D8130A: receive requestVote(ELECTION, 68d8656a-d62a-40ab-a15f-69e804ac0718, group-9B53D1D8130A, 1, (t:0, i:0))
2022-10-06 01:03:22,040 [grpc-default-executor-1] INFO  impl.VoteContext (VoteContext.java:log(48)) - 326c038e-632d-4c6b-af42-d1fe452b3912@group-9B53D1D8130A-FOLLOWER: reject ELECTION from 68d8656a-d62a-40ab-a15f-69e804ac0718: our priority 1 > candidate's priority 0
2022-10-06 01:03:22,040 [grpc-default-executor-1] INFO  server.RaftServer$Division (RaftServerImpl.java:setRole(299)) - 326c038e-632d-4c6b-af42-d1fe452b3912@group-9B53D1D8130A: changes role from  FOLLOWER to FOLLOWER at term 1 for candidate:68d8656a-d62a-40ab-a15f-69e804ac0718
2022-10-06 01:03:22,040 [grpc-default-executor-1] INFO  impl.RoleInfo (RoleInfo.java:shutdownFollowerState(110)) - 326c038e-632d-4c6b-af42-d1fe452b3912: shutdown 326c038e-632d-4c6b-af42-d1fe452b3912@group-9B53D1D8130A-FollowerState
2022-10-06 01:03:22,040 [grpc-default-executor-1] INFO  impl.RoleInfo (RoleInfo.java:updateAndGet(139)) - 326c038e-632d-4c6b-af42-d1fe452b3912: start 326c038e-632d-4c6b-af42-d1fe452b3912@group-9B53D1D8130A-FollowerState
2022-10-06 01:03:22,040 [326c038e-632d-4c6b-af42-d1fe452b3912@group-9B53D1D8130A-FollowerState] INFO  impl.FollowerState (FollowerState.java:run(152)) - 326c038e-632d-4c6b-af42-d1fe452b3912@group-9B53D1D8130A-FollowerState was interrupted
2022-10-06 01:03:22,048 [grpc-default-executor-1] INFO  server.RaftServer$Division (RaftServerImpl.java:requestVote(1184)) - 326c038e-632d-4c6b-af42-d1fe452b3912@group-9B53D1D8130A replies to ELECTION vote request: 68d8656a-d62a-40ab-a15f-69e804ac0718<-326c038e-632d-4c6b-af42-d1fe452b3912#0:FAIL-t1. Peer's state: 326c038e-632d-4c6b-af42-d1fe452b3912@group-9B53D1D8130A:t1, leader=null, voted=null, raftlog=326c038e-632d-4c6b-af42-d1fe452b3912@group-9B53D1D8130A-SegmentedRaftLog:OPENED:c-1, conf=-1: [326c038e-632d-4c6b-af42-d1fe452b3912|rpc:10.1.0.249:42785|dataStream:|priority:1, 68d8656a-d62a-40ab-a15f-69e804ac0718|rpc:10.1.0.249:40209|dataStream:|priority:0, 4b23e9ad-4c3b-4e5e-a325-f9b3b725a9ac|rpc:10.1.0.249:34691|dataStream:|priority:0], old=null
2022-10-06 01:03:22,055 [68d8656a-d62a-40ab-a15f-69e804ac0718@group-9B53D1D8130A-LeaderElection5] INFO  impl.LeaderElection (LeaderElection.java:logAndReturn(90)) - 68d8656a-d62a-40ab-a15f-69e804ac0718@group-9B53D1D8130A-LeaderElection5: ELECTION REJECTED received 1 response(s) and 0 exception(s):
2022-10-06 01:03:22,055 [68d8656a-d62a-40ab-a15f-69e804ac0718@group-9B53D1D8130A-LeaderElection5] INFO  impl.LeaderElection (LeaderElection.java:logAndReturn(94)) -   Response 0: 68d8656a-d62a-40ab-a15f-69e804ac0718<-326c038e-632d-4c6b-af42-d1fe452b3912#0:FAIL-t1
2022-10-06 01:03:22,055 [68d8656a-d62a-40ab-a15f-69e804ac0718@group-9B53D1D8130A-LeaderElection5] INFO  impl.LeaderElection (LeaderElection.java:askForVotes(312)) - 68d8656a-d62a-40ab-a15f-69e804ac0718@group-9B53D1D8130A-LeaderElection5 ELECTION round 0: result REJECTED
2022-10-06 01:03:22,055 [grpc-default-executor-1] INFO  server.RaftServer$Division (RaftServerImpl.java:requestVote(1152)) - 4b23e9ad-4c3b-4e5e-a325-f9b3b725a9ac@group-9B53D1D8130A: receive requestVote(ELECTION, 68d8656a-d62a-40ab-a15f-69e804ac0718, group-9B53D1D8130A, 1, (t:0, i:0))
2022-10-06 01:03:22,055 [68d8656a-d62a-40ab-a15f-69e804ac0718@group-9B53D1D8130A-LeaderElection5] INFO  server.RaftServer$Division (RaftServerImpl.java:setRole(299)) - 68d8656a-d62a-40ab-a15f-69e804ac0718@group-9B53D1D8130A: changes role from CANDIDATE to FOLLOWER at term 1 for REJECTED
2022-10-06 01:03:22,056 [grpc-default-executor-1] INFO  impl.VoteContext (VoteContext.java:log(48)) - 4b23e9ad-4c3b-4e5e-a325-f9b3b725a9ac@group-9B53D1D8130A-FOLLOWER: accept ELECTION from 68d8656a-d62a-40ab-a15f-69e804ac0718: our priority 0 <= candidate's priority 0
2022-10-06 01:03:22,056 [68d8656a-d62a-40ab-a15f-69e804ac0718@group-9B53D1D8130A-LeaderElection5] INFO  impl.RoleInfo (RoleInfo.java:shutdownLeaderElection(130)) - 68d8656a-d62a-40ab-a15f-69e804ac0718: shutdown 68d8656a-d62a-40ab-a15f-69e804ac0718@group-9B53D1D8130A-LeaderElection5
2022-10-06 01:03:22,056 [grpc-default-executor-1] INFO  server.RaftServer$Division (RaftServerImpl.java:setRole(299)) - 4b23e9ad-4c3b-4e5e-a325-f9b3b725a9ac@group-9B53D1D8130A: changes role from  FOLLOWER to FOLLOWER at term 1 for candidate:68d8656a-d62a-40ab-a15f-69e804ac0718
2022-10-06 01:03:22,056 [68d8656a-d62a-40ab-a15f-69e804ac0718@group-9B53D1D8130A-LeaderElection5] INFO  impl.RoleInfo (RoleInfo.java:updateAndGet(139)) - 68d8656a-d62a-40ab-a15f-69e804ac0718: start 68d8656a-d62a-40ab-a15f-69e804ac0718@group-9B53D1D8130A-FollowerState
2022-10-06 01:03:22,056 [grpc-default-executor-1] INFO  impl.RoleInfo (RoleInfo.java:shutdownFollowerState(110)) - 4b23e9ad-4c3b-4e5e-a325-f9b3b725a9ac: shutdown 4b23e9ad-4c3b-4e5e-a325-f9b3b725a9ac@group-9B53D1D8130A-FollowerState
2022-10-06 01:03:22,056 [grpc-default-executor-1] INFO  impl.RoleInfo (RoleInfo.java:updateAndGet(139)) - 4b23e9ad-4c3b-4e5e-a325-f9b3b725a9ac: start 4b23e9ad-4c3b-4e5e-a325-f9b3b725a9ac@group-9B53D1D8130A-FollowerState
2022-10-06 01:03:22,057 [4b23e9ad-4c3b-4e5e-a325-f9b3b725a9ac@group-9B53D1D8130A-FollowerState] INFO  impl.FollowerState (FollowerState.java:run(152)) - 4b23e9ad-4c3b-4e5e-a325-f9b3b725a9ac@group-9B53D1D8130A-FollowerState was interrupted
2022-10-06 01:03:22,059 [grpc-default-executor-1] INFO  server.RaftServer$Division (RaftServerImpl.java:requestVote(1184)) - 4b23e9ad-4c3b-4e5e-a325-f9b3b725a9ac@group-9B53D1D8130A replies to ELECTION vote request: 68d8656a-d62a-40ab-a15f-69e804ac0718<-4b23e9ad-4c3b-4e5e-a325-f9b3b725a9ac#0:OK-t1. Peer's state: 4b23e9ad-4c3b-4e5e-a325-f9b3b725a9ac@group-9B53D1D8130A:t1, leader=null, voted=68d8656a-d62a-40ab-a15f-69e804ac0718, raftlog=4b23e9ad-4c3b-4e5e-a325-f9b3b725a9ac@group-9B53D1D8130A-SegmentedRaftLog:OPENED:c-1, conf=-1: [326c038e-632d-4c6b-af42-d1fe452b3912|rpc:10.1.0.249:42785|priority:1, 68d8656a-d62a-40ab-a15f-69e804ac0718|rpc:10.1.0.249:40209|priority:0, 4b23e9ad-4c3b-4e5e-a325-f9b3b725a9ac|rpc:10.1.0.249:34691|priority:0], old=null
2022-10-06 01:03:22,089 [326c038e-632d-4c6b-af42-d1fe452b3912@group-0C680043648C-FollowerState] INFO  impl.FollowerState (FollowerState.java:run(143)) - 326c038e-632d-4c6b-af42-d1fe452b3912@group-0C680043648C-FollowerState: change to CANDIDATE, lastRpcElapsedTime:5001848544ns, electionTimeout:5001ms
2022-10-06 01:03:22,089 [326c038e-632d-4c6b-af42-d1fe452b3912@group-0C680043648C-FollowerState] INFO  impl.RoleInfo (RoleInfo.java:shutdownFollowerState(110)) - 326c038e-632d-4c6b-af42-d1fe452b3912: shutdown 326c038e-632d-4c6b-af42-d1fe452b3912@group-0C680043648C-FollowerState
2022-10-06 01:03:22,089 [326c038e-632d-4c6b-af42-d1fe452b3912@group-0C680043648C-FollowerState] INFO  server.RaftServer$Division (RaftServerImpl.java:setRole(299)) - 326c038e-632d-4c6b-af42-d1fe452b3912@group-0C680043648C: changes role from  FOLLOWER to CANDIDATE at term 0 for changeToCandidate
2022-10-06 01:03:22,089 [326c038e-632d-4c6b-af42-d1fe452b3912@group-0C680043648C-FollowerState] INFO  server.RaftServerConfigKeys (ConfUtils.java:logGet(46)) - raft.server.leaderelection.pre-vote = false (custom)
2022-10-06 01:03:22,089 [326c038e-632d-4c6b-af42-d1fe452b3912@group-0C680043648C-FollowerState] INFO  impl.RoleInfo (RoleInfo.java:updateAndGet(139)) - 326c038e-632d-4c6b-af42-d1fe452b3912: start 326c038e-632d-4c6b-af42-d1fe452b3912@group-0C680043648C-LeaderElection6
2022-10-06 01:03:22,092 [326c038e-632d-4c6b-af42-d1fe452b3912@group-0C680043648C-LeaderElection6] INFO  impl.LeaderElection (LeaderElection.java:askForVotes(310)) - 326c038e-632d-4c6b-af42-d1fe452b3912@group-0C680043648C-LeaderElection6 ELECTION round 0: submit vote requests at term 1 for -1: [326c038e-632d-4c6b-af42-d1fe452b3912|rpc:10.1.0.249:42785|priority:1], old=null
2022-10-06 01:03:22,093 [326c038e-632d-4c6b-af42-d1fe452b3912@group-0C680043648C-LeaderElection6] INFO  impl.LeaderElection (LeaderElection.java:askForVotes(312)) - 326c038e-632d-4c6b-af42-d1fe452b3912@group-0C680043648C-LeaderElection6 ELECTION round 0: result PASSED (term=1)
2022-10-06 01:03:22,093 [326c038e-632d-4c6b-af42-d1fe452b3912@group-0C680043648C-LeaderElection6] INFO  impl.RoleInfo (RoleInfo.java:shutdownLeaderElection(130)) - 326c038e-632d-4c6b-af42-d1fe452b3912: shutdown 326c038e-632d-4c6b-af42-d1fe452b3912@group-0C680043648C-LeaderElection6
2022-10-06 01:03:22,093 [326c038e-632d-4c6b-af42-d1fe452b3912@group-0C680043648C-LeaderElection6] INFO  server.RaftServer$Division (RaftServerImpl.java:setRole(299)) - 326c038e-632d-4c6b-af42-d1fe452b3912@group-0C680043648C: changes role from CANDIDATE to LEADER at term 1 for changeToLeader
2022-10-06 01:03:22,093 [326c038e-632d-4c6b-af42-d1fe452b3912@group-0C680043648C-LeaderElection6] INFO  ratis.XceiverServerRatis (XceiverServerRatis.java:handleLeaderChangedNotification(863)) - Leader change notification received for group: group-0C680043648C with new leaderId: 326c038e-632d-4c6b-af42-d1fe452b3912
2022-10-06 01:03:22,093 [326c038e-632d-4c6b-af42-d1fe452b3912@group-0C680043648C-LeaderElection6] INFO  server.RaftServer$Division (ServerState.java:setLeader(287)) - 326c038e-632d-4c6b-af42-d1fe452b3912@group-0C680043648C: change Leader from null to 326c038e-632d-4c6b-af42-d1fe452b3912 at term 1 for becomeLeader, leader elected after 5026ms
2022-10-06 01:03:22,093 [326c038e-632d-4c6b-af42-d1fe452b3912@group-0C680043648C-LeaderElection6] INFO  server.RaftServerConfigKeys (ConfUtils.java:logGet(46)) - raft.server.staging.catchup.gap = 1000 (default)
2022-10-06 01:03:22,095 [EventQueue-OpenPipelineForHealthyPipelineSafeModeRule] INFO  safemode.SCMSafeModeManager (HealthyPipelineSafeModeRule.java:process(137)) - SCM in safe mode. Healthy pipelines reported count is 0, required healthy pipeline reported count is 1
2022-10-06 01:03:22,095 [326c038e-632d-4c6b-af42-d1fe452b3912@group-0C680043648C-LeaderElection6] INFO  server.RaftServerConfigKeys (ConfUtils.java:logGet(46)) - raft.server.write.element-limit = 1024 (custom)
2022-10-06 01:03:22,095 [326c038e-632d-4c6b-af42-d1fe452b3912@group-0C680043648C-LeaderElection6] INFO  server.RaftServerConfigKeys (ConfUtils.java:logGet(46)) - raft.server.write.byte-limit = 1024 M (=1073741824) (custom)
2022-10-06 01:03:22,095 [326c038e-632d-4c6b-af42-d1fe452b3912@group-0C680043648C-LeaderElection6] INFO  server.RaftServerConfigKeys (ConfUtils.java:logGet(46)) - raft.server.watch.timeout = 180s (custom)
2022-10-06 01:03:22,095 [326c038e-632d-4c6b-af42-d1fe452b3912@group-0C680043648C-LeaderElection6] INFO  server.RaftServerConfigKeys (ConfUtils.java:logGet(46)) - raft.server.watch.timeout.denomination = 1s (default)
2022-10-06 01:03:22,095 [326c038e-632d-4c6b-af42-d1fe452b3912@group-0C680043648C-LeaderElection6] INFO  server.RaftServerConfigKeys (ConfUtils.java:logGet(46)) - raft.server.watch.element-limit = 65536 (default)
2022-10-06 01:03:22,095 [326c038e-632d-4c6b-af42-d1fe452b3912@group-0C680043648C-LeaderElection6] INFO  server.RaftServerConfigKeys (ConfUtils.java:logGet(46)) - raft.server.write.element-limit = 1024 (custom)
2022-10-06 01:03:22,096 [326c038e-632d-4c6b-af42-d1fe452b3912@group-0C680043648C-LeaderElection6] INFO  server.RaftServerConfigKeys (ConfUtils.java:logGet(46)) - raft.server.write.follower.gap.ratio.max = -1.0 (default)
2022-10-06 01:03:22,096 [326c038e-632d-4c6b-af42-d1fe452b3912@group-0C680043648C-LeaderElection6] INFO  impl.RoleInfo (RoleInfo.java:updateAndGet(139)) - 326c038e-632d-4c6b-af42-d1fe452b3912: start 326c038e-632d-4c6b-af42-d1fe452b3912@group-0C680043648C-LeaderStateImpl
2022-10-06 01:03:22,096 [326c038e-632d-4c6b-af42-d1fe452b3912@group-0C680043648C-LeaderElection6] INFO  segmented.SegmentedRaftLogWorker (SegmentedRaftLogWorker.java:startLogSegment(425)) - 326c038e-632d-4c6b-af42-d1fe452b3912@group-0C680043648C-SegmentedRaftLogWorker: Starting segment from index:0
2022-10-06 01:03:22,097 [326c038e-632d-4c6b-af42-d1fe452b3912@group-0C680043648C-LeaderElection6] INFO  server.RaftServer$Division (ServerState.java:setRaftConf(393)) - 326c038e-632d-4c6b-af42-d1fe452b3912@group-0C680043648C: set configuration 0: [326c038e-632d-4c6b-af42-d1fe452b3912|rpc:10.1.0.249:42785|dataStream:|priority:1], old=null
2022-10-06 01:03:22,098 [326c038e-632d-4c6b-af42-d1fe452b3912@group-0C680043648C-SegmentedRaftLogWorker] INFO  segmented.SegmentedRaftLogWorker (SegmentedRaftLogWorker.java:execute(629)) - 326c038e-632d-4c6b-af42-d1fe452b3912@group-0C680043648C-SegmentedRaftLogWorker: created new log segment /home/runner/work/ozone/ozone/hadoop-ozone/integration-test/target/test-dir/MiniOzoneClusterImpl-cb9ba06c-8019-4b1a-b2e9-0b8ac0549875/datanode-2/data/ratis/a30498b3-6e1d-4b8c-b9c5-0c680043648c/current/log_inprogress_0
2022-10-06 01:03:22,461 [62d7347f-94d0-45cc-b868-9236a636eb61@group-EAE602682FB9-FollowerState] INFO  impl.FollowerState (FollowerState.java:run(143)) - 62d7347f-94d0-45cc-b868-9236a636eb61@group-EAE602682FB9-FollowerState: change to CANDIDATE, lastRpcElapsedTime:5054005397ns, electionTimeout:5053ms
2022-10-06 01:03:22,461 [62d7347f-94d0-45cc-b868-9236a636eb61@group-EAE602682FB9-FollowerState] INFO  impl.RoleInfo (RoleInfo.java:shutdownFollowerState(110)) - 62d7347f-94d0-45cc-b868-9236a636eb61: shutdown 62d7347f-94d0-45cc-b868-9236a636eb61@group-EAE602682FB9-FollowerState
2022-10-06 01:03:22,461 [62d7347f-94d0-45cc-b868-9236a636eb61@group-EAE602682FB9-FollowerState] INFO  server.RaftServer$Division (RaftServerImpl.java:setRole(299)) - 62d7347f-94d0-45cc-b868-9236a636eb61@group-EAE602682FB9: changes role from  FOLLOWER to CANDIDATE at term 0 for changeToCandidate
2022-10-06 01:03:22,462 [62d7347f-94d0-45cc-b868-9236a636eb61@group-EAE602682FB9-FollowerState] INFO  server.RaftServerConfigKeys (ConfUtils.java:logGet(46)) - raft.server.leaderelection.pre-vote = false (custom)
2022-10-06 01:03:22,462 [62d7347f-94d0-45cc-b868-9236a636eb61@group-EAE602682FB9-FollowerState] INFO  impl.RoleInfo (RoleInfo.java:updateAndGet(139)) - 62d7347f-94d0-45cc-b868-9236a636eb61: start 62d7347f-94d0-45cc-b868-9236a636eb61@group-EAE602682FB9-LeaderElection7
2022-10-06 01:03:22,465 [62d7347f-94d0-45cc-b868-9236a636eb61@group-EAE602682FB9-LeaderElection7] INFO  impl.LeaderElection (LeaderElection.java:askForVotes(310)) - 62d7347f-94d0-45cc-b868-9236a636eb61@group-EAE602682FB9-LeaderElection7 ELECTION round 0: submit vote requests at term 1 for -1: [62d7347f-94d0-45cc-b868-9236a636eb61|rpc:10.1.0.249:41921|priority:1], old=null
2022-10-06 01:03:22,466 [62d7347f-94d0-45cc-b868-9236a636eb61@group-EAE602682FB9-LeaderElection7] INFO  impl.LeaderElection (LeaderElection.java:askForVotes(312)) - 62d7347f-94d0-45cc-b868-9236a636eb61@group-EAE602682FB9-LeaderElection7 ELECTION round 0: result PASSED (term=1)
2022-10-06 01:03:22,466 [62d7347f-94d0-45cc-b868-9236a636eb61@group-EAE602682FB9-LeaderElection7] INFO  impl.RoleInfo (RoleInfo.java:shutdownLeaderElection(130)) - 62d7347f-94d0-45cc-b868-9236a636eb61: shutdown 62d7347f-94d0-45cc-b868-9236a636eb61@group-EAE602682FB9-LeaderElection7
2022-10-06 01:03:22,466 [62d7347f-94d0-45cc-b868-9236a636eb61@group-EAE602682FB9-LeaderElection7] INFO  server.RaftServer$Division (RaftServerImpl.java:setRole(299)) - 62d7347f-94d0-45cc-b868-9236a636eb61@group-EAE602682FB9: changes role from CANDIDATE to LEADER at term 1 for changeToLeader
2022-10-06 01:03:22,466 [62d7347f-94d0-45cc-b868-9236a636eb61@group-EAE602682FB9-LeaderElection7] INFO  ratis.XceiverServerRatis (XceiverServerRatis.java:handleLeaderChangedNotification(863)) - Leader change notification received for group: group-EAE602682FB9 with new leaderId: 62d7347f-94d0-45cc-b868-9236a636eb61
2022-10-06 01:03:22,466 [62d7347f-94d0-45cc-b868-9236a636eb61@group-EAE602682FB9-LeaderElection7] INFO  server.RaftServer$Division (ServerState.java:setLeader(287)) - 62d7347f-94d0-45cc-b868-9236a636eb61@group-EAE602682FB9: change Leader from null to 62d7347f-94d0-45cc-b868-9236a636eb61 at term 1 for becomeLeader, leader elected after 5066ms
2022-10-06 01:03:22,466 [62d7347f-94d0-45cc-b868-9236a636eb61@group-EAE602682FB9-LeaderElection7] INFO  server.RaftServerConfigKeys (ConfUtils.java:logGet(46)) - raft.server.staging.catchup.gap = 1000 (default)
2022-10-06 01:03:22,466 [62d7347f-94d0-45cc-b868-9236a636eb61@group-EAE602682FB9-LeaderElection7] INFO  server.RaftServerConfigKeys (ConfUtils.java:logGet(46)) - raft.server.write.element-limit = 1024 (custom)
2022-10-06 01:03:22,466 [62d7347f-94d0-45cc-b868-9236a636eb61@group-EAE602682FB9-LeaderElection7] INFO  server.RaftServerConfigKeys (ConfUtils.java:logGet(46)) - raft.server.write.byte-limit = 1024 M (=1073741824) (custom)
2022-10-06 01:03:22,466 [62d7347f-94d0-45cc-b868-9236a636eb61@group-EAE602682FB9-LeaderElection7] INFO  server.RaftServerConfigKeys (ConfUtils.java:logGet(46)) - raft.server.watch.timeout = 180s (custom)
2022-10-06 01:03:22,467 [62d7347f-94d0-45cc-b868-9236a636eb61@group-EAE602682FB9-LeaderElection7] INFO  server.RaftServerConfigKeys (ConfUtils.java:logGet(46)) - raft.server.watch.timeout.denomination = 1s (default)
2022-10-06 01:03:22,467 [62d7347f-94d0-45cc-b868-9236a636eb61@group-EAE602682FB9-LeaderElection7] INFO  server.RaftServerConfigKeys (ConfUtils.java:logGet(46)) - raft.server.watch.element-limit = 65536 (default)
2022-10-06 01:03:22,467 [62d7347f-94d0-45cc-b868-9236a636eb61@group-EAE602682FB9-LeaderElection7] INFO  server.RaftServerConfigKeys (ConfUtils.java:logGet(46)) - raft.server.write.element-limit = 1024 (custom)
2022-10-06 01:03:22,467 [62d7347f-94d0-45cc-b868-9236a636eb61@group-EAE602682FB9-LeaderElection7] INFO  server.RaftServerConfigKeys (ConfUtils.java:logGet(46)) - raft.server.write.follower.gap.ratio.max = -1.0 (default)
2022-10-06 01:03:22,467 [62d7347f-94d0-45cc-b868-9236a636eb61@group-EAE602682FB9-LeaderElection7] INFO  impl.RoleInfo (RoleInfo.java:updateAndGet(139)) - 62d7347f-94d0-45cc-b868-9236a636eb61: start 62d7347f-94d0-45cc-b868-9236a636eb61@group-EAE602682FB9-LeaderStateImpl
2022-10-06 01:03:22,467 [EventQueue-OpenPipelineForHealthyPipelineSafeModeRule] INFO  safemode.SCMSafeModeManager (HealthyPipelineSafeModeRule.java:process(137)) - SCM in safe mode. Healthy pipelines reported count is 0, required healthy pipeline reported count is 1
2022-10-06 01:03:22,467 [62d7347f-94d0-45cc-b868-9236a636eb61@group-EAE602682FB9-LeaderElection7] INFO  segmented.SegmentedRaftLogWorker (SegmentedRaftLogWorker.java:startLogSegment(425)) - 62d7347f-94d0-45cc-b868-9236a636eb61@group-EAE602682FB9-SegmentedRaftLogWorker: Starting segment from index:0
2022-10-06 01:03:22,468 [62d7347f-94d0-45cc-b868-9236a636eb61@group-EAE602682FB9-SegmentedRaftLogWorker] INFO  segmented.SegmentedRaftLogWorker (SegmentedRaftLogWorker.java:execute(629)) - 62d7347f-94d0-45cc-b868-9236a636eb61@group-EAE602682FB9-SegmentedRaftLogWorker: created new log segment /home/runner/work/ozone/ozone/hadoop-ozone/integration-test/target/test-dir/MiniOzoneClusterImpl-cb9ba06c-8019-4b1a-b2e9-0b8ac0549875/datanode-3/data/ratis/d368ba86-a4a2-4789-bcb5-eae602682fb9/current/log_inprogress_0
2022-10-06 01:03:22,470 [62d7347f-94d0-45cc-b868-9236a636eb61@group-EAE602682FB9-LeaderElection7] INFO  server.RaftServer$Division (ServerState.java:setRaftConf(393)) - 62d7347f-94d0-45cc-b868-9236a636eb61@group-EAE602682FB9: set configuration 0: [62d7347f-94d0-45cc-b868-9236a636eb61|rpc:10.1.0.249:41921|dataStream:|priority:1], old=null
2022-10-06 01:03:22,683 [Listener at 127.0.0.1/34317] INFO  ozone.MiniOzoneClusterImpl (MiniOzoneClusterImpl.java:lambda$waitForClusterToBeReady$0(216)) - Nodes are ready. Got 5 of 5 DN Heartbeats.
2022-10-06 01:03:22,683 [Listener at 127.0.0.1/34317] INFO  ozone.MiniOzoneClusterImpl (MiniOzoneClusterImpl.java:lambda$waitForClusterToBeReady$0(219)) - Waiting for cluster to exit safe mode
2022-10-06 01:03:22,683 [Listener at 127.0.0.1/34317] INFO  ozone.MiniOzoneClusterImpl (MiniOzoneClusterImpl.java:lambda$waitForClusterToBeReady$0(221)) - SCM became leader
2022-10-06 01:03:22,721 [321876d2-b421-4eba-aafb-38bc2081ddf0@group-29EF2E52A916-FollowerState] INFO  impl.FollowerState (FollowerState.java:run(143)) - 321876d2-b421-4eba-aafb-38bc2081ddf0@group-29EF2E52A916-FollowerState: change to CANDIDATE, lastRpcElapsedTime:5026411140ns, electionTimeout:5025ms
2022-10-06 01:03:22,721 [321876d2-b421-4eba-aafb-38bc2081ddf0@group-29EF2E52A916-FollowerState] INFO  impl.RoleInfo (RoleInfo.java:shutdownFollowerState(110)) - 321876d2-b421-4eba-aafb-38bc2081ddf0: shutdown 321876d2-b421-4eba-aafb-38bc2081ddf0@group-29EF2E52A916-FollowerState
2022-10-06 01:03:22,721 [321876d2-b421-4eba-aafb-38bc2081ddf0@group-29EF2E52A916-FollowerState] INFO  server.RaftServer$Division (RaftServerImpl.java:setRole(299)) - 321876d2-b421-4eba-aafb-38bc2081ddf0@group-29EF2E52A916: changes role from  FOLLOWER to CANDIDATE at term 0 for changeToCandidate
2022-10-06 01:03:22,721 [321876d2-b421-4eba-aafb-38bc2081ddf0@group-29EF2E52A916-FollowerState] INFO  server.RaftServerConfigKeys (ConfUtils.java:logGet(46)) - raft.server.leaderelection.pre-vote = false (custom)
2022-10-06 01:03:22,721 [321876d2-b421-4eba-aafb-38bc2081ddf0@group-29EF2E52A916-FollowerState] INFO  impl.RoleInfo (RoleInfo.java:updateAndGet(139)) - 321876d2-b421-4eba-aafb-38bc2081ddf0: start 321876d2-b421-4eba-aafb-38bc2081ddf0@group-29EF2E52A916-LeaderElection8
2022-10-06 01:03:22,724 [321876d2-b421-4eba-aafb-38bc2081ddf0@group-29EF2E52A916-LeaderElection8] INFO  impl.LeaderElection (LeaderElection.java:askForVotes(310)) - 321876d2-b421-4eba-aafb-38bc2081ddf0@group-29EF2E52A916-LeaderElection8 ELECTION round 0: submit vote requests at term 1 for -1: [321876d2-b421-4eba-aafb-38bc2081ddf0|rpc:10.1.0.249:44243|priority:1], old=null
2022-10-06 01:03:22,724 [321876d2-b421-4eba-aafb-38bc2081ddf0@group-29EF2E52A916-LeaderElection8] INFO  impl.LeaderElection (LeaderElection.java:askForVotes(312)) - 321876d2-b421-4eba-aafb-38bc2081ddf0@group-29EF2E52A916-LeaderElection8 ELECTION round 0: result PASSED (term=1)
2022-10-06 01:03:22,724 [321876d2-b421-4eba-aafb-38bc2081ddf0@group-29EF2E52A916-LeaderElection8] INFO  impl.RoleInfo (RoleInfo.java:shutdownLeaderElection(130)) - 321876d2-b421-4eba-aafb-38bc2081ddf0: shutdown 321876d2-b421-4eba-aafb-38bc2081ddf0@group-29EF2E52A916-LeaderElection8
2022-10-06 01:03:22,724 [321876d2-b421-4eba-aafb-38bc2081ddf0@group-29EF2E52A916-LeaderElection8] INFO  server.RaftServer$Division (RaftServerImpl.java:setRole(299)) - 321876d2-b421-4eba-aafb-38bc2081ddf0@group-29EF2E52A916: changes role from CANDIDATE to LEADER at term 1 for changeToLeader
2022-10-06 01:03:22,724 [321876d2-b421-4eba-aafb-38bc2081ddf0@group-29EF2E52A916-LeaderElection8] INFO  ratis.XceiverServerRatis (XceiverServerRatis.java:handleLeaderChangedNotification(863)) - Leader change notification received for group: group-29EF2E52A916 with new leaderId: 321876d2-b421-4eba-aafb-38bc2081ddf0
2022-10-06 01:03:22,725 [321876d2-b421-4eba-aafb-38bc2081ddf0@group-29EF2E52A916-LeaderElection8] INFO  server.RaftServer$Division (ServerState.java:setLeader(287)) - 321876d2-b421-4eba-aafb-38bc2081ddf0@group-29EF2E52A916: change Leader from null to 321876d2-b421-4eba-aafb-38bc2081ddf0 at term 1 for becomeLeader, leader elected after 5035ms
2022-10-06 01:03:22,725 [321876d2-b421-4eba-aafb-38bc2081ddf0@group-29EF2E52A916-LeaderElection8] INFO  server.RaftServerConfigKeys (ConfUtils.java:logGet(46)) - raft.server.staging.catchup.gap = 1000 (default)
2022-10-06 01:03:22,726 [321876d2-b421-4eba-aafb-38bc2081ddf0@group-29EF2E52A916-LeaderElection8] INFO  server.RaftServerConfigKeys (ConfUtils.java:logGet(46)) - raft.server.write.element-limit = 1024 (custom)
2022-10-06 01:03:22,726 [321876d2-b421-4eba-aafb-38bc2081ddf0@group-29EF2E52A916-LeaderElection8] INFO  server.RaftServerConfigKeys (ConfUtils.java:logGet(46)) - raft.server.write.byte-limit = 1024 M (=1073741824) (custom)
2022-10-06 01:03:22,727 [321876d2-b421-4eba-aafb-38bc2081ddf0@group-29EF2E52A916-LeaderElection8] INFO  server.RaftServerConfigKeys (ConfUtils.java:logGet(46)) - raft.server.watch.timeout = 180s (custom)
2022-10-06 01:03:22,727 [321876d2-b421-4eba-aafb-38bc2081ddf0@group-29EF2E52A916-LeaderElection8] INFO  server.RaftServerConfigKeys (ConfUtils.java:logGet(46)) - raft.server.watch.timeout.denomination = 1s (default)
2022-10-06 01:03:22,727 [321876d2-b421-4eba-aafb-38bc2081ddf0@group-29EF2E52A916-LeaderElection8] INFO  server.RaftServerConfigKeys (ConfUtils.java:logGet(46)) - raft.server.watch.element-limit = 65536 (default)
2022-10-06 01:03:22,727 [321876d2-b421-4eba-aafb-38bc2081ddf0@group-29EF2E52A916-LeaderElection8] INFO  server.RaftServerConfigKeys (ConfUtils.java:logGet(46)) - raft.server.write.element-limit = 1024 (custom)
2022-10-06 01:03:22,727 [321876d2-b421-4eba-aafb-38bc2081ddf0@group-29EF2E52A916-LeaderElection8] INFO  server.RaftServerConfigKeys (ConfUtils.java:logGet(46)) - raft.server.write.follower.gap.ratio.max = -1.0 (default)
2022-10-06 01:03:22,727 [321876d2-b421-4eba-aafb-38bc2081ddf0@group-29EF2E52A916-LeaderElection8] INFO  impl.RoleInfo (RoleInfo.java:updateAndGet(139)) - 321876d2-b421-4eba-aafb-38bc2081ddf0: start 321876d2-b421-4eba-aafb-38bc2081ddf0@group-29EF2E52A916-LeaderStateImpl
2022-10-06 01:03:22,728 [321876d2-b421-4eba-aafb-38bc2081ddf0@group-29EF2E52A916-LeaderElection8] INFO  segmented.SegmentedRaftLogWorker (SegmentedRaftLogWorker.java:startLogSegment(425)) - 321876d2-b421-4eba-aafb-38bc2081ddf0@group-29EF2E52A916-SegmentedRaftLogWorker: Starting segment from index:0
2022-10-06 01:03:22,730 [321876d2-b421-4eba-aafb-38bc2081ddf0@group-29EF2E52A916-SegmentedRaftLogWorker] INFO  segmented.SegmentedRaftLogWorker (SegmentedRaftLogWorker.java:execute(629)) - 321876d2-b421-4eba-aafb-38bc2081ddf0@group-29EF2E52A916-SegmentedRaftLogWorker: created new log segment /home/runner/work/ozone/ozone/hadoop-ozone/integration-test/target/test-dir/MiniOzoneClusterImpl-cb9ba06c-8019-4b1a-b2e9-0b8ac0549875/datanode-4/data/ratis/b41e0106-ea8d-48ae-abab-29ef2e52a916/current/log_inprogress_0
2022-10-06 01:03:22,730 [321876d2-b421-4eba-aafb-38bc2081ddf0@group-29EF2E52A916-LeaderElection8] INFO  server.RaftServer$Division (ServerState.java:setRaftConf(393)) - 321876d2-b421-4eba-aafb-38bc2081ddf0@group-29EF2E52A916: set configuration 0: [321876d2-b421-4eba-aafb-38bc2081ddf0|rpc:10.1.0.249:44243|dataStream:|priority:1], old=null
2022-10-06 01:03:22,732 [EventQueue-OpenPipelineForHealthyPipelineSafeModeRule] INFO  safemode.SCMSafeModeManager (HealthyPipelineSafeModeRule.java:process(137)) - SCM in safe mode. Healthy pipelines reported count is 0, required healthy pipeline reported count is 1
2022-10-06 01:03:23,684 [Listener at 127.0.0.1/34317] INFO  ozone.MiniOzoneClusterImpl (MiniOzoneClusterImpl.java:lambda$waitForClusterToBeReady$0(216)) - Nodes are ready. Got 5 of 5 DN Heartbeats.
2022-10-06 01:03:23,684 [Listener at 127.0.0.1/34317] INFO  ozone.MiniOzoneClusterImpl (MiniOzoneClusterImpl.java:lambda$waitForClusterToBeReady$0(219)) - Waiting for cluster to exit safe mode
2022-10-06 01:03:23,684 [Listener at 127.0.0.1/34317] INFO  ozone.MiniOzoneClusterImpl (MiniOzoneClusterImpl.java:lambda$waitForClusterToBeReady$0(221)) - SCM became leader
2022-10-06 01:03:24,684 [Listener at 127.0.0.1/34317] INFO  ozone.MiniOzoneClusterImpl (MiniOzoneClusterImpl.java:lambda$waitForClusterToBeReady$0(216)) - Nodes are ready. Got 5 of 5 DN Heartbeats.
2022-10-06 01:03:24,685 [Listener at 127.0.0.1/34317] INFO  ozone.MiniOzoneClusterImpl (MiniOzoneClusterImpl.java:lambda$waitForClusterToBeReady$0(219)) - Waiting for cluster to exit safe mode
2022-10-06 01:03:24,685 [Listener at 127.0.0.1/34317] INFO  ozone.MiniOzoneClusterImpl (MiniOzoneClusterImpl.java:lambda$waitForClusterToBeReady$0(221)) - SCM became leader
2022-10-06 01:03:25,685 [Listener at 127.0.0.1/34317] INFO  ozone.MiniOzoneClusterImpl (MiniOzoneClusterImpl.java:lambda$waitForClusterToBeReady$0(216)) - Nodes are ready. Got 5 of 5 DN Heartbeats.
2022-10-06 01:03:25,685 [Listener at 127.0.0.1/34317] INFO  ozone.MiniOzoneClusterImpl (MiniOzoneClusterImpl.java:lambda$waitForClusterToBeReady$0(219)) - Waiting for cluster to exit safe mode
2022-10-06 01:03:25,686 [Listener at 127.0.0.1/34317] INFO  ozone.MiniOzoneClusterImpl (MiniOzoneClusterImpl.java:lambda$waitForClusterToBeReady$0(221)) - SCM became leader
2022-10-06 01:03:26,634 [326c038e-632d-4c6b-af42-d1fe452b3912@group-CD32CE391285-FollowerState] INFO  impl.FollowerState (FollowerState.java:run(143)) - 326c038e-632d-4c6b-af42-d1fe452b3912@group-CD32CE391285-FollowerState: change to CANDIDATE, lastRpcElapsedTime:5112064978ns, electionTimeout:5109ms
2022-10-06 01:03:26,634 [326c038e-632d-4c6b-af42-d1fe452b3912@group-CD32CE391285-FollowerState] INFO  impl.RoleInfo (RoleInfo.java:shutdownFollowerState(110)) - 326c038e-632d-4c6b-af42-d1fe452b3912: shutdown 326c038e-632d-4c6b-af42-d1fe452b3912@group-CD32CE391285-FollowerState
2022-10-06 01:03:26,634 [326c038e-632d-4c6b-af42-d1fe452b3912@group-CD32CE391285-FollowerState] INFO  server.RaftServer$Division (RaftServerImpl.java:setRole(299)) - 326c038e-632d-4c6b-af42-d1fe452b3912@group-CD32CE391285: changes role from  FOLLOWER to CANDIDATE at term 1 for changeToCandidate
2022-10-06 01:03:26,634 [326c038e-632d-4c6b-af42-d1fe452b3912@group-CD32CE391285-FollowerState] INFO  server.RaftServerConfigKeys (ConfUtils.java:logGet(46)) - raft.server.leaderelection.pre-vote = false (custom)
2022-10-06 01:03:26,634 [326c038e-632d-4c6b-af42-d1fe452b3912@group-CD32CE391285-FollowerState] INFO  impl.RoleInfo (RoleInfo.java:updateAndGet(139)) - 326c038e-632d-4c6b-af42-d1fe452b3912: start 326c038e-632d-4c6b-af42-d1fe452b3912@group-CD32CE391285-LeaderElection9
2022-10-06 01:03:26,637 [326c038e-632d-4c6b-af42-d1fe452b3912@group-CD32CE391285-LeaderElection9] INFO  impl.LeaderElection (LeaderElection.java:askForVotes(310)) - 326c038e-632d-4c6b-af42-d1fe452b3912@group-CD32CE391285-LeaderElection9 ELECTION round 0: submit vote requests at term 2 for -1: [326c038e-632d-4c6b-af42-d1fe452b3912|rpc:10.1.0.249:42785|dataStream:|priority:0, 68d8656a-d62a-40ab-a15f-69e804ac0718|rpc:10.1.0.249:40209|dataStream:|priority:1, 4b23e9ad-4c3b-4e5e-a325-f9b3b725a9ac|rpc:10.1.0.249:34691|dataStream:|priority:0], old=null
2022-10-06 01:03:26,640 [68d8656a-d62a-40ab-a15f-69e804ac0718@group-CD32CE391285-FollowerState] INFO  impl.FollowerState (FollowerState.java:run(143)) - 68d8656a-d62a-40ab-a15f-69e804ac0718@group-CD32CE391285-FollowerState: change to CANDIDATE, lastRpcElapsedTime:5142357906ns, electionTimeout:5125ms
2022-10-06 01:03:26,640 [68d8656a-d62a-40ab-a15f-69e804ac0718@group-CD32CE391285-FollowerState] INFO  impl.RoleInfo (RoleInfo.java:shutdownFollowerState(110)) - 68d8656a-d62a-40ab-a15f-69e804ac0718: shutdown 68d8656a-d62a-40ab-a15f-69e804ac0718@group-CD32CE391285-FollowerState
2022-10-06 01:03:26,640 [68d8656a-d62a-40ab-a15f-69e804ac0718@group-CD32CE391285-FollowerState] INFO  server.RaftServer$Division (RaftServerImpl.java:setRole(299)) - 68d8656a-d62a-40ab-a15f-69e804ac0718@group-CD32CE391285: changes role from  FOLLOWER to CANDIDATE at term 1 for changeToCandidate
2022-10-06 01:03:26,640 [68d8656a-d62a-40ab-a15f-69e804ac0718@group-CD32CE391285-FollowerState] INFO  server.RaftServerConfigKeys (ConfUtils.java:logGet(46)) - raft.server.leaderelection.pre-vote = false (custom)
2022-10-06 01:03:26,640 [68d8656a-d62a-40ab-a15f-69e804ac0718@group-CD32CE391285-FollowerState] INFO  impl.RoleInfo (RoleInfo.java:updateAndGet(139)) - 68d8656a-d62a-40ab-a15f-69e804ac0718: start 68d8656a-d62a-40ab-a15f-69e804ac0718@group-CD32CE391285-LeaderElection10
2022-10-06 01:03:26,650 [grpc-default-executor-1] INFO  server.RaftServer$Division (RaftServerImpl.java:requestVote(1152)) - 68d8656a-d62a-40ab-a15f-69e804ac0718@group-CD32CE391285: receive requestVote(ELECTION, 326c038e-632d-4c6b-af42-d1fe452b3912, group-CD32CE391285, 2, (t:0, i:0))
2022-10-06 01:03:26,652 [68d8656a-d62a-40ab-a15f-69e804ac0718@group-CD32CE391285-LeaderElection10] INFO  impl.LeaderElection (LeaderElection.java:askForVotes(310)) - 68d8656a-d62a-40ab-a15f-69e804ac0718@group-CD32CE391285-LeaderElection10 ELECTION round 0: submit vote requests at term 2 for -1: [326c038e-632d-4c6b-af42-d1fe452b3912|rpc:10.1.0.249:42785|priority:0, 68d8656a-d62a-40ab-a15f-69e804ac0718|rpc:10.1.0.249:40209|priority:1, 4b23e9ad-4c3b-4e5e-a325-f9b3b725a9ac|rpc:10.1.0.249:34691|priority:0], old=null
2022-10-06 01:03:26,653 [grpc-default-executor-1] INFO  impl.VoteContext (VoteContext.java:log(48)) - 68d8656a-d62a-40ab-a15f-69e804ac0718@group-CD32CE391285-CANDIDATE: reject ELECTION from 326c038e-632d-4c6b-af42-d1fe452b3912: already has voted for 68d8656a-d62a-40ab-a15f-69e804ac0718 at current term 2
2022-10-06 01:03:26,653 [grpc-default-executor-1] INFO  server.RaftServer$Division (RaftServerImpl.java:requestVote(1184)) - 68d8656a-d62a-40ab-a15f-69e804ac0718@group-CD32CE391285 replies to ELECTION vote request: 326c038e-632d-4c6b-af42-d1fe452b3912<-68d8656a-d62a-40ab-a15f-69e804ac0718#0:FAIL-t2. Peer's state: 68d8656a-d62a-40ab-a15f-69e804ac0718@group-CD32CE391285:t2, leader=null, voted=68d8656a-d62a-40ab-a15f-69e804ac0718, raftlog=68d8656a-d62a-40ab-a15f-69e804ac0718@group-CD32CE391285-SegmentedRaftLog:OPENED:c-1, conf=-1: [326c038e-632d-4c6b-af42-d1fe452b3912|rpc:10.1.0.249:42785|priority:0, 68d8656a-d62a-40ab-a15f-69e804ac0718|rpc:10.1.0.249:40209|priority:1, 4b23e9ad-4c3b-4e5e-a325-f9b3b725a9ac|rpc:10.1.0.249:34691|priority:0], old=null
2022-10-06 01:03:26,656 [326c038e-632d-4c6b-af42-d1fe452b3912@group-CD32CE391285-LeaderElection9] INFO  impl.LeaderElection (LeaderElection.java:logAndReturn(90)) - 326c038e-632d-4c6b-af42-d1fe452b3912@group-CD32CE391285-LeaderElection9: ELECTION REJECTED received 1 response(s) and 0 exception(s):
2022-10-06 01:03:26,658 [326c038e-632d-4c6b-af42-d1fe452b3912@group-CD32CE391285-LeaderElection9] INFO  impl.LeaderElection (LeaderElection.java:logAndReturn(94)) -   Response 0: 326c038e-632d-4c6b-af42-d1fe452b3912<-68d8656a-d62a-40ab-a15f-69e804ac0718#0:FAIL-t2
2022-10-06 01:03:26,658 [grpc-default-executor-1] INFO  server.RaftServer$Division (RaftServerImpl.java:requestVote(1152)) - 4b23e9ad-4c3b-4e5e-a325-f9b3b725a9ac@group-CD32CE391285: receive requestVote(ELECTION, 68d8656a-d62a-40ab-a15f-69e804ac0718, group-CD32CE391285, 2, (t:0, i:0))
2022-10-06 01:03:26,660 [grpc-default-executor-1] INFO  impl.VoteContext (VoteContext.java:log(48)) - 4b23e9ad-4c3b-4e5e-a325-f9b3b725a9ac@group-CD32CE391285-FOLLOWER: accept ELECTION from 68d8656a-d62a-40ab-a15f-69e804ac0718: our priority 0 <= candidate's priority 1
2022-10-06 01:03:26,660 [grpc-default-executor-1] INFO  server.RaftServer$Division (RaftServerImpl.java:setRole(299)) - 4b23e9ad-4c3b-4e5e-a325-f9b3b725a9ac@group-CD32CE391285: changes role from  FOLLOWER to FOLLOWER at term 2 for candidate:68d8656a-d62a-40ab-a15f-69e804ac0718
2022-10-06 01:03:26,660 [grpc-default-executor-1] INFO  impl.RoleInfo (RoleInfo.java:shutdownFollowerState(110)) - 4b23e9ad-4c3b-4e5e-a325-f9b3b725a9ac: shutdown 4b23e9ad-4c3b-4e5e-a325-f9b3b725a9ac@group-CD32CE391285-FollowerState
2022-10-06 01:03:26,660 [grpc-default-executor-1] INFO  impl.RoleInfo (RoleInfo.java:updateAndGet(139)) - 4b23e9ad-4c3b-4e5e-a325-f9b3b725a9ac: start 4b23e9ad-4c3b-4e5e-a325-f9b3b725a9ac@group-CD32CE391285-FollowerState
2022-10-06 01:03:26,660 [4b23e9ad-4c3b-4e5e-a325-f9b3b725a9ac@group-CD32CE391285-FollowerState] INFO  impl.FollowerState (FollowerState.java:run(152)) - 4b23e9ad-4c3b-4e5e-a325-f9b3b725a9ac@group-CD32CE391285-FollowerState was interrupted
2022-10-06 01:03:26,659 [326c038e-632d-4c6b-af42-d1fe452b3912@group-CD32CE391285-LeaderElection9] INFO  impl.LeaderElection (LeaderElection.java:askForVotes(312)) - 326c038e-632d-4c6b-af42-d1fe452b3912@group-CD32CE391285-LeaderElection9 ELECTION round 0: result REJECTED
2022-10-06 01:03:26,660 [326c038e-632d-4c6b-af42-d1fe452b3912@group-CD32CE391285-LeaderElection9] INFO  server.RaftServer$Division (RaftServerImpl.java:setRole(299)) - 326c038e-632d-4c6b-af42-d1fe452b3912@group-CD32CE391285: changes role from CANDIDATE to FOLLOWER at term 2 for REJECTED
2022-10-06 01:03:26,660 [326c038e-632d-4c6b-af42-d1fe452b3912@group-CD32CE391285-LeaderElection9] INFO  impl.RoleInfo (RoleInfo.java:shutdownLeaderElection(130)) - 326c038e-632d-4c6b-af42-d1fe452b3912: shutdown 326c038e-632d-4c6b-af42-d1fe452b3912@group-CD32CE391285-LeaderElection9
2022-10-06 01:03:26,665 [326c038e-632d-4c6b-af42-d1fe452b3912@group-CD32CE391285-LeaderElection9] INFO  impl.RoleInfo (RoleInfo.java:updateAndGet(139)) - 326c038e-632d-4c6b-af42-d1fe452b3912: start 326c038e-632d-4c6b-af42-d1fe452b3912@group-CD32CE391285-FollowerState
2022-10-06 01:03:26,665 [grpc-default-executor-0] INFO  server.RaftServer$Division (RaftServerImpl.java:requestVote(1152)) - 326c038e-632d-4c6b-af42-d1fe452b3912@group-CD32CE391285: receive requestVote(ELECTION, 68d8656a-d62a-40ab-a15f-69e804ac0718, group-CD32CE391285, 2, (t:0, i:0))
2022-10-06 01:03:26,665 [grpc-default-executor-0] INFO  impl.VoteContext (VoteContext.java:log(48)) - 326c038e-632d-4c6b-af42-d1fe452b3912@group-CD32CE391285-FOLLOWER: reject ELECTION from 68d8656a-d62a-40ab-a15f-69e804ac0718: already has voted for 326c038e-632d-4c6b-af42-d1fe452b3912 at current term 2
2022-10-06 01:03:26,665 [grpc-default-executor-0] INFO  server.RaftServer$Division (RaftServerImpl.java:requestVote(1184)) - 326c038e-632d-4c6b-af42-d1fe452b3912@group-CD32CE391285 replies to ELECTION vote request: 68d8656a-d62a-40ab-a15f-69e804ac0718<-326c038e-632d-4c6b-af42-d1fe452b3912#0:FAIL-t2. Peer's state: 326c038e-632d-4c6b-af42-d1fe452b3912@group-CD32CE391285:t2, leader=null, voted=326c038e-632d-4c6b-af42-d1fe452b3912, raftlog=326c038e-632d-4c6b-af42-d1fe452b3912@group-CD32CE391285-SegmentedRaftLog:OPENED:c-1, conf=-1: [326c038e-632d-4c6b-af42-d1fe452b3912|rpc:10.1.0.249:42785|dataStream:|priority:0, 68d8656a-d62a-40ab-a15f-69e804ac0718|rpc:10.1.0.249:40209|dataStream:|priority:1, 4b23e9ad-4c3b-4e5e-a325-f9b3b725a9ac|rpc:10.1.0.249:34691|dataStream:|priority:0], old=null
2022-10-06 01:03:26,668 [grpc-default-executor-2] INFO  server.RaftServer$Division (RaftServerImpl.java:requestVote(1152)) - 4b23e9ad-4c3b-4e5e-a325-f9b3b725a9ac@group-CD32CE391285: receive requestVote(ELECTION, 326c038e-632d-4c6b-af42-d1fe452b3912, group-CD32CE391285, 2, (t:0, i:0))
2022-10-06 01:03:26,671 [grpc-default-executor-1] INFO  server.RaftServer$Division (RaftServerImpl.java:requestVote(1184)) - 4b23e9ad-4c3b-4e5e-a325-f9b3b725a9ac@group-CD32CE391285 replies to ELECTION vote request: 68d8656a-d62a-40ab-a15f-69e804ac0718<-4b23e9ad-4c3b-4e5e-a325-f9b3b725a9ac#0:OK-t2. Peer's state: 4b23e9ad-4c3b-4e5e-a325-f9b3b725a9ac@group-CD32CE391285:t2, leader=null, voted=68d8656a-d62a-40ab-a15f-69e804ac0718, raftlog=4b23e9ad-4c3b-4e5e-a325-f9b3b725a9ac@group-CD32CE391285-SegmentedRaftLog:OPENED:c-1, conf=-1: [326c038e-632d-4c6b-af42-d1fe452b3912|rpc:10.1.0.249:42785|priority:0, 68d8656a-d62a-40ab-a15f-69e804ac0718|rpc:10.1.0.249:40209|priority:1, 4b23e9ad-4c3b-4e5e-a325-f9b3b725a9ac|rpc:10.1.0.249:34691|priority:0], old=null
2022-10-06 01:03:26,674 [68d8656a-d62a-40ab-a15f-69e804ac0718@group-CD32CE391285-LeaderElection10] INFO  impl.LeaderElection (LeaderElection.java:logAndReturn(90)) - 68d8656a-d62a-40ab-a15f-69e804ac0718@group-CD32CE391285-LeaderElection10: ELECTION PASSED received 2 response(s) and 0 exception(s):
2022-10-06 01:03:26,674 [68d8656a-d62a-40ab-a15f-69e804ac0718@group-CD32CE391285-LeaderElection10] INFO  impl.LeaderElection (LeaderElection.java:logAndReturn(94)) -   Response 0: 68d8656a-d62a-40ab-a15f-69e804ac0718<-326c038e-632d-4c6b-af42-d1fe452b3912#0:FAIL-t2
2022-10-06 01:03:26,674 [68d8656a-d62a-40ab-a15f-69e804ac0718@group-CD32CE391285-LeaderElection10] INFO  impl.LeaderElection (LeaderElection.java:logAndReturn(94)) -   Response 1: 68d8656a-d62a-40ab-a15f-69e804ac0718<-4b23e9ad-4c3b-4e5e-a325-f9b3b725a9ac#0:OK-t2
2022-10-06 01:03:26,674 [68d8656a-d62a-40ab-a15f-69e804ac0718@group-CD32CE391285-LeaderElection10] INFO  impl.LeaderElection (LeaderElection.java:askForVotes(312)) - 68d8656a-d62a-40ab-a15f-69e804ac0718@group-CD32CE391285-LeaderElection10 ELECTION round 0: result PASSED
2022-10-06 01:03:26,674 [68d8656a-d62a-40ab-a15f-69e804ac0718@group-CD32CE391285-LeaderElection10] INFO  impl.RoleInfo (RoleInfo.java:shutdownLeaderElection(130)) - 68d8656a-d62a-40ab-a15f-69e804ac0718: shutdown 68d8656a-d62a-40ab-a15f-69e804ac0718@group-CD32CE391285-LeaderElection10
2022-10-06 01:03:26,675 [68d8656a-d62a-40ab-a15f-69e804ac0718@group-CD32CE391285-LeaderElection10] INFO  server.RaftServer$Division (RaftServerImpl.java:setRole(299)) - 68d8656a-d62a-40ab-a15f-69e804ac0718@group-CD32CE391285: changes role from CANDIDATE to LEADER at term 2 for changeToLeader
2022-10-06 01:03:26,675 [68d8656a-d62a-40ab-a15f-69e804ac0718@group-CD32CE391285-LeaderElection10] INFO  ratis.XceiverServerRatis (XceiverServerRatis.java:handleLeaderChangedNotification(863)) - Leader change notification received for group: group-CD32CE391285 with new leaderId: 68d8656a-d62a-40ab-a15f-69e804ac0718
2022-10-06 01:03:26,675 [68d8656a-d62a-40ab-a15f-69e804ac0718@group-CD32CE391285-LeaderElection10] INFO  server.RaftServer$Division (ServerState.java:setLeader(287)) - 68d8656a-d62a-40ab-a15f-69e804ac0718@group-CD32CE391285: change Leader from null to 68d8656a-d62a-40ab-a15f-69e804ac0718 at term 2 for becomeLeader, leader elected after 9921ms
2022-10-06 01:03:26,675 [68d8656a-d62a-40ab-a15f-69e804ac0718@group-CD32CE391285-LeaderElection10] INFO  server.RaftServerConfigKeys (ConfUtils.java:logGet(46)) - raft.server.staging.catchup.gap = 1000 (default)
2022-10-06 01:03:26,675 [68d8656a-d62a-40ab-a15f-69e804ac0718@group-CD32CE391285-LeaderElection10] INFO  server.RaftServerConfigKeys (ConfUtils.java:logGet(46)) - raft.server.write.element-limit = 1024 (custom)
2022-10-06 01:03:26,675 [68d8656a-d62a-40ab-a15f-69e804ac0718@group-CD32CE391285-LeaderElection10] INFO  server.RaftServerConfigKeys (ConfUtils.java:logGet(46)) - raft.server.write.byte-limit = 1024 M (=1073741824) (custom)
2022-10-06 01:03:26,675 [68d8656a-d62a-40ab-a15f-69e804ac0718@group-CD32CE391285-LeaderElection10] INFO  server.RaftServerConfigKeys (ConfUtils.java:logGet(46)) - raft.server.watch.timeout = 180s (custom)
2022-10-06 01:03:26,675 [68d8656a-d62a-40ab-a15f-69e804ac0718@group-CD32CE391285-LeaderElection10] INFO  server.RaftServerConfigKeys (ConfUtils.java:logGet(46)) - raft.server.watch.timeout.denomination = 1s (default)
2022-10-06 01:03:26,675 [68d8656a-d62a-40ab-a15f-69e804ac0718@group-CD32CE391285-LeaderElection10] INFO  server.RaftServerConfigKeys (ConfUtils.java:logGet(46)) - raft.server.watch.element-limit = 65536 (default)
2022-10-06 01:03:26,676 [68d8656a-d62a-40ab-a15f-69e804ac0718@group-CD32CE391285-LeaderElection10] INFO  server.RaftServerConfigKeys (ConfUtils.java:logGet(46)) - raft.server.write.element-limit = 1024 (custom)
2022-10-06 01:03:26,676 [68d8656a-d62a-40ab-a15f-69e804ac0718@group-CD32CE391285-LeaderElection10] INFO  server.RaftServerConfigKeys (ConfUtils.java:logGet(46)) - raft.server.write.follower.gap.ratio.max = -1.0 (default)
2022-10-06 01:03:26,674 [grpc-default-executor-2] INFO  impl.VoteContext (VoteContext.java:log(48)) - 4b23e9ad-4c3b-4e5e-a325-f9b3b725a9ac@group-CD32CE391285-FOLLOWER: reject ELECTION from 326c038e-632d-4c6b-af42-d1fe452b3912: already has voted for 68d8656a-d62a-40ab-a15f-69e804ac0718 at current term 2
2022-10-06 01:03:26,678 [grpc-default-executor-2] INFO  server.RaftServer$Division (RaftServerImpl.java:requestVote(1184)) - 4b23e9ad-4c3b-4e5e-a325-f9b3b725a9ac@group-CD32CE391285 replies to ELECTION vote request: 326c038e-632d-4c6b-af42-d1fe452b3912<-4b23e9ad-4c3b-4e5e-a325-f9b3b725a9ac#0:FAIL-t2. Peer's state: 4b23e9ad-4c3b-4e5e-a325-f9b3b725a9ac@group-CD32CE391285:t2, leader=null, voted=68d8656a-d62a-40ab-a15f-69e804ac0718, raftlog=4b23e9ad-4c3b-4e5e-a325-f9b3b725a9ac@group-CD32CE391285-SegmentedRaftLog:OPENED:c-1, conf=-1: [326c038e-632d-4c6b-af42-d1fe452b3912|rpc:10.1.0.249:42785|priority:0, 68d8656a-d62a-40ab-a15f-69e804ac0718|rpc:10.1.0.249:40209|priority:1, 4b23e9ad-4c3b-4e5e-a325-f9b3b725a9ac|rpc:10.1.0.249:34691|priority:0], old=null
2022-10-06 01:03:26,686 [Listener at 127.0.0.1/34317] INFO  ozone.MiniOzoneClusterImpl (MiniOzoneClusterImpl.java:lambda$waitForClusterToBeReady$0(216)) - Nodes are ready. Got 5 of 5 DN Heartbeats.
2022-10-06 01:03:26,686 [Listener at 127.0.0.1/34317] INFO  ozone.MiniOzoneClusterImpl (MiniOzoneClusterImpl.java:lambda$waitForClusterToBeReady$0(219)) - Waiting for cluster to exit safe mode
2022-10-06 01:03:26,686 [Listener at 127.0.0.1/34317] INFO  ozone.MiniOzoneClusterImpl (MiniOzoneClusterImpl.java:lambda$waitForClusterToBeReady$0(221)) - SCM became leader
2022-10-06 01:03:26,687 [68d8656a-d62a-40ab-a15f-69e804ac0718@group-CD32CE391285-LeaderElection10] INFO  server.RaftServerConfigKeys (ConfUtils.java:logGet(46)) - raft.server.log.appender.snapshot.chunk.size.max = 16MB (=16777216) (default)
2022-10-06 01:03:26,687 [EventQueue-PipelineReportForPipelineReportHandler] INFO  pipeline.PipelineManagerImpl (PipelineManagerImpl.java:openPipeline(367)) - Pipeline Pipeline[ Id: 515c0481-039e-4385-ab7b-cd32ce391285, Nodes: 68d8656a-d62a-40ab-a15f-69e804ac0718{ip: 10.1.0.249, host: fv-az399-337.4urtqdmtpd2erju50p4tzyn2ng.bx.internal.cloudapp.net, ports: [REPLICATION=37929, RATIS=40209, RATIS_ADMIN=40209, RATIS_SERVER=40209, STANDALONE=39041], networkLocation: /default-rack, certSerialId: null, persistedOpState: IN_SERVICE, persistedOpStateExpiryEpochSec: 0}326c038e-632d-4c6b-af42-d1fe452b3912{ip: 10.1.0.249, host: fv-az399-337.4urtqdmtpd2erju50p4tzyn2ng.bx.internal.cloudapp.net, ports: [REPLICATION=45493, RATIS=42785, RATIS_ADMIN=42785, RATIS_SERVER=42785, STANDALONE=44145], networkLocation: /default-rack, certSerialId: null, persistedOpState: IN_SERVICE, persistedOpStateExpiryEpochSec: 0}4b23e9ad-4c3b-4e5e-a325-f9b3b725a9ac{ip: 10.1.0.249, host: fv-az399-337.4urtqdmtpd2erju50p4tzyn2ng.bx.internal.cloudapp.net, ports: [REPLICATION=36061, RATIS=34691, RATIS_ADMIN=34691, RATIS_SERVER=34691, STANDALONE=43161], networkLocation: /default-rack, certSerialId: null, persistedOpState: IN_SERVICE, persistedOpStateExpiryEpochSec: 0}, ReplicationConfig: RATIS/THREE, State:ALLOCATED, leaderId:68d8656a-d62a-40ab-a15f-69e804ac0718, CreationTimestamp2022-10-06T01:03:14.055Z[Etc/UTC]] moved to OPEN state
2022-10-06 01:03:26,691 [68d8656a-d62a-40ab-a15f-69e804ac0718@group-CD32CE391285-LeaderElection10] INFO  server.RaftServerConfigKeys (ConfUtils.java:logGet(46)) - raft.server.log.appender.buffer.byte-limit = 33554432 (custom)
2022-10-06 01:03:26,692 [68d8656a-d62a-40ab-a15f-69e804ac0718@group-CD32CE391285-LeaderElection10] INFO  server.RaftServerConfigKeys (ConfUtils.java:logGet(46)) - raft.server.log.appender.buffer.element-limit = 1 (custom)
2022-10-06 01:03:26,694 [68d8656a-d62a-40ab-a15f-69e804ac0718@group-CD32CE391285-LeaderElection10] INFO  grpc.GrpcConfigKeys (ConfUtils.java:logGet(46)) - raft.grpc.server.leader.outstanding.appends.max = 128 (default)
2022-10-06 01:03:26,694 [EventQueue-OpenPipelineForHealthyPipelineSafeModeRule] INFO  safemode.SCMSafeModeManager (HealthyPipelineSafeModeRule.java:process(137)) - SCM in safe mode. Healthy pipelines reported count is 1, required healthy pipeline reported count is 1
2022-10-06 01:03:26,698 [EventQueue-OpenPipelineForHealthyPipelineSafeModeRule] INFO  safemode.SCMSafeModeManager (SCMSafeModeManager.java:validateSafeModeExitRules(204)) - HealthyPipelineSafeModeRule rule is successfully validated
2022-10-06 01:03:26,698 [EventQueue-OpenPipelineForHealthyPipelineSafeModeRule] INFO  safemode.SCMSafeModeManager (SCMSafeModeManager.java:validateSafeModeExitRules(219)) - ScmSafeModeManager, all rules are successfully validated
2022-10-06 01:03:26,698 [EventQueue-OpenPipelineForHealthyPipelineSafeModeRule] INFO  safemode.SCMSafeModeManager (SCMSafeModeManager.java:exitSafeMode(248)) - SCM exiting safe mode.
2022-10-06 01:03:26,698 [EventQueue-OpenPipelineForHealthyPipelineSafeModeRule] WARN  events.EventQueue (EventQueue.java:fireEvent(216)) - No event handler registered for event TypedEvent{payloadType=SafeModeStatus, name='Safe mode status'}
2022-10-06 01:03:26,698 [EventQueue-OpenPipelineForHealthyPipelineSafeModeRule] INFO  ha.SCMContext (SCMContext.java:updateSafeModeStatus(228)) - Update SafeModeStatus from SafeModeStatus{safeModeStatus=true, preCheckPassed=true} to SafeModeStatus{safeModeStatus=false, preCheckPassed=true}.
2022-10-06 01:03:26,698 [EventQueue-OpenPipelineForHealthyPipelineSafeModeRule] INFO  pipeline.BackgroundPipelineCreator (BackgroundPipelineCreator.java:notifyStatusChanged(254)) - Service BackgroundPipelineCreator transitions to RUNNING.
2022-10-06 01:03:26,698 [EventQueue-OpenPipelineForHealthyPipelineSafeModeRule] INFO  BackgroundPipelineScrubber (BackgroundSCMService.java:notifyStatusChanged(82)) - Service BackgroundPipelineScrubber transitions to RUNNING.
2022-10-06 01:03:26,698 [EventQueue-OpenPipelineForHealthyPipelineSafeModeRule] INFO  ExpiredContainerReplicaOpScrubber (BackgroundSCMService.java:notifyStatusChanged(82)) - Service ExpiredContainerReplicaOpScrubber transitions to RUNNING.
2022-10-06 01:03:26,698 [EventQueue-OpenPipelineForHealthyPipelineSafeModeRule] INFO  replication.ReplicationManager (ReplicationManager.java:notifyStatusChanged(728)) - Service ReplicationManager transitions to RUNNING.
2022-10-06 01:03:26,694 [68d8656a-d62a-40ab-a15f-69e804ac0718@group-CD32CE391285-LeaderElection10] INFO  server.RaftServerConfigKeys (ConfUtils.java:logGet(46)) - raft.server.rpc.request.timeout = 60s (custom)
2022-10-06 01:03:26,699 [68d8656a-d62a-40ab-a15f-69e804ac0718@group-CD32CE391285-LeaderElection10] INFO  server.RaftServerConfigKeys (ConfUtils.java:logGet(46)) - raft.server.log.appender.install.snapshot.enabled = false (custom)
2022-10-06 01:03:26,701 [68d8656a-d62a-40ab-a15f-69e804ac0718@group-CD32CE391285-LeaderElection10] INFO  server.RaftServerConfigKeys (ConfUtils.java:logGet(46)) - raft.server.log.appender.snapshot.chunk.size.max = 16MB (=16777216) (default)
2022-10-06 01:03:26,701 [68d8656a-d62a-40ab-a15f-69e804ac0718@group-CD32CE391285-LeaderElection10] INFO  server.RaftServerConfigKeys (ConfUtils.java:logGet(46)) - raft.server.log.appender.buffer.byte-limit = 33554432 (custom)
2022-10-06 01:03:26,701 [68d8656a-d62a-40ab-a15f-69e804ac0718@group-CD32CE391285-LeaderElection10] INFO  server.RaftServerConfigKeys (ConfUtils.java:logGet(46)) - raft.server.log.appender.buffer.element-limit = 1 (custom)
2022-10-06 01:03:26,701 [68d8656a-d62a-40ab-a15f-69e804ac0718@group-CD32CE391285-LeaderElection10] INFO  grpc.GrpcConfigKeys (ConfUtils.java:logGet(46)) - raft.grpc.server.leader.outstanding.appends.max = 128 (default)
2022-10-06 01:03:26,701 [68d8656a-d62a-40ab-a15f-69e804ac0718@group-CD32CE391285-LeaderElection10] INFO  server.RaftServerConfigKeys (ConfUtils.java:logGet(46)) - raft.server.rpc.request.timeout = 60s (custom)
2022-10-06 01:03:26,701 [68d8656a-d62a-40ab-a15f-69e804ac0718@group-CD32CE391285-LeaderElection10] INFO  server.RaftServerConfigKeys (ConfUtils.java:logGet(46)) - raft.server.log.appender.install.snapshot.enabled = false (custom)
2022-10-06 01:03:26,702 [EventQueue-OpenPipelineForHealthyPipelineSafeModeRule] WARN  balancer.ContainerBalancer (ContainerBalancer.java:shouldRun(936)) - Could not find persisted configuration for ContainerBalancer when checking if ContainerBalancer should run. ContainerBalancer should not run now.
2022-10-06 01:03:26,702 [68d8656a-d62a-40ab-a15f-69e804ac0718@group-CD32CE391285-LeaderElection10] INFO  impl.RoleInfo (RoleInfo.java:updateAndGet(139)) - 68d8656a-d62a-40ab-a15f-69e804ac0718: start 68d8656a-d62a-40ab-a15f-69e804ac0718@group-CD32CE391285-LeaderStateImpl
2022-10-06 01:03:26,702 [68d8656a-d62a-40ab-a15f-69e804ac0718@group-CD32CE391285-LeaderElection10] INFO  segmented.SegmentedRaftLogWorker (SegmentedRaftLogWorker.java:startLogSegment(425)) - 68d8656a-d62a-40ab-a15f-69e804ac0718@group-CD32CE391285-SegmentedRaftLogWorker: Starting segment from index:0
2022-10-06 01:03:26,704 [68d8656a-d62a-40ab-a15f-69e804ac0718@group-CD32CE391285-SegmentedRaftLogWorker] INFO  segmented.SegmentedRaftLogWorker (SegmentedRaftLogWorker.java:execute(629)) - 68d8656a-d62a-40ab-a15f-69e804ac0718@group-CD32CE391285-SegmentedRaftLogWorker: created new log segment /home/runner/work/ozone/ozone/hadoop-ozone/integration-test/target/test-dir/MiniOzoneClusterImpl-cb9ba06c-8019-4b1a-b2e9-0b8ac0549875/datanode-1/data/ratis/515c0481-039e-4385-ab7b-cd32ce391285/current/log_inprogress_0
2022-10-06 01:03:26,710 [68d8656a-d62a-40ab-a15f-69e804ac0718@group-CD32CE391285-LeaderElection10] INFO  server.RaftServer$Division (ServerState.java:setRaftConf(393)) - 68d8656a-d62a-40ab-a15f-69e804ac0718@group-CD32CE391285: set configuration 0: [326c038e-632d-4c6b-af42-d1fe452b3912|rpc:10.1.0.249:42785|dataStream:|priority:0, 68d8656a-d62a-40ab-a15f-69e804ac0718|rpc:10.1.0.249:40209|dataStream:|priority:1, 4b23e9ad-4c3b-4e5e-a325-f9b3b725a9ac|rpc:10.1.0.249:34691|dataStream:|priority:0], old=null
2022-10-06 01:03:26,728 [4b23e9ad-4c3b-4e5e-a325-f9b3b725a9ac-server-thread1] INFO  ratis.XceiverServerRatis (XceiverServerRatis.java:handleLeaderChangedNotification(863)) - Leader change notification received for group: group-CD32CE391285 with new leaderId: 68d8656a-d62a-40ab-a15f-69e804ac0718
2022-10-06 01:03:26,728 [4b23e9ad-4c3b-4e5e-a325-f9b3b725a9ac-server-thread1] INFO  server.RaftServer$Division (ServerState.java:setLeader(287)) - 4b23e9ad-4c3b-4e5e-a325-f9b3b725a9ac@group-CD32CE391285: change Leader from null to 68d8656a-d62a-40ab-a15f-69e804ac0718 at term 2 for appendEntries, leader elected after 10376ms
2022-10-06 01:03:26,730 [326c038e-632d-4c6b-af42-d1fe452b3912-server-thread1] INFO  ratis.XceiverServerRatis (XceiverServerRatis.java:handleLeaderChangedNotification(863)) - Leader change notification received for group: group-CD32CE391285 with new leaderId: 68d8656a-d62a-40ab-a15f-69e804ac0718
2022-10-06 01:03:26,730 [326c038e-632d-4c6b-af42-d1fe452b3912-server-thread1] INFO  server.RaftServer$Division (ServerState.java:setLeader(287)) - 326c038e-632d-4c6b-af42-d1fe452b3912@group-CD32CE391285: change Leader from null to 68d8656a-d62a-40ab-a15f-69e804ac0718 at term 2 for appendEntries, leader elected after 9870ms
2022-10-06 01:03:26,743 [4b23e9ad-4c3b-4e5e-a325-f9b3b725a9ac-server-thread1] INFO  server.RaftServer$Division (ServerState.java:setRaftConf(393)) - 4b23e9ad-4c3b-4e5e-a325-f9b3b725a9ac@group-CD32CE391285: set configuration 0: [326c038e-632d-4c6b-af42-d1fe452b3912|rpc:10.1.0.249:42785|dataStream:|priority:0, 68d8656a-d62a-40ab-a15f-69e804ac0718|rpc:10.1.0.249:40209|dataStream:|priority:1, 4b23e9ad-4c3b-4e5e-a325-f9b3b725a9ac|rpc:10.1.0.249:34691|dataStream:|priority:0], old=null
2022-10-06 01:03:26,744 [4b23e9ad-4c3b-4e5e-a325-f9b3b725a9ac-server-thread1] INFO  segmented.SegmentedRaftLogWorker (SegmentedRaftLogWorker.java:startLogSegment(425)) - 4b23e9ad-4c3b-4e5e-a325-f9b3b725a9ac@group-CD32CE391285-SegmentedRaftLogWorker: Starting segment from index:0
2022-10-06 01:03:26,745 [4b23e9ad-4c3b-4e5e-a325-f9b3b725a9ac@group-CD32CE391285-SegmentedRaftLogWorker] INFO  segmented.SegmentedRaftLogWorker (SegmentedRaftLogWorker.java:execute(629)) - 4b23e9ad-4c3b-4e5e-a325-f9b3b725a9ac@group-CD32CE391285-SegmentedRaftLogWorker: created new log segment /home/runner/work/ozone/ozone/hadoop-ozone/integration-test/target/test-dir/MiniOzoneClusterImpl-cb9ba06c-8019-4b1a-b2e9-0b8ac0549875/datanode-0/data/ratis/515c0481-039e-4385-ab7b-cd32ce391285/current/log_inprogress_0
2022-10-06 01:03:26,754 [326c038e-632d-4c6b-af42-d1fe452b3912-server-thread1] INFO  server.RaftServer$Division (ServerState.java:setRaftConf(393)) - 326c038e-632d-4c6b-af42-d1fe452b3912@group-CD32CE391285: set configuration 0: [326c038e-632d-4c6b-af42-d1fe452b3912|rpc:10.1.0.249:42785|dataStream:|priority:0, 68d8656a-d62a-40ab-a15f-69e804ac0718|rpc:10.1.0.249:40209|dataStream:|priority:1, 4b23e9ad-4c3b-4e5e-a325-f9b3b725a9ac|rpc:10.1.0.249:34691|dataStream:|priority:0], old=null
2022-10-06 01:03:26,755 [326c038e-632d-4c6b-af42-d1fe452b3912-server-thread1] INFO  segmented.SegmentedRaftLogWorker (SegmentedRaftLogWorker.java:startLogSegment(425)) - 326c038e-632d-4c6b-af42-d1fe452b3912@group-CD32CE391285-SegmentedRaftLogWorker: Starting segment from index:0
2022-10-06 01:03:26,758 [326c038e-632d-4c6b-af42-d1fe452b3912@group-CD32CE391285-SegmentedRaftLogWorker] INFO  segmented.SegmentedRaftLogWorker (SegmentedRaftLogWorker.java:execute(629)) - 326c038e-632d-4c6b-af42-d1fe452b3912@group-CD32CE391285-SegmentedRaftLogWorker: created new log segment /home/runner/work/ozone/ozone/hadoop-ozone/integration-test/target/test-dir/MiniOzoneClusterImpl-cb9ba06c-8019-4b1a-b2e9-0b8ac0549875/datanode-2/data/ratis/515c0481-039e-4385-ab7b-cd32ce391285/current/log_inprogress_0
2022-10-06 01:03:27,127 [68d8656a-d62a-40ab-a15f-69e804ac0718@group-9B53D1D8130A-FollowerState] INFO  impl.FollowerState (FollowerState.java:run(143)) - 68d8656a-d62a-40ab-a15f-69e804ac0718@group-9B53D1D8130A-FollowerState: change to CANDIDATE, lastRpcElapsedTime:5070557250ns, electionTimeout:5070ms
2022-10-06 01:03:27,127 [68d8656a-d62a-40ab-a15f-69e804ac0718@group-9B53D1D8130A-FollowerState] INFO  impl.RoleInfo (RoleInfo.java:shutdownFollowerState(110)) - 68d8656a-d62a-40ab-a15f-69e804ac0718: shutdown 68d8656a-d62a-40ab-a15f-69e804ac0718@group-9B53D1D8130A-FollowerState
2022-10-06 01:03:27,127 [68d8656a-d62a-40ab-a15f-69e804ac0718@group-9B53D1D8130A-FollowerState] INFO  server.RaftServer$Division (RaftServerImpl.java:setRole(299)) - 68d8656a-d62a-40ab-a15f-69e804ac0718@group-9B53D1D8130A: changes role from  FOLLOWER to CANDIDATE at term 1 for changeToCandidate
2022-10-06 01:03:27,127 [68d8656a-d62a-40ab-a15f-69e804ac0718@group-9B53D1D8130A-FollowerState] INFO  server.RaftServerConfigKeys (ConfUtils.java:logGet(46)) - raft.server.leaderelection.pre-vote = false (custom)
2022-10-06 01:03:27,127 [68d8656a-d62a-40ab-a15f-69e804ac0718@group-9B53D1D8130A-FollowerState] INFO  impl.RoleInfo (RoleInfo.java:updateAndGet(139)) - 68d8656a-d62a-40ab-a15f-69e804ac0718: start 68d8656a-d62a-40ab-a15f-69e804ac0718@group-9B53D1D8130A-LeaderElection11
2022-10-06 01:03:27,130 [68d8656a-d62a-40ab-a15f-69e804ac0718@group-9B53D1D8130A-LeaderElection11] INFO  impl.LeaderElection (LeaderElection.java:askForVotes(310)) - 68d8656a-d62a-40ab-a15f-69e804ac0718@group-9B53D1D8130A-LeaderElection11 ELECTION round 0: submit vote requests at term 2 for -1: [326c038e-632d-4c6b-af42-d1fe452b3912|rpc:10.1.0.249:42785|priority:1, 68d8656a-d62a-40ab-a15f-69e804ac0718|rpc:10.1.0.249:40209|priority:0, 4b23e9ad-4c3b-4e5e-a325-f9b3b725a9ac|rpc:10.1.0.249:34691|priority:0], old=null
2022-10-06 01:03:27,134 [grpc-default-executor-0] INFO  server.RaftServer$Division (RaftServerImpl.java:requestVote(1152)) - 4b23e9ad-4c3b-4e5e-a325-f9b3b725a9ac@group-9B53D1D8130A: receive requestVote(ELECTION, 68d8656a-d62a-40ab-a15f-69e804ac0718, group-9B53D1D8130A, 2, (t:0, i:0))
2022-10-06 01:03:27,134 [grpc-default-executor-0] INFO  impl.VoteContext (VoteContext.java:log(48)) - 4b23e9ad-4c3b-4e5e-a325-f9b3b725a9ac@group-9B53D1D8130A-FOLLOWER: accept ELECTION from 68d8656a-d62a-40ab-a15f-69e804ac0718: our priority 0 <= candidate's priority 0
2022-10-06 01:03:27,135 [grpc-default-executor-0] INFO  server.RaftServer$Division (RaftServerImpl.java:setRole(299)) - 4b23e9ad-4c3b-4e5e-a325-f9b3b725a9ac@group-9B53D1D8130A: changes role from  FOLLOWER to FOLLOWER at term 2 for candidate:68d8656a-d62a-40ab-a15f-69e804ac0718
2022-10-06 01:03:27,135 [grpc-default-executor-0] INFO  impl.RoleInfo (RoleInfo.java:shutdownFollowerState(110)) - 4b23e9ad-4c3b-4e5e-a325-f9b3b725a9ac: shutdown 4b23e9ad-4c3b-4e5e-a325-f9b3b725a9ac@group-9B53D1D8130A-FollowerState
2022-10-06 01:03:27,135 [grpc-default-executor-2] INFO  server.RaftServer$Division (RaftServerImpl.java:requestVote(1152)) - 326c038e-632d-4c6b-af42-d1fe452b3912@group-9B53D1D8130A: receive requestVote(ELECTION, 68d8656a-d62a-40ab-a15f-69e804ac0718, group-9B53D1D8130A, 2, (t:0, i:0))
2022-10-06 01:03:27,135 [4b23e9ad-4c3b-4e5e-a325-f9b3b725a9ac@group-9B53D1D8130A-FollowerState] INFO  impl.FollowerState (FollowerState.java:run(152)) - 4b23e9ad-4c3b-4e5e-a325-f9b3b725a9ac@group-9B53D1D8130A-FollowerState was interrupted
2022-10-06 01:03:27,135 [grpc-default-executor-0] INFO  impl.RoleInfo (RoleInfo.java:updateAndGet(139)) - 4b23e9ad-4c3b-4e5e-a325-f9b3b725a9ac: start 4b23e9ad-4c3b-4e5e-a325-f9b3b725a9ac@group-9B53D1D8130A-FollowerState
2022-10-06 01:03:27,137 [grpc-default-executor-2] INFO  impl.VoteContext (VoteContext.java:log(48)) - 326c038e-632d-4c6b-af42-d1fe452b3912@group-9B53D1D8130A-FOLLOWER: reject ELECTION from 68d8656a-d62a-40ab-a15f-69e804ac0718: our priority 1 > candidate's priority 0
2022-10-06 01:03:27,137 [grpc-default-executor-2] INFO  server.RaftServer$Division (RaftServerImpl.java:setRole(299)) - 326c038e-632d-4c6b-af42-d1fe452b3912@group-9B53D1D8130A: changes role from  FOLLOWER to FOLLOWER at term 2 for candidate:68d8656a-d62a-40ab-a15f-69e804ac0718
2022-10-06 01:03:27,138 [grpc-default-executor-2] INFO  impl.RoleInfo (RoleInfo.java:shutdownFollowerState(110)) - 326c038e-632d-4c6b-af42-d1fe452b3912: shutdown 326c038e-632d-4c6b-af42-d1fe452b3912@group-9B53D1D8130A-FollowerState
2022-10-06 01:03:27,138 [grpc-default-executor-2] INFO  impl.RoleInfo (RoleInfo.java:updateAndGet(139)) - 326c038e-632d-4c6b-af42-d1fe452b3912: start 326c038e-632d-4c6b-af42-d1fe452b3912@group-9B53D1D8130A-FollowerState
2022-10-06 01:03:27,140 [326c038e-632d-4c6b-af42-d1fe452b3912@group-9B53D1D8130A-FollowerState] INFO  impl.FollowerState (FollowerState.java:run(152)) - 326c038e-632d-4c6b-af42-d1fe452b3912@group-9B53D1D8130A-FollowerState was interrupted
2022-10-06 01:03:27,142 [grpc-default-executor-0] INFO  server.RaftServer$Division (RaftServerImpl.java:requestVote(1184)) - 4b23e9ad-4c3b-4e5e-a325-f9b3b725a9ac@group-9B53D1D8130A replies to ELECTION vote request: 68d8656a-d62a-40ab-a15f-69e804ac0718<-4b23e9ad-4c3b-4e5e-a325-f9b3b725a9ac#0:OK-t2. Peer's state: 4b23e9ad-4c3b-4e5e-a325-f9b3b725a9ac@group-9B53D1D8130A:t2, leader=null, voted=68d8656a-d62a-40ab-a15f-69e804ac0718, raftlog=4b23e9ad-4c3b-4e5e-a325-f9b3b725a9ac@group-9B53D1D8130A-SegmentedRaftLog:OPENED:c-1, conf=-1: [326c038e-632d-4c6b-af42-d1fe452b3912|rpc:10.1.0.249:42785|priority:1, 68d8656a-d62a-40ab-a15f-69e804ac0718|rpc:10.1.0.249:40209|priority:0, 4b23e9ad-4c3b-4e5e-a325-f9b3b725a9ac|rpc:10.1.0.249:34691|priority:0], old=null
2022-10-06 01:03:27,143 [grpc-default-executor-2] INFO  server.RaftServer$Division (RaftServerImpl.java:requestVote(1184)) - 326c038e-632d-4c6b-af42-d1fe452b3912@group-9B53D1D8130A replies to ELECTION vote request: 68d8656a-d62a-40ab-a15f-69e804ac0718<-326c038e-632d-4c6b-af42-d1fe452b3912#0:FAIL-t2. Peer's state: 326c038e-632d-4c6b-af42-d1fe452b3912@group-9B53D1D8130A:t2, leader=null, voted=null, raftlog=326c038e-632d-4c6b-af42-d1fe452b3912@group-9B53D1D8130A-SegmentedRaftLog:OPENED:c-1, conf=-1: [326c038e-632d-4c6b-af42-d1fe452b3912|rpc:10.1.0.249:42785|dataStream:|priority:1, 68d8656a-d62a-40ab-a15f-69e804ac0718|rpc:10.1.0.249:40209|dataStream:|priority:0, 4b23e9ad-4c3b-4e5e-a325-f9b3b725a9ac|rpc:10.1.0.249:34691|dataStream:|priority:0], old=null
2022-10-06 01:03:27,144 [68d8656a-d62a-40ab-a15f-69e804ac0718@group-9B53D1D8130A-LeaderElection11] INFO  impl.LeaderElection (LeaderElection.java:logAndReturn(90)) - 68d8656a-d62a-40ab-a15f-69e804ac0718@group-9B53D1D8130A-LeaderElection11: ELECTION REJECTED received 1 response(s) and 0 exception(s):
2022-10-06 01:03:27,145 [68d8656a-d62a-40ab-a15f-69e804ac0718@group-9B53D1D8130A-LeaderElection11] INFO  impl.LeaderElection (LeaderElection.java:logAndReturn(94)) -   Response 0: 68d8656a-d62a-40ab-a15f-69e804ac0718<-326c038e-632d-4c6b-af42-d1fe452b3912#0:FAIL-t2
2022-10-06 01:03:27,145 [68d8656a-d62a-40ab-a15f-69e804ac0718@group-9B53D1D8130A-LeaderElection11] INFO  impl.LeaderElection (LeaderElection.java:askForVotes(312)) - 68d8656a-d62a-40ab-a15f-69e804ac0718@group-9B53D1D8130A-LeaderElection11 ELECTION round 0: result REJECTED
2022-10-06 01:03:27,145 [68d8656a-d62a-40ab-a15f-69e804ac0718@group-9B53D1D8130A-LeaderElection11] INFO  server.RaftServer$Division (RaftServerImpl.java:setRole(299)) - 68d8656a-d62a-40ab-a15f-69e804ac0718@group-9B53D1D8130A: changes role from CANDIDATE to FOLLOWER at term 2 for REJECTED
2022-10-06 01:03:27,147 [68d8656a-d62a-40ab-a15f-69e804ac0718@group-9B53D1D8130A-LeaderElection11] INFO  impl.RoleInfo (RoleInfo.java:shutdownLeaderElection(130)) - 68d8656a-d62a-40ab-a15f-69e804ac0718: shutdown 68d8656a-d62a-40ab-a15f-69e804ac0718@group-9B53D1D8130A-LeaderElection11
2022-10-06 01:03:27,147 [68d8656a-d62a-40ab-a15f-69e804ac0718@group-9B53D1D8130A-LeaderElection11] INFO  impl.RoleInfo (RoleInfo.java:updateAndGet(139)) - 68d8656a-d62a-40ab-a15f-69e804ac0718: start 68d8656a-d62a-40ab-a15f-69e804ac0718@group-9B53D1D8130A-FollowerState
2022-10-06 01:03:27,686 [Listener at 127.0.0.1/34317] INFO  ozone.MiniOzoneClusterImpl (MiniOzoneClusterImpl.java:lambda$waitForClusterToBeReady$0(216)) - Nodes are ready. Got 5 of 5 DN Heartbeats.
2022-10-06 01:03:27,687 [Listener at 127.0.0.1/34317] INFO  ozone.MiniOzoneClusterImpl (MiniOzoneClusterImpl.java:lambda$waitForClusterToBeReady$0(219)) - Cluster exits safe mode
2022-10-06 01:03:27,687 [Listener at 127.0.0.1/34317] INFO  ozone.MiniOzoneClusterImpl (MiniOzoneClusterImpl.java:lambda$waitForClusterToBeReady$0(221)) - SCM became leader
2022-10-06 01:03:28,302 [Time-limited test] INFO  rpc.RpcClient (RpcClient.java:createVolume(471)) - Creating Volume: volume53843, with user38841 as owner and space quota set to -1 bytes, counts quota set to -1
2022-10-06 01:03:28,340 [OM StateMachine ApplyTransaction Thread - 0] INFO  volume.OMVolumeCreateRequest (OMVolumeCreateRequest.java:validateAndUpdateCache(195)) - created volume:volume53843 for user:user38841
2022-10-06 01:03:28,360 [Time-limited test] INFO  rpc.RpcClient (RpcClient.java:createBucket(674)) - Creating Bucket: volume53843/bucket19465, with bucket layout FILE_SYSTEM_OPTIMIZED, runner as owner, Versioning false, Storage Type set to DISK and Encryption set to false 
2022-10-06 01:03:28,376 [OM StateMachine ApplyTransaction Thread - 0] INFO  bucket.OMBucketCreateRequest (OMBucketCreateRequest.java:validateAndUpdateCache(260)) - created bucket: bucket19465 of layout FILE_SYSTEM_OPTIMIZED in volume: volume53843
2022-10-06 01:03:28,430 [Time-limited test] INFO  ozone.TestRootedOzoneFileSystemWithFSO (TestRootedOzoneFileSystemWithFSO.java:testRenameDir(148)) - Created dir /volume53843/bucket19465/dir1/sub_dir1
2022-10-06 01:03:28,430 [Time-limited test] INFO  ozone.TestRootedOzoneFileSystemWithFSO (TestRootedOzoneFileSystemWithFSO.java:testRenameDir(149)) - Will move /volume53843/bucket19465/dir1 to /volume53843/bucket19465/dir1.renamed
]]></system-out>
  </testcase>
  <testcase name="testRenameDir" classname="TestRootedOzoneFileSystemWithFSO" time="0.169">
    <system-out><![CDATA[2022-10-06 01:04:11,961 [Listener at 127.0.0.1/34317] INFO  ozone.MiniOzoneClusterImpl (MiniOzoneClusterImpl.java:shutdown(448)) - Shutting down the Mini Ozone Cluster
2022-10-06 01:04:11,961 [Listener at 127.0.0.1/34317] INFO  ozone.MiniOzoneClusterImpl (MiniOzoneClusterImpl.java:stop(463)) - Stopping the Mini Ozone Cluster
2022-10-06 01:04:11,961 [Listener at 127.0.0.1/34317] INFO  ozone.MiniOzoneClusterImpl (MiniOzoneClusterImpl.java:stopOM(545)) - Stopping the OzoneManager
2022-10-06 01:04:11,961 [Listener at 127.0.0.1/34317] INFO  om.OzoneManager (OzoneManager.java:stop(2036)) - om1[localhost:0]: Stopping Ozone Manager
2022-10-06 01:04:11,961 [Listener at 127.0.0.1/34317] INFO  ipc.Server (Server.java:stop(3414)) - Stopping server on 34317
2022-10-06 01:04:11,970 [IPC Server listener on 0] INFO  ipc.Server (Server.java:run(1376)) - Stopping IPC Server listener on 0
2022-10-06 01:04:11,971 [IPC Server Responder] INFO  ipc.Server (Server.java:run(1512)) - Stopping IPC Server Responder
2022-10-06 01:04:11,972 [Listener at 127.0.0.1/34317] INFO  server.RaftServer (RaftServerProxy.java:lambda$close$7(398)) - om1: close
2022-10-06 01:04:11,972 [Listener at 127.0.0.1/34317] INFO  server.RaftServer$Division (RaftServerImpl.java:lambda$close$4(434)) - om1@group-C5BA1605619E: shutdown
2022-10-06 01:04:11,972 [Listener at 127.0.0.1/34317] INFO  util.JmxRegister (JmxRegister.java:unregister(73)) - Successfully un-registered JMX Bean with object name Ratis:service=RaftServer,group=group-C5BA1605619E,id=om1
2022-10-06 01:04:11,973 [Listener at 127.0.0.1/34317] INFO  impl.RoleInfo (RoleInfo.java:shutdownLeaderState(93)) - om1: shutdown om1@group-C5BA1605619E-LeaderStateImpl
2022-10-06 01:04:11,973 [Listener at 127.0.0.1/34317] INFO  impl.PendingRequests (PendingRequests.java:sendNotLeaderResponses(282)) - om1@group-C5BA1605619E-PendingRequests: sendNotLeaderResponses
2022-10-06 01:04:11,976 [Listener at 127.0.0.1/34317] INFO  impl.StateMachineUpdater (StateMachineUpdater.java:stopAndJoin(153)) - om1@group-C5BA1605619E-StateMachineUpdater: set stopIndex = 40712
2022-10-06 01:04:11,976 [om1@group-C5BA1605619E-StateMachineUpdater] INFO  ratis.OzoneManagerStateMachine (OzoneManagerStateMachine.java:takeSnapshot(441)) - Current Snapshot Index (t:1, i:40712)
2022-10-06 01:04:11,978 [om1@group-C5BA1605619E-StateMachineUpdater] INFO  impl.StateMachineUpdater (StateMachineUpdater.java:takeSnapshot(287)) - om1@group-C5BA1605619E-StateMachineUpdater: Took a snapshot at index 40712
2022-10-06 01:04:11,978 [om1@group-C5BA1605619E-StateMachineUpdater] INFO  impl.StateMachineUpdater (StateMachineUpdater.java:lambda$new$0(92)) - om1@group-C5BA1605619E-StateMachineUpdater: snapshotIndex: updateIncreasingly -1 -> 40712
2022-10-06 01:04:11,978 [om1@group-C5BA1605619E-StateMachineUpdater] INFO  ratis.OzoneManagerStateMachine (OzoneManagerStateMachine.java:close(495)) - StateMachine has shutdown. Shutdown OzoneManager if not already shutdown.
2022-10-06 01:04:11,978 [om1@group-C5BA1605619E-StateMachineUpdater] INFO  ratis.OzoneManagerDoubleBuffer (OzoneManagerDoubleBuffer.java:stop(466)) - Stopping OMDoubleBuffer flush thread
2022-10-06 01:04:11,978 [OMDoubleBufferFlushThread] INFO  ratis.OzoneManagerDoubleBuffer (OzoneManagerDoubleBuffer.java:flushTransactions(385)) - OMDoubleBuffer flush thread OMDoubleBufferFlushThread is interrupted and will exit.
2022-10-06 01:04:11,980 [Listener at 127.0.0.1/34317] INFO  server.RaftServer$Division (ServerState.java:close(429)) - om1@group-C5BA1605619E: closes. applyIndex: 40712
2022-10-06 01:04:11,983 [om1@group-C5BA1605619E-SegmentedRaftLogWorker] INFO  segmented.SegmentedRaftLogWorker (SegmentedRaftLogWorker.java:run(336)) - om1@group-C5BA1605619E-SegmentedRaftLogWorker was interrupted, exiting. There are 0 tasks remaining in the queue.
2022-10-06 01:04:11,984 [Listener at 127.0.0.1/34317] INFO  segmented.SegmentedRaftLogWorker (SegmentedRaftLogWorker.java:close(246)) - om1@group-C5BA1605619E-SegmentedRaftLogWorker close()
2022-10-06 01:04:11,985 [Listener at 127.0.0.1/34317] INFO  server.GrpcService (GrpcService.java:closeImpl(269)) - om1: shutdown server with port 9872 now
2022-10-06 01:04:11,992 [Listener at 127.0.0.1/34317] INFO  server.GrpcService (GrpcService.java:closeImpl(278)) - om1: shutdown server with port 9872 successfully
2022-10-06 01:04:11,992 [org.apache.ratis.util.JvmPauseMonitor$$Lambda$619/277409773@7921a93] INFO  util.JvmPauseMonitor (JvmPauseMonitor.java:run(109)) - JvmPauseMonitor-om1: Stopped
2022-10-06 01:04:11,992 [Listener at 127.0.0.1/34317] INFO  ratis.OzoneManagerStateMachine (OzoneManagerStateMachine.java:close(495)) - StateMachine has shutdown. Shutdown OzoneManager if not already shutdown.
2022-10-06 01:04:11,992 [Listener at 127.0.0.1/34317] INFO  ratis.OzoneManagerDoubleBuffer (OzoneManagerDoubleBuffer.java:stop(478)) - OMDoubleBuffer flush thread is not running.
2022-10-06 01:04:11,992 [Listener at 127.0.0.1/34317] INFO  utils.BackgroundService (BackgroundService.java:shutdown(141)) - Shutting down service KeyDeletingService
2022-10-06 01:04:11,992 [Listener at 127.0.0.1/34317] INFO  utils.BackgroundService (BackgroundService.java:shutdown(141)) - Shutting down service DirectoryDeletingService
2022-10-06 01:04:11,992 [Listener at 127.0.0.1/34317] INFO  utils.BackgroundService (BackgroundService.java:shutdown(141)) - Shutting down service OpenKeyCleanupService
2022-10-06 01:04:11,994 [Listener at 127.0.0.1/34317] INFO  handler.ContextHandler (ContextHandler.java:doStop(1153)) - Stopped o.e.j.w.WebAppContext@6dc92399{ozoneManager,/,null,STOPPED}{file:/home/runner/work/ozone/ozone/hadoop-ozone/integration-test/target/test-classes/webapps/ozoneManager}
2022-10-06 01:04:11,997 [Listener at 127.0.0.1/34317] INFO  server.AbstractConnector (AbstractConnector.java:doStop(381)) - Stopped ServerConnector@2d12dc1{HTTP/1.1, (http/1.1)}{0.0.0.0:0}
2022-10-06 01:04:11,997 [Listener at 127.0.0.1/34317] INFO  server.session (HouseKeeper.java:stopScavenging(149)) - node0 Stopped scavenging
2022-10-06 01:04:11,998 [Listener at 127.0.0.1/34317] INFO  handler.ContextHandler (ContextHandler.java:doStop(1153)) - Stopped o.e.j.s.ServletContextHandler@1476359e{static,/static,file:///home/runner/work/ozone/ozone/hadoop-ozone/integration-test/target/test-classes/webapps/static,STOPPED}
2022-10-06 01:04:11,998 [Listener at 127.0.0.1/34317] INFO  handler.ContextHandler (ContextHandler.java:doStop(1153)) - Stopped o.e.j.s.ServletContextHandler@3137a5cf{logs,/logs,file:///home/runner/work/ozone/ozone/hadoop-ozone/integration-test/target/log,STOPPED}
2022-10-06 01:04:11,999 [Trash Emptier] ERROR util.ExitUtils (ExitUtils.java:terminate(133)) - Terminating with exit status -1: Thread[Trash Emptier,5,main] has thrown an uncaught exception
java.lang.UnsupportedOperationException: fs.getUri() not implemented in TrashOzoneFileSystem
	at org.apache.hadoop.ozone.om.TrashOzoneFileSystem.getUri(TrashOzoneFileSystem.java:126)
	at org.apache.hadoop.fs.FileSystem.close(FileSystem.java:2592)
	at org.apache.hadoop.ozone.om.TrashPolicyOzone$Emptier.run(TrashPolicyOzone.java:243)
	at java.lang.Thread.run(Thread.java:750)
2022-10-06 01:04:12,006 [Listener at 127.0.0.1/34317] INFO  ozone.MiniOzoneClusterImpl (MiniOzoneClusterImpl.java:stopDatanodes(522)) - Stopping the HddsDatanodes
2022-10-06 01:04:17,009 [Listener at 127.0.0.1/34317] INFO  ozoneimpl.OzoneContainer (OzoneContainer.java:stop(400)) - Attempting to stop container services.
2022-10-06 01:04:17,009 [ForkJoinPool.commonPool-worker-0] INFO  ozoneimpl.OzoneContainer (OzoneContainer.java:stop(400)) - Attempting to stop container services.
2022-10-06 01:04:17,013 [Listener at 127.0.0.1/34317] INFO  server.RaftServer (RaftServerProxy.java:lambda$close$7(398)) - 326c038e-632d-4c6b-af42-d1fe452b3912: close
2022-10-06 01:04:17,013 [ForkJoinPool.commonPool-worker-0] INFO  server.RaftServer (RaftServerProxy.java:lambda$close$7(398)) - 68d8656a-d62a-40ab-a15f-69e804ac0718: close
2022-10-06 01:04:17,014 [Listener at 127.0.0.1/34317] INFO  server.RaftServer$Division (RaftServerImpl.java:lambda$close$4(434)) - 326c038e-632d-4c6b-af42-d1fe452b3912@group-CD32CE391285: shutdown
2022-10-06 01:04:17,014 [ForkJoinPool.commonPool-worker-0] INFO  server.RaftServer$Division (RaftServerImpl.java:lambda$close$4(434)) - 68d8656a-d62a-40ab-a15f-69e804ac0718@group-CD32CE391285: shutdown
2022-10-06 01:04:17,014 [Listener at 127.0.0.1/34317] INFO  util.JmxRegister (JmxRegister.java:unregister(73)) - Successfully un-registered JMX Bean with object name Ratis:service=RaftServer,group=group-CD32CE391285,id=326c038e-632d-4c6b-af42-d1fe452b3912
2022-10-06 01:04:17,014 [ForkJoinPool.commonPool-worker-0] INFO  util.JmxRegister (JmxRegister.java:unregister(73)) - Successfully un-registered JMX Bean with object name Ratis:service=RaftServer,group=group-CD32CE391285,id=68d8656a-d62a-40ab-a15f-69e804ac0718
2022-10-06 01:04:17,014 [Listener at 127.0.0.1/34317] INFO  impl.RoleInfo (RoleInfo.java:shutdownFollowerState(110)) - 326c038e-632d-4c6b-af42-d1fe452b3912: shutdown 326c038e-632d-4c6b-af42-d1fe452b3912@group-CD32CE391285-FollowerState
2022-10-06 01:04:17,014 [ForkJoinPool.commonPool-worker-0] INFO  impl.RoleInfo (RoleInfo.java:shutdownLeaderState(93)) - 68d8656a-d62a-40ab-a15f-69e804ac0718: shutdown 68d8656a-d62a-40ab-a15f-69e804ac0718@group-CD32CE391285-LeaderStateImpl
2022-10-06 01:04:17,014 [326c038e-632d-4c6b-af42-d1fe452b3912@group-CD32CE391285-StateMachineUpdater] INFO  ratis.ContainerStateMachine (ContainerStateMachine.java:takeSnapshot(304)) - group-CD32CE391285: Taking a snapshot at:(t:2, i:32) file /home/runner/work/ozone/ozone/hadoop-ozone/integration-test/target/test-dir/MiniOzoneClusterImpl-cb9ba06c-8019-4b1a-b2e9-0b8ac0549875/datanode-2/data/ratis/515c0481-039e-4385-ab7b-cd32ce391285/sm/snapshot.2_32
2022-10-06 01:04:17,015 [68d8656a-d62a-40ab-a15f-69e804ac0718@group-CD32CE391285->4b23e9ad-4c3b-4e5e-a325-f9b3b725a9ac-GrpcLogAppender-LogAppenderDaemon] WARN  server.GrpcLogAppender (GrpcLogAppender.java:mayWait(171)) - 68d8656a-d62a-40ab-a15f-69e804ac0718@group-CD32CE391285->4b23e9ad-4c3b-4e5e-a325-f9b3b725a9ac-GrpcLogAppender: Wait interrupted by java.lang.InterruptedException
2022-10-06 01:04:17,014 [326c038e-632d-4c6b-af42-d1fe452b3912@group-CD32CE391285-FollowerState] INFO  impl.FollowerState (FollowerState.java:run(152)) - 326c038e-632d-4c6b-af42-d1fe452b3912@group-CD32CE391285-FollowerState was interrupted
2022-10-06 01:04:17,014 [ForkJoinPool.commonPool-worker-0] INFO  impl.PendingRequests (PendingRequests.java:sendNotLeaderResponses(282)) - 68d8656a-d62a-40ab-a15f-69e804ac0718@group-CD32CE391285-PendingRequests: sendNotLeaderResponses
2022-10-06 01:04:17,015 [68d8656a-d62a-40ab-a15f-69e804ac0718@group-CD32CE391285->326c038e-632d-4c6b-af42-d1fe452b3912-GrpcLogAppender-LogAppenderDaemon] WARN  server.GrpcLogAppender (GrpcLogAppender.java:mayWait(171)) - 68d8656a-d62a-40ab-a15f-69e804ac0718@group-CD32CE391285->326c038e-632d-4c6b-af42-d1fe452b3912-GrpcLogAppender: Wait interrupted by java.lang.InterruptedException
2022-10-06 01:04:17,020 [ForkJoinPool.commonPool-worker-0] INFO  impl.StateMachineUpdater (StateMachineUpdater.java:stopAndJoin(153)) - 68d8656a-d62a-40ab-a15f-69e804ac0718@group-CD32CE391285-StateMachineUpdater: set stopIndex = 32
2022-10-06 01:04:17,020 [68d8656a-d62a-40ab-a15f-69e804ac0718@group-CD32CE391285-StateMachineUpdater] INFO  ratis.ContainerStateMachine (ContainerStateMachine.java:takeSnapshot(304)) - group-CD32CE391285: Taking a snapshot at:(t:2, i:32) file /home/runner/work/ozone/ozone/hadoop-ozone/integration-test/target/test-dir/MiniOzoneClusterImpl-cb9ba06c-8019-4b1a-b2e9-0b8ac0549875/datanode-1/data/ratis/515c0481-039e-4385-ab7b-cd32ce391285/sm/snapshot.2_32
2022-10-06 01:04:17,020 [Listener at 127.0.0.1/34317] INFO  impl.StateMachineUpdater (StateMachineUpdater.java:stopAndJoin(153)) - 326c038e-632d-4c6b-af42-d1fe452b3912@group-CD32CE391285-StateMachineUpdater: set stopIndex = 32
2022-10-06 01:04:17,021 [grpc-default-executor-0] INFO  server.GrpcServerProtocolService (GrpcServerProtocolService.java:onCompleted(140)) - 4b23e9ad-4c3b-4e5e-a325-f9b3b725a9ac: Completed APPEND_ENTRIES, lastRequest: 68d8656a-d62a-40ab-a15f-69e804ac0718->4b23e9ad-4c3b-4e5e-a325-f9b3b725a9ac#516-t2,previous=(t:2, i:31),leaderCommit=30,initializing? true,entries: size=1, first=(t:2, i:32), METADATAENTRY(c:30)
2022-10-06 01:04:17,021 [grpc-default-executor-3] INFO  server.GrpcServerProtocolService (GrpcServerProtocolService.java:onCompleted(140)) - 326c038e-632d-4c6b-af42-d1fe452b3912: Completed APPEND_ENTRIES, lastRequest: 68d8656a-d62a-40ab-a15f-69e804ac0718->326c038e-632d-4c6b-af42-d1fe452b3912#518-t2,previous=(t:2, i:31),leaderCommit=30,initializing? true,entries: size=1, first=(t:2, i:32), METADATAENTRY(c:30)
2022-10-06 01:04:17,023 [grpc-default-executor-1] INFO  server.GrpcLogAppender (GrpcLogAppender.java:onCompleted(339)) - 68d8656a-d62a-40ab-a15f-69e804ac0718@group-CD32CE391285->4b23e9ad-4c3b-4e5e-a325-f9b3b725a9ac-AppendLogResponseHandler: follower responses appendEntries COMPLETED
2022-10-06 01:04:17,023 [grpc-default-executor-3] INFO  server.GrpcLogAppender (GrpcLogAppender.java:onCompleted(339)) - 68d8656a-d62a-40ab-a15f-69e804ac0718@group-CD32CE391285->326c038e-632d-4c6b-af42-d1fe452b3912-AppendLogResponseHandler: follower responses appendEntries COMPLETED
2022-10-06 01:04:17,026 [grpc-default-executor-3] INFO  leader.FollowerInfo (FollowerInfoImpl.java:lambda$new$0(48)) - 68d8656a-d62a-40ab-a15f-69e804ac0718@group-CD32CE391285->326c038e-632d-4c6b-af42-d1fe452b3912: nextIndex: updateUnconditionally 33 -> 32
2022-10-06 01:04:17,032 [grpc-default-executor-1] INFO  leader.FollowerInfo (FollowerInfoImpl.java:lambda$new$0(48)) - 68d8656a-d62a-40ab-a15f-69e804ac0718@group-CD32CE391285->4b23e9ad-4c3b-4e5e-a325-f9b3b725a9ac: nextIndex: updateUnconditionally 33 -> 32
2022-10-06 01:04:17,054 [326c038e-632d-4c6b-af42-d1fe452b3912@group-CD32CE391285-StateMachineUpdater] INFO  ratis.ContainerStateMachine (ContainerStateMachine.java:takeSnapshot(315)) - group-CD32CE391285: Finished taking a snapshot at:(t:2, i:32) file:/home/runner/work/ozone/ozone/hadoop-ozone/integration-test/target/test-dir/MiniOzoneClusterImpl-cb9ba06c-8019-4b1a-b2e9-0b8ac0549875/datanode-2/data/ratis/515c0481-039e-4385-ab7b-cd32ce391285/sm/snapshot.2_32 took: 40 ms
2022-10-06 01:04:17,055 [326c038e-632d-4c6b-af42-d1fe452b3912@group-CD32CE391285-StateMachineUpdater] INFO  impl.StateMachineUpdater (StateMachineUpdater.java:takeSnapshot(287)) - 326c038e-632d-4c6b-af42-d1fe452b3912@group-CD32CE391285-StateMachineUpdater: Took a snapshot at index 32
2022-10-06 01:04:17,055 [326c038e-632d-4c6b-af42-d1fe452b3912@group-CD32CE391285-StateMachineUpdater] INFO  impl.StateMachineUpdater (StateMachineUpdater.java:lambda$new$0(92)) - 326c038e-632d-4c6b-af42-d1fe452b3912@group-CD32CE391285-StateMachineUpdater: snapshotIndex: updateIncreasingly -1 -> 32
2022-10-06 01:04:17,058 [68d8656a-d62a-40ab-a15f-69e804ac0718@group-CD32CE391285-StateMachineUpdater] INFO  ratis.ContainerStateMachine (ContainerStateMachine.java:takeSnapshot(315)) - group-CD32CE391285: Finished taking a snapshot at:(t:2, i:32) file:/home/runner/work/ozone/ozone/hadoop-ozone/integration-test/target/test-dir/MiniOzoneClusterImpl-cb9ba06c-8019-4b1a-b2e9-0b8ac0549875/datanode-1/data/ratis/515c0481-039e-4385-ab7b-cd32ce391285/sm/snapshot.2_32 took: 38 ms
2022-10-06 01:04:17,058 [68d8656a-d62a-40ab-a15f-69e804ac0718@group-CD32CE391285-StateMachineUpdater] INFO  impl.StateMachineUpdater (StateMachineUpdater.java:takeSnapshot(287)) - 68d8656a-d62a-40ab-a15f-69e804ac0718@group-CD32CE391285-StateMachineUpdater: Took a snapshot at index 32
2022-10-06 01:04:17,058 [68d8656a-d62a-40ab-a15f-69e804ac0718@group-CD32CE391285-StateMachineUpdater] INFO  impl.StateMachineUpdater (StateMachineUpdater.java:lambda$new$0(92)) - 68d8656a-d62a-40ab-a15f-69e804ac0718@group-CD32CE391285-StateMachineUpdater: snapshotIndex: updateIncreasingly -1 -> 32
2022-10-06 01:04:17,061 [ForkJoinPool.commonPool-worker-0] INFO  server.RaftServer$Division (ServerState.java:close(429)) - 68d8656a-d62a-40ab-a15f-69e804ac0718@group-CD32CE391285: closes. applyIndex: 32
2022-10-06 01:04:17,061 [68d8656a-d62a-40ab-a15f-69e804ac0718@group-CD32CE391285-SegmentedRaftLogWorker] INFO  segmented.SegmentedRaftLogWorker (SegmentedRaftLogWorker.java:run(336)) - 68d8656a-d62a-40ab-a15f-69e804ac0718@group-CD32CE391285-SegmentedRaftLogWorker was interrupted, exiting. There are 0 tasks remaining in the queue.
2022-10-06 01:04:17,062 [ForkJoinPool.commonPool-worker-0] INFO  segmented.SegmentedRaftLogWorker (SegmentedRaftLogWorker.java:close(246)) - 68d8656a-d62a-40ab-a15f-69e804ac0718@group-CD32CE391285-SegmentedRaftLogWorker close()
2022-10-06 01:04:17,063 [Listener at 127.0.0.1/34317] INFO  server.RaftServer$Division (ServerState.java:close(429)) - 326c038e-632d-4c6b-af42-d1fe452b3912@group-CD32CE391285: closes. applyIndex: 32
2022-10-06 01:04:17,063 [ForkJoinPool.commonPool-worker-0] INFO  server.RaftServer$Division (RaftServerImpl.java:lambda$close$4(434)) - 68d8656a-d62a-40ab-a15f-69e804ac0718@group-A5175ED8C136: shutdown
2022-10-06 01:04:17,064 [ForkJoinPool.commonPool-worker-0] INFO  util.JmxRegister (JmxRegister.java:unregister(73)) - Successfully un-registered JMX Bean with object name Ratis:service=RaftServer,group=group-A5175ED8C136,id=68d8656a-d62a-40ab-a15f-69e804ac0718
2022-10-06 01:04:17,064 [ForkJoinPool.commonPool-worker-0] INFO  impl.RoleInfo (RoleInfo.java:shutdownLeaderState(93)) - 68d8656a-d62a-40ab-a15f-69e804ac0718: shutdown 68d8656a-d62a-40ab-a15f-69e804ac0718@group-A5175ED8C136-LeaderStateImpl
2022-10-06 01:04:17,064 [ForkJoinPool.commonPool-worker-0] INFO  impl.PendingRequests (PendingRequests.java:sendNotLeaderResponses(282)) - 68d8656a-d62a-40ab-a15f-69e804ac0718@group-A5175ED8C136-PendingRequests: sendNotLeaderResponses
2022-10-06 01:04:17,064 [ForkJoinPool.commonPool-worker-0] INFO  impl.StateMachineUpdater (StateMachineUpdater.java:stopAndJoin(153)) - 68d8656a-d62a-40ab-a15f-69e804ac0718@group-A5175ED8C136-StateMachineUpdater: set stopIndex = 0
2022-10-06 01:04:17,064 [326c038e-632d-4c6b-af42-d1fe452b3912@group-CD32CE391285-SegmentedRaftLogWorker] INFO  segmented.SegmentedRaftLogWorker (SegmentedRaftLogWorker.java:run(336)) - 326c038e-632d-4c6b-af42-d1fe452b3912@group-CD32CE391285-SegmentedRaftLogWorker was interrupted, exiting. There are 0 tasks remaining in the queue.
2022-10-06 01:04:17,064 [68d8656a-d62a-40ab-a15f-69e804ac0718@group-A5175ED8C136-StateMachineUpdater] INFO  ratis.ContainerStateMachine (ContainerStateMachine.java:takeSnapshot(304)) - group-A5175ED8C136: Taking a snapshot at:(t:1, i:0) file /home/runner/work/ozone/ozone/hadoop-ozone/integration-test/target/test-dir/MiniOzoneClusterImpl-cb9ba06c-8019-4b1a-b2e9-0b8ac0549875/datanode-1/data/ratis/49306abe-4419-453f-a035-a5175ed8c136/sm/snapshot.1_0
2022-10-06 01:04:17,065 [68d8656a-d62a-40ab-a15f-69e804ac0718@group-A5175ED8C136-StateMachineUpdater] INFO  ratis.ContainerStateMachine (ContainerStateMachine.java:takeSnapshot(315)) - group-A5175ED8C136: Finished taking a snapshot at:(t:1, i:0) file:/home/runner/work/ozone/ozone/hadoop-ozone/integration-test/target/test-dir/MiniOzoneClusterImpl-cb9ba06c-8019-4b1a-b2e9-0b8ac0549875/datanode-1/data/ratis/49306abe-4419-453f-a035-a5175ed8c136/sm/snapshot.1_0 took: 1 ms
2022-10-06 01:04:17,065 [Listener at 127.0.0.1/34317] INFO  segmented.SegmentedRaftLogWorker (SegmentedRaftLogWorker.java:close(246)) - 326c038e-632d-4c6b-af42-d1fe452b3912@group-CD32CE391285-SegmentedRaftLogWorker close()
2022-10-06 01:04:17,065 [68d8656a-d62a-40ab-a15f-69e804ac0718@group-A5175ED8C136-StateMachineUpdater] INFO  impl.StateMachineUpdater (StateMachineUpdater.java:takeSnapshot(287)) - 68d8656a-d62a-40ab-a15f-69e804ac0718@group-A5175ED8C136-StateMachineUpdater: Took a snapshot at index 0
2022-10-06 01:04:17,066 [68d8656a-d62a-40ab-a15f-69e804ac0718@group-A5175ED8C136-StateMachineUpdater] INFO  impl.StateMachineUpdater (StateMachineUpdater.java:lambda$new$0(92)) - 68d8656a-d62a-40ab-a15f-69e804ac0718@group-A5175ED8C136-StateMachineUpdater: snapshotIndex: updateIncreasingly -1 -> 0
2022-10-06 01:04:17,066 [ForkJoinPool.commonPool-worker-0] INFO  server.RaftServer$Division (ServerState.java:close(429)) - 68d8656a-d62a-40ab-a15f-69e804ac0718@group-A5175ED8C136: closes. applyIndex: 0
2022-10-06 01:04:17,066 [Listener at 127.0.0.1/34317] INFO  server.RaftServer$Division (RaftServerImpl.java:lambda$close$4(434)) - 326c038e-632d-4c6b-af42-d1fe452b3912@group-0C680043648C: shutdown
2022-10-06 01:04:17,066 [68d8656a-d62a-40ab-a15f-69e804ac0718@group-A5175ED8C136-SegmentedRaftLogWorker] INFO  segmented.SegmentedRaftLogWorker (SegmentedRaftLogWorker.java:run(336)) - 68d8656a-d62a-40ab-a15f-69e804ac0718@group-A5175ED8C136-SegmentedRaftLogWorker was interrupted, exiting. There are 0 tasks remaining in the queue.
2022-10-06 01:04:17,067 [Listener at 127.0.0.1/34317] INFO  util.JmxRegister (JmxRegister.java:unregister(73)) - Successfully un-registered JMX Bean with object name Ratis:service=RaftServer,group=group-0C680043648C,id=326c038e-632d-4c6b-af42-d1fe452b3912
2022-10-06 01:04:17,067 [Listener at 127.0.0.1/34317] INFO  impl.RoleInfo (RoleInfo.java:shutdownLeaderState(93)) - 326c038e-632d-4c6b-af42-d1fe452b3912: shutdown 326c038e-632d-4c6b-af42-d1fe452b3912@group-0C680043648C-LeaderStateImpl
2022-10-06 01:04:17,067 [Listener at 127.0.0.1/34317] INFO  impl.PendingRequests (PendingRequests.java:sendNotLeaderResponses(282)) - 326c038e-632d-4c6b-af42-d1fe452b3912@group-0C680043648C-PendingRequests: sendNotLeaderResponses
2022-10-06 01:04:17,067 [Listener at 127.0.0.1/34317] INFO  impl.StateMachineUpdater (StateMachineUpdater.java:stopAndJoin(153)) - 326c038e-632d-4c6b-af42-d1fe452b3912@group-0C680043648C-StateMachineUpdater: set stopIndex = 0
2022-10-06 01:04:17,067 [326c038e-632d-4c6b-af42-d1fe452b3912@group-0C680043648C-StateMachineUpdater] INFO  ratis.ContainerStateMachine (ContainerStateMachine.java:takeSnapshot(304)) - group-0C680043648C: Taking a snapshot at:(t:1, i:0) file /home/runner/work/ozone/ozone/hadoop-ozone/integration-test/target/test-dir/MiniOzoneClusterImpl-cb9ba06c-8019-4b1a-b2e9-0b8ac0549875/datanode-2/data/ratis/a30498b3-6e1d-4b8c-b9c5-0c680043648c/sm/snapshot.1_0
2022-10-06 01:04:17,068 [ForkJoinPool.commonPool-worker-0] INFO  segmented.SegmentedRaftLogWorker (SegmentedRaftLogWorker.java:close(246)) - 68d8656a-d62a-40ab-a15f-69e804ac0718@group-A5175ED8C136-SegmentedRaftLogWorker close()
2022-10-06 01:04:17,068 [326c038e-632d-4c6b-af42-d1fe452b3912@group-0C680043648C-StateMachineUpdater] INFO  ratis.ContainerStateMachine (ContainerStateMachine.java:takeSnapshot(315)) - group-0C680043648C: Finished taking a snapshot at:(t:1, i:0) file:/home/runner/work/ozone/ozone/hadoop-ozone/integration-test/target/test-dir/MiniOzoneClusterImpl-cb9ba06c-8019-4b1a-b2e9-0b8ac0549875/datanode-2/data/ratis/a30498b3-6e1d-4b8c-b9c5-0c680043648c/sm/snapshot.1_0 took: 1 ms
2022-10-06 01:04:17,068 [ForkJoinPool.commonPool-worker-0] INFO  server.RaftServer$Division (RaftServerImpl.java:lambda$close$4(434)) - 68d8656a-d62a-40ab-a15f-69e804ac0718@group-9B53D1D8130A: shutdown
2022-10-06 01:04:17,068 [326c038e-632d-4c6b-af42-d1fe452b3912@group-0C680043648C-StateMachineUpdater] INFO  impl.StateMachineUpdater (StateMachineUpdater.java:takeSnapshot(287)) - 326c038e-632d-4c6b-af42-d1fe452b3912@group-0C680043648C-StateMachineUpdater: Took a snapshot at index 0
2022-10-06 01:04:17,068 [ForkJoinPool.commonPool-worker-0] INFO  util.JmxRegister (JmxRegister.java:unregister(73)) - Successfully un-registered JMX Bean with object name Ratis:service=RaftServer,group=group-9B53D1D8130A,id=68d8656a-d62a-40ab-a15f-69e804ac0718
2022-10-06 01:04:17,068 [ForkJoinPool.commonPool-worker-0] INFO  impl.RoleInfo (RoleInfo.java:shutdownFollowerState(110)) - 68d8656a-d62a-40ab-a15f-69e804ac0718: shutdown 68d8656a-d62a-40ab-a15f-69e804ac0718@group-9B53D1D8130A-FollowerState
2022-10-06 01:04:17,068 [326c038e-632d-4c6b-af42-d1fe452b3912@group-0C680043648C-StateMachineUpdater] INFO  impl.StateMachineUpdater (StateMachineUpdater.java:lambda$new$0(92)) - 326c038e-632d-4c6b-af42-d1fe452b3912@group-0C680043648C-StateMachineUpdater: snapshotIndex: updateIncreasingly -1 -> 0
2022-10-06 01:04:17,068 [ForkJoinPool.commonPool-worker-0] INFO  impl.StateMachineUpdater (StateMachineUpdater.java:stopAndJoin(153)) - 68d8656a-d62a-40ab-a15f-69e804ac0718@group-9B53D1D8130A-StateMachineUpdater: set stopIndex = 16
2022-10-06 01:04:17,069 [Listener at 127.0.0.1/34317] INFO  server.RaftServer$Division (ServerState.java:close(429)) - 326c038e-632d-4c6b-af42-d1fe452b3912@group-0C680043648C: closes. applyIndex: 0
2022-10-06 01:04:17,069 [326c038e-632d-4c6b-af42-d1fe452b3912@group-0C680043648C-SegmentedRaftLogWorker] INFO  segmented.SegmentedRaftLogWorker (SegmentedRaftLogWorker.java:run(336)) - 326c038e-632d-4c6b-af42-d1fe452b3912@group-0C680043648C-SegmentedRaftLogWorker was interrupted, exiting. There are 0 tasks remaining in the queue.
2022-10-06 01:04:17,069 [68d8656a-d62a-40ab-a15f-69e804ac0718@group-9B53D1D8130A-StateMachineUpdater] INFO  ratis.ContainerStateMachine (ContainerStateMachine.java:takeSnapshot(304)) - group-9B53D1D8130A: Taking a snapshot at:(t:3, i:16) file /home/runner/work/ozone/ozone/hadoop-ozone/integration-test/target/test-dir/MiniOzoneClusterImpl-cb9ba06c-8019-4b1a-b2e9-0b8ac0549875/datanode-1/data/ratis/23626235-c7d9-47e2-b900-9b53d1d8130a/sm/snapshot.3_16
2022-10-06 01:04:17,069 [Listener at 127.0.0.1/34317] INFO  segmented.SegmentedRaftLogWorker (SegmentedRaftLogWorker.java:close(246)) - 326c038e-632d-4c6b-af42-d1fe452b3912@group-0C680043648C-SegmentedRaftLogWorker close()
2022-10-06 01:04:17,069 [68d8656a-d62a-40ab-a15f-69e804ac0718@group-9B53D1D8130A-FollowerState] INFO  impl.FollowerState (FollowerState.java:run(152)) - 68d8656a-d62a-40ab-a15f-69e804ac0718@group-9B53D1D8130A-FollowerState was interrupted
2022-10-06 01:04:17,070 [Listener at 127.0.0.1/34317] INFO  server.RaftServer$Division (RaftServerImpl.java:lambda$close$4(434)) - 326c038e-632d-4c6b-af42-d1fe452b3912@group-9B53D1D8130A: shutdown
2022-10-06 01:04:17,072 [Listener at 127.0.0.1/34317] INFO  util.JmxRegister (JmxRegister.java:unregister(73)) - Successfully un-registered JMX Bean with object name Ratis:service=RaftServer,group=group-9B53D1D8130A,id=326c038e-632d-4c6b-af42-d1fe452b3912
2022-10-06 01:04:17,072 [Listener at 127.0.0.1/34317] INFO  impl.RoleInfo (RoleInfo.java:shutdownLeaderState(93)) - 326c038e-632d-4c6b-af42-d1fe452b3912: shutdown 326c038e-632d-4c6b-af42-d1fe452b3912@group-9B53D1D8130A-LeaderStateImpl
2022-10-06 01:04:17,070 [68d8656a-d62a-40ab-a15f-69e804ac0718@group-9B53D1D8130A-StateMachineUpdater] INFO  ratis.ContainerStateMachine (ContainerStateMachine.java:takeSnapshot(315)) - group-9B53D1D8130A: Finished taking a snapshot at:(t:3, i:16) file:/home/runner/work/ozone/ozone/hadoop-ozone/integration-test/target/test-dir/MiniOzoneClusterImpl-cb9ba06c-8019-4b1a-b2e9-0b8ac0549875/datanode-1/data/ratis/23626235-c7d9-47e2-b900-9b53d1d8130a/sm/snapshot.3_16 took: 1 ms
2022-10-06 01:04:17,073 [68d8656a-d62a-40ab-a15f-69e804ac0718@group-9B53D1D8130A-StateMachineUpdater] INFO  impl.StateMachineUpdater (StateMachineUpdater.java:takeSnapshot(287)) - 68d8656a-d62a-40ab-a15f-69e804ac0718@group-9B53D1D8130A-StateMachineUpdater: Took a snapshot at index 16
2022-10-06 01:04:17,073 [68d8656a-d62a-40ab-a15f-69e804ac0718@group-9B53D1D8130A-StateMachineUpdater] INFO  impl.StateMachineUpdater (StateMachineUpdater.java:lambda$new$0(92)) - 68d8656a-d62a-40ab-a15f-69e804ac0718@group-9B53D1D8130A-StateMachineUpdater: snapshotIndex: updateIncreasingly -1 -> 16
2022-10-06 01:04:17,073 [ForkJoinPool.commonPool-worker-0] INFO  server.RaftServer$Division (ServerState.java:close(429)) - 68d8656a-d62a-40ab-a15f-69e804ac0718@group-9B53D1D8130A: closes. applyIndex: 16
2022-10-06 01:04:17,073 [68d8656a-d62a-40ab-a15f-69e804ac0718@group-9B53D1D8130A-SegmentedRaftLogWorker] INFO  segmented.SegmentedRaftLogWorker (SegmentedRaftLogWorker.java:run(336)) - 68d8656a-d62a-40ab-a15f-69e804ac0718@group-9B53D1D8130A-SegmentedRaftLogWorker was interrupted, exiting. There are 0 tasks remaining in the queue.
2022-10-06 01:04:17,073 [326c038e-632d-4c6b-af42-d1fe452b3912@group-9B53D1D8130A->4b23e9ad-4c3b-4e5e-a325-f9b3b725a9ac-GrpcLogAppender-LogAppenderDaemon] WARN  server.GrpcLogAppender (GrpcLogAppender.java:mayWait(171)) - 326c038e-632d-4c6b-af42-d1fe452b3912@group-9B53D1D8130A->4b23e9ad-4c3b-4e5e-a325-f9b3b725a9ac-GrpcLogAppender: Wait interrupted by java.lang.InterruptedException
2022-10-06 01:04:17,073 [326c038e-632d-4c6b-af42-d1fe452b3912@group-9B53D1D8130A->68d8656a-d62a-40ab-a15f-69e804ac0718-GrpcLogAppender-LogAppenderDaemon] WARN  server.GrpcLogAppender (GrpcLogAppender.java:mayWait(171)) - 326c038e-632d-4c6b-af42-d1fe452b3912@group-9B53D1D8130A->68d8656a-d62a-40ab-a15f-69e804ac0718-GrpcLogAppender: Wait interrupted by java.lang.InterruptedException
2022-10-06 01:04:17,074 [grpc-default-executor-1] INFO  server.GrpcServerProtocolService (GrpcServerProtocolService.java:onCompleted(140)) - 4b23e9ad-4c3b-4e5e-a325-f9b3b725a9ac: Completed APPEND_ENTRIES, lastRequest: 326c038e-632d-4c6b-af42-d1fe452b3912->4b23e9ad-4c3b-4e5e-a325-f9b3b725a9ac#404-t3,previous=(t:3, i:15),leaderCommit=14,initializing? true,entries: size=1, first=(t:3, i:16), METADATAENTRY(c:14)
2022-10-06 01:04:17,074 [grpc-default-executor-3] INFO  server.GrpcServerProtocolService (GrpcServerProtocolService.java:onCompleted(140)) - 68d8656a-d62a-40ab-a15f-69e804ac0718: Completed APPEND_ENTRIES, lastRequest: 326c038e-632d-4c6b-af42-d1fe452b3912->68d8656a-d62a-40ab-a15f-69e804ac0718#410-t3,previous=(t:3, i:15),leaderCommit=14,initializing? true,entries: size=1, first=(t:3, i:16), METADATAENTRY(c:14)
2022-10-06 01:04:17,075 [grpc-default-executor-1] INFO  server.GrpcLogAppender (GrpcLogAppender.java:onCompleted(339)) - 326c038e-632d-4c6b-af42-d1fe452b3912@group-9B53D1D8130A->68d8656a-d62a-40ab-a15f-69e804ac0718-AppendLogResponseHandler: follower responses appendEntries COMPLETED
2022-10-06 01:04:17,075 [grpc-default-executor-1] INFO  leader.FollowerInfo (FollowerInfoImpl.java:lambda$new$0(48)) - 326c038e-632d-4c6b-af42-d1fe452b3912@group-9B53D1D8130A->68d8656a-d62a-40ab-a15f-69e804ac0718: nextIndex: updateUnconditionally 17 -> 16
2022-10-06 01:04:17,075 [grpc-default-executor-0] INFO  server.GrpcLogAppender (GrpcLogAppender.java:onCompleted(339)) - 326c038e-632d-4c6b-af42-d1fe452b3912@group-9B53D1D8130A->4b23e9ad-4c3b-4e5e-a325-f9b3b725a9ac-AppendLogResponseHandler: follower responses appendEntries COMPLETED
2022-10-06 01:04:17,075 [Listener at 127.0.0.1/34317] INFO  impl.PendingRequests (PendingRequests.java:sendNotLeaderResponses(282)) - 326c038e-632d-4c6b-af42-d1fe452b3912@group-9B53D1D8130A-PendingRequests: sendNotLeaderResponses
2022-10-06 01:04:17,075 [grpc-default-executor-0] INFO  leader.FollowerInfo (FollowerInfoImpl.java:lambda$new$0(48)) - 326c038e-632d-4c6b-af42-d1fe452b3912@group-9B53D1D8130A->4b23e9ad-4c3b-4e5e-a325-f9b3b725a9ac: nextIndex: updateUnconditionally 17 -> 16
2022-10-06 01:04:17,077 [ForkJoinPool.commonPool-worker-0] INFO  segmented.SegmentedRaftLogWorker (SegmentedRaftLogWorker.java:close(246)) - 68d8656a-d62a-40ab-a15f-69e804ac0718@group-9B53D1D8130A-SegmentedRaftLogWorker close()
2022-10-06 01:04:17,081 [Listener at 127.0.0.1/34317] INFO  impl.StateMachineUpdater (StateMachineUpdater.java:stopAndJoin(153)) - 326c038e-632d-4c6b-af42-d1fe452b3912@group-9B53D1D8130A-StateMachineUpdater: set stopIndex = 16
2022-10-06 01:04:17,081 [326c038e-632d-4c6b-af42-d1fe452b3912@group-9B53D1D8130A-StateMachineUpdater] INFO  ratis.ContainerStateMachine (ContainerStateMachine.java:takeSnapshot(304)) - group-9B53D1D8130A: Taking a snapshot at:(t:3, i:16) file /home/runner/work/ozone/ozone/hadoop-ozone/integration-test/target/test-dir/MiniOzoneClusterImpl-cb9ba06c-8019-4b1a-b2e9-0b8ac0549875/datanode-2/data/ratis/23626235-c7d9-47e2-b900-9b53d1d8130a/sm/snapshot.3_16
2022-10-06 01:04:17,083 [326c038e-632d-4c6b-af42-d1fe452b3912@group-9B53D1D8130A-StateMachineUpdater] INFO  ratis.ContainerStateMachine (ContainerStateMachine.java:takeSnapshot(315)) - group-9B53D1D8130A: Finished taking a snapshot at:(t:3, i:16) file:/home/runner/work/ozone/ozone/hadoop-ozone/integration-test/target/test-dir/MiniOzoneClusterImpl-cb9ba06c-8019-4b1a-b2e9-0b8ac0549875/datanode-2/data/ratis/23626235-c7d9-47e2-b900-9b53d1d8130a/sm/snapshot.3_16 took: 2 ms
2022-10-06 01:04:17,083 [326c038e-632d-4c6b-af42-d1fe452b3912@group-9B53D1D8130A-StateMachineUpdater] INFO  impl.StateMachineUpdater (StateMachineUpdater.java:takeSnapshot(287)) - 326c038e-632d-4c6b-af42-d1fe452b3912@group-9B53D1D8130A-StateMachineUpdater: Took a snapshot at index 16
2022-10-06 01:04:17,083 [326c038e-632d-4c6b-af42-d1fe452b3912@group-9B53D1D8130A-StateMachineUpdater] INFO  impl.StateMachineUpdater (StateMachineUpdater.java:lambda$new$0(92)) - 326c038e-632d-4c6b-af42-d1fe452b3912@group-9B53D1D8130A-StateMachineUpdater: snapshotIndex: updateIncreasingly -1 -> 16
2022-10-06 01:04:17,083 [Listener at 127.0.0.1/34317] INFO  server.RaftServer$Division (ServerState.java:close(429)) - 326c038e-632d-4c6b-af42-d1fe452b3912@group-9B53D1D8130A: closes. applyIndex: 16
2022-10-06 01:04:17,084 [326c038e-632d-4c6b-af42-d1fe452b3912@group-9B53D1D8130A-SegmentedRaftLogWorker] INFO  segmented.SegmentedRaftLogWorker (SegmentedRaftLogWorker.java:run(336)) - 326c038e-632d-4c6b-af42-d1fe452b3912@group-9B53D1D8130A-SegmentedRaftLogWorker was interrupted, exiting. There are 0 tasks remaining in the queue.
2022-10-06 01:04:17,085 [Listener at 127.0.0.1/34317] INFO  segmented.SegmentedRaftLogWorker (SegmentedRaftLogWorker.java:close(246)) - 326c038e-632d-4c6b-af42-d1fe452b3912@group-9B53D1D8130A-SegmentedRaftLogWorker close()
2022-10-06 01:04:17,085 [Listener at 127.0.0.1/34317] INFO  server.GrpcService (GrpcService.java:closeImpl(269)) - 326c038e-632d-4c6b-af42-d1fe452b3912: shutdown server with port 42785 now
2022-10-06 01:04:17,091 [ForkJoinPool.commonPool-worker-0] INFO  server.GrpcService (GrpcService.java:closeImpl(269)) - 68d8656a-d62a-40ab-a15f-69e804ac0718: shutdown server with port 40209 now
2022-10-06 01:04:17,094 [Listener at 127.0.0.1/34317] INFO  server.GrpcService (GrpcService.java:closeImpl(278)) - 326c038e-632d-4c6b-af42-d1fe452b3912: shutdown server with port 42785 successfully
2022-10-06 01:04:17,094 [org.apache.ratis.util.JvmPauseMonitor$$Lambda$619/277409773@6849227f] INFO  util.JvmPauseMonitor (JvmPauseMonitor.java:run(109)) - JvmPauseMonitor-326c038e-632d-4c6b-af42-d1fe452b3912: Stopped
2022-10-06 01:04:17,117 [ForkJoinPool.commonPool-worker-0] INFO  server.GrpcService (GrpcService.java:closeImpl(278)) - 68d8656a-d62a-40ab-a15f-69e804ac0718: shutdown server with port 40209 successfully
2022-10-06 01:04:17,118 [org.apache.ratis.util.JvmPauseMonitor$$Lambda$619/277409773@508ae3b6] INFO  util.JvmPauseMonitor (JvmPauseMonitor.java:run(109)) - JvmPauseMonitor-68d8656a-d62a-40ab-a15f-69e804ac0718: Stopped
2022-10-06 01:04:19,139 [Listener at 127.0.0.1/34317] INFO  utils.BackgroundService (BackgroundService.java:shutdown(141)) - Shutting down service BlockDeletingService
2022-10-06 01:04:19,141 [ForkJoinPool.commonPool-worker-0] INFO  utils.BackgroundService (BackgroundService.java:shutdown(141)) - Shutting down service BlockDeletingService
2022-10-06 01:04:19,142 [ForkJoinPool.commonPool-worker-0] INFO  utils.BackgroundService (BackgroundService.java:shutdown(141)) - Shutting down service StaleRecoveringContainerScrubbingService
2022-10-06 01:04:19,142 [Listener at 127.0.0.1/34317] INFO  utils.BackgroundService (BackgroundService.java:shutdown(141)) - Shutting down service StaleRecoveringContainerScrubbingService
2022-10-06 01:04:22,153 [ForkJoinPool.commonPool-worker-0] INFO  statemachine.DatanodeStateMachine (DatanodeStateMachine.java:stopDaemon(580)) - Ozone container server stopped.
2022-10-06 01:04:22,156 [Listener at 127.0.0.1/34317] INFO  statemachine.DatanodeStateMachine (DatanodeStateMachine.java:stopDaemon(580)) - Ozone container server stopped.
2022-10-06 01:04:22,166 [Listener at 127.0.0.1/34317] INFO  handler.ContextHandler (ContextHandler.java:doStop(1153)) - Stopped o.e.j.w.WebAppContext@376f04dd{hddsDatanode,/,null,STOPPED}{jar:file:/home/runner/.m2/repository/org/apache/ozone/hdds-container-service/1.3.0-SNAPSHOT/hdds-container-service-1.3.0-SNAPSHOT.jar!/webapps/hddsDatanode}
2022-10-06 01:04:22,169 [ForkJoinPool.commonPool-worker-0] INFO  handler.ContextHandler (ContextHandler.java:doStop(1153)) - Stopped o.e.j.w.WebAppContext@44374d22{hddsDatanode,/,null,STOPPED}{jar:file:/home/runner/.m2/repository/org/apache/ozone/hdds-container-service/1.3.0-SNAPSHOT/hdds-container-service-1.3.0-SNAPSHOT.jar!/webapps/hddsDatanode}
2022-10-06 01:04:22,170 [ForkJoinPool.commonPool-worker-0] INFO  server.AbstractConnector (AbstractConnector.java:doStop(381)) - Stopped ServerConnector@3005644e{HTTP/1.1, (http/1.1)}{0.0.0.0:0}
2022-10-06 01:04:22,170 [ForkJoinPool.commonPool-worker-0] INFO  server.session (HouseKeeper.java:stopScavenging(149)) - node0 Stopped scavenging
2022-10-06 01:04:22,171 [Listener at 127.0.0.1/34317] INFO  server.AbstractConnector (AbstractConnector.java:doStop(381)) - Stopped ServerConnector@406ada98{HTTP/1.1, (http/1.1)}{0.0.0.0:0}
2022-10-06 01:04:22,171 [Listener at 127.0.0.1/34317] INFO  server.session (HouseKeeper.java:stopScavenging(149)) - node0 Stopped scavenging
2022-10-06 01:04:22,171 [Listener at 127.0.0.1/34317] INFO  handler.ContextHandler (ContextHandler.java:doStop(1153)) - Stopped o.e.j.s.ServletContextHandler@112051d1{static,/static,jar:file:/home/runner/.m2/repository/org/apache/ozone/hdds-container-service/1.3.0-SNAPSHOT/hdds-container-service-1.3.0-SNAPSHOT.jar!/webapps/static,STOPPED}
2022-10-06 01:04:22,171 [Listener at 127.0.0.1/34317] INFO  handler.ContextHandler (ContextHandler.java:doStop(1153)) - Stopped o.e.j.s.ServletContextHandler@6c77a801{logs,/logs,file:///home/runner/work/ozone/ozone/hadoop-ozone/integration-test/target/log,STOPPED}
2022-10-06 01:04:22,172 [ForkJoinPool.commonPool-worker-0] INFO  handler.ContextHandler (ContextHandler.java:doStop(1153)) - Stopped o.e.j.s.ServletContextHandler@62dd6bb5{static,/static,jar:file:/home/runner/.m2/repository/org/apache/ozone/hdds-container-service/1.3.0-SNAPSHOT/hdds-container-service-1.3.0-SNAPSHOT.jar!/webapps/static,STOPPED}
2022-10-06 01:04:22,174 [ForkJoinPool.commonPool-worker-0] INFO  handler.ContextHandler (ContextHandler.java:doStop(1153)) - Stopped o.e.j.s.ServletContextHandler@4c5937ea{logs,/logs,file:///home/runner/work/ozone/ozone/hadoop-ozone/integration-test/target/log,STOPPED}
2022-10-06 01:04:22,731 [4b23e9ad-4c3b-4e5e-a325-f9b3b725a9ac@group-CD32CE391285-FollowerState] INFO  impl.FollowerState (FollowerState.java:run(143)) - 4b23e9ad-4c3b-4e5e-a325-f9b3b725a9ac@group-CD32CE391285-FollowerState: change to CANDIDATE, lastRpcElapsedTime:6118696200ns, electionTimeout:5085ms
2022-10-06 01:04:22,731 [4b23e9ad-4c3b-4e5e-a325-f9b3b725a9ac@group-CD32CE391285-FollowerState] INFO  impl.RoleInfo (RoleInfo.java:shutdownFollowerState(110)) - 4b23e9ad-4c3b-4e5e-a325-f9b3b725a9ac: shutdown 4b23e9ad-4c3b-4e5e-a325-f9b3b725a9ac@group-CD32CE391285-FollowerState
2022-10-06 01:04:22,731 [4b23e9ad-4c3b-4e5e-a325-f9b3b725a9ac@group-CD32CE391285-FollowerState] INFO  server.RaftServer$Division (RaftServerImpl.java:setRole(299)) - 4b23e9ad-4c3b-4e5e-a325-f9b3b725a9ac@group-CD32CE391285: changes role from  FOLLOWER to CANDIDATE at term 2 for changeToCandidate
2022-10-06 01:04:22,731 [4b23e9ad-4c3b-4e5e-a325-f9b3b725a9ac@group-CD32CE391285-FollowerState] INFO  server.RaftServerConfigKeys (ConfUtils.java:logGet(46)) - raft.server.leaderelection.pre-vote = false (custom)
2022-10-06 01:04:22,731 [4b23e9ad-4c3b-4e5e-a325-f9b3b725a9ac@group-CD32CE391285-FollowerState] INFO  impl.RoleInfo (RoleInfo.java:updateAndGet(139)) - 4b23e9ad-4c3b-4e5e-a325-f9b3b725a9ac: start 4b23e9ad-4c3b-4e5e-a325-f9b3b725a9ac@group-CD32CE391285-LeaderElection15
2022-10-06 01:04:22,739 [4b23e9ad-4c3b-4e5e-a325-f9b3b725a9ac@group-CD32CE391285-LeaderElection15] INFO  server.RaftServer$Division (ServerState.java:setLeader(287)) - 4b23e9ad-4c3b-4e5e-a325-f9b3b725a9ac@group-CD32CE391285: change Leader from 68d8656a-d62a-40ab-a15f-69e804ac0718 to null at term 2 for ELECTION
2022-10-06 01:04:22,743 [4b23e9ad-4c3b-4e5e-a325-f9b3b725a9ac@group-CD32CE391285-LeaderElection15] INFO  impl.LeaderElection (LeaderElection.java:askForVotes(310)) - 4b23e9ad-4c3b-4e5e-a325-f9b3b725a9ac@group-CD32CE391285-LeaderElection15 ELECTION round 0: submit vote requests at term 3 for 0: [326c038e-632d-4c6b-af42-d1fe452b3912|rpc:10.1.0.249:42785|dataStream:|priority:0, 68d8656a-d62a-40ab-a15f-69e804ac0718|rpc:10.1.0.249:40209|dataStream:|priority:1, 4b23e9ad-4c3b-4e5e-a325-f9b3b725a9ac|rpc:10.1.0.249:34691|dataStream:|priority:0], old=null
2022-10-06 01:04:22,766 [4b23e9ad-4c3b-4e5e-a325-f9b3b725a9ac@group-CD32CE391285-LeaderElection15] INFO  impl.LeaderElection (LogUtils.java:infoOrTrace(137)) - 4b23e9ad-4c3b-4e5e-a325-f9b3b725a9ac@group-CD32CE391285-LeaderElection15 got exception when requesting votes: java.util.concurrent.ExecutionException: org.apache.ratis.thirdparty.io.grpc.StatusRuntimeException: UNAVAILABLE: io exception
2022-10-06 01:04:22,779 [4b23e9ad-4c3b-4e5e-a325-f9b3b725a9ac@group-CD32CE391285-LeaderElection15] INFO  impl.LeaderElection (LogUtils.java:infoOrTrace(137)) - 4b23e9ad-4c3b-4e5e-a325-f9b3b725a9ac@group-CD32CE391285-LeaderElection15 got exception when requesting votes: java.util.concurrent.ExecutionException: org.apache.ratis.thirdparty.io.grpc.StatusRuntimeException: UNAVAILABLE: io exception
2022-10-06 01:04:22,779 [4b23e9ad-4c3b-4e5e-a325-f9b3b725a9ac@group-CD32CE391285-LeaderElection15] INFO  impl.LeaderElection (LeaderElection.java:logAndReturn(90)) - 4b23e9ad-4c3b-4e5e-a325-f9b3b725a9ac@group-CD32CE391285-LeaderElection15: ELECTION REJECTED received 0 response(s) and 2 exception(s):
2022-10-06 01:04:22,780 [4b23e9ad-4c3b-4e5e-a325-f9b3b725a9ac@group-CD32CE391285-LeaderElection15] INFO  impl.LeaderElection (LogUtils.java:infoOrTrace(137)) -   Exception 0: java.util.concurrent.ExecutionException: org.apache.ratis.thirdparty.io.grpc.StatusRuntimeException: UNAVAILABLE: io exception
2022-10-06 01:04:22,780 [4b23e9ad-4c3b-4e5e-a325-f9b3b725a9ac@group-CD32CE391285-LeaderElection15] INFO  impl.LeaderElection (LogUtils.java:infoOrTrace(137)) -   Exception 1: java.util.concurrent.ExecutionException: org.apache.ratis.thirdparty.io.grpc.StatusRuntimeException: UNAVAILABLE: io exception
2022-10-06 01:04:22,780 [4b23e9ad-4c3b-4e5e-a325-f9b3b725a9ac@group-CD32CE391285-LeaderElection15] INFO  impl.LeaderElection (LeaderElection.java:askForVotes(312)) - 4b23e9ad-4c3b-4e5e-a325-f9b3b725a9ac@group-CD32CE391285-LeaderElection15 ELECTION round 0: result REJECTED
2022-10-06 01:04:22,780 [4b23e9ad-4c3b-4e5e-a325-f9b3b725a9ac@group-CD32CE391285-LeaderElection15] INFO  server.RaftServer$Division (RaftServerImpl.java:setRole(299)) - 4b23e9ad-4c3b-4e5e-a325-f9b3b725a9ac@group-CD32CE391285: changes role from CANDIDATE to FOLLOWER at term 3 for REJECTED
2022-10-06 01:04:22,780 [4b23e9ad-4c3b-4e5e-a325-f9b3b725a9ac@group-CD32CE391285-LeaderElection15] INFO  impl.RoleInfo (RoleInfo.java:shutdownLeaderElection(130)) - 4b23e9ad-4c3b-4e5e-a325-f9b3b725a9ac: shutdown 4b23e9ad-4c3b-4e5e-a325-f9b3b725a9ac@group-CD32CE391285-LeaderElection15
2022-10-06 01:04:22,780 [4b23e9ad-4c3b-4e5e-a325-f9b3b725a9ac@group-CD32CE391285-LeaderElection15] INFO  impl.RoleInfo (RoleInfo.java:updateAndGet(139)) - 4b23e9ad-4c3b-4e5e-a325-f9b3b725a9ac: start 4b23e9ad-4c3b-4e5e-a325-f9b3b725a9ac@group-CD32CE391285-FollowerState
2022-10-06 01:04:23,457 [4b23e9ad-4c3b-4e5e-a325-f9b3b725a9ac@group-9B53D1D8130A-FollowerState] INFO  impl.FollowerState (FollowerState.java:run(143)) - 4b23e9ad-4c3b-4e5e-a325-f9b3b725a9ac@group-9B53D1D8130A-FollowerState: change to CANDIDATE, lastRpcElapsedTime:7039867335ns, electionTimeout:5198ms
2022-10-06 01:04:23,457 [4b23e9ad-4c3b-4e5e-a325-f9b3b725a9ac@group-9B53D1D8130A-FollowerState] INFO  impl.RoleInfo (RoleInfo.java:shutdownFollowerState(110)) - 4b23e9ad-4c3b-4e5e-a325-f9b3b725a9ac: shutdown 4b23e9ad-4c3b-4e5e-a325-f9b3b725a9ac@group-9B53D1D8130A-FollowerState
2022-10-06 01:04:23,457 [4b23e9ad-4c3b-4e5e-a325-f9b3b725a9ac@group-9B53D1D8130A-FollowerState] INFO  server.RaftServer$Division (RaftServerImpl.java:setRole(299)) - 4b23e9ad-4c3b-4e5e-a325-f9b3b725a9ac@group-9B53D1D8130A: changes role from  FOLLOWER to CANDIDATE at term 3 for changeToCandidate
2022-10-06 01:04:23,457 [4b23e9ad-4c3b-4e5e-a325-f9b3b725a9ac@group-9B53D1D8130A-FollowerState] INFO  server.RaftServerConfigKeys (ConfUtils.java:logGet(46)) - raft.server.leaderelection.pre-vote = false (custom)
2022-10-06 01:04:23,458 [4b23e9ad-4c3b-4e5e-a325-f9b3b725a9ac@group-9B53D1D8130A-FollowerState] INFO  impl.RoleInfo (RoleInfo.java:updateAndGet(139)) - 4b23e9ad-4c3b-4e5e-a325-f9b3b725a9ac: start 4b23e9ad-4c3b-4e5e-a325-f9b3b725a9ac@group-9B53D1D8130A-LeaderElection16
2022-10-06 01:04:23,470 [4b23e9ad-4c3b-4e5e-a325-f9b3b725a9ac@group-9B53D1D8130A-LeaderElection16] INFO  server.RaftServer$Division (ServerState.java:setLeader(287)) - 4b23e9ad-4c3b-4e5e-a325-f9b3b725a9ac@group-9B53D1D8130A: change Leader from 326c038e-632d-4c6b-af42-d1fe452b3912 to null at term 3 for ELECTION
2022-10-06 01:04:23,471 [4b23e9ad-4c3b-4e5e-a325-f9b3b725a9ac@group-9B53D1D8130A-LeaderElection16] INFO  impl.LeaderElection (LeaderElection.java:askForVotes(310)) - 4b23e9ad-4c3b-4e5e-a325-f9b3b725a9ac@group-9B53D1D8130A-LeaderElection16 ELECTION round 0: submit vote requests at term 4 for 0: [326c038e-632d-4c6b-af42-d1fe452b3912|rpc:10.1.0.249:42785|dataStream:|priority:1, 68d8656a-d62a-40ab-a15f-69e804ac0718|rpc:10.1.0.249:40209|dataStream:|priority:0, 4b23e9ad-4c3b-4e5e-a325-f9b3b725a9ac|rpc:10.1.0.249:34691|dataStream:|priority:0], old=null
2022-10-06 01:04:23,483 [4b23e9ad-4c3b-4e5e-a325-f9b3b725a9ac@group-9B53D1D8130A-LeaderElection16] INFO  impl.LeaderElection (LogUtils.java:infoOrTrace(137)) - 4b23e9ad-4c3b-4e5e-a325-f9b3b725a9ac@group-9B53D1D8130A-LeaderElection16 got exception when requesting votes: java.util.concurrent.ExecutionException: org.apache.ratis.thirdparty.io.grpc.StatusRuntimeException: UNAVAILABLE: io exception
2022-10-06 01:04:23,483 [4b23e9ad-4c3b-4e5e-a325-f9b3b725a9ac@group-9B53D1D8130A-LeaderElection16] INFO  impl.LeaderElection (LogUtils.java:infoOrTrace(137)) - 4b23e9ad-4c3b-4e5e-a325-f9b3b725a9ac@group-9B53D1D8130A-LeaderElection16 got exception when requesting votes: java.util.concurrent.ExecutionException: org.apache.ratis.thirdparty.io.grpc.StatusRuntimeException: UNAVAILABLE: io exception
2022-10-06 01:04:23,483 [4b23e9ad-4c3b-4e5e-a325-f9b3b725a9ac@group-9B53D1D8130A-LeaderElection16] INFO  impl.LeaderElection (LeaderElection.java:logAndReturn(90)) - 4b23e9ad-4c3b-4e5e-a325-f9b3b725a9ac@group-9B53D1D8130A-LeaderElection16: ELECTION REJECTED received 0 response(s) and 2 exception(s):
2022-10-06 01:04:23,483 [4b23e9ad-4c3b-4e5e-a325-f9b3b725a9ac@group-9B53D1D8130A-LeaderElection16] INFO  impl.LeaderElection (LogUtils.java:infoOrTrace(137)) -   Exception 0: java.util.concurrent.ExecutionException: org.apache.ratis.thirdparty.io.grpc.StatusRuntimeException: UNAVAILABLE: io exception
2022-10-06 01:04:23,483 [4b23e9ad-4c3b-4e5e-a325-f9b3b725a9ac@group-9B53D1D8130A-LeaderElection16] INFO  impl.LeaderElection (LogUtils.java:infoOrTrace(137)) -   Exception 1: java.util.concurrent.ExecutionException: org.apache.ratis.thirdparty.io.grpc.StatusRuntimeException: UNAVAILABLE: io exception
2022-10-06 01:04:23,484 [4b23e9ad-4c3b-4e5e-a325-f9b3b725a9ac@group-9B53D1D8130A-LeaderElection16] INFO  impl.LeaderElection (LeaderElection.java:askForVotes(312)) - 4b23e9ad-4c3b-4e5e-a325-f9b3b725a9ac@group-9B53D1D8130A-LeaderElection16 ELECTION round 0: result REJECTED
2022-10-06 01:04:23,484 [4b23e9ad-4c3b-4e5e-a325-f9b3b725a9ac@group-9B53D1D8130A-LeaderElection16] INFO  server.RaftServer$Division (RaftServerImpl.java:setRole(299)) - 4b23e9ad-4c3b-4e5e-a325-f9b3b725a9ac@group-9B53D1D8130A: changes role from CANDIDATE to FOLLOWER at term 4 for REJECTED
2022-10-06 01:04:23,484 [4b23e9ad-4c3b-4e5e-a325-f9b3b725a9ac@group-9B53D1D8130A-LeaderElection16] INFO  impl.RoleInfo (RoleInfo.java:shutdownLeaderElection(130)) - 4b23e9ad-4c3b-4e5e-a325-f9b3b725a9ac: shutdown 4b23e9ad-4c3b-4e5e-a325-f9b3b725a9ac@group-9B53D1D8130A-LeaderElection16
2022-10-06 01:04:23,485 [4b23e9ad-4c3b-4e5e-a325-f9b3b725a9ac@group-9B53D1D8130A-LeaderElection16] INFO  impl.RoleInfo (RoleInfo.java:updateAndGet(139)) - 4b23e9ad-4c3b-4e5e-a325-f9b3b725a9ac: start 4b23e9ad-4c3b-4e5e-a325-f9b3b725a9ac@group-9B53D1D8130A-FollowerState
2022-10-06 01:04:27,176 [ForkJoinPool.commonPool-worker-0] INFO  ozoneimpl.OzoneContainer (OzoneContainer.java:stop(400)) - Attempting to stop container services.
2022-10-06 01:04:27,177 [ForkJoinPool.commonPool-worker-0] INFO  server.RaftServer (RaftServerProxy.java:lambda$close$7(398)) - 4b23e9ad-4c3b-4e5e-a325-f9b3b725a9ac: close
2022-10-06 01:04:27,177 [ForkJoinPool.commonPool-worker-0] INFO  server.RaftServer$Division (RaftServerImpl.java:lambda$close$4(434)) - 4b23e9ad-4c3b-4e5e-a325-f9b3b725a9ac@group-CD32CE391285: shutdown
2022-10-06 01:04:27,177 [ForkJoinPool.commonPool-worker-0] INFO  util.JmxRegister (JmxRegister.java:unregister(73)) - Successfully un-registered JMX Bean with object name Ratis:service=RaftServer,group=group-CD32CE391285,id=4b23e9ad-4c3b-4e5e-a325-f9b3b725a9ac
2022-10-06 01:04:27,177 [ForkJoinPool.commonPool-worker-0] INFO  impl.RoleInfo (RoleInfo.java:shutdownFollowerState(110)) - 4b23e9ad-4c3b-4e5e-a325-f9b3b725a9ac: shutdown 4b23e9ad-4c3b-4e5e-a325-f9b3b725a9ac@group-CD32CE391285-FollowerState
2022-10-06 01:04:27,177 [ForkJoinPool.commonPool-worker-0] INFO  impl.StateMachineUpdater (StateMachineUpdater.java:stopAndJoin(153)) - 4b23e9ad-4c3b-4e5e-a325-f9b3b725a9ac@group-CD32CE391285-StateMachineUpdater: set stopIndex = 32
2022-10-06 01:04:27,177 [4b23e9ad-4c3b-4e5e-a325-f9b3b725a9ac@group-CD32CE391285-FollowerState] INFO  impl.FollowerState (FollowerState.java:run(152)) - 4b23e9ad-4c3b-4e5e-a325-f9b3b725a9ac@group-CD32CE391285-FollowerState was interrupted
2022-10-06 01:04:27,178 [4b23e9ad-4c3b-4e5e-a325-f9b3b725a9ac@group-CD32CE391285-StateMachineUpdater] INFO  ratis.ContainerStateMachine (ContainerStateMachine.java:takeSnapshot(304)) - group-CD32CE391285: Taking a snapshot at:(t:2, i:32) file /home/runner/work/ozone/ozone/hadoop-ozone/integration-test/target/test-dir/MiniOzoneClusterImpl-cb9ba06c-8019-4b1a-b2e9-0b8ac0549875/datanode-0/data/ratis/515c0481-039e-4385-ab7b-cd32ce391285/sm/snapshot.2_32
2022-10-06 01:04:27,180 [4b23e9ad-4c3b-4e5e-a325-f9b3b725a9ac@group-CD32CE391285-StateMachineUpdater] INFO  ratis.ContainerStateMachine (ContainerStateMachine.java:takeSnapshot(315)) - group-CD32CE391285: Finished taking a snapshot at:(t:2, i:32) file:/home/runner/work/ozone/ozone/hadoop-ozone/integration-test/target/test-dir/MiniOzoneClusterImpl-cb9ba06c-8019-4b1a-b2e9-0b8ac0549875/datanode-0/data/ratis/515c0481-039e-4385-ab7b-cd32ce391285/sm/snapshot.2_32 took: 1 ms
2022-10-06 01:04:27,180 [4b23e9ad-4c3b-4e5e-a325-f9b3b725a9ac@group-CD32CE391285-StateMachineUpdater] INFO  impl.StateMachineUpdater (StateMachineUpdater.java:takeSnapshot(287)) - 4b23e9ad-4c3b-4e5e-a325-f9b3b725a9ac@group-CD32CE391285-StateMachineUpdater: Took a snapshot at index 32
2022-10-06 01:04:27,180 [4b23e9ad-4c3b-4e5e-a325-f9b3b725a9ac@group-CD32CE391285-StateMachineUpdater] INFO  impl.StateMachineUpdater (StateMachineUpdater.java:lambda$new$0(92)) - 4b23e9ad-4c3b-4e5e-a325-f9b3b725a9ac@group-CD32CE391285-StateMachineUpdater: snapshotIndex: updateIncreasingly -1 -> 32
2022-10-06 01:04:27,180 [ForkJoinPool.commonPool-worker-0] INFO  server.RaftServer$Division (ServerState.java:close(429)) - 4b23e9ad-4c3b-4e5e-a325-f9b3b725a9ac@group-CD32CE391285: closes. applyIndex: 32
2022-10-06 01:04:27,181 [4b23e9ad-4c3b-4e5e-a325-f9b3b725a9ac@group-CD32CE391285-SegmentedRaftLogWorker] INFO  segmented.SegmentedRaftLogWorker (SegmentedRaftLogWorker.java:run(336)) - 4b23e9ad-4c3b-4e5e-a325-f9b3b725a9ac@group-CD32CE391285-SegmentedRaftLogWorker was interrupted, exiting. There are 0 tasks remaining in the queue.
2022-10-06 01:04:27,181 [ForkJoinPool.commonPool-worker-0] INFO  segmented.SegmentedRaftLogWorker (SegmentedRaftLogWorker.java:close(246)) - 4b23e9ad-4c3b-4e5e-a325-f9b3b725a9ac@group-CD32CE391285-SegmentedRaftLogWorker close()
2022-10-06 01:04:27,182 [ForkJoinPool.commonPool-worker-0] INFO  server.RaftServer$Division (RaftServerImpl.java:lambda$close$4(434)) - 4b23e9ad-4c3b-4e5e-a325-f9b3b725a9ac@group-679057B5B738: shutdown
2022-10-06 01:04:27,183 [ForkJoinPool.commonPool-worker-0] INFO  util.JmxRegister (JmxRegister.java:unregister(73)) - Successfully un-registered JMX Bean with object name Ratis:service=RaftServer,group=group-679057B5B738,id=4b23e9ad-4c3b-4e5e-a325-f9b3b725a9ac
2022-10-06 01:04:27,183 [ForkJoinPool.commonPool-worker-0] INFO  impl.RoleInfo (RoleInfo.java:shutdownLeaderState(93)) - 4b23e9ad-4c3b-4e5e-a325-f9b3b725a9ac: shutdown 4b23e9ad-4c3b-4e5e-a325-f9b3b725a9ac@group-679057B5B738-LeaderStateImpl
2022-10-06 01:04:27,183 [ForkJoinPool.commonPool-worker-0] INFO  impl.PendingRequests (PendingRequests.java:sendNotLeaderResponses(282)) - 4b23e9ad-4c3b-4e5e-a325-f9b3b725a9ac@group-679057B5B738-PendingRequests: sendNotLeaderResponses
2022-10-06 01:04:27,183 [ForkJoinPool.commonPool-worker-0] INFO  impl.StateMachineUpdater (StateMachineUpdater.java:stopAndJoin(153)) - 4b23e9ad-4c3b-4e5e-a325-f9b3b725a9ac@group-679057B5B738-StateMachineUpdater: set stopIndex = 0
2022-10-06 01:04:27,183 [4b23e9ad-4c3b-4e5e-a325-f9b3b725a9ac@group-679057B5B738-StateMachineUpdater] INFO  ratis.ContainerStateMachine (ContainerStateMachine.java:takeSnapshot(304)) - group-679057B5B738: Taking a snapshot at:(t:1, i:0) file /home/runner/work/ozone/ozone/hadoop-ozone/integration-test/target/test-dir/MiniOzoneClusterImpl-cb9ba06c-8019-4b1a-b2e9-0b8ac0549875/datanode-0/data/ratis/d7aa3d5d-dbc1-4713-8e15-679057b5b738/sm/snapshot.1_0
2022-10-06 01:04:27,184 [4b23e9ad-4c3b-4e5e-a325-f9b3b725a9ac@group-679057B5B738-StateMachineUpdater] INFO  ratis.ContainerStateMachine (ContainerStateMachine.java:takeSnapshot(315)) - group-679057B5B738: Finished taking a snapshot at:(t:1, i:0) file:/home/runner/work/ozone/ozone/hadoop-ozone/integration-test/target/test-dir/MiniOzoneClusterImpl-cb9ba06c-8019-4b1a-b2e9-0b8ac0549875/datanode-0/data/ratis/d7aa3d5d-dbc1-4713-8e15-679057b5b738/sm/snapshot.1_0 took: 1 ms
2022-10-06 01:04:27,184 [4b23e9ad-4c3b-4e5e-a325-f9b3b725a9ac@group-679057B5B738-StateMachineUpdater] INFO  impl.StateMachineUpdater (StateMachineUpdater.java:takeSnapshot(287)) - 4b23e9ad-4c3b-4e5e-a325-f9b3b725a9ac@group-679057B5B738-StateMachineUpdater: Took a snapshot at index 0
2022-10-06 01:04:27,185 [4b23e9ad-4c3b-4e5e-a325-f9b3b725a9ac@group-679057B5B738-StateMachineUpdater] INFO  impl.StateMachineUpdater (StateMachineUpdater.java:lambda$new$0(92)) - 4b23e9ad-4c3b-4e5e-a325-f9b3b725a9ac@group-679057B5B738-StateMachineUpdater: snapshotIndex: updateIncreasingly -1 -> 0
2022-10-06 01:04:27,185 [ForkJoinPool.commonPool-worker-0] INFO  server.RaftServer$Division (ServerState.java:close(429)) - 4b23e9ad-4c3b-4e5e-a325-f9b3b725a9ac@group-679057B5B738: closes. applyIndex: 0
2022-10-06 01:04:27,185 [4b23e9ad-4c3b-4e5e-a325-f9b3b725a9ac@group-679057B5B738-SegmentedRaftLogWorker] INFO  segmented.SegmentedRaftLogWorker (SegmentedRaftLogWorker.java:run(336)) - 4b23e9ad-4c3b-4e5e-a325-f9b3b725a9ac@group-679057B5B738-SegmentedRaftLogWorker was interrupted, exiting. There are 0 tasks remaining in the queue.
2022-10-06 01:04:27,185 [ForkJoinPool.commonPool-worker-0] INFO  segmented.SegmentedRaftLogWorker (SegmentedRaftLogWorker.java:close(246)) - 4b23e9ad-4c3b-4e5e-a325-f9b3b725a9ac@group-679057B5B738-SegmentedRaftLogWorker close()
2022-10-06 01:04:27,186 [ForkJoinPool.commonPool-worker-0] INFO  server.RaftServer$Division (RaftServerImpl.java:lambda$close$4(434)) - 4b23e9ad-4c3b-4e5e-a325-f9b3b725a9ac@group-9B53D1D8130A: shutdown
2022-10-06 01:04:27,186 [ForkJoinPool.commonPool-worker-0] INFO  util.JmxRegister (JmxRegister.java:unregister(73)) - Successfully un-registered JMX Bean with object name Ratis:service=RaftServer,group=group-9B53D1D8130A,id=4b23e9ad-4c3b-4e5e-a325-f9b3b725a9ac
2022-10-06 01:04:27,186 [ForkJoinPool.commonPool-worker-0] INFO  impl.RoleInfo (RoleInfo.java:shutdownFollowerState(110)) - 4b23e9ad-4c3b-4e5e-a325-f9b3b725a9ac: shutdown 4b23e9ad-4c3b-4e5e-a325-f9b3b725a9ac@group-9B53D1D8130A-FollowerState
2022-10-06 01:04:27,186 [ForkJoinPool.commonPool-worker-0] INFO  impl.StateMachineUpdater (StateMachineUpdater.java:stopAndJoin(153)) - 4b23e9ad-4c3b-4e5e-a325-f9b3b725a9ac@group-9B53D1D8130A-StateMachineUpdater: set stopIndex = 16
2022-10-06 01:04:27,187 [4b23e9ad-4c3b-4e5e-a325-f9b3b725a9ac@group-9B53D1D8130A-FollowerState] INFO  impl.FollowerState (FollowerState.java:run(152)) - 4b23e9ad-4c3b-4e5e-a325-f9b3b725a9ac@group-9B53D1D8130A-FollowerState was interrupted
2022-10-06 01:04:27,190 [4b23e9ad-4c3b-4e5e-a325-f9b3b725a9ac@group-9B53D1D8130A-StateMachineUpdater] INFO  ratis.ContainerStateMachine (ContainerStateMachine.java:takeSnapshot(304)) - group-9B53D1D8130A: Taking a snapshot at:(t:3, i:16) file /home/runner/work/ozone/ozone/hadoop-ozone/integration-test/target/test-dir/MiniOzoneClusterImpl-cb9ba06c-8019-4b1a-b2e9-0b8ac0549875/datanode-0/data/ratis/23626235-c7d9-47e2-b900-9b53d1d8130a/sm/snapshot.3_16
2022-10-06 01:04:27,190 [Listener at 127.0.0.1/34317] INFO  ozoneimpl.OzoneContainer (OzoneContainer.java:stop(400)) - Attempting to stop container services.
2022-10-06 01:04:27,194 [Listener at 127.0.0.1/34317] INFO  server.RaftServer (RaftServerProxy.java:lambda$close$7(398)) - 321876d2-b421-4eba-aafb-38bc2081ddf0: close
2022-10-06 01:04:27,194 [Listener at 127.0.0.1/34317] INFO  server.RaftServer$Division (RaftServerImpl.java:lambda$close$4(434)) - 321876d2-b421-4eba-aafb-38bc2081ddf0@group-29EF2E52A916: shutdown
2022-10-06 01:04:27,194 [Listener at 127.0.0.1/34317] INFO  util.JmxRegister (JmxRegister.java:unregister(73)) - Successfully un-registered JMX Bean with object name Ratis:service=RaftServer,group=group-29EF2E52A916,id=321876d2-b421-4eba-aafb-38bc2081ddf0
2022-10-06 01:04:27,194 [Listener at 127.0.0.1/34317] INFO  impl.RoleInfo (RoleInfo.java:shutdownLeaderState(93)) - 321876d2-b421-4eba-aafb-38bc2081ddf0: shutdown 321876d2-b421-4eba-aafb-38bc2081ddf0@group-29EF2E52A916-LeaderStateImpl
2022-10-06 01:04:27,194 [Listener at 127.0.0.1/34317] INFO  impl.PendingRequests (PendingRequests.java:sendNotLeaderResponses(282)) - 321876d2-b421-4eba-aafb-38bc2081ddf0@group-29EF2E52A916-PendingRequests: sendNotLeaderResponses
2022-10-06 01:04:27,195 [Listener at 127.0.0.1/34317] INFO  impl.StateMachineUpdater (StateMachineUpdater.java:stopAndJoin(153)) - 321876d2-b421-4eba-aafb-38bc2081ddf0@group-29EF2E52A916-StateMachineUpdater: set stopIndex = 0
2022-10-06 01:04:27,195 [4b23e9ad-4c3b-4e5e-a325-f9b3b725a9ac@group-9B53D1D8130A-StateMachineUpdater] INFO  ratis.ContainerStateMachine (ContainerStateMachine.java:takeSnapshot(315)) - group-9B53D1D8130A: Finished taking a snapshot at:(t:3, i:16) file:/home/runner/work/ozone/ozone/hadoop-ozone/integration-test/target/test-dir/MiniOzoneClusterImpl-cb9ba06c-8019-4b1a-b2e9-0b8ac0549875/datanode-0/data/ratis/23626235-c7d9-47e2-b900-9b53d1d8130a/sm/snapshot.3_16 took: 5 ms
2022-10-06 01:04:27,195 [4b23e9ad-4c3b-4e5e-a325-f9b3b725a9ac@group-9B53D1D8130A-StateMachineUpdater] INFO  impl.StateMachineUpdater (StateMachineUpdater.java:takeSnapshot(287)) - 4b23e9ad-4c3b-4e5e-a325-f9b3b725a9ac@group-9B53D1D8130A-StateMachineUpdater: Took a snapshot at index 16
2022-10-06 01:04:27,195 [4b23e9ad-4c3b-4e5e-a325-f9b3b725a9ac@group-9B53D1D8130A-StateMachineUpdater] INFO  impl.StateMachineUpdater (StateMachineUpdater.java:lambda$new$0(92)) - 4b23e9ad-4c3b-4e5e-a325-f9b3b725a9ac@group-9B53D1D8130A-StateMachineUpdater: snapshotIndex: updateIncreasingly -1 -> 16
2022-10-06 01:04:27,196 [321876d2-b421-4eba-aafb-38bc2081ddf0@group-29EF2E52A916-StateMachineUpdater] INFO  ratis.ContainerStateMachine (ContainerStateMachine.java:takeSnapshot(304)) - group-29EF2E52A916: Taking a snapshot at:(t:1, i:0) file /home/runner/work/ozone/ozone/hadoop-ozone/integration-test/target/test-dir/MiniOzoneClusterImpl-cb9ba06c-8019-4b1a-b2e9-0b8ac0549875/datanode-4/data/ratis/b41e0106-ea8d-48ae-abab-29ef2e52a916/sm/snapshot.1_0
2022-10-06 01:04:27,196 [ForkJoinPool.commonPool-worker-0] INFO  server.RaftServer$Division (ServerState.java:close(429)) - 4b23e9ad-4c3b-4e5e-a325-f9b3b725a9ac@group-9B53D1D8130A: closes. applyIndex: 16
2022-10-06 01:04:27,196 [4b23e9ad-4c3b-4e5e-a325-f9b3b725a9ac@group-9B53D1D8130A-SegmentedRaftLogWorker] INFO  segmented.SegmentedRaftLogWorker (SegmentedRaftLogWorker.java:run(336)) - 4b23e9ad-4c3b-4e5e-a325-f9b3b725a9ac@group-9B53D1D8130A-SegmentedRaftLogWorker was interrupted, exiting. There are 0 tasks remaining in the queue.
2022-10-06 01:04:27,197 [ForkJoinPool.commonPool-worker-0] INFO  segmented.SegmentedRaftLogWorker (SegmentedRaftLogWorker.java:close(246)) - 4b23e9ad-4c3b-4e5e-a325-f9b3b725a9ac@group-9B53D1D8130A-SegmentedRaftLogWorker close()
2022-10-06 01:04:27,197 [321876d2-b421-4eba-aafb-38bc2081ddf0@group-29EF2E52A916-StateMachineUpdater] INFO  ratis.ContainerStateMachine (ContainerStateMachine.java:takeSnapshot(315)) - group-29EF2E52A916: Finished taking a snapshot at:(t:1, i:0) file:/home/runner/work/ozone/ozone/hadoop-ozone/integration-test/target/test-dir/MiniOzoneClusterImpl-cb9ba06c-8019-4b1a-b2e9-0b8ac0549875/datanode-4/data/ratis/b41e0106-ea8d-48ae-abab-29ef2e52a916/sm/snapshot.1_0 took: 2 ms
2022-10-06 01:04:27,197 [321876d2-b421-4eba-aafb-38bc2081ddf0@group-29EF2E52A916-StateMachineUpdater] INFO  impl.StateMachineUpdater (StateMachineUpdater.java:takeSnapshot(287)) - 321876d2-b421-4eba-aafb-38bc2081ddf0@group-29EF2E52A916-StateMachineUpdater: Took a snapshot at index 0
2022-10-06 01:04:27,197 [321876d2-b421-4eba-aafb-38bc2081ddf0@group-29EF2E52A916-StateMachineUpdater] INFO  impl.StateMachineUpdater (StateMachineUpdater.java:lambda$new$0(92)) - 321876d2-b421-4eba-aafb-38bc2081ddf0@group-29EF2E52A916-StateMachineUpdater: snapshotIndex: updateIncreasingly -1 -> 0
2022-10-06 01:04:27,197 [Listener at 127.0.0.1/34317] INFO  server.RaftServer$Division (ServerState.java:close(429)) - 321876d2-b421-4eba-aafb-38bc2081ddf0@group-29EF2E52A916: closes. applyIndex: 0
2022-10-06 01:04:27,201 [321876d2-b421-4eba-aafb-38bc2081ddf0@group-29EF2E52A916-SegmentedRaftLogWorker] INFO  segmented.SegmentedRaftLogWorker (SegmentedRaftLogWorker.java:run(336)) - 321876d2-b421-4eba-aafb-38bc2081ddf0@group-29EF2E52A916-SegmentedRaftLogWorker was interrupted, exiting. There are 0 tasks remaining in the queue.
2022-10-06 01:04:27,201 [ForkJoinPool.commonPool-worker-0] INFO  server.GrpcService (GrpcService.java:closeImpl(269)) - 4b23e9ad-4c3b-4e5e-a325-f9b3b725a9ac: shutdown server with port 34691 now
2022-10-06 01:04:27,201 [Listener at 127.0.0.1/34317] INFO  segmented.SegmentedRaftLogWorker (SegmentedRaftLogWorker.java:close(246)) - 321876d2-b421-4eba-aafb-38bc2081ddf0@group-29EF2E52A916-SegmentedRaftLogWorker close()
2022-10-06 01:04:27,202 [Listener at 127.0.0.1/34317] INFO  server.GrpcService (GrpcService.java:closeImpl(269)) - 321876d2-b421-4eba-aafb-38bc2081ddf0: shutdown server with port 44243 now
2022-10-06 01:04:27,202 [Listener at 127.0.0.1/34317] INFO  server.GrpcService (GrpcService.java:closeImpl(278)) - 321876d2-b421-4eba-aafb-38bc2081ddf0: shutdown server with port 44243 successfully
2022-10-06 01:04:27,202 [org.apache.ratis.util.JvmPauseMonitor$$Lambda$619/277409773@14ca58e5] INFO  util.JvmPauseMonitor (JvmPauseMonitor.java:run(109)) - JvmPauseMonitor-321876d2-b421-4eba-aafb-38bc2081ddf0: Stopped
2022-10-06 01:04:27,203 [ForkJoinPool.commonPool-worker-0] INFO  server.GrpcService (GrpcService.java:closeImpl(278)) - 4b23e9ad-4c3b-4e5e-a325-f9b3b725a9ac: shutdown server with port 34691 successfully
2022-10-06 01:04:27,203 [org.apache.ratis.util.JvmPauseMonitor$$Lambda$619/277409773@528e6e62] INFO  util.JvmPauseMonitor (JvmPauseMonitor.java:run(109)) - JvmPauseMonitor-4b23e9ad-4c3b-4e5e-a325-f9b3b725a9ac: Stopped
2022-10-06 01:04:29,223 [ForkJoinPool.commonPool-worker-0] INFO  utils.BackgroundService (BackgroundService.java:shutdown(141)) - Shutting down service BlockDeletingService
2022-10-06 01:04:29,224 [ForkJoinPool.commonPool-worker-0] INFO  utils.BackgroundService (BackgroundService.java:shutdown(141)) - Shutting down service StaleRecoveringContainerScrubbingService
2022-10-06 01:04:29,235 [Listener at 127.0.0.1/34317] INFO  utils.BackgroundService (BackgroundService.java:shutdown(141)) - Shutting down service BlockDeletingService
2022-10-06 01:04:29,237 [Listener at 127.0.0.1/34317] INFO  utils.BackgroundService (BackgroundService.java:shutdown(141)) - Shutting down service StaleRecoveringContainerScrubbingService
2022-10-06 01:04:32,231 [ForkJoinPool.commonPool-worker-0] INFO  statemachine.DatanodeStateMachine (DatanodeStateMachine.java:stopDaemon(580)) - Ozone container server stopped.
2022-10-06 01:04:32,242 [Listener at 127.0.0.1/34317] INFO  statemachine.DatanodeStateMachine (DatanodeStateMachine.java:stopDaemon(580)) - Ozone container server stopped.
2022-10-06 01:04:32,264 [Listener at 127.0.0.1/34317] INFO  handler.ContextHandler (ContextHandler.java:doStop(1153)) - Stopped o.e.j.w.WebAppContext@55e5cebc{hddsDatanode,/,null,STOPPED}{jar:file:/home/runner/.m2/repository/org/apache/ozone/hdds-container-service/1.3.0-SNAPSHOT/hdds-container-service-1.3.0-SNAPSHOT.jar!/webapps/hddsDatanode}
2022-10-06 01:04:32,265 [ForkJoinPool.commonPool-worker-0] INFO  handler.ContextHandler (ContextHandler.java:doStop(1153)) - Stopped o.e.j.w.WebAppContext@2de55285{hddsDatanode,/,null,STOPPED}{jar:file:/home/runner/.m2/repository/org/apache/ozone/hdds-container-service/1.3.0-SNAPSHOT/hdds-container-service-1.3.0-SNAPSHOT.jar!/webapps/hddsDatanode}
2022-10-06 01:04:32,266 [ForkJoinPool.commonPool-worker-0] INFO  server.AbstractConnector (AbstractConnector.java:doStop(381)) - Stopped ServerConnector@1bb6b61c{HTTP/1.1, (http/1.1)}{0.0.0.0:0}
2022-10-06 01:04:32,266 [Listener at 127.0.0.1/34317] INFO  server.AbstractConnector (AbstractConnector.java:doStop(381)) - Stopped ServerConnector@1645fba9{HTTP/1.1, (http/1.1)}{0.0.0.0:0}
2022-10-06 01:04:32,266 [Listener at 127.0.0.1/34317] INFO  server.session (HouseKeeper.java:stopScavenging(149)) - node0 Stopped scavenging
2022-10-06 01:04:32,266 [Listener at 127.0.0.1/34317] INFO  handler.ContextHandler (ContextHandler.java:doStop(1153)) - Stopped o.e.j.s.ServletContextHandler@3afbd1fd{static,/static,jar:file:/home/runner/.m2/repository/org/apache/ozone/hdds-container-service/1.3.0-SNAPSHOT/hdds-container-service-1.3.0-SNAPSHOT.jar!/webapps/static,STOPPED}
2022-10-06 01:04:32,266 [Listener at 127.0.0.1/34317] INFO  handler.ContextHandler (ContextHandler.java:doStop(1153)) - Stopped o.e.j.s.ServletContextHandler@239153fe{logs,/logs,file:///home/runner/work/ozone/ozone/hadoop-ozone/integration-test/target/log,STOPPED}
2022-10-06 01:04:32,266 [ForkJoinPool.commonPool-worker-0] INFO  server.session (HouseKeeper.java:stopScavenging(149)) - node0 Stopped scavenging
2022-10-06 01:04:32,270 [ForkJoinPool.commonPool-worker-0] INFO  handler.ContextHandler (ContextHandler.java:doStop(1153)) - Stopped o.e.j.s.ServletContextHandler@7dd12c34{static,/static,jar:file:/home/runner/.m2/repository/org/apache/ozone/hdds-container-service/1.3.0-SNAPSHOT/hdds-container-service-1.3.0-SNAPSHOT.jar!/webapps/static,STOPPED}
2022-10-06 01:04:32,271 [ForkJoinPool.commonPool-worker-0] INFO  handler.ContextHandler (ContextHandler.java:doStop(1153)) - Stopped o.e.j.s.ServletContextHandler@708f30e6{logs,/logs,file:///home/runner/work/ozone/ozone/hadoop-ozone/integration-test/target/log,STOPPED}
2022-10-06 01:04:34,614 [Under Replicated Processor] INFO  replication.UnderReplicatedProcessor (UnderReplicatedProcessor.java:processAll(92)) - Processed 0 under replicated containers, failed processing 0
2022-10-06 01:04:34,622 [Over Replicated Processor] INFO  replication.OverReplicatedProcessor (OverReplicatedProcessor.java:processAll(90)) - Processed 0 over replicated containers, failed processing 0
2022-10-06 01:04:37,273 [ForkJoinPool.commonPool-worker-0] INFO  ozoneimpl.OzoneContainer (OzoneContainer.java:stop(400)) - Attempting to stop container services.
2022-10-06 01:04:37,274 [ForkJoinPool.commonPool-worker-0] INFO  server.RaftServer (RaftServerProxy.java:lambda$close$7(398)) - 62d7347f-94d0-45cc-b868-9236a636eb61: close
2022-10-06 01:04:37,274 [ForkJoinPool.commonPool-worker-0] INFO  server.RaftServer$Division (RaftServerImpl.java:lambda$close$4(434)) - 62d7347f-94d0-45cc-b868-9236a636eb61@group-EAE602682FB9: shutdown
2022-10-06 01:04:37,274 [ForkJoinPool.commonPool-worker-0] INFO  util.JmxRegister (JmxRegister.java:unregister(73)) - Successfully un-registered JMX Bean with object name Ratis:service=RaftServer,group=group-EAE602682FB9,id=62d7347f-94d0-45cc-b868-9236a636eb61
2022-10-06 01:04:37,274 [ForkJoinPool.commonPool-worker-0] INFO  impl.RoleInfo (RoleInfo.java:shutdownLeaderState(93)) - 62d7347f-94d0-45cc-b868-9236a636eb61: shutdown 62d7347f-94d0-45cc-b868-9236a636eb61@group-EAE602682FB9-LeaderStateImpl
2022-10-06 01:04:37,274 [ForkJoinPool.commonPool-worker-0] INFO  impl.PendingRequests (PendingRequests.java:sendNotLeaderResponses(282)) - 62d7347f-94d0-45cc-b868-9236a636eb61@group-EAE602682FB9-PendingRequests: sendNotLeaderResponses
2022-10-06 01:04:37,275 [ForkJoinPool.commonPool-worker-0] INFO  impl.StateMachineUpdater (StateMachineUpdater.java:stopAndJoin(153)) - 62d7347f-94d0-45cc-b868-9236a636eb61@group-EAE602682FB9-StateMachineUpdater: set stopIndex = 0
2022-10-06 01:04:37,275 [62d7347f-94d0-45cc-b868-9236a636eb61@group-EAE602682FB9-StateMachineUpdater] INFO  ratis.ContainerStateMachine (ContainerStateMachine.java:takeSnapshot(304)) - group-EAE602682FB9: Taking a snapshot at:(t:1, i:0) file /home/runner/work/ozone/ozone/hadoop-ozone/integration-test/target/test-dir/MiniOzoneClusterImpl-cb9ba06c-8019-4b1a-b2e9-0b8ac0549875/datanode-3/data/ratis/d368ba86-a4a2-4789-bcb5-eae602682fb9/sm/snapshot.1_0
2022-10-06 01:04:37,276 [62d7347f-94d0-45cc-b868-9236a636eb61@group-EAE602682FB9-StateMachineUpdater] INFO  ratis.ContainerStateMachine (ContainerStateMachine.java:takeSnapshot(315)) - group-EAE602682FB9: Finished taking a snapshot at:(t:1, i:0) file:/home/runner/work/ozone/ozone/hadoop-ozone/integration-test/target/test-dir/MiniOzoneClusterImpl-cb9ba06c-8019-4b1a-b2e9-0b8ac0549875/datanode-3/data/ratis/d368ba86-a4a2-4789-bcb5-eae602682fb9/sm/snapshot.1_0 took: 1 ms
2022-10-06 01:04:37,276 [62d7347f-94d0-45cc-b868-9236a636eb61@group-EAE602682FB9-StateMachineUpdater] INFO  impl.StateMachineUpdater (StateMachineUpdater.java:takeSnapshot(287)) - 62d7347f-94d0-45cc-b868-9236a636eb61@group-EAE602682FB9-StateMachineUpdater: Took a snapshot at index 0
2022-10-06 01:04:37,276 [62d7347f-94d0-45cc-b868-9236a636eb61@group-EAE602682FB9-StateMachineUpdater] INFO  impl.StateMachineUpdater (StateMachineUpdater.java:lambda$new$0(92)) - 62d7347f-94d0-45cc-b868-9236a636eb61@group-EAE602682FB9-StateMachineUpdater: snapshotIndex: updateIncreasingly -1 -> 0
2022-10-06 01:04:37,277 [ForkJoinPool.commonPool-worker-0] INFO  server.RaftServer$Division (ServerState.java:close(429)) - 62d7347f-94d0-45cc-b868-9236a636eb61@group-EAE602682FB9: closes. applyIndex: 0
2022-10-06 01:04:37,277 [62d7347f-94d0-45cc-b868-9236a636eb61@group-EAE602682FB9-SegmentedRaftLogWorker] INFO  segmented.SegmentedRaftLogWorker (SegmentedRaftLogWorker.java:run(336)) - 62d7347f-94d0-45cc-b868-9236a636eb61@group-EAE602682FB9-SegmentedRaftLogWorker was interrupted, exiting. There are 0 tasks remaining in the queue.
2022-10-06 01:04:37,277 [ForkJoinPool.commonPool-worker-0] INFO  segmented.SegmentedRaftLogWorker (SegmentedRaftLogWorker.java:close(246)) - 62d7347f-94d0-45cc-b868-9236a636eb61@group-EAE602682FB9-SegmentedRaftLogWorker close()
2022-10-06 01:04:37,278 [ForkJoinPool.commonPool-worker-0] INFO  server.GrpcService (GrpcService.java:closeImpl(269)) - 62d7347f-94d0-45cc-b868-9236a636eb61: shutdown server with port 41921 now
2022-10-06 01:04:37,280 [ForkJoinPool.commonPool-worker-0] INFO  server.GrpcService (GrpcService.java:closeImpl(278)) - 62d7347f-94d0-45cc-b868-9236a636eb61: shutdown server with port 41921 successfully
2022-10-06 01:04:37,281 [org.apache.ratis.util.JvmPauseMonitor$$Lambda$619/277409773@c6b2a3a] INFO  util.JvmPauseMonitor (JvmPauseMonitor.java:run(109)) - JvmPauseMonitor-62d7347f-94d0-45cc-b868-9236a636eb61: Stopped
2022-10-06 01:04:39,326 [ForkJoinPool.commonPool-worker-0] INFO  utils.BackgroundService (BackgroundService.java:shutdown(141)) - Shutting down service BlockDeletingService
2022-10-06 01:04:39,327 [ForkJoinPool.commonPool-worker-0] INFO  utils.BackgroundService (BackgroundService.java:shutdown(141)) - Shutting down service StaleRecoveringContainerScrubbingService
2022-10-06 01:04:42,343 [ForkJoinPool.commonPool-worker-0] INFO  statemachine.DatanodeStateMachine (DatanodeStateMachine.java:stopDaemon(580)) - Ozone container server stopped.
2022-10-06 01:04:42,377 [ForkJoinPool.commonPool-worker-0] INFO  handler.ContextHandler (ContextHandler.java:doStop(1153)) - Stopped o.e.j.w.WebAppContext@4523432{hddsDatanode,/,null,STOPPED}{jar:file:/home/runner/.m2/repository/org/apache/ozone/hdds-container-service/1.3.0-SNAPSHOT/hdds-container-service-1.3.0-SNAPSHOT.jar!/webapps/hddsDatanode}
2022-10-06 01:04:42,382 [ForkJoinPool.commonPool-worker-0] INFO  server.AbstractConnector (AbstractConnector.java:doStop(381)) - Stopped ServerConnector@625bb465{HTTP/1.1, (http/1.1)}{0.0.0.0:0}
2022-10-06 01:04:42,382 [ForkJoinPool.commonPool-worker-0] INFO  server.session (HouseKeeper.java:stopScavenging(149)) - node0 Stopped scavenging
2022-10-06 01:04:42,386 [ForkJoinPool.commonPool-worker-0] INFO  handler.ContextHandler (ContextHandler.java:doStop(1153)) - Stopped o.e.j.s.ServletContextHandler@7e486dcf{static,/static,jar:file:/home/runner/.m2/repository/org/apache/ozone/hdds-container-service/1.3.0-SNAPSHOT/hdds-container-service-1.3.0-SNAPSHOT.jar!/webapps/static,STOPPED}
2022-10-06 01:04:42,386 [ForkJoinPool.commonPool-worker-0] INFO  handler.ContextHandler (ContextHandler.java:doStop(1153)) - Stopped o.e.j.s.ServletContextHandler@42d7b96{logs,/logs,file:///home/runner/work/ozone/ozone/hadoop-ozone/integration-test/target/log,STOPPED}
2022-10-06 01:04:42,388 [Listener at 127.0.0.1/34317] INFO  ozone.MiniOzoneClusterImpl (MiniOzoneClusterImpl.java:stopSCM(537)) - Stopping the StorageContainerManager
2022-10-06 01:04:42,388 [Listener at 127.0.0.1/34317] INFO  server.StorageContainerManager (StorageContainerManager.java:stop(1528)) - Container Balancer is not running.
2022-10-06 01:04:42,388 [Listener at 127.0.0.1/34317] INFO  server.StorageContainerManager (StorageContainerManager.java:stop(1535)) - Stopping Replication Manager Service.
2022-10-06 01:04:42,388 [Listener at 127.0.0.1/34317] INFO  replication.ReplicationManager (ReplicationManager.java:stop(257)) - Stopping Replication Monitor Thread.
2022-10-06 01:04:42,388 [Under Replicated Processor] WARN  replication.UnderReplicatedProcessor (UnderReplicatedProcessor.java:run(148)) - Under Replicated Processor interrupted. Exiting...
2022-10-06 01:04:42,388 [Listener at 127.0.0.1/34317] INFO  server.StorageContainerManager (StorageContainerManager.java:stop(1542)) - Stopping the Datanode Admin Monitor.
2022-10-06 01:04:42,388 [Listener at 127.0.0.1/34317] INFO  server.StorageContainerManager (StorageContainerManager.java:stop(1549)) - Stopping Lease Manager of the command watchers
2022-10-06 01:04:42,388 [Listener at 127.0.0.1/34317] INFO  server.StorageContainerManager (StorageContainerManager.java:stop(1556)) - Stopping datanode service RPC server
2022-10-06 01:04:42,388 [ReplicationMonitor] INFO  replication.ReplicationManager (ReplicationManager.java:run(509)) - Replication Monitor Thread is stopped
2022-10-06 01:04:42,389 [Listener at 127.0.0.1/34317] INFO  server.SCMDatanodeProtocolServer (SCMDatanodeProtocolServer.java:stop(414)) - Stopping the RPC server for DataNodes
2022-10-06 01:04:42,389 [Listener at 127.0.0.1/34317] INFO  ipc.Server (Server.java:stop(3414)) - Stopping server on 34983
2022-10-06 01:04:42,389 [Over Replicated Processor] WARN  replication.OverReplicatedProcessor (OverReplicatedProcessor.java:run(137)) - Over Replicated Processor interrupted. Exiting...
2022-10-06 01:04:42,392 [IPC Server Responder] INFO  ipc.Server (Server.java:run(1512)) - Stopping IPC Server Responder
2022-10-06 01:04:42,392 [IPC Server listener on 0] INFO  ipc.Server (Server.java:run(1376)) - Stopping IPC Server listener on 0
2022-10-06 01:04:42,459 [SCM Heartbeat Processing Thread - 0] WARN  node.NodeStateManager (NodeStateManager.java:scheduleNextHealthCheck(870)) - Current Thread is interrupted, shutting down HB processing thread for Node Manager.
2022-10-06 01:04:42,460 [Listener at 127.0.0.1/34317] INFO  server.StorageContainerManager (StorageContainerManager.java:stop(1564)) - Stopping block service RPC server
2022-10-06 01:04:42,460 [Listener at 127.0.0.1/34317] INFO  server.SCMBlockProtocolServer (SCMBlockProtocolServer.java:stop(161)) - Stopping the RPC server for Block Protocol
2022-10-06 01:04:42,460 [Listener at 127.0.0.1/34317] INFO  ipc.Server (Server.java:stop(3414)) - Stopping server on 42963
2022-10-06 01:04:42,462 [IPC Server listener on 0] INFO  ipc.Server (Server.java:run(1376)) - Stopping IPC Server listener on 0
2022-10-06 01:04:42,462 [IPC Server Responder] INFO  ipc.Server (Server.java:run(1512)) - Stopping IPC Server Responder
2022-10-06 01:04:42,462 [Listener at 127.0.0.1/34317] INFO  server.StorageContainerManager (StorageContainerManager.java:stop(1571)) - Stopping the StorageContainerLocationProtocol RPC server
2022-10-06 01:04:42,462 [Listener at 127.0.0.1/34317] INFO  server.SCMClientProtocolServer (SCMClientProtocolServer.java:stop(179)) - Stopping the RPC server for Client Protocol
2022-10-06 01:04:42,462 [Listener at 127.0.0.1/34317] INFO  ipc.Server (Server.java:stop(3414)) - Stopping server on 34041
2022-10-06 01:04:42,464 [IPC Server Responder] INFO  ipc.Server (Server.java:run(1512)) - Stopping IPC Server Responder
2022-10-06 01:04:42,464 [Listener at 127.0.0.1/34317] INFO  server.StorageContainerManager (StorageContainerManager.java:stop(1578)) - Stopping Storage Container Manager HTTP server.
2022-10-06 01:04:42,464 [IPC Server listener on 0] INFO  ipc.Server (Server.java:run(1376)) - Stopping IPC Server listener on 0
2022-10-06 01:04:42,465 [Listener at 127.0.0.1/34317] INFO  handler.ContextHandler (ContextHandler.java:doStop(1153)) - Stopped o.e.j.w.WebAppContext@689fcf08{scm,/,null,STOPPED}{file:/home/runner/work/ozone/ozone/hadoop-ozone/integration-test/target/test-classes/webapps/scm}
2022-10-06 01:04:42,469 [Listener at 127.0.0.1/34317] INFO  server.AbstractConnector (AbstractConnector.java:doStop(381)) - Stopped ServerConnector@6b3da23f{HTTP/1.1, (http/1.1)}{0.0.0.0:0}
2022-10-06 01:04:42,469 [Listener at 127.0.0.1/34317] INFO  server.session (HouseKeeper.java:stopScavenging(149)) - node0 Stopped scavenging
2022-10-06 01:04:42,469 [Listener at 127.0.0.1/34317] INFO  handler.ContextHandler (ContextHandler.java:doStop(1153)) - Stopped o.e.j.s.ServletContextHandler@45f70f68{static,/static,file:///home/runner/work/ozone/ozone/hadoop-ozone/integration-test/target/test-classes/webapps/static,STOPPED}
2022-10-06 01:04:42,469 [Listener at 127.0.0.1/34317] INFO  handler.ContextHandler (ContextHandler.java:doStop(1153)) - Stopped o.e.j.s.ServletContextHandler@62a6a47e{logs,/logs,file:///home/runner/work/ozone/ozone/hadoop-ozone/integration-test/target/log,STOPPED}
2022-10-06 01:04:42,474 [Listener at 127.0.0.1/34317] INFO  server.StorageContainerManager (StorageContainerManager.java:stop(1584)) - Stopping SCM LayoutVersionManager Service.
2022-10-06 01:04:42,474 [Listener at 127.0.0.1/34317] INFO  server.StorageContainerManager (StorageContainerManager.java:stop(1592)) - Stopping Block Manager Service.
2022-10-06 01:04:42,474 [Listener at 127.0.0.1/34317] INFO  utils.BackgroundService (BackgroundService.java:shutdown(141)) - Shutting down service SCMBlockDeletingService
2022-10-06 01:04:42,474 [Listener at 127.0.0.1/34317] INFO  utils.BackgroundService (BackgroundService.java:shutdown(141)) - Shutting down service SCMBlockDeletingService
2022-10-06 01:04:42,475 [Listener at 127.0.0.1/34317] INFO  server.StorageContainerManager (StorageContainerManager.java:stop(1619)) - Stopping SCM Event Queue.
2022-10-06 01:04:42,478 [Listener at 127.0.0.1/34317] INFO  server.StorageContainerManager (StorageContainerManager.java:stop(1630)) - Stopping SCM HA services.
2022-10-06 01:04:42,478 [Listener at 127.0.0.1/34317] INFO  pipeline.BackgroundPipelineCreator (BackgroundPipelineCreator.java:stop(149)) - Stopping RatisPipelineUtilsThread.
2022-10-06 01:04:42,478 [RatisPipelineUtilsThread - 0] WARN  pipeline.BackgroundPipelineCreator (BackgroundPipelineCreator.java:run(180)) - RatisPipelineUtilsThread is interrupted.
2022-10-06 01:04:42,479 [Listener at 127.0.0.1/34317] INFO  BackgroundPipelineScrubber (BackgroundSCMService.java:stop(131)) - Stopping BackgroundPipelineScrubber Service.
2022-10-06 01:04:42,479 [BackgroundPipelineScrubberThread] WARN  BackgroundPipelineScrubber (BackgroundSCMService.java:run(115)) - BackgroundPipelineScrubber is interrupted, exit
2022-10-06 01:04:42,480 [Listener at 127.0.0.1/34317] INFO  server.StorageContainerManager (StorageContainerManager.java:stop(1640)) - Stopping SCM MetadataStore.
2022-10-06 01:04:42,483 [Listener at 127.0.0.1/34317] INFO  impl.MetricsSystemImpl (MetricsSystemImpl.java:stop(210)) - Stopping XceiverClientMetrics metrics system...
2022-10-06 01:04:42,486 [prometheus] INFO  impl.MetricsSinkAdapter (MetricsSinkAdapter.java:publishMetricsFromQueue(141)) - prometheus thread interrupted.
2022-10-06 01:04:42,487 [Listener at 127.0.0.1/34317] INFO  impl.MetricsSystemImpl (MetricsSystemImpl.java:stop(216)) - XceiverClientMetrics metrics system stopped.
2022-10-06 01:04:42,742 [Listener at 127.0.0.1/34317] WARN  server.ServerUtils (ServerUtils.java:getScmDbDir(148)) - ozone.scm.db.dirs is not configured. We recommend adding this setting. Falling back to ozone.metadata.dirs instead.
2022-10-06 01:04:42,745 [Listener at 127.0.0.1/34317] WARN  server.ServerUtils (ServerUtils.java:getScmDbDir(148)) - ozone.scm.db.dirs is not configured. We recommend adding this setting. Falling back to ozone.metadata.dirs instead.
2022-10-06 01:04:42,745 [Listener at 127.0.0.1/34317] INFO  ha.SCMHANodeDetails (SCMHANodeDetails.java:loadSCMHAConfig(209)) - ServiceID for StorageContainerManager is null
2022-10-06 01:04:42,745 [Listener at 127.0.0.1/34317] INFO  ha.SCMHANodeDetails (SCMHANodeDetails.java:loadSCMHAConfig(214)) - ozone.scm.default.service.id is not defined, falling back to ozone.scm.service.ids to find serviceID for StorageContainerManager if it is HA enabled cluster
2022-10-06 01:04:42,746 [Listener at 127.0.0.1/34317] WARN  utils.HAUtils (HAUtils.java:getMetaDir(342)) - ozone.scm.db.dirs is not configured. We recommend adding this setting. Falling back to ozone.metadata.dirs instead.
2022-10-06 01:04:42,746 [Listener at 127.0.0.1/34317] WARN  db.DBStoreBuilder (DBStoreBuilder.java:applyDBDefinition(144)) - ozone.scm.db.dirs is not configured. We recommend adding this setting. Falling back to ozone.metadata.dirs instead.
2022-10-06 01:04:42,969 [Listener at 127.0.0.1/34317] INFO  net.NodeSchemaLoader (NodeSchemaLoader.java:loadSchemaFromFile(129)) - Loading schema from [jar:file:/home/runner/.m2/repository/org/apache/ozone/hdds-common/1.3.0-SNAPSHOT/hdds-common-1.3.0-SNAPSHOT.jar!/network-topology-default.xml]
2022-10-06 01:04:42,969 [Listener at 127.0.0.1/34317] INFO  net.NodeSchemaLoader (NodeSchemaLoader.java:loadSchema(176)) - Loading network topology layer schema file
2022-10-06 01:04:42,982 [Listener at 127.0.0.1/34317] INFO  upgrade.AbstractLayoutVersionManager (AbstractLayoutVersionManager.java:init(83)) - Initializing Layout version manager with metadata layout = DATANODE_SCHEMA_V3 (version = 4), software layout = DATANODE_SCHEMA_V3 (version = 4)
2022-10-06 01:04:43,112 [Listener at 127.0.0.1/34317] INFO  reflections.Reflections (Reflections.java:scan(232)) - Reflections took 124 ms to scan 7 urls, producing 135 keys and 327 values 
2022-10-06 01:04:43,113 [Listener at 127.0.0.1/34317] INFO  ha.SequenceIdGenerator (SequenceIdGenerator.java:upgradeToSequenceId(349)) - upgrade localId to 109611004723200000
2022-10-06 01:04:43,113 [Listener at 127.0.0.1/34317] INFO  ha.SequenceIdGenerator (SequenceIdGenerator.java:upgradeToSequenceId(359)) - upgrade delTxnId to 0
2022-10-06 01:04:43,114 [Listener at 127.0.0.1/34317] INFO  ha.SequenceIdGenerator (SequenceIdGenerator.java:upgradeToSequenceId(376)) - upgrade containerId to 0
2022-10-06 01:04:43,116 [Listener at 127.0.0.1/34317] INFO  ha.SequenceIdGenerator (SequenceIdGenerator.java:<init>(220)) - Init the HA SequenceIdGenerator.
2022-10-06 01:04:43,117 [Listener at 127.0.0.1/34317] WARN  server.ServerUtils (ServerUtils.java:sanitizeUserArgs(73)) - ozone.scm.stale.node.interval value = 300000 is larger than max = 100000 based on the key value of ozone.scm.heartbeat.thread.interval, reset to the max value 100000.
2022-10-06 01:04:43,117 [Listener at 127.0.0.1/34317] WARN  server.ServerUtils (ServerUtils.java:sanitizeUserArgs(73)) - ozone.scm.stale.node.interval value = 300000 is larger than max = 100000 based on the key value of ozone.scm.heartbeat.thread.interval, reset to the max value 100000.
2022-10-06 01:04:43,127 [Listener at 127.0.0.1/34317] INFO  node.SCMNodeManager (SCMNodeManager.java:<init>(149)) - Entering startup safe mode.
2022-10-06 01:04:43,127 [Listener at 127.0.0.1/34317] INFO  algorithms.ContainerPlacementPolicyFactory (ContainerPlacementPolicyFactory.java:getPolicyInternal(86)) - Create container placement policy of type org.apache.hadoop.hdds.scm.container.placement.algorithms.SCMContainerPlacementRandom
2022-10-06 01:04:43,127 [Listener at 127.0.0.1/34317] INFO  algorithms.ContainerPlacementPolicyFactory (ContainerPlacementPolicyFactory.java:getPolicyInternal(86)) - Create container placement policy of type org.apache.hadoop.hdds.scm.container.placement.algorithms.SCMContainerPlacementRackScatter
2022-10-06 01:04:43,127 [Listener at 127.0.0.1/34317] INFO  pipeline.PipelineStateManagerImpl (PipelineStateManagerImpl.java:initialize(78)) - No pipeline exists in current db
2022-10-06 01:04:43,127 [Listener at 127.0.0.1/34317] INFO  algorithms.LeaderChoosePolicyFactory (LeaderChoosePolicyFactory.java:getPolicy(57)) - Create leader choose policy of type org.apache.hadoop.hdds.scm.pipeline.leader.choose.algorithms.MinLeaderCountChoosePolicy
2022-10-06 01:04:43,128 [Listener at 127.0.0.1/34317] INFO  algorithms.ContainerPlacementPolicyFactory (ContainerPlacementPolicyFactory.java:getPolicyInternal(86)) - Create container placement policy of type org.apache.hadoop.hdds.scm.container.placement.algorithms.SCMContainerPlacementRackScatter
2022-10-06 01:04:43,128 [Listener at 127.0.0.1/34317] INFO  ha.SCMServiceManager (SCMServiceManager.java:register(42)) - Registering service BackgroundPipelineCreator.
2022-10-06 01:04:43,128 [Listener at 127.0.0.1/34317] INFO  pipeline.BackgroundPipelineCreator (BackgroundPipelineCreator.java:start(124)) - Starting RatisPipelineUtilsThread.
2022-10-06 01:04:43,138 [Listener at 127.0.0.1/34317] INFO  BackgroundPipelineScrubber (BackgroundSCMService.java:start(68)) - Starting BackgroundPipelineScrubber Service.
2022-10-06 01:04:43,151 [Listener at 127.0.0.1/34317] INFO  ha.SCMServiceManager (SCMServiceManager.java:register(42)) - Registering service BackgroundPipelineScrubber.
2022-10-06 01:04:43,152 [Listener at 127.0.0.1/34317] INFO  ExpiredContainerReplicaOpScrubber (BackgroundSCMService.java:start(68)) - Starting ExpiredContainerReplicaOpScrubber Service.
2022-10-06 01:04:43,152 [Listener at 127.0.0.1/34317] INFO  ha.SCMServiceManager (SCMServiceManager.java:register(42)) - Registering service ExpiredContainerReplicaOpScrubber.
2022-10-06 01:04:43,153 [Listener at 127.0.0.1/34317] INFO  algorithms.PipelineChoosePolicyFactory (PipelineChoosePolicyFactory.java:createPipelineChoosePolicyFromClass(73)) - Create pipeline choose policy of type org.apache.hadoop.hdds.scm.pipeline.choose.algorithms.RandomPipelineChoosePolicy
2022-10-06 01:04:43,153 [Listener at 127.0.0.1/34317] INFO  ha.SCMServiceManager (SCMServiceManager.java:register(42)) - Registering service SCMBlockDeletingService.
2022-10-06 01:04:43,153 [Listener at 127.0.0.1/34317] INFO  replication.ReplicationManager (ReplicationManager.java:start(223)) - Starting Replication Monitor Thread.
2022-10-06 01:04:43,164 [Listener at 127.0.0.1/34317] INFO  ha.SCMServiceManager (SCMServiceManager.java:register(42)) - Registering service ReplicationManager.
2022-10-06 01:04:43,164 [Listener at 127.0.0.1/34317] INFO  safemode.ContainerSafeModeRule (ContainerSafeModeRule.java:<init>(89)) - containers with one replica threshold count 0
2022-10-06 01:04:43,166 [ReplicationMonitor] INFO  replication.ReplicationManager (ReplicationManager.java:processAll(291)) - Replication Manager is not ready to run until 3000ms after safemode exit
2022-10-06 01:04:43,185 [Listener at 127.0.0.1/34317] INFO  safemode.HealthyPipelineSafeModeRule (HealthyPipelineSafeModeRule.java:initializeRule(169)) - Total pipeline count is 0, healthy pipeline threshold count is 1
2022-10-06 01:04:43,185 [Listener at 127.0.0.1/34317] INFO  safemode.OneReplicaPipelineSafeModeRule (OneReplicaPipelineSafeModeRule.java:initializeRule(180)) - Total pipeline count is 0, pipeline's with at least one datanode reported threshold count is 0
2022-10-06 01:04:43,185 [Listener at 127.0.0.1/34317] INFO  ipc.CallQueueManager (CallQueueManager.java:<init>(90)) - Using callQueue: class java.util.concurrent.LinkedBlockingQueue, queueCapacity: 2000, scheduler: class org.apache.hadoop.ipc.DefaultRpcScheduler, ipcBackoff: false.
2022-10-06 01:04:43,186 [Socket Reader #1 for port 0] INFO  ipc.Server (Server.java:run(1265)) - Starting Socket Reader #1 for port 0
2022-10-06 01:04:43,187 [Listener at 0.0.0.0/37971] INFO  ipc.CallQueueManager (CallQueueManager.java:<init>(90)) - Using callQueue: class java.util.concurrent.LinkedBlockingQueue, queueCapacity: 2000, scheduler: class org.apache.hadoop.ipc.DefaultRpcScheduler, ipcBackoff: false.
2022-10-06 01:04:43,214 [Listener at 0.0.0.0/40029] INFO  ipc.CallQueueManager (CallQueueManager.java:<init>(90)) - Using callQueue: class java.util.concurrent.LinkedBlockingQueue, queueCapacity: 2000, scheduler: class org.apache.hadoop.ipc.DefaultRpcScheduler, ipcBackoff: false.
2022-10-06 01:04:43,215 [Socket Reader #1 for port 0] INFO  ipc.Server (Server.java:run(1265)) - Starting Socket Reader #1 for port 0
2022-10-06 01:04:43,226 [Socket Reader #1 for port 0] INFO  ipc.Server (Server.java:run(1265)) - Starting Socket Reader #1 for port 0
2022-10-06 01:04:43,277 [Listener at 0.0.0.0/34861] INFO  ha.SCMServiceManager (SCMServiceManager.java:register(42)) - Registering service ContainerBalancer.
2022-10-06 01:04:43,294 [Listener at 0.0.0.0/34861] INFO  server.StorageContainerManager (StorageContainerManager.java:<init>(410)) - 
Container Balancer status:
Key                            Value
Running                        false
Container Balancer Configuration values:
Key                                                Value
Threshold                                          10
Max Datanodes to Involve per Iteration(percent)    20
Max Size to Move per Iteration                     500GB
Max Size Entering Target per Iteration             26GB
Max Size Leaving Source per Iteration              26GB

2022-10-06 01:04:43,294 [Listener at 0.0.0.0/34861] WARN  events.EventQueue (EventQueue.java:fireEvent(216)) - No event handler registered for event TypedEvent{payloadType=SafeModeStatus, name='Safe mode status'}
2022-10-06 01:04:43,294 [Listener at 0.0.0.0/34861] INFO  ha.SCMContext (SCMContext.java:updateSafeModeStatus(228)) - Update SafeModeStatus from SafeModeStatus{safeModeStatus=true, preCheckPassed=false} to SafeModeStatus{safeModeStatus=true, preCheckPassed=false}.
2022-10-06 01:04:43,294 [Listener at 0.0.0.0/34861] INFO  server.StorageContainerManager (StorageContainerManager.java:start(1436)) - StorageContainerLocationProtocol RPC server is listening at /0.0.0.0:34861
2022-10-06 01:04:43,295 [Listener at 0.0.0.0/34861] WARN  impl.MetricsConfig (MetricsConfig.java:loadFirst(136)) - Cannot locate configuration: tried hadoop-metrics2-storagecontainermanager.properties,hadoop-metrics2.properties
2022-10-06 01:04:43,302 [Listener at 0.0.0.0/34861] INFO  impl.MetricsSystemImpl (MetricsSystemImpl.java:startTimer(378)) - Scheduled Metric snapshot period at 10 second(s).
2022-10-06 01:04:43,302 [Listener at 0.0.0.0/34861] INFO  impl.MetricsSystemImpl (MetricsSystemImpl.java:start(191)) - StorageContainerManager metrics system started
2022-10-06 01:04:43,342 [Listener at 0.0.0.0/34861] INFO  impl.MetricsSinkAdapter (MetricsSinkAdapter.java:start(204)) - Sink prometheus started
2022-10-06 01:04:43,342 [Listener at 0.0.0.0/34861] INFO  impl.MetricsSystemImpl (MetricsSystemImpl.java:registerSink(305)) - Registered sink prometheus
2022-10-06 01:04:43,390 [Listener at 0.0.0.0/34861] INFO  server.SCMClientProtocolServer (SCMClientProtocolServer.java:start(170)) - RPC server for Client  is listening at /0.0.0.0:34861
2022-10-06 01:04:43,394 [IPC Server Responder] INFO  ipc.Server (Server.java:run(1507)) - IPC Server Responder: starting
2022-10-06 01:04:43,421 [IPC Server listener on 0] INFO  ipc.Server (Server.java:run(1344)) - IPC Server listener on 0: starting
2022-10-06 01:04:43,440 [Listener at 0.0.0.0/34861] INFO  server.StorageContainerManager (StorageContainerManager.java:start(1451)) - ScmBlockLocationProtocol RPC server is listening at /0.0.0.0:40029
2022-10-06 01:04:43,441 [Listener at 0.0.0.0/34861] INFO  server.SCMBlockProtocolServer (SCMBlockProtocolServer.java:start(152)) - RPC server for Block Protocol is listening at /0.0.0.0:40029
2022-10-06 01:04:43,442 [IPC Server Responder] INFO  ipc.Server (Server.java:run(1507)) - IPC Server Responder: starting
2022-10-06 01:04:43,443 [IPC Server listener on 0] INFO  ipc.Server (Server.java:run(1344)) - IPC Server listener on 0: starting
2022-10-06 01:04:43,458 [Listener at 0.0.0.0/34861] INFO  server.SCMDatanodeProtocolServer (SCMDatanodeProtocolServer.java:start(186)) - ScmDatanodeProtocol RPC server for DataNodes is listening at /0.0.0.0:37971
2022-10-06 01:04:43,460 [IPC Server Responder] INFO  ipc.Server (Server.java:run(1507)) - IPC Server Responder: starting
2022-10-06 01:04:43,461 [IPC Server listener on 0] INFO  ipc.Server (Server.java:run(1344)) - IPC Server listener on 0: starting
2022-10-06 01:04:43,569 [org.apache.hadoop.util.JvmPauseMonitor$Monitor@4e9b3fbb] INFO  util.JvmPauseMonitor (JvmPauseMonitor.java:run(188)) - Starting JVM pause monitor
2022-10-06 01:04:43,570 [Listener at 0.0.0.0/34861] INFO  http.BaseHttpServer (BaseHttpServer.java:newHttpServer2BuilderForOzone(213)) - Starting Web-server for scm at: http://0.0.0.0:0
2022-10-06 01:04:43,571 [Listener at 0.0.0.0/34861] INFO  http.BaseHttpServer (BaseHttpServer.java:<init>(108)) - Hadoop Security Enabled: false Ozone Security Enabled: false Ozone HTTP Security Enabled: false 
2022-10-06 01:04:43,572 [Listener at 0.0.0.0/34861] INFO  server.AuthenticationFilter (AuthenticationFilter.java:constructSecretProvider(240)) - Unable to initialize FileSignerSecretProvider, falling back to use random secrets.
2022-10-06 01:04:43,573 [Listener at 0.0.0.0/34861] WARN  http.HttpRequestLog (HttpRequestLog.java:getRequestLog(103)) - Jetty request log can only be enabled using Log4j
2022-10-06 01:04:43,582 [Listener at 0.0.0.0/34861] INFO  http.HttpServer2 (HttpServer2.java:addGlobalFilter(1031)) - Added global filter 'safety' (class=org.apache.hadoop.hdds.server.http.HttpServer2$QuotingInputFilter)
2022-10-06 01:04:43,607 [Listener at 0.0.0.0/34861] INFO  http.HttpServer2 (HttpServer2.java:addFilter(1007)) - Added filter static_user_filter (class=org.apache.hadoop.http.lib.StaticUserWebFilter$StaticUserFilter) to context scm
2022-10-06 01:04:43,607 [Listener at 0.0.0.0/34861] INFO  http.HttpServer2 (HttpServer2.java:addFilter(1015)) - Added filter static_user_filter (class=org.apache.hadoop.http.lib.StaticUserWebFilter$StaticUserFilter) to context static
2022-10-06 01:04:43,607 [Listener at 0.0.0.0/34861] INFO  http.HttpServer2 (HttpServer2.java:addFilter(1015)) - Added filter static_user_filter (class=org.apache.hadoop.http.lib.StaticUserWebFilter$StaticUserFilter) to context logs
2022-10-06 01:04:43,608 [Listener at 0.0.0.0/34861] INFO  http.HttpServer2 (HttpServer2.java:bindListener(1250)) - Jetty bound to port 37365
2022-10-06 01:04:43,608 [Listener at 0.0.0.0/34861] INFO  server.Server (Server.java:doStart(375)) - jetty-9.4.43.v20210629; built: 2021-06-30T11:07:22.254Z; git: 526006ecfa3af7f1a27ef3a288e2bef7ea9dd7e8; jvm 1.8.0_345-b01
2022-10-06 01:04:43,664 [Listener at 0.0.0.0/34861] INFO  server.session (DefaultSessionIdManager.java:doStart(334)) - DefaultSessionIdManager workerName=node0
2022-10-06 01:04:43,665 [Listener at 0.0.0.0/34861] INFO  server.session (DefaultSessionIdManager.java:doStart(339)) - No SessionScavenger set, using defaults
2022-10-06 01:04:43,665 [Listener at 0.0.0.0/34861] INFO  server.session (HouseKeeper.java:startScavenging(132)) - node0 Scavenging every 600000ms
2022-10-06 01:04:43,670 [Listener at 0.0.0.0/34861] INFO  handler.ContextHandler (ContextHandler.java:doStart(915)) - Started o.e.j.s.ServletContextHandler@4c2e5875{logs,/logs,file:///home/runner/work/ozone/ozone/hadoop-ozone/integration-test/target/log,AVAILABLE}
2022-10-06 01:04:43,671 [Listener at 0.0.0.0/34861] INFO  handler.ContextHandler (ContextHandler.java:doStart(915)) - Started o.e.j.s.ServletContextHandler@7cfc688e{static,/static,file:///home/runner/work/ozone/ozone/hadoop-ozone/integration-test/target/test-classes/webapps/static,AVAILABLE}
2022-10-06 01:04:43,676 [Listener at 0.0.0.0/34861] INFO  handler.ContextHandler (ContextHandler.java:doStart(915)) - Started o.e.j.w.WebAppContext@49035687{scm,/,file:///home/runner/work/ozone/ozone/hadoop-ozone/integration-test/target/test-classes/webapps/scm/,AVAILABLE}{file:/home/runner/work/ozone/ozone/hadoop-ozone/integration-test/target/test-classes/webapps/scm}
2022-10-06 01:04:43,686 [Listener at 0.0.0.0/34861] INFO  server.AbstractConnector (AbstractConnector.java:doStart(331)) - Started ServerConnector@55464dd5{HTTP/1.1, (http/1.1)}{0.0.0.0:37365}
2022-10-06 01:04:43,686 [Listener at 0.0.0.0/34861] INFO  server.Server (Server.java:doStart(415)) - Started @102150ms
2022-10-06 01:04:43,686 [Listener at 0.0.0.0/34861] WARN  impl.MetricsSystemImpl (MetricsSystemImpl.java:register(279)) - Sink prometheus already exists!
2022-10-06 01:04:43,687 [Listener at 0.0.0.0/34861] INFO  http.BaseHttpServer (BaseHttpServer.java:updateConnectorAddress(333)) - HTTP server of scm listening at http://0.0.0.0:37365
2022-10-06 01:04:43,687 [Listener at 0.0.0.0/34861] WARN  server.ServerUtils (ServerUtils.java:getDBPath(225)) - ozone.om.db.dirs is not configured. We recommend adding this setting. Falling back to ozone.metadata.dirs instead.
2022-10-06 01:04:43,690 [Listener at 0.0.0.0/34861] INFO  ha.OMHANodeDetails (OMHANodeDetails.java:loadOMHAConfig(115)) - ozone.om.internal.service.id is not defined, falling back to ozone.om.service.ids to find serviceID for OzoneManager if it is HA enabled cluster
2022-10-06 01:04:43,690 [Listener at 0.0.0.0/34861] INFO  ha.OMHANodeDetails (OMHANodeDetails.java:loadOMHAConfig(226)) - Configuration does not have ozone.om.address set. Falling back to the default OM address /127.0.0.1:0
2022-10-06 01:04:43,690 [Listener at 0.0.0.0/34861] INFO  ha.OMHANodeDetails (OMHANodeDetails.java:getOMNodeDetailsForNonHA(254)) - OM Service ID is not set. Setting it to the default ID: omServiceIdDefault
2022-10-06 01:04:43,691 [Listener at 0.0.0.0/34861] INFO  ha.OMHANodeDetails (OMHANodeDetails.java:getOMNodeDetailsForNonHA(261)) - OM Node ID is not set. Setting it to the default ID: om1
2022-10-06 01:04:43,714 [Listener at 0.0.0.0/34861] WARN  server.ServerUtils (ServerUtils.java:getDBPath(225)) - ozone.om.db.dirs is not configured. We recommend adding this setting. Falling back to ozone.metadata.dirs instead.
2022-10-06 01:04:43,714 [Listener at 0.0.0.0/34861] INFO  upgrade.AbstractLayoutVersionManager (AbstractLayoutVersionManager.java:init(83)) - Initializing Layout version manager with metadata layout = MULTITENANCY_SCHEMA (version = 3), software layout = MULTITENANCY_SCHEMA (version = 3)
2022-10-06 01:04:43,939 [Listener at 0.0.0.0/34861] INFO  reflections.Reflections (Reflections.java:scan(232)) - Reflections took 224 ms to scan 2 urls, producing 154 keys and 428 values [using 2 cores]
2022-10-06 01:04:43,940 [Listener at 0.0.0.0/34861] INFO  upgrade.OMLayoutVersionManager (OMLayoutVersionManager.java:lambda$0(115)) - Skipping Upgrade Action MockOmUpgradeAction since it has been finalized.
2022-10-06 01:04:43,940 [Listener at 0.0.0.0/34861] WARN  server.ServerUtils (ServerUtils.java:getDBPath(225)) - ozone.om.db.dirs is not configured. We recommend adding this setting. Falling back to ozone.metadata.dirs instead.
2022-10-06 01:04:43,940 [Listener at 0.0.0.0/34861] INFO  proxy.SCMBlockLocationFailoverProxyProvider (SCMBlockLocationFailoverProxyProvider.java:<init>(114)) - Created block location fail-over proxy with 1 nodes: [nodeId=scmNodeId,nodeAddress=/0.0.0.0:40029]
2022-10-06 01:04:43,941 [Listener at 0.0.0.0/34861] INFO  proxy.SCMBlockLocationFailoverProxyProvider (SCMBlockLocationFailoverProxyProvider.java:<init>(114)) - Created block location fail-over proxy with 1 nodes: [nodeId=scmNodeId,nodeAddress=/0.0.0.0:40029]
2022-10-06 01:04:43,955 [Listener at 0.0.0.0/34861] WARN  server.ServerUtils (ServerUtils.java:getDBPath(225)) - ozone.om.db.dirs is not configured. We recommend adding this setting. Falling back to ozone.metadata.dirs instead.
2022-10-06 01:04:43,956 [Listener at 0.0.0.0/34861] INFO  codec.OmKeyInfoCodec (OmKeyInfoCodec.java:<init>(49)) - OmKeyInfoCodec ignorePipeline = true
2022-10-06 01:04:43,956 [Listener at 0.0.0.0/34861] INFO  codec.RepeatedOmKeyInfoCodec (RepeatedOmKeyInfoCodec.java:<init>(41)) - RepeatedOmKeyInfoCodec ignorePipeline = true
2022-10-06 01:04:44,275 [Listener at 0.0.0.0/34861] INFO  om.OzoneManager (OzoneManager.java:instantiateServices(710)) - S3 Multi-Tenancy is disabled
2022-10-06 01:04:44,276 [Listener at 0.0.0.0/34861] INFO  om.OzoneManager (OzoneManager.java:addS3GVolumeToDB(4325)) - Created Volume s3v With Owner runner required for S3Gateway operations.
2022-10-06 01:04:44,279 [Listener at 0.0.0.0/34861] INFO  om.OzoneManager (OzoneManager.java:getRpcServer(1100)) - Creating RPC Server
2022-10-06 01:04:45,406 [Listener at 0.0.0.0/34861] INFO  reflections.Reflections (Reflections.java:scan(232)) - Reflections took 1119 ms to scan 19 urls, producing 67 keys and 4222 values [using 2 cores]
2022-10-06 01:04:45,407 [Listener at 0.0.0.0/34861] INFO  ipc.CallQueueManager (CallQueueManager.java:<init>(90)) - Using callQueue: class java.util.concurrent.LinkedBlockingQueue, queueCapacity: 2000, scheduler: class org.apache.hadoop.ipc.DefaultRpcScheduler, ipcBackoff: false.
2022-10-06 01:04:45,414 [Socket Reader #1 for port 0] INFO  ipc.Server (Server.java:run(1265)) - Starting Socket Reader #1 for port 0
2022-10-06 01:04:45,482 [Listener at 127.0.0.1/44363] INFO  impl.MetricsSystemImpl (MetricsSystemImpl.java:init(158)) - OzoneManager metrics system started (again)
2022-10-06 01:04:45,504 [Listener at 127.0.0.1/44363] INFO  om.OzoneManager (OzoneManager.java:start(1484)) - OzoneManager RPC server is listening at localhost/127.0.0.1:44363
2022-10-06 01:04:45,504 [Listener at 127.0.0.1/44363] INFO  om.OzoneManager (OzoneManager.java:start(1500)) - Version File has different layout version (3) than OM DB (null). That is expected if this OM has never been finalized to a newer layout version.
2022-10-06 01:04:45,530 [Listener at 127.0.0.1/44363] INFO  http.BaseHttpServer (BaseHttpServer.java:newHttpServer2BuilderForOzone(213)) - Starting Web-server for ozoneManager at: http://0.0.0.0:0
2022-10-06 01:04:45,531 [Listener at 127.0.0.1/44363] INFO  http.BaseHttpServer (BaseHttpServer.java:<init>(108)) - Hadoop Security Enabled: false Ozone Security Enabled: false Ozone HTTP Security Enabled: false 
2022-10-06 01:04:45,536 [Listener at 127.0.0.1/44363] INFO  server.AuthenticationFilter (AuthenticationFilter.java:constructSecretProvider(240)) - Unable to initialize FileSignerSecretProvider, falling back to use random secrets.
2022-10-06 01:04:45,542 [Listener at 127.0.0.1/44363] WARN  http.HttpRequestLog (HttpRequestLog.java:getRequestLog(103)) - Jetty request log can only be enabled using Log4j
2022-10-06 01:04:45,543 [Listener at 127.0.0.1/44363] INFO  http.HttpServer2 (HttpServer2.java:addGlobalFilter(1031)) - Added global filter 'safety' (class=org.apache.hadoop.hdds.server.http.HttpServer2$QuotingInputFilter)
2022-10-06 01:04:45,544 [Listener at 127.0.0.1/44363] INFO  http.HttpServer2 (HttpServer2.java:addFilter(1007)) - Added filter static_user_filter (class=org.apache.hadoop.http.lib.StaticUserWebFilter$StaticUserFilter) to context ozoneManager
2022-10-06 01:04:45,544 [Listener at 127.0.0.1/44363] INFO  http.HttpServer2 (HttpServer2.java:addFilter(1015)) - Added filter static_user_filter (class=org.apache.hadoop.http.lib.StaticUserWebFilter$StaticUserFilter) to context logs
2022-10-06 01:04:45,544 [Listener at 127.0.0.1/44363] INFO  http.HttpServer2 (HttpServer2.java:addFilter(1015)) - Added filter static_user_filter (class=org.apache.hadoop.http.lib.StaticUserWebFilter$StaticUserFilter) to context static
2022-10-06 01:04:45,544 [Listener at 127.0.0.1/44363] INFO  http.HttpServer2 (HttpServer2.java:bindListener(1250)) - Jetty bound to port 41793
2022-10-06 01:04:45,544 [Listener at 127.0.0.1/44363] INFO  server.Server (Server.java:doStart(375)) - jetty-9.4.43.v20210629; built: 2021-06-30T11:07:22.254Z; git: 526006ecfa3af7f1a27ef3a288e2bef7ea9dd7e8; jvm 1.8.0_345-b01
2022-10-06 01:04:45,568 [Listener at 127.0.0.1/44363] INFO  server.session (DefaultSessionIdManager.java:doStart(334)) - DefaultSessionIdManager workerName=node0
2022-10-06 01:04:45,568 [Listener at 127.0.0.1/44363] INFO  server.session (DefaultSessionIdManager.java:doStart(339)) - No SessionScavenger set, using defaults
2022-10-06 01:04:45,568 [Listener at 127.0.0.1/44363] INFO  server.session (HouseKeeper.java:startScavenging(132)) - node0 Scavenging every 660000ms
2022-10-06 01:04:45,569 [Listener at 127.0.0.1/44363] INFO  handler.ContextHandler (ContextHandler.java:doStart(915)) - Started o.e.j.s.ServletContextHandler@400074e2{logs,/logs,file:///home/runner/work/ozone/ozone/hadoop-ozone/integration-test/target/log,AVAILABLE}
2022-10-06 01:04:45,569 [Listener at 127.0.0.1/44363] INFO  handler.ContextHandler (ContextHandler.java:doStart(915)) - Started o.e.j.s.ServletContextHandler@249d9d05{static,/static,file:///home/runner/work/ozone/ozone/hadoop-ozone/integration-test/target/test-classes/webapps/static,AVAILABLE}
2022-10-06 01:04:45,572 [Listener at 127.0.0.1/44363] INFO  handler.ContextHandler (ContextHandler.java:doStart(915)) - Started o.e.j.w.WebAppContext@d2d0bde{ozoneManager,/,file:///home/runner/work/ozone/ozone/hadoop-ozone/integration-test/target/test-classes/webapps/ozoneManager/,AVAILABLE}{file:/home/runner/work/ozone/ozone/hadoop-ozone/integration-test/target/test-classes/webapps/ozoneManager}
2022-10-06 01:04:45,578 [Listener at 127.0.0.1/44363] INFO  server.AbstractConnector (AbstractConnector.java:doStart(331)) - Started ServerConnector@4117fd79{HTTP/1.1, (http/1.1)}{0.0.0.0:41793}
2022-10-06 01:04:45,578 [Listener at 127.0.0.1/44363] INFO  server.Server (Server.java:doStart(415)) - Started @104042ms
2022-10-06 01:04:45,578 [Listener at 127.0.0.1/44363] WARN  impl.MetricsSystemImpl (MetricsSystemImpl.java:register(279)) - Sink prometheus already exists!
2022-10-06 01:04:45,578 [Listener at 127.0.0.1/44363] INFO  http.BaseHttpServer (BaseHttpServer.java:updateConnectorAddress(333)) - HTTP server of ozoneManager listening at http://0.0.0.0:41793
2022-10-06 01:04:45,587 [IPC Server Responder] INFO  ipc.Server (Server.java:run(1507)) - IPC Server Responder: starting
2022-10-06 01:04:45,587 [IPC Server listener on 0] INFO  ipc.Server (Server.java:run(1344)) - IPC Server listener on 0: starting
2022-10-06 01:04:45,589 [Listener at 127.0.0.1/44363] INFO  om.TrashPolicyOzone (TrashPolicyOzone.java:<init>(178)) - Ozone Manager trash configuration: Deletion interval = 0 minutes, Emptier interval = 0 minutes.
2022-10-06 01:04:45,620 [org.apache.hadoop.util.JvmPauseMonitor$Monitor@39fe0512] INFO  util.JvmPauseMonitor (JvmPauseMonitor.java:run(188)) - Starting JVM pause monitor
2022-10-06 01:04:45,676 [Listener at 127.0.0.1/44363] INFO  impl.MetricsSystemImpl (MetricsSystemImpl.java:init(158)) - HddsDatanode metrics system started (again)
2022-10-06 01:04:45,695 [Listener at 127.0.0.1/44363] INFO  ozone.HddsDatanodeService (HddsDatanodeService.java:start(236)) - HddsDatanodeService host:fv-az399-337.4urtqdmtpd2erju50p4tzyn2ng.bx.internal.cloudapp.net ip:10.1.0.249
2022-10-06 01:04:45,724 [Listener at 127.0.0.1/44363] INFO  upgrade.AbstractLayoutVersionManager (AbstractLayoutVersionManager.java:init(83)) - Initializing Layout version manager with metadata layout = DATANODE_SCHEMA_V3 (version = 4), software layout = DATANODE_SCHEMA_V3 (version = 4)
2022-10-06 01:04:45,821 [Listener at 127.0.0.1/44363] INFO  reflections.Reflections (Reflections.java:scan(232)) - Reflections took 95 ms to scan 7 urls, producing 135 keys and 327 values 
2022-10-06 01:04:45,823 [Listener at 127.0.0.1/44363] INFO  statemachine.DatanodeStateMachine (DatanodeStateMachine.java:getEndPointTaskThreadPoolSize(237)) - Datanode State Machine Task Thread Pool size 2
2022-10-06 01:04:45,824 [Listener at 127.0.0.1/44363] INFO  volume.HddsVolume (HddsVolume.java:<init>(117)) - Creating HddsVolume: /home/runner/work/ozone/ozone/hadoop-ozone/integration-test/target/test-dir/MiniOzoneClusterImpl-07f884e1-d8a6-4fa8-8867-d1ed1eaa8398/datanode-0/data-0/containers/hdds of storage type : DISK capacity : 9223372036854775807
2022-10-06 01:04:45,824 [Listener at 127.0.0.1/44363] INFO  volume.MutableVolumeSet (MutableVolumeSet.java:initializeVolumeSet(174)) - Added Volume : /home/runner/work/ozone/ozone/hadoop-ozone/integration-test/target/test-dir/MiniOzoneClusterImpl-07f884e1-d8a6-4fa8-8867-d1ed1eaa8398/datanode-0/data-0/containers/hdds to VolumeSet
2022-10-06 01:04:45,825 [Listener at 127.0.0.1/44363] INFO  volume.ThrottledAsyncChecker (ThrottledAsyncChecker.java:schedule(141)) - Scheduling a check for /home/runner/work/ozone/ozone/hadoop-ozone/integration-test/target/test-dir/MiniOzoneClusterImpl-07f884e1-d8a6-4fa8-8867-d1ed1eaa8398/datanode-0/data-0/containers/hdds
2022-10-06 01:04:45,838 [Listener at 127.0.0.1/44363] INFO  volume.StorageVolumeChecker (StorageVolumeChecker.java:checkAllVolumes(202)) - Scheduled health check for volume /home/runner/work/ozone/ozone/hadoop-ozone/integration-test/target/test-dir/MiniOzoneClusterImpl-07f884e1-d8a6-4fa8-8867-d1ed1eaa8398/datanode-0/data-0/containers/hdds
2022-10-06 01:04:45,849 [Listener at 127.0.0.1/44363] INFO  volume.MutableVolumeSet (MutableVolumeSet.java:initializeVolumeSet(174)) - Added Volume : /home/runner/work/ozone/ozone/hadoop-ozone/integration-test/target/test-dir/MiniOzoneClusterImpl-07f884e1-d8a6-4fa8-8867-d1ed1eaa8398/datanode-0/data/ratis to VolumeSet
2022-10-06 01:04:45,849 [Listener at 127.0.0.1/44363] INFO  volume.ThrottledAsyncChecker (ThrottledAsyncChecker.java:schedule(141)) - Scheduling a check for /home/runner/work/ozone/ozone/hadoop-ozone/integration-test/target/test-dir/MiniOzoneClusterImpl-07f884e1-d8a6-4fa8-8867-d1ed1eaa8398/datanode-0/data/ratis
2022-10-06 01:04:45,866 [Listener at 127.0.0.1/44363] INFO  volume.StorageVolumeChecker (StorageVolumeChecker.java:checkAllVolumes(202)) - Scheduled health check for volume /home/runner/work/ozone/ozone/hadoop-ozone/integration-test/target/test-dir/MiniOzoneClusterImpl-07f884e1-d8a6-4fa8-8867-d1ed1eaa8398/datanode-0/data/ratis
2022-10-06 01:04:45,894 [Thread-745] INFO  ozoneimpl.ContainerReader (ContainerReader.java:readVolume(175)) - Finish verifying containers on volume /home/runner/work/ozone/ozone/hadoop-ozone/integration-test/target/test-dir/MiniOzoneClusterImpl-07f884e1-d8a6-4fa8-8867-d1ed1eaa8398/datanode-0/data-0/containers/hdds
2022-10-06 01:04:45,898 [Listener at 127.0.0.1/44363] INFO  ozoneimpl.OzoneContainer (OzoneContainer.java:buildContainerSet(300)) - Build ContainerSet costs 0s
2022-10-06 01:04:45,900 [Listener at 127.0.0.1/44363] INFO  server.RaftServer (ConfUtils.java:logGet(46)) - raft.rpc.type = GRPC (default)
2022-10-06 01:04:45,900 [Listener at 127.0.0.1/44363] INFO  grpc.GrpcFactory (GrpcFactory.java:checkPooledByteBufAllocatorUseCacheForAllThreads(48)) - PERFORMANCE WARNING: useCacheForAllThreads is true that may cause Netty to create a lot garbage objects and, as a result, trigger GC.
	It is recommended to disable useCacheForAllThreads by setting -Dorg.apache.ratis.thirdparty.io.netty.allocator.useCacheForAllThreads=false in command line.
2022-10-06 01:04:45,900 [Listener at 127.0.0.1/44363] INFO  grpc.GrpcConfigKeys (ConfUtils.java:logGet(46)) - raft.grpc.admin.port = 0 (custom)
2022-10-06 01:04:45,900 [Listener at 127.0.0.1/44363] INFO  grpc.GrpcConfigKeys (ConfUtils.java:logGet(46)) - raft.grpc.client.port = 0 (custom)
2022-10-06 01:04:45,900 [Listener at 127.0.0.1/44363] INFO  grpc.GrpcConfigKeys (ConfUtils.java:logGet(46)) - raft.grpc.server.port = 0 (default)
2022-10-06 01:04:45,900 [Listener at 127.0.0.1/44363] INFO  server.GrpcService (ConfUtils.java:logGet(46)) - raft.grpc.message.size.max = 32MB (=33554432) (custom)
2022-10-06 01:04:45,900 [Listener at 127.0.0.1/44363] INFO  server.RaftServerConfigKeys (ConfUtils.java:logGet(46)) - raft.server.log.appender.buffer.byte-limit = 33554432 (custom)
2022-10-06 01:04:45,900 [Listener at 127.0.0.1/44363] INFO  server.GrpcService (ConfUtils.java:logGet(46)) - raft.grpc.flow.control.window = 5MB (=5242880) (custom)
2022-10-06 01:04:45,900 [Listener at 127.0.0.1/44363] INFO  server.RaftServerConfigKeys (ConfUtils.java:logGet(46)) - raft.server.rpc.request.timeout = 60s (custom)
2022-10-06 01:04:45,901 [Listener at 127.0.0.1/44363] INFO  grpc.GrpcConfigKeys (ConfUtils.java:logGet(46)) - raft.grpc.server.async.request.thread.pool.cached = true (default)
2022-10-06 01:04:45,901 [Listener at 127.0.0.1/44363] INFO  grpc.GrpcConfigKeys (ConfUtils.java:logGet(46)) - raft.grpc.server.async.request.thread.pool.size = 32 (default)
2022-10-06 01:04:45,902 [Listener at 127.0.0.1/44363] INFO  impl.DataStreamServerImpl (ConfUtils.java:logGet(46)) - raft.datastream.type = DISABLED (default)
2022-10-06 01:04:45,902 [Listener at 127.0.0.1/44363] INFO  server.RaftServerConfigKeys (ConfUtils.java:logGet(46)) - raft.server.threadpool.proxy.cached = true (default)
2022-10-06 01:04:45,902 [Listener at 127.0.0.1/44363] INFO  server.RaftServerConfigKeys (ConfUtils.java:logGet(46)) - raft.server.threadpool.proxy.size = 0 (default)
2022-10-06 01:04:45,902 [Listener at 127.0.0.1/44363] INFO  server.RaftServerConfigKeys (ConfUtils.java:logGet(46)) - raft.server.rpc.slowness.timeout = 300s (custom)
2022-10-06 01:04:45,902 [Listener at 127.0.0.1/44363] INFO  server.RaftServerConfigKeys (ConfUtils.java:logGet(46)) - raft.server.leaderelection.leader.step-down.wait-time = 10s (default)
2022-10-06 01:04:45,902 [Listener at 127.0.0.1/44363] INFO  server.RaftServerConfigKeys (ConfUtils.java:logGet(46)) - raft.server.storage.dir = [/home/runner/work/ozone/ozone/hadoop-ozone/integration-test/target/test-dir/MiniOzoneClusterImpl-07f884e1-d8a6-4fa8-8867-d1ed1eaa8398/datanode-0/data/ratis] (custom)
2022-10-06 01:04:45,931 [Listener at 127.0.0.1/44363] INFO  server.XceiverServerGrpc (XceiverServerGrpc.java:<init>(132)) - GrpcServer channel type EpollServerSocketChannel
2022-10-06 01:04:45,938 [Listener at 127.0.0.1/44363] INFO  http.BaseHttpServer (BaseHttpServer.java:newHttpServer2BuilderForOzone(213)) - Starting Web-server for hddsDatanode at: http://0.0.0.0:0
2022-10-06 01:04:45,938 [Listener at 127.0.0.1/44363] INFO  http.BaseHttpServer (BaseHttpServer.java:<init>(108)) - Hadoop Security Enabled: false Ozone Security Enabled: false Ozone HTTP Security Enabled: false 
2022-10-06 01:04:45,939 [Listener at 127.0.0.1/44363] INFO  server.AuthenticationFilter (AuthenticationFilter.java:constructSecretProvider(240)) - Unable to initialize FileSignerSecretProvider, falling back to use random secrets.
2022-10-06 01:04:45,950 [Listener at 127.0.0.1/44363] WARN  http.HttpRequestLog (HttpRequestLog.java:getRequestLog(103)) - Jetty request log can only be enabled using Log4j
2022-10-06 01:04:45,958 [Listener at 127.0.0.1/44363] INFO  http.HttpServer2 (HttpServer2.java:addGlobalFilter(1031)) - Added global filter 'safety' (class=org.apache.hadoop.hdds.server.http.HttpServer2$QuotingInputFilter)
2022-10-06 01:04:45,959 [Listener at 127.0.0.1/44363] INFO  http.HttpServer2 (HttpServer2.java:addFilter(1007)) - Added filter static_user_filter (class=org.apache.hadoop.http.lib.StaticUserWebFilter$StaticUserFilter) to context hddsDatanode
2022-10-06 01:04:45,959 [Listener at 127.0.0.1/44363] INFO  http.HttpServer2 (HttpServer2.java:addFilter(1015)) - Added filter static_user_filter (class=org.apache.hadoop.http.lib.StaticUserWebFilter$StaticUserFilter) to context static
2022-10-06 01:04:45,959 [Listener at 127.0.0.1/44363] INFO  http.HttpServer2 (HttpServer2.java:addFilter(1015)) - Added filter static_user_filter (class=org.apache.hadoop.http.lib.StaticUserWebFilter$StaticUserFilter) to context logs
2022-10-06 01:04:45,960 [Listener at 127.0.0.1/44363] INFO  http.HttpServer2 (HttpServer2.java:bindListener(1250)) - Jetty bound to port 35297
2022-10-06 01:04:45,960 [Listener at 127.0.0.1/44363] INFO  server.Server (Server.java:doStart(375)) - jetty-9.4.43.v20210629; built: 2021-06-30T11:07:22.254Z; git: 526006ecfa3af7f1a27ef3a288e2bef7ea9dd7e8; jvm 1.8.0_345-b01
2022-10-06 01:04:45,995 [Listener at 127.0.0.1/44363] INFO  server.session (DefaultSessionIdManager.java:doStart(334)) - DefaultSessionIdManager workerName=node0
2022-10-06 01:04:45,995 [Listener at 127.0.0.1/44363] INFO  server.session (DefaultSessionIdManager.java:doStart(339)) - No SessionScavenger set, using defaults
2022-10-06 01:04:45,995 [Listener at 127.0.0.1/44363] INFO  server.session (HouseKeeper.java:startScavenging(132)) - node0 Scavenging every 600000ms
2022-10-06 01:04:45,996 [Listener at 127.0.0.1/44363] INFO  handler.ContextHandler (ContextHandler.java:doStart(915)) - Started o.e.j.s.ServletContextHandler@7a8aa326{logs,/logs,file:///home/runner/work/ozone/ozone/hadoop-ozone/integration-test/target/log,AVAILABLE}
2022-10-06 01:04:45,996 [Listener at 127.0.0.1/44363] INFO  handler.ContextHandler (ContextHandler.java:doStart(915)) - Started o.e.j.s.ServletContextHandler@46c03fe4{static,/static,jar:file:/home/runner/.m2/repository/org/apache/ozone/hdds-container-service/1.3.0-SNAPSHOT/hdds-container-service-1.3.0-SNAPSHOT.jar!/webapps/static,AVAILABLE}
2022-10-06 01:04:46,307 [Listener at 127.0.0.1/44363] INFO  handler.ContextHandler (ContextHandler.java:doStart(915)) - Started o.e.j.w.WebAppContext@4ec4f3a9{hddsDatanode,/,file:///tmp/jetty-0_0_0_0-35297-hdds-container-service-1_3_0-SNAPSHOT_jar-_-any-8905170879040785434/webapp/,AVAILABLE}{jar:file:/home/runner/.m2/repository/org/apache/ozone/hdds-container-service/1.3.0-SNAPSHOT/hdds-container-service-1.3.0-SNAPSHOT.jar!/webapps/hddsDatanode}
2022-10-06 01:04:46,308 [Listener at 127.0.0.1/44363] INFO  server.AbstractConnector (AbstractConnector.java:doStart(331)) - Started ServerConnector@3e03283e{HTTP/1.1, (http/1.1)}{0.0.0.0:35297}
2022-10-06 01:04:46,308 [Listener at 127.0.0.1/44363] INFO  server.Server (Server.java:doStart(415)) - Started @104773ms
2022-10-06 01:04:46,308 [Listener at 127.0.0.1/44363] WARN  impl.MetricsSystemImpl (MetricsSystemImpl.java:register(279)) - Sink prometheus already exists!
2022-10-06 01:04:46,309 [Listener at 127.0.0.1/44363] INFO  http.BaseHttpServer (BaseHttpServer.java:updateConnectorAddress(333)) - HTTP server of hddsDatanode listening at http://0.0.0.0:35297
2022-10-06 01:04:46,310 [Listener at 127.0.0.1/44363] INFO  impl.MetricsSystemImpl (MetricsSystemImpl.java:init(158)) - HddsDatanode metrics system started (again)
2022-10-06 01:04:46,334 [Datanode State Machine Daemon Thread] INFO  statemachine.DatanodeStateMachine (DatanodeStateMachine.java:lambda$startDaemon$0(492)) - Ozone container server started.
2022-10-06 01:04:46,354 [org.apache.hadoop.util.JvmPauseMonitor$Monitor@6dba1289] INFO  util.JvmPauseMonitor (JvmPauseMonitor.java:run(188)) - Starting JVM pause monitor
2022-10-06 01:04:46,357 [Datanode State Machine Task Thread - 0] INFO  datanode.InitDatanodeState (InitDatanodeState.java:persistContainerDatanodeDetails(138)) - DatanodeDetails is persisted to /home/runner/work/ozone/ozone/hadoop-ozone/integration-test/target/test-dir/MiniOzoneClusterImpl-07f884e1-d8a6-4fa8-8867-d1ed1eaa8398/datanode-0/meta/datanode.id
2022-10-06 01:04:46,368 [Listener at 127.0.0.1/44363] INFO  ozone.HddsDatanodeService (HddsDatanodeService.java:start(236)) - HddsDatanodeService host:fv-az399-337.4urtqdmtpd2erju50p4tzyn2ng.bx.internal.cloudapp.net ip:10.1.0.249
2022-10-06 01:04:46,399 [Listener at 127.0.0.1/44363] INFO  upgrade.AbstractLayoutVersionManager (AbstractLayoutVersionManager.java:init(83)) - Initializing Layout version manager with metadata layout = DATANODE_SCHEMA_V3 (version = 4), software layout = DATANODE_SCHEMA_V3 (version = 4)
2022-10-06 01:04:46,456 [Listener at 127.0.0.1/44363] INFO  reflections.Reflections (Reflections.java:scan(232)) - Reflections took 57 ms to scan 7 urls, producing 135 keys and 327 values 
2022-10-06 01:04:46,460 [Listener at 127.0.0.1/44363] INFO  statemachine.DatanodeStateMachine (DatanodeStateMachine.java:getEndPointTaskThreadPoolSize(237)) - Datanode State Machine Task Thread Pool size 2
2022-10-06 01:04:46,466 [Listener at 127.0.0.1/44363] INFO  volume.HddsVolume (HddsVolume.java:<init>(117)) - Creating HddsVolume: /home/runner/work/ozone/ozone/hadoop-ozone/integration-test/target/test-dir/MiniOzoneClusterImpl-07f884e1-d8a6-4fa8-8867-d1ed1eaa8398/datanode-1/data-0/containers/hdds of storage type : DISK capacity : 9223372036854775807
2022-10-06 01:04:46,467 [Listener at 127.0.0.1/44363] INFO  volume.MutableVolumeSet (MutableVolumeSet.java:initializeVolumeSet(174)) - Added Volume : /home/runner/work/ozone/ozone/hadoop-ozone/integration-test/target/test-dir/MiniOzoneClusterImpl-07f884e1-d8a6-4fa8-8867-d1ed1eaa8398/datanode-1/data-0/containers/hdds to VolumeSet
2022-10-06 01:04:46,467 [Listener at 127.0.0.1/44363] INFO  volume.ThrottledAsyncChecker (ThrottledAsyncChecker.java:schedule(141)) - Scheduling a check for /home/runner/work/ozone/ozone/hadoop-ozone/integration-test/target/test-dir/MiniOzoneClusterImpl-07f884e1-d8a6-4fa8-8867-d1ed1eaa8398/datanode-1/data-0/containers/hdds
2022-10-06 01:04:46,490 [Listener at 127.0.0.1/44363] INFO  volume.StorageVolumeChecker (StorageVolumeChecker.java:checkAllVolumes(202)) - Scheduled health check for volume /home/runner/work/ozone/ozone/hadoop-ozone/integration-test/target/test-dir/MiniOzoneClusterImpl-07f884e1-d8a6-4fa8-8867-d1ed1eaa8398/datanode-1/data-0/containers/hdds
2022-10-06 01:04:46,501 [Listener at 127.0.0.1/44363] INFO  volume.MutableVolumeSet (MutableVolumeSet.java:initializeVolumeSet(174)) - Added Volume : /home/runner/work/ozone/ozone/hadoop-ozone/integration-test/target/test-dir/MiniOzoneClusterImpl-07f884e1-d8a6-4fa8-8867-d1ed1eaa8398/datanode-1/data/ratis to VolumeSet
2022-10-06 01:04:46,501 [Listener at 127.0.0.1/44363] INFO  volume.ThrottledAsyncChecker (ThrottledAsyncChecker.java:schedule(141)) - Scheduling a check for /home/runner/work/ozone/ozone/hadoop-ozone/integration-test/target/test-dir/MiniOzoneClusterImpl-07f884e1-d8a6-4fa8-8867-d1ed1eaa8398/datanode-1/data/ratis
2022-10-06 01:04:46,508 [Listener at 127.0.0.1/44363] INFO  volume.StorageVolumeChecker (StorageVolumeChecker.java:checkAllVolumes(202)) - Scheduled health check for volume /home/runner/work/ozone/ozone/hadoop-ozone/integration-test/target/test-dir/MiniOzoneClusterImpl-07f884e1-d8a6-4fa8-8867-d1ed1eaa8398/datanode-1/data/ratis
2022-10-06 01:04:46,546 [Thread-758] INFO  ozoneimpl.ContainerReader (ContainerReader.java:readVolume(175)) - Finish verifying containers on volume /home/runner/work/ozone/ozone/hadoop-ozone/integration-test/target/test-dir/MiniOzoneClusterImpl-07f884e1-d8a6-4fa8-8867-d1ed1eaa8398/datanode-1/data-0/containers/hdds
2022-10-06 01:04:46,546 [Listener at 127.0.0.1/44363] INFO  ozoneimpl.OzoneContainer (OzoneContainer.java:buildContainerSet(300)) - Build ContainerSet costs 0s
2022-10-06 01:04:46,550 [Listener at 127.0.0.1/44363] INFO  server.RaftServer (ConfUtils.java:logGet(46)) - raft.rpc.type = GRPC (default)
2022-10-06 01:04:46,550 [Listener at 127.0.0.1/44363] INFO  grpc.GrpcFactory (GrpcFactory.java:checkPooledByteBufAllocatorUseCacheForAllThreads(48)) - PERFORMANCE WARNING: useCacheForAllThreads is true that may cause Netty to create a lot garbage objects and, as a result, trigger GC.
	It is recommended to disable useCacheForAllThreads by setting -Dorg.apache.ratis.thirdparty.io.netty.allocator.useCacheForAllThreads=false in command line.
2022-10-06 01:04:46,550 [Listener at 127.0.0.1/44363] INFO  grpc.GrpcConfigKeys (ConfUtils.java:logGet(46)) - raft.grpc.admin.port = 0 (custom)
2022-10-06 01:04:46,551 [Listener at 127.0.0.1/44363] INFO  grpc.GrpcConfigKeys (ConfUtils.java:logGet(46)) - raft.grpc.client.port = 0 (custom)
2022-10-06 01:04:46,551 [Listener at 127.0.0.1/44363] INFO  grpc.GrpcConfigKeys (ConfUtils.java:logGet(46)) - raft.grpc.server.port = 0 (default)
2022-10-06 01:04:46,551 [Listener at 127.0.0.1/44363] INFO  server.GrpcService (ConfUtils.java:logGet(46)) - raft.grpc.message.size.max = 32MB (=33554432) (custom)
2022-10-06 01:04:46,551 [Listener at 127.0.0.1/44363] INFO  server.RaftServerConfigKeys (ConfUtils.java:logGet(46)) - raft.server.log.appender.buffer.byte-limit = 33554432 (custom)
2022-10-06 01:04:46,551 [Listener at 127.0.0.1/44363] INFO  server.GrpcService (ConfUtils.java:logGet(46)) - raft.grpc.flow.control.window = 5MB (=5242880) (custom)
2022-10-06 01:04:46,551 [Listener at 127.0.0.1/44363] INFO  server.RaftServerConfigKeys (ConfUtils.java:logGet(46)) - raft.server.rpc.request.timeout = 60s (custom)
2022-10-06 01:04:46,551 [Listener at 127.0.0.1/44363] INFO  grpc.GrpcConfigKeys (ConfUtils.java:logGet(46)) - raft.grpc.server.async.request.thread.pool.cached = true (default)
2022-10-06 01:04:46,551 [Listener at 127.0.0.1/44363] INFO  grpc.GrpcConfigKeys (ConfUtils.java:logGet(46)) - raft.grpc.server.async.request.thread.pool.size = 32 (default)
2022-10-06 01:04:46,552 [Listener at 127.0.0.1/44363] INFO  impl.DataStreamServerImpl (ConfUtils.java:logGet(46)) - raft.datastream.type = DISABLED (default)
2022-10-06 01:04:46,570 [Listener at 127.0.0.1/44363] INFO  server.RaftServerConfigKeys (ConfUtils.java:logGet(46)) - raft.server.threadpool.proxy.cached = true (default)
2022-10-06 01:04:46,570 [Listener at 127.0.0.1/44363] INFO  server.RaftServerConfigKeys (ConfUtils.java:logGet(46)) - raft.server.threadpool.proxy.size = 0 (default)
2022-10-06 01:04:46,570 [Listener at 127.0.0.1/44363] INFO  server.RaftServerConfigKeys (ConfUtils.java:logGet(46)) - raft.server.rpc.slowness.timeout = 300s (custom)
2022-10-06 01:04:46,570 [Listener at 127.0.0.1/44363] INFO  server.RaftServerConfigKeys (ConfUtils.java:logGet(46)) - raft.server.leaderelection.leader.step-down.wait-time = 10s (default)
2022-10-06 01:04:46,570 [Listener at 127.0.0.1/44363] INFO  server.RaftServerConfigKeys (ConfUtils.java:logGet(46)) - raft.server.storage.dir = [/home/runner/work/ozone/ozone/hadoop-ozone/integration-test/target/test-dir/MiniOzoneClusterImpl-07f884e1-d8a6-4fa8-8867-d1ed1eaa8398/datanode-1/data/ratis] (custom)
2022-10-06 01:04:46,573 [Listener at 127.0.0.1/44363] INFO  server.XceiverServerGrpc (XceiverServerGrpc.java:<init>(132)) - GrpcServer channel type EpollServerSocketChannel
2022-10-06 01:04:46,584 [Listener at 127.0.0.1/44363] INFO  http.BaseHttpServer (BaseHttpServer.java:newHttpServer2BuilderForOzone(213)) - Starting Web-server for hddsDatanode at: http://0.0.0.0:0
2022-10-06 01:04:46,584 [Listener at 127.0.0.1/44363] INFO  http.BaseHttpServer (BaseHttpServer.java:<init>(108)) - Hadoop Security Enabled: false Ozone Security Enabled: false Ozone HTTP Security Enabled: false 
2022-10-06 01:04:46,585 [Listener at 127.0.0.1/44363] INFO  server.AuthenticationFilter (AuthenticationFilter.java:constructSecretProvider(240)) - Unable to initialize FileSignerSecretProvider, falling back to use random secrets.
2022-10-06 01:04:46,586 [Listener at 127.0.0.1/44363] WARN  http.HttpRequestLog (HttpRequestLog.java:getRequestLog(103)) - Jetty request log can only be enabled using Log4j
2022-10-06 01:04:46,587 [Listener at 127.0.0.1/44363] INFO  http.HttpServer2 (HttpServer2.java:addGlobalFilter(1031)) - Added global filter 'safety' (class=org.apache.hadoop.hdds.server.http.HttpServer2$QuotingInputFilter)
2022-10-06 01:04:46,588 [Listener at 127.0.0.1/44363] INFO  http.HttpServer2 (HttpServer2.java:addFilter(1007)) - Added filter static_user_filter (class=org.apache.hadoop.http.lib.StaticUserWebFilter$StaticUserFilter) to context hddsDatanode
2022-10-06 01:04:46,588 [Listener at 127.0.0.1/44363] INFO  http.HttpServer2 (HttpServer2.java:addFilter(1015)) - Added filter static_user_filter (class=org.apache.hadoop.http.lib.StaticUserWebFilter$StaticUserFilter) to context static
2022-10-06 01:04:46,588 [Listener at 127.0.0.1/44363] INFO  http.HttpServer2 (HttpServer2.java:addFilter(1015)) - Added filter static_user_filter (class=org.apache.hadoop.http.lib.StaticUserWebFilter$StaticUserFilter) to context logs
2022-10-06 01:04:46,588 [Listener at 127.0.0.1/44363] INFO  http.HttpServer2 (HttpServer2.java:bindListener(1250)) - Jetty bound to port 42081
2022-10-06 01:04:46,588 [Listener at 127.0.0.1/44363] INFO  server.Server (Server.java:doStart(375)) - jetty-9.4.43.v20210629; built: 2021-06-30T11:07:22.254Z; git: 526006ecfa3af7f1a27ef3a288e2bef7ea9dd7e8; jvm 1.8.0_345-b01
2022-10-06 01:04:46,594 [Listener at 127.0.0.1/44363] INFO  server.session (DefaultSessionIdManager.java:doStart(334)) - DefaultSessionIdManager workerName=node0
2022-10-06 01:04:46,594 [Listener at 127.0.0.1/44363] INFO  server.session (DefaultSessionIdManager.java:doStart(339)) - No SessionScavenger set, using defaults
2022-10-06 01:04:46,594 [Listener at 127.0.0.1/44363] INFO  server.session (HouseKeeper.java:startScavenging(132)) - node0 Scavenging every 660000ms
2022-10-06 01:04:46,595 [Listener at 127.0.0.1/44363] INFO  handler.ContextHandler (ContextHandler.java:doStart(915)) - Started o.e.j.s.ServletContextHandler@18333e9a{logs,/logs,file:///home/runner/work/ozone/ozone/hadoop-ozone/integration-test/target/log,AVAILABLE}
2022-10-06 01:04:46,595 [Listener at 127.0.0.1/44363] INFO  handler.ContextHandler (ContextHandler.java:doStart(915)) - Started o.e.j.s.ServletContextHandler@789aa7db{static,/static,jar:file:/home/runner/.m2/repository/org/apache/ozone/hdds-container-service/1.3.0-SNAPSHOT/hdds-container-service-1.3.0-SNAPSHOT.jar!/webapps/static,AVAILABLE}
2022-10-06 01:04:46,915 [Listener at 127.0.0.1/44363] INFO  handler.ContextHandler (ContextHandler.java:doStart(915)) - Started o.e.j.w.WebAppContext@18ef3972{hddsDatanode,/,file:///tmp/jetty-0_0_0_0-42081-hdds-container-service-1_3_0-SNAPSHOT_jar-_-any-7459128355607179852/webapp/,AVAILABLE}{jar:file:/home/runner/.m2/repository/org/apache/ozone/hdds-container-service/1.3.0-SNAPSHOT/hdds-container-service-1.3.0-SNAPSHOT.jar!/webapps/hddsDatanode}
2022-10-06 01:04:46,933 [Listener at 127.0.0.1/44363] INFO  server.AbstractConnector (AbstractConnector.java:doStart(331)) - Started ServerConnector@3a8857d8{HTTP/1.1, (http/1.1)}{0.0.0.0:42081}
2022-10-06 01:04:46,934 [Listener at 127.0.0.1/44363] INFO  server.Server (Server.java:doStart(415)) - Started @105398ms
2022-10-06 01:04:46,934 [Listener at 127.0.0.1/44363] WARN  impl.MetricsSystemImpl (MetricsSystemImpl.java:register(279)) - Sink prometheus already exists!
2022-10-06 01:04:46,934 [Listener at 127.0.0.1/44363] INFO  http.BaseHttpServer (BaseHttpServer.java:updateConnectorAddress(333)) - HTTP server of hddsDatanode listening at http://0.0.0.0:42081
2022-10-06 01:04:46,943 [Listener at 127.0.0.1/44363] INFO  impl.MetricsSystemImpl (MetricsSystemImpl.java:init(158)) - HddsDatanode metrics system started (again)
2022-10-06 01:04:46,946 [Datanode State Machine Daemon Thread] INFO  statemachine.DatanodeStateMachine (DatanodeStateMachine.java:lambda$startDaemon$0(492)) - Ozone container server started.
2022-10-06 01:04:46,977 [org.apache.hadoop.util.JvmPauseMonitor$Monitor@ab9209] INFO  util.JvmPauseMonitor (JvmPauseMonitor.java:run(188)) - Starting JVM pause monitor
2022-10-06 01:04:46,983 [Listener at 127.0.0.1/44363] INFO  ozone.HddsDatanodeService (HddsDatanodeService.java:start(236)) - HddsDatanodeService host:fv-az399-337.4urtqdmtpd2erju50p4tzyn2ng.bx.internal.cloudapp.net ip:10.1.0.249
2022-10-06 01:04:46,990 [Datanode State Machine Task Thread - 0] INFO  datanode.InitDatanodeState (InitDatanodeState.java:persistContainerDatanodeDetails(138)) - DatanodeDetails is persisted to /home/runner/work/ozone/ozone/hadoop-ozone/integration-test/target/test-dir/MiniOzoneClusterImpl-07f884e1-d8a6-4fa8-8867-d1ed1eaa8398/datanode-1/meta/datanode.id
2022-10-06 01:04:47,021 [Listener at 127.0.0.1/44363] INFO  upgrade.AbstractLayoutVersionManager (AbstractLayoutVersionManager.java:init(83)) - Initializing Layout version manager with metadata layout = DATANODE_SCHEMA_V3 (version = 4), software layout = DATANODE_SCHEMA_V3 (version = 4)
2022-10-06 01:04:47,114 [Listener at 127.0.0.1/44363] INFO  reflections.Reflections (Reflections.java:scan(232)) - Reflections took 88 ms to scan 7 urls, producing 135 keys and 327 values 
2022-10-06 01:04:47,115 [Listener at 127.0.0.1/44363] INFO  statemachine.DatanodeStateMachine (DatanodeStateMachine.java:getEndPointTaskThreadPoolSize(237)) - Datanode State Machine Task Thread Pool size 2
2022-10-06 01:04:47,122 [Listener at 127.0.0.1/44363] INFO  volume.HddsVolume (HddsVolume.java:<init>(117)) - Creating HddsVolume: /home/runner/work/ozone/ozone/hadoop-ozone/integration-test/target/test-dir/MiniOzoneClusterImpl-07f884e1-d8a6-4fa8-8867-d1ed1eaa8398/datanode-2/data-0/containers/hdds of storage type : DISK capacity : 9223372036854775807
2022-10-06 01:04:47,122 [Listener at 127.0.0.1/44363] INFO  volume.MutableVolumeSet (MutableVolumeSet.java:initializeVolumeSet(174)) - Added Volume : /home/runner/work/ozone/ozone/hadoop-ozone/integration-test/target/test-dir/MiniOzoneClusterImpl-07f884e1-d8a6-4fa8-8867-d1ed1eaa8398/datanode-2/data-0/containers/hdds to VolumeSet
2022-10-06 01:04:47,122 [Listener at 127.0.0.1/44363] INFO  volume.ThrottledAsyncChecker (ThrottledAsyncChecker.java:schedule(141)) - Scheduling a check for /home/runner/work/ozone/ozone/hadoop-ozone/integration-test/target/test-dir/MiniOzoneClusterImpl-07f884e1-d8a6-4fa8-8867-d1ed1eaa8398/datanode-2/data-0/containers/hdds
2022-10-06 01:04:47,123 [Listener at 127.0.0.1/44363] INFO  volume.StorageVolumeChecker (StorageVolumeChecker.java:checkAllVolumes(202)) - Scheduled health check for volume /home/runner/work/ozone/ozone/hadoop-ozone/integration-test/target/test-dir/MiniOzoneClusterImpl-07f884e1-d8a6-4fa8-8867-d1ed1eaa8398/datanode-2/data-0/containers/hdds
2022-10-06 01:04:47,140 [Listener at 127.0.0.1/44363] INFO  volume.MutableVolumeSet (MutableVolumeSet.java:initializeVolumeSet(174)) - Added Volume : /home/runner/work/ozone/ozone/hadoop-ozone/integration-test/target/test-dir/MiniOzoneClusterImpl-07f884e1-d8a6-4fa8-8867-d1ed1eaa8398/datanode-2/data/ratis to VolumeSet
2022-10-06 01:04:47,140 [Listener at 127.0.0.1/44363] INFO  volume.ThrottledAsyncChecker (ThrottledAsyncChecker.java:schedule(141)) - Scheduling a check for /home/runner/work/ozone/ozone/hadoop-ozone/integration-test/target/test-dir/MiniOzoneClusterImpl-07f884e1-d8a6-4fa8-8867-d1ed1eaa8398/datanode-2/data/ratis
2022-10-06 01:04:47,140 [Listener at 127.0.0.1/44363] INFO  volume.StorageVolumeChecker (StorageVolumeChecker.java:checkAllVolumes(202)) - Scheduled health check for volume /home/runner/work/ozone/ozone/hadoop-ozone/integration-test/target/test-dir/MiniOzoneClusterImpl-07f884e1-d8a6-4fa8-8867-d1ed1eaa8398/datanode-2/data/ratis
2022-10-06 01:04:47,190 [Thread-771] INFO  ozoneimpl.ContainerReader (ContainerReader.java:readVolume(175)) - Finish verifying containers on volume /home/runner/work/ozone/ozone/hadoop-ozone/integration-test/target/test-dir/MiniOzoneClusterImpl-07f884e1-d8a6-4fa8-8867-d1ed1eaa8398/datanode-2/data-0/containers/hdds
2022-10-06 01:04:47,190 [Listener at 127.0.0.1/44363] INFO  ozoneimpl.OzoneContainer (OzoneContainer.java:buildContainerSet(300)) - Build ContainerSet costs 0s
2022-10-06 01:04:47,194 [Listener at 127.0.0.1/44363] INFO  server.RaftServer (ConfUtils.java:logGet(46)) - raft.rpc.type = GRPC (default)
2022-10-06 01:04:47,194 [Listener at 127.0.0.1/44363] INFO  grpc.GrpcFactory (GrpcFactory.java:checkPooledByteBufAllocatorUseCacheForAllThreads(48)) - PERFORMANCE WARNING: useCacheForAllThreads is true that may cause Netty to create a lot garbage objects and, as a result, trigger GC.
	It is recommended to disable useCacheForAllThreads by setting -Dorg.apache.ratis.thirdparty.io.netty.allocator.useCacheForAllThreads=false in command line.
2022-10-06 01:04:47,194 [Listener at 127.0.0.1/44363] INFO  grpc.GrpcConfigKeys (ConfUtils.java:logGet(46)) - raft.grpc.admin.port = 0 (custom)
2022-10-06 01:04:47,194 [Listener at 127.0.0.1/44363] INFO  grpc.GrpcConfigKeys (ConfUtils.java:logGet(46)) - raft.grpc.client.port = 0 (custom)
2022-10-06 01:04:47,194 [Listener at 127.0.0.1/44363] INFO  grpc.GrpcConfigKeys (ConfUtils.java:logGet(46)) - raft.grpc.server.port = 0 (default)
2022-10-06 01:04:47,194 [Listener at 127.0.0.1/44363] INFO  server.GrpcService (ConfUtils.java:logGet(46)) - raft.grpc.message.size.max = 32MB (=33554432) (custom)
2022-10-06 01:04:47,194 [Listener at 127.0.0.1/44363] INFO  server.RaftServerConfigKeys (ConfUtils.java:logGet(46)) - raft.server.log.appender.buffer.byte-limit = 33554432 (custom)
2022-10-06 01:04:47,195 [Listener at 127.0.0.1/44363] INFO  server.GrpcService (ConfUtils.java:logGet(46)) - raft.grpc.flow.control.window = 5MB (=5242880) (custom)
2022-10-06 01:04:47,195 [Listener at 127.0.0.1/44363] INFO  server.RaftServerConfigKeys (ConfUtils.java:logGet(46)) - raft.server.rpc.request.timeout = 60s (custom)
2022-10-06 01:04:47,195 [Listener at 127.0.0.1/44363] INFO  grpc.GrpcConfigKeys (ConfUtils.java:logGet(46)) - raft.grpc.server.async.request.thread.pool.cached = true (default)
2022-10-06 01:04:47,195 [Listener at 127.0.0.1/44363] INFO  grpc.GrpcConfigKeys (ConfUtils.java:logGet(46)) - raft.grpc.server.async.request.thread.pool.size = 32 (default)
2022-10-06 01:04:47,197 [Listener at 127.0.0.1/44363] INFO  impl.DataStreamServerImpl (ConfUtils.java:logGet(46)) - raft.datastream.type = DISABLED (default)
2022-10-06 01:04:47,197 [Listener at 127.0.0.1/44363] INFO  server.RaftServerConfigKeys (ConfUtils.java:logGet(46)) - raft.server.threadpool.proxy.cached = true (default)
2022-10-06 01:04:47,197 [Listener at 127.0.0.1/44363] INFO  server.RaftServerConfigKeys (ConfUtils.java:logGet(46)) - raft.server.threadpool.proxy.size = 0 (default)
2022-10-06 01:04:47,197 [Listener at 127.0.0.1/44363] INFO  server.RaftServerConfigKeys (ConfUtils.java:logGet(46)) - raft.server.rpc.slowness.timeout = 300s (custom)
2022-10-06 01:04:47,198 [Listener at 127.0.0.1/44363] INFO  server.RaftServerConfigKeys (ConfUtils.java:logGet(46)) - raft.server.leaderelection.leader.step-down.wait-time = 10s (default)
2022-10-06 01:04:47,198 [Listener at 127.0.0.1/44363] INFO  server.RaftServerConfigKeys (ConfUtils.java:logGet(46)) - raft.server.storage.dir = [/home/runner/work/ozone/ozone/hadoop-ozone/integration-test/target/test-dir/MiniOzoneClusterImpl-07f884e1-d8a6-4fa8-8867-d1ed1eaa8398/datanode-2/data/ratis] (custom)
2022-10-06 01:04:47,199 [Listener at 127.0.0.1/44363] INFO  server.XceiverServerGrpc (XceiverServerGrpc.java:<init>(132)) - GrpcServer channel type EpollServerSocketChannel
2022-10-06 01:04:47,207 [Listener at 127.0.0.1/44363] INFO  http.BaseHttpServer (BaseHttpServer.java:newHttpServer2BuilderForOzone(213)) - Starting Web-server for hddsDatanode at: http://0.0.0.0:0
2022-10-06 01:04:47,208 [Listener at 127.0.0.1/44363] INFO  http.BaseHttpServer (BaseHttpServer.java:<init>(108)) - Hadoop Security Enabled: false Ozone Security Enabled: false Ozone HTTP Security Enabled: false 
2022-10-06 01:04:47,208 [Listener at 127.0.0.1/44363] INFO  server.AuthenticationFilter (AuthenticationFilter.java:constructSecretProvider(240)) - Unable to initialize FileSignerSecretProvider, falling back to use random secrets.
2022-10-06 01:04:47,222 [Listener at 127.0.0.1/44363] WARN  http.HttpRequestLog (HttpRequestLog.java:getRequestLog(103)) - Jetty request log can only be enabled using Log4j
2022-10-06 01:04:47,223 [Listener at 127.0.0.1/44363] INFO  http.HttpServer2 (HttpServer2.java:addGlobalFilter(1031)) - Added global filter 'safety' (class=org.apache.hadoop.hdds.server.http.HttpServer2$QuotingInputFilter)
2022-10-06 01:04:47,224 [Listener at 127.0.0.1/44363] INFO  http.HttpServer2 (HttpServer2.java:addFilter(1007)) - Added filter static_user_filter (class=org.apache.hadoop.http.lib.StaticUserWebFilter$StaticUserFilter) to context hddsDatanode
2022-10-06 01:04:47,224 [Listener at 127.0.0.1/44363] INFO  http.HttpServer2 (HttpServer2.java:addFilter(1015)) - Added filter static_user_filter (class=org.apache.hadoop.http.lib.StaticUserWebFilter$StaticUserFilter) to context static
2022-10-06 01:04:47,224 [Listener at 127.0.0.1/44363] INFO  http.HttpServer2 (HttpServer2.java:addFilter(1015)) - Added filter static_user_filter (class=org.apache.hadoop.http.lib.StaticUserWebFilter$StaticUserFilter) to context logs
2022-10-06 01:04:47,225 [Listener at 127.0.0.1/44363] INFO  http.HttpServer2 (HttpServer2.java:bindListener(1250)) - Jetty bound to port 36891
2022-10-06 01:04:47,225 [Listener at 127.0.0.1/44363] INFO  server.Server (Server.java:doStart(375)) - jetty-9.4.43.v20210629; built: 2021-06-30T11:07:22.254Z; git: 526006ecfa3af7f1a27ef3a288e2bef7ea9dd7e8; jvm 1.8.0_345-b01
2022-10-06 01:04:47,269 [Listener at 127.0.0.1/44363] INFO  server.session (DefaultSessionIdManager.java:doStart(334)) - DefaultSessionIdManager workerName=node0
2022-10-06 01:04:47,269 [Listener at 127.0.0.1/44363] INFO  server.session (DefaultSessionIdManager.java:doStart(339)) - No SessionScavenger set, using defaults
2022-10-06 01:04:47,269 [Listener at 127.0.0.1/44363] INFO  server.session (HouseKeeper.java:startScavenging(132)) - node0 Scavenging every 600000ms
2022-10-06 01:04:47,283 [Listener at 127.0.0.1/44363] INFO  handler.ContextHandler (ContextHandler.java:doStart(915)) - Started o.e.j.s.ServletContextHandler@74953daf{logs,/logs,file:///home/runner/work/ozone/ozone/hadoop-ozone/integration-test/target/log,AVAILABLE}
2022-10-06 01:04:47,283 [Listener at 127.0.0.1/44363] INFO  handler.ContextHandler (ContextHandler.java:doStart(915)) - Started o.e.j.s.ServletContextHandler@57346fb4{static,/static,jar:file:/home/runner/.m2/repository/org/apache/ozone/hdds-container-service/1.3.0-SNAPSHOT/hdds-container-service-1.3.0-SNAPSHOT.jar!/webapps/static,AVAILABLE}
2022-10-06 01:04:47,728 [Listener at 127.0.0.1/44363] INFO  handler.ContextHandler (ContextHandler.java:doStart(915)) - Started o.e.j.w.WebAppContext@59c550bd{hddsDatanode,/,file:///tmp/jetty-0_0_0_0-36891-hdds-container-service-1_3_0-SNAPSHOT_jar-_-any-3368620777696571536/webapp/,AVAILABLE}{jar:file:/home/runner/.m2/repository/org/apache/ozone/hdds-container-service/1.3.0-SNAPSHOT/hdds-container-service-1.3.0-SNAPSHOT.jar!/webapps/hddsDatanode}
2022-10-06 01:04:47,742 [Listener at 127.0.0.1/44363] INFO  server.AbstractConnector (AbstractConnector.java:doStart(331)) - Started ServerConnector@11c9b65e{HTTP/1.1, (http/1.1)}{0.0.0.0:36891}
2022-10-06 01:04:47,743 [Listener at 127.0.0.1/44363] INFO  server.Server (Server.java:doStart(415)) - Started @106207ms
2022-10-06 01:04:47,743 [Listener at 127.0.0.1/44363] WARN  impl.MetricsSystemImpl (MetricsSystemImpl.java:register(279)) - Sink prometheus already exists!
2022-10-06 01:04:47,743 [Listener at 127.0.0.1/44363] INFO  http.BaseHttpServer (BaseHttpServer.java:updateConnectorAddress(333)) - HTTP server of hddsDatanode listening at http://0.0.0.0:36891
2022-10-06 01:04:47,751 [Listener at 127.0.0.1/44363] INFO  impl.MetricsSystemImpl (MetricsSystemImpl.java:init(158)) - HddsDatanode metrics system started (again)
2022-10-06 01:04:47,761 [Datanode State Machine Daemon Thread] INFO  statemachine.DatanodeStateMachine (DatanodeStateMachine.java:lambda$startDaemon$0(492)) - Ozone container server started.
2022-10-06 01:04:47,774 [Listener at 127.0.0.1/44363] INFO  ozone.HddsDatanodeService (HddsDatanodeService.java:start(236)) - HddsDatanodeService host:fv-az399-337.4urtqdmtpd2erju50p4tzyn2ng.bx.internal.cloudapp.net ip:10.1.0.249
2022-10-06 01:04:47,808 [Listener at 127.0.0.1/44363] INFO  upgrade.AbstractLayoutVersionManager (AbstractLayoutVersionManager.java:init(83)) - Initializing Layout version manager with metadata layout = DATANODE_SCHEMA_V3 (version = 4), software layout = DATANODE_SCHEMA_V3 (version = 4)
2022-10-06 01:04:47,834 [org.apache.hadoop.util.JvmPauseMonitor$Monitor@2f64466b] INFO  util.JvmPauseMonitor (JvmPauseMonitor.java:run(188)) - Starting JVM pause monitor
2022-10-06 01:04:47,835 [Datanode State Machine Task Thread - 0] INFO  datanode.InitDatanodeState (InitDatanodeState.java:persistContainerDatanodeDetails(138)) - DatanodeDetails is persisted to /home/runner/work/ozone/ozone/hadoop-ozone/integration-test/target/test-dir/MiniOzoneClusterImpl-07f884e1-d8a6-4fa8-8867-d1ed1eaa8398/datanode-2/meta/datanode.id
2022-10-06 01:04:47,897 [Listener at 127.0.0.1/44363] INFO  reflections.Reflections (Reflections.java:scan(232)) - Reflections took 89 ms to scan 7 urls, producing 135 keys and 327 values 
2022-10-06 01:04:47,906 [Listener at 127.0.0.1/44363] INFO  statemachine.DatanodeStateMachine (DatanodeStateMachine.java:getEndPointTaskThreadPoolSize(237)) - Datanode State Machine Task Thread Pool size 2
2022-10-06 01:04:47,934 [Listener at 127.0.0.1/44363] INFO  volume.HddsVolume (HddsVolume.java:<init>(117)) - Creating HddsVolume: /home/runner/work/ozone/ozone/hadoop-ozone/integration-test/target/test-dir/MiniOzoneClusterImpl-07f884e1-d8a6-4fa8-8867-d1ed1eaa8398/datanode-3/data-0/containers/hdds of storage type : DISK capacity : 9223372036854775807
2022-10-06 01:04:47,934 [Listener at 127.0.0.1/44363] INFO  volume.MutableVolumeSet (MutableVolumeSet.java:initializeVolumeSet(174)) - Added Volume : /home/runner/work/ozone/ozone/hadoop-ozone/integration-test/target/test-dir/MiniOzoneClusterImpl-07f884e1-d8a6-4fa8-8867-d1ed1eaa8398/datanode-3/data-0/containers/hdds to VolumeSet
2022-10-06 01:04:47,934 [Listener at 127.0.0.1/44363] INFO  volume.ThrottledAsyncChecker (ThrottledAsyncChecker.java:schedule(141)) - Scheduling a check for /home/runner/work/ozone/ozone/hadoop-ozone/integration-test/target/test-dir/MiniOzoneClusterImpl-07f884e1-d8a6-4fa8-8867-d1ed1eaa8398/datanode-3/data-0/containers/hdds
2022-10-06 01:04:47,946 [Listener at 127.0.0.1/44363] INFO  volume.StorageVolumeChecker (StorageVolumeChecker.java:checkAllVolumes(202)) - Scheduled health check for volume /home/runner/work/ozone/ozone/hadoop-ozone/integration-test/target/test-dir/MiniOzoneClusterImpl-07f884e1-d8a6-4fa8-8867-d1ed1eaa8398/datanode-3/data-0/containers/hdds
2022-10-06 01:04:47,965 [Listener at 127.0.0.1/44363] INFO  volume.MutableVolumeSet (MutableVolumeSet.java:initializeVolumeSet(174)) - Added Volume : /home/runner/work/ozone/ozone/hadoop-ozone/integration-test/target/test-dir/MiniOzoneClusterImpl-07f884e1-d8a6-4fa8-8867-d1ed1eaa8398/datanode-3/data/ratis to VolumeSet
2022-10-06 01:04:47,965 [Listener at 127.0.0.1/44363] INFO  volume.ThrottledAsyncChecker (ThrottledAsyncChecker.java:schedule(141)) - Scheduling a check for /home/runner/work/ozone/ozone/hadoop-ozone/integration-test/target/test-dir/MiniOzoneClusterImpl-07f884e1-d8a6-4fa8-8867-d1ed1eaa8398/datanode-3/data/ratis
2022-10-06 01:04:47,973 [Listener at 127.0.0.1/44363] INFO  volume.StorageVolumeChecker (StorageVolumeChecker.java:checkAllVolumes(202)) - Scheduled health check for volume /home/runner/work/ozone/ozone/hadoop-ozone/integration-test/target/test-dir/MiniOzoneClusterImpl-07f884e1-d8a6-4fa8-8867-d1ed1eaa8398/datanode-3/data/ratis
2022-10-06 01:04:48,002 [Thread-784] INFO  ozoneimpl.ContainerReader (ContainerReader.java:readVolume(175)) - Finish verifying containers on volume /home/runner/work/ozone/ozone/hadoop-ozone/integration-test/target/test-dir/MiniOzoneClusterImpl-07f884e1-d8a6-4fa8-8867-d1ed1eaa8398/datanode-3/data-0/containers/hdds
2022-10-06 01:04:48,010 [Listener at 127.0.0.1/44363] INFO  ozoneimpl.OzoneContainer (OzoneContainer.java:buildContainerSet(300)) - Build ContainerSet costs 0s
2022-10-06 01:04:48,011 [Listener at 127.0.0.1/44363] INFO  server.RaftServer (ConfUtils.java:logGet(46)) - raft.rpc.type = GRPC (default)
2022-10-06 01:04:48,012 [Listener at 127.0.0.1/44363] INFO  grpc.GrpcFactory (GrpcFactory.java:checkPooledByteBufAllocatorUseCacheForAllThreads(48)) - PERFORMANCE WARNING: useCacheForAllThreads is true that may cause Netty to create a lot garbage objects and, as a result, trigger GC.
	It is recommended to disable useCacheForAllThreads by setting -Dorg.apache.ratis.thirdparty.io.netty.allocator.useCacheForAllThreads=false in command line.
2022-10-06 01:04:48,012 [Listener at 127.0.0.1/44363] INFO  grpc.GrpcConfigKeys (ConfUtils.java:logGet(46)) - raft.grpc.admin.port = 0 (custom)
2022-10-06 01:04:48,012 [Listener at 127.0.0.1/44363] INFO  grpc.GrpcConfigKeys (ConfUtils.java:logGet(46)) - raft.grpc.client.port = 0 (custom)
2022-10-06 01:04:48,012 [Listener at 127.0.0.1/44363] INFO  grpc.GrpcConfigKeys (ConfUtils.java:logGet(46)) - raft.grpc.server.port = 0 (default)
2022-10-06 01:04:48,012 [Listener at 127.0.0.1/44363] INFO  server.GrpcService (ConfUtils.java:logGet(46)) - raft.grpc.message.size.max = 32MB (=33554432) (custom)
2022-10-06 01:04:48,012 [Listener at 127.0.0.1/44363] INFO  server.RaftServerConfigKeys (ConfUtils.java:logGet(46)) - raft.server.log.appender.buffer.byte-limit = 33554432 (custom)
2022-10-06 01:04:48,012 [Listener at 127.0.0.1/44363] INFO  server.GrpcService (ConfUtils.java:logGet(46)) - raft.grpc.flow.control.window = 5MB (=5242880) (custom)
2022-10-06 01:04:48,012 [Listener at 127.0.0.1/44363] INFO  server.RaftServerConfigKeys (ConfUtils.java:logGet(46)) - raft.server.rpc.request.timeout = 60s (custom)
2022-10-06 01:04:48,012 [Listener at 127.0.0.1/44363] INFO  grpc.GrpcConfigKeys (ConfUtils.java:logGet(46)) - raft.grpc.server.async.request.thread.pool.cached = true (default)
2022-10-06 01:04:48,012 [Listener at 127.0.0.1/44363] INFO  grpc.GrpcConfigKeys (ConfUtils.java:logGet(46)) - raft.grpc.server.async.request.thread.pool.size = 32 (default)
2022-10-06 01:04:48,013 [Listener at 127.0.0.1/44363] INFO  impl.DataStreamServerImpl (ConfUtils.java:logGet(46)) - raft.datastream.type = DISABLED (default)
2022-10-06 01:04:48,013 [Listener at 127.0.0.1/44363] INFO  server.RaftServerConfigKeys (ConfUtils.java:logGet(46)) - raft.server.threadpool.proxy.cached = true (default)
2022-10-06 01:04:48,013 [Listener at 127.0.0.1/44363] INFO  server.RaftServerConfigKeys (ConfUtils.java:logGet(46)) - raft.server.threadpool.proxy.size = 0 (default)
2022-10-06 01:04:48,018 [Listener at 127.0.0.1/44363] INFO  server.RaftServerConfigKeys (ConfUtils.java:logGet(46)) - raft.server.rpc.slowness.timeout = 300s (custom)
2022-10-06 01:04:48,018 [Listener at 127.0.0.1/44363] INFO  server.RaftServerConfigKeys (ConfUtils.java:logGet(46)) - raft.server.leaderelection.leader.step-down.wait-time = 10s (default)
2022-10-06 01:04:48,018 [Listener at 127.0.0.1/44363] INFO  server.RaftServerConfigKeys (ConfUtils.java:logGet(46)) - raft.server.storage.dir = [/home/runner/work/ozone/ozone/hadoop-ozone/integration-test/target/test-dir/MiniOzoneClusterImpl-07f884e1-d8a6-4fa8-8867-d1ed1eaa8398/datanode-3/data/ratis] (custom)
2022-10-06 01:04:48,026 [Listener at 127.0.0.1/44363] INFO  server.XceiverServerGrpc (XceiverServerGrpc.java:<init>(132)) - GrpcServer channel type EpollServerSocketChannel
2022-10-06 01:04:48,034 [Listener at 127.0.0.1/44363] INFO  http.BaseHttpServer (BaseHttpServer.java:newHttpServer2BuilderForOzone(213)) - Starting Web-server for hddsDatanode at: http://0.0.0.0:0
2022-10-06 01:04:48,034 [Listener at 127.0.0.1/44363] INFO  http.BaseHttpServer (BaseHttpServer.java:<init>(108)) - Hadoop Security Enabled: false Ozone Security Enabled: false Ozone HTTP Security Enabled: false 
2022-10-06 01:04:48,035 [Listener at 127.0.0.1/44363] INFO  server.AuthenticationFilter (AuthenticationFilter.java:constructSecretProvider(240)) - Unable to initialize FileSignerSecretProvider, falling back to use random secrets.
2022-10-06 01:04:48,050 [Listener at 127.0.0.1/44363] WARN  http.HttpRequestLog (HttpRequestLog.java:getRequestLog(103)) - Jetty request log can only be enabled using Log4j
2022-10-06 01:04:48,051 [Listener at 127.0.0.1/44363] INFO  http.HttpServer2 (HttpServer2.java:addGlobalFilter(1031)) - Added global filter 'safety' (class=org.apache.hadoop.hdds.server.http.HttpServer2$QuotingInputFilter)
2022-10-06 01:04:48,051 [Listener at 127.0.0.1/44363] INFO  http.HttpServer2 (HttpServer2.java:addFilter(1007)) - Added filter static_user_filter (class=org.apache.hadoop.http.lib.StaticUserWebFilter$StaticUserFilter) to context hddsDatanode
2022-10-06 01:04:48,052 [Listener at 127.0.0.1/44363] INFO  http.HttpServer2 (HttpServer2.java:addFilter(1015)) - Added filter static_user_filter (class=org.apache.hadoop.http.lib.StaticUserWebFilter$StaticUserFilter) to context logs
2022-10-06 01:04:48,052 [Listener at 127.0.0.1/44363] INFO  http.HttpServer2 (HttpServer2.java:addFilter(1015)) - Added filter static_user_filter (class=org.apache.hadoop.http.lib.StaticUserWebFilter$StaticUserFilter) to context static
2022-10-06 01:04:48,052 [Listener at 127.0.0.1/44363] INFO  http.HttpServer2 (HttpServer2.java:bindListener(1250)) - Jetty bound to port 45463
2022-10-06 01:04:48,052 [Listener at 127.0.0.1/44363] INFO  server.Server (Server.java:doStart(375)) - jetty-9.4.43.v20210629; built: 2021-06-30T11:07:22.254Z; git: 526006ecfa3af7f1a27ef3a288e2bef7ea9dd7e8; jvm 1.8.0_345-b01
2022-10-06 01:04:48,092 [Listener at 127.0.0.1/44363] INFO  server.session (DefaultSessionIdManager.java:doStart(334)) - DefaultSessionIdManager workerName=node0
2022-10-06 01:04:48,092 [Listener at 127.0.0.1/44363] INFO  server.session (DefaultSessionIdManager.java:doStart(339)) - No SessionScavenger set, using defaults
2022-10-06 01:04:48,092 [Listener at 127.0.0.1/44363] INFO  server.session (HouseKeeper.java:startScavenging(132)) - node0 Scavenging every 660000ms
2022-10-06 01:04:48,093 [Listener at 127.0.0.1/44363] INFO  handler.ContextHandler (ContextHandler.java:doStart(915)) - Started o.e.j.s.ServletContextHandler@3ae3dfd2{logs,/logs,file:///home/runner/work/ozone/ozone/hadoop-ozone/integration-test/target/log,AVAILABLE}
2022-10-06 01:04:48,093 [Listener at 127.0.0.1/44363] INFO  handler.ContextHandler (ContextHandler.java:doStart(915)) - Started o.e.j.s.ServletContextHandler@4759b196{static,/static,jar:file:/home/runner/.m2/repository/org/apache/ozone/hdds-container-service/1.3.0-SNAPSHOT/hdds-container-service-1.3.0-SNAPSHOT.jar!/webapps/static,AVAILABLE}
2022-10-06 01:04:48,458 [EndpointStateMachine task thread for /0.0.0.0:37971 - 0 ] INFO  volume.HddsVolume (HddsVolume.java:createDbStore(307)) - SchemaV3 db is created and loaded at /home/runner/work/ozone/ozone/hadoop-ozone/integration-test/target/test-dir/MiniOzoneClusterImpl-07f884e1-d8a6-4fa8-8867-d1ed1eaa8398/datanode-0/data-0/containers/hdds/07f884e1-d8a6-4fa8-8867-d1ed1eaa8398/DS-37f518ca-e231-490c-9aeb-f4b371ca81e8/container.db for volume DS-37f518ca-e231-490c-9aeb-f4b371ca81e8
2022-10-06 01:04:48,485 [EndpointStateMachine task thread for /0.0.0.0:37971 - 0 ] INFO  volume.HddsVolume (HddsVolume.java:closeDbStore(338)) - SchemaV3 db is stopped at /home/runner/work/ozone/ozone/hadoop-ozone/integration-test/target/test-dir/MiniOzoneClusterImpl-07f884e1-d8a6-4fa8-8867-d1ed1eaa8398/datanode-0/data-0/containers/hdds/07f884e1-d8a6-4fa8-8867-d1ed1eaa8398/DS-37f518ca-e231-490c-9aeb-f4b371ca81e8/container.db for volume DS-37f518ca-e231-490c-9aeb-f4b371ca81e8
2022-10-06 01:04:48,485 [EndpointStateMachine task thread for /0.0.0.0:37971 - 0 ] INFO  ozoneimpl.OzoneContainer (OzoneContainer.java:start(378)) - Attempting to start container services.
2022-10-06 01:04:48,485 [EndpointStateMachine task thread for /0.0.0.0:37971 - 0 ] INFO  ozoneimpl.OzoneContainer (OzoneContainer.java:startContainerScrub(313)) - Background container scanner has been disabled.
2022-10-06 01:04:48,514 [EndpointStateMachine task thread for /0.0.0.0:37971 - 0 ] INFO  replication.ReplicationServer (ReplicationServer.java:start(111)) - ReplicationServer is started using port 45029
2022-10-06 01:04:48,514 [EndpointStateMachine task thread for /0.0.0.0:37971 - 0 ] INFO  ratis.XceiverServerRatis (XceiverServerRatis.java:start(481)) - Starting XceiverServerRatis b1188ba9-7404-4c69-a541-42ff8694cd3e
2022-10-06 01:04:48,521 [EndpointStateMachine task thread for /0.0.0.0:37971 - 0 ] INFO  server.RaftServer (RaftServerProxy.java:lambda$start$6(382)) - b1188ba9-7404-4c69-a541-42ff8694cd3e: start RPC server
2022-10-06 01:04:48,546 [EndpointStateMachine task thread for /0.0.0.0:37971 - 0 ] INFO  server.GrpcService (GrpcService.java:startImpl(260)) - b1188ba9-7404-4c69-a541-42ff8694cd3e: GrpcService started, listening on 39649
2022-10-06 01:04:48,546 [EndpointStateMachine task thread for /0.0.0.0:37971 - 0 ] INFO  ratis.XceiverServerRatis (XceiverServerRatis.java:getRealPort(502)) - XceiverServerRatis b1188ba9-7404-4c69-a541-42ff8694cd3e is started using port 39649 for RATIS
2022-10-06 01:04:48,546 [EndpointStateMachine task thread for /0.0.0.0:37971 - 0 ] INFO  ratis.XceiverServerRatis (XceiverServerRatis.java:getRealPort(502)) - XceiverServerRatis b1188ba9-7404-4c69-a541-42ff8694cd3e is started using port 39649 for RATIS_ADMIN
2022-10-06 01:04:48,546 [EndpointStateMachine task thread for /0.0.0.0:37971 - 0 ] INFO  ratis.XceiverServerRatis (XceiverServerRatis.java:getRealPort(502)) - XceiverServerRatis b1188ba9-7404-4c69-a541-42ff8694cd3e is started using port 39649 for RATIS_SERVER
2022-10-06 01:04:48,547 [org.apache.ratis.util.JvmPauseMonitor$$Lambda$619/277409773@480c2c69] INFO  util.JvmPauseMonitor (JvmPauseMonitor.java:run(103)) - JvmPauseMonitor-b1188ba9-7404-4c69-a541-42ff8694cd3e: Started
2022-10-06 01:04:48,574 [EndpointStateMachine task thread for /0.0.0.0:37971 - 0 ] INFO  server.XceiverServerGrpc (XceiverServerGrpc.java:start(180)) - XceiverServerGrpc b1188ba9-7404-4c69-a541-42ff8694cd3e is started using port 45591
2022-10-06 01:04:48,604 [Listener at 127.0.0.1/44363] INFO  handler.ContextHandler (ContextHandler.java:doStart(915)) - Started o.e.j.w.WebAppContext@1b5b532a{hddsDatanode,/,file:///tmp/jetty-0_0_0_0-45463-hdds-container-service-1_3_0-SNAPSHOT_jar-_-any-7193076184544646850/webapp/,AVAILABLE}{jar:file:/home/runner/.m2/repository/org/apache/ozone/hdds-container-service/1.3.0-SNAPSHOT/hdds-container-service-1.3.0-SNAPSHOT.jar!/webapps/hddsDatanode}
2022-10-06 01:04:48,605 [Listener at 127.0.0.1/44363] INFO  server.AbstractConnector (AbstractConnector.java:doStart(331)) - Started ServerConnector@6b90ad8c{HTTP/1.1, (http/1.1)}{0.0.0.0:45463}
2022-10-06 01:04:48,605 [Listener at 127.0.0.1/44363] INFO  server.Server (Server.java:doStart(415)) - Started @107069ms
2022-10-06 01:04:48,605 [Listener at 127.0.0.1/44363] WARN  impl.MetricsSystemImpl (MetricsSystemImpl.java:register(279)) - Sink prometheus already exists!
2022-10-06 01:04:48,605 [Listener at 127.0.0.1/44363] INFO  http.BaseHttpServer (BaseHttpServer.java:updateConnectorAddress(333)) - HTTP server of hddsDatanode listening at http://0.0.0.0:45463
2022-10-06 01:04:48,606 [Listener at 127.0.0.1/44363] INFO  impl.MetricsSystemImpl (MetricsSystemImpl.java:init(158)) - HddsDatanode metrics system started (again)
2022-10-06 01:04:48,644 [Datanode State Machine Daemon Thread] INFO  statemachine.DatanodeStateMachine (DatanodeStateMachine.java:lambda$startDaemon$0(492)) - Ozone container server started.
2022-10-06 01:04:48,654 [org.apache.hadoop.util.JvmPauseMonitor$Monitor@74820cc] INFO  util.JvmPauseMonitor (JvmPauseMonitor.java:run(188)) - Starting JVM pause monitor
2022-10-06 01:04:48,671 [Listener at 127.0.0.1/44363] INFO  ozone.HddsDatanodeService (HddsDatanodeService.java:start(236)) - HddsDatanodeService host:fv-az399-337.4urtqdmtpd2erju50p4tzyn2ng.bx.internal.cloudapp.net ip:10.1.0.249
2022-10-06 01:04:48,694 [Datanode State Machine Task Thread - 0] INFO  datanode.InitDatanodeState (InitDatanodeState.java:persistContainerDatanodeDetails(138)) - DatanodeDetails is persisted to /home/runner/work/ozone/ozone/hadoop-ozone/integration-test/target/test-dir/MiniOzoneClusterImpl-07f884e1-d8a6-4fa8-8867-d1ed1eaa8398/datanode-3/meta/datanode.id
2022-10-06 01:04:48,735 [Listener at 127.0.0.1/44363] INFO  upgrade.AbstractLayoutVersionManager (AbstractLayoutVersionManager.java:init(83)) - Initializing Layout version manager with metadata layout = DATANODE_SCHEMA_V3 (version = 4), software layout = DATANODE_SCHEMA_V3 (version = 4)
2022-10-06 01:04:48,800 [Listener at 127.0.0.1/44363] INFO  reflections.Reflections (Reflections.java:scan(232)) - Reflections took 64 ms to scan 7 urls, producing 135 keys and 327 values 
2022-10-06 01:04:48,802 [Listener at 127.0.0.1/44363] INFO  statemachine.DatanodeStateMachine (DatanodeStateMachine.java:getEndPointTaskThreadPoolSize(237)) - Datanode State Machine Task Thread Pool size 2
2022-10-06 01:04:48,815 [Listener at 127.0.0.1/44363] INFO  volume.HddsVolume (HddsVolume.java:<init>(117)) - Creating HddsVolume: /home/runner/work/ozone/ozone/hadoop-ozone/integration-test/target/test-dir/MiniOzoneClusterImpl-07f884e1-d8a6-4fa8-8867-d1ed1eaa8398/datanode-4/data-0/containers/hdds of storage type : DISK capacity : 9223372036854775807
2022-10-06 01:04:48,815 [Listener at 127.0.0.1/44363] INFO  volume.MutableVolumeSet (MutableVolumeSet.java:initializeVolumeSet(174)) - Added Volume : /home/runner/work/ozone/ozone/hadoop-ozone/integration-test/target/test-dir/MiniOzoneClusterImpl-07f884e1-d8a6-4fa8-8867-d1ed1eaa8398/datanode-4/data-0/containers/hdds to VolumeSet
2022-10-06 01:04:48,815 [Listener at 127.0.0.1/44363] INFO  volume.ThrottledAsyncChecker (ThrottledAsyncChecker.java:schedule(141)) - Scheduling a check for /home/runner/work/ozone/ozone/hadoop-ozone/integration-test/target/test-dir/MiniOzoneClusterImpl-07f884e1-d8a6-4fa8-8867-d1ed1eaa8398/datanode-4/data-0/containers/hdds
2022-10-06 01:04:48,822 [Listener at 127.0.0.1/44363] INFO  volume.StorageVolumeChecker (StorageVolumeChecker.java:checkAllVolumes(202)) - Scheduled health check for volume /home/runner/work/ozone/ozone/hadoop-ozone/integration-test/target/test-dir/MiniOzoneClusterImpl-07f884e1-d8a6-4fa8-8867-d1ed1eaa8398/datanode-4/data-0/containers/hdds
2022-10-06 01:04:48,832 [Listener at 127.0.0.1/44363] INFO  volume.MutableVolumeSet (MutableVolumeSet.java:initializeVolumeSet(174)) - Added Volume : /home/runner/work/ozone/ozone/hadoop-ozone/integration-test/target/test-dir/MiniOzoneClusterImpl-07f884e1-d8a6-4fa8-8867-d1ed1eaa8398/datanode-4/data/ratis to VolumeSet
2022-10-06 01:04:48,833 [Listener at 127.0.0.1/44363] INFO  volume.ThrottledAsyncChecker (ThrottledAsyncChecker.java:schedule(141)) - Scheduling a check for /home/runner/work/ozone/ozone/hadoop-ozone/integration-test/target/test-dir/MiniOzoneClusterImpl-07f884e1-d8a6-4fa8-8867-d1ed1eaa8398/datanode-4/data/ratis
2022-10-06 01:04:48,842 [Listener at 127.0.0.1/44363] INFO  volume.StorageVolumeChecker (StorageVolumeChecker.java:checkAllVolumes(202)) - Scheduled health check for volume /home/runner/work/ozone/ozone/hadoop-ozone/integration-test/target/test-dir/MiniOzoneClusterImpl-07f884e1-d8a6-4fa8-8867-d1ed1eaa8398/datanode-4/data/ratis
2022-10-06 01:04:48,866 [Thread-803] INFO  ozoneimpl.ContainerReader (ContainerReader.java:readVolume(175)) - Finish verifying containers on volume /home/runner/work/ozone/ozone/hadoop-ozone/integration-test/target/test-dir/MiniOzoneClusterImpl-07f884e1-d8a6-4fa8-8867-d1ed1eaa8398/datanode-4/data-0/containers/hdds
2022-10-06 01:04:48,866 [Listener at 127.0.0.1/44363] INFO  ozoneimpl.OzoneContainer (OzoneContainer.java:buildContainerSet(300)) - Build ContainerSet costs 0s
2022-10-06 01:04:48,870 [Listener at 127.0.0.1/44363] INFO  server.RaftServer (ConfUtils.java:logGet(46)) - raft.rpc.type = GRPC (default)
2022-10-06 01:04:48,870 [Listener at 127.0.0.1/44363] INFO  grpc.GrpcFactory (GrpcFactory.java:checkPooledByteBufAllocatorUseCacheForAllThreads(48)) - PERFORMANCE WARNING: useCacheForAllThreads is true that may cause Netty to create a lot garbage objects and, as a result, trigger GC.
	It is recommended to disable useCacheForAllThreads by setting -Dorg.apache.ratis.thirdparty.io.netty.allocator.useCacheForAllThreads=false in command line.
2022-10-06 01:04:48,870 [Listener at 127.0.0.1/44363] INFO  grpc.GrpcConfigKeys (ConfUtils.java:logGet(46)) - raft.grpc.admin.port = 0 (custom)
2022-10-06 01:04:48,870 [Listener at 127.0.0.1/44363] INFO  grpc.GrpcConfigKeys (ConfUtils.java:logGet(46)) - raft.grpc.client.port = 0 (custom)
2022-10-06 01:04:48,870 [Listener at 127.0.0.1/44363] INFO  grpc.GrpcConfigKeys (ConfUtils.java:logGet(46)) - raft.grpc.server.port = 0 (default)
2022-10-06 01:04:48,870 [Listener at 127.0.0.1/44363] INFO  server.GrpcService (ConfUtils.java:logGet(46)) - raft.grpc.message.size.max = 32MB (=33554432) (custom)
2022-10-06 01:04:48,871 [Listener at 127.0.0.1/44363] INFO  server.RaftServerConfigKeys (ConfUtils.java:logGet(46)) - raft.server.log.appender.buffer.byte-limit = 33554432 (custom)
2022-10-06 01:04:48,871 [Listener at 127.0.0.1/44363] INFO  server.GrpcService (ConfUtils.java:logGet(46)) - raft.grpc.flow.control.window = 5MB (=5242880) (custom)
2022-10-06 01:04:48,871 [Listener at 127.0.0.1/44363] INFO  server.RaftServerConfigKeys (ConfUtils.java:logGet(46)) - raft.server.rpc.request.timeout = 60s (custom)
2022-10-06 01:04:48,871 [Listener at 127.0.0.1/44363] INFO  grpc.GrpcConfigKeys (ConfUtils.java:logGet(46)) - raft.grpc.server.async.request.thread.pool.cached = true (default)
2022-10-06 01:04:48,871 [Listener at 127.0.0.1/44363] INFO  grpc.GrpcConfigKeys (ConfUtils.java:logGet(46)) - raft.grpc.server.async.request.thread.pool.size = 32 (default)
2022-10-06 01:04:48,872 [Listener at 127.0.0.1/44363] INFO  impl.DataStreamServerImpl (ConfUtils.java:logGet(46)) - raft.datastream.type = DISABLED (default)
2022-10-06 01:04:48,872 [Listener at 127.0.0.1/44363] INFO  server.RaftServerConfigKeys (ConfUtils.java:logGet(46)) - raft.server.threadpool.proxy.cached = true (default)
2022-10-06 01:04:48,872 [Listener at 127.0.0.1/44363] INFO  server.RaftServerConfigKeys (ConfUtils.java:logGet(46)) - raft.server.threadpool.proxy.size = 0 (default)
2022-10-06 01:04:48,872 [Listener at 127.0.0.1/44363] INFO  server.RaftServerConfigKeys (ConfUtils.java:logGet(46)) - raft.server.rpc.slowness.timeout = 300s (custom)
2022-10-06 01:04:48,872 [Listener at 127.0.0.1/44363] INFO  server.RaftServerConfigKeys (ConfUtils.java:logGet(46)) - raft.server.leaderelection.leader.step-down.wait-time = 10s (default)
2022-10-06 01:04:48,872 [Listener at 127.0.0.1/44363] INFO  server.RaftServerConfigKeys (ConfUtils.java:logGet(46)) - raft.server.storage.dir = [/home/runner/work/ozone/ozone/hadoop-ozone/integration-test/target/test-dir/MiniOzoneClusterImpl-07f884e1-d8a6-4fa8-8867-d1ed1eaa8398/datanode-4/data/ratis] (custom)
2022-10-06 01:04:48,887 [Listener at 127.0.0.1/44363] INFO  server.XceiverServerGrpc (XceiverServerGrpc.java:<init>(132)) - GrpcServer channel type EpollServerSocketChannel
2022-10-06 01:04:48,889 [Listener at 127.0.0.1/44363] INFO  http.BaseHttpServer (BaseHttpServer.java:newHttpServer2BuilderForOzone(213)) - Starting Web-server for hddsDatanode at: http://0.0.0.0:0
2022-10-06 01:04:48,890 [Listener at 127.0.0.1/44363] INFO  http.BaseHttpServer (BaseHttpServer.java:<init>(108)) - Hadoop Security Enabled: false Ozone Security Enabled: false Ozone HTTP Security Enabled: false 
2022-10-06 01:04:48,891 [Listener at 127.0.0.1/44363] INFO  server.AuthenticationFilter (AuthenticationFilter.java:constructSecretProvider(240)) - Unable to initialize FileSignerSecretProvider, falling back to use random secrets.
2022-10-06 01:04:48,906 [Listener at 127.0.0.1/44363] WARN  http.HttpRequestLog (HttpRequestLog.java:getRequestLog(103)) - Jetty request log can only be enabled using Log4j
2022-10-06 01:04:48,907 [Listener at 127.0.0.1/44363] INFO  http.HttpServer2 (HttpServer2.java:addGlobalFilter(1031)) - Added global filter 'safety' (class=org.apache.hadoop.hdds.server.http.HttpServer2$QuotingInputFilter)
2022-10-06 01:04:48,908 [Listener at 127.0.0.1/44363] INFO  http.HttpServer2 (HttpServer2.java:addFilter(1007)) - Added filter static_user_filter (class=org.apache.hadoop.http.lib.StaticUserWebFilter$StaticUserFilter) to context hddsDatanode
2022-10-06 01:04:48,908 [Listener at 127.0.0.1/44363] INFO  http.HttpServer2 (HttpServer2.java:addFilter(1015)) - Added filter static_user_filter (class=org.apache.hadoop.http.lib.StaticUserWebFilter$StaticUserFilter) to context logs
2022-10-06 01:04:48,908 [Listener at 127.0.0.1/44363] INFO  http.HttpServer2 (HttpServer2.java:addFilter(1015)) - Added filter static_user_filter (class=org.apache.hadoop.http.lib.StaticUserWebFilter$StaticUserFilter) to context static
2022-10-06 01:04:48,908 [Listener at 127.0.0.1/44363] INFO  http.HttpServer2 (HttpServer2.java:bindListener(1250)) - Jetty bound to port 34207
2022-10-06 01:04:48,908 [Listener at 127.0.0.1/44363] INFO  server.Server (Server.java:doStart(375)) - jetty-9.4.43.v20210629; built: 2021-06-30T11:07:22.254Z; git: 526006ecfa3af7f1a27ef3a288e2bef7ea9dd7e8; jvm 1.8.0_345-b01
2022-10-06 01:04:48,916 [Listener at 127.0.0.1/44363] INFO  server.session (DefaultSessionIdManager.java:doStart(334)) - DefaultSessionIdManager workerName=node0
2022-10-06 01:04:48,916 [Listener at 127.0.0.1/44363] INFO  server.session (DefaultSessionIdManager.java:doStart(339)) - No SessionScavenger set, using defaults
2022-10-06 01:04:48,916 [Listener at 127.0.0.1/44363] INFO  server.session (HouseKeeper.java:startScavenging(132)) - node0 Scavenging every 660000ms
2022-10-06 01:04:48,917 [Listener at 127.0.0.1/44363] INFO  handler.ContextHandler (ContextHandler.java:doStart(915)) - Started o.e.j.s.ServletContextHandler@6bea8788{logs,/logs,file:///home/runner/work/ozone/ozone/hadoop-ozone/integration-test/target/log,AVAILABLE}
2022-10-06 01:04:48,917 [Listener at 127.0.0.1/44363] INFO  handler.ContextHandler (ContextHandler.java:doStart(915)) - Started o.e.j.s.ServletContextHandler@1018cedd{static,/static,jar:file:/home/runner/.m2/repository/org/apache/ozone/hdds-container-service/1.3.0-SNAPSHOT/hdds-container-service-1.3.0-SNAPSHOT.jar!/webapps/static,AVAILABLE}
2022-10-06 01:04:49,061 [EndpointStateMachine task thread for /0.0.0.0:37971 - 0 ] INFO  volume.HddsVolume (HddsVolume.java:createDbStore(307)) - SchemaV3 db is created and loaded at /home/runner/work/ozone/ozone/hadoop-ozone/integration-test/target/test-dir/MiniOzoneClusterImpl-07f884e1-d8a6-4fa8-8867-d1ed1eaa8398/datanode-1/data-0/containers/hdds/07f884e1-d8a6-4fa8-8867-d1ed1eaa8398/DS-43f1af48-f3bc-4b01-8a8d-7ab9f2a3af81/container.db for volume DS-43f1af48-f3bc-4b01-8a8d-7ab9f2a3af81
2022-10-06 01:04:49,072 [EndpointStateMachine task thread for /0.0.0.0:37971 - 0 ] INFO  volume.HddsVolume (HddsVolume.java:closeDbStore(338)) - SchemaV3 db is stopped at /home/runner/work/ozone/ozone/hadoop-ozone/integration-test/target/test-dir/MiniOzoneClusterImpl-07f884e1-d8a6-4fa8-8867-d1ed1eaa8398/datanode-1/data-0/containers/hdds/07f884e1-d8a6-4fa8-8867-d1ed1eaa8398/DS-43f1af48-f3bc-4b01-8a8d-7ab9f2a3af81/container.db for volume DS-43f1af48-f3bc-4b01-8a8d-7ab9f2a3af81
2022-10-06 01:04:49,072 [EndpointStateMachine task thread for /0.0.0.0:37971 - 0 ] INFO  ozoneimpl.OzoneContainer (OzoneContainer.java:start(378)) - Attempting to start container services.
2022-10-06 01:04:49,072 [EndpointStateMachine task thread for /0.0.0.0:37971 - 0 ] INFO  ozoneimpl.OzoneContainer (OzoneContainer.java:startContainerScrub(313)) - Background container scanner has been disabled.
2022-10-06 01:04:49,098 [EndpointStateMachine task thread for /0.0.0.0:37971 - 0 ] INFO  replication.ReplicationServer (ReplicationServer.java:start(111)) - ReplicationServer is started using port 33367
2022-10-06 01:04:49,102 [EndpointStateMachine task thread for /0.0.0.0:37971 - 0 ] INFO  ratis.XceiverServerRatis (XceiverServerRatis.java:start(481)) - Starting XceiverServerRatis 92ca9abc-3f8f-4561-9917-cda982ad8ac5
2022-10-06 01:04:49,106 [EndpointStateMachine task thread for /0.0.0.0:37971 - 0 ] INFO  server.RaftServer (RaftServerProxy.java:lambda$start$6(382)) - 92ca9abc-3f8f-4561-9917-cda982ad8ac5: start RPC server
2022-10-06 01:04:49,132 [EndpointStateMachine task thread for /0.0.0.0:37971 - 0 ] INFO  server.GrpcService (GrpcService.java:startImpl(260)) - 92ca9abc-3f8f-4561-9917-cda982ad8ac5: GrpcService started, listening on 43563
2022-10-06 01:04:49,132 [EndpointStateMachine task thread for /0.0.0.0:37971 - 0 ] INFO  ratis.XceiverServerRatis (XceiverServerRatis.java:getRealPort(502)) - XceiverServerRatis 92ca9abc-3f8f-4561-9917-cda982ad8ac5 is started using port 43563 for RATIS
2022-10-06 01:04:49,133 [EndpointStateMachine task thread for /0.0.0.0:37971 - 0 ] INFO  ratis.XceiverServerRatis (XceiverServerRatis.java:getRealPort(502)) - XceiverServerRatis 92ca9abc-3f8f-4561-9917-cda982ad8ac5 is started using port 43563 for RATIS_ADMIN
2022-10-06 01:04:49,133 [EndpointStateMachine task thread for /0.0.0.0:37971 - 0 ] INFO  ratis.XceiverServerRatis (XceiverServerRatis.java:getRealPort(502)) - XceiverServerRatis 92ca9abc-3f8f-4561-9917-cda982ad8ac5 is started using port 43563 for RATIS_SERVER
2022-10-06 01:04:49,133 [org.apache.ratis.util.JvmPauseMonitor$$Lambda$619/277409773@73d56513] INFO  util.JvmPauseMonitor (JvmPauseMonitor.java:run(103)) - JvmPauseMonitor-92ca9abc-3f8f-4561-9917-cda982ad8ac5: Started
2022-10-06 01:04:49,169 [EndpointStateMachine task thread for /0.0.0.0:37971 - 0 ] INFO  server.XceiverServerGrpc (XceiverServerGrpc.java:start(180)) - XceiverServerGrpc 92ca9abc-3f8f-4561-9917-cda982ad8ac5 is started using port 46775
2022-10-06 01:04:49,252 [Listener at 127.0.0.1/44363] INFO  handler.ContextHandler (ContextHandler.java:doStart(915)) - Started o.e.j.w.WebAppContext@f915ab3{hddsDatanode,/,file:///tmp/jetty-0_0_0_0-34207-hdds-container-service-1_3_0-SNAPSHOT_jar-_-any-1189159135270294254/webapp/,AVAILABLE}{jar:file:/home/runner/.m2/repository/org/apache/ozone/hdds-container-service/1.3.0-SNAPSHOT/hdds-container-service-1.3.0-SNAPSHOT.jar!/webapps/hddsDatanode}
2022-10-06 01:04:49,253 [Listener at 127.0.0.1/44363] INFO  server.AbstractConnector (AbstractConnector.java:doStart(331)) - Started ServerConnector@66233976{HTTP/1.1, (http/1.1)}{0.0.0.0:34207}
2022-10-06 01:04:49,253 [Listener at 127.0.0.1/44363] INFO  server.Server (Server.java:doStart(415)) - Started @107718ms
2022-10-06 01:04:49,253 [Listener at 127.0.0.1/44363] WARN  impl.MetricsSystemImpl (MetricsSystemImpl.java:register(279)) - Sink prometheus already exists!
2022-10-06 01:04:49,255 [Listener at 127.0.0.1/44363] INFO  http.BaseHttpServer (BaseHttpServer.java:updateConnectorAddress(333)) - HTTP server of hddsDatanode listening at http://0.0.0.0:34207
2022-10-06 01:04:49,255 [Listener at 127.0.0.1/44363] INFO  ozone.MiniOzoneClusterImpl (MiniOzoneClusterImpl.java:lambda$waitForClusterToBeReady$0(216)) - Waiting for nodes to be ready. Got 0 of 5 DN Heartbeats.
2022-10-06 01:04:49,255 [Listener at 127.0.0.1/44363] INFO  ozone.MiniOzoneClusterImpl (MiniOzoneClusterImpl.java:lambda$waitForClusterToBeReady$0(219)) - Waiting for cluster to exit safe mode
2022-10-06 01:04:49,255 [Listener at 127.0.0.1/44363] INFO  ozone.MiniOzoneClusterImpl (MiniOzoneClusterImpl.java:lambda$waitForClusterToBeReady$0(221)) - SCM became leader
2022-10-06 01:04:49,255 [Datanode State Machine Daemon Thread] INFO  statemachine.DatanodeStateMachine (DatanodeStateMachine.java:lambda$startDaemon$0(492)) - Ozone container server started.
2022-10-06 01:04:49,302 [org.apache.hadoop.util.JvmPauseMonitor$Monitor@3588b490] INFO  util.JvmPauseMonitor (JvmPauseMonitor.java:run(188)) - Starting JVM pause monitor
2022-10-06 01:04:49,315 [Datanode State Machine Task Thread - 0] INFO  datanode.InitDatanodeState (InitDatanodeState.java:persistContainerDatanodeDetails(138)) - DatanodeDetails is persisted to /home/runner/work/ozone/ozone/hadoop-ozone/integration-test/target/test-dir/MiniOzoneClusterImpl-07f884e1-d8a6-4fa8-8867-d1ed1eaa8398/datanode-4/meta/datanode.id
2022-10-06 01:04:49,909 [EndpointStateMachine task thread for /0.0.0.0:37971 - 0 ] INFO  volume.HddsVolume (HddsVolume.java:createDbStore(307)) - SchemaV3 db is created and loaded at /home/runner/work/ozone/ozone/hadoop-ozone/integration-test/target/test-dir/MiniOzoneClusterImpl-07f884e1-d8a6-4fa8-8867-d1ed1eaa8398/datanode-2/data-0/containers/hdds/07f884e1-d8a6-4fa8-8867-d1ed1eaa8398/DS-f45b71a5-7f34-421f-b5d9-4c9f9fb6013d/container.db for volume DS-f45b71a5-7f34-421f-b5d9-4c9f9fb6013d
2022-10-06 01:04:49,910 [EndpointStateMachine task thread for /0.0.0.0:37971 - 0 ] INFO  volume.HddsVolume (HddsVolume.java:closeDbStore(338)) - SchemaV3 db is stopped at /home/runner/work/ozone/ozone/hadoop-ozone/integration-test/target/test-dir/MiniOzoneClusterImpl-07f884e1-d8a6-4fa8-8867-d1ed1eaa8398/datanode-2/data-0/containers/hdds/07f884e1-d8a6-4fa8-8867-d1ed1eaa8398/DS-f45b71a5-7f34-421f-b5d9-4c9f9fb6013d/container.db for volume DS-f45b71a5-7f34-421f-b5d9-4c9f9fb6013d
2022-10-06 01:04:49,910 [EndpointStateMachine task thread for /0.0.0.0:37971 - 0 ] INFO  ozoneimpl.OzoneContainer (OzoneContainer.java:start(378)) - Attempting to start container services.
2022-10-06 01:04:49,910 [EndpointStateMachine task thread for /0.0.0.0:37971 - 0 ] INFO  ozoneimpl.OzoneContainer (OzoneContainer.java:startContainerScrub(313)) - Background container scanner has been disabled.
2022-10-06 01:04:49,930 [EndpointStateMachine task thread for /0.0.0.0:37971 - 0 ] INFO  replication.ReplicationServer (ReplicationServer.java:start(111)) - ReplicationServer is started using port 45603
2022-10-06 01:04:49,938 [EndpointStateMachine task thread for /0.0.0.0:37971 - 0 ] INFO  ratis.XceiverServerRatis (XceiverServerRatis.java:start(481)) - Starting XceiverServerRatis 23a5c7c7-a279-444f-ae9a-ea80730ba37f
2022-10-06 01:04:49,965 [EndpointStateMachine task thread for /0.0.0.0:37971 - 0 ] INFO  server.RaftServer (RaftServerProxy.java:lambda$start$6(382)) - 23a5c7c7-a279-444f-ae9a-ea80730ba37f: start RPC server
2022-10-06 01:04:49,982 [EndpointStateMachine task thread for /0.0.0.0:37971 - 0 ] INFO  server.GrpcService (GrpcService.java:startImpl(260)) - 23a5c7c7-a279-444f-ae9a-ea80730ba37f: GrpcService started, listening on 46507
2022-10-06 01:04:49,982 [EndpointStateMachine task thread for /0.0.0.0:37971 - 0 ] INFO  ratis.XceiverServerRatis (XceiverServerRatis.java:getRealPort(502)) - XceiverServerRatis 23a5c7c7-a279-444f-ae9a-ea80730ba37f is started using port 46507 for RATIS
2022-10-06 01:04:49,982 [EndpointStateMachine task thread for /0.0.0.0:37971 - 0 ] INFO  ratis.XceiverServerRatis (XceiverServerRatis.java:getRealPort(502)) - XceiverServerRatis 23a5c7c7-a279-444f-ae9a-ea80730ba37f is started using port 46507 for RATIS_ADMIN
2022-10-06 01:04:49,982 [EndpointStateMachine task thread for /0.0.0.0:37971 - 0 ] INFO  ratis.XceiverServerRatis (XceiverServerRatis.java:getRealPort(502)) - XceiverServerRatis 23a5c7c7-a279-444f-ae9a-ea80730ba37f is started using port 46507 for RATIS_SERVER
2022-10-06 01:04:49,996 [org.apache.ratis.util.JvmPauseMonitor$$Lambda$619/277409773@5f3bc9ad] INFO  util.JvmPauseMonitor (JvmPauseMonitor.java:run(103)) - JvmPauseMonitor-23a5c7c7-a279-444f-ae9a-ea80730ba37f: Started
2022-10-06 01:04:50,002 [EndpointStateMachine task thread for /0.0.0.0:37971 - 0 ] INFO  server.XceiverServerGrpc (XceiverServerGrpc.java:start(180)) - XceiverServerGrpc 23a5c7c7-a279-444f-ae9a-ea80730ba37f is started using port 43267
2022-10-06 01:04:50,255 [Listener at 127.0.0.1/44363] INFO  ozone.MiniOzoneClusterImpl (MiniOzoneClusterImpl.java:lambda$waitForClusterToBeReady$0(216)) - Waiting for nodes to be ready. Got 0 of 5 DN Heartbeats.
2022-10-06 01:04:50,256 [Listener at 127.0.0.1/44363] INFO  ozone.MiniOzoneClusterImpl (MiniOzoneClusterImpl.java:lambda$waitForClusterToBeReady$0(219)) - Waiting for cluster to exit safe mode
2022-10-06 01:04:50,256 [Listener at 127.0.0.1/44363] INFO  ozone.MiniOzoneClusterImpl (MiniOzoneClusterImpl.java:lambda$waitForClusterToBeReady$0(221)) - SCM became leader
2022-10-06 01:04:50,355 [IPC Server handler 1 on default port 37971] INFO  net.NetworkTopologyImpl (NetworkTopologyImpl.java:add(112)) - Added a new node: /default-rack/b1188ba9-7404-4c69-a541-42ff8694cd3e
2022-10-06 01:04:50,355 [IPC Server handler 1 on default port 37971] INFO  node.SCMNodeManager (SCMNodeManager.java:register(397)) - Registered Data node : b1188ba9-7404-4c69-a541-42ff8694cd3e{ip: 10.1.0.249, host: fv-az399-337.4urtqdmtpd2erju50p4tzyn2ng.bx.internal.cloudapp.net, ports: [REPLICATION=45029, RATIS=39649, RATIS_ADMIN=39649, RATIS_SERVER=39649, STANDALONE=45591], networkLocation: /default-rack, certSerialId: null, persistedOpState: null, persistedOpStateExpiryEpochSec: 0}
2022-10-06 01:04:50,362 [EventQueue-NodeRegistrationContainerReportForDataNodeSafeModeRule] INFO  safemode.SCMSafeModeManager (DataNodeSafeModeRule.java:process(71)) - SCM in safe mode. 1 DataNodes registered, 3 required.
2022-10-06 01:04:50,363 [EventQueue-NodeRegistrationContainerReportForContainerSafeModeRule] INFO  safemode.SCMSafeModeManager (SCMSafeModeManager.java:validateSafeModeExitRules(204)) - ContainerSafeModeRule rule is successfully validated
2022-10-06 01:04:50,365 [EventQueue-NewNodeForNewNodeHandler] INFO  pipeline.BackgroundPipelineCreator (BackgroundPipelineCreator.java:notifyEventTriggered(276)) - trigger a one-shot run on RatisPipelineUtilsThread.
2022-10-06 01:04:50,366 [RatisPipelineUtilsThread - 0] INFO  pipeline.RatisPipelineProvider (RatisPipelineProvider.java:lambda$create$0(195)) - Sending CreatePipelineCommand for pipeline:PipelineID=a9991810-f793-416e-990e-7acc06e7a3f8 to datanode:b1188ba9-7404-4c69-a541-42ff8694cd3e
2022-10-06 01:04:50,366 [EventQueue-PipelineReportForOneReplicaPipelineSafeModeRule] INFO  safemode.SCMSafeModeManager (SCMSafeModeManager.java:validateSafeModeExitRules(204)) - AtleastOneDatanodeReportedRule rule is successfully validated
2022-10-06 01:04:50,370 [RatisPipelineUtilsThread - 0] INFO  pipeline.PipelineStateManagerImpl (PipelineStateManagerImpl.java:addPipeline(103)) - Created pipeline Pipeline[ Id: a9991810-f793-416e-990e-7acc06e7a3f8, Nodes: b1188ba9-7404-4c69-a541-42ff8694cd3e{ip: 10.1.0.249, host: fv-az399-337.4urtqdmtpd2erju50p4tzyn2ng.bx.internal.cloudapp.net, ports: [REPLICATION=45029, RATIS=39649, RATIS_ADMIN=39649, RATIS_SERVER=39649, STANDALONE=45591], networkLocation: /default-rack, certSerialId: null, persistedOpState: IN_SERVICE, persistedOpStateExpiryEpochSec: 0}, ReplicationConfig: RATIS/ONE, State:ALLOCATED, leaderId:, CreationTimestamp2022-10-06T01:04:50.366Z[Etc/UTC]].
2022-10-06 01:04:50,709 [EndpointStateMachine task thread for /0.0.0.0:37971 - 0 ] INFO  volume.HddsVolume (HddsVolume.java:createDbStore(307)) - SchemaV3 db is created and loaded at /home/runner/work/ozone/ozone/hadoop-ozone/integration-test/target/test-dir/MiniOzoneClusterImpl-07f884e1-d8a6-4fa8-8867-d1ed1eaa8398/datanode-3/data-0/containers/hdds/07f884e1-d8a6-4fa8-8867-d1ed1eaa8398/DS-a09e6fa5-9f96-4f37-bb08-395d11b765cd/container.db for volume DS-a09e6fa5-9f96-4f37-bb08-395d11b765cd
2022-10-06 01:04:50,710 [EndpointStateMachine task thread for /0.0.0.0:37971 - 0 ] INFO  volume.HddsVolume (HddsVolume.java:closeDbStore(338)) - SchemaV3 db is stopped at /home/runner/work/ozone/ozone/hadoop-ozone/integration-test/target/test-dir/MiniOzoneClusterImpl-07f884e1-d8a6-4fa8-8867-d1ed1eaa8398/datanode-3/data-0/containers/hdds/07f884e1-d8a6-4fa8-8867-d1ed1eaa8398/DS-a09e6fa5-9f96-4f37-bb08-395d11b765cd/container.db for volume DS-a09e6fa5-9f96-4f37-bb08-395d11b765cd
2022-10-06 01:04:50,710 [EndpointStateMachine task thread for /0.0.0.0:37971 - 0 ] INFO  ozoneimpl.OzoneContainer (OzoneContainer.java:start(378)) - Attempting to start container services.
2022-10-06 01:04:50,710 [EndpointStateMachine task thread for /0.0.0.0:37971 - 0 ] INFO  ozoneimpl.OzoneContainer (OzoneContainer.java:startContainerScrub(313)) - Background container scanner has been disabled.
2022-10-06 01:04:50,770 [EndpointStateMachine task thread for /0.0.0.0:37971 - 0 ] INFO  replication.ReplicationServer (ReplicationServer.java:start(111)) - ReplicationServer is started using port 35785
2022-10-06 01:04:50,771 [EndpointStateMachine task thread for /0.0.0.0:37971 - 0 ] INFO  ratis.XceiverServerRatis (XceiverServerRatis.java:start(481)) - Starting XceiverServerRatis 9790ca2c-57a1-4a77-b27d-b43f70ab9145
2022-10-06 01:04:50,774 [EndpointStateMachine task thread for /0.0.0.0:37971 - 0 ] INFO  server.RaftServer (RaftServerProxy.java:lambda$start$6(382)) - 9790ca2c-57a1-4a77-b27d-b43f70ab9145: start RPC server
2022-10-06 01:04:50,807 [EndpointStateMachine task thread for /0.0.0.0:37971 - 0 ] INFO  server.GrpcService (GrpcService.java:startImpl(260)) - 9790ca2c-57a1-4a77-b27d-b43f70ab9145: GrpcService started, listening on 34209
2022-10-06 01:04:50,807 [EndpointStateMachine task thread for /0.0.0.0:37971 - 0 ] INFO  ratis.XceiverServerRatis (XceiverServerRatis.java:getRealPort(502)) - XceiverServerRatis 9790ca2c-57a1-4a77-b27d-b43f70ab9145 is started using port 34209 for RATIS
2022-10-06 01:04:50,807 [EndpointStateMachine task thread for /0.0.0.0:37971 - 0 ] INFO  ratis.XceiverServerRatis (XceiverServerRatis.java:getRealPort(502)) - XceiverServerRatis 9790ca2c-57a1-4a77-b27d-b43f70ab9145 is started using port 34209 for RATIS_ADMIN
2022-10-06 01:04:50,807 [EndpointStateMachine task thread for /0.0.0.0:37971 - 0 ] INFO  ratis.XceiverServerRatis (XceiverServerRatis.java:getRealPort(502)) - XceiverServerRatis 9790ca2c-57a1-4a77-b27d-b43f70ab9145 is started using port 34209 for RATIS_SERVER
2022-10-06 01:04:50,807 [org.apache.ratis.util.JvmPauseMonitor$$Lambda$619/277409773@2c4d34da] INFO  util.JvmPauseMonitor (JvmPauseMonitor.java:run(103)) - JvmPauseMonitor-9790ca2c-57a1-4a77-b27d-b43f70ab9145: Started
2022-10-06 01:04:50,830 [EndpointStateMachine task thread for /0.0.0.0:37971 - 0 ] INFO  server.XceiverServerGrpc (XceiverServerGrpc.java:start(180)) - XceiverServerGrpc 9790ca2c-57a1-4a77-b27d-b43f70ab9145 is started using port 35735
2022-10-06 01:04:50,985 [IPC Server handler 1 on default port 37971] INFO  net.NetworkTopologyImpl (NetworkTopologyImpl.java:add(112)) - Added a new node: /default-rack/92ca9abc-3f8f-4561-9917-cda982ad8ac5
2022-10-06 01:04:50,985 [IPC Server handler 1 on default port 37971] INFO  node.SCMNodeManager (SCMNodeManager.java:register(397)) - Registered Data node : 92ca9abc-3f8f-4561-9917-cda982ad8ac5{ip: 10.1.0.249, host: fv-az399-337.4urtqdmtpd2erju50p4tzyn2ng.bx.internal.cloudapp.net, ports: [REPLICATION=33367, RATIS=43563, RATIS_ADMIN=43563, RATIS_SERVER=43563, STANDALONE=46775], networkLocation: /default-rack, certSerialId: null, persistedOpState: null, persistedOpStateExpiryEpochSec: 0}
2022-10-06 01:04:50,985 [EventQueue-NodeRegistrationContainerReportForDataNodeSafeModeRule] INFO  safemode.SCMSafeModeManager (DataNodeSafeModeRule.java:process(71)) - SCM in safe mode. 2 DataNodes registered, 3 required.
2022-10-06 01:04:50,985 [EventQueue-NewNodeForNewNodeHandler] INFO  pipeline.BackgroundPipelineCreator (BackgroundPipelineCreator.java:notifyEventTriggered(276)) - trigger a one-shot run on RatisPipelineUtilsThread.
2022-10-06 01:04:50,994 [RatisPipelineUtilsThread - 0] INFO  pipeline.RatisPipelineProvider (RatisPipelineProvider.java:lambda$create$0(195)) - Sending CreatePipelineCommand for pipeline:PipelineID=87b30120-517b-4ad8-a9b7-c4f0a49c1dab to datanode:92ca9abc-3f8f-4561-9917-cda982ad8ac5
2022-10-06 01:04:51,004 [RatisPipelineUtilsThread - 0] INFO  pipeline.PipelineStateManagerImpl (PipelineStateManagerImpl.java:addPipeline(103)) - Created pipeline Pipeline[ Id: 87b30120-517b-4ad8-a9b7-c4f0a49c1dab, Nodes: 92ca9abc-3f8f-4561-9917-cda982ad8ac5{ip: 10.1.0.249, host: fv-az399-337.4urtqdmtpd2erju50p4tzyn2ng.bx.internal.cloudapp.net, ports: [REPLICATION=33367, RATIS=43563, RATIS_ADMIN=43563, RATIS_SERVER=43563, STANDALONE=46775], networkLocation: /default-rack, certSerialId: null, persistedOpState: IN_SERVICE, persistedOpStateExpiryEpochSec: 0}, ReplicationConfig: RATIS/ONE, State:ALLOCATED, leaderId:, CreationTimestamp2022-10-06T01:04:50.994Z[Etc/UTC]].
2022-10-06 01:04:51,256 [Listener at 127.0.0.1/44363] INFO  ozone.MiniOzoneClusterImpl (MiniOzoneClusterImpl.java:lambda$waitForClusterToBeReady$0(216)) - Waiting for nodes to be ready. Got 2 of 5 DN Heartbeats.
2022-10-06 01:04:51,256 [Listener at 127.0.0.1/44363] INFO  ozone.MiniOzoneClusterImpl (MiniOzoneClusterImpl.java:lambda$waitForClusterToBeReady$0(219)) - Waiting for cluster to exit safe mode
2022-10-06 01:04:51,256 [Listener at 127.0.0.1/44363] INFO  ozone.MiniOzoneClusterImpl (MiniOzoneClusterImpl.java:lambda$waitForClusterToBeReady$0(221)) - SCM became leader
2022-10-06 01:04:51,370 [EndpointStateMachine task thread for /0.0.0.0:37971 - 0 ] INFO  volume.HddsVolume (HddsVolume.java:createDbStore(307)) - SchemaV3 db is created and loaded at /home/runner/work/ozone/ozone/hadoop-ozone/integration-test/target/test-dir/MiniOzoneClusterImpl-07f884e1-d8a6-4fa8-8867-d1ed1eaa8398/datanode-4/data-0/containers/hdds/07f884e1-d8a6-4fa8-8867-d1ed1eaa8398/DS-f1d077af-6769-4cae-ae0b-531e3348fe32/container.db for volume DS-f1d077af-6769-4cae-ae0b-531e3348fe32
2022-10-06 01:04:51,371 [EndpointStateMachine task thread for /0.0.0.0:37971 - 0 ] INFO  volume.HddsVolume (HddsVolume.java:closeDbStore(338)) - SchemaV3 db is stopped at /home/runner/work/ozone/ozone/hadoop-ozone/integration-test/target/test-dir/MiniOzoneClusterImpl-07f884e1-d8a6-4fa8-8867-d1ed1eaa8398/datanode-4/data-0/containers/hdds/07f884e1-d8a6-4fa8-8867-d1ed1eaa8398/DS-f1d077af-6769-4cae-ae0b-531e3348fe32/container.db for volume DS-f1d077af-6769-4cae-ae0b-531e3348fe32
2022-10-06 01:04:51,371 [EndpointStateMachine task thread for /0.0.0.0:37971 - 0 ] INFO  ozoneimpl.OzoneContainer (OzoneContainer.java:start(378)) - Attempting to start container services.
2022-10-06 01:04:51,371 [EndpointStateMachine task thread for /0.0.0.0:37971 - 0 ] INFO  ozoneimpl.OzoneContainer (OzoneContainer.java:startContainerScrub(313)) - Background container scanner has been disabled.
2022-10-06 01:04:51,386 [EndpointStateMachine task thread for /0.0.0.0:37971 - 0 ] INFO  replication.ReplicationServer (ReplicationServer.java:start(111)) - ReplicationServer is started using port 42353
2022-10-06 01:04:51,397 [EndpointStateMachine task thread for /0.0.0.0:37971 - 0 ] INFO  ratis.XceiverServerRatis (XceiverServerRatis.java:start(481)) - Starting XceiverServerRatis 3c467811-f56a-4e44-8833-8c580925f27b
2022-10-06 01:04:51,422 [EndpointStateMachine task thread for /0.0.0.0:37971 - 0 ] INFO  server.RaftServer (RaftServerProxy.java:lambda$start$6(382)) - 3c467811-f56a-4e44-8833-8c580925f27b: start RPC server
2022-10-06 01:04:51,434 [EndpointStateMachine task thread for /0.0.0.0:37971 - 0 ] INFO  server.GrpcService (GrpcService.java:startImpl(260)) - 3c467811-f56a-4e44-8833-8c580925f27b: GrpcService started, listening on 40965
2022-10-06 01:04:51,434 [EndpointStateMachine task thread for /0.0.0.0:37971 - 0 ] INFO  ratis.XceiverServerRatis (XceiverServerRatis.java:getRealPort(502)) - XceiverServerRatis 3c467811-f56a-4e44-8833-8c580925f27b is started using port 40965 for RATIS
2022-10-06 01:04:51,435 [EndpointStateMachine task thread for /0.0.0.0:37971 - 0 ] INFO  ratis.XceiverServerRatis (XceiverServerRatis.java:getRealPort(502)) - XceiverServerRatis 3c467811-f56a-4e44-8833-8c580925f27b is started using port 40965 for RATIS_ADMIN
2022-10-06 01:04:51,435 [EndpointStateMachine task thread for /0.0.0.0:37971 - 0 ] INFO  ratis.XceiverServerRatis (XceiverServerRatis.java:getRealPort(502)) - XceiverServerRatis 3c467811-f56a-4e44-8833-8c580925f27b is started using port 40965 for RATIS_SERVER
2022-10-06 01:04:51,446 [org.apache.ratis.util.JvmPauseMonitor$$Lambda$619/277409773@707a5bb9] INFO  util.JvmPauseMonitor (JvmPauseMonitor.java:run(103)) - JvmPauseMonitor-3c467811-f56a-4e44-8833-8c580925f27b: Started
2022-10-06 01:04:51,468 [EndpointStateMachine task thread for /0.0.0.0:37971 - 0 ] INFO  server.XceiverServerGrpc (XceiverServerGrpc.java:start(180)) - XceiverServerGrpc 3c467811-f56a-4e44-8833-8c580925f27b is started using port 38317
2022-10-06 01:04:51,835 [IPC Server handler 1 on default port 37971] INFO  net.NetworkTopologyImpl (NetworkTopologyImpl.java:add(112)) - Added a new node: /default-rack/23a5c7c7-a279-444f-ae9a-ea80730ba37f
2022-10-06 01:04:51,835 [IPC Server handler 1 on default port 37971] INFO  node.SCMNodeManager (SCMNodeManager.java:register(397)) - Registered Data node : 23a5c7c7-a279-444f-ae9a-ea80730ba37f{ip: 10.1.0.249, host: fv-az399-337.4urtqdmtpd2erju50p4tzyn2ng.bx.internal.cloudapp.net, ports: [REPLICATION=45603, RATIS=46507, RATIS_ADMIN=46507, RATIS_SERVER=46507, STANDALONE=43267], networkLocation: /default-rack, certSerialId: null, persistedOpState: null, persistedOpStateExpiryEpochSec: 0}
2022-10-06 01:04:51,835 [EventQueue-NodeRegistrationContainerReportForDataNodeSafeModeRule] INFO  safemode.SCMSafeModeManager (DataNodeSafeModeRule.java:process(71)) - SCM in safe mode. 3 DataNodes registered, 3 required.
2022-10-06 01:04:51,835 [EventQueue-NodeRegistrationContainerReportForDataNodeSafeModeRule] INFO  safemode.SCMSafeModeManager (SCMSafeModeManager.java:validateSafeModeExitRules(204)) - DataNodeSafeModeRule rule is successfully validated
2022-10-06 01:04:51,835 [EventQueue-NodeRegistrationContainerReportForDataNodeSafeModeRule] INFO  safemode.SCMSafeModeManager (SCMSafeModeManager.java:completePreCheck(233)) - All SCM safe mode pre check rules have passed
2022-10-06 01:04:51,836 [EventQueue-NodeRegistrationContainerReportForDataNodeSafeModeRule] WARN  events.EventQueue (EventQueue.java:fireEvent(216)) - No event handler registered for event TypedEvent{payloadType=SafeModeStatus, name='Safe mode status'}
2022-10-06 01:04:51,836 [EventQueue-NodeRegistrationContainerReportForDataNodeSafeModeRule] INFO  ha.SCMContext (SCMContext.java:updateSafeModeStatus(228)) - Update SafeModeStatus from SafeModeStatus{safeModeStatus=true, preCheckPassed=false} to SafeModeStatus{safeModeStatus=true, preCheckPassed=true}.
2022-10-06 01:04:51,836 [EventQueue-NodeRegistrationContainerReportForDataNodeSafeModeRule] INFO  pipeline.BackgroundPipelineCreator (BackgroundPipelineCreator.java:notifyEventTriggered(276)) - trigger a one-shot run on RatisPipelineUtilsThread.
2022-10-06 01:04:51,836 [RatisPipelineUtilsThread - 0] INFO  pipeline.RatisPipelineProvider (RatisPipelineProvider.java:lambda$create$0(195)) - Sending CreatePipelineCommand for pipeline:PipelineID=93960ef6-269e-4e29-bc6c-33a239f343b5 to datanode:23a5c7c7-a279-444f-ae9a-ea80730ba37f
2022-10-06 01:04:51,836 [RatisPipelineUtilsThread - 0] INFO  pipeline.PipelineStateManagerImpl (PipelineStateManagerImpl.java:addPipeline(103)) - Created pipeline Pipeline[ Id: 93960ef6-269e-4e29-bc6c-33a239f343b5, Nodes: 23a5c7c7-a279-444f-ae9a-ea80730ba37f{ip: 10.1.0.249, host: fv-az399-337.4urtqdmtpd2erju50p4tzyn2ng.bx.internal.cloudapp.net, ports: [REPLICATION=45603, RATIS=46507, RATIS_ADMIN=46507, RATIS_SERVER=46507, STANDALONE=43267], networkLocation: /default-rack, certSerialId: null, persistedOpState: IN_SERVICE, persistedOpStateExpiryEpochSec: 0}, ReplicationConfig: RATIS/ONE, State:ALLOCATED, leaderId:, CreationTimestamp2022-10-06T01:04:51.836Z[Etc/UTC]].
2022-10-06 01:04:51,837 [RatisPipelineUtilsThread - 0] INFO  pipeline.RatisPipelineProvider (RatisPipelineProvider.java:lambda$create$0(195)) - Sending CreatePipelineCommand for pipeline:PipelineID=4484226a-7136-4ba0-9358-447696fb1cac to datanode:b1188ba9-7404-4c69-a541-42ff8694cd3e
2022-10-06 01:04:51,837 [RatisPipelineUtilsThread - 0] INFO  pipeline.RatisPipelineProvider (RatisPipelineProvider.java:lambda$create$0(195)) - Sending CreatePipelineCommand for pipeline:PipelineID=4484226a-7136-4ba0-9358-447696fb1cac to datanode:23a5c7c7-a279-444f-ae9a-ea80730ba37f
2022-10-06 01:04:51,837 [RatisPipelineUtilsThread - 0] INFO  pipeline.RatisPipelineProvider (RatisPipelineProvider.java:lambda$create$0(195)) - Sending CreatePipelineCommand for pipeline:PipelineID=4484226a-7136-4ba0-9358-447696fb1cac to datanode:92ca9abc-3f8f-4561-9917-cda982ad8ac5
2022-10-06 01:04:51,837 [RatisPipelineUtilsThread - 0] INFO  pipeline.PipelineStateManagerImpl (PipelineStateManagerImpl.java:addPipeline(103)) - Created pipeline Pipeline[ Id: 4484226a-7136-4ba0-9358-447696fb1cac, Nodes: b1188ba9-7404-4c69-a541-42ff8694cd3e{ip: 10.1.0.249, host: fv-az399-337.4urtqdmtpd2erju50p4tzyn2ng.bx.internal.cloudapp.net, ports: [REPLICATION=45029, RATIS=39649, RATIS_ADMIN=39649, RATIS_SERVER=39649, STANDALONE=45591], networkLocation: /default-rack, certSerialId: null, persistedOpState: IN_SERVICE, persistedOpStateExpiryEpochSec: 0}23a5c7c7-a279-444f-ae9a-ea80730ba37f{ip: 10.1.0.249, host: fv-az399-337.4urtqdmtpd2erju50p4tzyn2ng.bx.internal.cloudapp.net, ports: [REPLICATION=45603, RATIS=46507, RATIS_ADMIN=46507, RATIS_SERVER=46507, STANDALONE=43267], networkLocation: /default-rack, certSerialId: null, persistedOpState: IN_SERVICE, persistedOpStateExpiryEpochSec: 0}92ca9abc-3f8f-4561-9917-cda982ad8ac5{ip: 10.1.0.249, host: fv-az399-337.4urtqdmtpd2erju50p4tzyn2ng.bx.internal.cloudapp.net, ports: [REPLICATION=33367, RATIS=43563, RATIS_ADMIN=43563, RATIS_SERVER=43563, STANDALONE=46775], networkLocation: /default-rack, certSerialId: null, persistedOpState: IN_SERVICE, persistedOpStateExpiryEpochSec: 0}, ReplicationConfig: RATIS/THREE, State:ALLOCATED, leaderId:, CreationTimestamp2022-10-06T01:04:51.837Z[Etc/UTC]].
2022-10-06 01:04:51,838 [EventQueue-NewNodeForNewNodeHandler] INFO  pipeline.BackgroundPipelineCreator (BackgroundPipelineCreator.java:notifyEventTriggered(276)) - trigger a one-shot run on RatisPipelineUtilsThread.
2022-10-06 01:04:51,838 [RatisPipelineUtilsThread - 0] INFO  pipeline.RatisPipelineProvider (RatisPipelineProvider.java:lambda$create$0(195)) - Sending CreatePipelineCommand for pipeline:PipelineID=0e7d47bb-dfd3-453e-8540-a12b94babbca to datanode:23a5c7c7-a279-444f-ae9a-ea80730ba37f
2022-10-06 01:04:51,838 [RatisPipelineUtilsThread - 0] INFO  pipeline.RatisPipelineProvider (RatisPipelineProvider.java:lambda$create$0(195)) - Sending CreatePipelineCommand for pipeline:PipelineID=0e7d47bb-dfd3-453e-8540-a12b94babbca to datanode:b1188ba9-7404-4c69-a541-42ff8694cd3e
2022-10-06 01:04:51,838 [RatisPipelineUtilsThread - 0] INFO  pipeline.RatisPipelineProvider (RatisPipelineProvider.java:lambda$create$0(195)) - Sending CreatePipelineCommand for pipeline:PipelineID=0e7d47bb-dfd3-453e-8540-a12b94babbca to datanode:92ca9abc-3f8f-4561-9917-cda982ad8ac5
2022-10-06 01:04:51,838 [RatisPipelineUtilsThread - 0] INFO  pipeline.PipelineStateManagerImpl (PipelineStateManagerImpl.java:addPipeline(103)) - Created pipeline Pipeline[ Id: 0e7d47bb-dfd3-453e-8540-a12b94babbca, Nodes: 23a5c7c7-a279-444f-ae9a-ea80730ba37f{ip: 10.1.0.249, host: fv-az399-337.4urtqdmtpd2erju50p4tzyn2ng.bx.internal.cloudapp.net, ports: [REPLICATION=45603, RATIS=46507, RATIS_ADMIN=46507, RATIS_SERVER=46507, STANDALONE=43267], networkLocation: /default-rack, certSerialId: null, persistedOpState: IN_SERVICE, persistedOpStateExpiryEpochSec: 0}b1188ba9-7404-4c69-a541-42ff8694cd3e{ip: 10.1.0.249, host: fv-az399-337.4urtqdmtpd2erju50p4tzyn2ng.bx.internal.cloudapp.net, ports: [REPLICATION=45029, RATIS=39649, RATIS_ADMIN=39649, RATIS_SERVER=39649, STANDALONE=45591], networkLocation: /default-rack, certSerialId: null, persistedOpState: IN_SERVICE, persistedOpStateExpiryEpochSec: 0}92ca9abc-3f8f-4561-9917-cda982ad8ac5{ip: 10.1.0.249, host: fv-az399-337.4urtqdmtpd2erju50p4tzyn2ng.bx.internal.cloudapp.net, ports: [REPLICATION=33367, RATIS=43563, RATIS_ADMIN=43563, RATIS_SERVER=43563, STANDALONE=46775], networkLocation: /default-rack, certSerialId: null, persistedOpState: IN_SERVICE, persistedOpStateExpiryEpochSec: 0}, ReplicationConfig: RATIS/THREE, State:ALLOCATED, leaderId:, CreationTimestamp2022-10-06T01:04:51.838Z[Etc/UTC]].
2022-10-06 01:04:51,839 [RatisPipelineUtilsThread - 0] INFO  pipeline.PipelineManagerImpl (PipelineManagerImpl.java:recordMetricsForPipeline(796)) - Pipeline: PipelineID=0e7d47bb-dfd3-453e-8540-a12b94babbca contains same datanodes as previous pipelines: PipelineID=4484226a-7136-4ba0-9358-447696fb1cac nodeIds: 23a5c7c7-a279-444f-ae9a-ea80730ba37f, b1188ba9-7404-4c69-a541-42ff8694cd3e, 92ca9abc-3f8f-4561-9917-cda982ad8ac5
2022-10-06 01:04:52,256 [Listener at 127.0.0.1/44363] INFO  ozone.MiniOzoneClusterImpl (MiniOzoneClusterImpl.java:lambda$waitForClusterToBeReady$0(216)) - Waiting for nodes to be ready. Got 3 of 5 DN Heartbeats.
2022-10-06 01:04:52,257 [Listener at 127.0.0.1/44363] INFO  ozone.MiniOzoneClusterImpl (MiniOzoneClusterImpl.java:lambda$waitForClusterToBeReady$0(219)) - Waiting for cluster to exit safe mode
2022-10-06 01:04:52,257 [Listener at 127.0.0.1/44363] INFO  ozone.MiniOzoneClusterImpl (MiniOzoneClusterImpl.java:lambda$waitForClusterToBeReady$0(221)) - SCM became leader
2022-10-06 01:04:52,656 [IPC Server handler 0 on default port 37971] INFO  net.NetworkTopologyImpl (NetworkTopologyImpl.java:add(112)) - Added a new node: /default-rack/9790ca2c-57a1-4a77-b27d-b43f70ab9145
2022-10-06 01:04:52,657 [IPC Server handler 0 on default port 37971] INFO  node.SCMNodeManager (SCMNodeManager.java:register(397)) - Registered Data node : 9790ca2c-57a1-4a77-b27d-b43f70ab9145{ip: 10.1.0.249, host: fv-az399-337.4urtqdmtpd2erju50p4tzyn2ng.bx.internal.cloudapp.net, ports: [REPLICATION=35785, RATIS=34209, RATIS_ADMIN=34209, RATIS_SERVER=34209, STANDALONE=35735], networkLocation: /default-rack, certSerialId: null, persistedOpState: null, persistedOpStateExpiryEpochSec: 0}
2022-10-06 01:04:52,657 [EventQueue-NewNodeForNewNodeHandler] INFO  pipeline.BackgroundPipelineCreator (BackgroundPipelineCreator.java:notifyEventTriggered(276)) - trigger a one-shot run on RatisPipelineUtilsThread.
2022-10-06 01:04:52,658 [RatisPipelineUtilsThread - 0] INFO  pipeline.RatisPipelineProvider (RatisPipelineProvider.java:lambda$create$0(195)) - Sending CreatePipelineCommand for pipeline:PipelineID=96e7067f-2a2c-4a4f-9345-f3743cb4c2bb to datanode:9790ca2c-57a1-4a77-b27d-b43f70ab9145
2022-10-06 01:04:52,658 [RatisPipelineUtilsThread - 0] INFO  pipeline.PipelineStateManagerImpl (PipelineStateManagerImpl.java:addPipeline(103)) - Created pipeline Pipeline[ Id: 96e7067f-2a2c-4a4f-9345-f3743cb4c2bb, Nodes: 9790ca2c-57a1-4a77-b27d-b43f70ab9145{ip: 10.1.0.249, host: fv-az399-337.4urtqdmtpd2erju50p4tzyn2ng.bx.internal.cloudapp.net, ports: [REPLICATION=35785, RATIS=34209, RATIS_ADMIN=34209, RATIS_SERVER=34209, STANDALONE=35735], networkLocation: /default-rack, certSerialId: null, persistedOpState: IN_SERVICE, persistedOpStateExpiryEpochSec: 0}, ReplicationConfig: RATIS/ONE, State:ALLOCATED, leaderId:, CreationTimestamp2022-10-06T01:04:52.658Z[Etc/UTC]].
2022-10-06 01:04:53,257 [Listener at 127.0.0.1/44363] INFO  ozone.MiniOzoneClusterImpl (MiniOzoneClusterImpl.java:lambda$waitForClusterToBeReady$0(216)) - Waiting for nodes to be ready. Got 4 of 5 DN Heartbeats.
2022-10-06 01:04:53,257 [Listener at 127.0.0.1/44363] INFO  ozone.MiniOzoneClusterImpl (MiniOzoneClusterImpl.java:lambda$waitForClusterToBeReady$0(219)) - Waiting for cluster to exit safe mode
2022-10-06 01:04:53,257 [Listener at 127.0.0.1/44363] INFO  ozone.MiniOzoneClusterImpl (MiniOzoneClusterImpl.java:lambda$waitForClusterToBeReady$0(221)) - SCM became leader
2022-10-06 01:04:53,314 [IPC Server handler 4 on default port 37971] INFO  net.NetworkTopologyImpl (NetworkTopologyImpl.java:add(112)) - Added a new node: /default-rack/3c467811-f56a-4e44-8833-8c580925f27b
2022-10-06 01:04:53,314 [IPC Server handler 4 on default port 37971] INFO  node.SCMNodeManager (SCMNodeManager.java:register(397)) - Registered Data node : 3c467811-f56a-4e44-8833-8c580925f27b{ip: 10.1.0.249, host: fv-az399-337.4urtqdmtpd2erju50p4tzyn2ng.bx.internal.cloudapp.net, ports: [REPLICATION=42353, RATIS=40965, RATIS_ADMIN=40965, RATIS_SERVER=40965, STANDALONE=38317], networkLocation: /default-rack, certSerialId: null, persistedOpState: null, persistedOpStateExpiryEpochSec: 0}
2022-10-06 01:04:53,314 [EventQueue-NewNodeForNewNodeHandler] INFO  pipeline.BackgroundPipelineCreator (BackgroundPipelineCreator.java:notifyEventTriggered(276)) - trigger a one-shot run on RatisPipelineUtilsThread.
2022-10-06 01:04:53,315 [RatisPipelineUtilsThread - 0] INFO  pipeline.RatisPipelineProvider (RatisPipelineProvider.java:lambda$create$0(195)) - Sending CreatePipelineCommand for pipeline:PipelineID=17dc21dc-7b41-45bd-a267-203d2f0c1f7d to datanode:3c467811-f56a-4e44-8833-8c580925f27b
2022-10-06 01:04:53,316 [RatisPipelineUtilsThread - 0] INFO  pipeline.PipelineStateManagerImpl (PipelineStateManagerImpl.java:addPipeline(103)) - Created pipeline Pipeline[ Id: 17dc21dc-7b41-45bd-a267-203d2f0c1f7d, Nodes: 3c467811-f56a-4e44-8833-8c580925f27b{ip: 10.1.0.249, host: fv-az399-337.4urtqdmtpd2erju50p4tzyn2ng.bx.internal.cloudapp.net, ports: [REPLICATION=42353, RATIS=40965, RATIS_ADMIN=40965, RATIS_SERVER=40965, STANDALONE=38317], networkLocation: /default-rack, certSerialId: null, persistedOpState: IN_SERVICE, persistedOpStateExpiryEpochSec: 0}, ReplicationConfig: RATIS/ONE, State:ALLOCATED, leaderId:, CreationTimestamp2022-10-06T01:04:53.315Z[Etc/UTC]].
2022-10-06 01:04:53,367 [Command processor thread] INFO  server.RaftServer (RaftServerProxy.java:addNew(96)) - b1188ba9-7404-4c69-a541-42ff8694cd3e: addNew group-7ACC06E7A3F8:[b1188ba9-7404-4c69-a541-42ff8694cd3e|rpc:10.1.0.249:39649|priority:1] returns group-7ACC06E7A3F8:java.util.concurrent.CompletableFuture@48c6fab0[Not completed]
2022-10-06 01:04:53,368 [pool-357-thread-1] INFO  server.RaftServer$Division (RaftServerImpl.java:<init>(190)) - b1188ba9-7404-4c69-a541-42ff8694cd3e: new RaftServerImpl for group-7ACC06E7A3F8:[b1188ba9-7404-4c69-a541-42ff8694cd3e|rpc:10.1.0.249:39649|priority:1] with ContainerStateMachine:uninitialized
2022-10-06 01:04:53,368 [pool-357-thread-1] INFO  server.RaftServerConfigKeys (ConfUtils.java:logGet(46)) - raft.server.rpc.timeout.min = 5s (custom)
2022-10-06 01:04:53,370 [pool-357-thread-1] INFO  server.RaftServerConfigKeys (ConfUtils.java:logGet(46)) - raft.server.rpc.timeout.max = 5200ms (custom)
2022-10-06 01:04:53,370 [pool-357-thread-1] INFO  server.RaftServerConfigKeys (ConfUtils.java:logGet(46)) - raft.server.rpc.sleep.time = 25ms (default)
2022-10-06 01:04:53,370 [pool-357-thread-1] INFO  server.RaftServerConfigKeys (ConfUtils.java:logGet(46)) - raft.server.rpc.slowness.timeout = 300s (custom)
2022-10-06 01:04:53,370 [pool-357-thread-1] INFO  server.RaftServerConfigKeys (ConfUtils.java:logGet(46)) - raft.server.leaderelection.leader.step-down.wait-time = 10s (default)
2022-10-06 01:04:53,370 [pool-357-thread-1] INFO  server.RaftServerConfigKeys (ConfUtils.java:logGet(46)) - raft.server.sleep.deviation.threshold = 300ms (default)
2022-10-06 01:04:53,370 [pool-357-thread-1] INFO  server.RaftServer$Division (ServerState.java:<init>(107)) - b1188ba9-7404-4c69-a541-42ff8694cd3e@group-7ACC06E7A3F8: ConfigurationManager, init=-1: [b1188ba9-7404-4c69-a541-42ff8694cd3e|rpc:10.1.0.249:39649|priority:1], old=null, confs=<EMPTY_MAP>
2022-10-06 01:04:53,370 [pool-357-thread-1] INFO  server.RaftServerConfigKeys (ConfUtils.java:logGet(46)) - raft.server.storage.dir = [/home/runner/work/ozone/ozone/hadoop-ozone/integration-test/target/test-dir/MiniOzoneClusterImpl-07f884e1-d8a6-4fa8-8867-d1ed1eaa8398/datanode-0/data/ratis] (custom)
2022-10-06 01:04:53,370 [pool-357-thread-1] INFO  server.RaftServerConfigKeys (ConfUtils.java:logGet(46)) - raft.server.log.corruption.policy = EXCEPTION (default)
2022-10-06 01:04:53,370 [pool-357-thread-1] INFO  server.RaftServerConfigKeys (ConfUtils.java:logGet(46)) - raft.server.storage.free-space.min = 0MB (=0) (default)
2022-10-06 01:04:53,370 [pool-357-thread-1] INFO  storage.RaftStorageDirectory (RaftStorageDirectoryImpl.java:analyzeStorage(135)) - The storage directory /home/runner/work/ozone/ozone/hadoop-ozone/integration-test/target/test-dir/MiniOzoneClusterImpl-07f884e1-d8a6-4fa8-8867-d1ed1eaa8398/datanode-0/data/ratis/a9991810-f793-416e-990e-7acc06e7a3f8 does not exist. Creating ...
2022-10-06 01:04:53,371 [pool-357-thread-1] INFO  storage.RaftStorageDirectory (RaftStorageDirectoryImpl.java:tryLock(230)) - Lock on /home/runner/work/ozone/ozone/hadoop-ozone/integration-test/target/test-dir/MiniOzoneClusterImpl-07f884e1-d8a6-4fa8-8867-d1ed1eaa8398/datanode-0/data/ratis/a9991810-f793-416e-990e-7acc06e7a3f8/in_use.lock acquired by nodename 9215@fv-az399-337
2022-10-06 01:04:53,373 [pool-357-thread-1] INFO  storage.RaftStorage (RaftStorageImpl.java:format(89)) - Storage directory /home/runner/work/ozone/ozone/hadoop-ozone/integration-test/target/test-dir/MiniOzoneClusterImpl-07f884e1-d8a6-4fa8-8867-d1ed1eaa8398/datanode-0/data/ratis/a9991810-f793-416e-990e-7acc06e7a3f8 has been successfully formatted.
2022-10-06 01:04:53,402 [pool-357-thread-1] INFO  ratis.ContainerStateMachine (ContainerStateMachine.java:loadSnapshot(236)) - group-7ACC06E7A3F8: The snapshot info is null. Setting the last applied indexto:(t:0, i:~)
2022-10-06 01:04:53,432 [pool-357-thread-1] INFO  server.RaftServerConfigKeys (ConfUtils.java:logGet(46)) - raft.server.notification.no-leader.timeout = 300s (custom)
2022-10-06 01:04:53,432 [pool-357-thread-1] INFO  server.RaftServerConfigKeys (ConfUtils.java:logGet(46)) - raft.server.log.use.memory = false (default)
2022-10-06 01:04:53,432 [pool-357-thread-1] INFO  server.RaftServerConfigKeys (ConfUtils.java:logGet(46)) - raft.server.log.purge.gap = 1000000 (custom)
2022-10-06 01:04:53,432 [pool-357-thread-1] INFO  server.RaftServerConfigKeys (ConfUtils.java:logGet(46)) - raft.server.log.appender.buffer.byte-limit = 33554432 (custom)
2022-10-06 01:04:53,432 [pool-357-thread-1] INFO  server.RaftServerConfigKeys (ConfUtils.java:logGet(46)) - raft.server.log.statemachine.data.read.timeout = 1000ms (default)
2022-10-06 01:04:53,433 [pool-357-thread-1] INFO  server.RaftServerConfigKeys (ConfUtils.java:logGet(46)) - raft.server.log.segment.size.max = 1048576 (custom)
2022-10-06 01:04:53,433 [pool-357-thread-1] INFO  server.RaftServerConfigKeys (ConfUtils.java:logGet(46)) - raft.server.log.segment.cache.num.max = 2 (custom)
2022-10-06 01:04:53,433 [pool-357-thread-1] INFO  server.RaftServerConfigKeys (ConfUtils.java:logGet(46)) - raft.server.log.segment.cache.size.max = 200MB (=209715200) (default)
2022-10-06 01:04:53,433 [pool-357-thread-1] INFO  segmented.SegmentedRaftLogWorker (SegmentedRaftLogWorker.java:<init>(187)) - new b1188ba9-7404-4c69-a541-42ff8694cd3e@group-7ACC06E7A3F8-SegmentedRaftLogWorker for RaftStorageImpl:Storage Directory /home/runner/work/ozone/ozone/hadoop-ozone/integration-test/target/test-dir/MiniOzoneClusterImpl-07f884e1-d8a6-4fa8-8867-d1ed1eaa8398/datanode-0/data/ratis/a9991810-f793-416e-990e-7acc06e7a3f8
2022-10-06 01:04:53,433 [pool-357-thread-1] INFO  server.RaftServerConfigKeys (ConfUtils.java:logGet(46)) - raft.server.log.queue.byte-limit = 4294967296 (custom)
2022-10-06 01:04:53,433 [pool-357-thread-1] INFO  server.RaftServerConfigKeys (ConfUtils.java:logGet(46)) - raft.server.log.queue.element-limit = 1024 (custom)
2022-10-06 01:04:53,433 [pool-357-thread-1] INFO  server.RaftServerConfigKeys (ConfUtils.java:logGet(46)) - raft.server.log.segment.size.max = 1048576 (custom)
2022-10-06 01:04:53,433 [pool-357-thread-1] INFO  server.RaftServerConfigKeys (ConfUtils.java:logGet(46)) - raft.server.log.preallocated.size = 16384 (custom)
2022-10-06 01:04:53,433 [pool-357-thread-1] INFO  server.RaftServerConfigKeys (ConfUtils.java:logGet(46)) - raft.server.log.force.sync.num = 128 (default)
2022-10-06 01:04:53,433 [pool-357-thread-1] INFO  server.RaftServerConfigKeys (ConfUtils.java:logGet(46)) - raft.server.log.statemachine.data.sync = true (default)
2022-10-06 01:04:53,433 [pool-357-thread-1] INFO  server.RaftServerConfigKeys (ConfUtils.java:logGet(46)) - raft.server.log.statemachine.data.sync.timeout = 10s (default)
2022-10-06 01:04:53,433 [pool-357-thread-1] INFO  server.RaftServerConfigKeys (ConfUtils.java:logGet(46)) - raft.server.log.statemachine.data.sync.timeout.retry = -1 (default)
2022-10-06 01:04:53,435 [EventQueue-PipelineReportForPipelineReportHandler] INFO  pipeline.PipelineManagerImpl (PipelineManagerImpl.java:openPipeline(367)) - Pipeline Pipeline[ Id: a9991810-f793-416e-990e-7acc06e7a3f8, Nodes: b1188ba9-7404-4c69-a541-42ff8694cd3e{ip: 10.1.0.249, host: fv-az399-337.4urtqdmtpd2erju50p4tzyn2ng.bx.internal.cloudapp.net, ports: [REPLICATION=45029, RATIS=39649, RATIS_ADMIN=39649, RATIS_SERVER=39649, STANDALONE=45591], networkLocation: /default-rack, certSerialId: null, persistedOpState: IN_SERVICE, persistedOpStateExpiryEpochSec: 0}, ReplicationConfig: RATIS/ONE, State:ALLOCATED, leaderId:b1188ba9-7404-4c69-a541-42ff8694cd3e, CreationTimestamp2022-10-06T01:04:50.366Z[Etc/UTC]] moved to OPEN state
2022-10-06 01:04:53,450 [pool-357-thread-1] INFO  server.RaftServerConfigKeys (ConfUtils.java:logGet(46)) - raft.server.log.write.buffer.size = 1048576 (custom)
2022-10-06 01:04:53,450 [pool-357-thread-1] INFO  server.RaftServerConfigKeys (ConfUtils.java:logGet(46)) - raft.server.log.unsafe-flush.enabled = false (default)
2022-10-06 01:04:53,450 [pool-357-thread-1] INFO  server.RaftServerConfigKeys (ConfUtils.java:logGet(46)) - raft.server.log.statemachine.data.caching.enabled = true (custom)
2022-10-06 01:04:53,450 [pool-357-thread-1] INFO  segmented.SegmentedRaftLogWorker (SegmentedRaftLogWorker.java:lambda$new$0(135)) - b1188ba9-7404-4c69-a541-42ff8694cd3e@group-7ACC06E7A3F8-SegmentedRaftLogWorker: flushIndex: setUnconditionally 0 -> -1
2022-10-06 01:04:53,451 [pool-357-thread-1] INFO  segmented.SegmentedRaftLogWorker (SegmentedRaftLogWorker.java:lambda$new$0(135)) - b1188ba9-7404-4c69-a541-42ff8694cd3e@group-7ACC06E7A3F8-SegmentedRaftLogWorker: safeCacheEvictIndex: setUnconditionally 0 -> -1
2022-10-06 01:04:53,454 [pool-357-thread-1] INFO  server.RaftServerConfigKeys (ConfUtils.java:logGet(46)) - raft.server.snapshot.auto.trigger.enabled = true (custom)
2022-10-06 01:04:53,454 [pool-357-thread-1] INFO  server.RaftServerConfigKeys (ConfUtils.java:logGet(46)) - raft.server.snapshot.auto.trigger.threshold = 10000 (custom)
2022-10-06 01:04:53,454 [pool-357-thread-1] INFO  server.RaftServerConfigKeys (ConfUtils.java:logGet(46)) - raft.server.snapshot.retention.file.num = 5 (custom)
2022-10-06 01:04:53,454 [pool-357-thread-1] INFO  server.RaftServerConfigKeys (ConfUtils.java:logGet(46)) - raft.server.log.purge.upto.snapshot.index = false (default)
2022-10-06 01:04:53,454 [pool-357-thread-1] INFO  server.RaftServerConfigKeys (ConfUtils.java:logGet(46)) - raft.server.retrycache.expirytime = 600000ms (custom)
2022-10-06 01:04:53,454 [pool-357-thread-1] INFO  server.RaftServerConfigKeys (ConfUtils.java:logGet(46)) - raft.server.retrycache.statistics.expirytime = 100μs (default)
2022-10-06 01:04:53,455 [pool-357-thread-1] INFO  server.RaftServerConfigKeys (ConfUtils.java:logGet(46)) - raft.server.log.appender.install.snapshot.enabled = false (custom)
2022-10-06 01:04:53,455 [pool-357-thread-1] INFO  server.RaftServerConfigKeys (ConfUtils.java:logGet(46)) - raft.server.threadpool.server.cached = true (default)
2022-10-06 01:04:53,455 [pool-357-thread-1] INFO  server.RaftServerConfigKeys (ConfUtils.java:logGet(46)) - raft.server.threadpool.server.size = 0 (default)
2022-10-06 01:04:53,455 [pool-357-thread-1] INFO  server.RaftServerConfigKeys (ConfUtils.java:logGet(46)) - raft.server.threadpool.client.cached = true (default)
2022-10-06 01:04:53,455 [pool-357-thread-1] INFO  server.RaftServerConfigKeys (ConfUtils.java:logGet(46)) - raft.server.threadpool.client.size = 0 (default)
2022-10-06 01:04:53,455 [pool-357-thread-1] INFO  server.RaftServer$Division (RaftServerImpl.java:start(310)) - b1188ba9-7404-4c69-a541-42ff8694cd3e@group-7ACC06E7A3F8: start as a follower, conf=-1: [b1188ba9-7404-4c69-a541-42ff8694cd3e|rpc:10.1.0.249:39649|priority:1], old=null
2022-10-06 01:04:53,469 [pool-357-thread-1] INFO  server.RaftServer$Division (RaftServerImpl.java:setRole(299)) - b1188ba9-7404-4c69-a541-42ff8694cd3e@group-7ACC06E7A3F8: changes role from      null to FOLLOWER at term 0 for startAsFollower
2022-10-06 01:04:53,469 [pool-357-thread-1] INFO  impl.RoleInfo (RoleInfo.java:updateAndGet(139)) - b1188ba9-7404-4c69-a541-42ff8694cd3e: start b1188ba9-7404-4c69-a541-42ff8694cd3e@group-7ACC06E7A3F8-FollowerState
2022-10-06 01:04:53,474 [pool-357-thread-1] INFO  util.JmxRegister (JmxRegister.java:tryRegister(44)) - Successfully registered JMX Bean with object name Ratis:service=RaftServer,group=group-7ACC06E7A3F8,id=b1188ba9-7404-4c69-a541-42ff8694cd3e
2022-10-06 01:04:53,490 [Command processor thread] INFO  ratis.XceiverServerRatis (XceiverServerRatis.java:addGroup(765)) - Created group PipelineID=a9991810-f793-416e-990e-7acc06e7a3f8
2022-10-06 01:04:53,490 [Command processor thread] INFO  commandhandler.CreatePipelineCommandHandler (CreatePipelineCommandHandler.java:handle(113)) - Created Pipeline RATIS ONE PipelineID=a9991810-f793-416e-990e-7acc06e7a3f8.
2022-10-06 01:04:53,490 [Command processor thread] INFO  server.RaftServer (RaftServerProxy.java:addNew(96)) - b1188ba9-7404-4c69-a541-42ff8694cd3e: addNew group-447696FB1CAC:[23a5c7c7-a279-444f-ae9a-ea80730ba37f|rpc:10.1.0.249:46507|priority:0, 92ca9abc-3f8f-4561-9917-cda982ad8ac5|rpc:10.1.0.249:43563|priority:0, b1188ba9-7404-4c69-a541-42ff8694cd3e|rpc:10.1.0.249:39649|priority:1] returns group-447696FB1CAC:java.util.concurrent.CompletableFuture@4cf96770[Not completed]
2022-10-06 01:04:53,490 [EventQueue-OpenPipelineForHealthyPipelineSafeModeRule] INFO  safemode.SCMSafeModeManager (HealthyPipelineSafeModeRule.java:process(137)) - SCM in safe mode. Healthy pipelines reported count is 0, required healthy pipeline reported count is 1
2022-10-06 01:04:53,491 [pool-357-thread-1] INFO  server.RaftServer$Division (RaftServerImpl.java:<init>(190)) - b1188ba9-7404-4c69-a541-42ff8694cd3e: new RaftServerImpl for group-447696FB1CAC:[23a5c7c7-a279-444f-ae9a-ea80730ba37f|rpc:10.1.0.249:46507|priority:0, 92ca9abc-3f8f-4561-9917-cda982ad8ac5|rpc:10.1.0.249:43563|priority:0, b1188ba9-7404-4c69-a541-42ff8694cd3e|rpc:10.1.0.249:39649|priority:1] with ContainerStateMachine:uninitialized
2022-10-06 01:04:53,491 [pool-357-thread-1] INFO  server.RaftServerConfigKeys (ConfUtils.java:logGet(46)) - raft.server.rpc.timeout.min = 5s (custom)
2022-10-06 01:04:53,491 [pool-357-thread-1] INFO  server.RaftServerConfigKeys (ConfUtils.java:logGet(46)) - raft.server.rpc.timeout.max = 5200ms (custom)
2022-10-06 01:04:53,491 [pool-357-thread-1] INFO  server.RaftServerConfigKeys (ConfUtils.java:logGet(46)) - raft.server.rpc.sleep.time = 25ms (default)
2022-10-06 01:04:53,491 [pool-357-thread-1] INFO  server.RaftServerConfigKeys (ConfUtils.java:logGet(46)) - raft.server.rpc.slowness.timeout = 300s (custom)
2022-10-06 01:04:53,491 [pool-357-thread-1] INFO  server.RaftServerConfigKeys (ConfUtils.java:logGet(46)) - raft.server.leaderelection.leader.step-down.wait-time = 10s (default)
2022-10-06 01:04:53,491 [pool-357-thread-1] INFO  server.RaftServerConfigKeys (ConfUtils.java:logGet(46)) - raft.server.sleep.deviation.threshold = 300ms (default)
2022-10-06 01:04:53,491 [pool-357-thread-1] INFO  server.RaftServer$Division (ServerState.java:<init>(107)) - b1188ba9-7404-4c69-a541-42ff8694cd3e@group-447696FB1CAC: ConfigurationManager, init=-1: [23a5c7c7-a279-444f-ae9a-ea80730ba37f|rpc:10.1.0.249:46507|priority:0, 92ca9abc-3f8f-4561-9917-cda982ad8ac5|rpc:10.1.0.249:43563|priority:0, b1188ba9-7404-4c69-a541-42ff8694cd3e|rpc:10.1.0.249:39649|priority:1], old=null, confs=<EMPTY_MAP>
2022-10-06 01:04:53,491 [pool-357-thread-1] INFO  server.RaftServerConfigKeys (ConfUtils.java:logGet(46)) - raft.server.storage.dir = [/home/runner/work/ozone/ozone/hadoop-ozone/integration-test/target/test-dir/MiniOzoneClusterImpl-07f884e1-d8a6-4fa8-8867-d1ed1eaa8398/datanode-0/data/ratis] (custom)
2022-10-06 01:04:53,491 [pool-357-thread-1] INFO  server.RaftServerConfigKeys (ConfUtils.java:logGet(46)) - raft.server.log.corruption.policy = EXCEPTION (default)
2022-10-06 01:04:53,492 [pool-357-thread-1] INFO  server.RaftServerConfigKeys (ConfUtils.java:logGet(46)) - raft.server.storage.free-space.min = 0MB (=0) (default)
2022-10-06 01:04:53,492 [pool-357-thread-1] INFO  storage.RaftStorageDirectory (RaftStorageDirectoryImpl.java:analyzeStorage(135)) - The storage directory /home/runner/work/ozone/ozone/hadoop-ozone/integration-test/target/test-dir/MiniOzoneClusterImpl-07f884e1-d8a6-4fa8-8867-d1ed1eaa8398/datanode-0/data/ratis/4484226a-7136-4ba0-9358-447696fb1cac does not exist. Creating ...
2022-10-06 01:04:53,492 [pool-357-thread-1] INFO  storage.RaftStorageDirectory (RaftStorageDirectoryImpl.java:tryLock(230)) - Lock on /home/runner/work/ozone/ozone/hadoop-ozone/integration-test/target/test-dir/MiniOzoneClusterImpl-07f884e1-d8a6-4fa8-8867-d1ed1eaa8398/datanode-0/data/ratis/4484226a-7136-4ba0-9358-447696fb1cac/in_use.lock acquired by nodename 9215@fv-az399-337
2022-10-06 01:04:53,493 [pool-357-thread-1] INFO  storage.RaftStorage (RaftStorageImpl.java:format(89)) - Storage directory /home/runner/work/ozone/ozone/hadoop-ozone/integration-test/target/test-dir/MiniOzoneClusterImpl-07f884e1-d8a6-4fa8-8867-d1ed1eaa8398/datanode-0/data/ratis/4484226a-7136-4ba0-9358-447696fb1cac has been successfully formatted.
2022-10-06 01:04:53,494 [pool-357-thread-1] INFO  ratis.ContainerStateMachine (ContainerStateMachine.java:loadSnapshot(236)) - group-447696FB1CAC: The snapshot info is null. Setting the last applied indexto:(t:0, i:~)
2022-10-06 01:04:53,494 [pool-357-thread-1] INFO  server.RaftServerConfigKeys (ConfUtils.java:logGet(46)) - raft.server.notification.no-leader.timeout = 300s (custom)
2022-10-06 01:04:53,494 [pool-357-thread-1] INFO  server.RaftServerConfigKeys (ConfUtils.java:logGet(46)) - raft.server.log.use.memory = false (default)
2022-10-06 01:04:53,494 [pool-357-thread-1] INFO  server.RaftServerConfigKeys (ConfUtils.java:logGet(46)) - raft.server.log.purge.gap = 1000000 (custom)
2022-10-06 01:04:53,494 [pool-357-thread-1] INFO  server.RaftServerConfigKeys (ConfUtils.java:logGet(46)) - raft.server.log.appender.buffer.byte-limit = 33554432 (custom)
2022-10-06 01:04:53,494 [pool-357-thread-1] INFO  server.RaftServerConfigKeys (ConfUtils.java:logGet(46)) - raft.server.log.statemachine.data.read.timeout = 1000ms (default)
2022-10-06 01:04:53,495 [EventQueue-OpenPipelineForHealthyPipelineSafeModeRule] INFO  safemode.SCMSafeModeManager (HealthyPipelineSafeModeRule.java:process(137)) - SCM in safe mode. Healthy pipelines reported count is 0, required healthy pipeline reported count is 1
2022-10-06 01:04:53,495 [pool-357-thread-1] INFO  server.RaftServerConfigKeys (ConfUtils.java:logGet(46)) - raft.server.log.segment.size.max = 1048576 (custom)
2022-10-06 01:04:53,495 [pool-357-thread-1] INFO  server.RaftServerConfigKeys (ConfUtils.java:logGet(46)) - raft.server.log.segment.cache.num.max = 2 (custom)
2022-10-06 01:04:53,495 [pool-357-thread-1] INFO  server.RaftServerConfigKeys (ConfUtils.java:logGet(46)) - raft.server.log.segment.cache.size.max = 200MB (=209715200) (default)
2022-10-06 01:04:53,495 [pool-357-thread-1] INFO  segmented.SegmentedRaftLogWorker (SegmentedRaftLogWorker.java:<init>(187)) - new b1188ba9-7404-4c69-a541-42ff8694cd3e@group-447696FB1CAC-SegmentedRaftLogWorker for RaftStorageImpl:Storage Directory /home/runner/work/ozone/ozone/hadoop-ozone/integration-test/target/test-dir/MiniOzoneClusterImpl-07f884e1-d8a6-4fa8-8867-d1ed1eaa8398/datanode-0/data/ratis/4484226a-7136-4ba0-9358-447696fb1cac
2022-10-06 01:04:53,495 [pool-357-thread-1] INFO  server.RaftServerConfigKeys (ConfUtils.java:logGet(46)) - raft.server.log.queue.byte-limit = 4294967296 (custom)
2022-10-06 01:04:53,495 [pool-357-thread-1] INFO  server.RaftServerConfigKeys (ConfUtils.java:logGet(46)) - raft.server.log.queue.element-limit = 1024 (custom)
2022-10-06 01:04:53,495 [pool-357-thread-1] INFO  server.RaftServerConfigKeys (ConfUtils.java:logGet(46)) - raft.server.log.segment.size.max = 1048576 (custom)
2022-10-06 01:04:53,495 [pool-357-thread-1] INFO  server.RaftServerConfigKeys (ConfUtils.java:logGet(46)) - raft.server.log.preallocated.size = 16384 (custom)
2022-10-06 01:04:53,496 [pool-357-thread-1] INFO  server.RaftServerConfigKeys (ConfUtils.java:logGet(46)) - raft.server.log.force.sync.num = 128 (default)
2022-10-06 01:04:53,496 [pool-357-thread-1] INFO  server.RaftServerConfigKeys (ConfUtils.java:logGet(46)) - raft.server.log.statemachine.data.sync = true (default)
2022-10-06 01:04:53,496 [pool-357-thread-1] INFO  server.RaftServerConfigKeys (ConfUtils.java:logGet(46)) - raft.server.log.statemachine.data.sync.timeout = 10s (default)
2022-10-06 01:04:53,496 [pool-357-thread-1] INFO  server.RaftServerConfigKeys (ConfUtils.java:logGet(46)) - raft.server.log.statemachine.data.sync.timeout.retry = -1 (default)
2022-10-06 01:04:53,496 [pool-357-thread-1] INFO  server.RaftServerConfigKeys (ConfUtils.java:logGet(46)) - raft.server.log.write.buffer.size = 1048576 (custom)
2022-10-06 01:04:53,497 [pool-357-thread-1] INFO  server.RaftServerConfigKeys (ConfUtils.java:logGet(46)) - raft.server.log.unsafe-flush.enabled = false (default)
2022-10-06 01:04:53,497 [pool-357-thread-1] INFO  server.RaftServerConfigKeys (ConfUtils.java:logGet(46)) - raft.server.log.statemachine.data.caching.enabled = true (custom)
2022-10-06 01:04:53,502 [pool-357-thread-1] INFO  segmented.SegmentedRaftLogWorker (SegmentedRaftLogWorker.java:lambda$new$0(135)) - b1188ba9-7404-4c69-a541-42ff8694cd3e@group-447696FB1CAC-SegmentedRaftLogWorker: flushIndex: setUnconditionally 0 -> -1
2022-10-06 01:04:53,502 [pool-357-thread-1] INFO  segmented.SegmentedRaftLogWorker (SegmentedRaftLogWorker.java:lambda$new$0(135)) - b1188ba9-7404-4c69-a541-42ff8694cd3e@group-447696FB1CAC-SegmentedRaftLogWorker: safeCacheEvictIndex: setUnconditionally 0 -> -1
2022-10-06 01:04:53,507 [pool-357-thread-1] INFO  server.RaftServerConfigKeys (ConfUtils.java:logGet(46)) - raft.server.snapshot.auto.trigger.enabled = true (custom)
2022-10-06 01:04:53,507 [pool-357-thread-1] INFO  server.RaftServerConfigKeys (ConfUtils.java:logGet(46)) - raft.server.snapshot.auto.trigger.threshold = 10000 (custom)
2022-10-06 01:04:53,507 [pool-357-thread-1] INFO  server.RaftServerConfigKeys (ConfUtils.java:logGet(46)) - raft.server.snapshot.retention.file.num = 5 (custom)
2022-10-06 01:04:53,507 [pool-357-thread-1] INFO  server.RaftServerConfigKeys (ConfUtils.java:logGet(46)) - raft.server.log.purge.upto.snapshot.index = false (default)
2022-10-06 01:04:53,507 [pool-357-thread-1] INFO  server.RaftServerConfigKeys (ConfUtils.java:logGet(46)) - raft.server.retrycache.expirytime = 600000ms (custom)
2022-10-06 01:04:53,507 [pool-357-thread-1] INFO  server.RaftServerConfigKeys (ConfUtils.java:logGet(46)) - raft.server.retrycache.statistics.expirytime = 100μs (default)
2022-10-06 01:04:53,508 [pool-357-thread-1] INFO  server.RaftServerConfigKeys (ConfUtils.java:logGet(46)) - raft.server.log.appender.install.snapshot.enabled = false (custom)
2022-10-06 01:04:53,508 [pool-357-thread-1] INFO  server.RaftServerConfigKeys (ConfUtils.java:logGet(46)) - raft.server.threadpool.server.cached = true (default)
2022-10-06 01:04:53,508 [pool-357-thread-1] INFO  server.RaftServerConfigKeys (ConfUtils.java:logGet(46)) - raft.server.threadpool.server.size = 0 (default)
2022-10-06 01:04:53,508 [pool-357-thread-1] INFO  server.RaftServerConfigKeys (ConfUtils.java:logGet(46)) - raft.server.threadpool.client.cached = true (default)
2022-10-06 01:04:53,508 [pool-357-thread-1] INFO  server.RaftServerConfigKeys (ConfUtils.java:logGet(46)) - raft.server.threadpool.client.size = 0 (default)
2022-10-06 01:04:53,508 [pool-357-thread-1] INFO  server.RaftServer$Division (RaftServerImpl.java:start(310)) - b1188ba9-7404-4c69-a541-42ff8694cd3e@group-447696FB1CAC: start as a follower, conf=-1: [23a5c7c7-a279-444f-ae9a-ea80730ba37f|rpc:10.1.0.249:46507|priority:0, 92ca9abc-3f8f-4561-9917-cda982ad8ac5|rpc:10.1.0.249:43563|priority:0, b1188ba9-7404-4c69-a541-42ff8694cd3e|rpc:10.1.0.249:39649|priority:1], old=null
2022-10-06 01:04:53,508 [pool-357-thread-1] INFO  server.RaftServer$Division (RaftServerImpl.java:setRole(299)) - b1188ba9-7404-4c69-a541-42ff8694cd3e@group-447696FB1CAC: changes role from      null to FOLLOWER at term 0 for startAsFollower
2022-10-06 01:04:53,508 [pool-357-thread-1] INFO  impl.RoleInfo (RoleInfo.java:updateAndGet(139)) - b1188ba9-7404-4c69-a541-42ff8694cd3e: start b1188ba9-7404-4c69-a541-42ff8694cd3e@group-447696FB1CAC-FollowerState
2022-10-06 01:04:53,509 [pool-357-thread-1] INFO  util.JmxRegister (JmxRegister.java:tryRegister(44)) - Successfully registered JMX Bean with object name Ratis:service=RaftServer,group=group-447696FB1CAC,id=b1188ba9-7404-4c69-a541-42ff8694cd3e
2022-10-06 01:04:53,521 [Command processor thread] INFO  ratis.XceiverServerRatis (XceiverServerRatis.java:addGroup(765)) - Created group PipelineID=4484226a-7136-4ba0-9358-447696fb1cac
2022-10-06 01:04:53,565 [grpc-default-executor-0] INFO  server.RaftServer (RaftServerProxy.java:addNew(96)) - 23a5c7c7-a279-444f-ae9a-ea80730ba37f: addNew group-447696FB1CAC:[23a5c7c7-a279-444f-ae9a-ea80730ba37f|rpc:10.1.0.249:46507|dataStream:|priority:0, 92ca9abc-3f8f-4561-9917-cda982ad8ac5|rpc:10.1.0.249:43563|dataStream:|priority:0, b1188ba9-7404-4c69-a541-42ff8694cd3e|rpc:10.1.0.249:39649|dataStream:|priority:1] returns group-447696FB1CAC:java.util.concurrent.CompletableFuture@73fce8fe[Not completed]
2022-10-06 01:04:53,587 [pool-403-thread-1] INFO  server.RaftServer$Division (RaftServerImpl.java:<init>(190)) - 23a5c7c7-a279-444f-ae9a-ea80730ba37f: new RaftServerImpl for group-447696FB1CAC:[23a5c7c7-a279-444f-ae9a-ea80730ba37f|rpc:10.1.0.249:46507|dataStream:|priority:0, 92ca9abc-3f8f-4561-9917-cda982ad8ac5|rpc:10.1.0.249:43563|dataStream:|priority:0, b1188ba9-7404-4c69-a541-42ff8694cd3e|rpc:10.1.0.249:39649|dataStream:|priority:1] with ContainerStateMachine:uninitialized
2022-10-06 01:04:53,587 [pool-403-thread-1] INFO  server.RaftServerConfigKeys (ConfUtils.java:logGet(46)) - raft.server.rpc.timeout.min = 5s (custom)
2022-10-06 01:04:53,587 [pool-403-thread-1] INFO  server.RaftServerConfigKeys (ConfUtils.java:logGet(46)) - raft.server.rpc.timeout.max = 5200ms (custom)
2022-10-06 01:04:53,587 [pool-403-thread-1] INFO  server.RaftServerConfigKeys (ConfUtils.java:logGet(46)) - raft.server.rpc.sleep.time = 25ms (default)
2022-10-06 01:04:53,587 [pool-403-thread-1] INFO  server.RaftServerConfigKeys (ConfUtils.java:logGet(46)) - raft.server.rpc.slowness.timeout = 300s (custom)
2022-10-06 01:04:53,587 [pool-403-thread-1] INFO  server.RaftServerConfigKeys (ConfUtils.java:logGet(46)) - raft.server.leaderelection.leader.step-down.wait-time = 10s (default)
2022-10-06 01:04:53,587 [pool-403-thread-1] INFO  server.RaftServerConfigKeys (ConfUtils.java:logGet(46)) - raft.server.sleep.deviation.threshold = 300ms (default)
2022-10-06 01:04:53,587 [pool-403-thread-1] INFO  server.RaftServer$Division (ServerState.java:<init>(107)) - 23a5c7c7-a279-444f-ae9a-ea80730ba37f@group-447696FB1CAC: ConfigurationManager, init=-1: [23a5c7c7-a279-444f-ae9a-ea80730ba37f|rpc:10.1.0.249:46507|dataStream:|priority:0, 92ca9abc-3f8f-4561-9917-cda982ad8ac5|rpc:10.1.0.249:43563|dataStream:|priority:0, b1188ba9-7404-4c69-a541-42ff8694cd3e|rpc:10.1.0.249:39649|dataStream:|priority:1], old=null, confs=<EMPTY_MAP>
2022-10-06 01:04:53,587 [pool-403-thread-1] INFO  server.RaftServerConfigKeys (ConfUtils.java:logGet(46)) - raft.server.storage.dir = [/home/runner/work/ozone/ozone/hadoop-ozone/integration-test/target/test-dir/MiniOzoneClusterImpl-07f884e1-d8a6-4fa8-8867-d1ed1eaa8398/datanode-2/data/ratis] (custom)
2022-10-06 01:04:53,587 [pool-403-thread-1] INFO  server.RaftServerConfigKeys (ConfUtils.java:logGet(46)) - raft.server.log.corruption.policy = EXCEPTION (default)
2022-10-06 01:04:53,587 [pool-403-thread-1] INFO  server.RaftServerConfigKeys (ConfUtils.java:logGet(46)) - raft.server.storage.free-space.min = 0MB (=0) (default)
2022-10-06 01:04:53,587 [pool-403-thread-1] INFO  storage.RaftStorageDirectory (RaftStorageDirectoryImpl.java:analyzeStorage(135)) - The storage directory /home/runner/work/ozone/ozone/hadoop-ozone/integration-test/target/test-dir/MiniOzoneClusterImpl-07f884e1-d8a6-4fa8-8867-d1ed1eaa8398/datanode-2/data/ratis/4484226a-7136-4ba0-9358-447696fb1cac does not exist. Creating ...
2022-10-06 01:04:53,589 [pool-403-thread-1] INFO  storage.RaftStorageDirectory (RaftStorageDirectoryImpl.java:tryLock(230)) - Lock on /home/runner/work/ozone/ozone/hadoop-ozone/integration-test/target/test-dir/MiniOzoneClusterImpl-07f884e1-d8a6-4fa8-8867-d1ed1eaa8398/datanode-2/data/ratis/4484226a-7136-4ba0-9358-447696fb1cac/in_use.lock acquired by nodename 9215@fv-az399-337
2022-10-06 01:04:53,593 [pool-403-thread-1] INFO  storage.RaftStorage (RaftStorageImpl.java:format(89)) - Storage directory /home/runner/work/ozone/ozone/hadoop-ozone/integration-test/target/test-dir/MiniOzoneClusterImpl-07f884e1-d8a6-4fa8-8867-d1ed1eaa8398/datanode-2/data/ratis/4484226a-7136-4ba0-9358-447696fb1cac has been successfully formatted.
2022-10-06 01:04:53,593 [pool-403-thread-1] INFO  ratis.ContainerStateMachine (ContainerStateMachine.java:loadSnapshot(236)) - group-447696FB1CAC: The snapshot info is null. Setting the last applied indexto:(t:0, i:~)
2022-10-06 01:04:53,606 [pool-403-thread-1] INFO  server.RaftServerConfigKeys (ConfUtils.java:logGet(46)) - raft.server.notification.no-leader.timeout = 300s (custom)
2022-10-06 01:04:53,606 [pool-403-thread-1] INFO  server.RaftServerConfigKeys (ConfUtils.java:logGet(46)) - raft.server.log.use.memory = false (default)
2022-10-06 01:04:53,606 [pool-403-thread-1] INFO  server.RaftServerConfigKeys (ConfUtils.java:logGet(46)) - raft.server.log.purge.gap = 1000000 (custom)
2022-10-06 01:04:53,606 [pool-403-thread-1] INFO  server.RaftServerConfigKeys (ConfUtils.java:logGet(46)) - raft.server.log.appender.buffer.byte-limit = 33554432 (custom)
2022-10-06 01:04:53,606 [pool-403-thread-1] INFO  server.RaftServerConfigKeys (ConfUtils.java:logGet(46)) - raft.server.log.statemachine.data.read.timeout = 1000ms (default)
2022-10-06 01:04:53,606 [pool-403-thread-1] INFO  server.RaftServerConfigKeys (ConfUtils.java:logGet(46)) - raft.server.log.segment.size.max = 1048576 (custom)
2022-10-06 01:04:53,607 [pool-403-thread-1] INFO  server.RaftServerConfigKeys (ConfUtils.java:logGet(46)) - raft.server.log.segment.cache.num.max = 2 (custom)
2022-10-06 01:04:53,607 [pool-403-thread-1] INFO  server.RaftServerConfigKeys (ConfUtils.java:logGet(46)) - raft.server.log.segment.cache.size.max = 200MB (=209715200) (default)
2022-10-06 01:04:53,607 [pool-403-thread-1] INFO  segmented.SegmentedRaftLogWorker (SegmentedRaftLogWorker.java:<init>(187)) - new 23a5c7c7-a279-444f-ae9a-ea80730ba37f@group-447696FB1CAC-SegmentedRaftLogWorker for RaftStorageImpl:Storage Directory /home/runner/work/ozone/ozone/hadoop-ozone/integration-test/target/test-dir/MiniOzoneClusterImpl-07f884e1-d8a6-4fa8-8867-d1ed1eaa8398/datanode-2/data/ratis/4484226a-7136-4ba0-9358-447696fb1cac
2022-10-06 01:04:53,607 [pool-403-thread-1] INFO  server.RaftServerConfigKeys (ConfUtils.java:logGet(46)) - raft.server.log.queue.byte-limit = 4294967296 (custom)
2022-10-06 01:04:53,607 [pool-403-thread-1] INFO  server.RaftServerConfigKeys (ConfUtils.java:logGet(46)) - raft.server.log.queue.element-limit = 1024 (custom)
2022-10-06 01:04:53,607 [pool-403-thread-1] INFO  server.RaftServerConfigKeys (ConfUtils.java:logGet(46)) - raft.server.log.segment.size.max = 1048576 (custom)
2022-10-06 01:04:53,607 [pool-403-thread-1] INFO  server.RaftServerConfigKeys (ConfUtils.java:logGet(46)) - raft.server.log.preallocated.size = 16384 (custom)
2022-10-06 01:04:53,607 [pool-403-thread-1] INFO  server.RaftServerConfigKeys (ConfUtils.java:logGet(46)) - raft.server.log.force.sync.num = 128 (default)
2022-10-06 01:04:53,607 [pool-403-thread-1] INFO  server.RaftServerConfigKeys (ConfUtils.java:logGet(46)) - raft.server.log.statemachine.data.sync = true (default)
2022-10-06 01:04:53,607 [pool-403-thread-1] INFO  server.RaftServerConfigKeys (ConfUtils.java:logGet(46)) - raft.server.log.statemachine.data.sync.timeout = 10s (default)
2022-10-06 01:04:53,607 [pool-403-thread-1] INFO  server.RaftServerConfigKeys (ConfUtils.java:logGet(46)) - raft.server.log.statemachine.data.sync.timeout.retry = -1 (default)
2022-10-06 01:04:53,608 [pool-403-thread-1] INFO  server.RaftServerConfigKeys (ConfUtils.java:logGet(46)) - raft.server.log.write.buffer.size = 1048576 (custom)
2022-10-06 01:04:53,608 [pool-403-thread-1] INFO  server.RaftServerConfigKeys (ConfUtils.java:logGet(46)) - raft.server.log.unsafe-flush.enabled = false (default)
2022-10-06 01:04:53,608 [pool-403-thread-1] INFO  server.RaftServerConfigKeys (ConfUtils.java:logGet(46)) - raft.server.log.statemachine.data.caching.enabled = true (custom)
2022-10-06 01:04:53,608 [pool-403-thread-1] INFO  segmented.SegmentedRaftLogWorker (SegmentedRaftLogWorker.java:lambda$new$0(135)) - 23a5c7c7-a279-444f-ae9a-ea80730ba37f@group-447696FB1CAC-SegmentedRaftLogWorker: flushIndex: setUnconditionally 0 -> -1
2022-10-06 01:04:53,608 [pool-403-thread-1] INFO  segmented.SegmentedRaftLogWorker (SegmentedRaftLogWorker.java:lambda$new$0(135)) - 23a5c7c7-a279-444f-ae9a-ea80730ba37f@group-447696FB1CAC-SegmentedRaftLogWorker: safeCacheEvictIndex: setUnconditionally 0 -> -1
2022-10-06 01:04:53,614 [pool-403-thread-1] INFO  server.RaftServerConfigKeys (ConfUtils.java:logGet(46)) - raft.server.snapshot.auto.trigger.enabled = true (custom)
2022-10-06 01:04:53,614 [pool-403-thread-1] INFO  server.RaftServerConfigKeys (ConfUtils.java:logGet(46)) - raft.server.snapshot.auto.trigger.threshold = 10000 (custom)
2022-10-06 01:04:53,614 [pool-403-thread-1] INFO  server.RaftServerConfigKeys (ConfUtils.java:logGet(46)) - raft.server.snapshot.retention.file.num = 5 (custom)
2022-10-06 01:04:53,614 [pool-403-thread-1] INFO  server.RaftServerConfigKeys (ConfUtils.java:logGet(46)) - raft.server.log.purge.upto.snapshot.index = false (default)
2022-10-06 01:04:53,614 [pool-403-thread-1] INFO  server.RaftServerConfigKeys (ConfUtils.java:logGet(46)) - raft.server.retrycache.expirytime = 600000ms (custom)
2022-10-06 01:04:53,614 [pool-403-thread-1] INFO  server.RaftServerConfigKeys (ConfUtils.java:logGet(46)) - raft.server.retrycache.statistics.expirytime = 100μs (default)
2022-10-06 01:04:53,615 [pool-403-thread-1] INFO  server.RaftServerConfigKeys (ConfUtils.java:logGet(46)) - raft.server.log.appender.install.snapshot.enabled = false (custom)
2022-10-06 01:04:53,615 [pool-403-thread-1] INFO  server.RaftServerConfigKeys (ConfUtils.java:logGet(46)) - raft.server.threadpool.server.cached = true (default)
2022-10-06 01:04:53,615 [pool-403-thread-1] INFO  server.RaftServerConfigKeys (ConfUtils.java:logGet(46)) - raft.server.threadpool.server.size = 0 (default)
2022-10-06 01:04:53,615 [pool-403-thread-1] INFO  server.RaftServerConfigKeys (ConfUtils.java:logGet(46)) - raft.server.threadpool.client.cached = true (default)
2022-10-06 01:04:53,615 [pool-403-thread-1] INFO  server.RaftServerConfigKeys (ConfUtils.java:logGet(46)) - raft.server.threadpool.client.size = 0 (default)
2022-10-06 01:04:53,615 [pool-403-thread-1] INFO  server.RaftServer$Division (RaftServerImpl.java:start(310)) - 23a5c7c7-a279-444f-ae9a-ea80730ba37f@group-447696FB1CAC: start as a follower, conf=-1: [23a5c7c7-a279-444f-ae9a-ea80730ba37f|rpc:10.1.0.249:46507|dataStream:|priority:0, 92ca9abc-3f8f-4561-9917-cda982ad8ac5|rpc:10.1.0.249:43563|dataStream:|priority:0, b1188ba9-7404-4c69-a541-42ff8694cd3e|rpc:10.1.0.249:39649|dataStream:|priority:1], old=null
2022-10-06 01:04:53,615 [pool-403-thread-1] INFO  server.RaftServer$Division (RaftServerImpl.java:setRole(299)) - 23a5c7c7-a279-444f-ae9a-ea80730ba37f@group-447696FB1CAC: changes role from      null to FOLLOWER at term 0 for startAsFollower
2022-10-06 01:04:53,615 [pool-403-thread-1] INFO  impl.RoleInfo (RoleInfo.java:updateAndGet(139)) - 23a5c7c7-a279-444f-ae9a-ea80730ba37f: start 23a5c7c7-a279-444f-ae9a-ea80730ba37f@group-447696FB1CAC-FollowerState
2022-10-06 01:04:53,629 [pool-403-thread-1] INFO  util.JmxRegister (JmxRegister.java:tryRegister(44)) - Successfully registered JMX Bean with object name Ratis:service=RaftServer,group=group-447696FB1CAC,id=23a5c7c7-a279-444f-ae9a-ea80730ba37f
2022-10-06 01:04:53,719 [grpc-default-executor-0] INFO  server.RaftServer (RaftServerProxy.java:addNew(96)) - 92ca9abc-3f8f-4561-9917-cda982ad8ac5: addNew group-447696FB1CAC:[23a5c7c7-a279-444f-ae9a-ea80730ba37f|rpc:10.1.0.249:46507|dataStream:|priority:0, 92ca9abc-3f8f-4561-9917-cda982ad8ac5|rpc:10.1.0.249:43563|dataStream:|priority:0, b1188ba9-7404-4c69-a541-42ff8694cd3e|rpc:10.1.0.249:39649|dataStream:|priority:1] returns group-447696FB1CAC:java.util.concurrent.CompletableFuture@e7a476a[Not completed]
2022-10-06 01:04:53,730 [pool-380-thread-1] INFO  server.RaftServer$Division (RaftServerImpl.java:<init>(190)) - 92ca9abc-3f8f-4561-9917-cda982ad8ac5: new RaftServerImpl for group-447696FB1CAC:[23a5c7c7-a279-444f-ae9a-ea80730ba37f|rpc:10.1.0.249:46507|dataStream:|priority:0, 92ca9abc-3f8f-4561-9917-cda982ad8ac5|rpc:10.1.0.249:43563|dataStream:|priority:0, b1188ba9-7404-4c69-a541-42ff8694cd3e|rpc:10.1.0.249:39649|dataStream:|priority:1] with ContainerStateMachine:uninitialized
2022-10-06 01:04:53,731 [pool-380-thread-1] INFO  server.RaftServerConfigKeys (ConfUtils.java:logGet(46)) - raft.server.rpc.timeout.min = 5s (custom)
2022-10-06 01:04:53,731 [pool-380-thread-1] INFO  server.RaftServerConfigKeys (ConfUtils.java:logGet(46)) - raft.server.rpc.timeout.max = 5200ms (custom)
2022-10-06 01:04:53,731 [pool-380-thread-1] INFO  server.RaftServerConfigKeys (ConfUtils.java:logGet(46)) - raft.server.rpc.sleep.time = 25ms (default)
2022-10-06 01:04:53,731 [pool-380-thread-1] INFO  server.RaftServerConfigKeys (ConfUtils.java:logGet(46)) - raft.server.rpc.slowness.timeout = 300s (custom)
2022-10-06 01:04:53,731 [pool-380-thread-1] INFO  server.RaftServerConfigKeys (ConfUtils.java:logGet(46)) - raft.server.leaderelection.leader.step-down.wait-time = 10s (default)
2022-10-06 01:04:53,731 [pool-380-thread-1] INFO  server.RaftServerConfigKeys (ConfUtils.java:logGet(46)) - raft.server.sleep.deviation.threshold = 300ms (default)
2022-10-06 01:04:53,731 [pool-380-thread-1] INFO  server.RaftServer$Division (ServerState.java:<init>(107)) - 92ca9abc-3f8f-4561-9917-cda982ad8ac5@group-447696FB1CAC: ConfigurationManager, init=-1: [23a5c7c7-a279-444f-ae9a-ea80730ba37f|rpc:10.1.0.249:46507|dataStream:|priority:0, 92ca9abc-3f8f-4561-9917-cda982ad8ac5|rpc:10.1.0.249:43563|dataStream:|priority:0, b1188ba9-7404-4c69-a541-42ff8694cd3e|rpc:10.1.0.249:39649|dataStream:|priority:1], old=null, confs=<EMPTY_MAP>
2022-10-06 01:04:53,731 [pool-380-thread-1] INFO  server.RaftServerConfigKeys (ConfUtils.java:logGet(46)) - raft.server.storage.dir = [/home/runner/work/ozone/ozone/hadoop-ozone/integration-test/target/test-dir/MiniOzoneClusterImpl-07f884e1-d8a6-4fa8-8867-d1ed1eaa8398/datanode-1/data/ratis] (custom)
2022-10-06 01:04:53,731 [pool-380-thread-1] INFO  server.RaftServerConfigKeys (ConfUtils.java:logGet(46)) - raft.server.log.corruption.policy = EXCEPTION (default)
2022-10-06 01:04:53,731 [pool-380-thread-1] INFO  server.RaftServerConfigKeys (ConfUtils.java:logGet(46)) - raft.server.storage.free-space.min = 0MB (=0) (default)
2022-10-06 01:04:53,731 [pool-380-thread-1] INFO  storage.RaftStorageDirectory (RaftStorageDirectoryImpl.java:analyzeStorage(135)) - The storage directory /home/runner/work/ozone/ozone/hadoop-ozone/integration-test/target/test-dir/MiniOzoneClusterImpl-07f884e1-d8a6-4fa8-8867-d1ed1eaa8398/datanode-1/data/ratis/4484226a-7136-4ba0-9358-447696fb1cac does not exist. Creating ...
2022-10-06 01:04:53,734 [pool-380-thread-1] INFO  storage.RaftStorageDirectory (RaftStorageDirectoryImpl.java:tryLock(230)) - Lock on /home/runner/work/ozone/ozone/hadoop-ozone/integration-test/target/test-dir/MiniOzoneClusterImpl-07f884e1-d8a6-4fa8-8867-d1ed1eaa8398/datanode-1/data/ratis/4484226a-7136-4ba0-9358-447696fb1cac/in_use.lock acquired by nodename 9215@fv-az399-337
2022-10-06 01:04:53,735 [pool-380-thread-1] INFO  storage.RaftStorage (RaftStorageImpl.java:format(89)) - Storage directory /home/runner/work/ozone/ozone/hadoop-ozone/integration-test/target/test-dir/MiniOzoneClusterImpl-07f884e1-d8a6-4fa8-8867-d1ed1eaa8398/datanode-1/data/ratis/4484226a-7136-4ba0-9358-447696fb1cac has been successfully formatted.
2022-10-06 01:04:53,736 [pool-380-thread-1] INFO  ratis.ContainerStateMachine (ContainerStateMachine.java:loadSnapshot(236)) - group-447696FB1CAC: The snapshot info is null. Setting the last applied indexto:(t:0, i:~)
2022-10-06 01:04:53,736 [pool-380-thread-1] INFO  server.RaftServerConfigKeys (ConfUtils.java:logGet(46)) - raft.server.notification.no-leader.timeout = 300s (custom)
2022-10-06 01:04:53,736 [pool-380-thread-1] INFO  server.RaftServerConfigKeys (ConfUtils.java:logGet(46)) - raft.server.log.use.memory = false (default)
2022-10-06 01:04:53,737 [pool-380-thread-1] INFO  server.RaftServerConfigKeys (ConfUtils.java:logGet(46)) - raft.server.log.purge.gap = 1000000 (custom)
2022-10-06 01:04:53,737 [pool-380-thread-1] INFO  server.RaftServerConfigKeys (ConfUtils.java:logGet(46)) - raft.server.log.appender.buffer.byte-limit = 33554432 (custom)
2022-10-06 01:04:53,737 [pool-380-thread-1] INFO  server.RaftServerConfigKeys (ConfUtils.java:logGet(46)) - raft.server.log.statemachine.data.read.timeout = 1000ms (default)
2022-10-06 01:04:53,737 [pool-380-thread-1] INFO  server.RaftServerConfigKeys (ConfUtils.java:logGet(46)) - raft.server.log.segment.size.max = 1048576 (custom)
2022-10-06 01:04:53,738 [pool-380-thread-1] INFO  server.RaftServerConfigKeys (ConfUtils.java:logGet(46)) - raft.server.log.segment.cache.num.max = 2 (custom)
2022-10-06 01:04:53,738 [pool-380-thread-1] INFO  server.RaftServerConfigKeys (ConfUtils.java:logGet(46)) - raft.server.log.segment.cache.size.max = 200MB (=209715200) (default)
2022-10-06 01:04:53,738 [pool-380-thread-1] INFO  segmented.SegmentedRaftLogWorker (SegmentedRaftLogWorker.java:<init>(187)) - new 92ca9abc-3f8f-4561-9917-cda982ad8ac5@group-447696FB1CAC-SegmentedRaftLogWorker for RaftStorageImpl:Storage Directory /home/runner/work/ozone/ozone/hadoop-ozone/integration-test/target/test-dir/MiniOzoneClusterImpl-07f884e1-d8a6-4fa8-8867-d1ed1eaa8398/datanode-1/data/ratis/4484226a-7136-4ba0-9358-447696fb1cac
2022-10-06 01:04:53,738 [pool-380-thread-1] INFO  server.RaftServerConfigKeys (ConfUtils.java:logGet(46)) - raft.server.log.queue.byte-limit = 4294967296 (custom)
2022-10-06 01:04:53,738 [pool-380-thread-1] INFO  server.RaftServerConfigKeys (ConfUtils.java:logGet(46)) - raft.server.log.queue.element-limit = 1024 (custom)
2022-10-06 01:04:53,738 [pool-380-thread-1] INFO  server.RaftServerConfigKeys (ConfUtils.java:logGet(46)) - raft.server.log.segment.size.max = 1048576 (custom)
2022-10-06 01:04:53,738 [pool-380-thread-1] INFO  server.RaftServerConfigKeys (ConfUtils.java:logGet(46)) - raft.server.log.preallocated.size = 16384 (custom)
2022-10-06 01:04:53,738 [pool-380-thread-1] INFO  server.RaftServerConfigKeys (ConfUtils.java:logGet(46)) - raft.server.log.force.sync.num = 128 (default)
2022-10-06 01:04:53,738 [pool-380-thread-1] INFO  server.RaftServerConfigKeys (ConfUtils.java:logGet(46)) - raft.server.log.statemachine.data.sync = true (default)
2022-10-06 01:04:53,738 [pool-380-thread-1] INFO  server.RaftServerConfigKeys (ConfUtils.java:logGet(46)) - raft.server.log.statemachine.data.sync.timeout = 10s (default)
2022-10-06 01:04:53,738 [pool-380-thread-1] INFO  server.RaftServerConfigKeys (ConfUtils.java:logGet(46)) - raft.server.log.statemachine.data.sync.timeout.retry = -1 (default)
2022-10-06 01:04:53,739 [pool-380-thread-1] INFO  server.RaftServerConfigKeys (ConfUtils.java:logGet(46)) - raft.server.log.write.buffer.size = 1048576 (custom)
2022-10-06 01:04:53,739 [pool-380-thread-1] INFO  server.RaftServerConfigKeys (ConfUtils.java:logGet(46)) - raft.server.log.unsafe-flush.enabled = false (default)
2022-10-06 01:04:53,739 [pool-380-thread-1] INFO  server.RaftServerConfigKeys (ConfUtils.java:logGet(46)) - raft.server.log.statemachine.data.caching.enabled = true (custom)
2022-10-06 01:04:53,739 [pool-380-thread-1] INFO  segmented.SegmentedRaftLogWorker (SegmentedRaftLogWorker.java:lambda$new$0(135)) - 92ca9abc-3f8f-4561-9917-cda982ad8ac5@group-447696FB1CAC-SegmentedRaftLogWorker: flushIndex: setUnconditionally 0 -> -1
2022-10-06 01:04:53,739 [pool-380-thread-1] INFO  segmented.SegmentedRaftLogWorker (SegmentedRaftLogWorker.java:lambda$new$0(135)) - 92ca9abc-3f8f-4561-9917-cda982ad8ac5@group-447696FB1CAC-SegmentedRaftLogWorker: safeCacheEvictIndex: setUnconditionally 0 -> -1
2022-10-06 01:04:53,739 [pool-380-thread-1] INFO  server.RaftServerConfigKeys (ConfUtils.java:logGet(46)) - raft.server.snapshot.auto.trigger.enabled = true (custom)
2022-10-06 01:04:53,739 [pool-380-thread-1] INFO  server.RaftServerConfigKeys (ConfUtils.java:logGet(46)) - raft.server.snapshot.auto.trigger.threshold = 10000 (custom)
2022-10-06 01:04:53,739 [pool-380-thread-1] INFO  server.RaftServerConfigKeys (ConfUtils.java:logGet(46)) - raft.server.snapshot.retention.file.num = 5 (custom)
2022-10-06 01:04:53,739 [pool-380-thread-1] INFO  server.RaftServerConfigKeys (ConfUtils.java:logGet(46)) - raft.server.log.purge.upto.snapshot.index = false (default)
2022-10-06 01:04:53,740 [pool-380-thread-1] INFO  server.RaftServerConfigKeys (ConfUtils.java:logGet(46)) - raft.server.retrycache.expirytime = 600000ms (custom)
2022-10-06 01:04:53,740 [pool-380-thread-1] INFO  server.RaftServerConfigKeys (ConfUtils.java:logGet(46)) - raft.server.retrycache.statistics.expirytime = 100μs (default)
2022-10-06 01:04:53,745 [pool-380-thread-1] INFO  server.RaftServerConfigKeys (ConfUtils.java:logGet(46)) - raft.server.log.appender.install.snapshot.enabled = false (custom)
2022-10-06 01:04:53,745 [pool-380-thread-1] INFO  server.RaftServerConfigKeys (ConfUtils.java:logGet(46)) - raft.server.threadpool.server.cached = true (default)
2022-10-06 01:04:53,745 [pool-380-thread-1] INFO  server.RaftServerConfigKeys (ConfUtils.java:logGet(46)) - raft.server.threadpool.server.size = 0 (default)
2022-10-06 01:04:53,745 [pool-380-thread-1] INFO  server.RaftServerConfigKeys (ConfUtils.java:logGet(46)) - raft.server.threadpool.client.cached = true (default)
2022-10-06 01:04:53,745 [pool-380-thread-1] INFO  server.RaftServerConfigKeys (ConfUtils.java:logGet(46)) - raft.server.threadpool.client.size = 0 (default)
2022-10-06 01:04:53,745 [pool-380-thread-1] INFO  server.RaftServer$Division (RaftServerImpl.java:start(310)) - 92ca9abc-3f8f-4561-9917-cda982ad8ac5@group-447696FB1CAC: start as a follower, conf=-1: [23a5c7c7-a279-444f-ae9a-ea80730ba37f|rpc:10.1.0.249:46507|dataStream:|priority:0, 92ca9abc-3f8f-4561-9917-cda982ad8ac5|rpc:10.1.0.249:43563|dataStream:|priority:0, b1188ba9-7404-4c69-a541-42ff8694cd3e|rpc:10.1.0.249:39649|dataStream:|priority:1], old=null
2022-10-06 01:04:53,745 [pool-380-thread-1] INFO  server.RaftServer$Division (RaftServerImpl.java:setRole(299)) - 92ca9abc-3f8f-4561-9917-cda982ad8ac5@group-447696FB1CAC: changes role from      null to FOLLOWER at term 0 for startAsFollower
2022-10-06 01:04:53,745 [pool-380-thread-1] INFO  impl.RoleInfo (RoleInfo.java:updateAndGet(139)) - 92ca9abc-3f8f-4561-9917-cda982ad8ac5: start 92ca9abc-3f8f-4561-9917-cda982ad8ac5@group-447696FB1CAC-FollowerState
2022-10-06 01:04:53,750 [pool-380-thread-1] INFO  util.JmxRegister (JmxRegister.java:tryRegister(44)) - Successfully registered JMX Bean with object name Ratis:service=RaftServer,group=group-447696FB1CAC,id=92ca9abc-3f8f-4561-9917-cda982ad8ac5
2022-10-06 01:04:53,772 [Command processor thread] INFO  commandhandler.CreatePipelineCommandHandler (CreatePipelineCommandHandler.java:handle(113)) - Created Pipeline RATIS THREE PipelineID=4484226a-7136-4ba0-9358-447696fb1cac.
2022-10-06 01:04:53,786 [Command processor thread] INFO  server.RaftServer (RaftServerProxy.java:addNew(96)) - b1188ba9-7404-4c69-a541-42ff8694cd3e: addNew group-A12B94BABBCA:[23a5c7c7-a279-444f-ae9a-ea80730ba37f|rpc:10.1.0.249:46507|priority:1, 92ca9abc-3f8f-4561-9917-cda982ad8ac5|rpc:10.1.0.249:43563|priority:0, b1188ba9-7404-4c69-a541-42ff8694cd3e|rpc:10.1.0.249:39649|priority:0] returns group-A12B94BABBCA:java.util.concurrent.CompletableFuture@417a7810[Not completed]
2022-10-06 01:04:53,787 [pool-357-thread-1] INFO  server.RaftServer$Division (RaftServerImpl.java:<init>(190)) - b1188ba9-7404-4c69-a541-42ff8694cd3e: new RaftServerImpl for group-A12B94BABBCA:[23a5c7c7-a279-444f-ae9a-ea80730ba37f|rpc:10.1.0.249:46507|priority:1, 92ca9abc-3f8f-4561-9917-cda982ad8ac5|rpc:10.1.0.249:43563|priority:0, b1188ba9-7404-4c69-a541-42ff8694cd3e|rpc:10.1.0.249:39649|priority:0] with ContainerStateMachine:uninitialized
2022-10-06 01:04:53,787 [pool-357-thread-1] INFO  server.RaftServerConfigKeys (ConfUtils.java:logGet(46)) - raft.server.rpc.timeout.min = 5s (custom)
2022-10-06 01:04:53,787 [pool-357-thread-1] INFO  server.RaftServerConfigKeys (ConfUtils.java:logGet(46)) - raft.server.rpc.timeout.max = 5200ms (custom)
2022-10-06 01:04:53,787 [pool-357-thread-1] INFO  server.RaftServerConfigKeys (ConfUtils.java:logGet(46)) - raft.server.rpc.sleep.time = 25ms (default)
2022-10-06 01:04:53,787 [pool-357-thread-1] INFO  server.RaftServerConfigKeys (ConfUtils.java:logGet(46)) - raft.server.rpc.slowness.timeout = 300s (custom)
2022-10-06 01:04:53,787 [pool-357-thread-1] INFO  server.RaftServerConfigKeys (ConfUtils.java:logGet(46)) - raft.server.leaderelection.leader.step-down.wait-time = 10s (default)
2022-10-06 01:04:53,787 [pool-357-thread-1] INFO  server.RaftServerConfigKeys (ConfUtils.java:logGet(46)) - raft.server.sleep.deviation.threshold = 300ms (default)
2022-10-06 01:04:53,787 [pool-357-thread-1] INFO  server.RaftServer$Division (ServerState.java:<init>(107)) - b1188ba9-7404-4c69-a541-42ff8694cd3e@group-A12B94BABBCA: ConfigurationManager, init=-1: [23a5c7c7-a279-444f-ae9a-ea80730ba37f|rpc:10.1.0.249:46507|priority:1, 92ca9abc-3f8f-4561-9917-cda982ad8ac5|rpc:10.1.0.249:43563|priority:0, b1188ba9-7404-4c69-a541-42ff8694cd3e|rpc:10.1.0.249:39649|priority:0], old=null, confs=<EMPTY_MAP>
2022-10-06 01:04:53,787 [pool-357-thread-1] INFO  server.RaftServerConfigKeys (ConfUtils.java:logGet(46)) - raft.server.storage.dir = [/home/runner/work/ozone/ozone/hadoop-ozone/integration-test/target/test-dir/MiniOzoneClusterImpl-07f884e1-d8a6-4fa8-8867-d1ed1eaa8398/datanode-0/data/ratis] (custom)
2022-10-06 01:04:53,787 [pool-357-thread-1] INFO  server.RaftServerConfigKeys (ConfUtils.java:logGet(46)) - raft.server.log.corruption.policy = EXCEPTION (default)
2022-10-06 01:04:53,787 [pool-357-thread-1] INFO  server.RaftServerConfigKeys (ConfUtils.java:logGet(46)) - raft.server.storage.free-space.min = 0MB (=0) (default)
2022-10-06 01:04:53,787 [pool-357-thread-1] INFO  storage.RaftStorageDirectory (RaftStorageDirectoryImpl.java:analyzeStorage(135)) - The storage directory /home/runner/work/ozone/ozone/hadoop-ozone/integration-test/target/test-dir/MiniOzoneClusterImpl-07f884e1-d8a6-4fa8-8867-d1ed1eaa8398/datanode-0/data/ratis/0e7d47bb-dfd3-453e-8540-a12b94babbca does not exist. Creating ...
2022-10-06 01:04:53,788 [pool-357-thread-1] INFO  storage.RaftStorageDirectory (RaftStorageDirectoryImpl.java:tryLock(230)) - Lock on /home/runner/work/ozone/ozone/hadoop-ozone/integration-test/target/test-dir/MiniOzoneClusterImpl-07f884e1-d8a6-4fa8-8867-d1ed1eaa8398/datanode-0/data/ratis/0e7d47bb-dfd3-453e-8540-a12b94babbca/in_use.lock acquired by nodename 9215@fv-az399-337
2022-10-06 01:04:53,790 [pool-357-thread-1] INFO  storage.RaftStorage (RaftStorageImpl.java:format(89)) - Storage directory /home/runner/work/ozone/ozone/hadoop-ozone/integration-test/target/test-dir/MiniOzoneClusterImpl-07f884e1-d8a6-4fa8-8867-d1ed1eaa8398/datanode-0/data/ratis/0e7d47bb-dfd3-453e-8540-a12b94babbca has been successfully formatted.
2022-10-06 01:04:53,791 [EventQueue-OpenPipelineForHealthyPipelineSafeModeRule] INFO  safemode.SCMSafeModeManager (HealthyPipelineSafeModeRule.java:process(137)) - SCM in safe mode. Healthy pipelines reported count is 0, required healthy pipeline reported count is 1
2022-10-06 01:04:53,791 [pool-357-thread-1] INFO  ratis.ContainerStateMachine (ContainerStateMachine.java:loadSnapshot(236)) - group-A12B94BABBCA: The snapshot info is null. Setting the last applied indexto:(t:0, i:~)
2022-10-06 01:04:53,791 [pool-357-thread-1] INFO  server.RaftServerConfigKeys (ConfUtils.java:logGet(46)) - raft.server.notification.no-leader.timeout = 300s (custom)
2022-10-06 01:04:53,791 [pool-357-thread-1] INFO  server.RaftServerConfigKeys (ConfUtils.java:logGet(46)) - raft.server.log.use.memory = false (default)
2022-10-06 01:04:53,791 [pool-357-thread-1] INFO  server.RaftServerConfigKeys (ConfUtils.java:logGet(46)) - raft.server.log.purge.gap = 1000000 (custom)
2022-10-06 01:04:53,791 [pool-357-thread-1] INFO  server.RaftServerConfigKeys (ConfUtils.java:logGet(46)) - raft.server.log.appender.buffer.byte-limit = 33554432 (custom)
2022-10-06 01:04:53,791 [pool-357-thread-1] INFO  server.RaftServerConfigKeys (ConfUtils.java:logGet(46)) - raft.server.log.statemachine.data.read.timeout = 1000ms (default)
2022-10-06 01:04:53,791 [pool-357-thread-1] INFO  server.RaftServerConfigKeys (ConfUtils.java:logGet(46)) - raft.server.log.segment.size.max = 1048576 (custom)
2022-10-06 01:04:53,792 [pool-357-thread-1] INFO  server.RaftServerConfigKeys (ConfUtils.java:logGet(46)) - raft.server.log.segment.cache.num.max = 2 (custom)
2022-10-06 01:04:53,792 [pool-357-thread-1] INFO  server.RaftServerConfigKeys (ConfUtils.java:logGet(46)) - raft.server.log.segment.cache.size.max = 200MB (=209715200) (default)
2022-10-06 01:04:53,792 [pool-357-thread-1] INFO  segmented.SegmentedRaftLogWorker (SegmentedRaftLogWorker.java:<init>(187)) - new b1188ba9-7404-4c69-a541-42ff8694cd3e@group-A12B94BABBCA-SegmentedRaftLogWorker for RaftStorageImpl:Storage Directory /home/runner/work/ozone/ozone/hadoop-ozone/integration-test/target/test-dir/MiniOzoneClusterImpl-07f884e1-d8a6-4fa8-8867-d1ed1eaa8398/datanode-0/data/ratis/0e7d47bb-dfd3-453e-8540-a12b94babbca
2022-10-06 01:04:53,792 [pool-357-thread-1] INFO  server.RaftServerConfigKeys (ConfUtils.java:logGet(46)) - raft.server.log.queue.byte-limit = 4294967296 (custom)
2022-10-06 01:04:53,792 [pool-357-thread-1] INFO  server.RaftServerConfigKeys (ConfUtils.java:logGet(46)) - raft.server.log.queue.element-limit = 1024 (custom)
2022-10-06 01:04:53,792 [pool-357-thread-1] INFO  server.RaftServerConfigKeys (ConfUtils.java:logGet(46)) - raft.server.log.segment.size.max = 1048576 (custom)
2022-10-06 01:04:53,792 [pool-357-thread-1] INFO  server.RaftServerConfigKeys (ConfUtils.java:logGet(46)) - raft.server.log.preallocated.size = 16384 (custom)
2022-10-06 01:04:53,792 [pool-357-thread-1] INFO  server.RaftServerConfigKeys (ConfUtils.java:logGet(46)) - raft.server.log.force.sync.num = 128 (default)
2022-10-06 01:04:53,792 [pool-357-thread-1] INFO  server.RaftServerConfigKeys (ConfUtils.java:logGet(46)) - raft.server.log.statemachine.data.sync = true (default)
2022-10-06 01:04:53,792 [pool-357-thread-1] INFO  server.RaftServerConfigKeys (ConfUtils.java:logGet(46)) - raft.server.log.statemachine.data.sync.timeout = 10s (default)
2022-10-06 01:04:53,792 [pool-357-thread-1] INFO  server.RaftServerConfigKeys (ConfUtils.java:logGet(46)) - raft.server.log.statemachine.data.sync.timeout.retry = -1 (default)
2022-10-06 01:04:53,793 [pool-357-thread-1] INFO  server.RaftServerConfigKeys (ConfUtils.java:logGet(46)) - raft.server.log.write.buffer.size = 1048576 (custom)
2022-10-06 01:04:53,793 [pool-357-thread-1] INFO  server.RaftServerConfigKeys (ConfUtils.java:logGet(46)) - raft.server.log.unsafe-flush.enabled = false (default)
2022-10-06 01:04:53,793 [pool-357-thread-1] INFO  server.RaftServerConfigKeys (ConfUtils.java:logGet(46)) - raft.server.log.statemachine.data.caching.enabled = true (custom)
2022-10-06 01:04:53,793 [pool-357-thread-1] INFO  segmented.SegmentedRaftLogWorker (SegmentedRaftLogWorker.java:lambda$new$0(135)) - b1188ba9-7404-4c69-a541-42ff8694cd3e@group-A12B94BABBCA-SegmentedRaftLogWorker: flushIndex: setUnconditionally 0 -> -1
2022-10-06 01:04:53,793 [pool-357-thread-1] INFO  segmented.SegmentedRaftLogWorker (SegmentedRaftLogWorker.java:lambda$new$0(135)) - b1188ba9-7404-4c69-a541-42ff8694cd3e@group-A12B94BABBCA-SegmentedRaftLogWorker: safeCacheEvictIndex: setUnconditionally 0 -> -1
2022-10-06 01:04:53,810 [pool-357-thread-1] INFO  server.RaftServerConfigKeys (ConfUtils.java:logGet(46)) - raft.server.snapshot.auto.trigger.enabled = true (custom)
2022-10-06 01:04:53,810 [pool-357-thread-1] INFO  server.RaftServerConfigKeys (ConfUtils.java:logGet(46)) - raft.server.snapshot.auto.trigger.threshold = 10000 (custom)
2022-10-06 01:04:53,810 [pool-357-thread-1] INFO  server.RaftServerConfigKeys (ConfUtils.java:logGet(46)) - raft.server.snapshot.retention.file.num = 5 (custom)
2022-10-06 01:04:53,810 [pool-357-thread-1] INFO  server.RaftServerConfigKeys (ConfUtils.java:logGet(46)) - raft.server.log.purge.upto.snapshot.index = false (default)
2022-10-06 01:04:53,810 [pool-357-thread-1] INFO  server.RaftServerConfigKeys (ConfUtils.java:logGet(46)) - raft.server.retrycache.expirytime = 600000ms (custom)
2022-10-06 01:04:53,810 [pool-357-thread-1] INFO  server.RaftServerConfigKeys (ConfUtils.java:logGet(46)) - raft.server.retrycache.statistics.expirytime = 100μs (default)
2022-10-06 01:04:53,811 [pool-357-thread-1] INFO  server.RaftServerConfigKeys (ConfUtils.java:logGet(46)) - raft.server.log.appender.install.snapshot.enabled = false (custom)
2022-10-06 01:04:53,811 [pool-357-thread-1] INFO  server.RaftServerConfigKeys (ConfUtils.java:logGet(46)) - raft.server.threadpool.server.cached = true (default)
2022-10-06 01:04:53,811 [pool-357-thread-1] INFO  server.RaftServerConfigKeys (ConfUtils.java:logGet(46)) - raft.server.threadpool.server.size = 0 (default)
2022-10-06 01:04:53,811 [pool-357-thread-1] INFO  server.RaftServerConfigKeys (ConfUtils.java:logGet(46)) - raft.server.threadpool.client.cached = true (default)
2022-10-06 01:04:53,811 [pool-357-thread-1] INFO  server.RaftServerConfigKeys (ConfUtils.java:logGet(46)) - raft.server.threadpool.client.size = 0 (default)
2022-10-06 01:04:53,811 [pool-357-thread-1] INFO  server.RaftServer$Division (RaftServerImpl.java:start(310)) - b1188ba9-7404-4c69-a541-42ff8694cd3e@group-A12B94BABBCA: start as a follower, conf=-1: [23a5c7c7-a279-444f-ae9a-ea80730ba37f|rpc:10.1.0.249:46507|priority:1, 92ca9abc-3f8f-4561-9917-cda982ad8ac5|rpc:10.1.0.249:43563|priority:0, b1188ba9-7404-4c69-a541-42ff8694cd3e|rpc:10.1.0.249:39649|priority:0], old=null
2022-10-06 01:04:53,811 [pool-357-thread-1] INFO  server.RaftServer$Division (RaftServerImpl.java:setRole(299)) - b1188ba9-7404-4c69-a541-42ff8694cd3e@group-A12B94BABBCA: changes role from      null to FOLLOWER at term 0 for startAsFollower
2022-10-06 01:04:53,811 [pool-357-thread-1] INFO  impl.RoleInfo (RoleInfo.java:updateAndGet(139)) - b1188ba9-7404-4c69-a541-42ff8694cd3e: start b1188ba9-7404-4c69-a541-42ff8694cd3e@group-A12B94BABBCA-FollowerState
2022-10-06 01:04:53,826 [pool-357-thread-1] INFO  util.JmxRegister (JmxRegister.java:tryRegister(44)) - Successfully registered JMX Bean with object name Ratis:service=RaftServer,group=group-A12B94BABBCA,id=b1188ba9-7404-4c69-a541-42ff8694cd3e
2022-10-06 01:04:53,844 [Command processor thread] INFO  ratis.XceiverServerRatis (XceiverServerRatis.java:addGroup(765)) - Created group PipelineID=0e7d47bb-dfd3-453e-8540-a12b94babbca
2022-10-06 01:04:53,889 [grpc-default-executor-0] INFO  server.RaftServer (RaftServerProxy.java:addNew(96)) - 23a5c7c7-a279-444f-ae9a-ea80730ba37f: addNew group-A12B94BABBCA:[23a5c7c7-a279-444f-ae9a-ea80730ba37f|rpc:10.1.0.249:46507|dataStream:|priority:1, 92ca9abc-3f8f-4561-9917-cda982ad8ac5|rpc:10.1.0.249:43563|dataStream:|priority:0, b1188ba9-7404-4c69-a541-42ff8694cd3e|rpc:10.1.0.249:39649|dataStream:|priority:0] returns group-A12B94BABBCA:java.util.concurrent.CompletableFuture@65339e43[Not completed]
2022-10-06 01:04:53,890 [pool-403-thread-1] INFO  server.RaftServer$Division (RaftServerImpl.java:<init>(190)) - 23a5c7c7-a279-444f-ae9a-ea80730ba37f: new RaftServerImpl for group-A12B94BABBCA:[23a5c7c7-a279-444f-ae9a-ea80730ba37f|rpc:10.1.0.249:46507|dataStream:|priority:1, 92ca9abc-3f8f-4561-9917-cda982ad8ac5|rpc:10.1.0.249:43563|dataStream:|priority:0, b1188ba9-7404-4c69-a541-42ff8694cd3e|rpc:10.1.0.249:39649|dataStream:|priority:0] with ContainerStateMachine:uninitialized
2022-10-06 01:04:53,890 [pool-403-thread-1] INFO  server.RaftServerConfigKeys (ConfUtils.java:logGet(46)) - raft.server.rpc.timeout.min = 5s (custom)
2022-10-06 01:04:53,890 [pool-403-thread-1] INFO  server.RaftServerConfigKeys (ConfUtils.java:logGet(46)) - raft.server.rpc.timeout.max = 5200ms (custom)
2022-10-06 01:04:53,890 [pool-403-thread-1] INFO  server.RaftServerConfigKeys (ConfUtils.java:logGet(46)) - raft.server.rpc.sleep.time = 25ms (default)
2022-10-06 01:04:53,890 [pool-403-thread-1] INFO  server.RaftServerConfigKeys (ConfUtils.java:logGet(46)) - raft.server.rpc.slowness.timeout = 300s (custom)
2022-10-06 01:04:53,890 [pool-403-thread-1] INFO  server.RaftServerConfigKeys (ConfUtils.java:logGet(46)) - raft.server.leaderelection.leader.step-down.wait-time = 10s (default)
2022-10-06 01:04:53,890 [pool-403-thread-1] INFO  server.RaftServerConfigKeys (ConfUtils.java:logGet(46)) - raft.server.sleep.deviation.threshold = 300ms (default)
2022-10-06 01:04:53,891 [pool-403-thread-1] INFO  server.RaftServer$Division (ServerState.java:<init>(107)) - 23a5c7c7-a279-444f-ae9a-ea80730ba37f@group-A12B94BABBCA: ConfigurationManager, init=-1: [23a5c7c7-a279-444f-ae9a-ea80730ba37f|rpc:10.1.0.249:46507|dataStream:|priority:1, 92ca9abc-3f8f-4561-9917-cda982ad8ac5|rpc:10.1.0.249:43563|dataStream:|priority:0, b1188ba9-7404-4c69-a541-42ff8694cd3e|rpc:10.1.0.249:39649|dataStream:|priority:0], old=null, confs=<EMPTY_MAP>
2022-10-06 01:04:53,891 [pool-403-thread-1] INFO  server.RaftServerConfigKeys (ConfUtils.java:logGet(46)) - raft.server.storage.dir = [/home/runner/work/ozone/ozone/hadoop-ozone/integration-test/target/test-dir/MiniOzoneClusterImpl-07f884e1-d8a6-4fa8-8867-d1ed1eaa8398/datanode-2/data/ratis] (custom)
2022-10-06 01:04:53,891 [pool-403-thread-1] INFO  server.RaftServerConfigKeys (ConfUtils.java:logGet(46)) - raft.server.log.corruption.policy = EXCEPTION (default)
2022-10-06 01:04:53,891 [pool-403-thread-1] INFO  server.RaftServerConfigKeys (ConfUtils.java:logGet(46)) - raft.server.storage.free-space.min = 0MB (=0) (default)
2022-10-06 01:04:53,891 [pool-403-thread-1] INFO  storage.RaftStorageDirectory (RaftStorageDirectoryImpl.java:analyzeStorage(135)) - The storage directory /home/runner/work/ozone/ozone/hadoop-ozone/integration-test/target/test-dir/MiniOzoneClusterImpl-07f884e1-d8a6-4fa8-8867-d1ed1eaa8398/datanode-2/data/ratis/0e7d47bb-dfd3-453e-8540-a12b94babbca does not exist. Creating ...
2022-10-06 01:04:53,892 [pool-403-thread-1] INFO  storage.RaftStorageDirectory (RaftStorageDirectoryImpl.java:tryLock(230)) - Lock on /home/runner/work/ozone/ozone/hadoop-ozone/integration-test/target/test-dir/MiniOzoneClusterImpl-07f884e1-d8a6-4fa8-8867-d1ed1eaa8398/datanode-2/data/ratis/0e7d47bb-dfd3-453e-8540-a12b94babbca/in_use.lock acquired by nodename 9215@fv-az399-337
2022-10-06 01:04:53,899 [pool-403-thread-1] INFO  storage.RaftStorage (RaftStorageImpl.java:format(89)) - Storage directory /home/runner/work/ozone/ozone/hadoop-ozone/integration-test/target/test-dir/MiniOzoneClusterImpl-07f884e1-d8a6-4fa8-8867-d1ed1eaa8398/datanode-2/data/ratis/0e7d47bb-dfd3-453e-8540-a12b94babbca has been successfully formatted.
2022-10-06 01:04:53,900 [pool-403-thread-1] INFO  ratis.ContainerStateMachine (ContainerStateMachine.java:loadSnapshot(236)) - group-A12B94BABBCA: The snapshot info is null. Setting the last applied indexto:(t:0, i:~)
2022-10-06 01:04:53,900 [pool-403-thread-1] INFO  server.RaftServerConfigKeys (ConfUtils.java:logGet(46)) - raft.server.notification.no-leader.timeout = 300s (custom)
2022-10-06 01:04:53,900 [pool-403-thread-1] INFO  server.RaftServerConfigKeys (ConfUtils.java:logGet(46)) - raft.server.log.use.memory = false (default)
2022-10-06 01:04:53,900 [pool-403-thread-1] INFO  server.RaftServerConfigKeys (ConfUtils.java:logGet(46)) - raft.server.log.purge.gap = 1000000 (custom)
2022-10-06 01:04:53,900 [pool-403-thread-1] INFO  server.RaftServerConfigKeys (ConfUtils.java:logGet(46)) - raft.server.log.appender.buffer.byte-limit = 33554432 (custom)
2022-10-06 01:04:53,900 [pool-403-thread-1] INFO  server.RaftServerConfigKeys (ConfUtils.java:logGet(46)) - raft.server.log.statemachine.data.read.timeout = 1000ms (default)
2022-10-06 01:04:53,901 [pool-403-thread-1] INFO  server.RaftServerConfigKeys (ConfUtils.java:logGet(46)) - raft.server.log.segment.size.max = 1048576 (custom)
2022-10-06 01:04:53,901 [pool-403-thread-1] INFO  server.RaftServerConfigKeys (ConfUtils.java:logGet(46)) - raft.server.log.segment.cache.num.max = 2 (custom)
2022-10-06 01:04:53,901 [pool-403-thread-1] INFO  server.RaftServerConfigKeys (ConfUtils.java:logGet(46)) - raft.server.log.segment.cache.size.max = 200MB (=209715200) (default)
2022-10-06 01:04:53,901 [pool-403-thread-1] INFO  segmented.SegmentedRaftLogWorker (SegmentedRaftLogWorker.java:<init>(187)) - new 23a5c7c7-a279-444f-ae9a-ea80730ba37f@group-A12B94BABBCA-SegmentedRaftLogWorker for RaftStorageImpl:Storage Directory /home/runner/work/ozone/ozone/hadoop-ozone/integration-test/target/test-dir/MiniOzoneClusterImpl-07f884e1-d8a6-4fa8-8867-d1ed1eaa8398/datanode-2/data/ratis/0e7d47bb-dfd3-453e-8540-a12b94babbca
2022-10-06 01:04:53,901 [pool-403-thread-1] INFO  server.RaftServerConfigKeys (ConfUtils.java:logGet(46)) - raft.server.log.queue.byte-limit = 4294967296 (custom)
2022-10-06 01:04:53,901 [pool-403-thread-1] INFO  server.RaftServerConfigKeys (ConfUtils.java:logGet(46)) - raft.server.log.queue.element-limit = 1024 (custom)
2022-10-06 01:04:53,901 [pool-403-thread-1] INFO  server.RaftServerConfigKeys (ConfUtils.java:logGet(46)) - raft.server.log.segment.size.max = 1048576 (custom)
2022-10-06 01:04:53,901 [pool-403-thread-1] INFO  server.RaftServerConfigKeys (ConfUtils.java:logGet(46)) - raft.server.log.preallocated.size = 16384 (custom)
2022-10-06 01:04:53,901 [pool-403-thread-1] INFO  server.RaftServerConfigKeys (ConfUtils.java:logGet(46)) - raft.server.log.force.sync.num = 128 (default)
2022-10-06 01:04:53,901 [pool-403-thread-1] INFO  server.RaftServerConfigKeys (ConfUtils.java:logGet(46)) - raft.server.log.statemachine.data.sync = true (default)
2022-10-06 01:04:53,901 [pool-403-thread-1] INFO  server.RaftServerConfigKeys (ConfUtils.java:logGet(46)) - raft.server.log.statemachine.data.sync.timeout = 10s (default)
2022-10-06 01:04:53,901 [pool-403-thread-1] INFO  server.RaftServerConfigKeys (ConfUtils.java:logGet(46)) - raft.server.log.statemachine.data.sync.timeout.retry = -1 (default)
2022-10-06 01:04:53,902 [pool-403-thread-1] INFO  server.RaftServerConfigKeys (ConfUtils.java:logGet(46)) - raft.server.log.write.buffer.size = 1048576 (custom)
2022-10-06 01:04:53,902 [pool-403-thread-1] INFO  server.RaftServerConfigKeys (ConfUtils.java:logGet(46)) - raft.server.log.unsafe-flush.enabled = false (default)
2022-10-06 01:04:53,902 [pool-403-thread-1] INFO  server.RaftServerConfigKeys (ConfUtils.java:logGet(46)) - raft.server.log.statemachine.data.caching.enabled = true (custom)
2022-10-06 01:04:53,902 [pool-403-thread-1] INFO  segmented.SegmentedRaftLogWorker (SegmentedRaftLogWorker.java:lambda$new$0(135)) - 23a5c7c7-a279-444f-ae9a-ea80730ba37f@group-A12B94BABBCA-SegmentedRaftLogWorker: flushIndex: setUnconditionally 0 -> -1
2022-10-06 01:04:53,903 [pool-403-thread-1] INFO  segmented.SegmentedRaftLogWorker (SegmentedRaftLogWorker.java:lambda$new$0(135)) - 23a5c7c7-a279-444f-ae9a-ea80730ba37f@group-A12B94BABBCA-SegmentedRaftLogWorker: safeCacheEvictIndex: setUnconditionally 0 -> -1
2022-10-06 01:04:53,910 [pool-403-thread-1] INFO  server.RaftServerConfigKeys (ConfUtils.java:logGet(46)) - raft.server.snapshot.auto.trigger.enabled = true (custom)
2022-10-06 01:04:53,910 [pool-403-thread-1] INFO  server.RaftServerConfigKeys (ConfUtils.java:logGet(46)) - raft.server.snapshot.auto.trigger.threshold = 10000 (custom)
2022-10-06 01:04:53,910 [pool-403-thread-1] INFO  server.RaftServerConfigKeys (ConfUtils.java:logGet(46)) - raft.server.snapshot.retention.file.num = 5 (custom)
2022-10-06 01:04:53,910 [pool-403-thread-1] INFO  server.RaftServerConfigKeys (ConfUtils.java:logGet(46)) - raft.server.log.purge.upto.snapshot.index = false (default)
2022-10-06 01:04:53,910 [pool-403-thread-1] INFO  server.RaftServerConfigKeys (ConfUtils.java:logGet(46)) - raft.server.retrycache.expirytime = 600000ms (custom)
2022-10-06 01:04:53,911 [pool-403-thread-1] INFO  server.RaftServerConfigKeys (ConfUtils.java:logGet(46)) - raft.server.retrycache.statistics.expirytime = 100μs (default)
2022-10-06 01:04:53,915 [pool-403-thread-1] INFO  server.RaftServerConfigKeys (ConfUtils.java:logGet(46)) - raft.server.log.appender.install.snapshot.enabled = false (custom)
2022-10-06 01:04:53,916 [pool-403-thread-1] INFO  server.RaftServerConfigKeys (ConfUtils.java:logGet(46)) - raft.server.threadpool.server.cached = true (default)
2022-10-06 01:04:53,916 [pool-403-thread-1] INFO  server.RaftServerConfigKeys (ConfUtils.java:logGet(46)) - raft.server.threadpool.server.size = 0 (default)
2022-10-06 01:04:53,916 [pool-403-thread-1] INFO  server.RaftServerConfigKeys (ConfUtils.java:logGet(46)) - raft.server.threadpool.client.cached = true (default)
2022-10-06 01:04:53,916 [pool-403-thread-1] INFO  server.RaftServerConfigKeys (ConfUtils.java:logGet(46)) - raft.server.threadpool.client.size = 0 (default)
2022-10-06 01:04:53,916 [pool-403-thread-1] INFO  server.RaftServer$Division (RaftServerImpl.java:start(310)) - 23a5c7c7-a279-444f-ae9a-ea80730ba37f@group-A12B94BABBCA: start as a follower, conf=-1: [23a5c7c7-a279-444f-ae9a-ea80730ba37f|rpc:10.1.0.249:46507|dataStream:|priority:1, 92ca9abc-3f8f-4561-9917-cda982ad8ac5|rpc:10.1.0.249:43563|dataStream:|priority:0, b1188ba9-7404-4c69-a541-42ff8694cd3e|rpc:10.1.0.249:39649|dataStream:|priority:0], old=null
2022-10-06 01:04:53,916 [pool-403-thread-1] INFO  server.RaftServer$Division (RaftServerImpl.java:setRole(299)) - 23a5c7c7-a279-444f-ae9a-ea80730ba37f@group-A12B94BABBCA: changes role from      null to FOLLOWER at term 0 for startAsFollower
2022-10-06 01:04:53,916 [pool-403-thread-1] INFO  impl.RoleInfo (RoleInfo.java:updateAndGet(139)) - 23a5c7c7-a279-444f-ae9a-ea80730ba37f: start 23a5c7c7-a279-444f-ae9a-ea80730ba37f@group-A12B94BABBCA-FollowerState
2022-10-06 01:04:53,918 [pool-403-thread-1] INFO  util.JmxRegister (JmxRegister.java:tryRegister(44)) - Successfully registered JMX Bean with object name Ratis:service=RaftServer,group=group-A12B94BABBCA,id=23a5c7c7-a279-444f-ae9a-ea80730ba37f
2022-10-06 01:04:53,974 [grpc-default-executor-0] INFO  server.RaftServer (RaftServerProxy.java:addNew(96)) - 92ca9abc-3f8f-4561-9917-cda982ad8ac5: addNew group-A12B94BABBCA:[23a5c7c7-a279-444f-ae9a-ea80730ba37f|rpc:10.1.0.249:46507|dataStream:|priority:1, 92ca9abc-3f8f-4561-9917-cda982ad8ac5|rpc:10.1.0.249:43563|dataStream:|priority:0, b1188ba9-7404-4c69-a541-42ff8694cd3e|rpc:10.1.0.249:39649|dataStream:|priority:0] returns group-A12B94BABBCA:java.util.concurrent.CompletableFuture@54372fb3[Not completed]
2022-10-06 01:04:53,975 [pool-380-thread-1] INFO  server.RaftServer$Division (RaftServerImpl.java:<init>(190)) - 92ca9abc-3f8f-4561-9917-cda982ad8ac5: new RaftServerImpl for group-A12B94BABBCA:[23a5c7c7-a279-444f-ae9a-ea80730ba37f|rpc:10.1.0.249:46507|dataStream:|priority:1, 92ca9abc-3f8f-4561-9917-cda982ad8ac5|rpc:10.1.0.249:43563|dataStream:|priority:0, b1188ba9-7404-4c69-a541-42ff8694cd3e|rpc:10.1.0.249:39649|dataStream:|priority:0] with ContainerStateMachine:uninitialized
2022-10-06 01:04:53,975 [pool-380-thread-1] INFO  server.RaftServerConfigKeys (ConfUtils.java:logGet(46)) - raft.server.rpc.timeout.min = 5s (custom)
2022-10-06 01:04:53,975 [pool-380-thread-1] INFO  server.RaftServerConfigKeys (ConfUtils.java:logGet(46)) - raft.server.rpc.timeout.max = 5200ms (custom)
2022-10-06 01:04:53,975 [pool-380-thread-1] INFO  server.RaftServerConfigKeys (ConfUtils.java:logGet(46)) - raft.server.rpc.sleep.time = 25ms (default)
2022-10-06 01:04:53,975 [pool-380-thread-1] INFO  server.RaftServerConfigKeys (ConfUtils.java:logGet(46)) - raft.server.rpc.slowness.timeout = 300s (custom)
2022-10-06 01:04:53,975 [pool-380-thread-1] INFO  server.RaftServerConfigKeys (ConfUtils.java:logGet(46)) - raft.server.leaderelection.leader.step-down.wait-time = 10s (default)
2022-10-06 01:04:53,975 [pool-380-thread-1] INFO  server.RaftServerConfigKeys (ConfUtils.java:logGet(46)) - raft.server.sleep.deviation.threshold = 300ms (default)
2022-10-06 01:04:53,975 [pool-380-thread-1] INFO  server.RaftServer$Division (ServerState.java:<init>(107)) - 92ca9abc-3f8f-4561-9917-cda982ad8ac5@group-A12B94BABBCA: ConfigurationManager, init=-1: [23a5c7c7-a279-444f-ae9a-ea80730ba37f|rpc:10.1.0.249:46507|dataStream:|priority:1, 92ca9abc-3f8f-4561-9917-cda982ad8ac5|rpc:10.1.0.249:43563|dataStream:|priority:0, b1188ba9-7404-4c69-a541-42ff8694cd3e|rpc:10.1.0.249:39649|dataStream:|priority:0], old=null, confs=<EMPTY_MAP>
2022-10-06 01:04:53,975 [pool-380-thread-1] INFO  server.RaftServerConfigKeys (ConfUtils.java:logGet(46)) - raft.server.storage.dir = [/home/runner/work/ozone/ozone/hadoop-ozone/integration-test/target/test-dir/MiniOzoneClusterImpl-07f884e1-d8a6-4fa8-8867-d1ed1eaa8398/datanode-1/data/ratis] (custom)
2022-10-06 01:04:53,975 [pool-380-thread-1] INFO  server.RaftServerConfigKeys (ConfUtils.java:logGet(46)) - raft.server.log.corruption.policy = EXCEPTION (default)
2022-10-06 01:04:53,975 [pool-380-thread-1] INFO  server.RaftServerConfigKeys (ConfUtils.java:logGet(46)) - raft.server.storage.free-space.min = 0MB (=0) (default)
2022-10-06 01:04:53,975 [pool-380-thread-1] INFO  storage.RaftStorageDirectory (RaftStorageDirectoryImpl.java:analyzeStorage(135)) - The storage directory /home/runner/work/ozone/ozone/hadoop-ozone/integration-test/target/test-dir/MiniOzoneClusterImpl-07f884e1-d8a6-4fa8-8867-d1ed1eaa8398/datanode-1/data/ratis/0e7d47bb-dfd3-453e-8540-a12b94babbca does not exist. Creating ...
2022-10-06 01:04:53,976 [pool-380-thread-1] INFO  storage.RaftStorageDirectory (RaftStorageDirectoryImpl.java:tryLock(230)) - Lock on /home/runner/work/ozone/ozone/hadoop-ozone/integration-test/target/test-dir/MiniOzoneClusterImpl-07f884e1-d8a6-4fa8-8867-d1ed1eaa8398/datanode-1/data/ratis/0e7d47bb-dfd3-453e-8540-a12b94babbca/in_use.lock acquired by nodename 9215@fv-az399-337
2022-10-06 01:04:53,978 [Command processor thread] INFO  server.RaftServer (RaftServerProxy.java:addNew(96)) - 92ca9abc-3f8f-4561-9917-cda982ad8ac5: addNew group-C4F0A49C1DAB:[92ca9abc-3f8f-4561-9917-cda982ad8ac5|rpc:10.1.0.249:43563|priority:1] returns group-C4F0A49C1DAB:java.util.concurrent.CompletableFuture@7f044a1d[Not completed]
2022-10-06 01:04:53,986 [pool-380-thread-1] INFO  storage.RaftStorage (RaftStorageImpl.java:format(89)) - Storage directory /home/runner/work/ozone/ozone/hadoop-ozone/integration-test/target/test-dir/MiniOzoneClusterImpl-07f884e1-d8a6-4fa8-8867-d1ed1eaa8398/datanode-1/data/ratis/0e7d47bb-dfd3-453e-8540-a12b94babbca has been successfully formatted.
2022-10-06 01:04:53,986 [pool-380-thread-1] INFO  ratis.ContainerStateMachine (ContainerStateMachine.java:loadSnapshot(236)) - group-A12B94BABBCA: The snapshot info is null. Setting the last applied indexto:(t:0, i:~)
2022-10-06 01:04:53,986 [pool-380-thread-1] INFO  server.RaftServerConfigKeys (ConfUtils.java:logGet(46)) - raft.server.notification.no-leader.timeout = 300s (custom)
2022-10-06 01:04:53,986 [pool-380-thread-1] INFO  server.RaftServerConfigKeys (ConfUtils.java:logGet(46)) - raft.server.log.use.memory = false (default)
2022-10-06 01:04:53,987 [EventQueue-PipelineReportForPipelineReportHandler] INFO  pipeline.PipelineManagerImpl (PipelineManagerImpl.java:openPipeline(367)) - Pipeline Pipeline[ Id: 87b30120-517b-4ad8-a9b7-c4f0a49c1dab, Nodes: 92ca9abc-3f8f-4561-9917-cda982ad8ac5{ip: 10.1.0.249, host: fv-az399-337.4urtqdmtpd2erju50p4tzyn2ng.bx.internal.cloudapp.net, ports: [REPLICATION=33367, RATIS=43563, RATIS_ADMIN=43563, RATIS_SERVER=43563, STANDALONE=46775], networkLocation: /default-rack, certSerialId: null, persistedOpState: IN_SERVICE, persistedOpStateExpiryEpochSec: 0}, ReplicationConfig: RATIS/ONE, State:ALLOCATED, leaderId:92ca9abc-3f8f-4561-9917-cda982ad8ac5, CreationTimestamp2022-10-06T01:04:50.994Z[Etc/UTC]] moved to OPEN state
2022-10-06 01:04:53,987 [EventQueue-OpenPipelineForHealthyPipelineSafeModeRule] INFO  safemode.SCMSafeModeManager (HealthyPipelineSafeModeRule.java:process(137)) - SCM in safe mode. Healthy pipelines reported count is 0, required healthy pipeline reported count is 1
2022-10-06 01:04:53,987 [pool-380-thread-1] INFO  server.RaftServerConfigKeys (ConfUtils.java:logGet(46)) - raft.server.log.purge.gap = 1000000 (custom)
2022-10-06 01:04:53,988 [pool-380-thread-1] INFO  server.RaftServerConfigKeys (ConfUtils.java:logGet(46)) - raft.server.log.appender.buffer.byte-limit = 33554432 (custom)
2022-10-06 01:04:53,988 [pool-380-thread-1] INFO  server.RaftServerConfigKeys (ConfUtils.java:logGet(46)) - raft.server.log.statemachine.data.read.timeout = 1000ms (default)
2022-10-06 01:04:53,988 [pool-380-thread-1] INFO  server.RaftServerConfigKeys (ConfUtils.java:logGet(46)) - raft.server.log.segment.size.max = 1048576 (custom)
2022-10-06 01:04:53,988 [pool-380-thread-1] INFO  server.RaftServerConfigKeys (ConfUtils.java:logGet(46)) - raft.server.log.segment.cache.num.max = 2 (custom)
2022-10-06 01:04:53,988 [pool-380-thread-1] INFO  server.RaftServerConfigKeys (ConfUtils.java:logGet(46)) - raft.server.log.segment.cache.size.max = 200MB (=209715200) (default)
2022-10-06 01:04:53,988 [pool-380-thread-1] INFO  segmented.SegmentedRaftLogWorker (SegmentedRaftLogWorker.java:<init>(187)) - new 92ca9abc-3f8f-4561-9917-cda982ad8ac5@group-A12B94BABBCA-SegmentedRaftLogWorker for RaftStorageImpl:Storage Directory /home/runner/work/ozone/ozone/hadoop-ozone/integration-test/target/test-dir/MiniOzoneClusterImpl-07f884e1-d8a6-4fa8-8867-d1ed1eaa8398/datanode-1/data/ratis/0e7d47bb-dfd3-453e-8540-a12b94babbca
2022-10-06 01:04:53,988 [pool-380-thread-1] INFO  server.RaftServerConfigKeys (ConfUtils.java:logGet(46)) - raft.server.log.queue.byte-limit = 4294967296 (custom)
2022-10-06 01:04:53,988 [pool-380-thread-1] INFO  server.RaftServerConfigKeys (ConfUtils.java:logGet(46)) - raft.server.log.queue.element-limit = 1024 (custom)
2022-10-06 01:04:53,988 [pool-380-thread-1] INFO  server.RaftServerConfigKeys (ConfUtils.java:logGet(46)) - raft.server.log.segment.size.max = 1048576 (custom)
2022-10-06 01:04:53,988 [pool-380-thread-1] INFO  server.RaftServerConfigKeys (ConfUtils.java:logGet(46)) - raft.server.log.preallocated.size = 16384 (custom)
2022-10-06 01:04:53,988 [pool-380-thread-1] INFO  server.RaftServerConfigKeys (ConfUtils.java:logGet(46)) - raft.server.log.force.sync.num = 128 (default)
2022-10-06 01:04:53,988 [pool-380-thread-1] INFO  server.RaftServerConfigKeys (ConfUtils.java:logGet(46)) - raft.server.log.statemachine.data.sync = true (default)
2022-10-06 01:04:53,988 [pool-380-thread-1] INFO  server.RaftServerConfigKeys (ConfUtils.java:logGet(46)) - raft.server.log.statemachine.data.sync.timeout = 10s (default)
2022-10-06 01:04:53,988 [pool-380-thread-1] INFO  server.RaftServerConfigKeys (ConfUtils.java:logGet(46)) - raft.server.log.statemachine.data.sync.timeout.retry = -1 (default)
2022-10-06 01:04:53,990 [pool-380-thread-1] INFO  server.RaftServerConfigKeys (ConfUtils.java:logGet(46)) - raft.server.log.write.buffer.size = 1048576 (custom)
2022-10-06 01:04:53,990 [pool-380-thread-1] INFO  server.RaftServerConfigKeys (ConfUtils.java:logGet(46)) - raft.server.log.unsafe-flush.enabled = false (default)
2022-10-06 01:04:53,990 [pool-380-thread-1] INFO  server.RaftServerConfigKeys (ConfUtils.java:logGet(46)) - raft.server.log.statemachine.data.caching.enabled = true (custom)
2022-10-06 01:04:53,991 [pool-380-thread-1] INFO  segmented.SegmentedRaftLogWorker (SegmentedRaftLogWorker.java:lambda$new$0(135)) - 92ca9abc-3f8f-4561-9917-cda982ad8ac5@group-A12B94BABBCA-SegmentedRaftLogWorker: flushIndex: setUnconditionally 0 -> -1
2022-10-06 01:04:53,991 [pool-380-thread-1] INFO  segmented.SegmentedRaftLogWorker (SegmentedRaftLogWorker.java:lambda$new$0(135)) - 92ca9abc-3f8f-4561-9917-cda982ad8ac5@group-A12B94BABBCA-SegmentedRaftLogWorker: safeCacheEvictIndex: setUnconditionally 0 -> -1
2022-10-06 01:04:54,006 [pool-380-thread-1] INFO  server.RaftServerConfigKeys (ConfUtils.java:logGet(46)) - raft.server.snapshot.auto.trigger.enabled = true (custom)
2022-10-06 01:04:54,006 [pool-380-thread-1] INFO  server.RaftServerConfigKeys (ConfUtils.java:logGet(46)) - raft.server.snapshot.auto.trigger.threshold = 10000 (custom)
2022-10-06 01:04:54,006 [pool-380-thread-1] INFO  server.RaftServerConfigKeys (ConfUtils.java:logGet(46)) - raft.server.snapshot.retention.file.num = 5 (custom)
2022-10-06 01:04:54,006 [pool-380-thread-1] INFO  server.RaftServerConfigKeys (ConfUtils.java:logGet(46)) - raft.server.log.purge.upto.snapshot.index = false (default)
2022-10-06 01:04:54,006 [pool-380-thread-1] INFO  server.RaftServerConfigKeys (ConfUtils.java:logGet(46)) - raft.server.retrycache.expirytime = 600000ms (custom)
2022-10-06 01:04:54,006 [pool-380-thread-1] INFO  server.RaftServerConfigKeys (ConfUtils.java:logGet(46)) - raft.server.retrycache.statistics.expirytime = 100μs (default)
2022-10-06 01:04:54,007 [pool-380-thread-1] INFO  server.RaftServerConfigKeys (ConfUtils.java:logGet(46)) - raft.server.log.appender.install.snapshot.enabled = false (custom)
2022-10-06 01:04:54,007 [pool-380-thread-1] INFO  server.RaftServerConfigKeys (ConfUtils.java:logGet(46)) - raft.server.threadpool.server.cached = true (default)
2022-10-06 01:04:54,007 [pool-380-thread-1] INFO  server.RaftServerConfigKeys (ConfUtils.java:logGet(46)) - raft.server.threadpool.server.size = 0 (default)
2022-10-06 01:04:54,007 [pool-380-thread-1] INFO  server.RaftServerConfigKeys (ConfUtils.java:logGet(46)) - raft.server.threadpool.client.cached = true (default)
2022-10-06 01:04:54,007 [pool-380-thread-1] INFO  server.RaftServerConfigKeys (ConfUtils.java:logGet(46)) - raft.server.threadpool.client.size = 0 (default)
2022-10-06 01:04:54,008 [pool-380-thread-1] INFO  server.RaftServer$Division (RaftServerImpl.java:<init>(190)) - 92ca9abc-3f8f-4561-9917-cda982ad8ac5: new RaftServerImpl for group-C4F0A49C1DAB:[92ca9abc-3f8f-4561-9917-cda982ad8ac5|rpc:10.1.0.249:43563|priority:1] with ContainerStateMachine:uninitialized
2022-10-06 01:04:54,008 [pool-380-thread-1] INFO  server.RaftServerConfigKeys (ConfUtils.java:logGet(46)) - raft.server.rpc.timeout.min = 5s (custom)
2022-10-06 01:04:54,008 [pool-380-thread-1] INFO  server.RaftServerConfigKeys (ConfUtils.java:logGet(46)) - raft.server.rpc.timeout.max = 5200ms (custom)
2022-10-06 01:04:54,008 [pool-380-thread-1] INFO  server.RaftServerConfigKeys (ConfUtils.java:logGet(46)) - raft.server.rpc.sleep.time = 25ms (default)
2022-10-06 01:04:54,008 [pool-380-thread-1] INFO  server.RaftServerConfigKeys (ConfUtils.java:logGet(46)) - raft.server.rpc.slowness.timeout = 300s (custom)
2022-10-06 01:04:54,008 [pool-380-thread-1] INFO  server.RaftServerConfigKeys (ConfUtils.java:logGet(46)) - raft.server.leaderelection.leader.step-down.wait-time = 10s (default)
2022-10-06 01:04:54,008 [pool-380-thread-1] INFO  server.RaftServerConfigKeys (ConfUtils.java:logGet(46)) - raft.server.sleep.deviation.threshold = 300ms (default)
2022-10-06 01:04:54,008 [pool-380-thread-1] INFO  server.RaftServer$Division (ServerState.java:<init>(107)) - 92ca9abc-3f8f-4561-9917-cda982ad8ac5@group-C4F0A49C1DAB: ConfigurationManager, init=-1: [92ca9abc-3f8f-4561-9917-cda982ad8ac5|rpc:10.1.0.249:43563|priority:1], old=null, confs=<EMPTY_MAP>
2022-10-06 01:04:54,008 [pool-380-thread-1] INFO  server.RaftServerConfigKeys (ConfUtils.java:logGet(46)) - raft.server.storage.dir = [/home/runner/work/ozone/ozone/hadoop-ozone/integration-test/target/test-dir/MiniOzoneClusterImpl-07f884e1-d8a6-4fa8-8867-d1ed1eaa8398/datanode-1/data/ratis] (custom)
2022-10-06 01:04:54,008 [pool-380-thread-1] INFO  server.RaftServerConfigKeys (ConfUtils.java:logGet(46)) - raft.server.log.corruption.policy = EXCEPTION (default)
2022-10-06 01:04:54,008 [pool-380-thread-1] INFO  server.RaftServerConfigKeys (ConfUtils.java:logGet(46)) - raft.server.storage.free-space.min = 0MB (=0) (default)
2022-10-06 01:04:54,008 [pool-380-thread-1] INFO  storage.RaftStorageDirectory (RaftStorageDirectoryImpl.java:analyzeStorage(135)) - The storage directory /home/runner/work/ozone/ozone/hadoop-ozone/integration-test/target/test-dir/MiniOzoneClusterImpl-07f884e1-d8a6-4fa8-8867-d1ed1eaa8398/datanode-1/data/ratis/87b30120-517b-4ad8-a9b7-c4f0a49c1dab does not exist. Creating ...
2022-10-06 01:04:54,010 [pool-380-thread-1] INFO  storage.RaftStorageDirectory (RaftStorageDirectoryImpl.java:tryLock(230)) - Lock on /home/runner/work/ozone/ozone/hadoop-ozone/integration-test/target/test-dir/MiniOzoneClusterImpl-07f884e1-d8a6-4fa8-8867-d1ed1eaa8398/datanode-1/data/ratis/87b30120-517b-4ad8-a9b7-c4f0a49c1dab/in_use.lock acquired by nodename 9215@fv-az399-337
2022-10-06 01:04:54,013 [pool-380-thread-1] INFO  storage.RaftStorage (RaftStorageImpl.java:format(89)) - Storage directory /home/runner/work/ozone/ozone/hadoop-ozone/integration-test/target/test-dir/MiniOzoneClusterImpl-07f884e1-d8a6-4fa8-8867-d1ed1eaa8398/datanode-1/data/ratis/87b30120-517b-4ad8-a9b7-c4f0a49c1dab has been successfully formatted.
2022-10-06 01:04:54,014 [pool-380-thread-1] INFO  ratis.ContainerStateMachine (ContainerStateMachine.java:loadSnapshot(236)) - group-C4F0A49C1DAB: The snapshot info is null. Setting the last applied indexto:(t:0, i:~)
2022-10-06 01:04:54,014 [pool-380-thread-1] INFO  server.RaftServerConfigKeys (ConfUtils.java:logGet(46)) - raft.server.notification.no-leader.timeout = 300s (custom)
2022-10-06 01:04:54,014 [EventQueue-OpenPipelineForHealthyPipelineSafeModeRule] INFO  safemode.SCMSafeModeManager (HealthyPipelineSafeModeRule.java:process(137)) - SCM in safe mode. Healthy pipelines reported count is 0, required healthy pipeline reported count is 1
2022-10-06 01:04:54,017 [pool-380-thread-1] INFO  server.RaftServerConfigKeys (ConfUtils.java:logGet(46)) - raft.server.log.use.memory = false (default)
2022-10-06 01:04:54,017 [pool-380-thread-1] INFO  server.RaftServerConfigKeys (ConfUtils.java:logGet(46)) - raft.server.log.purge.gap = 1000000 (custom)
2022-10-06 01:04:54,017 [pool-380-thread-1] INFO  server.RaftServerConfigKeys (ConfUtils.java:logGet(46)) - raft.server.log.appender.buffer.byte-limit = 33554432 (custom)
2022-10-06 01:04:54,017 [pool-380-thread-1] INFO  server.RaftServerConfigKeys (ConfUtils.java:logGet(46)) - raft.server.log.statemachine.data.read.timeout = 1000ms (default)
2022-10-06 01:04:54,017 [pool-380-thread-1] INFO  server.RaftServerConfigKeys (ConfUtils.java:logGet(46)) - raft.server.log.segment.size.max = 1048576 (custom)
2022-10-06 01:04:54,017 [pool-380-thread-1] INFO  server.RaftServerConfigKeys (ConfUtils.java:logGet(46)) - raft.server.log.segment.cache.num.max = 2 (custom)
2022-10-06 01:04:54,017 [pool-380-thread-1] INFO  server.RaftServerConfigKeys (ConfUtils.java:logGet(46)) - raft.server.log.segment.cache.size.max = 200MB (=209715200) (default)
2022-10-06 01:04:54,017 [pool-380-thread-1] INFO  segmented.SegmentedRaftLogWorker (SegmentedRaftLogWorker.java:<init>(187)) - new 92ca9abc-3f8f-4561-9917-cda982ad8ac5@group-C4F0A49C1DAB-SegmentedRaftLogWorker for RaftStorageImpl:Storage Directory /home/runner/work/ozone/ozone/hadoop-ozone/integration-test/target/test-dir/MiniOzoneClusterImpl-07f884e1-d8a6-4fa8-8867-d1ed1eaa8398/datanode-1/data/ratis/87b30120-517b-4ad8-a9b7-c4f0a49c1dab
2022-10-06 01:04:54,017 [pool-380-thread-1] INFO  server.RaftServerConfigKeys (ConfUtils.java:logGet(46)) - raft.server.log.queue.byte-limit = 4294967296 (custom)
2022-10-06 01:04:54,018 [pool-380-thread-1] INFO  server.RaftServerConfigKeys (ConfUtils.java:logGet(46)) - raft.server.log.queue.element-limit = 1024 (custom)
2022-10-06 01:04:54,018 [pool-380-thread-1] INFO  server.RaftServerConfigKeys (ConfUtils.java:logGet(46)) - raft.server.log.segment.size.max = 1048576 (custom)
2022-10-06 01:04:54,018 [pool-380-thread-1] INFO  server.RaftServerConfigKeys (ConfUtils.java:logGet(46)) - raft.server.log.preallocated.size = 16384 (custom)
2022-10-06 01:04:54,018 [pool-380-thread-1] INFO  server.RaftServerConfigKeys (ConfUtils.java:logGet(46)) - raft.server.log.force.sync.num = 128 (default)
2022-10-06 01:04:54,018 [pool-380-thread-1] INFO  server.RaftServerConfigKeys (ConfUtils.java:logGet(46)) - raft.server.log.statemachine.data.sync = true (default)
2022-10-06 01:04:54,018 [pool-380-thread-1] INFO  server.RaftServerConfigKeys (ConfUtils.java:logGet(46)) - raft.server.log.statemachine.data.sync.timeout = 10s (default)
2022-10-06 01:04:54,018 [pool-380-thread-1] INFO  server.RaftServerConfigKeys (ConfUtils.java:logGet(46)) - raft.server.log.statemachine.data.sync.timeout.retry = -1 (default)
2022-10-06 01:04:54,018 [pool-380-thread-1] INFO  server.RaftServerConfigKeys (ConfUtils.java:logGet(46)) - raft.server.log.write.buffer.size = 1048576 (custom)
2022-10-06 01:04:54,019 [pool-380-thread-1] INFO  server.RaftServerConfigKeys (ConfUtils.java:logGet(46)) - raft.server.log.unsafe-flush.enabled = false (default)
2022-10-06 01:04:54,019 [pool-380-thread-1] INFO  server.RaftServerConfigKeys (ConfUtils.java:logGet(46)) - raft.server.log.statemachine.data.caching.enabled = true (custom)
2022-10-06 01:04:54,019 [pool-380-thread-1] INFO  segmented.SegmentedRaftLogWorker (SegmentedRaftLogWorker.java:lambda$new$0(135)) - 92ca9abc-3f8f-4561-9917-cda982ad8ac5@group-C4F0A49C1DAB-SegmentedRaftLogWorker: flushIndex: setUnconditionally 0 -> -1
2022-10-06 01:04:54,019 [pool-380-thread-1] INFO  segmented.SegmentedRaftLogWorker (SegmentedRaftLogWorker.java:lambda$new$0(135)) - 92ca9abc-3f8f-4561-9917-cda982ad8ac5@group-C4F0A49C1DAB-SegmentedRaftLogWorker: safeCacheEvictIndex: setUnconditionally 0 -> -1
2022-10-06 01:04:54,024 [pool-380-thread-1] INFO  server.RaftServerConfigKeys (ConfUtils.java:logGet(46)) - raft.server.snapshot.auto.trigger.enabled = true (custom)
2022-10-06 01:04:54,024 [pool-380-thread-1] INFO  server.RaftServerConfigKeys (ConfUtils.java:logGet(46)) - raft.server.snapshot.auto.trigger.threshold = 10000 (custom)
2022-10-06 01:04:54,024 [pool-380-thread-1] INFO  server.RaftServerConfigKeys (ConfUtils.java:logGet(46)) - raft.server.snapshot.retention.file.num = 5 (custom)
2022-10-06 01:04:54,024 [pool-380-thread-1] INFO  server.RaftServerConfigKeys (ConfUtils.java:logGet(46)) - raft.server.log.purge.upto.snapshot.index = false (default)
2022-10-06 01:04:54,025 [pool-380-thread-1] INFO  server.RaftServerConfigKeys (ConfUtils.java:logGet(46)) - raft.server.retrycache.expirytime = 600000ms (custom)
2022-10-06 01:04:54,025 [pool-380-thread-1] INFO  server.RaftServerConfigKeys (ConfUtils.java:logGet(46)) - raft.server.retrycache.statistics.expirytime = 100μs (default)
2022-10-06 01:04:54,028 [pool-380-thread-1] INFO  server.RaftServerConfigKeys (ConfUtils.java:logGet(46)) - raft.server.log.appender.install.snapshot.enabled = false (custom)
2022-10-06 01:04:54,028 [pool-380-thread-1] INFO  server.RaftServerConfigKeys (ConfUtils.java:logGet(46)) - raft.server.threadpool.server.cached = true (default)
2022-10-06 01:04:54,028 [pool-380-thread-1] INFO  server.RaftServerConfigKeys (ConfUtils.java:logGet(46)) - raft.server.threadpool.server.size = 0 (default)
2022-10-06 01:04:54,028 [pool-380-thread-1] INFO  server.RaftServerConfigKeys (ConfUtils.java:logGet(46)) - raft.server.threadpool.client.cached = true (default)
2022-10-06 01:04:54,028 [pool-380-thread-1] INFO  server.RaftServerConfigKeys (ConfUtils.java:logGet(46)) - raft.server.threadpool.client.size = 0 (default)
2022-10-06 01:04:54,028 [pool-380-thread-1] INFO  server.RaftServer$Division (RaftServerImpl.java:start(310)) - 92ca9abc-3f8f-4561-9917-cda982ad8ac5@group-A12B94BABBCA: start as a follower, conf=-1: [23a5c7c7-a279-444f-ae9a-ea80730ba37f|rpc:10.1.0.249:46507|dataStream:|priority:1, 92ca9abc-3f8f-4561-9917-cda982ad8ac5|rpc:10.1.0.249:43563|dataStream:|priority:0, b1188ba9-7404-4c69-a541-42ff8694cd3e|rpc:10.1.0.249:39649|dataStream:|priority:0], old=null
2022-10-06 01:04:54,028 [pool-380-thread-1] INFO  server.RaftServer$Division (RaftServerImpl.java:setRole(299)) - 92ca9abc-3f8f-4561-9917-cda982ad8ac5@group-A12B94BABBCA: changes role from      null to FOLLOWER at term 0 for startAsFollower
2022-10-06 01:04:54,029 [pool-380-thread-1] INFO  impl.RoleInfo (RoleInfo.java:updateAndGet(139)) - 92ca9abc-3f8f-4561-9917-cda982ad8ac5: start 92ca9abc-3f8f-4561-9917-cda982ad8ac5@group-A12B94BABBCA-FollowerState
2022-10-06 01:04:54,034 [pool-380-thread-1] INFO  util.JmxRegister (JmxRegister.java:tryRegister(44)) - Successfully registered JMX Bean with object name Ratis:service=RaftServer,group=group-A12B94BABBCA,id=92ca9abc-3f8f-4561-9917-cda982ad8ac5
2022-10-06 01:04:54,058 [pool-380-thread-1] INFO  server.RaftServer$Division (RaftServerImpl.java:start(310)) - 92ca9abc-3f8f-4561-9917-cda982ad8ac5@group-C4F0A49C1DAB: start as a follower, conf=-1: [92ca9abc-3f8f-4561-9917-cda982ad8ac5|rpc:10.1.0.249:43563|priority:1], old=null
2022-10-06 01:04:54,058 [pool-380-thread-1] INFO  server.RaftServer$Division (RaftServerImpl.java:setRole(299)) - 92ca9abc-3f8f-4561-9917-cda982ad8ac5@group-C4F0A49C1DAB: changes role from      null to FOLLOWER at term 0 for startAsFollower
2022-10-06 01:04:54,058 [pool-380-thread-1] INFO  impl.RoleInfo (RoleInfo.java:updateAndGet(139)) - 92ca9abc-3f8f-4561-9917-cda982ad8ac5: start 92ca9abc-3f8f-4561-9917-cda982ad8ac5@group-C4F0A49C1DAB-FollowerState
2022-10-06 01:04:54,081 [pool-380-thread-1] INFO  util.JmxRegister (JmxRegister.java:tryRegister(44)) - Successfully registered JMX Bean with object name Ratis:service=RaftServer,group=group-C4F0A49C1DAB,id=92ca9abc-3f8f-4561-9917-cda982ad8ac5
2022-10-06 01:04:54,098 [Command processor thread] INFO  commandhandler.CreatePipelineCommandHandler (CreatePipelineCommandHandler.java:handle(113)) - Created Pipeline RATIS THREE PipelineID=0e7d47bb-dfd3-453e-8540-a12b94babbca.
2022-10-06 01:04:54,110 [Command processor thread] INFO  ratis.XceiverServerRatis (XceiverServerRatis.java:addGroup(765)) - Created group PipelineID=87b30120-517b-4ad8-a9b7-c4f0a49c1dab
2022-10-06 01:04:54,110 [Command processor thread] INFO  commandhandler.CreatePipelineCommandHandler (CreatePipelineCommandHandler.java:handle(113)) - Created Pipeline RATIS ONE PipelineID=87b30120-517b-4ad8-a9b7-c4f0a49c1dab.
2022-10-06 01:04:54,257 [Listener at 127.0.0.1/44363] INFO  ozone.MiniOzoneClusterImpl (MiniOzoneClusterImpl.java:lambda$waitForClusterToBeReady$0(216)) - Nodes are ready. Got 5 of 5 DN Heartbeats.
2022-10-06 01:04:54,258 [Listener at 127.0.0.1/44363] INFO  ozone.MiniOzoneClusterImpl (MiniOzoneClusterImpl.java:lambda$waitForClusterToBeReady$0(219)) - Waiting for cluster to exit safe mode
2022-10-06 01:04:54,258 [Listener at 127.0.0.1/44363] INFO  ozone.MiniOzoneClusterImpl (MiniOzoneClusterImpl.java:lambda$waitForClusterToBeReady$0(221)) - SCM became leader
2022-10-06 01:04:54,834 [Command processor thread] INFO  server.RaftServer (RaftServerProxy.java:addNew(96)) - 23a5c7c7-a279-444f-ae9a-ea80730ba37f: addNew group-33A239F343B5:[23a5c7c7-a279-444f-ae9a-ea80730ba37f|rpc:10.1.0.249:46507|priority:1] returns group-33A239F343B5:java.util.concurrent.CompletableFuture@7923088d[Not completed]
2022-10-06 01:04:54,835 [pool-403-thread-1] INFO  server.RaftServer$Division (RaftServerImpl.java:<init>(190)) - 23a5c7c7-a279-444f-ae9a-ea80730ba37f: new RaftServerImpl for group-33A239F343B5:[23a5c7c7-a279-444f-ae9a-ea80730ba37f|rpc:10.1.0.249:46507|priority:1] with ContainerStateMachine:uninitialized
2022-10-06 01:04:54,835 [pool-403-thread-1] INFO  server.RaftServerConfigKeys (ConfUtils.java:logGet(46)) - raft.server.rpc.timeout.min = 5s (custom)
2022-10-06 01:04:54,836 [pool-403-thread-1] INFO  server.RaftServerConfigKeys (ConfUtils.java:logGet(46)) - raft.server.rpc.timeout.max = 5200ms (custom)
2022-10-06 01:04:54,836 [pool-403-thread-1] INFO  server.RaftServerConfigKeys (ConfUtils.java:logGet(46)) - raft.server.rpc.sleep.time = 25ms (default)
2022-10-06 01:04:54,836 [pool-403-thread-1] INFO  server.RaftServerConfigKeys (ConfUtils.java:logGet(46)) - raft.server.rpc.slowness.timeout = 300s (custom)
2022-10-06 01:04:54,836 [pool-403-thread-1] INFO  server.RaftServerConfigKeys (ConfUtils.java:logGet(46)) - raft.server.leaderelection.leader.step-down.wait-time = 10s (default)
2022-10-06 01:04:54,836 [pool-403-thread-1] INFO  server.RaftServerConfigKeys (ConfUtils.java:logGet(46)) - raft.server.sleep.deviation.threshold = 300ms (default)
2022-10-06 01:04:54,836 [pool-403-thread-1] INFO  server.RaftServer$Division (ServerState.java:<init>(107)) - 23a5c7c7-a279-444f-ae9a-ea80730ba37f@group-33A239F343B5: ConfigurationManager, init=-1: [23a5c7c7-a279-444f-ae9a-ea80730ba37f|rpc:10.1.0.249:46507|priority:1], old=null, confs=<EMPTY_MAP>
2022-10-06 01:04:54,836 [pool-403-thread-1] INFO  server.RaftServerConfigKeys (ConfUtils.java:logGet(46)) - raft.server.storage.dir = [/home/runner/work/ozone/ozone/hadoop-ozone/integration-test/target/test-dir/MiniOzoneClusterImpl-07f884e1-d8a6-4fa8-8867-d1ed1eaa8398/datanode-2/data/ratis] (custom)
2022-10-06 01:04:54,836 [pool-403-thread-1] INFO  server.RaftServerConfigKeys (ConfUtils.java:logGet(46)) - raft.server.log.corruption.policy = EXCEPTION (default)
2022-10-06 01:04:54,836 [pool-403-thread-1] INFO  server.RaftServerConfigKeys (ConfUtils.java:logGet(46)) - raft.server.storage.free-space.min = 0MB (=0) (default)
2022-10-06 01:04:54,836 [pool-403-thread-1] INFO  storage.RaftStorageDirectory (RaftStorageDirectoryImpl.java:analyzeStorage(135)) - The storage directory /home/runner/work/ozone/ozone/hadoop-ozone/integration-test/target/test-dir/MiniOzoneClusterImpl-07f884e1-d8a6-4fa8-8867-d1ed1eaa8398/datanode-2/data/ratis/93960ef6-269e-4e29-bc6c-33a239f343b5 does not exist. Creating ...
2022-10-06 01:04:54,837 [pool-403-thread-1] INFO  storage.RaftStorageDirectory (RaftStorageDirectoryImpl.java:tryLock(230)) - Lock on /home/runner/work/ozone/ozone/hadoop-ozone/integration-test/target/test-dir/MiniOzoneClusterImpl-07f884e1-d8a6-4fa8-8867-d1ed1eaa8398/datanode-2/data/ratis/93960ef6-269e-4e29-bc6c-33a239f343b5/in_use.lock acquired by nodename 9215@fv-az399-337
2022-10-06 01:04:54,840 [pool-403-thread-1] INFO  storage.RaftStorage (RaftStorageImpl.java:format(89)) - Storage directory /home/runner/work/ozone/ozone/hadoop-ozone/integration-test/target/test-dir/MiniOzoneClusterImpl-07f884e1-d8a6-4fa8-8867-d1ed1eaa8398/datanode-2/data/ratis/93960ef6-269e-4e29-bc6c-33a239f343b5 has been successfully formatted.
2022-10-06 01:04:54,840 [pool-403-thread-1] INFO  ratis.ContainerStateMachine (ContainerStateMachine.java:loadSnapshot(236)) - group-33A239F343B5: The snapshot info is null. Setting the last applied indexto:(t:0, i:~)
2022-10-06 01:04:54,840 [pool-403-thread-1] INFO  server.RaftServerConfigKeys (ConfUtils.java:logGet(46)) - raft.server.notification.no-leader.timeout = 300s (custom)
2022-10-06 01:04:54,840 [pool-403-thread-1] INFO  server.RaftServerConfigKeys (ConfUtils.java:logGet(46)) - raft.server.log.use.memory = false (default)
2022-10-06 01:04:54,840 [pool-403-thread-1] INFO  server.RaftServerConfigKeys (ConfUtils.java:logGet(46)) - raft.server.log.purge.gap = 1000000 (custom)
2022-10-06 01:04:54,840 [pool-403-thread-1] INFO  server.RaftServerConfigKeys (ConfUtils.java:logGet(46)) - raft.server.log.appender.buffer.byte-limit = 33554432 (custom)
2022-10-06 01:04:54,840 [pool-403-thread-1] INFO  server.RaftServerConfigKeys (ConfUtils.java:logGet(46)) - raft.server.log.statemachine.data.read.timeout = 1000ms (default)
2022-10-06 01:04:54,841 [pool-403-thread-1] INFO  server.RaftServerConfigKeys (ConfUtils.java:logGet(46)) - raft.server.log.segment.size.max = 1048576 (custom)
2022-10-06 01:04:54,841 [pool-403-thread-1] INFO  server.RaftServerConfigKeys (ConfUtils.java:logGet(46)) - raft.server.log.segment.cache.num.max = 2 (custom)
2022-10-06 01:04:54,841 [pool-403-thread-1] INFO  server.RaftServerConfigKeys (ConfUtils.java:logGet(46)) - raft.server.log.segment.cache.size.max = 200MB (=209715200) (default)
2022-10-06 01:04:54,841 [pool-403-thread-1] INFO  segmented.SegmentedRaftLogWorker (SegmentedRaftLogWorker.java:<init>(187)) - new 23a5c7c7-a279-444f-ae9a-ea80730ba37f@group-33A239F343B5-SegmentedRaftLogWorker for RaftStorageImpl:Storage Directory /home/runner/work/ozone/ozone/hadoop-ozone/integration-test/target/test-dir/MiniOzoneClusterImpl-07f884e1-d8a6-4fa8-8867-d1ed1eaa8398/datanode-2/data/ratis/93960ef6-269e-4e29-bc6c-33a239f343b5
2022-10-06 01:04:54,841 [pool-403-thread-1] INFO  server.RaftServerConfigKeys (ConfUtils.java:logGet(46)) - raft.server.log.queue.byte-limit = 4294967296 (custom)
2022-10-06 01:04:54,841 [pool-403-thread-1] INFO  server.RaftServerConfigKeys (ConfUtils.java:logGet(46)) - raft.server.log.queue.element-limit = 1024 (custom)
2022-10-06 01:04:54,841 [pool-403-thread-1] INFO  server.RaftServerConfigKeys (ConfUtils.java:logGet(46)) - raft.server.log.segment.size.max = 1048576 (custom)
2022-10-06 01:04:54,841 [pool-403-thread-1] INFO  server.RaftServerConfigKeys (ConfUtils.java:logGet(46)) - raft.server.log.preallocated.size = 16384 (custom)
2022-10-06 01:04:54,841 [pool-403-thread-1] INFO  server.RaftServerConfigKeys (ConfUtils.java:logGet(46)) - raft.server.log.force.sync.num = 128 (default)
2022-10-06 01:04:54,841 [pool-403-thread-1] INFO  server.RaftServerConfigKeys (ConfUtils.java:logGet(46)) - raft.server.log.statemachine.data.sync = true (default)
2022-10-06 01:04:54,841 [pool-403-thread-1] INFO  server.RaftServerConfigKeys (ConfUtils.java:logGet(46)) - raft.server.log.statemachine.data.sync.timeout = 10s (default)
2022-10-06 01:04:54,841 [pool-403-thread-1] INFO  server.RaftServerConfigKeys (ConfUtils.java:logGet(46)) - raft.server.log.statemachine.data.sync.timeout.retry = -1 (default)
2022-10-06 01:04:54,851 [EventQueue-PipelineReportForPipelineReportHandler] INFO  pipeline.PipelineManagerImpl (PipelineManagerImpl.java:openPipeline(367)) - Pipeline Pipeline[ Id: 93960ef6-269e-4e29-bc6c-33a239f343b5, Nodes: 23a5c7c7-a279-444f-ae9a-ea80730ba37f{ip: 10.1.0.249, host: fv-az399-337.4urtqdmtpd2erju50p4tzyn2ng.bx.internal.cloudapp.net, ports: [REPLICATION=45603, RATIS=46507, RATIS_ADMIN=46507, RATIS_SERVER=46507, STANDALONE=43267], networkLocation: /default-rack, certSerialId: null, persistedOpState: IN_SERVICE, persistedOpStateExpiryEpochSec: 0}, ReplicationConfig: RATIS/ONE, State:ALLOCATED, leaderId:23a5c7c7-a279-444f-ae9a-ea80730ba37f, CreationTimestamp2022-10-06T01:04:51.836Z[Etc/UTC]] moved to OPEN state
2022-10-06 01:04:54,851 [EventQueue-OpenPipelineForHealthyPipelineSafeModeRule] INFO  safemode.SCMSafeModeManager (HealthyPipelineSafeModeRule.java:process(137)) - SCM in safe mode. Healthy pipelines reported count is 0, required healthy pipeline reported count is 1
2022-10-06 01:04:54,852 [pool-403-thread-1] INFO  server.RaftServerConfigKeys (ConfUtils.java:logGet(46)) - raft.server.log.write.buffer.size = 1048576 (custom)
2022-10-06 01:04:54,852 [pool-403-thread-1] INFO  server.RaftServerConfigKeys (ConfUtils.java:logGet(46)) - raft.server.log.unsafe-flush.enabled = false (default)
2022-10-06 01:04:54,852 [pool-403-thread-1] INFO  server.RaftServerConfigKeys (ConfUtils.java:logGet(46)) - raft.server.log.statemachine.data.caching.enabled = true (custom)
2022-10-06 01:04:54,852 [pool-403-thread-1] INFO  segmented.SegmentedRaftLogWorker (SegmentedRaftLogWorker.java:lambda$new$0(135)) - 23a5c7c7-a279-444f-ae9a-ea80730ba37f@group-33A239F343B5-SegmentedRaftLogWorker: flushIndex: setUnconditionally 0 -> -1
2022-10-06 01:04:54,852 [pool-403-thread-1] INFO  segmented.SegmentedRaftLogWorker (SegmentedRaftLogWorker.java:lambda$new$0(135)) - 23a5c7c7-a279-444f-ae9a-ea80730ba37f@group-33A239F343B5-SegmentedRaftLogWorker: safeCacheEvictIndex: setUnconditionally 0 -> -1
2022-10-06 01:04:54,870 [pool-403-thread-1] INFO  server.RaftServerConfigKeys (ConfUtils.java:logGet(46)) - raft.server.snapshot.auto.trigger.enabled = true (custom)
2022-10-06 01:04:54,870 [pool-403-thread-1] INFO  server.RaftServerConfigKeys (ConfUtils.java:logGet(46)) - raft.server.snapshot.auto.trigger.threshold = 10000 (custom)
2022-10-06 01:04:54,870 [pool-403-thread-1] INFO  server.RaftServerConfigKeys (ConfUtils.java:logGet(46)) - raft.server.snapshot.retention.file.num = 5 (custom)
2022-10-06 01:04:54,870 [pool-403-thread-1] INFO  server.RaftServerConfigKeys (ConfUtils.java:logGet(46)) - raft.server.log.purge.upto.snapshot.index = false (default)
2022-10-06 01:04:54,870 [pool-403-thread-1] INFO  server.RaftServerConfigKeys (ConfUtils.java:logGet(46)) - raft.server.retrycache.expirytime = 600000ms (custom)
2022-10-06 01:04:54,870 [pool-403-thread-1] INFO  server.RaftServerConfigKeys (ConfUtils.java:logGet(46)) - raft.server.retrycache.statistics.expirytime = 100μs (default)
2022-10-06 01:04:54,871 [pool-403-thread-1] INFO  server.RaftServerConfigKeys (ConfUtils.java:logGet(46)) - raft.server.log.appender.install.snapshot.enabled = false (custom)
2022-10-06 01:04:54,871 [pool-403-thread-1] INFO  server.RaftServerConfigKeys (ConfUtils.java:logGet(46)) - raft.server.threadpool.server.cached = true (default)
2022-10-06 01:04:54,871 [pool-403-thread-1] INFO  server.RaftServerConfigKeys (ConfUtils.java:logGet(46)) - raft.server.threadpool.server.size = 0 (default)
2022-10-06 01:04:54,871 [pool-403-thread-1] INFO  server.RaftServerConfigKeys (ConfUtils.java:logGet(46)) - raft.server.threadpool.client.cached = true (default)
2022-10-06 01:04:54,871 [pool-403-thread-1] INFO  server.RaftServerConfigKeys (ConfUtils.java:logGet(46)) - raft.server.threadpool.client.size = 0 (default)
2022-10-06 01:04:54,871 [pool-403-thread-1] INFO  server.RaftServer$Division (RaftServerImpl.java:start(310)) - 23a5c7c7-a279-444f-ae9a-ea80730ba37f@group-33A239F343B5: start as a follower, conf=-1: [23a5c7c7-a279-444f-ae9a-ea80730ba37f|rpc:10.1.0.249:46507|priority:1], old=null
2022-10-06 01:04:54,871 [pool-403-thread-1] INFO  server.RaftServer$Division (RaftServerImpl.java:setRole(299)) - 23a5c7c7-a279-444f-ae9a-ea80730ba37f@group-33A239F343B5: changes role from      null to FOLLOWER at term 0 for startAsFollower
2022-10-06 01:04:54,871 [pool-403-thread-1] INFO  impl.RoleInfo (RoleInfo.java:updateAndGet(139)) - 23a5c7c7-a279-444f-ae9a-ea80730ba37f: start 23a5c7c7-a279-444f-ae9a-ea80730ba37f@group-33A239F343B5-FollowerState
2022-10-06 01:04:54,878 [pool-403-thread-1] INFO  util.JmxRegister (JmxRegister.java:tryRegister(44)) - Successfully registered JMX Bean with object name Ratis:service=RaftServer,group=group-33A239F343B5,id=23a5c7c7-a279-444f-ae9a-ea80730ba37f
2022-10-06 01:04:54,878 [Command processor thread] INFO  ratis.XceiverServerRatis (XceiverServerRatis.java:addGroup(765)) - Created group PipelineID=93960ef6-269e-4e29-bc6c-33a239f343b5
2022-10-06 01:04:54,878 [Command processor thread] INFO  commandhandler.CreatePipelineCommandHandler (CreatePipelineCommandHandler.java:handle(113)) - Created Pipeline RATIS ONE PipelineID=93960ef6-269e-4e29-bc6c-33a239f343b5.
2022-10-06 01:04:55,258 [Listener at 127.0.0.1/44363] INFO  ozone.MiniOzoneClusterImpl (MiniOzoneClusterImpl.java:lambda$waitForClusterToBeReady$0(216)) - Nodes are ready. Got 5 of 5 DN Heartbeats.
2022-10-06 01:04:55,258 [Listener at 127.0.0.1/44363] INFO  ozone.MiniOzoneClusterImpl (MiniOzoneClusterImpl.java:lambda$waitForClusterToBeReady$0(219)) - Waiting for cluster to exit safe mode
2022-10-06 01:04:55,258 [Listener at 127.0.0.1/44363] INFO  ozone.MiniOzoneClusterImpl (MiniOzoneClusterImpl.java:lambda$waitForClusterToBeReady$0(221)) - SCM became leader
2022-10-06 01:04:55,656 [Command processor thread] INFO  server.RaftServer (RaftServerProxy.java:addNew(96)) - 9790ca2c-57a1-4a77-b27d-b43f70ab9145: addNew group-F3743CB4C2BB:[9790ca2c-57a1-4a77-b27d-b43f70ab9145|rpc:10.1.0.249:34209|priority:1] returns group-F3743CB4C2BB:java.util.concurrent.CompletableFuture@2d7d621d[Not completed]
2022-10-06 01:04:55,671 [pool-426-thread-1] INFO  server.RaftServer$Division (RaftServerImpl.java:<init>(190)) - 9790ca2c-57a1-4a77-b27d-b43f70ab9145: new RaftServerImpl for group-F3743CB4C2BB:[9790ca2c-57a1-4a77-b27d-b43f70ab9145|rpc:10.1.0.249:34209|priority:1] with ContainerStateMachine:uninitialized
2022-10-06 01:04:55,671 [pool-426-thread-1] INFO  server.RaftServerConfigKeys (ConfUtils.java:logGet(46)) - raft.server.rpc.timeout.min = 5s (custom)
2022-10-06 01:04:55,671 [pool-426-thread-1] INFO  server.RaftServerConfigKeys (ConfUtils.java:logGet(46)) - raft.server.rpc.timeout.max = 5200ms (custom)
2022-10-06 01:04:55,671 [pool-426-thread-1] INFO  server.RaftServerConfigKeys (ConfUtils.java:logGet(46)) - raft.server.rpc.sleep.time = 25ms (default)
2022-10-06 01:04:55,671 [pool-426-thread-1] INFO  server.RaftServerConfigKeys (ConfUtils.java:logGet(46)) - raft.server.rpc.slowness.timeout = 300s (custom)
2022-10-06 01:04:55,671 [pool-426-thread-1] INFO  server.RaftServerConfigKeys (ConfUtils.java:logGet(46)) - raft.server.leaderelection.leader.step-down.wait-time = 10s (default)
2022-10-06 01:04:55,671 [pool-426-thread-1] INFO  server.RaftServerConfigKeys (ConfUtils.java:logGet(46)) - raft.server.sleep.deviation.threshold = 300ms (default)
2022-10-06 01:04:55,671 [pool-426-thread-1] INFO  server.RaftServer$Division (ServerState.java:<init>(107)) - 9790ca2c-57a1-4a77-b27d-b43f70ab9145@group-F3743CB4C2BB: ConfigurationManager, init=-1: [9790ca2c-57a1-4a77-b27d-b43f70ab9145|rpc:10.1.0.249:34209|priority:1], old=null, confs=<EMPTY_MAP>
2022-10-06 01:04:55,671 [pool-426-thread-1] INFO  server.RaftServerConfigKeys (ConfUtils.java:logGet(46)) - raft.server.storage.dir = [/home/runner/work/ozone/ozone/hadoop-ozone/integration-test/target/test-dir/MiniOzoneClusterImpl-07f884e1-d8a6-4fa8-8867-d1ed1eaa8398/datanode-3/data/ratis] (custom)
2022-10-06 01:04:55,671 [pool-426-thread-1] INFO  server.RaftServerConfigKeys (ConfUtils.java:logGet(46)) - raft.server.log.corruption.policy = EXCEPTION (default)
2022-10-06 01:04:55,671 [pool-426-thread-1] INFO  server.RaftServerConfigKeys (ConfUtils.java:logGet(46)) - raft.server.storage.free-space.min = 0MB (=0) (default)
2022-10-06 01:04:55,671 [pool-426-thread-1] INFO  storage.RaftStorageDirectory (RaftStorageDirectoryImpl.java:analyzeStorage(135)) - The storage directory /home/runner/work/ozone/ozone/hadoop-ozone/integration-test/target/test-dir/MiniOzoneClusterImpl-07f884e1-d8a6-4fa8-8867-d1ed1eaa8398/datanode-3/data/ratis/96e7067f-2a2c-4a4f-9345-f3743cb4c2bb does not exist. Creating ...
2022-10-06 01:04:55,675 [pool-426-thread-1] INFO  storage.RaftStorageDirectory (RaftStorageDirectoryImpl.java:tryLock(230)) - Lock on /home/runner/work/ozone/ozone/hadoop-ozone/integration-test/target/test-dir/MiniOzoneClusterImpl-07f884e1-d8a6-4fa8-8867-d1ed1eaa8398/datanode-3/data/ratis/96e7067f-2a2c-4a4f-9345-f3743cb4c2bb/in_use.lock acquired by nodename 9215@fv-az399-337
2022-10-06 01:04:55,677 [pool-426-thread-1] INFO  storage.RaftStorage (RaftStorageImpl.java:format(89)) - Storage directory /home/runner/work/ozone/ozone/hadoop-ozone/integration-test/target/test-dir/MiniOzoneClusterImpl-07f884e1-d8a6-4fa8-8867-d1ed1eaa8398/datanode-3/data/ratis/96e7067f-2a2c-4a4f-9345-f3743cb4c2bb has been successfully formatted.
2022-10-06 01:04:55,686 [pool-426-thread-1] INFO  ratis.ContainerStateMachine (ContainerStateMachine.java:loadSnapshot(236)) - group-F3743CB4C2BB: The snapshot info is null. Setting the last applied indexto:(t:0, i:~)
2022-10-06 01:04:55,687 [pool-426-thread-1] INFO  server.RaftServerConfigKeys (ConfUtils.java:logGet(46)) - raft.server.notification.no-leader.timeout = 300s (custom)
2022-10-06 01:04:55,687 [pool-426-thread-1] INFO  server.RaftServerConfigKeys (ConfUtils.java:logGet(46)) - raft.server.log.use.memory = false (default)
2022-10-06 01:04:55,687 [pool-426-thread-1] INFO  server.RaftServerConfigKeys (ConfUtils.java:logGet(46)) - raft.server.log.purge.gap = 1000000 (custom)
2022-10-06 01:04:55,687 [pool-426-thread-1] INFO  server.RaftServerConfigKeys (ConfUtils.java:logGet(46)) - raft.server.log.appender.buffer.byte-limit = 33554432 (custom)
2022-10-06 01:04:55,687 [pool-426-thread-1] INFO  server.RaftServerConfigKeys (ConfUtils.java:logGet(46)) - raft.server.log.statemachine.data.read.timeout = 1000ms (default)
2022-10-06 01:04:55,687 [pool-426-thread-1] INFO  server.RaftServerConfigKeys (ConfUtils.java:logGet(46)) - raft.server.log.segment.size.max = 1048576 (custom)
2022-10-06 01:04:55,687 [pool-426-thread-1] INFO  server.RaftServerConfigKeys (ConfUtils.java:logGet(46)) - raft.server.log.segment.cache.num.max = 2 (custom)
2022-10-06 01:04:55,687 [pool-426-thread-1] INFO  server.RaftServerConfigKeys (ConfUtils.java:logGet(46)) - raft.server.log.segment.cache.size.max = 200MB (=209715200) (default)
2022-10-06 01:04:55,687 [pool-426-thread-1] INFO  segmented.SegmentedRaftLogWorker (SegmentedRaftLogWorker.java:<init>(187)) - new 9790ca2c-57a1-4a77-b27d-b43f70ab9145@group-F3743CB4C2BB-SegmentedRaftLogWorker for RaftStorageImpl:Storage Directory /home/runner/work/ozone/ozone/hadoop-ozone/integration-test/target/test-dir/MiniOzoneClusterImpl-07f884e1-d8a6-4fa8-8867-d1ed1eaa8398/datanode-3/data/ratis/96e7067f-2a2c-4a4f-9345-f3743cb4c2bb
2022-10-06 01:04:55,687 [pool-426-thread-1] INFO  server.RaftServerConfigKeys (ConfUtils.java:logGet(46)) - raft.server.log.queue.byte-limit = 4294967296 (custom)
2022-10-06 01:04:55,688 [pool-426-thread-1] INFO  server.RaftServerConfigKeys (ConfUtils.java:logGet(46)) - raft.server.log.queue.element-limit = 1024 (custom)
2022-10-06 01:04:55,688 [pool-426-thread-1] INFO  server.RaftServerConfigKeys (ConfUtils.java:logGet(46)) - raft.server.log.segment.size.max = 1048576 (custom)
2022-10-06 01:04:55,688 [pool-426-thread-1] INFO  server.RaftServerConfigKeys (ConfUtils.java:logGet(46)) - raft.server.log.preallocated.size = 16384 (custom)
2022-10-06 01:04:55,688 [pool-426-thread-1] INFO  server.RaftServerConfigKeys (ConfUtils.java:logGet(46)) - raft.server.log.force.sync.num = 128 (default)
2022-10-06 01:04:55,688 [pool-426-thread-1] INFO  server.RaftServerConfigKeys (ConfUtils.java:logGet(46)) - raft.server.log.statemachine.data.sync = true (default)
2022-10-06 01:04:55,688 [pool-426-thread-1] INFO  server.RaftServerConfigKeys (ConfUtils.java:logGet(46)) - raft.server.log.statemachine.data.sync.timeout = 10s (default)
2022-10-06 01:04:55,688 [pool-426-thread-1] INFO  server.RaftServerConfigKeys (ConfUtils.java:logGet(46)) - raft.server.log.statemachine.data.sync.timeout.retry = -1 (default)
2022-10-06 01:04:55,688 [pool-426-thread-1] INFO  server.RaftServerConfigKeys (ConfUtils.java:logGet(46)) - raft.server.log.write.buffer.size = 1048576 (custom)
2022-10-06 01:04:55,689 [pool-426-thread-1] INFO  server.RaftServerConfigKeys (ConfUtils.java:logGet(46)) - raft.server.log.unsafe-flush.enabled = false (default)
2022-10-06 01:04:55,689 [pool-426-thread-1] INFO  server.RaftServerConfigKeys (ConfUtils.java:logGet(46)) - raft.server.log.statemachine.data.caching.enabled = true (custom)
2022-10-06 01:04:55,689 [pool-426-thread-1] INFO  segmented.SegmentedRaftLogWorker (SegmentedRaftLogWorker.java:lambda$new$0(135)) - 9790ca2c-57a1-4a77-b27d-b43f70ab9145@group-F3743CB4C2BB-SegmentedRaftLogWorker: flushIndex: setUnconditionally 0 -> -1
2022-10-06 01:04:55,689 [pool-426-thread-1] INFO  segmented.SegmentedRaftLogWorker (SegmentedRaftLogWorker.java:lambda$new$0(135)) - 9790ca2c-57a1-4a77-b27d-b43f70ab9145@group-F3743CB4C2BB-SegmentedRaftLogWorker: safeCacheEvictIndex: setUnconditionally 0 -> -1
2022-10-06 01:04:55,695 [EventQueue-PipelineReportForPipelineReportHandler] INFO  pipeline.PipelineManagerImpl (PipelineManagerImpl.java:openPipeline(367)) - Pipeline Pipeline[ Id: 96e7067f-2a2c-4a4f-9345-f3743cb4c2bb, Nodes: 9790ca2c-57a1-4a77-b27d-b43f70ab9145{ip: 10.1.0.249, host: fv-az399-337.4urtqdmtpd2erju50p4tzyn2ng.bx.internal.cloudapp.net, ports: [REPLICATION=35785, RATIS=34209, RATIS_ADMIN=34209, RATIS_SERVER=34209, STANDALONE=35735], networkLocation: /default-rack, certSerialId: null, persistedOpState: IN_SERVICE, persistedOpStateExpiryEpochSec: 0}, ReplicationConfig: RATIS/ONE, State:ALLOCATED, leaderId:9790ca2c-57a1-4a77-b27d-b43f70ab9145, CreationTimestamp2022-10-06T01:04:52.658Z[Etc/UTC]] moved to OPEN state
2022-10-06 01:04:55,695 [EventQueue-OpenPipelineForHealthyPipelineSafeModeRule] INFO  safemode.SCMSafeModeManager (HealthyPipelineSafeModeRule.java:process(137)) - SCM in safe mode. Healthy pipelines reported count is 0, required healthy pipeline reported count is 1
2022-10-06 01:04:55,710 [pool-426-thread-1] INFO  server.RaftServerConfigKeys (ConfUtils.java:logGet(46)) - raft.server.snapshot.auto.trigger.enabled = true (custom)
2022-10-06 01:04:55,710 [pool-426-thread-1] INFO  server.RaftServerConfigKeys (ConfUtils.java:logGet(46)) - raft.server.snapshot.auto.trigger.threshold = 10000 (custom)
2022-10-06 01:04:55,710 [pool-426-thread-1] INFO  server.RaftServerConfigKeys (ConfUtils.java:logGet(46)) - raft.server.snapshot.retention.file.num = 5 (custom)
2022-10-06 01:04:55,710 [pool-426-thread-1] INFO  server.RaftServerConfigKeys (ConfUtils.java:logGet(46)) - raft.server.log.purge.upto.snapshot.index = false (default)
2022-10-06 01:04:55,710 [pool-426-thread-1] INFO  server.RaftServerConfigKeys (ConfUtils.java:logGet(46)) - raft.server.retrycache.expirytime = 600000ms (custom)
2022-10-06 01:04:55,710 [pool-426-thread-1] INFO  server.RaftServerConfigKeys (ConfUtils.java:logGet(46)) - raft.server.retrycache.statistics.expirytime = 100μs (default)
2022-10-06 01:04:55,711 [pool-426-thread-1] INFO  server.RaftServerConfigKeys (ConfUtils.java:logGet(46)) - raft.server.log.appender.install.snapshot.enabled = false (custom)
2022-10-06 01:04:55,711 [pool-426-thread-1] INFO  server.RaftServerConfigKeys (ConfUtils.java:logGet(46)) - raft.server.threadpool.server.cached = true (default)
2022-10-06 01:04:55,711 [pool-426-thread-1] INFO  server.RaftServerConfigKeys (ConfUtils.java:logGet(46)) - raft.server.threadpool.server.size = 0 (default)
2022-10-06 01:04:55,711 [pool-426-thread-1] INFO  server.RaftServerConfigKeys (ConfUtils.java:logGet(46)) - raft.server.threadpool.client.cached = true (default)
2022-10-06 01:04:55,711 [pool-426-thread-1] INFO  server.RaftServerConfigKeys (ConfUtils.java:logGet(46)) - raft.server.threadpool.client.size = 0 (default)
2022-10-06 01:04:55,711 [pool-426-thread-1] INFO  server.RaftServer$Division (RaftServerImpl.java:start(310)) - 9790ca2c-57a1-4a77-b27d-b43f70ab9145@group-F3743CB4C2BB: start as a follower, conf=-1: [9790ca2c-57a1-4a77-b27d-b43f70ab9145|rpc:10.1.0.249:34209|priority:1], old=null
2022-10-06 01:04:55,711 [pool-426-thread-1] INFO  server.RaftServer$Division (RaftServerImpl.java:setRole(299)) - 9790ca2c-57a1-4a77-b27d-b43f70ab9145@group-F3743CB4C2BB: changes role from      null to FOLLOWER at term 0 for startAsFollower
2022-10-06 01:04:55,711 [pool-426-thread-1] INFO  impl.RoleInfo (RoleInfo.java:updateAndGet(139)) - 9790ca2c-57a1-4a77-b27d-b43f70ab9145: start 9790ca2c-57a1-4a77-b27d-b43f70ab9145@group-F3743CB4C2BB-FollowerState
2022-10-06 01:04:55,718 [pool-426-thread-1] INFO  util.JmxRegister (JmxRegister.java:tryRegister(44)) - Successfully registered JMX Bean with object name Ratis:service=RaftServer,group=group-F3743CB4C2BB,id=9790ca2c-57a1-4a77-b27d-b43f70ab9145
2022-10-06 01:04:55,719 [Command processor thread] INFO  ratis.XceiverServerRatis (XceiverServerRatis.java:addGroup(765)) - Created group PipelineID=96e7067f-2a2c-4a4f-9345-f3743cb4c2bb
2022-10-06 01:04:55,719 [Command processor thread] INFO  commandhandler.CreatePipelineCommandHandler (CreatePipelineCommandHandler.java:handle(113)) - Created Pipeline RATIS ONE PipelineID=96e7067f-2a2c-4a4f-9345-f3743cb4c2bb.
2022-10-06 01:04:56,258 [Listener at 127.0.0.1/44363] INFO  ozone.MiniOzoneClusterImpl (MiniOzoneClusterImpl.java:lambda$waitForClusterToBeReady$0(216)) - Nodes are ready. Got 5 of 5 DN Heartbeats.
2022-10-06 01:04:56,259 [Listener at 127.0.0.1/44363] INFO  ozone.MiniOzoneClusterImpl (MiniOzoneClusterImpl.java:lambda$waitForClusterToBeReady$0(219)) - Waiting for cluster to exit safe mode
2022-10-06 01:04:56,259 [Listener at 127.0.0.1/44363] INFO  ozone.MiniOzoneClusterImpl (MiniOzoneClusterImpl.java:lambda$waitForClusterToBeReady$0(221)) - SCM became leader
2022-10-06 01:04:56,306 [Command processor thread] INFO  server.RaftServer (RaftServerProxy.java:addNew(96)) - 3c467811-f56a-4e44-8833-8c580925f27b: addNew group-203D2F0C1F7D:[3c467811-f56a-4e44-8833-8c580925f27b|rpc:10.1.0.249:40965|priority:1] returns group-203D2F0C1F7D:java.util.concurrent.CompletableFuture@18c49570[Not completed]
2022-10-06 01:04:56,313 [pool-454-thread-1] INFO  server.RaftServer$Division (RaftServerImpl.java:<init>(190)) - 3c467811-f56a-4e44-8833-8c580925f27b: new RaftServerImpl for group-203D2F0C1F7D:[3c467811-f56a-4e44-8833-8c580925f27b|rpc:10.1.0.249:40965|priority:1] with ContainerStateMachine:uninitialized
2022-10-06 01:04:56,313 [pool-454-thread-1] INFO  server.RaftServerConfigKeys (ConfUtils.java:logGet(46)) - raft.server.rpc.timeout.min = 5s (custom)
2022-10-06 01:04:56,313 [pool-454-thread-1] INFO  server.RaftServerConfigKeys (ConfUtils.java:logGet(46)) - raft.server.rpc.timeout.max = 5200ms (custom)
2022-10-06 01:04:56,313 [pool-454-thread-1] INFO  server.RaftServerConfigKeys (ConfUtils.java:logGet(46)) - raft.server.rpc.sleep.time = 25ms (default)
2022-10-06 01:04:56,313 [pool-454-thread-1] INFO  server.RaftServerConfigKeys (ConfUtils.java:logGet(46)) - raft.server.rpc.slowness.timeout = 300s (custom)
2022-10-06 01:04:56,313 [pool-454-thread-1] INFO  server.RaftServerConfigKeys (ConfUtils.java:logGet(46)) - raft.server.leaderelection.leader.step-down.wait-time = 10s (default)
2022-10-06 01:04:56,314 [pool-454-thread-1] INFO  server.RaftServerConfigKeys (ConfUtils.java:logGet(46)) - raft.server.sleep.deviation.threshold = 300ms (default)
2022-10-06 01:04:56,314 [pool-454-thread-1] INFO  server.RaftServer$Division (ServerState.java:<init>(107)) - 3c467811-f56a-4e44-8833-8c580925f27b@group-203D2F0C1F7D: ConfigurationManager, init=-1: [3c467811-f56a-4e44-8833-8c580925f27b|rpc:10.1.0.249:40965|priority:1], old=null, confs=<EMPTY_MAP>
2022-10-06 01:04:56,314 [pool-454-thread-1] INFO  server.RaftServerConfigKeys (ConfUtils.java:logGet(46)) - raft.server.storage.dir = [/home/runner/work/ozone/ozone/hadoop-ozone/integration-test/target/test-dir/MiniOzoneClusterImpl-07f884e1-d8a6-4fa8-8867-d1ed1eaa8398/datanode-4/data/ratis] (custom)
2022-10-06 01:04:56,314 [pool-454-thread-1] INFO  server.RaftServerConfigKeys (ConfUtils.java:logGet(46)) - raft.server.log.corruption.policy = EXCEPTION (default)
2022-10-06 01:04:56,314 [pool-454-thread-1] INFO  server.RaftServerConfigKeys (ConfUtils.java:logGet(46)) - raft.server.storage.free-space.min = 0MB (=0) (default)
2022-10-06 01:04:56,314 [pool-454-thread-1] INFO  storage.RaftStorageDirectory (RaftStorageDirectoryImpl.java:analyzeStorage(135)) - The storage directory /home/runner/work/ozone/ozone/hadoop-ozone/integration-test/target/test-dir/MiniOzoneClusterImpl-07f884e1-d8a6-4fa8-8867-d1ed1eaa8398/datanode-4/data/ratis/17dc21dc-7b41-45bd-a267-203d2f0c1f7d does not exist. Creating ...
2022-10-06 01:04:56,334 [pool-454-thread-1] INFO  storage.RaftStorageDirectory (RaftStorageDirectoryImpl.java:tryLock(230)) - Lock on /home/runner/work/ozone/ozone/hadoop-ozone/integration-test/target/test-dir/MiniOzoneClusterImpl-07f884e1-d8a6-4fa8-8867-d1ed1eaa8398/datanode-4/data/ratis/17dc21dc-7b41-45bd-a267-203d2f0c1f7d/in_use.lock acquired by nodename 9215@fv-az399-337
2022-10-06 01:04:56,337 [pool-454-thread-1] INFO  storage.RaftStorage (RaftStorageImpl.java:format(89)) - Storage directory /home/runner/work/ozone/ozone/hadoop-ozone/integration-test/target/test-dir/MiniOzoneClusterImpl-07f884e1-d8a6-4fa8-8867-d1ed1eaa8398/datanode-4/data/ratis/17dc21dc-7b41-45bd-a267-203d2f0c1f7d has been successfully formatted.
2022-10-06 01:04:56,350 [pool-454-thread-1] INFO  ratis.ContainerStateMachine (ContainerStateMachine.java:loadSnapshot(236)) - group-203D2F0C1F7D: The snapshot info is null. Setting the last applied indexto:(t:0, i:~)
2022-10-06 01:04:56,350 [pool-454-thread-1] INFO  server.RaftServerConfigKeys (ConfUtils.java:logGet(46)) - raft.server.notification.no-leader.timeout = 300s (custom)
2022-10-06 01:04:56,350 [pool-454-thread-1] INFO  server.RaftServerConfigKeys (ConfUtils.java:logGet(46)) - raft.server.log.use.memory = false (default)
2022-10-06 01:04:56,351 [pool-454-thread-1] INFO  server.RaftServerConfigKeys (ConfUtils.java:logGet(46)) - raft.server.log.purge.gap = 1000000 (custom)
2022-10-06 01:04:56,351 [pool-454-thread-1] INFO  server.RaftServerConfigKeys (ConfUtils.java:logGet(46)) - raft.server.log.appender.buffer.byte-limit = 33554432 (custom)
2022-10-06 01:04:56,351 [pool-454-thread-1] INFO  server.RaftServerConfigKeys (ConfUtils.java:logGet(46)) - raft.server.log.statemachine.data.read.timeout = 1000ms (default)
2022-10-06 01:04:56,355 [EventQueue-PipelineReportForPipelineReportHandler] INFO  pipeline.PipelineManagerImpl (PipelineManagerImpl.java:openPipeline(367)) - Pipeline Pipeline[ Id: 17dc21dc-7b41-45bd-a267-203d2f0c1f7d, Nodes: 3c467811-f56a-4e44-8833-8c580925f27b{ip: 10.1.0.249, host: fv-az399-337.4urtqdmtpd2erju50p4tzyn2ng.bx.internal.cloudapp.net, ports: [REPLICATION=42353, RATIS=40965, RATIS_ADMIN=40965, RATIS_SERVER=40965, STANDALONE=38317], networkLocation: /default-rack, certSerialId: null, persistedOpState: IN_SERVICE, persistedOpStateExpiryEpochSec: 0}, ReplicationConfig: RATIS/ONE, State:ALLOCATED, leaderId:3c467811-f56a-4e44-8833-8c580925f27b, CreationTimestamp2022-10-06T01:04:53.315Z[Etc/UTC]] moved to OPEN state
2022-10-06 01:04:56,355 [EventQueue-OpenPipelineForHealthyPipelineSafeModeRule] INFO  safemode.SCMSafeModeManager (HealthyPipelineSafeModeRule.java:process(137)) - SCM in safe mode. Healthy pipelines reported count is 0, required healthy pipeline reported count is 1
2022-10-06 01:04:56,362 [pool-454-thread-1] INFO  server.RaftServerConfigKeys (ConfUtils.java:logGet(46)) - raft.server.log.segment.size.max = 1048576 (custom)
2022-10-06 01:04:56,362 [pool-454-thread-1] INFO  server.RaftServerConfigKeys (ConfUtils.java:logGet(46)) - raft.server.log.segment.cache.num.max = 2 (custom)
2022-10-06 01:04:56,362 [pool-454-thread-1] INFO  server.RaftServerConfigKeys (ConfUtils.java:logGet(46)) - raft.server.log.segment.cache.size.max = 200MB (=209715200) (default)
2022-10-06 01:04:56,362 [pool-454-thread-1] INFO  segmented.SegmentedRaftLogWorker (SegmentedRaftLogWorker.java:<init>(187)) - new 3c467811-f56a-4e44-8833-8c580925f27b@group-203D2F0C1F7D-SegmentedRaftLogWorker for RaftStorageImpl:Storage Directory /home/runner/work/ozone/ozone/hadoop-ozone/integration-test/target/test-dir/MiniOzoneClusterImpl-07f884e1-d8a6-4fa8-8867-d1ed1eaa8398/datanode-4/data/ratis/17dc21dc-7b41-45bd-a267-203d2f0c1f7d
2022-10-06 01:04:56,362 [pool-454-thread-1] INFO  server.RaftServerConfigKeys (ConfUtils.java:logGet(46)) - raft.server.log.queue.byte-limit = 4294967296 (custom)
2022-10-06 01:04:56,362 [pool-454-thread-1] INFO  server.RaftServerConfigKeys (ConfUtils.java:logGet(46)) - raft.server.log.queue.element-limit = 1024 (custom)
2022-10-06 01:04:56,362 [pool-454-thread-1] INFO  server.RaftServerConfigKeys (ConfUtils.java:logGet(46)) - raft.server.log.segment.size.max = 1048576 (custom)
2022-10-06 01:04:56,362 [pool-454-thread-1] INFO  server.RaftServerConfigKeys (ConfUtils.java:logGet(46)) - raft.server.log.preallocated.size = 16384 (custom)
2022-10-06 01:04:56,362 [pool-454-thread-1] INFO  server.RaftServerConfigKeys (ConfUtils.java:logGet(46)) - raft.server.log.force.sync.num = 128 (default)
2022-10-06 01:04:56,362 [pool-454-thread-1] INFO  server.RaftServerConfigKeys (ConfUtils.java:logGet(46)) - raft.server.log.statemachine.data.sync = true (default)
2022-10-06 01:04:56,362 [pool-454-thread-1] INFO  server.RaftServerConfigKeys (ConfUtils.java:logGet(46)) - raft.server.log.statemachine.data.sync.timeout = 10s (default)
2022-10-06 01:04:56,362 [pool-454-thread-1] INFO  server.RaftServerConfigKeys (ConfUtils.java:logGet(46)) - raft.server.log.statemachine.data.sync.timeout.retry = -1 (default)
2022-10-06 01:04:56,366 [pool-454-thread-1] INFO  server.RaftServerConfigKeys (ConfUtils.java:logGet(46)) - raft.server.log.write.buffer.size = 1048576 (custom)
2022-10-06 01:04:56,366 [pool-454-thread-1] INFO  server.RaftServerConfigKeys (ConfUtils.java:logGet(46)) - raft.server.log.unsafe-flush.enabled = false (default)
2022-10-06 01:04:56,367 [pool-454-thread-1] INFO  server.RaftServerConfigKeys (ConfUtils.java:logGet(46)) - raft.server.log.statemachine.data.caching.enabled = true (custom)
2022-10-06 01:04:56,367 [pool-454-thread-1] INFO  segmented.SegmentedRaftLogWorker (SegmentedRaftLogWorker.java:lambda$new$0(135)) - 3c467811-f56a-4e44-8833-8c580925f27b@group-203D2F0C1F7D-SegmentedRaftLogWorker: flushIndex: setUnconditionally 0 -> -1
2022-10-06 01:04:56,367 [pool-454-thread-1] INFO  segmented.SegmentedRaftLogWorker (SegmentedRaftLogWorker.java:lambda$new$0(135)) - 3c467811-f56a-4e44-8833-8c580925f27b@group-203D2F0C1F7D-SegmentedRaftLogWorker: safeCacheEvictIndex: setUnconditionally 0 -> -1
2022-10-06 01:04:56,375 [pool-454-thread-1] INFO  server.RaftServerConfigKeys (ConfUtils.java:logGet(46)) - raft.server.snapshot.auto.trigger.enabled = true (custom)
2022-10-06 01:04:56,376 [pool-454-thread-1] INFO  server.RaftServerConfigKeys (ConfUtils.java:logGet(46)) - raft.server.snapshot.auto.trigger.threshold = 10000 (custom)
2022-10-06 01:04:56,376 [pool-454-thread-1] INFO  server.RaftServerConfigKeys (ConfUtils.java:logGet(46)) - raft.server.snapshot.retention.file.num = 5 (custom)
2022-10-06 01:04:56,376 [pool-454-thread-1] INFO  server.RaftServerConfigKeys (ConfUtils.java:logGet(46)) - raft.server.log.purge.upto.snapshot.index = false (default)
2022-10-06 01:04:56,376 [pool-454-thread-1] INFO  server.RaftServerConfigKeys (ConfUtils.java:logGet(46)) - raft.server.retrycache.expirytime = 600000ms (custom)
2022-10-06 01:04:56,376 [pool-454-thread-1] INFO  server.RaftServerConfigKeys (ConfUtils.java:logGet(46)) - raft.server.retrycache.statistics.expirytime = 100μs (default)
2022-10-06 01:04:56,377 [pool-454-thread-1] INFO  server.RaftServerConfigKeys (ConfUtils.java:logGet(46)) - raft.server.log.appender.install.snapshot.enabled = false (custom)
2022-10-06 01:04:56,377 [pool-454-thread-1] INFO  server.RaftServerConfigKeys (ConfUtils.java:logGet(46)) - raft.server.threadpool.server.cached = true (default)
2022-10-06 01:04:56,377 [pool-454-thread-1] INFO  server.RaftServerConfigKeys (ConfUtils.java:logGet(46)) - raft.server.threadpool.server.size = 0 (default)
2022-10-06 01:04:56,377 [pool-454-thread-1] INFO  server.RaftServerConfigKeys (ConfUtils.java:logGet(46)) - raft.server.threadpool.client.cached = true (default)
2022-10-06 01:04:56,377 [pool-454-thread-1] INFO  server.RaftServerConfigKeys (ConfUtils.java:logGet(46)) - raft.server.threadpool.client.size = 0 (default)
2022-10-06 01:04:56,377 [pool-454-thread-1] INFO  server.RaftServer$Division (RaftServerImpl.java:start(310)) - 3c467811-f56a-4e44-8833-8c580925f27b@group-203D2F0C1F7D: start as a follower, conf=-1: [3c467811-f56a-4e44-8833-8c580925f27b|rpc:10.1.0.249:40965|priority:1], old=null
2022-10-06 01:04:56,377 [pool-454-thread-1] INFO  server.RaftServer$Division (RaftServerImpl.java:setRole(299)) - 3c467811-f56a-4e44-8833-8c580925f27b@group-203D2F0C1F7D: changes role from      null to FOLLOWER at term 0 for startAsFollower
2022-10-06 01:04:56,377 [pool-454-thread-1] INFO  impl.RoleInfo (RoleInfo.java:updateAndGet(139)) - 3c467811-f56a-4e44-8833-8c580925f27b: start 3c467811-f56a-4e44-8833-8c580925f27b@group-203D2F0C1F7D-FollowerState
2022-10-06 01:04:56,382 [pool-454-thread-1] INFO  util.JmxRegister (JmxRegister.java:tryRegister(44)) - Successfully registered JMX Bean with object name Ratis:service=RaftServer,group=group-203D2F0C1F7D,id=3c467811-f56a-4e44-8833-8c580925f27b
2022-10-06 01:04:56,386 [Command processor thread] INFO  ratis.XceiverServerRatis (XceiverServerRatis.java:addGroup(765)) - Created group PipelineID=17dc21dc-7b41-45bd-a267-203d2f0c1f7d
2022-10-06 01:04:56,386 [Command processor thread] INFO  commandhandler.CreatePipelineCommandHandler (CreatePipelineCommandHandler.java:handle(113)) - Created Pipeline RATIS ONE PipelineID=17dc21dc-7b41-45bd-a267-203d2f0c1f7d.
2022-10-06 01:04:57,259 [Listener at 127.0.0.1/44363] INFO  ozone.MiniOzoneClusterImpl (MiniOzoneClusterImpl.java:lambda$waitForClusterToBeReady$0(216)) - Nodes are ready. Got 5 of 5 DN Heartbeats.
2022-10-06 01:04:57,259 [Listener at 127.0.0.1/44363] INFO  ozone.MiniOzoneClusterImpl (MiniOzoneClusterImpl.java:lambda$waitForClusterToBeReady$0(219)) - Waiting for cluster to exit safe mode
2022-10-06 01:04:57,259 [Listener at 127.0.0.1/44363] INFO  ozone.MiniOzoneClusterImpl (MiniOzoneClusterImpl.java:lambda$waitForClusterToBeReady$0(221)) - SCM became leader
2022-10-06 01:04:58,259 [Listener at 127.0.0.1/44363] INFO  ozone.MiniOzoneClusterImpl (MiniOzoneClusterImpl.java:lambda$waitForClusterToBeReady$0(216)) - Nodes are ready. Got 5 of 5 DN Heartbeats.
2022-10-06 01:04:58,260 [Listener at 127.0.0.1/44363] INFO  ozone.MiniOzoneClusterImpl (MiniOzoneClusterImpl.java:lambda$waitForClusterToBeReady$0(219)) - Waiting for cluster to exit safe mode
2022-10-06 01:04:58,260 [Listener at 127.0.0.1/44363] INFO  ozone.MiniOzoneClusterImpl (MiniOzoneClusterImpl.java:lambda$waitForClusterToBeReady$0(221)) - SCM became leader
2022-10-06 01:04:58,550 [b1188ba9-7404-4c69-a541-42ff8694cd3e@group-447696FB1CAC-FollowerState] INFO  impl.FollowerState (FollowerState.java:run(143)) - b1188ba9-7404-4c69-a541-42ff8694cd3e@group-447696FB1CAC-FollowerState: change to CANDIDATE, lastRpcElapsedTime:5041878320ns, electionTimeout:5041ms
2022-10-06 01:04:58,551 [b1188ba9-7404-4c69-a541-42ff8694cd3e@group-447696FB1CAC-FollowerState] INFO  impl.RoleInfo (RoleInfo.java:shutdownFollowerState(110)) - b1188ba9-7404-4c69-a541-42ff8694cd3e: shutdown b1188ba9-7404-4c69-a541-42ff8694cd3e@group-447696FB1CAC-FollowerState
2022-10-06 01:04:58,551 [b1188ba9-7404-4c69-a541-42ff8694cd3e@group-447696FB1CAC-FollowerState] INFO  server.RaftServer$Division (RaftServerImpl.java:setRole(299)) - b1188ba9-7404-4c69-a541-42ff8694cd3e@group-447696FB1CAC: changes role from  FOLLOWER to CANDIDATE at term 0 for changeToCandidate
2022-10-06 01:04:58,551 [b1188ba9-7404-4c69-a541-42ff8694cd3e@group-447696FB1CAC-FollowerState] INFO  server.RaftServerConfigKeys (ConfUtils.java:logGet(46)) - raft.server.leaderelection.pre-vote = false (custom)
2022-10-06 01:04:58,551 [b1188ba9-7404-4c69-a541-42ff8694cd3e@group-447696FB1CAC-FollowerState] INFO  impl.RoleInfo (RoleInfo.java:updateAndGet(139)) - b1188ba9-7404-4c69-a541-42ff8694cd3e: start b1188ba9-7404-4c69-a541-42ff8694cd3e@group-447696FB1CAC-LeaderElection17
2022-10-06 01:04:58,570 [b1188ba9-7404-4c69-a541-42ff8694cd3e@group-447696FB1CAC-LeaderElection17] INFO  impl.LeaderElection (LeaderElection.java:askForVotes(310)) - b1188ba9-7404-4c69-a541-42ff8694cd3e@group-447696FB1CAC-LeaderElection17 ELECTION round 0: submit vote requests at term 1 for -1: [23a5c7c7-a279-444f-ae9a-ea80730ba37f|rpc:10.1.0.249:46507|priority:0, 92ca9abc-3f8f-4561-9917-cda982ad8ac5|rpc:10.1.0.249:43563|priority:0, b1188ba9-7404-4c69-a541-42ff8694cd3e|rpc:10.1.0.249:39649|priority:1], old=null
2022-10-06 01:04:58,582 [b1188ba9-7404-4c69-a541-42ff8694cd3e@group-7ACC06E7A3F8-FollowerState] INFO  impl.FollowerState (FollowerState.java:run(143)) - b1188ba9-7404-4c69-a541-42ff8694cd3e@group-7ACC06E7A3F8-FollowerState: change to CANDIDATE, lastRpcElapsedTime:5113555930ns, electionTimeout:5108ms
2022-10-06 01:04:58,583 [b1188ba9-7404-4c69-a541-42ff8694cd3e@group-7ACC06E7A3F8-FollowerState] INFO  impl.RoleInfo (RoleInfo.java:shutdownFollowerState(110)) - b1188ba9-7404-4c69-a541-42ff8694cd3e: shutdown b1188ba9-7404-4c69-a541-42ff8694cd3e@group-7ACC06E7A3F8-FollowerState
2022-10-06 01:04:58,583 [b1188ba9-7404-4c69-a541-42ff8694cd3e@group-7ACC06E7A3F8-FollowerState] INFO  server.RaftServer$Division (RaftServerImpl.java:setRole(299)) - b1188ba9-7404-4c69-a541-42ff8694cd3e@group-7ACC06E7A3F8: changes role from  FOLLOWER to CANDIDATE at term 0 for changeToCandidate
2022-10-06 01:04:58,583 [b1188ba9-7404-4c69-a541-42ff8694cd3e@group-7ACC06E7A3F8-FollowerState] INFO  server.RaftServerConfigKeys (ConfUtils.java:logGet(46)) - raft.server.leaderelection.pre-vote = false (custom)
2022-10-06 01:04:58,583 [b1188ba9-7404-4c69-a541-42ff8694cd3e@group-7ACC06E7A3F8-FollowerState] INFO  impl.RoleInfo (RoleInfo.java:updateAndGet(139)) - b1188ba9-7404-4c69-a541-42ff8694cd3e: start b1188ba9-7404-4c69-a541-42ff8694cd3e@group-7ACC06E7A3F8-LeaderElection18
2022-10-06 01:04:58,593 [grpc-default-executor-0] INFO  server.RaftServer$Division (RaftServerImpl.java:requestVote(1152)) - 23a5c7c7-a279-444f-ae9a-ea80730ba37f@group-447696FB1CAC: receive requestVote(ELECTION, b1188ba9-7404-4c69-a541-42ff8694cd3e, group-447696FB1CAC, 1, (t:0, i:0))
2022-10-06 01:04:58,593 [grpc-default-executor-0] INFO  impl.VoteContext (VoteContext.java:log(48)) - 23a5c7c7-a279-444f-ae9a-ea80730ba37f@group-447696FB1CAC-FOLLOWER: accept ELECTION from b1188ba9-7404-4c69-a541-42ff8694cd3e: our priority 0 <= candidate's priority 1
2022-10-06 01:04:58,593 [grpc-default-executor-0] INFO  server.RaftServer$Division (RaftServerImpl.java:setRole(299)) - 23a5c7c7-a279-444f-ae9a-ea80730ba37f@group-447696FB1CAC: changes role from  FOLLOWER to FOLLOWER at term 1 for candidate:b1188ba9-7404-4c69-a541-42ff8694cd3e
2022-10-06 01:04:58,593 [grpc-default-executor-0] INFO  impl.RoleInfo (RoleInfo.java:shutdownFollowerState(110)) - 23a5c7c7-a279-444f-ae9a-ea80730ba37f: shutdown 23a5c7c7-a279-444f-ae9a-ea80730ba37f@group-447696FB1CAC-FollowerState
2022-10-06 01:04:58,593 [grpc-default-executor-0] INFO  impl.RoleInfo (RoleInfo.java:updateAndGet(139)) - 23a5c7c7-a279-444f-ae9a-ea80730ba37f: start 23a5c7c7-a279-444f-ae9a-ea80730ba37f@group-447696FB1CAC-FollowerState
2022-10-06 01:04:58,593 [23a5c7c7-a279-444f-ae9a-ea80730ba37f@group-447696FB1CAC-FollowerState] INFO  impl.FollowerState (FollowerState.java:run(152)) - 23a5c7c7-a279-444f-ae9a-ea80730ba37f@group-447696FB1CAC-FollowerState was interrupted
2022-10-06 01:04:58,596 [b1188ba9-7404-4c69-a541-42ff8694cd3e@group-7ACC06E7A3F8-LeaderElection18] INFO  impl.LeaderElection (LeaderElection.java:askForVotes(310)) - b1188ba9-7404-4c69-a541-42ff8694cd3e@group-7ACC06E7A3F8-LeaderElection18 ELECTION round 0: submit vote requests at term 1 for -1: [b1188ba9-7404-4c69-a541-42ff8694cd3e|rpc:10.1.0.249:39649|priority:1], old=null
2022-10-06 01:04:58,596 [b1188ba9-7404-4c69-a541-42ff8694cd3e@group-7ACC06E7A3F8-LeaderElection18] INFO  impl.LeaderElection (LeaderElection.java:askForVotes(312)) - b1188ba9-7404-4c69-a541-42ff8694cd3e@group-7ACC06E7A3F8-LeaderElection18 ELECTION round 0: result PASSED (term=1)
2022-10-06 01:04:58,596 [b1188ba9-7404-4c69-a541-42ff8694cd3e@group-7ACC06E7A3F8-LeaderElection18] INFO  impl.RoleInfo (RoleInfo.java:shutdownLeaderElection(130)) - b1188ba9-7404-4c69-a541-42ff8694cd3e: shutdown b1188ba9-7404-4c69-a541-42ff8694cd3e@group-7ACC06E7A3F8-LeaderElection18
2022-10-06 01:04:58,596 [b1188ba9-7404-4c69-a541-42ff8694cd3e@group-7ACC06E7A3F8-LeaderElection18] INFO  server.RaftServer$Division (RaftServerImpl.java:setRole(299)) - b1188ba9-7404-4c69-a541-42ff8694cd3e@group-7ACC06E7A3F8: changes role from CANDIDATE to LEADER at term 1 for changeToLeader
2022-10-06 01:04:58,596 [b1188ba9-7404-4c69-a541-42ff8694cd3e@group-7ACC06E7A3F8-LeaderElection18] INFO  ratis.XceiverServerRatis (XceiverServerRatis.java:handleLeaderChangedNotification(863)) - Leader change notification received for group: group-7ACC06E7A3F8 with new leaderId: b1188ba9-7404-4c69-a541-42ff8694cd3e
2022-10-06 01:04:58,599 [grpc-default-executor-0] INFO  server.RaftServer$Division (RaftServerImpl.java:requestVote(1184)) - 23a5c7c7-a279-444f-ae9a-ea80730ba37f@group-447696FB1CAC replies to ELECTION vote request: b1188ba9-7404-4c69-a541-42ff8694cd3e<-23a5c7c7-a279-444f-ae9a-ea80730ba37f#0:OK-t1. Peer's state: 23a5c7c7-a279-444f-ae9a-ea80730ba37f@group-447696FB1CAC:t1, leader=null, voted=b1188ba9-7404-4c69-a541-42ff8694cd3e, raftlog=23a5c7c7-a279-444f-ae9a-ea80730ba37f@group-447696FB1CAC-SegmentedRaftLog:OPENED:c-1, conf=-1: [23a5c7c7-a279-444f-ae9a-ea80730ba37f|rpc:10.1.0.249:46507|dataStream:|priority:0, 92ca9abc-3f8f-4561-9917-cda982ad8ac5|rpc:10.1.0.249:43563|dataStream:|priority:0, b1188ba9-7404-4c69-a541-42ff8694cd3e|rpc:10.1.0.249:39649|dataStream:|priority:1], old=null
2022-10-06 01:04:58,607 [b1188ba9-7404-4c69-a541-42ff8694cd3e@group-7ACC06E7A3F8-LeaderElection18] INFO  server.RaftServer$Division (ServerState.java:setLeader(287)) - b1188ba9-7404-4c69-a541-42ff8694cd3e@group-7ACC06E7A3F8: change Leader from null to b1188ba9-7404-4c69-a541-42ff8694cd3e at term 1 for becomeLeader, leader elected after 5163ms
2022-10-06 01:04:58,607 [b1188ba9-7404-4c69-a541-42ff8694cd3e@group-7ACC06E7A3F8-LeaderElection18] INFO  server.RaftServerConfigKeys (ConfUtils.java:logGet(46)) - raft.server.staging.catchup.gap = 1000 (default)
2022-10-06 01:04:58,607 [b1188ba9-7404-4c69-a541-42ff8694cd3e@group-7ACC06E7A3F8-LeaderElection18] INFO  server.RaftServerConfigKeys (ConfUtils.java:logGet(46)) - raft.server.write.element-limit = 1024 (custom)
2022-10-06 01:04:58,618 [b1188ba9-7404-4c69-a541-42ff8694cd3e@group-7ACC06E7A3F8-LeaderElection18] INFO  server.RaftServerConfigKeys (ConfUtils.java:logGet(46)) - raft.server.write.byte-limit = 1024 M (=1073741824) (custom)
2022-10-06 01:04:58,618 [b1188ba9-7404-4c69-a541-42ff8694cd3e@group-7ACC06E7A3F8-LeaderElection18] INFO  server.RaftServerConfigKeys (ConfUtils.java:logGet(46)) - raft.server.watch.timeout = 180s (custom)
2022-10-06 01:04:58,618 [b1188ba9-7404-4c69-a541-42ff8694cd3e@group-7ACC06E7A3F8-LeaderElection18] INFO  server.RaftServerConfigKeys (ConfUtils.java:logGet(46)) - raft.server.watch.timeout.denomination = 1s (default)
2022-10-06 01:04:58,618 [b1188ba9-7404-4c69-a541-42ff8694cd3e@group-7ACC06E7A3F8-LeaderElection18] INFO  server.RaftServerConfigKeys (ConfUtils.java:logGet(46)) - raft.server.watch.element-limit = 65536 (default)
2022-10-06 01:04:58,618 [b1188ba9-7404-4c69-a541-42ff8694cd3e@group-7ACC06E7A3F8-LeaderElection18] INFO  server.RaftServerConfigKeys (ConfUtils.java:logGet(46)) - raft.server.write.element-limit = 1024 (custom)
2022-10-06 01:04:58,618 [b1188ba9-7404-4c69-a541-42ff8694cd3e@group-7ACC06E7A3F8-LeaderElection18] INFO  server.RaftServerConfigKeys (ConfUtils.java:logGet(46)) - raft.server.write.follower.gap.ratio.max = -1.0 (default)
2022-10-06 01:04:58,618 [b1188ba9-7404-4c69-a541-42ff8694cd3e@group-7ACC06E7A3F8-LeaderElection18] INFO  impl.RoleInfo (RoleInfo.java:updateAndGet(139)) - b1188ba9-7404-4c69-a541-42ff8694cd3e: start b1188ba9-7404-4c69-a541-42ff8694cd3e@group-7ACC06E7A3F8-LeaderStateImpl
2022-10-06 01:04:58,619 [b1188ba9-7404-4c69-a541-42ff8694cd3e@group-7ACC06E7A3F8-LeaderElection18] INFO  segmented.SegmentedRaftLogWorker (SegmentedRaftLogWorker.java:startLogSegment(425)) - b1188ba9-7404-4c69-a541-42ff8694cd3e@group-7ACC06E7A3F8-SegmentedRaftLogWorker: Starting segment from index:0
2022-10-06 01:04:58,620 [b1188ba9-7404-4c69-a541-42ff8694cd3e@group-7ACC06E7A3F8-SegmentedRaftLogWorker] INFO  segmented.SegmentedRaftLogWorker (SegmentedRaftLogWorker.java:execute(629)) - b1188ba9-7404-4c69-a541-42ff8694cd3e@group-7ACC06E7A3F8-SegmentedRaftLogWorker: created new log segment /home/runner/work/ozone/ozone/hadoop-ozone/integration-test/target/test-dir/MiniOzoneClusterImpl-07f884e1-d8a6-4fa8-8867-d1ed1eaa8398/datanode-0/data/ratis/a9991810-f793-416e-990e-7acc06e7a3f8/current/log_inprogress_0
2022-10-06 01:04:58,609 [b1188ba9-7404-4c69-a541-42ff8694cd3e@group-447696FB1CAC-LeaderElection17] INFO  impl.LeaderElection (LeaderElection.java:logAndReturn(90)) - b1188ba9-7404-4c69-a541-42ff8694cd3e@group-447696FB1CAC-LeaderElection17: ELECTION PASSED received 1 response(s) and 0 exception(s):
2022-10-06 01:04:58,634 [grpc-default-executor-0] INFO  server.RaftServer$Division (RaftServerImpl.java:requestVote(1152)) - 92ca9abc-3f8f-4561-9917-cda982ad8ac5@group-447696FB1CAC: receive requestVote(ELECTION, b1188ba9-7404-4c69-a541-42ff8694cd3e, group-447696FB1CAC, 1, (t:0, i:0))
2022-10-06 01:04:58,634 [grpc-default-executor-0] INFO  impl.VoteContext (VoteContext.java:log(48)) - 92ca9abc-3f8f-4561-9917-cda982ad8ac5@group-447696FB1CAC-FOLLOWER: accept ELECTION from b1188ba9-7404-4c69-a541-42ff8694cd3e: our priority 0 <= candidate's priority 1
2022-10-06 01:04:58,634 [grpc-default-executor-0] INFO  server.RaftServer$Division (RaftServerImpl.java:setRole(299)) - 92ca9abc-3f8f-4561-9917-cda982ad8ac5@group-447696FB1CAC: changes role from  FOLLOWER to FOLLOWER at term 1 for candidate:b1188ba9-7404-4c69-a541-42ff8694cd3e
2022-10-06 01:04:58,634 [grpc-default-executor-0] INFO  impl.RoleInfo (RoleInfo.java:shutdownFollowerState(110)) - 92ca9abc-3f8f-4561-9917-cda982ad8ac5: shutdown 92ca9abc-3f8f-4561-9917-cda982ad8ac5@group-447696FB1CAC-FollowerState
2022-10-06 01:04:58,634 [grpc-default-executor-0] INFO  impl.RoleInfo (RoleInfo.java:updateAndGet(139)) - 92ca9abc-3f8f-4561-9917-cda982ad8ac5: start 92ca9abc-3f8f-4561-9917-cda982ad8ac5@group-447696FB1CAC-FollowerState
2022-10-06 01:04:58,622 [EventQueue-OpenPipelineForHealthyPipelineSafeModeRule] INFO  safemode.SCMSafeModeManager (HealthyPipelineSafeModeRule.java:process(137)) - SCM in safe mode. Healthy pipelines reported count is 0, required healthy pipeline reported count is 1
2022-10-06 01:04:58,621 [b1188ba9-7404-4c69-a541-42ff8694cd3e@group-7ACC06E7A3F8-LeaderElection18] INFO  server.RaftServer$Division (ServerState.java:setRaftConf(393)) - b1188ba9-7404-4c69-a541-42ff8694cd3e@group-7ACC06E7A3F8: set configuration 0: [b1188ba9-7404-4c69-a541-42ff8694cd3e|rpc:10.1.0.249:39649|dataStream:|priority:1], old=null
2022-10-06 01:04:58,634 [92ca9abc-3f8f-4561-9917-cda982ad8ac5@group-447696FB1CAC-FollowerState] INFO  impl.FollowerState (FollowerState.java:run(152)) - 92ca9abc-3f8f-4561-9917-cda982ad8ac5@group-447696FB1CAC-FollowerState was interrupted
2022-10-06 01:04:58,634 [b1188ba9-7404-4c69-a541-42ff8694cd3e@group-447696FB1CAC-LeaderElection17] INFO  impl.LeaderElection (LeaderElection.java:logAndReturn(94)) -   Response 0: b1188ba9-7404-4c69-a541-42ff8694cd3e<-23a5c7c7-a279-444f-ae9a-ea80730ba37f#0:OK-t1
2022-10-06 01:04:58,635 [b1188ba9-7404-4c69-a541-42ff8694cd3e@group-447696FB1CAC-LeaderElection17] INFO  impl.LeaderElection (LeaderElection.java:askForVotes(312)) - b1188ba9-7404-4c69-a541-42ff8694cd3e@group-447696FB1CAC-LeaderElection17 ELECTION round 0: result PASSED
2022-10-06 01:04:58,635 [b1188ba9-7404-4c69-a541-42ff8694cd3e@group-447696FB1CAC-LeaderElection17] INFO  impl.RoleInfo (RoleInfo.java:shutdownLeaderElection(130)) - b1188ba9-7404-4c69-a541-42ff8694cd3e: shutdown b1188ba9-7404-4c69-a541-42ff8694cd3e@group-447696FB1CAC-LeaderElection17
2022-10-06 01:04:58,635 [b1188ba9-7404-4c69-a541-42ff8694cd3e@group-447696FB1CAC-LeaderElection17] INFO  server.RaftServer$Division (RaftServerImpl.java:setRole(299)) - b1188ba9-7404-4c69-a541-42ff8694cd3e@group-447696FB1CAC: changes role from CANDIDATE to LEADER at term 1 for changeToLeader
2022-10-06 01:04:58,635 [b1188ba9-7404-4c69-a541-42ff8694cd3e@group-447696FB1CAC-LeaderElection17] INFO  ratis.XceiverServerRatis (XceiverServerRatis.java:handleLeaderChangedNotification(863)) - Leader change notification received for group: group-447696FB1CAC with new leaderId: b1188ba9-7404-4c69-a541-42ff8694cd3e
2022-10-06 01:04:58,635 [b1188ba9-7404-4c69-a541-42ff8694cd3e@group-447696FB1CAC-LeaderElection17] INFO  server.RaftServer$Division (ServerState.java:setLeader(287)) - b1188ba9-7404-4c69-a541-42ff8694cd3e@group-447696FB1CAC: change Leader from null to b1188ba9-7404-4c69-a541-42ff8694cd3e at term 1 for becomeLeader, leader elected after 5140ms
2022-10-06 01:04:58,635 [b1188ba9-7404-4c69-a541-42ff8694cd3e@group-447696FB1CAC-LeaderElection17] INFO  server.RaftServerConfigKeys (ConfUtils.java:logGet(46)) - raft.server.staging.catchup.gap = 1000 (default)
2022-10-06 01:04:58,635 [b1188ba9-7404-4c69-a541-42ff8694cd3e@group-447696FB1CAC-LeaderElection17] INFO  server.RaftServerConfigKeys (ConfUtils.java:logGet(46)) - raft.server.write.element-limit = 1024 (custom)
2022-10-06 01:04:58,635 [b1188ba9-7404-4c69-a541-42ff8694cd3e@group-447696FB1CAC-LeaderElection17] INFO  server.RaftServerConfigKeys (ConfUtils.java:logGet(46)) - raft.server.write.byte-limit = 1024 M (=1073741824) (custom)
2022-10-06 01:04:58,636 [b1188ba9-7404-4c69-a541-42ff8694cd3e@group-447696FB1CAC-LeaderElection17] INFO  server.RaftServerConfigKeys (ConfUtils.java:logGet(46)) - raft.server.watch.timeout = 180s (custom)
2022-10-06 01:04:58,636 [b1188ba9-7404-4c69-a541-42ff8694cd3e@group-447696FB1CAC-LeaderElection17] INFO  server.RaftServerConfigKeys (ConfUtils.java:logGet(46)) - raft.server.watch.timeout.denomination = 1s (default)
2022-10-06 01:04:58,636 [b1188ba9-7404-4c69-a541-42ff8694cd3e@group-447696FB1CAC-LeaderElection17] INFO  server.RaftServerConfigKeys (ConfUtils.java:logGet(46)) - raft.server.watch.element-limit = 65536 (default)
2022-10-06 01:04:58,636 [b1188ba9-7404-4c69-a541-42ff8694cd3e@group-447696FB1CAC-LeaderElection17] INFO  server.RaftServerConfigKeys (ConfUtils.java:logGet(46)) - raft.server.write.element-limit = 1024 (custom)
2022-10-06 01:04:58,636 [b1188ba9-7404-4c69-a541-42ff8694cd3e@group-447696FB1CAC-LeaderElection17] INFO  server.RaftServerConfigKeys (ConfUtils.java:logGet(46)) - raft.server.write.follower.gap.ratio.max = -1.0 (default)
2022-10-06 01:04:58,636 [b1188ba9-7404-4c69-a541-42ff8694cd3e@group-447696FB1CAC-LeaderElection17] INFO  server.RaftServerConfigKeys (ConfUtils.java:logGet(46)) - raft.server.log.appender.snapshot.chunk.size.max = 16MB (=16777216) (default)
2022-10-06 01:04:58,636 [b1188ba9-7404-4c69-a541-42ff8694cd3e@group-447696FB1CAC-LeaderElection17] INFO  server.RaftServerConfigKeys (ConfUtils.java:logGet(46)) - raft.server.log.appender.buffer.byte-limit = 33554432 (custom)
2022-10-06 01:04:58,637 [b1188ba9-7404-4c69-a541-42ff8694cd3e@group-447696FB1CAC-LeaderElection17] INFO  server.RaftServerConfigKeys (ConfUtils.java:logGet(46)) - raft.server.log.appender.buffer.element-limit = 1 (custom)
2022-10-06 01:04:58,637 [b1188ba9-7404-4c69-a541-42ff8694cd3e@group-447696FB1CAC-LeaderElection17] INFO  grpc.GrpcConfigKeys (ConfUtils.java:logGet(46)) - raft.grpc.server.leader.outstanding.appends.max = 128 (default)
2022-10-06 01:04:58,637 [b1188ba9-7404-4c69-a541-42ff8694cd3e@group-447696FB1CAC-LeaderElection17] INFO  server.RaftServerConfigKeys (ConfUtils.java:logGet(46)) - raft.server.rpc.request.timeout = 60s (custom)
2022-10-06 01:04:58,637 [b1188ba9-7404-4c69-a541-42ff8694cd3e@group-447696FB1CAC-LeaderElection17] INFO  server.RaftServerConfigKeys (ConfUtils.java:logGet(46)) - raft.server.log.appender.install.snapshot.enabled = false (custom)
2022-10-06 01:04:58,637 [b1188ba9-7404-4c69-a541-42ff8694cd3e@group-447696FB1CAC-LeaderElection17] INFO  server.RaftServerConfigKeys (ConfUtils.java:logGet(46)) - raft.server.log.appender.snapshot.chunk.size.max = 16MB (=16777216) (default)
2022-10-06 01:04:58,637 [b1188ba9-7404-4c69-a541-42ff8694cd3e@group-447696FB1CAC-LeaderElection17] INFO  server.RaftServerConfigKeys (ConfUtils.java:logGet(46)) - raft.server.log.appender.buffer.byte-limit = 33554432 (custom)
2022-10-06 01:04:58,637 [b1188ba9-7404-4c69-a541-42ff8694cd3e@group-447696FB1CAC-LeaderElection17] INFO  server.RaftServerConfigKeys (ConfUtils.java:logGet(46)) - raft.server.log.appender.buffer.element-limit = 1 (custom)
2022-10-06 01:04:58,637 [b1188ba9-7404-4c69-a541-42ff8694cd3e@group-447696FB1CAC-LeaderElection17] INFO  grpc.GrpcConfigKeys (ConfUtils.java:logGet(46)) - raft.grpc.server.leader.outstanding.appends.max = 128 (default)
2022-10-06 01:04:58,637 [b1188ba9-7404-4c69-a541-42ff8694cd3e@group-447696FB1CAC-LeaderElection17] INFO  server.RaftServerConfigKeys (ConfUtils.java:logGet(46)) - raft.server.rpc.request.timeout = 60s (custom)
2022-10-06 01:04:58,638 [b1188ba9-7404-4c69-a541-42ff8694cd3e@group-447696FB1CAC-LeaderElection17] INFO  server.RaftServerConfigKeys (ConfUtils.java:logGet(46)) - raft.server.log.appender.install.snapshot.enabled = false (custom)
2022-10-06 01:04:58,638 [b1188ba9-7404-4c69-a541-42ff8694cd3e@group-447696FB1CAC-LeaderElection17] INFO  impl.RoleInfo (RoleInfo.java:updateAndGet(139)) - b1188ba9-7404-4c69-a541-42ff8694cd3e: start b1188ba9-7404-4c69-a541-42ff8694cd3e@group-447696FB1CAC-LeaderStateImpl
2022-10-06 01:04:58,638 [b1188ba9-7404-4c69-a541-42ff8694cd3e@group-447696FB1CAC-LeaderElection17] INFO  segmented.SegmentedRaftLogWorker (SegmentedRaftLogWorker.java:startLogSegment(425)) - b1188ba9-7404-4c69-a541-42ff8694cd3e@group-447696FB1CAC-SegmentedRaftLogWorker: Starting segment from index:0
2022-10-06 01:04:58,638 [EventQueue-PipelineReportForPipelineReportHandler] INFO  pipeline.PipelineManagerImpl (PipelineManagerImpl.java:openPipeline(367)) - Pipeline Pipeline[ Id: 4484226a-7136-4ba0-9358-447696fb1cac, Nodes: b1188ba9-7404-4c69-a541-42ff8694cd3e{ip: 10.1.0.249, host: fv-az399-337.4urtqdmtpd2erju50p4tzyn2ng.bx.internal.cloudapp.net, ports: [REPLICATION=45029, RATIS=39649, RATIS_ADMIN=39649, RATIS_SERVER=39649, STANDALONE=45591], networkLocation: /default-rack, certSerialId: null, persistedOpState: IN_SERVICE, persistedOpStateExpiryEpochSec: 0}23a5c7c7-a279-444f-ae9a-ea80730ba37f{ip: 10.1.0.249, host: fv-az399-337.4urtqdmtpd2erju50p4tzyn2ng.bx.internal.cloudapp.net, ports: [REPLICATION=45603, RATIS=46507, RATIS_ADMIN=46507, RATIS_SERVER=46507, STANDALONE=43267], networkLocation: /default-rack, certSerialId: null, persistedOpState: IN_SERVICE, persistedOpStateExpiryEpochSec: 0}92ca9abc-3f8f-4561-9917-cda982ad8ac5{ip: 10.1.0.249, host: fv-az399-337.4urtqdmtpd2erju50p4tzyn2ng.bx.internal.cloudapp.net, ports: [REPLICATION=33367, RATIS=43563, RATIS_ADMIN=43563, RATIS_SERVER=43563, STANDALONE=46775], networkLocation: /default-rack, certSerialId: null, persistedOpState: IN_SERVICE, persistedOpStateExpiryEpochSec: 0}, ReplicationConfig: RATIS/THREE, State:ALLOCATED, leaderId:b1188ba9-7404-4c69-a541-42ff8694cd3e, CreationTimestamp2022-10-06T01:04:51.837Z[Etc/UTC]] moved to OPEN state
2022-10-06 01:04:58,639 [EventQueue-OpenPipelineForHealthyPipelineSafeModeRule] INFO  safemode.SCMSafeModeManager (HealthyPipelineSafeModeRule.java:process(137)) - SCM in safe mode. Healthy pipelines reported count is 1, required healthy pipeline reported count is 1
2022-10-06 01:04:58,639 [EventQueue-OpenPipelineForHealthyPipelineSafeModeRule] INFO  safemode.SCMSafeModeManager (SCMSafeModeManager.java:validateSafeModeExitRules(204)) - HealthyPipelineSafeModeRule rule is successfully validated
2022-10-06 01:04:58,639 [EventQueue-OpenPipelineForHealthyPipelineSafeModeRule] INFO  safemode.SCMSafeModeManager (SCMSafeModeManager.java:validateSafeModeExitRules(219)) - ScmSafeModeManager, all rules are successfully validated
2022-10-06 01:04:58,639 [EventQueue-OpenPipelineForHealthyPipelineSafeModeRule] INFO  safemode.SCMSafeModeManager (SCMSafeModeManager.java:exitSafeMode(248)) - SCM exiting safe mode.
2022-10-06 01:04:58,639 [EventQueue-OpenPipelineForHealthyPipelineSafeModeRule] WARN  events.EventQueue (EventQueue.java:fireEvent(216)) - No event handler registered for event TypedEvent{payloadType=SafeModeStatus, name='Safe mode status'}
2022-10-06 01:04:58,639 [EventQueue-OpenPipelineForHealthyPipelineSafeModeRule] INFO  ha.SCMContext (SCMContext.java:updateSafeModeStatus(228)) - Update SafeModeStatus from SafeModeStatus{safeModeStatus=true, preCheckPassed=true} to SafeModeStatus{safeModeStatus=false, preCheckPassed=true}.
2022-10-06 01:04:58,639 [EventQueue-OpenPipelineForHealthyPipelineSafeModeRule] INFO  pipeline.BackgroundPipelineCreator (BackgroundPipelineCreator.java:notifyStatusChanged(254)) - Service BackgroundPipelineCreator transitions to RUNNING.
2022-10-06 01:04:58,639 [EventQueue-OpenPipelineForHealthyPipelineSafeModeRule] INFO  BackgroundPipelineScrubber (BackgroundSCMService.java:notifyStatusChanged(82)) - Service BackgroundPipelineScrubber transitions to RUNNING.
2022-10-06 01:04:58,639 [EventQueue-OpenPipelineForHealthyPipelineSafeModeRule] INFO  ExpiredContainerReplicaOpScrubber (BackgroundSCMService.java:notifyStatusChanged(82)) - Service ExpiredContainerReplicaOpScrubber transitions to RUNNING.
2022-10-06 01:04:58,639 [EventQueue-OpenPipelineForHealthyPipelineSafeModeRule] INFO  replication.ReplicationManager (ReplicationManager.java:notifyStatusChanged(728)) - Service ReplicationManager transitions to RUNNING.
2022-10-06 01:04:58,639 [EventQueue-OpenPipelineForHealthyPipelineSafeModeRule] WARN  balancer.ContainerBalancer (ContainerBalancer.java:shouldRun(936)) - Could not find persisted configuration for ContainerBalancer when checking if ContainerBalancer should run. ContainerBalancer should not run now.
2022-10-06 01:04:58,639 [b1188ba9-7404-4c69-a541-42ff8694cd3e@group-447696FB1CAC-SegmentedRaftLogWorker] INFO  segmented.SegmentedRaftLogWorker (SegmentedRaftLogWorker.java:execute(629)) - b1188ba9-7404-4c69-a541-42ff8694cd3e@group-447696FB1CAC-SegmentedRaftLogWorker: created new log segment /home/runner/work/ozone/ozone/hadoop-ozone/integration-test/target/test-dir/MiniOzoneClusterImpl-07f884e1-d8a6-4fa8-8867-d1ed1eaa8398/datanode-0/data/ratis/4484226a-7136-4ba0-9358-447696fb1cac/current/log_inprogress_0
2022-10-06 01:04:58,639 [grpc-default-executor-0] INFO  server.RaftServer$Division (RaftServerImpl.java:requestVote(1184)) - 92ca9abc-3f8f-4561-9917-cda982ad8ac5@group-447696FB1CAC replies to ELECTION vote request: b1188ba9-7404-4c69-a541-42ff8694cd3e<-92ca9abc-3f8f-4561-9917-cda982ad8ac5#0:OK-t1. Peer's state: 92ca9abc-3f8f-4561-9917-cda982ad8ac5@group-447696FB1CAC:t1, leader=null, voted=b1188ba9-7404-4c69-a541-42ff8694cd3e, raftlog=92ca9abc-3f8f-4561-9917-cda982ad8ac5@group-447696FB1CAC-SegmentedRaftLog:OPENED:c-1, conf=-1: [23a5c7c7-a279-444f-ae9a-ea80730ba37f|rpc:10.1.0.249:46507|dataStream:|priority:0, 92ca9abc-3f8f-4561-9917-cda982ad8ac5|rpc:10.1.0.249:43563|dataStream:|priority:0, b1188ba9-7404-4c69-a541-42ff8694cd3e|rpc:10.1.0.249:39649|dataStream:|priority:1], old=null
2022-10-06 01:04:58,684 [b1188ba9-7404-4c69-a541-42ff8694cd3e@group-447696FB1CAC-LeaderElection17] INFO  server.RaftServer$Division (ServerState.java:setRaftConf(393)) - b1188ba9-7404-4c69-a541-42ff8694cd3e@group-447696FB1CAC: set configuration 0: [23a5c7c7-a279-444f-ae9a-ea80730ba37f|rpc:10.1.0.249:46507|dataStream:|priority:0, 92ca9abc-3f8f-4561-9917-cda982ad8ac5|rpc:10.1.0.249:43563|dataStream:|priority:0, b1188ba9-7404-4c69-a541-42ff8694cd3e|rpc:10.1.0.249:39649|dataStream:|priority:1], old=null
2022-10-06 01:04:58,735 [23a5c7c7-a279-444f-ae9a-ea80730ba37f-server-thread1] INFO  ratis.XceiverServerRatis (XceiverServerRatis.java:handleLeaderChangedNotification(863)) - Leader change notification received for group: group-447696FB1CAC with new leaderId: b1188ba9-7404-4c69-a541-42ff8694cd3e
2022-10-06 01:04:58,735 [23a5c7c7-a279-444f-ae9a-ea80730ba37f-server-thread1] INFO  server.RaftServer$Division (ServerState.java:setLeader(287)) - 23a5c7c7-a279-444f-ae9a-ea80730ba37f@group-447696FB1CAC: change Leader from null to b1188ba9-7404-4c69-a541-42ff8694cd3e at term 1 for appendEntries, leader elected after 5128ms
2022-10-06 01:04:58,735 [92ca9abc-3f8f-4561-9917-cda982ad8ac5-server-thread1] INFO  ratis.XceiverServerRatis (XceiverServerRatis.java:handleLeaderChangedNotification(863)) - Leader change notification received for group: group-447696FB1CAC with new leaderId: b1188ba9-7404-4c69-a541-42ff8694cd3e
2022-10-06 01:04:58,735 [92ca9abc-3f8f-4561-9917-cda982ad8ac5-server-thread1] INFO  server.RaftServer$Division (ServerState.java:setLeader(287)) - 92ca9abc-3f8f-4561-9917-cda982ad8ac5@group-447696FB1CAC: change Leader from null to b1188ba9-7404-4c69-a541-42ff8694cd3e at term 1 for appendEntries, leader elected after 4998ms
2022-10-06 01:04:58,738 [23a5c7c7-a279-444f-ae9a-ea80730ba37f-server-thread1] INFO  server.RaftServer$Division (ServerState.java:setRaftConf(393)) - 23a5c7c7-a279-444f-ae9a-ea80730ba37f@group-447696FB1CAC: set configuration 0: [23a5c7c7-a279-444f-ae9a-ea80730ba37f|rpc:10.1.0.249:46507|dataStream:|priority:0, 92ca9abc-3f8f-4561-9917-cda982ad8ac5|rpc:10.1.0.249:43563|dataStream:|priority:0, b1188ba9-7404-4c69-a541-42ff8694cd3e|rpc:10.1.0.249:39649|dataStream:|priority:1], old=null
2022-10-06 01:04:58,739 [23a5c7c7-a279-444f-ae9a-ea80730ba37f-server-thread1] INFO  segmented.SegmentedRaftLogWorker (SegmentedRaftLogWorker.java:startLogSegment(425)) - 23a5c7c7-a279-444f-ae9a-ea80730ba37f@group-447696FB1CAC-SegmentedRaftLogWorker: Starting segment from index:0
2022-10-06 01:04:58,741 [23a5c7c7-a279-444f-ae9a-ea80730ba37f@group-447696FB1CAC-SegmentedRaftLogWorker] INFO  segmented.SegmentedRaftLogWorker (SegmentedRaftLogWorker.java:execute(629)) - 23a5c7c7-a279-444f-ae9a-ea80730ba37f@group-447696FB1CAC-SegmentedRaftLogWorker: created new log segment /home/runner/work/ozone/ozone/hadoop-ozone/integration-test/target/test-dir/MiniOzoneClusterImpl-07f884e1-d8a6-4fa8-8867-d1ed1eaa8398/datanode-2/data/ratis/4484226a-7136-4ba0-9358-447696fb1cac/current/log_inprogress_0
2022-10-06 01:04:58,785 [92ca9abc-3f8f-4561-9917-cda982ad8ac5-server-thread1] INFO  server.RaftServer$Division (ServerState.java:setRaftConf(393)) - 92ca9abc-3f8f-4561-9917-cda982ad8ac5@group-447696FB1CAC: set configuration 0: [23a5c7c7-a279-444f-ae9a-ea80730ba37f|rpc:10.1.0.249:46507|dataStream:|priority:0, 92ca9abc-3f8f-4561-9917-cda982ad8ac5|rpc:10.1.0.249:43563|dataStream:|priority:0, b1188ba9-7404-4c69-a541-42ff8694cd3e|rpc:10.1.0.249:39649|dataStream:|priority:1], old=null
2022-10-06 01:04:58,785 [92ca9abc-3f8f-4561-9917-cda982ad8ac5-server-thread1] INFO  segmented.SegmentedRaftLogWorker (SegmentedRaftLogWorker.java:startLogSegment(425)) - 92ca9abc-3f8f-4561-9917-cda982ad8ac5@group-447696FB1CAC-SegmentedRaftLogWorker: Starting segment from index:0
2022-10-06 01:04:58,789 [92ca9abc-3f8f-4561-9917-cda982ad8ac5@group-447696FB1CAC-SegmentedRaftLogWorker] INFO  segmented.SegmentedRaftLogWorker (SegmentedRaftLogWorker.java:execute(629)) - 92ca9abc-3f8f-4561-9917-cda982ad8ac5@group-447696FB1CAC-SegmentedRaftLogWorker: created new log segment /home/runner/work/ozone/ozone/hadoop-ozone/integration-test/target/test-dir/MiniOzoneClusterImpl-07f884e1-d8a6-4fa8-8867-d1ed1eaa8398/datanode-1/data/ratis/4484226a-7136-4ba0-9358-447696fb1cac/current/log_inprogress_0
2022-10-06 01:04:58,844 [b1188ba9-7404-4c69-a541-42ff8694cd3e@group-A12B94BABBCA-FollowerState] INFO  impl.FollowerState (FollowerState.java:run(143)) - b1188ba9-7404-4c69-a541-42ff8694cd3e@group-A12B94BABBCA-FollowerState: change to CANDIDATE, lastRpcElapsedTime:5033051915ns, electionTimeout:5018ms
2022-10-06 01:04:58,845 [b1188ba9-7404-4c69-a541-42ff8694cd3e@group-A12B94BABBCA-FollowerState] INFO  impl.RoleInfo (RoleInfo.java:shutdownFollowerState(110)) - b1188ba9-7404-4c69-a541-42ff8694cd3e: shutdown b1188ba9-7404-4c69-a541-42ff8694cd3e@group-A12B94BABBCA-FollowerState
2022-10-06 01:04:58,845 [b1188ba9-7404-4c69-a541-42ff8694cd3e@group-A12B94BABBCA-FollowerState] INFO  server.RaftServer$Division (RaftServerImpl.java:setRole(299)) - b1188ba9-7404-4c69-a541-42ff8694cd3e@group-A12B94BABBCA: changes role from  FOLLOWER to CANDIDATE at term 0 for changeToCandidate
2022-10-06 01:04:58,845 [b1188ba9-7404-4c69-a541-42ff8694cd3e@group-A12B94BABBCA-FollowerState] INFO  server.RaftServerConfigKeys (ConfUtils.java:logGet(46)) - raft.server.leaderelection.pre-vote = false (custom)
2022-10-06 01:04:58,845 [b1188ba9-7404-4c69-a541-42ff8694cd3e@group-A12B94BABBCA-FollowerState] INFO  impl.RoleInfo (RoleInfo.java:updateAndGet(139)) - b1188ba9-7404-4c69-a541-42ff8694cd3e: start b1188ba9-7404-4c69-a541-42ff8694cd3e@group-A12B94BABBCA-LeaderElection19
2022-10-06 01:04:58,887 [b1188ba9-7404-4c69-a541-42ff8694cd3e@group-A12B94BABBCA-LeaderElection19] INFO  impl.LeaderElection (LeaderElection.java:askForVotes(310)) - b1188ba9-7404-4c69-a541-42ff8694cd3e@group-A12B94BABBCA-LeaderElection19 ELECTION round 0: submit vote requests at term 1 for -1: [23a5c7c7-a279-444f-ae9a-ea80730ba37f|rpc:10.1.0.249:46507|priority:1, 92ca9abc-3f8f-4561-9917-cda982ad8ac5|rpc:10.1.0.249:43563|priority:0, b1188ba9-7404-4c69-a541-42ff8694cd3e|rpc:10.1.0.249:39649|priority:0], old=null
2022-10-06 01:04:58,910 [grpc-default-executor-2] INFO  server.RaftServer$Division (RaftServerImpl.java:requestVote(1152)) - 23a5c7c7-a279-444f-ae9a-ea80730ba37f@group-A12B94BABBCA: receive requestVote(ELECTION, b1188ba9-7404-4c69-a541-42ff8694cd3e, group-A12B94BABBCA, 1, (t:0, i:0))
2022-10-06 01:04:58,911 [grpc-default-executor-2] INFO  impl.VoteContext (VoteContext.java:log(48)) - 23a5c7c7-a279-444f-ae9a-ea80730ba37f@group-A12B94BABBCA-FOLLOWER: reject ELECTION from b1188ba9-7404-4c69-a541-42ff8694cd3e: our priority 1 > candidate's priority 0
2022-10-06 01:04:58,911 [grpc-default-executor-2] INFO  server.RaftServer$Division (RaftServerImpl.java:setRole(299)) - 23a5c7c7-a279-444f-ae9a-ea80730ba37f@group-A12B94BABBCA: changes role from  FOLLOWER to FOLLOWER at term 1 for candidate:b1188ba9-7404-4c69-a541-42ff8694cd3e
2022-10-06 01:04:58,911 [grpc-default-executor-2] INFO  impl.RoleInfo (RoleInfo.java:shutdownFollowerState(110)) - 23a5c7c7-a279-444f-ae9a-ea80730ba37f: shutdown 23a5c7c7-a279-444f-ae9a-ea80730ba37f@group-A12B94BABBCA-FollowerState
2022-10-06 01:04:58,911 [grpc-default-executor-2] INFO  impl.RoleInfo (RoleInfo.java:updateAndGet(139)) - 23a5c7c7-a279-444f-ae9a-ea80730ba37f: start 23a5c7c7-a279-444f-ae9a-ea80730ba37f@group-A12B94BABBCA-FollowerState
2022-10-06 01:04:58,911 [23a5c7c7-a279-444f-ae9a-ea80730ba37f@group-A12B94BABBCA-FollowerState] INFO  impl.FollowerState (FollowerState.java:run(152)) - 23a5c7c7-a279-444f-ae9a-ea80730ba37f@group-A12B94BABBCA-FollowerState was interrupted
2022-10-06 01:04:58,912 [grpc-default-executor-2] INFO  server.RaftServer$Division (RaftServerImpl.java:requestVote(1184)) - 23a5c7c7-a279-444f-ae9a-ea80730ba37f@group-A12B94BABBCA replies to ELECTION vote request: b1188ba9-7404-4c69-a541-42ff8694cd3e<-23a5c7c7-a279-444f-ae9a-ea80730ba37f#0:FAIL-t1. Peer's state: 23a5c7c7-a279-444f-ae9a-ea80730ba37f@group-A12B94BABBCA:t1, leader=null, voted=null, raftlog=23a5c7c7-a279-444f-ae9a-ea80730ba37f@group-A12B94BABBCA-SegmentedRaftLog:OPENED:c-1, conf=-1: [23a5c7c7-a279-444f-ae9a-ea80730ba37f|rpc:10.1.0.249:46507|dataStream:|priority:1, 92ca9abc-3f8f-4561-9917-cda982ad8ac5|rpc:10.1.0.249:43563|dataStream:|priority:0, b1188ba9-7404-4c69-a541-42ff8694cd3e|rpc:10.1.0.249:39649|dataStream:|priority:0], old=null
2022-10-06 01:04:58,913 [b1188ba9-7404-4c69-a541-42ff8694cd3e@group-A12B94BABBCA-LeaderElection19] INFO  impl.LeaderElection (LeaderElection.java:logAndReturn(90)) - b1188ba9-7404-4c69-a541-42ff8694cd3e@group-A12B94BABBCA-LeaderElection19: ELECTION REJECTED received 1 response(s) and 0 exception(s):
2022-10-06 01:04:58,913 [b1188ba9-7404-4c69-a541-42ff8694cd3e@group-A12B94BABBCA-LeaderElection19] INFO  impl.LeaderElection (LeaderElection.java:logAndReturn(94)) -   Response 0: b1188ba9-7404-4c69-a541-42ff8694cd3e<-23a5c7c7-a279-444f-ae9a-ea80730ba37f#0:FAIL-t1
2022-10-06 01:04:58,913 [b1188ba9-7404-4c69-a541-42ff8694cd3e@group-A12B94BABBCA-LeaderElection19] INFO  impl.LeaderElection (LeaderElection.java:askForVotes(312)) - b1188ba9-7404-4c69-a541-42ff8694cd3e@group-A12B94BABBCA-LeaderElection19 ELECTION round 0: result REJECTED
2022-10-06 01:04:58,913 [b1188ba9-7404-4c69-a541-42ff8694cd3e@group-A12B94BABBCA-LeaderElection19] INFO  server.RaftServer$Division (RaftServerImpl.java:setRole(299)) - b1188ba9-7404-4c69-a541-42ff8694cd3e@group-A12B94BABBCA: changes role from CANDIDATE to FOLLOWER at term 1 for REJECTED
2022-10-06 01:04:58,913 [b1188ba9-7404-4c69-a541-42ff8694cd3e@group-A12B94BABBCA-LeaderElection19] INFO  impl.RoleInfo (RoleInfo.java:shutdownLeaderElection(130)) - b1188ba9-7404-4c69-a541-42ff8694cd3e: shutdown b1188ba9-7404-4c69-a541-42ff8694cd3e@group-A12B94BABBCA-LeaderElection19
2022-10-06 01:04:58,913 [b1188ba9-7404-4c69-a541-42ff8694cd3e@group-A12B94BABBCA-LeaderElection19] INFO  impl.RoleInfo (RoleInfo.java:updateAndGet(139)) - b1188ba9-7404-4c69-a541-42ff8694cd3e: start b1188ba9-7404-4c69-a541-42ff8694cd3e@group-A12B94BABBCA-FollowerState
2022-10-06 01:04:58,942 [grpc-default-executor-2] INFO  server.RaftServer$Division (RaftServerImpl.java:requestVote(1152)) - 92ca9abc-3f8f-4561-9917-cda982ad8ac5@group-A12B94BABBCA: receive requestVote(ELECTION, b1188ba9-7404-4c69-a541-42ff8694cd3e, group-A12B94BABBCA, 1, (t:0, i:0))
2022-10-06 01:04:58,942 [grpc-default-executor-2] INFO  impl.VoteContext (VoteContext.java:log(48)) - 92ca9abc-3f8f-4561-9917-cda982ad8ac5@group-A12B94BABBCA-FOLLOWER: accept ELECTION from b1188ba9-7404-4c69-a541-42ff8694cd3e: our priority 0 <= candidate's priority 0
2022-10-06 01:04:58,942 [grpc-default-executor-2] INFO  server.RaftServer$Division (RaftServerImpl.java:setRole(299)) - 92ca9abc-3f8f-4561-9917-cda982ad8ac5@group-A12B94BABBCA: changes role from  FOLLOWER to FOLLOWER at term 1 for candidate:b1188ba9-7404-4c69-a541-42ff8694cd3e
2022-10-06 01:04:58,942 [grpc-default-executor-2] INFO  impl.RoleInfo (RoleInfo.java:shutdownFollowerState(110)) - 92ca9abc-3f8f-4561-9917-cda982ad8ac5: shutdown 92ca9abc-3f8f-4561-9917-cda982ad8ac5@group-A12B94BABBCA-FollowerState
2022-10-06 01:04:58,942 [grpc-default-executor-2] INFO  impl.RoleInfo (RoleInfo.java:updateAndGet(139)) - 92ca9abc-3f8f-4561-9917-cda982ad8ac5: start 92ca9abc-3f8f-4561-9917-cda982ad8ac5@group-A12B94BABBCA-FollowerState
2022-10-06 01:04:58,943 [92ca9abc-3f8f-4561-9917-cda982ad8ac5@group-A12B94BABBCA-FollowerState] INFO  impl.FollowerState (FollowerState.java:run(152)) - 92ca9abc-3f8f-4561-9917-cda982ad8ac5@group-A12B94BABBCA-FollowerState was interrupted
2022-10-06 01:04:58,946 [grpc-default-executor-2] INFO  server.RaftServer$Division (RaftServerImpl.java:requestVote(1184)) - 92ca9abc-3f8f-4561-9917-cda982ad8ac5@group-A12B94BABBCA replies to ELECTION vote request: b1188ba9-7404-4c69-a541-42ff8694cd3e<-92ca9abc-3f8f-4561-9917-cda982ad8ac5#0:OK-t1. Peer's state: 92ca9abc-3f8f-4561-9917-cda982ad8ac5@group-A12B94BABBCA:t1, leader=null, voted=b1188ba9-7404-4c69-a541-42ff8694cd3e, raftlog=92ca9abc-3f8f-4561-9917-cda982ad8ac5@group-A12B94BABBCA-SegmentedRaftLog:OPENED:c-1, conf=-1: [23a5c7c7-a279-444f-ae9a-ea80730ba37f|rpc:10.1.0.249:46507|dataStream:|priority:1, 92ca9abc-3f8f-4561-9917-cda982ad8ac5|rpc:10.1.0.249:43563|dataStream:|priority:0, b1188ba9-7404-4c69-a541-42ff8694cd3e|rpc:10.1.0.249:39649|dataStream:|priority:0], old=null
2022-10-06 01:04:59,133 [92ca9abc-3f8f-4561-9917-cda982ad8ac5@group-C4F0A49C1DAB-FollowerState] INFO  impl.FollowerState (FollowerState.java:run(143)) - 92ca9abc-3f8f-4561-9917-cda982ad8ac5@group-C4F0A49C1DAB-FollowerState: change to CANDIDATE, lastRpcElapsedTime:5075551896ns, electionTimeout:5060ms
2022-10-06 01:04:59,134 [92ca9abc-3f8f-4561-9917-cda982ad8ac5@group-C4F0A49C1DAB-FollowerState] INFO  impl.RoleInfo (RoleInfo.java:shutdownFollowerState(110)) - 92ca9abc-3f8f-4561-9917-cda982ad8ac5: shutdown 92ca9abc-3f8f-4561-9917-cda982ad8ac5@group-C4F0A49C1DAB-FollowerState
2022-10-06 01:04:59,134 [92ca9abc-3f8f-4561-9917-cda982ad8ac5@group-C4F0A49C1DAB-FollowerState] INFO  server.RaftServer$Division (RaftServerImpl.java:setRole(299)) - 92ca9abc-3f8f-4561-9917-cda982ad8ac5@group-C4F0A49C1DAB: changes role from  FOLLOWER to CANDIDATE at term 0 for changeToCandidate
2022-10-06 01:04:59,134 [92ca9abc-3f8f-4561-9917-cda982ad8ac5@group-C4F0A49C1DAB-FollowerState] INFO  server.RaftServerConfigKeys (ConfUtils.java:logGet(46)) - raft.server.leaderelection.pre-vote = false (custom)
2022-10-06 01:04:59,134 [92ca9abc-3f8f-4561-9917-cda982ad8ac5@group-C4F0A49C1DAB-FollowerState] INFO  impl.RoleInfo (RoleInfo.java:updateAndGet(139)) - 92ca9abc-3f8f-4561-9917-cda982ad8ac5: start 92ca9abc-3f8f-4561-9917-cda982ad8ac5@group-C4F0A49C1DAB-LeaderElection20
2022-10-06 01:04:59,161 [92ca9abc-3f8f-4561-9917-cda982ad8ac5@group-C4F0A49C1DAB-LeaderElection20] INFO  impl.LeaderElection (LeaderElection.java:askForVotes(310)) - 92ca9abc-3f8f-4561-9917-cda982ad8ac5@group-C4F0A49C1DAB-LeaderElection20 ELECTION round 0: submit vote requests at term 1 for -1: [92ca9abc-3f8f-4561-9917-cda982ad8ac5|rpc:10.1.0.249:43563|priority:1], old=null
2022-10-06 01:04:59,161 [92ca9abc-3f8f-4561-9917-cda982ad8ac5@group-C4F0A49C1DAB-LeaderElection20] INFO  impl.LeaderElection (LeaderElection.java:askForVotes(312)) - 92ca9abc-3f8f-4561-9917-cda982ad8ac5@group-C4F0A49C1DAB-LeaderElection20 ELECTION round 0: result PASSED (term=1)
2022-10-06 01:04:59,161 [92ca9abc-3f8f-4561-9917-cda982ad8ac5@group-C4F0A49C1DAB-LeaderElection20] INFO  impl.RoleInfo (RoleInfo.java:shutdownLeaderElection(130)) - 92ca9abc-3f8f-4561-9917-cda982ad8ac5: shutdown 92ca9abc-3f8f-4561-9917-cda982ad8ac5@group-C4F0A49C1DAB-LeaderElection20
2022-10-06 01:04:59,161 [92ca9abc-3f8f-4561-9917-cda982ad8ac5@group-C4F0A49C1DAB-LeaderElection20] INFO  server.RaftServer$Division (RaftServerImpl.java:setRole(299)) - 92ca9abc-3f8f-4561-9917-cda982ad8ac5@group-C4F0A49C1DAB: changes role from CANDIDATE to LEADER at term 1 for changeToLeader
2022-10-06 01:04:59,161 [92ca9abc-3f8f-4561-9917-cda982ad8ac5@group-C4F0A49C1DAB-LeaderElection20] INFO  ratis.XceiverServerRatis (XceiverServerRatis.java:handleLeaderChangedNotification(863)) - Leader change notification received for group: group-C4F0A49C1DAB with new leaderId: 92ca9abc-3f8f-4561-9917-cda982ad8ac5
2022-10-06 01:04:59,162 [92ca9abc-3f8f-4561-9917-cda982ad8ac5@group-C4F0A49C1DAB-LeaderElection20] INFO  server.RaftServer$Division (ServerState.java:setLeader(287)) - 92ca9abc-3f8f-4561-9917-cda982ad8ac5@group-C4F0A49C1DAB: change Leader from null to 92ca9abc-3f8f-4561-9917-cda982ad8ac5 at term 1 for becomeLeader, leader elected after 5147ms
2022-10-06 01:04:59,162 [92ca9abc-3f8f-4561-9917-cda982ad8ac5@group-C4F0A49C1DAB-LeaderElection20] INFO  server.RaftServerConfigKeys (ConfUtils.java:logGet(46)) - raft.server.staging.catchup.gap = 1000 (default)
2022-10-06 01:04:59,162 [92ca9abc-3f8f-4561-9917-cda982ad8ac5@group-C4F0A49C1DAB-LeaderElection20] INFO  server.RaftServerConfigKeys (ConfUtils.java:logGet(46)) - raft.server.write.element-limit = 1024 (custom)
2022-10-06 01:04:59,162 [92ca9abc-3f8f-4561-9917-cda982ad8ac5@group-C4F0A49C1DAB-LeaderElection20] INFO  server.RaftServerConfigKeys (ConfUtils.java:logGet(46)) - raft.server.write.byte-limit = 1024 M (=1073741824) (custom)
2022-10-06 01:04:59,162 [92ca9abc-3f8f-4561-9917-cda982ad8ac5@group-C4F0A49C1DAB-LeaderElection20] INFO  server.RaftServerConfigKeys (ConfUtils.java:logGet(46)) - raft.server.watch.timeout = 180s (custom)
2022-10-06 01:04:59,162 [92ca9abc-3f8f-4561-9917-cda982ad8ac5@group-C4F0A49C1DAB-LeaderElection20] INFO  server.RaftServerConfigKeys (ConfUtils.java:logGet(46)) - raft.server.watch.timeout.denomination = 1s (default)
2022-10-06 01:04:59,162 [92ca9abc-3f8f-4561-9917-cda982ad8ac5@group-C4F0A49C1DAB-LeaderElection20] INFO  server.RaftServerConfigKeys (ConfUtils.java:logGet(46)) - raft.server.watch.element-limit = 65536 (default)
2022-10-06 01:04:59,162 [92ca9abc-3f8f-4561-9917-cda982ad8ac5@group-C4F0A49C1DAB-LeaderElection20] INFO  server.RaftServerConfigKeys (ConfUtils.java:logGet(46)) - raft.server.write.element-limit = 1024 (custom)
2022-10-06 01:04:59,162 [92ca9abc-3f8f-4561-9917-cda982ad8ac5@group-C4F0A49C1DAB-LeaderElection20] INFO  server.RaftServerConfigKeys (ConfUtils.java:logGet(46)) - raft.server.write.follower.gap.ratio.max = -1.0 (default)
2022-10-06 01:04:59,162 [92ca9abc-3f8f-4561-9917-cda982ad8ac5@group-C4F0A49C1DAB-LeaderElection20] INFO  impl.RoleInfo (RoleInfo.java:updateAndGet(139)) - 92ca9abc-3f8f-4561-9917-cda982ad8ac5: start 92ca9abc-3f8f-4561-9917-cda982ad8ac5@group-C4F0A49C1DAB-LeaderStateImpl
2022-10-06 01:04:59,163 [92ca9abc-3f8f-4561-9917-cda982ad8ac5@group-C4F0A49C1DAB-LeaderElection20] INFO  segmented.SegmentedRaftLogWorker (SegmentedRaftLogWorker.java:startLogSegment(425)) - 92ca9abc-3f8f-4561-9917-cda982ad8ac5@group-C4F0A49C1DAB-SegmentedRaftLogWorker: Starting segment from index:0
2022-10-06 01:04:59,166 [92ca9abc-3f8f-4561-9917-cda982ad8ac5@group-C4F0A49C1DAB-SegmentedRaftLogWorker] INFO  segmented.SegmentedRaftLogWorker (SegmentedRaftLogWorker.java:execute(629)) - 92ca9abc-3f8f-4561-9917-cda982ad8ac5@group-C4F0A49C1DAB-SegmentedRaftLogWorker: created new log segment /home/runner/work/ozone/ozone/hadoop-ozone/integration-test/target/test-dir/MiniOzoneClusterImpl-07f884e1-d8a6-4fa8-8867-d1ed1eaa8398/datanode-1/data/ratis/87b30120-517b-4ad8-a9b7-c4f0a49c1dab/current/log_inprogress_0
2022-10-06 01:04:59,179 [92ca9abc-3f8f-4561-9917-cda982ad8ac5@group-C4F0A49C1DAB-LeaderElection20] INFO  server.RaftServer$Division (ServerState.java:setRaftConf(393)) - 92ca9abc-3f8f-4561-9917-cda982ad8ac5@group-C4F0A49C1DAB: set configuration 0: [92ca9abc-3f8f-4561-9917-cda982ad8ac5|rpc:10.1.0.249:43563|dataStream:|priority:1], old=null
2022-10-06 01:04:59,260 [Listener at 127.0.0.1/44363] INFO  ozone.MiniOzoneClusterImpl (MiniOzoneClusterImpl.java:lambda$waitForClusterToBeReady$0(216)) - Nodes are ready. Got 5 of 5 DN Heartbeats.
2022-10-06 01:04:59,260 [Listener at 127.0.0.1/44363] INFO  ozone.MiniOzoneClusterImpl (MiniOzoneClusterImpl.java:lambda$waitForClusterToBeReady$0(219)) - Cluster exits safe mode
2022-10-06 01:04:59,260 [Listener at 127.0.0.1/44363] INFO  ozone.MiniOzoneClusterImpl (MiniOzoneClusterImpl.java:lambda$waitForClusterToBeReady$0(221)) - SCM became leader
2022-10-06 01:04:59,380 [Time-limited test] INFO  rpc.RpcClient (RpcClient.java:createVolume(471)) - Creating Volume: volume32190, with user81638 as owner and space quota set to -1 bytes, counts quota set to -1
2022-10-06 01:04:59,381 [IPC Server handler 13 on default port 44363] INFO  volume.OMVolumeCreateRequest (OMVolumeCreateRequest.java:validateAndUpdateCache(195)) - created volume:volume32190 for user:user81638
2022-10-06 01:04:59,390 [Time-limited test] INFO  rpc.RpcClient (RpcClient.java:createBucket(674)) - Creating Bucket: volume32190/bucket36523, with bucket layout FILE_SYSTEM_OPTIMIZED, runner as owner, Versioning false, Storage Type set to DISK and Encryption set to false 
2022-10-06 01:04:59,395 [IPC Server handler 17 on default port 44363] INFO  bucket.OMBucketCreateRequest (OMBucketCreateRequest.java:validateAndUpdateCache(260)) - created bucket: bucket36523 of layout FILE_SYSTEM_OPTIMIZED in volume: volume32190
2022-10-06 01:04:59,423 [Time-limited test] INFO  ozone.TestRootedOzoneFileSystemWithFSO (TestRootedOzoneFileSystemWithFSO.java:testRenameDir(148)) - Created dir /volume32190/bucket36523/dir1/sub_dir1
2022-10-06 01:04:59,423 [Time-limited test] INFO  ozone.TestRootedOzoneFileSystemWithFSO (TestRootedOzoneFileSystemWithFSO.java:testRenameDir(149)) - Will move /volume32190/bucket36523/dir1 to /volume32190/bucket36523/dir1.renamed
]]></system-out>
  </testcase>
  <testcase name="testTempMount" classname="TestRootedOzoneFileSystemWithFSO" time="0">
    <skipped message="HDDS-2939"/>
  </testcase>
  <testcase name="testTempMount" classname="TestRootedOzoneFileSystemWithFSO" time="0">
    <skipped message="HDDS-2939"/>
  </testcase>
  <testcase name="testDeleteVolumeAndBucket" classname="TestRootedOzoneFileSystemWithFSO" time="1.159">
    <error type="org.apache.hadoop.fs.PathIsNotEmptyDirectoryException"><![CDATA[org.apache.hadoop.fs.PathIsNotEmptyDirectoryException: `/volume-70220/bucket3': Directory is not empty
	at org.apache.hadoop.fs.ozone.BasicRootedOzoneFileSystem.delete(BasicRootedOzoneFileSystem.java:658)
	at org.apache.hadoop.fs.ozone.BasicRootedOzoneFileSystem.delete(BasicRootedOzoneFileSystem.java:618)
	at org.apache.hadoop.fs.ozone.TestRootedOzoneFileSystemWithFSO.testDeleteVolumeAndBucket(TestRootedOzoneFileSystemWithFSO.java:223)
	at sun.reflect.NativeMethodAccessorImpl.invoke0(Native Method)
	at sun.reflect.NativeMethodAccessorImpl.invoke(NativeMethodAccessorImpl.java:62)
	at sun.reflect.DelegatingMethodAccessorImpl.invoke(DelegatingMethodAccessorImpl.java:43)
	at java.lang.reflect.Method.invoke(Method.java:498)
	at org.junit.runners.model.FrameworkMethod$1.runReflectiveCall(FrameworkMethod.java:59)
	at org.junit.internal.runners.model.ReflectiveCallable.run(ReflectiveCallable.java:12)
	at org.junit.runners.model.FrameworkMethod.invokeExplosively(FrameworkMethod.java:56)
	at org.junit.internal.runners.statements.InvokeMethod.evaluate(InvokeMethod.java:17)
	at org.junit.internal.runners.statements.RunBefores.evaluate(RunBefores.java:26)
	at org.junit.internal.runners.statements.RunAfters.evaluate(RunAfters.java:27)
	at org.junit.internal.runners.statements.FailOnTimeout$CallableStatement.call(FailOnTimeout.java:288)
	at org.junit.internal.runners.statements.FailOnTimeout$CallableStatement.call(FailOnTimeout.java:282)
	at java.util.concurrent.FutureTask.run(FutureTask.java:266)
	at java.lang.Thread.run(Thread.java:750)
]]></error>
    <system-out><![CDATA[2022-10-06 01:03:28,585 [Time-limited test] INFO  rpc.RpcClient (RpcClient.java:createVolume(471)) - Creating Volume: volume34690, with user74172 as owner and space quota set to -1 bytes, counts quota set to -1
2022-10-06 01:03:28,590 [OM StateMachine ApplyTransaction Thread - 0] INFO  volume.OMVolumeCreateRequest (OMVolumeCreateRequest.java:validateAndUpdateCache(195)) - created volume:volume34690 for user:user74172
2022-10-06 01:03:28,592 [Time-limited test] INFO  rpc.RpcClient (RpcClient.java:createBucket(674)) - Creating Bucket: volume34690/bucket19762, with bucket layout FILE_SYSTEM_OPTIMIZED, runner as owner, Versioning false, Storage Type set to DISK and Encryption set to false 
2022-10-06 01:03:28,595 [OM StateMachine ApplyTransaction Thread - 0] INFO  bucket.OMBucketCreateRequest (OMBucketCreateRequest.java:validateAndUpdateCache(260)) - created bucket: bucket19762 of layout FILE_SYSTEM_OPTIMIZED in volume: volume34690
01:03:28.605 [IPC Server handler 10 on default port 34317] ERROR OMAudit - user=runner | ip=127.0.0.1 | op=READ_BUCKET {volume=volume-70220, bucket=bucket3} | ret=FAILURE
org.apache.hadoop.ozone.om.exceptions.OMException: Volume not found when getting bucket info
	at org.apache.hadoop.ozone.om.BucketManagerImpl.getBucketInfo(BucketManagerImpl.java:127) ~[ozone-manager-1.3.0-SNAPSHOT.jar:?]
	at org.apache.hadoop.ozone.om.OzoneManager.getBucketInfo(OzoneManager.java:2792) ~[ozone-manager-1.3.0-SNAPSHOT.jar:?]
	at org.apache.hadoop.ozone.protocolPB.OzoneManagerRequestHandler.infoBucket(OzoneManagerRequestHandler.java:475) ~[ozone-manager-1.3.0-SNAPSHOT.jar:?]
	at org.apache.hadoop.ozone.protocolPB.OzoneManagerRequestHandler.handleReadRequest(OzoneManagerRequestHandler.java:178) ~[ozone-manager-1.3.0-SNAPSHOT.jar:?]
	at org.apache.hadoop.ozone.protocolPB.OzoneManagerProtocolServerSideTranslatorPB.submitReadRequestToOM(OzoneManagerProtocolServerSideTranslatorPB.java:226) ~[ozone-manager-1.3.0-SNAPSHOT.jar:?]
	at org.apache.hadoop.ozone.protocolPB.OzoneManagerProtocolServerSideTranslatorPB.processRequest(OzoneManagerProtocolServerSideTranslatorPB.java:175) ~[ozone-manager-1.3.0-SNAPSHOT.jar:?]
	at org.apache.hadoop.hdds.server.OzoneProtocolMessageDispatcher.processRequest(OzoneProtocolMessageDispatcher.java:87) [hdds-server-framework-1.3.0-SNAPSHOT.jar:?]
	at org.apache.hadoop.ozone.protocolPB.OzoneManagerProtocolServerSideTranslatorPB.submitRequest(OzoneManagerProtocolServerSideTranslatorPB.java:147) [ozone-manager-1.3.0-SNAPSHOT.jar:?]
	at org.apache.hadoop.ozone.protocol.proto.OzoneManagerProtocolProtos$OzoneManagerService$2.callBlockingMethod(OzoneManagerProtocolProtos.java) [ozone-interface-client-1.3.0-SNAPSHOT.jar:?]
	at org.apache.hadoop.ipc.ProtobufRpcEngine$Server.processCall(ProtobufRpcEngine.java:466) [hadoop-common-3.3.1.jar:?]
	at org.apache.hadoop.ipc.ProtobufRpcEngine2$Server$ProtoBufRpcInvoker.call(ProtobufRpcEngine2.java:574) [hadoop-common-3.3.1.jar:?]
	at org.apache.hadoop.ipc.ProtobufRpcEngine2$Server$ProtoBufRpcInvoker.call(ProtobufRpcEngine2.java:552) [hadoop-common-3.3.1.jar:?]
	at org.apache.hadoop.ipc.RPC$Server.call(RPC.java:1093) [hadoop-common-3.3.1.jar:?]
	at org.apache.hadoop.ipc.Server$RpcCall.run(Server.java:1035) [hadoop-common-3.3.1.jar:?]
	at org.apache.hadoop.ipc.Server$RpcCall.run(Server.java:963) [hadoop-common-3.3.1.jar:?]
	at java.security.AccessController.doPrivileged(Native Method) ~[?:1.8.0_345]
	at javax.security.auth.Subject.doAs(Subject.java:422) [?:1.8.0_345]
	at org.apache.hadoop.security.UserGroupInformation.doAs(UserGroupInformation.java:1878) [hadoop-common-3.3.1.jar:?]
	at org.apache.hadoop.ipc.Server$Handler.run(Server.java:2966) [hadoop-common-3.3.1.jar:?]
2022-10-06 01:03:28,617 [Time-limited test] INFO  rpc.RpcClient (RpcClient.java:createVolume(471)) - Creating Volume: volume-70220, with runner as owner and space quota set to -1 bytes, counts quota set to -1
2022-10-06 01:03:28,620 [OM StateMachine ApplyTransaction Thread - 0] INFO  volume.OMVolumeCreateRequest (OMVolumeCreateRequest.java:validateAndUpdateCache(195)) - created volume:volume-70220 for user:runner
2022-10-06 01:03:28,622 [Time-limited test] INFO  rpc.RpcClient (RpcClient.java:createBucket(674)) - Creating Bucket: volume-70220/bucket3, with bucket layout FILE_SYSTEM_OPTIMIZED, runner as owner, Versioning false, Storage Type set to DISK and Encryption set to false 
2022-10-06 01:03:28,624 [OM StateMachine ApplyTransaction Thread - 0] INFO  bucket.OMBucketCreateRequest (OMBucketCreateRequest.java:validateAndUpdateCache(260)) - created bucket: bucket3 of layout FILE_SYSTEM_OPTIMIZED in volume: volume-70220
2022-10-06 01:03:28,654 [IPC Server handler 0 on default port 42963] INFO  ha.SequenceIdGenerator (SequenceIdGenerator.java:getNextId(128)) - Allocate a batch for containerId, change lastId from 0 to 1000.
2022-10-06 01:03:28,664 [IPC Server handler 0 on default port 42963] WARN  ha.SequenceIdGenerator (SequenceIdGenerator.java:allocateBatch(237)) - Failed to allocate a batch for localId, expected lastId is 0, actual lastId is 109611004723200000.
2022-10-06 01:03:28,664 [IPC Server handler 0 on default port 42963] INFO  ha.SequenceIdGenerator (SequenceIdGenerator.java:getNextId(128)) - Allocate a batch for localId, change lastId from 109611004723200000 to 109611004723201000.
2022-10-06 01:03:28,733 [Time-limited test] INFO  impl.MetricsSystemImpl (MetricsSystemImpl.java:init(158)) - XceiverClientMetrics metrics system started (again)
01:03:29.692 [OM StateMachine ApplyTransaction Thread - 0] ERROR OMAudit - user=runner | ip=127.0.0.1 | op=DELETE_BUCKET {volume=volume-70220, bucket=bucket3} | ret=FAILURE
org.apache.hadoop.ozone.om.exceptions.OMException: Bucket is not empty
	at org.apache.hadoop.ozone.om.request.bucket.OMBucketDeleteRequest.validateAndUpdateCache(OMBucketDeleteRequest.java:135) ~[ozone-manager-1.3.0-SNAPSHOT.jar:?]
	at org.apache.hadoop.ozone.protocolPB.OzoneManagerRequestHandler.handleWriteRequest(OzoneManagerRequestHandler.java:304) ~[ozone-manager-1.3.0-SNAPSHOT.jar:?]
	at org.apache.hadoop.ozone.om.ratis.OzoneManagerStateMachine.runCommand(OzoneManagerStateMachine.java:529) ~[ozone-manager-1.3.0-SNAPSHOT.jar:?]
	at org.apache.hadoop.ozone.om.ratis.OzoneManagerStateMachine.lambda$1(OzoneManagerStateMachine.java:324) ~[ozone-manager-1.3.0-SNAPSHOT.jar:?]
	at java.util.concurrent.CompletableFuture$AsyncSupply.run(CompletableFuture.java:1604) [?:1.8.0_345]
	at java.util.concurrent.ThreadPoolExecutor.runWorker(ThreadPoolExecutor.java:1149) [?:1.8.0_345]
	at java.util.concurrent.ThreadPoolExecutor$Worker.run(ThreadPoolExecutor.java:624) [?:1.8.0_345]
	at java.lang.Thread.run(Thread.java:750) [?:1.8.0_345]
2022-10-06 01:03:29,693 [OM StateMachine ApplyTransaction Thread - 0] ERROR bucket.OMBucketDeleteRequest (OMBucketDeleteRequest.java:validateAndUpdateCache(195)) - Delete bucket failed for bucket:bucket3 in volume:volume-70220
BUCKET_NOT_EMPTY org.apache.hadoop.ozone.om.exceptions.OMException: Bucket is not empty
	at org.apache.hadoop.ozone.om.request.bucket.OMBucketDeleteRequest.validateAndUpdateCache(OMBucketDeleteRequest.java:135)
	at org.apache.hadoop.ozone.protocolPB.OzoneManagerRequestHandler.handleWriteRequest(OzoneManagerRequestHandler.java:304)
	at org.apache.hadoop.ozone.om.ratis.OzoneManagerStateMachine.runCommand(OzoneManagerStateMachine.java:529)
	at org.apache.hadoop.ozone.om.ratis.OzoneManagerStateMachine.lambda$1(OzoneManagerStateMachine.java:324)
	at java.util.concurrent.CompletableFuture$AsyncSupply.run(CompletableFuture.java:1604)
	at java.util.concurrent.ThreadPoolExecutor.runWorker(ThreadPoolExecutor.java:1149)
	at java.util.concurrent.ThreadPoolExecutor$Worker.run(ThreadPoolExecutor.java:624)
	at java.lang.Thread.run(Thread.java:750)
]]></system-out>
  </testcase>
  <testcase name="testDeleteVolumeAndBucket" classname="TestRootedOzoneFileSystemWithFSO" time="1.311">
    <system-out><![CDATA[2022-10-06 01:04:59,559 [Time-limited test] INFO  rpc.RpcClient (RpcClient.java:createVolume(471)) - Creating Volume: volume01516, with user59221 as owner and space quota set to -1 bytes, counts quota set to -1
2022-10-06 01:04:59,560 [IPC Server handler 19 on default port 44363] INFO  volume.OMVolumeCreateRequest (OMVolumeCreateRequest.java:validateAndUpdateCache(195)) - created volume:volume01516 for user:user59221
2022-10-06 01:04:59,561 [Time-limited test] INFO  rpc.RpcClient (RpcClient.java:createBucket(674)) - Creating Bucket: volume01516/bucket90975, with bucket layout FILE_SYSTEM_OPTIMIZED, runner as owner, Versioning false, Storage Type set to DISK and Encryption set to false 
2022-10-06 01:04:59,562 [IPC Server handler 10 on default port 44363] INFO  bucket.OMBucketCreateRequest (OMBucketCreateRequest.java:validateAndUpdateCache(260)) - created bucket: bucket90975 of layout FILE_SYSTEM_OPTIMIZED in volume: volume01516
01:04:59.566 [IPC Server handler 13 on default port 44363] ERROR OMAudit - user=runner | ip=127.0.0.1 | op=READ_BUCKET {volume=volume-93494, bucket=bucket3} | ret=FAILURE
org.apache.hadoop.ozone.om.exceptions.OMException: Volume not found when getting bucket info
	at org.apache.hadoop.ozone.om.BucketManagerImpl.getBucketInfo(BucketManagerImpl.java:127) ~[ozone-manager-1.3.0-SNAPSHOT.jar:?]
	at org.apache.hadoop.ozone.om.OzoneManager.getBucketInfo(OzoneManager.java:2792) ~[ozone-manager-1.3.0-SNAPSHOT.jar:?]
	at org.apache.hadoop.ozone.protocolPB.OzoneManagerRequestHandler.infoBucket(OzoneManagerRequestHandler.java:475) ~[ozone-manager-1.3.0-SNAPSHOT.jar:?]
	at org.apache.hadoop.ozone.protocolPB.OzoneManagerRequestHandler.handleReadRequest(OzoneManagerRequestHandler.java:178) ~[ozone-manager-1.3.0-SNAPSHOT.jar:?]
	at org.apache.hadoop.ozone.protocolPB.OzoneManagerProtocolServerSideTranslatorPB.submitRequestDirectlyToOM(OzoneManagerProtocolServerSideTranslatorPB.java:276) ~[ozone-manager-1.3.0-SNAPSHOT.jar:?]
	at org.apache.hadoop.ozone.protocolPB.OzoneManagerProtocolServerSideTranslatorPB.processRequest(OzoneManagerProtocolServerSideTranslatorPB.java:205) ~[ozone-manager-1.3.0-SNAPSHOT.jar:?]
	at org.apache.hadoop.hdds.server.OzoneProtocolMessageDispatcher.processRequest(OzoneProtocolMessageDispatcher.java:87) [hdds-server-framework-1.3.0-SNAPSHOT.jar:?]
	at org.apache.hadoop.ozone.protocolPB.OzoneManagerProtocolServerSideTranslatorPB.submitRequest(OzoneManagerProtocolServerSideTranslatorPB.java:147) [ozone-manager-1.3.0-SNAPSHOT.jar:?]
	at org.apache.hadoop.ozone.protocol.proto.OzoneManagerProtocolProtos$OzoneManagerService$2.callBlockingMethod(OzoneManagerProtocolProtos.java) [ozone-interface-client-1.3.0-SNAPSHOT.jar:?]
	at org.apache.hadoop.ipc.ProtobufRpcEngine$Server.processCall(ProtobufRpcEngine.java:466) [hadoop-common-3.3.1.jar:?]
	at org.apache.hadoop.ipc.ProtobufRpcEngine2$Server$ProtoBufRpcInvoker.call(ProtobufRpcEngine2.java:574) [hadoop-common-3.3.1.jar:?]
	at org.apache.hadoop.ipc.ProtobufRpcEngine2$Server$ProtoBufRpcInvoker.call(ProtobufRpcEngine2.java:552) [hadoop-common-3.3.1.jar:?]
	at org.apache.hadoop.ipc.RPC$Server.call(RPC.java:1093) [hadoop-common-3.3.1.jar:?]
	at org.apache.hadoop.ipc.Server$RpcCall.run(Server.java:1035) [hadoop-common-3.3.1.jar:?]
	at org.apache.hadoop.ipc.Server$RpcCall.run(Server.java:963) [hadoop-common-3.3.1.jar:?]
	at java.security.AccessController.doPrivileged(Native Method) ~[?:1.8.0_345]
	at javax.security.auth.Subject.doAs(Subject.java:422) [?:1.8.0_345]
	at org.apache.hadoop.security.UserGroupInformation.doAs(UserGroupInformation.java:1878) [hadoop-common-3.3.1.jar:?]
	at org.apache.hadoop.ipc.Server$Handler.run(Server.java:2966) [hadoop-common-3.3.1.jar:?]
2022-10-06 01:04:59,567 [Time-limited test] INFO  rpc.RpcClient (RpcClient.java:createVolume(471)) - Creating Volume: volume-93494, with runner as owner and space quota set to -1 bytes, counts quota set to -1
2022-10-06 01:04:59,567 [IPC Server handler 14 on default port 44363] INFO  volume.OMVolumeCreateRequest (OMVolumeCreateRequest.java:validateAndUpdateCache(195)) - created volume:volume-93494 for user:runner
2022-10-06 01:04:59,568 [Time-limited test] INFO  rpc.RpcClient (RpcClient.java:createBucket(674)) - Creating Bucket: volume-93494/bucket3, with bucket layout FILE_SYSTEM_OPTIMIZED, runner as owner, Versioning false, Storage Type set to DISK and Encryption set to false 
2022-10-06 01:04:59,568 [IPC Server handler 1 on default port 44363] INFO  bucket.OMBucketCreateRequest (OMBucketCreateRequest.java:validateAndUpdateCache(260)) - created bucket: bucket3 of layout FILE_SYSTEM_OPTIMIZED in volume: volume-93494
2022-10-06 01:04:59,586 [IPC Server handler 0 on default port 40029] INFO  ha.SequenceIdGenerator (SequenceIdGenerator.java:getNextId(128)) - Allocate a batch for containerId, change lastId from 0 to 1000.
2022-10-06 01:04:59,586 [IPC Server handler 0 on default port 40029] WARN  ha.SequenceIdGenerator (SequenceIdGenerator.java:allocateBatch(237)) - Failed to allocate a batch for localId, expected lastId is 0, actual lastId is 109611004723200000.
2022-10-06 01:04:59,586 [IPC Server handler 0 on default port 40029] INFO  ha.SequenceIdGenerator (SequenceIdGenerator.java:getNextId(128)) - Allocate a batch for localId, change lastId from 109611004723200000 to 109611004723201000.
2022-10-06 01:04:59,893 [23a5c7c7-a279-444f-ae9a-ea80730ba37f@group-33A239F343B5-FollowerState] INFO  impl.FollowerState (FollowerState.java:run(143)) - 23a5c7c7-a279-444f-ae9a-ea80730ba37f@group-33A239F343B5-FollowerState: change to CANDIDATE, lastRpcElapsedTime:5022250790ns, electionTimeout:5015ms
2022-10-06 01:04:59,894 [23a5c7c7-a279-444f-ae9a-ea80730ba37f@group-33A239F343B5-FollowerState] INFO  impl.RoleInfo (RoleInfo.java:shutdownFollowerState(110)) - 23a5c7c7-a279-444f-ae9a-ea80730ba37f: shutdown 23a5c7c7-a279-444f-ae9a-ea80730ba37f@group-33A239F343B5-FollowerState
2022-10-06 01:04:59,894 [23a5c7c7-a279-444f-ae9a-ea80730ba37f@group-33A239F343B5-FollowerState] INFO  server.RaftServer$Division (RaftServerImpl.java:setRole(299)) - 23a5c7c7-a279-444f-ae9a-ea80730ba37f@group-33A239F343B5: changes role from  FOLLOWER to CANDIDATE at term 0 for changeToCandidate
2022-10-06 01:04:59,894 [23a5c7c7-a279-444f-ae9a-ea80730ba37f@group-33A239F343B5-FollowerState] INFO  server.RaftServerConfigKeys (ConfUtils.java:logGet(46)) - raft.server.leaderelection.pre-vote = false (custom)
2022-10-06 01:04:59,894 [23a5c7c7-a279-444f-ae9a-ea80730ba37f@group-33A239F343B5-FollowerState] INFO  impl.RoleInfo (RoleInfo.java:updateAndGet(139)) - 23a5c7c7-a279-444f-ae9a-ea80730ba37f: start 23a5c7c7-a279-444f-ae9a-ea80730ba37f@group-33A239F343B5-LeaderElection21
2022-10-06 01:04:59,919 [23a5c7c7-a279-444f-ae9a-ea80730ba37f@group-33A239F343B5-LeaderElection21] INFO  impl.LeaderElection (LeaderElection.java:askForVotes(310)) - 23a5c7c7-a279-444f-ae9a-ea80730ba37f@group-33A239F343B5-LeaderElection21 ELECTION round 0: submit vote requests at term 1 for -1: [23a5c7c7-a279-444f-ae9a-ea80730ba37f|rpc:10.1.0.249:46507|priority:1], old=null
2022-10-06 01:04:59,919 [23a5c7c7-a279-444f-ae9a-ea80730ba37f@group-33A239F343B5-LeaderElection21] INFO  impl.LeaderElection (LeaderElection.java:askForVotes(312)) - 23a5c7c7-a279-444f-ae9a-ea80730ba37f@group-33A239F343B5-LeaderElection21 ELECTION round 0: result PASSED (term=1)
2022-10-06 01:04:59,919 [23a5c7c7-a279-444f-ae9a-ea80730ba37f@group-33A239F343B5-LeaderElection21] INFO  impl.RoleInfo (RoleInfo.java:shutdownLeaderElection(130)) - 23a5c7c7-a279-444f-ae9a-ea80730ba37f: shutdown 23a5c7c7-a279-444f-ae9a-ea80730ba37f@group-33A239F343B5-LeaderElection21
2022-10-06 01:04:59,919 [23a5c7c7-a279-444f-ae9a-ea80730ba37f@group-33A239F343B5-LeaderElection21] INFO  server.RaftServer$Division (RaftServerImpl.java:setRole(299)) - 23a5c7c7-a279-444f-ae9a-ea80730ba37f@group-33A239F343B5: changes role from CANDIDATE to LEADER at term 1 for changeToLeader
2022-10-06 01:04:59,919 [23a5c7c7-a279-444f-ae9a-ea80730ba37f@group-33A239F343B5-LeaderElection21] INFO  ratis.XceiverServerRatis (XceiverServerRatis.java:handleLeaderChangedNotification(863)) - Leader change notification received for group: group-33A239F343B5 with new leaderId: 23a5c7c7-a279-444f-ae9a-ea80730ba37f
2022-10-06 01:04:59,928 [23a5c7c7-a279-444f-ae9a-ea80730ba37f@group-33A239F343B5-LeaderElection21] INFO  server.RaftServer$Division (ServerState.java:setLeader(287)) - 23a5c7c7-a279-444f-ae9a-ea80730ba37f@group-33A239F343B5: change Leader from null to 23a5c7c7-a279-444f-ae9a-ea80730ba37f at term 1 for becomeLeader, leader elected after 5079ms
2022-10-06 01:04:59,928 [23a5c7c7-a279-444f-ae9a-ea80730ba37f@group-33A239F343B5-LeaderElection21] INFO  server.RaftServerConfigKeys (ConfUtils.java:logGet(46)) - raft.server.staging.catchup.gap = 1000 (default)
2022-10-06 01:04:59,931 [23a5c7c7-a279-444f-ae9a-ea80730ba37f@group-33A239F343B5-LeaderElection21] INFO  server.RaftServerConfigKeys (ConfUtils.java:logGet(46)) - raft.server.write.element-limit = 1024 (custom)
2022-10-06 01:04:59,931 [23a5c7c7-a279-444f-ae9a-ea80730ba37f@group-33A239F343B5-LeaderElection21] INFO  server.RaftServerConfigKeys (ConfUtils.java:logGet(46)) - raft.server.write.byte-limit = 1024 M (=1073741824) (custom)
2022-10-06 01:04:59,932 [23a5c7c7-a279-444f-ae9a-ea80730ba37f@group-33A239F343B5-LeaderElection21] INFO  server.RaftServerConfigKeys (ConfUtils.java:logGet(46)) - raft.server.watch.timeout = 180s (custom)
2022-10-06 01:04:59,932 [23a5c7c7-a279-444f-ae9a-ea80730ba37f@group-33A239F343B5-LeaderElection21] INFO  server.RaftServerConfigKeys (ConfUtils.java:logGet(46)) - raft.server.watch.timeout.denomination = 1s (default)
2022-10-06 01:04:59,932 [23a5c7c7-a279-444f-ae9a-ea80730ba37f@group-33A239F343B5-LeaderElection21] INFO  server.RaftServerConfigKeys (ConfUtils.java:logGet(46)) - raft.server.watch.element-limit = 65536 (default)
2022-10-06 01:04:59,932 [23a5c7c7-a279-444f-ae9a-ea80730ba37f@group-33A239F343B5-LeaderElection21] INFO  server.RaftServerConfigKeys (ConfUtils.java:logGet(46)) - raft.server.write.element-limit = 1024 (custom)
2022-10-06 01:04:59,932 [23a5c7c7-a279-444f-ae9a-ea80730ba37f@group-33A239F343B5-LeaderElection21] INFO  server.RaftServerConfigKeys (ConfUtils.java:logGet(46)) - raft.server.write.follower.gap.ratio.max = -1.0 (default)
2022-10-06 01:04:59,933 [23a5c7c7-a279-444f-ae9a-ea80730ba37f@group-33A239F343B5-LeaderElection21] INFO  impl.RoleInfo (RoleInfo.java:updateAndGet(139)) - 23a5c7c7-a279-444f-ae9a-ea80730ba37f: start 23a5c7c7-a279-444f-ae9a-ea80730ba37f@group-33A239F343B5-LeaderStateImpl
2022-10-06 01:04:59,933 [23a5c7c7-a279-444f-ae9a-ea80730ba37f@group-33A239F343B5-LeaderElection21] INFO  segmented.SegmentedRaftLogWorker (SegmentedRaftLogWorker.java:startLogSegment(425)) - 23a5c7c7-a279-444f-ae9a-ea80730ba37f@group-33A239F343B5-SegmentedRaftLogWorker: Starting segment from index:0
2022-10-06 01:04:59,934 [23a5c7c7-a279-444f-ae9a-ea80730ba37f@group-33A239F343B5-SegmentedRaftLogWorker] INFO  segmented.SegmentedRaftLogWorker (SegmentedRaftLogWorker.java:execute(629)) - 23a5c7c7-a279-444f-ae9a-ea80730ba37f@group-33A239F343B5-SegmentedRaftLogWorker: created new log segment /home/runner/work/ozone/ozone/hadoop-ozone/integration-test/target/test-dir/MiniOzoneClusterImpl-07f884e1-d8a6-4fa8-8867-d1ed1eaa8398/datanode-2/data/ratis/93960ef6-269e-4e29-bc6c-33a239f343b5/current/log_inprogress_0
2022-10-06 01:04:59,962 [23a5c7c7-a279-444f-ae9a-ea80730ba37f@group-33A239F343B5-LeaderElection21] INFO  server.RaftServer$Division (ServerState.java:setRaftConf(393)) - 23a5c7c7-a279-444f-ae9a-ea80730ba37f@group-33A239F343B5: set configuration 0: [23a5c7c7-a279-444f-ae9a-ea80730ba37f|rpc:10.1.0.249:46507|dataStream:|priority:1], old=null
]]></system-out>
  </testcase>
  <testcase name="testRenameDirToItsOwnSubDir" classname="TestRootedOzoneFileSystemWithFSO" time="0.083">
    <system-out><![CDATA[2022-10-06 01:03:29,757 [Time-limited test] INFO  rpc.RpcClient (RpcClient.java:createVolume(471)) - Creating Volume: volume59822, with user69333 as owner and space quota set to -1 bytes, counts quota set to -1
2022-10-06 01:03:29,763 [OM StateMachine ApplyTransaction Thread - 0] INFO  volume.OMVolumeCreateRequest (OMVolumeCreateRequest.java:validateAndUpdateCache(195)) - created volume:volume59822 for user:user69333
2022-10-06 01:03:29,766 [Time-limited test] INFO  rpc.RpcClient (RpcClient.java:createBucket(674)) - Creating Bucket: volume59822/bucket22027, with bucket layout FILE_SYSTEM_OPTIMIZED, runner as owner, Versioning false, Storage Type set to DISK and Encryption set to false 
2022-10-06 01:03:29,769 [OM StateMachine ApplyTransaction Thread - 0] INFO  bucket.OMBucketCreateRequest (OMBucketCreateRequest.java:validateAndUpdateCache(260)) - created bucket: bucket22027 of layout FILE_SYSTEM_OPTIMIZED in volume: volume59822
2022-10-06 01:03:29,775 [Time-limited test] INFO  ozone.TestRootedOzoneFileSystemWithFSO (TestRootedOzoneFileSystemWithFSO.java:testRenameDirToItsOwnSubDir(173)) - Created dir1 /volume59822/bucket22027/root/dir1/sub_dir1
2022-10-06 01:03:29,775 [Time-limited test] INFO  ozone.TestRootedOzoneFileSystemWithFSO (TestRootedOzoneFileSystemWithFSO.java:testRenameDirToItsOwnSubDir(174)) - Rename op-> source:/volume59822/bucket22027/root to destin:/volume59822/bucket22027/root/dir1/sub_dir1
01:03:29.779 [OM StateMachine ApplyTransaction Thread - 0] ERROR OMAudit - user=runner | ip=127.0.0.1 | op=RENAME_KEY {volume=volume59822, bucket=bucket22027, dataSize=0, replicationType=NONE, replicationFactor=ZERO, srcKey=root, dstKey=root/dir1/sub_dir1} | ret=FAILURE
org.apache.hadoop.ozone.om.exceptions.OMException: Cannot rename a directory to its own subdirectory
	at org.apache.hadoop.ozone.om.request.file.OMFileRequest.verifyToDirIsASubDirOfFromDirectory(OMFileRequest.java:795) ~[ozone-manager-1.3.0-SNAPSHOT.jar:?]
	at org.apache.hadoop.ozone.om.request.key.OMKeyRenameRequestWithFSO.validateAndUpdateCache(OMKeyRenameRequestWithFSO.java:144) ~[ozone-manager-1.3.0-SNAPSHOT.jar:?]
	at org.apache.hadoop.ozone.protocolPB.OzoneManagerRequestHandler.handleWriteRequest(OzoneManagerRequestHandler.java:304) ~[ozone-manager-1.3.0-SNAPSHOT.jar:?]
	at org.apache.hadoop.ozone.om.ratis.OzoneManagerStateMachine.runCommand(OzoneManagerStateMachine.java:529) ~[ozone-manager-1.3.0-SNAPSHOT.jar:?]
	at org.apache.hadoop.ozone.om.ratis.OzoneManagerStateMachine.lambda$1(OzoneManagerStateMachine.java:324) ~[ozone-manager-1.3.0-SNAPSHOT.jar:?]
	at java.util.concurrent.CompletableFuture$AsyncSupply.run(CompletableFuture.java:1604) [?:1.8.0_345]
	at java.util.concurrent.ThreadPoolExecutor.runWorker(ThreadPoolExecutor.java:1149) [?:1.8.0_345]
	at java.util.concurrent.ThreadPoolExecutor$Worker.run(ThreadPoolExecutor.java:624) [?:1.8.0_345]
	at java.lang.Thread.run(Thread.java:750) [?:1.8.0_345]
2022-10-06 01:03:29,779 [OM StateMachine ApplyTransaction Thread - 0] ERROR key.OMKeyRenameRequestWithFSO (OMKeyRenameRequestWithFSO.java:validateAndUpdateCache(234)) - Rename key failed for volume:volume59822 bucket:bucket22027 fromKey:root toKey:root/dir1/sub_dir1. Key: root not found.
2022-10-06 01:03:29,780 [Time-limited test] ERROR ozone.BasicRootedOzoneFileSystem (BasicRootedOzoneFileSystem.java:renameFSO(407)) - rename key failed: Cannot rename a directory to its own subdirectory. source:volume59822/bucket22027/root, destin:volume59822/bucket22027/root/dir1/sub_dir1
]]></system-out>
  </testcase>
  <testcase name="testRenameDirToItsOwnSubDir" classname="TestRootedOzoneFileSystemWithFSO" time="0.144">
    <system-out><![CDATA[2022-10-06 01:05:00,830 [9790ca2c-57a1-4a77-b27d-b43f70ab9145@group-F3743CB4C2BB-FollowerState] INFO  impl.FollowerState (FollowerState.java:run(143)) - 9790ca2c-57a1-4a77-b27d-b43f70ab9145@group-F3743CB4C2BB-FollowerState: change to CANDIDATE, lastRpcElapsedTime:5119364021ns, electionTimeout:5112ms
2022-10-06 01:05:00,831 [9790ca2c-57a1-4a77-b27d-b43f70ab9145@group-F3743CB4C2BB-FollowerState] INFO  impl.RoleInfo (RoleInfo.java:shutdownFollowerState(110)) - 9790ca2c-57a1-4a77-b27d-b43f70ab9145: shutdown 9790ca2c-57a1-4a77-b27d-b43f70ab9145@group-F3743CB4C2BB-FollowerState
2022-10-06 01:05:00,831 [9790ca2c-57a1-4a77-b27d-b43f70ab9145@group-F3743CB4C2BB-FollowerState] INFO  server.RaftServer$Division (RaftServerImpl.java:setRole(299)) - 9790ca2c-57a1-4a77-b27d-b43f70ab9145@group-F3743CB4C2BB: changes role from  FOLLOWER to CANDIDATE at term 0 for changeToCandidate
2022-10-06 01:05:00,831 [9790ca2c-57a1-4a77-b27d-b43f70ab9145@group-F3743CB4C2BB-FollowerState] INFO  server.RaftServerConfigKeys (ConfUtils.java:logGet(46)) - raft.server.leaderelection.pre-vote = false (custom)
2022-10-06 01:05:00,831 [9790ca2c-57a1-4a77-b27d-b43f70ab9145@group-F3743CB4C2BB-FollowerState] INFO  impl.RoleInfo (RoleInfo.java:updateAndGet(139)) - 9790ca2c-57a1-4a77-b27d-b43f70ab9145: start 9790ca2c-57a1-4a77-b27d-b43f70ab9145@group-F3743CB4C2BB-LeaderElection22
2022-10-06 01:05:00,871 [Time-limited test] INFO  rpc.RpcClient (RpcClient.java:createVolume(471)) - Creating Volume: volume62194, with user15592 as owner and space quota set to -1 bytes, counts quota set to -1
2022-10-06 01:05:00,872 [IPC Server handler 7 on default port 44363] INFO  volume.OMVolumeCreateRequest (OMVolumeCreateRequest.java:validateAndUpdateCache(195)) - created volume:volume62194 for user:user15592
2022-10-06 01:05:00,881 [9790ca2c-57a1-4a77-b27d-b43f70ab9145@group-F3743CB4C2BB-LeaderElection22] INFO  impl.LeaderElection (LeaderElection.java:askForVotes(310)) - 9790ca2c-57a1-4a77-b27d-b43f70ab9145@group-F3743CB4C2BB-LeaderElection22 ELECTION round 0: submit vote requests at term 1 for -1: [9790ca2c-57a1-4a77-b27d-b43f70ab9145|rpc:10.1.0.249:34209|priority:1], old=null
2022-10-06 01:05:00,881 [9790ca2c-57a1-4a77-b27d-b43f70ab9145@group-F3743CB4C2BB-LeaderElection22] INFO  impl.LeaderElection (LeaderElection.java:askForVotes(312)) - 9790ca2c-57a1-4a77-b27d-b43f70ab9145@group-F3743CB4C2BB-LeaderElection22 ELECTION round 0: result PASSED (term=1)
2022-10-06 01:05:00,881 [9790ca2c-57a1-4a77-b27d-b43f70ab9145@group-F3743CB4C2BB-LeaderElection22] INFO  impl.RoleInfo (RoleInfo.java:shutdownLeaderElection(130)) - 9790ca2c-57a1-4a77-b27d-b43f70ab9145: shutdown 9790ca2c-57a1-4a77-b27d-b43f70ab9145@group-F3743CB4C2BB-LeaderElection22
2022-10-06 01:05:00,881 [9790ca2c-57a1-4a77-b27d-b43f70ab9145@group-F3743CB4C2BB-LeaderElection22] INFO  server.RaftServer$Division (RaftServerImpl.java:setRole(299)) - 9790ca2c-57a1-4a77-b27d-b43f70ab9145@group-F3743CB4C2BB: changes role from CANDIDATE to LEADER at term 1 for changeToLeader
2022-10-06 01:05:00,881 [9790ca2c-57a1-4a77-b27d-b43f70ab9145@group-F3743CB4C2BB-LeaderElection22] INFO  ratis.XceiverServerRatis (XceiverServerRatis.java:handleLeaderChangedNotification(863)) - Leader change notification received for group: group-F3743CB4C2BB with new leaderId: 9790ca2c-57a1-4a77-b27d-b43f70ab9145
2022-10-06 01:05:00,881 [9790ca2c-57a1-4a77-b27d-b43f70ab9145@group-F3743CB4C2BB-LeaderElection22] INFO  server.RaftServer$Division (ServerState.java:setLeader(287)) - 9790ca2c-57a1-4a77-b27d-b43f70ab9145@group-F3743CB4C2BB: change Leader from null to 9790ca2c-57a1-4a77-b27d-b43f70ab9145 at term 1 for becomeLeader, leader elected after 5194ms
2022-10-06 01:05:00,881 [9790ca2c-57a1-4a77-b27d-b43f70ab9145@group-F3743CB4C2BB-LeaderElection22] INFO  server.RaftServerConfigKeys (ConfUtils.java:logGet(46)) - raft.server.staging.catchup.gap = 1000 (default)
2022-10-06 01:05:00,881 [9790ca2c-57a1-4a77-b27d-b43f70ab9145@group-F3743CB4C2BB-LeaderElection22] INFO  server.RaftServerConfigKeys (ConfUtils.java:logGet(46)) - raft.server.write.element-limit = 1024 (custom)
2022-10-06 01:05:00,881 [9790ca2c-57a1-4a77-b27d-b43f70ab9145@group-F3743CB4C2BB-LeaderElection22] INFO  server.RaftServerConfigKeys (ConfUtils.java:logGet(46)) - raft.server.write.byte-limit = 1024 M (=1073741824) (custom)
2022-10-06 01:05:00,882 [9790ca2c-57a1-4a77-b27d-b43f70ab9145@group-F3743CB4C2BB-LeaderElection22] INFO  server.RaftServerConfigKeys (ConfUtils.java:logGet(46)) - raft.server.watch.timeout = 180s (custom)
2022-10-06 01:05:00,882 [9790ca2c-57a1-4a77-b27d-b43f70ab9145@group-F3743CB4C2BB-LeaderElection22] INFO  server.RaftServerConfigKeys (ConfUtils.java:logGet(46)) - raft.server.watch.timeout.denomination = 1s (default)
2022-10-06 01:05:00,882 [9790ca2c-57a1-4a77-b27d-b43f70ab9145@group-F3743CB4C2BB-LeaderElection22] INFO  server.RaftServerConfigKeys (ConfUtils.java:logGet(46)) - raft.server.watch.element-limit = 65536 (default)
2022-10-06 01:05:00,882 [9790ca2c-57a1-4a77-b27d-b43f70ab9145@group-F3743CB4C2BB-LeaderElection22] INFO  server.RaftServerConfigKeys (ConfUtils.java:logGet(46)) - raft.server.write.element-limit = 1024 (custom)
2022-10-06 01:05:00,882 [9790ca2c-57a1-4a77-b27d-b43f70ab9145@group-F3743CB4C2BB-LeaderElection22] INFO  server.RaftServerConfigKeys (ConfUtils.java:logGet(46)) - raft.server.write.follower.gap.ratio.max = -1.0 (default)
2022-10-06 01:05:00,882 [9790ca2c-57a1-4a77-b27d-b43f70ab9145@group-F3743CB4C2BB-LeaderElection22] INFO  impl.RoleInfo (RoleInfo.java:updateAndGet(139)) - 9790ca2c-57a1-4a77-b27d-b43f70ab9145: start 9790ca2c-57a1-4a77-b27d-b43f70ab9145@group-F3743CB4C2BB-LeaderStateImpl
2022-10-06 01:05:00,882 [9790ca2c-57a1-4a77-b27d-b43f70ab9145@group-F3743CB4C2BB-LeaderElection22] INFO  segmented.SegmentedRaftLogWorker (SegmentedRaftLogWorker.java:startLogSegment(425)) - 9790ca2c-57a1-4a77-b27d-b43f70ab9145@group-F3743CB4C2BB-SegmentedRaftLogWorker: Starting segment from index:0
2022-10-06 01:05:00,883 [9790ca2c-57a1-4a77-b27d-b43f70ab9145@group-F3743CB4C2BB-SegmentedRaftLogWorker] INFO  segmented.SegmentedRaftLogWorker (SegmentedRaftLogWorker.java:execute(629)) - 9790ca2c-57a1-4a77-b27d-b43f70ab9145@group-F3743CB4C2BB-SegmentedRaftLogWorker: created new log segment /home/runner/work/ozone/ozone/hadoop-ozone/integration-test/target/test-dir/MiniOzoneClusterImpl-07f884e1-d8a6-4fa8-8867-d1ed1eaa8398/datanode-3/data/ratis/96e7067f-2a2c-4a4f-9345-f3743cb4c2bb/current/log_inprogress_0
2022-10-06 01:05:00,886 [Time-limited test] INFO  rpc.RpcClient (RpcClient.java:createBucket(674)) - Creating Bucket: volume62194/bucket15102, with bucket layout FILE_SYSTEM_OPTIMIZED, runner as owner, Versioning false, Storage Type set to DISK and Encryption set to false 
2022-10-06 01:05:00,887 [IPC Server handler 5 on default port 44363] INFO  bucket.OMBucketCreateRequest (OMBucketCreateRequest.java:validateAndUpdateCache(260)) - created bucket: bucket15102 of layout FILE_SYSTEM_OPTIMIZED in volume: volume62194
2022-10-06 01:05:00,888 [Time-limited test] INFO  ozone.TestRootedOzoneFileSystemWithFSO (TestRootedOzoneFileSystemWithFSO.java:testRenameDirToItsOwnSubDir(173)) - Created dir1 /volume62194/bucket15102/root/dir1/sub_dir1
2022-10-06 01:05:00,888 [Time-limited test] INFO  ozone.TestRootedOzoneFileSystemWithFSO (TestRootedOzoneFileSystemWithFSO.java:testRenameDirToItsOwnSubDir(174)) - Rename op-> source:/volume62194/bucket15102/root to destin:/volume62194/bucket15102/root/dir1/sub_dir1
01:05:00.889 [IPC Server handler 0 on default port 44363] ERROR OMAudit - user=runner | ip=127.0.0.1 | op=RENAME_KEY {volume=volume62194, bucket=bucket15102, dataSize=0, replicationType=NONE, replicationFactor=ZERO, srcKey=root, dstKey=root/dir1/sub_dir1} | ret=FAILURE
org.apache.hadoop.ozone.om.exceptions.OMException: Cannot rename a directory to its own subdirectory
	at org.apache.hadoop.ozone.om.request.file.OMFileRequest.verifyToDirIsASubDirOfFromDirectory(OMFileRequest.java:795) ~[ozone-manager-1.3.0-SNAPSHOT.jar:?]
	at org.apache.hadoop.ozone.om.request.key.OMKeyRenameRequestWithFSO.validateAndUpdateCache(OMKeyRenameRequestWithFSO.java:144) ~[ozone-manager-1.3.0-SNAPSHOT.jar:?]
	at org.apache.hadoop.ozone.protocolPB.OzoneManagerRequestHandler.handleWriteRequest(OzoneManagerRequestHandler.java:304) ~[ozone-manager-1.3.0-SNAPSHOT.jar:?]
	at org.apache.hadoop.ozone.protocolPB.OzoneManagerProtocolServerSideTranslatorPB.submitRequestDirectlyToOM(OzoneManagerProtocolServerSideTranslatorPB.java:282) ~[ozone-manager-1.3.0-SNAPSHOT.jar:?]
	at org.apache.hadoop.ozone.protocolPB.OzoneManagerProtocolServerSideTranslatorPB.processRequest(OzoneManagerProtocolServerSideTranslatorPB.java:205) ~[ozone-manager-1.3.0-SNAPSHOT.jar:?]
	at org.apache.hadoop.hdds.server.OzoneProtocolMessageDispatcher.processRequest(OzoneProtocolMessageDispatcher.java:87) [hdds-server-framework-1.3.0-SNAPSHOT.jar:?]
	at org.apache.hadoop.ozone.protocolPB.OzoneManagerProtocolServerSideTranslatorPB.submitRequest(OzoneManagerProtocolServerSideTranslatorPB.java:147) [ozone-manager-1.3.0-SNAPSHOT.jar:?]
	at org.apache.hadoop.ozone.protocol.proto.OzoneManagerProtocolProtos$OzoneManagerService$2.callBlockingMethod(OzoneManagerProtocolProtos.java) [ozone-interface-client-1.3.0-SNAPSHOT.jar:?]
	at org.apache.hadoop.ipc.ProtobufRpcEngine$Server.processCall(ProtobufRpcEngine.java:466) [hadoop-common-3.3.1.jar:?]
	at org.apache.hadoop.ipc.ProtobufRpcEngine2$Server$ProtoBufRpcInvoker.call(ProtobufRpcEngine2.java:574) [hadoop-common-3.3.1.jar:?]
	at org.apache.hadoop.ipc.ProtobufRpcEngine2$Server$ProtoBufRpcInvoker.call(ProtobufRpcEngine2.java:552) [hadoop-common-3.3.1.jar:?]
	at org.apache.hadoop.ipc.RPC$Server.call(RPC.java:1093) [hadoop-common-3.3.1.jar:?]
	at org.apache.hadoop.ipc.Server$RpcCall.run(Server.java:1035) [hadoop-common-3.3.1.jar:?]
	at org.apache.hadoop.ipc.Server$RpcCall.run(Server.java:963) [hadoop-common-3.3.1.jar:?]
	at java.security.AccessController.doPrivileged(Native Method) ~[?:1.8.0_345]
	at javax.security.auth.Subject.doAs(Subject.java:422) [?:1.8.0_345]
	at org.apache.hadoop.security.UserGroupInformation.doAs(UserGroupInformation.java:1878) [hadoop-common-3.3.1.jar:?]
	at org.apache.hadoop.ipc.Server$Handler.run(Server.java:2966) [hadoop-common-3.3.1.jar:?]
2022-10-06 01:05:00,890 [9790ca2c-57a1-4a77-b27d-b43f70ab9145@group-F3743CB4C2BB-LeaderElection22] INFO  server.RaftServer$Division (ServerState.java:setRaftConf(393)) - 9790ca2c-57a1-4a77-b27d-b43f70ab9145@group-F3743CB4C2BB: set configuration 0: [9790ca2c-57a1-4a77-b27d-b43f70ab9145|rpc:10.1.0.249:34209|dataStream:|priority:1], old=null
2022-10-06 01:05:00,889 [IPC Server handler 0 on default port 44363] ERROR key.OMKeyRenameRequestWithFSO (OMKeyRenameRequestWithFSO.java:validateAndUpdateCache(234)) - Rename key failed for volume:volume62194 bucket:bucket15102 fromKey:root toKey:root/dir1/sub_dir1. Key: root not found.
2022-10-06 01:05:00,891 [Time-limited test] ERROR ozone.BasicRootedOzoneFileSystem (BasicRootedOzoneFileSystem.java:renameFSO(407)) - rename key failed: Cannot rename a directory to its own subdirectory. source:volume62194/bucket15102/root, destin:volume62194/bucket15102/root/dir1/sub_dir1
]]></system-out>
  </testcase>
  <testcase name="testOzoneFsServiceLoader" classname="TestRootedOzoneFileSystemWithFSO" time="0">
    <skipped message="HDDS-2939"/>
  </testcase>
  <testcase name="testOzoneFsServiceLoader" classname="TestRootedOzoneFileSystemWithFSO" time="0">
    <skipped message="HDDS-2939"/>
  </testcase>
  <testcase name="testRenameDestinationParentDoesntExist" classname="TestRootedOzoneFileSystemWithFSO" time="0.105">
    <system-out><![CDATA[2022-10-06 01:03:29,829 [Time-limited test] INFO  rpc.RpcClient (RpcClient.java:createVolume(471)) - Creating Volume: volume39534, with user21965 as owner and space quota set to -1 bytes, counts quota set to -1
2022-10-06 01:03:29,832 [OM StateMachine ApplyTransaction Thread - 0] INFO  volume.OMVolumeCreateRequest (OMVolumeCreateRequest.java:validateAndUpdateCache(195)) - created volume:volume39534 for user:user21965
2022-10-06 01:03:29,835 [Time-limited test] INFO  rpc.RpcClient (RpcClient.java:createBucket(674)) - Creating Bucket: volume39534/bucket13513, with bucket layout FILE_SYSTEM_OPTIMIZED, runner as owner, Versioning false, Storage Type set to DISK and Encryption set to false 
2022-10-06 01:03:29,839 [OM StateMachine ApplyTransaction Thread - 0] INFO  bucket.OMBucketCreateRequest (OMBucketCreateRequest.java:validateAndUpdateCache(260)) - created bucket: bucket13513 of layout FILE_SYSTEM_OPTIMIZED in volume: volume39534
01:03:29.853 [OM StateMachine ApplyTransaction Thread - 0] ERROR OMAudit - user=runner | ip=127.0.0.1 | op=RENAME_KEY {volume=volume39534, bucket=bucket13513, dataSize=0, replicationType=NONE, replicationFactor=ZERO, srcKey=root_dir/dir1/dir2, dstKey=root_dir/b/c} | ret=FAILURE
org.apache.hadoop.ozone.om.exceptions.OMException: Failed to rename root_dir/dir1/dir2 to root_dir/b/c, root_dir/b doesn't exist
	at org.apache.hadoop.ozone.om.request.file.OMFileRequest.getToKeyNameParentId(OMFileRequest.java:837) ~[ozone-manager-1.3.0-SNAPSHOT.jar:?]
	at org.apache.hadoop.ozone.om.request.key.OMKeyRenameRequestWithFSO.validateAndUpdateCache(OMKeyRenameRequestWithFSO.java:200) ~[ozone-manager-1.3.0-SNAPSHOT.jar:?]
	at org.apache.hadoop.ozone.protocolPB.OzoneManagerRequestHandler.handleWriteRequest(OzoneManagerRequestHandler.java:304) ~[ozone-manager-1.3.0-SNAPSHOT.jar:?]
	at org.apache.hadoop.ozone.om.ratis.OzoneManagerStateMachine.runCommand(OzoneManagerStateMachine.java:529) ~[ozone-manager-1.3.0-SNAPSHOT.jar:?]
	at org.apache.hadoop.ozone.om.ratis.OzoneManagerStateMachine.lambda$1(OzoneManagerStateMachine.java:324) ~[ozone-manager-1.3.0-SNAPSHOT.jar:?]
	at java.util.concurrent.CompletableFuture$AsyncSupply.run(CompletableFuture.java:1604) [?:1.8.0_345]
	at java.util.concurrent.ThreadPoolExecutor.runWorker(ThreadPoolExecutor.java:1149) [?:1.8.0_345]
	at java.util.concurrent.ThreadPoolExecutor$Worker.run(ThreadPoolExecutor.java:624) [?:1.8.0_345]
	at java.lang.Thread.run(Thread.java:750) [?:1.8.0_345]
2022-10-06 01:03:29,854 [OM StateMachine ApplyTransaction Thread - 0] ERROR key.OMKeyRenameRequestWithFSO (OMKeyRenameRequestWithFSO.java:validateAndUpdateCache(234)) - Rename key failed for volume:volume39534 bucket:bucket13513 fromKey:root_dir/dir1/dir2 toKey:root_dir/b/c. Key: root_dir/dir1/dir2 not found.
2022-10-06 01:03:29,855 [Time-limited test] ERROR ozone.BasicRootedOzoneFileSystem (BasicRootedOzoneFileSystem.java:renameFSO(407)) - rename key failed: Failed to rename root_dir/dir1/dir2 to root_dir/b/c, root_dir/b doesn't exist. source:volume39534/bucket13513/root_dir/dir1/dir2, destin:volume39534/bucket13513/root_dir/b/c
01:03:29.876 [OM StateMachine ApplyTransaction Thread - 0] ERROR OMAudit - user=runner | ip=127.0.0.1 | op=RENAME_KEY {volume=volume39534, bucket=bucket13513, dataSize=0, replicationType=NONE, replicationFactor=ZERO, srcKey=root_dir/dir1/dir2, dstKey=root_dir/file1/c} | ret=FAILURE
org.apache.hadoop.ozone.om.exceptions.OMException: Failed to rename root_dir/dir1/dir2 to root_dir/file1/c, root_dir/file1 is a file
	at org.apache.hadoop.ozone.om.request.file.OMFileRequest.getToKeyNameParentId(OMFileRequest.java:842) ~[ozone-manager-1.3.0-SNAPSHOT.jar:?]
	at org.apache.hadoop.ozone.om.request.key.OMKeyRenameRequestWithFSO.validateAndUpdateCache(OMKeyRenameRequestWithFSO.java:200) ~[ozone-manager-1.3.0-SNAPSHOT.jar:?]
	at org.apache.hadoop.ozone.protocolPB.OzoneManagerRequestHandler.handleWriteRequest(OzoneManagerRequestHandler.java:304) ~[ozone-manager-1.3.0-SNAPSHOT.jar:?]
	at org.apache.hadoop.ozone.om.ratis.OzoneManagerStateMachine.runCommand(OzoneManagerStateMachine.java:529) ~[ozone-manager-1.3.0-SNAPSHOT.jar:?]
	at org.apache.hadoop.ozone.om.ratis.OzoneManagerStateMachine.lambda$1(OzoneManagerStateMachine.java:324) ~[ozone-manager-1.3.0-SNAPSHOT.jar:?]
	at java.util.concurrent.CompletableFuture$AsyncSupply.run(CompletableFuture.java:1604) [?:1.8.0_345]
	at java.util.concurrent.ThreadPoolExecutor.runWorker(ThreadPoolExecutor.java:1149) [?:1.8.0_345]
	at java.util.concurrent.ThreadPoolExecutor$Worker.run(ThreadPoolExecutor.java:624) [?:1.8.0_345]
	at java.lang.Thread.run(Thread.java:750) [?:1.8.0_345]
2022-10-06 01:03:29,876 [OM StateMachine ApplyTransaction Thread - 0] ERROR key.OMKeyRenameRequestWithFSO (OMKeyRenameRequestWithFSO.java:validateAndUpdateCache(234)) - Rename key failed for volume:volume39534 bucket:bucket13513 fromKey:root_dir/dir1/dir2 toKey:root_dir/file1/c. Key: root_dir/dir1/dir2 not found.
2022-10-06 01:03:29,876 [Time-limited test] ERROR ozone.BasicRootedOzoneFileSystem (BasicRootedOzoneFileSystem.java:renameFSO(407)) - rename key failed: Failed to rename root_dir/dir1/dir2 to root_dir/file1/c, root_dir/file1 is a file. source:volume39534/bucket13513/root_dir/dir1/dir2, destin:volume39534/bucket13513/root_dir/file1/c
]]></system-out>
  </testcase>
  <testcase name="testRenameDestinationParentDoesntExist" classname="TestRootedOzoneFileSystemWithFSO" time="0.08">
    <system-out><![CDATA[2022-10-06 01:05:00,977 [Time-limited test] INFO  rpc.RpcClient (RpcClient.java:createVolume(471)) - Creating Volume: volume80763, with user91125 as owner and space quota set to -1 bytes, counts quota set to -1
2022-10-06 01:05:00,977 [IPC Server handler 13 on default port 44363] INFO  volume.OMVolumeCreateRequest (OMVolumeCreateRequest.java:validateAndUpdateCache(195)) - created volume:volume80763 for user:user91125
2022-10-06 01:05:00,982 [Time-limited test] INFO  rpc.RpcClient (RpcClient.java:createBucket(674)) - Creating Bucket: volume80763/bucket09239, with bucket layout FILE_SYSTEM_OPTIMIZED, runner as owner, Versioning false, Storage Type set to DISK and Encryption set to false 
2022-10-06 01:05:00,982 [IPC Server handler 17 on default port 44363] INFO  bucket.OMBucketCreateRequest (OMBucketCreateRequest.java:validateAndUpdateCache(260)) - created bucket: bucket09239 of layout FILE_SYSTEM_OPTIMIZED in volume: volume80763
01:05:00.985 [IPC Server handler 18 on default port 44363] ERROR OMAudit - user=runner | ip=127.0.0.1 | op=RENAME_KEY {volume=volume80763, bucket=bucket09239, dataSize=0, replicationType=NONE, replicationFactor=ZERO, srcKey=root_dir/dir1/dir2, dstKey=root_dir/b/c} | ret=FAILURE
org.apache.hadoop.ozone.om.exceptions.OMException: Failed to rename root_dir/dir1/dir2 to root_dir/b/c, root_dir/b doesn't exist
	at org.apache.hadoop.ozone.om.request.file.OMFileRequest.getToKeyNameParentId(OMFileRequest.java:837) ~[ozone-manager-1.3.0-SNAPSHOT.jar:?]
	at org.apache.hadoop.ozone.om.request.key.OMKeyRenameRequestWithFSO.validateAndUpdateCache(OMKeyRenameRequestWithFSO.java:200) ~[ozone-manager-1.3.0-SNAPSHOT.jar:?]
	at org.apache.hadoop.ozone.protocolPB.OzoneManagerRequestHandler.handleWriteRequest(OzoneManagerRequestHandler.java:304) ~[ozone-manager-1.3.0-SNAPSHOT.jar:?]
	at org.apache.hadoop.ozone.protocolPB.OzoneManagerProtocolServerSideTranslatorPB.submitRequestDirectlyToOM(OzoneManagerProtocolServerSideTranslatorPB.java:282) ~[ozone-manager-1.3.0-SNAPSHOT.jar:?]
	at org.apache.hadoop.ozone.protocolPB.OzoneManagerProtocolServerSideTranslatorPB.processRequest(OzoneManagerProtocolServerSideTranslatorPB.java:205) ~[ozone-manager-1.3.0-SNAPSHOT.jar:?]
	at org.apache.hadoop.hdds.server.OzoneProtocolMessageDispatcher.processRequest(OzoneProtocolMessageDispatcher.java:87) [hdds-server-framework-1.3.0-SNAPSHOT.jar:?]
	at org.apache.hadoop.ozone.protocolPB.OzoneManagerProtocolServerSideTranslatorPB.submitRequest(OzoneManagerProtocolServerSideTranslatorPB.java:147) [ozone-manager-1.3.0-SNAPSHOT.jar:?]
	at org.apache.hadoop.ozone.protocol.proto.OzoneManagerProtocolProtos$OzoneManagerService$2.callBlockingMethod(OzoneManagerProtocolProtos.java) [ozone-interface-client-1.3.0-SNAPSHOT.jar:?]
	at org.apache.hadoop.ipc.ProtobufRpcEngine$Server.processCall(ProtobufRpcEngine.java:466) [hadoop-common-3.3.1.jar:?]
	at org.apache.hadoop.ipc.ProtobufRpcEngine2$Server$ProtoBufRpcInvoker.call(ProtobufRpcEngine2.java:574) [hadoop-common-3.3.1.jar:?]
	at org.apache.hadoop.ipc.ProtobufRpcEngine2$Server$ProtoBufRpcInvoker.call(ProtobufRpcEngine2.java:552) [hadoop-common-3.3.1.jar:?]
	at org.apache.hadoop.ipc.RPC$Server.call(RPC.java:1093) [hadoop-common-3.3.1.jar:?]
	at org.apache.hadoop.ipc.Server$RpcCall.run(Server.java:1035) [hadoop-common-3.3.1.jar:?]
	at org.apache.hadoop.ipc.Server$RpcCall.run(Server.java:963) [hadoop-common-3.3.1.jar:?]
	at java.security.AccessController.doPrivileged(Native Method) ~[?:1.8.0_345]
	at javax.security.auth.Subject.doAs(Subject.java:422) [?:1.8.0_345]
	at org.apache.hadoop.security.UserGroupInformation.doAs(UserGroupInformation.java:1878) [hadoop-common-3.3.1.jar:?]
	at org.apache.hadoop.ipc.Server$Handler.run(Server.java:2966) [hadoop-common-3.3.1.jar:?]
2022-10-06 01:05:00,985 [IPC Server handler 18 on default port 44363] ERROR key.OMKeyRenameRequestWithFSO (OMKeyRenameRequestWithFSO.java:validateAndUpdateCache(234)) - Rename key failed for volume:volume80763 bucket:bucket09239 fromKey:root_dir/dir1/dir2 toKey:root_dir/b/c. Key: root_dir/dir1/dir2 not found.
2022-10-06 01:05:00,985 [Time-limited test] ERROR ozone.BasicRootedOzoneFileSystem (BasicRootedOzoneFileSystem.java:renameFSO(407)) - rename key failed: Failed to rename root_dir/dir1/dir2 to root_dir/b/c, root_dir/b doesn't exist. source:volume80763/bucket09239/root_dir/dir1/dir2, destin:volume80763/bucket09239/root_dir/b/c
01:05:00.991 [IPC Server handler 4 on default port 44363] ERROR OMAudit - user=runner | ip=127.0.0.1 | op=RENAME_KEY {volume=volume80763, bucket=bucket09239, dataSize=0, replicationType=NONE, replicationFactor=ZERO, srcKey=root_dir/dir1/dir2, dstKey=root_dir/file1/c} | ret=FAILURE
org.apache.hadoop.ozone.om.exceptions.OMException: Failed to rename root_dir/dir1/dir2 to root_dir/file1/c, root_dir/file1 is a file
	at org.apache.hadoop.ozone.om.request.file.OMFileRequest.getToKeyNameParentId(OMFileRequest.java:842) ~[ozone-manager-1.3.0-SNAPSHOT.jar:?]
	at org.apache.hadoop.ozone.om.request.key.OMKeyRenameRequestWithFSO.validateAndUpdateCache(OMKeyRenameRequestWithFSO.java:200) ~[ozone-manager-1.3.0-SNAPSHOT.jar:?]
	at org.apache.hadoop.ozone.protocolPB.OzoneManagerRequestHandler.handleWriteRequest(OzoneManagerRequestHandler.java:304) ~[ozone-manager-1.3.0-SNAPSHOT.jar:?]
	at org.apache.hadoop.ozone.protocolPB.OzoneManagerProtocolServerSideTranslatorPB.submitRequestDirectlyToOM(OzoneManagerProtocolServerSideTranslatorPB.java:282) ~[ozone-manager-1.3.0-SNAPSHOT.jar:?]
	at org.apache.hadoop.ozone.protocolPB.OzoneManagerProtocolServerSideTranslatorPB.processRequest(OzoneManagerProtocolServerSideTranslatorPB.java:205) ~[ozone-manager-1.3.0-SNAPSHOT.jar:?]
	at org.apache.hadoop.hdds.server.OzoneProtocolMessageDispatcher.processRequest(OzoneProtocolMessageDispatcher.java:87) [hdds-server-framework-1.3.0-SNAPSHOT.jar:?]
	at org.apache.hadoop.ozone.protocolPB.OzoneManagerProtocolServerSideTranslatorPB.submitRequest(OzoneManagerProtocolServerSideTranslatorPB.java:147) [ozone-manager-1.3.0-SNAPSHOT.jar:?]
	at org.apache.hadoop.ozone.protocol.proto.OzoneManagerProtocolProtos$OzoneManagerService$2.callBlockingMethod(OzoneManagerProtocolProtos.java) [ozone-interface-client-1.3.0-SNAPSHOT.jar:?]
	at org.apache.hadoop.ipc.ProtobufRpcEngine$Server.processCall(ProtobufRpcEngine.java:466) [hadoop-common-3.3.1.jar:?]
	at org.apache.hadoop.ipc.ProtobufRpcEngine2$Server$ProtoBufRpcInvoker.call(ProtobufRpcEngine2.java:574) [hadoop-common-3.3.1.jar:?]
	at org.apache.hadoop.ipc.ProtobufRpcEngine2$Server$ProtoBufRpcInvoker.call(ProtobufRpcEngine2.java:552) [hadoop-common-3.3.1.jar:?]
	at org.apache.hadoop.ipc.RPC$Server.call(RPC.java:1093) [hadoop-common-3.3.1.jar:?]
	at org.apache.hadoop.ipc.Server$RpcCall.run(Server.java:1035) [hadoop-common-3.3.1.jar:?]
	at org.apache.hadoop.ipc.Server$RpcCall.run(Server.java:963) [hadoop-common-3.3.1.jar:?]
	at java.security.AccessController.doPrivileged(Native Method) ~[?:1.8.0_345]
	at javax.security.auth.Subject.doAs(Subject.java:422) [?:1.8.0_345]
	at org.apache.hadoop.security.UserGroupInformation.doAs(UserGroupInformation.java:1878) [hadoop-common-3.3.1.jar:?]
	at org.apache.hadoop.ipc.Server$Handler.run(Server.java:2966) [hadoop-common-3.3.1.jar:?]
2022-10-06 01:05:00,991 [IPC Server handler 4 on default port 44363] ERROR key.OMKeyRenameRequestWithFSO (OMKeyRenameRequestWithFSO.java:validateAndUpdateCache(234)) - Rename key failed for volume:volume80763 bucket:bucket09239 fromKey:root_dir/dir1/dir2 toKey:root_dir/file1/c. Key: root_dir/dir1/dir2 not found.
2022-10-06 01:05:00,992 [Time-limited test] ERROR ozone.BasicRootedOzoneFileSystem (BasicRootedOzoneFileSystem.java:renameFSO(407)) - rename key failed: Failed to rename root_dir/dir1/dir2 to root_dir/file1/c, root_dir/file1 is a file. source:volume80763/bucket09239/root_dir/dir1/dir2, destin:volume80763/bucket09239/root_dir/file1/c
]]></system-out>
  </testcase>
  <testcase name="testCreateWithInvalidPaths" classname="TestRootedOzoneFileSystemWithFSO" time="0">
    <skipped message="HDDS-2939"/>
  </testcase>
  <testcase name="testCreateWithInvalidPaths" classname="TestRootedOzoneFileSystemWithFSO" time="0">
    <skipped message="HDDS-2939"/>
  </testcase>
  <testcase name="testListStatusFSO" classname="TestRootedOzoneFileSystemWithFSO" time="9.246">
    <system-out><![CDATA[2022-10-06 01:03:29,939 [Time-limited test] INFO  rpc.RpcClient (RpcClient.java:createVolume(471)) - Creating Volume: volume36169, with user61010 as owner and space quota set to -1 bytes, counts quota set to -1
2022-10-06 01:03:29,943 [OM StateMachine ApplyTransaction Thread - 0] INFO  volume.OMVolumeCreateRequest (OMVolumeCreateRequest.java:validateAndUpdateCache(195)) - created volume:volume36169 for user:user61010
2022-10-06 01:03:29,945 [Time-limited test] INFO  rpc.RpcClient (RpcClient.java:createBucket(674)) - Creating Bucket: volume36169/bucket19935, with bucket layout FILE_SYSTEM_OPTIMIZED, runner as owner, Versioning false, Storage Type set to DISK and Encryption set to false 
2022-10-06 01:03:29,948 [OM StateMachine ApplyTransaction Thread - 0] INFO  bucket.OMBucketCreateRequest (OMBucketCreateRequest.java:validateAndUpdateCache(260)) - created bucket: bucket19935 of layout FILE_SYSTEM_OPTIMIZED in volume: volume36169
2022-10-06 01:03:32,212 [326c038e-632d-4c6b-af42-d1fe452b3912@group-9B53D1D8130A-FollowerState] INFO  impl.FollowerState (FollowerState.java:run(143)) - 326c038e-632d-4c6b-af42-d1fe452b3912@group-9B53D1D8130A-FollowerState: change to CANDIDATE, lastRpcElapsedTime:5074058488ns, electionTimeout:5070ms
2022-10-06 01:03:32,212 [326c038e-632d-4c6b-af42-d1fe452b3912@group-9B53D1D8130A-FollowerState] INFO  impl.RoleInfo (RoleInfo.java:shutdownFollowerState(110)) - 326c038e-632d-4c6b-af42-d1fe452b3912: shutdown 326c038e-632d-4c6b-af42-d1fe452b3912@group-9B53D1D8130A-FollowerState
2022-10-06 01:03:32,212 [326c038e-632d-4c6b-af42-d1fe452b3912@group-9B53D1D8130A-FollowerState] INFO  server.RaftServer$Division (RaftServerImpl.java:setRole(299)) - 326c038e-632d-4c6b-af42-d1fe452b3912@group-9B53D1D8130A: changes role from  FOLLOWER to CANDIDATE at term 2 for changeToCandidate
2022-10-06 01:03:32,212 [326c038e-632d-4c6b-af42-d1fe452b3912@group-9B53D1D8130A-FollowerState] INFO  server.RaftServerConfigKeys (ConfUtils.java:logGet(46)) - raft.server.leaderelection.pre-vote = false (custom)
2022-10-06 01:03:32,212 [326c038e-632d-4c6b-af42-d1fe452b3912@group-9B53D1D8130A-FollowerState] INFO  impl.RoleInfo (RoleInfo.java:updateAndGet(139)) - 326c038e-632d-4c6b-af42-d1fe452b3912: start 326c038e-632d-4c6b-af42-d1fe452b3912@group-9B53D1D8130A-LeaderElection12
2022-10-06 01:03:32,213 [68d8656a-d62a-40ab-a15f-69e804ac0718@group-9B53D1D8130A-FollowerState] INFO  impl.FollowerState (FollowerState.java:run(143)) - 68d8656a-d62a-40ab-a15f-69e804ac0718@group-9B53D1D8130A-FollowerState: change to CANDIDATE, lastRpcElapsedTime:5066481569ns, electionTimeout:5066ms
2022-10-06 01:03:32,213 [68d8656a-d62a-40ab-a15f-69e804ac0718@group-9B53D1D8130A-FollowerState] INFO  impl.RoleInfo (RoleInfo.java:shutdownFollowerState(110)) - 68d8656a-d62a-40ab-a15f-69e804ac0718: shutdown 68d8656a-d62a-40ab-a15f-69e804ac0718@group-9B53D1D8130A-FollowerState
2022-10-06 01:03:32,213 [68d8656a-d62a-40ab-a15f-69e804ac0718@group-9B53D1D8130A-FollowerState] INFO  server.RaftServer$Division (RaftServerImpl.java:setRole(299)) - 68d8656a-d62a-40ab-a15f-69e804ac0718@group-9B53D1D8130A: changes role from  FOLLOWER to CANDIDATE at term 2 for changeToCandidate
2022-10-06 01:03:32,221 [68d8656a-d62a-40ab-a15f-69e804ac0718@group-9B53D1D8130A-FollowerState] INFO  server.RaftServerConfigKeys (ConfUtils.java:logGet(46)) - raft.server.leaderelection.pre-vote = false (custom)
2022-10-06 01:03:32,223 [68d8656a-d62a-40ab-a15f-69e804ac0718@group-9B53D1D8130A-FollowerState] INFO  impl.RoleInfo (RoleInfo.java:updateAndGet(139)) - 68d8656a-d62a-40ab-a15f-69e804ac0718: start 68d8656a-d62a-40ab-a15f-69e804ac0718@group-9B53D1D8130A-LeaderElection13
2022-10-06 01:03:32,224 [326c038e-632d-4c6b-af42-d1fe452b3912@group-9B53D1D8130A-LeaderElection12] INFO  impl.LeaderElection (LeaderElection.java:askForVotes(310)) - 326c038e-632d-4c6b-af42-d1fe452b3912@group-9B53D1D8130A-LeaderElection12 ELECTION round 0: submit vote requests at term 3 for -1: [326c038e-632d-4c6b-af42-d1fe452b3912|rpc:10.1.0.249:42785|dataStream:|priority:1, 68d8656a-d62a-40ab-a15f-69e804ac0718|rpc:10.1.0.249:40209|dataStream:|priority:0, 4b23e9ad-4c3b-4e5e-a325-f9b3b725a9ac|rpc:10.1.0.249:34691|dataStream:|priority:0], old=null
2022-10-06 01:03:32,233 [68d8656a-d62a-40ab-a15f-69e804ac0718@group-9B53D1D8130A-LeaderElection13] INFO  impl.LeaderElection (LeaderElection.java:askForVotes(310)) - 68d8656a-d62a-40ab-a15f-69e804ac0718@group-9B53D1D8130A-LeaderElection13 ELECTION round 0: submit vote requests at term 3 for -1: [326c038e-632d-4c6b-af42-d1fe452b3912|rpc:10.1.0.249:42785|priority:1, 68d8656a-d62a-40ab-a15f-69e804ac0718|rpc:10.1.0.249:40209|priority:0, 4b23e9ad-4c3b-4e5e-a325-f9b3b725a9ac|rpc:10.1.0.249:34691|priority:0], old=null
2022-10-06 01:03:32,238 [grpc-default-executor-2] INFO  server.RaftServer$Division (RaftServerImpl.java:requestVote(1152)) - 68d8656a-d62a-40ab-a15f-69e804ac0718@group-9B53D1D8130A: receive requestVote(ELECTION, 326c038e-632d-4c6b-af42-d1fe452b3912, group-9B53D1D8130A, 3, (t:0, i:0))
2022-10-06 01:03:32,239 [grpc-default-executor-2] INFO  impl.VoteContext (VoteContext.java:log(48)) - 68d8656a-d62a-40ab-a15f-69e804ac0718@group-9B53D1D8130A-CANDIDATE: reject ELECTION from 326c038e-632d-4c6b-af42-d1fe452b3912: already has voted for 68d8656a-d62a-40ab-a15f-69e804ac0718 at current term 3
2022-10-06 01:03:32,239 [grpc-default-executor-2] INFO  server.RaftServer$Division (RaftServerImpl.java:requestVote(1184)) - 68d8656a-d62a-40ab-a15f-69e804ac0718@group-9B53D1D8130A replies to ELECTION vote request: 326c038e-632d-4c6b-af42-d1fe452b3912<-68d8656a-d62a-40ab-a15f-69e804ac0718#0:FAIL-t3. Peer's state: 68d8656a-d62a-40ab-a15f-69e804ac0718@group-9B53D1D8130A:t3, leader=null, voted=68d8656a-d62a-40ab-a15f-69e804ac0718, raftlog=68d8656a-d62a-40ab-a15f-69e804ac0718@group-9B53D1D8130A-SegmentedRaftLog:OPENED:c-1, conf=-1: [326c038e-632d-4c6b-af42-d1fe452b3912|rpc:10.1.0.249:42785|priority:1, 68d8656a-d62a-40ab-a15f-69e804ac0718|rpc:10.1.0.249:40209|priority:0, 4b23e9ad-4c3b-4e5e-a325-f9b3b725a9ac|rpc:10.1.0.249:34691|priority:0], old=null
2022-10-06 01:03:32,243 [grpc-default-executor-3] INFO  server.RaftServer$Division (RaftServerImpl.java:requestVote(1152)) - 4b23e9ad-4c3b-4e5e-a325-f9b3b725a9ac@group-9B53D1D8130A: receive requestVote(ELECTION, 326c038e-632d-4c6b-af42-d1fe452b3912, group-9B53D1D8130A, 3, (t:0, i:0))
2022-10-06 01:03:32,243 [4b23e9ad-4c3b-4e5e-a325-f9b3b725a9ac@group-9B53D1D8130A-FollowerState] INFO  impl.FollowerState (FollowerState.java:run(143)) - 4b23e9ad-4c3b-4e5e-a325-f9b3b725a9ac@group-9B53D1D8130A-FollowerState: change to CANDIDATE, lastRpcElapsedTime:5101282025ns, electionTimeout:5100ms
2022-10-06 01:03:32,249 [4b23e9ad-4c3b-4e5e-a325-f9b3b725a9ac@group-9B53D1D8130A-FollowerState] INFO  impl.RoleInfo (RoleInfo.java:shutdownFollowerState(110)) - 4b23e9ad-4c3b-4e5e-a325-f9b3b725a9ac: shutdown 4b23e9ad-4c3b-4e5e-a325-f9b3b725a9ac@group-9B53D1D8130A-FollowerState
2022-10-06 01:03:32,249 [4b23e9ad-4c3b-4e5e-a325-f9b3b725a9ac@group-9B53D1D8130A-FollowerState] INFO  server.RaftServer$Division (RaftServerImpl.java:setRole(299)) - 4b23e9ad-4c3b-4e5e-a325-f9b3b725a9ac@group-9B53D1D8130A: changes role from  FOLLOWER to CANDIDATE at term 2 for changeToCandidate
2022-10-06 01:03:32,249 [4b23e9ad-4c3b-4e5e-a325-f9b3b725a9ac@group-9B53D1D8130A-FollowerState] INFO  server.RaftServerConfigKeys (ConfUtils.java:logGet(46)) - raft.server.leaderelection.pre-vote = false (custom)
2022-10-06 01:03:32,249 [4b23e9ad-4c3b-4e5e-a325-f9b3b725a9ac@group-9B53D1D8130A-FollowerState] INFO  impl.RoleInfo (RoleInfo.java:updateAndGet(139)) - 4b23e9ad-4c3b-4e5e-a325-f9b3b725a9ac: start 4b23e9ad-4c3b-4e5e-a325-f9b3b725a9ac@group-9B53D1D8130A-LeaderElection14
2022-10-06 01:03:32,249 [grpc-default-executor-3] INFO  impl.VoteContext (VoteContext.java:log(48)) - 4b23e9ad-4c3b-4e5e-a325-f9b3b725a9ac@group-9B53D1D8130A-CANDIDATE: accept ELECTION from 326c038e-632d-4c6b-af42-d1fe452b3912: our priority 0 <= candidate's priority 1
2022-10-06 01:03:32,249 [grpc-default-executor-3] INFO  server.RaftServer$Division (RaftServerImpl.java:setRole(299)) - 4b23e9ad-4c3b-4e5e-a325-f9b3b725a9ac@group-9B53D1D8130A: changes role from CANDIDATE to FOLLOWER at term 3 for candidate:326c038e-632d-4c6b-af42-d1fe452b3912
2022-10-06 01:03:32,249 [grpc-default-executor-3] INFO  impl.RoleInfo (RoleInfo.java:shutdownLeaderElection(130)) - 4b23e9ad-4c3b-4e5e-a325-f9b3b725a9ac: shutdown 4b23e9ad-4c3b-4e5e-a325-f9b3b725a9ac@group-9B53D1D8130A-LeaderElection14
2022-10-06 01:03:32,249 [grpc-default-executor-3] INFO  impl.RoleInfo (RoleInfo.java:updateAndGet(139)) - 4b23e9ad-4c3b-4e5e-a325-f9b3b725a9ac: start 4b23e9ad-4c3b-4e5e-a325-f9b3b725a9ac@group-9B53D1D8130A-FollowerState
2022-10-06 01:03:32,248 [grpc-default-executor-2] INFO  server.RaftServer$Division (RaftServerImpl.java:requestVote(1152)) - 326c038e-632d-4c6b-af42-d1fe452b3912@group-9B53D1D8130A: receive requestVote(ELECTION, 68d8656a-d62a-40ab-a15f-69e804ac0718, group-9B53D1D8130A, 3, (t:0, i:0))
2022-10-06 01:03:32,249 [grpc-default-executor-2] INFO  impl.VoteContext (VoteContext.java:log(48)) - 326c038e-632d-4c6b-af42-d1fe452b3912@group-9B53D1D8130A-CANDIDATE: reject ELECTION from 68d8656a-d62a-40ab-a15f-69e804ac0718: already has voted for 326c038e-632d-4c6b-af42-d1fe452b3912 at current term 3
2022-10-06 01:03:32,249 [grpc-default-executor-2] INFO  server.RaftServer$Division (RaftServerImpl.java:requestVote(1184)) - 326c038e-632d-4c6b-af42-d1fe452b3912@group-9B53D1D8130A replies to ELECTION vote request: 68d8656a-d62a-40ab-a15f-69e804ac0718<-326c038e-632d-4c6b-af42-d1fe452b3912#0:FAIL-t3. Peer's state: 326c038e-632d-4c6b-af42-d1fe452b3912@group-9B53D1D8130A:t3, leader=null, voted=326c038e-632d-4c6b-af42-d1fe452b3912, raftlog=326c038e-632d-4c6b-af42-d1fe452b3912@group-9B53D1D8130A-SegmentedRaftLog:OPENED:c-1, conf=-1: [326c038e-632d-4c6b-af42-d1fe452b3912|rpc:10.1.0.249:42785|dataStream:|priority:1, 68d8656a-d62a-40ab-a15f-69e804ac0718|rpc:10.1.0.249:40209|dataStream:|priority:0, 4b23e9ad-4c3b-4e5e-a325-f9b3b725a9ac|rpc:10.1.0.249:34691|dataStream:|priority:0], old=null
2022-10-06 01:03:32,250 [4b23e9ad-4c3b-4e5e-a325-f9b3b725a9ac@group-9B53D1D8130A-LeaderElection14] INFO  impl.LeaderElection (LeaderElection.java:run(231)) - 4b23e9ad-4c3b-4e5e-a325-f9b3b725a9ac@group-9B53D1D8130A-LeaderElection14: skip running since this is already CLOSING
2022-10-06 01:03:32,253 [grpc-default-executor-3] INFO  server.RaftServer$Division (RaftServerImpl.java:requestVote(1184)) - 4b23e9ad-4c3b-4e5e-a325-f9b3b725a9ac@group-9B53D1D8130A replies to ELECTION vote request: 326c038e-632d-4c6b-af42-d1fe452b3912<-4b23e9ad-4c3b-4e5e-a325-f9b3b725a9ac#0:OK-t3. Peer's state: 4b23e9ad-4c3b-4e5e-a325-f9b3b725a9ac@group-9B53D1D8130A:t3, leader=null, voted=326c038e-632d-4c6b-af42-d1fe452b3912, raftlog=4b23e9ad-4c3b-4e5e-a325-f9b3b725a9ac@group-9B53D1D8130A-SegmentedRaftLog:OPENED:c-1, conf=-1: [326c038e-632d-4c6b-af42-d1fe452b3912|rpc:10.1.0.249:42785|priority:1, 68d8656a-d62a-40ab-a15f-69e804ac0718|rpc:10.1.0.249:40209|priority:0, 4b23e9ad-4c3b-4e5e-a325-f9b3b725a9ac|rpc:10.1.0.249:34691|priority:0], old=null
2022-10-06 01:03:32,257 [grpc-default-executor-0] INFO  server.RaftServer$Division (RaftServerImpl.java:requestVote(1152)) - 4b23e9ad-4c3b-4e5e-a325-f9b3b725a9ac@group-9B53D1D8130A: receive requestVote(ELECTION, 68d8656a-d62a-40ab-a15f-69e804ac0718, group-9B53D1D8130A, 3, (t:0, i:0))
2022-10-06 01:03:32,258 [grpc-default-executor-0] INFO  impl.VoteContext (VoteContext.java:log(48)) - 4b23e9ad-4c3b-4e5e-a325-f9b3b725a9ac@group-9B53D1D8130A-FOLLOWER: reject ELECTION from 68d8656a-d62a-40ab-a15f-69e804ac0718: already has voted for 326c038e-632d-4c6b-af42-d1fe452b3912 at current term 3
2022-10-06 01:03:32,258 [grpc-default-executor-0] INFO  server.RaftServer$Division (RaftServerImpl.java:requestVote(1184)) - 4b23e9ad-4c3b-4e5e-a325-f9b3b725a9ac@group-9B53D1D8130A replies to ELECTION vote request: 68d8656a-d62a-40ab-a15f-69e804ac0718<-4b23e9ad-4c3b-4e5e-a325-f9b3b725a9ac#0:FAIL-t3. Peer's state: 4b23e9ad-4c3b-4e5e-a325-f9b3b725a9ac@group-9B53D1D8130A:t3, leader=null, voted=326c038e-632d-4c6b-af42-d1fe452b3912, raftlog=4b23e9ad-4c3b-4e5e-a325-f9b3b725a9ac@group-9B53D1D8130A-SegmentedRaftLog:OPENED:c-1, conf=-1: [326c038e-632d-4c6b-af42-d1fe452b3912|rpc:10.1.0.249:42785|priority:1, 68d8656a-d62a-40ab-a15f-69e804ac0718|rpc:10.1.0.249:40209|priority:0, 4b23e9ad-4c3b-4e5e-a325-f9b3b725a9ac|rpc:10.1.0.249:34691|priority:0], old=null
2022-10-06 01:03:32,259 [326c038e-632d-4c6b-af42-d1fe452b3912@group-9B53D1D8130A-LeaderElection12] INFO  impl.LeaderElection (LeaderElection.java:logAndReturn(90)) - 326c038e-632d-4c6b-af42-d1fe452b3912@group-9B53D1D8130A-LeaderElection12: ELECTION PASSED received 2 response(s) and 0 exception(s):
2022-10-06 01:03:32,260 [326c038e-632d-4c6b-af42-d1fe452b3912@group-9B53D1D8130A-LeaderElection12] INFO  impl.LeaderElection (LeaderElection.java:logAndReturn(94)) -   Response 0: 326c038e-632d-4c6b-af42-d1fe452b3912<-68d8656a-d62a-40ab-a15f-69e804ac0718#0:FAIL-t3
2022-10-06 01:03:32,260 [326c038e-632d-4c6b-af42-d1fe452b3912@group-9B53D1D8130A-LeaderElection12] INFO  impl.LeaderElection (LeaderElection.java:logAndReturn(94)) -   Response 1: 326c038e-632d-4c6b-af42-d1fe452b3912<-4b23e9ad-4c3b-4e5e-a325-f9b3b725a9ac#0:OK-t3
2022-10-06 01:03:32,260 [326c038e-632d-4c6b-af42-d1fe452b3912@group-9B53D1D8130A-LeaderElection12] INFO  impl.LeaderElection (LeaderElection.java:askForVotes(312)) - 326c038e-632d-4c6b-af42-d1fe452b3912@group-9B53D1D8130A-LeaderElection12 ELECTION round 0: result PASSED
2022-10-06 01:03:32,260 [326c038e-632d-4c6b-af42-d1fe452b3912@group-9B53D1D8130A-LeaderElection12] INFO  impl.RoleInfo (RoleInfo.java:shutdownLeaderElection(130)) - 326c038e-632d-4c6b-af42-d1fe452b3912: shutdown 326c038e-632d-4c6b-af42-d1fe452b3912@group-9B53D1D8130A-LeaderElection12
2022-10-06 01:03:32,260 [326c038e-632d-4c6b-af42-d1fe452b3912@group-9B53D1D8130A-LeaderElection12] INFO  server.RaftServer$Division (RaftServerImpl.java:setRole(299)) - 326c038e-632d-4c6b-af42-d1fe452b3912@group-9B53D1D8130A: changes role from CANDIDATE to LEADER at term 3 for changeToLeader
2022-10-06 01:03:32,260 [326c038e-632d-4c6b-af42-d1fe452b3912@group-9B53D1D8130A-LeaderElection12] INFO  ratis.XceiverServerRatis (XceiverServerRatis.java:handleLeaderChangedNotification(863)) - Leader change notification received for group: group-9B53D1D8130A with new leaderId: 326c038e-632d-4c6b-af42-d1fe452b3912
2022-10-06 01:03:32,260 [326c038e-632d-4c6b-af42-d1fe452b3912@group-9B53D1D8130A-LeaderElection12] INFO  server.RaftServer$Division (ServerState.java:setLeader(287)) - 326c038e-632d-4c6b-af42-d1fe452b3912@group-9B53D1D8130A: change Leader from null to 326c038e-632d-4c6b-af42-d1fe452b3912 at term 3 for becomeLeader, leader elected after 15228ms
2022-10-06 01:03:32,261 [326c038e-632d-4c6b-af42-d1fe452b3912@group-9B53D1D8130A-LeaderElection12] INFO  server.RaftServerConfigKeys (ConfUtils.java:logGet(46)) - raft.server.staging.catchup.gap = 1000 (default)
2022-10-06 01:03:32,261 [326c038e-632d-4c6b-af42-d1fe452b3912@group-9B53D1D8130A-LeaderElection12] INFO  server.RaftServerConfigKeys (ConfUtils.java:logGet(46)) - raft.server.write.element-limit = 1024 (custom)
2022-10-06 01:03:32,261 [326c038e-632d-4c6b-af42-d1fe452b3912@group-9B53D1D8130A-LeaderElection12] INFO  server.RaftServerConfigKeys (ConfUtils.java:logGet(46)) - raft.server.write.byte-limit = 1024 M (=1073741824) (custom)
2022-10-06 01:03:32,261 [326c038e-632d-4c6b-af42-d1fe452b3912@group-9B53D1D8130A-LeaderElection12] INFO  server.RaftServerConfigKeys (ConfUtils.java:logGet(46)) - raft.server.watch.timeout = 180s (custom)
2022-10-06 01:03:32,261 [326c038e-632d-4c6b-af42-d1fe452b3912@group-9B53D1D8130A-LeaderElection12] INFO  server.RaftServerConfigKeys (ConfUtils.java:logGet(46)) - raft.server.watch.timeout.denomination = 1s (default)
2022-10-06 01:03:32,261 [326c038e-632d-4c6b-af42-d1fe452b3912@group-9B53D1D8130A-LeaderElection12] INFO  server.RaftServerConfigKeys (ConfUtils.java:logGet(46)) - raft.server.watch.element-limit = 65536 (default)
2022-10-06 01:03:32,261 [326c038e-632d-4c6b-af42-d1fe452b3912@group-9B53D1D8130A-LeaderElection12] INFO  server.RaftServerConfigKeys (ConfUtils.java:logGet(46)) - raft.server.write.element-limit = 1024 (custom)
2022-10-06 01:03:32,261 [326c038e-632d-4c6b-af42-d1fe452b3912@group-9B53D1D8130A-LeaderElection12] INFO  server.RaftServerConfigKeys (ConfUtils.java:logGet(46)) - raft.server.write.follower.gap.ratio.max = -1.0 (default)
2022-10-06 01:03:32,263 [EventQueue-PipelineReportForPipelineReportHandler] INFO  pipeline.PipelineManagerImpl (PipelineManagerImpl.java:openPipeline(367)) - Pipeline Pipeline[ Id: 23626235-c7d9-47e2-b900-9b53d1d8130a, Nodes: 68d8656a-d62a-40ab-a15f-69e804ac0718{ip: 10.1.0.249, host: fv-az399-337.4urtqdmtpd2erju50p4tzyn2ng.bx.internal.cloudapp.net, ports: [REPLICATION=37929, RATIS=40209, RATIS_ADMIN=40209, RATIS_SERVER=40209, STANDALONE=39041], networkLocation: /default-rack, certSerialId: null, persistedOpState: IN_SERVICE, persistedOpStateExpiryEpochSec: 0}326c038e-632d-4c6b-af42-d1fe452b3912{ip: 10.1.0.249, host: fv-az399-337.4urtqdmtpd2erju50p4tzyn2ng.bx.internal.cloudapp.net, ports: [REPLICATION=45493, RATIS=42785, RATIS_ADMIN=42785, RATIS_SERVER=42785, STANDALONE=44145], networkLocation: /default-rack, certSerialId: null, persistedOpState: IN_SERVICE, persistedOpStateExpiryEpochSec: 0}4b23e9ad-4c3b-4e5e-a325-f9b3b725a9ac{ip: 10.1.0.249, host: fv-az399-337.4urtqdmtpd2erju50p4tzyn2ng.bx.internal.cloudapp.net, ports: [REPLICATION=36061, RATIS=34691, RATIS_ADMIN=34691, RATIS_SERVER=34691, STANDALONE=43161], networkLocation: /default-rack, certSerialId: null, persistedOpState: IN_SERVICE, persistedOpStateExpiryEpochSec: 0}, ReplicationConfig: RATIS/THREE, State:ALLOCATED, leaderId:326c038e-632d-4c6b-af42-d1fe452b3912, CreationTimestamp2022-10-06T01:03:14.058Z[Etc/UTC]] moved to OPEN state
2022-10-06 01:03:32,265 [68d8656a-d62a-40ab-a15f-69e804ac0718@group-9B53D1D8130A-LeaderElection13] INFO  impl.LeaderElection (LeaderElection.java:logAndReturn(90)) - 68d8656a-d62a-40ab-a15f-69e804ac0718@group-9B53D1D8130A-LeaderElection13: ELECTION REJECTED received 2 response(s) and 0 exception(s):
2022-10-06 01:03:32,265 [68d8656a-d62a-40ab-a15f-69e804ac0718@group-9B53D1D8130A-LeaderElection13] INFO  impl.LeaderElection (LeaderElection.java:logAndReturn(94)) -   Response 0: 68d8656a-d62a-40ab-a15f-69e804ac0718<-326c038e-632d-4c6b-af42-d1fe452b3912#0:FAIL-t3
2022-10-06 01:03:32,265 [68d8656a-d62a-40ab-a15f-69e804ac0718@group-9B53D1D8130A-LeaderElection13] INFO  impl.LeaderElection (LeaderElection.java:logAndReturn(94)) -   Response 1: 68d8656a-d62a-40ab-a15f-69e804ac0718<-4b23e9ad-4c3b-4e5e-a325-f9b3b725a9ac#0:FAIL-t3
2022-10-06 01:03:32,265 [68d8656a-d62a-40ab-a15f-69e804ac0718@group-9B53D1D8130A-LeaderElection13] INFO  impl.LeaderElection (LeaderElection.java:askForVotes(312)) - 68d8656a-d62a-40ab-a15f-69e804ac0718@group-9B53D1D8130A-LeaderElection13 ELECTION round 0: result REJECTED
2022-10-06 01:03:32,265 [68d8656a-d62a-40ab-a15f-69e804ac0718@group-9B53D1D8130A-LeaderElection13] INFO  server.RaftServer$Division (RaftServerImpl.java:setRole(299)) - 68d8656a-d62a-40ab-a15f-69e804ac0718@group-9B53D1D8130A: changes role from CANDIDATE to FOLLOWER at term 3 for REJECTED
2022-10-06 01:03:32,265 [68d8656a-d62a-40ab-a15f-69e804ac0718@group-9B53D1D8130A-LeaderElection13] INFO  impl.RoleInfo (RoleInfo.java:shutdownLeaderElection(130)) - 68d8656a-d62a-40ab-a15f-69e804ac0718: shutdown 68d8656a-d62a-40ab-a15f-69e804ac0718@group-9B53D1D8130A-LeaderElection13
2022-10-06 01:03:32,265 [68d8656a-d62a-40ab-a15f-69e804ac0718@group-9B53D1D8130A-LeaderElection13] INFO  impl.RoleInfo (RoleInfo.java:updateAndGet(139)) - 68d8656a-d62a-40ab-a15f-69e804ac0718: start 68d8656a-d62a-40ab-a15f-69e804ac0718@group-9B53D1D8130A-FollowerState
2022-10-06 01:03:32,264 [326c038e-632d-4c6b-af42-d1fe452b3912@group-9B53D1D8130A-LeaderElection12] INFO  server.RaftServerConfigKeys (ConfUtils.java:logGet(46)) - raft.server.log.appender.snapshot.chunk.size.max = 16MB (=16777216) (default)
2022-10-06 01:03:32,270 [326c038e-632d-4c6b-af42-d1fe452b3912@group-9B53D1D8130A-LeaderElection12] INFO  server.RaftServerConfigKeys (ConfUtils.java:logGet(46)) - raft.server.log.appender.buffer.byte-limit = 33554432 (custom)
2022-10-06 01:03:32,270 [326c038e-632d-4c6b-af42-d1fe452b3912@group-9B53D1D8130A-LeaderElection12] INFO  server.RaftServerConfigKeys (ConfUtils.java:logGet(46)) - raft.server.log.appender.buffer.element-limit = 1 (custom)
2022-10-06 01:03:32,270 [326c038e-632d-4c6b-af42-d1fe452b3912@group-9B53D1D8130A-LeaderElection12] INFO  grpc.GrpcConfigKeys (ConfUtils.java:logGet(46)) - raft.grpc.server.leader.outstanding.appends.max = 128 (default)
2022-10-06 01:03:32,271 [326c038e-632d-4c6b-af42-d1fe452b3912@group-9B53D1D8130A-LeaderElection12] INFO  server.RaftServerConfigKeys (ConfUtils.java:logGet(46)) - raft.server.rpc.request.timeout = 60s (custom)
2022-10-06 01:03:32,271 [326c038e-632d-4c6b-af42-d1fe452b3912@group-9B53D1D8130A-LeaderElection12] INFO  server.RaftServerConfigKeys (ConfUtils.java:logGet(46)) - raft.server.log.appender.install.snapshot.enabled = false (custom)
2022-10-06 01:03:32,272 [326c038e-632d-4c6b-af42-d1fe452b3912@group-9B53D1D8130A-LeaderElection12] INFO  server.RaftServerConfigKeys (ConfUtils.java:logGet(46)) - raft.server.log.appender.snapshot.chunk.size.max = 16MB (=16777216) (default)
2022-10-06 01:03:32,272 [326c038e-632d-4c6b-af42-d1fe452b3912@group-9B53D1D8130A-LeaderElection12] INFO  server.RaftServerConfigKeys (ConfUtils.java:logGet(46)) - raft.server.log.appender.buffer.byte-limit = 33554432 (custom)
2022-10-06 01:03:32,272 [326c038e-632d-4c6b-af42-d1fe452b3912@group-9B53D1D8130A-LeaderElection12] INFO  server.RaftServerConfigKeys (ConfUtils.java:logGet(46)) - raft.server.log.appender.buffer.element-limit = 1 (custom)
2022-10-06 01:03:32,272 [326c038e-632d-4c6b-af42-d1fe452b3912@group-9B53D1D8130A-LeaderElection12] INFO  grpc.GrpcConfigKeys (ConfUtils.java:logGet(46)) - raft.grpc.server.leader.outstanding.appends.max = 128 (default)
2022-10-06 01:03:32,272 [326c038e-632d-4c6b-af42-d1fe452b3912@group-9B53D1D8130A-LeaderElection12] INFO  server.RaftServerConfigKeys (ConfUtils.java:logGet(46)) - raft.server.rpc.request.timeout = 60s (custom)
2022-10-06 01:03:32,272 [326c038e-632d-4c6b-af42-d1fe452b3912@group-9B53D1D8130A-LeaderElection12] INFO  server.RaftServerConfigKeys (ConfUtils.java:logGet(46)) - raft.server.log.appender.install.snapshot.enabled = false (custom)
2022-10-06 01:03:32,272 [326c038e-632d-4c6b-af42-d1fe452b3912@group-9B53D1D8130A-LeaderElection12] INFO  impl.RoleInfo (RoleInfo.java:updateAndGet(139)) - 326c038e-632d-4c6b-af42-d1fe452b3912: start 326c038e-632d-4c6b-af42-d1fe452b3912@group-9B53D1D8130A-LeaderStateImpl
2022-10-06 01:03:32,272 [326c038e-632d-4c6b-af42-d1fe452b3912@group-9B53D1D8130A-LeaderElection12] INFO  segmented.SegmentedRaftLogWorker (SegmentedRaftLogWorker.java:startLogSegment(425)) - 326c038e-632d-4c6b-af42-d1fe452b3912@group-9B53D1D8130A-SegmentedRaftLogWorker: Starting segment from index:0
2022-10-06 01:03:32,274 [326c038e-632d-4c6b-af42-d1fe452b3912@group-9B53D1D8130A-SegmentedRaftLogWorker] INFO  segmented.SegmentedRaftLogWorker (SegmentedRaftLogWorker.java:execute(629)) - 326c038e-632d-4c6b-af42-d1fe452b3912@group-9B53D1D8130A-SegmentedRaftLogWorker: created new log segment /home/runner/work/ozone/ozone/hadoop-ozone/integration-test/target/test-dir/MiniOzoneClusterImpl-cb9ba06c-8019-4b1a-b2e9-0b8ac0549875/datanode-2/data/ratis/23626235-c7d9-47e2-b900-9b53d1d8130a/current/log_inprogress_0
2022-10-06 01:03:32,294 [326c038e-632d-4c6b-af42-d1fe452b3912@group-9B53D1D8130A-LeaderElection12] INFO  server.RaftServer$Division (ServerState.java:setRaftConf(393)) - 326c038e-632d-4c6b-af42-d1fe452b3912@group-9B53D1D8130A: set configuration 0: [326c038e-632d-4c6b-af42-d1fe452b3912|rpc:10.1.0.249:42785|dataStream:|priority:1, 68d8656a-d62a-40ab-a15f-69e804ac0718|rpc:10.1.0.249:40209|dataStream:|priority:0, 4b23e9ad-4c3b-4e5e-a325-f9b3b725a9ac|rpc:10.1.0.249:34691|dataStream:|priority:0], old=null
2022-10-06 01:03:32,295 [68d8656a-d62a-40ab-a15f-69e804ac0718-server-thread1] INFO  ratis.XceiverServerRatis (XceiverServerRatis.java:handleLeaderChangedNotification(863)) - Leader change notification received for group: group-9B53D1D8130A with new leaderId: 326c038e-632d-4c6b-af42-d1fe452b3912
2022-10-06 01:03:32,295 [68d8656a-d62a-40ab-a15f-69e804ac0718-server-thread1] INFO  server.RaftServer$Division (ServerState.java:setLeader(287)) - 68d8656a-d62a-40ab-a15f-69e804ac0718@group-9B53D1D8130A: change Leader from null to 326c038e-632d-4c6b-af42-d1fe452b3912 at term 3 for appendEntries, leader elected after 15304ms
2022-10-06 01:03:32,297 [4b23e9ad-4c3b-4e5e-a325-f9b3b725a9ac-server-thread1] INFO  ratis.XceiverServerRatis (XceiverServerRatis.java:handleLeaderChangedNotification(863)) - Leader change notification received for group: group-9B53D1D8130A with new leaderId: 326c038e-632d-4c6b-af42-d1fe452b3912
2022-10-06 01:03:32,297 [4b23e9ad-4c3b-4e5e-a325-f9b3b725a9ac-server-thread1] INFO  server.RaftServer$Division (ServerState.java:setLeader(287)) - 4b23e9ad-4c3b-4e5e-a325-f9b3b725a9ac@group-9B53D1D8130A: change Leader from null to 326c038e-632d-4c6b-af42-d1fe452b3912 at term 3 for appendEntries, leader elected after 15349ms
2022-10-06 01:03:32,305 [4b23e9ad-4c3b-4e5e-a325-f9b3b725a9ac-server-thread1] INFO  server.RaftServer$Division (ServerState.java:setRaftConf(393)) - 4b23e9ad-4c3b-4e5e-a325-f9b3b725a9ac@group-9B53D1D8130A: set configuration 0: [326c038e-632d-4c6b-af42-d1fe452b3912|rpc:10.1.0.249:42785|dataStream:|priority:1, 68d8656a-d62a-40ab-a15f-69e804ac0718|rpc:10.1.0.249:40209|dataStream:|priority:0, 4b23e9ad-4c3b-4e5e-a325-f9b3b725a9ac|rpc:10.1.0.249:34691|dataStream:|priority:0], old=null
2022-10-06 01:03:32,305 [4b23e9ad-4c3b-4e5e-a325-f9b3b725a9ac-server-thread1] INFO  segmented.SegmentedRaftLogWorker (SegmentedRaftLogWorker.java:startLogSegment(425)) - 4b23e9ad-4c3b-4e5e-a325-f9b3b725a9ac@group-9B53D1D8130A-SegmentedRaftLogWorker: Starting segment from index:0
2022-10-06 01:03:32,307 [4b23e9ad-4c3b-4e5e-a325-f9b3b725a9ac@group-9B53D1D8130A-SegmentedRaftLogWorker] INFO  segmented.SegmentedRaftLogWorker (SegmentedRaftLogWorker.java:execute(629)) - 4b23e9ad-4c3b-4e5e-a325-f9b3b725a9ac@group-9B53D1D8130A-SegmentedRaftLogWorker: created new log segment /home/runner/work/ozone/ozone/hadoop-ozone/integration-test/target/test-dir/MiniOzoneClusterImpl-cb9ba06c-8019-4b1a-b2e9-0b8ac0549875/datanode-0/data/ratis/23626235-c7d9-47e2-b900-9b53d1d8130a/current/log_inprogress_0
2022-10-06 01:03:32,314 [68d8656a-d62a-40ab-a15f-69e804ac0718-server-thread1] INFO  server.RaftServer$Division (ServerState.java:setRaftConf(393)) - 68d8656a-d62a-40ab-a15f-69e804ac0718@group-9B53D1D8130A: set configuration 0: [326c038e-632d-4c6b-af42-d1fe452b3912|rpc:10.1.0.249:42785|dataStream:|priority:1, 68d8656a-d62a-40ab-a15f-69e804ac0718|rpc:10.1.0.249:40209|dataStream:|priority:0, 4b23e9ad-4c3b-4e5e-a325-f9b3b725a9ac|rpc:10.1.0.249:34691|dataStream:|priority:0], old=null
2022-10-06 01:03:32,315 [68d8656a-d62a-40ab-a15f-69e804ac0718-server-thread1] INFO  segmented.SegmentedRaftLogWorker (SegmentedRaftLogWorker.java:startLogSegment(425)) - 68d8656a-d62a-40ab-a15f-69e804ac0718@group-9B53D1D8130A-SegmentedRaftLogWorker: Starting segment from index:0
2022-10-06 01:03:32,316 [68d8656a-d62a-40ab-a15f-69e804ac0718@group-9B53D1D8130A-SegmentedRaftLogWorker] INFO  segmented.SegmentedRaftLogWorker (SegmentedRaftLogWorker.java:execute(629)) - 68d8656a-d62a-40ab-a15f-69e804ac0718@group-9B53D1D8130A-SegmentedRaftLogWorker: created new log segment /home/runner/work/ozone/ozone/hadoop-ozone/integration-test/target/test-dir/MiniOzoneClusterImpl-cb9ba06c-8019-4b1a-b2e9-0b8ac0549875/datanode-1/data/ratis/23626235-c7d9-47e2-b900-9b53d1d8130a/current/log_inprogress_0
2022-10-06 01:03:34,613 [Under Replicated Processor] INFO  replication.UnderReplicatedProcessor (UnderReplicatedProcessor.java:processAll(92)) - Processed 0 under replicated containers, failed processing 0
2022-10-06 01:03:34,622 [Over Replicated Processor] INFO  replication.OverReplicatedProcessor (OverReplicatedProcessor.java:processAll(90)) - Processed 0 over replicated containers, failed processing 0
2022-10-06 01:03:37,890 [IPC Server handler 15 on default port 42963] INFO  ha.SequenceIdGenerator (SequenceIdGenerator.java:getNextId(128)) - Allocate a batch for localId, change lastId from 109611004723201000 to 109611004723202000.
]]></system-out>
  </testcase>
  <testcase name="testListStatusFSO" classname="TestRootedOzoneFileSystemWithFSO" time="4.515">
    <system-out><![CDATA[2022-10-06 01:05:01,072 [Time-limited test] INFO  rpc.RpcClient (RpcClient.java:createVolume(471)) - Creating Volume: volume03158, with user20840 as owner and space quota set to -1 bytes, counts quota set to -1
2022-10-06 01:05:01,072 [IPC Server handler 12 on default port 44363] INFO  volume.OMVolumeCreateRequest (OMVolumeCreateRequest.java:validateAndUpdateCache(195)) - created volume:volume03158 for user:user20840
2022-10-06 01:05:01,077 [Time-limited test] INFO  rpc.RpcClient (RpcClient.java:createBucket(674)) - Creating Bucket: volume03158/bucket01082, with bucket layout FILE_SYSTEM_OPTIMIZED, runner as owner, Versioning false, Storage Type set to DISK and Encryption set to false 
2022-10-06 01:05:01,078 [IPC Server handler 19 on default port 44363] INFO  bucket.OMBucketCreateRequest (OMBucketCreateRequest.java:validateAndUpdateCache(260)) - created bucket: bucket01082 of layout FILE_SYSTEM_OPTIMIZED in volume: volume03158
2022-10-06 01:05:01,577 [3c467811-f56a-4e44-8833-8c580925f27b@group-203D2F0C1F7D-FollowerState] INFO  impl.FollowerState (FollowerState.java:run(143)) - 3c467811-f56a-4e44-8833-8c580925f27b@group-203D2F0C1F7D-FollowerState: change to CANDIDATE, lastRpcElapsedTime:5200520921ns, electionTimeout:5195ms
2022-10-06 01:05:01,578 [3c467811-f56a-4e44-8833-8c580925f27b@group-203D2F0C1F7D-FollowerState] INFO  impl.RoleInfo (RoleInfo.java:shutdownFollowerState(110)) - 3c467811-f56a-4e44-8833-8c580925f27b: shutdown 3c467811-f56a-4e44-8833-8c580925f27b@group-203D2F0C1F7D-FollowerState
2022-10-06 01:05:01,578 [3c467811-f56a-4e44-8833-8c580925f27b@group-203D2F0C1F7D-FollowerState] INFO  server.RaftServer$Division (RaftServerImpl.java:setRole(299)) - 3c467811-f56a-4e44-8833-8c580925f27b@group-203D2F0C1F7D: changes role from  FOLLOWER to CANDIDATE at term 0 for changeToCandidate
2022-10-06 01:05:01,578 [3c467811-f56a-4e44-8833-8c580925f27b@group-203D2F0C1F7D-FollowerState] INFO  server.RaftServerConfigKeys (ConfUtils.java:logGet(46)) - raft.server.leaderelection.pre-vote = false (custom)
2022-10-06 01:05:01,578 [3c467811-f56a-4e44-8833-8c580925f27b@group-203D2F0C1F7D-FollowerState] INFO  impl.RoleInfo (RoleInfo.java:updateAndGet(139)) - 3c467811-f56a-4e44-8833-8c580925f27b: start 3c467811-f56a-4e44-8833-8c580925f27b@group-203D2F0C1F7D-LeaderElection23
2022-10-06 01:05:01,620 [3c467811-f56a-4e44-8833-8c580925f27b@group-203D2F0C1F7D-LeaderElection23] INFO  impl.LeaderElection (LeaderElection.java:askForVotes(310)) - 3c467811-f56a-4e44-8833-8c580925f27b@group-203D2F0C1F7D-LeaderElection23 ELECTION round 0: submit vote requests at term 1 for -1: [3c467811-f56a-4e44-8833-8c580925f27b|rpc:10.1.0.249:40965|priority:1], old=null
2022-10-06 01:05:01,620 [3c467811-f56a-4e44-8833-8c580925f27b@group-203D2F0C1F7D-LeaderElection23] INFO  impl.LeaderElection (LeaderElection.java:askForVotes(312)) - 3c467811-f56a-4e44-8833-8c580925f27b@group-203D2F0C1F7D-LeaderElection23 ELECTION round 0: result PASSED (term=1)
2022-10-06 01:05:01,620 [3c467811-f56a-4e44-8833-8c580925f27b@group-203D2F0C1F7D-LeaderElection23] INFO  impl.RoleInfo (RoleInfo.java:shutdownLeaderElection(130)) - 3c467811-f56a-4e44-8833-8c580925f27b: shutdown 3c467811-f56a-4e44-8833-8c580925f27b@group-203D2F0C1F7D-LeaderElection23
2022-10-06 01:05:01,620 [3c467811-f56a-4e44-8833-8c580925f27b@group-203D2F0C1F7D-LeaderElection23] INFO  server.RaftServer$Division (RaftServerImpl.java:setRole(299)) - 3c467811-f56a-4e44-8833-8c580925f27b@group-203D2F0C1F7D: changes role from CANDIDATE to LEADER at term 1 for changeToLeader
2022-10-06 01:05:01,620 [3c467811-f56a-4e44-8833-8c580925f27b@group-203D2F0C1F7D-LeaderElection23] INFO  ratis.XceiverServerRatis (XceiverServerRatis.java:handleLeaderChangedNotification(863)) - Leader change notification received for group: group-203D2F0C1F7D with new leaderId: 3c467811-f56a-4e44-8833-8c580925f27b
2022-10-06 01:05:01,620 [3c467811-f56a-4e44-8833-8c580925f27b@group-203D2F0C1F7D-LeaderElection23] INFO  server.RaftServer$Division (ServerState.java:setLeader(287)) - 3c467811-f56a-4e44-8833-8c580925f27b@group-203D2F0C1F7D: change Leader from null to 3c467811-f56a-4e44-8833-8c580925f27b at term 1 for becomeLeader, leader elected after 5269ms
2022-10-06 01:05:01,620 [3c467811-f56a-4e44-8833-8c580925f27b@group-203D2F0C1F7D-LeaderElection23] INFO  server.RaftServerConfigKeys (ConfUtils.java:logGet(46)) - raft.server.staging.catchup.gap = 1000 (default)
2022-10-06 01:05:01,620 [3c467811-f56a-4e44-8833-8c580925f27b@group-203D2F0C1F7D-LeaderElection23] INFO  server.RaftServerConfigKeys (ConfUtils.java:logGet(46)) - raft.server.write.element-limit = 1024 (custom)
2022-10-06 01:05:01,620 [3c467811-f56a-4e44-8833-8c580925f27b@group-203D2F0C1F7D-LeaderElection23] INFO  server.RaftServerConfigKeys (ConfUtils.java:logGet(46)) - raft.server.write.byte-limit = 1024 M (=1073741824) (custom)
2022-10-06 01:05:01,621 [3c467811-f56a-4e44-8833-8c580925f27b@group-203D2F0C1F7D-LeaderElection23] INFO  server.RaftServerConfigKeys (ConfUtils.java:logGet(46)) - raft.server.watch.timeout = 180s (custom)
2022-10-06 01:05:01,621 [3c467811-f56a-4e44-8833-8c580925f27b@group-203D2F0C1F7D-LeaderElection23] INFO  server.RaftServerConfigKeys (ConfUtils.java:logGet(46)) - raft.server.watch.timeout.denomination = 1s (default)
2022-10-06 01:05:01,621 [3c467811-f56a-4e44-8833-8c580925f27b@group-203D2F0C1F7D-LeaderElection23] INFO  server.RaftServerConfigKeys (ConfUtils.java:logGet(46)) - raft.server.watch.element-limit = 65536 (default)
2022-10-06 01:05:01,621 [3c467811-f56a-4e44-8833-8c580925f27b@group-203D2F0C1F7D-LeaderElection23] INFO  server.RaftServerConfigKeys (ConfUtils.java:logGet(46)) - raft.server.write.element-limit = 1024 (custom)
2022-10-06 01:05:01,621 [3c467811-f56a-4e44-8833-8c580925f27b@group-203D2F0C1F7D-LeaderElection23] INFO  server.RaftServerConfigKeys (ConfUtils.java:logGet(46)) - raft.server.write.follower.gap.ratio.max = -1.0 (default)
2022-10-06 01:05:01,621 [3c467811-f56a-4e44-8833-8c580925f27b@group-203D2F0C1F7D-LeaderElection23] INFO  impl.RoleInfo (RoleInfo.java:updateAndGet(139)) - 3c467811-f56a-4e44-8833-8c580925f27b: start 3c467811-f56a-4e44-8833-8c580925f27b@group-203D2F0C1F7D-LeaderStateImpl
2022-10-06 01:05:01,621 [3c467811-f56a-4e44-8833-8c580925f27b@group-203D2F0C1F7D-LeaderElection23] INFO  segmented.SegmentedRaftLogWorker (SegmentedRaftLogWorker.java:startLogSegment(425)) - 3c467811-f56a-4e44-8833-8c580925f27b@group-203D2F0C1F7D-SegmentedRaftLogWorker: Starting segment from index:0
2022-10-06 01:05:01,622 [3c467811-f56a-4e44-8833-8c580925f27b@group-203D2F0C1F7D-SegmentedRaftLogWorker] INFO  segmented.SegmentedRaftLogWorker (SegmentedRaftLogWorker.java:execute(629)) - 3c467811-f56a-4e44-8833-8c580925f27b@group-203D2F0C1F7D-SegmentedRaftLogWorker: created new log segment /home/runner/work/ozone/ozone/hadoop-ozone/integration-test/target/test-dir/MiniOzoneClusterImpl-07f884e1-d8a6-4fa8-8867-d1ed1eaa8398/datanode-4/data/ratis/17dc21dc-7b41-45bd-a267-203d2f0c1f7d/current/log_inprogress_0
2022-10-06 01:05:01,636 [3c467811-f56a-4e44-8833-8c580925f27b@group-203D2F0C1F7D-LeaderElection23] INFO  server.RaftServer$Division (ServerState.java:setRaftConf(393)) - 3c467811-f56a-4e44-8833-8c580925f27b@group-203D2F0C1F7D: set configuration 0: [3c467811-f56a-4e44-8833-8c580925f27b|rpc:10.1.0.249:40965|dataStream:|priority:1], old=null
2022-10-06 01:05:03,955 [b1188ba9-7404-4c69-a541-42ff8694cd3e@group-A12B94BABBCA-FollowerState] INFO  impl.FollowerState (FollowerState.java:run(143)) - b1188ba9-7404-4c69-a541-42ff8694cd3e@group-A12B94BABBCA-FollowerState: change to CANDIDATE, lastRpcElapsedTime:5041519206ns, electionTimeout:5038ms
2022-10-06 01:05:03,955 [b1188ba9-7404-4c69-a541-42ff8694cd3e@group-A12B94BABBCA-FollowerState] INFO  impl.RoleInfo (RoleInfo.java:shutdownFollowerState(110)) - b1188ba9-7404-4c69-a541-42ff8694cd3e: shutdown b1188ba9-7404-4c69-a541-42ff8694cd3e@group-A12B94BABBCA-FollowerState
2022-10-06 01:05:03,955 [b1188ba9-7404-4c69-a541-42ff8694cd3e@group-A12B94BABBCA-FollowerState] INFO  server.RaftServer$Division (RaftServerImpl.java:setRole(299)) - b1188ba9-7404-4c69-a541-42ff8694cd3e@group-A12B94BABBCA: changes role from  FOLLOWER to CANDIDATE at term 1 for changeToCandidate
2022-10-06 01:05:03,955 [b1188ba9-7404-4c69-a541-42ff8694cd3e@group-A12B94BABBCA-FollowerState] INFO  server.RaftServerConfigKeys (ConfUtils.java:logGet(46)) - raft.server.leaderelection.pre-vote = false (custom)
2022-10-06 01:05:03,955 [b1188ba9-7404-4c69-a541-42ff8694cd3e@group-A12B94BABBCA-FollowerState] INFO  impl.RoleInfo (RoleInfo.java:updateAndGet(139)) - b1188ba9-7404-4c69-a541-42ff8694cd3e: start b1188ba9-7404-4c69-a541-42ff8694cd3e@group-A12B94BABBCA-LeaderElection24
2022-10-06 01:05:03,967 [92ca9abc-3f8f-4561-9917-cda982ad8ac5@group-A12B94BABBCA-FollowerState] INFO  impl.FollowerState (FollowerState.java:run(143)) - 92ca9abc-3f8f-4561-9917-cda982ad8ac5@group-A12B94BABBCA-FollowerState: change to CANDIDATE, lastRpcElapsedTime:5020445787ns, electionTimeout:5009ms
2022-10-06 01:05:03,967 [92ca9abc-3f8f-4561-9917-cda982ad8ac5@group-A12B94BABBCA-FollowerState] INFO  impl.RoleInfo (RoleInfo.java:shutdownFollowerState(110)) - 92ca9abc-3f8f-4561-9917-cda982ad8ac5: shutdown 92ca9abc-3f8f-4561-9917-cda982ad8ac5@group-A12B94BABBCA-FollowerState
2022-10-06 01:05:03,967 [92ca9abc-3f8f-4561-9917-cda982ad8ac5@group-A12B94BABBCA-FollowerState] INFO  server.RaftServer$Division (RaftServerImpl.java:setRole(299)) - 92ca9abc-3f8f-4561-9917-cda982ad8ac5@group-A12B94BABBCA: changes role from  FOLLOWER to CANDIDATE at term 1 for changeToCandidate
2022-10-06 01:05:03,993 [92ca9abc-3f8f-4561-9917-cda982ad8ac5@group-A12B94BABBCA-FollowerState] INFO  server.RaftServerConfigKeys (ConfUtils.java:logGet(46)) - raft.server.leaderelection.pre-vote = false (custom)
2022-10-06 01:05:03,993 [92ca9abc-3f8f-4561-9917-cda982ad8ac5@group-A12B94BABBCA-FollowerState] INFO  impl.RoleInfo (RoleInfo.java:updateAndGet(139)) - 92ca9abc-3f8f-4561-9917-cda982ad8ac5: start 92ca9abc-3f8f-4561-9917-cda982ad8ac5@group-A12B94BABBCA-LeaderElection25
2022-10-06 01:05:04,010 [b1188ba9-7404-4c69-a541-42ff8694cd3e@group-A12B94BABBCA-LeaderElection24] INFO  impl.LeaderElection (LeaderElection.java:askForVotes(310)) - b1188ba9-7404-4c69-a541-42ff8694cd3e@group-A12B94BABBCA-LeaderElection24 ELECTION round 0: submit vote requests at term 2 for -1: [23a5c7c7-a279-444f-ae9a-ea80730ba37f|rpc:10.1.0.249:46507|priority:1, 92ca9abc-3f8f-4561-9917-cda982ad8ac5|rpc:10.1.0.249:43563|priority:0, b1188ba9-7404-4c69-a541-42ff8694cd3e|rpc:10.1.0.249:39649|priority:0], old=null
2022-10-06 01:05:04,051 [grpc-default-executor-3] INFO  server.RaftServer$Division (RaftServerImpl.java:requestVote(1152)) - 23a5c7c7-a279-444f-ae9a-ea80730ba37f@group-A12B94BABBCA: receive requestVote(ELECTION, b1188ba9-7404-4c69-a541-42ff8694cd3e, group-A12B94BABBCA, 2, (t:0, i:0))
2022-10-06 01:05:04,051 [grpc-default-executor-3] INFO  impl.VoteContext (VoteContext.java:log(48)) - 23a5c7c7-a279-444f-ae9a-ea80730ba37f@group-A12B94BABBCA-FOLLOWER: reject ELECTION from b1188ba9-7404-4c69-a541-42ff8694cd3e: our priority 1 > candidate's priority 0
2022-10-06 01:05:04,051 [grpc-default-executor-3] INFO  server.RaftServer$Division (RaftServerImpl.java:setRole(299)) - 23a5c7c7-a279-444f-ae9a-ea80730ba37f@group-A12B94BABBCA: changes role from  FOLLOWER to FOLLOWER at term 2 for candidate:b1188ba9-7404-4c69-a541-42ff8694cd3e
2022-10-06 01:05:04,051 [grpc-default-executor-3] INFO  impl.RoleInfo (RoleInfo.java:shutdownFollowerState(110)) - 23a5c7c7-a279-444f-ae9a-ea80730ba37f: shutdown 23a5c7c7-a279-444f-ae9a-ea80730ba37f@group-A12B94BABBCA-FollowerState
2022-10-06 01:05:04,051 [grpc-default-executor-3] INFO  impl.RoleInfo (RoleInfo.java:updateAndGet(139)) - 23a5c7c7-a279-444f-ae9a-ea80730ba37f: start 23a5c7c7-a279-444f-ae9a-ea80730ba37f@group-A12B94BABBCA-FollowerState
2022-10-06 01:05:04,051 [23a5c7c7-a279-444f-ae9a-ea80730ba37f@group-A12B94BABBCA-FollowerState] INFO  impl.FollowerState (FollowerState.java:run(152)) - 23a5c7c7-a279-444f-ae9a-ea80730ba37f@group-A12B94BABBCA-FollowerState was interrupted
2022-10-06 01:05:04,052 [92ca9abc-3f8f-4561-9917-cda982ad8ac5@group-A12B94BABBCA-LeaderElection25] INFO  impl.LeaderElection (LeaderElection.java:askForVotes(310)) - 92ca9abc-3f8f-4561-9917-cda982ad8ac5@group-A12B94BABBCA-LeaderElection25 ELECTION round 0: submit vote requests at term 2 for -1: [23a5c7c7-a279-444f-ae9a-ea80730ba37f|rpc:10.1.0.249:46507|dataStream:|priority:1, 92ca9abc-3f8f-4561-9917-cda982ad8ac5|rpc:10.1.0.249:43563|dataStream:|priority:0, b1188ba9-7404-4c69-a541-42ff8694cd3e|rpc:10.1.0.249:39649|dataStream:|priority:0], old=null
2022-10-06 01:05:04,053 [grpc-default-executor-3] INFO  server.RaftServer$Division (RaftServerImpl.java:requestVote(1184)) - 23a5c7c7-a279-444f-ae9a-ea80730ba37f@group-A12B94BABBCA replies to ELECTION vote request: b1188ba9-7404-4c69-a541-42ff8694cd3e<-23a5c7c7-a279-444f-ae9a-ea80730ba37f#0:FAIL-t2. Peer's state: 23a5c7c7-a279-444f-ae9a-ea80730ba37f@group-A12B94BABBCA:t2, leader=null, voted=null, raftlog=23a5c7c7-a279-444f-ae9a-ea80730ba37f@group-A12B94BABBCA-SegmentedRaftLog:OPENED:c-1, conf=-1: [23a5c7c7-a279-444f-ae9a-ea80730ba37f|rpc:10.1.0.249:46507|dataStream:|priority:1, 92ca9abc-3f8f-4561-9917-cda982ad8ac5|rpc:10.1.0.249:43563|dataStream:|priority:0, b1188ba9-7404-4c69-a541-42ff8694cd3e|rpc:10.1.0.249:39649|dataStream:|priority:0], old=null
2022-10-06 01:05:04,075 [b1188ba9-7404-4c69-a541-42ff8694cd3e@group-A12B94BABBCA-LeaderElection24] INFO  impl.LeaderElection (LeaderElection.java:logAndReturn(90)) - b1188ba9-7404-4c69-a541-42ff8694cd3e@group-A12B94BABBCA-LeaderElection24: ELECTION REJECTED received 1 response(s) and 0 exception(s):
2022-10-06 01:05:04,075 [b1188ba9-7404-4c69-a541-42ff8694cd3e@group-A12B94BABBCA-LeaderElection24] INFO  impl.LeaderElection (LeaderElection.java:logAndReturn(94)) -   Response 0: b1188ba9-7404-4c69-a541-42ff8694cd3e<-23a5c7c7-a279-444f-ae9a-ea80730ba37f#0:FAIL-t2
2022-10-06 01:05:04,075 [b1188ba9-7404-4c69-a541-42ff8694cd3e@group-A12B94BABBCA-LeaderElection24] INFO  impl.LeaderElection (LeaderElection.java:askForVotes(312)) - b1188ba9-7404-4c69-a541-42ff8694cd3e@group-A12B94BABBCA-LeaderElection24 ELECTION round 0: result REJECTED
2022-10-06 01:05:04,075 [b1188ba9-7404-4c69-a541-42ff8694cd3e@group-A12B94BABBCA-LeaderElection24] INFO  server.RaftServer$Division (RaftServerImpl.java:setRole(299)) - b1188ba9-7404-4c69-a541-42ff8694cd3e@group-A12B94BABBCA: changes role from CANDIDATE to FOLLOWER at term 2 for REJECTED
2022-10-06 01:05:04,075 [b1188ba9-7404-4c69-a541-42ff8694cd3e@group-A12B94BABBCA-LeaderElection24] INFO  impl.RoleInfo (RoleInfo.java:shutdownLeaderElection(130)) - b1188ba9-7404-4c69-a541-42ff8694cd3e: shutdown b1188ba9-7404-4c69-a541-42ff8694cd3e@group-A12B94BABBCA-LeaderElection24
2022-10-06 01:05:04,075 [b1188ba9-7404-4c69-a541-42ff8694cd3e@group-A12B94BABBCA-LeaderElection24] INFO  impl.RoleInfo (RoleInfo.java:updateAndGet(139)) - b1188ba9-7404-4c69-a541-42ff8694cd3e: start b1188ba9-7404-4c69-a541-42ff8694cd3e@group-A12B94BABBCA-FollowerState
2022-10-06 01:05:04,131 [grpc-default-executor-3] INFO  server.RaftServer$Division (RaftServerImpl.java:requestVote(1152)) - 92ca9abc-3f8f-4561-9917-cda982ad8ac5@group-A12B94BABBCA: receive requestVote(ELECTION, b1188ba9-7404-4c69-a541-42ff8694cd3e, group-A12B94BABBCA, 2, (t:0, i:0))
2022-10-06 01:05:04,131 [grpc-default-executor-1] INFO  server.RaftServer$Division (RaftServerImpl.java:requestVote(1152)) - b1188ba9-7404-4c69-a541-42ff8694cd3e@group-A12B94BABBCA: receive requestVote(ELECTION, 92ca9abc-3f8f-4561-9917-cda982ad8ac5, group-A12B94BABBCA, 2, (t:0, i:0))
2022-10-06 01:05:04,131 [grpc-default-executor-1] INFO  impl.VoteContext (VoteContext.java:log(48)) - b1188ba9-7404-4c69-a541-42ff8694cd3e@group-A12B94BABBCA-FOLLOWER: reject ELECTION from 92ca9abc-3f8f-4561-9917-cda982ad8ac5: already has voted for b1188ba9-7404-4c69-a541-42ff8694cd3e at current term 2
2022-10-06 01:05:04,132 [grpc-default-executor-1] INFO  server.RaftServer$Division (RaftServerImpl.java:requestVote(1184)) - b1188ba9-7404-4c69-a541-42ff8694cd3e@group-A12B94BABBCA replies to ELECTION vote request: 92ca9abc-3f8f-4561-9917-cda982ad8ac5<-b1188ba9-7404-4c69-a541-42ff8694cd3e#0:FAIL-t2. Peer's state: b1188ba9-7404-4c69-a541-42ff8694cd3e@group-A12B94BABBCA:t2, leader=null, voted=b1188ba9-7404-4c69-a541-42ff8694cd3e, raftlog=b1188ba9-7404-4c69-a541-42ff8694cd3e@group-A12B94BABBCA-SegmentedRaftLog:OPENED:c-1, conf=-1: [23a5c7c7-a279-444f-ae9a-ea80730ba37f|rpc:10.1.0.249:46507|priority:1, 92ca9abc-3f8f-4561-9917-cda982ad8ac5|rpc:10.1.0.249:43563|priority:0, b1188ba9-7404-4c69-a541-42ff8694cd3e|rpc:10.1.0.249:39649|priority:0], old=null
2022-10-06 01:05:04,131 [grpc-default-executor-3] INFO  impl.VoteContext (VoteContext.java:log(48)) - 92ca9abc-3f8f-4561-9917-cda982ad8ac5@group-A12B94BABBCA-CANDIDATE: reject ELECTION from b1188ba9-7404-4c69-a541-42ff8694cd3e: already has voted for 92ca9abc-3f8f-4561-9917-cda982ad8ac5 at current term 2
2022-10-06 01:05:04,150 [grpc-default-executor-3] INFO  server.RaftServer$Division (RaftServerImpl.java:requestVote(1184)) - 92ca9abc-3f8f-4561-9917-cda982ad8ac5@group-A12B94BABBCA replies to ELECTION vote request: b1188ba9-7404-4c69-a541-42ff8694cd3e<-92ca9abc-3f8f-4561-9917-cda982ad8ac5#0:FAIL-t2. Peer's state: 92ca9abc-3f8f-4561-9917-cda982ad8ac5@group-A12B94BABBCA:t2, leader=null, voted=92ca9abc-3f8f-4561-9917-cda982ad8ac5, raftlog=92ca9abc-3f8f-4561-9917-cda982ad8ac5@group-A12B94BABBCA-SegmentedRaftLog:OPENED:c-1, conf=-1: [23a5c7c7-a279-444f-ae9a-ea80730ba37f|rpc:10.1.0.249:46507|dataStream:|priority:1, 92ca9abc-3f8f-4561-9917-cda982ad8ac5|rpc:10.1.0.249:43563|dataStream:|priority:0, b1188ba9-7404-4c69-a541-42ff8694cd3e|rpc:10.1.0.249:39649|dataStream:|priority:0], old=null
2022-10-06 01:05:04,150 [grpc-default-executor-1] INFO  server.RaftServer$Division (RaftServerImpl.java:requestVote(1152)) - 23a5c7c7-a279-444f-ae9a-ea80730ba37f@group-A12B94BABBCA: receive requestVote(ELECTION, 92ca9abc-3f8f-4561-9917-cda982ad8ac5, group-A12B94BABBCA, 2, (t:0, i:0))
2022-10-06 01:05:04,155 [grpc-default-executor-1] INFO  impl.VoteContext (VoteContext.java:log(48)) - 23a5c7c7-a279-444f-ae9a-ea80730ba37f@group-A12B94BABBCA-FOLLOWER: reject ELECTION from 92ca9abc-3f8f-4561-9917-cda982ad8ac5: our priority 1 > candidate's priority 0
2022-10-06 01:05:04,155 [grpc-default-executor-1] INFO  server.RaftServer$Division (RaftServerImpl.java:setRole(299)) - 23a5c7c7-a279-444f-ae9a-ea80730ba37f@group-A12B94BABBCA: changes role from  FOLLOWER to FOLLOWER at term 2 for candidate:92ca9abc-3f8f-4561-9917-cda982ad8ac5
2022-10-06 01:05:04,155 [grpc-default-executor-1] INFO  impl.RoleInfo (RoleInfo.java:shutdownFollowerState(110)) - 23a5c7c7-a279-444f-ae9a-ea80730ba37f: shutdown 23a5c7c7-a279-444f-ae9a-ea80730ba37f@group-A12B94BABBCA-FollowerState
2022-10-06 01:05:04,156 [grpc-default-executor-1] INFO  impl.RoleInfo (RoleInfo.java:updateAndGet(139)) - 23a5c7c7-a279-444f-ae9a-ea80730ba37f: start 23a5c7c7-a279-444f-ae9a-ea80730ba37f@group-A12B94BABBCA-FollowerState
2022-10-06 01:05:04,156 [23a5c7c7-a279-444f-ae9a-ea80730ba37f@group-A12B94BABBCA-FollowerState] INFO  impl.FollowerState (FollowerState.java:run(152)) - 23a5c7c7-a279-444f-ae9a-ea80730ba37f@group-A12B94BABBCA-FollowerState was interrupted
2022-10-06 01:05:04,156 [grpc-default-executor-1] INFO  server.RaftServer$Division (RaftServerImpl.java:requestVote(1184)) - 23a5c7c7-a279-444f-ae9a-ea80730ba37f@group-A12B94BABBCA replies to ELECTION vote request: 92ca9abc-3f8f-4561-9917-cda982ad8ac5<-23a5c7c7-a279-444f-ae9a-ea80730ba37f#0:FAIL-t2. Peer's state: 23a5c7c7-a279-444f-ae9a-ea80730ba37f@group-A12B94BABBCA:t2, leader=null, voted=null, raftlog=23a5c7c7-a279-444f-ae9a-ea80730ba37f@group-A12B94BABBCA-SegmentedRaftLog:OPENED:c-1, conf=-1: [23a5c7c7-a279-444f-ae9a-ea80730ba37f|rpc:10.1.0.249:46507|dataStream:|priority:1, 92ca9abc-3f8f-4561-9917-cda982ad8ac5|rpc:10.1.0.249:43563|dataStream:|priority:0, b1188ba9-7404-4c69-a541-42ff8694cd3e|rpc:10.1.0.249:39649|dataStream:|priority:0], old=null
2022-10-06 01:05:04,161 [92ca9abc-3f8f-4561-9917-cda982ad8ac5@group-A12B94BABBCA-LeaderElection25] INFO  impl.LeaderElection (LeaderElection.java:logAndReturn(90)) - 92ca9abc-3f8f-4561-9917-cda982ad8ac5@group-A12B94BABBCA-LeaderElection25: ELECTION REJECTED received 2 response(s) and 0 exception(s):
2022-10-06 01:05:04,161 [92ca9abc-3f8f-4561-9917-cda982ad8ac5@group-A12B94BABBCA-LeaderElection25] INFO  impl.LeaderElection (LeaderElection.java:logAndReturn(94)) -   Response 0: 92ca9abc-3f8f-4561-9917-cda982ad8ac5<-23a5c7c7-a279-444f-ae9a-ea80730ba37f#0:FAIL-t2
2022-10-06 01:05:04,161 [92ca9abc-3f8f-4561-9917-cda982ad8ac5@group-A12B94BABBCA-LeaderElection25] INFO  impl.LeaderElection (LeaderElection.java:logAndReturn(94)) -   Response 1: 92ca9abc-3f8f-4561-9917-cda982ad8ac5<-b1188ba9-7404-4c69-a541-42ff8694cd3e#0:FAIL-t2
2022-10-06 01:05:04,161 [92ca9abc-3f8f-4561-9917-cda982ad8ac5@group-A12B94BABBCA-LeaderElection25] INFO  impl.LeaderElection (LeaderElection.java:askForVotes(312)) - 92ca9abc-3f8f-4561-9917-cda982ad8ac5@group-A12B94BABBCA-LeaderElection25 ELECTION round 0: result REJECTED
2022-10-06 01:05:04,161 [92ca9abc-3f8f-4561-9917-cda982ad8ac5@group-A12B94BABBCA-LeaderElection25] INFO  server.RaftServer$Division (RaftServerImpl.java:setRole(299)) - 92ca9abc-3f8f-4561-9917-cda982ad8ac5@group-A12B94BABBCA: changes role from CANDIDATE to FOLLOWER at term 2 for REJECTED
2022-10-06 01:05:04,161 [92ca9abc-3f8f-4561-9917-cda982ad8ac5@group-A12B94BABBCA-LeaderElection25] INFO  impl.RoleInfo (RoleInfo.java:shutdownLeaderElection(130)) - 92ca9abc-3f8f-4561-9917-cda982ad8ac5: shutdown 92ca9abc-3f8f-4561-9917-cda982ad8ac5@group-A12B94BABBCA-LeaderElection25
2022-10-06 01:05:04,161 [92ca9abc-3f8f-4561-9917-cda982ad8ac5@group-A12B94BABBCA-LeaderElection25] INFO  impl.RoleInfo (RoleInfo.java:updateAndGet(139)) - 92ca9abc-3f8f-4561-9917-cda982ad8ac5: start 92ca9abc-3f8f-4561-9917-cda982ad8ac5@group-A12B94BABBCA-FollowerState
2022-10-06 01:05:04,760 [IPC Server handler 12 on default port 40029] INFO  ha.SequenceIdGenerator (SequenceIdGenerator.java:getNextId(128)) - Allocate a batch for localId, change lastId from 109611004723201000 to 109611004723202000.
]]></system-out>
  </testcase>
  <testcase name="testDeleteEmptyVolume" classname="TestRootedOzoneFileSystemWithFSO" time="0">
    <skipped message="HDDS-2939"/>
  </testcase>
  <testcase name="testDeleteEmptyVolume" classname="TestRootedOzoneFileSystemWithFSO" time="0">
    <skipped message="HDDS-2939"/>
  </testcase>
  <testcase name="testMkdirNonExistentVolume" classname="TestRootedOzoneFileSystemWithFSO" time="0">
    <skipped message="HDDS-2939"/>
  </testcase>
  <testcase name="testMkdirNonExistentVolume" classname="TestRootedOzoneFileSystemWithFSO" time="0">
    <skipped message="HDDS-2939"/>
  </testcase>
  <testcase name="testRenameFile" classname="TestRootedOzoneFileSystemWithFSO" time="0.07">
    <system-out><![CDATA[2022-10-06 01:03:39,191 [Time-limited test] INFO  rpc.RpcClient (RpcClient.java:createVolume(471)) - Creating Volume: volume02905, with user00023 as owner and space quota set to -1 bytes, counts quota set to -1
2022-10-06 01:03:39,192 [OM StateMachine ApplyTransaction Thread - 0] INFO  volume.OMVolumeCreateRequest (OMVolumeCreateRequest.java:validateAndUpdateCache(195)) - created volume:volume02905 for user:user00023
2022-10-06 01:03:39,195 [Time-limited test] INFO  rpc.RpcClient (RpcClient.java:createBucket(674)) - Creating Bucket: volume02905/bucket33489, with bucket layout FILE_SYSTEM_OPTIMIZED, runner as owner, Versioning false, Storage Type set to DISK and Encryption set to false 
2022-10-06 01:03:39,196 [OM StateMachine ApplyTransaction Thread - 0] INFO  bucket.OMBucketCreateRequest (OMBucketCreateRequest.java:validateAndUpdateCache(260)) - created bucket: bucket33489 of layout FILE_SYSTEM_OPTIMIZED in volume: volume02905
]]></system-out>
  </testcase>
  <testcase name="testRenameFile" classname="TestRootedOzoneFileSystemWithFSO" time="0.08">
    <system-out><![CDATA[2022-10-06 01:05:05,577 [Time-limited test] INFO  rpc.RpcClient (RpcClient.java:createVolume(471)) - Creating Volume: volume44043, with user72528 as owner and space quota set to -1 bytes, counts quota set to -1
2022-10-06 01:05:05,578 [IPC Server handler 14 on default port 44363] INFO  volume.OMVolumeCreateRequest (OMVolumeCreateRequest.java:validateAndUpdateCache(195)) - created volume:volume44043 for user:user72528
2022-10-06 01:05:05,580 [Time-limited test] INFO  rpc.RpcClient (RpcClient.java:createBucket(674)) - Creating Bucket: volume44043/bucket06883, with bucket layout FILE_SYSTEM_OPTIMIZED, runner as owner, Versioning false, Storage Type set to DISK and Encryption set to false 
2022-10-06 01:05:05,580 [IPC Server handler 1 on default port 44363] INFO  bucket.OMBucketCreateRequest (OMBucketCreateRequest.java:validateAndUpdateCache(260)) - created bucket: bucket06883 of layout FILE_SYSTEM_OPTIMIZED in volume: volume44043
]]></system-out>
  </testcase>
  <testcase name="testListStatusRootAndVolumeRecursive" classname="TestRootedOzoneFileSystemWithFSO" time="0.064">
    <system-out><![CDATA[2022-10-06 01:03:39,279 [Time-limited test] INFO  rpc.RpcClient (RpcClient.java:createVolume(471)) - Creating Volume: volume15416, with user02067 as owner and space quota set to -1 bytes, counts quota set to -1
2022-10-06 01:03:39,282 [OM StateMachine ApplyTransaction Thread - 0] INFO  volume.OMVolumeCreateRequest (OMVolumeCreateRequest.java:validateAndUpdateCache(195)) - created volume:volume15416 for user:user02067
2022-10-06 01:03:39,284 [Time-limited test] INFO  rpc.RpcClient (RpcClient.java:createBucket(674)) - Creating Bucket: volume15416/bucket03808, with bucket layout FILE_SYSTEM_OPTIMIZED, runner as owner, Versioning false, Storage Type set to DISK and Encryption set to false 
2022-10-06 01:03:39,286 [OM StateMachine ApplyTransaction Thread - 0] INFO  bucket.OMBucketCreateRequest (OMBucketCreateRequest.java:validateAndUpdateCache(260)) - created bucket: bucket03808 of layout FILE_SYSTEM_OPTIMIZED in volume: volume15416
]]></system-out>
  </testcase>
  <testcase name="testListStatusRootAndVolumeRecursive" classname="TestRootedOzoneFileSystemWithFSO" time="0.1">
    <system-out><![CDATA[2022-10-06 01:05:05,683 [Time-limited test] INFO  rpc.RpcClient (RpcClient.java:createVolume(471)) - Creating Volume: volume09023, with user05767 as owner and space quota set to -1 bytes, counts quota set to -1
2022-10-06 01:05:05,684 [IPC Server handler 3 on default port 44363] INFO  volume.OMVolumeCreateRequest (OMVolumeCreateRequest.java:validateAndUpdateCache(195)) - created volume:volume09023 for user:user05767
2022-10-06 01:05:05,688 [Time-limited test] INFO  rpc.RpcClient (RpcClient.java:createBucket(674)) - Creating Bucket: volume09023/bucket11125, with bucket layout FILE_SYSTEM_OPTIMIZED, runner as owner, Versioning false, Storage Type set to DISK and Encryption set to false 
2022-10-06 01:05:05,688 [IPC Server handler 14 on default port 44363] INFO  bucket.OMBucketCreateRequest (OMBucketCreateRequest.java:validateAndUpdateCache(260)) - created bucket: bucket11125 of layout FILE_SYSTEM_OPTIMIZED in volume: volume09023
]]></system-out>
  </testcase>
  <testcase name="testListStatusIteratorOnSubDirs" classname="TestRootedOzoneFileSystemWithFSO" time="0.058">
    <system-out><![CDATA[2022-10-06 01:03:39,320 [Time-limited test] INFO  rpc.RpcClient (RpcClient.java:createVolume(471)) - Creating Volume: volume44772, with user47509 as owner and space quota set to -1 bytes, counts quota set to -1
2022-10-06 01:03:39,322 [OM StateMachine ApplyTransaction Thread - 0] INFO  volume.OMVolumeCreateRequest (OMVolumeCreateRequest.java:validateAndUpdateCache(195)) - created volume:volume44772 for user:user47509
2022-10-06 01:03:39,324 [Time-limited test] INFO  rpc.RpcClient (RpcClient.java:createBucket(674)) - Creating Bucket: volume44772/bucket52627, with bucket layout FILE_SYSTEM_OPTIMIZED, runner as owner, Versioning false, Storage Type set to DISK and Encryption set to false 
2022-10-06 01:03:39,325 [OM StateMachine ApplyTransaction Thread - 0] INFO  bucket.OMBucketCreateRequest (OMBucketCreateRequest.java:validateAndUpdateCache(260)) - created bucket: bucket52627 of layout FILE_SYSTEM_OPTIMIZED in volume: volume44772
]]></system-out>
  </testcase>
  <testcase name="testListStatusIteratorOnSubDirs" classname="TestRootedOzoneFileSystemWithFSO" time="0.09">
    <system-out><![CDATA[2022-10-06 01:05:05,757 [Time-limited test] INFO  rpc.RpcClient (RpcClient.java:createVolume(471)) - Creating Volume: volume40363, with user56486 as owner and space quota set to -1 bytes, counts quota set to -1
2022-10-06 01:05:05,758 [IPC Server handler 14 on default port 44363] INFO  volume.OMVolumeCreateRequest (OMVolumeCreateRequest.java:validateAndUpdateCache(195)) - created volume:volume40363 for user:user56486
2022-10-06 01:05:05,762 [Time-limited test] INFO  rpc.RpcClient (RpcClient.java:createBucket(674)) - Creating Bucket: volume40363/bucket74938, with bucket layout FILE_SYSTEM_OPTIMIZED, runner as owner, Versioning false, Storage Type set to DISK and Encryption set to false 
2022-10-06 01:05:05,763 [IPC Server handler 1 on default port 44363] INFO  bucket.OMBucketCreateRequest (OMBucketCreateRequest.java:validateAndUpdateCache(260)) - created bucket: bucket74938 of layout FILE_SYSTEM_OPTIMIZED in volume: volume40363
]]></system-out>
  </testcase>
  <testcase name="testListStatusIteratorWithPathNotFound" classname="TestRootedOzoneFileSystemWithFSO" time="0.043">
    <system-out><![CDATA[2022-10-06 01:03:39,381 [Time-limited test] INFO  rpc.RpcClient (RpcClient.java:createVolume(471)) - Creating Volume: volume60808, with user44452 as owner and space quota set to -1 bytes, counts quota set to -1
2022-10-06 01:03:39,382 [OM StateMachine ApplyTransaction Thread - 0] INFO  volume.OMVolumeCreateRequest (OMVolumeCreateRequest.java:validateAndUpdateCache(195)) - created volume:volume60808 for user:user44452
2022-10-06 01:03:39,384 [Time-limited test] INFO  rpc.RpcClient (RpcClient.java:createBucket(674)) - Creating Bucket: volume60808/bucket17727, with bucket layout FILE_SYSTEM_OPTIMIZED, runner as owner, Versioning false, Storage Type set to DISK and Encryption set to false 
2022-10-06 01:03:39,385 [OM StateMachine ApplyTransaction Thread - 0] INFO  bucket.OMBucketCreateRequest (OMBucketCreateRequest.java:validateAndUpdateCache(260)) - created bucket: bucket17727 of layout FILE_SYSTEM_OPTIMIZED in volume: volume60808
01:03:39.388 [IPC Server handler 1 on default port 34317] ERROR OMAudit - user=runner | ip=127.0.0.1 | op=READ_VOLUME {volume=test} | ret=FAILURE
org.apache.hadoop.ozone.om.exceptions.OMException: Volume test is not found
	at org.apache.hadoop.ozone.om.VolumeManagerImpl.getVolumeInfo(VolumeManagerImpl.java:74) ~[ozone-manager-1.3.0-SNAPSHOT.jar:?]
	at org.apache.hadoop.ozone.om.OzoneManager.getVolumeInfo(OzoneManager.java:2619) ~[ozone-manager-1.3.0-SNAPSHOT.jar:?]
	at org.apache.hadoop.ozone.protocolPB.OzoneManagerRequestHandler.infoVolume(OzoneManagerRequestHandler.java:401) ~[ozone-manager-1.3.0-SNAPSHOT.jar:?]
	at org.apache.hadoop.ozone.protocolPB.OzoneManagerRequestHandler.handleReadRequest(OzoneManagerRequestHandler.java:168) ~[ozone-manager-1.3.0-SNAPSHOT.jar:?]
	at org.apache.hadoop.ozone.protocolPB.OzoneManagerProtocolServerSideTranslatorPB.submitReadRequestToOM(OzoneManagerProtocolServerSideTranslatorPB.java:226) ~[ozone-manager-1.3.0-SNAPSHOT.jar:?]
	at org.apache.hadoop.ozone.protocolPB.OzoneManagerProtocolServerSideTranslatorPB.processRequest(OzoneManagerProtocolServerSideTranslatorPB.java:175) ~[ozone-manager-1.3.0-SNAPSHOT.jar:?]
	at org.apache.hadoop.hdds.server.OzoneProtocolMessageDispatcher.processRequest(OzoneProtocolMessageDispatcher.java:87) [hdds-server-framework-1.3.0-SNAPSHOT.jar:?]
	at org.apache.hadoop.ozone.protocolPB.OzoneManagerProtocolServerSideTranslatorPB.submitRequest(OzoneManagerProtocolServerSideTranslatorPB.java:147) [ozone-manager-1.3.0-SNAPSHOT.jar:?]
	at org.apache.hadoop.ozone.protocol.proto.OzoneManagerProtocolProtos$OzoneManagerService$2.callBlockingMethod(OzoneManagerProtocolProtos.java) [ozone-interface-client-1.3.0-SNAPSHOT.jar:?]
	at org.apache.hadoop.ipc.ProtobufRpcEngine$Server.processCall(ProtobufRpcEngine.java:466) [hadoop-common-3.3.1.jar:?]
	at org.apache.hadoop.ipc.ProtobufRpcEngine2$Server$ProtoBufRpcInvoker.call(ProtobufRpcEngine2.java:574) [hadoop-common-3.3.1.jar:?]
	at org.apache.hadoop.ipc.ProtobufRpcEngine2$Server$ProtoBufRpcInvoker.call(ProtobufRpcEngine2.java:552) [hadoop-common-3.3.1.jar:?]
	at org.apache.hadoop.ipc.RPC$Server.call(RPC.java:1093) [hadoop-common-3.3.1.jar:?]
	at org.apache.hadoop.ipc.Server$RpcCall.run(Server.java:1035) [hadoop-common-3.3.1.jar:?]
	at org.apache.hadoop.ipc.Server$RpcCall.run(Server.java:963) [hadoop-common-3.3.1.jar:?]
	at java.security.AccessController.doPrivileged(Native Method) ~[?:1.8.0_345]
	at javax.security.auth.Subject.doAs(Subject.java:422) [?:1.8.0_345]
	at org.apache.hadoop.security.UserGroupInformation.doAs(UserGroupInformation.java:1878) [hadoop-common-3.3.1.jar:?]
	at org.apache.hadoop.ipc.Server$Handler.run(Server.java:2966) [hadoop-common-3.3.1.jar:?]
]]></system-out>
  </testcase>
  <testcase name="testListStatusIteratorWithPathNotFound" classname="TestRootedOzoneFileSystemWithFSO" time="0.054">
    <system-out><![CDATA[2022-10-06 01:05:05,831 [Time-limited test] INFO  rpc.RpcClient (RpcClient.java:createVolume(471)) - Creating Volume: volume41545, with user86655 as owner and space quota set to -1 bytes, counts quota set to -1
2022-10-06 01:05:05,832 [IPC Server handler 9 on default port 44363] INFO  volume.OMVolumeCreateRequest (OMVolumeCreateRequest.java:validateAndUpdateCache(195)) - created volume:volume41545 for user:user86655
2022-10-06 01:05:05,833 [Time-limited test] INFO  rpc.RpcClient (RpcClient.java:createBucket(674)) - Creating Bucket: volume41545/bucket88225, with bucket layout FILE_SYSTEM_OPTIMIZED, runner as owner, Versioning false, Storage Type set to DISK and Encryption set to false 
2022-10-06 01:05:05,833 [IPC Server handler 15 on default port 44363] INFO  bucket.OMBucketCreateRequest (OMBucketCreateRequest.java:validateAndUpdateCache(260)) - created bucket: bucket88225 of layout FILE_SYSTEM_OPTIMIZED in volume: volume41545
01:05:05.834 [IPC Server handler 8 on default port 44363] ERROR OMAudit - user=runner | ip=127.0.0.1 | op=READ_VOLUME {volume=test} | ret=FAILURE
org.apache.hadoop.ozone.om.exceptions.OMException: Volume test is not found
	at org.apache.hadoop.ozone.om.VolumeManagerImpl.getVolumeInfo(VolumeManagerImpl.java:74) ~[ozone-manager-1.3.0-SNAPSHOT.jar:?]
	at org.apache.hadoop.ozone.om.OzoneManager.getVolumeInfo(OzoneManager.java:2619) ~[ozone-manager-1.3.0-SNAPSHOT.jar:?]
	at org.apache.hadoop.ozone.protocolPB.OzoneManagerRequestHandler.infoVolume(OzoneManagerRequestHandler.java:401) ~[ozone-manager-1.3.0-SNAPSHOT.jar:?]
	at org.apache.hadoop.ozone.protocolPB.OzoneManagerRequestHandler.handleReadRequest(OzoneManagerRequestHandler.java:168) ~[ozone-manager-1.3.0-SNAPSHOT.jar:?]
	at org.apache.hadoop.ozone.protocolPB.OzoneManagerProtocolServerSideTranslatorPB.submitRequestDirectlyToOM(OzoneManagerProtocolServerSideTranslatorPB.java:276) ~[ozone-manager-1.3.0-SNAPSHOT.jar:?]
	at org.apache.hadoop.ozone.protocolPB.OzoneManagerProtocolServerSideTranslatorPB.processRequest(OzoneManagerProtocolServerSideTranslatorPB.java:205) ~[ozone-manager-1.3.0-SNAPSHOT.jar:?]
	at org.apache.hadoop.hdds.server.OzoneProtocolMessageDispatcher.processRequest(OzoneProtocolMessageDispatcher.java:87) [hdds-server-framework-1.3.0-SNAPSHOT.jar:?]
	at org.apache.hadoop.ozone.protocolPB.OzoneManagerProtocolServerSideTranslatorPB.submitRequest(OzoneManagerProtocolServerSideTranslatorPB.java:147) [ozone-manager-1.3.0-SNAPSHOT.jar:?]
	at org.apache.hadoop.ozone.protocol.proto.OzoneManagerProtocolProtos$OzoneManagerService$2.callBlockingMethod(OzoneManagerProtocolProtos.java) [ozone-interface-client-1.3.0-SNAPSHOT.jar:?]
	at org.apache.hadoop.ipc.ProtobufRpcEngine$Server.processCall(ProtobufRpcEngine.java:466) [hadoop-common-3.3.1.jar:?]
	at org.apache.hadoop.ipc.ProtobufRpcEngine2$Server$ProtoBufRpcInvoker.call(ProtobufRpcEngine2.java:574) [hadoop-common-3.3.1.jar:?]
	at org.apache.hadoop.ipc.ProtobufRpcEngine2$Server$ProtoBufRpcInvoker.call(ProtobufRpcEngine2.java:552) [hadoop-common-3.3.1.jar:?]
	at org.apache.hadoop.ipc.RPC$Server.call(RPC.java:1093) [hadoop-common-3.3.1.jar:?]
	at org.apache.hadoop.ipc.Server$RpcCall.run(Server.java:1035) [hadoop-common-3.3.1.jar:?]
	at org.apache.hadoop.ipc.Server$RpcCall.run(Server.java:963) [hadoop-common-3.3.1.jar:?]
	at java.security.AccessController.doPrivileged(Native Method) ~[?:1.8.0_345]
	at javax.security.auth.Subject.doAs(Subject.java:422) [?:1.8.0_345]
	at org.apache.hadoop.security.UserGroupInformation.doAs(UserGroupInformation.java:1878) [hadoop-common-3.3.1.jar:?]
	at org.apache.hadoop.ipc.Server$Handler.run(Server.java:2966) [hadoop-common-3.3.1.jar:?]
]]></system-out>
  </testcase>
  <testcase name="testListStatusRootAndVolumeNonRecursive" classname="TestRootedOzoneFileSystemWithFSO" time="0.422">
    <failure type="java.lang.AssertionError"><![CDATA[java.lang.AssertionError: expected:<3> but was:<4>
	at org.junit.Assert.fail(Assert.java:89)
	at org.junit.Assert.failNotEquals(Assert.java:835)
	at org.junit.Assert.assertEquals(Assert.java:647)
	at org.junit.Assert.assertEquals(Assert.java:633)
	at org.apache.hadoop.fs.ozone.TestRootedOzoneFileSystem.testListStatusRootAndVolumeNonRecursive(TestRootedOzoneFileSystem.java:1012)
	at sun.reflect.NativeMethodAccessorImpl.invoke0(Native Method)
	at sun.reflect.NativeMethodAccessorImpl.invoke(NativeMethodAccessorImpl.java:62)
	at sun.reflect.DelegatingMethodAccessorImpl.invoke(DelegatingMethodAccessorImpl.java:43)
	at java.lang.reflect.Method.invoke(Method.java:498)
	at org.junit.runners.model.FrameworkMethod$1.runReflectiveCall(FrameworkMethod.java:59)
	at org.junit.internal.runners.model.ReflectiveCallable.run(ReflectiveCallable.java:12)
	at org.junit.runners.model.FrameworkMethod.invokeExplosively(FrameworkMethod.java:56)
	at org.junit.internal.runners.statements.InvokeMethod.evaluate(InvokeMethod.java:17)
	at org.junit.internal.runners.statements.RunBefores.evaluate(RunBefores.java:26)
	at org.junit.internal.runners.statements.RunAfters.evaluate(RunAfters.java:27)
	at org.junit.internal.runners.statements.FailOnTimeout$CallableStatement.call(FailOnTimeout.java:288)
	at org.junit.internal.runners.statements.FailOnTimeout$CallableStatement.call(FailOnTimeout.java:282)
	at java.util.concurrent.FutureTask.run(FutureTask.java:266)
	at java.lang.Thread.run(Thread.java:750)
]]></failure>
    <system-out><![CDATA[2022-10-06 01:03:39,431 [Time-limited test] INFO  rpc.RpcClient (RpcClient.java:createVolume(471)) - Creating Volume: volume30183, with user75172 as owner and space quota set to -1 bytes, counts quota set to -1
2022-10-06 01:03:39,432 [OM StateMachine ApplyTransaction Thread - 0] INFO  volume.OMVolumeCreateRequest (OMVolumeCreateRequest.java:validateAndUpdateCache(195)) - created volume:volume30183 for user:user75172
2022-10-06 01:03:39,435 [Time-limited test] INFO  rpc.RpcClient (RpcClient.java:createBucket(674)) - Creating Bucket: volume30183/bucket50370, with bucket layout FILE_SYSTEM_OPTIMIZED, runner as owner, Versioning false, Storage Type set to DISK and Encryption set to false 
2022-10-06 01:03:39,436 [OM StateMachine ApplyTransaction Thread - 0] INFO  bucket.OMBucketCreateRequest (OMBucketCreateRequest.java:validateAndUpdateCache(260)) - created bucket: bucket50370 of layout FILE_SYSTEM_OPTIMIZED in volume: volume30183
01:03:39.453 [IPC Server handler 16 on default port 34317] ERROR OMAudit - user=runner | ip=127.0.0.1 | op=READ_BUCKET {volume=volume-15061, bucket=bucket-75004} | ret=FAILURE
org.apache.hadoop.ozone.om.exceptions.OMException: Volume not found when getting bucket info
	at org.apache.hadoop.ozone.om.BucketManagerImpl.getBucketInfo(BucketManagerImpl.java:127) ~[ozone-manager-1.3.0-SNAPSHOT.jar:?]
	at org.apache.hadoop.ozone.om.OzoneManager.getBucketInfo(OzoneManager.java:2792) ~[ozone-manager-1.3.0-SNAPSHOT.jar:?]
	at org.apache.hadoop.ozone.protocolPB.OzoneManagerRequestHandler.infoBucket(OzoneManagerRequestHandler.java:475) ~[ozone-manager-1.3.0-SNAPSHOT.jar:?]
	at org.apache.hadoop.ozone.protocolPB.OzoneManagerRequestHandler.handleReadRequest(OzoneManagerRequestHandler.java:178) ~[ozone-manager-1.3.0-SNAPSHOT.jar:?]
	at org.apache.hadoop.ozone.protocolPB.OzoneManagerProtocolServerSideTranslatorPB.submitReadRequestToOM(OzoneManagerProtocolServerSideTranslatorPB.java:226) ~[ozone-manager-1.3.0-SNAPSHOT.jar:?]
	at org.apache.hadoop.ozone.protocolPB.OzoneManagerProtocolServerSideTranslatorPB.processRequest(OzoneManagerProtocolServerSideTranslatorPB.java:175) ~[ozone-manager-1.3.0-SNAPSHOT.jar:?]
	at org.apache.hadoop.hdds.server.OzoneProtocolMessageDispatcher.processRequest(OzoneProtocolMessageDispatcher.java:87) [hdds-server-framework-1.3.0-SNAPSHOT.jar:?]
	at org.apache.hadoop.ozone.protocolPB.OzoneManagerProtocolServerSideTranslatorPB.submitRequest(OzoneManagerProtocolServerSideTranslatorPB.java:147) [ozone-manager-1.3.0-SNAPSHOT.jar:?]
	at org.apache.hadoop.ozone.protocol.proto.OzoneManagerProtocolProtos$OzoneManagerService$2.callBlockingMethod(OzoneManagerProtocolProtos.java) [ozone-interface-client-1.3.0-SNAPSHOT.jar:?]
	at org.apache.hadoop.ipc.ProtobufRpcEngine$Server.processCall(ProtobufRpcEngine.java:466) [hadoop-common-3.3.1.jar:?]
	at org.apache.hadoop.ipc.ProtobufRpcEngine2$Server$ProtoBufRpcInvoker.call(ProtobufRpcEngine2.java:574) [hadoop-common-3.3.1.jar:?]
	at org.apache.hadoop.ipc.ProtobufRpcEngine2$Server$ProtoBufRpcInvoker.call(ProtobufRpcEngine2.java:552) [hadoop-common-3.3.1.jar:?]
	at org.apache.hadoop.ipc.RPC$Server.call(RPC.java:1093) [hadoop-common-3.3.1.jar:?]
	at org.apache.hadoop.ipc.Server$RpcCall.run(Server.java:1035) [hadoop-common-3.3.1.jar:?]
	at org.apache.hadoop.ipc.Server$RpcCall.run(Server.java:963) [hadoop-common-3.3.1.jar:?]
	at java.security.AccessController.doPrivileged(Native Method) ~[?:1.8.0_345]
	at javax.security.auth.Subject.doAs(Subject.java:422) [?:1.8.0_345]
	at org.apache.hadoop.security.UserGroupInformation.doAs(UserGroupInformation.java:1878) [hadoop-common-3.3.1.jar:?]
	at org.apache.hadoop.ipc.Server$Handler.run(Server.java:2966) [hadoop-common-3.3.1.jar:?]
2022-10-06 01:03:39,454 [Time-limited test] INFO  rpc.RpcClient (RpcClient.java:createVolume(471)) - Creating Volume: volume-15061, with runner as owner and space quota set to -1 bytes, counts quota set to -1
2022-10-06 01:03:39,455 [OM StateMachine ApplyTransaction Thread - 0] INFO  volume.OMVolumeCreateRequest (OMVolumeCreateRequest.java:validateAndUpdateCache(195)) - created volume:volume-15061 for user:runner
2022-10-06 01:03:39,456 [Time-limited test] INFO  rpc.RpcClient (RpcClient.java:createBucket(674)) - Creating Bucket: volume-15061/bucket-75004, with bucket layout FILE_SYSTEM_OPTIMIZED, runner as owner, Versioning false, Storage Type set to DISK and Encryption set to false 
2022-10-06 01:03:39,458 [OM StateMachine ApplyTransaction Thread - 0] INFO  bucket.OMBucketCreateRequest (OMBucketCreateRequest.java:validateAndUpdateCache(260)) - created bucket: bucket-75004 of layout FILE_SYSTEM_OPTIMIZED in volume: volume-15061
01:03:39.678 [IPC Server handler 8 on default port 34317] ERROR OMAudit - user=runner | ip=127.0.0.1 | op=READ_BUCKET {volume=volume-47606, bucket=bucket-57938} | ret=FAILURE
org.apache.hadoop.ozone.om.exceptions.OMException: Volume not found when getting bucket info
	at org.apache.hadoop.ozone.om.BucketManagerImpl.getBucketInfo(BucketManagerImpl.java:127) ~[ozone-manager-1.3.0-SNAPSHOT.jar:?]
	at org.apache.hadoop.ozone.om.OzoneManager.getBucketInfo(OzoneManager.java:2792) ~[ozone-manager-1.3.0-SNAPSHOT.jar:?]
	at org.apache.hadoop.ozone.protocolPB.OzoneManagerRequestHandler.infoBucket(OzoneManagerRequestHandler.java:475) ~[ozone-manager-1.3.0-SNAPSHOT.jar:?]
	at org.apache.hadoop.ozone.protocolPB.OzoneManagerRequestHandler.handleReadRequest(OzoneManagerRequestHandler.java:178) ~[ozone-manager-1.3.0-SNAPSHOT.jar:?]
	at org.apache.hadoop.ozone.protocolPB.OzoneManagerProtocolServerSideTranslatorPB.submitReadRequestToOM(OzoneManagerProtocolServerSideTranslatorPB.java:226) ~[ozone-manager-1.3.0-SNAPSHOT.jar:?]
	at org.apache.hadoop.ozone.protocolPB.OzoneManagerProtocolServerSideTranslatorPB.processRequest(OzoneManagerProtocolServerSideTranslatorPB.java:175) ~[ozone-manager-1.3.0-SNAPSHOT.jar:?]
	at org.apache.hadoop.hdds.server.OzoneProtocolMessageDispatcher.processRequest(OzoneProtocolMessageDispatcher.java:87) [hdds-server-framework-1.3.0-SNAPSHOT.jar:?]
	at org.apache.hadoop.ozone.protocolPB.OzoneManagerProtocolServerSideTranslatorPB.submitRequest(OzoneManagerProtocolServerSideTranslatorPB.java:147) [ozone-manager-1.3.0-SNAPSHOT.jar:?]
	at org.apache.hadoop.ozone.protocol.proto.OzoneManagerProtocolProtos$OzoneManagerService$2.callBlockingMethod(OzoneManagerProtocolProtos.java) [ozone-interface-client-1.3.0-SNAPSHOT.jar:?]
	at org.apache.hadoop.ipc.ProtobufRpcEngine$Server.processCall(ProtobufRpcEngine.java:466) [hadoop-common-3.3.1.jar:?]
	at org.apache.hadoop.ipc.ProtobufRpcEngine2$Server$ProtoBufRpcInvoker.call(ProtobufRpcEngine2.java:574) [hadoop-common-3.3.1.jar:?]
	at org.apache.hadoop.ipc.ProtobufRpcEngine2$Server$ProtoBufRpcInvoker.call(ProtobufRpcEngine2.java:552) [hadoop-common-3.3.1.jar:?]
	at org.apache.hadoop.ipc.RPC$Server.call(RPC.java:1093) [hadoop-common-3.3.1.jar:?]
	at org.apache.hadoop.ipc.Server$RpcCall.run(Server.java:1035) [hadoop-common-3.3.1.jar:?]
	at org.apache.hadoop.ipc.Server$RpcCall.run(Server.java:963) [hadoop-common-3.3.1.jar:?]
	at java.security.AccessController.doPrivileged(Native Method) ~[?:1.8.0_345]
	at javax.security.auth.Subject.doAs(Subject.java:422) [?:1.8.0_345]
	at org.apache.hadoop.security.UserGroupInformation.doAs(UserGroupInformation.java:1878) [hadoop-common-3.3.1.jar:?]
	at org.apache.hadoop.ipc.Server$Handler.run(Server.java:2966) [hadoop-common-3.3.1.jar:?]
2022-10-06 01:03:39,679 [Time-limited test] INFO  rpc.RpcClient (RpcClient.java:createVolume(471)) - Creating Volume: volume-47606, with runner as owner and space quota set to -1 bytes, counts quota set to -1
2022-10-06 01:03:39,681 [OM StateMachine ApplyTransaction Thread - 0] INFO  volume.OMVolumeCreateRequest (OMVolumeCreateRequest.java:validateAndUpdateCache(195)) - created volume:volume-47606 for user:runner
2022-10-06 01:03:39,682 [Time-limited test] INFO  rpc.RpcClient (RpcClient.java:createBucket(674)) - Creating Bucket: volume-47606/bucket-57938, with bucket layout FILE_SYSTEM_OPTIMIZED, runner as owner, Versioning false, Storage Type set to DISK and Encryption set to false 
2022-10-06 01:03:39,683 [OM StateMachine ApplyTransaction Thread - 0] INFO  bucket.OMBucketCreateRequest (OMBucketCreateRequest.java:validateAndUpdateCache(260)) - created bucket: bucket-57938 of layout FILE_SYSTEM_OPTIMIZED in volume: volume-47606
]]></system-out>
  </testcase>
  <testcase name="testListStatusRootAndVolumeNonRecursive" classname="TestRootedOzoneFileSystemWithFSO" time="0.32">
    <system-out><![CDATA[2022-10-06 01:05:05,882 [Time-limited test] INFO  rpc.RpcClient (RpcClient.java:createVolume(471)) - Creating Volume: volume12202, with user56917 as owner and space quota set to -1 bytes, counts quota set to -1
2022-10-06 01:05:05,884 [IPC Server handler 18 on default port 44363] INFO  volume.OMVolumeCreateRequest (OMVolumeCreateRequest.java:validateAndUpdateCache(195)) - created volume:volume12202 for user:user56917
2022-10-06 01:05:05,892 [Time-limited test] INFO  rpc.RpcClient (RpcClient.java:createBucket(674)) - Creating Bucket: volume12202/bucket63120, with bucket layout FILE_SYSTEM_OPTIMIZED, runner as owner, Versioning false, Storage Type set to DISK and Encryption set to false 
2022-10-06 01:05:05,892 [IPC Server handler 7 on default port 44363] INFO  bucket.OMBucketCreateRequest (OMBucketCreateRequest.java:validateAndUpdateCache(260)) - created bucket: bucket63120 of layout FILE_SYSTEM_OPTIMIZED in volume: volume12202
01:05:05.894 [IPC Server handler 4 on default port 44363] ERROR OMAudit - user=runner | ip=127.0.0.1 | op=READ_BUCKET {volume=volume-56402, bucket=bucket-04235} | ret=FAILURE
org.apache.hadoop.ozone.om.exceptions.OMException: Volume not found when getting bucket info
	at org.apache.hadoop.ozone.om.BucketManagerImpl.getBucketInfo(BucketManagerImpl.java:127) ~[ozone-manager-1.3.0-SNAPSHOT.jar:?]
	at org.apache.hadoop.ozone.om.OzoneManager.getBucketInfo(OzoneManager.java:2792) ~[ozone-manager-1.3.0-SNAPSHOT.jar:?]
	at org.apache.hadoop.ozone.protocolPB.OzoneManagerRequestHandler.infoBucket(OzoneManagerRequestHandler.java:475) ~[ozone-manager-1.3.0-SNAPSHOT.jar:?]
	at org.apache.hadoop.ozone.protocolPB.OzoneManagerRequestHandler.handleReadRequest(OzoneManagerRequestHandler.java:178) ~[ozone-manager-1.3.0-SNAPSHOT.jar:?]
	at org.apache.hadoop.ozone.protocolPB.OzoneManagerProtocolServerSideTranslatorPB.submitRequestDirectlyToOM(OzoneManagerProtocolServerSideTranslatorPB.java:276) ~[ozone-manager-1.3.0-SNAPSHOT.jar:?]
	at org.apache.hadoop.ozone.protocolPB.OzoneManagerProtocolServerSideTranslatorPB.processRequest(OzoneManagerProtocolServerSideTranslatorPB.java:205) ~[ozone-manager-1.3.0-SNAPSHOT.jar:?]
	at org.apache.hadoop.hdds.server.OzoneProtocolMessageDispatcher.processRequest(OzoneProtocolMessageDispatcher.java:87) [hdds-server-framework-1.3.0-SNAPSHOT.jar:?]
	at org.apache.hadoop.ozone.protocolPB.OzoneManagerProtocolServerSideTranslatorPB.submitRequest(OzoneManagerProtocolServerSideTranslatorPB.java:147) [ozone-manager-1.3.0-SNAPSHOT.jar:?]
	at org.apache.hadoop.ozone.protocol.proto.OzoneManagerProtocolProtos$OzoneManagerService$2.callBlockingMethod(OzoneManagerProtocolProtos.java) [ozone-interface-client-1.3.0-SNAPSHOT.jar:?]
	at org.apache.hadoop.ipc.ProtobufRpcEngine$Server.processCall(ProtobufRpcEngine.java:466) [hadoop-common-3.3.1.jar:?]
	at org.apache.hadoop.ipc.ProtobufRpcEngine2$Server$ProtoBufRpcInvoker.call(ProtobufRpcEngine2.java:574) [hadoop-common-3.3.1.jar:?]
	at org.apache.hadoop.ipc.ProtobufRpcEngine2$Server$ProtoBufRpcInvoker.call(ProtobufRpcEngine2.java:552) [hadoop-common-3.3.1.jar:?]
	at org.apache.hadoop.ipc.RPC$Server.call(RPC.java:1093) [hadoop-common-3.3.1.jar:?]
	at org.apache.hadoop.ipc.Server$RpcCall.run(Server.java:1035) [hadoop-common-3.3.1.jar:?]
	at org.apache.hadoop.ipc.Server$RpcCall.run(Server.java:963) [hadoop-common-3.3.1.jar:?]
	at java.security.AccessController.doPrivileged(Native Method) ~[?:1.8.0_345]
	at javax.security.auth.Subject.doAs(Subject.java:422) [?:1.8.0_345]
	at org.apache.hadoop.security.UserGroupInformation.doAs(UserGroupInformation.java:1878) [hadoop-common-3.3.1.jar:?]
	at org.apache.hadoop.ipc.Server$Handler.run(Server.java:2966) [hadoop-common-3.3.1.jar:?]
2022-10-06 01:05:05,894 [Time-limited test] INFO  rpc.RpcClient (RpcClient.java:createVolume(471)) - Creating Volume: volume-56402, with runner as owner and space quota set to -1 bytes, counts quota set to -1
2022-10-06 01:05:05,894 [IPC Server handler 12 on default port 44363] INFO  volume.OMVolumeCreateRequest (OMVolumeCreateRequest.java:validateAndUpdateCache(195)) - created volume:volume-56402 for user:runner
2022-10-06 01:05:05,895 [Time-limited test] INFO  rpc.RpcClient (RpcClient.java:createBucket(674)) - Creating Bucket: volume-56402/bucket-04235, with bucket layout FILE_SYSTEM_OPTIMIZED, runner as owner, Versioning false, Storage Type set to DISK and Encryption set to false 
2022-10-06 01:05:05,896 [IPC Server handler 19 on default port 44363] INFO  bucket.OMBucketCreateRequest (OMBucketCreateRequest.java:validateAndUpdateCache(260)) - created bucket: bucket-04235 of layout FILE_SYSTEM_OPTIMIZED in volume: volume-56402
01:05:06.028 [IPC Server handler 15 on default port 44363] ERROR OMAudit - user=runner | ip=127.0.0.1 | op=READ_BUCKET {volume=volume-12767, bucket=bucket-92950} | ret=FAILURE
org.apache.hadoop.ozone.om.exceptions.OMException: Volume not found when getting bucket info
	at org.apache.hadoop.ozone.om.BucketManagerImpl.getBucketInfo(BucketManagerImpl.java:127) ~[ozone-manager-1.3.0-SNAPSHOT.jar:?]
	at org.apache.hadoop.ozone.om.OzoneManager.getBucketInfo(OzoneManager.java:2792) ~[ozone-manager-1.3.0-SNAPSHOT.jar:?]
	at org.apache.hadoop.ozone.protocolPB.OzoneManagerRequestHandler.infoBucket(OzoneManagerRequestHandler.java:475) ~[ozone-manager-1.3.0-SNAPSHOT.jar:?]
	at org.apache.hadoop.ozone.protocolPB.OzoneManagerRequestHandler.handleReadRequest(OzoneManagerRequestHandler.java:178) ~[ozone-manager-1.3.0-SNAPSHOT.jar:?]
	at org.apache.hadoop.ozone.protocolPB.OzoneManagerProtocolServerSideTranslatorPB.submitRequestDirectlyToOM(OzoneManagerProtocolServerSideTranslatorPB.java:276) ~[ozone-manager-1.3.0-SNAPSHOT.jar:?]
	at org.apache.hadoop.ozone.protocolPB.OzoneManagerProtocolServerSideTranslatorPB.processRequest(OzoneManagerProtocolServerSideTranslatorPB.java:205) ~[ozone-manager-1.3.0-SNAPSHOT.jar:?]
	at org.apache.hadoop.hdds.server.OzoneProtocolMessageDispatcher.processRequest(OzoneProtocolMessageDispatcher.java:87) [hdds-server-framework-1.3.0-SNAPSHOT.jar:?]
	at org.apache.hadoop.ozone.protocolPB.OzoneManagerProtocolServerSideTranslatorPB.submitRequest(OzoneManagerProtocolServerSideTranslatorPB.java:147) [ozone-manager-1.3.0-SNAPSHOT.jar:?]
	at org.apache.hadoop.ozone.protocol.proto.OzoneManagerProtocolProtos$OzoneManagerService$2.callBlockingMethod(OzoneManagerProtocolProtos.java) [ozone-interface-client-1.3.0-SNAPSHOT.jar:?]
	at org.apache.hadoop.ipc.ProtobufRpcEngine$Server.processCall(ProtobufRpcEngine.java:466) [hadoop-common-3.3.1.jar:?]
	at org.apache.hadoop.ipc.ProtobufRpcEngine2$Server$ProtoBufRpcInvoker.call(ProtobufRpcEngine2.java:574) [hadoop-common-3.3.1.jar:?]
	at org.apache.hadoop.ipc.ProtobufRpcEngine2$Server$ProtoBufRpcInvoker.call(ProtobufRpcEngine2.java:552) [hadoop-common-3.3.1.jar:?]
	at org.apache.hadoop.ipc.RPC$Server.call(RPC.java:1093) [hadoop-common-3.3.1.jar:?]
	at org.apache.hadoop.ipc.Server$RpcCall.run(Server.java:1035) [hadoop-common-3.3.1.jar:?]
	at org.apache.hadoop.ipc.Server$RpcCall.run(Server.java:963) [hadoop-common-3.3.1.jar:?]
	at java.security.AccessController.doPrivileged(Native Method) ~[?:1.8.0_345]
	at javax.security.auth.Subject.doAs(Subject.java:422) [?:1.8.0_345]
	at org.apache.hadoop.security.UserGroupInformation.doAs(UserGroupInformation.java:1878) [hadoop-common-3.3.1.jar:?]
	at org.apache.hadoop.ipc.Server$Handler.run(Server.java:2966) [hadoop-common-3.3.1.jar:?]
2022-10-06 01:05:06,028 [Time-limited test] INFO  rpc.RpcClient (RpcClient.java:createVolume(471)) - Creating Volume: volume-12767, with runner as owner and space quota set to -1 bytes, counts quota set to -1
2022-10-06 01:05:06,029 [IPC Server handler 18 on default port 44363] INFO  volume.OMVolumeCreateRequest (OMVolumeCreateRequest.java:validateAndUpdateCache(195)) - created volume:volume-12767 for user:runner
2022-10-06 01:05:06,030 [Time-limited test] INFO  rpc.RpcClient (RpcClient.java:createBucket(674)) - Creating Bucket: volume-12767/bucket-92950, with bucket layout FILE_SYSTEM_OPTIMIZED, runner as owner, Versioning false, Storage Type set to DISK and Encryption set to false 
2022-10-06 01:05:06,030 [IPC Server handler 7 on default port 44363] INFO  bucket.OMBucketCreateRequest (OMBucketCreateRequest.java:validateAndUpdateCache(260)) - created bucket: bucket-92950 of layout FILE_SYSTEM_OPTIMIZED in volume: volume-12767
]]></system-out>
  </testcase>
  <testcase name="testDeleteBucketLink" classname="TestRootedOzoneFileSystemWithFSO" time="0.099">
    <system-out><![CDATA[2022-10-06 01:03:39,846 [Time-limited test] INFO  rpc.RpcClient (RpcClient.java:createVolume(471)) - Creating Volume: volume23385, with user39603 as owner and space quota set to -1 bytes, counts quota set to -1
2022-10-06 01:03:39,851 [OM StateMachine ApplyTransaction Thread - 0] INFO  volume.OMVolumeCreateRequest (OMVolumeCreateRequest.java:validateAndUpdateCache(195)) - created volume:volume23385 for user:user39603
2022-10-06 01:03:39,853 [Time-limited test] INFO  rpc.RpcClient (RpcClient.java:createBucket(674)) - Creating Bucket: volume23385/bucket46797, with bucket layout FILE_SYSTEM_OPTIMIZED, runner as owner, Versioning false, Storage Type set to DISK and Encryption set to false 
2022-10-06 01:03:39,855 [OM StateMachine ApplyTransaction Thread - 0] INFO  bucket.OMBucketCreateRequest (OMBucketCreateRequest.java:validateAndUpdateCache(260)) - created bucket: bucket46797 of layout FILE_SYSTEM_OPTIMIZED in volume: volume23385
01:03:39.857 [IPC Server handler 9 on default port 34317] ERROR OMAudit - user=runner | ip=127.0.0.1 | op=READ_BUCKET {volume=volume-86573, bucket=bucket} | ret=FAILURE
org.apache.hadoop.ozone.om.exceptions.OMException: Volume not found when getting bucket info
	at org.apache.hadoop.ozone.om.BucketManagerImpl.getBucketInfo(BucketManagerImpl.java:127) ~[ozone-manager-1.3.0-SNAPSHOT.jar:?]
	at org.apache.hadoop.ozone.om.OzoneManager.getBucketInfo(OzoneManager.java:2792) ~[ozone-manager-1.3.0-SNAPSHOT.jar:?]
	at org.apache.hadoop.ozone.protocolPB.OzoneManagerRequestHandler.infoBucket(OzoneManagerRequestHandler.java:475) ~[ozone-manager-1.3.0-SNAPSHOT.jar:?]
	at org.apache.hadoop.ozone.protocolPB.OzoneManagerRequestHandler.handleReadRequest(OzoneManagerRequestHandler.java:178) ~[ozone-manager-1.3.0-SNAPSHOT.jar:?]
	at org.apache.hadoop.ozone.protocolPB.OzoneManagerProtocolServerSideTranslatorPB.submitReadRequestToOM(OzoneManagerProtocolServerSideTranslatorPB.java:226) ~[ozone-manager-1.3.0-SNAPSHOT.jar:?]
	at org.apache.hadoop.ozone.protocolPB.OzoneManagerProtocolServerSideTranslatorPB.processRequest(OzoneManagerProtocolServerSideTranslatorPB.java:175) ~[ozone-manager-1.3.0-SNAPSHOT.jar:?]
	at org.apache.hadoop.hdds.server.OzoneProtocolMessageDispatcher.processRequest(OzoneProtocolMessageDispatcher.java:87) [hdds-server-framework-1.3.0-SNAPSHOT.jar:?]
	at org.apache.hadoop.ozone.protocolPB.OzoneManagerProtocolServerSideTranslatorPB.submitRequest(OzoneManagerProtocolServerSideTranslatorPB.java:147) [ozone-manager-1.3.0-SNAPSHOT.jar:?]
	at org.apache.hadoop.ozone.protocol.proto.OzoneManagerProtocolProtos$OzoneManagerService$2.callBlockingMethod(OzoneManagerProtocolProtos.java) [ozone-interface-client-1.3.0-SNAPSHOT.jar:?]
	at org.apache.hadoop.ipc.ProtobufRpcEngine$Server.processCall(ProtobufRpcEngine.java:466) [hadoop-common-3.3.1.jar:?]
	at org.apache.hadoop.ipc.ProtobufRpcEngine2$Server$ProtoBufRpcInvoker.call(ProtobufRpcEngine2.java:574) [hadoop-common-3.3.1.jar:?]
	at org.apache.hadoop.ipc.ProtobufRpcEngine2$Server$ProtoBufRpcInvoker.call(ProtobufRpcEngine2.java:552) [hadoop-common-3.3.1.jar:?]
	at org.apache.hadoop.ipc.RPC$Server.call(RPC.java:1093) [hadoop-common-3.3.1.jar:?]
	at org.apache.hadoop.ipc.Server$RpcCall.run(Server.java:1035) [hadoop-common-3.3.1.jar:?]
	at org.apache.hadoop.ipc.Server$RpcCall.run(Server.java:963) [hadoop-common-3.3.1.jar:?]
	at java.security.AccessController.doPrivileged(Native Method) ~[?:1.8.0_345]
	at javax.security.auth.Subject.doAs(Subject.java:422) [?:1.8.0_345]
	at org.apache.hadoop.security.UserGroupInformation.doAs(UserGroupInformation.java:1878) [hadoop-common-3.3.1.jar:?]
	at org.apache.hadoop.ipc.Server$Handler.run(Server.java:2966) [hadoop-common-3.3.1.jar:?]
2022-10-06 01:03:39,858 [Time-limited test] INFO  rpc.RpcClient (RpcClient.java:createVolume(471)) - Creating Volume: volume-86573, with runner as owner and space quota set to -1 bytes, counts quota set to -1
2022-10-06 01:03:39,860 [OM StateMachine ApplyTransaction Thread - 0] INFO  volume.OMVolumeCreateRequest (OMVolumeCreateRequest.java:validateAndUpdateCache(195)) - created volume:volume-86573 for user:runner
2022-10-06 01:03:39,864 [Time-limited test] INFO  rpc.RpcClient (RpcClient.java:createBucket(674)) - Creating Bucket: volume-86573/bucket, with bucket layout FILE_SYSTEM_OPTIMIZED, runner as owner, Versioning false, Storage Type set to DISK and Encryption set to false 
2022-10-06 01:03:39,865 [OM StateMachine ApplyTransaction Thread - 0] INFO  bucket.OMBucketCreateRequest (OMBucketCreateRequest.java:validateAndUpdateCache(260)) - created bucket: bucket of layout FILE_SYSTEM_OPTIMIZED in volume: volume-86573
2022-10-06 01:03:39,869 [Time-limited test] INFO  rpc.RpcClient (RpcClient.java:createVolume(471)) - Creating Volume: volume-35535, with runner as owner and space quota set to -1 bytes, counts quota set to -1
2022-10-06 01:03:39,870 [OM StateMachine ApplyTransaction Thread - 0] INFO  volume.OMVolumeCreateRequest (OMVolumeCreateRequest.java:validateAndUpdateCache(195)) - created volume:volume-35535 for user:runner
2022-10-06 01:03:39,871 [Time-limited test] INFO  rpc.RpcClient (RpcClient.java:createBucket(674)) - Creating Bucket: volume-35535/link, with server-side default bucket layout, runner as owner, Versioning false, Storage Type set to DISK and Encryption set to false 
2022-10-06 01:03:39,873 [OM StateMachine ApplyTransaction Thread - 0] INFO  bucket.OMBucketCreateRequest (OMBucketCreateRequest.java:validateAndUpdateCache(260)) - created bucket: link of layout LEGACY in volume: volume-35535
01:03:39.879 [OM StateMachine ApplyTransaction Thread - 0] ERROR OMAudit - user=runner | ip=127.0.0.1 | op=DELETE_VOLUME {volume=volume-35535} | ret=FAILURE
org.apache.hadoop.ozone.om.exceptions.OMException: null
	at org.apache.hadoop.ozone.om.request.volume.OMVolumeDeleteRequest.validateAndUpdateCache(OMVolumeDeleteRequest.java:122) ~[ozone-manager-1.3.0-SNAPSHOT.jar:?]
	at org.apache.hadoop.ozone.protocolPB.OzoneManagerRequestHandler.handleWriteRequest(OzoneManagerRequestHandler.java:304) ~[ozone-manager-1.3.0-SNAPSHOT.jar:?]
	at org.apache.hadoop.ozone.om.ratis.OzoneManagerStateMachine.runCommand(OzoneManagerStateMachine.java:529) ~[ozone-manager-1.3.0-SNAPSHOT.jar:?]
	at org.apache.hadoop.ozone.om.ratis.OzoneManagerStateMachine.lambda$1(OzoneManagerStateMachine.java:324) ~[ozone-manager-1.3.0-SNAPSHOT.jar:?]
	at java.util.concurrent.CompletableFuture$AsyncSupply.run(CompletableFuture.java:1604) [?:1.8.0_345]
	at java.util.concurrent.ThreadPoolExecutor.runWorker(ThreadPoolExecutor.java:1149) [?:1.8.0_345]
	at java.util.concurrent.ThreadPoolExecutor$Worker.run(ThreadPoolExecutor.java:624) [?:1.8.0_345]
	at java.lang.Thread.run(Thread.java:750) [?:1.8.0_345]
2022-10-06 01:03:39,879 [OM StateMachine ApplyTransaction Thread - 0] ERROR volume.OMVolumeDeleteRequest (OMVolumeDeleteRequest.java:validateAndUpdateCache(170)) - Volume deletion failed for user:runner volume:volume-35535
VOLUME_NOT_EMPTY org.apache.hadoop.ozone.om.exceptions.OMException
	at org.apache.hadoop.ozone.om.request.volume.OMVolumeDeleteRequest.validateAndUpdateCache(OMVolumeDeleteRequest.java:122)
	at org.apache.hadoop.ozone.protocolPB.OzoneManagerRequestHandler.handleWriteRequest(OzoneManagerRequestHandler.java:304)
	at org.apache.hadoop.ozone.om.ratis.OzoneManagerStateMachine.runCommand(OzoneManagerStateMachine.java:529)
	at org.apache.hadoop.ozone.om.ratis.OzoneManagerStateMachine.lambda$1(OzoneManagerStateMachine.java:324)
	at java.util.concurrent.CompletableFuture$AsyncSupply.run(CompletableFuture.java:1604)
	at java.util.concurrent.ThreadPoolExecutor.runWorker(ThreadPoolExecutor.java:1149)
	at java.util.concurrent.ThreadPoolExecutor$Worker.run(ThreadPoolExecutor.java:624)
	at java.lang.Thread.run(Thread.java:750)
01:03:39.896 [IPC Server handler 11 on default port 34317] ERROR OMAudit - user=runner | ip=127.0.0.1 | op=READ_BUCKET {volume=volume-35535, bucket=link} | ret=FAILURE
org.apache.hadoop.ozone.om.exceptions.OMException: Volume not found when getting bucket info
	at org.apache.hadoop.ozone.om.BucketManagerImpl.getBucketInfo(BucketManagerImpl.java:127) ~[ozone-manager-1.3.0-SNAPSHOT.jar:?]
	at org.apache.hadoop.ozone.om.OzoneManager.getBucketInfo(OzoneManager.java:2792) ~[ozone-manager-1.3.0-SNAPSHOT.jar:?]
	at org.apache.hadoop.ozone.protocolPB.OzoneManagerRequestHandler.infoBucket(OzoneManagerRequestHandler.java:475) ~[ozone-manager-1.3.0-SNAPSHOT.jar:?]
	at org.apache.hadoop.ozone.protocolPB.OzoneManagerRequestHandler.handleReadRequest(OzoneManagerRequestHandler.java:178) ~[ozone-manager-1.3.0-SNAPSHOT.jar:?]
	at org.apache.hadoop.ozone.protocolPB.OzoneManagerProtocolServerSideTranslatorPB.submitReadRequestToOM(OzoneManagerProtocolServerSideTranslatorPB.java:226) ~[ozone-manager-1.3.0-SNAPSHOT.jar:?]
	at org.apache.hadoop.ozone.protocolPB.OzoneManagerProtocolServerSideTranslatorPB.processRequest(OzoneManagerProtocolServerSideTranslatorPB.java:175) ~[ozone-manager-1.3.0-SNAPSHOT.jar:?]
	at org.apache.hadoop.hdds.server.OzoneProtocolMessageDispatcher.processRequest(OzoneProtocolMessageDispatcher.java:87) [hdds-server-framework-1.3.0-SNAPSHOT.jar:?]
	at org.apache.hadoop.ozone.protocolPB.OzoneManagerProtocolServerSideTranslatorPB.submitRequest(OzoneManagerProtocolServerSideTranslatorPB.java:147) [ozone-manager-1.3.0-SNAPSHOT.jar:?]
	at org.apache.hadoop.ozone.protocol.proto.OzoneManagerProtocolProtos$OzoneManagerService$2.callBlockingMethod(OzoneManagerProtocolProtos.java) [ozone-interface-client-1.3.0-SNAPSHOT.jar:?]
	at org.apache.hadoop.ipc.ProtobufRpcEngine$Server.processCall(ProtobufRpcEngine.java:466) [hadoop-common-3.3.1.jar:?]
	at org.apache.hadoop.ipc.ProtobufRpcEngine2$Server$ProtoBufRpcInvoker.call(ProtobufRpcEngine2.java:574) [hadoop-common-3.3.1.jar:?]
	at org.apache.hadoop.ipc.ProtobufRpcEngine2$Server$ProtoBufRpcInvoker.call(ProtobufRpcEngine2.java:552) [hadoop-common-3.3.1.jar:?]
	at org.apache.hadoop.ipc.RPC$Server.call(RPC.java:1093) [hadoop-common-3.3.1.jar:?]
	at org.apache.hadoop.ipc.Server$RpcCall.run(Server.java:1035) [hadoop-common-3.3.1.jar:?]
	at org.apache.hadoop.ipc.Server$RpcCall.run(Server.java:963) [hadoop-common-3.3.1.jar:?]
	at java.security.AccessController.doPrivileged(Native Method) ~[?:1.8.0_345]
	at javax.security.auth.Subject.doAs(Subject.java:422) [?:1.8.0_345]
	at org.apache.hadoop.security.UserGroupInformation.doAs(UserGroupInformation.java:1878) [hadoop-common-3.3.1.jar:?]
	at org.apache.hadoop.ipc.Server$Handler.run(Server.java:2966) [hadoop-common-3.3.1.jar:?]
]]></system-out>
  </testcase>
  <testcase name="testDeleteBucketLink" classname="TestRootedOzoneFileSystemWithFSO" time="0.098">
    <system-out><![CDATA[2022-10-06 01:05:06,213 [Time-limited test] INFO  rpc.RpcClient (RpcClient.java:createVolume(471)) - Creating Volume: volume96041, with user30260 as owner and space quota set to -1 bytes, counts quota set to -1
2022-10-06 01:05:06,214 [IPC Server handler 6 on default port 44363] INFO  volume.OMVolumeCreateRequest (OMVolumeCreateRequest.java:validateAndUpdateCache(195)) - created volume:volume96041 for user:user30260
2022-10-06 01:05:06,222 [Time-limited test] INFO  rpc.RpcClient (RpcClient.java:createBucket(674)) - Creating Bucket: volume96041/bucket48549, with bucket layout FILE_SYSTEM_OPTIMIZED, runner as owner, Versioning false, Storage Type set to DISK and Encryption set to false 
2022-10-06 01:05:06,222 [IPC Server handler 4 on default port 44363] INFO  bucket.OMBucketCreateRequest (OMBucketCreateRequest.java:validateAndUpdateCache(260)) - created bucket: bucket48549 of layout FILE_SYSTEM_OPTIMIZED in volume: volume96041
01:05:06.225 [IPC Server handler 19 on default port 44363] ERROR OMAudit - user=runner | ip=127.0.0.1 | op=READ_BUCKET {volume=volume-93623, bucket=bucket} | ret=FAILURE
org.apache.hadoop.ozone.om.exceptions.OMException: Volume not found when getting bucket info
	at org.apache.hadoop.ozone.om.BucketManagerImpl.getBucketInfo(BucketManagerImpl.java:127) ~[ozone-manager-1.3.0-SNAPSHOT.jar:?]
	at org.apache.hadoop.ozone.om.OzoneManager.getBucketInfo(OzoneManager.java:2792) ~[ozone-manager-1.3.0-SNAPSHOT.jar:?]
	at org.apache.hadoop.ozone.protocolPB.OzoneManagerRequestHandler.infoBucket(OzoneManagerRequestHandler.java:475) ~[ozone-manager-1.3.0-SNAPSHOT.jar:?]
	at org.apache.hadoop.ozone.protocolPB.OzoneManagerRequestHandler.handleReadRequest(OzoneManagerRequestHandler.java:178) ~[ozone-manager-1.3.0-SNAPSHOT.jar:?]
	at org.apache.hadoop.ozone.protocolPB.OzoneManagerProtocolServerSideTranslatorPB.submitRequestDirectlyToOM(OzoneManagerProtocolServerSideTranslatorPB.java:276) ~[ozone-manager-1.3.0-SNAPSHOT.jar:?]
	at org.apache.hadoop.ozone.protocolPB.OzoneManagerProtocolServerSideTranslatorPB.processRequest(OzoneManagerProtocolServerSideTranslatorPB.java:205) ~[ozone-manager-1.3.0-SNAPSHOT.jar:?]
	at org.apache.hadoop.hdds.server.OzoneProtocolMessageDispatcher.processRequest(OzoneProtocolMessageDispatcher.java:87) [hdds-server-framework-1.3.0-SNAPSHOT.jar:?]
	at org.apache.hadoop.ozone.protocolPB.OzoneManagerProtocolServerSideTranslatorPB.submitRequest(OzoneManagerProtocolServerSideTranslatorPB.java:147) [ozone-manager-1.3.0-SNAPSHOT.jar:?]
	at org.apache.hadoop.ozone.protocol.proto.OzoneManagerProtocolProtos$OzoneManagerService$2.callBlockingMethod(OzoneManagerProtocolProtos.java) [ozone-interface-client-1.3.0-SNAPSHOT.jar:?]
	at org.apache.hadoop.ipc.ProtobufRpcEngine$Server.processCall(ProtobufRpcEngine.java:466) [hadoop-common-3.3.1.jar:?]
	at org.apache.hadoop.ipc.ProtobufRpcEngine2$Server$ProtoBufRpcInvoker.call(ProtobufRpcEngine2.java:574) [hadoop-common-3.3.1.jar:?]
	at org.apache.hadoop.ipc.ProtobufRpcEngine2$Server$ProtoBufRpcInvoker.call(ProtobufRpcEngine2.java:552) [hadoop-common-3.3.1.jar:?]
	at org.apache.hadoop.ipc.RPC$Server.call(RPC.java:1093) [hadoop-common-3.3.1.jar:?]
	at org.apache.hadoop.ipc.Server$RpcCall.run(Server.java:1035) [hadoop-common-3.3.1.jar:?]
	at org.apache.hadoop.ipc.Server$RpcCall.run(Server.java:963) [hadoop-common-3.3.1.jar:?]
	at java.security.AccessController.doPrivileged(Native Method) ~[?:1.8.0_345]
	at javax.security.auth.Subject.doAs(Subject.java:422) [?:1.8.0_345]
	at org.apache.hadoop.security.UserGroupInformation.doAs(UserGroupInformation.java:1878) [hadoop-common-3.3.1.jar:?]
	at org.apache.hadoop.ipc.Server$Handler.run(Server.java:2966) [hadoop-common-3.3.1.jar:?]
2022-10-06 01:05:06,225 [Time-limited test] INFO  rpc.RpcClient (RpcClient.java:createVolume(471)) - Creating Volume: volume-93623, with runner as owner and space quota set to -1 bytes, counts quota set to -1
2022-10-06 01:05:06,226 [IPC Server handler 0 on default port 44363] INFO  volume.OMVolumeCreateRequest (OMVolumeCreateRequest.java:validateAndUpdateCache(195)) - created volume:volume-93623 for user:runner
2022-10-06 01:05:06,226 [Time-limited test] INFO  rpc.RpcClient (RpcClient.java:createBucket(674)) - Creating Bucket: volume-93623/bucket, with bucket layout FILE_SYSTEM_OPTIMIZED, runner as owner, Versioning false, Storage Type set to DISK and Encryption set to false 
2022-10-06 01:05:06,226 [IPC Server handler 11 on default port 44363] INFO  bucket.OMBucketCreateRequest (OMBucketCreateRequest.java:validateAndUpdateCache(260)) - created bucket: bucket of layout FILE_SYSTEM_OPTIMIZED in volume: volume-93623
2022-10-06 01:05:06,229 [Time-limited test] INFO  rpc.RpcClient (RpcClient.java:createVolume(471)) - Creating Volume: volume-56509, with runner as owner and space quota set to -1 bytes, counts quota set to -1
2022-10-06 01:05:06,229 [IPC Server handler 9 on default port 44363] INFO  volume.OMVolumeCreateRequest (OMVolumeCreateRequest.java:validateAndUpdateCache(195)) - created volume:volume-56509 for user:runner
2022-10-06 01:05:06,229 [Time-limited test] INFO  rpc.RpcClient (RpcClient.java:createBucket(674)) - Creating Bucket: volume-56509/link, with server-side default bucket layout, runner as owner, Versioning false, Storage Type set to DISK and Encryption set to false 
2022-10-06 01:05:06,230 [IPC Server handler 15 on default port 44363] INFO  bucket.OMBucketCreateRequest (OMBucketCreateRequest.java:validateAndUpdateCache(260)) - created bucket: link of layout LEGACY in volume: volume-56509
01:05:06.232 [IPC Server handler 4 on default port 44363] ERROR OMAudit - user=runner | ip=127.0.0.1 | op=DELETE_VOLUME {volume=volume-56509} | ret=FAILURE
org.apache.hadoop.ozone.om.exceptions.OMException: null
	at org.apache.hadoop.ozone.om.request.volume.OMVolumeDeleteRequest.validateAndUpdateCache(OMVolumeDeleteRequest.java:122) ~[ozone-manager-1.3.0-SNAPSHOT.jar:?]
	at org.apache.hadoop.ozone.protocolPB.OzoneManagerRequestHandler.handleWriteRequest(OzoneManagerRequestHandler.java:304) ~[ozone-manager-1.3.0-SNAPSHOT.jar:?]
	at org.apache.hadoop.ozone.protocolPB.OzoneManagerProtocolServerSideTranslatorPB.submitRequestDirectlyToOM(OzoneManagerProtocolServerSideTranslatorPB.java:282) ~[ozone-manager-1.3.0-SNAPSHOT.jar:?]
	at org.apache.hadoop.ozone.protocolPB.OzoneManagerProtocolServerSideTranslatorPB.processRequest(OzoneManagerProtocolServerSideTranslatorPB.java:205) ~[ozone-manager-1.3.0-SNAPSHOT.jar:?]
	at org.apache.hadoop.hdds.server.OzoneProtocolMessageDispatcher.processRequest(OzoneProtocolMessageDispatcher.java:87) [hdds-server-framework-1.3.0-SNAPSHOT.jar:?]
	at org.apache.hadoop.ozone.protocolPB.OzoneManagerProtocolServerSideTranslatorPB.submitRequest(OzoneManagerProtocolServerSideTranslatorPB.java:147) [ozone-manager-1.3.0-SNAPSHOT.jar:?]
	at org.apache.hadoop.ozone.protocol.proto.OzoneManagerProtocolProtos$OzoneManagerService$2.callBlockingMethod(OzoneManagerProtocolProtos.java) [ozone-interface-client-1.3.0-SNAPSHOT.jar:?]
	at org.apache.hadoop.ipc.ProtobufRpcEngine$Server.processCall(ProtobufRpcEngine.java:466) [hadoop-common-3.3.1.jar:?]
	at org.apache.hadoop.ipc.ProtobufRpcEngine2$Server$ProtoBufRpcInvoker.call(ProtobufRpcEngine2.java:574) [hadoop-common-3.3.1.jar:?]
	at org.apache.hadoop.ipc.ProtobufRpcEngine2$Server$ProtoBufRpcInvoker.call(ProtobufRpcEngine2.java:552) [hadoop-common-3.3.1.jar:?]
	at org.apache.hadoop.ipc.RPC$Server.call(RPC.java:1093) [hadoop-common-3.3.1.jar:?]
	at org.apache.hadoop.ipc.Server$RpcCall.run(Server.java:1035) [hadoop-common-3.3.1.jar:?]
	at org.apache.hadoop.ipc.Server$RpcCall.run(Server.java:963) [hadoop-common-3.3.1.jar:?]
	at java.security.AccessController.doPrivileged(Native Method) ~[?:1.8.0_345]
	at javax.security.auth.Subject.doAs(Subject.java:422) [?:1.8.0_345]
	at org.apache.hadoop.security.UserGroupInformation.doAs(UserGroupInformation.java:1878) [hadoop-common-3.3.1.jar:?]
	at org.apache.hadoop.ipc.Server$Handler.run(Server.java:2966) [hadoop-common-3.3.1.jar:?]
2022-10-06 01:05:06,232 [IPC Server handler 4 on default port 44363] ERROR volume.OMVolumeDeleteRequest (OMVolumeDeleteRequest.java:validateAndUpdateCache(170)) - Volume deletion failed for user:runner volume:volume-56509
VOLUME_NOT_EMPTY org.apache.hadoop.ozone.om.exceptions.OMException
	at org.apache.hadoop.ozone.om.request.volume.OMVolumeDeleteRequest.validateAndUpdateCache(OMVolumeDeleteRequest.java:122)
	at org.apache.hadoop.ozone.protocolPB.OzoneManagerRequestHandler.handleWriteRequest(OzoneManagerRequestHandler.java:304)
	at org.apache.hadoop.ozone.protocolPB.OzoneManagerProtocolServerSideTranslatorPB.submitRequestDirectlyToOM(OzoneManagerProtocolServerSideTranslatorPB.java:282)
	at org.apache.hadoop.ozone.protocolPB.OzoneManagerProtocolServerSideTranslatorPB.processRequest(OzoneManagerProtocolServerSideTranslatorPB.java:205)
	at org.apache.hadoop.hdds.server.OzoneProtocolMessageDispatcher.processRequest(OzoneProtocolMessageDispatcher.java:87)
	at org.apache.hadoop.ozone.protocolPB.OzoneManagerProtocolServerSideTranslatorPB.submitRequest(OzoneManagerProtocolServerSideTranslatorPB.java:147)
	at org.apache.hadoop.ozone.protocol.proto.OzoneManagerProtocolProtos$OzoneManagerService$2.callBlockingMethod(OzoneManagerProtocolProtos.java)
	at org.apache.hadoop.ipc.ProtobufRpcEngine$Server.processCall(ProtobufRpcEngine.java:466)
	at org.apache.hadoop.ipc.ProtobufRpcEngine2$Server$ProtoBufRpcInvoker.call(ProtobufRpcEngine2.java:574)
	at org.apache.hadoop.ipc.ProtobufRpcEngine2$Server$ProtoBufRpcInvoker.call(ProtobufRpcEngine2.java:552)
	at org.apache.hadoop.ipc.RPC$Server.call(RPC.java:1093)
	at org.apache.hadoop.ipc.Server$RpcCall.run(Server.java:1035)
	at org.apache.hadoop.ipc.Server$RpcCall.run(Server.java:963)
	at java.security.AccessController.doPrivileged(Native Method)
	at javax.security.auth.Subject.doAs(Subject.java:422)
	at org.apache.hadoop.security.UserGroupInformation.doAs(UserGroupInformation.java:1878)
	at org.apache.hadoop.ipc.Server$Handler.run(Server.java:2966)
01:05:06.239 [IPC Server handler 7 on default port 44363] ERROR OMAudit - user=runner | ip=127.0.0.1 | op=READ_BUCKET {volume=volume-56509, bucket=link} | ret=FAILURE
org.apache.hadoop.ozone.om.exceptions.OMException: Volume not found when getting bucket info
	at org.apache.hadoop.ozone.om.BucketManagerImpl.getBucketInfo(BucketManagerImpl.java:127) ~[ozone-manager-1.3.0-SNAPSHOT.jar:?]
	at org.apache.hadoop.ozone.om.OzoneManager.getBucketInfo(OzoneManager.java:2792) ~[ozone-manager-1.3.0-SNAPSHOT.jar:?]
	at org.apache.hadoop.ozone.protocolPB.OzoneManagerRequestHandler.infoBucket(OzoneManagerRequestHandler.java:475) ~[ozone-manager-1.3.0-SNAPSHOT.jar:?]
	at org.apache.hadoop.ozone.protocolPB.OzoneManagerRequestHandler.handleReadRequest(OzoneManagerRequestHandler.java:178) ~[ozone-manager-1.3.0-SNAPSHOT.jar:?]
	at org.apache.hadoop.ozone.protocolPB.OzoneManagerProtocolServerSideTranslatorPB.submitRequestDirectlyToOM(OzoneManagerProtocolServerSideTranslatorPB.java:276) ~[ozone-manager-1.3.0-SNAPSHOT.jar:?]
	at org.apache.hadoop.ozone.protocolPB.OzoneManagerProtocolServerSideTranslatorPB.processRequest(OzoneManagerProtocolServerSideTranslatorPB.java:205) ~[ozone-manager-1.3.0-SNAPSHOT.jar:?]
	at org.apache.hadoop.hdds.server.OzoneProtocolMessageDispatcher.processRequest(OzoneProtocolMessageDispatcher.java:87) [hdds-server-framework-1.3.0-SNAPSHOT.jar:?]
	at org.apache.hadoop.ozone.protocolPB.OzoneManagerProtocolServerSideTranslatorPB.submitRequest(OzoneManagerProtocolServerSideTranslatorPB.java:147) [ozone-manager-1.3.0-SNAPSHOT.jar:?]
	at org.apache.hadoop.ozone.protocol.proto.OzoneManagerProtocolProtos$OzoneManagerService$2.callBlockingMethod(OzoneManagerProtocolProtos.java) [ozone-interface-client-1.3.0-SNAPSHOT.jar:?]
	at org.apache.hadoop.ipc.ProtobufRpcEngine$Server.processCall(ProtobufRpcEngine.java:466) [hadoop-common-3.3.1.jar:?]
	at org.apache.hadoop.ipc.ProtobufRpcEngine2$Server$ProtoBufRpcInvoker.call(ProtobufRpcEngine2.java:574) [hadoop-common-3.3.1.jar:?]
	at org.apache.hadoop.ipc.ProtobufRpcEngine2$Server$ProtoBufRpcInvoker.call(ProtobufRpcEngine2.java:552) [hadoop-common-3.3.1.jar:?]
	at org.apache.hadoop.ipc.RPC$Server.call(RPC.java:1093) [hadoop-common-3.3.1.jar:?]
	at org.apache.hadoop.ipc.Server$RpcCall.run(Server.java:1035) [hadoop-common-3.3.1.jar:?]
	at org.apache.hadoop.ipc.Server$RpcCall.run(Server.java:963) [hadoop-common-3.3.1.jar:?]
	at java.security.AccessController.doPrivileged(Native Method) ~[?:1.8.0_345]
	at javax.security.auth.Subject.doAs(Subject.java:422) [?:1.8.0_345]
	at org.apache.hadoop.security.UserGroupInformation.doAs(UserGroupInformation.java:1878) [hadoop-common-3.3.1.jar:?]
	at org.apache.hadoop.ipc.Server$Handler.run(Server.java:2966) [hadoop-common-3.3.1.jar:?]
]]></system-out>
  </testcase>
  <testcase name="testBucketDefaultsShouldNotBeInheritedToFileForNonEC" classname="TestRootedOzoneFileSystemWithFSO" time="0.232">
    <system-out><![CDATA[2022-10-06 01:03:39,951 [Time-limited test] INFO  rpc.RpcClient (RpcClient.java:createVolume(471)) - Creating Volume: volume74976, with user11938 as owner and space quota set to -1 bytes, counts quota set to -1
2022-10-06 01:03:39,954 [OM StateMachine ApplyTransaction Thread - 0] INFO  volume.OMVolumeCreateRequest (OMVolumeCreateRequest.java:validateAndUpdateCache(195)) - created volume:volume74976 for user:user11938
2022-10-06 01:03:39,959 [Time-limited test] INFO  rpc.RpcClient (RpcClient.java:createBucket(674)) - Creating Bucket: volume74976/bucket23959, with bucket layout FILE_SYSTEM_OPTIMIZED, runner as owner, Versioning false, Storage Type set to DISK and Encryption set to false 
2022-10-06 01:03:39,960 [OM StateMachine ApplyTransaction Thread - 0] INFO  bucket.OMBucketCreateRequest (OMBucketCreateRequest.java:validateAndUpdateCache(260)) - created bucket: bucket23959 of layout FILE_SYSTEM_OPTIMIZED in volume: volume74976
2022-10-06 01:03:39,985 [Time-limited test] INFO  rpc.RpcClient (RpcClient.java:createVolume(471)) - Creating Volume: 41812c2c-f6d7-4f0f-be5c-cc1f0b07cd78, with user42377 as owner and space quota set to -1 bytes, counts quota set to -1
2022-10-06 01:03:39,986 [OM StateMachine ApplyTransaction Thread - 0] INFO  volume.OMVolumeCreateRequest (OMVolumeCreateRequest.java:validateAndUpdateCache(195)) - created volume:41812c2c-f6d7-4f0f-be5c-cc1f0b07cd78 for user:user42377
2022-10-06 01:03:39,988 [Time-limited test] INFO  rpc.RpcClient (RpcClient.java:createBucket(674)) - Creating Bucket: 41812c2c-f6d7-4f0f-be5c-cc1f0b07cd78/0df5328d-eeb1-4c32-87ea-33cd10a8a7f6, with bucket layout LEGACY, runner as owner, Versioning false, Storage Type set to DISK and Encryption set to false 
2022-10-06 01:03:39,996 [OM StateMachine ApplyTransaction Thread - 0] INFO  bucket.OMBucketCreateRequest (OMBucketCreateRequest.java:validateAndUpdateCache(260)) - created bucket: 0df5328d-eeb1-4c32-87ea-33cd10a8a7f6 of layout LEGACY in volume: 41812c2c-f6d7-4f0f-be5c-cc1f0b07cd78
]]></system-out>
  </testcase>
  <testcase name="testBucketDefaultsShouldNotBeInheritedToFileForNonEC" classname="TestRootedOzoneFileSystemWithFSO" time="0.256">
    <system-out><![CDATA[2022-10-06 01:05:06,314 [Time-limited test] INFO  rpc.RpcClient (RpcClient.java:createVolume(471)) - Creating Volume: volume91473, with user15003 as owner and space quota set to -1 bytes, counts quota set to -1
2022-10-06 01:05:06,314 [IPC Server handler 18 on default port 44363] INFO  volume.OMVolumeCreateRequest (OMVolumeCreateRequest.java:validateAndUpdateCache(195)) - created volume:volume91473 for user:user15003
2022-10-06 01:05:06,315 [Time-limited test] INFO  rpc.RpcClient (RpcClient.java:createBucket(674)) - Creating Bucket: volume91473/bucket74081, with bucket layout FILE_SYSTEM_OPTIMIZED, runner as owner, Versioning false, Storage Type set to DISK and Encryption set to false 
2022-10-06 01:05:06,316 [IPC Server handler 7 on default port 44363] INFO  bucket.OMBucketCreateRequest (OMBucketCreateRequest.java:validateAndUpdateCache(260)) - created bucket: bucket74081 of layout FILE_SYSTEM_OPTIMIZED in volume: volume91473
2022-10-06 01:05:06,363 [Time-limited test] INFO  rpc.RpcClient (RpcClient.java:createVolume(471)) - Creating Volume: 5c619e3a-572e-41be-8311-cf0e386ab858, with user24720 as owner and space quota set to -1 bytes, counts quota set to -1
2022-10-06 01:05:06,364 [IPC Server handler 4 on default port 44363] INFO  volume.OMVolumeCreateRequest (OMVolumeCreateRequest.java:validateAndUpdateCache(195)) - created volume:5c619e3a-572e-41be-8311-cf0e386ab858 for user:user24720
2022-10-06 01:05:06,369 [Time-limited test] INFO  rpc.RpcClient (RpcClient.java:createBucket(674)) - Creating Bucket: 5c619e3a-572e-41be-8311-cf0e386ab858/6cded601-3015-4312-9759-376db9ceb0d6, with bucket layout LEGACY, runner as owner, Versioning false, Storage Type set to DISK and Encryption set to false 
2022-10-06 01:05:06,370 [IPC Server handler 2 on default port 44363] INFO  bucket.OMBucketCreateRequest (OMBucketCreateRequest.java:validateAndUpdateCache(260)) - created bucket: 6cded601-3015-4312-9759-376db9ceb0d6 of layout LEGACY in volume: 5c619e3a-572e-41be-8311-cf0e386ab858
]]></system-out>
  </testcase>
  <testcase name="testTrash" classname="TestRootedOzoneFileSystemWithFSO" time="0">
    <skipped/>
  </testcase>
  <testcase name="testTrash" classname="TestRootedOzoneFileSystemWithFSO" time="0">
    <skipped/>
  </testcase>
  <testcase name="testGetFileStatusRoot" classname="TestRootedOzoneFileSystemWithFSO" time="0.041">
    <system-out><![CDATA[2022-10-06 01:03:40,180 [Time-limited test] INFO  rpc.RpcClient (RpcClient.java:createVolume(471)) - Creating Volume: volume58139, with user00496 as owner and space quota set to -1 bytes, counts quota set to -1
2022-10-06 01:03:40,182 [OM StateMachine ApplyTransaction Thread - 0] INFO  volume.OMVolumeCreateRequest (OMVolumeCreateRequest.java:validateAndUpdateCache(195)) - created volume:volume58139 for user:user00496
2022-10-06 01:03:40,184 [Time-limited test] INFO  rpc.RpcClient (RpcClient.java:createBucket(674)) - Creating Bucket: volume58139/bucket17210, with bucket layout FILE_SYSTEM_OPTIMIZED, runner as owner, Versioning false, Storage Type set to DISK and Encryption set to false 
2022-10-06 01:03:40,185 [OM StateMachine ApplyTransaction Thread - 0] INFO  bucket.OMBucketCreateRequest (OMBucketCreateRequest.java:validateAndUpdateCache(260)) - created bucket: bucket17210 of layout FILE_SYSTEM_OPTIMIZED in volume: volume58139
]]></system-out>
  </testcase>
  <testcase name="testGetFileStatusRoot" classname="TestRootedOzoneFileSystemWithFSO" time="0.067">
    <system-out><![CDATA[2022-10-06 01:05:06,571 [Time-limited test] INFO  rpc.RpcClient (RpcClient.java:createVolume(471)) - Creating Volume: volume41860, with user16059 as owner and space quota set to -1 bytes, counts quota set to -1
2022-10-06 01:05:06,572 [IPC Server handler 3 on default port 44363] INFO  volume.OMVolumeCreateRequest (OMVolumeCreateRequest.java:validateAndUpdateCache(195)) - created volume:volume41860 for user:user16059
2022-10-06 01:05:06,575 [Time-limited test] INFO  rpc.RpcClient (RpcClient.java:createBucket(674)) - Creating Bucket: volume41860/bucket43829, with bucket layout FILE_SYSTEM_OPTIMIZED, runner as owner, Versioning false, Storage Type set to DISK and Encryption set to false 
2022-10-06 01:05:06,575 [IPC Server handler 14 on default port 44363] INFO  bucket.OMBucketCreateRequest (OMBucketCreateRequest.java:validateAndUpdateCache(260)) - created bucket: bucket43829 of layout FILE_SYSTEM_OPTIMIZED in volume: volume41860
]]></system-out>
  </testcase>
  <testcase name="testGetFileStatus" classname="TestRootedOzoneFileSystemWithFSO" time="0.064">
    <system-out><![CDATA[2022-10-06 01:03:40,234 [Time-limited test] INFO  rpc.RpcClient (RpcClient.java:createVolume(471)) - Creating Volume: volume93896, with user72145 as owner and space quota set to -1 bytes, counts quota set to -1
2022-10-06 01:03:40,236 [OM StateMachine ApplyTransaction Thread - 0] INFO  volume.OMVolumeCreateRequest (OMVolumeCreateRequest.java:validateAndUpdateCache(195)) - created volume:volume93896 for user:user72145
2022-10-06 01:03:40,239 [Time-limited test] INFO  rpc.RpcClient (RpcClient.java:createBucket(674)) - Creating Bucket: volume93896/bucket65970, with bucket layout FILE_SYSTEM_OPTIMIZED, runner as owner, Versioning false, Storage Type set to DISK and Encryption set to false 
2022-10-06 01:03:40,241 [OM StateMachine ApplyTransaction Thread - 0] INFO  bucket.OMBucketCreateRequest (OMBucketCreateRequest.java:validateAndUpdateCache(260)) - created bucket: bucket65970 of layout FILE_SYSTEM_OPTIMIZED in volume: volume93896
2022-10-06 01:03:40,242 [Time-limited test] INFO  rpc.RpcClient (RpcClient.java:createVolume(471)) - Creating Volume: volume-54291, with runner as owner and space quota set to -1 bytes, counts quota set to -1
2022-10-06 01:03:40,243 [OM StateMachine ApplyTransaction Thread - 0] INFO  volume.OMVolumeCreateRequest (OMVolumeCreateRequest.java:validateAndUpdateCache(195)) - created volume:volume-54291 for user:runner
2022-10-06 01:03:40,244 [Time-limited test] WARN  ozone.BasicRootedOzoneFileSystem (BasicRootedOzoneFileSystem.java:getFileStatus(879)) - GetFileStatus failed for path /volume-54291/82771
INVALID_BUCKET_NAME org.apache.hadoop.ozone.om.exceptions.OMException: Bucket or Volume name cannot be an IPv4 address or all numeric
	at org.apache.hadoop.ozone.client.rpc.RpcClient.verifyBucketName(RpcClient.java:694)
	at org.apache.hadoop.ozone.client.rpc.RpcClient.getBucketDetails(RpcClient.java:1073)
	at org.apache.hadoop.fs.ozone.BasicRootedOzoneClientAdapterImpl.getBucket(BasicRootedOzoneClientAdapterImpl.java:265)
	at org.apache.hadoop.fs.ozone.BasicRootedOzoneClientAdapterImpl.getBucket(BasicRootedOzoneClientAdapterImpl.java:239)
	at org.apache.hadoop.fs.ozone.BasicRootedOzoneClientAdapterImpl.getFileStatus(BasicRootedOzoneClientAdapterImpl.java:611)
	at org.apache.hadoop.fs.ozone.BasicRootedOzoneFileSystem.getFileStatus(BasicRootedOzoneFileSystem.java:869)
	at org.apache.hadoop.fs.ozone.TestRootedOzoneFileSystem.lambda$testGetFileStatus$8(TestRootedOzoneFileSystem.java:1951)
	at org.apache.ozone.test.LambdaTestUtils.intercept(LambdaTestUtils.java:491)
	at org.apache.ozone.test.LambdaTestUtils.intercept(LambdaTestUtils.java:377)
	at org.apache.hadoop.fs.ozone.TestRootedOzoneFileSystem.testGetFileStatus(TestRootedOzoneFileSystem.java:1950)
	at sun.reflect.NativeMethodAccessorImpl.invoke0(Native Method)
	at sun.reflect.NativeMethodAccessorImpl.invoke(NativeMethodAccessorImpl.java:62)
	at sun.reflect.DelegatingMethodAccessorImpl.invoke(DelegatingMethodAccessorImpl.java:43)
	at java.lang.reflect.Method.invoke(Method.java:498)
	at org.junit.runners.model.FrameworkMethod$1.runReflectiveCall(FrameworkMethod.java:59)
	at org.junit.internal.runners.model.ReflectiveCallable.run(ReflectiveCallable.java:12)
	at org.junit.runners.model.FrameworkMethod.invokeExplosively(FrameworkMethod.java:56)
	at org.junit.internal.runners.statements.InvokeMethod.evaluate(InvokeMethod.java:17)
	at org.junit.internal.runners.statements.RunBefores.evaluate(RunBefores.java:26)
	at org.junit.internal.runners.statements.RunAfters.evaluate(RunAfters.java:27)
	at org.junit.internal.runners.statements.FailOnTimeout$CallableStatement.call(FailOnTimeout.java:288)
	at org.junit.internal.runners.statements.FailOnTimeout$CallableStatement.call(FailOnTimeout.java:282)
	at java.util.concurrent.FutureTask.run(FutureTask.java:266)
	at java.lang.Thread.run(Thread.java:750)
]]></system-out>
  </testcase>
  <testcase name="testGetFileStatus" classname="TestRootedOzoneFileSystemWithFSO" time="0.075">
    <system-out><![CDATA[2022-10-06 01:05:06,631 [Time-limited test] INFO  rpc.RpcClient (RpcClient.java:createVolume(471)) - Creating Volume: volume40487, with user10755 as owner and space quota set to -1 bytes, counts quota set to -1
2022-10-06 01:05:06,634 [IPC Server handler 14 on default port 44363] INFO  volume.OMVolumeCreateRequest (OMVolumeCreateRequest.java:validateAndUpdateCache(195)) - created volume:volume40487 for user:user10755
2022-10-06 01:05:06,635 [Time-limited test] INFO  rpc.RpcClient (RpcClient.java:createBucket(674)) - Creating Bucket: volume40487/bucket71420, with bucket layout FILE_SYSTEM_OPTIMIZED, runner as owner, Versioning false, Storage Type set to DISK and Encryption set to false 
2022-10-06 01:05:06,636 [IPC Server handler 1 on default port 44363] INFO  bucket.OMBucketCreateRequest (OMBucketCreateRequest.java:validateAndUpdateCache(260)) - created bucket: bucket71420 of layout FILE_SYSTEM_OPTIMIZED in volume: volume40487
2022-10-06 01:05:06,641 [Time-limited test] INFO  rpc.RpcClient (RpcClient.java:createVolume(471)) - Creating Volume: volume-49795, with runner as owner and space quota set to -1 bytes, counts quota set to -1
2022-10-06 01:05:06,641 [IPC Server handler 15 on default port 44363] INFO  volume.OMVolumeCreateRequest (OMVolumeCreateRequest.java:validateAndUpdateCache(195)) - created volume:volume-49795 for user:runner
2022-10-06 01:05:06,642 [Time-limited test] WARN  ozone.BasicRootedOzoneFileSystem (BasicRootedOzoneFileSystem.java:getFileStatus(879)) - GetFileStatus failed for path /volume-49795/18147
INVALID_BUCKET_NAME org.apache.hadoop.ozone.om.exceptions.OMException: Bucket or Volume name cannot be an IPv4 address or all numeric
	at org.apache.hadoop.ozone.client.rpc.RpcClient.verifyBucketName(RpcClient.java:694)
	at org.apache.hadoop.ozone.client.rpc.RpcClient.getBucketDetails(RpcClient.java:1073)
	at org.apache.hadoop.fs.ozone.BasicRootedOzoneClientAdapterImpl.getBucket(BasicRootedOzoneClientAdapterImpl.java:265)
	at org.apache.hadoop.fs.ozone.BasicRootedOzoneClientAdapterImpl.getBucket(BasicRootedOzoneClientAdapterImpl.java:239)
	at org.apache.hadoop.fs.ozone.BasicRootedOzoneClientAdapterImpl.getFileStatus(BasicRootedOzoneClientAdapterImpl.java:611)
	at org.apache.hadoop.fs.ozone.BasicRootedOzoneFileSystem.getFileStatus(BasicRootedOzoneFileSystem.java:869)
	at org.apache.hadoop.fs.ozone.TestRootedOzoneFileSystem.lambda$testGetFileStatus$8(TestRootedOzoneFileSystem.java:1951)
	at org.apache.ozone.test.LambdaTestUtils.intercept(LambdaTestUtils.java:491)
	at org.apache.ozone.test.LambdaTestUtils.intercept(LambdaTestUtils.java:377)
	at org.apache.hadoop.fs.ozone.TestRootedOzoneFileSystem.testGetFileStatus(TestRootedOzoneFileSystem.java:1950)
	at sun.reflect.NativeMethodAccessorImpl.invoke0(Native Method)
	at sun.reflect.NativeMethodAccessorImpl.invoke(NativeMethodAccessorImpl.java:62)
	at sun.reflect.DelegatingMethodAccessorImpl.invoke(DelegatingMethodAccessorImpl.java:43)
	at java.lang.reflect.Method.invoke(Method.java:498)
	at org.junit.runners.model.FrameworkMethod$1.runReflectiveCall(FrameworkMethod.java:59)
	at org.junit.internal.runners.model.ReflectiveCallable.run(ReflectiveCallable.java:12)
	at org.junit.runners.model.FrameworkMethod.invokeExplosively(FrameworkMethod.java:56)
	at org.junit.internal.runners.statements.InvokeMethod.evaluate(InvokeMethod.java:17)
	at org.junit.internal.runners.statements.RunBefores.evaluate(RunBefores.java:26)
	at org.junit.internal.runners.statements.RunAfters.evaluate(RunAfters.java:27)
	at org.junit.internal.runners.statements.FailOnTimeout$CallableStatement.call(FailOnTimeout.java:288)
	at org.junit.internal.runners.statements.FailOnTimeout$CallableStatement.call(FailOnTimeout.java:282)
	at java.util.concurrent.FutureTask.run(FutureTask.java:266)
	at java.lang.Thread.run(Thread.java:750)
]]></system-out>
  </testcase>
  <testcase name="testListStatusRootAndVolumeContinuation" classname="TestRootedOzoneFileSystemWithFSO" time="0">
    <skipped type="org.junit.AssumptionViolatedException"><![CDATA[org.junit.AssumptionViolatedException: FS Path is enabled. Skipping this test as it is not tuned for FS Path yet
	at org.junit.Assume.assumeTrue(Assume.java:68)
	at org.apache.hadoop.fs.ozone.TestRootedOzoneFileSystem.testListStatusRootAndVolumeContinuation(TestRootedOzoneFileSystem.java:1132)
	at sun.reflect.NativeMethodAccessorImpl.invoke0(Native Method)
	at sun.reflect.NativeMethodAccessorImpl.invoke(NativeMethodAccessorImpl.java:62)
	at sun.reflect.DelegatingMethodAccessorImpl.invoke(DelegatingMethodAccessorImpl.java:43)
	at java.lang.reflect.Method.invoke(Method.java:498)
	at org.junit.runners.model.FrameworkMethod$1.runReflectiveCall(FrameworkMethod.java:59)
	at org.junit.internal.runners.model.ReflectiveCallable.run(ReflectiveCallable.java:12)
	at org.junit.runners.model.FrameworkMethod.invokeExplosively(FrameworkMethod.java:56)
	at org.junit.internal.runners.statements.InvokeMethod.evaluate(InvokeMethod.java:17)
	at org.junit.internal.runners.statements.RunBefores.evaluate(RunBefores.java:26)
	at org.junit.internal.runners.statements.RunAfters.evaluate(RunAfters.java:27)
	at org.junit.internal.runners.statements.FailOnTimeout$CallableStatement.call(FailOnTimeout.java:288)
	at org.junit.internal.runners.statements.FailOnTimeout$CallableStatement.call(FailOnTimeout.java:282)
	at java.util.concurrent.FutureTask.run(FutureTask.java:266)
	at java.lang.Thread.run(Thread.java:750)
]]></skipped>
    <system-out><![CDATA[2022-10-06 01:03:40,298 [Time-limited test] INFO  rpc.RpcClient (RpcClient.java:createVolume(471)) - Creating Volume: volume24071, with user89018 as owner and space quota set to -1 bytes, counts quota set to -1
2022-10-06 01:03:40,300 [OM StateMachine ApplyTransaction Thread - 0] INFO  volume.OMVolumeCreateRequest (OMVolumeCreateRequest.java:validateAndUpdateCache(195)) - created volume:volume24071 for user:user89018
2022-10-06 01:03:40,302 [Time-limited test] INFO  rpc.RpcClient (RpcClient.java:createBucket(674)) - Creating Bucket: volume24071/bucket79595, with bucket layout FILE_SYSTEM_OPTIMIZED, runner as owner, Versioning false, Storage Type set to DISK and Encryption set to false 
2022-10-06 01:03:40,303 [OM StateMachine ApplyTransaction Thread - 0] INFO  bucket.OMBucketCreateRequest (OMBucketCreateRequest.java:validateAndUpdateCache(260)) - created bucket: bucket79595 of layout FILE_SYSTEM_OPTIMIZED in volume: volume24071
]]></system-out>
  </testcase>
  <testcase name="testListStatusRootAndVolumeContinuation" classname="TestRootedOzoneFileSystemWithFSO" time="0">
    <skipped type="org.junit.AssumptionViolatedException"><![CDATA[org.junit.AssumptionViolatedException: FS Path is enabled. Skipping this test as it is not tuned for FS Path yet
	at org.junit.Assume.assumeTrue(Assume.java:68)
	at org.apache.hadoop.fs.ozone.TestRootedOzoneFileSystem.testListStatusRootAndVolumeContinuation(TestRootedOzoneFileSystem.java:1132)
	at sun.reflect.NativeMethodAccessorImpl.invoke0(Native Method)
	at sun.reflect.NativeMethodAccessorImpl.invoke(NativeMethodAccessorImpl.java:62)
	at sun.reflect.DelegatingMethodAccessorImpl.invoke(DelegatingMethodAccessorImpl.java:43)
	at java.lang.reflect.Method.invoke(Method.java:498)
	at org.junit.runners.model.FrameworkMethod$1.runReflectiveCall(FrameworkMethod.java:59)
	at org.junit.internal.runners.model.ReflectiveCallable.run(ReflectiveCallable.java:12)
	at org.junit.runners.model.FrameworkMethod.invokeExplosively(FrameworkMethod.java:56)
	at org.junit.internal.runners.statements.InvokeMethod.evaluate(InvokeMethod.java:17)
	at org.junit.internal.runners.statements.RunBefores.evaluate(RunBefores.java:26)
	at org.junit.internal.runners.statements.RunAfters.evaluate(RunAfters.java:27)
	at org.junit.internal.runners.statements.FailOnTimeout$CallableStatement.call(FailOnTimeout.java:288)
	at org.junit.internal.runners.statements.FailOnTimeout$CallableStatement.call(FailOnTimeout.java:282)
	at java.util.concurrent.FutureTask.run(FutureTask.java:266)
	at java.lang.Thread.run(Thread.java:750)
]]></skipped>
    <system-out><![CDATA[2022-10-06 01:05:06,745 [Time-limited test] INFO  rpc.RpcClient (RpcClient.java:createVolume(471)) - Creating Volume: volume62054, with user74085 as owner and space quota set to -1 bytes, counts quota set to -1
2022-10-06 01:05:06,746 [IPC Server handler 7 on default port 44363] INFO  volume.OMVolumeCreateRequest (OMVolumeCreateRequest.java:validateAndUpdateCache(195)) - created volume:volume62054 for user:user74085
2022-10-06 01:05:06,747 [Time-limited test] INFO  rpc.RpcClient (RpcClient.java:createBucket(674)) - Creating Bucket: volume62054/bucket78307, with bucket layout FILE_SYSTEM_OPTIMIZED, runner as owner, Versioning false, Storage Type set to DISK and Encryption set to false 
2022-10-06 01:05:06,748 [IPC Server handler 5 on default port 44363] INFO  bucket.OMBucketCreateRequest (OMBucketCreateRequest.java:validateAndUpdateCache(260)) - created bucket: bucket78307 of layout FILE_SYSTEM_OPTIMIZED in volume: volume62054
]]></system-out>
  </testcase>
  <testcase name="testDeleteVolumeBucketAndKey" classname="TestRootedOzoneFileSystemWithFSO" time="0.094">
    <system-out><![CDATA[2022-10-06 01:03:40,343 [Time-limited test] INFO  rpc.RpcClient (RpcClient.java:createVolume(471)) - Creating Volume: volume80649, with user25389 as owner and space quota set to -1 bytes, counts quota set to -1
2022-10-06 01:03:40,347 [OM StateMachine ApplyTransaction Thread - 0] INFO  volume.OMVolumeCreateRequest (OMVolumeCreateRequest.java:validateAndUpdateCache(195)) - created volume:volume80649 for user:user25389
2022-10-06 01:03:40,348 [Time-limited test] INFO  rpc.RpcClient (RpcClient.java:createBucket(674)) - Creating Bucket: volume80649/bucket64752, with bucket layout FILE_SYSTEM_OPTIMIZED, runner as owner, Versioning false, Storage Type set to DISK and Encryption set to false 
2022-10-06 01:03:40,351 [OM StateMachine ApplyTransaction Thread - 0] INFO  bucket.OMBucketCreateRequest (OMBucketCreateRequest.java:validateAndUpdateCache(260)) - created bucket: bucket64752 of layout FILE_SYSTEM_OPTIMIZED in volume: volume80649
01:03:40.353 [IPC Server handler 4 on default port 34317] ERROR OMAudit - user=runner | ip=127.0.0.1 | op=READ_BUCKET {volume=volume-40087, bucket=bucket3} | ret=FAILURE
org.apache.hadoop.ozone.om.exceptions.OMException: Volume not found when getting bucket info
	at org.apache.hadoop.ozone.om.BucketManagerImpl.getBucketInfo(BucketManagerImpl.java:127) ~[ozone-manager-1.3.0-SNAPSHOT.jar:?]
	at org.apache.hadoop.ozone.om.OzoneManager.getBucketInfo(OzoneManager.java:2792) ~[ozone-manager-1.3.0-SNAPSHOT.jar:?]
	at org.apache.hadoop.ozone.protocolPB.OzoneManagerRequestHandler.infoBucket(OzoneManagerRequestHandler.java:475) ~[ozone-manager-1.3.0-SNAPSHOT.jar:?]
	at org.apache.hadoop.ozone.protocolPB.OzoneManagerRequestHandler.handleReadRequest(OzoneManagerRequestHandler.java:178) ~[ozone-manager-1.3.0-SNAPSHOT.jar:?]
	at org.apache.hadoop.ozone.protocolPB.OzoneManagerProtocolServerSideTranslatorPB.submitReadRequestToOM(OzoneManagerProtocolServerSideTranslatorPB.java:226) ~[ozone-manager-1.3.0-SNAPSHOT.jar:?]
	at org.apache.hadoop.ozone.protocolPB.OzoneManagerProtocolServerSideTranslatorPB.processRequest(OzoneManagerProtocolServerSideTranslatorPB.java:175) ~[ozone-manager-1.3.0-SNAPSHOT.jar:?]
	at org.apache.hadoop.hdds.server.OzoneProtocolMessageDispatcher.processRequest(OzoneProtocolMessageDispatcher.java:87) [hdds-server-framework-1.3.0-SNAPSHOT.jar:?]
	at org.apache.hadoop.ozone.protocolPB.OzoneManagerProtocolServerSideTranslatorPB.submitRequest(OzoneManagerProtocolServerSideTranslatorPB.java:147) [ozone-manager-1.3.0-SNAPSHOT.jar:?]
	at org.apache.hadoop.ozone.protocol.proto.OzoneManagerProtocolProtos$OzoneManagerService$2.callBlockingMethod(OzoneManagerProtocolProtos.java) [ozone-interface-client-1.3.0-SNAPSHOT.jar:?]
	at org.apache.hadoop.ipc.ProtobufRpcEngine$Server.processCall(ProtobufRpcEngine.java:466) [hadoop-common-3.3.1.jar:?]
	at org.apache.hadoop.ipc.ProtobufRpcEngine2$Server$ProtoBufRpcInvoker.call(ProtobufRpcEngine2.java:574) [hadoop-common-3.3.1.jar:?]
	at org.apache.hadoop.ipc.ProtobufRpcEngine2$Server$ProtoBufRpcInvoker.call(ProtobufRpcEngine2.java:552) [hadoop-common-3.3.1.jar:?]
	at org.apache.hadoop.ipc.RPC$Server.call(RPC.java:1093) [hadoop-common-3.3.1.jar:?]
	at org.apache.hadoop.ipc.Server$RpcCall.run(Server.java:1035) [hadoop-common-3.3.1.jar:?]
	at org.apache.hadoop.ipc.Server$RpcCall.run(Server.java:963) [hadoop-common-3.3.1.jar:?]
	at java.security.AccessController.doPrivileged(Native Method) ~[?:1.8.0_345]
	at javax.security.auth.Subject.doAs(Subject.java:422) [?:1.8.0_345]
	at org.apache.hadoop.security.UserGroupInformation.doAs(UserGroupInformation.java:1878) [hadoop-common-3.3.1.jar:?]
	at org.apache.hadoop.ipc.Server$Handler.run(Server.java:2966) [hadoop-common-3.3.1.jar:?]
2022-10-06 01:03:40,354 [Time-limited test] INFO  rpc.RpcClient (RpcClient.java:createVolume(471)) - Creating Volume: volume-40087, with runner as owner and space quota set to -1 bytes, counts quota set to -1
2022-10-06 01:03:40,355 [OM StateMachine ApplyTransaction Thread - 0] INFO  volume.OMVolumeCreateRequest (OMVolumeCreateRequest.java:validateAndUpdateCache(195)) - created volume:volume-40087 for user:runner
2022-10-06 01:03:40,356 [Time-limited test] INFO  rpc.RpcClient (RpcClient.java:createBucket(674)) - Creating Bucket: volume-40087/bucket3, with bucket layout FILE_SYSTEM_OPTIMIZED, runner as owner, Versioning false, Storage Type set to DISK and Encryption set to false 
2022-10-06 01:03:40,357 [OM StateMachine ApplyTransaction Thread - 0] INFO  bucket.OMBucketCreateRequest (OMBucketCreateRequest.java:validateAndUpdateCache(260)) - created bucket: bucket3 of layout FILE_SYSTEM_OPTIMIZED in volume: volume-40087
01:03:40.361 [OM StateMachine ApplyTransaction Thread - 0] ERROR OMAudit - user=runner | ip=127.0.0.1 | op=DELETE_VOLUME {volume=volume-40087} | ret=FAILURE
org.apache.hadoop.ozone.om.exceptions.OMException: null
	at org.apache.hadoop.ozone.om.request.volume.OMVolumeDeleteRequest.validateAndUpdateCache(OMVolumeDeleteRequest.java:122) ~[ozone-manager-1.3.0-SNAPSHOT.jar:?]
	at org.apache.hadoop.ozone.protocolPB.OzoneManagerRequestHandler.handleWriteRequest(OzoneManagerRequestHandler.java:304) ~[ozone-manager-1.3.0-SNAPSHOT.jar:?]
	at org.apache.hadoop.ozone.om.ratis.OzoneManagerStateMachine.runCommand(OzoneManagerStateMachine.java:529) ~[ozone-manager-1.3.0-SNAPSHOT.jar:?]
	at org.apache.hadoop.ozone.om.ratis.OzoneManagerStateMachine.lambda$1(OzoneManagerStateMachine.java:324) ~[ozone-manager-1.3.0-SNAPSHOT.jar:?]
	at java.util.concurrent.CompletableFuture$AsyncSupply.run(CompletableFuture.java:1604) [?:1.8.0_345]
	at java.util.concurrent.ThreadPoolExecutor.runWorker(ThreadPoolExecutor.java:1149) [?:1.8.0_345]
	at java.util.concurrent.ThreadPoolExecutor$Worker.run(ThreadPoolExecutor.java:624) [?:1.8.0_345]
	at java.lang.Thread.run(Thread.java:750) [?:1.8.0_345]
2022-10-06 01:03:40,361 [OM StateMachine ApplyTransaction Thread - 0] ERROR volume.OMVolumeDeleteRequest (OMVolumeDeleteRequest.java:validateAndUpdateCache(170)) - Volume deletion failed for user:runner volume:volume-40087
VOLUME_NOT_EMPTY org.apache.hadoop.ozone.om.exceptions.OMException
	at org.apache.hadoop.ozone.om.request.volume.OMVolumeDeleteRequest.validateAndUpdateCache(OMVolumeDeleteRequest.java:122)
	at org.apache.hadoop.ozone.protocolPB.OzoneManagerRequestHandler.handleWriteRequest(OzoneManagerRequestHandler.java:304)
	at org.apache.hadoop.ozone.om.ratis.OzoneManagerStateMachine.runCommand(OzoneManagerStateMachine.java:529)
	at org.apache.hadoop.ozone.om.ratis.OzoneManagerStateMachine.lambda$1(OzoneManagerStateMachine.java:324)
	at java.util.concurrent.CompletableFuture$AsyncSupply.run(CompletableFuture.java:1604)
	at java.util.concurrent.ThreadPoolExecutor.runWorker(ThreadPoolExecutor.java:1149)
	at java.util.concurrent.ThreadPoolExecutor$Worker.run(ThreadPoolExecutor.java:624)
	at java.lang.Thread.run(Thread.java:750)
01:03:40.380 [IPC Server handler 5 on default port 34317] ERROR OMAudit - user=runner | ip=127.0.0.1 | op=READ_VOLUME {volume=volume-40087} | ret=FAILURE
org.apache.hadoop.ozone.om.exceptions.OMException: Volume volume-40087 is not found
	at org.apache.hadoop.ozone.om.VolumeManagerImpl.getVolumeInfo(VolumeManagerImpl.java:74) ~[ozone-manager-1.3.0-SNAPSHOT.jar:?]
	at org.apache.hadoop.ozone.om.OzoneManager.getVolumeInfo(OzoneManager.java:2619) ~[ozone-manager-1.3.0-SNAPSHOT.jar:?]
	at org.apache.hadoop.ozone.protocolPB.OzoneManagerRequestHandler.infoVolume(OzoneManagerRequestHandler.java:401) ~[ozone-manager-1.3.0-SNAPSHOT.jar:?]
	at org.apache.hadoop.ozone.protocolPB.OzoneManagerRequestHandler.handleReadRequest(OzoneManagerRequestHandler.java:168) ~[ozone-manager-1.3.0-SNAPSHOT.jar:?]
	at org.apache.hadoop.ozone.protocolPB.OzoneManagerProtocolServerSideTranslatorPB.submitReadRequestToOM(OzoneManagerProtocolServerSideTranslatorPB.java:226) ~[ozone-manager-1.3.0-SNAPSHOT.jar:?]
	at org.apache.hadoop.ozone.protocolPB.OzoneManagerProtocolServerSideTranslatorPB.processRequest(OzoneManagerProtocolServerSideTranslatorPB.java:175) ~[ozone-manager-1.3.0-SNAPSHOT.jar:?]
	at org.apache.hadoop.hdds.server.OzoneProtocolMessageDispatcher.processRequest(OzoneProtocolMessageDispatcher.java:87) [hdds-server-framework-1.3.0-SNAPSHOT.jar:?]
	at org.apache.hadoop.ozone.protocolPB.OzoneManagerProtocolServerSideTranslatorPB.submitRequest(OzoneManagerProtocolServerSideTranslatorPB.java:147) [ozone-manager-1.3.0-SNAPSHOT.jar:?]
	at org.apache.hadoop.ozone.protocol.proto.OzoneManagerProtocolProtos$OzoneManagerService$2.callBlockingMethod(OzoneManagerProtocolProtos.java) [ozone-interface-client-1.3.0-SNAPSHOT.jar:?]
	at org.apache.hadoop.ipc.ProtobufRpcEngine$Server.processCall(ProtobufRpcEngine.java:466) [hadoop-common-3.3.1.jar:?]
	at org.apache.hadoop.ipc.ProtobufRpcEngine2$Server$ProtoBufRpcInvoker.call(ProtobufRpcEngine2.java:574) [hadoop-common-3.3.1.jar:?]
	at org.apache.hadoop.ipc.ProtobufRpcEngine2$Server$ProtoBufRpcInvoker.call(ProtobufRpcEngine2.java:552) [hadoop-common-3.3.1.jar:?]
	at org.apache.hadoop.ipc.RPC$Server.call(RPC.java:1093) [hadoop-common-3.3.1.jar:?]
	at org.apache.hadoop.ipc.Server$RpcCall.run(Server.java:1035) [hadoop-common-3.3.1.jar:?]
	at org.apache.hadoop.ipc.Server$RpcCall.run(Server.java:963) [hadoop-common-3.3.1.jar:?]
	at java.security.AccessController.doPrivileged(Native Method) ~[?:1.8.0_345]
	at javax.security.auth.Subject.doAs(Subject.java:422) [?:1.8.0_345]
	at org.apache.hadoop.security.UserGroupInformation.doAs(UserGroupInformation.java:1878) [hadoop-common-3.3.1.jar:?]
	at org.apache.hadoop.ipc.Server$Handler.run(Server.java:2966) [hadoop-common-3.3.1.jar:?]
01:03:40.382 [IPC Server handler 1 on default port 34317] ERROR OMAudit - user=runner | ip=127.0.0.1 | op=READ_BUCKET {volume=volume-40087, bucket=bucket3} | ret=FAILURE
org.apache.hadoop.ozone.om.exceptions.OMException: Volume not found when getting bucket info
	at org.apache.hadoop.ozone.om.BucketManagerImpl.getBucketInfo(BucketManagerImpl.java:127) ~[ozone-manager-1.3.0-SNAPSHOT.jar:?]
	at org.apache.hadoop.ozone.om.OzoneManager.getBucketInfo(OzoneManager.java:2792) ~[ozone-manager-1.3.0-SNAPSHOT.jar:?]
	at org.apache.hadoop.ozone.protocolPB.OzoneManagerRequestHandler.infoBucket(OzoneManagerRequestHandler.java:475) ~[ozone-manager-1.3.0-SNAPSHOT.jar:?]
	at org.apache.hadoop.ozone.protocolPB.OzoneManagerRequestHandler.handleReadRequest(OzoneManagerRequestHandler.java:178) ~[ozone-manager-1.3.0-SNAPSHOT.jar:?]
	at org.apache.hadoop.ozone.protocolPB.OzoneManagerProtocolServerSideTranslatorPB.submitReadRequestToOM(OzoneManagerProtocolServerSideTranslatorPB.java:226) ~[ozone-manager-1.3.0-SNAPSHOT.jar:?]
	at org.apache.hadoop.ozone.protocolPB.OzoneManagerProtocolServerSideTranslatorPB.processRequest(OzoneManagerProtocolServerSideTranslatorPB.java:175) ~[ozone-manager-1.3.0-SNAPSHOT.jar:?]
	at org.apache.hadoop.hdds.server.OzoneProtocolMessageDispatcher.processRequest(OzoneProtocolMessageDispatcher.java:87) [hdds-server-framework-1.3.0-SNAPSHOT.jar:?]
	at org.apache.hadoop.ozone.protocolPB.OzoneManagerProtocolServerSideTranslatorPB.submitRequest(OzoneManagerProtocolServerSideTranslatorPB.java:147) [ozone-manager-1.3.0-SNAPSHOT.jar:?]
	at org.apache.hadoop.ozone.protocol.proto.OzoneManagerProtocolProtos$OzoneManagerService$2.callBlockingMethod(OzoneManagerProtocolProtos.java) [ozone-interface-client-1.3.0-SNAPSHOT.jar:?]
	at org.apache.hadoop.ipc.ProtobufRpcEngine$Server.processCall(ProtobufRpcEngine.java:466) [hadoop-common-3.3.1.jar:?]
	at org.apache.hadoop.ipc.ProtobufRpcEngine2$Server$ProtoBufRpcInvoker.call(ProtobufRpcEngine2.java:574) [hadoop-common-3.3.1.jar:?]
	at org.apache.hadoop.ipc.ProtobufRpcEngine2$Server$ProtoBufRpcInvoker.call(ProtobufRpcEngine2.java:552) [hadoop-common-3.3.1.jar:?]
	at org.apache.hadoop.ipc.RPC$Server.call(RPC.java:1093) [hadoop-common-3.3.1.jar:?]
	at org.apache.hadoop.ipc.Server$RpcCall.run(Server.java:1035) [hadoop-common-3.3.1.jar:?]
	at org.apache.hadoop.ipc.Server$RpcCall.run(Server.java:963) [hadoop-common-3.3.1.jar:?]
	at java.security.AccessController.doPrivileged(Native Method) ~[?:1.8.0_345]
	at javax.security.auth.Subject.doAs(Subject.java:422) [?:1.8.0_345]
	at org.apache.hadoop.security.UserGroupInformation.doAs(UserGroupInformation.java:1878) [hadoop-common-3.3.1.jar:?]
	at org.apache.hadoop.ipc.Server$Handler.run(Server.java:2966) [hadoop-common-3.3.1.jar:?]
2022-10-06 01:03:40,382 [Time-limited test] INFO  rpc.RpcClient (RpcClient.java:createVolume(471)) - Creating Volume: volume-40087, with runner as owner and space quota set to -1 bytes, counts quota set to -1
2022-10-06 01:03:40,383 [OM StateMachine ApplyTransaction Thread - 0] INFO  volume.OMVolumeCreateRequest (OMVolumeCreateRequest.java:validateAndUpdateCache(195)) - created volume:volume-40087 for user:runner
2022-10-06 01:03:40,385 [Time-limited test] INFO  rpc.RpcClient (RpcClient.java:createBucket(674)) - Creating Bucket: volume-40087/bucket3, with bucket layout FILE_SYSTEM_OPTIMIZED, runner as owner, Versioning false, Storage Type set to DISK and Encryption set to false 
2022-10-06 01:03:40,386 [OM StateMachine ApplyTransaction Thread - 0] INFO  bucket.OMBucketCreateRequest (OMBucketCreateRequest.java:validateAndUpdateCache(260)) - created bucket: bucket3 of layout FILE_SYSTEM_OPTIMIZED in volume: volume-40087
01:03:40.403 [IPC Server handler 14 on default port 34317] ERROR OMAudit - user=runner | ip=127.0.0.1 | op=READ_VOLUME {volume=volume-40087} | ret=FAILURE
org.apache.hadoop.ozone.om.exceptions.OMException: Volume volume-40087 is not found
	at org.apache.hadoop.ozone.om.VolumeManagerImpl.getVolumeInfo(VolumeManagerImpl.java:74) ~[ozone-manager-1.3.0-SNAPSHOT.jar:?]
	at org.apache.hadoop.ozone.om.OzoneManager.getVolumeInfo(OzoneManager.java:2619) ~[ozone-manager-1.3.0-SNAPSHOT.jar:?]
	at org.apache.hadoop.ozone.protocolPB.OzoneManagerRequestHandler.infoVolume(OzoneManagerRequestHandler.java:401) ~[ozone-manager-1.3.0-SNAPSHOT.jar:?]
	at org.apache.hadoop.ozone.protocolPB.OzoneManagerRequestHandler.handleReadRequest(OzoneManagerRequestHandler.java:168) ~[ozone-manager-1.3.0-SNAPSHOT.jar:?]
	at org.apache.hadoop.ozone.protocolPB.OzoneManagerProtocolServerSideTranslatorPB.submitReadRequestToOM(OzoneManagerProtocolServerSideTranslatorPB.java:226) ~[ozone-manager-1.3.0-SNAPSHOT.jar:?]
	at org.apache.hadoop.ozone.protocolPB.OzoneManagerProtocolServerSideTranslatorPB.processRequest(OzoneManagerProtocolServerSideTranslatorPB.java:175) ~[ozone-manager-1.3.0-SNAPSHOT.jar:?]
	at org.apache.hadoop.hdds.server.OzoneProtocolMessageDispatcher.processRequest(OzoneProtocolMessageDispatcher.java:87) [hdds-server-framework-1.3.0-SNAPSHOT.jar:?]
	at org.apache.hadoop.ozone.protocolPB.OzoneManagerProtocolServerSideTranslatorPB.submitRequest(OzoneManagerProtocolServerSideTranslatorPB.java:147) [ozone-manager-1.3.0-SNAPSHOT.jar:?]
	at org.apache.hadoop.ozone.protocol.proto.OzoneManagerProtocolProtos$OzoneManagerService$2.callBlockingMethod(OzoneManagerProtocolProtos.java) [ozone-interface-client-1.3.0-SNAPSHOT.jar:?]
	at org.apache.hadoop.ipc.ProtobufRpcEngine$Server.processCall(ProtobufRpcEngine.java:466) [hadoop-common-3.3.1.jar:?]
	at org.apache.hadoop.ipc.ProtobufRpcEngine2$Server$ProtoBufRpcInvoker.call(ProtobufRpcEngine2.java:574) [hadoop-common-3.3.1.jar:?]
	at org.apache.hadoop.ipc.ProtobufRpcEngine2$Server$ProtoBufRpcInvoker.call(ProtobufRpcEngine2.java:552) [hadoop-common-3.3.1.jar:?]
	at org.apache.hadoop.ipc.RPC$Server.call(RPC.java:1093) [hadoop-common-3.3.1.jar:?]
	at org.apache.hadoop.ipc.Server$RpcCall.run(Server.java:1035) [hadoop-common-3.3.1.jar:?]
	at org.apache.hadoop.ipc.Server$RpcCall.run(Server.java:963) [hadoop-common-3.3.1.jar:?]
	at java.security.AccessController.doPrivileged(Native Method) ~[?:1.8.0_345]
	at javax.security.auth.Subject.doAs(Subject.java:422) [?:1.8.0_345]
	at org.apache.hadoop.security.UserGroupInformation.doAs(UserGroupInformation.java:1878) [hadoop-common-3.3.1.jar:?]
	at org.apache.hadoop.ipc.Server$Handler.run(Server.java:2966) [hadoop-common-3.3.1.jar:?]
]]></system-out>
  </testcase>
  <testcase name="testDeleteVolumeBucketAndKey" classname="TestRootedOzoneFileSystemWithFSO" time="0.138">
    <system-out><![CDATA[2022-10-06 01:05:06,844 [Time-limited test] INFO  rpc.RpcClient (RpcClient.java:createVolume(471)) - Creating Volume: volume40251, with user83562 as owner and space quota set to -1 bytes, counts quota set to -1
2022-10-06 01:05:06,845 [IPC Server handler 5 on default port 44363] INFO  volume.OMVolumeCreateRequest (OMVolumeCreateRequest.java:validateAndUpdateCache(195)) - created volume:volume40251 for user:user83562
2022-10-06 01:05:06,850 [Time-limited test] INFO  rpc.RpcClient (RpcClient.java:createBucket(674)) - Creating Bucket: volume40251/bucket88311, with bucket layout FILE_SYSTEM_OPTIMIZED, runner as owner, Versioning false, Storage Type set to DISK and Encryption set to false 
2022-10-06 01:05:06,850 [IPC Server handler 12 on default port 44363] INFO  bucket.OMBucketCreateRequest (OMBucketCreateRequest.java:validateAndUpdateCache(260)) - created bucket: bucket88311 of layout FILE_SYSTEM_OPTIMIZED in volume: volume40251
01:05:06.851 [IPC Server handler 0 on default port 44363] ERROR OMAudit - user=runner | ip=127.0.0.1 | op=READ_BUCKET {volume=volume-49254, bucket=bucket3} | ret=FAILURE
org.apache.hadoop.ozone.om.exceptions.OMException: Volume not found when getting bucket info
	at org.apache.hadoop.ozone.om.BucketManagerImpl.getBucketInfo(BucketManagerImpl.java:127) ~[ozone-manager-1.3.0-SNAPSHOT.jar:?]
	at org.apache.hadoop.ozone.om.OzoneManager.getBucketInfo(OzoneManager.java:2792) ~[ozone-manager-1.3.0-SNAPSHOT.jar:?]
	at org.apache.hadoop.ozone.protocolPB.OzoneManagerRequestHandler.infoBucket(OzoneManagerRequestHandler.java:475) ~[ozone-manager-1.3.0-SNAPSHOT.jar:?]
	at org.apache.hadoop.ozone.protocolPB.OzoneManagerRequestHandler.handleReadRequest(OzoneManagerRequestHandler.java:178) ~[ozone-manager-1.3.0-SNAPSHOT.jar:?]
	at org.apache.hadoop.ozone.protocolPB.OzoneManagerProtocolServerSideTranslatorPB.submitRequestDirectlyToOM(OzoneManagerProtocolServerSideTranslatorPB.java:276) ~[ozone-manager-1.3.0-SNAPSHOT.jar:?]
	at org.apache.hadoop.ozone.protocolPB.OzoneManagerProtocolServerSideTranslatorPB.processRequest(OzoneManagerProtocolServerSideTranslatorPB.java:205) ~[ozone-manager-1.3.0-SNAPSHOT.jar:?]
	at org.apache.hadoop.hdds.server.OzoneProtocolMessageDispatcher.processRequest(OzoneProtocolMessageDispatcher.java:87) [hdds-server-framework-1.3.0-SNAPSHOT.jar:?]
	at org.apache.hadoop.ozone.protocolPB.OzoneManagerProtocolServerSideTranslatorPB.submitRequest(OzoneManagerProtocolServerSideTranslatorPB.java:147) [ozone-manager-1.3.0-SNAPSHOT.jar:?]
	at org.apache.hadoop.ozone.protocol.proto.OzoneManagerProtocolProtos$OzoneManagerService$2.callBlockingMethod(OzoneManagerProtocolProtos.java) [ozone-interface-client-1.3.0-SNAPSHOT.jar:?]
	at org.apache.hadoop.ipc.ProtobufRpcEngine$Server.processCall(ProtobufRpcEngine.java:466) [hadoop-common-3.3.1.jar:?]
	at org.apache.hadoop.ipc.ProtobufRpcEngine2$Server$ProtoBufRpcInvoker.call(ProtobufRpcEngine2.java:574) [hadoop-common-3.3.1.jar:?]
	at org.apache.hadoop.ipc.ProtobufRpcEngine2$Server$ProtoBufRpcInvoker.call(ProtobufRpcEngine2.java:552) [hadoop-common-3.3.1.jar:?]
	at org.apache.hadoop.ipc.RPC$Server.call(RPC.java:1093) [hadoop-common-3.3.1.jar:?]
	at org.apache.hadoop.ipc.Server$RpcCall.run(Server.java:1035) [hadoop-common-3.3.1.jar:?]
	at org.apache.hadoop.ipc.Server$RpcCall.run(Server.java:963) [hadoop-common-3.3.1.jar:?]
	at java.security.AccessController.doPrivileged(Native Method) ~[?:1.8.0_345]
	at javax.security.auth.Subject.doAs(Subject.java:422) [?:1.8.0_345]
	at org.apache.hadoop.security.UserGroupInformation.doAs(UserGroupInformation.java:1878) [hadoop-common-3.3.1.jar:?]
	at org.apache.hadoop.ipc.Server$Handler.run(Server.java:2966) [hadoop-common-3.3.1.jar:?]
2022-10-06 01:05:06,852 [Time-limited test] INFO  rpc.RpcClient (RpcClient.java:createVolume(471)) - Creating Volume: volume-49254, with runner as owner and space quota set to -1 bytes, counts quota set to -1
2022-10-06 01:05:06,852 [IPC Server handler 10 on default port 44363] INFO  volume.OMVolumeCreateRequest (OMVolumeCreateRequest.java:validateAndUpdateCache(195)) - created volume:volume-49254 for user:runner
2022-10-06 01:05:06,853 [Time-limited test] INFO  rpc.RpcClient (RpcClient.java:createBucket(674)) - Creating Bucket: volume-49254/bucket3, with bucket layout FILE_SYSTEM_OPTIMIZED, runner as owner, Versioning false, Storage Type set to DISK and Encryption set to false 
2022-10-06 01:05:06,856 [IPC Server handler 3 on default port 44363] INFO  bucket.OMBucketCreateRequest (OMBucketCreateRequest.java:validateAndUpdateCache(260)) - created bucket: bucket3 of layout FILE_SYSTEM_OPTIMIZED in volume: volume-49254
01:05:06.859 [IPC Server handler 1 on default port 44363] ERROR OMAudit - user=runner | ip=127.0.0.1 | op=DELETE_VOLUME {volume=volume-49254} | ret=FAILURE
org.apache.hadoop.ozone.om.exceptions.OMException: null
	at org.apache.hadoop.ozone.om.request.volume.OMVolumeDeleteRequest.validateAndUpdateCache(OMVolumeDeleteRequest.java:122) ~[ozone-manager-1.3.0-SNAPSHOT.jar:?]
	at org.apache.hadoop.ozone.protocolPB.OzoneManagerRequestHandler.handleWriteRequest(OzoneManagerRequestHandler.java:304) ~[ozone-manager-1.3.0-SNAPSHOT.jar:?]
	at org.apache.hadoop.ozone.protocolPB.OzoneManagerProtocolServerSideTranslatorPB.submitRequestDirectlyToOM(OzoneManagerProtocolServerSideTranslatorPB.java:282) ~[ozone-manager-1.3.0-SNAPSHOT.jar:?]
	at org.apache.hadoop.ozone.protocolPB.OzoneManagerProtocolServerSideTranslatorPB.processRequest(OzoneManagerProtocolServerSideTranslatorPB.java:205) ~[ozone-manager-1.3.0-SNAPSHOT.jar:?]
	at org.apache.hadoop.hdds.server.OzoneProtocolMessageDispatcher.processRequest(OzoneProtocolMessageDispatcher.java:87) [hdds-server-framework-1.3.0-SNAPSHOT.jar:?]
	at org.apache.hadoop.ozone.protocolPB.OzoneManagerProtocolServerSideTranslatorPB.submitRequest(OzoneManagerProtocolServerSideTranslatorPB.java:147) [ozone-manager-1.3.0-SNAPSHOT.jar:?]
	at org.apache.hadoop.ozone.protocol.proto.OzoneManagerProtocolProtos$OzoneManagerService$2.callBlockingMethod(OzoneManagerProtocolProtos.java) [ozone-interface-client-1.3.0-SNAPSHOT.jar:?]
	at org.apache.hadoop.ipc.ProtobufRpcEngine$Server.processCall(ProtobufRpcEngine.java:466) [hadoop-common-3.3.1.jar:?]
	at org.apache.hadoop.ipc.ProtobufRpcEngine2$Server$ProtoBufRpcInvoker.call(ProtobufRpcEngine2.java:574) [hadoop-common-3.3.1.jar:?]
	at org.apache.hadoop.ipc.ProtobufRpcEngine2$Server$ProtoBufRpcInvoker.call(ProtobufRpcEngine2.java:552) [hadoop-common-3.3.1.jar:?]
	at org.apache.hadoop.ipc.RPC$Server.call(RPC.java:1093) [hadoop-common-3.3.1.jar:?]
	at org.apache.hadoop.ipc.Server$RpcCall.run(Server.java:1035) [hadoop-common-3.3.1.jar:?]
	at org.apache.hadoop.ipc.Server$RpcCall.run(Server.java:963) [hadoop-common-3.3.1.jar:?]
	at java.security.AccessController.doPrivileged(Native Method) ~[?:1.8.0_345]
	at javax.security.auth.Subject.doAs(Subject.java:422) [?:1.8.0_345]
	at org.apache.hadoop.security.UserGroupInformation.doAs(UserGroupInformation.java:1878) [hadoop-common-3.3.1.jar:?]
	at org.apache.hadoop.ipc.Server$Handler.run(Server.java:2966) [hadoop-common-3.3.1.jar:?]
2022-10-06 01:05:06,859 [IPC Server handler 1 on default port 44363] ERROR volume.OMVolumeDeleteRequest (OMVolumeDeleteRequest.java:validateAndUpdateCache(170)) - Volume deletion failed for user:runner volume:volume-49254
VOLUME_NOT_EMPTY org.apache.hadoop.ozone.om.exceptions.OMException
	at org.apache.hadoop.ozone.om.request.volume.OMVolumeDeleteRequest.validateAndUpdateCache(OMVolumeDeleteRequest.java:122)
	at org.apache.hadoop.ozone.protocolPB.OzoneManagerRequestHandler.handleWriteRequest(OzoneManagerRequestHandler.java:304)
	at org.apache.hadoop.ozone.protocolPB.OzoneManagerProtocolServerSideTranslatorPB.submitRequestDirectlyToOM(OzoneManagerProtocolServerSideTranslatorPB.java:282)
	at org.apache.hadoop.ozone.protocolPB.OzoneManagerProtocolServerSideTranslatorPB.processRequest(OzoneManagerProtocolServerSideTranslatorPB.java:205)
	at org.apache.hadoop.hdds.server.OzoneProtocolMessageDispatcher.processRequest(OzoneProtocolMessageDispatcher.java:87)
	at org.apache.hadoop.ozone.protocolPB.OzoneManagerProtocolServerSideTranslatorPB.submitRequest(OzoneManagerProtocolServerSideTranslatorPB.java:147)
	at org.apache.hadoop.ozone.protocol.proto.OzoneManagerProtocolProtos$OzoneManagerService$2.callBlockingMethod(OzoneManagerProtocolProtos.java)
	at org.apache.hadoop.ipc.ProtobufRpcEngine$Server.processCall(ProtobufRpcEngine.java:466)
	at org.apache.hadoop.ipc.ProtobufRpcEngine2$Server$ProtoBufRpcInvoker.call(ProtobufRpcEngine2.java:574)
	at org.apache.hadoop.ipc.ProtobufRpcEngine2$Server$ProtoBufRpcInvoker.call(ProtobufRpcEngine2.java:552)
	at org.apache.hadoop.ipc.RPC$Server.call(RPC.java:1093)
	at org.apache.hadoop.ipc.Server$RpcCall.run(Server.java:1035)
	at org.apache.hadoop.ipc.Server$RpcCall.run(Server.java:963)
	at java.security.AccessController.doPrivileged(Native Method)
	at javax.security.auth.Subject.doAs(Subject.java:422)
	at org.apache.hadoop.security.UserGroupInformation.doAs(UserGroupInformation.java:1878)
	at org.apache.hadoop.ipc.Server$Handler.run(Server.java:2966)
01:05:06.869 [IPC Server handler 12 on default port 44363] ERROR OMAudit - user=runner | ip=127.0.0.1 | op=READ_VOLUME {volume=volume-49254} | ret=FAILURE
org.apache.hadoop.ozone.om.exceptions.OMException: Volume volume-49254 is not found
	at org.apache.hadoop.ozone.om.VolumeManagerImpl.getVolumeInfo(VolumeManagerImpl.java:74) ~[ozone-manager-1.3.0-SNAPSHOT.jar:?]
	at org.apache.hadoop.ozone.om.OzoneManager.getVolumeInfo(OzoneManager.java:2619) ~[ozone-manager-1.3.0-SNAPSHOT.jar:?]
	at org.apache.hadoop.ozone.protocolPB.OzoneManagerRequestHandler.infoVolume(OzoneManagerRequestHandler.java:401) ~[ozone-manager-1.3.0-SNAPSHOT.jar:?]
	at org.apache.hadoop.ozone.protocolPB.OzoneManagerRequestHandler.handleReadRequest(OzoneManagerRequestHandler.java:168) ~[ozone-manager-1.3.0-SNAPSHOT.jar:?]
	at org.apache.hadoop.ozone.protocolPB.OzoneManagerProtocolServerSideTranslatorPB.submitRequestDirectlyToOM(OzoneManagerProtocolServerSideTranslatorPB.java:276) ~[ozone-manager-1.3.0-SNAPSHOT.jar:?]
	at org.apache.hadoop.ozone.protocolPB.OzoneManagerProtocolServerSideTranslatorPB.processRequest(OzoneManagerProtocolServerSideTranslatorPB.java:205) ~[ozone-manager-1.3.0-SNAPSHOT.jar:?]
	at org.apache.hadoop.hdds.server.OzoneProtocolMessageDispatcher.processRequest(OzoneProtocolMessageDispatcher.java:87) [hdds-server-framework-1.3.0-SNAPSHOT.jar:?]
	at org.apache.hadoop.ozone.protocolPB.OzoneManagerProtocolServerSideTranslatorPB.submitRequest(OzoneManagerProtocolServerSideTranslatorPB.java:147) [ozone-manager-1.3.0-SNAPSHOT.jar:?]
	at org.apache.hadoop.ozone.protocol.proto.OzoneManagerProtocolProtos$OzoneManagerService$2.callBlockingMethod(OzoneManagerProtocolProtos.java) [ozone-interface-client-1.3.0-SNAPSHOT.jar:?]
	at org.apache.hadoop.ipc.ProtobufRpcEngine$Server.processCall(ProtobufRpcEngine.java:466) [hadoop-common-3.3.1.jar:?]
	at org.apache.hadoop.ipc.ProtobufRpcEngine2$Server$ProtoBufRpcInvoker.call(ProtobufRpcEngine2.java:574) [hadoop-common-3.3.1.jar:?]
	at org.apache.hadoop.ipc.ProtobufRpcEngine2$Server$ProtoBufRpcInvoker.call(ProtobufRpcEngine2.java:552) [hadoop-common-3.3.1.jar:?]
	at org.apache.hadoop.ipc.RPC$Server.call(RPC.java:1093) [hadoop-common-3.3.1.jar:?]
	at org.apache.hadoop.ipc.Server$RpcCall.run(Server.java:1035) [hadoop-common-3.3.1.jar:?]
	at org.apache.hadoop.ipc.Server$RpcCall.run(Server.java:963) [hadoop-common-3.3.1.jar:?]
	at java.security.AccessController.doPrivileged(Native Method) ~[?:1.8.0_345]
	at javax.security.auth.Subject.doAs(Subject.java:422) [?:1.8.0_345]
	at org.apache.hadoop.security.UserGroupInformation.doAs(UserGroupInformation.java:1878) [hadoop-common-3.3.1.jar:?]
	at org.apache.hadoop.ipc.Server$Handler.run(Server.java:2966) [hadoop-common-3.3.1.jar:?]
01:05:06.870 [IPC Server handler 2 on default port 44363] ERROR OMAudit - user=runner | ip=127.0.0.1 | op=READ_BUCKET {volume=volume-49254, bucket=bucket3} | ret=FAILURE
org.apache.hadoop.ozone.om.exceptions.OMException: Volume not found when getting bucket info
	at org.apache.hadoop.ozone.om.BucketManagerImpl.getBucketInfo(BucketManagerImpl.java:127) ~[ozone-manager-1.3.0-SNAPSHOT.jar:?]
	at org.apache.hadoop.ozone.om.OzoneManager.getBucketInfo(OzoneManager.java:2792) ~[ozone-manager-1.3.0-SNAPSHOT.jar:?]
	at org.apache.hadoop.ozone.protocolPB.OzoneManagerRequestHandler.infoBucket(OzoneManagerRequestHandler.java:475) ~[ozone-manager-1.3.0-SNAPSHOT.jar:?]
	at org.apache.hadoop.ozone.protocolPB.OzoneManagerRequestHandler.handleReadRequest(OzoneManagerRequestHandler.java:178) ~[ozone-manager-1.3.0-SNAPSHOT.jar:?]
	at org.apache.hadoop.ozone.protocolPB.OzoneManagerProtocolServerSideTranslatorPB.submitRequestDirectlyToOM(OzoneManagerProtocolServerSideTranslatorPB.java:276) ~[ozone-manager-1.3.0-SNAPSHOT.jar:?]
	at org.apache.hadoop.ozone.protocolPB.OzoneManagerProtocolServerSideTranslatorPB.processRequest(OzoneManagerProtocolServerSideTranslatorPB.java:205) ~[ozone-manager-1.3.0-SNAPSHOT.jar:?]
	at org.apache.hadoop.hdds.server.OzoneProtocolMessageDispatcher.processRequest(OzoneProtocolMessageDispatcher.java:87) [hdds-server-framework-1.3.0-SNAPSHOT.jar:?]
	at org.apache.hadoop.ozone.protocolPB.OzoneManagerProtocolServerSideTranslatorPB.submitRequest(OzoneManagerProtocolServerSideTranslatorPB.java:147) [ozone-manager-1.3.0-SNAPSHOT.jar:?]
	at org.apache.hadoop.ozone.protocol.proto.OzoneManagerProtocolProtos$OzoneManagerService$2.callBlockingMethod(OzoneManagerProtocolProtos.java) [ozone-interface-client-1.3.0-SNAPSHOT.jar:?]
	at org.apache.hadoop.ipc.ProtobufRpcEngine$Server.processCall(ProtobufRpcEngine.java:466) [hadoop-common-3.3.1.jar:?]
	at org.apache.hadoop.ipc.ProtobufRpcEngine2$Server$ProtoBufRpcInvoker.call(ProtobufRpcEngine2.java:574) [hadoop-common-3.3.1.jar:?]
	at org.apache.hadoop.ipc.ProtobufRpcEngine2$Server$ProtoBufRpcInvoker.call(ProtobufRpcEngine2.java:552) [hadoop-common-3.3.1.jar:?]
	at org.apache.hadoop.ipc.RPC$Server.call(RPC.java:1093) [hadoop-common-3.3.1.jar:?]
	at org.apache.hadoop.ipc.Server$RpcCall.run(Server.java:1035) [hadoop-common-3.3.1.jar:?]
	at org.apache.hadoop.ipc.Server$RpcCall.run(Server.java:963) [hadoop-common-3.3.1.jar:?]
	at java.security.AccessController.doPrivileged(Native Method) ~[?:1.8.0_345]
	at javax.security.auth.Subject.doAs(Subject.java:422) [?:1.8.0_345]
	at org.apache.hadoop.security.UserGroupInformation.doAs(UserGroupInformation.java:1878) [hadoop-common-3.3.1.jar:?]
	at org.apache.hadoop.ipc.Server$Handler.run(Server.java:2966) [hadoop-common-3.3.1.jar:?]
2022-10-06 01:05:06,870 [Time-limited test] INFO  rpc.RpcClient (RpcClient.java:createVolume(471)) - Creating Volume: volume-49254, with runner as owner and space quota set to -1 bytes, counts quota set to -1
2022-10-06 01:05:06,871 [IPC Server handler 19 on default port 44363] INFO  volume.OMVolumeCreateRequest (OMVolumeCreateRequest.java:validateAndUpdateCache(195)) - created volume:volume-49254 for user:runner
2022-10-06 01:05:06,874 [Time-limited test] INFO  rpc.RpcClient (RpcClient.java:createBucket(674)) - Creating Bucket: volume-49254/bucket3, with bucket layout FILE_SYSTEM_OPTIMIZED, runner as owner, Versioning false, Storage Type set to DISK and Encryption set to false 
2022-10-06 01:05:06,875 [IPC Server handler 10 on default port 44363] INFO  bucket.OMBucketCreateRequest (OMBucketCreateRequest.java:validateAndUpdateCache(260)) - created bucket: bucket3 of layout FILE_SYSTEM_OPTIMIZED in volume: volume-49254
01:05:06.890 [IPC Server handler 3 on default port 44363] ERROR OMAudit - user=runner | ip=127.0.0.1 | op=READ_VOLUME {volume=volume-49254} | ret=FAILURE
org.apache.hadoop.ozone.om.exceptions.OMException: Volume volume-49254 is not found
	at org.apache.hadoop.ozone.om.VolumeManagerImpl.getVolumeInfo(VolumeManagerImpl.java:74) ~[ozone-manager-1.3.0-SNAPSHOT.jar:?]
	at org.apache.hadoop.ozone.om.OzoneManager.getVolumeInfo(OzoneManager.java:2619) ~[ozone-manager-1.3.0-SNAPSHOT.jar:?]
	at org.apache.hadoop.ozone.protocolPB.OzoneManagerRequestHandler.infoVolume(OzoneManagerRequestHandler.java:401) ~[ozone-manager-1.3.0-SNAPSHOT.jar:?]
	at org.apache.hadoop.ozone.protocolPB.OzoneManagerRequestHandler.handleReadRequest(OzoneManagerRequestHandler.java:168) ~[ozone-manager-1.3.0-SNAPSHOT.jar:?]
	at org.apache.hadoop.ozone.protocolPB.OzoneManagerProtocolServerSideTranslatorPB.submitRequestDirectlyToOM(OzoneManagerProtocolServerSideTranslatorPB.java:276) ~[ozone-manager-1.3.0-SNAPSHOT.jar:?]
	at org.apache.hadoop.ozone.protocolPB.OzoneManagerProtocolServerSideTranslatorPB.processRequest(OzoneManagerProtocolServerSideTranslatorPB.java:205) ~[ozone-manager-1.3.0-SNAPSHOT.jar:?]
	at org.apache.hadoop.hdds.server.OzoneProtocolMessageDispatcher.processRequest(OzoneProtocolMessageDispatcher.java:87) [hdds-server-framework-1.3.0-SNAPSHOT.jar:?]
	at org.apache.hadoop.ozone.protocolPB.OzoneManagerProtocolServerSideTranslatorPB.submitRequest(OzoneManagerProtocolServerSideTranslatorPB.java:147) [ozone-manager-1.3.0-SNAPSHOT.jar:?]
	at org.apache.hadoop.ozone.protocol.proto.OzoneManagerProtocolProtos$OzoneManagerService$2.callBlockingMethod(OzoneManagerProtocolProtos.java) [ozone-interface-client-1.3.0-SNAPSHOT.jar:?]
	at org.apache.hadoop.ipc.ProtobufRpcEngine$Server.processCall(ProtobufRpcEngine.java:466) [hadoop-common-3.3.1.jar:?]
	at org.apache.hadoop.ipc.ProtobufRpcEngine2$Server$ProtoBufRpcInvoker.call(ProtobufRpcEngine2.java:574) [hadoop-common-3.3.1.jar:?]
	at org.apache.hadoop.ipc.ProtobufRpcEngine2$Server$ProtoBufRpcInvoker.call(ProtobufRpcEngine2.java:552) [hadoop-common-3.3.1.jar:?]
	at org.apache.hadoop.ipc.RPC$Server.call(RPC.java:1093) [hadoop-common-3.3.1.jar:?]
	at org.apache.hadoop.ipc.Server$RpcCall.run(Server.java:1035) [hadoop-common-3.3.1.jar:?]
	at org.apache.hadoop.ipc.Server$RpcCall.run(Server.java:963) [hadoop-common-3.3.1.jar:?]
	at java.security.AccessController.doPrivileged(Native Method) ~[?:1.8.0_345]
	at javax.security.auth.Subject.doAs(Subject.java:422) [?:1.8.0_345]
	at org.apache.hadoop.security.UserGroupInformation.doAs(UserGroupInformation.java:1878) [hadoop-common-3.3.1.jar:?]
	at org.apache.hadoop.ipc.Server$Handler.run(Server.java:2966) [hadoop-common-3.3.1.jar:?]
]]></system-out>
  </testcase>
  <testcase name="testRenameToParentDir" classname="TestRootedOzoneFileSystemWithFSO" time="0.066">
    <system-out><![CDATA[2022-10-06 01:03:40,442 [Time-limited test] INFO  rpc.RpcClient (RpcClient.java:createVolume(471)) - Creating Volume: volume87066, with user65653 as owner and space quota set to -1 bytes, counts quota set to -1
2022-10-06 01:03:40,444 [OM StateMachine ApplyTransaction Thread - 0] INFO  volume.OMVolumeCreateRequest (OMVolumeCreateRequest.java:validateAndUpdateCache(195)) - created volume:volume87066 for user:user65653
2022-10-06 01:03:40,445 [Time-limited test] INFO  rpc.RpcClient (RpcClient.java:createBucket(674)) - Creating Bucket: volume87066/bucket91762, with bucket layout FILE_SYSTEM_OPTIMIZED, runner as owner, Versioning false, Storage Type set to DISK and Encryption set to false 
2022-10-06 01:03:40,446 [OM StateMachine ApplyTransaction Thread - 0] INFO  bucket.OMBucketCreateRequest (OMBucketCreateRequest.java:validateAndUpdateCache(260)) - created bucket: bucket91762 of layout FILE_SYSTEM_OPTIMIZED in volume: volume87066
01:03:40.463 [IPC Server handler 4 on default port 34317] ERROR OMAudit - user=runner | ip=127.0.0.1 | op=GET_FILE_STATUS {volume=volume87066, bucket=bucket91762, key=root_dir/dir1/file2, dataSize=0, replicationConfig=null} | ret=FAILURE
org.apache.hadoop.ozone.om.exceptions.OMException: Unable to get file status: volume: volume87066 bucket: bucket91762 key: root_dir/dir1/file2
	at org.apache.hadoop.ozone.om.KeyManagerImpl.getOzoneFileStatusFSO(KeyManagerImpl.java:1389) ~[ozone-manager-1.3.0-SNAPSHOT.jar:?]
	at org.apache.hadoop.ozone.om.KeyManagerImpl.getFileStatus(KeyManagerImpl.java:1252) ~[ozone-manager-1.3.0-SNAPSHOT.jar:?]
	at org.apache.hadoop.ozone.om.OzoneManager.getFileStatus(OzoneManager.java:3507) ~[ozone-manager-1.3.0-SNAPSHOT.jar:?]
	at org.apache.hadoop.ozone.protocolPB.OzoneManagerRequestHandler.getOzoneFileStatus(OzoneManagerRequestHandler.java:882) ~[ozone-manager-1.3.0-SNAPSHOT.jar:?]
	at org.apache.hadoop.ozone.protocolPB.OzoneManagerRequestHandler.handleReadRequest(OzoneManagerRequestHandler.java:228) ~[ozone-manager-1.3.0-SNAPSHOT.jar:?]
	at org.apache.hadoop.ozone.protocolPB.OzoneManagerProtocolServerSideTranslatorPB.submitReadRequestToOM(OzoneManagerProtocolServerSideTranslatorPB.java:226) ~[ozone-manager-1.3.0-SNAPSHOT.jar:?]
	at org.apache.hadoop.ozone.protocolPB.OzoneManagerProtocolServerSideTranslatorPB.processRequest(OzoneManagerProtocolServerSideTranslatorPB.java:175) ~[ozone-manager-1.3.0-SNAPSHOT.jar:?]
	at org.apache.hadoop.hdds.server.OzoneProtocolMessageDispatcher.processRequest(OzoneProtocolMessageDispatcher.java:87) [hdds-server-framework-1.3.0-SNAPSHOT.jar:?]
	at org.apache.hadoop.ozone.protocolPB.OzoneManagerProtocolServerSideTranslatorPB.submitRequest(OzoneManagerProtocolServerSideTranslatorPB.java:147) [ozone-manager-1.3.0-SNAPSHOT.jar:?]
	at org.apache.hadoop.ozone.protocol.proto.OzoneManagerProtocolProtos$OzoneManagerService$2.callBlockingMethod(OzoneManagerProtocolProtos.java) [ozone-interface-client-1.3.0-SNAPSHOT.jar:?]
	at org.apache.hadoop.ipc.ProtobufRpcEngine$Server.processCall(ProtobufRpcEngine.java:466) [hadoop-common-3.3.1.jar:?]
	at org.apache.hadoop.ipc.ProtobufRpcEngine2$Server$ProtoBufRpcInvoker.call(ProtobufRpcEngine2.java:574) [hadoop-common-3.3.1.jar:?]
	at org.apache.hadoop.ipc.ProtobufRpcEngine2$Server$ProtoBufRpcInvoker.call(ProtobufRpcEngine2.java:552) [hadoop-common-3.3.1.jar:?]
	at org.apache.hadoop.ipc.RPC$Server.call(RPC.java:1093) [hadoop-common-3.3.1.jar:?]
	at org.apache.hadoop.ipc.Server$RpcCall.run(Server.java:1035) [hadoop-common-3.3.1.jar:?]
	at org.apache.hadoop.ipc.Server$RpcCall.run(Server.java:963) [hadoop-common-3.3.1.jar:?]
	at java.security.AccessController.doPrivileged(Native Method) ~[?:1.8.0_345]
	at javax.security.auth.Subject.doAs(Subject.java:422) [?:1.8.0_345]
	at org.apache.hadoop.security.UserGroupInformation.doAs(UserGroupInformation.java:1878) [hadoop-common-3.3.1.jar:?]
	at org.apache.hadoop.ipc.Server$Handler.run(Server.java:2966) [hadoop-common-3.3.1.jar:?]
2022-10-06 01:03:40,464 [Time-limited test] WARN  ozone.BasicRootedOzoneFileSystem (BasicRootedOzoneFileSystem.java:getFileStatus(879)) - GetFileStatus failed for path /volume87066/bucket91762/root_dir/dir1/file2
java.io.FileNotFoundException: root_dir/dir1/file2: No such file or directory!
	at org.apache.hadoop.fs.ozone.BasicRootedOzoneClientAdapterImpl.getFileStatus(BasicRootedOzoneClientAdapterImpl.java:617)
	at org.apache.hadoop.fs.ozone.BasicRootedOzoneFileSystem.getFileStatus(BasicRootedOzoneFileSystem.java:869)
	at org.apache.hadoop.fs.ozone.BasicRootedOzoneFileSystem.delete(BasicRootedOzoneFileSystem.java:574)
	at org.apache.hadoop.fs.ozone.TestRootedOzoneFileSystem.testRenameToParentDir(TestRootedOzoneFileSystem.java:1813)
	at sun.reflect.NativeMethodAccessorImpl.invoke0(Native Method)
	at sun.reflect.NativeMethodAccessorImpl.invoke(NativeMethodAccessorImpl.java:62)
	at sun.reflect.DelegatingMethodAccessorImpl.invoke(DelegatingMethodAccessorImpl.java:43)
	at java.lang.reflect.Method.invoke(Method.java:498)
	at org.junit.runners.model.FrameworkMethod$1.runReflectiveCall(FrameworkMethod.java:59)
	at org.junit.internal.runners.model.ReflectiveCallable.run(ReflectiveCallable.java:12)
	at org.junit.runners.model.FrameworkMethod.invokeExplosively(FrameworkMethod.java:56)
	at org.junit.internal.runners.statements.InvokeMethod.evaluate(InvokeMethod.java:17)
	at org.junit.internal.runners.statements.RunBefores.evaluate(RunBefores.java:26)
	at org.junit.internal.runners.statements.RunAfters.evaluate(RunAfters.java:27)
	at org.junit.internal.runners.statements.FailOnTimeout$CallableStatement.call(FailOnTimeout.java:288)
	at org.junit.internal.runners.statements.FailOnTimeout$CallableStatement.call(FailOnTimeout.java:282)
	at java.util.concurrent.FutureTask.run(FutureTask.java:266)
	at java.lang.Thread.run(Thread.java:750)
2022-10-06 01:03:40,465 [Time-limited test] WARN  ozone.BasicRootedOzoneFileSystem (BasicRootedOzoneFileSystem.java:delete(576)) - delete: Path does not exist: /volume87066/bucket91762/root_dir/dir1/file2
01:03:40.466 [IPC Server handler 16 on default port 34317] ERROR OMAudit - user=runner | ip=127.0.0.1 | op=GET_FILE_STATUS {volume=volume87066, bucket=bucket91762, key=root_dir/dir1/dir2, dataSize=0, replicationConfig=null} | ret=FAILURE
org.apache.hadoop.ozone.om.exceptions.OMException: Unable to get file status: volume: volume87066 bucket: bucket91762 key: root_dir/dir1/dir2
	at org.apache.hadoop.ozone.om.KeyManagerImpl.getOzoneFileStatusFSO(KeyManagerImpl.java:1389) ~[ozone-manager-1.3.0-SNAPSHOT.jar:?]
	at org.apache.hadoop.ozone.om.KeyManagerImpl.getFileStatus(KeyManagerImpl.java:1252) ~[ozone-manager-1.3.0-SNAPSHOT.jar:?]
	at org.apache.hadoop.ozone.om.OzoneManager.getFileStatus(OzoneManager.java:3507) ~[ozone-manager-1.3.0-SNAPSHOT.jar:?]
	at org.apache.hadoop.ozone.protocolPB.OzoneManagerRequestHandler.getOzoneFileStatus(OzoneManagerRequestHandler.java:882) ~[ozone-manager-1.3.0-SNAPSHOT.jar:?]
	at org.apache.hadoop.ozone.protocolPB.OzoneManagerRequestHandler.handleReadRequest(OzoneManagerRequestHandler.java:228) ~[ozone-manager-1.3.0-SNAPSHOT.jar:?]
	at org.apache.hadoop.ozone.protocolPB.OzoneManagerProtocolServerSideTranslatorPB.submitReadRequestToOM(OzoneManagerProtocolServerSideTranslatorPB.java:226) ~[ozone-manager-1.3.0-SNAPSHOT.jar:?]
	at org.apache.hadoop.ozone.protocolPB.OzoneManagerProtocolServerSideTranslatorPB.processRequest(OzoneManagerProtocolServerSideTranslatorPB.java:175) ~[ozone-manager-1.3.0-SNAPSHOT.jar:?]
	at org.apache.hadoop.hdds.server.OzoneProtocolMessageDispatcher.processRequest(OzoneProtocolMessageDispatcher.java:87) [hdds-server-framework-1.3.0-SNAPSHOT.jar:?]
	at org.apache.hadoop.ozone.protocolPB.OzoneManagerProtocolServerSideTranslatorPB.submitRequest(OzoneManagerProtocolServerSideTranslatorPB.java:147) [ozone-manager-1.3.0-SNAPSHOT.jar:?]
	at org.apache.hadoop.ozone.protocol.proto.OzoneManagerProtocolProtos$OzoneManagerService$2.callBlockingMethod(OzoneManagerProtocolProtos.java) [ozone-interface-client-1.3.0-SNAPSHOT.jar:?]
	at org.apache.hadoop.ipc.ProtobufRpcEngine$Server.processCall(ProtobufRpcEngine.java:466) [hadoop-common-3.3.1.jar:?]
	at org.apache.hadoop.ipc.ProtobufRpcEngine2$Server$ProtoBufRpcInvoker.call(ProtobufRpcEngine2.java:574) [hadoop-common-3.3.1.jar:?]
	at org.apache.hadoop.ipc.ProtobufRpcEngine2$Server$ProtoBufRpcInvoker.call(ProtobufRpcEngine2.java:552) [hadoop-common-3.3.1.jar:?]
	at org.apache.hadoop.ipc.RPC$Server.call(RPC.java:1093) [hadoop-common-3.3.1.jar:?]
	at org.apache.hadoop.ipc.Server$RpcCall.run(Server.java:1035) [hadoop-common-3.3.1.jar:?]
	at org.apache.hadoop.ipc.Server$RpcCall.run(Server.java:963) [hadoop-common-3.3.1.jar:?]
	at java.security.AccessController.doPrivileged(Native Method) ~[?:1.8.0_345]
	at javax.security.auth.Subject.doAs(Subject.java:422) [?:1.8.0_345]
	at org.apache.hadoop.security.UserGroupInformation.doAs(UserGroupInformation.java:1878) [hadoop-common-3.3.1.jar:?]
	at org.apache.hadoop.ipc.Server$Handler.run(Server.java:2966) [hadoop-common-3.3.1.jar:?]
2022-10-06 01:03:40,466 [Time-limited test] WARN  ozone.BasicRootedOzoneFileSystem (BasicRootedOzoneFileSystem.java:getFileStatus(879)) - GetFileStatus failed for path /volume87066/bucket91762/root_dir/dir1/dir2
java.io.FileNotFoundException: root_dir/dir1/dir2: No such file or directory!
	at org.apache.hadoop.fs.ozone.BasicRootedOzoneClientAdapterImpl.getFileStatus(BasicRootedOzoneClientAdapterImpl.java:617)
	at org.apache.hadoop.fs.ozone.BasicRootedOzoneFileSystem.getFileStatus(BasicRootedOzoneFileSystem.java:869)
	at org.apache.hadoop.fs.ozone.BasicRootedOzoneFileSystem.delete(BasicRootedOzoneFileSystem.java:574)
	at org.apache.hadoop.fs.ozone.TestRootedOzoneFileSystem.testRenameToParentDir(TestRootedOzoneFileSystem.java:1814)
	at sun.reflect.NativeMethodAccessorImpl.invoke0(Native Method)
	at sun.reflect.NativeMethodAccessorImpl.invoke(NativeMethodAccessorImpl.java:62)
	at sun.reflect.DelegatingMethodAccessorImpl.invoke(DelegatingMethodAccessorImpl.java:43)
	at java.lang.reflect.Method.invoke(Method.java:498)
	at org.junit.runners.model.FrameworkMethod$1.runReflectiveCall(FrameworkMethod.java:59)
	at org.junit.internal.runners.model.ReflectiveCallable.run(ReflectiveCallable.java:12)
	at org.junit.runners.model.FrameworkMethod.invokeExplosively(FrameworkMethod.java:56)
	at org.junit.internal.runners.statements.InvokeMethod.evaluate(InvokeMethod.java:17)
	at org.junit.internal.runners.statements.RunBefores.evaluate(RunBefores.java:26)
	at org.junit.internal.runners.statements.RunAfters.evaluate(RunAfters.java:27)
	at org.junit.internal.runners.statements.FailOnTimeout$CallableStatement.call(FailOnTimeout.java:288)
	at org.junit.internal.runners.statements.FailOnTimeout$CallableStatement.call(FailOnTimeout.java:282)
	at java.util.concurrent.FutureTask.run(FutureTask.java:266)
	at java.lang.Thread.run(Thread.java:750)
2022-10-06 01:03:40,467 [Time-limited test] WARN  ozone.BasicRootedOzoneFileSystem (BasicRootedOzoneFileSystem.java:delete(576)) - delete: Path does not exist: /volume87066/bucket91762/root_dir/dir1/dir2
]]></system-out>
  </testcase>
  <testcase name="testRenameToParentDir" classname="TestRootedOzoneFileSystemWithFSO" time="0.11">
    <system-out><![CDATA[2022-10-06 01:05:06,983 [Time-limited test] INFO  rpc.RpcClient (RpcClient.java:createVolume(471)) - Creating Volume: volume75976, with user09302 as owner and space quota set to -1 bytes, counts quota set to -1
2022-10-06 01:05:06,984 [IPC Server handler 11 on default port 44363] INFO  volume.OMVolumeCreateRequest (OMVolumeCreateRequest.java:validateAndUpdateCache(195)) - created volume:volume75976 for user:user09302
2022-10-06 01:05:06,985 [Time-limited test] INFO  rpc.RpcClient (RpcClient.java:createBucket(674)) - Creating Bucket: volume75976/bucket31280, with bucket layout FILE_SYSTEM_OPTIMIZED, runner as owner, Versioning false, Storage Type set to DISK and Encryption set to false 
2022-10-06 01:05:06,985 [IPC Server handler 13 on default port 44363] INFO  bucket.OMBucketCreateRequest (OMBucketCreateRequest.java:validateAndUpdateCache(260)) - created bucket: bucket31280 of layout FILE_SYSTEM_OPTIMIZED in volume: volume75976
01:05:06.997 [IPC Server handler 0 on default port 44363] ERROR OMAudit - user=runner | ip=127.0.0.1 | op=GET_FILE_STATUS {volume=volume75976, bucket=bucket31280, key=root_dir/dir1/file2, dataSize=0, replicationConfig=null} | ret=FAILURE
org.apache.hadoop.ozone.om.exceptions.OMException: Unable to get file status: volume: volume75976 bucket: bucket31280 key: root_dir/dir1/file2
	at org.apache.hadoop.ozone.om.KeyManagerImpl.getOzoneFileStatusFSO(KeyManagerImpl.java:1389) ~[ozone-manager-1.3.0-SNAPSHOT.jar:?]
	at org.apache.hadoop.ozone.om.KeyManagerImpl.getFileStatus(KeyManagerImpl.java:1252) ~[ozone-manager-1.3.0-SNAPSHOT.jar:?]
	at org.apache.hadoop.ozone.om.OzoneManager.getFileStatus(OzoneManager.java:3507) ~[ozone-manager-1.3.0-SNAPSHOT.jar:?]
	at org.apache.hadoop.ozone.protocolPB.OzoneManagerRequestHandler.getOzoneFileStatus(OzoneManagerRequestHandler.java:882) ~[ozone-manager-1.3.0-SNAPSHOT.jar:?]
	at org.apache.hadoop.ozone.protocolPB.OzoneManagerRequestHandler.handleReadRequest(OzoneManagerRequestHandler.java:228) ~[ozone-manager-1.3.0-SNAPSHOT.jar:?]
	at org.apache.hadoop.ozone.protocolPB.OzoneManagerProtocolServerSideTranslatorPB.submitRequestDirectlyToOM(OzoneManagerProtocolServerSideTranslatorPB.java:276) ~[ozone-manager-1.3.0-SNAPSHOT.jar:?]
	at org.apache.hadoop.ozone.protocolPB.OzoneManagerProtocolServerSideTranslatorPB.processRequest(OzoneManagerProtocolServerSideTranslatorPB.java:205) ~[ozone-manager-1.3.0-SNAPSHOT.jar:?]
	at org.apache.hadoop.hdds.server.OzoneProtocolMessageDispatcher.processRequest(OzoneProtocolMessageDispatcher.java:87) [hdds-server-framework-1.3.0-SNAPSHOT.jar:?]
	at org.apache.hadoop.ozone.protocolPB.OzoneManagerProtocolServerSideTranslatorPB.submitRequest(OzoneManagerProtocolServerSideTranslatorPB.java:147) [ozone-manager-1.3.0-SNAPSHOT.jar:?]
	at org.apache.hadoop.ozone.protocol.proto.OzoneManagerProtocolProtos$OzoneManagerService$2.callBlockingMethod(OzoneManagerProtocolProtos.java) [ozone-interface-client-1.3.0-SNAPSHOT.jar:?]
	at org.apache.hadoop.ipc.ProtobufRpcEngine$Server.processCall(ProtobufRpcEngine.java:466) [hadoop-common-3.3.1.jar:?]
	at org.apache.hadoop.ipc.ProtobufRpcEngine2$Server$ProtoBufRpcInvoker.call(ProtobufRpcEngine2.java:574) [hadoop-common-3.3.1.jar:?]
	at org.apache.hadoop.ipc.ProtobufRpcEngine2$Server$ProtoBufRpcInvoker.call(ProtobufRpcEngine2.java:552) [hadoop-common-3.3.1.jar:?]
	at org.apache.hadoop.ipc.RPC$Server.call(RPC.java:1093) [hadoop-common-3.3.1.jar:?]
	at org.apache.hadoop.ipc.Server$RpcCall.run(Server.java:1035) [hadoop-common-3.3.1.jar:?]
	at org.apache.hadoop.ipc.Server$RpcCall.run(Server.java:963) [hadoop-common-3.3.1.jar:?]
	at java.security.AccessController.doPrivileged(Native Method) ~[?:1.8.0_345]
	at javax.security.auth.Subject.doAs(Subject.java:422) [?:1.8.0_345]
	at org.apache.hadoop.security.UserGroupInformation.doAs(UserGroupInformation.java:1878) [hadoop-common-3.3.1.jar:?]
	at org.apache.hadoop.ipc.Server$Handler.run(Server.java:2966) [hadoop-common-3.3.1.jar:?]
2022-10-06 01:05:06,997 [Time-limited test] WARN  ozone.BasicRootedOzoneFileSystem (BasicRootedOzoneFileSystem.java:getFileStatus(879)) - GetFileStatus failed for path /volume75976/bucket31280/root_dir/dir1/file2
java.io.FileNotFoundException: root_dir/dir1/file2: No such file or directory!
	at org.apache.hadoop.fs.ozone.BasicRootedOzoneClientAdapterImpl.getFileStatus(BasicRootedOzoneClientAdapterImpl.java:617)
	at org.apache.hadoop.fs.ozone.BasicRootedOzoneFileSystem.getFileStatus(BasicRootedOzoneFileSystem.java:869)
	at org.apache.hadoop.fs.ozone.BasicRootedOzoneFileSystem.delete(BasicRootedOzoneFileSystem.java:574)
	at org.apache.hadoop.fs.ozone.TestRootedOzoneFileSystem.testRenameToParentDir(TestRootedOzoneFileSystem.java:1813)
	at sun.reflect.NativeMethodAccessorImpl.invoke0(Native Method)
	at sun.reflect.NativeMethodAccessorImpl.invoke(NativeMethodAccessorImpl.java:62)
	at sun.reflect.DelegatingMethodAccessorImpl.invoke(DelegatingMethodAccessorImpl.java:43)
	at java.lang.reflect.Method.invoke(Method.java:498)
	at org.junit.runners.model.FrameworkMethod$1.runReflectiveCall(FrameworkMethod.java:59)
	at org.junit.internal.runners.model.ReflectiveCallable.run(ReflectiveCallable.java:12)
	at org.junit.runners.model.FrameworkMethod.invokeExplosively(FrameworkMethod.java:56)
	at org.junit.internal.runners.statements.InvokeMethod.evaluate(InvokeMethod.java:17)
	at org.junit.internal.runners.statements.RunBefores.evaluate(RunBefores.java:26)
	at org.junit.internal.runners.statements.RunAfters.evaluate(RunAfters.java:27)
	at org.junit.internal.runners.statements.FailOnTimeout$CallableStatement.call(FailOnTimeout.java:288)
	at org.junit.internal.runners.statements.FailOnTimeout$CallableStatement.call(FailOnTimeout.java:282)
	at java.util.concurrent.FutureTask.run(FutureTask.java:266)
	at java.lang.Thread.run(Thread.java:750)
2022-10-06 01:05:06,997 [Time-limited test] WARN  ozone.BasicRootedOzoneFileSystem (BasicRootedOzoneFileSystem.java:delete(576)) - delete: Path does not exist: /volume75976/bucket31280/root_dir/dir1/file2
01:05:06.998 [IPC Server handler 11 on default port 44363] ERROR OMAudit - user=runner | ip=127.0.0.1 | op=GET_FILE_STATUS {volume=volume75976, bucket=bucket31280, key=root_dir/dir1/dir2, dataSize=0, replicationConfig=null} | ret=FAILURE
org.apache.hadoop.ozone.om.exceptions.OMException: Unable to get file status: volume: volume75976 bucket: bucket31280 key: root_dir/dir1/dir2
	at org.apache.hadoop.ozone.om.KeyManagerImpl.getOzoneFileStatusFSO(KeyManagerImpl.java:1389) ~[ozone-manager-1.3.0-SNAPSHOT.jar:?]
	at org.apache.hadoop.ozone.om.KeyManagerImpl.getFileStatus(KeyManagerImpl.java:1252) ~[ozone-manager-1.3.0-SNAPSHOT.jar:?]
	at org.apache.hadoop.ozone.om.OzoneManager.getFileStatus(OzoneManager.java:3507) ~[ozone-manager-1.3.0-SNAPSHOT.jar:?]
	at org.apache.hadoop.ozone.protocolPB.OzoneManagerRequestHandler.getOzoneFileStatus(OzoneManagerRequestHandler.java:882) ~[ozone-manager-1.3.0-SNAPSHOT.jar:?]
	at org.apache.hadoop.ozone.protocolPB.OzoneManagerRequestHandler.handleReadRequest(OzoneManagerRequestHandler.java:228) ~[ozone-manager-1.3.0-SNAPSHOT.jar:?]
	at org.apache.hadoop.ozone.protocolPB.OzoneManagerProtocolServerSideTranslatorPB.submitRequestDirectlyToOM(OzoneManagerProtocolServerSideTranslatorPB.java:276) ~[ozone-manager-1.3.0-SNAPSHOT.jar:?]
	at org.apache.hadoop.ozone.protocolPB.OzoneManagerProtocolServerSideTranslatorPB.processRequest(OzoneManagerProtocolServerSideTranslatorPB.java:205) ~[ozone-manager-1.3.0-SNAPSHOT.jar:?]
	at org.apache.hadoop.hdds.server.OzoneProtocolMessageDispatcher.processRequest(OzoneProtocolMessageDispatcher.java:87) [hdds-server-framework-1.3.0-SNAPSHOT.jar:?]
	at org.apache.hadoop.ozone.protocolPB.OzoneManagerProtocolServerSideTranslatorPB.submitRequest(OzoneManagerProtocolServerSideTranslatorPB.java:147) [ozone-manager-1.3.0-SNAPSHOT.jar:?]
	at org.apache.hadoop.ozone.protocol.proto.OzoneManagerProtocolProtos$OzoneManagerService$2.callBlockingMethod(OzoneManagerProtocolProtos.java) [ozone-interface-client-1.3.0-SNAPSHOT.jar:?]
	at org.apache.hadoop.ipc.ProtobufRpcEngine$Server.processCall(ProtobufRpcEngine.java:466) [hadoop-common-3.3.1.jar:?]
	at org.apache.hadoop.ipc.ProtobufRpcEngine2$Server$ProtoBufRpcInvoker.call(ProtobufRpcEngine2.java:574) [hadoop-common-3.3.1.jar:?]
	at org.apache.hadoop.ipc.ProtobufRpcEngine2$Server$ProtoBufRpcInvoker.call(ProtobufRpcEngine2.java:552) [hadoop-common-3.3.1.jar:?]
	at org.apache.hadoop.ipc.RPC$Server.call(RPC.java:1093) [hadoop-common-3.3.1.jar:?]
	at org.apache.hadoop.ipc.Server$RpcCall.run(Server.java:1035) [hadoop-common-3.3.1.jar:?]
	at org.apache.hadoop.ipc.Server$RpcCall.run(Server.java:963) [hadoop-common-3.3.1.jar:?]
	at java.security.AccessController.doPrivileged(Native Method) ~[?:1.8.0_345]
	at javax.security.auth.Subject.doAs(Subject.java:422) [?:1.8.0_345]
	at org.apache.hadoop.security.UserGroupInformation.doAs(UserGroupInformation.java:1878) [hadoop-common-3.3.1.jar:?]
	at org.apache.hadoop.ipc.Server$Handler.run(Server.java:2966) [hadoop-common-3.3.1.jar:?]
2022-10-06 01:05:06,998 [Time-limited test] WARN  ozone.BasicRootedOzoneFileSystem (BasicRootedOzoneFileSystem.java:getFileStatus(879)) - GetFileStatus failed for path /volume75976/bucket31280/root_dir/dir1/dir2
java.io.FileNotFoundException: root_dir/dir1/dir2: No such file or directory!
	at org.apache.hadoop.fs.ozone.BasicRootedOzoneClientAdapterImpl.getFileStatus(BasicRootedOzoneClientAdapterImpl.java:617)
	at org.apache.hadoop.fs.ozone.BasicRootedOzoneFileSystem.getFileStatus(BasicRootedOzoneFileSystem.java:869)
	at org.apache.hadoop.fs.ozone.BasicRootedOzoneFileSystem.delete(BasicRootedOzoneFileSystem.java:574)
	at org.apache.hadoop.fs.ozone.TestRootedOzoneFileSystem.testRenameToParentDir(TestRootedOzoneFileSystem.java:1814)
	at sun.reflect.NativeMethodAccessorImpl.invoke0(Native Method)
	at sun.reflect.NativeMethodAccessorImpl.invoke(NativeMethodAccessorImpl.java:62)
	at sun.reflect.DelegatingMethodAccessorImpl.invoke(DelegatingMethodAccessorImpl.java:43)
	at java.lang.reflect.Method.invoke(Method.java:498)
	at org.junit.runners.model.FrameworkMethod$1.runReflectiveCall(FrameworkMethod.java:59)
	at org.junit.internal.runners.model.ReflectiveCallable.run(ReflectiveCallable.java:12)
	at org.junit.runners.model.FrameworkMethod.invokeExplosively(FrameworkMethod.java:56)
	at org.junit.internal.runners.statements.InvokeMethod.evaluate(InvokeMethod.java:17)
	at org.junit.internal.runners.statements.RunBefores.evaluate(RunBefores.java:26)
	at org.junit.internal.runners.statements.RunAfters.evaluate(RunAfters.java:27)
	at org.junit.internal.runners.statements.FailOnTimeout$CallableStatement.call(FailOnTimeout.java:288)
	at org.junit.internal.runners.statements.FailOnTimeout$CallableStatement.call(FailOnTimeout.java:282)
	at java.util.concurrent.FutureTask.run(FutureTask.java:266)
	at java.lang.Thread.run(Thread.java:750)
2022-10-06 01:05:06,998 [Time-limited test] WARN  ozone.BasicRootedOzoneFileSystem (BasicRootedOzoneFileSystem.java:delete(576)) - delete: Path does not exist: /volume75976/bucket31280/root_dir/dir1/dir2
]]></system-out>
  </testcase>
  <testcase name="testMkdirNonExistentVolumeBucket" classname="TestRootedOzoneFileSystemWithFSO" time="0.074">
    <system-out><![CDATA[2022-10-06 01:03:40,526 [Time-limited test] INFO  rpc.RpcClient (RpcClient.java:createVolume(471)) - Creating Volume: volume78426, with user83171 as owner and space quota set to -1 bytes, counts quota set to -1
2022-10-06 01:03:40,528 [OM StateMachine ApplyTransaction Thread - 0] INFO  volume.OMVolumeCreateRequest (OMVolumeCreateRequest.java:validateAndUpdateCache(195)) - created volume:volume78426 for user:user83171
2022-10-06 01:03:40,530 [Time-limited test] INFO  rpc.RpcClient (RpcClient.java:createBucket(674)) - Creating Bucket: volume78426/bucket21982, with bucket layout FILE_SYSTEM_OPTIMIZED, runner as owner, Versioning false, Storage Type set to DISK and Encryption set to false 
2022-10-06 01:03:40,531 [OM StateMachine ApplyTransaction Thread - 0] INFO  bucket.OMBucketCreateRequest (OMBucketCreateRequest.java:validateAndUpdateCache(260)) - created bucket: bucket21982 of layout FILE_SYSTEM_OPTIMIZED in volume: volume78426
01:03:40.533 [IPC Server handler 12 on default port 34317] ERROR OMAudit - user=runner | ip=127.0.0.1 | op=READ_BUCKET {volume=volume-05599, bucket=bucket-11131} | ret=FAILURE
org.apache.hadoop.ozone.om.exceptions.OMException: Volume not found when getting bucket info
	at org.apache.hadoop.ozone.om.BucketManagerImpl.getBucketInfo(BucketManagerImpl.java:127) ~[ozone-manager-1.3.0-SNAPSHOT.jar:?]
	at org.apache.hadoop.ozone.om.OzoneManager.getBucketInfo(OzoneManager.java:2792) ~[ozone-manager-1.3.0-SNAPSHOT.jar:?]
	at org.apache.hadoop.ozone.protocolPB.OzoneManagerRequestHandler.infoBucket(OzoneManagerRequestHandler.java:475) ~[ozone-manager-1.3.0-SNAPSHOT.jar:?]
	at org.apache.hadoop.ozone.protocolPB.OzoneManagerRequestHandler.handleReadRequest(OzoneManagerRequestHandler.java:178) ~[ozone-manager-1.3.0-SNAPSHOT.jar:?]
	at org.apache.hadoop.ozone.protocolPB.OzoneManagerProtocolServerSideTranslatorPB.submitReadRequestToOM(OzoneManagerProtocolServerSideTranslatorPB.java:226) ~[ozone-manager-1.3.0-SNAPSHOT.jar:?]
	at org.apache.hadoop.ozone.protocolPB.OzoneManagerProtocolServerSideTranslatorPB.processRequest(OzoneManagerProtocolServerSideTranslatorPB.java:175) ~[ozone-manager-1.3.0-SNAPSHOT.jar:?]
	at org.apache.hadoop.hdds.server.OzoneProtocolMessageDispatcher.processRequest(OzoneProtocolMessageDispatcher.java:87) [hdds-server-framework-1.3.0-SNAPSHOT.jar:?]
	at org.apache.hadoop.ozone.protocolPB.OzoneManagerProtocolServerSideTranslatorPB.submitRequest(OzoneManagerProtocolServerSideTranslatorPB.java:147) [ozone-manager-1.3.0-SNAPSHOT.jar:?]
	at org.apache.hadoop.ozone.protocol.proto.OzoneManagerProtocolProtos$OzoneManagerService$2.callBlockingMethod(OzoneManagerProtocolProtos.java) [ozone-interface-client-1.3.0-SNAPSHOT.jar:?]
	at org.apache.hadoop.ipc.ProtobufRpcEngine$Server.processCall(ProtobufRpcEngine.java:466) [hadoop-common-3.3.1.jar:?]
	at org.apache.hadoop.ipc.ProtobufRpcEngine2$Server$ProtoBufRpcInvoker.call(ProtobufRpcEngine2.java:574) [hadoop-common-3.3.1.jar:?]
	at org.apache.hadoop.ipc.ProtobufRpcEngine2$Server$ProtoBufRpcInvoker.call(ProtobufRpcEngine2.java:552) [hadoop-common-3.3.1.jar:?]
	at org.apache.hadoop.ipc.RPC$Server.call(RPC.java:1093) [hadoop-common-3.3.1.jar:?]
	at org.apache.hadoop.ipc.Server$RpcCall.run(Server.java:1035) [hadoop-common-3.3.1.jar:?]
	at org.apache.hadoop.ipc.Server$RpcCall.run(Server.java:963) [hadoop-common-3.3.1.jar:?]
	at java.security.AccessController.doPrivileged(Native Method) ~[?:1.8.0_345]
	at javax.security.auth.Subject.doAs(Subject.java:422) [?:1.8.0_345]
	at org.apache.hadoop.security.UserGroupInformation.doAs(UserGroupInformation.java:1878) [hadoop-common-3.3.1.jar:?]
	at org.apache.hadoop.ipc.Server$Handler.run(Server.java:2966) [hadoop-common-3.3.1.jar:?]
2022-10-06 01:03:40,534 [Time-limited test] INFO  rpc.RpcClient (RpcClient.java:createVolume(471)) - Creating Volume: volume-05599, with runner as owner and space quota set to -1 bytes, counts quota set to -1
2022-10-06 01:03:40,537 [OM StateMachine ApplyTransaction Thread - 0] INFO  volume.OMVolumeCreateRequest (OMVolumeCreateRequest.java:validateAndUpdateCache(195)) - created volume:volume-05599 for user:runner
2022-10-06 01:03:40,538 [Time-limited test] INFO  rpc.RpcClient (RpcClient.java:createBucket(674)) - Creating Bucket: volume-05599/bucket-11131, with bucket layout FILE_SYSTEM_OPTIMIZED, runner as owner, Versioning false, Storage Type set to DISK and Encryption set to false 
2022-10-06 01:03:40,539 [OM StateMachine ApplyTransaction Thread - 0] INFO  bucket.OMBucketCreateRequest (OMBucketCreateRequest.java:validateAndUpdateCache(260)) - created bucket: bucket-11131 of layout FILE_SYSTEM_OPTIMIZED in volume: volume-05599
]]></system-out>
  </testcase>
  <testcase name="testMkdirNonExistentVolumeBucket" classname="TestRootedOzoneFileSystemWithFSO" time="0.109">
    <system-out><![CDATA[2022-10-06 01:05:07,087 [Time-limited test] INFO  rpc.RpcClient (RpcClient.java:createVolume(471)) - Creating Volume: volume79641, with user63662 as owner and space quota set to -1 bytes, counts quota set to -1
2022-10-06 01:05:07,088 [IPC Server handler 17 on default port 44363] INFO  volume.OMVolumeCreateRequest (OMVolumeCreateRequest.java:validateAndUpdateCache(195)) - created volume:volume79641 for user:user63662
2022-10-06 01:05:07,098 [Time-limited test] INFO  rpc.RpcClient (RpcClient.java:createBucket(674)) - Creating Bucket: volume79641/bucket39050, with bucket layout FILE_SYSTEM_OPTIMIZED, runner as owner, Versioning false, Storage Type set to DISK and Encryption set to false 
2022-10-06 01:05:07,098 [IPC Server handler 9 on default port 44363] INFO  bucket.OMBucketCreateRequest (OMBucketCreateRequest.java:validateAndUpdateCache(260)) - created bucket: bucket39050 of layout FILE_SYSTEM_OPTIMIZED in volume: volume79641
01:05:07.107 [IPC Server handler 18 on default port 44363] ERROR OMAudit - user=runner | ip=127.0.0.1 | op=READ_BUCKET {volume=volume-52568, bucket=bucket-40272} | ret=FAILURE
org.apache.hadoop.ozone.om.exceptions.OMException: Volume not found when getting bucket info
	at org.apache.hadoop.ozone.om.BucketManagerImpl.getBucketInfo(BucketManagerImpl.java:127) ~[ozone-manager-1.3.0-SNAPSHOT.jar:?]
	at org.apache.hadoop.ozone.om.OzoneManager.getBucketInfo(OzoneManager.java:2792) ~[ozone-manager-1.3.0-SNAPSHOT.jar:?]
	at org.apache.hadoop.ozone.protocolPB.OzoneManagerRequestHandler.infoBucket(OzoneManagerRequestHandler.java:475) ~[ozone-manager-1.3.0-SNAPSHOT.jar:?]
	at org.apache.hadoop.ozone.protocolPB.OzoneManagerRequestHandler.handleReadRequest(OzoneManagerRequestHandler.java:178) ~[ozone-manager-1.3.0-SNAPSHOT.jar:?]
	at org.apache.hadoop.ozone.protocolPB.OzoneManagerProtocolServerSideTranslatorPB.submitRequestDirectlyToOM(OzoneManagerProtocolServerSideTranslatorPB.java:276) ~[ozone-manager-1.3.0-SNAPSHOT.jar:?]
	at org.apache.hadoop.ozone.protocolPB.OzoneManagerProtocolServerSideTranslatorPB.processRequest(OzoneManagerProtocolServerSideTranslatorPB.java:205) ~[ozone-manager-1.3.0-SNAPSHOT.jar:?]
	at org.apache.hadoop.hdds.server.OzoneProtocolMessageDispatcher.processRequest(OzoneProtocolMessageDispatcher.java:87) [hdds-server-framework-1.3.0-SNAPSHOT.jar:?]
	at org.apache.hadoop.ozone.protocolPB.OzoneManagerProtocolServerSideTranslatorPB.submitRequest(OzoneManagerProtocolServerSideTranslatorPB.java:147) [ozone-manager-1.3.0-SNAPSHOT.jar:?]
	at org.apache.hadoop.ozone.protocol.proto.OzoneManagerProtocolProtos$OzoneManagerService$2.callBlockingMethod(OzoneManagerProtocolProtos.java) [ozone-interface-client-1.3.0-SNAPSHOT.jar:?]
	at org.apache.hadoop.ipc.ProtobufRpcEngine$Server.processCall(ProtobufRpcEngine.java:466) [hadoop-common-3.3.1.jar:?]
	at org.apache.hadoop.ipc.ProtobufRpcEngine2$Server$ProtoBufRpcInvoker.call(ProtobufRpcEngine2.java:574) [hadoop-common-3.3.1.jar:?]
	at org.apache.hadoop.ipc.ProtobufRpcEngine2$Server$ProtoBufRpcInvoker.call(ProtobufRpcEngine2.java:552) [hadoop-common-3.3.1.jar:?]
	at org.apache.hadoop.ipc.RPC$Server.call(RPC.java:1093) [hadoop-common-3.3.1.jar:?]
	at org.apache.hadoop.ipc.Server$RpcCall.run(Server.java:1035) [hadoop-common-3.3.1.jar:?]
	at org.apache.hadoop.ipc.Server$RpcCall.run(Server.java:963) [hadoop-common-3.3.1.jar:?]
	at java.security.AccessController.doPrivileged(Native Method) ~[?:1.8.0_345]
	at javax.security.auth.Subject.doAs(Subject.java:422) [?:1.8.0_345]
	at org.apache.hadoop.security.UserGroupInformation.doAs(UserGroupInformation.java:1878) [hadoop-common-3.3.1.jar:?]
	at org.apache.hadoop.ipc.Server$Handler.run(Server.java:2966) [hadoop-common-3.3.1.jar:?]
2022-10-06 01:05:07,107 [Time-limited test] INFO  rpc.RpcClient (RpcClient.java:createVolume(471)) - Creating Volume: volume-52568, with runner as owner and space quota set to -1 bytes, counts quota set to -1
2022-10-06 01:05:07,108 [IPC Server handler 8 on default port 44363] INFO  volume.OMVolumeCreateRequest (OMVolumeCreateRequest.java:validateAndUpdateCache(195)) - created volume:volume-52568 for user:runner
2022-10-06 01:05:07,108 [Time-limited test] INFO  rpc.RpcClient (RpcClient.java:createBucket(674)) - Creating Bucket: volume-52568/bucket-40272, with bucket layout FILE_SYSTEM_OPTIMIZED, runner as owner, Versioning false, Storage Type set to DISK and Encryption set to false 
2022-10-06 01:05:07,109 [IPC Server handler 6 on default port 44363] INFO  bucket.OMBucketCreateRequest (OMBucketCreateRequest.java:validateAndUpdateCache(260)) - created bucket: bucket-40272 of layout FILE_SYSTEM_OPTIMIZED in volume: volume-52568
]]></system-out>
  </testcase>
  <testcase name="testFailToDeleteRoot" classname="TestRootedOzoneFileSystemWithFSO" time="0.044">
    <system-out><![CDATA[2022-10-06 01:03:40,578 [Time-limited test] INFO  rpc.RpcClient (RpcClient.java:createVolume(471)) - Creating Volume: volume76530, with user89067 as owner and space quota set to -1 bytes, counts quota set to -1
2022-10-06 01:03:40,580 [OM StateMachine ApplyTransaction Thread - 0] INFO  volume.OMVolumeCreateRequest (OMVolumeCreateRequest.java:validateAndUpdateCache(195)) - created volume:volume76530 for user:user89067
2022-10-06 01:03:40,582 [Time-limited test] INFO  rpc.RpcClient (RpcClient.java:createBucket(674)) - Creating Bucket: volume76530/bucket84399, with bucket layout FILE_SYSTEM_OPTIMIZED, runner as owner, Versioning false, Storage Type set to DISK and Encryption set to false 
2022-10-06 01:03:40,583 [OM StateMachine ApplyTransaction Thread - 0] INFO  bucket.OMBucketCreateRequest (OMBucketCreateRequest.java:validateAndUpdateCache(260)) - created bucket: bucket84399 of layout FILE_SYSTEM_OPTIMIZED in volume: volume76530
2022-10-06 01:03:40,584 [Time-limited test] WARN  ozone.BasicRootedOzoneFileSystem (BasicRootedOzoneFileSystem.java:delete(591)) - delete: OFS does not support rm root. To wipe the cluster, please re-init OM instead.
2022-10-06 01:03:40,584 [Time-limited test] WARN  ozone.BasicRootedOzoneFileSystem (BasicRootedOzoneFileSystem.java:delete(591)) - delete: OFS does not support rm root. To wipe the cluster, please re-init OM instead.
]]></system-out>
  </testcase>
  <testcase name="testFailToDeleteRoot" classname="TestRootedOzoneFileSystemWithFSO" time="0.08">
    <system-out><![CDATA[2022-10-06 01:05:07,188 [Time-limited test] INFO  rpc.RpcClient (RpcClient.java:createVolume(471)) - Creating Volume: volume27230, with user97538 as owner and space quota set to -1 bytes, counts quota set to -1
2022-10-06 01:05:07,189 [IPC Server handler 2 on default port 44363] INFO  volume.OMVolumeCreateRequest (OMVolumeCreateRequest.java:validateAndUpdateCache(195)) - created volume:volume27230 for user:user97538
2022-10-06 01:05:07,190 [Time-limited test] INFO  rpc.RpcClient (RpcClient.java:createBucket(674)) - Creating Bucket: volume27230/bucket17847, with bucket layout FILE_SYSTEM_OPTIMIZED, runner as owner, Versioning false, Storage Type set to DISK and Encryption set to false 
2022-10-06 01:05:07,190 [IPC Server handler 0 on default port 44363] INFO  bucket.OMBucketCreateRequest (OMBucketCreateRequest.java:validateAndUpdateCache(260)) - created bucket: bucket17847 of layout FILE_SYSTEM_OPTIMIZED in volume: volume27230
2022-10-06 01:05:07,191 [Time-limited test] WARN  ozone.BasicRootedOzoneFileSystem (BasicRootedOzoneFileSystem.java:delete(591)) - delete: OFS does not support rm root. To wipe the cluster, please re-init OM instead.
2022-10-06 01:05:07,191 [Time-limited test] WARN  ozone.BasicRootedOzoneFileSystem (BasicRootedOzoneFileSystem.java:delete(591)) - delete: OFS does not support rm root. To wipe the cluster, please re-init OM instead.
]]></system-out>
  </testcase>
  <testcase name="testListStatusOnSubDirs" classname="TestRootedOzoneFileSystemWithFSO" time="0.055">
    <system-out><![CDATA[2022-10-06 01:03:40,620 [Time-limited test] INFO  rpc.RpcClient (RpcClient.java:createVolume(471)) - Creating Volume: volume08416, with user52140 as owner and space quota set to -1 bytes, counts quota set to -1
2022-10-06 01:03:40,621 [OM StateMachine ApplyTransaction Thread - 0] INFO  volume.OMVolumeCreateRequest (OMVolumeCreateRequest.java:validateAndUpdateCache(195)) - created volume:volume08416 for user:user52140
2022-10-06 01:03:40,623 [Time-limited test] INFO  rpc.RpcClient (RpcClient.java:createBucket(674)) - Creating Bucket: volume08416/bucket59703, with bucket layout FILE_SYSTEM_OPTIMIZED, runner as owner, Versioning false, Storage Type set to DISK and Encryption set to false 
2022-10-06 01:03:40,624 [OM StateMachine ApplyTransaction Thread - 0] INFO  bucket.OMBucketCreateRequest (OMBucketCreateRequest.java:validateAndUpdateCache(260)) - created bucket: bucket59703 of layout FILE_SYSTEM_OPTIMIZED in volume: volume08416
]]></system-out>
  </testcase>
  <testcase name="testListStatusOnSubDirs" classname="TestRootedOzoneFileSystemWithFSO" time="0.121">
    <system-out><![CDATA[2022-10-06 01:05:07,292 [Time-limited test] INFO  rpc.RpcClient (RpcClient.java:createVolume(471)) - Creating Volume: volume34746, with user27457 as owner and space quota set to -1 bytes, counts quota set to -1
2022-10-06 01:05:07,293 [IPC Server handler 0 on default port 44363] INFO  volume.OMVolumeCreateRequest (OMVolumeCreateRequest.java:validateAndUpdateCache(195)) - created volume:volume34746 for user:user27457
2022-10-06 01:05:07,295 [Time-limited test] INFO  rpc.RpcClient (RpcClient.java:createBucket(674)) - Creating Bucket: volume34746/bucket04807, with bucket layout FILE_SYSTEM_OPTIMIZED, runner as owner, Versioning false, Storage Type set to DISK and Encryption set to false 
2022-10-06 01:05:07,295 [IPC Server handler 11 on default port 44363] INFO  bucket.OMBucketCreateRequest (OMBucketCreateRequest.java:validateAndUpdateCache(260)) - created bucket: bucket04807 of layout FILE_SYSTEM_OPTIMIZED in volume: volume34746
]]></system-out>
  </testcase>
  <testcase name="testListStatus" classname="TestRootedOzoneFileSystemWithFSO" time="0.07">
    <system-out><![CDATA[2022-10-06 01:03:40,678 [Time-limited test] INFO  rpc.RpcClient (RpcClient.java:createVolume(471)) - Creating Volume: volume26163, with user98452 as owner and space quota set to -1 bytes, counts quota set to -1
2022-10-06 01:03:40,680 [OM StateMachine ApplyTransaction Thread - 0] INFO  volume.OMVolumeCreateRequest (OMVolumeCreateRequest.java:validateAndUpdateCache(195)) - created volume:volume26163 for user:user98452
2022-10-06 01:03:40,681 [Time-limited test] INFO  rpc.RpcClient (RpcClient.java:createBucket(674)) - Creating Bucket: volume26163/bucket04674, with bucket layout FILE_SYSTEM_OPTIMIZED, runner as owner, Versioning false, Storage Type set to DISK and Encryption set to false 
2022-10-06 01:03:40,683 [OM StateMachine ApplyTransaction Thread - 0] INFO  bucket.OMBucketCreateRequest (OMBucketCreateRequest.java:validateAndUpdateCache(260)) - created bucket: bucket04674 of layout FILE_SYSTEM_OPTIMIZED in volume: volume26163
]]></system-out>
  </testcase>
  <testcase name="testListStatus" classname="TestRootedOzoneFileSystemWithFSO" time="0.148">
    <system-out><![CDATA[2022-10-06 01:05:07,419 [Time-limited test] INFO  rpc.RpcClient (RpcClient.java:createVolume(471)) - Creating Volume: volume93672, with user72429 as owner and space quota set to -1 bytes, counts quota set to -1
2022-10-06 01:05:07,422 [IPC Server handler 3 on default port 44363] INFO  volume.OMVolumeCreateRequest (OMVolumeCreateRequest.java:validateAndUpdateCache(195)) - created volume:volume93672 for user:user72429
2022-10-06 01:05:07,427 [Time-limited test] INFO  rpc.RpcClient (RpcClient.java:createBucket(674)) - Creating Bucket: volume93672/bucket25207, with bucket layout FILE_SYSTEM_OPTIMIZED, runner as owner, Versioning false, Storage Type set to DISK and Encryption set to false 
2022-10-06 01:05:07,428 [IPC Server handler 14 on default port 44363] INFO  bucket.OMBucketCreateRequest (OMBucketCreateRequest.java:validateAndUpdateCache(260)) - created bucket: bucket25207 of layout FILE_SYSTEM_OPTIMIZED in volume: volume93672
]]></system-out>
  </testcase>
  <testcase name="testGetTrashRoots" classname="TestRootedOzoneFileSystemWithFSO" time="0.663">
    <system-out><![CDATA[2022-10-06 01:03:40,760 [Time-limited test] INFO  rpc.RpcClient (RpcClient.java:createVolume(471)) - Creating Volume: volume52277, with user64362 as owner and space quota set to -1 bytes, counts quota set to -1
2022-10-06 01:03:40,763 [OM StateMachine ApplyTransaction Thread - 0] INFO  volume.OMVolumeCreateRequest (OMVolumeCreateRequest.java:validateAndUpdateCache(195)) - created volume:volume52277 for user:user64362
2022-10-06 01:03:40,765 [Time-limited test] INFO  rpc.RpcClient (RpcClient.java:createBucket(674)) - Creating Bucket: volume52277/bucket51437, with bucket layout FILE_SYSTEM_OPTIMIZED, runner as owner, Versioning false, Storage Type set to DISK and Encryption set to false 
2022-10-06 01:03:40,766 [OM StateMachine ApplyTransaction Thread - 0] INFO  bucket.OMBucketCreateRequest (OMBucketCreateRequest.java:validateAndUpdateCache(260)) - created bucket: bucket51437 of layout FILE_SYSTEM_OPTIMIZED in volume: volume52277
01:03:40.777 [IPC Server handler 9 on default port 34317] ERROR OMAudit - user=runner | ip=127.0.0.1 | op=GET_FILE_STATUS {volume=volume-47606, bucket=bucket-57938, key=.Trash/runner, dataSize=0, replicationConfig=null} | ret=FAILURE
org.apache.hadoop.ozone.om.exceptions.OMException: Unable to get file status: volume: volume-47606 bucket: bucket-57938 key: .Trash/runner
	at org.apache.hadoop.ozone.om.KeyManagerImpl.getOzoneFileStatusFSO(KeyManagerImpl.java:1389) ~[ozone-manager-1.3.0-SNAPSHOT.jar:?]
	at org.apache.hadoop.ozone.om.KeyManagerImpl.getFileStatus(KeyManagerImpl.java:1252) ~[ozone-manager-1.3.0-SNAPSHOT.jar:?]
	at org.apache.hadoop.ozone.om.OzoneManager.getFileStatus(OzoneManager.java:3507) ~[ozone-manager-1.3.0-SNAPSHOT.jar:?]
	at org.apache.hadoop.ozone.protocolPB.OzoneManagerRequestHandler.getOzoneFileStatus(OzoneManagerRequestHandler.java:882) ~[ozone-manager-1.3.0-SNAPSHOT.jar:?]
	at org.apache.hadoop.ozone.protocolPB.OzoneManagerRequestHandler.handleReadRequest(OzoneManagerRequestHandler.java:228) ~[ozone-manager-1.3.0-SNAPSHOT.jar:?]
	at org.apache.hadoop.ozone.protocolPB.OzoneManagerProtocolServerSideTranslatorPB.submitReadRequestToOM(OzoneManagerProtocolServerSideTranslatorPB.java:226) ~[ozone-manager-1.3.0-SNAPSHOT.jar:?]
	at org.apache.hadoop.ozone.protocolPB.OzoneManagerProtocolServerSideTranslatorPB.processRequest(OzoneManagerProtocolServerSideTranslatorPB.java:175) ~[ozone-manager-1.3.0-SNAPSHOT.jar:?]
	at org.apache.hadoop.hdds.server.OzoneProtocolMessageDispatcher.processRequest(OzoneProtocolMessageDispatcher.java:87) [hdds-server-framework-1.3.0-SNAPSHOT.jar:?]
	at org.apache.hadoop.ozone.protocolPB.OzoneManagerProtocolServerSideTranslatorPB.submitRequest(OzoneManagerProtocolServerSideTranslatorPB.java:147) [ozone-manager-1.3.0-SNAPSHOT.jar:?]
	at org.apache.hadoop.ozone.protocol.proto.OzoneManagerProtocolProtos$OzoneManagerService$2.callBlockingMethod(OzoneManagerProtocolProtos.java) [ozone-interface-client-1.3.0-SNAPSHOT.jar:?]
	at org.apache.hadoop.ipc.ProtobufRpcEngine$Server.processCall(ProtobufRpcEngine.java:466) [hadoop-common-3.3.1.jar:?]
	at org.apache.hadoop.ipc.ProtobufRpcEngine2$Server$ProtoBufRpcInvoker.call(ProtobufRpcEngine2.java:574) [hadoop-common-3.3.1.jar:?]
	at org.apache.hadoop.ipc.ProtobufRpcEngine2$Server$ProtoBufRpcInvoker.call(ProtobufRpcEngine2.java:552) [hadoop-common-3.3.1.jar:?]
	at org.apache.hadoop.ipc.RPC$Server.call(RPC.java:1093) [hadoop-common-3.3.1.jar:?]
	at org.apache.hadoop.ipc.Server$RpcCall.run(Server.java:1035) [hadoop-common-3.3.1.jar:?]
	at org.apache.hadoop.ipc.Server$RpcCall.run(Server.java:963) [hadoop-common-3.3.1.jar:?]
	at java.security.AccessController.doPrivileged(Native Method) ~[?:1.8.0_345]
	at javax.security.auth.Subject.doAs(Subject.java:422) [?:1.8.0_345]
	at org.apache.hadoop.security.UserGroupInformation.doAs(UserGroupInformation.java:1878) [hadoop-common-3.3.1.jar:?]
	at org.apache.hadoop.ipc.Server$Handler.run(Server.java:2966) [hadoop-common-3.3.1.jar:?]
2022-10-06 01:03:40,778 [Time-limited test] WARN  ozone.BasicRootedOzoneFileSystem (BasicRootedOzoneFileSystem.java:getFileStatus(879)) - GetFileStatus failed for path /volume-47606/bucket-57938/.Trash/runner
java.io.FileNotFoundException: .Trash/runner: No such file or directory!
	at org.apache.hadoop.fs.ozone.BasicRootedOzoneClientAdapterImpl.getFileStatus(BasicRootedOzoneClientAdapterImpl.java:617)
	at org.apache.hadoop.fs.ozone.BasicRootedOzoneFileSystem.getFileStatus(BasicRootedOzoneFileSystem.java:869)
	at org.apache.hadoop.fs.FileSystem.exists(FileSystem.java:1760)
	at org.apache.hadoop.fs.ozone.BasicRootedOzoneFileSystem.exists(BasicRootedOzoneFileSystem.java:918)
	at org.apache.hadoop.fs.ozone.BasicRootedOzoneClientAdapterImpl.getTrashRoots(BasicRootedOzoneClientAdapterImpl.java:669)
	at org.apache.hadoop.fs.ozone.BasicRootedOzoneFileSystem.getTrashRoots(BasicRootedOzoneFileSystem.java:824)
	at org.apache.hadoop.fs.ozone.TestRootedOzoneFileSystem.testGetTrashRoots(TestRootedOzoneFileSystem.java:1440)
	at sun.reflect.NativeMethodAccessorImpl.invoke0(Native Method)
	at sun.reflect.NativeMethodAccessorImpl.invoke(NativeMethodAccessorImpl.java:62)
	at sun.reflect.DelegatingMethodAccessorImpl.invoke(DelegatingMethodAccessorImpl.java:43)
	at java.lang.reflect.Method.invoke(Method.java:498)
	at org.junit.runners.model.FrameworkMethod$1.runReflectiveCall(FrameworkMethod.java:59)
	at org.junit.internal.runners.model.ReflectiveCallable.run(ReflectiveCallable.java:12)
	at org.junit.runners.model.FrameworkMethod.invokeExplosively(FrameworkMethod.java:56)
	at org.junit.internal.runners.statements.InvokeMethod.evaluate(InvokeMethod.java:17)
	at org.junit.internal.runners.statements.RunBefores.evaluate(RunBefores.java:26)
	at org.junit.internal.runners.statements.RunAfters.evaluate(RunAfters.java:27)
	at org.junit.internal.runners.statements.FailOnTimeout$CallableStatement.call(FailOnTimeout.java:288)
	at org.junit.internal.runners.statements.FailOnTimeout$CallableStatement.call(FailOnTimeout.java:282)
	at java.util.concurrent.FutureTask.run(FutureTask.java:266)
	at java.lang.Thread.run(Thread.java:750)
01:03:40.780 [IPC Server handler 14 on default port 34317] ERROR OMAudit - user=runner | ip=127.0.0.1 | op=GET_FILE_STATUS {volume=volume52277, bucket=bucket51437, key=.Trash/runner, dataSize=0, replicationConfig=null} | ret=FAILURE
org.apache.hadoop.ozone.om.exceptions.OMException: Unable to get file status: volume: volume52277 bucket: bucket51437 key: .Trash/runner
	at org.apache.hadoop.ozone.om.KeyManagerImpl.getOzoneFileStatusFSO(KeyManagerImpl.java:1389) ~[ozone-manager-1.3.0-SNAPSHOT.jar:?]
	at org.apache.hadoop.ozone.om.KeyManagerImpl.getFileStatus(KeyManagerImpl.java:1252) ~[ozone-manager-1.3.0-SNAPSHOT.jar:?]
	at org.apache.hadoop.ozone.om.OzoneManager.getFileStatus(OzoneManager.java:3507) ~[ozone-manager-1.3.0-SNAPSHOT.jar:?]
	at org.apache.hadoop.ozone.protocolPB.OzoneManagerRequestHandler.getOzoneFileStatus(OzoneManagerRequestHandler.java:882) ~[ozone-manager-1.3.0-SNAPSHOT.jar:?]
	at org.apache.hadoop.ozone.protocolPB.OzoneManagerRequestHandler.handleReadRequest(OzoneManagerRequestHandler.java:228) ~[ozone-manager-1.3.0-SNAPSHOT.jar:?]
	at org.apache.hadoop.ozone.protocolPB.OzoneManagerProtocolServerSideTranslatorPB.submitReadRequestToOM(OzoneManagerProtocolServerSideTranslatorPB.java:226) ~[ozone-manager-1.3.0-SNAPSHOT.jar:?]
	at org.apache.hadoop.ozone.protocolPB.OzoneManagerProtocolServerSideTranslatorPB.processRequest(OzoneManagerProtocolServerSideTranslatorPB.java:175) ~[ozone-manager-1.3.0-SNAPSHOT.jar:?]
	at org.apache.hadoop.hdds.server.OzoneProtocolMessageDispatcher.processRequest(OzoneProtocolMessageDispatcher.java:87) [hdds-server-framework-1.3.0-SNAPSHOT.jar:?]
	at org.apache.hadoop.ozone.protocolPB.OzoneManagerProtocolServerSideTranslatorPB.submitRequest(OzoneManagerProtocolServerSideTranslatorPB.java:147) [ozone-manager-1.3.0-SNAPSHOT.jar:?]
	at org.apache.hadoop.ozone.protocol.proto.OzoneManagerProtocolProtos$OzoneManagerService$2.callBlockingMethod(OzoneManagerProtocolProtos.java) [ozone-interface-client-1.3.0-SNAPSHOT.jar:?]
	at org.apache.hadoop.ipc.ProtobufRpcEngine$Server.processCall(ProtobufRpcEngine.java:466) [hadoop-common-3.3.1.jar:?]
	at org.apache.hadoop.ipc.ProtobufRpcEngine2$Server$ProtoBufRpcInvoker.call(ProtobufRpcEngine2.java:574) [hadoop-common-3.3.1.jar:?]
	at org.apache.hadoop.ipc.ProtobufRpcEngine2$Server$ProtoBufRpcInvoker.call(ProtobufRpcEngine2.java:552) [hadoop-common-3.3.1.jar:?]
	at org.apache.hadoop.ipc.RPC$Server.call(RPC.java:1093) [hadoop-common-3.3.1.jar:?]
	at org.apache.hadoop.ipc.Server$RpcCall.run(Server.java:1035) [hadoop-common-3.3.1.jar:?]
	at org.apache.hadoop.ipc.Server$RpcCall.run(Server.java:963) [hadoop-common-3.3.1.jar:?]
	at java.security.AccessController.doPrivileged(Native Method) ~[?:1.8.0_345]
	at javax.security.auth.Subject.doAs(Subject.java:422) [?:1.8.0_345]
	at org.apache.hadoop.security.UserGroupInformation.doAs(UserGroupInformation.java:1878) [hadoop-common-3.3.1.jar:?]
	at org.apache.hadoop.ipc.Server$Handler.run(Server.java:2966) [hadoop-common-3.3.1.jar:?]
2022-10-06 01:03:40,781 [Time-limited test] WARN  ozone.BasicRootedOzoneFileSystem (BasicRootedOzoneFileSystem.java:getFileStatus(879)) - GetFileStatus failed for path /volume52277/bucket51437/.Trash/runner
java.io.FileNotFoundException: .Trash/runner: No such file or directory!
	at org.apache.hadoop.fs.ozone.BasicRootedOzoneClientAdapterImpl.getFileStatus(BasicRootedOzoneClientAdapterImpl.java:617)
	at org.apache.hadoop.fs.ozone.BasicRootedOzoneFileSystem.getFileStatus(BasicRootedOzoneFileSystem.java:869)
	at org.apache.hadoop.fs.FileSystem.exists(FileSystem.java:1760)
	at org.apache.hadoop.fs.ozone.BasicRootedOzoneFileSystem.exists(BasicRootedOzoneFileSystem.java:918)
	at org.apache.hadoop.fs.ozone.BasicRootedOzoneClientAdapterImpl.getTrashRoots(BasicRootedOzoneClientAdapterImpl.java:669)
	at org.apache.hadoop.fs.ozone.BasicRootedOzoneFileSystem.getTrashRoots(BasicRootedOzoneFileSystem.java:824)
	at org.apache.hadoop.fs.ozone.TestRootedOzoneFileSystem.testGetTrashRoots(TestRootedOzoneFileSystem.java:1440)
	at sun.reflect.NativeMethodAccessorImpl.invoke0(Native Method)
	at sun.reflect.NativeMethodAccessorImpl.invoke(NativeMethodAccessorImpl.java:62)
	at sun.reflect.DelegatingMethodAccessorImpl.invoke(DelegatingMethodAccessorImpl.java:43)
	at java.lang.reflect.Method.invoke(Method.java:498)
	at org.junit.runners.model.FrameworkMethod$1.runReflectiveCall(FrameworkMethod.java:59)
	at org.junit.internal.runners.model.ReflectiveCallable.run(ReflectiveCallable.java:12)
	at org.junit.runners.model.FrameworkMethod.invokeExplosively(FrameworkMethod.java:56)
	at org.junit.internal.runners.statements.InvokeMethod.evaluate(InvokeMethod.java:17)
	at org.junit.internal.runners.statements.RunBefores.evaluate(RunBefores.java:26)
	at org.junit.internal.runners.statements.RunAfters.evaluate(RunAfters.java:27)
	at org.junit.internal.runners.statements.FailOnTimeout$CallableStatement.call(FailOnTimeout.java:288)
	at org.junit.internal.runners.statements.FailOnTimeout$CallableStatement.call(FailOnTimeout.java:282)
	at java.util.concurrent.FutureTask.run(FutureTask.java:266)
	at java.lang.Thread.run(Thread.java:750)
01:03:40.783 [IPC Server handler 0 on default port 34317] ERROR OMAudit - user=runner | ip=127.0.0.1 | op=GET_FILE_STATUS {volume=volume-15061, bucket=bucket-75004, key=.Trash/runner, dataSize=0, replicationConfig=null} | ret=FAILURE
org.apache.hadoop.ozone.om.exceptions.OMException: Unable to get file status: volume: volume-15061 bucket: bucket-75004 key: .Trash/runner
	at org.apache.hadoop.ozone.om.KeyManagerImpl.getOzoneFileStatusFSO(KeyManagerImpl.java:1389) ~[ozone-manager-1.3.0-SNAPSHOT.jar:?]
	at org.apache.hadoop.ozone.om.KeyManagerImpl.getFileStatus(KeyManagerImpl.java:1252) ~[ozone-manager-1.3.0-SNAPSHOT.jar:?]
	at org.apache.hadoop.ozone.om.OzoneManager.getFileStatus(OzoneManager.java:3507) ~[ozone-manager-1.3.0-SNAPSHOT.jar:?]
	at org.apache.hadoop.ozone.protocolPB.OzoneManagerRequestHandler.getOzoneFileStatus(OzoneManagerRequestHandler.java:882) ~[ozone-manager-1.3.0-SNAPSHOT.jar:?]
	at org.apache.hadoop.ozone.protocolPB.OzoneManagerRequestHandler.handleReadRequest(OzoneManagerRequestHandler.java:228) ~[ozone-manager-1.3.0-SNAPSHOT.jar:?]
	at org.apache.hadoop.ozone.protocolPB.OzoneManagerProtocolServerSideTranslatorPB.submitReadRequestToOM(OzoneManagerProtocolServerSideTranslatorPB.java:226) ~[ozone-manager-1.3.0-SNAPSHOT.jar:?]
	at org.apache.hadoop.ozone.protocolPB.OzoneManagerProtocolServerSideTranslatorPB.processRequest(OzoneManagerProtocolServerSideTranslatorPB.java:175) ~[ozone-manager-1.3.0-SNAPSHOT.jar:?]
	at org.apache.hadoop.hdds.server.OzoneProtocolMessageDispatcher.processRequest(OzoneProtocolMessageDispatcher.java:87) [hdds-server-framework-1.3.0-SNAPSHOT.jar:?]
	at org.apache.hadoop.ozone.protocolPB.OzoneManagerProtocolServerSideTranslatorPB.submitRequest(OzoneManagerProtocolServerSideTranslatorPB.java:147) [ozone-manager-1.3.0-SNAPSHOT.jar:?]
	at org.apache.hadoop.ozone.protocol.proto.OzoneManagerProtocolProtos$OzoneManagerService$2.callBlockingMethod(OzoneManagerProtocolProtos.java) [ozone-interface-client-1.3.0-SNAPSHOT.jar:?]
	at org.apache.hadoop.ipc.ProtobufRpcEngine$Server.processCall(ProtobufRpcEngine.java:466) [hadoop-common-3.3.1.jar:?]
	at org.apache.hadoop.ipc.ProtobufRpcEngine2$Server$ProtoBufRpcInvoker.call(ProtobufRpcEngine2.java:574) [hadoop-common-3.3.1.jar:?]
	at org.apache.hadoop.ipc.ProtobufRpcEngine2$Server$ProtoBufRpcInvoker.call(ProtobufRpcEngine2.java:552) [hadoop-common-3.3.1.jar:?]
	at org.apache.hadoop.ipc.RPC$Server.call(RPC.java:1093) [hadoop-common-3.3.1.jar:?]
	at org.apache.hadoop.ipc.Server$RpcCall.run(Server.java:1035) [hadoop-common-3.3.1.jar:?]
	at org.apache.hadoop.ipc.Server$RpcCall.run(Server.java:963) [hadoop-common-3.3.1.jar:?]
	at java.security.AccessController.doPrivileged(Native Method) ~[?:1.8.0_345]
	at javax.security.auth.Subject.doAs(Subject.java:422) [?:1.8.0_345]
	at org.apache.hadoop.security.UserGroupInformation.doAs(UserGroupInformation.java:1878) [hadoop-common-3.3.1.jar:?]
	at org.apache.hadoop.ipc.Server$Handler.run(Server.java:2966) [hadoop-common-3.3.1.jar:?]
2022-10-06 01:03:40,783 [Time-limited test] WARN  ozone.BasicRootedOzoneFileSystem (BasicRootedOzoneFileSystem.java:getFileStatus(879)) - GetFileStatus failed for path /volume-15061/bucket-75004/.Trash/runner
java.io.FileNotFoundException: .Trash/runner: No such file or directory!
	at org.apache.hadoop.fs.ozone.BasicRootedOzoneClientAdapterImpl.getFileStatus(BasicRootedOzoneClientAdapterImpl.java:617)
	at org.apache.hadoop.fs.ozone.BasicRootedOzoneFileSystem.getFileStatus(BasicRootedOzoneFileSystem.java:869)
	at org.apache.hadoop.fs.FileSystem.exists(FileSystem.java:1760)
	at org.apache.hadoop.fs.ozone.BasicRootedOzoneFileSystem.exists(BasicRootedOzoneFileSystem.java:918)
	at org.apache.hadoop.fs.ozone.BasicRootedOzoneClientAdapterImpl.getTrashRoots(BasicRootedOzoneClientAdapterImpl.java:669)
	at org.apache.hadoop.fs.ozone.BasicRootedOzoneFileSystem.getTrashRoots(BasicRootedOzoneFileSystem.java:824)
	at org.apache.hadoop.fs.ozone.TestRootedOzoneFileSystem.testGetTrashRoots(TestRootedOzoneFileSystem.java:1440)
	at sun.reflect.NativeMethodAccessorImpl.invoke0(Native Method)
	at sun.reflect.NativeMethodAccessorImpl.invoke(NativeMethodAccessorImpl.java:62)
	at sun.reflect.DelegatingMethodAccessorImpl.invoke(DelegatingMethodAccessorImpl.java:43)
	at java.lang.reflect.Method.invoke(Method.java:498)
	at org.junit.runners.model.FrameworkMethod$1.runReflectiveCall(FrameworkMethod.java:59)
	at org.junit.internal.runners.model.ReflectiveCallable.run(ReflectiveCallable.java:12)
	at org.junit.runners.model.FrameworkMethod.invokeExplosively(FrameworkMethod.java:56)
	at org.junit.internal.runners.statements.InvokeMethod.evaluate(InvokeMethod.java:17)
	at org.junit.internal.runners.statements.RunBefores.evaluate(RunBefores.java:26)
	at org.junit.internal.runners.statements.RunAfters.evaluate(RunAfters.java:27)
	at org.junit.internal.runners.statements.FailOnTimeout$CallableStatement.call(FailOnTimeout.java:288)
	at org.junit.internal.runners.statements.FailOnTimeout$CallableStatement.call(FailOnTimeout.java:282)
	at java.util.concurrent.FutureTask.run(FutureTask.java:266)
	at java.lang.Thread.run(Thread.java:750)
01:03:40.786 [IPC Server handler 10 on default port 34317] ERROR OMAudit - user=runner | ip=127.0.0.1 | op=GET_FILE_STATUS {volume=volume-70220, bucket=bucket3, key=.Trash/runner, dataSize=0, replicationConfig=null} | ret=FAILURE
org.apache.hadoop.ozone.om.exceptions.OMException: Unable to get file status: volume: volume-70220 bucket: bucket3 key: .Trash/runner
	at org.apache.hadoop.ozone.om.KeyManagerImpl.getOzoneFileStatusFSO(KeyManagerImpl.java:1389) ~[ozone-manager-1.3.0-SNAPSHOT.jar:?]
	at org.apache.hadoop.ozone.om.KeyManagerImpl.getFileStatus(KeyManagerImpl.java:1252) ~[ozone-manager-1.3.0-SNAPSHOT.jar:?]
	at org.apache.hadoop.ozone.om.OzoneManager.getFileStatus(OzoneManager.java:3507) ~[ozone-manager-1.3.0-SNAPSHOT.jar:?]
	at org.apache.hadoop.ozone.protocolPB.OzoneManagerRequestHandler.getOzoneFileStatus(OzoneManagerRequestHandler.java:882) ~[ozone-manager-1.3.0-SNAPSHOT.jar:?]
	at org.apache.hadoop.ozone.protocolPB.OzoneManagerRequestHandler.handleReadRequest(OzoneManagerRequestHandler.java:228) ~[ozone-manager-1.3.0-SNAPSHOT.jar:?]
	at org.apache.hadoop.ozone.protocolPB.OzoneManagerProtocolServerSideTranslatorPB.submitReadRequestToOM(OzoneManagerProtocolServerSideTranslatorPB.java:226) ~[ozone-manager-1.3.0-SNAPSHOT.jar:?]
	at org.apache.hadoop.ozone.protocolPB.OzoneManagerProtocolServerSideTranslatorPB.processRequest(OzoneManagerProtocolServerSideTranslatorPB.java:175) ~[ozone-manager-1.3.0-SNAPSHOT.jar:?]
	at org.apache.hadoop.hdds.server.OzoneProtocolMessageDispatcher.processRequest(OzoneProtocolMessageDispatcher.java:87) [hdds-server-framework-1.3.0-SNAPSHOT.jar:?]
	at org.apache.hadoop.ozone.protocolPB.OzoneManagerProtocolServerSideTranslatorPB.submitRequest(OzoneManagerProtocolServerSideTranslatorPB.java:147) [ozone-manager-1.3.0-SNAPSHOT.jar:?]
	at org.apache.hadoop.ozone.protocol.proto.OzoneManagerProtocolProtos$OzoneManagerService$2.callBlockingMethod(OzoneManagerProtocolProtos.java) [ozone-interface-client-1.3.0-SNAPSHOT.jar:?]
	at org.apache.hadoop.ipc.ProtobufRpcEngine$Server.processCall(ProtobufRpcEngine.java:466) [hadoop-common-3.3.1.jar:?]
	at org.apache.hadoop.ipc.ProtobufRpcEngine2$Server$ProtoBufRpcInvoker.call(ProtobufRpcEngine2.java:574) [hadoop-common-3.3.1.jar:?]
	at org.apache.hadoop.ipc.ProtobufRpcEngine2$Server$ProtoBufRpcInvoker.call(ProtobufRpcEngine2.java:552) [hadoop-common-3.3.1.jar:?]
	at org.apache.hadoop.ipc.RPC$Server.call(RPC.java:1093) [hadoop-common-3.3.1.jar:?]
	at org.apache.hadoop.ipc.Server$RpcCall.run(Server.java:1035) [hadoop-common-3.3.1.jar:?]
	at org.apache.hadoop.ipc.Server$RpcCall.run(Server.java:963) [hadoop-common-3.3.1.jar:?]
	at java.security.AccessController.doPrivileged(Native Method) ~[?:1.8.0_345]
	at javax.security.auth.Subject.doAs(Subject.java:422) [?:1.8.0_345]
	at org.apache.hadoop.security.UserGroupInformation.doAs(UserGroupInformation.java:1878) [hadoop-common-3.3.1.jar:?]
	at org.apache.hadoop.ipc.Server$Handler.run(Server.java:2966) [hadoop-common-3.3.1.jar:?]
2022-10-06 01:03:40,786 [Time-limited test] WARN  ozone.BasicRootedOzoneFileSystem (BasicRootedOzoneFileSystem.java:getFileStatus(879)) - GetFileStatus failed for path /volume-70220/bucket3/.Trash/runner
java.io.FileNotFoundException: .Trash/runner: No such file or directory!
	at org.apache.hadoop.fs.ozone.BasicRootedOzoneClientAdapterImpl.getFileStatus(BasicRootedOzoneClientAdapterImpl.java:617)
	at org.apache.hadoop.fs.ozone.BasicRootedOzoneFileSystem.getFileStatus(BasicRootedOzoneFileSystem.java:869)
	at org.apache.hadoop.fs.FileSystem.exists(FileSystem.java:1760)
	at org.apache.hadoop.fs.ozone.BasicRootedOzoneFileSystem.exists(BasicRootedOzoneFileSystem.java:918)
	at org.apache.hadoop.fs.ozone.BasicRootedOzoneClientAdapterImpl.getTrashRoots(BasicRootedOzoneClientAdapterImpl.java:669)
	at org.apache.hadoop.fs.ozone.BasicRootedOzoneFileSystem.getTrashRoots(BasicRootedOzoneFileSystem.java:824)
	at org.apache.hadoop.fs.ozone.TestRootedOzoneFileSystem.testGetTrashRoots(TestRootedOzoneFileSystem.java:1440)
	at sun.reflect.NativeMethodAccessorImpl.invoke0(Native Method)
	at sun.reflect.NativeMethodAccessorImpl.invoke(NativeMethodAccessorImpl.java:62)
	at sun.reflect.DelegatingMethodAccessorImpl.invoke(DelegatingMethodAccessorImpl.java:43)
	at java.lang.reflect.Method.invoke(Method.java:498)
	at org.junit.runners.model.FrameworkMethod$1.runReflectiveCall(FrameworkMethod.java:59)
	at org.junit.internal.runners.model.ReflectiveCallable.run(ReflectiveCallable.java:12)
	at org.junit.runners.model.FrameworkMethod.invokeExplosively(FrameworkMethod.java:56)
	at org.junit.internal.runners.statements.InvokeMethod.evaluate(InvokeMethod.java:17)
	at org.junit.internal.runners.statements.RunBefores.evaluate(RunBefores.java:26)
	at org.junit.internal.runners.statements.RunAfters.evaluate(RunAfters.java:27)
	at org.junit.internal.runners.statements.FailOnTimeout$CallableStatement.call(FailOnTimeout.java:288)
	at org.junit.internal.runners.statements.FailOnTimeout$CallableStatement.call(FailOnTimeout.java:282)
	at java.util.concurrent.FutureTask.run(FutureTask.java:266)
	at java.lang.Thread.run(Thread.java:750)
01:03:40.790 [IPC Server handler 1 on default port 34317] ERROR OMAudit - user=runner | ip=127.0.0.1 | op=GET_FILE_STATUS {volume=41812c2c-f6d7-4f0f-be5c-cc1f0b07cd78, bucket=0df5328d-eeb1-4c32-87ea-33cd10a8a7f6, key=.Trash, dataSize=0, replicationConfig=null} | ret=FAILURE
org.apache.hadoop.ozone.om.exceptions.OMException: Unable to get file status: volume: 41812c2c-f6d7-4f0f-be5c-cc1f0b07cd78 bucket: 0df5328d-eeb1-4c32-87ea-33cd10a8a7f6 key: .Trash
	at org.apache.hadoop.ozone.om.KeyManagerImpl.getOzoneFileStatus(KeyManagerImpl.java:1324) ~[ozone-manager-1.3.0-SNAPSHOT.jar:?]
	at org.apache.hadoop.ozone.om.KeyManagerImpl.getFileStatus(KeyManagerImpl.java:1254) ~[ozone-manager-1.3.0-SNAPSHOT.jar:?]
	at org.apache.hadoop.ozone.om.OzoneManager.getFileStatus(OzoneManager.java:3507) ~[ozone-manager-1.3.0-SNAPSHOT.jar:?]
	at org.apache.hadoop.ozone.protocolPB.OzoneManagerRequestHandler.getOzoneFileStatus(OzoneManagerRequestHandler.java:882) ~[ozone-manager-1.3.0-SNAPSHOT.jar:?]
	at org.apache.hadoop.ozone.protocolPB.OzoneManagerRequestHandler.handleReadRequest(OzoneManagerRequestHandler.java:228) ~[ozone-manager-1.3.0-SNAPSHOT.jar:?]
	at org.apache.hadoop.ozone.protocolPB.OzoneManagerProtocolServerSideTranslatorPB.submitReadRequestToOM(OzoneManagerProtocolServerSideTranslatorPB.java:226) ~[ozone-manager-1.3.0-SNAPSHOT.jar:?]
	at org.apache.hadoop.ozone.protocolPB.OzoneManagerProtocolServerSideTranslatorPB.processRequest(OzoneManagerProtocolServerSideTranslatorPB.java:175) ~[ozone-manager-1.3.0-SNAPSHOT.jar:?]
	at org.apache.hadoop.hdds.server.OzoneProtocolMessageDispatcher.processRequest(OzoneProtocolMessageDispatcher.java:87) [hdds-server-framework-1.3.0-SNAPSHOT.jar:?]
	at org.apache.hadoop.ozone.protocolPB.OzoneManagerProtocolServerSideTranslatorPB.submitRequest(OzoneManagerProtocolServerSideTranslatorPB.java:147) [ozone-manager-1.3.0-SNAPSHOT.jar:?]
	at org.apache.hadoop.ozone.protocol.proto.OzoneManagerProtocolProtos$OzoneManagerService$2.callBlockingMethod(OzoneManagerProtocolProtos.java) [ozone-interface-client-1.3.0-SNAPSHOT.jar:?]
	at org.apache.hadoop.ipc.ProtobufRpcEngine$Server.processCall(ProtobufRpcEngine.java:466) [hadoop-common-3.3.1.jar:?]
	at org.apache.hadoop.ipc.ProtobufRpcEngine2$Server$ProtoBufRpcInvoker.call(ProtobufRpcEngine2.java:574) [hadoop-common-3.3.1.jar:?]
	at org.apache.hadoop.ipc.ProtobufRpcEngine2$Server$ProtoBufRpcInvoker.call(ProtobufRpcEngine2.java:552) [hadoop-common-3.3.1.jar:?]
	at org.apache.hadoop.ipc.RPC$Server.call(RPC.java:1093) [hadoop-common-3.3.1.jar:?]
	at org.apache.hadoop.ipc.Server$RpcCall.run(Server.java:1035) [hadoop-common-3.3.1.jar:?]
	at org.apache.hadoop.ipc.Server$RpcCall.run(Server.java:963) [hadoop-common-3.3.1.jar:?]
	at java.security.AccessController.doPrivileged(Native Method) ~[?:1.8.0_345]
	at javax.security.auth.Subject.doAs(Subject.java:422) [?:1.8.0_345]
	at org.apache.hadoop.security.UserGroupInformation.doAs(UserGroupInformation.java:1878) [hadoop-common-3.3.1.jar:?]
	at org.apache.hadoop.ipc.Server$Handler.run(Server.java:2966) [hadoop-common-3.3.1.jar:?]
2022-10-06 01:03:40,790 [Time-limited test] WARN  ozone.BasicRootedOzoneFileSystem (BasicRootedOzoneFileSystem.java:getFileStatus(879)) - GetFileStatus failed for path /41812c2c-f6d7-4f0f-be5c-cc1f0b07cd78/0df5328d-eeb1-4c32-87ea-33cd10a8a7f6/.Trash
java.io.FileNotFoundException: .Trash: No such file or directory!
	at org.apache.hadoop.fs.ozone.BasicRootedOzoneClientAdapterImpl.getFileStatus(BasicRootedOzoneClientAdapterImpl.java:617)
	at org.apache.hadoop.fs.ozone.BasicRootedOzoneFileSystem.getFileStatus(BasicRootedOzoneFileSystem.java:869)
	at org.apache.hadoop.fs.FileSystem.exists(FileSystem.java:1760)
	at org.apache.hadoop.fs.ozone.BasicRootedOzoneFileSystem.exists(BasicRootedOzoneFileSystem.java:918)
	at org.apache.hadoop.fs.ozone.BasicRootedOzoneClientAdapterImpl.getTrashRoots(BasicRootedOzoneClientAdapterImpl.java:660)
	at org.apache.hadoop.fs.ozone.BasicRootedOzoneFileSystem.getTrashRoots(BasicRootedOzoneFileSystem.java:824)
	at org.apache.hadoop.fs.ozone.TestRootedOzoneFileSystem.testGetTrashRoots(TestRootedOzoneFileSystem.java:1441)
	at sun.reflect.NativeMethodAccessorImpl.invoke0(Native Method)
	at sun.reflect.NativeMethodAccessorImpl.invoke(NativeMethodAccessorImpl.java:62)
	at sun.reflect.DelegatingMethodAccessorImpl.invoke(DelegatingMethodAccessorImpl.java:43)
	at java.lang.reflect.Method.invoke(Method.java:498)
	at org.junit.runners.model.FrameworkMethod$1.runReflectiveCall(FrameworkMethod.java:59)
	at org.junit.internal.runners.model.ReflectiveCallable.run(ReflectiveCallable.java:12)
	at org.junit.runners.model.FrameworkMethod.invokeExplosively(FrameworkMethod.java:56)
	at org.junit.internal.runners.statements.InvokeMethod.evaluate(InvokeMethod.java:17)
	at org.junit.internal.runners.statements.RunBefores.evaluate(RunBefores.java:26)
	at org.junit.internal.runners.statements.RunAfters.evaluate(RunAfters.java:27)
	at org.junit.internal.runners.statements.FailOnTimeout$CallableStatement.call(FailOnTimeout.java:288)
	at org.junit.internal.runners.statements.FailOnTimeout$CallableStatement.call(FailOnTimeout.java:282)
	at java.util.concurrent.FutureTask.run(FutureTask.java:266)
	at java.lang.Thread.run(Thread.java:750)
01:03:40.792 [IPC Server handler 14 on default port 34317] ERROR OMAudit - user=runner | ip=127.0.0.1 | op=GET_FILE_STATUS {volume=volume-15061, bucket=bucket-75004, key=.Trash, dataSize=0, replicationConfig=null} | ret=FAILURE
org.apache.hadoop.ozone.om.exceptions.OMException: Unable to get file status: volume: volume-15061 bucket: bucket-75004 key: .Trash
	at org.apache.hadoop.ozone.om.KeyManagerImpl.getOzoneFileStatusFSO(KeyManagerImpl.java:1389) ~[ozone-manager-1.3.0-SNAPSHOT.jar:?]
	at org.apache.hadoop.ozone.om.KeyManagerImpl.getFileStatus(KeyManagerImpl.java:1252) ~[ozone-manager-1.3.0-SNAPSHOT.jar:?]
	at org.apache.hadoop.ozone.om.OzoneManager.getFileStatus(OzoneManager.java:3507) ~[ozone-manager-1.3.0-SNAPSHOT.jar:?]
	at org.apache.hadoop.ozone.protocolPB.OzoneManagerRequestHandler.getOzoneFileStatus(OzoneManagerRequestHandler.java:882) ~[ozone-manager-1.3.0-SNAPSHOT.jar:?]
	at org.apache.hadoop.ozone.protocolPB.OzoneManagerRequestHandler.handleReadRequest(OzoneManagerRequestHandler.java:228) ~[ozone-manager-1.3.0-SNAPSHOT.jar:?]
	at org.apache.hadoop.ozone.protocolPB.OzoneManagerProtocolServerSideTranslatorPB.submitReadRequestToOM(OzoneManagerProtocolServerSideTranslatorPB.java:226) ~[ozone-manager-1.3.0-SNAPSHOT.jar:?]
	at org.apache.hadoop.ozone.protocolPB.OzoneManagerProtocolServerSideTranslatorPB.processRequest(OzoneManagerProtocolServerSideTranslatorPB.java:175) ~[ozone-manager-1.3.0-SNAPSHOT.jar:?]
	at org.apache.hadoop.hdds.server.OzoneProtocolMessageDispatcher.processRequest(OzoneProtocolMessageDispatcher.java:87) [hdds-server-framework-1.3.0-SNAPSHOT.jar:?]
	at org.apache.hadoop.ozone.protocolPB.OzoneManagerProtocolServerSideTranslatorPB.submitRequest(OzoneManagerProtocolServerSideTranslatorPB.java:147) [ozone-manager-1.3.0-SNAPSHOT.jar:?]
	at org.apache.hadoop.ozone.protocol.proto.OzoneManagerProtocolProtos$OzoneManagerService$2.callBlockingMethod(OzoneManagerProtocolProtos.java) [ozone-interface-client-1.3.0-SNAPSHOT.jar:?]
	at org.apache.hadoop.ipc.ProtobufRpcEngine$Server.processCall(ProtobufRpcEngine.java:466) [hadoop-common-3.3.1.jar:?]
	at org.apache.hadoop.ipc.ProtobufRpcEngine2$Server$ProtoBufRpcInvoker.call(ProtobufRpcEngine2.java:574) [hadoop-common-3.3.1.jar:?]
	at org.apache.hadoop.ipc.ProtobufRpcEngine2$Server$ProtoBufRpcInvoker.call(ProtobufRpcEngine2.java:552) [hadoop-common-3.3.1.jar:?]
	at org.apache.hadoop.ipc.RPC$Server.call(RPC.java:1093) [hadoop-common-3.3.1.jar:?]
	at org.apache.hadoop.ipc.Server$RpcCall.run(Server.java:1035) [hadoop-common-3.3.1.jar:?]
	at org.apache.hadoop.ipc.Server$RpcCall.run(Server.java:963) [hadoop-common-3.3.1.jar:?]
	at java.security.AccessController.doPrivileged(Native Method) ~[?:1.8.0_345]
	at javax.security.auth.Subject.doAs(Subject.java:422) [?:1.8.0_345]
	at org.apache.hadoop.security.UserGroupInformation.doAs(UserGroupInformation.java:1878) [hadoop-common-3.3.1.jar:?]
	at org.apache.hadoop.ipc.Server$Handler.run(Server.java:2966) [hadoop-common-3.3.1.jar:?]
2022-10-06 01:03:40,793 [Time-limited test] WARN  ozone.BasicRootedOzoneFileSystem (BasicRootedOzoneFileSystem.java:getFileStatus(879)) - GetFileStatus failed for path /volume-15061/bucket-75004/.Trash
java.io.FileNotFoundException: .Trash: No such file or directory!
	at org.apache.hadoop.fs.ozone.BasicRootedOzoneClientAdapterImpl.getFileStatus(BasicRootedOzoneClientAdapterImpl.java:617)
	at org.apache.hadoop.fs.ozone.BasicRootedOzoneFileSystem.getFileStatus(BasicRootedOzoneFileSystem.java:869)
	at org.apache.hadoop.fs.FileSystem.exists(FileSystem.java:1760)
	at org.apache.hadoop.fs.ozone.BasicRootedOzoneFileSystem.exists(BasicRootedOzoneFileSystem.java:918)
	at org.apache.hadoop.fs.ozone.BasicRootedOzoneClientAdapterImpl.getTrashRoots(BasicRootedOzoneClientAdapterImpl.java:660)
	at org.apache.hadoop.fs.ozone.BasicRootedOzoneFileSystem.getTrashRoots(BasicRootedOzoneFileSystem.java:824)
	at org.apache.hadoop.fs.ozone.TestRootedOzoneFileSystem.testGetTrashRoots(TestRootedOzoneFileSystem.java:1441)
	at sun.reflect.NativeMethodAccessorImpl.invoke0(Native Method)
	at sun.reflect.NativeMethodAccessorImpl.invoke(NativeMethodAccessorImpl.java:62)
	at sun.reflect.DelegatingMethodAccessorImpl.invoke(DelegatingMethodAccessorImpl.java:43)
	at java.lang.reflect.Method.invoke(Method.java:498)
	at org.junit.runners.model.FrameworkMethod$1.runReflectiveCall(FrameworkMethod.java:59)
	at org.junit.internal.runners.model.ReflectiveCallable.run(ReflectiveCallable.java:12)
	at org.junit.runners.model.FrameworkMethod.invokeExplosively(FrameworkMethod.java:56)
	at org.junit.internal.runners.statements.InvokeMethod.evaluate(InvokeMethod.java:17)
	at org.junit.internal.runners.statements.RunBefores.evaluate(RunBefores.java:26)
	at org.junit.internal.runners.statements.RunAfters.evaluate(RunAfters.java:27)
	at org.junit.internal.runners.statements.FailOnTimeout$CallableStatement.call(FailOnTimeout.java:288)
	at org.junit.internal.runners.statements.FailOnTimeout$CallableStatement.call(FailOnTimeout.java:282)
	at java.util.concurrent.FutureTask.run(FutureTask.java:266)
	at java.lang.Thread.run(Thread.java:750)
01:03:40.795 [IPC Server handler 18 on default port 34317] ERROR OMAudit - user=runner | ip=127.0.0.1 | op=GET_FILE_STATUS {volume=volume-47606, bucket=bucket-57938, key=.Trash, dataSize=0, replicationConfig=null} | ret=FAILURE
org.apache.hadoop.ozone.om.exceptions.OMException: Unable to get file status: volume: volume-47606 bucket: bucket-57938 key: .Trash
	at org.apache.hadoop.ozone.om.KeyManagerImpl.getOzoneFileStatusFSO(KeyManagerImpl.java:1389) ~[ozone-manager-1.3.0-SNAPSHOT.jar:?]
	at org.apache.hadoop.ozone.om.KeyManagerImpl.getFileStatus(KeyManagerImpl.java:1252) ~[ozone-manager-1.3.0-SNAPSHOT.jar:?]
	at org.apache.hadoop.ozone.om.OzoneManager.getFileStatus(OzoneManager.java:3507) ~[ozone-manager-1.3.0-SNAPSHOT.jar:?]
	at org.apache.hadoop.ozone.protocolPB.OzoneManagerRequestHandler.getOzoneFileStatus(OzoneManagerRequestHandler.java:882) ~[ozone-manager-1.3.0-SNAPSHOT.jar:?]
	at org.apache.hadoop.ozone.protocolPB.OzoneManagerRequestHandler.handleReadRequest(OzoneManagerRequestHandler.java:228) ~[ozone-manager-1.3.0-SNAPSHOT.jar:?]
	at org.apache.hadoop.ozone.protocolPB.OzoneManagerProtocolServerSideTranslatorPB.submitReadRequestToOM(OzoneManagerProtocolServerSideTranslatorPB.java:226) ~[ozone-manager-1.3.0-SNAPSHOT.jar:?]
	at org.apache.hadoop.ozone.protocolPB.OzoneManagerProtocolServerSideTranslatorPB.processRequest(OzoneManagerProtocolServerSideTranslatorPB.java:175) ~[ozone-manager-1.3.0-SNAPSHOT.jar:?]
	at org.apache.hadoop.hdds.server.OzoneProtocolMessageDispatcher.processRequest(OzoneProtocolMessageDispatcher.java:87) [hdds-server-framework-1.3.0-SNAPSHOT.jar:?]
	at org.apache.hadoop.ozone.protocolPB.OzoneManagerProtocolServerSideTranslatorPB.submitRequest(OzoneManagerProtocolServerSideTranslatorPB.java:147) [ozone-manager-1.3.0-SNAPSHOT.jar:?]
	at org.apache.hadoop.ozone.protocol.proto.OzoneManagerProtocolProtos$OzoneManagerService$2.callBlockingMethod(OzoneManagerProtocolProtos.java) [ozone-interface-client-1.3.0-SNAPSHOT.jar:?]
	at org.apache.hadoop.ipc.ProtobufRpcEngine$Server.processCall(ProtobufRpcEngine.java:466) [hadoop-common-3.3.1.jar:?]
	at org.apache.hadoop.ipc.ProtobufRpcEngine2$Server$ProtoBufRpcInvoker.call(ProtobufRpcEngine2.java:574) [hadoop-common-3.3.1.jar:?]
	at org.apache.hadoop.ipc.ProtobufRpcEngine2$Server$ProtoBufRpcInvoker.call(ProtobufRpcEngine2.java:552) [hadoop-common-3.3.1.jar:?]
	at org.apache.hadoop.ipc.RPC$Server.call(RPC.java:1093) [hadoop-common-3.3.1.jar:?]
	at org.apache.hadoop.ipc.Server$RpcCall.run(Server.java:1035) [hadoop-common-3.3.1.jar:?]
	at org.apache.hadoop.ipc.Server$RpcCall.run(Server.java:963) [hadoop-common-3.3.1.jar:?]
	at java.security.AccessController.doPrivileged(Native Method) ~[?:1.8.0_345]
	at javax.security.auth.Subject.doAs(Subject.java:422) [?:1.8.0_345]
	at org.apache.hadoop.security.UserGroupInformation.doAs(UserGroupInformation.java:1878) [hadoop-common-3.3.1.jar:?]
	at org.apache.hadoop.ipc.Server$Handler.run(Server.java:2966) [hadoop-common-3.3.1.jar:?]
2022-10-06 01:03:40,795 [Time-limited test] WARN  ozone.BasicRootedOzoneFileSystem (BasicRootedOzoneFileSystem.java:getFileStatus(879)) - GetFileStatus failed for path /volume-47606/bucket-57938/.Trash
java.io.FileNotFoundException: .Trash: No such file or directory!
	at org.apache.hadoop.fs.ozone.BasicRootedOzoneClientAdapterImpl.getFileStatus(BasicRootedOzoneClientAdapterImpl.java:617)
	at org.apache.hadoop.fs.ozone.BasicRootedOzoneFileSystem.getFileStatus(BasicRootedOzoneFileSystem.java:869)
	at org.apache.hadoop.fs.FileSystem.exists(FileSystem.java:1760)
	at org.apache.hadoop.fs.ozone.BasicRootedOzoneFileSystem.exists(BasicRootedOzoneFileSystem.java:918)
	at org.apache.hadoop.fs.ozone.BasicRootedOzoneClientAdapterImpl.getTrashRoots(BasicRootedOzoneClientAdapterImpl.java:660)
	at org.apache.hadoop.fs.ozone.BasicRootedOzoneFileSystem.getTrashRoots(BasicRootedOzoneFileSystem.java:824)
	at org.apache.hadoop.fs.ozone.TestRootedOzoneFileSystem.testGetTrashRoots(TestRootedOzoneFileSystem.java:1441)
	at sun.reflect.NativeMethodAccessorImpl.invoke0(Native Method)
	at sun.reflect.NativeMethodAccessorImpl.invoke(NativeMethodAccessorImpl.java:62)
	at sun.reflect.DelegatingMethodAccessorImpl.invoke(DelegatingMethodAccessorImpl.java:43)
	at java.lang.reflect.Method.invoke(Method.java:498)
	at org.junit.runners.model.FrameworkMethod$1.runReflectiveCall(FrameworkMethod.java:59)
	at org.junit.internal.runners.model.ReflectiveCallable.run(ReflectiveCallable.java:12)
	at org.junit.runners.model.FrameworkMethod.invokeExplosively(FrameworkMethod.java:56)
	at org.junit.internal.runners.statements.InvokeMethod.evaluate(InvokeMethod.java:17)
	at org.junit.internal.runners.statements.RunBefores.evaluate(RunBefores.java:26)
	at org.junit.internal.runners.statements.RunAfters.evaluate(RunAfters.java:27)
	at org.junit.internal.runners.statements.FailOnTimeout$CallableStatement.call(FailOnTimeout.java:288)
	at org.junit.internal.runners.statements.FailOnTimeout$CallableStatement.call(FailOnTimeout.java:282)
	at java.util.concurrent.FutureTask.run(FutureTask.java:266)
	at java.lang.Thread.run(Thread.java:750)
01:03:40.797 [IPC Server handler 12 on default port 34317] ERROR OMAudit - user=runner | ip=127.0.0.1 | op=GET_FILE_STATUS {volume=volume-70220, bucket=bucket3, key=.Trash, dataSize=0, replicationConfig=null} | ret=FAILURE
org.apache.hadoop.ozone.om.exceptions.OMException: Unable to get file status: volume: volume-70220 bucket: bucket3 key: .Trash
	at org.apache.hadoop.ozone.om.KeyManagerImpl.getOzoneFileStatusFSO(KeyManagerImpl.java:1389) ~[ozone-manager-1.3.0-SNAPSHOT.jar:?]
	at org.apache.hadoop.ozone.om.KeyManagerImpl.getFileStatus(KeyManagerImpl.java:1252) ~[ozone-manager-1.3.0-SNAPSHOT.jar:?]
	at org.apache.hadoop.ozone.om.OzoneManager.getFileStatus(OzoneManager.java:3507) ~[ozone-manager-1.3.0-SNAPSHOT.jar:?]
	at org.apache.hadoop.ozone.protocolPB.OzoneManagerRequestHandler.getOzoneFileStatus(OzoneManagerRequestHandler.java:882) ~[ozone-manager-1.3.0-SNAPSHOT.jar:?]
	at org.apache.hadoop.ozone.protocolPB.OzoneManagerRequestHandler.handleReadRequest(OzoneManagerRequestHandler.java:228) ~[ozone-manager-1.3.0-SNAPSHOT.jar:?]
	at org.apache.hadoop.ozone.protocolPB.OzoneManagerProtocolServerSideTranslatorPB.submitReadRequestToOM(OzoneManagerProtocolServerSideTranslatorPB.java:226) ~[ozone-manager-1.3.0-SNAPSHOT.jar:?]
	at org.apache.hadoop.ozone.protocolPB.OzoneManagerProtocolServerSideTranslatorPB.processRequest(OzoneManagerProtocolServerSideTranslatorPB.java:175) ~[ozone-manager-1.3.0-SNAPSHOT.jar:?]
	at org.apache.hadoop.hdds.server.OzoneProtocolMessageDispatcher.processRequest(OzoneProtocolMessageDispatcher.java:87) [hdds-server-framework-1.3.0-SNAPSHOT.jar:?]
	at org.apache.hadoop.ozone.protocolPB.OzoneManagerProtocolServerSideTranslatorPB.submitRequest(OzoneManagerProtocolServerSideTranslatorPB.java:147) [ozone-manager-1.3.0-SNAPSHOT.jar:?]
	at org.apache.hadoop.ozone.protocol.proto.OzoneManagerProtocolProtos$OzoneManagerService$2.callBlockingMethod(OzoneManagerProtocolProtos.java) [ozone-interface-client-1.3.0-SNAPSHOT.jar:?]
	at org.apache.hadoop.ipc.ProtobufRpcEngine$Server.processCall(ProtobufRpcEngine.java:466) [hadoop-common-3.3.1.jar:?]
	at org.apache.hadoop.ipc.ProtobufRpcEngine2$Server$ProtoBufRpcInvoker.call(ProtobufRpcEngine2.java:574) [hadoop-common-3.3.1.jar:?]
	at org.apache.hadoop.ipc.ProtobufRpcEngine2$Server$ProtoBufRpcInvoker.call(ProtobufRpcEngine2.java:552) [hadoop-common-3.3.1.jar:?]
	at org.apache.hadoop.ipc.RPC$Server.call(RPC.java:1093) [hadoop-common-3.3.1.jar:?]
	at org.apache.hadoop.ipc.Server$RpcCall.run(Server.java:1035) [hadoop-common-3.3.1.jar:?]
	at org.apache.hadoop.ipc.Server$RpcCall.run(Server.java:963) [hadoop-common-3.3.1.jar:?]
	at java.security.AccessController.doPrivileged(Native Method) ~[?:1.8.0_345]
	at javax.security.auth.Subject.doAs(Subject.java:422) [?:1.8.0_345]
	at org.apache.hadoop.security.UserGroupInformation.doAs(UserGroupInformation.java:1878) [hadoop-common-3.3.1.jar:?]
	at org.apache.hadoop.ipc.Server$Handler.run(Server.java:2966) [hadoop-common-3.3.1.jar:?]
2022-10-06 01:03:40,797 [Time-limited test] WARN  ozone.BasicRootedOzoneFileSystem (BasicRootedOzoneFileSystem.java:getFileStatus(879)) - GetFileStatus failed for path /volume-70220/bucket3/.Trash
java.io.FileNotFoundException: .Trash: No such file or directory!
	at org.apache.hadoop.fs.ozone.BasicRootedOzoneClientAdapterImpl.getFileStatus(BasicRootedOzoneClientAdapterImpl.java:617)
	at org.apache.hadoop.fs.ozone.BasicRootedOzoneFileSystem.getFileStatus(BasicRootedOzoneFileSystem.java:869)
	at org.apache.hadoop.fs.FileSystem.exists(FileSystem.java:1760)
	at org.apache.hadoop.fs.ozone.BasicRootedOzoneFileSystem.exists(BasicRootedOzoneFileSystem.java:918)
	at org.apache.hadoop.fs.ozone.BasicRootedOzoneClientAdapterImpl.getTrashRoots(BasicRootedOzoneClientAdapterImpl.java:660)
	at org.apache.hadoop.fs.ozone.BasicRootedOzoneFileSystem.getTrashRoots(BasicRootedOzoneFileSystem.java:824)
	at org.apache.hadoop.fs.ozone.TestRootedOzoneFileSystem.testGetTrashRoots(TestRootedOzoneFileSystem.java:1441)
	at sun.reflect.NativeMethodAccessorImpl.invoke0(Native Method)
	at sun.reflect.NativeMethodAccessorImpl.invoke(NativeMethodAccessorImpl.java:62)
	at sun.reflect.DelegatingMethodAccessorImpl.invoke(DelegatingMethodAccessorImpl.java:43)
	at java.lang.reflect.Method.invoke(Method.java:498)
	at org.junit.runners.model.FrameworkMethod$1.runReflectiveCall(FrameworkMethod.java:59)
	at org.junit.internal.runners.model.ReflectiveCallable.run(ReflectiveCallable.java:12)
	at org.junit.runners.model.FrameworkMethod.invokeExplosively(FrameworkMethod.java:56)
	at org.junit.internal.runners.statements.InvokeMethod.evaluate(InvokeMethod.java:17)
	at org.junit.internal.runners.statements.RunBefores.evaluate(RunBefores.java:26)
	at org.junit.internal.runners.statements.RunAfters.evaluate(RunAfters.java:27)
	at org.junit.internal.runners.statements.FailOnTimeout$CallableStatement.call(FailOnTimeout.java:288)
	at org.junit.internal.runners.statements.FailOnTimeout$CallableStatement.call(FailOnTimeout.java:282)
	at java.util.concurrent.FutureTask.run(FutureTask.java:266)
	at java.lang.Thread.run(Thread.java:750)
01:03:40.799 [IPC Server handler 6 on default port 34317] ERROR OMAudit - user=runner | ip=127.0.0.1 | op=GET_FILE_STATUS {volume=volume52277, bucket=bucket51437, key=.Trash, dataSize=0, replicationConfig=null} | ret=FAILURE
org.apache.hadoop.ozone.om.exceptions.OMException: Unable to get file status: volume: volume52277 bucket: bucket51437 key: .Trash
	at org.apache.hadoop.ozone.om.KeyManagerImpl.getOzoneFileStatusFSO(KeyManagerImpl.java:1389) ~[ozone-manager-1.3.0-SNAPSHOT.jar:?]
	at org.apache.hadoop.ozone.om.KeyManagerImpl.getFileStatus(KeyManagerImpl.java:1252) ~[ozone-manager-1.3.0-SNAPSHOT.jar:?]
	at org.apache.hadoop.ozone.om.OzoneManager.getFileStatus(OzoneManager.java:3507) ~[ozone-manager-1.3.0-SNAPSHOT.jar:?]
	at org.apache.hadoop.ozone.protocolPB.OzoneManagerRequestHandler.getOzoneFileStatus(OzoneManagerRequestHandler.java:882) ~[ozone-manager-1.3.0-SNAPSHOT.jar:?]
	at org.apache.hadoop.ozone.protocolPB.OzoneManagerRequestHandler.handleReadRequest(OzoneManagerRequestHandler.java:228) ~[ozone-manager-1.3.0-SNAPSHOT.jar:?]
	at org.apache.hadoop.ozone.protocolPB.OzoneManagerProtocolServerSideTranslatorPB.submitReadRequestToOM(OzoneManagerProtocolServerSideTranslatorPB.java:226) ~[ozone-manager-1.3.0-SNAPSHOT.jar:?]
	at org.apache.hadoop.ozone.protocolPB.OzoneManagerProtocolServerSideTranslatorPB.processRequest(OzoneManagerProtocolServerSideTranslatorPB.java:175) ~[ozone-manager-1.3.0-SNAPSHOT.jar:?]
	at org.apache.hadoop.hdds.server.OzoneProtocolMessageDispatcher.processRequest(OzoneProtocolMessageDispatcher.java:87) [hdds-server-framework-1.3.0-SNAPSHOT.jar:?]
	at org.apache.hadoop.ozone.protocolPB.OzoneManagerProtocolServerSideTranslatorPB.submitRequest(OzoneManagerProtocolServerSideTranslatorPB.java:147) [ozone-manager-1.3.0-SNAPSHOT.jar:?]
	at org.apache.hadoop.ozone.protocol.proto.OzoneManagerProtocolProtos$OzoneManagerService$2.callBlockingMethod(OzoneManagerProtocolProtos.java) [ozone-interface-client-1.3.0-SNAPSHOT.jar:?]
	at org.apache.hadoop.ipc.ProtobufRpcEngine$Server.processCall(ProtobufRpcEngine.java:466) [hadoop-common-3.3.1.jar:?]
	at org.apache.hadoop.ipc.ProtobufRpcEngine2$Server$ProtoBufRpcInvoker.call(ProtobufRpcEngine2.java:574) [hadoop-common-3.3.1.jar:?]
	at org.apache.hadoop.ipc.ProtobufRpcEngine2$Server$ProtoBufRpcInvoker.call(ProtobufRpcEngine2.java:552) [hadoop-common-3.3.1.jar:?]
	at org.apache.hadoop.ipc.RPC$Server.call(RPC.java:1093) [hadoop-common-3.3.1.jar:?]
	at org.apache.hadoop.ipc.Server$RpcCall.run(Server.java:1035) [hadoop-common-3.3.1.jar:?]
	at org.apache.hadoop.ipc.Server$RpcCall.run(Server.java:963) [hadoop-common-3.3.1.jar:?]
	at java.security.AccessController.doPrivileged(Native Method) ~[?:1.8.0_345]
	at javax.security.auth.Subject.doAs(Subject.java:422) [?:1.8.0_345]
	at org.apache.hadoop.security.UserGroupInformation.doAs(UserGroupInformation.java:1878) [hadoop-common-3.3.1.jar:?]
	at org.apache.hadoop.ipc.Server$Handler.run(Server.java:2966) [hadoop-common-3.3.1.jar:?]
2022-10-06 01:03:40,800 [Time-limited test] WARN  ozone.BasicRootedOzoneFileSystem (BasicRootedOzoneFileSystem.java:getFileStatus(879)) - GetFileStatus failed for path /volume52277/bucket51437/.Trash
java.io.FileNotFoundException: .Trash: No such file or directory!
	at org.apache.hadoop.fs.ozone.BasicRootedOzoneClientAdapterImpl.getFileStatus(BasicRootedOzoneClientAdapterImpl.java:617)
	at org.apache.hadoop.fs.ozone.BasicRootedOzoneFileSystem.getFileStatus(BasicRootedOzoneFileSystem.java:869)
	at org.apache.hadoop.fs.FileSystem.exists(FileSystem.java:1760)
	at org.apache.hadoop.fs.ozone.BasicRootedOzoneFileSystem.exists(BasicRootedOzoneFileSystem.java:918)
	at org.apache.hadoop.fs.ozone.BasicRootedOzoneClientAdapterImpl.getTrashRoots(BasicRootedOzoneClientAdapterImpl.java:660)
	at org.apache.hadoop.fs.ozone.BasicRootedOzoneFileSystem.getTrashRoots(BasicRootedOzoneFileSystem.java:824)
	at org.apache.hadoop.fs.ozone.TestRootedOzoneFileSystem.testGetTrashRoots(TestRootedOzoneFileSystem.java:1441)
	at sun.reflect.NativeMethodAccessorImpl.invoke0(Native Method)
	at sun.reflect.NativeMethodAccessorImpl.invoke(NativeMethodAccessorImpl.java:62)
	at sun.reflect.DelegatingMethodAccessorImpl.invoke(DelegatingMethodAccessorImpl.java:43)
	at java.lang.reflect.Method.invoke(Method.java:498)
	at org.junit.runners.model.FrameworkMethod$1.runReflectiveCall(FrameworkMethod.java:59)
	at org.junit.internal.runners.model.ReflectiveCallable.run(ReflectiveCallable.java:12)
	at org.junit.runners.model.FrameworkMethod.invokeExplosively(FrameworkMethod.java:56)
	at org.junit.internal.runners.statements.InvokeMethod.evaluate(InvokeMethod.java:17)
	at org.junit.internal.runners.statements.RunBefores.evaluate(RunBefores.java:26)
	at org.junit.internal.runners.statements.RunAfters.evaluate(RunAfters.java:27)
	at org.junit.internal.runners.statements.FailOnTimeout$CallableStatement.call(FailOnTimeout.java:288)
	at org.junit.internal.runners.statements.FailOnTimeout$CallableStatement.call(FailOnTimeout.java:282)
	at java.util.concurrent.FutureTask.run(FutureTask.java:266)
	at java.lang.Thread.run(Thread.java:750)
01:03:40.804 [IPC Server handler 14 on default port 34317] ERROR OMAudit - user=runner | ip=127.0.0.1 | op=GET_FILE_STATUS {volume=volume-47606, bucket=bucket-57938, key=.Trash/runner, dataSize=0, replicationConfig=null} | ret=FAILURE
org.apache.hadoop.ozone.om.exceptions.OMException: Unable to get file status: volume: volume-47606 bucket: bucket-57938 key: .Trash/runner
	at org.apache.hadoop.ozone.om.KeyManagerImpl.getOzoneFileStatusFSO(KeyManagerImpl.java:1389) ~[ozone-manager-1.3.0-SNAPSHOT.jar:?]
	at org.apache.hadoop.ozone.om.KeyManagerImpl.getFileStatus(KeyManagerImpl.java:1252) ~[ozone-manager-1.3.0-SNAPSHOT.jar:?]
	at org.apache.hadoop.ozone.om.OzoneManager.getFileStatus(OzoneManager.java:3507) ~[ozone-manager-1.3.0-SNAPSHOT.jar:?]
	at org.apache.hadoop.ozone.protocolPB.OzoneManagerRequestHandler.getOzoneFileStatus(OzoneManagerRequestHandler.java:882) ~[ozone-manager-1.3.0-SNAPSHOT.jar:?]
	at org.apache.hadoop.ozone.protocolPB.OzoneManagerRequestHandler.handleReadRequest(OzoneManagerRequestHandler.java:228) ~[ozone-manager-1.3.0-SNAPSHOT.jar:?]
	at org.apache.hadoop.ozone.protocolPB.OzoneManagerProtocolServerSideTranslatorPB.submitReadRequestToOM(OzoneManagerProtocolServerSideTranslatorPB.java:226) ~[ozone-manager-1.3.0-SNAPSHOT.jar:?]
	at org.apache.hadoop.ozone.protocolPB.OzoneManagerProtocolServerSideTranslatorPB.processRequest(OzoneManagerProtocolServerSideTranslatorPB.java:175) ~[ozone-manager-1.3.0-SNAPSHOT.jar:?]
	at org.apache.hadoop.hdds.server.OzoneProtocolMessageDispatcher.processRequest(OzoneProtocolMessageDispatcher.java:87) [hdds-server-framework-1.3.0-SNAPSHOT.jar:?]
	at org.apache.hadoop.ozone.protocolPB.OzoneManagerProtocolServerSideTranslatorPB.submitRequest(OzoneManagerProtocolServerSideTranslatorPB.java:147) [ozone-manager-1.3.0-SNAPSHOT.jar:?]
	at org.apache.hadoop.ozone.protocol.proto.OzoneManagerProtocolProtos$OzoneManagerService$2.callBlockingMethod(OzoneManagerProtocolProtos.java) [ozone-interface-client-1.3.0-SNAPSHOT.jar:?]
	at org.apache.hadoop.ipc.ProtobufRpcEngine$Server.processCall(ProtobufRpcEngine.java:466) [hadoop-common-3.3.1.jar:?]
	at org.apache.hadoop.ipc.ProtobufRpcEngine2$Server$ProtoBufRpcInvoker.call(ProtobufRpcEngine2.java:574) [hadoop-common-3.3.1.jar:?]
	at org.apache.hadoop.ipc.ProtobufRpcEngine2$Server$ProtoBufRpcInvoker.call(ProtobufRpcEngine2.java:552) [hadoop-common-3.3.1.jar:?]
	at org.apache.hadoop.ipc.RPC$Server.call(RPC.java:1093) [hadoop-common-3.3.1.jar:?]
	at org.apache.hadoop.ipc.Server$RpcCall.run(Server.java:1035) [hadoop-common-3.3.1.jar:?]
	at org.apache.hadoop.ipc.Server$RpcCall.run(Server.java:963) [hadoop-common-3.3.1.jar:?]
	at java.security.AccessController.doPrivileged(Native Method) ~[?:1.8.0_345]
	at javax.security.auth.Subject.doAs(Subject.java:422) [?:1.8.0_345]
	at org.apache.hadoop.security.UserGroupInformation.doAs(UserGroupInformation.java:1878) [hadoop-common-3.3.1.jar:?]
	at org.apache.hadoop.ipc.Server$Handler.run(Server.java:2966) [hadoop-common-3.3.1.jar:?]
2022-10-06 01:03:40,806 [Time-limited test] WARN  ozone.BasicRootedOzoneFileSystem (BasicRootedOzoneFileSystem.java:getFileStatus(879)) - GetFileStatus failed for path /volume-47606/bucket-57938/.Trash/runner
java.io.FileNotFoundException: .Trash/runner: No such file or directory!
	at org.apache.hadoop.fs.ozone.BasicRootedOzoneClientAdapterImpl.getFileStatus(BasicRootedOzoneClientAdapterImpl.java:617)
	at org.apache.hadoop.fs.ozone.BasicRootedOzoneFileSystem.getFileStatus(BasicRootedOzoneFileSystem.java:869)
	at org.apache.hadoop.fs.FileSystem.exists(FileSystem.java:1760)
	at org.apache.hadoop.fs.ozone.BasicRootedOzoneFileSystem.exists(BasicRootedOzoneFileSystem.java:918)
	at org.apache.hadoop.fs.ozone.BasicRootedOzoneClientAdapterImpl.getTrashRoots(BasicRootedOzoneClientAdapterImpl.java:669)
	at org.apache.hadoop.fs.ozone.BasicRootedOzoneFileSystem.getTrashRoots(BasicRootedOzoneFileSystem.java:824)
	at org.apache.hadoop.fs.ozone.TestRootedOzoneFileSystem.testGetTrashRoots(TestRootedOzoneFileSystem.java:1445)
	at sun.reflect.NativeMethodAccessorImpl.invoke0(Native Method)
	at sun.reflect.NativeMethodAccessorImpl.invoke(NativeMethodAccessorImpl.java:62)
	at sun.reflect.DelegatingMethodAccessorImpl.invoke(DelegatingMethodAccessorImpl.java:43)
	at java.lang.reflect.Method.invoke(Method.java:498)
	at org.junit.runners.model.FrameworkMethod$1.runReflectiveCall(FrameworkMethod.java:59)
	at org.junit.internal.runners.model.ReflectiveCallable.run(ReflectiveCallable.java:12)
	at org.junit.runners.model.FrameworkMethod.invokeExplosively(FrameworkMethod.java:56)
	at org.junit.internal.runners.statements.InvokeMethod.evaluate(InvokeMethod.java:17)
	at org.junit.internal.runners.statements.RunBefores.evaluate(RunBefores.java:26)
	at org.junit.internal.runners.statements.RunAfters.evaluate(RunAfters.java:27)
	at org.junit.internal.runners.statements.FailOnTimeout$CallableStatement.call(FailOnTimeout.java:288)
	at org.junit.internal.runners.statements.FailOnTimeout$CallableStatement.call(FailOnTimeout.java:282)
	at java.util.concurrent.FutureTask.run(FutureTask.java:266)
	at java.lang.Thread.run(Thread.java:750)
01:03:40.812 [IPC Server handler 8 on default port 34317] ERROR OMAudit - user=runner | ip=127.0.0.1 | op=GET_FILE_STATUS {volume=volume-15061, bucket=bucket-75004, key=.Trash/runner, dataSize=0, replicationConfig=null} | ret=FAILURE
org.apache.hadoop.ozone.om.exceptions.OMException: Unable to get file status: volume: volume-15061 bucket: bucket-75004 key: .Trash/runner
	at org.apache.hadoop.ozone.om.KeyManagerImpl.getOzoneFileStatusFSO(KeyManagerImpl.java:1389) ~[ozone-manager-1.3.0-SNAPSHOT.jar:?]
	at org.apache.hadoop.ozone.om.KeyManagerImpl.getFileStatus(KeyManagerImpl.java:1252) ~[ozone-manager-1.3.0-SNAPSHOT.jar:?]
	at org.apache.hadoop.ozone.om.OzoneManager.getFileStatus(OzoneManager.java:3507) ~[ozone-manager-1.3.0-SNAPSHOT.jar:?]
	at org.apache.hadoop.ozone.protocolPB.OzoneManagerRequestHandler.getOzoneFileStatus(OzoneManagerRequestHandler.java:882) ~[ozone-manager-1.3.0-SNAPSHOT.jar:?]
	at org.apache.hadoop.ozone.protocolPB.OzoneManagerRequestHandler.handleReadRequest(OzoneManagerRequestHandler.java:228) ~[ozone-manager-1.3.0-SNAPSHOT.jar:?]
	at org.apache.hadoop.ozone.protocolPB.OzoneManagerProtocolServerSideTranslatorPB.submitReadRequestToOM(OzoneManagerProtocolServerSideTranslatorPB.java:226) ~[ozone-manager-1.3.0-SNAPSHOT.jar:?]
	at org.apache.hadoop.ozone.protocolPB.OzoneManagerProtocolServerSideTranslatorPB.processRequest(OzoneManagerProtocolServerSideTranslatorPB.java:175) ~[ozone-manager-1.3.0-SNAPSHOT.jar:?]
	at org.apache.hadoop.hdds.server.OzoneProtocolMessageDispatcher.processRequest(OzoneProtocolMessageDispatcher.java:87) [hdds-server-framework-1.3.0-SNAPSHOT.jar:?]
	at org.apache.hadoop.ozone.protocolPB.OzoneManagerProtocolServerSideTranslatorPB.submitRequest(OzoneManagerProtocolServerSideTranslatorPB.java:147) [ozone-manager-1.3.0-SNAPSHOT.jar:?]
	at org.apache.hadoop.ozone.protocol.proto.OzoneManagerProtocolProtos$OzoneManagerService$2.callBlockingMethod(OzoneManagerProtocolProtos.java) [ozone-interface-client-1.3.0-SNAPSHOT.jar:?]
	at org.apache.hadoop.ipc.ProtobufRpcEngine$Server.processCall(ProtobufRpcEngine.java:466) [hadoop-common-3.3.1.jar:?]
	at org.apache.hadoop.ipc.ProtobufRpcEngine2$Server$ProtoBufRpcInvoker.call(ProtobufRpcEngine2.java:574) [hadoop-common-3.3.1.jar:?]
	at org.apache.hadoop.ipc.ProtobufRpcEngine2$Server$ProtoBufRpcInvoker.call(ProtobufRpcEngine2.java:552) [hadoop-common-3.3.1.jar:?]
	at org.apache.hadoop.ipc.RPC$Server.call(RPC.java:1093) [hadoop-common-3.3.1.jar:?]
	at org.apache.hadoop.ipc.Server$RpcCall.run(Server.java:1035) [hadoop-common-3.3.1.jar:?]
	at org.apache.hadoop.ipc.Server$RpcCall.run(Server.java:963) [hadoop-common-3.3.1.jar:?]
	at java.security.AccessController.doPrivileged(Native Method) ~[?:1.8.0_345]
	at javax.security.auth.Subject.doAs(Subject.java:422) [?:1.8.0_345]
	at org.apache.hadoop.security.UserGroupInformation.doAs(UserGroupInformation.java:1878) [hadoop-common-3.3.1.jar:?]
	at org.apache.hadoop.ipc.Server$Handler.run(Server.java:2966) [hadoop-common-3.3.1.jar:?]
2022-10-06 01:03:40,813 [Time-limited test] WARN  ozone.BasicRootedOzoneFileSystem (BasicRootedOzoneFileSystem.java:getFileStatus(879)) - GetFileStatus failed for path /volume-15061/bucket-75004/.Trash/runner
java.io.FileNotFoundException: .Trash/runner: No such file or directory!
	at org.apache.hadoop.fs.ozone.BasicRootedOzoneClientAdapterImpl.getFileStatus(BasicRootedOzoneClientAdapterImpl.java:617)
	at org.apache.hadoop.fs.ozone.BasicRootedOzoneFileSystem.getFileStatus(BasicRootedOzoneFileSystem.java:869)
	at org.apache.hadoop.fs.FileSystem.exists(FileSystem.java:1760)
	at org.apache.hadoop.fs.ozone.BasicRootedOzoneFileSystem.exists(BasicRootedOzoneFileSystem.java:918)
	at org.apache.hadoop.fs.ozone.BasicRootedOzoneClientAdapterImpl.getTrashRoots(BasicRootedOzoneClientAdapterImpl.java:669)
	at org.apache.hadoop.fs.ozone.BasicRootedOzoneFileSystem.getTrashRoots(BasicRootedOzoneFileSystem.java:824)
	at org.apache.hadoop.fs.ozone.TestRootedOzoneFileSystem.testGetTrashRoots(TestRootedOzoneFileSystem.java:1445)
	at sun.reflect.NativeMethodAccessorImpl.invoke0(Native Method)
	at sun.reflect.NativeMethodAccessorImpl.invoke(NativeMethodAccessorImpl.java:62)
	at sun.reflect.DelegatingMethodAccessorImpl.invoke(DelegatingMethodAccessorImpl.java:43)
	at java.lang.reflect.Method.invoke(Method.java:498)
	at org.junit.runners.model.FrameworkMethod$1.runReflectiveCall(FrameworkMethod.java:59)
	at org.junit.internal.runners.model.ReflectiveCallable.run(ReflectiveCallable.java:12)
	at org.junit.runners.model.FrameworkMethod.invokeExplosively(FrameworkMethod.java:56)
	at org.junit.internal.runners.statements.InvokeMethod.evaluate(InvokeMethod.java:17)
	at org.junit.internal.runners.statements.RunBefores.evaluate(RunBefores.java:26)
	at org.junit.internal.runners.statements.RunAfters.evaluate(RunAfters.java:27)
	at org.junit.internal.runners.statements.FailOnTimeout$CallableStatement.call(FailOnTimeout.java:288)
	at org.junit.internal.runners.statements.FailOnTimeout$CallableStatement.call(FailOnTimeout.java:282)
	at java.util.concurrent.FutureTask.run(FutureTask.java:266)
	at java.lang.Thread.run(Thread.java:750)
01:03:40.815 [IPC Server handler 4 on default port 34317] ERROR OMAudit - user=runner | ip=127.0.0.1 | op=GET_FILE_STATUS {volume=volume-70220, bucket=bucket3, key=.Trash/runner, dataSize=0, replicationConfig=null} | ret=FAILURE
org.apache.hadoop.ozone.om.exceptions.OMException: Unable to get file status: volume: volume-70220 bucket: bucket3 key: .Trash/runner
	at org.apache.hadoop.ozone.om.KeyManagerImpl.getOzoneFileStatusFSO(KeyManagerImpl.java:1389) ~[ozone-manager-1.3.0-SNAPSHOT.jar:?]
	at org.apache.hadoop.ozone.om.KeyManagerImpl.getFileStatus(KeyManagerImpl.java:1252) ~[ozone-manager-1.3.0-SNAPSHOT.jar:?]
	at org.apache.hadoop.ozone.om.OzoneManager.getFileStatus(OzoneManager.java:3507) ~[ozone-manager-1.3.0-SNAPSHOT.jar:?]
	at org.apache.hadoop.ozone.protocolPB.OzoneManagerRequestHandler.getOzoneFileStatus(OzoneManagerRequestHandler.java:882) ~[ozone-manager-1.3.0-SNAPSHOT.jar:?]
	at org.apache.hadoop.ozone.protocolPB.OzoneManagerRequestHandler.handleReadRequest(OzoneManagerRequestHandler.java:228) ~[ozone-manager-1.3.0-SNAPSHOT.jar:?]
	at org.apache.hadoop.ozone.protocolPB.OzoneManagerProtocolServerSideTranslatorPB.submitReadRequestToOM(OzoneManagerProtocolServerSideTranslatorPB.java:226) ~[ozone-manager-1.3.0-SNAPSHOT.jar:?]
	at org.apache.hadoop.ozone.protocolPB.OzoneManagerProtocolServerSideTranslatorPB.processRequest(OzoneManagerProtocolServerSideTranslatorPB.java:175) ~[ozone-manager-1.3.0-SNAPSHOT.jar:?]
	at org.apache.hadoop.hdds.server.OzoneProtocolMessageDispatcher.processRequest(OzoneProtocolMessageDispatcher.java:87) [hdds-server-framework-1.3.0-SNAPSHOT.jar:?]
	at org.apache.hadoop.ozone.protocolPB.OzoneManagerProtocolServerSideTranslatorPB.submitRequest(OzoneManagerProtocolServerSideTranslatorPB.java:147) [ozone-manager-1.3.0-SNAPSHOT.jar:?]
	at org.apache.hadoop.ozone.protocol.proto.OzoneManagerProtocolProtos$OzoneManagerService$2.callBlockingMethod(OzoneManagerProtocolProtos.java) [ozone-interface-client-1.3.0-SNAPSHOT.jar:?]
	at org.apache.hadoop.ipc.ProtobufRpcEngine$Server.processCall(ProtobufRpcEngine.java:466) [hadoop-common-3.3.1.jar:?]
	at org.apache.hadoop.ipc.ProtobufRpcEngine2$Server$ProtoBufRpcInvoker.call(ProtobufRpcEngine2.java:574) [hadoop-common-3.3.1.jar:?]
	at org.apache.hadoop.ipc.ProtobufRpcEngine2$Server$ProtoBufRpcInvoker.call(ProtobufRpcEngine2.java:552) [hadoop-common-3.3.1.jar:?]
	at org.apache.hadoop.ipc.RPC$Server.call(RPC.java:1093) [hadoop-common-3.3.1.jar:?]
	at org.apache.hadoop.ipc.Server$RpcCall.run(Server.java:1035) [hadoop-common-3.3.1.jar:?]
	at org.apache.hadoop.ipc.Server$RpcCall.run(Server.java:963) [hadoop-common-3.3.1.jar:?]
	at java.security.AccessController.doPrivileged(Native Method) ~[?:1.8.0_345]
	at javax.security.auth.Subject.doAs(Subject.java:422) [?:1.8.0_345]
	at org.apache.hadoop.security.UserGroupInformation.doAs(UserGroupInformation.java:1878) [hadoop-common-3.3.1.jar:?]
	at org.apache.hadoop.ipc.Server$Handler.run(Server.java:2966) [hadoop-common-3.3.1.jar:?]
2022-10-06 01:03:40,815 [Time-limited test] WARN  ozone.BasicRootedOzoneFileSystem (BasicRootedOzoneFileSystem.java:getFileStatus(879)) - GetFileStatus failed for path /volume-70220/bucket3/.Trash/runner
java.io.FileNotFoundException: .Trash/runner: No such file or directory!
	at org.apache.hadoop.fs.ozone.BasicRootedOzoneClientAdapterImpl.getFileStatus(BasicRootedOzoneClientAdapterImpl.java:617)
	at org.apache.hadoop.fs.ozone.BasicRootedOzoneFileSystem.getFileStatus(BasicRootedOzoneFileSystem.java:869)
	at org.apache.hadoop.fs.FileSystem.exists(FileSystem.java:1760)
	at org.apache.hadoop.fs.ozone.BasicRootedOzoneFileSystem.exists(BasicRootedOzoneFileSystem.java:918)
	at org.apache.hadoop.fs.ozone.BasicRootedOzoneClientAdapterImpl.getTrashRoots(BasicRootedOzoneClientAdapterImpl.java:669)
	at org.apache.hadoop.fs.ozone.BasicRootedOzoneFileSystem.getTrashRoots(BasicRootedOzoneFileSystem.java:824)
	at org.apache.hadoop.fs.ozone.TestRootedOzoneFileSystem.testGetTrashRoots(TestRootedOzoneFileSystem.java:1445)
	at sun.reflect.NativeMethodAccessorImpl.invoke0(Native Method)
	at sun.reflect.NativeMethodAccessorImpl.invoke(NativeMethodAccessorImpl.java:62)
	at sun.reflect.DelegatingMethodAccessorImpl.invoke(DelegatingMethodAccessorImpl.java:43)
	at java.lang.reflect.Method.invoke(Method.java:498)
	at org.junit.runners.model.FrameworkMethod$1.runReflectiveCall(FrameworkMethod.java:59)
	at org.junit.internal.runners.model.ReflectiveCallable.run(ReflectiveCallable.java:12)
	at org.junit.runners.model.FrameworkMethod.invokeExplosively(FrameworkMethod.java:56)
	at org.junit.internal.runners.statements.InvokeMethod.evaluate(InvokeMethod.java:17)
	at org.junit.internal.runners.statements.RunBefores.evaluate(RunBefores.java:26)
	at org.junit.internal.runners.statements.RunAfters.evaluate(RunAfters.java:27)
	at org.junit.internal.runners.statements.FailOnTimeout$CallableStatement.call(FailOnTimeout.java:288)
	at org.junit.internal.runners.statements.FailOnTimeout$CallableStatement.call(FailOnTimeout.java:282)
	at java.util.concurrent.FutureTask.run(FutureTask.java:266)
	at java.lang.Thread.run(Thread.java:750)
01:03:40.818 [IPC Server handler 17 on default port 34317] ERROR OMAudit - user=runner | ip=127.0.0.1 | op=GET_FILE_STATUS {volume=41812c2c-f6d7-4f0f-be5c-cc1f0b07cd78, bucket=0df5328d-eeb1-4c32-87ea-33cd10a8a7f6, key=.Trash, dataSize=0, replicationConfig=null} | ret=FAILURE
org.apache.hadoop.ozone.om.exceptions.OMException: Unable to get file status: volume: 41812c2c-f6d7-4f0f-be5c-cc1f0b07cd78 bucket: 0df5328d-eeb1-4c32-87ea-33cd10a8a7f6 key: .Trash
	at org.apache.hadoop.ozone.om.KeyManagerImpl.getOzoneFileStatus(KeyManagerImpl.java:1324) ~[ozone-manager-1.3.0-SNAPSHOT.jar:?]
	at org.apache.hadoop.ozone.om.KeyManagerImpl.getFileStatus(KeyManagerImpl.java:1254) ~[ozone-manager-1.3.0-SNAPSHOT.jar:?]
	at org.apache.hadoop.ozone.om.OzoneManager.getFileStatus(OzoneManager.java:3507) ~[ozone-manager-1.3.0-SNAPSHOT.jar:?]
	at org.apache.hadoop.ozone.protocolPB.OzoneManagerRequestHandler.getOzoneFileStatus(OzoneManagerRequestHandler.java:882) ~[ozone-manager-1.3.0-SNAPSHOT.jar:?]
	at org.apache.hadoop.ozone.protocolPB.OzoneManagerRequestHandler.handleReadRequest(OzoneManagerRequestHandler.java:228) ~[ozone-manager-1.3.0-SNAPSHOT.jar:?]
	at org.apache.hadoop.ozone.protocolPB.OzoneManagerProtocolServerSideTranslatorPB.submitReadRequestToOM(OzoneManagerProtocolServerSideTranslatorPB.java:226) ~[ozone-manager-1.3.0-SNAPSHOT.jar:?]
	at org.apache.hadoop.ozone.protocolPB.OzoneManagerProtocolServerSideTranslatorPB.processRequest(OzoneManagerProtocolServerSideTranslatorPB.java:175) ~[ozone-manager-1.3.0-SNAPSHOT.jar:?]
	at org.apache.hadoop.hdds.server.OzoneProtocolMessageDispatcher.processRequest(OzoneProtocolMessageDispatcher.java:87) [hdds-server-framework-1.3.0-SNAPSHOT.jar:?]
	at org.apache.hadoop.ozone.protocolPB.OzoneManagerProtocolServerSideTranslatorPB.submitRequest(OzoneManagerProtocolServerSideTranslatorPB.java:147) [ozone-manager-1.3.0-SNAPSHOT.jar:?]
	at org.apache.hadoop.ozone.protocol.proto.OzoneManagerProtocolProtos$OzoneManagerService$2.callBlockingMethod(OzoneManagerProtocolProtos.java) [ozone-interface-client-1.3.0-SNAPSHOT.jar:?]
	at org.apache.hadoop.ipc.ProtobufRpcEngine$Server.processCall(ProtobufRpcEngine.java:466) [hadoop-common-3.3.1.jar:?]
	at org.apache.hadoop.ipc.ProtobufRpcEngine2$Server$ProtoBufRpcInvoker.call(ProtobufRpcEngine2.java:574) [hadoop-common-3.3.1.jar:?]
	at org.apache.hadoop.ipc.ProtobufRpcEngine2$Server$ProtoBufRpcInvoker.call(ProtobufRpcEngine2.java:552) [hadoop-common-3.3.1.jar:?]
	at org.apache.hadoop.ipc.RPC$Server.call(RPC.java:1093) [hadoop-common-3.3.1.jar:?]
	at org.apache.hadoop.ipc.Server$RpcCall.run(Server.java:1035) [hadoop-common-3.3.1.jar:?]
	at org.apache.hadoop.ipc.Server$RpcCall.run(Server.java:963) [hadoop-common-3.3.1.jar:?]
	at java.security.AccessController.doPrivileged(Native Method) ~[?:1.8.0_345]
	at javax.security.auth.Subject.doAs(Subject.java:422) [?:1.8.0_345]
	at org.apache.hadoop.security.UserGroupInformation.doAs(UserGroupInformation.java:1878) [hadoop-common-3.3.1.jar:?]
	at org.apache.hadoop.ipc.Server$Handler.run(Server.java:2966) [hadoop-common-3.3.1.jar:?]
2022-10-06 01:03:40,819 [Time-limited test] WARN  ozone.BasicRootedOzoneFileSystem (BasicRootedOzoneFileSystem.java:getFileStatus(879)) - GetFileStatus failed for path /41812c2c-f6d7-4f0f-be5c-cc1f0b07cd78/0df5328d-eeb1-4c32-87ea-33cd10a8a7f6/.Trash
java.io.FileNotFoundException: .Trash: No such file or directory!
	at org.apache.hadoop.fs.ozone.BasicRootedOzoneClientAdapterImpl.getFileStatus(BasicRootedOzoneClientAdapterImpl.java:617)
	at org.apache.hadoop.fs.ozone.BasicRootedOzoneFileSystem.getFileStatus(BasicRootedOzoneFileSystem.java:869)
	at org.apache.hadoop.fs.FileSystem.exists(FileSystem.java:1760)
	at org.apache.hadoop.fs.ozone.BasicRootedOzoneFileSystem.exists(BasicRootedOzoneFileSystem.java:918)
	at org.apache.hadoop.fs.ozone.BasicRootedOzoneClientAdapterImpl.getTrashRoots(BasicRootedOzoneClientAdapterImpl.java:660)
	at org.apache.hadoop.fs.ozone.BasicRootedOzoneFileSystem.getTrashRoots(BasicRootedOzoneFileSystem.java:824)
	at org.apache.hadoop.fs.ozone.TestRootedOzoneFileSystem.testGetTrashRoots(TestRootedOzoneFileSystem.java:1448)
	at sun.reflect.NativeMethodAccessorImpl.invoke0(Native Method)
	at sun.reflect.NativeMethodAccessorImpl.invoke(NativeMethodAccessorImpl.java:62)
	at sun.reflect.DelegatingMethodAccessorImpl.invoke(DelegatingMethodAccessorImpl.java:43)
	at java.lang.reflect.Method.invoke(Method.java:498)
	at org.junit.runners.model.FrameworkMethod$1.runReflectiveCall(FrameworkMethod.java:59)
	at org.junit.internal.runners.model.ReflectiveCallable.run(ReflectiveCallable.java:12)
	at org.junit.runners.model.FrameworkMethod.invokeExplosively(FrameworkMethod.java:56)
	at org.junit.internal.runners.statements.InvokeMethod.evaluate(InvokeMethod.java:17)
	at org.junit.internal.runners.statements.RunBefores.evaluate(RunBefores.java:26)
	at org.junit.internal.runners.statements.RunAfters.evaluate(RunAfters.java:27)
	at org.junit.internal.runners.statements.FailOnTimeout$CallableStatement.call(FailOnTimeout.java:288)
	at org.junit.internal.runners.statements.FailOnTimeout$CallableStatement.call(FailOnTimeout.java:282)
	at java.util.concurrent.FutureTask.run(FutureTask.java:266)
	at java.lang.Thread.run(Thread.java:750)
01:03:40.821 [IPC Server handler 12 on default port 34317] ERROR OMAudit - user=runner | ip=127.0.0.1 | op=GET_FILE_STATUS {volume=volume-15061, bucket=bucket-75004, key=.Trash, dataSize=0, replicationConfig=null} | ret=FAILURE
org.apache.hadoop.ozone.om.exceptions.OMException: Unable to get file status: volume: volume-15061 bucket: bucket-75004 key: .Trash
	at org.apache.hadoop.ozone.om.KeyManagerImpl.getOzoneFileStatusFSO(KeyManagerImpl.java:1389) ~[ozone-manager-1.3.0-SNAPSHOT.jar:?]
	at org.apache.hadoop.ozone.om.KeyManagerImpl.getFileStatus(KeyManagerImpl.java:1252) ~[ozone-manager-1.3.0-SNAPSHOT.jar:?]
	at org.apache.hadoop.ozone.om.OzoneManager.getFileStatus(OzoneManager.java:3507) ~[ozone-manager-1.3.0-SNAPSHOT.jar:?]
	at org.apache.hadoop.ozone.protocolPB.OzoneManagerRequestHandler.getOzoneFileStatus(OzoneManagerRequestHandler.java:882) ~[ozone-manager-1.3.0-SNAPSHOT.jar:?]
	at org.apache.hadoop.ozone.protocolPB.OzoneManagerRequestHandler.handleReadRequest(OzoneManagerRequestHandler.java:228) ~[ozone-manager-1.3.0-SNAPSHOT.jar:?]
	at org.apache.hadoop.ozone.protocolPB.OzoneManagerProtocolServerSideTranslatorPB.submitReadRequestToOM(OzoneManagerProtocolServerSideTranslatorPB.java:226) ~[ozone-manager-1.3.0-SNAPSHOT.jar:?]
	at org.apache.hadoop.ozone.protocolPB.OzoneManagerProtocolServerSideTranslatorPB.processRequest(OzoneManagerProtocolServerSideTranslatorPB.java:175) ~[ozone-manager-1.3.0-SNAPSHOT.jar:?]
	at org.apache.hadoop.hdds.server.OzoneProtocolMessageDispatcher.processRequest(OzoneProtocolMessageDispatcher.java:87) [hdds-server-framework-1.3.0-SNAPSHOT.jar:?]
	at org.apache.hadoop.ozone.protocolPB.OzoneManagerProtocolServerSideTranslatorPB.submitRequest(OzoneManagerProtocolServerSideTranslatorPB.java:147) [ozone-manager-1.3.0-SNAPSHOT.jar:?]
	at org.apache.hadoop.ozone.protocol.proto.OzoneManagerProtocolProtos$OzoneManagerService$2.callBlockingMethod(OzoneManagerProtocolProtos.java) [ozone-interface-client-1.3.0-SNAPSHOT.jar:?]
	at org.apache.hadoop.ipc.ProtobufRpcEngine$Server.processCall(ProtobufRpcEngine.java:466) [hadoop-common-3.3.1.jar:?]
	at org.apache.hadoop.ipc.ProtobufRpcEngine2$Server$ProtoBufRpcInvoker.call(ProtobufRpcEngine2.java:574) [hadoop-common-3.3.1.jar:?]
	at org.apache.hadoop.ipc.ProtobufRpcEngine2$Server$ProtoBufRpcInvoker.call(ProtobufRpcEngine2.java:552) [hadoop-common-3.3.1.jar:?]
	at org.apache.hadoop.ipc.RPC$Server.call(RPC.java:1093) [hadoop-common-3.3.1.jar:?]
	at org.apache.hadoop.ipc.Server$RpcCall.run(Server.java:1035) [hadoop-common-3.3.1.jar:?]
	at org.apache.hadoop.ipc.Server$RpcCall.run(Server.java:963) [hadoop-common-3.3.1.jar:?]
	at java.security.AccessController.doPrivileged(Native Method) ~[?:1.8.0_345]
	at javax.security.auth.Subject.doAs(Subject.java:422) [?:1.8.0_345]
	at org.apache.hadoop.security.UserGroupInformation.doAs(UserGroupInformation.java:1878) [hadoop-common-3.3.1.jar:?]
	at org.apache.hadoop.ipc.Server$Handler.run(Server.java:2966) [hadoop-common-3.3.1.jar:?]
2022-10-06 01:03:40,821 [Time-limited test] WARN  ozone.BasicRootedOzoneFileSystem (BasicRootedOzoneFileSystem.java:getFileStatus(879)) - GetFileStatus failed for path /volume-15061/bucket-75004/.Trash
java.io.FileNotFoundException: .Trash: No such file or directory!
	at org.apache.hadoop.fs.ozone.BasicRootedOzoneClientAdapterImpl.getFileStatus(BasicRootedOzoneClientAdapterImpl.java:617)
	at org.apache.hadoop.fs.ozone.BasicRootedOzoneFileSystem.getFileStatus(BasicRootedOzoneFileSystem.java:869)
	at org.apache.hadoop.fs.FileSystem.exists(FileSystem.java:1760)
	at org.apache.hadoop.fs.ozone.BasicRootedOzoneFileSystem.exists(BasicRootedOzoneFileSystem.java:918)
	at org.apache.hadoop.fs.ozone.BasicRootedOzoneClientAdapterImpl.getTrashRoots(BasicRootedOzoneClientAdapterImpl.java:660)
	at org.apache.hadoop.fs.ozone.BasicRootedOzoneFileSystem.getTrashRoots(BasicRootedOzoneFileSystem.java:824)
	at org.apache.hadoop.fs.ozone.TestRootedOzoneFileSystem.testGetTrashRoots(TestRootedOzoneFileSystem.java:1448)
	at sun.reflect.NativeMethodAccessorImpl.invoke0(Native Method)
	at sun.reflect.NativeMethodAccessorImpl.invoke(NativeMethodAccessorImpl.java:62)
	at sun.reflect.DelegatingMethodAccessorImpl.invoke(DelegatingMethodAccessorImpl.java:43)
	at java.lang.reflect.Method.invoke(Method.java:498)
	at org.junit.runners.model.FrameworkMethod$1.runReflectiveCall(FrameworkMethod.java:59)
	at org.junit.internal.runners.model.ReflectiveCallable.run(ReflectiveCallable.java:12)
	at org.junit.runners.model.FrameworkMethod.invokeExplosively(FrameworkMethod.java:56)
	at org.junit.internal.runners.statements.InvokeMethod.evaluate(InvokeMethod.java:17)
	at org.junit.internal.runners.statements.RunBefores.evaluate(RunBefores.java:26)
	at org.junit.internal.runners.statements.RunAfters.evaluate(RunAfters.java:27)
	at org.junit.internal.runners.statements.FailOnTimeout$CallableStatement.call(FailOnTimeout.java:288)
	at org.junit.internal.runners.statements.FailOnTimeout$CallableStatement.call(FailOnTimeout.java:282)
	at java.util.concurrent.FutureTask.run(FutureTask.java:266)
	at java.lang.Thread.run(Thread.java:750)
01:03:40.823 [IPC Server handler 6 on default port 34317] ERROR OMAudit - user=runner | ip=127.0.0.1 | op=GET_FILE_STATUS {volume=volume-47606, bucket=bucket-57938, key=.Trash, dataSize=0, replicationConfig=null} | ret=FAILURE
org.apache.hadoop.ozone.om.exceptions.OMException: Unable to get file status: volume: volume-47606 bucket: bucket-57938 key: .Trash
	at org.apache.hadoop.ozone.om.KeyManagerImpl.getOzoneFileStatusFSO(KeyManagerImpl.java:1389) ~[ozone-manager-1.3.0-SNAPSHOT.jar:?]
	at org.apache.hadoop.ozone.om.KeyManagerImpl.getFileStatus(KeyManagerImpl.java:1252) ~[ozone-manager-1.3.0-SNAPSHOT.jar:?]
	at org.apache.hadoop.ozone.om.OzoneManager.getFileStatus(OzoneManager.java:3507) ~[ozone-manager-1.3.0-SNAPSHOT.jar:?]
	at org.apache.hadoop.ozone.protocolPB.OzoneManagerRequestHandler.getOzoneFileStatus(OzoneManagerRequestHandler.java:882) ~[ozone-manager-1.3.0-SNAPSHOT.jar:?]
	at org.apache.hadoop.ozone.protocolPB.OzoneManagerRequestHandler.handleReadRequest(OzoneManagerRequestHandler.java:228) ~[ozone-manager-1.3.0-SNAPSHOT.jar:?]
	at org.apache.hadoop.ozone.protocolPB.OzoneManagerProtocolServerSideTranslatorPB.submitReadRequestToOM(OzoneManagerProtocolServerSideTranslatorPB.java:226) ~[ozone-manager-1.3.0-SNAPSHOT.jar:?]
	at org.apache.hadoop.ozone.protocolPB.OzoneManagerProtocolServerSideTranslatorPB.processRequest(OzoneManagerProtocolServerSideTranslatorPB.java:175) ~[ozone-manager-1.3.0-SNAPSHOT.jar:?]
	at org.apache.hadoop.hdds.server.OzoneProtocolMessageDispatcher.processRequest(OzoneProtocolMessageDispatcher.java:87) [hdds-server-framework-1.3.0-SNAPSHOT.jar:?]
	at org.apache.hadoop.ozone.protocolPB.OzoneManagerProtocolServerSideTranslatorPB.submitRequest(OzoneManagerProtocolServerSideTranslatorPB.java:147) [ozone-manager-1.3.0-SNAPSHOT.jar:?]
	at org.apache.hadoop.ozone.protocol.proto.OzoneManagerProtocolProtos$OzoneManagerService$2.callBlockingMethod(OzoneManagerProtocolProtos.java) [ozone-interface-client-1.3.0-SNAPSHOT.jar:?]
	at org.apache.hadoop.ipc.ProtobufRpcEngine$Server.processCall(ProtobufRpcEngine.java:466) [hadoop-common-3.3.1.jar:?]
	at org.apache.hadoop.ipc.ProtobufRpcEngine2$Server$ProtoBufRpcInvoker.call(ProtobufRpcEngine2.java:574) [hadoop-common-3.3.1.jar:?]
	at org.apache.hadoop.ipc.ProtobufRpcEngine2$Server$ProtoBufRpcInvoker.call(ProtobufRpcEngine2.java:552) [hadoop-common-3.3.1.jar:?]
	at org.apache.hadoop.ipc.RPC$Server.call(RPC.java:1093) [hadoop-common-3.3.1.jar:?]
	at org.apache.hadoop.ipc.Server$RpcCall.run(Server.java:1035) [hadoop-common-3.3.1.jar:?]
	at org.apache.hadoop.ipc.Server$RpcCall.run(Server.java:963) [hadoop-common-3.3.1.jar:?]
	at java.security.AccessController.doPrivileged(Native Method) ~[?:1.8.0_345]
	at javax.security.auth.Subject.doAs(Subject.java:422) [?:1.8.0_345]
	at org.apache.hadoop.security.UserGroupInformation.doAs(UserGroupInformation.java:1878) [hadoop-common-3.3.1.jar:?]
	at org.apache.hadoop.ipc.Server$Handler.run(Server.java:2966) [hadoop-common-3.3.1.jar:?]
2022-10-06 01:03:40,824 [Time-limited test] WARN  ozone.BasicRootedOzoneFileSystem (BasicRootedOzoneFileSystem.java:getFileStatus(879)) - GetFileStatus failed for path /volume-47606/bucket-57938/.Trash
java.io.FileNotFoundException: .Trash: No such file or directory!
	at org.apache.hadoop.fs.ozone.BasicRootedOzoneClientAdapterImpl.getFileStatus(BasicRootedOzoneClientAdapterImpl.java:617)
	at org.apache.hadoop.fs.ozone.BasicRootedOzoneFileSystem.getFileStatus(BasicRootedOzoneFileSystem.java:869)
	at org.apache.hadoop.fs.FileSystem.exists(FileSystem.java:1760)
	at org.apache.hadoop.fs.ozone.BasicRootedOzoneFileSystem.exists(BasicRootedOzoneFileSystem.java:918)
	at org.apache.hadoop.fs.ozone.BasicRootedOzoneClientAdapterImpl.getTrashRoots(BasicRootedOzoneClientAdapterImpl.java:660)
	at org.apache.hadoop.fs.ozone.BasicRootedOzoneFileSystem.getTrashRoots(BasicRootedOzoneFileSystem.java:824)
	at org.apache.hadoop.fs.ozone.TestRootedOzoneFileSystem.testGetTrashRoots(TestRootedOzoneFileSystem.java:1448)
	at sun.reflect.NativeMethodAccessorImpl.invoke0(Native Method)
	at sun.reflect.NativeMethodAccessorImpl.invoke(NativeMethodAccessorImpl.java:62)
	at sun.reflect.DelegatingMethodAccessorImpl.invoke(DelegatingMethodAccessorImpl.java:43)
	at java.lang.reflect.Method.invoke(Method.java:498)
	at org.junit.runners.model.FrameworkMethod$1.runReflectiveCall(FrameworkMethod.java:59)
	at org.junit.internal.runners.model.ReflectiveCallable.run(ReflectiveCallable.java:12)
	at org.junit.runners.model.FrameworkMethod.invokeExplosively(FrameworkMethod.java:56)
	at org.junit.internal.runners.statements.InvokeMethod.evaluate(InvokeMethod.java:17)
	at org.junit.internal.runners.statements.RunBefores.evaluate(RunBefores.java:26)
	at org.junit.internal.runners.statements.RunAfters.evaluate(RunAfters.java:27)
	at org.junit.internal.runners.statements.FailOnTimeout$CallableStatement.call(FailOnTimeout.java:288)
	at org.junit.internal.runners.statements.FailOnTimeout$CallableStatement.call(FailOnTimeout.java:282)
	at java.util.concurrent.FutureTask.run(FutureTask.java:266)
	at java.lang.Thread.run(Thread.java:750)
01:03:40.828 [IPC Server handler 9 on default port 34317] ERROR OMAudit - user=runner | ip=127.0.0.1 | op=GET_FILE_STATUS {volume=volume-70220, bucket=bucket3, key=.Trash, dataSize=0, replicationConfig=null} | ret=FAILURE
org.apache.hadoop.ozone.om.exceptions.OMException: Unable to get file status: volume: volume-70220 bucket: bucket3 key: .Trash
	at org.apache.hadoop.ozone.om.KeyManagerImpl.getOzoneFileStatusFSO(KeyManagerImpl.java:1389) ~[ozone-manager-1.3.0-SNAPSHOT.jar:?]
	at org.apache.hadoop.ozone.om.KeyManagerImpl.getFileStatus(KeyManagerImpl.java:1252) ~[ozone-manager-1.3.0-SNAPSHOT.jar:?]
	at org.apache.hadoop.ozone.om.OzoneManager.getFileStatus(OzoneManager.java:3507) ~[ozone-manager-1.3.0-SNAPSHOT.jar:?]
	at org.apache.hadoop.ozone.protocolPB.OzoneManagerRequestHandler.getOzoneFileStatus(OzoneManagerRequestHandler.java:882) ~[ozone-manager-1.3.0-SNAPSHOT.jar:?]
	at org.apache.hadoop.ozone.protocolPB.OzoneManagerRequestHandler.handleReadRequest(OzoneManagerRequestHandler.java:228) ~[ozone-manager-1.3.0-SNAPSHOT.jar:?]
	at org.apache.hadoop.ozone.protocolPB.OzoneManagerProtocolServerSideTranslatorPB.submitReadRequestToOM(OzoneManagerProtocolServerSideTranslatorPB.java:226) ~[ozone-manager-1.3.0-SNAPSHOT.jar:?]
	at org.apache.hadoop.ozone.protocolPB.OzoneManagerProtocolServerSideTranslatorPB.processRequest(OzoneManagerProtocolServerSideTranslatorPB.java:175) ~[ozone-manager-1.3.0-SNAPSHOT.jar:?]
	at org.apache.hadoop.hdds.server.OzoneProtocolMessageDispatcher.processRequest(OzoneProtocolMessageDispatcher.java:87) [hdds-server-framework-1.3.0-SNAPSHOT.jar:?]
	at org.apache.hadoop.ozone.protocolPB.OzoneManagerProtocolServerSideTranslatorPB.submitRequest(OzoneManagerProtocolServerSideTranslatorPB.java:147) [ozone-manager-1.3.0-SNAPSHOT.jar:?]
	at org.apache.hadoop.ozone.protocol.proto.OzoneManagerProtocolProtos$OzoneManagerService$2.callBlockingMethod(OzoneManagerProtocolProtos.java) [ozone-interface-client-1.3.0-SNAPSHOT.jar:?]
	at org.apache.hadoop.ipc.ProtobufRpcEngine$Server.processCall(ProtobufRpcEngine.java:466) [hadoop-common-3.3.1.jar:?]
	at org.apache.hadoop.ipc.ProtobufRpcEngine2$Server$ProtoBufRpcInvoker.call(ProtobufRpcEngine2.java:574) [hadoop-common-3.3.1.jar:?]
	at org.apache.hadoop.ipc.ProtobufRpcEngine2$Server$ProtoBufRpcInvoker.call(ProtobufRpcEngine2.java:552) [hadoop-common-3.3.1.jar:?]
	at org.apache.hadoop.ipc.RPC$Server.call(RPC.java:1093) [hadoop-common-3.3.1.jar:?]
	at org.apache.hadoop.ipc.Server$RpcCall.run(Server.java:1035) [hadoop-common-3.3.1.jar:?]
	at org.apache.hadoop.ipc.Server$RpcCall.run(Server.java:963) [hadoop-common-3.3.1.jar:?]
	at java.security.AccessController.doPrivileged(Native Method) ~[?:1.8.0_345]
	at javax.security.auth.Subject.doAs(Subject.java:422) [?:1.8.0_345]
	at org.apache.hadoop.security.UserGroupInformation.doAs(UserGroupInformation.java:1878) [hadoop-common-3.3.1.jar:?]
	at org.apache.hadoop.ipc.Server$Handler.run(Server.java:2966) [hadoop-common-3.3.1.jar:?]
2022-10-06 01:03:40,828 [Time-limited test] WARN  ozone.BasicRootedOzoneFileSystem (BasicRootedOzoneFileSystem.java:getFileStatus(879)) - GetFileStatus failed for path /volume-70220/bucket3/.Trash
java.io.FileNotFoundException: .Trash: No such file or directory!
	at org.apache.hadoop.fs.ozone.BasicRootedOzoneClientAdapterImpl.getFileStatus(BasicRootedOzoneClientAdapterImpl.java:617)
	at org.apache.hadoop.fs.ozone.BasicRootedOzoneFileSystem.getFileStatus(BasicRootedOzoneFileSystem.java:869)
	at org.apache.hadoop.fs.FileSystem.exists(FileSystem.java:1760)
	at org.apache.hadoop.fs.ozone.BasicRootedOzoneFileSystem.exists(BasicRootedOzoneFileSystem.java:918)
	at org.apache.hadoop.fs.ozone.BasicRootedOzoneClientAdapterImpl.getTrashRoots(BasicRootedOzoneClientAdapterImpl.java:660)
	at org.apache.hadoop.fs.ozone.BasicRootedOzoneFileSystem.getTrashRoots(BasicRootedOzoneFileSystem.java:824)
	at org.apache.hadoop.fs.ozone.TestRootedOzoneFileSystem.testGetTrashRoots(TestRootedOzoneFileSystem.java:1448)
	at sun.reflect.NativeMethodAccessorImpl.invoke0(Native Method)
	at sun.reflect.NativeMethodAccessorImpl.invoke(NativeMethodAccessorImpl.java:62)
	at sun.reflect.DelegatingMethodAccessorImpl.invoke(DelegatingMethodAccessorImpl.java:43)
	at java.lang.reflect.Method.invoke(Method.java:498)
	at org.junit.runners.model.FrameworkMethod$1.runReflectiveCall(FrameworkMethod.java:59)
	at org.junit.internal.runners.model.ReflectiveCallable.run(ReflectiveCallable.java:12)
	at org.junit.runners.model.FrameworkMethod.invokeExplosively(FrameworkMethod.java:56)
	at org.junit.internal.runners.statements.InvokeMethod.evaluate(InvokeMethod.java:17)
	at org.junit.internal.runners.statements.RunBefores.evaluate(RunBefores.java:26)
	at org.junit.internal.runners.statements.RunAfters.evaluate(RunAfters.java:27)
	at org.junit.internal.runners.statements.FailOnTimeout$CallableStatement.call(FailOnTimeout.java:288)
	at org.junit.internal.runners.statements.FailOnTimeout$CallableStatement.call(FailOnTimeout.java:282)
	at java.util.concurrent.FutureTask.run(FutureTask.java:266)
	at java.lang.Thread.run(Thread.java:750)
01:03:40.838 [IPC Server handler 6 on default port 34317] ERROR OMAudit - user=runner | ip=127.0.0.1 | op=GET_FILE_STATUS {volume=volume-47606, bucket=bucket-57938, key=.Trash/runner, dataSize=0, replicationConfig=null} | ret=FAILURE
org.apache.hadoop.ozone.om.exceptions.OMException: Unable to get file status: volume: volume-47606 bucket: bucket-57938 key: .Trash/runner
	at org.apache.hadoop.ozone.om.KeyManagerImpl.getOzoneFileStatusFSO(KeyManagerImpl.java:1389) ~[ozone-manager-1.3.0-SNAPSHOT.jar:?]
	at org.apache.hadoop.ozone.om.KeyManagerImpl.getFileStatus(KeyManagerImpl.java:1252) ~[ozone-manager-1.3.0-SNAPSHOT.jar:?]
	at org.apache.hadoop.ozone.om.OzoneManager.getFileStatus(OzoneManager.java:3507) ~[ozone-manager-1.3.0-SNAPSHOT.jar:?]
	at org.apache.hadoop.ozone.protocolPB.OzoneManagerRequestHandler.getOzoneFileStatus(OzoneManagerRequestHandler.java:882) ~[ozone-manager-1.3.0-SNAPSHOT.jar:?]
	at org.apache.hadoop.ozone.protocolPB.OzoneManagerRequestHandler.handleReadRequest(OzoneManagerRequestHandler.java:228) ~[ozone-manager-1.3.0-SNAPSHOT.jar:?]
	at org.apache.hadoop.ozone.protocolPB.OzoneManagerProtocolServerSideTranslatorPB.submitReadRequestToOM(OzoneManagerProtocolServerSideTranslatorPB.java:226) ~[ozone-manager-1.3.0-SNAPSHOT.jar:?]
	at org.apache.hadoop.ozone.protocolPB.OzoneManagerProtocolServerSideTranslatorPB.processRequest(OzoneManagerProtocolServerSideTranslatorPB.java:175) ~[ozone-manager-1.3.0-SNAPSHOT.jar:?]
	at org.apache.hadoop.hdds.server.OzoneProtocolMessageDispatcher.processRequest(OzoneProtocolMessageDispatcher.java:87) [hdds-server-framework-1.3.0-SNAPSHOT.jar:?]
	at org.apache.hadoop.ozone.protocolPB.OzoneManagerProtocolServerSideTranslatorPB.submitRequest(OzoneManagerProtocolServerSideTranslatorPB.java:147) [ozone-manager-1.3.0-SNAPSHOT.jar:?]
	at org.apache.hadoop.ozone.protocol.proto.OzoneManagerProtocolProtos$OzoneManagerService$2.callBlockingMethod(OzoneManagerProtocolProtos.java) [ozone-interface-client-1.3.0-SNAPSHOT.jar:?]
	at org.apache.hadoop.ipc.ProtobufRpcEngine$Server.processCall(ProtobufRpcEngine.java:466) [hadoop-common-3.3.1.jar:?]
	at org.apache.hadoop.ipc.ProtobufRpcEngine2$Server$ProtoBufRpcInvoker.call(ProtobufRpcEngine2.java:574) [hadoop-common-3.3.1.jar:?]
	at org.apache.hadoop.ipc.ProtobufRpcEngine2$Server$ProtoBufRpcInvoker.call(ProtobufRpcEngine2.java:552) [hadoop-common-3.3.1.jar:?]
	at org.apache.hadoop.ipc.RPC$Server.call(RPC.java:1093) [hadoop-common-3.3.1.jar:?]
	at org.apache.hadoop.ipc.Server$RpcCall.run(Server.java:1035) [hadoop-common-3.3.1.jar:?]
	at org.apache.hadoop.ipc.Server$RpcCall.run(Server.java:963) [hadoop-common-3.3.1.jar:?]
	at java.security.AccessController.doPrivileged(Native Method) ~[?:1.8.0_345]
	at javax.security.auth.Subject.doAs(Subject.java:422) [?:1.8.0_345]
	at org.apache.hadoop.security.UserGroupInformation.doAs(UserGroupInformation.java:1878) [hadoop-common-3.3.1.jar:?]
	at org.apache.hadoop.ipc.Server$Handler.run(Server.java:2966) [hadoop-common-3.3.1.jar:?]
2022-10-06 01:03:40,839 [Time-limited test] WARN  ozone.BasicRootedOzoneFileSystem (BasicRootedOzoneFileSystem.java:getFileStatus(879)) - GetFileStatus failed for path /volume-47606/bucket-57938/.Trash/runner
java.io.FileNotFoundException: .Trash/runner: No such file or directory!
	at org.apache.hadoop.fs.ozone.BasicRootedOzoneClientAdapterImpl.getFileStatus(BasicRootedOzoneClientAdapterImpl.java:617)
	at org.apache.hadoop.fs.ozone.BasicRootedOzoneFileSystem.getFileStatus(BasicRootedOzoneFileSystem.java:869)
	at org.apache.hadoop.fs.FileSystem.exists(FileSystem.java:1760)
	at org.apache.hadoop.fs.ozone.BasicRootedOzoneFileSystem.exists(BasicRootedOzoneFileSystem.java:918)
	at org.apache.hadoop.fs.ozone.BasicRootedOzoneClientAdapterImpl.getTrashRoots(BasicRootedOzoneClientAdapterImpl.java:669)
	at org.apache.hadoop.fs.ozone.BasicRootedOzoneFileSystem.getTrashRoots(BasicRootedOzoneFileSystem.java:824)
	at org.apache.hadoop.fs.ozone.TestRootedOzoneFileSystem.testGetTrashRoots(TestRootedOzoneFileSystem.java:1456)
	at sun.reflect.NativeMethodAccessorImpl.invoke0(Native Method)
	at sun.reflect.NativeMethodAccessorImpl.invoke(NativeMethodAccessorImpl.java:62)
	at sun.reflect.DelegatingMethodAccessorImpl.invoke(DelegatingMethodAccessorImpl.java:43)
	at java.lang.reflect.Method.invoke(Method.java:498)
	at org.junit.runners.model.FrameworkMethod$1.runReflectiveCall(FrameworkMethod.java:59)
	at org.junit.internal.runners.model.ReflectiveCallable.run(ReflectiveCallable.java:12)
	at org.junit.runners.model.FrameworkMethod.invokeExplosively(FrameworkMethod.java:56)
	at org.junit.internal.runners.statements.InvokeMethod.evaluate(InvokeMethod.java:17)
	at org.junit.internal.runners.statements.RunBefores.evaluate(RunBefores.java:26)
	at org.junit.internal.runners.statements.RunAfters.evaluate(RunAfters.java:27)
	at org.junit.internal.runners.statements.FailOnTimeout$CallableStatement.call(FailOnTimeout.java:288)
	at org.junit.internal.runners.statements.FailOnTimeout$CallableStatement.call(FailOnTimeout.java:282)
	at java.util.concurrent.FutureTask.run(FutureTask.java:266)
	at java.lang.Thread.run(Thread.java:750)
01:03:40.845 [IPC Server handler 0 on default port 34317] ERROR OMAudit - user=runner | ip=127.0.0.1 | op=GET_FILE_STATUS {volume=volume-15061, bucket=bucket-75004, key=.Trash/runner, dataSize=0, replicationConfig=null} | ret=FAILURE
org.apache.hadoop.ozone.om.exceptions.OMException: Unable to get file status: volume: volume-15061 bucket: bucket-75004 key: .Trash/runner
	at org.apache.hadoop.ozone.om.KeyManagerImpl.getOzoneFileStatusFSO(KeyManagerImpl.java:1389) ~[ozone-manager-1.3.0-SNAPSHOT.jar:?]
	at org.apache.hadoop.ozone.om.KeyManagerImpl.getFileStatus(KeyManagerImpl.java:1252) ~[ozone-manager-1.3.0-SNAPSHOT.jar:?]
	at org.apache.hadoop.ozone.om.OzoneManager.getFileStatus(OzoneManager.java:3507) ~[ozone-manager-1.3.0-SNAPSHOT.jar:?]
	at org.apache.hadoop.ozone.protocolPB.OzoneManagerRequestHandler.getOzoneFileStatus(OzoneManagerRequestHandler.java:882) ~[ozone-manager-1.3.0-SNAPSHOT.jar:?]
	at org.apache.hadoop.ozone.protocolPB.OzoneManagerRequestHandler.handleReadRequest(OzoneManagerRequestHandler.java:228) ~[ozone-manager-1.3.0-SNAPSHOT.jar:?]
	at org.apache.hadoop.ozone.protocolPB.OzoneManagerProtocolServerSideTranslatorPB.submitReadRequestToOM(OzoneManagerProtocolServerSideTranslatorPB.java:226) ~[ozone-manager-1.3.0-SNAPSHOT.jar:?]
	at org.apache.hadoop.ozone.protocolPB.OzoneManagerProtocolServerSideTranslatorPB.processRequest(OzoneManagerProtocolServerSideTranslatorPB.java:175) ~[ozone-manager-1.3.0-SNAPSHOT.jar:?]
	at org.apache.hadoop.hdds.server.OzoneProtocolMessageDispatcher.processRequest(OzoneProtocolMessageDispatcher.java:87) [hdds-server-framework-1.3.0-SNAPSHOT.jar:?]
	at org.apache.hadoop.ozone.protocolPB.OzoneManagerProtocolServerSideTranslatorPB.submitRequest(OzoneManagerProtocolServerSideTranslatorPB.java:147) [ozone-manager-1.3.0-SNAPSHOT.jar:?]
	at org.apache.hadoop.ozone.protocol.proto.OzoneManagerProtocolProtos$OzoneManagerService$2.callBlockingMethod(OzoneManagerProtocolProtos.java) [ozone-interface-client-1.3.0-SNAPSHOT.jar:?]
	at org.apache.hadoop.ipc.ProtobufRpcEngine$Server.processCall(ProtobufRpcEngine.java:466) [hadoop-common-3.3.1.jar:?]
	at org.apache.hadoop.ipc.ProtobufRpcEngine2$Server$ProtoBufRpcInvoker.call(ProtobufRpcEngine2.java:574) [hadoop-common-3.3.1.jar:?]
	at org.apache.hadoop.ipc.ProtobufRpcEngine2$Server$ProtoBufRpcInvoker.call(ProtobufRpcEngine2.java:552) [hadoop-common-3.3.1.jar:?]
	at org.apache.hadoop.ipc.RPC$Server.call(RPC.java:1093) [hadoop-common-3.3.1.jar:?]
	at org.apache.hadoop.ipc.Server$RpcCall.run(Server.java:1035) [hadoop-common-3.3.1.jar:?]
	at org.apache.hadoop.ipc.Server$RpcCall.run(Server.java:963) [hadoop-common-3.3.1.jar:?]
	at java.security.AccessController.doPrivileged(Native Method) ~[?:1.8.0_345]
	at javax.security.auth.Subject.doAs(Subject.java:422) [?:1.8.0_345]
	at org.apache.hadoop.security.UserGroupInformation.doAs(UserGroupInformation.java:1878) [hadoop-common-3.3.1.jar:?]
	at org.apache.hadoop.ipc.Server$Handler.run(Server.java:2966) [hadoop-common-3.3.1.jar:?]
2022-10-06 01:03:40,845 [Time-limited test] WARN  ozone.BasicRootedOzoneFileSystem (BasicRootedOzoneFileSystem.java:getFileStatus(879)) - GetFileStatus failed for path /volume-15061/bucket-75004/.Trash/runner
java.io.FileNotFoundException: .Trash/runner: No such file or directory!
	at org.apache.hadoop.fs.ozone.BasicRootedOzoneClientAdapterImpl.getFileStatus(BasicRootedOzoneClientAdapterImpl.java:617)
	at org.apache.hadoop.fs.ozone.BasicRootedOzoneFileSystem.getFileStatus(BasicRootedOzoneFileSystem.java:869)
	at org.apache.hadoop.fs.FileSystem.exists(FileSystem.java:1760)
	at org.apache.hadoop.fs.ozone.BasicRootedOzoneFileSystem.exists(BasicRootedOzoneFileSystem.java:918)
	at org.apache.hadoop.fs.ozone.BasicRootedOzoneClientAdapterImpl.getTrashRoots(BasicRootedOzoneClientAdapterImpl.java:669)
	at org.apache.hadoop.fs.ozone.BasicRootedOzoneFileSystem.getTrashRoots(BasicRootedOzoneFileSystem.java:824)
	at org.apache.hadoop.fs.ozone.TestRootedOzoneFileSystem.testGetTrashRoots(TestRootedOzoneFileSystem.java:1456)
	at sun.reflect.NativeMethodAccessorImpl.invoke0(Native Method)
	at sun.reflect.NativeMethodAccessorImpl.invoke(NativeMethodAccessorImpl.java:62)
	at sun.reflect.DelegatingMethodAccessorImpl.invoke(DelegatingMethodAccessorImpl.java:43)
	at java.lang.reflect.Method.invoke(Method.java:498)
	at org.junit.runners.model.FrameworkMethod$1.runReflectiveCall(FrameworkMethod.java:59)
	at org.junit.internal.runners.model.ReflectiveCallable.run(ReflectiveCallable.java:12)
	at org.junit.runners.model.FrameworkMethod.invokeExplosively(FrameworkMethod.java:56)
	at org.junit.internal.runners.statements.InvokeMethod.evaluate(InvokeMethod.java:17)
	at org.junit.internal.runners.statements.RunBefores.evaluate(RunBefores.java:26)
	at org.junit.internal.runners.statements.RunAfters.evaluate(RunAfters.java:27)
	at org.junit.internal.runners.statements.FailOnTimeout$CallableStatement.call(FailOnTimeout.java:288)
	at org.junit.internal.runners.statements.FailOnTimeout$CallableStatement.call(FailOnTimeout.java:282)
	at java.util.concurrent.FutureTask.run(FutureTask.java:266)
	at java.lang.Thread.run(Thread.java:750)
01:03:40.850 [IPC Server handler 10 on default port 34317] ERROR OMAudit - user=runner | ip=127.0.0.1 | op=GET_FILE_STATUS {volume=volume-70220, bucket=bucket3, key=.Trash/runner, dataSize=0, replicationConfig=null} | ret=FAILURE
org.apache.hadoop.ozone.om.exceptions.OMException: Unable to get file status: volume: volume-70220 bucket: bucket3 key: .Trash/runner
	at org.apache.hadoop.ozone.om.KeyManagerImpl.getOzoneFileStatusFSO(KeyManagerImpl.java:1389) ~[ozone-manager-1.3.0-SNAPSHOT.jar:?]
	at org.apache.hadoop.ozone.om.KeyManagerImpl.getFileStatus(KeyManagerImpl.java:1252) ~[ozone-manager-1.3.0-SNAPSHOT.jar:?]
	at org.apache.hadoop.ozone.om.OzoneManager.getFileStatus(OzoneManager.java:3507) ~[ozone-manager-1.3.0-SNAPSHOT.jar:?]
	at org.apache.hadoop.ozone.protocolPB.OzoneManagerRequestHandler.getOzoneFileStatus(OzoneManagerRequestHandler.java:882) ~[ozone-manager-1.3.0-SNAPSHOT.jar:?]
	at org.apache.hadoop.ozone.protocolPB.OzoneManagerRequestHandler.handleReadRequest(OzoneManagerRequestHandler.java:228) ~[ozone-manager-1.3.0-SNAPSHOT.jar:?]
	at org.apache.hadoop.ozone.protocolPB.OzoneManagerProtocolServerSideTranslatorPB.submitReadRequestToOM(OzoneManagerProtocolServerSideTranslatorPB.java:226) ~[ozone-manager-1.3.0-SNAPSHOT.jar:?]
	at org.apache.hadoop.ozone.protocolPB.OzoneManagerProtocolServerSideTranslatorPB.processRequest(OzoneManagerProtocolServerSideTranslatorPB.java:175) ~[ozone-manager-1.3.0-SNAPSHOT.jar:?]
	at org.apache.hadoop.hdds.server.OzoneProtocolMessageDispatcher.processRequest(OzoneProtocolMessageDispatcher.java:87) [hdds-server-framework-1.3.0-SNAPSHOT.jar:?]
	at org.apache.hadoop.ozone.protocolPB.OzoneManagerProtocolServerSideTranslatorPB.submitRequest(OzoneManagerProtocolServerSideTranslatorPB.java:147) [ozone-manager-1.3.0-SNAPSHOT.jar:?]
	at org.apache.hadoop.ozone.protocol.proto.OzoneManagerProtocolProtos$OzoneManagerService$2.callBlockingMethod(OzoneManagerProtocolProtos.java) [ozone-interface-client-1.3.0-SNAPSHOT.jar:?]
	at org.apache.hadoop.ipc.ProtobufRpcEngine$Server.processCall(ProtobufRpcEngine.java:466) [hadoop-common-3.3.1.jar:?]
	at org.apache.hadoop.ipc.ProtobufRpcEngine2$Server$ProtoBufRpcInvoker.call(ProtobufRpcEngine2.java:574) [hadoop-common-3.3.1.jar:?]
	at org.apache.hadoop.ipc.ProtobufRpcEngine2$Server$ProtoBufRpcInvoker.call(ProtobufRpcEngine2.java:552) [hadoop-common-3.3.1.jar:?]
	at org.apache.hadoop.ipc.RPC$Server.call(RPC.java:1093) [hadoop-common-3.3.1.jar:?]
	at org.apache.hadoop.ipc.Server$RpcCall.run(Server.java:1035) [hadoop-common-3.3.1.jar:?]
	at org.apache.hadoop.ipc.Server$RpcCall.run(Server.java:963) [hadoop-common-3.3.1.jar:?]
	at java.security.AccessController.doPrivileged(Native Method) ~[?:1.8.0_345]
	at javax.security.auth.Subject.doAs(Subject.java:422) [?:1.8.0_345]
	at org.apache.hadoop.security.UserGroupInformation.doAs(UserGroupInformation.java:1878) [hadoop-common-3.3.1.jar:?]
	at org.apache.hadoop.ipc.Server$Handler.run(Server.java:2966) [hadoop-common-3.3.1.jar:?]
2022-10-06 01:03:40,852 [Time-limited test] WARN  ozone.BasicRootedOzoneFileSystem (BasicRootedOzoneFileSystem.java:getFileStatus(879)) - GetFileStatus failed for path /volume-70220/bucket3/.Trash/runner
java.io.FileNotFoundException: .Trash/runner: No such file or directory!
	at org.apache.hadoop.fs.ozone.BasicRootedOzoneClientAdapterImpl.getFileStatus(BasicRootedOzoneClientAdapterImpl.java:617)
	at org.apache.hadoop.fs.ozone.BasicRootedOzoneFileSystem.getFileStatus(BasicRootedOzoneFileSystem.java:869)
	at org.apache.hadoop.fs.FileSystem.exists(FileSystem.java:1760)
	at org.apache.hadoop.fs.ozone.BasicRootedOzoneFileSystem.exists(BasicRootedOzoneFileSystem.java:918)
	at org.apache.hadoop.fs.ozone.BasicRootedOzoneClientAdapterImpl.getTrashRoots(BasicRootedOzoneClientAdapterImpl.java:669)
	at org.apache.hadoop.fs.ozone.BasicRootedOzoneFileSystem.getTrashRoots(BasicRootedOzoneFileSystem.java:824)
	at org.apache.hadoop.fs.ozone.TestRootedOzoneFileSystem.testGetTrashRoots(TestRootedOzoneFileSystem.java:1456)
	at sun.reflect.NativeMethodAccessorImpl.invoke0(Native Method)
	at sun.reflect.NativeMethodAccessorImpl.invoke(NativeMethodAccessorImpl.java:62)
	at sun.reflect.DelegatingMethodAccessorImpl.invoke(DelegatingMethodAccessorImpl.java:43)
	at java.lang.reflect.Method.invoke(Method.java:498)
	at org.junit.runners.model.FrameworkMethod$1.runReflectiveCall(FrameworkMethod.java:59)
	at org.junit.internal.runners.model.ReflectiveCallable.run(ReflectiveCallable.java:12)
	at org.junit.runners.model.FrameworkMethod.invokeExplosively(FrameworkMethod.java:56)
	at org.junit.internal.runners.statements.InvokeMethod.evaluate(InvokeMethod.java:17)
	at org.junit.internal.runners.statements.RunBefores.evaluate(RunBefores.java:26)
	at org.junit.internal.runners.statements.RunAfters.evaluate(RunAfters.java:27)
	at org.junit.internal.runners.statements.FailOnTimeout$CallableStatement.call(FailOnTimeout.java:288)
	at org.junit.internal.runners.statements.FailOnTimeout$CallableStatement.call(FailOnTimeout.java:282)
	at java.util.concurrent.FutureTask.run(FutureTask.java:266)
	at java.lang.Thread.run(Thread.java:750)
01:03:40.855 [IPC Server handler 1 on default port 34317] ERROR OMAudit - user=runner | ip=127.0.0.1 | op=GET_FILE_STATUS {volume=41812c2c-f6d7-4f0f-be5c-cc1f0b07cd78, bucket=0df5328d-eeb1-4c32-87ea-33cd10a8a7f6, key=.Trash, dataSize=0, replicationConfig=null} | ret=FAILURE
org.apache.hadoop.ozone.om.exceptions.OMException: Unable to get file status: volume: 41812c2c-f6d7-4f0f-be5c-cc1f0b07cd78 bucket: 0df5328d-eeb1-4c32-87ea-33cd10a8a7f6 key: .Trash
	at org.apache.hadoop.ozone.om.KeyManagerImpl.getOzoneFileStatus(KeyManagerImpl.java:1324) ~[ozone-manager-1.3.0-SNAPSHOT.jar:?]
	at org.apache.hadoop.ozone.om.KeyManagerImpl.getFileStatus(KeyManagerImpl.java:1254) ~[ozone-manager-1.3.0-SNAPSHOT.jar:?]
	at org.apache.hadoop.ozone.om.OzoneManager.getFileStatus(OzoneManager.java:3507) ~[ozone-manager-1.3.0-SNAPSHOT.jar:?]
	at org.apache.hadoop.ozone.protocolPB.OzoneManagerRequestHandler.getOzoneFileStatus(OzoneManagerRequestHandler.java:882) ~[ozone-manager-1.3.0-SNAPSHOT.jar:?]
	at org.apache.hadoop.ozone.protocolPB.OzoneManagerRequestHandler.handleReadRequest(OzoneManagerRequestHandler.java:228) ~[ozone-manager-1.3.0-SNAPSHOT.jar:?]
	at org.apache.hadoop.ozone.protocolPB.OzoneManagerProtocolServerSideTranslatorPB.submitReadRequestToOM(OzoneManagerProtocolServerSideTranslatorPB.java:226) ~[ozone-manager-1.3.0-SNAPSHOT.jar:?]
	at org.apache.hadoop.ozone.protocolPB.OzoneManagerProtocolServerSideTranslatorPB.processRequest(OzoneManagerProtocolServerSideTranslatorPB.java:175) ~[ozone-manager-1.3.0-SNAPSHOT.jar:?]
	at org.apache.hadoop.hdds.server.OzoneProtocolMessageDispatcher.processRequest(OzoneProtocolMessageDispatcher.java:87) [hdds-server-framework-1.3.0-SNAPSHOT.jar:?]
	at org.apache.hadoop.ozone.protocolPB.OzoneManagerProtocolServerSideTranslatorPB.submitRequest(OzoneManagerProtocolServerSideTranslatorPB.java:147) [ozone-manager-1.3.0-SNAPSHOT.jar:?]
	at org.apache.hadoop.ozone.protocol.proto.OzoneManagerProtocolProtos$OzoneManagerService$2.callBlockingMethod(OzoneManagerProtocolProtos.java) [ozone-interface-client-1.3.0-SNAPSHOT.jar:?]
	at org.apache.hadoop.ipc.ProtobufRpcEngine$Server.processCall(ProtobufRpcEngine.java:466) [hadoop-common-3.3.1.jar:?]
	at org.apache.hadoop.ipc.ProtobufRpcEngine2$Server$ProtoBufRpcInvoker.call(ProtobufRpcEngine2.java:574) [hadoop-common-3.3.1.jar:?]
	at org.apache.hadoop.ipc.ProtobufRpcEngine2$Server$ProtoBufRpcInvoker.call(ProtobufRpcEngine2.java:552) [hadoop-common-3.3.1.jar:?]
	at org.apache.hadoop.ipc.RPC$Server.call(RPC.java:1093) [hadoop-common-3.3.1.jar:?]
	at org.apache.hadoop.ipc.Server$RpcCall.run(Server.java:1035) [hadoop-common-3.3.1.jar:?]
	at org.apache.hadoop.ipc.Server$RpcCall.run(Server.java:963) [hadoop-common-3.3.1.jar:?]
	at java.security.AccessController.doPrivileged(Native Method) ~[?:1.8.0_345]
	at javax.security.auth.Subject.doAs(Subject.java:422) [?:1.8.0_345]
	at org.apache.hadoop.security.UserGroupInformation.doAs(UserGroupInformation.java:1878) [hadoop-common-3.3.1.jar:?]
	at org.apache.hadoop.ipc.Server$Handler.run(Server.java:2966) [hadoop-common-3.3.1.jar:?]
2022-10-06 01:03:40,856 [Time-limited test] WARN  ozone.BasicRootedOzoneFileSystem (BasicRootedOzoneFileSystem.java:getFileStatus(879)) - GetFileStatus failed for path /41812c2c-f6d7-4f0f-be5c-cc1f0b07cd78/0df5328d-eeb1-4c32-87ea-33cd10a8a7f6/.Trash
java.io.FileNotFoundException: .Trash: No such file or directory!
	at org.apache.hadoop.fs.ozone.BasicRootedOzoneClientAdapterImpl.getFileStatus(BasicRootedOzoneClientAdapterImpl.java:617)
	at org.apache.hadoop.fs.ozone.BasicRootedOzoneFileSystem.getFileStatus(BasicRootedOzoneFileSystem.java:869)
	at org.apache.hadoop.fs.FileSystem.exists(FileSystem.java:1760)
	at org.apache.hadoop.fs.ozone.BasicRootedOzoneFileSystem.exists(BasicRootedOzoneFileSystem.java:918)
	at org.apache.hadoop.fs.ozone.BasicRootedOzoneClientAdapterImpl.getTrashRoots(BasicRootedOzoneClientAdapterImpl.java:660)
	at org.apache.hadoop.fs.ozone.BasicRootedOzoneFileSystem.getTrashRoots(BasicRootedOzoneFileSystem.java:824)
	at org.apache.hadoop.fs.ozone.TestRootedOzoneFileSystem.testGetTrashRoots(TestRootedOzoneFileSystem.java:1457)
	at sun.reflect.NativeMethodAccessorImpl.invoke0(Native Method)
	at sun.reflect.NativeMethodAccessorImpl.invoke(NativeMethodAccessorImpl.java:62)
	at sun.reflect.DelegatingMethodAccessorImpl.invoke(DelegatingMethodAccessorImpl.java:43)
	at java.lang.reflect.Method.invoke(Method.java:498)
	at org.junit.runners.model.FrameworkMethod$1.runReflectiveCall(FrameworkMethod.java:59)
	at org.junit.internal.runners.model.ReflectiveCallable.run(ReflectiveCallable.java:12)
	at org.junit.runners.model.FrameworkMethod.invokeExplosively(FrameworkMethod.java:56)
	at org.junit.internal.runners.statements.InvokeMethod.evaluate(InvokeMethod.java:17)
	at org.junit.internal.runners.statements.RunBefores.evaluate(RunBefores.java:26)
	at org.junit.internal.runners.statements.RunAfters.evaluate(RunAfters.java:27)
	at org.junit.internal.runners.statements.FailOnTimeout$CallableStatement.call(FailOnTimeout.java:288)
	at org.junit.internal.runners.statements.FailOnTimeout$CallableStatement.call(FailOnTimeout.java:282)
	at java.util.concurrent.FutureTask.run(FutureTask.java:266)
	at java.lang.Thread.run(Thread.java:750)
01:03:40.858 [IPC Server handler 14 on default port 34317] ERROR OMAudit - user=runner | ip=127.0.0.1 | op=GET_FILE_STATUS {volume=volume-15061, bucket=bucket-75004, key=.Trash, dataSize=0, replicationConfig=null} | ret=FAILURE
org.apache.hadoop.ozone.om.exceptions.OMException: Unable to get file status: volume: volume-15061 bucket: bucket-75004 key: .Trash
	at org.apache.hadoop.ozone.om.KeyManagerImpl.getOzoneFileStatusFSO(KeyManagerImpl.java:1389) ~[ozone-manager-1.3.0-SNAPSHOT.jar:?]
	at org.apache.hadoop.ozone.om.KeyManagerImpl.getFileStatus(KeyManagerImpl.java:1252) ~[ozone-manager-1.3.0-SNAPSHOT.jar:?]
	at org.apache.hadoop.ozone.om.OzoneManager.getFileStatus(OzoneManager.java:3507) ~[ozone-manager-1.3.0-SNAPSHOT.jar:?]
	at org.apache.hadoop.ozone.protocolPB.OzoneManagerRequestHandler.getOzoneFileStatus(OzoneManagerRequestHandler.java:882) ~[ozone-manager-1.3.0-SNAPSHOT.jar:?]
	at org.apache.hadoop.ozone.protocolPB.OzoneManagerRequestHandler.handleReadRequest(OzoneManagerRequestHandler.java:228) ~[ozone-manager-1.3.0-SNAPSHOT.jar:?]
	at org.apache.hadoop.ozone.protocolPB.OzoneManagerProtocolServerSideTranslatorPB.submitReadRequestToOM(OzoneManagerProtocolServerSideTranslatorPB.java:226) ~[ozone-manager-1.3.0-SNAPSHOT.jar:?]
	at org.apache.hadoop.ozone.protocolPB.OzoneManagerProtocolServerSideTranslatorPB.processRequest(OzoneManagerProtocolServerSideTranslatorPB.java:175) ~[ozone-manager-1.3.0-SNAPSHOT.jar:?]
	at org.apache.hadoop.hdds.server.OzoneProtocolMessageDispatcher.processRequest(OzoneProtocolMessageDispatcher.java:87) [hdds-server-framework-1.3.0-SNAPSHOT.jar:?]
	at org.apache.hadoop.ozone.protocolPB.OzoneManagerProtocolServerSideTranslatorPB.submitRequest(OzoneManagerProtocolServerSideTranslatorPB.java:147) [ozone-manager-1.3.0-SNAPSHOT.jar:?]
	at org.apache.hadoop.ozone.protocol.proto.OzoneManagerProtocolProtos$OzoneManagerService$2.callBlockingMethod(OzoneManagerProtocolProtos.java) [ozone-interface-client-1.3.0-SNAPSHOT.jar:?]
	at org.apache.hadoop.ipc.ProtobufRpcEngine$Server.processCall(ProtobufRpcEngine.java:466) [hadoop-common-3.3.1.jar:?]
	at org.apache.hadoop.ipc.ProtobufRpcEngine2$Server$ProtoBufRpcInvoker.call(ProtobufRpcEngine2.java:574) [hadoop-common-3.3.1.jar:?]
	at org.apache.hadoop.ipc.ProtobufRpcEngine2$Server$ProtoBufRpcInvoker.call(ProtobufRpcEngine2.java:552) [hadoop-common-3.3.1.jar:?]
	at org.apache.hadoop.ipc.RPC$Server.call(RPC.java:1093) [hadoop-common-3.3.1.jar:?]
	at org.apache.hadoop.ipc.Server$RpcCall.run(Server.java:1035) [hadoop-common-3.3.1.jar:?]
	at org.apache.hadoop.ipc.Server$RpcCall.run(Server.java:963) [hadoop-common-3.3.1.jar:?]
	at java.security.AccessController.doPrivileged(Native Method) ~[?:1.8.0_345]
	at javax.security.auth.Subject.doAs(Subject.java:422) [?:1.8.0_345]
	at org.apache.hadoop.security.UserGroupInformation.doAs(UserGroupInformation.java:1878) [hadoop-common-3.3.1.jar:?]
	at org.apache.hadoop.ipc.Server$Handler.run(Server.java:2966) [hadoop-common-3.3.1.jar:?]
2022-10-06 01:03:40,858 [Time-limited test] WARN  ozone.BasicRootedOzoneFileSystem (BasicRootedOzoneFileSystem.java:getFileStatus(879)) - GetFileStatus failed for path /volume-15061/bucket-75004/.Trash
java.io.FileNotFoundException: .Trash: No such file or directory!
	at org.apache.hadoop.fs.ozone.BasicRootedOzoneClientAdapterImpl.getFileStatus(BasicRootedOzoneClientAdapterImpl.java:617)
	at org.apache.hadoop.fs.ozone.BasicRootedOzoneFileSystem.getFileStatus(BasicRootedOzoneFileSystem.java:869)
	at org.apache.hadoop.fs.FileSystem.exists(FileSystem.java:1760)
	at org.apache.hadoop.fs.ozone.BasicRootedOzoneFileSystem.exists(BasicRootedOzoneFileSystem.java:918)
	at org.apache.hadoop.fs.ozone.BasicRootedOzoneClientAdapterImpl.getTrashRoots(BasicRootedOzoneClientAdapterImpl.java:660)
	at org.apache.hadoop.fs.ozone.BasicRootedOzoneFileSystem.getTrashRoots(BasicRootedOzoneFileSystem.java:824)
	at org.apache.hadoop.fs.ozone.TestRootedOzoneFileSystem.testGetTrashRoots(TestRootedOzoneFileSystem.java:1457)
	at sun.reflect.NativeMethodAccessorImpl.invoke0(Native Method)
	at sun.reflect.NativeMethodAccessorImpl.invoke(NativeMethodAccessorImpl.java:62)
	at sun.reflect.DelegatingMethodAccessorImpl.invoke(DelegatingMethodAccessorImpl.java:43)
	at java.lang.reflect.Method.invoke(Method.java:498)
	at org.junit.runners.model.FrameworkMethod$1.runReflectiveCall(FrameworkMethod.java:59)
	at org.junit.internal.runners.model.ReflectiveCallable.run(ReflectiveCallable.java:12)
	at org.junit.runners.model.FrameworkMethod.invokeExplosively(FrameworkMethod.java:56)
	at org.junit.internal.runners.statements.InvokeMethod.evaluate(InvokeMethod.java:17)
	at org.junit.internal.runners.statements.RunBefores.evaluate(RunBefores.java:26)
	at org.junit.internal.runners.statements.RunAfters.evaluate(RunAfters.java:27)
	at org.junit.internal.runners.statements.FailOnTimeout$CallableStatement.call(FailOnTimeout.java:288)
	at org.junit.internal.runners.statements.FailOnTimeout$CallableStatement.call(FailOnTimeout.java:282)
	at java.util.concurrent.FutureTask.run(FutureTask.java:266)
	at java.lang.Thread.run(Thread.java:750)
01:03:40.860 [IPC Server handler 18 on default port 34317] ERROR OMAudit - user=runner | ip=127.0.0.1 | op=GET_FILE_STATUS {volume=volume-47606, bucket=bucket-57938, key=.Trash, dataSize=0, replicationConfig=null} | ret=FAILURE
org.apache.hadoop.ozone.om.exceptions.OMException: Unable to get file status: volume: volume-47606 bucket: bucket-57938 key: .Trash
	at org.apache.hadoop.ozone.om.KeyManagerImpl.getOzoneFileStatusFSO(KeyManagerImpl.java:1389) ~[ozone-manager-1.3.0-SNAPSHOT.jar:?]
	at org.apache.hadoop.ozone.om.KeyManagerImpl.getFileStatus(KeyManagerImpl.java:1252) ~[ozone-manager-1.3.0-SNAPSHOT.jar:?]
	at org.apache.hadoop.ozone.om.OzoneManager.getFileStatus(OzoneManager.java:3507) ~[ozone-manager-1.3.0-SNAPSHOT.jar:?]
	at org.apache.hadoop.ozone.protocolPB.OzoneManagerRequestHandler.getOzoneFileStatus(OzoneManagerRequestHandler.java:882) ~[ozone-manager-1.3.0-SNAPSHOT.jar:?]
	at org.apache.hadoop.ozone.protocolPB.OzoneManagerRequestHandler.handleReadRequest(OzoneManagerRequestHandler.java:228) ~[ozone-manager-1.3.0-SNAPSHOT.jar:?]
	at org.apache.hadoop.ozone.protocolPB.OzoneManagerProtocolServerSideTranslatorPB.submitReadRequestToOM(OzoneManagerProtocolServerSideTranslatorPB.java:226) ~[ozone-manager-1.3.0-SNAPSHOT.jar:?]
	at org.apache.hadoop.ozone.protocolPB.OzoneManagerProtocolServerSideTranslatorPB.processRequest(OzoneManagerProtocolServerSideTranslatorPB.java:175) ~[ozone-manager-1.3.0-SNAPSHOT.jar:?]
	at org.apache.hadoop.hdds.server.OzoneProtocolMessageDispatcher.processRequest(OzoneProtocolMessageDispatcher.java:87) [hdds-server-framework-1.3.0-SNAPSHOT.jar:?]
	at org.apache.hadoop.ozone.protocolPB.OzoneManagerProtocolServerSideTranslatorPB.submitRequest(OzoneManagerProtocolServerSideTranslatorPB.java:147) [ozone-manager-1.3.0-SNAPSHOT.jar:?]
	at org.apache.hadoop.ozone.protocol.proto.OzoneManagerProtocolProtos$OzoneManagerService$2.callBlockingMethod(OzoneManagerProtocolProtos.java) [ozone-interface-client-1.3.0-SNAPSHOT.jar:?]
	at org.apache.hadoop.ipc.ProtobufRpcEngine$Server.processCall(ProtobufRpcEngine.java:466) [hadoop-common-3.3.1.jar:?]
	at org.apache.hadoop.ipc.ProtobufRpcEngine2$Server$ProtoBufRpcInvoker.call(ProtobufRpcEngine2.java:574) [hadoop-common-3.3.1.jar:?]
	at org.apache.hadoop.ipc.ProtobufRpcEngine2$Server$ProtoBufRpcInvoker.call(ProtobufRpcEngine2.java:552) [hadoop-common-3.3.1.jar:?]
	at org.apache.hadoop.ipc.RPC$Server.call(RPC.java:1093) [hadoop-common-3.3.1.jar:?]
	at org.apache.hadoop.ipc.Server$RpcCall.run(Server.java:1035) [hadoop-common-3.3.1.jar:?]
	at org.apache.hadoop.ipc.Server$RpcCall.run(Server.java:963) [hadoop-common-3.3.1.jar:?]
	at java.security.AccessController.doPrivileged(Native Method) ~[?:1.8.0_345]
	at javax.security.auth.Subject.doAs(Subject.java:422) [?:1.8.0_345]
	at org.apache.hadoop.security.UserGroupInformation.doAs(UserGroupInformation.java:1878) [hadoop-common-3.3.1.jar:?]
	at org.apache.hadoop.ipc.Server$Handler.run(Server.java:2966) [hadoop-common-3.3.1.jar:?]
2022-10-06 01:03:40,861 [Time-limited test] WARN  ozone.BasicRootedOzoneFileSystem (BasicRootedOzoneFileSystem.java:getFileStatus(879)) - GetFileStatus failed for path /volume-47606/bucket-57938/.Trash
java.io.FileNotFoundException: .Trash: No such file or directory!
	at org.apache.hadoop.fs.ozone.BasicRootedOzoneClientAdapterImpl.getFileStatus(BasicRootedOzoneClientAdapterImpl.java:617)
	at org.apache.hadoop.fs.ozone.BasicRootedOzoneFileSystem.getFileStatus(BasicRootedOzoneFileSystem.java:869)
	at org.apache.hadoop.fs.FileSystem.exists(FileSystem.java:1760)
	at org.apache.hadoop.fs.ozone.BasicRootedOzoneFileSystem.exists(BasicRootedOzoneFileSystem.java:918)
	at org.apache.hadoop.fs.ozone.BasicRootedOzoneClientAdapterImpl.getTrashRoots(BasicRootedOzoneClientAdapterImpl.java:660)
	at org.apache.hadoop.fs.ozone.BasicRootedOzoneFileSystem.getTrashRoots(BasicRootedOzoneFileSystem.java:824)
	at org.apache.hadoop.fs.ozone.TestRootedOzoneFileSystem.testGetTrashRoots(TestRootedOzoneFileSystem.java:1457)
	at sun.reflect.NativeMethodAccessorImpl.invoke0(Native Method)
	at sun.reflect.NativeMethodAccessorImpl.invoke(NativeMethodAccessorImpl.java:62)
	at sun.reflect.DelegatingMethodAccessorImpl.invoke(DelegatingMethodAccessorImpl.java:43)
	at java.lang.reflect.Method.invoke(Method.java:498)
	at org.junit.runners.model.FrameworkMethod$1.runReflectiveCall(FrameworkMethod.java:59)
	at org.junit.internal.runners.model.ReflectiveCallable.run(ReflectiveCallable.java:12)
	at org.junit.runners.model.FrameworkMethod.invokeExplosively(FrameworkMethod.java:56)
	at org.junit.internal.runners.statements.InvokeMethod.evaluate(InvokeMethod.java:17)
	at org.junit.internal.runners.statements.RunBefores.evaluate(RunBefores.java:26)
	at org.junit.internal.runners.statements.RunAfters.evaluate(RunAfters.java:27)
	at org.junit.internal.runners.statements.FailOnTimeout$CallableStatement.call(FailOnTimeout.java:288)
	at org.junit.internal.runners.statements.FailOnTimeout$CallableStatement.call(FailOnTimeout.java:282)
	at java.util.concurrent.FutureTask.run(FutureTask.java:266)
	at java.lang.Thread.run(Thread.java:750)
01:03:40.863 [IPC Server handler 12 on default port 34317] ERROR OMAudit - user=runner | ip=127.0.0.1 | op=GET_FILE_STATUS {volume=volume-70220, bucket=bucket3, key=.Trash, dataSize=0, replicationConfig=null} | ret=FAILURE
org.apache.hadoop.ozone.om.exceptions.OMException: Unable to get file status: volume: volume-70220 bucket: bucket3 key: .Trash
	at org.apache.hadoop.ozone.om.KeyManagerImpl.getOzoneFileStatusFSO(KeyManagerImpl.java:1389) ~[ozone-manager-1.3.0-SNAPSHOT.jar:?]
	at org.apache.hadoop.ozone.om.KeyManagerImpl.getFileStatus(KeyManagerImpl.java:1252) ~[ozone-manager-1.3.0-SNAPSHOT.jar:?]
	at org.apache.hadoop.ozone.om.OzoneManager.getFileStatus(OzoneManager.java:3507) ~[ozone-manager-1.3.0-SNAPSHOT.jar:?]
	at org.apache.hadoop.ozone.protocolPB.OzoneManagerRequestHandler.getOzoneFileStatus(OzoneManagerRequestHandler.java:882) ~[ozone-manager-1.3.0-SNAPSHOT.jar:?]
	at org.apache.hadoop.ozone.protocolPB.OzoneManagerRequestHandler.handleReadRequest(OzoneManagerRequestHandler.java:228) ~[ozone-manager-1.3.0-SNAPSHOT.jar:?]
	at org.apache.hadoop.ozone.protocolPB.OzoneManagerProtocolServerSideTranslatorPB.submitReadRequestToOM(OzoneManagerProtocolServerSideTranslatorPB.java:226) ~[ozone-manager-1.3.0-SNAPSHOT.jar:?]
	at org.apache.hadoop.ozone.protocolPB.OzoneManagerProtocolServerSideTranslatorPB.processRequest(OzoneManagerProtocolServerSideTranslatorPB.java:175) ~[ozone-manager-1.3.0-SNAPSHOT.jar:?]
	at org.apache.hadoop.hdds.server.OzoneProtocolMessageDispatcher.processRequest(OzoneProtocolMessageDispatcher.java:87) [hdds-server-framework-1.3.0-SNAPSHOT.jar:?]
	at org.apache.hadoop.ozone.protocolPB.OzoneManagerProtocolServerSideTranslatorPB.submitRequest(OzoneManagerProtocolServerSideTranslatorPB.java:147) [ozone-manager-1.3.0-SNAPSHOT.jar:?]
	at org.apache.hadoop.ozone.protocol.proto.OzoneManagerProtocolProtos$OzoneManagerService$2.callBlockingMethod(OzoneManagerProtocolProtos.java) [ozone-interface-client-1.3.0-SNAPSHOT.jar:?]
	at org.apache.hadoop.ipc.ProtobufRpcEngine$Server.processCall(ProtobufRpcEngine.java:466) [hadoop-common-3.3.1.jar:?]
	at org.apache.hadoop.ipc.ProtobufRpcEngine2$Server$ProtoBufRpcInvoker.call(ProtobufRpcEngine2.java:574) [hadoop-common-3.3.1.jar:?]
	at org.apache.hadoop.ipc.ProtobufRpcEngine2$Server$ProtoBufRpcInvoker.call(ProtobufRpcEngine2.java:552) [hadoop-common-3.3.1.jar:?]
	at org.apache.hadoop.ipc.RPC$Server.call(RPC.java:1093) [hadoop-common-3.3.1.jar:?]
	at org.apache.hadoop.ipc.Server$RpcCall.run(Server.java:1035) [hadoop-common-3.3.1.jar:?]
	at org.apache.hadoop.ipc.Server$RpcCall.run(Server.java:963) [hadoop-common-3.3.1.jar:?]
	at java.security.AccessController.doPrivileged(Native Method) ~[?:1.8.0_345]
	at javax.security.auth.Subject.doAs(Subject.java:422) [?:1.8.0_345]
	at org.apache.hadoop.security.UserGroupInformation.doAs(UserGroupInformation.java:1878) [hadoop-common-3.3.1.jar:?]
	at org.apache.hadoop.ipc.Server$Handler.run(Server.java:2966) [hadoop-common-3.3.1.jar:?]
2022-10-06 01:03:40,863 [Time-limited test] WARN  ozone.BasicRootedOzoneFileSystem (BasicRootedOzoneFileSystem.java:getFileStatus(879)) - GetFileStatus failed for path /volume-70220/bucket3/.Trash
java.io.FileNotFoundException: .Trash: No such file or directory!
	at org.apache.hadoop.fs.ozone.BasicRootedOzoneClientAdapterImpl.getFileStatus(BasicRootedOzoneClientAdapterImpl.java:617)
	at org.apache.hadoop.fs.ozone.BasicRootedOzoneFileSystem.getFileStatus(BasicRootedOzoneFileSystem.java:869)
	at org.apache.hadoop.fs.FileSystem.exists(FileSystem.java:1760)
	at org.apache.hadoop.fs.ozone.BasicRootedOzoneFileSystem.exists(BasicRootedOzoneFileSystem.java:918)
	at org.apache.hadoop.fs.ozone.BasicRootedOzoneClientAdapterImpl.getTrashRoots(BasicRootedOzoneClientAdapterImpl.java:660)
	at org.apache.hadoop.fs.ozone.BasicRootedOzoneFileSystem.getTrashRoots(BasicRootedOzoneFileSystem.java:824)
	at org.apache.hadoop.fs.ozone.TestRootedOzoneFileSystem.testGetTrashRoots(TestRootedOzoneFileSystem.java:1457)
	at sun.reflect.NativeMethodAccessorImpl.invoke0(Native Method)
	at sun.reflect.NativeMethodAccessorImpl.invoke(NativeMethodAccessorImpl.java:62)
	at sun.reflect.DelegatingMethodAccessorImpl.invoke(DelegatingMethodAccessorImpl.java:43)
	at java.lang.reflect.Method.invoke(Method.java:498)
	at org.junit.runners.model.FrameworkMethod$1.runReflectiveCall(FrameworkMethod.java:59)
	at org.junit.internal.runners.model.ReflectiveCallable.run(ReflectiveCallable.java:12)
	at org.junit.runners.model.FrameworkMethod.invokeExplosively(FrameworkMethod.java:56)
	at org.junit.internal.runners.statements.InvokeMethod.evaluate(InvokeMethod.java:17)
	at org.junit.internal.runners.statements.RunBefores.evaluate(RunBefores.java:26)
	at org.junit.internal.runners.statements.RunAfters.evaluate(RunAfters.java:27)
	at org.junit.internal.runners.statements.FailOnTimeout$CallableStatement.call(FailOnTimeout.java:288)
	at org.junit.internal.runners.statements.FailOnTimeout$CallableStatement.call(FailOnTimeout.java:282)
	at java.util.concurrent.FutureTask.run(FutureTask.java:266)
	at java.lang.Thread.run(Thread.java:750)
2022-10-06 01:03:40,870 [Time-limited test] INFO  rpc.RpcClient (RpcClient.java:createBucket(674)) - Creating Bucket: volume52277/trashroottest2, with bucket layout FILE_SYSTEM_OPTIMIZED, runner as owner, Versioning false, Storage Type set to DISK and Encryption set to false 
2022-10-06 01:03:40,872 [OM StateMachine ApplyTransaction Thread - 0] INFO  bucket.OMBucketCreateRequest (OMBucketCreateRequest.java:validateAndUpdateCache(260)) - created bucket: trashroottest2 of layout FILE_SYSTEM_OPTIMIZED in volume: volume52277
01:03:40.948 [IPC Server handler 12 on default port 34317] ERROR OMAudit - user=runner | ip=127.0.0.1 | op=GET_FILE_STATUS {volume=volume-47606, bucket=bucket-57938, key=.Trash/runner, dataSize=0, replicationConfig=null} | ret=FAILURE
org.apache.hadoop.ozone.om.exceptions.OMException: Unable to get file status: volume: volume-47606 bucket: bucket-57938 key: .Trash/runner
	at org.apache.hadoop.ozone.om.KeyManagerImpl.getOzoneFileStatusFSO(KeyManagerImpl.java:1389) ~[ozone-manager-1.3.0-SNAPSHOT.jar:?]
	at org.apache.hadoop.ozone.om.KeyManagerImpl.getFileStatus(KeyManagerImpl.java:1252) ~[ozone-manager-1.3.0-SNAPSHOT.jar:?]
	at org.apache.hadoop.ozone.om.OzoneManager.getFileStatus(OzoneManager.java:3507) ~[ozone-manager-1.3.0-SNAPSHOT.jar:?]
	at org.apache.hadoop.ozone.protocolPB.OzoneManagerRequestHandler.getOzoneFileStatus(OzoneManagerRequestHandler.java:882) ~[ozone-manager-1.3.0-SNAPSHOT.jar:?]
	at org.apache.hadoop.ozone.protocolPB.OzoneManagerRequestHandler.handleReadRequest(OzoneManagerRequestHandler.java:228) ~[ozone-manager-1.3.0-SNAPSHOT.jar:?]
	at org.apache.hadoop.ozone.protocolPB.OzoneManagerProtocolServerSideTranslatorPB.submitReadRequestToOM(OzoneManagerProtocolServerSideTranslatorPB.java:226) ~[ozone-manager-1.3.0-SNAPSHOT.jar:?]
	at org.apache.hadoop.ozone.protocolPB.OzoneManagerProtocolServerSideTranslatorPB.processRequest(OzoneManagerProtocolServerSideTranslatorPB.java:175) ~[ozone-manager-1.3.0-SNAPSHOT.jar:?]
	at org.apache.hadoop.hdds.server.OzoneProtocolMessageDispatcher.processRequest(OzoneProtocolMessageDispatcher.java:87) [hdds-server-framework-1.3.0-SNAPSHOT.jar:?]
	at org.apache.hadoop.ozone.protocolPB.OzoneManagerProtocolServerSideTranslatorPB.submitRequest(OzoneManagerProtocolServerSideTranslatorPB.java:147) [ozone-manager-1.3.0-SNAPSHOT.jar:?]
	at org.apache.hadoop.ozone.protocol.proto.OzoneManagerProtocolProtos$OzoneManagerService$2.callBlockingMethod(OzoneManagerProtocolProtos.java) [ozone-interface-client-1.3.0-SNAPSHOT.jar:?]
	at org.apache.hadoop.ipc.ProtobufRpcEngine$Server.processCall(ProtobufRpcEngine.java:466) [hadoop-common-3.3.1.jar:?]
	at org.apache.hadoop.ipc.ProtobufRpcEngine2$Server$ProtoBufRpcInvoker.call(ProtobufRpcEngine2.java:574) [hadoop-common-3.3.1.jar:?]
	at org.apache.hadoop.ipc.ProtobufRpcEngine2$Server$ProtoBufRpcInvoker.call(ProtobufRpcEngine2.java:552) [hadoop-common-3.3.1.jar:?]
	at org.apache.hadoop.ipc.RPC$Server.call(RPC.java:1093) [hadoop-common-3.3.1.jar:?]
	at org.apache.hadoop.ipc.Server$RpcCall.run(Server.java:1035) [hadoop-common-3.3.1.jar:?]
	at org.apache.hadoop.ipc.Server$RpcCall.run(Server.java:963) [hadoop-common-3.3.1.jar:?]
	at java.security.AccessController.doPrivileged(Native Method) ~[?:1.8.0_345]
	at javax.security.auth.Subject.doAs(Subject.java:422) [?:1.8.0_345]
	at org.apache.hadoop.security.UserGroupInformation.doAs(UserGroupInformation.java:1878) [hadoop-common-3.3.1.jar:?]
	at org.apache.hadoop.ipc.Server$Handler.run(Server.java:2966) [hadoop-common-3.3.1.jar:?]
2022-10-06 01:03:40,949 [Time-limited test] WARN  ozone.BasicRootedOzoneFileSystem (BasicRootedOzoneFileSystem.java:getFileStatus(879)) - GetFileStatus failed for path /volume-47606/bucket-57938/.Trash/runner
java.io.FileNotFoundException: .Trash/runner: No such file or directory!
	at org.apache.hadoop.fs.ozone.BasicRootedOzoneClientAdapterImpl.getFileStatus(BasicRootedOzoneClientAdapterImpl.java:617)
	at org.apache.hadoop.fs.ozone.BasicRootedOzoneFileSystem.getFileStatus(BasicRootedOzoneFileSystem.java:869)
	at org.apache.hadoop.fs.FileSystem.exists(FileSystem.java:1760)
	at org.apache.hadoop.fs.ozone.BasicRootedOzoneFileSystem.exists(BasicRootedOzoneFileSystem.java:918)
	at org.apache.hadoop.fs.ozone.BasicRootedOzoneClientAdapterImpl.getTrashRoots(BasicRootedOzoneClientAdapterImpl.java:669)
	at org.apache.hadoop.fs.ozone.BasicRootedOzoneFileSystem.getTrashRoots(BasicRootedOzoneFileSystem.java:824)
	at org.apache.hadoop.fs.ozone.TestRootedOzoneFileSystem.testGetTrashRoots(TestRootedOzoneFileSystem.java:1472)
	at sun.reflect.NativeMethodAccessorImpl.invoke0(Native Method)
	at sun.reflect.NativeMethodAccessorImpl.invoke(NativeMethodAccessorImpl.java:62)
	at sun.reflect.DelegatingMethodAccessorImpl.invoke(DelegatingMethodAccessorImpl.java:43)
	at java.lang.reflect.Method.invoke(Method.java:498)
	at org.junit.runners.model.FrameworkMethod$1.runReflectiveCall(FrameworkMethod.java:59)
	at org.junit.internal.runners.model.ReflectiveCallable.run(ReflectiveCallable.java:12)
	at org.junit.runners.model.FrameworkMethod.invokeExplosively(FrameworkMethod.java:56)
	at org.junit.internal.runners.statements.InvokeMethod.evaluate(InvokeMethod.java:17)
	at org.junit.internal.runners.statements.RunBefores.evaluate(RunBefores.java:26)
	at org.junit.internal.runners.statements.RunAfters.evaluate(RunAfters.java:27)
	at org.junit.internal.runners.statements.FailOnTimeout$CallableStatement.call(FailOnTimeout.java:288)
	at org.junit.internal.runners.statements.FailOnTimeout$CallableStatement.call(FailOnTimeout.java:282)
	at java.util.concurrent.FutureTask.run(FutureTask.java:266)
	at java.lang.Thread.run(Thread.java:750)
01:03:40.960 [IPC Server handler 0 on default port 34317] ERROR OMAudit - user=runner | ip=127.0.0.1 | op=GET_FILE_STATUS {volume=volume-15061, bucket=bucket-75004, key=.Trash/runner, dataSize=0, replicationConfig=null} | ret=FAILURE
org.apache.hadoop.ozone.om.exceptions.OMException: Unable to get file status: volume: volume-15061 bucket: bucket-75004 key: .Trash/runner
	at org.apache.hadoop.ozone.om.KeyManagerImpl.getOzoneFileStatusFSO(KeyManagerImpl.java:1389) ~[ozone-manager-1.3.0-SNAPSHOT.jar:?]
	at org.apache.hadoop.ozone.om.KeyManagerImpl.getFileStatus(KeyManagerImpl.java:1252) ~[ozone-manager-1.3.0-SNAPSHOT.jar:?]
	at org.apache.hadoop.ozone.om.OzoneManager.getFileStatus(OzoneManager.java:3507) ~[ozone-manager-1.3.0-SNAPSHOT.jar:?]
	at org.apache.hadoop.ozone.protocolPB.OzoneManagerRequestHandler.getOzoneFileStatus(OzoneManagerRequestHandler.java:882) ~[ozone-manager-1.3.0-SNAPSHOT.jar:?]
	at org.apache.hadoop.ozone.protocolPB.OzoneManagerRequestHandler.handleReadRequest(OzoneManagerRequestHandler.java:228) ~[ozone-manager-1.3.0-SNAPSHOT.jar:?]
	at org.apache.hadoop.ozone.protocolPB.OzoneManagerProtocolServerSideTranslatorPB.submitReadRequestToOM(OzoneManagerProtocolServerSideTranslatorPB.java:226) ~[ozone-manager-1.3.0-SNAPSHOT.jar:?]
	at org.apache.hadoop.ozone.protocolPB.OzoneManagerProtocolServerSideTranslatorPB.processRequest(OzoneManagerProtocolServerSideTranslatorPB.java:175) ~[ozone-manager-1.3.0-SNAPSHOT.jar:?]
	at org.apache.hadoop.hdds.server.OzoneProtocolMessageDispatcher.processRequest(OzoneProtocolMessageDispatcher.java:87) [hdds-server-framework-1.3.0-SNAPSHOT.jar:?]
	at org.apache.hadoop.ozone.protocolPB.OzoneManagerProtocolServerSideTranslatorPB.submitRequest(OzoneManagerProtocolServerSideTranslatorPB.java:147) [ozone-manager-1.3.0-SNAPSHOT.jar:?]
	at org.apache.hadoop.ozone.protocol.proto.OzoneManagerProtocolProtos$OzoneManagerService$2.callBlockingMethod(OzoneManagerProtocolProtos.java) [ozone-interface-client-1.3.0-SNAPSHOT.jar:?]
	at org.apache.hadoop.ipc.ProtobufRpcEngine$Server.processCall(ProtobufRpcEngine.java:466) [hadoop-common-3.3.1.jar:?]
	at org.apache.hadoop.ipc.ProtobufRpcEngine2$Server$ProtoBufRpcInvoker.call(ProtobufRpcEngine2.java:574) [hadoop-common-3.3.1.jar:?]
	at org.apache.hadoop.ipc.ProtobufRpcEngine2$Server$ProtoBufRpcInvoker.call(ProtobufRpcEngine2.java:552) [hadoop-common-3.3.1.jar:?]
	at org.apache.hadoop.ipc.RPC$Server.call(RPC.java:1093) [hadoop-common-3.3.1.jar:?]
	at org.apache.hadoop.ipc.Server$RpcCall.run(Server.java:1035) [hadoop-common-3.3.1.jar:?]
	at org.apache.hadoop.ipc.Server$RpcCall.run(Server.java:963) [hadoop-common-3.3.1.jar:?]
	at java.security.AccessController.doPrivileged(Native Method) ~[?:1.8.0_345]
	at javax.security.auth.Subject.doAs(Subject.java:422) [?:1.8.0_345]
	at org.apache.hadoop.security.UserGroupInformation.doAs(UserGroupInformation.java:1878) [hadoop-common-3.3.1.jar:?]
	at org.apache.hadoop.ipc.Server$Handler.run(Server.java:2966) [hadoop-common-3.3.1.jar:?]
2022-10-06 01:03:40,960 [Time-limited test] WARN  ozone.BasicRootedOzoneFileSystem (BasicRootedOzoneFileSystem.java:getFileStatus(879)) - GetFileStatus failed for path /volume-15061/bucket-75004/.Trash/runner
java.io.FileNotFoundException: .Trash/runner: No such file or directory!
	at org.apache.hadoop.fs.ozone.BasicRootedOzoneClientAdapterImpl.getFileStatus(BasicRootedOzoneClientAdapterImpl.java:617)
	at org.apache.hadoop.fs.ozone.BasicRootedOzoneFileSystem.getFileStatus(BasicRootedOzoneFileSystem.java:869)
	at org.apache.hadoop.fs.FileSystem.exists(FileSystem.java:1760)
	at org.apache.hadoop.fs.ozone.BasicRootedOzoneFileSystem.exists(BasicRootedOzoneFileSystem.java:918)
	at org.apache.hadoop.fs.ozone.BasicRootedOzoneClientAdapterImpl.getTrashRoots(BasicRootedOzoneClientAdapterImpl.java:669)
	at org.apache.hadoop.fs.ozone.BasicRootedOzoneFileSystem.getTrashRoots(BasicRootedOzoneFileSystem.java:824)
	at org.apache.hadoop.fs.ozone.TestRootedOzoneFileSystem.testGetTrashRoots(TestRootedOzoneFileSystem.java:1472)
	at sun.reflect.NativeMethodAccessorImpl.invoke0(Native Method)
	at sun.reflect.NativeMethodAccessorImpl.invoke(NativeMethodAccessorImpl.java:62)
	at sun.reflect.DelegatingMethodAccessorImpl.invoke(DelegatingMethodAccessorImpl.java:43)
	at java.lang.reflect.Method.invoke(Method.java:498)
	at org.junit.runners.model.FrameworkMethod$1.runReflectiveCall(FrameworkMethod.java:59)
	at org.junit.internal.runners.model.ReflectiveCallable.run(ReflectiveCallable.java:12)
	at org.junit.runners.model.FrameworkMethod.invokeExplosively(FrameworkMethod.java:56)
	at org.junit.internal.runners.statements.InvokeMethod.evaluate(InvokeMethod.java:17)
	at org.junit.internal.runners.statements.RunBefores.evaluate(RunBefores.java:26)
	at org.junit.internal.runners.statements.RunAfters.evaluate(RunAfters.java:27)
	at org.junit.internal.runners.statements.FailOnTimeout$CallableStatement.call(FailOnTimeout.java:288)
	at org.junit.internal.runners.statements.FailOnTimeout$CallableStatement.call(FailOnTimeout.java:282)
	at java.util.concurrent.FutureTask.run(FutureTask.java:266)
	at java.lang.Thread.run(Thread.java:750)
01:03:40.962 [IPC Server handler 10 on default port 34317] ERROR OMAudit - user=runner | ip=127.0.0.1 | op=GET_FILE_STATUS {volume=volume-70220, bucket=bucket3, key=.Trash/runner, dataSize=0, replicationConfig=null} | ret=FAILURE
org.apache.hadoop.ozone.om.exceptions.OMException: Unable to get file status: volume: volume-70220 bucket: bucket3 key: .Trash/runner
	at org.apache.hadoop.ozone.om.KeyManagerImpl.getOzoneFileStatusFSO(KeyManagerImpl.java:1389) ~[ozone-manager-1.3.0-SNAPSHOT.jar:?]
	at org.apache.hadoop.ozone.om.KeyManagerImpl.getFileStatus(KeyManagerImpl.java:1252) ~[ozone-manager-1.3.0-SNAPSHOT.jar:?]
	at org.apache.hadoop.ozone.om.OzoneManager.getFileStatus(OzoneManager.java:3507) ~[ozone-manager-1.3.0-SNAPSHOT.jar:?]
	at org.apache.hadoop.ozone.protocolPB.OzoneManagerRequestHandler.getOzoneFileStatus(OzoneManagerRequestHandler.java:882) ~[ozone-manager-1.3.0-SNAPSHOT.jar:?]
	at org.apache.hadoop.ozone.protocolPB.OzoneManagerRequestHandler.handleReadRequest(OzoneManagerRequestHandler.java:228) ~[ozone-manager-1.3.0-SNAPSHOT.jar:?]
	at org.apache.hadoop.ozone.protocolPB.OzoneManagerProtocolServerSideTranslatorPB.submitReadRequestToOM(OzoneManagerProtocolServerSideTranslatorPB.java:226) ~[ozone-manager-1.3.0-SNAPSHOT.jar:?]
	at org.apache.hadoop.ozone.protocolPB.OzoneManagerProtocolServerSideTranslatorPB.processRequest(OzoneManagerProtocolServerSideTranslatorPB.java:175) ~[ozone-manager-1.3.0-SNAPSHOT.jar:?]
	at org.apache.hadoop.hdds.server.OzoneProtocolMessageDispatcher.processRequest(OzoneProtocolMessageDispatcher.java:87) [hdds-server-framework-1.3.0-SNAPSHOT.jar:?]
	at org.apache.hadoop.ozone.protocolPB.OzoneManagerProtocolServerSideTranslatorPB.submitRequest(OzoneManagerProtocolServerSideTranslatorPB.java:147) [ozone-manager-1.3.0-SNAPSHOT.jar:?]
	at org.apache.hadoop.ozone.protocol.proto.OzoneManagerProtocolProtos$OzoneManagerService$2.callBlockingMethod(OzoneManagerProtocolProtos.java) [ozone-interface-client-1.3.0-SNAPSHOT.jar:?]
	at org.apache.hadoop.ipc.ProtobufRpcEngine$Server.processCall(ProtobufRpcEngine.java:466) [hadoop-common-3.3.1.jar:?]
	at org.apache.hadoop.ipc.ProtobufRpcEngine2$Server$ProtoBufRpcInvoker.call(ProtobufRpcEngine2.java:574) [hadoop-common-3.3.1.jar:?]
	at org.apache.hadoop.ipc.ProtobufRpcEngine2$Server$ProtoBufRpcInvoker.call(ProtobufRpcEngine2.java:552) [hadoop-common-3.3.1.jar:?]
	at org.apache.hadoop.ipc.RPC$Server.call(RPC.java:1093) [hadoop-common-3.3.1.jar:?]
	at org.apache.hadoop.ipc.Server$RpcCall.run(Server.java:1035) [hadoop-common-3.3.1.jar:?]
	at org.apache.hadoop.ipc.Server$RpcCall.run(Server.java:963) [hadoop-common-3.3.1.jar:?]
	at java.security.AccessController.doPrivileged(Native Method) ~[?:1.8.0_345]
	at javax.security.auth.Subject.doAs(Subject.java:422) [?:1.8.0_345]
	at org.apache.hadoop.security.UserGroupInformation.doAs(UserGroupInformation.java:1878) [hadoop-common-3.3.1.jar:?]
	at org.apache.hadoop.ipc.Server$Handler.run(Server.java:2966) [hadoop-common-3.3.1.jar:?]
2022-10-06 01:03:40,963 [Time-limited test] WARN  ozone.BasicRootedOzoneFileSystem (BasicRootedOzoneFileSystem.java:getFileStatus(879)) - GetFileStatus failed for path /volume-70220/bucket3/.Trash/runner
java.io.FileNotFoundException: .Trash/runner: No such file or directory!
	at org.apache.hadoop.fs.ozone.BasicRootedOzoneClientAdapterImpl.getFileStatus(BasicRootedOzoneClientAdapterImpl.java:617)
	at org.apache.hadoop.fs.ozone.BasicRootedOzoneFileSystem.getFileStatus(BasicRootedOzoneFileSystem.java:869)
	at org.apache.hadoop.fs.FileSystem.exists(FileSystem.java:1760)
	at org.apache.hadoop.fs.ozone.BasicRootedOzoneFileSystem.exists(BasicRootedOzoneFileSystem.java:918)
	at org.apache.hadoop.fs.ozone.BasicRootedOzoneClientAdapterImpl.getTrashRoots(BasicRootedOzoneClientAdapterImpl.java:669)
	at org.apache.hadoop.fs.ozone.BasicRootedOzoneFileSystem.getTrashRoots(BasicRootedOzoneFileSystem.java:824)
	at org.apache.hadoop.fs.ozone.TestRootedOzoneFileSystem.testGetTrashRoots(TestRootedOzoneFileSystem.java:1472)
	at sun.reflect.NativeMethodAccessorImpl.invoke0(Native Method)
	at sun.reflect.NativeMethodAccessorImpl.invoke(NativeMethodAccessorImpl.java:62)
	at sun.reflect.DelegatingMethodAccessorImpl.invoke(DelegatingMethodAccessorImpl.java:43)
	at java.lang.reflect.Method.invoke(Method.java:498)
	at org.junit.runners.model.FrameworkMethod$1.runReflectiveCall(FrameworkMethod.java:59)
	at org.junit.internal.runners.model.ReflectiveCallable.run(ReflectiveCallable.java:12)
	at org.junit.runners.model.FrameworkMethod.invokeExplosively(FrameworkMethod.java:56)
	at org.junit.internal.runners.statements.InvokeMethod.evaluate(InvokeMethod.java:17)
	at org.junit.internal.runners.statements.RunBefores.evaluate(RunBefores.java:26)
	at org.junit.internal.runners.statements.RunAfters.evaluate(RunAfters.java:27)
	at org.junit.internal.runners.statements.FailOnTimeout$CallableStatement.call(FailOnTimeout.java:288)
	at org.junit.internal.runners.statements.FailOnTimeout$CallableStatement.call(FailOnTimeout.java:282)
	at java.util.concurrent.FutureTask.run(FutureTask.java:266)
	at java.lang.Thread.run(Thread.java:750)
01:03:40.967 [IPC Server handler 1 on default port 34317] ERROR OMAudit - user=runner | ip=127.0.0.1 | op=GET_FILE_STATUS {volume=41812c2c-f6d7-4f0f-be5c-cc1f0b07cd78, bucket=0df5328d-eeb1-4c32-87ea-33cd10a8a7f6, key=.Trash, dataSize=0, replicationConfig=null} | ret=FAILURE
org.apache.hadoop.ozone.om.exceptions.OMException: Unable to get file status: volume: 41812c2c-f6d7-4f0f-be5c-cc1f0b07cd78 bucket: 0df5328d-eeb1-4c32-87ea-33cd10a8a7f6 key: .Trash
	at org.apache.hadoop.ozone.om.KeyManagerImpl.getOzoneFileStatus(KeyManagerImpl.java:1324) ~[ozone-manager-1.3.0-SNAPSHOT.jar:?]
	at org.apache.hadoop.ozone.om.KeyManagerImpl.getFileStatus(KeyManagerImpl.java:1254) ~[ozone-manager-1.3.0-SNAPSHOT.jar:?]
	at org.apache.hadoop.ozone.om.OzoneManager.getFileStatus(OzoneManager.java:3507) ~[ozone-manager-1.3.0-SNAPSHOT.jar:?]
	at org.apache.hadoop.ozone.protocolPB.OzoneManagerRequestHandler.getOzoneFileStatus(OzoneManagerRequestHandler.java:882) ~[ozone-manager-1.3.0-SNAPSHOT.jar:?]
	at org.apache.hadoop.ozone.protocolPB.OzoneManagerRequestHandler.handleReadRequest(OzoneManagerRequestHandler.java:228) ~[ozone-manager-1.3.0-SNAPSHOT.jar:?]
	at org.apache.hadoop.ozone.protocolPB.OzoneManagerProtocolServerSideTranslatorPB.submitReadRequestToOM(OzoneManagerProtocolServerSideTranslatorPB.java:226) ~[ozone-manager-1.3.0-SNAPSHOT.jar:?]
	at org.apache.hadoop.ozone.protocolPB.OzoneManagerProtocolServerSideTranslatorPB.processRequest(OzoneManagerProtocolServerSideTranslatorPB.java:175) ~[ozone-manager-1.3.0-SNAPSHOT.jar:?]
	at org.apache.hadoop.hdds.server.OzoneProtocolMessageDispatcher.processRequest(OzoneProtocolMessageDispatcher.java:87) [hdds-server-framework-1.3.0-SNAPSHOT.jar:?]
	at org.apache.hadoop.ozone.protocolPB.OzoneManagerProtocolServerSideTranslatorPB.submitRequest(OzoneManagerProtocolServerSideTranslatorPB.java:147) [ozone-manager-1.3.0-SNAPSHOT.jar:?]
	at org.apache.hadoop.ozone.protocol.proto.OzoneManagerProtocolProtos$OzoneManagerService$2.callBlockingMethod(OzoneManagerProtocolProtos.java) [ozone-interface-client-1.3.0-SNAPSHOT.jar:?]
	at org.apache.hadoop.ipc.ProtobufRpcEngine$Server.processCall(ProtobufRpcEngine.java:466) [hadoop-common-3.3.1.jar:?]
	at org.apache.hadoop.ipc.ProtobufRpcEngine2$Server$ProtoBufRpcInvoker.call(ProtobufRpcEngine2.java:574) [hadoop-common-3.3.1.jar:?]
	at org.apache.hadoop.ipc.ProtobufRpcEngine2$Server$ProtoBufRpcInvoker.call(ProtobufRpcEngine2.java:552) [hadoop-common-3.3.1.jar:?]
	at org.apache.hadoop.ipc.RPC$Server.call(RPC.java:1093) [hadoop-common-3.3.1.jar:?]
	at org.apache.hadoop.ipc.Server$RpcCall.run(Server.java:1035) [hadoop-common-3.3.1.jar:?]
	at org.apache.hadoop.ipc.Server$RpcCall.run(Server.java:963) [hadoop-common-3.3.1.jar:?]
	at java.security.AccessController.doPrivileged(Native Method) ~[?:1.8.0_345]
	at javax.security.auth.Subject.doAs(Subject.java:422) [?:1.8.0_345]
	at org.apache.hadoop.security.UserGroupInformation.doAs(UserGroupInformation.java:1878) [hadoop-common-3.3.1.jar:?]
	at org.apache.hadoop.ipc.Server$Handler.run(Server.java:2966) [hadoop-common-3.3.1.jar:?]
2022-10-06 01:03:40,968 [Time-limited test] WARN  ozone.BasicRootedOzoneFileSystem (BasicRootedOzoneFileSystem.java:getFileStatus(879)) - GetFileStatus failed for path /41812c2c-f6d7-4f0f-be5c-cc1f0b07cd78/0df5328d-eeb1-4c32-87ea-33cd10a8a7f6/.Trash
java.io.FileNotFoundException: .Trash: No such file or directory!
	at org.apache.hadoop.fs.ozone.BasicRootedOzoneClientAdapterImpl.getFileStatus(BasicRootedOzoneClientAdapterImpl.java:617)
	at org.apache.hadoop.fs.ozone.BasicRootedOzoneFileSystem.getFileStatus(BasicRootedOzoneFileSystem.java:869)
	at org.apache.hadoop.fs.FileSystem.exists(FileSystem.java:1760)
	at org.apache.hadoop.fs.ozone.BasicRootedOzoneFileSystem.exists(BasicRootedOzoneFileSystem.java:918)
	at org.apache.hadoop.fs.ozone.BasicRootedOzoneClientAdapterImpl.getTrashRoots(BasicRootedOzoneClientAdapterImpl.java:660)
	at org.apache.hadoop.fs.ozone.BasicRootedOzoneFileSystem.getTrashRoots(BasicRootedOzoneFileSystem.java:824)
	at org.apache.hadoop.fs.ozone.TestRootedOzoneFileSystem.testGetTrashRoots(TestRootedOzoneFileSystem.java:1474)
	at sun.reflect.NativeMethodAccessorImpl.invoke0(Native Method)
	at sun.reflect.NativeMethodAccessorImpl.invoke(NativeMethodAccessorImpl.java:62)
	at sun.reflect.DelegatingMethodAccessorImpl.invoke(DelegatingMethodAccessorImpl.java:43)
	at java.lang.reflect.Method.invoke(Method.java:498)
	at org.junit.runners.model.FrameworkMethod$1.runReflectiveCall(FrameworkMethod.java:59)
	at org.junit.internal.runners.model.ReflectiveCallable.run(ReflectiveCallable.java:12)
	at org.junit.runners.model.FrameworkMethod.invokeExplosively(FrameworkMethod.java:56)
	at org.junit.internal.runners.statements.InvokeMethod.evaluate(InvokeMethod.java:17)
	at org.junit.internal.runners.statements.RunBefores.evaluate(RunBefores.java:26)
	at org.junit.internal.runners.statements.RunAfters.evaluate(RunAfters.java:27)
	at org.junit.internal.runners.statements.FailOnTimeout$CallableStatement.call(FailOnTimeout.java:288)
	at org.junit.internal.runners.statements.FailOnTimeout$CallableStatement.call(FailOnTimeout.java:282)
	at java.util.concurrent.FutureTask.run(FutureTask.java:266)
	at java.lang.Thread.run(Thread.java:750)
01:03:40.970 [IPC Server handler 14 on default port 34317] ERROR OMAudit - user=runner | ip=127.0.0.1 | op=GET_FILE_STATUS {volume=volume-15061, bucket=bucket-75004, key=.Trash, dataSize=0, replicationConfig=null} | ret=FAILURE
org.apache.hadoop.ozone.om.exceptions.OMException: Unable to get file status: volume: volume-15061 bucket: bucket-75004 key: .Trash
	at org.apache.hadoop.ozone.om.KeyManagerImpl.getOzoneFileStatusFSO(KeyManagerImpl.java:1389) ~[ozone-manager-1.3.0-SNAPSHOT.jar:?]
	at org.apache.hadoop.ozone.om.KeyManagerImpl.getFileStatus(KeyManagerImpl.java:1252) ~[ozone-manager-1.3.0-SNAPSHOT.jar:?]
	at org.apache.hadoop.ozone.om.OzoneManager.getFileStatus(OzoneManager.java:3507) ~[ozone-manager-1.3.0-SNAPSHOT.jar:?]
	at org.apache.hadoop.ozone.protocolPB.OzoneManagerRequestHandler.getOzoneFileStatus(OzoneManagerRequestHandler.java:882) ~[ozone-manager-1.3.0-SNAPSHOT.jar:?]
	at org.apache.hadoop.ozone.protocolPB.OzoneManagerRequestHandler.handleReadRequest(OzoneManagerRequestHandler.java:228) ~[ozone-manager-1.3.0-SNAPSHOT.jar:?]
	at org.apache.hadoop.ozone.protocolPB.OzoneManagerProtocolServerSideTranslatorPB.submitReadRequestToOM(OzoneManagerProtocolServerSideTranslatorPB.java:226) ~[ozone-manager-1.3.0-SNAPSHOT.jar:?]
	at org.apache.hadoop.ozone.protocolPB.OzoneManagerProtocolServerSideTranslatorPB.processRequest(OzoneManagerProtocolServerSideTranslatorPB.java:175) ~[ozone-manager-1.3.0-SNAPSHOT.jar:?]
	at org.apache.hadoop.hdds.server.OzoneProtocolMessageDispatcher.processRequest(OzoneProtocolMessageDispatcher.java:87) [hdds-server-framework-1.3.0-SNAPSHOT.jar:?]
	at org.apache.hadoop.ozone.protocolPB.OzoneManagerProtocolServerSideTranslatorPB.submitRequest(OzoneManagerProtocolServerSideTranslatorPB.java:147) [ozone-manager-1.3.0-SNAPSHOT.jar:?]
	at org.apache.hadoop.ozone.protocol.proto.OzoneManagerProtocolProtos$OzoneManagerService$2.callBlockingMethod(OzoneManagerProtocolProtos.java) [ozone-interface-client-1.3.0-SNAPSHOT.jar:?]
	at org.apache.hadoop.ipc.ProtobufRpcEngine$Server.processCall(ProtobufRpcEngine.java:466) [hadoop-common-3.3.1.jar:?]
	at org.apache.hadoop.ipc.ProtobufRpcEngine2$Server$ProtoBufRpcInvoker.call(ProtobufRpcEngine2.java:574) [hadoop-common-3.3.1.jar:?]
	at org.apache.hadoop.ipc.ProtobufRpcEngine2$Server$ProtoBufRpcInvoker.call(ProtobufRpcEngine2.java:552) [hadoop-common-3.3.1.jar:?]
	at org.apache.hadoop.ipc.RPC$Server.call(RPC.java:1093) [hadoop-common-3.3.1.jar:?]
	at org.apache.hadoop.ipc.Server$RpcCall.run(Server.java:1035) [hadoop-common-3.3.1.jar:?]
	at org.apache.hadoop.ipc.Server$RpcCall.run(Server.java:963) [hadoop-common-3.3.1.jar:?]
	at java.security.AccessController.doPrivileged(Native Method) ~[?:1.8.0_345]
	at javax.security.auth.Subject.doAs(Subject.java:422) [?:1.8.0_345]
	at org.apache.hadoop.security.UserGroupInformation.doAs(UserGroupInformation.java:1878) [hadoop-common-3.3.1.jar:?]
	at org.apache.hadoop.ipc.Server$Handler.run(Server.java:2966) [hadoop-common-3.3.1.jar:?]
2022-10-06 01:03:40,972 [Time-limited test] WARN  ozone.BasicRootedOzoneFileSystem (BasicRootedOzoneFileSystem.java:getFileStatus(879)) - GetFileStatus failed for path /volume-15061/bucket-75004/.Trash
java.io.FileNotFoundException: .Trash: No such file or directory!
	at org.apache.hadoop.fs.ozone.BasicRootedOzoneClientAdapterImpl.getFileStatus(BasicRootedOzoneClientAdapterImpl.java:617)
	at org.apache.hadoop.fs.ozone.BasicRootedOzoneFileSystem.getFileStatus(BasicRootedOzoneFileSystem.java:869)
	at org.apache.hadoop.fs.FileSystem.exists(FileSystem.java:1760)
	at org.apache.hadoop.fs.ozone.BasicRootedOzoneFileSystem.exists(BasicRootedOzoneFileSystem.java:918)
	at org.apache.hadoop.fs.ozone.BasicRootedOzoneClientAdapterImpl.getTrashRoots(BasicRootedOzoneClientAdapterImpl.java:660)
	at org.apache.hadoop.fs.ozone.BasicRootedOzoneFileSystem.getTrashRoots(BasicRootedOzoneFileSystem.java:824)
	at org.apache.hadoop.fs.ozone.TestRootedOzoneFileSystem.testGetTrashRoots(TestRootedOzoneFileSystem.java:1474)
	at sun.reflect.NativeMethodAccessorImpl.invoke0(Native Method)
	at sun.reflect.NativeMethodAccessorImpl.invoke(NativeMethodAccessorImpl.java:62)
	at sun.reflect.DelegatingMethodAccessorImpl.invoke(DelegatingMethodAccessorImpl.java:43)
	at java.lang.reflect.Method.invoke(Method.java:498)
	at org.junit.runners.model.FrameworkMethod$1.runReflectiveCall(FrameworkMethod.java:59)
	at org.junit.internal.runners.model.ReflectiveCallable.run(ReflectiveCallable.java:12)
	at org.junit.runners.model.FrameworkMethod.invokeExplosively(FrameworkMethod.java:56)
	at org.junit.internal.runners.statements.InvokeMethod.evaluate(InvokeMethod.java:17)
	at org.junit.internal.runners.statements.RunBefores.evaluate(RunBefores.java:26)
	at org.junit.internal.runners.statements.RunAfters.evaluate(RunAfters.java:27)
	at org.junit.internal.runners.statements.FailOnTimeout$CallableStatement.call(FailOnTimeout.java:288)
	at org.junit.internal.runners.statements.FailOnTimeout$CallableStatement.call(FailOnTimeout.java:282)
	at java.util.concurrent.FutureTask.run(FutureTask.java:266)
	at java.lang.Thread.run(Thread.java:750)
01:03:40.974 [IPC Server handler 18 on default port 34317] ERROR OMAudit - user=runner | ip=127.0.0.1 | op=GET_FILE_STATUS {volume=volume-47606, bucket=bucket-57938, key=.Trash, dataSize=0, replicationConfig=null} | ret=FAILURE
org.apache.hadoop.ozone.om.exceptions.OMException: Unable to get file status: volume: volume-47606 bucket: bucket-57938 key: .Trash
	at org.apache.hadoop.ozone.om.KeyManagerImpl.getOzoneFileStatusFSO(KeyManagerImpl.java:1389) ~[ozone-manager-1.3.0-SNAPSHOT.jar:?]
	at org.apache.hadoop.ozone.om.KeyManagerImpl.getFileStatus(KeyManagerImpl.java:1252) ~[ozone-manager-1.3.0-SNAPSHOT.jar:?]
	at org.apache.hadoop.ozone.om.OzoneManager.getFileStatus(OzoneManager.java:3507) ~[ozone-manager-1.3.0-SNAPSHOT.jar:?]
	at org.apache.hadoop.ozone.protocolPB.OzoneManagerRequestHandler.getOzoneFileStatus(OzoneManagerRequestHandler.java:882) ~[ozone-manager-1.3.0-SNAPSHOT.jar:?]
	at org.apache.hadoop.ozone.protocolPB.OzoneManagerRequestHandler.handleReadRequest(OzoneManagerRequestHandler.java:228) ~[ozone-manager-1.3.0-SNAPSHOT.jar:?]
	at org.apache.hadoop.ozone.protocolPB.OzoneManagerProtocolServerSideTranslatorPB.submitReadRequestToOM(OzoneManagerProtocolServerSideTranslatorPB.java:226) ~[ozone-manager-1.3.0-SNAPSHOT.jar:?]
	at org.apache.hadoop.ozone.protocolPB.OzoneManagerProtocolServerSideTranslatorPB.processRequest(OzoneManagerProtocolServerSideTranslatorPB.java:175) ~[ozone-manager-1.3.0-SNAPSHOT.jar:?]
	at org.apache.hadoop.hdds.server.OzoneProtocolMessageDispatcher.processRequest(OzoneProtocolMessageDispatcher.java:87) [hdds-server-framework-1.3.0-SNAPSHOT.jar:?]
	at org.apache.hadoop.ozone.protocolPB.OzoneManagerProtocolServerSideTranslatorPB.submitRequest(OzoneManagerProtocolServerSideTranslatorPB.java:147) [ozone-manager-1.3.0-SNAPSHOT.jar:?]
	at org.apache.hadoop.ozone.protocol.proto.OzoneManagerProtocolProtos$OzoneManagerService$2.callBlockingMethod(OzoneManagerProtocolProtos.java) [ozone-interface-client-1.3.0-SNAPSHOT.jar:?]
	at org.apache.hadoop.ipc.ProtobufRpcEngine$Server.processCall(ProtobufRpcEngine.java:466) [hadoop-common-3.3.1.jar:?]
	at org.apache.hadoop.ipc.ProtobufRpcEngine2$Server$ProtoBufRpcInvoker.call(ProtobufRpcEngine2.java:574) [hadoop-common-3.3.1.jar:?]
	at org.apache.hadoop.ipc.ProtobufRpcEngine2$Server$ProtoBufRpcInvoker.call(ProtobufRpcEngine2.java:552) [hadoop-common-3.3.1.jar:?]
	at org.apache.hadoop.ipc.RPC$Server.call(RPC.java:1093) [hadoop-common-3.3.1.jar:?]
	at org.apache.hadoop.ipc.Server$RpcCall.run(Server.java:1035) [hadoop-common-3.3.1.jar:?]
	at org.apache.hadoop.ipc.Server$RpcCall.run(Server.java:963) [hadoop-common-3.3.1.jar:?]
	at java.security.AccessController.doPrivileged(Native Method) ~[?:1.8.0_345]
	at javax.security.auth.Subject.doAs(Subject.java:422) [?:1.8.0_345]
	at org.apache.hadoop.security.UserGroupInformation.doAs(UserGroupInformation.java:1878) [hadoop-common-3.3.1.jar:?]
	at org.apache.hadoop.ipc.Server$Handler.run(Server.java:2966) [hadoop-common-3.3.1.jar:?]
2022-10-06 01:03:40,975 [Time-limited test] WARN  ozone.BasicRootedOzoneFileSystem (BasicRootedOzoneFileSystem.java:getFileStatus(879)) - GetFileStatus failed for path /volume-47606/bucket-57938/.Trash
java.io.FileNotFoundException: .Trash: No such file or directory!
	at org.apache.hadoop.fs.ozone.BasicRootedOzoneClientAdapterImpl.getFileStatus(BasicRootedOzoneClientAdapterImpl.java:617)
	at org.apache.hadoop.fs.ozone.BasicRootedOzoneFileSystem.getFileStatus(BasicRootedOzoneFileSystem.java:869)
	at org.apache.hadoop.fs.FileSystem.exists(FileSystem.java:1760)
	at org.apache.hadoop.fs.ozone.BasicRootedOzoneFileSystem.exists(BasicRootedOzoneFileSystem.java:918)
	at org.apache.hadoop.fs.ozone.BasicRootedOzoneClientAdapterImpl.getTrashRoots(BasicRootedOzoneClientAdapterImpl.java:660)
	at org.apache.hadoop.fs.ozone.BasicRootedOzoneFileSystem.getTrashRoots(BasicRootedOzoneFileSystem.java:824)
	at org.apache.hadoop.fs.ozone.TestRootedOzoneFileSystem.testGetTrashRoots(TestRootedOzoneFileSystem.java:1474)
	at sun.reflect.NativeMethodAccessorImpl.invoke0(Native Method)
	at sun.reflect.NativeMethodAccessorImpl.invoke(NativeMethodAccessorImpl.java:62)
	at sun.reflect.DelegatingMethodAccessorImpl.invoke(DelegatingMethodAccessorImpl.java:43)
	at java.lang.reflect.Method.invoke(Method.java:498)
	at org.junit.runners.model.FrameworkMethod$1.runReflectiveCall(FrameworkMethod.java:59)
	at org.junit.internal.runners.model.ReflectiveCallable.run(ReflectiveCallable.java:12)
	at org.junit.runners.model.FrameworkMethod.invokeExplosively(FrameworkMethod.java:56)
	at org.junit.internal.runners.statements.InvokeMethod.evaluate(InvokeMethod.java:17)
	at org.junit.internal.runners.statements.RunBefores.evaluate(RunBefores.java:26)
	at org.junit.internal.runners.statements.RunAfters.evaluate(RunAfters.java:27)
	at org.junit.internal.runners.statements.FailOnTimeout$CallableStatement.call(FailOnTimeout.java:288)
	at org.junit.internal.runners.statements.FailOnTimeout$CallableStatement.call(FailOnTimeout.java:282)
	at java.util.concurrent.FutureTask.run(FutureTask.java:266)
	at java.lang.Thread.run(Thread.java:750)
01:03:40.977 [IPC Server handler 12 on default port 34317] ERROR OMAudit - user=runner | ip=127.0.0.1 | op=GET_FILE_STATUS {volume=volume-70220, bucket=bucket3, key=.Trash, dataSize=0, replicationConfig=null} | ret=FAILURE
org.apache.hadoop.ozone.om.exceptions.OMException: Unable to get file status: volume: volume-70220 bucket: bucket3 key: .Trash
	at org.apache.hadoop.ozone.om.KeyManagerImpl.getOzoneFileStatusFSO(KeyManagerImpl.java:1389) ~[ozone-manager-1.3.0-SNAPSHOT.jar:?]
	at org.apache.hadoop.ozone.om.KeyManagerImpl.getFileStatus(KeyManagerImpl.java:1252) ~[ozone-manager-1.3.0-SNAPSHOT.jar:?]
	at org.apache.hadoop.ozone.om.OzoneManager.getFileStatus(OzoneManager.java:3507) ~[ozone-manager-1.3.0-SNAPSHOT.jar:?]
	at org.apache.hadoop.ozone.protocolPB.OzoneManagerRequestHandler.getOzoneFileStatus(OzoneManagerRequestHandler.java:882) ~[ozone-manager-1.3.0-SNAPSHOT.jar:?]
	at org.apache.hadoop.ozone.protocolPB.OzoneManagerRequestHandler.handleReadRequest(OzoneManagerRequestHandler.java:228) ~[ozone-manager-1.3.0-SNAPSHOT.jar:?]
	at org.apache.hadoop.ozone.protocolPB.OzoneManagerProtocolServerSideTranslatorPB.submitReadRequestToOM(OzoneManagerProtocolServerSideTranslatorPB.java:226) ~[ozone-manager-1.3.0-SNAPSHOT.jar:?]
	at org.apache.hadoop.ozone.protocolPB.OzoneManagerProtocolServerSideTranslatorPB.processRequest(OzoneManagerProtocolServerSideTranslatorPB.java:175) ~[ozone-manager-1.3.0-SNAPSHOT.jar:?]
	at org.apache.hadoop.hdds.server.OzoneProtocolMessageDispatcher.processRequest(OzoneProtocolMessageDispatcher.java:87) [hdds-server-framework-1.3.0-SNAPSHOT.jar:?]
	at org.apache.hadoop.ozone.protocolPB.OzoneManagerProtocolServerSideTranslatorPB.submitRequest(OzoneManagerProtocolServerSideTranslatorPB.java:147) [ozone-manager-1.3.0-SNAPSHOT.jar:?]
	at org.apache.hadoop.ozone.protocol.proto.OzoneManagerProtocolProtos$OzoneManagerService$2.callBlockingMethod(OzoneManagerProtocolProtos.java) [ozone-interface-client-1.3.0-SNAPSHOT.jar:?]
	at org.apache.hadoop.ipc.ProtobufRpcEngine$Server.processCall(ProtobufRpcEngine.java:466) [hadoop-common-3.3.1.jar:?]
	at org.apache.hadoop.ipc.ProtobufRpcEngine2$Server$ProtoBufRpcInvoker.call(ProtobufRpcEngine2.java:574) [hadoop-common-3.3.1.jar:?]
	at org.apache.hadoop.ipc.ProtobufRpcEngine2$Server$ProtoBufRpcInvoker.call(ProtobufRpcEngine2.java:552) [hadoop-common-3.3.1.jar:?]
	at org.apache.hadoop.ipc.RPC$Server.call(RPC.java:1093) [hadoop-common-3.3.1.jar:?]
	at org.apache.hadoop.ipc.Server$RpcCall.run(Server.java:1035) [hadoop-common-3.3.1.jar:?]
	at org.apache.hadoop.ipc.Server$RpcCall.run(Server.java:963) [hadoop-common-3.3.1.jar:?]
	at java.security.AccessController.doPrivileged(Native Method) ~[?:1.8.0_345]
	at javax.security.auth.Subject.doAs(Subject.java:422) [?:1.8.0_345]
	at org.apache.hadoop.security.UserGroupInformation.doAs(UserGroupInformation.java:1878) [hadoop-common-3.3.1.jar:?]
	at org.apache.hadoop.ipc.Server$Handler.run(Server.java:2966) [hadoop-common-3.3.1.jar:?]
2022-10-06 01:03:40,977 [Time-limited test] WARN  ozone.BasicRootedOzoneFileSystem (BasicRootedOzoneFileSystem.java:getFileStatus(879)) - GetFileStatus failed for path /volume-70220/bucket3/.Trash
java.io.FileNotFoundException: .Trash: No such file or directory!
	at org.apache.hadoop.fs.ozone.BasicRootedOzoneClientAdapterImpl.getFileStatus(BasicRootedOzoneClientAdapterImpl.java:617)
	at org.apache.hadoop.fs.ozone.BasicRootedOzoneFileSystem.getFileStatus(BasicRootedOzoneFileSystem.java:869)
	at org.apache.hadoop.fs.FileSystem.exists(FileSystem.java:1760)
	at org.apache.hadoop.fs.ozone.BasicRootedOzoneFileSystem.exists(BasicRootedOzoneFileSystem.java:918)
	at org.apache.hadoop.fs.ozone.BasicRootedOzoneClientAdapterImpl.getTrashRoots(BasicRootedOzoneClientAdapterImpl.java:660)
	at org.apache.hadoop.fs.ozone.BasicRootedOzoneFileSystem.getTrashRoots(BasicRootedOzoneFileSystem.java:824)
	at org.apache.hadoop.fs.ozone.TestRootedOzoneFileSystem.testGetTrashRoots(TestRootedOzoneFileSystem.java:1474)
	at sun.reflect.NativeMethodAccessorImpl.invoke0(Native Method)
	at sun.reflect.NativeMethodAccessorImpl.invoke(NativeMethodAccessorImpl.java:62)
	at sun.reflect.DelegatingMethodAccessorImpl.invoke(DelegatingMethodAccessorImpl.java:43)
	at java.lang.reflect.Method.invoke(Method.java:498)
	at org.junit.runners.model.FrameworkMethod$1.runReflectiveCall(FrameworkMethod.java:59)
	at org.junit.internal.runners.model.ReflectiveCallable.run(ReflectiveCallable.java:12)
	at org.junit.runners.model.FrameworkMethod.invokeExplosively(FrameworkMethod.java:56)
	at org.junit.internal.runners.statements.InvokeMethod.evaluate(InvokeMethod.java:17)
	at org.junit.internal.runners.statements.RunBefores.evaluate(RunBefores.java:26)
	at org.junit.internal.runners.statements.RunAfters.evaluate(RunAfters.java:27)
	at org.junit.internal.runners.statements.FailOnTimeout$CallableStatement.call(FailOnTimeout.java:288)
	at org.junit.internal.runners.statements.FailOnTimeout$CallableStatement.call(FailOnTimeout.java:282)
	at java.util.concurrent.FutureTask.run(FutureTask.java:266)
	at java.lang.Thread.run(Thread.java:750)
01:03:41.000 [IPC Server handler 13 on default port 34317] ERROR OMAudit - user=runner | ip=127.0.0.1 | op=GET_FILE_STATUS {volume=volume-47606, bucket=bucket-57938, key=.Trash/runner, dataSize=0, replicationConfig=null} | ret=FAILURE
org.apache.hadoop.ozone.om.exceptions.OMException: Unable to get file status: volume: volume-47606 bucket: bucket-57938 key: .Trash/runner
	at org.apache.hadoop.ozone.om.KeyManagerImpl.getOzoneFileStatusFSO(KeyManagerImpl.java:1389) ~[ozone-manager-1.3.0-SNAPSHOT.jar:?]
	at org.apache.hadoop.ozone.om.KeyManagerImpl.getFileStatus(KeyManagerImpl.java:1252) ~[ozone-manager-1.3.0-SNAPSHOT.jar:?]
	at org.apache.hadoop.ozone.om.OzoneManager.getFileStatus(OzoneManager.java:3507) ~[ozone-manager-1.3.0-SNAPSHOT.jar:?]
	at org.apache.hadoop.ozone.protocolPB.OzoneManagerRequestHandler.getOzoneFileStatus(OzoneManagerRequestHandler.java:882) ~[ozone-manager-1.3.0-SNAPSHOT.jar:?]
	at org.apache.hadoop.ozone.protocolPB.OzoneManagerRequestHandler.handleReadRequest(OzoneManagerRequestHandler.java:228) ~[ozone-manager-1.3.0-SNAPSHOT.jar:?]
	at org.apache.hadoop.ozone.protocolPB.OzoneManagerProtocolServerSideTranslatorPB.submitReadRequestToOM(OzoneManagerProtocolServerSideTranslatorPB.java:226) ~[ozone-manager-1.3.0-SNAPSHOT.jar:?]
	at org.apache.hadoop.ozone.protocolPB.OzoneManagerProtocolServerSideTranslatorPB.processRequest(OzoneManagerProtocolServerSideTranslatorPB.java:175) ~[ozone-manager-1.3.0-SNAPSHOT.jar:?]
	at org.apache.hadoop.hdds.server.OzoneProtocolMessageDispatcher.processRequest(OzoneProtocolMessageDispatcher.java:87) [hdds-server-framework-1.3.0-SNAPSHOT.jar:?]
	at org.apache.hadoop.ozone.protocolPB.OzoneManagerProtocolServerSideTranslatorPB.submitRequest(OzoneManagerProtocolServerSideTranslatorPB.java:147) [ozone-manager-1.3.0-SNAPSHOT.jar:?]
	at org.apache.hadoop.ozone.protocol.proto.OzoneManagerProtocolProtos$OzoneManagerService$2.callBlockingMethod(OzoneManagerProtocolProtos.java) [ozone-interface-client-1.3.0-SNAPSHOT.jar:?]
	at org.apache.hadoop.ipc.ProtobufRpcEngine$Server.processCall(ProtobufRpcEngine.java:466) [hadoop-common-3.3.1.jar:?]
	at org.apache.hadoop.ipc.ProtobufRpcEngine2$Server$ProtoBufRpcInvoker.call(ProtobufRpcEngine2.java:574) [hadoop-common-3.3.1.jar:?]
	at org.apache.hadoop.ipc.ProtobufRpcEngine2$Server$ProtoBufRpcInvoker.call(ProtobufRpcEngine2.java:552) [hadoop-common-3.3.1.jar:?]
	at org.apache.hadoop.ipc.RPC$Server.call(RPC.java:1093) [hadoop-common-3.3.1.jar:?]
	at org.apache.hadoop.ipc.Server$RpcCall.run(Server.java:1035) [hadoop-common-3.3.1.jar:?]
	at org.apache.hadoop.ipc.Server$RpcCall.run(Server.java:963) [hadoop-common-3.3.1.jar:?]
	at java.security.AccessController.doPrivileged(Native Method) ~[?:1.8.0_345]
	at javax.security.auth.Subject.doAs(Subject.java:422) [?:1.8.0_345]
	at org.apache.hadoop.security.UserGroupInformation.doAs(UserGroupInformation.java:1878) [hadoop-common-3.3.1.jar:?]
	at org.apache.hadoop.ipc.Server$Handler.run(Server.java:2966) [hadoop-common-3.3.1.jar:?]
2022-10-06 01:03:41,001 [Time-limited test] WARN  ozone.BasicRootedOzoneFileSystem (BasicRootedOzoneFileSystem.java:getFileStatus(879)) - GetFileStatus failed for path /volume-47606/bucket-57938/.Trash/runner
java.io.FileNotFoundException: .Trash/runner: No such file or directory!
	at org.apache.hadoop.fs.ozone.BasicRootedOzoneClientAdapterImpl.getFileStatus(BasicRootedOzoneClientAdapterImpl.java:617)
	at org.apache.hadoop.fs.ozone.BasicRootedOzoneFileSystem.getFileStatus(BasicRootedOzoneFileSystem.java:869)
	at org.apache.hadoop.fs.FileSystem.exists(FileSystem.java:1760)
	at org.apache.hadoop.fs.ozone.BasicRootedOzoneFileSystem.exists(BasicRootedOzoneFileSystem.java:918)
	at org.apache.hadoop.fs.ozone.BasicRootedOzoneClientAdapterImpl.getTrashRoots(BasicRootedOzoneClientAdapterImpl.java:669)
	at org.apache.hadoop.fs.ozone.BasicRootedOzoneFileSystem.getTrashRoots(BasicRootedOzoneFileSystem.java:824)
	at org.apache.hadoop.fs.ozone.TestRootedOzoneFileSystem.testGetTrashRoots(TestRootedOzoneFileSystem.java:1479)
	at sun.reflect.NativeMethodAccessorImpl.invoke0(Native Method)
	at sun.reflect.NativeMethodAccessorImpl.invoke(NativeMethodAccessorImpl.java:62)
	at sun.reflect.DelegatingMethodAccessorImpl.invoke(DelegatingMethodAccessorImpl.java:43)
	at java.lang.reflect.Method.invoke(Method.java:498)
	at org.junit.runners.model.FrameworkMethod$1.runReflectiveCall(FrameworkMethod.java:59)
	at org.junit.internal.runners.model.ReflectiveCallable.run(ReflectiveCallable.java:12)
	at org.junit.runners.model.FrameworkMethod.invokeExplosively(FrameworkMethod.java:56)
	at org.junit.internal.runners.statements.InvokeMethod.evaluate(InvokeMethod.java:17)
	at org.junit.internal.runners.statements.RunBefores.evaluate(RunBefores.java:26)
	at org.junit.internal.runners.statements.RunAfters.evaluate(RunAfters.java:27)
	at org.junit.internal.runners.statements.FailOnTimeout$CallableStatement.call(FailOnTimeout.java:288)
	at org.junit.internal.runners.statements.FailOnTimeout$CallableStatement.call(FailOnTimeout.java:282)
	at java.util.concurrent.FutureTask.run(FutureTask.java:266)
	at java.lang.Thread.run(Thread.java:750)
01:03:41.011 [IPC Server handler 4 on default port 34317] ERROR OMAudit - user=runner | ip=127.0.0.1 | op=GET_FILE_STATUS {volume=volume-15061, bucket=bucket-75004, key=.Trash/runner, dataSize=0, replicationConfig=null} | ret=FAILURE
org.apache.hadoop.ozone.om.exceptions.OMException: Unable to get file status: volume: volume-15061 bucket: bucket-75004 key: .Trash/runner
	at org.apache.hadoop.ozone.om.KeyManagerImpl.getOzoneFileStatusFSO(KeyManagerImpl.java:1389) ~[ozone-manager-1.3.0-SNAPSHOT.jar:?]
	at org.apache.hadoop.ozone.om.KeyManagerImpl.getFileStatus(KeyManagerImpl.java:1252) ~[ozone-manager-1.3.0-SNAPSHOT.jar:?]
	at org.apache.hadoop.ozone.om.OzoneManager.getFileStatus(OzoneManager.java:3507) ~[ozone-manager-1.3.0-SNAPSHOT.jar:?]
	at org.apache.hadoop.ozone.protocolPB.OzoneManagerRequestHandler.getOzoneFileStatus(OzoneManagerRequestHandler.java:882) ~[ozone-manager-1.3.0-SNAPSHOT.jar:?]
	at org.apache.hadoop.ozone.protocolPB.OzoneManagerRequestHandler.handleReadRequest(OzoneManagerRequestHandler.java:228) ~[ozone-manager-1.3.0-SNAPSHOT.jar:?]
	at org.apache.hadoop.ozone.protocolPB.OzoneManagerProtocolServerSideTranslatorPB.submitReadRequestToOM(OzoneManagerProtocolServerSideTranslatorPB.java:226) ~[ozone-manager-1.3.0-SNAPSHOT.jar:?]
	at org.apache.hadoop.ozone.protocolPB.OzoneManagerProtocolServerSideTranslatorPB.processRequest(OzoneManagerProtocolServerSideTranslatorPB.java:175) ~[ozone-manager-1.3.0-SNAPSHOT.jar:?]
	at org.apache.hadoop.hdds.server.OzoneProtocolMessageDispatcher.processRequest(OzoneProtocolMessageDispatcher.java:87) [hdds-server-framework-1.3.0-SNAPSHOT.jar:?]
	at org.apache.hadoop.ozone.protocolPB.OzoneManagerProtocolServerSideTranslatorPB.submitRequest(OzoneManagerProtocolServerSideTranslatorPB.java:147) [ozone-manager-1.3.0-SNAPSHOT.jar:?]
	at org.apache.hadoop.ozone.protocol.proto.OzoneManagerProtocolProtos$OzoneManagerService$2.callBlockingMethod(OzoneManagerProtocolProtos.java) [ozone-interface-client-1.3.0-SNAPSHOT.jar:?]
	at org.apache.hadoop.ipc.ProtobufRpcEngine$Server.processCall(ProtobufRpcEngine.java:466) [hadoop-common-3.3.1.jar:?]
	at org.apache.hadoop.ipc.ProtobufRpcEngine2$Server$ProtoBufRpcInvoker.call(ProtobufRpcEngine2.java:574) [hadoop-common-3.3.1.jar:?]
	at org.apache.hadoop.ipc.ProtobufRpcEngine2$Server$ProtoBufRpcInvoker.call(ProtobufRpcEngine2.java:552) [hadoop-common-3.3.1.jar:?]
	at org.apache.hadoop.ipc.RPC$Server.call(RPC.java:1093) [hadoop-common-3.3.1.jar:?]
	at org.apache.hadoop.ipc.Server$RpcCall.run(Server.java:1035) [hadoop-common-3.3.1.jar:?]
	at org.apache.hadoop.ipc.Server$RpcCall.run(Server.java:963) [hadoop-common-3.3.1.jar:?]
	at java.security.AccessController.doPrivileged(Native Method) ~[?:1.8.0_345]
	at javax.security.auth.Subject.doAs(Subject.java:422) [?:1.8.0_345]
	at org.apache.hadoop.security.UserGroupInformation.doAs(UserGroupInformation.java:1878) [hadoop-common-3.3.1.jar:?]
	at org.apache.hadoop.ipc.Server$Handler.run(Server.java:2966) [hadoop-common-3.3.1.jar:?]
2022-10-06 01:03:41,011 [Time-limited test] WARN  ozone.BasicRootedOzoneFileSystem (BasicRootedOzoneFileSystem.java:getFileStatus(879)) - GetFileStatus failed for path /volume-15061/bucket-75004/.Trash/runner
java.io.FileNotFoundException: .Trash/runner: No such file or directory!
	at org.apache.hadoop.fs.ozone.BasicRootedOzoneClientAdapterImpl.getFileStatus(BasicRootedOzoneClientAdapterImpl.java:617)
	at org.apache.hadoop.fs.ozone.BasicRootedOzoneFileSystem.getFileStatus(BasicRootedOzoneFileSystem.java:869)
	at org.apache.hadoop.fs.FileSystem.exists(FileSystem.java:1760)
	at org.apache.hadoop.fs.ozone.BasicRootedOzoneFileSystem.exists(BasicRootedOzoneFileSystem.java:918)
	at org.apache.hadoop.fs.ozone.BasicRootedOzoneClientAdapterImpl.getTrashRoots(BasicRootedOzoneClientAdapterImpl.java:669)
	at org.apache.hadoop.fs.ozone.BasicRootedOzoneFileSystem.getTrashRoots(BasicRootedOzoneFileSystem.java:824)
	at org.apache.hadoop.fs.ozone.TestRootedOzoneFileSystem.testGetTrashRoots(TestRootedOzoneFileSystem.java:1479)
	at sun.reflect.NativeMethodAccessorImpl.invoke0(Native Method)
	at sun.reflect.NativeMethodAccessorImpl.invoke(NativeMethodAccessorImpl.java:62)
	at sun.reflect.DelegatingMethodAccessorImpl.invoke(DelegatingMethodAccessorImpl.java:43)
	at java.lang.reflect.Method.invoke(Method.java:498)
	at org.junit.runners.model.FrameworkMethod$1.runReflectiveCall(FrameworkMethod.java:59)
	at org.junit.internal.runners.model.ReflectiveCallable.run(ReflectiveCallable.java:12)
	at org.junit.runners.model.FrameworkMethod.invokeExplosively(FrameworkMethod.java:56)
	at org.junit.internal.runners.statements.InvokeMethod.evaluate(InvokeMethod.java:17)
	at org.junit.internal.runners.statements.RunBefores.evaluate(RunBefores.java:26)
	at org.junit.internal.runners.statements.RunAfters.evaluate(RunAfters.java:27)
	at org.junit.internal.runners.statements.FailOnTimeout$CallableStatement.call(FailOnTimeout.java:288)
	at org.junit.internal.runners.statements.FailOnTimeout$CallableStatement.call(FailOnTimeout.java:282)
	at java.util.concurrent.FutureTask.run(FutureTask.java:266)
	at java.lang.Thread.run(Thread.java:750)
01:03:41.013 [IPC Server handler 19 on default port 34317] ERROR OMAudit - user=runner | ip=127.0.0.1 | op=GET_FILE_STATUS {volume=volume-70220, bucket=bucket3, key=.Trash/runner, dataSize=0, replicationConfig=null} | ret=FAILURE
org.apache.hadoop.ozone.om.exceptions.OMException: Unable to get file status: volume: volume-70220 bucket: bucket3 key: .Trash/runner
	at org.apache.hadoop.ozone.om.KeyManagerImpl.getOzoneFileStatusFSO(KeyManagerImpl.java:1389) ~[ozone-manager-1.3.0-SNAPSHOT.jar:?]
	at org.apache.hadoop.ozone.om.KeyManagerImpl.getFileStatus(KeyManagerImpl.java:1252) ~[ozone-manager-1.3.0-SNAPSHOT.jar:?]
	at org.apache.hadoop.ozone.om.OzoneManager.getFileStatus(OzoneManager.java:3507) ~[ozone-manager-1.3.0-SNAPSHOT.jar:?]
	at org.apache.hadoop.ozone.protocolPB.OzoneManagerRequestHandler.getOzoneFileStatus(OzoneManagerRequestHandler.java:882) ~[ozone-manager-1.3.0-SNAPSHOT.jar:?]
	at org.apache.hadoop.ozone.protocolPB.OzoneManagerRequestHandler.handleReadRequest(OzoneManagerRequestHandler.java:228) ~[ozone-manager-1.3.0-SNAPSHOT.jar:?]
	at org.apache.hadoop.ozone.protocolPB.OzoneManagerProtocolServerSideTranslatorPB.submitReadRequestToOM(OzoneManagerProtocolServerSideTranslatorPB.java:226) ~[ozone-manager-1.3.0-SNAPSHOT.jar:?]
	at org.apache.hadoop.ozone.protocolPB.OzoneManagerProtocolServerSideTranslatorPB.processRequest(OzoneManagerProtocolServerSideTranslatorPB.java:175) ~[ozone-manager-1.3.0-SNAPSHOT.jar:?]
	at org.apache.hadoop.hdds.server.OzoneProtocolMessageDispatcher.processRequest(OzoneProtocolMessageDispatcher.java:87) [hdds-server-framework-1.3.0-SNAPSHOT.jar:?]
	at org.apache.hadoop.ozone.protocolPB.OzoneManagerProtocolServerSideTranslatorPB.submitRequest(OzoneManagerProtocolServerSideTranslatorPB.java:147) [ozone-manager-1.3.0-SNAPSHOT.jar:?]
	at org.apache.hadoop.ozone.protocol.proto.OzoneManagerProtocolProtos$OzoneManagerService$2.callBlockingMethod(OzoneManagerProtocolProtos.java) [ozone-interface-client-1.3.0-SNAPSHOT.jar:?]
	at org.apache.hadoop.ipc.ProtobufRpcEngine$Server.processCall(ProtobufRpcEngine.java:466) [hadoop-common-3.3.1.jar:?]
	at org.apache.hadoop.ipc.ProtobufRpcEngine2$Server$ProtoBufRpcInvoker.call(ProtobufRpcEngine2.java:574) [hadoop-common-3.3.1.jar:?]
	at org.apache.hadoop.ipc.ProtobufRpcEngine2$Server$ProtoBufRpcInvoker.call(ProtobufRpcEngine2.java:552) [hadoop-common-3.3.1.jar:?]
	at org.apache.hadoop.ipc.RPC$Server.call(RPC.java:1093) [hadoop-common-3.3.1.jar:?]
	at org.apache.hadoop.ipc.Server$RpcCall.run(Server.java:1035) [hadoop-common-3.3.1.jar:?]
	at org.apache.hadoop.ipc.Server$RpcCall.run(Server.java:963) [hadoop-common-3.3.1.jar:?]
	at java.security.AccessController.doPrivileged(Native Method) ~[?:1.8.0_345]
	at javax.security.auth.Subject.doAs(Subject.java:422) [?:1.8.0_345]
	at org.apache.hadoop.security.UserGroupInformation.doAs(UserGroupInformation.java:1878) [hadoop-common-3.3.1.jar:?]
	at org.apache.hadoop.ipc.Server$Handler.run(Server.java:2966) [hadoop-common-3.3.1.jar:?]
2022-10-06 01:03:41,014 [Time-limited test] WARN  ozone.BasicRootedOzoneFileSystem (BasicRootedOzoneFileSystem.java:getFileStatus(879)) - GetFileStatus failed for path /volume-70220/bucket3/.Trash/runner
java.io.FileNotFoundException: .Trash/runner: No such file or directory!
	at org.apache.hadoop.fs.ozone.BasicRootedOzoneClientAdapterImpl.getFileStatus(BasicRootedOzoneClientAdapterImpl.java:617)
	at org.apache.hadoop.fs.ozone.BasicRootedOzoneFileSystem.getFileStatus(BasicRootedOzoneFileSystem.java:869)
	at org.apache.hadoop.fs.FileSystem.exists(FileSystem.java:1760)
	at org.apache.hadoop.fs.ozone.BasicRootedOzoneFileSystem.exists(BasicRootedOzoneFileSystem.java:918)
	at org.apache.hadoop.fs.ozone.BasicRootedOzoneClientAdapterImpl.getTrashRoots(BasicRootedOzoneClientAdapterImpl.java:669)
	at org.apache.hadoop.fs.ozone.BasicRootedOzoneFileSystem.getTrashRoots(BasicRootedOzoneFileSystem.java:824)
	at org.apache.hadoop.fs.ozone.TestRootedOzoneFileSystem.testGetTrashRoots(TestRootedOzoneFileSystem.java:1479)
	at sun.reflect.NativeMethodAccessorImpl.invoke0(Native Method)
	at sun.reflect.NativeMethodAccessorImpl.invoke(NativeMethodAccessorImpl.java:62)
	at sun.reflect.DelegatingMethodAccessorImpl.invoke(DelegatingMethodAccessorImpl.java:43)
	at java.lang.reflect.Method.invoke(Method.java:498)
	at org.junit.runners.model.FrameworkMethod$1.runReflectiveCall(FrameworkMethod.java:59)
	at org.junit.internal.runners.model.ReflectiveCallable.run(ReflectiveCallable.java:12)
	at org.junit.runners.model.FrameworkMethod.invokeExplosively(FrameworkMethod.java:56)
	at org.junit.internal.runners.statements.InvokeMethod.evaluate(InvokeMethod.java:17)
	at org.junit.internal.runners.statements.RunBefores.evaluate(RunBefores.java:26)
	at org.junit.internal.runners.statements.RunAfters.evaluate(RunAfters.java:27)
	at org.junit.internal.runners.statements.FailOnTimeout$CallableStatement.call(FailOnTimeout.java:288)
	at org.junit.internal.runners.statements.FailOnTimeout$CallableStatement.call(FailOnTimeout.java:282)
	at java.util.concurrent.FutureTask.run(FutureTask.java:266)
	at java.lang.Thread.run(Thread.java:750)
01:03:41.017 [IPC Server handler 2 on default port 34317] ERROR OMAudit - user=runner | ip=127.0.0.1 | op=GET_FILE_STATUS {volume=41812c2c-f6d7-4f0f-be5c-cc1f0b07cd78, bucket=0df5328d-eeb1-4c32-87ea-33cd10a8a7f6, key=.Trash, dataSize=0, replicationConfig=null} | ret=FAILURE
org.apache.hadoop.ozone.om.exceptions.OMException: Unable to get file status: volume: 41812c2c-f6d7-4f0f-be5c-cc1f0b07cd78 bucket: 0df5328d-eeb1-4c32-87ea-33cd10a8a7f6 key: .Trash
	at org.apache.hadoop.ozone.om.KeyManagerImpl.getOzoneFileStatus(KeyManagerImpl.java:1324) ~[ozone-manager-1.3.0-SNAPSHOT.jar:?]
	at org.apache.hadoop.ozone.om.KeyManagerImpl.getFileStatus(KeyManagerImpl.java:1254) ~[ozone-manager-1.3.0-SNAPSHOT.jar:?]
	at org.apache.hadoop.ozone.om.OzoneManager.getFileStatus(OzoneManager.java:3507) ~[ozone-manager-1.3.0-SNAPSHOT.jar:?]
	at org.apache.hadoop.ozone.protocolPB.OzoneManagerRequestHandler.getOzoneFileStatus(OzoneManagerRequestHandler.java:882) ~[ozone-manager-1.3.0-SNAPSHOT.jar:?]
	at org.apache.hadoop.ozone.protocolPB.OzoneManagerRequestHandler.handleReadRequest(OzoneManagerRequestHandler.java:228) ~[ozone-manager-1.3.0-SNAPSHOT.jar:?]
	at org.apache.hadoop.ozone.protocolPB.OzoneManagerProtocolServerSideTranslatorPB.submitReadRequestToOM(OzoneManagerProtocolServerSideTranslatorPB.java:226) ~[ozone-manager-1.3.0-SNAPSHOT.jar:?]
	at org.apache.hadoop.ozone.protocolPB.OzoneManagerProtocolServerSideTranslatorPB.processRequest(OzoneManagerProtocolServerSideTranslatorPB.java:175) ~[ozone-manager-1.3.0-SNAPSHOT.jar:?]
	at org.apache.hadoop.hdds.server.OzoneProtocolMessageDispatcher.processRequest(OzoneProtocolMessageDispatcher.java:87) [hdds-server-framework-1.3.0-SNAPSHOT.jar:?]
	at org.apache.hadoop.ozone.protocolPB.OzoneManagerProtocolServerSideTranslatorPB.submitRequest(OzoneManagerProtocolServerSideTranslatorPB.java:147) [ozone-manager-1.3.0-SNAPSHOT.jar:?]
	at org.apache.hadoop.ozone.protocol.proto.OzoneManagerProtocolProtos$OzoneManagerService$2.callBlockingMethod(OzoneManagerProtocolProtos.java) [ozone-interface-client-1.3.0-SNAPSHOT.jar:?]
	at org.apache.hadoop.ipc.ProtobufRpcEngine$Server.processCall(ProtobufRpcEngine.java:466) [hadoop-common-3.3.1.jar:?]
	at org.apache.hadoop.ipc.ProtobufRpcEngine2$Server$ProtoBufRpcInvoker.call(ProtobufRpcEngine2.java:574) [hadoop-common-3.3.1.jar:?]
	at org.apache.hadoop.ipc.ProtobufRpcEngine2$Server$ProtoBufRpcInvoker.call(ProtobufRpcEngine2.java:552) [hadoop-common-3.3.1.jar:?]
	at org.apache.hadoop.ipc.RPC$Server.call(RPC.java:1093) [hadoop-common-3.3.1.jar:?]
	at org.apache.hadoop.ipc.Server$RpcCall.run(Server.java:1035) [hadoop-common-3.3.1.jar:?]
	at org.apache.hadoop.ipc.Server$RpcCall.run(Server.java:963) [hadoop-common-3.3.1.jar:?]
	at java.security.AccessController.doPrivileged(Native Method) ~[?:1.8.0_345]
	at javax.security.auth.Subject.doAs(Subject.java:422) [?:1.8.0_345]
	at org.apache.hadoop.security.UserGroupInformation.doAs(UserGroupInformation.java:1878) [hadoop-common-3.3.1.jar:?]
	at org.apache.hadoop.ipc.Server$Handler.run(Server.java:2966) [hadoop-common-3.3.1.jar:?]
2022-10-06 01:03:41,018 [Time-limited test] WARN  ozone.BasicRootedOzoneFileSystem (BasicRootedOzoneFileSystem.java:getFileStatus(879)) - GetFileStatus failed for path /41812c2c-f6d7-4f0f-be5c-cc1f0b07cd78/0df5328d-eeb1-4c32-87ea-33cd10a8a7f6/.Trash
java.io.FileNotFoundException: .Trash: No such file or directory!
	at org.apache.hadoop.fs.ozone.BasicRootedOzoneClientAdapterImpl.getFileStatus(BasicRootedOzoneClientAdapterImpl.java:617)
	at org.apache.hadoop.fs.ozone.BasicRootedOzoneFileSystem.getFileStatus(BasicRootedOzoneFileSystem.java:869)
	at org.apache.hadoop.fs.FileSystem.exists(FileSystem.java:1760)
	at org.apache.hadoop.fs.ozone.BasicRootedOzoneFileSystem.exists(BasicRootedOzoneFileSystem.java:918)
	at org.apache.hadoop.fs.ozone.BasicRootedOzoneClientAdapterImpl.getTrashRoots(BasicRootedOzoneClientAdapterImpl.java:660)
	at org.apache.hadoop.fs.ozone.BasicRootedOzoneFileSystem.getTrashRoots(BasicRootedOzoneFileSystem.java:824)
	at org.apache.hadoop.fs.ozone.TestRootedOzoneFileSystem.testGetTrashRoots(TestRootedOzoneFileSystem.java:1480)
	at sun.reflect.NativeMethodAccessorImpl.invoke0(Native Method)
	at sun.reflect.NativeMethodAccessorImpl.invoke(NativeMethodAccessorImpl.java:62)
	at sun.reflect.DelegatingMethodAccessorImpl.invoke(DelegatingMethodAccessorImpl.java:43)
	at java.lang.reflect.Method.invoke(Method.java:498)
	at org.junit.runners.model.FrameworkMethod$1.runReflectiveCall(FrameworkMethod.java:59)
	at org.junit.internal.runners.model.ReflectiveCallable.run(ReflectiveCallable.java:12)
	at org.junit.runners.model.FrameworkMethod.invokeExplosively(FrameworkMethod.java:56)
	at org.junit.internal.runners.statements.InvokeMethod.evaluate(InvokeMethod.java:17)
	at org.junit.internal.runners.statements.RunBefores.evaluate(RunBefores.java:26)
	at org.junit.internal.runners.statements.RunAfters.evaluate(RunAfters.java:27)
	at org.junit.internal.runners.statements.FailOnTimeout$CallableStatement.call(FailOnTimeout.java:288)
	at org.junit.internal.runners.statements.FailOnTimeout$CallableStatement.call(FailOnTimeout.java:282)
	at java.util.concurrent.FutureTask.run(FutureTask.java:266)
	at java.lang.Thread.run(Thread.java:750)
01:03:41.020 [IPC Server handler 6 on default port 34317] ERROR OMAudit - user=runner | ip=127.0.0.1 | op=GET_FILE_STATUS {volume=volume-15061, bucket=bucket-75004, key=.Trash, dataSize=0, replicationConfig=null} | ret=FAILURE
org.apache.hadoop.ozone.om.exceptions.OMException: Unable to get file status: volume: volume-15061 bucket: bucket-75004 key: .Trash
	at org.apache.hadoop.ozone.om.KeyManagerImpl.getOzoneFileStatusFSO(KeyManagerImpl.java:1389) ~[ozone-manager-1.3.0-SNAPSHOT.jar:?]
	at org.apache.hadoop.ozone.om.KeyManagerImpl.getFileStatus(KeyManagerImpl.java:1252) ~[ozone-manager-1.3.0-SNAPSHOT.jar:?]
	at org.apache.hadoop.ozone.om.OzoneManager.getFileStatus(OzoneManager.java:3507) ~[ozone-manager-1.3.0-SNAPSHOT.jar:?]
	at org.apache.hadoop.ozone.protocolPB.OzoneManagerRequestHandler.getOzoneFileStatus(OzoneManagerRequestHandler.java:882) ~[ozone-manager-1.3.0-SNAPSHOT.jar:?]
	at org.apache.hadoop.ozone.protocolPB.OzoneManagerRequestHandler.handleReadRequest(OzoneManagerRequestHandler.java:228) ~[ozone-manager-1.3.0-SNAPSHOT.jar:?]
	at org.apache.hadoop.ozone.protocolPB.OzoneManagerProtocolServerSideTranslatorPB.submitReadRequestToOM(OzoneManagerProtocolServerSideTranslatorPB.java:226) ~[ozone-manager-1.3.0-SNAPSHOT.jar:?]
	at org.apache.hadoop.ozone.protocolPB.OzoneManagerProtocolServerSideTranslatorPB.processRequest(OzoneManagerProtocolServerSideTranslatorPB.java:175) ~[ozone-manager-1.3.0-SNAPSHOT.jar:?]
	at org.apache.hadoop.hdds.server.OzoneProtocolMessageDispatcher.processRequest(OzoneProtocolMessageDispatcher.java:87) [hdds-server-framework-1.3.0-SNAPSHOT.jar:?]
	at org.apache.hadoop.ozone.protocolPB.OzoneManagerProtocolServerSideTranslatorPB.submitRequest(OzoneManagerProtocolServerSideTranslatorPB.java:147) [ozone-manager-1.3.0-SNAPSHOT.jar:?]
	at org.apache.hadoop.ozone.protocol.proto.OzoneManagerProtocolProtos$OzoneManagerService$2.callBlockingMethod(OzoneManagerProtocolProtos.java) [ozone-interface-client-1.3.0-SNAPSHOT.jar:?]
	at org.apache.hadoop.ipc.ProtobufRpcEngine$Server.processCall(ProtobufRpcEngine.java:466) [hadoop-common-3.3.1.jar:?]
	at org.apache.hadoop.ipc.ProtobufRpcEngine2$Server$ProtoBufRpcInvoker.call(ProtobufRpcEngine2.java:574) [hadoop-common-3.3.1.jar:?]
	at org.apache.hadoop.ipc.ProtobufRpcEngine2$Server$ProtoBufRpcInvoker.call(ProtobufRpcEngine2.java:552) [hadoop-common-3.3.1.jar:?]
	at org.apache.hadoop.ipc.RPC$Server.call(RPC.java:1093) [hadoop-common-3.3.1.jar:?]
	at org.apache.hadoop.ipc.Server$RpcCall.run(Server.java:1035) [hadoop-common-3.3.1.jar:?]
	at org.apache.hadoop.ipc.Server$RpcCall.run(Server.java:963) [hadoop-common-3.3.1.jar:?]
	at java.security.AccessController.doPrivileged(Native Method) ~[?:1.8.0_345]
	at javax.security.auth.Subject.doAs(Subject.java:422) [?:1.8.0_345]
	at org.apache.hadoop.security.UserGroupInformation.doAs(UserGroupInformation.java:1878) [hadoop-common-3.3.1.jar:?]
	at org.apache.hadoop.ipc.Server$Handler.run(Server.java:2966) [hadoop-common-3.3.1.jar:?]
2022-10-06 01:03:41,022 [Time-limited test] WARN  ozone.BasicRootedOzoneFileSystem (BasicRootedOzoneFileSystem.java:getFileStatus(879)) - GetFileStatus failed for path /volume-15061/bucket-75004/.Trash
java.io.FileNotFoundException: .Trash: No such file or directory!
	at org.apache.hadoop.fs.ozone.BasicRootedOzoneClientAdapterImpl.getFileStatus(BasicRootedOzoneClientAdapterImpl.java:617)
	at org.apache.hadoop.fs.ozone.BasicRootedOzoneFileSystem.getFileStatus(BasicRootedOzoneFileSystem.java:869)
	at org.apache.hadoop.fs.FileSystem.exists(FileSystem.java:1760)
	at org.apache.hadoop.fs.ozone.BasicRootedOzoneFileSystem.exists(BasicRootedOzoneFileSystem.java:918)
	at org.apache.hadoop.fs.ozone.BasicRootedOzoneClientAdapterImpl.getTrashRoots(BasicRootedOzoneClientAdapterImpl.java:660)
	at org.apache.hadoop.fs.ozone.BasicRootedOzoneFileSystem.getTrashRoots(BasicRootedOzoneFileSystem.java:824)
	at org.apache.hadoop.fs.ozone.TestRootedOzoneFileSystem.testGetTrashRoots(TestRootedOzoneFileSystem.java:1480)
	at sun.reflect.NativeMethodAccessorImpl.invoke0(Native Method)
	at sun.reflect.NativeMethodAccessorImpl.invoke(NativeMethodAccessorImpl.java:62)
	at sun.reflect.DelegatingMethodAccessorImpl.invoke(DelegatingMethodAccessorImpl.java:43)
	at java.lang.reflect.Method.invoke(Method.java:498)
	at org.junit.runners.model.FrameworkMethod$1.runReflectiveCall(FrameworkMethod.java:59)
	at org.junit.internal.runners.model.ReflectiveCallable.run(ReflectiveCallable.java:12)
	at org.junit.runners.model.FrameworkMethod.invokeExplosively(FrameworkMethod.java:56)
	at org.junit.internal.runners.statements.InvokeMethod.evaluate(InvokeMethod.java:17)
	at org.junit.internal.runners.statements.RunBefores.evaluate(RunBefores.java:26)
	at org.junit.internal.runners.statements.RunAfters.evaluate(RunAfters.java:27)
	at org.junit.internal.runners.statements.FailOnTimeout$CallableStatement.call(FailOnTimeout.java:288)
	at org.junit.internal.runners.statements.FailOnTimeout$CallableStatement.call(FailOnTimeout.java:282)
	at java.util.concurrent.FutureTask.run(FutureTask.java:266)
	at java.lang.Thread.run(Thread.java:750)
01:03:41.023 [IPC Server handler 9 on default port 34317] ERROR OMAudit - user=runner | ip=127.0.0.1 | op=GET_FILE_STATUS {volume=volume-47606, bucket=bucket-57938, key=.Trash, dataSize=0, replicationConfig=null} | ret=FAILURE
org.apache.hadoop.ozone.om.exceptions.OMException: Unable to get file status: volume: volume-47606 bucket: bucket-57938 key: .Trash
	at org.apache.hadoop.ozone.om.KeyManagerImpl.getOzoneFileStatusFSO(KeyManagerImpl.java:1389) ~[ozone-manager-1.3.0-SNAPSHOT.jar:?]
	at org.apache.hadoop.ozone.om.KeyManagerImpl.getFileStatus(KeyManagerImpl.java:1252) ~[ozone-manager-1.3.0-SNAPSHOT.jar:?]
	at org.apache.hadoop.ozone.om.OzoneManager.getFileStatus(OzoneManager.java:3507) ~[ozone-manager-1.3.0-SNAPSHOT.jar:?]
	at org.apache.hadoop.ozone.protocolPB.OzoneManagerRequestHandler.getOzoneFileStatus(OzoneManagerRequestHandler.java:882) ~[ozone-manager-1.3.0-SNAPSHOT.jar:?]
	at org.apache.hadoop.ozone.protocolPB.OzoneManagerRequestHandler.handleReadRequest(OzoneManagerRequestHandler.java:228) ~[ozone-manager-1.3.0-SNAPSHOT.jar:?]
	at org.apache.hadoop.ozone.protocolPB.OzoneManagerProtocolServerSideTranslatorPB.submitReadRequestToOM(OzoneManagerProtocolServerSideTranslatorPB.java:226) ~[ozone-manager-1.3.0-SNAPSHOT.jar:?]
	at org.apache.hadoop.ozone.protocolPB.OzoneManagerProtocolServerSideTranslatorPB.processRequest(OzoneManagerProtocolServerSideTranslatorPB.java:175) ~[ozone-manager-1.3.0-SNAPSHOT.jar:?]
	at org.apache.hadoop.hdds.server.OzoneProtocolMessageDispatcher.processRequest(OzoneProtocolMessageDispatcher.java:87) [hdds-server-framework-1.3.0-SNAPSHOT.jar:?]
	at org.apache.hadoop.ozone.protocolPB.OzoneManagerProtocolServerSideTranslatorPB.submitRequest(OzoneManagerProtocolServerSideTranslatorPB.java:147) [ozone-manager-1.3.0-SNAPSHOT.jar:?]
	at org.apache.hadoop.ozone.protocol.proto.OzoneManagerProtocolProtos$OzoneManagerService$2.callBlockingMethod(OzoneManagerProtocolProtos.java) [ozone-interface-client-1.3.0-SNAPSHOT.jar:?]
	at org.apache.hadoop.ipc.ProtobufRpcEngine$Server.processCall(ProtobufRpcEngine.java:466) [hadoop-common-3.3.1.jar:?]
	at org.apache.hadoop.ipc.ProtobufRpcEngine2$Server$ProtoBufRpcInvoker.call(ProtobufRpcEngine2.java:574) [hadoop-common-3.3.1.jar:?]
	at org.apache.hadoop.ipc.ProtobufRpcEngine2$Server$ProtoBufRpcInvoker.call(ProtobufRpcEngine2.java:552) [hadoop-common-3.3.1.jar:?]
	at org.apache.hadoop.ipc.RPC$Server.call(RPC.java:1093) [hadoop-common-3.3.1.jar:?]
	at org.apache.hadoop.ipc.Server$RpcCall.run(Server.java:1035) [hadoop-common-3.3.1.jar:?]
	at org.apache.hadoop.ipc.Server$RpcCall.run(Server.java:963) [hadoop-common-3.3.1.jar:?]
	at java.security.AccessController.doPrivileged(Native Method) ~[?:1.8.0_345]
	at javax.security.auth.Subject.doAs(Subject.java:422) [?:1.8.0_345]
	at org.apache.hadoop.security.UserGroupInformation.doAs(UserGroupInformation.java:1878) [hadoop-common-3.3.1.jar:?]
	at org.apache.hadoop.ipc.Server$Handler.run(Server.java:2966) [hadoop-common-3.3.1.jar:?]
2022-10-06 01:03:41,024 [Time-limited test] WARN  ozone.BasicRootedOzoneFileSystem (BasicRootedOzoneFileSystem.java:getFileStatus(879)) - GetFileStatus failed for path /volume-47606/bucket-57938/.Trash
java.io.FileNotFoundException: .Trash: No such file or directory!
	at org.apache.hadoop.fs.ozone.BasicRootedOzoneClientAdapterImpl.getFileStatus(BasicRootedOzoneClientAdapterImpl.java:617)
	at org.apache.hadoop.fs.ozone.BasicRootedOzoneFileSystem.getFileStatus(BasicRootedOzoneFileSystem.java:869)
	at org.apache.hadoop.fs.FileSystem.exists(FileSystem.java:1760)
	at org.apache.hadoop.fs.ozone.BasicRootedOzoneFileSystem.exists(BasicRootedOzoneFileSystem.java:918)
	at org.apache.hadoop.fs.ozone.BasicRootedOzoneClientAdapterImpl.getTrashRoots(BasicRootedOzoneClientAdapterImpl.java:660)
	at org.apache.hadoop.fs.ozone.BasicRootedOzoneFileSystem.getTrashRoots(BasicRootedOzoneFileSystem.java:824)
	at org.apache.hadoop.fs.ozone.TestRootedOzoneFileSystem.testGetTrashRoots(TestRootedOzoneFileSystem.java:1480)
	at sun.reflect.NativeMethodAccessorImpl.invoke0(Native Method)
	at sun.reflect.NativeMethodAccessorImpl.invoke(NativeMethodAccessorImpl.java:62)
	at sun.reflect.DelegatingMethodAccessorImpl.invoke(DelegatingMethodAccessorImpl.java:43)
	at java.lang.reflect.Method.invoke(Method.java:498)
	at org.junit.runners.model.FrameworkMethod$1.runReflectiveCall(FrameworkMethod.java:59)
	at org.junit.internal.runners.model.ReflectiveCallable.run(ReflectiveCallable.java:12)
	at org.junit.runners.model.FrameworkMethod.invokeExplosively(FrameworkMethod.java:56)
	at org.junit.internal.runners.statements.InvokeMethod.evaluate(InvokeMethod.java:17)
	at org.junit.internal.runners.statements.RunBefores.evaluate(RunBefores.java:26)
	at org.junit.internal.runners.statements.RunAfters.evaluate(RunAfters.java:27)
	at org.junit.internal.runners.statements.FailOnTimeout$CallableStatement.call(FailOnTimeout.java:288)
	at org.junit.internal.runners.statements.FailOnTimeout$CallableStatement.call(FailOnTimeout.java:282)
	at java.util.concurrent.FutureTask.run(FutureTask.java:266)
	at java.lang.Thread.run(Thread.java:750)
01:03:41.026 [IPC Server handler 14 on default port 34317] ERROR OMAudit - user=runner | ip=127.0.0.1 | op=GET_FILE_STATUS {volume=volume-70220, bucket=bucket3, key=.Trash, dataSize=0, replicationConfig=null} | ret=FAILURE
org.apache.hadoop.ozone.om.exceptions.OMException: Unable to get file status: volume: volume-70220 bucket: bucket3 key: .Trash
	at org.apache.hadoop.ozone.om.KeyManagerImpl.getOzoneFileStatusFSO(KeyManagerImpl.java:1389) ~[ozone-manager-1.3.0-SNAPSHOT.jar:?]
	at org.apache.hadoop.ozone.om.KeyManagerImpl.getFileStatus(KeyManagerImpl.java:1252) ~[ozone-manager-1.3.0-SNAPSHOT.jar:?]
	at org.apache.hadoop.ozone.om.OzoneManager.getFileStatus(OzoneManager.java:3507) ~[ozone-manager-1.3.0-SNAPSHOT.jar:?]
	at org.apache.hadoop.ozone.protocolPB.OzoneManagerRequestHandler.getOzoneFileStatus(OzoneManagerRequestHandler.java:882) ~[ozone-manager-1.3.0-SNAPSHOT.jar:?]
	at org.apache.hadoop.ozone.protocolPB.OzoneManagerRequestHandler.handleReadRequest(OzoneManagerRequestHandler.java:228) ~[ozone-manager-1.3.0-SNAPSHOT.jar:?]
	at org.apache.hadoop.ozone.protocolPB.OzoneManagerProtocolServerSideTranslatorPB.submitReadRequestToOM(OzoneManagerProtocolServerSideTranslatorPB.java:226) ~[ozone-manager-1.3.0-SNAPSHOT.jar:?]
	at org.apache.hadoop.ozone.protocolPB.OzoneManagerProtocolServerSideTranslatorPB.processRequest(OzoneManagerProtocolServerSideTranslatorPB.java:175) ~[ozone-manager-1.3.0-SNAPSHOT.jar:?]
	at org.apache.hadoop.hdds.server.OzoneProtocolMessageDispatcher.processRequest(OzoneProtocolMessageDispatcher.java:87) [hdds-server-framework-1.3.0-SNAPSHOT.jar:?]
	at org.apache.hadoop.ozone.protocolPB.OzoneManagerProtocolServerSideTranslatorPB.submitRequest(OzoneManagerProtocolServerSideTranslatorPB.java:147) [ozone-manager-1.3.0-SNAPSHOT.jar:?]
	at org.apache.hadoop.ozone.protocol.proto.OzoneManagerProtocolProtos$OzoneManagerService$2.callBlockingMethod(OzoneManagerProtocolProtos.java) [ozone-interface-client-1.3.0-SNAPSHOT.jar:?]
	at org.apache.hadoop.ipc.ProtobufRpcEngine$Server.processCall(ProtobufRpcEngine.java:466) [hadoop-common-3.3.1.jar:?]
	at org.apache.hadoop.ipc.ProtobufRpcEngine2$Server$ProtoBufRpcInvoker.call(ProtobufRpcEngine2.java:574) [hadoop-common-3.3.1.jar:?]
	at org.apache.hadoop.ipc.ProtobufRpcEngine2$Server$ProtoBufRpcInvoker.call(ProtobufRpcEngine2.java:552) [hadoop-common-3.3.1.jar:?]
	at org.apache.hadoop.ipc.RPC$Server.call(RPC.java:1093) [hadoop-common-3.3.1.jar:?]
	at org.apache.hadoop.ipc.Server$RpcCall.run(Server.java:1035) [hadoop-common-3.3.1.jar:?]
	at org.apache.hadoop.ipc.Server$RpcCall.run(Server.java:963) [hadoop-common-3.3.1.jar:?]
	at java.security.AccessController.doPrivileged(Native Method) ~[?:1.8.0_345]
	at javax.security.auth.Subject.doAs(Subject.java:422) [?:1.8.0_345]
	at org.apache.hadoop.security.UserGroupInformation.doAs(UserGroupInformation.java:1878) [hadoop-common-3.3.1.jar:?]
	at org.apache.hadoop.ipc.Server$Handler.run(Server.java:2966) [hadoop-common-3.3.1.jar:?]
2022-10-06 01:03:41,028 [Time-limited test] WARN  ozone.BasicRootedOzoneFileSystem (BasicRootedOzoneFileSystem.java:getFileStatus(879)) - GetFileStatus failed for path /volume-70220/bucket3/.Trash
java.io.FileNotFoundException: .Trash: No such file or directory!
	at org.apache.hadoop.fs.ozone.BasicRootedOzoneClientAdapterImpl.getFileStatus(BasicRootedOzoneClientAdapterImpl.java:617)
	at org.apache.hadoop.fs.ozone.BasicRootedOzoneFileSystem.getFileStatus(BasicRootedOzoneFileSystem.java:869)
	at org.apache.hadoop.fs.FileSystem.exists(FileSystem.java:1760)
	at org.apache.hadoop.fs.ozone.BasicRootedOzoneFileSystem.exists(BasicRootedOzoneFileSystem.java:918)
	at org.apache.hadoop.fs.ozone.BasicRootedOzoneClientAdapterImpl.getTrashRoots(BasicRootedOzoneClientAdapterImpl.java:660)
	at org.apache.hadoop.fs.ozone.BasicRootedOzoneFileSystem.getTrashRoots(BasicRootedOzoneFileSystem.java:824)
	at org.apache.hadoop.fs.ozone.TestRootedOzoneFileSystem.testGetTrashRoots(TestRootedOzoneFileSystem.java:1480)
	at sun.reflect.NativeMethodAccessorImpl.invoke0(Native Method)
	at sun.reflect.NativeMethodAccessorImpl.invoke(NativeMethodAccessorImpl.java:62)
	at sun.reflect.DelegatingMethodAccessorImpl.invoke(DelegatingMethodAccessorImpl.java:43)
	at java.lang.reflect.Method.invoke(Method.java:498)
	at org.junit.runners.model.FrameworkMethod$1.runReflectiveCall(FrameworkMethod.java:59)
	at org.junit.internal.runners.model.ReflectiveCallable.run(ReflectiveCallable.java:12)
	at org.junit.runners.model.FrameworkMethod.invokeExplosively(FrameworkMethod.java:56)
	at org.junit.internal.runners.statements.InvokeMethod.evaluate(InvokeMethod.java:17)
	at org.junit.internal.runners.statements.RunBefores.evaluate(RunBefores.java:26)
	at org.junit.internal.runners.statements.RunAfters.evaluate(RunAfters.java:27)
	at org.junit.internal.runners.statements.FailOnTimeout$CallableStatement.call(FailOnTimeout.java:288)
	at org.junit.internal.runners.statements.FailOnTimeout$CallableStatement.call(FailOnTimeout.java:282)
	at java.util.concurrent.FutureTask.run(FutureTask.java:266)
	at java.lang.Thread.run(Thread.java:750)
2022-10-06 01:03:41,063 [Time-limited test] INFO  rpc.RpcClient (RpcClient.java:createVolume(471)) - Creating Volume: volume08061, with user86467 as owner and space quota set to -1 bytes, counts quota set to -1
2022-10-06 01:03:41,065 [OM StateMachine ApplyTransaction Thread - 0] INFO  volume.OMVolumeCreateRequest (OMVolumeCreateRequest.java:validateAndUpdateCache(195)) - created volume:volume08061 for user:user86467
2022-10-06 01:03:41,067 [Time-limited test] INFO  rpc.RpcClient (RpcClient.java:createBucket(674)) - Creating Bucket: volume08061/bucket32681, with bucket layout FILE_SYSTEM_OPTIMIZED, runner as owner, Versioning false, Storage Type set to DISK and Encryption set to false 
2022-10-06 01:03:41,068 [OM StateMachine ApplyTransaction Thread - 0] INFO  bucket.OMBucketCreateRequest (OMBucketCreateRequest.java:validateAndUpdateCache(260)) - created bucket: bucket32681 of layout FILE_SYSTEM_OPTIMIZED in volume: volume08061
01:03:41.080 [IPC Server handler 7 on default port 34317] ERROR OMAudit - user=runner | ip=127.0.0.1 | op=GET_FILE_STATUS {volume=volume-47606, bucket=bucket-57938, key=.Trash/runner, dataSize=0, replicationConfig=null} | ret=FAILURE
org.apache.hadoop.ozone.om.exceptions.OMException: Unable to get file status: volume: volume-47606 bucket: bucket-57938 key: .Trash/runner
	at org.apache.hadoop.ozone.om.KeyManagerImpl.getOzoneFileStatusFSO(KeyManagerImpl.java:1389) ~[ozone-manager-1.3.0-SNAPSHOT.jar:?]
	at org.apache.hadoop.ozone.om.KeyManagerImpl.getFileStatus(KeyManagerImpl.java:1252) ~[ozone-manager-1.3.0-SNAPSHOT.jar:?]
	at org.apache.hadoop.ozone.om.OzoneManager.getFileStatus(OzoneManager.java:3507) ~[ozone-manager-1.3.0-SNAPSHOT.jar:?]
	at org.apache.hadoop.ozone.protocolPB.OzoneManagerRequestHandler.getOzoneFileStatus(OzoneManagerRequestHandler.java:882) ~[ozone-manager-1.3.0-SNAPSHOT.jar:?]
	at org.apache.hadoop.ozone.protocolPB.OzoneManagerRequestHandler.handleReadRequest(OzoneManagerRequestHandler.java:228) ~[ozone-manager-1.3.0-SNAPSHOT.jar:?]
	at org.apache.hadoop.ozone.protocolPB.OzoneManagerProtocolServerSideTranslatorPB.submitReadRequestToOM(OzoneManagerProtocolServerSideTranslatorPB.java:226) ~[ozone-manager-1.3.0-SNAPSHOT.jar:?]
	at org.apache.hadoop.ozone.protocolPB.OzoneManagerProtocolServerSideTranslatorPB.processRequest(OzoneManagerProtocolServerSideTranslatorPB.java:175) ~[ozone-manager-1.3.0-SNAPSHOT.jar:?]
	at org.apache.hadoop.hdds.server.OzoneProtocolMessageDispatcher.processRequest(OzoneProtocolMessageDispatcher.java:87) [hdds-server-framework-1.3.0-SNAPSHOT.jar:?]
	at org.apache.hadoop.ozone.protocolPB.OzoneManagerProtocolServerSideTranslatorPB.submitRequest(OzoneManagerProtocolServerSideTranslatorPB.java:147) [ozone-manager-1.3.0-SNAPSHOT.jar:?]
	at org.apache.hadoop.ozone.protocol.proto.OzoneManagerProtocolProtos$OzoneManagerService$2.callBlockingMethod(OzoneManagerProtocolProtos.java) [ozone-interface-client-1.3.0-SNAPSHOT.jar:?]
	at org.apache.hadoop.ipc.ProtobufRpcEngine$Server.processCall(ProtobufRpcEngine.java:466) [hadoop-common-3.3.1.jar:?]
	at org.apache.hadoop.ipc.ProtobufRpcEngine2$Server$ProtoBufRpcInvoker.call(ProtobufRpcEngine2.java:574) [hadoop-common-3.3.1.jar:?]
	at org.apache.hadoop.ipc.ProtobufRpcEngine2$Server$ProtoBufRpcInvoker.call(ProtobufRpcEngine2.java:552) [hadoop-common-3.3.1.jar:?]
	at org.apache.hadoop.ipc.RPC$Server.call(RPC.java:1093) [hadoop-common-3.3.1.jar:?]
	at org.apache.hadoop.ipc.Server$RpcCall.run(Server.java:1035) [hadoop-common-3.3.1.jar:?]
	at org.apache.hadoop.ipc.Server$RpcCall.run(Server.java:963) [hadoop-common-3.3.1.jar:?]
	at java.security.AccessController.doPrivileged(Native Method) ~[?:1.8.0_345]
	at javax.security.auth.Subject.doAs(Subject.java:422) [?:1.8.0_345]
	at org.apache.hadoop.security.UserGroupInformation.doAs(UserGroupInformation.java:1878) [hadoop-common-3.3.1.jar:?]
	at org.apache.hadoop.ipc.Server$Handler.run(Server.java:2966) [hadoop-common-3.3.1.jar:?]
2022-10-06 01:03:41,081 [Time-limited test] WARN  ozone.BasicRootedOzoneFileSystem (BasicRootedOzoneFileSystem.java:getFileStatus(879)) - GetFileStatus failed for path /volume-47606/bucket-57938/.Trash/runner
java.io.FileNotFoundException: .Trash/runner: No such file or directory!
	at org.apache.hadoop.fs.ozone.BasicRootedOzoneClientAdapterImpl.getFileStatus(BasicRootedOzoneClientAdapterImpl.java:617)
	at org.apache.hadoop.fs.ozone.BasicRootedOzoneFileSystem.getFileStatus(BasicRootedOzoneFileSystem.java:869)
	at org.apache.hadoop.fs.FileSystem.exists(FileSystem.java:1760)
	at org.apache.hadoop.fs.ozone.BasicRootedOzoneFileSystem.exists(BasicRootedOzoneFileSystem.java:918)
	at org.apache.hadoop.fs.ozone.BasicRootedOzoneClientAdapterImpl.getTrashRoots(BasicRootedOzoneClientAdapterImpl.java:669)
	at org.apache.hadoop.fs.ozone.BasicRootedOzoneFileSystem.getTrashRoots(BasicRootedOzoneFileSystem.java:824)
	at org.apache.hadoop.fs.ozone.TestRootedOzoneFileSystem.testGetTrashRoots(TestRootedOzoneFileSystem.java:1494)
	at sun.reflect.NativeMethodAccessorImpl.invoke0(Native Method)
	at sun.reflect.NativeMethodAccessorImpl.invoke(NativeMethodAccessorImpl.java:62)
	at sun.reflect.DelegatingMethodAccessorImpl.invoke(DelegatingMethodAccessorImpl.java:43)
	at java.lang.reflect.Method.invoke(Method.java:498)
	at org.junit.runners.model.FrameworkMethod$1.runReflectiveCall(FrameworkMethod.java:59)
	at org.junit.internal.runners.model.ReflectiveCallable.run(ReflectiveCallable.java:12)
	at org.junit.runners.model.FrameworkMethod.invokeExplosively(FrameworkMethod.java:56)
	at org.junit.internal.runners.statements.InvokeMethod.evaluate(InvokeMethod.java:17)
	at org.junit.internal.runners.statements.RunBefores.evaluate(RunBefores.java:26)
	at org.junit.internal.runners.statements.RunAfters.evaluate(RunAfters.java:27)
	at org.junit.internal.runners.statements.FailOnTimeout$CallableStatement.call(FailOnTimeout.java:288)
	at org.junit.internal.runners.statements.FailOnTimeout$CallableStatement.call(FailOnTimeout.java:282)
	at java.util.concurrent.FutureTask.run(FutureTask.java:266)
	at java.lang.Thread.run(Thread.java:750)
01:03:41.097 [IPC Server handler 13 on default port 34317] ERROR OMAudit - user=runner | ip=127.0.0.1 | op=GET_FILE_STATUS {volume=volume-15061, bucket=bucket-75004, key=.Trash/runner, dataSize=0, replicationConfig=null} | ret=FAILURE
org.apache.hadoop.ozone.om.exceptions.OMException: Unable to get file status: volume: volume-15061 bucket: bucket-75004 key: .Trash/runner
	at org.apache.hadoop.ozone.om.KeyManagerImpl.getOzoneFileStatusFSO(KeyManagerImpl.java:1389) ~[ozone-manager-1.3.0-SNAPSHOT.jar:?]
	at org.apache.hadoop.ozone.om.KeyManagerImpl.getFileStatus(KeyManagerImpl.java:1252) ~[ozone-manager-1.3.0-SNAPSHOT.jar:?]
	at org.apache.hadoop.ozone.om.OzoneManager.getFileStatus(OzoneManager.java:3507) ~[ozone-manager-1.3.0-SNAPSHOT.jar:?]
	at org.apache.hadoop.ozone.protocolPB.OzoneManagerRequestHandler.getOzoneFileStatus(OzoneManagerRequestHandler.java:882) ~[ozone-manager-1.3.0-SNAPSHOT.jar:?]
	at org.apache.hadoop.ozone.protocolPB.OzoneManagerRequestHandler.handleReadRequest(OzoneManagerRequestHandler.java:228) ~[ozone-manager-1.3.0-SNAPSHOT.jar:?]
	at org.apache.hadoop.ozone.protocolPB.OzoneManagerProtocolServerSideTranslatorPB.submitReadRequestToOM(OzoneManagerProtocolServerSideTranslatorPB.java:226) ~[ozone-manager-1.3.0-SNAPSHOT.jar:?]
	at org.apache.hadoop.ozone.protocolPB.OzoneManagerProtocolServerSideTranslatorPB.processRequest(OzoneManagerProtocolServerSideTranslatorPB.java:175) ~[ozone-manager-1.3.0-SNAPSHOT.jar:?]
	at org.apache.hadoop.hdds.server.OzoneProtocolMessageDispatcher.processRequest(OzoneProtocolMessageDispatcher.java:87) [hdds-server-framework-1.3.0-SNAPSHOT.jar:?]
	at org.apache.hadoop.ozone.protocolPB.OzoneManagerProtocolServerSideTranslatorPB.submitRequest(OzoneManagerProtocolServerSideTranslatorPB.java:147) [ozone-manager-1.3.0-SNAPSHOT.jar:?]
	at org.apache.hadoop.ozone.protocol.proto.OzoneManagerProtocolProtos$OzoneManagerService$2.callBlockingMethod(OzoneManagerProtocolProtos.java) [ozone-interface-client-1.3.0-SNAPSHOT.jar:?]
	at org.apache.hadoop.ipc.ProtobufRpcEngine$Server.processCall(ProtobufRpcEngine.java:466) [hadoop-common-3.3.1.jar:?]
	at org.apache.hadoop.ipc.ProtobufRpcEngine2$Server$ProtoBufRpcInvoker.call(ProtobufRpcEngine2.java:574) [hadoop-common-3.3.1.jar:?]
	at org.apache.hadoop.ipc.ProtobufRpcEngine2$Server$ProtoBufRpcInvoker.call(ProtobufRpcEngine2.java:552) [hadoop-common-3.3.1.jar:?]
	at org.apache.hadoop.ipc.RPC$Server.call(RPC.java:1093) [hadoop-common-3.3.1.jar:?]
	at org.apache.hadoop.ipc.Server$RpcCall.run(Server.java:1035) [hadoop-common-3.3.1.jar:?]
	at org.apache.hadoop.ipc.Server$RpcCall.run(Server.java:963) [hadoop-common-3.3.1.jar:?]
	at java.security.AccessController.doPrivileged(Native Method) ~[?:1.8.0_345]
	at javax.security.auth.Subject.doAs(Subject.java:422) [?:1.8.0_345]
	at org.apache.hadoop.security.UserGroupInformation.doAs(UserGroupInformation.java:1878) [hadoop-common-3.3.1.jar:?]
	at org.apache.hadoop.ipc.Server$Handler.run(Server.java:2966) [hadoop-common-3.3.1.jar:?]
2022-10-06 01:03:41,098 [Time-limited test] WARN  ozone.BasicRootedOzoneFileSystem (BasicRootedOzoneFileSystem.java:getFileStatus(879)) - GetFileStatus failed for path /volume-15061/bucket-75004/.Trash/runner
java.io.FileNotFoundException: .Trash/runner: No such file or directory!
	at org.apache.hadoop.fs.ozone.BasicRootedOzoneClientAdapterImpl.getFileStatus(BasicRootedOzoneClientAdapterImpl.java:617)
	at org.apache.hadoop.fs.ozone.BasicRootedOzoneFileSystem.getFileStatus(BasicRootedOzoneFileSystem.java:869)
	at org.apache.hadoop.fs.FileSystem.exists(FileSystem.java:1760)
	at org.apache.hadoop.fs.ozone.BasicRootedOzoneFileSystem.exists(BasicRootedOzoneFileSystem.java:918)
	at org.apache.hadoop.fs.ozone.BasicRootedOzoneClientAdapterImpl.getTrashRoots(BasicRootedOzoneClientAdapterImpl.java:669)
	at org.apache.hadoop.fs.ozone.BasicRootedOzoneFileSystem.getTrashRoots(BasicRootedOzoneFileSystem.java:824)
	at org.apache.hadoop.fs.ozone.TestRootedOzoneFileSystem.testGetTrashRoots(TestRootedOzoneFileSystem.java:1494)
	at sun.reflect.NativeMethodAccessorImpl.invoke0(Native Method)
	at sun.reflect.NativeMethodAccessorImpl.invoke(NativeMethodAccessorImpl.java:62)
	at sun.reflect.DelegatingMethodAccessorImpl.invoke(DelegatingMethodAccessorImpl.java:43)
	at java.lang.reflect.Method.invoke(Method.java:498)
	at org.junit.runners.model.FrameworkMethod$1.runReflectiveCall(FrameworkMethod.java:59)
	at org.junit.internal.runners.model.ReflectiveCallable.run(ReflectiveCallable.java:12)
	at org.junit.runners.model.FrameworkMethod.invokeExplosively(FrameworkMethod.java:56)
	at org.junit.internal.runners.statements.InvokeMethod.evaluate(InvokeMethod.java:17)
	at org.junit.internal.runners.statements.RunBefores.evaluate(RunBefores.java:26)
	at org.junit.internal.runners.statements.RunAfters.evaluate(RunAfters.java:27)
	at org.junit.internal.runners.statements.FailOnTimeout$CallableStatement.call(FailOnTimeout.java:288)
	at org.junit.internal.runners.statements.FailOnTimeout$CallableStatement.call(FailOnTimeout.java:282)
	at java.util.concurrent.FutureTask.run(FutureTask.java:266)
	at java.lang.Thread.run(Thread.java:750)
01:03:41.100 [IPC Server handler 15 on default port 34317] ERROR OMAudit - user=runner | ip=127.0.0.1 | op=GET_FILE_STATUS {volume=volume-70220, bucket=bucket3, key=.Trash/runner, dataSize=0, replicationConfig=null} | ret=FAILURE
org.apache.hadoop.ozone.om.exceptions.OMException: Unable to get file status: volume: volume-70220 bucket: bucket3 key: .Trash/runner
	at org.apache.hadoop.ozone.om.KeyManagerImpl.getOzoneFileStatusFSO(KeyManagerImpl.java:1389) ~[ozone-manager-1.3.0-SNAPSHOT.jar:?]
	at org.apache.hadoop.ozone.om.KeyManagerImpl.getFileStatus(KeyManagerImpl.java:1252) ~[ozone-manager-1.3.0-SNAPSHOT.jar:?]
	at org.apache.hadoop.ozone.om.OzoneManager.getFileStatus(OzoneManager.java:3507) ~[ozone-manager-1.3.0-SNAPSHOT.jar:?]
	at org.apache.hadoop.ozone.protocolPB.OzoneManagerRequestHandler.getOzoneFileStatus(OzoneManagerRequestHandler.java:882) ~[ozone-manager-1.3.0-SNAPSHOT.jar:?]
	at org.apache.hadoop.ozone.protocolPB.OzoneManagerRequestHandler.handleReadRequest(OzoneManagerRequestHandler.java:228) ~[ozone-manager-1.3.0-SNAPSHOT.jar:?]
	at org.apache.hadoop.ozone.protocolPB.OzoneManagerProtocolServerSideTranslatorPB.submitReadRequestToOM(OzoneManagerProtocolServerSideTranslatorPB.java:226) ~[ozone-manager-1.3.0-SNAPSHOT.jar:?]
	at org.apache.hadoop.ozone.protocolPB.OzoneManagerProtocolServerSideTranslatorPB.processRequest(OzoneManagerProtocolServerSideTranslatorPB.java:175) ~[ozone-manager-1.3.0-SNAPSHOT.jar:?]
	at org.apache.hadoop.hdds.server.OzoneProtocolMessageDispatcher.processRequest(OzoneProtocolMessageDispatcher.java:87) [hdds-server-framework-1.3.0-SNAPSHOT.jar:?]
	at org.apache.hadoop.ozone.protocolPB.OzoneManagerProtocolServerSideTranslatorPB.submitRequest(OzoneManagerProtocolServerSideTranslatorPB.java:147) [ozone-manager-1.3.0-SNAPSHOT.jar:?]
	at org.apache.hadoop.ozone.protocol.proto.OzoneManagerProtocolProtos$OzoneManagerService$2.callBlockingMethod(OzoneManagerProtocolProtos.java) [ozone-interface-client-1.3.0-SNAPSHOT.jar:?]
	at org.apache.hadoop.ipc.ProtobufRpcEngine$Server.processCall(ProtobufRpcEngine.java:466) [hadoop-common-3.3.1.jar:?]
	at org.apache.hadoop.ipc.ProtobufRpcEngine2$Server$ProtoBufRpcInvoker.call(ProtobufRpcEngine2.java:574) [hadoop-common-3.3.1.jar:?]
	at org.apache.hadoop.ipc.ProtobufRpcEngine2$Server$ProtoBufRpcInvoker.call(ProtobufRpcEngine2.java:552) [hadoop-common-3.3.1.jar:?]
	at org.apache.hadoop.ipc.RPC$Server.call(RPC.java:1093) [hadoop-common-3.3.1.jar:?]
	at org.apache.hadoop.ipc.Server$RpcCall.run(Server.java:1035) [hadoop-common-3.3.1.jar:?]
	at org.apache.hadoop.ipc.Server$RpcCall.run(Server.java:963) [hadoop-common-3.3.1.jar:?]
	at java.security.AccessController.doPrivileged(Native Method) ~[?:1.8.0_345]
	at javax.security.auth.Subject.doAs(Subject.java:422) [?:1.8.0_345]
	at org.apache.hadoop.security.UserGroupInformation.doAs(UserGroupInformation.java:1878) [hadoop-common-3.3.1.jar:?]
	at org.apache.hadoop.ipc.Server$Handler.run(Server.java:2966) [hadoop-common-3.3.1.jar:?]
2022-10-06 01:03:41,103 [Time-limited test] WARN  ozone.BasicRootedOzoneFileSystem (BasicRootedOzoneFileSystem.java:getFileStatus(879)) - GetFileStatus failed for path /volume-70220/bucket3/.Trash/runner
java.io.FileNotFoundException: .Trash/runner: No such file or directory!
	at org.apache.hadoop.fs.ozone.BasicRootedOzoneClientAdapterImpl.getFileStatus(BasicRootedOzoneClientAdapterImpl.java:617)
	at org.apache.hadoop.fs.ozone.BasicRootedOzoneFileSystem.getFileStatus(BasicRootedOzoneFileSystem.java:869)
	at org.apache.hadoop.fs.FileSystem.exists(FileSystem.java:1760)
	at org.apache.hadoop.fs.ozone.BasicRootedOzoneFileSystem.exists(BasicRootedOzoneFileSystem.java:918)
	at org.apache.hadoop.fs.ozone.BasicRootedOzoneClientAdapterImpl.getTrashRoots(BasicRootedOzoneClientAdapterImpl.java:669)
	at org.apache.hadoop.fs.ozone.BasicRootedOzoneFileSystem.getTrashRoots(BasicRootedOzoneFileSystem.java:824)
	at org.apache.hadoop.fs.ozone.TestRootedOzoneFileSystem.testGetTrashRoots(TestRootedOzoneFileSystem.java:1494)
	at sun.reflect.NativeMethodAccessorImpl.invoke0(Native Method)
	at sun.reflect.NativeMethodAccessorImpl.invoke(NativeMethodAccessorImpl.java:62)
	at sun.reflect.DelegatingMethodAccessorImpl.invoke(DelegatingMethodAccessorImpl.java:43)
	at java.lang.reflect.Method.invoke(Method.java:498)
	at org.junit.runners.model.FrameworkMethod$1.runReflectiveCall(FrameworkMethod.java:59)
	at org.junit.internal.runners.model.ReflectiveCallable.run(ReflectiveCallable.java:12)
	at org.junit.runners.model.FrameworkMethod.invokeExplosively(FrameworkMethod.java:56)
	at org.junit.internal.runners.statements.InvokeMethod.evaluate(InvokeMethod.java:17)
	at org.junit.internal.runners.statements.RunBefores.evaluate(RunBefores.java:26)
	at org.junit.internal.runners.statements.RunAfters.evaluate(RunAfters.java:27)
	at org.junit.internal.runners.statements.FailOnTimeout$CallableStatement.call(FailOnTimeout.java:288)
	at org.junit.internal.runners.statements.FailOnTimeout$CallableStatement.call(FailOnTimeout.java:282)
	at java.util.concurrent.FutureTask.run(FutureTask.java:266)
	at java.lang.Thread.run(Thread.java:750)
01:03:41.108 [IPC Server handler 12 on default port 34317] ERROR OMAudit - user=runner | ip=127.0.0.1 | op=GET_FILE_STATUS {volume=41812c2c-f6d7-4f0f-be5c-cc1f0b07cd78, bucket=0df5328d-eeb1-4c32-87ea-33cd10a8a7f6, key=.Trash, dataSize=0, replicationConfig=null} | ret=FAILURE
org.apache.hadoop.ozone.om.exceptions.OMException: Unable to get file status: volume: 41812c2c-f6d7-4f0f-be5c-cc1f0b07cd78 bucket: 0df5328d-eeb1-4c32-87ea-33cd10a8a7f6 key: .Trash
	at org.apache.hadoop.ozone.om.KeyManagerImpl.getOzoneFileStatus(KeyManagerImpl.java:1324) ~[ozone-manager-1.3.0-SNAPSHOT.jar:?]
	at org.apache.hadoop.ozone.om.KeyManagerImpl.getFileStatus(KeyManagerImpl.java:1254) ~[ozone-manager-1.3.0-SNAPSHOT.jar:?]
	at org.apache.hadoop.ozone.om.OzoneManager.getFileStatus(OzoneManager.java:3507) ~[ozone-manager-1.3.0-SNAPSHOT.jar:?]
	at org.apache.hadoop.ozone.protocolPB.OzoneManagerRequestHandler.getOzoneFileStatus(OzoneManagerRequestHandler.java:882) ~[ozone-manager-1.3.0-SNAPSHOT.jar:?]
	at org.apache.hadoop.ozone.protocolPB.OzoneManagerRequestHandler.handleReadRequest(OzoneManagerRequestHandler.java:228) ~[ozone-manager-1.3.0-SNAPSHOT.jar:?]
	at org.apache.hadoop.ozone.protocolPB.OzoneManagerProtocolServerSideTranslatorPB.submitReadRequestToOM(OzoneManagerProtocolServerSideTranslatorPB.java:226) ~[ozone-manager-1.3.0-SNAPSHOT.jar:?]
	at org.apache.hadoop.ozone.protocolPB.OzoneManagerProtocolServerSideTranslatorPB.processRequest(OzoneManagerProtocolServerSideTranslatorPB.java:175) ~[ozone-manager-1.3.0-SNAPSHOT.jar:?]
	at org.apache.hadoop.hdds.server.OzoneProtocolMessageDispatcher.processRequest(OzoneProtocolMessageDispatcher.java:87) [hdds-server-framework-1.3.0-SNAPSHOT.jar:?]
	at org.apache.hadoop.ozone.protocolPB.OzoneManagerProtocolServerSideTranslatorPB.submitRequest(OzoneManagerProtocolServerSideTranslatorPB.java:147) [ozone-manager-1.3.0-SNAPSHOT.jar:?]
	at org.apache.hadoop.ozone.protocol.proto.OzoneManagerProtocolProtos$OzoneManagerService$2.callBlockingMethod(OzoneManagerProtocolProtos.java) [ozone-interface-client-1.3.0-SNAPSHOT.jar:?]
	at org.apache.hadoop.ipc.ProtobufRpcEngine$Server.processCall(ProtobufRpcEngine.java:466) [hadoop-common-3.3.1.jar:?]
	at org.apache.hadoop.ipc.ProtobufRpcEngine2$Server$ProtoBufRpcInvoker.call(ProtobufRpcEngine2.java:574) [hadoop-common-3.3.1.jar:?]
	at org.apache.hadoop.ipc.ProtobufRpcEngine2$Server$ProtoBufRpcInvoker.call(ProtobufRpcEngine2.java:552) [hadoop-common-3.3.1.jar:?]
	at org.apache.hadoop.ipc.RPC$Server.call(RPC.java:1093) [hadoop-common-3.3.1.jar:?]
	at org.apache.hadoop.ipc.Server$RpcCall.run(Server.java:1035) [hadoop-common-3.3.1.jar:?]
	at org.apache.hadoop.ipc.Server$RpcCall.run(Server.java:963) [hadoop-common-3.3.1.jar:?]
	at java.security.AccessController.doPrivileged(Native Method) ~[?:1.8.0_345]
	at javax.security.auth.Subject.doAs(Subject.java:422) [?:1.8.0_345]
	at org.apache.hadoop.security.UserGroupInformation.doAs(UserGroupInformation.java:1878) [hadoop-common-3.3.1.jar:?]
	at org.apache.hadoop.ipc.Server$Handler.run(Server.java:2966) [hadoop-common-3.3.1.jar:?]
2022-10-06 01:03:41,110 [Time-limited test] WARN  ozone.BasicRootedOzoneFileSystem (BasicRootedOzoneFileSystem.java:getFileStatus(879)) - GetFileStatus failed for path /41812c2c-f6d7-4f0f-be5c-cc1f0b07cd78/0df5328d-eeb1-4c32-87ea-33cd10a8a7f6/.Trash
java.io.FileNotFoundException: .Trash: No such file or directory!
	at org.apache.hadoop.fs.ozone.BasicRootedOzoneClientAdapterImpl.getFileStatus(BasicRootedOzoneClientAdapterImpl.java:617)
	at org.apache.hadoop.fs.ozone.BasicRootedOzoneFileSystem.getFileStatus(BasicRootedOzoneFileSystem.java:869)
	at org.apache.hadoop.fs.FileSystem.exists(FileSystem.java:1760)
	at org.apache.hadoop.fs.ozone.BasicRootedOzoneFileSystem.exists(BasicRootedOzoneFileSystem.java:918)
	at org.apache.hadoop.fs.ozone.BasicRootedOzoneClientAdapterImpl.getTrashRoots(BasicRootedOzoneClientAdapterImpl.java:660)
	at org.apache.hadoop.fs.ozone.BasicRootedOzoneFileSystem.getTrashRoots(BasicRootedOzoneFileSystem.java:824)
	at org.apache.hadoop.fs.ozone.TestRootedOzoneFileSystem.testGetTrashRoots(TestRootedOzoneFileSystem.java:1495)
	at sun.reflect.NativeMethodAccessorImpl.invoke0(Native Method)
	at sun.reflect.NativeMethodAccessorImpl.invoke(NativeMethodAccessorImpl.java:62)
	at sun.reflect.DelegatingMethodAccessorImpl.invoke(DelegatingMethodAccessorImpl.java:43)
	at java.lang.reflect.Method.invoke(Method.java:498)
	at org.junit.runners.model.FrameworkMethod$1.runReflectiveCall(FrameworkMethod.java:59)
	at org.junit.internal.runners.model.ReflectiveCallable.run(ReflectiveCallable.java:12)
	at org.junit.runners.model.FrameworkMethod.invokeExplosively(FrameworkMethod.java:56)
	at org.junit.internal.runners.statements.InvokeMethod.evaluate(InvokeMethod.java:17)
	at org.junit.internal.runners.statements.RunBefores.evaluate(RunBefores.java:26)
	at org.junit.internal.runners.statements.RunAfters.evaluate(RunAfters.java:27)
	at org.junit.internal.runners.statements.FailOnTimeout$CallableStatement.call(FailOnTimeout.java:288)
	at org.junit.internal.runners.statements.FailOnTimeout$CallableStatement.call(FailOnTimeout.java:282)
	at java.util.concurrent.FutureTask.run(FutureTask.java:266)
	at java.lang.Thread.run(Thread.java:750)
01:03:41.114 [IPC Server handler 8 on default port 34317] ERROR OMAudit - user=runner | ip=127.0.0.1 | op=GET_FILE_STATUS {volume=volume-15061, bucket=bucket-75004, key=.Trash, dataSize=0, replicationConfig=null} | ret=FAILURE
org.apache.hadoop.ozone.om.exceptions.OMException: Unable to get file status: volume: volume-15061 bucket: bucket-75004 key: .Trash
	at org.apache.hadoop.ozone.om.KeyManagerImpl.getOzoneFileStatusFSO(KeyManagerImpl.java:1389) ~[ozone-manager-1.3.0-SNAPSHOT.jar:?]
	at org.apache.hadoop.ozone.om.KeyManagerImpl.getFileStatus(KeyManagerImpl.java:1252) ~[ozone-manager-1.3.0-SNAPSHOT.jar:?]
	at org.apache.hadoop.ozone.om.OzoneManager.getFileStatus(OzoneManager.java:3507) ~[ozone-manager-1.3.0-SNAPSHOT.jar:?]
	at org.apache.hadoop.ozone.protocolPB.OzoneManagerRequestHandler.getOzoneFileStatus(OzoneManagerRequestHandler.java:882) ~[ozone-manager-1.3.0-SNAPSHOT.jar:?]
	at org.apache.hadoop.ozone.protocolPB.OzoneManagerRequestHandler.handleReadRequest(OzoneManagerRequestHandler.java:228) ~[ozone-manager-1.3.0-SNAPSHOT.jar:?]
	at org.apache.hadoop.ozone.protocolPB.OzoneManagerProtocolServerSideTranslatorPB.submitReadRequestToOM(OzoneManagerProtocolServerSideTranslatorPB.java:226) ~[ozone-manager-1.3.0-SNAPSHOT.jar:?]
	at org.apache.hadoop.ozone.protocolPB.OzoneManagerProtocolServerSideTranslatorPB.processRequest(OzoneManagerProtocolServerSideTranslatorPB.java:175) ~[ozone-manager-1.3.0-SNAPSHOT.jar:?]
	at org.apache.hadoop.hdds.server.OzoneProtocolMessageDispatcher.processRequest(OzoneProtocolMessageDispatcher.java:87) [hdds-server-framework-1.3.0-SNAPSHOT.jar:?]
	at org.apache.hadoop.ozone.protocolPB.OzoneManagerProtocolServerSideTranslatorPB.submitRequest(OzoneManagerProtocolServerSideTranslatorPB.java:147) [ozone-manager-1.3.0-SNAPSHOT.jar:?]
	at org.apache.hadoop.ozone.protocol.proto.OzoneManagerProtocolProtos$OzoneManagerService$2.callBlockingMethod(OzoneManagerProtocolProtos.java) [ozone-interface-client-1.3.0-SNAPSHOT.jar:?]
	at org.apache.hadoop.ipc.ProtobufRpcEngine$Server.processCall(ProtobufRpcEngine.java:466) [hadoop-common-3.3.1.jar:?]
	at org.apache.hadoop.ipc.ProtobufRpcEngine2$Server$ProtoBufRpcInvoker.call(ProtobufRpcEngine2.java:574) [hadoop-common-3.3.1.jar:?]
	at org.apache.hadoop.ipc.ProtobufRpcEngine2$Server$ProtoBufRpcInvoker.call(ProtobufRpcEngine2.java:552) [hadoop-common-3.3.1.jar:?]
	at org.apache.hadoop.ipc.RPC$Server.call(RPC.java:1093) [hadoop-common-3.3.1.jar:?]
	at org.apache.hadoop.ipc.Server$RpcCall.run(Server.java:1035) [hadoop-common-3.3.1.jar:?]
	at org.apache.hadoop.ipc.Server$RpcCall.run(Server.java:963) [hadoop-common-3.3.1.jar:?]
	at java.security.AccessController.doPrivileged(Native Method) ~[?:1.8.0_345]
	at javax.security.auth.Subject.doAs(Subject.java:422) [?:1.8.0_345]
	at org.apache.hadoop.security.UserGroupInformation.doAs(UserGroupInformation.java:1878) [hadoop-common-3.3.1.jar:?]
	at org.apache.hadoop.ipc.Server$Handler.run(Server.java:2966) [hadoop-common-3.3.1.jar:?]
2022-10-06 01:03:41,115 [Time-limited test] WARN  ozone.BasicRootedOzoneFileSystem (BasicRootedOzoneFileSystem.java:getFileStatus(879)) - GetFileStatus failed for path /volume-15061/bucket-75004/.Trash
java.io.FileNotFoundException: .Trash: No such file or directory!
	at org.apache.hadoop.fs.ozone.BasicRootedOzoneClientAdapterImpl.getFileStatus(BasicRootedOzoneClientAdapterImpl.java:617)
	at org.apache.hadoop.fs.ozone.BasicRootedOzoneFileSystem.getFileStatus(BasicRootedOzoneFileSystem.java:869)
	at org.apache.hadoop.fs.FileSystem.exists(FileSystem.java:1760)
	at org.apache.hadoop.fs.ozone.BasicRootedOzoneFileSystem.exists(BasicRootedOzoneFileSystem.java:918)
	at org.apache.hadoop.fs.ozone.BasicRootedOzoneClientAdapterImpl.getTrashRoots(BasicRootedOzoneClientAdapterImpl.java:660)
	at org.apache.hadoop.fs.ozone.BasicRootedOzoneFileSystem.getTrashRoots(BasicRootedOzoneFileSystem.java:824)
	at org.apache.hadoop.fs.ozone.TestRootedOzoneFileSystem.testGetTrashRoots(TestRootedOzoneFileSystem.java:1495)
	at sun.reflect.NativeMethodAccessorImpl.invoke0(Native Method)
	at sun.reflect.NativeMethodAccessorImpl.invoke(NativeMethodAccessorImpl.java:62)
	at sun.reflect.DelegatingMethodAccessorImpl.invoke(DelegatingMethodAccessorImpl.java:43)
	at java.lang.reflect.Method.invoke(Method.java:498)
	at org.junit.runners.model.FrameworkMethod$1.runReflectiveCall(FrameworkMethod.java:59)
	at org.junit.internal.runners.model.ReflectiveCallable.run(ReflectiveCallable.java:12)
	at org.junit.runners.model.FrameworkMethod.invokeExplosively(FrameworkMethod.java:56)
	at org.junit.internal.runners.statements.InvokeMethod.evaluate(InvokeMethod.java:17)
	at org.junit.internal.runners.statements.RunBefores.evaluate(RunBefores.java:26)
	at org.junit.internal.runners.statements.RunAfters.evaluate(RunAfters.java:27)
	at org.junit.internal.runners.statements.FailOnTimeout$CallableStatement.call(FailOnTimeout.java:288)
	at org.junit.internal.runners.statements.FailOnTimeout$CallableStatement.call(FailOnTimeout.java:282)
	at java.util.concurrent.FutureTask.run(FutureTask.java:266)
	at java.lang.Thread.run(Thread.java:750)
01:03:41.117 [IPC Server handler 4 on default port 34317] ERROR OMAudit - user=runner | ip=127.0.0.1 | op=GET_FILE_STATUS {volume=volume-47606, bucket=bucket-57938, key=.Trash, dataSize=0, replicationConfig=null} | ret=FAILURE
org.apache.hadoop.ozone.om.exceptions.OMException: Unable to get file status: volume: volume-47606 bucket: bucket-57938 key: .Trash
	at org.apache.hadoop.ozone.om.KeyManagerImpl.getOzoneFileStatusFSO(KeyManagerImpl.java:1389) ~[ozone-manager-1.3.0-SNAPSHOT.jar:?]
	at org.apache.hadoop.ozone.om.KeyManagerImpl.getFileStatus(KeyManagerImpl.java:1252) ~[ozone-manager-1.3.0-SNAPSHOT.jar:?]
	at org.apache.hadoop.ozone.om.OzoneManager.getFileStatus(OzoneManager.java:3507) ~[ozone-manager-1.3.0-SNAPSHOT.jar:?]
	at org.apache.hadoop.ozone.protocolPB.OzoneManagerRequestHandler.getOzoneFileStatus(OzoneManagerRequestHandler.java:882) ~[ozone-manager-1.3.0-SNAPSHOT.jar:?]
	at org.apache.hadoop.ozone.protocolPB.OzoneManagerRequestHandler.handleReadRequest(OzoneManagerRequestHandler.java:228) ~[ozone-manager-1.3.0-SNAPSHOT.jar:?]
	at org.apache.hadoop.ozone.protocolPB.OzoneManagerProtocolServerSideTranslatorPB.submitReadRequestToOM(OzoneManagerProtocolServerSideTranslatorPB.java:226) ~[ozone-manager-1.3.0-SNAPSHOT.jar:?]
	at org.apache.hadoop.ozone.protocolPB.OzoneManagerProtocolServerSideTranslatorPB.processRequest(OzoneManagerProtocolServerSideTranslatorPB.java:175) ~[ozone-manager-1.3.0-SNAPSHOT.jar:?]
	at org.apache.hadoop.hdds.server.OzoneProtocolMessageDispatcher.processRequest(OzoneProtocolMessageDispatcher.java:87) [hdds-server-framework-1.3.0-SNAPSHOT.jar:?]
	at org.apache.hadoop.ozone.protocolPB.OzoneManagerProtocolServerSideTranslatorPB.submitRequest(OzoneManagerProtocolServerSideTranslatorPB.java:147) [ozone-manager-1.3.0-SNAPSHOT.jar:?]
	at org.apache.hadoop.ozone.protocol.proto.OzoneManagerProtocolProtos$OzoneManagerService$2.callBlockingMethod(OzoneManagerProtocolProtos.java) [ozone-interface-client-1.3.0-SNAPSHOT.jar:?]
	at org.apache.hadoop.ipc.ProtobufRpcEngine$Server.processCall(ProtobufRpcEngine.java:466) [hadoop-common-3.3.1.jar:?]
	at org.apache.hadoop.ipc.ProtobufRpcEngine2$Server$ProtoBufRpcInvoker.call(ProtobufRpcEngine2.java:574) [hadoop-common-3.3.1.jar:?]
	at org.apache.hadoop.ipc.ProtobufRpcEngine2$Server$ProtoBufRpcInvoker.call(ProtobufRpcEngine2.java:552) [hadoop-common-3.3.1.jar:?]
	at org.apache.hadoop.ipc.RPC$Server.call(RPC.java:1093) [hadoop-common-3.3.1.jar:?]
	at org.apache.hadoop.ipc.Server$RpcCall.run(Server.java:1035) [hadoop-common-3.3.1.jar:?]
	at org.apache.hadoop.ipc.Server$RpcCall.run(Server.java:963) [hadoop-common-3.3.1.jar:?]
	at java.security.AccessController.doPrivileged(Native Method) ~[?:1.8.0_345]
	at javax.security.auth.Subject.doAs(Subject.java:422) [?:1.8.0_345]
	at org.apache.hadoop.security.UserGroupInformation.doAs(UserGroupInformation.java:1878) [hadoop-common-3.3.1.jar:?]
	at org.apache.hadoop.ipc.Server$Handler.run(Server.java:2966) [hadoop-common-3.3.1.jar:?]
2022-10-06 01:03:41,117 [Time-limited test] WARN  ozone.BasicRootedOzoneFileSystem (BasicRootedOzoneFileSystem.java:getFileStatus(879)) - GetFileStatus failed for path /volume-47606/bucket-57938/.Trash
java.io.FileNotFoundException: .Trash: No such file or directory!
	at org.apache.hadoop.fs.ozone.BasicRootedOzoneClientAdapterImpl.getFileStatus(BasicRootedOzoneClientAdapterImpl.java:617)
	at org.apache.hadoop.fs.ozone.BasicRootedOzoneFileSystem.getFileStatus(BasicRootedOzoneFileSystem.java:869)
	at org.apache.hadoop.fs.FileSystem.exists(FileSystem.java:1760)
	at org.apache.hadoop.fs.ozone.BasicRootedOzoneFileSystem.exists(BasicRootedOzoneFileSystem.java:918)
	at org.apache.hadoop.fs.ozone.BasicRootedOzoneClientAdapterImpl.getTrashRoots(BasicRootedOzoneClientAdapterImpl.java:660)
	at org.apache.hadoop.fs.ozone.BasicRootedOzoneFileSystem.getTrashRoots(BasicRootedOzoneFileSystem.java:824)
	at org.apache.hadoop.fs.ozone.TestRootedOzoneFileSystem.testGetTrashRoots(TestRootedOzoneFileSystem.java:1495)
	at sun.reflect.NativeMethodAccessorImpl.invoke0(Native Method)
	at sun.reflect.NativeMethodAccessorImpl.invoke(NativeMethodAccessorImpl.java:62)
	at sun.reflect.DelegatingMethodAccessorImpl.invoke(DelegatingMethodAccessorImpl.java:43)
	at java.lang.reflect.Method.invoke(Method.java:498)
	at org.junit.runners.model.FrameworkMethod$1.runReflectiveCall(FrameworkMethod.java:59)
	at org.junit.internal.runners.model.ReflectiveCallable.run(ReflectiveCallable.java:12)
	at org.junit.runners.model.FrameworkMethod.invokeExplosively(FrameworkMethod.java:56)
	at org.junit.internal.runners.statements.InvokeMethod.evaluate(InvokeMethod.java:17)
	at org.junit.internal.runners.statements.RunBefores.evaluate(RunBefores.java:26)
	at org.junit.internal.runners.statements.RunAfters.evaluate(RunAfters.java:27)
	at org.junit.internal.runners.statements.FailOnTimeout$CallableStatement.call(FailOnTimeout.java:288)
	at org.junit.internal.runners.statements.FailOnTimeout$CallableStatement.call(FailOnTimeout.java:282)
	at java.util.concurrent.FutureTask.run(FutureTask.java:266)
	at java.lang.Thread.run(Thread.java:750)
01:03:41.119 [IPC Server handler 19 on default port 34317] ERROR OMAudit - user=runner | ip=127.0.0.1 | op=GET_FILE_STATUS {volume=volume-70220, bucket=bucket3, key=.Trash, dataSize=0, replicationConfig=null} | ret=FAILURE
org.apache.hadoop.ozone.om.exceptions.OMException: Unable to get file status: volume: volume-70220 bucket: bucket3 key: .Trash
	at org.apache.hadoop.ozone.om.KeyManagerImpl.getOzoneFileStatusFSO(KeyManagerImpl.java:1389) ~[ozone-manager-1.3.0-SNAPSHOT.jar:?]
	at org.apache.hadoop.ozone.om.KeyManagerImpl.getFileStatus(KeyManagerImpl.java:1252) ~[ozone-manager-1.3.0-SNAPSHOT.jar:?]
	at org.apache.hadoop.ozone.om.OzoneManager.getFileStatus(OzoneManager.java:3507) ~[ozone-manager-1.3.0-SNAPSHOT.jar:?]
	at org.apache.hadoop.ozone.protocolPB.OzoneManagerRequestHandler.getOzoneFileStatus(OzoneManagerRequestHandler.java:882) ~[ozone-manager-1.3.0-SNAPSHOT.jar:?]
	at org.apache.hadoop.ozone.protocolPB.OzoneManagerRequestHandler.handleReadRequest(OzoneManagerRequestHandler.java:228) ~[ozone-manager-1.3.0-SNAPSHOT.jar:?]
	at org.apache.hadoop.ozone.protocolPB.OzoneManagerProtocolServerSideTranslatorPB.submitReadRequestToOM(OzoneManagerProtocolServerSideTranslatorPB.java:226) ~[ozone-manager-1.3.0-SNAPSHOT.jar:?]
	at org.apache.hadoop.ozone.protocolPB.OzoneManagerProtocolServerSideTranslatorPB.processRequest(OzoneManagerProtocolServerSideTranslatorPB.java:175) ~[ozone-manager-1.3.0-SNAPSHOT.jar:?]
	at org.apache.hadoop.hdds.server.OzoneProtocolMessageDispatcher.processRequest(OzoneProtocolMessageDispatcher.java:87) [hdds-server-framework-1.3.0-SNAPSHOT.jar:?]
	at org.apache.hadoop.ozone.protocolPB.OzoneManagerProtocolServerSideTranslatorPB.submitRequest(OzoneManagerProtocolServerSideTranslatorPB.java:147) [ozone-manager-1.3.0-SNAPSHOT.jar:?]
	at org.apache.hadoop.ozone.protocol.proto.OzoneManagerProtocolProtos$OzoneManagerService$2.callBlockingMethod(OzoneManagerProtocolProtos.java) [ozone-interface-client-1.3.0-SNAPSHOT.jar:?]
	at org.apache.hadoop.ipc.ProtobufRpcEngine$Server.processCall(ProtobufRpcEngine.java:466) [hadoop-common-3.3.1.jar:?]
	at org.apache.hadoop.ipc.ProtobufRpcEngine2$Server$ProtoBufRpcInvoker.call(ProtobufRpcEngine2.java:574) [hadoop-common-3.3.1.jar:?]
	at org.apache.hadoop.ipc.ProtobufRpcEngine2$Server$ProtoBufRpcInvoker.call(ProtobufRpcEngine2.java:552) [hadoop-common-3.3.1.jar:?]
	at org.apache.hadoop.ipc.RPC$Server.call(RPC.java:1093) [hadoop-common-3.3.1.jar:?]
	at org.apache.hadoop.ipc.Server$RpcCall.run(Server.java:1035) [hadoop-common-3.3.1.jar:?]
	at org.apache.hadoop.ipc.Server$RpcCall.run(Server.java:963) [hadoop-common-3.3.1.jar:?]
	at java.security.AccessController.doPrivileged(Native Method) ~[?:1.8.0_345]
	at javax.security.auth.Subject.doAs(Subject.java:422) [?:1.8.0_345]
	at org.apache.hadoop.security.UserGroupInformation.doAs(UserGroupInformation.java:1878) [hadoop-common-3.3.1.jar:?]
	at org.apache.hadoop.ipc.Server$Handler.run(Server.java:2966) [hadoop-common-3.3.1.jar:?]
2022-10-06 01:03:41,119 [Time-limited test] WARN  ozone.BasicRootedOzoneFileSystem (BasicRootedOzoneFileSystem.java:getFileStatus(879)) - GetFileStatus failed for path /volume-70220/bucket3/.Trash
java.io.FileNotFoundException: .Trash: No such file or directory!
	at org.apache.hadoop.fs.ozone.BasicRootedOzoneClientAdapterImpl.getFileStatus(BasicRootedOzoneClientAdapterImpl.java:617)
	at org.apache.hadoop.fs.ozone.BasicRootedOzoneFileSystem.getFileStatus(BasicRootedOzoneFileSystem.java:869)
	at org.apache.hadoop.fs.FileSystem.exists(FileSystem.java:1760)
	at org.apache.hadoop.fs.ozone.BasicRootedOzoneFileSystem.exists(BasicRootedOzoneFileSystem.java:918)
	at org.apache.hadoop.fs.ozone.BasicRootedOzoneClientAdapterImpl.getTrashRoots(BasicRootedOzoneClientAdapterImpl.java:660)
	at org.apache.hadoop.fs.ozone.BasicRootedOzoneFileSystem.getTrashRoots(BasicRootedOzoneFileSystem.java:824)
	at org.apache.hadoop.fs.ozone.TestRootedOzoneFileSystem.testGetTrashRoots(TestRootedOzoneFileSystem.java:1495)
	at sun.reflect.NativeMethodAccessorImpl.invoke0(Native Method)
	at sun.reflect.NativeMethodAccessorImpl.invoke(NativeMethodAccessorImpl.java:62)
	at sun.reflect.DelegatingMethodAccessorImpl.invoke(DelegatingMethodAccessorImpl.java:43)
	at java.lang.reflect.Method.invoke(Method.java:498)
	at org.junit.runners.model.FrameworkMethod$1.runReflectiveCall(FrameworkMethod.java:59)
	at org.junit.internal.runners.model.ReflectiveCallable.run(ReflectiveCallable.java:12)
	at org.junit.runners.model.FrameworkMethod.invokeExplosively(FrameworkMethod.java:56)
	at org.junit.internal.runners.statements.InvokeMethod.evaluate(InvokeMethod.java:17)
	at org.junit.internal.runners.statements.RunBefores.evaluate(RunBefores.java:26)
	at org.junit.internal.runners.statements.RunAfters.evaluate(RunAfters.java:27)
	at org.junit.internal.runners.statements.FailOnTimeout$CallableStatement.call(FailOnTimeout.java:288)
	at org.junit.internal.runners.statements.FailOnTimeout$CallableStatement.call(FailOnTimeout.java:282)
	at java.util.concurrent.FutureTask.run(FutureTask.java:266)
	at java.lang.Thread.run(Thread.java:750)
01:03:41.145 [IPC Server handler 8 on default port 34317] ERROR OMAudit - user=runner | ip=127.0.0.1 | op=GET_FILE_STATUS {volume=volume-47606, bucket=bucket-57938, key=.Trash/runner, dataSize=0, replicationConfig=null} | ret=FAILURE
org.apache.hadoop.ozone.om.exceptions.OMException: Unable to get file status: volume: volume-47606 bucket: bucket-57938 key: .Trash/runner
	at org.apache.hadoop.ozone.om.KeyManagerImpl.getOzoneFileStatusFSO(KeyManagerImpl.java:1389) ~[ozone-manager-1.3.0-SNAPSHOT.jar:?]
	at org.apache.hadoop.ozone.om.KeyManagerImpl.getFileStatus(KeyManagerImpl.java:1252) ~[ozone-manager-1.3.0-SNAPSHOT.jar:?]
	at org.apache.hadoop.ozone.om.OzoneManager.getFileStatus(OzoneManager.java:3507) ~[ozone-manager-1.3.0-SNAPSHOT.jar:?]
	at org.apache.hadoop.ozone.protocolPB.OzoneManagerRequestHandler.getOzoneFileStatus(OzoneManagerRequestHandler.java:882) ~[ozone-manager-1.3.0-SNAPSHOT.jar:?]
	at org.apache.hadoop.ozone.protocolPB.OzoneManagerRequestHandler.handleReadRequest(OzoneManagerRequestHandler.java:228) ~[ozone-manager-1.3.0-SNAPSHOT.jar:?]
	at org.apache.hadoop.ozone.protocolPB.OzoneManagerProtocolServerSideTranslatorPB.submitReadRequestToOM(OzoneManagerProtocolServerSideTranslatorPB.java:226) ~[ozone-manager-1.3.0-SNAPSHOT.jar:?]
	at org.apache.hadoop.ozone.protocolPB.OzoneManagerProtocolServerSideTranslatorPB.processRequest(OzoneManagerProtocolServerSideTranslatorPB.java:175) ~[ozone-manager-1.3.0-SNAPSHOT.jar:?]
	at org.apache.hadoop.hdds.server.OzoneProtocolMessageDispatcher.processRequest(OzoneProtocolMessageDispatcher.java:87) [hdds-server-framework-1.3.0-SNAPSHOT.jar:?]
	at org.apache.hadoop.ozone.protocolPB.OzoneManagerProtocolServerSideTranslatorPB.submitRequest(OzoneManagerProtocolServerSideTranslatorPB.java:147) [ozone-manager-1.3.0-SNAPSHOT.jar:?]
	at org.apache.hadoop.ozone.protocol.proto.OzoneManagerProtocolProtos$OzoneManagerService$2.callBlockingMethod(OzoneManagerProtocolProtos.java) [ozone-interface-client-1.3.0-SNAPSHOT.jar:?]
	at org.apache.hadoop.ipc.ProtobufRpcEngine$Server.processCall(ProtobufRpcEngine.java:466) [hadoop-common-3.3.1.jar:?]
	at org.apache.hadoop.ipc.ProtobufRpcEngine2$Server$ProtoBufRpcInvoker.call(ProtobufRpcEngine2.java:574) [hadoop-common-3.3.1.jar:?]
	at org.apache.hadoop.ipc.ProtobufRpcEngine2$Server$ProtoBufRpcInvoker.call(ProtobufRpcEngine2.java:552) [hadoop-common-3.3.1.jar:?]
	at org.apache.hadoop.ipc.RPC$Server.call(RPC.java:1093) [hadoop-common-3.3.1.jar:?]
	at org.apache.hadoop.ipc.Server$RpcCall.run(Server.java:1035) [hadoop-common-3.3.1.jar:?]
	at org.apache.hadoop.ipc.Server$RpcCall.run(Server.java:963) [hadoop-common-3.3.1.jar:?]
	at java.security.AccessController.doPrivileged(Native Method) ~[?:1.8.0_345]
	at javax.security.auth.Subject.doAs(Subject.java:422) [?:1.8.0_345]
	at org.apache.hadoop.security.UserGroupInformation.doAs(UserGroupInformation.java:1878) [hadoop-common-3.3.1.jar:?]
	at org.apache.hadoop.ipc.Server$Handler.run(Server.java:2966) [hadoop-common-3.3.1.jar:?]
2022-10-06 01:03:41,145 [Time-limited test] WARN  ozone.BasicRootedOzoneFileSystem (BasicRootedOzoneFileSystem.java:getFileStatus(879)) - GetFileStatus failed for path /volume-47606/bucket-57938/.Trash/runner
java.io.FileNotFoundException: .Trash/runner: No such file or directory!
	at org.apache.hadoop.fs.ozone.BasicRootedOzoneClientAdapterImpl.getFileStatus(BasicRootedOzoneClientAdapterImpl.java:617)
	at org.apache.hadoop.fs.ozone.BasicRootedOzoneFileSystem.getFileStatus(BasicRootedOzoneFileSystem.java:869)
	at org.apache.hadoop.fs.FileSystem.exists(FileSystem.java:1760)
	at org.apache.hadoop.fs.ozone.BasicRootedOzoneFileSystem.exists(BasicRootedOzoneFileSystem.java:918)
	at org.apache.hadoop.fs.ozone.BasicRootedOzoneClientAdapterImpl.getTrashRoots(BasicRootedOzoneClientAdapterImpl.java:669)
	at org.apache.hadoop.fs.ozone.BasicRootedOzoneFileSystem.getTrashRoots(BasicRootedOzoneFileSystem.java:824)
	at org.apache.hadoop.fs.ozone.TestRootedOzoneFileSystem.testGetTrashRoots(TestRootedOzoneFileSystem.java:1500)
	at sun.reflect.NativeMethodAccessorImpl.invoke0(Native Method)
	at sun.reflect.NativeMethodAccessorImpl.invoke(NativeMethodAccessorImpl.java:62)
	at sun.reflect.DelegatingMethodAccessorImpl.invoke(DelegatingMethodAccessorImpl.java:43)
	at java.lang.reflect.Method.invoke(Method.java:498)
	at org.junit.runners.model.FrameworkMethod$1.runReflectiveCall(FrameworkMethod.java:59)
	at org.junit.internal.runners.model.ReflectiveCallable.run(ReflectiveCallable.java:12)
	at org.junit.runners.model.FrameworkMethod.invokeExplosively(FrameworkMethod.java:56)
	at org.junit.internal.runners.statements.InvokeMethod.evaluate(InvokeMethod.java:17)
	at org.junit.internal.runners.statements.RunBefores.evaluate(RunBefores.java:26)
	at org.junit.internal.runners.statements.RunAfters.evaluate(RunAfters.java:27)
	at org.junit.internal.runners.statements.FailOnTimeout$CallableStatement.call(FailOnTimeout.java:288)
	at org.junit.internal.runners.statements.FailOnTimeout$CallableStatement.call(FailOnTimeout.java:282)
	at java.util.concurrent.FutureTask.run(FutureTask.java:266)
	at java.lang.Thread.run(Thread.java:750)
01:03:41.159 [IPC Server handler 14 on default port 34317] ERROR OMAudit - user=runner | ip=127.0.0.1 | op=GET_FILE_STATUS {volume=volume-15061, bucket=bucket-75004, key=.Trash/runner, dataSize=0, replicationConfig=null} | ret=FAILURE
org.apache.hadoop.ozone.om.exceptions.OMException: Unable to get file status: volume: volume-15061 bucket: bucket-75004 key: .Trash/runner
	at org.apache.hadoop.ozone.om.KeyManagerImpl.getOzoneFileStatusFSO(KeyManagerImpl.java:1389) ~[ozone-manager-1.3.0-SNAPSHOT.jar:?]
	at org.apache.hadoop.ozone.om.KeyManagerImpl.getFileStatus(KeyManagerImpl.java:1252) ~[ozone-manager-1.3.0-SNAPSHOT.jar:?]
	at org.apache.hadoop.ozone.om.OzoneManager.getFileStatus(OzoneManager.java:3507) ~[ozone-manager-1.3.0-SNAPSHOT.jar:?]
	at org.apache.hadoop.ozone.protocolPB.OzoneManagerRequestHandler.getOzoneFileStatus(OzoneManagerRequestHandler.java:882) ~[ozone-manager-1.3.0-SNAPSHOT.jar:?]
	at org.apache.hadoop.ozone.protocolPB.OzoneManagerRequestHandler.handleReadRequest(OzoneManagerRequestHandler.java:228) ~[ozone-manager-1.3.0-SNAPSHOT.jar:?]
	at org.apache.hadoop.ozone.protocolPB.OzoneManagerProtocolServerSideTranslatorPB.submitReadRequestToOM(OzoneManagerProtocolServerSideTranslatorPB.java:226) ~[ozone-manager-1.3.0-SNAPSHOT.jar:?]
	at org.apache.hadoop.ozone.protocolPB.OzoneManagerProtocolServerSideTranslatorPB.processRequest(OzoneManagerProtocolServerSideTranslatorPB.java:175) ~[ozone-manager-1.3.0-SNAPSHOT.jar:?]
	at org.apache.hadoop.hdds.server.OzoneProtocolMessageDispatcher.processRequest(OzoneProtocolMessageDispatcher.java:87) [hdds-server-framework-1.3.0-SNAPSHOT.jar:?]
	at org.apache.hadoop.ozone.protocolPB.OzoneManagerProtocolServerSideTranslatorPB.submitRequest(OzoneManagerProtocolServerSideTranslatorPB.java:147) [ozone-manager-1.3.0-SNAPSHOT.jar:?]
	at org.apache.hadoop.ozone.protocol.proto.OzoneManagerProtocolProtos$OzoneManagerService$2.callBlockingMethod(OzoneManagerProtocolProtos.java) [ozone-interface-client-1.3.0-SNAPSHOT.jar:?]
	at org.apache.hadoop.ipc.ProtobufRpcEngine$Server.processCall(ProtobufRpcEngine.java:466) [hadoop-common-3.3.1.jar:?]
	at org.apache.hadoop.ipc.ProtobufRpcEngine2$Server$ProtoBufRpcInvoker.call(ProtobufRpcEngine2.java:574) [hadoop-common-3.3.1.jar:?]
	at org.apache.hadoop.ipc.ProtobufRpcEngine2$Server$ProtoBufRpcInvoker.call(ProtobufRpcEngine2.java:552) [hadoop-common-3.3.1.jar:?]
	at org.apache.hadoop.ipc.RPC$Server.call(RPC.java:1093) [hadoop-common-3.3.1.jar:?]
	at org.apache.hadoop.ipc.Server$RpcCall.run(Server.java:1035) [hadoop-common-3.3.1.jar:?]
	at org.apache.hadoop.ipc.Server$RpcCall.run(Server.java:963) [hadoop-common-3.3.1.jar:?]
	at java.security.AccessController.doPrivileged(Native Method) ~[?:1.8.0_345]
	at javax.security.auth.Subject.doAs(Subject.java:422) [?:1.8.0_345]
	at org.apache.hadoop.security.UserGroupInformation.doAs(UserGroupInformation.java:1878) [hadoop-common-3.3.1.jar:?]
	at org.apache.hadoop.ipc.Server$Handler.run(Server.java:2966) [hadoop-common-3.3.1.jar:?]
2022-10-06 01:03:41,161 [Time-limited test] WARN  ozone.BasicRootedOzoneFileSystem (BasicRootedOzoneFileSystem.java:getFileStatus(879)) - GetFileStatus failed for path /volume-15061/bucket-75004/.Trash/runner
java.io.FileNotFoundException: .Trash/runner: No such file or directory!
	at org.apache.hadoop.fs.ozone.BasicRootedOzoneClientAdapterImpl.getFileStatus(BasicRootedOzoneClientAdapterImpl.java:617)
	at org.apache.hadoop.fs.ozone.BasicRootedOzoneFileSystem.getFileStatus(BasicRootedOzoneFileSystem.java:869)
	at org.apache.hadoop.fs.FileSystem.exists(FileSystem.java:1760)
	at org.apache.hadoop.fs.ozone.BasicRootedOzoneFileSystem.exists(BasicRootedOzoneFileSystem.java:918)
	at org.apache.hadoop.fs.ozone.BasicRootedOzoneClientAdapterImpl.getTrashRoots(BasicRootedOzoneClientAdapterImpl.java:669)
	at org.apache.hadoop.fs.ozone.BasicRootedOzoneFileSystem.getTrashRoots(BasicRootedOzoneFileSystem.java:824)
	at org.apache.hadoop.fs.ozone.TestRootedOzoneFileSystem.testGetTrashRoots(TestRootedOzoneFileSystem.java:1500)
	at sun.reflect.NativeMethodAccessorImpl.invoke0(Native Method)
	at sun.reflect.NativeMethodAccessorImpl.invoke(NativeMethodAccessorImpl.java:62)
	at sun.reflect.DelegatingMethodAccessorImpl.invoke(DelegatingMethodAccessorImpl.java:43)
	at java.lang.reflect.Method.invoke(Method.java:498)
	at org.junit.runners.model.FrameworkMethod$1.runReflectiveCall(FrameworkMethod.java:59)
	at org.junit.internal.runners.model.ReflectiveCallable.run(ReflectiveCallable.java:12)
	at org.junit.runners.model.FrameworkMethod.invokeExplosively(FrameworkMethod.java:56)
	at org.junit.internal.runners.statements.InvokeMethod.evaluate(InvokeMethod.java:17)
	at org.junit.internal.runners.statements.RunBefores.evaluate(RunBefores.java:26)
	at org.junit.internal.runners.statements.RunAfters.evaluate(RunAfters.java:27)
	at org.junit.internal.runners.statements.FailOnTimeout$CallableStatement.call(FailOnTimeout.java:288)
	at org.junit.internal.runners.statements.FailOnTimeout$CallableStatement.call(FailOnTimeout.java:282)
	at java.util.concurrent.FutureTask.run(FutureTask.java:266)
	at java.lang.Thread.run(Thread.java:750)
01:03:41.163 [IPC Server handler 18 on default port 34317] ERROR OMAudit - user=runner | ip=127.0.0.1 | op=GET_FILE_STATUS {volume=volume-70220, bucket=bucket3, key=.Trash/runner, dataSize=0, replicationConfig=null} | ret=FAILURE
org.apache.hadoop.ozone.om.exceptions.OMException: Unable to get file status: volume: volume-70220 bucket: bucket3 key: .Trash/runner
	at org.apache.hadoop.ozone.om.KeyManagerImpl.getOzoneFileStatusFSO(KeyManagerImpl.java:1389) ~[ozone-manager-1.3.0-SNAPSHOT.jar:?]
	at org.apache.hadoop.ozone.om.KeyManagerImpl.getFileStatus(KeyManagerImpl.java:1252) ~[ozone-manager-1.3.0-SNAPSHOT.jar:?]
	at org.apache.hadoop.ozone.om.OzoneManager.getFileStatus(OzoneManager.java:3507) ~[ozone-manager-1.3.0-SNAPSHOT.jar:?]
	at org.apache.hadoop.ozone.protocolPB.OzoneManagerRequestHandler.getOzoneFileStatus(OzoneManagerRequestHandler.java:882) ~[ozone-manager-1.3.0-SNAPSHOT.jar:?]
	at org.apache.hadoop.ozone.protocolPB.OzoneManagerRequestHandler.handleReadRequest(OzoneManagerRequestHandler.java:228) ~[ozone-manager-1.3.0-SNAPSHOT.jar:?]
	at org.apache.hadoop.ozone.protocolPB.OzoneManagerProtocolServerSideTranslatorPB.submitReadRequestToOM(OzoneManagerProtocolServerSideTranslatorPB.java:226) ~[ozone-manager-1.3.0-SNAPSHOT.jar:?]
	at org.apache.hadoop.ozone.protocolPB.OzoneManagerProtocolServerSideTranslatorPB.processRequest(OzoneManagerProtocolServerSideTranslatorPB.java:175) ~[ozone-manager-1.3.0-SNAPSHOT.jar:?]
	at org.apache.hadoop.hdds.server.OzoneProtocolMessageDispatcher.processRequest(OzoneProtocolMessageDispatcher.java:87) [hdds-server-framework-1.3.0-SNAPSHOT.jar:?]
	at org.apache.hadoop.ozone.protocolPB.OzoneManagerProtocolServerSideTranslatorPB.submitRequest(OzoneManagerProtocolServerSideTranslatorPB.java:147) [ozone-manager-1.3.0-SNAPSHOT.jar:?]
	at org.apache.hadoop.ozone.protocol.proto.OzoneManagerProtocolProtos$OzoneManagerService$2.callBlockingMethod(OzoneManagerProtocolProtos.java) [ozone-interface-client-1.3.0-SNAPSHOT.jar:?]
	at org.apache.hadoop.ipc.ProtobufRpcEngine$Server.processCall(ProtobufRpcEngine.java:466) [hadoop-common-3.3.1.jar:?]
	at org.apache.hadoop.ipc.ProtobufRpcEngine2$Server$ProtoBufRpcInvoker.call(ProtobufRpcEngine2.java:574) [hadoop-common-3.3.1.jar:?]
	at org.apache.hadoop.ipc.ProtobufRpcEngine2$Server$ProtoBufRpcInvoker.call(ProtobufRpcEngine2.java:552) [hadoop-common-3.3.1.jar:?]
	at org.apache.hadoop.ipc.RPC$Server.call(RPC.java:1093) [hadoop-common-3.3.1.jar:?]
	at org.apache.hadoop.ipc.Server$RpcCall.run(Server.java:1035) [hadoop-common-3.3.1.jar:?]
	at org.apache.hadoop.ipc.Server$RpcCall.run(Server.java:963) [hadoop-common-3.3.1.jar:?]
	at java.security.AccessController.doPrivileged(Native Method) ~[?:1.8.0_345]
	at javax.security.auth.Subject.doAs(Subject.java:422) [?:1.8.0_345]
	at org.apache.hadoop.security.UserGroupInformation.doAs(UserGroupInformation.java:1878) [hadoop-common-3.3.1.jar:?]
	at org.apache.hadoop.ipc.Server$Handler.run(Server.java:2966) [hadoop-common-3.3.1.jar:?]
2022-10-06 01:03:41,164 [Time-limited test] WARN  ozone.BasicRootedOzoneFileSystem (BasicRootedOzoneFileSystem.java:getFileStatus(879)) - GetFileStatus failed for path /volume-70220/bucket3/.Trash/runner
java.io.FileNotFoundException: .Trash/runner: No such file or directory!
	at org.apache.hadoop.fs.ozone.BasicRootedOzoneClientAdapterImpl.getFileStatus(BasicRootedOzoneClientAdapterImpl.java:617)
	at org.apache.hadoop.fs.ozone.BasicRootedOzoneFileSystem.getFileStatus(BasicRootedOzoneFileSystem.java:869)
	at org.apache.hadoop.fs.FileSystem.exists(FileSystem.java:1760)
	at org.apache.hadoop.fs.ozone.BasicRootedOzoneFileSystem.exists(BasicRootedOzoneFileSystem.java:918)
	at org.apache.hadoop.fs.ozone.BasicRootedOzoneClientAdapterImpl.getTrashRoots(BasicRootedOzoneClientAdapterImpl.java:669)
	at org.apache.hadoop.fs.ozone.BasicRootedOzoneFileSystem.getTrashRoots(BasicRootedOzoneFileSystem.java:824)
	at org.apache.hadoop.fs.ozone.TestRootedOzoneFileSystem.testGetTrashRoots(TestRootedOzoneFileSystem.java:1500)
	at sun.reflect.NativeMethodAccessorImpl.invoke0(Native Method)
	at sun.reflect.NativeMethodAccessorImpl.invoke(NativeMethodAccessorImpl.java:62)
	at sun.reflect.DelegatingMethodAccessorImpl.invoke(DelegatingMethodAccessorImpl.java:43)
	at java.lang.reflect.Method.invoke(Method.java:498)
	at org.junit.runners.model.FrameworkMethod$1.runReflectiveCall(FrameworkMethod.java:59)
	at org.junit.internal.runners.model.ReflectiveCallable.run(ReflectiveCallable.java:12)
	at org.junit.runners.model.FrameworkMethod.invokeExplosively(FrameworkMethod.java:56)
	at org.junit.internal.runners.statements.InvokeMethod.evaluate(InvokeMethod.java:17)
	at org.junit.internal.runners.statements.RunBefores.evaluate(RunBefores.java:26)
	at org.junit.internal.runners.statements.RunAfters.evaluate(RunAfters.java:27)
	at org.junit.internal.runners.statements.FailOnTimeout$CallableStatement.call(FailOnTimeout.java:288)
	at org.junit.internal.runners.statements.FailOnTimeout$CallableStatement.call(FailOnTimeout.java:282)
	at java.util.concurrent.FutureTask.run(FutureTask.java:266)
	at java.lang.Thread.run(Thread.java:750)
01:03:41.168 [IPC Server handler 11 on default port 34317] ERROR OMAudit - user=runner | ip=127.0.0.1 | op=GET_FILE_STATUS {volume=41812c2c-f6d7-4f0f-be5c-cc1f0b07cd78, bucket=0df5328d-eeb1-4c32-87ea-33cd10a8a7f6, key=.Trash, dataSize=0, replicationConfig=null} | ret=FAILURE
org.apache.hadoop.ozone.om.exceptions.OMException: Unable to get file status: volume: 41812c2c-f6d7-4f0f-be5c-cc1f0b07cd78 bucket: 0df5328d-eeb1-4c32-87ea-33cd10a8a7f6 key: .Trash
	at org.apache.hadoop.ozone.om.KeyManagerImpl.getOzoneFileStatus(KeyManagerImpl.java:1324) ~[ozone-manager-1.3.0-SNAPSHOT.jar:?]
	at org.apache.hadoop.ozone.om.KeyManagerImpl.getFileStatus(KeyManagerImpl.java:1254) ~[ozone-manager-1.3.0-SNAPSHOT.jar:?]
	at org.apache.hadoop.ozone.om.OzoneManager.getFileStatus(OzoneManager.java:3507) ~[ozone-manager-1.3.0-SNAPSHOT.jar:?]
	at org.apache.hadoop.ozone.protocolPB.OzoneManagerRequestHandler.getOzoneFileStatus(OzoneManagerRequestHandler.java:882) ~[ozone-manager-1.3.0-SNAPSHOT.jar:?]
	at org.apache.hadoop.ozone.protocolPB.OzoneManagerRequestHandler.handleReadRequest(OzoneManagerRequestHandler.java:228) ~[ozone-manager-1.3.0-SNAPSHOT.jar:?]
	at org.apache.hadoop.ozone.protocolPB.OzoneManagerProtocolServerSideTranslatorPB.submitReadRequestToOM(OzoneManagerProtocolServerSideTranslatorPB.java:226) ~[ozone-manager-1.3.0-SNAPSHOT.jar:?]
	at org.apache.hadoop.ozone.protocolPB.OzoneManagerProtocolServerSideTranslatorPB.processRequest(OzoneManagerProtocolServerSideTranslatorPB.java:175) ~[ozone-manager-1.3.0-SNAPSHOT.jar:?]
	at org.apache.hadoop.hdds.server.OzoneProtocolMessageDispatcher.processRequest(OzoneProtocolMessageDispatcher.java:87) [hdds-server-framework-1.3.0-SNAPSHOT.jar:?]
	at org.apache.hadoop.ozone.protocolPB.OzoneManagerProtocolServerSideTranslatorPB.submitRequest(OzoneManagerProtocolServerSideTranslatorPB.java:147) [ozone-manager-1.3.0-SNAPSHOT.jar:?]
	at org.apache.hadoop.ozone.protocol.proto.OzoneManagerProtocolProtos$OzoneManagerService$2.callBlockingMethod(OzoneManagerProtocolProtos.java) [ozone-interface-client-1.3.0-SNAPSHOT.jar:?]
	at org.apache.hadoop.ipc.ProtobufRpcEngine$Server.processCall(ProtobufRpcEngine.java:466) [hadoop-common-3.3.1.jar:?]
	at org.apache.hadoop.ipc.ProtobufRpcEngine2$Server$ProtoBufRpcInvoker.call(ProtobufRpcEngine2.java:574) [hadoop-common-3.3.1.jar:?]
	at org.apache.hadoop.ipc.ProtobufRpcEngine2$Server$ProtoBufRpcInvoker.call(ProtobufRpcEngine2.java:552) [hadoop-common-3.3.1.jar:?]
	at org.apache.hadoop.ipc.RPC$Server.call(RPC.java:1093) [hadoop-common-3.3.1.jar:?]
	at org.apache.hadoop.ipc.Server$RpcCall.run(Server.java:1035) [hadoop-common-3.3.1.jar:?]
	at org.apache.hadoop.ipc.Server$RpcCall.run(Server.java:963) [hadoop-common-3.3.1.jar:?]
	at java.security.AccessController.doPrivileged(Native Method) ~[?:1.8.0_345]
	at javax.security.auth.Subject.doAs(Subject.java:422) [?:1.8.0_345]
	at org.apache.hadoop.security.UserGroupInformation.doAs(UserGroupInformation.java:1878) [hadoop-common-3.3.1.jar:?]
	at org.apache.hadoop.ipc.Server$Handler.run(Server.java:2966) [hadoop-common-3.3.1.jar:?]
2022-10-06 01:03:41,168 [Time-limited test] WARN  ozone.BasicRootedOzoneFileSystem (BasicRootedOzoneFileSystem.java:getFileStatus(879)) - GetFileStatus failed for path /41812c2c-f6d7-4f0f-be5c-cc1f0b07cd78/0df5328d-eeb1-4c32-87ea-33cd10a8a7f6/.Trash
java.io.FileNotFoundException: .Trash: No such file or directory!
	at org.apache.hadoop.fs.ozone.BasicRootedOzoneClientAdapterImpl.getFileStatus(BasicRootedOzoneClientAdapterImpl.java:617)
	at org.apache.hadoop.fs.ozone.BasicRootedOzoneFileSystem.getFileStatus(BasicRootedOzoneFileSystem.java:869)
	at org.apache.hadoop.fs.FileSystem.exists(FileSystem.java:1760)
	at org.apache.hadoop.fs.ozone.BasicRootedOzoneFileSystem.exists(BasicRootedOzoneFileSystem.java:918)
	at org.apache.hadoop.fs.ozone.BasicRootedOzoneClientAdapterImpl.getTrashRoots(BasicRootedOzoneClientAdapterImpl.java:660)
	at org.apache.hadoop.fs.ozone.BasicRootedOzoneFileSystem.getTrashRoots(BasicRootedOzoneFileSystem.java:824)
	at org.apache.hadoop.fs.ozone.TestRootedOzoneFileSystem.testGetTrashRoots(TestRootedOzoneFileSystem.java:1501)
	at sun.reflect.NativeMethodAccessorImpl.invoke0(Native Method)
	at sun.reflect.NativeMethodAccessorImpl.invoke(NativeMethodAccessorImpl.java:62)
	at sun.reflect.DelegatingMethodAccessorImpl.invoke(DelegatingMethodAccessorImpl.java:43)
	at java.lang.reflect.Method.invoke(Method.java:498)
	at org.junit.runners.model.FrameworkMethod$1.runReflectiveCall(FrameworkMethod.java:59)
	at org.junit.internal.runners.model.ReflectiveCallable.run(ReflectiveCallable.java:12)
	at org.junit.runners.model.FrameworkMethod.invokeExplosively(FrameworkMethod.java:56)
	at org.junit.internal.runners.statements.InvokeMethod.evaluate(InvokeMethod.java:17)
	at org.junit.internal.runners.statements.RunBefores.evaluate(RunBefores.java:26)
	at org.junit.internal.runners.statements.RunAfters.evaluate(RunAfters.java:27)
	at org.junit.internal.runners.statements.FailOnTimeout$CallableStatement.call(FailOnTimeout.java:288)
	at org.junit.internal.runners.statements.FailOnTimeout$CallableStatement.call(FailOnTimeout.java:282)
	at java.util.concurrent.FutureTask.run(FutureTask.java:266)
	at java.lang.Thread.run(Thread.java:750)
01:03:41.170 [IPC Server handler 1 on default port 34317] ERROR OMAudit - user=runner | ip=127.0.0.1 | op=GET_FILE_STATUS {volume=volume-15061, bucket=bucket-75004, key=.Trash, dataSize=0, replicationConfig=null} | ret=FAILURE
org.apache.hadoop.ozone.om.exceptions.OMException: Unable to get file status: volume: volume-15061 bucket: bucket-75004 key: .Trash
	at org.apache.hadoop.ozone.om.KeyManagerImpl.getOzoneFileStatusFSO(KeyManagerImpl.java:1389) ~[ozone-manager-1.3.0-SNAPSHOT.jar:?]
	at org.apache.hadoop.ozone.om.KeyManagerImpl.getFileStatus(KeyManagerImpl.java:1252) ~[ozone-manager-1.3.0-SNAPSHOT.jar:?]
	at org.apache.hadoop.ozone.om.OzoneManager.getFileStatus(OzoneManager.java:3507) ~[ozone-manager-1.3.0-SNAPSHOT.jar:?]
	at org.apache.hadoop.ozone.protocolPB.OzoneManagerRequestHandler.getOzoneFileStatus(OzoneManagerRequestHandler.java:882) ~[ozone-manager-1.3.0-SNAPSHOT.jar:?]
	at org.apache.hadoop.ozone.protocolPB.OzoneManagerRequestHandler.handleReadRequest(OzoneManagerRequestHandler.java:228) ~[ozone-manager-1.3.0-SNAPSHOT.jar:?]
	at org.apache.hadoop.ozone.protocolPB.OzoneManagerProtocolServerSideTranslatorPB.submitReadRequestToOM(OzoneManagerProtocolServerSideTranslatorPB.java:226) ~[ozone-manager-1.3.0-SNAPSHOT.jar:?]
	at org.apache.hadoop.ozone.protocolPB.OzoneManagerProtocolServerSideTranslatorPB.processRequest(OzoneManagerProtocolServerSideTranslatorPB.java:175) ~[ozone-manager-1.3.0-SNAPSHOT.jar:?]
	at org.apache.hadoop.hdds.server.OzoneProtocolMessageDispatcher.processRequest(OzoneProtocolMessageDispatcher.java:87) [hdds-server-framework-1.3.0-SNAPSHOT.jar:?]
	at org.apache.hadoop.ozone.protocolPB.OzoneManagerProtocolServerSideTranslatorPB.submitRequest(OzoneManagerProtocolServerSideTranslatorPB.java:147) [ozone-manager-1.3.0-SNAPSHOT.jar:?]
	at org.apache.hadoop.ozone.protocol.proto.OzoneManagerProtocolProtos$OzoneManagerService$2.callBlockingMethod(OzoneManagerProtocolProtos.java) [ozone-interface-client-1.3.0-SNAPSHOT.jar:?]
	at org.apache.hadoop.ipc.ProtobufRpcEngine$Server.processCall(ProtobufRpcEngine.java:466) [hadoop-common-3.3.1.jar:?]
	at org.apache.hadoop.ipc.ProtobufRpcEngine2$Server$ProtoBufRpcInvoker.call(ProtobufRpcEngine2.java:574) [hadoop-common-3.3.1.jar:?]
	at org.apache.hadoop.ipc.ProtobufRpcEngine2$Server$ProtoBufRpcInvoker.call(ProtobufRpcEngine2.java:552) [hadoop-common-3.3.1.jar:?]
	at org.apache.hadoop.ipc.RPC$Server.call(RPC.java:1093) [hadoop-common-3.3.1.jar:?]
	at org.apache.hadoop.ipc.Server$RpcCall.run(Server.java:1035) [hadoop-common-3.3.1.jar:?]
	at org.apache.hadoop.ipc.Server$RpcCall.run(Server.java:963) [hadoop-common-3.3.1.jar:?]
	at java.security.AccessController.doPrivileged(Native Method) ~[?:1.8.0_345]
	at javax.security.auth.Subject.doAs(Subject.java:422) [?:1.8.0_345]
	at org.apache.hadoop.security.UserGroupInformation.doAs(UserGroupInformation.java:1878) [hadoop-common-3.3.1.jar:?]
	at org.apache.hadoop.ipc.Server$Handler.run(Server.java:2966) [hadoop-common-3.3.1.jar:?]
2022-10-06 01:03:41,171 [Time-limited test] WARN  ozone.BasicRootedOzoneFileSystem (BasicRootedOzoneFileSystem.java:getFileStatus(879)) - GetFileStatus failed for path /volume-15061/bucket-75004/.Trash
java.io.FileNotFoundException: .Trash: No such file or directory!
	at org.apache.hadoop.fs.ozone.BasicRootedOzoneClientAdapterImpl.getFileStatus(BasicRootedOzoneClientAdapterImpl.java:617)
	at org.apache.hadoop.fs.ozone.BasicRootedOzoneFileSystem.getFileStatus(BasicRootedOzoneFileSystem.java:869)
	at org.apache.hadoop.fs.FileSystem.exists(FileSystem.java:1760)
	at org.apache.hadoop.fs.ozone.BasicRootedOzoneFileSystem.exists(BasicRootedOzoneFileSystem.java:918)
	at org.apache.hadoop.fs.ozone.BasicRootedOzoneClientAdapterImpl.getTrashRoots(BasicRootedOzoneClientAdapterImpl.java:660)
	at org.apache.hadoop.fs.ozone.BasicRootedOzoneFileSystem.getTrashRoots(BasicRootedOzoneFileSystem.java:824)
	at org.apache.hadoop.fs.ozone.TestRootedOzoneFileSystem.testGetTrashRoots(TestRootedOzoneFileSystem.java:1501)
	at sun.reflect.NativeMethodAccessorImpl.invoke0(Native Method)
	at sun.reflect.NativeMethodAccessorImpl.invoke(NativeMethodAccessorImpl.java:62)
	at sun.reflect.DelegatingMethodAccessorImpl.invoke(DelegatingMethodAccessorImpl.java:43)
	at java.lang.reflect.Method.invoke(Method.java:498)
	at org.junit.runners.model.FrameworkMethod$1.runReflectiveCall(FrameworkMethod.java:59)
	at org.junit.internal.runners.model.ReflectiveCallable.run(ReflectiveCallable.java:12)
	at org.junit.runners.model.FrameworkMethod.invokeExplosively(FrameworkMethod.java:56)
	at org.junit.internal.runners.statements.InvokeMethod.evaluate(InvokeMethod.java:17)
	at org.junit.internal.runners.statements.RunBefores.evaluate(RunBefores.java:26)
	at org.junit.internal.runners.statements.RunAfters.evaluate(RunAfters.java:27)
	at org.junit.internal.runners.statements.FailOnTimeout$CallableStatement.call(FailOnTimeout.java:288)
	at org.junit.internal.runners.statements.FailOnTimeout$CallableStatement.call(FailOnTimeout.java:282)
	at java.util.concurrent.FutureTask.run(FutureTask.java:266)
	at java.lang.Thread.run(Thread.java:750)
01:03:41.173 [IPC Server handler 16 on default port 34317] ERROR OMAudit - user=runner | ip=127.0.0.1 | op=GET_FILE_STATUS {volume=volume-47606, bucket=bucket-57938, key=.Trash, dataSize=0, replicationConfig=null} | ret=FAILURE
org.apache.hadoop.ozone.om.exceptions.OMException: Unable to get file status: volume: volume-47606 bucket: bucket-57938 key: .Trash
	at org.apache.hadoop.ozone.om.KeyManagerImpl.getOzoneFileStatusFSO(KeyManagerImpl.java:1389) ~[ozone-manager-1.3.0-SNAPSHOT.jar:?]
	at org.apache.hadoop.ozone.om.KeyManagerImpl.getFileStatus(KeyManagerImpl.java:1252) ~[ozone-manager-1.3.0-SNAPSHOT.jar:?]
	at org.apache.hadoop.ozone.om.OzoneManager.getFileStatus(OzoneManager.java:3507) ~[ozone-manager-1.3.0-SNAPSHOT.jar:?]
	at org.apache.hadoop.ozone.protocolPB.OzoneManagerRequestHandler.getOzoneFileStatus(OzoneManagerRequestHandler.java:882) ~[ozone-manager-1.3.0-SNAPSHOT.jar:?]
	at org.apache.hadoop.ozone.protocolPB.OzoneManagerRequestHandler.handleReadRequest(OzoneManagerRequestHandler.java:228) ~[ozone-manager-1.3.0-SNAPSHOT.jar:?]
	at org.apache.hadoop.ozone.protocolPB.OzoneManagerProtocolServerSideTranslatorPB.submitReadRequestToOM(OzoneManagerProtocolServerSideTranslatorPB.java:226) ~[ozone-manager-1.3.0-SNAPSHOT.jar:?]
	at org.apache.hadoop.ozone.protocolPB.OzoneManagerProtocolServerSideTranslatorPB.processRequest(OzoneManagerProtocolServerSideTranslatorPB.java:175) ~[ozone-manager-1.3.0-SNAPSHOT.jar:?]
	at org.apache.hadoop.hdds.server.OzoneProtocolMessageDispatcher.processRequest(OzoneProtocolMessageDispatcher.java:87) [hdds-server-framework-1.3.0-SNAPSHOT.jar:?]
	at org.apache.hadoop.ozone.protocolPB.OzoneManagerProtocolServerSideTranslatorPB.submitRequest(OzoneManagerProtocolServerSideTranslatorPB.java:147) [ozone-manager-1.3.0-SNAPSHOT.jar:?]
	at org.apache.hadoop.ozone.protocol.proto.OzoneManagerProtocolProtos$OzoneManagerService$2.callBlockingMethod(OzoneManagerProtocolProtos.java) [ozone-interface-client-1.3.0-SNAPSHOT.jar:?]
	at org.apache.hadoop.ipc.ProtobufRpcEngine$Server.processCall(ProtobufRpcEngine.java:466) [hadoop-common-3.3.1.jar:?]
	at org.apache.hadoop.ipc.ProtobufRpcEngine2$Server$ProtoBufRpcInvoker.call(ProtobufRpcEngine2.java:574) [hadoop-common-3.3.1.jar:?]
	at org.apache.hadoop.ipc.ProtobufRpcEngine2$Server$ProtoBufRpcInvoker.call(ProtobufRpcEngine2.java:552) [hadoop-common-3.3.1.jar:?]
	at org.apache.hadoop.ipc.RPC$Server.call(RPC.java:1093) [hadoop-common-3.3.1.jar:?]
	at org.apache.hadoop.ipc.Server$RpcCall.run(Server.java:1035) [hadoop-common-3.3.1.jar:?]
	at org.apache.hadoop.ipc.Server$RpcCall.run(Server.java:963) [hadoop-common-3.3.1.jar:?]
	at java.security.AccessController.doPrivileged(Native Method) ~[?:1.8.0_345]
	at javax.security.auth.Subject.doAs(Subject.java:422) [?:1.8.0_345]
	at org.apache.hadoop.security.UserGroupInformation.doAs(UserGroupInformation.java:1878) [hadoop-common-3.3.1.jar:?]
	at org.apache.hadoop.ipc.Server$Handler.run(Server.java:2966) [hadoop-common-3.3.1.jar:?]
2022-10-06 01:03:41,174 [Time-limited test] WARN  ozone.BasicRootedOzoneFileSystem (BasicRootedOzoneFileSystem.java:getFileStatus(879)) - GetFileStatus failed for path /volume-47606/bucket-57938/.Trash
java.io.FileNotFoundException: .Trash: No such file or directory!
	at org.apache.hadoop.fs.ozone.BasicRootedOzoneClientAdapterImpl.getFileStatus(BasicRootedOzoneClientAdapterImpl.java:617)
	at org.apache.hadoop.fs.ozone.BasicRootedOzoneFileSystem.getFileStatus(BasicRootedOzoneFileSystem.java:869)
	at org.apache.hadoop.fs.FileSystem.exists(FileSystem.java:1760)
	at org.apache.hadoop.fs.ozone.BasicRootedOzoneFileSystem.exists(BasicRootedOzoneFileSystem.java:918)
	at org.apache.hadoop.fs.ozone.BasicRootedOzoneClientAdapterImpl.getTrashRoots(BasicRootedOzoneClientAdapterImpl.java:660)
	at org.apache.hadoop.fs.ozone.BasicRootedOzoneFileSystem.getTrashRoots(BasicRootedOzoneFileSystem.java:824)
	at org.apache.hadoop.fs.ozone.TestRootedOzoneFileSystem.testGetTrashRoots(TestRootedOzoneFileSystem.java:1501)
	at sun.reflect.NativeMethodAccessorImpl.invoke0(Native Method)
	at sun.reflect.NativeMethodAccessorImpl.invoke(NativeMethodAccessorImpl.java:62)
	at sun.reflect.DelegatingMethodAccessorImpl.invoke(DelegatingMethodAccessorImpl.java:43)
	at java.lang.reflect.Method.invoke(Method.java:498)
	at org.junit.runners.model.FrameworkMethod$1.runReflectiveCall(FrameworkMethod.java:59)
	at org.junit.internal.runners.model.ReflectiveCallable.run(ReflectiveCallable.java:12)
	at org.junit.runners.model.FrameworkMethod.invokeExplosively(FrameworkMethod.java:56)
	at org.junit.internal.runners.statements.InvokeMethod.evaluate(InvokeMethod.java:17)
	at org.junit.internal.runners.statements.RunBefores.evaluate(RunBefores.java:26)
	at org.junit.internal.runners.statements.RunAfters.evaluate(RunAfters.java:27)
	at org.junit.internal.runners.statements.FailOnTimeout$CallableStatement.call(FailOnTimeout.java:288)
	at org.junit.internal.runners.statements.FailOnTimeout$CallableStatement.call(FailOnTimeout.java:282)
	at java.util.concurrent.FutureTask.run(FutureTask.java:266)
	at java.lang.Thread.run(Thread.java:750)
01:03:41.176 [IPC Server handler 17 on default port 34317] ERROR OMAudit - user=runner | ip=127.0.0.1 | op=GET_FILE_STATUS {volume=volume-70220, bucket=bucket3, key=.Trash, dataSize=0, replicationConfig=null} | ret=FAILURE
org.apache.hadoop.ozone.om.exceptions.OMException: Unable to get file status: volume: volume-70220 bucket: bucket3 key: .Trash
	at org.apache.hadoop.ozone.om.KeyManagerImpl.getOzoneFileStatusFSO(KeyManagerImpl.java:1389) ~[ozone-manager-1.3.0-SNAPSHOT.jar:?]
	at org.apache.hadoop.ozone.om.KeyManagerImpl.getFileStatus(KeyManagerImpl.java:1252) ~[ozone-manager-1.3.0-SNAPSHOT.jar:?]
	at org.apache.hadoop.ozone.om.OzoneManager.getFileStatus(OzoneManager.java:3507) ~[ozone-manager-1.3.0-SNAPSHOT.jar:?]
	at org.apache.hadoop.ozone.protocolPB.OzoneManagerRequestHandler.getOzoneFileStatus(OzoneManagerRequestHandler.java:882) ~[ozone-manager-1.3.0-SNAPSHOT.jar:?]
	at org.apache.hadoop.ozone.protocolPB.OzoneManagerRequestHandler.handleReadRequest(OzoneManagerRequestHandler.java:228) ~[ozone-manager-1.3.0-SNAPSHOT.jar:?]
	at org.apache.hadoop.ozone.protocolPB.OzoneManagerProtocolServerSideTranslatorPB.submitReadRequestToOM(OzoneManagerProtocolServerSideTranslatorPB.java:226) ~[ozone-manager-1.3.0-SNAPSHOT.jar:?]
	at org.apache.hadoop.ozone.protocolPB.OzoneManagerProtocolServerSideTranslatorPB.processRequest(OzoneManagerProtocolServerSideTranslatorPB.java:175) ~[ozone-manager-1.3.0-SNAPSHOT.jar:?]
	at org.apache.hadoop.hdds.server.OzoneProtocolMessageDispatcher.processRequest(OzoneProtocolMessageDispatcher.java:87) [hdds-server-framework-1.3.0-SNAPSHOT.jar:?]
	at org.apache.hadoop.ozone.protocolPB.OzoneManagerProtocolServerSideTranslatorPB.submitRequest(OzoneManagerProtocolServerSideTranslatorPB.java:147) [ozone-manager-1.3.0-SNAPSHOT.jar:?]
	at org.apache.hadoop.ozone.protocol.proto.OzoneManagerProtocolProtos$OzoneManagerService$2.callBlockingMethod(OzoneManagerProtocolProtos.java) [ozone-interface-client-1.3.0-SNAPSHOT.jar:?]
	at org.apache.hadoop.ipc.ProtobufRpcEngine$Server.processCall(ProtobufRpcEngine.java:466) [hadoop-common-3.3.1.jar:?]
	at org.apache.hadoop.ipc.ProtobufRpcEngine2$Server$ProtoBufRpcInvoker.call(ProtobufRpcEngine2.java:574) [hadoop-common-3.3.1.jar:?]
	at org.apache.hadoop.ipc.ProtobufRpcEngine2$Server$ProtoBufRpcInvoker.call(ProtobufRpcEngine2.java:552) [hadoop-common-3.3.1.jar:?]
	at org.apache.hadoop.ipc.RPC$Server.call(RPC.java:1093) [hadoop-common-3.3.1.jar:?]
	at org.apache.hadoop.ipc.Server$RpcCall.run(Server.java:1035) [hadoop-common-3.3.1.jar:?]
	at org.apache.hadoop.ipc.Server$RpcCall.run(Server.java:963) [hadoop-common-3.3.1.jar:?]
	at java.security.AccessController.doPrivileged(Native Method) ~[?:1.8.0_345]
	at javax.security.auth.Subject.doAs(Subject.java:422) [?:1.8.0_345]
	at org.apache.hadoop.security.UserGroupInformation.doAs(UserGroupInformation.java:1878) [hadoop-common-3.3.1.jar:?]
	at org.apache.hadoop.ipc.Server$Handler.run(Server.java:2966) [hadoop-common-3.3.1.jar:?]
2022-10-06 01:03:41,176 [Time-limited test] WARN  ozone.BasicRootedOzoneFileSystem (BasicRootedOzoneFileSystem.java:getFileStatus(879)) - GetFileStatus failed for path /volume-70220/bucket3/.Trash
java.io.FileNotFoundException: .Trash: No such file or directory!
	at org.apache.hadoop.fs.ozone.BasicRootedOzoneClientAdapterImpl.getFileStatus(BasicRootedOzoneClientAdapterImpl.java:617)
	at org.apache.hadoop.fs.ozone.BasicRootedOzoneFileSystem.getFileStatus(BasicRootedOzoneFileSystem.java:869)
	at org.apache.hadoop.fs.FileSystem.exists(FileSystem.java:1760)
	at org.apache.hadoop.fs.ozone.BasicRootedOzoneFileSystem.exists(BasicRootedOzoneFileSystem.java:918)
	at org.apache.hadoop.fs.ozone.BasicRootedOzoneClientAdapterImpl.getTrashRoots(BasicRootedOzoneClientAdapterImpl.java:660)
	at org.apache.hadoop.fs.ozone.BasicRootedOzoneFileSystem.getTrashRoots(BasicRootedOzoneFileSystem.java:824)
	at org.apache.hadoop.fs.ozone.TestRootedOzoneFileSystem.testGetTrashRoots(TestRootedOzoneFileSystem.java:1501)
	at sun.reflect.NativeMethodAccessorImpl.invoke0(Native Method)
	at sun.reflect.NativeMethodAccessorImpl.invoke(NativeMethodAccessorImpl.java:62)
	at sun.reflect.DelegatingMethodAccessorImpl.invoke(DelegatingMethodAccessorImpl.java:43)
	at java.lang.reflect.Method.invoke(Method.java:498)
	at org.junit.runners.model.FrameworkMethod$1.runReflectiveCall(FrameworkMethod.java:59)
	at org.junit.internal.runners.model.ReflectiveCallable.run(ReflectiveCallable.java:12)
	at org.junit.runners.model.FrameworkMethod.invokeExplosively(FrameworkMethod.java:56)
	at org.junit.internal.runners.statements.InvokeMethod.evaluate(InvokeMethod.java:17)
	at org.junit.internal.runners.statements.RunBefores.evaluate(RunBefores.java:26)
	at org.junit.internal.runners.statements.RunAfters.evaluate(RunAfters.java:27)
	at org.junit.internal.runners.statements.FailOnTimeout$CallableStatement.call(FailOnTimeout.java:288)
	at org.junit.internal.runners.statements.FailOnTimeout$CallableStatement.call(FailOnTimeout.java:282)
	at java.util.concurrent.FutureTask.run(FutureTask.java:266)
	at java.lang.Thread.run(Thread.java:750)
01:03:41.196 [IPC Server handler 14 on default port 34317] ERROR OMAudit - user=runner | ip=127.0.0.1 | op=GET_FILE_STATUS {volume=volume-47606, bucket=bucket-57938, key=.Trash/runner, dataSize=0, replicationConfig=null} | ret=FAILURE
org.apache.hadoop.ozone.om.exceptions.OMException: Unable to get file status: volume: volume-47606 bucket: bucket-57938 key: .Trash/runner
	at org.apache.hadoop.ozone.om.KeyManagerImpl.getOzoneFileStatusFSO(KeyManagerImpl.java:1389) ~[ozone-manager-1.3.0-SNAPSHOT.jar:?]
	at org.apache.hadoop.ozone.om.KeyManagerImpl.getFileStatus(KeyManagerImpl.java:1252) ~[ozone-manager-1.3.0-SNAPSHOT.jar:?]
	at org.apache.hadoop.ozone.om.OzoneManager.getFileStatus(OzoneManager.java:3507) ~[ozone-manager-1.3.0-SNAPSHOT.jar:?]
	at org.apache.hadoop.ozone.protocolPB.OzoneManagerRequestHandler.getOzoneFileStatus(OzoneManagerRequestHandler.java:882) ~[ozone-manager-1.3.0-SNAPSHOT.jar:?]
	at org.apache.hadoop.ozone.protocolPB.OzoneManagerRequestHandler.handleReadRequest(OzoneManagerRequestHandler.java:228) ~[ozone-manager-1.3.0-SNAPSHOT.jar:?]
	at org.apache.hadoop.ozone.protocolPB.OzoneManagerProtocolServerSideTranslatorPB.submitReadRequestToOM(OzoneManagerProtocolServerSideTranslatorPB.java:226) ~[ozone-manager-1.3.0-SNAPSHOT.jar:?]
	at org.apache.hadoop.ozone.protocolPB.OzoneManagerProtocolServerSideTranslatorPB.processRequest(OzoneManagerProtocolServerSideTranslatorPB.java:175) ~[ozone-manager-1.3.0-SNAPSHOT.jar:?]
	at org.apache.hadoop.hdds.server.OzoneProtocolMessageDispatcher.processRequest(OzoneProtocolMessageDispatcher.java:87) [hdds-server-framework-1.3.0-SNAPSHOT.jar:?]
	at org.apache.hadoop.ozone.protocolPB.OzoneManagerProtocolServerSideTranslatorPB.submitRequest(OzoneManagerProtocolServerSideTranslatorPB.java:147) [ozone-manager-1.3.0-SNAPSHOT.jar:?]
	at org.apache.hadoop.ozone.protocol.proto.OzoneManagerProtocolProtos$OzoneManagerService$2.callBlockingMethod(OzoneManagerProtocolProtos.java) [ozone-interface-client-1.3.0-SNAPSHOT.jar:?]
	at org.apache.hadoop.ipc.ProtobufRpcEngine$Server.processCall(ProtobufRpcEngine.java:466) [hadoop-common-3.3.1.jar:?]
	at org.apache.hadoop.ipc.ProtobufRpcEngine2$Server$ProtoBufRpcInvoker.call(ProtobufRpcEngine2.java:574) [hadoop-common-3.3.1.jar:?]
	at org.apache.hadoop.ipc.ProtobufRpcEngine2$Server$ProtoBufRpcInvoker.call(ProtobufRpcEngine2.java:552) [hadoop-common-3.3.1.jar:?]
	at org.apache.hadoop.ipc.RPC$Server.call(RPC.java:1093) [hadoop-common-3.3.1.jar:?]
	at org.apache.hadoop.ipc.Server$RpcCall.run(Server.java:1035) [hadoop-common-3.3.1.jar:?]
	at org.apache.hadoop.ipc.Server$RpcCall.run(Server.java:963) [hadoop-common-3.3.1.jar:?]
	at java.security.AccessController.doPrivileged(Native Method) ~[?:1.8.0_345]
	at javax.security.auth.Subject.doAs(Subject.java:422) [?:1.8.0_345]
	at org.apache.hadoop.security.UserGroupInformation.doAs(UserGroupInformation.java:1878) [hadoop-common-3.3.1.jar:?]
	at org.apache.hadoop.ipc.Server$Handler.run(Server.java:2966) [hadoop-common-3.3.1.jar:?]
2022-10-06 01:03:41,197 [Time-limited test] WARN  ozone.BasicRootedOzoneFileSystem (BasicRootedOzoneFileSystem.java:getFileStatus(879)) - GetFileStatus failed for path /volume-47606/bucket-57938/.Trash/runner
java.io.FileNotFoundException: .Trash/runner: No such file or directory!
	at org.apache.hadoop.fs.ozone.BasicRootedOzoneClientAdapterImpl.getFileStatus(BasicRootedOzoneClientAdapterImpl.java:617)
	at org.apache.hadoop.fs.ozone.BasicRootedOzoneFileSystem.getFileStatus(BasicRootedOzoneFileSystem.java:869)
	at org.apache.hadoop.fs.FileSystem.exists(FileSystem.java:1760)
	at org.apache.hadoop.fs.ozone.BasicRootedOzoneFileSystem.exists(BasicRootedOzoneFileSystem.java:918)
	at org.apache.hadoop.fs.ozone.BasicRootedOzoneClientAdapterImpl.getTrashRoots(BasicRootedOzoneClientAdapterImpl.java:669)
	at org.apache.hadoop.fs.ozone.BasicRootedOzoneFileSystem.getTrashRoots(BasicRootedOzoneFileSystem.java:824)
	at org.apache.hadoop.fs.ozone.TestRootedOzoneFileSystem.testGetTrashRoots(TestRootedOzoneFileSystem.java:1505)
	at sun.reflect.NativeMethodAccessorImpl.invoke0(Native Method)
	at sun.reflect.NativeMethodAccessorImpl.invoke(NativeMethodAccessorImpl.java:62)
	at sun.reflect.DelegatingMethodAccessorImpl.invoke(DelegatingMethodAccessorImpl.java:43)
	at java.lang.reflect.Method.invoke(Method.java:498)
	at org.junit.runners.model.FrameworkMethod$1.runReflectiveCall(FrameworkMethod.java:59)
	at org.junit.internal.runners.model.ReflectiveCallable.run(ReflectiveCallable.java:12)
	at org.junit.runners.model.FrameworkMethod.invokeExplosively(FrameworkMethod.java:56)
	at org.junit.internal.runners.statements.InvokeMethod.evaluate(InvokeMethod.java:17)
	at org.junit.internal.runners.statements.RunBefores.evaluate(RunBefores.java:26)
	at org.junit.internal.runners.statements.RunAfters.evaluate(RunAfters.java:27)
	at org.junit.internal.runners.statements.FailOnTimeout$CallableStatement.call(FailOnTimeout.java:288)
	at org.junit.internal.runners.statements.FailOnTimeout$CallableStatement.call(FailOnTimeout.java:282)
	at java.util.concurrent.FutureTask.run(FutureTask.java:266)
	at java.lang.Thread.run(Thread.java:750)
01:03:41.199 [IPC Server handler 18 on default port 34317] ERROR OMAudit - user=runner | ip=127.0.0.1 | op=GET_FILE_STATUS {volume=volume08061, bucket=bucket32681, key=.Trash/runner, dataSize=0, replicationConfig=null} | ret=FAILURE
org.apache.hadoop.ozone.om.exceptions.OMException: Unable to get file status: volume: volume08061 bucket: bucket32681 key: .Trash/runner
	at org.apache.hadoop.ozone.om.KeyManagerImpl.getOzoneFileStatusFSO(KeyManagerImpl.java:1389) ~[ozone-manager-1.3.0-SNAPSHOT.jar:?]
	at org.apache.hadoop.ozone.om.KeyManagerImpl.getFileStatus(KeyManagerImpl.java:1252) ~[ozone-manager-1.3.0-SNAPSHOT.jar:?]
	at org.apache.hadoop.ozone.om.OzoneManager.getFileStatus(OzoneManager.java:3507) ~[ozone-manager-1.3.0-SNAPSHOT.jar:?]
	at org.apache.hadoop.ozone.protocolPB.OzoneManagerRequestHandler.getOzoneFileStatus(OzoneManagerRequestHandler.java:882) ~[ozone-manager-1.3.0-SNAPSHOT.jar:?]
	at org.apache.hadoop.ozone.protocolPB.OzoneManagerRequestHandler.handleReadRequest(OzoneManagerRequestHandler.java:228) ~[ozone-manager-1.3.0-SNAPSHOT.jar:?]
	at org.apache.hadoop.ozone.protocolPB.OzoneManagerProtocolServerSideTranslatorPB.submitReadRequestToOM(OzoneManagerProtocolServerSideTranslatorPB.java:226) ~[ozone-manager-1.3.0-SNAPSHOT.jar:?]
	at org.apache.hadoop.ozone.protocolPB.OzoneManagerProtocolServerSideTranslatorPB.processRequest(OzoneManagerProtocolServerSideTranslatorPB.java:175) ~[ozone-manager-1.3.0-SNAPSHOT.jar:?]
	at org.apache.hadoop.hdds.server.OzoneProtocolMessageDispatcher.processRequest(OzoneProtocolMessageDispatcher.java:87) [hdds-server-framework-1.3.0-SNAPSHOT.jar:?]
	at org.apache.hadoop.ozone.protocolPB.OzoneManagerProtocolServerSideTranslatorPB.submitRequest(OzoneManagerProtocolServerSideTranslatorPB.java:147) [ozone-manager-1.3.0-SNAPSHOT.jar:?]
	at org.apache.hadoop.ozone.protocol.proto.OzoneManagerProtocolProtos$OzoneManagerService$2.callBlockingMethod(OzoneManagerProtocolProtos.java) [ozone-interface-client-1.3.0-SNAPSHOT.jar:?]
	at org.apache.hadoop.ipc.ProtobufRpcEngine$Server.processCall(ProtobufRpcEngine.java:466) [hadoop-common-3.3.1.jar:?]
	at org.apache.hadoop.ipc.ProtobufRpcEngine2$Server$ProtoBufRpcInvoker.call(ProtobufRpcEngine2.java:574) [hadoop-common-3.3.1.jar:?]
	at org.apache.hadoop.ipc.ProtobufRpcEngine2$Server$ProtoBufRpcInvoker.call(ProtobufRpcEngine2.java:552) [hadoop-common-3.3.1.jar:?]
	at org.apache.hadoop.ipc.RPC$Server.call(RPC.java:1093) [hadoop-common-3.3.1.jar:?]
	at org.apache.hadoop.ipc.Server$RpcCall.run(Server.java:1035) [hadoop-common-3.3.1.jar:?]
	at org.apache.hadoop.ipc.Server$RpcCall.run(Server.java:963) [hadoop-common-3.3.1.jar:?]
	at java.security.AccessController.doPrivileged(Native Method) ~[?:1.8.0_345]
	at javax.security.auth.Subject.doAs(Subject.java:422) [?:1.8.0_345]
	at org.apache.hadoop.security.UserGroupInformation.doAs(UserGroupInformation.java:1878) [hadoop-common-3.3.1.jar:?]
	at org.apache.hadoop.ipc.Server$Handler.run(Server.java:2966) [hadoop-common-3.3.1.jar:?]
2022-10-06 01:03:41,199 [Time-limited test] WARN  ozone.BasicRootedOzoneFileSystem (BasicRootedOzoneFileSystem.java:getFileStatus(879)) - GetFileStatus failed for path /volume08061/bucket32681/.Trash/runner
java.io.FileNotFoundException: .Trash/runner: No such file or directory!
	at org.apache.hadoop.fs.ozone.BasicRootedOzoneClientAdapterImpl.getFileStatus(BasicRootedOzoneClientAdapterImpl.java:617)
	at org.apache.hadoop.fs.ozone.BasicRootedOzoneFileSystem.getFileStatus(BasicRootedOzoneFileSystem.java:869)
	at org.apache.hadoop.fs.FileSystem.exists(FileSystem.java:1760)
	at org.apache.hadoop.fs.ozone.BasicRootedOzoneFileSystem.exists(BasicRootedOzoneFileSystem.java:918)
	at org.apache.hadoop.fs.ozone.BasicRootedOzoneClientAdapterImpl.getTrashRoots(BasicRootedOzoneClientAdapterImpl.java:669)
	at org.apache.hadoop.fs.ozone.BasicRootedOzoneFileSystem.getTrashRoots(BasicRootedOzoneFileSystem.java:824)
	at org.apache.hadoop.fs.ozone.TestRootedOzoneFileSystem.testGetTrashRoots(TestRootedOzoneFileSystem.java:1505)
	at sun.reflect.NativeMethodAccessorImpl.invoke0(Native Method)
	at sun.reflect.NativeMethodAccessorImpl.invoke(NativeMethodAccessorImpl.java:62)
	at sun.reflect.DelegatingMethodAccessorImpl.invoke(DelegatingMethodAccessorImpl.java:43)
	at java.lang.reflect.Method.invoke(Method.java:498)
	at org.junit.runners.model.FrameworkMethod$1.runReflectiveCall(FrameworkMethod.java:59)
	at org.junit.internal.runners.model.ReflectiveCallable.run(ReflectiveCallable.java:12)
	at org.junit.runners.model.FrameworkMethod.invokeExplosively(FrameworkMethod.java:56)
	at org.junit.internal.runners.statements.InvokeMethod.evaluate(InvokeMethod.java:17)
	at org.junit.internal.runners.statements.RunBefores.evaluate(RunBefores.java:26)
	at org.junit.internal.runners.statements.RunAfters.evaluate(RunAfters.java:27)
	at org.junit.internal.runners.statements.FailOnTimeout$CallableStatement.call(FailOnTimeout.java:288)
	at org.junit.internal.runners.statements.FailOnTimeout$CallableStatement.call(FailOnTimeout.java:282)
	at java.util.concurrent.FutureTask.run(FutureTask.java:266)
	at java.lang.Thread.run(Thread.java:750)
01:03:41.208 [IPC Server handler 17 on default port 34317] ERROR OMAudit - user=runner | ip=127.0.0.1 | op=GET_FILE_STATUS {volume=volume-15061, bucket=bucket-75004, key=.Trash/runner, dataSize=0, replicationConfig=null} | ret=FAILURE
org.apache.hadoop.ozone.om.exceptions.OMException: Unable to get file status: volume: volume-15061 bucket: bucket-75004 key: .Trash/runner
	at org.apache.hadoop.ozone.om.KeyManagerImpl.getOzoneFileStatusFSO(KeyManagerImpl.java:1389) ~[ozone-manager-1.3.0-SNAPSHOT.jar:?]
	at org.apache.hadoop.ozone.om.KeyManagerImpl.getFileStatus(KeyManagerImpl.java:1252) ~[ozone-manager-1.3.0-SNAPSHOT.jar:?]
	at org.apache.hadoop.ozone.om.OzoneManager.getFileStatus(OzoneManager.java:3507) ~[ozone-manager-1.3.0-SNAPSHOT.jar:?]
	at org.apache.hadoop.ozone.protocolPB.OzoneManagerRequestHandler.getOzoneFileStatus(OzoneManagerRequestHandler.java:882) ~[ozone-manager-1.3.0-SNAPSHOT.jar:?]
	at org.apache.hadoop.ozone.protocolPB.OzoneManagerRequestHandler.handleReadRequest(OzoneManagerRequestHandler.java:228) ~[ozone-manager-1.3.0-SNAPSHOT.jar:?]
	at org.apache.hadoop.ozone.protocolPB.OzoneManagerProtocolServerSideTranslatorPB.submitReadRequestToOM(OzoneManagerProtocolServerSideTranslatorPB.java:226) ~[ozone-manager-1.3.0-SNAPSHOT.jar:?]
	at org.apache.hadoop.ozone.protocolPB.OzoneManagerProtocolServerSideTranslatorPB.processRequest(OzoneManagerProtocolServerSideTranslatorPB.java:175) ~[ozone-manager-1.3.0-SNAPSHOT.jar:?]
	at org.apache.hadoop.hdds.server.OzoneProtocolMessageDispatcher.processRequest(OzoneProtocolMessageDispatcher.java:87) [hdds-server-framework-1.3.0-SNAPSHOT.jar:?]
	at org.apache.hadoop.ozone.protocolPB.OzoneManagerProtocolServerSideTranslatorPB.submitRequest(OzoneManagerProtocolServerSideTranslatorPB.java:147) [ozone-manager-1.3.0-SNAPSHOT.jar:?]
	at org.apache.hadoop.ozone.protocol.proto.OzoneManagerProtocolProtos$OzoneManagerService$2.callBlockingMethod(OzoneManagerProtocolProtos.java) [ozone-interface-client-1.3.0-SNAPSHOT.jar:?]
	at org.apache.hadoop.ipc.ProtobufRpcEngine$Server.processCall(ProtobufRpcEngine.java:466) [hadoop-common-3.3.1.jar:?]
	at org.apache.hadoop.ipc.ProtobufRpcEngine2$Server$ProtoBufRpcInvoker.call(ProtobufRpcEngine2.java:574) [hadoop-common-3.3.1.jar:?]
	at org.apache.hadoop.ipc.ProtobufRpcEngine2$Server$ProtoBufRpcInvoker.call(ProtobufRpcEngine2.java:552) [hadoop-common-3.3.1.jar:?]
	at org.apache.hadoop.ipc.RPC$Server.call(RPC.java:1093) [hadoop-common-3.3.1.jar:?]
	at org.apache.hadoop.ipc.Server$RpcCall.run(Server.java:1035) [hadoop-common-3.3.1.jar:?]
	at org.apache.hadoop.ipc.Server$RpcCall.run(Server.java:963) [hadoop-common-3.3.1.jar:?]
	at java.security.AccessController.doPrivileged(Native Method) ~[?:1.8.0_345]
	at javax.security.auth.Subject.doAs(Subject.java:422) [?:1.8.0_345]
	at org.apache.hadoop.security.UserGroupInformation.doAs(UserGroupInformation.java:1878) [hadoop-common-3.3.1.jar:?]
	at org.apache.hadoop.ipc.Server$Handler.run(Server.java:2966) [hadoop-common-3.3.1.jar:?]
2022-10-06 01:03:41,208 [Time-limited test] WARN  ozone.BasicRootedOzoneFileSystem (BasicRootedOzoneFileSystem.java:getFileStatus(879)) - GetFileStatus failed for path /volume-15061/bucket-75004/.Trash/runner
java.io.FileNotFoundException: .Trash/runner: No such file or directory!
	at org.apache.hadoop.fs.ozone.BasicRootedOzoneClientAdapterImpl.getFileStatus(BasicRootedOzoneClientAdapterImpl.java:617)
	at org.apache.hadoop.fs.ozone.BasicRootedOzoneFileSystem.getFileStatus(BasicRootedOzoneFileSystem.java:869)
	at org.apache.hadoop.fs.FileSystem.exists(FileSystem.java:1760)
	at org.apache.hadoop.fs.ozone.BasicRootedOzoneFileSystem.exists(BasicRootedOzoneFileSystem.java:918)
	at org.apache.hadoop.fs.ozone.BasicRootedOzoneClientAdapterImpl.getTrashRoots(BasicRootedOzoneClientAdapterImpl.java:669)
	at org.apache.hadoop.fs.ozone.BasicRootedOzoneFileSystem.getTrashRoots(BasicRootedOzoneFileSystem.java:824)
	at org.apache.hadoop.fs.ozone.TestRootedOzoneFileSystem.testGetTrashRoots(TestRootedOzoneFileSystem.java:1505)
	at sun.reflect.NativeMethodAccessorImpl.invoke0(Native Method)
	at sun.reflect.NativeMethodAccessorImpl.invoke(NativeMethodAccessorImpl.java:62)
	at sun.reflect.DelegatingMethodAccessorImpl.invoke(DelegatingMethodAccessorImpl.java:43)
	at java.lang.reflect.Method.invoke(Method.java:498)
	at org.junit.runners.model.FrameworkMethod$1.runReflectiveCall(FrameworkMethod.java:59)
	at org.junit.internal.runners.model.ReflectiveCallable.run(ReflectiveCallable.java:12)
	at org.junit.runners.model.FrameworkMethod.invokeExplosively(FrameworkMethod.java:56)
	at org.junit.internal.runners.statements.InvokeMethod.evaluate(InvokeMethod.java:17)
	at org.junit.internal.runners.statements.RunBefores.evaluate(RunBefores.java:26)
	at org.junit.internal.runners.statements.RunAfters.evaluate(RunAfters.java:27)
	at org.junit.internal.runners.statements.FailOnTimeout$CallableStatement.call(FailOnTimeout.java:288)
	at org.junit.internal.runners.statements.FailOnTimeout$CallableStatement.call(FailOnTimeout.java:282)
	at java.util.concurrent.FutureTask.run(FutureTask.java:266)
	at java.lang.Thread.run(Thread.java:750)
01:03:41.210 [IPC Server handler 2 on default port 34317] ERROR OMAudit - user=runner | ip=127.0.0.1 | op=GET_FILE_STATUS {volume=volume-70220, bucket=bucket3, key=.Trash/runner, dataSize=0, replicationConfig=null} | ret=FAILURE
org.apache.hadoop.ozone.om.exceptions.OMException: Unable to get file status: volume: volume-70220 bucket: bucket3 key: .Trash/runner
	at org.apache.hadoop.ozone.om.KeyManagerImpl.getOzoneFileStatusFSO(KeyManagerImpl.java:1389) ~[ozone-manager-1.3.0-SNAPSHOT.jar:?]
	at org.apache.hadoop.ozone.om.KeyManagerImpl.getFileStatus(KeyManagerImpl.java:1252) ~[ozone-manager-1.3.0-SNAPSHOT.jar:?]
	at org.apache.hadoop.ozone.om.OzoneManager.getFileStatus(OzoneManager.java:3507) ~[ozone-manager-1.3.0-SNAPSHOT.jar:?]
	at org.apache.hadoop.ozone.protocolPB.OzoneManagerRequestHandler.getOzoneFileStatus(OzoneManagerRequestHandler.java:882) ~[ozone-manager-1.3.0-SNAPSHOT.jar:?]
	at org.apache.hadoop.ozone.protocolPB.OzoneManagerRequestHandler.handleReadRequest(OzoneManagerRequestHandler.java:228) ~[ozone-manager-1.3.0-SNAPSHOT.jar:?]
	at org.apache.hadoop.ozone.protocolPB.OzoneManagerProtocolServerSideTranslatorPB.submitReadRequestToOM(OzoneManagerProtocolServerSideTranslatorPB.java:226) ~[ozone-manager-1.3.0-SNAPSHOT.jar:?]
	at org.apache.hadoop.ozone.protocolPB.OzoneManagerProtocolServerSideTranslatorPB.processRequest(OzoneManagerProtocolServerSideTranslatorPB.java:175) ~[ozone-manager-1.3.0-SNAPSHOT.jar:?]
	at org.apache.hadoop.hdds.server.OzoneProtocolMessageDispatcher.processRequest(OzoneProtocolMessageDispatcher.java:87) [hdds-server-framework-1.3.0-SNAPSHOT.jar:?]
	at org.apache.hadoop.ozone.protocolPB.OzoneManagerProtocolServerSideTranslatorPB.submitRequest(OzoneManagerProtocolServerSideTranslatorPB.java:147) [ozone-manager-1.3.0-SNAPSHOT.jar:?]
	at org.apache.hadoop.ozone.protocol.proto.OzoneManagerProtocolProtos$OzoneManagerService$2.callBlockingMethod(OzoneManagerProtocolProtos.java) [ozone-interface-client-1.3.0-SNAPSHOT.jar:?]
	at org.apache.hadoop.ipc.ProtobufRpcEngine$Server.processCall(ProtobufRpcEngine.java:466) [hadoop-common-3.3.1.jar:?]
	at org.apache.hadoop.ipc.ProtobufRpcEngine2$Server$ProtoBufRpcInvoker.call(ProtobufRpcEngine2.java:574) [hadoop-common-3.3.1.jar:?]
	at org.apache.hadoop.ipc.ProtobufRpcEngine2$Server$ProtoBufRpcInvoker.call(ProtobufRpcEngine2.java:552) [hadoop-common-3.3.1.jar:?]
	at org.apache.hadoop.ipc.RPC$Server.call(RPC.java:1093) [hadoop-common-3.3.1.jar:?]
	at org.apache.hadoop.ipc.Server$RpcCall.run(Server.java:1035) [hadoop-common-3.3.1.jar:?]
	at org.apache.hadoop.ipc.Server$RpcCall.run(Server.java:963) [hadoop-common-3.3.1.jar:?]
	at java.security.AccessController.doPrivileged(Native Method) ~[?:1.8.0_345]
	at javax.security.auth.Subject.doAs(Subject.java:422) [?:1.8.0_345]
	at org.apache.hadoop.security.UserGroupInformation.doAs(UserGroupInformation.java:1878) [hadoop-common-3.3.1.jar:?]
	at org.apache.hadoop.ipc.Server$Handler.run(Server.java:2966) [hadoop-common-3.3.1.jar:?]
2022-10-06 01:03:41,212 [Time-limited test] WARN  ozone.BasicRootedOzoneFileSystem (BasicRootedOzoneFileSystem.java:getFileStatus(879)) - GetFileStatus failed for path /volume-70220/bucket3/.Trash/runner
java.io.FileNotFoundException: .Trash/runner: No such file or directory!
	at org.apache.hadoop.fs.ozone.BasicRootedOzoneClientAdapterImpl.getFileStatus(BasicRootedOzoneClientAdapterImpl.java:617)
	at org.apache.hadoop.fs.ozone.BasicRootedOzoneFileSystem.getFileStatus(BasicRootedOzoneFileSystem.java:869)
	at org.apache.hadoop.fs.FileSystem.exists(FileSystem.java:1760)
	at org.apache.hadoop.fs.ozone.BasicRootedOzoneFileSystem.exists(BasicRootedOzoneFileSystem.java:918)
	at org.apache.hadoop.fs.ozone.BasicRootedOzoneClientAdapterImpl.getTrashRoots(BasicRootedOzoneClientAdapterImpl.java:669)
	at org.apache.hadoop.fs.ozone.BasicRootedOzoneFileSystem.getTrashRoots(BasicRootedOzoneFileSystem.java:824)
	at org.apache.hadoop.fs.ozone.TestRootedOzoneFileSystem.testGetTrashRoots(TestRootedOzoneFileSystem.java:1505)
	at sun.reflect.NativeMethodAccessorImpl.invoke0(Native Method)
	at sun.reflect.NativeMethodAccessorImpl.invoke(NativeMethodAccessorImpl.java:62)
	at sun.reflect.DelegatingMethodAccessorImpl.invoke(DelegatingMethodAccessorImpl.java:43)
	at java.lang.reflect.Method.invoke(Method.java:498)
	at org.junit.runners.model.FrameworkMethod$1.runReflectiveCall(FrameworkMethod.java:59)
	at org.junit.internal.runners.model.ReflectiveCallable.run(ReflectiveCallable.java:12)
	at org.junit.runners.model.FrameworkMethod.invokeExplosively(FrameworkMethod.java:56)
	at org.junit.internal.runners.statements.InvokeMethod.evaluate(InvokeMethod.java:17)
	at org.junit.internal.runners.statements.RunBefores.evaluate(RunBefores.java:26)
	at org.junit.internal.runners.statements.RunAfters.evaluate(RunAfters.java:27)
	at org.junit.internal.runners.statements.FailOnTimeout$CallableStatement.call(FailOnTimeout.java:288)
	at org.junit.internal.runners.statements.FailOnTimeout$CallableStatement.call(FailOnTimeout.java:282)
	at java.util.concurrent.FutureTask.run(FutureTask.java:266)
	at java.lang.Thread.run(Thread.java:750)
01:03:41.215 [IPC Server handler 8 on default port 34317] ERROR OMAudit - user=runner | ip=127.0.0.1 | op=GET_FILE_STATUS {volume=41812c2c-f6d7-4f0f-be5c-cc1f0b07cd78, bucket=0df5328d-eeb1-4c32-87ea-33cd10a8a7f6, key=.Trash, dataSize=0, replicationConfig=null} | ret=FAILURE
org.apache.hadoop.ozone.om.exceptions.OMException: Unable to get file status: volume: 41812c2c-f6d7-4f0f-be5c-cc1f0b07cd78 bucket: 0df5328d-eeb1-4c32-87ea-33cd10a8a7f6 key: .Trash
	at org.apache.hadoop.ozone.om.KeyManagerImpl.getOzoneFileStatus(KeyManagerImpl.java:1324) ~[ozone-manager-1.3.0-SNAPSHOT.jar:?]
	at org.apache.hadoop.ozone.om.KeyManagerImpl.getFileStatus(KeyManagerImpl.java:1254) ~[ozone-manager-1.3.0-SNAPSHOT.jar:?]
	at org.apache.hadoop.ozone.om.OzoneManager.getFileStatus(OzoneManager.java:3507) ~[ozone-manager-1.3.0-SNAPSHOT.jar:?]
	at org.apache.hadoop.ozone.protocolPB.OzoneManagerRequestHandler.getOzoneFileStatus(OzoneManagerRequestHandler.java:882) ~[ozone-manager-1.3.0-SNAPSHOT.jar:?]
	at org.apache.hadoop.ozone.protocolPB.OzoneManagerRequestHandler.handleReadRequest(OzoneManagerRequestHandler.java:228) ~[ozone-manager-1.3.0-SNAPSHOT.jar:?]
	at org.apache.hadoop.ozone.protocolPB.OzoneManagerProtocolServerSideTranslatorPB.submitReadRequestToOM(OzoneManagerProtocolServerSideTranslatorPB.java:226) ~[ozone-manager-1.3.0-SNAPSHOT.jar:?]
	at org.apache.hadoop.ozone.protocolPB.OzoneManagerProtocolServerSideTranslatorPB.processRequest(OzoneManagerProtocolServerSideTranslatorPB.java:175) ~[ozone-manager-1.3.0-SNAPSHOT.jar:?]
	at org.apache.hadoop.hdds.server.OzoneProtocolMessageDispatcher.processRequest(OzoneProtocolMessageDispatcher.java:87) [hdds-server-framework-1.3.0-SNAPSHOT.jar:?]
	at org.apache.hadoop.ozone.protocolPB.OzoneManagerProtocolServerSideTranslatorPB.submitRequest(OzoneManagerProtocolServerSideTranslatorPB.java:147) [ozone-manager-1.3.0-SNAPSHOT.jar:?]
	at org.apache.hadoop.ozone.protocol.proto.OzoneManagerProtocolProtos$OzoneManagerService$2.callBlockingMethod(OzoneManagerProtocolProtos.java) [ozone-interface-client-1.3.0-SNAPSHOT.jar:?]
	at org.apache.hadoop.ipc.ProtobufRpcEngine$Server.processCall(ProtobufRpcEngine.java:466) [hadoop-common-3.3.1.jar:?]
	at org.apache.hadoop.ipc.ProtobufRpcEngine2$Server$ProtoBufRpcInvoker.call(ProtobufRpcEngine2.java:574) [hadoop-common-3.3.1.jar:?]
	at org.apache.hadoop.ipc.ProtobufRpcEngine2$Server$ProtoBufRpcInvoker.call(ProtobufRpcEngine2.java:552) [hadoop-common-3.3.1.jar:?]
	at org.apache.hadoop.ipc.RPC$Server.call(RPC.java:1093) [hadoop-common-3.3.1.jar:?]
	at org.apache.hadoop.ipc.Server$RpcCall.run(Server.java:1035) [hadoop-common-3.3.1.jar:?]
	at org.apache.hadoop.ipc.Server$RpcCall.run(Server.java:963) [hadoop-common-3.3.1.jar:?]
	at java.security.AccessController.doPrivileged(Native Method) ~[?:1.8.0_345]
	at javax.security.auth.Subject.doAs(Subject.java:422) [?:1.8.0_345]
	at org.apache.hadoop.security.UserGroupInformation.doAs(UserGroupInformation.java:1878) [hadoop-common-3.3.1.jar:?]
	at org.apache.hadoop.ipc.Server$Handler.run(Server.java:2966) [hadoop-common-3.3.1.jar:?]
2022-10-06 01:03:41,215 [Time-limited test] WARN  ozone.BasicRootedOzoneFileSystem (BasicRootedOzoneFileSystem.java:getFileStatus(879)) - GetFileStatus failed for path /41812c2c-f6d7-4f0f-be5c-cc1f0b07cd78/0df5328d-eeb1-4c32-87ea-33cd10a8a7f6/.Trash
java.io.FileNotFoundException: .Trash: No such file or directory!
	at org.apache.hadoop.fs.ozone.BasicRootedOzoneClientAdapterImpl.getFileStatus(BasicRootedOzoneClientAdapterImpl.java:617)
	at org.apache.hadoop.fs.ozone.BasicRootedOzoneFileSystem.getFileStatus(BasicRootedOzoneFileSystem.java:869)
	at org.apache.hadoop.fs.FileSystem.exists(FileSystem.java:1760)
	at org.apache.hadoop.fs.ozone.BasicRootedOzoneFileSystem.exists(BasicRootedOzoneFileSystem.java:918)
	at org.apache.hadoop.fs.ozone.BasicRootedOzoneClientAdapterImpl.getTrashRoots(BasicRootedOzoneClientAdapterImpl.java:660)
	at org.apache.hadoop.fs.ozone.BasicRootedOzoneFileSystem.getTrashRoots(BasicRootedOzoneFileSystem.java:824)
	at org.apache.hadoop.fs.ozone.TestRootedOzoneFileSystem.testGetTrashRoots(TestRootedOzoneFileSystem.java:1506)
	at sun.reflect.NativeMethodAccessorImpl.invoke0(Native Method)
	at sun.reflect.NativeMethodAccessorImpl.invoke(NativeMethodAccessorImpl.java:62)
	at sun.reflect.DelegatingMethodAccessorImpl.invoke(DelegatingMethodAccessorImpl.java:43)
	at java.lang.reflect.Method.invoke(Method.java:498)
	at org.junit.runners.model.FrameworkMethod$1.runReflectiveCall(FrameworkMethod.java:59)
	at org.junit.internal.runners.model.ReflectiveCallable.run(ReflectiveCallable.java:12)
	at org.junit.runners.model.FrameworkMethod.invokeExplosively(FrameworkMethod.java:56)
	at org.junit.internal.runners.statements.InvokeMethod.evaluate(InvokeMethod.java:17)
	at org.junit.internal.runners.statements.RunBefores.evaluate(RunBefores.java:26)
	at org.junit.internal.runners.statements.RunAfters.evaluate(RunAfters.java:27)
	at org.junit.internal.runners.statements.FailOnTimeout$CallableStatement.call(FailOnTimeout.java:288)
	at org.junit.internal.runners.statements.FailOnTimeout$CallableStatement.call(FailOnTimeout.java:282)
	at java.util.concurrent.FutureTask.run(FutureTask.java:266)
	at java.lang.Thread.run(Thread.java:750)
01:03:41.218 [IPC Server handler 13 on default port 34317] ERROR OMAudit - user=runner | ip=127.0.0.1 | op=GET_FILE_STATUS {volume=volume-15061, bucket=bucket-75004, key=.Trash, dataSize=0, replicationConfig=null} | ret=FAILURE
org.apache.hadoop.ozone.om.exceptions.OMException: Unable to get file status: volume: volume-15061 bucket: bucket-75004 key: .Trash
	at org.apache.hadoop.ozone.om.KeyManagerImpl.getOzoneFileStatusFSO(KeyManagerImpl.java:1389) ~[ozone-manager-1.3.0-SNAPSHOT.jar:?]
	at org.apache.hadoop.ozone.om.KeyManagerImpl.getFileStatus(KeyManagerImpl.java:1252) ~[ozone-manager-1.3.0-SNAPSHOT.jar:?]
	at org.apache.hadoop.ozone.om.OzoneManager.getFileStatus(OzoneManager.java:3507) ~[ozone-manager-1.3.0-SNAPSHOT.jar:?]
	at org.apache.hadoop.ozone.protocolPB.OzoneManagerRequestHandler.getOzoneFileStatus(OzoneManagerRequestHandler.java:882) ~[ozone-manager-1.3.0-SNAPSHOT.jar:?]
	at org.apache.hadoop.ozone.protocolPB.OzoneManagerRequestHandler.handleReadRequest(OzoneManagerRequestHandler.java:228) ~[ozone-manager-1.3.0-SNAPSHOT.jar:?]
	at org.apache.hadoop.ozone.protocolPB.OzoneManagerProtocolServerSideTranslatorPB.submitReadRequestToOM(OzoneManagerProtocolServerSideTranslatorPB.java:226) ~[ozone-manager-1.3.0-SNAPSHOT.jar:?]
	at org.apache.hadoop.ozone.protocolPB.OzoneManagerProtocolServerSideTranslatorPB.processRequest(OzoneManagerProtocolServerSideTranslatorPB.java:175) ~[ozone-manager-1.3.0-SNAPSHOT.jar:?]
	at org.apache.hadoop.hdds.server.OzoneProtocolMessageDispatcher.processRequest(OzoneProtocolMessageDispatcher.java:87) [hdds-server-framework-1.3.0-SNAPSHOT.jar:?]
	at org.apache.hadoop.ozone.protocolPB.OzoneManagerProtocolServerSideTranslatorPB.submitRequest(OzoneManagerProtocolServerSideTranslatorPB.java:147) [ozone-manager-1.3.0-SNAPSHOT.jar:?]
	at org.apache.hadoop.ozone.protocol.proto.OzoneManagerProtocolProtos$OzoneManagerService$2.callBlockingMethod(OzoneManagerProtocolProtos.java) [ozone-interface-client-1.3.0-SNAPSHOT.jar:?]
	at org.apache.hadoop.ipc.ProtobufRpcEngine$Server.processCall(ProtobufRpcEngine.java:466) [hadoop-common-3.3.1.jar:?]
	at org.apache.hadoop.ipc.ProtobufRpcEngine2$Server$ProtoBufRpcInvoker.call(ProtobufRpcEngine2.java:574) [hadoop-common-3.3.1.jar:?]
	at org.apache.hadoop.ipc.ProtobufRpcEngine2$Server$ProtoBufRpcInvoker.call(ProtobufRpcEngine2.java:552) [hadoop-common-3.3.1.jar:?]
	at org.apache.hadoop.ipc.RPC$Server.call(RPC.java:1093) [hadoop-common-3.3.1.jar:?]
	at org.apache.hadoop.ipc.Server$RpcCall.run(Server.java:1035) [hadoop-common-3.3.1.jar:?]
	at org.apache.hadoop.ipc.Server$RpcCall.run(Server.java:963) [hadoop-common-3.3.1.jar:?]
	at java.security.AccessController.doPrivileged(Native Method) ~[?:1.8.0_345]
	at javax.security.auth.Subject.doAs(Subject.java:422) [?:1.8.0_345]
	at org.apache.hadoop.security.UserGroupInformation.doAs(UserGroupInformation.java:1878) [hadoop-common-3.3.1.jar:?]
	at org.apache.hadoop.ipc.Server$Handler.run(Server.java:2966) [hadoop-common-3.3.1.jar:?]
2022-10-06 01:03:41,218 [Time-limited test] WARN  ozone.BasicRootedOzoneFileSystem (BasicRootedOzoneFileSystem.java:getFileStatus(879)) - GetFileStatus failed for path /volume-15061/bucket-75004/.Trash
java.io.FileNotFoundException: .Trash: No such file or directory!
	at org.apache.hadoop.fs.ozone.BasicRootedOzoneClientAdapterImpl.getFileStatus(BasicRootedOzoneClientAdapterImpl.java:617)
	at org.apache.hadoop.fs.ozone.BasicRootedOzoneFileSystem.getFileStatus(BasicRootedOzoneFileSystem.java:869)
	at org.apache.hadoop.fs.FileSystem.exists(FileSystem.java:1760)
	at org.apache.hadoop.fs.ozone.BasicRootedOzoneFileSystem.exists(BasicRootedOzoneFileSystem.java:918)
	at org.apache.hadoop.fs.ozone.BasicRootedOzoneClientAdapterImpl.getTrashRoots(BasicRootedOzoneClientAdapterImpl.java:660)
	at org.apache.hadoop.fs.ozone.BasicRootedOzoneFileSystem.getTrashRoots(BasicRootedOzoneFileSystem.java:824)
	at org.apache.hadoop.fs.ozone.TestRootedOzoneFileSystem.testGetTrashRoots(TestRootedOzoneFileSystem.java:1506)
	at sun.reflect.NativeMethodAccessorImpl.invoke0(Native Method)
	at sun.reflect.NativeMethodAccessorImpl.invoke(NativeMethodAccessorImpl.java:62)
	at sun.reflect.DelegatingMethodAccessorImpl.invoke(DelegatingMethodAccessorImpl.java:43)
	at java.lang.reflect.Method.invoke(Method.java:498)
	at org.junit.runners.model.FrameworkMethod$1.runReflectiveCall(FrameworkMethod.java:59)
	at org.junit.internal.runners.model.ReflectiveCallable.run(ReflectiveCallable.java:12)
	at org.junit.runners.model.FrameworkMethod.invokeExplosively(FrameworkMethod.java:56)
	at org.junit.internal.runners.statements.InvokeMethod.evaluate(InvokeMethod.java:17)
	at org.junit.internal.runners.statements.RunBefores.evaluate(RunBefores.java:26)
	at org.junit.internal.runners.statements.RunAfters.evaluate(RunAfters.java:27)
	at org.junit.internal.runners.statements.FailOnTimeout$CallableStatement.call(FailOnTimeout.java:288)
	at org.junit.internal.runners.statements.FailOnTimeout$CallableStatement.call(FailOnTimeout.java:282)
	at java.util.concurrent.FutureTask.run(FutureTask.java:266)
	at java.lang.Thread.run(Thread.java:750)
01:03:41.220 [IPC Server handler 15 on default port 34317] ERROR OMAudit - user=runner | ip=127.0.0.1 | op=GET_FILE_STATUS {volume=volume-47606, bucket=bucket-57938, key=.Trash, dataSize=0, replicationConfig=null} | ret=FAILURE
org.apache.hadoop.ozone.om.exceptions.OMException: Unable to get file status: volume: volume-47606 bucket: bucket-57938 key: .Trash
	at org.apache.hadoop.ozone.om.KeyManagerImpl.getOzoneFileStatusFSO(KeyManagerImpl.java:1389) ~[ozone-manager-1.3.0-SNAPSHOT.jar:?]
	at org.apache.hadoop.ozone.om.KeyManagerImpl.getFileStatus(KeyManagerImpl.java:1252) ~[ozone-manager-1.3.0-SNAPSHOT.jar:?]
	at org.apache.hadoop.ozone.om.OzoneManager.getFileStatus(OzoneManager.java:3507) ~[ozone-manager-1.3.0-SNAPSHOT.jar:?]
	at org.apache.hadoop.ozone.protocolPB.OzoneManagerRequestHandler.getOzoneFileStatus(OzoneManagerRequestHandler.java:882) ~[ozone-manager-1.3.0-SNAPSHOT.jar:?]
	at org.apache.hadoop.ozone.protocolPB.OzoneManagerRequestHandler.handleReadRequest(OzoneManagerRequestHandler.java:228) ~[ozone-manager-1.3.0-SNAPSHOT.jar:?]
	at org.apache.hadoop.ozone.protocolPB.OzoneManagerProtocolServerSideTranslatorPB.submitReadRequestToOM(OzoneManagerProtocolServerSideTranslatorPB.java:226) ~[ozone-manager-1.3.0-SNAPSHOT.jar:?]
	at org.apache.hadoop.ozone.protocolPB.OzoneManagerProtocolServerSideTranslatorPB.processRequest(OzoneManagerProtocolServerSideTranslatorPB.java:175) ~[ozone-manager-1.3.0-SNAPSHOT.jar:?]
	at org.apache.hadoop.hdds.server.OzoneProtocolMessageDispatcher.processRequest(OzoneProtocolMessageDispatcher.java:87) [hdds-server-framework-1.3.0-SNAPSHOT.jar:?]
	at org.apache.hadoop.ozone.protocolPB.OzoneManagerProtocolServerSideTranslatorPB.submitRequest(OzoneManagerProtocolServerSideTranslatorPB.java:147) [ozone-manager-1.3.0-SNAPSHOT.jar:?]
	at org.apache.hadoop.ozone.protocol.proto.OzoneManagerProtocolProtos$OzoneManagerService$2.callBlockingMethod(OzoneManagerProtocolProtos.java) [ozone-interface-client-1.3.0-SNAPSHOT.jar:?]
	at org.apache.hadoop.ipc.ProtobufRpcEngine$Server.processCall(ProtobufRpcEngine.java:466) [hadoop-common-3.3.1.jar:?]
	at org.apache.hadoop.ipc.ProtobufRpcEngine2$Server$ProtoBufRpcInvoker.call(ProtobufRpcEngine2.java:574) [hadoop-common-3.3.1.jar:?]
	at org.apache.hadoop.ipc.ProtobufRpcEngine2$Server$ProtoBufRpcInvoker.call(ProtobufRpcEngine2.java:552) [hadoop-common-3.3.1.jar:?]
	at org.apache.hadoop.ipc.RPC$Server.call(RPC.java:1093) [hadoop-common-3.3.1.jar:?]
	at org.apache.hadoop.ipc.Server$RpcCall.run(Server.java:1035) [hadoop-common-3.3.1.jar:?]
	at org.apache.hadoop.ipc.Server$RpcCall.run(Server.java:963) [hadoop-common-3.3.1.jar:?]
	at java.security.AccessController.doPrivileged(Native Method) ~[?:1.8.0_345]
	at javax.security.auth.Subject.doAs(Subject.java:422) [?:1.8.0_345]
	at org.apache.hadoop.security.UserGroupInformation.doAs(UserGroupInformation.java:1878) [hadoop-common-3.3.1.jar:?]
	at org.apache.hadoop.ipc.Server$Handler.run(Server.java:2966) [hadoop-common-3.3.1.jar:?]
2022-10-06 01:03:41,220 [Time-limited test] WARN  ozone.BasicRootedOzoneFileSystem (BasicRootedOzoneFileSystem.java:getFileStatus(879)) - GetFileStatus failed for path /volume-47606/bucket-57938/.Trash
java.io.FileNotFoundException: .Trash: No such file or directory!
	at org.apache.hadoop.fs.ozone.BasicRootedOzoneClientAdapterImpl.getFileStatus(BasicRootedOzoneClientAdapterImpl.java:617)
	at org.apache.hadoop.fs.ozone.BasicRootedOzoneFileSystem.getFileStatus(BasicRootedOzoneFileSystem.java:869)
	at org.apache.hadoop.fs.FileSystem.exists(FileSystem.java:1760)
	at org.apache.hadoop.fs.ozone.BasicRootedOzoneFileSystem.exists(BasicRootedOzoneFileSystem.java:918)
	at org.apache.hadoop.fs.ozone.BasicRootedOzoneClientAdapterImpl.getTrashRoots(BasicRootedOzoneClientAdapterImpl.java:660)
	at org.apache.hadoop.fs.ozone.BasicRootedOzoneFileSystem.getTrashRoots(BasicRootedOzoneFileSystem.java:824)
	at org.apache.hadoop.fs.ozone.TestRootedOzoneFileSystem.testGetTrashRoots(TestRootedOzoneFileSystem.java:1506)
	at sun.reflect.NativeMethodAccessorImpl.invoke0(Native Method)
	at sun.reflect.NativeMethodAccessorImpl.invoke(NativeMethodAccessorImpl.java:62)
	at sun.reflect.DelegatingMethodAccessorImpl.invoke(DelegatingMethodAccessorImpl.java:43)
	at java.lang.reflect.Method.invoke(Method.java:498)
	at org.junit.runners.model.FrameworkMethod$1.runReflectiveCall(FrameworkMethod.java:59)
	at org.junit.internal.runners.model.ReflectiveCallable.run(ReflectiveCallable.java:12)
	at org.junit.runners.model.FrameworkMethod.invokeExplosively(FrameworkMethod.java:56)
	at org.junit.internal.runners.statements.InvokeMethod.evaluate(InvokeMethod.java:17)
	at org.junit.internal.runners.statements.RunBefores.evaluate(RunBefores.java:26)
	at org.junit.internal.runners.statements.RunAfters.evaluate(RunAfters.java:27)
	at org.junit.internal.runners.statements.FailOnTimeout$CallableStatement.call(FailOnTimeout.java:288)
	at org.junit.internal.runners.statements.FailOnTimeout$CallableStatement.call(FailOnTimeout.java:282)
	at java.util.concurrent.FutureTask.run(FutureTask.java:266)
	at java.lang.Thread.run(Thread.java:750)
01:03:41.222 [IPC Server handler 3 on default port 34317] ERROR OMAudit - user=runner | ip=127.0.0.1 | op=GET_FILE_STATUS {volume=volume-70220, bucket=bucket3, key=.Trash, dataSize=0, replicationConfig=null} | ret=FAILURE
org.apache.hadoop.ozone.om.exceptions.OMException: Unable to get file status: volume: volume-70220 bucket: bucket3 key: .Trash
	at org.apache.hadoop.ozone.om.KeyManagerImpl.getOzoneFileStatusFSO(KeyManagerImpl.java:1389) ~[ozone-manager-1.3.0-SNAPSHOT.jar:?]
	at org.apache.hadoop.ozone.om.KeyManagerImpl.getFileStatus(KeyManagerImpl.java:1252) ~[ozone-manager-1.3.0-SNAPSHOT.jar:?]
	at org.apache.hadoop.ozone.om.OzoneManager.getFileStatus(OzoneManager.java:3507) ~[ozone-manager-1.3.0-SNAPSHOT.jar:?]
	at org.apache.hadoop.ozone.protocolPB.OzoneManagerRequestHandler.getOzoneFileStatus(OzoneManagerRequestHandler.java:882) ~[ozone-manager-1.3.0-SNAPSHOT.jar:?]
	at org.apache.hadoop.ozone.protocolPB.OzoneManagerRequestHandler.handleReadRequest(OzoneManagerRequestHandler.java:228) ~[ozone-manager-1.3.0-SNAPSHOT.jar:?]
	at org.apache.hadoop.ozone.protocolPB.OzoneManagerProtocolServerSideTranslatorPB.submitReadRequestToOM(OzoneManagerProtocolServerSideTranslatorPB.java:226) ~[ozone-manager-1.3.0-SNAPSHOT.jar:?]
	at org.apache.hadoop.ozone.protocolPB.OzoneManagerProtocolServerSideTranslatorPB.processRequest(OzoneManagerProtocolServerSideTranslatorPB.java:175) ~[ozone-manager-1.3.0-SNAPSHOT.jar:?]
	at org.apache.hadoop.hdds.server.OzoneProtocolMessageDispatcher.processRequest(OzoneProtocolMessageDispatcher.java:87) [hdds-server-framework-1.3.0-SNAPSHOT.jar:?]
	at org.apache.hadoop.ozone.protocolPB.OzoneManagerProtocolServerSideTranslatorPB.submitRequest(OzoneManagerProtocolServerSideTranslatorPB.java:147) [ozone-manager-1.3.0-SNAPSHOT.jar:?]
	at org.apache.hadoop.ozone.protocol.proto.OzoneManagerProtocolProtos$OzoneManagerService$2.callBlockingMethod(OzoneManagerProtocolProtos.java) [ozone-interface-client-1.3.0-SNAPSHOT.jar:?]
	at org.apache.hadoop.ipc.ProtobufRpcEngine$Server.processCall(ProtobufRpcEngine.java:466) [hadoop-common-3.3.1.jar:?]
	at org.apache.hadoop.ipc.ProtobufRpcEngine2$Server$ProtoBufRpcInvoker.call(ProtobufRpcEngine2.java:574) [hadoop-common-3.3.1.jar:?]
	at org.apache.hadoop.ipc.ProtobufRpcEngine2$Server$ProtoBufRpcInvoker.call(ProtobufRpcEngine2.java:552) [hadoop-common-3.3.1.jar:?]
	at org.apache.hadoop.ipc.RPC$Server.call(RPC.java:1093) [hadoop-common-3.3.1.jar:?]
	at org.apache.hadoop.ipc.Server$RpcCall.run(Server.java:1035) [hadoop-common-3.3.1.jar:?]
	at org.apache.hadoop.ipc.Server$RpcCall.run(Server.java:963) [hadoop-common-3.3.1.jar:?]
	at java.security.AccessController.doPrivileged(Native Method) ~[?:1.8.0_345]
	at javax.security.auth.Subject.doAs(Subject.java:422) [?:1.8.0_345]
	at org.apache.hadoop.security.UserGroupInformation.doAs(UserGroupInformation.java:1878) [hadoop-common-3.3.1.jar:?]
	at org.apache.hadoop.ipc.Server$Handler.run(Server.java:2966) [hadoop-common-3.3.1.jar:?]
2022-10-06 01:03:41,223 [Time-limited test] WARN  ozone.BasicRootedOzoneFileSystem (BasicRootedOzoneFileSystem.java:getFileStatus(879)) - GetFileStatus failed for path /volume-70220/bucket3/.Trash
java.io.FileNotFoundException: .Trash: No such file or directory!
	at org.apache.hadoop.fs.ozone.BasicRootedOzoneClientAdapterImpl.getFileStatus(BasicRootedOzoneClientAdapterImpl.java:617)
	at org.apache.hadoop.fs.ozone.BasicRootedOzoneFileSystem.getFileStatus(BasicRootedOzoneFileSystem.java:869)
	at org.apache.hadoop.fs.FileSystem.exists(FileSystem.java:1760)
	at org.apache.hadoop.fs.ozone.BasicRootedOzoneFileSystem.exists(BasicRootedOzoneFileSystem.java:918)
	at org.apache.hadoop.fs.ozone.BasicRootedOzoneClientAdapterImpl.getTrashRoots(BasicRootedOzoneClientAdapterImpl.java:660)
	at org.apache.hadoop.fs.ozone.BasicRootedOzoneFileSystem.getTrashRoots(BasicRootedOzoneFileSystem.java:824)
	at org.apache.hadoop.fs.ozone.TestRootedOzoneFileSystem.testGetTrashRoots(TestRootedOzoneFileSystem.java:1506)
	at sun.reflect.NativeMethodAccessorImpl.invoke0(Native Method)
	at sun.reflect.NativeMethodAccessorImpl.invoke(NativeMethodAccessorImpl.java:62)
	at sun.reflect.DelegatingMethodAccessorImpl.invoke(DelegatingMethodAccessorImpl.java:43)
	at java.lang.reflect.Method.invoke(Method.java:498)
	at org.junit.runners.model.FrameworkMethod$1.runReflectiveCall(FrameworkMethod.java:59)
	at org.junit.internal.runners.model.ReflectiveCallable.run(ReflectiveCallable.java:12)
	at org.junit.runners.model.FrameworkMethod.invokeExplosively(FrameworkMethod.java:56)
	at org.junit.internal.runners.statements.InvokeMethod.evaluate(InvokeMethod.java:17)
	at org.junit.internal.runners.statements.RunBefores.evaluate(RunBefores.java:26)
	at org.junit.internal.runners.statements.RunAfters.evaluate(RunAfters.java:27)
	at org.junit.internal.runners.statements.FailOnTimeout$CallableStatement.call(FailOnTimeout.java:288)
	at org.junit.internal.runners.statements.FailOnTimeout$CallableStatement.call(FailOnTimeout.java:282)
	at java.util.concurrent.FutureTask.run(FutureTask.java:266)
	at java.lang.Thread.run(Thread.java:750)
01:03:41.224 [IPC Server handler 11 on default port 34317] ERROR OMAudit - user=runner | ip=127.0.0.1 | op=GET_FILE_STATUS {volume=volume08061, bucket=bucket32681, key=.Trash, dataSize=0, replicationConfig=null} | ret=FAILURE
org.apache.hadoop.ozone.om.exceptions.OMException: Unable to get file status: volume: volume08061 bucket: bucket32681 key: .Trash
	at org.apache.hadoop.ozone.om.KeyManagerImpl.getOzoneFileStatusFSO(KeyManagerImpl.java:1389) ~[ozone-manager-1.3.0-SNAPSHOT.jar:?]
	at org.apache.hadoop.ozone.om.KeyManagerImpl.getFileStatus(KeyManagerImpl.java:1252) ~[ozone-manager-1.3.0-SNAPSHOT.jar:?]
	at org.apache.hadoop.ozone.om.OzoneManager.getFileStatus(OzoneManager.java:3507) ~[ozone-manager-1.3.0-SNAPSHOT.jar:?]
	at org.apache.hadoop.ozone.protocolPB.OzoneManagerRequestHandler.getOzoneFileStatus(OzoneManagerRequestHandler.java:882) ~[ozone-manager-1.3.0-SNAPSHOT.jar:?]
	at org.apache.hadoop.ozone.protocolPB.OzoneManagerRequestHandler.handleReadRequest(OzoneManagerRequestHandler.java:228) ~[ozone-manager-1.3.0-SNAPSHOT.jar:?]
	at org.apache.hadoop.ozone.protocolPB.OzoneManagerProtocolServerSideTranslatorPB.submitReadRequestToOM(OzoneManagerProtocolServerSideTranslatorPB.java:226) ~[ozone-manager-1.3.0-SNAPSHOT.jar:?]
	at org.apache.hadoop.ozone.protocolPB.OzoneManagerProtocolServerSideTranslatorPB.processRequest(OzoneManagerProtocolServerSideTranslatorPB.java:175) ~[ozone-manager-1.3.0-SNAPSHOT.jar:?]
	at org.apache.hadoop.hdds.server.OzoneProtocolMessageDispatcher.processRequest(OzoneProtocolMessageDispatcher.java:87) [hdds-server-framework-1.3.0-SNAPSHOT.jar:?]
	at org.apache.hadoop.ozone.protocolPB.OzoneManagerProtocolServerSideTranslatorPB.submitRequest(OzoneManagerProtocolServerSideTranslatorPB.java:147) [ozone-manager-1.3.0-SNAPSHOT.jar:?]
	at org.apache.hadoop.ozone.protocol.proto.OzoneManagerProtocolProtos$OzoneManagerService$2.callBlockingMethod(OzoneManagerProtocolProtos.java) [ozone-interface-client-1.3.0-SNAPSHOT.jar:?]
	at org.apache.hadoop.ipc.ProtobufRpcEngine$Server.processCall(ProtobufRpcEngine.java:466) [hadoop-common-3.3.1.jar:?]
	at org.apache.hadoop.ipc.ProtobufRpcEngine2$Server$ProtoBufRpcInvoker.call(ProtobufRpcEngine2.java:574) [hadoop-common-3.3.1.jar:?]
	at org.apache.hadoop.ipc.ProtobufRpcEngine2$Server$ProtoBufRpcInvoker.call(ProtobufRpcEngine2.java:552) [hadoop-common-3.3.1.jar:?]
	at org.apache.hadoop.ipc.RPC$Server.call(RPC.java:1093) [hadoop-common-3.3.1.jar:?]
	at org.apache.hadoop.ipc.Server$RpcCall.run(Server.java:1035) [hadoop-common-3.3.1.jar:?]
	at org.apache.hadoop.ipc.Server$RpcCall.run(Server.java:963) [hadoop-common-3.3.1.jar:?]
	at java.security.AccessController.doPrivileged(Native Method) ~[?:1.8.0_345]
	at javax.security.auth.Subject.doAs(Subject.java:422) [?:1.8.0_345]
	at org.apache.hadoop.security.UserGroupInformation.doAs(UserGroupInformation.java:1878) [hadoop-common-3.3.1.jar:?]
	at org.apache.hadoop.ipc.Server$Handler.run(Server.java:2966) [hadoop-common-3.3.1.jar:?]
2022-10-06 01:03:41,226 [Time-limited test] WARN  ozone.BasicRootedOzoneFileSystem (BasicRootedOzoneFileSystem.java:getFileStatus(879)) - GetFileStatus failed for path /volume08061/bucket32681/.Trash
java.io.FileNotFoundException: .Trash: No such file or directory!
	at org.apache.hadoop.fs.ozone.BasicRootedOzoneClientAdapterImpl.getFileStatus(BasicRootedOzoneClientAdapterImpl.java:617)
	at org.apache.hadoop.fs.ozone.BasicRootedOzoneFileSystem.getFileStatus(BasicRootedOzoneFileSystem.java:869)
	at org.apache.hadoop.fs.FileSystem.exists(FileSystem.java:1760)
	at org.apache.hadoop.fs.ozone.BasicRootedOzoneFileSystem.exists(BasicRootedOzoneFileSystem.java:918)
	at org.apache.hadoop.fs.ozone.BasicRootedOzoneClientAdapterImpl.getTrashRoots(BasicRootedOzoneClientAdapterImpl.java:660)
	at org.apache.hadoop.fs.ozone.BasicRootedOzoneFileSystem.getTrashRoots(BasicRootedOzoneFileSystem.java:824)
	at org.apache.hadoop.fs.ozone.TestRootedOzoneFileSystem.testGetTrashRoots(TestRootedOzoneFileSystem.java:1506)
	at sun.reflect.NativeMethodAccessorImpl.invoke0(Native Method)
	at sun.reflect.NativeMethodAccessorImpl.invoke(NativeMethodAccessorImpl.java:62)
	at sun.reflect.DelegatingMethodAccessorImpl.invoke(DelegatingMethodAccessorImpl.java:43)
	at java.lang.reflect.Method.invoke(Method.java:498)
	at org.junit.runners.model.FrameworkMethod$1.runReflectiveCall(FrameworkMethod.java:59)
	at org.junit.internal.runners.model.ReflectiveCallable.run(ReflectiveCallable.java:12)
	at org.junit.runners.model.FrameworkMethod.invokeExplosively(FrameworkMethod.java:56)
	at org.junit.internal.runners.statements.InvokeMethod.evaluate(InvokeMethod.java:17)
	at org.junit.internal.runners.statements.RunBefores.evaluate(RunBefores.java:26)
	at org.junit.internal.runners.statements.RunAfters.evaluate(RunAfters.java:27)
	at org.junit.internal.runners.statements.FailOnTimeout$CallableStatement.call(FailOnTimeout.java:288)
	at org.junit.internal.runners.statements.FailOnTimeout$CallableStatement.call(FailOnTimeout.java:282)
	at java.util.concurrent.FutureTask.run(FutureTask.java:266)
	at java.lang.Thread.run(Thread.java:750)
01:03:41.241 [IPC Server handler 4 on default port 34317] ERROR OMAudit - user=runner | ip=127.0.0.1 | op=GET_FILE_STATUS {volume=volume-47606, bucket=bucket-57938, key=.Trash/runner, dataSize=0, replicationConfig=null} | ret=FAILURE
org.apache.hadoop.ozone.om.exceptions.OMException: Unable to get file status: volume: volume-47606 bucket: bucket-57938 key: .Trash/runner
	at org.apache.hadoop.ozone.om.KeyManagerImpl.getOzoneFileStatusFSO(KeyManagerImpl.java:1389) ~[ozone-manager-1.3.0-SNAPSHOT.jar:?]
	at org.apache.hadoop.ozone.om.KeyManagerImpl.getFileStatus(KeyManagerImpl.java:1252) ~[ozone-manager-1.3.0-SNAPSHOT.jar:?]
	at org.apache.hadoop.ozone.om.OzoneManager.getFileStatus(OzoneManager.java:3507) ~[ozone-manager-1.3.0-SNAPSHOT.jar:?]
	at org.apache.hadoop.ozone.protocolPB.OzoneManagerRequestHandler.getOzoneFileStatus(OzoneManagerRequestHandler.java:882) ~[ozone-manager-1.3.0-SNAPSHOT.jar:?]
	at org.apache.hadoop.ozone.protocolPB.OzoneManagerRequestHandler.handleReadRequest(OzoneManagerRequestHandler.java:228) ~[ozone-manager-1.3.0-SNAPSHOT.jar:?]
	at org.apache.hadoop.ozone.protocolPB.OzoneManagerProtocolServerSideTranslatorPB.submitReadRequestToOM(OzoneManagerProtocolServerSideTranslatorPB.java:226) ~[ozone-manager-1.3.0-SNAPSHOT.jar:?]
	at org.apache.hadoop.ozone.protocolPB.OzoneManagerProtocolServerSideTranslatorPB.processRequest(OzoneManagerProtocolServerSideTranslatorPB.java:175) ~[ozone-manager-1.3.0-SNAPSHOT.jar:?]
	at org.apache.hadoop.hdds.server.OzoneProtocolMessageDispatcher.processRequest(OzoneProtocolMessageDispatcher.java:87) [hdds-server-framework-1.3.0-SNAPSHOT.jar:?]
	at org.apache.hadoop.ozone.protocolPB.OzoneManagerProtocolServerSideTranslatorPB.submitRequest(OzoneManagerProtocolServerSideTranslatorPB.java:147) [ozone-manager-1.3.0-SNAPSHOT.jar:?]
	at org.apache.hadoop.ozone.protocol.proto.OzoneManagerProtocolProtos$OzoneManagerService$2.callBlockingMethod(OzoneManagerProtocolProtos.java) [ozone-interface-client-1.3.0-SNAPSHOT.jar:?]
	at org.apache.hadoop.ipc.ProtobufRpcEngine$Server.processCall(ProtobufRpcEngine.java:466) [hadoop-common-3.3.1.jar:?]
	at org.apache.hadoop.ipc.ProtobufRpcEngine2$Server$ProtoBufRpcInvoker.call(ProtobufRpcEngine2.java:574) [hadoop-common-3.3.1.jar:?]
	at org.apache.hadoop.ipc.ProtobufRpcEngine2$Server$ProtoBufRpcInvoker.call(ProtobufRpcEngine2.java:552) [hadoop-common-3.3.1.jar:?]
	at org.apache.hadoop.ipc.RPC$Server.call(RPC.java:1093) [hadoop-common-3.3.1.jar:?]
	at org.apache.hadoop.ipc.Server$RpcCall.run(Server.java:1035) [hadoop-common-3.3.1.jar:?]
	at org.apache.hadoop.ipc.Server$RpcCall.run(Server.java:963) [hadoop-common-3.3.1.jar:?]
	at java.security.AccessController.doPrivileged(Native Method) ~[?:1.8.0_345]
	at javax.security.auth.Subject.doAs(Subject.java:422) [?:1.8.0_345]
	at org.apache.hadoop.security.UserGroupInformation.doAs(UserGroupInformation.java:1878) [hadoop-common-3.3.1.jar:?]
	at org.apache.hadoop.ipc.Server$Handler.run(Server.java:2966) [hadoop-common-3.3.1.jar:?]
2022-10-06 01:03:41,241 [Time-limited test] WARN  ozone.BasicRootedOzoneFileSystem (BasicRootedOzoneFileSystem.java:getFileStatus(879)) - GetFileStatus failed for path /volume-47606/bucket-57938/.Trash/runner
java.io.FileNotFoundException: .Trash/runner: No such file or directory!
	at org.apache.hadoop.fs.ozone.BasicRootedOzoneClientAdapterImpl.getFileStatus(BasicRootedOzoneClientAdapterImpl.java:617)
	at org.apache.hadoop.fs.ozone.BasicRootedOzoneFileSystem.getFileStatus(BasicRootedOzoneFileSystem.java:869)
	at org.apache.hadoop.fs.FileSystem.exists(FileSystem.java:1760)
	at org.apache.hadoop.fs.ozone.BasicRootedOzoneFileSystem.exists(BasicRootedOzoneFileSystem.java:918)
	at org.apache.hadoop.fs.ozone.BasicRootedOzoneClientAdapterImpl.getTrashRoots(BasicRootedOzoneClientAdapterImpl.java:669)
	at org.apache.hadoop.fs.ozone.BasicRootedOzoneFileSystem.getTrashRoots(BasicRootedOzoneFileSystem.java:824)
	at org.apache.hadoop.fs.ozone.TestRootedOzoneFileSystem.testGetTrashRoots(TestRootedOzoneFileSystem.java:1508)
	at sun.reflect.NativeMethodAccessorImpl.invoke0(Native Method)
	at sun.reflect.NativeMethodAccessorImpl.invoke(NativeMethodAccessorImpl.java:62)
	at sun.reflect.DelegatingMethodAccessorImpl.invoke(DelegatingMethodAccessorImpl.java:43)
	at java.lang.reflect.Method.invoke(Method.java:498)
	at org.junit.runners.model.FrameworkMethod$1.runReflectiveCall(FrameworkMethod.java:59)
	at org.junit.internal.runners.model.ReflectiveCallable.run(ReflectiveCallable.java:12)
	at org.junit.runners.model.FrameworkMethod.invokeExplosively(FrameworkMethod.java:56)
	at org.junit.internal.runners.statements.InvokeMethod.evaluate(InvokeMethod.java:17)
	at org.junit.internal.runners.statements.RunBefores.evaluate(RunBefores.java:26)
	at org.junit.internal.runners.statements.RunAfters.evaluate(RunAfters.java:27)
	at org.junit.internal.runners.statements.FailOnTimeout$CallableStatement.call(FailOnTimeout.java:288)
	at org.junit.internal.runners.statements.FailOnTimeout$CallableStatement.call(FailOnTimeout.java:282)
	at java.util.concurrent.FutureTask.run(FutureTask.java:266)
	at java.lang.Thread.run(Thread.java:750)
01:03:41.243 [IPC Server handler 19 on default port 34317] ERROR OMAudit - user=runner | ip=127.0.0.1 | op=GET_FILE_STATUS {volume=volume08061, bucket=bucket32681, key=.Trash/runner, dataSize=0, replicationConfig=null} | ret=FAILURE
org.apache.hadoop.ozone.om.exceptions.OMException: Unable to get file status: volume: volume08061 bucket: bucket32681 key: .Trash/runner
	at org.apache.hadoop.ozone.om.KeyManagerImpl.getOzoneFileStatusFSO(KeyManagerImpl.java:1389) ~[ozone-manager-1.3.0-SNAPSHOT.jar:?]
	at org.apache.hadoop.ozone.om.KeyManagerImpl.getFileStatus(KeyManagerImpl.java:1252) ~[ozone-manager-1.3.0-SNAPSHOT.jar:?]
	at org.apache.hadoop.ozone.om.OzoneManager.getFileStatus(OzoneManager.java:3507) ~[ozone-manager-1.3.0-SNAPSHOT.jar:?]
	at org.apache.hadoop.ozone.protocolPB.OzoneManagerRequestHandler.getOzoneFileStatus(OzoneManagerRequestHandler.java:882) ~[ozone-manager-1.3.0-SNAPSHOT.jar:?]
	at org.apache.hadoop.ozone.protocolPB.OzoneManagerRequestHandler.handleReadRequest(OzoneManagerRequestHandler.java:228) ~[ozone-manager-1.3.0-SNAPSHOT.jar:?]
	at org.apache.hadoop.ozone.protocolPB.OzoneManagerProtocolServerSideTranslatorPB.submitReadRequestToOM(OzoneManagerProtocolServerSideTranslatorPB.java:226) ~[ozone-manager-1.3.0-SNAPSHOT.jar:?]
	at org.apache.hadoop.ozone.protocolPB.OzoneManagerProtocolServerSideTranslatorPB.processRequest(OzoneManagerProtocolServerSideTranslatorPB.java:175) ~[ozone-manager-1.3.0-SNAPSHOT.jar:?]
	at org.apache.hadoop.hdds.server.OzoneProtocolMessageDispatcher.processRequest(OzoneProtocolMessageDispatcher.java:87) [hdds-server-framework-1.3.0-SNAPSHOT.jar:?]
	at org.apache.hadoop.ozone.protocolPB.OzoneManagerProtocolServerSideTranslatorPB.submitRequest(OzoneManagerProtocolServerSideTranslatorPB.java:147) [ozone-manager-1.3.0-SNAPSHOT.jar:?]
	at org.apache.hadoop.ozone.protocol.proto.OzoneManagerProtocolProtos$OzoneManagerService$2.callBlockingMethod(OzoneManagerProtocolProtos.java) [ozone-interface-client-1.3.0-SNAPSHOT.jar:?]
	at org.apache.hadoop.ipc.ProtobufRpcEngine$Server.processCall(ProtobufRpcEngine.java:466) [hadoop-common-3.3.1.jar:?]
	at org.apache.hadoop.ipc.ProtobufRpcEngine2$Server$ProtoBufRpcInvoker.call(ProtobufRpcEngine2.java:574) [hadoop-common-3.3.1.jar:?]
	at org.apache.hadoop.ipc.ProtobufRpcEngine2$Server$ProtoBufRpcInvoker.call(ProtobufRpcEngine2.java:552) [hadoop-common-3.3.1.jar:?]
	at org.apache.hadoop.ipc.RPC$Server.call(RPC.java:1093) [hadoop-common-3.3.1.jar:?]
	at org.apache.hadoop.ipc.Server$RpcCall.run(Server.java:1035) [hadoop-common-3.3.1.jar:?]
	at org.apache.hadoop.ipc.Server$RpcCall.run(Server.java:963) [hadoop-common-3.3.1.jar:?]
	at java.security.AccessController.doPrivileged(Native Method) ~[?:1.8.0_345]
	at javax.security.auth.Subject.doAs(Subject.java:422) [?:1.8.0_345]
	at org.apache.hadoop.security.UserGroupInformation.doAs(UserGroupInformation.java:1878) [hadoop-common-3.3.1.jar:?]
	at org.apache.hadoop.ipc.Server$Handler.run(Server.java:2966) [hadoop-common-3.3.1.jar:?]
2022-10-06 01:03:41,243 [Time-limited test] WARN  ozone.BasicRootedOzoneFileSystem (BasicRootedOzoneFileSystem.java:getFileStatus(879)) - GetFileStatus failed for path /volume08061/bucket32681/.Trash/runner
java.io.FileNotFoundException: .Trash/runner: No such file or directory!
	at org.apache.hadoop.fs.ozone.BasicRootedOzoneClientAdapterImpl.getFileStatus(BasicRootedOzoneClientAdapterImpl.java:617)
	at org.apache.hadoop.fs.ozone.BasicRootedOzoneFileSystem.getFileStatus(BasicRootedOzoneFileSystem.java:869)
	at org.apache.hadoop.fs.FileSystem.exists(FileSystem.java:1760)
	at org.apache.hadoop.fs.ozone.BasicRootedOzoneFileSystem.exists(BasicRootedOzoneFileSystem.java:918)
	at org.apache.hadoop.fs.ozone.BasicRootedOzoneClientAdapterImpl.getTrashRoots(BasicRootedOzoneClientAdapterImpl.java:669)
	at org.apache.hadoop.fs.ozone.BasicRootedOzoneFileSystem.getTrashRoots(BasicRootedOzoneFileSystem.java:824)
	at org.apache.hadoop.fs.ozone.TestRootedOzoneFileSystem.testGetTrashRoots(TestRootedOzoneFileSystem.java:1508)
	at sun.reflect.NativeMethodAccessorImpl.invoke0(Native Method)
	at sun.reflect.NativeMethodAccessorImpl.invoke(NativeMethodAccessorImpl.java:62)
	at sun.reflect.DelegatingMethodAccessorImpl.invoke(DelegatingMethodAccessorImpl.java:43)
	at java.lang.reflect.Method.invoke(Method.java:498)
	at org.junit.runners.model.FrameworkMethod$1.runReflectiveCall(FrameworkMethod.java:59)
	at org.junit.internal.runners.model.ReflectiveCallable.run(ReflectiveCallable.java:12)
	at org.junit.runners.model.FrameworkMethod.invokeExplosively(FrameworkMethod.java:56)
	at org.junit.internal.runners.statements.InvokeMethod.evaluate(InvokeMethod.java:17)
	at org.junit.internal.runners.statements.RunBefores.evaluate(RunBefores.java:26)
	at org.junit.internal.runners.statements.RunAfters.evaluate(RunAfters.java:27)
	at org.junit.internal.runners.statements.FailOnTimeout$CallableStatement.call(FailOnTimeout.java:288)
	at org.junit.internal.runners.statements.FailOnTimeout$CallableStatement.call(FailOnTimeout.java:282)
	at java.util.concurrent.FutureTask.run(FutureTask.java:266)
	at java.lang.Thread.run(Thread.java:750)
01:03:41.249 [IPC Server handler 7 on default port 34317] ERROR OMAudit - user=runner | ip=127.0.0.1 | op=GET_FILE_STATUS {volume=volume52277, bucket=trashroottest2, key=.Trash/runner, dataSize=0, replicationConfig=null} | ret=FAILURE
org.apache.hadoop.ozone.om.exceptions.OMException: Unable to get file status: volume: volume52277 bucket: trashroottest2 key: .Trash/runner
	at org.apache.hadoop.ozone.om.KeyManagerImpl.getOzoneFileStatusFSO(KeyManagerImpl.java:1389) ~[ozone-manager-1.3.0-SNAPSHOT.jar:?]
	at org.apache.hadoop.ozone.om.KeyManagerImpl.getFileStatus(KeyManagerImpl.java:1252) ~[ozone-manager-1.3.0-SNAPSHOT.jar:?]
	at org.apache.hadoop.ozone.om.OzoneManager.getFileStatus(OzoneManager.java:3507) ~[ozone-manager-1.3.0-SNAPSHOT.jar:?]
	at org.apache.hadoop.ozone.protocolPB.OzoneManagerRequestHandler.getOzoneFileStatus(OzoneManagerRequestHandler.java:882) ~[ozone-manager-1.3.0-SNAPSHOT.jar:?]
	at org.apache.hadoop.ozone.protocolPB.OzoneManagerRequestHandler.handleReadRequest(OzoneManagerRequestHandler.java:228) ~[ozone-manager-1.3.0-SNAPSHOT.jar:?]
	at org.apache.hadoop.ozone.protocolPB.OzoneManagerProtocolServerSideTranslatorPB.submitReadRequestToOM(OzoneManagerProtocolServerSideTranslatorPB.java:226) ~[ozone-manager-1.3.0-SNAPSHOT.jar:?]
	at org.apache.hadoop.ozone.protocolPB.OzoneManagerProtocolServerSideTranslatorPB.processRequest(OzoneManagerProtocolServerSideTranslatorPB.java:175) ~[ozone-manager-1.3.0-SNAPSHOT.jar:?]
	at org.apache.hadoop.hdds.server.OzoneProtocolMessageDispatcher.processRequest(OzoneProtocolMessageDispatcher.java:87) [hdds-server-framework-1.3.0-SNAPSHOT.jar:?]
	at org.apache.hadoop.ozone.protocolPB.OzoneManagerProtocolServerSideTranslatorPB.submitRequest(OzoneManagerProtocolServerSideTranslatorPB.java:147) [ozone-manager-1.3.0-SNAPSHOT.jar:?]
	at org.apache.hadoop.ozone.protocol.proto.OzoneManagerProtocolProtos$OzoneManagerService$2.callBlockingMethod(OzoneManagerProtocolProtos.java) [ozone-interface-client-1.3.0-SNAPSHOT.jar:?]
	at org.apache.hadoop.ipc.ProtobufRpcEngine$Server.processCall(ProtobufRpcEngine.java:466) [hadoop-common-3.3.1.jar:?]
	at org.apache.hadoop.ipc.ProtobufRpcEngine2$Server$ProtoBufRpcInvoker.call(ProtobufRpcEngine2.java:574) [hadoop-common-3.3.1.jar:?]
	at org.apache.hadoop.ipc.ProtobufRpcEngine2$Server$ProtoBufRpcInvoker.call(ProtobufRpcEngine2.java:552) [hadoop-common-3.3.1.jar:?]
	at org.apache.hadoop.ipc.RPC$Server.call(RPC.java:1093) [hadoop-common-3.3.1.jar:?]
	at org.apache.hadoop.ipc.Server$RpcCall.run(Server.java:1035) [hadoop-common-3.3.1.jar:?]
	at org.apache.hadoop.ipc.Server$RpcCall.run(Server.java:963) [hadoop-common-3.3.1.jar:?]
	at java.security.AccessController.doPrivileged(Native Method) ~[?:1.8.0_345]
	at javax.security.auth.Subject.doAs(Subject.java:422) [?:1.8.0_345]
	at org.apache.hadoop.security.UserGroupInformation.doAs(UserGroupInformation.java:1878) [hadoop-common-3.3.1.jar:?]
	at org.apache.hadoop.ipc.Server$Handler.run(Server.java:2966) [hadoop-common-3.3.1.jar:?]
2022-10-06 01:03:41,250 [Time-limited test] WARN  ozone.BasicRootedOzoneFileSystem (BasicRootedOzoneFileSystem.java:getFileStatus(879)) - GetFileStatus failed for path /volume52277/trashroottest2/.Trash/runner
java.io.FileNotFoundException: .Trash/runner: No such file or directory!
	at org.apache.hadoop.fs.ozone.BasicRootedOzoneClientAdapterImpl.getFileStatus(BasicRootedOzoneClientAdapterImpl.java:617)
	at org.apache.hadoop.fs.ozone.BasicRootedOzoneFileSystem.getFileStatus(BasicRootedOzoneFileSystem.java:869)
	at org.apache.hadoop.fs.FileSystem.exists(FileSystem.java:1760)
	at org.apache.hadoop.fs.ozone.BasicRootedOzoneFileSystem.exists(BasicRootedOzoneFileSystem.java:918)
	at org.apache.hadoop.fs.ozone.BasicRootedOzoneClientAdapterImpl.getTrashRoots(BasicRootedOzoneClientAdapterImpl.java:669)
	at org.apache.hadoop.fs.ozone.BasicRootedOzoneFileSystem.getTrashRoots(BasicRootedOzoneFileSystem.java:824)
	at org.apache.hadoop.fs.ozone.TestRootedOzoneFileSystem.testGetTrashRoots(TestRootedOzoneFileSystem.java:1508)
	at sun.reflect.NativeMethodAccessorImpl.invoke0(Native Method)
	at sun.reflect.NativeMethodAccessorImpl.invoke(NativeMethodAccessorImpl.java:62)
	at sun.reflect.DelegatingMethodAccessorImpl.invoke(DelegatingMethodAccessorImpl.java:43)
	at java.lang.reflect.Method.invoke(Method.java:498)
	at org.junit.runners.model.FrameworkMethod$1.runReflectiveCall(FrameworkMethod.java:59)
	at org.junit.internal.runners.model.ReflectiveCallable.run(ReflectiveCallable.java:12)
	at org.junit.runners.model.FrameworkMethod.invokeExplosively(FrameworkMethod.java:56)
	at org.junit.internal.runners.statements.InvokeMethod.evaluate(InvokeMethod.java:17)
	at org.junit.internal.runners.statements.RunBefores.evaluate(RunBefores.java:26)
	at org.junit.internal.runners.statements.RunAfters.evaluate(RunAfters.java:27)
	at org.junit.internal.runners.statements.FailOnTimeout$CallableStatement.call(FailOnTimeout.java:288)
	at org.junit.internal.runners.statements.FailOnTimeout$CallableStatement.call(FailOnTimeout.java:282)
	at java.util.concurrent.FutureTask.run(FutureTask.java:266)
	at java.lang.Thread.run(Thread.java:750)
01:03:41.252 [IPC Server handler 9 on default port 34317] ERROR OMAudit - user=runner | ip=127.0.0.1 | op=GET_FILE_STATUS {volume=volume-15061, bucket=bucket-75004, key=.Trash/runner, dataSize=0, replicationConfig=null} | ret=FAILURE
org.apache.hadoop.ozone.om.exceptions.OMException: Unable to get file status: volume: volume-15061 bucket: bucket-75004 key: .Trash/runner
	at org.apache.hadoop.ozone.om.KeyManagerImpl.getOzoneFileStatusFSO(KeyManagerImpl.java:1389) ~[ozone-manager-1.3.0-SNAPSHOT.jar:?]
	at org.apache.hadoop.ozone.om.KeyManagerImpl.getFileStatus(KeyManagerImpl.java:1252) ~[ozone-manager-1.3.0-SNAPSHOT.jar:?]
	at org.apache.hadoop.ozone.om.OzoneManager.getFileStatus(OzoneManager.java:3507) ~[ozone-manager-1.3.0-SNAPSHOT.jar:?]
	at org.apache.hadoop.ozone.protocolPB.OzoneManagerRequestHandler.getOzoneFileStatus(OzoneManagerRequestHandler.java:882) ~[ozone-manager-1.3.0-SNAPSHOT.jar:?]
	at org.apache.hadoop.ozone.protocolPB.OzoneManagerRequestHandler.handleReadRequest(OzoneManagerRequestHandler.java:228) ~[ozone-manager-1.3.0-SNAPSHOT.jar:?]
	at org.apache.hadoop.ozone.protocolPB.OzoneManagerProtocolServerSideTranslatorPB.submitReadRequestToOM(OzoneManagerProtocolServerSideTranslatorPB.java:226) ~[ozone-manager-1.3.0-SNAPSHOT.jar:?]
	at org.apache.hadoop.ozone.protocolPB.OzoneManagerProtocolServerSideTranslatorPB.processRequest(OzoneManagerProtocolServerSideTranslatorPB.java:175) ~[ozone-manager-1.3.0-SNAPSHOT.jar:?]
	at org.apache.hadoop.hdds.server.OzoneProtocolMessageDispatcher.processRequest(OzoneProtocolMessageDispatcher.java:87) [hdds-server-framework-1.3.0-SNAPSHOT.jar:?]
	at org.apache.hadoop.ozone.protocolPB.OzoneManagerProtocolServerSideTranslatorPB.submitRequest(OzoneManagerProtocolServerSideTranslatorPB.java:147) [ozone-manager-1.3.0-SNAPSHOT.jar:?]
	at org.apache.hadoop.ozone.protocol.proto.OzoneManagerProtocolProtos$OzoneManagerService$2.callBlockingMethod(OzoneManagerProtocolProtos.java) [ozone-interface-client-1.3.0-SNAPSHOT.jar:?]
	at org.apache.hadoop.ipc.ProtobufRpcEngine$Server.processCall(ProtobufRpcEngine.java:466) [hadoop-common-3.3.1.jar:?]
	at org.apache.hadoop.ipc.ProtobufRpcEngine2$Server$ProtoBufRpcInvoker.call(ProtobufRpcEngine2.java:574) [hadoop-common-3.3.1.jar:?]
	at org.apache.hadoop.ipc.ProtobufRpcEngine2$Server$ProtoBufRpcInvoker.call(ProtobufRpcEngine2.java:552) [hadoop-common-3.3.1.jar:?]
	at org.apache.hadoop.ipc.RPC$Server.call(RPC.java:1093) [hadoop-common-3.3.1.jar:?]
	at org.apache.hadoop.ipc.Server$RpcCall.run(Server.java:1035) [hadoop-common-3.3.1.jar:?]
	at org.apache.hadoop.ipc.Server$RpcCall.run(Server.java:963) [hadoop-common-3.3.1.jar:?]
	at java.security.AccessController.doPrivileged(Native Method) ~[?:1.8.0_345]
	at javax.security.auth.Subject.doAs(Subject.java:422) [?:1.8.0_345]
	at org.apache.hadoop.security.UserGroupInformation.doAs(UserGroupInformation.java:1878) [hadoop-common-3.3.1.jar:?]
	at org.apache.hadoop.ipc.Server$Handler.run(Server.java:2966) [hadoop-common-3.3.1.jar:?]
2022-10-06 01:03:41,254 [Time-limited test] WARN  ozone.BasicRootedOzoneFileSystem (BasicRootedOzoneFileSystem.java:getFileStatus(879)) - GetFileStatus failed for path /volume-15061/bucket-75004/.Trash/runner
java.io.FileNotFoundException: .Trash/runner: No such file or directory!
	at org.apache.hadoop.fs.ozone.BasicRootedOzoneClientAdapterImpl.getFileStatus(BasicRootedOzoneClientAdapterImpl.java:617)
	at org.apache.hadoop.fs.ozone.BasicRootedOzoneFileSystem.getFileStatus(BasicRootedOzoneFileSystem.java:869)
	at org.apache.hadoop.fs.FileSystem.exists(FileSystem.java:1760)
	at org.apache.hadoop.fs.ozone.BasicRootedOzoneFileSystem.exists(BasicRootedOzoneFileSystem.java:918)
	at org.apache.hadoop.fs.ozone.BasicRootedOzoneClientAdapterImpl.getTrashRoots(BasicRootedOzoneClientAdapterImpl.java:669)
	at org.apache.hadoop.fs.ozone.BasicRootedOzoneFileSystem.getTrashRoots(BasicRootedOzoneFileSystem.java:824)
	at org.apache.hadoop.fs.ozone.TestRootedOzoneFileSystem.testGetTrashRoots(TestRootedOzoneFileSystem.java:1508)
	at sun.reflect.NativeMethodAccessorImpl.invoke0(Native Method)
	at sun.reflect.NativeMethodAccessorImpl.invoke(NativeMethodAccessorImpl.java:62)
	at sun.reflect.DelegatingMethodAccessorImpl.invoke(DelegatingMethodAccessorImpl.java:43)
	at java.lang.reflect.Method.invoke(Method.java:498)
	at org.junit.runners.model.FrameworkMethod$1.runReflectiveCall(FrameworkMethod.java:59)
	at org.junit.internal.runners.model.ReflectiveCallable.run(ReflectiveCallable.java:12)
	at org.junit.runners.model.FrameworkMethod.invokeExplosively(FrameworkMethod.java:56)
	at org.junit.internal.runners.statements.InvokeMethod.evaluate(InvokeMethod.java:17)
	at org.junit.internal.runners.statements.RunBefores.evaluate(RunBefores.java:26)
	at org.junit.internal.runners.statements.RunAfters.evaluate(RunAfters.java:27)
	at org.junit.internal.runners.statements.FailOnTimeout$CallableStatement.call(FailOnTimeout.java:288)
	at org.junit.internal.runners.statements.FailOnTimeout$CallableStatement.call(FailOnTimeout.java:282)
	at java.util.concurrent.FutureTask.run(FutureTask.java:266)
	at java.lang.Thread.run(Thread.java:750)
01:03:41.256 [IPC Server handler 14 on default port 34317] ERROR OMAudit - user=runner | ip=127.0.0.1 | op=GET_FILE_STATUS {volume=volume-70220, bucket=bucket3, key=.Trash/runner, dataSize=0, replicationConfig=null} | ret=FAILURE
org.apache.hadoop.ozone.om.exceptions.OMException: Unable to get file status: volume: volume-70220 bucket: bucket3 key: .Trash/runner
	at org.apache.hadoop.ozone.om.KeyManagerImpl.getOzoneFileStatusFSO(KeyManagerImpl.java:1389) ~[ozone-manager-1.3.0-SNAPSHOT.jar:?]
	at org.apache.hadoop.ozone.om.KeyManagerImpl.getFileStatus(KeyManagerImpl.java:1252) ~[ozone-manager-1.3.0-SNAPSHOT.jar:?]
	at org.apache.hadoop.ozone.om.OzoneManager.getFileStatus(OzoneManager.java:3507) ~[ozone-manager-1.3.0-SNAPSHOT.jar:?]
	at org.apache.hadoop.ozone.protocolPB.OzoneManagerRequestHandler.getOzoneFileStatus(OzoneManagerRequestHandler.java:882) ~[ozone-manager-1.3.0-SNAPSHOT.jar:?]
	at org.apache.hadoop.ozone.protocolPB.OzoneManagerRequestHandler.handleReadRequest(OzoneManagerRequestHandler.java:228) ~[ozone-manager-1.3.0-SNAPSHOT.jar:?]
	at org.apache.hadoop.ozone.protocolPB.OzoneManagerProtocolServerSideTranslatorPB.submitReadRequestToOM(OzoneManagerProtocolServerSideTranslatorPB.java:226) ~[ozone-manager-1.3.0-SNAPSHOT.jar:?]
	at org.apache.hadoop.ozone.protocolPB.OzoneManagerProtocolServerSideTranslatorPB.processRequest(OzoneManagerProtocolServerSideTranslatorPB.java:175) ~[ozone-manager-1.3.0-SNAPSHOT.jar:?]
	at org.apache.hadoop.hdds.server.OzoneProtocolMessageDispatcher.processRequest(OzoneProtocolMessageDispatcher.java:87) [hdds-server-framework-1.3.0-SNAPSHOT.jar:?]
	at org.apache.hadoop.ozone.protocolPB.OzoneManagerProtocolServerSideTranslatorPB.submitRequest(OzoneManagerProtocolServerSideTranslatorPB.java:147) [ozone-manager-1.3.0-SNAPSHOT.jar:?]
	at org.apache.hadoop.ozone.protocol.proto.OzoneManagerProtocolProtos$OzoneManagerService$2.callBlockingMethod(OzoneManagerProtocolProtos.java) [ozone-interface-client-1.3.0-SNAPSHOT.jar:?]
	at org.apache.hadoop.ipc.ProtobufRpcEngine$Server.processCall(ProtobufRpcEngine.java:466) [hadoop-common-3.3.1.jar:?]
	at org.apache.hadoop.ipc.ProtobufRpcEngine2$Server$ProtoBufRpcInvoker.call(ProtobufRpcEngine2.java:574) [hadoop-common-3.3.1.jar:?]
	at org.apache.hadoop.ipc.ProtobufRpcEngine2$Server$ProtoBufRpcInvoker.call(ProtobufRpcEngine2.java:552) [hadoop-common-3.3.1.jar:?]
	at org.apache.hadoop.ipc.RPC$Server.call(RPC.java:1093) [hadoop-common-3.3.1.jar:?]
	at org.apache.hadoop.ipc.Server$RpcCall.run(Server.java:1035) [hadoop-common-3.3.1.jar:?]
	at org.apache.hadoop.ipc.Server$RpcCall.run(Server.java:963) [hadoop-common-3.3.1.jar:?]
	at java.security.AccessController.doPrivileged(Native Method) ~[?:1.8.0_345]
	at javax.security.auth.Subject.doAs(Subject.java:422) [?:1.8.0_345]
	at org.apache.hadoop.security.UserGroupInformation.doAs(UserGroupInformation.java:1878) [hadoop-common-3.3.1.jar:?]
	at org.apache.hadoop.ipc.Server$Handler.run(Server.java:2966) [hadoop-common-3.3.1.jar:?]
2022-10-06 01:03:41,256 [Time-limited test] WARN  ozone.BasicRootedOzoneFileSystem (BasicRootedOzoneFileSystem.java:getFileStatus(879)) - GetFileStatus failed for path /volume-70220/bucket3/.Trash/runner
java.io.FileNotFoundException: .Trash/runner: No such file or directory!
	at org.apache.hadoop.fs.ozone.BasicRootedOzoneClientAdapterImpl.getFileStatus(BasicRootedOzoneClientAdapterImpl.java:617)
	at org.apache.hadoop.fs.ozone.BasicRootedOzoneFileSystem.getFileStatus(BasicRootedOzoneFileSystem.java:869)
	at org.apache.hadoop.fs.FileSystem.exists(FileSystem.java:1760)
	at org.apache.hadoop.fs.ozone.BasicRootedOzoneFileSystem.exists(BasicRootedOzoneFileSystem.java:918)
	at org.apache.hadoop.fs.ozone.BasicRootedOzoneClientAdapterImpl.getTrashRoots(BasicRootedOzoneClientAdapterImpl.java:669)
	at org.apache.hadoop.fs.ozone.BasicRootedOzoneFileSystem.getTrashRoots(BasicRootedOzoneFileSystem.java:824)
	at org.apache.hadoop.fs.ozone.TestRootedOzoneFileSystem.testGetTrashRoots(TestRootedOzoneFileSystem.java:1508)
	at sun.reflect.NativeMethodAccessorImpl.invoke0(Native Method)
	at sun.reflect.NativeMethodAccessorImpl.invoke(NativeMethodAccessorImpl.java:62)
	at sun.reflect.DelegatingMethodAccessorImpl.invoke(DelegatingMethodAccessorImpl.java:43)
	at java.lang.reflect.Method.invoke(Method.java:498)
	at org.junit.runners.model.FrameworkMethod$1.runReflectiveCall(FrameworkMethod.java:59)
	at org.junit.internal.runners.model.ReflectiveCallable.run(ReflectiveCallable.java:12)
	at org.junit.runners.model.FrameworkMethod.invokeExplosively(FrameworkMethod.java:56)
	at org.junit.internal.runners.statements.InvokeMethod.evaluate(InvokeMethod.java:17)
	at org.junit.internal.runners.statements.RunBefores.evaluate(RunBefores.java:26)
	at org.junit.internal.runners.statements.RunAfters.evaluate(RunAfters.java:27)
	at org.junit.internal.runners.statements.FailOnTimeout$CallableStatement.call(FailOnTimeout.java:288)
	at org.junit.internal.runners.statements.FailOnTimeout$CallableStatement.call(FailOnTimeout.java:282)
	at java.util.concurrent.FutureTask.run(FutureTask.java:266)
	at java.lang.Thread.run(Thread.java:750)
01:03:41.265 [IPC Server handler 3 on default port 34317] ERROR OMAudit - user=runner | ip=127.0.0.1 | op=GET_FILE_STATUS {volume=41812c2c-f6d7-4f0f-be5c-cc1f0b07cd78, bucket=0df5328d-eeb1-4c32-87ea-33cd10a8a7f6, key=.Trash, dataSize=0, replicationConfig=null} | ret=FAILURE
org.apache.hadoop.ozone.om.exceptions.OMException: Unable to get file status: volume: 41812c2c-f6d7-4f0f-be5c-cc1f0b07cd78 bucket: 0df5328d-eeb1-4c32-87ea-33cd10a8a7f6 key: .Trash
	at org.apache.hadoop.ozone.om.KeyManagerImpl.getOzoneFileStatus(KeyManagerImpl.java:1324) ~[ozone-manager-1.3.0-SNAPSHOT.jar:?]
	at org.apache.hadoop.ozone.om.KeyManagerImpl.getFileStatus(KeyManagerImpl.java:1254) ~[ozone-manager-1.3.0-SNAPSHOT.jar:?]
	at org.apache.hadoop.ozone.om.OzoneManager.getFileStatus(OzoneManager.java:3507) ~[ozone-manager-1.3.0-SNAPSHOT.jar:?]
	at org.apache.hadoop.ozone.protocolPB.OzoneManagerRequestHandler.getOzoneFileStatus(OzoneManagerRequestHandler.java:882) ~[ozone-manager-1.3.0-SNAPSHOT.jar:?]
	at org.apache.hadoop.ozone.protocolPB.OzoneManagerRequestHandler.handleReadRequest(OzoneManagerRequestHandler.java:228) ~[ozone-manager-1.3.0-SNAPSHOT.jar:?]
	at org.apache.hadoop.ozone.protocolPB.OzoneManagerProtocolServerSideTranslatorPB.submitReadRequestToOM(OzoneManagerProtocolServerSideTranslatorPB.java:226) ~[ozone-manager-1.3.0-SNAPSHOT.jar:?]
	at org.apache.hadoop.ozone.protocolPB.OzoneManagerProtocolServerSideTranslatorPB.processRequest(OzoneManagerProtocolServerSideTranslatorPB.java:175) ~[ozone-manager-1.3.0-SNAPSHOT.jar:?]
	at org.apache.hadoop.hdds.server.OzoneProtocolMessageDispatcher.processRequest(OzoneProtocolMessageDispatcher.java:87) [hdds-server-framework-1.3.0-SNAPSHOT.jar:?]
	at org.apache.hadoop.ozone.protocolPB.OzoneManagerProtocolServerSideTranslatorPB.submitRequest(OzoneManagerProtocolServerSideTranslatorPB.java:147) [ozone-manager-1.3.0-SNAPSHOT.jar:?]
	at org.apache.hadoop.ozone.protocol.proto.OzoneManagerProtocolProtos$OzoneManagerService$2.callBlockingMethod(OzoneManagerProtocolProtos.java) [ozone-interface-client-1.3.0-SNAPSHOT.jar:?]
	at org.apache.hadoop.ipc.ProtobufRpcEngine$Server.processCall(ProtobufRpcEngine.java:466) [hadoop-common-3.3.1.jar:?]
	at org.apache.hadoop.ipc.ProtobufRpcEngine2$Server$ProtoBufRpcInvoker.call(ProtobufRpcEngine2.java:574) [hadoop-common-3.3.1.jar:?]
	at org.apache.hadoop.ipc.ProtobufRpcEngine2$Server$ProtoBufRpcInvoker.call(ProtobufRpcEngine2.java:552) [hadoop-common-3.3.1.jar:?]
	at org.apache.hadoop.ipc.RPC$Server.call(RPC.java:1093) [hadoop-common-3.3.1.jar:?]
	at org.apache.hadoop.ipc.Server$RpcCall.run(Server.java:1035) [hadoop-common-3.3.1.jar:?]
	at org.apache.hadoop.ipc.Server$RpcCall.run(Server.java:963) [hadoop-common-3.3.1.jar:?]
	at java.security.AccessController.doPrivileged(Native Method) ~[?:1.8.0_345]
	at javax.security.auth.Subject.doAs(Subject.java:422) [?:1.8.0_345]
	at org.apache.hadoop.security.UserGroupInformation.doAs(UserGroupInformation.java:1878) [hadoop-common-3.3.1.jar:?]
	at org.apache.hadoop.ipc.Server$Handler.run(Server.java:2966) [hadoop-common-3.3.1.jar:?]
2022-10-06 01:03:41,265 [Time-limited test] WARN  ozone.BasicRootedOzoneFileSystem (BasicRootedOzoneFileSystem.java:getFileStatus(879)) - GetFileStatus failed for path /41812c2c-f6d7-4f0f-be5c-cc1f0b07cd78/0df5328d-eeb1-4c32-87ea-33cd10a8a7f6/.Trash
java.io.FileNotFoundException: .Trash: No such file or directory!
	at org.apache.hadoop.fs.ozone.BasicRootedOzoneClientAdapterImpl.getFileStatus(BasicRootedOzoneClientAdapterImpl.java:617)
	at org.apache.hadoop.fs.ozone.BasicRootedOzoneFileSystem.getFileStatus(BasicRootedOzoneFileSystem.java:869)
	at org.apache.hadoop.fs.FileSystem.exists(FileSystem.java:1760)
	at org.apache.hadoop.fs.ozone.BasicRootedOzoneFileSystem.exists(BasicRootedOzoneFileSystem.java:918)
	at org.apache.hadoop.fs.ozone.BasicRootedOzoneClientAdapterImpl.getTrashRoots(BasicRootedOzoneClientAdapterImpl.java:660)
	at org.apache.hadoop.fs.ozone.BasicRootedOzoneFileSystem.getTrashRoots(BasicRootedOzoneFileSystem.java:824)
	at org.apache.hadoop.fs.ozone.TestRootedOzoneFileSystem.testGetTrashRoots(TestRootedOzoneFileSystem.java:1509)
	at sun.reflect.NativeMethodAccessorImpl.invoke0(Native Method)
	at sun.reflect.NativeMethodAccessorImpl.invoke(NativeMethodAccessorImpl.java:62)
	at sun.reflect.DelegatingMethodAccessorImpl.invoke(DelegatingMethodAccessorImpl.java:43)
	at java.lang.reflect.Method.invoke(Method.java:498)
	at org.junit.runners.model.FrameworkMethod$1.runReflectiveCall(FrameworkMethod.java:59)
	at org.junit.internal.runners.model.ReflectiveCallable.run(ReflectiveCallable.java:12)
	at org.junit.runners.model.FrameworkMethod.invokeExplosively(FrameworkMethod.java:56)
	at org.junit.internal.runners.statements.InvokeMethod.evaluate(InvokeMethod.java:17)
	at org.junit.internal.runners.statements.RunBefores.evaluate(RunBefores.java:26)
	at org.junit.internal.runners.statements.RunAfters.evaluate(RunAfters.java:27)
	at org.junit.internal.runners.statements.FailOnTimeout$CallableStatement.call(FailOnTimeout.java:288)
	at org.junit.internal.runners.statements.FailOnTimeout$CallableStatement.call(FailOnTimeout.java:282)
	at java.util.concurrent.FutureTask.run(FutureTask.java:266)
	at java.lang.Thread.run(Thread.java:750)
01:03:41.269 [IPC Server handler 7 on default port 34317] ERROR OMAudit - user=runner | ip=127.0.0.1 | op=GET_FILE_STATUS {volume=volume-15061, bucket=bucket-75004, key=.Trash, dataSize=0, replicationConfig=null} | ret=FAILURE
org.apache.hadoop.ozone.om.exceptions.OMException: Unable to get file status: volume: volume-15061 bucket: bucket-75004 key: .Trash
	at org.apache.hadoop.ozone.om.KeyManagerImpl.getOzoneFileStatusFSO(KeyManagerImpl.java:1389) ~[ozone-manager-1.3.0-SNAPSHOT.jar:?]
	at org.apache.hadoop.ozone.om.KeyManagerImpl.getFileStatus(KeyManagerImpl.java:1252) ~[ozone-manager-1.3.0-SNAPSHOT.jar:?]
	at org.apache.hadoop.ozone.om.OzoneManager.getFileStatus(OzoneManager.java:3507) ~[ozone-manager-1.3.0-SNAPSHOT.jar:?]
	at org.apache.hadoop.ozone.protocolPB.OzoneManagerRequestHandler.getOzoneFileStatus(OzoneManagerRequestHandler.java:882) ~[ozone-manager-1.3.0-SNAPSHOT.jar:?]
	at org.apache.hadoop.ozone.protocolPB.OzoneManagerRequestHandler.handleReadRequest(OzoneManagerRequestHandler.java:228) ~[ozone-manager-1.3.0-SNAPSHOT.jar:?]
	at org.apache.hadoop.ozone.protocolPB.OzoneManagerProtocolServerSideTranslatorPB.submitReadRequestToOM(OzoneManagerProtocolServerSideTranslatorPB.java:226) ~[ozone-manager-1.3.0-SNAPSHOT.jar:?]
	at org.apache.hadoop.ozone.protocolPB.OzoneManagerProtocolServerSideTranslatorPB.processRequest(OzoneManagerProtocolServerSideTranslatorPB.java:175) ~[ozone-manager-1.3.0-SNAPSHOT.jar:?]
	at org.apache.hadoop.hdds.server.OzoneProtocolMessageDispatcher.processRequest(OzoneProtocolMessageDispatcher.java:87) [hdds-server-framework-1.3.0-SNAPSHOT.jar:?]
	at org.apache.hadoop.ozone.protocolPB.OzoneManagerProtocolServerSideTranslatorPB.submitRequest(OzoneManagerProtocolServerSideTranslatorPB.java:147) [ozone-manager-1.3.0-SNAPSHOT.jar:?]
	at org.apache.hadoop.ozone.protocol.proto.OzoneManagerProtocolProtos$OzoneManagerService$2.callBlockingMethod(OzoneManagerProtocolProtos.java) [ozone-interface-client-1.3.0-SNAPSHOT.jar:?]
	at org.apache.hadoop.ipc.ProtobufRpcEngine$Server.processCall(ProtobufRpcEngine.java:466) [hadoop-common-3.3.1.jar:?]
	at org.apache.hadoop.ipc.ProtobufRpcEngine2$Server$ProtoBufRpcInvoker.call(ProtobufRpcEngine2.java:574) [hadoop-common-3.3.1.jar:?]
	at org.apache.hadoop.ipc.ProtobufRpcEngine2$Server$ProtoBufRpcInvoker.call(ProtobufRpcEngine2.java:552) [hadoop-common-3.3.1.jar:?]
	at org.apache.hadoop.ipc.RPC$Server.call(RPC.java:1093) [hadoop-common-3.3.1.jar:?]
	at org.apache.hadoop.ipc.Server$RpcCall.run(Server.java:1035) [hadoop-common-3.3.1.jar:?]
	at org.apache.hadoop.ipc.Server$RpcCall.run(Server.java:963) [hadoop-common-3.3.1.jar:?]
	at java.security.AccessController.doPrivileged(Native Method) ~[?:1.8.0_345]
	at javax.security.auth.Subject.doAs(Subject.java:422) [?:1.8.0_345]
	at org.apache.hadoop.security.UserGroupInformation.doAs(UserGroupInformation.java:1878) [hadoop-common-3.3.1.jar:?]
	at org.apache.hadoop.ipc.Server$Handler.run(Server.java:2966) [hadoop-common-3.3.1.jar:?]
2022-10-06 01:03:41,269 [Time-limited test] WARN  ozone.BasicRootedOzoneFileSystem (BasicRootedOzoneFileSystem.java:getFileStatus(879)) - GetFileStatus failed for path /volume-15061/bucket-75004/.Trash
java.io.FileNotFoundException: .Trash: No such file or directory!
	at org.apache.hadoop.fs.ozone.BasicRootedOzoneClientAdapterImpl.getFileStatus(BasicRootedOzoneClientAdapterImpl.java:617)
	at org.apache.hadoop.fs.ozone.BasicRootedOzoneFileSystem.getFileStatus(BasicRootedOzoneFileSystem.java:869)
	at org.apache.hadoop.fs.FileSystem.exists(FileSystem.java:1760)
	at org.apache.hadoop.fs.ozone.BasicRootedOzoneFileSystem.exists(BasicRootedOzoneFileSystem.java:918)
	at org.apache.hadoop.fs.ozone.BasicRootedOzoneClientAdapterImpl.getTrashRoots(BasicRootedOzoneClientAdapterImpl.java:660)
	at org.apache.hadoop.fs.ozone.BasicRootedOzoneFileSystem.getTrashRoots(BasicRootedOzoneFileSystem.java:824)
	at org.apache.hadoop.fs.ozone.TestRootedOzoneFileSystem.testGetTrashRoots(TestRootedOzoneFileSystem.java:1509)
	at sun.reflect.NativeMethodAccessorImpl.invoke0(Native Method)
	at sun.reflect.NativeMethodAccessorImpl.invoke(NativeMethodAccessorImpl.java:62)
	at sun.reflect.DelegatingMethodAccessorImpl.invoke(DelegatingMethodAccessorImpl.java:43)
	at java.lang.reflect.Method.invoke(Method.java:498)
	at org.junit.runners.model.FrameworkMethod$1.runReflectiveCall(FrameworkMethod.java:59)
	at org.junit.internal.runners.model.ReflectiveCallable.run(ReflectiveCallable.java:12)
	at org.junit.runners.model.FrameworkMethod.invokeExplosively(FrameworkMethod.java:56)
	at org.junit.internal.runners.statements.InvokeMethod.evaluate(InvokeMethod.java:17)
	at org.junit.internal.runners.statements.RunBefores.evaluate(RunBefores.java:26)
	at org.junit.internal.runners.statements.RunAfters.evaluate(RunAfters.java:27)
	at org.junit.internal.runners.statements.FailOnTimeout$CallableStatement.call(FailOnTimeout.java:288)
	at org.junit.internal.runners.statements.FailOnTimeout$CallableStatement.call(FailOnTimeout.java:282)
	at java.util.concurrent.FutureTask.run(FutureTask.java:266)
	at java.lang.Thread.run(Thread.java:750)
01:03:41.272 [IPC Server handler 1 on default port 34317] ERROR OMAudit - user=runner | ip=127.0.0.1 | op=GET_FILE_STATUS {volume=volume-47606, bucket=bucket-57938, key=.Trash, dataSize=0, replicationConfig=null} | ret=FAILURE
org.apache.hadoop.ozone.om.exceptions.OMException: Unable to get file status: volume: volume-47606 bucket: bucket-57938 key: .Trash
	at org.apache.hadoop.ozone.om.KeyManagerImpl.getOzoneFileStatusFSO(KeyManagerImpl.java:1389) ~[ozone-manager-1.3.0-SNAPSHOT.jar:?]
	at org.apache.hadoop.ozone.om.KeyManagerImpl.getFileStatus(KeyManagerImpl.java:1252) ~[ozone-manager-1.3.0-SNAPSHOT.jar:?]
	at org.apache.hadoop.ozone.om.OzoneManager.getFileStatus(OzoneManager.java:3507) ~[ozone-manager-1.3.0-SNAPSHOT.jar:?]
	at org.apache.hadoop.ozone.protocolPB.OzoneManagerRequestHandler.getOzoneFileStatus(OzoneManagerRequestHandler.java:882) ~[ozone-manager-1.3.0-SNAPSHOT.jar:?]
	at org.apache.hadoop.ozone.protocolPB.OzoneManagerRequestHandler.handleReadRequest(OzoneManagerRequestHandler.java:228) ~[ozone-manager-1.3.0-SNAPSHOT.jar:?]
	at org.apache.hadoop.ozone.protocolPB.OzoneManagerProtocolServerSideTranslatorPB.submitReadRequestToOM(OzoneManagerProtocolServerSideTranslatorPB.java:226) ~[ozone-manager-1.3.0-SNAPSHOT.jar:?]
	at org.apache.hadoop.ozone.protocolPB.OzoneManagerProtocolServerSideTranslatorPB.processRequest(OzoneManagerProtocolServerSideTranslatorPB.java:175) ~[ozone-manager-1.3.0-SNAPSHOT.jar:?]
	at org.apache.hadoop.hdds.server.OzoneProtocolMessageDispatcher.processRequest(OzoneProtocolMessageDispatcher.java:87) [hdds-server-framework-1.3.0-SNAPSHOT.jar:?]
	at org.apache.hadoop.ozone.protocolPB.OzoneManagerProtocolServerSideTranslatorPB.submitRequest(OzoneManagerProtocolServerSideTranslatorPB.java:147) [ozone-manager-1.3.0-SNAPSHOT.jar:?]
	at org.apache.hadoop.ozone.protocol.proto.OzoneManagerProtocolProtos$OzoneManagerService$2.callBlockingMethod(OzoneManagerProtocolProtos.java) [ozone-interface-client-1.3.0-SNAPSHOT.jar:?]
	at org.apache.hadoop.ipc.ProtobufRpcEngine$Server.processCall(ProtobufRpcEngine.java:466) [hadoop-common-3.3.1.jar:?]
	at org.apache.hadoop.ipc.ProtobufRpcEngine2$Server$ProtoBufRpcInvoker.call(ProtobufRpcEngine2.java:574) [hadoop-common-3.3.1.jar:?]
	at org.apache.hadoop.ipc.ProtobufRpcEngine2$Server$ProtoBufRpcInvoker.call(ProtobufRpcEngine2.java:552) [hadoop-common-3.3.1.jar:?]
	at org.apache.hadoop.ipc.RPC$Server.call(RPC.java:1093) [hadoop-common-3.3.1.jar:?]
	at org.apache.hadoop.ipc.Server$RpcCall.run(Server.java:1035) [hadoop-common-3.3.1.jar:?]
	at org.apache.hadoop.ipc.Server$RpcCall.run(Server.java:963) [hadoop-common-3.3.1.jar:?]
	at java.security.AccessController.doPrivileged(Native Method) ~[?:1.8.0_345]
	at javax.security.auth.Subject.doAs(Subject.java:422) [?:1.8.0_345]
	at org.apache.hadoop.security.UserGroupInformation.doAs(UserGroupInformation.java:1878) [hadoop-common-3.3.1.jar:?]
	at org.apache.hadoop.ipc.Server$Handler.run(Server.java:2966) [hadoop-common-3.3.1.jar:?]
2022-10-06 01:03:41,272 [Time-limited test] WARN  ozone.BasicRootedOzoneFileSystem (BasicRootedOzoneFileSystem.java:getFileStatus(879)) - GetFileStatus failed for path /volume-47606/bucket-57938/.Trash
java.io.FileNotFoundException: .Trash: No such file or directory!
	at org.apache.hadoop.fs.ozone.BasicRootedOzoneClientAdapterImpl.getFileStatus(BasicRootedOzoneClientAdapterImpl.java:617)
	at org.apache.hadoop.fs.ozone.BasicRootedOzoneFileSystem.getFileStatus(BasicRootedOzoneFileSystem.java:869)
	at org.apache.hadoop.fs.FileSystem.exists(FileSystem.java:1760)
	at org.apache.hadoop.fs.ozone.BasicRootedOzoneFileSystem.exists(BasicRootedOzoneFileSystem.java:918)
	at org.apache.hadoop.fs.ozone.BasicRootedOzoneClientAdapterImpl.getTrashRoots(BasicRootedOzoneClientAdapterImpl.java:660)
	at org.apache.hadoop.fs.ozone.BasicRootedOzoneFileSystem.getTrashRoots(BasicRootedOzoneFileSystem.java:824)
	at org.apache.hadoop.fs.ozone.TestRootedOzoneFileSystem.testGetTrashRoots(TestRootedOzoneFileSystem.java:1509)
	at sun.reflect.NativeMethodAccessorImpl.invoke0(Native Method)
	at sun.reflect.NativeMethodAccessorImpl.invoke(NativeMethodAccessorImpl.java:62)
	at sun.reflect.DelegatingMethodAccessorImpl.invoke(DelegatingMethodAccessorImpl.java:43)
	at java.lang.reflect.Method.invoke(Method.java:498)
	at org.junit.runners.model.FrameworkMethod$1.runReflectiveCall(FrameworkMethod.java:59)
	at org.junit.internal.runners.model.ReflectiveCallable.run(ReflectiveCallable.java:12)
	at org.junit.runners.model.FrameworkMethod.invokeExplosively(FrameworkMethod.java:56)
	at org.junit.internal.runners.statements.InvokeMethod.evaluate(InvokeMethod.java:17)
	at org.junit.internal.runners.statements.RunBefores.evaluate(RunBefores.java:26)
	at org.junit.internal.runners.statements.RunAfters.evaluate(RunAfters.java:27)
	at org.junit.internal.runners.statements.FailOnTimeout$CallableStatement.call(FailOnTimeout.java:288)
	at org.junit.internal.runners.statements.FailOnTimeout$CallableStatement.call(FailOnTimeout.java:282)
	at java.util.concurrent.FutureTask.run(FutureTask.java:266)
	at java.lang.Thread.run(Thread.java:750)
01:03:41.274 [IPC Server handler 16 on default port 34317] ERROR OMAudit - user=runner | ip=127.0.0.1 | op=GET_FILE_STATUS {volume=volume-70220, bucket=bucket3, key=.Trash, dataSize=0, replicationConfig=null} | ret=FAILURE
org.apache.hadoop.ozone.om.exceptions.OMException: Unable to get file status: volume: volume-70220 bucket: bucket3 key: .Trash
	at org.apache.hadoop.ozone.om.KeyManagerImpl.getOzoneFileStatusFSO(KeyManagerImpl.java:1389) ~[ozone-manager-1.3.0-SNAPSHOT.jar:?]
	at org.apache.hadoop.ozone.om.KeyManagerImpl.getFileStatus(KeyManagerImpl.java:1252) ~[ozone-manager-1.3.0-SNAPSHOT.jar:?]
	at org.apache.hadoop.ozone.om.OzoneManager.getFileStatus(OzoneManager.java:3507) ~[ozone-manager-1.3.0-SNAPSHOT.jar:?]
	at org.apache.hadoop.ozone.protocolPB.OzoneManagerRequestHandler.getOzoneFileStatus(OzoneManagerRequestHandler.java:882) ~[ozone-manager-1.3.0-SNAPSHOT.jar:?]
	at org.apache.hadoop.ozone.protocolPB.OzoneManagerRequestHandler.handleReadRequest(OzoneManagerRequestHandler.java:228) ~[ozone-manager-1.3.0-SNAPSHOT.jar:?]
	at org.apache.hadoop.ozone.protocolPB.OzoneManagerProtocolServerSideTranslatorPB.submitReadRequestToOM(OzoneManagerProtocolServerSideTranslatorPB.java:226) ~[ozone-manager-1.3.0-SNAPSHOT.jar:?]
	at org.apache.hadoop.ozone.protocolPB.OzoneManagerProtocolServerSideTranslatorPB.processRequest(OzoneManagerProtocolServerSideTranslatorPB.java:175) ~[ozone-manager-1.3.0-SNAPSHOT.jar:?]
	at org.apache.hadoop.hdds.server.OzoneProtocolMessageDispatcher.processRequest(OzoneProtocolMessageDispatcher.java:87) [hdds-server-framework-1.3.0-SNAPSHOT.jar:?]
	at org.apache.hadoop.ozone.protocolPB.OzoneManagerProtocolServerSideTranslatorPB.submitRequest(OzoneManagerProtocolServerSideTranslatorPB.java:147) [ozone-manager-1.3.0-SNAPSHOT.jar:?]
	at org.apache.hadoop.ozone.protocol.proto.OzoneManagerProtocolProtos$OzoneManagerService$2.callBlockingMethod(OzoneManagerProtocolProtos.java) [ozone-interface-client-1.3.0-SNAPSHOT.jar:?]
	at org.apache.hadoop.ipc.ProtobufRpcEngine$Server.processCall(ProtobufRpcEngine.java:466) [hadoop-common-3.3.1.jar:?]
	at org.apache.hadoop.ipc.ProtobufRpcEngine2$Server$ProtoBufRpcInvoker.call(ProtobufRpcEngine2.java:574) [hadoop-common-3.3.1.jar:?]
	at org.apache.hadoop.ipc.ProtobufRpcEngine2$Server$ProtoBufRpcInvoker.call(ProtobufRpcEngine2.java:552) [hadoop-common-3.3.1.jar:?]
	at org.apache.hadoop.ipc.RPC$Server.call(RPC.java:1093) [hadoop-common-3.3.1.jar:?]
	at org.apache.hadoop.ipc.Server$RpcCall.run(Server.java:1035) [hadoop-common-3.3.1.jar:?]
	at org.apache.hadoop.ipc.Server$RpcCall.run(Server.java:963) [hadoop-common-3.3.1.jar:?]
	at java.security.AccessController.doPrivileged(Native Method) ~[?:1.8.0_345]
	at javax.security.auth.Subject.doAs(Subject.java:422) [?:1.8.0_345]
	at org.apache.hadoop.security.UserGroupInformation.doAs(UserGroupInformation.java:1878) [hadoop-common-3.3.1.jar:?]
	at org.apache.hadoop.ipc.Server$Handler.run(Server.java:2966) [hadoop-common-3.3.1.jar:?]
2022-10-06 01:03:41,274 [Time-limited test] WARN  ozone.BasicRootedOzoneFileSystem (BasicRootedOzoneFileSystem.java:getFileStatus(879)) - GetFileStatus failed for path /volume-70220/bucket3/.Trash
java.io.FileNotFoundException: .Trash: No such file or directory!
	at org.apache.hadoop.fs.ozone.BasicRootedOzoneClientAdapterImpl.getFileStatus(BasicRootedOzoneClientAdapterImpl.java:617)
	at org.apache.hadoop.fs.ozone.BasicRootedOzoneFileSystem.getFileStatus(BasicRootedOzoneFileSystem.java:869)
	at org.apache.hadoop.fs.FileSystem.exists(FileSystem.java:1760)
	at org.apache.hadoop.fs.ozone.BasicRootedOzoneFileSystem.exists(BasicRootedOzoneFileSystem.java:918)
	at org.apache.hadoop.fs.ozone.BasicRootedOzoneClientAdapterImpl.getTrashRoots(BasicRootedOzoneClientAdapterImpl.java:660)
	at org.apache.hadoop.fs.ozone.BasicRootedOzoneFileSystem.getTrashRoots(BasicRootedOzoneFileSystem.java:824)
	at org.apache.hadoop.fs.ozone.TestRootedOzoneFileSystem.testGetTrashRoots(TestRootedOzoneFileSystem.java:1509)
	at sun.reflect.NativeMethodAccessorImpl.invoke0(Native Method)
	at sun.reflect.NativeMethodAccessorImpl.invoke(NativeMethodAccessorImpl.java:62)
	at sun.reflect.DelegatingMethodAccessorImpl.invoke(DelegatingMethodAccessorImpl.java:43)
	at java.lang.reflect.Method.invoke(Method.java:498)
	at org.junit.runners.model.FrameworkMethod$1.runReflectiveCall(FrameworkMethod.java:59)
	at org.junit.internal.runners.model.ReflectiveCallable.run(ReflectiveCallable.java:12)
	at org.junit.runners.model.FrameworkMethod.invokeExplosively(FrameworkMethod.java:56)
	at org.junit.internal.runners.statements.InvokeMethod.evaluate(InvokeMethod.java:17)
	at org.junit.internal.runners.statements.RunBefores.evaluate(RunBefores.java:26)
	at org.junit.internal.runners.statements.RunAfters.evaluate(RunAfters.java:27)
	at org.junit.internal.runners.statements.FailOnTimeout$CallableStatement.call(FailOnTimeout.java:288)
	at org.junit.internal.runners.statements.FailOnTimeout$CallableStatement.call(FailOnTimeout.java:282)
	at java.util.concurrent.FutureTask.run(FutureTask.java:266)
	at java.lang.Thread.run(Thread.java:750)
01:03:41.276 [IPC Server handler 17 on default port 34317] ERROR OMAudit - user=runner | ip=127.0.0.1 | op=GET_FILE_STATUS {volume=volume08061, bucket=bucket32681, key=.Trash, dataSize=0, replicationConfig=null} | ret=FAILURE
org.apache.hadoop.ozone.om.exceptions.OMException: Unable to get file status: volume: volume08061 bucket: bucket32681 key: .Trash
	at org.apache.hadoop.ozone.om.KeyManagerImpl.getOzoneFileStatusFSO(KeyManagerImpl.java:1389) ~[ozone-manager-1.3.0-SNAPSHOT.jar:?]
	at org.apache.hadoop.ozone.om.KeyManagerImpl.getFileStatus(KeyManagerImpl.java:1252) ~[ozone-manager-1.3.0-SNAPSHOT.jar:?]
	at org.apache.hadoop.ozone.om.OzoneManager.getFileStatus(OzoneManager.java:3507) ~[ozone-manager-1.3.0-SNAPSHOT.jar:?]
	at org.apache.hadoop.ozone.protocolPB.OzoneManagerRequestHandler.getOzoneFileStatus(OzoneManagerRequestHandler.java:882) ~[ozone-manager-1.3.0-SNAPSHOT.jar:?]
	at org.apache.hadoop.ozone.protocolPB.OzoneManagerRequestHandler.handleReadRequest(OzoneManagerRequestHandler.java:228) ~[ozone-manager-1.3.0-SNAPSHOT.jar:?]
	at org.apache.hadoop.ozone.protocolPB.OzoneManagerProtocolServerSideTranslatorPB.submitReadRequestToOM(OzoneManagerProtocolServerSideTranslatorPB.java:226) ~[ozone-manager-1.3.0-SNAPSHOT.jar:?]
	at org.apache.hadoop.ozone.protocolPB.OzoneManagerProtocolServerSideTranslatorPB.processRequest(OzoneManagerProtocolServerSideTranslatorPB.java:175) ~[ozone-manager-1.3.0-SNAPSHOT.jar:?]
	at org.apache.hadoop.hdds.server.OzoneProtocolMessageDispatcher.processRequest(OzoneProtocolMessageDispatcher.java:87) [hdds-server-framework-1.3.0-SNAPSHOT.jar:?]
	at org.apache.hadoop.ozone.protocolPB.OzoneManagerProtocolServerSideTranslatorPB.submitRequest(OzoneManagerProtocolServerSideTranslatorPB.java:147) [ozone-manager-1.3.0-SNAPSHOT.jar:?]
	at org.apache.hadoop.ozone.protocol.proto.OzoneManagerProtocolProtos$OzoneManagerService$2.callBlockingMethod(OzoneManagerProtocolProtos.java) [ozone-interface-client-1.3.0-SNAPSHOT.jar:?]
	at org.apache.hadoop.ipc.ProtobufRpcEngine$Server.processCall(ProtobufRpcEngine.java:466) [hadoop-common-3.3.1.jar:?]
	at org.apache.hadoop.ipc.ProtobufRpcEngine2$Server$ProtoBufRpcInvoker.call(ProtobufRpcEngine2.java:574) [hadoop-common-3.3.1.jar:?]
	at org.apache.hadoop.ipc.ProtobufRpcEngine2$Server$ProtoBufRpcInvoker.call(ProtobufRpcEngine2.java:552) [hadoop-common-3.3.1.jar:?]
	at org.apache.hadoop.ipc.RPC$Server.call(RPC.java:1093) [hadoop-common-3.3.1.jar:?]
	at org.apache.hadoop.ipc.Server$RpcCall.run(Server.java:1035) [hadoop-common-3.3.1.jar:?]
	at org.apache.hadoop.ipc.Server$RpcCall.run(Server.java:963) [hadoop-common-3.3.1.jar:?]
	at java.security.AccessController.doPrivileged(Native Method) ~[?:1.8.0_345]
	at javax.security.auth.Subject.doAs(Subject.java:422) [?:1.8.0_345]
	at org.apache.hadoop.security.UserGroupInformation.doAs(UserGroupInformation.java:1878) [hadoop-common-3.3.1.jar:?]
	at org.apache.hadoop.ipc.Server$Handler.run(Server.java:2966) [hadoop-common-3.3.1.jar:?]
2022-10-06 01:03:41,276 [Time-limited test] WARN  ozone.BasicRootedOzoneFileSystem (BasicRootedOzoneFileSystem.java:getFileStatus(879)) - GetFileStatus failed for path /volume08061/bucket32681/.Trash
java.io.FileNotFoundException: .Trash: No such file or directory!
	at org.apache.hadoop.fs.ozone.BasicRootedOzoneClientAdapterImpl.getFileStatus(BasicRootedOzoneClientAdapterImpl.java:617)
	at org.apache.hadoop.fs.ozone.BasicRootedOzoneFileSystem.getFileStatus(BasicRootedOzoneFileSystem.java:869)
	at org.apache.hadoop.fs.FileSystem.exists(FileSystem.java:1760)
	at org.apache.hadoop.fs.ozone.BasicRootedOzoneFileSystem.exists(BasicRootedOzoneFileSystem.java:918)
	at org.apache.hadoop.fs.ozone.BasicRootedOzoneClientAdapterImpl.getTrashRoots(BasicRootedOzoneClientAdapterImpl.java:660)
	at org.apache.hadoop.fs.ozone.BasicRootedOzoneFileSystem.getTrashRoots(BasicRootedOzoneFileSystem.java:824)
	at org.apache.hadoop.fs.ozone.TestRootedOzoneFileSystem.testGetTrashRoots(TestRootedOzoneFileSystem.java:1509)
	at sun.reflect.NativeMethodAccessorImpl.invoke0(Native Method)
	at sun.reflect.NativeMethodAccessorImpl.invoke(NativeMethodAccessorImpl.java:62)
	at sun.reflect.DelegatingMethodAccessorImpl.invoke(DelegatingMethodAccessorImpl.java:43)
	at java.lang.reflect.Method.invoke(Method.java:498)
	at org.junit.runners.model.FrameworkMethod$1.runReflectiveCall(FrameworkMethod.java:59)
	at org.junit.internal.runners.model.ReflectiveCallable.run(ReflectiveCallable.java:12)
	at org.junit.runners.model.FrameworkMethod.invokeExplosively(FrameworkMethod.java:56)
	at org.junit.internal.runners.statements.InvokeMethod.evaluate(InvokeMethod.java:17)
	at org.junit.internal.runners.statements.RunBefores.evaluate(RunBefores.java:26)
	at org.junit.internal.runners.statements.RunAfters.evaluate(RunAfters.java:27)
	at org.junit.internal.runners.statements.FailOnTimeout$CallableStatement.call(FailOnTimeout.java:288)
	at org.junit.internal.runners.statements.FailOnTimeout$CallableStatement.call(FailOnTimeout.java:282)
	at java.util.concurrent.FutureTask.run(FutureTask.java:266)
	at java.lang.Thread.run(Thread.java:750)
01:03:41.283 [IPC Server handler 1 on default port 34317] ERROR OMAudit - user=runner | ip=127.0.0.1 | op=GET_FILE_STATUS {volume=volume52277, bucket=trashroottest2, key=.Trash, dataSize=0, replicationConfig=null} | ret=FAILURE
org.apache.hadoop.ozone.om.exceptions.OMException: Unable to get file status: volume: volume52277 bucket: trashroottest2 key: .Trash
	at org.apache.hadoop.ozone.om.KeyManagerImpl.getOzoneFileStatusFSO(KeyManagerImpl.java:1389) ~[ozone-manager-1.3.0-SNAPSHOT.jar:?]
	at org.apache.hadoop.ozone.om.KeyManagerImpl.getFileStatus(KeyManagerImpl.java:1252) ~[ozone-manager-1.3.0-SNAPSHOT.jar:?]
	at org.apache.hadoop.ozone.om.OzoneManager.getFileStatus(OzoneManager.java:3507) ~[ozone-manager-1.3.0-SNAPSHOT.jar:?]
	at org.apache.hadoop.ozone.protocolPB.OzoneManagerRequestHandler.getOzoneFileStatus(OzoneManagerRequestHandler.java:882) ~[ozone-manager-1.3.0-SNAPSHOT.jar:?]
	at org.apache.hadoop.ozone.protocolPB.OzoneManagerRequestHandler.handleReadRequest(OzoneManagerRequestHandler.java:228) ~[ozone-manager-1.3.0-SNAPSHOT.jar:?]
	at org.apache.hadoop.ozone.protocolPB.OzoneManagerProtocolServerSideTranslatorPB.submitReadRequestToOM(OzoneManagerProtocolServerSideTranslatorPB.java:226) ~[ozone-manager-1.3.0-SNAPSHOT.jar:?]
	at org.apache.hadoop.ozone.protocolPB.OzoneManagerProtocolServerSideTranslatorPB.processRequest(OzoneManagerProtocolServerSideTranslatorPB.java:175) ~[ozone-manager-1.3.0-SNAPSHOT.jar:?]
	at org.apache.hadoop.hdds.server.OzoneProtocolMessageDispatcher.processRequest(OzoneProtocolMessageDispatcher.java:87) [hdds-server-framework-1.3.0-SNAPSHOT.jar:?]
	at org.apache.hadoop.ozone.protocolPB.OzoneManagerProtocolServerSideTranslatorPB.submitRequest(OzoneManagerProtocolServerSideTranslatorPB.java:147) [ozone-manager-1.3.0-SNAPSHOT.jar:?]
	at org.apache.hadoop.ozone.protocol.proto.OzoneManagerProtocolProtos$OzoneManagerService$2.callBlockingMethod(OzoneManagerProtocolProtos.java) [ozone-interface-client-1.3.0-SNAPSHOT.jar:?]
	at org.apache.hadoop.ipc.ProtobufRpcEngine$Server.processCall(ProtobufRpcEngine.java:466) [hadoop-common-3.3.1.jar:?]
	at org.apache.hadoop.ipc.ProtobufRpcEngine2$Server$ProtoBufRpcInvoker.call(ProtobufRpcEngine2.java:574) [hadoop-common-3.3.1.jar:?]
	at org.apache.hadoop.ipc.ProtobufRpcEngine2$Server$ProtoBufRpcInvoker.call(ProtobufRpcEngine2.java:552) [hadoop-common-3.3.1.jar:?]
	at org.apache.hadoop.ipc.RPC$Server.call(RPC.java:1093) [hadoop-common-3.3.1.jar:?]
	at org.apache.hadoop.ipc.Server$RpcCall.run(Server.java:1035) [hadoop-common-3.3.1.jar:?]
	at org.apache.hadoop.ipc.Server$RpcCall.run(Server.java:963) [hadoop-common-3.3.1.jar:?]
	at java.security.AccessController.doPrivileged(Native Method) ~[?:1.8.0_345]
	at javax.security.auth.Subject.doAs(Subject.java:422) [?:1.8.0_345]
	at org.apache.hadoop.security.UserGroupInformation.doAs(UserGroupInformation.java:1878) [hadoop-common-3.3.1.jar:?]
	at org.apache.hadoop.ipc.Server$Handler.run(Server.java:2966) [hadoop-common-3.3.1.jar:?]
2022-10-06 01:03:41,284 [Time-limited test] WARN  ozone.BasicRootedOzoneFileSystem (BasicRootedOzoneFileSystem.java:getFileStatus(879)) - GetFileStatus failed for path /volume52277/trashroottest2/.Trash
java.io.FileNotFoundException: .Trash: No such file or directory!
	at org.apache.hadoop.fs.ozone.BasicRootedOzoneClientAdapterImpl.getFileStatus(BasicRootedOzoneClientAdapterImpl.java:617)
	at org.apache.hadoop.fs.ozone.BasicRootedOzoneFileSystem.getFileStatus(BasicRootedOzoneFileSystem.java:869)
	at org.apache.hadoop.fs.FileSystem.exists(FileSystem.java:1760)
	at org.apache.hadoop.fs.ozone.BasicRootedOzoneFileSystem.exists(BasicRootedOzoneFileSystem.java:918)
	at org.apache.hadoop.fs.ozone.BasicRootedOzoneClientAdapterImpl.getTrashRoots(BasicRootedOzoneClientAdapterImpl.java:660)
	at org.apache.hadoop.fs.ozone.BasicRootedOzoneFileSystem.getTrashRoots(BasicRootedOzoneFileSystem.java:824)
	at org.apache.hadoop.fs.ozone.TestRootedOzoneFileSystem.testGetTrashRoots(TestRootedOzoneFileSystem.java:1509)
	at sun.reflect.NativeMethodAccessorImpl.invoke0(Native Method)
	at sun.reflect.NativeMethodAccessorImpl.invoke(NativeMethodAccessorImpl.java:62)
	at sun.reflect.DelegatingMethodAccessorImpl.invoke(DelegatingMethodAccessorImpl.java:43)
	at java.lang.reflect.Method.invoke(Method.java:498)
	at org.junit.runners.model.FrameworkMethod$1.runReflectiveCall(FrameworkMethod.java:59)
	at org.junit.internal.runners.model.ReflectiveCallable.run(ReflectiveCallable.java:12)
	at org.junit.runners.model.FrameworkMethod.invokeExplosively(FrameworkMethod.java:56)
	at org.junit.internal.runners.statements.InvokeMethod.evaluate(InvokeMethod.java:17)
	at org.junit.internal.runners.statements.RunBefores.evaluate(RunBefores.java:26)
	at org.junit.internal.runners.statements.RunAfters.evaluate(RunAfters.java:27)
	at org.junit.internal.runners.statements.FailOnTimeout$CallableStatement.call(FailOnTimeout.java:288)
	at org.junit.internal.runners.statements.FailOnTimeout$CallableStatement.call(FailOnTimeout.java:282)
	at java.util.concurrent.FutureTask.run(FutureTask.java:266)
	at java.lang.Thread.run(Thread.java:750)
01:03:41.290 [IPC Server handler 3 on default port 34317] ERROR OMAudit - user=runner | ip=127.0.0.1 | op=GET_FILE_STATUS {volume=volume-47606, bucket=bucket-57938, key=.Trash/runner, dataSize=0, replicationConfig=null} | ret=FAILURE
org.apache.hadoop.ozone.om.exceptions.OMException: Unable to get file status: volume: volume-47606 bucket: bucket-57938 key: .Trash/runner
	at org.apache.hadoop.ozone.om.KeyManagerImpl.getOzoneFileStatusFSO(KeyManagerImpl.java:1389) ~[ozone-manager-1.3.0-SNAPSHOT.jar:?]
	at org.apache.hadoop.ozone.om.KeyManagerImpl.getFileStatus(KeyManagerImpl.java:1252) ~[ozone-manager-1.3.0-SNAPSHOT.jar:?]
	at org.apache.hadoop.ozone.om.OzoneManager.getFileStatus(OzoneManager.java:3507) ~[ozone-manager-1.3.0-SNAPSHOT.jar:?]
	at org.apache.hadoop.ozone.protocolPB.OzoneManagerRequestHandler.getOzoneFileStatus(OzoneManagerRequestHandler.java:882) ~[ozone-manager-1.3.0-SNAPSHOT.jar:?]
	at org.apache.hadoop.ozone.protocolPB.OzoneManagerRequestHandler.handleReadRequest(OzoneManagerRequestHandler.java:228) ~[ozone-manager-1.3.0-SNAPSHOT.jar:?]
	at org.apache.hadoop.ozone.protocolPB.OzoneManagerProtocolServerSideTranslatorPB.submitReadRequestToOM(OzoneManagerProtocolServerSideTranslatorPB.java:226) ~[ozone-manager-1.3.0-SNAPSHOT.jar:?]
	at org.apache.hadoop.ozone.protocolPB.OzoneManagerProtocolServerSideTranslatorPB.processRequest(OzoneManagerProtocolServerSideTranslatorPB.java:175) ~[ozone-manager-1.3.0-SNAPSHOT.jar:?]
	at org.apache.hadoop.hdds.server.OzoneProtocolMessageDispatcher.processRequest(OzoneProtocolMessageDispatcher.java:87) [hdds-server-framework-1.3.0-SNAPSHOT.jar:?]
	at org.apache.hadoop.ozone.protocolPB.OzoneManagerProtocolServerSideTranslatorPB.submitRequest(OzoneManagerProtocolServerSideTranslatorPB.java:147) [ozone-manager-1.3.0-SNAPSHOT.jar:?]
	at org.apache.hadoop.ozone.protocol.proto.OzoneManagerProtocolProtos$OzoneManagerService$2.callBlockingMethod(OzoneManagerProtocolProtos.java) [ozone-interface-client-1.3.0-SNAPSHOT.jar:?]
	at org.apache.hadoop.ipc.ProtobufRpcEngine$Server.processCall(ProtobufRpcEngine.java:466) [hadoop-common-3.3.1.jar:?]
	at org.apache.hadoop.ipc.ProtobufRpcEngine2$Server$ProtoBufRpcInvoker.call(ProtobufRpcEngine2.java:574) [hadoop-common-3.3.1.jar:?]
	at org.apache.hadoop.ipc.ProtobufRpcEngine2$Server$ProtoBufRpcInvoker.call(ProtobufRpcEngine2.java:552) [hadoop-common-3.3.1.jar:?]
	at org.apache.hadoop.ipc.RPC$Server.call(RPC.java:1093) [hadoop-common-3.3.1.jar:?]
	at org.apache.hadoop.ipc.Server$RpcCall.run(Server.java:1035) [hadoop-common-3.3.1.jar:?]
	at org.apache.hadoop.ipc.Server$RpcCall.run(Server.java:963) [hadoop-common-3.3.1.jar:?]
	at java.security.AccessController.doPrivileged(Native Method) ~[?:1.8.0_345]
	at javax.security.auth.Subject.doAs(Subject.java:422) [?:1.8.0_345]
	at org.apache.hadoop.security.UserGroupInformation.doAs(UserGroupInformation.java:1878) [hadoop-common-3.3.1.jar:?]
	at org.apache.hadoop.ipc.Server$Handler.run(Server.java:2966) [hadoop-common-3.3.1.jar:?]
2022-10-06 01:03:41,290 [Time-limited test] WARN  ozone.BasicRootedOzoneFileSystem (BasicRootedOzoneFileSystem.java:getFileStatus(879)) - GetFileStatus failed for path /volume-47606/bucket-57938/.Trash/runner
java.io.FileNotFoundException: .Trash/runner: No such file or directory!
	at org.apache.hadoop.fs.ozone.BasicRootedOzoneClientAdapterImpl.getFileStatus(BasicRootedOzoneClientAdapterImpl.java:617)
	at org.apache.hadoop.fs.ozone.BasicRootedOzoneFileSystem.getFileStatus(BasicRootedOzoneFileSystem.java:869)
	at org.apache.hadoop.fs.FileSystem.exists(FileSystem.java:1760)
	at org.apache.hadoop.fs.ozone.BasicRootedOzoneFileSystem.exists(BasicRootedOzoneFileSystem.java:918)
	at org.apache.hadoop.fs.ozone.BasicRootedOzoneClientAdapterImpl.getTrashRoots(BasicRootedOzoneClientAdapterImpl.java:669)
	at org.apache.hadoop.fs.ozone.BasicRootedOzoneFileSystem.getTrashRoots(BasicRootedOzoneFileSystem.java:824)
	at org.apache.hadoop.fs.ozone.TestRootedOzoneFileSystem.testGetTrashRoots(TestRootedOzoneFileSystem.java:1511)
	at sun.reflect.NativeMethodAccessorImpl.invoke0(Native Method)
	at sun.reflect.NativeMethodAccessorImpl.invoke(NativeMethodAccessorImpl.java:62)
	at sun.reflect.DelegatingMethodAccessorImpl.invoke(DelegatingMethodAccessorImpl.java:43)
	at java.lang.reflect.Method.invoke(Method.java:498)
	at org.junit.runners.model.FrameworkMethod$1.runReflectiveCall(FrameworkMethod.java:59)
	at org.junit.internal.runners.model.ReflectiveCallable.run(ReflectiveCallable.java:12)
	at org.junit.runners.model.FrameworkMethod.invokeExplosively(FrameworkMethod.java:56)
	at org.junit.internal.runners.statements.InvokeMethod.evaluate(InvokeMethod.java:17)
	at org.junit.internal.runners.statements.RunBefores.evaluate(RunBefores.java:26)
	at org.junit.internal.runners.statements.RunAfters.evaluate(RunAfters.java:27)
	at org.junit.internal.runners.statements.FailOnTimeout$CallableStatement.call(FailOnTimeout.java:288)
	at org.junit.internal.runners.statements.FailOnTimeout$CallableStatement.call(FailOnTimeout.java:282)
	at java.util.concurrent.FutureTask.run(FutureTask.java:266)
	at java.lang.Thread.run(Thread.java:750)
01:03:41.292 [IPC Server handler 11 on default port 34317] ERROR OMAudit - user=runner | ip=127.0.0.1 | op=GET_FILE_STATUS {volume=volume08061, bucket=bucket32681, key=.Trash/runner, dataSize=0, replicationConfig=null} | ret=FAILURE
org.apache.hadoop.ozone.om.exceptions.OMException: Unable to get file status: volume: volume08061 bucket: bucket32681 key: .Trash/runner
	at org.apache.hadoop.ozone.om.KeyManagerImpl.getOzoneFileStatusFSO(KeyManagerImpl.java:1389) ~[ozone-manager-1.3.0-SNAPSHOT.jar:?]
	at org.apache.hadoop.ozone.om.KeyManagerImpl.getFileStatus(KeyManagerImpl.java:1252) ~[ozone-manager-1.3.0-SNAPSHOT.jar:?]
	at org.apache.hadoop.ozone.om.OzoneManager.getFileStatus(OzoneManager.java:3507) ~[ozone-manager-1.3.0-SNAPSHOT.jar:?]
	at org.apache.hadoop.ozone.protocolPB.OzoneManagerRequestHandler.getOzoneFileStatus(OzoneManagerRequestHandler.java:882) ~[ozone-manager-1.3.0-SNAPSHOT.jar:?]
	at org.apache.hadoop.ozone.protocolPB.OzoneManagerRequestHandler.handleReadRequest(OzoneManagerRequestHandler.java:228) ~[ozone-manager-1.3.0-SNAPSHOT.jar:?]
	at org.apache.hadoop.ozone.protocolPB.OzoneManagerProtocolServerSideTranslatorPB.submitReadRequestToOM(OzoneManagerProtocolServerSideTranslatorPB.java:226) ~[ozone-manager-1.3.0-SNAPSHOT.jar:?]
	at org.apache.hadoop.ozone.protocolPB.OzoneManagerProtocolServerSideTranslatorPB.processRequest(OzoneManagerProtocolServerSideTranslatorPB.java:175) ~[ozone-manager-1.3.0-SNAPSHOT.jar:?]
	at org.apache.hadoop.hdds.server.OzoneProtocolMessageDispatcher.processRequest(OzoneProtocolMessageDispatcher.java:87) [hdds-server-framework-1.3.0-SNAPSHOT.jar:?]
	at org.apache.hadoop.ozone.protocolPB.OzoneManagerProtocolServerSideTranslatorPB.submitRequest(OzoneManagerProtocolServerSideTranslatorPB.java:147) [ozone-manager-1.3.0-SNAPSHOT.jar:?]
	at org.apache.hadoop.ozone.protocol.proto.OzoneManagerProtocolProtos$OzoneManagerService$2.callBlockingMethod(OzoneManagerProtocolProtos.java) [ozone-interface-client-1.3.0-SNAPSHOT.jar:?]
	at org.apache.hadoop.ipc.ProtobufRpcEngine$Server.processCall(ProtobufRpcEngine.java:466) [hadoop-common-3.3.1.jar:?]
	at org.apache.hadoop.ipc.ProtobufRpcEngine2$Server$ProtoBufRpcInvoker.call(ProtobufRpcEngine2.java:574) [hadoop-common-3.3.1.jar:?]
	at org.apache.hadoop.ipc.ProtobufRpcEngine2$Server$ProtoBufRpcInvoker.call(ProtobufRpcEngine2.java:552) [hadoop-common-3.3.1.jar:?]
	at org.apache.hadoop.ipc.RPC$Server.call(RPC.java:1093) [hadoop-common-3.3.1.jar:?]
	at org.apache.hadoop.ipc.Server$RpcCall.run(Server.java:1035) [hadoop-common-3.3.1.jar:?]
	at org.apache.hadoop.ipc.Server$RpcCall.run(Server.java:963) [hadoop-common-3.3.1.jar:?]
	at java.security.AccessController.doPrivileged(Native Method) ~[?:1.8.0_345]
	at javax.security.auth.Subject.doAs(Subject.java:422) [?:1.8.0_345]
	at org.apache.hadoop.security.UserGroupInformation.doAs(UserGroupInformation.java:1878) [hadoop-common-3.3.1.jar:?]
	at org.apache.hadoop.ipc.Server$Handler.run(Server.java:2966) [hadoop-common-3.3.1.jar:?]
2022-10-06 01:03:41,295 [Time-limited test] WARN  ozone.BasicRootedOzoneFileSystem (BasicRootedOzoneFileSystem.java:getFileStatus(879)) - GetFileStatus failed for path /volume08061/bucket32681/.Trash/runner
java.io.FileNotFoundException: .Trash/runner: No such file or directory!
	at org.apache.hadoop.fs.ozone.BasicRootedOzoneClientAdapterImpl.getFileStatus(BasicRootedOzoneClientAdapterImpl.java:617)
	at org.apache.hadoop.fs.ozone.BasicRootedOzoneFileSystem.getFileStatus(BasicRootedOzoneFileSystem.java:869)
	at org.apache.hadoop.fs.FileSystem.exists(FileSystem.java:1760)
	at org.apache.hadoop.fs.ozone.BasicRootedOzoneFileSystem.exists(BasicRootedOzoneFileSystem.java:918)
	at org.apache.hadoop.fs.ozone.BasicRootedOzoneClientAdapterImpl.getTrashRoots(BasicRootedOzoneClientAdapterImpl.java:669)
	at org.apache.hadoop.fs.ozone.BasicRootedOzoneFileSystem.getTrashRoots(BasicRootedOzoneFileSystem.java:824)
	at org.apache.hadoop.fs.ozone.TestRootedOzoneFileSystem.testGetTrashRoots(TestRootedOzoneFileSystem.java:1511)
	at sun.reflect.NativeMethodAccessorImpl.invoke0(Native Method)
	at sun.reflect.NativeMethodAccessorImpl.invoke(NativeMethodAccessorImpl.java:62)
	at sun.reflect.DelegatingMethodAccessorImpl.invoke(DelegatingMethodAccessorImpl.java:43)
	at java.lang.reflect.Method.invoke(Method.java:498)
	at org.junit.runners.model.FrameworkMethod$1.runReflectiveCall(FrameworkMethod.java:59)
	at org.junit.internal.runners.model.ReflectiveCallable.run(ReflectiveCallable.java:12)
	at org.junit.runners.model.FrameworkMethod.invokeExplosively(FrameworkMethod.java:56)
	at org.junit.internal.runners.statements.InvokeMethod.evaluate(InvokeMethod.java:17)
	at org.junit.internal.runners.statements.RunBefores.evaluate(RunBefores.java:26)
	at org.junit.internal.runners.statements.RunAfters.evaluate(RunAfters.java:27)
	at org.junit.internal.runners.statements.FailOnTimeout$CallableStatement.call(FailOnTimeout.java:288)
	at org.junit.internal.runners.statements.FailOnTimeout$CallableStatement.call(FailOnTimeout.java:282)
	at java.util.concurrent.FutureTask.run(FutureTask.java:266)
	at java.lang.Thread.run(Thread.java:750)
01:03:41.302 [IPC Server handler 14 on default port 34317] ERROR OMAudit - user=runner | ip=127.0.0.1 | op=GET_FILE_STATUS {volume=volume52277, bucket=trashroottest2, key=.Trash/runner, dataSize=0, replicationConfig=null} | ret=FAILURE
org.apache.hadoop.ozone.om.exceptions.OMException: Unable to get file status: volume: volume52277 bucket: trashroottest2 key: .Trash/runner
	at org.apache.hadoop.ozone.om.KeyManagerImpl.getOzoneFileStatusFSO(KeyManagerImpl.java:1389) ~[ozone-manager-1.3.0-SNAPSHOT.jar:?]
	at org.apache.hadoop.ozone.om.KeyManagerImpl.getFileStatus(KeyManagerImpl.java:1252) ~[ozone-manager-1.3.0-SNAPSHOT.jar:?]
	at org.apache.hadoop.ozone.om.OzoneManager.getFileStatus(OzoneManager.java:3507) ~[ozone-manager-1.3.0-SNAPSHOT.jar:?]
	at org.apache.hadoop.ozone.protocolPB.OzoneManagerRequestHandler.getOzoneFileStatus(OzoneManagerRequestHandler.java:882) ~[ozone-manager-1.3.0-SNAPSHOT.jar:?]
	at org.apache.hadoop.ozone.protocolPB.OzoneManagerRequestHandler.handleReadRequest(OzoneManagerRequestHandler.java:228) ~[ozone-manager-1.3.0-SNAPSHOT.jar:?]
	at org.apache.hadoop.ozone.protocolPB.OzoneManagerProtocolServerSideTranslatorPB.submitReadRequestToOM(OzoneManagerProtocolServerSideTranslatorPB.java:226) ~[ozone-manager-1.3.0-SNAPSHOT.jar:?]
	at org.apache.hadoop.ozone.protocolPB.OzoneManagerProtocolServerSideTranslatorPB.processRequest(OzoneManagerProtocolServerSideTranslatorPB.java:175) ~[ozone-manager-1.3.0-SNAPSHOT.jar:?]
	at org.apache.hadoop.hdds.server.OzoneProtocolMessageDispatcher.processRequest(OzoneProtocolMessageDispatcher.java:87) [hdds-server-framework-1.3.0-SNAPSHOT.jar:?]
	at org.apache.hadoop.ozone.protocolPB.OzoneManagerProtocolServerSideTranslatorPB.submitRequest(OzoneManagerProtocolServerSideTranslatorPB.java:147) [ozone-manager-1.3.0-SNAPSHOT.jar:?]
	at org.apache.hadoop.ozone.protocol.proto.OzoneManagerProtocolProtos$OzoneManagerService$2.callBlockingMethod(OzoneManagerProtocolProtos.java) [ozone-interface-client-1.3.0-SNAPSHOT.jar:?]
	at org.apache.hadoop.ipc.ProtobufRpcEngine$Server.processCall(ProtobufRpcEngine.java:466) [hadoop-common-3.3.1.jar:?]
	at org.apache.hadoop.ipc.ProtobufRpcEngine2$Server$ProtoBufRpcInvoker.call(ProtobufRpcEngine2.java:574) [hadoop-common-3.3.1.jar:?]
	at org.apache.hadoop.ipc.ProtobufRpcEngine2$Server$ProtoBufRpcInvoker.call(ProtobufRpcEngine2.java:552) [hadoop-common-3.3.1.jar:?]
	at org.apache.hadoop.ipc.RPC$Server.call(RPC.java:1093) [hadoop-common-3.3.1.jar:?]
	at org.apache.hadoop.ipc.Server$RpcCall.run(Server.java:1035) [hadoop-common-3.3.1.jar:?]
	at org.apache.hadoop.ipc.Server$RpcCall.run(Server.java:963) [hadoop-common-3.3.1.jar:?]
	at java.security.AccessController.doPrivileged(Native Method) ~[?:1.8.0_345]
	at javax.security.auth.Subject.doAs(Subject.java:422) [?:1.8.0_345]
	at org.apache.hadoop.security.UserGroupInformation.doAs(UserGroupInformation.java:1878) [hadoop-common-3.3.1.jar:?]
	at org.apache.hadoop.ipc.Server$Handler.run(Server.java:2966) [hadoop-common-3.3.1.jar:?]
2022-10-06 01:03:41,303 [Time-limited test] WARN  ozone.BasicRootedOzoneFileSystem (BasicRootedOzoneFileSystem.java:getFileStatus(879)) - GetFileStatus failed for path /volume52277/trashroottest2/.Trash/runner
java.io.FileNotFoundException: .Trash/runner: No such file or directory!
	at org.apache.hadoop.fs.ozone.BasicRootedOzoneClientAdapterImpl.getFileStatus(BasicRootedOzoneClientAdapterImpl.java:617)
	at org.apache.hadoop.fs.ozone.BasicRootedOzoneFileSystem.getFileStatus(BasicRootedOzoneFileSystem.java:869)
	at org.apache.hadoop.fs.FileSystem.exists(FileSystem.java:1760)
	at org.apache.hadoop.fs.ozone.BasicRootedOzoneFileSystem.exists(BasicRootedOzoneFileSystem.java:918)
	at org.apache.hadoop.fs.ozone.BasicRootedOzoneClientAdapterImpl.getTrashRoots(BasicRootedOzoneClientAdapterImpl.java:669)
	at org.apache.hadoop.fs.ozone.BasicRootedOzoneFileSystem.getTrashRoots(BasicRootedOzoneFileSystem.java:824)
	at org.apache.hadoop.fs.ozone.TestRootedOzoneFileSystem.testGetTrashRoots(TestRootedOzoneFileSystem.java:1511)
	at sun.reflect.NativeMethodAccessorImpl.invoke0(Native Method)
	at sun.reflect.NativeMethodAccessorImpl.invoke(NativeMethodAccessorImpl.java:62)
	at sun.reflect.DelegatingMethodAccessorImpl.invoke(DelegatingMethodAccessorImpl.java:43)
	at java.lang.reflect.Method.invoke(Method.java:498)
	at org.junit.runners.model.FrameworkMethod$1.runReflectiveCall(FrameworkMethod.java:59)
	at org.junit.internal.runners.model.ReflectiveCallable.run(ReflectiveCallable.java:12)
	at org.junit.runners.model.FrameworkMethod.invokeExplosively(FrameworkMethod.java:56)
	at org.junit.internal.runners.statements.InvokeMethod.evaluate(InvokeMethod.java:17)
	at org.junit.internal.runners.statements.RunBefores.evaluate(RunBefores.java:26)
	at org.junit.internal.runners.statements.RunAfters.evaluate(RunAfters.java:27)
	at org.junit.internal.runners.statements.FailOnTimeout$CallableStatement.call(FailOnTimeout.java:288)
	at org.junit.internal.runners.statements.FailOnTimeout$CallableStatement.call(FailOnTimeout.java:282)
	at java.util.concurrent.FutureTask.run(FutureTask.java:266)
	at java.lang.Thread.run(Thread.java:750)
01:03:41.310 [IPC Server handler 0 on default port 34317] ERROR OMAudit - user=runner | ip=127.0.0.1 | op=GET_FILE_STATUS {volume=volume-15061, bucket=bucket-75004, key=.Trash/runner, dataSize=0, replicationConfig=null} | ret=FAILURE
org.apache.hadoop.ozone.om.exceptions.OMException: Unable to get file status: volume: volume-15061 bucket: bucket-75004 key: .Trash/runner
	at org.apache.hadoop.ozone.om.KeyManagerImpl.getOzoneFileStatusFSO(KeyManagerImpl.java:1389) ~[ozone-manager-1.3.0-SNAPSHOT.jar:?]
	at org.apache.hadoop.ozone.om.KeyManagerImpl.getFileStatus(KeyManagerImpl.java:1252) ~[ozone-manager-1.3.0-SNAPSHOT.jar:?]
	at org.apache.hadoop.ozone.om.OzoneManager.getFileStatus(OzoneManager.java:3507) ~[ozone-manager-1.3.0-SNAPSHOT.jar:?]
	at org.apache.hadoop.ozone.protocolPB.OzoneManagerRequestHandler.getOzoneFileStatus(OzoneManagerRequestHandler.java:882) ~[ozone-manager-1.3.0-SNAPSHOT.jar:?]
	at org.apache.hadoop.ozone.protocolPB.OzoneManagerRequestHandler.handleReadRequest(OzoneManagerRequestHandler.java:228) ~[ozone-manager-1.3.0-SNAPSHOT.jar:?]
	at org.apache.hadoop.ozone.protocolPB.OzoneManagerProtocolServerSideTranslatorPB.submitReadRequestToOM(OzoneManagerProtocolServerSideTranslatorPB.java:226) ~[ozone-manager-1.3.0-SNAPSHOT.jar:?]
	at org.apache.hadoop.ozone.protocolPB.OzoneManagerProtocolServerSideTranslatorPB.processRequest(OzoneManagerProtocolServerSideTranslatorPB.java:175) ~[ozone-manager-1.3.0-SNAPSHOT.jar:?]
	at org.apache.hadoop.hdds.server.OzoneProtocolMessageDispatcher.processRequest(OzoneProtocolMessageDispatcher.java:87) [hdds-server-framework-1.3.0-SNAPSHOT.jar:?]
	at org.apache.hadoop.ozone.protocolPB.OzoneManagerProtocolServerSideTranslatorPB.submitRequest(OzoneManagerProtocolServerSideTranslatorPB.java:147) [ozone-manager-1.3.0-SNAPSHOT.jar:?]
	at org.apache.hadoop.ozone.protocol.proto.OzoneManagerProtocolProtos$OzoneManagerService$2.callBlockingMethod(OzoneManagerProtocolProtos.java) [ozone-interface-client-1.3.0-SNAPSHOT.jar:?]
	at org.apache.hadoop.ipc.ProtobufRpcEngine$Server.processCall(ProtobufRpcEngine.java:466) [hadoop-common-3.3.1.jar:?]
	at org.apache.hadoop.ipc.ProtobufRpcEngine2$Server$ProtoBufRpcInvoker.call(ProtobufRpcEngine2.java:574) [hadoop-common-3.3.1.jar:?]
	at org.apache.hadoop.ipc.ProtobufRpcEngine2$Server$ProtoBufRpcInvoker.call(ProtobufRpcEngine2.java:552) [hadoop-common-3.3.1.jar:?]
	at org.apache.hadoop.ipc.RPC$Server.call(RPC.java:1093) [hadoop-common-3.3.1.jar:?]
	at org.apache.hadoop.ipc.Server$RpcCall.run(Server.java:1035) [hadoop-common-3.3.1.jar:?]
	at org.apache.hadoop.ipc.Server$RpcCall.run(Server.java:963) [hadoop-common-3.3.1.jar:?]
	at java.security.AccessController.doPrivileged(Native Method) ~[?:1.8.0_345]
	at javax.security.auth.Subject.doAs(Subject.java:422) [?:1.8.0_345]
	at org.apache.hadoop.security.UserGroupInformation.doAs(UserGroupInformation.java:1878) [hadoop-common-3.3.1.jar:?]
	at org.apache.hadoop.ipc.Server$Handler.run(Server.java:2966) [hadoop-common-3.3.1.jar:?]
2022-10-06 01:03:41,311 [Time-limited test] WARN  ozone.BasicRootedOzoneFileSystem (BasicRootedOzoneFileSystem.java:getFileStatus(879)) - GetFileStatus failed for path /volume-15061/bucket-75004/.Trash/runner
java.io.FileNotFoundException: .Trash/runner: No such file or directory!
	at org.apache.hadoop.fs.ozone.BasicRootedOzoneClientAdapterImpl.getFileStatus(BasicRootedOzoneClientAdapterImpl.java:617)
	at org.apache.hadoop.fs.ozone.BasicRootedOzoneFileSystem.getFileStatus(BasicRootedOzoneFileSystem.java:869)
	at org.apache.hadoop.fs.FileSystem.exists(FileSystem.java:1760)
	at org.apache.hadoop.fs.ozone.BasicRootedOzoneFileSystem.exists(BasicRootedOzoneFileSystem.java:918)
	at org.apache.hadoop.fs.ozone.BasicRootedOzoneClientAdapterImpl.getTrashRoots(BasicRootedOzoneClientAdapterImpl.java:669)
	at org.apache.hadoop.fs.ozone.BasicRootedOzoneFileSystem.getTrashRoots(BasicRootedOzoneFileSystem.java:824)
	at org.apache.hadoop.fs.ozone.TestRootedOzoneFileSystem.testGetTrashRoots(TestRootedOzoneFileSystem.java:1511)
	at sun.reflect.NativeMethodAccessorImpl.invoke0(Native Method)
	at sun.reflect.NativeMethodAccessorImpl.invoke(NativeMethodAccessorImpl.java:62)
	at sun.reflect.DelegatingMethodAccessorImpl.invoke(DelegatingMethodAccessorImpl.java:43)
	at java.lang.reflect.Method.invoke(Method.java:498)
	at org.junit.runners.model.FrameworkMethod$1.runReflectiveCall(FrameworkMethod.java:59)
	at org.junit.internal.runners.model.ReflectiveCallable.run(ReflectiveCallable.java:12)
	at org.junit.runners.model.FrameworkMethod.invokeExplosively(FrameworkMethod.java:56)
	at org.junit.internal.runners.statements.InvokeMethod.evaluate(InvokeMethod.java:17)
	at org.junit.internal.runners.statements.RunBefores.evaluate(RunBefores.java:26)
	at org.junit.internal.runners.statements.RunAfters.evaluate(RunAfters.java:27)
	at org.junit.internal.runners.statements.FailOnTimeout$CallableStatement.call(FailOnTimeout.java:288)
	at org.junit.internal.runners.statements.FailOnTimeout$CallableStatement.call(FailOnTimeout.java:282)
	at java.util.concurrent.FutureTask.run(FutureTask.java:266)
	at java.lang.Thread.run(Thread.java:750)
01:03:41.313 [IPC Server handler 10 on default port 34317] ERROR OMAudit - user=runner | ip=127.0.0.1 | op=GET_FILE_STATUS {volume=volume-70220, bucket=bucket3, key=.Trash/runner, dataSize=0, replicationConfig=null} | ret=FAILURE
org.apache.hadoop.ozone.om.exceptions.OMException: Unable to get file status: volume: volume-70220 bucket: bucket3 key: .Trash/runner
	at org.apache.hadoop.ozone.om.KeyManagerImpl.getOzoneFileStatusFSO(KeyManagerImpl.java:1389) ~[ozone-manager-1.3.0-SNAPSHOT.jar:?]
	at org.apache.hadoop.ozone.om.KeyManagerImpl.getFileStatus(KeyManagerImpl.java:1252) ~[ozone-manager-1.3.0-SNAPSHOT.jar:?]
	at org.apache.hadoop.ozone.om.OzoneManager.getFileStatus(OzoneManager.java:3507) ~[ozone-manager-1.3.0-SNAPSHOT.jar:?]
	at org.apache.hadoop.ozone.protocolPB.OzoneManagerRequestHandler.getOzoneFileStatus(OzoneManagerRequestHandler.java:882) ~[ozone-manager-1.3.0-SNAPSHOT.jar:?]
	at org.apache.hadoop.ozone.protocolPB.OzoneManagerRequestHandler.handleReadRequest(OzoneManagerRequestHandler.java:228) ~[ozone-manager-1.3.0-SNAPSHOT.jar:?]
	at org.apache.hadoop.ozone.protocolPB.OzoneManagerProtocolServerSideTranslatorPB.submitReadRequestToOM(OzoneManagerProtocolServerSideTranslatorPB.java:226) ~[ozone-manager-1.3.0-SNAPSHOT.jar:?]
	at org.apache.hadoop.ozone.protocolPB.OzoneManagerProtocolServerSideTranslatorPB.processRequest(OzoneManagerProtocolServerSideTranslatorPB.java:175) ~[ozone-manager-1.3.0-SNAPSHOT.jar:?]
	at org.apache.hadoop.hdds.server.OzoneProtocolMessageDispatcher.processRequest(OzoneProtocolMessageDispatcher.java:87) [hdds-server-framework-1.3.0-SNAPSHOT.jar:?]
	at org.apache.hadoop.ozone.protocolPB.OzoneManagerProtocolServerSideTranslatorPB.submitRequest(OzoneManagerProtocolServerSideTranslatorPB.java:147) [ozone-manager-1.3.0-SNAPSHOT.jar:?]
	at org.apache.hadoop.ozone.protocol.proto.OzoneManagerProtocolProtos$OzoneManagerService$2.callBlockingMethod(OzoneManagerProtocolProtos.java) [ozone-interface-client-1.3.0-SNAPSHOT.jar:?]
	at org.apache.hadoop.ipc.ProtobufRpcEngine$Server.processCall(ProtobufRpcEngine.java:466) [hadoop-common-3.3.1.jar:?]
	at org.apache.hadoop.ipc.ProtobufRpcEngine2$Server$ProtoBufRpcInvoker.call(ProtobufRpcEngine2.java:574) [hadoop-common-3.3.1.jar:?]
	at org.apache.hadoop.ipc.ProtobufRpcEngine2$Server$ProtoBufRpcInvoker.call(ProtobufRpcEngine2.java:552) [hadoop-common-3.3.1.jar:?]
	at org.apache.hadoop.ipc.RPC$Server.call(RPC.java:1093) [hadoop-common-3.3.1.jar:?]
	at org.apache.hadoop.ipc.Server$RpcCall.run(Server.java:1035) [hadoop-common-3.3.1.jar:?]
	at org.apache.hadoop.ipc.Server$RpcCall.run(Server.java:963) [hadoop-common-3.3.1.jar:?]
	at java.security.AccessController.doPrivileged(Native Method) ~[?:1.8.0_345]
	at javax.security.auth.Subject.doAs(Subject.java:422) [?:1.8.0_345]
	at org.apache.hadoop.security.UserGroupInformation.doAs(UserGroupInformation.java:1878) [hadoop-common-3.3.1.jar:?]
	at org.apache.hadoop.ipc.Server$Handler.run(Server.java:2966) [hadoop-common-3.3.1.jar:?]
2022-10-06 01:03:41,313 [Time-limited test] WARN  ozone.BasicRootedOzoneFileSystem (BasicRootedOzoneFileSystem.java:getFileStatus(879)) - GetFileStatus failed for path /volume-70220/bucket3/.Trash/runner
java.io.FileNotFoundException: .Trash/runner: No such file or directory!
	at org.apache.hadoop.fs.ozone.BasicRootedOzoneClientAdapterImpl.getFileStatus(BasicRootedOzoneClientAdapterImpl.java:617)
	at org.apache.hadoop.fs.ozone.BasicRootedOzoneFileSystem.getFileStatus(BasicRootedOzoneFileSystem.java:869)
	at org.apache.hadoop.fs.FileSystem.exists(FileSystem.java:1760)
	at org.apache.hadoop.fs.ozone.BasicRootedOzoneFileSystem.exists(BasicRootedOzoneFileSystem.java:918)
	at org.apache.hadoop.fs.ozone.BasicRootedOzoneClientAdapterImpl.getTrashRoots(BasicRootedOzoneClientAdapterImpl.java:669)
	at org.apache.hadoop.fs.ozone.BasicRootedOzoneFileSystem.getTrashRoots(BasicRootedOzoneFileSystem.java:824)
	at org.apache.hadoop.fs.ozone.TestRootedOzoneFileSystem.testGetTrashRoots(TestRootedOzoneFileSystem.java:1511)
	at sun.reflect.NativeMethodAccessorImpl.invoke0(Native Method)
	at sun.reflect.NativeMethodAccessorImpl.invoke(NativeMethodAccessorImpl.java:62)
	at sun.reflect.DelegatingMethodAccessorImpl.invoke(DelegatingMethodAccessorImpl.java:43)
	at java.lang.reflect.Method.invoke(Method.java:498)
	at org.junit.runners.model.FrameworkMethod$1.runReflectiveCall(FrameworkMethod.java:59)
	at org.junit.internal.runners.model.ReflectiveCallable.run(ReflectiveCallable.java:12)
	at org.junit.runners.model.FrameworkMethod.invokeExplosively(FrameworkMethod.java:56)
	at org.junit.internal.runners.statements.InvokeMethod.evaluate(InvokeMethod.java:17)
	at org.junit.internal.runners.statements.RunBefores.evaluate(RunBefores.java:26)
	at org.junit.internal.runners.statements.RunAfters.evaluate(RunAfters.java:27)
	at org.junit.internal.runners.statements.FailOnTimeout$CallableStatement.call(FailOnTimeout.java:288)
	at org.junit.internal.runners.statements.FailOnTimeout$CallableStatement.call(FailOnTimeout.java:282)
	at java.util.concurrent.FutureTask.run(FutureTask.java:266)
	at java.lang.Thread.run(Thread.java:750)
01:03:41.317 [IPC Server handler 1 on default port 34317] ERROR OMAudit - user=runner | ip=127.0.0.1 | op=GET_FILE_STATUS {volume=41812c2c-f6d7-4f0f-be5c-cc1f0b07cd78, bucket=0df5328d-eeb1-4c32-87ea-33cd10a8a7f6, key=.Trash, dataSize=0, replicationConfig=null} | ret=FAILURE
org.apache.hadoop.ozone.om.exceptions.OMException: Unable to get file status: volume: 41812c2c-f6d7-4f0f-be5c-cc1f0b07cd78 bucket: 0df5328d-eeb1-4c32-87ea-33cd10a8a7f6 key: .Trash
	at org.apache.hadoop.ozone.om.KeyManagerImpl.getOzoneFileStatus(KeyManagerImpl.java:1324) ~[ozone-manager-1.3.0-SNAPSHOT.jar:?]
	at org.apache.hadoop.ozone.om.KeyManagerImpl.getFileStatus(KeyManagerImpl.java:1254) ~[ozone-manager-1.3.0-SNAPSHOT.jar:?]
	at org.apache.hadoop.ozone.om.OzoneManager.getFileStatus(OzoneManager.java:3507) ~[ozone-manager-1.3.0-SNAPSHOT.jar:?]
	at org.apache.hadoop.ozone.protocolPB.OzoneManagerRequestHandler.getOzoneFileStatus(OzoneManagerRequestHandler.java:882) ~[ozone-manager-1.3.0-SNAPSHOT.jar:?]
	at org.apache.hadoop.ozone.protocolPB.OzoneManagerRequestHandler.handleReadRequest(OzoneManagerRequestHandler.java:228) ~[ozone-manager-1.3.0-SNAPSHOT.jar:?]
	at org.apache.hadoop.ozone.protocolPB.OzoneManagerProtocolServerSideTranslatorPB.submitReadRequestToOM(OzoneManagerProtocolServerSideTranslatorPB.java:226) ~[ozone-manager-1.3.0-SNAPSHOT.jar:?]
	at org.apache.hadoop.ozone.protocolPB.OzoneManagerProtocolServerSideTranslatorPB.processRequest(OzoneManagerProtocolServerSideTranslatorPB.java:175) ~[ozone-manager-1.3.0-SNAPSHOT.jar:?]
	at org.apache.hadoop.hdds.server.OzoneProtocolMessageDispatcher.processRequest(OzoneProtocolMessageDispatcher.java:87) [hdds-server-framework-1.3.0-SNAPSHOT.jar:?]
	at org.apache.hadoop.ozone.protocolPB.OzoneManagerProtocolServerSideTranslatorPB.submitRequest(OzoneManagerProtocolServerSideTranslatorPB.java:147) [ozone-manager-1.3.0-SNAPSHOT.jar:?]
	at org.apache.hadoop.ozone.protocol.proto.OzoneManagerProtocolProtos$OzoneManagerService$2.callBlockingMethod(OzoneManagerProtocolProtos.java) [ozone-interface-client-1.3.0-SNAPSHOT.jar:?]
	at org.apache.hadoop.ipc.ProtobufRpcEngine$Server.processCall(ProtobufRpcEngine.java:466) [hadoop-common-3.3.1.jar:?]
	at org.apache.hadoop.ipc.ProtobufRpcEngine2$Server$ProtoBufRpcInvoker.call(ProtobufRpcEngine2.java:574) [hadoop-common-3.3.1.jar:?]
	at org.apache.hadoop.ipc.ProtobufRpcEngine2$Server$ProtoBufRpcInvoker.call(ProtobufRpcEngine2.java:552) [hadoop-common-3.3.1.jar:?]
	at org.apache.hadoop.ipc.RPC$Server.call(RPC.java:1093) [hadoop-common-3.3.1.jar:?]
	at org.apache.hadoop.ipc.Server$RpcCall.run(Server.java:1035) [hadoop-common-3.3.1.jar:?]
	at org.apache.hadoop.ipc.Server$RpcCall.run(Server.java:963) [hadoop-common-3.3.1.jar:?]
	at java.security.AccessController.doPrivileged(Native Method) ~[?:1.8.0_345]
	at javax.security.auth.Subject.doAs(Subject.java:422) [?:1.8.0_345]
	at org.apache.hadoop.security.UserGroupInformation.doAs(UserGroupInformation.java:1878) [hadoop-common-3.3.1.jar:?]
	at org.apache.hadoop.ipc.Server$Handler.run(Server.java:2966) [hadoop-common-3.3.1.jar:?]
2022-10-06 01:03:41,317 [Time-limited test] WARN  ozone.BasicRootedOzoneFileSystem (BasicRootedOzoneFileSystem.java:getFileStatus(879)) - GetFileStatus failed for path /41812c2c-f6d7-4f0f-be5c-cc1f0b07cd78/0df5328d-eeb1-4c32-87ea-33cd10a8a7f6/.Trash
java.io.FileNotFoundException: .Trash: No such file or directory!
	at org.apache.hadoop.fs.ozone.BasicRootedOzoneClientAdapterImpl.getFileStatus(BasicRootedOzoneClientAdapterImpl.java:617)
	at org.apache.hadoop.fs.ozone.BasicRootedOzoneFileSystem.getFileStatus(BasicRootedOzoneFileSystem.java:869)
	at org.apache.hadoop.fs.FileSystem.exists(FileSystem.java:1760)
	at org.apache.hadoop.fs.ozone.BasicRootedOzoneFileSystem.exists(BasicRootedOzoneFileSystem.java:918)
	at org.apache.hadoop.fs.ozone.BasicRootedOzoneClientAdapterImpl.getTrashRoots(BasicRootedOzoneClientAdapterImpl.java:660)
	at org.apache.hadoop.fs.ozone.BasicRootedOzoneFileSystem.getTrashRoots(BasicRootedOzoneFileSystem.java:824)
	at org.apache.hadoop.fs.ozone.TestRootedOzoneFileSystem.testGetTrashRoots(TestRootedOzoneFileSystem.java:1512)
	at sun.reflect.NativeMethodAccessorImpl.invoke0(Native Method)
	at sun.reflect.NativeMethodAccessorImpl.invoke(NativeMethodAccessorImpl.java:62)
	at sun.reflect.DelegatingMethodAccessorImpl.invoke(DelegatingMethodAccessorImpl.java:43)
	at java.lang.reflect.Method.invoke(Method.java:498)
	at org.junit.runners.model.FrameworkMethod$1.runReflectiveCall(FrameworkMethod.java:59)
	at org.junit.internal.runners.model.ReflectiveCallable.run(ReflectiveCallable.java:12)
	at org.junit.runners.model.FrameworkMethod.invokeExplosively(FrameworkMethod.java:56)
	at org.junit.internal.runners.statements.InvokeMethod.evaluate(InvokeMethod.java:17)
	at org.junit.internal.runners.statements.RunBefores.evaluate(RunBefores.java:26)
	at org.junit.internal.runners.statements.RunAfters.evaluate(RunAfters.java:27)
	at org.junit.internal.runners.statements.FailOnTimeout$CallableStatement.call(FailOnTimeout.java:288)
	at org.junit.internal.runners.statements.FailOnTimeout$CallableStatement.call(FailOnTimeout.java:282)
	at java.util.concurrent.FutureTask.run(FutureTask.java:266)
	at java.lang.Thread.run(Thread.java:750)
01:03:41.321 [IPC Server handler 14 on default port 34317] ERROR OMAudit - user=runner | ip=127.0.0.1 | op=GET_FILE_STATUS {volume=volume-15061, bucket=bucket-75004, key=.Trash, dataSize=0, replicationConfig=null} | ret=FAILURE
org.apache.hadoop.ozone.om.exceptions.OMException: Unable to get file status: volume: volume-15061 bucket: bucket-75004 key: .Trash
	at org.apache.hadoop.ozone.om.KeyManagerImpl.getOzoneFileStatusFSO(KeyManagerImpl.java:1389) ~[ozone-manager-1.3.0-SNAPSHOT.jar:?]
	at org.apache.hadoop.ozone.om.KeyManagerImpl.getFileStatus(KeyManagerImpl.java:1252) ~[ozone-manager-1.3.0-SNAPSHOT.jar:?]
	at org.apache.hadoop.ozone.om.OzoneManager.getFileStatus(OzoneManager.java:3507) ~[ozone-manager-1.3.0-SNAPSHOT.jar:?]
	at org.apache.hadoop.ozone.protocolPB.OzoneManagerRequestHandler.getOzoneFileStatus(OzoneManagerRequestHandler.java:882) ~[ozone-manager-1.3.0-SNAPSHOT.jar:?]
	at org.apache.hadoop.ozone.protocolPB.OzoneManagerRequestHandler.handleReadRequest(OzoneManagerRequestHandler.java:228) ~[ozone-manager-1.3.0-SNAPSHOT.jar:?]
	at org.apache.hadoop.ozone.protocolPB.OzoneManagerProtocolServerSideTranslatorPB.submitReadRequestToOM(OzoneManagerProtocolServerSideTranslatorPB.java:226) ~[ozone-manager-1.3.0-SNAPSHOT.jar:?]
	at org.apache.hadoop.ozone.protocolPB.OzoneManagerProtocolServerSideTranslatorPB.processRequest(OzoneManagerProtocolServerSideTranslatorPB.java:175) ~[ozone-manager-1.3.0-SNAPSHOT.jar:?]
	at org.apache.hadoop.hdds.server.OzoneProtocolMessageDispatcher.processRequest(OzoneProtocolMessageDispatcher.java:87) [hdds-server-framework-1.3.0-SNAPSHOT.jar:?]
	at org.apache.hadoop.ozone.protocolPB.OzoneManagerProtocolServerSideTranslatorPB.submitRequest(OzoneManagerProtocolServerSideTranslatorPB.java:147) [ozone-manager-1.3.0-SNAPSHOT.jar:?]
	at org.apache.hadoop.ozone.protocol.proto.OzoneManagerProtocolProtos$OzoneManagerService$2.callBlockingMethod(OzoneManagerProtocolProtos.java) [ozone-interface-client-1.3.0-SNAPSHOT.jar:?]
	at org.apache.hadoop.ipc.ProtobufRpcEngine$Server.processCall(ProtobufRpcEngine.java:466) [hadoop-common-3.3.1.jar:?]
	at org.apache.hadoop.ipc.ProtobufRpcEngine2$Server$ProtoBufRpcInvoker.call(ProtobufRpcEngine2.java:574) [hadoop-common-3.3.1.jar:?]
	at org.apache.hadoop.ipc.ProtobufRpcEngine2$Server$ProtoBufRpcInvoker.call(ProtobufRpcEngine2.java:552) [hadoop-common-3.3.1.jar:?]
	at org.apache.hadoop.ipc.RPC$Server.call(RPC.java:1093) [hadoop-common-3.3.1.jar:?]
	at org.apache.hadoop.ipc.Server$RpcCall.run(Server.java:1035) [hadoop-common-3.3.1.jar:?]
	at org.apache.hadoop.ipc.Server$RpcCall.run(Server.java:963) [hadoop-common-3.3.1.jar:?]
	at java.security.AccessController.doPrivileged(Native Method) ~[?:1.8.0_345]
	at javax.security.auth.Subject.doAs(Subject.java:422) [?:1.8.0_345]
	at org.apache.hadoop.security.UserGroupInformation.doAs(UserGroupInformation.java:1878) [hadoop-common-3.3.1.jar:?]
	at org.apache.hadoop.ipc.Server$Handler.run(Server.java:2966) [hadoop-common-3.3.1.jar:?]
2022-10-06 01:03:41,321 [Time-limited test] WARN  ozone.BasicRootedOzoneFileSystem (BasicRootedOzoneFileSystem.java:getFileStatus(879)) - GetFileStatus failed for path /volume-15061/bucket-75004/.Trash
java.io.FileNotFoundException: .Trash: No such file or directory!
	at org.apache.hadoop.fs.ozone.BasicRootedOzoneClientAdapterImpl.getFileStatus(BasicRootedOzoneClientAdapterImpl.java:617)
	at org.apache.hadoop.fs.ozone.BasicRootedOzoneFileSystem.getFileStatus(BasicRootedOzoneFileSystem.java:869)
	at org.apache.hadoop.fs.FileSystem.exists(FileSystem.java:1760)
	at org.apache.hadoop.fs.ozone.BasicRootedOzoneFileSystem.exists(BasicRootedOzoneFileSystem.java:918)
	at org.apache.hadoop.fs.ozone.BasicRootedOzoneClientAdapterImpl.getTrashRoots(BasicRootedOzoneClientAdapterImpl.java:660)
	at org.apache.hadoop.fs.ozone.BasicRootedOzoneFileSystem.getTrashRoots(BasicRootedOzoneFileSystem.java:824)
	at org.apache.hadoop.fs.ozone.TestRootedOzoneFileSystem.testGetTrashRoots(TestRootedOzoneFileSystem.java:1512)
	at sun.reflect.NativeMethodAccessorImpl.invoke0(Native Method)
	at sun.reflect.NativeMethodAccessorImpl.invoke(NativeMethodAccessorImpl.java:62)
	at sun.reflect.DelegatingMethodAccessorImpl.invoke(DelegatingMethodAccessorImpl.java:43)
	at java.lang.reflect.Method.invoke(Method.java:498)
	at org.junit.runners.model.FrameworkMethod$1.runReflectiveCall(FrameworkMethod.java:59)
	at org.junit.internal.runners.model.ReflectiveCallable.run(ReflectiveCallable.java:12)
	at org.junit.runners.model.FrameworkMethod.invokeExplosively(FrameworkMethod.java:56)
	at org.junit.internal.runners.statements.InvokeMethod.evaluate(InvokeMethod.java:17)
	at org.junit.internal.runners.statements.RunBefores.evaluate(RunBefores.java:26)
	at org.junit.internal.runners.statements.RunAfters.evaluate(RunAfters.java:27)
	at org.junit.internal.runners.statements.FailOnTimeout$CallableStatement.call(FailOnTimeout.java:288)
	at org.junit.internal.runners.statements.FailOnTimeout$CallableStatement.call(FailOnTimeout.java:282)
	at java.util.concurrent.FutureTask.run(FutureTask.java:266)
	at java.lang.Thread.run(Thread.java:750)
01:03:41.325 [IPC Server handler 18 on default port 34317] ERROR OMAudit - user=runner | ip=127.0.0.1 | op=GET_FILE_STATUS {volume=volume-47606, bucket=bucket-57938, key=.Trash, dataSize=0, replicationConfig=null} | ret=FAILURE
org.apache.hadoop.ozone.om.exceptions.OMException: Unable to get file status: volume: volume-47606 bucket: bucket-57938 key: .Trash
	at org.apache.hadoop.ozone.om.KeyManagerImpl.getOzoneFileStatusFSO(KeyManagerImpl.java:1389) ~[ozone-manager-1.3.0-SNAPSHOT.jar:?]
	at org.apache.hadoop.ozone.om.KeyManagerImpl.getFileStatus(KeyManagerImpl.java:1252) ~[ozone-manager-1.3.0-SNAPSHOT.jar:?]
	at org.apache.hadoop.ozone.om.OzoneManager.getFileStatus(OzoneManager.java:3507) ~[ozone-manager-1.3.0-SNAPSHOT.jar:?]
	at org.apache.hadoop.ozone.protocolPB.OzoneManagerRequestHandler.getOzoneFileStatus(OzoneManagerRequestHandler.java:882) ~[ozone-manager-1.3.0-SNAPSHOT.jar:?]
	at org.apache.hadoop.ozone.protocolPB.OzoneManagerRequestHandler.handleReadRequest(OzoneManagerRequestHandler.java:228) ~[ozone-manager-1.3.0-SNAPSHOT.jar:?]
	at org.apache.hadoop.ozone.protocolPB.OzoneManagerProtocolServerSideTranslatorPB.submitReadRequestToOM(OzoneManagerProtocolServerSideTranslatorPB.java:226) ~[ozone-manager-1.3.0-SNAPSHOT.jar:?]
	at org.apache.hadoop.ozone.protocolPB.OzoneManagerProtocolServerSideTranslatorPB.processRequest(OzoneManagerProtocolServerSideTranslatorPB.java:175) ~[ozone-manager-1.3.0-SNAPSHOT.jar:?]
	at org.apache.hadoop.hdds.server.OzoneProtocolMessageDispatcher.processRequest(OzoneProtocolMessageDispatcher.java:87) [hdds-server-framework-1.3.0-SNAPSHOT.jar:?]
	at org.apache.hadoop.ozone.protocolPB.OzoneManagerProtocolServerSideTranslatorPB.submitRequest(OzoneManagerProtocolServerSideTranslatorPB.java:147) [ozone-manager-1.3.0-SNAPSHOT.jar:?]
	at org.apache.hadoop.ozone.protocol.proto.OzoneManagerProtocolProtos$OzoneManagerService$2.callBlockingMethod(OzoneManagerProtocolProtos.java) [ozone-interface-client-1.3.0-SNAPSHOT.jar:?]
	at org.apache.hadoop.ipc.ProtobufRpcEngine$Server.processCall(ProtobufRpcEngine.java:466) [hadoop-common-3.3.1.jar:?]
	at org.apache.hadoop.ipc.ProtobufRpcEngine2$Server$ProtoBufRpcInvoker.call(ProtobufRpcEngine2.java:574) [hadoop-common-3.3.1.jar:?]
	at org.apache.hadoop.ipc.ProtobufRpcEngine2$Server$ProtoBufRpcInvoker.call(ProtobufRpcEngine2.java:552) [hadoop-common-3.3.1.jar:?]
	at org.apache.hadoop.ipc.RPC$Server.call(RPC.java:1093) [hadoop-common-3.3.1.jar:?]
	at org.apache.hadoop.ipc.Server$RpcCall.run(Server.java:1035) [hadoop-common-3.3.1.jar:?]
	at org.apache.hadoop.ipc.Server$RpcCall.run(Server.java:963) [hadoop-common-3.3.1.jar:?]
	at java.security.AccessController.doPrivileged(Native Method) ~[?:1.8.0_345]
	at javax.security.auth.Subject.doAs(Subject.java:422) [?:1.8.0_345]
	at org.apache.hadoop.security.UserGroupInformation.doAs(UserGroupInformation.java:1878) [hadoop-common-3.3.1.jar:?]
	at org.apache.hadoop.ipc.Server$Handler.run(Server.java:2966) [hadoop-common-3.3.1.jar:?]
2022-10-06 01:03:41,325 [Time-limited test] WARN  ozone.BasicRootedOzoneFileSystem (BasicRootedOzoneFileSystem.java:getFileStatus(879)) - GetFileStatus failed for path /volume-47606/bucket-57938/.Trash
java.io.FileNotFoundException: .Trash: No such file or directory!
	at org.apache.hadoop.fs.ozone.BasicRootedOzoneClientAdapterImpl.getFileStatus(BasicRootedOzoneClientAdapterImpl.java:617)
	at org.apache.hadoop.fs.ozone.BasicRootedOzoneFileSystem.getFileStatus(BasicRootedOzoneFileSystem.java:869)
	at org.apache.hadoop.fs.FileSystem.exists(FileSystem.java:1760)
	at org.apache.hadoop.fs.ozone.BasicRootedOzoneFileSystem.exists(BasicRootedOzoneFileSystem.java:918)
	at org.apache.hadoop.fs.ozone.BasicRootedOzoneClientAdapterImpl.getTrashRoots(BasicRootedOzoneClientAdapterImpl.java:660)
	at org.apache.hadoop.fs.ozone.BasicRootedOzoneFileSystem.getTrashRoots(BasicRootedOzoneFileSystem.java:824)
	at org.apache.hadoop.fs.ozone.TestRootedOzoneFileSystem.testGetTrashRoots(TestRootedOzoneFileSystem.java:1512)
	at sun.reflect.NativeMethodAccessorImpl.invoke0(Native Method)
	at sun.reflect.NativeMethodAccessorImpl.invoke(NativeMethodAccessorImpl.java:62)
	at sun.reflect.DelegatingMethodAccessorImpl.invoke(DelegatingMethodAccessorImpl.java:43)
	at java.lang.reflect.Method.invoke(Method.java:498)
	at org.junit.runners.model.FrameworkMethod$1.runReflectiveCall(FrameworkMethod.java:59)
	at org.junit.internal.runners.model.ReflectiveCallable.run(ReflectiveCallable.java:12)
	at org.junit.runners.model.FrameworkMethod.invokeExplosively(FrameworkMethod.java:56)
	at org.junit.internal.runners.statements.InvokeMethod.evaluate(InvokeMethod.java:17)
	at org.junit.internal.runners.statements.RunBefores.evaluate(RunBefores.java:26)
	at org.junit.internal.runners.statements.RunAfters.evaluate(RunAfters.java:27)
	at org.junit.internal.runners.statements.FailOnTimeout$CallableStatement.call(FailOnTimeout.java:288)
	at org.junit.internal.runners.statements.FailOnTimeout$CallableStatement.call(FailOnTimeout.java:282)
	at java.util.concurrent.FutureTask.run(FutureTask.java:266)
	at java.lang.Thread.run(Thread.java:750)
01:03:41.327 [IPC Server handler 12 on default port 34317] ERROR OMAudit - user=runner | ip=127.0.0.1 | op=GET_FILE_STATUS {volume=volume-70220, bucket=bucket3, key=.Trash, dataSize=0, replicationConfig=null} | ret=FAILURE
org.apache.hadoop.ozone.om.exceptions.OMException: Unable to get file status: volume: volume-70220 bucket: bucket3 key: .Trash
	at org.apache.hadoop.ozone.om.KeyManagerImpl.getOzoneFileStatusFSO(KeyManagerImpl.java:1389) ~[ozone-manager-1.3.0-SNAPSHOT.jar:?]
	at org.apache.hadoop.ozone.om.KeyManagerImpl.getFileStatus(KeyManagerImpl.java:1252) ~[ozone-manager-1.3.0-SNAPSHOT.jar:?]
	at org.apache.hadoop.ozone.om.OzoneManager.getFileStatus(OzoneManager.java:3507) ~[ozone-manager-1.3.0-SNAPSHOT.jar:?]
	at org.apache.hadoop.ozone.protocolPB.OzoneManagerRequestHandler.getOzoneFileStatus(OzoneManagerRequestHandler.java:882) ~[ozone-manager-1.3.0-SNAPSHOT.jar:?]
	at org.apache.hadoop.ozone.protocolPB.OzoneManagerRequestHandler.handleReadRequest(OzoneManagerRequestHandler.java:228) ~[ozone-manager-1.3.0-SNAPSHOT.jar:?]
	at org.apache.hadoop.ozone.protocolPB.OzoneManagerProtocolServerSideTranslatorPB.submitReadRequestToOM(OzoneManagerProtocolServerSideTranslatorPB.java:226) ~[ozone-manager-1.3.0-SNAPSHOT.jar:?]
	at org.apache.hadoop.ozone.protocolPB.OzoneManagerProtocolServerSideTranslatorPB.processRequest(OzoneManagerProtocolServerSideTranslatorPB.java:175) ~[ozone-manager-1.3.0-SNAPSHOT.jar:?]
	at org.apache.hadoop.hdds.server.OzoneProtocolMessageDispatcher.processRequest(OzoneProtocolMessageDispatcher.java:87) [hdds-server-framework-1.3.0-SNAPSHOT.jar:?]
	at org.apache.hadoop.ozone.protocolPB.OzoneManagerProtocolServerSideTranslatorPB.submitRequest(OzoneManagerProtocolServerSideTranslatorPB.java:147) [ozone-manager-1.3.0-SNAPSHOT.jar:?]
	at org.apache.hadoop.ozone.protocol.proto.OzoneManagerProtocolProtos$OzoneManagerService$2.callBlockingMethod(OzoneManagerProtocolProtos.java) [ozone-interface-client-1.3.0-SNAPSHOT.jar:?]
	at org.apache.hadoop.ipc.ProtobufRpcEngine$Server.processCall(ProtobufRpcEngine.java:466) [hadoop-common-3.3.1.jar:?]
	at org.apache.hadoop.ipc.ProtobufRpcEngine2$Server$ProtoBufRpcInvoker.call(ProtobufRpcEngine2.java:574) [hadoop-common-3.3.1.jar:?]
	at org.apache.hadoop.ipc.ProtobufRpcEngine2$Server$ProtoBufRpcInvoker.call(ProtobufRpcEngine2.java:552) [hadoop-common-3.3.1.jar:?]
	at org.apache.hadoop.ipc.RPC$Server.call(RPC.java:1093) [hadoop-common-3.3.1.jar:?]
	at org.apache.hadoop.ipc.Server$RpcCall.run(Server.java:1035) [hadoop-common-3.3.1.jar:?]
	at org.apache.hadoop.ipc.Server$RpcCall.run(Server.java:963) [hadoop-common-3.3.1.jar:?]
	at java.security.AccessController.doPrivileged(Native Method) ~[?:1.8.0_345]
	at javax.security.auth.Subject.doAs(Subject.java:422) [?:1.8.0_345]
	at org.apache.hadoop.security.UserGroupInformation.doAs(UserGroupInformation.java:1878) [hadoop-common-3.3.1.jar:?]
	at org.apache.hadoop.ipc.Server$Handler.run(Server.java:2966) [hadoop-common-3.3.1.jar:?]
2022-10-06 01:03:41,328 [Time-limited test] WARN  ozone.BasicRootedOzoneFileSystem (BasicRootedOzoneFileSystem.java:getFileStatus(879)) - GetFileStatus failed for path /volume-70220/bucket3/.Trash
java.io.FileNotFoundException: .Trash: No such file or directory!
	at org.apache.hadoop.fs.ozone.BasicRootedOzoneClientAdapterImpl.getFileStatus(BasicRootedOzoneClientAdapterImpl.java:617)
	at org.apache.hadoop.fs.ozone.BasicRootedOzoneFileSystem.getFileStatus(BasicRootedOzoneFileSystem.java:869)
	at org.apache.hadoop.fs.FileSystem.exists(FileSystem.java:1760)
	at org.apache.hadoop.fs.ozone.BasicRootedOzoneFileSystem.exists(BasicRootedOzoneFileSystem.java:918)
	at org.apache.hadoop.fs.ozone.BasicRootedOzoneClientAdapterImpl.getTrashRoots(BasicRootedOzoneClientAdapterImpl.java:660)
	at org.apache.hadoop.fs.ozone.BasicRootedOzoneFileSystem.getTrashRoots(BasicRootedOzoneFileSystem.java:824)
	at org.apache.hadoop.fs.ozone.TestRootedOzoneFileSystem.testGetTrashRoots(TestRootedOzoneFileSystem.java:1512)
	at sun.reflect.NativeMethodAccessorImpl.invoke0(Native Method)
	at sun.reflect.NativeMethodAccessorImpl.invoke(NativeMethodAccessorImpl.java:62)
	at sun.reflect.DelegatingMethodAccessorImpl.invoke(DelegatingMethodAccessorImpl.java:43)
	at java.lang.reflect.Method.invoke(Method.java:498)
	at org.junit.runners.model.FrameworkMethod$1.runReflectiveCall(FrameworkMethod.java:59)
	at org.junit.internal.runners.model.ReflectiveCallable.run(ReflectiveCallable.java:12)
	at org.junit.runners.model.FrameworkMethod.invokeExplosively(FrameworkMethod.java:56)
	at org.junit.internal.runners.statements.InvokeMethod.evaluate(InvokeMethod.java:17)
	at org.junit.internal.runners.statements.RunBefores.evaluate(RunBefores.java:26)
	at org.junit.internal.runners.statements.RunAfters.evaluate(RunAfters.java:27)
	at org.junit.internal.runners.statements.FailOnTimeout$CallableStatement.call(FailOnTimeout.java:288)
	at org.junit.internal.runners.statements.FailOnTimeout$CallableStatement.call(FailOnTimeout.java:282)
	at java.util.concurrent.FutureTask.run(FutureTask.java:266)
	at java.lang.Thread.run(Thread.java:750)
01:03:41.329 [IPC Server handler 6 on default port 34317] ERROR OMAudit - user=runner | ip=127.0.0.1 | op=GET_FILE_STATUS {volume=volume08061, bucket=bucket32681, key=.Trash, dataSize=0, replicationConfig=null} | ret=FAILURE
org.apache.hadoop.ozone.om.exceptions.OMException: Unable to get file status: volume: volume08061 bucket: bucket32681 key: .Trash
	at org.apache.hadoop.ozone.om.KeyManagerImpl.getOzoneFileStatusFSO(KeyManagerImpl.java:1389) ~[ozone-manager-1.3.0-SNAPSHOT.jar:?]
	at org.apache.hadoop.ozone.om.KeyManagerImpl.getFileStatus(KeyManagerImpl.java:1252) ~[ozone-manager-1.3.0-SNAPSHOT.jar:?]
	at org.apache.hadoop.ozone.om.OzoneManager.getFileStatus(OzoneManager.java:3507) ~[ozone-manager-1.3.0-SNAPSHOT.jar:?]
	at org.apache.hadoop.ozone.protocolPB.OzoneManagerRequestHandler.getOzoneFileStatus(OzoneManagerRequestHandler.java:882) ~[ozone-manager-1.3.0-SNAPSHOT.jar:?]
	at org.apache.hadoop.ozone.protocolPB.OzoneManagerRequestHandler.handleReadRequest(OzoneManagerRequestHandler.java:228) ~[ozone-manager-1.3.0-SNAPSHOT.jar:?]
	at org.apache.hadoop.ozone.protocolPB.OzoneManagerProtocolServerSideTranslatorPB.submitReadRequestToOM(OzoneManagerProtocolServerSideTranslatorPB.java:226) ~[ozone-manager-1.3.0-SNAPSHOT.jar:?]
	at org.apache.hadoop.ozone.protocolPB.OzoneManagerProtocolServerSideTranslatorPB.processRequest(OzoneManagerProtocolServerSideTranslatorPB.java:175) ~[ozone-manager-1.3.0-SNAPSHOT.jar:?]
	at org.apache.hadoop.hdds.server.OzoneProtocolMessageDispatcher.processRequest(OzoneProtocolMessageDispatcher.java:87) [hdds-server-framework-1.3.0-SNAPSHOT.jar:?]
	at org.apache.hadoop.ozone.protocolPB.OzoneManagerProtocolServerSideTranslatorPB.submitRequest(OzoneManagerProtocolServerSideTranslatorPB.java:147) [ozone-manager-1.3.0-SNAPSHOT.jar:?]
	at org.apache.hadoop.ozone.protocol.proto.OzoneManagerProtocolProtos$OzoneManagerService$2.callBlockingMethod(OzoneManagerProtocolProtos.java) [ozone-interface-client-1.3.0-SNAPSHOT.jar:?]
	at org.apache.hadoop.ipc.ProtobufRpcEngine$Server.processCall(ProtobufRpcEngine.java:466) [hadoop-common-3.3.1.jar:?]
	at org.apache.hadoop.ipc.ProtobufRpcEngine2$Server$ProtoBufRpcInvoker.call(ProtobufRpcEngine2.java:574) [hadoop-common-3.3.1.jar:?]
	at org.apache.hadoop.ipc.ProtobufRpcEngine2$Server$ProtoBufRpcInvoker.call(ProtobufRpcEngine2.java:552) [hadoop-common-3.3.1.jar:?]
	at org.apache.hadoop.ipc.RPC$Server.call(RPC.java:1093) [hadoop-common-3.3.1.jar:?]
	at org.apache.hadoop.ipc.Server$RpcCall.run(Server.java:1035) [hadoop-common-3.3.1.jar:?]
	at org.apache.hadoop.ipc.Server$RpcCall.run(Server.java:963) [hadoop-common-3.3.1.jar:?]
	at java.security.AccessController.doPrivileged(Native Method) ~[?:1.8.0_345]
	at javax.security.auth.Subject.doAs(Subject.java:422) [?:1.8.0_345]
	at org.apache.hadoop.security.UserGroupInformation.doAs(UserGroupInformation.java:1878) [hadoop-common-3.3.1.jar:?]
	at org.apache.hadoop.ipc.Server$Handler.run(Server.java:2966) [hadoop-common-3.3.1.jar:?]
2022-10-06 01:03:41,330 [Time-limited test] WARN  ozone.BasicRootedOzoneFileSystem (BasicRootedOzoneFileSystem.java:getFileStatus(879)) - GetFileStatus failed for path /volume08061/bucket32681/.Trash
java.io.FileNotFoundException: .Trash: No such file or directory!
	at org.apache.hadoop.fs.ozone.BasicRootedOzoneClientAdapterImpl.getFileStatus(BasicRootedOzoneClientAdapterImpl.java:617)
	at org.apache.hadoop.fs.ozone.BasicRootedOzoneFileSystem.getFileStatus(BasicRootedOzoneFileSystem.java:869)
	at org.apache.hadoop.fs.FileSystem.exists(FileSystem.java:1760)
	at org.apache.hadoop.fs.ozone.BasicRootedOzoneFileSystem.exists(BasicRootedOzoneFileSystem.java:918)
	at org.apache.hadoop.fs.ozone.BasicRootedOzoneClientAdapterImpl.getTrashRoots(BasicRootedOzoneClientAdapterImpl.java:660)
	at org.apache.hadoop.fs.ozone.BasicRootedOzoneFileSystem.getTrashRoots(BasicRootedOzoneFileSystem.java:824)
	at org.apache.hadoop.fs.ozone.TestRootedOzoneFileSystem.testGetTrashRoots(TestRootedOzoneFileSystem.java:1512)
	at sun.reflect.NativeMethodAccessorImpl.invoke0(Native Method)
	at sun.reflect.NativeMethodAccessorImpl.invoke(NativeMethodAccessorImpl.java:62)
	at sun.reflect.DelegatingMethodAccessorImpl.invoke(DelegatingMethodAccessorImpl.java:43)
	at java.lang.reflect.Method.invoke(Method.java:498)
	at org.junit.runners.model.FrameworkMethod$1.runReflectiveCall(FrameworkMethod.java:59)
	at org.junit.internal.runners.model.ReflectiveCallable.run(ReflectiveCallable.java:12)
	at org.junit.runners.model.FrameworkMethod.invokeExplosively(FrameworkMethod.java:56)
	at org.junit.internal.runners.statements.InvokeMethod.evaluate(InvokeMethod.java:17)
	at org.junit.internal.runners.statements.RunBefores.evaluate(RunBefores.java:26)
	at org.junit.internal.runners.statements.RunAfters.evaluate(RunAfters.java:27)
	at org.junit.internal.runners.statements.FailOnTimeout$CallableStatement.call(FailOnTimeout.java:288)
	at org.junit.internal.runners.statements.FailOnTimeout$CallableStatement.call(FailOnTimeout.java:282)
	at java.util.concurrent.FutureTask.run(FutureTask.java:266)
	at java.lang.Thread.run(Thread.java:750)
01:03:41.335 [IPC Server handler 15 on default port 34317] ERROR OMAudit - user=runner | ip=127.0.0.1 | op=GET_FILE_STATUS {volume=volume52277, bucket=trashroottest2, key=.Trash, dataSize=0, replicationConfig=null} | ret=FAILURE
org.apache.hadoop.ozone.om.exceptions.OMException: Unable to get file status: volume: volume52277 bucket: trashroottest2 key: .Trash
	at org.apache.hadoop.ozone.om.KeyManagerImpl.getOzoneFileStatusFSO(KeyManagerImpl.java:1389) ~[ozone-manager-1.3.0-SNAPSHOT.jar:?]
	at org.apache.hadoop.ozone.om.KeyManagerImpl.getFileStatus(KeyManagerImpl.java:1252) ~[ozone-manager-1.3.0-SNAPSHOT.jar:?]
	at org.apache.hadoop.ozone.om.OzoneManager.getFileStatus(OzoneManager.java:3507) ~[ozone-manager-1.3.0-SNAPSHOT.jar:?]
	at org.apache.hadoop.ozone.protocolPB.OzoneManagerRequestHandler.getOzoneFileStatus(OzoneManagerRequestHandler.java:882) ~[ozone-manager-1.3.0-SNAPSHOT.jar:?]
	at org.apache.hadoop.ozone.protocolPB.OzoneManagerRequestHandler.handleReadRequest(OzoneManagerRequestHandler.java:228) ~[ozone-manager-1.3.0-SNAPSHOT.jar:?]
	at org.apache.hadoop.ozone.protocolPB.OzoneManagerProtocolServerSideTranslatorPB.submitReadRequestToOM(OzoneManagerProtocolServerSideTranslatorPB.java:226) ~[ozone-manager-1.3.0-SNAPSHOT.jar:?]
	at org.apache.hadoop.ozone.protocolPB.OzoneManagerProtocolServerSideTranslatorPB.processRequest(OzoneManagerProtocolServerSideTranslatorPB.java:175) ~[ozone-manager-1.3.0-SNAPSHOT.jar:?]
	at org.apache.hadoop.hdds.server.OzoneProtocolMessageDispatcher.processRequest(OzoneProtocolMessageDispatcher.java:87) [hdds-server-framework-1.3.0-SNAPSHOT.jar:?]
	at org.apache.hadoop.ozone.protocolPB.OzoneManagerProtocolServerSideTranslatorPB.submitRequest(OzoneManagerProtocolServerSideTranslatorPB.java:147) [ozone-manager-1.3.0-SNAPSHOT.jar:?]
	at org.apache.hadoop.ozone.protocol.proto.OzoneManagerProtocolProtos$OzoneManagerService$2.callBlockingMethod(OzoneManagerProtocolProtos.java) [ozone-interface-client-1.3.0-SNAPSHOT.jar:?]
	at org.apache.hadoop.ipc.ProtobufRpcEngine$Server.processCall(ProtobufRpcEngine.java:466) [hadoop-common-3.3.1.jar:?]
	at org.apache.hadoop.ipc.ProtobufRpcEngine2$Server$ProtoBufRpcInvoker.call(ProtobufRpcEngine2.java:574) [hadoop-common-3.3.1.jar:?]
	at org.apache.hadoop.ipc.ProtobufRpcEngine2$Server$ProtoBufRpcInvoker.call(ProtobufRpcEngine2.java:552) [hadoop-common-3.3.1.jar:?]
	at org.apache.hadoop.ipc.RPC$Server.call(RPC.java:1093) [hadoop-common-3.3.1.jar:?]
	at org.apache.hadoop.ipc.Server$RpcCall.run(Server.java:1035) [hadoop-common-3.3.1.jar:?]
	at org.apache.hadoop.ipc.Server$RpcCall.run(Server.java:963) [hadoop-common-3.3.1.jar:?]
	at java.security.AccessController.doPrivileged(Native Method) ~[?:1.8.0_345]
	at javax.security.auth.Subject.doAs(Subject.java:422) [?:1.8.0_345]
	at org.apache.hadoop.security.UserGroupInformation.doAs(UserGroupInformation.java:1878) [hadoop-common-3.3.1.jar:?]
	at org.apache.hadoop.ipc.Server$Handler.run(Server.java:2966) [hadoop-common-3.3.1.jar:?]
2022-10-06 01:03:41,336 [Time-limited test] WARN  ozone.BasicRootedOzoneFileSystem (BasicRootedOzoneFileSystem.java:getFileStatus(879)) - GetFileStatus failed for path /volume52277/trashroottest2/.Trash
java.io.FileNotFoundException: .Trash: No such file or directory!
	at org.apache.hadoop.fs.ozone.BasicRootedOzoneClientAdapterImpl.getFileStatus(BasicRootedOzoneClientAdapterImpl.java:617)
	at org.apache.hadoop.fs.ozone.BasicRootedOzoneFileSystem.getFileStatus(BasicRootedOzoneFileSystem.java:869)
	at org.apache.hadoop.fs.FileSystem.exists(FileSystem.java:1760)
	at org.apache.hadoop.fs.ozone.BasicRootedOzoneFileSystem.exists(BasicRootedOzoneFileSystem.java:918)
	at org.apache.hadoop.fs.ozone.BasicRootedOzoneClientAdapterImpl.getTrashRoots(BasicRootedOzoneClientAdapterImpl.java:660)
	at org.apache.hadoop.fs.ozone.BasicRootedOzoneFileSystem.getTrashRoots(BasicRootedOzoneFileSystem.java:824)
	at org.apache.hadoop.fs.ozone.TestRootedOzoneFileSystem.testGetTrashRoots(TestRootedOzoneFileSystem.java:1512)
	at sun.reflect.NativeMethodAccessorImpl.invoke0(Native Method)
	at sun.reflect.NativeMethodAccessorImpl.invoke(NativeMethodAccessorImpl.java:62)
	at sun.reflect.DelegatingMethodAccessorImpl.invoke(DelegatingMethodAccessorImpl.java:43)
	at java.lang.reflect.Method.invoke(Method.java:498)
	at org.junit.runners.model.FrameworkMethod$1.runReflectiveCall(FrameworkMethod.java:59)
	at org.junit.internal.runners.model.ReflectiveCallable.run(ReflectiveCallable.java:12)
	at org.junit.runners.model.FrameworkMethod.invokeExplosively(FrameworkMethod.java:56)
	at org.junit.internal.runners.statements.InvokeMethod.evaluate(InvokeMethod.java:17)
	at org.junit.internal.runners.statements.RunBefores.evaluate(RunBefores.java:26)
	at org.junit.internal.runners.statements.RunAfters.evaluate(RunAfters.java:27)
	at org.junit.internal.runners.statements.FailOnTimeout$CallableStatement.call(FailOnTimeout.java:288)
	at org.junit.internal.runners.statements.FailOnTimeout$CallableStatement.call(FailOnTimeout.java:282)
	at java.util.concurrent.FutureTask.run(FutureTask.java:266)
	at java.lang.Thread.run(Thread.java:750)
01:03:41.347 [IPC Server handler 9 on default port 34317] ERROR OMAudit - user=runner | ip=127.0.0.1 | op=GET_FILE_STATUS {volume=volume-47606, bucket=bucket-57938, key=.Trash/runner, dataSize=0, replicationConfig=null} | ret=FAILURE
org.apache.hadoop.ozone.om.exceptions.OMException: Unable to get file status: volume: volume-47606 bucket: bucket-57938 key: .Trash/runner
	at org.apache.hadoop.ozone.om.KeyManagerImpl.getOzoneFileStatusFSO(KeyManagerImpl.java:1389) ~[ozone-manager-1.3.0-SNAPSHOT.jar:?]
	at org.apache.hadoop.ozone.om.KeyManagerImpl.getFileStatus(KeyManagerImpl.java:1252) ~[ozone-manager-1.3.0-SNAPSHOT.jar:?]
	at org.apache.hadoop.ozone.om.OzoneManager.getFileStatus(OzoneManager.java:3507) ~[ozone-manager-1.3.0-SNAPSHOT.jar:?]
	at org.apache.hadoop.ozone.protocolPB.OzoneManagerRequestHandler.getOzoneFileStatus(OzoneManagerRequestHandler.java:882) ~[ozone-manager-1.3.0-SNAPSHOT.jar:?]
	at org.apache.hadoop.ozone.protocolPB.OzoneManagerRequestHandler.handleReadRequest(OzoneManagerRequestHandler.java:228) ~[ozone-manager-1.3.0-SNAPSHOT.jar:?]
	at org.apache.hadoop.ozone.protocolPB.OzoneManagerProtocolServerSideTranslatorPB.submitReadRequestToOM(OzoneManagerProtocolServerSideTranslatorPB.java:226) ~[ozone-manager-1.3.0-SNAPSHOT.jar:?]
	at org.apache.hadoop.ozone.protocolPB.OzoneManagerProtocolServerSideTranslatorPB.processRequest(OzoneManagerProtocolServerSideTranslatorPB.java:175) ~[ozone-manager-1.3.0-SNAPSHOT.jar:?]
	at org.apache.hadoop.hdds.server.OzoneProtocolMessageDispatcher.processRequest(OzoneProtocolMessageDispatcher.java:87) [hdds-server-framework-1.3.0-SNAPSHOT.jar:?]
	at org.apache.hadoop.ozone.protocolPB.OzoneManagerProtocolServerSideTranslatorPB.submitRequest(OzoneManagerProtocolServerSideTranslatorPB.java:147) [ozone-manager-1.3.0-SNAPSHOT.jar:?]
	at org.apache.hadoop.ozone.protocol.proto.OzoneManagerProtocolProtos$OzoneManagerService$2.callBlockingMethod(OzoneManagerProtocolProtos.java) [ozone-interface-client-1.3.0-SNAPSHOT.jar:?]
	at org.apache.hadoop.ipc.ProtobufRpcEngine$Server.processCall(ProtobufRpcEngine.java:466) [hadoop-common-3.3.1.jar:?]
	at org.apache.hadoop.ipc.ProtobufRpcEngine2$Server$ProtoBufRpcInvoker.call(ProtobufRpcEngine2.java:574) [hadoop-common-3.3.1.jar:?]
	at org.apache.hadoop.ipc.ProtobufRpcEngine2$Server$ProtoBufRpcInvoker.call(ProtobufRpcEngine2.java:552) [hadoop-common-3.3.1.jar:?]
	at org.apache.hadoop.ipc.RPC$Server.call(RPC.java:1093) [hadoop-common-3.3.1.jar:?]
	at org.apache.hadoop.ipc.Server$RpcCall.run(Server.java:1035) [hadoop-common-3.3.1.jar:?]
	at org.apache.hadoop.ipc.Server$RpcCall.run(Server.java:963) [hadoop-common-3.3.1.jar:?]
	at java.security.AccessController.doPrivileged(Native Method) ~[?:1.8.0_345]
	at javax.security.auth.Subject.doAs(Subject.java:422) [?:1.8.0_345]
	at org.apache.hadoop.security.UserGroupInformation.doAs(UserGroupInformation.java:1878) [hadoop-common-3.3.1.jar:?]
	at org.apache.hadoop.ipc.Server$Handler.run(Server.java:2966) [hadoop-common-3.3.1.jar:?]
2022-10-06 01:03:41,347 [Time-limited test] WARN  ozone.BasicRootedOzoneFileSystem (BasicRootedOzoneFileSystem.java:getFileStatus(879)) - GetFileStatus failed for path /volume-47606/bucket-57938/.Trash/runner
java.io.FileNotFoundException: .Trash/runner: No such file or directory!
	at org.apache.hadoop.fs.ozone.BasicRootedOzoneClientAdapterImpl.getFileStatus(BasicRootedOzoneClientAdapterImpl.java:617)
	at org.apache.hadoop.fs.ozone.BasicRootedOzoneFileSystem.getFileStatus(BasicRootedOzoneFileSystem.java:869)
	at org.apache.hadoop.fs.FileSystem.exists(FileSystem.java:1760)
	at org.apache.hadoop.fs.ozone.BasicRootedOzoneFileSystem.exists(BasicRootedOzoneFileSystem.java:918)
	at org.apache.hadoop.fs.ozone.BasicRootedOzoneClientAdapterImpl.getTrashRoots(BasicRootedOzoneClientAdapterImpl.java:669)
	at org.apache.hadoop.fs.ozone.BasicRootedOzoneFileSystem.getTrashRoots(BasicRootedOzoneFileSystem.java:824)
	at org.apache.hadoop.fs.ozone.TestRootedOzoneFileSystem.testGetTrashRoots(TestRootedOzoneFileSystem.java:1519)
	at sun.reflect.NativeMethodAccessorImpl.invoke0(Native Method)
	at sun.reflect.NativeMethodAccessorImpl.invoke(NativeMethodAccessorImpl.java:62)
	at sun.reflect.DelegatingMethodAccessorImpl.invoke(DelegatingMethodAccessorImpl.java:43)
	at java.lang.reflect.Method.invoke(Method.java:498)
	at org.junit.runners.model.FrameworkMethod$1.runReflectiveCall(FrameworkMethod.java:59)
	at org.junit.internal.runners.model.ReflectiveCallable.run(ReflectiveCallable.java:12)
	at org.junit.runners.model.FrameworkMethod.invokeExplosively(FrameworkMethod.java:56)
	at org.junit.internal.runners.statements.InvokeMethod.evaluate(InvokeMethod.java:17)
	at org.junit.internal.runners.statements.RunBefores.evaluate(RunBefores.java:26)
	at org.junit.internal.runners.statements.RunAfters.evaluate(RunAfters.java:27)
	at org.junit.internal.runners.statements.FailOnTimeout$CallableStatement.call(FailOnTimeout.java:288)
	at org.junit.internal.runners.statements.FailOnTimeout$CallableStatement.call(FailOnTimeout.java:282)
	at java.util.concurrent.FutureTask.run(FutureTask.java:266)
	at java.lang.Thread.run(Thread.java:750)
01:03:41.349 [IPC Server handler 14 on default port 34317] ERROR OMAudit - user=runner | ip=127.0.0.1 | op=GET_FILE_STATUS {volume=volume52277, bucket=bucket51437, key=.Trash/runner, dataSize=0, replicationConfig=null} | ret=FAILURE
org.apache.hadoop.ozone.om.exceptions.OMException: Unable to get file status: volume: volume52277 bucket: bucket51437 key: .Trash/runner
	at org.apache.hadoop.ozone.om.KeyManagerImpl.getOzoneFileStatusFSO(KeyManagerImpl.java:1389) ~[ozone-manager-1.3.0-SNAPSHOT.jar:?]
	at org.apache.hadoop.ozone.om.KeyManagerImpl.getFileStatus(KeyManagerImpl.java:1252) ~[ozone-manager-1.3.0-SNAPSHOT.jar:?]
	at org.apache.hadoop.ozone.om.OzoneManager.getFileStatus(OzoneManager.java:3507) ~[ozone-manager-1.3.0-SNAPSHOT.jar:?]
	at org.apache.hadoop.ozone.protocolPB.OzoneManagerRequestHandler.getOzoneFileStatus(OzoneManagerRequestHandler.java:882) ~[ozone-manager-1.3.0-SNAPSHOT.jar:?]
	at org.apache.hadoop.ozone.protocolPB.OzoneManagerRequestHandler.handleReadRequest(OzoneManagerRequestHandler.java:228) ~[ozone-manager-1.3.0-SNAPSHOT.jar:?]
	at org.apache.hadoop.ozone.protocolPB.OzoneManagerProtocolServerSideTranslatorPB.submitReadRequestToOM(OzoneManagerProtocolServerSideTranslatorPB.java:226) ~[ozone-manager-1.3.0-SNAPSHOT.jar:?]
	at org.apache.hadoop.ozone.protocolPB.OzoneManagerProtocolServerSideTranslatorPB.processRequest(OzoneManagerProtocolServerSideTranslatorPB.java:175) ~[ozone-manager-1.3.0-SNAPSHOT.jar:?]
	at org.apache.hadoop.hdds.server.OzoneProtocolMessageDispatcher.processRequest(OzoneProtocolMessageDispatcher.java:87) [hdds-server-framework-1.3.0-SNAPSHOT.jar:?]
	at org.apache.hadoop.ozone.protocolPB.OzoneManagerProtocolServerSideTranslatorPB.submitRequest(OzoneManagerProtocolServerSideTranslatorPB.java:147) [ozone-manager-1.3.0-SNAPSHOT.jar:?]
	at org.apache.hadoop.ozone.protocol.proto.OzoneManagerProtocolProtos$OzoneManagerService$2.callBlockingMethod(OzoneManagerProtocolProtos.java) [ozone-interface-client-1.3.0-SNAPSHOT.jar:?]
	at org.apache.hadoop.ipc.ProtobufRpcEngine$Server.processCall(ProtobufRpcEngine.java:466) [hadoop-common-3.3.1.jar:?]
	at org.apache.hadoop.ipc.ProtobufRpcEngine2$Server$ProtoBufRpcInvoker.call(ProtobufRpcEngine2.java:574) [hadoop-common-3.3.1.jar:?]
	at org.apache.hadoop.ipc.ProtobufRpcEngine2$Server$ProtoBufRpcInvoker.call(ProtobufRpcEngine2.java:552) [hadoop-common-3.3.1.jar:?]
	at org.apache.hadoop.ipc.RPC$Server.call(RPC.java:1093) [hadoop-common-3.3.1.jar:?]
	at org.apache.hadoop.ipc.Server$RpcCall.run(Server.java:1035) [hadoop-common-3.3.1.jar:?]
	at org.apache.hadoop.ipc.Server$RpcCall.run(Server.java:963) [hadoop-common-3.3.1.jar:?]
	at java.security.AccessController.doPrivileged(Native Method) ~[?:1.8.0_345]
	at javax.security.auth.Subject.doAs(Subject.java:422) [?:1.8.0_345]
	at org.apache.hadoop.security.UserGroupInformation.doAs(UserGroupInformation.java:1878) [hadoop-common-3.3.1.jar:?]
	at org.apache.hadoop.ipc.Server$Handler.run(Server.java:2966) [hadoop-common-3.3.1.jar:?]
2022-10-06 01:03:41,350 [Time-limited test] WARN  ozone.BasicRootedOzoneFileSystem (BasicRootedOzoneFileSystem.java:getFileStatus(879)) - GetFileStatus failed for path /volume52277/bucket51437/.Trash/runner
java.io.FileNotFoundException: .Trash/runner: No such file or directory!
	at org.apache.hadoop.fs.ozone.BasicRootedOzoneClientAdapterImpl.getFileStatus(BasicRootedOzoneClientAdapterImpl.java:617)
	at org.apache.hadoop.fs.ozone.BasicRootedOzoneFileSystem.getFileStatus(BasicRootedOzoneFileSystem.java:869)
	at org.apache.hadoop.fs.FileSystem.exists(FileSystem.java:1760)
	at org.apache.hadoop.fs.ozone.BasicRootedOzoneFileSystem.exists(BasicRootedOzoneFileSystem.java:918)
	at org.apache.hadoop.fs.ozone.BasicRootedOzoneClientAdapterImpl.getTrashRoots(BasicRootedOzoneClientAdapterImpl.java:669)
	at org.apache.hadoop.fs.ozone.BasicRootedOzoneFileSystem.getTrashRoots(BasicRootedOzoneFileSystem.java:824)
	at org.apache.hadoop.fs.ozone.TestRootedOzoneFileSystem.testGetTrashRoots(TestRootedOzoneFileSystem.java:1519)
	at sun.reflect.NativeMethodAccessorImpl.invoke0(Native Method)
	at sun.reflect.NativeMethodAccessorImpl.invoke(NativeMethodAccessorImpl.java:62)
	at sun.reflect.DelegatingMethodAccessorImpl.invoke(DelegatingMethodAccessorImpl.java:43)
	at java.lang.reflect.Method.invoke(Method.java:498)
	at org.junit.runners.model.FrameworkMethod$1.runReflectiveCall(FrameworkMethod.java:59)
	at org.junit.internal.runners.model.ReflectiveCallable.run(ReflectiveCallable.java:12)
	at org.junit.runners.model.FrameworkMethod.invokeExplosively(FrameworkMethod.java:56)
	at org.junit.internal.runners.statements.InvokeMethod.evaluate(InvokeMethod.java:17)
	at org.junit.internal.runners.statements.RunBefores.evaluate(RunBefores.java:26)
	at org.junit.internal.runners.statements.RunAfters.evaluate(RunAfters.java:27)
	at org.junit.internal.runners.statements.FailOnTimeout$CallableStatement.call(FailOnTimeout.java:288)
	at org.junit.internal.runners.statements.FailOnTimeout$CallableStatement.call(FailOnTimeout.java:282)
	at java.util.concurrent.FutureTask.run(FutureTask.java:266)
	at java.lang.Thread.run(Thread.java:750)
01:03:41.352 [IPC Server handler 0 on default port 34317] ERROR OMAudit - user=runner | ip=127.0.0.1 | op=GET_FILE_STATUS {volume=volume-15061, bucket=bucket-75004, key=.Trash/runner, dataSize=0, replicationConfig=null} | ret=FAILURE
org.apache.hadoop.ozone.om.exceptions.OMException: Unable to get file status: volume: volume-15061 bucket: bucket-75004 key: .Trash/runner
	at org.apache.hadoop.ozone.om.KeyManagerImpl.getOzoneFileStatusFSO(KeyManagerImpl.java:1389) ~[ozone-manager-1.3.0-SNAPSHOT.jar:?]
	at org.apache.hadoop.ozone.om.KeyManagerImpl.getFileStatus(KeyManagerImpl.java:1252) ~[ozone-manager-1.3.0-SNAPSHOT.jar:?]
	at org.apache.hadoop.ozone.om.OzoneManager.getFileStatus(OzoneManager.java:3507) ~[ozone-manager-1.3.0-SNAPSHOT.jar:?]
	at org.apache.hadoop.ozone.protocolPB.OzoneManagerRequestHandler.getOzoneFileStatus(OzoneManagerRequestHandler.java:882) ~[ozone-manager-1.3.0-SNAPSHOT.jar:?]
	at org.apache.hadoop.ozone.protocolPB.OzoneManagerRequestHandler.handleReadRequest(OzoneManagerRequestHandler.java:228) ~[ozone-manager-1.3.0-SNAPSHOT.jar:?]
	at org.apache.hadoop.ozone.protocolPB.OzoneManagerProtocolServerSideTranslatorPB.submitReadRequestToOM(OzoneManagerProtocolServerSideTranslatorPB.java:226) ~[ozone-manager-1.3.0-SNAPSHOT.jar:?]
	at org.apache.hadoop.ozone.protocolPB.OzoneManagerProtocolServerSideTranslatorPB.processRequest(OzoneManagerProtocolServerSideTranslatorPB.java:175) ~[ozone-manager-1.3.0-SNAPSHOT.jar:?]
	at org.apache.hadoop.hdds.server.OzoneProtocolMessageDispatcher.processRequest(OzoneProtocolMessageDispatcher.java:87) [hdds-server-framework-1.3.0-SNAPSHOT.jar:?]
	at org.apache.hadoop.ozone.protocolPB.OzoneManagerProtocolServerSideTranslatorPB.submitRequest(OzoneManagerProtocolServerSideTranslatorPB.java:147) [ozone-manager-1.3.0-SNAPSHOT.jar:?]
	at org.apache.hadoop.ozone.protocol.proto.OzoneManagerProtocolProtos$OzoneManagerService$2.callBlockingMethod(OzoneManagerProtocolProtos.java) [ozone-interface-client-1.3.0-SNAPSHOT.jar:?]
	at org.apache.hadoop.ipc.ProtobufRpcEngine$Server.processCall(ProtobufRpcEngine.java:466) [hadoop-common-3.3.1.jar:?]
	at org.apache.hadoop.ipc.ProtobufRpcEngine2$Server$ProtoBufRpcInvoker.call(ProtobufRpcEngine2.java:574) [hadoop-common-3.3.1.jar:?]
	at org.apache.hadoop.ipc.ProtobufRpcEngine2$Server$ProtoBufRpcInvoker.call(ProtobufRpcEngine2.java:552) [hadoop-common-3.3.1.jar:?]
	at org.apache.hadoop.ipc.RPC$Server.call(RPC.java:1093) [hadoop-common-3.3.1.jar:?]
	at org.apache.hadoop.ipc.Server$RpcCall.run(Server.java:1035) [hadoop-common-3.3.1.jar:?]
	at org.apache.hadoop.ipc.Server$RpcCall.run(Server.java:963) [hadoop-common-3.3.1.jar:?]
	at java.security.AccessController.doPrivileged(Native Method) ~[?:1.8.0_345]
	at javax.security.auth.Subject.doAs(Subject.java:422) [?:1.8.0_345]
	at org.apache.hadoop.security.UserGroupInformation.doAs(UserGroupInformation.java:1878) [hadoop-common-3.3.1.jar:?]
	at org.apache.hadoop.ipc.Server$Handler.run(Server.java:2966) [hadoop-common-3.3.1.jar:?]
2022-10-06 01:03:41,352 [Time-limited test] WARN  ozone.BasicRootedOzoneFileSystem (BasicRootedOzoneFileSystem.java:getFileStatus(879)) - GetFileStatus failed for path /volume-15061/bucket-75004/.Trash/runner
java.io.FileNotFoundException: .Trash/runner: No such file or directory!
	at org.apache.hadoop.fs.ozone.BasicRootedOzoneClientAdapterImpl.getFileStatus(BasicRootedOzoneClientAdapterImpl.java:617)
	at org.apache.hadoop.fs.ozone.BasicRootedOzoneFileSystem.getFileStatus(BasicRootedOzoneFileSystem.java:869)
	at org.apache.hadoop.fs.FileSystem.exists(FileSystem.java:1760)
	at org.apache.hadoop.fs.ozone.BasicRootedOzoneFileSystem.exists(BasicRootedOzoneFileSystem.java:918)
	at org.apache.hadoop.fs.ozone.BasicRootedOzoneClientAdapterImpl.getTrashRoots(BasicRootedOzoneClientAdapterImpl.java:669)
	at org.apache.hadoop.fs.ozone.BasicRootedOzoneFileSystem.getTrashRoots(BasicRootedOzoneFileSystem.java:824)
	at org.apache.hadoop.fs.ozone.TestRootedOzoneFileSystem.testGetTrashRoots(TestRootedOzoneFileSystem.java:1519)
	at sun.reflect.NativeMethodAccessorImpl.invoke0(Native Method)
	at sun.reflect.NativeMethodAccessorImpl.invoke(NativeMethodAccessorImpl.java:62)
	at sun.reflect.DelegatingMethodAccessorImpl.invoke(DelegatingMethodAccessorImpl.java:43)
	at java.lang.reflect.Method.invoke(Method.java:498)
	at org.junit.runners.model.FrameworkMethod$1.runReflectiveCall(FrameworkMethod.java:59)
	at org.junit.internal.runners.model.ReflectiveCallable.run(ReflectiveCallable.java:12)
	at org.junit.runners.model.FrameworkMethod.invokeExplosively(FrameworkMethod.java:56)
	at org.junit.internal.runners.statements.InvokeMethod.evaluate(InvokeMethod.java:17)
	at org.junit.internal.runners.statements.RunBefores.evaluate(RunBefores.java:26)
	at org.junit.internal.runners.statements.RunAfters.evaluate(RunAfters.java:27)
	at org.junit.internal.runners.statements.FailOnTimeout$CallableStatement.call(FailOnTimeout.java:288)
	at org.junit.internal.runners.statements.FailOnTimeout$CallableStatement.call(FailOnTimeout.java:282)
	at java.util.concurrent.FutureTask.run(FutureTask.java:266)
	at java.lang.Thread.run(Thread.java:750)
01:03:41.354 [IPC Server handler 10 on default port 34317] ERROR OMAudit - user=runner | ip=127.0.0.1 | op=GET_FILE_STATUS {volume=volume-70220, bucket=bucket3, key=.Trash/runner, dataSize=0, replicationConfig=null} | ret=FAILURE
org.apache.hadoop.ozone.om.exceptions.OMException: Unable to get file status: volume: volume-70220 bucket: bucket3 key: .Trash/runner
	at org.apache.hadoop.ozone.om.KeyManagerImpl.getOzoneFileStatusFSO(KeyManagerImpl.java:1389) ~[ozone-manager-1.3.0-SNAPSHOT.jar:?]
	at org.apache.hadoop.ozone.om.KeyManagerImpl.getFileStatus(KeyManagerImpl.java:1252) ~[ozone-manager-1.3.0-SNAPSHOT.jar:?]
	at org.apache.hadoop.ozone.om.OzoneManager.getFileStatus(OzoneManager.java:3507) ~[ozone-manager-1.3.0-SNAPSHOT.jar:?]
	at org.apache.hadoop.ozone.protocolPB.OzoneManagerRequestHandler.getOzoneFileStatus(OzoneManagerRequestHandler.java:882) ~[ozone-manager-1.3.0-SNAPSHOT.jar:?]
	at org.apache.hadoop.ozone.protocolPB.OzoneManagerRequestHandler.handleReadRequest(OzoneManagerRequestHandler.java:228) ~[ozone-manager-1.3.0-SNAPSHOT.jar:?]
	at org.apache.hadoop.ozone.protocolPB.OzoneManagerProtocolServerSideTranslatorPB.submitReadRequestToOM(OzoneManagerProtocolServerSideTranslatorPB.java:226) ~[ozone-manager-1.3.0-SNAPSHOT.jar:?]
	at org.apache.hadoop.ozone.protocolPB.OzoneManagerProtocolServerSideTranslatorPB.processRequest(OzoneManagerProtocolServerSideTranslatorPB.java:175) ~[ozone-manager-1.3.0-SNAPSHOT.jar:?]
	at org.apache.hadoop.hdds.server.OzoneProtocolMessageDispatcher.processRequest(OzoneProtocolMessageDispatcher.java:87) [hdds-server-framework-1.3.0-SNAPSHOT.jar:?]
	at org.apache.hadoop.ozone.protocolPB.OzoneManagerProtocolServerSideTranslatorPB.submitRequest(OzoneManagerProtocolServerSideTranslatorPB.java:147) [ozone-manager-1.3.0-SNAPSHOT.jar:?]
	at org.apache.hadoop.ozone.protocol.proto.OzoneManagerProtocolProtos$OzoneManagerService$2.callBlockingMethod(OzoneManagerProtocolProtos.java) [ozone-interface-client-1.3.0-SNAPSHOT.jar:?]
	at org.apache.hadoop.ipc.ProtobufRpcEngine$Server.processCall(ProtobufRpcEngine.java:466) [hadoop-common-3.3.1.jar:?]
	at org.apache.hadoop.ipc.ProtobufRpcEngine2$Server$ProtoBufRpcInvoker.call(ProtobufRpcEngine2.java:574) [hadoop-common-3.3.1.jar:?]
	at org.apache.hadoop.ipc.ProtobufRpcEngine2$Server$ProtoBufRpcInvoker.call(ProtobufRpcEngine2.java:552) [hadoop-common-3.3.1.jar:?]
	at org.apache.hadoop.ipc.RPC$Server.call(RPC.java:1093) [hadoop-common-3.3.1.jar:?]
	at org.apache.hadoop.ipc.Server$RpcCall.run(Server.java:1035) [hadoop-common-3.3.1.jar:?]
	at org.apache.hadoop.ipc.Server$RpcCall.run(Server.java:963) [hadoop-common-3.3.1.jar:?]
	at java.security.AccessController.doPrivileged(Native Method) ~[?:1.8.0_345]
	at javax.security.auth.Subject.doAs(Subject.java:422) [?:1.8.0_345]
	at org.apache.hadoop.security.UserGroupInformation.doAs(UserGroupInformation.java:1878) [hadoop-common-3.3.1.jar:?]
	at org.apache.hadoop.ipc.Server$Handler.run(Server.java:2966) [hadoop-common-3.3.1.jar:?]
2022-10-06 01:03:41,354 [Time-limited test] WARN  ozone.BasicRootedOzoneFileSystem (BasicRootedOzoneFileSystem.java:getFileStatus(879)) - GetFileStatus failed for path /volume-70220/bucket3/.Trash/runner
java.io.FileNotFoundException: .Trash/runner: No such file or directory!
	at org.apache.hadoop.fs.ozone.BasicRootedOzoneClientAdapterImpl.getFileStatus(BasicRootedOzoneClientAdapterImpl.java:617)
	at org.apache.hadoop.fs.ozone.BasicRootedOzoneFileSystem.getFileStatus(BasicRootedOzoneFileSystem.java:869)
	at org.apache.hadoop.fs.FileSystem.exists(FileSystem.java:1760)
	at org.apache.hadoop.fs.ozone.BasicRootedOzoneFileSystem.exists(BasicRootedOzoneFileSystem.java:918)
	at org.apache.hadoop.fs.ozone.BasicRootedOzoneClientAdapterImpl.getTrashRoots(BasicRootedOzoneClientAdapterImpl.java:669)
	at org.apache.hadoop.fs.ozone.BasicRootedOzoneFileSystem.getTrashRoots(BasicRootedOzoneFileSystem.java:824)
	at org.apache.hadoop.fs.ozone.TestRootedOzoneFileSystem.testGetTrashRoots(TestRootedOzoneFileSystem.java:1519)
	at sun.reflect.NativeMethodAccessorImpl.invoke0(Native Method)
	at sun.reflect.NativeMethodAccessorImpl.invoke(NativeMethodAccessorImpl.java:62)
	at sun.reflect.DelegatingMethodAccessorImpl.invoke(DelegatingMethodAccessorImpl.java:43)
	at java.lang.reflect.Method.invoke(Method.java:498)
	at org.junit.runners.model.FrameworkMethod$1.runReflectiveCall(FrameworkMethod.java:59)
	at org.junit.internal.runners.model.ReflectiveCallable.run(ReflectiveCallable.java:12)
	at org.junit.runners.model.FrameworkMethod.invokeExplosively(FrameworkMethod.java:56)
	at org.junit.internal.runners.statements.InvokeMethod.evaluate(InvokeMethod.java:17)
	at org.junit.internal.runners.statements.RunBefores.evaluate(RunBefores.java:26)
	at org.junit.internal.runners.statements.RunAfters.evaluate(RunAfters.java:27)
	at org.junit.internal.runners.statements.FailOnTimeout$CallableStatement.call(FailOnTimeout.java:288)
	at org.junit.internal.runners.statements.FailOnTimeout$CallableStatement.call(FailOnTimeout.java:282)
	at java.util.concurrent.FutureTask.run(FutureTask.java:266)
	at java.lang.Thread.run(Thread.java:750)
01:03:41.357 [IPC Server handler 1 on default port 34317] ERROR OMAudit - user=runner | ip=127.0.0.1 | op=GET_FILE_STATUS {volume=41812c2c-f6d7-4f0f-be5c-cc1f0b07cd78, bucket=0df5328d-eeb1-4c32-87ea-33cd10a8a7f6, key=.Trash, dataSize=0, replicationConfig=null} | ret=FAILURE
org.apache.hadoop.ozone.om.exceptions.OMException: Unable to get file status: volume: 41812c2c-f6d7-4f0f-be5c-cc1f0b07cd78 bucket: 0df5328d-eeb1-4c32-87ea-33cd10a8a7f6 key: .Trash
	at org.apache.hadoop.ozone.om.KeyManagerImpl.getOzoneFileStatus(KeyManagerImpl.java:1324) ~[ozone-manager-1.3.0-SNAPSHOT.jar:?]
	at org.apache.hadoop.ozone.om.KeyManagerImpl.getFileStatus(KeyManagerImpl.java:1254) ~[ozone-manager-1.3.0-SNAPSHOT.jar:?]
	at org.apache.hadoop.ozone.om.OzoneManager.getFileStatus(OzoneManager.java:3507) ~[ozone-manager-1.3.0-SNAPSHOT.jar:?]
	at org.apache.hadoop.ozone.protocolPB.OzoneManagerRequestHandler.getOzoneFileStatus(OzoneManagerRequestHandler.java:882) ~[ozone-manager-1.3.0-SNAPSHOT.jar:?]
	at org.apache.hadoop.ozone.protocolPB.OzoneManagerRequestHandler.handleReadRequest(OzoneManagerRequestHandler.java:228) ~[ozone-manager-1.3.0-SNAPSHOT.jar:?]
	at org.apache.hadoop.ozone.protocolPB.OzoneManagerProtocolServerSideTranslatorPB.submitReadRequestToOM(OzoneManagerProtocolServerSideTranslatorPB.java:226) ~[ozone-manager-1.3.0-SNAPSHOT.jar:?]
	at org.apache.hadoop.ozone.protocolPB.OzoneManagerProtocolServerSideTranslatorPB.processRequest(OzoneManagerProtocolServerSideTranslatorPB.java:175) ~[ozone-manager-1.3.0-SNAPSHOT.jar:?]
	at org.apache.hadoop.hdds.server.OzoneProtocolMessageDispatcher.processRequest(OzoneProtocolMessageDispatcher.java:87) [hdds-server-framework-1.3.0-SNAPSHOT.jar:?]
	at org.apache.hadoop.ozone.protocolPB.OzoneManagerProtocolServerSideTranslatorPB.submitRequest(OzoneManagerProtocolServerSideTranslatorPB.java:147) [ozone-manager-1.3.0-SNAPSHOT.jar:?]
	at org.apache.hadoop.ozone.protocol.proto.OzoneManagerProtocolProtos$OzoneManagerService$2.callBlockingMethod(OzoneManagerProtocolProtos.java) [ozone-interface-client-1.3.0-SNAPSHOT.jar:?]
	at org.apache.hadoop.ipc.ProtobufRpcEngine$Server.processCall(ProtobufRpcEngine.java:466) [hadoop-common-3.3.1.jar:?]
	at org.apache.hadoop.ipc.ProtobufRpcEngine2$Server$ProtoBufRpcInvoker.call(ProtobufRpcEngine2.java:574) [hadoop-common-3.3.1.jar:?]
	at org.apache.hadoop.ipc.ProtobufRpcEngine2$Server$ProtoBufRpcInvoker.call(ProtobufRpcEngine2.java:552) [hadoop-common-3.3.1.jar:?]
	at org.apache.hadoop.ipc.RPC$Server.call(RPC.java:1093) [hadoop-common-3.3.1.jar:?]
	at org.apache.hadoop.ipc.Server$RpcCall.run(Server.java:1035) [hadoop-common-3.3.1.jar:?]
	at org.apache.hadoop.ipc.Server$RpcCall.run(Server.java:963) [hadoop-common-3.3.1.jar:?]
	at java.security.AccessController.doPrivileged(Native Method) ~[?:1.8.0_345]
	at javax.security.auth.Subject.doAs(Subject.java:422) [?:1.8.0_345]
	at org.apache.hadoop.security.UserGroupInformation.doAs(UserGroupInformation.java:1878) [hadoop-common-3.3.1.jar:?]
	at org.apache.hadoop.ipc.Server$Handler.run(Server.java:2966) [hadoop-common-3.3.1.jar:?]
2022-10-06 01:03:41,358 [Time-limited test] WARN  ozone.BasicRootedOzoneFileSystem (BasicRootedOzoneFileSystem.java:getFileStatus(879)) - GetFileStatus failed for path /41812c2c-f6d7-4f0f-be5c-cc1f0b07cd78/0df5328d-eeb1-4c32-87ea-33cd10a8a7f6/.Trash
java.io.FileNotFoundException: .Trash: No such file or directory!
	at org.apache.hadoop.fs.ozone.BasicRootedOzoneClientAdapterImpl.getFileStatus(BasicRootedOzoneClientAdapterImpl.java:617)
	at org.apache.hadoop.fs.ozone.BasicRootedOzoneFileSystem.getFileStatus(BasicRootedOzoneFileSystem.java:869)
	at org.apache.hadoop.fs.FileSystem.exists(FileSystem.java:1760)
	at org.apache.hadoop.fs.ozone.BasicRootedOzoneFileSystem.exists(BasicRootedOzoneFileSystem.java:918)
	at org.apache.hadoop.fs.ozone.BasicRootedOzoneClientAdapterImpl.getTrashRoots(BasicRootedOzoneClientAdapterImpl.java:660)
	at org.apache.hadoop.fs.ozone.BasicRootedOzoneFileSystem.getTrashRoots(BasicRootedOzoneFileSystem.java:824)
	at org.apache.hadoop.fs.ozone.TestRootedOzoneFileSystem.testGetTrashRoots(TestRootedOzoneFileSystem.java:1520)
	at sun.reflect.NativeMethodAccessorImpl.invoke0(Native Method)
	at sun.reflect.NativeMethodAccessorImpl.invoke(NativeMethodAccessorImpl.java:62)
	at sun.reflect.DelegatingMethodAccessorImpl.invoke(DelegatingMethodAccessorImpl.java:43)
	at java.lang.reflect.Method.invoke(Method.java:498)
	at org.junit.runners.model.FrameworkMethod$1.runReflectiveCall(FrameworkMethod.java:59)
	at org.junit.internal.runners.model.ReflectiveCallable.run(ReflectiveCallable.java:12)
	at org.junit.runners.model.FrameworkMethod.invokeExplosively(FrameworkMethod.java:56)
	at org.junit.internal.runners.statements.InvokeMethod.evaluate(InvokeMethod.java:17)
	at org.junit.internal.runners.statements.RunBefores.evaluate(RunBefores.java:26)
	at org.junit.internal.runners.statements.RunAfters.evaluate(RunAfters.java:27)
	at org.junit.internal.runners.statements.FailOnTimeout$CallableStatement.call(FailOnTimeout.java:288)
	at org.junit.internal.runners.statements.FailOnTimeout$CallableStatement.call(FailOnTimeout.java:282)
	at java.util.concurrent.FutureTask.run(FutureTask.java:266)
	at java.lang.Thread.run(Thread.java:750)
01:03:41.360 [IPC Server handler 14 on default port 34317] ERROR OMAudit - user=runner | ip=127.0.0.1 | op=GET_FILE_STATUS {volume=volume-15061, bucket=bucket-75004, key=.Trash, dataSize=0, replicationConfig=null} | ret=FAILURE
org.apache.hadoop.ozone.om.exceptions.OMException: Unable to get file status: volume: volume-15061 bucket: bucket-75004 key: .Trash
	at org.apache.hadoop.ozone.om.KeyManagerImpl.getOzoneFileStatusFSO(KeyManagerImpl.java:1389) ~[ozone-manager-1.3.0-SNAPSHOT.jar:?]
	at org.apache.hadoop.ozone.om.KeyManagerImpl.getFileStatus(KeyManagerImpl.java:1252) ~[ozone-manager-1.3.0-SNAPSHOT.jar:?]
	at org.apache.hadoop.ozone.om.OzoneManager.getFileStatus(OzoneManager.java:3507) ~[ozone-manager-1.3.0-SNAPSHOT.jar:?]
	at org.apache.hadoop.ozone.protocolPB.OzoneManagerRequestHandler.getOzoneFileStatus(OzoneManagerRequestHandler.java:882) ~[ozone-manager-1.3.0-SNAPSHOT.jar:?]
	at org.apache.hadoop.ozone.protocolPB.OzoneManagerRequestHandler.handleReadRequest(OzoneManagerRequestHandler.java:228) ~[ozone-manager-1.3.0-SNAPSHOT.jar:?]
	at org.apache.hadoop.ozone.protocolPB.OzoneManagerProtocolServerSideTranslatorPB.submitReadRequestToOM(OzoneManagerProtocolServerSideTranslatorPB.java:226) ~[ozone-manager-1.3.0-SNAPSHOT.jar:?]
	at org.apache.hadoop.ozone.protocolPB.OzoneManagerProtocolServerSideTranslatorPB.processRequest(OzoneManagerProtocolServerSideTranslatorPB.java:175) ~[ozone-manager-1.3.0-SNAPSHOT.jar:?]
	at org.apache.hadoop.hdds.server.OzoneProtocolMessageDispatcher.processRequest(OzoneProtocolMessageDispatcher.java:87) [hdds-server-framework-1.3.0-SNAPSHOT.jar:?]
	at org.apache.hadoop.ozone.protocolPB.OzoneManagerProtocolServerSideTranslatorPB.submitRequest(OzoneManagerProtocolServerSideTranslatorPB.java:147) [ozone-manager-1.3.0-SNAPSHOT.jar:?]
	at org.apache.hadoop.ozone.protocol.proto.OzoneManagerProtocolProtos$OzoneManagerService$2.callBlockingMethod(OzoneManagerProtocolProtos.java) [ozone-interface-client-1.3.0-SNAPSHOT.jar:?]
	at org.apache.hadoop.ipc.ProtobufRpcEngine$Server.processCall(ProtobufRpcEngine.java:466) [hadoop-common-3.3.1.jar:?]
	at org.apache.hadoop.ipc.ProtobufRpcEngine2$Server$ProtoBufRpcInvoker.call(ProtobufRpcEngine2.java:574) [hadoop-common-3.3.1.jar:?]
	at org.apache.hadoop.ipc.ProtobufRpcEngine2$Server$ProtoBufRpcInvoker.call(ProtobufRpcEngine2.java:552) [hadoop-common-3.3.1.jar:?]
	at org.apache.hadoop.ipc.RPC$Server.call(RPC.java:1093) [hadoop-common-3.3.1.jar:?]
	at org.apache.hadoop.ipc.Server$RpcCall.run(Server.java:1035) [hadoop-common-3.3.1.jar:?]
	at org.apache.hadoop.ipc.Server$RpcCall.run(Server.java:963) [hadoop-common-3.3.1.jar:?]
	at java.security.AccessController.doPrivileged(Native Method) ~[?:1.8.0_345]
	at javax.security.auth.Subject.doAs(Subject.java:422) [?:1.8.0_345]
	at org.apache.hadoop.security.UserGroupInformation.doAs(UserGroupInformation.java:1878) [hadoop-common-3.3.1.jar:?]
	at org.apache.hadoop.ipc.Server$Handler.run(Server.java:2966) [hadoop-common-3.3.1.jar:?]
2022-10-06 01:03:41,361 [Time-limited test] WARN  ozone.BasicRootedOzoneFileSystem (BasicRootedOzoneFileSystem.java:getFileStatus(879)) - GetFileStatus failed for path /volume-15061/bucket-75004/.Trash
java.io.FileNotFoundException: .Trash: No such file or directory!
	at org.apache.hadoop.fs.ozone.BasicRootedOzoneClientAdapterImpl.getFileStatus(BasicRootedOzoneClientAdapterImpl.java:617)
	at org.apache.hadoop.fs.ozone.BasicRootedOzoneFileSystem.getFileStatus(BasicRootedOzoneFileSystem.java:869)
	at org.apache.hadoop.fs.FileSystem.exists(FileSystem.java:1760)
	at org.apache.hadoop.fs.ozone.BasicRootedOzoneFileSystem.exists(BasicRootedOzoneFileSystem.java:918)
	at org.apache.hadoop.fs.ozone.BasicRootedOzoneClientAdapterImpl.getTrashRoots(BasicRootedOzoneClientAdapterImpl.java:660)
	at org.apache.hadoop.fs.ozone.BasicRootedOzoneFileSystem.getTrashRoots(BasicRootedOzoneFileSystem.java:824)
	at org.apache.hadoop.fs.ozone.TestRootedOzoneFileSystem.testGetTrashRoots(TestRootedOzoneFileSystem.java:1520)
	at sun.reflect.NativeMethodAccessorImpl.invoke0(Native Method)
	at sun.reflect.NativeMethodAccessorImpl.invoke(NativeMethodAccessorImpl.java:62)
	at sun.reflect.DelegatingMethodAccessorImpl.invoke(DelegatingMethodAccessorImpl.java:43)
	at java.lang.reflect.Method.invoke(Method.java:498)
	at org.junit.runners.model.FrameworkMethod$1.runReflectiveCall(FrameworkMethod.java:59)
	at org.junit.internal.runners.model.ReflectiveCallable.run(ReflectiveCallable.java:12)
	at org.junit.runners.model.FrameworkMethod.invokeExplosively(FrameworkMethod.java:56)
	at org.junit.internal.runners.statements.InvokeMethod.evaluate(InvokeMethod.java:17)
	at org.junit.internal.runners.statements.RunBefores.evaluate(RunBefores.java:26)
	at org.junit.internal.runners.statements.RunAfters.evaluate(RunAfters.java:27)
	at org.junit.internal.runners.statements.FailOnTimeout$CallableStatement.call(FailOnTimeout.java:288)
	at org.junit.internal.runners.statements.FailOnTimeout$CallableStatement.call(FailOnTimeout.java:282)
	at java.util.concurrent.FutureTask.run(FutureTask.java:266)
	at java.lang.Thread.run(Thread.java:750)
01:03:41.363 [IPC Server handler 18 on default port 34317] ERROR OMAudit - user=runner | ip=127.0.0.1 | op=GET_FILE_STATUS {volume=volume-47606, bucket=bucket-57938, key=.Trash, dataSize=0, replicationConfig=null} | ret=FAILURE
org.apache.hadoop.ozone.om.exceptions.OMException: Unable to get file status: volume: volume-47606 bucket: bucket-57938 key: .Trash
	at org.apache.hadoop.ozone.om.KeyManagerImpl.getOzoneFileStatusFSO(KeyManagerImpl.java:1389) ~[ozone-manager-1.3.0-SNAPSHOT.jar:?]
	at org.apache.hadoop.ozone.om.KeyManagerImpl.getFileStatus(KeyManagerImpl.java:1252) ~[ozone-manager-1.3.0-SNAPSHOT.jar:?]
	at org.apache.hadoop.ozone.om.OzoneManager.getFileStatus(OzoneManager.java:3507) ~[ozone-manager-1.3.0-SNAPSHOT.jar:?]
	at org.apache.hadoop.ozone.protocolPB.OzoneManagerRequestHandler.getOzoneFileStatus(OzoneManagerRequestHandler.java:882) ~[ozone-manager-1.3.0-SNAPSHOT.jar:?]
	at org.apache.hadoop.ozone.protocolPB.OzoneManagerRequestHandler.handleReadRequest(OzoneManagerRequestHandler.java:228) ~[ozone-manager-1.3.0-SNAPSHOT.jar:?]
	at org.apache.hadoop.ozone.protocolPB.OzoneManagerProtocolServerSideTranslatorPB.submitReadRequestToOM(OzoneManagerProtocolServerSideTranslatorPB.java:226) ~[ozone-manager-1.3.0-SNAPSHOT.jar:?]
	at org.apache.hadoop.ozone.protocolPB.OzoneManagerProtocolServerSideTranslatorPB.processRequest(OzoneManagerProtocolServerSideTranslatorPB.java:175) ~[ozone-manager-1.3.0-SNAPSHOT.jar:?]
	at org.apache.hadoop.hdds.server.OzoneProtocolMessageDispatcher.processRequest(OzoneProtocolMessageDispatcher.java:87) [hdds-server-framework-1.3.0-SNAPSHOT.jar:?]
	at org.apache.hadoop.ozone.protocolPB.OzoneManagerProtocolServerSideTranslatorPB.submitRequest(OzoneManagerProtocolServerSideTranslatorPB.java:147) [ozone-manager-1.3.0-SNAPSHOT.jar:?]
	at org.apache.hadoop.ozone.protocol.proto.OzoneManagerProtocolProtos$OzoneManagerService$2.callBlockingMethod(OzoneManagerProtocolProtos.java) [ozone-interface-client-1.3.0-SNAPSHOT.jar:?]
	at org.apache.hadoop.ipc.ProtobufRpcEngine$Server.processCall(ProtobufRpcEngine.java:466) [hadoop-common-3.3.1.jar:?]
	at org.apache.hadoop.ipc.ProtobufRpcEngine2$Server$ProtoBufRpcInvoker.call(ProtobufRpcEngine2.java:574) [hadoop-common-3.3.1.jar:?]
	at org.apache.hadoop.ipc.ProtobufRpcEngine2$Server$ProtoBufRpcInvoker.call(ProtobufRpcEngine2.java:552) [hadoop-common-3.3.1.jar:?]
	at org.apache.hadoop.ipc.RPC$Server.call(RPC.java:1093) [hadoop-common-3.3.1.jar:?]
	at org.apache.hadoop.ipc.Server$RpcCall.run(Server.java:1035) [hadoop-common-3.3.1.jar:?]
	at org.apache.hadoop.ipc.Server$RpcCall.run(Server.java:963) [hadoop-common-3.3.1.jar:?]
	at java.security.AccessController.doPrivileged(Native Method) ~[?:1.8.0_345]
	at javax.security.auth.Subject.doAs(Subject.java:422) [?:1.8.0_345]
	at org.apache.hadoop.security.UserGroupInformation.doAs(UserGroupInformation.java:1878) [hadoop-common-3.3.1.jar:?]
	at org.apache.hadoop.ipc.Server$Handler.run(Server.java:2966) [hadoop-common-3.3.1.jar:?]
2022-10-06 01:03:41,363 [Time-limited test] WARN  ozone.BasicRootedOzoneFileSystem (BasicRootedOzoneFileSystem.java:getFileStatus(879)) - GetFileStatus failed for path /volume-47606/bucket-57938/.Trash
java.io.FileNotFoundException: .Trash: No such file or directory!
	at org.apache.hadoop.fs.ozone.BasicRootedOzoneClientAdapterImpl.getFileStatus(BasicRootedOzoneClientAdapterImpl.java:617)
	at org.apache.hadoop.fs.ozone.BasicRootedOzoneFileSystem.getFileStatus(BasicRootedOzoneFileSystem.java:869)
	at org.apache.hadoop.fs.FileSystem.exists(FileSystem.java:1760)
	at org.apache.hadoop.fs.ozone.BasicRootedOzoneFileSystem.exists(BasicRootedOzoneFileSystem.java:918)
	at org.apache.hadoop.fs.ozone.BasicRootedOzoneClientAdapterImpl.getTrashRoots(BasicRootedOzoneClientAdapterImpl.java:660)
	at org.apache.hadoop.fs.ozone.BasicRootedOzoneFileSystem.getTrashRoots(BasicRootedOzoneFileSystem.java:824)
	at org.apache.hadoop.fs.ozone.TestRootedOzoneFileSystem.testGetTrashRoots(TestRootedOzoneFileSystem.java:1520)
	at sun.reflect.NativeMethodAccessorImpl.invoke0(Native Method)
	at sun.reflect.NativeMethodAccessorImpl.invoke(NativeMethodAccessorImpl.java:62)
	at sun.reflect.DelegatingMethodAccessorImpl.invoke(DelegatingMethodAccessorImpl.java:43)
	at java.lang.reflect.Method.invoke(Method.java:498)
	at org.junit.runners.model.FrameworkMethod$1.runReflectiveCall(FrameworkMethod.java:59)
	at org.junit.internal.runners.model.ReflectiveCallable.run(ReflectiveCallable.java:12)
	at org.junit.runners.model.FrameworkMethod.invokeExplosively(FrameworkMethod.java:56)
	at org.junit.internal.runners.statements.InvokeMethod.evaluate(InvokeMethod.java:17)
	at org.junit.internal.runners.statements.RunBefores.evaluate(RunBefores.java:26)
	at org.junit.internal.runners.statements.RunAfters.evaluate(RunAfters.java:27)
	at org.junit.internal.runners.statements.FailOnTimeout$CallableStatement.call(FailOnTimeout.java:288)
	at org.junit.internal.runners.statements.FailOnTimeout$CallableStatement.call(FailOnTimeout.java:282)
	at java.util.concurrent.FutureTask.run(FutureTask.java:266)
	at java.lang.Thread.run(Thread.java:750)
01:03:41.367 [IPC Server handler 12 on default port 34317] ERROR OMAudit - user=runner | ip=127.0.0.1 | op=GET_FILE_STATUS {volume=volume-70220, bucket=bucket3, key=.Trash, dataSize=0, replicationConfig=null} | ret=FAILURE
org.apache.hadoop.ozone.om.exceptions.OMException: Unable to get file status: volume: volume-70220 bucket: bucket3 key: .Trash
	at org.apache.hadoop.ozone.om.KeyManagerImpl.getOzoneFileStatusFSO(KeyManagerImpl.java:1389) ~[ozone-manager-1.3.0-SNAPSHOT.jar:?]
	at org.apache.hadoop.ozone.om.KeyManagerImpl.getFileStatus(KeyManagerImpl.java:1252) ~[ozone-manager-1.3.0-SNAPSHOT.jar:?]
	at org.apache.hadoop.ozone.om.OzoneManager.getFileStatus(OzoneManager.java:3507) ~[ozone-manager-1.3.0-SNAPSHOT.jar:?]
	at org.apache.hadoop.ozone.protocolPB.OzoneManagerRequestHandler.getOzoneFileStatus(OzoneManagerRequestHandler.java:882) ~[ozone-manager-1.3.0-SNAPSHOT.jar:?]
	at org.apache.hadoop.ozone.protocolPB.OzoneManagerRequestHandler.handleReadRequest(OzoneManagerRequestHandler.java:228) ~[ozone-manager-1.3.0-SNAPSHOT.jar:?]
	at org.apache.hadoop.ozone.protocolPB.OzoneManagerProtocolServerSideTranslatorPB.submitReadRequestToOM(OzoneManagerProtocolServerSideTranslatorPB.java:226) ~[ozone-manager-1.3.0-SNAPSHOT.jar:?]
	at org.apache.hadoop.ozone.protocolPB.OzoneManagerProtocolServerSideTranslatorPB.processRequest(OzoneManagerProtocolServerSideTranslatorPB.java:175) ~[ozone-manager-1.3.0-SNAPSHOT.jar:?]
	at org.apache.hadoop.hdds.server.OzoneProtocolMessageDispatcher.processRequest(OzoneProtocolMessageDispatcher.java:87) [hdds-server-framework-1.3.0-SNAPSHOT.jar:?]
	at org.apache.hadoop.ozone.protocolPB.OzoneManagerProtocolServerSideTranslatorPB.submitRequest(OzoneManagerProtocolServerSideTranslatorPB.java:147) [ozone-manager-1.3.0-SNAPSHOT.jar:?]
	at org.apache.hadoop.ozone.protocol.proto.OzoneManagerProtocolProtos$OzoneManagerService$2.callBlockingMethod(OzoneManagerProtocolProtos.java) [ozone-interface-client-1.3.0-SNAPSHOT.jar:?]
	at org.apache.hadoop.ipc.ProtobufRpcEngine$Server.processCall(ProtobufRpcEngine.java:466) [hadoop-common-3.3.1.jar:?]
	at org.apache.hadoop.ipc.ProtobufRpcEngine2$Server$ProtoBufRpcInvoker.call(ProtobufRpcEngine2.java:574) [hadoop-common-3.3.1.jar:?]
	at org.apache.hadoop.ipc.ProtobufRpcEngine2$Server$ProtoBufRpcInvoker.call(ProtobufRpcEngine2.java:552) [hadoop-common-3.3.1.jar:?]
	at org.apache.hadoop.ipc.RPC$Server.call(RPC.java:1093) [hadoop-common-3.3.1.jar:?]
	at org.apache.hadoop.ipc.Server$RpcCall.run(Server.java:1035) [hadoop-common-3.3.1.jar:?]
	at org.apache.hadoop.ipc.Server$RpcCall.run(Server.java:963) [hadoop-common-3.3.1.jar:?]
	at java.security.AccessController.doPrivileged(Native Method) ~[?:1.8.0_345]
	at javax.security.auth.Subject.doAs(Subject.java:422) [?:1.8.0_345]
	at org.apache.hadoop.security.UserGroupInformation.doAs(UserGroupInformation.java:1878) [hadoop-common-3.3.1.jar:?]
	at org.apache.hadoop.ipc.Server$Handler.run(Server.java:2966) [hadoop-common-3.3.1.jar:?]
2022-10-06 01:03:41,368 [Time-limited test] WARN  ozone.BasicRootedOzoneFileSystem (BasicRootedOzoneFileSystem.java:getFileStatus(879)) - GetFileStatus failed for path /volume-70220/bucket3/.Trash
java.io.FileNotFoundException: .Trash: No such file or directory!
	at org.apache.hadoop.fs.ozone.BasicRootedOzoneClientAdapterImpl.getFileStatus(BasicRootedOzoneClientAdapterImpl.java:617)
	at org.apache.hadoop.fs.ozone.BasicRootedOzoneFileSystem.getFileStatus(BasicRootedOzoneFileSystem.java:869)
	at org.apache.hadoop.fs.FileSystem.exists(FileSystem.java:1760)
	at org.apache.hadoop.fs.ozone.BasicRootedOzoneFileSystem.exists(BasicRootedOzoneFileSystem.java:918)
	at org.apache.hadoop.fs.ozone.BasicRootedOzoneClientAdapterImpl.getTrashRoots(BasicRootedOzoneClientAdapterImpl.java:660)
	at org.apache.hadoop.fs.ozone.BasicRootedOzoneFileSystem.getTrashRoots(BasicRootedOzoneFileSystem.java:824)
	at org.apache.hadoop.fs.ozone.TestRootedOzoneFileSystem.testGetTrashRoots(TestRootedOzoneFileSystem.java:1520)
	at sun.reflect.NativeMethodAccessorImpl.invoke0(Native Method)
	at sun.reflect.NativeMethodAccessorImpl.invoke(NativeMethodAccessorImpl.java:62)
	at sun.reflect.DelegatingMethodAccessorImpl.invoke(DelegatingMethodAccessorImpl.java:43)
	at java.lang.reflect.Method.invoke(Method.java:498)
	at org.junit.runners.model.FrameworkMethod$1.runReflectiveCall(FrameworkMethod.java:59)
	at org.junit.internal.runners.model.ReflectiveCallable.run(ReflectiveCallable.java:12)
	at org.junit.runners.model.FrameworkMethod.invokeExplosively(FrameworkMethod.java:56)
	at org.junit.internal.runners.statements.InvokeMethod.evaluate(InvokeMethod.java:17)
	at org.junit.internal.runners.statements.RunBefores.evaluate(RunBefores.java:26)
	at org.junit.internal.runners.statements.RunAfters.evaluate(RunAfters.java:27)
	at org.junit.internal.runners.statements.FailOnTimeout$CallableStatement.call(FailOnTimeout.java:288)
	at org.junit.internal.runners.statements.FailOnTimeout$CallableStatement.call(FailOnTimeout.java:282)
	at java.util.concurrent.FutureTask.run(FutureTask.java:266)
	at java.lang.Thread.run(Thread.java:750)
]]></system-out>
  </testcase>
  <testcase name="testGetTrashRoots" classname="TestRootedOzoneFileSystemWithFSO" time="0.575">
    <system-out><![CDATA[2022-10-06 01:05:07,565 [Time-limited test] INFO  rpc.RpcClient (RpcClient.java:createVolume(471)) - Creating Volume: volume97388, with user12352 as owner and space quota set to -1 bytes, counts quota set to -1
2022-10-06 01:05:07,568 [IPC Server handler 15 on default port 44363] INFO  volume.OMVolumeCreateRequest (OMVolumeCreateRequest.java:validateAndUpdateCache(195)) - created volume:volume97388 for user:user12352
2022-10-06 01:05:07,572 [Time-limited test] INFO  rpc.RpcClient (RpcClient.java:createBucket(674)) - Creating Bucket: volume97388/bucket89566, with bucket layout FILE_SYSTEM_OPTIMIZED, runner as owner, Versioning false, Storage Type set to DISK and Encryption set to false 
2022-10-06 01:05:07,572 [IPC Server handler 8 on default port 44363] INFO  bucket.OMBucketCreateRequest (OMBucketCreateRequest.java:validateAndUpdateCache(260)) - created bucket: bucket89566 of layout FILE_SYSTEM_OPTIMIZED in volume: volume97388
01:05:07.579 [IPC Server handler 19 on default port 44363] ERROR OMAudit - user=runner | ip=127.0.0.1 | op=GET_FILE_STATUS {volume=volume97388, bucket=bucket89566, key=.Trash/runner, dataSize=0, replicationConfig=null} | ret=FAILURE
org.apache.hadoop.ozone.om.exceptions.OMException: Unable to get file status: volume: volume97388 bucket: bucket89566 key: .Trash/runner
	at org.apache.hadoop.ozone.om.KeyManagerImpl.getOzoneFileStatusFSO(KeyManagerImpl.java:1389) ~[ozone-manager-1.3.0-SNAPSHOT.jar:?]
	at org.apache.hadoop.ozone.om.KeyManagerImpl.getFileStatus(KeyManagerImpl.java:1252) ~[ozone-manager-1.3.0-SNAPSHOT.jar:?]
	at org.apache.hadoop.ozone.om.OzoneManager.getFileStatus(OzoneManager.java:3507) ~[ozone-manager-1.3.0-SNAPSHOT.jar:?]
	at org.apache.hadoop.ozone.protocolPB.OzoneManagerRequestHandler.getOzoneFileStatus(OzoneManagerRequestHandler.java:882) ~[ozone-manager-1.3.0-SNAPSHOT.jar:?]
	at org.apache.hadoop.ozone.protocolPB.OzoneManagerRequestHandler.handleReadRequest(OzoneManagerRequestHandler.java:228) ~[ozone-manager-1.3.0-SNAPSHOT.jar:?]
	at org.apache.hadoop.ozone.protocolPB.OzoneManagerProtocolServerSideTranslatorPB.submitRequestDirectlyToOM(OzoneManagerProtocolServerSideTranslatorPB.java:276) ~[ozone-manager-1.3.0-SNAPSHOT.jar:?]
	at org.apache.hadoop.ozone.protocolPB.OzoneManagerProtocolServerSideTranslatorPB.processRequest(OzoneManagerProtocolServerSideTranslatorPB.java:205) ~[ozone-manager-1.3.0-SNAPSHOT.jar:?]
	at org.apache.hadoop.hdds.server.OzoneProtocolMessageDispatcher.processRequest(OzoneProtocolMessageDispatcher.java:87) [hdds-server-framework-1.3.0-SNAPSHOT.jar:?]
	at org.apache.hadoop.ozone.protocolPB.OzoneManagerProtocolServerSideTranslatorPB.submitRequest(OzoneManagerProtocolServerSideTranslatorPB.java:147) [ozone-manager-1.3.0-SNAPSHOT.jar:?]
	at org.apache.hadoop.ozone.protocol.proto.OzoneManagerProtocolProtos$OzoneManagerService$2.callBlockingMethod(OzoneManagerProtocolProtos.java) [ozone-interface-client-1.3.0-SNAPSHOT.jar:?]
	at org.apache.hadoop.ipc.ProtobufRpcEngine$Server.processCall(ProtobufRpcEngine.java:466) [hadoop-common-3.3.1.jar:?]
	at org.apache.hadoop.ipc.ProtobufRpcEngine2$Server$ProtoBufRpcInvoker.call(ProtobufRpcEngine2.java:574) [hadoop-common-3.3.1.jar:?]
	at org.apache.hadoop.ipc.ProtobufRpcEngine2$Server$ProtoBufRpcInvoker.call(ProtobufRpcEngine2.java:552) [hadoop-common-3.3.1.jar:?]
	at org.apache.hadoop.ipc.RPC$Server.call(RPC.java:1093) [hadoop-common-3.3.1.jar:?]
	at org.apache.hadoop.ipc.Server$RpcCall.run(Server.java:1035) [hadoop-common-3.3.1.jar:?]
	at org.apache.hadoop.ipc.Server$RpcCall.run(Server.java:963) [hadoop-common-3.3.1.jar:?]
	at java.security.AccessController.doPrivileged(Native Method) ~[?:1.8.0_345]
	at javax.security.auth.Subject.doAs(Subject.java:422) [?:1.8.0_345]
	at org.apache.hadoop.security.UserGroupInformation.doAs(UserGroupInformation.java:1878) [hadoop-common-3.3.1.jar:?]
	at org.apache.hadoop.ipc.Server$Handler.run(Server.java:2966) [hadoop-common-3.3.1.jar:?]
2022-10-06 01:05:07,579 [Time-limited test] WARN  ozone.BasicRootedOzoneFileSystem (BasicRootedOzoneFileSystem.java:getFileStatus(879)) - GetFileStatus failed for path /volume97388/bucket89566/.Trash/runner
java.io.FileNotFoundException: .Trash/runner: No such file or directory!
	at org.apache.hadoop.fs.ozone.BasicRootedOzoneClientAdapterImpl.getFileStatus(BasicRootedOzoneClientAdapterImpl.java:617)
	at org.apache.hadoop.fs.ozone.BasicRootedOzoneFileSystem.getFileStatus(BasicRootedOzoneFileSystem.java:869)
	at org.apache.hadoop.fs.FileSystem.exists(FileSystem.java:1760)
	at org.apache.hadoop.fs.ozone.BasicRootedOzoneFileSystem.exists(BasicRootedOzoneFileSystem.java:918)
	at org.apache.hadoop.fs.ozone.BasicRootedOzoneClientAdapterImpl.getTrashRoots(BasicRootedOzoneClientAdapterImpl.java:669)
	at org.apache.hadoop.fs.ozone.BasicRootedOzoneFileSystem.getTrashRoots(BasicRootedOzoneFileSystem.java:824)
	at org.apache.hadoop.fs.ozone.TestRootedOzoneFileSystem.testGetTrashRoots(TestRootedOzoneFileSystem.java:1440)
	at sun.reflect.NativeMethodAccessorImpl.invoke0(Native Method)
	at sun.reflect.NativeMethodAccessorImpl.invoke(NativeMethodAccessorImpl.java:62)
	at sun.reflect.DelegatingMethodAccessorImpl.invoke(DelegatingMethodAccessorImpl.java:43)
	at java.lang.reflect.Method.invoke(Method.java:498)
	at org.junit.runners.model.FrameworkMethod$1.runReflectiveCall(FrameworkMethod.java:59)
	at org.junit.internal.runners.model.ReflectiveCallable.run(ReflectiveCallable.java:12)
	at org.junit.runners.model.FrameworkMethod.invokeExplosively(FrameworkMethod.java:56)
	at org.junit.internal.runners.statements.InvokeMethod.evaluate(InvokeMethod.java:17)
	at org.junit.internal.runners.statements.RunBefores.evaluate(RunBefores.java:26)
	at org.junit.internal.runners.statements.RunAfters.evaluate(RunAfters.java:27)
	at org.junit.internal.runners.statements.FailOnTimeout$CallableStatement.call(FailOnTimeout.java:288)
	at org.junit.internal.runners.statements.FailOnTimeout$CallableStatement.call(FailOnTimeout.java:282)
	at java.util.concurrent.FutureTask.run(FutureTask.java:266)
	at java.lang.Thread.run(Thread.java:750)
01:05:07.582 [IPC Server handler 17 on default port 44363] ERROR OMAudit - user=runner | ip=127.0.0.1 | op=GET_FILE_STATUS {volume=5c619e3a-572e-41be-8311-cf0e386ab858, bucket=6cded601-3015-4312-9759-376db9ceb0d6, key=.Trash, dataSize=0, replicationConfig=null} | ret=FAILURE
org.apache.hadoop.ozone.om.exceptions.OMException: Unable to get file status: volume: 5c619e3a-572e-41be-8311-cf0e386ab858 bucket: 6cded601-3015-4312-9759-376db9ceb0d6 key: .Trash
	at org.apache.hadoop.ozone.om.KeyManagerImpl.getOzoneFileStatus(KeyManagerImpl.java:1324) ~[ozone-manager-1.3.0-SNAPSHOT.jar:?]
	at org.apache.hadoop.ozone.om.KeyManagerImpl.getFileStatus(KeyManagerImpl.java:1254) ~[ozone-manager-1.3.0-SNAPSHOT.jar:?]
	at org.apache.hadoop.ozone.om.OzoneManager.getFileStatus(OzoneManager.java:3507) ~[ozone-manager-1.3.0-SNAPSHOT.jar:?]
	at org.apache.hadoop.ozone.protocolPB.OzoneManagerRequestHandler.getOzoneFileStatus(OzoneManagerRequestHandler.java:882) ~[ozone-manager-1.3.0-SNAPSHOT.jar:?]
	at org.apache.hadoop.ozone.protocolPB.OzoneManagerRequestHandler.handleReadRequest(OzoneManagerRequestHandler.java:228) ~[ozone-manager-1.3.0-SNAPSHOT.jar:?]
	at org.apache.hadoop.ozone.protocolPB.OzoneManagerProtocolServerSideTranslatorPB.submitRequestDirectlyToOM(OzoneManagerProtocolServerSideTranslatorPB.java:276) ~[ozone-manager-1.3.0-SNAPSHOT.jar:?]
	at org.apache.hadoop.ozone.protocolPB.OzoneManagerProtocolServerSideTranslatorPB.processRequest(OzoneManagerProtocolServerSideTranslatorPB.java:205) ~[ozone-manager-1.3.0-SNAPSHOT.jar:?]
	at org.apache.hadoop.hdds.server.OzoneProtocolMessageDispatcher.processRequest(OzoneProtocolMessageDispatcher.java:87) [hdds-server-framework-1.3.0-SNAPSHOT.jar:?]
	at org.apache.hadoop.ozone.protocolPB.OzoneManagerProtocolServerSideTranslatorPB.submitRequest(OzoneManagerProtocolServerSideTranslatorPB.java:147) [ozone-manager-1.3.0-SNAPSHOT.jar:?]
	at org.apache.hadoop.ozone.protocol.proto.OzoneManagerProtocolProtos$OzoneManagerService$2.callBlockingMethod(OzoneManagerProtocolProtos.java) [ozone-interface-client-1.3.0-SNAPSHOT.jar:?]
	at org.apache.hadoop.ipc.ProtobufRpcEngine$Server.processCall(ProtobufRpcEngine.java:466) [hadoop-common-3.3.1.jar:?]
	at org.apache.hadoop.ipc.ProtobufRpcEngine2$Server$ProtoBufRpcInvoker.call(ProtobufRpcEngine2.java:574) [hadoop-common-3.3.1.jar:?]
	at org.apache.hadoop.ipc.ProtobufRpcEngine2$Server$ProtoBufRpcInvoker.call(ProtobufRpcEngine2.java:552) [hadoop-common-3.3.1.jar:?]
	at org.apache.hadoop.ipc.RPC$Server.call(RPC.java:1093) [hadoop-common-3.3.1.jar:?]
	at org.apache.hadoop.ipc.Server$RpcCall.run(Server.java:1035) [hadoop-common-3.3.1.jar:?]
	at org.apache.hadoop.ipc.Server$RpcCall.run(Server.java:963) [hadoop-common-3.3.1.jar:?]
	at java.security.AccessController.doPrivileged(Native Method) ~[?:1.8.0_345]
	at javax.security.auth.Subject.doAs(Subject.java:422) [?:1.8.0_345]
	at org.apache.hadoop.security.UserGroupInformation.doAs(UserGroupInformation.java:1878) [hadoop-common-3.3.1.jar:?]
	at org.apache.hadoop.ipc.Server$Handler.run(Server.java:2966) [hadoop-common-3.3.1.jar:?]
2022-10-06 01:05:07,582 [Time-limited test] WARN  ozone.BasicRootedOzoneFileSystem (BasicRootedOzoneFileSystem.java:getFileStatus(879)) - GetFileStatus failed for path /5c619e3a-572e-41be-8311-cf0e386ab858/6cded601-3015-4312-9759-376db9ceb0d6/.Trash
java.io.FileNotFoundException: .Trash: No such file or directory!
	at org.apache.hadoop.fs.ozone.BasicRootedOzoneClientAdapterImpl.getFileStatus(BasicRootedOzoneClientAdapterImpl.java:617)
	at org.apache.hadoop.fs.ozone.BasicRootedOzoneFileSystem.getFileStatus(BasicRootedOzoneFileSystem.java:869)
	at org.apache.hadoop.fs.FileSystem.exists(FileSystem.java:1760)
	at org.apache.hadoop.fs.ozone.BasicRootedOzoneFileSystem.exists(BasicRootedOzoneFileSystem.java:918)
	at org.apache.hadoop.fs.ozone.BasicRootedOzoneClientAdapterImpl.getTrashRoots(BasicRootedOzoneClientAdapterImpl.java:660)
	at org.apache.hadoop.fs.ozone.BasicRootedOzoneFileSystem.getTrashRoots(BasicRootedOzoneFileSystem.java:824)
	at org.apache.hadoop.fs.ozone.TestRootedOzoneFileSystem.testGetTrashRoots(TestRootedOzoneFileSystem.java:1441)
	at sun.reflect.NativeMethodAccessorImpl.invoke0(Native Method)
	at sun.reflect.NativeMethodAccessorImpl.invoke(NativeMethodAccessorImpl.java:62)
	at sun.reflect.DelegatingMethodAccessorImpl.invoke(DelegatingMethodAccessorImpl.java:43)
	at java.lang.reflect.Method.invoke(Method.java:498)
	at org.junit.runners.model.FrameworkMethod$1.runReflectiveCall(FrameworkMethod.java:59)
	at org.junit.internal.runners.model.ReflectiveCallable.run(ReflectiveCallable.java:12)
	at org.junit.runners.model.FrameworkMethod.invokeExplosively(FrameworkMethod.java:56)
	at org.junit.internal.runners.statements.InvokeMethod.evaluate(InvokeMethod.java:17)
	at org.junit.internal.runners.statements.RunBefores.evaluate(RunBefores.java:26)
	at org.junit.internal.runners.statements.RunAfters.evaluate(RunAfters.java:27)
	at org.junit.internal.runners.statements.FailOnTimeout$CallableStatement.call(FailOnTimeout.java:288)
	at org.junit.internal.runners.statements.FailOnTimeout$CallableStatement.call(FailOnTimeout.java:282)
	at java.util.concurrent.FutureTask.run(FutureTask.java:266)
	at java.lang.Thread.run(Thread.java:750)
01:05:07.586 [IPC Server handler 18 on default port 44363] ERROR OMAudit - user=runner | ip=127.0.0.1 | op=GET_FILE_STATUS {volume=volume97388, bucket=bucket89566, key=.Trash, dataSize=0, replicationConfig=null} | ret=FAILURE
org.apache.hadoop.ozone.om.exceptions.OMException: Unable to get file status: volume: volume97388 bucket: bucket89566 key: .Trash
	at org.apache.hadoop.ozone.om.KeyManagerImpl.getOzoneFileStatusFSO(KeyManagerImpl.java:1389) ~[ozone-manager-1.3.0-SNAPSHOT.jar:?]
	at org.apache.hadoop.ozone.om.KeyManagerImpl.getFileStatus(KeyManagerImpl.java:1252) ~[ozone-manager-1.3.0-SNAPSHOT.jar:?]
	at org.apache.hadoop.ozone.om.OzoneManager.getFileStatus(OzoneManager.java:3507) ~[ozone-manager-1.3.0-SNAPSHOT.jar:?]
	at org.apache.hadoop.ozone.protocolPB.OzoneManagerRequestHandler.getOzoneFileStatus(OzoneManagerRequestHandler.java:882) ~[ozone-manager-1.3.0-SNAPSHOT.jar:?]
	at org.apache.hadoop.ozone.protocolPB.OzoneManagerRequestHandler.handleReadRequest(OzoneManagerRequestHandler.java:228) ~[ozone-manager-1.3.0-SNAPSHOT.jar:?]
	at org.apache.hadoop.ozone.protocolPB.OzoneManagerProtocolServerSideTranslatorPB.submitRequestDirectlyToOM(OzoneManagerProtocolServerSideTranslatorPB.java:276) ~[ozone-manager-1.3.0-SNAPSHOT.jar:?]
	at org.apache.hadoop.ozone.protocolPB.OzoneManagerProtocolServerSideTranslatorPB.processRequest(OzoneManagerProtocolServerSideTranslatorPB.java:205) ~[ozone-manager-1.3.0-SNAPSHOT.jar:?]
	at org.apache.hadoop.hdds.server.OzoneProtocolMessageDispatcher.processRequest(OzoneProtocolMessageDispatcher.java:87) [hdds-server-framework-1.3.0-SNAPSHOT.jar:?]
	at org.apache.hadoop.ozone.protocolPB.OzoneManagerProtocolServerSideTranslatorPB.submitRequest(OzoneManagerProtocolServerSideTranslatorPB.java:147) [ozone-manager-1.3.0-SNAPSHOT.jar:?]
	at org.apache.hadoop.ozone.protocol.proto.OzoneManagerProtocolProtos$OzoneManagerService$2.callBlockingMethod(OzoneManagerProtocolProtos.java) [ozone-interface-client-1.3.0-SNAPSHOT.jar:?]
	at org.apache.hadoop.ipc.ProtobufRpcEngine$Server.processCall(ProtobufRpcEngine.java:466) [hadoop-common-3.3.1.jar:?]
	at org.apache.hadoop.ipc.ProtobufRpcEngine2$Server$ProtoBufRpcInvoker.call(ProtobufRpcEngine2.java:574) [hadoop-common-3.3.1.jar:?]
	at org.apache.hadoop.ipc.ProtobufRpcEngine2$Server$ProtoBufRpcInvoker.call(ProtobufRpcEngine2.java:552) [hadoop-common-3.3.1.jar:?]
	at org.apache.hadoop.ipc.RPC$Server.call(RPC.java:1093) [hadoop-common-3.3.1.jar:?]
	at org.apache.hadoop.ipc.Server$RpcCall.run(Server.java:1035) [hadoop-common-3.3.1.jar:?]
	at org.apache.hadoop.ipc.Server$RpcCall.run(Server.java:963) [hadoop-common-3.3.1.jar:?]
	at java.security.AccessController.doPrivileged(Native Method) ~[?:1.8.0_345]
	at javax.security.auth.Subject.doAs(Subject.java:422) [?:1.8.0_345]
	at org.apache.hadoop.security.UserGroupInformation.doAs(UserGroupInformation.java:1878) [hadoop-common-3.3.1.jar:?]
	at org.apache.hadoop.ipc.Server$Handler.run(Server.java:2966) [hadoop-common-3.3.1.jar:?]
2022-10-06 01:05:07,586 [Time-limited test] WARN  ozone.BasicRootedOzoneFileSystem (BasicRootedOzoneFileSystem.java:getFileStatus(879)) - GetFileStatus failed for path /volume97388/bucket89566/.Trash
java.io.FileNotFoundException: .Trash: No such file or directory!
	at org.apache.hadoop.fs.ozone.BasicRootedOzoneClientAdapterImpl.getFileStatus(BasicRootedOzoneClientAdapterImpl.java:617)
	at org.apache.hadoop.fs.ozone.BasicRootedOzoneFileSystem.getFileStatus(BasicRootedOzoneFileSystem.java:869)
	at org.apache.hadoop.fs.FileSystem.exists(FileSystem.java:1760)
	at org.apache.hadoop.fs.ozone.BasicRootedOzoneFileSystem.exists(BasicRootedOzoneFileSystem.java:918)
	at org.apache.hadoop.fs.ozone.BasicRootedOzoneClientAdapterImpl.getTrashRoots(BasicRootedOzoneClientAdapterImpl.java:660)
	at org.apache.hadoop.fs.ozone.BasicRootedOzoneFileSystem.getTrashRoots(BasicRootedOzoneFileSystem.java:824)
	at org.apache.hadoop.fs.ozone.TestRootedOzoneFileSystem.testGetTrashRoots(TestRootedOzoneFileSystem.java:1441)
	at sun.reflect.NativeMethodAccessorImpl.invoke0(Native Method)
	at sun.reflect.NativeMethodAccessorImpl.invoke(NativeMethodAccessorImpl.java:62)
	at sun.reflect.DelegatingMethodAccessorImpl.invoke(DelegatingMethodAccessorImpl.java:43)
	at java.lang.reflect.Method.invoke(Method.java:498)
	at org.junit.runners.model.FrameworkMethod$1.runReflectiveCall(FrameworkMethod.java:59)
	at org.junit.internal.runners.model.ReflectiveCallable.run(ReflectiveCallable.java:12)
	at org.junit.runners.model.FrameworkMethod.invokeExplosively(FrameworkMethod.java:56)
	at org.junit.internal.runners.statements.InvokeMethod.evaluate(InvokeMethod.java:17)
	at org.junit.internal.runners.statements.RunBefores.evaluate(RunBefores.java:26)
	at org.junit.internal.runners.statements.RunAfters.evaluate(RunAfters.java:27)
	at org.junit.internal.runners.statements.FailOnTimeout$CallableStatement.call(FailOnTimeout.java:288)
	at org.junit.internal.runners.statements.FailOnTimeout$CallableStatement.call(FailOnTimeout.java:282)
	at java.util.concurrent.FutureTask.run(FutureTask.java:266)
	at java.lang.Thread.run(Thread.java:750)
01:05:07.592 [IPC Server handler 15 on default port 44363] ERROR OMAudit - user=runner | ip=127.0.0.1 | op=GET_FILE_STATUS {volume=5c619e3a-572e-41be-8311-cf0e386ab858, bucket=6cded601-3015-4312-9759-376db9ceb0d6, key=.Trash, dataSize=0, replicationConfig=null} | ret=FAILURE
org.apache.hadoop.ozone.om.exceptions.OMException: Unable to get file status: volume: 5c619e3a-572e-41be-8311-cf0e386ab858 bucket: 6cded601-3015-4312-9759-376db9ceb0d6 key: .Trash
	at org.apache.hadoop.ozone.om.KeyManagerImpl.getOzoneFileStatus(KeyManagerImpl.java:1324) ~[ozone-manager-1.3.0-SNAPSHOT.jar:?]
	at org.apache.hadoop.ozone.om.KeyManagerImpl.getFileStatus(KeyManagerImpl.java:1254) ~[ozone-manager-1.3.0-SNAPSHOT.jar:?]
	at org.apache.hadoop.ozone.om.OzoneManager.getFileStatus(OzoneManager.java:3507) ~[ozone-manager-1.3.0-SNAPSHOT.jar:?]
	at org.apache.hadoop.ozone.protocolPB.OzoneManagerRequestHandler.getOzoneFileStatus(OzoneManagerRequestHandler.java:882) ~[ozone-manager-1.3.0-SNAPSHOT.jar:?]
	at org.apache.hadoop.ozone.protocolPB.OzoneManagerRequestHandler.handleReadRequest(OzoneManagerRequestHandler.java:228) ~[ozone-manager-1.3.0-SNAPSHOT.jar:?]
	at org.apache.hadoop.ozone.protocolPB.OzoneManagerProtocolServerSideTranslatorPB.submitRequestDirectlyToOM(OzoneManagerProtocolServerSideTranslatorPB.java:276) ~[ozone-manager-1.3.0-SNAPSHOT.jar:?]
	at org.apache.hadoop.ozone.protocolPB.OzoneManagerProtocolServerSideTranslatorPB.processRequest(OzoneManagerProtocolServerSideTranslatorPB.java:205) ~[ozone-manager-1.3.0-SNAPSHOT.jar:?]
	at org.apache.hadoop.hdds.server.OzoneProtocolMessageDispatcher.processRequest(OzoneProtocolMessageDispatcher.java:87) [hdds-server-framework-1.3.0-SNAPSHOT.jar:?]
	at org.apache.hadoop.ozone.protocolPB.OzoneManagerProtocolServerSideTranslatorPB.submitRequest(OzoneManagerProtocolServerSideTranslatorPB.java:147) [ozone-manager-1.3.0-SNAPSHOT.jar:?]
	at org.apache.hadoop.ozone.protocol.proto.OzoneManagerProtocolProtos$OzoneManagerService$2.callBlockingMethod(OzoneManagerProtocolProtos.java) [ozone-interface-client-1.3.0-SNAPSHOT.jar:?]
	at org.apache.hadoop.ipc.ProtobufRpcEngine$Server.processCall(ProtobufRpcEngine.java:466) [hadoop-common-3.3.1.jar:?]
	at org.apache.hadoop.ipc.ProtobufRpcEngine2$Server$ProtoBufRpcInvoker.call(ProtobufRpcEngine2.java:574) [hadoop-common-3.3.1.jar:?]
	at org.apache.hadoop.ipc.ProtobufRpcEngine2$Server$ProtoBufRpcInvoker.call(ProtobufRpcEngine2.java:552) [hadoop-common-3.3.1.jar:?]
	at org.apache.hadoop.ipc.RPC$Server.call(RPC.java:1093) [hadoop-common-3.3.1.jar:?]
	at org.apache.hadoop.ipc.Server$RpcCall.run(Server.java:1035) [hadoop-common-3.3.1.jar:?]
	at org.apache.hadoop.ipc.Server$RpcCall.run(Server.java:963) [hadoop-common-3.3.1.jar:?]
	at java.security.AccessController.doPrivileged(Native Method) ~[?:1.8.0_345]
	at javax.security.auth.Subject.doAs(Subject.java:422) [?:1.8.0_345]
	at org.apache.hadoop.security.UserGroupInformation.doAs(UserGroupInformation.java:1878) [hadoop-common-3.3.1.jar:?]
	at org.apache.hadoop.ipc.Server$Handler.run(Server.java:2966) [hadoop-common-3.3.1.jar:?]
2022-10-06 01:05:07,593 [Time-limited test] WARN  ozone.BasicRootedOzoneFileSystem (BasicRootedOzoneFileSystem.java:getFileStatus(879)) - GetFileStatus failed for path /5c619e3a-572e-41be-8311-cf0e386ab858/6cded601-3015-4312-9759-376db9ceb0d6/.Trash
java.io.FileNotFoundException: .Trash: No such file or directory!
	at org.apache.hadoop.fs.ozone.BasicRootedOzoneClientAdapterImpl.getFileStatus(BasicRootedOzoneClientAdapterImpl.java:617)
	at org.apache.hadoop.fs.ozone.BasicRootedOzoneFileSystem.getFileStatus(BasicRootedOzoneFileSystem.java:869)
	at org.apache.hadoop.fs.FileSystem.exists(FileSystem.java:1760)
	at org.apache.hadoop.fs.ozone.BasicRootedOzoneFileSystem.exists(BasicRootedOzoneFileSystem.java:918)
	at org.apache.hadoop.fs.ozone.BasicRootedOzoneClientAdapterImpl.getTrashRoots(BasicRootedOzoneClientAdapterImpl.java:660)
	at org.apache.hadoop.fs.ozone.BasicRootedOzoneFileSystem.getTrashRoots(BasicRootedOzoneFileSystem.java:824)
	at org.apache.hadoop.fs.ozone.TestRootedOzoneFileSystem.testGetTrashRoots(TestRootedOzoneFileSystem.java:1448)
	at sun.reflect.NativeMethodAccessorImpl.invoke0(Native Method)
	at sun.reflect.NativeMethodAccessorImpl.invoke(NativeMethodAccessorImpl.java:62)
	at sun.reflect.DelegatingMethodAccessorImpl.invoke(DelegatingMethodAccessorImpl.java:43)
	at java.lang.reflect.Method.invoke(Method.java:498)
	at org.junit.runners.model.FrameworkMethod$1.runReflectiveCall(FrameworkMethod.java:59)
	at org.junit.internal.runners.model.ReflectiveCallable.run(ReflectiveCallable.java:12)
	at org.junit.runners.model.FrameworkMethod.invokeExplosively(FrameworkMethod.java:56)
	at org.junit.internal.runners.statements.InvokeMethod.evaluate(InvokeMethod.java:17)
	at org.junit.internal.runners.statements.RunBefores.evaluate(RunBefores.java:26)
	at org.junit.internal.runners.statements.RunAfters.evaluate(RunAfters.java:27)
	at org.junit.internal.runners.statements.FailOnTimeout$CallableStatement.call(FailOnTimeout.java:288)
	at org.junit.internal.runners.statements.FailOnTimeout$CallableStatement.call(FailOnTimeout.java:282)
	at java.util.concurrent.FutureTask.run(FutureTask.java:266)
	at java.lang.Thread.run(Thread.java:750)
01:05:07.603 [IPC Server handler 2 on default port 44363] ERROR OMAudit - user=runner | ip=127.0.0.1 | op=GET_FILE_STATUS {volume=5c619e3a-572e-41be-8311-cf0e386ab858, bucket=6cded601-3015-4312-9759-376db9ceb0d6, key=.Trash, dataSize=0, replicationConfig=null} | ret=FAILURE
org.apache.hadoop.ozone.om.exceptions.OMException: Unable to get file status: volume: 5c619e3a-572e-41be-8311-cf0e386ab858 bucket: 6cded601-3015-4312-9759-376db9ceb0d6 key: .Trash
	at org.apache.hadoop.ozone.om.KeyManagerImpl.getOzoneFileStatus(KeyManagerImpl.java:1324) ~[ozone-manager-1.3.0-SNAPSHOT.jar:?]
	at org.apache.hadoop.ozone.om.KeyManagerImpl.getFileStatus(KeyManagerImpl.java:1254) ~[ozone-manager-1.3.0-SNAPSHOT.jar:?]
	at org.apache.hadoop.ozone.om.OzoneManager.getFileStatus(OzoneManager.java:3507) ~[ozone-manager-1.3.0-SNAPSHOT.jar:?]
	at org.apache.hadoop.ozone.protocolPB.OzoneManagerRequestHandler.getOzoneFileStatus(OzoneManagerRequestHandler.java:882) ~[ozone-manager-1.3.0-SNAPSHOT.jar:?]
	at org.apache.hadoop.ozone.protocolPB.OzoneManagerRequestHandler.handleReadRequest(OzoneManagerRequestHandler.java:228) ~[ozone-manager-1.3.0-SNAPSHOT.jar:?]
	at org.apache.hadoop.ozone.protocolPB.OzoneManagerProtocolServerSideTranslatorPB.submitRequestDirectlyToOM(OzoneManagerProtocolServerSideTranslatorPB.java:276) ~[ozone-manager-1.3.0-SNAPSHOT.jar:?]
	at org.apache.hadoop.ozone.protocolPB.OzoneManagerProtocolServerSideTranslatorPB.processRequest(OzoneManagerProtocolServerSideTranslatorPB.java:205) ~[ozone-manager-1.3.0-SNAPSHOT.jar:?]
	at org.apache.hadoop.hdds.server.OzoneProtocolMessageDispatcher.processRequest(OzoneProtocolMessageDispatcher.java:87) [hdds-server-framework-1.3.0-SNAPSHOT.jar:?]
	at org.apache.hadoop.ozone.protocolPB.OzoneManagerProtocolServerSideTranslatorPB.submitRequest(OzoneManagerProtocolServerSideTranslatorPB.java:147) [ozone-manager-1.3.0-SNAPSHOT.jar:?]
	at org.apache.hadoop.ozone.protocol.proto.OzoneManagerProtocolProtos$OzoneManagerService$2.callBlockingMethod(OzoneManagerProtocolProtos.java) [ozone-interface-client-1.3.0-SNAPSHOT.jar:?]
	at org.apache.hadoop.ipc.ProtobufRpcEngine$Server.processCall(ProtobufRpcEngine.java:466) [hadoop-common-3.3.1.jar:?]
	at org.apache.hadoop.ipc.ProtobufRpcEngine2$Server$ProtoBufRpcInvoker.call(ProtobufRpcEngine2.java:574) [hadoop-common-3.3.1.jar:?]
	at org.apache.hadoop.ipc.ProtobufRpcEngine2$Server$ProtoBufRpcInvoker.call(ProtobufRpcEngine2.java:552) [hadoop-common-3.3.1.jar:?]
	at org.apache.hadoop.ipc.RPC$Server.call(RPC.java:1093) [hadoop-common-3.3.1.jar:?]
	at org.apache.hadoop.ipc.Server$RpcCall.run(Server.java:1035) [hadoop-common-3.3.1.jar:?]
	at org.apache.hadoop.ipc.Server$RpcCall.run(Server.java:963) [hadoop-common-3.3.1.jar:?]
	at java.security.AccessController.doPrivileged(Native Method) ~[?:1.8.0_345]
	at javax.security.auth.Subject.doAs(Subject.java:422) [?:1.8.0_345]
	at org.apache.hadoop.security.UserGroupInformation.doAs(UserGroupInformation.java:1878) [hadoop-common-3.3.1.jar:?]
	at org.apache.hadoop.ipc.Server$Handler.run(Server.java:2966) [hadoop-common-3.3.1.jar:?]
2022-10-06 01:05:07,603 [Time-limited test] WARN  ozone.BasicRootedOzoneFileSystem (BasicRootedOzoneFileSystem.java:getFileStatus(879)) - GetFileStatus failed for path /5c619e3a-572e-41be-8311-cf0e386ab858/6cded601-3015-4312-9759-376db9ceb0d6/.Trash
java.io.FileNotFoundException: .Trash: No such file or directory!
	at org.apache.hadoop.fs.ozone.BasicRootedOzoneClientAdapterImpl.getFileStatus(BasicRootedOzoneClientAdapterImpl.java:617)
	at org.apache.hadoop.fs.ozone.BasicRootedOzoneFileSystem.getFileStatus(BasicRootedOzoneFileSystem.java:869)
	at org.apache.hadoop.fs.FileSystem.exists(FileSystem.java:1760)
	at org.apache.hadoop.fs.ozone.BasicRootedOzoneFileSystem.exists(BasicRootedOzoneFileSystem.java:918)
	at org.apache.hadoop.fs.ozone.BasicRootedOzoneClientAdapterImpl.getTrashRoots(BasicRootedOzoneClientAdapterImpl.java:660)
	at org.apache.hadoop.fs.ozone.BasicRootedOzoneFileSystem.getTrashRoots(BasicRootedOzoneFileSystem.java:824)
	at org.apache.hadoop.fs.ozone.TestRootedOzoneFileSystem.testGetTrashRoots(TestRootedOzoneFileSystem.java:1457)
	at sun.reflect.NativeMethodAccessorImpl.invoke0(Native Method)
	at sun.reflect.NativeMethodAccessorImpl.invoke(NativeMethodAccessorImpl.java:62)
	at sun.reflect.DelegatingMethodAccessorImpl.invoke(DelegatingMethodAccessorImpl.java:43)
	at java.lang.reflect.Method.invoke(Method.java:498)
	at org.junit.runners.model.FrameworkMethod$1.runReflectiveCall(FrameworkMethod.java:59)
	at org.junit.internal.runners.model.ReflectiveCallable.run(ReflectiveCallable.java:12)
	at org.junit.runners.model.FrameworkMethod.invokeExplosively(FrameworkMethod.java:56)
	at org.junit.internal.runners.statements.InvokeMethod.evaluate(InvokeMethod.java:17)
	at org.junit.internal.runners.statements.RunBefores.evaluate(RunBefores.java:26)
	at org.junit.internal.runners.statements.RunAfters.evaluate(RunAfters.java:27)
	at org.junit.internal.runners.statements.FailOnTimeout$CallableStatement.call(FailOnTimeout.java:288)
	at org.junit.internal.runners.statements.FailOnTimeout$CallableStatement.call(FailOnTimeout.java:282)
	at java.util.concurrent.FutureTask.run(FutureTask.java:266)
	at java.lang.Thread.run(Thread.java:750)
2022-10-06 01:05:07,609 [Time-limited test] INFO  rpc.RpcClient (RpcClient.java:createBucket(674)) - Creating Bucket: volume97388/trashroottest2, with bucket layout FILE_SYSTEM_OPTIMIZED, runner as owner, Versioning false, Storage Type set to DISK and Encryption set to false 
2022-10-06 01:05:07,611 [IPC Server handler 8 on default port 44363] INFO  bucket.OMBucketCreateRequest (OMBucketCreateRequest.java:validateAndUpdateCache(260)) - created bucket: trashroottest2 of layout FILE_SYSTEM_OPTIMIZED in volume: volume97388
01:05:07.773 [IPC Server handler 6 on default port 44363] ERROR OMAudit - user=runner | ip=127.0.0.1 | op=GET_FILE_STATUS {volume=5c619e3a-572e-41be-8311-cf0e386ab858, bucket=6cded601-3015-4312-9759-376db9ceb0d6, key=.Trash, dataSize=0, replicationConfig=null} | ret=FAILURE
org.apache.hadoop.ozone.om.exceptions.OMException: Unable to get file status: volume: 5c619e3a-572e-41be-8311-cf0e386ab858 bucket: 6cded601-3015-4312-9759-376db9ceb0d6 key: .Trash
	at org.apache.hadoop.ozone.om.KeyManagerImpl.getOzoneFileStatus(KeyManagerImpl.java:1324) ~[ozone-manager-1.3.0-SNAPSHOT.jar:?]
	at org.apache.hadoop.ozone.om.KeyManagerImpl.getFileStatus(KeyManagerImpl.java:1254) ~[ozone-manager-1.3.0-SNAPSHOT.jar:?]
	at org.apache.hadoop.ozone.om.OzoneManager.getFileStatus(OzoneManager.java:3507) ~[ozone-manager-1.3.0-SNAPSHOT.jar:?]
	at org.apache.hadoop.ozone.protocolPB.OzoneManagerRequestHandler.getOzoneFileStatus(OzoneManagerRequestHandler.java:882) ~[ozone-manager-1.3.0-SNAPSHOT.jar:?]
	at org.apache.hadoop.ozone.protocolPB.OzoneManagerRequestHandler.handleReadRequest(OzoneManagerRequestHandler.java:228) ~[ozone-manager-1.3.0-SNAPSHOT.jar:?]
	at org.apache.hadoop.ozone.protocolPB.OzoneManagerProtocolServerSideTranslatorPB.submitRequestDirectlyToOM(OzoneManagerProtocolServerSideTranslatorPB.java:276) ~[ozone-manager-1.3.0-SNAPSHOT.jar:?]
	at org.apache.hadoop.ozone.protocolPB.OzoneManagerProtocolServerSideTranslatorPB.processRequest(OzoneManagerProtocolServerSideTranslatorPB.java:205) ~[ozone-manager-1.3.0-SNAPSHOT.jar:?]
	at org.apache.hadoop.hdds.server.OzoneProtocolMessageDispatcher.processRequest(OzoneProtocolMessageDispatcher.java:87) [hdds-server-framework-1.3.0-SNAPSHOT.jar:?]
	at org.apache.hadoop.ozone.protocolPB.OzoneManagerProtocolServerSideTranslatorPB.submitRequest(OzoneManagerProtocolServerSideTranslatorPB.java:147) [ozone-manager-1.3.0-SNAPSHOT.jar:?]
	at org.apache.hadoop.ozone.protocol.proto.OzoneManagerProtocolProtos$OzoneManagerService$2.callBlockingMethod(OzoneManagerProtocolProtos.java) [ozone-interface-client-1.3.0-SNAPSHOT.jar:?]
	at org.apache.hadoop.ipc.ProtobufRpcEngine$Server.processCall(ProtobufRpcEngine.java:466) [hadoop-common-3.3.1.jar:?]
	at org.apache.hadoop.ipc.ProtobufRpcEngine2$Server$ProtoBufRpcInvoker.call(ProtobufRpcEngine2.java:574) [hadoop-common-3.3.1.jar:?]
	at org.apache.hadoop.ipc.ProtobufRpcEngine2$Server$ProtoBufRpcInvoker.call(ProtobufRpcEngine2.java:552) [hadoop-common-3.3.1.jar:?]
	at org.apache.hadoop.ipc.RPC$Server.call(RPC.java:1093) [hadoop-common-3.3.1.jar:?]
	at org.apache.hadoop.ipc.Server$RpcCall.run(Server.java:1035) [hadoop-common-3.3.1.jar:?]
	at org.apache.hadoop.ipc.Server$RpcCall.run(Server.java:963) [hadoop-common-3.3.1.jar:?]
	at java.security.AccessController.doPrivileged(Native Method) ~[?:1.8.0_345]
	at javax.security.auth.Subject.doAs(Subject.java:422) [?:1.8.0_345]
	at org.apache.hadoop.security.UserGroupInformation.doAs(UserGroupInformation.java:1878) [hadoop-common-3.3.1.jar:?]
	at org.apache.hadoop.ipc.Server$Handler.run(Server.java:2966) [hadoop-common-3.3.1.jar:?]
2022-10-06 01:05:07,774 [Time-limited test] WARN  ozone.BasicRootedOzoneFileSystem (BasicRootedOzoneFileSystem.java:getFileStatus(879)) - GetFileStatus failed for path /5c619e3a-572e-41be-8311-cf0e386ab858/6cded601-3015-4312-9759-376db9ceb0d6/.Trash
java.io.FileNotFoundException: .Trash: No such file or directory!
	at org.apache.hadoop.fs.ozone.BasicRootedOzoneClientAdapterImpl.getFileStatus(BasicRootedOzoneClientAdapterImpl.java:617)
	at org.apache.hadoop.fs.ozone.BasicRootedOzoneFileSystem.getFileStatus(BasicRootedOzoneFileSystem.java:869)
	at org.apache.hadoop.fs.FileSystem.exists(FileSystem.java:1760)
	at org.apache.hadoop.fs.ozone.BasicRootedOzoneFileSystem.exists(BasicRootedOzoneFileSystem.java:918)
	at org.apache.hadoop.fs.ozone.BasicRootedOzoneClientAdapterImpl.getTrashRoots(BasicRootedOzoneClientAdapterImpl.java:660)
	at org.apache.hadoop.fs.ozone.BasicRootedOzoneFileSystem.getTrashRoots(BasicRootedOzoneFileSystem.java:824)
	at org.apache.hadoop.fs.ozone.TestRootedOzoneFileSystem.testGetTrashRoots(TestRootedOzoneFileSystem.java:1474)
	at sun.reflect.NativeMethodAccessorImpl.invoke0(Native Method)
	at sun.reflect.NativeMethodAccessorImpl.invoke(NativeMethodAccessorImpl.java:62)
	at sun.reflect.DelegatingMethodAccessorImpl.invoke(DelegatingMethodAccessorImpl.java:43)
	at java.lang.reflect.Method.invoke(Method.java:498)
	at org.junit.runners.model.FrameworkMethod$1.runReflectiveCall(FrameworkMethod.java:59)
	at org.junit.internal.runners.model.ReflectiveCallable.run(ReflectiveCallable.java:12)
	at org.junit.runners.model.FrameworkMethod.invokeExplosively(FrameworkMethod.java:56)
	at org.junit.internal.runners.statements.InvokeMethod.evaluate(InvokeMethod.java:17)
	at org.junit.internal.runners.statements.RunBefores.evaluate(RunBefores.java:26)
	at org.junit.internal.runners.statements.RunAfters.evaluate(RunAfters.java:27)
	at org.junit.internal.runners.statements.FailOnTimeout$CallableStatement.call(FailOnTimeout.java:288)
	at org.junit.internal.runners.statements.FailOnTimeout$CallableStatement.call(FailOnTimeout.java:282)
	at java.util.concurrent.FutureTask.run(FutureTask.java:266)
	at java.lang.Thread.run(Thread.java:750)
01:05:07.800 [IPC Server handler 11 on default port 44363] ERROR OMAudit - user=runner | ip=127.0.0.1 | op=GET_FILE_STATUS {volume=5c619e3a-572e-41be-8311-cf0e386ab858, bucket=6cded601-3015-4312-9759-376db9ceb0d6, key=.Trash, dataSize=0, replicationConfig=null} | ret=FAILURE
org.apache.hadoop.ozone.om.exceptions.OMException: Unable to get file status: volume: 5c619e3a-572e-41be-8311-cf0e386ab858 bucket: 6cded601-3015-4312-9759-376db9ceb0d6 key: .Trash
	at org.apache.hadoop.ozone.om.KeyManagerImpl.getOzoneFileStatus(KeyManagerImpl.java:1324) ~[ozone-manager-1.3.0-SNAPSHOT.jar:?]
	at org.apache.hadoop.ozone.om.KeyManagerImpl.getFileStatus(KeyManagerImpl.java:1254) ~[ozone-manager-1.3.0-SNAPSHOT.jar:?]
	at org.apache.hadoop.ozone.om.OzoneManager.getFileStatus(OzoneManager.java:3507) ~[ozone-manager-1.3.0-SNAPSHOT.jar:?]
	at org.apache.hadoop.ozone.protocolPB.OzoneManagerRequestHandler.getOzoneFileStatus(OzoneManagerRequestHandler.java:882) ~[ozone-manager-1.3.0-SNAPSHOT.jar:?]
	at org.apache.hadoop.ozone.protocolPB.OzoneManagerRequestHandler.handleReadRequest(OzoneManagerRequestHandler.java:228) ~[ozone-manager-1.3.0-SNAPSHOT.jar:?]
	at org.apache.hadoop.ozone.protocolPB.OzoneManagerProtocolServerSideTranslatorPB.submitRequestDirectlyToOM(OzoneManagerProtocolServerSideTranslatorPB.java:276) ~[ozone-manager-1.3.0-SNAPSHOT.jar:?]
	at org.apache.hadoop.ozone.protocolPB.OzoneManagerProtocolServerSideTranslatorPB.processRequest(OzoneManagerProtocolServerSideTranslatorPB.java:205) ~[ozone-manager-1.3.0-SNAPSHOT.jar:?]
	at org.apache.hadoop.hdds.server.OzoneProtocolMessageDispatcher.processRequest(OzoneProtocolMessageDispatcher.java:87) [hdds-server-framework-1.3.0-SNAPSHOT.jar:?]
	at org.apache.hadoop.ozone.protocolPB.OzoneManagerProtocolServerSideTranslatorPB.submitRequest(OzoneManagerProtocolServerSideTranslatorPB.java:147) [ozone-manager-1.3.0-SNAPSHOT.jar:?]
	at org.apache.hadoop.ozone.protocol.proto.OzoneManagerProtocolProtos$OzoneManagerService$2.callBlockingMethod(OzoneManagerProtocolProtos.java) [ozone-interface-client-1.3.0-SNAPSHOT.jar:?]
	at org.apache.hadoop.ipc.ProtobufRpcEngine$Server.processCall(ProtobufRpcEngine.java:466) [hadoop-common-3.3.1.jar:?]
	at org.apache.hadoop.ipc.ProtobufRpcEngine2$Server$ProtoBufRpcInvoker.call(ProtobufRpcEngine2.java:574) [hadoop-common-3.3.1.jar:?]
	at org.apache.hadoop.ipc.ProtobufRpcEngine2$Server$ProtoBufRpcInvoker.call(ProtobufRpcEngine2.java:552) [hadoop-common-3.3.1.jar:?]
	at org.apache.hadoop.ipc.RPC$Server.call(RPC.java:1093) [hadoop-common-3.3.1.jar:?]
	at org.apache.hadoop.ipc.Server$RpcCall.run(Server.java:1035) [hadoop-common-3.3.1.jar:?]
	at org.apache.hadoop.ipc.Server$RpcCall.run(Server.java:963) [hadoop-common-3.3.1.jar:?]
	at java.security.AccessController.doPrivileged(Native Method) ~[?:1.8.0_345]
	at javax.security.auth.Subject.doAs(Subject.java:422) [?:1.8.0_345]
	at org.apache.hadoop.security.UserGroupInformation.doAs(UserGroupInformation.java:1878) [hadoop-common-3.3.1.jar:?]
	at org.apache.hadoop.ipc.Server$Handler.run(Server.java:2966) [hadoop-common-3.3.1.jar:?]
2022-10-06 01:05:07,801 [Time-limited test] WARN  ozone.BasicRootedOzoneFileSystem (BasicRootedOzoneFileSystem.java:getFileStatus(879)) - GetFileStatus failed for path /5c619e3a-572e-41be-8311-cf0e386ab858/6cded601-3015-4312-9759-376db9ceb0d6/.Trash
java.io.FileNotFoundException: .Trash: No such file or directory!
	at org.apache.hadoop.fs.ozone.BasicRootedOzoneClientAdapterImpl.getFileStatus(BasicRootedOzoneClientAdapterImpl.java:617)
	at org.apache.hadoop.fs.ozone.BasicRootedOzoneFileSystem.getFileStatus(BasicRootedOzoneFileSystem.java:869)
	at org.apache.hadoop.fs.FileSystem.exists(FileSystem.java:1760)
	at org.apache.hadoop.fs.ozone.BasicRootedOzoneFileSystem.exists(BasicRootedOzoneFileSystem.java:918)
	at org.apache.hadoop.fs.ozone.BasicRootedOzoneClientAdapterImpl.getTrashRoots(BasicRootedOzoneClientAdapterImpl.java:660)
	at org.apache.hadoop.fs.ozone.BasicRootedOzoneFileSystem.getTrashRoots(BasicRootedOzoneFileSystem.java:824)
	at org.apache.hadoop.fs.ozone.TestRootedOzoneFileSystem.testGetTrashRoots(TestRootedOzoneFileSystem.java:1480)
	at sun.reflect.NativeMethodAccessorImpl.invoke0(Native Method)
	at sun.reflect.NativeMethodAccessorImpl.invoke(NativeMethodAccessorImpl.java:62)
	at sun.reflect.DelegatingMethodAccessorImpl.invoke(DelegatingMethodAccessorImpl.java:43)
	at java.lang.reflect.Method.invoke(Method.java:498)
	at org.junit.runners.model.FrameworkMethod$1.runReflectiveCall(FrameworkMethod.java:59)
	at org.junit.internal.runners.model.ReflectiveCallable.run(ReflectiveCallable.java:12)
	at org.junit.runners.model.FrameworkMethod.invokeExplosively(FrameworkMethod.java:56)
	at org.junit.internal.runners.statements.InvokeMethod.evaluate(InvokeMethod.java:17)
	at org.junit.internal.runners.statements.RunBefores.evaluate(RunBefores.java:26)
	at org.junit.internal.runners.statements.RunAfters.evaluate(RunAfters.java:27)
	at org.junit.internal.runners.statements.FailOnTimeout$CallableStatement.call(FailOnTimeout.java:288)
	at org.junit.internal.runners.statements.FailOnTimeout$CallableStatement.call(FailOnTimeout.java:282)
	at java.util.concurrent.FutureTask.run(FutureTask.java:266)
	at java.lang.Thread.run(Thread.java:750)
2022-10-06 01:05:07,888 [Time-limited test] INFO  rpc.RpcClient (RpcClient.java:createVolume(471)) - Creating Volume: volume92351, with user84475 as owner and space quota set to -1 bytes, counts quota set to -1
2022-10-06 01:05:07,888 [IPC Server handler 3 on default port 44363] INFO  volume.OMVolumeCreateRequest (OMVolumeCreateRequest.java:validateAndUpdateCache(195)) - created volume:volume92351 for user:user84475
2022-10-06 01:05:07,890 [Time-limited test] INFO  rpc.RpcClient (RpcClient.java:createBucket(674)) - Creating Bucket: volume92351/bucket97386, with bucket layout FILE_SYSTEM_OPTIMIZED, runner as owner, Versioning false, Storage Type set to DISK and Encryption set to false 
2022-10-06 01:05:07,894 [IPC Server handler 14 on default port 44363] INFO  bucket.OMBucketCreateRequest (OMBucketCreateRequest.java:validateAndUpdateCache(260)) - created bucket: bucket97386 of layout FILE_SYSTEM_OPTIMIZED in volume: volume92351
01:05:07.906 [IPC Server handler 19 on default port 44363] ERROR OMAudit - user=runner | ip=127.0.0.1 | op=GET_FILE_STATUS {volume=5c619e3a-572e-41be-8311-cf0e386ab858, bucket=6cded601-3015-4312-9759-376db9ceb0d6, key=.Trash, dataSize=0, replicationConfig=null} | ret=FAILURE
org.apache.hadoop.ozone.om.exceptions.OMException: Unable to get file status: volume: 5c619e3a-572e-41be-8311-cf0e386ab858 bucket: 6cded601-3015-4312-9759-376db9ceb0d6 key: .Trash
	at org.apache.hadoop.ozone.om.KeyManagerImpl.getOzoneFileStatus(KeyManagerImpl.java:1324) ~[ozone-manager-1.3.0-SNAPSHOT.jar:?]
	at org.apache.hadoop.ozone.om.KeyManagerImpl.getFileStatus(KeyManagerImpl.java:1254) ~[ozone-manager-1.3.0-SNAPSHOT.jar:?]
	at org.apache.hadoop.ozone.om.OzoneManager.getFileStatus(OzoneManager.java:3507) ~[ozone-manager-1.3.0-SNAPSHOT.jar:?]
	at org.apache.hadoop.ozone.protocolPB.OzoneManagerRequestHandler.getOzoneFileStatus(OzoneManagerRequestHandler.java:882) ~[ozone-manager-1.3.0-SNAPSHOT.jar:?]
	at org.apache.hadoop.ozone.protocolPB.OzoneManagerRequestHandler.handleReadRequest(OzoneManagerRequestHandler.java:228) ~[ozone-manager-1.3.0-SNAPSHOT.jar:?]
	at org.apache.hadoop.ozone.protocolPB.OzoneManagerProtocolServerSideTranslatorPB.submitRequestDirectlyToOM(OzoneManagerProtocolServerSideTranslatorPB.java:276) ~[ozone-manager-1.3.0-SNAPSHOT.jar:?]
	at org.apache.hadoop.ozone.protocolPB.OzoneManagerProtocolServerSideTranslatorPB.processRequest(OzoneManagerProtocolServerSideTranslatorPB.java:205) ~[ozone-manager-1.3.0-SNAPSHOT.jar:?]
	at org.apache.hadoop.hdds.server.OzoneProtocolMessageDispatcher.processRequest(OzoneProtocolMessageDispatcher.java:87) [hdds-server-framework-1.3.0-SNAPSHOT.jar:?]
	at org.apache.hadoop.ozone.protocolPB.OzoneManagerProtocolServerSideTranslatorPB.submitRequest(OzoneManagerProtocolServerSideTranslatorPB.java:147) [ozone-manager-1.3.0-SNAPSHOT.jar:?]
	at org.apache.hadoop.ozone.protocol.proto.OzoneManagerProtocolProtos$OzoneManagerService$2.callBlockingMethod(OzoneManagerProtocolProtos.java) [ozone-interface-client-1.3.0-SNAPSHOT.jar:?]
	at org.apache.hadoop.ipc.ProtobufRpcEngine$Server.processCall(ProtobufRpcEngine.java:466) [hadoop-common-3.3.1.jar:?]
	at org.apache.hadoop.ipc.ProtobufRpcEngine2$Server$ProtoBufRpcInvoker.call(ProtobufRpcEngine2.java:574) [hadoop-common-3.3.1.jar:?]
	at org.apache.hadoop.ipc.ProtobufRpcEngine2$Server$ProtoBufRpcInvoker.call(ProtobufRpcEngine2.java:552) [hadoop-common-3.3.1.jar:?]
	at org.apache.hadoop.ipc.RPC$Server.call(RPC.java:1093) [hadoop-common-3.3.1.jar:?]
	at org.apache.hadoop.ipc.Server$RpcCall.run(Server.java:1035) [hadoop-common-3.3.1.jar:?]
	at org.apache.hadoop.ipc.Server$RpcCall.run(Server.java:963) [hadoop-common-3.3.1.jar:?]
	at java.security.AccessController.doPrivileged(Native Method) ~[?:1.8.0_345]
	at javax.security.auth.Subject.doAs(Subject.java:422) [?:1.8.0_345]
	at org.apache.hadoop.security.UserGroupInformation.doAs(UserGroupInformation.java:1878) [hadoop-common-3.3.1.jar:?]
	at org.apache.hadoop.ipc.Server$Handler.run(Server.java:2966) [hadoop-common-3.3.1.jar:?]
2022-10-06 01:05:07,907 [Time-limited test] WARN  ozone.BasicRootedOzoneFileSystem (BasicRootedOzoneFileSystem.java:getFileStatus(879)) - GetFileStatus failed for path /5c619e3a-572e-41be-8311-cf0e386ab858/6cded601-3015-4312-9759-376db9ceb0d6/.Trash
java.io.FileNotFoundException: .Trash: No such file or directory!
	at org.apache.hadoop.fs.ozone.BasicRootedOzoneClientAdapterImpl.getFileStatus(BasicRootedOzoneClientAdapterImpl.java:617)
	at org.apache.hadoop.fs.ozone.BasicRootedOzoneFileSystem.getFileStatus(BasicRootedOzoneFileSystem.java:869)
	at org.apache.hadoop.fs.FileSystem.exists(FileSystem.java:1760)
	at org.apache.hadoop.fs.ozone.BasicRootedOzoneFileSystem.exists(BasicRootedOzoneFileSystem.java:918)
	at org.apache.hadoop.fs.ozone.BasicRootedOzoneClientAdapterImpl.getTrashRoots(BasicRootedOzoneClientAdapterImpl.java:660)
	at org.apache.hadoop.fs.ozone.BasicRootedOzoneFileSystem.getTrashRoots(BasicRootedOzoneFileSystem.java:824)
	at org.apache.hadoop.fs.ozone.TestRootedOzoneFileSystem.testGetTrashRoots(TestRootedOzoneFileSystem.java:1495)
	at sun.reflect.NativeMethodAccessorImpl.invoke0(Native Method)
	at sun.reflect.NativeMethodAccessorImpl.invoke(NativeMethodAccessorImpl.java:62)
	at sun.reflect.DelegatingMethodAccessorImpl.invoke(DelegatingMethodAccessorImpl.java:43)
	at java.lang.reflect.Method.invoke(Method.java:498)
	at org.junit.runners.model.FrameworkMethod$1.runReflectiveCall(FrameworkMethod.java:59)
	at org.junit.internal.runners.model.ReflectiveCallable.run(ReflectiveCallable.java:12)
	at org.junit.runners.model.FrameworkMethod.invokeExplosively(FrameworkMethod.java:56)
	at org.junit.internal.runners.statements.InvokeMethod.evaluate(InvokeMethod.java:17)
	at org.junit.internal.runners.statements.RunBefores.evaluate(RunBefores.java:26)
	at org.junit.internal.runners.statements.RunAfters.evaluate(RunAfters.java:27)
	at org.junit.internal.runners.statements.FailOnTimeout$CallableStatement.call(FailOnTimeout.java:288)
	at org.junit.internal.runners.statements.FailOnTimeout$CallableStatement.call(FailOnTimeout.java:282)
	at java.util.concurrent.FutureTask.run(FutureTask.java:266)
	at java.lang.Thread.run(Thread.java:750)
01:05:07.925 [IPC Server handler 12 on default port 44363] ERROR OMAudit - user=runner | ip=127.0.0.1 | op=GET_FILE_STATUS {volume=5c619e3a-572e-41be-8311-cf0e386ab858, bucket=6cded601-3015-4312-9759-376db9ceb0d6, key=.Trash, dataSize=0, replicationConfig=null} | ret=FAILURE
org.apache.hadoop.ozone.om.exceptions.OMException: Unable to get file status: volume: 5c619e3a-572e-41be-8311-cf0e386ab858 bucket: 6cded601-3015-4312-9759-376db9ceb0d6 key: .Trash
	at org.apache.hadoop.ozone.om.KeyManagerImpl.getOzoneFileStatus(KeyManagerImpl.java:1324) ~[ozone-manager-1.3.0-SNAPSHOT.jar:?]
	at org.apache.hadoop.ozone.om.KeyManagerImpl.getFileStatus(KeyManagerImpl.java:1254) ~[ozone-manager-1.3.0-SNAPSHOT.jar:?]
	at org.apache.hadoop.ozone.om.OzoneManager.getFileStatus(OzoneManager.java:3507) ~[ozone-manager-1.3.0-SNAPSHOT.jar:?]
	at org.apache.hadoop.ozone.protocolPB.OzoneManagerRequestHandler.getOzoneFileStatus(OzoneManagerRequestHandler.java:882) ~[ozone-manager-1.3.0-SNAPSHOT.jar:?]
	at org.apache.hadoop.ozone.protocolPB.OzoneManagerRequestHandler.handleReadRequest(OzoneManagerRequestHandler.java:228) ~[ozone-manager-1.3.0-SNAPSHOT.jar:?]
	at org.apache.hadoop.ozone.protocolPB.OzoneManagerProtocolServerSideTranslatorPB.submitRequestDirectlyToOM(OzoneManagerProtocolServerSideTranslatorPB.java:276) ~[ozone-manager-1.3.0-SNAPSHOT.jar:?]
	at org.apache.hadoop.ozone.protocolPB.OzoneManagerProtocolServerSideTranslatorPB.processRequest(OzoneManagerProtocolServerSideTranslatorPB.java:205) ~[ozone-manager-1.3.0-SNAPSHOT.jar:?]
	at org.apache.hadoop.hdds.server.OzoneProtocolMessageDispatcher.processRequest(OzoneProtocolMessageDispatcher.java:87) [hdds-server-framework-1.3.0-SNAPSHOT.jar:?]
	at org.apache.hadoop.ozone.protocolPB.OzoneManagerProtocolServerSideTranslatorPB.submitRequest(OzoneManagerProtocolServerSideTranslatorPB.java:147) [ozone-manager-1.3.0-SNAPSHOT.jar:?]
	at org.apache.hadoop.ozone.protocol.proto.OzoneManagerProtocolProtos$OzoneManagerService$2.callBlockingMethod(OzoneManagerProtocolProtos.java) [ozone-interface-client-1.3.0-SNAPSHOT.jar:?]
	at org.apache.hadoop.ipc.ProtobufRpcEngine$Server.processCall(ProtobufRpcEngine.java:466) [hadoop-common-3.3.1.jar:?]
	at org.apache.hadoop.ipc.ProtobufRpcEngine2$Server$ProtoBufRpcInvoker.call(ProtobufRpcEngine2.java:574) [hadoop-common-3.3.1.jar:?]
	at org.apache.hadoop.ipc.ProtobufRpcEngine2$Server$ProtoBufRpcInvoker.call(ProtobufRpcEngine2.java:552) [hadoop-common-3.3.1.jar:?]
	at org.apache.hadoop.ipc.RPC$Server.call(RPC.java:1093) [hadoop-common-3.3.1.jar:?]
	at org.apache.hadoop.ipc.Server$RpcCall.run(Server.java:1035) [hadoop-common-3.3.1.jar:?]
	at org.apache.hadoop.ipc.Server$RpcCall.run(Server.java:963) [hadoop-common-3.3.1.jar:?]
	at java.security.AccessController.doPrivileged(Native Method) ~[?:1.8.0_345]
	at javax.security.auth.Subject.doAs(Subject.java:422) [?:1.8.0_345]
	at org.apache.hadoop.security.UserGroupInformation.doAs(UserGroupInformation.java:1878) [hadoop-common-3.3.1.jar:?]
	at org.apache.hadoop.ipc.Server$Handler.run(Server.java:2966) [hadoop-common-3.3.1.jar:?]
2022-10-06 01:05:07,925 [Time-limited test] WARN  ozone.BasicRootedOzoneFileSystem (BasicRootedOzoneFileSystem.java:getFileStatus(879)) - GetFileStatus failed for path /5c619e3a-572e-41be-8311-cf0e386ab858/6cded601-3015-4312-9759-376db9ceb0d6/.Trash
java.io.FileNotFoundException: .Trash: No such file or directory!
	at org.apache.hadoop.fs.ozone.BasicRootedOzoneClientAdapterImpl.getFileStatus(BasicRootedOzoneClientAdapterImpl.java:617)
	at org.apache.hadoop.fs.ozone.BasicRootedOzoneFileSystem.getFileStatus(BasicRootedOzoneFileSystem.java:869)
	at org.apache.hadoop.fs.FileSystem.exists(FileSystem.java:1760)
	at org.apache.hadoop.fs.ozone.BasicRootedOzoneFileSystem.exists(BasicRootedOzoneFileSystem.java:918)
	at org.apache.hadoop.fs.ozone.BasicRootedOzoneClientAdapterImpl.getTrashRoots(BasicRootedOzoneClientAdapterImpl.java:660)
	at org.apache.hadoop.fs.ozone.BasicRootedOzoneFileSystem.getTrashRoots(BasicRootedOzoneFileSystem.java:824)
	at org.apache.hadoop.fs.ozone.TestRootedOzoneFileSystem.testGetTrashRoots(TestRootedOzoneFileSystem.java:1501)
	at sun.reflect.NativeMethodAccessorImpl.invoke0(Native Method)
	at sun.reflect.NativeMethodAccessorImpl.invoke(NativeMethodAccessorImpl.java:62)
	at sun.reflect.DelegatingMethodAccessorImpl.invoke(DelegatingMethodAccessorImpl.java:43)
	at java.lang.reflect.Method.invoke(Method.java:498)
	at org.junit.runners.model.FrameworkMethod$1.runReflectiveCall(FrameworkMethod.java:59)
	at org.junit.internal.runners.model.ReflectiveCallable.run(ReflectiveCallable.java:12)
	at org.junit.runners.model.FrameworkMethod.invokeExplosively(FrameworkMethod.java:56)
	at org.junit.internal.runners.statements.InvokeMethod.evaluate(InvokeMethod.java:17)
	at org.junit.internal.runners.statements.RunBefores.evaluate(RunBefores.java:26)
	at org.junit.internal.runners.statements.RunAfters.evaluate(RunAfters.java:27)
	at org.junit.internal.runners.statements.FailOnTimeout$CallableStatement.call(FailOnTimeout.java:288)
	at org.junit.internal.runners.statements.FailOnTimeout$CallableStatement.call(FailOnTimeout.java:282)
	at java.util.concurrent.FutureTask.run(FutureTask.java:266)
	at java.lang.Thread.run(Thread.java:750)
01:05:07.953 [IPC Server handler 15 on default port 44363] ERROR OMAudit - user=runner | ip=127.0.0.1 | op=GET_FILE_STATUS {volume=volume92351, bucket=bucket97386, key=.Trash/runner, dataSize=0, replicationConfig=null} | ret=FAILURE
org.apache.hadoop.ozone.om.exceptions.OMException: Unable to get file status: volume: volume92351 bucket: bucket97386 key: .Trash/runner
	at org.apache.hadoop.ozone.om.KeyManagerImpl.getOzoneFileStatusFSO(KeyManagerImpl.java:1389) ~[ozone-manager-1.3.0-SNAPSHOT.jar:?]
	at org.apache.hadoop.ozone.om.KeyManagerImpl.getFileStatus(KeyManagerImpl.java:1252) ~[ozone-manager-1.3.0-SNAPSHOT.jar:?]
	at org.apache.hadoop.ozone.om.OzoneManager.getFileStatus(OzoneManager.java:3507) ~[ozone-manager-1.3.0-SNAPSHOT.jar:?]
	at org.apache.hadoop.ozone.protocolPB.OzoneManagerRequestHandler.getOzoneFileStatus(OzoneManagerRequestHandler.java:882) ~[ozone-manager-1.3.0-SNAPSHOT.jar:?]
	at org.apache.hadoop.ozone.protocolPB.OzoneManagerRequestHandler.handleReadRequest(OzoneManagerRequestHandler.java:228) ~[ozone-manager-1.3.0-SNAPSHOT.jar:?]
	at org.apache.hadoop.ozone.protocolPB.OzoneManagerProtocolServerSideTranslatorPB.submitRequestDirectlyToOM(OzoneManagerProtocolServerSideTranslatorPB.java:276) ~[ozone-manager-1.3.0-SNAPSHOT.jar:?]
	at org.apache.hadoop.ozone.protocolPB.OzoneManagerProtocolServerSideTranslatorPB.processRequest(OzoneManagerProtocolServerSideTranslatorPB.java:205) ~[ozone-manager-1.3.0-SNAPSHOT.jar:?]
	at org.apache.hadoop.hdds.server.OzoneProtocolMessageDispatcher.processRequest(OzoneProtocolMessageDispatcher.java:87) [hdds-server-framework-1.3.0-SNAPSHOT.jar:?]
	at org.apache.hadoop.ozone.protocolPB.OzoneManagerProtocolServerSideTranslatorPB.submitRequest(OzoneManagerProtocolServerSideTranslatorPB.java:147) [ozone-manager-1.3.0-SNAPSHOT.jar:?]
	at org.apache.hadoop.ozone.protocol.proto.OzoneManagerProtocolProtos$OzoneManagerService$2.callBlockingMethod(OzoneManagerProtocolProtos.java) [ozone-interface-client-1.3.0-SNAPSHOT.jar:?]
	at org.apache.hadoop.ipc.ProtobufRpcEngine$Server.processCall(ProtobufRpcEngine.java:466) [hadoop-common-3.3.1.jar:?]
	at org.apache.hadoop.ipc.ProtobufRpcEngine2$Server$ProtoBufRpcInvoker.call(ProtobufRpcEngine2.java:574) [hadoop-common-3.3.1.jar:?]
	at org.apache.hadoop.ipc.ProtobufRpcEngine2$Server$ProtoBufRpcInvoker.call(ProtobufRpcEngine2.java:552) [hadoop-common-3.3.1.jar:?]
	at org.apache.hadoop.ipc.RPC$Server.call(RPC.java:1093) [hadoop-common-3.3.1.jar:?]
	at org.apache.hadoop.ipc.Server$RpcCall.run(Server.java:1035) [hadoop-common-3.3.1.jar:?]
	at org.apache.hadoop.ipc.Server$RpcCall.run(Server.java:963) [hadoop-common-3.3.1.jar:?]
	at java.security.AccessController.doPrivileged(Native Method) ~[?:1.8.0_345]
	at javax.security.auth.Subject.doAs(Subject.java:422) [?:1.8.0_345]
	at org.apache.hadoop.security.UserGroupInformation.doAs(UserGroupInformation.java:1878) [hadoop-common-3.3.1.jar:?]
	at org.apache.hadoop.ipc.Server$Handler.run(Server.java:2966) [hadoop-common-3.3.1.jar:?]
2022-10-06 01:05:07,954 [Time-limited test] WARN  ozone.BasicRootedOzoneFileSystem (BasicRootedOzoneFileSystem.java:getFileStatus(879)) - GetFileStatus failed for path /volume92351/bucket97386/.Trash/runner
java.io.FileNotFoundException: .Trash/runner: No such file or directory!
	at org.apache.hadoop.fs.ozone.BasicRootedOzoneClientAdapterImpl.getFileStatus(BasicRootedOzoneClientAdapterImpl.java:617)
	at org.apache.hadoop.fs.ozone.BasicRootedOzoneFileSystem.getFileStatus(BasicRootedOzoneFileSystem.java:869)
	at org.apache.hadoop.fs.FileSystem.exists(FileSystem.java:1760)
	at org.apache.hadoop.fs.ozone.BasicRootedOzoneFileSystem.exists(BasicRootedOzoneFileSystem.java:918)
	at org.apache.hadoop.fs.ozone.BasicRootedOzoneClientAdapterImpl.getTrashRoots(BasicRootedOzoneClientAdapterImpl.java:669)
	at org.apache.hadoop.fs.ozone.BasicRootedOzoneFileSystem.getTrashRoots(BasicRootedOzoneFileSystem.java:824)
	at org.apache.hadoop.fs.ozone.TestRootedOzoneFileSystem.testGetTrashRoots(TestRootedOzoneFileSystem.java:1505)
	at sun.reflect.NativeMethodAccessorImpl.invoke0(Native Method)
	at sun.reflect.NativeMethodAccessorImpl.invoke(NativeMethodAccessorImpl.java:62)
	at sun.reflect.DelegatingMethodAccessorImpl.invoke(DelegatingMethodAccessorImpl.java:43)
	at java.lang.reflect.Method.invoke(Method.java:498)
	at org.junit.runners.model.FrameworkMethod$1.runReflectiveCall(FrameworkMethod.java:59)
	at org.junit.internal.runners.model.ReflectiveCallable.run(ReflectiveCallable.java:12)
	at org.junit.runners.model.FrameworkMethod.invokeExplosively(FrameworkMethod.java:56)
	at org.junit.internal.runners.statements.InvokeMethod.evaluate(InvokeMethod.java:17)
	at org.junit.internal.runners.statements.RunBefores.evaluate(RunBefores.java:26)
	at org.junit.internal.runners.statements.RunAfters.evaluate(RunAfters.java:27)
	at org.junit.internal.runners.statements.FailOnTimeout$CallableStatement.call(FailOnTimeout.java:288)
	at org.junit.internal.runners.statements.FailOnTimeout$CallableStatement.call(FailOnTimeout.java:282)
	at java.util.concurrent.FutureTask.run(FutureTask.java:266)
	at java.lang.Thread.run(Thread.java:750)
01:05:07.956 [IPC Server handler 4 on default port 44363] ERROR OMAudit - user=runner | ip=127.0.0.1 | op=GET_FILE_STATUS {volume=5c619e3a-572e-41be-8311-cf0e386ab858, bucket=6cded601-3015-4312-9759-376db9ceb0d6, key=.Trash, dataSize=0, replicationConfig=null} | ret=FAILURE
org.apache.hadoop.ozone.om.exceptions.OMException: Unable to get file status: volume: 5c619e3a-572e-41be-8311-cf0e386ab858 bucket: 6cded601-3015-4312-9759-376db9ceb0d6 key: .Trash
	at org.apache.hadoop.ozone.om.KeyManagerImpl.getOzoneFileStatus(KeyManagerImpl.java:1324) ~[ozone-manager-1.3.0-SNAPSHOT.jar:?]
	at org.apache.hadoop.ozone.om.KeyManagerImpl.getFileStatus(KeyManagerImpl.java:1254) ~[ozone-manager-1.3.0-SNAPSHOT.jar:?]
	at org.apache.hadoop.ozone.om.OzoneManager.getFileStatus(OzoneManager.java:3507) ~[ozone-manager-1.3.0-SNAPSHOT.jar:?]
	at org.apache.hadoop.ozone.protocolPB.OzoneManagerRequestHandler.getOzoneFileStatus(OzoneManagerRequestHandler.java:882) ~[ozone-manager-1.3.0-SNAPSHOT.jar:?]
	at org.apache.hadoop.ozone.protocolPB.OzoneManagerRequestHandler.handleReadRequest(OzoneManagerRequestHandler.java:228) ~[ozone-manager-1.3.0-SNAPSHOT.jar:?]
	at org.apache.hadoop.ozone.protocolPB.OzoneManagerProtocolServerSideTranslatorPB.submitRequestDirectlyToOM(OzoneManagerProtocolServerSideTranslatorPB.java:276) ~[ozone-manager-1.3.0-SNAPSHOT.jar:?]
	at org.apache.hadoop.ozone.protocolPB.OzoneManagerProtocolServerSideTranslatorPB.processRequest(OzoneManagerProtocolServerSideTranslatorPB.java:205) ~[ozone-manager-1.3.0-SNAPSHOT.jar:?]
	at org.apache.hadoop.hdds.server.OzoneProtocolMessageDispatcher.processRequest(OzoneProtocolMessageDispatcher.java:87) [hdds-server-framework-1.3.0-SNAPSHOT.jar:?]
	at org.apache.hadoop.ozone.protocolPB.OzoneManagerProtocolServerSideTranslatorPB.submitRequest(OzoneManagerProtocolServerSideTranslatorPB.java:147) [ozone-manager-1.3.0-SNAPSHOT.jar:?]
	at org.apache.hadoop.ozone.protocol.proto.OzoneManagerProtocolProtos$OzoneManagerService$2.callBlockingMethod(OzoneManagerProtocolProtos.java) [ozone-interface-client-1.3.0-SNAPSHOT.jar:?]
	at org.apache.hadoop.ipc.ProtobufRpcEngine$Server.processCall(ProtobufRpcEngine.java:466) [hadoop-common-3.3.1.jar:?]
	at org.apache.hadoop.ipc.ProtobufRpcEngine2$Server$ProtoBufRpcInvoker.call(ProtobufRpcEngine2.java:574) [hadoop-common-3.3.1.jar:?]
	at org.apache.hadoop.ipc.ProtobufRpcEngine2$Server$ProtoBufRpcInvoker.call(ProtobufRpcEngine2.java:552) [hadoop-common-3.3.1.jar:?]
	at org.apache.hadoop.ipc.RPC$Server.call(RPC.java:1093) [hadoop-common-3.3.1.jar:?]
	at org.apache.hadoop.ipc.Server$RpcCall.run(Server.java:1035) [hadoop-common-3.3.1.jar:?]
	at org.apache.hadoop.ipc.Server$RpcCall.run(Server.java:963) [hadoop-common-3.3.1.jar:?]
	at java.security.AccessController.doPrivileged(Native Method) ~[?:1.8.0_345]
	at javax.security.auth.Subject.doAs(Subject.java:422) [?:1.8.0_345]
	at org.apache.hadoop.security.UserGroupInformation.doAs(UserGroupInformation.java:1878) [hadoop-common-3.3.1.jar:?]
	at org.apache.hadoop.ipc.Server$Handler.run(Server.java:2966) [hadoop-common-3.3.1.jar:?]
2022-10-06 01:05:07,956 [Time-limited test] WARN  ozone.BasicRootedOzoneFileSystem (BasicRootedOzoneFileSystem.java:getFileStatus(879)) - GetFileStatus failed for path /5c619e3a-572e-41be-8311-cf0e386ab858/6cded601-3015-4312-9759-376db9ceb0d6/.Trash
java.io.FileNotFoundException: .Trash: No such file or directory!
	at org.apache.hadoop.fs.ozone.BasicRootedOzoneClientAdapterImpl.getFileStatus(BasicRootedOzoneClientAdapterImpl.java:617)
	at org.apache.hadoop.fs.ozone.BasicRootedOzoneFileSystem.getFileStatus(BasicRootedOzoneFileSystem.java:869)
	at org.apache.hadoop.fs.FileSystem.exists(FileSystem.java:1760)
	at org.apache.hadoop.fs.ozone.BasicRootedOzoneFileSystem.exists(BasicRootedOzoneFileSystem.java:918)
	at org.apache.hadoop.fs.ozone.BasicRootedOzoneClientAdapterImpl.getTrashRoots(BasicRootedOzoneClientAdapterImpl.java:660)
	at org.apache.hadoop.fs.ozone.BasicRootedOzoneFileSystem.getTrashRoots(BasicRootedOzoneFileSystem.java:824)
	at org.apache.hadoop.fs.ozone.TestRootedOzoneFileSystem.testGetTrashRoots(TestRootedOzoneFileSystem.java:1506)
	at sun.reflect.NativeMethodAccessorImpl.invoke0(Native Method)
	at sun.reflect.NativeMethodAccessorImpl.invoke(NativeMethodAccessorImpl.java:62)
	at sun.reflect.DelegatingMethodAccessorImpl.invoke(DelegatingMethodAccessorImpl.java:43)
	at java.lang.reflect.Method.invoke(Method.java:498)
	at org.junit.runners.model.FrameworkMethod$1.runReflectiveCall(FrameworkMethod.java:59)
	at org.junit.internal.runners.model.ReflectiveCallable.run(ReflectiveCallable.java:12)
	at org.junit.runners.model.FrameworkMethod.invokeExplosively(FrameworkMethod.java:56)
	at org.junit.internal.runners.statements.InvokeMethod.evaluate(InvokeMethod.java:17)
	at org.junit.internal.runners.statements.RunBefores.evaluate(RunBefores.java:26)
	at org.junit.internal.runners.statements.RunAfters.evaluate(RunAfters.java:27)
	at org.junit.internal.runners.statements.FailOnTimeout$CallableStatement.call(FailOnTimeout.java:288)
	at org.junit.internal.runners.statements.FailOnTimeout$CallableStatement.call(FailOnTimeout.java:282)
	at java.util.concurrent.FutureTask.run(FutureTask.java:266)
	at java.lang.Thread.run(Thread.java:750)
01:05:07.957 [IPC Server handler 10 on default port 44363] ERROR OMAudit - user=runner | ip=127.0.0.1 | op=GET_FILE_STATUS {volume=volume92351, bucket=bucket97386, key=.Trash, dataSize=0, replicationConfig=null} | ret=FAILURE
org.apache.hadoop.ozone.om.exceptions.OMException: Unable to get file status: volume: volume92351 bucket: bucket97386 key: .Trash
	at org.apache.hadoop.ozone.om.KeyManagerImpl.getOzoneFileStatusFSO(KeyManagerImpl.java:1389) ~[ozone-manager-1.3.0-SNAPSHOT.jar:?]
	at org.apache.hadoop.ozone.om.KeyManagerImpl.getFileStatus(KeyManagerImpl.java:1252) ~[ozone-manager-1.3.0-SNAPSHOT.jar:?]
	at org.apache.hadoop.ozone.om.OzoneManager.getFileStatus(OzoneManager.java:3507) ~[ozone-manager-1.3.0-SNAPSHOT.jar:?]
	at org.apache.hadoop.ozone.protocolPB.OzoneManagerRequestHandler.getOzoneFileStatus(OzoneManagerRequestHandler.java:882) ~[ozone-manager-1.3.0-SNAPSHOT.jar:?]
	at org.apache.hadoop.ozone.protocolPB.OzoneManagerRequestHandler.handleReadRequest(OzoneManagerRequestHandler.java:228) ~[ozone-manager-1.3.0-SNAPSHOT.jar:?]
	at org.apache.hadoop.ozone.protocolPB.OzoneManagerProtocolServerSideTranslatorPB.submitRequestDirectlyToOM(OzoneManagerProtocolServerSideTranslatorPB.java:276) ~[ozone-manager-1.3.0-SNAPSHOT.jar:?]
	at org.apache.hadoop.ozone.protocolPB.OzoneManagerProtocolServerSideTranslatorPB.processRequest(OzoneManagerProtocolServerSideTranslatorPB.java:205) ~[ozone-manager-1.3.0-SNAPSHOT.jar:?]
	at org.apache.hadoop.hdds.server.OzoneProtocolMessageDispatcher.processRequest(OzoneProtocolMessageDispatcher.java:87) [hdds-server-framework-1.3.0-SNAPSHOT.jar:?]
	at org.apache.hadoop.ozone.protocolPB.OzoneManagerProtocolServerSideTranslatorPB.submitRequest(OzoneManagerProtocolServerSideTranslatorPB.java:147) [ozone-manager-1.3.0-SNAPSHOT.jar:?]
	at org.apache.hadoop.ozone.protocol.proto.OzoneManagerProtocolProtos$OzoneManagerService$2.callBlockingMethod(OzoneManagerProtocolProtos.java) [ozone-interface-client-1.3.0-SNAPSHOT.jar:?]
	at org.apache.hadoop.ipc.ProtobufRpcEngine$Server.processCall(ProtobufRpcEngine.java:466) [hadoop-common-3.3.1.jar:?]
	at org.apache.hadoop.ipc.ProtobufRpcEngine2$Server$ProtoBufRpcInvoker.call(ProtobufRpcEngine2.java:574) [hadoop-common-3.3.1.jar:?]
	at org.apache.hadoop.ipc.ProtobufRpcEngine2$Server$ProtoBufRpcInvoker.call(ProtobufRpcEngine2.java:552) [hadoop-common-3.3.1.jar:?]
	at org.apache.hadoop.ipc.RPC$Server.call(RPC.java:1093) [hadoop-common-3.3.1.jar:?]
	at org.apache.hadoop.ipc.Server$RpcCall.run(Server.java:1035) [hadoop-common-3.3.1.jar:?]
	at org.apache.hadoop.ipc.Server$RpcCall.run(Server.java:963) [hadoop-common-3.3.1.jar:?]
	at java.security.AccessController.doPrivileged(Native Method) ~[?:1.8.0_345]
	at javax.security.auth.Subject.doAs(Subject.java:422) [?:1.8.0_345]
	at org.apache.hadoop.security.UserGroupInformation.doAs(UserGroupInformation.java:1878) [hadoop-common-3.3.1.jar:?]
	at org.apache.hadoop.ipc.Server$Handler.run(Server.java:2966) [hadoop-common-3.3.1.jar:?]
2022-10-06 01:05:07,958 [Time-limited test] WARN  ozone.BasicRootedOzoneFileSystem (BasicRootedOzoneFileSystem.java:getFileStatus(879)) - GetFileStatus failed for path /volume92351/bucket97386/.Trash
java.io.FileNotFoundException: .Trash: No such file or directory!
	at org.apache.hadoop.fs.ozone.BasicRootedOzoneClientAdapterImpl.getFileStatus(BasicRootedOzoneClientAdapterImpl.java:617)
	at org.apache.hadoop.fs.ozone.BasicRootedOzoneFileSystem.getFileStatus(BasicRootedOzoneFileSystem.java:869)
	at org.apache.hadoop.fs.FileSystem.exists(FileSystem.java:1760)
	at org.apache.hadoop.fs.ozone.BasicRootedOzoneFileSystem.exists(BasicRootedOzoneFileSystem.java:918)
	at org.apache.hadoop.fs.ozone.BasicRootedOzoneClientAdapterImpl.getTrashRoots(BasicRootedOzoneClientAdapterImpl.java:660)
	at org.apache.hadoop.fs.ozone.BasicRootedOzoneFileSystem.getTrashRoots(BasicRootedOzoneFileSystem.java:824)
	at org.apache.hadoop.fs.ozone.TestRootedOzoneFileSystem.testGetTrashRoots(TestRootedOzoneFileSystem.java:1506)
	at sun.reflect.NativeMethodAccessorImpl.invoke0(Native Method)
	at sun.reflect.NativeMethodAccessorImpl.invoke(NativeMethodAccessorImpl.java:62)
	at sun.reflect.DelegatingMethodAccessorImpl.invoke(DelegatingMethodAccessorImpl.java:43)
	at java.lang.reflect.Method.invoke(Method.java:498)
	at org.junit.runners.model.FrameworkMethod$1.runReflectiveCall(FrameworkMethod.java:59)
	at org.junit.internal.runners.model.ReflectiveCallable.run(ReflectiveCallable.java:12)
	at org.junit.runners.model.FrameworkMethod.invokeExplosively(FrameworkMethod.java:56)
	at org.junit.internal.runners.statements.InvokeMethod.evaluate(InvokeMethod.java:17)
	at org.junit.internal.runners.statements.RunBefores.evaluate(RunBefores.java:26)
	at org.junit.internal.runners.statements.RunAfters.evaluate(RunAfters.java:27)
	at org.junit.internal.runners.statements.FailOnTimeout$CallableStatement.call(FailOnTimeout.java:288)
	at org.junit.internal.runners.statements.FailOnTimeout$CallableStatement.call(FailOnTimeout.java:282)
	at java.util.concurrent.FutureTask.run(FutureTask.java:266)
	at java.lang.Thread.run(Thread.java:750)
01:05:07.970 [IPC Server handler 6 on default port 44363] ERROR OMAudit - user=runner | ip=127.0.0.1 | op=GET_FILE_STATUS {volume=volume97388, bucket=trashroottest2, key=.Trash/runner, dataSize=0, replicationConfig=null} | ret=FAILURE
org.apache.hadoop.ozone.om.exceptions.OMException: Unable to get file status: volume: volume97388 bucket: trashroottest2 key: .Trash/runner
	at org.apache.hadoop.ozone.om.KeyManagerImpl.getOzoneFileStatusFSO(KeyManagerImpl.java:1389) ~[ozone-manager-1.3.0-SNAPSHOT.jar:?]
	at org.apache.hadoop.ozone.om.KeyManagerImpl.getFileStatus(KeyManagerImpl.java:1252) ~[ozone-manager-1.3.0-SNAPSHOT.jar:?]
	at org.apache.hadoop.ozone.om.OzoneManager.getFileStatus(OzoneManager.java:3507) ~[ozone-manager-1.3.0-SNAPSHOT.jar:?]
	at org.apache.hadoop.ozone.protocolPB.OzoneManagerRequestHandler.getOzoneFileStatus(OzoneManagerRequestHandler.java:882) ~[ozone-manager-1.3.0-SNAPSHOT.jar:?]
	at org.apache.hadoop.ozone.protocolPB.OzoneManagerRequestHandler.handleReadRequest(OzoneManagerRequestHandler.java:228) ~[ozone-manager-1.3.0-SNAPSHOT.jar:?]
	at org.apache.hadoop.ozone.protocolPB.OzoneManagerProtocolServerSideTranslatorPB.submitRequestDirectlyToOM(OzoneManagerProtocolServerSideTranslatorPB.java:276) ~[ozone-manager-1.3.0-SNAPSHOT.jar:?]
	at org.apache.hadoop.ozone.protocolPB.OzoneManagerProtocolServerSideTranslatorPB.processRequest(OzoneManagerProtocolServerSideTranslatorPB.java:205) ~[ozone-manager-1.3.0-SNAPSHOT.jar:?]
	at org.apache.hadoop.hdds.server.OzoneProtocolMessageDispatcher.processRequest(OzoneProtocolMessageDispatcher.java:87) [hdds-server-framework-1.3.0-SNAPSHOT.jar:?]
	at org.apache.hadoop.ozone.protocolPB.OzoneManagerProtocolServerSideTranslatorPB.submitRequest(OzoneManagerProtocolServerSideTranslatorPB.java:147) [ozone-manager-1.3.0-SNAPSHOT.jar:?]
	at org.apache.hadoop.ozone.protocol.proto.OzoneManagerProtocolProtos$OzoneManagerService$2.callBlockingMethod(OzoneManagerProtocolProtos.java) [ozone-interface-client-1.3.0-SNAPSHOT.jar:?]
	at org.apache.hadoop.ipc.ProtobufRpcEngine$Server.processCall(ProtobufRpcEngine.java:466) [hadoop-common-3.3.1.jar:?]
	at org.apache.hadoop.ipc.ProtobufRpcEngine2$Server$ProtoBufRpcInvoker.call(ProtobufRpcEngine2.java:574) [hadoop-common-3.3.1.jar:?]
	at org.apache.hadoop.ipc.ProtobufRpcEngine2$Server$ProtoBufRpcInvoker.call(ProtobufRpcEngine2.java:552) [hadoop-common-3.3.1.jar:?]
	at org.apache.hadoop.ipc.RPC$Server.call(RPC.java:1093) [hadoop-common-3.3.1.jar:?]
	at org.apache.hadoop.ipc.Server$RpcCall.run(Server.java:1035) [hadoop-common-3.3.1.jar:?]
	at org.apache.hadoop.ipc.Server$RpcCall.run(Server.java:963) [hadoop-common-3.3.1.jar:?]
	at java.security.AccessController.doPrivileged(Native Method) ~[?:1.8.0_345]
	at javax.security.auth.Subject.doAs(Subject.java:422) [?:1.8.0_345]
	at org.apache.hadoop.security.UserGroupInformation.doAs(UserGroupInformation.java:1878) [hadoop-common-3.3.1.jar:?]
	at org.apache.hadoop.ipc.Server$Handler.run(Server.java:2966) [hadoop-common-3.3.1.jar:?]
2022-10-06 01:05:07,974 [Time-limited test] WARN  ozone.BasicRootedOzoneFileSystem (BasicRootedOzoneFileSystem.java:getFileStatus(879)) - GetFileStatus failed for path /volume97388/trashroottest2/.Trash/runner
java.io.FileNotFoundException: .Trash/runner: No such file or directory!
	at org.apache.hadoop.fs.ozone.BasicRootedOzoneClientAdapterImpl.getFileStatus(BasicRootedOzoneClientAdapterImpl.java:617)
	at org.apache.hadoop.fs.ozone.BasicRootedOzoneFileSystem.getFileStatus(BasicRootedOzoneFileSystem.java:869)
	at org.apache.hadoop.fs.FileSystem.exists(FileSystem.java:1760)
	at org.apache.hadoop.fs.ozone.BasicRootedOzoneFileSystem.exists(BasicRootedOzoneFileSystem.java:918)
	at org.apache.hadoop.fs.ozone.BasicRootedOzoneClientAdapterImpl.getTrashRoots(BasicRootedOzoneClientAdapterImpl.java:669)
	at org.apache.hadoop.fs.ozone.BasicRootedOzoneFileSystem.getTrashRoots(BasicRootedOzoneFileSystem.java:824)
	at org.apache.hadoop.fs.ozone.TestRootedOzoneFileSystem.testGetTrashRoots(TestRootedOzoneFileSystem.java:1508)
	at sun.reflect.NativeMethodAccessorImpl.invoke0(Native Method)
	at sun.reflect.NativeMethodAccessorImpl.invoke(NativeMethodAccessorImpl.java:62)
	at sun.reflect.DelegatingMethodAccessorImpl.invoke(DelegatingMethodAccessorImpl.java:43)
	at java.lang.reflect.Method.invoke(Method.java:498)
	at org.junit.runners.model.FrameworkMethod$1.runReflectiveCall(FrameworkMethod.java:59)
	at org.junit.internal.runners.model.ReflectiveCallable.run(ReflectiveCallable.java:12)
	at org.junit.runners.model.FrameworkMethod.invokeExplosively(FrameworkMethod.java:56)
	at org.junit.internal.runners.statements.InvokeMethod.evaluate(InvokeMethod.java:17)
	at org.junit.internal.runners.statements.RunBefores.evaluate(RunBefores.java:26)
	at org.junit.internal.runners.statements.RunAfters.evaluate(RunAfters.java:27)
	at org.junit.internal.runners.statements.FailOnTimeout$CallableStatement.call(FailOnTimeout.java:288)
	at org.junit.internal.runners.statements.FailOnTimeout$CallableStatement.call(FailOnTimeout.java:282)
	at java.util.concurrent.FutureTask.run(FutureTask.java:266)
	at java.lang.Thread.run(Thread.java:750)
01:05:07.975 [IPC Server handler 19 on default port 44363] ERROR OMAudit - user=runner | ip=127.0.0.1 | op=GET_FILE_STATUS {volume=volume92351, bucket=bucket97386, key=.Trash/runner, dataSize=0, replicationConfig=null} | ret=FAILURE
org.apache.hadoop.ozone.om.exceptions.OMException: Unable to get file status: volume: volume92351 bucket: bucket97386 key: .Trash/runner
	at org.apache.hadoop.ozone.om.KeyManagerImpl.getOzoneFileStatusFSO(KeyManagerImpl.java:1389) ~[ozone-manager-1.3.0-SNAPSHOT.jar:?]
	at org.apache.hadoop.ozone.om.KeyManagerImpl.getFileStatus(KeyManagerImpl.java:1252) ~[ozone-manager-1.3.0-SNAPSHOT.jar:?]
	at org.apache.hadoop.ozone.om.OzoneManager.getFileStatus(OzoneManager.java:3507) ~[ozone-manager-1.3.0-SNAPSHOT.jar:?]
	at org.apache.hadoop.ozone.protocolPB.OzoneManagerRequestHandler.getOzoneFileStatus(OzoneManagerRequestHandler.java:882) ~[ozone-manager-1.3.0-SNAPSHOT.jar:?]
	at org.apache.hadoop.ozone.protocolPB.OzoneManagerRequestHandler.handleReadRequest(OzoneManagerRequestHandler.java:228) ~[ozone-manager-1.3.0-SNAPSHOT.jar:?]
	at org.apache.hadoop.ozone.protocolPB.OzoneManagerProtocolServerSideTranslatorPB.submitRequestDirectlyToOM(OzoneManagerProtocolServerSideTranslatorPB.java:276) ~[ozone-manager-1.3.0-SNAPSHOT.jar:?]
	at org.apache.hadoop.ozone.protocolPB.OzoneManagerProtocolServerSideTranslatorPB.processRequest(OzoneManagerProtocolServerSideTranslatorPB.java:205) ~[ozone-manager-1.3.0-SNAPSHOT.jar:?]
	at org.apache.hadoop.hdds.server.OzoneProtocolMessageDispatcher.processRequest(OzoneProtocolMessageDispatcher.java:87) [hdds-server-framework-1.3.0-SNAPSHOT.jar:?]
	at org.apache.hadoop.ozone.protocolPB.OzoneManagerProtocolServerSideTranslatorPB.submitRequest(OzoneManagerProtocolServerSideTranslatorPB.java:147) [ozone-manager-1.3.0-SNAPSHOT.jar:?]
	at org.apache.hadoop.ozone.protocol.proto.OzoneManagerProtocolProtos$OzoneManagerService$2.callBlockingMethod(OzoneManagerProtocolProtos.java) [ozone-interface-client-1.3.0-SNAPSHOT.jar:?]
	at org.apache.hadoop.ipc.ProtobufRpcEngine$Server.processCall(ProtobufRpcEngine.java:466) [hadoop-common-3.3.1.jar:?]
	at org.apache.hadoop.ipc.ProtobufRpcEngine2$Server$ProtoBufRpcInvoker.call(ProtobufRpcEngine2.java:574) [hadoop-common-3.3.1.jar:?]
	at org.apache.hadoop.ipc.ProtobufRpcEngine2$Server$ProtoBufRpcInvoker.call(ProtobufRpcEngine2.java:552) [hadoop-common-3.3.1.jar:?]
	at org.apache.hadoop.ipc.RPC$Server.call(RPC.java:1093) [hadoop-common-3.3.1.jar:?]
	at org.apache.hadoop.ipc.Server$RpcCall.run(Server.java:1035) [hadoop-common-3.3.1.jar:?]
	at org.apache.hadoop.ipc.Server$RpcCall.run(Server.java:963) [hadoop-common-3.3.1.jar:?]
	at java.security.AccessController.doPrivileged(Native Method) ~[?:1.8.0_345]
	at javax.security.auth.Subject.doAs(Subject.java:422) [?:1.8.0_345]
	at org.apache.hadoop.security.UserGroupInformation.doAs(UserGroupInformation.java:1878) [hadoop-common-3.3.1.jar:?]
	at org.apache.hadoop.ipc.Server$Handler.run(Server.java:2966) [hadoop-common-3.3.1.jar:?]
2022-10-06 01:05:07,975 [Time-limited test] WARN  ozone.BasicRootedOzoneFileSystem (BasicRootedOzoneFileSystem.java:getFileStatus(879)) - GetFileStatus failed for path /volume92351/bucket97386/.Trash/runner
java.io.FileNotFoundException: .Trash/runner: No such file or directory!
	at org.apache.hadoop.fs.ozone.BasicRootedOzoneClientAdapterImpl.getFileStatus(BasicRootedOzoneClientAdapterImpl.java:617)
	at org.apache.hadoop.fs.ozone.BasicRootedOzoneFileSystem.getFileStatus(BasicRootedOzoneFileSystem.java:869)
	at org.apache.hadoop.fs.FileSystem.exists(FileSystem.java:1760)
	at org.apache.hadoop.fs.ozone.BasicRootedOzoneFileSystem.exists(BasicRootedOzoneFileSystem.java:918)
	at org.apache.hadoop.fs.ozone.BasicRootedOzoneClientAdapterImpl.getTrashRoots(BasicRootedOzoneClientAdapterImpl.java:669)
	at org.apache.hadoop.fs.ozone.BasicRootedOzoneFileSystem.getTrashRoots(BasicRootedOzoneFileSystem.java:824)
	at org.apache.hadoop.fs.ozone.TestRootedOzoneFileSystem.testGetTrashRoots(TestRootedOzoneFileSystem.java:1508)
	at sun.reflect.NativeMethodAccessorImpl.invoke0(Native Method)
	at sun.reflect.NativeMethodAccessorImpl.invoke(NativeMethodAccessorImpl.java:62)
	at sun.reflect.DelegatingMethodAccessorImpl.invoke(DelegatingMethodAccessorImpl.java:43)
	at java.lang.reflect.Method.invoke(Method.java:498)
	at org.junit.runners.model.FrameworkMethod$1.runReflectiveCall(FrameworkMethod.java:59)
	at org.junit.internal.runners.model.ReflectiveCallable.run(ReflectiveCallable.java:12)
	at org.junit.runners.model.FrameworkMethod.invokeExplosively(FrameworkMethod.java:56)
	at org.junit.internal.runners.statements.InvokeMethod.evaluate(InvokeMethod.java:17)
	at org.junit.internal.runners.statements.RunBefores.evaluate(RunBefores.java:26)
	at org.junit.internal.runners.statements.RunAfters.evaluate(RunAfters.java:27)
	at org.junit.internal.runners.statements.FailOnTimeout$CallableStatement.call(FailOnTimeout.java:288)
	at org.junit.internal.runners.statements.FailOnTimeout$CallableStatement.call(FailOnTimeout.java:282)
	at java.util.concurrent.FutureTask.run(FutureTask.java:266)
	at java.lang.Thread.run(Thread.java:750)
01:05:07.977 [IPC Server handler 14 on default port 44363] ERROR OMAudit - user=runner | ip=127.0.0.1 | op=GET_FILE_STATUS {volume=5c619e3a-572e-41be-8311-cf0e386ab858, bucket=6cded601-3015-4312-9759-376db9ceb0d6, key=.Trash, dataSize=0, replicationConfig=null} | ret=FAILURE
org.apache.hadoop.ozone.om.exceptions.OMException: Unable to get file status: volume: 5c619e3a-572e-41be-8311-cf0e386ab858 bucket: 6cded601-3015-4312-9759-376db9ceb0d6 key: .Trash
	at org.apache.hadoop.ozone.om.KeyManagerImpl.getOzoneFileStatus(KeyManagerImpl.java:1324) ~[ozone-manager-1.3.0-SNAPSHOT.jar:?]
	at org.apache.hadoop.ozone.om.KeyManagerImpl.getFileStatus(KeyManagerImpl.java:1254) ~[ozone-manager-1.3.0-SNAPSHOT.jar:?]
	at org.apache.hadoop.ozone.om.OzoneManager.getFileStatus(OzoneManager.java:3507) ~[ozone-manager-1.3.0-SNAPSHOT.jar:?]
	at org.apache.hadoop.ozone.protocolPB.OzoneManagerRequestHandler.getOzoneFileStatus(OzoneManagerRequestHandler.java:882) ~[ozone-manager-1.3.0-SNAPSHOT.jar:?]
	at org.apache.hadoop.ozone.protocolPB.OzoneManagerRequestHandler.handleReadRequest(OzoneManagerRequestHandler.java:228) ~[ozone-manager-1.3.0-SNAPSHOT.jar:?]
	at org.apache.hadoop.ozone.protocolPB.OzoneManagerProtocolServerSideTranslatorPB.submitRequestDirectlyToOM(OzoneManagerProtocolServerSideTranslatorPB.java:276) ~[ozone-manager-1.3.0-SNAPSHOT.jar:?]
	at org.apache.hadoop.ozone.protocolPB.OzoneManagerProtocolServerSideTranslatorPB.processRequest(OzoneManagerProtocolServerSideTranslatorPB.java:205) ~[ozone-manager-1.3.0-SNAPSHOT.jar:?]
	at org.apache.hadoop.hdds.server.OzoneProtocolMessageDispatcher.processRequest(OzoneProtocolMessageDispatcher.java:87) [hdds-server-framework-1.3.0-SNAPSHOT.jar:?]
	at org.apache.hadoop.ozone.protocolPB.OzoneManagerProtocolServerSideTranslatorPB.submitRequest(OzoneManagerProtocolServerSideTranslatorPB.java:147) [ozone-manager-1.3.0-SNAPSHOT.jar:?]
	at org.apache.hadoop.ozone.protocol.proto.OzoneManagerProtocolProtos$OzoneManagerService$2.callBlockingMethod(OzoneManagerProtocolProtos.java) [ozone-interface-client-1.3.0-SNAPSHOT.jar:?]
	at org.apache.hadoop.ipc.ProtobufRpcEngine$Server.processCall(ProtobufRpcEngine.java:466) [hadoop-common-3.3.1.jar:?]
	at org.apache.hadoop.ipc.ProtobufRpcEngine2$Server$ProtoBufRpcInvoker.call(ProtobufRpcEngine2.java:574) [hadoop-common-3.3.1.jar:?]
	at org.apache.hadoop.ipc.ProtobufRpcEngine2$Server$ProtoBufRpcInvoker.call(ProtobufRpcEngine2.java:552) [hadoop-common-3.3.1.jar:?]
	at org.apache.hadoop.ipc.RPC$Server.call(RPC.java:1093) [hadoop-common-3.3.1.jar:?]
	at org.apache.hadoop.ipc.Server$RpcCall.run(Server.java:1035) [hadoop-common-3.3.1.jar:?]
	at org.apache.hadoop.ipc.Server$RpcCall.run(Server.java:963) [hadoop-common-3.3.1.jar:?]
	at java.security.AccessController.doPrivileged(Native Method) ~[?:1.8.0_345]
	at javax.security.auth.Subject.doAs(Subject.java:422) [?:1.8.0_345]
	at org.apache.hadoop.security.UserGroupInformation.doAs(UserGroupInformation.java:1878) [hadoop-common-3.3.1.jar:?]
	at org.apache.hadoop.ipc.Server$Handler.run(Server.java:2966) [hadoop-common-3.3.1.jar:?]
2022-10-06 01:05:07,977 [Time-limited test] WARN  ozone.BasicRootedOzoneFileSystem (BasicRootedOzoneFileSystem.java:getFileStatus(879)) - GetFileStatus failed for path /5c619e3a-572e-41be-8311-cf0e386ab858/6cded601-3015-4312-9759-376db9ceb0d6/.Trash
java.io.FileNotFoundException: .Trash: No such file or directory!
	at org.apache.hadoop.fs.ozone.BasicRootedOzoneClientAdapterImpl.getFileStatus(BasicRootedOzoneClientAdapterImpl.java:617)
	at org.apache.hadoop.fs.ozone.BasicRootedOzoneFileSystem.getFileStatus(BasicRootedOzoneFileSystem.java:869)
	at org.apache.hadoop.fs.FileSystem.exists(FileSystem.java:1760)
	at org.apache.hadoop.fs.ozone.BasicRootedOzoneFileSystem.exists(BasicRootedOzoneFileSystem.java:918)
	at org.apache.hadoop.fs.ozone.BasicRootedOzoneClientAdapterImpl.getTrashRoots(BasicRootedOzoneClientAdapterImpl.java:660)
	at org.apache.hadoop.fs.ozone.BasicRootedOzoneFileSystem.getTrashRoots(BasicRootedOzoneFileSystem.java:824)
	at org.apache.hadoop.fs.ozone.TestRootedOzoneFileSystem.testGetTrashRoots(TestRootedOzoneFileSystem.java:1509)
	at sun.reflect.NativeMethodAccessorImpl.invoke0(Native Method)
	at sun.reflect.NativeMethodAccessorImpl.invoke(NativeMethodAccessorImpl.java:62)
	at sun.reflect.DelegatingMethodAccessorImpl.invoke(DelegatingMethodAccessorImpl.java:43)
	at java.lang.reflect.Method.invoke(Method.java:498)
	at org.junit.runners.model.FrameworkMethod$1.runReflectiveCall(FrameworkMethod.java:59)
	at org.junit.internal.runners.model.ReflectiveCallable.run(ReflectiveCallable.java:12)
	at org.junit.runners.model.FrameworkMethod.invokeExplosively(FrameworkMethod.java:56)
	at org.junit.internal.runners.statements.InvokeMethod.evaluate(InvokeMethod.java:17)
	at org.junit.internal.runners.statements.RunBefores.evaluate(RunBefores.java:26)
	at org.junit.internal.runners.statements.RunAfters.evaluate(RunAfters.java:27)
	at org.junit.internal.runners.statements.FailOnTimeout$CallableStatement.call(FailOnTimeout.java:288)
	at org.junit.internal.runners.statements.FailOnTimeout$CallableStatement.call(FailOnTimeout.java:282)
	at java.util.concurrent.FutureTask.run(FutureTask.java:266)
	at java.lang.Thread.run(Thread.java:750)
01:05:07.979 [IPC Server handler 15 on default port 44363] ERROR OMAudit - user=runner | ip=127.0.0.1 | op=GET_FILE_STATUS {volume=volume92351, bucket=bucket97386, key=.Trash, dataSize=0, replicationConfig=null} | ret=FAILURE
org.apache.hadoop.ozone.om.exceptions.OMException: Unable to get file status: volume: volume92351 bucket: bucket97386 key: .Trash
	at org.apache.hadoop.ozone.om.KeyManagerImpl.getOzoneFileStatusFSO(KeyManagerImpl.java:1389) ~[ozone-manager-1.3.0-SNAPSHOT.jar:?]
	at org.apache.hadoop.ozone.om.KeyManagerImpl.getFileStatus(KeyManagerImpl.java:1252) ~[ozone-manager-1.3.0-SNAPSHOT.jar:?]
	at org.apache.hadoop.ozone.om.OzoneManager.getFileStatus(OzoneManager.java:3507) ~[ozone-manager-1.3.0-SNAPSHOT.jar:?]
	at org.apache.hadoop.ozone.protocolPB.OzoneManagerRequestHandler.getOzoneFileStatus(OzoneManagerRequestHandler.java:882) ~[ozone-manager-1.3.0-SNAPSHOT.jar:?]
	at org.apache.hadoop.ozone.protocolPB.OzoneManagerRequestHandler.handleReadRequest(OzoneManagerRequestHandler.java:228) ~[ozone-manager-1.3.0-SNAPSHOT.jar:?]
	at org.apache.hadoop.ozone.protocolPB.OzoneManagerProtocolServerSideTranslatorPB.submitRequestDirectlyToOM(OzoneManagerProtocolServerSideTranslatorPB.java:276) ~[ozone-manager-1.3.0-SNAPSHOT.jar:?]
	at org.apache.hadoop.ozone.protocolPB.OzoneManagerProtocolServerSideTranslatorPB.processRequest(OzoneManagerProtocolServerSideTranslatorPB.java:205) ~[ozone-manager-1.3.0-SNAPSHOT.jar:?]
	at org.apache.hadoop.hdds.server.OzoneProtocolMessageDispatcher.processRequest(OzoneProtocolMessageDispatcher.java:87) [hdds-server-framework-1.3.0-SNAPSHOT.jar:?]
	at org.apache.hadoop.ozone.protocolPB.OzoneManagerProtocolServerSideTranslatorPB.submitRequest(OzoneManagerProtocolServerSideTranslatorPB.java:147) [ozone-manager-1.3.0-SNAPSHOT.jar:?]
	at org.apache.hadoop.ozone.protocol.proto.OzoneManagerProtocolProtos$OzoneManagerService$2.callBlockingMethod(OzoneManagerProtocolProtos.java) [ozone-interface-client-1.3.0-SNAPSHOT.jar:?]
	at org.apache.hadoop.ipc.ProtobufRpcEngine$Server.processCall(ProtobufRpcEngine.java:466) [hadoop-common-3.3.1.jar:?]
	at org.apache.hadoop.ipc.ProtobufRpcEngine2$Server$ProtoBufRpcInvoker.call(ProtobufRpcEngine2.java:574) [hadoop-common-3.3.1.jar:?]
	at org.apache.hadoop.ipc.ProtobufRpcEngine2$Server$ProtoBufRpcInvoker.call(ProtobufRpcEngine2.java:552) [hadoop-common-3.3.1.jar:?]
	at org.apache.hadoop.ipc.RPC$Server.call(RPC.java:1093) [hadoop-common-3.3.1.jar:?]
	at org.apache.hadoop.ipc.Server$RpcCall.run(Server.java:1035) [hadoop-common-3.3.1.jar:?]
	at org.apache.hadoop.ipc.Server$RpcCall.run(Server.java:963) [hadoop-common-3.3.1.jar:?]
	at java.security.AccessController.doPrivileged(Native Method) ~[?:1.8.0_345]
	at javax.security.auth.Subject.doAs(Subject.java:422) [?:1.8.0_345]
	at org.apache.hadoop.security.UserGroupInformation.doAs(UserGroupInformation.java:1878) [hadoop-common-3.3.1.jar:?]
	at org.apache.hadoop.ipc.Server$Handler.run(Server.java:2966) [hadoop-common-3.3.1.jar:?]
2022-10-06 01:05:07,979 [Time-limited test] WARN  ozone.BasicRootedOzoneFileSystem (BasicRootedOzoneFileSystem.java:getFileStatus(879)) - GetFileStatus failed for path /volume92351/bucket97386/.Trash
java.io.FileNotFoundException: .Trash: No such file or directory!
	at org.apache.hadoop.fs.ozone.BasicRootedOzoneClientAdapterImpl.getFileStatus(BasicRootedOzoneClientAdapterImpl.java:617)
	at org.apache.hadoop.fs.ozone.BasicRootedOzoneFileSystem.getFileStatus(BasicRootedOzoneFileSystem.java:869)
	at org.apache.hadoop.fs.FileSystem.exists(FileSystem.java:1760)
	at org.apache.hadoop.fs.ozone.BasicRootedOzoneFileSystem.exists(BasicRootedOzoneFileSystem.java:918)
	at org.apache.hadoop.fs.ozone.BasicRootedOzoneClientAdapterImpl.getTrashRoots(BasicRootedOzoneClientAdapterImpl.java:660)
	at org.apache.hadoop.fs.ozone.BasicRootedOzoneFileSystem.getTrashRoots(BasicRootedOzoneFileSystem.java:824)
	at org.apache.hadoop.fs.ozone.TestRootedOzoneFileSystem.testGetTrashRoots(TestRootedOzoneFileSystem.java:1509)
	at sun.reflect.NativeMethodAccessorImpl.invoke0(Native Method)
	at sun.reflect.NativeMethodAccessorImpl.invoke(NativeMethodAccessorImpl.java:62)
	at sun.reflect.DelegatingMethodAccessorImpl.invoke(DelegatingMethodAccessorImpl.java:43)
	at java.lang.reflect.Method.invoke(Method.java:498)
	at org.junit.runners.model.FrameworkMethod$1.runReflectiveCall(FrameworkMethod.java:59)
	at org.junit.internal.runners.model.ReflectiveCallable.run(ReflectiveCallable.java:12)
	at org.junit.runners.model.FrameworkMethod.invokeExplosively(FrameworkMethod.java:56)
	at org.junit.internal.runners.statements.InvokeMethod.evaluate(InvokeMethod.java:17)
	at org.junit.internal.runners.statements.RunBefores.evaluate(RunBefores.java:26)
	at org.junit.internal.runners.statements.RunAfters.evaluate(RunAfters.java:27)
	at org.junit.internal.runners.statements.FailOnTimeout$CallableStatement.call(FailOnTimeout.java:288)
	at org.junit.internal.runners.statements.FailOnTimeout$CallableStatement.call(FailOnTimeout.java:282)
	at java.util.concurrent.FutureTask.run(FutureTask.java:266)
	at java.lang.Thread.run(Thread.java:750)
01:05:07.983 [IPC Server handler 11 on default port 44363] ERROR OMAudit - user=runner | ip=127.0.0.1 | op=GET_FILE_STATUS {volume=volume97388, bucket=trashroottest2, key=.Trash, dataSize=0, replicationConfig=null} | ret=FAILURE
org.apache.hadoop.ozone.om.exceptions.OMException: Unable to get file status: volume: volume97388 bucket: trashroottest2 key: .Trash
	at org.apache.hadoop.ozone.om.KeyManagerImpl.getOzoneFileStatusFSO(KeyManagerImpl.java:1389) ~[ozone-manager-1.3.0-SNAPSHOT.jar:?]
	at org.apache.hadoop.ozone.om.KeyManagerImpl.getFileStatus(KeyManagerImpl.java:1252) ~[ozone-manager-1.3.0-SNAPSHOT.jar:?]
	at org.apache.hadoop.ozone.om.OzoneManager.getFileStatus(OzoneManager.java:3507) ~[ozone-manager-1.3.0-SNAPSHOT.jar:?]
	at org.apache.hadoop.ozone.protocolPB.OzoneManagerRequestHandler.getOzoneFileStatus(OzoneManagerRequestHandler.java:882) ~[ozone-manager-1.3.0-SNAPSHOT.jar:?]
	at org.apache.hadoop.ozone.protocolPB.OzoneManagerRequestHandler.handleReadRequest(OzoneManagerRequestHandler.java:228) ~[ozone-manager-1.3.0-SNAPSHOT.jar:?]
	at org.apache.hadoop.ozone.protocolPB.OzoneManagerProtocolServerSideTranslatorPB.submitRequestDirectlyToOM(OzoneManagerProtocolServerSideTranslatorPB.java:276) ~[ozone-manager-1.3.0-SNAPSHOT.jar:?]
	at org.apache.hadoop.ozone.protocolPB.OzoneManagerProtocolServerSideTranslatorPB.processRequest(OzoneManagerProtocolServerSideTranslatorPB.java:205) ~[ozone-manager-1.3.0-SNAPSHOT.jar:?]
	at org.apache.hadoop.hdds.server.OzoneProtocolMessageDispatcher.processRequest(OzoneProtocolMessageDispatcher.java:87) [hdds-server-framework-1.3.0-SNAPSHOT.jar:?]
	at org.apache.hadoop.ozone.protocolPB.OzoneManagerProtocolServerSideTranslatorPB.submitRequest(OzoneManagerProtocolServerSideTranslatorPB.java:147) [ozone-manager-1.3.0-SNAPSHOT.jar:?]
	at org.apache.hadoop.ozone.protocol.proto.OzoneManagerProtocolProtos$OzoneManagerService$2.callBlockingMethod(OzoneManagerProtocolProtos.java) [ozone-interface-client-1.3.0-SNAPSHOT.jar:?]
	at org.apache.hadoop.ipc.ProtobufRpcEngine$Server.processCall(ProtobufRpcEngine.java:466) [hadoop-common-3.3.1.jar:?]
	at org.apache.hadoop.ipc.ProtobufRpcEngine2$Server$ProtoBufRpcInvoker.call(ProtobufRpcEngine2.java:574) [hadoop-common-3.3.1.jar:?]
	at org.apache.hadoop.ipc.ProtobufRpcEngine2$Server$ProtoBufRpcInvoker.call(ProtobufRpcEngine2.java:552) [hadoop-common-3.3.1.jar:?]
	at org.apache.hadoop.ipc.RPC$Server.call(RPC.java:1093) [hadoop-common-3.3.1.jar:?]
	at org.apache.hadoop.ipc.Server$RpcCall.run(Server.java:1035) [hadoop-common-3.3.1.jar:?]
	at org.apache.hadoop.ipc.Server$RpcCall.run(Server.java:963) [hadoop-common-3.3.1.jar:?]
	at java.security.AccessController.doPrivileged(Native Method) ~[?:1.8.0_345]
	at javax.security.auth.Subject.doAs(Subject.java:422) [?:1.8.0_345]
	at org.apache.hadoop.security.UserGroupInformation.doAs(UserGroupInformation.java:1878) [hadoop-common-3.3.1.jar:?]
	at org.apache.hadoop.ipc.Server$Handler.run(Server.java:2966) [hadoop-common-3.3.1.jar:?]
2022-10-06 01:05:07,983 [Time-limited test] WARN  ozone.BasicRootedOzoneFileSystem (BasicRootedOzoneFileSystem.java:getFileStatus(879)) - GetFileStatus failed for path /volume97388/trashroottest2/.Trash
java.io.FileNotFoundException: .Trash: No such file or directory!
	at org.apache.hadoop.fs.ozone.BasicRootedOzoneClientAdapterImpl.getFileStatus(BasicRootedOzoneClientAdapterImpl.java:617)
	at org.apache.hadoop.fs.ozone.BasicRootedOzoneFileSystem.getFileStatus(BasicRootedOzoneFileSystem.java:869)
	at org.apache.hadoop.fs.FileSystem.exists(FileSystem.java:1760)
	at org.apache.hadoop.fs.ozone.BasicRootedOzoneFileSystem.exists(BasicRootedOzoneFileSystem.java:918)
	at org.apache.hadoop.fs.ozone.BasicRootedOzoneClientAdapterImpl.getTrashRoots(BasicRootedOzoneClientAdapterImpl.java:660)
	at org.apache.hadoop.fs.ozone.BasicRootedOzoneFileSystem.getTrashRoots(BasicRootedOzoneFileSystem.java:824)
	at org.apache.hadoop.fs.ozone.TestRootedOzoneFileSystem.testGetTrashRoots(TestRootedOzoneFileSystem.java:1509)
	at sun.reflect.NativeMethodAccessorImpl.invoke0(Native Method)
	at sun.reflect.NativeMethodAccessorImpl.invoke(NativeMethodAccessorImpl.java:62)
	at sun.reflect.DelegatingMethodAccessorImpl.invoke(DelegatingMethodAccessorImpl.java:43)
	at java.lang.reflect.Method.invoke(Method.java:498)
	at org.junit.runners.model.FrameworkMethod$1.runReflectiveCall(FrameworkMethod.java:59)
	at org.junit.internal.runners.model.ReflectiveCallable.run(ReflectiveCallable.java:12)
	at org.junit.runners.model.FrameworkMethod.invokeExplosively(FrameworkMethod.java:56)
	at org.junit.internal.runners.statements.InvokeMethod.evaluate(InvokeMethod.java:17)
	at org.junit.internal.runners.statements.RunBefores.evaluate(RunBefores.java:26)
	at org.junit.internal.runners.statements.RunAfters.evaluate(RunAfters.java:27)
	at org.junit.internal.runners.statements.FailOnTimeout$CallableStatement.call(FailOnTimeout.java:288)
	at org.junit.internal.runners.statements.FailOnTimeout$CallableStatement.call(FailOnTimeout.java:282)
	at java.util.concurrent.FutureTask.run(FutureTask.java:266)
	at java.lang.Thread.run(Thread.java:750)
01:05:07.992 [IPC Server handler 19 on default port 44363] ERROR OMAudit - user=runner | ip=127.0.0.1 | op=GET_FILE_STATUS {volume=volume97388, bucket=trashroottest2, key=.Trash/runner, dataSize=0, replicationConfig=null} | ret=FAILURE
org.apache.hadoop.ozone.om.exceptions.OMException: Unable to get file status: volume: volume97388 bucket: trashroottest2 key: .Trash/runner
	at org.apache.hadoop.ozone.om.KeyManagerImpl.getOzoneFileStatusFSO(KeyManagerImpl.java:1389) ~[ozone-manager-1.3.0-SNAPSHOT.jar:?]
	at org.apache.hadoop.ozone.om.KeyManagerImpl.getFileStatus(KeyManagerImpl.java:1252) ~[ozone-manager-1.3.0-SNAPSHOT.jar:?]
	at org.apache.hadoop.ozone.om.OzoneManager.getFileStatus(OzoneManager.java:3507) ~[ozone-manager-1.3.0-SNAPSHOT.jar:?]
	at org.apache.hadoop.ozone.protocolPB.OzoneManagerRequestHandler.getOzoneFileStatus(OzoneManagerRequestHandler.java:882) ~[ozone-manager-1.3.0-SNAPSHOT.jar:?]
	at org.apache.hadoop.ozone.protocolPB.OzoneManagerRequestHandler.handleReadRequest(OzoneManagerRequestHandler.java:228) ~[ozone-manager-1.3.0-SNAPSHOT.jar:?]
	at org.apache.hadoop.ozone.protocolPB.OzoneManagerProtocolServerSideTranslatorPB.submitRequestDirectlyToOM(OzoneManagerProtocolServerSideTranslatorPB.java:276) ~[ozone-manager-1.3.0-SNAPSHOT.jar:?]
	at org.apache.hadoop.ozone.protocolPB.OzoneManagerProtocolServerSideTranslatorPB.processRequest(OzoneManagerProtocolServerSideTranslatorPB.java:205) ~[ozone-manager-1.3.0-SNAPSHOT.jar:?]
	at org.apache.hadoop.hdds.server.OzoneProtocolMessageDispatcher.processRequest(OzoneProtocolMessageDispatcher.java:87) [hdds-server-framework-1.3.0-SNAPSHOT.jar:?]
	at org.apache.hadoop.ozone.protocolPB.OzoneManagerProtocolServerSideTranslatorPB.submitRequest(OzoneManagerProtocolServerSideTranslatorPB.java:147) [ozone-manager-1.3.0-SNAPSHOT.jar:?]
	at org.apache.hadoop.ozone.protocol.proto.OzoneManagerProtocolProtos$OzoneManagerService$2.callBlockingMethod(OzoneManagerProtocolProtos.java) [ozone-interface-client-1.3.0-SNAPSHOT.jar:?]
	at org.apache.hadoop.ipc.ProtobufRpcEngine$Server.processCall(ProtobufRpcEngine.java:466) [hadoop-common-3.3.1.jar:?]
	at org.apache.hadoop.ipc.ProtobufRpcEngine2$Server$ProtoBufRpcInvoker.call(ProtobufRpcEngine2.java:574) [hadoop-common-3.3.1.jar:?]
	at org.apache.hadoop.ipc.ProtobufRpcEngine2$Server$ProtoBufRpcInvoker.call(ProtobufRpcEngine2.java:552) [hadoop-common-3.3.1.jar:?]
	at org.apache.hadoop.ipc.RPC$Server.call(RPC.java:1093) [hadoop-common-3.3.1.jar:?]
	at org.apache.hadoop.ipc.Server$RpcCall.run(Server.java:1035) [hadoop-common-3.3.1.jar:?]
	at org.apache.hadoop.ipc.Server$RpcCall.run(Server.java:963) [hadoop-common-3.3.1.jar:?]
	at java.security.AccessController.doPrivileged(Native Method) ~[?:1.8.0_345]
	at javax.security.auth.Subject.doAs(Subject.java:422) [?:1.8.0_345]
	at org.apache.hadoop.security.UserGroupInformation.doAs(UserGroupInformation.java:1878) [hadoop-common-3.3.1.jar:?]
	at org.apache.hadoop.ipc.Server$Handler.run(Server.java:2966) [hadoop-common-3.3.1.jar:?]
2022-10-06 01:05:07,992 [Time-limited test] WARN  ozone.BasicRootedOzoneFileSystem (BasicRootedOzoneFileSystem.java:getFileStatus(879)) - GetFileStatus failed for path /volume97388/trashroottest2/.Trash/runner
java.io.FileNotFoundException: .Trash/runner: No such file or directory!
	at org.apache.hadoop.fs.ozone.BasicRootedOzoneClientAdapterImpl.getFileStatus(BasicRootedOzoneClientAdapterImpl.java:617)
	at org.apache.hadoop.fs.ozone.BasicRootedOzoneFileSystem.getFileStatus(BasicRootedOzoneFileSystem.java:869)
	at org.apache.hadoop.fs.FileSystem.exists(FileSystem.java:1760)
	at org.apache.hadoop.fs.ozone.BasicRootedOzoneFileSystem.exists(BasicRootedOzoneFileSystem.java:918)
	at org.apache.hadoop.fs.ozone.BasicRootedOzoneClientAdapterImpl.getTrashRoots(BasicRootedOzoneClientAdapterImpl.java:669)
	at org.apache.hadoop.fs.ozone.BasicRootedOzoneFileSystem.getTrashRoots(BasicRootedOzoneFileSystem.java:824)
	at org.apache.hadoop.fs.ozone.TestRootedOzoneFileSystem.testGetTrashRoots(TestRootedOzoneFileSystem.java:1511)
	at sun.reflect.NativeMethodAccessorImpl.invoke0(Native Method)
	at sun.reflect.NativeMethodAccessorImpl.invoke(NativeMethodAccessorImpl.java:62)
	at sun.reflect.DelegatingMethodAccessorImpl.invoke(DelegatingMethodAccessorImpl.java:43)
	at java.lang.reflect.Method.invoke(Method.java:498)
	at org.junit.runners.model.FrameworkMethod$1.runReflectiveCall(FrameworkMethod.java:59)
	at org.junit.internal.runners.model.ReflectiveCallable.run(ReflectiveCallable.java:12)
	at org.junit.runners.model.FrameworkMethod.invokeExplosively(FrameworkMethod.java:56)
	at org.junit.internal.runners.statements.InvokeMethod.evaluate(InvokeMethod.java:17)
	at org.junit.internal.runners.statements.RunBefores.evaluate(RunBefores.java:26)
	at org.junit.internal.runners.statements.RunAfters.evaluate(RunAfters.java:27)
	at org.junit.internal.runners.statements.FailOnTimeout$CallableStatement.call(FailOnTimeout.java:288)
	at org.junit.internal.runners.statements.FailOnTimeout$CallableStatement.call(FailOnTimeout.java:282)
	at java.util.concurrent.FutureTask.run(FutureTask.java:266)
	at java.lang.Thread.run(Thread.java:750)
01:05:07.995 [IPC Server handler 13 on default port 44363] ERROR OMAudit - user=runner | ip=127.0.0.1 | op=GET_FILE_STATUS {volume=volume92351, bucket=bucket97386, key=.Trash/runner, dataSize=0, replicationConfig=null} | ret=FAILURE
org.apache.hadoop.ozone.om.exceptions.OMException: Unable to get file status: volume: volume92351 bucket: bucket97386 key: .Trash/runner
	at org.apache.hadoop.ozone.om.KeyManagerImpl.getOzoneFileStatusFSO(KeyManagerImpl.java:1389) ~[ozone-manager-1.3.0-SNAPSHOT.jar:?]
	at org.apache.hadoop.ozone.om.KeyManagerImpl.getFileStatus(KeyManagerImpl.java:1252) ~[ozone-manager-1.3.0-SNAPSHOT.jar:?]
	at org.apache.hadoop.ozone.om.OzoneManager.getFileStatus(OzoneManager.java:3507) ~[ozone-manager-1.3.0-SNAPSHOT.jar:?]
	at org.apache.hadoop.ozone.protocolPB.OzoneManagerRequestHandler.getOzoneFileStatus(OzoneManagerRequestHandler.java:882) ~[ozone-manager-1.3.0-SNAPSHOT.jar:?]
	at org.apache.hadoop.ozone.protocolPB.OzoneManagerRequestHandler.handleReadRequest(OzoneManagerRequestHandler.java:228) ~[ozone-manager-1.3.0-SNAPSHOT.jar:?]
	at org.apache.hadoop.ozone.protocolPB.OzoneManagerProtocolServerSideTranslatorPB.submitRequestDirectlyToOM(OzoneManagerProtocolServerSideTranslatorPB.java:276) ~[ozone-manager-1.3.0-SNAPSHOT.jar:?]
	at org.apache.hadoop.ozone.protocolPB.OzoneManagerProtocolServerSideTranslatorPB.processRequest(OzoneManagerProtocolServerSideTranslatorPB.java:205) ~[ozone-manager-1.3.0-SNAPSHOT.jar:?]
	at org.apache.hadoop.hdds.server.OzoneProtocolMessageDispatcher.processRequest(OzoneProtocolMessageDispatcher.java:87) [hdds-server-framework-1.3.0-SNAPSHOT.jar:?]
	at org.apache.hadoop.ozone.protocolPB.OzoneManagerProtocolServerSideTranslatorPB.submitRequest(OzoneManagerProtocolServerSideTranslatorPB.java:147) [ozone-manager-1.3.0-SNAPSHOT.jar:?]
	at org.apache.hadoop.ozone.protocol.proto.OzoneManagerProtocolProtos$OzoneManagerService$2.callBlockingMethod(OzoneManagerProtocolProtos.java) [ozone-interface-client-1.3.0-SNAPSHOT.jar:?]
	at org.apache.hadoop.ipc.ProtobufRpcEngine$Server.processCall(ProtobufRpcEngine.java:466) [hadoop-common-3.3.1.jar:?]
	at org.apache.hadoop.ipc.ProtobufRpcEngine2$Server$ProtoBufRpcInvoker.call(ProtobufRpcEngine2.java:574) [hadoop-common-3.3.1.jar:?]
	at org.apache.hadoop.ipc.ProtobufRpcEngine2$Server$ProtoBufRpcInvoker.call(ProtobufRpcEngine2.java:552) [hadoop-common-3.3.1.jar:?]
	at org.apache.hadoop.ipc.RPC$Server.call(RPC.java:1093) [hadoop-common-3.3.1.jar:?]
	at org.apache.hadoop.ipc.Server$RpcCall.run(Server.java:1035) [hadoop-common-3.3.1.jar:?]
	at org.apache.hadoop.ipc.Server$RpcCall.run(Server.java:963) [hadoop-common-3.3.1.jar:?]
	at java.security.AccessController.doPrivileged(Native Method) ~[?:1.8.0_345]
	at javax.security.auth.Subject.doAs(Subject.java:422) [?:1.8.0_345]
	at org.apache.hadoop.security.UserGroupInformation.doAs(UserGroupInformation.java:1878) [hadoop-common-3.3.1.jar:?]
	at org.apache.hadoop.ipc.Server$Handler.run(Server.java:2966) [hadoop-common-3.3.1.jar:?]
2022-10-06 01:05:07,996 [Time-limited test] WARN  ozone.BasicRootedOzoneFileSystem (BasicRootedOzoneFileSystem.java:getFileStatus(879)) - GetFileStatus failed for path /volume92351/bucket97386/.Trash/runner
java.io.FileNotFoundException: .Trash/runner: No such file or directory!
	at org.apache.hadoop.fs.ozone.BasicRootedOzoneClientAdapterImpl.getFileStatus(BasicRootedOzoneClientAdapterImpl.java:617)
	at org.apache.hadoop.fs.ozone.BasicRootedOzoneFileSystem.getFileStatus(BasicRootedOzoneFileSystem.java:869)
	at org.apache.hadoop.fs.FileSystem.exists(FileSystem.java:1760)
	at org.apache.hadoop.fs.ozone.BasicRootedOzoneFileSystem.exists(BasicRootedOzoneFileSystem.java:918)
	at org.apache.hadoop.fs.ozone.BasicRootedOzoneClientAdapterImpl.getTrashRoots(BasicRootedOzoneClientAdapterImpl.java:669)
	at org.apache.hadoop.fs.ozone.BasicRootedOzoneFileSystem.getTrashRoots(BasicRootedOzoneFileSystem.java:824)
	at org.apache.hadoop.fs.ozone.TestRootedOzoneFileSystem.testGetTrashRoots(TestRootedOzoneFileSystem.java:1511)
	at sun.reflect.NativeMethodAccessorImpl.invoke0(Native Method)
	at sun.reflect.NativeMethodAccessorImpl.invoke(NativeMethodAccessorImpl.java:62)
	at sun.reflect.DelegatingMethodAccessorImpl.invoke(DelegatingMethodAccessorImpl.java:43)
	at java.lang.reflect.Method.invoke(Method.java:498)
	at org.junit.runners.model.FrameworkMethod$1.runReflectiveCall(FrameworkMethod.java:59)
	at org.junit.internal.runners.model.ReflectiveCallable.run(ReflectiveCallable.java:12)
	at org.junit.runners.model.FrameworkMethod.invokeExplosively(FrameworkMethod.java:56)
	at org.junit.internal.runners.statements.InvokeMethod.evaluate(InvokeMethod.java:17)
	at org.junit.internal.runners.statements.RunBefores.evaluate(RunBefores.java:26)
	at org.junit.internal.runners.statements.RunAfters.evaluate(RunAfters.java:27)
	at org.junit.internal.runners.statements.FailOnTimeout$CallableStatement.call(FailOnTimeout.java:288)
	at org.junit.internal.runners.statements.FailOnTimeout$CallableStatement.call(FailOnTimeout.java:282)
	at java.util.concurrent.FutureTask.run(FutureTask.java:266)
	at java.lang.Thread.run(Thread.java:750)
01:05:08.001 [IPC Server handler 15 on default port 44363] ERROR OMAudit - user=runner | ip=127.0.0.1 | op=GET_FILE_STATUS {volume=5c619e3a-572e-41be-8311-cf0e386ab858, bucket=6cded601-3015-4312-9759-376db9ceb0d6, key=.Trash, dataSize=0, replicationConfig=null} | ret=FAILURE
org.apache.hadoop.ozone.om.exceptions.OMException: Unable to get file status: volume: 5c619e3a-572e-41be-8311-cf0e386ab858 bucket: 6cded601-3015-4312-9759-376db9ceb0d6 key: .Trash
	at org.apache.hadoop.ozone.om.KeyManagerImpl.getOzoneFileStatus(KeyManagerImpl.java:1324) ~[ozone-manager-1.3.0-SNAPSHOT.jar:?]
	at org.apache.hadoop.ozone.om.KeyManagerImpl.getFileStatus(KeyManagerImpl.java:1254) ~[ozone-manager-1.3.0-SNAPSHOT.jar:?]
	at org.apache.hadoop.ozone.om.OzoneManager.getFileStatus(OzoneManager.java:3507) ~[ozone-manager-1.3.0-SNAPSHOT.jar:?]
	at org.apache.hadoop.ozone.protocolPB.OzoneManagerRequestHandler.getOzoneFileStatus(OzoneManagerRequestHandler.java:882) ~[ozone-manager-1.3.0-SNAPSHOT.jar:?]
	at org.apache.hadoop.ozone.protocolPB.OzoneManagerRequestHandler.handleReadRequest(OzoneManagerRequestHandler.java:228) ~[ozone-manager-1.3.0-SNAPSHOT.jar:?]
	at org.apache.hadoop.ozone.protocolPB.OzoneManagerProtocolServerSideTranslatorPB.submitRequestDirectlyToOM(OzoneManagerProtocolServerSideTranslatorPB.java:276) ~[ozone-manager-1.3.0-SNAPSHOT.jar:?]
	at org.apache.hadoop.ozone.protocolPB.OzoneManagerProtocolServerSideTranslatorPB.processRequest(OzoneManagerProtocolServerSideTranslatorPB.java:205) ~[ozone-manager-1.3.0-SNAPSHOT.jar:?]
	at org.apache.hadoop.hdds.server.OzoneProtocolMessageDispatcher.processRequest(OzoneProtocolMessageDispatcher.java:87) [hdds-server-framework-1.3.0-SNAPSHOT.jar:?]
	at org.apache.hadoop.ozone.protocolPB.OzoneManagerProtocolServerSideTranslatorPB.submitRequest(OzoneManagerProtocolServerSideTranslatorPB.java:147) [ozone-manager-1.3.0-SNAPSHOT.jar:?]
	at org.apache.hadoop.ozone.protocol.proto.OzoneManagerProtocolProtos$OzoneManagerService$2.callBlockingMethod(OzoneManagerProtocolProtos.java) [ozone-interface-client-1.3.0-SNAPSHOT.jar:?]
	at org.apache.hadoop.ipc.ProtobufRpcEngine$Server.processCall(ProtobufRpcEngine.java:466) [hadoop-common-3.3.1.jar:?]
	at org.apache.hadoop.ipc.ProtobufRpcEngine2$Server$ProtoBufRpcInvoker.call(ProtobufRpcEngine2.java:574) [hadoop-common-3.3.1.jar:?]
	at org.apache.hadoop.ipc.ProtobufRpcEngine2$Server$ProtoBufRpcInvoker.call(ProtobufRpcEngine2.java:552) [hadoop-common-3.3.1.jar:?]
	at org.apache.hadoop.ipc.RPC$Server.call(RPC.java:1093) [hadoop-common-3.3.1.jar:?]
	at org.apache.hadoop.ipc.Server$RpcCall.run(Server.java:1035) [hadoop-common-3.3.1.jar:?]
	at org.apache.hadoop.ipc.Server$RpcCall.run(Server.java:963) [hadoop-common-3.3.1.jar:?]
	at java.security.AccessController.doPrivileged(Native Method) ~[?:1.8.0_345]
	at javax.security.auth.Subject.doAs(Subject.java:422) [?:1.8.0_345]
	at org.apache.hadoop.security.UserGroupInformation.doAs(UserGroupInformation.java:1878) [hadoop-common-3.3.1.jar:?]
	at org.apache.hadoop.ipc.Server$Handler.run(Server.java:2966) [hadoop-common-3.3.1.jar:?]
2022-10-06 01:05:08,002 [Time-limited test] WARN  ozone.BasicRootedOzoneFileSystem (BasicRootedOzoneFileSystem.java:getFileStatus(879)) - GetFileStatus failed for path /5c619e3a-572e-41be-8311-cf0e386ab858/6cded601-3015-4312-9759-376db9ceb0d6/.Trash
java.io.FileNotFoundException: .Trash: No such file or directory!
	at org.apache.hadoop.fs.ozone.BasicRootedOzoneClientAdapterImpl.getFileStatus(BasicRootedOzoneClientAdapterImpl.java:617)
	at org.apache.hadoop.fs.ozone.BasicRootedOzoneFileSystem.getFileStatus(BasicRootedOzoneFileSystem.java:869)
	at org.apache.hadoop.fs.FileSystem.exists(FileSystem.java:1760)
	at org.apache.hadoop.fs.ozone.BasicRootedOzoneFileSystem.exists(BasicRootedOzoneFileSystem.java:918)
	at org.apache.hadoop.fs.ozone.BasicRootedOzoneClientAdapterImpl.getTrashRoots(BasicRootedOzoneClientAdapterImpl.java:660)
	at org.apache.hadoop.fs.ozone.BasicRootedOzoneFileSystem.getTrashRoots(BasicRootedOzoneFileSystem.java:824)
	at org.apache.hadoop.fs.ozone.TestRootedOzoneFileSystem.testGetTrashRoots(TestRootedOzoneFileSystem.java:1512)
	at sun.reflect.NativeMethodAccessorImpl.invoke0(Native Method)
	at sun.reflect.NativeMethodAccessorImpl.invoke(NativeMethodAccessorImpl.java:62)
	at sun.reflect.DelegatingMethodAccessorImpl.invoke(DelegatingMethodAccessorImpl.java:43)
	at java.lang.reflect.Method.invoke(Method.java:498)
	at org.junit.runners.model.FrameworkMethod$1.runReflectiveCall(FrameworkMethod.java:59)
	at org.junit.internal.runners.model.ReflectiveCallable.run(ReflectiveCallable.java:12)
	at org.junit.runners.model.FrameworkMethod.invokeExplosively(FrameworkMethod.java:56)
	at org.junit.internal.runners.statements.InvokeMethod.evaluate(InvokeMethod.java:17)
	at org.junit.internal.runners.statements.RunBefores.evaluate(RunBefores.java:26)
	at org.junit.internal.runners.statements.RunAfters.evaluate(RunAfters.java:27)
	at org.junit.internal.runners.statements.FailOnTimeout$CallableStatement.call(FailOnTimeout.java:288)
	at org.junit.internal.runners.statements.FailOnTimeout$CallableStatement.call(FailOnTimeout.java:282)
	at java.util.concurrent.FutureTask.run(FutureTask.java:266)
	at java.lang.Thread.run(Thread.java:750)
01:05:08.010 [IPC Server handler 5 on default port 44363] ERROR OMAudit - user=runner | ip=127.0.0.1 | op=GET_FILE_STATUS {volume=volume92351, bucket=bucket97386, key=.Trash, dataSize=0, replicationConfig=null} | ret=FAILURE
org.apache.hadoop.ozone.om.exceptions.OMException: Unable to get file status: volume: volume92351 bucket: bucket97386 key: .Trash
	at org.apache.hadoop.ozone.om.KeyManagerImpl.getOzoneFileStatusFSO(KeyManagerImpl.java:1389) ~[ozone-manager-1.3.0-SNAPSHOT.jar:?]
	at org.apache.hadoop.ozone.om.KeyManagerImpl.getFileStatus(KeyManagerImpl.java:1252) ~[ozone-manager-1.3.0-SNAPSHOT.jar:?]
	at org.apache.hadoop.ozone.om.OzoneManager.getFileStatus(OzoneManager.java:3507) ~[ozone-manager-1.3.0-SNAPSHOT.jar:?]
	at org.apache.hadoop.ozone.protocolPB.OzoneManagerRequestHandler.getOzoneFileStatus(OzoneManagerRequestHandler.java:882) ~[ozone-manager-1.3.0-SNAPSHOT.jar:?]
	at org.apache.hadoop.ozone.protocolPB.OzoneManagerRequestHandler.handleReadRequest(OzoneManagerRequestHandler.java:228) ~[ozone-manager-1.3.0-SNAPSHOT.jar:?]
	at org.apache.hadoop.ozone.protocolPB.OzoneManagerProtocolServerSideTranslatorPB.submitRequestDirectlyToOM(OzoneManagerProtocolServerSideTranslatorPB.java:276) ~[ozone-manager-1.3.0-SNAPSHOT.jar:?]
	at org.apache.hadoop.ozone.protocolPB.OzoneManagerProtocolServerSideTranslatorPB.processRequest(OzoneManagerProtocolServerSideTranslatorPB.java:205) ~[ozone-manager-1.3.0-SNAPSHOT.jar:?]
	at org.apache.hadoop.hdds.server.OzoneProtocolMessageDispatcher.processRequest(OzoneProtocolMessageDispatcher.java:87) [hdds-server-framework-1.3.0-SNAPSHOT.jar:?]
	at org.apache.hadoop.ozone.protocolPB.OzoneManagerProtocolServerSideTranslatorPB.submitRequest(OzoneManagerProtocolServerSideTranslatorPB.java:147) [ozone-manager-1.3.0-SNAPSHOT.jar:?]
	at org.apache.hadoop.ozone.protocol.proto.OzoneManagerProtocolProtos$OzoneManagerService$2.callBlockingMethod(OzoneManagerProtocolProtos.java) [ozone-interface-client-1.3.0-SNAPSHOT.jar:?]
	at org.apache.hadoop.ipc.ProtobufRpcEngine$Server.processCall(ProtobufRpcEngine.java:466) [hadoop-common-3.3.1.jar:?]
	at org.apache.hadoop.ipc.ProtobufRpcEngine2$Server$ProtoBufRpcInvoker.call(ProtobufRpcEngine2.java:574) [hadoop-common-3.3.1.jar:?]
	at org.apache.hadoop.ipc.ProtobufRpcEngine2$Server$ProtoBufRpcInvoker.call(ProtobufRpcEngine2.java:552) [hadoop-common-3.3.1.jar:?]
	at org.apache.hadoop.ipc.RPC$Server.call(RPC.java:1093) [hadoop-common-3.3.1.jar:?]
	at org.apache.hadoop.ipc.Server$RpcCall.run(Server.java:1035) [hadoop-common-3.3.1.jar:?]
	at org.apache.hadoop.ipc.Server$RpcCall.run(Server.java:963) [hadoop-common-3.3.1.jar:?]
	at java.security.AccessController.doPrivileged(Native Method) ~[?:1.8.0_345]
	at javax.security.auth.Subject.doAs(Subject.java:422) [?:1.8.0_345]
	at org.apache.hadoop.security.UserGroupInformation.doAs(UserGroupInformation.java:1878) [hadoop-common-3.3.1.jar:?]
	at org.apache.hadoop.ipc.Server$Handler.run(Server.java:2966) [hadoop-common-3.3.1.jar:?]
2022-10-06 01:05:08,010 [Time-limited test] WARN  ozone.BasicRootedOzoneFileSystem (BasicRootedOzoneFileSystem.java:getFileStatus(879)) - GetFileStatus failed for path /volume92351/bucket97386/.Trash
java.io.FileNotFoundException: .Trash: No such file or directory!
	at org.apache.hadoop.fs.ozone.BasicRootedOzoneClientAdapterImpl.getFileStatus(BasicRootedOzoneClientAdapterImpl.java:617)
	at org.apache.hadoop.fs.ozone.BasicRootedOzoneFileSystem.getFileStatus(BasicRootedOzoneFileSystem.java:869)
	at org.apache.hadoop.fs.FileSystem.exists(FileSystem.java:1760)
	at org.apache.hadoop.fs.ozone.BasicRootedOzoneFileSystem.exists(BasicRootedOzoneFileSystem.java:918)
	at org.apache.hadoop.fs.ozone.BasicRootedOzoneClientAdapterImpl.getTrashRoots(BasicRootedOzoneClientAdapterImpl.java:660)
	at org.apache.hadoop.fs.ozone.BasicRootedOzoneFileSystem.getTrashRoots(BasicRootedOzoneFileSystem.java:824)
	at org.apache.hadoop.fs.ozone.TestRootedOzoneFileSystem.testGetTrashRoots(TestRootedOzoneFileSystem.java:1512)
	at sun.reflect.NativeMethodAccessorImpl.invoke0(Native Method)
	at sun.reflect.NativeMethodAccessorImpl.invoke(NativeMethodAccessorImpl.java:62)
	at sun.reflect.DelegatingMethodAccessorImpl.invoke(DelegatingMethodAccessorImpl.java:43)
	at java.lang.reflect.Method.invoke(Method.java:498)
	at org.junit.runners.model.FrameworkMethod$1.runReflectiveCall(FrameworkMethod.java:59)
	at org.junit.internal.runners.model.ReflectiveCallable.run(ReflectiveCallable.java:12)
	at org.junit.runners.model.FrameworkMethod.invokeExplosively(FrameworkMethod.java:56)
	at org.junit.internal.runners.statements.InvokeMethod.evaluate(InvokeMethod.java:17)
	at org.junit.internal.runners.statements.RunBefores.evaluate(RunBefores.java:26)
	at org.junit.internal.runners.statements.RunAfters.evaluate(RunAfters.java:27)
	at org.junit.internal.runners.statements.FailOnTimeout$CallableStatement.call(FailOnTimeout.java:288)
	at org.junit.internal.runners.statements.FailOnTimeout$CallableStatement.call(FailOnTimeout.java:282)
	at java.util.concurrent.FutureTask.run(FutureTask.java:266)
	at java.lang.Thread.run(Thread.java:750)
01:05:08.014 [IPC Server handler 14 on default port 44363] ERROR OMAudit - user=runner | ip=127.0.0.1 | op=GET_FILE_STATUS {volume=volume97388, bucket=trashroottest2, key=.Trash, dataSize=0, replicationConfig=null} | ret=FAILURE
org.apache.hadoop.ozone.om.exceptions.OMException: Unable to get file status: volume: volume97388 bucket: trashroottest2 key: .Trash
	at org.apache.hadoop.ozone.om.KeyManagerImpl.getOzoneFileStatusFSO(KeyManagerImpl.java:1389) ~[ozone-manager-1.3.0-SNAPSHOT.jar:?]
	at org.apache.hadoop.ozone.om.KeyManagerImpl.getFileStatus(KeyManagerImpl.java:1252) ~[ozone-manager-1.3.0-SNAPSHOT.jar:?]
	at org.apache.hadoop.ozone.om.OzoneManager.getFileStatus(OzoneManager.java:3507) ~[ozone-manager-1.3.0-SNAPSHOT.jar:?]
	at org.apache.hadoop.ozone.protocolPB.OzoneManagerRequestHandler.getOzoneFileStatus(OzoneManagerRequestHandler.java:882) ~[ozone-manager-1.3.0-SNAPSHOT.jar:?]
	at org.apache.hadoop.ozone.protocolPB.OzoneManagerRequestHandler.handleReadRequest(OzoneManagerRequestHandler.java:228) ~[ozone-manager-1.3.0-SNAPSHOT.jar:?]
	at org.apache.hadoop.ozone.protocolPB.OzoneManagerProtocolServerSideTranslatorPB.submitRequestDirectlyToOM(OzoneManagerProtocolServerSideTranslatorPB.java:276) ~[ozone-manager-1.3.0-SNAPSHOT.jar:?]
	at org.apache.hadoop.ozone.protocolPB.OzoneManagerProtocolServerSideTranslatorPB.processRequest(OzoneManagerProtocolServerSideTranslatorPB.java:205) ~[ozone-manager-1.3.0-SNAPSHOT.jar:?]
	at org.apache.hadoop.hdds.server.OzoneProtocolMessageDispatcher.processRequest(OzoneProtocolMessageDispatcher.java:87) [hdds-server-framework-1.3.0-SNAPSHOT.jar:?]
	at org.apache.hadoop.ozone.protocolPB.OzoneManagerProtocolServerSideTranslatorPB.submitRequest(OzoneManagerProtocolServerSideTranslatorPB.java:147) [ozone-manager-1.3.0-SNAPSHOT.jar:?]
	at org.apache.hadoop.ozone.protocol.proto.OzoneManagerProtocolProtos$OzoneManagerService$2.callBlockingMethod(OzoneManagerProtocolProtos.java) [ozone-interface-client-1.3.0-SNAPSHOT.jar:?]
	at org.apache.hadoop.ipc.ProtobufRpcEngine$Server.processCall(ProtobufRpcEngine.java:466) [hadoop-common-3.3.1.jar:?]
	at org.apache.hadoop.ipc.ProtobufRpcEngine2$Server$ProtoBufRpcInvoker.call(ProtobufRpcEngine2.java:574) [hadoop-common-3.3.1.jar:?]
	at org.apache.hadoop.ipc.ProtobufRpcEngine2$Server$ProtoBufRpcInvoker.call(ProtobufRpcEngine2.java:552) [hadoop-common-3.3.1.jar:?]
	at org.apache.hadoop.ipc.RPC$Server.call(RPC.java:1093) [hadoop-common-3.3.1.jar:?]
	at org.apache.hadoop.ipc.Server$RpcCall.run(Server.java:1035) [hadoop-common-3.3.1.jar:?]
	at org.apache.hadoop.ipc.Server$RpcCall.run(Server.java:963) [hadoop-common-3.3.1.jar:?]
	at java.security.AccessController.doPrivileged(Native Method) ~[?:1.8.0_345]
	at javax.security.auth.Subject.doAs(Subject.java:422) [?:1.8.0_345]
	at org.apache.hadoop.security.UserGroupInformation.doAs(UserGroupInformation.java:1878) [hadoop-common-3.3.1.jar:?]
	at org.apache.hadoop.ipc.Server$Handler.run(Server.java:2966) [hadoop-common-3.3.1.jar:?]
2022-10-06 01:05:08,014 [Time-limited test] WARN  ozone.BasicRootedOzoneFileSystem (BasicRootedOzoneFileSystem.java:getFileStatus(879)) - GetFileStatus failed for path /volume97388/trashroottest2/.Trash
java.io.FileNotFoundException: .Trash: No such file or directory!
	at org.apache.hadoop.fs.ozone.BasicRootedOzoneClientAdapterImpl.getFileStatus(BasicRootedOzoneClientAdapterImpl.java:617)
	at org.apache.hadoop.fs.ozone.BasicRootedOzoneFileSystem.getFileStatus(BasicRootedOzoneFileSystem.java:869)
	at org.apache.hadoop.fs.FileSystem.exists(FileSystem.java:1760)
	at org.apache.hadoop.fs.ozone.BasicRootedOzoneFileSystem.exists(BasicRootedOzoneFileSystem.java:918)
	at org.apache.hadoop.fs.ozone.BasicRootedOzoneClientAdapterImpl.getTrashRoots(BasicRootedOzoneClientAdapterImpl.java:660)
	at org.apache.hadoop.fs.ozone.BasicRootedOzoneFileSystem.getTrashRoots(BasicRootedOzoneFileSystem.java:824)
	at org.apache.hadoop.fs.ozone.TestRootedOzoneFileSystem.testGetTrashRoots(TestRootedOzoneFileSystem.java:1512)
	at sun.reflect.NativeMethodAccessorImpl.invoke0(Native Method)
	at sun.reflect.NativeMethodAccessorImpl.invoke(NativeMethodAccessorImpl.java:62)
	at sun.reflect.DelegatingMethodAccessorImpl.invoke(DelegatingMethodAccessorImpl.java:43)
	at java.lang.reflect.Method.invoke(Method.java:498)
	at org.junit.runners.model.FrameworkMethod$1.runReflectiveCall(FrameworkMethod.java:59)
	at org.junit.internal.runners.model.ReflectiveCallable.run(ReflectiveCallable.java:12)
	at org.junit.runners.model.FrameworkMethod.invokeExplosively(FrameworkMethod.java:56)
	at org.junit.internal.runners.statements.InvokeMethod.evaluate(InvokeMethod.java:17)
	at org.junit.internal.runners.statements.RunBefores.evaluate(RunBefores.java:26)
	at org.junit.internal.runners.statements.RunAfters.evaluate(RunAfters.java:27)
	at org.junit.internal.runners.statements.FailOnTimeout$CallableStatement.call(FailOnTimeout.java:288)
	at org.junit.internal.runners.statements.FailOnTimeout$CallableStatement.call(FailOnTimeout.java:282)
	at java.util.concurrent.FutureTask.run(FutureTask.java:266)
	at java.lang.Thread.run(Thread.java:750)
01:05:08.021 [IPC Server handler 19 on default port 44363] ERROR OMAudit - user=runner | ip=127.0.0.1 | op=GET_FILE_STATUS {volume=volume97388, bucket=bucket89566, key=.Trash/runner, dataSize=0, replicationConfig=null} | ret=FAILURE
org.apache.hadoop.ozone.om.exceptions.OMException: Unable to get file status: volume: volume97388 bucket: bucket89566 key: .Trash/runner
	at org.apache.hadoop.ozone.om.KeyManagerImpl.getOzoneFileStatusFSO(KeyManagerImpl.java:1389) ~[ozone-manager-1.3.0-SNAPSHOT.jar:?]
	at org.apache.hadoop.ozone.om.KeyManagerImpl.getFileStatus(KeyManagerImpl.java:1252) ~[ozone-manager-1.3.0-SNAPSHOT.jar:?]
	at org.apache.hadoop.ozone.om.OzoneManager.getFileStatus(OzoneManager.java:3507) ~[ozone-manager-1.3.0-SNAPSHOT.jar:?]
	at org.apache.hadoop.ozone.protocolPB.OzoneManagerRequestHandler.getOzoneFileStatus(OzoneManagerRequestHandler.java:882) ~[ozone-manager-1.3.0-SNAPSHOT.jar:?]
	at org.apache.hadoop.ozone.protocolPB.OzoneManagerRequestHandler.handleReadRequest(OzoneManagerRequestHandler.java:228) ~[ozone-manager-1.3.0-SNAPSHOT.jar:?]
	at org.apache.hadoop.ozone.protocolPB.OzoneManagerProtocolServerSideTranslatorPB.submitRequestDirectlyToOM(OzoneManagerProtocolServerSideTranslatorPB.java:276) ~[ozone-manager-1.3.0-SNAPSHOT.jar:?]
	at org.apache.hadoop.ozone.protocolPB.OzoneManagerProtocolServerSideTranslatorPB.processRequest(OzoneManagerProtocolServerSideTranslatorPB.java:205) ~[ozone-manager-1.3.0-SNAPSHOT.jar:?]
	at org.apache.hadoop.hdds.server.OzoneProtocolMessageDispatcher.processRequest(OzoneProtocolMessageDispatcher.java:87) [hdds-server-framework-1.3.0-SNAPSHOT.jar:?]
	at org.apache.hadoop.ozone.protocolPB.OzoneManagerProtocolServerSideTranslatorPB.submitRequest(OzoneManagerProtocolServerSideTranslatorPB.java:147) [ozone-manager-1.3.0-SNAPSHOT.jar:?]
	at org.apache.hadoop.ozone.protocol.proto.OzoneManagerProtocolProtos$OzoneManagerService$2.callBlockingMethod(OzoneManagerProtocolProtos.java) [ozone-interface-client-1.3.0-SNAPSHOT.jar:?]
	at org.apache.hadoop.ipc.ProtobufRpcEngine$Server.processCall(ProtobufRpcEngine.java:466) [hadoop-common-3.3.1.jar:?]
	at org.apache.hadoop.ipc.ProtobufRpcEngine2$Server$ProtoBufRpcInvoker.call(ProtobufRpcEngine2.java:574) [hadoop-common-3.3.1.jar:?]
	at org.apache.hadoop.ipc.ProtobufRpcEngine2$Server$ProtoBufRpcInvoker.call(ProtobufRpcEngine2.java:552) [hadoop-common-3.3.1.jar:?]
	at org.apache.hadoop.ipc.RPC$Server.call(RPC.java:1093) [hadoop-common-3.3.1.jar:?]
	at org.apache.hadoop.ipc.Server$RpcCall.run(Server.java:1035) [hadoop-common-3.3.1.jar:?]
	at org.apache.hadoop.ipc.Server$RpcCall.run(Server.java:963) [hadoop-common-3.3.1.jar:?]
	at java.security.AccessController.doPrivileged(Native Method) ~[?:1.8.0_345]
	at javax.security.auth.Subject.doAs(Subject.java:422) [?:1.8.0_345]
	at org.apache.hadoop.security.UserGroupInformation.doAs(UserGroupInformation.java:1878) [hadoop-common-3.3.1.jar:?]
	at org.apache.hadoop.ipc.Server$Handler.run(Server.java:2966) [hadoop-common-3.3.1.jar:?]
2022-10-06 01:05:08,022 [Time-limited test] WARN  ozone.BasicRootedOzoneFileSystem (BasicRootedOzoneFileSystem.java:getFileStatus(879)) - GetFileStatus failed for path /volume97388/bucket89566/.Trash/runner
java.io.FileNotFoundException: .Trash/runner: No such file or directory!
	at org.apache.hadoop.fs.ozone.BasicRootedOzoneClientAdapterImpl.getFileStatus(BasicRootedOzoneClientAdapterImpl.java:617)
	at org.apache.hadoop.fs.ozone.BasicRootedOzoneFileSystem.getFileStatus(BasicRootedOzoneFileSystem.java:869)
	at org.apache.hadoop.fs.FileSystem.exists(FileSystem.java:1760)
	at org.apache.hadoop.fs.ozone.BasicRootedOzoneFileSystem.exists(BasicRootedOzoneFileSystem.java:918)
	at org.apache.hadoop.fs.ozone.BasicRootedOzoneClientAdapterImpl.getTrashRoots(BasicRootedOzoneClientAdapterImpl.java:669)
	at org.apache.hadoop.fs.ozone.BasicRootedOzoneFileSystem.getTrashRoots(BasicRootedOzoneFileSystem.java:824)
	at org.apache.hadoop.fs.ozone.TestRootedOzoneFileSystem.testGetTrashRoots(TestRootedOzoneFileSystem.java:1519)
	at sun.reflect.NativeMethodAccessorImpl.invoke0(Native Method)
	at sun.reflect.NativeMethodAccessorImpl.invoke(NativeMethodAccessorImpl.java:62)
	at sun.reflect.DelegatingMethodAccessorImpl.invoke(DelegatingMethodAccessorImpl.java:43)
	at java.lang.reflect.Method.invoke(Method.java:498)
	at org.junit.runners.model.FrameworkMethod$1.runReflectiveCall(FrameworkMethod.java:59)
	at org.junit.internal.runners.model.ReflectiveCallable.run(ReflectiveCallable.java:12)
	at org.junit.runners.model.FrameworkMethod.invokeExplosively(FrameworkMethod.java:56)
	at org.junit.internal.runners.statements.InvokeMethod.evaluate(InvokeMethod.java:17)
	at org.junit.internal.runners.statements.RunBefores.evaluate(RunBefores.java:26)
	at org.junit.internal.runners.statements.RunAfters.evaluate(RunAfters.java:27)
	at org.junit.internal.runners.statements.FailOnTimeout$CallableStatement.call(FailOnTimeout.java:288)
	at org.junit.internal.runners.statements.FailOnTimeout$CallableStatement.call(FailOnTimeout.java:282)
	at java.util.concurrent.FutureTask.run(FutureTask.java:266)
	at java.lang.Thread.run(Thread.java:750)
01:05:08.026 [IPC Server handler 17 on default port 44363] ERROR OMAudit - user=runner | ip=127.0.0.1 | op=GET_FILE_STATUS {volume=5c619e3a-572e-41be-8311-cf0e386ab858, bucket=6cded601-3015-4312-9759-376db9ceb0d6, key=.Trash, dataSize=0, replicationConfig=null} | ret=FAILURE
org.apache.hadoop.ozone.om.exceptions.OMException: Unable to get file status: volume: 5c619e3a-572e-41be-8311-cf0e386ab858 bucket: 6cded601-3015-4312-9759-376db9ceb0d6 key: .Trash
	at org.apache.hadoop.ozone.om.KeyManagerImpl.getOzoneFileStatus(KeyManagerImpl.java:1324) ~[ozone-manager-1.3.0-SNAPSHOT.jar:?]
	at org.apache.hadoop.ozone.om.KeyManagerImpl.getFileStatus(KeyManagerImpl.java:1254) ~[ozone-manager-1.3.0-SNAPSHOT.jar:?]
	at org.apache.hadoop.ozone.om.OzoneManager.getFileStatus(OzoneManager.java:3507) ~[ozone-manager-1.3.0-SNAPSHOT.jar:?]
	at org.apache.hadoop.ozone.protocolPB.OzoneManagerRequestHandler.getOzoneFileStatus(OzoneManagerRequestHandler.java:882) ~[ozone-manager-1.3.0-SNAPSHOT.jar:?]
	at org.apache.hadoop.ozone.protocolPB.OzoneManagerRequestHandler.handleReadRequest(OzoneManagerRequestHandler.java:228) ~[ozone-manager-1.3.0-SNAPSHOT.jar:?]
	at org.apache.hadoop.ozone.protocolPB.OzoneManagerProtocolServerSideTranslatorPB.submitRequestDirectlyToOM(OzoneManagerProtocolServerSideTranslatorPB.java:276) ~[ozone-manager-1.3.0-SNAPSHOT.jar:?]
	at org.apache.hadoop.ozone.protocolPB.OzoneManagerProtocolServerSideTranslatorPB.processRequest(OzoneManagerProtocolServerSideTranslatorPB.java:205) ~[ozone-manager-1.3.0-SNAPSHOT.jar:?]
	at org.apache.hadoop.hdds.server.OzoneProtocolMessageDispatcher.processRequest(OzoneProtocolMessageDispatcher.java:87) [hdds-server-framework-1.3.0-SNAPSHOT.jar:?]
	at org.apache.hadoop.ozone.protocolPB.OzoneManagerProtocolServerSideTranslatorPB.submitRequest(OzoneManagerProtocolServerSideTranslatorPB.java:147) [ozone-manager-1.3.0-SNAPSHOT.jar:?]
	at org.apache.hadoop.ozone.protocol.proto.OzoneManagerProtocolProtos$OzoneManagerService$2.callBlockingMethod(OzoneManagerProtocolProtos.java) [ozone-interface-client-1.3.0-SNAPSHOT.jar:?]
	at org.apache.hadoop.ipc.ProtobufRpcEngine$Server.processCall(ProtobufRpcEngine.java:466) [hadoop-common-3.3.1.jar:?]
	at org.apache.hadoop.ipc.ProtobufRpcEngine2$Server$ProtoBufRpcInvoker.call(ProtobufRpcEngine2.java:574) [hadoop-common-3.3.1.jar:?]
	at org.apache.hadoop.ipc.ProtobufRpcEngine2$Server$ProtoBufRpcInvoker.call(ProtobufRpcEngine2.java:552) [hadoop-common-3.3.1.jar:?]
	at org.apache.hadoop.ipc.RPC$Server.call(RPC.java:1093) [hadoop-common-3.3.1.jar:?]
	at org.apache.hadoop.ipc.Server$RpcCall.run(Server.java:1035) [hadoop-common-3.3.1.jar:?]
	at org.apache.hadoop.ipc.Server$RpcCall.run(Server.java:963) [hadoop-common-3.3.1.jar:?]
	at java.security.AccessController.doPrivileged(Native Method) ~[?:1.8.0_345]
	at javax.security.auth.Subject.doAs(Subject.java:422) [?:1.8.0_345]
	at org.apache.hadoop.security.UserGroupInformation.doAs(UserGroupInformation.java:1878) [hadoop-common-3.3.1.jar:?]
	at org.apache.hadoop.ipc.Server$Handler.run(Server.java:2966) [hadoop-common-3.3.1.jar:?]
2022-10-06 01:05:08,026 [Time-limited test] WARN  ozone.BasicRootedOzoneFileSystem (BasicRootedOzoneFileSystem.java:getFileStatus(879)) - GetFileStatus failed for path /5c619e3a-572e-41be-8311-cf0e386ab858/6cded601-3015-4312-9759-376db9ceb0d6/.Trash
java.io.FileNotFoundException: .Trash: No such file or directory!
	at org.apache.hadoop.fs.ozone.BasicRootedOzoneClientAdapterImpl.getFileStatus(BasicRootedOzoneClientAdapterImpl.java:617)
	at org.apache.hadoop.fs.ozone.BasicRootedOzoneFileSystem.getFileStatus(BasicRootedOzoneFileSystem.java:869)
	at org.apache.hadoop.fs.FileSystem.exists(FileSystem.java:1760)
	at org.apache.hadoop.fs.ozone.BasicRootedOzoneFileSystem.exists(BasicRootedOzoneFileSystem.java:918)
	at org.apache.hadoop.fs.ozone.BasicRootedOzoneClientAdapterImpl.getTrashRoots(BasicRootedOzoneClientAdapterImpl.java:660)
	at org.apache.hadoop.fs.ozone.BasicRootedOzoneFileSystem.getTrashRoots(BasicRootedOzoneFileSystem.java:824)
	at org.apache.hadoop.fs.ozone.TestRootedOzoneFileSystem.testGetTrashRoots(TestRootedOzoneFileSystem.java:1520)
	at sun.reflect.NativeMethodAccessorImpl.invoke0(Native Method)
	at sun.reflect.NativeMethodAccessorImpl.invoke(NativeMethodAccessorImpl.java:62)
	at sun.reflect.DelegatingMethodAccessorImpl.invoke(DelegatingMethodAccessorImpl.java:43)
	at java.lang.reflect.Method.invoke(Method.java:498)
	at org.junit.runners.model.FrameworkMethod$1.runReflectiveCall(FrameworkMethod.java:59)
	at org.junit.internal.runners.model.ReflectiveCallable.run(ReflectiveCallable.java:12)
	at org.junit.runners.model.FrameworkMethod.invokeExplosively(FrameworkMethod.java:56)
	at org.junit.internal.runners.statements.InvokeMethod.evaluate(InvokeMethod.java:17)
	at org.junit.internal.runners.statements.RunBefores.evaluate(RunBefores.java:26)
	at org.junit.internal.runners.statements.RunAfters.evaluate(RunAfters.java:27)
	at org.junit.internal.runners.statements.FailOnTimeout$CallableStatement.call(FailOnTimeout.java:288)
	at org.junit.internal.runners.statements.FailOnTimeout$CallableStatement.call(FailOnTimeout.java:282)
	at java.util.concurrent.FutureTask.run(FutureTask.java:266)
	at java.lang.Thread.run(Thread.java:750)
]]></system-out>
  </testcase>
  <testcase name="testCreateDoesNotAddParentDirKeys" classname="TestRootedOzoneFileSystemWithFSO" time="0.078">
    <system-out><![CDATA[2022-10-06 01:03:41,419 [Time-limited test] INFO  rpc.RpcClient (RpcClient.java:createVolume(471)) - Creating Volume: volume73724, with user08158 as owner and space quota set to -1 bytes, counts quota set to -1
2022-10-06 01:03:41,421 [OM StateMachine ApplyTransaction Thread - 0] INFO  volume.OMVolumeCreateRequest (OMVolumeCreateRequest.java:validateAndUpdateCache(195)) - created volume:volume73724 for user:user08158
2022-10-06 01:03:41,422 [Time-limited test] INFO  rpc.RpcClient (RpcClient.java:createBucket(674)) - Creating Bucket: volume73724/bucket19733, with bucket layout FILE_SYSTEM_OPTIMIZED, runner as owner, Versioning false, Storage Type set to DISK and Encryption set to false 
2022-10-06 01:03:41,423 [OM StateMachine ApplyTransaction Thread - 0] INFO  bucket.OMBucketCreateRequest (OMBucketCreateRequest.java:validateAndUpdateCache(260)) - created bucket: bucket19733 of layout FILE_SYSTEM_OPTIMIZED in volume: volume73724
]]></system-out>
  </testcase>
  <testcase name="testCreateDoesNotAddParentDirKeys" classname="TestRootedOzoneFileSystemWithFSO" time="0.161">
    <system-out><![CDATA[2022-10-06 01:05:08,144 [Time-limited test] INFO  rpc.RpcClient (RpcClient.java:createVolume(471)) - Creating Volume: volume12642, with user91469 as owner and space quota set to -1 bytes, counts quota set to -1
2022-10-06 01:05:08,145 [IPC Server handler 0 on default port 44363] INFO  volume.OMVolumeCreateRequest (OMVolumeCreateRequest.java:validateAndUpdateCache(195)) - created volume:volume12642 for user:user91469
2022-10-06 01:05:08,149 [Time-limited test] INFO  rpc.RpcClient (RpcClient.java:createBucket(674)) - Creating Bucket: volume12642/bucket68891, with bucket layout FILE_SYSTEM_OPTIMIZED, runner as owner, Versioning false, Storage Type set to DISK and Encryption set to false 
2022-10-06 01:05:08,150 [IPC Server handler 11 on default port 44363] INFO  bucket.OMBucketCreateRequest (OMBucketCreateRequest.java:validateAndUpdateCache(260)) - created bucket: bucket68891 of layout FILE_SYSTEM_OPTIMIZED in volume: volume12642
]]></system-out>
  </testcase>
  <testcase name="testUnbuffer" classname="TestRootedOzoneFileSystemWithFSO" time="0.119">
    <system-out><![CDATA[2022-10-06 01:03:41,490 [Time-limited test] INFO  rpc.RpcClient (RpcClient.java:createVolume(471)) - Creating Volume: volume65505, with user44991 as owner and space quota set to -1 bytes, counts quota set to -1
2022-10-06 01:03:41,492 [OM StateMachine ApplyTransaction Thread - 0] INFO  volume.OMVolumeCreateRequest (OMVolumeCreateRequest.java:validateAndUpdateCache(195)) - created volume:volume65505 for user:user44991
2022-10-06 01:03:41,493 [Time-limited test] INFO  rpc.RpcClient (RpcClient.java:createBucket(674)) - Creating Bucket: volume65505/bucket47569, with bucket layout FILE_SYSTEM_OPTIMIZED, runner as owner, Versioning false, Storage Type set to DISK and Encryption set to false 
2022-10-06 01:03:41,495 [OM StateMachine ApplyTransaction Thread - 0] INFO  bucket.OMBucketCreateRequest (OMBucketCreateRequest.java:validateAndUpdateCache(260)) - created bucket: bucket47569 of layout FILE_SYSTEM_OPTIMIZED in volume: volume65505
]]></system-out>
  </testcase>
  <testcase name="testUnbuffer" classname="TestRootedOzoneFileSystemWithFSO" time="0.158">
    <system-out><![CDATA[2022-10-06 01:05:08,275 [Time-limited test] INFO  rpc.RpcClient (RpcClient.java:createVolume(471)) - Creating Volume: volume23169, with user93382 as owner and space quota set to -1 bytes, counts quota set to -1
2022-10-06 01:05:08,276 [IPC Server handler 11 on default port 44363] INFO  volume.OMVolumeCreateRequest (OMVolumeCreateRequest.java:validateAndUpdateCache(195)) - created volume:volume23169 for user:user93382
2022-10-06 01:05:08,277 [Time-limited test] INFO  rpc.RpcClient (RpcClient.java:createBucket(674)) - Creating Bucket: volume23169/bucket62536, with bucket layout FILE_SYSTEM_OPTIMIZED, runner as owner, Versioning false, Storage Type set to DISK and Encryption set to false 
2022-10-06 01:05:08,277 [IPC Server handler 13 on default port 44363] INFO  bucket.OMBucketCreateRequest (OMBucketCreateRequest.java:validateAndUpdateCache(260)) - created bucket: bucket62536 of layout FILE_SYSTEM_OPTIMIZED in volume: volume23169
]]></system-out>
  </testcase>
  <testcase name="testDeleteCreatesFakeParentDir" classname="TestRootedOzoneFileSystemWithFSO" time="0">
    <skipped type="org.junit.AssumptionViolatedException"><![CDATA[org.junit.AssumptionViolatedException: FS Path is enabled. Skipping this test as it is not tuned for FS Path yet
	at org.junit.Assume.assumeTrue(Assume.java:68)
	at org.apache.hadoop.fs.ozone.TestRootedOzoneFileSystem.testDeleteCreatesFakeParentDir(TestRootedOzoneFileSystem.java:321)
	at sun.reflect.NativeMethodAccessorImpl.invoke0(Native Method)
	at sun.reflect.NativeMethodAccessorImpl.invoke(NativeMethodAccessorImpl.java:62)
	at sun.reflect.DelegatingMethodAccessorImpl.invoke(DelegatingMethodAccessorImpl.java:43)
	at java.lang.reflect.Method.invoke(Method.java:498)
	at org.junit.runners.model.FrameworkMethod$1.runReflectiveCall(FrameworkMethod.java:59)
	at org.junit.internal.runners.model.ReflectiveCallable.run(ReflectiveCallable.java:12)
	at org.junit.runners.model.FrameworkMethod.invokeExplosively(FrameworkMethod.java:56)
	at org.junit.internal.runners.statements.InvokeMethod.evaluate(InvokeMethod.java:17)
	at org.junit.internal.runners.statements.RunBefores.evaluate(RunBefores.java:26)
	at org.junit.internal.runners.statements.RunAfters.evaluate(RunAfters.java:27)
	at org.junit.internal.runners.statements.FailOnTimeout$CallableStatement.call(FailOnTimeout.java:288)
	at org.junit.internal.runners.statements.FailOnTimeout$CallableStatement.call(FailOnTimeout.java:282)
	at java.util.concurrent.FutureTask.run(FutureTask.java:266)
	at java.lang.Thread.run(Thread.java:750)
]]></skipped>
    <system-out><![CDATA[2022-10-06 01:03:41,607 [Time-limited test] INFO  rpc.RpcClient (RpcClient.java:createVolume(471)) - Creating Volume: volume89524, with user83522 as owner and space quota set to -1 bytes, counts quota set to -1
2022-10-06 01:03:41,608 [OM StateMachine ApplyTransaction Thread - 0] INFO  volume.OMVolumeCreateRequest (OMVolumeCreateRequest.java:validateAndUpdateCache(195)) - created volume:volume89524 for user:user83522
2022-10-06 01:03:41,610 [Time-limited test] INFO  rpc.RpcClient (RpcClient.java:createBucket(674)) - Creating Bucket: volume89524/bucket82894, with bucket layout FILE_SYSTEM_OPTIMIZED, runner as owner, Versioning false, Storage Type set to DISK and Encryption set to false 
2022-10-06 01:03:41,611 [OM StateMachine ApplyTransaction Thread - 0] INFO  bucket.OMBucketCreateRequest (OMBucketCreateRequest.java:validateAndUpdateCache(260)) - created bucket: bucket82894 of layout FILE_SYSTEM_OPTIMIZED in volume: volume89524
]]></system-out>
  </testcase>
  <testcase name="testDeleteCreatesFakeParentDir" classname="TestRootedOzoneFileSystemWithFSO" time="0">
    <skipped type="org.junit.AssumptionViolatedException"><![CDATA[org.junit.AssumptionViolatedException: FS Path is enabled. Skipping this test as it is not tuned for FS Path yet
	at org.junit.Assume.assumeTrue(Assume.java:68)
	at org.apache.hadoop.fs.ozone.TestRootedOzoneFileSystem.testDeleteCreatesFakeParentDir(TestRootedOzoneFileSystem.java:321)
	at sun.reflect.NativeMethodAccessorImpl.invoke0(Native Method)
	at sun.reflect.NativeMethodAccessorImpl.invoke(NativeMethodAccessorImpl.java:62)
	at sun.reflect.DelegatingMethodAccessorImpl.invoke(DelegatingMethodAccessorImpl.java:43)
	at java.lang.reflect.Method.invoke(Method.java:498)
	at org.junit.runners.model.FrameworkMethod$1.runReflectiveCall(FrameworkMethod.java:59)
	at org.junit.internal.runners.model.ReflectiveCallable.run(ReflectiveCallable.java:12)
	at org.junit.runners.model.FrameworkMethod.invokeExplosively(FrameworkMethod.java:56)
	at org.junit.internal.runners.statements.InvokeMethod.evaluate(InvokeMethod.java:17)
	at org.junit.internal.runners.statements.RunBefores.evaluate(RunBefores.java:26)
	at org.junit.internal.runners.statements.RunAfters.evaluate(RunAfters.java:27)
	at org.junit.internal.runners.statements.FailOnTimeout$CallableStatement.call(FailOnTimeout.java:288)
	at org.junit.internal.runners.statements.FailOnTimeout$CallableStatement.call(FailOnTimeout.java:282)
	at java.util.concurrent.FutureTask.run(FutureTask.java:266)
	at java.lang.Thread.run(Thread.java:750)
]]></skipped>
    <system-out><![CDATA[2022-10-06 01:05:08,423 [Time-limited test] INFO  rpc.RpcClient (RpcClient.java:createVolume(471)) - Creating Volume: volume45015, with user51830 as owner and space quota set to -1 bytes, counts quota set to -1
2022-10-06 01:05:08,424 [IPC Server handler 18 on default port 44363] INFO  volume.OMVolumeCreateRequest (OMVolumeCreateRequest.java:validateAndUpdateCache(195)) - created volume:volume45015 for user:user51830
2022-10-06 01:05:08,425 [Time-limited test] INFO  rpc.RpcClient (RpcClient.java:createBucket(674)) - Creating Bucket: volume45015/bucket80709, with bucket layout FILE_SYSTEM_OPTIMIZED, runner as owner, Versioning false, Storage Type set to DISK and Encryption set to false 
2022-10-06 01:05:08,425 [IPC Server handler 7 on default port 44363] INFO  bucket.OMBucketCreateRequest (OMBucketCreateRequest.java:validateAndUpdateCache(260)) - created bucket: bucket80709 of layout FILE_SYSTEM_OPTIMIZED in volume: volume45015
]]></system-out>
  </testcase>
  <testcase name="testNonExplicitlyCreatedPathExistsAfterItsLeafsWereRemoved" classname="TestRootedOzoneFileSystemWithFSO" time="0.065">
    <system-out><![CDATA[2022-10-06 01:03:41,653 [Time-limited test] INFO  rpc.RpcClient (RpcClient.java:createVolume(471)) - Creating Volume: volume46659, with user64085 as owner and space quota set to -1 bytes, counts quota set to -1
2022-10-06 01:03:41,655 [OM StateMachine ApplyTransaction Thread - 0] INFO  volume.OMVolumeCreateRequest (OMVolumeCreateRequest.java:validateAndUpdateCache(195)) - created volume:volume46659 for user:user64085
2022-10-06 01:03:41,658 [Time-limited test] INFO  rpc.RpcClient (RpcClient.java:createBucket(674)) - Creating Bucket: volume46659/bucket57963, with bucket layout FILE_SYSTEM_OPTIMIZED, runner as owner, Versioning false, Storage Type set to DISK and Encryption set to false 
2022-10-06 01:03:41,659 [OM StateMachine ApplyTransaction Thread - 0] INFO  bucket.OMBucketCreateRequest (OMBucketCreateRequest.java:validateAndUpdateCache(260)) - created bucket: bucket57963 of layout FILE_SYSTEM_OPTIMIZED in volume: volume46659
]]></system-out>
  </testcase>
  <testcase name="testNonExplicitlyCreatedPathExistsAfterItsLeafsWereRemoved" classname="TestRootedOzoneFileSystemWithFSO" time="0.103">
    <system-out><![CDATA[2022-10-06 01:05:08,512 [Time-limited test] INFO  rpc.RpcClient (RpcClient.java:createVolume(471)) - Creating Volume: volume43344, with user20007 as owner and space quota set to -1 bytes, counts quota set to -1
2022-10-06 01:05:08,512 [IPC Server handler 7 on default port 44363] INFO  volume.OMVolumeCreateRequest (OMVolumeCreateRequest.java:validateAndUpdateCache(195)) - created volume:volume43344 for user:user20007
2022-10-06 01:05:08,513 [Time-limited test] INFO  rpc.RpcClient (RpcClient.java:createBucket(674)) - Creating Bucket: volume43344/bucket56975, with bucket layout FILE_SYSTEM_OPTIMIZED, runner as owner, Versioning false, Storage Type set to DISK and Encryption set to false 
2022-10-06 01:05:08,522 [IPC Server handler 5 on default port 44363] INFO  bucket.OMBucketCreateRequest (OMBucketCreateRequest.java:validateAndUpdateCache(260)) - created bucket: bucket56975 of layout FILE_SYSTEM_OPTIMIZED in volume: volume43344
]]></system-out>
  </testcase>
  <testcase name="testFileDelete" classname="TestRootedOzoneFileSystemWithFSO" time="0.229">
    <system-out><![CDATA[2022-10-06 01:03:41,716 [Time-limited test] INFO  rpc.RpcClient (RpcClient.java:createVolume(471)) - Creating Volume: volume96664, with user66055 as owner and space quota set to -1 bytes, counts quota set to -1
2022-10-06 01:03:41,718 [OM StateMachine ApplyTransaction Thread - 0] INFO  volume.OMVolumeCreateRequest (OMVolumeCreateRequest.java:validateAndUpdateCache(195)) - created volume:volume96664 for user:user66055
2022-10-06 01:03:41,720 [Time-limited test] INFO  rpc.RpcClient (RpcClient.java:createBucket(674)) - Creating Bucket: volume96664/bucket95905, with bucket layout FILE_SYSTEM_OPTIMIZED, runner as owner, Versioning false, Storage Type set to DISK and Encryption set to false 
2022-10-06 01:03:41,721 [OM StateMachine ApplyTransaction Thread - 0] INFO  bucket.OMBucketCreateRequest (OMBucketCreateRequest.java:validateAndUpdateCache(260)) - created bucket: bucket95905 of layout FILE_SYSTEM_OPTIMIZED in volume: volume96664
01:03:41.880 [IPC Server handler 15 on default port 34317] ERROR OMAudit - user=runner | ip=127.0.0.1 | op=GET_FILE_STATUS {volume=volume96664, bucket=bucket95905, key=testBatchDelete, dataSize=0, replicationConfig=null} | ret=FAILURE
org.apache.hadoop.ozone.om.exceptions.OMException: Unable to get file status: volume: volume96664 bucket: bucket95905 key: testBatchDelete
	at org.apache.hadoop.ozone.om.KeyManagerImpl.getOzoneFileStatusFSO(KeyManagerImpl.java:1389) ~[ozone-manager-1.3.0-SNAPSHOT.jar:?]
	at org.apache.hadoop.ozone.om.KeyManagerImpl.getFileStatus(KeyManagerImpl.java:1252) ~[ozone-manager-1.3.0-SNAPSHOT.jar:?]
	at org.apache.hadoop.ozone.om.OzoneManager.getFileStatus(OzoneManager.java:3507) ~[ozone-manager-1.3.0-SNAPSHOT.jar:?]
	at org.apache.hadoop.ozone.protocolPB.OzoneManagerRequestHandler.getOzoneFileStatus(OzoneManagerRequestHandler.java:882) ~[ozone-manager-1.3.0-SNAPSHOT.jar:?]
	at org.apache.hadoop.ozone.protocolPB.OzoneManagerRequestHandler.handleReadRequest(OzoneManagerRequestHandler.java:228) ~[ozone-manager-1.3.0-SNAPSHOT.jar:?]
	at org.apache.hadoop.ozone.protocolPB.OzoneManagerProtocolServerSideTranslatorPB.submitReadRequestToOM(OzoneManagerProtocolServerSideTranslatorPB.java:226) ~[ozone-manager-1.3.0-SNAPSHOT.jar:?]
	at org.apache.hadoop.ozone.protocolPB.OzoneManagerProtocolServerSideTranslatorPB.processRequest(OzoneManagerProtocolServerSideTranslatorPB.java:175) ~[ozone-manager-1.3.0-SNAPSHOT.jar:?]
	at org.apache.hadoop.hdds.server.OzoneProtocolMessageDispatcher.processRequest(OzoneProtocolMessageDispatcher.java:87) [hdds-server-framework-1.3.0-SNAPSHOT.jar:?]
	at org.apache.hadoop.ozone.protocolPB.OzoneManagerProtocolServerSideTranslatorPB.submitRequest(OzoneManagerProtocolServerSideTranslatorPB.java:147) [ozone-manager-1.3.0-SNAPSHOT.jar:?]
	at org.apache.hadoop.ozone.protocol.proto.OzoneManagerProtocolProtos$OzoneManagerService$2.callBlockingMethod(OzoneManagerProtocolProtos.java) [ozone-interface-client-1.3.0-SNAPSHOT.jar:?]
	at org.apache.hadoop.ipc.ProtobufRpcEngine$Server.processCall(ProtobufRpcEngine.java:466) [hadoop-common-3.3.1.jar:?]
	at org.apache.hadoop.ipc.ProtobufRpcEngine2$Server$ProtoBufRpcInvoker.call(ProtobufRpcEngine2.java:574) [hadoop-common-3.3.1.jar:?]
	at org.apache.hadoop.ipc.ProtobufRpcEngine2$Server$ProtoBufRpcInvoker.call(ProtobufRpcEngine2.java:552) [hadoop-common-3.3.1.jar:?]
	at org.apache.hadoop.ipc.RPC$Server.call(RPC.java:1093) [hadoop-common-3.3.1.jar:?]
	at org.apache.hadoop.ipc.Server$RpcCall.run(Server.java:1035) [hadoop-common-3.3.1.jar:?]
	at org.apache.hadoop.ipc.Server$RpcCall.run(Server.java:963) [hadoop-common-3.3.1.jar:?]
	at java.security.AccessController.doPrivileged(Native Method) ~[?:1.8.0_345]
	at javax.security.auth.Subject.doAs(Subject.java:422) [?:1.8.0_345]
	at org.apache.hadoop.security.UserGroupInformation.doAs(UserGroupInformation.java:1878) [hadoop-common-3.3.1.jar:?]
	at org.apache.hadoop.ipc.Server$Handler.run(Server.java:2966) [hadoop-common-3.3.1.jar:?]
2022-10-06 01:03:41,880 [Time-limited test] WARN  ozone.BasicRootedOzoneFileSystem (BasicRootedOzoneFileSystem.java:getFileStatus(879)) - GetFileStatus failed for path /volume96664/bucket95905/testBatchDelete
java.io.FileNotFoundException: testBatchDelete: No such file or directory!
	at org.apache.hadoop.fs.ozone.BasicRootedOzoneClientAdapterImpl.getFileStatus(BasicRootedOzoneClientAdapterImpl.java:617)
	at org.apache.hadoop.fs.ozone.BasicRootedOzoneFileSystem.getFileStatus(BasicRootedOzoneFileSystem.java:869)
	at org.apache.hadoop.fs.FileSystem.exists(FileSystem.java:1760)
	at org.apache.hadoop.fs.ozone.BasicRootedOzoneFileSystem.exists(BasicRootedOzoneFileSystem.java:918)
	at org.apache.hadoop.fs.ozone.TestRootedOzoneFileSystem.testFileDelete(TestRootedOzoneFileSystem.java:1580)
	at sun.reflect.NativeMethodAccessorImpl.invoke0(Native Method)
	at sun.reflect.NativeMethodAccessorImpl.invoke(NativeMethodAccessorImpl.java:62)
	at sun.reflect.DelegatingMethodAccessorImpl.invoke(DelegatingMethodAccessorImpl.java:43)
	at java.lang.reflect.Method.invoke(Method.java:498)
	at org.junit.runners.model.FrameworkMethod$1.runReflectiveCall(FrameworkMethod.java:59)
	at org.junit.internal.runners.model.ReflectiveCallable.run(ReflectiveCallable.java:12)
	at org.junit.runners.model.FrameworkMethod.invokeExplosively(FrameworkMethod.java:56)
	at org.junit.internal.runners.statements.InvokeMethod.evaluate(InvokeMethod.java:17)
	at org.junit.internal.runners.statements.RunBefores.evaluate(RunBefores.java:26)
	at org.junit.internal.runners.statements.RunAfters.evaluate(RunAfters.java:27)
	at org.junit.internal.runners.statements.FailOnTimeout$CallableStatement.call(FailOnTimeout.java:288)
	at org.junit.internal.runners.statements.FailOnTimeout$CallableStatement.call(FailOnTimeout.java:282)
	at java.util.concurrent.FutureTask.run(FutureTask.java:266)
	at java.lang.Thread.run(Thread.java:750)
01:03:41.882 [IPC Server handler 18 on default port 34317] ERROR OMAudit - user=runner | ip=127.0.0.1 | op=GET_FILE_STATUS {volume=volume96664, bucket=bucket95905, key=testBatchDelete/parent/child0, dataSize=0, replicationConfig=null} | ret=FAILURE
org.apache.hadoop.ozone.om.exceptions.OMException: Unable to get file status: volume: volume96664 bucket: bucket95905 key: testBatchDelete/parent/child0
	at org.apache.hadoop.ozone.om.KeyManagerImpl.getOzoneFileStatusFSO(KeyManagerImpl.java:1389) ~[ozone-manager-1.3.0-SNAPSHOT.jar:?]
	at org.apache.hadoop.ozone.om.KeyManagerImpl.getFileStatus(KeyManagerImpl.java:1252) ~[ozone-manager-1.3.0-SNAPSHOT.jar:?]
	at org.apache.hadoop.ozone.om.OzoneManager.getFileStatus(OzoneManager.java:3507) ~[ozone-manager-1.3.0-SNAPSHOT.jar:?]
	at org.apache.hadoop.ozone.protocolPB.OzoneManagerRequestHandler.getOzoneFileStatus(OzoneManagerRequestHandler.java:882) ~[ozone-manager-1.3.0-SNAPSHOT.jar:?]
	at org.apache.hadoop.ozone.protocolPB.OzoneManagerRequestHandler.handleReadRequest(OzoneManagerRequestHandler.java:228) ~[ozone-manager-1.3.0-SNAPSHOT.jar:?]
	at org.apache.hadoop.ozone.protocolPB.OzoneManagerProtocolServerSideTranslatorPB.submitReadRequestToOM(OzoneManagerProtocolServerSideTranslatorPB.java:226) ~[ozone-manager-1.3.0-SNAPSHOT.jar:?]
	at org.apache.hadoop.ozone.protocolPB.OzoneManagerProtocolServerSideTranslatorPB.processRequest(OzoneManagerProtocolServerSideTranslatorPB.java:175) ~[ozone-manager-1.3.0-SNAPSHOT.jar:?]
	at org.apache.hadoop.hdds.server.OzoneProtocolMessageDispatcher.processRequest(OzoneProtocolMessageDispatcher.java:87) [hdds-server-framework-1.3.0-SNAPSHOT.jar:?]
	at org.apache.hadoop.ozone.protocolPB.OzoneManagerProtocolServerSideTranslatorPB.submitRequest(OzoneManagerProtocolServerSideTranslatorPB.java:147) [ozone-manager-1.3.0-SNAPSHOT.jar:?]
	at org.apache.hadoop.ozone.protocol.proto.OzoneManagerProtocolProtos$OzoneManagerService$2.callBlockingMethod(OzoneManagerProtocolProtos.java) [ozone-interface-client-1.3.0-SNAPSHOT.jar:?]
	at org.apache.hadoop.ipc.ProtobufRpcEngine$Server.processCall(ProtobufRpcEngine.java:466) [hadoop-common-3.3.1.jar:?]
	at org.apache.hadoop.ipc.ProtobufRpcEngine2$Server$ProtoBufRpcInvoker.call(ProtobufRpcEngine2.java:574) [hadoop-common-3.3.1.jar:?]
	at org.apache.hadoop.ipc.ProtobufRpcEngine2$Server$ProtoBufRpcInvoker.call(ProtobufRpcEngine2.java:552) [hadoop-common-3.3.1.jar:?]
	at org.apache.hadoop.ipc.RPC$Server.call(RPC.java:1093) [hadoop-common-3.3.1.jar:?]
	at org.apache.hadoop.ipc.Server$RpcCall.run(Server.java:1035) [hadoop-common-3.3.1.jar:?]
	at org.apache.hadoop.ipc.Server$RpcCall.run(Server.java:963) [hadoop-common-3.3.1.jar:?]
	at java.security.AccessController.doPrivileged(Native Method) ~[?:1.8.0_345]
	at javax.security.auth.Subject.doAs(Subject.java:422) [?:1.8.0_345]
	at org.apache.hadoop.security.UserGroupInformation.doAs(UserGroupInformation.java:1878) [hadoop-common-3.3.1.jar:?]
	at org.apache.hadoop.ipc.Server$Handler.run(Server.java:2966) [hadoop-common-3.3.1.jar:?]
2022-10-06 01:03:41,883 [Time-limited test] WARN  ozone.BasicRootedOzoneFileSystem (BasicRootedOzoneFileSystem.java:getFileStatus(879)) - GetFileStatus failed for path /volume96664/bucket95905/testBatchDelete/parent/child0
java.io.FileNotFoundException: testBatchDelete/parent/child0: No such file or directory!
	at org.apache.hadoop.fs.ozone.BasicRootedOzoneClientAdapterImpl.getFileStatus(BasicRootedOzoneClientAdapterImpl.java:617)
	at org.apache.hadoop.fs.ozone.BasicRootedOzoneFileSystem.getFileStatus(BasicRootedOzoneFileSystem.java:869)
	at org.apache.hadoop.fs.FileSystem.exists(FileSystem.java:1760)
	at org.apache.hadoop.fs.ozone.BasicRootedOzoneFileSystem.exists(BasicRootedOzoneFileSystem.java:918)
	at org.apache.hadoop.fs.ozone.TestRootedOzoneFileSystem.testFileDelete(TestRootedOzoneFileSystem.java:1584)
	at sun.reflect.NativeMethodAccessorImpl.invoke0(Native Method)
	at sun.reflect.NativeMethodAccessorImpl.invoke(NativeMethodAccessorImpl.java:62)
	at sun.reflect.DelegatingMethodAccessorImpl.invoke(DelegatingMethodAccessorImpl.java:43)
	at java.lang.reflect.Method.invoke(Method.java:498)
	at org.junit.runners.model.FrameworkMethod$1.runReflectiveCall(FrameworkMethod.java:59)
	at org.junit.internal.runners.model.ReflectiveCallable.run(ReflectiveCallable.java:12)
	at org.junit.runners.model.FrameworkMethod.invokeExplosively(FrameworkMethod.java:56)
	at org.junit.internal.runners.statements.InvokeMethod.evaluate(InvokeMethod.java:17)
	at org.junit.internal.runners.statements.RunBefores.evaluate(RunBefores.java:26)
	at org.junit.internal.runners.statements.RunAfters.evaluate(RunAfters.java:27)
	at org.junit.internal.runners.statements.FailOnTimeout$CallableStatement.call(FailOnTimeout.java:288)
	at org.junit.internal.runners.statements.FailOnTimeout$CallableStatement.call(FailOnTimeout.java:282)
	at java.util.concurrent.FutureTask.run(FutureTask.java:266)
	at java.lang.Thread.run(Thread.java:750)
01:03:41.884 [IPC Server handler 3 on default port 34317] ERROR OMAudit - user=runner | ip=127.0.0.1 | op=GET_FILE_STATUS {volume=volume96664, bucket=bucket95905, key=testBatchDelete/parent/childFolder/child0, dataSize=0, replicationConfig=null} | ret=FAILURE
org.apache.hadoop.ozone.om.exceptions.OMException: Unable to get file status: volume: volume96664 bucket: bucket95905 key: testBatchDelete/parent/childFolder/child0
	at org.apache.hadoop.ozone.om.KeyManagerImpl.getOzoneFileStatusFSO(KeyManagerImpl.java:1389) ~[ozone-manager-1.3.0-SNAPSHOT.jar:?]
	at org.apache.hadoop.ozone.om.KeyManagerImpl.getFileStatus(KeyManagerImpl.java:1252) ~[ozone-manager-1.3.0-SNAPSHOT.jar:?]
	at org.apache.hadoop.ozone.om.OzoneManager.getFileStatus(OzoneManager.java:3507) ~[ozone-manager-1.3.0-SNAPSHOT.jar:?]
	at org.apache.hadoop.ozone.protocolPB.OzoneManagerRequestHandler.getOzoneFileStatus(OzoneManagerRequestHandler.java:882) ~[ozone-manager-1.3.0-SNAPSHOT.jar:?]
	at org.apache.hadoop.ozone.protocolPB.OzoneManagerRequestHandler.handleReadRequest(OzoneManagerRequestHandler.java:228) ~[ozone-manager-1.3.0-SNAPSHOT.jar:?]
	at org.apache.hadoop.ozone.protocolPB.OzoneManagerProtocolServerSideTranslatorPB.submitReadRequestToOM(OzoneManagerProtocolServerSideTranslatorPB.java:226) ~[ozone-manager-1.3.0-SNAPSHOT.jar:?]
	at org.apache.hadoop.ozone.protocolPB.OzoneManagerProtocolServerSideTranslatorPB.processRequest(OzoneManagerProtocolServerSideTranslatorPB.java:175) ~[ozone-manager-1.3.0-SNAPSHOT.jar:?]
	at org.apache.hadoop.hdds.server.OzoneProtocolMessageDispatcher.processRequest(OzoneProtocolMessageDispatcher.java:87) [hdds-server-framework-1.3.0-SNAPSHOT.jar:?]
	at org.apache.hadoop.ozone.protocolPB.OzoneManagerProtocolServerSideTranslatorPB.submitRequest(OzoneManagerProtocolServerSideTranslatorPB.java:147) [ozone-manager-1.3.0-SNAPSHOT.jar:?]
	at org.apache.hadoop.ozone.protocol.proto.OzoneManagerProtocolProtos$OzoneManagerService$2.callBlockingMethod(OzoneManagerProtocolProtos.java) [ozone-interface-client-1.3.0-SNAPSHOT.jar:?]
	at org.apache.hadoop.ipc.ProtobufRpcEngine$Server.processCall(ProtobufRpcEngine.java:466) [hadoop-common-3.3.1.jar:?]
	at org.apache.hadoop.ipc.ProtobufRpcEngine2$Server$ProtoBufRpcInvoker.call(ProtobufRpcEngine2.java:574) [hadoop-common-3.3.1.jar:?]
	at org.apache.hadoop.ipc.ProtobufRpcEngine2$Server$ProtoBufRpcInvoker.call(ProtobufRpcEngine2.java:552) [hadoop-common-3.3.1.jar:?]
	at org.apache.hadoop.ipc.RPC$Server.call(RPC.java:1093) [hadoop-common-3.3.1.jar:?]
	at org.apache.hadoop.ipc.Server$RpcCall.run(Server.java:1035) [hadoop-common-3.3.1.jar:?]
	at org.apache.hadoop.ipc.Server$RpcCall.run(Server.java:963) [hadoop-common-3.3.1.jar:?]
	at java.security.AccessController.doPrivileged(Native Method) ~[?:1.8.0_345]
	at javax.security.auth.Subject.doAs(Subject.java:422) [?:1.8.0_345]
	at org.apache.hadoop.security.UserGroupInformation.doAs(UserGroupInformation.java:1878) [hadoop-common-3.3.1.jar:?]
	at org.apache.hadoop.ipc.Server$Handler.run(Server.java:2966) [hadoop-common-3.3.1.jar:?]
2022-10-06 01:03:41,886 [Time-limited test] WARN  ozone.BasicRootedOzoneFileSystem (BasicRootedOzoneFileSystem.java:getFileStatus(879)) - GetFileStatus failed for path /volume96664/bucket95905/testBatchDelete/parent/childFolder/child0
java.io.FileNotFoundException: testBatchDelete/parent/childFolder/child0: No such file or directory!
	at org.apache.hadoop.fs.ozone.BasicRootedOzoneClientAdapterImpl.getFileStatus(BasicRootedOzoneClientAdapterImpl.java:617)
	at org.apache.hadoop.fs.ozone.BasicRootedOzoneFileSystem.getFileStatus(BasicRootedOzoneFileSystem.java:869)
	at org.apache.hadoop.fs.FileSystem.exists(FileSystem.java:1760)
	at org.apache.hadoop.fs.ozone.BasicRootedOzoneFileSystem.exists(BasicRootedOzoneFileSystem.java:918)
	at org.apache.hadoop.fs.ozone.TestRootedOzoneFileSystem.testFileDelete(TestRootedOzoneFileSystem.java:1589)
	at sun.reflect.NativeMethodAccessorImpl.invoke0(Native Method)
	at sun.reflect.NativeMethodAccessorImpl.invoke(NativeMethodAccessorImpl.java:62)
	at sun.reflect.DelegatingMethodAccessorImpl.invoke(DelegatingMethodAccessorImpl.java:43)
	at java.lang.reflect.Method.invoke(Method.java:498)
	at org.junit.runners.model.FrameworkMethod$1.runReflectiveCall(FrameworkMethod.java:59)
	at org.junit.internal.runners.model.ReflectiveCallable.run(ReflectiveCallable.java:12)
	at org.junit.runners.model.FrameworkMethod.invokeExplosively(FrameworkMethod.java:56)
	at org.junit.internal.runners.statements.InvokeMethod.evaluate(InvokeMethod.java:17)
	at org.junit.internal.runners.statements.RunBefores.evaluate(RunBefores.java:26)
	at org.junit.internal.runners.statements.RunAfters.evaluate(RunAfters.java:27)
	at org.junit.internal.runners.statements.FailOnTimeout$CallableStatement.call(FailOnTimeout.java:288)
	at org.junit.internal.runners.statements.FailOnTimeout$CallableStatement.call(FailOnTimeout.java:282)
	at java.util.concurrent.FutureTask.run(FutureTask.java:266)
	at java.lang.Thread.run(Thread.java:750)
01:03:41.887 [IPC Server handler 12 on default port 34317] ERROR OMAudit - user=runner | ip=127.0.0.1 | op=GET_FILE_STATUS {volume=volume96664, bucket=bucket95905, key=testBatchDelete/parent/child1, dataSize=0, replicationConfig=null} | ret=FAILURE
org.apache.hadoop.ozone.om.exceptions.OMException: Unable to get file status: volume: volume96664 bucket: bucket95905 key: testBatchDelete/parent/child1
	at org.apache.hadoop.ozone.om.KeyManagerImpl.getOzoneFileStatusFSO(KeyManagerImpl.java:1389) ~[ozone-manager-1.3.0-SNAPSHOT.jar:?]
	at org.apache.hadoop.ozone.om.KeyManagerImpl.getFileStatus(KeyManagerImpl.java:1252) ~[ozone-manager-1.3.0-SNAPSHOT.jar:?]
	at org.apache.hadoop.ozone.om.OzoneManager.getFileStatus(OzoneManager.java:3507) ~[ozone-manager-1.3.0-SNAPSHOT.jar:?]
	at org.apache.hadoop.ozone.protocolPB.OzoneManagerRequestHandler.getOzoneFileStatus(OzoneManagerRequestHandler.java:882) ~[ozone-manager-1.3.0-SNAPSHOT.jar:?]
	at org.apache.hadoop.ozone.protocolPB.OzoneManagerRequestHandler.handleReadRequest(OzoneManagerRequestHandler.java:228) ~[ozone-manager-1.3.0-SNAPSHOT.jar:?]
	at org.apache.hadoop.ozone.protocolPB.OzoneManagerProtocolServerSideTranslatorPB.submitReadRequestToOM(OzoneManagerProtocolServerSideTranslatorPB.java:226) ~[ozone-manager-1.3.0-SNAPSHOT.jar:?]
	at org.apache.hadoop.ozone.protocolPB.OzoneManagerProtocolServerSideTranslatorPB.processRequest(OzoneManagerProtocolServerSideTranslatorPB.java:175) ~[ozone-manager-1.3.0-SNAPSHOT.jar:?]
	at org.apache.hadoop.hdds.server.OzoneProtocolMessageDispatcher.processRequest(OzoneProtocolMessageDispatcher.java:87) [hdds-server-framework-1.3.0-SNAPSHOT.jar:?]
	at org.apache.hadoop.ozone.protocolPB.OzoneManagerProtocolServerSideTranslatorPB.submitRequest(OzoneManagerProtocolServerSideTranslatorPB.java:147) [ozone-manager-1.3.0-SNAPSHOT.jar:?]
	at org.apache.hadoop.ozone.protocol.proto.OzoneManagerProtocolProtos$OzoneManagerService$2.callBlockingMethod(OzoneManagerProtocolProtos.java) [ozone-interface-client-1.3.0-SNAPSHOT.jar:?]
	at org.apache.hadoop.ipc.ProtobufRpcEngine$Server.processCall(ProtobufRpcEngine.java:466) [hadoop-common-3.3.1.jar:?]
	at org.apache.hadoop.ipc.ProtobufRpcEngine2$Server$ProtoBufRpcInvoker.call(ProtobufRpcEngine2.java:574) [hadoop-common-3.3.1.jar:?]
	at org.apache.hadoop.ipc.ProtobufRpcEngine2$Server$ProtoBufRpcInvoker.call(ProtobufRpcEngine2.java:552) [hadoop-common-3.3.1.jar:?]
	at org.apache.hadoop.ipc.RPC$Server.call(RPC.java:1093) [hadoop-common-3.3.1.jar:?]
	at org.apache.hadoop.ipc.Server$RpcCall.run(Server.java:1035) [hadoop-common-3.3.1.jar:?]
	at org.apache.hadoop.ipc.Server$RpcCall.run(Server.java:963) [hadoop-common-3.3.1.jar:?]
	at java.security.AccessController.doPrivileged(Native Method) ~[?:1.8.0_345]
	at javax.security.auth.Subject.doAs(Subject.java:422) [?:1.8.0_345]
	at org.apache.hadoop.security.UserGroupInformation.doAs(UserGroupInformation.java:1878) [hadoop-common-3.3.1.jar:?]
	at org.apache.hadoop.ipc.Server$Handler.run(Server.java:2966) [hadoop-common-3.3.1.jar:?]
2022-10-06 01:03:41,888 [Time-limited test] WARN  ozone.BasicRootedOzoneFileSystem (BasicRootedOzoneFileSystem.java:getFileStatus(879)) - GetFileStatus failed for path /volume96664/bucket95905/testBatchDelete/parent/child1
java.io.FileNotFoundException: testBatchDelete/parent/child1: No such file or directory!
	at org.apache.hadoop.fs.ozone.BasicRootedOzoneClientAdapterImpl.getFileStatus(BasicRootedOzoneClientAdapterImpl.java:617)
	at org.apache.hadoop.fs.ozone.BasicRootedOzoneFileSystem.getFileStatus(BasicRootedOzoneFileSystem.java:869)
	at org.apache.hadoop.fs.FileSystem.exists(FileSystem.java:1760)
	at org.apache.hadoop.fs.ozone.BasicRootedOzoneFileSystem.exists(BasicRootedOzoneFileSystem.java:918)
	at org.apache.hadoop.fs.ozone.TestRootedOzoneFileSystem.testFileDelete(TestRootedOzoneFileSystem.java:1584)
	at sun.reflect.NativeMethodAccessorImpl.invoke0(Native Method)
	at sun.reflect.NativeMethodAccessorImpl.invoke(NativeMethodAccessorImpl.java:62)
	at sun.reflect.DelegatingMethodAccessorImpl.invoke(DelegatingMethodAccessorImpl.java:43)
	at java.lang.reflect.Method.invoke(Method.java:498)
	at org.junit.runners.model.FrameworkMethod$1.runReflectiveCall(FrameworkMethod.java:59)
	at org.junit.internal.runners.model.ReflectiveCallable.run(ReflectiveCallable.java:12)
	at org.junit.runners.model.FrameworkMethod.invokeExplosively(FrameworkMethod.java:56)
	at org.junit.internal.runners.statements.InvokeMethod.evaluate(InvokeMethod.java:17)
	at org.junit.internal.runners.statements.RunBefores.evaluate(RunBefores.java:26)
	at org.junit.internal.runners.statements.RunAfters.evaluate(RunAfters.java:27)
	at org.junit.internal.runners.statements.FailOnTimeout$CallableStatement.call(FailOnTimeout.java:288)
	at org.junit.internal.runners.statements.FailOnTimeout$CallableStatement.call(FailOnTimeout.java:282)
	at java.util.concurrent.FutureTask.run(FutureTask.java:266)
	at java.lang.Thread.run(Thread.java:750)
01:03:41.889 [IPC Server handler 11 on default port 34317] ERROR OMAudit - user=runner | ip=127.0.0.1 | op=GET_FILE_STATUS {volume=volume96664, bucket=bucket95905, key=testBatchDelete/parent/childFolder/child1, dataSize=0, replicationConfig=null} | ret=FAILURE
org.apache.hadoop.ozone.om.exceptions.OMException: Unable to get file status: volume: volume96664 bucket: bucket95905 key: testBatchDelete/parent/childFolder/child1
	at org.apache.hadoop.ozone.om.KeyManagerImpl.getOzoneFileStatusFSO(KeyManagerImpl.java:1389) ~[ozone-manager-1.3.0-SNAPSHOT.jar:?]
	at org.apache.hadoop.ozone.om.KeyManagerImpl.getFileStatus(KeyManagerImpl.java:1252) ~[ozone-manager-1.3.0-SNAPSHOT.jar:?]
	at org.apache.hadoop.ozone.om.OzoneManager.getFileStatus(OzoneManager.java:3507) ~[ozone-manager-1.3.0-SNAPSHOT.jar:?]
	at org.apache.hadoop.ozone.protocolPB.OzoneManagerRequestHandler.getOzoneFileStatus(OzoneManagerRequestHandler.java:882) ~[ozone-manager-1.3.0-SNAPSHOT.jar:?]
	at org.apache.hadoop.ozone.protocolPB.OzoneManagerRequestHandler.handleReadRequest(OzoneManagerRequestHandler.java:228) ~[ozone-manager-1.3.0-SNAPSHOT.jar:?]
	at org.apache.hadoop.ozone.protocolPB.OzoneManagerProtocolServerSideTranslatorPB.submitReadRequestToOM(OzoneManagerProtocolServerSideTranslatorPB.java:226) ~[ozone-manager-1.3.0-SNAPSHOT.jar:?]
	at org.apache.hadoop.ozone.protocolPB.OzoneManagerProtocolServerSideTranslatorPB.processRequest(OzoneManagerProtocolServerSideTranslatorPB.java:175) ~[ozone-manager-1.3.0-SNAPSHOT.jar:?]
	at org.apache.hadoop.hdds.server.OzoneProtocolMessageDispatcher.processRequest(OzoneProtocolMessageDispatcher.java:87) [hdds-server-framework-1.3.0-SNAPSHOT.jar:?]
	at org.apache.hadoop.ozone.protocolPB.OzoneManagerProtocolServerSideTranslatorPB.submitRequest(OzoneManagerProtocolServerSideTranslatorPB.java:147) [ozone-manager-1.3.0-SNAPSHOT.jar:?]
	at org.apache.hadoop.ozone.protocol.proto.OzoneManagerProtocolProtos$OzoneManagerService$2.callBlockingMethod(OzoneManagerProtocolProtos.java) [ozone-interface-client-1.3.0-SNAPSHOT.jar:?]
	at org.apache.hadoop.ipc.ProtobufRpcEngine$Server.processCall(ProtobufRpcEngine.java:466) [hadoop-common-3.3.1.jar:?]
	at org.apache.hadoop.ipc.ProtobufRpcEngine2$Server$ProtoBufRpcInvoker.call(ProtobufRpcEngine2.java:574) [hadoop-common-3.3.1.jar:?]
	at org.apache.hadoop.ipc.ProtobufRpcEngine2$Server$ProtoBufRpcInvoker.call(ProtobufRpcEngine2.java:552) [hadoop-common-3.3.1.jar:?]
	at org.apache.hadoop.ipc.RPC$Server.call(RPC.java:1093) [hadoop-common-3.3.1.jar:?]
	at org.apache.hadoop.ipc.Server$RpcCall.run(Server.java:1035) [hadoop-common-3.3.1.jar:?]
	at org.apache.hadoop.ipc.Server$RpcCall.run(Server.java:963) [hadoop-common-3.3.1.jar:?]
	at java.security.AccessController.doPrivileged(Native Method) ~[?:1.8.0_345]
	at javax.security.auth.Subject.doAs(Subject.java:422) [?:1.8.0_345]
	at org.apache.hadoop.security.UserGroupInformation.doAs(UserGroupInformation.java:1878) [hadoop-common-3.3.1.jar:?]
	at org.apache.hadoop.ipc.Server$Handler.run(Server.java:2966) [hadoop-common-3.3.1.jar:?]
2022-10-06 01:03:41,889 [Time-limited test] WARN  ozone.BasicRootedOzoneFileSystem (BasicRootedOzoneFileSystem.java:getFileStatus(879)) - GetFileStatus failed for path /volume96664/bucket95905/testBatchDelete/parent/childFolder/child1
java.io.FileNotFoundException: testBatchDelete/parent/childFolder/child1: No such file or directory!
	at org.apache.hadoop.fs.ozone.BasicRootedOzoneClientAdapterImpl.getFileStatus(BasicRootedOzoneClientAdapterImpl.java:617)
	at org.apache.hadoop.fs.ozone.BasicRootedOzoneFileSystem.getFileStatus(BasicRootedOzoneFileSystem.java:869)
	at org.apache.hadoop.fs.FileSystem.exists(FileSystem.java:1760)
	at org.apache.hadoop.fs.ozone.BasicRootedOzoneFileSystem.exists(BasicRootedOzoneFileSystem.java:918)
	at org.apache.hadoop.fs.ozone.TestRootedOzoneFileSystem.testFileDelete(TestRootedOzoneFileSystem.java:1589)
	at sun.reflect.NativeMethodAccessorImpl.invoke0(Native Method)
	at sun.reflect.NativeMethodAccessorImpl.invoke(NativeMethodAccessorImpl.java:62)
	at sun.reflect.DelegatingMethodAccessorImpl.invoke(DelegatingMethodAccessorImpl.java:43)
	at java.lang.reflect.Method.invoke(Method.java:498)
	at org.junit.runners.model.FrameworkMethod$1.runReflectiveCall(FrameworkMethod.java:59)
	at org.junit.internal.runners.model.ReflectiveCallable.run(ReflectiveCallable.java:12)
	at org.junit.runners.model.FrameworkMethod.invokeExplosively(FrameworkMethod.java:56)
	at org.junit.internal.runners.statements.InvokeMethod.evaluate(InvokeMethod.java:17)
	at org.junit.internal.runners.statements.RunBefores.evaluate(RunBefores.java:26)
	at org.junit.internal.runners.statements.RunAfters.evaluate(RunAfters.java:27)
	at org.junit.internal.runners.statements.FailOnTimeout$CallableStatement.call(FailOnTimeout.java:288)
	at org.junit.internal.runners.statements.FailOnTimeout$CallableStatement.call(FailOnTimeout.java:282)
	at java.util.concurrent.FutureTask.run(FutureTask.java:266)
	at java.lang.Thread.run(Thread.java:750)
01:03:41.890 [IPC Server handler 6 on default port 34317] ERROR OMAudit - user=runner | ip=127.0.0.1 | op=GET_FILE_STATUS {volume=volume96664, bucket=bucket95905, key=testBatchDelete/parent/child2, dataSize=0, replicationConfig=null} | ret=FAILURE
org.apache.hadoop.ozone.om.exceptions.OMException: Unable to get file status: volume: volume96664 bucket: bucket95905 key: testBatchDelete/parent/child2
	at org.apache.hadoop.ozone.om.KeyManagerImpl.getOzoneFileStatusFSO(KeyManagerImpl.java:1389) ~[ozone-manager-1.3.0-SNAPSHOT.jar:?]
	at org.apache.hadoop.ozone.om.KeyManagerImpl.getFileStatus(KeyManagerImpl.java:1252) ~[ozone-manager-1.3.0-SNAPSHOT.jar:?]
	at org.apache.hadoop.ozone.om.OzoneManager.getFileStatus(OzoneManager.java:3507) ~[ozone-manager-1.3.0-SNAPSHOT.jar:?]
	at org.apache.hadoop.ozone.protocolPB.OzoneManagerRequestHandler.getOzoneFileStatus(OzoneManagerRequestHandler.java:882) ~[ozone-manager-1.3.0-SNAPSHOT.jar:?]
	at org.apache.hadoop.ozone.protocolPB.OzoneManagerRequestHandler.handleReadRequest(OzoneManagerRequestHandler.java:228) ~[ozone-manager-1.3.0-SNAPSHOT.jar:?]
	at org.apache.hadoop.ozone.protocolPB.OzoneManagerProtocolServerSideTranslatorPB.submitReadRequestToOM(OzoneManagerProtocolServerSideTranslatorPB.java:226) ~[ozone-manager-1.3.0-SNAPSHOT.jar:?]
	at org.apache.hadoop.ozone.protocolPB.OzoneManagerProtocolServerSideTranslatorPB.processRequest(OzoneManagerProtocolServerSideTranslatorPB.java:175) ~[ozone-manager-1.3.0-SNAPSHOT.jar:?]
	at org.apache.hadoop.hdds.server.OzoneProtocolMessageDispatcher.processRequest(OzoneProtocolMessageDispatcher.java:87) [hdds-server-framework-1.3.0-SNAPSHOT.jar:?]
	at org.apache.hadoop.ozone.protocolPB.OzoneManagerProtocolServerSideTranslatorPB.submitRequest(OzoneManagerProtocolServerSideTranslatorPB.java:147) [ozone-manager-1.3.0-SNAPSHOT.jar:?]
	at org.apache.hadoop.ozone.protocol.proto.OzoneManagerProtocolProtos$OzoneManagerService$2.callBlockingMethod(OzoneManagerProtocolProtos.java) [ozone-interface-client-1.3.0-SNAPSHOT.jar:?]
	at org.apache.hadoop.ipc.ProtobufRpcEngine$Server.processCall(ProtobufRpcEngine.java:466) [hadoop-common-3.3.1.jar:?]
	at org.apache.hadoop.ipc.ProtobufRpcEngine2$Server$ProtoBufRpcInvoker.call(ProtobufRpcEngine2.java:574) [hadoop-common-3.3.1.jar:?]
	at org.apache.hadoop.ipc.ProtobufRpcEngine2$Server$ProtoBufRpcInvoker.call(ProtobufRpcEngine2.java:552) [hadoop-common-3.3.1.jar:?]
	at org.apache.hadoop.ipc.RPC$Server.call(RPC.java:1093) [hadoop-common-3.3.1.jar:?]
	at org.apache.hadoop.ipc.Server$RpcCall.run(Server.java:1035) [hadoop-common-3.3.1.jar:?]
	at org.apache.hadoop.ipc.Server$RpcCall.run(Server.java:963) [hadoop-common-3.3.1.jar:?]
	at java.security.AccessController.doPrivileged(Native Method) ~[?:1.8.0_345]
	at javax.security.auth.Subject.doAs(Subject.java:422) [?:1.8.0_345]
	at org.apache.hadoop.security.UserGroupInformation.doAs(UserGroupInformation.java:1878) [hadoop-common-3.3.1.jar:?]
	at org.apache.hadoop.ipc.Server$Handler.run(Server.java:2966) [hadoop-common-3.3.1.jar:?]
2022-10-06 01:03:41,890 [Time-limited test] WARN  ozone.BasicRootedOzoneFileSystem (BasicRootedOzoneFileSystem.java:getFileStatus(879)) - GetFileStatus failed for path /volume96664/bucket95905/testBatchDelete/parent/child2
java.io.FileNotFoundException: testBatchDelete/parent/child2: No such file or directory!
	at org.apache.hadoop.fs.ozone.BasicRootedOzoneClientAdapterImpl.getFileStatus(BasicRootedOzoneClientAdapterImpl.java:617)
	at org.apache.hadoop.fs.ozone.BasicRootedOzoneFileSystem.getFileStatus(BasicRootedOzoneFileSystem.java:869)
	at org.apache.hadoop.fs.FileSystem.exists(FileSystem.java:1760)
	at org.apache.hadoop.fs.ozone.BasicRootedOzoneFileSystem.exists(BasicRootedOzoneFileSystem.java:918)
	at org.apache.hadoop.fs.ozone.TestRootedOzoneFileSystem.testFileDelete(TestRootedOzoneFileSystem.java:1584)
	at sun.reflect.NativeMethodAccessorImpl.invoke0(Native Method)
	at sun.reflect.NativeMethodAccessorImpl.invoke(NativeMethodAccessorImpl.java:62)
	at sun.reflect.DelegatingMethodAccessorImpl.invoke(DelegatingMethodAccessorImpl.java:43)
	at java.lang.reflect.Method.invoke(Method.java:498)
	at org.junit.runners.model.FrameworkMethod$1.runReflectiveCall(FrameworkMethod.java:59)
	at org.junit.internal.runners.model.ReflectiveCallable.run(ReflectiveCallable.java:12)
	at org.junit.runners.model.FrameworkMethod.invokeExplosively(FrameworkMethod.java:56)
	at org.junit.internal.runners.statements.InvokeMethod.evaluate(InvokeMethod.java:17)
	at org.junit.internal.runners.statements.RunBefores.evaluate(RunBefores.java:26)
	at org.junit.internal.runners.statements.RunAfters.evaluate(RunAfters.java:27)
	at org.junit.internal.runners.statements.FailOnTimeout$CallableStatement.call(FailOnTimeout.java:288)
	at org.junit.internal.runners.statements.FailOnTimeout$CallableStatement.call(FailOnTimeout.java:282)
	at java.util.concurrent.FutureTask.run(FutureTask.java:266)
	at java.lang.Thread.run(Thread.java:750)
01:03:41.891 [IPC Server handler 5 on default port 34317] ERROR OMAudit - user=runner | ip=127.0.0.1 | op=GET_FILE_STATUS {volume=volume96664, bucket=bucket95905, key=testBatchDelete/parent/childFolder/child2, dataSize=0, replicationConfig=null} | ret=FAILURE
org.apache.hadoop.ozone.om.exceptions.OMException: Unable to get file status: volume: volume96664 bucket: bucket95905 key: testBatchDelete/parent/childFolder/child2
	at org.apache.hadoop.ozone.om.KeyManagerImpl.getOzoneFileStatusFSO(KeyManagerImpl.java:1389) ~[ozone-manager-1.3.0-SNAPSHOT.jar:?]
	at org.apache.hadoop.ozone.om.KeyManagerImpl.getFileStatus(KeyManagerImpl.java:1252) ~[ozone-manager-1.3.0-SNAPSHOT.jar:?]
	at org.apache.hadoop.ozone.om.OzoneManager.getFileStatus(OzoneManager.java:3507) ~[ozone-manager-1.3.0-SNAPSHOT.jar:?]
	at org.apache.hadoop.ozone.protocolPB.OzoneManagerRequestHandler.getOzoneFileStatus(OzoneManagerRequestHandler.java:882) ~[ozone-manager-1.3.0-SNAPSHOT.jar:?]
	at org.apache.hadoop.ozone.protocolPB.OzoneManagerRequestHandler.handleReadRequest(OzoneManagerRequestHandler.java:228) ~[ozone-manager-1.3.0-SNAPSHOT.jar:?]
	at org.apache.hadoop.ozone.protocolPB.OzoneManagerProtocolServerSideTranslatorPB.submitReadRequestToOM(OzoneManagerProtocolServerSideTranslatorPB.java:226) ~[ozone-manager-1.3.0-SNAPSHOT.jar:?]
	at org.apache.hadoop.ozone.protocolPB.OzoneManagerProtocolServerSideTranslatorPB.processRequest(OzoneManagerProtocolServerSideTranslatorPB.java:175) ~[ozone-manager-1.3.0-SNAPSHOT.jar:?]
	at org.apache.hadoop.hdds.server.OzoneProtocolMessageDispatcher.processRequest(OzoneProtocolMessageDispatcher.java:87) [hdds-server-framework-1.3.0-SNAPSHOT.jar:?]
	at org.apache.hadoop.ozone.protocolPB.OzoneManagerProtocolServerSideTranslatorPB.submitRequest(OzoneManagerProtocolServerSideTranslatorPB.java:147) [ozone-manager-1.3.0-SNAPSHOT.jar:?]
	at org.apache.hadoop.ozone.protocol.proto.OzoneManagerProtocolProtos$OzoneManagerService$2.callBlockingMethod(OzoneManagerProtocolProtos.java) [ozone-interface-client-1.3.0-SNAPSHOT.jar:?]
	at org.apache.hadoop.ipc.ProtobufRpcEngine$Server.processCall(ProtobufRpcEngine.java:466) [hadoop-common-3.3.1.jar:?]
	at org.apache.hadoop.ipc.ProtobufRpcEngine2$Server$ProtoBufRpcInvoker.call(ProtobufRpcEngine2.java:574) [hadoop-common-3.3.1.jar:?]
	at org.apache.hadoop.ipc.ProtobufRpcEngine2$Server$ProtoBufRpcInvoker.call(ProtobufRpcEngine2.java:552) [hadoop-common-3.3.1.jar:?]
	at org.apache.hadoop.ipc.RPC$Server.call(RPC.java:1093) [hadoop-common-3.3.1.jar:?]
	at org.apache.hadoop.ipc.Server$RpcCall.run(Server.java:1035) [hadoop-common-3.3.1.jar:?]
	at org.apache.hadoop.ipc.Server$RpcCall.run(Server.java:963) [hadoop-common-3.3.1.jar:?]
	at java.security.AccessController.doPrivileged(Native Method) ~[?:1.8.0_345]
	at javax.security.auth.Subject.doAs(Subject.java:422) [?:1.8.0_345]
	at org.apache.hadoop.security.UserGroupInformation.doAs(UserGroupInformation.java:1878) [hadoop-common-3.3.1.jar:?]
	at org.apache.hadoop.ipc.Server$Handler.run(Server.java:2966) [hadoop-common-3.3.1.jar:?]
2022-10-06 01:03:41,892 [Time-limited test] WARN  ozone.BasicRootedOzoneFileSystem (BasicRootedOzoneFileSystem.java:getFileStatus(879)) - GetFileStatus failed for path /volume96664/bucket95905/testBatchDelete/parent/childFolder/child2
java.io.FileNotFoundException: testBatchDelete/parent/childFolder/child2: No such file or directory!
	at org.apache.hadoop.fs.ozone.BasicRootedOzoneClientAdapterImpl.getFileStatus(BasicRootedOzoneClientAdapterImpl.java:617)
	at org.apache.hadoop.fs.ozone.BasicRootedOzoneFileSystem.getFileStatus(BasicRootedOzoneFileSystem.java:869)
	at org.apache.hadoop.fs.FileSystem.exists(FileSystem.java:1760)
	at org.apache.hadoop.fs.ozone.BasicRootedOzoneFileSystem.exists(BasicRootedOzoneFileSystem.java:918)
	at org.apache.hadoop.fs.ozone.TestRootedOzoneFileSystem.testFileDelete(TestRootedOzoneFileSystem.java:1589)
	at sun.reflect.NativeMethodAccessorImpl.invoke0(Native Method)
	at sun.reflect.NativeMethodAccessorImpl.invoke(NativeMethodAccessorImpl.java:62)
	at sun.reflect.DelegatingMethodAccessorImpl.invoke(DelegatingMethodAccessorImpl.java:43)
	at java.lang.reflect.Method.invoke(Method.java:498)
	at org.junit.runners.model.FrameworkMethod$1.runReflectiveCall(FrameworkMethod.java:59)
	at org.junit.internal.runners.model.ReflectiveCallable.run(ReflectiveCallable.java:12)
	at org.junit.runners.model.FrameworkMethod.invokeExplosively(FrameworkMethod.java:56)
	at org.junit.internal.runners.statements.InvokeMethod.evaluate(InvokeMethod.java:17)
	at org.junit.internal.runners.statements.RunBefores.evaluate(RunBefores.java:26)
	at org.junit.internal.runners.statements.RunAfters.evaluate(RunAfters.java:27)
	at org.junit.internal.runners.statements.FailOnTimeout$CallableStatement.call(FailOnTimeout.java:288)
	at org.junit.internal.runners.statements.FailOnTimeout$CallableStatement.call(FailOnTimeout.java:282)
	at java.util.concurrent.FutureTask.run(FutureTask.java:266)
	at java.lang.Thread.run(Thread.java:750)
01:03:41.893 [IPC Server handler 9 on default port 34317] ERROR OMAudit - user=runner | ip=127.0.0.1 | op=GET_FILE_STATUS {volume=volume96664, bucket=bucket95905, key=testBatchDelete/parent/child3, dataSize=0, replicationConfig=null} | ret=FAILURE
org.apache.hadoop.ozone.om.exceptions.OMException: Unable to get file status: volume: volume96664 bucket: bucket95905 key: testBatchDelete/parent/child3
	at org.apache.hadoop.ozone.om.KeyManagerImpl.getOzoneFileStatusFSO(KeyManagerImpl.java:1389) ~[ozone-manager-1.3.0-SNAPSHOT.jar:?]
	at org.apache.hadoop.ozone.om.KeyManagerImpl.getFileStatus(KeyManagerImpl.java:1252) ~[ozone-manager-1.3.0-SNAPSHOT.jar:?]
	at org.apache.hadoop.ozone.om.OzoneManager.getFileStatus(OzoneManager.java:3507) ~[ozone-manager-1.3.0-SNAPSHOT.jar:?]
	at org.apache.hadoop.ozone.protocolPB.OzoneManagerRequestHandler.getOzoneFileStatus(OzoneManagerRequestHandler.java:882) ~[ozone-manager-1.3.0-SNAPSHOT.jar:?]
	at org.apache.hadoop.ozone.protocolPB.OzoneManagerRequestHandler.handleReadRequest(OzoneManagerRequestHandler.java:228) ~[ozone-manager-1.3.0-SNAPSHOT.jar:?]
	at org.apache.hadoop.ozone.protocolPB.OzoneManagerProtocolServerSideTranslatorPB.submitReadRequestToOM(OzoneManagerProtocolServerSideTranslatorPB.java:226) ~[ozone-manager-1.3.0-SNAPSHOT.jar:?]
	at org.apache.hadoop.ozone.protocolPB.OzoneManagerProtocolServerSideTranslatorPB.processRequest(OzoneManagerProtocolServerSideTranslatorPB.java:175) ~[ozone-manager-1.3.0-SNAPSHOT.jar:?]
	at org.apache.hadoop.hdds.server.OzoneProtocolMessageDispatcher.processRequest(OzoneProtocolMessageDispatcher.java:87) [hdds-server-framework-1.3.0-SNAPSHOT.jar:?]
	at org.apache.hadoop.ozone.protocolPB.OzoneManagerProtocolServerSideTranslatorPB.submitRequest(OzoneManagerProtocolServerSideTranslatorPB.java:147) [ozone-manager-1.3.0-SNAPSHOT.jar:?]
	at org.apache.hadoop.ozone.protocol.proto.OzoneManagerProtocolProtos$OzoneManagerService$2.callBlockingMethod(OzoneManagerProtocolProtos.java) [ozone-interface-client-1.3.0-SNAPSHOT.jar:?]
	at org.apache.hadoop.ipc.ProtobufRpcEngine$Server.processCall(ProtobufRpcEngine.java:466) [hadoop-common-3.3.1.jar:?]
	at org.apache.hadoop.ipc.ProtobufRpcEngine2$Server$ProtoBufRpcInvoker.call(ProtobufRpcEngine2.java:574) [hadoop-common-3.3.1.jar:?]
	at org.apache.hadoop.ipc.ProtobufRpcEngine2$Server$ProtoBufRpcInvoker.call(ProtobufRpcEngine2.java:552) [hadoop-common-3.3.1.jar:?]
	at org.apache.hadoop.ipc.RPC$Server.call(RPC.java:1093) [hadoop-common-3.3.1.jar:?]
	at org.apache.hadoop.ipc.Server$RpcCall.run(Server.java:1035) [hadoop-common-3.3.1.jar:?]
	at org.apache.hadoop.ipc.Server$RpcCall.run(Server.java:963) [hadoop-common-3.3.1.jar:?]
	at java.security.AccessController.doPrivileged(Native Method) ~[?:1.8.0_345]
	at javax.security.auth.Subject.doAs(Subject.java:422) [?:1.8.0_345]
	at org.apache.hadoop.security.UserGroupInformation.doAs(UserGroupInformation.java:1878) [hadoop-common-3.3.1.jar:?]
	at org.apache.hadoop.ipc.Server$Handler.run(Server.java:2966) [hadoop-common-3.3.1.jar:?]
2022-10-06 01:03:41,893 [Time-limited test] WARN  ozone.BasicRootedOzoneFileSystem (BasicRootedOzoneFileSystem.java:getFileStatus(879)) - GetFileStatus failed for path /volume96664/bucket95905/testBatchDelete/parent/child3
java.io.FileNotFoundException: testBatchDelete/parent/child3: No such file or directory!
	at org.apache.hadoop.fs.ozone.BasicRootedOzoneClientAdapterImpl.getFileStatus(BasicRootedOzoneClientAdapterImpl.java:617)
	at org.apache.hadoop.fs.ozone.BasicRootedOzoneFileSystem.getFileStatus(BasicRootedOzoneFileSystem.java:869)
	at org.apache.hadoop.fs.FileSystem.exists(FileSystem.java:1760)
	at org.apache.hadoop.fs.ozone.BasicRootedOzoneFileSystem.exists(BasicRootedOzoneFileSystem.java:918)
	at org.apache.hadoop.fs.ozone.TestRootedOzoneFileSystem.testFileDelete(TestRootedOzoneFileSystem.java:1584)
	at sun.reflect.NativeMethodAccessorImpl.invoke0(Native Method)
	at sun.reflect.NativeMethodAccessorImpl.invoke(NativeMethodAccessorImpl.java:62)
	at sun.reflect.DelegatingMethodAccessorImpl.invoke(DelegatingMethodAccessorImpl.java:43)
	at java.lang.reflect.Method.invoke(Method.java:498)
	at org.junit.runners.model.FrameworkMethod$1.runReflectiveCall(FrameworkMethod.java:59)
	at org.junit.internal.runners.model.ReflectiveCallable.run(ReflectiveCallable.java:12)
	at org.junit.runners.model.FrameworkMethod.invokeExplosively(FrameworkMethod.java:56)
	at org.junit.internal.runners.statements.InvokeMethod.evaluate(InvokeMethod.java:17)
	at org.junit.internal.runners.statements.RunBefores.evaluate(RunBefores.java:26)
	at org.junit.internal.runners.statements.RunAfters.evaluate(RunAfters.java:27)
	at org.junit.internal.runners.statements.FailOnTimeout$CallableStatement.call(FailOnTimeout.java:288)
	at org.junit.internal.runners.statements.FailOnTimeout$CallableStatement.call(FailOnTimeout.java:282)
	at java.util.concurrent.FutureTask.run(FutureTask.java:266)
	at java.lang.Thread.run(Thread.java:750)
01:03:41.894 [IPC Server handler 13 on default port 34317] ERROR OMAudit - user=runner | ip=127.0.0.1 | op=GET_FILE_STATUS {volume=volume96664, bucket=bucket95905, key=testBatchDelete/parent/childFolder/child3, dataSize=0, replicationConfig=null} | ret=FAILURE
org.apache.hadoop.ozone.om.exceptions.OMException: Unable to get file status: volume: volume96664 bucket: bucket95905 key: testBatchDelete/parent/childFolder/child3
	at org.apache.hadoop.ozone.om.KeyManagerImpl.getOzoneFileStatusFSO(KeyManagerImpl.java:1389) ~[ozone-manager-1.3.0-SNAPSHOT.jar:?]
	at org.apache.hadoop.ozone.om.KeyManagerImpl.getFileStatus(KeyManagerImpl.java:1252) ~[ozone-manager-1.3.0-SNAPSHOT.jar:?]
	at org.apache.hadoop.ozone.om.OzoneManager.getFileStatus(OzoneManager.java:3507) ~[ozone-manager-1.3.0-SNAPSHOT.jar:?]
	at org.apache.hadoop.ozone.protocolPB.OzoneManagerRequestHandler.getOzoneFileStatus(OzoneManagerRequestHandler.java:882) ~[ozone-manager-1.3.0-SNAPSHOT.jar:?]
	at org.apache.hadoop.ozone.protocolPB.OzoneManagerRequestHandler.handleReadRequest(OzoneManagerRequestHandler.java:228) ~[ozone-manager-1.3.0-SNAPSHOT.jar:?]
	at org.apache.hadoop.ozone.protocolPB.OzoneManagerProtocolServerSideTranslatorPB.submitReadRequestToOM(OzoneManagerProtocolServerSideTranslatorPB.java:226) ~[ozone-manager-1.3.0-SNAPSHOT.jar:?]
	at org.apache.hadoop.ozone.protocolPB.OzoneManagerProtocolServerSideTranslatorPB.processRequest(OzoneManagerProtocolServerSideTranslatorPB.java:175) ~[ozone-manager-1.3.0-SNAPSHOT.jar:?]
	at org.apache.hadoop.hdds.server.OzoneProtocolMessageDispatcher.processRequest(OzoneProtocolMessageDispatcher.java:87) [hdds-server-framework-1.3.0-SNAPSHOT.jar:?]
	at org.apache.hadoop.ozone.protocolPB.OzoneManagerProtocolServerSideTranslatorPB.submitRequest(OzoneManagerProtocolServerSideTranslatorPB.java:147) [ozone-manager-1.3.0-SNAPSHOT.jar:?]
	at org.apache.hadoop.ozone.protocol.proto.OzoneManagerProtocolProtos$OzoneManagerService$2.callBlockingMethod(OzoneManagerProtocolProtos.java) [ozone-interface-client-1.3.0-SNAPSHOT.jar:?]
	at org.apache.hadoop.ipc.ProtobufRpcEngine$Server.processCall(ProtobufRpcEngine.java:466) [hadoop-common-3.3.1.jar:?]
	at org.apache.hadoop.ipc.ProtobufRpcEngine2$Server$ProtoBufRpcInvoker.call(ProtobufRpcEngine2.java:574) [hadoop-common-3.3.1.jar:?]
	at org.apache.hadoop.ipc.ProtobufRpcEngine2$Server$ProtoBufRpcInvoker.call(ProtobufRpcEngine2.java:552) [hadoop-common-3.3.1.jar:?]
	at org.apache.hadoop.ipc.RPC$Server.call(RPC.java:1093) [hadoop-common-3.3.1.jar:?]
	at org.apache.hadoop.ipc.Server$RpcCall.run(Server.java:1035) [hadoop-common-3.3.1.jar:?]
	at org.apache.hadoop.ipc.Server$RpcCall.run(Server.java:963) [hadoop-common-3.3.1.jar:?]
	at java.security.AccessController.doPrivileged(Native Method) ~[?:1.8.0_345]
	at javax.security.auth.Subject.doAs(Subject.java:422) [?:1.8.0_345]
	at org.apache.hadoop.security.UserGroupInformation.doAs(UserGroupInformation.java:1878) [hadoop-common-3.3.1.jar:?]
	at org.apache.hadoop.ipc.Server$Handler.run(Server.java:2966) [hadoop-common-3.3.1.jar:?]
2022-10-06 01:03:41,894 [Time-limited test] WARN  ozone.BasicRootedOzoneFileSystem (BasicRootedOzoneFileSystem.java:getFileStatus(879)) - GetFileStatus failed for path /volume96664/bucket95905/testBatchDelete/parent/childFolder/child3
java.io.FileNotFoundException: testBatchDelete/parent/childFolder/child3: No such file or directory!
	at org.apache.hadoop.fs.ozone.BasicRootedOzoneClientAdapterImpl.getFileStatus(BasicRootedOzoneClientAdapterImpl.java:617)
	at org.apache.hadoop.fs.ozone.BasicRootedOzoneFileSystem.getFileStatus(BasicRootedOzoneFileSystem.java:869)
	at org.apache.hadoop.fs.FileSystem.exists(FileSystem.java:1760)
	at org.apache.hadoop.fs.ozone.BasicRootedOzoneFileSystem.exists(BasicRootedOzoneFileSystem.java:918)
	at org.apache.hadoop.fs.ozone.TestRootedOzoneFileSystem.testFileDelete(TestRootedOzoneFileSystem.java:1589)
	at sun.reflect.NativeMethodAccessorImpl.invoke0(Native Method)
	at sun.reflect.NativeMethodAccessorImpl.invoke(NativeMethodAccessorImpl.java:62)
	at sun.reflect.DelegatingMethodAccessorImpl.invoke(DelegatingMethodAccessorImpl.java:43)
	at java.lang.reflect.Method.invoke(Method.java:498)
	at org.junit.runners.model.FrameworkMethod$1.runReflectiveCall(FrameworkMethod.java:59)
	at org.junit.internal.runners.model.ReflectiveCallable.run(ReflectiveCallable.java:12)
	at org.junit.runners.model.FrameworkMethod.invokeExplosively(FrameworkMethod.java:56)
	at org.junit.internal.runners.statements.InvokeMethod.evaluate(InvokeMethod.java:17)
	at org.junit.internal.runners.statements.RunBefores.evaluate(RunBefores.java:26)
	at org.junit.internal.runners.statements.RunAfters.evaluate(RunAfters.java:27)
	at org.junit.internal.runners.statements.FailOnTimeout$CallableStatement.call(FailOnTimeout.java:288)
	at org.junit.internal.runners.statements.FailOnTimeout$CallableStatement.call(FailOnTimeout.java:282)
	at java.util.concurrent.FutureTask.run(FutureTask.java:266)
	at java.lang.Thread.run(Thread.java:750)
01:03:41.895 [IPC Server handler 14 on default port 34317] ERROR OMAudit - user=runner | ip=127.0.0.1 | op=GET_FILE_STATUS {volume=volume96664, bucket=bucket95905, key=testBatchDelete/parent/child4, dataSize=0, replicationConfig=null} | ret=FAILURE
org.apache.hadoop.ozone.om.exceptions.OMException: Unable to get file status: volume: volume96664 bucket: bucket95905 key: testBatchDelete/parent/child4
	at org.apache.hadoop.ozone.om.KeyManagerImpl.getOzoneFileStatusFSO(KeyManagerImpl.java:1389) ~[ozone-manager-1.3.0-SNAPSHOT.jar:?]
	at org.apache.hadoop.ozone.om.KeyManagerImpl.getFileStatus(KeyManagerImpl.java:1252) ~[ozone-manager-1.3.0-SNAPSHOT.jar:?]
	at org.apache.hadoop.ozone.om.OzoneManager.getFileStatus(OzoneManager.java:3507) ~[ozone-manager-1.3.0-SNAPSHOT.jar:?]
	at org.apache.hadoop.ozone.protocolPB.OzoneManagerRequestHandler.getOzoneFileStatus(OzoneManagerRequestHandler.java:882) ~[ozone-manager-1.3.0-SNAPSHOT.jar:?]
	at org.apache.hadoop.ozone.protocolPB.OzoneManagerRequestHandler.handleReadRequest(OzoneManagerRequestHandler.java:228) ~[ozone-manager-1.3.0-SNAPSHOT.jar:?]
	at org.apache.hadoop.ozone.protocolPB.OzoneManagerProtocolServerSideTranslatorPB.submitReadRequestToOM(OzoneManagerProtocolServerSideTranslatorPB.java:226) ~[ozone-manager-1.3.0-SNAPSHOT.jar:?]
	at org.apache.hadoop.ozone.protocolPB.OzoneManagerProtocolServerSideTranslatorPB.processRequest(OzoneManagerProtocolServerSideTranslatorPB.java:175) ~[ozone-manager-1.3.0-SNAPSHOT.jar:?]
	at org.apache.hadoop.hdds.server.OzoneProtocolMessageDispatcher.processRequest(OzoneProtocolMessageDispatcher.java:87) [hdds-server-framework-1.3.0-SNAPSHOT.jar:?]
	at org.apache.hadoop.ozone.protocolPB.OzoneManagerProtocolServerSideTranslatorPB.submitRequest(OzoneManagerProtocolServerSideTranslatorPB.java:147) [ozone-manager-1.3.0-SNAPSHOT.jar:?]
	at org.apache.hadoop.ozone.protocol.proto.OzoneManagerProtocolProtos$OzoneManagerService$2.callBlockingMethod(OzoneManagerProtocolProtos.java) [ozone-interface-client-1.3.0-SNAPSHOT.jar:?]
	at org.apache.hadoop.ipc.ProtobufRpcEngine$Server.processCall(ProtobufRpcEngine.java:466) [hadoop-common-3.3.1.jar:?]
	at org.apache.hadoop.ipc.ProtobufRpcEngine2$Server$ProtoBufRpcInvoker.call(ProtobufRpcEngine2.java:574) [hadoop-common-3.3.1.jar:?]
	at org.apache.hadoop.ipc.ProtobufRpcEngine2$Server$ProtoBufRpcInvoker.call(ProtobufRpcEngine2.java:552) [hadoop-common-3.3.1.jar:?]
	at org.apache.hadoop.ipc.RPC$Server.call(RPC.java:1093) [hadoop-common-3.3.1.jar:?]
	at org.apache.hadoop.ipc.Server$RpcCall.run(Server.java:1035) [hadoop-common-3.3.1.jar:?]
	at org.apache.hadoop.ipc.Server$RpcCall.run(Server.java:963) [hadoop-common-3.3.1.jar:?]
	at java.security.AccessController.doPrivileged(Native Method) ~[?:1.8.0_345]
	at javax.security.auth.Subject.doAs(Subject.java:422) [?:1.8.0_345]
	at org.apache.hadoop.security.UserGroupInformation.doAs(UserGroupInformation.java:1878) [hadoop-common-3.3.1.jar:?]
	at org.apache.hadoop.ipc.Server$Handler.run(Server.java:2966) [hadoop-common-3.3.1.jar:?]
2022-10-06 01:03:41,898 [Time-limited test] WARN  ozone.BasicRootedOzoneFileSystem (BasicRootedOzoneFileSystem.java:getFileStatus(879)) - GetFileStatus failed for path /volume96664/bucket95905/testBatchDelete/parent/child4
java.io.FileNotFoundException: testBatchDelete/parent/child4: No such file or directory!
	at org.apache.hadoop.fs.ozone.BasicRootedOzoneClientAdapterImpl.getFileStatus(BasicRootedOzoneClientAdapterImpl.java:617)
	at org.apache.hadoop.fs.ozone.BasicRootedOzoneFileSystem.getFileStatus(BasicRootedOzoneFileSystem.java:869)
	at org.apache.hadoop.fs.FileSystem.exists(FileSystem.java:1760)
	at org.apache.hadoop.fs.ozone.BasicRootedOzoneFileSystem.exists(BasicRootedOzoneFileSystem.java:918)
	at org.apache.hadoop.fs.ozone.TestRootedOzoneFileSystem.testFileDelete(TestRootedOzoneFileSystem.java:1584)
	at sun.reflect.NativeMethodAccessorImpl.invoke0(Native Method)
	at sun.reflect.NativeMethodAccessorImpl.invoke(NativeMethodAccessorImpl.java:62)
	at sun.reflect.DelegatingMethodAccessorImpl.invoke(DelegatingMethodAccessorImpl.java:43)
	at java.lang.reflect.Method.invoke(Method.java:498)
	at org.junit.runners.model.FrameworkMethod$1.runReflectiveCall(FrameworkMethod.java:59)
	at org.junit.internal.runners.model.ReflectiveCallable.run(ReflectiveCallable.java:12)
	at org.junit.runners.model.FrameworkMethod.invokeExplosively(FrameworkMethod.java:56)
	at org.junit.internal.runners.statements.InvokeMethod.evaluate(InvokeMethod.java:17)
	at org.junit.internal.runners.statements.RunBefores.evaluate(RunBefores.java:26)
	at org.junit.internal.runners.statements.RunAfters.evaluate(RunAfters.java:27)
	at org.junit.internal.runners.statements.FailOnTimeout$CallableStatement.call(FailOnTimeout.java:288)
	at org.junit.internal.runners.statements.FailOnTimeout$CallableStatement.call(FailOnTimeout.java:282)
	at java.util.concurrent.FutureTask.run(FutureTask.java:266)
	at java.lang.Thread.run(Thread.java:750)
01:03:41.899 [IPC Server handler 15 on default port 34317] ERROR OMAudit - user=runner | ip=127.0.0.1 | op=GET_FILE_STATUS {volume=volume96664, bucket=bucket95905, key=testBatchDelete/parent/childFolder/child4, dataSize=0, replicationConfig=null} | ret=FAILURE
org.apache.hadoop.ozone.om.exceptions.OMException: Unable to get file status: volume: volume96664 bucket: bucket95905 key: testBatchDelete/parent/childFolder/child4
	at org.apache.hadoop.ozone.om.KeyManagerImpl.getOzoneFileStatusFSO(KeyManagerImpl.java:1389) ~[ozone-manager-1.3.0-SNAPSHOT.jar:?]
	at org.apache.hadoop.ozone.om.KeyManagerImpl.getFileStatus(KeyManagerImpl.java:1252) ~[ozone-manager-1.3.0-SNAPSHOT.jar:?]
	at org.apache.hadoop.ozone.om.OzoneManager.getFileStatus(OzoneManager.java:3507) ~[ozone-manager-1.3.0-SNAPSHOT.jar:?]
	at org.apache.hadoop.ozone.protocolPB.OzoneManagerRequestHandler.getOzoneFileStatus(OzoneManagerRequestHandler.java:882) ~[ozone-manager-1.3.0-SNAPSHOT.jar:?]
	at org.apache.hadoop.ozone.protocolPB.OzoneManagerRequestHandler.handleReadRequest(OzoneManagerRequestHandler.java:228) ~[ozone-manager-1.3.0-SNAPSHOT.jar:?]
	at org.apache.hadoop.ozone.protocolPB.OzoneManagerProtocolServerSideTranslatorPB.submitReadRequestToOM(OzoneManagerProtocolServerSideTranslatorPB.java:226) ~[ozone-manager-1.3.0-SNAPSHOT.jar:?]
	at org.apache.hadoop.ozone.protocolPB.OzoneManagerProtocolServerSideTranslatorPB.processRequest(OzoneManagerProtocolServerSideTranslatorPB.java:175) ~[ozone-manager-1.3.0-SNAPSHOT.jar:?]
	at org.apache.hadoop.hdds.server.OzoneProtocolMessageDispatcher.processRequest(OzoneProtocolMessageDispatcher.java:87) [hdds-server-framework-1.3.0-SNAPSHOT.jar:?]
	at org.apache.hadoop.ozone.protocolPB.OzoneManagerProtocolServerSideTranslatorPB.submitRequest(OzoneManagerProtocolServerSideTranslatorPB.java:147) [ozone-manager-1.3.0-SNAPSHOT.jar:?]
	at org.apache.hadoop.ozone.protocol.proto.OzoneManagerProtocolProtos$OzoneManagerService$2.callBlockingMethod(OzoneManagerProtocolProtos.java) [ozone-interface-client-1.3.0-SNAPSHOT.jar:?]
	at org.apache.hadoop.ipc.ProtobufRpcEngine$Server.processCall(ProtobufRpcEngine.java:466) [hadoop-common-3.3.1.jar:?]
	at org.apache.hadoop.ipc.ProtobufRpcEngine2$Server$ProtoBufRpcInvoker.call(ProtobufRpcEngine2.java:574) [hadoop-common-3.3.1.jar:?]
	at org.apache.hadoop.ipc.ProtobufRpcEngine2$Server$ProtoBufRpcInvoker.call(ProtobufRpcEngine2.java:552) [hadoop-common-3.3.1.jar:?]
	at org.apache.hadoop.ipc.RPC$Server.call(RPC.java:1093) [hadoop-common-3.3.1.jar:?]
	at org.apache.hadoop.ipc.Server$RpcCall.run(Server.java:1035) [hadoop-common-3.3.1.jar:?]
	at org.apache.hadoop.ipc.Server$RpcCall.run(Server.java:963) [hadoop-common-3.3.1.jar:?]
	at java.security.AccessController.doPrivileged(Native Method) ~[?:1.8.0_345]
	at javax.security.auth.Subject.doAs(Subject.java:422) [?:1.8.0_345]
	at org.apache.hadoop.security.UserGroupInformation.doAs(UserGroupInformation.java:1878) [hadoop-common-3.3.1.jar:?]
	at org.apache.hadoop.ipc.Server$Handler.run(Server.java:2966) [hadoop-common-3.3.1.jar:?]
2022-10-06 01:03:41,899 [Time-limited test] WARN  ozone.BasicRootedOzoneFileSystem (BasicRootedOzoneFileSystem.java:getFileStatus(879)) - GetFileStatus failed for path /volume96664/bucket95905/testBatchDelete/parent/childFolder/child4
java.io.FileNotFoundException: testBatchDelete/parent/childFolder/child4: No such file or directory!
	at org.apache.hadoop.fs.ozone.BasicRootedOzoneClientAdapterImpl.getFileStatus(BasicRootedOzoneClientAdapterImpl.java:617)
	at org.apache.hadoop.fs.ozone.BasicRootedOzoneFileSystem.getFileStatus(BasicRootedOzoneFileSystem.java:869)
	at org.apache.hadoop.fs.FileSystem.exists(FileSystem.java:1760)
	at org.apache.hadoop.fs.ozone.BasicRootedOzoneFileSystem.exists(BasicRootedOzoneFileSystem.java:918)
	at org.apache.hadoop.fs.ozone.TestRootedOzoneFileSystem.testFileDelete(TestRootedOzoneFileSystem.java:1589)
	at sun.reflect.NativeMethodAccessorImpl.invoke0(Native Method)
	at sun.reflect.NativeMethodAccessorImpl.invoke(NativeMethodAccessorImpl.java:62)
	at sun.reflect.DelegatingMethodAccessorImpl.invoke(DelegatingMethodAccessorImpl.java:43)
	at java.lang.reflect.Method.invoke(Method.java:498)
	at org.junit.runners.model.FrameworkMethod$1.runReflectiveCall(FrameworkMethod.java:59)
	at org.junit.internal.runners.model.ReflectiveCallable.run(ReflectiveCallable.java:12)
	at org.junit.runners.model.FrameworkMethod.invokeExplosively(FrameworkMethod.java:56)
	at org.junit.internal.runners.statements.InvokeMethod.evaluate(InvokeMethod.java:17)
	at org.junit.internal.runners.statements.RunBefores.evaluate(RunBefores.java:26)
	at org.junit.internal.runners.statements.RunAfters.evaluate(RunAfters.java:27)
	at org.junit.internal.runners.statements.FailOnTimeout$CallableStatement.call(FailOnTimeout.java:288)
	at org.junit.internal.runners.statements.FailOnTimeout$CallableStatement.call(FailOnTimeout.java:282)
	at java.util.concurrent.FutureTask.run(FutureTask.java:266)
	at java.lang.Thread.run(Thread.java:750)
01:03:41.900 [IPC Server handler 18 on default port 34317] ERROR OMAudit - user=runner | ip=127.0.0.1 | op=GET_FILE_STATUS {volume=volume96664, bucket=bucket95905, key=testBatchDelete/parent/child5, dataSize=0, replicationConfig=null} | ret=FAILURE
org.apache.hadoop.ozone.om.exceptions.OMException: Unable to get file status: volume: volume96664 bucket: bucket95905 key: testBatchDelete/parent/child5
	at org.apache.hadoop.ozone.om.KeyManagerImpl.getOzoneFileStatusFSO(KeyManagerImpl.java:1389) ~[ozone-manager-1.3.0-SNAPSHOT.jar:?]
	at org.apache.hadoop.ozone.om.KeyManagerImpl.getFileStatus(KeyManagerImpl.java:1252) ~[ozone-manager-1.3.0-SNAPSHOT.jar:?]
	at org.apache.hadoop.ozone.om.OzoneManager.getFileStatus(OzoneManager.java:3507) ~[ozone-manager-1.3.0-SNAPSHOT.jar:?]
	at org.apache.hadoop.ozone.protocolPB.OzoneManagerRequestHandler.getOzoneFileStatus(OzoneManagerRequestHandler.java:882) ~[ozone-manager-1.3.0-SNAPSHOT.jar:?]
	at org.apache.hadoop.ozone.protocolPB.OzoneManagerRequestHandler.handleReadRequest(OzoneManagerRequestHandler.java:228) ~[ozone-manager-1.3.0-SNAPSHOT.jar:?]
	at org.apache.hadoop.ozone.protocolPB.OzoneManagerProtocolServerSideTranslatorPB.submitReadRequestToOM(OzoneManagerProtocolServerSideTranslatorPB.java:226) ~[ozone-manager-1.3.0-SNAPSHOT.jar:?]
	at org.apache.hadoop.ozone.protocolPB.OzoneManagerProtocolServerSideTranslatorPB.processRequest(OzoneManagerProtocolServerSideTranslatorPB.java:175) ~[ozone-manager-1.3.0-SNAPSHOT.jar:?]
	at org.apache.hadoop.hdds.server.OzoneProtocolMessageDispatcher.processRequest(OzoneProtocolMessageDispatcher.java:87) [hdds-server-framework-1.3.0-SNAPSHOT.jar:?]
	at org.apache.hadoop.ozone.protocolPB.OzoneManagerProtocolServerSideTranslatorPB.submitRequest(OzoneManagerProtocolServerSideTranslatorPB.java:147) [ozone-manager-1.3.0-SNAPSHOT.jar:?]
	at org.apache.hadoop.ozone.protocol.proto.OzoneManagerProtocolProtos$OzoneManagerService$2.callBlockingMethod(OzoneManagerProtocolProtos.java) [ozone-interface-client-1.3.0-SNAPSHOT.jar:?]
	at org.apache.hadoop.ipc.ProtobufRpcEngine$Server.processCall(ProtobufRpcEngine.java:466) [hadoop-common-3.3.1.jar:?]
	at org.apache.hadoop.ipc.ProtobufRpcEngine2$Server$ProtoBufRpcInvoker.call(ProtobufRpcEngine2.java:574) [hadoop-common-3.3.1.jar:?]
	at org.apache.hadoop.ipc.ProtobufRpcEngine2$Server$ProtoBufRpcInvoker.call(ProtobufRpcEngine2.java:552) [hadoop-common-3.3.1.jar:?]
	at org.apache.hadoop.ipc.RPC$Server.call(RPC.java:1093) [hadoop-common-3.3.1.jar:?]
	at org.apache.hadoop.ipc.Server$RpcCall.run(Server.java:1035) [hadoop-common-3.3.1.jar:?]
	at org.apache.hadoop.ipc.Server$RpcCall.run(Server.java:963) [hadoop-common-3.3.1.jar:?]
	at java.security.AccessController.doPrivileged(Native Method) ~[?:1.8.0_345]
	at javax.security.auth.Subject.doAs(Subject.java:422) [?:1.8.0_345]
	at org.apache.hadoop.security.UserGroupInformation.doAs(UserGroupInformation.java:1878) [hadoop-common-3.3.1.jar:?]
	at org.apache.hadoop.ipc.Server$Handler.run(Server.java:2966) [hadoop-common-3.3.1.jar:?]
2022-10-06 01:03:41,901 [Time-limited test] WARN  ozone.BasicRootedOzoneFileSystem (BasicRootedOzoneFileSystem.java:getFileStatus(879)) - GetFileStatus failed for path /volume96664/bucket95905/testBatchDelete/parent/child5
java.io.FileNotFoundException: testBatchDelete/parent/child5: No such file or directory!
	at org.apache.hadoop.fs.ozone.BasicRootedOzoneClientAdapterImpl.getFileStatus(BasicRootedOzoneClientAdapterImpl.java:617)
	at org.apache.hadoop.fs.ozone.BasicRootedOzoneFileSystem.getFileStatus(BasicRootedOzoneFileSystem.java:869)
	at org.apache.hadoop.fs.FileSystem.exists(FileSystem.java:1760)
	at org.apache.hadoop.fs.ozone.BasicRootedOzoneFileSystem.exists(BasicRootedOzoneFileSystem.java:918)
	at org.apache.hadoop.fs.ozone.TestRootedOzoneFileSystem.testFileDelete(TestRootedOzoneFileSystem.java:1584)
	at sun.reflect.NativeMethodAccessorImpl.invoke0(Native Method)
	at sun.reflect.NativeMethodAccessorImpl.invoke(NativeMethodAccessorImpl.java:62)
	at sun.reflect.DelegatingMethodAccessorImpl.invoke(DelegatingMethodAccessorImpl.java:43)
	at java.lang.reflect.Method.invoke(Method.java:498)
	at org.junit.runners.model.FrameworkMethod$1.runReflectiveCall(FrameworkMethod.java:59)
	at org.junit.internal.runners.model.ReflectiveCallable.run(ReflectiveCallable.java:12)
	at org.junit.runners.model.FrameworkMethod.invokeExplosively(FrameworkMethod.java:56)
	at org.junit.internal.runners.statements.InvokeMethod.evaluate(InvokeMethod.java:17)
	at org.junit.internal.runners.statements.RunBefores.evaluate(RunBefores.java:26)
	at org.junit.internal.runners.statements.RunAfters.evaluate(RunAfters.java:27)
	at org.junit.internal.runners.statements.FailOnTimeout$CallableStatement.call(FailOnTimeout.java:288)
	at org.junit.internal.runners.statements.FailOnTimeout$CallableStatement.call(FailOnTimeout.java:282)
	at java.util.concurrent.FutureTask.run(FutureTask.java:266)
	at java.lang.Thread.run(Thread.java:750)
01:03:41.902 [IPC Server handler 3 on default port 34317] ERROR OMAudit - user=runner | ip=127.0.0.1 | op=GET_FILE_STATUS {volume=volume96664, bucket=bucket95905, key=testBatchDelete/parent/childFolder/child5, dataSize=0, replicationConfig=null} | ret=FAILURE
org.apache.hadoop.ozone.om.exceptions.OMException: Unable to get file status: volume: volume96664 bucket: bucket95905 key: testBatchDelete/parent/childFolder/child5
	at org.apache.hadoop.ozone.om.KeyManagerImpl.getOzoneFileStatusFSO(KeyManagerImpl.java:1389) ~[ozone-manager-1.3.0-SNAPSHOT.jar:?]
	at org.apache.hadoop.ozone.om.KeyManagerImpl.getFileStatus(KeyManagerImpl.java:1252) ~[ozone-manager-1.3.0-SNAPSHOT.jar:?]
	at org.apache.hadoop.ozone.om.OzoneManager.getFileStatus(OzoneManager.java:3507) ~[ozone-manager-1.3.0-SNAPSHOT.jar:?]
	at org.apache.hadoop.ozone.protocolPB.OzoneManagerRequestHandler.getOzoneFileStatus(OzoneManagerRequestHandler.java:882) ~[ozone-manager-1.3.0-SNAPSHOT.jar:?]
	at org.apache.hadoop.ozone.protocolPB.OzoneManagerRequestHandler.handleReadRequest(OzoneManagerRequestHandler.java:228) ~[ozone-manager-1.3.0-SNAPSHOT.jar:?]
	at org.apache.hadoop.ozone.protocolPB.OzoneManagerProtocolServerSideTranslatorPB.submitReadRequestToOM(OzoneManagerProtocolServerSideTranslatorPB.java:226) ~[ozone-manager-1.3.0-SNAPSHOT.jar:?]
	at org.apache.hadoop.ozone.protocolPB.OzoneManagerProtocolServerSideTranslatorPB.processRequest(OzoneManagerProtocolServerSideTranslatorPB.java:175) ~[ozone-manager-1.3.0-SNAPSHOT.jar:?]
	at org.apache.hadoop.hdds.server.OzoneProtocolMessageDispatcher.processRequest(OzoneProtocolMessageDispatcher.java:87) [hdds-server-framework-1.3.0-SNAPSHOT.jar:?]
	at org.apache.hadoop.ozone.protocolPB.OzoneManagerProtocolServerSideTranslatorPB.submitRequest(OzoneManagerProtocolServerSideTranslatorPB.java:147) [ozone-manager-1.3.0-SNAPSHOT.jar:?]
	at org.apache.hadoop.ozone.protocol.proto.OzoneManagerProtocolProtos$OzoneManagerService$2.callBlockingMethod(OzoneManagerProtocolProtos.java) [ozone-interface-client-1.3.0-SNAPSHOT.jar:?]
	at org.apache.hadoop.ipc.ProtobufRpcEngine$Server.processCall(ProtobufRpcEngine.java:466) [hadoop-common-3.3.1.jar:?]
	at org.apache.hadoop.ipc.ProtobufRpcEngine2$Server$ProtoBufRpcInvoker.call(ProtobufRpcEngine2.java:574) [hadoop-common-3.3.1.jar:?]
	at org.apache.hadoop.ipc.ProtobufRpcEngine2$Server$ProtoBufRpcInvoker.call(ProtobufRpcEngine2.java:552) [hadoop-common-3.3.1.jar:?]
	at org.apache.hadoop.ipc.RPC$Server.call(RPC.java:1093) [hadoop-common-3.3.1.jar:?]
	at org.apache.hadoop.ipc.Server$RpcCall.run(Server.java:1035) [hadoop-common-3.3.1.jar:?]
	at org.apache.hadoop.ipc.Server$RpcCall.run(Server.java:963) [hadoop-common-3.3.1.jar:?]
	at java.security.AccessController.doPrivileged(Native Method) ~[?:1.8.0_345]
	at javax.security.auth.Subject.doAs(Subject.java:422) [?:1.8.0_345]
	at org.apache.hadoop.security.UserGroupInformation.doAs(UserGroupInformation.java:1878) [hadoop-common-3.3.1.jar:?]
	at org.apache.hadoop.ipc.Server$Handler.run(Server.java:2966) [hadoop-common-3.3.1.jar:?]
2022-10-06 01:03:41,902 [Time-limited test] WARN  ozone.BasicRootedOzoneFileSystem (BasicRootedOzoneFileSystem.java:getFileStatus(879)) - GetFileStatus failed for path /volume96664/bucket95905/testBatchDelete/parent/childFolder/child5
java.io.FileNotFoundException: testBatchDelete/parent/childFolder/child5: No such file or directory!
	at org.apache.hadoop.fs.ozone.BasicRootedOzoneClientAdapterImpl.getFileStatus(BasicRootedOzoneClientAdapterImpl.java:617)
	at org.apache.hadoop.fs.ozone.BasicRootedOzoneFileSystem.getFileStatus(BasicRootedOzoneFileSystem.java:869)
	at org.apache.hadoop.fs.FileSystem.exists(FileSystem.java:1760)
	at org.apache.hadoop.fs.ozone.BasicRootedOzoneFileSystem.exists(BasicRootedOzoneFileSystem.java:918)
	at org.apache.hadoop.fs.ozone.TestRootedOzoneFileSystem.testFileDelete(TestRootedOzoneFileSystem.java:1589)
	at sun.reflect.NativeMethodAccessorImpl.invoke0(Native Method)
	at sun.reflect.NativeMethodAccessorImpl.invoke(NativeMethodAccessorImpl.java:62)
	at sun.reflect.DelegatingMethodAccessorImpl.invoke(DelegatingMethodAccessorImpl.java:43)
	at java.lang.reflect.Method.invoke(Method.java:498)
	at org.junit.runners.model.FrameworkMethod$1.runReflectiveCall(FrameworkMethod.java:59)
	at org.junit.internal.runners.model.ReflectiveCallable.run(ReflectiveCallable.java:12)
	at org.junit.runners.model.FrameworkMethod.invokeExplosively(FrameworkMethod.java:56)
	at org.junit.internal.runners.statements.InvokeMethod.evaluate(InvokeMethod.java:17)
	at org.junit.internal.runners.statements.RunBefores.evaluate(RunBefores.java:26)
	at org.junit.internal.runners.statements.RunAfters.evaluate(RunAfters.java:27)
	at org.junit.internal.runners.statements.FailOnTimeout$CallableStatement.call(FailOnTimeout.java:288)
	at org.junit.internal.runners.statements.FailOnTimeout$CallableStatement.call(FailOnTimeout.java:282)
	at java.util.concurrent.FutureTask.run(FutureTask.java:266)
	at java.lang.Thread.run(Thread.java:750)
01:03:41.903 [IPC Server handler 12 on default port 34317] ERROR OMAudit - user=runner | ip=127.0.0.1 | op=GET_FILE_STATUS {volume=volume96664, bucket=bucket95905, key=testBatchDelete/parent/child6, dataSize=0, replicationConfig=null} | ret=FAILURE
org.apache.hadoop.ozone.om.exceptions.OMException: Unable to get file status: volume: volume96664 bucket: bucket95905 key: testBatchDelete/parent/child6
	at org.apache.hadoop.ozone.om.KeyManagerImpl.getOzoneFileStatusFSO(KeyManagerImpl.java:1389) ~[ozone-manager-1.3.0-SNAPSHOT.jar:?]
	at org.apache.hadoop.ozone.om.KeyManagerImpl.getFileStatus(KeyManagerImpl.java:1252) ~[ozone-manager-1.3.0-SNAPSHOT.jar:?]
	at org.apache.hadoop.ozone.om.OzoneManager.getFileStatus(OzoneManager.java:3507) ~[ozone-manager-1.3.0-SNAPSHOT.jar:?]
	at org.apache.hadoop.ozone.protocolPB.OzoneManagerRequestHandler.getOzoneFileStatus(OzoneManagerRequestHandler.java:882) ~[ozone-manager-1.3.0-SNAPSHOT.jar:?]
	at org.apache.hadoop.ozone.protocolPB.OzoneManagerRequestHandler.handleReadRequest(OzoneManagerRequestHandler.java:228) ~[ozone-manager-1.3.0-SNAPSHOT.jar:?]
	at org.apache.hadoop.ozone.protocolPB.OzoneManagerProtocolServerSideTranslatorPB.submitReadRequestToOM(OzoneManagerProtocolServerSideTranslatorPB.java:226) ~[ozone-manager-1.3.0-SNAPSHOT.jar:?]
	at org.apache.hadoop.ozone.protocolPB.OzoneManagerProtocolServerSideTranslatorPB.processRequest(OzoneManagerProtocolServerSideTranslatorPB.java:175) ~[ozone-manager-1.3.0-SNAPSHOT.jar:?]
	at org.apache.hadoop.hdds.server.OzoneProtocolMessageDispatcher.processRequest(OzoneProtocolMessageDispatcher.java:87) [hdds-server-framework-1.3.0-SNAPSHOT.jar:?]
	at org.apache.hadoop.ozone.protocolPB.OzoneManagerProtocolServerSideTranslatorPB.submitRequest(OzoneManagerProtocolServerSideTranslatorPB.java:147) [ozone-manager-1.3.0-SNAPSHOT.jar:?]
	at org.apache.hadoop.ozone.protocol.proto.OzoneManagerProtocolProtos$OzoneManagerService$2.callBlockingMethod(OzoneManagerProtocolProtos.java) [ozone-interface-client-1.3.0-SNAPSHOT.jar:?]
	at org.apache.hadoop.ipc.ProtobufRpcEngine$Server.processCall(ProtobufRpcEngine.java:466) [hadoop-common-3.3.1.jar:?]
	at org.apache.hadoop.ipc.ProtobufRpcEngine2$Server$ProtoBufRpcInvoker.call(ProtobufRpcEngine2.java:574) [hadoop-common-3.3.1.jar:?]
	at org.apache.hadoop.ipc.ProtobufRpcEngine2$Server$ProtoBufRpcInvoker.call(ProtobufRpcEngine2.java:552) [hadoop-common-3.3.1.jar:?]
	at org.apache.hadoop.ipc.RPC$Server.call(RPC.java:1093) [hadoop-common-3.3.1.jar:?]
	at org.apache.hadoop.ipc.Server$RpcCall.run(Server.java:1035) [hadoop-common-3.3.1.jar:?]
	at org.apache.hadoop.ipc.Server$RpcCall.run(Server.java:963) [hadoop-common-3.3.1.jar:?]
	at java.security.AccessController.doPrivileged(Native Method) ~[?:1.8.0_345]
	at javax.security.auth.Subject.doAs(Subject.java:422) [?:1.8.0_345]
	at org.apache.hadoop.security.UserGroupInformation.doAs(UserGroupInformation.java:1878) [hadoop-common-3.3.1.jar:?]
	at org.apache.hadoop.ipc.Server$Handler.run(Server.java:2966) [hadoop-common-3.3.1.jar:?]
2022-10-06 01:03:41,903 [Time-limited test] WARN  ozone.BasicRootedOzoneFileSystem (BasicRootedOzoneFileSystem.java:getFileStatus(879)) - GetFileStatus failed for path /volume96664/bucket95905/testBatchDelete/parent/child6
java.io.FileNotFoundException: testBatchDelete/parent/child6: No such file or directory!
	at org.apache.hadoop.fs.ozone.BasicRootedOzoneClientAdapterImpl.getFileStatus(BasicRootedOzoneClientAdapterImpl.java:617)
	at org.apache.hadoop.fs.ozone.BasicRootedOzoneFileSystem.getFileStatus(BasicRootedOzoneFileSystem.java:869)
	at org.apache.hadoop.fs.FileSystem.exists(FileSystem.java:1760)
	at org.apache.hadoop.fs.ozone.BasicRootedOzoneFileSystem.exists(BasicRootedOzoneFileSystem.java:918)
	at org.apache.hadoop.fs.ozone.TestRootedOzoneFileSystem.testFileDelete(TestRootedOzoneFileSystem.java:1584)
	at sun.reflect.NativeMethodAccessorImpl.invoke0(Native Method)
	at sun.reflect.NativeMethodAccessorImpl.invoke(NativeMethodAccessorImpl.java:62)
	at sun.reflect.DelegatingMethodAccessorImpl.invoke(DelegatingMethodAccessorImpl.java:43)
	at java.lang.reflect.Method.invoke(Method.java:498)
	at org.junit.runners.model.FrameworkMethod$1.runReflectiveCall(FrameworkMethod.java:59)
	at org.junit.internal.runners.model.ReflectiveCallable.run(ReflectiveCallable.java:12)
	at org.junit.runners.model.FrameworkMethod.invokeExplosively(FrameworkMethod.java:56)
	at org.junit.internal.runners.statements.InvokeMethod.evaluate(InvokeMethod.java:17)
	at org.junit.internal.runners.statements.RunBefores.evaluate(RunBefores.java:26)
	at org.junit.internal.runners.statements.RunAfters.evaluate(RunAfters.java:27)
	at org.junit.internal.runners.statements.FailOnTimeout$CallableStatement.call(FailOnTimeout.java:288)
	at org.junit.internal.runners.statements.FailOnTimeout$CallableStatement.call(FailOnTimeout.java:282)
	at java.util.concurrent.FutureTask.run(FutureTask.java:266)
	at java.lang.Thread.run(Thread.java:750)
01:03:41.905 [IPC Server handler 11 on default port 34317] ERROR OMAudit - user=runner | ip=127.0.0.1 | op=GET_FILE_STATUS {volume=volume96664, bucket=bucket95905, key=testBatchDelete/parent/childFolder/child6, dataSize=0, replicationConfig=null} | ret=FAILURE
org.apache.hadoop.ozone.om.exceptions.OMException: Unable to get file status: volume: volume96664 bucket: bucket95905 key: testBatchDelete/parent/childFolder/child6
	at org.apache.hadoop.ozone.om.KeyManagerImpl.getOzoneFileStatusFSO(KeyManagerImpl.java:1389) ~[ozone-manager-1.3.0-SNAPSHOT.jar:?]
	at org.apache.hadoop.ozone.om.KeyManagerImpl.getFileStatus(KeyManagerImpl.java:1252) ~[ozone-manager-1.3.0-SNAPSHOT.jar:?]
	at org.apache.hadoop.ozone.om.OzoneManager.getFileStatus(OzoneManager.java:3507) ~[ozone-manager-1.3.0-SNAPSHOT.jar:?]
	at org.apache.hadoop.ozone.protocolPB.OzoneManagerRequestHandler.getOzoneFileStatus(OzoneManagerRequestHandler.java:882) ~[ozone-manager-1.3.0-SNAPSHOT.jar:?]
	at org.apache.hadoop.ozone.protocolPB.OzoneManagerRequestHandler.handleReadRequest(OzoneManagerRequestHandler.java:228) ~[ozone-manager-1.3.0-SNAPSHOT.jar:?]
	at org.apache.hadoop.ozone.protocolPB.OzoneManagerProtocolServerSideTranslatorPB.submitReadRequestToOM(OzoneManagerProtocolServerSideTranslatorPB.java:226) ~[ozone-manager-1.3.0-SNAPSHOT.jar:?]
	at org.apache.hadoop.ozone.protocolPB.OzoneManagerProtocolServerSideTranslatorPB.processRequest(OzoneManagerProtocolServerSideTranslatorPB.java:175) ~[ozone-manager-1.3.0-SNAPSHOT.jar:?]
	at org.apache.hadoop.hdds.server.OzoneProtocolMessageDispatcher.processRequest(OzoneProtocolMessageDispatcher.java:87) [hdds-server-framework-1.3.0-SNAPSHOT.jar:?]
	at org.apache.hadoop.ozone.protocolPB.OzoneManagerProtocolServerSideTranslatorPB.submitRequest(OzoneManagerProtocolServerSideTranslatorPB.java:147) [ozone-manager-1.3.0-SNAPSHOT.jar:?]
	at org.apache.hadoop.ozone.protocol.proto.OzoneManagerProtocolProtos$OzoneManagerService$2.callBlockingMethod(OzoneManagerProtocolProtos.java) [ozone-interface-client-1.3.0-SNAPSHOT.jar:?]
	at org.apache.hadoop.ipc.ProtobufRpcEngine$Server.processCall(ProtobufRpcEngine.java:466) [hadoop-common-3.3.1.jar:?]
	at org.apache.hadoop.ipc.ProtobufRpcEngine2$Server$ProtoBufRpcInvoker.call(ProtobufRpcEngine2.java:574) [hadoop-common-3.3.1.jar:?]
	at org.apache.hadoop.ipc.ProtobufRpcEngine2$Server$ProtoBufRpcInvoker.call(ProtobufRpcEngine2.java:552) [hadoop-common-3.3.1.jar:?]
	at org.apache.hadoop.ipc.RPC$Server.call(RPC.java:1093) [hadoop-common-3.3.1.jar:?]
	at org.apache.hadoop.ipc.Server$RpcCall.run(Server.java:1035) [hadoop-common-3.3.1.jar:?]
	at org.apache.hadoop.ipc.Server$RpcCall.run(Server.java:963) [hadoop-common-3.3.1.jar:?]
	at java.security.AccessController.doPrivileged(Native Method) ~[?:1.8.0_345]
	at javax.security.auth.Subject.doAs(Subject.java:422) [?:1.8.0_345]
	at org.apache.hadoop.security.UserGroupInformation.doAs(UserGroupInformation.java:1878) [hadoop-common-3.3.1.jar:?]
	at org.apache.hadoop.ipc.Server$Handler.run(Server.java:2966) [hadoop-common-3.3.1.jar:?]
2022-10-06 01:03:41,905 [Time-limited test] WARN  ozone.BasicRootedOzoneFileSystem (BasicRootedOzoneFileSystem.java:getFileStatus(879)) - GetFileStatus failed for path /volume96664/bucket95905/testBatchDelete/parent/childFolder/child6
java.io.FileNotFoundException: testBatchDelete/parent/childFolder/child6: No such file or directory!
	at org.apache.hadoop.fs.ozone.BasicRootedOzoneClientAdapterImpl.getFileStatus(BasicRootedOzoneClientAdapterImpl.java:617)
	at org.apache.hadoop.fs.ozone.BasicRootedOzoneFileSystem.getFileStatus(BasicRootedOzoneFileSystem.java:869)
	at org.apache.hadoop.fs.FileSystem.exists(FileSystem.java:1760)
	at org.apache.hadoop.fs.ozone.BasicRootedOzoneFileSystem.exists(BasicRootedOzoneFileSystem.java:918)
	at org.apache.hadoop.fs.ozone.TestRootedOzoneFileSystem.testFileDelete(TestRootedOzoneFileSystem.java:1589)
	at sun.reflect.NativeMethodAccessorImpl.invoke0(Native Method)
	at sun.reflect.NativeMethodAccessorImpl.invoke(NativeMethodAccessorImpl.java:62)
	at sun.reflect.DelegatingMethodAccessorImpl.invoke(DelegatingMethodAccessorImpl.java:43)
	at java.lang.reflect.Method.invoke(Method.java:498)
	at org.junit.runners.model.FrameworkMethod$1.runReflectiveCall(FrameworkMethod.java:59)
	at org.junit.internal.runners.model.ReflectiveCallable.run(ReflectiveCallable.java:12)
	at org.junit.runners.model.FrameworkMethod.invokeExplosively(FrameworkMethod.java:56)
	at org.junit.internal.runners.statements.InvokeMethod.evaluate(InvokeMethod.java:17)
	at org.junit.internal.runners.statements.RunBefores.evaluate(RunBefores.java:26)
	at org.junit.internal.runners.statements.RunAfters.evaluate(RunAfters.java:27)
	at org.junit.internal.runners.statements.FailOnTimeout$CallableStatement.call(FailOnTimeout.java:288)
	at org.junit.internal.runners.statements.FailOnTimeout$CallableStatement.call(FailOnTimeout.java:282)
	at java.util.concurrent.FutureTask.run(FutureTask.java:266)
	at java.lang.Thread.run(Thread.java:750)
01:03:41.908 [IPC Server handler 6 on default port 34317] ERROR OMAudit - user=runner | ip=127.0.0.1 | op=GET_FILE_STATUS {volume=volume96664, bucket=bucket95905, key=testBatchDelete/parent/child7, dataSize=0, replicationConfig=null} | ret=FAILURE
org.apache.hadoop.ozone.om.exceptions.OMException: Unable to get file status: volume: volume96664 bucket: bucket95905 key: testBatchDelete/parent/child7
	at org.apache.hadoop.ozone.om.KeyManagerImpl.getOzoneFileStatusFSO(KeyManagerImpl.java:1389) ~[ozone-manager-1.3.0-SNAPSHOT.jar:?]
	at org.apache.hadoop.ozone.om.KeyManagerImpl.getFileStatus(KeyManagerImpl.java:1252) ~[ozone-manager-1.3.0-SNAPSHOT.jar:?]
	at org.apache.hadoop.ozone.om.OzoneManager.getFileStatus(OzoneManager.java:3507) ~[ozone-manager-1.3.0-SNAPSHOT.jar:?]
	at org.apache.hadoop.ozone.protocolPB.OzoneManagerRequestHandler.getOzoneFileStatus(OzoneManagerRequestHandler.java:882) ~[ozone-manager-1.3.0-SNAPSHOT.jar:?]
	at org.apache.hadoop.ozone.protocolPB.OzoneManagerRequestHandler.handleReadRequest(OzoneManagerRequestHandler.java:228) ~[ozone-manager-1.3.0-SNAPSHOT.jar:?]
	at org.apache.hadoop.ozone.protocolPB.OzoneManagerProtocolServerSideTranslatorPB.submitReadRequestToOM(OzoneManagerProtocolServerSideTranslatorPB.java:226) ~[ozone-manager-1.3.0-SNAPSHOT.jar:?]
	at org.apache.hadoop.ozone.protocolPB.OzoneManagerProtocolServerSideTranslatorPB.processRequest(OzoneManagerProtocolServerSideTranslatorPB.java:175) ~[ozone-manager-1.3.0-SNAPSHOT.jar:?]
	at org.apache.hadoop.hdds.server.OzoneProtocolMessageDispatcher.processRequest(OzoneProtocolMessageDispatcher.java:87) [hdds-server-framework-1.3.0-SNAPSHOT.jar:?]
	at org.apache.hadoop.ozone.protocolPB.OzoneManagerProtocolServerSideTranslatorPB.submitRequest(OzoneManagerProtocolServerSideTranslatorPB.java:147) [ozone-manager-1.3.0-SNAPSHOT.jar:?]
	at org.apache.hadoop.ozone.protocol.proto.OzoneManagerProtocolProtos$OzoneManagerService$2.callBlockingMethod(OzoneManagerProtocolProtos.java) [ozone-interface-client-1.3.0-SNAPSHOT.jar:?]
	at org.apache.hadoop.ipc.ProtobufRpcEngine$Server.processCall(ProtobufRpcEngine.java:466) [hadoop-common-3.3.1.jar:?]
	at org.apache.hadoop.ipc.ProtobufRpcEngine2$Server$ProtoBufRpcInvoker.call(ProtobufRpcEngine2.java:574) [hadoop-common-3.3.1.jar:?]
	at org.apache.hadoop.ipc.ProtobufRpcEngine2$Server$ProtoBufRpcInvoker.call(ProtobufRpcEngine2.java:552) [hadoop-common-3.3.1.jar:?]
	at org.apache.hadoop.ipc.RPC$Server.call(RPC.java:1093) [hadoop-common-3.3.1.jar:?]
	at org.apache.hadoop.ipc.Server$RpcCall.run(Server.java:1035) [hadoop-common-3.3.1.jar:?]
	at org.apache.hadoop.ipc.Server$RpcCall.run(Server.java:963) [hadoop-common-3.3.1.jar:?]
	at java.security.AccessController.doPrivileged(Native Method) ~[?:1.8.0_345]
	at javax.security.auth.Subject.doAs(Subject.java:422) [?:1.8.0_345]
	at org.apache.hadoop.security.UserGroupInformation.doAs(UserGroupInformation.java:1878) [hadoop-common-3.3.1.jar:?]
	at org.apache.hadoop.ipc.Server$Handler.run(Server.java:2966) [hadoop-common-3.3.1.jar:?]
2022-10-06 01:03:41,910 [Time-limited test] WARN  ozone.BasicRootedOzoneFileSystem (BasicRootedOzoneFileSystem.java:getFileStatus(879)) - GetFileStatus failed for path /volume96664/bucket95905/testBatchDelete/parent/child7
java.io.FileNotFoundException: testBatchDelete/parent/child7: No such file or directory!
	at org.apache.hadoop.fs.ozone.BasicRootedOzoneClientAdapterImpl.getFileStatus(BasicRootedOzoneClientAdapterImpl.java:617)
	at org.apache.hadoop.fs.ozone.BasicRootedOzoneFileSystem.getFileStatus(BasicRootedOzoneFileSystem.java:869)
	at org.apache.hadoop.fs.FileSystem.exists(FileSystem.java:1760)
	at org.apache.hadoop.fs.ozone.BasicRootedOzoneFileSystem.exists(BasicRootedOzoneFileSystem.java:918)
	at org.apache.hadoop.fs.ozone.TestRootedOzoneFileSystem.testFileDelete(TestRootedOzoneFileSystem.java:1584)
	at sun.reflect.NativeMethodAccessorImpl.invoke0(Native Method)
	at sun.reflect.NativeMethodAccessorImpl.invoke(NativeMethodAccessorImpl.java:62)
	at sun.reflect.DelegatingMethodAccessorImpl.invoke(DelegatingMethodAccessorImpl.java:43)
	at java.lang.reflect.Method.invoke(Method.java:498)
	at org.junit.runners.model.FrameworkMethod$1.runReflectiveCall(FrameworkMethod.java:59)
	at org.junit.internal.runners.model.ReflectiveCallable.run(ReflectiveCallable.java:12)
	at org.junit.runners.model.FrameworkMethod.invokeExplosively(FrameworkMethod.java:56)
	at org.junit.internal.runners.statements.InvokeMethod.evaluate(InvokeMethod.java:17)
	at org.junit.internal.runners.statements.RunBefores.evaluate(RunBefores.java:26)
	at org.junit.internal.runners.statements.RunAfters.evaluate(RunAfters.java:27)
	at org.junit.internal.runners.statements.FailOnTimeout$CallableStatement.call(FailOnTimeout.java:288)
	at org.junit.internal.runners.statements.FailOnTimeout$CallableStatement.call(FailOnTimeout.java:282)
	at java.util.concurrent.FutureTask.run(FutureTask.java:266)
	at java.lang.Thread.run(Thread.java:750)
01:03:41.911 [IPC Server handler 5 on default port 34317] ERROR OMAudit - user=runner | ip=127.0.0.1 | op=GET_FILE_STATUS {volume=volume96664, bucket=bucket95905, key=testBatchDelete/parent/childFolder/child7, dataSize=0, replicationConfig=null} | ret=FAILURE
org.apache.hadoop.ozone.om.exceptions.OMException: Unable to get file status: volume: volume96664 bucket: bucket95905 key: testBatchDelete/parent/childFolder/child7
	at org.apache.hadoop.ozone.om.KeyManagerImpl.getOzoneFileStatusFSO(KeyManagerImpl.java:1389) ~[ozone-manager-1.3.0-SNAPSHOT.jar:?]
	at org.apache.hadoop.ozone.om.KeyManagerImpl.getFileStatus(KeyManagerImpl.java:1252) ~[ozone-manager-1.3.0-SNAPSHOT.jar:?]
	at org.apache.hadoop.ozone.om.OzoneManager.getFileStatus(OzoneManager.java:3507) ~[ozone-manager-1.3.0-SNAPSHOT.jar:?]
	at org.apache.hadoop.ozone.protocolPB.OzoneManagerRequestHandler.getOzoneFileStatus(OzoneManagerRequestHandler.java:882) ~[ozone-manager-1.3.0-SNAPSHOT.jar:?]
	at org.apache.hadoop.ozone.protocolPB.OzoneManagerRequestHandler.handleReadRequest(OzoneManagerRequestHandler.java:228) ~[ozone-manager-1.3.0-SNAPSHOT.jar:?]
	at org.apache.hadoop.ozone.protocolPB.OzoneManagerProtocolServerSideTranslatorPB.submitReadRequestToOM(OzoneManagerProtocolServerSideTranslatorPB.java:226) ~[ozone-manager-1.3.0-SNAPSHOT.jar:?]
	at org.apache.hadoop.ozone.protocolPB.OzoneManagerProtocolServerSideTranslatorPB.processRequest(OzoneManagerProtocolServerSideTranslatorPB.java:175) ~[ozone-manager-1.3.0-SNAPSHOT.jar:?]
	at org.apache.hadoop.hdds.server.OzoneProtocolMessageDispatcher.processRequest(OzoneProtocolMessageDispatcher.java:87) [hdds-server-framework-1.3.0-SNAPSHOT.jar:?]
	at org.apache.hadoop.ozone.protocolPB.OzoneManagerProtocolServerSideTranslatorPB.submitRequest(OzoneManagerProtocolServerSideTranslatorPB.java:147) [ozone-manager-1.3.0-SNAPSHOT.jar:?]
	at org.apache.hadoop.ozone.protocol.proto.OzoneManagerProtocolProtos$OzoneManagerService$2.callBlockingMethod(OzoneManagerProtocolProtos.java) [ozone-interface-client-1.3.0-SNAPSHOT.jar:?]
	at org.apache.hadoop.ipc.ProtobufRpcEngine$Server.processCall(ProtobufRpcEngine.java:466) [hadoop-common-3.3.1.jar:?]
	at org.apache.hadoop.ipc.ProtobufRpcEngine2$Server$ProtoBufRpcInvoker.call(ProtobufRpcEngine2.java:574) [hadoop-common-3.3.1.jar:?]
	at org.apache.hadoop.ipc.ProtobufRpcEngine2$Server$ProtoBufRpcInvoker.call(ProtobufRpcEngine2.java:552) [hadoop-common-3.3.1.jar:?]
	at org.apache.hadoop.ipc.RPC$Server.call(RPC.java:1093) [hadoop-common-3.3.1.jar:?]
	at org.apache.hadoop.ipc.Server$RpcCall.run(Server.java:1035) [hadoop-common-3.3.1.jar:?]
	at org.apache.hadoop.ipc.Server$RpcCall.run(Server.java:963) [hadoop-common-3.3.1.jar:?]
	at java.security.AccessController.doPrivileged(Native Method) ~[?:1.8.0_345]
	at javax.security.auth.Subject.doAs(Subject.java:422) [?:1.8.0_345]
	at org.apache.hadoop.security.UserGroupInformation.doAs(UserGroupInformation.java:1878) [hadoop-common-3.3.1.jar:?]
	at org.apache.hadoop.ipc.Server$Handler.run(Server.java:2966) [hadoop-common-3.3.1.jar:?]
2022-10-06 01:03:41,911 [Time-limited test] WARN  ozone.BasicRootedOzoneFileSystem (BasicRootedOzoneFileSystem.java:getFileStatus(879)) - GetFileStatus failed for path /volume96664/bucket95905/testBatchDelete/parent/childFolder/child7
java.io.FileNotFoundException: testBatchDelete/parent/childFolder/child7: No such file or directory!
	at org.apache.hadoop.fs.ozone.BasicRootedOzoneClientAdapterImpl.getFileStatus(BasicRootedOzoneClientAdapterImpl.java:617)
	at org.apache.hadoop.fs.ozone.BasicRootedOzoneFileSystem.getFileStatus(BasicRootedOzoneFileSystem.java:869)
	at org.apache.hadoop.fs.FileSystem.exists(FileSystem.java:1760)
	at org.apache.hadoop.fs.ozone.BasicRootedOzoneFileSystem.exists(BasicRootedOzoneFileSystem.java:918)
	at org.apache.hadoop.fs.ozone.TestRootedOzoneFileSystem.testFileDelete(TestRootedOzoneFileSystem.java:1589)
	at sun.reflect.NativeMethodAccessorImpl.invoke0(Native Method)
	at sun.reflect.NativeMethodAccessorImpl.invoke(NativeMethodAccessorImpl.java:62)
	at sun.reflect.DelegatingMethodAccessorImpl.invoke(DelegatingMethodAccessorImpl.java:43)
	at java.lang.reflect.Method.invoke(Method.java:498)
	at org.junit.runners.model.FrameworkMethod$1.runReflectiveCall(FrameworkMethod.java:59)
	at org.junit.internal.runners.model.ReflectiveCallable.run(ReflectiveCallable.java:12)
	at org.junit.runners.model.FrameworkMethod.invokeExplosively(FrameworkMethod.java:56)
	at org.junit.internal.runners.statements.InvokeMethod.evaluate(InvokeMethod.java:17)
	at org.junit.internal.runners.statements.RunBefores.evaluate(RunBefores.java:26)
	at org.junit.internal.runners.statements.RunAfters.evaluate(RunAfters.java:27)
	at org.junit.internal.runners.statements.FailOnTimeout$CallableStatement.call(FailOnTimeout.java:288)
	at org.junit.internal.runners.statements.FailOnTimeout$CallableStatement.call(FailOnTimeout.java:282)
	at java.util.concurrent.FutureTask.run(FutureTask.java:266)
	at java.lang.Thread.run(Thread.java:750)
01:03:41.913 [IPC Server handler 9 on default port 34317] ERROR OMAudit - user=runner | ip=127.0.0.1 | op=GET_FILE_STATUS {volume=volume96664, bucket=bucket95905, key=testBatchDelete/parent, dataSize=0, replicationConfig=null} | ret=FAILURE
org.apache.hadoop.ozone.om.exceptions.OMException: Unable to get file status: volume: volume96664 bucket: bucket95905 key: testBatchDelete/parent
	at org.apache.hadoop.ozone.om.KeyManagerImpl.getOzoneFileStatusFSO(KeyManagerImpl.java:1389) ~[ozone-manager-1.3.0-SNAPSHOT.jar:?]
	at org.apache.hadoop.ozone.om.KeyManagerImpl.getFileStatus(KeyManagerImpl.java:1252) ~[ozone-manager-1.3.0-SNAPSHOT.jar:?]
	at org.apache.hadoop.ozone.om.OzoneManager.getFileStatus(OzoneManager.java:3507) ~[ozone-manager-1.3.0-SNAPSHOT.jar:?]
	at org.apache.hadoop.ozone.protocolPB.OzoneManagerRequestHandler.getOzoneFileStatus(OzoneManagerRequestHandler.java:882) ~[ozone-manager-1.3.0-SNAPSHOT.jar:?]
	at org.apache.hadoop.ozone.protocolPB.OzoneManagerRequestHandler.handleReadRequest(OzoneManagerRequestHandler.java:228) ~[ozone-manager-1.3.0-SNAPSHOT.jar:?]
	at org.apache.hadoop.ozone.protocolPB.OzoneManagerProtocolServerSideTranslatorPB.submitReadRequestToOM(OzoneManagerProtocolServerSideTranslatorPB.java:226) ~[ozone-manager-1.3.0-SNAPSHOT.jar:?]
	at org.apache.hadoop.ozone.protocolPB.OzoneManagerProtocolServerSideTranslatorPB.processRequest(OzoneManagerProtocolServerSideTranslatorPB.java:175) ~[ozone-manager-1.3.0-SNAPSHOT.jar:?]
	at org.apache.hadoop.hdds.server.OzoneProtocolMessageDispatcher.processRequest(OzoneProtocolMessageDispatcher.java:87) [hdds-server-framework-1.3.0-SNAPSHOT.jar:?]
	at org.apache.hadoop.ozone.protocolPB.OzoneManagerProtocolServerSideTranslatorPB.submitRequest(OzoneManagerProtocolServerSideTranslatorPB.java:147) [ozone-manager-1.3.0-SNAPSHOT.jar:?]
	at org.apache.hadoop.ozone.protocol.proto.OzoneManagerProtocolProtos$OzoneManagerService$2.callBlockingMethod(OzoneManagerProtocolProtos.java) [ozone-interface-client-1.3.0-SNAPSHOT.jar:?]
	at org.apache.hadoop.ipc.ProtobufRpcEngine$Server.processCall(ProtobufRpcEngine.java:466) [hadoop-common-3.3.1.jar:?]
	at org.apache.hadoop.ipc.ProtobufRpcEngine2$Server$ProtoBufRpcInvoker.call(ProtobufRpcEngine2.java:574) [hadoop-common-3.3.1.jar:?]
	at org.apache.hadoop.ipc.ProtobufRpcEngine2$Server$ProtoBufRpcInvoker.call(ProtobufRpcEngine2.java:552) [hadoop-common-3.3.1.jar:?]
	at org.apache.hadoop.ipc.RPC$Server.call(RPC.java:1093) [hadoop-common-3.3.1.jar:?]
	at org.apache.hadoop.ipc.Server$RpcCall.run(Server.java:1035) [hadoop-common-3.3.1.jar:?]
	at org.apache.hadoop.ipc.Server$RpcCall.run(Server.java:963) [hadoop-common-3.3.1.jar:?]
	at java.security.AccessController.doPrivileged(Native Method) ~[?:1.8.0_345]
	at javax.security.auth.Subject.doAs(Subject.java:422) [?:1.8.0_345]
	at org.apache.hadoop.security.UserGroupInformation.doAs(UserGroupInformation.java:1878) [hadoop-common-3.3.1.jar:?]
	at org.apache.hadoop.ipc.Server$Handler.run(Server.java:2966) [hadoop-common-3.3.1.jar:?]
2022-10-06 01:03:41,913 [Time-limited test] WARN  ozone.BasicRootedOzoneFileSystem (BasicRootedOzoneFileSystem.java:getFileStatus(879)) - GetFileStatus failed for path /volume96664/bucket95905/testBatchDelete/parent
java.io.FileNotFoundException: testBatchDelete/parent: No such file or directory!
	at org.apache.hadoop.fs.ozone.BasicRootedOzoneClientAdapterImpl.getFileStatus(BasicRootedOzoneClientAdapterImpl.java:617)
	at org.apache.hadoop.fs.ozone.BasicRootedOzoneFileSystem.getFileStatus(BasicRootedOzoneFileSystem.java:869)
	at org.apache.hadoop.fs.ozone.BasicRootedOzoneFileSystem.delete(BasicRootedOzoneFileSystem.java:574)
	at org.apache.hadoop.fs.ozone.TestRootedOzoneFileSystem.testFileDelete(TestRootedOzoneFileSystem.java:1593)
	at sun.reflect.NativeMethodAccessorImpl.invoke0(Native Method)
	at sun.reflect.NativeMethodAccessorImpl.invoke(NativeMethodAccessorImpl.java:62)
	at sun.reflect.DelegatingMethodAccessorImpl.invoke(DelegatingMethodAccessorImpl.java:43)
	at java.lang.reflect.Method.invoke(Method.java:498)
	at org.junit.runners.model.FrameworkMethod$1.runReflectiveCall(FrameworkMethod.java:59)
	at org.junit.internal.runners.model.ReflectiveCallable.run(ReflectiveCallable.java:12)
	at org.junit.runners.model.FrameworkMethod.invokeExplosively(FrameworkMethod.java:56)
	at org.junit.internal.runners.statements.InvokeMethod.evaluate(InvokeMethod.java:17)
	at org.junit.internal.runners.statements.RunBefores.evaluate(RunBefores.java:26)
	at org.junit.internal.runners.statements.RunAfters.evaluate(RunAfters.java:27)
	at org.junit.internal.runners.statements.FailOnTimeout$CallableStatement.call(FailOnTimeout.java:288)
	at org.junit.internal.runners.statements.FailOnTimeout$CallableStatement.call(FailOnTimeout.java:282)
	at java.util.concurrent.FutureTask.run(FutureTask.java:266)
	at java.lang.Thread.run(Thread.java:750)
2022-10-06 01:03:41,913 [Time-limited test] WARN  ozone.BasicRootedOzoneFileSystem (BasicRootedOzoneFileSystem.java:delete(576)) - delete: Path does not exist: /volume96664/bucket95905/testBatchDelete/parent
]]></system-out>
  </testcase>
  <testcase name="testFileDelete" classname="TestRootedOzoneFileSystemWithFSO" time="0.131">
    <system-out><![CDATA[2022-10-06 01:05:08,596 [Time-limited test] INFO  rpc.RpcClient (RpcClient.java:createVolume(471)) - Creating Volume: volume05783, with user37635 as owner and space quota set to -1 bytes, counts quota set to -1
2022-10-06 01:05:08,598 [IPC Server handler 12 on default port 44363] INFO  volume.OMVolumeCreateRequest (OMVolumeCreateRequest.java:validateAndUpdateCache(195)) - created volume:volume05783 for user:user37635
2022-10-06 01:05:08,602 [Time-limited test] INFO  rpc.RpcClient (RpcClient.java:createBucket(674)) - Creating Bucket: volume05783/bucket77500, with bucket layout FILE_SYSTEM_OPTIMIZED, runner as owner, Versioning false, Storage Type set to DISK and Encryption set to false 
2022-10-06 01:05:08,602 [IPC Server handler 19 on default port 44363] INFO  bucket.OMBucketCreateRequest (OMBucketCreateRequest.java:validateAndUpdateCache(260)) - created bucket: bucket77500 of layout FILE_SYSTEM_OPTIMIZED in volume: volume05783
01:05:08.641 [IPC Server handler 10 on default port 44363] ERROR OMAudit - user=runner | ip=127.0.0.1 | op=GET_FILE_STATUS {volume=volume05783, bucket=bucket77500, key=testBatchDelete, dataSize=0, replicationConfig=null} | ret=FAILURE
org.apache.hadoop.ozone.om.exceptions.OMException: Unable to get file status: volume: volume05783 bucket: bucket77500 key: testBatchDelete
	at org.apache.hadoop.ozone.om.KeyManagerImpl.getOzoneFileStatusFSO(KeyManagerImpl.java:1389) ~[ozone-manager-1.3.0-SNAPSHOT.jar:?]
	at org.apache.hadoop.ozone.om.KeyManagerImpl.getFileStatus(KeyManagerImpl.java:1252) ~[ozone-manager-1.3.0-SNAPSHOT.jar:?]
	at org.apache.hadoop.ozone.om.OzoneManager.getFileStatus(OzoneManager.java:3507) ~[ozone-manager-1.3.0-SNAPSHOT.jar:?]
	at org.apache.hadoop.ozone.protocolPB.OzoneManagerRequestHandler.getOzoneFileStatus(OzoneManagerRequestHandler.java:882) ~[ozone-manager-1.3.0-SNAPSHOT.jar:?]
	at org.apache.hadoop.ozone.protocolPB.OzoneManagerRequestHandler.handleReadRequest(OzoneManagerRequestHandler.java:228) ~[ozone-manager-1.3.0-SNAPSHOT.jar:?]
	at org.apache.hadoop.ozone.protocolPB.OzoneManagerProtocolServerSideTranslatorPB.submitRequestDirectlyToOM(OzoneManagerProtocolServerSideTranslatorPB.java:276) ~[ozone-manager-1.3.0-SNAPSHOT.jar:?]
	at org.apache.hadoop.ozone.protocolPB.OzoneManagerProtocolServerSideTranslatorPB.processRequest(OzoneManagerProtocolServerSideTranslatorPB.java:205) ~[ozone-manager-1.3.0-SNAPSHOT.jar:?]
	at org.apache.hadoop.hdds.server.OzoneProtocolMessageDispatcher.processRequest(OzoneProtocolMessageDispatcher.java:87) [hdds-server-framework-1.3.0-SNAPSHOT.jar:?]
	at org.apache.hadoop.ozone.protocolPB.OzoneManagerProtocolServerSideTranslatorPB.submitRequest(OzoneManagerProtocolServerSideTranslatorPB.java:147) [ozone-manager-1.3.0-SNAPSHOT.jar:?]
	at org.apache.hadoop.ozone.protocol.proto.OzoneManagerProtocolProtos$OzoneManagerService$2.callBlockingMethod(OzoneManagerProtocolProtos.java) [ozone-interface-client-1.3.0-SNAPSHOT.jar:?]
	at org.apache.hadoop.ipc.ProtobufRpcEngine$Server.processCall(ProtobufRpcEngine.java:466) [hadoop-common-3.3.1.jar:?]
	at org.apache.hadoop.ipc.ProtobufRpcEngine2$Server$ProtoBufRpcInvoker.call(ProtobufRpcEngine2.java:574) [hadoop-common-3.3.1.jar:?]
	at org.apache.hadoop.ipc.ProtobufRpcEngine2$Server$ProtoBufRpcInvoker.call(ProtobufRpcEngine2.java:552) [hadoop-common-3.3.1.jar:?]
	at org.apache.hadoop.ipc.RPC$Server.call(RPC.java:1093) [hadoop-common-3.3.1.jar:?]
	at org.apache.hadoop.ipc.Server$RpcCall.run(Server.java:1035) [hadoop-common-3.3.1.jar:?]
	at org.apache.hadoop.ipc.Server$RpcCall.run(Server.java:963) [hadoop-common-3.3.1.jar:?]
	at java.security.AccessController.doPrivileged(Native Method) ~[?:1.8.0_345]
	at javax.security.auth.Subject.doAs(Subject.java:422) [?:1.8.0_345]
	at org.apache.hadoop.security.UserGroupInformation.doAs(UserGroupInformation.java:1878) [hadoop-common-3.3.1.jar:?]
	at org.apache.hadoop.ipc.Server$Handler.run(Server.java:2966) [hadoop-common-3.3.1.jar:?]
2022-10-06 01:05:08,641 [Time-limited test] WARN  ozone.BasicRootedOzoneFileSystem (BasicRootedOzoneFileSystem.java:getFileStatus(879)) - GetFileStatus failed for path /volume05783/bucket77500/testBatchDelete
java.io.FileNotFoundException: testBatchDelete: No such file or directory!
	at org.apache.hadoop.fs.ozone.BasicRootedOzoneClientAdapterImpl.getFileStatus(BasicRootedOzoneClientAdapterImpl.java:617)
	at org.apache.hadoop.fs.ozone.BasicRootedOzoneFileSystem.getFileStatus(BasicRootedOzoneFileSystem.java:869)
	at org.apache.hadoop.fs.FileSystem.exists(FileSystem.java:1760)
	at org.apache.hadoop.fs.ozone.BasicRootedOzoneFileSystem.exists(BasicRootedOzoneFileSystem.java:918)
	at org.apache.hadoop.fs.ozone.TestRootedOzoneFileSystem.testFileDelete(TestRootedOzoneFileSystem.java:1580)
	at sun.reflect.NativeMethodAccessorImpl.invoke0(Native Method)
	at sun.reflect.NativeMethodAccessorImpl.invoke(NativeMethodAccessorImpl.java:62)
	at sun.reflect.DelegatingMethodAccessorImpl.invoke(DelegatingMethodAccessorImpl.java:43)
	at java.lang.reflect.Method.invoke(Method.java:498)
	at org.junit.runners.model.FrameworkMethod$1.runReflectiveCall(FrameworkMethod.java:59)
	at org.junit.internal.runners.model.ReflectiveCallable.run(ReflectiveCallable.java:12)
	at org.junit.runners.model.FrameworkMethod.invokeExplosively(FrameworkMethod.java:56)
	at org.junit.internal.runners.statements.InvokeMethod.evaluate(InvokeMethod.java:17)
	at org.junit.internal.runners.statements.RunBefores.evaluate(RunBefores.java:26)
	at org.junit.internal.runners.statements.RunAfters.evaluate(RunAfters.java:27)
	at org.junit.internal.runners.statements.FailOnTimeout$CallableStatement.call(FailOnTimeout.java:288)
	at org.junit.internal.runners.statements.FailOnTimeout$CallableStatement.call(FailOnTimeout.java:282)
	at java.util.concurrent.FutureTask.run(FutureTask.java:266)
	at java.lang.Thread.run(Thread.java:750)
01:05:08.642 [IPC Server handler 3 on default port 44363] ERROR OMAudit - user=runner | ip=127.0.0.1 | op=GET_FILE_STATUS {volume=volume05783, bucket=bucket77500, key=testBatchDelete/parent/child0, dataSize=0, replicationConfig=null} | ret=FAILURE
org.apache.hadoop.ozone.om.exceptions.OMException: Unable to get file status: volume: volume05783 bucket: bucket77500 key: testBatchDelete/parent/child0
	at org.apache.hadoop.ozone.om.KeyManagerImpl.getOzoneFileStatusFSO(KeyManagerImpl.java:1389) ~[ozone-manager-1.3.0-SNAPSHOT.jar:?]
	at org.apache.hadoop.ozone.om.KeyManagerImpl.getFileStatus(KeyManagerImpl.java:1252) ~[ozone-manager-1.3.0-SNAPSHOT.jar:?]
	at org.apache.hadoop.ozone.om.OzoneManager.getFileStatus(OzoneManager.java:3507) ~[ozone-manager-1.3.0-SNAPSHOT.jar:?]
	at org.apache.hadoop.ozone.protocolPB.OzoneManagerRequestHandler.getOzoneFileStatus(OzoneManagerRequestHandler.java:882) ~[ozone-manager-1.3.0-SNAPSHOT.jar:?]
	at org.apache.hadoop.ozone.protocolPB.OzoneManagerRequestHandler.handleReadRequest(OzoneManagerRequestHandler.java:228) ~[ozone-manager-1.3.0-SNAPSHOT.jar:?]
	at org.apache.hadoop.ozone.protocolPB.OzoneManagerProtocolServerSideTranslatorPB.submitRequestDirectlyToOM(OzoneManagerProtocolServerSideTranslatorPB.java:276) ~[ozone-manager-1.3.0-SNAPSHOT.jar:?]
	at org.apache.hadoop.ozone.protocolPB.OzoneManagerProtocolServerSideTranslatorPB.processRequest(OzoneManagerProtocolServerSideTranslatorPB.java:205) ~[ozone-manager-1.3.0-SNAPSHOT.jar:?]
	at org.apache.hadoop.hdds.server.OzoneProtocolMessageDispatcher.processRequest(OzoneProtocolMessageDispatcher.java:87) [hdds-server-framework-1.3.0-SNAPSHOT.jar:?]
	at org.apache.hadoop.ozone.protocolPB.OzoneManagerProtocolServerSideTranslatorPB.submitRequest(OzoneManagerProtocolServerSideTranslatorPB.java:147) [ozone-manager-1.3.0-SNAPSHOT.jar:?]
	at org.apache.hadoop.ozone.protocol.proto.OzoneManagerProtocolProtos$OzoneManagerService$2.callBlockingMethod(OzoneManagerProtocolProtos.java) [ozone-interface-client-1.3.0-SNAPSHOT.jar:?]
	at org.apache.hadoop.ipc.ProtobufRpcEngine$Server.processCall(ProtobufRpcEngine.java:466) [hadoop-common-3.3.1.jar:?]
	at org.apache.hadoop.ipc.ProtobufRpcEngine2$Server$ProtoBufRpcInvoker.call(ProtobufRpcEngine2.java:574) [hadoop-common-3.3.1.jar:?]
	at org.apache.hadoop.ipc.ProtobufRpcEngine2$Server$ProtoBufRpcInvoker.call(ProtobufRpcEngine2.java:552) [hadoop-common-3.3.1.jar:?]
	at org.apache.hadoop.ipc.RPC$Server.call(RPC.java:1093) [hadoop-common-3.3.1.jar:?]
	at org.apache.hadoop.ipc.Server$RpcCall.run(Server.java:1035) [hadoop-common-3.3.1.jar:?]
	at org.apache.hadoop.ipc.Server$RpcCall.run(Server.java:963) [hadoop-common-3.3.1.jar:?]
	at java.security.AccessController.doPrivileged(Native Method) ~[?:1.8.0_345]
	at javax.security.auth.Subject.doAs(Subject.java:422) [?:1.8.0_345]
	at org.apache.hadoop.security.UserGroupInformation.doAs(UserGroupInformation.java:1878) [hadoop-common-3.3.1.jar:?]
	at org.apache.hadoop.ipc.Server$Handler.run(Server.java:2966) [hadoop-common-3.3.1.jar:?]
2022-10-06 01:05:08,643 [Time-limited test] WARN  ozone.BasicRootedOzoneFileSystem (BasicRootedOzoneFileSystem.java:getFileStatus(879)) - GetFileStatus failed for path /volume05783/bucket77500/testBatchDelete/parent/child0
java.io.FileNotFoundException: testBatchDelete/parent/child0: No such file or directory!
	at org.apache.hadoop.fs.ozone.BasicRootedOzoneClientAdapterImpl.getFileStatus(BasicRootedOzoneClientAdapterImpl.java:617)
	at org.apache.hadoop.fs.ozone.BasicRootedOzoneFileSystem.getFileStatus(BasicRootedOzoneFileSystem.java:869)
	at org.apache.hadoop.fs.FileSystem.exists(FileSystem.java:1760)
	at org.apache.hadoop.fs.ozone.BasicRootedOzoneFileSystem.exists(BasicRootedOzoneFileSystem.java:918)
	at org.apache.hadoop.fs.ozone.TestRootedOzoneFileSystem.testFileDelete(TestRootedOzoneFileSystem.java:1584)
	at sun.reflect.NativeMethodAccessorImpl.invoke0(Native Method)
	at sun.reflect.NativeMethodAccessorImpl.invoke(NativeMethodAccessorImpl.java:62)
	at sun.reflect.DelegatingMethodAccessorImpl.invoke(DelegatingMethodAccessorImpl.java:43)
	at java.lang.reflect.Method.invoke(Method.java:498)
	at org.junit.runners.model.FrameworkMethod$1.runReflectiveCall(FrameworkMethod.java:59)
	at org.junit.internal.runners.model.ReflectiveCallable.run(ReflectiveCallable.java:12)
	at org.junit.runners.model.FrameworkMethod.invokeExplosively(FrameworkMethod.java:56)
	at org.junit.internal.runners.statements.InvokeMethod.evaluate(InvokeMethod.java:17)
	at org.junit.internal.runners.statements.RunBefores.evaluate(RunBefores.java:26)
	at org.junit.internal.runners.statements.RunAfters.evaluate(RunAfters.java:27)
	at org.junit.internal.runners.statements.FailOnTimeout$CallableStatement.call(FailOnTimeout.java:288)
	at org.junit.internal.runners.statements.FailOnTimeout$CallableStatement.call(FailOnTimeout.java:282)
	at java.util.concurrent.FutureTask.run(FutureTask.java:266)
	at java.lang.Thread.run(Thread.java:750)
01:05:08.645 [IPC Server handler 14 on default port 44363] ERROR OMAudit - user=runner | ip=127.0.0.1 | op=GET_FILE_STATUS {volume=volume05783, bucket=bucket77500, key=testBatchDelete/parent/childFolder/child0, dataSize=0, replicationConfig=null} | ret=FAILURE
org.apache.hadoop.ozone.om.exceptions.OMException: Unable to get file status: volume: volume05783 bucket: bucket77500 key: testBatchDelete/parent/childFolder/child0
	at org.apache.hadoop.ozone.om.KeyManagerImpl.getOzoneFileStatusFSO(KeyManagerImpl.java:1389) ~[ozone-manager-1.3.0-SNAPSHOT.jar:?]
	at org.apache.hadoop.ozone.om.KeyManagerImpl.getFileStatus(KeyManagerImpl.java:1252) ~[ozone-manager-1.3.0-SNAPSHOT.jar:?]
	at org.apache.hadoop.ozone.om.OzoneManager.getFileStatus(OzoneManager.java:3507) ~[ozone-manager-1.3.0-SNAPSHOT.jar:?]
	at org.apache.hadoop.ozone.protocolPB.OzoneManagerRequestHandler.getOzoneFileStatus(OzoneManagerRequestHandler.java:882) ~[ozone-manager-1.3.0-SNAPSHOT.jar:?]
	at org.apache.hadoop.ozone.protocolPB.OzoneManagerRequestHandler.handleReadRequest(OzoneManagerRequestHandler.java:228) ~[ozone-manager-1.3.0-SNAPSHOT.jar:?]
	at org.apache.hadoop.ozone.protocolPB.OzoneManagerProtocolServerSideTranslatorPB.submitRequestDirectlyToOM(OzoneManagerProtocolServerSideTranslatorPB.java:276) ~[ozone-manager-1.3.0-SNAPSHOT.jar:?]
	at org.apache.hadoop.ozone.protocolPB.OzoneManagerProtocolServerSideTranslatorPB.processRequest(OzoneManagerProtocolServerSideTranslatorPB.java:205) ~[ozone-manager-1.3.0-SNAPSHOT.jar:?]
	at org.apache.hadoop.hdds.server.OzoneProtocolMessageDispatcher.processRequest(OzoneProtocolMessageDispatcher.java:87) [hdds-server-framework-1.3.0-SNAPSHOT.jar:?]
	at org.apache.hadoop.ozone.protocolPB.OzoneManagerProtocolServerSideTranslatorPB.submitRequest(OzoneManagerProtocolServerSideTranslatorPB.java:147) [ozone-manager-1.3.0-SNAPSHOT.jar:?]
	at org.apache.hadoop.ozone.protocol.proto.OzoneManagerProtocolProtos$OzoneManagerService$2.callBlockingMethod(OzoneManagerProtocolProtos.java) [ozone-interface-client-1.3.0-SNAPSHOT.jar:?]
	at org.apache.hadoop.ipc.ProtobufRpcEngine$Server.processCall(ProtobufRpcEngine.java:466) [hadoop-common-3.3.1.jar:?]
	at org.apache.hadoop.ipc.ProtobufRpcEngine2$Server$ProtoBufRpcInvoker.call(ProtobufRpcEngine2.java:574) [hadoop-common-3.3.1.jar:?]
	at org.apache.hadoop.ipc.ProtobufRpcEngine2$Server$ProtoBufRpcInvoker.call(ProtobufRpcEngine2.java:552) [hadoop-common-3.3.1.jar:?]
	at org.apache.hadoop.ipc.RPC$Server.call(RPC.java:1093) [hadoop-common-3.3.1.jar:?]
	at org.apache.hadoop.ipc.Server$RpcCall.run(Server.java:1035) [hadoop-common-3.3.1.jar:?]
	at org.apache.hadoop.ipc.Server$RpcCall.run(Server.java:963) [hadoop-common-3.3.1.jar:?]
	at java.security.AccessController.doPrivileged(Native Method) ~[?:1.8.0_345]
	at javax.security.auth.Subject.doAs(Subject.java:422) [?:1.8.0_345]
	at org.apache.hadoop.security.UserGroupInformation.doAs(UserGroupInformation.java:1878) [hadoop-common-3.3.1.jar:?]
	at org.apache.hadoop.ipc.Server$Handler.run(Server.java:2966) [hadoop-common-3.3.1.jar:?]
2022-10-06 01:05:08,645 [Time-limited test] WARN  ozone.BasicRootedOzoneFileSystem (BasicRootedOzoneFileSystem.java:getFileStatus(879)) - GetFileStatus failed for path /volume05783/bucket77500/testBatchDelete/parent/childFolder/child0
java.io.FileNotFoundException: testBatchDelete/parent/childFolder/child0: No such file or directory!
	at org.apache.hadoop.fs.ozone.BasicRootedOzoneClientAdapterImpl.getFileStatus(BasicRootedOzoneClientAdapterImpl.java:617)
	at org.apache.hadoop.fs.ozone.BasicRootedOzoneFileSystem.getFileStatus(BasicRootedOzoneFileSystem.java:869)
	at org.apache.hadoop.fs.FileSystem.exists(FileSystem.java:1760)
	at org.apache.hadoop.fs.ozone.BasicRootedOzoneFileSystem.exists(BasicRootedOzoneFileSystem.java:918)
	at org.apache.hadoop.fs.ozone.TestRootedOzoneFileSystem.testFileDelete(TestRootedOzoneFileSystem.java:1589)
	at sun.reflect.NativeMethodAccessorImpl.invoke0(Native Method)
	at sun.reflect.NativeMethodAccessorImpl.invoke(NativeMethodAccessorImpl.java:62)
	at sun.reflect.DelegatingMethodAccessorImpl.invoke(DelegatingMethodAccessorImpl.java:43)
	at java.lang.reflect.Method.invoke(Method.java:498)
	at org.junit.runners.model.FrameworkMethod$1.runReflectiveCall(FrameworkMethod.java:59)
	at org.junit.internal.runners.model.ReflectiveCallable.run(ReflectiveCallable.java:12)
	at org.junit.runners.model.FrameworkMethod.invokeExplosively(FrameworkMethod.java:56)
	at org.junit.internal.runners.statements.InvokeMethod.evaluate(InvokeMethod.java:17)
	at org.junit.internal.runners.statements.RunBefores.evaluate(RunBefores.java:26)
	at org.junit.internal.runners.statements.RunAfters.evaluate(RunAfters.java:27)
	at org.junit.internal.runners.statements.FailOnTimeout$CallableStatement.call(FailOnTimeout.java:288)
	at org.junit.internal.runners.statements.FailOnTimeout$CallableStatement.call(FailOnTimeout.java:282)
	at java.util.concurrent.FutureTask.run(FutureTask.java:266)
	at java.lang.Thread.run(Thread.java:750)
01:05:08.646 [IPC Server handler 1 on default port 44363] ERROR OMAudit - user=runner | ip=127.0.0.1 | op=GET_FILE_STATUS {volume=volume05783, bucket=bucket77500, key=testBatchDelete/parent/child1, dataSize=0, replicationConfig=null} | ret=FAILURE
org.apache.hadoop.ozone.om.exceptions.OMException: Unable to get file status: volume: volume05783 bucket: bucket77500 key: testBatchDelete/parent/child1
	at org.apache.hadoop.ozone.om.KeyManagerImpl.getOzoneFileStatusFSO(KeyManagerImpl.java:1389) ~[ozone-manager-1.3.0-SNAPSHOT.jar:?]
	at org.apache.hadoop.ozone.om.KeyManagerImpl.getFileStatus(KeyManagerImpl.java:1252) ~[ozone-manager-1.3.0-SNAPSHOT.jar:?]
	at org.apache.hadoop.ozone.om.OzoneManager.getFileStatus(OzoneManager.java:3507) ~[ozone-manager-1.3.0-SNAPSHOT.jar:?]
	at org.apache.hadoop.ozone.protocolPB.OzoneManagerRequestHandler.getOzoneFileStatus(OzoneManagerRequestHandler.java:882) ~[ozone-manager-1.3.0-SNAPSHOT.jar:?]
	at org.apache.hadoop.ozone.protocolPB.OzoneManagerRequestHandler.handleReadRequest(OzoneManagerRequestHandler.java:228) ~[ozone-manager-1.3.0-SNAPSHOT.jar:?]
	at org.apache.hadoop.ozone.protocolPB.OzoneManagerProtocolServerSideTranslatorPB.submitRequestDirectlyToOM(OzoneManagerProtocolServerSideTranslatorPB.java:276) ~[ozone-manager-1.3.0-SNAPSHOT.jar:?]
	at org.apache.hadoop.ozone.protocolPB.OzoneManagerProtocolServerSideTranslatorPB.processRequest(OzoneManagerProtocolServerSideTranslatorPB.java:205) ~[ozone-manager-1.3.0-SNAPSHOT.jar:?]
	at org.apache.hadoop.hdds.server.OzoneProtocolMessageDispatcher.processRequest(OzoneProtocolMessageDispatcher.java:87) [hdds-server-framework-1.3.0-SNAPSHOT.jar:?]
	at org.apache.hadoop.ozone.protocolPB.OzoneManagerProtocolServerSideTranslatorPB.submitRequest(OzoneManagerProtocolServerSideTranslatorPB.java:147) [ozone-manager-1.3.0-SNAPSHOT.jar:?]
	at org.apache.hadoop.ozone.protocol.proto.OzoneManagerProtocolProtos$OzoneManagerService$2.callBlockingMethod(OzoneManagerProtocolProtos.java) [ozone-interface-client-1.3.0-SNAPSHOT.jar:?]
	at org.apache.hadoop.ipc.ProtobufRpcEngine$Server.processCall(ProtobufRpcEngine.java:466) [hadoop-common-3.3.1.jar:?]
	at org.apache.hadoop.ipc.ProtobufRpcEngine2$Server$ProtoBufRpcInvoker.call(ProtobufRpcEngine2.java:574) [hadoop-common-3.3.1.jar:?]
	at org.apache.hadoop.ipc.ProtobufRpcEngine2$Server$ProtoBufRpcInvoker.call(ProtobufRpcEngine2.java:552) [hadoop-common-3.3.1.jar:?]
	at org.apache.hadoop.ipc.RPC$Server.call(RPC.java:1093) [hadoop-common-3.3.1.jar:?]
	at org.apache.hadoop.ipc.Server$RpcCall.run(Server.java:1035) [hadoop-common-3.3.1.jar:?]
	at org.apache.hadoop.ipc.Server$RpcCall.run(Server.java:963) [hadoop-common-3.3.1.jar:?]
	at java.security.AccessController.doPrivileged(Native Method) ~[?:1.8.0_345]
	at javax.security.auth.Subject.doAs(Subject.java:422) [?:1.8.0_345]
	at org.apache.hadoop.security.UserGroupInformation.doAs(UserGroupInformation.java:1878) [hadoop-common-3.3.1.jar:?]
	at org.apache.hadoop.ipc.Server$Handler.run(Server.java:2966) [hadoop-common-3.3.1.jar:?]
2022-10-06 01:05:08,646 [Time-limited test] WARN  ozone.BasicRootedOzoneFileSystem (BasicRootedOzoneFileSystem.java:getFileStatus(879)) - GetFileStatus failed for path /volume05783/bucket77500/testBatchDelete/parent/child1
java.io.FileNotFoundException: testBatchDelete/parent/child1: No such file or directory!
	at org.apache.hadoop.fs.ozone.BasicRootedOzoneClientAdapterImpl.getFileStatus(BasicRootedOzoneClientAdapterImpl.java:617)
	at org.apache.hadoop.fs.ozone.BasicRootedOzoneFileSystem.getFileStatus(BasicRootedOzoneFileSystem.java:869)
	at org.apache.hadoop.fs.FileSystem.exists(FileSystem.java:1760)
	at org.apache.hadoop.fs.ozone.BasicRootedOzoneFileSystem.exists(BasicRootedOzoneFileSystem.java:918)
	at org.apache.hadoop.fs.ozone.TestRootedOzoneFileSystem.testFileDelete(TestRootedOzoneFileSystem.java:1584)
	at sun.reflect.NativeMethodAccessorImpl.invoke0(Native Method)
	at sun.reflect.NativeMethodAccessorImpl.invoke(NativeMethodAccessorImpl.java:62)
	at sun.reflect.DelegatingMethodAccessorImpl.invoke(DelegatingMethodAccessorImpl.java:43)
	at java.lang.reflect.Method.invoke(Method.java:498)
	at org.junit.runners.model.FrameworkMethod$1.runReflectiveCall(FrameworkMethod.java:59)
	at org.junit.internal.runners.model.ReflectiveCallable.run(ReflectiveCallable.java:12)
	at org.junit.runners.model.FrameworkMethod.invokeExplosively(FrameworkMethod.java:56)
	at org.junit.internal.runners.statements.InvokeMethod.evaluate(InvokeMethod.java:17)
	at org.junit.internal.runners.statements.RunBefores.evaluate(RunBefores.java:26)
	at org.junit.internal.runners.statements.RunAfters.evaluate(RunAfters.java:27)
	at org.junit.internal.runners.statements.FailOnTimeout$CallableStatement.call(FailOnTimeout.java:288)
	at org.junit.internal.runners.statements.FailOnTimeout$CallableStatement.call(FailOnTimeout.java:282)
	at java.util.concurrent.FutureTask.run(FutureTask.java:266)
	at java.lang.Thread.run(Thread.java:750)
01:05:08.647 [IPC Server handler 16 on default port 44363] ERROR OMAudit - user=runner | ip=127.0.0.1 | op=GET_FILE_STATUS {volume=volume05783, bucket=bucket77500, key=testBatchDelete/parent/childFolder/child1, dataSize=0, replicationConfig=null} | ret=FAILURE
org.apache.hadoop.ozone.om.exceptions.OMException: Unable to get file status: volume: volume05783 bucket: bucket77500 key: testBatchDelete/parent/childFolder/child1
	at org.apache.hadoop.ozone.om.KeyManagerImpl.getOzoneFileStatusFSO(KeyManagerImpl.java:1389) ~[ozone-manager-1.3.0-SNAPSHOT.jar:?]
	at org.apache.hadoop.ozone.om.KeyManagerImpl.getFileStatus(KeyManagerImpl.java:1252) ~[ozone-manager-1.3.0-SNAPSHOT.jar:?]
	at org.apache.hadoop.ozone.om.OzoneManager.getFileStatus(OzoneManager.java:3507) ~[ozone-manager-1.3.0-SNAPSHOT.jar:?]
	at org.apache.hadoop.ozone.protocolPB.OzoneManagerRequestHandler.getOzoneFileStatus(OzoneManagerRequestHandler.java:882) ~[ozone-manager-1.3.0-SNAPSHOT.jar:?]
	at org.apache.hadoop.ozone.protocolPB.OzoneManagerRequestHandler.handleReadRequest(OzoneManagerRequestHandler.java:228) ~[ozone-manager-1.3.0-SNAPSHOT.jar:?]
	at org.apache.hadoop.ozone.protocolPB.OzoneManagerProtocolServerSideTranslatorPB.submitRequestDirectlyToOM(OzoneManagerProtocolServerSideTranslatorPB.java:276) ~[ozone-manager-1.3.0-SNAPSHOT.jar:?]
	at org.apache.hadoop.ozone.protocolPB.OzoneManagerProtocolServerSideTranslatorPB.processRequest(OzoneManagerProtocolServerSideTranslatorPB.java:205) ~[ozone-manager-1.3.0-SNAPSHOT.jar:?]
	at org.apache.hadoop.hdds.server.OzoneProtocolMessageDispatcher.processRequest(OzoneProtocolMessageDispatcher.java:87) [hdds-server-framework-1.3.0-SNAPSHOT.jar:?]
	at org.apache.hadoop.ozone.protocolPB.OzoneManagerProtocolServerSideTranslatorPB.submitRequest(OzoneManagerProtocolServerSideTranslatorPB.java:147) [ozone-manager-1.3.0-SNAPSHOT.jar:?]
	at org.apache.hadoop.ozone.protocol.proto.OzoneManagerProtocolProtos$OzoneManagerService$2.callBlockingMethod(OzoneManagerProtocolProtos.java) [ozone-interface-client-1.3.0-SNAPSHOT.jar:?]
	at org.apache.hadoop.ipc.ProtobufRpcEngine$Server.processCall(ProtobufRpcEngine.java:466) [hadoop-common-3.3.1.jar:?]
	at org.apache.hadoop.ipc.ProtobufRpcEngine2$Server$ProtoBufRpcInvoker.call(ProtobufRpcEngine2.java:574) [hadoop-common-3.3.1.jar:?]
	at org.apache.hadoop.ipc.ProtobufRpcEngine2$Server$ProtoBufRpcInvoker.call(ProtobufRpcEngine2.java:552) [hadoop-common-3.3.1.jar:?]
	at org.apache.hadoop.ipc.RPC$Server.call(RPC.java:1093) [hadoop-common-3.3.1.jar:?]
	at org.apache.hadoop.ipc.Server$RpcCall.run(Server.java:1035) [hadoop-common-3.3.1.jar:?]
	at org.apache.hadoop.ipc.Server$RpcCall.run(Server.java:963) [hadoop-common-3.3.1.jar:?]
	at java.security.AccessController.doPrivileged(Native Method) ~[?:1.8.0_345]
	at javax.security.auth.Subject.doAs(Subject.java:422) [?:1.8.0_345]
	at org.apache.hadoop.security.UserGroupInformation.doAs(UserGroupInformation.java:1878) [hadoop-common-3.3.1.jar:?]
	at org.apache.hadoop.ipc.Server$Handler.run(Server.java:2966) [hadoop-common-3.3.1.jar:?]
2022-10-06 01:05:08,647 [Time-limited test] WARN  ozone.BasicRootedOzoneFileSystem (BasicRootedOzoneFileSystem.java:getFileStatus(879)) - GetFileStatus failed for path /volume05783/bucket77500/testBatchDelete/parent/childFolder/child1
java.io.FileNotFoundException: testBatchDelete/parent/childFolder/child1: No such file or directory!
	at org.apache.hadoop.fs.ozone.BasicRootedOzoneClientAdapterImpl.getFileStatus(BasicRootedOzoneClientAdapterImpl.java:617)
	at org.apache.hadoop.fs.ozone.BasicRootedOzoneFileSystem.getFileStatus(BasicRootedOzoneFileSystem.java:869)
	at org.apache.hadoop.fs.FileSystem.exists(FileSystem.java:1760)
	at org.apache.hadoop.fs.ozone.BasicRootedOzoneFileSystem.exists(BasicRootedOzoneFileSystem.java:918)
	at org.apache.hadoop.fs.ozone.TestRootedOzoneFileSystem.testFileDelete(TestRootedOzoneFileSystem.java:1589)
	at sun.reflect.NativeMethodAccessorImpl.invoke0(Native Method)
	at sun.reflect.NativeMethodAccessorImpl.invoke(NativeMethodAccessorImpl.java:62)
	at sun.reflect.DelegatingMethodAccessorImpl.invoke(DelegatingMethodAccessorImpl.java:43)
	at java.lang.reflect.Method.invoke(Method.java:498)
	at org.junit.runners.model.FrameworkMethod$1.runReflectiveCall(FrameworkMethod.java:59)
	at org.junit.internal.runners.model.ReflectiveCallable.run(ReflectiveCallable.java:12)
	at org.junit.runners.model.FrameworkMethod.invokeExplosively(FrameworkMethod.java:56)
	at org.junit.internal.runners.statements.InvokeMethod.evaluate(InvokeMethod.java:17)
	at org.junit.internal.runners.statements.RunBefores.evaluate(RunBefores.java:26)
	at org.junit.internal.runners.statements.RunAfters.evaluate(RunAfters.java:27)
	at org.junit.internal.runners.statements.FailOnTimeout$CallableStatement.call(FailOnTimeout.java:288)
	at org.junit.internal.runners.statements.FailOnTimeout$CallableStatement.call(FailOnTimeout.java:282)
	at java.util.concurrent.FutureTask.run(FutureTask.java:266)
	at java.lang.Thread.run(Thread.java:750)
01:05:08.648 [IPC Server handler 18 on default port 44363] ERROR OMAudit - user=runner | ip=127.0.0.1 | op=GET_FILE_STATUS {volume=volume05783, bucket=bucket77500, key=testBatchDelete/parent/child2, dataSize=0, replicationConfig=null} | ret=FAILURE
org.apache.hadoop.ozone.om.exceptions.OMException: Unable to get file status: volume: volume05783 bucket: bucket77500 key: testBatchDelete/parent/child2
	at org.apache.hadoop.ozone.om.KeyManagerImpl.getOzoneFileStatusFSO(KeyManagerImpl.java:1389) ~[ozone-manager-1.3.0-SNAPSHOT.jar:?]
	at org.apache.hadoop.ozone.om.KeyManagerImpl.getFileStatus(KeyManagerImpl.java:1252) ~[ozone-manager-1.3.0-SNAPSHOT.jar:?]
	at org.apache.hadoop.ozone.om.OzoneManager.getFileStatus(OzoneManager.java:3507) ~[ozone-manager-1.3.0-SNAPSHOT.jar:?]
	at org.apache.hadoop.ozone.protocolPB.OzoneManagerRequestHandler.getOzoneFileStatus(OzoneManagerRequestHandler.java:882) ~[ozone-manager-1.3.0-SNAPSHOT.jar:?]
	at org.apache.hadoop.ozone.protocolPB.OzoneManagerRequestHandler.handleReadRequest(OzoneManagerRequestHandler.java:228) ~[ozone-manager-1.3.0-SNAPSHOT.jar:?]
	at org.apache.hadoop.ozone.protocolPB.OzoneManagerProtocolServerSideTranslatorPB.submitRequestDirectlyToOM(OzoneManagerProtocolServerSideTranslatorPB.java:276) ~[ozone-manager-1.3.0-SNAPSHOT.jar:?]
	at org.apache.hadoop.ozone.protocolPB.OzoneManagerProtocolServerSideTranslatorPB.processRequest(OzoneManagerProtocolServerSideTranslatorPB.java:205) ~[ozone-manager-1.3.0-SNAPSHOT.jar:?]
	at org.apache.hadoop.hdds.server.OzoneProtocolMessageDispatcher.processRequest(OzoneProtocolMessageDispatcher.java:87) [hdds-server-framework-1.3.0-SNAPSHOT.jar:?]
	at org.apache.hadoop.ozone.protocolPB.OzoneManagerProtocolServerSideTranslatorPB.submitRequest(OzoneManagerProtocolServerSideTranslatorPB.java:147) [ozone-manager-1.3.0-SNAPSHOT.jar:?]
	at org.apache.hadoop.ozone.protocol.proto.OzoneManagerProtocolProtos$OzoneManagerService$2.callBlockingMethod(OzoneManagerProtocolProtos.java) [ozone-interface-client-1.3.0-SNAPSHOT.jar:?]
	at org.apache.hadoop.ipc.ProtobufRpcEngine$Server.processCall(ProtobufRpcEngine.java:466) [hadoop-common-3.3.1.jar:?]
	at org.apache.hadoop.ipc.ProtobufRpcEngine2$Server$ProtoBufRpcInvoker.call(ProtobufRpcEngine2.java:574) [hadoop-common-3.3.1.jar:?]
	at org.apache.hadoop.ipc.ProtobufRpcEngine2$Server$ProtoBufRpcInvoker.call(ProtobufRpcEngine2.java:552) [hadoop-common-3.3.1.jar:?]
	at org.apache.hadoop.ipc.RPC$Server.call(RPC.java:1093) [hadoop-common-3.3.1.jar:?]
	at org.apache.hadoop.ipc.Server$RpcCall.run(Server.java:1035) [hadoop-common-3.3.1.jar:?]
	at org.apache.hadoop.ipc.Server$RpcCall.run(Server.java:963) [hadoop-common-3.3.1.jar:?]
	at java.security.AccessController.doPrivileged(Native Method) ~[?:1.8.0_345]
	at javax.security.auth.Subject.doAs(Subject.java:422) [?:1.8.0_345]
	at org.apache.hadoop.security.UserGroupInformation.doAs(UserGroupInformation.java:1878) [hadoop-common-3.3.1.jar:?]
	at org.apache.hadoop.ipc.Server$Handler.run(Server.java:2966) [hadoop-common-3.3.1.jar:?]
2022-10-06 01:05:08,648 [Time-limited test] WARN  ozone.BasicRootedOzoneFileSystem (BasicRootedOzoneFileSystem.java:getFileStatus(879)) - GetFileStatus failed for path /volume05783/bucket77500/testBatchDelete/parent/child2
java.io.FileNotFoundException: testBatchDelete/parent/child2: No such file or directory!
	at org.apache.hadoop.fs.ozone.BasicRootedOzoneClientAdapterImpl.getFileStatus(BasicRootedOzoneClientAdapterImpl.java:617)
	at org.apache.hadoop.fs.ozone.BasicRootedOzoneFileSystem.getFileStatus(BasicRootedOzoneFileSystem.java:869)
	at org.apache.hadoop.fs.FileSystem.exists(FileSystem.java:1760)
	at org.apache.hadoop.fs.ozone.BasicRootedOzoneFileSystem.exists(BasicRootedOzoneFileSystem.java:918)
	at org.apache.hadoop.fs.ozone.TestRootedOzoneFileSystem.testFileDelete(TestRootedOzoneFileSystem.java:1584)
	at sun.reflect.NativeMethodAccessorImpl.invoke0(Native Method)
	at sun.reflect.NativeMethodAccessorImpl.invoke(NativeMethodAccessorImpl.java:62)
	at sun.reflect.DelegatingMethodAccessorImpl.invoke(DelegatingMethodAccessorImpl.java:43)
	at java.lang.reflect.Method.invoke(Method.java:498)
	at org.junit.runners.model.FrameworkMethod$1.runReflectiveCall(FrameworkMethod.java:59)
	at org.junit.internal.runners.model.ReflectiveCallable.run(ReflectiveCallable.java:12)
	at org.junit.runners.model.FrameworkMethod.invokeExplosively(FrameworkMethod.java:56)
	at org.junit.internal.runners.statements.InvokeMethod.evaluate(InvokeMethod.java:17)
	at org.junit.internal.runners.statements.RunBefores.evaluate(RunBefores.java:26)
	at org.junit.internal.runners.statements.RunAfters.evaluate(RunAfters.java:27)
	at org.junit.internal.runners.statements.FailOnTimeout$CallableStatement.call(FailOnTimeout.java:288)
	at org.junit.internal.runners.statements.FailOnTimeout$CallableStatement.call(FailOnTimeout.java:282)
	at java.util.concurrent.FutureTask.run(FutureTask.java:266)
	at java.lang.Thread.run(Thread.java:750)
01:05:08.649 [IPC Server handler 7 on default port 44363] ERROR OMAudit - user=runner | ip=127.0.0.1 | op=GET_FILE_STATUS {volume=volume05783, bucket=bucket77500, key=testBatchDelete/parent/childFolder/child2, dataSize=0, replicationConfig=null} | ret=FAILURE
org.apache.hadoop.ozone.om.exceptions.OMException: Unable to get file status: volume: volume05783 bucket: bucket77500 key: testBatchDelete/parent/childFolder/child2
	at org.apache.hadoop.ozone.om.KeyManagerImpl.getOzoneFileStatusFSO(KeyManagerImpl.java:1389) ~[ozone-manager-1.3.0-SNAPSHOT.jar:?]
	at org.apache.hadoop.ozone.om.KeyManagerImpl.getFileStatus(KeyManagerImpl.java:1252) ~[ozone-manager-1.3.0-SNAPSHOT.jar:?]
	at org.apache.hadoop.ozone.om.OzoneManager.getFileStatus(OzoneManager.java:3507) ~[ozone-manager-1.3.0-SNAPSHOT.jar:?]
	at org.apache.hadoop.ozone.protocolPB.OzoneManagerRequestHandler.getOzoneFileStatus(OzoneManagerRequestHandler.java:882) ~[ozone-manager-1.3.0-SNAPSHOT.jar:?]
	at org.apache.hadoop.ozone.protocolPB.OzoneManagerRequestHandler.handleReadRequest(OzoneManagerRequestHandler.java:228) ~[ozone-manager-1.3.0-SNAPSHOT.jar:?]
	at org.apache.hadoop.ozone.protocolPB.OzoneManagerProtocolServerSideTranslatorPB.submitRequestDirectlyToOM(OzoneManagerProtocolServerSideTranslatorPB.java:276) ~[ozone-manager-1.3.0-SNAPSHOT.jar:?]
	at org.apache.hadoop.ozone.protocolPB.OzoneManagerProtocolServerSideTranslatorPB.processRequest(OzoneManagerProtocolServerSideTranslatorPB.java:205) ~[ozone-manager-1.3.0-SNAPSHOT.jar:?]
	at org.apache.hadoop.hdds.server.OzoneProtocolMessageDispatcher.processRequest(OzoneProtocolMessageDispatcher.java:87) [hdds-server-framework-1.3.0-SNAPSHOT.jar:?]
	at org.apache.hadoop.ozone.protocolPB.OzoneManagerProtocolServerSideTranslatorPB.submitRequest(OzoneManagerProtocolServerSideTranslatorPB.java:147) [ozone-manager-1.3.0-SNAPSHOT.jar:?]
	at org.apache.hadoop.ozone.protocol.proto.OzoneManagerProtocolProtos$OzoneManagerService$2.callBlockingMethod(OzoneManagerProtocolProtos.java) [ozone-interface-client-1.3.0-SNAPSHOT.jar:?]
	at org.apache.hadoop.ipc.ProtobufRpcEngine$Server.processCall(ProtobufRpcEngine.java:466) [hadoop-common-3.3.1.jar:?]
	at org.apache.hadoop.ipc.ProtobufRpcEngine2$Server$ProtoBufRpcInvoker.call(ProtobufRpcEngine2.java:574) [hadoop-common-3.3.1.jar:?]
	at org.apache.hadoop.ipc.ProtobufRpcEngine2$Server$ProtoBufRpcInvoker.call(ProtobufRpcEngine2.java:552) [hadoop-common-3.3.1.jar:?]
	at org.apache.hadoop.ipc.RPC$Server.call(RPC.java:1093) [hadoop-common-3.3.1.jar:?]
	at org.apache.hadoop.ipc.Server$RpcCall.run(Server.java:1035) [hadoop-common-3.3.1.jar:?]
	at org.apache.hadoop.ipc.Server$RpcCall.run(Server.java:963) [hadoop-common-3.3.1.jar:?]
	at java.security.AccessController.doPrivileged(Native Method) ~[?:1.8.0_345]
	at javax.security.auth.Subject.doAs(Subject.java:422) [?:1.8.0_345]
	at org.apache.hadoop.security.UserGroupInformation.doAs(UserGroupInformation.java:1878) [hadoop-common-3.3.1.jar:?]
	at org.apache.hadoop.ipc.Server$Handler.run(Server.java:2966) [hadoop-common-3.3.1.jar:?]
2022-10-06 01:05:08,649 [Time-limited test] WARN  ozone.BasicRootedOzoneFileSystem (BasicRootedOzoneFileSystem.java:getFileStatus(879)) - GetFileStatus failed for path /volume05783/bucket77500/testBatchDelete/parent/childFolder/child2
java.io.FileNotFoundException: testBatchDelete/parent/childFolder/child2: No such file or directory!
	at org.apache.hadoop.fs.ozone.BasicRootedOzoneClientAdapterImpl.getFileStatus(BasicRootedOzoneClientAdapterImpl.java:617)
	at org.apache.hadoop.fs.ozone.BasicRootedOzoneFileSystem.getFileStatus(BasicRootedOzoneFileSystem.java:869)
	at org.apache.hadoop.fs.FileSystem.exists(FileSystem.java:1760)
	at org.apache.hadoop.fs.ozone.BasicRootedOzoneFileSystem.exists(BasicRootedOzoneFileSystem.java:918)
	at org.apache.hadoop.fs.ozone.TestRootedOzoneFileSystem.testFileDelete(TestRootedOzoneFileSystem.java:1589)
	at sun.reflect.NativeMethodAccessorImpl.invoke0(Native Method)
	at sun.reflect.NativeMethodAccessorImpl.invoke(NativeMethodAccessorImpl.java:62)
	at sun.reflect.DelegatingMethodAccessorImpl.invoke(DelegatingMethodAccessorImpl.java:43)
	at java.lang.reflect.Method.invoke(Method.java:498)
	at org.junit.runners.model.FrameworkMethod$1.runReflectiveCall(FrameworkMethod.java:59)
	at org.junit.internal.runners.model.ReflectiveCallable.run(ReflectiveCallable.java:12)
	at org.junit.runners.model.FrameworkMethod.invokeExplosively(FrameworkMethod.java:56)
	at org.junit.internal.runners.statements.InvokeMethod.evaluate(InvokeMethod.java:17)
	at org.junit.internal.runners.statements.RunBefores.evaluate(RunBefores.java:26)
	at org.junit.internal.runners.statements.RunAfters.evaluate(RunAfters.java:27)
	at org.junit.internal.runners.statements.FailOnTimeout$CallableStatement.call(FailOnTimeout.java:288)
	at org.junit.internal.runners.statements.FailOnTimeout$CallableStatement.call(FailOnTimeout.java:282)
	at java.util.concurrent.FutureTask.run(FutureTask.java:266)
	at java.lang.Thread.run(Thread.java:750)
01:05:08.650 [IPC Server handler 5 on default port 44363] ERROR OMAudit - user=runner | ip=127.0.0.1 | op=GET_FILE_STATUS {volume=volume05783, bucket=bucket77500, key=testBatchDelete/parent/child3, dataSize=0, replicationConfig=null} | ret=FAILURE
org.apache.hadoop.ozone.om.exceptions.OMException: Unable to get file status: volume: volume05783 bucket: bucket77500 key: testBatchDelete/parent/child3
	at org.apache.hadoop.ozone.om.KeyManagerImpl.getOzoneFileStatusFSO(KeyManagerImpl.java:1389) ~[ozone-manager-1.3.0-SNAPSHOT.jar:?]
	at org.apache.hadoop.ozone.om.KeyManagerImpl.getFileStatus(KeyManagerImpl.java:1252) ~[ozone-manager-1.3.0-SNAPSHOT.jar:?]
	at org.apache.hadoop.ozone.om.OzoneManager.getFileStatus(OzoneManager.java:3507) ~[ozone-manager-1.3.0-SNAPSHOT.jar:?]
	at org.apache.hadoop.ozone.protocolPB.OzoneManagerRequestHandler.getOzoneFileStatus(OzoneManagerRequestHandler.java:882) ~[ozone-manager-1.3.0-SNAPSHOT.jar:?]
	at org.apache.hadoop.ozone.protocolPB.OzoneManagerRequestHandler.handleReadRequest(OzoneManagerRequestHandler.java:228) ~[ozone-manager-1.3.0-SNAPSHOT.jar:?]
	at org.apache.hadoop.ozone.protocolPB.OzoneManagerProtocolServerSideTranslatorPB.submitRequestDirectlyToOM(OzoneManagerProtocolServerSideTranslatorPB.java:276) ~[ozone-manager-1.3.0-SNAPSHOT.jar:?]
	at org.apache.hadoop.ozone.protocolPB.OzoneManagerProtocolServerSideTranslatorPB.processRequest(OzoneManagerProtocolServerSideTranslatorPB.java:205) ~[ozone-manager-1.3.0-SNAPSHOT.jar:?]
	at org.apache.hadoop.hdds.server.OzoneProtocolMessageDispatcher.processRequest(OzoneProtocolMessageDispatcher.java:87) [hdds-server-framework-1.3.0-SNAPSHOT.jar:?]
	at org.apache.hadoop.ozone.protocolPB.OzoneManagerProtocolServerSideTranslatorPB.submitRequest(OzoneManagerProtocolServerSideTranslatorPB.java:147) [ozone-manager-1.3.0-SNAPSHOT.jar:?]
	at org.apache.hadoop.ozone.protocol.proto.OzoneManagerProtocolProtos$OzoneManagerService$2.callBlockingMethod(OzoneManagerProtocolProtos.java) [ozone-interface-client-1.3.0-SNAPSHOT.jar:?]
	at org.apache.hadoop.ipc.ProtobufRpcEngine$Server.processCall(ProtobufRpcEngine.java:466) [hadoop-common-3.3.1.jar:?]
	at org.apache.hadoop.ipc.ProtobufRpcEngine2$Server$ProtoBufRpcInvoker.call(ProtobufRpcEngine2.java:574) [hadoop-common-3.3.1.jar:?]
	at org.apache.hadoop.ipc.ProtobufRpcEngine2$Server$ProtoBufRpcInvoker.call(ProtobufRpcEngine2.java:552) [hadoop-common-3.3.1.jar:?]
	at org.apache.hadoop.ipc.RPC$Server.call(RPC.java:1093) [hadoop-common-3.3.1.jar:?]
	at org.apache.hadoop.ipc.Server$RpcCall.run(Server.java:1035) [hadoop-common-3.3.1.jar:?]
	at org.apache.hadoop.ipc.Server$RpcCall.run(Server.java:963) [hadoop-common-3.3.1.jar:?]
	at java.security.AccessController.doPrivileged(Native Method) ~[?:1.8.0_345]
	at javax.security.auth.Subject.doAs(Subject.java:422) [?:1.8.0_345]
	at org.apache.hadoop.security.UserGroupInformation.doAs(UserGroupInformation.java:1878) [hadoop-common-3.3.1.jar:?]
	at org.apache.hadoop.ipc.Server$Handler.run(Server.java:2966) [hadoop-common-3.3.1.jar:?]
2022-10-06 01:05:08,650 [Time-limited test] WARN  ozone.BasicRootedOzoneFileSystem (BasicRootedOzoneFileSystem.java:getFileStatus(879)) - GetFileStatus failed for path /volume05783/bucket77500/testBatchDelete/parent/child3
java.io.FileNotFoundException: testBatchDelete/parent/child3: No such file or directory!
	at org.apache.hadoop.fs.ozone.BasicRootedOzoneClientAdapterImpl.getFileStatus(BasicRootedOzoneClientAdapterImpl.java:617)
	at org.apache.hadoop.fs.ozone.BasicRootedOzoneFileSystem.getFileStatus(BasicRootedOzoneFileSystem.java:869)
	at org.apache.hadoop.fs.FileSystem.exists(FileSystem.java:1760)
	at org.apache.hadoop.fs.ozone.BasicRootedOzoneFileSystem.exists(BasicRootedOzoneFileSystem.java:918)
	at org.apache.hadoop.fs.ozone.TestRootedOzoneFileSystem.testFileDelete(TestRootedOzoneFileSystem.java:1584)
	at sun.reflect.NativeMethodAccessorImpl.invoke0(Native Method)
	at sun.reflect.NativeMethodAccessorImpl.invoke(NativeMethodAccessorImpl.java:62)
	at sun.reflect.DelegatingMethodAccessorImpl.invoke(DelegatingMethodAccessorImpl.java:43)
	at java.lang.reflect.Method.invoke(Method.java:498)
	at org.junit.runners.model.FrameworkMethod$1.runReflectiveCall(FrameworkMethod.java:59)
	at org.junit.internal.runners.model.ReflectiveCallable.run(ReflectiveCallable.java:12)
	at org.junit.runners.model.FrameworkMethod.invokeExplosively(FrameworkMethod.java:56)
	at org.junit.internal.runners.statements.InvokeMethod.evaluate(InvokeMethod.java:17)
	at org.junit.internal.runners.statements.RunBefores.evaluate(RunBefores.java:26)
	at org.junit.internal.runners.statements.RunAfters.evaluate(RunAfters.java:27)
	at org.junit.internal.runners.statements.FailOnTimeout$CallableStatement.call(FailOnTimeout.java:288)
	at org.junit.internal.runners.statements.FailOnTimeout$CallableStatement.call(FailOnTimeout.java:282)
	at java.util.concurrent.FutureTask.run(FutureTask.java:266)
	at java.lang.Thread.run(Thread.java:750)
01:05:08.651 [IPC Server handler 12 on default port 44363] ERROR OMAudit - user=runner | ip=127.0.0.1 | op=GET_FILE_STATUS {volume=volume05783, bucket=bucket77500, key=testBatchDelete/parent/childFolder/child3, dataSize=0, replicationConfig=null} | ret=FAILURE
org.apache.hadoop.ozone.om.exceptions.OMException: Unable to get file status: volume: volume05783 bucket: bucket77500 key: testBatchDelete/parent/childFolder/child3
	at org.apache.hadoop.ozone.om.KeyManagerImpl.getOzoneFileStatusFSO(KeyManagerImpl.java:1389) ~[ozone-manager-1.3.0-SNAPSHOT.jar:?]
	at org.apache.hadoop.ozone.om.KeyManagerImpl.getFileStatus(KeyManagerImpl.java:1252) ~[ozone-manager-1.3.0-SNAPSHOT.jar:?]
	at org.apache.hadoop.ozone.om.OzoneManager.getFileStatus(OzoneManager.java:3507) ~[ozone-manager-1.3.0-SNAPSHOT.jar:?]
	at org.apache.hadoop.ozone.protocolPB.OzoneManagerRequestHandler.getOzoneFileStatus(OzoneManagerRequestHandler.java:882) ~[ozone-manager-1.3.0-SNAPSHOT.jar:?]
	at org.apache.hadoop.ozone.protocolPB.OzoneManagerRequestHandler.handleReadRequest(OzoneManagerRequestHandler.java:228) ~[ozone-manager-1.3.0-SNAPSHOT.jar:?]
	at org.apache.hadoop.ozone.protocolPB.OzoneManagerProtocolServerSideTranslatorPB.submitRequestDirectlyToOM(OzoneManagerProtocolServerSideTranslatorPB.java:276) ~[ozone-manager-1.3.0-SNAPSHOT.jar:?]
	at org.apache.hadoop.ozone.protocolPB.OzoneManagerProtocolServerSideTranslatorPB.processRequest(OzoneManagerProtocolServerSideTranslatorPB.java:205) ~[ozone-manager-1.3.0-SNAPSHOT.jar:?]
	at org.apache.hadoop.hdds.server.OzoneProtocolMessageDispatcher.processRequest(OzoneProtocolMessageDispatcher.java:87) [hdds-server-framework-1.3.0-SNAPSHOT.jar:?]
	at org.apache.hadoop.ozone.protocolPB.OzoneManagerProtocolServerSideTranslatorPB.submitRequest(OzoneManagerProtocolServerSideTranslatorPB.java:147) [ozone-manager-1.3.0-SNAPSHOT.jar:?]
	at org.apache.hadoop.ozone.protocol.proto.OzoneManagerProtocolProtos$OzoneManagerService$2.callBlockingMethod(OzoneManagerProtocolProtos.java) [ozone-interface-client-1.3.0-SNAPSHOT.jar:?]
	at org.apache.hadoop.ipc.ProtobufRpcEngine$Server.processCall(ProtobufRpcEngine.java:466) [hadoop-common-3.3.1.jar:?]
	at org.apache.hadoop.ipc.ProtobufRpcEngine2$Server$ProtoBufRpcInvoker.call(ProtobufRpcEngine2.java:574) [hadoop-common-3.3.1.jar:?]
	at org.apache.hadoop.ipc.ProtobufRpcEngine2$Server$ProtoBufRpcInvoker.call(ProtobufRpcEngine2.java:552) [hadoop-common-3.3.1.jar:?]
	at org.apache.hadoop.ipc.RPC$Server.call(RPC.java:1093) [hadoop-common-3.3.1.jar:?]
	at org.apache.hadoop.ipc.Server$RpcCall.run(Server.java:1035) [hadoop-common-3.3.1.jar:?]
	at org.apache.hadoop.ipc.Server$RpcCall.run(Server.java:963) [hadoop-common-3.3.1.jar:?]
	at java.security.AccessController.doPrivileged(Native Method) ~[?:1.8.0_345]
	at javax.security.auth.Subject.doAs(Subject.java:422) [?:1.8.0_345]
	at org.apache.hadoop.security.UserGroupInformation.doAs(UserGroupInformation.java:1878) [hadoop-common-3.3.1.jar:?]
	at org.apache.hadoop.ipc.Server$Handler.run(Server.java:2966) [hadoop-common-3.3.1.jar:?]
2022-10-06 01:05:08,651 [Time-limited test] WARN  ozone.BasicRootedOzoneFileSystem (BasicRootedOzoneFileSystem.java:getFileStatus(879)) - GetFileStatus failed for path /volume05783/bucket77500/testBatchDelete/parent/childFolder/child3
java.io.FileNotFoundException: testBatchDelete/parent/childFolder/child3: No such file or directory!
	at org.apache.hadoop.fs.ozone.BasicRootedOzoneClientAdapterImpl.getFileStatus(BasicRootedOzoneClientAdapterImpl.java:617)
	at org.apache.hadoop.fs.ozone.BasicRootedOzoneFileSystem.getFileStatus(BasicRootedOzoneFileSystem.java:869)
	at org.apache.hadoop.fs.FileSystem.exists(FileSystem.java:1760)
	at org.apache.hadoop.fs.ozone.BasicRootedOzoneFileSystem.exists(BasicRootedOzoneFileSystem.java:918)
	at org.apache.hadoop.fs.ozone.TestRootedOzoneFileSystem.testFileDelete(TestRootedOzoneFileSystem.java:1589)
	at sun.reflect.NativeMethodAccessorImpl.invoke0(Native Method)
	at sun.reflect.NativeMethodAccessorImpl.invoke(NativeMethodAccessorImpl.java:62)
	at sun.reflect.DelegatingMethodAccessorImpl.invoke(DelegatingMethodAccessorImpl.java:43)
	at java.lang.reflect.Method.invoke(Method.java:498)
	at org.junit.runners.model.FrameworkMethod$1.runReflectiveCall(FrameworkMethod.java:59)
	at org.junit.internal.runners.model.ReflectiveCallable.run(ReflectiveCallable.java:12)
	at org.junit.runners.model.FrameworkMethod.invokeExplosively(FrameworkMethod.java:56)
	at org.junit.internal.runners.statements.InvokeMethod.evaluate(InvokeMethod.java:17)
	at org.junit.internal.runners.statements.RunBefores.evaluate(RunBefores.java:26)
	at org.junit.internal.runners.statements.RunAfters.evaluate(RunAfters.java:27)
	at org.junit.internal.runners.statements.FailOnTimeout$CallableStatement.call(FailOnTimeout.java:288)
	at org.junit.internal.runners.statements.FailOnTimeout$CallableStatement.call(FailOnTimeout.java:282)
	at java.util.concurrent.FutureTask.run(FutureTask.java:266)
	at java.lang.Thread.run(Thread.java:750)
01:05:08.652 [IPC Server handler 19 on default port 44363] ERROR OMAudit - user=runner | ip=127.0.0.1 | op=GET_FILE_STATUS {volume=volume05783, bucket=bucket77500, key=testBatchDelete/parent/child4, dataSize=0, replicationConfig=null} | ret=FAILURE
org.apache.hadoop.ozone.om.exceptions.OMException: Unable to get file status: volume: volume05783 bucket: bucket77500 key: testBatchDelete/parent/child4
	at org.apache.hadoop.ozone.om.KeyManagerImpl.getOzoneFileStatusFSO(KeyManagerImpl.java:1389) ~[ozone-manager-1.3.0-SNAPSHOT.jar:?]
	at org.apache.hadoop.ozone.om.KeyManagerImpl.getFileStatus(KeyManagerImpl.java:1252) ~[ozone-manager-1.3.0-SNAPSHOT.jar:?]
	at org.apache.hadoop.ozone.om.OzoneManager.getFileStatus(OzoneManager.java:3507) ~[ozone-manager-1.3.0-SNAPSHOT.jar:?]
	at org.apache.hadoop.ozone.protocolPB.OzoneManagerRequestHandler.getOzoneFileStatus(OzoneManagerRequestHandler.java:882) ~[ozone-manager-1.3.0-SNAPSHOT.jar:?]
	at org.apache.hadoop.ozone.protocolPB.OzoneManagerRequestHandler.handleReadRequest(OzoneManagerRequestHandler.java:228) ~[ozone-manager-1.3.0-SNAPSHOT.jar:?]
	at org.apache.hadoop.ozone.protocolPB.OzoneManagerProtocolServerSideTranslatorPB.submitRequestDirectlyToOM(OzoneManagerProtocolServerSideTranslatorPB.java:276) ~[ozone-manager-1.3.0-SNAPSHOT.jar:?]
	at org.apache.hadoop.ozone.protocolPB.OzoneManagerProtocolServerSideTranslatorPB.processRequest(OzoneManagerProtocolServerSideTranslatorPB.java:205) ~[ozone-manager-1.3.0-SNAPSHOT.jar:?]
	at org.apache.hadoop.hdds.server.OzoneProtocolMessageDispatcher.processRequest(OzoneProtocolMessageDispatcher.java:87) [hdds-server-framework-1.3.0-SNAPSHOT.jar:?]
	at org.apache.hadoop.ozone.protocolPB.OzoneManagerProtocolServerSideTranslatorPB.submitRequest(OzoneManagerProtocolServerSideTranslatorPB.java:147) [ozone-manager-1.3.0-SNAPSHOT.jar:?]
	at org.apache.hadoop.ozone.protocol.proto.OzoneManagerProtocolProtos$OzoneManagerService$2.callBlockingMethod(OzoneManagerProtocolProtos.java) [ozone-interface-client-1.3.0-SNAPSHOT.jar:?]
	at org.apache.hadoop.ipc.ProtobufRpcEngine$Server.processCall(ProtobufRpcEngine.java:466) [hadoop-common-3.3.1.jar:?]
	at org.apache.hadoop.ipc.ProtobufRpcEngine2$Server$ProtoBufRpcInvoker.call(ProtobufRpcEngine2.java:574) [hadoop-common-3.3.1.jar:?]
	at org.apache.hadoop.ipc.ProtobufRpcEngine2$Server$ProtoBufRpcInvoker.call(ProtobufRpcEngine2.java:552) [hadoop-common-3.3.1.jar:?]
	at org.apache.hadoop.ipc.RPC$Server.call(RPC.java:1093) [hadoop-common-3.3.1.jar:?]
	at org.apache.hadoop.ipc.Server$RpcCall.run(Server.java:1035) [hadoop-common-3.3.1.jar:?]
	at org.apache.hadoop.ipc.Server$RpcCall.run(Server.java:963) [hadoop-common-3.3.1.jar:?]
	at java.security.AccessController.doPrivileged(Native Method) ~[?:1.8.0_345]
	at javax.security.auth.Subject.doAs(Subject.java:422) [?:1.8.0_345]
	at org.apache.hadoop.security.UserGroupInformation.doAs(UserGroupInformation.java:1878) [hadoop-common-3.3.1.jar:?]
	at org.apache.hadoop.ipc.Server$Handler.run(Server.java:2966) [hadoop-common-3.3.1.jar:?]
2022-10-06 01:05:08,652 [Time-limited test] WARN  ozone.BasicRootedOzoneFileSystem (BasicRootedOzoneFileSystem.java:getFileStatus(879)) - GetFileStatus failed for path /volume05783/bucket77500/testBatchDelete/parent/child4
java.io.FileNotFoundException: testBatchDelete/parent/child4: No such file or directory!
	at org.apache.hadoop.fs.ozone.BasicRootedOzoneClientAdapterImpl.getFileStatus(BasicRootedOzoneClientAdapterImpl.java:617)
	at org.apache.hadoop.fs.ozone.BasicRootedOzoneFileSystem.getFileStatus(BasicRootedOzoneFileSystem.java:869)
	at org.apache.hadoop.fs.FileSystem.exists(FileSystem.java:1760)
	at org.apache.hadoop.fs.ozone.BasicRootedOzoneFileSystem.exists(BasicRootedOzoneFileSystem.java:918)
	at org.apache.hadoop.fs.ozone.TestRootedOzoneFileSystem.testFileDelete(TestRootedOzoneFileSystem.java:1584)
	at sun.reflect.NativeMethodAccessorImpl.invoke0(Native Method)
	at sun.reflect.NativeMethodAccessorImpl.invoke(NativeMethodAccessorImpl.java:62)
	at sun.reflect.DelegatingMethodAccessorImpl.invoke(DelegatingMethodAccessorImpl.java:43)
	at java.lang.reflect.Method.invoke(Method.java:498)
	at org.junit.runners.model.FrameworkMethod$1.runReflectiveCall(FrameworkMethod.java:59)
	at org.junit.internal.runners.model.ReflectiveCallable.run(ReflectiveCallable.java:12)
	at org.junit.runners.model.FrameworkMethod.invokeExplosively(FrameworkMethod.java:56)
	at org.junit.internal.runners.statements.InvokeMethod.evaluate(InvokeMethod.java:17)
	at org.junit.internal.runners.statements.RunBefores.evaluate(RunBefores.java:26)
	at org.junit.internal.runners.statements.RunAfters.evaluate(RunAfters.java:27)
	at org.junit.internal.runners.statements.FailOnTimeout$CallableStatement.call(FailOnTimeout.java:288)
	at org.junit.internal.runners.statements.FailOnTimeout$CallableStatement.call(FailOnTimeout.java:282)
	at java.util.concurrent.FutureTask.run(FutureTask.java:266)
	at java.lang.Thread.run(Thread.java:750)
01:05:08.653 [IPC Server handler 10 on default port 44363] ERROR OMAudit - user=runner | ip=127.0.0.1 | op=GET_FILE_STATUS {volume=volume05783, bucket=bucket77500, key=testBatchDelete/parent/childFolder/child4, dataSize=0, replicationConfig=null} | ret=FAILURE
org.apache.hadoop.ozone.om.exceptions.OMException: Unable to get file status: volume: volume05783 bucket: bucket77500 key: testBatchDelete/parent/childFolder/child4
	at org.apache.hadoop.ozone.om.KeyManagerImpl.getOzoneFileStatusFSO(KeyManagerImpl.java:1389) ~[ozone-manager-1.3.0-SNAPSHOT.jar:?]
	at org.apache.hadoop.ozone.om.KeyManagerImpl.getFileStatus(KeyManagerImpl.java:1252) ~[ozone-manager-1.3.0-SNAPSHOT.jar:?]
	at org.apache.hadoop.ozone.om.OzoneManager.getFileStatus(OzoneManager.java:3507) ~[ozone-manager-1.3.0-SNAPSHOT.jar:?]
	at org.apache.hadoop.ozone.protocolPB.OzoneManagerRequestHandler.getOzoneFileStatus(OzoneManagerRequestHandler.java:882) ~[ozone-manager-1.3.0-SNAPSHOT.jar:?]
	at org.apache.hadoop.ozone.protocolPB.OzoneManagerRequestHandler.handleReadRequest(OzoneManagerRequestHandler.java:228) ~[ozone-manager-1.3.0-SNAPSHOT.jar:?]
	at org.apache.hadoop.ozone.protocolPB.OzoneManagerProtocolServerSideTranslatorPB.submitRequestDirectlyToOM(OzoneManagerProtocolServerSideTranslatorPB.java:276) ~[ozone-manager-1.3.0-SNAPSHOT.jar:?]
	at org.apache.hadoop.ozone.protocolPB.OzoneManagerProtocolServerSideTranslatorPB.processRequest(OzoneManagerProtocolServerSideTranslatorPB.java:205) ~[ozone-manager-1.3.0-SNAPSHOT.jar:?]
	at org.apache.hadoop.hdds.server.OzoneProtocolMessageDispatcher.processRequest(OzoneProtocolMessageDispatcher.java:87) [hdds-server-framework-1.3.0-SNAPSHOT.jar:?]
	at org.apache.hadoop.ozone.protocolPB.OzoneManagerProtocolServerSideTranslatorPB.submitRequest(OzoneManagerProtocolServerSideTranslatorPB.java:147) [ozone-manager-1.3.0-SNAPSHOT.jar:?]
	at org.apache.hadoop.ozone.protocol.proto.OzoneManagerProtocolProtos$OzoneManagerService$2.callBlockingMethod(OzoneManagerProtocolProtos.java) [ozone-interface-client-1.3.0-SNAPSHOT.jar:?]
	at org.apache.hadoop.ipc.ProtobufRpcEngine$Server.processCall(ProtobufRpcEngine.java:466) [hadoop-common-3.3.1.jar:?]
	at org.apache.hadoop.ipc.ProtobufRpcEngine2$Server$ProtoBufRpcInvoker.call(ProtobufRpcEngine2.java:574) [hadoop-common-3.3.1.jar:?]
	at org.apache.hadoop.ipc.ProtobufRpcEngine2$Server$ProtoBufRpcInvoker.call(ProtobufRpcEngine2.java:552) [hadoop-common-3.3.1.jar:?]
	at org.apache.hadoop.ipc.RPC$Server.call(RPC.java:1093) [hadoop-common-3.3.1.jar:?]
	at org.apache.hadoop.ipc.Server$RpcCall.run(Server.java:1035) [hadoop-common-3.3.1.jar:?]
	at org.apache.hadoop.ipc.Server$RpcCall.run(Server.java:963) [hadoop-common-3.3.1.jar:?]
	at java.security.AccessController.doPrivileged(Native Method) ~[?:1.8.0_345]
	at javax.security.auth.Subject.doAs(Subject.java:422) [?:1.8.0_345]
	at org.apache.hadoop.security.UserGroupInformation.doAs(UserGroupInformation.java:1878) [hadoop-common-3.3.1.jar:?]
	at org.apache.hadoop.ipc.Server$Handler.run(Server.java:2966) [hadoop-common-3.3.1.jar:?]
2022-10-06 01:05:08,655 [Time-limited test] WARN  ozone.BasicRootedOzoneFileSystem (BasicRootedOzoneFileSystem.java:getFileStatus(879)) - GetFileStatus failed for path /volume05783/bucket77500/testBatchDelete/parent/childFolder/child4
java.io.FileNotFoundException: testBatchDelete/parent/childFolder/child4: No such file or directory!
	at org.apache.hadoop.fs.ozone.BasicRootedOzoneClientAdapterImpl.getFileStatus(BasicRootedOzoneClientAdapterImpl.java:617)
	at org.apache.hadoop.fs.ozone.BasicRootedOzoneFileSystem.getFileStatus(BasicRootedOzoneFileSystem.java:869)
	at org.apache.hadoop.fs.FileSystem.exists(FileSystem.java:1760)
	at org.apache.hadoop.fs.ozone.BasicRootedOzoneFileSystem.exists(BasicRootedOzoneFileSystem.java:918)
	at org.apache.hadoop.fs.ozone.TestRootedOzoneFileSystem.testFileDelete(TestRootedOzoneFileSystem.java:1589)
	at sun.reflect.NativeMethodAccessorImpl.invoke0(Native Method)
	at sun.reflect.NativeMethodAccessorImpl.invoke(NativeMethodAccessorImpl.java:62)
	at sun.reflect.DelegatingMethodAccessorImpl.invoke(DelegatingMethodAccessorImpl.java:43)
	at java.lang.reflect.Method.invoke(Method.java:498)
	at org.junit.runners.model.FrameworkMethod$1.runReflectiveCall(FrameworkMethod.java:59)
	at org.junit.internal.runners.model.ReflectiveCallable.run(ReflectiveCallable.java:12)
	at org.junit.runners.model.FrameworkMethod.invokeExplosively(FrameworkMethod.java:56)
	at org.junit.internal.runners.statements.InvokeMethod.evaluate(InvokeMethod.java:17)
	at org.junit.internal.runners.statements.RunBefores.evaluate(RunBefores.java:26)
	at org.junit.internal.runners.statements.RunAfters.evaluate(RunAfters.java:27)
	at org.junit.internal.runners.statements.FailOnTimeout$CallableStatement.call(FailOnTimeout.java:288)
	at org.junit.internal.runners.statements.FailOnTimeout$CallableStatement.call(FailOnTimeout.java:282)
	at java.util.concurrent.FutureTask.run(FutureTask.java:266)
	at java.lang.Thread.run(Thread.java:750)
01:05:08.656 [IPC Server handler 3 on default port 44363] ERROR OMAudit - user=runner | ip=127.0.0.1 | op=GET_FILE_STATUS {volume=volume05783, bucket=bucket77500, key=testBatchDelete/parent/child5, dataSize=0, replicationConfig=null} | ret=FAILURE
org.apache.hadoop.ozone.om.exceptions.OMException: Unable to get file status: volume: volume05783 bucket: bucket77500 key: testBatchDelete/parent/child5
	at org.apache.hadoop.ozone.om.KeyManagerImpl.getOzoneFileStatusFSO(KeyManagerImpl.java:1389) ~[ozone-manager-1.3.0-SNAPSHOT.jar:?]
	at org.apache.hadoop.ozone.om.KeyManagerImpl.getFileStatus(KeyManagerImpl.java:1252) ~[ozone-manager-1.3.0-SNAPSHOT.jar:?]
	at org.apache.hadoop.ozone.om.OzoneManager.getFileStatus(OzoneManager.java:3507) ~[ozone-manager-1.3.0-SNAPSHOT.jar:?]
	at org.apache.hadoop.ozone.protocolPB.OzoneManagerRequestHandler.getOzoneFileStatus(OzoneManagerRequestHandler.java:882) ~[ozone-manager-1.3.0-SNAPSHOT.jar:?]
	at org.apache.hadoop.ozone.protocolPB.OzoneManagerRequestHandler.handleReadRequest(OzoneManagerRequestHandler.java:228) ~[ozone-manager-1.3.0-SNAPSHOT.jar:?]
	at org.apache.hadoop.ozone.protocolPB.OzoneManagerProtocolServerSideTranslatorPB.submitRequestDirectlyToOM(OzoneManagerProtocolServerSideTranslatorPB.java:276) ~[ozone-manager-1.3.0-SNAPSHOT.jar:?]
	at org.apache.hadoop.ozone.protocolPB.OzoneManagerProtocolServerSideTranslatorPB.processRequest(OzoneManagerProtocolServerSideTranslatorPB.java:205) ~[ozone-manager-1.3.0-SNAPSHOT.jar:?]
	at org.apache.hadoop.hdds.server.OzoneProtocolMessageDispatcher.processRequest(OzoneProtocolMessageDispatcher.java:87) [hdds-server-framework-1.3.0-SNAPSHOT.jar:?]
	at org.apache.hadoop.ozone.protocolPB.OzoneManagerProtocolServerSideTranslatorPB.submitRequest(OzoneManagerProtocolServerSideTranslatorPB.java:147) [ozone-manager-1.3.0-SNAPSHOT.jar:?]
	at org.apache.hadoop.ozone.protocol.proto.OzoneManagerProtocolProtos$OzoneManagerService$2.callBlockingMethod(OzoneManagerProtocolProtos.java) [ozone-interface-client-1.3.0-SNAPSHOT.jar:?]
	at org.apache.hadoop.ipc.ProtobufRpcEngine$Server.processCall(ProtobufRpcEngine.java:466) [hadoop-common-3.3.1.jar:?]
	at org.apache.hadoop.ipc.ProtobufRpcEngine2$Server$ProtoBufRpcInvoker.call(ProtobufRpcEngine2.java:574) [hadoop-common-3.3.1.jar:?]
	at org.apache.hadoop.ipc.ProtobufRpcEngine2$Server$ProtoBufRpcInvoker.call(ProtobufRpcEngine2.java:552) [hadoop-common-3.3.1.jar:?]
	at org.apache.hadoop.ipc.RPC$Server.call(RPC.java:1093) [hadoop-common-3.3.1.jar:?]
	at org.apache.hadoop.ipc.Server$RpcCall.run(Server.java:1035) [hadoop-common-3.3.1.jar:?]
	at org.apache.hadoop.ipc.Server$RpcCall.run(Server.java:963) [hadoop-common-3.3.1.jar:?]
	at java.security.AccessController.doPrivileged(Native Method) ~[?:1.8.0_345]
	at javax.security.auth.Subject.doAs(Subject.java:422) [?:1.8.0_345]
	at org.apache.hadoop.security.UserGroupInformation.doAs(UserGroupInformation.java:1878) [hadoop-common-3.3.1.jar:?]
	at org.apache.hadoop.ipc.Server$Handler.run(Server.java:2966) [hadoop-common-3.3.1.jar:?]
2022-10-06 01:05:08,656 [Time-limited test] WARN  ozone.BasicRootedOzoneFileSystem (BasicRootedOzoneFileSystem.java:getFileStatus(879)) - GetFileStatus failed for path /volume05783/bucket77500/testBatchDelete/parent/child5
java.io.FileNotFoundException: testBatchDelete/parent/child5: No such file or directory!
	at org.apache.hadoop.fs.ozone.BasicRootedOzoneClientAdapterImpl.getFileStatus(BasicRootedOzoneClientAdapterImpl.java:617)
	at org.apache.hadoop.fs.ozone.BasicRootedOzoneFileSystem.getFileStatus(BasicRootedOzoneFileSystem.java:869)
	at org.apache.hadoop.fs.FileSystem.exists(FileSystem.java:1760)
	at org.apache.hadoop.fs.ozone.BasicRootedOzoneFileSystem.exists(BasicRootedOzoneFileSystem.java:918)
	at org.apache.hadoop.fs.ozone.TestRootedOzoneFileSystem.testFileDelete(TestRootedOzoneFileSystem.java:1584)
	at sun.reflect.NativeMethodAccessorImpl.invoke0(Native Method)
	at sun.reflect.NativeMethodAccessorImpl.invoke(NativeMethodAccessorImpl.java:62)
	at sun.reflect.DelegatingMethodAccessorImpl.invoke(DelegatingMethodAccessorImpl.java:43)
	at java.lang.reflect.Method.invoke(Method.java:498)
	at org.junit.runners.model.FrameworkMethod$1.runReflectiveCall(FrameworkMethod.java:59)
	at org.junit.internal.runners.model.ReflectiveCallable.run(ReflectiveCallable.java:12)
	at org.junit.runners.model.FrameworkMethod.invokeExplosively(FrameworkMethod.java:56)
	at org.junit.internal.runners.statements.InvokeMethod.evaluate(InvokeMethod.java:17)
	at org.junit.internal.runners.statements.RunBefores.evaluate(RunBefores.java:26)
	at org.junit.internal.runners.statements.RunAfters.evaluate(RunAfters.java:27)
	at org.junit.internal.runners.statements.FailOnTimeout$CallableStatement.call(FailOnTimeout.java:288)
	at org.junit.internal.runners.statements.FailOnTimeout$CallableStatement.call(FailOnTimeout.java:282)
	at java.util.concurrent.FutureTask.run(FutureTask.java:266)
	at java.lang.Thread.run(Thread.java:750)
01:05:08.662 [IPC Server handler 14 on default port 44363] ERROR OMAudit - user=runner | ip=127.0.0.1 | op=GET_FILE_STATUS {volume=volume05783, bucket=bucket77500, key=testBatchDelete/parent/childFolder/child5, dataSize=0, replicationConfig=null} | ret=FAILURE
org.apache.hadoop.ozone.om.exceptions.OMException: Unable to get file status: volume: volume05783 bucket: bucket77500 key: testBatchDelete/parent/childFolder/child5
	at org.apache.hadoop.ozone.om.KeyManagerImpl.getOzoneFileStatusFSO(KeyManagerImpl.java:1389) ~[ozone-manager-1.3.0-SNAPSHOT.jar:?]
	at org.apache.hadoop.ozone.om.KeyManagerImpl.getFileStatus(KeyManagerImpl.java:1252) ~[ozone-manager-1.3.0-SNAPSHOT.jar:?]
	at org.apache.hadoop.ozone.om.OzoneManager.getFileStatus(OzoneManager.java:3507) ~[ozone-manager-1.3.0-SNAPSHOT.jar:?]
	at org.apache.hadoop.ozone.protocolPB.OzoneManagerRequestHandler.getOzoneFileStatus(OzoneManagerRequestHandler.java:882) ~[ozone-manager-1.3.0-SNAPSHOT.jar:?]
	at org.apache.hadoop.ozone.protocolPB.OzoneManagerRequestHandler.handleReadRequest(OzoneManagerRequestHandler.java:228) ~[ozone-manager-1.3.0-SNAPSHOT.jar:?]
	at org.apache.hadoop.ozone.protocolPB.OzoneManagerProtocolServerSideTranslatorPB.submitRequestDirectlyToOM(OzoneManagerProtocolServerSideTranslatorPB.java:276) ~[ozone-manager-1.3.0-SNAPSHOT.jar:?]
	at org.apache.hadoop.ozone.protocolPB.OzoneManagerProtocolServerSideTranslatorPB.processRequest(OzoneManagerProtocolServerSideTranslatorPB.java:205) ~[ozone-manager-1.3.0-SNAPSHOT.jar:?]
	at org.apache.hadoop.hdds.server.OzoneProtocolMessageDispatcher.processRequest(OzoneProtocolMessageDispatcher.java:87) [hdds-server-framework-1.3.0-SNAPSHOT.jar:?]
	at org.apache.hadoop.ozone.protocolPB.OzoneManagerProtocolServerSideTranslatorPB.submitRequest(OzoneManagerProtocolServerSideTranslatorPB.java:147) [ozone-manager-1.3.0-SNAPSHOT.jar:?]
	at org.apache.hadoop.ozone.protocol.proto.OzoneManagerProtocolProtos$OzoneManagerService$2.callBlockingMethod(OzoneManagerProtocolProtos.java) [ozone-interface-client-1.3.0-SNAPSHOT.jar:?]
	at org.apache.hadoop.ipc.ProtobufRpcEngine$Server.processCall(ProtobufRpcEngine.java:466) [hadoop-common-3.3.1.jar:?]
	at org.apache.hadoop.ipc.ProtobufRpcEngine2$Server$ProtoBufRpcInvoker.call(ProtobufRpcEngine2.java:574) [hadoop-common-3.3.1.jar:?]
	at org.apache.hadoop.ipc.ProtobufRpcEngine2$Server$ProtoBufRpcInvoker.call(ProtobufRpcEngine2.java:552) [hadoop-common-3.3.1.jar:?]
	at org.apache.hadoop.ipc.RPC$Server.call(RPC.java:1093) [hadoop-common-3.3.1.jar:?]
	at org.apache.hadoop.ipc.Server$RpcCall.run(Server.java:1035) [hadoop-common-3.3.1.jar:?]
	at org.apache.hadoop.ipc.Server$RpcCall.run(Server.java:963) [hadoop-common-3.3.1.jar:?]
	at java.security.AccessController.doPrivileged(Native Method) ~[?:1.8.0_345]
	at javax.security.auth.Subject.doAs(Subject.java:422) [?:1.8.0_345]
	at org.apache.hadoop.security.UserGroupInformation.doAs(UserGroupInformation.java:1878) [hadoop-common-3.3.1.jar:?]
	at org.apache.hadoop.ipc.Server$Handler.run(Server.java:2966) [hadoop-common-3.3.1.jar:?]
2022-10-06 01:05:08,662 [Time-limited test] WARN  ozone.BasicRootedOzoneFileSystem (BasicRootedOzoneFileSystem.java:getFileStatus(879)) - GetFileStatus failed for path /volume05783/bucket77500/testBatchDelete/parent/childFolder/child5
java.io.FileNotFoundException: testBatchDelete/parent/childFolder/child5: No such file or directory!
	at org.apache.hadoop.fs.ozone.BasicRootedOzoneClientAdapterImpl.getFileStatus(BasicRootedOzoneClientAdapterImpl.java:617)
	at org.apache.hadoop.fs.ozone.BasicRootedOzoneFileSystem.getFileStatus(BasicRootedOzoneFileSystem.java:869)
	at org.apache.hadoop.fs.FileSystem.exists(FileSystem.java:1760)
	at org.apache.hadoop.fs.ozone.BasicRootedOzoneFileSystem.exists(BasicRootedOzoneFileSystem.java:918)
	at org.apache.hadoop.fs.ozone.TestRootedOzoneFileSystem.testFileDelete(TestRootedOzoneFileSystem.java:1589)
	at sun.reflect.NativeMethodAccessorImpl.invoke0(Native Method)
	at sun.reflect.NativeMethodAccessorImpl.invoke(NativeMethodAccessorImpl.java:62)
	at sun.reflect.DelegatingMethodAccessorImpl.invoke(DelegatingMethodAccessorImpl.java:43)
	at java.lang.reflect.Method.invoke(Method.java:498)
	at org.junit.runners.model.FrameworkMethod$1.runReflectiveCall(FrameworkMethod.java:59)
	at org.junit.internal.runners.model.ReflectiveCallable.run(ReflectiveCallable.java:12)
	at org.junit.runners.model.FrameworkMethod.invokeExplosively(FrameworkMethod.java:56)
	at org.junit.internal.runners.statements.InvokeMethod.evaluate(InvokeMethod.java:17)
	at org.junit.internal.runners.statements.RunBefores.evaluate(RunBefores.java:26)
	at org.junit.internal.runners.statements.RunAfters.evaluate(RunAfters.java:27)
	at org.junit.internal.runners.statements.FailOnTimeout$CallableStatement.call(FailOnTimeout.java:288)
	at org.junit.internal.runners.statements.FailOnTimeout$CallableStatement.call(FailOnTimeout.java:282)
	at java.util.concurrent.FutureTask.run(FutureTask.java:266)
	at java.lang.Thread.run(Thread.java:750)
01:05:08.663 [IPC Server handler 1 on default port 44363] ERROR OMAudit - user=runner | ip=127.0.0.1 | op=GET_FILE_STATUS {volume=volume05783, bucket=bucket77500, key=testBatchDelete/parent/child6, dataSize=0, replicationConfig=null} | ret=FAILURE
org.apache.hadoop.ozone.om.exceptions.OMException: Unable to get file status: volume: volume05783 bucket: bucket77500 key: testBatchDelete/parent/child6
	at org.apache.hadoop.ozone.om.KeyManagerImpl.getOzoneFileStatusFSO(KeyManagerImpl.java:1389) ~[ozone-manager-1.3.0-SNAPSHOT.jar:?]
	at org.apache.hadoop.ozone.om.KeyManagerImpl.getFileStatus(KeyManagerImpl.java:1252) ~[ozone-manager-1.3.0-SNAPSHOT.jar:?]
	at org.apache.hadoop.ozone.om.OzoneManager.getFileStatus(OzoneManager.java:3507) ~[ozone-manager-1.3.0-SNAPSHOT.jar:?]
	at org.apache.hadoop.ozone.protocolPB.OzoneManagerRequestHandler.getOzoneFileStatus(OzoneManagerRequestHandler.java:882) ~[ozone-manager-1.3.0-SNAPSHOT.jar:?]
	at org.apache.hadoop.ozone.protocolPB.OzoneManagerRequestHandler.handleReadRequest(OzoneManagerRequestHandler.java:228) ~[ozone-manager-1.3.0-SNAPSHOT.jar:?]
	at org.apache.hadoop.ozone.protocolPB.OzoneManagerProtocolServerSideTranslatorPB.submitRequestDirectlyToOM(OzoneManagerProtocolServerSideTranslatorPB.java:276) ~[ozone-manager-1.3.0-SNAPSHOT.jar:?]
	at org.apache.hadoop.ozone.protocolPB.OzoneManagerProtocolServerSideTranslatorPB.processRequest(OzoneManagerProtocolServerSideTranslatorPB.java:205) ~[ozone-manager-1.3.0-SNAPSHOT.jar:?]
	at org.apache.hadoop.hdds.server.OzoneProtocolMessageDispatcher.processRequest(OzoneProtocolMessageDispatcher.java:87) [hdds-server-framework-1.3.0-SNAPSHOT.jar:?]
	at org.apache.hadoop.ozone.protocolPB.OzoneManagerProtocolServerSideTranslatorPB.submitRequest(OzoneManagerProtocolServerSideTranslatorPB.java:147) [ozone-manager-1.3.0-SNAPSHOT.jar:?]
	at org.apache.hadoop.ozone.protocol.proto.OzoneManagerProtocolProtos$OzoneManagerService$2.callBlockingMethod(OzoneManagerProtocolProtos.java) [ozone-interface-client-1.3.0-SNAPSHOT.jar:?]
	at org.apache.hadoop.ipc.ProtobufRpcEngine$Server.processCall(ProtobufRpcEngine.java:466) [hadoop-common-3.3.1.jar:?]
	at org.apache.hadoop.ipc.ProtobufRpcEngine2$Server$ProtoBufRpcInvoker.call(ProtobufRpcEngine2.java:574) [hadoop-common-3.3.1.jar:?]
	at org.apache.hadoop.ipc.ProtobufRpcEngine2$Server$ProtoBufRpcInvoker.call(ProtobufRpcEngine2.java:552) [hadoop-common-3.3.1.jar:?]
	at org.apache.hadoop.ipc.RPC$Server.call(RPC.java:1093) [hadoop-common-3.3.1.jar:?]
	at org.apache.hadoop.ipc.Server$RpcCall.run(Server.java:1035) [hadoop-common-3.3.1.jar:?]
	at org.apache.hadoop.ipc.Server$RpcCall.run(Server.java:963) [hadoop-common-3.3.1.jar:?]
	at java.security.AccessController.doPrivileged(Native Method) ~[?:1.8.0_345]
	at javax.security.auth.Subject.doAs(Subject.java:422) [?:1.8.0_345]
	at org.apache.hadoop.security.UserGroupInformation.doAs(UserGroupInformation.java:1878) [hadoop-common-3.3.1.jar:?]
	at org.apache.hadoop.ipc.Server$Handler.run(Server.java:2966) [hadoop-common-3.3.1.jar:?]
2022-10-06 01:05:08,663 [Time-limited test] WARN  ozone.BasicRootedOzoneFileSystem (BasicRootedOzoneFileSystem.java:getFileStatus(879)) - GetFileStatus failed for path /volume05783/bucket77500/testBatchDelete/parent/child6
java.io.FileNotFoundException: testBatchDelete/parent/child6: No such file or directory!
	at org.apache.hadoop.fs.ozone.BasicRootedOzoneClientAdapterImpl.getFileStatus(BasicRootedOzoneClientAdapterImpl.java:617)
	at org.apache.hadoop.fs.ozone.BasicRootedOzoneFileSystem.getFileStatus(BasicRootedOzoneFileSystem.java:869)
	at org.apache.hadoop.fs.FileSystem.exists(FileSystem.java:1760)
	at org.apache.hadoop.fs.ozone.BasicRootedOzoneFileSystem.exists(BasicRootedOzoneFileSystem.java:918)
	at org.apache.hadoop.fs.ozone.TestRootedOzoneFileSystem.testFileDelete(TestRootedOzoneFileSystem.java:1584)
	at sun.reflect.NativeMethodAccessorImpl.invoke0(Native Method)
	at sun.reflect.NativeMethodAccessorImpl.invoke(NativeMethodAccessorImpl.java:62)
	at sun.reflect.DelegatingMethodAccessorImpl.invoke(DelegatingMethodAccessorImpl.java:43)
	at java.lang.reflect.Method.invoke(Method.java:498)
	at org.junit.runners.model.FrameworkMethod$1.runReflectiveCall(FrameworkMethod.java:59)
	at org.junit.internal.runners.model.ReflectiveCallable.run(ReflectiveCallable.java:12)
	at org.junit.runners.model.FrameworkMethod.invokeExplosively(FrameworkMethod.java:56)
	at org.junit.internal.runners.statements.InvokeMethod.evaluate(InvokeMethod.java:17)
	at org.junit.internal.runners.statements.RunBefores.evaluate(RunBefores.java:26)
	at org.junit.internal.runners.statements.RunAfters.evaluate(RunAfters.java:27)
	at org.junit.internal.runners.statements.FailOnTimeout$CallableStatement.call(FailOnTimeout.java:288)
	at org.junit.internal.runners.statements.FailOnTimeout$CallableStatement.call(FailOnTimeout.java:282)
	at java.util.concurrent.FutureTask.run(FutureTask.java:266)
	at java.lang.Thread.run(Thread.java:750)
01:05:08.664 [IPC Server handler 16 on default port 44363] ERROR OMAudit - user=runner | ip=127.0.0.1 | op=GET_FILE_STATUS {volume=volume05783, bucket=bucket77500, key=testBatchDelete/parent/childFolder/child6, dataSize=0, replicationConfig=null} | ret=FAILURE
org.apache.hadoop.ozone.om.exceptions.OMException: Unable to get file status: volume: volume05783 bucket: bucket77500 key: testBatchDelete/parent/childFolder/child6
	at org.apache.hadoop.ozone.om.KeyManagerImpl.getOzoneFileStatusFSO(KeyManagerImpl.java:1389) ~[ozone-manager-1.3.0-SNAPSHOT.jar:?]
	at org.apache.hadoop.ozone.om.KeyManagerImpl.getFileStatus(KeyManagerImpl.java:1252) ~[ozone-manager-1.3.0-SNAPSHOT.jar:?]
	at org.apache.hadoop.ozone.om.OzoneManager.getFileStatus(OzoneManager.java:3507) ~[ozone-manager-1.3.0-SNAPSHOT.jar:?]
	at org.apache.hadoop.ozone.protocolPB.OzoneManagerRequestHandler.getOzoneFileStatus(OzoneManagerRequestHandler.java:882) ~[ozone-manager-1.3.0-SNAPSHOT.jar:?]
	at org.apache.hadoop.ozone.protocolPB.OzoneManagerRequestHandler.handleReadRequest(OzoneManagerRequestHandler.java:228) ~[ozone-manager-1.3.0-SNAPSHOT.jar:?]
	at org.apache.hadoop.ozone.protocolPB.OzoneManagerProtocolServerSideTranslatorPB.submitRequestDirectlyToOM(OzoneManagerProtocolServerSideTranslatorPB.java:276) ~[ozone-manager-1.3.0-SNAPSHOT.jar:?]
	at org.apache.hadoop.ozone.protocolPB.OzoneManagerProtocolServerSideTranslatorPB.processRequest(OzoneManagerProtocolServerSideTranslatorPB.java:205) ~[ozone-manager-1.3.0-SNAPSHOT.jar:?]
	at org.apache.hadoop.hdds.server.OzoneProtocolMessageDispatcher.processRequest(OzoneProtocolMessageDispatcher.java:87) [hdds-server-framework-1.3.0-SNAPSHOT.jar:?]
	at org.apache.hadoop.ozone.protocolPB.OzoneManagerProtocolServerSideTranslatorPB.submitRequest(OzoneManagerProtocolServerSideTranslatorPB.java:147) [ozone-manager-1.3.0-SNAPSHOT.jar:?]
	at org.apache.hadoop.ozone.protocol.proto.OzoneManagerProtocolProtos$OzoneManagerService$2.callBlockingMethod(OzoneManagerProtocolProtos.java) [ozone-interface-client-1.3.0-SNAPSHOT.jar:?]
	at org.apache.hadoop.ipc.ProtobufRpcEngine$Server.processCall(ProtobufRpcEngine.java:466) [hadoop-common-3.3.1.jar:?]
	at org.apache.hadoop.ipc.ProtobufRpcEngine2$Server$ProtoBufRpcInvoker.call(ProtobufRpcEngine2.java:574) [hadoop-common-3.3.1.jar:?]
	at org.apache.hadoop.ipc.ProtobufRpcEngine2$Server$ProtoBufRpcInvoker.call(ProtobufRpcEngine2.java:552) [hadoop-common-3.3.1.jar:?]
	at org.apache.hadoop.ipc.RPC$Server.call(RPC.java:1093) [hadoop-common-3.3.1.jar:?]
	at org.apache.hadoop.ipc.Server$RpcCall.run(Server.java:1035) [hadoop-common-3.3.1.jar:?]
	at org.apache.hadoop.ipc.Server$RpcCall.run(Server.java:963) [hadoop-common-3.3.1.jar:?]
	at java.security.AccessController.doPrivileged(Native Method) ~[?:1.8.0_345]
	at javax.security.auth.Subject.doAs(Subject.java:422) [?:1.8.0_345]
	at org.apache.hadoop.security.UserGroupInformation.doAs(UserGroupInformation.java:1878) [hadoop-common-3.3.1.jar:?]
	at org.apache.hadoop.ipc.Server$Handler.run(Server.java:2966) [hadoop-common-3.3.1.jar:?]
2022-10-06 01:05:08,664 [Time-limited test] WARN  ozone.BasicRootedOzoneFileSystem (BasicRootedOzoneFileSystem.java:getFileStatus(879)) - GetFileStatus failed for path /volume05783/bucket77500/testBatchDelete/parent/childFolder/child6
java.io.FileNotFoundException: testBatchDelete/parent/childFolder/child6: No such file or directory!
	at org.apache.hadoop.fs.ozone.BasicRootedOzoneClientAdapterImpl.getFileStatus(BasicRootedOzoneClientAdapterImpl.java:617)
	at org.apache.hadoop.fs.ozone.BasicRootedOzoneFileSystem.getFileStatus(BasicRootedOzoneFileSystem.java:869)
	at org.apache.hadoop.fs.FileSystem.exists(FileSystem.java:1760)
	at org.apache.hadoop.fs.ozone.BasicRootedOzoneFileSystem.exists(BasicRootedOzoneFileSystem.java:918)
	at org.apache.hadoop.fs.ozone.TestRootedOzoneFileSystem.testFileDelete(TestRootedOzoneFileSystem.java:1589)
	at sun.reflect.NativeMethodAccessorImpl.invoke0(Native Method)
	at sun.reflect.NativeMethodAccessorImpl.invoke(NativeMethodAccessorImpl.java:62)
	at sun.reflect.DelegatingMethodAccessorImpl.invoke(DelegatingMethodAccessorImpl.java:43)
	at java.lang.reflect.Method.invoke(Method.java:498)
	at org.junit.runners.model.FrameworkMethod$1.runReflectiveCall(FrameworkMethod.java:59)
	at org.junit.internal.runners.model.ReflectiveCallable.run(ReflectiveCallable.java:12)
	at org.junit.runners.model.FrameworkMethod.invokeExplosively(FrameworkMethod.java:56)
	at org.junit.internal.runners.statements.InvokeMethod.evaluate(InvokeMethod.java:17)
	at org.junit.internal.runners.statements.RunBefores.evaluate(RunBefores.java:26)
	at org.junit.internal.runners.statements.RunAfters.evaluate(RunAfters.java:27)
	at org.junit.internal.runners.statements.FailOnTimeout$CallableStatement.call(FailOnTimeout.java:288)
	at org.junit.internal.runners.statements.FailOnTimeout$CallableStatement.call(FailOnTimeout.java:282)
	at java.util.concurrent.FutureTask.run(FutureTask.java:266)
	at java.lang.Thread.run(Thread.java:750)
01:05:08.664 [IPC Server handler 18 on default port 44363] ERROR OMAudit - user=runner | ip=127.0.0.1 | op=GET_FILE_STATUS {volume=volume05783, bucket=bucket77500, key=testBatchDelete/parent/child7, dataSize=0, replicationConfig=null} | ret=FAILURE
org.apache.hadoop.ozone.om.exceptions.OMException: Unable to get file status: volume: volume05783 bucket: bucket77500 key: testBatchDelete/parent/child7
	at org.apache.hadoop.ozone.om.KeyManagerImpl.getOzoneFileStatusFSO(KeyManagerImpl.java:1389) ~[ozone-manager-1.3.0-SNAPSHOT.jar:?]
	at org.apache.hadoop.ozone.om.KeyManagerImpl.getFileStatus(KeyManagerImpl.java:1252) ~[ozone-manager-1.3.0-SNAPSHOT.jar:?]
	at org.apache.hadoop.ozone.om.OzoneManager.getFileStatus(OzoneManager.java:3507) ~[ozone-manager-1.3.0-SNAPSHOT.jar:?]
	at org.apache.hadoop.ozone.protocolPB.OzoneManagerRequestHandler.getOzoneFileStatus(OzoneManagerRequestHandler.java:882) ~[ozone-manager-1.3.0-SNAPSHOT.jar:?]
	at org.apache.hadoop.ozone.protocolPB.OzoneManagerRequestHandler.handleReadRequest(OzoneManagerRequestHandler.java:228) ~[ozone-manager-1.3.0-SNAPSHOT.jar:?]
	at org.apache.hadoop.ozone.protocolPB.OzoneManagerProtocolServerSideTranslatorPB.submitRequestDirectlyToOM(OzoneManagerProtocolServerSideTranslatorPB.java:276) ~[ozone-manager-1.3.0-SNAPSHOT.jar:?]
	at org.apache.hadoop.ozone.protocolPB.OzoneManagerProtocolServerSideTranslatorPB.processRequest(OzoneManagerProtocolServerSideTranslatorPB.java:205) ~[ozone-manager-1.3.0-SNAPSHOT.jar:?]
	at org.apache.hadoop.hdds.server.OzoneProtocolMessageDispatcher.processRequest(OzoneProtocolMessageDispatcher.java:87) [hdds-server-framework-1.3.0-SNAPSHOT.jar:?]
	at org.apache.hadoop.ozone.protocolPB.OzoneManagerProtocolServerSideTranslatorPB.submitRequest(OzoneManagerProtocolServerSideTranslatorPB.java:147) [ozone-manager-1.3.0-SNAPSHOT.jar:?]
	at org.apache.hadoop.ozone.protocol.proto.OzoneManagerProtocolProtos$OzoneManagerService$2.callBlockingMethod(OzoneManagerProtocolProtos.java) [ozone-interface-client-1.3.0-SNAPSHOT.jar:?]
	at org.apache.hadoop.ipc.ProtobufRpcEngine$Server.processCall(ProtobufRpcEngine.java:466) [hadoop-common-3.3.1.jar:?]
	at org.apache.hadoop.ipc.ProtobufRpcEngine2$Server$ProtoBufRpcInvoker.call(ProtobufRpcEngine2.java:574) [hadoop-common-3.3.1.jar:?]
	at org.apache.hadoop.ipc.ProtobufRpcEngine2$Server$ProtoBufRpcInvoker.call(ProtobufRpcEngine2.java:552) [hadoop-common-3.3.1.jar:?]
	at org.apache.hadoop.ipc.RPC$Server.call(RPC.java:1093) [hadoop-common-3.3.1.jar:?]
	at org.apache.hadoop.ipc.Server$RpcCall.run(Server.java:1035) [hadoop-common-3.3.1.jar:?]
	at org.apache.hadoop.ipc.Server$RpcCall.run(Server.java:963) [hadoop-common-3.3.1.jar:?]
	at java.security.AccessController.doPrivileged(Native Method) ~[?:1.8.0_345]
	at javax.security.auth.Subject.doAs(Subject.java:422) [?:1.8.0_345]
	at org.apache.hadoop.security.UserGroupInformation.doAs(UserGroupInformation.java:1878) [hadoop-common-3.3.1.jar:?]
	at org.apache.hadoop.ipc.Server$Handler.run(Server.java:2966) [hadoop-common-3.3.1.jar:?]
2022-10-06 01:05:08,665 [Time-limited test] WARN  ozone.BasicRootedOzoneFileSystem (BasicRootedOzoneFileSystem.java:getFileStatus(879)) - GetFileStatus failed for path /volume05783/bucket77500/testBatchDelete/parent/child7
java.io.FileNotFoundException: testBatchDelete/parent/child7: No such file or directory!
	at org.apache.hadoop.fs.ozone.BasicRootedOzoneClientAdapterImpl.getFileStatus(BasicRootedOzoneClientAdapterImpl.java:617)
	at org.apache.hadoop.fs.ozone.BasicRootedOzoneFileSystem.getFileStatus(BasicRootedOzoneFileSystem.java:869)
	at org.apache.hadoop.fs.FileSystem.exists(FileSystem.java:1760)
	at org.apache.hadoop.fs.ozone.BasicRootedOzoneFileSystem.exists(BasicRootedOzoneFileSystem.java:918)
	at org.apache.hadoop.fs.ozone.TestRootedOzoneFileSystem.testFileDelete(TestRootedOzoneFileSystem.java:1584)
	at sun.reflect.NativeMethodAccessorImpl.invoke0(Native Method)
	at sun.reflect.NativeMethodAccessorImpl.invoke(NativeMethodAccessorImpl.java:62)
	at sun.reflect.DelegatingMethodAccessorImpl.invoke(DelegatingMethodAccessorImpl.java:43)
	at java.lang.reflect.Method.invoke(Method.java:498)
	at org.junit.runners.model.FrameworkMethod$1.runReflectiveCall(FrameworkMethod.java:59)
	at org.junit.internal.runners.model.ReflectiveCallable.run(ReflectiveCallable.java:12)
	at org.junit.runners.model.FrameworkMethod.invokeExplosively(FrameworkMethod.java:56)
	at org.junit.internal.runners.statements.InvokeMethod.evaluate(InvokeMethod.java:17)
	at org.junit.internal.runners.statements.RunBefores.evaluate(RunBefores.java:26)
	at org.junit.internal.runners.statements.RunAfters.evaluate(RunAfters.java:27)
	at org.junit.internal.runners.statements.FailOnTimeout$CallableStatement.call(FailOnTimeout.java:288)
	at org.junit.internal.runners.statements.FailOnTimeout$CallableStatement.call(FailOnTimeout.java:282)
	at java.util.concurrent.FutureTask.run(FutureTask.java:266)
	at java.lang.Thread.run(Thread.java:750)
01:05:08.665 [IPC Server handler 7 on default port 44363] ERROR OMAudit - user=runner | ip=127.0.0.1 | op=GET_FILE_STATUS {volume=volume05783, bucket=bucket77500, key=testBatchDelete/parent/childFolder/child7, dataSize=0, replicationConfig=null} | ret=FAILURE
org.apache.hadoop.ozone.om.exceptions.OMException: Unable to get file status: volume: volume05783 bucket: bucket77500 key: testBatchDelete/parent/childFolder/child7
	at org.apache.hadoop.ozone.om.KeyManagerImpl.getOzoneFileStatusFSO(KeyManagerImpl.java:1389) ~[ozone-manager-1.3.0-SNAPSHOT.jar:?]
	at org.apache.hadoop.ozone.om.KeyManagerImpl.getFileStatus(KeyManagerImpl.java:1252) ~[ozone-manager-1.3.0-SNAPSHOT.jar:?]
	at org.apache.hadoop.ozone.om.OzoneManager.getFileStatus(OzoneManager.java:3507) ~[ozone-manager-1.3.0-SNAPSHOT.jar:?]
	at org.apache.hadoop.ozone.protocolPB.OzoneManagerRequestHandler.getOzoneFileStatus(OzoneManagerRequestHandler.java:882) ~[ozone-manager-1.3.0-SNAPSHOT.jar:?]
	at org.apache.hadoop.ozone.protocolPB.OzoneManagerRequestHandler.handleReadRequest(OzoneManagerRequestHandler.java:228) ~[ozone-manager-1.3.0-SNAPSHOT.jar:?]
	at org.apache.hadoop.ozone.protocolPB.OzoneManagerProtocolServerSideTranslatorPB.submitRequestDirectlyToOM(OzoneManagerProtocolServerSideTranslatorPB.java:276) ~[ozone-manager-1.3.0-SNAPSHOT.jar:?]
	at org.apache.hadoop.ozone.protocolPB.OzoneManagerProtocolServerSideTranslatorPB.processRequest(OzoneManagerProtocolServerSideTranslatorPB.java:205) ~[ozone-manager-1.3.0-SNAPSHOT.jar:?]
	at org.apache.hadoop.hdds.server.OzoneProtocolMessageDispatcher.processRequest(OzoneProtocolMessageDispatcher.java:87) [hdds-server-framework-1.3.0-SNAPSHOT.jar:?]
	at org.apache.hadoop.ozone.protocolPB.OzoneManagerProtocolServerSideTranslatorPB.submitRequest(OzoneManagerProtocolServerSideTranslatorPB.java:147) [ozone-manager-1.3.0-SNAPSHOT.jar:?]
	at org.apache.hadoop.ozone.protocol.proto.OzoneManagerProtocolProtos$OzoneManagerService$2.callBlockingMethod(OzoneManagerProtocolProtos.java) [ozone-interface-client-1.3.0-SNAPSHOT.jar:?]
	at org.apache.hadoop.ipc.ProtobufRpcEngine$Server.processCall(ProtobufRpcEngine.java:466) [hadoop-common-3.3.1.jar:?]
	at org.apache.hadoop.ipc.ProtobufRpcEngine2$Server$ProtoBufRpcInvoker.call(ProtobufRpcEngine2.java:574) [hadoop-common-3.3.1.jar:?]
	at org.apache.hadoop.ipc.ProtobufRpcEngine2$Server$ProtoBufRpcInvoker.call(ProtobufRpcEngine2.java:552) [hadoop-common-3.3.1.jar:?]
	at org.apache.hadoop.ipc.RPC$Server.call(RPC.java:1093) [hadoop-common-3.3.1.jar:?]
	at org.apache.hadoop.ipc.Server$RpcCall.run(Server.java:1035) [hadoop-common-3.3.1.jar:?]
	at org.apache.hadoop.ipc.Server$RpcCall.run(Server.java:963) [hadoop-common-3.3.1.jar:?]
	at java.security.AccessController.doPrivileged(Native Method) ~[?:1.8.0_345]
	at javax.security.auth.Subject.doAs(Subject.java:422) [?:1.8.0_345]
	at org.apache.hadoop.security.UserGroupInformation.doAs(UserGroupInformation.java:1878) [hadoop-common-3.3.1.jar:?]
	at org.apache.hadoop.ipc.Server$Handler.run(Server.java:2966) [hadoop-common-3.3.1.jar:?]
2022-10-06 01:05:08,667 [Time-limited test] WARN  ozone.BasicRootedOzoneFileSystem (BasicRootedOzoneFileSystem.java:getFileStatus(879)) - GetFileStatus failed for path /volume05783/bucket77500/testBatchDelete/parent/childFolder/child7
java.io.FileNotFoundException: testBatchDelete/parent/childFolder/child7: No such file or directory!
	at org.apache.hadoop.fs.ozone.BasicRootedOzoneClientAdapterImpl.getFileStatus(BasicRootedOzoneClientAdapterImpl.java:617)
	at org.apache.hadoop.fs.ozone.BasicRootedOzoneFileSystem.getFileStatus(BasicRootedOzoneFileSystem.java:869)
	at org.apache.hadoop.fs.FileSystem.exists(FileSystem.java:1760)
	at org.apache.hadoop.fs.ozone.BasicRootedOzoneFileSystem.exists(BasicRootedOzoneFileSystem.java:918)
	at org.apache.hadoop.fs.ozone.TestRootedOzoneFileSystem.testFileDelete(TestRootedOzoneFileSystem.java:1589)
	at sun.reflect.NativeMethodAccessorImpl.invoke0(Native Method)
	at sun.reflect.NativeMethodAccessorImpl.invoke(NativeMethodAccessorImpl.java:62)
	at sun.reflect.DelegatingMethodAccessorImpl.invoke(DelegatingMethodAccessorImpl.java:43)
	at java.lang.reflect.Method.invoke(Method.java:498)
	at org.junit.runners.model.FrameworkMethod$1.runReflectiveCall(FrameworkMethod.java:59)
	at org.junit.internal.runners.model.ReflectiveCallable.run(ReflectiveCallable.java:12)
	at org.junit.runners.model.FrameworkMethod.invokeExplosively(FrameworkMethod.java:56)
	at org.junit.internal.runners.statements.InvokeMethod.evaluate(InvokeMethod.java:17)
	at org.junit.internal.runners.statements.RunBefores.evaluate(RunBefores.java:26)
	at org.junit.internal.runners.statements.RunAfters.evaluate(RunAfters.java:27)
	at org.junit.internal.runners.statements.FailOnTimeout$CallableStatement.call(FailOnTimeout.java:288)
	at org.junit.internal.runners.statements.FailOnTimeout$CallableStatement.call(FailOnTimeout.java:282)
	at java.util.concurrent.FutureTask.run(FutureTask.java:266)
	at java.lang.Thread.run(Thread.java:750)
01:05:08.667 [IPC Server handler 5 on default port 44363] ERROR OMAudit - user=runner | ip=127.0.0.1 | op=GET_FILE_STATUS {volume=volume05783, bucket=bucket77500, key=testBatchDelete/parent, dataSize=0, replicationConfig=null} | ret=FAILURE
org.apache.hadoop.ozone.om.exceptions.OMException: Unable to get file status: volume: volume05783 bucket: bucket77500 key: testBatchDelete/parent
	at org.apache.hadoop.ozone.om.KeyManagerImpl.getOzoneFileStatusFSO(KeyManagerImpl.java:1389) ~[ozone-manager-1.3.0-SNAPSHOT.jar:?]
	at org.apache.hadoop.ozone.om.KeyManagerImpl.getFileStatus(KeyManagerImpl.java:1252) ~[ozone-manager-1.3.0-SNAPSHOT.jar:?]
	at org.apache.hadoop.ozone.om.OzoneManager.getFileStatus(OzoneManager.java:3507) ~[ozone-manager-1.3.0-SNAPSHOT.jar:?]
	at org.apache.hadoop.ozone.protocolPB.OzoneManagerRequestHandler.getOzoneFileStatus(OzoneManagerRequestHandler.java:882) ~[ozone-manager-1.3.0-SNAPSHOT.jar:?]
	at org.apache.hadoop.ozone.protocolPB.OzoneManagerRequestHandler.handleReadRequest(OzoneManagerRequestHandler.java:228) ~[ozone-manager-1.3.0-SNAPSHOT.jar:?]
	at org.apache.hadoop.ozone.protocolPB.OzoneManagerProtocolServerSideTranslatorPB.submitRequestDirectlyToOM(OzoneManagerProtocolServerSideTranslatorPB.java:276) ~[ozone-manager-1.3.0-SNAPSHOT.jar:?]
	at org.apache.hadoop.ozone.protocolPB.OzoneManagerProtocolServerSideTranslatorPB.processRequest(OzoneManagerProtocolServerSideTranslatorPB.java:205) ~[ozone-manager-1.3.0-SNAPSHOT.jar:?]
	at org.apache.hadoop.hdds.server.OzoneProtocolMessageDispatcher.processRequest(OzoneProtocolMessageDispatcher.java:87) [hdds-server-framework-1.3.0-SNAPSHOT.jar:?]
	at org.apache.hadoop.ozone.protocolPB.OzoneManagerProtocolServerSideTranslatorPB.submitRequest(OzoneManagerProtocolServerSideTranslatorPB.java:147) [ozone-manager-1.3.0-SNAPSHOT.jar:?]
	at org.apache.hadoop.ozone.protocol.proto.OzoneManagerProtocolProtos$OzoneManagerService$2.callBlockingMethod(OzoneManagerProtocolProtos.java) [ozone-interface-client-1.3.0-SNAPSHOT.jar:?]
	at org.apache.hadoop.ipc.ProtobufRpcEngine$Server.processCall(ProtobufRpcEngine.java:466) [hadoop-common-3.3.1.jar:?]
	at org.apache.hadoop.ipc.ProtobufRpcEngine2$Server$ProtoBufRpcInvoker.call(ProtobufRpcEngine2.java:574) [hadoop-common-3.3.1.jar:?]
	at org.apache.hadoop.ipc.ProtobufRpcEngine2$Server$ProtoBufRpcInvoker.call(ProtobufRpcEngine2.java:552) [hadoop-common-3.3.1.jar:?]
	at org.apache.hadoop.ipc.RPC$Server.call(RPC.java:1093) [hadoop-common-3.3.1.jar:?]
	at org.apache.hadoop.ipc.Server$RpcCall.run(Server.java:1035) [hadoop-common-3.3.1.jar:?]
	at org.apache.hadoop.ipc.Server$RpcCall.run(Server.java:963) [hadoop-common-3.3.1.jar:?]
	at java.security.AccessController.doPrivileged(Native Method) ~[?:1.8.0_345]
	at javax.security.auth.Subject.doAs(Subject.java:422) [?:1.8.0_345]
	at org.apache.hadoop.security.UserGroupInformation.doAs(UserGroupInformation.java:1878) [hadoop-common-3.3.1.jar:?]
	at org.apache.hadoop.ipc.Server$Handler.run(Server.java:2966) [hadoop-common-3.3.1.jar:?]
2022-10-06 01:05:08,668 [Time-limited test] WARN  ozone.BasicRootedOzoneFileSystem (BasicRootedOzoneFileSystem.java:getFileStatus(879)) - GetFileStatus failed for path /volume05783/bucket77500/testBatchDelete/parent
java.io.FileNotFoundException: testBatchDelete/parent: No such file or directory!
	at org.apache.hadoop.fs.ozone.BasicRootedOzoneClientAdapterImpl.getFileStatus(BasicRootedOzoneClientAdapterImpl.java:617)
	at org.apache.hadoop.fs.ozone.BasicRootedOzoneFileSystem.getFileStatus(BasicRootedOzoneFileSystem.java:869)
	at org.apache.hadoop.fs.ozone.BasicRootedOzoneFileSystem.delete(BasicRootedOzoneFileSystem.java:574)
	at org.apache.hadoop.fs.ozone.TestRootedOzoneFileSystem.testFileDelete(TestRootedOzoneFileSystem.java:1593)
	at sun.reflect.NativeMethodAccessorImpl.invoke0(Native Method)
	at sun.reflect.NativeMethodAccessorImpl.invoke(NativeMethodAccessorImpl.java:62)
	at sun.reflect.DelegatingMethodAccessorImpl.invoke(DelegatingMethodAccessorImpl.java:43)
	at java.lang.reflect.Method.invoke(Method.java:498)
	at org.junit.runners.model.FrameworkMethod$1.runReflectiveCall(FrameworkMethod.java:59)
	at org.junit.internal.runners.model.ReflectiveCallable.run(ReflectiveCallable.java:12)
	at org.junit.runners.model.FrameworkMethod.invokeExplosively(FrameworkMethod.java:56)
	at org.junit.internal.runners.statements.InvokeMethod.evaluate(InvokeMethod.java:17)
	at org.junit.internal.runners.statements.RunBefores.evaluate(RunBefores.java:26)
	at org.junit.internal.runners.statements.RunAfters.evaluate(RunAfters.java:27)
	at org.junit.internal.runners.statements.FailOnTimeout$CallableStatement.call(FailOnTimeout.java:288)
	at org.junit.internal.runners.statements.FailOnTimeout$CallableStatement.call(FailOnTimeout.java:282)
	at java.util.concurrent.FutureTask.run(FutureTask.java:266)
	at java.lang.Thread.run(Thread.java:750)
2022-10-06 01:05:08,668 [Time-limited test] WARN  ozone.BasicRootedOzoneFileSystem (BasicRootedOzoneFileSystem.java:delete(576)) - delete: Path does not exist: /volume05783/bucket77500/testBatchDelete/parent
]]></system-out>
  </testcase>
  <testcase name="testListStatusIteratorOnPageSize" classname="TestRootedOzoneFileSystemWithFSO" time="24.183">
    <system-out><![CDATA[2022-10-06 01:03:41,936 [Time-limited test] INFO  rpc.RpcClient (RpcClient.java:createVolume(471)) - Creating Volume: volume39178, with user87288 as owner and space quota set to -1 bytes, counts quota set to -1
2022-10-06 01:03:41,937 [OM StateMachine ApplyTransaction Thread - 0] INFO  volume.OMVolumeCreateRequest (OMVolumeCreateRequest.java:validateAndUpdateCache(195)) - created volume:volume39178 for user:user87288
2022-10-06 01:03:41,939 [Time-limited test] INFO  rpc.RpcClient (RpcClient.java:createBucket(674)) - Creating Bucket: volume39178/bucket56775, with bucket layout FILE_SYSTEM_OPTIMIZED, runner as owner, Versioning false, Storage Type set to DISK and Encryption set to false 
2022-10-06 01:03:41,940 [OM StateMachine ApplyTransaction Thread - 0] INFO  bucket.OMBucketCreateRequest (OMBucketCreateRequest.java:validateAndUpdateCache(260)) - created bucket: bucket56775 of layout FILE_SYSTEM_OPTIMIZED in volume: volume39178
2022-10-06 01:04:00,041 [om1-client-thread1] INFO  segmented.SegmentedRaftLogWorker (SegmentedRaftLogWorker.java:rollLogSegment(430)) - om1@group-C5BA1605619E-SegmentedRaftLogWorker: Rolling segment log-0_27742 to index:27742
2022-10-06 01:04:00,043 [om1@group-C5BA1605619E-SegmentedRaftLogWorker] INFO  segmented.SegmentedRaftLogWorker (SegmentedRaftLogWorker.java:execute(586)) - om1@group-C5BA1605619E-SegmentedRaftLogWorker: Rolled log segment from /home/runner/work/ozone/ozone/hadoop-ozone/integration-test/target/test-dir/MiniOzoneClusterImpl-cb9ba06c-8019-4b1a-b2e9-0b8ac0549875/ozone-meta/ratis/bf265839-605b-3f16-9796-c5ba1605619e/current/log_inprogress_0 to /home/runner/work/ozone/ozone/hadoop-ozone/integration-test/target/test-dir/MiniOzoneClusterImpl-cb9ba06c-8019-4b1a-b2e9-0b8ac0549875/ozone-meta/ratis/bf265839-605b-3f16-9796-c5ba1605619e/current/log_0-27742
2022-10-06 01:04:00,052 [om1@group-C5BA1605619E-SegmentedRaftLogWorker] INFO  segmented.SegmentedRaftLogWorker (SegmentedRaftLogWorker.java:execute(629)) - om1@group-C5BA1605619E-SegmentedRaftLogWorker: created new log segment /home/runner/work/ozone/ozone/hadoop-ozone/integration-test/target/test-dir/MiniOzoneClusterImpl-cb9ba06c-8019-4b1a-b2e9-0b8ac0549875/ozone-meta/ratis/bf265839-605b-3f16-9796-c5ba1605619e/current/log_inprogress_27743
2022-10-06 01:04:04,614 [Under Replicated Processor] INFO  replication.UnderReplicatedProcessor (UnderReplicatedProcessor.java:processAll(92)) - Processed 0 under replicated containers, failed processing 0
2022-10-06 01:04:04,622 [Over Replicated Processor] INFO  replication.OverReplicatedProcessor (OverReplicatedProcessor.java:processAll(90)) - Processed 0 over replicated containers, failed processing 0
]]></system-out>
  </testcase>
  <testcase name="testListStatusIteratorOnPageSize" classname="TestRootedOzoneFileSystemWithFSO" time="17.98">
    <system-out><![CDATA[2022-10-06 01:05:08,780 [Time-limited test] INFO  rpc.RpcClient (RpcClient.java:createVolume(471)) - Creating Volume: volume77197, with user68993 as owner and space quota set to -1 bytes, counts quota set to -1
2022-10-06 01:05:08,781 [IPC Server handler 6 on default port 44363] INFO  volume.OMVolumeCreateRequest (OMVolumeCreateRequest.java:validateAndUpdateCache(195)) - created volume:volume77197 for user:user68993
2022-10-06 01:05:08,782 [Time-limited test] INFO  rpc.RpcClient (RpcClient.java:createBucket(674)) - Creating Bucket: volume77197/bucket11138, with bucket layout FILE_SYSTEM_OPTIMIZED, runner as owner, Versioning false, Storage Type set to DISK and Encryption set to false 
2022-10-06 01:05:08,782 [IPC Server handler 4 on default port 44363] INFO  bucket.OMBucketCreateRequest (OMBucketCreateRequest.java:validateAndUpdateCache(260)) - created bucket: bucket11138 of layout FILE_SYSTEM_OPTIMIZED in volume: volume77197
2022-10-06 01:05:09,207 [b1188ba9-7404-4c69-a541-42ff8694cd3e@group-A12B94BABBCA-FollowerState] INFO  impl.FollowerState (FollowerState.java:run(143)) - b1188ba9-7404-4c69-a541-42ff8694cd3e@group-A12B94BABBCA-FollowerState: change to CANDIDATE, lastRpcElapsedTime:5132095257ns, electionTimeout:5127ms
2022-10-06 01:05:09,207 [b1188ba9-7404-4c69-a541-42ff8694cd3e@group-A12B94BABBCA-FollowerState] INFO  impl.RoleInfo (RoleInfo.java:shutdownFollowerState(110)) - b1188ba9-7404-4c69-a541-42ff8694cd3e: shutdown b1188ba9-7404-4c69-a541-42ff8694cd3e@group-A12B94BABBCA-FollowerState
2022-10-06 01:05:09,207 [b1188ba9-7404-4c69-a541-42ff8694cd3e@group-A12B94BABBCA-FollowerState] INFO  server.RaftServer$Division (RaftServerImpl.java:setRole(299)) - b1188ba9-7404-4c69-a541-42ff8694cd3e@group-A12B94BABBCA: changes role from  FOLLOWER to CANDIDATE at term 2 for changeToCandidate
2022-10-06 01:05:09,207 [b1188ba9-7404-4c69-a541-42ff8694cd3e@group-A12B94BABBCA-FollowerState] INFO  server.RaftServerConfigKeys (ConfUtils.java:logGet(46)) - raft.server.leaderelection.pre-vote = false (custom)
2022-10-06 01:05:09,207 [b1188ba9-7404-4c69-a541-42ff8694cd3e@group-A12B94BABBCA-FollowerState] INFO  impl.RoleInfo (RoleInfo.java:updateAndGet(139)) - b1188ba9-7404-4c69-a541-42ff8694cd3e: start b1188ba9-7404-4c69-a541-42ff8694cd3e@group-A12B94BABBCA-LeaderElection26
2022-10-06 01:05:09,239 [b1188ba9-7404-4c69-a541-42ff8694cd3e@group-A12B94BABBCA-LeaderElection26] INFO  impl.LeaderElection (LeaderElection.java:askForVotes(310)) - b1188ba9-7404-4c69-a541-42ff8694cd3e@group-A12B94BABBCA-LeaderElection26 ELECTION round 0: submit vote requests at term 3 for -1: [23a5c7c7-a279-444f-ae9a-ea80730ba37f|rpc:10.1.0.249:46507|priority:1, 92ca9abc-3f8f-4561-9917-cda982ad8ac5|rpc:10.1.0.249:43563|priority:0, b1188ba9-7404-4c69-a541-42ff8694cd3e|rpc:10.1.0.249:39649|priority:0], old=null
2022-10-06 01:05:09,283 [grpc-default-executor-3] INFO  server.RaftServer$Division (RaftServerImpl.java:requestVote(1152)) - 23a5c7c7-a279-444f-ae9a-ea80730ba37f@group-A12B94BABBCA: receive requestVote(ELECTION, b1188ba9-7404-4c69-a541-42ff8694cd3e, group-A12B94BABBCA, 3, (t:0, i:0))
2022-10-06 01:05:09,283 [grpc-default-executor-3] INFO  impl.VoteContext (VoteContext.java:log(48)) - 23a5c7c7-a279-444f-ae9a-ea80730ba37f@group-A12B94BABBCA-FOLLOWER: reject ELECTION from b1188ba9-7404-4c69-a541-42ff8694cd3e: our priority 1 > candidate's priority 0
2022-10-06 01:05:09,283 [grpc-default-executor-3] INFO  server.RaftServer$Division (RaftServerImpl.java:setRole(299)) - 23a5c7c7-a279-444f-ae9a-ea80730ba37f@group-A12B94BABBCA: changes role from  FOLLOWER to FOLLOWER at term 3 for candidate:b1188ba9-7404-4c69-a541-42ff8694cd3e
2022-10-06 01:05:09,283 [grpc-default-executor-3] INFO  impl.RoleInfo (RoleInfo.java:shutdownFollowerState(110)) - 23a5c7c7-a279-444f-ae9a-ea80730ba37f: shutdown 23a5c7c7-a279-444f-ae9a-ea80730ba37f@group-A12B94BABBCA-FollowerState
2022-10-06 01:05:09,283 [grpc-default-executor-3] INFO  impl.RoleInfo (RoleInfo.java:updateAndGet(139)) - 23a5c7c7-a279-444f-ae9a-ea80730ba37f: start 23a5c7c7-a279-444f-ae9a-ea80730ba37f@group-A12B94BABBCA-FollowerState
2022-10-06 01:05:09,283 [23a5c7c7-a279-444f-ae9a-ea80730ba37f@group-A12B94BABBCA-FollowerState] INFO  impl.FollowerState (FollowerState.java:run(152)) - 23a5c7c7-a279-444f-ae9a-ea80730ba37f@group-A12B94BABBCA-FollowerState was interrupted
2022-10-06 01:05:09,285 [grpc-default-executor-3] INFO  server.RaftServer$Division (RaftServerImpl.java:requestVote(1184)) - 23a5c7c7-a279-444f-ae9a-ea80730ba37f@group-A12B94BABBCA replies to ELECTION vote request: b1188ba9-7404-4c69-a541-42ff8694cd3e<-23a5c7c7-a279-444f-ae9a-ea80730ba37f#0:FAIL-t3. Peer's state: 23a5c7c7-a279-444f-ae9a-ea80730ba37f@group-A12B94BABBCA:t3, leader=null, voted=null, raftlog=23a5c7c7-a279-444f-ae9a-ea80730ba37f@group-A12B94BABBCA-SegmentedRaftLog:OPENED:c-1, conf=-1: [23a5c7c7-a279-444f-ae9a-ea80730ba37f|rpc:10.1.0.249:46507|dataStream:|priority:1, 92ca9abc-3f8f-4561-9917-cda982ad8ac5|rpc:10.1.0.249:43563|dataStream:|priority:0, b1188ba9-7404-4c69-a541-42ff8694cd3e|rpc:10.1.0.249:39649|dataStream:|priority:0], old=null
2022-10-06 01:05:09,285 [b1188ba9-7404-4c69-a541-42ff8694cd3e@group-A12B94BABBCA-LeaderElection26] INFO  impl.LeaderElection (LeaderElection.java:logAndReturn(90)) - b1188ba9-7404-4c69-a541-42ff8694cd3e@group-A12B94BABBCA-LeaderElection26: ELECTION REJECTED received 1 response(s) and 0 exception(s):
2022-10-06 01:05:09,285 [b1188ba9-7404-4c69-a541-42ff8694cd3e@group-A12B94BABBCA-LeaderElection26] INFO  impl.LeaderElection (LeaderElection.java:logAndReturn(94)) -   Response 0: b1188ba9-7404-4c69-a541-42ff8694cd3e<-23a5c7c7-a279-444f-ae9a-ea80730ba37f#0:FAIL-t3
2022-10-06 01:05:09,285 [b1188ba9-7404-4c69-a541-42ff8694cd3e@group-A12B94BABBCA-LeaderElection26] INFO  impl.LeaderElection (LeaderElection.java:askForVotes(312)) - b1188ba9-7404-4c69-a541-42ff8694cd3e@group-A12B94BABBCA-LeaderElection26 ELECTION round 0: result REJECTED
2022-10-06 01:05:09,285 [b1188ba9-7404-4c69-a541-42ff8694cd3e@group-A12B94BABBCA-LeaderElection26] INFO  server.RaftServer$Division (RaftServerImpl.java:setRole(299)) - b1188ba9-7404-4c69-a541-42ff8694cd3e@group-A12B94BABBCA: changes role from CANDIDATE to FOLLOWER at term 3 for REJECTED
2022-10-06 01:05:09,286 [b1188ba9-7404-4c69-a541-42ff8694cd3e@group-A12B94BABBCA-LeaderElection26] INFO  impl.RoleInfo (RoleInfo.java:shutdownLeaderElection(130)) - b1188ba9-7404-4c69-a541-42ff8694cd3e: shutdown b1188ba9-7404-4c69-a541-42ff8694cd3e@group-A12B94BABBCA-LeaderElection26
2022-10-06 01:05:09,286 [b1188ba9-7404-4c69-a541-42ff8694cd3e@group-A12B94BABBCA-LeaderElection26] INFO  impl.RoleInfo (RoleInfo.java:updateAndGet(139)) - b1188ba9-7404-4c69-a541-42ff8694cd3e: start b1188ba9-7404-4c69-a541-42ff8694cd3e@group-A12B94BABBCA-FollowerState
2022-10-06 01:05:09,292 [92ca9abc-3f8f-4561-9917-cda982ad8ac5@group-A12B94BABBCA-FollowerState] INFO  impl.FollowerState (FollowerState.java:run(143)) - 92ca9abc-3f8f-4561-9917-cda982ad8ac5@group-A12B94BABBCA-FollowerState: change to CANDIDATE, lastRpcElapsedTime:5131065216ns, electionTimeout:5119ms
2022-10-06 01:05:09,292 [92ca9abc-3f8f-4561-9917-cda982ad8ac5@group-A12B94BABBCA-FollowerState] INFO  impl.RoleInfo (RoleInfo.java:shutdownFollowerState(110)) - 92ca9abc-3f8f-4561-9917-cda982ad8ac5: shutdown 92ca9abc-3f8f-4561-9917-cda982ad8ac5@group-A12B94BABBCA-FollowerState
2022-10-06 01:05:09,292 [92ca9abc-3f8f-4561-9917-cda982ad8ac5@group-A12B94BABBCA-FollowerState] INFO  server.RaftServer$Division (RaftServerImpl.java:setRole(299)) - 92ca9abc-3f8f-4561-9917-cda982ad8ac5@group-A12B94BABBCA: changes role from  FOLLOWER to CANDIDATE at term 2 for changeToCandidate
2022-10-06 01:05:09,292 [92ca9abc-3f8f-4561-9917-cda982ad8ac5@group-A12B94BABBCA-FollowerState] INFO  server.RaftServerConfigKeys (ConfUtils.java:logGet(46)) - raft.server.leaderelection.pre-vote = false (custom)
2022-10-06 01:05:09,292 [92ca9abc-3f8f-4561-9917-cda982ad8ac5@group-A12B94BABBCA-FollowerState] INFO  impl.RoleInfo (RoleInfo.java:updateAndGet(139)) - 92ca9abc-3f8f-4561-9917-cda982ad8ac5: start 92ca9abc-3f8f-4561-9917-cda982ad8ac5@group-A12B94BABBCA-LeaderElection27
2022-10-06 01:05:09,306 [grpc-default-executor-1] INFO  server.RaftServer$Division (RaftServerImpl.java:requestVote(1152)) - 92ca9abc-3f8f-4561-9917-cda982ad8ac5@group-A12B94BABBCA: receive requestVote(ELECTION, b1188ba9-7404-4c69-a541-42ff8694cd3e, group-A12B94BABBCA, 3, (t:0, i:0))
2022-10-06 01:05:09,306 [grpc-default-executor-1] INFO  impl.VoteContext (VoteContext.java:log(48)) - 92ca9abc-3f8f-4561-9917-cda982ad8ac5@group-A12B94BABBCA-CANDIDATE: accept ELECTION from b1188ba9-7404-4c69-a541-42ff8694cd3e: our priority 0 <= candidate's priority 0
2022-10-06 01:05:09,306 [grpc-default-executor-1] INFO  server.RaftServer$Division (RaftServerImpl.java:setRole(299)) - 92ca9abc-3f8f-4561-9917-cda982ad8ac5@group-A12B94BABBCA: changes role from CANDIDATE to FOLLOWER at term 3 for candidate:b1188ba9-7404-4c69-a541-42ff8694cd3e
2022-10-06 01:05:09,306 [grpc-default-executor-1] INFO  impl.RoleInfo (RoleInfo.java:shutdownLeaderElection(130)) - 92ca9abc-3f8f-4561-9917-cda982ad8ac5: shutdown 92ca9abc-3f8f-4561-9917-cda982ad8ac5@group-A12B94BABBCA-LeaderElection27
2022-10-06 01:05:09,306 [grpc-default-executor-1] INFO  impl.RoleInfo (RoleInfo.java:updateAndGet(139)) - 92ca9abc-3f8f-4561-9917-cda982ad8ac5: start 92ca9abc-3f8f-4561-9917-cda982ad8ac5@group-A12B94BABBCA-FollowerState
2022-10-06 01:05:09,308 [grpc-default-executor-1] INFO  server.RaftServer$Division (RaftServerImpl.java:requestVote(1184)) - 92ca9abc-3f8f-4561-9917-cda982ad8ac5@group-A12B94BABBCA replies to ELECTION vote request: b1188ba9-7404-4c69-a541-42ff8694cd3e<-92ca9abc-3f8f-4561-9917-cda982ad8ac5#0:OK-t3. Peer's state: 92ca9abc-3f8f-4561-9917-cda982ad8ac5@group-A12B94BABBCA:t3, leader=null, voted=b1188ba9-7404-4c69-a541-42ff8694cd3e, raftlog=92ca9abc-3f8f-4561-9917-cda982ad8ac5@group-A12B94BABBCA-SegmentedRaftLog:OPENED:c-1, conf=-1: [23a5c7c7-a279-444f-ae9a-ea80730ba37f|rpc:10.1.0.249:46507|dataStream:|priority:1, 92ca9abc-3f8f-4561-9917-cda982ad8ac5|rpc:10.1.0.249:43563|dataStream:|priority:0, b1188ba9-7404-4c69-a541-42ff8694cd3e|rpc:10.1.0.249:39649|dataStream:|priority:0], old=null
2022-10-06 01:05:09,311 [92ca9abc-3f8f-4561-9917-cda982ad8ac5@group-A12B94BABBCA-LeaderElection27] INFO  impl.LeaderElection (LeaderElection.java:run(231)) - 92ca9abc-3f8f-4561-9917-cda982ad8ac5@group-A12B94BABBCA-LeaderElection27: skip running since this is already CLOSING
2022-10-06 01:05:13,164 [Under Replicated Processor] INFO  replication.UnderReplicatedProcessor (UnderReplicatedProcessor.java:processAll(92)) - Processed 0 under replicated containers, failed processing 0
2022-10-06 01:05:13,185 [Over Replicated Processor] INFO  replication.OverReplicatedProcessor (OverReplicatedProcessor.java:processAll(90)) - Processed 0 over replicated containers, failed processing 0
2022-10-06 01:05:14,355 [92ca9abc-3f8f-4561-9917-cda982ad8ac5@group-A12B94BABBCA-FollowerState] INFO  impl.FollowerState (FollowerState.java:run(143)) - 92ca9abc-3f8f-4561-9917-cda982ad8ac5@group-A12B94BABBCA-FollowerState: change to CANDIDATE, lastRpcElapsedTime:5047146519ns, electionTimeout:5007ms
2022-10-06 01:05:14,355 [92ca9abc-3f8f-4561-9917-cda982ad8ac5@group-A12B94BABBCA-FollowerState] INFO  impl.RoleInfo (RoleInfo.java:shutdownFollowerState(110)) - 92ca9abc-3f8f-4561-9917-cda982ad8ac5: shutdown 92ca9abc-3f8f-4561-9917-cda982ad8ac5@group-A12B94BABBCA-FollowerState
2022-10-06 01:05:14,355 [92ca9abc-3f8f-4561-9917-cda982ad8ac5@group-A12B94BABBCA-FollowerState] INFO  server.RaftServer$Division (RaftServerImpl.java:setRole(299)) - 92ca9abc-3f8f-4561-9917-cda982ad8ac5@group-A12B94BABBCA: changes role from  FOLLOWER to CANDIDATE at term 3 for changeToCandidate
2022-10-06 01:05:14,355 [92ca9abc-3f8f-4561-9917-cda982ad8ac5@group-A12B94BABBCA-FollowerState] INFO  server.RaftServerConfigKeys (ConfUtils.java:logGet(46)) - raft.server.leaderelection.pre-vote = false (custom)
2022-10-06 01:05:14,355 [92ca9abc-3f8f-4561-9917-cda982ad8ac5@group-A12B94BABBCA-FollowerState] INFO  impl.RoleInfo (RoleInfo.java:updateAndGet(139)) - 92ca9abc-3f8f-4561-9917-cda982ad8ac5: start 92ca9abc-3f8f-4561-9917-cda982ad8ac5@group-A12B94BABBCA-LeaderElection28
2022-10-06 01:05:14,374 [92ca9abc-3f8f-4561-9917-cda982ad8ac5@group-A12B94BABBCA-LeaderElection28] INFO  impl.LeaderElection (LeaderElection.java:askForVotes(310)) - 92ca9abc-3f8f-4561-9917-cda982ad8ac5@group-A12B94BABBCA-LeaderElection28 ELECTION round 0: submit vote requests at term 4 for -1: [23a5c7c7-a279-444f-ae9a-ea80730ba37f|rpc:10.1.0.249:46507|dataStream:|priority:1, 92ca9abc-3f8f-4561-9917-cda982ad8ac5|rpc:10.1.0.249:43563|dataStream:|priority:0, b1188ba9-7404-4c69-a541-42ff8694cd3e|rpc:10.1.0.249:39649|dataStream:|priority:0], old=null
2022-10-06 01:05:14,432 [b1188ba9-7404-4c69-a541-42ff8694cd3e@group-A12B94BABBCA-FollowerState] INFO  impl.FollowerState (FollowerState.java:run(143)) - b1188ba9-7404-4c69-a541-42ff8694cd3e@group-A12B94BABBCA-FollowerState: change to CANDIDATE, lastRpcElapsedTime:5146790294ns, electionTimeout:5146ms
2022-10-06 01:05:14,432 [b1188ba9-7404-4c69-a541-42ff8694cd3e@group-A12B94BABBCA-FollowerState] INFO  impl.RoleInfo (RoleInfo.java:shutdownFollowerState(110)) - b1188ba9-7404-4c69-a541-42ff8694cd3e: shutdown b1188ba9-7404-4c69-a541-42ff8694cd3e@group-A12B94BABBCA-FollowerState
2022-10-06 01:05:14,433 [b1188ba9-7404-4c69-a541-42ff8694cd3e@group-A12B94BABBCA-FollowerState] INFO  server.RaftServer$Division (RaftServerImpl.java:setRole(299)) - b1188ba9-7404-4c69-a541-42ff8694cd3e@group-A12B94BABBCA: changes role from  FOLLOWER to CANDIDATE at term 3 for changeToCandidate
2022-10-06 01:05:14,433 [b1188ba9-7404-4c69-a541-42ff8694cd3e@group-A12B94BABBCA-FollowerState] INFO  server.RaftServerConfigKeys (ConfUtils.java:logGet(46)) - raft.server.leaderelection.pre-vote = false (custom)
2022-10-06 01:05:14,433 [b1188ba9-7404-4c69-a541-42ff8694cd3e@group-A12B94BABBCA-FollowerState] INFO  impl.RoleInfo (RoleInfo.java:updateAndGet(139)) - b1188ba9-7404-4c69-a541-42ff8694cd3e: start b1188ba9-7404-4c69-a541-42ff8694cd3e@group-A12B94BABBCA-LeaderElection29
2022-10-06 01:05:14,433 [23a5c7c7-a279-444f-ae9a-ea80730ba37f@group-A12B94BABBCA-FollowerState] INFO  impl.FollowerState (FollowerState.java:run(143)) - 23a5c7c7-a279-444f-ae9a-ea80730ba37f@group-A12B94BABBCA-FollowerState: change to CANDIDATE, lastRpcElapsedTime:5149675249ns, electionTimeout:5143ms
2022-10-06 01:05:14,433 [23a5c7c7-a279-444f-ae9a-ea80730ba37f@group-A12B94BABBCA-FollowerState] INFO  impl.RoleInfo (RoleInfo.java:shutdownFollowerState(110)) - 23a5c7c7-a279-444f-ae9a-ea80730ba37f: shutdown 23a5c7c7-a279-444f-ae9a-ea80730ba37f@group-A12B94BABBCA-FollowerState
2022-10-06 01:05:14,433 [23a5c7c7-a279-444f-ae9a-ea80730ba37f@group-A12B94BABBCA-FollowerState] INFO  server.RaftServer$Division (RaftServerImpl.java:setRole(299)) - 23a5c7c7-a279-444f-ae9a-ea80730ba37f@group-A12B94BABBCA: changes role from  FOLLOWER to CANDIDATE at term 3 for changeToCandidate
2022-10-06 01:05:14,433 [grpc-default-executor-3] INFO  server.RaftServer$Division (RaftServerImpl.java:requestVote(1152)) - 23a5c7c7-a279-444f-ae9a-ea80730ba37f@group-A12B94BABBCA: receive requestVote(ELECTION, 92ca9abc-3f8f-4561-9917-cda982ad8ac5, group-A12B94BABBCA, 4, (t:0, i:0))
2022-10-06 01:05:14,454 [23a5c7c7-a279-444f-ae9a-ea80730ba37f@group-A12B94BABBCA-FollowerState] INFO  server.RaftServerConfigKeys (ConfUtils.java:logGet(46)) - raft.server.leaderelection.pre-vote = false (custom)
2022-10-06 01:05:14,454 [23a5c7c7-a279-444f-ae9a-ea80730ba37f@group-A12B94BABBCA-FollowerState] INFO  impl.RoleInfo (RoleInfo.java:updateAndGet(139)) - 23a5c7c7-a279-444f-ae9a-ea80730ba37f: start 23a5c7c7-a279-444f-ae9a-ea80730ba37f@group-A12B94BABBCA-LeaderElection30
2022-10-06 01:05:14,455 [b1188ba9-7404-4c69-a541-42ff8694cd3e@group-A12B94BABBCA-LeaderElection29] INFO  impl.LeaderElection (LeaderElection.java:askForVotes(310)) - b1188ba9-7404-4c69-a541-42ff8694cd3e@group-A12B94BABBCA-LeaderElection29 ELECTION round 0: submit vote requests at term 4 for -1: [23a5c7c7-a279-444f-ae9a-ea80730ba37f|rpc:10.1.0.249:46507|priority:1, 92ca9abc-3f8f-4561-9917-cda982ad8ac5|rpc:10.1.0.249:43563|priority:0, b1188ba9-7404-4c69-a541-42ff8694cd3e|rpc:10.1.0.249:39649|priority:0], old=null
2022-10-06 01:05:14,462 [grpc-default-executor-3] INFO  impl.VoteContext (VoteContext.java:log(48)) - 23a5c7c7-a279-444f-ae9a-ea80730ba37f@group-A12B94BABBCA-CANDIDATE: reject ELECTION from 92ca9abc-3f8f-4561-9917-cda982ad8ac5: our priority 1 > candidate's priority 0
2022-10-06 01:05:14,462 [grpc-default-executor-3] INFO  server.RaftServer$Division (RaftServerImpl.java:setRole(299)) - 23a5c7c7-a279-444f-ae9a-ea80730ba37f@group-A12B94BABBCA: changes role from CANDIDATE to FOLLOWER at term 4 for candidate:92ca9abc-3f8f-4561-9917-cda982ad8ac5
2022-10-06 01:05:14,462 [grpc-default-executor-3] INFO  impl.RoleInfo (RoleInfo.java:shutdownLeaderElection(130)) - 23a5c7c7-a279-444f-ae9a-ea80730ba37f: shutdown 23a5c7c7-a279-444f-ae9a-ea80730ba37f@group-A12B94BABBCA-LeaderElection30
2022-10-06 01:05:14,487 [23a5c7c7-a279-444f-ae9a-ea80730ba37f@group-A12B94BABBCA-LeaderElection30] INFO  impl.LeaderElection (LeaderElection.java:run(231)) - 23a5c7c7-a279-444f-ae9a-ea80730ba37f@group-A12B94BABBCA-LeaderElection30: skip running since this is already CLOSING
2022-10-06 01:05:14,494 [grpc-default-executor-3] INFO  impl.RoleInfo (RoleInfo.java:updateAndGet(139)) - 23a5c7c7-a279-444f-ae9a-ea80730ba37f: start 23a5c7c7-a279-444f-ae9a-ea80730ba37f@group-A12B94BABBCA-FollowerState
2022-10-06 01:05:14,495 [grpc-default-executor-1] INFO  server.RaftServer$Division (RaftServerImpl.java:requestVote(1152)) - b1188ba9-7404-4c69-a541-42ff8694cd3e@group-A12B94BABBCA: receive requestVote(ELECTION, 92ca9abc-3f8f-4561-9917-cda982ad8ac5, group-A12B94BABBCA, 4, (t:0, i:0))
2022-10-06 01:05:14,495 [grpc-default-executor-1] INFO  impl.VoteContext (VoteContext.java:log(48)) - b1188ba9-7404-4c69-a541-42ff8694cd3e@group-A12B94BABBCA-CANDIDATE: reject ELECTION from 92ca9abc-3f8f-4561-9917-cda982ad8ac5: already has voted for b1188ba9-7404-4c69-a541-42ff8694cd3e at current term 4
2022-10-06 01:05:14,495 [grpc-default-executor-1] INFO  server.RaftServer$Division (RaftServerImpl.java:requestVote(1184)) - b1188ba9-7404-4c69-a541-42ff8694cd3e@group-A12B94BABBCA replies to ELECTION vote request: 92ca9abc-3f8f-4561-9917-cda982ad8ac5<-b1188ba9-7404-4c69-a541-42ff8694cd3e#0:FAIL-t4. Peer's state: b1188ba9-7404-4c69-a541-42ff8694cd3e@group-A12B94BABBCA:t4, leader=null, voted=b1188ba9-7404-4c69-a541-42ff8694cd3e, raftlog=b1188ba9-7404-4c69-a541-42ff8694cd3e@group-A12B94BABBCA-SegmentedRaftLog:OPENED:c-1, conf=-1: [23a5c7c7-a279-444f-ae9a-ea80730ba37f|rpc:10.1.0.249:46507|priority:1, 92ca9abc-3f8f-4561-9917-cda982ad8ac5|rpc:10.1.0.249:43563|priority:0, b1188ba9-7404-4c69-a541-42ff8694cd3e|rpc:10.1.0.249:39649|priority:0], old=null
2022-10-06 01:05:14,502 [grpc-default-executor-3] INFO  server.RaftServer$Division (RaftServerImpl.java:requestVote(1184)) - 23a5c7c7-a279-444f-ae9a-ea80730ba37f@group-A12B94BABBCA replies to ELECTION vote request: 92ca9abc-3f8f-4561-9917-cda982ad8ac5<-23a5c7c7-a279-444f-ae9a-ea80730ba37f#0:FAIL-t4. Peer's state: 23a5c7c7-a279-444f-ae9a-ea80730ba37f@group-A12B94BABBCA:t4, leader=null, voted=null, raftlog=23a5c7c7-a279-444f-ae9a-ea80730ba37f@group-A12B94BABBCA-SegmentedRaftLog:OPENED:c-1, conf=-1: [23a5c7c7-a279-444f-ae9a-ea80730ba37f|rpc:10.1.0.249:46507|dataStream:|priority:1, 92ca9abc-3f8f-4561-9917-cda982ad8ac5|rpc:10.1.0.249:43563|dataStream:|priority:0, b1188ba9-7404-4c69-a541-42ff8694cd3e|rpc:10.1.0.249:39649|dataStream:|priority:0], old=null
2022-10-06 01:05:14,503 [92ca9abc-3f8f-4561-9917-cda982ad8ac5@group-A12B94BABBCA-LeaderElection28] INFO  impl.LeaderElection (LeaderElection.java:logAndReturn(90)) - 92ca9abc-3f8f-4561-9917-cda982ad8ac5@group-A12B94BABBCA-LeaderElection28: ELECTION REJECTED received 1 response(s) and 0 exception(s):
2022-10-06 01:05:14,503 [92ca9abc-3f8f-4561-9917-cda982ad8ac5@group-A12B94BABBCA-LeaderElection28] INFO  impl.LeaderElection (LeaderElection.java:logAndReturn(94)) -   Response 0: 92ca9abc-3f8f-4561-9917-cda982ad8ac5<-23a5c7c7-a279-444f-ae9a-ea80730ba37f#0:FAIL-t4
2022-10-06 01:05:14,503 [92ca9abc-3f8f-4561-9917-cda982ad8ac5@group-A12B94BABBCA-LeaderElection28] INFO  impl.LeaderElection (LeaderElection.java:askForVotes(312)) - 92ca9abc-3f8f-4561-9917-cda982ad8ac5@group-A12B94BABBCA-LeaderElection28 ELECTION round 0: result REJECTED
2022-10-06 01:05:14,503 [92ca9abc-3f8f-4561-9917-cda982ad8ac5@group-A12B94BABBCA-LeaderElection28] INFO  server.RaftServer$Division (RaftServerImpl.java:setRole(299)) - 92ca9abc-3f8f-4561-9917-cda982ad8ac5@group-A12B94BABBCA: changes role from CANDIDATE to FOLLOWER at term 4 for REJECTED
2022-10-06 01:05:14,503 [92ca9abc-3f8f-4561-9917-cda982ad8ac5@group-A12B94BABBCA-LeaderElection28] INFO  impl.RoleInfo (RoleInfo.java:shutdownLeaderElection(130)) - 92ca9abc-3f8f-4561-9917-cda982ad8ac5: shutdown 92ca9abc-3f8f-4561-9917-cda982ad8ac5@group-A12B94BABBCA-LeaderElection28
2022-10-06 01:05:14,504 [92ca9abc-3f8f-4561-9917-cda982ad8ac5@group-A12B94BABBCA-LeaderElection28] INFO  impl.RoleInfo (RoleInfo.java:updateAndGet(139)) - 92ca9abc-3f8f-4561-9917-cda982ad8ac5: start 92ca9abc-3f8f-4561-9917-cda982ad8ac5@group-A12B94BABBCA-FollowerState
2022-10-06 01:05:14,550 [grpc-default-executor-1] INFO  server.RaftServer$Division (RaftServerImpl.java:requestVote(1152)) - 92ca9abc-3f8f-4561-9917-cda982ad8ac5@group-A12B94BABBCA: receive requestVote(ELECTION, b1188ba9-7404-4c69-a541-42ff8694cd3e, group-A12B94BABBCA, 4, (t:0, i:0))
2022-10-06 01:05:14,550 [grpc-default-executor-1] INFO  impl.VoteContext (VoteContext.java:log(48)) - 92ca9abc-3f8f-4561-9917-cda982ad8ac5@group-A12B94BABBCA-FOLLOWER: reject ELECTION from b1188ba9-7404-4c69-a541-42ff8694cd3e: already has voted for 92ca9abc-3f8f-4561-9917-cda982ad8ac5 at current term 4
2022-10-06 01:05:14,551 [grpc-default-executor-1] INFO  server.RaftServer$Division (RaftServerImpl.java:requestVote(1184)) - 92ca9abc-3f8f-4561-9917-cda982ad8ac5@group-A12B94BABBCA replies to ELECTION vote request: b1188ba9-7404-4c69-a541-42ff8694cd3e<-92ca9abc-3f8f-4561-9917-cda982ad8ac5#0:FAIL-t4. Peer's state: 92ca9abc-3f8f-4561-9917-cda982ad8ac5@group-A12B94BABBCA:t4, leader=null, voted=92ca9abc-3f8f-4561-9917-cda982ad8ac5, raftlog=92ca9abc-3f8f-4561-9917-cda982ad8ac5@group-A12B94BABBCA-SegmentedRaftLog:OPENED:c-1, conf=-1: [23a5c7c7-a279-444f-ae9a-ea80730ba37f|rpc:10.1.0.249:46507|dataStream:|priority:1, 92ca9abc-3f8f-4561-9917-cda982ad8ac5|rpc:10.1.0.249:43563|dataStream:|priority:0, b1188ba9-7404-4c69-a541-42ff8694cd3e|rpc:10.1.0.249:39649|dataStream:|priority:0], old=null
2022-10-06 01:05:14,567 [grpc-default-executor-3] INFO  server.RaftServer$Division (RaftServerImpl.java:requestVote(1152)) - 23a5c7c7-a279-444f-ae9a-ea80730ba37f@group-A12B94BABBCA: receive requestVote(ELECTION, b1188ba9-7404-4c69-a541-42ff8694cd3e, group-A12B94BABBCA, 4, (t:0, i:0))
2022-10-06 01:05:14,567 [grpc-default-executor-3] INFO  impl.VoteContext (VoteContext.java:log(48)) - 23a5c7c7-a279-444f-ae9a-ea80730ba37f@group-A12B94BABBCA-FOLLOWER: reject ELECTION from b1188ba9-7404-4c69-a541-42ff8694cd3e: our priority 1 > candidate's priority 0
2022-10-06 01:05:14,567 [grpc-default-executor-3] INFO  server.RaftServer$Division (RaftServerImpl.java:setRole(299)) - 23a5c7c7-a279-444f-ae9a-ea80730ba37f@group-A12B94BABBCA: changes role from  FOLLOWER to FOLLOWER at term 4 for candidate:b1188ba9-7404-4c69-a541-42ff8694cd3e
2022-10-06 01:05:14,567 [grpc-default-executor-3] INFO  impl.RoleInfo (RoleInfo.java:shutdownFollowerState(110)) - 23a5c7c7-a279-444f-ae9a-ea80730ba37f: shutdown 23a5c7c7-a279-444f-ae9a-ea80730ba37f@group-A12B94BABBCA-FollowerState
2022-10-06 01:05:14,567 [grpc-default-executor-3] INFO  impl.RoleInfo (RoleInfo.java:updateAndGet(139)) - 23a5c7c7-a279-444f-ae9a-ea80730ba37f: start 23a5c7c7-a279-444f-ae9a-ea80730ba37f@group-A12B94BABBCA-FollowerState
2022-10-06 01:05:14,570 [23a5c7c7-a279-444f-ae9a-ea80730ba37f@group-A12B94BABBCA-FollowerState] INFO  impl.FollowerState (FollowerState.java:run(152)) - 23a5c7c7-a279-444f-ae9a-ea80730ba37f@group-A12B94BABBCA-FollowerState was interrupted
2022-10-06 01:05:14,594 [grpc-default-executor-3] INFO  server.RaftServer$Division (RaftServerImpl.java:requestVote(1184)) - 23a5c7c7-a279-444f-ae9a-ea80730ba37f@group-A12B94BABBCA replies to ELECTION vote request: b1188ba9-7404-4c69-a541-42ff8694cd3e<-23a5c7c7-a279-444f-ae9a-ea80730ba37f#0:FAIL-t4. Peer's state: 23a5c7c7-a279-444f-ae9a-ea80730ba37f@group-A12B94BABBCA:t4, leader=null, voted=null, raftlog=23a5c7c7-a279-444f-ae9a-ea80730ba37f@group-A12B94BABBCA-SegmentedRaftLog:OPENED:c-1, conf=-1: [23a5c7c7-a279-444f-ae9a-ea80730ba37f|rpc:10.1.0.249:46507|dataStream:|priority:1, 92ca9abc-3f8f-4561-9917-cda982ad8ac5|rpc:10.1.0.249:43563|dataStream:|priority:0, b1188ba9-7404-4c69-a541-42ff8694cd3e|rpc:10.1.0.249:39649|dataStream:|priority:0], old=null
2022-10-06 01:05:14,610 [b1188ba9-7404-4c69-a541-42ff8694cd3e@group-A12B94BABBCA-LeaderElection29] INFO  impl.LeaderElection (LeaderElection.java:logAndReturn(90)) - b1188ba9-7404-4c69-a541-42ff8694cd3e@group-A12B94BABBCA-LeaderElection29: ELECTION REJECTED received 2 response(s) and 0 exception(s):
2022-10-06 01:05:14,610 [b1188ba9-7404-4c69-a541-42ff8694cd3e@group-A12B94BABBCA-LeaderElection29] INFO  impl.LeaderElection (LeaderElection.java:logAndReturn(94)) -   Response 0: b1188ba9-7404-4c69-a541-42ff8694cd3e<-23a5c7c7-a279-444f-ae9a-ea80730ba37f#0:FAIL-t4
2022-10-06 01:05:14,611 [b1188ba9-7404-4c69-a541-42ff8694cd3e@group-A12B94BABBCA-LeaderElection29] INFO  impl.LeaderElection (LeaderElection.java:logAndReturn(94)) -   Response 1: b1188ba9-7404-4c69-a541-42ff8694cd3e<-92ca9abc-3f8f-4561-9917-cda982ad8ac5#0:FAIL-t4
2022-10-06 01:05:14,611 [b1188ba9-7404-4c69-a541-42ff8694cd3e@group-A12B94BABBCA-LeaderElection29] INFO  impl.LeaderElection (LeaderElection.java:askForVotes(312)) - b1188ba9-7404-4c69-a541-42ff8694cd3e@group-A12B94BABBCA-LeaderElection29 ELECTION round 0: result REJECTED
2022-10-06 01:05:14,611 [b1188ba9-7404-4c69-a541-42ff8694cd3e@group-A12B94BABBCA-LeaderElection29] INFO  server.RaftServer$Division (RaftServerImpl.java:setRole(299)) - b1188ba9-7404-4c69-a541-42ff8694cd3e@group-A12B94BABBCA: changes role from CANDIDATE to FOLLOWER at term 4 for REJECTED
2022-10-06 01:05:14,611 [b1188ba9-7404-4c69-a541-42ff8694cd3e@group-A12B94BABBCA-LeaderElection29] INFO  impl.RoleInfo (RoleInfo.java:shutdownLeaderElection(130)) - b1188ba9-7404-4c69-a541-42ff8694cd3e: shutdown b1188ba9-7404-4c69-a541-42ff8694cd3e@group-A12B94BABBCA-LeaderElection29
2022-10-06 01:05:14,611 [b1188ba9-7404-4c69-a541-42ff8694cd3e@group-A12B94BABBCA-LeaderElection29] INFO  impl.RoleInfo (RoleInfo.java:updateAndGet(139)) - b1188ba9-7404-4c69-a541-42ff8694cd3e: start b1188ba9-7404-4c69-a541-42ff8694cd3e@group-A12B94BABBCA-FollowerState
2022-10-06 01:05:19,613 [92ca9abc-3f8f-4561-9917-cda982ad8ac5@group-A12B94BABBCA-FollowerState] INFO  impl.FollowerState (FollowerState.java:run(143)) - 92ca9abc-3f8f-4561-9917-cda982ad8ac5@group-A12B94BABBCA-FollowerState: change to CANDIDATE, lastRpcElapsedTime:5109166961ns, electionTimeout:5087ms
2022-10-06 01:05:19,613 [92ca9abc-3f8f-4561-9917-cda982ad8ac5@group-A12B94BABBCA-FollowerState] INFO  impl.RoleInfo (RoleInfo.java:shutdownFollowerState(110)) - 92ca9abc-3f8f-4561-9917-cda982ad8ac5: shutdown 92ca9abc-3f8f-4561-9917-cda982ad8ac5@group-A12B94BABBCA-FollowerState
2022-10-06 01:05:19,613 [92ca9abc-3f8f-4561-9917-cda982ad8ac5@group-A12B94BABBCA-FollowerState] INFO  server.RaftServer$Division (RaftServerImpl.java:setRole(299)) - 92ca9abc-3f8f-4561-9917-cda982ad8ac5@group-A12B94BABBCA: changes role from  FOLLOWER to CANDIDATE at term 4 for changeToCandidate
2022-10-06 01:05:19,613 [92ca9abc-3f8f-4561-9917-cda982ad8ac5@group-A12B94BABBCA-FollowerState] INFO  server.RaftServerConfigKeys (ConfUtils.java:logGet(46)) - raft.server.leaderelection.pre-vote = false (custom)
2022-10-06 01:05:19,613 [92ca9abc-3f8f-4561-9917-cda982ad8ac5@group-A12B94BABBCA-FollowerState] INFO  impl.RoleInfo (RoleInfo.java:updateAndGet(139)) - 92ca9abc-3f8f-4561-9917-cda982ad8ac5: start 92ca9abc-3f8f-4561-9917-cda982ad8ac5@group-A12B94BABBCA-LeaderElection31
2022-10-06 01:05:19,641 [92ca9abc-3f8f-4561-9917-cda982ad8ac5@group-A12B94BABBCA-LeaderElection31] INFO  impl.LeaderElection (LeaderElection.java:askForVotes(310)) - 92ca9abc-3f8f-4561-9917-cda982ad8ac5@group-A12B94BABBCA-LeaderElection31 ELECTION round 0: submit vote requests at term 5 for -1: [23a5c7c7-a279-444f-ae9a-ea80730ba37f|rpc:10.1.0.249:46507|dataStream:|priority:1, 92ca9abc-3f8f-4561-9917-cda982ad8ac5|rpc:10.1.0.249:43563|dataStream:|priority:0, b1188ba9-7404-4c69-a541-42ff8694cd3e|rpc:10.1.0.249:39649|dataStream:|priority:0], old=null
2022-10-06 01:05:19,708 [grpc-default-executor-3] INFO  server.RaftServer$Division (RaftServerImpl.java:requestVote(1152)) - 23a5c7c7-a279-444f-ae9a-ea80730ba37f@group-A12B94BABBCA: receive requestVote(ELECTION, 92ca9abc-3f8f-4561-9917-cda982ad8ac5, group-A12B94BABBCA, 5, (t:0, i:0))
2022-10-06 01:05:19,708 [grpc-default-executor-3] INFO  impl.VoteContext (VoteContext.java:log(48)) - 23a5c7c7-a279-444f-ae9a-ea80730ba37f@group-A12B94BABBCA-FOLLOWER: reject ELECTION from 92ca9abc-3f8f-4561-9917-cda982ad8ac5: our priority 1 > candidate's priority 0
2022-10-06 01:05:19,708 [grpc-default-executor-3] INFO  server.RaftServer$Division (RaftServerImpl.java:setRole(299)) - 23a5c7c7-a279-444f-ae9a-ea80730ba37f@group-A12B94BABBCA: changes role from  FOLLOWER to FOLLOWER at term 5 for candidate:92ca9abc-3f8f-4561-9917-cda982ad8ac5
2022-10-06 01:05:19,708 [grpc-default-executor-3] INFO  impl.RoleInfo (RoleInfo.java:shutdownFollowerState(110)) - 23a5c7c7-a279-444f-ae9a-ea80730ba37f: shutdown 23a5c7c7-a279-444f-ae9a-ea80730ba37f@group-A12B94BABBCA-FollowerState
2022-10-06 01:05:19,708 [grpc-default-executor-3] INFO  impl.RoleInfo (RoleInfo.java:updateAndGet(139)) - 23a5c7c7-a279-444f-ae9a-ea80730ba37f: start 23a5c7c7-a279-444f-ae9a-ea80730ba37f@group-A12B94BABBCA-FollowerState
2022-10-06 01:05:19,708 [23a5c7c7-a279-444f-ae9a-ea80730ba37f@group-A12B94BABBCA-FollowerState] INFO  impl.FollowerState (FollowerState.java:run(152)) - 23a5c7c7-a279-444f-ae9a-ea80730ba37f@group-A12B94BABBCA-FollowerState was interrupted
2022-10-06 01:05:19,718 [grpc-default-executor-3] INFO  server.RaftServer$Division (RaftServerImpl.java:requestVote(1184)) - 23a5c7c7-a279-444f-ae9a-ea80730ba37f@group-A12B94BABBCA replies to ELECTION vote request: 92ca9abc-3f8f-4561-9917-cda982ad8ac5<-23a5c7c7-a279-444f-ae9a-ea80730ba37f#0:FAIL-t5. Peer's state: 23a5c7c7-a279-444f-ae9a-ea80730ba37f@group-A12B94BABBCA:t5, leader=null, voted=null, raftlog=23a5c7c7-a279-444f-ae9a-ea80730ba37f@group-A12B94BABBCA-SegmentedRaftLog:OPENED:c-1, conf=-1: [23a5c7c7-a279-444f-ae9a-ea80730ba37f|rpc:10.1.0.249:46507|dataStream:|priority:1, 92ca9abc-3f8f-4561-9917-cda982ad8ac5|rpc:10.1.0.249:43563|dataStream:|priority:0, b1188ba9-7404-4c69-a541-42ff8694cd3e|rpc:10.1.0.249:39649|dataStream:|priority:0], old=null
2022-10-06 01:05:19,719 [92ca9abc-3f8f-4561-9917-cda982ad8ac5@group-A12B94BABBCA-LeaderElection31] INFO  impl.LeaderElection (LeaderElection.java:logAndReturn(90)) - 92ca9abc-3f8f-4561-9917-cda982ad8ac5@group-A12B94BABBCA-LeaderElection31: ELECTION REJECTED received 1 response(s) and 0 exception(s):
2022-10-06 01:05:19,719 [92ca9abc-3f8f-4561-9917-cda982ad8ac5@group-A12B94BABBCA-LeaderElection31] INFO  impl.LeaderElection (LeaderElection.java:logAndReturn(94)) -   Response 0: 92ca9abc-3f8f-4561-9917-cda982ad8ac5<-23a5c7c7-a279-444f-ae9a-ea80730ba37f#0:FAIL-t5
2022-10-06 01:05:19,719 [92ca9abc-3f8f-4561-9917-cda982ad8ac5@group-A12B94BABBCA-LeaderElection31] INFO  impl.LeaderElection (LeaderElection.java:askForVotes(312)) - 92ca9abc-3f8f-4561-9917-cda982ad8ac5@group-A12B94BABBCA-LeaderElection31 ELECTION round 0: result REJECTED
2022-10-06 01:05:19,719 [92ca9abc-3f8f-4561-9917-cda982ad8ac5@group-A12B94BABBCA-LeaderElection31] INFO  server.RaftServer$Division (RaftServerImpl.java:setRole(299)) - 92ca9abc-3f8f-4561-9917-cda982ad8ac5@group-A12B94BABBCA: changes role from CANDIDATE to FOLLOWER at term 5 for REJECTED
2022-10-06 01:05:19,719 [92ca9abc-3f8f-4561-9917-cda982ad8ac5@group-A12B94BABBCA-LeaderElection31] INFO  impl.RoleInfo (RoleInfo.java:shutdownLeaderElection(130)) - 92ca9abc-3f8f-4561-9917-cda982ad8ac5: shutdown 92ca9abc-3f8f-4561-9917-cda982ad8ac5@group-A12B94BABBCA-LeaderElection31
2022-10-06 01:05:19,719 [92ca9abc-3f8f-4561-9917-cda982ad8ac5@group-A12B94BABBCA-LeaderElection31] INFO  impl.RoleInfo (RoleInfo.java:updateAndGet(139)) - 92ca9abc-3f8f-4561-9917-cda982ad8ac5: start 92ca9abc-3f8f-4561-9917-cda982ad8ac5@group-A12B94BABBCA-FollowerState
2022-10-06 01:05:19,746 [grpc-default-executor-1] INFO  server.RaftServer$Division (RaftServerImpl.java:requestVote(1152)) - b1188ba9-7404-4c69-a541-42ff8694cd3e@group-A12B94BABBCA: receive requestVote(ELECTION, 92ca9abc-3f8f-4561-9917-cda982ad8ac5, group-A12B94BABBCA, 5, (t:0, i:0))
2022-10-06 01:05:19,746 [grpc-default-executor-1] INFO  impl.VoteContext (VoteContext.java:log(48)) - b1188ba9-7404-4c69-a541-42ff8694cd3e@group-A12B94BABBCA-FOLLOWER: accept ELECTION from 92ca9abc-3f8f-4561-9917-cda982ad8ac5: our priority 0 <= candidate's priority 0
2022-10-06 01:05:19,746 [grpc-default-executor-1] INFO  server.RaftServer$Division (RaftServerImpl.java:setRole(299)) - b1188ba9-7404-4c69-a541-42ff8694cd3e@group-A12B94BABBCA: changes role from  FOLLOWER to FOLLOWER at term 5 for candidate:92ca9abc-3f8f-4561-9917-cda982ad8ac5
2022-10-06 01:05:19,746 [grpc-default-executor-1] INFO  impl.RoleInfo (RoleInfo.java:shutdownFollowerState(110)) - b1188ba9-7404-4c69-a541-42ff8694cd3e: shutdown b1188ba9-7404-4c69-a541-42ff8694cd3e@group-A12B94BABBCA-FollowerState
2022-10-06 01:05:19,746 [grpc-default-executor-1] INFO  impl.RoleInfo (RoleInfo.java:updateAndGet(139)) - b1188ba9-7404-4c69-a541-42ff8694cd3e: start b1188ba9-7404-4c69-a541-42ff8694cd3e@group-A12B94BABBCA-FollowerState
2022-10-06 01:05:19,746 [b1188ba9-7404-4c69-a541-42ff8694cd3e@group-A12B94BABBCA-FollowerState] INFO  impl.FollowerState (FollowerState.java:run(152)) - b1188ba9-7404-4c69-a541-42ff8694cd3e@group-A12B94BABBCA-FollowerState was interrupted
2022-10-06 01:05:19,783 [grpc-default-executor-1] INFO  server.RaftServer$Division (RaftServerImpl.java:requestVote(1184)) - b1188ba9-7404-4c69-a541-42ff8694cd3e@group-A12B94BABBCA replies to ELECTION vote request: 92ca9abc-3f8f-4561-9917-cda982ad8ac5<-b1188ba9-7404-4c69-a541-42ff8694cd3e#0:OK-t5. Peer's state: b1188ba9-7404-4c69-a541-42ff8694cd3e@group-A12B94BABBCA:t5, leader=null, voted=92ca9abc-3f8f-4561-9917-cda982ad8ac5, raftlog=b1188ba9-7404-4c69-a541-42ff8694cd3e@group-A12B94BABBCA-SegmentedRaftLog:OPENED:c-1, conf=-1: [23a5c7c7-a279-444f-ae9a-ea80730ba37f|rpc:10.1.0.249:46507|priority:1, 92ca9abc-3f8f-4561-9917-cda982ad8ac5|rpc:10.1.0.249:43563|priority:0, b1188ba9-7404-4c69-a541-42ff8694cd3e|rpc:10.1.0.249:39649|priority:0], old=null
2022-10-06 01:05:24,761 [92ca9abc-3f8f-4561-9917-cda982ad8ac5@group-A12B94BABBCA-FollowerState] INFO  impl.FollowerState (FollowerState.java:run(143)) - 92ca9abc-3f8f-4561-9917-cda982ad8ac5@group-A12B94BABBCA-FollowerState: change to CANDIDATE, lastRpcElapsedTime:5041832388ns, electionTimeout:5019ms
2022-10-06 01:05:24,761 [92ca9abc-3f8f-4561-9917-cda982ad8ac5@group-A12B94BABBCA-FollowerState] INFO  impl.RoleInfo (RoleInfo.java:shutdownFollowerState(110)) - 92ca9abc-3f8f-4561-9917-cda982ad8ac5: shutdown 92ca9abc-3f8f-4561-9917-cda982ad8ac5@group-A12B94BABBCA-FollowerState
2022-10-06 01:05:24,761 [92ca9abc-3f8f-4561-9917-cda982ad8ac5@group-A12B94BABBCA-FollowerState] INFO  server.RaftServer$Division (RaftServerImpl.java:setRole(299)) - 92ca9abc-3f8f-4561-9917-cda982ad8ac5@group-A12B94BABBCA: changes role from  FOLLOWER to CANDIDATE at term 5 for changeToCandidate
2022-10-06 01:05:24,761 [92ca9abc-3f8f-4561-9917-cda982ad8ac5@group-A12B94BABBCA-FollowerState] INFO  server.RaftServerConfigKeys (ConfUtils.java:logGet(46)) - raft.server.leaderelection.pre-vote = false (custom)
2022-10-06 01:05:24,761 [92ca9abc-3f8f-4561-9917-cda982ad8ac5@group-A12B94BABBCA-FollowerState] INFO  impl.RoleInfo (RoleInfo.java:updateAndGet(139)) - 92ca9abc-3f8f-4561-9917-cda982ad8ac5: start 92ca9abc-3f8f-4561-9917-cda982ad8ac5@group-A12B94BABBCA-LeaderElection32
2022-10-06 01:05:24,803 [92ca9abc-3f8f-4561-9917-cda982ad8ac5@group-A12B94BABBCA-LeaderElection32] INFO  impl.LeaderElection (LeaderElection.java:askForVotes(310)) - 92ca9abc-3f8f-4561-9917-cda982ad8ac5@group-A12B94BABBCA-LeaderElection32 ELECTION round 0: submit vote requests at term 6 for -1: [23a5c7c7-a279-444f-ae9a-ea80730ba37f|rpc:10.1.0.249:46507|dataStream:|priority:1, 92ca9abc-3f8f-4561-9917-cda982ad8ac5|rpc:10.1.0.249:43563|dataStream:|priority:0, b1188ba9-7404-4c69-a541-42ff8694cd3e|rpc:10.1.0.249:39649|dataStream:|priority:0], old=null
2022-10-06 01:05:24,822 [grpc-default-executor-3] INFO  server.RaftServer$Division (RaftServerImpl.java:requestVote(1152)) - 23a5c7c7-a279-444f-ae9a-ea80730ba37f@group-A12B94BABBCA: receive requestVote(ELECTION, 92ca9abc-3f8f-4561-9917-cda982ad8ac5, group-A12B94BABBCA, 6, (t:0, i:0))
2022-10-06 01:05:24,823 [grpc-default-executor-3] INFO  impl.VoteContext (VoteContext.java:log(48)) - 23a5c7c7-a279-444f-ae9a-ea80730ba37f@group-A12B94BABBCA-FOLLOWER: reject ELECTION from 92ca9abc-3f8f-4561-9917-cda982ad8ac5: our priority 1 > candidate's priority 0
2022-10-06 01:05:24,823 [grpc-default-executor-3] INFO  server.RaftServer$Division (RaftServerImpl.java:setRole(299)) - 23a5c7c7-a279-444f-ae9a-ea80730ba37f@group-A12B94BABBCA: changes role from  FOLLOWER to FOLLOWER at term 6 for candidate:92ca9abc-3f8f-4561-9917-cda982ad8ac5
2022-10-06 01:05:24,823 [grpc-default-executor-3] INFO  impl.RoleInfo (RoleInfo.java:shutdownFollowerState(110)) - 23a5c7c7-a279-444f-ae9a-ea80730ba37f: shutdown 23a5c7c7-a279-444f-ae9a-ea80730ba37f@group-A12B94BABBCA-FollowerState
2022-10-06 01:05:24,823 [grpc-default-executor-3] INFO  impl.RoleInfo (RoleInfo.java:updateAndGet(139)) - 23a5c7c7-a279-444f-ae9a-ea80730ba37f: start 23a5c7c7-a279-444f-ae9a-ea80730ba37f@group-A12B94BABBCA-FollowerState
2022-10-06 01:05:24,823 [23a5c7c7-a279-444f-ae9a-ea80730ba37f@group-A12B94BABBCA-FollowerState] INFO  impl.FollowerState (FollowerState.java:run(152)) - 23a5c7c7-a279-444f-ae9a-ea80730ba37f@group-A12B94BABBCA-FollowerState was interrupted
2022-10-06 01:05:24,824 [grpc-default-executor-3] INFO  server.RaftServer$Division (RaftServerImpl.java:requestVote(1184)) - 23a5c7c7-a279-444f-ae9a-ea80730ba37f@group-A12B94BABBCA replies to ELECTION vote request: 92ca9abc-3f8f-4561-9917-cda982ad8ac5<-23a5c7c7-a279-444f-ae9a-ea80730ba37f#0:FAIL-t6. Peer's state: 23a5c7c7-a279-444f-ae9a-ea80730ba37f@group-A12B94BABBCA:t6, leader=null, voted=null, raftlog=23a5c7c7-a279-444f-ae9a-ea80730ba37f@group-A12B94BABBCA-SegmentedRaftLog:OPENED:c-1, conf=-1: [23a5c7c7-a279-444f-ae9a-ea80730ba37f|rpc:10.1.0.249:46507|dataStream:|priority:1, 92ca9abc-3f8f-4561-9917-cda982ad8ac5|rpc:10.1.0.249:43563|dataStream:|priority:0, b1188ba9-7404-4c69-a541-42ff8694cd3e|rpc:10.1.0.249:39649|dataStream:|priority:0], old=null
2022-10-06 01:05:24,825 [92ca9abc-3f8f-4561-9917-cda982ad8ac5@group-A12B94BABBCA-LeaderElection32] INFO  impl.LeaderElection (LeaderElection.java:logAndReturn(90)) - 92ca9abc-3f8f-4561-9917-cda982ad8ac5@group-A12B94BABBCA-LeaderElection32: ELECTION REJECTED received 1 response(s) and 0 exception(s):
2022-10-06 01:05:24,825 [92ca9abc-3f8f-4561-9917-cda982ad8ac5@group-A12B94BABBCA-LeaderElection32] INFO  impl.LeaderElection (LeaderElection.java:logAndReturn(94)) -   Response 0: 92ca9abc-3f8f-4561-9917-cda982ad8ac5<-23a5c7c7-a279-444f-ae9a-ea80730ba37f#0:FAIL-t6
2022-10-06 01:05:24,825 [92ca9abc-3f8f-4561-9917-cda982ad8ac5@group-A12B94BABBCA-LeaderElection32] INFO  impl.LeaderElection (LeaderElection.java:askForVotes(312)) - 92ca9abc-3f8f-4561-9917-cda982ad8ac5@group-A12B94BABBCA-LeaderElection32 ELECTION round 0: result REJECTED
2022-10-06 01:05:24,825 [92ca9abc-3f8f-4561-9917-cda982ad8ac5@group-A12B94BABBCA-LeaderElection32] INFO  server.RaftServer$Division (RaftServerImpl.java:setRole(299)) - 92ca9abc-3f8f-4561-9917-cda982ad8ac5@group-A12B94BABBCA: changes role from CANDIDATE to FOLLOWER at term 6 for REJECTED
2022-10-06 01:05:24,825 [92ca9abc-3f8f-4561-9917-cda982ad8ac5@group-A12B94BABBCA-LeaderElection32] INFO  impl.RoleInfo (RoleInfo.java:shutdownLeaderElection(130)) - 92ca9abc-3f8f-4561-9917-cda982ad8ac5: shutdown 92ca9abc-3f8f-4561-9917-cda982ad8ac5@group-A12B94BABBCA-LeaderElection32
2022-10-06 01:05:24,825 [92ca9abc-3f8f-4561-9917-cda982ad8ac5@group-A12B94BABBCA-LeaderElection32] INFO  impl.RoleInfo (RoleInfo.java:updateAndGet(139)) - 92ca9abc-3f8f-4561-9917-cda982ad8ac5: start 92ca9abc-3f8f-4561-9917-cda982ad8ac5@group-A12B94BABBCA-FollowerState
2022-10-06 01:05:24,855 [grpc-default-executor-3] INFO  server.RaftServer$Division (RaftServerImpl.java:requestVote(1152)) - b1188ba9-7404-4c69-a541-42ff8694cd3e@group-A12B94BABBCA: receive requestVote(ELECTION, 92ca9abc-3f8f-4561-9917-cda982ad8ac5, group-A12B94BABBCA, 6, (t:0, i:0))
2022-10-06 01:05:24,855 [grpc-default-executor-3] INFO  impl.VoteContext (VoteContext.java:log(48)) - b1188ba9-7404-4c69-a541-42ff8694cd3e@group-A12B94BABBCA-FOLLOWER: accept ELECTION from 92ca9abc-3f8f-4561-9917-cda982ad8ac5: our priority 0 <= candidate's priority 0
2022-10-06 01:05:24,855 [grpc-default-executor-3] INFO  server.RaftServer$Division (RaftServerImpl.java:setRole(299)) - b1188ba9-7404-4c69-a541-42ff8694cd3e@group-A12B94BABBCA: changes role from  FOLLOWER to FOLLOWER at term 6 for candidate:92ca9abc-3f8f-4561-9917-cda982ad8ac5
2022-10-06 01:05:24,855 [grpc-default-executor-3] INFO  impl.RoleInfo (RoleInfo.java:shutdownFollowerState(110)) - b1188ba9-7404-4c69-a541-42ff8694cd3e: shutdown b1188ba9-7404-4c69-a541-42ff8694cd3e@group-A12B94BABBCA-FollowerState
2022-10-06 01:05:24,855 [grpc-default-executor-3] INFO  impl.RoleInfo (RoleInfo.java:updateAndGet(139)) - b1188ba9-7404-4c69-a541-42ff8694cd3e: start b1188ba9-7404-4c69-a541-42ff8694cd3e@group-A12B94BABBCA-FollowerState
2022-10-06 01:05:24,855 [b1188ba9-7404-4c69-a541-42ff8694cd3e@group-A12B94BABBCA-FollowerState] INFO  impl.FollowerState (FollowerState.java:run(152)) - b1188ba9-7404-4c69-a541-42ff8694cd3e@group-A12B94BABBCA-FollowerState was interrupted
2022-10-06 01:05:24,878 [grpc-default-executor-3] INFO  server.RaftServer$Division (RaftServerImpl.java:requestVote(1184)) - b1188ba9-7404-4c69-a541-42ff8694cd3e@group-A12B94BABBCA replies to ELECTION vote request: 92ca9abc-3f8f-4561-9917-cda982ad8ac5<-b1188ba9-7404-4c69-a541-42ff8694cd3e#0:OK-t6. Peer's state: b1188ba9-7404-4c69-a541-42ff8694cd3e@group-A12B94BABBCA:t6, leader=null, voted=92ca9abc-3f8f-4561-9917-cda982ad8ac5, raftlog=b1188ba9-7404-4c69-a541-42ff8694cd3e@group-A12B94BABBCA-SegmentedRaftLog:OPENED:c-1, conf=-1: [23a5c7c7-a279-444f-ae9a-ea80730ba37f|rpc:10.1.0.249:46507|priority:1, 92ca9abc-3f8f-4561-9917-cda982ad8ac5|rpc:10.1.0.249:43563|priority:0, b1188ba9-7404-4c69-a541-42ff8694cd3e|rpc:10.1.0.249:39649|priority:0], old=null
]]></system-out>
  </testcase>
  <testcase name="testRenameToTrashEnabled" classname="TestRootedOzoneFileSystemWithFSO" time="0.118">
    <system-out><![CDATA[2022-10-06 01:04:06,123 [Time-limited test] INFO  rpc.RpcClient (RpcClient.java:createVolume(471)) - Creating Volume: volume01958, with user19436 as owner and space quota set to -1 bytes, counts quota set to -1
2022-10-06 01:04:06,124 [OM StateMachine ApplyTransaction Thread - 0] INFO  volume.OMVolumeCreateRequest (OMVolumeCreateRequest.java:validateAndUpdateCache(195)) - created volume:volume01958 for user:user19436
2022-10-06 01:04:06,125 [Time-limited test] INFO  rpc.RpcClient (RpcClient.java:createBucket(674)) - Creating Bucket: volume01958/bucket66273, with bucket layout FILE_SYSTEM_OPTIMIZED, runner as owner, Versioning false, Storage Type set to DISK and Encryption set to false 
2022-10-06 01:04:06,126 [OM StateMachine ApplyTransaction Thread - 0] INFO  bucket.OMBucketCreateRequest (OMBucketCreateRequest.java:validateAndUpdateCache(260)) - created bucket: bucket66273 of layout FILE_SYSTEM_OPTIMIZED in volume: volume01958
01:04:06.202 [IPC Server handler 5 on default port 34317] ERROR OMAudit - user=runner | ip=127.0.0.1 | op=GET_FILE_STATUS {volume=volume01958, bucket=bucket66273, key=.Trash/runner/Current/volume01958/bucket66273/testKey2, dataSize=0, replicationConfig=null} | ret=FAILURE
org.apache.hadoop.ozone.om.exceptions.OMException: Unable to get file status: volume: volume01958 bucket: bucket66273 key: .Trash/runner/Current/volume01958/bucket66273/testKey2
	at org.apache.hadoop.ozone.om.KeyManagerImpl.getOzoneFileStatusFSO(KeyManagerImpl.java:1389) ~[ozone-manager-1.3.0-SNAPSHOT.jar:?]
	at org.apache.hadoop.ozone.om.KeyManagerImpl.getFileStatus(KeyManagerImpl.java:1252) ~[ozone-manager-1.3.0-SNAPSHOT.jar:?]
	at org.apache.hadoop.ozone.om.OzoneManager.getFileStatus(OzoneManager.java:3507) ~[ozone-manager-1.3.0-SNAPSHOT.jar:?]
	at org.apache.hadoop.ozone.protocolPB.OzoneManagerRequestHandler.getOzoneFileStatus(OzoneManagerRequestHandler.java:882) ~[ozone-manager-1.3.0-SNAPSHOT.jar:?]
	at org.apache.hadoop.ozone.protocolPB.OzoneManagerRequestHandler.handleReadRequest(OzoneManagerRequestHandler.java:228) ~[ozone-manager-1.3.0-SNAPSHOT.jar:?]
	at org.apache.hadoop.ozone.protocolPB.OzoneManagerProtocolServerSideTranslatorPB.submitReadRequestToOM(OzoneManagerProtocolServerSideTranslatorPB.java:226) ~[ozone-manager-1.3.0-SNAPSHOT.jar:?]
	at org.apache.hadoop.ozone.protocolPB.OzoneManagerProtocolServerSideTranslatorPB.processRequest(OzoneManagerProtocolServerSideTranslatorPB.java:175) ~[ozone-manager-1.3.0-SNAPSHOT.jar:?]
	at org.apache.hadoop.hdds.server.OzoneProtocolMessageDispatcher.processRequest(OzoneProtocolMessageDispatcher.java:87) [hdds-server-framework-1.3.0-SNAPSHOT.jar:?]
	at org.apache.hadoop.ozone.protocolPB.OzoneManagerProtocolServerSideTranslatorPB.submitRequest(OzoneManagerProtocolServerSideTranslatorPB.java:147) [ozone-manager-1.3.0-SNAPSHOT.jar:?]
	at org.apache.hadoop.ozone.protocol.proto.OzoneManagerProtocolProtos$OzoneManagerService$2.callBlockingMethod(OzoneManagerProtocolProtos.java) [ozone-interface-client-1.3.0-SNAPSHOT.jar:?]
	at org.apache.hadoop.ipc.ProtobufRpcEngine$Server.processCall(ProtobufRpcEngine.java:466) [hadoop-common-3.3.1.jar:?]
	at org.apache.hadoop.ipc.ProtobufRpcEngine2$Server$ProtoBufRpcInvoker.call(ProtobufRpcEngine2.java:574) [hadoop-common-3.3.1.jar:?]
	at org.apache.hadoop.ipc.ProtobufRpcEngine2$Server$ProtoBufRpcInvoker.call(ProtobufRpcEngine2.java:552) [hadoop-common-3.3.1.jar:?]
	at org.apache.hadoop.ipc.RPC$Server.call(RPC.java:1093) [hadoop-common-3.3.1.jar:?]
	at org.apache.hadoop.ipc.Server$RpcCall.run(Server.java:1035) [hadoop-common-3.3.1.jar:?]
	at org.apache.hadoop.ipc.Server$RpcCall.run(Server.java:963) [hadoop-common-3.3.1.jar:?]
	at java.security.AccessController.doPrivileged(Native Method) ~[?:1.8.0_345]
	at javax.security.auth.Subject.doAs(Subject.java:422) [?:1.8.0_345]
	at org.apache.hadoop.security.UserGroupInformation.doAs(UserGroupInformation.java:1878) [hadoop-common-3.3.1.jar:?]
	at org.apache.hadoop.ipc.Server$Handler.run(Server.java:2966) [hadoop-common-3.3.1.jar:?]
2022-10-06 01:04:06,206 [Time-limited test] WARN  ozone.BasicRootedOzoneFileSystem (BasicRootedOzoneFileSystem.java:getFileStatus(879)) - GetFileStatus failed for path ofs:/volume01958/bucket66273/.Trash/runner/Current/volume01958/bucket66273/testKey2
java.io.FileNotFoundException: .Trash/runner/Current/volume01958/bucket66273/testKey2: No such file or directory!
	at org.apache.hadoop.fs.ozone.BasicRootedOzoneClientAdapterImpl.getFileStatus(BasicRootedOzoneClientAdapterImpl.java:617)
	at org.apache.hadoop.fs.ozone.BasicRootedOzoneFileSystem.getFileStatus(BasicRootedOzoneFileSystem.java:869)
	at org.apache.hadoop.fs.FileSystem.exists(FileSystem.java:1760)
	at org.apache.hadoop.fs.ozone.BasicRootedOzoneFileSystem.exists(BasicRootedOzoneFileSystem.java:918)
	at org.apache.hadoop.fs.TrashPolicyDefault.moveToTrash(TrashPolicyDefault.java:181)
	at org.apache.hadoop.ozone.om.TrashPolicyOzone.moveToTrash(TrashPolicyOzone.java:152)
	at org.apache.hadoop.fs.Trash.moveToTrash(Trash.java:110)
	at org.apache.hadoop.fs.ozone.TestRootedOzoneFileSystem.testRenameToTrashEnabled(TestRootedOzoneFileSystem.java:1541)
	at sun.reflect.NativeMethodAccessorImpl.invoke0(Native Method)
	at sun.reflect.NativeMethodAccessorImpl.invoke(NativeMethodAccessorImpl.java:62)
	at sun.reflect.DelegatingMethodAccessorImpl.invoke(DelegatingMethodAccessorImpl.java:43)
	at java.lang.reflect.Method.invoke(Method.java:498)
	at org.junit.runners.model.FrameworkMethod$1.runReflectiveCall(FrameworkMethod.java:59)
	at org.junit.internal.runners.model.ReflectiveCallable.run(ReflectiveCallable.java:12)
	at org.junit.runners.model.FrameworkMethod.invokeExplosively(FrameworkMethod.java:56)
	at org.junit.internal.runners.statements.InvokeMethod.evaluate(InvokeMethod.java:17)
	at org.junit.internal.runners.statements.RunBefores.evaluate(RunBefores.java:26)
	at org.junit.internal.runners.statements.RunAfters.evaluate(RunAfters.java:27)
	at org.junit.internal.runners.statements.FailOnTimeout$CallableStatement.call(FailOnTimeout.java:288)
	at org.junit.internal.runners.statements.FailOnTimeout$CallableStatement.call(FailOnTimeout.java:282)
	at java.util.concurrent.FutureTask.run(FutureTask.java:266)
	at java.lang.Thread.run(Thread.java:750)
2022-10-06 01:04:06,211 [Time-limited test] INFO  fs.TrashPolicyDefault (TrashPolicyDefault.java:moveToTrash(188)) - Moved: '/volume01958/bucket66273/testKey2' to trash at: ofs:/volume01958/bucket66273/.Trash/runner/Current/volume01958/bucket66273/testKey2
]]></system-out>
  </testcase>
  <testcase name="testRenameToTrashEnabled" classname="TestRootedOzoneFileSystemWithFSO" time="0.263">
    <system-out><![CDATA[2022-10-06 01:05:26,722 [Time-limited test] INFO  rpc.RpcClient (RpcClient.java:createVolume(471)) - Creating Volume: volume31891, with user73390 as owner and space quota set to -1 bytes, counts quota set to -1
2022-10-06 01:05:26,726 [IPC Server handler 19 on default port 44363] INFO  volume.OMVolumeCreateRequest (OMVolumeCreateRequest.java:validateAndUpdateCache(195)) - created volume:volume31891 for user:user73390
2022-10-06 01:05:26,734 [Time-limited test] INFO  rpc.RpcClient (RpcClient.java:createBucket(674)) - Creating Bucket: volume31891/bucket22042, with bucket layout FILE_SYSTEM_OPTIMIZED, runner as owner, Versioning false, Storage Type set to DISK and Encryption set to false 
2022-10-06 01:05:26,738 [IPC Server handler 10 on default port 44363] INFO  bucket.OMBucketCreateRequest (OMBucketCreateRequest.java:validateAndUpdateCache(260)) - created bucket: bucket22042 of layout FILE_SYSTEM_OPTIMIZED in volume: volume31891
01:05:26.905 [IPC Server handler 7 on default port 44363] ERROR OMAudit - user=runner | ip=127.0.0.1 | op=GET_FILE_STATUS {volume=volume31891, bucket=bucket22042, key=.Trash/runner/Current/volume31891/bucket22042/testKey2, dataSize=0, replicationConfig=null} | ret=FAILURE
org.apache.hadoop.ozone.om.exceptions.OMException: Unable to get file status: volume: volume31891 bucket: bucket22042 key: .Trash/runner/Current/volume31891/bucket22042/testKey2
	at org.apache.hadoop.ozone.om.KeyManagerImpl.getOzoneFileStatusFSO(KeyManagerImpl.java:1389) ~[ozone-manager-1.3.0-SNAPSHOT.jar:?]
	at org.apache.hadoop.ozone.om.KeyManagerImpl.getFileStatus(KeyManagerImpl.java:1252) ~[ozone-manager-1.3.0-SNAPSHOT.jar:?]
	at org.apache.hadoop.ozone.om.OzoneManager.getFileStatus(OzoneManager.java:3507) ~[ozone-manager-1.3.0-SNAPSHOT.jar:?]
	at org.apache.hadoop.ozone.protocolPB.OzoneManagerRequestHandler.getOzoneFileStatus(OzoneManagerRequestHandler.java:882) ~[ozone-manager-1.3.0-SNAPSHOT.jar:?]
	at org.apache.hadoop.ozone.protocolPB.OzoneManagerRequestHandler.handleReadRequest(OzoneManagerRequestHandler.java:228) ~[ozone-manager-1.3.0-SNAPSHOT.jar:?]
	at org.apache.hadoop.ozone.protocolPB.OzoneManagerProtocolServerSideTranslatorPB.submitRequestDirectlyToOM(OzoneManagerProtocolServerSideTranslatorPB.java:276) ~[ozone-manager-1.3.0-SNAPSHOT.jar:?]
	at org.apache.hadoop.ozone.protocolPB.OzoneManagerProtocolServerSideTranslatorPB.processRequest(OzoneManagerProtocolServerSideTranslatorPB.java:205) ~[ozone-manager-1.3.0-SNAPSHOT.jar:?]
	at org.apache.hadoop.hdds.server.OzoneProtocolMessageDispatcher.processRequest(OzoneProtocolMessageDispatcher.java:87) [hdds-server-framework-1.3.0-SNAPSHOT.jar:?]
	at org.apache.hadoop.ozone.protocolPB.OzoneManagerProtocolServerSideTranslatorPB.submitRequest(OzoneManagerProtocolServerSideTranslatorPB.java:147) [ozone-manager-1.3.0-SNAPSHOT.jar:?]
	at org.apache.hadoop.ozone.protocol.proto.OzoneManagerProtocolProtos$OzoneManagerService$2.callBlockingMethod(OzoneManagerProtocolProtos.java) [ozone-interface-client-1.3.0-SNAPSHOT.jar:?]
	at org.apache.hadoop.ipc.ProtobufRpcEngine$Server.processCall(ProtobufRpcEngine.java:466) [hadoop-common-3.3.1.jar:?]
	at org.apache.hadoop.ipc.ProtobufRpcEngine2$Server$ProtoBufRpcInvoker.call(ProtobufRpcEngine2.java:574) [hadoop-common-3.3.1.jar:?]
	at org.apache.hadoop.ipc.ProtobufRpcEngine2$Server$ProtoBufRpcInvoker.call(ProtobufRpcEngine2.java:552) [hadoop-common-3.3.1.jar:?]
	at org.apache.hadoop.ipc.RPC$Server.call(RPC.java:1093) [hadoop-common-3.3.1.jar:?]
	at org.apache.hadoop.ipc.Server$RpcCall.run(Server.java:1035) [hadoop-common-3.3.1.jar:?]
	at org.apache.hadoop.ipc.Server$RpcCall.run(Server.java:963) [hadoop-common-3.3.1.jar:?]
	at java.security.AccessController.doPrivileged(Native Method) ~[?:1.8.0_345]
	at javax.security.auth.Subject.doAs(Subject.java:422) [?:1.8.0_345]
	at org.apache.hadoop.security.UserGroupInformation.doAs(UserGroupInformation.java:1878) [hadoop-common-3.3.1.jar:?]
	at org.apache.hadoop.ipc.Server$Handler.run(Server.java:2966) [hadoop-common-3.3.1.jar:?]
2022-10-06 01:05:26,905 [Time-limited test] WARN  ozone.BasicRootedOzoneFileSystem (BasicRootedOzoneFileSystem.java:getFileStatus(879)) - GetFileStatus failed for path ofs:/volume31891/bucket22042/.Trash/runner/Current/volume31891/bucket22042/testKey2
java.io.FileNotFoundException: .Trash/runner/Current/volume31891/bucket22042/testKey2: No such file or directory!
	at org.apache.hadoop.fs.ozone.BasicRootedOzoneClientAdapterImpl.getFileStatus(BasicRootedOzoneClientAdapterImpl.java:617)
	at org.apache.hadoop.fs.ozone.BasicRootedOzoneFileSystem.getFileStatus(BasicRootedOzoneFileSystem.java:869)
	at org.apache.hadoop.fs.FileSystem.exists(FileSystem.java:1760)
	at org.apache.hadoop.fs.ozone.BasicRootedOzoneFileSystem.exists(BasicRootedOzoneFileSystem.java:918)
	at org.apache.hadoop.fs.TrashPolicyDefault.moveToTrash(TrashPolicyDefault.java:181)
	at org.apache.hadoop.ozone.om.TrashPolicyOzone.moveToTrash(TrashPolicyOzone.java:152)
	at org.apache.hadoop.fs.Trash.moveToTrash(Trash.java:110)
	at org.apache.hadoop.fs.ozone.TestRootedOzoneFileSystem.testRenameToTrashEnabled(TestRootedOzoneFileSystem.java:1541)
	at sun.reflect.NativeMethodAccessorImpl.invoke0(Native Method)
	at sun.reflect.NativeMethodAccessorImpl.invoke(NativeMethodAccessorImpl.java:62)
	at sun.reflect.DelegatingMethodAccessorImpl.invoke(DelegatingMethodAccessorImpl.java:43)
	at java.lang.reflect.Method.invoke(Method.java:498)
	at org.junit.runners.model.FrameworkMethod$1.runReflectiveCall(FrameworkMethod.java:59)
	at org.junit.internal.runners.model.ReflectiveCallable.run(ReflectiveCallable.java:12)
	at org.junit.runners.model.FrameworkMethod.invokeExplosively(FrameworkMethod.java:56)
	at org.junit.internal.runners.statements.InvokeMethod.evaluate(InvokeMethod.java:17)
	at org.junit.internal.runners.statements.RunBefores.evaluate(RunBefores.java:26)
	at org.junit.internal.runners.statements.RunAfters.evaluate(RunAfters.java:27)
	at org.junit.internal.runners.statements.FailOnTimeout$CallableStatement.call(FailOnTimeout.java:288)
	at org.junit.internal.runners.statements.FailOnTimeout$CallableStatement.call(FailOnTimeout.java:282)
	at java.util.concurrent.FutureTask.run(FutureTask.java:266)
	at java.lang.Thread.run(Thread.java:750)
2022-10-06 01:05:26,906 [Time-limited test] INFO  fs.TrashPolicyDefault (TrashPolicyDefault.java:moveToTrash(188)) - Moved: '/volume31891/bucket22042/testKey2' to trash at: ofs:/volume31891/bucket22042/.Trash/runner/Current/volume31891/bucket22042/testKey2
]]></system-out>
  </testcase>
  <testcase name="testMkdirOnNonExistentVolumeBucketDir" classname="TestRootedOzoneFileSystemWithFSO" time="0">
    <skipped type="org.junit.AssumptionViolatedException"><![CDATA[org.junit.AssumptionViolatedException: FS Path is enabled. Skipping this test as it is not tuned for FS Path yet
	at org.junit.Assume.assumeTrue(Assume.java:68)
	at org.apache.hadoop.fs.ozone.TestRootedOzoneFileSystem.testMkdirOnNonExistentVolumeBucketDir(TestRootedOzoneFileSystem.java:641)
	at sun.reflect.NativeMethodAccessorImpl.invoke0(Native Method)
	at sun.reflect.NativeMethodAccessorImpl.invoke(NativeMethodAccessorImpl.java:62)
	at sun.reflect.DelegatingMethodAccessorImpl.invoke(DelegatingMethodAccessorImpl.java:43)
	at java.lang.reflect.Method.invoke(Method.java:498)
	at org.junit.runners.model.FrameworkMethod$1.runReflectiveCall(FrameworkMethod.java:59)
	at org.junit.internal.runners.model.ReflectiveCallable.run(ReflectiveCallable.java:12)
	at org.junit.runners.model.FrameworkMethod.invokeExplosively(FrameworkMethod.java:56)
	at org.junit.internal.runners.statements.InvokeMethod.evaluate(InvokeMethod.java:17)
	at org.junit.internal.runners.statements.RunBefores.evaluate(RunBefores.java:26)
	at org.junit.internal.runners.statements.RunAfters.evaluate(RunAfters.java:27)
	at org.junit.internal.runners.statements.FailOnTimeout$CallableStatement.call(FailOnTimeout.java:288)
	at org.junit.internal.runners.statements.FailOnTimeout$CallableStatement.call(FailOnTimeout.java:282)
	at java.util.concurrent.FutureTask.run(FutureTask.java:266)
	at java.lang.Thread.run(Thread.java:750)
]]></skipped>
    <system-out><![CDATA[2022-10-06 01:04:06,243 [Time-limited test] INFO  rpc.RpcClient (RpcClient.java:createVolume(471)) - Creating Volume: volume56546, with user64566 as owner and space quota set to -1 bytes, counts quota set to -1
2022-10-06 01:04:06,244 [OM StateMachine ApplyTransaction Thread - 0] INFO  volume.OMVolumeCreateRequest (OMVolumeCreateRequest.java:validateAndUpdateCache(195)) - created volume:volume56546 for user:user64566
2022-10-06 01:04:06,245 [Time-limited test] INFO  rpc.RpcClient (RpcClient.java:createBucket(674)) - Creating Bucket: volume56546/bucket17065, with bucket layout FILE_SYSTEM_OPTIMIZED, runner as owner, Versioning false, Storage Type set to DISK and Encryption set to false 
2022-10-06 01:04:06,246 [OM StateMachine ApplyTransaction Thread - 0] INFO  bucket.OMBucketCreateRequest (OMBucketCreateRequest.java:validateAndUpdateCache(260)) - created bucket: bucket17065 of layout FILE_SYSTEM_OPTIMIZED in volume: volume56546
]]></system-out>
  </testcase>
  <testcase name="testMkdirOnNonExistentVolumeBucketDir" classname="TestRootedOzoneFileSystemWithFSO" time="0">
    <skipped type="org.junit.AssumptionViolatedException"><![CDATA[org.junit.AssumptionViolatedException: FS Path is enabled. Skipping this test as it is not tuned for FS Path yet
	at org.junit.Assume.assumeTrue(Assume.java:68)
	at org.apache.hadoop.fs.ozone.TestRootedOzoneFileSystem.testMkdirOnNonExistentVolumeBucketDir(TestRootedOzoneFileSystem.java:641)
	at sun.reflect.NativeMethodAccessorImpl.invoke0(Native Method)
	at sun.reflect.NativeMethodAccessorImpl.invoke(NativeMethodAccessorImpl.java:62)
	at sun.reflect.DelegatingMethodAccessorImpl.invoke(DelegatingMethodAccessorImpl.java:43)
	at java.lang.reflect.Method.invoke(Method.java:498)
	at org.junit.runners.model.FrameworkMethod$1.runReflectiveCall(FrameworkMethod.java:59)
	at org.junit.internal.runners.model.ReflectiveCallable.run(ReflectiveCallable.java:12)
	at org.junit.runners.model.FrameworkMethod.invokeExplosively(FrameworkMethod.java:56)
	at org.junit.internal.runners.statements.InvokeMethod.evaluate(InvokeMethod.java:17)
	at org.junit.internal.runners.statements.RunBefores.evaluate(RunBefores.java:26)
	at org.junit.internal.runners.statements.RunAfters.evaluate(RunAfters.java:27)
	at org.junit.internal.runners.statements.FailOnTimeout$CallableStatement.call(FailOnTimeout.java:288)
	at org.junit.internal.runners.statements.FailOnTimeout$CallableStatement.call(FailOnTimeout.java:282)
	at java.util.concurrent.FutureTask.run(FutureTask.java:266)
	at java.lang.Thread.run(Thread.java:750)
]]></skipped>
    <system-out><![CDATA[2022-10-06 01:05:26,963 [Time-limited test] INFO  rpc.RpcClient (RpcClient.java:createVolume(471)) - Creating Volume: volume16473, with user18526 as owner and space quota set to -1 bytes, counts quota set to -1
2022-10-06 01:05:26,964 [IPC Server handler 3 on default port 44363] INFO  volume.OMVolumeCreateRequest (OMVolumeCreateRequest.java:validateAndUpdateCache(195)) - created volume:volume16473 for user:user18526
2022-10-06 01:05:26,964 [Time-limited test] INFO  rpc.RpcClient (RpcClient.java:createBucket(674)) - Creating Bucket: volume16473/bucket26840, with bucket layout FILE_SYSTEM_OPTIMIZED, runner as owner, Versioning false, Storage Type set to DISK and Encryption set to false 
2022-10-06 01:05:26,965 [IPC Server handler 14 on default port 44363] INFO  bucket.OMBucketCreateRequest (OMBucketCreateRequest.java:validateAndUpdateCache(260)) - created bucket: bucket26840 of layout FILE_SYSTEM_OPTIMIZED in volume: volume16473
]]></system-out>
  </testcase>
  <testcase name="testListStatusIteratorInBucket" classname="TestRootedOzoneFileSystemWithFSO" time="0.031">
    <system-out><![CDATA[2022-10-06 01:04:06,270 [Time-limited test] INFO  rpc.RpcClient (RpcClient.java:createVolume(471)) - Creating Volume: volume22112, with user03073 as owner and space quota set to -1 bytes, counts quota set to -1
2022-10-06 01:04:06,272 [OM StateMachine ApplyTransaction Thread - 0] INFO  volume.OMVolumeCreateRequest (OMVolumeCreateRequest.java:validateAndUpdateCache(195)) - created volume:volume22112 for user:user03073
2022-10-06 01:04:06,273 [Time-limited test] INFO  rpc.RpcClient (RpcClient.java:createBucket(674)) - Creating Bucket: volume22112/bucket00316, with bucket layout FILE_SYSTEM_OPTIMIZED, runner as owner, Versioning false, Storage Type set to DISK and Encryption set to false 
2022-10-06 01:04:06,274 [OM StateMachine ApplyTransaction Thread - 0] INFO  bucket.OMBucketCreateRequest (OMBucketCreateRequest.java:validateAndUpdateCache(260)) - created bucket: bucket00316 of layout FILE_SYSTEM_OPTIMIZED in volume: volume22112
]]></system-out>
  </testcase>
  <testcase name="testListStatusIteratorInBucket" classname="TestRootedOzoneFileSystemWithFSO" time="0.057">
    <system-out><![CDATA[2022-10-06 01:05:27,019 [Time-limited test] INFO  rpc.RpcClient (RpcClient.java:createVolume(471)) - Creating Volume: volume07420, with user95544 as owner and space quota set to -1 bytes, counts quota set to -1
2022-10-06 01:05:27,019 [IPC Server handler 14 on default port 44363] INFO  volume.OMVolumeCreateRequest (OMVolumeCreateRequest.java:validateAndUpdateCache(195)) - created volume:volume07420 for user:user95544
2022-10-06 01:05:27,020 [Time-limited test] INFO  rpc.RpcClient (RpcClient.java:createBucket(674)) - Creating Bucket: volume07420/bucket27757, with bucket layout FILE_SYSTEM_OPTIMIZED, runner as owner, Versioning false, Storage Type set to DISK and Encryption set to false 
2022-10-06 01:05:27,020 [IPC Server handler 1 on default port 44363] INFO  bucket.OMBucketCreateRequest (OMBucketCreateRequest.java:validateAndUpdateCache(260)) - created bucket: bucket27757 of layout FILE_SYSTEM_OPTIMIZED in volume: volume07420
]]></system-out>
  </testcase>
  <testcase name="testListStatusIteratorWithDir" classname="TestRootedOzoneFileSystemWithFSO" time="0.046">
    <system-out><![CDATA[2022-10-06 01:04:06,307 [Time-limited test] INFO  rpc.RpcClient (RpcClient.java:createVolume(471)) - Creating Volume: volume13233, with user15838 as owner and space quota set to -1 bytes, counts quota set to -1
2022-10-06 01:04:06,308 [OM StateMachine ApplyTransaction Thread - 0] INFO  volume.OMVolumeCreateRequest (OMVolumeCreateRequest.java:validateAndUpdateCache(195)) - created volume:volume13233 for user:user15838
2022-10-06 01:04:06,309 [Time-limited test] INFO  rpc.RpcClient (RpcClient.java:createBucket(674)) - Creating Bucket: volume13233/bucket24904, with bucket layout FILE_SYSTEM_OPTIMIZED, runner as owner, Versioning false, Storage Type set to DISK and Encryption set to false 
2022-10-06 01:04:06,310 [OM StateMachine ApplyTransaction Thread - 0] INFO  bucket.OMBucketCreateRequest (OMBucketCreateRequest.java:validateAndUpdateCache(260)) - created bucket: bucket24904 of layout FILE_SYSTEM_OPTIMIZED in volume: volume13233
]]></system-out>
  </testcase>
  <testcase name="testListStatusIteratorWithDir" classname="TestRootedOzoneFileSystemWithFSO" time="0.127">
    <system-out><![CDATA[2022-10-06 01:05:27,128 [Time-limited test] INFO  rpc.RpcClient (RpcClient.java:createVolume(471)) - Creating Volume: volume75905, with user23349 as owner and space quota set to -1 bytes, counts quota set to -1
2022-10-06 01:05:27,129 [IPC Server handler 3 on default port 44363] INFO  volume.OMVolumeCreateRequest (OMVolumeCreateRequest.java:validateAndUpdateCache(195)) - created volume:volume75905 for user:user23349
2022-10-06 01:05:27,130 [Time-limited test] INFO  rpc.RpcClient (RpcClient.java:createBucket(674)) - Creating Bucket: volume75905/bucket37275, with bucket layout FILE_SYSTEM_OPTIMIZED, runner as owner, Versioning false, Storage Type set to DISK and Encryption set to false 
2022-10-06 01:05:27,130 [IPC Server handler 14 on default port 44363] INFO  bucket.OMBucketCreateRequest (OMBucketCreateRequest.java:validateAndUpdateCache(260)) - created bucket: bucket37275 of layout FILE_SYSTEM_OPTIMIZED in volume: volume75905
]]></system-out>
  </testcase>
  <testcase name="testListStatusOnLargeDirectory" classname="TestRootedOzoneFileSystemWithFSO" time="5.077">
    <system-out><![CDATA[2022-10-06 01:04:06,355 [Time-limited test] INFO  rpc.RpcClient (RpcClient.java:createVolume(471)) - Creating Volume: volume43917, with user56281 as owner and space quota set to -1 bytes, counts quota set to -1
2022-10-06 01:04:06,356 [OM StateMachine ApplyTransaction Thread - 0] INFO  volume.OMVolumeCreateRequest (OMVolumeCreateRequest.java:validateAndUpdateCache(195)) - created volume:volume43917 for user:user56281
2022-10-06 01:04:06,362 [Time-limited test] INFO  rpc.RpcClient (RpcClient.java:createBucket(674)) - Creating Bucket: volume43917/bucket74552, with bucket layout FILE_SYSTEM_OPTIMIZED, runner as owner, Versioning false, Storage Type set to DISK and Encryption set to false 
2022-10-06 01:04:06,363 [OM StateMachine ApplyTransaction Thread - 0] INFO  bucket.OMBucketCreateRequest (OMBucketCreateRequest.java:validateAndUpdateCache(260)) - created bucket: bucket74552 of layout FILE_SYSTEM_OPTIMIZED in volume: volume43917
2022-10-06 01:04:08,490 [IPC Server handler 16 on default port 42963] INFO  ha.SequenceIdGenerator (SequenceIdGenerator.java:getNextId(128)) - Allocate a batch for delTxnId, change lastId from 0 to 1000.
2022-10-06 01:04:08,885 [org.apache.ratis.util.JvmPauseMonitor$$Lambda$619/277409773@14ca58e5] WARN  util.JvmPauseMonitor (JvmPauseMonitor.java:detectPause(124)) - JvmPauseMonitor-321876d2-b421-4eba-aafb-38bc2081ddf0: Detected pause in JVM or host machine (eg GC): pause of approximately 134686119ns.
GC pool 'PS MarkSweep' had collection(s): count=1 time=304ms
GC pool 'PS Scavenge' had collection(s): count=1 time=55ms
2022-10-06 01:04:08,886 [org.apache.ratis.util.JvmPauseMonitor$$Lambda$619/277409773@6849227f] WARN  util.JvmPauseMonitor (JvmPauseMonitor.java:detectPause(124)) - JvmPauseMonitor-326c038e-632d-4c6b-af42-d1fe452b3912: Detected pause in JVM or host machine (eg GC): pause of approximately 285005569ns.
GC pool 'PS MarkSweep' had collection(s): count=1 time=304ms
GC pool 'PS Scavenge' had collection(s): count=1 time=55ms
]]></system-out>
  </testcase>
  <testcase name="testListStatusOnLargeDirectory" classname="TestRootedOzoneFileSystemWithFSO" time="4.112">
    <system-out><![CDATA[2022-10-06 01:05:27,241 [Time-limited test] INFO  rpc.RpcClient (RpcClient.java:createVolume(471)) - Creating Volume: volume09166, with user10315 as owner and space quota set to -1 bytes, counts quota set to -1
2022-10-06 01:05:27,241 [IPC Server handler 15 on default port 44363] INFO  volume.OMVolumeCreateRequest (OMVolumeCreateRequest.java:validateAndUpdateCache(195)) - created volume:volume09166 for user:user10315
2022-10-06 01:05:27,242 [Time-limited test] INFO  rpc.RpcClient (RpcClient.java:createBucket(674)) - Creating Bucket: volume09166/bucket69140, with bucket layout FILE_SYSTEM_OPTIMIZED, runner as owner, Versioning false, Storage Type set to DISK and Encryption set to false 
2022-10-06 01:05:27,242 [IPC Server handler 8 on default port 44363] INFO  bucket.OMBucketCreateRequest (OMBucketCreateRequest.java:validateAndUpdateCache(260)) - created bucket: bucket69140 of layout FILE_SYSTEM_OPTIMIZED in volume: volume09166
2022-10-06 01:05:29,891 [92ca9abc-3f8f-4561-9917-cda982ad8ac5@group-A12B94BABBCA-FollowerState] INFO  impl.FollowerState (FollowerState.java:run(143)) - 92ca9abc-3f8f-4561-9917-cda982ad8ac5@group-A12B94BABBCA-FollowerState: change to CANDIDATE, lastRpcElapsedTime:5065343818ns, electionTimeout:5044ms
2022-10-06 01:05:29,891 [92ca9abc-3f8f-4561-9917-cda982ad8ac5@group-A12B94BABBCA-FollowerState] INFO  impl.RoleInfo (RoleInfo.java:shutdownFollowerState(110)) - 92ca9abc-3f8f-4561-9917-cda982ad8ac5: shutdown 92ca9abc-3f8f-4561-9917-cda982ad8ac5@group-A12B94BABBCA-FollowerState
2022-10-06 01:05:29,891 [92ca9abc-3f8f-4561-9917-cda982ad8ac5@group-A12B94BABBCA-FollowerState] INFO  server.RaftServer$Division (RaftServerImpl.java:setRole(299)) - 92ca9abc-3f8f-4561-9917-cda982ad8ac5@group-A12B94BABBCA: changes role from  FOLLOWER to CANDIDATE at term 6 for changeToCandidate
2022-10-06 01:05:29,891 [92ca9abc-3f8f-4561-9917-cda982ad8ac5@group-A12B94BABBCA-FollowerState] INFO  server.RaftServerConfigKeys (ConfUtils.java:logGet(46)) - raft.server.leaderelection.pre-vote = false (custom)
2022-10-06 01:05:29,891 [92ca9abc-3f8f-4561-9917-cda982ad8ac5@group-A12B94BABBCA-FollowerState] INFO  impl.RoleInfo (RoleInfo.java:updateAndGet(139)) - 92ca9abc-3f8f-4561-9917-cda982ad8ac5: start 92ca9abc-3f8f-4561-9917-cda982ad8ac5@group-A12B94BABBCA-LeaderElection33
2022-10-06 01:05:29,909 [92ca9abc-3f8f-4561-9917-cda982ad8ac5@group-A12B94BABBCA-LeaderElection33] INFO  impl.LeaderElection (LeaderElection.java:askForVotes(310)) - 92ca9abc-3f8f-4561-9917-cda982ad8ac5@group-A12B94BABBCA-LeaderElection33 ELECTION round 0: submit vote requests at term 7 for -1: [23a5c7c7-a279-444f-ae9a-ea80730ba37f|rpc:10.1.0.249:46507|dataStream:|priority:1, 92ca9abc-3f8f-4561-9917-cda982ad8ac5|rpc:10.1.0.249:43563|dataStream:|priority:0, b1188ba9-7404-4c69-a541-42ff8694cd3e|rpc:10.1.0.249:39649|dataStream:|priority:0], old=null
2022-10-06 01:05:29,944 [grpc-default-executor-2] INFO  server.RaftServer$Division (RaftServerImpl.java:requestVote(1152)) - 23a5c7c7-a279-444f-ae9a-ea80730ba37f@group-A12B94BABBCA: receive requestVote(ELECTION, 92ca9abc-3f8f-4561-9917-cda982ad8ac5, group-A12B94BABBCA, 7, (t:0, i:0))
2022-10-06 01:05:29,944 [grpc-default-executor-2] INFO  impl.VoteContext (VoteContext.java:log(48)) - 23a5c7c7-a279-444f-ae9a-ea80730ba37f@group-A12B94BABBCA-FOLLOWER: reject ELECTION from 92ca9abc-3f8f-4561-9917-cda982ad8ac5: our priority 1 > candidate's priority 0
2022-10-06 01:05:29,944 [grpc-default-executor-2] INFO  server.RaftServer$Division (RaftServerImpl.java:setRole(299)) - 23a5c7c7-a279-444f-ae9a-ea80730ba37f@group-A12B94BABBCA: changes role from  FOLLOWER to FOLLOWER at term 7 for candidate:92ca9abc-3f8f-4561-9917-cda982ad8ac5
2022-10-06 01:05:29,944 [grpc-default-executor-2] INFO  impl.RoleInfo (RoleInfo.java:shutdownFollowerState(110)) - 23a5c7c7-a279-444f-ae9a-ea80730ba37f: shutdown 23a5c7c7-a279-444f-ae9a-ea80730ba37f@group-A12B94BABBCA-FollowerState
2022-10-06 01:05:29,944 [grpc-default-executor-2] INFO  impl.RoleInfo (RoleInfo.java:updateAndGet(139)) - 23a5c7c7-a279-444f-ae9a-ea80730ba37f: start 23a5c7c7-a279-444f-ae9a-ea80730ba37f@group-A12B94BABBCA-FollowerState
2022-10-06 01:05:29,944 [23a5c7c7-a279-444f-ae9a-ea80730ba37f@group-A12B94BABBCA-FollowerState] INFO  impl.FollowerState (FollowerState.java:run(152)) - 23a5c7c7-a279-444f-ae9a-ea80730ba37f@group-A12B94BABBCA-FollowerState was interrupted
2022-10-06 01:05:29,955 [grpc-default-executor-2] INFO  server.RaftServer$Division (RaftServerImpl.java:requestVote(1184)) - 23a5c7c7-a279-444f-ae9a-ea80730ba37f@group-A12B94BABBCA replies to ELECTION vote request: 92ca9abc-3f8f-4561-9917-cda982ad8ac5<-23a5c7c7-a279-444f-ae9a-ea80730ba37f#0:FAIL-t7. Peer's state: 23a5c7c7-a279-444f-ae9a-ea80730ba37f@group-A12B94BABBCA:t7, leader=null, voted=null, raftlog=23a5c7c7-a279-444f-ae9a-ea80730ba37f@group-A12B94BABBCA-SegmentedRaftLog:OPENED:c-1, conf=-1: [23a5c7c7-a279-444f-ae9a-ea80730ba37f|rpc:10.1.0.249:46507|dataStream:|priority:1, 92ca9abc-3f8f-4561-9917-cda982ad8ac5|rpc:10.1.0.249:43563|dataStream:|priority:0, b1188ba9-7404-4c69-a541-42ff8694cd3e|rpc:10.1.0.249:39649|dataStream:|priority:0], old=null
2022-10-06 01:05:29,973 [92ca9abc-3f8f-4561-9917-cda982ad8ac5@group-A12B94BABBCA-LeaderElection33] INFO  impl.LeaderElection (LeaderElection.java:logAndReturn(90)) - 92ca9abc-3f8f-4561-9917-cda982ad8ac5@group-A12B94BABBCA-LeaderElection33: ELECTION REJECTED received 1 response(s) and 0 exception(s):
2022-10-06 01:05:29,975 [92ca9abc-3f8f-4561-9917-cda982ad8ac5@group-A12B94BABBCA-LeaderElection33] INFO  impl.LeaderElection (LeaderElection.java:logAndReturn(94)) -   Response 0: 92ca9abc-3f8f-4561-9917-cda982ad8ac5<-23a5c7c7-a279-444f-ae9a-ea80730ba37f#0:FAIL-t7
2022-10-06 01:05:29,975 [92ca9abc-3f8f-4561-9917-cda982ad8ac5@group-A12B94BABBCA-LeaderElection33] INFO  impl.LeaderElection (LeaderElection.java:askForVotes(312)) - 92ca9abc-3f8f-4561-9917-cda982ad8ac5@group-A12B94BABBCA-LeaderElection33 ELECTION round 0: result REJECTED
2022-10-06 01:05:29,975 [92ca9abc-3f8f-4561-9917-cda982ad8ac5@group-A12B94BABBCA-LeaderElection33] INFO  server.RaftServer$Division (RaftServerImpl.java:setRole(299)) - 92ca9abc-3f8f-4561-9917-cda982ad8ac5@group-A12B94BABBCA: changes role from CANDIDATE to FOLLOWER at term 7 for REJECTED
2022-10-06 01:05:29,975 [92ca9abc-3f8f-4561-9917-cda982ad8ac5@group-A12B94BABBCA-LeaderElection33] INFO  impl.RoleInfo (RoleInfo.java:shutdownLeaderElection(130)) - 92ca9abc-3f8f-4561-9917-cda982ad8ac5: shutdown 92ca9abc-3f8f-4561-9917-cda982ad8ac5@group-A12B94BABBCA-LeaderElection33
2022-10-06 01:05:29,975 [92ca9abc-3f8f-4561-9917-cda982ad8ac5@group-A12B94BABBCA-LeaderElection33] INFO  impl.RoleInfo (RoleInfo.java:updateAndGet(139)) - 92ca9abc-3f8f-4561-9917-cda982ad8ac5: start 92ca9abc-3f8f-4561-9917-cda982ad8ac5@group-A12B94BABBCA-FollowerState
2022-10-06 01:05:29,974 [grpc-default-executor-1] INFO  server.RaftServer$Division (RaftServerImpl.java:requestVote(1152)) - b1188ba9-7404-4c69-a541-42ff8694cd3e@group-A12B94BABBCA: receive requestVote(ELECTION, 92ca9abc-3f8f-4561-9917-cda982ad8ac5, group-A12B94BABBCA, 7, (t:0, i:0))
2022-10-06 01:05:29,976 [grpc-default-executor-1] INFO  impl.VoteContext (VoteContext.java:log(48)) - b1188ba9-7404-4c69-a541-42ff8694cd3e@group-A12B94BABBCA-FOLLOWER: accept ELECTION from 92ca9abc-3f8f-4561-9917-cda982ad8ac5: our priority 0 <= candidate's priority 0
2022-10-06 01:05:29,976 [grpc-default-executor-1] INFO  server.RaftServer$Division (RaftServerImpl.java:setRole(299)) - b1188ba9-7404-4c69-a541-42ff8694cd3e@group-A12B94BABBCA: changes role from  FOLLOWER to FOLLOWER at term 7 for candidate:92ca9abc-3f8f-4561-9917-cda982ad8ac5
2022-10-06 01:05:29,976 [grpc-default-executor-1] INFO  impl.RoleInfo (RoleInfo.java:shutdownFollowerState(110)) - b1188ba9-7404-4c69-a541-42ff8694cd3e: shutdown b1188ba9-7404-4c69-a541-42ff8694cd3e@group-A12B94BABBCA-FollowerState
2022-10-06 01:05:29,994 [grpc-default-executor-1] INFO  impl.RoleInfo (RoleInfo.java:updateAndGet(139)) - b1188ba9-7404-4c69-a541-42ff8694cd3e: start b1188ba9-7404-4c69-a541-42ff8694cd3e@group-A12B94BABBCA-FollowerState
2022-10-06 01:05:29,994 [b1188ba9-7404-4c69-a541-42ff8694cd3e@group-A12B94BABBCA-FollowerState] INFO  impl.FollowerState (FollowerState.java:run(152)) - b1188ba9-7404-4c69-a541-42ff8694cd3e@group-A12B94BABBCA-FollowerState was interrupted
2022-10-06 01:05:30,022 [grpc-default-executor-1] INFO  server.RaftServer$Division (RaftServerImpl.java:requestVote(1184)) - b1188ba9-7404-4c69-a541-42ff8694cd3e@group-A12B94BABBCA replies to ELECTION vote request: 92ca9abc-3f8f-4561-9917-cda982ad8ac5<-b1188ba9-7404-4c69-a541-42ff8694cd3e#0:OK-t7. Peer's state: b1188ba9-7404-4c69-a541-42ff8694cd3e@group-A12B94BABBCA:t7, leader=null, voted=92ca9abc-3f8f-4561-9917-cda982ad8ac5, raftlog=b1188ba9-7404-4c69-a541-42ff8694cd3e@group-A12B94BABBCA-SegmentedRaftLog:OPENED:c-1, conf=-1: [23a5c7c7-a279-444f-ae9a-ea80730ba37f|rpc:10.1.0.249:46507|priority:1, 92ca9abc-3f8f-4561-9917-cda982ad8ac5|rpc:10.1.0.249:43563|priority:0, b1188ba9-7404-4c69-a541-42ff8694cd3e|rpc:10.1.0.249:39649|priority:0], old=null
]]></system-out>
  </testcase>
  <testcase name="testRenameToDifferentBucket" classname="TestRootedOzoneFileSystemWithFSO" time="0.042">
    <system-out><![CDATA[2022-10-06 01:04:11,434 [Time-limited test] INFO  rpc.RpcClient (RpcClient.java:createVolume(471)) - Creating Volume: volume83930, with user81195 as owner and space quota set to -1 bytes, counts quota set to -1
2022-10-06 01:04:11,436 [OM StateMachine ApplyTransaction Thread - 0] INFO  volume.OMVolumeCreateRequest (OMVolumeCreateRequest.java:validateAndUpdateCache(195)) - created volume:volume83930 for user:user81195
2022-10-06 01:04:11,438 [Time-limited test] INFO  rpc.RpcClient (RpcClient.java:createBucket(674)) - Creating Bucket: volume83930/bucket78761, with bucket layout FILE_SYSTEM_OPTIMIZED, runner as owner, Versioning false, Storage Type set to DISK and Encryption set to false 
2022-10-06 01:04:11,439 [OM StateMachine ApplyTransaction Thread - 0] INFO  bucket.OMBucketCreateRequest (OMBucketCreateRequest.java:validateAndUpdateCache(260)) - created bucket: bucket78761 of layout FILE_SYSTEM_OPTIMIZED in volume: volume83930
]]></system-out>
  </testcase>
  <testcase name="testRenameToDifferentBucket" classname="TestRootedOzoneFileSystemWithFSO" time="0.069">
    <system-out><![CDATA[2022-10-06 01:05:31,331 [Time-limited test] INFO  rpc.RpcClient (RpcClient.java:createVolume(471)) - Creating Volume: volume11563, with user83785 as owner and space quota set to -1 bytes, counts quota set to -1
2022-10-06 01:05:31,332 [IPC Server handler 9 on default port 44363] INFO  volume.OMVolumeCreateRequest (OMVolumeCreateRequest.java:validateAndUpdateCache(195)) - created volume:volume11563 for user:user83785
2022-10-06 01:05:31,332 [Time-limited test] INFO  rpc.RpcClient (RpcClient.java:createBucket(674)) - Creating Bucket: volume11563/bucket41098, with bucket layout FILE_SYSTEM_OPTIMIZED, runner as owner, Versioning false, Storage Type set to DISK and Encryption set to false 
2022-10-06 01:05:31,333 [IPC Server handler 15 on default port 44363] INFO  bucket.OMBucketCreateRequest (OMBucketCreateRequest.java:validateAndUpdateCache(260)) - created bucket: bucket41098 of layout FILE_SYSTEM_OPTIMIZED in volume: volume11563
]]></system-out>
  </testcase>
  <testcase name="testBucketDefaultsShouldBeInheritedToFileForEC" classname="TestRootedOzoneFileSystemWithFSO" time="0.428">
    <system-out><![CDATA[2022-10-06 01:04:11,476 [Time-limited test] INFO  rpc.RpcClient (RpcClient.java:createVolume(471)) - Creating Volume: volume81866, with user81979 as owner and space quota set to -1 bytes, counts quota set to -1
2022-10-06 01:04:11,478 [OM StateMachine ApplyTransaction Thread - 0] INFO  volume.OMVolumeCreateRequest (OMVolumeCreateRequest.java:validateAndUpdateCache(195)) - created volume:volume81866 for user:user81979
2022-10-06 01:04:11,479 [Time-limited test] INFO  rpc.RpcClient (RpcClient.java:createBucket(674)) - Creating Bucket: volume81866/bucket12664, with bucket layout FILE_SYSTEM_OPTIMIZED, runner as owner, Versioning false, Storage Type set to DISK and Encryption set to false 
2022-10-06 01:04:11,481 [OM StateMachine ApplyTransaction Thread - 0] INFO  bucket.OMBucketCreateRequest (OMBucketCreateRequest.java:validateAndUpdateCache(260)) - created bucket: bucket12664 of layout FILE_SYSTEM_OPTIMIZED in volume: volume81866
2022-10-06 01:04:11,498 [Time-limited test] INFO  rpc.RpcClient (RpcClient.java:createVolume(471)) - Creating Volume: 1b207959-7fa7-4ed5-b55b-f9d1c8e6b546, with user99043 as owner and space quota set to -1 bytes, counts quota set to -1
2022-10-06 01:04:11,499 [OM StateMachine ApplyTransaction Thread - 0] INFO  volume.OMVolumeCreateRequest (OMVolumeCreateRequest.java:validateAndUpdateCache(195)) - created volume:1b207959-7fa7-4ed5-b55b-f9d1c8e6b546 for user:user99043
2022-10-06 01:04:11,500 [Time-limited test] INFO  rpc.RpcClient (RpcClient.java:createBucket(674)) - Creating Bucket: 1b207959-7fa7-4ed5-b55b-f9d1c8e6b546/2e750b0d-f97a-40e7-ace7-a22d0ffb4262, with bucket layout LEGACY, runner as owner, Versioning false, Storage Type set to DISK and Encryption set to false 
2022-10-06 01:04:11,504 [OM StateMachine ApplyTransaction Thread - 0] INFO  bucket.OMBucketCreateRequest (OMBucketCreateRequest.java:validateAndUpdateCache(260)) - created bucket: 2e750b0d-f97a-40e7-ace7-a22d0ffb4262 of layout LEGACY in volume: 1b207959-7fa7-4ed5-b55b-f9d1c8e6b546
2022-10-06 01:04:11,510 [IPC Server handler 9 on default port 42963] INFO  pipeline.PipelineStateManagerImpl (PipelineStateManagerImpl.java:addPipeline(103)) - Created pipeline Pipeline[ Id: 4a859dca-6786-4d5f-b1db-bdc8b8290cf0, Nodes: 62d7347f-94d0-45cc-b868-9236a636eb61{ip: 10.1.0.249, host: fv-az399-337.4urtqdmtpd2erju50p4tzyn2ng.bx.internal.cloudapp.net, ports: [REPLICATION=38925, RATIS=41921, RATIS_ADMIN=41921, RATIS_SERVER=41921, STANDALONE=34417], networkLocation: /default-rack, certSerialId: null, persistedOpState: null, persistedOpStateExpiryEpochSec: 0}321876d2-b421-4eba-aafb-38bc2081ddf0{ip: 10.1.0.249, host: fv-az399-337.4urtqdmtpd2erju50p4tzyn2ng.bx.internal.cloudapp.net, ports: [REPLICATION=44919, RATIS=44243, RATIS_ADMIN=44243, RATIS_SERVER=44243, STANDALONE=36769], networkLocation: /default-rack, certSerialId: null, persistedOpState: null, persistedOpStateExpiryEpochSec: 0}4b23e9ad-4c3b-4e5e-a325-f9b3b725a9ac{ip: 10.1.0.249, host: fv-az399-337.4urtqdmtpd2erju50p4tzyn2ng.bx.internal.cloudapp.net, ports: [REPLICATION=36061, RATIS=34691, RATIS_ADMIN=34691, RATIS_SERVER=34691, STANDALONE=43161], networkLocation: /default-rack, certSerialId: null, persistedOpState: null, persistedOpStateExpiryEpochSec: 0}326c038e-632d-4c6b-af42-d1fe452b3912{ip: 10.1.0.249, host: fv-az399-337.4urtqdmtpd2erju50p4tzyn2ng.bx.internal.cloudapp.net, ports: [REPLICATION=45493, RATIS=42785, RATIS_ADMIN=42785, RATIS_SERVER=42785, STANDALONE=44145], networkLocation: /default-rack, certSerialId: null, persistedOpState: null, persistedOpStateExpiryEpochSec: 0}68d8656a-d62a-40ab-a15f-69e804ac0718{ip: 10.1.0.249, host: fv-az399-337.4urtqdmtpd2erju50p4tzyn2ng.bx.internal.cloudapp.net, ports: [REPLICATION=37929, RATIS=40209, RATIS_ADMIN=40209, RATIS_SERVER=40209, STANDALONE=39041], networkLocation: /default-rack, certSerialId: null, persistedOpState: null, persistedOpStateExpiryEpochSec: 0}, ReplicationConfig: EC/ECReplicationConfig{data=3, parity=2, ecChunkSize=1024, codec=rs}, State:ALLOCATED, leaderId:, CreationTimestamp2022-10-06T01:04:11.509Z[Etc/UTC]].
2022-10-06 01:04:11,510 [IPC Server handler 9 on default port 42963] INFO  pipeline.PipelineManagerImpl (PipelineManagerImpl.java:openPipeline(367)) - Pipeline Pipeline[ Id: 4a859dca-6786-4d5f-b1db-bdc8b8290cf0, Nodes: 62d7347f-94d0-45cc-b868-9236a636eb61{ip: 10.1.0.249, host: fv-az399-337.4urtqdmtpd2erju50p4tzyn2ng.bx.internal.cloudapp.net, ports: [REPLICATION=38925, RATIS=41921, RATIS_ADMIN=41921, RATIS_SERVER=41921, STANDALONE=34417], networkLocation: /default-rack, certSerialId: null, persistedOpState: null, persistedOpStateExpiryEpochSec: 0}321876d2-b421-4eba-aafb-38bc2081ddf0{ip: 10.1.0.249, host: fv-az399-337.4urtqdmtpd2erju50p4tzyn2ng.bx.internal.cloudapp.net, ports: [REPLICATION=44919, RATIS=44243, RATIS_ADMIN=44243, RATIS_SERVER=44243, STANDALONE=36769], networkLocation: /default-rack, certSerialId: null, persistedOpState: null, persistedOpStateExpiryEpochSec: 0}4b23e9ad-4c3b-4e5e-a325-f9b3b725a9ac{ip: 10.1.0.249, host: fv-az399-337.4urtqdmtpd2erju50p4tzyn2ng.bx.internal.cloudapp.net, ports: [REPLICATION=36061, RATIS=34691, RATIS_ADMIN=34691, RATIS_SERVER=34691, STANDALONE=43161], networkLocation: /default-rack, certSerialId: null, persistedOpState: null, persistedOpStateExpiryEpochSec: 0}326c038e-632d-4c6b-af42-d1fe452b3912{ip: 10.1.0.249, host: fv-az399-337.4urtqdmtpd2erju50p4tzyn2ng.bx.internal.cloudapp.net, ports: [REPLICATION=45493, RATIS=42785, RATIS_ADMIN=42785, RATIS_SERVER=42785, STANDALONE=44145], networkLocation: /default-rack, certSerialId: null, persistedOpState: null, persistedOpStateExpiryEpochSec: 0}68d8656a-d62a-40ab-a15f-69e804ac0718{ip: 10.1.0.249, host: fv-az399-337.4urtqdmtpd2erju50p4tzyn2ng.bx.internal.cloudapp.net, ports: [REPLICATION=37929, RATIS=40209, RATIS_ADMIN=40209, RATIS_SERVER=40209, STANDALONE=39041], networkLocation: /default-rack, certSerialId: null, persistedOpState: null, persistedOpStateExpiryEpochSec: 0}, ReplicationConfig: EC/ECReplicationConfig{data=3, parity=2, ecChunkSize=1024, codec=rs}, State:ALLOCATED, leaderId:, CreationTimestamp2022-10-06T01:04:11.509Z[Etc/UTC]] moved to OPEN state
2022-10-06 01:04:11,554 [Time-limited test] WARN  erasurecode.ErasureCodeNative (ErasureCodeNative.java:<clinit>(55)) - ISA-L support is not available in your platform... using builtin-java codec where applicable
]]></system-out>
  </testcase>
  <testcase name="testBucketDefaultsShouldBeInheritedToFileForEC" classname="TestRootedOzoneFileSystemWithFSO" time="0.631">
    <system-out><![CDATA[2022-10-06 01:05:31,392 [Time-limited test] INFO  rpc.RpcClient (RpcClient.java:createVolume(471)) - Creating Volume: volume08231, with user47325 as owner and space quota set to -1 bytes, counts quota set to -1
2022-10-06 01:05:31,392 [IPC Server handler 17 on default port 44363] INFO  volume.OMVolumeCreateRequest (OMVolumeCreateRequest.java:validateAndUpdateCache(195)) - created volume:volume08231 for user:user47325
2022-10-06 01:05:31,393 [Time-limited test] INFO  rpc.RpcClient (RpcClient.java:createBucket(674)) - Creating Bucket: volume08231/bucket74007, with bucket layout FILE_SYSTEM_OPTIMIZED, runner as owner, Versioning false, Storage Type set to DISK and Encryption set to false 
2022-10-06 01:05:31,393 [IPC Server handler 9 on default port 44363] INFO  bucket.OMBucketCreateRequest (OMBucketCreateRequest.java:validateAndUpdateCache(260)) - created bucket: bucket74007 of layout FILE_SYSTEM_OPTIMIZED in volume: volume08231
2022-10-06 01:05:31,441 [Time-limited test] INFO  rpc.RpcClient (RpcClient.java:createVolume(471)) - Creating Volume: d2be89e2-9da9-41de-ac2d-6bc92f99400f, with user38362 as owner and space quota set to -1 bytes, counts quota set to -1
2022-10-06 01:05:31,442 [IPC Server handler 18 on default port 44363] INFO  volume.OMVolumeCreateRequest (OMVolumeCreateRequest.java:validateAndUpdateCache(195)) - created volume:d2be89e2-9da9-41de-ac2d-6bc92f99400f for user:user38362
2022-10-06 01:05:31,443 [Time-limited test] INFO  rpc.RpcClient (RpcClient.java:createBucket(674)) - Creating Bucket: d2be89e2-9da9-41de-ac2d-6bc92f99400f/4e33e123-7950-4a14-8230-a37ddf1a14a2, with bucket layout LEGACY, runner as owner, Versioning false, Storage Type set to DISK and Encryption set to false 
2022-10-06 01:05:31,443 [IPC Server handler 7 on default port 44363] INFO  bucket.OMBucketCreateRequest (OMBucketCreateRequest.java:validateAndUpdateCache(260)) - created bucket: 4e33e123-7950-4a14-8230-a37ddf1a14a2 of layout LEGACY in volume: d2be89e2-9da9-41de-ac2d-6bc92f99400f
2022-10-06 01:05:31,449 [IPC Server handler 10 on default port 40029] INFO  pipeline.PipelineStateManagerImpl (PipelineStateManagerImpl.java:addPipeline(103)) - Created pipeline Pipeline[ Id: ad135064-c224-45c2-8b58-189b88a15902, Nodes: 92ca9abc-3f8f-4561-9917-cda982ad8ac5{ip: 10.1.0.249, host: fv-az399-337.4urtqdmtpd2erju50p4tzyn2ng.bx.internal.cloudapp.net, ports: [REPLICATION=33367, RATIS=43563, RATIS_ADMIN=43563, RATIS_SERVER=43563, STANDALONE=46775], networkLocation: /default-rack, certSerialId: null, persistedOpState: null, persistedOpStateExpiryEpochSec: 0}23a5c7c7-a279-444f-ae9a-ea80730ba37f{ip: 10.1.0.249, host: fv-az399-337.4urtqdmtpd2erju50p4tzyn2ng.bx.internal.cloudapp.net, ports: [REPLICATION=45603, RATIS=46507, RATIS_ADMIN=46507, RATIS_SERVER=46507, STANDALONE=43267], networkLocation: /default-rack, certSerialId: null, persistedOpState: null, persistedOpStateExpiryEpochSec: 0}b1188ba9-7404-4c69-a541-42ff8694cd3e{ip: 10.1.0.249, host: fv-az399-337.4urtqdmtpd2erju50p4tzyn2ng.bx.internal.cloudapp.net, ports: [REPLICATION=45029, RATIS=39649, RATIS_ADMIN=39649, RATIS_SERVER=39649, STANDALONE=45591], networkLocation: /default-rack, certSerialId: null, persistedOpState: null, persistedOpStateExpiryEpochSec: 0}3c467811-f56a-4e44-8833-8c580925f27b{ip: 10.1.0.249, host: fv-az399-337.4urtqdmtpd2erju50p4tzyn2ng.bx.internal.cloudapp.net, ports: [REPLICATION=42353, RATIS=40965, RATIS_ADMIN=40965, RATIS_SERVER=40965, STANDALONE=38317], networkLocation: /default-rack, certSerialId: null, persistedOpState: null, persistedOpStateExpiryEpochSec: 0}9790ca2c-57a1-4a77-b27d-b43f70ab9145{ip: 10.1.0.249, host: fv-az399-337.4urtqdmtpd2erju50p4tzyn2ng.bx.internal.cloudapp.net, ports: [REPLICATION=35785, RATIS=34209, RATIS_ADMIN=34209, RATIS_SERVER=34209, STANDALONE=35735], networkLocation: /default-rack, certSerialId: null, persistedOpState: null, persistedOpStateExpiryEpochSec: 0}, ReplicationConfig: EC/ECReplicationConfig{data=3, parity=2, ecChunkSize=1024, codec=rs}, State:ALLOCATED, leaderId:, CreationTimestamp2022-10-06T01:05:31.445Z[Etc/UTC]].
2022-10-06 01:05:31,450 [IPC Server handler 10 on default port 40029] INFO  pipeline.PipelineManagerImpl (PipelineManagerImpl.java:openPipeline(367)) - Pipeline Pipeline[ Id: ad135064-c224-45c2-8b58-189b88a15902, Nodes: 92ca9abc-3f8f-4561-9917-cda982ad8ac5{ip: 10.1.0.249, host: fv-az399-337.4urtqdmtpd2erju50p4tzyn2ng.bx.internal.cloudapp.net, ports: [REPLICATION=33367, RATIS=43563, RATIS_ADMIN=43563, RATIS_SERVER=43563, STANDALONE=46775], networkLocation: /default-rack, certSerialId: null, persistedOpState: null, persistedOpStateExpiryEpochSec: 0}23a5c7c7-a279-444f-ae9a-ea80730ba37f{ip: 10.1.0.249, host: fv-az399-337.4urtqdmtpd2erju50p4tzyn2ng.bx.internal.cloudapp.net, ports: [REPLICATION=45603, RATIS=46507, RATIS_ADMIN=46507, RATIS_SERVER=46507, STANDALONE=43267], networkLocation: /default-rack, certSerialId: null, persistedOpState: null, persistedOpStateExpiryEpochSec: 0}b1188ba9-7404-4c69-a541-42ff8694cd3e{ip: 10.1.0.249, host: fv-az399-337.4urtqdmtpd2erju50p4tzyn2ng.bx.internal.cloudapp.net, ports: [REPLICATION=45029, RATIS=39649, RATIS_ADMIN=39649, RATIS_SERVER=39649, STANDALONE=45591], networkLocation: /default-rack, certSerialId: null, persistedOpState: null, persistedOpStateExpiryEpochSec: 0}3c467811-f56a-4e44-8833-8c580925f27b{ip: 10.1.0.249, host: fv-az399-337.4urtqdmtpd2erju50p4tzyn2ng.bx.internal.cloudapp.net, ports: [REPLICATION=42353, RATIS=40965, RATIS_ADMIN=40965, RATIS_SERVER=40965, STANDALONE=38317], networkLocation: /default-rack, certSerialId: null, persistedOpState: null, persistedOpStateExpiryEpochSec: 0}9790ca2c-57a1-4a77-b27d-b43f70ab9145{ip: 10.1.0.249, host: fv-az399-337.4urtqdmtpd2erju50p4tzyn2ng.bx.internal.cloudapp.net, ports: [REPLICATION=35785, RATIS=34209, RATIS_ADMIN=34209, RATIS_SERVER=34209, STANDALONE=35735], networkLocation: /default-rack, certSerialId: null, persistedOpState: null, persistedOpStateExpiryEpochSec: 0}, ReplicationConfig: EC/ECReplicationConfig{data=3, parity=2, ecChunkSize=1024, codec=rs}, State:ALLOCATED, leaderId:, CreationTimestamp2022-10-06T01:05:31.445Z[Etc/UTC]] moved to OPEN state
]]></system-out>
  </testcase>
  <testcase name="testListStatusInBucket" classname="TestRootedOzoneFileSystemWithFSO" time="0.038">
    <system-out><![CDATA[2022-10-06 01:04:11,898 [Time-limited test] INFO  rpc.RpcClient (RpcClient.java:createVolume(471)) - Creating Volume: volume80368, with user80485 as owner and space quota set to -1 bytes, counts quota set to -1
2022-10-06 01:04:11,900 [OM StateMachine ApplyTransaction Thread - 0] INFO  volume.OMVolumeCreateRequest (OMVolumeCreateRequest.java:validateAndUpdateCache(195)) - created volume:volume80368 for user:user80485
2022-10-06 01:04:11,901 [Time-limited test] INFO  rpc.RpcClient (RpcClient.java:createBucket(674)) - Creating Bucket: volume80368/bucket14374, with bucket layout FILE_SYSTEM_OPTIMIZED, runner as owner, Versioning false, Storage Type set to DISK and Encryption set to false 
2022-10-06 01:04:11,902 [OM StateMachine ApplyTransaction Thread - 0] INFO  bucket.OMBucketCreateRequest (OMBucketCreateRequest.java:validateAndUpdateCache(260)) - created bucket: bucket14374 of layout FILE_SYSTEM_OPTIMIZED in volume: volume80368
]]></system-out>
  </testcase>
  <testcase name="testListStatusInBucket" classname="TestRootedOzoneFileSystemWithFSO" time="0.044">
    <system-out><![CDATA[2022-10-06 01:05:32,003 [Time-limited test] INFO  rpc.RpcClient (RpcClient.java:createVolume(471)) - Creating Volume: volume71413, with user05802 as owner and space quota set to -1 bytes, counts quota set to -1
2022-10-06 01:05:32,004 [IPC Server handler 2 on default port 44363] INFO  volume.OMVolumeCreateRequest (OMVolumeCreateRequest.java:validateAndUpdateCache(195)) - created volume:volume71413 for user:user05802
2022-10-06 01:05:32,004 [Time-limited test] INFO  rpc.RpcClient (RpcClient.java:createBucket(674)) - Creating Bucket: volume71413/bucket43340, with bucket layout FILE_SYSTEM_OPTIMIZED, runner as owner, Versioning false, Storage Type set to DISK and Encryption set to false 
2022-10-06 01:05:32,005 [IPC Server handler 0 on default port 44363] INFO  bucket.OMBucketCreateRequest (OMBucketCreateRequest.java:validateAndUpdateCache(260)) - created bucket: bucket43340 of layout FILE_SYSTEM_OPTIMIZED in volume: volume71413
]]></system-out>
  </testcase>
  <testcase name="testRenameFileToDir" classname="TestRootedOzoneFileSystemWithFSO" time="0.038">
    <system-out><![CDATA[2022-10-06 01:04:11,937 [Time-limited test] INFO  rpc.RpcClient (RpcClient.java:createVolume(471)) - Creating Volume: volume94418, with user64709 as owner and space quota set to -1 bytes, counts quota set to -1
2022-10-06 01:04:11,938 [OM StateMachine ApplyTransaction Thread - 0] INFO  volume.OMVolumeCreateRequest (OMVolumeCreateRequest.java:validateAndUpdateCache(195)) - created volume:volume94418 for user:user64709
2022-10-06 01:04:11,940 [Time-limited test] INFO  rpc.RpcClient (RpcClient.java:createBucket(674)) - Creating Bucket: volume94418/bucket92038, with bucket layout FILE_SYSTEM_OPTIMIZED, runner as owner, Versioning false, Storage Type set to DISK and Encryption set to false 
2022-10-06 01:04:11,941 [OM StateMachine ApplyTransaction Thread - 0] INFO  bucket.OMBucketCreateRequest (OMBucketCreateRequest.java:validateAndUpdateCache(260)) - created bucket: bucket92038 of layout FILE_SYSTEM_OPTIMIZED in volume: volume94418
]]></system-out>
  </testcase>
  <testcase name="testRenameFileToDir" classname="TestRootedOzoneFileSystemWithFSO" time="0.082">
    <system-out><![CDATA[2022-10-06 01:05:32,078 [Time-limited test] INFO  rpc.RpcClient (RpcClient.java:createVolume(471)) - Creating Volume: volume51643, with user81397 as owner and space quota set to -1 bytes, counts quota set to -1
2022-10-06 01:05:32,079 [IPC Server handler 4 on default port 44363] INFO  volume.OMVolumeCreateRequest (OMVolumeCreateRequest.java:validateAndUpdateCache(195)) - created volume:volume51643 for user:user81397
2022-10-06 01:05:32,079 [Time-limited test] INFO  rpc.RpcClient (RpcClient.java:createBucket(674)) - Creating Bucket: volume51643/bucket08627, with bucket layout FILE_SYSTEM_OPTIMIZED, runner as owner, Versioning false, Storage Type set to DISK and Encryption set to false 
2022-10-06 01:05:32,080 [IPC Server handler 2 on default port 44363] INFO  bucket.OMBucketCreateRequest (OMBucketCreateRequest.java:validateAndUpdateCache(260)) - created bucket: bucket08627 of layout FILE_SYSTEM_OPTIMIZED in volume: volume51643
]]></system-out>
  </testcase>
</testsuite>